      0: system.cpu: T0 : 0x10348    : jal ra, 46                 : IntAlu :  D=0x000000000001034c
   1000: system.cpu: T0 : 0x10376    : auipc gp, 99               : IntAlu :  D=0x0000000000073376
   2000: system.cpu: T0 : 0x1037a    : addi gp, gp, -70           : IntAlu :  D=0x0000000000073330
   2500: system.cpu: T0 : 0x1037e    : c_jr ra                    : IntAlu : 
   3000: system.cpu: T0 : 0x1034c    : c_mv a5, a0                : IntAlu :  D=0x0000000000000000
   4000: system.cpu: T0 : 0x1034e    : auipc a0, 2                : IntAlu :  D=0x000000000001234e
   5000: system.cpu: T0 : 0x10352    : addi a0, a0, 1924          : IntAlu :  D=0x0000000000012ad2
   5500: system.cpu: T0 : 0x10356    : c_ldsp a1, 0(sp)           : MemRead :  D=0x0000000000000001 A=0x7fffffffffffff30
   6000: system.cpu: T0 : 0x10358    : c_addi4spn a2, sp, 8       : IntAlu :  D=0x7fffffffffffff38
   7000: system.cpu: T0 : 0x1035a    : andi sp, sp, 18446744073709551600 : IntAlu :  D=0x7fffffffffffff30
   8000: system.cpu: T0 : 0x1035e    : auipc a3, 3                : IntAlu :  D=0x000000000001335e
   9000: system.cpu: T0 : 0x10362    : addi a3, a3, -928          : IntAlu :  D=0x0000000000012fbe
  10000: system.cpu: T0 : 0x10366    : auipc a4, 3                : IntAlu :  D=0x0000000000013366
  11000: system.cpu: T0 : 0x1036a    : addi a4, a4, -792          : IntAlu :  D=0x000000000001304e
  11500: system.cpu: T0 : 0x1036e    : c_mv a6, sp                : IntAlu :  D=0x7fffffffffffff30
  12000: system.cpu: T0 : 0x10370    : jal ra, 10114              : IntAlu :  D=0x0000000000010374
  12500: system.cpu: T0 : 0x12af2    : c_addi16sp sp, -320        : IntAlu :  D=0x7ffffffffffffdf0
  13000: system.cpu: T0 : 0x12af4    : c_sdsp s0, 304(sp)         : MemWrite :  D=0x0000000000000000 A=0x7fffffffffffff20
  13500: system.cpu: T0 : 0x12af6    : c_sdsp s1, 296(sp)         : MemWrite :  D=0x0000000000000000 A=0x7fffffffffffff18
  14000: system.cpu: T0 : 0x12af8    : c_sdsp s2, 288(sp)         : MemWrite :  D=0x0000000000000000 A=0x7fffffffffffff10
  14500: system.cpu: T0 : 0x12afa    : c_sdsp a2, 16(sp)          : MemWrite :  D=0x7fffffffffffff38 A=0x7ffffffffffffe00
  15000: system.cpu: T0 : 0x12afc    : c_sdsp ra, 312(sp)         : MemWrite :  D=0x0000000000010374 A=0x7fffffffffffff28
  16000: system.cpu: T0 : 0x12afe    : addi t1, zero, 0           : IntAlu :  D=0x0000000000000000
  16500: system.cpu: T0 : 0x12b02    : c_sdsp a0, 24(sp)          : MemWrite :  D=0x0000000000012ad2 A=0x7ffffffffffffe08
  17000: system.cpu: T0 : 0x12b04    : c_sdsp a1, 8(sp)           : MemWrite :  D=0x0000000000000001 A=0x7ffffffffffffdf8
  17500: system.cpu: T0 : 0x12b06    : c_mv s0, a3                : IntAlu :  D=0x0000000000012fbe
  18000: system.cpu: T0 : 0x12b08    : c_mv s1, a4                : IntAlu :  D=0x000000000001304e
  18500: system.cpu: T0 : 0x12b0a    : c_mv s2, a5                : IntAlu :  D=0x0000000000000000
  19000: system.cpu: T0 : 0x12b0c    : c_li a2, 0                 : IntAlu :  D=0x0000000000000000
  20000: system.cpu: T0 : 0x12b0e    : beq t1, zero, 12           : IntAlu : 
  20500: system.cpu: T0 : 0x12b1a    : c_ldsp a5, 8(sp)           : MemRead :  D=0x0000000000000001 A=0x7ffffffffffffdf8
  21000: system.cpu: T0 : 0x12b1c    : addi a0, a5, 1             : IntAlu :  D=0x0000000000000002
  21500: system.cpu: T0 : 0x12b20    : c_ldsp a5, 16(sp)          : MemRead :  D=0x7fffffffffffff38 A=0x7ffffffffffffe00
  22000: system.cpu: T0 : 0x12b22    : c_slli a0, 3               : IntAlu :  D=0x0000000000000010
  22500: system.cpu: T0 : 0x12b24    : c_add a0, a5               : IntAlu :  D=0x7fffffffffffff48
  23500: system.cpu: T0 : 0x12b26    : sw a2, -1728(gp)           : MemWrite :  D=0x0000000000000000 A=0x72c70
  24500: system.cpu: T0 : 0x12b2a    : sd a0, -1360(gp)           : MemWrite :  D=0x7fffffffffffff48 A=0x72de0
  25500: system.cpu: T0 : 0x12b2e    : lui a5, 113                : IntAlu :  D=0x0000000000071000
  26500: system.cpu: T0 : 0x12b32    : sd a6, -80(a5)             : MemWrite :  D=0x7fffffffffffff30 A=0x70fb0
  27000: system.cpu: T0 : 0x12b36    : c_ld a2, 0(a0)             : MemRead :  D=0x0000000000000000 A=0x7fffffffffffff48
  27500: system.cpu: T0 : 0x12b38    : c_addi a0, 8               : IntAlu :  D=0x7fffffffffffff50
  28000: system.cpu: T0 : 0x12b3a    : c_bnez a2, -4              : IntAlu : 
  28500: system.cpu: T0 : 0x12b3c    : jal ra, 72984              : IntAlu :  D=0x0000000000012b40
  29000: system.cpu: T0 : 0x24854    : c_ld a5, 0(a0)             : MemRead :  D=0x0000000000000009 A=0x7fffffffffffff50
  30000: system.cpu: T0 : 0x24856    : lui a4, 116                : IntAlu :  D=0x0000000000074000
  31000: system.cpu: T0 : 0x2485a    : sd a0, 624(a4)             : MemWrite :  D=0x7fffffffffffff50 A=0x74270
  32000: system.cpu: T0 : 0x2485e    : beq a5, zero, 618          : IntAlu : 
  32500: system.cpu: T0 : 0x24862    : c_addi16sp sp, -224        : IntAlu :  D=0x7ffffffffffffd10
  33000: system.cpu: T0 : 0x24864    : c_sdsp s1, 208(sp)         : MemWrite :  D=0x000000000001304e A=0x7ffffffffffffde0
  34000: system.cpu: T0 : 0x24866    : lui s1, 116                : IntAlu :  D=0x0000000000074000
  35000: system.cpu: T0 : 0x2486a    : ld a4, 696(s1)             : MemRead :  D=0x0000000000000000 A=0x742b8
  35500: system.cpu: T0 : 0x2486e    : c_sdsp s3, 192(sp)         : MemWrite :  D=0x0000000000000000 A=0x7ffffffffffffdd0
  36000: system.cpu: T0 : 0x24870    : c_sdsp a4, 64(sp)          : MemWrite :  D=0x0000000000000000 A=0x7ffffffffffffd50
  37000: system.cpu: T0 : 0x24872    : ld a4, -1336(gp)           : MemRead :  D=0x0000000000000000 A=0x72df8
  38000: system.cpu: T0 : 0x24876    : lui a6, 113                : IntAlu :  D=0x0000000000071000
  39000: system.cpu: T0 : 0x2487a    : addi a6, a6, -128          : IntAlu :  D=0x0000000000070f80
  39500: system.cpu: T0 : 0x2487e    : c_sdsp a4, 32(sp)          : MemWrite :  D=0x0000000000000000 A=0x7ffffffffffffd30
  40000: system.cpu: T0 : 0x24880    : ld a4, 0(a6)               : MemRead :  D=0x0000000000000000 A=0x70f80
  40500: system.cpu: T0 : 0x24884    : lui t3, 113                : IntAlu :  D=0x0000000000071000
  41000: system.cpu: T0 : 0x24888    : lui t1, 116                : IntAlu :  D=0x0000000000074000
  41500: system.cpu: T0 : 0x2488c    : c_sdsp a4, 104(sp)         : MemWrite :  D=0x0000000000000000 A=0x7ffffffffffffd78
  42500: system.cpu: T0 : 0x2488e    : lw a4, -72(t3)             : MemRead :  D=0x0000000000000001 A=0x70fb8
  43000: system.cpu: T0 : 0x24892    : c_sdsp s2, 200(sp)         : MemWrite :  D=0x0000000000000000 A=0x7ffffffffffffdd8
  43500: system.cpu: T0 : 0x24894    : c_sdsp a4, 80(sp)          : MemWrite :  D=0x0000000000000001 A=0x7ffffffffffffd60
  44500: system.cpu: T0 : 0x24896    : lw a4, 768(t1)             : MemRead :  D=0x0000000000000000 A=0x74300
  45000: system.cpu: T0 : 0x2489a    : c_sdsp s4, 184(sp)         : MemWrite :  D=0x0000000000000000 A=0x7ffffffffffffdc8
  45500: system.cpu: T0 : 0x2489c    : c_sdsp a4, 96(sp)          : MemWrite :  D=0x0000000000000000 A=0x7ffffffffffffd70
  46500: system.cpu: T0 : 0x2489e    : lw a4, -1344(gp)           : MemRead :  D=0x0000000000000000 A=0x72df0
  47000: system.cpu: T0 : 0x248a2    : c_sdsp s0, 216(sp)         : MemWrite :  D=0x0000000000012fbe A=0x7ffffffffffffde8
  47500: system.cpu: T0 : 0x248a4    : lui s0, 116                : IntAlu :  D=0x0000000000074000
  48000: system.cpu: T0 : 0x248a8    : c_sdsp a4, 48(sp)          : MemWrite :  D=0x0000000000000000 A=0x7ffffffffffffd40
  49000: system.cpu: T0 : 0x248aa    : ld a4, -1328(gp)           : MemRead :  D=0x0000000000000000 A=0x72e00
  50000: system.cpu: T0 : 0x248ae    : lui t6, 116                : IntAlu :  D=0x0000000000074000
  50500: system.cpu: T0 : 0x248b2    : c_sdsp a4, 24(sp)          : MemWrite :  D=0x0000000000000000 A=0x7ffffffffffffd28
  51000: system.cpu: T0 : 0x248b4    : ld a4, 632(s0)             : MemRead :  D=0x0000000000000000 A=0x74278
  51500: system.cpu: T0 : 0x248b8    : lui t2, 116                : IntAlu :  D=0x0000000000074000
  52000: system.cpu: T0 : 0x248bc    : lui t0, 116                : IntAlu :  D=0x0000000000074000
  52500: system.cpu: T0 : 0x248c0    : c_sdsp a4, 8(sp)           : MemWrite :  D=0x0000000000000000 A=0x7ffffffffffffd18
  53500: system.cpu: T0 : 0x248c2    : ld a4, -1784(gp)           : MemRead :  D=0x0000000000001000 A=0x72c38
  54500: system.cpu: T0 : 0x248c6    : lui a3, 82                 : IntAlu :  D=0x0000000000052000
  55000: system.cpu: T0 : 0x248ca    : c_sdsp s5, 176(sp)         : MemWrite :  D=0x0000000000000000 A=0x7ffffffffffffdc0
  55500: system.cpu: T0 : 0x248cc    : c_sdsp s6, 168(sp)         : MemWrite :  D=0x0000000000000000 A=0x7ffffffffffffdb8
  56000: system.cpu: T0 : 0x248ce    : c_sdsp s7, 160(sp)         : MemWrite :  D=0x0000000000000000 A=0x7ffffffffffffdb0
  56500: system.cpu: T0 : 0x248d0    : c_sdsp s8, 152(sp)         : MemWrite :  D=0x0000000000000000 A=0x7ffffffffffffda8
  57000: system.cpu: T0 : 0x248d2    : c_sdsp s10, 136(sp)        : MemWrite :  D=0x0000000000000000 A=0x7ffffffffffffd98
  57500: system.cpu: T0 : 0x248d4    : c_sdsp s11, 128(sp)        : MemWrite :  D=0x0000000000000000 A=0x7ffffffffffffd90
  58000: system.cpu: T0 : 0x248d6    : c_sdsp a4, 120(sp)         : MemWrite :  D=0x0000000000001000 A=0x7ffffffffffffd88
  58500: system.cpu: T0 : 0x248d8    : lw s7, 688(t6)             : MemRead :  D=0x0000000000000000 A=0x742b0
  59000: system.cpu: T0 : 0x248dc    : ld s11, 720(t2)            : MemRead :  D=0x0000000000000000 A=0x742d0
  59500: system.cpu: T0 : 0x248e0    : c_sdsp s9, 144(sp)         : MemWrite :  D=0x0000000000000000 A=0x7ffffffffffffda0
  60000: system.cpu: T0 : 0x248e2    : c_li s10, 0                : IntAlu :  D=0x0000000000000000
  60500: system.cpu: T0 : 0x248e4    : ld s9, 664(t0)             : MemRead :  D=0x0000000000000000 A=0x74298
  61000: system.cpu: T0 : 0x248e8    : c_li s8, 0                 : IntAlu :  D=0x0000000000000000
  61500: system.cpu: T0 : 0x248ea    : c_sdsp zero, 112(sp)       : MemWrite :  D=0x0000000000000000 A=0x7ffffffffffffd80
  62000: system.cpu: T0 : 0x248ec    : c_sdsp zero, 88(sp)        : MemWrite :  D=0x0000000000000000 A=0x7ffffffffffffd68
  62500: system.cpu: T0 : 0x248ee    : c_sdsp zero, 72(sp)        : MemWrite :  D=0x0000000000000000 A=0x7ffffffffffffd58
  63000: system.cpu: T0 : 0x248f0    : c_sdsp zero, 56(sp)        : MemWrite :  D=0x0000000000000000 A=0x7ffffffffffffd48
  63500: system.cpu: T0 : 0x248f2    : c_sdsp zero, 40(sp)        : MemWrite :  D=0x0000000000000000 A=0x7ffffffffffffd38
  64000: system.cpu: T0 : 0x248f4    : c_sdsp zero, 16(sp)        : MemWrite :  D=0x0000000000000000 A=0x7ffffffffffffd20
  64500: system.cpu: T0 : 0x248f6    : c_li s6, 0                 : IntAlu :  D=0x0000000000000000
  65000: system.cpu: T0 : 0x248f8    : c_li s5, 0                 : IntAlu :  D=0x0000000000000000
  65500: system.cpu: T0 : 0x248fa    : c_li t5, 0                 : IntAlu :  D=0x0000000000000000
  66000: system.cpu: T0 : 0x248fc    : c_li a7, 0                 : IntAlu :  D=0x0000000000000000
  66500: system.cpu: T0 : 0x248fe    : c_li a1, 0                 : IntAlu :  D=0x0000000000000000
  67000: system.cpu: T0 : 0x24900    : c_li a2, 0                 : IntAlu :  D=0x0000000000000000
  67500: system.cpu: T0 : 0x24902    : c_li a4, 30                : IntAlu :  D=0x000000000000001e
  68000: system.cpu: T0 : 0x24904    : addi a3, a3, 416           : IntAlu :  D=0x00000000000521a0
  68500: system.cpu: T0 : 0x24908    : c_addi a5, -3              : IntAlu :  D=0x0000000000000006
  69500: system.cpu: T0 : 0x2490a    : bltu a4, a5, 20            : IntAlu : 
  70000: system.cpu: T0 : 0x2490e    : c_slli a5, 2               : IntAlu :  D=0x0000000000000018
  70500: system.cpu: T0 : 0x24910    : c_add a5, a3               : IntAlu :  D=0x00000000000521b8
  71000: system.cpu: T0 : 0x24912    : c_lw a5, 0(a5)             : MemRead :  D=0x000000000002491e A=0x521b8
  71500: system.cpu: T0 : 0x24914    : c_jr a5                    : IntAlu : 
  72000: system.cpu: T0 : 0x2491e    : c_ld a5, 16(a0)            : MemRead :  D=0x0000000000000005 A=0x7fffffffffffff60
  72500: system.cpu: T0 : 0x24920    : c_addi a0, 16              : IntAlu :  D=0x7fffffffffffff60
  73000: system.cpu: T0 : 0x24922    : c_bnez a5, -26             : IntAlu : 
  73500: system.cpu: T0 : 0x24908    : c_addi a5, -3              : IntAlu :  D=0x0000000000000002
  74500: system.cpu: T0 : 0x2490a    : bltu a4, a5, 20            : IntAlu : 
  75000: system.cpu: T0 : 0x2490e    : c_slli a5, 2               : IntAlu :  D=0x0000000000000008
  75500: system.cpu: T0 : 0x24910    : c_add a5, a3               : IntAlu :  D=0x00000000000521a8
  76000: system.cpu: T0 : 0x24912    : c_lw a5, 0(a5)             : MemRead :  D=0x0000000000024a9c A=0x521a8
  76500: system.cpu: T0 : 0x24914    : c_jr a5                    : IntAlu : 
  77000: system.cpu: T0 : 0x24a9c    : c_ld a5, 16(a0)            : MemRead :  D=0x0000000000000004 A=0x7fffffffffffff70
  78000: system.cpu: T0 : 0x24a9e    : ld s11, 8(a0)              : MemRead :  D=0x0000000000000006 A=0x7fffffffffffff68
  78500: system.cpu: T0 : 0x24aa2    : c_li s8, 1                 : IntAlu :  D=0x0000000000000001
  79000: system.cpu: T0 : 0x24aa4    : c_addi a0, 16              : IntAlu :  D=0x7fffffffffffff70
  80000: system.cpu: T0 : 0x24aa6    : bne a5, zero, -414         : IntAlu : 
  80500: system.cpu: T0 : 0x24908    : c_addi a5, -3              : IntAlu :  D=0x0000000000000001
  81500: system.cpu: T0 : 0x2490a    : bltu a4, a5, 20            : IntAlu : 
  82000: system.cpu: T0 : 0x2490e    : c_slli a5, 2               : IntAlu :  D=0x0000000000000004
  82500: system.cpu: T0 : 0x24910    : c_add a5, a3               : IntAlu :  D=0x00000000000521a4
  83000: system.cpu: T0 : 0x24912    : c_lw a5, 0(a5)             : MemRead :  D=0x000000000002491e A=0x521a4
  83500: system.cpu: T0 : 0x24914    : c_jr a5                    : IntAlu : 
  84000: system.cpu: T0 : 0x2491e    : c_ld a5, 16(a0)            : MemRead :  D=0x0000000000000003 A=0x7fffffffffffff80
  84500: system.cpu: T0 : 0x24920    : c_addi a0, 16              : IntAlu :  D=0x7fffffffffffff80
  85000: system.cpu: T0 : 0x24922    : c_bnez a5, -26             : IntAlu : 
  85500: system.cpu: T0 : 0x24908    : c_addi a5, -3              : IntAlu :  D=0x0000000000000000
  86500: system.cpu: T0 : 0x2490a    : bltu a4, a5, 20            : IntAlu : 
  87000: system.cpu: T0 : 0x2490e    : c_slli a5, 2               : IntAlu :  D=0x0000000000000000
  87500: system.cpu: T0 : 0x24910    : c_add a5, a3               : IntAlu :  D=0x00000000000521a0
  88000: system.cpu: T0 : 0x24912    : c_lw a5, 0(a5)             : MemRead :  D=0x0000000000024aac A=0x521a0
  88500: system.cpu: T0 : 0x24914    : c_jr a5                    : IntAlu : 
  89000: system.cpu: T0 : 0x24aac    : c_ld a5, 16(a0)            : MemRead :  D=0x0000000000000006 A=0x7fffffffffffff90
  90000: system.cpu: T0 : 0x24aae    : ld s9, 8(a0)               : MemRead :  D=0x0000000000010040 A=0x7fffffffffffff88
  90500: system.cpu: T0 : 0x24ab2    : c_li s6, 1                 : IntAlu :  D=0x0000000000000001
  91000: system.cpu: T0 : 0x24ab4    : c_addi a0, 16              : IntAlu :  D=0x7fffffffffffff90
  92000: system.cpu: T0 : 0x24ab6    : bne a5, zero, -430         : IntAlu : 
  92500: system.cpu: T0 : 0x24908    : c_addi a5, -3              : IntAlu :  D=0x0000000000000003
  93500: system.cpu: T0 : 0x2490a    : bltu a4, a5, 20            : IntAlu : 
  94000: system.cpu: T0 : 0x2490e    : c_slli a5, 2               : IntAlu :  D=0x000000000000000c
  94500: system.cpu: T0 : 0x24910    : c_add a5, a3               : IntAlu :  D=0x00000000000521ac
  95000: system.cpu: T0 : 0x24912    : c_lw a5, 0(a5)             : MemRead :  D=0x0000000000024916 A=0x521ac
  95500: system.cpu: T0 : 0x24914    : c_jr a5                    : IntAlu : 
  96000: system.cpu: T0 : 0x24916    : c_ld a5, 8(a0)             : MemRead :  D=0x0000000000001000 A=0x7fffffffffffff98
  96500: system.cpu: T0 : 0x24918    : c_beqz a5, 6               : IntAlu : 
  97000: system.cpu: T0 : 0x2491a    : c_sdsp a5, 120(sp)         : MemWrite :  D=0x0000000000001000 A=0x7ffffffffffffd88
  97500: system.cpu: T0 : 0x2491c    : c_li t5, 1                 : IntAlu :  D=0x0000000000000001
  98000: system.cpu: T0 : 0x2491e    : c_ld a5, 16(a0)            : MemRead :  D=0x0000000000000017 A=0x7fffffffffffffa0
  98500: system.cpu: T0 : 0x24920    : c_addi a0, 16              : IntAlu :  D=0x7fffffffffffffa0
  99000: system.cpu: T0 : 0x24922    : c_bnez a5, -26             : IntAlu : 
  99500: system.cpu: T0 : 0x24908    : c_addi a5, -3              : IntAlu :  D=0x0000000000000014
 100500: system.cpu: T0 : 0x2490a    : bltu a4, a5, 20            : IntAlu : 
 101000: system.cpu: T0 : 0x2490e    : c_slli a5, 2               : IntAlu :  D=0x0000000000000050
 101500: system.cpu: T0 : 0x24910    : c_add a5, a3               : IntAlu :  D=0x00000000000521f0
 102000: system.cpu: T0 : 0x24912    : c_lw a5, 0(a5)             : MemRead :  D=0x00000000000249f0 A=0x521f0
 102500: system.cpu: T0 : 0x24914    : c_jr a5                    : IntAlu : 
 103000: system.cpu: T0 : 0x249f0    : c_lw a5, 8(a0)             : MemRead :  D=0x0000000000000000 A=0x7fffffffffffffa8
 103500: system.cpu: T0 : 0x249f2    : c_li a2, -1                : IntAlu :  D=0xffffffffffffffff
 104000: system.cpu: T0 : 0x249f4    : c_addi a0, 16              : IntAlu :  D=0x7fffffffffffffb0
 104500: system.cpu: T0 : 0x249f6    : c_sdsp a5, 80(sp)          : MemWrite :  D=0x0000000000000000 A=0x7ffffffffffffd60
 105000: system.cpu: T0 : 0x249f8    : c_li a5, 1                 : IntAlu :  D=0x0000000000000001
 105500: system.cpu: T0 : 0x249fa    : c_sdsp a5, 96(sp)          : MemWrite :  D=0x0000000000000001 A=0x7ffffffffffffd70
 106000: system.cpu: T0 : 0x249fc    : c_sdsp a5, 88(sp)          : MemWrite :  D=0x0000000000000001 A=0x7ffffffffffffd68
 106500: system.cpu: T0 : 0x249fe    : c_ld a5, 0(a0)             : MemRead :  D=0x0000000000000019 A=0x7fffffffffffffb0
 107000: system.cpu: T0 : 0x24a00    : c_bnez a5, -248            : IntAlu : 
 107500: system.cpu: T0 : 0x24908    : c_addi a5, -3              : IntAlu :  D=0x0000000000000016
 108500: system.cpu: T0 : 0x2490a    : bltu a4, a5, 20            : IntAlu : 
 109000: system.cpu: T0 : 0x2490e    : c_slli a5, 2               : IntAlu :  D=0x0000000000000058
 109500: system.cpu: T0 : 0x24910    : c_add a5, a3               : IntAlu :  D=0x00000000000521f8
 110000: system.cpu: T0 : 0x24912    : c_lw a5, 0(a5)             : MemRead :  D=0x00000000000249e0 A=0x521f8
 110500: system.cpu: T0 : 0x24914    : c_jr a5                    : IntAlu : 
 111000: system.cpu: T0 : 0x249e0    : c_ld a5, 8(a0)             : MemRead :  D=0x7fffffffffffffd8 A=0x7fffffffffffffb8
 111500: system.cpu: T0 : 0x249e2    : c_addi a0, 16              : IntAlu :  D=0x7fffffffffffffc0
 112000: system.cpu: T0 : 0x249e4    : c_sdsp a5, 104(sp)         : MemWrite :  D=0x7fffffffffffffd8 A=0x7ffffffffffffd78
 112500: system.cpu: T0 : 0x249e6    : c_li a5, 1                 : IntAlu :  D=0x0000000000000001
 113000: system.cpu: T0 : 0x249e8    : c_sdsp a5, 112(sp)         : MemWrite :  D=0x0000000000000001 A=0x7ffffffffffffd80
 113500: system.cpu: T0 : 0x249ea    : c_ld a5, 0(a0)             : MemRead :  D=0x0000000000000000 A=0x7fffffffffffffc0
 114000: system.cpu: T0 : 0x249ec    : c_bnez a5, -228            : IntAlu : 
 114500: system.cpu: T0 : 0x249ee    : c_j -202                   : IntAlu : 
 115000: system.cpu: T0 : 0x24924    : bne t5, zero, 408          : IntAlu : 
 115500: system.cpu: T0 : 0x24abc    : c_ldsp a5, 120(sp)         : MemRead :  D=0x0000000000001000 A=0x7ffffffffffffd88
 116500: system.cpu: T0 : 0x24abe    : sd a5, -1784(gp)           : MemWrite :  D=0x0000000000001000 A=0x72c38
 117500: system.cpu: T0 : 0x24ac2    : bne s5, zero, -406         : IntAlu : 
 118000: system.cpu: T0 : 0x24ac6    : c_j -406                   : IntAlu : 
 118500: system.cpu: T0 : 0x24930    : beq s6, zero, 8            : IntAlu : 
 119000: system.cpu: T0 : 0x24934    : sd s9, 664(t0)             : MemWrite :  D=0x0000000000010040 A=0x74298
 119500: system.cpu: T0 : 0x24938    : beq s8, zero, 8            : IntAlu : 
 120000: system.cpu: T0 : 0x2493c    : sd s11, 720(t2)            : MemWrite :  D=0x0000000000000006 A=0x742d0
 120500: system.cpu: T0 : 0x24940    : beq s10, zero, 10          : IntAlu : 
 121000: system.cpu: T0 : 0x2494a    : c_ldsp a5, 16(sp)          : MemRead :  D=0x0000000000000000 A=0x7ffffffffffffd20
 121500: system.cpu: T0 : 0x2494c    : c_beqz a5, 8               : IntAlu : 
 122000: system.cpu: T0 : 0x24954    : c_ldsp a5, 40(sp)          : MemRead :  D=0x0000000000000000 A=0x7ffffffffffffd38
 122500: system.cpu: T0 : 0x24956    : c_beqz a5, 8               : IntAlu : 
 123000: system.cpu: T0 : 0x2495e    : c_ldsp a5, 56(sp)          : MemRead :  D=0x0000000000000000 A=0x7ffffffffffffd48
 123500: system.cpu: T0 : 0x24960    : c_beqz a5, 8               : IntAlu : 
 124000: system.cpu: T0 : 0x24968    : c_ldsp a5, 72(sp)          : MemRead :  D=0x0000000000000000 A=0x7ffffffffffffd58
 124500: system.cpu: T0 : 0x2496a    : c_beqz a5, 8               : IntAlu : 
 125000: system.cpu: T0 : 0x24972    : c_ldsp a5, 88(sp)          : MemRead :  D=0x0000000000000001 A=0x7ffffffffffffd68
 125500: system.cpu: T0 : 0x24974    : c_beqz a5, 14              : IntAlu : 
 126000: system.cpu: T0 : 0x24976    : c_ldsp a5, 80(sp)          : MemRead :  D=0x0000000000000000 A=0x7ffffffffffffd60
 126500: system.cpu: T0 : 0x24978    : sw a5, -72(t3)             : MemWrite :  D=0x0000000000000000 A=0x70fb8
 127000: system.cpu: T0 : 0x2497c    : c_ldsp a5, 96(sp)          : MemRead :  D=0x0000000000000001 A=0x7ffffffffffffd70
 128000: system.cpu: T0 : 0x2497e    : sw a5, 768(t1)             : MemWrite :  D=0x0000000000000001 A=0x74300
 128500: system.cpu: T0 : 0x24982    : c_ldsp a5, 112(sp)         : MemRead :  D=0x0000000000000001 A=0x7ffffffffffffd80
 129000: system.cpu: T0 : 0x24984    : c_beqz a5, 8               : IntAlu : 
 129500: system.cpu: T0 : 0x24986    : c_ldsp a5, 104(sp)         : MemRead :  D=0x7fffffffffffffd8 A=0x7ffffffffffffd78
 130000: system.cpu: T0 : 0x24988    : sd a5, 0(a6)               : MemWrite :  D=0x7fffffffffffffd8 A=0x70f80
 130500: system.cpu: T0 : 0x2498c    : c_li a5, 15                : IntAlu :  D=0x000000000000000f
 131500: system.cpu: T0 : 0x2498e    : bne a2, a5, 22             : IntAlu : 
 132000: system.cpu: T0 : 0x249a4    : c_ldsp s0, 216(sp)         : MemRead :  D=0x0000000000012fbe A=0x7ffffffffffffde8
 132500: system.cpu: T0 : 0x249a6    : c_ldsp s1, 208(sp)         : MemRead :  D=0x000000000001304e A=0x7ffffffffffffde0
 133000: system.cpu: T0 : 0x249a8    : c_ldsp s2, 200(sp)         : MemRead :  D=0x0000000000000000 A=0x7ffffffffffffdd8
 133500: system.cpu: T0 : 0x249aa    : c_ldsp s3, 192(sp)         : MemRead :  D=0x0000000000000000 A=0x7ffffffffffffdd0
 134000: system.cpu: T0 : 0x249ac    : c_ldsp s4, 184(sp)         : MemRead :  D=0x0000000000000000 A=0x7ffffffffffffdc8
 134500: system.cpu: T0 : 0x249ae    : c_ldsp s5, 176(sp)         : MemRead :  D=0x0000000000000000 A=0x7ffffffffffffdc0
 135000: system.cpu: T0 : 0x249b0    : c_ldsp s6, 168(sp)         : MemRead :  D=0x0000000000000000 A=0x7ffffffffffffdb8
 135500: system.cpu: T0 : 0x249b2    : c_ldsp s7, 160(sp)         : MemRead :  D=0x0000000000000000 A=0x7ffffffffffffdb0
 136000: system.cpu: T0 : 0x249b4    : c_ldsp s8, 152(sp)         : MemRead :  D=0x0000000000000000 A=0x7ffffffffffffda8
 136500: system.cpu: T0 : 0x249b6    : c_ldsp s9, 144(sp)         : MemRead :  D=0x0000000000000000 A=0x7ffffffffffffda0
 137000: system.cpu: T0 : 0x249b8    : c_ldsp s10, 136(sp)        : MemRead :  D=0x0000000000000000 A=0x7ffffffffffffd98
 137500: system.cpu: T0 : 0x249ba    : c_ldsp s11, 128(sp)        : MemRead :  D=0x0000000000000000 A=0x7ffffffffffffd90
 138000: system.cpu: T0 : 0x249bc    : c_addi16sp sp, 224         : IntAlu :  D=0x7ffffffffffffdf0
 138500: system.cpu: T0 : 0x249be    : c_jr ra                    : IntAlu : 
 139000: system.cpu: T0 : 0x12b40    : lui a5, 116                : IntAlu :  D=0x0000000000074000
 139500: system.cpu: T0 : 0x12b44    : ld a4, 664(a5)             : MemRead :  D=0x0000000000010040 A=0x74298
 140000: system.cpu: T0 : 0x12b48    : beq a4, zero, 320          : IntAlu : 
 140500: system.cpu: T0 : 0x12b4c    : jal ra, 75490              : IntAlu :  D=0x0000000000012b50
 141500: system.cpu: T0 : 0x2522e    : lui a5, 116                : IntAlu :  D=0x0000000000074000
 142500: system.cpu: T0 : 0x25232    : lw a5, 768(a5)             : MemRead :  D=0x0000000000000001 A=0x74300
 143000: system.cpu: T0 : 0x25236    : c_beqz a5, 4               : IntAlu : 
 143500: system.cpu: T0 : 0x25238    : c_jr ra                    : IntAlu : 
 144000: system.cpu: T0 : 0x12b50    : ld a0, -1360(gp)           : MemRead :  D=0x7fffffffffffff48 A=0x72de0
 144500: system.cpu: T0 : 0x12b54    : jal ra, 71988              : IntAlu :  D=0x0000000000012b58
 145000: system.cpu: T0 : 0x24488    : c_addi16sp sp, -128        : IntAlu :  D=0x7ffffffffffffd70
 145500: system.cpu: T0 : 0x2448a    : c_sdsp s4, 80(sp)          : MemWrite :  D=0x0000000000000000 A=0x7ffffffffffffdc0
 146000: system.cpu: T0 : 0x2448c    : lui s4, 113                : IntAlu :  D=0x0000000000071000
 146500: system.cpu: T0 : 0x24490    : lw a5, -72(s4)             : MemRead :  D=0x0000000000000000 A=0x70fb8
 147000: system.cpu: T0 : 0x24494    : c_sdsp s7, 56(sp)          : MemWrite :  D=0x0000000000000000 A=0x7ffffffffffffda8
 147500: system.cpu: T0 : 0x24496    : c_sdsp ra, 120(sp)         : MemWrite :  D=0x0000000000012b58 A=0x7ffffffffffffde8
 148000: system.cpu: T0 : 0x24498    : c_sdsp s0, 112(sp)         : MemWrite :  D=0x0000000000012fbe A=0x7ffffffffffffde0
 148500: system.cpu: T0 : 0x2449a    : c_sdsp s1, 104(sp)         : MemWrite :  D=0x000000000001304e A=0x7ffffffffffffdd8
 149000: system.cpu: T0 : 0x2449c    : c_sdsp s2, 96(sp)          : MemWrite :  D=0x0000000000000000 A=0x7ffffffffffffdd0
 149500: system.cpu: T0 : 0x2449e    : c_sdsp s3, 88(sp)          : MemWrite :  D=0x0000000000000000 A=0x7ffffffffffffdc8
 150000: system.cpu: T0 : 0x244a0    : c_sdsp s5, 72(sp)          : MemWrite :  D=0x0000000000000000 A=0x7ffffffffffffdb8
 150500: system.cpu: T0 : 0x244a2    : c_sdsp s6, 64(sp)          : MemWrite :  D=0x0000000000000000 A=0x7ffffffffffffdb0
 151000: system.cpu: T0 : 0x244a4    : c_sdsp s8, 48(sp)          : MemWrite :  D=0x0000000000000000 A=0x7ffffffffffffda0
 151500: system.cpu: T0 : 0x244a6    : c_sdsp s9, 40(sp)          : MemWrite :  D=0x0000000000000000 A=0x7ffffffffffffd98
 152000: system.cpu: T0 : 0x244a8    : c_sdsp s10, 32(sp)         : MemWrite :  D=0x0000000000000000 A=0x7ffffffffffffd90
 152500: system.cpu: T0 : 0x244aa    : c_sdsp s11, 24(sp)         : MemWrite :  D=0x0000000000000000 A=0x7ffffffffffffd88
 153000: system.cpu: T0 : 0x244ac    : c_mv s7, a0                : IntAlu :  D=0x7fffffffffffff48
 154000: system.cpu: T0 : 0x244ae    : bne a5, zero, 750          : IntAlu : 
 155000: system.cpu: T0 : 0x244b2    : lui s0, 113                : IntAlu :  D=0x0000000000071000
 156000: system.cpu: T0 : 0x244b6    : addi s3, zero, 61          : IntAlu :  D=0x000000000000003d
 157000: system.cpu: T0 : 0x244ba    : lui s1, 82                 : IntAlu :  D=0x0000000000052000
 158000: system.cpu: T0 : 0x244be    : addi s6, s0, -1248         : IntAlu :  D=0x0000000000070b20
 159000: system.cpu: T0 : 0x244c2    : beq s7, zero, 166          : IntAlu : 
 159500: system.cpu: T0 : 0x244c6    : c_mv a3, s7                : IntAlu :  D=0x7fffffffffffff48
 160000: system.cpu: T0 : 0x244c8    : ld s9, 0(a3)               : MemRead :  D=0x0000000000000000 A=0x7fffffffffffff48
 160500: system.cpu: T0 : 0x244cc    : c_mv s5, a3                : IntAlu :  D=0x7fffffffffffff48
 161500: system.cpu: T0 : 0x244ce    : beq s9, zero, 154          : IntAlu : 
 162000: system.cpu: T0 : 0x24568    : c_ldsp ra, 120(sp)         : MemRead :  D=0x0000000000012b58 A=0x7ffffffffffffde8
 162500: system.cpu: T0 : 0x2456a    : c_ldsp s0, 112(sp)         : MemRead :  D=0x0000000000012fbe A=0x7ffffffffffffde0
 163000: system.cpu: T0 : 0x2456c    : c_ldsp s1, 104(sp)         : MemRead :  D=0x000000000001304e A=0x7ffffffffffffdd8
 163500: system.cpu: T0 : 0x2456e    : c_ldsp s2, 96(sp)          : MemRead :  D=0x0000000000000000 A=0x7ffffffffffffdd0
 164000: system.cpu: T0 : 0x24570    : c_ldsp s3, 88(sp)          : MemRead :  D=0x0000000000000000 A=0x7ffffffffffffdc8
 164500: system.cpu: T0 : 0x24572    : c_ldsp s4, 80(sp)          : MemRead :  D=0x0000000000000000 A=0x7ffffffffffffdc0
 165000: system.cpu: T0 : 0x24574    : c_ldsp s5, 72(sp)          : MemRead :  D=0x0000000000000000 A=0x7ffffffffffffdb8
 165500: system.cpu: T0 : 0x24576    : c_ldsp s6, 64(sp)          : MemRead :  D=0x0000000000000000 A=0x7ffffffffffffdb0
 166000: system.cpu: T0 : 0x24578    : c_ldsp s7, 56(sp)          : MemRead :  D=0x0000000000000000 A=0x7ffffffffffffda8
 166500: system.cpu: T0 : 0x2457a    : c_ldsp s8, 48(sp)          : MemRead :  D=0x0000000000000000 A=0x7ffffffffffffda0
 167000: system.cpu: T0 : 0x2457c    : c_ldsp s9, 40(sp)          : MemRead :  D=0x0000000000000000 A=0x7ffffffffffffd98
 167500: system.cpu: T0 : 0x2457e    : c_ldsp s10, 32(sp)         : MemRead :  D=0x0000000000000000 A=0x7ffffffffffffd90
 168000: system.cpu: T0 : 0x24580    : c_ldsp s11, 24(sp)         : MemRead :  D=0x0000000000000000 A=0x7ffffffffffffd88
 168500: system.cpu: T0 : 0x24582    : c_addi16sp sp, 128         : IntAlu :  D=0x7ffffffffffffdf0
 169000: system.cpu: T0 : 0x24584    : c_jr ra                    : IntAlu : 
 169500: system.cpu: T0 : 0x12b58    : jal ra, 664                : IntAlu :  D=0x0000000000012b5c
 170000: system.cpu: T0 : 0x12df0    : c_addi16sp sp, -128        : IntAlu :  D=0x7ffffffffffffd70
 171000: system.cpu: T0 : 0x12df2    : lui a5, 116                : IntAlu :  D=0x0000000000074000
 171500: system.cpu: T0 : 0x12df6    : c_sdsp s0, 112(sp)         : MemWrite :  D=0x0000000000012fbe A=0x7ffffffffffffde0
 172000: system.cpu: T0 : 0x12df8    : ld s0, 664(a5)             : MemRead :  D=0x0000000000010040 A=0x74298
 172500: system.cpu: T0 : 0x12dfc    : c_sdsp s3, 88(sp)          : MemWrite :  D=0x0000000000000000 A=0x7ffffffffffffdc8
 173500: system.cpu: T0 : 0x12dfe    : lui a5, 114                : IntAlu :  D=0x0000000000072000
 174000: system.cpu: T0 : 0x12e02    : c_sdsp ra, 120(sp)         : MemWrite :  D=0x0000000000012b5c A=0x7ffffffffffffde8
 174500: system.cpu: T0 : 0x12e04    : c_sdsp s1, 104(sp)         : MemWrite :  D=0x000000000001304e A=0x7ffffffffffffdd8
 175000: system.cpu: T0 : 0x12e06    : c_sdsp s2, 96(sp)          : MemWrite :  D=0x0000000000000000 A=0x7ffffffffffffdd0
 175500: system.cpu: T0 : 0x12e08    : c_sdsp s4, 80(sp)          : MemWrite :  D=0x0000000000000000 A=0x7ffffffffffffdc0
 176000: system.cpu: T0 : 0x12e0a    : c_sdsp s5, 72(sp)          : MemWrite :  D=0x0000000000000000 A=0x7ffffffffffffdb8
 176500: system.cpu: T0 : 0x12e0c    : c_sdsp s6, 64(sp)          : MemWrite :  D=0x0000000000000000 A=0x7ffffffffffffdb0
 177000: system.cpu: T0 : 0x12e0e    : c_sdsp s7, 56(sp)          : MemWrite :  D=0x0000000000000000 A=0x7ffffffffffffda8
 177500: system.cpu: T0 : 0x12e10    : c_sdsp s8, 48(sp)          : MemWrite :  D=0x0000000000000000 A=0x7ffffffffffffda0
 178000: system.cpu: T0 : 0x12e12    : c_sdsp s9, 40(sp)          : MemWrite :  D=0x0000000000000000 A=0x7ffffffffffffd98
 178500: system.cpu: T0 : 0x12e14    : c_sdsp s10, 32(sp)         : MemWrite :  D=0x0000000000000000 A=0x7ffffffffffffd90
 179000: system.cpu: T0 : 0x12e16    : c_sdsp s11, 24(sp)         : MemWrite :  D=0x0000000000000000 A=0x7ffffffffffffd88
 179500: system.cpu: T0 : 0x12e18    : ld s3, 816(a5)             : MemRead :  D=0x0000000000071e60 A=0x72330
 180000: system.cpu: T0 : 0x12e1c    : beq s0, zero, 368          : IntAlu : 
 180500: system.cpu: T0 : 0x12e20    : lui a5, 116                : IntAlu :  D=0x0000000000074000
 181000: system.cpu: T0 : 0x12e24    : ld a5, 720(a5)             : MemRead :  D=0x0000000000000006 A=0x742d0
 181500: system.cpu: T0 : 0x12e28    : slli a4, a5, 3             : IntAlu :  D=0x0000000000000030
 182000: system.cpu: T0 : 0x12e2c    : c_sub a4, a5               : IntAlu :  D=0x000000000000002a
 182500: system.cpu: T0 : 0x12e2e    : c_slli a4, 3               : IntAlu :  D=0x0000000000000150
 183000: system.cpu: T0 : 0x12e30    : c_add a4, s0               : IntAlu :  D=0x0000000000010190
 184000: system.cpu: T0 : 0x12e32    : bgeu s0, a4, 322           : IntAlu : 
 184500: system.cpu: T0 : 0x12e36    : c_li a3, 7                 : IntAlu :  D=0x0000000000000007
 185000: system.cpu: T0 : 0x12e38    : c_j 10                     : IntAlu : 
 185500: system.cpu: T0 : 0x12e42    : c_lw a5, 0(s0)             : MemRead :  D=0x0000000000000001 A=0x10040
 186000: system.cpu: T0 : 0x12e44    : bne a5, a3, -10            : IntAlu : 
 187000: system.cpu: T0 : 0x12e3a    : addi s0, s0, 56            : IntAlu :  D=0x0000000000010078
 188000: system.cpu: T0 : 0x12e3e    : bgeu s0, a4, 310           : IntAlu : 
 188500: system.cpu: T0 : 0x12e42    : c_lw a5, 0(s0)             : MemRead :  D=0x0000000000000001 A=0x10078
 189000: system.cpu: T0 : 0x12e44    : bne a5, a3, -10            : IntAlu : 
 190000: system.cpu: T0 : 0x12e3a    : addi s0, s0, 56            : IntAlu :  D=0x00000000000100b0
 191000: system.cpu: T0 : 0x12e3e    : bgeu s0, a4, 310           : IntAlu : 
 191500: system.cpu: T0 : 0x12e42    : c_lw a5, 0(s0)             : MemRead :  D=0x0000000000000004 A=0x100b0
 192000: system.cpu: T0 : 0x12e44    : bne a5, a3, -10            : IntAlu : 
 193000: system.cpu: T0 : 0x12e3a    : addi s0, s0, 56            : IntAlu :  D=0x00000000000100e8
 194000: system.cpu: T0 : 0x12e3e    : bgeu s0, a4, 310           : IntAlu : 
 194500: system.cpu: T0 : 0x12e42    : c_lw a5, 0(s0)             : MemRead :  D=0x0000000000000007 A=0x100e8
 195000: system.cpu: T0 : 0x12e44    : bne a5, a3, -10            : IntAlu : 
 195500: system.cpu: T0 : 0x12e48    : ld s5, 48(s0)              : MemRead :  D=0x0000000000000008 A=0x10118
 196000: system.cpu: T0 : 0x12e4c    : ld a1, 0(s3)               : MemRead :  D=0x0000000000000000 A=0x71e60
 196500: system.cpu: T0 : 0x12e50    : c_ld a4, 16(s0)            : MemRead :  D=0x0000000000070ad0 A=0x100f8
 197000: system.cpu: T0 : 0x12e52    : c_li a5, 16                : IntAlu :  D=0x0000000000000010
 197500: system.cpu: T0 : 0x12e54    : ld s10, 40(s0)             : MemRead :  D=0x0000000000000060 A=0x10110
 198000: system.cpu: T0 : 0x12e58    : ld s4, 32(s0)              : MemRead :  D=0x0000000000000020 A=0x10108
 198500: system.cpu: T0 : 0x12e5c    : c_mv s8, s5                : IntAlu :  D=0x0000000000000008
 199500: system.cpu: T0 : 0x12e5e    : add s0, a1, a4             : IntAlu :  D=0x0000000000070ad0
 200500: system.cpu: T0 : 0x12e62    : bltu s5, a5, 260           : IntAlu : 
 201000: system.cpu: T0 : 0x12f66    : c_li s8, 16                : IntAlu :  D=0x0000000000000010
 201500: system.cpu: T0 : 0x12f68    : addi a4, s8, -1            : IntAlu :  D=0x000000000000000f
 202000: system.cpu: T0 : 0x12f6c    : c_mv s9, s5                : IntAlu :  D=0x0000000000000008
 203000: system.cpu: T0 : 0x12f6e    : bne s5, zero, -254         : IntAlu : 
 203500: system.cpu: T0 : 0x12e70    : sub s11, zero, s8          : IntAlu :  D=0xfffffffffffffff0
 204000: system.cpu: T0 : 0x12e74    : beq s5, zero, 302          : IntAlu : 
 204500: system.cpu: T0 : 0x12e78    : addi s2, s5, -1            : IntAlu :  D=0x0000000000000007
 205000: system.cpu: T0 : 0x12e7c    : divu a5, s2, s9            : IntDiv :  D=0x0000000000000000
 205500: system.cpu: T0 : 0x12e80    : c_add s2, s10              : IntAlu :  D=0x0000000000000067
 206500: system.cpu: T0 : 0x12e82    : mul s7, a5, s9             : IntMult :  D=0x0000000000000000
 207000: system.cpu: T0 : 0x12e86    : c_mv a5, s7                : IntAlu :  D=0x0000000000000000
 207500: system.cpu: T0 : 0x12e88    : ld a0, -1968(gp)           : MemRead :  D=0x0000000000000800 A=0x72b80
 208000: system.cpu: T0 : 0x12e8c    : c_sdsp a5, 8(sp)           : MemWrite :  D=0x0000000000000000 A=0x7ffffffffffffd78
 208500: system.cpu: T0 : 0x12e8e    : c_sdsp a4, 0(sp)           : MemWrite :  D=0x000000000000000f A=0x7ffffffffffffd70
 209000: system.cpu: T0 : 0x12e90    : addi a0, a0, 1808          : IntAlu :  D=0x0000000000000f10
 209500: system.cpu: T0 : 0x12e94    : c_add a0, s10              : IntAlu :  D=0x0000000000000f70
 210000: system.cpu: T0 : 0x12e96    : c_add a0, s8               : IntAlu :  D=0x0000000000000f80
 210500: system.cpu: T0 : 0x12e98    : c_add a0, s7               : IntAlu :  D=0x0000000000000f80
 211500: system.cpu: T0 : 0x12e9a    : jal ra, 67226              : IntAlu :  D=0x0000000000012e9e
 212000: system.cpu: T0 : 0x23534    : c_addi sp, -32             : IntAlu :  D=0x7ffffffffffffd50
 212500: system.cpu: T0 : 0x23536    : c_sdsp s2, 0(sp)           : MemWrite :  D=0x0000000000000067 A=0x7ffffffffffffd50
 213000: system.cpu: T0 : 0x23538    : c_sdsp s1, 8(sp)           : MemWrite :  D=0x000000000001304e A=0x7ffffffffffffd58
 214000: system.cpu: T0 : 0x2353a    : ld s1, -1200(gp)           : MemRead :  D=0x0000000000000000 A=0x72e80
 214500: system.cpu: T0 : 0x2353e    : c_sdsp s0, 16(sp)          : MemWrite :  D=0x0000000000070ad0 A=0x7ffffffffffffd60
 215000: system.cpu: T0 : 0x23540    : c_sdsp ra, 24(sp)          : MemWrite :  D=0x0000000000012e9e A=0x7ffffffffffffd68
 215500: system.cpu: T0 : 0x23542    : c_mv s0, a0                : IntAlu :  D=0x0000000000000f80
 216000: system.cpu: T0 : 0x23544    : c_beqz s1, 46              : IntAlu : 
 216500: system.cpu: T0 : 0x23572    : c_li a0, 0                 : IntAlu :  D=0x0000000000000000
 217000: system.cpu: T0 : 0x23574    : jal ra, 98418              : IntAlu :  D=0x0000000000023578
 217500: system.cpu: T0 : 0x3b5e6    : c_mv a5, a0                : IntAlu :  D=0x0000000000000000
 218000: system.cpu: T0 : 0x3b5e8    : addi a7, zero, 214         : IntAlu :  D=0x00000000000000d6
 218500: system.cpu: T0 : 0x3b5ec    : ecall                      : No_OpClass : 
 219000: system.cpu: T0 : 0x3b5f0    : sd a0, -1200(gp)           : MemWrite :  D=0x0000000000075000 A=0x72e80
 219500: system.cpu: T0 : 0x3b5f4    : bltu a0, a5, 8             : IntAlu : 
 220000: system.cpu: T0 : 0x3b5f8    : c_li a0, 0                 : IntAlu :  D=0x0000000000000000
 220500: system.cpu: T0 : 0x3b5fa    : c_jr ra                    : IntAlu : 
 221000: system.cpu: T0 : 0x23578    : blt a0, zero, -22          : IntAlu : 
 221500: system.cpu: T0 : 0x2357c    : ld s1, -1200(gp)           : MemRead :  D=0x0000000000075000 A=0x72e80
 222000: system.cpu: T0 : 0x23580    : c_j -52                    : IntAlu : 
 222500: system.cpu: T0 : 0x2354c    : c_beqz s0, 24              : IntAlu : 
 223500: system.cpu: T0 : 0x2354e    : bge zero, s0, 52           : IntAlu : 
 224500: system.cpu: T0 : 0x23552    : add a5, s0, s1             : IntAlu :  D=0x0000000000075f80
 225500: system.cpu: T0 : 0x23556    : sltu a5, a5, s1            : IntAlu :  D=0x0000000000000000
 226000: system.cpu: T0 : 0x2355a    : c_beqz a5, 50              : IntAlu : 
 226500: system.cpu: T0 : 0x2358c    : add a0, s1, s0             : IntAlu :  D=0x0000000000075f80
 227000: system.cpu: T0 : 0x23590    : jal ra, 98390              : IntAlu :  D=0x0000000000023594
 227500: system.cpu: T0 : 0x3b5e6    : c_mv a5, a0                : IntAlu :  D=0x0000000000075f80
 228000: system.cpu: T0 : 0x3b5e8    : addi a7, zero, 214         : IntAlu :  D=0x00000000000000d6
 228500: system.cpu: T0 : 0x3b5ec    : ecall                      : No_OpClass : 
 229000: system.cpu: T0 : 0x3b5f0    : sd a0, -1200(gp)           : MemWrite :  D=0x0000000000075f80 A=0x72e80
 229500: system.cpu: T0 : 0x3b5f4    : bltu a0, a5, 8             : IntAlu : 
 230000: system.cpu: T0 : 0x3b5f8    : c_li a0, 0                 : IntAlu :  D=0x0000000000000000
 230500: system.cpu: T0 : 0x3b5fa    : c_jr ra                    : IntAlu : 
 231000: system.cpu: T0 : 0x23594    : blt a0, zero, -50          : IntAlu : 
 231500: system.cpu: T0 : 0x23598    : c_ldsp ra, 24(sp)          : MemRead :  D=0x0000000000012e9e A=0x7ffffffffffffd68
 232000: system.cpu: T0 : 0x2359a    : c_ldsp s0, 16(sp)          : MemRead :  D=0x0000000000070ad0 A=0x7ffffffffffffd60
 232500: system.cpu: T0 : 0x2359c    : c_ldsp s2, 0(sp)           : MemRead :  D=0x0000000000000067 A=0x7ffffffffffffd50
 233000: system.cpu: T0 : 0x2359e    : c_mv a0, s1                : IntAlu :  D=0x0000000000075000
 233500: system.cpu: T0 : 0x235a0    : c_ldsp s1, 8(sp)           : MemRead :  D=0x000000000001304e A=0x7ffffffffffffd58
 234000: system.cpu: T0 : 0x235a2    : c_addi16sp sp, 32          : IntAlu :  D=0x7ffffffffffffd70
 234500: system.cpu: T0 : 0x235a4    : c_jr ra                    : IntAlu : 
 235500: system.cpu: T0 : 0x12e9e    : divu s2, s2, s9            : IntDiv :  D=0x000000000000000c
 236000: system.cpu: T0 : 0x12ea2    : c_ldsp a4, 0(sp)           : MemRead :  D=0x000000000000000f A=0x7ffffffffffffd70
 236500: system.cpu: T0 : 0x12ea4    : c_ldsp a5, 8(sp)           : MemRead :  D=0x0000000000000000 A=0x7ffffffffffffd78
 237500: system.cpu: T0 : 0x12ea6    : addi s1, a0, 1808          : IntAlu :  D=0x0000000000075710
 238000: system.cpu: T0 : 0x12eaa    : c_add s1, a4               : IntAlu :  D=0x000000000007571f
 238500: system.cpu: T0 : 0x12eac    : and s1, s1, s11            : IntAlu :  D=0x0000000000075710
 239000: system.cpu: T0 : 0x12eb0    : lui a4, 116                : IntAlu :  D=0x0000000000074000
 239500: system.cpu: T0 : 0x12eb4    : addi a4, a4, -552          : IntAlu :  D=0x0000000000073dd8
 240000: system.cpu: T0 : 0x12eb8    : add a0, s1, s7             : IntAlu :  D=0x0000000000075710
 240500: system.cpu: T0 : 0x12ebc    : sd a5, 1088(s3)            : MemWrite :  D=0x0000000000000000 A=0x722a0
 241000: system.cpu: T0 : 0x12ec0    : addi a5, zero, 62          : IntAlu :  D=0x000000000000003e
 241500: system.cpu: T0 : 0x12ec4    : c_mv a2, s4                : IntAlu :  D=0x0000000000000020
 242000: system.cpu: T0 : 0x12ec6    : c_sd a5, 0(a4)             : MemWrite :  D=0x000000000000003e A=0x73dd8
 242500: system.cpu: T0 : 0x12ec8    : c_mv a1, s0                : IntAlu :  D=0x0000000000070ad0
 243000: system.cpu: T0 : 0x12eca    : c_sd a0, 32(a4)            : MemWrite :  D=0x0000000000075710 A=0x73df8
 243500: system.cpu: T0 : 0x12ecc    : sd zero, 40(a4)            : MemWrite :  D=0x0000000000000000 A=0x73e00
 244000: system.cpu: T0 : 0x12ed0    : jal ra, 61686              : IntAlu :  D=0x0000000000012ed4
 244500: system.cpu: T0 : 0x21fc6    : c_addi16sp sp, -48         : IntAlu :  D=0x7ffffffffffffd40
 245000: system.cpu: T0 : 0x21fc8    : c_sdsp s0, 32(sp)          : MemWrite :  D=0x0000000000070ad0 A=0x7ffffffffffffd60
 245500: system.cpu: T0 : 0x21fca    : c_sdsp s2, 16(sp)          : MemWrite :  D=0x000000000000000c A=0x7ffffffffffffd50
 246000: system.cpu: T0 : 0x21fcc    : c_sdsp ra, 40(sp)          : MemWrite :  D=0x0000000000012ed4 A=0x7ffffffffffffd68
 246500: system.cpu: T0 : 0x21fce    : c_sdsp s1, 24(sp)          : MemWrite :  D=0x0000000000075710 A=0x7ffffffffffffd58
 247000: system.cpu: T0 : 0x21fd0    : c_sdsp s3, 8(sp)           : MemWrite :  D=0x0000000000071e60 A=0x7ffffffffffffd48
 247500: system.cpu: T0 : 0x21fd2    : c_li a5, 15                : IntAlu :  D=0x000000000000000f
 248000: system.cpu: T0 : 0x21fd4    : c_mv s2, a0                : IntAlu :  D=0x0000000000075710
 248500: system.cpu: T0 : 0x21fd6    : c_mv a4, a0                : IntAlu :  D=0x0000000000075710
 249000: system.cpu: T0 : 0x21fd8    : c_mv s0, a1                : IntAlu :  D=0x0000000000070ad0
 250000: system.cpu: T0 : 0x21fda    : bgeu a5, a2, 72            : IntAlu : 
 251000: system.cpu: T0 : 0x21fde    : sub a0, zero, a0           : IntAlu :  D=0xfffffffffff8a8f0
 251500: system.cpu: T0 : 0x21fe2    : c_andi a0, 7               : IntAlu :  D=0x0000000000000000
 252000: system.cpu: T0 : 0x21fe4    : sub s1, a2, a0             : IntAlu :  D=0x0000000000000020
 252500: system.cpu: T0 : 0x21fe8    : c_beqz a0, 110             : IntAlu : 
 253000: system.cpu: T0 : 0x22056    : c_mv s3, s2                : IntAlu :  D=0x0000000000075710
 253500: system.cpu: T0 : 0x22058    : c_j -84                    : IntAlu : 
 254000: system.cpu: T0 : 0x22004    : andi a5, s0, 7             : IntAlu :  D=0x0000000000000000
 254500: system.cpu: T0 : 0x22008    : srli a2, s1, 3             : IntAlu :  D=0x0000000000000004
 255000: system.cpu: T0 : 0x2200c    : c_mv a1, s0                : IntAlu :  D=0x0000000000070ad0
 255500: system.cpu: T0 : 0x2200e    : c_mv a0, s3                : IntAlu :  D=0x0000000000075710
 256000: system.cpu: T0 : 0x22010    : c_bnez a5, 64              : IntAlu : 
 257000: system.cpu: T0 : 0x22012    : jal ra, 72                 : IntAlu :  D=0x0000000000022016
 258000: system.cpu: T0 : 0x2205a    : andi a5, a2, 7             : IntAlu :  D=0x0000000000000004
 259000: system.cpu: T0 : 0x2205e    : lui a4, 81                 : IntAlu :  D=0x0000000000051000
 259500: system.cpu: T0 : 0x22062    : c_slli a5, 2               : IntAlu :  D=0x0000000000000010
 260000: system.cpu: T0 : 0x22064    : addi a4, a4, 1464          : IntAlu :  D=0x00000000000515b8
 260500: system.cpu: T0 : 0x22068    : c_add a5, a4               : IntAlu :  D=0x00000000000515c8
 261000: system.cpu: T0 : 0x2206a    : c_lw a5, 0(a5)             : MemRead :  D=0x0000000000022104 A=0x515c8
 261500: system.cpu: T0 : 0x2206c    : c_jr a5                    : IntAlu : 
 262000: system.cpu: T0 : 0x22104    : ld a6, 0(a1)               : MemRead :  D=0x0000000000072678 A=0x70ad0
 262500: system.cpu: T0 : 0x22108    : c_mv a3, a0                : IntAlu :  D=0x0000000000075710
 263000: system.cpu: T0 : 0x2210a    : c_addi a1, -32             : IntAlu :  D=0x0000000000070ab0
 263500: system.cpu: T0 : 0x2210c    : addi a5, a0, -40           : IntAlu :  D=0x00000000000756e8
 264000: system.cpu: T0 : 0x22110    : c_addi a2, 4               : IntAlu :  D=0x0000000000000008
 264500: system.cpu: T0 : 0x22112    : c_j -124                   : IntAlu : 
 265000: system.cpu: T0 : 0x22096    : c_ld a4, 40(a1)            : MemRead :  D=0x0000000000072678 A=0x70ad8
 265500: system.cpu: T0 : 0x22098    : addi a0, a5, 48            : IntAlu :  D=0x0000000000075718
 266000: system.cpu: T0 : 0x2209c    : sd a6, 0(a3)               : MemWrite :  D=0x0000000000072678 A=0x75710
 266500: system.cpu: T0 : 0x2209c    : sd a6, 0(a3)               : MemWrite :  D=0x0000000000072678 A=0x75710
 267000: system.cpu: T0 : 0x220a0    : ld a6, 48(a1)              : MemRead :  D=0x0000000000072680 A=0x70ae0
 267500: system.cpu: T0 : 0x220a4    : addi a3, a5, 56            : IntAlu :  D=0x0000000000075720
 268000: system.cpu: T0 : 0x220a8    : c_sd a4, 0(a0)             : MemWrite :  D=0x0000000000072678 A=0x75718
 268500: system.cpu: T0 : 0x220aa    : c_ld a4, 56(a1)            : MemRead :  D=0x0000000000072698 A=0x70ae8
 269000: system.cpu: T0 : 0x220ac    : addi a5, a5, 64            : IntAlu :  D=0x0000000000075728
 269500: system.cpu: T0 : 0x220b0    : sd a6, 0(a3)               : MemWrite :  D=0x0000000000072680 A=0x75720
 270000: system.cpu: T0 : 0x220b4    : c_addi a2, -8              : IntAlu :  D=0x0000000000000000
 270500: system.cpu: T0 : 0x220b6    : c_mv a0, a5                : IntAlu :  D=0x0000000000075728
 271000: system.cpu: T0 : 0x220b8    : addi a1, a1, 64            : IntAlu :  D=0x0000000000070af0
 271500: system.cpu: T0 : 0x220bc    : c_beqz a2, 24              : IntAlu : 
 272000: system.cpu: T0 : 0x220d4    : c_sd a4, 0(a0)             : MemWrite :  D=0x0000000000072698 A=0x75728
 272500: system.cpu: T0 : 0x220d6    : c_jr ra                    : IntAlu : 
 273500: system.cpu: T0 : 0x22016    : andi a4, s1, 18446744073709551608 : IntAlu :  D=0x0000000000000020
 274000: system.cpu: T0 : 0x2201a    : c_add s0, a4               : IntAlu :  D=0x0000000000070af0
 274500: system.cpu: T0 : 0x2201c    : andi a2, s1, 7             : IntAlu :  D=0x0000000000000000
 275000: system.cpu: T0 : 0x22020    : c_add a4, s3               : IntAlu :  D=0x0000000000075730
 275500: system.cpu: T0 : 0x22022    : c_addi a4, -1              : IntAlu :  D=0x000000000007572f
 276000: system.cpu: T0 : 0x22024    : c_mv a5, s0                : IntAlu :  D=0x0000000000070af0
 277000: system.cpu: T0 : 0x22026    : add a1, a2, s0             : IntAlu :  D=0x0000000000070af0
 277500: system.cpu: T0 : 0x2202a    : c_sub a4, s0               : IntAlu :  D=0x0000000000004c3f
 278000: system.cpu: T0 : 0x2202c    : c_beqz a2, 20              : IntAlu : 
 278500: system.cpu: T0 : 0x22040    : c_ldsp ra, 40(sp)          : MemRead :  D=0x0000000000012ed4 A=0x7ffffffffffffd68
 279000: system.cpu: T0 : 0x22042    : c_ldsp s0, 32(sp)          : MemRead :  D=0x0000000000070ad0 A=0x7ffffffffffffd60
 279500: system.cpu: T0 : 0x22044    : c_ldsp s1, 24(sp)          : MemRead :  D=0x0000000000075710 A=0x7ffffffffffffd58
 280000: system.cpu: T0 : 0x22046    : c_ldsp s3, 8(sp)           : MemRead :  D=0x0000000000071e60 A=0x7ffffffffffffd48
 280500: system.cpu: T0 : 0x22048    : c_mv a0, s2                : IntAlu :  D=0x0000000000075710
 281000: system.cpu: T0 : 0x2204a    : c_ldsp s2, 16(sp)          : MemRead :  D=0x000000000000000c A=0x7ffffffffffffd50
 281500: system.cpu: T0 : 0x2204c    : c_addi16sp sp, 48          : IntAlu :  D=0x7ffffffffffffd70
 282000: system.cpu: T0 : 0x2204e    : c_jr ra                    : IntAlu : 
 282500: system.cpu: T0 : 0x12ed4    : lui a5, 116                : IntAlu :  D=0x0000000000074000
 283000: system.cpu: T0 : 0x12ed8    : addi a5, a5, -536          : IntAlu :  D=0x0000000000073de8
 283500: system.cpu: T0 : 0x12edc    : ld a4, -1968(gp)           : MemRead :  D=0x0000000000000800 A=0x72b80
 284000: system.cpu: T0 : 0x12ee0    : addi a3, gp, -896          : IntAlu :  D=0x0000000000072fb0
 284500: system.cpu: T0 : 0x12ee4    : sd a5, -16(s1)             : MemWrite :  D=0x0000000000073de8 A=0x75700
 285000: system.cpu: T0 : 0x12ee8    : addi a2, zero, 64          : IntAlu :  D=0x0000000000000040
 285500: system.cpu: T0 : 0x12eec    : c_li a5, 1                 : IntAlu :  D=0x0000000000000001
 286000: system.cpu: T0 : 0x12eee    : c_sd a2, 0(a3)             : MemWrite :  D=0x0000000000000040 A=0x72fb0
 286500: system.cpu: T0 : 0x12ef0    : lui a2, 116                : IntAlu :  D=0x0000000000074000
 287000: system.cpu: T0 : 0x12ef4    : sd a5, -560(a2)            : MemWrite :  D=0x0000000000000001 A=0x73dd0
 287500: system.cpu: T0 : 0x12ef8    : lui a2, 116                : IntAlu :  D=0x0000000000074000
 288000: system.cpu: T0 : 0x12efc    : sd s3, 40(a3)              : MemWrite :  D=0x0000000000071e60 A=0x72fd8
 288500: system.cpu: T0 : 0x12f00    : sd a3, 472(a2)             : MemWrite :  D=0x0000000000072fb0 A=0x741d8
 289000: system.cpu: T0 : 0x12f04    : lui a3, 116                : IntAlu :  D=0x0000000000074000
 289500: system.cpu: T0 : 0x12f08    : sd s8, -568(a3)            : MemWrite :  D=0x0000000000000010 A=0x73dc8
 290000: system.cpu: T0 : 0x12f0c    : lui a3, 116                : IntAlu :  D=0x0000000000074000
 290500: system.cpu: T0 : 0x12f10    : sd a5, 1096(s3)            : MemWrite :  D=0x0000000000000001 A=0x722a8
 291000: system.cpu: T0 : 0x12f14    : sd a5, 496(a3)             : MemWrite :  D=0x0000000000000001 A=0x741f0
 291500: system.cpu: T0 : 0x12f18    : c_addi a4, 15              : IntAlu :  D=0x000000000000080f
 292500: system.cpu: T0 : 0x12f1a    : sd s0, 1048(s3)            : MemWrite :  D=0x0000000000070ad0 A=0x72278
 293000: system.cpu: T0 : 0x12f1e    : c_ldsp ra, 120(sp)         : MemRead :  D=0x0000000000012b5c A=0x7ffffffffffffde8
 293500: system.cpu: T0 : 0x12f20    : c_ldsp s0, 112(sp)         : MemRead :  D=0x0000000000012fbe A=0x7ffffffffffffde0
 294500: system.cpu: T0 : 0x12f22    : sd s5, 1072(s3)            : MemWrite :  D=0x0000000000000008 A=0x72290
 295500: system.cpu: T0 : 0x12f26    : sd s10, 1064(s3)           : MemWrite :  D=0x0000000000000060 A=0x72288
 296500: system.cpu: T0 : 0x12f2a    : sd s4, 1056(s3)            : MemWrite :  D=0x0000000000000020 A=0x72280
 297000: system.cpu: T0 : 0x12f2e    : c_ldsp s5, 72(sp)          : MemRead :  D=0x0000000000000000 A=0x7ffffffffffffdb8
 297500: system.cpu: T0 : 0x12f30    : c_ldsp s3, 88(sp)          : MemRead :  D=0x0000000000000000 A=0x7ffffffffffffdc8
 298000: system.cpu: T0 : 0x12f32    : c_ldsp s4, 80(sp)          : MemRead :  D=0x0000000000000000 A=0x7ffffffffffffdc0
 298500: system.cpu: T0 : 0x12f34    : c_ldsp s8, 48(sp)          : MemRead :  D=0x0000000000000000 A=0x7ffffffffffffda0
 299000: system.cpu: T0 : 0x12f36    : c_ldsp s10, 32(sp)         : MemRead :  D=0x0000000000000000 A=0x7ffffffffffffd90
 299500: system.cpu: T0 : 0x12f38    : c_ldsp s11, 24(sp)         : MemRead :  D=0x0000000000000000 A=0x7ffffffffffffd88
 300000: system.cpu: T0 : 0x12f3a    : c_mv tp, s1                : IntAlu :  D=0x0000000000075710
 300500: system.cpu: T0 : 0x12f3c    : c_ldsp s1, 104(sp)         : MemRead :  D=0x000000000001304e A=0x7ffffffffffffdd8
 301500: system.cpu: T0 : 0x12f3e    : mul s2, s2, s9             : IntMult :  D=0x0000000000000060
 302000: system.cpu: T0 : 0x12f42    : c_ldsp s9, 40(sp)          : MemRead :  D=0x0000000000000000 A=0x7ffffffffffffd98
 302500: system.cpu: T0 : 0x12f44    : add a5, s2, s7             : IntAlu :  D=0x0000000000000060
 303000: system.cpu: T0 : 0x12f48    : c_add a4, a5               : IntAlu :  D=0x000000000000086f
 303500: system.cpu: T0 : 0x12f4a    : c_andi a4, 18446744073709551600 : IntAlu :  D=0x0000000000000860
 304000: system.cpu: T0 : 0x12f4c    : sd a4, -1968(gp)           : MemWrite :  D=0x0000000000000860 A=0x72b80
 304500: system.cpu: T0 : 0x12f50    : lui a4, 116                : IntAlu :  D=0x0000000000074000
 305000: system.cpu: T0 : 0x12f54    : sd a5, -576(a4)            : MemWrite :  D=0x0000000000000060 A=0x73dc0
 305500: system.cpu: T0 : 0x12f58    : c_ldsp s2, 96(sp)          : MemRead :  D=0x0000000000000000 A=0x7ffffffffffffdd0
 306000: system.cpu: T0 : 0x12f5a    : c_ldsp s6, 64(sp)          : MemRead :  D=0x0000000000000000 A=0x7ffffffffffffdb0
 306500: system.cpu: T0 : 0x12f5c    : c_ldsp s7, 56(sp)          : MemRead :  D=0x0000000000000000 A=0x7ffffffffffffda8
 307000: system.cpu: T0 : 0x12f5e    : c_addi16sp sp, 128         : IntAlu :  D=0x7ffffffffffffdf0
 307500: system.cpu: T0 : 0x12f60    : c_jr ra                    : IntAlu : 
 308000: system.cpu: T0 : 0x12b5c    : lui a5, 113                : IntAlu :  D=0x0000000000071000
 308500: system.cpu: T0 : 0x12b60    : ld a5, -128(a5)            : MemRead :  D=0x7fffffffffffffd8 A=0x70f80
 309000: system.cpu: T0 : 0x12b64    : lw a7, -1728(gp)           : MemRead :  D=0x0000000000000000 A=0x72c70
 309500: system.cpu: T0 : 0x12b68    : lbu a6, 1(a5)              : MemRead :  D=0x000000000000002e A=0x7fffffffffffffd9
 310000: system.cpu: T0 : 0x12b6c    : lbu a4, 0(a5)              : MemRead :  D=0x000000000000002e A=0x7fffffffffffffd8
 310500: system.cpu: T0 : 0x12b70    : lbu a0, 2(a5)              : MemRead :  D=0x000000000000002f A=0x7fffffffffffffda
 311000: system.cpu: T0 : 0x12b74    : lbu a1, 3(a5)              : MemRead :  D=0x0000000000000044 A=0x7fffffffffffffdb
 311500: system.cpu: T0 : 0x12b78    : lbu a2, 4(a5)              : MemRead :  D=0x000000000000006f A=0x7fffffffffffffdc
 312000: system.cpu: T0 : 0x12b7c    : c_slli a6, 8               : IntAlu :  D=0x0000000000002e00
 313000: system.cpu: T0 : 0x12b7e    : lbu a3, 5(a5)              : MemRead :  D=0x0000000000000077 A=0x7fffffffffffffdd
 314000: system.cpu: T0 : 0x12b82    : or a6, a6, a4              : IntAlu :  D=0x0000000000002e2e
 314500: system.cpu: T0 : 0x12b86    : c_slli a0, 16              : IntAlu :  D=0x00000000002f0000
 315000: system.cpu: T0 : 0x12b88    : lbu a4, 6(a5)              : MemRead :  D=0x000000000000006e A=0x7fffffffffffffde
 315500: system.cpu: T0 : 0x12b8c    : or a0, a0, a6              : IntAlu :  D=0x00000000002f2e2e
 316000: system.cpu: T0 : 0x12b90    : c_slli a1, 24              : IntAlu :  D=0x0000000044000000
 317000: system.cpu: T0 : 0x12b92    : lbu a5, 7(a5)              : MemRead :  D=0x000000000000006c A=0x7fffffffffffffdf
 317500: system.cpu: T0 : 0x12b96    : c_or a1, a0                : IntAlu :  D=0x00000000442f2e2e
 318000: system.cpu: T0 : 0x12b98    : c_slli a2, 32              : IntAlu :  D=0x0000006f00000000
 318500: system.cpu: T0 : 0x12b9a    : c_or a2, a1                : IntAlu :  D=0x0000006f442f2e2e
 319000: system.cpu: T0 : 0x12b9c    : c_slli a3, 40              : IntAlu :  D=0x0000770000000000
 319500: system.cpu: T0 : 0x12b9e    : c_or a3, a2                : IntAlu :  D=0x0000776f442f2e2e
 320000: system.cpu: T0 : 0x12ba0    : c_slli a4, 48              : IntAlu :  D=0x006e000000000000
 320500: system.cpu: T0 : 0x12ba2    : c_or a4, a3                : IntAlu :  D=0x006e776f442f2e2e
 321000: system.cpu: T0 : 0x12ba4    : c_slli a5, 56              : IntAlu :  D=0x6c00000000000000
 321500: system.cpu: T0 : 0x12ba6    : c_or a5, a4                : IntAlu :  D=0x6c6e776f442f2e2e
 322000: system.cpu: T0 : 0x12ba8    : andi a5, a5, 18446744073709551360 : IntAlu :  D=0x6c6e776f442f2e00
 322500: system.cpu: T0 : 0x12bac    : lui a4, 113                : IntAlu :  D=0x0000000000071000
 323000: system.cpu: T0 : 0x12bb0    : sd a5, -1264(a4)           : MemWrite :  D=0x6c6e776f442f2e00 A=0x70b10
 323500: system.cpu: T0 : 0x12bb4    : beq a7, zero, 286          : IntAlu : 
 324500: system.cpu: T0 : 0x12cd2    : jal ra, 75228              : IntAlu :  D=0x0000000000012cd6
 325000: system.cpu: T0 : 0x252ae    : c_addi16sp sp, -496        : IntAlu :  D=0x7ffffffffffffc00
 325500: system.cpu: T0 : 0x252b0    : c_addi4spn a0, sp, 72      : IntAlu :  D=0x7ffffffffffffc48
 326000: system.cpu: T0 : 0x252b2    : c_sdsp ra, 488(sp)         : MemWrite :  D=0x0000000000012cd6 A=0x7ffffffffffffde8
 326500: system.cpu: T0 : 0x252b4    : c_sdsp s0, 480(sp)         : MemWrite :  D=0x0000000000012fbe A=0x7ffffffffffffde0
 327000: system.cpu: T0 : 0x252b6    : c_sdsp s1, 472(sp)         : MemWrite :  D=0x000000000001304e A=0x7ffffffffffffdd8
 327500: system.cpu: T0 : 0x252b8    : jal ra, 90520              : IntAlu :  D=0x00000000000252bc
 328000: system.cpu: T0 : 0x3b450    : addi a7, zero, 160         : IntAlu :  D=0x00000000000000a0
 328500: system.cpu: T0 : 0x3b454    : ecall                      : No_OpClass : 
 329000: system.cpu: T0 : 0x3b458    : c_lui a7, 1048575          : IntAlu :  D=0xfffffffffffff000
 330000: system.cpu: T0 : 0x3b45a    : bltu a7, a0, 6             : IntAlu : 
 330500: system.cpu: T0 : 0x3b45e    : c_jr ra                    : IntAlu : 
 331000: system.cpu: T0 : 0x252bc    : addi a3, sp, 202           : IntAlu :  D=0x7ffffffffffffcca
 331500: system.cpu: T0 : 0x252c0    : c_bnez a0, 140             : IntAlu : 
 332000: system.cpu: T0 : 0x252c2    : c_li t1, 0                 : IntAlu :  D=0x0000000000000000
 332500: system.cpu: T0 : 0x252c4    : c_li a0, 0                 : IntAlu :  D=0x0000000000000000
 333000: system.cpu: T0 : 0x252c6    : c_li a7, 9                 : IntAlu :  D=0x0000000000000009
 333500: system.cpu: T0 : 0x252c8    : addi t3, zero, 46          : IntAlu :  D=0x000000000000002e
 334000: system.cpu: T0 : 0x252cc    : c_li t4, 3                 : IntAlu :  D=0x0000000000000003
 335000: system.cpu: T0 : 0x252ce    : lbu a5, 0(a3)              : MemRead :  D=0x0000000000000035 A=0x7ffffffffffffcca
 336000: system.cpu: T0 : 0x252d2    : addiw a5, a5, -48          : IntAlu :  D=0x0000000000000005
 337000: system.cpu: T0 : 0x252d6    : andi a4, a5, 255           : IntAlu :  D=0x0000000000000005
 338000: system.cpu: T0 : 0x252da    : bltu a7, a4, 98            : IntAlu : 
 339000: system.cpu: T0 : 0x252de    : lbu a1, 1(a3)              : MemRead :  D=0x000000000000002e A=0x7ffffffffffffccb
 340000: system.cpu: T0 : 0x252e2    : addiw a4, a5, 0            : IntAlu :  D=0x0000000000000005
 340500: system.cpu: T0 : 0x252e6    : c_addi a3, 1               : IntAlu :  D=0x7ffffffffffffccb
 341000: system.cpu: T0 : 0x252e8    : addiw a2, a1, -48          : IntAlu :  D=0xfffffffffffffffe
 341500: system.cpu: T0 : 0x252ec    : andi a5, a2, 255           : IntAlu :  D=0x00000000000000fe
 342000: system.cpu: T0 : 0x252f0    : bltu a7, a5, 36            : IntAlu : 
 342500: system.cpu: T0 : 0x25314    : slliw a5, a0, 8            : IntAlu :  D=0x0000000000000000
 343000: system.cpu: T0 : 0x25318    : c_or a5, a4                : IntAlu :  D=0x0000000000000005
 343500: system.cpu: T0 : 0x2531a    : c_addiw t1, 1              : IntAlu :  D=0x0000000000000001
 344000: system.cpu: T0 : 0x2531c    : addiw a0, a5, 0            : IntAlu :  D=0x0000000000000005
 344500: system.cpu: T0 : 0x25320    : c_addi a3, 1               : IntAlu :  D=0x7ffffffffffffccc
 345500: system.cpu: T0 : 0x25322    : bne a1, t3, 20             : IntAlu : 
 346500: system.cpu: T0 : 0x25326    : bne t1, t4, -88            : IntAlu : 
 347500: system.cpu: T0 : 0x252ce    : lbu a5, 0(a3)              : MemRead :  D=0x0000000000000031 A=0x7ffffffffffffccc
 348500: system.cpu: T0 : 0x252d2    : addiw a5, a5, -48          : IntAlu :  D=0x0000000000000001
 349500: system.cpu: T0 : 0x252d6    : andi a4, a5, 255           : IntAlu :  D=0x0000000000000001
 350500: system.cpu: T0 : 0x252da    : bltu a7, a4, 98            : IntAlu : 
 351500: system.cpu: T0 : 0x252de    : lbu a1, 1(a3)              : MemRead :  D=0x000000000000002e A=0x7ffffffffffffccd
 352500: system.cpu: T0 : 0x252e2    : addiw a4, a5, 0            : IntAlu :  D=0x0000000000000001
 353000: system.cpu: T0 : 0x252e6    : c_addi a3, 1               : IntAlu :  D=0x7ffffffffffffccd
 353500: system.cpu: T0 : 0x252e8    : addiw a2, a1, -48          : IntAlu :  D=0xfffffffffffffffe
 354000: system.cpu: T0 : 0x252ec    : andi a5, a2, 255           : IntAlu :  D=0x00000000000000fe
 354500: system.cpu: T0 : 0x252f0    : bltu a7, a5, 36            : IntAlu : 
 355000: system.cpu: T0 : 0x25314    : slliw a5, a0, 8            : IntAlu :  D=0x0000000000000500
 355500: system.cpu: T0 : 0x25318    : c_or a5, a4                : IntAlu :  D=0x0000000000000501
 356000: system.cpu: T0 : 0x2531a    : c_addiw t1, 1              : IntAlu :  D=0x0000000000000002
 356500: system.cpu: T0 : 0x2531c    : addiw a0, a5, 0            : IntAlu :  D=0x0000000000000501
 357000: system.cpu: T0 : 0x25320    : c_addi a3, 1               : IntAlu :  D=0x7ffffffffffffcce
 358000: system.cpu: T0 : 0x25322    : bne a1, t3, 20             : IntAlu : 
 359000: system.cpu: T0 : 0x25326    : bne t1, t4, -88            : IntAlu : 
 360000: system.cpu: T0 : 0x252ce    : lbu a5, 0(a3)              : MemRead :  D=0x0000000000000030 A=0x7ffffffffffffcce
 361000: system.cpu: T0 : 0x252d2    : addiw a5, a5, -48          : IntAlu :  D=0x0000000000000000
 362000: system.cpu: T0 : 0x252d6    : andi a4, a5, 255           : IntAlu :  D=0x0000000000000000
 363000: system.cpu: T0 : 0x252da    : bltu a7, a4, 98            : IntAlu : 
 364000: system.cpu: T0 : 0x252de    : lbu a1, 1(a3)              : MemRead :  D=0x0000000000000000 A=0x7ffffffffffffccf
 365000: system.cpu: T0 : 0x252e2    : addiw a4, a5, 0            : IntAlu :  D=0x0000000000000000
 365500: system.cpu: T0 : 0x252e6    : c_addi a3, 1               : IntAlu :  D=0x7ffffffffffffccf
 366000: system.cpu: T0 : 0x252e8    : addiw a2, a1, -48          : IntAlu :  D=0xffffffffffffffd0
 366500: system.cpu: T0 : 0x252ec    : andi a5, a2, 255           : IntAlu :  D=0x00000000000000d0
 367000: system.cpu: T0 : 0x252f0    : bltu a7, a5, 36            : IntAlu : 
 367500: system.cpu: T0 : 0x25314    : slliw a5, a0, 8            : IntAlu :  D=0x0000000000050100
 368000: system.cpu: T0 : 0x25318    : c_or a5, a4                : IntAlu :  D=0x0000000000050100
 368500: system.cpu: T0 : 0x2531a    : c_addiw t1, 1              : IntAlu :  D=0x0000000000000003
 369000: system.cpu: T0 : 0x2531c    : addiw a0, a5, 0            : IntAlu :  D=0x0000000000050100
 369500: system.cpu: T0 : 0x25320    : c_addi a3, 1               : IntAlu :  D=0x7ffffffffffffcd0
 370500: system.cpu: T0 : 0x25322    : bne a1, t3, 20             : IntAlu : 
 371000: system.cpu: T0 : 0x25336    : c_li a5, 3                 : IntAlu :  D=0x0000000000000003
 371500: system.cpu: T0 : 0x25338    : beq t1, a5, -14            : IntAlu : 
 372000: system.cpu: T0 : 0x2532a    : c_addiw a0, 0              : IntAlu :  D=0x0000000000050100
 372500: system.cpu: T0 : 0x2532c    : c_ldsp ra, 488(sp)         : MemRead :  D=0x0000000000012cd6 A=0x7ffffffffffffde8
 373000: system.cpu: T0 : 0x2532e    : c_ldsp s0, 480(sp)         : MemRead :  D=0x0000000000012fbe A=0x7ffffffffffffde0
 373500: system.cpu: T0 : 0x25330    : c_ldsp s1, 472(sp)         : MemRead :  D=0x000000000001304e A=0x7ffffffffffffdd8
 374000: system.cpu: T0 : 0x25332    : c_addi16sp sp, 496         : IntAlu :  D=0x7ffffffffffffdf0
 374500: system.cpu: T0 : 0x25334    : c_jr ra                    : IntAlu : 
 375000: system.cpu: T0 : 0x12cd6    : c_mv a5, a0                : IntAlu :  D=0x0000000000050100
 375500: system.cpu: T0 : 0x12cd8    : blt a0, zero, 104          : IntAlu : 
 376000: system.cpu: T0 : 0x12cdc    : lui a4, 116                : IntAlu :  D=0x0000000000074000
 376500: system.cpu: T0 : 0x12ce0    : lw a3, 752(a4)             : MemRead :  D=0x0000000000000000 A=0x742f0
 377000: system.cpu: T0 : 0x12ce4    : addiw a4, a0, 0            : IntAlu :  D=0x0000000000050100
 377500: system.cpu: T0 : 0x12ce8    : c_bnez a3, 82              : IntAlu : 
 378500: system.cpu: T0 : 0x12cea    : lui a3, 116                : IntAlu :  D=0x0000000000074000
 379500: system.cpu: T0 : 0x12cee    : sw a4, 752(a3)             : MemWrite :  D=0x0000000000050100 A=0x742f0
 380500: system.cpu: T0 : 0x12cf2    : lui a4, 65                 : IntAlu :  D=0x0000000000041000
 381500: system.cpu: T0 : 0x12cf6    : addi a4, a4, -257          : IntAlu :  D=0x0000000000040eff
 382500: system.cpu: T0 : 0x12cfa    : blt a4, a5, -322           : IntAlu : 
 383000: system.cpu: T0 : 0x12bb8    : addi a5, zero, 0           : IntAlu :  D=0x0000000000000000
 383500: system.cpu: T0 : 0x12bbc    : c_beqz a5, 10              : IntAlu : 
 384500: system.cpu: T0 : 0x12bc6    : lui a5, 113                : IntAlu :  D=0x0000000000071000
 385500: system.cpu: T0 : 0x12bca    : ld a5, -128(a5)            : MemRead :  D=0x7fffffffffffffd8 A=0x70f80
 386500: system.cpu: T0 : 0x12bce    : lbu a4, 14(a5)             : MemRead :  D=0x0000000000000074 A=0x7fffffffffffffe6
 387500: system.cpu: T0 : 0x12bd2    : lbu a7, 8(a5)              : MemRead :  D=0x000000000000006f A=0x7fffffffffffffe0
 388500: system.cpu: T0 : 0x12bd6    : lbu a6, 9(a5)              : MemRead :  D=0x0000000000000061 A=0x7fffffffffffffe1
 389500: system.cpu: T0 : 0x12bda    : lbu a0, 10(a5)             : MemRead :  D=0x0000000000000064 A=0x7fffffffffffffe2
 390500: system.cpu: T0 : 0x12bde    : lbu a1, 11(a5)             : MemRead :  D=0x0000000000000073 A=0x7fffffffffffffe3
 391500: system.cpu: T0 : 0x12be2    : lbu a2, 12(a5)             : MemRead :  D=0x000000000000002f A=0x7fffffffffffffe4
 392500: system.cpu: T0 : 0x12be6    : lbu a3, 13(a5)             : MemRead :  D=0x0000000000000073 A=0x7fffffffffffffe5
 393500: system.cpu: T0 : 0x12bea    : lbu a5, 15(a5)             : MemRead :  D=0x0000000000000061 A=0x7fffffffffffffe7
 394500: system.cpu: T0 : 0x12bee    : sb a7, 40(sp)              : MemWrite :  D=0x000000000000006f A=0x7ffffffffffffe18
 395500: system.cpu: T0 : 0x12bf2    : sb a6, 41(sp)              : MemWrite :  D=0x0000000000000061 A=0x7ffffffffffffe19
 396500: system.cpu: T0 : 0x12bf6    : sb a5, 47(sp)              : MemWrite :  D=0x0000000000000061 A=0x7ffffffffffffe1f
 397500: system.cpu: T0 : 0x12bfa    : sb a0, 42(sp)              : MemWrite :  D=0x0000000000000064 A=0x7ffffffffffffe1a
 398500: system.cpu: T0 : 0x12bfe    : sb a1, 43(sp)              : MemWrite :  D=0x0000000000000073 A=0x7ffffffffffffe1b
 399500: system.cpu: T0 : 0x12c02    : sb a2, 44(sp)              : MemWrite :  D=0x000000000000002f A=0x7ffffffffffffe1c
 400500: system.cpu: T0 : 0x12c06    : sb a3, 45(sp)              : MemWrite :  D=0x0000000000000073 A=0x7ffffffffffffe1d
 401500: system.cpu: T0 : 0x12c0a    : sb a4, 46(sp)              : MemWrite :  D=0x0000000000000074 A=0x7ffffffffffffe1e
 402000: system.cpu: T0 : 0x12c0e    : c_ldsp a4, 40(sp)          : MemRead :  D=0x6174732f7364616f A=0x7ffffffffffffe18
 402500: system.cpu: T0 : 0x12c10    : lui a5, 113                : IntAlu :  D=0x0000000000071000
 403000: system.cpu: T0 : 0x12c14    : sd a4, -1256(a5)           : MemWrite :  D=0x6174732f7364616f A=0x70b18
 403500: system.cpu: T0 : 0x12c18    : beq s2, zero, 14           : IntAlu : 
 404500: system.cpu: T0 : 0x12c26    : ld a2, -1360(gp)           : MemRead :  D=0x7fffffffffffff48 A=0x72de0
 405000: system.cpu: T0 : 0x12c2a    : c_ldsp a1, 16(sp)          : MemRead :  D=0x7fffffffffffff38 A=0x7ffffffffffffe00
 405500: system.cpu: T0 : 0x12c2c    : c_ldsp a0, 8(sp)           : MemRead :  D=0x0000000000000001 A=0x7ffffffffffffdf8
 406500: system.cpu: T0 : 0x12c2e    : jal ra, 75632              : IntAlu :  D=0x0000000000012c32
 407000: system.cpu: T0 : 0x2539e    : c_addi sp, -32             : IntAlu :  D=0x7ffffffffffffdd0
 407500: system.cpu: T0 : 0x253a0    : c_sdsp s0, 16(sp)          : MemWrite :  D=0x0000000000012fbe A=0x7ffffffffffffde0
 408000: system.cpu: T0 : 0x253a2    : c_sdsp s1, 8(sp)           : MemWrite :  D=0x000000000001304e A=0x7ffffffffffffdd8
 408500: system.cpu: T0 : 0x253a4    : c_sdsp s2, 0(sp)           : MemWrite :  D=0x0000000000000000 A=0x7ffffffffffffdd0
 409000: system.cpu: T0 : 0x253a6    : c_sdsp ra, 24(sp)          : MemWrite :  D=0x0000000000012c32 A=0x7ffffffffffffde8
 409500: system.cpu: T0 : 0x253a8    : addi a4, zero, 0           : IntAlu :  D=0x0000000000000000
 410000: system.cpu: T0 : 0x253ac    : c_mv s0, a0                : IntAlu :  D=0x0000000000000001
 410500: system.cpu: T0 : 0x253ae    : c_mv s1, a1                : IntAlu :  D=0x7fffffffffffff38
 411000: system.cpu: T0 : 0x253b0    : c_mv s2, a2                : IntAlu :  D=0x7fffffffffffff48
 411500: system.cpu: T0 : 0x253b2    : c_beqz a4, 62              : IntAlu : 
 412000: system.cpu: T0 : 0x253f0    : lw a0, -1248(gp)           : MemRead :  D=0x0000000000000000 A=0x72e50
 412500: system.cpu: T0 : 0x253f4    : lw a5, -1344(gp)           : MemRead :  D=0x0000000000000000 A=0x72df0
 413000: system.cpu: T0 : 0x253f8    : sw zero, -1728(gp)         : MemWrite :  D=0x0000000000000000 A=0x72c70
 413500: system.cpu: T0 : 0x253fc    : beq a5, a0, -60            : IntAlu : 
 414000: system.cpu: T0 : 0x253c0    : lui a5, 116                : IntAlu :  D=0x0000000000074000
 414500: system.cpu: T0 : 0x253c4    : sw s0, 776(a5)             : MemWrite :  D=0x0000000000000001 A=0x74308
 415000: system.cpu: T0 : 0x253c8    : lui a5, 116                : IntAlu :  D=0x0000000000074000
 415500: system.cpu: T0 : 0x253cc    : sd s1, 784(a5)             : MemWrite :  D=0x7fffffffffffff38 A=0x74310
 416000: system.cpu: T0 : 0x253d0    : sd s2, -1360(gp)           : MemWrite :  D=0x7fffffffffffff48 A=0x72de0
 416500: system.cpu: T0 : 0x253d4    : jal ra, -2314              : IntAlu :  D=0x00000000000253d8
 417000: system.cpu: T0 : 0x24aca    : c_addi16sp sp, -160        : IntAlu :  D=0x7ffffffffffffd30
 417500: system.cpu: T0 : 0x24acc    : c_sdsp ra, 152(sp)         : MemWrite :  D=0x00000000000253d8 A=0x7ffffffffffffdc8
 418000: system.cpu: T0 : 0x24ace    : c_sdsp s1, 136(sp)         : MemWrite :  D=0x7fffffffffffff38 A=0x7ffffffffffffdb8
 418500: system.cpu: T0 : 0x24ad0    : c_sdsp s2, 128(sp)         : MemWrite :  D=0x7fffffffffffff48 A=0x7ffffffffffffdb0
 419000: system.cpu: T0 : 0x24ad2    : c_sdsp s3, 120(sp)         : MemWrite :  D=0x0000000000000000 A=0x7ffffffffffffda8
 419500: system.cpu: T0 : 0x24ad4    : c_sdsp s4, 112(sp)         : MemWrite :  D=0x0000000000000000 A=0x7ffffffffffffda0
 420000: system.cpu: T0 : 0x24ad6    : c_sdsp s0, 144(sp)         : MemWrite :  D=0x0000000000000001 A=0x7ffffffffffffdc0
 420500: system.cpu: T0 : 0x24ad8    : c_sdsp s5, 104(sp)         : MemWrite :  D=0x0000000000000000 A=0x7ffffffffffffd98
 421000: system.cpu: T0 : 0x24ada    : c_sdsp s6, 96(sp)          : MemWrite :  D=0x0000000000000000 A=0x7ffffffffffffd90
 421500: system.cpu: T0 : 0x24adc    : c_sdsp s7, 88(sp)          : MemWrite :  D=0x0000000000000000 A=0x7ffffffffffffd88
 422000: system.cpu: T0 : 0x24ade    : c_sdsp s8, 80(sp)          : MemWrite :  D=0x0000000000000000 A=0x7ffffffffffffd80
 422500: system.cpu: T0 : 0x24ae0    : c_sdsp s9, 72(sp)          : MemWrite :  D=0x0000000000000000 A=0x7ffffffffffffd78
 423000: system.cpu: T0 : 0x24ae2    : c_sdsp s10, 64(sp)         : MemWrite :  D=0x0000000000000000 A=0x7ffffffffffffd70
 423500: system.cpu: T0 : 0x24ae4    : lui s2, 116                : IntAlu :  D=0x0000000000074000
 424000: system.cpu: T0 : 0x24ae8    : jal ra, 116914             : IntAlu :  D=0x0000000000024aec
 424500: system.cpu: T0 : 0x4139a    : c_lui t1, 1048575          : IntAlu :  D=0xfffffffffffff000
 425000: system.cpu: T0 : 0x4139c    : c_addi16sp sp, -48         : IntAlu :  D=0x7ffffffffffffd00
 425500: system.cpu: T0 : 0x4139e    : c_addi t1, 16              : IntAlu :  D=0xfffffffffffff010
 426000: system.cpu: T0 : 0x413a0    : c_sdsp ra, 40(sp)          : MemWrite :  D=0x0000000000024aec A=0x7ffffffffffffd28
 426500: system.cpu: T0 : 0x413a2    : c_sdsp s0, 32(sp)          : MemWrite :  D=0x0000000000000001 A=0x7ffffffffffffd20
 427000: system.cpu: T0 : 0x413a4    : c_sdsp s1, 24(sp)          : MemWrite :  D=0x7fffffffffffff38 A=0x7ffffffffffffd18
 427500: system.cpu: T0 : 0x413a6    : c_sdsp s2, 16(sp)          : MemWrite :  D=0x0000000000074000 A=0x7ffffffffffffd10
 428000: system.cpu: T0 : 0x413a8    : lui a1, 100                : IntAlu :  D=0x0000000000064000
 428500: system.cpu: T0 : 0x413ac    : c_add sp, t1               : IntAlu :  D=0x7fffffffffffed10
 429000: system.cpu: T0 : 0x413ae    : c_lui a5, 1048575          : IntAlu :  D=0xfffffffffffff000
 429500: system.cpu: T0 : 0x413b0    : addi a7, zero, 78          : IntAlu :  D=0x000000000000004e
 430000: system.cpu: T0 : 0x413b4    : addi a0, zero, -100        : IntAlu :  D=0xffffffffffffff9c
 430500: system.cpu: T0 : 0x413b8    : addi a1, a1, 1968          : IntAlu :  D=0x00000000000647b0
 431000: system.cpu: T0 : 0x413bc    : c_mv a2, sp                : IntAlu :  D=0x7fffffffffffed10
 431500: system.cpu: T0 : 0x413be    : c_lui a3, 1                : IntAlu :  D=0x0000000000001000
 432000: system.cpu: T0 : 0x413c0    : ecall                      : No_OpClass : 
 432500: system.cpu: T0 : 0x413c4    : c_addiw a0, 0              : IntAlu :  D=0xfffffffffffffffe
 433500: system.cpu: T0 : 0x413c6    : bltu a5, a0, 84            : IntAlu : 
 434500: system.cpu: T0 : 0x4141a    : lui a5, 116                : IntAlu :  D=0x0000000000074000
 435500: system.cpu: T0 : 0x4141e    : ld s1, 680(a5)             : MemRead :  D=0x0000000000000000 A=0x742a8
 436000: system.cpu: T0 : 0x41422    : c_beqz s1, 62              : IntAlu : 
 436500: system.cpu: T0 : 0x41460    : c_li s0, -1                : IntAlu :  D=0xffffffffffffffff
 437000: system.cpu: T0 : 0x41462    : c_lui t1, 1                : IntAlu :  D=0x0000000000001000
 437500: system.cpu: T0 : 0x41464    : c_addi t1, -16             : IntAlu :  D=0x0000000000000ff0
 438000: system.cpu: T0 : 0x41466    : c_add sp, t1               : IntAlu :  D=0x7ffffffffffffd00
 438500: system.cpu: T0 : 0x41468    : c_ldsp ra, 40(sp)          : MemRead :  D=0x0000000000024aec A=0x7ffffffffffffd28
 439000: system.cpu: T0 : 0x4146a    : c_mv a0, s0                : IntAlu :  D=0xffffffffffffffff
 439500: system.cpu: T0 : 0x4146c    : c_ldsp s1, 24(sp)          : MemRead :  D=0x7fffffffffffff38 A=0x7ffffffffffffd18
 440000: system.cpu: T0 : 0x4146e    : c_ldsp s0, 32(sp)          : MemRead :  D=0x0000000000000001 A=0x7ffffffffffffd20
 440500: system.cpu: T0 : 0x41470    : c_ldsp s2, 16(sp)          : MemRead :  D=0x0000000000074000 A=0x7ffffffffffffd10
 441000: system.cpu: T0 : 0x41472    : c_addi16sp sp, 48          : IntAlu :  D=0x7ffffffffffffd30
 441500: system.cpu: T0 : 0x41474    : c_jr ra                    : IntAlu : 
 442000: system.cpu: T0 : 0x24aec    : lui s3, 116                : IntAlu :  D=0x0000000000074000
 442500: system.cpu: T0 : 0x24af0    : ld a5, 720(s3)             : MemRead :  D=0x0000000000000006 A=0x742d0
 443000: system.cpu: T0 : 0x24af4    : ld a4, 664(s2)             : MemRead :  D=0x0000000000010040 A=0x74298
 443500: system.cpu: T0 : 0x24af8    : c_mv a3, a0                : IntAlu :  D=0xffffffffffffffff
 444500: system.cpu: T0 : 0x24afa    : lui s4, 114                : IntAlu :  D=0x0000000000072000
 445500: system.cpu: T0 : 0x24afe    : lui a0, 82                 : IntAlu :  D=0x0000000000052000
 446500: system.cpu: T0 : 0x24b02    : addi s1, s4, -416          : IntAlu :  D=0x0000000000071e60
 447500: system.cpu: T0 : 0x24b06    : addi a0, a0, 848           : IntAlu :  D=0x0000000000052350
 448500: system.cpu: T0 : 0x24b0a    : sh a5, 696(s1)             : MemWrite :  D=0x0000000000000006 A=0x72118
 449500: system.cpu: T0 : 0x24b0e    : sd a3, 840(s1)             : MemWrite :  D=0xffffffffffffffff A=0x721a8
 450500: system.cpu: T0 : 0x24b12    : sd a4, 680(s1)             : MemWrite :  D=0x0000000000010040 A=0x72108
 451500: system.cpu: T0 : 0x24b16    : jal ra, -56910             : IntAlu :  D=0x0000000000024b1a
 452000: system.cpu: T0 : 0x16cc8    : c_addi16sp sp, -64         : IntAlu :  D=0x7ffffffffffffcf0
 452500: system.cpu: T0 : 0x16cca    : c_sdsp s1, 40(sp)          : MemWrite :  D=0x0000000000071e60 A=0x7ffffffffffffd18
 453000: system.cpu: T0 : 0x16ccc    : ld s1, -1360(gp)           : MemRead :  D=0x7fffffffffffff48 A=0x72de0
 453500: system.cpu: T0 : 0x16cd0    : c_sdsp ra, 56(sp)          : MemWrite :  D=0x0000000000024b1a A=0x7ffffffffffffd28
 454000: system.cpu: T0 : 0x16cd2    : c_sdsp s0, 48(sp)          : MemWrite :  D=0x0000000000000001 A=0x7ffffffffffffd20
 454500: system.cpu: T0 : 0x16cd4    : c_sdsp s2, 32(sp)          : MemWrite :  D=0x0000000000074000 A=0x7ffffffffffffd10
 455000: system.cpu: T0 : 0x16cd6    : c_sdsp s3, 24(sp)          : MemWrite :  D=0x0000000000074000 A=0x7ffffffffffffd08
 455500: system.cpu: T0 : 0x16cd8    : c_sdsp s4, 16(sp)          : MemWrite :  D=0x0000000000072000 A=0x7ffffffffffffd00
 456000: system.cpu: T0 : 0x16cda    : c_sdsp s5, 8(sp)           : MemWrite :  D=0x0000000000000000 A=0x7ffffffffffffcf8
 456500: system.cpu: T0 : 0x16cdc    : c_sdsp s6, 0(sp)           : MemWrite :  D=0x0000000000000000 A=0x7ffffffffffffcf0
 457000: system.cpu: T0 : 0x16cde    : c_beqz s1, 210             : IntAlu : 
 457500: system.cpu: T0 : 0x16ce0    : lbu a5, 0(a0)              : MemRead :  D=0x000000000000004c A=0x52350
 458000: system.cpu: T0 : 0x16ce4    : c_mv s4, a0                : IntAlu :  D=0x0000000000052350
 458500: system.cpu: T0 : 0x16ce6    : c_beqz a5, 202             : IntAlu : 
 459000: system.cpu: T0 : 0x16ce8    : lbu s5, 1(a0)              : MemRead :  D=0x0000000000000044 A=0x52351
 459500: system.cpu: T0 : 0x16cec    : slliw s2, a5, 16           : IntAlu :  D=0x00000000004c0000
 460000: system.cpu: T0 : 0x16cf0    : c_ld s0, 0(s1)             : MemRead :  D=0x0000000000000000 A=0x7fffffffffffff48
 461000: system.cpu: T0 : 0x16cf2    : sraiw s2, s2, 16           : IntAlu :  D=0x000000000000004c
 462000: system.cpu: T0 : 0x16cf6    : bne s5, zero, 86           : IntAlu : 
 462500: system.cpu: T0 : 0x16d4c    : jal ra, 42506              : IntAlu :  D=0x0000000000016d50
 463500: system.cpu: T0 : 0x21356    : andi a5, a0, 7             : IntAlu :  D=0x0000000000000000
 464000: system.cpu: T0 : 0x2135a    : c_beqz a5, 26              : IntAlu : 
 464500: system.cpu: T0 : 0x21374    : c_mv a5, a0                : IntAlu :  D=0x0000000000052350
 465500: system.cpu: T0 : 0x21376    : ld a6, -2024(gp)           : MemRead :  D=0xfefefefefefefeff A=0x72b48
 466500: system.cpu: T0 : 0x2137a    : ld a1, -2016(gp)           : MemRead :  D=0x8080808080808080 A=0x72b50
 467000: system.cpu: T0 : 0x2137e    : c_ld a2, 0(a5)             : MemRead :  D=0x004e5241575f444c A=0x52350
 467500: system.cpu: T0 : 0x21380    : addi a3, a5, 8             : IntAlu :  D=0x0000000000052358
 468000: system.cpu: T0 : 0x21384    : add a4, a2, a6             : IntAlu :  D=0xff4d5140565e434b
 468500: system.cpu: T0 : 0x21388    : xori a2, a2, 18446744073709551615 : IntAlu :  D=0xffb1adbea8a0bbb3
 469000: system.cpu: T0 : 0x2138c    : c_and a4, a2               : IntAlu :  D=0xff01010000000303
 469500: system.cpu: T0 : 0x2138e    : c_and a4, a1               : IntAlu :  D=0x8000000000000000
 470000: system.cpu: T0 : 0x21390    : c_beqz a4, 50              : IntAlu : 
 471000: system.cpu: T0 : 0x21392    : lbu a4, -8(a3)             : MemRead :  D=0x000000000000004c A=0x52350
 471500: system.cpu: T0 : 0x21396    : c_beqz a4, -40             : IntAlu : 
 472000: system.cpu: T0 : 0x21398    : lbu a4, -7(a3)             : MemRead :  D=0x0000000000000044 A=0x52351
 472500: system.cpu: T0 : 0x2139c    : c_beqz a4, 50              : IntAlu : 
 473500: system.cpu: T0 : 0x2139e    : lbu a4, -6(a3)             : MemRead :  D=0x000000000000005f A=0x52352
 474000: system.cpu: T0 : 0x213a2    : c_beqz a4, 52              : IntAlu : 
 474500: system.cpu: T0 : 0x213a4    : lbu a4, -5(a3)             : MemRead :  D=0x0000000000000057 A=0x52353
 475000: system.cpu: T0 : 0x213a8    : c_beqz a4, 54              : IntAlu : 
 476000: system.cpu: T0 : 0x213aa    : lbu a4, -4(a3)             : MemRead :  D=0x0000000000000041 A=0x52354
 476500: system.cpu: T0 : 0x213ae    : c_beqz a4, 56              : IntAlu : 
 477000: system.cpu: T0 : 0x213b0    : lbu a4, -3(a3)             : MemRead :  D=0x0000000000000052 A=0x52355
 477500: system.cpu: T0 : 0x213b4    : c_beqz a4, 58              : IntAlu : 
 478500: system.cpu: T0 : 0x213b6    : lbu a4, -2(a3)             : MemRead :  D=0x000000000000004e A=0x52356
 479000: system.cpu: T0 : 0x213ba    : c_beqz a4, 60              : IntAlu : 
 479500: system.cpu: T0 : 0x213bc    : lbu a4, -1(a3)             : MemRead :  D=0x0000000000000000 A=0x52357
 480000: system.cpu: T0 : 0x213c0    : c_beqz a4, 6               : IntAlu : 
 480500: system.cpu: T0 : 0x213c6    : c_sub a5, a0               : IntAlu :  D=0x0000000000000000
 481000: system.cpu: T0 : 0x213c8    : addi a0, a5, 7             : IntAlu :  D=0x0000000000000007
 481500: system.cpu: T0 : 0x213cc    : c_jr ra                    : IntAlu : 
 482000: system.cpu: T0 : 0x16d50    : slli a5, s5, 8             : IntAlu :  D=0x0000000000004400
 482500: system.cpu: T0 : 0x16d54    : or a5, s2, a5              : IntAlu :  D=0x000000000000444c
 483000: system.cpu: T0 : 0x16d58    : slliw s2, a5, 16           : IntAlu :  D=0x00000000444c0000
 483500: system.cpu: T0 : 0x16d5c    : c_mv s3, a0                : IntAlu :  D=0x0000000000000007
 484500: system.cpu: T0 : 0x16d5e    : sraiw s2, s2, 16           : IntAlu :  D=0x000000000000444c
 485500: system.cpu: T0 : 0x16d62    : addi s5, a0, -2            : IntAlu :  D=0x0000000000000005
 486000: system.cpu: T0 : 0x16d66    : c_addi s4, 2               : IntAlu :  D=0x0000000000052352
 486500: system.cpu: T0 : 0x16d68    : c_beqz s0, -50             : IntAlu : 
 487000: system.cpu: T0 : 0x16d36    : c_ldsp ra, 56(sp)          : MemRead :  D=0x0000000000024b1a A=0x7ffffffffffffd28
 487500: system.cpu: T0 : 0x16d38    : c_mv a0, s0                : IntAlu :  D=0x0000000000000000
 488000: system.cpu: T0 : 0x16d3a    : c_ldsp s0, 48(sp)          : MemRead :  D=0x0000000000000001 A=0x7ffffffffffffd20
 488500: system.cpu: T0 : 0x16d3c    : c_ldsp s1, 40(sp)          : MemRead :  D=0x0000000000071e60 A=0x7ffffffffffffd18
 489000: system.cpu: T0 : 0x16d3e    : c_ldsp s2, 32(sp)          : MemRead :  D=0x0000000000074000 A=0x7ffffffffffffd10
 489500: system.cpu: T0 : 0x16d40    : c_ldsp s3, 24(sp)          : MemRead :  D=0x0000000000074000 A=0x7ffffffffffffd08
 490000: system.cpu: T0 : 0x16d42    : c_ldsp s4, 16(sp)          : MemRead :  D=0x0000000000072000 A=0x7ffffffffffffd00
 490500: system.cpu: T0 : 0x16d44    : c_ldsp s5, 8(sp)           : MemRead :  D=0x0000000000000000 A=0x7ffffffffffffcf8
 491000: system.cpu: T0 : 0x16d46    : c_ldsp s6, 0(sp)           : MemRead :  D=0x0000000000000000 A=0x7ffffffffffffcf0
 491500: system.cpu: T0 : 0x16d48    : c_addi16sp sp, 64          : IntAlu :  D=0x7ffffffffffffd30
 492000: system.cpu: T0 : 0x16d4a    : c_jr ra                    : IntAlu : 
 492500: system.cpu: T0 : 0x24b1a    : c_li a5, 0                 : IntAlu :  D=0x0000000000000000
 493000: system.cpu: T0 : 0x24b1c    : c_beqz a0, 10              : IntAlu : 
 494000: system.cpu: T0 : 0x24b26    : lui s5, 116                : IntAlu :  D=0x0000000000074000
 495000: system.cpu: T0 : 0x24b2a    : ld a4, 696(s5)             : MemRead :  D=0x0000000000000000 A=0x742b8
 496000: system.cpu: T0 : 0x24b2e    : lui a3, 116                : IntAlu :  D=0x0000000000074000
 497000: system.cpu: T0 : 0x24b32    : sw a5, 712(a3)             : MemWrite :  D=0x0000000000000000 A=0x742c8
 498000: system.cpu: T0 : 0x24b36    : beq a4, zero, 1518         : IntAlu : 
 498500: system.cpu: T0 : 0x25124    : lui s6, 116                : IntAlu :  D=0x0000000000074000
 499000: system.cpu: T0 : 0x25128    : ld s0, 648(s6)             : MemRead :  D=0x0000000000000000 A=0x74288
 499500: system.cpu: T0 : 0x2512c    : bne s0, zero, -1062        : IntAlu : 
 500000: system.cpu: T0 : 0x25130    : lui s0, 113                : IntAlu :  D=0x0000000000071000
 500500: system.cpu: T0 : 0x25134    : addi s0, s0, -128          : IntAlu :  D=0x0000000000070f80
 501000: system.cpu: T0 : 0x25138    : sd zero, 8(s0)             : MemWrite :  D=0x0000000000000000 A=0x70f88
 501500: system.cpu: T0 : 0x2513c    : sd zero, 16(s0)            : MemWrite :  D=0x0000000000000000 A=0x70f90
 502000: system.cpu: T0 : 0x25140    : sd zero, 24(s0)            : MemWrite :  D=0x0000000000000000 A=0x70f98
 502500: system.cpu: T0 : 0x25144    : c_li a5, 0                 : IntAlu :  D=0x0000000000000000
 503000: system.cpu: T0 : 0x25146    : c_j -678                   : IntAlu : 
 503500: system.cpu: T0 : 0x24ea0    : lui a0, 82                 : IntAlu :  D=0x0000000000052000
 504000: system.cpu: T0 : 0x24ea4    : addi a0, a0, 1200          : IntAlu :  D=0x00000000000524b0
 504500: system.cpu: T0 : 0x24ea8    : c_sd a5, 32(s0)            : MemWrite :  D=0x0000000000000000 A=0x70fa0
 505500: system.cpu: T0 : 0x24eaa    : jal ra, -57826             : IntAlu :  D=0x0000000000024eae
 506000: system.cpu: T0 : 0x16cc8    : c_addi16sp sp, -64         : IntAlu :  D=0x7ffffffffffffcf0
 506500: system.cpu: T0 : 0x16cca    : c_sdsp s1, 40(sp)          : MemWrite :  D=0x0000000000071e60 A=0x7ffffffffffffd18
 507000: system.cpu: T0 : 0x16ccc    : ld s1, -1360(gp)           : MemRead :  D=0x7fffffffffffff48 A=0x72de0
 507500: system.cpu: T0 : 0x16cd0    : c_sdsp ra, 56(sp)          : MemWrite :  D=0x0000000000024eae A=0x7ffffffffffffd28
 508000: system.cpu: T0 : 0x16cd2    : c_sdsp s0, 48(sp)          : MemWrite :  D=0x0000000000070f80 A=0x7ffffffffffffd20
 508500: system.cpu: T0 : 0x16cd4    : c_sdsp s2, 32(sp)          : MemWrite :  D=0x0000000000074000 A=0x7ffffffffffffd10
 509000: system.cpu: T0 : 0x16cd6    : c_sdsp s3, 24(sp)          : MemWrite :  D=0x0000000000074000 A=0x7ffffffffffffd08
 509500: system.cpu: T0 : 0x16cd8    : c_sdsp s4, 16(sp)          : MemWrite :  D=0x0000000000072000 A=0x7ffffffffffffd00
 510000: system.cpu: T0 : 0x16cda    : c_sdsp s5, 8(sp)           : MemWrite :  D=0x0000000000074000 A=0x7ffffffffffffcf8
 510500: system.cpu: T0 : 0x16cdc    : c_sdsp s6, 0(sp)           : MemWrite :  D=0x0000000000074000 A=0x7ffffffffffffcf0
 511000: system.cpu: T0 : 0x16cde    : c_beqz s1, 210             : IntAlu : 
 511500: system.cpu: T0 : 0x16ce0    : lbu a5, 0(a0)              : MemRead :  D=0x000000000000004c A=0x524b0
 512000: system.cpu: T0 : 0x16ce4    : c_mv s4, a0                : IntAlu :  D=0x00000000000524b0
 512500: system.cpu: T0 : 0x16ce6    : c_beqz a5, 202             : IntAlu : 
 513000: system.cpu: T0 : 0x16ce8    : lbu s5, 1(a0)              : MemRead :  D=0x0000000000000044 A=0x524b1
 513500: system.cpu: T0 : 0x16cec    : slliw s2, a5, 16           : IntAlu :  D=0x00000000004c0000
 514000: system.cpu: T0 : 0x16cf0    : c_ld s0, 0(s1)             : MemRead :  D=0x0000000000000000 A=0x7fffffffffffff48
 515000: system.cpu: T0 : 0x16cf2    : sraiw s2, s2, 16           : IntAlu :  D=0x000000000000004c
 516000: system.cpu: T0 : 0x16cf6    : bne s5, zero, 86           : IntAlu : 
 516500: system.cpu: T0 : 0x16d4c    : jal ra, 42506              : IntAlu :  D=0x0000000000016d50
 517500: system.cpu: T0 : 0x21356    : andi a5, a0, 7             : IntAlu :  D=0x0000000000000000
 518000: system.cpu: T0 : 0x2135a    : c_beqz a5, 26              : IntAlu : 
 518500: system.cpu: T0 : 0x21374    : c_mv a5, a0                : IntAlu :  D=0x00000000000524b0
 519500: system.cpu: T0 : 0x21376    : ld a6, -2024(gp)           : MemRead :  D=0xfefefefefefefeff A=0x72b48
 520500: system.cpu: T0 : 0x2137a    : ld a1, -2016(gp)           : MemRead :  D=0x8080808080808080 A=0x72b50
 521000: system.cpu: T0 : 0x2137e    : c_ld a2, 0(a5)             : MemRead :  D=0x415242494c5f444c A=0x524b0
 521500: system.cpu: T0 : 0x21380    : addi a3, a5, 8             : IntAlu :  D=0x00000000000524b8
 522000: system.cpu: T0 : 0x21384    : add a4, a2, a6             : IntAlu :  D=0x405141484b5e434b
 522500: system.cpu: T0 : 0x21388    : xori a2, a2, 18446744073709551615 : IntAlu :  D=0xbeadbdb6b3a0bbb3
 523000: system.cpu: T0 : 0x2138c    : c_and a4, a2               : IntAlu :  D=0x0001010003000303
 523500: system.cpu: T0 : 0x2138e    : c_and a4, a1               : IntAlu :  D=0x0000000000000000
 524000: system.cpu: T0 : 0x21390    : c_beqz a4, 50              : IntAlu : 
 524500: system.cpu: T0 : 0x213c2    : c_mv a5, a3                : IntAlu :  D=0x00000000000524b8
 525000: system.cpu: T0 : 0x213c4    : c_j -70                    : IntAlu : 
 525500: system.cpu: T0 : 0x2137e    : c_ld a2, 0(a5)             : MemRead :  D=0x00485441505f5952 A=0x524b8
 526000: system.cpu: T0 : 0x21380    : addi a3, a5, 8             : IntAlu :  D=0x00000000000524c0
 526500: system.cpu: T0 : 0x21384    : add a4, a2, a6             : IntAlu :  D=0xff4753404f5e5851
 527000: system.cpu: T0 : 0x21388    : xori a2, a2, 18446744073709551615 : IntAlu :  D=0xffb7abbeafa0a6ad
 527500: system.cpu: T0 : 0x2138c    : c_and a4, a2               : IntAlu :  D=0xff0703000f000001
 528000: system.cpu: T0 : 0x2138e    : c_and a4, a1               : IntAlu :  D=0x8000000000000000
 528500: system.cpu: T0 : 0x21390    : c_beqz a4, 50              : IntAlu : 
 529500: system.cpu: T0 : 0x21392    : lbu a4, -8(a3)             : MemRead :  D=0x0000000000000052 A=0x524b8
 530000: system.cpu: T0 : 0x21396    : c_beqz a4, -40             : IntAlu : 
 530500: system.cpu: T0 : 0x21398    : lbu a4, -7(a3)             : MemRead :  D=0x0000000000000059 A=0x524b9
 531000: system.cpu: T0 : 0x2139c    : c_beqz a4, 50              : IntAlu : 
 532000: system.cpu: T0 : 0x2139e    : lbu a4, -6(a3)             : MemRead :  D=0x000000000000005f A=0x524ba
 532500: system.cpu: T0 : 0x213a2    : c_beqz a4, 52              : IntAlu : 
 533000: system.cpu: T0 : 0x213a4    : lbu a4, -5(a3)             : MemRead :  D=0x0000000000000050 A=0x524bb
 533500: system.cpu: T0 : 0x213a8    : c_beqz a4, 54              : IntAlu : 
 534500: system.cpu: T0 : 0x213aa    : lbu a4, -4(a3)             : MemRead :  D=0x0000000000000041 A=0x524bc
 535000: system.cpu: T0 : 0x213ae    : c_beqz a4, 56              : IntAlu : 
 535500: system.cpu: T0 : 0x213b0    : lbu a4, -3(a3)             : MemRead :  D=0x0000000000000054 A=0x524bd
 536000: system.cpu: T0 : 0x213b4    : c_beqz a4, 58              : IntAlu : 
 537000: system.cpu: T0 : 0x213b6    : lbu a4, -2(a3)             : MemRead :  D=0x0000000000000048 A=0x524be
 537500: system.cpu: T0 : 0x213ba    : c_beqz a4, 60              : IntAlu : 
 538000: system.cpu: T0 : 0x213bc    : lbu a4, -1(a3)             : MemRead :  D=0x0000000000000000 A=0x524bf
 538500: system.cpu: T0 : 0x213c0    : c_beqz a4, 6               : IntAlu : 
 539000: system.cpu: T0 : 0x213c6    : c_sub a5, a0               : IntAlu :  D=0x0000000000000008
 539500: system.cpu: T0 : 0x213c8    : addi a0, a5, 7             : IntAlu :  D=0x000000000000000f
 540000: system.cpu: T0 : 0x213cc    : c_jr ra                    : IntAlu : 
 540500: system.cpu: T0 : 0x16d50    : slli a5, s5, 8             : IntAlu :  D=0x0000000000004400
 541000: system.cpu: T0 : 0x16d54    : or a5, s2, a5              : IntAlu :  D=0x000000000000444c
 541500: system.cpu: T0 : 0x16d58    : slliw s2, a5, 16           : IntAlu :  D=0x00000000444c0000
 542000: system.cpu: T0 : 0x16d5c    : c_mv s3, a0                : IntAlu :  D=0x000000000000000f
 543000: system.cpu: T0 : 0x16d5e    : sraiw s2, s2, 16           : IntAlu :  D=0x000000000000444c
 544000: system.cpu: T0 : 0x16d62    : addi s5, a0, -2            : IntAlu :  D=0x000000000000000d
 544500: system.cpu: T0 : 0x16d66    : c_addi s4, 2               : IntAlu :  D=0x00000000000524b2
 545000: system.cpu: T0 : 0x16d68    : c_beqz s0, -50             : IntAlu : 
 545500: system.cpu: T0 : 0x16d36    : c_ldsp ra, 56(sp)          : MemRead :  D=0x0000000000024eae A=0x7ffffffffffffd28
 546000: system.cpu: T0 : 0x16d38    : c_mv a0, s0                : IntAlu :  D=0x0000000000000000
 546500: system.cpu: T0 : 0x16d3a    : c_ldsp s0, 48(sp)          : MemRead :  D=0x0000000000070f80 A=0x7ffffffffffffd20
 547000: system.cpu: T0 : 0x16d3c    : c_ldsp s1, 40(sp)          : MemRead :  D=0x0000000000071e60 A=0x7ffffffffffffd18
 547500: system.cpu: T0 : 0x16d3e    : c_ldsp s2, 32(sp)          : MemRead :  D=0x0000000000074000 A=0x7ffffffffffffd10
 548000: system.cpu: T0 : 0x16d40    : c_ldsp s3, 24(sp)          : MemRead :  D=0x0000000000074000 A=0x7ffffffffffffd08
 548500: system.cpu: T0 : 0x16d42    : c_ldsp s4, 16(sp)          : MemRead :  D=0x0000000000072000 A=0x7ffffffffffffd00
 549000: system.cpu: T0 : 0x16d44    : c_ldsp s5, 8(sp)           : MemRead :  D=0x0000000000074000 A=0x7ffffffffffffcf8
 549500: system.cpu: T0 : 0x16d46    : c_ldsp s6, 0(sp)           : MemRead :  D=0x0000000000074000 A=0x7ffffffffffffcf0
 550000: system.cpu: T0 : 0x16d48    : c_addi16sp sp, 64          : IntAlu :  D=0x7ffffffffffffd30
 550500: system.cpu: T0 : 0x16d4a    : c_jr ra                    : IntAlu : 
 551500: system.cpu: T0 : 0x24eae    : jal ra, 99838              : IntAlu :  D=0x0000000000024eb2
 552000: system.cpu: T0 : 0x3d4ac    : c_addi16sp sp, -64         : IntAlu :  D=0x7ffffffffffffcf0
 552500: system.cpu: T0 : 0x3d4ae    : c_sdsp ra, 56(sp)          : MemWrite :  D=0x0000000000024eb2 A=0x7ffffffffffffd28
 553000: system.cpu: T0 : 0x3d4b0    : c_sdsp s0, 48(sp)          : MemWrite :  D=0x0000000000070f80 A=0x7ffffffffffffd20
 553500: system.cpu: T0 : 0x3d4b2    : c_sdsp s2, 32(sp)          : MemWrite :  D=0x0000000000074000 A=0x7ffffffffffffd10
 554000: system.cpu: T0 : 0x3d4b4    : c_sdsp s3, 24(sp)          : MemWrite :  D=0x0000000000074000 A=0x7ffffffffffffd08
 554500: system.cpu: T0 : 0x3d4b6    : c_addi4spn s0, sp, 64      : IntAlu :  D=0x7ffffffffffffd30
 555000: system.cpu: T0 : 0x3d4b8    : c_sdsp s1, 40(sp)          : MemWrite :  D=0x0000000000071e60 A=0x7ffffffffffffd18
 555500: system.cpu: T0 : 0x3d4ba    : c_sdsp s4, 16(sp)          : MemWrite :  D=0x0000000000072000 A=0x7ffffffffffffd00
 556000: system.cpu: T0 : 0x3d4bc    : c_sdsp s5, 8(sp)           : MemWrite :  D=0x0000000000074000 A=0x7ffffffffffffcf8
 557000: system.cpu: T0 : 0x3d4be    : lui a5, 116                : IntAlu :  D=0x0000000000074000
 558000: system.cpu: T0 : 0x3d4c2    : ld a1, 584(a5)             : MemRead :  D=0x0000000000000000 A=0x74248
 559000: system.cpu: T0 : 0x3d4c6    : lui a5, 116                : IntAlu :  D=0x0000000000074000
 559500: system.cpu: T0 : 0x3d4ca    : c_mv s2, a0                : IntAlu :  D=0x0000000000000000
 560000: system.cpu: T0 : 0x3d4cc    : lui s3, 113                : IntAlu :  D=0x0000000000071000
 560500: system.cpu: T0 : 0x3d4d0    : ld a0, 632(a5)             : MemRead :  D=0x0000000000000000 A=0x74278
 561000: system.cpu: T0 : 0x3d4d4    : addi s3, s3, -64           : IntAlu :  D=0x0000000000070fc0
 561500: system.cpu: T0 : 0x3d4d8    : addi a3, s3, 8             : IntAlu :  D=0x0000000000070fc8
 562000: system.cpu: T0 : 0x3d4dc    : addi a2, s3, 16            : IntAlu :  D=0x0000000000070fd0
 562500: system.cpu: T0 : 0x3d4e0    : jal ra, 9754               : IntAlu :  D=0x000000000003d4e4
 563000: system.cpu: T0 : 0x3fafa    : c_addi16sp sp, -192        : IntAlu :  D=0x7ffffffffffffc30
 563500: system.cpu: T0 : 0x3fafc    : c_sdsp s0, 176(sp)         : MemWrite :  D=0x7ffffffffffffd30 A=0x7ffffffffffffce0
 564000: system.cpu: T0 : 0x3fafe    : c_sdsp s3, 152(sp)         : MemWrite :  D=0x0000000000070fc0 A=0x7ffffffffffffcc8
 564500: system.cpu: T0 : 0x3fb00    : c_addi4spn s0, sp, 192     : IntAlu :  D=0x7ffffffffffffcf0
 565000: system.cpu: T0 : 0x3fb02    : c_sdsp s4, 144(sp)         : MemWrite :  D=0x0000000000072000 A=0x7ffffffffffffcc0
 565500: system.cpu: T0 : 0x3fb04    : c_sdsp s9, 104(sp)         : MemWrite :  D=0x0000000000000000 A=0x7ffffffffffffc98
 566000: system.cpu: T0 : 0x3fb06    : c_sdsp s11, 88(sp)         : MemWrite :  D=0x0000000000000000 A=0x7ffffffffffffc88
 566500: system.cpu: T0 : 0x3fb08    : c_sdsp ra, 184(sp)         : MemWrite :  D=0x000000000003d4e4 A=0x7ffffffffffffce8
 567000: system.cpu: T0 : 0x3fb0a    : c_sdsp s1, 168(sp)         : MemWrite :  D=0x0000000000071e60 A=0x7ffffffffffffcd8
 567500: system.cpu: T0 : 0x3fb0c    : c_sdsp s2, 160(sp)         : MemWrite :  D=0x0000000000000000 A=0x7ffffffffffffcd0
 568000: system.cpu: T0 : 0x3fb0e    : c_sdsp s5, 136(sp)         : MemWrite :  D=0x0000000000074000 A=0x7ffffffffffffcb8
 568500: system.cpu: T0 : 0x3fb10    : c_sdsp s6, 128(sp)         : MemWrite :  D=0x0000000000074000 A=0x7ffffffffffffcb0
 569000: system.cpu: T0 : 0x3fb12    : c_sdsp s7, 120(sp)         : MemWrite :  D=0x0000000000000000 A=0x7ffffffffffffca8
 569500: system.cpu: T0 : 0x3fb14    : c_sdsp s8, 112(sp)         : MemWrite :  D=0x0000000000000000 A=0x7ffffffffffffca0
 570000: system.cpu: T0 : 0x3fb16    : c_sdsp s10, 96(sp)         : MemWrite :  D=0x0000000000000000 A=0x7ffffffffffffc90
 570500: system.cpu: T0 : 0x3fb18    : c_mv a5, a2                : IntAlu :  D=0x0000000000070fd0
 571000: system.cpu: T0 : 0x3fb1a    : c_mv a4, a1                : IntAlu :  D=0x0000000000000000
 571500: system.cpu: T0 : 0x3fb1c    : c_mv s4, a0                : IntAlu :  D=0x0000000000000000
 572000: system.cpu: T0 : 0x3fb1e    : c_li a2, 0                 : IntAlu :  D=0x0000000000000000
 572500: system.cpu: T0 : 0x3fb20    : addi a1, s0, -120          : IntAlu :  D=0x7ffffffffffffc78
 573000: system.cpu: T0 : 0x3fb24    : c_li a0, 8                 : IntAlu :  D=0x0000000000000008
 574000: system.cpu: T0 : 0x3fb26    : sd a5, -136(s0)            : MemWrite :  D=0x0000000000070fd0 A=0x7ffffffffffffc68
 575000: system.cpu: T0 : 0x3fb2a    : sd a3, -160(s0)            : MemWrite :  D=0x0000000000070fc8 A=0x7ffffffffffffc50
 576000: system.cpu: T0 : 0x3fb2e    : sd a4, -144(s0)            : MemWrite :  D=0x0000000000000000 A=0x7ffffffffffffc60
 577000: system.cpu: T0 : 0x3fb32    : jal ra, -111428            : IntAlu :  D=0x000000000003fb36
 577500: system.cpu: T0 : 0x247ee    : c_slli a0, 32              : IntAlu :  D=0x0000000800000000
 578000: system.cpu: T0 : 0x247f0    : c_srli a0, 32              : IntAlu :  D=0x0000000000000008
 579000: system.cpu: T0 : 0x247f2    : slli a5, a0, 3             : IntAlu :  D=0x0000000000000040
 579500: system.cpu: T0 : 0x247f6    : c_sub a5, a0               : IntAlu :  D=0x0000000000000038
 580000: system.cpu: T0 : 0x247f8    : lui a4, 113                : IntAlu :  D=0x0000000000071000
 580500: system.cpu: T0 : 0x247fc    : addi a4, a4, -1248         : IntAlu :  D=0x0000000000070b20
 581000: system.cpu: T0 : 0x24800    : c_slli a5, 3               : IntAlu :  D=0x00000000000001c0
 581500: system.cpu: T0 : 0x24802    : c_add a5, a4               : IntAlu :  D=0x0000000000070ce0
 582000: system.cpu: T0 : 0x24804    : c_lw a3, 8(a5)             : MemRead :  D=0x0000000000000001 A=0x70ce8
 582500: system.cpu: T0 : 0x24806    : c_li a6, 2                 : IntAlu :  D=0x0000000000000002
 583000: system.cpu: T0 : 0x24808    : c_ld a5, 32(a5)            : MemRead :  D=0x0000000000000000 A=0x70d00
 584000: system.cpu: T0 : 0x2480a    : bltu a6, a3, 42            : IntAlu : 
 584500: system.cpu: T0 : 0x2480e    : c_bnez a3, 38              : IntAlu : 
 585000: system.cpu: T0 : 0x24834    : c_sd a5, 0(a1)             : MemWrite :  D=0x0000000000000000 A=0x7ffffffffffffc78
 585500: system.cpu: T0 : 0x24836    : c_j -36                    : IntAlu : 
 586500: system.cpu: T0 : 0x24812    : slli a5, a0, 3             : IntAlu :  D=0x0000000000000040
 587000: system.cpu: T0 : 0x24816    : c_sub a5, a0               : IntAlu :  D=0x0000000000000038
 587500: system.cpu: T0 : 0x24818    : c_slli a5, 3               : IntAlu :  D=0x00000000000001c0
 588500: system.cpu: T0 : 0x2481a    : add a3, a4, a5             : IntAlu :  D=0x0000000000070ce0
 589500: system.cpu: T0 : 0x2481e    : lbu a3, 40(a3)             : MemRead :  D=0x0000000000000000 A=0x70d08
 590000: system.cpu: T0 : 0x24822    : c_beqz a3, 16              : IntAlu : 
 590500: system.cpu: T0 : 0x24832    : c_jr ra                    : IntAlu : 
 591500: system.cpu: T0 : 0x3fb36    : ld s11, -120(s0)           : MemRead :  D=0x0000000000000000 A=0x7ffffffffffffc78
 592500: system.cpu: T0 : 0x3fb3a    : ld s9, -1328(gp)           : MemRead :  D=0x0000000000000000 A=0x72e00
 593500: system.cpu: T0 : 0x3fb3e    : sltu a3, zero, s4          : IntAlu :  D=0x0000000000000000
 594500: system.cpu: T0 : 0x3fb42    : and s3, s9, s11            : IntAlu :  D=0x0000000000000000
 595500: system.cpu: T0 : 0x3fb46    : beq s3, zero, 1250         : IntAlu : 
 596000: system.cpu: T0 : 0x40028    : addi s2, a3, 1             : IntAlu :  D=0x0000000000000001
 596500: system.cpu: T0 : 0x4002c    : c_j -1210                  : IntAlu : 
 597500: system.cpu: T0 : 0x3fb72    : lui a5, 116                : IntAlu :  D=0x0000000000074000
 598500: system.cpu: T0 : 0x3fb76    : ld s5, 648(a5)             : MemRead :  D=0x0000000000000000 A=0x74288
 599500: system.cpu: T0 : 0x3fb7a    : beq s5, zero, 444          : IntAlu : 
 600500: system.cpu: T0 : 0x3fd36    : slli a5, s2, 4             : IntAlu :  D=0x0000000000000010
 601500: system.cpu: T0 : 0x3fd3a    : sub sp, sp, a5             : IntAlu :  D=0x7ffffffffffffc20
 602000: system.cpu: T0 : 0x3fd3e    : c_mv a3, sp                : IntAlu :  D=0x7ffffffffffffc20
 602500: system.cpu: T0 : 0x3fd40    : c_mv s1, a3                : IntAlu :  D=0x7ffffffffffffc20
 603000: system.cpu: T0 : 0x3fd42    : c_li a1, 1                 : IntAlu :  D=0x0000000000000001
 603500: system.cpu: T0 : 0x3fd44    : c_li s9, 0                 : IntAlu :  D=0x0000000000000000
 604500: system.cpu: T0 : 0x3fd46    : bne s3, zero, -118         : IntAlu : 
 605500: system.cpu: T0 : 0x3fd4a    : beq s4, zero, 24           : IntAlu : 
 606500: system.cpu: T0 : 0x3fd62    : lui a5, 100                : IntAlu :  D=0x0000000000064000
 607500: system.cpu: T0 : 0x3fd66    : addi a5, a5, 928           : IntAlu :  D=0x00000000000643a0
 608000: system.cpu: T0 : 0x3fd6a    : c_sd a5, 0(a3)             : MemWrite :  D=0x00000000000643a0 A=0x7ffffffffffffc20
 608500: system.cpu: T0 : 0x3fd6c    : c_li a5, 3                 : IntAlu :  D=0x0000000000000003
 609000: system.cpu: T0 : 0x3fd6e    : c_sd a5, 8(a3)             : MemWrite :  D=0x0000000000000003 A=0x7ffffffffffffc28
 609500: system.cpu: T0 : 0x3fd70    : bne s2, a1, 706            : IntAlu : 
 610000: system.cpu: T0 : 0x3fd74    : c_li a5, 1                 : IntAlu :  D=0x0000000000000001
 611000: system.cpu: T0 : 0x3fd76    : ld s9, 8(s1)               : MemRead :  D=0x0000000000000003 A=0x7ffffffffffffc28
 612000: system.cpu: T0 : 0x3fd7a    : beq s2, a5, 542            : IntAlu : 
 612500: system.cpu: T0 : 0x3ff98    : ld a5, -136(s0)            : MemRead :  D=0x0000000000070fd0 A=0x7ffffffffffffc68
 613000: system.cpu: T0 : 0x3ff9c    : c_li s2, 2                 : IntAlu :  D=0x0000000000000002
 614000: system.cpu: T0 : 0x3ff9e    : addi a0, s9, 33            : IntAlu :  D=0x0000000000000024
 615000: system.cpu: T0 : 0x3ffa2    : sd s2, 0(a5)               : MemWrite :  D=0x0000000000000002 A=0x70fd0
 616000: system.cpu: T0 : 0x3ffa6    : jal ra, -131282            : IntAlu :  D=0x000000000003ffaa
 616500: system.cpu: T0 : 0x1fed4    : ld t1, -1848(gp)           : MemRead :  D=0x00000000000200d2 A=0x72bf8
 617000: system.cpu: T0 : 0x1fed8    : bne t1, zero, 260          : IntAlu : 
 617500: system.cpu: T0 : 0x1ffdc    : c_mv a1, ra                : IntAlu :  D=0x000000000003ffaa
 618000: system.cpu: T0 : 0x1ffde    : c_jr t1                    : IntAlu : 
 619000: system.cpu: T0 : 0x200d2    : lw a5, -1876(gp)           : MemRead :  D=0xffffffffffffffff A=0x72bdc
 620000: system.cpu: T0 : 0x200d6    : sd zero, -1848(gp)         : MemWrite :  D=0x0000000000000000 A=0x72bf8
 621000: system.cpu: T0 : 0x200da    : blt a5, zero, 6            : IntAlu : 
 621500: system.cpu: T0 : 0x200e0    : c_addi sp, -32             : IntAlu :  D=0x7ffffffffffffc00
 622000: system.cpu: T0 : 0x200e2    : c_sdsp ra, 24(sp)          : MemWrite :  D=0x000000000003ffaa A=0x7ffffffffffffc18
 622500: system.cpu: T0 : 0x200e4    : c_sdsp a0, 8(sp)           : MemWrite :  D=0x0000000000000024 A=0x7ffffffffffffc08
 623500: system.cpu: T0 : 0x200e6    : jal ra, -11966             : IntAlu :  D=0x00000000000200ea
 624000: system.cpu: T0 : 0x1d228    : c_addi16sp sp, -48         : IntAlu :  D=0x7ffffffffffffbd0
 624500: system.cpu: T0 : 0x1d22a    : c_sdsp s1, 24(sp)          : MemWrite :  D=0x7ffffffffffffc20 A=0x7ffffffffffffbe8
 625000: system.cpu: T0 : 0x1d22c    : lui s1, 113                : IntAlu :  D=0x0000000000071000
 625500: system.cpu: T0 : 0x1d230    : ld a3, -1264(s1)           : MemRead :  D=0x6c6e776f442f2e00 A=0x70b10
 626000: system.cpu: T0 : 0x1d234    : lui a0, 113                : IntAlu :  D=0x0000000000071000
 626500: system.cpu: T0 : 0x1d238    : addi a4, a0, 1480          : IntAlu :  D=0x00000000000715c8
 627000: system.cpu: T0 : 0x1d23c    : c_sdsp ra, 40(sp)          : MemWrite :  D=0x00000000000200ea A=0x7ffffffffffffbf8
 627500: system.cpu: T0 : 0x1d23e    : c_sdsp s0, 32(sp)          : MemWrite :  D=0x7ffffffffffffcf0 A=0x7ffffffffffffbf0
 628000: system.cpu: T0 : 0x1d240    : addi a0, a0, 1480          : IntAlu :  D=0x00000000000715c8
 628500: system.cpu: T0 : 0x1d244    : sd a4, 56(tp)              : MemWrite :  D=0x00000000000715c8 A=0x75748
 629000: system.cpu: T0 : 0x1d248    : c_sdsp a3, 8(sp)           : MemWrite :  D=0x6c6e776f442f2e00 A=0x7ffffffffffffbd8
 630000: system.cpu: T0 : 0x1d24a    : sw zero, -1876(gp)         : MemWrite :  D=0x0000000000000000 A=0x72bdc
 631000: system.cpu: T0 : 0x1d24e    : jal ra, -1026              : IntAlu :  D=0x000000000001d252
 631500: system.cpu: T0 : 0x1ce4c    : c_lui a4, 1                : IntAlu :  D=0x0000000000001000
 632500: system.cpu: T0 : 0x1ce4e    : addi a3, a0, 96            : IntAlu :  D=0x0000000000071628
 633500: system.cpu: T0 : 0x1ce52    : addi a4, a4, -1968         : IntAlu :  D=0x0000000000000850
 634000: system.cpu: T0 : 0x1ce56    : c_mv a5, a3                : IntAlu :  D=0x0000000000071628
 634500: system.cpu: T0 : 0x1ce58    : c_add a4, a0               : IntAlu :  D=0x0000000000071e18
 635000: system.cpu: T0 : 0x1ce5a    : c_sd a5, 24(a5)            : MemWrite :  D=0x0000000000071628 A=0x71640
 635500: system.cpu: T0 : 0x1ce5c    : c_sd a5, 16(a5)            : MemWrite :  D=0x0000000000071628 A=0x71638
 636000: system.cpu: T0 : 0x1ce5e    : c_addi a5, 16              : IntAlu :  D=0x0000000000071638
 636500: system.cpu: T0 : 0x1ce60    : bne a4, a5, -6             : IntAlu : 
 637000: system.cpu: T0 : 0x1ce5a    : c_sd a5, 24(a5)            : MemWrite :  D=0x0000000000071638 A=0x71650
 637500: system.cpu: T0 : 0x1ce5c    : c_sd a5, 16(a5)            : MemWrite :  D=0x0000000000071638 A=0x71648
 638000: system.cpu: T0 : 0x1ce5e    : c_addi a5, 16              : IntAlu :  D=0x0000000000071648
 638500: system.cpu: T0 : 0x1ce60    : bne a4, a5, -6             : IntAlu : 
 639000: system.cpu: T0 : 0x1ce5a    : c_sd a5, 24(a5)            : MemWrite :  D=0x0000000000071648 A=0x71660
 639500: system.cpu: T0 : 0x1ce5c    : c_sd a5, 16(a5)            : MemWrite :  D=0x0000000000071648 A=0x71658
 640000: system.cpu: T0 : 0x1ce5e    : c_addi a5, 16              : IntAlu :  D=0x0000000000071658
 640500: system.cpu: T0 : 0x1ce60    : bne a4, a5, -6             : IntAlu : 
 641000: system.cpu: T0 : 0x1ce5a    : c_sd a5, 24(a5)            : MemWrite :  D=0x0000000000071658 A=0x71670
 641500: system.cpu: T0 : 0x1ce5c    : c_sd a5, 16(a5)            : MemWrite :  D=0x0000000000071658 A=0x71668
 642000: system.cpu: T0 : 0x1ce5e    : c_addi a5, 16              : IntAlu :  D=0x0000000000071668
 642500: system.cpu: T0 : 0x1ce60    : bne a4, a5, -6             : IntAlu : 
 643000: system.cpu: T0 : 0x1ce5a    : c_sd a5, 24(a5)            : MemWrite :  D=0x0000000000071668 A=0x71680
 643500: system.cpu: T0 : 0x1ce5c    : c_sd a5, 16(a5)            : MemWrite :  D=0x0000000000071668 A=0x71678
 644000: system.cpu: T0 : 0x1ce5e    : c_addi a5, 16              : IntAlu :  D=0x0000000000071678
 644500: system.cpu: T0 : 0x1ce60    : bne a4, a5, -6             : IntAlu : 
 645000: system.cpu: T0 : 0x1ce5a    : c_sd a5, 24(a5)            : MemWrite :  D=0x0000000000071678 A=0x71690
 645500: system.cpu: T0 : 0x1ce5c    : c_sd a5, 16(a5)            : MemWrite :  D=0x0000000000071678 A=0x71688
 646000: system.cpu: T0 : 0x1ce5e    : c_addi a5, 16              : IntAlu :  D=0x0000000000071688
 646500: system.cpu: T0 : 0x1ce60    : bne a4, a5, -6             : IntAlu : 
 647000: system.cpu: T0 : 0x1ce5a    : c_sd a5, 24(a5)            : MemWrite :  D=0x0000000000071688 A=0x716a0
 647500: system.cpu: T0 : 0x1ce5c    : c_sd a5, 16(a5)            : MemWrite :  D=0x0000000000071688 A=0x71698
 648000: system.cpu: T0 : 0x1ce5e    : c_addi a5, 16              : IntAlu :  D=0x0000000000071698
 648500: system.cpu: T0 : 0x1ce60    : bne a4, a5, -6             : IntAlu : 
 649000: system.cpu: T0 : 0x1ce5a    : c_sd a5, 24(a5)            : MemWrite :  D=0x0000000000071698 A=0x716b0
 649500: system.cpu: T0 : 0x1ce5c    : c_sd a5, 16(a5)            : MemWrite :  D=0x0000000000071698 A=0x716a8
 650000: system.cpu: T0 : 0x1ce5e    : c_addi a5, 16              : IntAlu :  D=0x00000000000716a8
 650500: system.cpu: T0 : 0x1ce60    : bne a4, a5, -6             : IntAlu : 
 651000: system.cpu: T0 : 0x1ce5a    : c_sd a5, 24(a5)            : MemWrite :  D=0x00000000000716a8 A=0x716c0
 651500: system.cpu: T0 : 0x1ce5c    : c_sd a5, 16(a5)            : MemWrite :  D=0x00000000000716a8 A=0x716b8
 652000: system.cpu: T0 : 0x1ce5e    : c_addi a5, 16              : IntAlu :  D=0x00000000000716b8
 652500: system.cpu: T0 : 0x1ce60    : bne a4, a5, -6             : IntAlu : 
 653000: system.cpu: T0 : 0x1ce5a    : c_sd a5, 24(a5)            : MemWrite :  D=0x00000000000716b8 A=0x716d0
 653500: system.cpu: T0 : 0x1ce5c    : c_sd a5, 16(a5)            : MemWrite :  D=0x00000000000716b8 A=0x716c8
 654000: system.cpu: T0 : 0x1ce5e    : c_addi a5, 16              : IntAlu :  D=0x00000000000716c8
 654500: system.cpu: T0 : 0x1ce60    : bne a4, a5, -6             : IntAlu : 
 655000: system.cpu: T0 : 0x1ce5a    : c_sd a5, 24(a5)            : MemWrite :  D=0x00000000000716c8 A=0x716e0
 655500: system.cpu: T0 : 0x1ce5c    : c_sd a5, 16(a5)            : MemWrite :  D=0x00000000000716c8 A=0x716d8
 656000: system.cpu: T0 : 0x1ce5e    : c_addi a5, 16              : IntAlu :  D=0x00000000000716d8
 656500: system.cpu: T0 : 0x1ce60    : bne a4, a5, -6             : IntAlu : 
 657000: system.cpu: T0 : 0x1ce5a    : c_sd a5, 24(a5)            : MemWrite :  D=0x00000000000716d8 A=0x716f0
 657500: system.cpu: T0 : 0x1ce5c    : c_sd a5, 16(a5)            : MemWrite :  D=0x00000000000716d8 A=0x716e8
 658000: system.cpu: T0 : 0x1ce5e    : c_addi a5, 16              : IntAlu :  D=0x00000000000716e8
 658500: system.cpu: T0 : 0x1ce60    : bne a4, a5, -6             : IntAlu : 
 659000: system.cpu: T0 : 0x1ce5a    : c_sd a5, 24(a5)            : MemWrite :  D=0x00000000000716e8 A=0x71700
 659500: system.cpu: T0 : 0x1ce5c    : c_sd a5, 16(a5)            : MemWrite :  D=0x00000000000716e8 A=0x716f8
 660000: system.cpu: T0 : 0x1ce5e    : c_addi a5, 16              : IntAlu :  D=0x00000000000716f8
 660500: system.cpu: T0 : 0x1ce60    : bne a4, a5, -6             : IntAlu : 
 661000: system.cpu: T0 : 0x1ce5a    : c_sd a5, 24(a5)            : MemWrite :  D=0x00000000000716f8 A=0x71710
 661500: system.cpu: T0 : 0x1ce5c    : c_sd a5, 16(a5)            : MemWrite :  D=0x00000000000716f8 A=0x71708
 662000: system.cpu: T0 : 0x1ce5e    : c_addi a5, 16              : IntAlu :  D=0x0000000000071708
 662500: system.cpu: T0 : 0x1ce60    : bne a4, a5, -6             : IntAlu : 
 663000: system.cpu: T0 : 0x1ce5a    : c_sd a5, 24(a5)            : MemWrite :  D=0x0000000000071708 A=0x71720
 663500: system.cpu: T0 : 0x1ce5c    : c_sd a5, 16(a5)            : MemWrite :  D=0x0000000000071708 A=0x71718
 664000: system.cpu: T0 : 0x1ce5e    : c_addi a5, 16              : IntAlu :  D=0x0000000000071718
 664500: system.cpu: T0 : 0x1ce60    : bne a4, a5, -6             : IntAlu : 
 665000: system.cpu: T0 : 0x1ce5a    : c_sd a5, 24(a5)            : MemWrite :  D=0x0000000000071718 A=0x71730
 665500: system.cpu: T0 : 0x1ce5c    : c_sd a5, 16(a5)            : MemWrite :  D=0x0000000000071718 A=0x71728
 666000: system.cpu: T0 : 0x1ce5e    : c_addi a5, 16              : IntAlu :  D=0x0000000000071728
 666500: system.cpu: T0 : 0x1ce60    : bne a4, a5, -6             : IntAlu : 
 667000: system.cpu: T0 : 0x1ce5a    : c_sd a5, 24(a5)            : MemWrite :  D=0x0000000000071728 A=0x71740
 667500: system.cpu: T0 : 0x1ce5c    : c_sd a5, 16(a5)            : MemWrite :  D=0x0000000000071728 A=0x71738
 668000: system.cpu: T0 : 0x1ce5e    : c_addi a5, 16              : IntAlu :  D=0x0000000000071738
 668500: system.cpu: T0 : 0x1ce60    : bne a4, a5, -6             : IntAlu : 
 669000: system.cpu: T0 : 0x1ce5a    : c_sd a5, 24(a5)            : MemWrite :  D=0x0000000000071738 A=0x71750
 669500: system.cpu: T0 : 0x1ce5c    : c_sd a5, 16(a5)            : MemWrite :  D=0x0000000000071738 A=0x71748
 670000: system.cpu: T0 : 0x1ce5e    : c_addi a5, 16              : IntAlu :  D=0x0000000000071748
 670500: system.cpu: T0 : 0x1ce60    : bne a4, a5, -6             : IntAlu : 
 671000: system.cpu: T0 : 0x1ce5a    : c_sd a5, 24(a5)            : MemWrite :  D=0x0000000000071748 A=0x71760
 671500: system.cpu: T0 : 0x1ce5c    : c_sd a5, 16(a5)            : MemWrite :  D=0x0000000000071748 A=0x71758
 672000: system.cpu: T0 : 0x1ce5e    : c_addi a5, 16              : IntAlu :  D=0x0000000000071758
 672500: system.cpu: T0 : 0x1ce60    : bne a4, a5, -6             : IntAlu : 
 673000: system.cpu: T0 : 0x1ce5a    : c_sd a5, 24(a5)            : MemWrite :  D=0x0000000000071758 A=0x71770
 673500: system.cpu: T0 : 0x1ce5c    : c_sd a5, 16(a5)            : MemWrite :  D=0x0000000000071758 A=0x71768
 674000: system.cpu: T0 : 0x1ce5e    : c_addi a5, 16              : IntAlu :  D=0x0000000000071768
 674500: system.cpu: T0 : 0x1ce60    : bne a4, a5, -6             : IntAlu : 
 675000: system.cpu: T0 : 0x1ce5a    : c_sd a5, 24(a5)            : MemWrite :  D=0x0000000000071768 A=0x71780
 675500: system.cpu: T0 : 0x1ce5c    : c_sd a5, 16(a5)            : MemWrite :  D=0x0000000000071768 A=0x71778
 676000: system.cpu: T0 : 0x1ce5e    : c_addi a5, 16              : IntAlu :  D=0x0000000000071778
 676500: system.cpu: T0 : 0x1ce60    : bne a4, a5, -6             : IntAlu : 
 677000: system.cpu: T0 : 0x1ce5a    : c_sd a5, 24(a5)            : MemWrite :  D=0x0000000000071778 A=0x71790
 677500: system.cpu: T0 : 0x1ce5c    : c_sd a5, 16(a5)            : MemWrite :  D=0x0000000000071778 A=0x71788
 678000: system.cpu: T0 : 0x1ce5e    : c_addi a5, 16              : IntAlu :  D=0x0000000000071788
 678500: system.cpu: T0 : 0x1ce60    : bne a4, a5, -6             : IntAlu : 
 679000: system.cpu: T0 : 0x1ce5a    : c_sd a5, 24(a5)            : MemWrite :  D=0x0000000000071788 A=0x717a0
 679500: system.cpu: T0 : 0x1ce5c    : c_sd a5, 16(a5)            : MemWrite :  D=0x0000000000071788 A=0x71798
 680000: system.cpu: T0 : 0x1ce5e    : c_addi a5, 16              : IntAlu :  D=0x0000000000071798
 680500: system.cpu: T0 : 0x1ce60    : bne a4, a5, -6             : IntAlu : 
 681000: system.cpu: T0 : 0x1ce5a    : c_sd a5, 24(a5)            : MemWrite :  D=0x0000000000071798 A=0x717b0
 681500: system.cpu: T0 : 0x1ce5c    : c_sd a5, 16(a5)            : MemWrite :  D=0x0000000000071798 A=0x717a8
 682000: system.cpu: T0 : 0x1ce5e    : c_addi a5, 16              : IntAlu :  D=0x00000000000717a8
 682500: system.cpu: T0 : 0x1ce60    : bne a4, a5, -6             : IntAlu : 
 683000: system.cpu: T0 : 0x1ce5a    : c_sd a5, 24(a5)            : MemWrite :  D=0x00000000000717a8 A=0x717c0
 683500: system.cpu: T0 : 0x1ce5c    : c_sd a5, 16(a5)            : MemWrite :  D=0x00000000000717a8 A=0x717b8
 684000: system.cpu: T0 : 0x1ce5e    : c_addi a5, 16              : IntAlu :  D=0x00000000000717b8
 684500: system.cpu: T0 : 0x1ce60    : bne a4, a5, -6             : IntAlu : 
 685000: system.cpu: T0 : 0x1ce5a    : c_sd a5, 24(a5)            : MemWrite :  D=0x00000000000717b8 A=0x717d0
 685500: system.cpu: T0 : 0x1ce5c    : c_sd a5, 16(a5)            : MemWrite :  D=0x00000000000717b8 A=0x717c8
 686000: system.cpu: T0 : 0x1ce5e    : c_addi a5, 16              : IntAlu :  D=0x00000000000717c8
 686500: system.cpu: T0 : 0x1ce60    : bne a4, a5, -6             : IntAlu : 
 687000: system.cpu: T0 : 0x1ce5a    : c_sd a5, 24(a5)            : MemWrite :  D=0x00000000000717c8 A=0x717e0
 687500: system.cpu: T0 : 0x1ce5c    : c_sd a5, 16(a5)            : MemWrite :  D=0x00000000000717c8 A=0x717d8
 688000: system.cpu: T0 : 0x1ce5e    : c_addi a5, 16              : IntAlu :  D=0x00000000000717d8
 688500: system.cpu: T0 : 0x1ce60    : bne a4, a5, -6             : IntAlu : 
 689000: system.cpu: T0 : 0x1ce5a    : c_sd a5, 24(a5)            : MemWrite :  D=0x00000000000717d8 A=0x717f0
 689500: system.cpu: T0 : 0x1ce5c    : c_sd a5, 16(a5)            : MemWrite :  D=0x00000000000717d8 A=0x717e8
 690000: system.cpu: T0 : 0x1ce5e    : c_addi a5, 16              : IntAlu :  D=0x00000000000717e8
 690500: system.cpu: T0 : 0x1ce60    : bne a4, a5, -6             : IntAlu : 
 691000: system.cpu: T0 : 0x1ce5a    : c_sd a5, 24(a5)            : MemWrite :  D=0x00000000000717e8 A=0x71800
 691500: system.cpu: T0 : 0x1ce5c    : c_sd a5, 16(a5)            : MemWrite :  D=0x00000000000717e8 A=0x717f8
 692000: system.cpu: T0 : 0x1ce5e    : c_addi a5, 16              : IntAlu :  D=0x00000000000717f8
 692500: system.cpu: T0 : 0x1ce60    : bne a4, a5, -6             : IntAlu : 
 693000: system.cpu: T0 : 0x1ce5a    : c_sd a5, 24(a5)            : MemWrite :  D=0x00000000000717f8 A=0x71810
 693500: system.cpu: T0 : 0x1ce5c    : c_sd a5, 16(a5)            : MemWrite :  D=0x00000000000717f8 A=0x71808
 694000: system.cpu: T0 : 0x1ce5e    : c_addi a5, 16              : IntAlu :  D=0x0000000000071808
 694500: system.cpu: T0 : 0x1ce60    : bne a4, a5, -6             : IntAlu : 
 695000: system.cpu: T0 : 0x1ce5a    : c_sd a5, 24(a5)            : MemWrite :  D=0x0000000000071808 A=0x71820
 695500: system.cpu: T0 : 0x1ce5c    : c_sd a5, 16(a5)            : MemWrite :  D=0x0000000000071808 A=0x71818
 696000: system.cpu: T0 : 0x1ce5e    : c_addi a5, 16              : IntAlu :  D=0x0000000000071818
 696500: system.cpu: T0 : 0x1ce60    : bne a4, a5, -6             : IntAlu : 
 697000: system.cpu: T0 : 0x1ce5a    : c_sd a5, 24(a5)            : MemWrite :  D=0x0000000000071818 A=0x71830
 697500: system.cpu: T0 : 0x1ce5c    : c_sd a5, 16(a5)            : MemWrite :  D=0x0000000000071818 A=0x71828
 698000: system.cpu: T0 : 0x1ce5e    : c_addi a5, 16              : IntAlu :  D=0x0000000000071828
 698500: system.cpu: T0 : 0x1ce60    : bne a4, a5, -6             : IntAlu : 
 699000: system.cpu: T0 : 0x1ce5a    : c_sd a5, 24(a5)            : MemWrite :  D=0x0000000000071828 A=0x71840
 699500: system.cpu: T0 : 0x1ce5c    : c_sd a5, 16(a5)            : MemWrite :  D=0x0000000000071828 A=0x71838
 700000: system.cpu: T0 : 0x1ce5e    : c_addi a5, 16              : IntAlu :  D=0x0000000000071838
 700500: system.cpu: T0 : 0x1ce60    : bne a4, a5, -6             : IntAlu : 
 701000: system.cpu: T0 : 0x1ce5a    : c_sd a5, 24(a5)            : MemWrite :  D=0x0000000000071838 A=0x71850
 701500: system.cpu: T0 : 0x1ce5c    : c_sd a5, 16(a5)            : MemWrite :  D=0x0000000000071838 A=0x71848
 702000: system.cpu: T0 : 0x1ce5e    : c_addi a5, 16              : IntAlu :  D=0x0000000000071848
 702500: system.cpu: T0 : 0x1ce60    : bne a4, a5, -6             : IntAlu : 
 703000: system.cpu: T0 : 0x1ce5a    : c_sd a5, 24(a5)            : MemWrite :  D=0x0000000000071848 A=0x71860
 703500: system.cpu: T0 : 0x1ce5c    : c_sd a5, 16(a5)            : MemWrite :  D=0x0000000000071848 A=0x71858
 704000: system.cpu: T0 : 0x1ce5e    : c_addi a5, 16              : IntAlu :  D=0x0000000000071858
 704500: system.cpu: T0 : 0x1ce60    : bne a4, a5, -6             : IntAlu : 
 705000: system.cpu: T0 : 0x1ce5a    : c_sd a5, 24(a5)            : MemWrite :  D=0x0000000000071858 A=0x71870
 705500: system.cpu: T0 : 0x1ce5c    : c_sd a5, 16(a5)            : MemWrite :  D=0x0000000000071858 A=0x71868
 706000: system.cpu: T0 : 0x1ce5e    : c_addi a5, 16              : IntAlu :  D=0x0000000000071868
 706500: system.cpu: T0 : 0x1ce60    : bne a4, a5, -6             : IntAlu : 
 707000: system.cpu: T0 : 0x1ce5a    : c_sd a5, 24(a5)            : MemWrite :  D=0x0000000000071868 A=0x71880
 707500: system.cpu: T0 : 0x1ce5c    : c_sd a5, 16(a5)            : MemWrite :  D=0x0000000000071868 A=0x71878
 708000: system.cpu: T0 : 0x1ce5e    : c_addi a5, 16              : IntAlu :  D=0x0000000000071878
 708500: system.cpu: T0 : 0x1ce60    : bne a4, a5, -6             : IntAlu : 
 709000: system.cpu: T0 : 0x1ce5a    : c_sd a5, 24(a5)            : MemWrite :  D=0x0000000000071878 A=0x71890
 709500: system.cpu: T0 : 0x1ce5c    : c_sd a5, 16(a5)            : MemWrite :  D=0x0000000000071878 A=0x71888
 710000: system.cpu: T0 : 0x1ce5e    : c_addi a5, 16              : IntAlu :  D=0x0000000000071888
 710500: system.cpu: T0 : 0x1ce60    : bne a4, a5, -6             : IntAlu : 
 711000: system.cpu: T0 : 0x1ce5a    : c_sd a5, 24(a5)            : MemWrite :  D=0x0000000000071888 A=0x718a0
 711500: system.cpu: T0 : 0x1ce5c    : c_sd a5, 16(a5)            : MemWrite :  D=0x0000000000071888 A=0x71898
 712000: system.cpu: T0 : 0x1ce5e    : c_addi a5, 16              : IntAlu :  D=0x0000000000071898
 712500: system.cpu: T0 : 0x1ce60    : bne a4, a5, -6             : IntAlu : 
 713000: system.cpu: T0 : 0x1ce5a    : c_sd a5, 24(a5)            : MemWrite :  D=0x0000000000071898 A=0x718b0
 713500: system.cpu: T0 : 0x1ce5c    : c_sd a5, 16(a5)            : MemWrite :  D=0x0000000000071898 A=0x718a8
 714000: system.cpu: T0 : 0x1ce5e    : c_addi a5, 16              : IntAlu :  D=0x00000000000718a8
 714500: system.cpu: T0 : 0x1ce60    : bne a4, a5, -6             : IntAlu : 
 715000: system.cpu: T0 : 0x1ce5a    : c_sd a5, 24(a5)            : MemWrite :  D=0x00000000000718a8 A=0x718c0
 715500: system.cpu: T0 : 0x1ce5c    : c_sd a5, 16(a5)            : MemWrite :  D=0x00000000000718a8 A=0x718b8
 716000: system.cpu: T0 : 0x1ce5e    : c_addi a5, 16              : IntAlu :  D=0x00000000000718b8
 716500: system.cpu: T0 : 0x1ce60    : bne a4, a5, -6             : IntAlu : 
 717000: system.cpu: T0 : 0x1ce5a    : c_sd a5, 24(a5)            : MemWrite :  D=0x00000000000718b8 A=0x718d0
 717500: system.cpu: T0 : 0x1ce5c    : c_sd a5, 16(a5)            : MemWrite :  D=0x00000000000718b8 A=0x718c8
 718000: system.cpu: T0 : 0x1ce5e    : c_addi a5, 16              : IntAlu :  D=0x00000000000718c8
 718500: system.cpu: T0 : 0x1ce60    : bne a4, a5, -6             : IntAlu : 
 719000: system.cpu: T0 : 0x1ce5a    : c_sd a5, 24(a5)            : MemWrite :  D=0x00000000000718c8 A=0x718e0
 719500: system.cpu: T0 : 0x1ce5c    : c_sd a5, 16(a5)            : MemWrite :  D=0x00000000000718c8 A=0x718d8
 720000: system.cpu: T0 : 0x1ce5e    : c_addi a5, 16              : IntAlu :  D=0x00000000000718d8
 720500: system.cpu: T0 : 0x1ce60    : bne a4, a5, -6             : IntAlu : 
 721000: system.cpu: T0 : 0x1ce5a    : c_sd a5, 24(a5)            : MemWrite :  D=0x00000000000718d8 A=0x718f0
 721500: system.cpu: T0 : 0x1ce5c    : c_sd a5, 16(a5)            : MemWrite :  D=0x00000000000718d8 A=0x718e8
 722000: system.cpu: T0 : 0x1ce5e    : c_addi a5, 16              : IntAlu :  D=0x00000000000718e8
 722500: system.cpu: T0 : 0x1ce60    : bne a4, a5, -6             : IntAlu : 
 723000: system.cpu: T0 : 0x1ce5a    : c_sd a5, 24(a5)            : MemWrite :  D=0x00000000000718e8 A=0x71900
 723500: system.cpu: T0 : 0x1ce5c    : c_sd a5, 16(a5)            : MemWrite :  D=0x00000000000718e8 A=0x718f8
 724000: system.cpu: T0 : 0x1ce5e    : c_addi a5, 16              : IntAlu :  D=0x00000000000718f8
 724500: system.cpu: T0 : 0x1ce60    : bne a4, a5, -6             : IntAlu : 
 725000: system.cpu: T0 : 0x1ce5a    : c_sd a5, 24(a5)            : MemWrite :  D=0x00000000000718f8 A=0x71910
 725500: system.cpu: T0 : 0x1ce5c    : c_sd a5, 16(a5)            : MemWrite :  D=0x00000000000718f8 A=0x71908
 726000: system.cpu: T0 : 0x1ce5e    : c_addi a5, 16              : IntAlu :  D=0x0000000000071908
 726500: system.cpu: T0 : 0x1ce60    : bne a4, a5, -6             : IntAlu : 
 727000: system.cpu: T0 : 0x1ce5a    : c_sd a5, 24(a5)            : MemWrite :  D=0x0000000000071908 A=0x71920
 727500: system.cpu: T0 : 0x1ce5c    : c_sd a5, 16(a5)            : MemWrite :  D=0x0000000000071908 A=0x71918
 728000: system.cpu: T0 : 0x1ce5e    : c_addi a5, 16              : IntAlu :  D=0x0000000000071918
 728500: system.cpu: T0 : 0x1ce60    : bne a4, a5, -6             : IntAlu : 
 729000: system.cpu: T0 : 0x1ce5a    : c_sd a5, 24(a5)            : MemWrite :  D=0x0000000000071918 A=0x71930
 729500: system.cpu: T0 : 0x1ce5c    : c_sd a5, 16(a5)            : MemWrite :  D=0x0000000000071918 A=0x71928
 730000: system.cpu: T0 : 0x1ce5e    : c_addi a5, 16              : IntAlu :  D=0x0000000000071928
 730500: system.cpu: T0 : 0x1ce60    : bne a4, a5, -6             : IntAlu : 
 731000: system.cpu: T0 : 0x1ce5a    : c_sd a5, 24(a5)            : MemWrite :  D=0x0000000000071928 A=0x71940
 731500: system.cpu: T0 : 0x1ce5c    : c_sd a5, 16(a5)            : MemWrite :  D=0x0000000000071928 A=0x71938
 732000: system.cpu: T0 : 0x1ce5e    : c_addi a5, 16              : IntAlu :  D=0x0000000000071938
 732500: system.cpu: T0 : 0x1ce60    : bne a4, a5, -6             : IntAlu : 
 733000: system.cpu: T0 : 0x1ce5a    : c_sd a5, 24(a5)            : MemWrite :  D=0x0000000000071938 A=0x71950
 733500: system.cpu: T0 : 0x1ce5c    : c_sd a5, 16(a5)            : MemWrite :  D=0x0000000000071938 A=0x71948
 734000: system.cpu: T0 : 0x1ce5e    : c_addi a5, 16              : IntAlu :  D=0x0000000000071948
 734500: system.cpu: T0 : 0x1ce60    : bne a4, a5, -6             : IntAlu : 
 735000: system.cpu: T0 : 0x1ce5a    : c_sd a5, 24(a5)            : MemWrite :  D=0x0000000000071948 A=0x71960
 735500: system.cpu: T0 : 0x1ce5c    : c_sd a5, 16(a5)            : MemWrite :  D=0x0000000000071948 A=0x71958
 736000: system.cpu: T0 : 0x1ce5e    : c_addi a5, 16              : IntAlu :  D=0x0000000000071958
 736500: system.cpu: T0 : 0x1ce60    : bne a4, a5, -6             : IntAlu : 
 737000: system.cpu: T0 : 0x1ce5a    : c_sd a5, 24(a5)            : MemWrite :  D=0x0000000000071958 A=0x71970
 737500: system.cpu: T0 : 0x1ce5c    : c_sd a5, 16(a5)            : MemWrite :  D=0x0000000000071958 A=0x71968
 738000: system.cpu: T0 : 0x1ce5e    : c_addi a5, 16              : IntAlu :  D=0x0000000000071968
 738500: system.cpu: T0 : 0x1ce60    : bne a4, a5, -6             : IntAlu : 
 739000: system.cpu: T0 : 0x1ce5a    : c_sd a5, 24(a5)            : MemWrite :  D=0x0000000000071968 A=0x71980
 739500: system.cpu: T0 : 0x1ce5c    : c_sd a5, 16(a5)            : MemWrite :  D=0x0000000000071968 A=0x71978
 740000: system.cpu: T0 : 0x1ce5e    : c_addi a5, 16              : IntAlu :  D=0x0000000000071978
 740500: system.cpu: T0 : 0x1ce60    : bne a4, a5, -6             : IntAlu : 
 741000: system.cpu: T0 : 0x1ce5a    : c_sd a5, 24(a5)            : MemWrite :  D=0x0000000000071978 A=0x71990
 741500: system.cpu: T0 : 0x1ce5c    : c_sd a5, 16(a5)            : MemWrite :  D=0x0000000000071978 A=0x71988
 742000: system.cpu: T0 : 0x1ce5e    : c_addi a5, 16              : IntAlu :  D=0x0000000000071988
 742500: system.cpu: T0 : 0x1ce60    : bne a4, a5, -6             : IntAlu : 
 743000: system.cpu: T0 : 0x1ce5a    : c_sd a5, 24(a5)            : MemWrite :  D=0x0000000000071988 A=0x719a0
 743500: system.cpu: T0 : 0x1ce5c    : c_sd a5, 16(a5)            : MemWrite :  D=0x0000000000071988 A=0x71998
 744000: system.cpu: T0 : 0x1ce5e    : c_addi a5, 16              : IntAlu :  D=0x0000000000071998
 744500: system.cpu: T0 : 0x1ce60    : bne a4, a5, -6             : IntAlu : 
 745000: system.cpu: T0 : 0x1ce5a    : c_sd a5, 24(a5)            : MemWrite :  D=0x0000000000071998 A=0x719b0
 745500: system.cpu: T0 : 0x1ce5c    : c_sd a5, 16(a5)            : MemWrite :  D=0x0000000000071998 A=0x719a8
 746000: system.cpu: T0 : 0x1ce5e    : c_addi a5, 16              : IntAlu :  D=0x00000000000719a8
 746500: system.cpu: T0 : 0x1ce60    : bne a4, a5, -6             : IntAlu : 
 747000: system.cpu: T0 : 0x1ce5a    : c_sd a5, 24(a5)            : MemWrite :  D=0x00000000000719a8 A=0x719c0
 747500: system.cpu: T0 : 0x1ce5c    : c_sd a5, 16(a5)            : MemWrite :  D=0x00000000000719a8 A=0x719b8
 748000: system.cpu: T0 : 0x1ce5e    : c_addi a5, 16              : IntAlu :  D=0x00000000000719b8
 748500: system.cpu: T0 : 0x1ce60    : bne a4, a5, -6             : IntAlu : 
 749000: system.cpu: T0 : 0x1ce5a    : c_sd a5, 24(a5)            : MemWrite :  D=0x00000000000719b8 A=0x719d0
 749500: system.cpu: T0 : 0x1ce5c    : c_sd a5, 16(a5)            : MemWrite :  D=0x00000000000719b8 A=0x719c8
 750000: system.cpu: T0 : 0x1ce5e    : c_addi a5, 16              : IntAlu :  D=0x00000000000719c8
 750500: system.cpu: T0 : 0x1ce60    : bne a4, a5, -6             : IntAlu : 
 751000: system.cpu: T0 : 0x1ce5a    : c_sd a5, 24(a5)            : MemWrite :  D=0x00000000000719c8 A=0x719e0
 751500: system.cpu: T0 : 0x1ce5c    : c_sd a5, 16(a5)            : MemWrite :  D=0x00000000000719c8 A=0x719d8
 752000: system.cpu: T0 : 0x1ce5e    : c_addi a5, 16              : IntAlu :  D=0x00000000000719d8
 752500: system.cpu: T0 : 0x1ce60    : bne a4, a5, -6             : IntAlu : 
 753000: system.cpu: T0 : 0x1ce5a    : c_sd a5, 24(a5)            : MemWrite :  D=0x00000000000719d8 A=0x719f0
 753500: system.cpu: T0 : 0x1ce5c    : c_sd a5, 16(a5)            : MemWrite :  D=0x00000000000719d8 A=0x719e8
 754000: system.cpu: T0 : 0x1ce5e    : c_addi a5, 16              : IntAlu :  D=0x00000000000719e8
 754500: system.cpu: T0 : 0x1ce60    : bne a4, a5, -6             : IntAlu : 
 755000: system.cpu: T0 : 0x1ce5a    : c_sd a5, 24(a5)            : MemWrite :  D=0x00000000000719e8 A=0x71a00
 755500: system.cpu: T0 : 0x1ce5c    : c_sd a5, 16(a5)            : MemWrite :  D=0x00000000000719e8 A=0x719f8
 756000: system.cpu: T0 : 0x1ce5e    : c_addi a5, 16              : IntAlu :  D=0x00000000000719f8
 756500: system.cpu: T0 : 0x1ce60    : bne a4, a5, -6             : IntAlu : 
 757000: system.cpu: T0 : 0x1ce5a    : c_sd a5, 24(a5)            : MemWrite :  D=0x00000000000719f8 A=0x71a10
 757500: system.cpu: T0 : 0x1ce5c    : c_sd a5, 16(a5)            : MemWrite :  D=0x00000000000719f8 A=0x71a08
 758000: system.cpu: T0 : 0x1ce5e    : c_addi a5, 16              : IntAlu :  D=0x0000000000071a08
 758500: system.cpu: T0 : 0x1ce60    : bne a4, a5, -6             : IntAlu : 
 759000: system.cpu: T0 : 0x1ce5a    : c_sd a5, 24(a5)            : MemWrite :  D=0x0000000000071a08 A=0x71a20
 759500: system.cpu: T0 : 0x1ce5c    : c_sd a5, 16(a5)            : MemWrite :  D=0x0000000000071a08 A=0x71a18
 760000: system.cpu: T0 : 0x1ce5e    : c_addi a5, 16              : IntAlu :  D=0x0000000000071a18
 760500: system.cpu: T0 : 0x1ce60    : bne a4, a5, -6             : IntAlu : 
 761000: system.cpu: T0 : 0x1ce5a    : c_sd a5, 24(a5)            : MemWrite :  D=0x0000000000071a18 A=0x71a30
 761500: system.cpu: T0 : 0x1ce5c    : c_sd a5, 16(a5)            : MemWrite :  D=0x0000000000071a18 A=0x71a28
 762000: system.cpu: T0 : 0x1ce5e    : c_addi a5, 16              : IntAlu :  D=0x0000000000071a28
 762500: system.cpu: T0 : 0x1ce60    : bne a4, a5, -6             : IntAlu : 
 763000: system.cpu: T0 : 0x1ce5a    : c_sd a5, 24(a5)            : MemWrite :  D=0x0000000000071a28 A=0x71a40
 763500: system.cpu: T0 : 0x1ce5c    : c_sd a5, 16(a5)            : MemWrite :  D=0x0000000000071a28 A=0x71a38
 764000: system.cpu: T0 : 0x1ce5e    : c_addi a5, 16              : IntAlu :  D=0x0000000000071a38
 764500: system.cpu: T0 : 0x1ce60    : bne a4, a5, -6             : IntAlu : 
 765000: system.cpu: T0 : 0x1ce5a    : c_sd a5, 24(a5)            : MemWrite :  D=0x0000000000071a38 A=0x71a50
 765500: system.cpu: T0 : 0x1ce5c    : c_sd a5, 16(a5)            : MemWrite :  D=0x0000000000071a38 A=0x71a48
 766000: system.cpu: T0 : 0x1ce5e    : c_addi a5, 16              : IntAlu :  D=0x0000000000071a48
 766500: system.cpu: T0 : 0x1ce60    : bne a4, a5, -6             : IntAlu : 
 767000: system.cpu: T0 : 0x1ce5a    : c_sd a5, 24(a5)            : MemWrite :  D=0x0000000000071a48 A=0x71a60
 767500: system.cpu: T0 : 0x1ce5c    : c_sd a5, 16(a5)            : MemWrite :  D=0x0000000000071a48 A=0x71a58
 768000: system.cpu: T0 : 0x1ce5e    : c_addi a5, 16              : IntAlu :  D=0x0000000000071a58
 768500: system.cpu: T0 : 0x1ce60    : bne a4, a5, -6             : IntAlu : 
 769000: system.cpu: T0 : 0x1ce5a    : c_sd a5, 24(a5)            : MemWrite :  D=0x0000000000071a58 A=0x71a70
 769500: system.cpu: T0 : 0x1ce5c    : c_sd a5, 16(a5)            : MemWrite :  D=0x0000000000071a58 A=0x71a68
 770000: system.cpu: T0 : 0x1ce5e    : c_addi a5, 16              : IntAlu :  D=0x0000000000071a68
 770500: system.cpu: T0 : 0x1ce60    : bne a4, a5, -6             : IntAlu : 
 771000: system.cpu: T0 : 0x1ce5a    : c_sd a5, 24(a5)            : MemWrite :  D=0x0000000000071a68 A=0x71a80
 771500: system.cpu: T0 : 0x1ce5c    : c_sd a5, 16(a5)            : MemWrite :  D=0x0000000000071a68 A=0x71a78
 772000: system.cpu: T0 : 0x1ce5e    : c_addi a5, 16              : IntAlu :  D=0x0000000000071a78
 772500: system.cpu: T0 : 0x1ce60    : bne a4, a5, -6             : IntAlu : 
 773000: system.cpu: T0 : 0x1ce5a    : c_sd a5, 24(a5)            : MemWrite :  D=0x0000000000071a78 A=0x71a90
 773500: system.cpu: T0 : 0x1ce5c    : c_sd a5, 16(a5)            : MemWrite :  D=0x0000000000071a78 A=0x71a88
 774000: system.cpu: T0 : 0x1ce5e    : c_addi a5, 16              : IntAlu :  D=0x0000000000071a88
 774500: system.cpu: T0 : 0x1ce60    : bne a4, a5, -6             : IntAlu : 
 775000: system.cpu: T0 : 0x1ce5a    : c_sd a5, 24(a5)            : MemWrite :  D=0x0000000000071a88 A=0x71aa0
 775500: system.cpu: T0 : 0x1ce5c    : c_sd a5, 16(a5)            : MemWrite :  D=0x0000000000071a88 A=0x71a98
 776000: system.cpu: T0 : 0x1ce5e    : c_addi a5, 16              : IntAlu :  D=0x0000000000071a98
 776500: system.cpu: T0 : 0x1ce60    : bne a4, a5, -6             : IntAlu : 
 777000: system.cpu: T0 : 0x1ce5a    : c_sd a5, 24(a5)            : MemWrite :  D=0x0000000000071a98 A=0x71ab0
 777500: system.cpu: T0 : 0x1ce5c    : c_sd a5, 16(a5)            : MemWrite :  D=0x0000000000071a98 A=0x71aa8
 778000: system.cpu: T0 : 0x1ce5e    : c_addi a5, 16              : IntAlu :  D=0x0000000000071aa8
 778500: system.cpu: T0 : 0x1ce60    : bne a4, a5, -6             : IntAlu : 
 779000: system.cpu: T0 : 0x1ce5a    : c_sd a5, 24(a5)            : MemWrite :  D=0x0000000000071aa8 A=0x71ac0
 779500: system.cpu: T0 : 0x1ce5c    : c_sd a5, 16(a5)            : MemWrite :  D=0x0000000000071aa8 A=0x71ab8
 780000: system.cpu: T0 : 0x1ce5e    : c_addi a5, 16              : IntAlu :  D=0x0000000000071ab8
 780500: system.cpu: T0 : 0x1ce60    : bne a4, a5, -6             : IntAlu : 
 781000: system.cpu: T0 : 0x1ce5a    : c_sd a5, 24(a5)            : MemWrite :  D=0x0000000000071ab8 A=0x71ad0
 781500: system.cpu: T0 : 0x1ce5c    : c_sd a5, 16(a5)            : MemWrite :  D=0x0000000000071ab8 A=0x71ac8
 782000: system.cpu: T0 : 0x1ce5e    : c_addi a5, 16              : IntAlu :  D=0x0000000000071ac8
 782500: system.cpu: T0 : 0x1ce60    : bne a4, a5, -6             : IntAlu : 
 783000: system.cpu: T0 : 0x1ce5a    : c_sd a5, 24(a5)            : MemWrite :  D=0x0000000000071ac8 A=0x71ae0
 783500: system.cpu: T0 : 0x1ce5c    : c_sd a5, 16(a5)            : MemWrite :  D=0x0000000000071ac8 A=0x71ad8
 784000: system.cpu: T0 : 0x1ce5e    : c_addi a5, 16              : IntAlu :  D=0x0000000000071ad8
 784500: system.cpu: T0 : 0x1ce60    : bne a4, a5, -6             : IntAlu : 
 785000: system.cpu: T0 : 0x1ce5a    : c_sd a5, 24(a5)            : MemWrite :  D=0x0000000000071ad8 A=0x71af0
 785500: system.cpu: T0 : 0x1ce5c    : c_sd a5, 16(a5)            : MemWrite :  D=0x0000000000071ad8 A=0x71ae8
 786000: system.cpu: T0 : 0x1ce5e    : c_addi a5, 16              : IntAlu :  D=0x0000000000071ae8
 786500: system.cpu: T0 : 0x1ce60    : bne a4, a5, -6             : IntAlu : 
 787000: system.cpu: T0 : 0x1ce5a    : c_sd a5, 24(a5)            : MemWrite :  D=0x0000000000071ae8 A=0x71b00
 787500: system.cpu: T0 : 0x1ce5c    : c_sd a5, 16(a5)            : MemWrite :  D=0x0000000000071ae8 A=0x71af8
 788000: system.cpu: T0 : 0x1ce5e    : c_addi a5, 16              : IntAlu :  D=0x0000000000071af8
 788500: system.cpu: T0 : 0x1ce60    : bne a4, a5, -6             : IntAlu : 
 789000: system.cpu: T0 : 0x1ce5a    : c_sd a5, 24(a5)            : MemWrite :  D=0x0000000000071af8 A=0x71b10
 789500: system.cpu: T0 : 0x1ce5c    : c_sd a5, 16(a5)            : MemWrite :  D=0x0000000000071af8 A=0x71b08
 790000: system.cpu: T0 : 0x1ce5e    : c_addi a5, 16              : IntAlu :  D=0x0000000000071b08
 790500: system.cpu: T0 : 0x1ce60    : bne a4, a5, -6             : IntAlu : 
 791000: system.cpu: T0 : 0x1ce5a    : c_sd a5, 24(a5)            : MemWrite :  D=0x0000000000071b08 A=0x71b20
 791500: system.cpu: T0 : 0x1ce5c    : c_sd a5, 16(a5)            : MemWrite :  D=0x0000000000071b08 A=0x71b18
 792000: system.cpu: T0 : 0x1ce5e    : c_addi a5, 16              : IntAlu :  D=0x0000000000071b18
 792500: system.cpu: T0 : 0x1ce60    : bne a4, a5, -6             : IntAlu : 
 793000: system.cpu: T0 : 0x1ce5a    : c_sd a5, 24(a5)            : MemWrite :  D=0x0000000000071b18 A=0x71b30
 793500: system.cpu: T0 : 0x1ce5c    : c_sd a5, 16(a5)            : MemWrite :  D=0x0000000000071b18 A=0x71b28
 794000: system.cpu: T0 : 0x1ce5e    : c_addi a5, 16              : IntAlu :  D=0x0000000000071b28
 794500: system.cpu: T0 : 0x1ce60    : bne a4, a5, -6             : IntAlu : 
 795000: system.cpu: T0 : 0x1ce5a    : c_sd a5, 24(a5)            : MemWrite :  D=0x0000000000071b28 A=0x71b40
 795500: system.cpu: T0 : 0x1ce5c    : c_sd a5, 16(a5)            : MemWrite :  D=0x0000000000071b28 A=0x71b38
 796000: system.cpu: T0 : 0x1ce5e    : c_addi a5, 16              : IntAlu :  D=0x0000000000071b38
 796500: system.cpu: T0 : 0x1ce60    : bne a4, a5, -6             : IntAlu : 
 797000: system.cpu: T0 : 0x1ce5a    : c_sd a5, 24(a5)            : MemWrite :  D=0x0000000000071b38 A=0x71b50
 797500: system.cpu: T0 : 0x1ce5c    : c_sd a5, 16(a5)            : MemWrite :  D=0x0000000000071b38 A=0x71b48
 798000: system.cpu: T0 : 0x1ce5e    : c_addi a5, 16              : IntAlu :  D=0x0000000000071b48
 798500: system.cpu: T0 : 0x1ce60    : bne a4, a5, -6             : IntAlu : 
 799000: system.cpu: T0 : 0x1ce5a    : c_sd a5, 24(a5)            : MemWrite :  D=0x0000000000071b48 A=0x71b60
 799500: system.cpu: T0 : 0x1ce5c    : c_sd a5, 16(a5)            : MemWrite :  D=0x0000000000071b48 A=0x71b58
 800000: system.cpu: T0 : 0x1ce5e    : c_addi a5, 16              : IntAlu :  D=0x0000000000071b58
 800500: system.cpu: T0 : 0x1ce60    : bne a4, a5, -6             : IntAlu : 
 801000: system.cpu: T0 : 0x1ce5a    : c_sd a5, 24(a5)            : MemWrite :  D=0x0000000000071b58 A=0x71b70
 801500: system.cpu: T0 : 0x1ce5c    : c_sd a5, 16(a5)            : MemWrite :  D=0x0000000000071b58 A=0x71b68
 802000: system.cpu: T0 : 0x1ce5e    : c_addi a5, 16              : IntAlu :  D=0x0000000000071b68
 802500: system.cpu: T0 : 0x1ce60    : bne a4, a5, -6             : IntAlu : 
 803000: system.cpu: T0 : 0x1ce5a    : c_sd a5, 24(a5)            : MemWrite :  D=0x0000000000071b68 A=0x71b80
 803500: system.cpu: T0 : 0x1ce5c    : c_sd a5, 16(a5)            : MemWrite :  D=0x0000000000071b68 A=0x71b78
 804000: system.cpu: T0 : 0x1ce5e    : c_addi a5, 16              : IntAlu :  D=0x0000000000071b78
 804500: system.cpu: T0 : 0x1ce60    : bne a4, a5, -6             : IntAlu : 
 805000: system.cpu: T0 : 0x1ce5a    : c_sd a5, 24(a5)            : MemWrite :  D=0x0000000000071b78 A=0x71b90
 805500: system.cpu: T0 : 0x1ce5c    : c_sd a5, 16(a5)            : MemWrite :  D=0x0000000000071b78 A=0x71b88
 806000: system.cpu: T0 : 0x1ce5e    : c_addi a5, 16              : IntAlu :  D=0x0000000000071b88
 806500: system.cpu: T0 : 0x1ce60    : bne a4, a5, -6             : IntAlu : 
 807000: system.cpu: T0 : 0x1ce5a    : c_sd a5, 24(a5)            : MemWrite :  D=0x0000000000071b88 A=0x71ba0
 807500: system.cpu: T0 : 0x1ce5c    : c_sd a5, 16(a5)            : MemWrite :  D=0x0000000000071b88 A=0x71b98
 808000: system.cpu: T0 : 0x1ce5e    : c_addi a5, 16              : IntAlu :  D=0x0000000000071b98
 808500: system.cpu: T0 : 0x1ce60    : bne a4, a5, -6             : IntAlu : 
 809000: system.cpu: T0 : 0x1ce5a    : c_sd a5, 24(a5)            : MemWrite :  D=0x0000000000071b98 A=0x71bb0
 809500: system.cpu: T0 : 0x1ce5c    : c_sd a5, 16(a5)            : MemWrite :  D=0x0000000000071b98 A=0x71ba8
 810000: system.cpu: T0 : 0x1ce5e    : c_addi a5, 16              : IntAlu :  D=0x0000000000071ba8
 810500: system.cpu: T0 : 0x1ce60    : bne a4, a5, -6             : IntAlu : 
 811000: system.cpu: T0 : 0x1ce5a    : c_sd a5, 24(a5)            : MemWrite :  D=0x0000000000071ba8 A=0x71bc0
 811500: system.cpu: T0 : 0x1ce5c    : c_sd a5, 16(a5)            : MemWrite :  D=0x0000000000071ba8 A=0x71bb8
 812000: system.cpu: T0 : 0x1ce5e    : c_addi a5, 16              : IntAlu :  D=0x0000000000071bb8
 812500: system.cpu: T0 : 0x1ce60    : bne a4, a5, -6             : IntAlu : 
 813000: system.cpu: T0 : 0x1ce5a    : c_sd a5, 24(a5)            : MemWrite :  D=0x0000000000071bb8 A=0x71bd0
 813500: system.cpu: T0 : 0x1ce5c    : c_sd a5, 16(a5)            : MemWrite :  D=0x0000000000071bb8 A=0x71bc8
 814000: system.cpu: T0 : 0x1ce5e    : c_addi a5, 16              : IntAlu :  D=0x0000000000071bc8
 814500: system.cpu: T0 : 0x1ce60    : bne a4, a5, -6             : IntAlu : 
 815000: system.cpu: T0 : 0x1ce5a    : c_sd a5, 24(a5)            : MemWrite :  D=0x0000000000071bc8 A=0x71be0
 815500: system.cpu: T0 : 0x1ce5c    : c_sd a5, 16(a5)            : MemWrite :  D=0x0000000000071bc8 A=0x71bd8
 816000: system.cpu: T0 : 0x1ce5e    : c_addi a5, 16              : IntAlu :  D=0x0000000000071bd8
 816500: system.cpu: T0 : 0x1ce60    : bne a4, a5, -6             : IntAlu : 
 817000: system.cpu: T0 : 0x1ce5a    : c_sd a5, 24(a5)            : MemWrite :  D=0x0000000000071bd8 A=0x71bf0
 817500: system.cpu: T0 : 0x1ce5c    : c_sd a5, 16(a5)            : MemWrite :  D=0x0000000000071bd8 A=0x71be8
 818000: system.cpu: T0 : 0x1ce5e    : c_addi a5, 16              : IntAlu :  D=0x0000000000071be8
 818500: system.cpu: T0 : 0x1ce60    : bne a4, a5, -6             : IntAlu : 
 819000: system.cpu: T0 : 0x1ce5a    : c_sd a5, 24(a5)            : MemWrite :  D=0x0000000000071be8 A=0x71c00
 819500: system.cpu: T0 : 0x1ce5c    : c_sd a5, 16(a5)            : MemWrite :  D=0x0000000000071be8 A=0x71bf8
 820000: system.cpu: T0 : 0x1ce5e    : c_addi a5, 16              : IntAlu :  D=0x0000000000071bf8
 820500: system.cpu: T0 : 0x1ce60    : bne a4, a5, -6             : IntAlu : 
 821000: system.cpu: T0 : 0x1ce5a    : c_sd a5, 24(a5)            : MemWrite :  D=0x0000000000071bf8 A=0x71c10
 821500: system.cpu: T0 : 0x1ce5c    : c_sd a5, 16(a5)            : MemWrite :  D=0x0000000000071bf8 A=0x71c08
 822000: system.cpu: T0 : 0x1ce5e    : c_addi a5, 16              : IntAlu :  D=0x0000000000071c08
 822500: system.cpu: T0 : 0x1ce60    : bne a4, a5, -6             : IntAlu : 
 823000: system.cpu: T0 : 0x1ce5a    : c_sd a5, 24(a5)            : MemWrite :  D=0x0000000000071c08 A=0x71c20
 823500: system.cpu: T0 : 0x1ce5c    : c_sd a5, 16(a5)            : MemWrite :  D=0x0000000000071c08 A=0x71c18
 824000: system.cpu: T0 : 0x1ce5e    : c_addi a5, 16              : IntAlu :  D=0x0000000000071c18
 824500: system.cpu: T0 : 0x1ce60    : bne a4, a5, -6             : IntAlu : 
 825000: system.cpu: T0 : 0x1ce5a    : c_sd a5, 24(a5)            : MemWrite :  D=0x0000000000071c18 A=0x71c30
 825500: system.cpu: T0 : 0x1ce5c    : c_sd a5, 16(a5)            : MemWrite :  D=0x0000000000071c18 A=0x71c28
 826000: system.cpu: T0 : 0x1ce5e    : c_addi a5, 16              : IntAlu :  D=0x0000000000071c28
 826500: system.cpu: T0 : 0x1ce60    : bne a4, a5, -6             : IntAlu : 
 827000: system.cpu: T0 : 0x1ce5a    : c_sd a5, 24(a5)            : MemWrite :  D=0x0000000000071c28 A=0x71c40
 827500: system.cpu: T0 : 0x1ce5c    : c_sd a5, 16(a5)            : MemWrite :  D=0x0000000000071c28 A=0x71c38
 828000: system.cpu: T0 : 0x1ce5e    : c_addi a5, 16              : IntAlu :  D=0x0000000000071c38
 828500: system.cpu: T0 : 0x1ce60    : bne a4, a5, -6             : IntAlu : 
 829000: system.cpu: T0 : 0x1ce5a    : c_sd a5, 24(a5)            : MemWrite :  D=0x0000000000071c38 A=0x71c50
 829500: system.cpu: T0 : 0x1ce5c    : c_sd a5, 16(a5)            : MemWrite :  D=0x0000000000071c38 A=0x71c48
 830000: system.cpu: T0 : 0x1ce5e    : c_addi a5, 16              : IntAlu :  D=0x0000000000071c48
 830500: system.cpu: T0 : 0x1ce60    : bne a4, a5, -6             : IntAlu : 
 831000: system.cpu: T0 : 0x1ce5a    : c_sd a5, 24(a5)            : MemWrite :  D=0x0000000000071c48 A=0x71c60
 831500: system.cpu: T0 : 0x1ce5c    : c_sd a5, 16(a5)            : MemWrite :  D=0x0000000000071c48 A=0x71c58
 832000: system.cpu: T0 : 0x1ce5e    : c_addi a5, 16              : IntAlu :  D=0x0000000000071c58
 832500: system.cpu: T0 : 0x1ce60    : bne a4, a5, -6             : IntAlu : 
 833000: system.cpu: T0 : 0x1ce5a    : c_sd a5, 24(a5)            : MemWrite :  D=0x0000000000071c58 A=0x71c70
 833500: system.cpu: T0 : 0x1ce5c    : c_sd a5, 16(a5)            : MemWrite :  D=0x0000000000071c58 A=0x71c68
 834000: system.cpu: T0 : 0x1ce5e    : c_addi a5, 16              : IntAlu :  D=0x0000000000071c68
 834500: system.cpu: T0 : 0x1ce60    : bne a4, a5, -6             : IntAlu : 
 835000: system.cpu: T0 : 0x1ce5a    : c_sd a5, 24(a5)            : MemWrite :  D=0x0000000000071c68 A=0x71c80
 835500: system.cpu: T0 : 0x1ce5c    : c_sd a5, 16(a5)            : MemWrite :  D=0x0000000000071c68 A=0x71c78
 836000: system.cpu: T0 : 0x1ce5e    : c_addi a5, 16              : IntAlu :  D=0x0000000000071c78
 836500: system.cpu: T0 : 0x1ce60    : bne a4, a5, -6             : IntAlu : 
 837000: system.cpu: T0 : 0x1ce5a    : c_sd a5, 24(a5)            : MemWrite :  D=0x0000000000071c78 A=0x71c90
 837500: system.cpu: T0 : 0x1ce5c    : c_sd a5, 16(a5)            : MemWrite :  D=0x0000000000071c78 A=0x71c88
 838000: system.cpu: T0 : 0x1ce5e    : c_addi a5, 16              : IntAlu :  D=0x0000000000071c88
 838500: system.cpu: T0 : 0x1ce60    : bne a4, a5, -6             : IntAlu : 
 839000: system.cpu: T0 : 0x1ce5a    : c_sd a5, 24(a5)            : MemWrite :  D=0x0000000000071c88 A=0x71ca0
 839500: system.cpu: T0 : 0x1ce5c    : c_sd a5, 16(a5)            : MemWrite :  D=0x0000000000071c88 A=0x71c98
 840000: system.cpu: T0 : 0x1ce5e    : c_addi a5, 16              : IntAlu :  D=0x0000000000071c98
 840500: system.cpu: T0 : 0x1ce60    : bne a4, a5, -6             : IntAlu : 
 841000: system.cpu: T0 : 0x1ce5a    : c_sd a5, 24(a5)            : MemWrite :  D=0x0000000000071c98 A=0x71cb0
 841500: system.cpu: T0 : 0x1ce5c    : c_sd a5, 16(a5)            : MemWrite :  D=0x0000000000071c98 A=0x71ca8
 842000: system.cpu: T0 : 0x1ce5e    : c_addi a5, 16              : IntAlu :  D=0x0000000000071ca8
 842500: system.cpu: T0 : 0x1ce60    : bne a4, a5, -6             : IntAlu : 
 843000: system.cpu: T0 : 0x1ce5a    : c_sd a5, 24(a5)            : MemWrite :  D=0x0000000000071ca8 A=0x71cc0
 843500: system.cpu: T0 : 0x1ce5c    : c_sd a5, 16(a5)            : MemWrite :  D=0x0000000000071ca8 A=0x71cb8
 844000: system.cpu: T0 : 0x1ce5e    : c_addi a5, 16              : IntAlu :  D=0x0000000000071cb8
 844500: system.cpu: T0 : 0x1ce60    : bne a4, a5, -6             : IntAlu : 
 845000: system.cpu: T0 : 0x1ce5a    : c_sd a5, 24(a5)            : MemWrite :  D=0x0000000000071cb8 A=0x71cd0
 845500: system.cpu: T0 : 0x1ce5c    : c_sd a5, 16(a5)            : MemWrite :  D=0x0000000000071cb8 A=0x71cc8
 846000: system.cpu: T0 : 0x1ce5e    : c_addi a5, 16              : IntAlu :  D=0x0000000000071cc8
 846500: system.cpu: T0 : 0x1ce60    : bne a4, a5, -6             : IntAlu : 
 847000: system.cpu: T0 : 0x1ce5a    : c_sd a5, 24(a5)            : MemWrite :  D=0x0000000000071cc8 A=0x71ce0
 847500: system.cpu: T0 : 0x1ce5c    : c_sd a5, 16(a5)            : MemWrite :  D=0x0000000000071cc8 A=0x71cd8
 848000: system.cpu: T0 : 0x1ce5e    : c_addi a5, 16              : IntAlu :  D=0x0000000000071cd8
 848500: system.cpu: T0 : 0x1ce60    : bne a4, a5, -6             : IntAlu : 
 849000: system.cpu: T0 : 0x1ce5a    : c_sd a5, 24(a5)            : MemWrite :  D=0x0000000000071cd8 A=0x71cf0
 849500: system.cpu: T0 : 0x1ce5c    : c_sd a5, 16(a5)            : MemWrite :  D=0x0000000000071cd8 A=0x71ce8
 850000: system.cpu: T0 : 0x1ce5e    : c_addi a5, 16              : IntAlu :  D=0x0000000000071ce8
 850500: system.cpu: T0 : 0x1ce60    : bne a4, a5, -6             : IntAlu : 
 851000: system.cpu: T0 : 0x1ce5a    : c_sd a5, 24(a5)            : MemWrite :  D=0x0000000000071ce8 A=0x71d00
 851500: system.cpu: T0 : 0x1ce5c    : c_sd a5, 16(a5)            : MemWrite :  D=0x0000000000071ce8 A=0x71cf8
 852000: system.cpu: T0 : 0x1ce5e    : c_addi a5, 16              : IntAlu :  D=0x0000000000071cf8
 852500: system.cpu: T0 : 0x1ce60    : bne a4, a5, -6             : IntAlu : 
 853000: system.cpu: T0 : 0x1ce5a    : c_sd a5, 24(a5)            : MemWrite :  D=0x0000000000071cf8 A=0x71d10
 853500: system.cpu: T0 : 0x1ce5c    : c_sd a5, 16(a5)            : MemWrite :  D=0x0000000000071cf8 A=0x71d08
 854000: system.cpu: T0 : 0x1ce5e    : c_addi a5, 16              : IntAlu :  D=0x0000000000071d08
 854500: system.cpu: T0 : 0x1ce60    : bne a4, a5, -6             : IntAlu : 
 855000: system.cpu: T0 : 0x1ce5a    : c_sd a5, 24(a5)            : MemWrite :  D=0x0000000000071d08 A=0x71d20
 855500: system.cpu: T0 : 0x1ce5c    : c_sd a5, 16(a5)            : MemWrite :  D=0x0000000000071d08 A=0x71d18
 856000: system.cpu: T0 : 0x1ce5e    : c_addi a5, 16              : IntAlu :  D=0x0000000000071d18
 856500: system.cpu: T0 : 0x1ce60    : bne a4, a5, -6             : IntAlu : 
 857000: system.cpu: T0 : 0x1ce5a    : c_sd a5, 24(a5)            : MemWrite :  D=0x0000000000071d18 A=0x71d30
 857500: system.cpu: T0 : 0x1ce5c    : c_sd a5, 16(a5)            : MemWrite :  D=0x0000000000071d18 A=0x71d28
 858000: system.cpu: T0 : 0x1ce5e    : c_addi a5, 16              : IntAlu :  D=0x0000000000071d28
 858500: system.cpu: T0 : 0x1ce60    : bne a4, a5, -6             : IntAlu : 
 859000: system.cpu: T0 : 0x1ce5a    : c_sd a5, 24(a5)            : MemWrite :  D=0x0000000000071d28 A=0x71d40
 859500: system.cpu: T0 : 0x1ce5c    : c_sd a5, 16(a5)            : MemWrite :  D=0x0000000000071d28 A=0x71d38
 860000: system.cpu: T0 : 0x1ce5e    : c_addi a5, 16              : IntAlu :  D=0x0000000000071d38
 860500: system.cpu: T0 : 0x1ce60    : bne a4, a5, -6             : IntAlu : 
 861000: system.cpu: T0 : 0x1ce5a    : c_sd a5, 24(a5)            : MemWrite :  D=0x0000000000071d38 A=0x71d50
 861500: system.cpu: T0 : 0x1ce5c    : c_sd a5, 16(a5)            : MemWrite :  D=0x0000000000071d38 A=0x71d48
 862000: system.cpu: T0 : 0x1ce5e    : c_addi a5, 16              : IntAlu :  D=0x0000000000071d48
 862500: system.cpu: T0 : 0x1ce60    : bne a4, a5, -6             : IntAlu : 
 863000: system.cpu: T0 : 0x1ce5a    : c_sd a5, 24(a5)            : MemWrite :  D=0x0000000000071d48 A=0x71d60
 863500: system.cpu: T0 : 0x1ce5c    : c_sd a5, 16(a5)            : MemWrite :  D=0x0000000000071d48 A=0x71d58
 864000: system.cpu: T0 : 0x1ce5e    : c_addi a5, 16              : IntAlu :  D=0x0000000000071d58
 864500: system.cpu: T0 : 0x1ce60    : bne a4, a5, -6             : IntAlu : 
 865000: system.cpu: T0 : 0x1ce5a    : c_sd a5, 24(a5)            : MemWrite :  D=0x0000000000071d58 A=0x71d70
 865500: system.cpu: T0 : 0x1ce5c    : c_sd a5, 16(a5)            : MemWrite :  D=0x0000000000071d58 A=0x71d68
 866000: system.cpu: T0 : 0x1ce5e    : c_addi a5, 16              : IntAlu :  D=0x0000000000071d68
 866500: system.cpu: T0 : 0x1ce60    : bne a4, a5, -6             : IntAlu : 
 867000: system.cpu: T0 : 0x1ce5a    : c_sd a5, 24(a5)            : MemWrite :  D=0x0000000000071d68 A=0x71d80
 867500: system.cpu: T0 : 0x1ce5c    : c_sd a5, 16(a5)            : MemWrite :  D=0x0000000000071d68 A=0x71d78
 868000: system.cpu: T0 : 0x1ce5e    : c_addi a5, 16              : IntAlu :  D=0x0000000000071d78
 868500: system.cpu: T0 : 0x1ce60    : bne a4, a5, -6             : IntAlu : 
 869000: system.cpu: T0 : 0x1ce5a    : c_sd a5, 24(a5)            : MemWrite :  D=0x0000000000071d78 A=0x71d90
 869500: system.cpu: T0 : 0x1ce5c    : c_sd a5, 16(a5)            : MemWrite :  D=0x0000000000071d78 A=0x71d88
 870000: system.cpu: T0 : 0x1ce5e    : c_addi a5, 16              : IntAlu :  D=0x0000000000071d88
 870500: system.cpu: T0 : 0x1ce60    : bne a4, a5, -6             : IntAlu : 
 871000: system.cpu: T0 : 0x1ce5a    : c_sd a5, 24(a5)            : MemWrite :  D=0x0000000000071d88 A=0x71da0
 871500: system.cpu: T0 : 0x1ce5c    : c_sd a5, 16(a5)            : MemWrite :  D=0x0000000000071d88 A=0x71d98
 872000: system.cpu: T0 : 0x1ce5e    : c_addi a5, 16              : IntAlu :  D=0x0000000000071d98
 872500: system.cpu: T0 : 0x1ce60    : bne a4, a5, -6             : IntAlu : 
 873000: system.cpu: T0 : 0x1ce5a    : c_sd a5, 24(a5)            : MemWrite :  D=0x0000000000071d98 A=0x71db0
 873500: system.cpu: T0 : 0x1ce5c    : c_sd a5, 16(a5)            : MemWrite :  D=0x0000000000071d98 A=0x71da8
 874000: system.cpu: T0 : 0x1ce5e    : c_addi a5, 16              : IntAlu :  D=0x0000000000071da8
 874500: system.cpu: T0 : 0x1ce60    : bne a4, a5, -6             : IntAlu : 
 875000: system.cpu: T0 : 0x1ce5a    : c_sd a5, 24(a5)            : MemWrite :  D=0x0000000000071da8 A=0x71dc0
 875500: system.cpu: T0 : 0x1ce5c    : c_sd a5, 16(a5)            : MemWrite :  D=0x0000000000071da8 A=0x71db8
 876000: system.cpu: T0 : 0x1ce5e    : c_addi a5, 16              : IntAlu :  D=0x0000000000071db8
 876500: system.cpu: T0 : 0x1ce60    : bne a4, a5, -6             : IntAlu : 
 877000: system.cpu: T0 : 0x1ce5a    : c_sd a5, 24(a5)            : MemWrite :  D=0x0000000000071db8 A=0x71dd0
 877500: system.cpu: T0 : 0x1ce5c    : c_sd a5, 16(a5)            : MemWrite :  D=0x0000000000071db8 A=0x71dc8
 878000: system.cpu: T0 : 0x1ce5e    : c_addi a5, 16              : IntAlu :  D=0x0000000000071dc8
 878500: system.cpu: T0 : 0x1ce60    : bne a4, a5, -6             : IntAlu : 
 879000: system.cpu: T0 : 0x1ce5a    : c_sd a5, 24(a5)            : MemWrite :  D=0x0000000000071dc8 A=0x71de0
 879500: system.cpu: T0 : 0x1ce5c    : c_sd a5, 16(a5)            : MemWrite :  D=0x0000000000071dc8 A=0x71dd8
 880000: system.cpu: T0 : 0x1ce5e    : c_addi a5, 16              : IntAlu :  D=0x0000000000071dd8
 880500: system.cpu: T0 : 0x1ce60    : bne a4, a5, -6             : IntAlu : 
 881000: system.cpu: T0 : 0x1ce5a    : c_sd a5, 24(a5)            : MemWrite :  D=0x0000000000071dd8 A=0x71df0
 881500: system.cpu: T0 : 0x1ce5c    : c_sd a5, 16(a5)            : MemWrite :  D=0x0000000000071dd8 A=0x71de8
 882000: system.cpu: T0 : 0x1ce5e    : c_addi a5, 16              : IntAlu :  D=0x0000000000071de8
 882500: system.cpu: T0 : 0x1ce60    : bne a4, a5, -6             : IntAlu : 
 883000: system.cpu: T0 : 0x1ce5a    : c_sd a5, 24(a5)            : MemWrite :  D=0x0000000000071de8 A=0x71e00
 883500: system.cpu: T0 : 0x1ce5c    : c_sd a5, 16(a5)            : MemWrite :  D=0x0000000000071de8 A=0x71df8
 884000: system.cpu: T0 : 0x1ce5e    : c_addi a5, 16              : IntAlu :  D=0x0000000000071df8
 884500: system.cpu: T0 : 0x1ce60    : bne a4, a5, -6             : IntAlu : 
 885000: system.cpu: T0 : 0x1ce5a    : c_sd a5, 24(a5)            : MemWrite :  D=0x0000000000071df8 A=0x71e10
 885500: system.cpu: T0 : 0x1ce5c    : c_sd a5, 16(a5)            : MemWrite :  D=0x0000000000071df8 A=0x71e08
 886000: system.cpu: T0 : 0x1ce5e    : c_addi a5, 16              : IntAlu :  D=0x0000000000071e08
 886500: system.cpu: T0 : 0x1ce60    : bne a4, a5, -6             : IntAlu : 
 887000: system.cpu: T0 : 0x1ce5a    : c_sd a5, 24(a5)            : MemWrite :  D=0x0000000000071e08 A=0x71e20
 887500: system.cpu: T0 : 0x1ce5c    : c_sd a5, 16(a5)            : MemWrite :  D=0x0000000000071e08 A=0x71e18
 888000: system.cpu: T0 : 0x1ce5e    : c_addi a5, 16              : IntAlu :  D=0x0000000000071e18
 888500: system.cpu: T0 : 0x1ce60    : bne a4, a5, -6             : IntAlu : 
 889000: system.cpu: T0 : 0x1ce64    : lui a5, 113                : IntAlu :  D=0x0000000000071000
 889500: system.cpu: T0 : 0x1ce68    : addi a5, a5, 1480          : IntAlu :  D=0x00000000000715c8
 890000: system.cpu: T0 : 0x1ce6c    : beq a0, a5, 24             : IntAlu : 
 890500: system.cpu: T0 : 0x1ce84    : addi a4, zero, 128         : IntAlu :  D=0x0000000000000080
 891000: system.cpu: T0 : 0x1ce88    : sd a4, -1376(gp)           : MemWrite :  D=0x0000000000000080 A=0x72dd0
 891500: system.cpu: T0 : 0x1ce8c    : addi a5, a0, 8             : IntAlu :  D=0x00000000000715d0
 892000: system.cpu: T0 : 0x1ce90    : amoswap_w zero, zero, (a5)
 892000: system.cpu: T0 : 0x1ce90. 0 : amoswap_w[l] zero, zero, (a5) : MemRead :  D=0x0000000000000000 A=0x715d0
 892500: system.cpu: T0 : 0x1ce94    : c_sd a3, 96(a0)            : MemWrite :  D=0x0000000000071628 A=0x71628
 893000: system.cpu: T0 : 0x1ce96    : c_jr ra                    : IntAlu : 
 894000: system.cpu: T0 : 0x1d252    : lui a2, 30                 : IntAlu :  D=0x000000000001e000
 895000: system.cpu: T0 : 0x1d256    : addi a2, a2, -1630         : IntAlu :  D=0x000000000001d9a2
 895500: system.cpu: T0 : 0x1d25a    : c_mv a1, sp                : IntAlu :  D=0x7ffffffffffffbd0
 896000: system.cpu: T0 : 0x1d25c    : c_li a0, 19                : IntAlu :  D=0x0000000000000013
 897000: system.cpu: T0 : 0x1d25e    : jal ra, 30096              : IntAlu :  D=0x000000000001d262
 897500: system.cpu: T0 : 0x247ee    : c_slli a0, 32              : IntAlu :  D=0x0000001300000000
 898000: system.cpu: T0 : 0x247f0    : c_srli a0, 32              : IntAlu :  D=0x0000000000000013
 899000: system.cpu: T0 : 0x247f2    : slli a5, a0, 3             : IntAlu :  D=0x0000000000000098
 899500: system.cpu: T0 : 0x247f6    : c_sub a5, a0               : IntAlu :  D=0x0000000000000085
 900000: system.cpu: T0 : 0x247f8    : lui a4, 113                : IntAlu :  D=0x0000000000071000
 900500: system.cpu: T0 : 0x247fc    : addi a4, a4, -1248         : IntAlu :  D=0x0000000000070b20
 901000: system.cpu: T0 : 0x24800    : c_slli a5, 3               : IntAlu :  D=0x0000000000000428
 901500: system.cpu: T0 : 0x24802    : c_add a5, a4               : IntAlu :  D=0x0000000000070f48
 902000: system.cpu: T0 : 0x24804    : c_lw a3, 8(a5)             : MemRead :  D=0x0000000000000000 A=0x70f50
 902500: system.cpu: T0 : 0x24806    : c_li a6, 2                 : IntAlu :  D=0x0000000000000002
 903000: system.cpu: T0 : 0x24808    : c_ld a5, 32(a5)            : MemRead :  D=0x0000000000000000 A=0x70f68
 904000: system.cpu: T0 : 0x2480a    : bltu a6, a3, 42            : IntAlu : 
 904500: system.cpu: T0 : 0x2480e    : c_bnez a3, 38              : IntAlu : 
 905000: system.cpu: T0 : 0x24810    : c_sw a5, 0(a1)             : MemWrite :  D=0x0000000000000000 A=0x7ffffffffffffbd0
 906000: system.cpu: T0 : 0x24812    : slli a5, a0, 3             : IntAlu :  D=0x0000000000000098
 906500: system.cpu: T0 : 0x24816    : c_sub a5, a0               : IntAlu :  D=0x0000000000000085
 907000: system.cpu: T0 : 0x24818    : c_slli a5, 3               : IntAlu :  D=0x0000000000000428
 908000: system.cpu: T0 : 0x2481a    : add a3, a4, a5             : IntAlu :  D=0x0000000000070f48
 909000: system.cpu: T0 : 0x2481e    : lbu a3, 40(a3)             : MemRead :  D=0x0000000000000000 A=0x70f70
 909500: system.cpu: T0 : 0x24822    : c_beqz a3, 16              : IntAlu : 
 910000: system.cpu: T0 : 0x24832    : c_jr ra                    : IntAlu : 
 910500: system.cpu: T0 : 0x1d262    : c_lui a2, 29               : IntAlu :  D=0x000000000001d000
 911000: system.cpu: T0 : 0x1d264    : addi a2, a2, -1308         : IntAlu :  D=0x000000000001cae4
 911500: system.cpu: T0 : 0x1d268    : c_mv a1, sp                : IntAlu :  D=0x7ffffffffffffbd0
 912000: system.cpu: T0 : 0x1d26a    : c_li a0, 7                 : IntAlu :  D=0x0000000000000007
 912500: system.cpu: T0 : 0x1d26c    : jal ra, 30082              : IntAlu :  D=0x000000000001d270
 913000: system.cpu: T0 : 0x247ee    : c_slli a0, 32              : IntAlu :  D=0x0000000700000000
 913500: system.cpu: T0 : 0x247f0    : c_srli a0, 32              : IntAlu :  D=0x0000000000000007
 914500: system.cpu: T0 : 0x247f2    : slli a5, a0, 3             : IntAlu :  D=0x0000000000000038
 915000: system.cpu: T0 : 0x247f6    : c_sub a5, a0               : IntAlu :  D=0x0000000000000031
 915500: system.cpu: T0 : 0x247f8    : lui a4, 113                : IntAlu :  D=0x0000000000071000
 916000: system.cpu: T0 : 0x247fc    : addi a4, a4, -1248         : IntAlu :  D=0x0000000000070b20
 916500: system.cpu: T0 : 0x24800    : c_slli a5, 3               : IntAlu :  D=0x0000000000000188
 917000: system.cpu: T0 : 0x24802    : c_add a5, a4               : IntAlu :  D=0x0000000000070ca8
 917500: system.cpu: T0 : 0x24804    : c_lw a3, 8(a5)             : MemRead :  D=0x0000000000000002 A=0x70cb0
 918000: system.cpu: T0 : 0x24806    : c_li a6, 2                 : IntAlu :  D=0x0000000000000002
 918500: system.cpu: T0 : 0x24808    : c_ld a5, 32(a5)            : MemRead :  D=0x0000000000000000 A=0x70cc8
 919500: system.cpu: T0 : 0x2480a    : bltu a6, a3, 42            : IntAlu : 
 920000: system.cpu: T0 : 0x2480e    : c_bnez a3, 38              : IntAlu : 
 920500: system.cpu: T0 : 0x24834    : c_sd a5, 0(a1)             : MemWrite :  D=0x0000000000000000 A=0x7ffffffffffffbd0
 921000: system.cpu: T0 : 0x24836    : c_j -36                    : IntAlu : 
 922000: system.cpu: T0 : 0x24812    : slli a5, a0, 3             : IntAlu :  D=0x0000000000000038
 922500: system.cpu: T0 : 0x24816    : c_sub a5, a0               : IntAlu :  D=0x0000000000000031
 923000: system.cpu: T0 : 0x24818    : c_slli a5, 3               : IntAlu :  D=0x0000000000000188
 924000: system.cpu: T0 : 0x2481a    : add a3, a4, a5             : IntAlu :  D=0x0000000000070ca8
 925000: system.cpu: T0 : 0x2481e    : lbu a3, 40(a3)             : MemRead :  D=0x0000000000000000 A=0x70cd0
 925500: system.cpu: T0 : 0x24822    : c_beqz a3, 16              : IntAlu : 
 926000: system.cpu: T0 : 0x24832    : c_jr ra                    : IntAlu : 
 926500: system.cpu: T0 : 0x1d270    : c_lui a2, 29               : IntAlu :  D=0x000000000001d000
 927500: system.cpu: T0 : 0x1d272    : addi a2, a2, -1290         : IntAlu :  D=0x000000000001caf6
 928000: system.cpu: T0 : 0x1d276    : c_mv a1, sp                : IntAlu :  D=0x7ffffffffffffbd0
 928500: system.cpu: T0 : 0x1d278    : c_li a0, 2                 : IntAlu :  D=0x0000000000000002
 929500: system.cpu: T0 : 0x1d27a    : jal ra, 30068              : IntAlu :  D=0x000000000001d27e
 930000: system.cpu: T0 : 0x247ee    : c_slli a0, 32              : IntAlu :  D=0x0000000200000000
 930500: system.cpu: T0 : 0x247f0    : c_srli a0, 32              : IntAlu :  D=0x0000000000000002
 931500: system.cpu: T0 : 0x247f2    : slli a5, a0, 3             : IntAlu :  D=0x0000000000000010
 932000: system.cpu: T0 : 0x247f6    : c_sub a5, a0               : IntAlu :  D=0x000000000000000e
 932500: system.cpu: T0 : 0x247f8    : lui a4, 113                : IntAlu :  D=0x0000000000071000
 933000: system.cpu: T0 : 0x247fc    : addi a4, a4, -1248         : IntAlu :  D=0x0000000000070b20
 933500: system.cpu: T0 : 0x24800    : c_slli a5, 3               : IntAlu :  D=0x0000000000000070
 934000: system.cpu: T0 : 0x24802    : c_add a5, a4               : IntAlu :  D=0x0000000000070b90
 934500: system.cpu: T0 : 0x24804    : c_lw a3, 8(a5)             : MemRead :  D=0x0000000000000000 A=0x70b98
 935000: system.cpu: T0 : 0x24806    : c_li a6, 2                 : IntAlu :  D=0x0000000000000002
 935500: system.cpu: T0 : 0x24808    : c_ld a5, 32(a5)            : MemRead :  D=0x0000000000000000 A=0x70bb0
 936500: system.cpu: T0 : 0x2480a    : bltu a6, a3, 42            : IntAlu : 
 937000: system.cpu: T0 : 0x2480e    : c_bnez a3, 38              : IntAlu : 
 937500: system.cpu: T0 : 0x24810    : c_sw a5, 0(a1)             : MemWrite :  D=0x0000000000000000 A=0x7ffffffffffffbd0
 938500: system.cpu: T0 : 0x24812    : slli a5, a0, 3             : IntAlu :  D=0x0000000000000010
 939000: system.cpu: T0 : 0x24816    : c_sub a5, a0               : IntAlu :  D=0x000000000000000e
 939500: system.cpu: T0 : 0x24818    : c_slli a5, 3               : IntAlu :  D=0x0000000000000070
 940500: system.cpu: T0 : 0x2481a    : add a3, a4, a5             : IntAlu :  D=0x0000000000070b90
 941500: system.cpu: T0 : 0x2481e    : lbu a3, 40(a3)             : MemRead :  D=0x0000000000000000 A=0x70bb8
 942000: system.cpu: T0 : 0x24822    : c_beqz a3, 16              : IntAlu : 
 942500: system.cpu: T0 : 0x24832    : c_jr ra                    : IntAlu : 
 943000: system.cpu: T0 : 0x1d27e    : c_lui a2, 29               : IntAlu :  D=0x000000000001d000
 943500: system.cpu: T0 : 0x1d280    : addi a2, a2, -1354         : IntAlu :  D=0x000000000001cab6
 944000: system.cpu: T0 : 0x1d284    : c_mv a1, sp                : IntAlu :  D=0x7ffffffffffffbd0
 944500: system.cpu: T0 : 0x1d286    : c_li a0, 14                : IntAlu :  D=0x000000000000000e
 945000: system.cpu: T0 : 0x1d288    : jal ra, 30054              : IntAlu :  D=0x000000000001d28c
 945500: system.cpu: T0 : 0x247ee    : c_slli a0, 32              : IntAlu :  D=0x0000000e00000000
 946000: system.cpu: T0 : 0x247f0    : c_srli a0, 32              : IntAlu :  D=0x000000000000000e
 947000: system.cpu: T0 : 0x247f2    : slli a5, a0, 3             : IntAlu :  D=0x0000000000000070
 947500: system.cpu: T0 : 0x247f6    : c_sub a5, a0               : IntAlu :  D=0x0000000000000062
 948000: system.cpu: T0 : 0x247f8    : lui a4, 113                : IntAlu :  D=0x0000000000071000
 948500: system.cpu: T0 : 0x247fc    : addi a4, a4, -1248         : IntAlu :  D=0x0000000000070b20
 949000: system.cpu: T0 : 0x24800    : c_slli a5, 3               : IntAlu :  D=0x0000000000000310
 949500: system.cpu: T0 : 0x24802    : c_add a5, a4               : IntAlu :  D=0x0000000000070e30
 950000: system.cpu: T0 : 0x24804    : c_lw a3, 8(a5)             : MemRead :  D=0x0000000000000002 A=0x70e38
 950500: system.cpu: T0 : 0x24806    : c_li a6, 2                 : IntAlu :  D=0x0000000000000002
 951000: system.cpu: T0 : 0x24808    : c_ld a5, 32(a5)            : MemRead :  D=0x0000000000000000 A=0x70e50
 952000: system.cpu: T0 : 0x2480a    : bltu a6, a3, 42            : IntAlu : 
 952500: system.cpu: T0 : 0x2480e    : c_bnez a3, 38              : IntAlu : 
 953000: system.cpu: T0 : 0x24834    : c_sd a5, 0(a1)             : MemWrite :  D=0x0000000000000000 A=0x7ffffffffffffbd0
 953500: system.cpu: T0 : 0x24836    : c_j -36                    : IntAlu : 
 954500: system.cpu: T0 : 0x24812    : slli a5, a0, 3             : IntAlu :  D=0x0000000000000070
 955000: system.cpu: T0 : 0x24816    : c_sub a5, a0               : IntAlu :  D=0x0000000000000062
 955500: system.cpu: T0 : 0x24818    : c_slli a5, 3               : IntAlu :  D=0x0000000000000310
 956500: system.cpu: T0 : 0x2481a    : add a3, a4, a5             : IntAlu :  D=0x0000000000070e30
 957500: system.cpu: T0 : 0x2481e    : lbu a3, 40(a3)             : MemRead :  D=0x0000000000000000 A=0x70e58
 958000: system.cpu: T0 : 0x24822    : c_beqz a3, 16              : IntAlu : 
 958500: system.cpu: T0 : 0x24832    : c_jr ra                    : IntAlu : 
 959000: system.cpu: T0 : 0x1d28c    : c_lui a2, 29               : IntAlu :  D=0x000000000001d000
 960000: system.cpu: T0 : 0x1d28e    : addi a2, a2, -1282         : IntAlu :  D=0x000000000001cafe
 960500: system.cpu: T0 : 0x1d292    : c_mv a1, sp                : IntAlu :  D=0x7ffffffffffffbd0
 961000: system.cpu: T0 : 0x1d294    : c_li a0, 1                 : IntAlu :  D=0x0000000000000001
 962000: system.cpu: T0 : 0x1d296    : jal ra, 30040              : IntAlu :  D=0x000000000001d29a
 962500: system.cpu: T0 : 0x247ee    : c_slli a0, 32              : IntAlu :  D=0x0000000100000000
 963000: system.cpu: T0 : 0x247f0    : c_srli a0, 32              : IntAlu :  D=0x0000000000000001
 964000: system.cpu: T0 : 0x247f2    : slli a5, a0, 3             : IntAlu :  D=0x0000000000000008
 964500: system.cpu: T0 : 0x247f6    : c_sub a5, a0               : IntAlu :  D=0x0000000000000007
 965000: system.cpu: T0 : 0x247f8    : lui a4, 113                : IntAlu :  D=0x0000000000071000
 965500: system.cpu: T0 : 0x247fc    : addi a4, a4, -1248         : IntAlu :  D=0x0000000000070b20
 966000: system.cpu: T0 : 0x24800    : c_slli a5, 3               : IntAlu :  D=0x0000000000000038
 966500: system.cpu: T0 : 0x24802    : c_add a5, a4               : IntAlu :  D=0x0000000000070b58
 967000: system.cpu: T0 : 0x24804    : c_lw a3, 8(a5)             : MemRead :  D=0x0000000000000002 A=0x70b60
 967500: system.cpu: T0 : 0x24806    : c_li a6, 2                 : IntAlu :  D=0x0000000000000002
 968000: system.cpu: T0 : 0x24808    : c_ld a5, 32(a5)            : MemRead :  D=0x0000000000000000 A=0x70b78
 969000: system.cpu: T0 : 0x2480a    : bltu a6, a3, 42            : IntAlu : 
 969500: system.cpu: T0 : 0x2480e    : c_bnez a3, 38              : IntAlu : 
 970000: system.cpu: T0 : 0x24834    : c_sd a5, 0(a1)             : MemWrite :  D=0x0000000000000000 A=0x7ffffffffffffbd0
 970500: system.cpu: T0 : 0x24836    : c_j -36                    : IntAlu : 
 971500: system.cpu: T0 : 0x24812    : slli a5, a0, 3             : IntAlu :  D=0x0000000000000008
 972000: system.cpu: T0 : 0x24816    : c_sub a5, a0               : IntAlu :  D=0x0000000000000007
 972500: system.cpu: T0 : 0x24818    : c_slli a5, 3               : IntAlu :  D=0x0000000000000038
 973500: system.cpu: T0 : 0x2481a    : add a3, a4, a5             : IntAlu :  D=0x0000000000070b58
 974500: system.cpu: T0 : 0x2481e    : lbu a3, 40(a3)             : MemRead :  D=0x0000000000000000 A=0x70b80
 975000: system.cpu: T0 : 0x24822    : c_beqz a3, 16              : IntAlu : 
 975500: system.cpu: T0 : 0x24832    : c_jr ra                    : IntAlu : 
 976000: system.cpu: T0 : 0x1d29a    : c_lui a2, 29               : IntAlu :  D=0x000000000001d000
 976500: system.cpu: T0 : 0x1d29c    : addi a2, a2, -1326         : IntAlu :  D=0x000000000001cad2
 977000: system.cpu: T0 : 0x1d2a0    : c_mv a1, sp                : IntAlu :  D=0x7ffffffffffffbd0
 977500: system.cpu: T0 : 0x1d2a2    : c_li a0, 9                 : IntAlu :  D=0x0000000000000009
 978000: system.cpu: T0 : 0x1d2a4    : jal ra, 30026              : IntAlu :  D=0x000000000001d2a8
 978500: system.cpu: T0 : 0x247ee    : c_slli a0, 32              : IntAlu :  D=0x0000000900000000
 979000: system.cpu: T0 : 0x247f0    : c_srli a0, 32              : IntAlu :  D=0x0000000000000009
 980000: system.cpu: T0 : 0x247f2    : slli a5, a0, 3             : IntAlu :  D=0x0000000000000048
 980500: system.cpu: T0 : 0x247f6    : c_sub a5, a0               : IntAlu :  D=0x000000000000003f
 981000: system.cpu: T0 : 0x247f8    : lui a4, 113                : IntAlu :  D=0x0000000000071000
 981500: system.cpu: T0 : 0x247fc    : addi a4, a4, -1248         : IntAlu :  D=0x0000000000070b20
 982000: system.cpu: T0 : 0x24800    : c_slli a5, 3               : IntAlu :  D=0x00000000000001f8
 982500: system.cpu: T0 : 0x24802    : c_add a5, a4               : IntAlu :  D=0x0000000000070d18
 983000: system.cpu: T0 : 0x24804    : c_lw a3, 8(a5)             : MemRead :  D=0x0000000000000000 A=0x70d20
 983500: system.cpu: T0 : 0x24806    : c_li a6, 2                 : IntAlu :  D=0x0000000000000002
 984000: system.cpu: T0 : 0x24808    : c_ld a5, 32(a5)            : MemRead :  D=0x0000000000000000 A=0x70d38
 985000: system.cpu: T0 : 0x2480a    : bltu a6, a3, 42            : IntAlu : 
 985500: system.cpu: T0 : 0x2480e    : c_bnez a3, 38              : IntAlu : 
 986000: system.cpu: T0 : 0x24810    : c_sw a5, 0(a1)             : MemWrite :  D=0x0000000000000000 A=0x7ffffffffffffbd0
 987000: system.cpu: T0 : 0x24812    : slli a5, a0, 3             : IntAlu :  D=0x0000000000000048
 987500: system.cpu: T0 : 0x24816    : c_sub a5, a0               : IntAlu :  D=0x000000000000003f
 988000: system.cpu: T0 : 0x24818    : c_slli a5, 3               : IntAlu :  D=0x00000000000001f8
 989000: system.cpu: T0 : 0x2481a    : add a3, a4, a5             : IntAlu :  D=0x0000000000070d18
 990000: system.cpu: T0 : 0x2481e    : lbu a3, 40(a3)             : MemRead :  D=0x0000000000000000 A=0x70d40
 990500: system.cpu: T0 : 0x24822    : c_beqz a3, 16              : IntAlu : 
 991000: system.cpu: T0 : 0x24832    : c_jr ra                    : IntAlu : 
 991500: system.cpu: T0 : 0x1d2a8    : c_lui a2, 29               : IntAlu :  D=0x000000000001d000
 992500: system.cpu: T0 : 0x1d2aa    : addi a2, a2, -1264         : IntAlu :  D=0x000000000001cb10
 993000: system.cpu: T0 : 0x1d2ae    : c_mv a1, sp                : IntAlu :  D=0x7ffffffffffffbd0
 993500: system.cpu: T0 : 0x1d2b0    : c_li a0, 13                : IntAlu :  D=0x000000000000000d
 994500: system.cpu: T0 : 0x1d2b2    : jal ra, 30012              : IntAlu :  D=0x000000000001d2b6
 995000: system.cpu: T0 : 0x247ee    : c_slli a0, 32              : IntAlu :  D=0x0000000d00000000
 995500: system.cpu: T0 : 0x247f0    : c_srli a0, 32              : IntAlu :  D=0x000000000000000d
 996500: system.cpu: T0 : 0x247f2    : slli a5, a0, 3             : IntAlu :  D=0x0000000000000068
 997000: system.cpu: T0 : 0x247f6    : c_sub a5, a0               : IntAlu :  D=0x000000000000005b
 997500: system.cpu: T0 : 0x247f8    : lui a4, 113                : IntAlu :  D=0x0000000000071000
 998000: system.cpu: T0 : 0x247fc    : addi a4, a4, -1248         : IntAlu :  D=0x0000000000070b20
 998500: system.cpu: T0 : 0x24800    : c_slli a5, 3               : IntAlu :  D=0x00000000000002d8
 999000: system.cpu: T0 : 0x24802    : c_add a5, a4               : IntAlu :  D=0x0000000000070df8
 999500: system.cpu: T0 : 0x24804    : c_lw a3, 8(a5)             : MemRead :  D=0x0000000000000002 A=0x70e00
1000000: system.cpu: T0 : 0x24806    : c_li a6, 2                 : IntAlu :  D=0x0000000000000002
1000500: system.cpu: T0 : 0x24808    : c_ld a5, 32(a5)            : MemRead :  D=0x0000000000000000 A=0x70e18
1001500: system.cpu: T0 : 0x2480a    : bltu a6, a3, 42            : IntAlu : 
1002000: system.cpu: T0 : 0x2480e    : c_bnez a3, 38              : IntAlu : 
1002500: system.cpu: T0 : 0x24834    : c_sd a5, 0(a1)             : MemWrite :  D=0x0000000000000000 A=0x7ffffffffffffbd0
1003000: system.cpu: T0 : 0x24836    : c_j -36                    : IntAlu : 
1004000: system.cpu: T0 : 0x24812    : slli a5, a0, 3             : IntAlu :  D=0x0000000000000068
1004500: system.cpu: T0 : 0x24816    : c_sub a5, a0               : IntAlu :  D=0x000000000000005b
1005000: system.cpu: T0 : 0x24818    : c_slli a5, 3               : IntAlu :  D=0x00000000000002d8
1006000: system.cpu: T0 : 0x2481a    : add a3, a4, a5             : IntAlu :  D=0x0000000000070df8
1007000: system.cpu: T0 : 0x2481e    : lbu a3, 40(a3)             : MemRead :  D=0x0000000000000000 A=0x70e20
1007500: system.cpu: T0 : 0x24822    : c_beqz a3, 16              : IntAlu : 
1008000: system.cpu: T0 : 0x24832    : c_jr ra                    : IntAlu : 
1008500: system.cpu: T0 : 0x1d2b6    : c_lui a2, 29               : IntAlu :  D=0x000000000001d000
1009000: system.cpu: T0 : 0x1d2b8    : addi a2, a2, -1252         : IntAlu :  D=0x000000000001cb1c
1009500: system.cpu: T0 : 0x1d2bc    : c_mv a1, sp                : IntAlu :  D=0x7ffffffffffffbd0
1010000: system.cpu: T0 : 0x1d2be    : c_li a0, 16                : IntAlu :  D=0x0000000000000010
1010500: system.cpu: T0 : 0x1d2c0    : jal ra, 29998              : IntAlu :  D=0x000000000001d2c4
1011000: system.cpu: T0 : 0x247ee    : c_slli a0, 32              : IntAlu :  D=0x0000001000000000
1011500: system.cpu: T0 : 0x247f0    : c_srli a0, 32              : IntAlu :  D=0x0000000000000010
1012500: system.cpu: T0 : 0x247f2    : slli a5, a0, 3             : IntAlu :  D=0x0000000000000080
1013000: system.cpu: T0 : 0x247f6    : c_sub a5, a0               : IntAlu :  D=0x0000000000000070
1013500: system.cpu: T0 : 0x247f8    : lui a4, 113                : IntAlu :  D=0x0000000000071000
1014000: system.cpu: T0 : 0x247fc    : addi a4, a4, -1248         : IntAlu :  D=0x0000000000070b20
1014500: system.cpu: T0 : 0x24800    : c_slli a5, 3               : IntAlu :  D=0x0000000000000380
1015000: system.cpu: T0 : 0x24802    : c_add a5, a4               : IntAlu :  D=0x0000000000070ea0
1015500: system.cpu: T0 : 0x24804    : c_lw a3, 8(a5)             : MemRead :  D=0x0000000000000002 A=0x70ea8
1016000: system.cpu: T0 : 0x24806    : c_li a6, 2                 : IntAlu :  D=0x0000000000000002
1016500: system.cpu: T0 : 0x24808    : c_ld a5, 32(a5)            : MemRead :  D=0x0000000000000000 A=0x70ec0
1017500: system.cpu: T0 : 0x2480a    : bltu a6, a3, 42            : IntAlu : 
1018000: system.cpu: T0 : 0x2480e    : c_bnez a3, 38              : IntAlu : 
1018500: system.cpu: T0 : 0x24834    : c_sd a5, 0(a1)             : MemWrite :  D=0x0000000000000000 A=0x7ffffffffffffbd0
1019000: system.cpu: T0 : 0x24836    : c_j -36                    : IntAlu : 
1020000: system.cpu: T0 : 0x24812    : slli a5, a0, 3             : IntAlu :  D=0x0000000000000080
1020500: system.cpu: T0 : 0x24816    : c_sub a5, a0               : IntAlu :  D=0x0000000000000070
1021000: system.cpu: T0 : 0x24818    : c_slli a5, 3               : IntAlu :  D=0x0000000000000380
1022000: system.cpu: T0 : 0x2481a    : add a3, a4, a5             : IntAlu :  D=0x0000000000070ea0
1023000: system.cpu: T0 : 0x2481e    : lbu a3, 40(a3)             : MemRead :  D=0x0000000000000000 A=0x70ec8
1023500: system.cpu: T0 : 0x24822    : c_beqz a3, 16              : IntAlu : 
1024000: system.cpu: T0 : 0x24832    : c_jr ra                    : IntAlu : 
1024500: system.cpu: T0 : 0x1d2c4    : c_lui a2, 29               : IntAlu :  D=0x000000000001d000
1025500: system.cpu: T0 : 0x1d2c6    : addi a2, a2, -1240         : IntAlu :  D=0x000000000001cb28
1026000: system.cpu: T0 : 0x1d2ca    : c_mv a1, sp                : IntAlu :  D=0x7ffffffffffffbd0
1026500: system.cpu: T0 : 0x1d2cc    : c_li a0, 18                : IntAlu :  D=0x0000000000000012
1027500: system.cpu: T0 : 0x1d2ce    : jal ra, 29984              : IntAlu :  D=0x000000000001d2d2
1028000: system.cpu: T0 : 0x247ee    : c_slli a0, 32              : IntAlu :  D=0x0000001200000000
1028500: system.cpu: T0 : 0x247f0    : c_srli a0, 32              : IntAlu :  D=0x0000000000000012
1029500: system.cpu: T0 : 0x247f2    : slli a5, a0, 3             : IntAlu :  D=0x0000000000000090
1030000: system.cpu: T0 : 0x247f6    : c_sub a5, a0               : IntAlu :  D=0x000000000000007e
1030500: system.cpu: T0 : 0x247f8    : lui a4, 113                : IntAlu :  D=0x0000000000071000
1031000: system.cpu: T0 : 0x247fc    : addi a4, a4, -1248         : IntAlu :  D=0x0000000000070b20
1031500: system.cpu: T0 : 0x24800    : c_slli a5, 3               : IntAlu :  D=0x00000000000003f0
1032000: system.cpu: T0 : 0x24802    : c_add a5, a4               : IntAlu :  D=0x0000000000070f10
1032500: system.cpu: T0 : 0x24804    : c_lw a3, 8(a5)             : MemRead :  D=0x0000000000000002 A=0x70f18
1033000: system.cpu: T0 : 0x24806    : c_li a6, 2                 : IntAlu :  D=0x0000000000000002
1033500: system.cpu: T0 : 0x24808    : c_ld a5, 32(a5)            : MemRead :  D=0x0000000000000000 A=0x70f30
1034500: system.cpu: T0 : 0x2480a    : bltu a6, a3, 42            : IntAlu : 
1035000: system.cpu: T0 : 0x2480e    : c_bnez a3, 38              : IntAlu : 
1035500: system.cpu: T0 : 0x24834    : c_sd a5, 0(a1)             : MemWrite :  D=0x0000000000000000 A=0x7ffffffffffffbd0
1036000: system.cpu: T0 : 0x24836    : c_j -36                    : IntAlu : 
1037000: system.cpu: T0 : 0x24812    : slli a5, a0, 3             : IntAlu :  D=0x0000000000000090
1037500: system.cpu: T0 : 0x24816    : c_sub a5, a0               : IntAlu :  D=0x000000000000007e
1038000: system.cpu: T0 : 0x24818    : c_slli a5, 3               : IntAlu :  D=0x00000000000003f0
1039000: system.cpu: T0 : 0x2481a    : add a3, a4, a5             : IntAlu :  D=0x0000000000070f10
1040000: system.cpu: T0 : 0x2481e    : lbu a3, 40(a3)             : MemRead :  D=0x0000000000000000 A=0x70f38
1040500: system.cpu: T0 : 0x24822    : c_beqz a3, 16              : IntAlu : 
1041000: system.cpu: T0 : 0x24832    : c_jr ra                    : IntAlu : 
1041500: system.cpu: T0 : 0x1d2d2    : c_lui a2, 29               : IntAlu :  D=0x000000000001d000
1042000: system.cpu: T0 : 0x1d2d4    : addi a2, a2, -1194         : IntAlu :  D=0x000000000001cb56
1042500: system.cpu: T0 : 0x1d2d8    : c_mv a1, sp                : IntAlu :  D=0x7ffffffffffffbd0
1043000: system.cpu: T0 : 0x1d2da    : c_li a0, 15                : IntAlu :  D=0x000000000000000f
1043500: system.cpu: T0 : 0x1d2dc    : jal ra, 29970              : IntAlu :  D=0x000000000001d2e0
1044000: system.cpu: T0 : 0x247ee    : c_slli a0, 32              : IntAlu :  D=0x0000000f00000000
1044500: system.cpu: T0 : 0x247f0    : c_srli a0, 32              : IntAlu :  D=0x000000000000000f
1045500: system.cpu: T0 : 0x247f2    : slli a5, a0, 3             : IntAlu :  D=0x0000000000000078
1046000: system.cpu: T0 : 0x247f6    : c_sub a5, a0               : IntAlu :  D=0x0000000000000069
1046500: system.cpu: T0 : 0x247f8    : lui a4, 113                : IntAlu :  D=0x0000000000071000
1047000: system.cpu: T0 : 0x247fc    : addi a4, a4, -1248         : IntAlu :  D=0x0000000000070b20
1047500: system.cpu: T0 : 0x24800    : c_slli a5, 3               : IntAlu :  D=0x0000000000000348
1048000: system.cpu: T0 : 0x24802    : c_add a5, a4               : IntAlu :  D=0x0000000000070e68
1048500: system.cpu: T0 : 0x24804    : c_lw a3, 8(a5)             : MemRead :  D=0x0000000000000002 A=0x70e70
1049000: system.cpu: T0 : 0x24806    : c_li a6, 2                 : IntAlu :  D=0x0000000000000002
1049500: system.cpu: T0 : 0x24808    : c_ld a5, 32(a5)            : MemRead :  D=0x0000000000000000 A=0x70e88
1050500: system.cpu: T0 : 0x2480a    : bltu a6, a3, 42            : IntAlu : 
1051000: system.cpu: T0 : 0x2480e    : c_bnez a3, 38              : IntAlu : 
1051500: system.cpu: T0 : 0x24834    : c_sd a5, 0(a1)             : MemWrite :  D=0x0000000000000000 A=0x7ffffffffffffbd0
1052000: system.cpu: T0 : 0x24836    : c_j -36                    : IntAlu : 
1053000: system.cpu: T0 : 0x24812    : slli a5, a0, 3             : IntAlu :  D=0x0000000000000078
1053500: system.cpu: T0 : 0x24816    : c_sub a5, a0               : IntAlu :  D=0x0000000000000069
1054000: system.cpu: T0 : 0x24818    : c_slli a5, 3               : IntAlu :  D=0x0000000000000348
1055000: system.cpu: T0 : 0x2481a    : add a3, a4, a5             : IntAlu :  D=0x0000000000070e68
1056000: system.cpu: T0 : 0x2481e    : lbu a3, 40(a3)             : MemRead :  D=0x0000000000000000 A=0x70e90
1056500: system.cpu: T0 : 0x24822    : c_beqz a3, 16              : IntAlu : 
1057000: system.cpu: T0 : 0x24832    : c_jr ra                    : IntAlu : 
1057500: system.cpu: T0 : 0x1d2e0    : c_lui a2, 29               : IntAlu :  D=0x000000000001d000
1058500: system.cpu: T0 : 0x1d2e2    : addi a2, a2, -1174         : IntAlu :  D=0x000000000001cb6a
1059000: system.cpu: T0 : 0x1d2e6    : c_mv a1, sp                : IntAlu :  D=0x7ffffffffffffbd0
1059500: system.cpu: T0 : 0x1d2e8    : c_li a0, 11                : IntAlu :  D=0x000000000000000b
1060500: system.cpu: T0 : 0x1d2ea    : jal ra, 29956              : IntAlu :  D=0x000000000001d2ee
1061000: system.cpu: T0 : 0x247ee    : c_slli a0, 32              : IntAlu :  D=0x0000000b00000000
1061500: system.cpu: T0 : 0x247f0    : c_srli a0, 32              : IntAlu :  D=0x000000000000000b
1062500: system.cpu: T0 : 0x247f2    : slli a5, a0, 3             : IntAlu :  D=0x0000000000000058
1063000: system.cpu: T0 : 0x247f6    : c_sub a5, a0               : IntAlu :  D=0x000000000000004d
1063500: system.cpu: T0 : 0x247f8    : lui a4, 113                : IntAlu :  D=0x0000000000071000
1064000: system.cpu: T0 : 0x247fc    : addi a4, a4, -1248         : IntAlu :  D=0x0000000000070b20
1064500: system.cpu: T0 : 0x24800    : c_slli a5, 3               : IntAlu :  D=0x0000000000000268
1065000: system.cpu: T0 : 0x24802    : c_add a5, a4               : IntAlu :  D=0x0000000000070d88
1065500: system.cpu: T0 : 0x24804    : c_lw a3, 8(a5)             : MemRead :  D=0x0000000000000002 A=0x70d90
1066000: system.cpu: T0 : 0x24806    : c_li a6, 2                 : IntAlu :  D=0x0000000000000002
1066500: system.cpu: T0 : 0x24808    : c_ld a5, 32(a5)            : MemRead :  D=0x0000000000000000 A=0x70da8
1067500: system.cpu: T0 : 0x2480a    : bltu a6, a3, 42            : IntAlu : 
1068000: system.cpu: T0 : 0x2480e    : c_bnez a3, 38              : IntAlu : 
1068500: system.cpu: T0 : 0x24834    : c_sd a5, 0(a1)             : MemWrite :  D=0x0000000000000000 A=0x7ffffffffffffbd0
1069000: system.cpu: T0 : 0x24836    : c_j -36                    : IntAlu : 
1070000: system.cpu: T0 : 0x24812    : slli a5, a0, 3             : IntAlu :  D=0x0000000000000058
1070500: system.cpu: T0 : 0x24816    : c_sub a5, a0               : IntAlu :  D=0x000000000000004d
1071000: system.cpu: T0 : 0x24818    : c_slli a5, 3               : IntAlu :  D=0x0000000000000268
1072000: system.cpu: T0 : 0x2481a    : add a3, a4, a5             : IntAlu :  D=0x0000000000070d88
1073000: system.cpu: T0 : 0x2481e    : lbu a3, 40(a3)             : MemRead :  D=0x0000000000000000 A=0x70db0
1073500: system.cpu: T0 : 0x24822    : c_beqz a3, 16              : IntAlu : 
1074000: system.cpu: T0 : 0x24832    : c_jr ra                    : IntAlu : 
1074500: system.cpu: T0 : 0x1d2ee    : c_lui a2, 29               : IntAlu :  D=0x000000000001d000
1075000: system.cpu: T0 : 0x1d2f0    : addi a2, a2, -1162         : IntAlu :  D=0x000000000001cb76
1075500: system.cpu: T0 : 0x1d2f4    : c_mv a1, sp                : IntAlu :  D=0x7ffffffffffffbd0
1076000: system.cpu: T0 : 0x1d2f6    : c_li a0, 5                 : IntAlu :  D=0x0000000000000005
1076500: system.cpu: T0 : 0x1d2f8    : jal ra, 29942              : IntAlu :  D=0x000000000001d2fc
1077000: system.cpu: T0 : 0x247ee    : c_slli a0, 32              : IntAlu :  D=0x0000000500000000
1077500: system.cpu: T0 : 0x247f0    : c_srli a0, 32              : IntAlu :  D=0x0000000000000005
1078500: system.cpu: T0 : 0x247f2    : slli a5, a0, 3             : IntAlu :  D=0x0000000000000028
1079000: system.cpu: T0 : 0x247f6    : c_sub a5, a0               : IntAlu :  D=0x0000000000000023
1079500: system.cpu: T0 : 0x247f8    : lui a4, 113                : IntAlu :  D=0x0000000000071000
1080000: system.cpu: T0 : 0x247fc    : addi a4, a4, -1248         : IntAlu :  D=0x0000000000070b20
1080500: system.cpu: T0 : 0x24800    : c_slli a5, 3               : IntAlu :  D=0x0000000000000118
1081000: system.cpu: T0 : 0x24802    : c_add a5, a4               : IntAlu :  D=0x0000000000070c38
1081500: system.cpu: T0 : 0x24804    : c_lw a3, 8(a5)             : MemRead :  D=0x0000000000000002 A=0x70c40
1082000: system.cpu: T0 : 0x24806    : c_li a6, 2                 : IntAlu :  D=0x0000000000000002
1082500: system.cpu: T0 : 0x24808    : c_ld a5, 32(a5)            : MemRead :  D=0x0000000000000000 A=0x70c58
1083500: system.cpu: T0 : 0x2480a    : bltu a6, a3, 42            : IntAlu : 
1084000: system.cpu: T0 : 0x2480e    : c_bnez a3, 38              : IntAlu : 
1084500: system.cpu: T0 : 0x24834    : c_sd a5, 0(a1)             : MemWrite :  D=0x0000000000000000 A=0x7ffffffffffffbd0
1085000: system.cpu: T0 : 0x24836    : c_j -36                    : IntAlu : 
1086000: system.cpu: T0 : 0x24812    : slli a5, a0, 3             : IntAlu :  D=0x0000000000000028
1086500: system.cpu: T0 : 0x24816    : c_sub a5, a0               : IntAlu :  D=0x0000000000000023
1087000: system.cpu: T0 : 0x24818    : c_slli a5, 3               : IntAlu :  D=0x0000000000000118
1088000: system.cpu: T0 : 0x2481a    : add a3, a4, a5             : IntAlu :  D=0x0000000000070c38
1089000: system.cpu: T0 : 0x2481e    : lbu a3, 40(a3)             : MemRead :  D=0x0000000000000000 A=0x70c60
1089500: system.cpu: T0 : 0x24822    : c_beqz a3, 16              : IntAlu : 
1090000: system.cpu: T0 : 0x24832    : c_jr ra                    : IntAlu : 
1090500: system.cpu: T0 : 0x1d2fc    : c_ldsp a4, 8(sp)           : MemRead :  D=0x6c6e776f442f2e00 A=0x7ffffffffffffbd8
1091500: system.cpu: T0 : 0x1d2fe    : ld a5, -1264(s1)           : MemRead :  D=0x6c6e776f442f2e00 A=0x70b10
1092000: system.cpu: T0 : 0x1d302    : c_li a3, 1                 : IntAlu :  D=0x0000000000000001
1092500: system.cpu: T0 : 0x1d304    : sw a3, -1876(gp)           : MemWrite :  D=0x0000000000000001 A=0x72bdc
1093000: system.cpu: T0 : 0x1d308    : bne a4, a5, 14             : IntAlu : 
1093500: system.cpu: T0 : 0x1d30c    : c_ldsp ra, 40(sp)          : MemRead :  D=0x00000000000200ea A=0x7ffffffffffffbf8
1094000: system.cpu: T0 : 0x1d30e    : c_ldsp s0, 32(sp)          : MemRead :  D=0x7ffffffffffffcf0 A=0x7ffffffffffffbf0
1094500: system.cpu: T0 : 0x1d310    : c_ldsp s1, 24(sp)          : MemRead :  D=0x7ffffffffffffc20 A=0x7ffffffffffffbe8
1095000: system.cpu: T0 : 0x1d312    : c_addi16sp sp, 48          : IntAlu :  D=0x7ffffffffffffc00
1095500: system.cpu: T0 : 0x1d314    : c_jr ra                    : IntAlu : 
1096000: system.cpu: T0 : 0x200ea    : c_ldsp a0, 8(sp)           : MemRead :  D=0x0000000000000024 A=0x7ffffffffffffc08
1096500: system.cpu: T0 : 0x200ec    : c_ldsp ra, 24(sp)          : MemRead :  D=0x000000000003ffaa A=0x7ffffffffffffc18
1097000: system.cpu: T0 : 0x200ee    : c_addi16sp sp, 32          : IntAlu :  D=0x7ffffffffffffc20
1097500: system.cpu: T0 : 0x200f0    : c_j -540                   : IntAlu : 
1098000: system.cpu: T0 : 0x1fed4    : ld t1, -1848(gp)           : MemRead :  D=0x0000000000000000 A=0x72bf8
1098500: system.cpu: T0 : 0x1fed8    : bne t1, zero, 260          : IntAlu : 
1099000: system.cpu: T0 : 0x1fedc    : c_addi sp, -32             : IntAlu :  D=0x7ffffffffffffc00
1099500: system.cpu: T0 : 0x1fede    : c_sdsp s0, 16(sp)          : MemWrite :  D=0x7ffffffffffffcf0 A=0x7ffffffffffffc10
1100000: system.cpu: T0 : 0x1fee0    : c_sdsp ra, 24(sp)          : MemWrite :  D=0x000000000003ffaa A=0x7ffffffffffffc18
1100500: system.cpu: T0 : 0x1fee2    : c_sdsp s1, 8(sp)           : MemWrite :  D=0x7ffffffffffffc20 A=0x7ffffffffffffc08
1101000: system.cpu: T0 : 0x1fee4    : c_sdsp s2, 0(sp)           : MemWrite :  D=0x0000000000000002 A=0x7ffffffffffffc00
1101500: system.cpu: T0 : 0x1fee6    : c_mv s0, a0                : IntAlu :  D=0x0000000000000024
1102000: system.cpu: T0 : 0x1fee8    : blt a0, zero, 222          : IntAlu : 
1102500: system.cpu: T0 : 0x1feec    : addi a5, a0, 23            : IntAlu :  D=0x000000000000003b
1103000: system.cpu: T0 : 0x1fef0    : c_li a4, 31                : IntAlu :  D=0x000000000000001f
1103500: system.cpu: T0 : 0x1fef2    : c_li s1, 0                 : IntAlu :  D=0x0000000000000000
1104000: system.cpu: T0 : 0x1fef4    : bltu a4, a5, 94            : IntAlu : 
1104500: system.cpu: T0 : 0x1ff52    : c_andi a5, 18446744073709551600 : IntAlu :  D=0x0000000000000030
1105000: system.cpu: T0 : 0x1ff54    : c_addi a5, -17             : IntAlu :  D=0x000000000000001f
1106000: system.cpu: T0 : 0x1ff56    : srli s1, a5, 4             : IntAlu :  D=0x0000000000000001
1106500: system.cpu: T0 : 0x1ff5a    : c_j -98                    : IntAlu : 
1107000: system.cpu: T0 : 0x1fef8    : ld a4, 40(tp)              : MemRead :  D=0x0000000000000000 A=0x75738
1107500: system.cpu: T0 : 0x1fefc    : c_beqz a4, 96              : IntAlu : 
1108000: system.cpu: T0 : 0x1ff5c    : lbu a5, 48(tp)             : MemRead :  D=0x0000000000000000 A=0x75740
1108500: system.cpu: T0 : 0x1ff60    : c_bnez a5, -86             : IntAlu : 
1109500: system.cpu: T0 : 0x1ff62    : jal ra, -2486              : IntAlu :  D=0x000000000001ff66
1110000: system.cpu: T0 : 0x1f5ac    : c_addi sp, -32             : IntAlu :  D=0x7ffffffffffffbe0
1110500: system.cpu: T0 : 0x1f5ae    : c_sdsp s0, 16(sp)          : MemWrite :  D=0x0000000000000024 A=0x7ffffffffffffbf0
1111000: system.cpu: T0 : 0x1f5b0    : ld s0, 56(tp)              : MemRead :  D=0x00000000000715c8 A=0x75748
1111500: system.cpu: T0 : 0x1f5b4    : c_sdsp ra, 24(sp)          : MemWrite :  D=0x000000000001ff66 A=0x7ffffffffffffbf8
1112000: system.cpu: T0 : 0x1f5b6    : c_sdsp s1, 8(sp)           : MemWrite :  D=0x0000000000000001 A=0x7ffffffffffffbe8
1112500: system.cpu: T0 : 0x1f5b8    : c_beqz s0, 78              : IntAlu : 
1113000: system.cpu: T0 : 0x1f5ba    : c_mv s1, s0                : IntAlu :  D=0x00000000000715c8
1113500: system.cpu: T0 : 0x1f5bc    : c_li a4, 1                 : IntAlu :  D=0x0000000000000001
1114500: system.cpu: T0 : 0x1f5be    : lr_w a5, (s0)             
1114500: system.cpu: T0 : 0x1f5be. 0 : lr_w a5, (s0)              : MemRead :  D=0x0000000000000000 A=0x715c8
1115000: system.cpu: T0 : 0x1f5c2    : c_bnez a5, 8               : IntAlu : 
1115500: system.cpu: T0 : 0x1f5c4    : sc_w_aq a3, a4, (s0)      
1115500: system.cpu: T0 : 0x1f5c4. 0 : sc_w a3, a4, (s0)          : MemWrite :  D=0x0000000000000000 A=0x715c8
1116000: system.cpu: T0 : 0x1f5c4. 1 : 0x1ce426af fence           : No_OpClass : 
1116500: system.cpu: T0 : 0x1f5c8    : c_bnez a3, -10             : IntAlu : 
1117000: system.cpu: T0 : 0x1f5ca    : c_addiw a5, 0              : IntAlu :  D=0x0000000000000000
1117500: system.cpu: T0 : 0x1f5cc    : c_bnez a5, 162             : IntAlu : 
1118500: system.cpu: T0 : 0x1f5ce    : addi a1, zero, 640         : IntAlu :  D=0x0000000000000280
1119000: system.cpu: T0 : 0x1f5d2    : c_mv a0, s0                : IntAlu :  D=0x00000000000715c8
1119500: system.cpu: T0 : 0x1f5d4    : jal ra, -2862              : IntAlu :  D=0x000000000001f5d8
1120000: system.cpu: T0 : 0x1eaa6    : c_addi16sp sp, -256        : IntAlu :  D=0x7ffffffffffffae0
1120500: system.cpu: T0 : 0x1eaa8    : c_sdsp ra, 248(sp)         : MemWrite :  D=0x000000000001f5d8 A=0x7ffffffffffffbd8
1121000: system.cpu: T0 : 0x1eaaa    : c_sdsp s0, 240(sp)         : MemWrite :  D=0x00000000000715c8 A=0x7ffffffffffffbd0
1121500: system.cpu: T0 : 0x1eaac    : c_sdsp s1, 232(sp)         : MemWrite :  D=0x00000000000715c8 A=0x7ffffffffffffbc8
1122000: system.cpu: T0 : 0x1eaae    : c_sdsp s2, 224(sp)         : MemWrite :  D=0x0000000000000002 A=0x7ffffffffffffbc0
1122500: system.cpu: T0 : 0x1eab0    : c_sdsp s3, 216(sp)         : MemWrite :  D=0x0000000000000000 A=0x7ffffffffffffbb8
1123000: system.cpu: T0 : 0x1eab2    : c_sdsp s4, 208(sp)         : MemWrite :  D=0x0000000000000000 A=0x7ffffffffffffbb0
1123500: system.cpu: T0 : 0x1eab4    : c_sdsp s5, 200(sp)         : MemWrite :  D=0x0000000000000000 A=0x7ffffffffffffba8
1124000: system.cpu: T0 : 0x1eab6    : c_sdsp s6, 192(sp)         : MemWrite :  D=0x0000000000074000 A=0x7ffffffffffffba0
1124500: system.cpu: T0 : 0x1eab8    : c_sdsp s7, 184(sp)         : MemWrite :  D=0x0000000000000000 A=0x7ffffffffffffb98
1125000: system.cpu: T0 : 0x1eaba    : c_sdsp s8, 176(sp)         : MemWrite :  D=0x0000000000000000 A=0x7ffffffffffffb90
1125500: system.cpu: T0 : 0x1eabc    : c_sdsp s9, 168(sp)         : MemWrite :  D=0x0000000000000003 A=0x7ffffffffffffb88
1126000: system.cpu: T0 : 0x1eabe    : c_sdsp s10, 160(sp)        : MemWrite :  D=0x0000000000000000 A=0x7ffffffffffffb80
1126500: system.cpu: T0 : 0x1eac0    : c_sdsp s11, 152(sp)        : MemWrite :  D=0x0000000000000000 A=0x7ffffffffffffb78
1127500: system.cpu: T0 : 0x1eac2    : blt a1, zero, 1198         : IntAlu : 
1128500: system.cpu: T0 : 0x1eac6    : addi s0, a1, 23            : IntAlu :  D=0x0000000000000297
1129000: system.cpu: T0 : 0x1eaca    : c_li a5, 31                : IntAlu :  D=0x000000000000001f
1129500: system.cpu: T0 : 0x1eacc    : c_mv s3, a1                : IntAlu :  D=0x0000000000000280
1130000: system.cpu: T0 : 0x1eace    : c_mv s1, a0                : IntAlu :  D=0x00000000000715c8
1130500: system.cpu: T0 : 0x1ead0    : bltu a5, s0, 220           : IntAlu : 
1131000: system.cpu: T0 : 0x1ebac    : c_andi s0, 18446744073709551600 : IntAlu :  D=0x0000000000000290
1132000: system.cpu: T0 : 0x1ebae    : beq a0, zero, 988          : IntAlu : 
1133000: system.cpu: T0 : 0x1ebb2    : ld a4, -1376(gp)           : MemRead :  D=0x0000000000000080 A=0x72dd0
1134000: system.cpu: T0 : 0x1ebb6    : srliw s9, s0, 4            : IntAlu :  D=0x0000000000000029
1135000: system.cpu: T0 : 0x1ebba    : srliw a5, s0, 4            : IntAlu :  D=0x0000000000000029
1136000: system.cpu: T0 : 0x1ebbe    : bgeu a4, s0, 506           : IntAlu : 
1137000: system.cpu: T0 : 0x1ebc2    : addi a4, zero, 1023        : IntAlu :  D=0x00000000000003ff
1138000: system.cpu: T0 : 0x1ebc6    : bgeu a4, s0, 1722          : IntAlu : 
1138500: system.cpu: T0 : 0x1f280    : c_addiw a5, -1             : IntAlu :  D=0x0000000000000028
1139000: system.cpu: T0 : 0x1f282    : c_j -1406                  : IntAlu : 
1139500: system.cpu: T0 : 0x1ed04    : slliw a5, a5, 1            : IntAlu :  D=0x0000000000000050
1140000: system.cpu: T0 : 0x1ed08    : c_slli a5, 32              : IntAlu :  D=0x0000005000000000
1140500: system.cpu: T0 : 0x1ed0a    : c_srli a5, 32              : IntAlu :  D=0x0000000000000050
1141000: system.cpu: T0 : 0x1ed0c    : c_addi a5, 14              : IntAlu :  D=0x000000000000005e
1141500: system.cpu: T0 : 0x1ed0e    : c_slli a5, 3               : IntAlu :  D=0x00000000000002f0
1142000: system.cpu: T0 : 0x1ed10    : c_j -550                   : IntAlu : 
1142500: system.cpu: T0 : 0x1eaea    : c_add a5, s1               : IntAlu :  D=0x00000000000718b8
1143000: system.cpu: T0 : 0x1eaec    : ld s2, 8(a5)               : MemRead :  D=0x00000000000718a8 A=0x718c0
1143500: system.cpu: T0 : 0x1eaf0    : addi a3, a5, -16           : IntAlu :  D=0x00000000000718a8
1144000: system.cpu: T0 : 0x1eaf4    : beq a3, s2, 748            : IntAlu : 
1144500: system.cpu: T0 : 0x1ede0    : srli t1, s0, 9             : IntAlu :  D=0x0000000000000001
1145000: system.cpu: T0 : 0x1ede4    : addiw a5, t1, 91           : IntAlu :  D=0x000000000000005c
1145500: system.cpu: T0 : 0x1ede8    : srli s10, s0, 6            : IntAlu :  D=0x000000000000000a
1146000: system.cpu: T0 : 0x1edec    : c_sdsp a5, 96(sp)          : MemWrite :  D=0x000000000000005c A=0x7ffffffffffffb40
1147000: system.cpu: T0 : 0x1edee    : addiw a5, s10, 48          : IntAlu :  D=0x000000000000003a
1147500: system.cpu: T0 : 0x1edf2    : c_sdsp a5, 88(sp)          : MemWrite :  D=0x000000000000003a A=0x7ffffffffffffb38
1148000: system.cpu: T0 : 0x1edf4    : addi a5, zero, 110         : IntAlu :  D=0x000000000000006e
1148500: system.cpu: T0 : 0x1edf8    : c_sdsp a5, 112(sp)         : MemWrite :  D=0x000000000000006e A=0x7ffffffffffffb50
1149500: system.cpu: T0 : 0x1edfa    : addi a5, zero, 119         : IntAlu :  D=0x0000000000000077
1150000: system.cpu: T0 : 0x1edfe    : c_sdsp a5, 104(sp)         : MemWrite :  D=0x0000000000000077 A=0x7ffffffffffffb48
1150500: system.cpu: T0 : 0x1ee00    : addi a5, zero, 124         : IntAlu :  D=0x000000000000007c
1151000: system.cpu: T0 : 0x1ee04    : c_sdsp s9, 8(sp)           : MemWrite :  D=0x0000000000000029 A=0x7ffffffffffffae8
1151500: system.cpu: T0 : 0x1ee06    : c_sdsp a5, 120(sp)         : MemWrite :  D=0x000000000000007c A=0x7ffffffffffffb58
1152000: system.cpu: T0 : 0x1ee08    : c_sdsp zero, 128(sp)       : MemWrite :  D=0x0000000000000000 A=0x7ffffffffffffb60
1152500: system.cpu: T0 : 0x1ee0a    : c_sdsp zero, 136(sp)       : MemWrite :  D=0x0000000000000000 A=0x7ffffffffffffb68
1153000: system.cpu: T0 : 0x1ee0c    : ld a5, 40(tp)              : MemRead :  D=0x0000000000000000 A=0x75738
1153500: system.cpu: T0 : 0x1ee10    : addi s6, s0, -17           : IntAlu :  D=0x000000000000027f
1154000: system.cpu: T0 : 0x1ee14    : srli s6, s6, 4             : IntAlu :  D=0x0000000000000027
1154500: system.cpu: T0 : 0x1ee18    : c_li s5, 0                 : IntAlu :  D=0x0000000000000000
1155000: system.cpu: T0 : 0x1ee1a    : c_beqz a5, 22              : IntAlu : 
1155500: system.cpu: T0 : 0x1ee30    : lui a5, 113                : IntAlu :  D=0x0000000000071000
1156000: system.cpu: T0 : 0x1ee34    : c_lui s11, 1               : IntAlu :  D=0x0000000000001000
1157000: system.cpu: T0 : 0x1ee36    : lui s7, 113                : IntAlu :  D=0x0000000000071000
1158000: system.cpu: T0 : 0x1ee3a    : addi a5, a5, 1480          : IntAlu :  D=0x00000000000715c8
1159000: system.cpu: T0 : 0x1ee3e    : addi s8, s1, 96            : IntAlu :  D=0x0000000000071628
1159500: system.cpu: T0 : 0x1ee42    : c_li t5, 0                 : IntAlu :  D=0x0000000000000000
1160000: system.cpu: T0 : 0x1ee44    : addi s7, s7, 1368          : IntAlu :  D=0x0000000000071558
1160500: system.cpu: T0 : 0x1ee48    : add a7, s1, s11            : IntAlu :  D=0x00000000000725c8
1161000: system.cpu: T0 : 0x1ee4c    : c_sdsp a5, 56(sp)          : MemWrite :  D=0x00000000000715c8 A=0x7ffffffffffffb18
1161500: system.cpu: T0 : 0x1ee4e    : c_ld a5, 120(s1)           : MemRead :  D=0x0000000000071628 A=0x71640
1162000: system.cpu: T0 : 0x1ee50    : beq a5, s8, 532            : IntAlu : 
1162500: system.cpu: T0 : 0x1f064    : addi a5, zero, 1023        : IntAlu :  D=0x00000000000003ff
1163000: system.cpu: T0 : 0x1f068    : bgeu a5, s0, 38            : IntAlu : 
1163500: system.cpu: T0 : 0x1f08e    : c_ldsp a3, 8(sp)           : MemRead :  D=0x0000000000000029 A=0x7ffffffffffffae8
1164000: system.cpu: T0 : 0x1f090    : c_li a0, 4                 : IntAlu :  D=0x0000000000000004
1165000: system.cpu: T0 : 0x1f092    : addiw a5, a3, 1            : IntAlu :  D=0x000000000000002a
1166000: system.cpu: T0 : 0x1f096    : srliw a4, a5, 5            : IntAlu :  D=0x0000000000000001
1167000: system.cpu: T0 : 0x1f09a    : slliw a3, a3, 1            : IntAlu :  D=0x0000000000000052
1168000: system.cpu: T0 : 0x1f09e    : addi a4, a4, 536           : IntAlu :  D=0x0000000000000219
1168500: system.cpu: T0 : 0x1f0a2    : c_slli a3, 32              : IntAlu :  D=0x0000005200000000
1169000: system.cpu: T0 : 0x1f0a4    : c_slli a4, 2               : IntAlu :  D=0x0000000000000864
1169500: system.cpu: T0 : 0x1f0a6    : c_srli a3, 32              : IntAlu :  D=0x0000000000000052
1170000: system.cpu: T0 : 0x1f0a8    : c_add a4, s1               : IntAlu :  D=0x0000000000071e2c
1170500: system.cpu: T0 : 0x1f0aa    : c_slli a3, 3               : IntAlu :  D=0x0000000000000290
1171000: system.cpu: T0 : 0x1f0ac    : c_lw a2, 0(a4)             : MemRead :  D=0x0000000000000000 A=0x71e2c
1172000: system.cpu: T0 : 0x1f0ae    : addi a3, a3, 96            : IntAlu :  D=0x00000000000002f0
1172500: system.cpu: T0 : 0x1f0b2    : c_li a4, 1                 : IntAlu :  D=0x0000000000000001
1173000: system.cpu: T0 : 0x1f0b4    : srliw s2, a5, 5            : IntAlu :  D=0x0000000000000001
1173500: system.cpu: T0 : 0x1f0b8    : c_add a3, s1               : IntAlu :  D=0x00000000000718b8
1174500: system.cpu: T0 : 0x1f0ba    : sllw a5, a4, a5            : IntAlu :  D=0x0000000000000400
1175500: system.cpu: T0 : 0x1f0be    : bltu a2, a5, 144           : IntAlu : 
1176500: system.cpu: T0 : 0x1f14e    : addiw a5, s2, 1            : IntAlu :  D=0x0000000000000002
1177500: system.cpu: T0 : 0x1f152    : addiw s2, a5, 0            : IntAlu :  D=0x0000000000000002
1178500: system.cpu: T0 : 0x1f156    : bne s2, a0, -26            : IntAlu : 
1179000: system.cpu: T0 : 0x1f13c    : c_slli a5, 32              : IntAlu :  D=0x0000000200000000
1179500: system.cpu: T0 : 0x1f13e    : c_srli a5, 32              : IntAlu :  D=0x0000000000000002
1180000: system.cpu: T0 : 0x1f140    : addi a5, a5, 536           : IntAlu :  D=0x000000000000021a
1180500: system.cpu: T0 : 0x1f144    : c_slli a5, 2               : IntAlu :  D=0x0000000000000868
1181000: system.cpu: T0 : 0x1f146    : c_add a5, s1               : IntAlu :  D=0x0000000000071e30
1181500: system.cpu: T0 : 0x1f148    : c_lw a2, 0(a5)             : MemRead :  D=0x0000000000000000 A=0x71e30
1182500: system.cpu: T0 : 0x1f14a    : bne a2, zero, 384          : IntAlu : 
1183500: system.cpu: T0 : 0x1f14e    : addiw a5, s2, 1            : IntAlu :  D=0x0000000000000003
1184500: system.cpu: T0 : 0x1f152    : addiw s2, a5, 0            : IntAlu :  D=0x0000000000000003
1185500: system.cpu: T0 : 0x1f156    : bne s2, a0, -26            : IntAlu : 
1186000: system.cpu: T0 : 0x1f13c    : c_slli a5, 32              : IntAlu :  D=0x0000000300000000
1186500: system.cpu: T0 : 0x1f13e    : c_srli a5, 32              : IntAlu :  D=0x0000000000000003
1187000: system.cpu: T0 : 0x1f140    : addi a5, a5, 536           : IntAlu :  D=0x000000000000021b
1187500: system.cpu: T0 : 0x1f144    : c_slli a5, 2               : IntAlu :  D=0x000000000000086c
1188000: system.cpu: T0 : 0x1f146    : c_add a5, s1               : IntAlu :  D=0x0000000000071e34
1188500: system.cpu: T0 : 0x1f148    : c_lw a2, 0(a5)             : MemRead :  D=0x0000000000000000 A=0x71e34
1189500: system.cpu: T0 : 0x1f14a    : bne a2, zero, 384          : IntAlu : 
1190500: system.cpu: T0 : 0x1f14e    : addiw a5, s2, 1            : IntAlu :  D=0x0000000000000004
1191500: system.cpu: T0 : 0x1f152    : addiw s2, a5, 0            : IntAlu :  D=0x0000000000000004
1192500: system.cpu: T0 : 0x1f156    : bne s2, a0, -26            : IntAlu : 
1193000: system.cpu: T0 : 0x1f15a    : c_ld a4, 96(s1)            : MemRead :  D=0x0000000000071628 A=0x71628
1193500: system.cpu: T0 : 0x1f15c    : ld a3, -1912(a7)           : MemRead :  D=0x0000000000000000 A=0x71e50
1194000: system.cpu: T0 : 0x1f160    : c_ld a5, 8(a4)             : MemRead :  D=0x0000000000000000 A=0x71630
1194500: system.cpu: T0 : 0x1f162    : c_andi a5, 18446744073709551608 : IntAlu :  D=0x0000000000000000
1195000: system.cpu: T0 : 0x1f164    : bltu a3, a5, 548           : IntAlu : 
1195500: system.cpu: T0 : 0x1f168    : addi a3, s0, 32            : IntAlu :  D=0x00000000000002b0
1196000: system.cpu: T0 : 0x1f16c    : bgeu a5, a3, 640           : IntAlu : 
1196500: system.cpu: T0 : 0x1f170    : c_sdsp a7, 32(sp)          : MemWrite :  D=0x00000000000725c8 A=0x7ffffffffffffb00
1197000: system.cpu: T0 : 0x1f172    : c_sdsp t1, 24(sp)          : MemWrite :  D=0x0000000000000001 A=0x7ffffffffffffaf8
1197500: system.cpu: T0 : 0x1f174    : c_sdsp t5, 16(sp)          : MemWrite :  D=0x0000000000000000 A=0x7ffffffffffffaf0
1198000: system.cpu: T0 : 0x1f176    : c_lw a5, 8(s1)             : MemRead :  D=0x0000000000000000 A=0x715d0
1198500: system.cpu: T0 : 0x1f178    : c_addiw a5, 0              : IntAlu :  D=0x0000000000000000
1199000: system.cpu: T0 : 0x1f17a    : c_beqz a5, 180             : IntAlu : 
1199500: system.cpu: T0 : 0x1f22e    : c_mv a1, s1                : IntAlu :  D=0x00000000000715c8
1200000: system.cpu: T0 : 0x1f230    : c_mv a0, s0                : IntAlu :  D=0x0000000000000290
1201000: system.cpu: T0 : 0x1f232    : jal ra, -3372              : IntAlu :  D=0x000000000001f236
1201500: system.cpu: T0 : 0x1e506    : c_addi16sp sp, -160        : IntAlu :  D=0x7ffffffffffffa40
1202000: system.cpu: T0 : 0x1e508    : c_sdsp s1, 136(sp)         : MemWrite :  D=0x00000000000715c8 A=0x7ffffffffffffac8
1202500: system.cpu: T0 : 0x1e50a    : c_sdsp s2, 128(sp)         : MemWrite :  D=0x0000000000000004 A=0x7ffffffffffffac0
1203000: system.cpu: T0 : 0x1e50c    : c_sdsp s10, 64(sp)         : MemWrite :  D=0x000000000000000a A=0x7ffffffffffffa80
1203500: system.cpu: T0 : 0x1e50e    : c_sdsp ra, 152(sp)         : MemWrite :  D=0x000000000001f236 A=0x7ffffffffffffad8
1204000: system.cpu: T0 : 0x1e510    : c_sdsp s0, 144(sp)         : MemWrite :  D=0x0000000000000290 A=0x7ffffffffffffad0
1204500: system.cpu: T0 : 0x1e512    : c_sdsp s3, 120(sp)         : MemWrite :  D=0x0000000000000280 A=0x7ffffffffffffab8
1205000: system.cpu: T0 : 0x1e514    : c_sdsp s4, 112(sp)         : MemWrite :  D=0x0000000000000000 A=0x7ffffffffffffab0
1205500: system.cpu: T0 : 0x1e516    : c_sdsp s5, 104(sp)         : MemWrite :  D=0x0000000000000000 A=0x7ffffffffffffaa8
1206000: system.cpu: T0 : 0x1e518    : c_sdsp s6, 96(sp)          : MemWrite :  D=0x0000000000000027 A=0x7ffffffffffffaa0
1206500: system.cpu: T0 : 0x1e51a    : c_sdsp s7, 88(sp)          : MemWrite :  D=0x0000000000071558 A=0x7ffffffffffffa98
1207000: system.cpu: T0 : 0x1e51c    : c_sdsp s8, 80(sp)          : MemWrite :  D=0x0000000000071628 A=0x7ffffffffffffa90
1207500: system.cpu: T0 : 0x1e51e    : c_sdsp s9, 72(sp)          : MemWrite :  D=0x0000000000000029 A=0x7ffffffffffffa88
1208000: system.cpu: T0 : 0x1e520    : c_sdsp s11, 56(sp)         : MemWrite :  D=0x0000000000001000 A=0x7ffffffffffffa78
1209000: system.cpu: T0 : 0x1e522    : ld s2, -1784(gp)           : MemRead :  D=0x0000000000001000 A=0x72c38
1209500: system.cpu: T0 : 0x1e526    : c_mv s1, a0                : IntAlu :  D=0x0000000000000290
1210000: system.cpu: T0 : 0x1e528    : beq a1, zero, 534          : IntAlu : 
1210500: system.cpu: T0 : 0x1e52c    : lui s11, 113               : IntAlu :  D=0x0000000000071000
1211000: system.cpu: T0 : 0x1e530    : addi s11, s11, 1368        : IntAlu :  D=0x0000000000071558
1211500: system.cpu: T0 : 0x1e534    : ld a5, 16(s11)             : MemRead :  D=0x0000000000020000 A=0x71568
1212000: system.cpu: T0 : 0x1e538    : c_mv s0, a1                : IntAlu :  D=0x00000000000715c8
1213000: system.cpu: T0 : 0x1e53a    : bgeu a0, a5, 276           : IntAlu : 
1213500: system.cpu: T0 : 0x1e53e    : c_sdsp zero, 8(sp)         : MemWrite :  D=0x0000000000000000 A=0x7ffffffffffffa48
1214000: system.cpu: T0 : 0x1e540    : addi s5, s2, 7             : IntAlu :  D=0x0000000000001007
1214500: system.cpu: T0 : 0x1e544    : add a5, s5, s1             : IntAlu :  D=0x0000000000001297
1215000: system.cpu: T0 : 0x1e548    : lui s6, 113                : IntAlu :  D=0x0000000000071000
1215500: system.cpu: T0 : 0x1e54c    : sub s5, zero, s2           : IntAlu :  D=0xfffffffffffff000
1216000: system.cpu: T0 : 0x1e550    : addi a7, s0, 96            : IntAlu :  D=0x0000000000071628
1216500: system.cpu: T0 : 0x1e554    : addi t1, s2, -1            : IntAlu :  D=0x0000000000000fff
1217000: system.cpu: T0 : 0x1e558    : addi s8, s1, 32            : IntAlu :  D=0x00000000000002b0
1217500: system.cpu: T0 : 0x1e55c    : addi s7, s6, 1480          : IntAlu :  D=0x00000000000715c8
1218000: system.cpu: T0 : 0x1e560    : and s5, a5, s5             : IntAlu :  D=0x0000000000001000
1218500: system.cpu: T0 : 0x1e564    : ld s4, 96(s0)              : MemRead :  D=0x0000000000071628 A=0x71628
1219000: system.cpu: T0 : 0x1e568    : ld a5, 8(s4)               : MemRead :  D=0x0000000000000000 A=0x71630
1219500: system.cpu: T0 : 0x1e56c    : andi s3, a5, 18446744073709551608 : IntAlu :  D=0x0000000000000000
1220000: system.cpu: T0 : 0x1e570    : add s9, s4, s3             : IntAlu :  D=0x0000000000071628
1220500: system.cpu: T0 : 0x1e574    : beq s4, a7, 506            : IntAlu : 
1221500: system.cpu: T0 : 0x1e76e    : beq s3, zero, -482         : IntAlu : 
1222000: system.cpu: T0 : 0x1e58c    : bgeu s3, s8, 1112          : IntAlu : 
1222500: system.cpu: T0 : 0x1e590    : beq s0, s7, 484            : IntAlu : 
1223000: system.cpu: T0 : 0x1e774    : ld s5, 8(s11)              : MemRead :  D=0x0000000000020000 A=0x71560
1223500: system.cpu: T0 : 0x1e778    : c_lw a5, 4(s0)             : MemRead :  D=0x0000000000000000 A=0x715cc
1224500: system.cpu: T0 : 0x1e77a    : addi s10, s2, -1           : IntAlu :  D=0x0000000000000fff
1225500: system.cpu: T0 : 0x1e77e    : addi s5, s5, 32            : IntAlu :  D=0x0000000000020020
1226000: system.cpu: T0 : 0x1e782    : c_add s5, s10              : IntAlu :  D=0x000000000002101f
1226500: system.cpu: T0 : 0x1e784    : c_andi a5, 2               : IntAlu :  D=0x0000000000000000
1227000: system.cpu: T0 : 0x1e786    : c_add s5, s1               : IntAlu :  D=0x00000000000212af
1227500: system.cpu: T0 : 0x1e788    : sub a6, zero, s2           : IntAlu :  D=0xfffffffffffff000
1228000: system.cpu: T0 : 0x1e78c    : c_beqz a5, 158             : IntAlu : 
1229000: system.cpu: T0 : 0x1e82a    : sub s5, s5, s3             : IntAlu :  D=0x00000000000212af
1230000: system.cpu: T0 : 0x1e82e    : and s5, s5, a6             : IntAlu :  D=0x0000000000021000
1231000: system.cpu: T0 : 0x1e832    : blt zero, s5, -156         : IntAlu : 
1232000: system.cpu: T0 : 0x1e796    : ld a5, -1840(gp)           : MemRead :  D=0x00000000000210c8 A=0x72c00
1232500: system.cpu: T0 : 0x1e79a    : c_mv a0, s5                : IntAlu :  D=0x0000000000021000
1233000: system.cpu: T0 : 0x1e79c    : c_sdsp a6, 8(sp)           : MemWrite :  D=0xfffffffffffff000 A=0x7ffffffffffffa48
1233500: system.cpu: T0 : 0x1e79e    : c_jalr a5                  : IntAlu :  D=0x000000000001e7a0
1234000: system.cpu: T0 : 0x210c8    : c_addi sp, -16             : IntAlu :  D=0x7ffffffffffffa30
1234500: system.cpu: T0 : 0x210ca    : c_sdsp ra, 8(sp)           : MemWrite :  D=0x000000000001e7a0 A=0x7ffffffffffffa38
1235000: system.cpu: T0 : 0x210cc    : jal ra, 9320               : IntAlu :  D=0x00000000000210d0
1235500: system.cpu: T0 : 0x23534    : c_addi sp, -32             : IntAlu :  D=0x7ffffffffffffa10
1236000: system.cpu: T0 : 0x23536    : c_sdsp s2, 0(sp)           : MemWrite :  D=0x0000000000001000 A=0x7ffffffffffffa10
1236500: system.cpu: T0 : 0x23538    : c_sdsp s1, 8(sp)           : MemWrite :  D=0x0000000000000290 A=0x7ffffffffffffa18
1237500: system.cpu: T0 : 0x2353a    : ld s1, -1200(gp)           : MemRead :  D=0x0000000000075f80 A=0x72e80
1238000: system.cpu: T0 : 0x2353e    : c_sdsp s0, 16(sp)          : MemWrite :  D=0x00000000000715c8 A=0x7ffffffffffffa20
1238500: system.cpu: T0 : 0x23540    : c_sdsp ra, 24(sp)          : MemWrite :  D=0x00000000000210d0 A=0x7ffffffffffffa28
1239000: system.cpu: T0 : 0x23542    : c_mv s0, a0                : IntAlu :  D=0x0000000000021000
1239500: system.cpu: T0 : 0x23544    : c_beqz s1, 46              : IntAlu : 
1240500: system.cpu: T0 : 0x23546    : lw a5, -1728(gp)           : MemRead :  D=0x0000000000000000 A=0x72c70
1241000: system.cpu: T0 : 0x2354a    : c_bnez a5, 40              : IntAlu : 
1241500: system.cpu: T0 : 0x2354c    : c_beqz s0, 24              : IntAlu : 
1242500: system.cpu: T0 : 0x2354e    : bge zero, s0, 52           : IntAlu : 
1243500: system.cpu: T0 : 0x23552    : add a5, s0, s1             : IntAlu :  D=0x0000000000096f80
1244500: system.cpu: T0 : 0x23556    : sltu a5, a5, s1            : IntAlu :  D=0x0000000000000000
1245000: system.cpu: T0 : 0x2355a    : c_beqz a5, 50              : IntAlu : 
1245500: system.cpu: T0 : 0x2358c    : add a0, s1, s0             : IntAlu :  D=0x0000000000096f80
1246000: system.cpu: T0 : 0x23590    : jal ra, 98390              : IntAlu :  D=0x0000000000023594
1246500: system.cpu: T0 : 0x3b5e6    : c_mv a5, a0                : IntAlu :  D=0x0000000000096f80
1247000: system.cpu: T0 : 0x3b5e8    : addi a7, zero, 214         : IntAlu :  D=0x00000000000000d6
1247500: system.cpu: T0 : 0x3b5ec    : ecall                      : No_OpClass : 
1248000: system.cpu: T0 : 0x3b5f0    : sd a0, -1200(gp)           : MemWrite :  D=0x0000000000096f80 A=0x72e80
1248500: system.cpu: T0 : 0x3b5f4    : bltu a0, a5, 8             : IntAlu : 
1249000: system.cpu: T0 : 0x3b5f8    : c_li a0, 0                 : IntAlu :  D=0x0000000000000000
1249500: system.cpu: T0 : 0x3b5fa    : c_jr ra                    : IntAlu : 
1250000: system.cpu: T0 : 0x23594    : blt a0, zero, -50          : IntAlu : 
1250500: system.cpu: T0 : 0x23598    : c_ldsp ra, 24(sp)          : MemRead :  D=0x00000000000210d0 A=0x7ffffffffffffa28
1251000: system.cpu: T0 : 0x2359a    : c_ldsp s0, 16(sp)          : MemRead :  D=0x00000000000715c8 A=0x7ffffffffffffa20
1251500: system.cpu: T0 : 0x2359c    : c_ldsp s2, 0(sp)           : MemRead :  D=0x0000000000001000 A=0x7ffffffffffffa10
1252000: system.cpu: T0 : 0x2359e    : c_mv a0, s1                : IntAlu :  D=0x0000000000075f80
1252500: system.cpu: T0 : 0x235a0    : c_ldsp s1, 8(sp)           : MemRead :  D=0x0000000000000290 A=0x7ffffffffffffa18
1253000: system.cpu: T0 : 0x235a2    : c_addi16sp sp, 32          : IntAlu :  D=0x7ffffffffffffa30
1253500: system.cpu: T0 : 0x235a4    : c_jr ra                    : IntAlu : 
1254000: system.cpu: T0 : 0x210d0    : c_li a5, -1                : IntAlu :  D=0xffffffffffffffff
1255000: system.cpu: T0 : 0x210d2    : beq a0, a5, 10             : IntAlu : 
1255500: system.cpu: T0 : 0x210d6    : c_ldsp ra, 8(sp)           : MemRead :  D=0x000000000001e7a0 A=0x7ffffffffffffa38
1256000: system.cpu: T0 : 0x210d8    : c_addi sp, 16              : IntAlu :  D=0x7ffffffffffffa40
1256500: system.cpu: T0 : 0x210da    : c_jr ra                    : IntAlu : 
1257000: system.cpu: T0 : 0x1e7a0    : c_ldsp a6, 8(sp)           : MemRead :  D=0xfffffffffffff000 A=0x7ffffffffffffa48
1257500: system.cpu: T0 : 0x1e7a2    : c_mv s2, a0                : IntAlu :  D=0x0000000000075f80
1258000: system.cpu: T0 : 0x1e7a4    : beq a0, zero, 502          : IntAlu : 
1258500: system.cpu: T0 : 0x1e7a8    : ld a5, -1392(gp)           : MemRead :  D=0x0000000000000000 A=0x72dc0
1259000: system.cpu: T0 : 0x1e7ac    : c_li a4, 0                 : IntAlu :  D=0x0000000000000000
1260000: system.cpu: T0 : 0x1e7ae    : bne a5, zero, 538          : IntAlu : 
1261000: system.cpu: T0 : 0x1e7b2    : ld a5, 72(s11)             : MemRead :  D=0x0000000000000000 A=0x715a0
1262000: system.cpu: T0 : 0x1e7b6    : beq a5, zero, 380          : IntAlu : 
1263000: system.cpu: T0 : 0x1e932    : sd s2, 72(s11)             : MemWrite :  D=0x0000000000075f80 A=0x715a0
1263500: system.cpu: T0 : 0x1e936    : c_j -380                   : IntAlu : 
1264000: system.cpu: T0 : 0x1e7ba    : c_lui s11, 1               : IntAlu :  D=0x0000000000001000
1264500: system.cpu: T0 : 0x1e7bc    : c_add s11, s7              : IntAlu :  D=0x00000000000725c8
1265500: system.cpu: T0 : 0x1e7be    : ld a5, -1912(s11)          : MemRead :  D=0x0000000000000000 A=0x71e50
1266000: system.cpu: T0 : 0x1e7c2    : c_add a5, s5               : IntAlu :  D=0x0000000000021000
1266500: system.cpu: T0 : 0x1e7c4    : sd a5, -1912(s11)          : MemWrite :  D=0x0000000000021000 A=0x71e50
1267000: system.cpu: T0 : 0x1e7c8    : beq s9, s2, 342            : IntAlu : 
1267500: system.cpu: T0 : 0x1e7cc    : lw a3, 4(s7)               : MemRead :  D=0x0000000000000000 A=0x715cc
1268000: system.cpu: T0 : 0x1e7d0    : c_andi a3, 2               : IntAlu :  D=0x0000000000000000
1269000: system.cpu: T0 : 0x1e7d2    : bne a3, zero, 242          : IntAlu : 
1270000: system.cpu: T0 : 0x1e7d6    : beq s3, zero, 18           : IntAlu : 
1270500: system.cpu: T0 : 0x1e7e8    : andi a5, s2, 15            : IntAlu :  D=0x0000000000000000
1271000: system.cpu: T0 : 0x1e7ec    : bne a5, zero, 332          : IntAlu : 
1271500: system.cpu: T0 : 0x1e7f0    : c_mv a4, s3                : IntAlu :  D=0x0000000000000000
1272000: system.cpu: T0 : 0x1e7f2    : c_mv s9, s2                : IntAlu :  D=0x0000000000075f80
1272500: system.cpu: T0 : 0x1e7f4    : c_add s5, a4               : IntAlu :  D=0x0000000000021000
1273500: system.cpu: T0 : 0x1e7f6    : add a0, s2, s5             : IntAlu :  D=0x0000000000096f80
1274000: system.cpu: T0 : 0x1e7fa    : c_add s10, a0              : IntAlu :  D=0x0000000000097f7f
1274500: system.cpu: T0 : 0x1e7fc    : and a6, s10, a6            : IntAlu :  D=0x0000000000097000
1275000: system.cpu: T0 : 0x1e800    : c_sub a4, a0               : IntAlu :  D=0xfffffffffff69080
1276000: system.cpu: T0 : 0x1e802    : add s5, a6, a4             : IntAlu :  D=0x0000000000000080
1277000: system.cpu: T0 : 0x1e806    : blt s5, zero, 626          : IntAlu : 
1278000: system.cpu: T0 : 0x1e80a    : ld a5, -1840(gp)           : MemRead :  D=0x00000000000210c8 A=0x72c00
1278500: system.cpu: T0 : 0x1e80e    : c_mv a0, s5                : IntAlu :  D=0x0000000000000080
1279000: system.cpu: T0 : 0x1e810    : c_jalr a5                  : IntAlu :  D=0x000000000001e812
1279500: system.cpu: T0 : 0x210c8    : c_addi sp, -16             : IntAlu :  D=0x7ffffffffffffa30
1280000: system.cpu: T0 : 0x210ca    : c_sdsp ra, 8(sp)           : MemWrite :  D=0x000000000001e812 A=0x7ffffffffffffa38
1280500: system.cpu: T0 : 0x210cc    : jal ra, 9320               : IntAlu :  D=0x00000000000210d0
1281000: system.cpu: T0 : 0x23534    : c_addi sp, -32             : IntAlu :  D=0x7ffffffffffffa10
1281500: system.cpu: T0 : 0x23536    : c_sdsp s2, 0(sp)           : MemWrite :  D=0x0000000000075f80 A=0x7ffffffffffffa10
1282000: system.cpu: T0 : 0x23538    : c_sdsp s1, 8(sp)           : MemWrite :  D=0x0000000000000290 A=0x7ffffffffffffa18
1283000: system.cpu: T0 : 0x2353a    : ld s1, -1200(gp)           : MemRead :  D=0x0000000000096f80 A=0x72e80
1283500: system.cpu: T0 : 0x2353e    : c_sdsp s0, 16(sp)          : MemWrite :  D=0x00000000000715c8 A=0x7ffffffffffffa20
1284000: system.cpu: T0 : 0x23540    : c_sdsp ra, 24(sp)          : MemWrite :  D=0x00000000000210d0 A=0x7ffffffffffffa28
1284500: system.cpu: T0 : 0x23542    : c_mv s0, a0                : IntAlu :  D=0x0000000000000080
1285000: system.cpu: T0 : 0x23544    : c_beqz s1, 46              : IntAlu : 
1286000: system.cpu: T0 : 0x23546    : lw a5, -1728(gp)           : MemRead :  D=0x0000000000000000 A=0x72c70
1286500: system.cpu: T0 : 0x2354a    : c_bnez a5, 40              : IntAlu : 
1287000: system.cpu: T0 : 0x2354c    : c_beqz s0, 24              : IntAlu : 
1288000: system.cpu: T0 : 0x2354e    : bge zero, s0, 52           : IntAlu : 
1289000: system.cpu: T0 : 0x23552    : add a5, s0, s1             : IntAlu :  D=0x0000000000097000
1290000: system.cpu: T0 : 0x23556    : sltu a5, a5, s1            : IntAlu :  D=0x0000000000000000
1290500: system.cpu: T0 : 0x2355a    : c_beqz a5, 50              : IntAlu : 
1291000: system.cpu: T0 : 0x2358c    : add a0, s1, s0             : IntAlu :  D=0x0000000000097000
1291500: system.cpu: T0 : 0x23590    : jal ra, 98390              : IntAlu :  D=0x0000000000023594
1292000: system.cpu: T0 : 0x3b5e6    : c_mv a5, a0                : IntAlu :  D=0x0000000000097000
1292500: system.cpu: T0 : 0x3b5e8    : addi a7, zero, 214         : IntAlu :  D=0x00000000000000d6
1293000: system.cpu: T0 : 0x3b5ec    : ecall                      : No_OpClass : 
1293500: system.cpu: T0 : 0x3b5f0    : sd a0, -1200(gp)           : MemWrite :  D=0x0000000000097000 A=0x72e80
1294000: system.cpu: T0 : 0x3b5f4    : bltu a0, a5, 8             : IntAlu : 
1294500: system.cpu: T0 : 0x3b5f8    : c_li a0, 0                 : IntAlu :  D=0x0000000000000000
1295000: system.cpu: T0 : 0x3b5fa    : c_jr ra                    : IntAlu : 
1295500: system.cpu: T0 : 0x23594    : blt a0, zero, -50          : IntAlu : 
1296000: system.cpu: T0 : 0x23598    : c_ldsp ra, 24(sp)          : MemRead :  D=0x00000000000210d0 A=0x7ffffffffffffa28
1296500: system.cpu: T0 : 0x2359a    : c_ldsp s0, 16(sp)          : MemRead :  D=0x00000000000715c8 A=0x7ffffffffffffa20
1297000: system.cpu: T0 : 0x2359c    : c_ldsp s2, 0(sp)           : MemRead :  D=0x0000000000075f80 A=0x7ffffffffffffa10
1297500: system.cpu: T0 : 0x2359e    : c_mv a0, s1                : IntAlu :  D=0x0000000000096f80
1298000: system.cpu: T0 : 0x235a0    : c_ldsp s1, 8(sp)           : MemRead :  D=0x0000000000000290 A=0x7ffffffffffffa18
1298500: system.cpu: T0 : 0x235a2    : c_addi16sp sp, 32          : IntAlu :  D=0x7ffffffffffffa30
1299000: system.cpu: T0 : 0x235a4    : c_jr ra                    : IntAlu : 
1299500: system.cpu: T0 : 0x210d0    : c_li a5, -1                : IntAlu :  D=0xffffffffffffffff
1300500: system.cpu: T0 : 0x210d2    : beq a0, a5, 10             : IntAlu : 
1301000: system.cpu: T0 : 0x210d6    : c_ldsp ra, 8(sp)           : MemRead :  D=0x000000000001e812 A=0x7ffffffffffffa38
1301500: system.cpu: T0 : 0x210d8    : c_addi sp, 16              : IntAlu :  D=0x7ffffffffffffa40
1302000: system.cpu: T0 : 0x210da    : c_jr ra                    : IntAlu : 
1302500: system.cpu: T0 : 0x1e812    : c_mv a4, a0                : IntAlu :  D=0x0000000000096f80
1303000: system.cpu: T0 : 0x1e814    : beq a0, zero, 426          : IntAlu : 
1303500: system.cpu: T0 : 0x1e818    : ld a5, -1392(gp)           : MemRead :  D=0x0000000000000000 A=0x72dc0
1304000: system.cpu: T0 : 0x1e81c    : bne a5, zero, 440          : IntAlu : 
1304500: system.cpu: T0 : 0x1e820    : ld a5, -1912(s11)          : MemRead :  D=0x0000000000021000 A=0x71e50
1305000: system.cpu: T0 : 0x1e824    : c_mv s2, s9                : IntAlu :  D=0x0000000000075f80
1305500: system.cpu: T0 : 0x1e826    : c_add a5, s5               : IntAlu :  D=0x0000000000021080
1306000: system.cpu: T0 : 0x1e828    : c_j 168                    : IntAlu : 
1306500: system.cpu: T0 : 0x1e8d0    : sub a4, a4, s2             : IntAlu :  D=0x0000000000021000
1307000: system.cpu: T0 : 0x1e8d4    : c_add a4, s5               : IntAlu :  D=0x0000000000021080
1308000: system.cpu: T0 : 0x1e8d6    : sd s2, 96(s7)              : MemWrite :  D=0x0000000000075f80 A=0x71628
1309000: system.cpu: T0 : 0x1e8da    : ori a4, a4, 1              : IntAlu :  D=0x0000000000021081
1310000: system.cpu: T0 : 0x1e8de    : sd a4, 8(s2)               : MemWrite :  D=0x0000000000021081 A=0x75f88
1311000: system.cpu: T0 : 0x1e8e2    : sd a5, -1912(s11)          : MemWrite :  D=0x0000000000021080 A=0x71e50
1312000: system.cpu: T0 : 0x1e8e6    : beq s3, zero, -754         : IntAlu : 
1312500: system.cpu: T0 : 0x1e5f4    : c_lui a4, 1                : IntAlu :  D=0x0000000000001000
1313000: system.cpu: T0 : 0x1e5f6    : c_add a4, s0               : IntAlu :  D=0x00000000000725c8
1313500: system.cpu: T0 : 0x1e5f8    : ld a3, -1904(a4)           : MemRead :  D=0x0000000000000000 A=0x71e58
1314000: system.cpu: T0 : 0x1e5fc    : bgeu a3, a5, 8             : IntAlu : 
1314500: system.cpu: T0 : 0x1e600    : sd a5, -1904(a4)           : MemWrite :  D=0x0000000000021080 A=0x71e58
1315000: system.cpu: T0 : 0x1e604    : ld a5, 8(s2)               : MemRead :  D=0x0000000000021081 A=0x75f88
1315500: system.cpu: T0 : 0x1e608    : c_andi a5, 18446744073709551608 : IntAlu :  D=0x0000000000021080
1316500: system.cpu: T0 : 0x1e60a    : bltu a5, s8, 298           : IntAlu : 
1317500: system.cpu: T0 : 0x1e60e    : add a4, s2, s1             : IntAlu :  D=0x0000000000076210
1318000: system.cpu: T0 : 0x1e612    : c_sd a4, 96(s0)            : MemWrite :  D=0x0000000000076210 A=0x71628
1318500: system.cpu: T0 : 0x1e614    : c_sub a5, s1               : IntAlu :  D=0x0000000000020df0
1319500: system.cpu: T0 : 0x1e616    : beq s0, s7, 8              : IntAlu : 
1320500: system.cpu: T0 : 0x1e61e    : ori s1, s1, 1              : IntAlu :  D=0x0000000000000291
1321500: system.cpu: T0 : 0x1e622    : sd s1, 8(s2)               : MemWrite :  D=0x0000000000000291 A=0x75f88
1322500: system.cpu: T0 : 0x1e626    : ori a5, a5, 1              : IntAlu :  D=0x0000000000020df1
1323000: system.cpu: T0 : 0x1e62a    : c_sd a5, 8(a4)             : MemWrite :  D=0x0000000000020df1 A=0x76218
1323500: system.cpu: T0 : 0x1e62a    : c_sd a5, 8(a4)             : MemWrite :  D=0x0000000000020df1 A=0x76218
1324000: system.cpu: T0 : 0x1e62c    : addi a0, s2, 16            : IntAlu :  D=0x0000000000075f90
1324500: system.cpu: T0 : 0x1e630    : c_ldsp ra, 152(sp)         : MemRead :  D=0x000000000001f236 A=0x7ffffffffffffad8
1325000: system.cpu: T0 : 0x1e632    : c_ldsp s0, 144(sp)         : MemRead :  D=0x0000000000000290 A=0x7ffffffffffffad0
1325500: system.cpu: T0 : 0x1e634    : c_ldsp s1, 136(sp)         : MemRead :  D=0x00000000000715c8 A=0x7ffffffffffffac8
1326000: system.cpu: T0 : 0x1e636    : c_ldsp s2, 128(sp)         : MemRead :  D=0x0000000000000004 A=0x7ffffffffffffac0
1326500: system.cpu: T0 : 0x1e638    : c_ldsp s3, 120(sp)         : MemRead :  D=0x0000000000000280 A=0x7ffffffffffffab8
1327000: system.cpu: T0 : 0x1e63a    : c_ldsp s4, 112(sp)         : MemRead :  D=0x0000000000000000 A=0x7ffffffffffffab0
1327500: system.cpu: T0 : 0x1e63c    : c_ldsp s5, 104(sp)         : MemRead :  D=0x0000000000000000 A=0x7ffffffffffffaa8
1328000: system.cpu: T0 : 0x1e63e    : c_ldsp s6, 96(sp)          : MemRead :  D=0x0000000000000027 A=0x7ffffffffffffaa0
1328500: system.cpu: T0 : 0x1e640    : c_ldsp s7, 88(sp)          : MemRead :  D=0x0000000000071558 A=0x7ffffffffffffa98
1329000: system.cpu: T0 : 0x1e642    : c_ldsp s8, 80(sp)          : MemRead :  D=0x0000000000071628 A=0x7ffffffffffffa90
1329500: system.cpu: T0 : 0x1e644    : c_ldsp s9, 72(sp)          : MemRead :  D=0x0000000000000029 A=0x7ffffffffffffa88
1330000: system.cpu: T0 : 0x1e646    : c_ldsp s10, 64(sp)         : MemRead :  D=0x000000000000000a A=0x7ffffffffffffa80
1330500: system.cpu: T0 : 0x1e648    : c_ldsp s11, 56(sp)         : MemRead :  D=0x0000000000001000 A=0x7ffffffffffffa78
1331000: system.cpu: T0 : 0x1e64a    : c_addi16sp sp, 160         : IntAlu :  D=0x7ffffffffffffae0
1331500: system.cpu: T0 : 0x1e64c    : c_jr ra                    : IntAlu : 
1332000: system.cpu: T0 : 0x1f236    : c_mv s2, a0                : IntAlu :  D=0x0000000000075f90
1332500: system.cpu: T0 : 0x1f238    : bne a0, zero, -672         : IntAlu : 
1333000: system.cpu: T0 : 0x1ef98    : lw a1, -1396(gp)           : MemRead :  D=0x0000000000000000 A=0x72dbc
1333500: system.cpu: T0 : 0x1ef9c    : beq a1, zero, -516         : IntAlu : 
1334000: system.cpu: T0 : 0x1ed98    : c_ldsp ra, 248(sp)         : MemRead :  D=0x000000000001f5d8 A=0x7ffffffffffffbd8
1334500: system.cpu: T0 : 0x1ed9a    : c_ldsp s0, 240(sp)         : MemRead :  D=0x00000000000715c8 A=0x7ffffffffffffbd0
1335000: system.cpu: T0 : 0x1ed9c    : c_ldsp s1, 232(sp)         : MemRead :  D=0x00000000000715c8 A=0x7ffffffffffffbc8
1335500: system.cpu: T0 : 0x1ed9e    : c_ldsp s3, 216(sp)         : MemRead :  D=0x0000000000000000 A=0x7ffffffffffffbb8
1336000: system.cpu: T0 : 0x1eda0    : c_ldsp s4, 208(sp)         : MemRead :  D=0x0000000000000000 A=0x7ffffffffffffbb0
1336500: system.cpu: T0 : 0x1eda2    : c_ldsp s5, 200(sp)         : MemRead :  D=0x0000000000000000 A=0x7ffffffffffffba8
1337000: system.cpu: T0 : 0x1eda4    : c_ldsp s6, 192(sp)         : MemRead :  D=0x0000000000074000 A=0x7ffffffffffffba0
1337500: system.cpu: T0 : 0x1eda6    : c_ldsp s7, 184(sp)         : MemRead :  D=0x0000000000000000 A=0x7ffffffffffffb98
1338000: system.cpu: T0 : 0x1eda8    : c_ldsp s8, 176(sp)         : MemRead :  D=0x0000000000000000 A=0x7ffffffffffffb90
1338500: system.cpu: T0 : 0x1edaa    : c_ldsp s9, 168(sp)         : MemRead :  D=0x0000000000000003 A=0x7ffffffffffffb88
1339000: system.cpu: T0 : 0x1edac    : c_ldsp s10, 160(sp)        : MemRead :  D=0x0000000000000000 A=0x7ffffffffffffb80
1339500: system.cpu: T0 : 0x1edae    : c_ldsp s11, 152(sp)        : MemRead :  D=0x0000000000000000 A=0x7ffffffffffffb78
1340000: system.cpu: T0 : 0x1edb0    : c_mv a0, s2                : IntAlu :  D=0x0000000000075f90
1340500: system.cpu: T0 : 0x1edb2    : c_ldsp s2, 224(sp)         : MemRead :  D=0x0000000000000002 A=0x7ffffffffffffbc0
1341000: system.cpu: T0 : 0x1edb4    : c_addi16sp sp, 256         : IntAlu :  D=0x7ffffffffffffbe0
1341500: system.cpu: T0 : 0x1edb6    : c_jr ra                    : IntAlu : 
1342000: system.cpu: T0 : 0x1f5d8    : c_mv a5, a0                : IntAlu :  D=0x0000000000075f90
1342500: system.cpu: T0 : 0x1f5da    : c_beqz a0, 70              : IntAlu : 
1343000: system.cpu: T0 : 0x1f5dc    : c_li a4, 0                 : IntAlu :  D=0x0000000000000000
1344000: system.cpu: T0 : 0x1f5de    : fence iorw, ow             : No_OpClass : 
1345000: system.cpu: T0 : 0x1f5e2    : amoswap_w a4, a4, (s0)    
1345000: system.cpu: T0 : 0x1f5e2. 0 : amoswap_w[l] a4, a4, (s0)  : MemRead :  D=0x0000000000000001 A=0x715c8
1345500: system.cpu: T0 : 0x1f5e6    : c_addiw a4, 0              : IntAlu :  D=0x0000000000000001
1346000: system.cpu: T0 : 0x1f5e8    : c_li a3, 1                 : IntAlu :  D=0x0000000000000001
1347000: system.cpu: T0 : 0x1f5ea    : blt a3, a4, 96             : IntAlu : 
1347500: system.cpu: T0 : 0x1f5ee    : c_ldsp s0, 16(sp)          : MemRead :  D=0x0000000000000024 A=0x7ffffffffffffbf0
1348000: system.cpu: T0 : 0x1f5f0    : c_ldsp ra, 24(sp)          : MemRead :  D=0x000000000001ff66 A=0x7ffffffffffffbf8
1348500: system.cpu: T0 : 0x1f5f2    : c_ldsp s1, 8(sp)           : MemRead :  D=0x0000000000000001 A=0x7ffffffffffffbe8
1349000: system.cpu: T0 : 0x1f5f4    : sd a5, 40(tp)              : MemWrite :  D=0x0000000000075f90 A=0x75738
1349500: system.cpu: T0 : 0x1f5f8    : addi a2, zero, 640         : IntAlu :  D=0x0000000000000280
1350000: system.cpu: T0 : 0x1f5fc    : c_li a1, 0                 : IntAlu :  D=0x0000000000000000
1350500: system.cpu: T0 : 0x1f5fe    : c_mv a0, a5                : IntAlu :  D=0x0000000000075f90
1351000: system.cpu: T0 : 0x1f600    : c_addi16sp sp, 32          : IntAlu :  D=0x7ffffffffffffc00
1352000: system.cpu: T0 : 0x1f602    : jal zero, 10402            : IntAlu :  D=0x000000000001f606
1352500: system.cpu: T0 : 0x21ea4    : c_li a4, 7                 : IntAlu :  D=0x0000000000000007
1353000: system.cpu: T0 : 0x21ea6    : c_mv a5, a0                : IntAlu :  D=0x0000000000075f90
1353500: system.cpu: T0 : 0x21ea8    : bgeu a4, a2, 140           : IntAlu : 
1354000: system.cpu: T0 : 0x21eac    : andi a7, a1, 255           : IntAlu :  D=0x0000000000000000
1354500: system.cpu: T0 : 0x21eb0    : slli a3, a7, 8             : IntAlu :  D=0x0000000000000000
1355000: system.cpu: T0 : 0x21eb4    : or a3, a3, a7              : IntAlu :  D=0x0000000000000000
1355500: system.cpu: T0 : 0x21eb8    : slli a4, a3, 16            : IntAlu :  D=0x0000000000000000
1356000: system.cpu: T0 : 0x21ebc    : c_or a3, a4                : IntAlu :  D=0x0000000000000000
1357000: system.cpu: T0 : 0x21ebe    : slli a4, a3, 32            : IntAlu :  D=0x0000000000000000
1358000: system.cpu: T0 : 0x21ec2    : andi a6, a0, 7             : IntAlu :  D=0x0000000000000000
1358500: system.cpu: T0 : 0x21ec6    : c_or a4, a3                : IntAlu :  D=0x0000000000000000
1359000: system.cpu: T0 : 0x21ec8    : beq a6, zero, 130          : IntAlu : 
1359500: system.cpu: T0 : 0x21f4a    : c_mv a3, a2                : IntAlu :  D=0x0000000000000280
1360000: system.cpu: T0 : 0x21f4c    : c_j -108                   : IntAlu : 
1360500: system.cpu: T0 : 0x21ee0    : srli a6, a3, 6             : IntAlu :  D=0x000000000000000a
1361000: system.cpu: T0 : 0x21ee4    : beq a6, zero, 42           : IntAlu : 
1361500: system.cpu: T0 : 0x21ee8    : slli a2, a6, 6             : IntAlu :  D=0x0000000000000280
1362000: system.cpu: T0 : 0x21eec    : c_mv a7, a5                : IntAlu :  D=0x0000000000075f90
1362500: system.cpu: T0 : 0x21eee    : c_add a2, a5               : IntAlu :  D=0x0000000000076210
1363000: system.cpu: T0 : 0x21ef0    : c_sd a4, 0(a5)             : MemWrite :  D=0x0000000000000000 A=0x75f90
1363500: system.cpu: T0 : 0x21ef2    : c_sd a4, 8(a5)             : MemWrite :  D=0x0000000000000000 A=0x75f98
1364000: system.cpu: T0 : 0x21ef4    : c_sd a4, 16(a5)            : MemWrite :  D=0x0000000000000000 A=0x75fa0
1364500: system.cpu: T0 : 0x21ef6    : c_sd a4, 24(a5)            : MemWrite :  D=0x0000000000000000 A=0x75fa8
1365000: system.cpu: T0 : 0x21ef8    : c_sd a4, 32(a5)            : MemWrite :  D=0x0000000000000000 A=0x75fb0
1365500: system.cpu: T0 : 0x21efa    : c_sd a4, 40(a5)            : MemWrite :  D=0x0000000000000000 A=0x75fb8
1366000: system.cpu: T0 : 0x21efc    : c_sd a4, 48(a5)            : MemWrite :  D=0x0000000000000000 A=0x75fc0
1366500: system.cpu: T0 : 0x21efe    : c_sd a4, 56(a5)            : MemWrite :  D=0x0000000000000000 A=0x75fc8
1367000: system.cpu: T0 : 0x21f00    : addi a5, a5, 64            : IntAlu :  D=0x0000000000075fd0
1367500: system.cpu: T0 : 0x21f04    : bne a2, a5, -20            : IntAlu : 
1368000: system.cpu: T0 : 0x21ef0    : c_sd a4, 0(a5)             : MemWrite :  D=0x0000000000000000 A=0x75fd0
1368500: system.cpu: T0 : 0x21ef2    : c_sd a4, 8(a5)             : MemWrite :  D=0x0000000000000000 A=0x75fd8
1369000: system.cpu: T0 : 0x21ef4    : c_sd a4, 16(a5)            : MemWrite :  D=0x0000000000000000 A=0x75fe0
1369500: system.cpu: T0 : 0x21ef6    : c_sd a4, 24(a5)            : MemWrite :  D=0x0000000000000000 A=0x75fe8
1370000: system.cpu: T0 : 0x21ef8    : c_sd a4, 32(a5)            : MemWrite :  D=0x0000000000000000 A=0x75ff0
1370500: system.cpu: T0 : 0x21efa    : c_sd a4, 40(a5)            : MemWrite :  D=0x0000000000000000 A=0x75ff8
1371000: system.cpu: T0 : 0x21efc    : c_sd a4, 48(a5)            : MemWrite :  D=0x0000000000000000 A=0x76000
1371500: system.cpu: T0 : 0x21efe    : c_sd a4, 56(a5)            : MemWrite :  D=0x0000000000000000 A=0x76008
1372000: system.cpu: T0 : 0x21f00    : addi a5, a5, 64            : IntAlu :  D=0x0000000000076010
1372500: system.cpu: T0 : 0x21f04    : bne a2, a5, -20            : IntAlu : 
1373000: system.cpu: T0 : 0x21ef0    : c_sd a4, 0(a5)             : MemWrite :  D=0x0000000000000000 A=0x76010
1373500: system.cpu: T0 : 0x21ef2    : c_sd a4, 8(a5)             : MemWrite :  D=0x0000000000000000 A=0x76018
1374000: system.cpu: T0 : 0x21ef4    : c_sd a4, 16(a5)            : MemWrite :  D=0x0000000000000000 A=0x76020
1374500: system.cpu: T0 : 0x21ef6    : c_sd a4, 24(a5)            : MemWrite :  D=0x0000000000000000 A=0x76028
1375000: system.cpu: T0 : 0x21ef8    : c_sd a4, 32(a5)            : MemWrite :  D=0x0000000000000000 A=0x76030
1375500: system.cpu: T0 : 0x21efa    : c_sd a4, 40(a5)            : MemWrite :  D=0x0000000000000000 A=0x76038
1376000: system.cpu: T0 : 0x21efc    : c_sd a4, 48(a5)            : MemWrite :  D=0x0000000000000000 A=0x76040
1376500: system.cpu: T0 : 0x21efe    : c_sd a4, 56(a5)            : MemWrite :  D=0x0000000000000000 A=0x76048
1377000: system.cpu: T0 : 0x21f00    : addi a5, a5, 64            : IntAlu :  D=0x0000000000076050
1377500: system.cpu: T0 : 0x21f04    : bne a2, a5, -20            : IntAlu : 
1378000: system.cpu: T0 : 0x21ef0    : c_sd a4, 0(a5)             : MemWrite :  D=0x0000000000000000 A=0x76050
1378500: system.cpu: T0 : 0x21ef2    : c_sd a4, 8(a5)             : MemWrite :  D=0x0000000000000000 A=0x76058
1379000: system.cpu: T0 : 0x21ef4    : c_sd a4, 16(a5)            : MemWrite :  D=0x0000000000000000 A=0x76060
1379500: system.cpu: T0 : 0x21ef6    : c_sd a4, 24(a5)            : MemWrite :  D=0x0000000000000000 A=0x76068
1380000: system.cpu: T0 : 0x21ef8    : c_sd a4, 32(a5)            : MemWrite :  D=0x0000000000000000 A=0x76070
1380500: system.cpu: T0 : 0x21efa    : c_sd a4, 40(a5)            : MemWrite :  D=0x0000000000000000 A=0x76078
1381000: system.cpu: T0 : 0x21efc    : c_sd a4, 48(a5)            : MemWrite :  D=0x0000000000000000 A=0x76080
1381500: system.cpu: T0 : 0x21efe    : c_sd a4, 56(a5)            : MemWrite :  D=0x0000000000000000 A=0x76088
1382000: system.cpu: T0 : 0x21f00    : addi a5, a5, 64            : IntAlu :  D=0x0000000000076090
1382500: system.cpu: T0 : 0x21f04    : bne a2, a5, -20            : IntAlu : 
1383000: system.cpu: T0 : 0x21ef0    : c_sd a4, 0(a5)             : MemWrite :  D=0x0000000000000000 A=0x76090
1383500: system.cpu: T0 : 0x21ef2    : c_sd a4, 8(a5)             : MemWrite :  D=0x0000000000000000 A=0x76098
1384000: system.cpu: T0 : 0x21ef4    : c_sd a4, 16(a5)            : MemWrite :  D=0x0000000000000000 A=0x760a0
1384500: system.cpu: T0 : 0x21ef6    : c_sd a4, 24(a5)            : MemWrite :  D=0x0000000000000000 A=0x760a8
1385000: system.cpu: T0 : 0x21ef8    : c_sd a4, 32(a5)            : MemWrite :  D=0x0000000000000000 A=0x760b0
1385500: system.cpu: T0 : 0x21efa    : c_sd a4, 40(a5)            : MemWrite :  D=0x0000000000000000 A=0x760b8
1386000: system.cpu: T0 : 0x21efc    : c_sd a4, 48(a5)            : MemWrite :  D=0x0000000000000000 A=0x760c0
1386500: system.cpu: T0 : 0x21efe    : c_sd a4, 56(a5)            : MemWrite :  D=0x0000000000000000 A=0x760c8
1387000: system.cpu: T0 : 0x21f00    : addi a5, a5, 64            : IntAlu :  D=0x00000000000760d0
1387500: system.cpu: T0 : 0x21f04    : bne a2, a5, -20            : IntAlu : 
1388000: system.cpu: T0 : 0x21ef0    : c_sd a4, 0(a5)             : MemWrite :  D=0x0000000000000000 A=0x760d0
1388500: system.cpu: T0 : 0x21ef2    : c_sd a4, 8(a5)             : MemWrite :  D=0x0000000000000000 A=0x760d8
1389000: system.cpu: T0 : 0x21ef4    : c_sd a4, 16(a5)            : MemWrite :  D=0x0000000000000000 A=0x760e0
1389500: system.cpu: T0 : 0x21ef6    : c_sd a4, 24(a5)            : MemWrite :  D=0x0000000000000000 A=0x760e8
1390000: system.cpu: T0 : 0x21ef8    : c_sd a4, 32(a5)            : MemWrite :  D=0x0000000000000000 A=0x760f0
1390500: system.cpu: T0 : 0x21efa    : c_sd a4, 40(a5)            : MemWrite :  D=0x0000000000000000 A=0x760f8
1391000: system.cpu: T0 : 0x21efc    : c_sd a4, 48(a5)            : MemWrite :  D=0x0000000000000000 A=0x76100
1391500: system.cpu: T0 : 0x21efe    : c_sd a4, 56(a5)            : MemWrite :  D=0x0000000000000000 A=0x76108
1392000: system.cpu: T0 : 0x21f00    : addi a5, a5, 64            : IntAlu :  D=0x0000000000076110
1392500: system.cpu: T0 : 0x21f04    : bne a2, a5, -20            : IntAlu : 
1393000: system.cpu: T0 : 0x21ef0    : c_sd a4, 0(a5)             : MemWrite :  D=0x0000000000000000 A=0x76110
1393500: system.cpu: T0 : 0x21ef2    : c_sd a4, 8(a5)             : MemWrite :  D=0x0000000000000000 A=0x76118
1394000: system.cpu: T0 : 0x21ef4    : c_sd a4, 16(a5)            : MemWrite :  D=0x0000000000000000 A=0x76120
1394500: system.cpu: T0 : 0x21ef6    : c_sd a4, 24(a5)            : MemWrite :  D=0x0000000000000000 A=0x76128
1395000: system.cpu: T0 : 0x21ef8    : c_sd a4, 32(a5)            : MemWrite :  D=0x0000000000000000 A=0x76130
1395500: system.cpu: T0 : 0x21efa    : c_sd a4, 40(a5)            : MemWrite :  D=0x0000000000000000 A=0x76138
1396000: system.cpu: T0 : 0x21efc    : c_sd a4, 48(a5)            : MemWrite :  D=0x0000000000000000 A=0x76140
1396500: system.cpu: T0 : 0x21efe    : c_sd a4, 56(a5)            : MemWrite :  D=0x0000000000000000 A=0x76148
1397000: system.cpu: T0 : 0x21f00    : addi a5, a5, 64            : IntAlu :  D=0x0000000000076150
1397500: system.cpu: T0 : 0x21f04    : bne a2, a5, -20            : IntAlu : 
1398000: system.cpu: T0 : 0x21ef0    : c_sd a4, 0(a5)             : MemWrite :  D=0x0000000000000000 A=0x76150
1398500: system.cpu: T0 : 0x21ef2    : c_sd a4, 8(a5)             : MemWrite :  D=0x0000000000000000 A=0x76158
1399000: system.cpu: T0 : 0x21ef4    : c_sd a4, 16(a5)            : MemWrite :  D=0x0000000000000000 A=0x76160
1399500: system.cpu: T0 : 0x21ef6    : c_sd a4, 24(a5)            : MemWrite :  D=0x0000000000000000 A=0x76168
1400000: system.cpu: T0 : 0x21ef8    : c_sd a4, 32(a5)            : MemWrite :  D=0x0000000000000000 A=0x76170
1400500: system.cpu: T0 : 0x21efa    : c_sd a4, 40(a5)            : MemWrite :  D=0x0000000000000000 A=0x76178
1401000: system.cpu: T0 : 0x21efc    : c_sd a4, 48(a5)            : MemWrite :  D=0x0000000000000000 A=0x76180
1401500: system.cpu: T0 : 0x21efe    : c_sd a4, 56(a5)            : MemWrite :  D=0x0000000000000000 A=0x76188
1402000: system.cpu: T0 : 0x21f00    : addi a5, a5, 64            : IntAlu :  D=0x0000000000076190
1402500: system.cpu: T0 : 0x21f04    : bne a2, a5, -20            : IntAlu : 
1403000: system.cpu: T0 : 0x21ef0    : c_sd a4, 0(a5)             : MemWrite :  D=0x0000000000000000 A=0x76190
1403500: system.cpu: T0 : 0x21ef2    : c_sd a4, 8(a5)             : MemWrite :  D=0x0000000000000000 A=0x76198
1404000: system.cpu: T0 : 0x21ef4    : c_sd a4, 16(a5)            : MemWrite :  D=0x0000000000000000 A=0x761a0
1404500: system.cpu: T0 : 0x21ef6    : c_sd a4, 24(a5)            : MemWrite :  D=0x0000000000000000 A=0x761a8
1405000: system.cpu: T0 : 0x21ef8    : c_sd a4, 32(a5)            : MemWrite :  D=0x0000000000000000 A=0x761b0
1405500: system.cpu: T0 : 0x21efa    : c_sd a4, 40(a5)            : MemWrite :  D=0x0000000000000000 A=0x761b8
1406000: system.cpu: T0 : 0x21efc    : c_sd a4, 48(a5)            : MemWrite :  D=0x0000000000000000 A=0x761c0
1406500: system.cpu: T0 : 0x21efe    : c_sd a4, 56(a5)            : MemWrite :  D=0x0000000000000000 A=0x761c8
1407000: system.cpu: T0 : 0x21f00    : addi a5, a5, 64            : IntAlu :  D=0x00000000000761d0
1407500: system.cpu: T0 : 0x21f04    : bne a2, a5, -20            : IntAlu : 
1408000: system.cpu: T0 : 0x21ef0    : c_sd a4, 0(a5)             : MemWrite :  D=0x0000000000000000 A=0x761d0
1408500: system.cpu: T0 : 0x21ef2    : c_sd a4, 8(a5)             : MemWrite :  D=0x0000000000000000 A=0x761d8
1409000: system.cpu: T0 : 0x21ef4    : c_sd a4, 16(a5)            : MemWrite :  D=0x0000000000000000 A=0x761e0
1409500: system.cpu: T0 : 0x21ef6    : c_sd a4, 24(a5)            : MemWrite :  D=0x0000000000000000 A=0x761e8
1410000: system.cpu: T0 : 0x21ef8    : c_sd a4, 32(a5)            : MemWrite :  D=0x0000000000000000 A=0x761f0
1410500: system.cpu: T0 : 0x21efa    : c_sd a4, 40(a5)            : MemWrite :  D=0x0000000000000000 A=0x761f8
1411000: system.cpu: T0 : 0x21efc    : c_sd a4, 48(a5)            : MemWrite :  D=0x0000000000000000 A=0x76200
1411500: system.cpu: T0 : 0x21efe    : c_sd a4, 56(a5)            : MemWrite :  D=0x0000000000000000 A=0x76208
1412000: system.cpu: T0 : 0x21f00    : addi a5, a5, 64            : IntAlu :  D=0x0000000000076210
1412500: system.cpu: T0 : 0x21f04    : bne a2, a5, -20            : IntAlu : 
1413000: system.cpu: T0 : 0x21f08    : slli a5, a6, 6             : IntAlu :  D=0x0000000000000280
1413500: system.cpu: T0 : 0x21f0c    : c_add a5, a7               : IntAlu :  D=0x0000000000076210
1414500: system.cpu: T0 : 0x21f0e    : srli a6, a3, 3             : IntAlu :  D=0x0000000000000050
1415500: system.cpu: T0 : 0x21f12    : andi a6, a6, 7             : IntAlu :  D=0x0000000000000000
1416500: system.cpu: T0 : 0x21f16    : beq a6, zero, 26           : IntAlu : 
1417000: system.cpu: T0 : 0x21f30    : andi a2, a3, 7             : IntAlu :  D=0x0000000000000000
1417500: system.cpu: T0 : 0x21f34    : andi a1, a1, 255           : IntAlu :  D=0x0000000000000000
1418000: system.cpu: T0 : 0x21f38    : add a4, a5, a2             : IntAlu :  D=0x0000000000076210
1418500: system.cpu: T0 : 0x21f3c    : c_beqz a2, 12              : IntAlu : 
1419000: system.cpu: T0 : 0x21f48    : c_jr ra                    : IntAlu : 
1420000: system.cpu: T0 : 0x1ff66    : lui a5, 113                : IntAlu :  D=0x0000000000071000
1421000: system.cpu: T0 : 0x1ff6a    : ld a5, 1448(a5)            : MemRead :  D=0x0000000000000040 A=0x715a8
1422000: system.cpu: T0 : 0x1ff6e    : bgeu s1, a5, -100          : IntAlu : 
1423000: system.cpu: T0 : 0x1ff72    : ld a4, 40(tp)              : MemRead :  D=0x0000000000075f90 A=0x75738
1423500: system.cpu: T0 : 0x1ff76    : c_beqz a4, -108            : IntAlu : 
1424000: system.cpu: T0 : 0x1ff78    : slli a3, s1, 1             : IntAlu :  D=0x0000000000000002
1424500: system.cpu: T0 : 0x1ff7c    : c_add a3, a4               : IntAlu :  D=0x0000000000075f92
1425500: system.cpu: T0 : 0x1ff7e    : lhu a2, 0(a3)              : MemRead :  D=0x0000000000000000 A=0x75f92
1426000: system.cpu: T0 : 0x1ff82    : c_beqz a2, -120            : IntAlu : 
1427000: system.cpu: T0 : 0x1ff0a    : lw a5, -1808(tp)           : MemRead :  D=0x0000000000000000 A=0x75000
1427500: system.cpu: T0 : 0x1ff0e    : c_bnez a5, 210             : IntAlu : 
1428000: system.cpu: T0 : 0x1ff10    : lui s1, 113                : IntAlu :  D=0x0000000000071000
1428500: system.cpu: T0 : 0x1ff14    : c_mv a1, s0                : IntAlu :  D=0x0000000000000024
1429500: system.cpu: T0 : 0x1ff16    : addi a0, s1, 1480          : IntAlu :  D=0x00000000000715c8
1430500: system.cpu: T0 : 0x1ff1a    : jal ra, -5236              : IntAlu :  D=0x000000000001ff1e
1431000: system.cpu: T0 : 0x1eaa6    : c_addi16sp sp, -256        : IntAlu :  D=0x7ffffffffffffb00
1431500: system.cpu: T0 : 0x1eaa8    : c_sdsp ra, 248(sp)         : MemWrite :  D=0x000000000001ff1e A=0x7ffffffffffffbf8
1432000: system.cpu: T0 : 0x1eaaa    : c_sdsp s0, 240(sp)         : MemWrite :  D=0x0000000000000024 A=0x7ffffffffffffbf0
1432500: system.cpu: T0 : 0x1eaac    : c_sdsp s1, 232(sp)         : MemWrite :  D=0x0000000000071000 A=0x7ffffffffffffbe8
1433000: system.cpu: T0 : 0x1eaae    : c_sdsp s2, 224(sp)         : MemWrite :  D=0x0000000000000002 A=0x7ffffffffffffbe0
1433500: system.cpu: T0 : 0x1eab0    : c_sdsp s3, 216(sp)         : MemWrite :  D=0x0000000000000000 A=0x7ffffffffffffbd8
1434000: system.cpu: T0 : 0x1eab2    : c_sdsp s4, 208(sp)         : MemWrite :  D=0x0000000000000000 A=0x7ffffffffffffbd0
1434500: system.cpu: T0 : 0x1eab4    : c_sdsp s5, 200(sp)         : MemWrite :  D=0x0000000000000000 A=0x7ffffffffffffbc8
1435000: system.cpu: T0 : 0x1eab6    : c_sdsp s6, 192(sp)         : MemWrite :  D=0x0000000000074000 A=0x7ffffffffffffbc0
1435500: system.cpu: T0 : 0x1eab8    : c_sdsp s7, 184(sp)         : MemWrite :  D=0x0000000000000000 A=0x7ffffffffffffbb8
1436000: system.cpu: T0 : 0x1eaba    : c_sdsp s8, 176(sp)         : MemWrite :  D=0x0000000000000000 A=0x7ffffffffffffbb0
1436500: system.cpu: T0 : 0x1eabc    : c_sdsp s9, 168(sp)         : MemWrite :  D=0x0000000000000003 A=0x7ffffffffffffba8
1437000: system.cpu: T0 : 0x1eabe    : c_sdsp s10, 160(sp)        : MemWrite :  D=0x0000000000000000 A=0x7ffffffffffffba0
1437500: system.cpu: T0 : 0x1eac0    : c_sdsp s11, 152(sp)        : MemWrite :  D=0x0000000000000000 A=0x7ffffffffffffb98
1438500: system.cpu: T0 : 0x1eac2    : blt a1, zero, 1198         : IntAlu : 
1439500: system.cpu: T0 : 0x1eac6    : addi s0, a1, 23            : IntAlu :  D=0x000000000000003b
1440000: system.cpu: T0 : 0x1eaca    : c_li a5, 31                : IntAlu :  D=0x000000000000001f
1440500: system.cpu: T0 : 0x1eacc    : c_mv s3, a1                : IntAlu :  D=0x0000000000000024
1441000: system.cpu: T0 : 0x1eace    : c_mv s1, a0                : IntAlu :  D=0x00000000000715c8
1441500: system.cpu: T0 : 0x1ead0    : bltu a5, s0, 220           : IntAlu : 
1442000: system.cpu: T0 : 0x1ebac    : c_andi s0, 18446744073709551600 : IntAlu :  D=0x0000000000000030
1443000: system.cpu: T0 : 0x1ebae    : beq a0, zero, 988          : IntAlu : 
1444000: system.cpu: T0 : 0x1ebb2    : ld a4, -1376(gp)           : MemRead :  D=0x0000000000000080 A=0x72dd0
1445000: system.cpu: T0 : 0x1ebb6    : srliw s9, s0, 4            : IntAlu :  D=0x0000000000000003
1446000: system.cpu: T0 : 0x1ebba    : srliw a5, s0, 4            : IntAlu :  D=0x0000000000000003
1447000: system.cpu: T0 : 0x1ebbe    : bgeu a4, s0, 506           : IntAlu : 
1447500: system.cpu: T0 : 0x1edb8    : c_addiw a5, -2             : IntAlu :  D=0x0000000000000001
1448500: system.cpu: T0 : 0x1edba    : slli a2, a5, 32            : IntAlu :  D=0x0000000100000000
1449000: system.cpu: T0 : 0x1edbe    : c_srli a2, 32              : IntAlu :  D=0x0000000000000001
1449500: system.cpu: T0 : 0x1edc0    : c_addi a2, 2               : IntAlu :  D=0x0000000000000003
1450000: system.cpu: T0 : 0x1edc2    : c_slli a2, 3               : IntAlu :  D=0x0000000000000018
1450500: system.cpu: T0 : 0x1edc4    : c_j -376                   : IntAlu : 
1451000: system.cpu: T0 : 0x1ec4c    : c_slli a5, 32              : IntAlu :  D=0x0000000100000000
1451500: system.cpu: T0 : 0x1ec4e    : c_srli a5, 29              : IntAlu :  D=0x0000000000000008
1452000: system.cpu: T0 : 0x1ec50    : c_add a5, s1               : IntAlu :  D=0x00000000000715d0
1453000: system.cpu: T0 : 0x1ec52    : ld s2, 16(a5)              : MemRead :  D=0x0000000000000000 A=0x715e0
1454000: system.cpu: T0 : 0x1ec56    : beq s2, zero, 170          : IntAlu : 
1454500: system.cpu: T0 : 0x1ed00    : addiw a5, s9, -1           : IntAlu :  D=0x0000000000000002
1455000: system.cpu: T0 : 0x1ed04    : slliw a5, a5, 1            : IntAlu :  D=0x0000000000000004
1455500: system.cpu: T0 : 0x1ed08    : c_slli a5, 32              : IntAlu :  D=0x0000000400000000
1456000: system.cpu: T0 : 0x1ed0a    : c_srli a5, 32              : IntAlu :  D=0x0000000000000004
1456500: system.cpu: T0 : 0x1ed0c    : c_addi a5, 14              : IntAlu :  D=0x0000000000000012
1457000: system.cpu: T0 : 0x1ed0e    : c_slli a5, 3               : IntAlu :  D=0x0000000000000090
1457500: system.cpu: T0 : 0x1ed10    : c_j -550                   : IntAlu : 
1458000: system.cpu: T0 : 0x1eaea    : c_add a5, s1               : IntAlu :  D=0x0000000000071658
1458500: system.cpu: T0 : 0x1eaec    : ld s2, 8(a5)               : MemRead :  D=0x0000000000071648 A=0x71660
1459000: system.cpu: T0 : 0x1eaf0    : addi a3, a5, -16           : IntAlu :  D=0x0000000000071648
1459500: system.cpu: T0 : 0x1eaf4    : beq a3, s2, 748            : IntAlu : 
1460000: system.cpu: T0 : 0x1ede0    : srli t1, s0, 9             : IntAlu :  D=0x0000000000000000
1460500: system.cpu: T0 : 0x1ede4    : addiw a5, t1, 91           : IntAlu :  D=0x000000000000005b
1461000: system.cpu: T0 : 0x1ede8    : srli s10, s0, 6            : IntAlu :  D=0x0000000000000000
1461500: system.cpu: T0 : 0x1edec    : c_sdsp a5, 96(sp)          : MemWrite :  D=0x000000000000005b A=0x7ffffffffffffb60
1462500: system.cpu: T0 : 0x1edee    : addiw a5, s10, 48          : IntAlu :  D=0x0000000000000030
1463000: system.cpu: T0 : 0x1edf2    : c_sdsp a5, 88(sp)          : MemWrite :  D=0x0000000000000030 A=0x7ffffffffffffb58
1463500: system.cpu: T0 : 0x1edf4    : addi a5, zero, 110         : IntAlu :  D=0x000000000000006e
1464000: system.cpu: T0 : 0x1edf8    : c_sdsp a5, 112(sp)         : MemWrite :  D=0x000000000000006e A=0x7ffffffffffffb70
1465000: system.cpu: T0 : 0x1edfa    : addi a5, zero, 119         : IntAlu :  D=0x0000000000000077
1465500: system.cpu: T0 : 0x1edfe    : c_sdsp a5, 104(sp)         : MemWrite :  D=0x0000000000000077 A=0x7ffffffffffffb68
1466000: system.cpu: T0 : 0x1ee00    : addi a5, zero, 124         : IntAlu :  D=0x000000000000007c
1466500: system.cpu: T0 : 0x1ee04    : c_sdsp s9, 8(sp)           : MemWrite :  D=0x0000000000000003 A=0x7ffffffffffffb08
1467000: system.cpu: T0 : 0x1ee06    : c_sdsp a5, 120(sp)         : MemWrite :  D=0x000000000000007c A=0x7ffffffffffffb78
1467500: system.cpu: T0 : 0x1ee08    : c_sdsp zero, 128(sp)       : MemWrite :  D=0x0000000000000000 A=0x7ffffffffffffb80
1468000: system.cpu: T0 : 0x1ee0a    : c_sdsp zero, 136(sp)       : MemWrite :  D=0x0000000000000000 A=0x7ffffffffffffb88
1468500: system.cpu: T0 : 0x1ee0c    : ld a5, 40(tp)              : MemRead :  D=0x0000000000075f90 A=0x75738
1469000: system.cpu: T0 : 0x1ee10    : addi s6, s0, -17           : IntAlu :  D=0x000000000000001f
1469500: system.cpu: T0 : 0x1ee14    : srli s6, s6, 4             : IntAlu :  D=0x0000000000000001
1470000: system.cpu: T0 : 0x1ee18    : c_li s5, 0                 : IntAlu :  D=0x0000000000000000
1470500: system.cpu: T0 : 0x1ee1a    : c_beqz a5, 22              : IntAlu : 
1471000: system.cpu: T0 : 0x1ee1c    : lui a5, 113                : IntAlu :  D=0x0000000000071000
1471500: system.cpu: T0 : 0x1ee20    : ld s5, 1448(a5)            : MemRead :  D=0x0000000000000040 A=0x715a8
1472000: system.cpu: T0 : 0x1ee24    : sltu s5, s6, s5            : IntAlu :  D=0x0000000000000001
1472500: system.cpu: T0 : 0x1ee28    : sub s5, zero, s5           : IntAlu :  D=0xffffffffffffffff
1473000: system.cpu: T0 : 0x1ee2c    : and s5, s0, s5             : IntAlu :  D=0x0000000000000030
1473500: system.cpu: T0 : 0x1ee30    : lui a5, 113                : IntAlu :  D=0x0000000000071000
1474000: system.cpu: T0 : 0x1ee34    : c_lui s11, 1               : IntAlu :  D=0x0000000000001000
1475000: system.cpu: T0 : 0x1ee36    : lui s7, 113                : IntAlu :  D=0x0000000000071000
1476000: system.cpu: T0 : 0x1ee3a    : addi a5, a5, 1480          : IntAlu :  D=0x00000000000715c8
1477000: system.cpu: T0 : 0x1ee3e    : addi s8, s1, 96            : IntAlu :  D=0x0000000000071628
1477500: system.cpu: T0 : 0x1ee42    : c_li t5, 0                 : IntAlu :  D=0x0000000000000000
1478000: system.cpu: T0 : 0x1ee44    : addi s7, s7, 1368          : IntAlu :  D=0x0000000000071558
1478500: system.cpu: T0 : 0x1ee48    : add a7, s1, s11            : IntAlu :  D=0x00000000000725c8
1479000: system.cpu: T0 : 0x1ee4c    : c_sdsp a5, 56(sp)          : MemWrite :  D=0x00000000000715c8 A=0x7ffffffffffffb38
1479500: system.cpu: T0 : 0x1ee4e    : c_ld a5, 120(s1)           : MemRead :  D=0x0000000000071628 A=0x71640
1480000: system.cpu: T0 : 0x1ee50    : beq a5, s8, 532            : IntAlu : 
1480500: system.cpu: T0 : 0x1f064    : addi a5, zero, 1023        : IntAlu :  D=0x00000000000003ff
1481000: system.cpu: T0 : 0x1f068    : bgeu a5, s0, 38            : IntAlu : 
1481500: system.cpu: T0 : 0x1f08e    : c_ldsp a3, 8(sp)           : MemRead :  D=0x0000000000000003 A=0x7ffffffffffffb08
1482000: system.cpu: T0 : 0x1f090    : c_li a0, 4                 : IntAlu :  D=0x0000000000000004
1483000: system.cpu: T0 : 0x1f092    : addiw a5, a3, 1            : IntAlu :  D=0x0000000000000004
1484000: system.cpu: T0 : 0x1f096    : srliw a4, a5, 5            : IntAlu :  D=0x0000000000000000
1485000: system.cpu: T0 : 0x1f09a    : slliw a3, a3, 1            : IntAlu :  D=0x0000000000000006
1486000: system.cpu: T0 : 0x1f09e    : addi a4, a4, 536           : IntAlu :  D=0x0000000000000218
1486500: system.cpu: T0 : 0x1f0a2    : c_slli a3, 32              : IntAlu :  D=0x0000000600000000
1487000: system.cpu: T0 : 0x1f0a4    : c_slli a4, 2               : IntAlu :  D=0x0000000000000860
1487500: system.cpu: T0 : 0x1f0a6    : c_srli a3, 32              : IntAlu :  D=0x0000000000000006
1488000: system.cpu: T0 : 0x1f0a8    : c_add a4, s1               : IntAlu :  D=0x0000000000071e28
1488500: system.cpu: T0 : 0x1f0aa    : c_slli a3, 3               : IntAlu :  D=0x0000000000000030
1489000: system.cpu: T0 : 0x1f0ac    : c_lw a2, 0(a4)             : MemRead :  D=0x0000000000000000 A=0x71e28
1490000: system.cpu: T0 : 0x1f0ae    : addi a3, a3, 96            : IntAlu :  D=0x0000000000000090
1490500: system.cpu: T0 : 0x1f0b2    : c_li a4, 1                 : IntAlu :  D=0x0000000000000001
1491000: system.cpu: T0 : 0x1f0b4    : srliw s2, a5, 5            : IntAlu :  D=0x0000000000000000
1491500: system.cpu: T0 : 0x1f0b8    : c_add a3, s1               : IntAlu :  D=0x0000000000071658
1492500: system.cpu: T0 : 0x1f0ba    : sllw a5, a4, a5            : IntAlu :  D=0x0000000000000010
1493500: system.cpu: T0 : 0x1f0be    : bltu a2, a5, 144           : IntAlu : 
1494500: system.cpu: T0 : 0x1f14e    : addiw a5, s2, 1            : IntAlu :  D=0x0000000000000001
1495500: system.cpu: T0 : 0x1f152    : addiw s2, a5, 0            : IntAlu :  D=0x0000000000000001
1496500: system.cpu: T0 : 0x1f156    : bne s2, a0, -26            : IntAlu : 
1497000: system.cpu: T0 : 0x1f13c    : c_slli a5, 32              : IntAlu :  D=0x0000000100000000
1497500: system.cpu: T0 : 0x1f13e    : c_srli a5, 32              : IntAlu :  D=0x0000000000000001
1498000: system.cpu: T0 : 0x1f140    : addi a5, a5, 536           : IntAlu :  D=0x0000000000000219
1498500: system.cpu: T0 : 0x1f144    : c_slli a5, 2               : IntAlu :  D=0x0000000000000864
1499000: system.cpu: T0 : 0x1f146    : c_add a5, s1               : IntAlu :  D=0x0000000000071e2c
1499500: system.cpu: T0 : 0x1f148    : c_lw a2, 0(a5)             : MemRead :  D=0x0000000000000000 A=0x71e2c
1500500: system.cpu: T0 : 0x1f14a    : bne a2, zero, 384          : IntAlu : 
1501500: system.cpu: T0 : 0x1f14e    : addiw a5, s2, 1            : IntAlu :  D=0x0000000000000002
1502500: system.cpu: T0 : 0x1f152    : addiw s2, a5, 0            : IntAlu :  D=0x0000000000000002
1503500: system.cpu: T0 : 0x1f156    : bne s2, a0, -26            : IntAlu : 
1504000: system.cpu: T0 : 0x1f13c    : c_slli a5, 32              : IntAlu :  D=0x0000000200000000
1504500: system.cpu: T0 : 0x1f13e    : c_srli a5, 32              : IntAlu :  D=0x0000000000000002
1505000: system.cpu: T0 : 0x1f140    : addi a5, a5, 536           : IntAlu :  D=0x000000000000021a
1505500: system.cpu: T0 : 0x1f144    : c_slli a5, 2               : IntAlu :  D=0x0000000000000868
1506000: system.cpu: T0 : 0x1f146    : c_add a5, s1               : IntAlu :  D=0x0000000000071e30
1506500: system.cpu: T0 : 0x1f148    : c_lw a2, 0(a5)             : MemRead :  D=0x0000000000000000 A=0x71e30
1507500: system.cpu: T0 : 0x1f14a    : bne a2, zero, 384          : IntAlu : 
1508500: system.cpu: T0 : 0x1f14e    : addiw a5, s2, 1            : IntAlu :  D=0x0000000000000003
1509500: system.cpu: T0 : 0x1f152    : addiw s2, a5, 0            : IntAlu :  D=0x0000000000000003
1510500: system.cpu: T0 : 0x1f156    : bne s2, a0, -26            : IntAlu : 
1511000: system.cpu: T0 : 0x1f13c    : c_slli a5, 32              : IntAlu :  D=0x0000000300000000
1511500: system.cpu: T0 : 0x1f13e    : c_srli a5, 32              : IntAlu :  D=0x0000000000000003
1512000: system.cpu: T0 : 0x1f140    : addi a5, a5, 536           : IntAlu :  D=0x000000000000021b
1512500: system.cpu: T0 : 0x1f144    : c_slli a5, 2               : IntAlu :  D=0x000000000000086c
1513000: system.cpu: T0 : 0x1f146    : c_add a5, s1               : IntAlu :  D=0x0000000000071e34
1513500: system.cpu: T0 : 0x1f148    : c_lw a2, 0(a5)             : MemRead :  D=0x0000000000000000 A=0x71e34
1514500: system.cpu: T0 : 0x1f14a    : bne a2, zero, 384          : IntAlu : 
1515500: system.cpu: T0 : 0x1f14e    : addiw a5, s2, 1            : IntAlu :  D=0x0000000000000004
1516500: system.cpu: T0 : 0x1f152    : addiw s2, a5, 0            : IntAlu :  D=0x0000000000000004
1517500: system.cpu: T0 : 0x1f156    : bne s2, a0, -26            : IntAlu : 
1518000: system.cpu: T0 : 0x1f15a    : c_ld a4, 96(s1)            : MemRead :  D=0x0000000000076210 A=0x71628
1518500: system.cpu: T0 : 0x1f15c    : ld a3, -1912(a7)           : MemRead :  D=0x0000000000021080 A=0x71e50
1519000: system.cpu: T0 : 0x1f160    : c_ld a5, 8(a4)             : MemRead :  D=0x0000000000020df1 A=0x76218
1519500: system.cpu: T0 : 0x1f162    : c_andi a5, 18446744073709551608 : IntAlu :  D=0x0000000000020df0
1520000: system.cpu: T0 : 0x1f164    : bltu a3, a5, 548           : IntAlu : 
1520500: system.cpu: T0 : 0x1f168    : addi a3, s0, 32            : IntAlu :  D=0x0000000000000050
1521000: system.cpu: T0 : 0x1f16c    : bgeu a5, a3, 640           : IntAlu : 
1521500: system.cpu: T0 : 0x1f3ec    : add a0, a4, s0             : IntAlu :  D=0x0000000000076240
1522000: system.cpu: T0 : 0x1f3f0    : lui a2, 113                : IntAlu :  D=0x0000000000071000
1522500: system.cpu: T0 : 0x1f3f4    : c_sd a0, 96(s1)            : MemWrite :  D=0x0000000000076240 A=0x71628
1523500: system.cpu: T0 : 0x1f3f6    : addi a2, a2, 1480          : IntAlu :  D=0x00000000000715c8
1524000: system.cpu: T0 : 0x1f3fa    : c_sub a5, s0               : IntAlu :  D=0x0000000000020dc0
1524500: system.cpu: T0 : 0x1f3fc    : c_li a3, 4                 : IntAlu :  D=0x0000000000000004
1525500: system.cpu: T0 : 0x1f3fe    : beq s1, a2, 116            : IntAlu : 
1526000: system.cpu: T0 : 0x1f472    : c_li a3, 0                 : IntAlu :  D=0x0000000000000000
1526500: system.cpu: T0 : 0x1f474    : c_j -114                   : IntAlu : 
1527000: system.cpu: T0 : 0x1f402    : c_or a3, s0                : IntAlu :  D=0x0000000000000030
1527500: system.cpu: T0 : 0x1f404    : ori a3, a3, 1              : IntAlu :  D=0x0000000000000031
1528000: system.cpu: T0 : 0x1f408    : lw a1, -1396(gp)           : MemRead :  D=0x0000000000000000 A=0x72dbc
1528500: system.cpu: T0 : 0x1f40c    : c_sd a3, 8(a4)             : MemWrite :  D=0x0000000000000031 A=0x76218
1529500: system.cpu: T0 : 0x1f40e    : ori a5, a5, 1              : IntAlu :  D=0x0000000000020dc1
1530000: system.cpu: T0 : 0x1f412    : c_sd a5, 8(a0)             : MemWrite :  D=0x0000000000020dc1 A=0x76248
1530500: system.cpu: T0 : 0x1f414    : addi s2, a4, 16            : IntAlu :  D=0x0000000000076220
1531000: system.cpu: T0 : 0x1f418    : beq a1, zero, -1664        : IntAlu : 
1531500: system.cpu: T0 : 0x1ed98    : c_ldsp ra, 248(sp)         : MemRead :  D=0x000000000001ff1e A=0x7ffffffffffffbf8
1532000: system.cpu: T0 : 0x1ed9a    : c_ldsp s0, 240(sp)         : MemRead :  D=0x0000000000000024 A=0x7ffffffffffffbf0
1532500: system.cpu: T0 : 0x1ed9c    : c_ldsp s1, 232(sp)         : MemRead :  D=0x0000000000071000 A=0x7ffffffffffffbe8
1533000: system.cpu: T0 : 0x1ed9e    : c_ldsp s3, 216(sp)         : MemRead :  D=0x0000000000000000 A=0x7ffffffffffffbd8
1533500: system.cpu: T0 : 0x1eda0    : c_ldsp s4, 208(sp)         : MemRead :  D=0x0000000000000000 A=0x7ffffffffffffbd0
1534000: system.cpu: T0 : 0x1eda2    : c_ldsp s5, 200(sp)         : MemRead :  D=0x0000000000000000 A=0x7ffffffffffffbc8
1534500: system.cpu: T0 : 0x1eda4    : c_ldsp s6, 192(sp)         : MemRead :  D=0x0000000000074000 A=0x7ffffffffffffbc0
1535000: system.cpu: T0 : 0x1eda6    : c_ldsp s7, 184(sp)         : MemRead :  D=0x0000000000000000 A=0x7ffffffffffffbb8
1535500: system.cpu: T0 : 0x1eda8    : c_ldsp s8, 176(sp)         : MemRead :  D=0x0000000000000000 A=0x7ffffffffffffbb0
1536000: system.cpu: T0 : 0x1edaa    : c_ldsp s9, 168(sp)         : MemRead :  D=0x0000000000000003 A=0x7ffffffffffffba8
1536500: system.cpu: T0 : 0x1edac    : c_ldsp s10, 160(sp)        : MemRead :  D=0x0000000000000000 A=0x7ffffffffffffba0
1537000: system.cpu: T0 : 0x1edae    : c_ldsp s11, 152(sp)        : MemRead :  D=0x0000000000000000 A=0x7ffffffffffffb98
1537500: system.cpu: T0 : 0x1edb0    : c_mv a0, s2                : IntAlu :  D=0x0000000000076220
1538000: system.cpu: T0 : 0x1edb2    : c_ldsp s2, 224(sp)         : MemRead :  D=0x0000000000000002 A=0x7ffffffffffffbe0
1538500: system.cpu: T0 : 0x1edb4    : c_addi16sp sp, 256         : IntAlu :  D=0x7ffffffffffffc00
1539000: system.cpu: T0 : 0x1edb6    : c_jr ra                    : IntAlu : 
1539500: system.cpu: T0 : 0x1ff1e    : c_mv a5, a0                : IntAlu :  D=0x0000000000076220
1540000: system.cpu: T0 : 0x1ff20    : c_beqz a0, 150             : IntAlu : 
1541000: system.cpu: T0 : 0x1ff22    : ld a4, -8(a0)              : MemRead :  D=0x0000000000000031 A=0x76218
1542000: system.cpu: T0 : 0x1ff26    : andi a3, a4, 2             : IntAlu :  D=0x0000000000000000
1542500: system.cpu: T0 : 0x1ff2a    : c_bnez a3, 26              : IntAlu : 
1543000: system.cpu: T0 : 0x1ff2c    : c_andi a4, 4               : IntAlu :  D=0x0000000000000000
1543500: system.cpu: T0 : 0x1ff2e    : c_beqz a4, 22              : IntAlu : 
1544000: system.cpu: T0 : 0x1ff44    : c_ldsp ra, 24(sp)          : MemRead :  D=0x000000000003ffaa A=0x7ffffffffffffc18
1544500: system.cpu: T0 : 0x1ff46    : c_ldsp s0, 16(sp)          : MemRead :  D=0x7ffffffffffffcf0 A=0x7ffffffffffffc10
1545000: system.cpu: T0 : 0x1ff48    : c_ldsp s1, 8(sp)           : MemRead :  D=0x7ffffffffffffc20 A=0x7ffffffffffffc08
1545500: system.cpu: T0 : 0x1ff4a    : c_ldsp s2, 0(sp)           : MemRead :  D=0x0000000000000002 A=0x7ffffffffffffc00
1546000: system.cpu: T0 : 0x1ff4c    : c_mv a0, a5                : IntAlu :  D=0x0000000000076220
1546500: system.cpu: T0 : 0x1ff4e    : c_addi16sp sp, 32          : IntAlu :  D=0x7ffffffffffffc20
1547000: system.cpu: T0 : 0x1ff50    : c_jr ra                    : IntAlu : 
1547500: system.cpu: T0 : 0x3ffaa    : c_mv s6, a0                : IntAlu :  D=0x0000000000076220
1548000: system.cpu: T0 : 0x3ffac    : addi a5, s9, 1             : IntAlu :  D=0x0000000000000004
1548500: system.cpu: T0 : 0x3ffb0    : c_bnez a0, 64              : IntAlu : 
1549000: system.cpu: T0 : 0x3fff0    : c_ld a1, 0(s1)             : MemRead :  D=0x00000000000643a0 A=0x7ffffffffffffc20
1550000: system.cpu: T0 : 0x3fff2    : addi a0, a0, 32            : IntAlu :  D=0x0000000000076240
1551000: system.cpu: T0 : 0x3fff6    : sd a5, 8(s6)               : MemWrite :  D=0x0000000000000004 A=0x76228
1552000: system.cpu: T0 : 0x3fffa    : sd a0, 0(s6)               : MemWrite :  D=0x0000000000076240 A=0x76220
1553000: system.cpu: T0 : 0x3fffe    : sd a0, 16(s6)              : MemWrite :  D=0x0000000000076240 A=0x76230
1554000: system.cpu: T0 : 0x40002    : sd zero, 24(s6)            : MemWrite :  D=0x0000000000000000 A=0x76238
1554500: system.cpu: T0 : 0x40006    : c_mv a2, s9                : IntAlu :  D=0x0000000000000003
1555000: system.cpu: T0 : 0x40008    : jal ra, -123066            : IntAlu :  D=0x000000000004000c
1555500: system.cpu: T0 : 0x21f4e    : c_addi sp, -16             : IntAlu :  D=0x7ffffffffffffc10
1556000: system.cpu: T0 : 0x21f50    : c_sdsp s0, 0(sp)           : MemWrite :  D=0x7ffffffffffffcf0 A=0x7ffffffffffffc10
1556500: system.cpu: T0 : 0x21f52    : c_sdsp ra, 8(sp)           : MemWrite :  D=0x000000000004000c A=0x7ffffffffffffc18
1557000: system.cpu: T0 : 0x21f54    : c_mv s0, a2                : IntAlu :  D=0x0000000000000003
1558000: system.cpu: T0 : 0x21f56    : jal ra, 112                : IntAlu :  D=0x0000000000021f5a
1558500: system.cpu: T0 : 0x21fc6    : c_addi16sp sp, -48         : IntAlu :  D=0x7ffffffffffffbe0
1559000: system.cpu: T0 : 0x21fc8    : c_sdsp s0, 32(sp)          : MemWrite :  D=0x0000000000000003 A=0x7ffffffffffffc00
1559500: system.cpu: T0 : 0x21fca    : c_sdsp s2, 16(sp)          : MemWrite :  D=0x0000000000000002 A=0x7ffffffffffffbf0
1560000: system.cpu: T0 : 0x21fcc    : c_sdsp ra, 40(sp)          : MemWrite :  D=0x0000000000021f5a A=0x7ffffffffffffc08
1560500: system.cpu: T0 : 0x21fce    : c_sdsp s1, 24(sp)          : MemWrite :  D=0x7ffffffffffffc20 A=0x7ffffffffffffbf8
1561000: system.cpu: T0 : 0x21fd0    : c_sdsp s3, 8(sp)           : MemWrite :  D=0x0000000000000000 A=0x7ffffffffffffbe8
1561500: system.cpu: T0 : 0x21fd2    : c_li a5, 15                : IntAlu :  D=0x000000000000000f
1562000: system.cpu: T0 : 0x21fd4    : c_mv s2, a0                : IntAlu :  D=0x0000000000076240
1562500: system.cpu: T0 : 0x21fd6    : c_mv a4, a0                : IntAlu :  D=0x0000000000076240
1563000: system.cpu: T0 : 0x21fd8    : c_mv s0, a1                : IntAlu :  D=0x00000000000643a0
1564000: system.cpu: T0 : 0x21fda    : bgeu a5, a2, 72            : IntAlu : 
1564500: system.cpu: T0 : 0x22022    : c_addi a4, -1              : IntAlu :  D=0x000000000007623f
1565000: system.cpu: T0 : 0x22024    : c_mv a5, s0                : IntAlu :  D=0x00000000000643a0
1566000: system.cpu: T0 : 0x22026    : add a1, a2, s0             : IntAlu :  D=0x00000000000643a3
1566500: system.cpu: T0 : 0x2202a    : c_sub a4, s0               : IntAlu :  D=0x0000000000011e9f
1567000: system.cpu: T0 : 0x2202c    : c_beqz a2, 20              : IntAlu : 
1568000: system.cpu: T0 : 0x2202e    : lbu a2, 0(a5)              : MemRead :  D=0x0000000000000074 A=0x643a0
1568500: system.cpu: T0 : 0x22032    : c_addi a5, 1               : IntAlu :  D=0x00000000000643a1
1569000: system.cpu: T0 : 0x22034    : add a3, a4, a5             : IntAlu :  D=0x0000000000076240
1569500: system.cpu: T0 : 0x22038    : sb a2, 0(a3)               : MemWrite :  D=0x0000000000000074 A=0x76240
1570000: system.cpu: T0 : 0x2203c    : bne a1, a5, -14            : IntAlu : 
1571000: system.cpu: T0 : 0x2202e    : lbu a2, 0(a5)              : MemRead :  D=0x000000000000006c A=0x643a1
1571500: system.cpu: T0 : 0x22032    : c_addi a5, 1               : IntAlu :  D=0x00000000000643a2
1572000: system.cpu: T0 : 0x22034    : add a3, a4, a5             : IntAlu :  D=0x0000000000076241
1572500: system.cpu: T0 : 0x22038    : sb a2, 0(a3)               : MemWrite :  D=0x000000000000006c A=0x76241
1573000: system.cpu: T0 : 0x2203c    : bne a1, a5, -14            : IntAlu : 
1574000: system.cpu: T0 : 0x2202e    : lbu a2, 0(a5)              : MemRead :  D=0x0000000000000073 A=0x643a2
1574500: system.cpu: T0 : 0x22032    : c_addi a5, 1               : IntAlu :  D=0x00000000000643a3
1575000: system.cpu: T0 : 0x22034    : add a3, a4, a5             : IntAlu :  D=0x0000000000076242
1575500: system.cpu: T0 : 0x22038    : sb a2, 0(a3)               : MemWrite :  D=0x0000000000000073 A=0x76242
1576000: system.cpu: T0 : 0x2203c    : bne a1, a5, -14            : IntAlu : 
1576500: system.cpu: T0 : 0x22040    : c_ldsp ra, 40(sp)          : MemRead :  D=0x0000000000021f5a A=0x7ffffffffffffc08
1577000: system.cpu: T0 : 0x22042    : c_ldsp s0, 32(sp)          : MemRead :  D=0x0000000000000003 A=0x7ffffffffffffc00
1577500: system.cpu: T0 : 0x22044    : c_ldsp s1, 24(sp)          : MemRead :  D=0x7ffffffffffffc20 A=0x7ffffffffffffbf8
1578000: system.cpu: T0 : 0x22046    : c_ldsp s3, 8(sp)           : MemRead :  D=0x0000000000000000 A=0x7ffffffffffffbe8
1578500: system.cpu: T0 : 0x22048    : c_mv a0, s2                : IntAlu :  D=0x0000000000076240
1579000: system.cpu: T0 : 0x2204a    : c_ldsp s2, 16(sp)          : MemRead :  D=0x0000000000000002 A=0x7ffffffffffffbf0
1579500: system.cpu: T0 : 0x2204c    : c_addi16sp sp, 48          : IntAlu :  D=0x7ffffffffffffc10
1580000: system.cpu: T0 : 0x2204e    : c_jr ra                    : IntAlu : 
1580500: system.cpu: T0 : 0x21f5a    : c_ldsp ra, 8(sp)           : MemRead :  D=0x000000000004000c A=0x7ffffffffffffc18
1581000: system.cpu: T0 : 0x21f5c    : c_add a0, s0               : IntAlu :  D=0x0000000000076243
1581500: system.cpu: T0 : 0x21f5e    : c_ldsp s0, 0(sp)           : MemRead :  D=0x7ffffffffffffcf0 A=0x7ffffffffffffc10
1582000: system.cpu: T0 : 0x21f60    : c_addi sp, 16              : IntAlu :  D=0x7ffffffffffffc20
1582500: system.cpu: T0 : 0x21f62    : c_jr ra                    : IntAlu : 
1583000: system.cpu: T0 : 0x4000c    : ld a4, -136(s0)            : MemRead :  D=0x0000000000070fd0 A=0x7ffffffffffffc68
1583500: system.cpu: T0 : 0x40010    : addi a5, zero, 47          : IntAlu :  D=0x000000000000002f
1584000: system.cpu: T0 : 0x40014    : sb a5, 0(a0)               : MemWrite :  D=0x000000000000002f A=0x76243
1584500: system.cpu: T0 : 0x40018    : sd s2, 0(a4)               : MemWrite :  D=0x0000000000000002 A=0x70fd0
1585000: system.cpu: T0 : 0x4001c    : ld a5, 8(s6)               : MemRead :  D=0x0000000000000004 A=0x76228
1585500: system.cpu: T0 : 0x40020    : ld a4, -160(s0)            : MemRead :  D=0x0000000000070fc8 A=0x7ffffffffffffc50
1586000: system.cpu: T0 : 0x40024    : c_sd a5, 0(a4)             : MemWrite :  D=0x0000000000000004 A=0x70fc8
1586500: system.cpu: T0 : 0x40026    : c_j -178                   : IntAlu : 
1587000: system.cpu: T0 : 0x3ff74    : addi sp, s0, -192          : IntAlu :  D=0x7ffffffffffffc30
1587500: system.cpu: T0 : 0x3ff78    : c_ldsp ra, 184(sp)         : MemRead :  D=0x000000000003d4e4 A=0x7ffffffffffffce8
1588000: system.cpu: T0 : 0x3ff7a    : c_mv a0, s6                : IntAlu :  D=0x0000000000076220
1588500: system.cpu: T0 : 0x3ff7c    : c_ldsp s0, 176(sp)         : MemRead :  D=0x7ffffffffffffd30 A=0x7ffffffffffffce0
1589000: system.cpu: T0 : 0x3ff7e    : c_ldsp s1, 168(sp)         : MemRead :  D=0x0000000000071e60 A=0x7ffffffffffffcd8
1589500: system.cpu: T0 : 0x3ff80    : c_ldsp s2, 160(sp)         : MemRead :  D=0x0000000000000000 A=0x7ffffffffffffcd0
1590000: system.cpu: T0 : 0x3ff82    : c_ldsp s3, 152(sp)         : MemRead :  D=0x0000000000070fc0 A=0x7ffffffffffffcc8
1590500: system.cpu: T0 : 0x3ff84    : c_ldsp s4, 144(sp)         : MemRead :  D=0x0000000000072000 A=0x7ffffffffffffcc0
1591000: system.cpu: T0 : 0x3ff86    : c_ldsp s5, 136(sp)         : MemRead :  D=0x0000000000074000 A=0x7ffffffffffffcb8
1591500: system.cpu: T0 : 0x3ff88    : c_ldsp s6, 128(sp)         : MemRead :  D=0x0000000000074000 A=0x7ffffffffffffcb0
1592000: system.cpu: T0 : 0x3ff8a    : c_ldsp s7, 120(sp)         : MemRead :  D=0x0000000000000000 A=0x7ffffffffffffca8
1592500: system.cpu: T0 : 0x3ff8c    : c_ldsp s8, 112(sp)         : MemRead :  D=0x0000000000000000 A=0x7ffffffffffffca0
1593000: system.cpu: T0 : 0x3ff8e    : c_ldsp s9, 104(sp)         : MemRead :  D=0x0000000000000000 A=0x7ffffffffffffc98
1593500: system.cpu: T0 : 0x3ff90    : c_ldsp s10, 96(sp)         : MemRead :  D=0x0000000000000000 A=0x7ffffffffffffc90
1594000: system.cpu: T0 : 0x3ff92    : c_ldsp s11, 88(sp)         : MemRead :  D=0x0000000000000000 A=0x7ffffffffffffc88
1594500: system.cpu: T0 : 0x3ff94    : c_addi16sp sp, 192         : IntAlu :  D=0x7ffffffffffffcf0
1595000: system.cpu: T0 : 0x3ff96    : c_jr ra                    : IntAlu : 
1595500: system.cpu: T0 : 0x3d4e4    : c_mv a5, a0                : IntAlu :  D=0x0000000000076220
1596500: system.cpu: T0 : 0x3d4e6    : addi a0, zero, 40          : IntAlu :  D=0x0000000000000028
1597500: system.cpu: T0 : 0x3d4ea    : sd a5, 24(s3)              : MemWrite :  D=0x0000000000076220 A=0x70fd8
1598500: system.cpu: T0 : 0x3d4ee    : jal ra, -120346            : IntAlu :  D=0x000000000003d4f2
1599000: system.cpu: T0 : 0x1fed4    : ld t1, -1848(gp)           : MemRead :  D=0x0000000000000000 A=0x72bf8
1599500: system.cpu: T0 : 0x1fed8    : bne t1, zero, 260          : IntAlu : 
1600000: system.cpu: T0 : 0x1fedc    : c_addi sp, -32             : IntAlu :  D=0x7ffffffffffffcd0
1600500: system.cpu: T0 : 0x1fede    : c_sdsp s0, 16(sp)          : MemWrite :  D=0x7ffffffffffffd30 A=0x7ffffffffffffce0
1601000: system.cpu: T0 : 0x1fee0    : c_sdsp ra, 24(sp)          : MemWrite :  D=0x000000000003d4f2 A=0x7ffffffffffffce8
1601500: system.cpu: T0 : 0x1fee2    : c_sdsp s1, 8(sp)           : MemWrite :  D=0x0000000000071e60 A=0x7ffffffffffffcd8
1602000: system.cpu: T0 : 0x1fee4    : c_sdsp s2, 0(sp)           : MemWrite :  D=0x0000000000000000 A=0x7ffffffffffffcd0
1602500: system.cpu: T0 : 0x1fee6    : c_mv s0, a0                : IntAlu :  D=0x0000000000000028
1603000: system.cpu: T0 : 0x1fee8    : blt a0, zero, 222          : IntAlu : 
1603500: system.cpu: T0 : 0x1feec    : addi a5, a0, 23            : IntAlu :  D=0x000000000000003f
1604000: system.cpu: T0 : 0x1fef0    : c_li a4, 31                : IntAlu :  D=0x000000000000001f
1604500: system.cpu: T0 : 0x1fef2    : c_li s1, 0                 : IntAlu :  D=0x0000000000000000
1605000: system.cpu: T0 : 0x1fef4    : bltu a4, a5, 94            : IntAlu : 
1605500: system.cpu: T0 : 0x1ff52    : c_andi a5, 18446744073709551600 : IntAlu :  D=0x0000000000000030
1606000: system.cpu: T0 : 0x1ff54    : c_addi a5, -17             : IntAlu :  D=0x000000000000001f
1607000: system.cpu: T0 : 0x1ff56    : srli s1, a5, 4             : IntAlu :  D=0x0000000000000001
1607500: system.cpu: T0 : 0x1ff5a    : c_j -98                    : IntAlu : 
1608000: system.cpu: T0 : 0x1fef8    : ld a4, 40(tp)              : MemRead :  D=0x0000000000075f90 A=0x75738
1608500: system.cpu: T0 : 0x1fefc    : c_beqz a4, 96              : IntAlu : 
1609500: system.cpu: T0 : 0x1fefe    : lui a5, 113                : IntAlu :  D=0x0000000000071000
1610500: system.cpu: T0 : 0x1ff02    : ld a5, 1448(a5)            : MemRead :  D=0x0000000000000040 A=0x715a8
1611500: system.cpu: T0 : 0x1ff06    : bltu s1, a5, 114           : IntAlu : 
1612000: system.cpu: T0 : 0x1ff78    : slli a3, s1, 1             : IntAlu :  D=0x0000000000000002
1612500: system.cpu: T0 : 0x1ff7c    : c_add a3, a4               : IntAlu :  D=0x0000000000075f92
1613500: system.cpu: T0 : 0x1ff7e    : lhu a2, 0(a3)              : MemRead :  D=0x0000000000000000 A=0x75f92
1614000: system.cpu: T0 : 0x1ff82    : c_beqz a2, -120            : IntAlu : 
1615000: system.cpu: T0 : 0x1ff0a    : lw a5, -1808(tp)           : MemRead :  D=0x0000000000000000 A=0x75000
1615500: system.cpu: T0 : 0x1ff0e    : c_bnez a5, 210             : IntAlu : 
1616000: system.cpu: T0 : 0x1ff10    : lui s1, 113                : IntAlu :  D=0x0000000000071000
1616500: system.cpu: T0 : 0x1ff14    : c_mv a1, s0                : IntAlu :  D=0x0000000000000028
1617500: system.cpu: T0 : 0x1ff16    : addi a0, s1, 1480          : IntAlu :  D=0x00000000000715c8
1618500: system.cpu: T0 : 0x1ff1a    : jal ra, -5236              : IntAlu :  D=0x000000000001ff1e
1619000: system.cpu: T0 : 0x1eaa6    : c_addi16sp sp, -256        : IntAlu :  D=0x7ffffffffffffbd0
1619500: system.cpu: T0 : 0x1eaa8    : c_sdsp ra, 248(sp)         : MemWrite :  D=0x000000000001ff1e A=0x7ffffffffffffcc8
1620000: system.cpu: T0 : 0x1eaaa    : c_sdsp s0, 240(sp)         : MemWrite :  D=0x0000000000000028 A=0x7ffffffffffffcc0
1620500: system.cpu: T0 : 0x1eaac    : c_sdsp s1, 232(sp)         : MemWrite :  D=0x0000000000071000 A=0x7ffffffffffffcb8
1621000: system.cpu: T0 : 0x1eaae    : c_sdsp s2, 224(sp)         : MemWrite :  D=0x0000000000000000 A=0x7ffffffffffffcb0
1621500: system.cpu: T0 : 0x1eab0    : c_sdsp s3, 216(sp)         : MemWrite :  D=0x0000000000070fc0 A=0x7ffffffffffffca8
1622000: system.cpu: T0 : 0x1eab2    : c_sdsp s4, 208(sp)         : MemWrite :  D=0x0000000000072000 A=0x7ffffffffffffca0
1622500: system.cpu: T0 : 0x1eab4    : c_sdsp s5, 200(sp)         : MemWrite :  D=0x0000000000074000 A=0x7ffffffffffffc98
1623000: system.cpu: T0 : 0x1eab6    : c_sdsp s6, 192(sp)         : MemWrite :  D=0x0000000000074000 A=0x7ffffffffffffc90
1623500: system.cpu: T0 : 0x1eab8    : c_sdsp s7, 184(sp)         : MemWrite :  D=0x0000000000000000 A=0x7ffffffffffffc88
1624000: system.cpu: T0 : 0x1eaba    : c_sdsp s8, 176(sp)         : MemWrite :  D=0x0000000000000000 A=0x7ffffffffffffc80
1624500: system.cpu: T0 : 0x1eabc    : c_sdsp s9, 168(sp)         : MemWrite :  D=0x0000000000000000 A=0x7ffffffffffffc78
1625000: system.cpu: T0 : 0x1eabe    : c_sdsp s10, 160(sp)        : MemWrite :  D=0x0000000000000000 A=0x7ffffffffffffc70
1625500: system.cpu: T0 : 0x1eac0    : c_sdsp s11, 152(sp)        : MemWrite :  D=0x0000000000000000 A=0x7ffffffffffffc68
1626500: system.cpu: T0 : 0x1eac2    : blt a1, zero, 1198         : IntAlu : 
1627500: system.cpu: T0 : 0x1eac6    : addi s0, a1, 23            : IntAlu :  D=0x000000000000003f
1628000: system.cpu: T0 : 0x1eaca    : c_li a5, 31                : IntAlu :  D=0x000000000000001f
1628500: system.cpu: T0 : 0x1eacc    : c_mv s3, a1                : IntAlu :  D=0x0000000000000028
1629000: system.cpu: T0 : 0x1eace    : c_mv s1, a0                : IntAlu :  D=0x00000000000715c8
1629500: system.cpu: T0 : 0x1ead0    : bltu a5, s0, 220           : IntAlu : 
1630000: system.cpu: T0 : 0x1ebac    : c_andi s0, 18446744073709551600 : IntAlu :  D=0x0000000000000030
1631000: system.cpu: T0 : 0x1ebae    : beq a0, zero, 988          : IntAlu : 
1632000: system.cpu: T0 : 0x1ebb2    : ld a4, -1376(gp)           : MemRead :  D=0x0000000000000080 A=0x72dd0
1633000: system.cpu: T0 : 0x1ebb6    : srliw s9, s0, 4            : IntAlu :  D=0x0000000000000003
1634000: system.cpu: T0 : 0x1ebba    : srliw a5, s0, 4            : IntAlu :  D=0x0000000000000003
1635000: system.cpu: T0 : 0x1ebbe    : bgeu a4, s0, 506           : IntAlu : 
1635500: system.cpu: T0 : 0x1edb8    : c_addiw a5, -2             : IntAlu :  D=0x0000000000000001
1636500: system.cpu: T0 : 0x1edba    : slli a2, a5, 32            : IntAlu :  D=0x0000000100000000
1637000: system.cpu: T0 : 0x1edbe    : c_srli a2, 32              : IntAlu :  D=0x0000000000000001
1637500: system.cpu: T0 : 0x1edc0    : c_addi a2, 2               : IntAlu :  D=0x0000000000000003
1638000: system.cpu: T0 : 0x1edc2    : c_slli a2, 3               : IntAlu :  D=0x0000000000000018
1638500: system.cpu: T0 : 0x1edc4    : c_j -376                   : IntAlu : 
1639000: system.cpu: T0 : 0x1ec4c    : c_slli a5, 32              : IntAlu :  D=0x0000000100000000
1639500: system.cpu: T0 : 0x1ec4e    : c_srli a5, 29              : IntAlu :  D=0x0000000000000008
1640000: system.cpu: T0 : 0x1ec50    : c_add a5, s1               : IntAlu :  D=0x00000000000715d0
1641000: system.cpu: T0 : 0x1ec52    : ld s2, 16(a5)              : MemRead :  D=0x0000000000000000 A=0x715e0
1642000: system.cpu: T0 : 0x1ec56    : beq s2, zero, 170          : IntAlu : 
1642500: system.cpu: T0 : 0x1ed00    : addiw a5, s9, -1           : IntAlu :  D=0x0000000000000002
1643000: system.cpu: T0 : 0x1ed04    : slliw a5, a5, 1            : IntAlu :  D=0x0000000000000004
1643500: system.cpu: T0 : 0x1ed08    : c_slli a5, 32              : IntAlu :  D=0x0000000400000000
1644000: system.cpu: T0 : 0x1ed0a    : c_srli a5, 32              : IntAlu :  D=0x0000000000000004
1644500: system.cpu: T0 : 0x1ed0c    : c_addi a5, 14              : IntAlu :  D=0x0000000000000012
1645000: system.cpu: T0 : 0x1ed0e    : c_slli a5, 3               : IntAlu :  D=0x0000000000000090
1645500: system.cpu: T0 : 0x1ed10    : c_j -550                   : IntAlu : 
1646000: system.cpu: T0 : 0x1eaea    : c_add a5, s1               : IntAlu :  D=0x0000000000071658
1646500: system.cpu: T0 : 0x1eaec    : ld s2, 8(a5)               : MemRead :  D=0x0000000000071648 A=0x71660
1647000: system.cpu: T0 : 0x1eaf0    : addi a3, a5, -16           : IntAlu :  D=0x0000000000071648
1647500: system.cpu: T0 : 0x1eaf4    : beq a3, s2, 748            : IntAlu : 
1648000: system.cpu: T0 : 0x1ede0    : srli t1, s0, 9             : IntAlu :  D=0x0000000000000000
1648500: system.cpu: T0 : 0x1ede4    : addiw a5, t1, 91           : IntAlu :  D=0x000000000000005b
1649000: system.cpu: T0 : 0x1ede8    : srli s10, s0, 6            : IntAlu :  D=0x0000000000000000
1649500: system.cpu: T0 : 0x1edec    : c_sdsp a5, 96(sp)          : MemWrite :  D=0x000000000000005b A=0x7ffffffffffffc30
1650500: system.cpu: T0 : 0x1edee    : addiw a5, s10, 48          : IntAlu :  D=0x0000000000000030
1651000: system.cpu: T0 : 0x1edf2    : c_sdsp a5, 88(sp)          : MemWrite :  D=0x0000000000000030 A=0x7ffffffffffffc28
1651500: system.cpu: T0 : 0x1edf4    : addi a5, zero, 110         : IntAlu :  D=0x000000000000006e
1652000: system.cpu: T0 : 0x1edf8    : c_sdsp a5, 112(sp)         : MemWrite :  D=0x000000000000006e A=0x7ffffffffffffc40
1653000: system.cpu: T0 : 0x1edfa    : addi a5, zero, 119         : IntAlu :  D=0x0000000000000077
1653500: system.cpu: T0 : 0x1edfe    : c_sdsp a5, 104(sp)         : MemWrite :  D=0x0000000000000077 A=0x7ffffffffffffc38
1654000: system.cpu: T0 : 0x1ee00    : addi a5, zero, 124         : IntAlu :  D=0x000000000000007c
1654500: system.cpu: T0 : 0x1ee04    : c_sdsp s9, 8(sp)           : MemWrite :  D=0x0000000000000003 A=0x7ffffffffffffbd8
1655000: system.cpu: T0 : 0x1ee06    : c_sdsp a5, 120(sp)         : MemWrite :  D=0x000000000000007c A=0x7ffffffffffffc48
1655500: system.cpu: T0 : 0x1ee08    : c_sdsp zero, 128(sp)       : MemWrite :  D=0x0000000000000000 A=0x7ffffffffffffc50
1656000: system.cpu: T0 : 0x1ee0a    : c_sdsp zero, 136(sp)       : MemWrite :  D=0x0000000000000000 A=0x7ffffffffffffc58
1656500: system.cpu: T0 : 0x1ee0c    : ld a5, 40(tp)              : MemRead :  D=0x0000000000075f90 A=0x75738
1657000: system.cpu: T0 : 0x1ee10    : addi s6, s0, -17           : IntAlu :  D=0x000000000000001f
1657500: system.cpu: T0 : 0x1ee14    : srli s6, s6, 4             : IntAlu :  D=0x0000000000000001
1658000: system.cpu: T0 : 0x1ee18    : c_li s5, 0                 : IntAlu :  D=0x0000000000000000
1658500: system.cpu: T0 : 0x1ee1a    : c_beqz a5, 22              : IntAlu : 
1659000: system.cpu: T0 : 0x1ee1c    : lui a5, 113                : IntAlu :  D=0x0000000000071000
1659500: system.cpu: T0 : 0x1ee20    : ld s5, 1448(a5)            : MemRead :  D=0x0000000000000040 A=0x715a8
1660000: system.cpu: T0 : 0x1ee24    : sltu s5, s6, s5            : IntAlu :  D=0x0000000000000001
1660500: system.cpu: T0 : 0x1ee28    : sub s5, zero, s5           : IntAlu :  D=0xffffffffffffffff
1661000: system.cpu: T0 : 0x1ee2c    : and s5, s0, s5             : IntAlu :  D=0x0000000000000030
1661500: system.cpu: T0 : 0x1ee30    : lui a5, 113                : IntAlu :  D=0x0000000000071000
1662000: system.cpu: T0 : 0x1ee34    : c_lui s11, 1               : IntAlu :  D=0x0000000000001000
1663000: system.cpu: T0 : 0x1ee36    : lui s7, 113                : IntAlu :  D=0x0000000000071000
1664000: system.cpu: T0 : 0x1ee3a    : addi a5, a5, 1480          : IntAlu :  D=0x00000000000715c8
1665000: system.cpu: T0 : 0x1ee3e    : addi s8, s1, 96            : IntAlu :  D=0x0000000000071628
1665500: system.cpu: T0 : 0x1ee42    : c_li t5, 0                 : IntAlu :  D=0x0000000000000000
1666000: system.cpu: T0 : 0x1ee44    : addi s7, s7, 1368          : IntAlu :  D=0x0000000000071558
1666500: system.cpu: T0 : 0x1ee48    : add a7, s1, s11            : IntAlu :  D=0x00000000000725c8
1667000: system.cpu: T0 : 0x1ee4c    : c_sdsp a5, 56(sp)          : MemWrite :  D=0x00000000000715c8 A=0x7ffffffffffffc08
1667500: system.cpu: T0 : 0x1ee4e    : c_ld a5, 120(s1)           : MemRead :  D=0x0000000000071628 A=0x71640
1668000: system.cpu: T0 : 0x1ee50    : beq a5, s8, 532            : IntAlu : 
1668500: system.cpu: T0 : 0x1f064    : addi a5, zero, 1023        : IntAlu :  D=0x00000000000003ff
1669000: system.cpu: T0 : 0x1f068    : bgeu a5, s0, 38            : IntAlu : 
1669500: system.cpu: T0 : 0x1f08e    : c_ldsp a3, 8(sp)           : MemRead :  D=0x0000000000000003 A=0x7ffffffffffffbd8
1670000: system.cpu: T0 : 0x1f090    : c_li a0, 4                 : IntAlu :  D=0x0000000000000004
1671000: system.cpu: T0 : 0x1f092    : addiw a5, a3, 1            : IntAlu :  D=0x0000000000000004
1672000: system.cpu: T0 : 0x1f096    : srliw a4, a5, 5            : IntAlu :  D=0x0000000000000000
1673000: system.cpu: T0 : 0x1f09a    : slliw a3, a3, 1            : IntAlu :  D=0x0000000000000006
1674000: system.cpu: T0 : 0x1f09e    : addi a4, a4, 536           : IntAlu :  D=0x0000000000000218
1674500: system.cpu: T0 : 0x1f0a2    : c_slli a3, 32              : IntAlu :  D=0x0000000600000000
1675000: system.cpu: T0 : 0x1f0a4    : c_slli a4, 2               : IntAlu :  D=0x0000000000000860
1675500: system.cpu: T0 : 0x1f0a6    : c_srli a3, 32              : IntAlu :  D=0x0000000000000006
1676000: system.cpu: T0 : 0x1f0a8    : c_add a4, s1               : IntAlu :  D=0x0000000000071e28
1676500: system.cpu: T0 : 0x1f0aa    : c_slli a3, 3               : IntAlu :  D=0x0000000000000030
1677000: system.cpu: T0 : 0x1f0ac    : c_lw a2, 0(a4)             : MemRead :  D=0x0000000000000000 A=0x71e28
1678000: system.cpu: T0 : 0x1f0ae    : addi a3, a3, 96            : IntAlu :  D=0x0000000000000090
1678500: system.cpu: T0 : 0x1f0b2    : c_li a4, 1                 : IntAlu :  D=0x0000000000000001
1679000: system.cpu: T0 : 0x1f0b4    : srliw s2, a5, 5            : IntAlu :  D=0x0000000000000000
1679500: system.cpu: T0 : 0x1f0b8    : c_add a3, s1               : IntAlu :  D=0x0000000000071658
1680500: system.cpu: T0 : 0x1f0ba    : sllw a5, a4, a5            : IntAlu :  D=0x0000000000000010
1681500: system.cpu: T0 : 0x1f0be    : bltu a2, a5, 144           : IntAlu : 
1682500: system.cpu: T0 : 0x1f14e    : addiw a5, s2, 1            : IntAlu :  D=0x0000000000000001
1683500: system.cpu: T0 : 0x1f152    : addiw s2, a5, 0            : IntAlu :  D=0x0000000000000001
1684500: system.cpu: T0 : 0x1f156    : bne s2, a0, -26            : IntAlu : 
1685000: system.cpu: T0 : 0x1f13c    : c_slli a5, 32              : IntAlu :  D=0x0000000100000000
1685500: system.cpu: T0 : 0x1f13e    : c_srli a5, 32              : IntAlu :  D=0x0000000000000001
1686000: system.cpu: T0 : 0x1f140    : addi a5, a5, 536           : IntAlu :  D=0x0000000000000219
1686500: system.cpu: T0 : 0x1f144    : c_slli a5, 2               : IntAlu :  D=0x0000000000000864
1687000: system.cpu: T0 : 0x1f146    : c_add a5, s1               : IntAlu :  D=0x0000000000071e2c
1687500: system.cpu: T0 : 0x1f148    : c_lw a2, 0(a5)             : MemRead :  D=0x0000000000000000 A=0x71e2c
1688500: system.cpu: T0 : 0x1f14a    : bne a2, zero, 384          : IntAlu : 
1689500: system.cpu: T0 : 0x1f14e    : addiw a5, s2, 1            : IntAlu :  D=0x0000000000000002
1690500: system.cpu: T0 : 0x1f152    : addiw s2, a5, 0            : IntAlu :  D=0x0000000000000002
1691500: system.cpu: T0 : 0x1f156    : bne s2, a0, -26            : IntAlu : 
1692000: system.cpu: T0 : 0x1f13c    : c_slli a5, 32              : IntAlu :  D=0x0000000200000000
1692500: system.cpu: T0 : 0x1f13e    : c_srli a5, 32              : IntAlu :  D=0x0000000000000002
1693000: system.cpu: T0 : 0x1f140    : addi a5, a5, 536           : IntAlu :  D=0x000000000000021a
1693500: system.cpu: T0 : 0x1f144    : c_slli a5, 2               : IntAlu :  D=0x0000000000000868
1694000: system.cpu: T0 : 0x1f146    : c_add a5, s1               : IntAlu :  D=0x0000000000071e30
1694500: system.cpu: T0 : 0x1f148    : c_lw a2, 0(a5)             : MemRead :  D=0x0000000000000000 A=0x71e30
1695500: system.cpu: T0 : 0x1f14a    : bne a2, zero, 384          : IntAlu : 
1696500: system.cpu: T0 : 0x1f14e    : addiw a5, s2, 1            : IntAlu :  D=0x0000000000000003
1697500: system.cpu: T0 : 0x1f152    : addiw s2, a5, 0            : IntAlu :  D=0x0000000000000003
1698500: system.cpu: T0 : 0x1f156    : bne s2, a0, -26            : IntAlu : 
1699000: system.cpu: T0 : 0x1f13c    : c_slli a5, 32              : IntAlu :  D=0x0000000300000000
1699500: system.cpu: T0 : 0x1f13e    : c_srli a5, 32              : IntAlu :  D=0x0000000000000003
1700000: system.cpu: T0 : 0x1f140    : addi a5, a5, 536           : IntAlu :  D=0x000000000000021b
1700500: system.cpu: T0 : 0x1f144    : c_slli a5, 2               : IntAlu :  D=0x000000000000086c
1701000: system.cpu: T0 : 0x1f146    : c_add a5, s1               : IntAlu :  D=0x0000000000071e34
1701500: system.cpu: T0 : 0x1f148    : c_lw a2, 0(a5)             : MemRead :  D=0x0000000000000000 A=0x71e34
1702500: system.cpu: T0 : 0x1f14a    : bne a2, zero, 384          : IntAlu : 
1703500: system.cpu: T0 : 0x1f14e    : addiw a5, s2, 1            : IntAlu :  D=0x0000000000000004
1704500: system.cpu: T0 : 0x1f152    : addiw s2, a5, 0            : IntAlu :  D=0x0000000000000004
1705500: system.cpu: T0 : 0x1f156    : bne s2, a0, -26            : IntAlu : 
1706000: system.cpu: T0 : 0x1f15a    : c_ld a4, 96(s1)            : MemRead :  D=0x0000000000076240 A=0x71628
1706500: system.cpu: T0 : 0x1f15c    : ld a3, -1912(a7)           : MemRead :  D=0x0000000000021080 A=0x71e50
1707000: system.cpu: T0 : 0x1f160    : c_ld a5, 8(a4)             : MemRead :  D=0x0000000000020dc1 A=0x76248
1707500: system.cpu: T0 : 0x1f162    : c_andi a5, 18446744073709551608 : IntAlu :  D=0x0000000000020dc0
1708000: system.cpu: T0 : 0x1f164    : bltu a3, a5, 548           : IntAlu : 
1708500: system.cpu: T0 : 0x1f168    : addi a3, s0, 32            : IntAlu :  D=0x0000000000000050
1709000: system.cpu: T0 : 0x1f16c    : bgeu a5, a3, 640           : IntAlu : 
1709500: system.cpu: T0 : 0x1f3ec    : add a0, a4, s0             : IntAlu :  D=0x0000000000076270
1710000: system.cpu: T0 : 0x1f3f0    : lui a2, 113                : IntAlu :  D=0x0000000000071000
1710500: system.cpu: T0 : 0x1f3f4    : c_sd a0, 96(s1)            : MemWrite :  D=0x0000000000076270 A=0x71628
1711500: system.cpu: T0 : 0x1f3f6    : addi a2, a2, 1480          : IntAlu :  D=0x00000000000715c8
1712000: system.cpu: T0 : 0x1f3fa    : c_sub a5, s0               : IntAlu :  D=0x0000000000020d90
1712500: system.cpu: T0 : 0x1f3fc    : c_li a3, 4                 : IntAlu :  D=0x0000000000000004
1713500: system.cpu: T0 : 0x1f3fe    : beq s1, a2, 116            : IntAlu : 
1714000: system.cpu: T0 : 0x1f472    : c_li a3, 0                 : IntAlu :  D=0x0000000000000000
1714500: system.cpu: T0 : 0x1f474    : c_j -114                   : IntAlu : 
1715000: system.cpu: T0 : 0x1f402    : c_or a3, s0                : IntAlu :  D=0x0000000000000030
1715500: system.cpu: T0 : 0x1f404    : ori a3, a3, 1              : IntAlu :  D=0x0000000000000031
1716000: system.cpu: T0 : 0x1f408    : lw a1, -1396(gp)           : MemRead :  D=0x0000000000000000 A=0x72dbc
1716500: system.cpu: T0 : 0x1f40c    : c_sd a3, 8(a4)             : MemWrite :  D=0x0000000000000031 A=0x76248
1717500: system.cpu: T0 : 0x1f40e    : ori a5, a5, 1              : IntAlu :  D=0x0000000000020d91
1718000: system.cpu: T0 : 0x1f412    : c_sd a5, 8(a0)             : MemWrite :  D=0x0000000000020d91 A=0x76278
1718500: system.cpu: T0 : 0x1f414    : addi s2, a4, 16            : IntAlu :  D=0x0000000000076250
1719000: system.cpu: T0 : 0x1f418    : beq a1, zero, -1664        : IntAlu : 
1719500: system.cpu: T0 : 0x1ed98    : c_ldsp ra, 248(sp)         : MemRead :  D=0x000000000001ff1e A=0x7ffffffffffffcc8
1720000: system.cpu: T0 : 0x1ed9a    : c_ldsp s0, 240(sp)         : MemRead :  D=0x0000000000000028 A=0x7ffffffffffffcc0
1720500: system.cpu: T0 : 0x1ed9c    : c_ldsp s1, 232(sp)         : MemRead :  D=0x0000000000071000 A=0x7ffffffffffffcb8
1721000: system.cpu: T0 : 0x1ed9e    : c_ldsp s3, 216(sp)         : MemRead :  D=0x0000000000070fc0 A=0x7ffffffffffffca8
1721500: system.cpu: T0 : 0x1eda0    : c_ldsp s4, 208(sp)         : MemRead :  D=0x0000000000072000 A=0x7ffffffffffffca0
1722000: system.cpu: T0 : 0x1eda2    : c_ldsp s5, 200(sp)         : MemRead :  D=0x0000000000074000 A=0x7ffffffffffffc98
1722500: system.cpu: T0 : 0x1eda4    : c_ldsp s6, 192(sp)         : MemRead :  D=0x0000000000074000 A=0x7ffffffffffffc90
1723000: system.cpu: T0 : 0x1eda6    : c_ldsp s7, 184(sp)         : MemRead :  D=0x0000000000000000 A=0x7ffffffffffffc88
1723500: system.cpu: T0 : 0x1eda8    : c_ldsp s8, 176(sp)         : MemRead :  D=0x0000000000000000 A=0x7ffffffffffffc80
1724000: system.cpu: T0 : 0x1edaa    : c_ldsp s9, 168(sp)         : MemRead :  D=0x0000000000000000 A=0x7ffffffffffffc78
1724500: system.cpu: T0 : 0x1edac    : c_ldsp s10, 160(sp)        : MemRead :  D=0x0000000000000000 A=0x7ffffffffffffc70
1725000: system.cpu: T0 : 0x1edae    : c_ldsp s11, 152(sp)        : MemRead :  D=0x0000000000000000 A=0x7ffffffffffffc68
1725500: system.cpu: T0 : 0x1edb0    : c_mv a0, s2                : IntAlu :  D=0x0000000000076250
1726000: system.cpu: T0 : 0x1edb2    : c_ldsp s2, 224(sp)         : MemRead :  D=0x0000000000000000 A=0x7ffffffffffffcb0
1726500: system.cpu: T0 : 0x1edb4    : c_addi16sp sp, 256         : IntAlu :  D=0x7ffffffffffffcd0
1727000: system.cpu: T0 : 0x1edb6    : c_jr ra                    : IntAlu : 
1727500: system.cpu: T0 : 0x1ff1e    : c_mv a5, a0                : IntAlu :  D=0x0000000000076250
1728000: system.cpu: T0 : 0x1ff20    : c_beqz a0, 150             : IntAlu : 
1729000: system.cpu: T0 : 0x1ff22    : ld a4, -8(a0)              : MemRead :  D=0x0000000000000031 A=0x76248
1730000: system.cpu: T0 : 0x1ff26    : andi a3, a4, 2             : IntAlu :  D=0x0000000000000000
1730500: system.cpu: T0 : 0x1ff2a    : c_bnez a3, 26              : IntAlu : 
1731000: system.cpu: T0 : 0x1ff2c    : c_andi a4, 4               : IntAlu :  D=0x0000000000000000
1731500: system.cpu: T0 : 0x1ff2e    : c_beqz a4, 22              : IntAlu : 
1732000: system.cpu: T0 : 0x1ff44    : c_ldsp ra, 24(sp)          : MemRead :  D=0x000000000003d4f2 A=0x7ffffffffffffce8
1732500: system.cpu: T0 : 0x1ff46    : c_ldsp s0, 16(sp)          : MemRead :  D=0x7ffffffffffffd30 A=0x7ffffffffffffce0
1733000: system.cpu: T0 : 0x1ff48    : c_ldsp s1, 8(sp)           : MemRead :  D=0x0000000000071e60 A=0x7ffffffffffffcd8
1733500: system.cpu: T0 : 0x1ff4a    : c_ldsp s2, 0(sp)           : MemRead :  D=0x0000000000000000 A=0x7ffffffffffffcd0
1734000: system.cpu: T0 : 0x1ff4c    : c_mv a0, a5                : IntAlu :  D=0x0000000000076250
1734500: system.cpu: T0 : 0x1ff4e    : c_addi16sp sp, 32          : IntAlu :  D=0x7ffffffffffffcf0
1735000: system.cpu: T0 : 0x1ff50    : c_jr ra                    : IntAlu : 
1736000: system.cpu: T0 : 0x3d4f2    : sd a0, 32(s3)              : MemWrite :  D=0x0000000000076250 A=0x70fe0
1737000: system.cpu: T0 : 0x3d4f6    : beq a0, zero, 382          : IntAlu : 
1738000: system.cpu: T0 : 0x3d4fa    : ld s1, 16(s3)              : MemRead :  D=0x0000000000000002 A=0x70fd0
1739000: system.cpu: T0 : 0x3d4fe    : addi a7, zero, 40          : IntAlu :  D=0x0000000000000028
1739500: system.cpu: T0 : 0x3d502    : c_mv s5, a0                : IntAlu :  D=0x0000000000076250
1740000: system.cpu: T0 : 0x3d504    : slli s4, s1, 2             : IntAlu :  D=0x0000000000000008
1740500: system.cpu: T0 : 0x3d508    : addi s4, s4, 79            : IntAlu :  D=0x0000000000000057
1741000: system.cpu: T0 : 0x3d50c    : divu s4, s4, a7            : IntDiv :  D=0x0000000000000002
1741500: system.cpu: T0 : 0x3d510    : slli a7, s4, 2             : IntAlu :  D=0x0000000000000008
1742000: system.cpu: T0 : 0x3d514    : c_add s4, a7               : IntAlu :  D=0x000000000000000a
1743000: system.cpu: T0 : 0x3d516    : slli a0, s4, 5             : IntAlu :  D=0x0000000000000140
1744000: system.cpu: T0 : 0x3d51a    : jal ra, -120390            : IntAlu :  D=0x000000000003d51e
1744500: system.cpu: T0 : 0x1fed4    : ld t1, -1848(gp)           : MemRead :  D=0x0000000000000000 A=0x72bf8
1745000: system.cpu: T0 : 0x1fed8    : bne t1, zero, 260          : IntAlu : 
1745500: system.cpu: T0 : 0x1fedc    : c_addi sp, -32             : IntAlu :  D=0x7ffffffffffffcd0
1746000: system.cpu: T0 : 0x1fede    : c_sdsp s0, 16(sp)          : MemWrite :  D=0x7ffffffffffffd30 A=0x7ffffffffffffce0
1746500: system.cpu: T0 : 0x1fee0    : c_sdsp ra, 24(sp)          : MemWrite :  D=0x000000000003d51e A=0x7ffffffffffffce8
1747000: system.cpu: T0 : 0x1fee2    : c_sdsp s1, 8(sp)           : MemWrite :  D=0x0000000000000002 A=0x7ffffffffffffcd8
1747500: system.cpu: T0 : 0x1fee4    : c_sdsp s2, 0(sp)           : MemWrite :  D=0x0000000000000000 A=0x7ffffffffffffcd0
1748000: system.cpu: T0 : 0x1fee6    : c_mv s0, a0                : IntAlu :  D=0x0000000000000140
1748500: system.cpu: T0 : 0x1fee8    : blt a0, zero, 222          : IntAlu : 
1749000: system.cpu: T0 : 0x1feec    : addi a5, a0, 23            : IntAlu :  D=0x0000000000000157
1749500: system.cpu: T0 : 0x1fef0    : c_li a4, 31                : IntAlu :  D=0x000000000000001f
1750000: system.cpu: T0 : 0x1fef2    : c_li s1, 0                 : IntAlu :  D=0x0000000000000000
1750500: system.cpu: T0 : 0x1fef4    : bltu a4, a5, 94            : IntAlu : 
1751000: system.cpu: T0 : 0x1ff52    : c_andi a5, 18446744073709551600 : IntAlu :  D=0x0000000000000150
1751500: system.cpu: T0 : 0x1ff54    : c_addi a5, -17             : IntAlu :  D=0x000000000000013f
1752500: system.cpu: T0 : 0x1ff56    : srli s1, a5, 4             : IntAlu :  D=0x0000000000000013
1753000: system.cpu: T0 : 0x1ff5a    : c_j -98                    : IntAlu : 
1753500: system.cpu: T0 : 0x1fef8    : ld a4, 40(tp)              : MemRead :  D=0x0000000000075f90 A=0x75738
1754000: system.cpu: T0 : 0x1fefc    : c_beqz a4, 96              : IntAlu : 
1755000: system.cpu: T0 : 0x1fefe    : lui a5, 113                : IntAlu :  D=0x0000000000071000
1756000: system.cpu: T0 : 0x1ff02    : ld a5, 1448(a5)            : MemRead :  D=0x0000000000000040 A=0x715a8
1757000: system.cpu: T0 : 0x1ff06    : bltu s1, a5, 114           : IntAlu : 
1757500: system.cpu: T0 : 0x1ff78    : slli a3, s1, 1             : IntAlu :  D=0x0000000000000026
1758000: system.cpu: T0 : 0x1ff7c    : c_add a3, a4               : IntAlu :  D=0x0000000000075fb6
1759000: system.cpu: T0 : 0x1ff7e    : lhu a2, 0(a3)              : MemRead :  D=0x0000000000000000 A=0x75fb6
1759500: system.cpu: T0 : 0x1ff82    : c_beqz a2, -120            : IntAlu : 
1760500: system.cpu: T0 : 0x1ff0a    : lw a5, -1808(tp)           : MemRead :  D=0x0000000000000000 A=0x75000
1761000: system.cpu: T0 : 0x1ff0e    : c_bnez a5, 210             : IntAlu : 
1761500: system.cpu: T0 : 0x1ff10    : lui s1, 113                : IntAlu :  D=0x0000000000071000
1762000: system.cpu: T0 : 0x1ff14    : c_mv a1, s0                : IntAlu :  D=0x0000000000000140
1763000: system.cpu: T0 : 0x1ff16    : addi a0, s1, 1480          : IntAlu :  D=0x00000000000715c8
1764000: system.cpu: T0 : 0x1ff1a    : jal ra, -5236              : IntAlu :  D=0x000000000001ff1e
1764500: system.cpu: T0 : 0x1eaa6    : c_addi16sp sp, -256        : IntAlu :  D=0x7ffffffffffffbd0
1765000: system.cpu: T0 : 0x1eaa8    : c_sdsp ra, 248(sp)         : MemWrite :  D=0x000000000001ff1e A=0x7ffffffffffffcc8
1765500: system.cpu: T0 : 0x1eaaa    : c_sdsp s0, 240(sp)         : MemWrite :  D=0x0000000000000140 A=0x7ffffffffffffcc0
1766000: system.cpu: T0 : 0x1eaac    : c_sdsp s1, 232(sp)         : MemWrite :  D=0x0000000000071000 A=0x7ffffffffffffcb8
1766500: system.cpu: T0 : 0x1eaae    : c_sdsp s2, 224(sp)         : MemWrite :  D=0x0000000000000000 A=0x7ffffffffffffcb0
1767000: system.cpu: T0 : 0x1eab0    : c_sdsp s3, 216(sp)         : MemWrite :  D=0x0000000000070fc0 A=0x7ffffffffffffca8
1767500: system.cpu: T0 : 0x1eab2    : c_sdsp s4, 208(sp)         : MemWrite :  D=0x000000000000000a A=0x7ffffffffffffca0
1768000: system.cpu: T0 : 0x1eab4    : c_sdsp s5, 200(sp)         : MemWrite :  D=0x0000000000076250 A=0x7ffffffffffffc98
1768500: system.cpu: T0 : 0x1eab6    : c_sdsp s6, 192(sp)         : MemWrite :  D=0x0000000000074000 A=0x7ffffffffffffc90
1769000: system.cpu: T0 : 0x1eab8    : c_sdsp s7, 184(sp)         : MemWrite :  D=0x0000000000000000 A=0x7ffffffffffffc88
1769500: system.cpu: T0 : 0x1eaba    : c_sdsp s8, 176(sp)         : MemWrite :  D=0x0000000000000000 A=0x7ffffffffffffc80
1770000: system.cpu: T0 : 0x1eabc    : c_sdsp s9, 168(sp)         : MemWrite :  D=0x0000000000000000 A=0x7ffffffffffffc78
1770500: system.cpu: T0 : 0x1eabe    : c_sdsp s10, 160(sp)        : MemWrite :  D=0x0000000000000000 A=0x7ffffffffffffc70
1771000: system.cpu: T0 : 0x1eac0    : c_sdsp s11, 152(sp)        : MemWrite :  D=0x0000000000000000 A=0x7ffffffffffffc68
1772000: system.cpu: T0 : 0x1eac2    : blt a1, zero, 1198         : IntAlu : 
1773000: system.cpu: T0 : 0x1eac6    : addi s0, a1, 23            : IntAlu :  D=0x0000000000000157
1773500: system.cpu: T0 : 0x1eaca    : c_li a5, 31                : IntAlu :  D=0x000000000000001f
1774000: system.cpu: T0 : 0x1eacc    : c_mv s3, a1                : IntAlu :  D=0x0000000000000140
1774500: system.cpu: T0 : 0x1eace    : c_mv s1, a0                : IntAlu :  D=0x00000000000715c8
1775000: system.cpu: T0 : 0x1ead0    : bltu a5, s0, 220           : IntAlu : 
1775500: system.cpu: T0 : 0x1ebac    : c_andi s0, 18446744073709551600 : IntAlu :  D=0x0000000000000150
1776500: system.cpu: T0 : 0x1ebae    : beq a0, zero, 988          : IntAlu : 
1777500: system.cpu: T0 : 0x1ebb2    : ld a4, -1376(gp)           : MemRead :  D=0x0000000000000080 A=0x72dd0
1778500: system.cpu: T0 : 0x1ebb6    : srliw s9, s0, 4            : IntAlu :  D=0x0000000000000015
1779500: system.cpu: T0 : 0x1ebba    : srliw a5, s0, 4            : IntAlu :  D=0x0000000000000015
1780500: system.cpu: T0 : 0x1ebbe    : bgeu a4, s0, 506           : IntAlu : 
1781500: system.cpu: T0 : 0x1ebc2    : addi a4, zero, 1023        : IntAlu :  D=0x00000000000003ff
1782500: system.cpu: T0 : 0x1ebc6    : bgeu a4, s0, 1722          : IntAlu : 
1783000: system.cpu: T0 : 0x1f280    : c_addiw a5, -1             : IntAlu :  D=0x0000000000000014
1783500: system.cpu: T0 : 0x1f282    : c_j -1406                  : IntAlu : 
1784000: system.cpu: T0 : 0x1ed04    : slliw a5, a5, 1            : IntAlu :  D=0x0000000000000028
1784500: system.cpu: T0 : 0x1ed08    : c_slli a5, 32              : IntAlu :  D=0x0000002800000000
1785000: system.cpu: T0 : 0x1ed0a    : c_srli a5, 32              : IntAlu :  D=0x0000000000000028
1785500: system.cpu: T0 : 0x1ed0c    : c_addi a5, 14              : IntAlu :  D=0x0000000000000036
1786000: system.cpu: T0 : 0x1ed0e    : c_slli a5, 3               : IntAlu :  D=0x00000000000001b0
1786500: system.cpu: T0 : 0x1ed10    : c_j -550                   : IntAlu : 
1787000: system.cpu: T0 : 0x1eaea    : c_add a5, s1               : IntAlu :  D=0x0000000000071778
1787500: system.cpu: T0 : 0x1eaec    : ld s2, 8(a5)               : MemRead :  D=0x0000000000071768 A=0x71780
1788000: system.cpu: T0 : 0x1eaf0    : addi a3, a5, -16           : IntAlu :  D=0x0000000000071768
1788500: system.cpu: T0 : 0x1eaf4    : beq a3, s2, 748            : IntAlu : 
1789000: system.cpu: T0 : 0x1ede0    : srli t1, s0, 9             : IntAlu :  D=0x0000000000000000
1789500: system.cpu: T0 : 0x1ede4    : addiw a5, t1, 91           : IntAlu :  D=0x000000000000005b
1790000: system.cpu: T0 : 0x1ede8    : srli s10, s0, 6            : IntAlu :  D=0x0000000000000005
1790500: system.cpu: T0 : 0x1edec    : c_sdsp a5, 96(sp)          : MemWrite :  D=0x000000000000005b A=0x7ffffffffffffc30
1791500: system.cpu: T0 : 0x1edee    : addiw a5, s10, 48          : IntAlu :  D=0x0000000000000035
1792000: system.cpu: T0 : 0x1edf2    : c_sdsp a5, 88(sp)          : MemWrite :  D=0x0000000000000035 A=0x7ffffffffffffc28
1792500: system.cpu: T0 : 0x1edf4    : addi a5, zero, 110         : IntAlu :  D=0x000000000000006e
1793000: system.cpu: T0 : 0x1edf8    : c_sdsp a5, 112(sp)         : MemWrite :  D=0x000000000000006e A=0x7ffffffffffffc40
1794000: system.cpu: T0 : 0x1edfa    : addi a5, zero, 119         : IntAlu :  D=0x0000000000000077
1794500: system.cpu: T0 : 0x1edfe    : c_sdsp a5, 104(sp)         : MemWrite :  D=0x0000000000000077 A=0x7ffffffffffffc38
1795000: system.cpu: T0 : 0x1ee00    : addi a5, zero, 124         : IntAlu :  D=0x000000000000007c
1795500: system.cpu: T0 : 0x1ee04    : c_sdsp s9, 8(sp)           : MemWrite :  D=0x0000000000000015 A=0x7ffffffffffffbd8
1796000: system.cpu: T0 : 0x1ee06    : c_sdsp a5, 120(sp)         : MemWrite :  D=0x000000000000007c A=0x7ffffffffffffc48
1796500: system.cpu: T0 : 0x1ee08    : c_sdsp zero, 128(sp)       : MemWrite :  D=0x0000000000000000 A=0x7ffffffffffffc50
1797000: system.cpu: T0 : 0x1ee0a    : c_sdsp zero, 136(sp)       : MemWrite :  D=0x0000000000000000 A=0x7ffffffffffffc58
1797500: system.cpu: T0 : 0x1ee0c    : ld a5, 40(tp)              : MemRead :  D=0x0000000000075f90 A=0x75738
1798000: system.cpu: T0 : 0x1ee10    : addi s6, s0, -17           : IntAlu :  D=0x000000000000013f
1798500: system.cpu: T0 : 0x1ee14    : srli s6, s6, 4             : IntAlu :  D=0x0000000000000013
1799000: system.cpu: T0 : 0x1ee18    : c_li s5, 0                 : IntAlu :  D=0x0000000000000000
1799500: system.cpu: T0 : 0x1ee1a    : c_beqz a5, 22              : IntAlu : 
1800000: system.cpu: T0 : 0x1ee1c    : lui a5, 113                : IntAlu :  D=0x0000000000071000
1800500: system.cpu: T0 : 0x1ee20    : ld s5, 1448(a5)            : MemRead :  D=0x0000000000000040 A=0x715a8
1801000: system.cpu: T0 : 0x1ee24    : sltu s5, s6, s5            : IntAlu :  D=0x0000000000000001
1801500: system.cpu: T0 : 0x1ee28    : sub s5, zero, s5           : IntAlu :  D=0xffffffffffffffff
1802000: system.cpu: T0 : 0x1ee2c    : and s5, s0, s5             : IntAlu :  D=0x0000000000000150
1802500: system.cpu: T0 : 0x1ee30    : lui a5, 113                : IntAlu :  D=0x0000000000071000
1803000: system.cpu: T0 : 0x1ee34    : c_lui s11, 1               : IntAlu :  D=0x0000000000001000
1804000: system.cpu: T0 : 0x1ee36    : lui s7, 113                : IntAlu :  D=0x0000000000071000
1805000: system.cpu: T0 : 0x1ee3a    : addi a5, a5, 1480          : IntAlu :  D=0x00000000000715c8
1806000: system.cpu: T0 : 0x1ee3e    : addi s8, s1, 96            : IntAlu :  D=0x0000000000071628
1806500: system.cpu: T0 : 0x1ee42    : c_li t5, 0                 : IntAlu :  D=0x0000000000000000
1807000: system.cpu: T0 : 0x1ee44    : addi s7, s7, 1368          : IntAlu :  D=0x0000000000071558
1807500: system.cpu: T0 : 0x1ee48    : add a7, s1, s11            : IntAlu :  D=0x00000000000725c8
1808000: system.cpu: T0 : 0x1ee4c    : c_sdsp a5, 56(sp)          : MemWrite :  D=0x00000000000715c8 A=0x7ffffffffffffc08
1808500: system.cpu: T0 : 0x1ee4e    : c_ld a5, 120(s1)           : MemRead :  D=0x0000000000071628 A=0x71640
1809000: system.cpu: T0 : 0x1ee50    : beq a5, s8, 532            : IntAlu : 
1809500: system.cpu: T0 : 0x1f064    : addi a5, zero, 1023        : IntAlu :  D=0x00000000000003ff
1810000: system.cpu: T0 : 0x1f068    : bgeu a5, s0, 38            : IntAlu : 
1810500: system.cpu: T0 : 0x1f08e    : c_ldsp a3, 8(sp)           : MemRead :  D=0x0000000000000015 A=0x7ffffffffffffbd8
1811000: system.cpu: T0 : 0x1f090    : c_li a0, 4                 : IntAlu :  D=0x0000000000000004
1812000: system.cpu: T0 : 0x1f092    : addiw a5, a3, 1            : IntAlu :  D=0x0000000000000016
1813000: system.cpu: T0 : 0x1f096    : srliw a4, a5, 5            : IntAlu :  D=0x0000000000000000
1814000: system.cpu: T0 : 0x1f09a    : slliw a3, a3, 1            : IntAlu :  D=0x000000000000002a
1815000: system.cpu: T0 : 0x1f09e    : addi a4, a4, 536           : IntAlu :  D=0x0000000000000218
1815500: system.cpu: T0 : 0x1f0a2    : c_slli a3, 32              : IntAlu :  D=0x0000002a00000000
1816000: system.cpu: T0 : 0x1f0a4    : c_slli a4, 2               : IntAlu :  D=0x0000000000000860
1816500: system.cpu: T0 : 0x1f0a6    : c_srli a3, 32              : IntAlu :  D=0x000000000000002a
1817000: system.cpu: T0 : 0x1f0a8    : c_add a4, s1               : IntAlu :  D=0x0000000000071e28
1817500: system.cpu: T0 : 0x1f0aa    : c_slli a3, 3               : IntAlu :  D=0x0000000000000150
1818000: system.cpu: T0 : 0x1f0ac    : c_lw a2, 0(a4)             : MemRead :  D=0x0000000000000000 A=0x71e28
1819000: system.cpu: T0 : 0x1f0ae    : addi a3, a3, 96            : IntAlu :  D=0x00000000000001b0
1819500: system.cpu: T0 : 0x1f0b2    : c_li a4, 1                 : IntAlu :  D=0x0000000000000001
1820000: system.cpu: T0 : 0x1f0b4    : srliw s2, a5, 5            : IntAlu :  D=0x0000000000000000
1820500: system.cpu: T0 : 0x1f0b8    : c_add a3, s1               : IntAlu :  D=0x0000000000071778
1821500: system.cpu: T0 : 0x1f0ba    : sllw a5, a4, a5            : IntAlu :  D=0x0000000000400000
1822500: system.cpu: T0 : 0x1f0be    : bltu a2, a5, 144           : IntAlu : 
1823500: system.cpu: T0 : 0x1f14e    : addiw a5, s2, 1            : IntAlu :  D=0x0000000000000001
1824500: system.cpu: T0 : 0x1f152    : addiw s2, a5, 0            : IntAlu :  D=0x0000000000000001
1825500: system.cpu: T0 : 0x1f156    : bne s2, a0, -26            : IntAlu : 
1826000: system.cpu: T0 : 0x1f13c    : c_slli a5, 32              : IntAlu :  D=0x0000000100000000
1826500: system.cpu: T0 : 0x1f13e    : c_srli a5, 32              : IntAlu :  D=0x0000000000000001
1827000: system.cpu: T0 : 0x1f140    : addi a5, a5, 536           : IntAlu :  D=0x0000000000000219
1827500: system.cpu: T0 : 0x1f144    : c_slli a5, 2               : IntAlu :  D=0x0000000000000864
1828000: system.cpu: T0 : 0x1f146    : c_add a5, s1               : IntAlu :  D=0x0000000000071e2c
1828500: system.cpu: T0 : 0x1f148    : c_lw a2, 0(a5)             : MemRead :  D=0x0000000000000000 A=0x71e2c
1829500: system.cpu: T0 : 0x1f14a    : bne a2, zero, 384          : IntAlu : 
1830500: system.cpu: T0 : 0x1f14e    : addiw a5, s2, 1            : IntAlu :  D=0x0000000000000002
1831500: system.cpu: T0 : 0x1f152    : addiw s2, a5, 0            : IntAlu :  D=0x0000000000000002
1832500: system.cpu: T0 : 0x1f156    : bne s2, a0, -26            : IntAlu : 
1833000: system.cpu: T0 : 0x1f13c    : c_slli a5, 32              : IntAlu :  D=0x0000000200000000
1833500: system.cpu: T0 : 0x1f13e    : c_srli a5, 32              : IntAlu :  D=0x0000000000000002
1834000: system.cpu: T0 : 0x1f140    : addi a5, a5, 536           : IntAlu :  D=0x000000000000021a
1834500: system.cpu: T0 : 0x1f144    : c_slli a5, 2               : IntAlu :  D=0x0000000000000868
1835000: system.cpu: T0 : 0x1f146    : c_add a5, s1               : IntAlu :  D=0x0000000000071e30
1835500: system.cpu: T0 : 0x1f148    : c_lw a2, 0(a5)             : MemRead :  D=0x0000000000000000 A=0x71e30
1836500: system.cpu: T0 : 0x1f14a    : bne a2, zero, 384          : IntAlu : 
1837500: system.cpu: T0 : 0x1f14e    : addiw a5, s2, 1            : IntAlu :  D=0x0000000000000003
1838500: system.cpu: T0 : 0x1f152    : addiw s2, a5, 0            : IntAlu :  D=0x0000000000000003
1839500: system.cpu: T0 : 0x1f156    : bne s2, a0, -26            : IntAlu : 
1840000: system.cpu: T0 : 0x1f13c    : c_slli a5, 32              : IntAlu :  D=0x0000000300000000
1840500: system.cpu: T0 : 0x1f13e    : c_srli a5, 32              : IntAlu :  D=0x0000000000000003
1841000: system.cpu: T0 : 0x1f140    : addi a5, a5, 536           : IntAlu :  D=0x000000000000021b
1841500: system.cpu: T0 : 0x1f144    : c_slli a5, 2               : IntAlu :  D=0x000000000000086c
1842000: system.cpu: T0 : 0x1f146    : c_add a5, s1               : IntAlu :  D=0x0000000000071e34
1842500: system.cpu: T0 : 0x1f148    : c_lw a2, 0(a5)             : MemRead :  D=0x0000000000000000 A=0x71e34
1843500: system.cpu: T0 : 0x1f14a    : bne a2, zero, 384          : IntAlu : 
1844500: system.cpu: T0 : 0x1f14e    : addiw a5, s2, 1            : IntAlu :  D=0x0000000000000004
1845500: system.cpu: T0 : 0x1f152    : addiw s2, a5, 0            : IntAlu :  D=0x0000000000000004
1846500: system.cpu: T0 : 0x1f156    : bne s2, a0, -26            : IntAlu : 
1847000: system.cpu: T0 : 0x1f15a    : c_ld a4, 96(s1)            : MemRead :  D=0x0000000000076270 A=0x71628
1847500: system.cpu: T0 : 0x1f15c    : ld a3, -1912(a7)           : MemRead :  D=0x0000000000021080 A=0x71e50
1848000: system.cpu: T0 : 0x1f160    : c_ld a5, 8(a4)             : MemRead :  D=0x0000000000020d91 A=0x76278
1848500: system.cpu: T0 : 0x1f162    : c_andi a5, 18446744073709551608 : IntAlu :  D=0x0000000000020d90
1849000: system.cpu: T0 : 0x1f164    : bltu a3, a5, 548           : IntAlu : 
1849500: system.cpu: T0 : 0x1f168    : addi a3, s0, 32            : IntAlu :  D=0x0000000000000170
1850000: system.cpu: T0 : 0x1f16c    : bgeu a5, a3, 640           : IntAlu : 
1850500: system.cpu: T0 : 0x1f3ec    : add a0, a4, s0             : IntAlu :  D=0x00000000000763c0
1851000: system.cpu: T0 : 0x1f3f0    : lui a2, 113                : IntAlu :  D=0x0000000000071000
1851500: system.cpu: T0 : 0x1f3f4    : c_sd a0, 96(s1)            : MemWrite :  D=0x00000000000763c0 A=0x71628
1852500: system.cpu: T0 : 0x1f3f6    : addi a2, a2, 1480          : IntAlu :  D=0x00000000000715c8
1853000: system.cpu: T0 : 0x1f3fa    : c_sub a5, s0               : IntAlu :  D=0x0000000000020c40
1853500: system.cpu: T0 : 0x1f3fc    : c_li a3, 4                 : IntAlu :  D=0x0000000000000004
1854500: system.cpu: T0 : 0x1f3fe    : beq s1, a2, 116            : IntAlu : 
1855000: system.cpu: T0 : 0x1f472    : c_li a3, 0                 : IntAlu :  D=0x0000000000000000
1855500: system.cpu: T0 : 0x1f474    : c_j -114                   : IntAlu : 
1856000: system.cpu: T0 : 0x1f402    : c_or a3, s0                : IntAlu :  D=0x0000000000000150
1856500: system.cpu: T0 : 0x1f404    : ori a3, a3, 1              : IntAlu :  D=0x0000000000000151
1857000: system.cpu: T0 : 0x1f408    : lw a1, -1396(gp)           : MemRead :  D=0x0000000000000000 A=0x72dbc
1857500: system.cpu: T0 : 0x1f40c    : c_sd a3, 8(a4)             : MemWrite :  D=0x0000000000000151 A=0x76278
1858500: system.cpu: T0 : 0x1f40e    : ori a5, a5, 1              : IntAlu :  D=0x0000000000020c41
1859000: system.cpu: T0 : 0x1f412    : c_sd a5, 8(a0)             : MemWrite :  D=0x0000000000020c41 A=0x763c8
1859500: system.cpu: T0 : 0x1f414    : addi s2, a4, 16            : IntAlu :  D=0x0000000000076280
1860000: system.cpu: T0 : 0x1f418    : beq a1, zero, -1664        : IntAlu : 
1860500: system.cpu: T0 : 0x1ed98    : c_ldsp ra, 248(sp)         : MemRead :  D=0x000000000001ff1e A=0x7ffffffffffffcc8
1861000: system.cpu: T0 : 0x1ed9a    : c_ldsp s0, 240(sp)         : MemRead :  D=0x0000000000000140 A=0x7ffffffffffffcc0
1861500: system.cpu: T0 : 0x1ed9c    : c_ldsp s1, 232(sp)         : MemRead :  D=0x0000000000071000 A=0x7ffffffffffffcb8
1862000: system.cpu: T0 : 0x1ed9e    : c_ldsp s3, 216(sp)         : MemRead :  D=0x0000000000070fc0 A=0x7ffffffffffffca8
1862500: system.cpu: T0 : 0x1eda0    : c_ldsp s4, 208(sp)         : MemRead :  D=0x000000000000000a A=0x7ffffffffffffca0
1863000: system.cpu: T0 : 0x1eda2    : c_ldsp s5, 200(sp)         : MemRead :  D=0x0000000000076250 A=0x7ffffffffffffc98
1863500: system.cpu: T0 : 0x1eda4    : c_ldsp s6, 192(sp)         : MemRead :  D=0x0000000000074000 A=0x7ffffffffffffc90
1864000: system.cpu: T0 : 0x1eda6    : c_ldsp s7, 184(sp)         : MemRead :  D=0x0000000000000000 A=0x7ffffffffffffc88
1864500: system.cpu: T0 : 0x1eda8    : c_ldsp s8, 176(sp)         : MemRead :  D=0x0000000000000000 A=0x7ffffffffffffc80
1865000: system.cpu: T0 : 0x1edaa    : c_ldsp s9, 168(sp)         : MemRead :  D=0x0000000000000000 A=0x7ffffffffffffc78
1865500: system.cpu: T0 : 0x1edac    : c_ldsp s10, 160(sp)        : MemRead :  D=0x0000000000000000 A=0x7ffffffffffffc70
1866000: system.cpu: T0 : 0x1edae    : c_ldsp s11, 152(sp)        : MemRead :  D=0x0000000000000000 A=0x7ffffffffffffc68
1866500: system.cpu: T0 : 0x1edb0    : c_mv a0, s2                : IntAlu :  D=0x0000000000076280
1867000: system.cpu: T0 : 0x1edb2    : c_ldsp s2, 224(sp)         : MemRead :  D=0x0000000000000000 A=0x7ffffffffffffcb0
1867500: system.cpu: T0 : 0x1edb4    : c_addi16sp sp, 256         : IntAlu :  D=0x7ffffffffffffcd0
1868000: system.cpu: T0 : 0x1edb6    : c_jr ra                    : IntAlu : 
1868500: system.cpu: T0 : 0x1ff1e    : c_mv a5, a0                : IntAlu :  D=0x0000000000076280
1869000: system.cpu: T0 : 0x1ff20    : c_beqz a0, 150             : IntAlu : 
1870000: system.cpu: T0 : 0x1ff22    : ld a4, -8(a0)              : MemRead :  D=0x0000000000000151 A=0x76278
1871000: system.cpu: T0 : 0x1ff26    : andi a3, a4, 2             : IntAlu :  D=0x0000000000000000
1871500: system.cpu: T0 : 0x1ff2a    : c_bnez a3, 26              : IntAlu : 
1872000: system.cpu: T0 : 0x1ff2c    : c_andi a4, 4               : IntAlu :  D=0x0000000000000000
1872500: system.cpu: T0 : 0x1ff2e    : c_beqz a4, 22              : IntAlu : 
1873000: system.cpu: T0 : 0x1ff44    : c_ldsp ra, 24(sp)          : MemRead :  D=0x000000000003d51e A=0x7ffffffffffffce8
1873500: system.cpu: T0 : 0x1ff46    : c_ldsp s0, 16(sp)          : MemRead :  D=0x7ffffffffffffd30 A=0x7ffffffffffffce0
1874000: system.cpu: T0 : 0x1ff48    : c_ldsp s1, 8(sp)           : MemRead :  D=0x0000000000000002 A=0x7ffffffffffffcd8
1874500: system.cpu: T0 : 0x1ff4a    : c_ldsp s2, 0(sp)           : MemRead :  D=0x0000000000000000 A=0x7ffffffffffffcd0
1875000: system.cpu: T0 : 0x1ff4c    : c_mv a0, a5                : IntAlu :  D=0x0000000000076280
1875500: system.cpu: T0 : 0x1ff4e    : c_addi16sp sp, 32          : IntAlu :  D=0x7ffffffffffffcf0
1876000: system.cpu: T0 : 0x1ff50    : c_jr ra                    : IntAlu : 
1877000: system.cpu: T0 : 0x3d51e    : sd a0, 0(s5)               : MemWrite :  D=0x0000000000076280 A=0x76250
1877500: system.cpu: T0 : 0x3d522    : c_mv a2, a0                : IntAlu :  D=0x0000000000076280
1878000: system.cpu: T0 : 0x3d524    : beq a0, zero, 386          : IntAlu : 
1878500: system.cpu: T0 : 0x3d528    : lui a5, 116                : IntAlu :  D=0x0000000000074000
1879000: system.cpu: T0 : 0x3d52c    : lui a3, 100                : IntAlu :  D=0x0000000000064000
1879500: system.cpu: T0 : 0x3d530    : lui a0, 100                : IntAlu :  D=0x0000000000064000
1880000: system.cpu: T0 : 0x3d534    : addi a3, a3, -560          : IntAlu :  D=0x0000000000063dd0
1880500: system.cpu: T0 : 0x3d538    : addi a0, a0, -1008         : IntAlu :  D=0x0000000000063c10
1881000: system.cpu: T0 : 0x3d53c    : sd a2, 744(a5)             : MemWrite :  D=0x0000000000076280 A=0x742e8
1881500: system.cpu: T0 : 0x3d540    : c_li a5, 23                : IntAlu :  D=0x0000000000000017
1882000: system.cpu: T0 : 0x3d542    : c_sd a3, 24(a2)            : MemWrite :  D=0x0000000000063dd0 A=0x76298
1882500: system.cpu: T0 : 0x3d544    : addi a6, a3, 72            : IntAlu :  D=0x0000000000063e18
1883000: system.cpu: T0 : 0x3d548    : sw zero, 40(s3)            : MemWrite :  D=0x0000000000000000 A=0x70fe8
1883500: system.cpu: T0 : 0x3d54c    : addi a1, s5, 8             : IntAlu :  D=0x0000000000076258
1884000: system.cpu: T0 : 0x3d550    : c_sd a0, 8(a2)             : MemWrite :  D=0x0000000000063c10 A=0x76288
1885000: system.cpu: T0 : 0x3d552    : sd zero, 16(a2)            : MemWrite :  D=0x0000000000000000 A=0x76290
1885500: system.cpu: T0 : 0x3d556    : c_sd a5, 32(a2)            : MemWrite :  D=0x0000000000000017 A=0x762a0
1886000: system.cpu: T0 : 0x3d558    : slli a7, s4, 3             : IntAlu :  D=0x0000000000000050
1886500: system.cpu: T0 : 0x3d55c    : addi t3, s5, 32            : IntAlu :  D=0x0000000000076270
1887000: system.cpu: T0 : 0x3d560    : c_addi a3, 24              : IntAlu :  D=0x0000000000063de8
1888000: system.cpu: T0 : 0x3d562    : addi t4, zero, 47          : IntAlu :  D=0x000000000000002f
1889000: system.cpu: T0 : 0x3d566    : addi a4, a2, 40            : IntAlu :  D=0x00000000000762a8
1889500: system.cpu: T0 : 0x3d56a    : c_li a5, 0                 : IntAlu :  D=0x0000000000000000
1890000: system.cpu: T0 : 0x3d56c    : c_beqz s1, 14              : IntAlu : 
1891000: system.cpu: T0 : 0x3d56e    : sw zero, 0(a4)             : MemWrite :  D=0x0000000000000000 A=0x762a8
1891500: system.cpu: T0 : 0x3d572    : c_addi a5, 1               : IntAlu :  D=0x0000000000000001
1892000: system.cpu: T0 : 0x3d574    : c_addi a4, 4               : IntAlu :  D=0x00000000000762ac
1893000: system.cpu: T0 : 0x3d576    : bne s1, a5, -8             : IntAlu : 
1894000: system.cpu: T0 : 0x3d56e    : sw zero, 0(a4)             : MemWrite :  D=0x0000000000000000 A=0x762ac
1894500: system.cpu: T0 : 0x3d572    : c_addi a5, 1               : IntAlu :  D=0x0000000000000002
1895000: system.cpu: T0 : 0x3d574    : c_addi a4, 4               : IntAlu :  D=0x00000000000762b0
1896000: system.cpu: T0 : 0x3d576    : bne s1, a5, -8             : IntAlu : 
1897000: system.cpu: T0 : 0x3d57a    : beq t3, a1, 48             : IntAlu : 
1898000: system.cpu: T0 : 0x3d57e    : ld a4, 8(a6)               : MemRead :  D=0x000000000000001b A=0x63e20
1899000: system.cpu: T0 : 0x3d582    : add a5, a2, a7             : IntAlu :  D=0x00000000000762d0
1900000: system.cpu: T0 : 0x3d586    : lbu t1, 0(a3)              : MemRead :  D=0x000000000000002f A=0x63de8
1900500: system.cpu: T0 : 0x3d58a    : c_sd a5, 0(a2)             : MemWrite :  D=0x00000000000762d0 A=0x76280
1901000: system.cpu: T0 : 0x3d58c    : c_sd a3, 24(a5)            : MemWrite :  D=0x0000000000063de8 A=0x762e8
1902000: system.cpu: T0 : 0x3d58e    : addi a2, a4, 1             : IntAlu :  D=0x000000000000001c
1902500: system.cpu: T0 : 0x3d592    : c_sd a5, 0(a1)             : MemWrite :  D=0x00000000000762d0 A=0x76258
1903000: system.cpu: T0 : 0x3d594    : c_sd a0, 8(a5)             : MemWrite :  D=0x0000000000063c10 A=0x762d8
1904000: system.cpu: T0 : 0x3d596    : sd zero, 16(a5)            : MemWrite :  D=0x0000000000000000 A=0x762e0
1904500: system.cpu: T0 : 0x3d59a    : c_sd a4, 32(a5)            : MemWrite :  D=0x000000000000001b A=0x762f0
1905000: system.cpu: T0 : 0x3d59c    : c_addi a1, 8               : IntAlu :  D=0x0000000000076260
1905500: system.cpu: T0 : 0x3d59e    : c_add a3, a2               : IntAlu :  D=0x0000000000063e04
1906000: system.cpu: T0 : 0x3d5a0    : c_addi a6, 8               : IntAlu :  D=0x0000000000063e20
1907000: system.cpu: T0 : 0x3d5a2    : bne t1, t4, 228            : IntAlu : 
1907500: system.cpu: T0 : 0x3d5a6    : c_mv a2, a5                : IntAlu :  D=0x00000000000762d0
1908000: system.cpu: T0 : 0x3d5a8    : c_j -66                    : IntAlu : 
1909000: system.cpu: T0 : 0x3d566    : addi a4, a2, 40            : IntAlu :  D=0x00000000000762f8
1909500: system.cpu: T0 : 0x3d56a    : c_li a5, 0                 : IntAlu :  D=0x0000000000000000
1910000: system.cpu: T0 : 0x3d56c    : c_beqz s1, 14              : IntAlu : 
1911000: system.cpu: T0 : 0x3d56e    : sw zero, 0(a4)             : MemWrite :  D=0x0000000000000000 A=0x762f8
1911500: system.cpu: T0 : 0x3d572    : c_addi a5, 1               : IntAlu :  D=0x0000000000000001
1912000: system.cpu: T0 : 0x3d574    : c_addi a4, 4               : IntAlu :  D=0x00000000000762fc
1913000: system.cpu: T0 : 0x3d576    : bne s1, a5, -8             : IntAlu : 
1914000: system.cpu: T0 : 0x3d56e    : sw zero, 0(a4)             : MemWrite :  D=0x0000000000000000 A=0x762fc
1914500: system.cpu: T0 : 0x3d572    : c_addi a5, 1               : IntAlu :  D=0x0000000000000002
1915000: system.cpu: T0 : 0x3d574    : c_addi a4, 4               : IntAlu :  D=0x0000000000076300
1916000: system.cpu: T0 : 0x3d576    : bne s1, a5, -8             : IntAlu : 
1917000: system.cpu: T0 : 0x3d57a    : beq t3, a1, 48             : IntAlu : 
1918000: system.cpu: T0 : 0x3d57e    : ld a4, 8(a6)               : MemRead :  D=0x0000000000000005 A=0x63e28
1919000: system.cpu: T0 : 0x3d582    : add a5, a2, a7             : IntAlu :  D=0x0000000000076320
1920000: system.cpu: T0 : 0x3d586    : lbu t1, 0(a3)              : MemRead :  D=0x000000000000002f A=0x63e04
1920500: system.cpu: T0 : 0x3d58a    : c_sd a5, 0(a2)             : MemWrite :  D=0x0000000000076320 A=0x762d0
1921000: system.cpu: T0 : 0x3d58c    : c_sd a3, 24(a5)            : MemWrite :  D=0x0000000000063e04 A=0x76338
1922000: system.cpu: T0 : 0x3d58e    : addi a2, a4, 1             : IntAlu :  D=0x0000000000000006
1922500: system.cpu: T0 : 0x3d592    : c_sd a5, 0(a1)             : MemWrite :  D=0x0000000000076320 A=0x76260
1923000: system.cpu: T0 : 0x3d594    : c_sd a0, 8(a5)             : MemWrite :  D=0x0000000000063c10 A=0x76328
1924000: system.cpu: T0 : 0x3d596    : sd zero, 16(a5)            : MemWrite :  D=0x0000000000000000 A=0x76330
1924500: system.cpu: T0 : 0x3d59a    : c_sd a4, 32(a5)            : MemWrite :  D=0x0000000000000005 A=0x76340
1925000: system.cpu: T0 : 0x3d59c    : c_addi a1, 8               : IntAlu :  D=0x0000000000076268
1925500: system.cpu: T0 : 0x3d59e    : c_add a3, a2               : IntAlu :  D=0x0000000000063e0a
1926000: system.cpu: T0 : 0x3d5a0    : c_addi a6, 8               : IntAlu :  D=0x0000000000063e28
1927000: system.cpu: T0 : 0x3d5a2    : bne t1, t4, 228            : IntAlu : 
1927500: system.cpu: T0 : 0x3d5a6    : c_mv a2, a5                : IntAlu :  D=0x0000000000076320
1928000: system.cpu: T0 : 0x3d5a8    : c_j -66                    : IntAlu : 
1929000: system.cpu: T0 : 0x3d566    : addi a4, a2, 40            : IntAlu :  D=0x0000000000076348
1929500: system.cpu: T0 : 0x3d56a    : c_li a5, 0                 : IntAlu :  D=0x0000000000000000
1930000: system.cpu: T0 : 0x3d56c    : c_beqz s1, 14              : IntAlu : 
1931000: system.cpu: T0 : 0x3d56e    : sw zero, 0(a4)             : MemWrite :  D=0x0000000000000000 A=0x76348
1931500: system.cpu: T0 : 0x3d572    : c_addi a5, 1               : IntAlu :  D=0x0000000000000001
1932000: system.cpu: T0 : 0x3d574    : c_addi a4, 4               : IntAlu :  D=0x000000000007634c
1933000: system.cpu: T0 : 0x3d576    : bne s1, a5, -8             : IntAlu : 
1934000: system.cpu: T0 : 0x3d56e    : sw zero, 0(a4)             : MemWrite :  D=0x0000000000000000 A=0x7634c
1934500: system.cpu: T0 : 0x3d572    : c_addi a5, 1               : IntAlu :  D=0x0000000000000002
1935000: system.cpu: T0 : 0x3d574    : c_addi a4, 4               : IntAlu :  D=0x0000000000076350
1936000: system.cpu: T0 : 0x3d576    : bne s1, a5, -8             : IntAlu : 
1937000: system.cpu: T0 : 0x3d57a    : beq t3, a1, 48             : IntAlu : 
1938000: system.cpu: T0 : 0x3d57e    : ld a4, 8(a6)               : MemRead :  D=0x0000000000000009 A=0x63e30
1939000: system.cpu: T0 : 0x3d582    : add a5, a2, a7             : IntAlu :  D=0x0000000000076370
1940000: system.cpu: T0 : 0x3d586    : lbu t1, 0(a3)              : MemRead :  D=0x000000000000002f A=0x63e0a
1940500: system.cpu: T0 : 0x3d58a    : c_sd a5, 0(a2)             : MemWrite :  D=0x0000000000076370 A=0x76320
1941000: system.cpu: T0 : 0x3d58c    : c_sd a3, 24(a5)            : MemWrite :  D=0x0000000000063e0a A=0x76388
1942000: system.cpu: T0 : 0x3d58e    : addi a2, a4, 1             : IntAlu :  D=0x000000000000000a
1942500: system.cpu: T0 : 0x3d592    : c_sd a5, 0(a1)             : MemWrite :  D=0x0000000000076370 A=0x76268
1943000: system.cpu: T0 : 0x3d594    : c_sd a0, 8(a5)             : MemWrite :  D=0x0000000000063c10 A=0x76378
1944000: system.cpu: T0 : 0x3d596    : sd zero, 16(a5)            : MemWrite :  D=0x0000000000000000 A=0x76380
1944500: system.cpu: T0 : 0x3d59a    : c_sd a4, 32(a5)            : MemWrite :  D=0x0000000000000009 A=0x76390
1945000: system.cpu: T0 : 0x3d59c    : c_addi a1, 8               : IntAlu :  D=0x0000000000076270
1945500: system.cpu: T0 : 0x3d59e    : c_add a3, a2               : IntAlu :  D=0x0000000000063e14
1946000: system.cpu: T0 : 0x3d5a0    : c_addi a6, 8               : IntAlu :  D=0x0000000000063e30
1947000: system.cpu: T0 : 0x3d5a2    : bne t1, t4, 228            : IntAlu : 
1947500: system.cpu: T0 : 0x3d5a6    : c_mv a2, a5                : IntAlu :  D=0x0000000000076370
1948000: system.cpu: T0 : 0x3d5a8    : c_j -66                    : IntAlu : 
1949000: system.cpu: T0 : 0x3d566    : addi a4, a2, 40            : IntAlu :  D=0x0000000000076398
1949500: system.cpu: T0 : 0x3d56a    : c_li a5, 0                 : IntAlu :  D=0x0000000000000000
1950000: system.cpu: T0 : 0x3d56c    : c_beqz s1, 14              : IntAlu : 
1951000: system.cpu: T0 : 0x3d56e    : sw zero, 0(a4)             : MemWrite :  D=0x0000000000000000 A=0x76398
1951500: system.cpu: T0 : 0x3d572    : c_addi a5, 1               : IntAlu :  D=0x0000000000000001
1952000: system.cpu: T0 : 0x3d574    : c_addi a4, 4               : IntAlu :  D=0x000000000007639c
1953000: system.cpu: T0 : 0x3d576    : bne s1, a5, -8             : IntAlu : 
1954000: system.cpu: T0 : 0x3d56e    : sw zero, 0(a4)             : MemWrite :  D=0x0000000000000000 A=0x7639c
1954500: system.cpu: T0 : 0x3d572    : c_addi a5, 1               : IntAlu :  D=0x0000000000000002
1955000: system.cpu: T0 : 0x3d574    : c_addi a4, 4               : IntAlu :  D=0x00000000000763a0
1956000: system.cpu: T0 : 0x3d576    : bne s1, a5, -8             : IntAlu : 
1957000: system.cpu: T0 : 0x3d57a    : beq t3, a1, 48             : IntAlu : 
1957500: system.cpu: T0 : 0x3d5aa    : c_li a4, 27                : IntAlu :  D=0x000000000000001b
1958000: system.cpu: T0 : 0x3d5ac    : sd zero, 0(a2)             : MemWrite :  D=0x0000000000000000 A=0x76370
1958500: system.cpu: T0 : 0x3d5b0    : sd a4, -1192(gp)           : MemWrite :  D=0x000000000000001b A=0x72e88
1959000: system.cpu: T0 : 0x3d5b4    : sd zero, 32(s5)            : MemWrite :  D=0x0000000000000000 A=0x76270
1959500: system.cpu: T0 : 0x3d5b8    : beq s2, zero, 10           : IntAlu : 
1960000: system.cpu: T0 : 0x3d5c2    : c_li a5, -1                : IntAlu :  D=0xffffffffffffffff
1960500: system.cpu: T0 : 0x3d5c4    : sd a5, 48(s3)              : MemWrite :  D=0xffffffffffffffff A=0x70ff0
1961000: system.cpu: T0 : 0x3d5c8    : addi sp, s0, -64           : IntAlu :  D=0x7ffffffffffffcf0
1961500: system.cpu: T0 : 0x3d5cc    : c_ldsp ra, 56(sp)          : MemRead :  D=0x0000000000024eb2 A=0x7ffffffffffffd28
1962000: system.cpu: T0 : 0x3d5ce    : c_ldsp s0, 48(sp)          : MemRead :  D=0x0000000000070f80 A=0x7ffffffffffffd20
1962500: system.cpu: T0 : 0x3d5d0    : c_ldsp s1, 40(sp)          : MemRead :  D=0x0000000000071e60 A=0x7ffffffffffffd18
1963000: system.cpu: T0 : 0x3d5d2    : c_ldsp s2, 32(sp)          : MemRead :  D=0x0000000000074000 A=0x7ffffffffffffd10
1963500: system.cpu: T0 : 0x3d5d4    : c_ldsp s3, 24(sp)          : MemRead :  D=0x0000000000074000 A=0x7ffffffffffffd08
1964000: system.cpu: T0 : 0x3d5d6    : c_ldsp s4, 16(sp)          : MemRead :  D=0x0000000000072000 A=0x7ffffffffffffd00
1964500: system.cpu: T0 : 0x3d5d8    : c_ldsp s5, 8(sp)           : MemRead :  D=0x0000000000074000 A=0x7ffffffffffffcf8
1965000: system.cpu: T0 : 0x3d5da    : c_addi16sp sp, 64          : IntAlu :  D=0x7ffffffffffffd30
1965500: system.cpu: T0 : 0x3d5dc    : c_jr ra                    : IntAlu : 
1966500: system.cpu: T0 : 0x24eb2    : lui a5, 116                : IntAlu :  D=0x0000000000074000
1967500: system.cpu: T0 : 0x24eb6    : ld a4, 744(a5)             : MemRead :  D=0x0000000000076280 A=0x742e8
1968500: system.cpu: T0 : 0x24eba    : lui a0, 82                 : IntAlu :  D=0x0000000000052000
1969500: system.cpu: T0 : 0x24ebe    : lui a5, 116                : IntAlu :  D=0x0000000000074000
1970500: system.cpu: T0 : 0x24ec2    : addi a0, a0, 1216          : IntAlu :  D=0x00000000000524c0
1971500: system.cpu: T0 : 0x24ec6    : sd a4, 704(a5)             : MemWrite :  D=0x0000000000076280 A=0x742c0
1972500: system.cpu: T0 : 0x24eca    : jal ra, -57858             : IntAlu :  D=0x0000000000024ece
1973000: system.cpu: T0 : 0x16cc8    : c_addi16sp sp, -64         : IntAlu :  D=0x7ffffffffffffcf0
1973500: system.cpu: T0 : 0x16cca    : c_sdsp s1, 40(sp)          : MemWrite :  D=0x0000000000071e60 A=0x7ffffffffffffd18
1974000: system.cpu: T0 : 0x16ccc    : ld s1, -1360(gp)           : MemRead :  D=0x7fffffffffffff48 A=0x72de0
1974500: system.cpu: T0 : 0x16cd0    : c_sdsp ra, 56(sp)          : MemWrite :  D=0x0000000000024ece A=0x7ffffffffffffd28
1975000: system.cpu: T0 : 0x16cd2    : c_sdsp s0, 48(sp)          : MemWrite :  D=0x0000000000070f80 A=0x7ffffffffffffd20
1975500: system.cpu: T0 : 0x16cd4    : c_sdsp s2, 32(sp)          : MemWrite :  D=0x0000000000074000 A=0x7ffffffffffffd10
1976000: system.cpu: T0 : 0x16cd6    : c_sdsp s3, 24(sp)          : MemWrite :  D=0x0000000000074000 A=0x7ffffffffffffd08
1976500: system.cpu: T0 : 0x16cd8    : c_sdsp s4, 16(sp)          : MemWrite :  D=0x0000000000072000 A=0x7ffffffffffffd00
1977000: system.cpu: T0 : 0x16cda    : c_sdsp s5, 8(sp)           : MemWrite :  D=0x0000000000074000 A=0x7ffffffffffffcf8
1977500: system.cpu: T0 : 0x16cdc    : c_sdsp s6, 0(sp)           : MemWrite :  D=0x0000000000074000 A=0x7ffffffffffffcf0
1978000: system.cpu: T0 : 0x16cde    : c_beqz s1, 210             : IntAlu : 
1978500: system.cpu: T0 : 0x16ce0    : lbu a5, 0(a0)              : MemRead :  D=0x000000000000004c A=0x524c0
1979000: system.cpu: T0 : 0x16ce4    : c_mv s4, a0                : IntAlu :  D=0x00000000000524c0
1979500: system.cpu: T0 : 0x16ce6    : c_beqz a5, 202             : IntAlu : 
1980000: system.cpu: T0 : 0x16ce8    : lbu s5, 1(a0)              : MemRead :  D=0x0000000000000044 A=0x524c1
1980500: system.cpu: T0 : 0x16cec    : slliw s2, a5, 16           : IntAlu :  D=0x00000000004c0000
1981000: system.cpu: T0 : 0x16cf0    : c_ld s0, 0(s1)             : MemRead :  D=0x0000000000000000 A=0x7fffffffffffff48
1982000: system.cpu: T0 : 0x16cf2    : sraiw s2, s2, 16           : IntAlu :  D=0x000000000000004c
1983000: system.cpu: T0 : 0x16cf6    : bne s5, zero, 86           : IntAlu : 
1983500: system.cpu: T0 : 0x16d4c    : jal ra, 42506              : IntAlu :  D=0x0000000000016d50
1984500: system.cpu: T0 : 0x21356    : andi a5, a0, 7             : IntAlu :  D=0x0000000000000000
1985000: system.cpu: T0 : 0x2135a    : c_beqz a5, 26              : IntAlu : 
1985500: system.cpu: T0 : 0x21374    : c_mv a5, a0                : IntAlu :  D=0x00000000000524c0
1986500: system.cpu: T0 : 0x21376    : ld a6, -2024(gp)           : MemRead :  D=0xfefefefefefefeff A=0x72b48
1987500: system.cpu: T0 : 0x2137a    : ld a1, -2016(gp)           : MemRead :  D=0x8080808080808080 A=0x72b50
1988000: system.cpu: T0 : 0x2137e    : c_ld a2, 0(a5)             : MemRead :  D=0x5f444e49425f444c A=0x524c0
1988500: system.cpu: T0 : 0x21380    : addi a3, a5, 8             : IntAlu :  D=0x00000000000524c8
1989000: system.cpu: T0 : 0x21384    : add a4, a2, a6             : IntAlu :  D=0x5e434d48415e434b
1989500: system.cpu: T0 : 0x21388    : xori a2, a2, 18446744073709551615 : IntAlu :  D=0xa0bbb1b6bda0bbb3
1990000: system.cpu: T0 : 0x2138c    : c_and a4, a2               : IntAlu :  D=0x0003010001000303
1990500: system.cpu: T0 : 0x2138e    : c_and a4, a1               : IntAlu :  D=0x0000000000000000
1991000: system.cpu: T0 : 0x21390    : c_beqz a4, 50              : IntAlu : 
1991500: system.cpu: T0 : 0x213c2    : c_mv a5, a3                : IntAlu :  D=0x00000000000524c8
1992000: system.cpu: T0 : 0x213c4    : c_j -70                    : IntAlu : 
1992500: system.cpu: T0 : 0x2137e    : c_ld a2, 0(a5)             : MemRead :  D=0x0000000000574f4e A=0x524c8
1993000: system.cpu: T0 : 0x21380    : addi a3, a5, 8             : IntAlu :  D=0x00000000000524d0
1993500: system.cpu: T0 : 0x21384    : add a4, a2, a6             : IntAlu :  D=0xfefefefeff564e4d
1994000: system.cpu: T0 : 0x21388    : xori a2, a2, 18446744073709551615 : IntAlu :  D=0xffffffffffa8b0b1
1994500: system.cpu: T0 : 0x2138c    : c_and a4, a2               : IntAlu :  D=0xfefefefeff000001
1995000: system.cpu: T0 : 0x2138e    : c_and a4, a1               : IntAlu :  D=0x8080808080000000
1995500: system.cpu: T0 : 0x21390    : c_beqz a4, 50              : IntAlu : 
1996500: system.cpu: T0 : 0x21392    : lbu a4, -8(a3)             : MemRead :  D=0x000000000000004e A=0x524c8
1997000: system.cpu: T0 : 0x21396    : c_beqz a4, -40             : IntAlu : 
1997500: system.cpu: T0 : 0x21398    : lbu a4, -7(a3)             : MemRead :  D=0x000000000000004f A=0x524c9
1998000: system.cpu: T0 : 0x2139c    : c_beqz a4, 50              : IntAlu : 
1999000: system.cpu: T0 : 0x2139e    : lbu a4, -6(a3)             : MemRead :  D=0x0000000000000057 A=0x524ca
1999500: system.cpu: T0 : 0x213a2    : c_beqz a4, 52              : IntAlu : 
2000000: system.cpu: T0 : 0x213a4    : lbu a4, -5(a3)             : MemRead :  D=0x0000000000000000 A=0x524cb
2000500: system.cpu: T0 : 0x213a8    : c_beqz a4, 54              : IntAlu : 
2001000: system.cpu: T0 : 0x213de    : c_sub a5, a0               : IntAlu :  D=0x0000000000000008
2001500: system.cpu: T0 : 0x213e0    : addi a0, a5, 3             : IntAlu :  D=0x000000000000000b
2002000: system.cpu: T0 : 0x213e4    : c_jr ra                    : IntAlu : 
2002500: system.cpu: T0 : 0x16d50    : slli a5, s5, 8             : IntAlu :  D=0x0000000000004400
2003000: system.cpu: T0 : 0x16d54    : or a5, s2, a5              : IntAlu :  D=0x000000000000444c
2003500: system.cpu: T0 : 0x16d58    : slliw s2, a5, 16           : IntAlu :  D=0x00000000444c0000
2004000: system.cpu: T0 : 0x16d5c    : c_mv s3, a0                : IntAlu :  D=0x000000000000000b
2005000: system.cpu: T0 : 0x16d5e    : sraiw s2, s2, 16           : IntAlu :  D=0x000000000000444c
2006000: system.cpu: T0 : 0x16d62    : addi s5, a0, -2            : IntAlu :  D=0x0000000000000009
2006500: system.cpu: T0 : 0x16d66    : c_addi s4, 2               : IntAlu :  D=0x00000000000524c2
2007000: system.cpu: T0 : 0x16d68    : c_beqz s0, -50             : IntAlu : 
2007500: system.cpu: T0 : 0x16d36    : c_ldsp ra, 56(sp)          : MemRead :  D=0x0000000000024ece A=0x7ffffffffffffd28
2008000: system.cpu: T0 : 0x16d38    : c_mv a0, s0                : IntAlu :  D=0x0000000000000000
2008500: system.cpu: T0 : 0x16d3a    : c_ldsp s0, 48(sp)          : MemRead :  D=0x0000000000070f80 A=0x7ffffffffffffd20
2009000: system.cpu: T0 : 0x16d3c    : c_ldsp s1, 40(sp)          : MemRead :  D=0x0000000000071e60 A=0x7ffffffffffffd18
2009500: system.cpu: T0 : 0x16d3e    : c_ldsp s2, 32(sp)          : MemRead :  D=0x0000000000074000 A=0x7ffffffffffffd10
2010000: system.cpu: T0 : 0x16d40    : c_ldsp s3, 24(sp)          : MemRead :  D=0x0000000000074000 A=0x7ffffffffffffd08
2010500: system.cpu: T0 : 0x16d42    : c_ldsp s4, 16(sp)          : MemRead :  D=0x0000000000072000 A=0x7ffffffffffffd00
2011000: system.cpu: T0 : 0x16d44    : c_ldsp s5, 8(sp)           : MemRead :  D=0x0000000000074000 A=0x7ffffffffffffcf8
2011500: system.cpu: T0 : 0x16d46    : c_ldsp s6, 0(sp)           : MemRead :  D=0x0000000000074000 A=0x7ffffffffffffcf0
2012000: system.cpu: T0 : 0x16d48    : c_addi16sp sp, 64          : IntAlu :  D=0x7ffffffffffffd30
2012500: system.cpu: T0 : 0x16d4a    : c_jr ra                    : IntAlu : 
2013000: system.cpu: T0 : 0x24ece    : c_li a5, 1                 : IntAlu :  D=0x0000000000000001
2013500: system.cpu: T0 : 0x24ed0    : c_beqz a0, 10              : IntAlu : 
2014500: system.cpu: T0 : 0x24eda    : lui a0, 82                 : IntAlu :  D=0x0000000000052000
2015500: system.cpu: T0 : 0x24ede    : lui a4, 116                : IntAlu :  D=0x0000000000074000
2016500: system.cpu: T0 : 0x24ee2    : addi a0, a0, 1232          : IntAlu :  D=0x00000000000524d0
2017500: system.cpu: T0 : 0x24ee6    : sw a5, 640(a4)             : MemWrite :  D=0x0000000000000001 A=0x74280
2018500: system.cpu: T0 : 0x24eea    : jal ra, -57890             : IntAlu :  D=0x0000000000024eee
2019000: system.cpu: T0 : 0x16cc8    : c_addi16sp sp, -64         : IntAlu :  D=0x7ffffffffffffcf0
2019500: system.cpu: T0 : 0x16cca    : c_sdsp s1, 40(sp)          : MemWrite :  D=0x0000000000071e60 A=0x7ffffffffffffd18
2020000: system.cpu: T0 : 0x16ccc    : ld s1, -1360(gp)           : MemRead :  D=0x7fffffffffffff48 A=0x72de0
2020500: system.cpu: T0 : 0x16cd0    : c_sdsp ra, 56(sp)          : MemWrite :  D=0x0000000000024eee A=0x7ffffffffffffd28
2021000: system.cpu: T0 : 0x16cd2    : c_sdsp s0, 48(sp)          : MemWrite :  D=0x0000000000070f80 A=0x7ffffffffffffd20
2021500: system.cpu: T0 : 0x16cd4    : c_sdsp s2, 32(sp)          : MemWrite :  D=0x0000000000074000 A=0x7ffffffffffffd10
2022000: system.cpu: T0 : 0x16cd6    : c_sdsp s3, 24(sp)          : MemWrite :  D=0x0000000000074000 A=0x7ffffffffffffd08
2022500: system.cpu: T0 : 0x16cd8    : c_sdsp s4, 16(sp)          : MemWrite :  D=0x0000000000072000 A=0x7ffffffffffffd00
2023000: system.cpu: T0 : 0x16cda    : c_sdsp s5, 8(sp)           : MemWrite :  D=0x0000000000074000 A=0x7ffffffffffffcf8
2023500: system.cpu: T0 : 0x16cdc    : c_sdsp s6, 0(sp)           : MemWrite :  D=0x0000000000074000 A=0x7ffffffffffffcf0
2024000: system.cpu: T0 : 0x16cde    : c_beqz s1, 210             : IntAlu : 
2024500: system.cpu: T0 : 0x16ce0    : lbu a5, 0(a0)              : MemRead :  D=0x000000000000004c A=0x524d0
2025000: system.cpu: T0 : 0x16ce4    : c_mv s4, a0                : IntAlu :  D=0x00000000000524d0
2025500: system.cpu: T0 : 0x16ce6    : c_beqz a5, 202             : IntAlu : 
2026000: system.cpu: T0 : 0x16ce8    : lbu s5, 1(a0)              : MemRead :  D=0x0000000000000044 A=0x524d1
2026500: system.cpu: T0 : 0x16cec    : slliw s2, a5, 16           : IntAlu :  D=0x00000000004c0000
2027000: system.cpu: T0 : 0x16cf0    : c_ld s0, 0(s1)             : MemRead :  D=0x0000000000000000 A=0x7fffffffffffff48
2028000: system.cpu: T0 : 0x16cf2    : sraiw s2, s2, 16           : IntAlu :  D=0x000000000000004c
2029000: system.cpu: T0 : 0x16cf6    : bne s5, zero, 86           : IntAlu : 
2029500: system.cpu: T0 : 0x16d4c    : jal ra, 42506              : IntAlu :  D=0x0000000000016d50
2030500: system.cpu: T0 : 0x21356    : andi a5, a0, 7             : IntAlu :  D=0x0000000000000000
2031000: system.cpu: T0 : 0x2135a    : c_beqz a5, 26              : IntAlu : 
2031500: system.cpu: T0 : 0x21374    : c_mv a5, a0                : IntAlu :  D=0x00000000000524d0
2032500: system.cpu: T0 : 0x21376    : ld a6, -2024(gp)           : MemRead :  D=0xfefefefefefefeff A=0x72b48
2033500: system.cpu: T0 : 0x2137a    : ld a1, -2016(gp)           : MemRead :  D=0x8080808080808080 A=0x72b50
2034000: system.cpu: T0 : 0x2137e    : c_ld a2, 0(a5)             : MemRead :  D=0x5f444e49425f444c A=0x524d0
2034500: system.cpu: T0 : 0x21380    : addi a3, a5, 8             : IntAlu :  D=0x00000000000524d8
2035000: system.cpu: T0 : 0x21384    : add a4, a2, a6             : IntAlu :  D=0x5e434d48415e434b
2035500: system.cpu: T0 : 0x21388    : xori a2, a2, 18446744073709551615 : IntAlu :  D=0xa0bbb1b6bda0bbb3
2036000: system.cpu: T0 : 0x2138c    : c_and a4, a2               : IntAlu :  D=0x0003010001000303
2036500: system.cpu: T0 : 0x2138e    : c_and a4, a1               : IntAlu :  D=0x0000000000000000
2037000: system.cpu: T0 : 0x21390    : c_beqz a4, 50              : IntAlu : 
2037500: system.cpu: T0 : 0x213c2    : c_mv a5, a3                : IntAlu :  D=0x00000000000524d8
2038000: system.cpu: T0 : 0x213c4    : c_j -70                    : IntAlu : 
2038500: system.cpu: T0 : 0x2137e    : c_ld a2, 0(a5)             : MemRead :  D=0x0000000000544f4e A=0x524d8
2039000: system.cpu: T0 : 0x21380    : addi a3, a5, 8             : IntAlu :  D=0x00000000000524e0
2039500: system.cpu: T0 : 0x21384    : add a4, a2, a6             : IntAlu :  D=0xfefefefeff534e4d
2040000: system.cpu: T0 : 0x21388    : xori a2, a2, 18446744073709551615 : IntAlu :  D=0xffffffffffabb0b1
2040500: system.cpu: T0 : 0x2138c    : c_and a4, a2               : IntAlu :  D=0xfefefefeff030001
2041000: system.cpu: T0 : 0x2138e    : c_and a4, a1               : IntAlu :  D=0x8080808080000000
2041500: system.cpu: T0 : 0x21390    : c_beqz a4, 50              : IntAlu : 
2042500: system.cpu: T0 : 0x21392    : lbu a4, -8(a3)             : MemRead :  D=0x000000000000004e A=0x524d8
2043000: system.cpu: T0 : 0x21396    : c_beqz a4, -40             : IntAlu : 
2043500: system.cpu: T0 : 0x21398    : lbu a4, -7(a3)             : MemRead :  D=0x000000000000004f A=0x524d9
2044000: system.cpu: T0 : 0x2139c    : c_beqz a4, 50              : IntAlu : 
2045000: system.cpu: T0 : 0x2139e    : lbu a4, -6(a3)             : MemRead :  D=0x0000000000000054 A=0x524da
2045500: system.cpu: T0 : 0x213a2    : c_beqz a4, 52              : IntAlu : 
2046000: system.cpu: T0 : 0x213a4    : lbu a4, -5(a3)             : MemRead :  D=0x0000000000000000 A=0x524db
2046500: system.cpu: T0 : 0x213a8    : c_beqz a4, 54              : IntAlu : 
2047000: system.cpu: T0 : 0x213de    : c_sub a5, a0               : IntAlu :  D=0x0000000000000008
2047500: system.cpu: T0 : 0x213e0    : addi a0, a5, 3             : IntAlu :  D=0x000000000000000b
2048000: system.cpu: T0 : 0x213e4    : c_jr ra                    : IntAlu : 
2048500: system.cpu: T0 : 0x16d50    : slli a5, s5, 8             : IntAlu :  D=0x0000000000004400
2049000: system.cpu: T0 : 0x16d54    : or a5, s2, a5              : IntAlu :  D=0x000000000000444c
2049500: system.cpu: T0 : 0x16d58    : slliw s2, a5, 16           : IntAlu :  D=0x00000000444c0000
2050000: system.cpu: T0 : 0x16d5c    : c_mv s3, a0                : IntAlu :  D=0x000000000000000b
2051000: system.cpu: T0 : 0x16d5e    : sraiw s2, s2, 16           : IntAlu :  D=0x000000000000444c
2052000: system.cpu: T0 : 0x16d62    : addi s5, a0, -2            : IntAlu :  D=0x0000000000000009
2052500: system.cpu: T0 : 0x16d66    : c_addi s4, 2               : IntAlu :  D=0x00000000000524d2
2053000: system.cpu: T0 : 0x16d68    : c_beqz s0, -50             : IntAlu : 
2053500: system.cpu: T0 : 0x16d36    : c_ldsp ra, 56(sp)          : MemRead :  D=0x0000000000024eee A=0x7ffffffffffffd28
2054000: system.cpu: T0 : 0x16d38    : c_mv a0, s0                : IntAlu :  D=0x0000000000000000
2054500: system.cpu: T0 : 0x16d3a    : c_ldsp s0, 48(sp)          : MemRead :  D=0x0000000000070f80 A=0x7ffffffffffffd20
2055000: system.cpu: T0 : 0x16d3c    : c_ldsp s1, 40(sp)          : MemRead :  D=0x0000000000071e60 A=0x7ffffffffffffd18
2055500: system.cpu: T0 : 0x16d3e    : c_ldsp s2, 32(sp)          : MemRead :  D=0x0000000000074000 A=0x7ffffffffffffd10
2056000: system.cpu: T0 : 0x16d40    : c_ldsp s3, 24(sp)          : MemRead :  D=0x0000000000074000 A=0x7ffffffffffffd08
2056500: system.cpu: T0 : 0x16d42    : c_ldsp s4, 16(sp)          : MemRead :  D=0x0000000000072000 A=0x7ffffffffffffd00
2057000: system.cpu: T0 : 0x16d44    : c_ldsp s5, 8(sp)           : MemRead :  D=0x0000000000074000 A=0x7ffffffffffffcf8
2057500: system.cpu: T0 : 0x16d46    : c_ldsp s6, 0(sp)           : MemRead :  D=0x0000000000074000 A=0x7ffffffffffffcf0
2058000: system.cpu: T0 : 0x16d48    : c_addi16sp sp, 64          : IntAlu :  D=0x7ffffffffffffd30
2058500: system.cpu: T0 : 0x16d4a    : c_jr ra                    : IntAlu : 
2059000: system.cpu: T0 : 0x24eee    : c_li a5, 0                 : IntAlu :  D=0x0000000000000000
2059500: system.cpu: T0 : 0x24ef0    : c_beqz a0, 10              : IntAlu : 
2060500: system.cpu: T0 : 0x24efa    : lui a0, 82                 : IntAlu :  D=0x0000000000052000
2061500: system.cpu: T0 : 0x24efe    : lui a4, 116                : IntAlu :  D=0x0000000000074000
2062500: system.cpu: T0 : 0x24f02    : addi a0, a0, 1248          : IntAlu :  D=0x00000000000524e0
2063500: system.cpu: T0 : 0x24f06    : sw a5, 616(a4)             : MemWrite :  D=0x0000000000000000 A=0x74268
2064500: system.cpu: T0 : 0x24f0a    : jal ra, -57922             : IntAlu :  D=0x0000000000024f0e
2065000: system.cpu: T0 : 0x16cc8    : c_addi16sp sp, -64         : IntAlu :  D=0x7ffffffffffffcf0
2065500: system.cpu: T0 : 0x16cca    : c_sdsp s1, 40(sp)          : MemWrite :  D=0x0000000000071e60 A=0x7ffffffffffffd18
2066000: system.cpu: T0 : 0x16ccc    : ld s1, -1360(gp)           : MemRead :  D=0x7fffffffffffff48 A=0x72de0
2066500: system.cpu: T0 : 0x16cd0    : c_sdsp ra, 56(sp)          : MemWrite :  D=0x0000000000024f0e A=0x7ffffffffffffd28
2067000: system.cpu: T0 : 0x16cd2    : c_sdsp s0, 48(sp)          : MemWrite :  D=0x0000000000070f80 A=0x7ffffffffffffd20
2067500: system.cpu: T0 : 0x16cd4    : c_sdsp s2, 32(sp)          : MemWrite :  D=0x0000000000074000 A=0x7ffffffffffffd10
2068000: system.cpu: T0 : 0x16cd6    : c_sdsp s3, 24(sp)          : MemWrite :  D=0x0000000000074000 A=0x7ffffffffffffd08
2068500: system.cpu: T0 : 0x16cd8    : c_sdsp s4, 16(sp)          : MemWrite :  D=0x0000000000072000 A=0x7ffffffffffffd00
2069000: system.cpu: T0 : 0x16cda    : c_sdsp s5, 8(sp)           : MemWrite :  D=0x0000000000074000 A=0x7ffffffffffffcf8
2069500: system.cpu: T0 : 0x16cdc    : c_sdsp s6, 0(sp)           : MemWrite :  D=0x0000000000074000 A=0x7ffffffffffffcf0
2070000: system.cpu: T0 : 0x16cde    : c_beqz s1, 210             : IntAlu : 
2070500: system.cpu: T0 : 0x16ce0    : lbu a5, 0(a0)              : MemRead :  D=0x000000000000004c A=0x524e0
2071000: system.cpu: T0 : 0x16ce4    : c_mv s4, a0                : IntAlu :  D=0x00000000000524e0
2071500: system.cpu: T0 : 0x16ce6    : c_beqz a5, 202             : IntAlu : 
2072000: system.cpu: T0 : 0x16ce8    : lbu s5, 1(a0)              : MemRead :  D=0x0000000000000044 A=0x524e1
2072500: system.cpu: T0 : 0x16cec    : slliw s2, a5, 16           : IntAlu :  D=0x00000000004c0000
2073000: system.cpu: T0 : 0x16cf0    : c_ld s0, 0(s1)             : MemRead :  D=0x0000000000000000 A=0x7fffffffffffff48
2074000: system.cpu: T0 : 0x16cf2    : sraiw s2, s2, 16           : IntAlu :  D=0x000000000000004c
2075000: system.cpu: T0 : 0x16cf6    : bne s5, zero, 86           : IntAlu : 
2075500: system.cpu: T0 : 0x16d4c    : jal ra, 42506              : IntAlu :  D=0x0000000000016d50
2076500: system.cpu: T0 : 0x21356    : andi a5, a0, 7             : IntAlu :  D=0x0000000000000000
2077000: system.cpu: T0 : 0x2135a    : c_beqz a5, 26              : IntAlu : 
2077500: system.cpu: T0 : 0x21374    : c_mv a5, a0                : IntAlu :  D=0x00000000000524e0
2078500: system.cpu: T0 : 0x21376    : ld a6, -2024(gp)           : MemRead :  D=0xfefefefefefefeff A=0x72b48
2079500: system.cpu: T0 : 0x2137a    : ld a1, -2016(gp)           : MemRead :  D=0x8080808080808080 A=0x72b50
2080000: system.cpu: T0 : 0x2137e    : c_ld a2, 0(a5)             : MemRead :  D=0x4d414e59445f444c A=0x524e0
2080500: system.cpu: T0 : 0x21380    : addi a3, a5, 8             : IntAlu :  D=0x00000000000524e8
2081000: system.cpu: T0 : 0x21384    : add a4, a2, a6             : IntAlu :  D=0x4c404d58435e434b
2081500: system.cpu: T0 : 0x21388    : xori a2, a2, 18446744073709551615 : IntAlu :  D=0xb2beb1a6bba0bbb3
2082000: system.cpu: T0 : 0x2138c    : c_and a4, a2               : IntAlu :  D=0x0000010003000303
2082500: system.cpu: T0 : 0x2138e    : c_and a4, a1               : IntAlu :  D=0x0000000000000000
2083000: system.cpu: T0 : 0x21390    : c_beqz a4, 50              : IntAlu : 
2083500: system.cpu: T0 : 0x213c2    : c_mv a5, a3                : IntAlu :  D=0x00000000000524e8
2084000: system.cpu: T0 : 0x213c4    : c_j -70                    : IntAlu : 
2084500: system.cpu: T0 : 0x2137e    : c_ld a2, 0(a5)             : MemRead :  D=0x004b4145575f4349 A=0x524e8
2085000: system.cpu: T0 : 0x21380    : addi a3, a5, 8             : IntAlu :  D=0x00000000000524f0
2085500: system.cpu: T0 : 0x21384    : add a4, a2, a6             : IntAlu :  D=0xff4a4044565e4248
2086000: system.cpu: T0 : 0x21388    : xori a2, a2, 18446744073709551615 : IntAlu :  D=0xffb4bebaa8a0bcb6
2086500: system.cpu: T0 : 0x2138c    : c_and a4, a2               : IntAlu :  D=0xff00000000000000
2087000: system.cpu: T0 : 0x2138e    : c_and a4, a1               : IntAlu :  D=0x8000000000000000
2087500: system.cpu: T0 : 0x21390    : c_beqz a4, 50              : IntAlu : 
2088500: system.cpu: T0 : 0x21392    : lbu a4, -8(a3)             : MemRead :  D=0x0000000000000049 A=0x524e8
2089000: system.cpu: T0 : 0x21396    : c_beqz a4, -40             : IntAlu : 
2089500: system.cpu: T0 : 0x21398    : lbu a4, -7(a3)             : MemRead :  D=0x0000000000000043 A=0x524e9
2090000: system.cpu: T0 : 0x2139c    : c_beqz a4, 50              : IntAlu : 
2091000: system.cpu: T0 : 0x2139e    : lbu a4, -6(a3)             : MemRead :  D=0x000000000000005f A=0x524ea
2091500: system.cpu: T0 : 0x213a2    : c_beqz a4, 52              : IntAlu : 
2092000: system.cpu: T0 : 0x213a4    : lbu a4, -5(a3)             : MemRead :  D=0x0000000000000057 A=0x524eb
2092500: system.cpu: T0 : 0x213a8    : c_beqz a4, 54              : IntAlu : 
2093500: system.cpu: T0 : 0x213aa    : lbu a4, -4(a3)             : MemRead :  D=0x0000000000000045 A=0x524ec
2094000: system.cpu: T0 : 0x213ae    : c_beqz a4, 56              : IntAlu : 
2094500: system.cpu: T0 : 0x213b0    : lbu a4, -3(a3)             : MemRead :  D=0x0000000000000041 A=0x524ed
2095000: system.cpu: T0 : 0x213b4    : c_beqz a4, 58              : IntAlu : 
2096000: system.cpu: T0 : 0x213b6    : lbu a4, -2(a3)             : MemRead :  D=0x000000000000004b A=0x524ee
2096500: system.cpu: T0 : 0x213ba    : c_beqz a4, 60              : IntAlu : 
2097000: system.cpu: T0 : 0x213bc    : lbu a4, -1(a3)             : MemRead :  D=0x0000000000000000 A=0x524ef
2097500: system.cpu: T0 : 0x213c0    : c_beqz a4, 6               : IntAlu : 
2098000: system.cpu: T0 : 0x213c6    : c_sub a5, a0               : IntAlu :  D=0x0000000000000008
2098500: system.cpu: T0 : 0x213c8    : addi a0, a5, 7             : IntAlu :  D=0x000000000000000f
2099000: system.cpu: T0 : 0x213cc    : c_jr ra                    : IntAlu : 
2099500: system.cpu: T0 : 0x16d50    : slli a5, s5, 8             : IntAlu :  D=0x0000000000004400
2100000: system.cpu: T0 : 0x16d54    : or a5, s2, a5              : IntAlu :  D=0x000000000000444c
2100500: system.cpu: T0 : 0x16d58    : slliw s2, a5, 16           : IntAlu :  D=0x00000000444c0000
2101000: system.cpu: T0 : 0x16d5c    : c_mv s3, a0                : IntAlu :  D=0x000000000000000f
2102000: system.cpu: T0 : 0x16d5e    : sraiw s2, s2, 16           : IntAlu :  D=0x000000000000444c
2103000: system.cpu: T0 : 0x16d62    : addi s5, a0, -2            : IntAlu :  D=0x000000000000000d
2103500: system.cpu: T0 : 0x16d66    : c_addi s4, 2               : IntAlu :  D=0x00000000000524e2
2104000: system.cpu: T0 : 0x16d68    : c_beqz s0, -50             : IntAlu : 
2104500: system.cpu: T0 : 0x16d36    : c_ldsp ra, 56(sp)          : MemRead :  D=0x0000000000024f0e A=0x7ffffffffffffd28
2105000: system.cpu: T0 : 0x16d38    : c_mv a0, s0                : IntAlu :  D=0x0000000000000000
2105500: system.cpu: T0 : 0x16d3a    : c_ldsp s0, 48(sp)          : MemRead :  D=0x0000000000070f80 A=0x7ffffffffffffd20
2106000: system.cpu: T0 : 0x16d3c    : c_ldsp s1, 40(sp)          : MemRead :  D=0x0000000000071e60 A=0x7ffffffffffffd18
2106500: system.cpu: T0 : 0x16d3e    : c_ldsp s2, 32(sp)          : MemRead :  D=0x0000000000074000 A=0x7ffffffffffffd10
2107000: system.cpu: T0 : 0x16d40    : c_ldsp s3, 24(sp)          : MemRead :  D=0x0000000000074000 A=0x7ffffffffffffd08
2107500: system.cpu: T0 : 0x16d42    : c_ldsp s4, 16(sp)          : MemRead :  D=0x0000000000072000 A=0x7ffffffffffffd00
2108000: system.cpu: T0 : 0x16d44    : c_ldsp s5, 8(sp)           : MemRead :  D=0x0000000000074000 A=0x7ffffffffffffcf8
2108500: system.cpu: T0 : 0x16d46    : c_ldsp s6, 0(sp)           : MemRead :  D=0x0000000000074000 A=0x7ffffffffffffcf0
2109000: system.cpu: T0 : 0x16d48    : c_addi16sp sp, 64          : IntAlu :  D=0x7ffffffffffffd30
2109500: system.cpu: T0 : 0x16d4a    : c_jr ra                    : IntAlu : 
2110000: system.cpu: T0 : 0x24f0e    : c_li a5, 1                 : IntAlu :  D=0x0000000000000001
2110500: system.cpu: T0 : 0x24f10    : c_beqz a0, 10              : IntAlu : 
2111500: system.cpu: T0 : 0x24f1a    : lui a0, 82                 : IntAlu :  D=0x0000000000052000
2112500: system.cpu: T0 : 0x24f1e    : lui a4, 116                : IntAlu :  D=0x0000000000074000
2113500: system.cpu: T0 : 0x24f22    : addi a0, a0, 1264          : IntAlu :  D=0x00000000000524f0
2114500: system.cpu: T0 : 0x24f26    : sw a5, 692(a4)             : MemWrite :  D=0x0000000000000001 A=0x742b4
2115500: system.cpu: T0 : 0x24f2a    : jal ra, -57954             : IntAlu :  D=0x0000000000024f2e
2116000: system.cpu: T0 : 0x16cc8    : c_addi16sp sp, -64         : IntAlu :  D=0x7ffffffffffffcf0
2116500: system.cpu: T0 : 0x16cca    : c_sdsp s1, 40(sp)          : MemWrite :  D=0x0000000000071e60 A=0x7ffffffffffffd18
2117000: system.cpu: T0 : 0x16ccc    : ld s1, -1360(gp)           : MemRead :  D=0x7fffffffffffff48 A=0x72de0
2117500: system.cpu: T0 : 0x16cd0    : c_sdsp ra, 56(sp)          : MemWrite :  D=0x0000000000024f2e A=0x7ffffffffffffd28
2118000: system.cpu: T0 : 0x16cd2    : c_sdsp s0, 48(sp)          : MemWrite :  D=0x0000000000070f80 A=0x7ffffffffffffd20
2118500: system.cpu: T0 : 0x16cd4    : c_sdsp s2, 32(sp)          : MemWrite :  D=0x0000000000074000 A=0x7ffffffffffffd10
2119000: system.cpu: T0 : 0x16cd6    : c_sdsp s3, 24(sp)          : MemWrite :  D=0x0000000000074000 A=0x7ffffffffffffd08
2119500: system.cpu: T0 : 0x16cd8    : c_sdsp s4, 16(sp)          : MemWrite :  D=0x0000000000072000 A=0x7ffffffffffffd00
2120000: system.cpu: T0 : 0x16cda    : c_sdsp s5, 8(sp)           : MemWrite :  D=0x0000000000074000 A=0x7ffffffffffffcf8
2120500: system.cpu: T0 : 0x16cdc    : c_sdsp s6, 0(sp)           : MemWrite :  D=0x0000000000074000 A=0x7ffffffffffffcf0
2121000: system.cpu: T0 : 0x16cde    : c_beqz s1, 210             : IntAlu : 
2121500: system.cpu: T0 : 0x16ce0    : lbu a5, 0(a0)              : MemRead :  D=0x000000000000004c A=0x524f0
2122000: system.cpu: T0 : 0x16ce4    : c_mv s4, a0                : IntAlu :  D=0x00000000000524f0
2122500: system.cpu: T0 : 0x16ce6    : c_beqz a5, 202             : IntAlu : 
2123000: system.cpu: T0 : 0x16ce8    : lbu s5, 1(a0)              : MemRead :  D=0x0000000000000044 A=0x524f1
2123500: system.cpu: T0 : 0x16cec    : slliw s2, a5, 16           : IntAlu :  D=0x00000000004c0000
2124000: system.cpu: T0 : 0x16cf0    : c_ld s0, 0(s1)             : MemRead :  D=0x0000000000000000 A=0x7fffffffffffff48
2125000: system.cpu: T0 : 0x16cf2    : sraiw s2, s2, 16           : IntAlu :  D=0x000000000000004c
2126000: system.cpu: T0 : 0x16cf6    : bne s5, zero, 86           : IntAlu : 
2126500: system.cpu: T0 : 0x16d4c    : jal ra, 42506              : IntAlu :  D=0x0000000000016d50
2127500: system.cpu: T0 : 0x21356    : andi a5, a0, 7             : IntAlu :  D=0x0000000000000000
2128000: system.cpu: T0 : 0x2135a    : c_beqz a5, 26              : IntAlu : 
2128500: system.cpu: T0 : 0x21374    : c_mv a5, a0                : IntAlu :  D=0x00000000000524f0
2129500: system.cpu: T0 : 0x21376    : ld a6, -2024(gp)           : MemRead :  D=0xfefefefefefefeff A=0x72b48
2130500: system.cpu: T0 : 0x2137a    : ld a1, -2016(gp)           : MemRead :  D=0x8080808080808080 A=0x72b50
2131000: system.cpu: T0 : 0x2137e    : c_ld a2, 0(a5)             : MemRead :  D=0x49464f52505f444c A=0x524f0
2131500: system.cpu: T0 : 0x21380    : addi a3, a5, 8             : IntAlu :  D=0x00000000000524f8
2132000: system.cpu: T0 : 0x21384    : add a4, a2, a6             : IntAlu :  D=0x48454e514f5e434b
2132500: system.cpu: T0 : 0x21388    : xori a2, a2, 18446744073709551615 : IntAlu :  D=0xb6b9b0adafa0bbb3
2133000: system.cpu: T0 : 0x2138c    : c_and a4, a2               : IntAlu :  D=0x000100010f000303
2133500: system.cpu: T0 : 0x2138e    : c_and a4, a1               : IntAlu :  D=0x0000000000000000
2134000: system.cpu: T0 : 0x21390    : c_beqz a4, 50              : IntAlu : 
2134500: system.cpu: T0 : 0x213c2    : c_mv a5, a3                : IntAlu :  D=0x00000000000524f8
2135000: system.cpu: T0 : 0x213c4    : c_j -70                    : IntAlu : 
2135500: system.cpu: T0 : 0x2137e    : c_ld a2, 0(a5)             : MemRead :  D=0x555054554f5f454c A=0x524f8
2136000: system.cpu: T0 : 0x21380    : addi a3, a5, 8             : IntAlu :  D=0x0000000000052500
2136500: system.cpu: T0 : 0x21384    : add a4, a2, a6             : IntAlu :  D=0x544f53544e5e444b
2137000: system.cpu: T0 : 0x21388    : xori a2, a2, 18446744073709551615 : IntAlu :  D=0xaaafabaab0a0bab3
2137500: system.cpu: T0 : 0x2138c    : c_and a4, a2               : IntAlu :  D=0x000f030000000003
2138000: system.cpu: T0 : 0x2138e    : c_and a4, a1               : IntAlu :  D=0x0000000000000000
2138500: system.cpu: T0 : 0x21390    : c_beqz a4, 50              : IntAlu : 
2139000: system.cpu: T0 : 0x213c2    : c_mv a5, a3                : IntAlu :  D=0x0000000000052500
2139500: system.cpu: T0 : 0x213c4    : c_j -70                    : IntAlu : 
2140000: system.cpu: T0 : 0x2137e    : c_ld a2, 0(a5)             : MemRead :  D=0x0000000000000054 A=0x52500
2140500: system.cpu: T0 : 0x21380    : addi a3, a5, 8             : IntAlu :  D=0x0000000000052508
2141000: system.cpu: T0 : 0x21384    : add a4, a2, a6             : IntAlu :  D=0xfefefefefefeff53
2141500: system.cpu: T0 : 0x21388    : xori a2, a2, 18446744073709551615 : IntAlu :  D=0xffffffffffffffab
2142000: system.cpu: T0 : 0x2138c    : c_and a4, a2               : IntAlu :  D=0xfefefefefefeff03
2142500: system.cpu: T0 : 0x2138e    : c_and a4, a1               : IntAlu :  D=0x8080808080808000
2143000: system.cpu: T0 : 0x21390    : c_beqz a4, 50              : IntAlu : 
2144000: system.cpu: T0 : 0x21392    : lbu a4, -8(a3)             : MemRead :  D=0x0000000000000054 A=0x52500
2144500: system.cpu: T0 : 0x21396    : c_beqz a4, -40             : IntAlu : 
2145000: system.cpu: T0 : 0x21398    : lbu a4, -7(a3)             : MemRead :  D=0x0000000000000000 A=0x52501
2145500: system.cpu: T0 : 0x2139c    : c_beqz a4, 50              : IntAlu : 
2146000: system.cpu: T0 : 0x213ce    : c_sub a5, a0               : IntAlu :  D=0x0000000000000010
2146500: system.cpu: T0 : 0x213d0    : addi a0, a5, 1             : IntAlu :  D=0x0000000000000011
2147000: system.cpu: T0 : 0x213d4    : c_jr ra                    : IntAlu : 
2147500: system.cpu: T0 : 0x16d50    : slli a5, s5, 8             : IntAlu :  D=0x0000000000004400
2148000: system.cpu: T0 : 0x16d54    : or a5, s2, a5              : IntAlu :  D=0x000000000000444c
2148500: system.cpu: T0 : 0x16d58    : slliw s2, a5, 16           : IntAlu :  D=0x00000000444c0000
2149000: system.cpu: T0 : 0x16d5c    : c_mv s3, a0                : IntAlu :  D=0x0000000000000011
2150000: system.cpu: T0 : 0x16d5e    : sraiw s2, s2, 16           : IntAlu :  D=0x000000000000444c
2151000: system.cpu: T0 : 0x16d62    : addi s5, a0, -2            : IntAlu :  D=0x000000000000000f
2151500: system.cpu: T0 : 0x16d66    : c_addi s4, 2               : IntAlu :  D=0x00000000000524f2
2152000: system.cpu: T0 : 0x16d68    : c_beqz s0, -50             : IntAlu : 
2152500: system.cpu: T0 : 0x16d36    : c_ldsp ra, 56(sp)          : MemRead :  D=0x0000000000024f2e A=0x7ffffffffffffd28
2153000: system.cpu: T0 : 0x16d38    : c_mv a0, s0                : IntAlu :  D=0x0000000000000000
2153500: system.cpu: T0 : 0x16d3a    : c_ldsp s0, 48(sp)          : MemRead :  D=0x0000000000070f80 A=0x7ffffffffffffd20
2154000: system.cpu: T0 : 0x16d3c    : c_ldsp s1, 40(sp)          : MemRead :  D=0x0000000000071e60 A=0x7ffffffffffffd18
2154500: system.cpu: T0 : 0x16d3e    : c_ldsp s2, 32(sp)          : MemRead :  D=0x0000000000074000 A=0x7ffffffffffffd10
2155000: system.cpu: T0 : 0x16d40    : c_ldsp s3, 24(sp)          : MemRead :  D=0x0000000000074000 A=0x7ffffffffffffd08
2155500: system.cpu: T0 : 0x16d42    : c_ldsp s4, 16(sp)          : MemRead :  D=0x0000000000072000 A=0x7ffffffffffffd00
2156000: system.cpu: T0 : 0x16d44    : c_ldsp s5, 8(sp)           : MemRead :  D=0x0000000000074000 A=0x7ffffffffffffcf8
2156500: system.cpu: T0 : 0x16d46    : c_ldsp s6, 0(sp)           : MemRead :  D=0x0000000000074000 A=0x7ffffffffffffcf0
2157000: system.cpu: T0 : 0x16d48    : c_addi16sp sp, 64          : IntAlu :  D=0x7ffffffffffffd30
2157500: system.cpu: T0 : 0x16d4a    : c_jr ra                    : IntAlu : 
2158500: system.cpu: T0 : 0x24f2e    : lui a4, 116                : IntAlu :  D=0x0000000000074000
2159500: system.cpu: T0 : 0x24f32    : sd a0, 576(a4)             : MemWrite :  D=0x0000000000000000 A=0x74240
2160500: system.cpu: T0 : 0x24f36    : beq a0, zero, 550          : IntAlu : 
2161000: system.cpu: T0 : 0x2515c    : lui a5, 113                : IntAlu :  D=0x0000000000071000
2161500: system.cpu: T0 : 0x25160    : lw a5, -72(a5)             : MemRead :  D=0x0000000000000000 A=0x70fb8
2162000: system.cpu: T0 : 0x25164    : c_beqz a5, -140            : IntAlu : 
2162500: system.cpu: T0 : 0x250d8    : lui a3, 82                 : IntAlu :  D=0x0000000000052000
2163000: system.cpu: T0 : 0x250dc    : addi a3, a3, 544           : IntAlu :  D=0x0000000000052220
2163500: system.cpu: T0 : 0x250e0    : c_j -396                   : IntAlu : 
2164000: system.cpu: T0 : 0x24f54    : sd a3, 576(a4)             : MemWrite :  D=0x0000000000052220 A=0x74240
2164500: system.cpu: T0 : 0x24f58    : bne a5, zero, 344          : IntAlu : 
2165000: system.cpu: T0 : 0x24f5c    : lui a0, 82                 : IntAlu :  D=0x0000000000052000
2165500: system.cpu: T0 : 0x24f60    : addi a0, a0, 1288          : IntAlu :  D=0x0000000000052508
2166000: system.cpu: T0 : 0x24f64    : jal ra, -58012             : IntAlu :  D=0x0000000000024f68
2166500: system.cpu: T0 : 0x16cc8    : c_addi16sp sp, -64         : IntAlu :  D=0x7ffffffffffffcf0
2167000: system.cpu: T0 : 0x16cca    : c_sdsp s1, 40(sp)          : MemWrite :  D=0x0000000000071e60 A=0x7ffffffffffffd18
2167500: system.cpu: T0 : 0x16ccc    : ld s1, -1360(gp)           : MemRead :  D=0x7fffffffffffff48 A=0x72de0
2168000: system.cpu: T0 : 0x16cd0    : c_sdsp ra, 56(sp)          : MemWrite :  D=0x0000000000024f68 A=0x7ffffffffffffd28
2168500: system.cpu: T0 : 0x16cd2    : c_sdsp s0, 48(sp)          : MemWrite :  D=0x0000000000070f80 A=0x7ffffffffffffd20
2169000: system.cpu: T0 : 0x16cd4    : c_sdsp s2, 32(sp)          : MemWrite :  D=0x0000000000074000 A=0x7ffffffffffffd10
2169500: system.cpu: T0 : 0x16cd6    : c_sdsp s3, 24(sp)          : MemWrite :  D=0x0000000000074000 A=0x7ffffffffffffd08
2170000: system.cpu: T0 : 0x16cd8    : c_sdsp s4, 16(sp)          : MemWrite :  D=0x0000000000072000 A=0x7ffffffffffffd00
2170500: system.cpu: T0 : 0x16cda    : c_sdsp s5, 8(sp)           : MemWrite :  D=0x0000000000074000 A=0x7ffffffffffffcf8
2171000: system.cpu: T0 : 0x16cdc    : c_sdsp s6, 0(sp)           : MemWrite :  D=0x0000000000074000 A=0x7ffffffffffffcf0
2171500: system.cpu: T0 : 0x16cde    : c_beqz s1, 210             : IntAlu : 
2172000: system.cpu: T0 : 0x16ce0    : lbu a5, 0(a0)              : MemRead :  D=0x000000000000004c A=0x52508
2172500: system.cpu: T0 : 0x16ce4    : c_mv s4, a0                : IntAlu :  D=0x0000000000052508
2173000: system.cpu: T0 : 0x16ce6    : c_beqz a5, 202             : IntAlu : 
2173500: system.cpu: T0 : 0x16ce8    : lbu s5, 1(a0)              : MemRead :  D=0x0000000000000044 A=0x52509
2174000: system.cpu: T0 : 0x16cec    : slliw s2, a5, 16           : IntAlu :  D=0x00000000004c0000
2174500: system.cpu: T0 : 0x16cf0    : c_ld s0, 0(s1)             : MemRead :  D=0x0000000000000000 A=0x7fffffffffffff48
2175500: system.cpu: T0 : 0x16cf2    : sraiw s2, s2, 16           : IntAlu :  D=0x000000000000004c
2176500: system.cpu: T0 : 0x16cf6    : bne s5, zero, 86           : IntAlu : 
2177000: system.cpu: T0 : 0x16d4c    : jal ra, 42506              : IntAlu :  D=0x0000000000016d50
2178000: system.cpu: T0 : 0x21356    : andi a5, a0, 7             : IntAlu :  D=0x0000000000000000
2178500: system.cpu: T0 : 0x2135a    : c_beqz a5, 26              : IntAlu : 
2179000: system.cpu: T0 : 0x21374    : c_mv a5, a0                : IntAlu :  D=0x0000000000052508
2180000: system.cpu: T0 : 0x21376    : ld a6, -2024(gp)           : MemRead :  D=0xfefefefefefefeff A=0x72b48
2181000: system.cpu: T0 : 0x2137a    : ld a1, -2016(gp)           : MemRead :  D=0x8080808080808080 A=0x72b50
2181500: system.cpu: T0 : 0x2137e    : c_ld a2, 0(a5)             : MemRead :  D=0x4d555353415f444c A=0x52508
2182000: system.cpu: T0 : 0x21380    : addi a3, a5, 8             : IntAlu :  D=0x0000000000052510
2182500: system.cpu: T0 : 0x21384    : add a4, a2, a6             : IntAlu :  D=0x4c545252405e434b
2183000: system.cpu: T0 : 0x21388    : xori a2, a2, 18446744073709551615 : IntAlu :  D=0xb2aaacacbea0bbb3
2183500: system.cpu: T0 : 0x2138c    : c_and a4, a2               : IntAlu :  D=0x0000000000000303
2184000: system.cpu: T0 : 0x2138e    : c_and a4, a1               : IntAlu :  D=0x0000000000000000
2184500: system.cpu: T0 : 0x21390    : c_beqz a4, 50              : IntAlu : 
2185000: system.cpu: T0 : 0x213c2    : c_mv a5, a3                : IntAlu :  D=0x0000000000052510
2185500: system.cpu: T0 : 0x213c4    : c_j -70                    : IntAlu : 
2186000: system.cpu: T0 : 0x2137e    : c_ld a2, 0(a5)             : MemRead :  D=0x4c454e52454b5f45 A=0x52510
2186500: system.cpu: T0 : 0x21380    : addi a3, a5, 8             : IntAlu :  D=0x0000000000052518
2187000: system.cpu: T0 : 0x21384    : add a4, a2, a6             : IntAlu :  D=0x4b444d51444a5e44
2187500: system.cpu: T0 : 0x21388    : xori a2, a2, 18446744073709551615 : IntAlu :  D=0xb3bab1adbab4a0ba
2188000: system.cpu: T0 : 0x2138c    : c_and a4, a2               : IntAlu :  D=0x0300010100000000
2188500: system.cpu: T0 : 0x2138e    : c_and a4, a1               : IntAlu :  D=0x0000000000000000
2189000: system.cpu: T0 : 0x21390    : c_beqz a4, 50              : IntAlu : 
2189500: system.cpu: T0 : 0x213c2    : c_mv a5, a3                : IntAlu :  D=0x0000000000052518
2190000: system.cpu: T0 : 0x213c4    : c_j -70                    : IntAlu : 
2190500: system.cpu: T0 : 0x2137e    : c_ld a2, 0(a5)             : MemRead :  D=0x0000000000000000 A=0x52518
2191000: system.cpu: T0 : 0x21380    : addi a3, a5, 8             : IntAlu :  D=0x0000000000052520
2191500: system.cpu: T0 : 0x21384    : add a4, a2, a6             : IntAlu :  D=0xfefefefefefefeff
2192000: system.cpu: T0 : 0x21388    : xori a2, a2, 18446744073709551615 : IntAlu :  D=0xffffffffffffffff
2192500: system.cpu: T0 : 0x2138c    : c_and a4, a2               : IntAlu :  D=0xfefefefefefefeff
2193000: system.cpu: T0 : 0x2138e    : c_and a4, a1               : IntAlu :  D=0x8080808080808080
2193500: system.cpu: T0 : 0x21390    : c_beqz a4, 50              : IntAlu : 
2194500: system.cpu: T0 : 0x21392    : lbu a4, -8(a3)             : MemRead :  D=0x0000000000000000 A=0x52518
2195000: system.cpu: T0 : 0x21396    : c_beqz a4, -40             : IntAlu : 
2196000: system.cpu: T0 : 0x2136e    : sub a0, a5, a0             : IntAlu :  D=0x0000000000000010
2196500: system.cpu: T0 : 0x21372    : c_jr ra                    : IntAlu : 
2197000: system.cpu: T0 : 0x16d50    : slli a5, s5, 8             : IntAlu :  D=0x0000000000004400
2197500: system.cpu: T0 : 0x16d54    : or a5, s2, a5              : IntAlu :  D=0x000000000000444c
2198000: system.cpu: T0 : 0x16d58    : slliw s2, a5, 16           : IntAlu :  D=0x00000000444c0000
2198500: system.cpu: T0 : 0x16d5c    : c_mv s3, a0                : IntAlu :  D=0x0000000000000010
2199500: system.cpu: T0 : 0x16d5e    : sraiw s2, s2, 16           : IntAlu :  D=0x000000000000444c
2200500: system.cpu: T0 : 0x16d62    : addi s5, a0, -2            : IntAlu :  D=0x000000000000000e
2201000: system.cpu: T0 : 0x16d66    : c_addi s4, 2               : IntAlu :  D=0x000000000005250a
2201500: system.cpu: T0 : 0x16d68    : c_beqz s0, -50             : IntAlu : 
2202000: system.cpu: T0 : 0x16d36    : c_ldsp ra, 56(sp)          : MemRead :  D=0x0000000000024f68 A=0x7ffffffffffffd28
2202500: system.cpu: T0 : 0x16d38    : c_mv a0, s0                : IntAlu :  D=0x0000000000000000
2203000: system.cpu: T0 : 0x16d3a    : c_ldsp s0, 48(sp)          : MemRead :  D=0x0000000000070f80 A=0x7ffffffffffffd20
2203500: system.cpu: T0 : 0x16d3c    : c_ldsp s1, 40(sp)          : MemRead :  D=0x0000000000071e60 A=0x7ffffffffffffd18
2204000: system.cpu: T0 : 0x16d3e    : c_ldsp s2, 32(sp)          : MemRead :  D=0x0000000000074000 A=0x7ffffffffffffd10
2204500: system.cpu: T0 : 0x16d40    : c_ldsp s3, 24(sp)          : MemRead :  D=0x0000000000074000 A=0x7ffffffffffffd08
2205000: system.cpu: T0 : 0x16d42    : c_ldsp s4, 16(sp)          : MemRead :  D=0x0000000000072000 A=0x7ffffffffffffd00
2205500: system.cpu: T0 : 0x16d44    : c_ldsp s5, 8(sp)           : MemRead :  D=0x0000000000074000 A=0x7ffffffffffffcf8
2206000: system.cpu: T0 : 0x16d46    : c_ldsp s6, 0(sp)           : MemRead :  D=0x0000000000074000 A=0x7ffffffffffffcf0
2206500: system.cpu: T0 : 0x16d48    : c_addi16sp sp, 64          : IntAlu :  D=0x7ffffffffffffd30
2207000: system.cpu: T0 : 0x16d4a    : c_jr ra                    : IntAlu : 
2207500: system.cpu: T0 : 0x24f68    : c_mv s0, a0                : IntAlu :  D=0x0000000000000000
2208000: system.cpu: T0 : 0x24f6a    : c_beqz a0, 76              : IntAlu : 
2209000: system.cpu: T0 : 0x24fb6    : lui a5, 116                : IntAlu :  D=0x0000000000074000
2210000: system.cpu: T0 : 0x24fba    : ld a0, 632(a5)             : MemRead :  D=0x0000000000000000 A=0x74278
2210500: system.cpu: T0 : 0x24fbe    : c_beqz a0, 14              : IntAlu : 
2211000: system.cpu: T0 : 0x24fcc    : ld a5, 664(s2)             : MemRead :  D=0x0000000000010040 A=0x74298
2211500: system.cpu: T0 : 0x24fd0    : ld t3, 1120(s1)            : MemRead :  D=0x0000000000000000 A=0x722c0
2212000: system.cpu: T0 : 0x24fd4    : c_beqz a5, 110             : IntAlu : 
2213000: system.cpu: T0 : 0x24fd6    : ld a4, 720(s3)             : MemRead :  D=0x0000000000000006 A=0x742d0
2214000: system.cpu: T0 : 0x24fda    : slli a3, a4, 3             : IntAlu :  D=0x0000000000000030
2214500: system.cpu: T0 : 0x24fde    : c_sub a3, a4               : IntAlu :  D=0x000000000000002a
2215000: system.cpu: T0 : 0x24fe0    : c_slli a3, 3               : IntAlu :  D=0x0000000000000150
2215500: system.cpu: T0 : 0x24fe2    : c_add a3, a5               : IntAlu :  D=0x0000000000010190
2216000: system.cpu: T0 : 0x24fe4    : bgeu a5, a3, 94            : IntAlu : 
2216500: system.cpu: T0 : 0x24fe8    : lui a2, 411470             : IntAlu :  D=0x000000006474e000
2217000: system.cpu: T0 : 0x24fec    : addi a1, a2, 1361          : IntAlu :  D=0x000000006474e551
2217500: system.cpu: T0 : 0x24ff0    : ld t4, 1112(s1)            : MemRead :  D=0x0000000000000000 A=0x722b8
2218000: system.cpu: T0 : 0x24ff4    : lw t1, -1800(gp)           : MemRead :  D=0x0000000000000006 A=0x72c28
2218500: system.cpu: T0 : 0x24ff8    : c_mv a6, t3                : IntAlu :  D=0x0000000000000000
2219000: system.cpu: T0 : 0x24ffa    : c_li a7, 0                 : IntAlu :  D=0x0000000000000000
2219500: system.cpu: T0 : 0x24ffc    : c_li a0, 0                 : IntAlu :  D=0x0000000000000000
2220500: system.cpu: T0 : 0x24ffe    : addi a2, a2, 1362          : IntAlu :  D=0x000000006474e552
2221000: system.cpu: T0 : 0x25002    : c_j 24                     : IntAlu : 
2221500: system.cpu: T0 : 0x2501a    : c_lw a4, 0(a5)             : MemRead :  D=0x0000000000000001 A=0x10040
2222000: system.cpu: T0 : 0x2501c    : bne a4, a1, -24            : IntAlu : 
2222500: system.cpu: T0 : 0x25004    : bne a4, a2, 14             : IntAlu : 
2223500: system.cpu: T0 : 0x25012    : addi a5, a5, 56            : IntAlu :  D=0x0000000000010078
2224500: system.cpu: T0 : 0x25016    : bgeu a5, a3, 24            : IntAlu : 
2225000: system.cpu: T0 : 0x2501a    : c_lw a4, 0(a5)             : MemRead :  D=0x0000000000000001 A=0x10078
2225500: system.cpu: T0 : 0x2501c    : bne a4, a1, -24            : IntAlu : 
2226000: system.cpu: T0 : 0x25004    : bne a4, a2, 14             : IntAlu : 
2227000: system.cpu: T0 : 0x25012    : addi a5, a5, 56            : IntAlu :  D=0x00000000000100b0
2228000: system.cpu: T0 : 0x25016    : bgeu a5, a3, 24            : IntAlu : 
2228500: system.cpu: T0 : 0x2501a    : c_lw a4, 0(a5)             : MemRead :  D=0x0000000000000004 A=0x100b0
2229000: system.cpu: T0 : 0x2501c    : bne a4, a1, -24            : IntAlu : 
2229500: system.cpu: T0 : 0x25004    : bne a4, a2, 14             : IntAlu : 
2230500: system.cpu: T0 : 0x25012    : addi a5, a5, 56            : IntAlu :  D=0x00000000000100e8
2231500: system.cpu: T0 : 0x25016    : bgeu a5, a3, 24            : IntAlu : 
2232000: system.cpu: T0 : 0x2501a    : c_lw a4, 0(a5)             : MemRead :  D=0x0000000000000007 A=0x100e8
2232500: system.cpu: T0 : 0x2501c    : bne a4, a1, -24            : IntAlu : 
2233000: system.cpu: T0 : 0x25004    : bne a4, a2, 14             : IntAlu : 
2234000: system.cpu: T0 : 0x25012    : addi a5, a5, 56            : IntAlu :  D=0x0000000000010120
2235000: system.cpu: T0 : 0x25016    : bgeu a5, a3, 24            : IntAlu : 
2235500: system.cpu: T0 : 0x2501a    : c_lw a4, 0(a5)             : MemRead :  D=0x000000006474e551 A=0x10120
2236000: system.cpu: T0 : 0x2501c    : bne a4, a1, -24            : IntAlu : 
2236500: system.cpu: T0 : 0x25020    : lw t1, 4(a5)               : MemRead :  D=0x0000000000000006 A=0x10124
2237000: system.cpu: T0 : 0x25024    : addi a5, a5, 56            : IntAlu :  D=0x0000000000010158
2237500: system.cpu: T0 : 0x25028    : c_li a0, 1                 : IntAlu :  D=0x0000000000000001
2238500: system.cpu: T0 : 0x2502a    : bltu a5, a3, -16           : IntAlu : 
2239000: system.cpu: T0 : 0x2501a    : c_lw a4, 0(a5)             : MemRead :  D=0x000000006474e552 A=0x10158
2239500: system.cpu: T0 : 0x2501c    : bne a4, a1, -24            : IntAlu : 
2240000: system.cpu: T0 : 0x25004    : bne a4, a2, 14             : IntAlu : 
2240500: system.cpu: T0 : 0x25008    : ld t4, 16(a5)              : MemRead :  D=0x0000000000070ad0 A=0x10168
2241000: system.cpu: T0 : 0x2500c    : ld a6, 40(a5)              : MemRead :  D=0x0000000000000530 A=0x10180
2241500: system.cpu: T0 : 0x25010    : c_li a7, 1                 : IntAlu :  D=0x0000000000000001
2242500: system.cpu: T0 : 0x25012    : addi a5, a5, 56            : IntAlu :  D=0x0000000000010190
2243500: system.cpu: T0 : 0x25016    : bgeu a5, a3, 24            : IntAlu : 
2244000: system.cpu: T0 : 0x2502e    : c_beqz a0, 6               : IntAlu : 
2244500: system.cpu: T0 : 0x25030    : sw t1, -1800(gp)           : MemWrite :  D=0x0000000000000006 A=0x72c28
2245000: system.cpu: T0 : 0x25034    : beq a7, zero, 14           : IntAlu : 
2245500: system.cpu: T0 : 0x25038    : sd t4, 1112(s1)            : MemWrite :  D=0x0000000000070ad0 A=0x722b8
2246000: system.cpu: T0 : 0x2503c    : sd a6, 1120(s1)            : MemWrite :  D=0x0000000000000530 A=0x722c0
2246500: system.cpu: T0 : 0x25040    : c_mv t3, a6                : IntAlu :  D=0x0000000000000530
2247500: system.cpu: T0 : 0x25042    : bne t3, zero, 272          : IntAlu : 
2248500: system.cpu: T0 : 0x25152    : addi a0, s4, -416          : IntAlu :  D=0x0000000000071e60
2249500: system.cpu: T0 : 0x25156    : jal ra, 106388             : IntAlu :  D=0x000000000002515a
2250000: system.cpu: T0 : 0x3f0ea    : c_addi sp, -16             : IntAlu :  D=0x7ffffffffffffd20
2250500: system.cpu: T0 : 0x3f0ec    : c_ld a5, 0(a0)             : MemRead :  D=0x0000000000000000 A=0x71e60
2251000: system.cpu: T0 : 0x3f0ee    : c_sdsp s0, 0(sp)           : MemWrite :  D=0x0000000000000000 A=0x7ffffffffffffd20
2251500: system.cpu: T0 : 0x3f0f0    : c_mv s0, a0                : IntAlu :  D=0x0000000000071e60
2252500: system.cpu: T0 : 0x3f0f2    : ld a0, 1112(a0)            : MemRead :  D=0x0000000000070ad0 A=0x722b8
2253500: system.cpu: T0 : 0x3f0f6    : ld a4, -1784(gp)           : MemRead :  D=0x0000000000001000 A=0x72c38
2254500: system.cpu: T0 : 0x3f0fa    : ld a1, 1120(s0)            : MemRead :  D=0x0000000000000530 A=0x722c0
2255000: system.cpu: T0 : 0x3f0fe    : c_add a5, a0               : IntAlu :  D=0x0000000000070ad0
2255500: system.cpu: T0 : 0x3f100    : sub a4, zero, a4           : IntAlu :  D=0xfffffffffffff000
2256000: system.cpu: T0 : 0x3f104    : c_add a1, a5               : IntAlu :  D=0x0000000000071000
2256500: system.cpu: T0 : 0x3f106    : c_sdsp ra, 8(sp)           : MemWrite :  D=0x000000000002515a A=0x7ffffffffffffd28
2257000: system.cpu: T0 : 0x3f108    : and a0, a5, a4             : IntAlu :  D=0x0000000000070000
2257500: system.cpu: T0 : 0x3f10c    : c_and a1, a4               : IntAlu :  D=0x0000000000071000
2258500: system.cpu: T0 : 0x3f10e    : bne a0, a1, 12             : IntAlu : 
2259000: system.cpu: T0 : 0x3f11a    : c_li a2, 1                 : IntAlu :  D=0x0000000000000001
2259500: system.cpu: T0 : 0x3f11c    : c_sub a1, a0               : IntAlu :  D=0x0000000000001000
2260500: system.cpu: T0 : 0x3f11e    : jal ra, -113354            : IntAlu :  D=0x000000000003f122
2261000: system.cpu: T0 : 0x23654    : addi a7, zero, 226         : IntAlu :  D=0x00000000000000e2
2261500: system.cpu: T0 : 0x23658    : ecall                      : No_OpClass : 
2262000: system.cpu: T0 : 0x2365c    : c_lui a7, 1048575          : IntAlu :  D=0xfffffffffffff000
2263000: system.cpu: T0 : 0x2365e    : bltu a7, a0, 6             : IntAlu : 
2263500: system.cpu: T0 : 0x23662    : c_jr ra                    : IntAlu : 
2264500: system.cpu: T0 : 0x3f122    : bge a0, zero, -16          : IntAlu : 
2265000: system.cpu: T0 : 0x3f112    : c_ldsp ra, 8(sp)           : MemRead :  D=0x000000000002515a A=0x7ffffffffffffd28
2265500: system.cpu: T0 : 0x3f114    : c_ldsp s0, 0(sp)           : MemRead :  D=0x0000000000000000 A=0x7ffffffffffffd20
2266000: system.cpu: T0 : 0x3f116    : c_addi sp, 16              : IntAlu :  D=0x7ffffffffffffd30
2266500: system.cpu: T0 : 0x3f118    : c_jr ra                    : IntAlu : 
2267000: system.cpu: T0 : 0x2515a    : c_j -276                   : IntAlu : 
2267500: system.cpu: T0 : 0x25046    : c_ldsp ra, 152(sp)         : MemRead :  D=0x00000000000253d8 A=0x7ffffffffffffdc8
2268000: system.cpu: T0 : 0x25048    : c_ldsp s0, 144(sp)         : MemRead :  D=0x0000000000000001 A=0x7ffffffffffffdc0
2268500: system.cpu: T0 : 0x2504a    : c_ldsp s1, 136(sp)         : MemRead :  D=0x7fffffffffffff38 A=0x7ffffffffffffdb8
2269000: system.cpu: T0 : 0x2504c    : c_ldsp s2, 128(sp)         : MemRead :  D=0x7fffffffffffff48 A=0x7ffffffffffffdb0
2269500: system.cpu: T0 : 0x2504e    : c_ldsp s3, 120(sp)         : MemRead :  D=0x0000000000000000 A=0x7ffffffffffffda8
2270000: system.cpu: T0 : 0x25050    : c_ldsp s4, 112(sp)         : MemRead :  D=0x0000000000000000 A=0x7ffffffffffffda0
2270500: system.cpu: T0 : 0x25052    : c_ldsp s5, 104(sp)         : MemRead :  D=0x0000000000000000 A=0x7ffffffffffffd98
2271000: system.cpu: T0 : 0x25054    : c_ldsp s6, 96(sp)          : MemRead :  D=0x0000000000000000 A=0x7ffffffffffffd90
2271500: system.cpu: T0 : 0x25056    : c_ldsp s7, 88(sp)          : MemRead :  D=0x0000000000000000 A=0x7ffffffffffffd88
2272000: system.cpu: T0 : 0x25058    : c_ldsp s8, 80(sp)          : MemRead :  D=0x0000000000000000 A=0x7ffffffffffffd80
2272500: system.cpu: T0 : 0x2505a    : c_ldsp s9, 72(sp)          : MemRead :  D=0x0000000000000000 A=0x7ffffffffffffd78
2273000: system.cpu: T0 : 0x2505c    : c_ldsp s10, 64(sp)         : MemRead :  D=0x0000000000000000 A=0x7ffffffffffffd70
2273500: system.cpu: T0 : 0x2505e    : c_addi16sp sp, 160         : IntAlu :  D=0x7ffffffffffffdd0
2274000: system.cpu: T0 : 0x25060    : c_jr ra                    : IntAlu : 
2274500: system.cpu: T0 : 0x253d8    : c_mv a2, s2                : IntAlu :  D=0x7fffffffffffff48
2275000: system.cpu: T0 : 0x253da    : c_mv a1, s1                : IntAlu :  D=0x7fffffffffffff38
2275500: system.cpu: T0 : 0x253dc    : c_mv a0, s0                : IntAlu :  D=0x0000000000000001
2276500: system.cpu: T0 : 0x253de    : jal ra, -4344              : IntAlu :  D=0x00000000000253e2
2277000: system.cpu: T0 : 0x242e6    : c_beqz a1, 50              : IntAlu : 
2277500: system.cpu: T0 : 0x242e8    : c_addi sp, -32             : IntAlu :  D=0x7ffffffffffffdb0
2278000: system.cpu: T0 : 0x242ea    : c_sdsp s1, 8(sp)           : MemWrite :  D=0x7fffffffffffff38 A=0x7ffffffffffffdb8
2278500: system.cpu: T0 : 0x242ec    : c_ld s1, 0(a1)             : MemRead :  D=0x7fffffffffffffd8 A=0x7fffffffffffff38
2279000: system.cpu: T0 : 0x242ee    : c_sdsp s0, 16(sp)          : MemWrite :  D=0x0000000000000001 A=0x7ffffffffffffdc0
2279500: system.cpu: T0 : 0x242f0    : c_sdsp ra, 24(sp)          : MemWrite :  D=0x00000000000253e2 A=0x7ffffffffffffdc8
2280000: system.cpu: T0 : 0x242f2    : c_mv s0, a1                : IntAlu :  D=0x7fffffffffffff38
2280500: system.cpu: T0 : 0x242f4    : c_beqz s1, 26              : IntAlu : 
2281500: system.cpu: T0 : 0x242f6    : addi a1, zero, 47          : IntAlu :  D=0x000000000000002f
2282000: system.cpu: T0 : 0x242fa    : c_mv a0, s1                : IntAlu :  D=0x7fffffffffffffd8
2282500: system.cpu: T0 : 0x242fc    : jal ra, 90482              : IntAlu :  D=0x0000000000024300
2283000: system.cpu: T0 : 0x3a46e    : c_addi sp, -32             : IntAlu :  D=0x7ffffffffffffd90
2283500: system.cpu: T0 : 0x3a470    : c_sdsp s0, 16(sp)          : MemWrite :  D=0x7fffffffffffff38 A=0x7ffffffffffffda0
2284000: system.cpu: T0 : 0x3a472    : c_sdsp s1, 8(sp)           : MemWrite :  D=0x7fffffffffffffd8 A=0x7ffffffffffffd98
2284500: system.cpu: T0 : 0x3a474    : c_sdsp s2, 0(sp)           : MemWrite :  D=0x7fffffffffffff48 A=0x7ffffffffffffd90
2285000: system.cpu: T0 : 0x3a476    : c_sdsp ra, 24(sp)          : MemWrite :  D=0x0000000000024300 A=0x7ffffffffffffda8
2285500: system.cpu: T0 : 0x3a478    : andi s1, a1, 255           : IntAlu :  D=0x000000000000002f
2286000: system.cpu: T0 : 0x3a47c    : c_mv s0, a0                : IntAlu :  D=0x7fffffffffffffd8
2286500: system.cpu: T0 : 0x3a47e    : c_li s2, 0                 : IntAlu :  D=0x0000000000000000
2287000: system.cpu: T0 : 0x3a480    : c_bnez s1, 10              : IntAlu : 
2287500: system.cpu: T0 : 0x3a48a    : c_mv a0, s0                : IntAlu :  D=0x7fffffffffffffd8
2288000: system.cpu: T0 : 0x3a48c    : c_mv a1, s1                : IntAlu :  D=0x000000000000002f
2289000: system.cpu: T0 : 0x3a48e    : jal ra, -103342            : IntAlu :  D=0x000000000003a492
2289500: system.cpu: T0 : 0x210e0    : andi a5, a0, 7             : IntAlu :  D=0x0000000000000000
2290000: system.cpu: T0 : 0x210e4    : andi a4, a1, 255           : IntAlu :  D=0x000000000000002f
2290500: system.cpu: T0 : 0x210e8    : c_bnez a5, 14              : IntAlu : 
2291000: system.cpu: T0 : 0x210ea    : c_j 22                     : IntAlu : 
2291500: system.cpu: T0 : 0x21100    : c_lui a3, 16               : IntAlu :  D=0x0000000000010000
2292500: system.cpu: T0 : 0x21102    : slliw a5, a1, 8            : IntAlu :  D=0x0000000000002f00
2293000: system.cpu: T0 : 0x21106    : c_addi a3, -1              : IntAlu :  D=0x000000000000ffff
2293500: system.cpu: T0 : 0x21108    : c_and a5, a3               : IntAlu :  D=0x0000000000002f00
2294500: system.cpu: T0 : 0x2110a    : andi a1, a1, 255           : IntAlu :  D=0x000000000000002f
2295000: system.cpu: T0 : 0x2110e    : c_or a1, a5                : IntAlu :  D=0x0000000000002f2f
2295500: system.cpu: T0 : 0x21110    : c_addiw a1, 0              : IntAlu :  D=0x0000000000002f2f
2296500: system.cpu: T0 : 0x21112    : slli t1, a1, 16            : IntAlu :  D=0x000000002f2f0000
2297500: system.cpu: T0 : 0x21116    : or a1, t1, a1              : IntAlu :  D=0x000000002f2f2f2f
2298500: system.cpu: T0 : 0x2111a    : ld a6, -2032(gp)           : MemRead :  D=0x7efefefefefefeff A=0x72b40
2299500: system.cpu: T0 : 0x2111e    : slli t1, a1, 32            : IntAlu :  D=0x2f2f2f2f00000000
2300500: system.cpu: T0 : 0x21122    : or t1, t1, a1              : IntAlu :  D=0x2f2f2f2f2f2f2f2f
2301000: system.cpu: T0 : 0x21126    : c_li t3, -1                : IntAlu :  D=0xffffffffffffffff
2301500: system.cpu: T0 : 0x21128    : c_ld a1, 0(a0)             : MemRead :  D=0x6c6e776f442f2e2e A=0x7fffffffffffffd8
2302500: system.cpu: T0 : 0x2112a    : addi a5, a0, 8             : IntAlu :  D=0x7fffffffffffffe0
2303500: system.cpu: T0 : 0x2112e    : xor a7, t1, a1             : IntAlu :  D=0x434158406b000101
2304500: system.cpu: T0 : 0x21132    : add a3, a1, a6             : IntAlu :  D=0xeb6d766e432e2d2d
2305500: system.cpu: T0 : 0x21136    : add a2, a7, a6             : IntAlu :  D=0xc240573f69ff0000
2306000: system.cpu: T0 : 0x2113a    : c_xor a3, a1               : IntAlu :  D=0x8703010107010303
2306500: system.cpu: T0 : 0x2113c    : xor a2, a2, a7             : IntAlu :  D=0x81010f7f02ff0101
2307000: system.cpu: T0 : 0x21140    : c_and a3, a2               : IntAlu :  D=0x8101010102010101
2308000: system.cpu: T0 : 0x21142    : or a3, a3, a6              : IntAlu :  D=0xfffffffffeffffff
2309000: system.cpu: T0 : 0x21146    : beq a3, t3, 88             : IntAlu : 
2310000: system.cpu: T0 : 0x2114a    : lbu a3, -8(a5)             : MemRead :  D=0x000000000000002e A=0x7fffffffffffffd8
2311000: system.cpu: T0 : 0x2114e    : beq a3, a4, -80            : IntAlu : 
2311500: system.cpu: T0 : 0x21152    : c_beqz a3, 72              : IntAlu : 
2312000: system.cpu: T0 : 0x21154    : lbu a3, -7(a5)             : MemRead :  D=0x000000000000002e A=0x7fffffffffffffd9
2312500: system.cpu: T0 : 0x21158    : beq a3, a4, 74             : IntAlu : 
2313000: system.cpu: T0 : 0x2115c    : c_beqz a3, 62              : IntAlu : 
2314000: system.cpu: T0 : 0x2115e    : lbu a3, -6(a5)             : MemRead :  D=0x000000000000002f A=0x7fffffffffffffda
2315000: system.cpu: T0 : 0x21162    : beq a3, a4, 68             : IntAlu : 
2315500: system.cpu: T0 : 0x211a6    : c_addi a0, 2               : IntAlu :  D=0x7fffffffffffffda
2316000: system.cpu: T0 : 0x211a8    : c_jr ra                    : IntAlu : 
2316500: system.cpu: T0 : 0x3a492    : c_bnez a0, -14             : IntAlu : 
2317000: system.cpu: T0 : 0x3a484    : addi s0, a0, 1             : IntAlu :  D=0x7fffffffffffffdb
2317500: system.cpu: T0 : 0x3a488    : c_mv s2, a0                : IntAlu :  D=0x7fffffffffffffda
2318000: system.cpu: T0 : 0x3a48a    : c_mv a0, s0                : IntAlu :  D=0x7fffffffffffffdb
2318500: system.cpu: T0 : 0x3a48c    : c_mv a1, s1                : IntAlu :  D=0x000000000000002f
2319500: system.cpu: T0 : 0x3a48e    : jal ra, -103342            : IntAlu :  D=0x000000000003a492
2320000: system.cpu: T0 : 0x210e0    : andi a5, a0, 7             : IntAlu :  D=0x0000000000000003
2320500: system.cpu: T0 : 0x210e4    : andi a4, a1, 255           : IntAlu :  D=0x000000000000002f
2321000: system.cpu: T0 : 0x210e8    : c_bnez a5, 14              : IntAlu : 
2322000: system.cpu: T0 : 0x210f6    : lbu a5, 0(a0)              : MemRead :  D=0x0000000000000044 A=0x7fffffffffffffdb
2323000: system.cpu: T0 : 0x210fa    : bne a5, a4, -14            : IntAlu : 
2323500: system.cpu: T0 : 0x210ec    : c_addi a0, 1               : IntAlu :  D=0x7fffffffffffffdc
2324500: system.cpu: T0 : 0x210ee    : andi a3, a0, 7             : IntAlu :  D=0x0000000000000004
2325000: system.cpu: T0 : 0x210f2    : c_beqz a5, 168             : IntAlu : 
2325500: system.cpu: T0 : 0x210f4    : c_beqz a3, 12              : IntAlu : 
2326500: system.cpu: T0 : 0x210f6    : lbu a5, 0(a0)              : MemRead :  D=0x000000000000006f A=0x7fffffffffffffdc
2327500: system.cpu: T0 : 0x210fa    : bne a5, a4, -14            : IntAlu : 
2328000: system.cpu: T0 : 0x210ec    : c_addi a0, 1               : IntAlu :  D=0x7fffffffffffffdd
2329000: system.cpu: T0 : 0x210ee    : andi a3, a0, 7             : IntAlu :  D=0x0000000000000005
2329500: system.cpu: T0 : 0x210f2    : c_beqz a5, 168             : IntAlu : 
2330000: system.cpu: T0 : 0x210f4    : c_beqz a3, 12              : IntAlu : 
2331000: system.cpu: T0 : 0x210f6    : lbu a5, 0(a0)              : MemRead :  D=0x0000000000000077 A=0x7fffffffffffffdd
2332000: system.cpu: T0 : 0x210fa    : bne a5, a4, -14            : IntAlu : 
2332500: system.cpu: T0 : 0x210ec    : c_addi a0, 1               : IntAlu :  D=0x7fffffffffffffde
2333500: system.cpu: T0 : 0x210ee    : andi a3, a0, 7             : IntAlu :  D=0x0000000000000006
2334000: system.cpu: T0 : 0x210f2    : c_beqz a5, 168             : IntAlu : 
2334500: system.cpu: T0 : 0x210f4    : c_beqz a3, 12              : IntAlu : 
2335500: system.cpu: T0 : 0x210f6    : lbu a5, 0(a0)              : MemRead :  D=0x000000000000006e A=0x7fffffffffffffde
2336500: system.cpu: T0 : 0x210fa    : bne a5, a4, -14            : IntAlu : 
2337000: system.cpu: T0 : 0x210ec    : c_addi a0, 1               : IntAlu :  D=0x7fffffffffffffdf
2338000: system.cpu: T0 : 0x210ee    : andi a3, a0, 7             : IntAlu :  D=0x0000000000000007
2338500: system.cpu: T0 : 0x210f2    : c_beqz a5, 168             : IntAlu : 
2339000: system.cpu: T0 : 0x210f4    : c_beqz a3, 12              : IntAlu : 
2340000: system.cpu: T0 : 0x210f6    : lbu a5, 0(a0)              : MemRead :  D=0x000000000000006c A=0x7fffffffffffffdf
2341000: system.cpu: T0 : 0x210fa    : bne a5, a4, -14            : IntAlu : 
2341500: system.cpu: T0 : 0x210ec    : c_addi a0, 1               : IntAlu :  D=0x7fffffffffffffe0
2342500: system.cpu: T0 : 0x210ee    : andi a3, a0, 7             : IntAlu :  D=0x0000000000000000
2343000: system.cpu: T0 : 0x210f2    : c_beqz a5, 168             : IntAlu : 
2343500: system.cpu: T0 : 0x210f4    : c_beqz a3, 12              : IntAlu : 
2344000: system.cpu: T0 : 0x21100    : c_lui a3, 16               : IntAlu :  D=0x0000000000010000
2345000: system.cpu: T0 : 0x21102    : slliw a5, a1, 8            : IntAlu :  D=0x0000000000002f00
2345500: system.cpu: T0 : 0x21106    : c_addi a3, -1              : IntAlu :  D=0x000000000000ffff
2346000: system.cpu: T0 : 0x21108    : c_and a5, a3               : IntAlu :  D=0x0000000000002f00
2347000: system.cpu: T0 : 0x2110a    : andi a1, a1, 255           : IntAlu :  D=0x000000000000002f
2347500: system.cpu: T0 : 0x2110e    : c_or a1, a5                : IntAlu :  D=0x0000000000002f2f
2348000: system.cpu: T0 : 0x21110    : c_addiw a1, 0              : IntAlu :  D=0x0000000000002f2f
2349000: system.cpu: T0 : 0x21112    : slli t1, a1, 16            : IntAlu :  D=0x000000002f2f0000
2350000: system.cpu: T0 : 0x21116    : or a1, t1, a1              : IntAlu :  D=0x000000002f2f2f2f
2351000: system.cpu: T0 : 0x2111a    : ld a6, -2032(gp)           : MemRead :  D=0x7efefefefefefeff A=0x72b40
2352000: system.cpu: T0 : 0x2111e    : slli t1, a1, 32            : IntAlu :  D=0x2f2f2f2f00000000
2353000: system.cpu: T0 : 0x21122    : or t1, t1, a1              : IntAlu :  D=0x2f2f2f2f2f2f2f2f
2353500: system.cpu: T0 : 0x21126    : c_li t3, -1                : IntAlu :  D=0xffffffffffffffff
2354000: system.cpu: T0 : 0x21128    : c_ld a1, 0(a0)             : MemRead :  D=0x6174732f7364616f A=0x7fffffffffffffe0
2355000: system.cpu: T0 : 0x2112a    : addi a5, a0, 8             : IntAlu :  D=0x7fffffffffffffe8
2356000: system.cpu: T0 : 0x2112e    : xor a7, t1, a1             : IntAlu :  D=0x4e5b5c005c4b4e40
2357000: system.cpu: T0 : 0x21132    : add a3, a1, a6             : IntAlu :  D=0xe073722e7263606e
2358000: system.cpu: T0 : 0x21136    : add a2, a7, a6             : IntAlu :  D=0xcd5a5aff5b4a4d3f
2358500: system.cpu: T0 : 0x2113a    : c_xor a3, a1               : IntAlu :  D=0x8107010101070101
2359000: system.cpu: T0 : 0x2113c    : xor a2, a2, a7             : IntAlu :  D=0x830106ff0701037f
2359500: system.cpu: T0 : 0x21140    : c_and a3, a2               : IntAlu :  D=0x8101000101010101
2360500: system.cpu: T0 : 0x21142    : or a3, a3, a6              : IntAlu :  D=0xfffffeffffffffff
2361500: system.cpu: T0 : 0x21146    : beq a3, t3, 88             : IntAlu : 
2362500: system.cpu: T0 : 0x2114a    : lbu a3, -8(a5)             : MemRead :  D=0x000000000000006f A=0x7fffffffffffffe0
2363500: system.cpu: T0 : 0x2114e    : beq a3, a4, -80            : IntAlu : 
2364000: system.cpu: T0 : 0x21152    : c_beqz a3, 72              : IntAlu : 
2364500: system.cpu: T0 : 0x21154    : lbu a3, -7(a5)             : MemRead :  D=0x0000000000000061 A=0x7fffffffffffffe1
2365000: system.cpu: T0 : 0x21158    : beq a3, a4, 74             : IntAlu : 
2365500: system.cpu: T0 : 0x2115c    : c_beqz a3, 62              : IntAlu : 
2366500: system.cpu: T0 : 0x2115e    : lbu a3, -6(a5)             : MemRead :  D=0x0000000000000064 A=0x7fffffffffffffe2
2367500: system.cpu: T0 : 0x21162    : beq a3, a4, 68             : IntAlu : 
2368000: system.cpu: T0 : 0x21166    : c_beqz a3, 52              : IntAlu : 
2368500: system.cpu: T0 : 0x21168    : lbu a3, -5(a5)             : MemRead :  D=0x0000000000000073 A=0x7fffffffffffffe3
2369000: system.cpu: T0 : 0x2116c    : beq a3, a4, 62             : IntAlu : 
2369500: system.cpu: T0 : 0x21170    : c_beqz a3, 42              : IntAlu : 
2370500: system.cpu: T0 : 0x21172    : lbu a3, -4(a5)             : MemRead :  D=0x000000000000002f A=0x7fffffffffffffe4
2371500: system.cpu: T0 : 0x21176    : beq a3, a4, 56             : IntAlu : 
2372000: system.cpu: T0 : 0x211ae    : c_addi a0, 4               : IntAlu :  D=0x7fffffffffffffe4
2372500: system.cpu: T0 : 0x211b0    : c_jr ra                    : IntAlu : 
2373000: system.cpu: T0 : 0x3a492    : c_bnez a0, -14             : IntAlu : 
2373500: system.cpu: T0 : 0x3a484    : addi s0, a0, 1             : IntAlu :  D=0x7fffffffffffffe5
2374000: system.cpu: T0 : 0x3a488    : c_mv s2, a0                : IntAlu :  D=0x7fffffffffffffe4
2374500: system.cpu: T0 : 0x3a48a    : c_mv a0, s0                : IntAlu :  D=0x7fffffffffffffe5
2375000: system.cpu: T0 : 0x3a48c    : c_mv a1, s1                : IntAlu :  D=0x000000000000002f
2376000: system.cpu: T0 : 0x3a48e    : jal ra, -103342            : IntAlu :  D=0x000000000003a492
2376500: system.cpu: T0 : 0x210e0    : andi a5, a0, 7             : IntAlu :  D=0x0000000000000005
2377000: system.cpu: T0 : 0x210e4    : andi a4, a1, 255           : IntAlu :  D=0x000000000000002f
2377500: system.cpu: T0 : 0x210e8    : c_bnez a5, 14              : IntAlu : 
2378500: system.cpu: T0 : 0x210f6    : lbu a5, 0(a0)              : MemRead :  D=0x0000000000000073 A=0x7fffffffffffffe5
2379500: system.cpu: T0 : 0x210fa    : bne a5, a4, -14            : IntAlu : 
2380000: system.cpu: T0 : 0x210ec    : c_addi a0, 1               : IntAlu :  D=0x7fffffffffffffe6
2381000: system.cpu: T0 : 0x210ee    : andi a3, a0, 7             : IntAlu :  D=0x0000000000000006
2381500: system.cpu: T0 : 0x210f2    : c_beqz a5, 168             : IntAlu : 
2382000: system.cpu: T0 : 0x210f4    : c_beqz a3, 12              : IntAlu : 
2383000: system.cpu: T0 : 0x210f6    : lbu a5, 0(a0)              : MemRead :  D=0x0000000000000074 A=0x7fffffffffffffe6
2384000: system.cpu: T0 : 0x210fa    : bne a5, a4, -14            : IntAlu : 
2384500: system.cpu: T0 : 0x210ec    : c_addi a0, 1               : IntAlu :  D=0x7fffffffffffffe7
2385500: system.cpu: T0 : 0x210ee    : andi a3, a0, 7             : IntAlu :  D=0x0000000000000007
2386000: system.cpu: T0 : 0x210f2    : c_beqz a5, 168             : IntAlu : 
2386500: system.cpu: T0 : 0x210f4    : c_beqz a3, 12              : IntAlu : 
2387500: system.cpu: T0 : 0x210f6    : lbu a5, 0(a0)              : MemRead :  D=0x0000000000000061 A=0x7fffffffffffffe7
2388500: system.cpu: T0 : 0x210fa    : bne a5, a4, -14            : IntAlu : 
2389000: system.cpu: T0 : 0x210ec    : c_addi a0, 1               : IntAlu :  D=0x7fffffffffffffe8
2390000: system.cpu: T0 : 0x210ee    : andi a3, a0, 7             : IntAlu :  D=0x0000000000000000
2390500: system.cpu: T0 : 0x210f2    : c_beqz a5, 168             : IntAlu : 
2391000: system.cpu: T0 : 0x210f4    : c_beqz a3, 12              : IntAlu : 
2391500: system.cpu: T0 : 0x21100    : c_lui a3, 16               : IntAlu :  D=0x0000000000010000
2392500: system.cpu: T0 : 0x21102    : slliw a5, a1, 8            : IntAlu :  D=0x0000000000002f00
2393000: system.cpu: T0 : 0x21106    : c_addi a3, -1              : IntAlu :  D=0x000000000000ffff
2393500: system.cpu: T0 : 0x21108    : c_and a5, a3               : IntAlu :  D=0x0000000000002f00
2394500: system.cpu: T0 : 0x2110a    : andi a1, a1, 255           : IntAlu :  D=0x000000000000002f
2395000: system.cpu: T0 : 0x2110e    : c_or a1, a5                : IntAlu :  D=0x0000000000002f2f
2395500: system.cpu: T0 : 0x21110    : c_addiw a1, 0              : IntAlu :  D=0x0000000000002f2f
2396500: system.cpu: T0 : 0x21112    : slli t1, a1, 16            : IntAlu :  D=0x000000002f2f0000
2397500: system.cpu: T0 : 0x21116    : or a1, t1, a1              : IntAlu :  D=0x000000002f2f2f2f
2398500: system.cpu: T0 : 0x2111a    : ld a6, -2032(gp)           : MemRead :  D=0x7efefefefefefeff A=0x72b40
2399500: system.cpu: T0 : 0x2111e    : slli t1, a1, 32            : IntAlu :  D=0x2f2f2f2f00000000
2400500: system.cpu: T0 : 0x21122    : or t1, t1, a1              : IntAlu :  D=0x2f2f2f2f2f2f2f2f
2401000: system.cpu: T0 : 0x21126    : c_li t3, -1                : IntAlu :  D=0xffffffffffffffff
2401500: system.cpu: T0 : 0x21128    : c_ld a1, 0(a0)             : MemRead :  D=0xc9006574616d6574 A=0x7fffffffffffffe8
2402500: system.cpu: T0 : 0x2112a    : addi a5, a0, 8             : IntAlu :  D=0x7ffffffffffffff0
2403500: system.cpu: T0 : 0x2112e    : xor a7, t1, a1             : IntAlu :  D=0xe62f4a5b4e424a5b
2404500: system.cpu: T0 : 0x21132    : add a3, a1, a6             : IntAlu :  D=0x47ff6473606c6473
2405500: system.cpu: T0 : 0x21136    : add a2, a7, a6             : IntAlu :  D=0x652e495a4d41495a
2406000: system.cpu: T0 : 0x2113a    : c_xor a3, a1               : IntAlu :  D=0x8eff010701010107
2406500: system.cpu: T0 : 0x2113c    : xor a2, a2, a7             : IntAlu :  D=0x8301030103030301
2407000: system.cpu: T0 : 0x21140    : c_and a3, a2               : IntAlu :  D=0x8201010101010101
2408000: system.cpu: T0 : 0x21142    : or a3, a3, a6              : IntAlu :  D=0xfeffffffffffffff
2409000: system.cpu: T0 : 0x21146    : beq a3, t3, 88             : IntAlu : 
2410000: system.cpu: T0 : 0x2114a    : lbu a3, -8(a5)             : MemRead :  D=0x0000000000000074 A=0x7fffffffffffffe8
2411000: system.cpu: T0 : 0x2114e    : beq a3, a4, -80            : IntAlu : 
2411500: system.cpu: T0 : 0x21152    : c_beqz a3, 72              : IntAlu : 
2412000: system.cpu: T0 : 0x21154    : lbu a3, -7(a5)             : MemRead :  D=0x0000000000000065 A=0x7fffffffffffffe9
2412500: system.cpu: T0 : 0x21158    : beq a3, a4, 74             : IntAlu : 
2413000: system.cpu: T0 : 0x2115c    : c_beqz a3, 62              : IntAlu : 
2414000: system.cpu: T0 : 0x2115e    : lbu a3, -6(a5)             : MemRead :  D=0x000000000000006d A=0x7fffffffffffffea
2415000: system.cpu: T0 : 0x21162    : beq a3, a4, 68             : IntAlu : 
2415500: system.cpu: T0 : 0x21166    : c_beqz a3, 52              : IntAlu : 
2416000: system.cpu: T0 : 0x21168    : lbu a3, -5(a5)             : MemRead :  D=0x0000000000000061 A=0x7fffffffffffffeb
2416500: system.cpu: T0 : 0x2116c    : beq a3, a4, 62             : IntAlu : 
2417000: system.cpu: T0 : 0x21170    : c_beqz a3, 42              : IntAlu : 
2418000: system.cpu: T0 : 0x21172    : lbu a3, -4(a5)             : MemRead :  D=0x0000000000000074 A=0x7fffffffffffffec
2419000: system.cpu: T0 : 0x21176    : beq a3, a4, 56             : IntAlu : 
2419500: system.cpu: T0 : 0x2117a    : c_beqz a3, 32              : IntAlu : 
2420000: system.cpu: T0 : 0x2117c    : lbu a3, -3(a5)             : MemRead :  D=0x0000000000000065 A=0x7fffffffffffffed
2420500: system.cpu: T0 : 0x21180    : beq a3, a4, 50             : IntAlu : 
2421000: system.cpu: T0 : 0x21184    : c_beqz a3, 22              : IntAlu : 
2422000: system.cpu: T0 : 0x21186    : lbu a3, -2(a5)             : MemRead :  D=0x0000000000000000 A=0x7fffffffffffffee
2423000: system.cpu: T0 : 0x2118a    : beq a3, a4, 44             : IntAlu : 
2423500: system.cpu: T0 : 0x2118e    : c_beqz a3, 12              : IntAlu : 
2424000: system.cpu: T0 : 0x2119a    : c_li a0, 0                 : IntAlu :  D=0x0000000000000000
2424500: system.cpu: T0 : 0x2119c    : c_jr ra                    : IntAlu : 
2425000: system.cpu: T0 : 0x3a492    : c_bnez a0, -14             : IntAlu : 
2425500: system.cpu: T0 : 0x3a494    : c_ldsp ra, 24(sp)          : MemRead :  D=0x0000000000024300 A=0x7ffffffffffffda8
2426000: system.cpu: T0 : 0x3a496    : c_ldsp s0, 16(sp)          : MemRead :  D=0x7fffffffffffff38 A=0x7ffffffffffffda0
2426500: system.cpu: T0 : 0x3a498    : c_ldsp s1, 8(sp)           : MemRead :  D=0x7fffffffffffffd8 A=0x7ffffffffffffd98
2427000: system.cpu: T0 : 0x3a49a    : c_mv a0, s2                : IntAlu :  D=0x7fffffffffffffe4
2427500: system.cpu: T0 : 0x3a49c    : c_ldsp s2, 0(sp)           : MemRead :  D=0x7fffffffffffff48 A=0x7ffffffffffffd90
2428000: system.cpu: T0 : 0x3a49e    : c_addi16sp sp, 32          : IntAlu :  D=0x7ffffffffffffdb0
2428500: system.cpu: T0 : 0x3a4a0    : c_jr ra                    : IntAlu : 
2429000: system.cpu: T0 : 0x24300    : c_beqz a0, 26              : IntAlu : 
2429500: system.cpu: T0 : 0x24302    : c_addi a0, 1               : IntAlu :  D=0x7fffffffffffffe5
2430000: system.cpu: T0 : 0x24304    : sd a0, -1824(gp)           : MemWrite :  D=0x7fffffffffffffe5 A=0x72c10
2430500: system.cpu: T0 : 0x24308    : c_ld a4, 0(s0)             : MemRead :  D=0x7fffffffffffffd8 A=0x7fffffffffffff38
2431500: system.cpu: T0 : 0x2430a    : sd a4, -1816(gp)           : MemWrite :  D=0x7fffffffffffffd8 A=0x72c18
2432000: system.cpu: T0 : 0x2430e    : c_ldsp ra, 24(sp)          : MemRead :  D=0x00000000000253e2 A=0x7ffffffffffffdc8
2432500: system.cpu: T0 : 0x24310    : c_ldsp s0, 16(sp)          : MemRead :  D=0x0000000000000001 A=0x7ffffffffffffdc0
2433000: system.cpu: T0 : 0x24312    : c_ldsp s1, 8(sp)           : MemRead :  D=0x7fffffffffffff38 A=0x7ffffffffffffdb8
2433500: system.cpu: T0 : 0x24314    : c_addi16sp sp, 32          : IntAlu :  D=0x7ffffffffffffdd0
2434000: system.cpu: T0 : 0x24316    : c_jr ra                    : IntAlu : 
2434500: system.cpu: T0 : 0x253e2    : c_ldsp s0, 16(sp)          : MemRead :  D=0x0000000000012fbe A=0x7ffffffffffffde0
2435000: system.cpu: T0 : 0x253e4    : c_ldsp ra, 24(sp)          : MemRead :  D=0x0000000000012c32 A=0x7ffffffffffffde8
2435500: system.cpu: T0 : 0x253e6    : c_ldsp s1, 8(sp)           : MemRead :  D=0x000000000001304e A=0x7ffffffffffffdd8
2436000: system.cpu: T0 : 0x253e8    : c_ldsp s2, 0(sp)           : MemRead :  D=0x0000000000000000 A=0x7ffffffffffffdd0
2436500: system.cpu: T0 : 0x253ea    : c_addi16sp sp, 32          : IntAlu :  D=0x7ffffffffffffdf0
2437000: system.cpu: T0 : 0x253ec    : jal zero, 35004            : IntAlu :  D=0x00000000000253f0
2437500: system.cpu: T0 : 0x2dca8    : ld a5, 0(tp)               : MemRead :  D=0x0000000000072678 A=0x75710
2438000: system.cpu: T0 : 0x2dcac    : c_ld a5, 0(a5)             : MemRead :  D=0x0000000000053e90 A=0x72678
2438500: system.cpu: T0 : 0x2dcae    : c_ld a0, 64(a5)            : MemRead :  D=0x00000000000556c0 A=0x53ed0
2439000: system.cpu: T0 : 0x2dcb0    : c_ld a2, 72(a5)            : MemRead :  D=0x0000000000054cc0 A=0x53ed8
2439500: system.cpu: T0 : 0x2dcb2    : c_ld a4, 88(a5)            : MemRead :  D=0x00000000000546c0 A=0x53ee8
2440000: system.cpu: T0 : 0x2dcb4    : addi a0, a0, 256           : IntAlu :  D=0x00000000000557c0
2440500: system.cpu: T0 : 0x2dcb8    : addi a2, a2, 512           : IntAlu :  D=0x0000000000054ec0
2441000: system.cpu: T0 : 0x2dcbc    : addi a4, a4, 512           : IntAlu :  D=0x00000000000548c0
2441500: system.cpu: T0 : 0x2dcc0    : sd a0, 80(tp)              : MemWrite :  D=0x00000000000557c0 A=0x75760
2442000: system.cpu: T0 : 0x2dcc4    : sd a2, 72(tp)              : MemWrite :  D=0x0000000000054ec0 A=0x75758
2442500: system.cpu: T0 : 0x2dcc8    : sd a4, 64(tp)              : MemWrite :  D=0x00000000000548c0 A=0x75750
2443000: system.cpu: T0 : 0x2dccc    : c_jr ra                    : IntAlu : 
2443500: system.cpu: T0 : 0x12c32    : c_beqz s1, 12              : IntAlu : 
2444000: system.cpu: T0 : 0x12c34    : c_li a2, 0                 : IntAlu :  D=0x0000000000000000
2444500: system.cpu: T0 : 0x12c36    : c_li a1, 0                 : IntAlu :  D=0x0000000000000000
2445000: system.cpu: T0 : 0x12c38    : c_mv a0, s1                : IntAlu :  D=0x000000000001304e
2446000: system.cpu: T0 : 0x12c3a    : jal ra, 17628              : IntAlu :  D=0x0000000000012c3e
2447000: system.cpu: T0 : 0x17116    : addi a3, gp, -1936         : IntAlu :  D=0x0000000000072ba0
2447500: system.cpu: T0 : 0x1711a    : c_j -204                   : IntAlu : 
2448000: system.cpu: T0 : 0x1704e    : c_addi16sp sp, -64         : IntAlu :  D=0x7ffffffffffffdb0
2448500: system.cpu: T0 : 0x17050    : c_sdsp ra, 56(sp)          : MemWrite :  D=0x0000000000012c3e A=0x7ffffffffffffde8
2449000: system.cpu: T0 : 0x17052    : c_sdsp s0, 48(sp)          : MemWrite :  D=0x0000000000012fbe A=0x7ffffffffffffde0
2449500: system.cpu: T0 : 0x17054    : c_sdsp s1, 40(sp)          : MemWrite :  D=0x000000000001304e A=0x7ffffffffffffdd8
2450000: system.cpu: T0 : 0x17056    : c_sdsp s2, 32(sp)          : MemWrite :  D=0x0000000000000000 A=0x7ffffffffffffdd0
2450500: system.cpu: T0 : 0x17058    : c_sdsp s3, 24(sp)          : MemWrite :  D=0x0000000000000000 A=0x7ffffffffffffdc8
2451000: system.cpu: T0 : 0x1705a    : c_beqz a0, 156             : IntAlu : 
2451500: system.cpu: T0 : 0x1705c    : lui s0, 116                : IntAlu :  D=0x0000000000074000
2452000: system.cpu: T0 : 0x17060    : c_mv s2, a2                : IntAlu :  D=0x0000000000000000
2452500: system.cpu: T0 : 0x17062    : c_mv s1, a0                : IntAlu :  D=0x000000000001304e
2453000: system.cpu: T0 : 0x17064    : c_mv s3, a1                : IntAlu :  D=0x0000000000000000
2453500: system.cpu: T0 : 0x17066    : c_li a4, 1                 : IntAlu :  D=0x0000000000000001
2454000: system.cpu: T0 : 0x17068    : addi a2, s0, 520           : IntAlu :  D=0x0000000000074208
2454500: system.cpu: T0 : 0x1706c    : lr_w a5, (a2)             
2454500: system.cpu: T0 : 0x1706c. 0 : lr_w a5, (a2)              : MemRead :  D=0x0000000000000000 A=0x74208
2455000: system.cpu: T0 : 0x17070    : c_bnez a5, 8               : IntAlu : 
2456000: system.cpu: T0 : 0x17072    : sc_w_aq a1, a4, (a2)      
2456000: system.cpu: T0 : 0x17072. 0 : sc_w a1, a4, (a2)          : MemWrite :  D=0x0000000000000000 A=0x74208
2456500: system.cpu: T0 : 0x17072. 1 : 0x1ce625af fence           : No_OpClass : 
2457000: system.cpu: T0 : 0x17076    : c_bnez a1, -10             : IntAlu : 
2457500: system.cpu: T0 : 0x17078    : c_addiw a5, 0              : IntAlu :  D=0x0000000000000000
2458000: system.cpu: T0 : 0x1707a    : c_bnez a5, 64              : IntAlu : 
2458500: system.cpu: T0 : 0x1707c    : c_mv a0, a3                : IntAlu :  D=0x0000000000072ba0
2459500: system.cpu: T0 : 0x1707e    : jal ra, -242               : IntAlu :  D=0x0000000000017082
2460000: system.cpu: T0 : 0x16f8c    : lbu a5, -1476(gp)          : MemRead :  D=0x0000000000000000 A=0x72d6c
2460500: system.cpu: T0 : 0x16f90    : c_bnez a5, 186             : IntAlu : 
2461000: system.cpu: T0 : 0x16f92    : c_addi sp, -32             : IntAlu :  D=0x7ffffffffffffd90
2461500: system.cpu: T0 : 0x16f94    : c_sdsp s1, 8(sp)           : MemWrite :  D=0x000000000001304e A=0x7ffffffffffffd98
2462000: system.cpu: T0 : 0x16f96    : c_ld s1, 0(a0)             : MemRead :  D=0x0000000000073488 A=0x72ba0
2462500: system.cpu: T0 : 0x16f98    : c_sdsp s0, 16(sp)          : MemWrite :  D=0x0000000000074000 A=0x7ffffffffffffda0
2463000: system.cpu: T0 : 0x16f9a    : c_sdsp ra, 24(sp)          : MemWrite :  D=0x0000000000017082 A=0x7ffffffffffffda8
2463500: system.cpu: T0 : 0x16f9c    : c_mv s0, a0                : IntAlu :  D=0x0000000000072ba0
2464000: system.cpu: T0 : 0x16f9e    : c_beqz s1, 140             : IntAlu : 
2464500: system.cpu: T0 : 0x16fa0    : c_mv a1, s1                : IntAlu :  D=0x0000000000073488
2465000: system.cpu: T0 : 0x16fa2    : c_li a6, 0                 : IntAlu :  D=0x0000000000000000
2465500: system.cpu: T0 : 0x16fa4    : c_ld a4, 8(a1)             : MemRead :  D=0x0000000000000000 A=0x73490
2466500: system.cpu: T0 : 0x16fa6    : slli a5, a4, 5             : IntAlu :  D=0x0000000000000000
2467000: system.cpu: T0 : 0x16faa    : c_add a5, a1               : IntAlu :  D=0x0000000000073488
2467500: system.cpu: T0 : 0x16fac    : c_beqz a4, 18              : IntAlu : 
2468000: system.cpu: T0 : 0x16fbe    : c_ld a5, 0(a1)             : MemRead :  D=0x0000000000000000 A=0x73488
2468500: system.cpu: T0 : 0x16fc0    : sd zero, 8(a1)             : MemWrite :  D=0x0000000000000000 A=0x73490
2469000: system.cpu: T0 : 0x16fc4    : c_mv a6, a1                : IntAlu :  D=0x0000000000073488
2469500: system.cpu: T0 : 0x16fc6    : c_beqz a5, 78              : IntAlu : 
2470000: system.cpu: T0 : 0x17014    : c_li a5, 1                 : IntAlu :  D=0x0000000000000001
2471000: system.cpu: T0 : 0x17016    : addi a0, a1, 16            : IntAlu :  D=0x0000000000073498
2471500: system.cpu: T0 : 0x1701a    : c_sd a5, 8(a1)             : MemWrite :  D=0x0000000000000001 A=0x73490
2472000: system.cpu: T0 : 0x1701c    : c_j -60                    : IntAlu : 
2472500: system.cpu: T0 : 0x16fe0    : lui a4, 116                : IntAlu :  D=0x0000000000074000
2473000: system.cpu: T0 : 0x16fe4    : ld a5, 528(a4)             : MemRead :  D=0x0000000000000000 A=0x74210
2473500: system.cpu: T0 : 0x16fe8    : c_ldsp ra, 24(sp)          : MemRead :  D=0x0000000000017082 A=0x7ffffffffffffda8
2474000: system.cpu: T0 : 0x16fea    : c_ldsp s0, 16(sp)          : MemRead :  D=0x0000000000074000 A=0x7ffffffffffffda0
2474500: system.cpu: T0 : 0x16fec    : c_li a3, 1                 : IntAlu :  D=0x0000000000000001
2475000: system.cpu: T0 : 0x16fee    : c_sd a3, 0(a0)             : MemWrite :  D=0x0000000000000001 A=0x73498
2475500: system.cpu: T0 : 0x16ff0    : c_addi a5, 1               : IntAlu :  D=0x0000000000000001
2476500: system.cpu: T0 : 0x16ff2    : sd a5, 528(a4)             : MemWrite :  D=0x0000000000000001 A=0x74210
2477000: system.cpu: T0 : 0x16ff6    : c_ldsp s1, 8(sp)           : MemRead :  D=0x000000000001304e A=0x7ffffffffffffd98
2477500: system.cpu: T0 : 0x16ff8    : c_addi16sp sp, 32          : IntAlu :  D=0x7ffffffffffffdb0
2478000: system.cpu: T0 : 0x16ffa    : c_jr ra                    : IntAlu : 
2478500: system.cpu: T0 : 0x17082    : c_beqz a0, 70              : IntAlu : 
2479000: system.cpu: T0 : 0x17084    : c_li a5, 4                 : IntAlu :  D=0x0000000000000004
2479500: system.cpu: T0 : 0x17086    : c_sd a5, 0(a0)             : MemWrite :  D=0x0000000000000004 A=0x73498
2480000: system.cpu: T0 : 0x17088    : c_sd s1, 8(a0)             : MemWrite :  D=0x000000000001304e A=0x734a0
2481000: system.cpu: T0 : 0x1708a    : sd s3, 16(a0)              : MemWrite :  D=0x0000000000000000 A=0x734a8
2482000: system.cpu: T0 : 0x1708e    : sd s2, 24(a0)              : MemWrite :  D=0x0000000000000000 A=0x734b0
2482500: system.cpu: T0 : 0x17092    : c_li a5, 0                 : IntAlu :  D=0x0000000000000000
2483000: system.cpu: T0 : 0x17094    : addi a4, s0, 520           : IntAlu :  D=0x0000000000074208
2483500: system.cpu: T0 : 0x17098    : fence iorw, ow             : No_OpClass : 
2484000: system.cpu: T0 : 0x1709c    : amoswap_w a5, a5, (a4)    
2484000: system.cpu: T0 : 0x1709c. 0 : amoswap_w[l] a5, a5, (a4)  : MemRead :  D=0x0000000000000001 A=0x74208
2484500: system.cpu: T0 : 0x170a0    : c_addiw a5, 0              : IntAlu :  D=0x0000000000000001
2485000: system.cpu: T0 : 0x170a2    : c_li a3, 1                 : IntAlu :  D=0x0000000000000001
2485500: system.cpu: T0 : 0x170a4    : c_li a4, 0                 : IntAlu :  D=0x0000000000000000
2486500: system.cpu: T0 : 0x170a6    : blt a3, a5, 58             : IntAlu : 
2487000: system.cpu: T0 : 0x170aa    : c_ldsp ra, 56(sp)          : MemRead :  D=0x0000000000012c3e A=0x7ffffffffffffde8
2487500: system.cpu: T0 : 0x170ac    : c_ldsp s0, 48(sp)          : MemRead :  D=0x0000000000012fbe A=0x7ffffffffffffde0
2488000: system.cpu: T0 : 0x170ae    : c_ldsp s1, 40(sp)          : MemRead :  D=0x000000000001304e A=0x7ffffffffffffdd8
2488500: system.cpu: T0 : 0x170b0    : c_ldsp s2, 32(sp)          : MemRead :  D=0x0000000000000000 A=0x7ffffffffffffdd0
2489000: system.cpu: T0 : 0x170b2    : c_ldsp s3, 24(sp)          : MemRead :  D=0x0000000000000000 A=0x7ffffffffffffdc8
2489500: system.cpu: T0 : 0x170b4    : c_mv a0, a4                : IntAlu :  D=0x0000000000000000
2490000: system.cpu: T0 : 0x170b6    : c_addi16sp sp, 64          : IntAlu :  D=0x7ffffffffffffdf0
2490500: system.cpu: T0 : 0x170b8    : c_jr ra                    : IntAlu : 
2491500: system.cpu: T0 : 0x12c3e    : lui a5, 113                : IntAlu :  D=0x0000000000071000
2492500: system.cpu: T0 : 0x12c42    : lw a5, -72(a5)             : MemRead :  D=0x0000000000000000 A=0x70fb8
2493500: system.cpu: T0 : 0x12c46    : bne a5, zero, 238          : IntAlu : 
2494000: system.cpu: T0 : 0x12c4a    : c_beqz s0, 12              : IntAlu : 
2494500: system.cpu: T0 : 0x12c4c    : ld a2, -1360(gp)           : MemRead :  D=0x7fffffffffffff48 A=0x72de0
2495000: system.cpu: T0 : 0x12c50    : c_ldsp a1, 16(sp)          : MemRead :  D=0x7fffffffffffff38 A=0x7ffffffffffffe00
2495500: system.cpu: T0 : 0x12c52    : c_ldsp a0, 8(sp)           : MemRead :  D=0x0000000000000001 A=0x7ffffffffffffdf8
2496000: system.cpu: T0 : 0x12c54    : c_jalr s0                  : IntAlu :  D=0x0000000000012c56
2496500: system.cpu: T0 : 0x12fbe    : c_addi16sp sp, -64         : IntAlu :  D=0x7ffffffffffffdb0
2497000: system.cpu: T0 : 0x12fc0    : c_sdsp s0, 48(sp)          : MemWrite :  D=0x0000000000012fbe A=0x7ffffffffffffde0
2497500: system.cpu: T0 : 0x12fc2    : c_sdsp s5, 8(sp)           : MemWrite :  D=0x0000000000000000 A=0x7ffffffffffffdb8
2498000: system.cpu: T0 : 0x12fc4    : lui s0, 113                : IntAlu :  D=0x0000000000071000
2498500: system.cpu: T0 : 0x12fc8    : lui s5, 113                : IntAlu :  D=0x0000000000071000
2499000: system.cpu: T0 : 0x12fcc    : addi a5, s0, -1296         : IntAlu :  D=0x0000000000070af0
2499500: system.cpu: T0 : 0x12fd0    : addi s5, s5, -1288         : IntAlu :  D=0x0000000000070af8
2500000: system.cpu: T0 : 0x12fd4    : sub s5, s5, a5             : IntAlu :  D=0x0000000000000008
2500500: system.cpu: T0 : 0x12fd8    : c_sdsp s2, 32(sp)          : MemWrite :  D=0x0000000000000000 A=0x7ffffffffffffdd0
2501000: system.cpu: T0 : 0x12fda    : c_sdsp s3, 24(sp)          : MemWrite :  D=0x0000000000000000 A=0x7ffffffffffffdc8
2501500: system.cpu: T0 : 0x12fdc    : c_sdsp s4, 16(sp)          : MemWrite :  D=0x0000000000000000 A=0x7ffffffffffffdc0
2502000: system.cpu: T0 : 0x12fde    : c_sdsp ra, 56(sp)          : MemWrite :  D=0x0000000000012c56 A=0x7ffffffffffffde8
2502500: system.cpu: T0 : 0x12fe0    : c_sdsp s1, 40(sp)          : MemWrite :  D=0x000000000001304e A=0x7ffffffffffffdd8
2503500: system.cpu: T0 : 0x12fe2    : srai s5, s5, 3             : IntAlu :  D=0x0000000000000001
2504000: system.cpu: T0 : 0x12fe6    : c_mv s2, a0                : IntAlu :  D=0x0000000000000001
2504500: system.cpu: T0 : 0x12fe8    : c_mv s3, a1                : IntAlu :  D=0x7fffffffffffff38
2505000: system.cpu: T0 : 0x12fea    : c_mv s4, a2                : IntAlu :  D=0x7fffffffffffff48
2505500: system.cpu: T0 : 0x12fec    : beq s5, zero, 28           : IntAlu : 
2506000: system.cpu: T0 : 0x12ff0    : addi s0, s0, -1296         : IntAlu :  D=0x0000000000070af0
2506500: system.cpu: T0 : 0x12ff4    : c_li s1, 0                 : IntAlu :  D=0x0000000000000000
2507000: system.cpu: T0 : 0x12ff6    : c_ld a5, 0(s0)             : MemRead :  D=0x0000000000010376 A=0x70af0
2507500: system.cpu: T0 : 0x12ff8    : c_mv a2, s4                : IntAlu :  D=0x7fffffffffffff48
2508000: system.cpu: T0 : 0x12ffa    : c_mv a1, s3                : IntAlu :  D=0x7fffffffffffff38
2508500: system.cpu: T0 : 0x12ffc    : c_mv a0, s2                : IntAlu :  D=0x0000000000000001
2509000: system.cpu: T0 : 0x12ffe    : c_addi s1, 1               : IntAlu :  D=0x0000000000000001
2509500: system.cpu: T0 : 0x13000    : c_jalr a5                  : IntAlu :  D=0x0000000000013002
2510500: system.cpu: T0 : 0x10376    : auipc gp, 99               : IntAlu :  D=0x0000000000073376
2511500: system.cpu: T0 : 0x1037a    : addi gp, gp, -70           : IntAlu :  D=0x0000000000073330
2512000: system.cpu: T0 : 0x1037e    : c_jr ra                    : IntAlu : 
2512500: system.cpu: T0 : 0x13002    : c_addi s0, 8               : IntAlu :  D=0x0000000000070af8
2513000: system.cpu: T0 : 0x13004    : bne s5, s1, -14            : IntAlu : 
2513500: system.cpu: T0 : 0x13008    : lui s0, 113                : IntAlu :  D=0x0000000000071000
2514000: system.cpu: T0 : 0x1300c    : lui s5, 113                : IntAlu :  D=0x0000000000071000
2514500: system.cpu: T0 : 0x13010    : addi a5, s0, -1288         : IntAlu :  D=0x0000000000070af8
2515000: system.cpu: T0 : 0x13014    : addi s5, s5, -1280         : IntAlu :  D=0x0000000000070b00
2515500: system.cpu: T0 : 0x13018    : sub s5, s5, a5             : IntAlu :  D=0x0000000000000008
2516000: system.cpu: T0 : 0x1301c    : srai s5, s5, 3             : IntAlu :  D=0x0000000000000001
2516500: system.cpu: T0 : 0x13020    : beq s5, zero, 28           : IntAlu : 
2517000: system.cpu: T0 : 0x13024    : addi s0, s0, -1288         : IntAlu :  D=0x0000000000070af8
2517500: system.cpu: T0 : 0x13028    : c_li s1, 0                 : IntAlu :  D=0x0000000000000000
2518000: system.cpu: T0 : 0x1302a    : c_ld a5, 0(s0)             : MemRead :  D=0x000000000001040a A=0x70af8
2518500: system.cpu: T0 : 0x1302c    : c_mv a2, s4                : IntAlu :  D=0x7fffffffffffff48
2519000: system.cpu: T0 : 0x1302e    : c_mv a1, s3                : IntAlu :  D=0x7fffffffffffff38
2519500: system.cpu: T0 : 0x13030    : c_mv a0, s2                : IntAlu :  D=0x0000000000000001
2520000: system.cpu: T0 : 0x13032    : c_addi s1, 1               : IntAlu :  D=0x0000000000000001
2520500: system.cpu: T0 : 0x13034    : c_jalr a5                  : IntAlu :  D=0x0000000000013036
2521500: system.cpu: T0 : 0x1040a    : lui a5, 79                 : IntAlu :  D=0x000000000004f000
2522500: system.cpu: T0 : 0x1040e    : addi a5, a5, -1372         : IntAlu :  D=0x000000000004eaa4
2523000: system.cpu: T0 : 0x10412    : c_beqz a5, 28              : IntAlu : 
2523500: system.cpu: T0 : 0x10414    : lui a0, 108                : IntAlu :  D=0x000000000006c000
2524000: system.cpu: T0 : 0x10418    : c_addi sp, -16             : IntAlu :  D=0x7ffffffffffffda0
2525000: system.cpu: T0 : 0x1041a    : addi a1, gp, -1008         : IntAlu :  D=0x0000000000072f40
2526000: system.cpu: T0 : 0x1041e    : addi a0, a0, 2000          : IntAlu :  D=0x000000000006c7d0
2526500: system.cpu: T0 : 0x10422    : c_sdsp ra, 8(sp)           : MemWrite :  D=0x0000000000013036 A=0x7ffffffffffffda8
2527000: system.cpu: T0 : 0x10424    : jal ra, 255616             : IntAlu :  D=0x0000000000010428
2527500: system.cpu: T0 : 0x4eaa4    : c_beqz a0, 12              : IntAlu : 
2528000: system.cpu: T0 : 0x4eaa6    : c_lw a5, 0(a0)             : MemRead :  D=0x000000000000001c A=0x6c7d0
2528500: system.cpu: T0 : 0x4eaa8    : c_beqz a5, 8               : IntAlu : 
2529000: system.cpu: T0 : 0x4eaaa    : c_li a3, 0                 : IntAlu :  D=0x0000000000000000
2529500: system.cpu: T0 : 0x4eaac    : c_li a2, 0                 : IntAlu :  D=0x0000000000000000
2530000: system.cpu: T0 : 0x4eaae    : c_j -144                   : IntAlu : 
2530500: system.cpu: T0 : 0x4ea1e    : c_li a5, -1                : IntAlu :  D=0xffffffffffffffff
2531000: system.cpu: T0 : 0x4ea20    : c_addi sp, -32             : IntAlu :  D=0x7ffffffffffffd80
2531500: system.cpu: T0 : 0x4ea22    : c_sd a5, 0(a1)             : MemWrite :  D=0xffffffffffffffff A=0x72f40
2532000: system.cpu: T0 : 0x4ea24    : addi a5, zero, 2040        : IntAlu :  D=0x00000000000007f8
2532500: system.cpu: T0 : 0x4ea28    : c_sdsp s0, 16(sp)          : MemWrite :  D=0x0000000000070af8 A=0x7ffffffffffffd90
2533000: system.cpu: T0 : 0x4ea2a    : c_sdsp s1, 8(sp)           : MemWrite :  D=0x0000000000000001 A=0x7ffffffffffffd88
2533500: system.cpu: T0 : 0x4ea2c    : c_sdsp ra, 24(sp)          : MemWrite :  D=0x0000000000010428 A=0x7ffffffffffffd98
2534000: system.cpu: T0 : 0x4ea2e    : c_sd a2, 8(a1)             : MemWrite :  D=0x0000000000000000 A=0x72f48
2534500: system.cpu: T0 : 0x4ea30    : c_sd a3, 16(a1)            : MemWrite :  D=0x0000000000000000 A=0x72f50
2535000: system.cpu: T0 : 0x4ea32    : c_sd a0, 24(a1)            : MemWrite :  D=0x000000000006c7d0 A=0x72f58
2535500: system.cpu: T0 : 0x4ea34    : c_sd a5, 32(a1)            : MemWrite :  D=0x00000000000007f8 A=0x72f60
2536500: system.cpu: T0 : 0x4ea36    : auipc s1, 36               : IntAlu :  D=0x0000000000072a36
2537500: system.cpu: T0 : 0x4ea3a    : ld s1, -446(s1)            : MemRead :  D=0x0000000000000000 A=0x72878
2538000: system.cpu: T0 : 0x4ea3e    : c_mv s0, a1                : IntAlu :  D=0x0000000000072f40
2538500: system.cpu: T0 : 0x4ea40    : c_beqz s1, 20              : IntAlu : 
2539000: system.cpu: T0 : 0x4ea54    : addi a5, gp, 1944          : IntAlu :  D=0x0000000000073ac8
2539500: system.cpu: T0 : 0x4ea58    : ld a3, 448(a5)             : MemRead :  D=0x0000000000000000 A=0x73c88
2540000: system.cpu: T0 : 0x4ea5c    : lw a4, 456(a5)             : MemRead :  D=0x0000000000000000 A=0x73c90
2540500: system.cpu: T0 : 0x4ea60    : sd s0, 448(a5)             : MemWrite :  D=0x0000000000072f40 A=0x73c88
2541000: system.cpu: T0 : 0x4ea64    : c_sd a3, 40(s0)            : MemWrite :  D=0x0000000000000000 A=0x72f68
2541500: system.cpu: T0 : 0x4ea66    : c_beqz a4, 30              : IntAlu : 
2542000: system.cpu: T0 : 0x4ea84    : c_li a4, 1                 : IntAlu :  D=0x0000000000000001
2543000: system.cpu: T0 : 0x4ea86    : addi a5, a5, 456           : IntAlu :  D=0x0000000000073c90
2544000: system.cpu: T0 : 0x4ea8a    : amoswap_w zero, a4, (a5)  
2544000: system.cpu: T0 : 0x4ea8a. 0 : amoswap_w[l] zero, a4, (a5) : MemRead :  D=0x0000000000000000 A=0x73c90
2544500: system.cpu: T0 : 0x4ea8e    : c_bnez s1, -36             : IntAlu : 
2545000: system.cpu: T0 : 0x4ea90    : c_ldsp ra, 24(sp)          : MemRead :  D=0x0000000000010428 A=0x7ffffffffffffd98
2545500: system.cpu: T0 : 0x4ea92    : c_ldsp s0, 16(sp)          : MemRead :  D=0x0000000000070af8 A=0x7ffffffffffffd90
2546000: system.cpu: T0 : 0x4ea94    : c_ldsp s1, 8(sp)           : MemRead :  D=0x0000000000000001 A=0x7ffffffffffffd88
2546500: system.cpu: T0 : 0x4ea96    : c_addi16sp sp, 32          : IntAlu :  D=0x7ffffffffffffda0
2547000: system.cpu: T0 : 0x4ea98    : c_jr ra                    : IntAlu : 
2547500: system.cpu: T0 : 0x10428    : c_ldsp ra, 8(sp)           : MemRead :  D=0x0000000000013036 A=0x7ffffffffffffda8
2548000: system.cpu: T0 : 0x1042a    : c_addi sp, 16              : IntAlu :  D=0x7ffffffffffffdb0
2548500: system.cpu: T0 : 0x1042c    : c_j -134                   : IntAlu : 
2549500: system.cpu: T0 : 0x103a6    : lui a0, 114                : IntAlu :  D=0x0000000000072000
2550500: system.cpu: T0 : 0x103aa    : addi a1, a0, 2032          : IntAlu :  D=0x00000000000727f0
2551500: system.cpu: T0 : 0x103ae    : lui a5, 114                : IntAlu :  D=0x0000000000072000
2552500: system.cpu: T0 : 0x103b2    : addi a5, a5, 2032          : IntAlu :  D=0x00000000000727f0
2553000: system.cpu: T0 : 0x103b6    : c_sub a5, a1               : IntAlu :  D=0x0000000000000000
2553500: system.cpu: T0 : 0x103b8    : srai a4, a5, 3             : IntAlu :  D=0x0000000000000000
2554000: system.cpu: T0 : 0x103bc    : srli a1, a5, 63            : IntAlu :  D=0x0000000000000000
2554500: system.cpu: T0 : 0x103c0    : c_add a1, a4               : IntAlu :  D=0x0000000000000000
2555000: system.cpu: T0 : 0x103c2    : c_srai a1, 1               : IntAlu :  D=0x0000000000000000
2555500: system.cpu: T0 : 0x103c4    : c_beqz a1, 16              : IntAlu : 
2556000: system.cpu: T0 : 0x103d4    : c_jr ra                    : IntAlu : 
2556500: system.cpu: T0 : 0x13036    : c_addi s0, 8               : IntAlu :  D=0x0000000000070b00
2557000: system.cpu: T0 : 0x13038    : bne s5, s1, -14            : IntAlu : 
2557500: system.cpu: T0 : 0x1303c    : c_ldsp ra, 56(sp)          : MemRead :  D=0x0000000000012c56 A=0x7ffffffffffffde8
2558000: system.cpu: T0 : 0x1303e    : c_ldsp s0, 48(sp)          : MemRead :  D=0x0000000000012fbe A=0x7ffffffffffffde0
2558500: system.cpu: T0 : 0x13040    : c_ldsp s1, 40(sp)          : MemRead :  D=0x000000000001304e A=0x7ffffffffffffdd8
2559000: system.cpu: T0 : 0x13042    : c_ldsp s2, 32(sp)          : MemRead :  D=0x0000000000000000 A=0x7ffffffffffffdd0
2559500: system.cpu: T0 : 0x13044    : c_ldsp s3, 24(sp)          : MemRead :  D=0x0000000000000000 A=0x7ffffffffffffdc8
2560000: system.cpu: T0 : 0x13046    : c_ldsp s4, 16(sp)          : MemRead :  D=0x0000000000000000 A=0x7ffffffffffffdc0
2560500: system.cpu: T0 : 0x13048    : c_ldsp s5, 8(sp)           : MemRead :  D=0x0000000000000000 A=0x7ffffffffffffdb8
2561000: system.cpu: T0 : 0x1304a    : c_addi16sp sp, 64          : IntAlu :  D=0x7ffffffffffffdf0
2561500: system.cpu: T0 : 0x1304c    : c_jr ra                    : IntAlu : 
2562000: system.cpu: T0 : 0x12c56    : c_li a1, 0                 : IntAlu :  D=0x0000000000000000
2562500: system.cpu: T0 : 0x12c58    : c_li a0, 0                 : IntAlu :  D=0x0000000000000000
2563500: system.cpu: T0 : 0x12c5a    : jal ra, 71460              : IntAlu :  D=0x0000000000012c5e
2564000: system.cpu: T0 : 0x2437e    : c_mv a4, a0                : IntAlu :  D=0x0000000000000000
2564500: system.cpu: T0 : 0x24380    : c_beqz a1, 70              : IntAlu : 
2565500: system.cpu: T0 : 0x243c6    : lui a5, 116                : IntAlu :  D=0x0000000000074000
2566500: system.cpu: T0 : 0x243ca    : addi a0, a5, 536           : IntAlu :  D=0x0000000000074218
2567000: system.cpu: T0 : 0x243ce    : c_ld a5, 8(a0)             : MemRead :  D=0x0000000000000000 A=0x74220
2567500: system.cpu: T0 : 0x243d0    : c_bnez a5, -52             : IntAlu : 
2568000: system.cpu: T0 : 0x243d2    : c_li a5, 1                 : IntAlu :  D=0x0000000000000001
2568500: system.cpu: T0 : 0x243d4    : c_sw a5, 0(a0)             : MemWrite :  D=0x0000000000000001 A=0x74218
2569000: system.cpu: T0 : 0x243d6    : c_bnez a4, -52             : IntAlu : 
2569500: system.cpu: T0 : 0x243d8    : lui a5, 116                : IntAlu :  D=0x0000000000074000
2570000: system.cpu: T0 : 0x243dc    : ld a4, 568(a5)             : MemRead :  D=0x0000000000000000 A=0x74238
2570500: system.cpu: T0 : 0x243e0    : c_j -62                    : IntAlu : 
2571500: system.cpu: T0 : 0x243a2    : slli a5, a1, 3             : IntAlu :  D=0x0000000000000000
2572000: system.cpu: T0 : 0x243a6    : c_add a5, a1               : IntAlu :  D=0x0000000000000000
2572500: system.cpu: T0 : 0x243a8    : lui a1, 114                : IntAlu :  D=0x0000000000072000
2573000: system.cpu: T0 : 0x243ac    : c_slli a5, 4               : IntAlu :  D=0x0000000000000000
2574000: system.cpu: T0 : 0x243ae    : addi a1, a1, 816           : IntAlu :  D=0x0000000000072330
2574500: system.cpu: T0 : 0x243b2    : c_add a1, a5               : IntAlu :  D=0x0000000000072330
2575000: system.cpu: T0 : 0x243b4    : c_ld a5, 0(a1)             : MemRead :  D=0x0000000000071e60 A=0x72330
2575500: system.cpu: T0 : 0x243b6    : c_sd a4, 32(a0)            : MemWrite :  D=0x0000000000000000 A=0x74238
2576000: system.cpu: T0 : 0x243b8    : c_sd a5, 8(a0)             : MemWrite :  D=0x0000000000071e60 A=0x74220
2577000: system.cpu: T0 : 0x243ba    : lui a5, 36                 : IntAlu :  D=0x0000000000024000
2578000: system.cpu: T0 : 0x243be    : addi a5, a5, 892           : IntAlu :  D=0x000000000002437c
2578500: system.cpu: T0 : 0x243c2    : c_sd a5, 16(a0)            : MemWrite :  D=0x000000000002437c A=0x74228
2579000: system.cpu: T0 : 0x243c4    : c_jr ra                    : IntAlu : 
2579500: system.cpu: T0 : 0x12c5e    : c_addi4spn a0, sp, 40      : IntAlu :  D=0x7ffffffffffffe18
2580000: system.cpu: T0 : 0x12c60    : jal ra, 14940              : IntAlu :  D=0x0000000000012c64
2580500: system.cpu: T0 : 0x166bc    : c_li a1, 0                 : IntAlu :  D=0x0000000000000000
2581000: system.cpu: T0 : 0x166be    : c_j 6                      : IntAlu : 
2581500: system.cpu: T0 : 0x166c4    : sd ra, 0(a0)               : MemWrite :  D=0x0000000000012c64 A=0x7ffffffffffffe18
2582000: system.cpu: T0 : 0x166c8    : c_sd s0, 8(a0)             : MemWrite :  D=0x0000000000012fbe A=0x7ffffffffffffe20
2582500: system.cpu: T0 : 0x166ca    : c_sd s1, 16(a0)            : MemWrite :  D=0x000000000001304e A=0x7ffffffffffffe28
2583000: system.cpu: T0 : 0x166cc    : sd s2, 24(a0)              : MemWrite :  D=0x0000000000000000 A=0x7ffffffffffffe30
2583500: system.cpu: T0 : 0x166d0    : sd s3, 32(a0)              : MemWrite :  D=0x0000000000000000 A=0x7ffffffffffffe38
2584000: system.cpu: T0 : 0x166d4    : sd s4, 40(a0)              : MemWrite :  D=0x0000000000000000 A=0x7ffffffffffffe40
2584500: system.cpu: T0 : 0x166d8    : sd s5, 48(a0)              : MemWrite :  D=0x0000000000000000 A=0x7ffffffffffffe48
2585000: system.cpu: T0 : 0x166dc    : sd s6, 56(a0)              : MemWrite :  D=0x0000000000000000 A=0x7ffffffffffffe50
2585500: system.cpu: T0 : 0x166e0    : sd s7, 64(a0)              : MemWrite :  D=0x0000000000000000 A=0x7ffffffffffffe58
2586000: system.cpu: T0 : 0x166e4    : sd s8, 72(a0)              : MemWrite :  D=0x0000000000000000 A=0x7ffffffffffffe60
2586500: system.cpu: T0 : 0x166e8    : sd s9, 80(a0)              : MemWrite :  D=0x0000000000000000 A=0x7ffffffffffffe68
2587000: system.cpu: T0 : 0x166ec    : sd s10, 88(a0)             : MemWrite :  D=0x0000000000000000 A=0x7ffffffffffffe70
2587500: system.cpu: T0 : 0x166f0    : sd s11, 96(a0)             : MemWrite :  D=0x0000000000000000 A=0x7ffffffffffffe78
2588000: system.cpu: T0 : 0x166f4    : sd sp, 104(a0)             : MemWrite :  D=0x7ffffffffffffdf0 A=0x7ffffffffffffe80
2588500: system.cpu: T0 : 0x166f8    : c_fsd fs0, 112(a0)         : FloatMemWrite :  D=0x0000000000000000 A=0x7ffffffffffffe88
2589000: system.cpu: T0 : 0x166fa    : c_fsd fs1, 120(a0)         : FloatMemWrite :  D=0x0000000000000000 A=0x7ffffffffffffe90
2589500: system.cpu: T0 : 0x166fc    : fsd fs2, 128(a0)           : FloatMemWrite :  D=0x0000000000000000 A=0x7ffffffffffffe98
2590000: system.cpu: T0 : 0x16700    : fsd fs3, 136(a0)           : FloatMemWrite :  D=0x0000000000000000 A=0x7ffffffffffffea0
2590500: system.cpu: T0 : 0x16704    : fsd fs4, 144(a0)           : FloatMemWrite :  D=0x0000000000000000 A=0x7ffffffffffffea8
2591000: system.cpu: T0 : 0x16708    : fsd fs5, 152(a0)           : FloatMemWrite :  D=0x0000000000000000 A=0x7ffffffffffffeb0
2591500: system.cpu: T0 : 0x1670c    : fsd fs6, 160(a0)           : FloatMemWrite :  D=0x0000000000000000 A=0x7ffffffffffffeb8
2592000: system.cpu: T0 : 0x16710    : fsd fs7, 168(a0)           : FloatMemWrite :  D=0x0000000000000000 A=0x7ffffffffffffec0
2592500: system.cpu: T0 : 0x16714    : fsd fs8, 176(a0)           : FloatMemWrite :  D=0x0000000000000000 A=0x7ffffffffffffec8
2593000: system.cpu: T0 : 0x16718    : fsd fs9, 184(a0)           : FloatMemWrite :  D=0x0000000000000000 A=0x7ffffffffffffed0
2593500: system.cpu: T0 : 0x1671c    : fsd fs10, 192(a0)          : FloatMemWrite :  D=0x0000000000000000 A=0x7ffffffffffffed8
2594000: system.cpu: T0 : 0x16720    : fsd fs11, 200(a0)          : FloatMemWrite :  D=0x0000000000000000 A=0x7ffffffffffffee0
2594500: system.cpu: T0 : 0x16724    : jal zero, 4                : IntAlu :  D=0x0000000000016728
2595000: system.cpu: T0 : 0x16728    : c_addi sp, -16             : IntAlu :  D=0x7ffffffffffffde0
2595500: system.cpu: T0 : 0x1672a    : c_sdsp s0, 0(sp)           : MemWrite :  D=0x0000000000012fbe A=0x7ffffffffffffde0
2596000: system.cpu: T0 : 0x1672c    : c_sdsp ra, 8(sp)           : MemWrite :  D=0x0000000000012c64 A=0x7ffffffffffffde8
2596500: system.cpu: T0 : 0x1672e    : c_mv s0, a0                : IntAlu :  D=0x7ffffffffffffe18
2597000: system.cpu: T0 : 0x16730    : c_bnez a1, 16              : IntAlu : 
2597500: system.cpu: T0 : 0x16732    : c_ldsp ra, 8(sp)           : MemRead :  D=0x0000000000012c64 A=0x7ffffffffffffde8
2598000: system.cpu: T0 : 0x16734    : sw a1, 208(s0)             : MemWrite :  D=0x0000000000000000 A=0x7ffffffffffffee8
2598500: system.cpu: T0 : 0x16738    : c_ldsp s0, 0(sp)           : MemRead :  D=0x0000000000012fbe A=0x7ffffffffffffde0
2599000: system.cpu: T0 : 0x1673a    : c_li a0, 0                 : IntAlu :  D=0x0000000000000000
2599500: system.cpu: T0 : 0x1673c    : c_addi sp, 16              : IntAlu :  D=0x7ffffffffffffdf0
2600000: system.cpu: T0 : 0x1673e    : c_jr ra                    : IntAlu : 
2600500: system.cpu: T0 : 0x12c64    : c_bnez a0, 166             : IntAlu : 
2601500: system.cpu: T0 : 0x12c66    : ld a3, -1552(tp)           : MemRead :  D=0x0000000000000000 A=0x75100
2602500: system.cpu: T0 : 0x12c6a    : ld a4, -1560(tp)           : MemRead :  D=0x0000000000000000 A=0x750f8
2603500: system.cpu: T0 : 0x12c6e    : ld a2, -1360(gp)           : MemRead :  D=0x7fffffffffffff48 A=0x72de0
2604000: system.cpu: T0 : 0x12c72    : c_ldsp a1, 16(sp)          : MemRead :  D=0x7fffffffffffff38 A=0x7ffffffffffffe00
2604500: system.cpu: T0 : 0x12c74    : c_ldsp a0, 8(sp)           : MemRead :  D=0x0000000000000001 A=0x7ffffffffffffdf8
2605000: system.cpu: T0 : 0x12c76    : c_ldsp a5, 24(sp)          : MemRead :  D=0x0000000000012ad2 A=0x7ffffffffffffe08
2605500: system.cpu: T0 : 0x12c78    : c_sdsp a4, 264(sp)         : MemWrite :  D=0x0000000000000000 A=0x7ffffffffffffef8
2606000: system.cpu: T0 : 0x12c7a    : c_sdsp a3, 256(sp)         : MemWrite :  D=0x0000000000000000 A=0x7ffffffffffffef0
2606500: system.cpu: T0 : 0x12c7c    : c_addi4spn a4, sp, 40      : IntAlu :  D=0x7ffffffffffffe18
2607500: system.cpu: T0 : 0x12c7e    : sd a4, -1552(tp)           : MemWrite :  D=0x7ffffffffffffe18 A=0x75100
2608000: system.cpu: T0 : 0x12c82    : c_jalr a5                  : IntAlu :  D=0x0000000000012c84
2608500: system.cpu: T0 : 0x12ad2    : c_addi sp, -16             : IntAlu :  D=0x7ffffffffffffde0
2609000: system.cpu: T0 : 0x12ad4    : c_sdsp ra, 8(sp)           : MemWrite :  D=0x0000000000012c84 A=0x7ffffffffffffde8
2609500: system.cpu: T0 : 0x12ad6    : c_sdsp s0, 0(sp)           : MemWrite :  D=0x0000000000012fbe A=0x7ffffffffffffde0
2610000: system.cpu: T0 : 0x12ad8    : c_addi4spn s0, sp, 16      : IntAlu :  D=0x7ffffffffffffdf0
2611000: system.cpu: T0 : 0x12ada    : jal ra, -9384              : IntAlu :  D=0x0000000000012ade
2611500: system.cpu: T0 : 0x10632    : c_addi sp, -16             : IntAlu :  D=0x7ffffffffffffdd0
2612000: system.cpu: T0 : 0x10634    : c_sdsp s0, 8(sp)           : MemWrite :  D=0x7ffffffffffffdf0 A=0x7ffffffffffffdd8
2612500: system.cpu: T0 : 0x10636    : c_addi4spn s0, sp, 16      : IntAlu :  D=0x7ffffffffffffde0
2613000: system.cpu: T0 : 0x10638    : auipc a5, 98               : IntAlu :  D=0x0000000000072638
2613500: system.cpu: T0 : 0x1063c    : ld a5, 856(a5)             : MemRead :  D=0x0000000000073d20 A=0x72990
2614000: system.cpu: T0 : 0x10640    : sd zero, 0(a5)             : MemWrite :  D=0x0000000000000000 A=0x73d20
2614500: system.cpu: T0 : 0x10644    : auipc a5, 98               : IntAlu :  D=0x0000000000072644
2615000: system.cpu: T0 : 0x10648    : ld a5, 556(a5)             : MemRead :  D=0x0000000000073cc8 A=0x72870
2615500: system.cpu: T0 : 0x1064c    : sd zero, 0(a5)             : MemWrite :  D=0x0000000000000000 A=0x73cc8
2616000: system.cpu: T0 : 0x10650    : auipc a5, 98               : IntAlu :  D=0x0000000000072650
2616500: system.cpu: T0 : 0x10654    : ld a5, 464(a5)             : MemRead :  D=0x0000000000073cb0 A=0x72820
2617000: system.cpu: T0 : 0x10658    : sd zero, 0(a5)             : MemWrite :  D=0x0000000000000000 A=0x73cb0
2617500: system.cpu: T0 : 0x1065c    : auipc a5, 98               : IntAlu :  D=0x000000000007265c
2618000: system.cpu: T0 : 0x10660    : ld a5, 1212(a5)            : MemRead :  D=0x0000000000073db7 A=0x72b18
2618500: system.cpu: T0 : 0x10664    : sb zero, 0(a5)             : MemWrite :  D=0x0000000000000000 A=0x73db7
2619000: system.cpu: T0 : 0x10668    : auipc a5, 98               : IntAlu :  D=0x0000000000072668
2619500: system.cpu: T0 : 0x1066c    : ld a5, 968(a5)             : MemRead :  D=0x0000000000073d6a A=0x72a30
2620000: system.cpu: T0 : 0x10670    : sb zero, 0(a5)             : MemWrite :  D=0x0000000000000000 A=0x73d6a
2620500: system.cpu: T0 : 0x10674    : auipc a5, 98               : IntAlu :  D=0x0000000000072674
2621000: system.cpu: T0 : 0x10678    : ld a5, 836(a5)             : MemRead :  D=0x0000000000073d30 A=0x729b8
2621500: system.cpu: T0 : 0x1067c    : sb zero, 0(a5)             : MemWrite :  D=0x0000000000000000 A=0x73d30
2622000: system.cpu: T0 : 0x10680    : auipc a5, 98               : IntAlu :  D=0x0000000000072680
2622500: system.cpu: T0 : 0x10684    : ld a5, 808(a5)             : MemRead :  D=0x0000000000073d2a A=0x729a8
2623000: system.cpu: T0 : 0x10688    : sb zero, 0(a5)             : MemWrite :  D=0x0000000000000000 A=0x73d2a
2623500: system.cpu: T0 : 0x1068c    : auipc a5, 98               : IntAlu :  D=0x000000000007268c
2624000: system.cpu: T0 : 0x10690    : ld a5, 1148(a5)            : MemRead :  D=0x0000000000073db5 A=0x72b08
2624500: system.cpu: T0 : 0x10694    : sb zero, 0(a5)             : MemWrite :  D=0x0000000000000000 A=0x73db5
2625000: system.cpu: T0 : 0x10698    : auipc a5, 98               : IntAlu :  D=0x0000000000072698
2625500: system.cpu: T0 : 0x1069c    : ld a5, 1032(a5)            : MemRead :  D=0x0000000000073d8c A=0x72aa0
2626000: system.cpu: T0 : 0x106a0    : sb zero, 0(a5)             : MemWrite :  D=0x0000000000000000 A=0x73d8c
2626500: system.cpu: T0 : 0x106a4    : auipc a5, 98               : IntAlu :  D=0x00000000000726a4
2627000: system.cpu: T0 : 0x106a8    : ld a5, 628(a5)             : MemRead :  D=0x0000000000073d00 A=0x72918
2627500: system.cpu: T0 : 0x106ac    : sb zero, 0(a5)             : MemWrite :  D=0x0000000000000000 A=0x73d00
2628000: system.cpu: T0 : 0x106b0    : auipc a5, 98               : IntAlu :  D=0x00000000000726b0
2628500: system.cpu: T0 : 0x106b4    : ld a5, 720(a5)             : MemRead :  D=0x0000000000073d17 A=0x72980
2629000: system.cpu: T0 : 0x106b8    : sb zero, 0(a5)             : MemWrite :  D=0x0000000000000000 A=0x73d17
2629500: system.cpu: T0 : 0x106bc    : auipc a5, 98               : IntAlu :  D=0x00000000000726bc
2630000: system.cpu: T0 : 0x106c0    : ld a5, 452(a5)             : MemRead :  D=0x0000000000073cd0 A=0x72880
2630500: system.cpu: T0 : 0x106c4    : sb zero, 0(a5)             : MemWrite :  D=0x0000000000000000 A=0x73cd0
2631000: system.cpu: T0 : 0x106c8    : auipc a5, 98               : IntAlu :  D=0x00000000000726c8
2631500: system.cpu: T0 : 0x106cc    : ld a5, 536(a5)             : MemRead :  D=0x0000000000073cf0 A=0x728e0
2632000: system.cpu: T0 : 0x106d0    : sb zero, 0(a5)             : MemWrite :  D=0x0000000000000000 A=0x73cf0
2632500: system.cpu: T0 : 0x106d4    : auipc a5, 98               : IntAlu :  D=0x00000000000726d4
2633000: system.cpu: T0 : 0x106d8    : ld a5, 436(a5)             : MemRead :  D=0x0000000000073cd1 A=0x72888
2633500: system.cpu: T0 : 0x106dc    : sb zero, 0(a5)             : MemWrite :  D=0x0000000000000000 A=0x73cd1
2634000: system.cpu: T0 : 0x106e0    : auipc a5, 98               : IntAlu :  D=0x00000000000726e0
2634500: system.cpu: T0 : 0x106e4    : ld a5, 328(a5)             : MemRead :  D=0x0000000000073cb8 A=0x72828
2635000: system.cpu: T0 : 0x106e8    : sb zero, 0(a5)             : MemWrite :  D=0x0000000000000000 A=0x73cb8
2635500: system.cpu: T0 : 0x106ec    : auipc a5, 98               : IntAlu :  D=0x00000000000726ec
2636000: system.cpu: T0 : 0x106f0    : ld a5, 868(a5)             : MemRead :  D=0x0000000000073d78 A=0x72a50
2636500: system.cpu: T0 : 0x106f4    : sb zero, 0(a5)             : MemWrite :  D=0x0000000000000000 A=0x73d78
2637000: system.cpu: T0 : 0x106f8    : auipc a5, 98               : IntAlu :  D=0x00000000000726f8
2637500: system.cpu: T0 : 0x106fc    : ld a5, 736(a5)             : MemRead :  D=0x0000000000073d3b A=0x729d8
2638000: system.cpu: T0 : 0x10700    : sb zero, 0(a5)             : MemWrite :  D=0x0000000000000000 A=0x73d3b
2638500: system.cpu: T0 : 0x10704    : auipc a5, 98               : IntAlu :  D=0x0000000000072704
2639000: system.cpu: T0 : 0x10708    : ld a5, 396(a5)             : MemRead :  D=0x0000000000073cd2 A=0x72890
2639500: system.cpu: T0 : 0x1070c    : sb zero, 0(a5)             : MemWrite :  D=0x0000000000000000 A=0x73cd2
2640000: system.cpu: T0 : 0x10710    : auipc a5, 98               : IntAlu :  D=0x0000000000072710
2640500: system.cpu: T0 : 0x10714    : ld a5, 608(a5)             : MemRead :  D=0x0000000000073d15 A=0x72970
2641000: system.cpu: T0 : 0x10718    : sb zero, 0(a5)             : MemWrite :  D=0x0000000000000000 A=0x73d15
2641500: system.cpu: T0 : 0x1071c    : c_addi zero, 0             : IntAlu :  D=0x0000000000000000
2642000: system.cpu: T0 : 0x1071e    : c_ldsp s0, 8(sp)           : MemRead :  D=0x7ffffffffffffdf0 A=0x7ffffffffffffdd8
2642500: system.cpu: T0 : 0x10720    : c_addi sp, 16              : IntAlu :  D=0x7ffffffffffffde0
2643000: system.cpu: T0 : 0x10722    : c_jr ra                    : IntAlu : 
2644000: system.cpu: T0 : 0x12ade    : jal ra, -9902              : IntAlu :  D=0x0000000000012ae2
2644500: system.cpu: T0 : 0x10430    : c_addi sp, -16             : IntAlu :  D=0x7ffffffffffffdd0
2645000: system.cpu: T0 : 0x10432    : c_sdsp s0, 8(sp)           : MemWrite :  D=0x7ffffffffffffdf0 A=0x7ffffffffffffdd8
2645500: system.cpu: T0 : 0x10434    : c_addi4spn s0, sp, 16      : IntAlu :  D=0x7ffffffffffffde0
2646500: system.cpu: T0 : 0x10436    : addi a5, gp, -960          : IntAlu :  D=0x0000000000072f70
2647500: system.cpu: T0 : 0x1043a    : lbu a5, 4(a5)              : MemRead :  D=0x0000000000000000 A=0x72f74
2648000: system.cpu: T0 : 0x1043e    : c_beqz a5, 22              : IntAlu : 
2648500: system.cpu: T0 : 0x10454    : addi a5, gp, -960          : IntAlu :  D=0x0000000000072f70
2649000: system.cpu: T0 : 0x10458    : lbu a5, 4(a5)              : MemRead :  D=0x0000000000000000 A=0x72f74
2649500: system.cpu: T0 : 0x1045c    : c_bnez a5, 12              : IntAlu : 
2650500: system.cpu: T0 : 0x1045e    : addi a5, gp, -960          : IntAlu :  D=0x0000000000072f70
2651500: system.cpu: T0 : 0x10462    : lbu a5, 6(a5)              : MemRead :  D=0x0000000000000000 A=0x72f76
2652000: system.cpu: T0 : 0x10466    : c_beqz a5, 22              : IntAlu : 
2652500: system.cpu: T0 : 0x1047c    : auipc a5, 98               : IntAlu :  D=0x000000000007247c
2653000: system.cpu: T0 : 0x10480    : ld a5, 1436(a5)            : MemRead :  D=0x0000000000073d60 A=0x72a18
2653500: system.cpu: T0 : 0x10484    : c_ld a5, 0(a5)             : MemRead :  D=0x0000000000000000 A=0x73d60
2654000: system.cpu: T0 : 0x10486    : c_beqz a5, 70              : IntAlu : 
2654500: system.cpu: T0 : 0x104cc    : auipc a5, 98               : IntAlu :  D=0x00000000000724cc
2655000: system.cpu: T0 : 0x104d0    : ld a5, 1036(a5)            : MemRead :  D=0x0000000000073ce8 A=0x728d8
2655500: system.cpu: T0 : 0x104d4    : c_ld a5, 0(a5)             : MemRead :  D=0x0000000000000000 A=0x73ce8
2656000: system.cpu: T0 : 0x104d6    : c_beqz a5, 70              : IntAlu : 
2656500: system.cpu: T0 : 0x1051c    : auipc a5, 98               : IntAlu :  D=0x000000000007251c
2657000: system.cpu: T0 : 0x10520    : ld a5, 1452(a5)            : MemRead :  D=0x0000000000073d98 A=0x72ac8
2657500: system.cpu: T0 : 0x10524    : c_ld a5, 0(a5)             : MemRead :  D=0x0000000000000000 A=0x73d98
2658000: system.cpu: T0 : 0x10526    : c_beqz a5, 70              : IntAlu : 
2658500: system.cpu: T0 : 0x1056c    : auipc a5, 98               : IntAlu :  D=0x000000000007256c
2659000: system.cpu: T0 : 0x10570    : ld a5, 1244(a5)            : MemRead :  D=0x0000000000073d70 A=0x72a48
2659500: system.cpu: T0 : 0x10574    : c_ld a5, 0(a5)             : MemRead :  D=0x0000000000000000 A=0x73d70
2660000: system.cpu: T0 : 0x10576    : c_beqz a5, 58              : IntAlu : 
2660500: system.cpu: T0 : 0x105b0    : auipc a5, 98               : IntAlu :  D=0x00000000000725b0
2661000: system.cpu: T0 : 0x105b4    : ld a5, 1104(a5)            : MemRead :  D=0x0000000000073d50 A=0x72a00
2661500: system.cpu: T0 : 0x105b8    : c_ld a5, 0(a5)             : MemRead :  D=0x0000000000000000 A=0x73d50
2662000: system.cpu: T0 : 0x105ba    : c_beqz a5, 58              : IntAlu : 
2662500: system.cpu: T0 : 0x105f4    : addi a5, gp, -960          : IntAlu :  D=0x0000000000072f70
2663000: system.cpu: T0 : 0x105f8    : lbu a5, 0(a5)              : MemRead :  D=0x0000000000000000 A=0x72f70
2663500: system.cpu: T0 : 0x105fc    : c_bnez a5, 26              : IntAlu : 
2664500: system.cpu: T0 : 0x105fe    : auipc a5, 98               : IntAlu :  D=0x00000000000725fe
2665500: system.cpu: T0 : 0x10602    : ld a5, 866(a5)             : MemRead :  D=0x0000000000073d10 A=0x72960
2666000: system.cpu: T0 : 0x10606    : c_lw a4, 0(a5)             : MemRead :  D=0x0000000000000000 A=0x73d10
2666500: system.cpu: T0 : 0x10608    : auipc a5, 98               : IntAlu :  D=0x0000000000072608
2667000: system.cpu: T0 : 0x1060c    : ld a5, 752(a5)             : MemRead :  D=0x0000000000073cf4 A=0x728f8
2667500: system.cpu: T0 : 0x10610    : c_lw a5, 0(a5)             : MemRead :  D=0x0000000000000000 A=0x73cf4
2668500: system.cpu: T0 : 0x10612    : beq a4, a5, 24             : IntAlu : 
2669000: system.cpu: T0 : 0x1062a    : c_addi zero, 0             : IntAlu :  D=0x0000000000000000
2669500: system.cpu: T0 : 0x1062c    : c_ldsp s0, 8(sp)           : MemRead :  D=0x7ffffffffffffdf0 A=0x7ffffffffffffdd8
2670000: system.cpu: T0 : 0x1062e    : c_addi sp, 16              : IntAlu :  D=0x7ffffffffffffde0
2670500: system.cpu: T0 : 0x10630    : c_jr ra                    : IntAlu : 
2671500: system.cpu: T0 : 0x12ae2    : jal ra, -3392              : IntAlu :  D=0x0000000000012ae6
2672000: system.cpu: T0 : 0x11da2    : c_addi sp, -16             : IntAlu :  D=0x7ffffffffffffdd0
2672500: system.cpu: T0 : 0x11da4    : c_sdsp ra, 8(sp)           : MemWrite :  D=0x0000000000012ae6 A=0x7ffffffffffffdd8
2673000: system.cpu: T0 : 0x11da6    : c_sdsp s0, 0(sp)           : MemWrite :  D=0x7ffffffffffffdf0 A=0x7ffffffffffffdd0
2673500: system.cpu: T0 : 0x11da8    : c_addi4spn s0, sp, 16      : IntAlu :  D=0x7ffffffffffffde0
2674500: system.cpu: T0 : 0x11daa    : auipc a5, 97               : IntAlu :  D=0x0000000000072daa
2675500: system.cpu: T0 : 0x11dae    : ld a5, -970(a5)            : MemRead :  D=0x0000000000073d40 A=0x729e0
2676000: system.cpu: T0 : 0x11db2    : c_li a4, 1                 : IntAlu :  D=0x0000000000000001
2676500: system.cpu: T0 : 0x11db4    : c_sd a4, 0(a5)             : MemWrite :  D=0x0000000000000001 A=0x73d40
2677500: system.cpu: T0 : 0x11db6    : auipc a5, 97               : IntAlu :  D=0x0000000000072db6
2678500: system.cpu: T0 : 0x11dba    : ld a5, -1158(a5)           : MemRead :  D=0x0000000000073d03 A=0x72930
2679500: system.cpu: T0 : 0x11dbe    : sb zero, 0(a5)             : MemWrite :  D=0x0000000000000000 A=0x73d03
2680500: system.cpu: T0 : 0x11dc2    : auipc a5, 97               : IntAlu :  D=0x0000000000072dc2
2681500: system.cpu: T0 : 0x11dc6    : ld a5, -898(a5)            : MemRead :  D=0x0000000000073d6c A=0x72a40
2682500: system.cpu: T0 : 0x11dca    : sb zero, 0(a5)             : MemWrite :  D=0x0000000000000000 A=0x73d6c
2683500: system.cpu: T0 : 0x11dce    : jal zero, 3304             : IntAlu :  D=0x0000000000011dd2
2684500: system.cpu: T0 : 0x12ab6    : auipc a5, 96               : IntAlu :  D=0x0000000000072ab6
2685500: system.cpu: T0 : 0x12aba    : ld a5, -390(a5)            : MemRead :  D=0x0000000000073d03 A=0x72930
2686500: system.cpu: T0 : 0x12abe    : lbu a5, 0(a5)              : MemRead :  D=0x0000000000000000 A=0x73d03
2687500: system.cpu: T0 : 0x12ac2    : beq a5, zero, -3312        : IntAlu : 
2688500: system.cpu: T0 : 0x11dd2    : auipc a5, 97               : IntAlu :  D=0x0000000000072dd2
2689500: system.cpu: T0 : 0x11dd6    : ld a5, -1186(a5)           : MemRead :  D=0x0000000000073d03 A=0x72930
2690000: system.cpu: T0 : 0x11dda    : c_li a4, 1                 : IntAlu :  D=0x0000000000000001
2690500: system.cpu: T0 : 0x11ddc    : sb a4, 0(a5)               : MemWrite :  D=0x0000000000000001 A=0x73d03
2691000: system.cpu: T0 : 0x11de0    : auipc a5, 97               : IntAlu :  D=0x0000000000072de0
2691500: system.cpu: T0 : 0x11de4    : ld a5, -928(a5)            : MemRead :  D=0x0000000000073d6c A=0x72a40
2692000: system.cpu: T0 : 0x11de8    : lbu a5, 0(a5)              : MemRead :  D=0x0000000000000000 A=0x73d6c
2692500: system.cpu: T0 : 0x11dec    : c_addiw a5, 1              : IntAlu :  D=0x0000000000000001
2693500: system.cpu: T0 : 0x11dee    : andi a4, a5, 255           : IntAlu :  D=0x0000000000000001
2694500: system.cpu: T0 : 0x11df2    : auipc a5, 97               : IntAlu :  D=0x0000000000072df2
2695500: system.cpu: T0 : 0x11df6    : ld a5, -946(a5)            : MemRead :  D=0x0000000000073d6c A=0x72a40
2696500: system.cpu: T0 : 0x11dfa    : sb a4, 0(a5)               : MemWrite :  D=0x0000000000000001 A=0x73d6c
2697500: system.cpu: T0 : 0x11dfe    : auipc a5, 97               : IntAlu :  D=0x0000000000072dfe
2698500: system.cpu: T0 : 0x11e02    : ld a5, -942(a5)            : MemRead :  D=0x0000000000073d78 A=0x72a50
2699500: system.cpu: T0 : 0x11e06    : lbu a5, 0(a5)              : MemRead :  D=0x0000000000000000 A=0x73d78
2700000: system.cpu: T0 : 0x11e0a    : c_addiw a5, 0              : IntAlu :  D=0x0000000000000000
2700500: system.cpu: T0 : 0x11e0c    : c_mv a3, a5                : IntAlu :  D=0x0000000000000000
2701000: system.cpu: T0 : 0x11e0e    : c_li a4, 3                 : IntAlu :  D=0x0000000000000003
2701500: system.cpu: T0 : 0x11e10    : beq a3, a4, 242            : IntAlu : 
2702000: system.cpu: T0 : 0x11e14    : c_mv a3, a5                : IntAlu :  D=0x0000000000000000
2702500: system.cpu: T0 : 0x11e16    : c_li a4, 3                 : IntAlu :  D=0x0000000000000003
2703000: system.cpu: T0 : 0x11e18    : blt a4, a3, 302            : IntAlu : 
2703500: system.cpu: T0 : 0x11e1c    : c_mv a3, a5                : IntAlu :  D=0x0000000000000000
2704000: system.cpu: T0 : 0x11e1e    : c_li a4, 1                 : IntAlu :  D=0x0000000000000001
2704500: system.cpu: T0 : 0x11e20    : beq a3, a4, 14             : IntAlu : 
2705000: system.cpu: T0 : 0x11e24    : c_mv a4, a5                : IntAlu :  D=0x0000000000000000
2705500: system.cpu: T0 : 0x11e26    : c_li a5, 2                 : IntAlu :  D=0x0000000000000002
2706000: system.cpu: T0 : 0x11e28    : beq a4, a5, 78             : IntAlu : 
2706500: system.cpu: T0 : 0x11e2c    : c_j 282                    : IntAlu : 
2707500: system.cpu: T0 : 0x11f46    : auipc a5, 97               : IntAlu :  D=0x0000000000072f46
2708500: system.cpu: T0 : 0x11f4a    : ld a5, -1558(a5)           : MemRead :  D=0x0000000000073d03 A=0x72930
2709500: system.cpu: T0 : 0x11f4e    : sb zero, 0(a5)             : MemWrite :  D=0x0000000000000000 A=0x73d03
2710500: system.cpu: T0 : 0x11f52    : auipc a5, 97               : IntAlu :  D=0x0000000000072f52
2711500: system.cpu: T0 : 0x11f56    : ld a5, -1426(a5)           : MemRead :  D=0x0000000000073d34 A=0x729c0
2712500: system.cpu: T0 : 0x11f5a    : sw zero, 0(a5)             : MemWrite :  D=0x0000000000000000 A=0x73d34
2713500: system.cpu: T0 : 0x11f5e    : auipc a5, 97               : IntAlu :  D=0x0000000000072f5e
2714500: system.cpu: T0 : 0x11f62    : ld a5, -1294(a5)           : MemRead :  D=0x0000000000073d78 A=0x72a50
2715000: system.cpu: T0 : 0x11f66    : c_li a4, 2                 : IntAlu :  D=0x0000000000000002
2715500: system.cpu: T0 : 0x11f68    : sb a4, 0(a5)               : MemWrite :  D=0x0000000000000002 A=0x73d78
2716000: system.cpu: T0 : 0x11f6c    : c_j 12                     : IntAlu : 
2716500: system.cpu: T0 : 0x11f78    : addi a5, gp, -960          : IntAlu :  D=0x0000000000072f70
2717000: system.cpu: T0 : 0x11f7c    : lbu a5, 10(a5)             : MemRead :  D=0x0000000000000000 A=0x72f7a
2717500: system.cpu: T0 : 0x11f80    : c_bnez a5, 16              : IntAlu : 
2718500: system.cpu: T0 : 0x11f82    : auipc a5, 97               : IntAlu :  D=0x0000000000072f82
2719500: system.cpu: T0 : 0x11f86    : ld a5, -1498(a5)           : MemRead :  D=0x0000000000073d2a A=0x729a8
2720000: system.cpu: T0 : 0x11f8a    : c_li a4, 3                 : IntAlu :  D=0x0000000000000003
2720500: system.cpu: T0 : 0x11f8c    : sb a4, 0(a5)               : MemWrite :  D=0x0000000000000003 A=0x73d2a
2721000: system.cpu: T0 : 0x11f90    : addi a5, gp, -960          : IntAlu :  D=0x0000000000072f70
2721500: system.cpu: T0 : 0x11f94    : sb zero, 11(a5)            : MemWrite :  D=0x0000000000000000 A=0x72f7b
2722000: system.cpu: T0 : 0x11f98    : addi a5, gp, -960          : IntAlu :  D=0x0000000000072f70
2722500: system.cpu: T0 : 0x11f9c    : lbu a5, 16(a5)             : MemRead :  D=0x0000000000000000 A=0x72f80
2723000: system.cpu: T0 : 0x11fa0    : c_bnez a5, 16              : IntAlu : 
2724000: system.cpu: T0 : 0x11fa2    : auipc a5, 97               : IntAlu :  D=0x0000000000072fa2
2725000: system.cpu: T0 : 0x11fa6    : ld a5, -1482(a5)           : MemRead :  D=0x0000000000073d3b A=0x729d8
2725500: system.cpu: T0 : 0x11faa    : c_li a4, 1                 : IntAlu :  D=0x0000000000000001
2726000: system.cpu: T0 : 0x11fac    : sb a4, 0(a5)               : MemWrite :  D=0x0000000000000001 A=0x73d3b
2726500: system.cpu: T0 : 0x11fb0    : addi a5, gp, -960          : IntAlu :  D=0x0000000000072f70
2727000: system.cpu: T0 : 0x11fb4    : sb zero, 17(a5)            : MemWrite :  D=0x0000000000000000 A=0x72f81
2727500: system.cpu: T0 : 0x11fb8    : addi a5, gp, -960          : IntAlu :  D=0x0000000000072f70
2728000: system.cpu: T0 : 0x11fbc    : lbu a5, 19(a5)             : MemRead :  D=0x0000000000000000 A=0x72f83
2728500: system.cpu: T0 : 0x11fc0    : c_bnez a5, 24              : IntAlu : 
2729500: system.cpu: T0 : 0x11fc2    : addi a5, gp, -960          : IntAlu :  D=0x0000000000072f70
2730500: system.cpu: T0 : 0x11fc6    : sb zero, 0(a5)             : MemWrite :  D=0x0000000000000000 A=0x72f70
2731500: system.cpu: T0 : 0x11fca    : auipc a5, 97               : IntAlu :  D=0x0000000000072fca
2732500: system.cpu: T0 : 0x11fce    : ld a5, -1626(a5)           : MemRead :  D=0x0000000000073d15 A=0x72970
2733000: system.cpu: T0 : 0x11fd2    : c_li a4, 1                 : IntAlu :  D=0x0000000000000001
2733500: system.cpu: T0 : 0x11fd4    : sb a4, 0(a5)               : MemWrite :  D=0x0000000000000001 A=0x73d15
2734000: system.cpu: T0 : 0x11fd8    : addi a5, gp, -960          : IntAlu :  D=0x0000000000072f70
2734500: system.cpu: T0 : 0x11fdc    : sb zero, 20(a5)            : MemWrite :  D=0x0000000000000000 A=0x72f84
2735000: system.cpu: T0 : 0x11fe0    : addi a5, gp, -960          : IntAlu :  D=0x0000000000072f70
2735500: system.cpu: T0 : 0x11fe4    : lbu a5, 13(a5)             : MemRead :  D=0x0000000000000000 A=0x72f7d
2736000: system.cpu: T0 : 0x11fe8    : c_bnez a5, 82              : IntAlu : 
2737000: system.cpu: T0 : 0x11fea    : addi a5, gp, -960          : IntAlu :  D=0x0000000000072f70
2738000: system.cpu: T0 : 0x11fee    : sb zero, 4(a5)             : MemWrite :  D=0x0000000000000000 A=0x72f74
2739000: system.cpu: T0 : 0x11ff2    : addi a5, gp, -960          : IntAlu :  D=0x0000000000072f70
2740000: system.cpu: T0 : 0x11ff6    : sb zero, 6(a5)             : MemWrite :  D=0x0000000000000000 A=0x72f76
2741000: system.cpu: T0 : 0x11ffa    : auipc a5, 97               : IntAlu :  D=0x0000000000072ffa
2742000: system.cpu: T0 : 0x11ffe    : ld a5, -1266(a5)           : MemRead :  D=0x0000000000073db5 A=0x72b08
2742500: system.cpu: T0 : 0x12002    : c_li a4, 2                 : IntAlu :  D=0x0000000000000002
2743000: system.cpu: T0 : 0x12004    : sb a4, 0(a5)               : MemWrite :  D=0x0000000000000002 A=0x73db5
2743500: system.cpu: T0 : 0x12008    : auipc a5, 97               : IntAlu :  D=0x0000000000073008
2744000: system.cpu: T0 : 0x1200c    : ld a5, -1376(a5)           : MemRead :  D=0x0000000000073d90 A=0x72aa8
2744500: system.cpu: T0 : 0x12010    : sw zero, 0(a5)             : MemWrite :  D=0x0000000000000000 A=0x73d90
2745000: system.cpu: T0 : 0x12014    : auipc a5, 97               : IntAlu :  D=0x0000000000073014
2745500: system.cpu: T0 : 0x12018    : ld a5, -1396(a5)           : MemRead :  D=0x0000000000073d8c A=0x72aa0
2746000: system.cpu: T0 : 0x1201c    : c_li a4, 1                 : IntAlu :  D=0x0000000000000001
2747000: system.cpu: T0 : 0x1201e    : sb a4, 0(a5)               : MemWrite :  D=0x0000000000000001 A=0x73d8c
2748000: system.cpu: T0 : 0x12022    : addi a5, gp, -960          : IntAlu :  D=0x0000000000072f70
2748500: system.cpu: T0 : 0x12026    : c_li a4, 1                 : IntAlu :  D=0x0000000000000001
2749000: system.cpu: T0 : 0x12028    : sb a4, 5(a5)               : MemWrite :  D=0x0000000000000001 A=0x72f75
2749500: system.cpu: T0 : 0x1202c    : auipc a5, 97               : IntAlu :  D=0x000000000007302c
2750000: system.cpu: T0 : 0x12030    : ld a5, -1812(a5)           : MemRead :  D=0x0000000000073d00 A=0x72918
2750500: system.cpu: T0 : 0x12034    : c_li a4, 1                 : IntAlu :  D=0x0000000000000001
2751500: system.cpu: T0 : 0x12036    : sb a4, 0(a5)               : MemWrite :  D=0x0000000000000001 A=0x73d00
2752500: system.cpu: T0 : 0x1203a    : addi a5, gp, -960          : IntAlu :  D=0x0000000000072f70
2753500: system.cpu: T0 : 0x1203e    : sb zero, 14(a5)            : MemWrite :  D=0x0000000000000000 A=0x72f7e
2754500: system.cpu: T0 : 0x12042    : addi a5, gp, -960          : IntAlu :  D=0x0000000000072f70
2755000: system.cpu: T0 : 0x12046    : c_li a4, 1                 : IntAlu :  D=0x0000000000000001
2755500: system.cpu: T0 : 0x12048    : sb a4, 11(a5)              : MemWrite :  D=0x0000000000000001 A=0x72f7b
2756000: system.cpu: T0 : 0x1204c    : addi a5, gp, -960          : IntAlu :  D=0x0000000000072f70
2756500: system.cpu: T0 : 0x12050    : c_li a4, 1                 : IntAlu :  D=0x0000000000000001
2757500: system.cpu: T0 : 0x12052    : sb a4, 17(a5)              : MemWrite :  D=0x0000000000000001 A=0x72f81
2758500: system.cpu: T0 : 0x12056    : addi a5, gp, -960          : IntAlu :  D=0x0000000000072f70
2759000: system.cpu: T0 : 0x1205a    : c_li a4, 1                 : IntAlu :  D=0x0000000000000001
2759500: system.cpu: T0 : 0x1205c    : sb a4, 20(a5)              : MemWrite :  D=0x0000000000000001 A=0x72f84
2760000: system.cpu: T0 : 0x12060    : addi a5, gp, -960          : IntAlu :  D=0x0000000000072f70
2760500: system.cpu: T0 : 0x12064    : c_li a4, 1                 : IntAlu :  D=0x0000000000000001
2761500: system.cpu: T0 : 0x12066    : sb a4, 14(a5)              : MemWrite :  D=0x0000000000000001 A=0x72f7e
2762500: system.cpu: T0 : 0x1206a    : auipc a5, 97               : IntAlu :  D=0x000000000007306a
2763500: system.cpu: T0 : 0x1206e    : ld a5, -1778(a5)           : MemRead :  D=0x0000000000073d16 A=0x72978
2764500: system.cpu: T0 : 0x12072    : lbu a4, 0(a5)              : MemRead :  D=0x0000000000000000 A=0x73d16
2765500: system.cpu: T0 : 0x12076    : auipc a5, 97               : IntAlu :  D=0x0000000000073076
2766500: system.cpu: T0 : 0x1207a    : ld a5, -1430(a5)           : MemRead :  D=0x0000000000073dac A=0x72ae0
2767500: system.cpu: T0 : 0x1207e    : lbu a5, 0(a5)              : MemRead :  D=0x0000000000000000 A=0x73dac
2768500: system.cpu: T0 : 0x12082    : beq a4, a5, 42             : IntAlu : 
2769000: system.cpu: T0 : 0x120ac    : auipc a5, 97               : IntAlu :  D=0x00000000000730ac
2769500: system.cpu: T0 : 0x120b0    : ld a5, -1724(a5)           : MemRead :  D=0x0000000000073d49 A=0x729f0
2770000: system.cpu: T0 : 0x120b4    : lbu a4, 0(a5)              : MemRead :  D=0x0000000000000000 A=0x73d49
2770500: system.cpu: T0 : 0x120b8    : auipc a5, 97               : IntAlu :  D=0x00000000000730b8
2771000: system.cpu: T0 : 0x120bc    : ld a5, -1544(a5)           : MemRead :  D=0x0000000000073d94 A=0x72ab0
2771500: system.cpu: T0 : 0x120c0    : lbu a5, 0(a5)              : MemRead :  D=0x0000000000000000 A=0x73d94
2772000: system.cpu: T0 : 0x120c4    : beq a4, a5, 42             : IntAlu : 
2773000: system.cpu: T0 : 0x120ee    : auipc a5, 97               : IntAlu :  D=0x00000000000730ee
2774000: system.cpu: T0 : 0x120f2    : ld a5, -1830(a5)           : MemRead :  D=0x0000000000073d38 A=0x729c8
2775000: system.cpu: T0 : 0x120f6    : lbu a4, 0(a5)              : MemRead :  D=0x0000000000000000 A=0x73d38
2776000: system.cpu: T0 : 0x120fa    : auipc a5, 97               : IntAlu :  D=0x00000000000730fa
2777000: system.cpu: T0 : 0x120fe    : ld a5, -1674(a5)           : MemRead :  D=0x0000000000073d81 A=0x72a70
2778000: system.cpu: T0 : 0x12102    : lbu a5, 0(a5)              : MemRead :  D=0x0000000000000000 A=0x73d81
2779000: system.cpu: T0 : 0x12106    : beq a4, a5, 42             : IntAlu : 
2779500: system.cpu: T0 : 0x12130    : auipc a5, 97               : IntAlu :  D=0x0000000000073130
2780000: system.cpu: T0 : 0x12134    : ld a5, -1960(a5)           : MemRead :  D=0x0000000000073d18 A=0x72988
2780500: system.cpu: T0 : 0x12138    : lbu a4, 0(a5)              : MemRead :  D=0x0000000000000000 A=0x73d18
2781000: system.cpu: T0 : 0x1213c    : auipc a5, 97               : IntAlu :  D=0x000000000007313c
2781500: system.cpu: T0 : 0x12140    : ld a5, -1660(a5)           : MemRead :  D=0x0000000000073d96 A=0x72ac0
2782000: system.cpu: T0 : 0x12144    : lbu a5, 0(a5)              : MemRead :  D=0x0000000000000000 A=0x73d96
2782500: system.cpu: T0 : 0x12148    : beq a4, a5, 42             : IntAlu : 
2783500: system.cpu: T0 : 0x12172    : addi a5, gp, -960          : IntAlu :  D=0x0000000000072f70
2784500: system.cpu: T0 : 0x12176    : lbu a4, 12(a5)             : MemRead :  D=0x0000000000000000 A=0x72f7c
2785500: system.cpu: T0 : 0x1217a    : addi a5, gp, -960          : IntAlu :  D=0x0000000000072f70
2786500: system.cpu: T0 : 0x1217e    : sb a4, 10(a5)              : MemWrite :  D=0x0000000000000000 A=0x72f7a
2787500: system.cpu: T0 : 0x12182    : addi a5, gp, -960          : IntAlu :  D=0x0000000000072f70
2788500: system.cpu: T0 : 0x12186    : lbu a4, 15(a5)             : MemRead :  D=0x0000000000000000 A=0x72f7f
2789500: system.cpu: T0 : 0x1218a    : addi a5, gp, -960          : IntAlu :  D=0x0000000000072f70
2790500: system.cpu: T0 : 0x1218e    : sb a4, 13(a5)              : MemWrite :  D=0x0000000000000000 A=0x72f7d
2791500: system.cpu: T0 : 0x12192    : addi a5, gp, -960          : IntAlu :  D=0x0000000000072f70
2792500: system.cpu: T0 : 0x12196    : lbu a4, 18(a5)             : MemRead :  D=0x0000000000000000 A=0x72f82
2793500: system.cpu: T0 : 0x1219a    : addi a5, gp, -960          : IntAlu :  D=0x0000000000072f70
2794500: system.cpu: T0 : 0x1219e    : sb a4, 16(a5)              : MemWrite :  D=0x0000000000000000 A=0x72f80
2795500: system.cpu: T0 : 0x121a2    : addi a5, gp, -960          : IntAlu :  D=0x0000000000072f70
2796500: system.cpu: T0 : 0x121a6    : lbu a4, 21(a5)             : MemRead :  D=0x0000000000000000 A=0x72f85
2797500: system.cpu: T0 : 0x121aa    : addi a5, gp, -960          : IntAlu :  D=0x0000000000072f70
2798500: system.cpu: T0 : 0x121ae    : sb a4, 19(a5)              : MemWrite :  D=0x0000000000000000 A=0x72f83
2799500: system.cpu: T0 : 0x121b2    : auipc a5, 96               : IntAlu :  D=0x00000000000721b2
2800500: system.cpu: T0 : 0x121b6    : ld a5, 1958(a5)            : MemRead :  D=0x0000000000073d08 A=0x72958
2801500: system.cpu: T0 : 0x121ba    : lbu a4, 0(a5)              : MemRead :  D=0x0000000000000000 A=0x73d08
2802500: system.cpu: T0 : 0x121be    : auipc a5, 97               : IntAlu :  D=0x00000000000731be
2803500: system.cpu: T0 : 0x121c2    : ld a5, -1742(a5)           : MemRead :  D=0x0000000000073dae A=0x72af0
2804500: system.cpu: T0 : 0x121c6    : sb a4, 0(a5)               : MemWrite :  D=0x0000000000000000 A=0x73dae
2805500: system.cpu: T0 : 0x121ca    : auipc a5, 96               : IntAlu :  D=0x00000000000721ca
2806500: system.cpu: T0 : 0x121ce    : ld a5, 1798(a5)            : MemRead :  D=0x0000000000073ce5 A=0x728d0
2807500: system.cpu: T0 : 0x121d2    : lbu a4, 0(a5)              : MemRead :  D=0x0000000000000000 A=0x73ce5
2808500: system.cpu: T0 : 0x121d6    : auipc a5, 96               : IntAlu :  D=0x00000000000721d6
2809500: system.cpu: T0 : 0x121da    : ld a5, 1938(a5)            : MemRead :  D=0x0000000000073d14 A=0x72968
2810500: system.cpu: T0 : 0x121de    : sb a4, 0(a5)               : MemWrite :  D=0x0000000000000000 A=0x73d14
2811500: system.cpu: T0 : 0x121e2    : auipc a5, 97               : IntAlu :  D=0x00000000000731e2
2812500: system.cpu: T0 : 0x121e6    : ld a5, -2002(a5)           : MemRead :  D=0x0000000000073d59 A=0x72a10
2813500: system.cpu: T0 : 0x121ea    : lbu a4, 0(a5)              : MemRead :  D=0x0000000000000000 A=0x73d59
2814500: system.cpu: T0 : 0x121ee    : auipc a5, 96               : IntAlu :  D=0x00000000000721ee
2815500: system.cpu: T0 : 0x121f2    : ld a5, 1874(a5)            : MemRead :  D=0x0000000000073d06 A=0x72940
2816500: system.cpu: T0 : 0x121f6    : sb a4, 0(a5)               : MemWrite :  D=0x0000000000000000 A=0x73d06
2817500: system.cpu: T0 : 0x121fa    : auipc a5, 96               : IntAlu :  D=0x00000000000721fa
2818500: system.cpu: T0 : 0x121fe    : ld a5, 1950(a5)            : MemRead :  D=0x0000000000073d28 A=0x72998
2819500: system.cpu: T0 : 0x12202    : lbu a4, 0(a5)              : MemRead :  D=0x0000000000000000 A=0x73d28
2820500: system.cpu: T0 : 0x12206    : auipc a5, 97               : IntAlu :  D=0x0000000000073206
2821500: system.cpu: T0 : 0x1220a    : ld a5, -1782(a5)           : MemRead :  D=0x0000000000073db6 A=0x72b10
2822500: system.cpu: T0 : 0x1220e    : sb a4, 0(a5)               : MemWrite :  D=0x0000000000000000 A=0x73db6
2823500: system.cpu: T0 : 0x12212    : jal ra, -6894              : IntAlu :  D=0x0000000000012216
2824000: system.cpu: T0 : 0x10724    : c_addi sp, -16             : IntAlu :  D=0x7ffffffffffffdc0
2824500: system.cpu: T0 : 0x10726    : c_sdsp s0, 8(sp)           : MemWrite :  D=0x7ffffffffffffde0 A=0x7ffffffffffffdc8
2825000: system.cpu: T0 : 0x10728    : c_addi4spn s0, sp, 16      : IntAlu :  D=0x7ffffffffffffdd0
2826000: system.cpu: T0 : 0x1072a    : addi a5, gp, -960          : IntAlu :  D=0x0000000000072f70
2827000: system.cpu: T0 : 0x1072e    : lbu a5, 10(a5)             : MemRead :  D=0x0000000000000000 A=0x72f7a
2828000: system.cpu: T0 : 0x10732    : beq a5, zero, 1414         : IntAlu : 
2828500: system.cpu: T0 : 0x10cb8    : c_addi zero, 0             : IntAlu :  D=0x0000000000000000
2829000: system.cpu: T0 : 0x10cba    : c_j 4                      : IntAlu : 
2829500: system.cpu: T0 : 0x10cbe    : c_addi zero, 0             : IntAlu :  D=0x0000000000000000
2830000: system.cpu: T0 : 0x10cc0    : c_ldsp s0, 8(sp)           : MemRead :  D=0x7ffffffffffffde0 A=0x7ffffffffffffdc8
2830500: system.cpu: T0 : 0x10cc2    : c_addi sp, 16              : IntAlu :  D=0x7ffffffffffffdd0
2831000: system.cpu: T0 : 0x10cc4    : c_jr ra                    : IntAlu : 
2832000: system.cpu: T0 : 0x12216    : auipc a5, 97               : IntAlu :  D=0x0000000000073216
2833000: system.cpu: T0 : 0x1221a    : ld a5, -1862(a5)           : MemRead :  D=0x0000000000073da0 A=0x72ad0
2834000: system.cpu: T0 : 0x1221e    : lbu a4, 0(a5)              : MemRead :  D=0x0000000000000000 A=0x73da0
2835000: system.cpu: T0 : 0x12222    : auipc a5, 96               : IntAlu :  D=0x0000000000072222
2836000: system.cpu: T0 : 0x12226    : ld a5, 1550(a5)            : MemRead :  D=0x0000000000073cb9 A=0x72830
2837000: system.cpu: T0 : 0x1222a    : sb a4, 0(a5)               : MemWrite :  D=0x0000000000000000 A=0x73cb9
2838000: system.cpu: T0 : 0x1222e    : auipc a5, 97               : IntAlu :  D=0x000000000007322e
2839000: system.cpu: T0 : 0x12232    : ld a5, -2006(a5)           : MemRead :  D=0x0000000000073d79 A=0x72a58
2840000: system.cpu: T0 : 0x12236    : lbu a4, 0(a5)              : MemRead :  D=0x0000000000000000 A=0x73d79
2841000: system.cpu: T0 : 0x1223a    : auipc a5, 96               : IntAlu :  D=0x000000000007223a
2842000: system.cpu: T0 : 0x1223e    : ld a5, 2022(a5)            : MemRead :  D=0x0000000000073d68 A=0x72a20
2843000: system.cpu: T0 : 0x12242    : sb a4, 0(a5)               : MemWrite :  D=0x0000000000000000 A=0x73d68
2844000: system.cpu: T0 : 0x12246    : auipc a5, 97               : IntAlu :  D=0x0000000000073246
2845000: system.cpu: T0 : 0x1224a    : ld a5, -1870(a5)           : MemRead :  D=0x0000000000073db0 A=0x72af8
2845500: system.cpu: T0 : 0x1224e    : c_lw a4, 0(a5)             : MemRead :  D=0x0000000000000000 A=0x73db0
2846000: system.cpu: T0 : 0x12250    : auipc a5, 96               : IntAlu :  D=0x0000000000072250
2846500: system.cpu: T0 : 0x12254    : ld a5, 1472(a5)            : MemRead :  D=0x0000000000073ca4 A=0x72810
2847000: system.cpu: T0 : 0x12258    : c_sw a4, 0(a5)             : MemWrite :  D=0x0000000000000000 A=0x73ca4
2848000: system.cpu: T0 : 0x1225a    : auipc a5, 96               : IntAlu :  D=0x000000000007225a
2849000: system.cpu: T0 : 0x1225e    : ld a5, 1758(a5)            : MemRead :  D=0x0000000000073d05 A=0x72938
2850000: system.cpu: T0 : 0x12262    : lbu a4, 0(a5)              : MemRead :  D=0x0000000000000000 A=0x73d05
2851000: system.cpu: T0 : 0x12266    : auipc a5, 96               : IntAlu :  D=0x0000000000072266
2852000: system.cpu: T0 : 0x1226a    : ld a5, 1730(a5)            : MemRead :  D=0x0000000000073d02 A=0x72928
2853000: system.cpu: T0 : 0x1226e    : sb a4, 0(a5)               : MemWrite :  D=0x0000000000000000 A=0x73d02
2854000: system.cpu: T0 : 0x12272    : auipc a5, 96               : IntAlu :  D=0x0000000000072272
2855000: system.cpu: T0 : 0x12276    : ld a5, 1854(a5)            : MemRead :  D=0x0000000000073d2c A=0x729b0
2855500: system.cpu: T0 : 0x1227a    : c_lw a4, 0(a5)             : MemRead :  D=0x0000000000000000 A=0x73d2c
2856000: system.cpu: T0 : 0x1227c    : auipc a5, 97               : IntAlu :  D=0x000000000007327c
2856500: system.cpu: T0 : 0x12280    : ld a5, -2020(a5)           : MemRead :  D=0x0000000000073d88 A=0x72a98
2857000: system.cpu: T0 : 0x12284    : c_sw a4, 0(a5)             : MemWrite :  D=0x0000000000000000 A=0x73d88
2858000: system.cpu: T0 : 0x12286    : auipc a5, 97               : IntAlu :  D=0x0000000000073286
2859000: system.cpu: T0 : 0x1228a    : ld a5, -1998(a5)           : MemRead :  D=0x0000000000073d95 A=0x72ab8
2860000: system.cpu: T0 : 0x1228e    : lbu a4, 0(a5)              : MemRead :  D=0x0000000000000000 A=0x73d95
2861000: system.cpu: T0 : 0x12292    : auipc a5, 96               : IntAlu :  D=0x0000000000072292
2862000: system.cpu: T0 : 0x12296    : ld a5, 1646(a5)            : MemRead :  D=0x0000000000073cf8 A=0x72900
2863000: system.cpu: T0 : 0x1229a    : sb a4, 0(a5)               : MemWrite :  D=0x0000000000000000 A=0x73cf8
2864000: system.cpu: T0 : 0x1229e    : auipc a5, 97               : IntAlu :  D=0x000000000007329e
2865000: system.cpu: T0 : 0x122a2    : ld a5, -1966(a5)           : MemRead :  D=0x0000000000073dae A=0x72af0
2866000: system.cpu: T0 : 0x122a6    : lbu a4, 0(a5)              : MemRead :  D=0x0000000000000000 A=0x73dae
2867000: system.cpu: T0 : 0x122aa    : auipc a5, 96               : IntAlu :  D=0x00000000000722aa
2868000: system.cpu: T0 : 0x122ae    : ld a5, 1710(a5)            : MemRead :  D=0x0000000000073d08 A=0x72958
2869000: system.cpu: T0 : 0x122b2    : sb a4, 0(a5)               : MemWrite :  D=0x0000000000000000 A=0x73d08
2870000: system.cpu: T0 : 0x122b6    : auipc a5, 96               : IntAlu :  D=0x00000000000722b6
2871000: system.cpu: T0 : 0x122ba    : ld a5, 1714(a5)            : MemRead :  D=0x0000000000073d14 A=0x72968
2872000: system.cpu: T0 : 0x122be    : lbu a4, 0(a5)              : MemRead :  D=0x0000000000000000 A=0x73d14
2873000: system.cpu: T0 : 0x122c2    : auipc a5, 96               : IntAlu :  D=0x00000000000722c2
2874000: system.cpu: T0 : 0x122c6    : ld a5, 1550(a5)            : MemRead :  D=0x0000000000073ce5 A=0x728d0
2875000: system.cpu: T0 : 0x122ca    : sb a4, 0(a5)               : MemWrite :  D=0x0000000000000000 A=0x73ce5
2876000: system.cpu: T0 : 0x122ce    : auipc a5, 96               : IntAlu :  D=0x00000000000722ce
2877000: system.cpu: T0 : 0x122d2    : ld a5, 1650(a5)            : MemRead :  D=0x0000000000073d06 A=0x72940
2878000: system.cpu: T0 : 0x122d6    : lbu a4, 0(a5)              : MemRead :  D=0x0000000000000000 A=0x73d06
2879000: system.cpu: T0 : 0x122da    : auipc a5, 96               : IntAlu :  D=0x00000000000722da
2880000: system.cpu: T0 : 0x122de    : ld a5, 1846(a5)            : MemRead :  D=0x0000000000073d59 A=0x72a10
2881000: system.cpu: T0 : 0x122e2    : sb a4, 0(a5)               : MemWrite :  D=0x0000000000000000 A=0x73d59
2882000: system.cpu: T0 : 0x122e6    : auipc a5, 97               : IntAlu :  D=0x00000000000732e6
2883000: system.cpu: T0 : 0x122ea    : ld a5, -2006(a5)           : MemRead :  D=0x0000000000073db6 A=0x72b10
2884000: system.cpu: T0 : 0x122ee    : lbu a4, 0(a5)              : MemRead :  D=0x0000000000000000 A=0x73db6
2885000: system.cpu: T0 : 0x122f2    : auipc a5, 96               : IntAlu :  D=0x00000000000722f2
2886000: system.cpu: T0 : 0x122f6    : ld a5, 1702(a5)            : MemRead :  D=0x0000000000073d28 A=0x72998
2887000: system.cpu: T0 : 0x122fa    : sb a4, 0(a5)               : MemWrite :  D=0x0000000000000000 A=0x73d28
2888000: system.cpu: T0 : 0x122fe    : auipc a5, 96               : IntAlu :  D=0x00000000000722fe
2889000: system.cpu: T0 : 0x12302    : ld a5, 1746(a5)            : MemRead :  D=0x0000000000073d3a A=0x729d0
2890000: system.cpu: T0 : 0x12306    : lbu a4, 0(a5)              : MemRead :  D=0x0000000000000000 A=0x73d3a
2891000: system.cpu: T0 : 0x1230a    : auipc a5, 96               : IntAlu :  D=0x000000000007230a
2892000: system.cpu: T0 : 0x1230e    : ld a5, 1342(a5)            : MemRead :  D=0x0000000000073cbc A=0x72848
2893000: system.cpu: T0 : 0x12312    : sb a4, 0(a5)               : MemWrite :  D=0x0000000000000000 A=0x73cbc
2894000: system.cpu: T0 : 0x12316    : auipc a5, 96               : IntAlu :  D=0x0000000000072316
2895000: system.cpu: T0 : 0x1231a    : ld a5, 1914(a5)            : MemRead :  D=0x0000000000073d84 A=0x72a90
2896000: system.cpu: T0 : 0x1231e    : lbu a4, 0(a5)              : MemRead :  D=0x0000000000000000 A=0x73d84
2897000: system.cpu: T0 : 0x12322    : auipc a5, 96               : IntAlu :  D=0x0000000000072322
2898000: system.cpu: T0 : 0x12326    : ld a5, 1534(a5)            : MemRead :  D=0x0000000000073d01 A=0x72920
2899000: system.cpu: T0 : 0x1232a    : sb a4, 0(a5)               : MemWrite :  D=0x0000000000000000 A=0x73d01
2900000: system.cpu: T0 : 0x1232e    : auipc a5, 96               : IntAlu :  D=0x000000000007232e
2901000: system.cpu: T0 : 0x12332    : ld a5, 1578(a5)            : MemRead :  D=0x0000000000073d08 A=0x72958
2902000: system.cpu: T0 : 0x12336    : lbu a4, 0(a5)              : MemRead :  D=0x0000000000000000 A=0x73d08
2903000: system.cpu: T0 : 0x1233a    : auipc a5, 96               : IntAlu :  D=0x000000000007233a
2904000: system.cpu: T0 : 0x1233e    : ld a5, 1974(a5)            : MemRead :  D=0x0000000000073dae A=0x72af0
2905000: system.cpu: T0 : 0x12342    : sb a4, 0(a5)               : MemWrite :  D=0x0000000000000000 A=0x73dae
2906000: system.cpu: T0 : 0x12346    : auipc a5, 96               : IntAlu :  D=0x0000000000072346
2907000: system.cpu: T0 : 0x1234a    : ld a5, 1418(a5)            : MemRead :  D=0x0000000000073ce5 A=0x728d0
2908000: system.cpu: T0 : 0x1234e    : lbu a4, 0(a5)              : MemRead :  D=0x0000000000000000 A=0x73ce5
2909000: system.cpu: T0 : 0x12352    : auipc a5, 96               : IntAlu :  D=0x0000000000072352
2910000: system.cpu: T0 : 0x12356    : ld a5, 1558(a5)            : MemRead :  D=0x0000000000073d14 A=0x72968
2911000: system.cpu: T0 : 0x1235a    : sb a4, 0(a5)               : MemWrite :  D=0x0000000000000000 A=0x73d14
2912000: system.cpu: T0 : 0x1235e    : auipc a5, 96               : IntAlu :  D=0x000000000007235e
2913000: system.cpu: T0 : 0x12362    : ld a5, 1714(a5)            : MemRead :  D=0x0000000000073d59 A=0x72a10
2914000: system.cpu: T0 : 0x12366    : lbu a4, 0(a5)              : MemRead :  D=0x0000000000000000 A=0x73d59
2915000: system.cpu: T0 : 0x1236a    : auipc a5, 96               : IntAlu :  D=0x000000000007236a
2916000: system.cpu: T0 : 0x1236e    : ld a5, 1494(a5)            : MemRead :  D=0x0000000000073d06 A=0x72940
2917000: system.cpu: T0 : 0x12372    : sb a4, 0(a5)               : MemWrite :  D=0x0000000000000000 A=0x73d06
2918000: system.cpu: T0 : 0x12376    : auipc a5, 96               : IntAlu :  D=0x0000000000072376
2919000: system.cpu: T0 : 0x1237a    : ld a5, 1570(a5)            : MemRead :  D=0x0000000000073d28 A=0x72998
2920000: system.cpu: T0 : 0x1237e    : lbu a4, 0(a5)              : MemRead :  D=0x0000000000000000 A=0x73d28
2921000: system.cpu: T0 : 0x12382    : auipc a5, 96               : IntAlu :  D=0x0000000000072382
2922000: system.cpu: T0 : 0x12386    : ld a5, 1934(a5)            : MemRead :  D=0x0000000000073db6 A=0x72b10
2923000: system.cpu: T0 : 0x1238a    : sb a4, 0(a5)               : MemWrite :  D=0x0000000000000000 A=0x73db6
2924000: system.cpu: T0 : 0x1238e    : jal ra, -5832              : IntAlu :  D=0x0000000000012392
2924500: system.cpu: T0 : 0x10cc6    : c_addi sp, -16             : IntAlu :  D=0x7ffffffffffffdc0
2925000: system.cpu: T0 : 0x10cc8    : c_sdsp s0, 8(sp)           : MemWrite :  D=0x7ffffffffffffde0 A=0x7ffffffffffffdc8
2925500: system.cpu: T0 : 0x10cca    : c_addi4spn s0, sp, 16      : IntAlu :  D=0x7ffffffffffffdd0
2926000: system.cpu: T0 : 0x10ccc    : addi a5, gp, -960          : IntAlu :  D=0x0000000000072f70
2926500: system.cpu: T0 : 0x10cd0    : lbu a5, 13(a5)             : MemRead :  D=0x0000000000000000 A=0x72f7d
2927000: system.cpu: T0 : 0x10cd4    : c_bnez a5, 38              : IntAlu : 
2928000: system.cpu: T0 : 0x10cd6    : addi a5, gp, -960          : IntAlu :  D=0x0000000000072f70
2929000: system.cpu: T0 : 0x10cda    : lbu a5, 15(a5)             : MemRead :  D=0x0000000000000000 A=0x72f7f
2929500: system.cpu: T0 : 0x10cde    : c_beqz a5, 28              : IntAlu : 
2930500: system.cpu: T0 : 0x10cfa    : addi a5, gp, -960          : IntAlu :  D=0x0000000000072f70
2931500: system.cpu: T0 : 0x10cfe    : lbu a5, 13(a5)             : MemRead :  D=0x0000000000000000 A=0x72f7d
2932500: system.cpu: T0 : 0x10d02    : beq a5, zero, 3212         : IntAlu : 
2933000: system.cpu: T0 : 0x1198e    : c_addi zero, 0             : IntAlu :  D=0x0000000000000000
2933500: system.cpu: T0 : 0x11990    : c_ldsp s0, 8(sp)           : MemRead :  D=0x7ffffffffffffde0 A=0x7ffffffffffffdc8
2934000: system.cpu: T0 : 0x11992    : c_addi sp, 16              : IntAlu :  D=0x7ffffffffffffdd0
2934500: system.cpu: T0 : 0x11994    : c_jr ra                    : IntAlu : 
2935500: system.cpu: T0 : 0x12392    : auipc a5, 96               : IntAlu :  D=0x0000000000072392
2936500: system.cpu: T0 : 0x12396    : ld a5, 1854(a5)            : MemRead :  D=0x0000000000073da0 A=0x72ad0
2937500: system.cpu: T0 : 0x1239a    : lbu a4, 0(a5)              : MemRead :  D=0x0000000000000000 A=0x73da0
2938500: system.cpu: T0 : 0x1239e    : auipc a5, 96               : IntAlu :  D=0x000000000007239e
2939500: system.cpu: T0 : 0x123a2    : ld a5, 1170(a5)            : MemRead :  D=0x0000000000073cb9 A=0x72830
2940500: system.cpu: T0 : 0x123a6    : sb a4, 0(a5)               : MemWrite :  D=0x0000000000000000 A=0x73cb9
2941500: system.cpu: T0 : 0x123aa    : auipc a5, 96               : IntAlu :  D=0x00000000000723aa
2942500: system.cpu: T0 : 0x123ae    : ld a5, 1710(a5)            : MemRead :  D=0x0000000000073d79 A=0x72a58
2943500: system.cpu: T0 : 0x123b2    : lbu a4, 0(a5)              : MemRead :  D=0x0000000000000000 A=0x73d79
2944500: system.cpu: T0 : 0x123b6    : auipc a5, 96               : IntAlu :  D=0x00000000000723b6
2945500: system.cpu: T0 : 0x123ba    : ld a5, 1642(a5)            : MemRead :  D=0x0000000000073d68 A=0x72a20
2946500: system.cpu: T0 : 0x123be    : sb a4, 0(a5)               : MemWrite :  D=0x0000000000000000 A=0x73d68
2947500: system.cpu: T0 : 0x123c2    : auipc a5, 96               : IntAlu :  D=0x00000000000723c2
2948500: system.cpu: T0 : 0x123c6    : ld a5, 1846(a5)            : MemRead :  D=0x0000000000073db0 A=0x72af8
2949000: system.cpu: T0 : 0x123ca    : c_lw a4, 0(a5)             : MemRead :  D=0x0000000000000000 A=0x73db0
2949500: system.cpu: T0 : 0x123cc    : auipc a5, 96               : IntAlu :  D=0x00000000000723cc
2950000: system.cpu: T0 : 0x123d0    : ld a5, 1092(a5)            : MemRead :  D=0x0000000000073ca4 A=0x72810
2950500: system.cpu: T0 : 0x123d4    : c_sw a4, 0(a5)             : MemWrite :  D=0x0000000000000000 A=0x73ca4
2951500: system.cpu: T0 : 0x123d6    : auipc a5, 96               : IntAlu :  D=0x00000000000723d6
2952500: system.cpu: T0 : 0x123da    : ld a5, 1378(a5)            : MemRead :  D=0x0000000000073d05 A=0x72938
2953500: system.cpu: T0 : 0x123de    : lbu a4, 0(a5)              : MemRead :  D=0x0000000000000000 A=0x73d05
2954500: system.cpu: T0 : 0x123e2    : auipc a5, 96               : IntAlu :  D=0x00000000000723e2
2955500: system.cpu: T0 : 0x123e6    : ld a5, 1350(a5)            : MemRead :  D=0x0000000000073d02 A=0x72928
2956500: system.cpu: T0 : 0x123ea    : sb a4, 0(a5)               : MemWrite :  D=0x0000000000000000 A=0x73d02
2957500: system.cpu: T0 : 0x123ee    : auipc a5, 96               : IntAlu :  D=0x00000000000723ee
2958500: system.cpu: T0 : 0x123f2    : ld a5, 1474(a5)            : MemRead :  D=0x0000000000073d2c A=0x729b0
2959000: system.cpu: T0 : 0x123f6    : c_lw a4, 0(a5)             : MemRead :  D=0x0000000000000000 A=0x73d2c
2959500: system.cpu: T0 : 0x123f8    : auipc a5, 96               : IntAlu :  D=0x00000000000723f8
2960000: system.cpu: T0 : 0x123fc    : ld a5, 1696(a5)            : MemRead :  D=0x0000000000073d88 A=0x72a98
2960500: system.cpu: T0 : 0x12400    : c_sw a4, 0(a5)             : MemWrite :  D=0x0000000000000000 A=0x73d88
2961500: system.cpu: T0 : 0x12402    : auipc a5, 96               : IntAlu :  D=0x0000000000072402
2962500: system.cpu: T0 : 0x12406    : ld a5, 1718(a5)            : MemRead :  D=0x0000000000073d95 A=0x72ab8
2963500: system.cpu: T0 : 0x1240a    : lbu a4, 0(a5)              : MemRead :  D=0x0000000000000000 A=0x73d95
2964500: system.cpu: T0 : 0x1240e    : auipc a5, 96               : IntAlu :  D=0x000000000007240e
2965500: system.cpu: T0 : 0x12412    : ld a5, 1266(a5)            : MemRead :  D=0x0000000000073cf8 A=0x72900
2966500: system.cpu: T0 : 0x12416    : sb a4, 0(a5)               : MemWrite :  D=0x0000000000000000 A=0x73cf8
2967500: system.cpu: T0 : 0x1241a    : auipc a5, 96               : IntAlu :  D=0x000000000007241a
2968500: system.cpu: T0 : 0x1241e    : ld a5, 1750(a5)            : MemRead :  D=0x0000000000073dae A=0x72af0
2969500: system.cpu: T0 : 0x12422    : lbu a4, 0(a5)              : MemRead :  D=0x0000000000000000 A=0x73dae
2970500: system.cpu: T0 : 0x12426    : auipc a5, 96               : IntAlu :  D=0x0000000000072426
2971500: system.cpu: T0 : 0x1242a    : ld a5, 1330(a5)            : MemRead :  D=0x0000000000073d08 A=0x72958
2972500: system.cpu: T0 : 0x1242e    : sb a4, 0(a5)               : MemWrite :  D=0x0000000000000000 A=0x73d08
2973500: system.cpu: T0 : 0x12432    : auipc a5, 96               : IntAlu :  D=0x0000000000072432
2974500: system.cpu: T0 : 0x12436    : ld a5, 1334(a5)            : MemRead :  D=0x0000000000073d14 A=0x72968
2975500: system.cpu: T0 : 0x1243a    : lbu a4, 0(a5)              : MemRead :  D=0x0000000000000000 A=0x73d14
2976500: system.cpu: T0 : 0x1243e    : auipc a5, 96               : IntAlu :  D=0x000000000007243e
2977500: system.cpu: T0 : 0x12442    : ld a5, 1170(a5)            : MemRead :  D=0x0000000000073ce5 A=0x728d0
2978500: system.cpu: T0 : 0x12446    : sb a4, 0(a5)               : MemWrite :  D=0x0000000000000000 A=0x73ce5
2979500: system.cpu: T0 : 0x1244a    : auipc a5, 96               : IntAlu :  D=0x000000000007244a
2980500: system.cpu: T0 : 0x1244e    : ld a5, 1270(a5)            : MemRead :  D=0x0000000000073d06 A=0x72940
2981500: system.cpu: T0 : 0x12452    : lbu a4, 0(a5)              : MemRead :  D=0x0000000000000000 A=0x73d06
2982500: system.cpu: T0 : 0x12456    : auipc a5, 96               : IntAlu :  D=0x0000000000072456
2983500: system.cpu: T0 : 0x1245a    : ld a5, 1466(a5)            : MemRead :  D=0x0000000000073d59 A=0x72a10
2984500: system.cpu: T0 : 0x1245e    : sb a4, 0(a5)               : MemWrite :  D=0x0000000000000000 A=0x73d59
2985500: system.cpu: T0 : 0x12462    : auipc a5, 96               : IntAlu :  D=0x0000000000072462
2986500: system.cpu: T0 : 0x12466    : ld a5, 1710(a5)            : MemRead :  D=0x0000000000073db6 A=0x72b10
2987500: system.cpu: T0 : 0x1246a    : lbu a4, 0(a5)              : MemRead :  D=0x0000000000000000 A=0x73db6
2988500: system.cpu: T0 : 0x1246e    : auipc a5, 96               : IntAlu :  D=0x000000000007246e
2989500: system.cpu: T0 : 0x12472    : ld a5, 1322(a5)            : MemRead :  D=0x0000000000073d28 A=0x72998
2990500: system.cpu: T0 : 0x12476    : sb a4, 0(a5)               : MemWrite :  D=0x0000000000000000 A=0x73d28
2991500: system.cpu: T0 : 0x1247a    : auipc a5, 96               : IntAlu :  D=0x000000000007247a
2992500: system.cpu: T0 : 0x1247e    : ld a5, 1366(a5)            : MemRead :  D=0x0000000000073d3a A=0x729d0
2993500: system.cpu: T0 : 0x12482    : lbu a4, 0(a5)              : MemRead :  D=0x0000000000000000 A=0x73d3a
2994500: system.cpu: T0 : 0x12486    : auipc a5, 96               : IntAlu :  D=0x0000000000072486
2995500: system.cpu: T0 : 0x1248a    : ld a5, 962(a5)             : MemRead :  D=0x0000000000073cbc A=0x72848
2996500: system.cpu: T0 : 0x1248e    : sb a4, 0(a5)               : MemWrite :  D=0x0000000000000000 A=0x73cbc
2997500: system.cpu: T0 : 0x12492    : auipc a5, 96               : IntAlu :  D=0x0000000000072492
2998500: system.cpu: T0 : 0x12496    : ld a5, 1534(a5)            : MemRead :  D=0x0000000000073d84 A=0x72a90
2999500: system.cpu: T0 : 0x1249a    : lbu a4, 0(a5)              : MemRead :  D=0x0000000000000000 A=0x73d84
3000500: system.cpu: T0 : 0x1249e    : auipc a5, 96               : IntAlu :  D=0x000000000007249e
3001500: system.cpu: T0 : 0x124a2    : ld a5, 1154(a5)            : MemRead :  D=0x0000000000073d01 A=0x72920
3002500: system.cpu: T0 : 0x124a6    : sb a4, 0(a5)               : MemWrite :  D=0x0000000000000000 A=0x73d01
3003500: system.cpu: T0 : 0x124aa    : auipc a5, 96               : IntAlu :  D=0x00000000000724aa
3004500: system.cpu: T0 : 0x124ae    : ld a5, 1198(a5)            : MemRead :  D=0x0000000000073d08 A=0x72958
3005500: system.cpu: T0 : 0x124b2    : lbu a4, 0(a5)              : MemRead :  D=0x0000000000000000 A=0x73d08
3006500: system.cpu: T0 : 0x124b6    : auipc a5, 96               : IntAlu :  D=0x00000000000724b6
3007500: system.cpu: T0 : 0x124ba    : ld a5, 1594(a5)            : MemRead :  D=0x0000000000073dae A=0x72af0
3008500: system.cpu: T0 : 0x124be    : sb a4, 0(a5)               : MemWrite :  D=0x0000000000000000 A=0x73dae
3009500: system.cpu: T0 : 0x124c2    : auipc a5, 96               : IntAlu :  D=0x00000000000724c2
3010500: system.cpu: T0 : 0x124c6    : ld a5, 1038(a5)            : MemRead :  D=0x0000000000073ce5 A=0x728d0
3011500: system.cpu: T0 : 0x124ca    : lbu a4, 0(a5)              : MemRead :  D=0x0000000000000000 A=0x73ce5
3012500: system.cpu: T0 : 0x124ce    : auipc a5, 96               : IntAlu :  D=0x00000000000724ce
3013500: system.cpu: T0 : 0x124d2    : ld a5, 1178(a5)            : MemRead :  D=0x0000000000073d14 A=0x72968
3014500: system.cpu: T0 : 0x124d6    : sb a4, 0(a5)               : MemWrite :  D=0x0000000000000000 A=0x73d14
3015500: system.cpu: T0 : 0x124da    : auipc a5, 96               : IntAlu :  D=0x00000000000724da
3016500: system.cpu: T0 : 0x124de    : ld a5, 1334(a5)            : MemRead :  D=0x0000000000073d59 A=0x72a10
3017500: system.cpu: T0 : 0x124e2    : lbu a4, 0(a5)              : MemRead :  D=0x0000000000000000 A=0x73d59
3018500: system.cpu: T0 : 0x124e6    : auipc a5, 96               : IntAlu :  D=0x00000000000724e6
3019500: system.cpu: T0 : 0x124ea    : ld a5, 1114(a5)            : MemRead :  D=0x0000000000073d06 A=0x72940
3020500: system.cpu: T0 : 0x124ee    : sb a4, 0(a5)               : MemWrite :  D=0x0000000000000000 A=0x73d06
3021500: system.cpu: T0 : 0x124f2    : auipc a5, 96               : IntAlu :  D=0x00000000000724f2
3022500: system.cpu: T0 : 0x124f6    : ld a5, 1190(a5)            : MemRead :  D=0x0000000000073d28 A=0x72998
3023500: system.cpu: T0 : 0x124fa    : lbu a4, 0(a5)              : MemRead :  D=0x0000000000000000 A=0x73d28
3024500: system.cpu: T0 : 0x124fe    : auipc a5, 96               : IntAlu :  D=0x00000000000724fe
3025500: system.cpu: T0 : 0x12502    : ld a5, 1554(a5)            : MemRead :  D=0x0000000000073db6 A=0x72b10
3026500: system.cpu: T0 : 0x12506    : sb a4, 0(a5)               : MemWrite :  D=0x0000000000000000 A=0x73db6
3027500: system.cpu: T0 : 0x1250a    : jal ra, -2932              : IntAlu :  D=0x000000000001250e
3028000: system.cpu: T0 : 0x11996    : c_addi sp, -16             : IntAlu :  D=0x7ffffffffffffdc0
3028500: system.cpu: T0 : 0x11998    : c_sdsp s0, 8(sp)           : MemWrite :  D=0x7ffffffffffffde0 A=0x7ffffffffffffdc8
3029000: system.cpu: T0 : 0x1199a    : c_addi4spn s0, sp, 16      : IntAlu :  D=0x7ffffffffffffdd0
3029500: system.cpu: T0 : 0x1199c    : addi a5, gp, -960          : IntAlu :  D=0x0000000000072f70
3030000: system.cpu: T0 : 0x119a0    : lbu a5, 16(a5)             : MemRead :  D=0x0000000000000000 A=0x72f80
3030500: system.cpu: T0 : 0x119a4    : c_beqz a5, 220             : IntAlu : 
3031000: system.cpu: T0 : 0x11a80    : c_addi zero, 0             : IntAlu :  D=0x0000000000000000
3031500: system.cpu: T0 : 0x11a82    : c_j 8                      : IntAlu : 
3032000: system.cpu: T0 : 0x11a8a    : c_addi zero, 0             : IntAlu :  D=0x0000000000000000
3032500: system.cpu: T0 : 0x11a8c    : c_ldsp s0, 8(sp)           : MemRead :  D=0x7ffffffffffffde0 A=0x7ffffffffffffdc8
3033000: system.cpu: T0 : 0x11a8e    : c_addi sp, 16              : IntAlu :  D=0x7ffffffffffffdd0
3033500: system.cpu: T0 : 0x11a90    : c_jr ra                    : IntAlu : 
3034500: system.cpu: T0 : 0x1250e    : auipc a5, 96               : IntAlu :  D=0x000000000007250e
3035500: system.cpu: T0 : 0x12512    : ld a5, 1474(a5)            : MemRead :  D=0x0000000000073da0 A=0x72ad0
3036500: system.cpu: T0 : 0x12516    : lbu a4, 0(a5)              : MemRead :  D=0x0000000000000000 A=0x73da0
3037500: system.cpu: T0 : 0x1251a    : auipc a5, 96               : IntAlu :  D=0x000000000007251a
3038500: system.cpu: T0 : 0x1251e    : ld a5, 790(a5)             : MemRead :  D=0x0000000000073cb9 A=0x72830
3039500: system.cpu: T0 : 0x12522    : sb a4, 0(a5)               : MemWrite :  D=0x0000000000000000 A=0x73cb9
3040500: system.cpu: T0 : 0x12526    : auipc a5, 96               : IntAlu :  D=0x0000000000072526
3041500: system.cpu: T0 : 0x1252a    : ld a5, 1330(a5)            : MemRead :  D=0x0000000000073d79 A=0x72a58
3042500: system.cpu: T0 : 0x1252e    : lbu a4, 0(a5)              : MemRead :  D=0x0000000000000000 A=0x73d79
3043500: system.cpu: T0 : 0x12532    : auipc a5, 96               : IntAlu :  D=0x0000000000072532
3044500: system.cpu: T0 : 0x12536    : ld a5, 1262(a5)            : MemRead :  D=0x0000000000073d68 A=0x72a20
3045500: system.cpu: T0 : 0x1253a    : sb a4, 0(a5)               : MemWrite :  D=0x0000000000000000 A=0x73d68
3046500: system.cpu: T0 : 0x1253e    : auipc a5, 96               : IntAlu :  D=0x000000000007253e
3047500: system.cpu: T0 : 0x12542    : ld a5, 1466(a5)            : MemRead :  D=0x0000000000073db0 A=0x72af8
3048000: system.cpu: T0 : 0x12546    : c_lw a4, 0(a5)             : MemRead :  D=0x0000000000000000 A=0x73db0
3048500: system.cpu: T0 : 0x12548    : auipc a5, 96               : IntAlu :  D=0x0000000000072548
3049000: system.cpu: T0 : 0x1254c    : ld a5, 712(a5)             : MemRead :  D=0x0000000000073ca4 A=0x72810
3049500: system.cpu: T0 : 0x12550    : c_sw a4, 0(a5)             : MemWrite :  D=0x0000000000000000 A=0x73ca4
3050500: system.cpu: T0 : 0x12552    : auipc a5, 96               : IntAlu :  D=0x0000000000072552
3051500: system.cpu: T0 : 0x12556    : ld a5, 998(a5)             : MemRead :  D=0x0000000000073d05 A=0x72938
3052500: system.cpu: T0 : 0x1255a    : lbu a4, 0(a5)              : MemRead :  D=0x0000000000000000 A=0x73d05
3053500: system.cpu: T0 : 0x1255e    : auipc a5, 96               : IntAlu :  D=0x000000000007255e
3054500: system.cpu: T0 : 0x12562    : ld a5, 970(a5)             : MemRead :  D=0x0000000000073d02 A=0x72928
3055500: system.cpu: T0 : 0x12566    : sb a4, 0(a5)               : MemWrite :  D=0x0000000000000000 A=0x73d02
3056500: system.cpu: T0 : 0x1256a    : auipc a5, 96               : IntAlu :  D=0x000000000007256a
3057500: system.cpu: T0 : 0x1256e    : ld a5, 1094(a5)            : MemRead :  D=0x0000000000073d2c A=0x729b0
3058000: system.cpu: T0 : 0x12572    : c_lw a4, 0(a5)             : MemRead :  D=0x0000000000000000 A=0x73d2c
3058500: system.cpu: T0 : 0x12574    : auipc a5, 96               : IntAlu :  D=0x0000000000072574
3059000: system.cpu: T0 : 0x12578    : ld a5, 1316(a5)            : MemRead :  D=0x0000000000073d88 A=0x72a98
3059500: system.cpu: T0 : 0x1257c    : c_sw a4, 0(a5)             : MemWrite :  D=0x0000000000000000 A=0x73d88
3060500: system.cpu: T0 : 0x1257e    : auipc a5, 96               : IntAlu :  D=0x000000000007257e
3061500: system.cpu: T0 : 0x12582    : ld a5, 1338(a5)            : MemRead :  D=0x0000000000073d95 A=0x72ab8
3062500: system.cpu: T0 : 0x12586    : lbu a4, 0(a5)              : MemRead :  D=0x0000000000000000 A=0x73d95
3063500: system.cpu: T0 : 0x1258a    : auipc a5, 96               : IntAlu :  D=0x000000000007258a
3064500: system.cpu: T0 : 0x1258e    : ld a5, 886(a5)             : MemRead :  D=0x0000000000073cf8 A=0x72900
3065500: system.cpu: T0 : 0x12592    : sb a4, 0(a5)               : MemWrite :  D=0x0000000000000000 A=0x73cf8
3066500: system.cpu: T0 : 0x12596    : auipc a5, 96               : IntAlu :  D=0x0000000000072596
3067500: system.cpu: T0 : 0x1259a    : ld a5, 1370(a5)            : MemRead :  D=0x0000000000073dae A=0x72af0
3068500: system.cpu: T0 : 0x1259e    : lbu a4, 0(a5)              : MemRead :  D=0x0000000000000000 A=0x73dae
3069500: system.cpu: T0 : 0x125a2    : auipc a5, 96               : IntAlu :  D=0x00000000000725a2
3070500: system.cpu: T0 : 0x125a6    : ld a5, 950(a5)             : MemRead :  D=0x0000000000073d08 A=0x72958
3071500: system.cpu: T0 : 0x125aa    : sb a4, 0(a5)               : MemWrite :  D=0x0000000000000000 A=0x73d08
3072500: system.cpu: T0 : 0x125ae    : auipc a5, 96               : IntAlu :  D=0x00000000000725ae
3073500: system.cpu: T0 : 0x125b2    : ld a5, 954(a5)             : MemRead :  D=0x0000000000073d14 A=0x72968
3074500: system.cpu: T0 : 0x125b6    : lbu a4, 0(a5)              : MemRead :  D=0x0000000000000000 A=0x73d14
3075500: system.cpu: T0 : 0x125ba    : auipc a5, 96               : IntAlu :  D=0x00000000000725ba
3076500: system.cpu: T0 : 0x125be    : ld a5, 790(a5)             : MemRead :  D=0x0000000000073ce5 A=0x728d0
3077500: system.cpu: T0 : 0x125c2    : sb a4, 0(a5)               : MemWrite :  D=0x0000000000000000 A=0x73ce5
3078500: system.cpu: T0 : 0x125c6    : auipc a5, 96               : IntAlu :  D=0x00000000000725c6
3079500: system.cpu: T0 : 0x125ca    : ld a5, 890(a5)             : MemRead :  D=0x0000000000073d06 A=0x72940
3080500: system.cpu: T0 : 0x125ce    : lbu a4, 0(a5)              : MemRead :  D=0x0000000000000000 A=0x73d06
3081500: system.cpu: T0 : 0x125d2    : auipc a5, 96               : IntAlu :  D=0x00000000000725d2
3082500: system.cpu: T0 : 0x125d6    : ld a5, 1086(a5)            : MemRead :  D=0x0000000000073d59 A=0x72a10
3083500: system.cpu: T0 : 0x125da    : sb a4, 0(a5)               : MemWrite :  D=0x0000000000000000 A=0x73d59
3084500: system.cpu: T0 : 0x125de    : auipc a5, 96               : IntAlu :  D=0x00000000000725de
3085500: system.cpu: T0 : 0x125e2    : ld a5, 1330(a5)            : MemRead :  D=0x0000000000073db6 A=0x72b10
3086500: system.cpu: T0 : 0x125e6    : lbu a4, 0(a5)              : MemRead :  D=0x0000000000000000 A=0x73db6
3087500: system.cpu: T0 : 0x125ea    : auipc a5, 96               : IntAlu :  D=0x00000000000725ea
3088500: system.cpu: T0 : 0x125ee    : ld a5, 942(a5)             : MemRead :  D=0x0000000000073d28 A=0x72998
3089500: system.cpu: T0 : 0x125f2    : sb a4, 0(a5)               : MemWrite :  D=0x0000000000000000 A=0x73d28
3090500: system.cpu: T0 : 0x125f6    : auipc a5, 96               : IntAlu :  D=0x00000000000725f6
3091500: system.cpu: T0 : 0x125fa    : ld a5, 986(a5)             : MemRead :  D=0x0000000000073d3a A=0x729d0
3092500: system.cpu: T0 : 0x125fe    : lbu a4, 0(a5)              : MemRead :  D=0x0000000000000000 A=0x73d3a
3093500: system.cpu: T0 : 0x12602    : auipc a5, 96               : IntAlu :  D=0x0000000000072602
3094500: system.cpu: T0 : 0x12606    : ld a5, 582(a5)             : MemRead :  D=0x0000000000073cbc A=0x72848
3095500: system.cpu: T0 : 0x1260a    : sb a4, 0(a5)               : MemWrite :  D=0x0000000000000000 A=0x73cbc
3096500: system.cpu: T0 : 0x1260e    : auipc a5, 96               : IntAlu :  D=0x000000000007260e
3097500: system.cpu: T0 : 0x12612    : ld a5, 1154(a5)            : MemRead :  D=0x0000000000073d84 A=0x72a90
3098500: system.cpu: T0 : 0x12616    : lbu a4, 0(a5)              : MemRead :  D=0x0000000000000000 A=0x73d84
3099500: system.cpu: T0 : 0x1261a    : auipc a5, 96               : IntAlu :  D=0x000000000007261a
3100500: system.cpu: T0 : 0x1261e    : ld a5, 774(a5)             : MemRead :  D=0x0000000000073d01 A=0x72920
3101500: system.cpu: T0 : 0x12622    : sb a4, 0(a5)               : MemWrite :  D=0x0000000000000000 A=0x73d01
3102500: system.cpu: T0 : 0x12626    : auipc a5, 96               : IntAlu :  D=0x0000000000072626
3103500: system.cpu: T0 : 0x1262a    : ld a5, 818(a5)             : MemRead :  D=0x0000000000073d08 A=0x72958
3104500: system.cpu: T0 : 0x1262e    : lbu a4, 0(a5)              : MemRead :  D=0x0000000000000000 A=0x73d08
3105500: system.cpu: T0 : 0x12632    : auipc a5, 96               : IntAlu :  D=0x0000000000072632
3106500: system.cpu: T0 : 0x12636    : ld a5, 1214(a5)            : MemRead :  D=0x0000000000073dae A=0x72af0
3107500: system.cpu: T0 : 0x1263a    : sb a4, 0(a5)               : MemWrite :  D=0x0000000000000000 A=0x73dae
3108500: system.cpu: T0 : 0x1263e    : auipc a5, 96               : IntAlu :  D=0x000000000007263e
3109500: system.cpu: T0 : 0x12642    : ld a5, 658(a5)             : MemRead :  D=0x0000000000073ce5 A=0x728d0
3110500: system.cpu: T0 : 0x12646    : lbu a4, 0(a5)              : MemRead :  D=0x0000000000000000 A=0x73ce5
3111500: system.cpu: T0 : 0x1264a    : auipc a5, 96               : IntAlu :  D=0x000000000007264a
3112500: system.cpu: T0 : 0x1264e    : ld a5, 798(a5)             : MemRead :  D=0x0000000000073d14 A=0x72968
3113500: system.cpu: T0 : 0x12652    : sb a4, 0(a5)               : MemWrite :  D=0x0000000000000000 A=0x73d14
3114500: system.cpu: T0 : 0x12656    : auipc a5, 96               : IntAlu :  D=0x0000000000072656
3115500: system.cpu: T0 : 0x1265a    : ld a5, 954(a5)             : MemRead :  D=0x0000000000073d59 A=0x72a10
3116500: system.cpu: T0 : 0x1265e    : lbu a4, 0(a5)              : MemRead :  D=0x0000000000000000 A=0x73d59
3117500: system.cpu: T0 : 0x12662    : auipc a5, 96               : IntAlu :  D=0x0000000000072662
3118500: system.cpu: T0 : 0x12666    : ld a5, 734(a5)             : MemRead :  D=0x0000000000073d06 A=0x72940
3119500: system.cpu: T0 : 0x1266a    : sb a4, 0(a5)               : MemWrite :  D=0x0000000000000000 A=0x73d06
3120500: system.cpu: T0 : 0x1266e    : auipc a5, 96               : IntAlu :  D=0x000000000007266e
3121500: system.cpu: T0 : 0x12672    : ld a5, 810(a5)             : MemRead :  D=0x0000000000073d28 A=0x72998
3122500: system.cpu: T0 : 0x12676    : lbu a4, 0(a5)              : MemRead :  D=0x0000000000000000 A=0x73d28
3123500: system.cpu: T0 : 0x1267a    : auipc a5, 96               : IntAlu :  D=0x000000000007267a
3124500: system.cpu: T0 : 0x1267e    : ld a5, 1174(a5)            : MemRead :  D=0x0000000000073db6 A=0x72b10
3125500: system.cpu: T0 : 0x12682    : sb a4, 0(a5)               : MemWrite :  D=0x0000000000000000 A=0x73db6
3126500: system.cpu: T0 : 0x12686    : jal ra, -3060              : IntAlu :  D=0x000000000001268a
3127000: system.cpu: T0 : 0x11a92    : c_addi sp, -16             : IntAlu :  D=0x7ffffffffffffdc0
3127500: system.cpu: T0 : 0x11a94    : c_sdsp s0, 8(sp)           : MemWrite :  D=0x7ffffffffffffde0 A=0x7ffffffffffffdc8
3128000: system.cpu: T0 : 0x11a96    : c_addi4spn s0, sp, 16      : IntAlu :  D=0x7ffffffffffffdd0
3128500: system.cpu: T0 : 0x11a98    : addi a5, gp, -960          : IntAlu :  D=0x0000000000072f70
3129000: system.cpu: T0 : 0x11a9c    : lbu a5, 19(a5)             : MemRead :  D=0x0000000000000000 A=0x72f83
3129500: system.cpu: T0 : 0x11aa0    : c_bnez a5, 30              : IntAlu : 
3130500: system.cpu: T0 : 0x11aa2    : addi a5, gp, -960          : IntAlu :  D=0x0000000000072f70
3131500: system.cpu: T0 : 0x11aa6    : lbu a5, 21(a5)             : MemRead :  D=0x0000000000000000 A=0x72f85
3132000: system.cpu: T0 : 0x11aaa    : c_beqz a5, 20              : IntAlu : 
3133000: system.cpu: T0 : 0x11abe    : addi a5, gp, -960          : IntAlu :  D=0x0000000000072f70
3134000: system.cpu: T0 : 0x11ac2    : lbu a5, 19(a5)             : MemRead :  D=0x0000000000000000 A=0x72f83
3135000: system.cpu: T0 : 0x11ac6    : beq a5, zero, 718          : IntAlu : 
3135500: system.cpu: T0 : 0x11d94    : c_addi zero, 0             : IntAlu :  D=0x0000000000000000
3136000: system.cpu: T0 : 0x11d96    : c_j 4                      : IntAlu : 
3136500: system.cpu: T0 : 0x11d9a    : c_addi zero, 0             : IntAlu :  D=0x0000000000000000
3137000: system.cpu: T0 : 0x11d9c    : c_ldsp s0, 8(sp)           : MemRead :  D=0x7ffffffffffffde0 A=0x7ffffffffffffdc8
3137500: system.cpu: T0 : 0x11d9e    : c_addi sp, 16              : IntAlu :  D=0x7ffffffffffffdd0
3138000: system.cpu: T0 : 0x11da0    : c_jr ra                    : IntAlu : 
3139000: system.cpu: T0 : 0x1268a    : auipc a5, 96               : IntAlu :  D=0x000000000007268a
3140000: system.cpu: T0 : 0x1268e    : ld a5, 1094(a5)            : MemRead :  D=0x0000000000073da0 A=0x72ad0
3141000: system.cpu: T0 : 0x12692    : lbu a4, 0(a5)              : MemRead :  D=0x0000000000000000 A=0x73da0
3142000: system.cpu: T0 : 0x12696    : auipc a5, 96               : IntAlu :  D=0x0000000000072696
3143000: system.cpu: T0 : 0x1269a    : ld a5, 410(a5)             : MemRead :  D=0x0000000000073cb9 A=0x72830
3144000: system.cpu: T0 : 0x1269e    : sb a4, 0(a5)               : MemWrite :  D=0x0000000000000000 A=0x73cb9
3145000: system.cpu: T0 : 0x126a2    : auipc a5, 96               : IntAlu :  D=0x00000000000726a2
3146000: system.cpu: T0 : 0x126a6    : ld a5, 950(a5)             : MemRead :  D=0x0000000000073d79 A=0x72a58
3147000: system.cpu: T0 : 0x126aa    : lbu a4, 0(a5)              : MemRead :  D=0x0000000000000000 A=0x73d79
3148000: system.cpu: T0 : 0x126ae    : auipc a5, 96               : IntAlu :  D=0x00000000000726ae
3149000: system.cpu: T0 : 0x126b2    : ld a5, 882(a5)             : MemRead :  D=0x0000000000073d68 A=0x72a20
3150000: system.cpu: T0 : 0x126b6    : sb a4, 0(a5)               : MemWrite :  D=0x0000000000000000 A=0x73d68
3151000: system.cpu: T0 : 0x126ba    : auipc a5, 96               : IntAlu :  D=0x00000000000726ba
3152000: system.cpu: T0 : 0x126be    : ld a5, 1086(a5)            : MemRead :  D=0x0000000000073db0 A=0x72af8
3152500: system.cpu: T0 : 0x126c2    : c_lw a4, 0(a5)             : MemRead :  D=0x0000000000000000 A=0x73db0
3153000: system.cpu: T0 : 0x126c4    : auipc a5, 96               : IntAlu :  D=0x00000000000726c4
3153500: system.cpu: T0 : 0x126c8    : ld a5, 332(a5)             : MemRead :  D=0x0000000000073ca4 A=0x72810
3154000: system.cpu: T0 : 0x126cc    : c_sw a4, 0(a5)             : MemWrite :  D=0x0000000000000000 A=0x73ca4
3155000: system.cpu: T0 : 0x126ce    : auipc a5, 96               : IntAlu :  D=0x00000000000726ce
3156000: system.cpu: T0 : 0x126d2    : ld a5, 618(a5)             : MemRead :  D=0x0000000000073d05 A=0x72938
3157000: system.cpu: T0 : 0x126d6    : lbu a4, 0(a5)              : MemRead :  D=0x0000000000000000 A=0x73d05
3158000: system.cpu: T0 : 0x126da    : auipc a5, 96               : IntAlu :  D=0x00000000000726da
3159000: system.cpu: T0 : 0x126de    : ld a5, 590(a5)             : MemRead :  D=0x0000000000073d02 A=0x72928
3160000: system.cpu: T0 : 0x126e2    : sb a4, 0(a5)               : MemWrite :  D=0x0000000000000000 A=0x73d02
3161000: system.cpu: T0 : 0x126e6    : auipc a5, 96               : IntAlu :  D=0x00000000000726e6
3162000: system.cpu: T0 : 0x126ea    : ld a5, 714(a5)             : MemRead :  D=0x0000000000073d2c A=0x729b0
3162500: system.cpu: T0 : 0x126ee    : c_lw a4, 0(a5)             : MemRead :  D=0x0000000000000000 A=0x73d2c
3163000: system.cpu: T0 : 0x126f0    : auipc a5, 96               : IntAlu :  D=0x00000000000726f0
3163500: system.cpu: T0 : 0x126f4    : ld a5, 936(a5)             : MemRead :  D=0x0000000000073d88 A=0x72a98
3164000: system.cpu: T0 : 0x126f8    : c_sw a4, 0(a5)             : MemWrite :  D=0x0000000000000000 A=0x73d88
3165000: system.cpu: T0 : 0x126fa    : auipc a5, 96               : IntAlu :  D=0x00000000000726fa
3166000: system.cpu: T0 : 0x126fe    : ld a5, 958(a5)             : MemRead :  D=0x0000000000073d95 A=0x72ab8
3167000: system.cpu: T0 : 0x12702    : lbu a4, 0(a5)              : MemRead :  D=0x0000000000000000 A=0x73d95
3168000: system.cpu: T0 : 0x12706    : auipc a5, 96               : IntAlu :  D=0x0000000000072706
3169000: system.cpu: T0 : 0x1270a    : ld a5, 506(a5)             : MemRead :  D=0x0000000000073cf8 A=0x72900
3170000: system.cpu: T0 : 0x1270e    : sb a4, 0(a5)               : MemWrite :  D=0x0000000000000000 A=0x73cf8
3171000: system.cpu: T0 : 0x12712    : auipc a5, 96               : IntAlu :  D=0x0000000000072712
3172000: system.cpu: T0 : 0x12716    : ld a5, 990(a5)             : MemRead :  D=0x0000000000073dae A=0x72af0
3173000: system.cpu: T0 : 0x1271a    : lbu a4, 0(a5)              : MemRead :  D=0x0000000000000000 A=0x73dae
3174000: system.cpu: T0 : 0x1271e    : auipc a5, 96               : IntAlu :  D=0x000000000007271e
3175000: system.cpu: T0 : 0x12722    : ld a5, 570(a5)             : MemRead :  D=0x0000000000073d08 A=0x72958
3176000: system.cpu: T0 : 0x12726    : sb a4, 0(a5)               : MemWrite :  D=0x0000000000000000 A=0x73d08
3177000: system.cpu: T0 : 0x1272a    : auipc a5, 96               : IntAlu :  D=0x000000000007272a
3178000: system.cpu: T0 : 0x1272e    : ld a5, 574(a5)             : MemRead :  D=0x0000000000073d14 A=0x72968
3179000: system.cpu: T0 : 0x12732    : lbu a4, 0(a5)              : MemRead :  D=0x0000000000000000 A=0x73d14
3180000: system.cpu: T0 : 0x12736    : auipc a5, 96               : IntAlu :  D=0x0000000000072736
3181000: system.cpu: T0 : 0x1273a    : ld a5, 410(a5)             : MemRead :  D=0x0000000000073ce5 A=0x728d0
3182000: system.cpu: T0 : 0x1273e    : sb a4, 0(a5)               : MemWrite :  D=0x0000000000000000 A=0x73ce5
3183000: system.cpu: T0 : 0x12742    : auipc a5, 96               : IntAlu :  D=0x0000000000072742
3184000: system.cpu: T0 : 0x12746    : ld a5, 510(a5)             : MemRead :  D=0x0000000000073d06 A=0x72940
3185000: system.cpu: T0 : 0x1274a    : lbu a4, 0(a5)              : MemRead :  D=0x0000000000000000 A=0x73d06
3186000: system.cpu: T0 : 0x1274e    : auipc a5, 96               : IntAlu :  D=0x000000000007274e
3187000: system.cpu: T0 : 0x12752    : ld a5, 706(a5)             : MemRead :  D=0x0000000000073d59 A=0x72a10
3188000: system.cpu: T0 : 0x12756    : sb a4, 0(a5)               : MemWrite :  D=0x0000000000000000 A=0x73d59
3189000: system.cpu: T0 : 0x1275a    : auipc a5, 96               : IntAlu :  D=0x000000000007275a
3190000: system.cpu: T0 : 0x1275e    : ld a5, 950(a5)             : MemRead :  D=0x0000000000073db6 A=0x72b10
3191000: system.cpu: T0 : 0x12762    : lbu a4, 0(a5)              : MemRead :  D=0x0000000000000000 A=0x73db6
3192000: system.cpu: T0 : 0x12766    : auipc a5, 96               : IntAlu :  D=0x0000000000072766
3193000: system.cpu: T0 : 0x1276a    : ld a5, 562(a5)             : MemRead :  D=0x0000000000073d28 A=0x72998
3194000: system.cpu: T0 : 0x1276e    : sb a4, 0(a5)               : MemWrite :  D=0x0000000000000000 A=0x73d28
3195000: system.cpu: T0 : 0x12772    : auipc a5, 96               : IntAlu :  D=0x0000000000072772
3196000: system.cpu: T0 : 0x12776    : ld a5, 606(a5)             : MemRead :  D=0x0000000000073d3a A=0x729d0
3197000: system.cpu: T0 : 0x1277a    : lbu a4, 0(a5)              : MemRead :  D=0x0000000000000000 A=0x73d3a
3198000: system.cpu: T0 : 0x1277e    : auipc a5, 96               : IntAlu :  D=0x000000000007277e
3199000: system.cpu: T0 : 0x12782    : ld a5, 202(a5)             : MemRead :  D=0x0000000000073cbc A=0x72848
3200000: system.cpu: T0 : 0x12786    : sb a4, 0(a5)               : MemWrite :  D=0x0000000000000000 A=0x73cbc
3201000: system.cpu: T0 : 0x1278a    : auipc a5, 96               : IntAlu :  D=0x000000000007278a
3202000: system.cpu: T0 : 0x1278e    : ld a5, 774(a5)             : MemRead :  D=0x0000000000073d84 A=0x72a90
3203000: system.cpu: T0 : 0x12792    : lbu a4, 0(a5)              : MemRead :  D=0x0000000000000000 A=0x73d84
3204000: system.cpu: T0 : 0x12796    : auipc a5, 96               : IntAlu :  D=0x0000000000072796
3205000: system.cpu: T0 : 0x1279a    : ld a5, 394(a5)             : MemRead :  D=0x0000000000073d01 A=0x72920
3206000: system.cpu: T0 : 0x1279e    : sb a4, 0(a5)               : MemWrite :  D=0x0000000000000000 A=0x73d01
3207000: system.cpu: T0 : 0x127a2    : addi a5, gp, -960          : IntAlu :  D=0x0000000000072f70
3208000: system.cpu: T0 : 0x127a6    : lbu a4, 10(a5)             : MemRead :  D=0x0000000000000000 A=0x72f7a
3209000: system.cpu: T0 : 0x127aa    : addi a5, gp, -960          : IntAlu :  D=0x0000000000072f70
3210000: system.cpu: T0 : 0x127ae    : sb a4, 11(a5)              : MemWrite :  D=0x0000000000000000 A=0x72f7b
3211000: system.cpu: T0 : 0x127b2    : addi a5, gp, -960          : IntAlu :  D=0x0000000000072f70
3212000: system.cpu: T0 : 0x127b6    : lbu a4, 13(a5)             : MemRead :  D=0x0000000000000000 A=0x72f7d
3213000: system.cpu: T0 : 0x127ba    : addi a5, gp, -960          : IntAlu :  D=0x0000000000072f70
3214000: system.cpu: T0 : 0x127be    : sb a4, 14(a5)              : MemWrite :  D=0x0000000000000000 A=0x72f7e
3215000: system.cpu: T0 : 0x127c2    : addi a5, gp, -960          : IntAlu :  D=0x0000000000072f70
3216000: system.cpu: T0 : 0x127c6    : lbu a4, 16(a5)             : MemRead :  D=0x0000000000000000 A=0x72f80
3217000: system.cpu: T0 : 0x127ca    : addi a5, gp, -960          : IntAlu :  D=0x0000000000072f70
3218000: system.cpu: T0 : 0x127ce    : sb a4, 17(a5)              : MemWrite :  D=0x0000000000000000 A=0x72f81
3219000: system.cpu: T0 : 0x127d2    : addi a5, gp, -960          : IntAlu :  D=0x0000000000072f70
3220000: system.cpu: T0 : 0x127d6    : lbu a4, 19(a5)             : MemRead :  D=0x0000000000000000 A=0x72f83
3221000: system.cpu: T0 : 0x127da    : addi a5, gp, -960          : IntAlu :  D=0x0000000000072f70
3222000: system.cpu: T0 : 0x127de    : sb a4, 20(a5)              : MemWrite :  D=0x0000000000000000 A=0x72f84
3223000: system.cpu: T0 : 0x127e2    : auipc a5, 96               : IntAlu :  D=0x00000000000727e2
3224000: system.cpu: T0 : 0x127e6    : ld a5, 710(a5)             : MemRead :  D=0x0000000000073d90 A=0x72aa8
3224500: system.cpu: T0 : 0x127ea    : c_lw a4, 0(a5)             : MemRead :  D=0x0000000000000000 A=0x73d90
3225000: system.cpu: T0 : 0x127ec    : auipc a5, 96               : IntAlu :  D=0x00000000000727ec
3225500: system.cpu: T0 : 0x127f0    : ld a5, 212(a5)             : MemRead :  D=0x0000000000073ce0 A=0x728c0
3226000: system.cpu: T0 : 0x127f4    : c_sw a4, 0(a5)             : MemWrite :  D=0x0000000000000000 A=0x73ce0
3227000: system.cpu: T0 : 0x127f6    : auipc a5, 96               : IntAlu :  D=0x00000000000727f6
3228000: system.cpu: T0 : 0x127fa    : ld a5, 770(a5)             : MemRead :  D=0x0000000000073db0 A=0x72af8
3228500: system.cpu: T0 : 0x127fe    : c_lw a4, 0(a5)             : MemRead :  D=0x0000000000000000 A=0x73db0
3229000: system.cpu: T0 : 0x12800    : auipc a5, 96               : IntAlu :  D=0x0000000000072800
3229500: system.cpu: T0 : 0x12804    : ld a5, 184(a5)             : MemRead :  D=0x0000000000073cdc A=0x728b8
3230000: system.cpu: T0 : 0x12808    : c_sw a4, 0(a5)             : MemWrite :  D=0x0000000000000000 A=0x73cdc
3231000: system.cpu: T0 : 0x1280a    : auipc a5, 96               : IntAlu :  D=0x000000000007280a
3232000: system.cpu: T0 : 0x1280e    : ld a5, 70(a5)              : MemRead :  D=0x0000000000073cc0 A=0x72850
3232500: system.cpu: T0 : 0x12812    : c_lw a4, 0(a5)             : MemRead :  D=0x0000000000000000 A=0x73cc0
3233000: system.cpu: T0 : 0x12814    : auipc a5, 96               : IntAlu :  D=0x0000000000072814
3233500: system.cpu: T0 : 0x12818    : ld a5, 428(a5)             : MemRead :  D=0x0000000000073d34 A=0x729c0
3234000: system.cpu: T0 : 0x1281c    : c_sw a4, 0(a5)             : MemWrite :  D=0x0000000000000000 A=0x73d34
3235000: system.cpu: T0 : 0x1281e    : auipc a5, 96               : IntAlu :  D=0x000000000007281e
3236000: system.cpu: T0 : 0x12822    : ld a5, -14(a5)             : MemRead :  D=0x0000000000073ca4 A=0x72810
3236500: system.cpu: T0 : 0x12826    : c_lw a4, 0(a5)             : MemRead :  D=0x0000000000000000 A=0x73ca4
3237000: system.cpu: T0 : 0x12828    : auipc a5, 96               : IntAlu :  D=0x0000000000072828
3237500: system.cpu: T0 : 0x1282c    : ld a5, 232(a5)             : MemRead :  D=0x0000000000073cfc A=0x72910
3238000: system.cpu: T0 : 0x12830    : c_sw a4, 0(a5)             : MemWrite :  D=0x0000000000000000 A=0x73cfc
3239000: system.cpu: T0 : 0x12832    : auipc a5, 96               : IntAlu :  D=0x0000000000072832
3240000: system.cpu: T0 : 0x12836    : ld a5, 302(a5)             : MemRead :  D=0x0000000000073d10 A=0x72960
3240500: system.cpu: T0 : 0x1283a    : c_lw a4, 0(a5)             : MemRead :  D=0x0000000000000000 A=0x73d10
3241000: system.cpu: T0 : 0x1283c    : auipc a5, 96               : IntAlu :  D=0x000000000007283c
3241500: system.cpu: T0 : 0x12840    : ld a5, 188(a5)             : MemRead :  D=0x0000000000073cf4 A=0x728f8
3242000: system.cpu: T0 : 0x12844    : c_sw a4, 0(a5)             : MemWrite :  D=0x0000000000000000 A=0x73cf4
3243000: system.cpu: T0 : 0x12846    : auipc a5, 96               : IntAlu :  D=0x0000000000072846
3244000: system.cpu: T0 : 0x1284a    : ld a5, 714(a5)             : MemRead :  D=0x0000000000073db6 A=0x72b10
3245000: system.cpu: T0 : 0x1284e    : lbu a4, 0(a5)              : MemRead :  D=0x0000000000000000 A=0x73db6
3246000: system.cpu: T0 : 0x12852    : auipc a5, 96               : IntAlu :  D=0x0000000000072852
3247000: system.cpu: T0 : 0x12856    : ld a5, 158(a5)             : MemRead :  D=0x0000000000073cf2 A=0x728f0
3248000: system.cpu: T0 : 0x1285a    : sb a4, 0(a5)               : MemWrite :  D=0x0000000000000000 A=0x73cf2
3249000: system.cpu: T0 : 0x1285e    : auipc a5, 96               : IntAlu :  D=0x000000000007285e
3250000: system.cpu: T0 : 0x12862    : ld a5, 226(a5)             : MemRead :  D=0x0000000000073d06 A=0x72940
3251000: system.cpu: T0 : 0x12866    : lbu a4, 0(a5)              : MemRead :  D=0x0000000000000000 A=0x73d06
3252000: system.cpu: T0 : 0x1286a    : auipc a5, 96               : IntAlu :  D=0x000000000007286a
3253000: system.cpu: T0 : 0x1286e    : ld a5, -42(a5)             : MemRead :  D=0x0000000000073cbb A=0x72840
3254000: system.cpu: T0 : 0x12872    : sb a4, 0(a5)               : MemWrite :  D=0x0000000000000000 A=0x73cbb
3255000: system.cpu: T0 : 0x12876    : auipc a5, 96               : IntAlu :  D=0x0000000000072876
3256000: system.cpu: T0 : 0x1287a    : ld a5, 242(a5)             : MemRead :  D=0x0000000000073d14 A=0x72968
3257000: system.cpu: T0 : 0x1287e    : lbu a4, 0(a5)              : MemRead :  D=0x0000000000000000 A=0x73d14
3258000: system.cpu: T0 : 0x12882    : auipc a5, 96               : IntAlu :  D=0x0000000000072882
3259000: system.cpu: T0 : 0x12886    : ld a5, 30(a5)              : MemRead :  D=0x0000000000073cd5 A=0x728a0
3260000: system.cpu: T0 : 0x1288a    : sb a4, 0(a5)               : MemWrite :  D=0x0000000000000000 A=0x73cd5
3261000: system.cpu: T0 : 0x1288e    : auipc a5, 96               : IntAlu :  D=0x000000000007288e
3262000: system.cpu: T0 : 0x12892    : ld a5, 610(a5)             : MemRead :  D=0x0000000000073dae A=0x72af0
3263000: system.cpu: T0 : 0x12896    : lbu a4, 0(a5)              : MemRead :  D=0x0000000000000000 A=0x73dae
3264000: system.cpu: T0 : 0x1289a    : auipc a5, 96               : IntAlu :  D=0x000000000007289a
3265000: system.cpu: T0 : 0x1289e    : ld a5, -146(a5)            : MemRead :  D=0x0000000000073ca0 A=0x72808
3266000: system.cpu: T0 : 0x128a2    : sb a4, 0(a5)               : MemWrite :  D=0x0000000000000000 A=0x73ca0
3267000: system.cpu: T0 : 0x128a6    : auipc a5, 96               : IntAlu :  D=0x00000000000728a6
3268000: system.cpu: T0 : 0x128aa    : ld a5, 602(a5)             : MemRead :  D=0x0000000000073db4 A=0x72b00
3269000: system.cpu: T0 : 0x128ae    : lbu a4, 0(a5)              : MemRead :  D=0x0000000000000000 A=0x73db4
3270000: system.cpu: T0 : 0x128b2    : auipc a5, 96               : IntAlu :  D=0x00000000000728b2
3271000: system.cpu: T0 : 0x128b6    : ld a5, 478(a5)             : MemRead :  D=0x0000000000073d84 A=0x72a90
3272000: system.cpu: T0 : 0x128ba    : sb a4, 0(a5)               : MemWrite :  D=0x0000000000000000 A=0x73d84
3273000: system.cpu: T0 : 0x128be    : auipc a5, 96               : IntAlu :  D=0x00000000000728be
3274000: system.cpu: T0 : 0x128c2    : ld a5, 466(a5)             : MemRead :  D=0x0000000000073d84 A=0x72a90
3275000: system.cpu: T0 : 0x128c6    : lbu a4, 0(a5)              : MemRead :  D=0x0000000000000000 A=0x73d84
3276000: system.cpu: T0 : 0x128ca    : auipc a5, 96               : IntAlu :  D=0x00000000000728ca
3277000: system.cpu: T0 : 0x128ce    : ld a5, -50(a5)             : MemRead :  D=0x0000000000073cd4 A=0x72898
3278000: system.cpu: T0 : 0x128d2    : sb a4, 0(a5)               : MemWrite :  D=0x0000000000000000 A=0x73cd4
3279000: system.cpu: T0 : 0x128d6    : auipc a5, 96               : IntAlu :  D=0x00000000000728d6
3280000: system.cpu: T0 : 0x128da    : ld a5, 530(a5)             : MemRead :  D=0x0000000000073dad A=0x72ae8
3281000: system.cpu: T0 : 0x128de    : lbu a4, 0(a5)              : MemRead :  D=0x0000000000000000 A=0x73dad
3282000: system.cpu: T0 : 0x128e2    : auipc a5, 96               : IntAlu :  D=0x00000000000728e2
3283000: system.cpu: T0 : 0x128e6    : ld a5, 414(a5)             : MemRead :  D=0x0000000000073d82 A=0x72a80
3284000: system.cpu: T0 : 0x128ea    : sb a4, 0(a5)               : MemWrite :  D=0x0000000000000000 A=0x73d82
3285000: system.cpu: T0 : 0x128ee    : auipc a5, 96               : IntAlu :  D=0x00000000000728ee
3286000: system.cpu: T0 : 0x128f2    : ld a5, 402(a5)             : MemRead :  D=0x0000000000073d82 A=0x72a80
3287000: system.cpu: T0 : 0x128f6    : lbu a4, 0(a5)              : MemRead :  D=0x0000000000000000 A=0x73d82
3288000: system.cpu: T0 : 0x128fa    : auipc a5, 96               : IntAlu :  D=0x00000000000728fa
3289000: system.cpu: T0 : 0x128fe    : ld a5, 166(a5)             : MemRead :  D=0x0000000000073d29 A=0x729a0
3290000: system.cpu: T0 : 0x12902    : sb a4, 0(a5)               : MemWrite :  D=0x0000000000000000 A=0x73d29
3291000: system.cpu: T0 : 0x12906    : auipc a5, 96               : IntAlu :  D=0x0000000000072906
3292000: system.cpu: T0 : 0x1290a    : ld a5, -62(a5)             : MemRead :  D=0x0000000000073ce4 A=0x728c8
3293000: system.cpu: T0 : 0x1290e    : lbu a4, 0(a5)              : MemRead :  D=0x0000000000000000 A=0x73ce4
3294000: system.cpu: T0 : 0x12912    : auipc a5, 96               : IntAlu :  D=0x0000000000072912
3295000: system.cpu: T0 : 0x12916    : ld a5, 526(a5)             : MemRead :  D=0x0000000000073db8 A=0x72b20
3296000: system.cpu: T0 : 0x1291a    : sb a4, 0(a5)               : MemWrite :  D=0x0000000000000000 A=0x73db8
3297000: system.cpu: T0 : 0x1291e    : auipc a5, 96               : IntAlu :  D=0x000000000007291e
3298000: system.cpu: T0 : 0x12922    : ld a5, 514(a5)             : MemRead :  D=0x0000000000073db8 A=0x72b20
3299000: system.cpu: T0 : 0x12926    : lbu a4, 0(a5)              : MemRead :  D=0x0000000000000000 A=0x73db8
3300000: system.cpu: T0 : 0x1292a    : auipc a5, 96               : IntAlu :  D=0x000000000007292a
3301000: system.cpu: T0 : 0x1292e    : ld a5, -242(a5)            : MemRead :  D=0x0000000000073cba A=0x72838
3302000: system.cpu: T0 : 0x12932    : sb a4, 0(a5)               : MemWrite :  D=0x0000000000000000 A=0x73cba
3303000: system.cpu: T0 : 0x12936    : auipc a5, 96               : IntAlu :  D=0x0000000000072936
3304000: system.cpu: T0 : 0x1293a    : ld a5, -206(a5)            : MemRead :  D=0x0000000000073cc6 A=0x72868
3305000: system.cpu: T0 : 0x1293e    : lbu a4, 0(a5)              : MemRead :  D=0x0000000000000000 A=0x73cc6
3306000: system.cpu: T0 : 0x12942    : auipc a5, 96               : IntAlu :  D=0x0000000000072942
3307000: system.cpu: T0 : 0x12946    : ld a5, 278(a5)             : MemRead :  D=0x0000000000073d79 A=0x72a58
3308000: system.cpu: T0 : 0x1294a    : sb a4, 0(a5)               : MemWrite :  D=0x0000000000000000 A=0x73d79
3309000: system.cpu: T0 : 0x1294e    : auipc a5, 96               : IntAlu :  D=0x000000000007294e
3310000: system.cpu: T0 : 0x12952    : ld a5, 266(a5)             : MemRead :  D=0x0000000000073d79 A=0x72a58
3311000: system.cpu: T0 : 0x12956    : lbu a4, 0(a5)              : MemRead :  D=0x0000000000000000 A=0x73d79
3312000: system.cpu: T0 : 0x1295a    : auipc a5, 96               : IntAlu :  D=0x000000000007295a
3313000: system.cpu: T0 : 0x1295e    : ld a5, -322(a5)            : MemRead :  D=0x0000000000073ca8 A=0x72818
3314000: system.cpu: T0 : 0x12962    : sb a4, 0(a5)               : MemWrite :  D=0x0000000000000000 A=0x73ca8
3315000: system.cpu: T0 : 0x12966    : auipc a5, 96               : IntAlu :  D=0x0000000000072966
3316000: system.cpu: T0 : 0x1296a    : ld a5, -126(a5)            : MemRead :  D=0x0000000000073cf1 A=0x728e8
3317000: system.cpu: T0 : 0x1296e    : lbu a4, 0(a5)              : MemRead :  D=0x0000000000000000 A=0x73cf1
3318000: system.cpu: T0 : 0x12972    : auipc a5, 96               : IntAlu :  D=0x0000000000072972
3319000: system.cpu: T0 : 0x12976    : ld a5, 350(a5)             : MemRead :  D=0x0000000000073da0 A=0x72ad0
3320000: system.cpu: T0 : 0x1297a    : sb a4, 0(a5)               : MemWrite :  D=0x0000000000000000 A=0x73da0
3321000: system.cpu: T0 : 0x1297e    : auipc a5, 96               : IntAlu :  D=0x000000000007297e
3322000: system.cpu: T0 : 0x12982    : ld a5, 338(a5)             : MemRead :  D=0x0000000000073da0 A=0x72ad0
3323000: system.cpu: T0 : 0x12986    : lbu a4, 0(a5)              : MemRead :  D=0x0000000000000000 A=0x73da0
3324000: system.cpu: T0 : 0x1298a    : auipc a5, 96               : IntAlu :  D=0x000000000007298a
3325000: system.cpu: T0 : 0x1298e    : ld a5, -58(a5)             : MemRead :  D=0x0000000000073d07 A=0x72950
3326000: system.cpu: T0 : 0x12992    : sb a4, 0(a5)               : MemWrite :  D=0x0000000000000000 A=0x73d07
3327000: system.cpu: T0 : 0x12996    : auipc a5, 96               : IntAlu :  D=0x0000000000072996
3328000: system.cpu: T0 : 0x1299a    : ld a5, -94(a5)             : MemRead :  D=0x0000000000073d05 A=0x72938
3329000: system.cpu: T0 : 0x1299e    : lbu a4, 0(a5)              : MemRead :  D=0x0000000000000000 A=0x73d05
3330000: system.cpu: T0 : 0x129a2    : auipc a5, 96               : IntAlu :  D=0x00000000000729a2
3331000: system.cpu: T0 : 0x129a6    : ld a5, -322(a5)            : MemRead :  D=0x0000000000073cc5 A=0x72860
3332000: system.cpu: T0 : 0x129aa    : sb a4, 0(a5)               : MemWrite :  D=0x0000000000000000 A=0x73cc5
3333000: system.cpu: T0 : 0x129ae    : auipc a5, 96               : IntAlu :  D=0x00000000000729ae
3334000: system.cpu: T0 : 0x129b2    : ld a5, -134(a5)            : MemRead :  D=0x0000000000073d02 A=0x72928
3335000: system.cpu: T0 : 0x129b6    : lbu a4, 0(a5)              : MemRead :  D=0x0000000000000000 A=0x73d02
3336000: system.cpu: T0 : 0x129ba    : auipc a5, 96               : IntAlu :  D=0x00000000000729ba
3337000: system.cpu: T0 : 0x129be    : ld a5, -266(a5)            : MemRead :  D=0x0000000000073cd7 A=0x728b0
3338000: system.cpu: T0 : 0x129c2    : sb a4, 0(a5)               : MemWrite :  D=0x0000000000000000 A=0x73cd7
3339000: system.cpu: T0 : 0x129c6    : auipc a5, 96               : IntAlu :  D=0x00000000000729c6
3340000: system.cpu: T0 : 0x129ca    : ld a5, 2(a5)               : MemRead :  D=0x0000000000073d38 A=0x729c8
3341000: system.cpu: T0 : 0x129ce    : lbu a4, 0(a5)              : MemRead :  D=0x0000000000000000 A=0x73d38
3342000: system.cpu: T0 : 0x129d2    : auipc a5, 96               : IntAlu :  D=0x00000000000729d2
3343000: system.cpu: T0 : 0x129d6    : ld a5, 158(a5)             : MemRead :  D=0x0000000000073d81 A=0x72a70
3344000: system.cpu: T0 : 0x129da    : sb a4, 0(a5)               : MemWrite :  D=0x0000000000000000 A=0x73d81
3345000: system.cpu: T0 : 0x129de    : auipc a5, 96               : IntAlu :  D=0x00000000000729de
3346000: system.cpu: T0 : 0x129e2    : ld a5, -102(a5)            : MemRead :  D=0x0000000000073d16 A=0x72978
3347000: system.cpu: T0 : 0x129e6    : lbu a4, 0(a5)              : MemRead :  D=0x0000000000000000 A=0x73d16
3348000: system.cpu: T0 : 0x129ea    : auipc a5, 96               : IntAlu :  D=0x00000000000729ea
3349000: system.cpu: T0 : 0x129ee    : ld a5, 246(a5)             : MemRead :  D=0x0000000000073dac A=0x72ae0
3350000: system.cpu: T0 : 0x129f2    : sb a4, 0(a5)               : MemWrite :  D=0x0000000000000000 A=0x73dac
3351000: system.cpu: T0 : 0x129f6    : auipc a5, 96               : IntAlu :  D=0x00000000000729f6
3352000: system.cpu: T0 : 0x129fa    : ld a5, -6(a5)              : MemRead :  D=0x0000000000073d49 A=0x729f0
3353000: system.cpu: T0 : 0x129fe    : lbu a4, 0(a5)              : MemRead :  D=0x0000000000000000 A=0x73d49
3354000: system.cpu: T0 : 0x12a02    : auipc a5, 96               : IntAlu :  D=0x0000000000072a02
3355000: system.cpu: T0 : 0x12a06    : ld a5, 174(a5)             : MemRead :  D=0x0000000000073d94 A=0x72ab0
3356000: system.cpu: T0 : 0x12a0a    : sb a4, 0(a5)               : MemWrite :  D=0x0000000000000000 A=0x73d94
3357000: system.cpu: T0 : 0x12a0e    : auipc a5, 96               : IntAlu :  D=0x0000000000072a0e
3358000: system.cpu: T0 : 0x12a12    : ld a5, -134(a5)            : MemRead :  D=0x0000000000073d18 A=0x72988
3359000: system.cpu: T0 : 0x12a16    : lbu a4, 0(a5)              : MemRead :  D=0x0000000000000000 A=0x73d18
3360000: system.cpu: T0 : 0x12a1a    : auipc a5, 96               : IntAlu :  D=0x0000000000072a1a
3361000: system.cpu: T0 : 0x12a1e    : ld a5, 166(a5)             : MemRead :  D=0x0000000000073d96 A=0x72ac0
3362000: system.cpu: T0 : 0x12a22    : sb a4, 0(a5)               : MemWrite :  D=0x0000000000000000 A=0x73d96
3363000: system.cpu: T0 : 0x12a26    : auipc a5, 96               : IntAlu :  D=0x0000000000072a26
3364000: system.cpu: T0 : 0x12a2a    : ld a5, -382(a5)            : MemRead :  D=0x0000000000073cd6 A=0x728a8
3365000: system.cpu: T0 : 0x12a2e    : lbu a4, 0(a5)              : MemRead :  D=0x0000000000000000 A=0x73cd6
3366000: system.cpu: T0 : 0x12a32    : auipc a5, 96               : IntAlu :  D=0x0000000000072a32
3367000: system.cpu: T0 : 0x12a36    : ld a5, -274(a5)            : MemRead :  D=0x0000000000073d01 A=0x72920
3368000: system.cpu: T0 : 0x12a3a    : sb a4, 0(a5)               : MemWrite :  D=0x0000000000000000 A=0x73d01
3369000: system.cpu: T0 : 0x12a3e    : auipc a5, 96               : IntAlu :  D=0x0000000000072a3e
3370000: system.cpu: T0 : 0x12a42    : ld a5, -286(a5)            : MemRead :  D=0x0000000000073d01 A=0x72920
3371000: system.cpu: T0 : 0x12a46    : lbu a4, 0(a5)              : MemRead :  D=0x0000000000000000 A=0x73d01
3372000: system.cpu: T0 : 0x12a4a    : auipc a5, 96               : IntAlu :  D=0x0000000000072a4a
3373000: system.cpu: T0 : 0x12a4e    : ld a5, -66(a5)             : MemRead :  D=0x0000000000073d58 A=0x72a08
3374000: system.cpu: T0 : 0x12a52    : sb a4, 0(a5)               : MemWrite :  D=0x0000000000000000 A=0x73d58
3375000: system.cpu: T0 : 0x12a56    : auipc a5, 96               : IntAlu :  D=0x0000000000072a56
3376000: system.cpu: T0 : 0x12a5a    : ld a5, 210(a5)             : MemRead :  D=0x0000000000073db9 A=0x72b28
3377000: system.cpu: T0 : 0x12a5e    : lbu a4, 0(a5)              : MemRead :  D=0x0000000000000000 A=0x73db9
3378000: system.cpu: T0 : 0x12a62    : auipc a5, 96               : IntAlu :  D=0x0000000000072a62
3379000: system.cpu: T0 : 0x12a66    : ld a5, -66(a5)             : MemRead :  D=0x0000000000073d68 A=0x72a20
3380000: system.cpu: T0 : 0x12a6a    : sb a4, 0(a5)               : MemWrite :  D=0x0000000000000000 A=0x73d68
3381000: system.cpu: T0 : 0x12a6e    : auipc a5, 96               : IntAlu :  D=0x0000000000072a6e
3382000: system.cpu: T0 : 0x12a72    : ld a5, -78(a5)             : MemRead :  D=0x0000000000073d68 A=0x72a20
3383000: system.cpu: T0 : 0x12a76    : lbu a4, 0(a5)              : MemRead :  D=0x0000000000000000 A=0x73d68
3384000: system.cpu: T0 : 0x12a7a    : auipc a5, 96               : IntAlu :  D=0x0000000000072a7a
3385000: system.cpu: T0 : 0x12a7e    : ld a5, 94(a5)              : MemRead :  D=0x0000000000073da1 A=0x72ad8
3386000: system.cpu: T0 : 0x12a82    : sb a4, 0(a5)               : MemWrite :  D=0x0000000000000000 A=0x73da1
3387000: system.cpu: T0 : 0x12a86    : auipc a5, 96               : IntAlu :  D=0x0000000000072a86
3388000: system.cpu: T0 : 0x12a8a    : ld a5, -558(a5)            : MemRead :  D=0x0000000000073cc4 A=0x72858
3389000: system.cpu: T0 : 0x12a8e    : lbu a4, 0(a5)              : MemRead :  D=0x0000000000000000 A=0x73cc4
3390000: system.cpu: T0 : 0x12a92    : auipc a5, 96               : IntAlu :  D=0x0000000000072a92
3391000: system.cpu: T0 : 0x12a96    : ld a5, -610(a5)            : MemRead :  D=0x0000000000073cb9 A=0x72830
3392000: system.cpu: T0 : 0x12a9a    : sb a4, 0(a5)               : MemWrite :  D=0x0000000000000000 A=0x73cb9
3393000: system.cpu: T0 : 0x12a9e    : auipc a5, 96               : IntAlu :  D=0x0000000000072a9e
3394000: system.cpu: T0 : 0x12aa2    : ld a5, -622(a5)            : MemRead :  D=0x0000000000073cb9 A=0x72830
3395000: system.cpu: T0 : 0x12aa6    : lbu a4, 0(a5)              : MemRead :  D=0x0000000000000000 A=0x73cb9
3396000: system.cpu: T0 : 0x12aaa    : auipc a5, 96               : IntAlu :  D=0x0000000000072aaa
3397000: system.cpu: T0 : 0x12aae    : ld a5, -66(a5)             : MemRead :  D=0x0000000000073d80 A=0x72a68
3398000: system.cpu: T0 : 0x12ab2    : sb a4, 0(a5)               : MemWrite :  D=0x0000000000000000 A=0x73d80
3399000: system.cpu: T0 : 0x12ab6    : auipc a5, 96               : IntAlu :  D=0x0000000000072ab6
3400000: system.cpu: T0 : 0x12aba    : ld a5, -390(a5)            : MemRead :  D=0x0000000000073d03 A=0x72930
3401000: system.cpu: T0 : 0x12abe    : lbu a5, 0(a5)              : MemRead :  D=0x0000000000000000 A=0x73d03
3402000: system.cpu: T0 : 0x12ac2    : beq a5, zero, -3312        : IntAlu : 
3403000: system.cpu: T0 : 0x11dd2    : auipc a5, 97               : IntAlu :  D=0x0000000000072dd2
3404000: system.cpu: T0 : 0x11dd6    : ld a5, -1186(a5)           : MemRead :  D=0x0000000000073d03 A=0x72930
3404500: system.cpu: T0 : 0x11dda    : c_li a4, 1                 : IntAlu :  D=0x0000000000000001
3405000: system.cpu: T0 : 0x11ddc    : sb a4, 0(a5)               : MemWrite :  D=0x0000000000000001 A=0x73d03
3405500: system.cpu: T0 : 0x11de0    : auipc a5, 97               : IntAlu :  D=0x0000000000072de0
3406000: system.cpu: T0 : 0x11de4    : ld a5, -928(a5)            : MemRead :  D=0x0000000000073d6c A=0x72a40
3406500: system.cpu: T0 : 0x11de8    : lbu a5, 0(a5)              : MemRead :  D=0x0000000000000001 A=0x73d6c
3407000: system.cpu: T0 : 0x11dec    : c_addiw a5, 1              : IntAlu :  D=0x0000000000000002
3408000: system.cpu: T0 : 0x11dee    : andi a4, a5, 255           : IntAlu :  D=0x0000000000000002
3409000: system.cpu: T0 : 0x11df2    : auipc a5, 97               : IntAlu :  D=0x0000000000072df2
3410000: system.cpu: T0 : 0x11df6    : ld a5, -946(a5)            : MemRead :  D=0x0000000000073d6c A=0x72a40
3411000: system.cpu: T0 : 0x11dfa    : sb a4, 0(a5)               : MemWrite :  D=0x0000000000000002 A=0x73d6c
3412000: system.cpu: T0 : 0x11dfe    : auipc a5, 97               : IntAlu :  D=0x0000000000072dfe
3413000: system.cpu: T0 : 0x11e02    : ld a5, -942(a5)            : MemRead :  D=0x0000000000073d78 A=0x72a50
3414000: system.cpu: T0 : 0x11e06    : lbu a5, 0(a5)              : MemRead :  D=0x0000000000000002 A=0x73d78
3414500: system.cpu: T0 : 0x11e0a    : c_addiw a5, 0              : IntAlu :  D=0x0000000000000002
3415000: system.cpu: T0 : 0x11e0c    : c_mv a3, a5                : IntAlu :  D=0x0000000000000002
3415500: system.cpu: T0 : 0x11e0e    : c_li a4, 3                 : IntAlu :  D=0x0000000000000003
3416000: system.cpu: T0 : 0x11e10    : beq a3, a4, 242            : IntAlu : 
3416500: system.cpu: T0 : 0x11e14    : c_mv a3, a5                : IntAlu :  D=0x0000000000000002
3417000: system.cpu: T0 : 0x11e16    : c_li a4, 3                 : IntAlu :  D=0x0000000000000003
3417500: system.cpu: T0 : 0x11e18    : blt a4, a3, 302            : IntAlu : 
3418000: system.cpu: T0 : 0x11e1c    : c_mv a3, a5                : IntAlu :  D=0x0000000000000002
3418500: system.cpu: T0 : 0x11e1e    : c_li a4, 1                 : IntAlu :  D=0x0000000000000001
3419000: system.cpu: T0 : 0x11e20    : beq a3, a4, 14             : IntAlu : 
3419500: system.cpu: T0 : 0x11e24    : c_mv a4, a5                : IntAlu :  D=0x0000000000000002
3420000: system.cpu: T0 : 0x11e26    : c_li a5, 2                 : IntAlu :  D=0x0000000000000002
3420500: system.cpu: T0 : 0x11e28    : beq a4, a5, 78             : IntAlu : 
3421500: system.cpu: T0 : 0x11e76    : auipc a5, 97               : IntAlu :  D=0x0000000000072e76
3422500: system.cpu: T0 : 0x11e7a    : ld a5, -1110(a5)           : MemRead :  D=0x0000000000073d68 A=0x72a20
3423500: system.cpu: T0 : 0x11e7e    : lbu a5, 0(a5)              : MemRead :  D=0x0000000000000000 A=0x73d68
3424000: system.cpu: T0 : 0x11e82    : c_beqz a5, 58              : IntAlu : 
3424500: system.cpu: T0 : 0x11ebc    : auipc a5, 97               : IntAlu :  D=0x0000000000072ebc
3425000: system.cpu: T0 : 0x11ec0    : ld a5, -1676(a5)           : MemRead :  D=0x0000000000073cb9 A=0x72830
3425500: system.cpu: T0 : 0x11ec4    : lbu a5, 0(a5)              : MemRead :  D=0x0000000000000000 A=0x73cb9
3426000: system.cpu: T0 : 0x11ec8    : c_beqz a5, 170             : IntAlu : 
3426500: system.cpu: T0 : 0x11f72    : c_addi zero, 0             : IntAlu :  D=0x0000000000000000
3427000: system.cpu: T0 : 0x11f74    : c_j 4                      : IntAlu : 
3427500: system.cpu: T0 : 0x11f78    : addi a5, gp, -960          : IntAlu :  D=0x0000000000072f70
3428000: system.cpu: T0 : 0x11f7c    : lbu a5, 10(a5)             : MemRead :  D=0x0000000000000000 A=0x72f7a
3428500: system.cpu: T0 : 0x11f80    : c_bnez a5, 16              : IntAlu : 
3429500: system.cpu: T0 : 0x11f82    : auipc a5, 97               : IntAlu :  D=0x0000000000072f82
3430500: system.cpu: T0 : 0x11f86    : ld a5, -1498(a5)           : MemRead :  D=0x0000000000073d2a A=0x729a8
3431000: system.cpu: T0 : 0x11f8a    : c_li a4, 3                 : IntAlu :  D=0x0000000000000003
3431500: system.cpu: T0 : 0x11f8c    : sb a4, 0(a5)               : MemWrite :  D=0x0000000000000003 A=0x73d2a
3432000: system.cpu: T0 : 0x11f90    : addi a5, gp, -960          : IntAlu :  D=0x0000000000072f70
3432500: system.cpu: T0 : 0x11f94    : sb zero, 11(a5)            : MemWrite :  D=0x0000000000000000 A=0x72f7b
3433000: system.cpu: T0 : 0x11f98    : addi a5, gp, -960          : IntAlu :  D=0x0000000000072f70
3433500: system.cpu: T0 : 0x11f9c    : lbu a5, 16(a5)             : MemRead :  D=0x0000000000000000 A=0x72f80
3434000: system.cpu: T0 : 0x11fa0    : c_bnez a5, 16              : IntAlu : 
3435000: system.cpu: T0 : 0x11fa2    : auipc a5, 97               : IntAlu :  D=0x0000000000072fa2
3436000: system.cpu: T0 : 0x11fa6    : ld a5, -1482(a5)           : MemRead :  D=0x0000000000073d3b A=0x729d8
3436500: system.cpu: T0 : 0x11faa    : c_li a4, 1                 : IntAlu :  D=0x0000000000000001
3437000: system.cpu: T0 : 0x11fac    : sb a4, 0(a5)               : MemWrite :  D=0x0000000000000001 A=0x73d3b
3437500: system.cpu: T0 : 0x11fb0    : addi a5, gp, -960          : IntAlu :  D=0x0000000000072f70
3438000: system.cpu: T0 : 0x11fb4    : sb zero, 17(a5)            : MemWrite :  D=0x0000000000000000 A=0x72f81
3438500: system.cpu: T0 : 0x11fb8    : addi a5, gp, -960          : IntAlu :  D=0x0000000000072f70
3439000: system.cpu: T0 : 0x11fbc    : lbu a5, 19(a5)             : MemRead :  D=0x0000000000000000 A=0x72f83
3439500: system.cpu: T0 : 0x11fc0    : c_bnez a5, 24              : IntAlu : 
3440500: system.cpu: T0 : 0x11fc2    : addi a5, gp, -960          : IntAlu :  D=0x0000000000072f70
3441500: system.cpu: T0 : 0x11fc6    : sb zero, 0(a5)             : MemWrite :  D=0x0000000000000000 A=0x72f70
3442500: system.cpu: T0 : 0x11fca    : auipc a5, 97               : IntAlu :  D=0x0000000000072fca
3443500: system.cpu: T0 : 0x11fce    : ld a5, -1626(a5)           : MemRead :  D=0x0000000000073d15 A=0x72970
3444000: system.cpu: T0 : 0x11fd2    : c_li a4, 1                 : IntAlu :  D=0x0000000000000001
3444500: system.cpu: T0 : 0x11fd4    : sb a4, 0(a5)               : MemWrite :  D=0x0000000000000001 A=0x73d15
3445000: system.cpu: T0 : 0x11fd8    : addi a5, gp, -960          : IntAlu :  D=0x0000000000072f70
3445500: system.cpu: T0 : 0x11fdc    : sb zero, 20(a5)            : MemWrite :  D=0x0000000000000000 A=0x72f84
3446000: system.cpu: T0 : 0x11fe0    : addi a5, gp, -960          : IntAlu :  D=0x0000000000072f70
3446500: system.cpu: T0 : 0x11fe4    : lbu a5, 13(a5)             : MemRead :  D=0x0000000000000000 A=0x72f7d
3447000: system.cpu: T0 : 0x11fe8    : c_bnez a5, 82              : IntAlu : 
3448000: system.cpu: T0 : 0x11fea    : addi a5, gp, -960          : IntAlu :  D=0x0000000000072f70
3449000: system.cpu: T0 : 0x11fee    : sb zero, 4(a5)             : MemWrite :  D=0x0000000000000000 A=0x72f74
3450000: system.cpu: T0 : 0x11ff2    : addi a5, gp, -960          : IntAlu :  D=0x0000000000072f70
3451000: system.cpu: T0 : 0x11ff6    : sb zero, 6(a5)             : MemWrite :  D=0x0000000000000000 A=0x72f76
3452000: system.cpu: T0 : 0x11ffa    : auipc a5, 97               : IntAlu :  D=0x0000000000072ffa
3453000: system.cpu: T0 : 0x11ffe    : ld a5, -1266(a5)           : MemRead :  D=0x0000000000073db5 A=0x72b08
3453500: system.cpu: T0 : 0x12002    : c_li a4, 2                 : IntAlu :  D=0x0000000000000002
3454000: system.cpu: T0 : 0x12004    : sb a4, 0(a5)               : MemWrite :  D=0x0000000000000002 A=0x73db5
3454500: system.cpu: T0 : 0x12008    : auipc a5, 97               : IntAlu :  D=0x0000000000073008
3455000: system.cpu: T0 : 0x1200c    : ld a5, -1376(a5)           : MemRead :  D=0x0000000000073d90 A=0x72aa8
3455500: system.cpu: T0 : 0x12010    : sw zero, 0(a5)             : MemWrite :  D=0x0000000000000000 A=0x73d90
3456000: system.cpu: T0 : 0x12014    : auipc a5, 97               : IntAlu :  D=0x0000000000073014
3456500: system.cpu: T0 : 0x12018    : ld a5, -1396(a5)           : MemRead :  D=0x0000000000073d8c A=0x72aa0
3457000: system.cpu: T0 : 0x1201c    : c_li a4, 1                 : IntAlu :  D=0x0000000000000001
3458000: system.cpu: T0 : 0x1201e    : sb a4, 0(a5)               : MemWrite :  D=0x0000000000000001 A=0x73d8c
3459000: system.cpu: T0 : 0x12022    : addi a5, gp, -960          : IntAlu :  D=0x0000000000072f70
3459500: system.cpu: T0 : 0x12026    : c_li a4, 1                 : IntAlu :  D=0x0000000000000001
3460000: system.cpu: T0 : 0x12028    : sb a4, 5(a5)               : MemWrite :  D=0x0000000000000001 A=0x72f75
3460500: system.cpu: T0 : 0x1202c    : auipc a5, 97               : IntAlu :  D=0x000000000007302c
3461000: system.cpu: T0 : 0x12030    : ld a5, -1812(a5)           : MemRead :  D=0x0000000000073d00 A=0x72918
3461500: system.cpu: T0 : 0x12034    : c_li a4, 1                 : IntAlu :  D=0x0000000000000001
3462500: system.cpu: T0 : 0x12036    : sb a4, 0(a5)               : MemWrite :  D=0x0000000000000001 A=0x73d00
3463500: system.cpu: T0 : 0x1203a    : addi a5, gp, -960          : IntAlu :  D=0x0000000000072f70
3464500: system.cpu: T0 : 0x1203e    : sb zero, 14(a5)            : MemWrite :  D=0x0000000000000000 A=0x72f7e
3465500: system.cpu: T0 : 0x12042    : addi a5, gp, -960          : IntAlu :  D=0x0000000000072f70
3466000: system.cpu: T0 : 0x12046    : c_li a4, 1                 : IntAlu :  D=0x0000000000000001
3466500: system.cpu: T0 : 0x12048    : sb a4, 11(a5)              : MemWrite :  D=0x0000000000000001 A=0x72f7b
3467000: system.cpu: T0 : 0x1204c    : addi a5, gp, -960          : IntAlu :  D=0x0000000000072f70
3467500: system.cpu: T0 : 0x12050    : c_li a4, 1                 : IntAlu :  D=0x0000000000000001
3468500: system.cpu: T0 : 0x12052    : sb a4, 17(a5)              : MemWrite :  D=0x0000000000000001 A=0x72f81
3469500: system.cpu: T0 : 0x12056    : addi a5, gp, -960          : IntAlu :  D=0x0000000000072f70
3470000: system.cpu: T0 : 0x1205a    : c_li a4, 1                 : IntAlu :  D=0x0000000000000001
3470500: system.cpu: T0 : 0x1205c    : sb a4, 20(a5)              : MemWrite :  D=0x0000000000000001 A=0x72f84
3471000: system.cpu: T0 : 0x12060    : addi a5, gp, -960          : IntAlu :  D=0x0000000000072f70
3471500: system.cpu: T0 : 0x12064    : c_li a4, 1                 : IntAlu :  D=0x0000000000000001
3472500: system.cpu: T0 : 0x12066    : sb a4, 14(a5)              : MemWrite :  D=0x0000000000000001 A=0x72f7e
3473500: system.cpu: T0 : 0x1206a    : auipc a5, 97               : IntAlu :  D=0x000000000007306a
3474500: system.cpu: T0 : 0x1206e    : ld a5, -1778(a5)           : MemRead :  D=0x0000000000073d16 A=0x72978
3475500: system.cpu: T0 : 0x12072    : lbu a4, 0(a5)              : MemRead :  D=0x0000000000000000 A=0x73d16
3476500: system.cpu: T0 : 0x12076    : auipc a5, 97               : IntAlu :  D=0x0000000000073076
3477500: system.cpu: T0 : 0x1207a    : ld a5, -1430(a5)           : MemRead :  D=0x0000000000073dac A=0x72ae0
3478500: system.cpu: T0 : 0x1207e    : lbu a5, 0(a5)              : MemRead :  D=0x0000000000000000 A=0x73dac
3479500: system.cpu: T0 : 0x12082    : beq a4, a5, 42             : IntAlu : 
3480000: system.cpu: T0 : 0x120ac    : auipc a5, 97               : IntAlu :  D=0x00000000000730ac
3480500: system.cpu: T0 : 0x120b0    : ld a5, -1724(a5)           : MemRead :  D=0x0000000000073d49 A=0x729f0
3481000: system.cpu: T0 : 0x120b4    : lbu a4, 0(a5)              : MemRead :  D=0x0000000000000000 A=0x73d49
3481500: system.cpu: T0 : 0x120b8    : auipc a5, 97               : IntAlu :  D=0x00000000000730b8
3482000: system.cpu: T0 : 0x120bc    : ld a5, -1544(a5)           : MemRead :  D=0x0000000000073d94 A=0x72ab0
3482500: system.cpu: T0 : 0x120c0    : lbu a5, 0(a5)              : MemRead :  D=0x0000000000000000 A=0x73d94
3483000: system.cpu: T0 : 0x120c4    : beq a4, a5, 42             : IntAlu : 
3484000: system.cpu: T0 : 0x120ee    : auipc a5, 97               : IntAlu :  D=0x00000000000730ee
3485000: system.cpu: T0 : 0x120f2    : ld a5, -1830(a5)           : MemRead :  D=0x0000000000073d38 A=0x729c8
3486000: system.cpu: T0 : 0x120f6    : lbu a4, 0(a5)              : MemRead :  D=0x0000000000000000 A=0x73d38
3487000: system.cpu: T0 : 0x120fa    : auipc a5, 97               : IntAlu :  D=0x00000000000730fa
3488000: system.cpu: T0 : 0x120fe    : ld a5, -1674(a5)           : MemRead :  D=0x0000000000073d81 A=0x72a70
3489000: system.cpu: T0 : 0x12102    : lbu a5, 0(a5)              : MemRead :  D=0x0000000000000000 A=0x73d81
3490000: system.cpu: T0 : 0x12106    : beq a4, a5, 42             : IntAlu : 
3490500: system.cpu: T0 : 0x12130    : auipc a5, 97               : IntAlu :  D=0x0000000000073130
3491000: system.cpu: T0 : 0x12134    : ld a5, -1960(a5)           : MemRead :  D=0x0000000000073d18 A=0x72988
3491500: system.cpu: T0 : 0x12138    : lbu a4, 0(a5)              : MemRead :  D=0x0000000000000000 A=0x73d18
3492000: system.cpu: T0 : 0x1213c    : auipc a5, 97               : IntAlu :  D=0x000000000007313c
3492500: system.cpu: T0 : 0x12140    : ld a5, -1660(a5)           : MemRead :  D=0x0000000000073d96 A=0x72ac0
3493000: system.cpu: T0 : 0x12144    : lbu a5, 0(a5)              : MemRead :  D=0x0000000000000000 A=0x73d96
3493500: system.cpu: T0 : 0x12148    : beq a4, a5, 42             : IntAlu : 
3494500: system.cpu: T0 : 0x12172    : addi a5, gp, -960          : IntAlu :  D=0x0000000000072f70
3495500: system.cpu: T0 : 0x12176    : lbu a4, 12(a5)             : MemRead :  D=0x0000000000000000 A=0x72f7c
3496500: system.cpu: T0 : 0x1217a    : addi a5, gp, -960          : IntAlu :  D=0x0000000000072f70
3497500: system.cpu: T0 : 0x1217e    : sb a4, 10(a5)              : MemWrite :  D=0x0000000000000000 A=0x72f7a
3498500: system.cpu: T0 : 0x12182    : addi a5, gp, -960          : IntAlu :  D=0x0000000000072f70
3499500: system.cpu: T0 : 0x12186    : lbu a4, 15(a5)             : MemRead :  D=0x0000000000000000 A=0x72f7f
3500500: system.cpu: T0 : 0x1218a    : addi a5, gp, -960          : IntAlu :  D=0x0000000000072f70
3501500: system.cpu: T0 : 0x1218e    : sb a4, 13(a5)              : MemWrite :  D=0x0000000000000000 A=0x72f7d
3502500: system.cpu: T0 : 0x12192    : addi a5, gp, -960          : IntAlu :  D=0x0000000000072f70
3503500: system.cpu: T0 : 0x12196    : lbu a4, 18(a5)             : MemRead :  D=0x0000000000000000 A=0x72f82
3504500: system.cpu: T0 : 0x1219a    : addi a5, gp, -960          : IntAlu :  D=0x0000000000072f70
3505500: system.cpu: T0 : 0x1219e    : sb a4, 16(a5)              : MemWrite :  D=0x0000000000000000 A=0x72f80
3506500: system.cpu: T0 : 0x121a2    : addi a5, gp, -960          : IntAlu :  D=0x0000000000072f70
3507500: system.cpu: T0 : 0x121a6    : lbu a4, 21(a5)             : MemRead :  D=0x0000000000000000 A=0x72f85
3508500: system.cpu: T0 : 0x121aa    : addi a5, gp, -960          : IntAlu :  D=0x0000000000072f70
3509500: system.cpu: T0 : 0x121ae    : sb a4, 19(a5)              : MemWrite :  D=0x0000000000000000 A=0x72f83
3510500: system.cpu: T0 : 0x121b2    : auipc a5, 96               : IntAlu :  D=0x00000000000721b2
3511500: system.cpu: T0 : 0x121b6    : ld a5, 1958(a5)            : MemRead :  D=0x0000000000073d08 A=0x72958
3512500: system.cpu: T0 : 0x121ba    : lbu a4, 0(a5)              : MemRead :  D=0x0000000000000000 A=0x73d08
3513500: system.cpu: T0 : 0x121be    : auipc a5, 97               : IntAlu :  D=0x00000000000731be
3514500: system.cpu: T0 : 0x121c2    : ld a5, -1742(a5)           : MemRead :  D=0x0000000000073dae A=0x72af0
3515500: system.cpu: T0 : 0x121c6    : sb a4, 0(a5)               : MemWrite :  D=0x0000000000000000 A=0x73dae
3516500: system.cpu: T0 : 0x121ca    : auipc a5, 96               : IntAlu :  D=0x00000000000721ca
3517500: system.cpu: T0 : 0x121ce    : ld a5, 1798(a5)            : MemRead :  D=0x0000000000073ce5 A=0x728d0
3518500: system.cpu: T0 : 0x121d2    : lbu a4, 0(a5)              : MemRead :  D=0x0000000000000000 A=0x73ce5
3519500: system.cpu: T0 : 0x121d6    : auipc a5, 96               : IntAlu :  D=0x00000000000721d6
3520500: system.cpu: T0 : 0x121da    : ld a5, 1938(a5)            : MemRead :  D=0x0000000000073d14 A=0x72968
3521500: system.cpu: T0 : 0x121de    : sb a4, 0(a5)               : MemWrite :  D=0x0000000000000000 A=0x73d14
3522500: system.cpu: T0 : 0x121e2    : auipc a5, 97               : IntAlu :  D=0x00000000000731e2
3523500: system.cpu: T0 : 0x121e6    : ld a5, -2002(a5)           : MemRead :  D=0x0000000000073d59 A=0x72a10
3524500: system.cpu: T0 : 0x121ea    : lbu a4, 0(a5)              : MemRead :  D=0x0000000000000000 A=0x73d59
3525500: system.cpu: T0 : 0x121ee    : auipc a5, 96               : IntAlu :  D=0x00000000000721ee
3526500: system.cpu: T0 : 0x121f2    : ld a5, 1874(a5)            : MemRead :  D=0x0000000000073d06 A=0x72940
3527500: system.cpu: T0 : 0x121f6    : sb a4, 0(a5)               : MemWrite :  D=0x0000000000000000 A=0x73d06
3528500: system.cpu: T0 : 0x121fa    : auipc a5, 96               : IntAlu :  D=0x00000000000721fa
3529500: system.cpu: T0 : 0x121fe    : ld a5, 1950(a5)            : MemRead :  D=0x0000000000073d28 A=0x72998
3530500: system.cpu: T0 : 0x12202    : lbu a4, 0(a5)              : MemRead :  D=0x0000000000000000 A=0x73d28
3531500: system.cpu: T0 : 0x12206    : auipc a5, 97               : IntAlu :  D=0x0000000000073206
3532500: system.cpu: T0 : 0x1220a    : ld a5, -1782(a5)           : MemRead :  D=0x0000000000073db6 A=0x72b10
3533500: system.cpu: T0 : 0x1220e    : sb a4, 0(a5)               : MemWrite :  D=0x0000000000000000 A=0x73db6
3534500: system.cpu: T0 : 0x12212    : jal ra, -6894              : IntAlu :  D=0x0000000000012216
3535000: system.cpu: T0 : 0x10724    : c_addi sp, -16             : IntAlu :  D=0x7ffffffffffffdc0
3535500: system.cpu: T0 : 0x10726    : c_sdsp s0, 8(sp)           : MemWrite :  D=0x7ffffffffffffde0 A=0x7ffffffffffffdc8
3536000: system.cpu: T0 : 0x10728    : c_addi4spn s0, sp, 16      : IntAlu :  D=0x7ffffffffffffdd0
3537000: system.cpu: T0 : 0x1072a    : addi a5, gp, -960          : IntAlu :  D=0x0000000000072f70
3538000: system.cpu: T0 : 0x1072e    : lbu a5, 10(a5)             : MemRead :  D=0x0000000000000000 A=0x72f7a
3539000: system.cpu: T0 : 0x10732    : beq a5, zero, 1414         : IntAlu : 
3539500: system.cpu: T0 : 0x10cb8    : c_addi zero, 0             : IntAlu :  D=0x0000000000000000
3540000: system.cpu: T0 : 0x10cba    : c_j 4                      : IntAlu : 
3540500: system.cpu: T0 : 0x10cbe    : c_addi zero, 0             : IntAlu :  D=0x0000000000000000
3541000: system.cpu: T0 : 0x10cc0    : c_ldsp s0, 8(sp)           : MemRead :  D=0x7ffffffffffffde0 A=0x7ffffffffffffdc8
3541500: system.cpu: T0 : 0x10cc2    : c_addi sp, 16              : IntAlu :  D=0x7ffffffffffffdd0
3542000: system.cpu: T0 : 0x10cc4    : c_jr ra                    : IntAlu : 
3543000: system.cpu: T0 : 0x12216    : auipc a5, 97               : IntAlu :  D=0x0000000000073216
3544000: system.cpu: T0 : 0x1221a    : ld a5, -1862(a5)           : MemRead :  D=0x0000000000073da0 A=0x72ad0
3545000: system.cpu: T0 : 0x1221e    : lbu a4, 0(a5)              : MemRead :  D=0x0000000000000000 A=0x73da0
3546000: system.cpu: T0 : 0x12222    : auipc a5, 96               : IntAlu :  D=0x0000000000072222
3547000: system.cpu: T0 : 0x12226    : ld a5, 1550(a5)            : MemRead :  D=0x0000000000073cb9 A=0x72830
3548000: system.cpu: T0 : 0x1222a    : sb a4, 0(a5)               : MemWrite :  D=0x0000000000000000 A=0x73cb9
3549000: system.cpu: T0 : 0x1222e    : auipc a5, 97               : IntAlu :  D=0x000000000007322e
3550000: system.cpu: T0 : 0x12232    : ld a5, -2006(a5)           : MemRead :  D=0x0000000000073d79 A=0x72a58
3551000: system.cpu: T0 : 0x12236    : lbu a4, 0(a5)              : MemRead :  D=0x0000000000000000 A=0x73d79
3552000: system.cpu: T0 : 0x1223a    : auipc a5, 96               : IntAlu :  D=0x000000000007223a
3553000: system.cpu: T0 : 0x1223e    : ld a5, 2022(a5)            : MemRead :  D=0x0000000000073d68 A=0x72a20
3554000: system.cpu: T0 : 0x12242    : sb a4, 0(a5)               : MemWrite :  D=0x0000000000000000 A=0x73d68
3555000: system.cpu: T0 : 0x12246    : auipc a5, 97               : IntAlu :  D=0x0000000000073246
3556000: system.cpu: T0 : 0x1224a    : ld a5, -1870(a5)           : MemRead :  D=0x0000000000073db0 A=0x72af8
3556500: system.cpu: T0 : 0x1224e    : c_lw a4, 0(a5)             : MemRead :  D=0x0000000000000000 A=0x73db0
3557000: system.cpu: T0 : 0x12250    : auipc a5, 96               : IntAlu :  D=0x0000000000072250
3557500: system.cpu: T0 : 0x12254    : ld a5, 1472(a5)            : MemRead :  D=0x0000000000073ca4 A=0x72810
3558000: system.cpu: T0 : 0x12258    : c_sw a4, 0(a5)             : MemWrite :  D=0x0000000000000000 A=0x73ca4
3559000: system.cpu: T0 : 0x1225a    : auipc a5, 96               : IntAlu :  D=0x000000000007225a
3560000: system.cpu: T0 : 0x1225e    : ld a5, 1758(a5)            : MemRead :  D=0x0000000000073d05 A=0x72938
3561000: system.cpu: T0 : 0x12262    : lbu a4, 0(a5)              : MemRead :  D=0x0000000000000000 A=0x73d05
3562000: system.cpu: T0 : 0x12266    : auipc a5, 96               : IntAlu :  D=0x0000000000072266
3563000: system.cpu: T0 : 0x1226a    : ld a5, 1730(a5)            : MemRead :  D=0x0000000000073d02 A=0x72928
3564000: system.cpu: T0 : 0x1226e    : sb a4, 0(a5)               : MemWrite :  D=0x0000000000000000 A=0x73d02
3565000: system.cpu: T0 : 0x12272    : auipc a5, 96               : IntAlu :  D=0x0000000000072272
3566000: system.cpu: T0 : 0x12276    : ld a5, 1854(a5)            : MemRead :  D=0x0000000000073d2c A=0x729b0
3566500: system.cpu: T0 : 0x1227a    : c_lw a4, 0(a5)             : MemRead :  D=0x0000000000000000 A=0x73d2c
3567000: system.cpu: T0 : 0x1227c    : auipc a5, 97               : IntAlu :  D=0x000000000007327c
3567500: system.cpu: T0 : 0x12280    : ld a5, -2020(a5)           : MemRead :  D=0x0000000000073d88 A=0x72a98
3568000: system.cpu: T0 : 0x12284    : c_sw a4, 0(a5)             : MemWrite :  D=0x0000000000000000 A=0x73d88
3569000: system.cpu: T0 : 0x12286    : auipc a5, 97               : IntAlu :  D=0x0000000000073286
3570000: system.cpu: T0 : 0x1228a    : ld a5, -1998(a5)           : MemRead :  D=0x0000000000073d95 A=0x72ab8
3571000: system.cpu: T0 : 0x1228e    : lbu a4, 0(a5)              : MemRead :  D=0x0000000000000000 A=0x73d95
3572000: system.cpu: T0 : 0x12292    : auipc a5, 96               : IntAlu :  D=0x0000000000072292
3573000: system.cpu: T0 : 0x12296    : ld a5, 1646(a5)            : MemRead :  D=0x0000000000073cf8 A=0x72900
3574000: system.cpu: T0 : 0x1229a    : sb a4, 0(a5)               : MemWrite :  D=0x0000000000000000 A=0x73cf8
3575000: system.cpu: T0 : 0x1229e    : auipc a5, 97               : IntAlu :  D=0x000000000007329e
3576000: system.cpu: T0 : 0x122a2    : ld a5, -1966(a5)           : MemRead :  D=0x0000000000073dae A=0x72af0
3577000: system.cpu: T0 : 0x122a6    : lbu a4, 0(a5)              : MemRead :  D=0x0000000000000000 A=0x73dae
3578000: system.cpu: T0 : 0x122aa    : auipc a5, 96               : IntAlu :  D=0x00000000000722aa
3579000: system.cpu: T0 : 0x122ae    : ld a5, 1710(a5)            : MemRead :  D=0x0000000000073d08 A=0x72958
3580000: system.cpu: T0 : 0x122b2    : sb a4, 0(a5)               : MemWrite :  D=0x0000000000000000 A=0x73d08
3581000: system.cpu: T0 : 0x122b6    : auipc a5, 96               : IntAlu :  D=0x00000000000722b6
3582000: system.cpu: T0 : 0x122ba    : ld a5, 1714(a5)            : MemRead :  D=0x0000000000073d14 A=0x72968
3583000: system.cpu: T0 : 0x122be    : lbu a4, 0(a5)              : MemRead :  D=0x0000000000000000 A=0x73d14
3584000: system.cpu: T0 : 0x122c2    : auipc a5, 96               : IntAlu :  D=0x00000000000722c2
3585000: system.cpu: T0 : 0x122c6    : ld a5, 1550(a5)            : MemRead :  D=0x0000000000073ce5 A=0x728d0
3586000: system.cpu: T0 : 0x122ca    : sb a4, 0(a5)               : MemWrite :  D=0x0000000000000000 A=0x73ce5
3587000: system.cpu: T0 : 0x122ce    : auipc a5, 96               : IntAlu :  D=0x00000000000722ce
3588000: system.cpu: T0 : 0x122d2    : ld a5, 1650(a5)            : MemRead :  D=0x0000000000073d06 A=0x72940
3589000: system.cpu: T0 : 0x122d6    : lbu a4, 0(a5)              : MemRead :  D=0x0000000000000000 A=0x73d06
3590000: system.cpu: T0 : 0x122da    : auipc a5, 96               : IntAlu :  D=0x00000000000722da
3591000: system.cpu: T0 : 0x122de    : ld a5, 1846(a5)            : MemRead :  D=0x0000000000073d59 A=0x72a10
3592000: system.cpu: T0 : 0x122e2    : sb a4, 0(a5)               : MemWrite :  D=0x0000000000000000 A=0x73d59
3593000: system.cpu: T0 : 0x122e6    : auipc a5, 97               : IntAlu :  D=0x00000000000732e6
3594000: system.cpu: T0 : 0x122ea    : ld a5, -2006(a5)           : MemRead :  D=0x0000000000073db6 A=0x72b10
3595000: system.cpu: T0 : 0x122ee    : lbu a4, 0(a5)              : MemRead :  D=0x0000000000000000 A=0x73db6
3596000: system.cpu: T0 : 0x122f2    : auipc a5, 96               : IntAlu :  D=0x00000000000722f2
3597000: system.cpu: T0 : 0x122f6    : ld a5, 1702(a5)            : MemRead :  D=0x0000000000073d28 A=0x72998
3598000: system.cpu: T0 : 0x122fa    : sb a4, 0(a5)               : MemWrite :  D=0x0000000000000000 A=0x73d28
3599000: system.cpu: T0 : 0x122fe    : auipc a5, 96               : IntAlu :  D=0x00000000000722fe
3600000: system.cpu: T0 : 0x12302    : ld a5, 1746(a5)            : MemRead :  D=0x0000000000073d3a A=0x729d0
3601000: system.cpu: T0 : 0x12306    : lbu a4, 0(a5)              : MemRead :  D=0x0000000000000000 A=0x73d3a
3602000: system.cpu: T0 : 0x1230a    : auipc a5, 96               : IntAlu :  D=0x000000000007230a
3603000: system.cpu: T0 : 0x1230e    : ld a5, 1342(a5)            : MemRead :  D=0x0000000000073cbc A=0x72848
3604000: system.cpu: T0 : 0x12312    : sb a4, 0(a5)               : MemWrite :  D=0x0000000000000000 A=0x73cbc
3605000: system.cpu: T0 : 0x12316    : auipc a5, 96               : IntAlu :  D=0x0000000000072316
3606000: system.cpu: T0 : 0x1231a    : ld a5, 1914(a5)            : MemRead :  D=0x0000000000073d84 A=0x72a90
3607000: system.cpu: T0 : 0x1231e    : lbu a4, 0(a5)              : MemRead :  D=0x0000000000000000 A=0x73d84
3608000: system.cpu: T0 : 0x12322    : auipc a5, 96               : IntAlu :  D=0x0000000000072322
3609000: system.cpu: T0 : 0x12326    : ld a5, 1534(a5)            : MemRead :  D=0x0000000000073d01 A=0x72920
3610000: system.cpu: T0 : 0x1232a    : sb a4, 0(a5)               : MemWrite :  D=0x0000000000000000 A=0x73d01
3611000: system.cpu: T0 : 0x1232e    : auipc a5, 96               : IntAlu :  D=0x000000000007232e
3612000: system.cpu: T0 : 0x12332    : ld a5, 1578(a5)            : MemRead :  D=0x0000000000073d08 A=0x72958
3613000: system.cpu: T0 : 0x12336    : lbu a4, 0(a5)              : MemRead :  D=0x0000000000000000 A=0x73d08
3614000: system.cpu: T0 : 0x1233a    : auipc a5, 96               : IntAlu :  D=0x000000000007233a
3615000: system.cpu: T0 : 0x1233e    : ld a5, 1974(a5)            : MemRead :  D=0x0000000000073dae A=0x72af0
3616000: system.cpu: T0 : 0x12342    : sb a4, 0(a5)               : MemWrite :  D=0x0000000000000000 A=0x73dae
3617000: system.cpu: T0 : 0x12346    : auipc a5, 96               : IntAlu :  D=0x0000000000072346
3618000: system.cpu: T0 : 0x1234a    : ld a5, 1418(a5)            : MemRead :  D=0x0000000000073ce5 A=0x728d0
3619000: system.cpu: T0 : 0x1234e    : lbu a4, 0(a5)              : MemRead :  D=0x0000000000000000 A=0x73ce5
3620000: system.cpu: T0 : 0x12352    : auipc a5, 96               : IntAlu :  D=0x0000000000072352
3621000: system.cpu: T0 : 0x12356    : ld a5, 1558(a5)            : MemRead :  D=0x0000000000073d14 A=0x72968
3622000: system.cpu: T0 : 0x1235a    : sb a4, 0(a5)               : MemWrite :  D=0x0000000000000000 A=0x73d14
3623000: system.cpu: T0 : 0x1235e    : auipc a5, 96               : IntAlu :  D=0x000000000007235e
3624000: system.cpu: T0 : 0x12362    : ld a5, 1714(a5)            : MemRead :  D=0x0000000000073d59 A=0x72a10
3625000: system.cpu: T0 : 0x12366    : lbu a4, 0(a5)              : MemRead :  D=0x0000000000000000 A=0x73d59
3626000: system.cpu: T0 : 0x1236a    : auipc a5, 96               : IntAlu :  D=0x000000000007236a
3627000: system.cpu: T0 : 0x1236e    : ld a5, 1494(a5)            : MemRead :  D=0x0000000000073d06 A=0x72940
3628000: system.cpu: T0 : 0x12372    : sb a4, 0(a5)               : MemWrite :  D=0x0000000000000000 A=0x73d06
3629000: system.cpu: T0 : 0x12376    : auipc a5, 96               : IntAlu :  D=0x0000000000072376
3630000: system.cpu: T0 : 0x1237a    : ld a5, 1570(a5)            : MemRead :  D=0x0000000000073d28 A=0x72998
3631000: system.cpu: T0 : 0x1237e    : lbu a4, 0(a5)              : MemRead :  D=0x0000000000000000 A=0x73d28
3632000: system.cpu: T0 : 0x12382    : auipc a5, 96               : IntAlu :  D=0x0000000000072382
3633000: system.cpu: T0 : 0x12386    : ld a5, 1934(a5)            : MemRead :  D=0x0000000000073db6 A=0x72b10
3634000: system.cpu: T0 : 0x1238a    : sb a4, 0(a5)               : MemWrite :  D=0x0000000000000000 A=0x73db6
3635000: system.cpu: T0 : 0x1238e    : jal ra, -5832              : IntAlu :  D=0x0000000000012392
3635500: system.cpu: T0 : 0x10cc6    : c_addi sp, -16             : IntAlu :  D=0x7ffffffffffffdc0
3636000: system.cpu: T0 : 0x10cc8    : c_sdsp s0, 8(sp)           : MemWrite :  D=0x7ffffffffffffde0 A=0x7ffffffffffffdc8
3636500: system.cpu: T0 : 0x10cca    : c_addi4spn s0, sp, 16      : IntAlu :  D=0x7ffffffffffffdd0
3637000: system.cpu: T0 : 0x10ccc    : addi a5, gp, -960          : IntAlu :  D=0x0000000000072f70
3637500: system.cpu: T0 : 0x10cd0    : lbu a5, 13(a5)             : MemRead :  D=0x0000000000000000 A=0x72f7d
3638000: system.cpu: T0 : 0x10cd4    : c_bnez a5, 38              : IntAlu : 
3639000: system.cpu: T0 : 0x10cd6    : addi a5, gp, -960          : IntAlu :  D=0x0000000000072f70
3640000: system.cpu: T0 : 0x10cda    : lbu a5, 15(a5)             : MemRead :  D=0x0000000000000000 A=0x72f7f
3640500: system.cpu: T0 : 0x10cde    : c_beqz a5, 28              : IntAlu : 
3641500: system.cpu: T0 : 0x10cfa    : addi a5, gp, -960          : IntAlu :  D=0x0000000000072f70
3642500: system.cpu: T0 : 0x10cfe    : lbu a5, 13(a5)             : MemRead :  D=0x0000000000000000 A=0x72f7d
3643500: system.cpu: T0 : 0x10d02    : beq a5, zero, 3212         : IntAlu : 
3644000: system.cpu: T0 : 0x1198e    : c_addi zero, 0             : IntAlu :  D=0x0000000000000000
3644500: system.cpu: T0 : 0x11990    : c_ldsp s0, 8(sp)           : MemRead :  D=0x7ffffffffffffde0 A=0x7ffffffffffffdc8
3645000: system.cpu: T0 : 0x11992    : c_addi sp, 16              : IntAlu :  D=0x7ffffffffffffdd0
3645500: system.cpu: T0 : 0x11994    : c_jr ra                    : IntAlu : 
3646500: system.cpu: T0 : 0x12392    : auipc a5, 96               : IntAlu :  D=0x0000000000072392
3647500: system.cpu: T0 : 0x12396    : ld a5, 1854(a5)            : MemRead :  D=0x0000000000073da0 A=0x72ad0
3648500: system.cpu: T0 : 0x1239a    : lbu a4, 0(a5)              : MemRead :  D=0x0000000000000000 A=0x73da0
3649500: system.cpu: T0 : 0x1239e    : auipc a5, 96               : IntAlu :  D=0x000000000007239e
3650500: system.cpu: T0 : 0x123a2    : ld a5, 1170(a5)            : MemRead :  D=0x0000000000073cb9 A=0x72830
3651500: system.cpu: T0 : 0x123a6    : sb a4, 0(a5)               : MemWrite :  D=0x0000000000000000 A=0x73cb9
3652500: system.cpu: T0 : 0x123aa    : auipc a5, 96               : IntAlu :  D=0x00000000000723aa
3653500: system.cpu: T0 : 0x123ae    : ld a5, 1710(a5)            : MemRead :  D=0x0000000000073d79 A=0x72a58
3654500: system.cpu: T0 : 0x123b2    : lbu a4, 0(a5)              : MemRead :  D=0x0000000000000000 A=0x73d79
3655500: system.cpu: T0 : 0x123b6    : auipc a5, 96               : IntAlu :  D=0x00000000000723b6
3656500: system.cpu: T0 : 0x123ba    : ld a5, 1642(a5)            : MemRead :  D=0x0000000000073d68 A=0x72a20
3657500: system.cpu: T0 : 0x123be    : sb a4, 0(a5)               : MemWrite :  D=0x0000000000000000 A=0x73d68
3658500: system.cpu: T0 : 0x123c2    : auipc a5, 96               : IntAlu :  D=0x00000000000723c2
3659500: system.cpu: T0 : 0x123c6    : ld a5, 1846(a5)            : MemRead :  D=0x0000000000073db0 A=0x72af8
3660000: system.cpu: T0 : 0x123ca    : c_lw a4, 0(a5)             : MemRead :  D=0x0000000000000000 A=0x73db0
3660500: system.cpu: T0 : 0x123cc    : auipc a5, 96               : IntAlu :  D=0x00000000000723cc
3661000: system.cpu: T0 : 0x123d0    : ld a5, 1092(a5)            : MemRead :  D=0x0000000000073ca4 A=0x72810
3661500: system.cpu: T0 : 0x123d4    : c_sw a4, 0(a5)             : MemWrite :  D=0x0000000000000000 A=0x73ca4
3662500: system.cpu: T0 : 0x123d6    : auipc a5, 96               : IntAlu :  D=0x00000000000723d6
3663500: system.cpu: T0 : 0x123da    : ld a5, 1378(a5)            : MemRead :  D=0x0000000000073d05 A=0x72938
3664500: system.cpu: T0 : 0x123de    : lbu a4, 0(a5)              : MemRead :  D=0x0000000000000000 A=0x73d05
3665500: system.cpu: T0 : 0x123e2    : auipc a5, 96               : IntAlu :  D=0x00000000000723e2
3666500: system.cpu: T0 : 0x123e6    : ld a5, 1350(a5)            : MemRead :  D=0x0000000000073d02 A=0x72928
3667500: system.cpu: T0 : 0x123ea    : sb a4, 0(a5)               : MemWrite :  D=0x0000000000000000 A=0x73d02
3668500: system.cpu: T0 : 0x123ee    : auipc a5, 96               : IntAlu :  D=0x00000000000723ee
3669500: system.cpu: T0 : 0x123f2    : ld a5, 1474(a5)            : MemRead :  D=0x0000000000073d2c A=0x729b0
3670000: system.cpu: T0 : 0x123f6    : c_lw a4, 0(a5)             : MemRead :  D=0x0000000000000000 A=0x73d2c
3670500: system.cpu: T0 : 0x123f8    : auipc a5, 96               : IntAlu :  D=0x00000000000723f8
3671000: system.cpu: T0 : 0x123fc    : ld a5, 1696(a5)            : MemRead :  D=0x0000000000073d88 A=0x72a98
3671500: system.cpu: T0 : 0x12400    : c_sw a4, 0(a5)             : MemWrite :  D=0x0000000000000000 A=0x73d88
3672500: system.cpu: T0 : 0x12402    : auipc a5, 96               : IntAlu :  D=0x0000000000072402
3673500: system.cpu: T0 : 0x12406    : ld a5, 1718(a5)            : MemRead :  D=0x0000000000073d95 A=0x72ab8
3674500: system.cpu: T0 : 0x1240a    : lbu a4, 0(a5)              : MemRead :  D=0x0000000000000000 A=0x73d95
3675500: system.cpu: T0 : 0x1240e    : auipc a5, 96               : IntAlu :  D=0x000000000007240e
3676500: system.cpu: T0 : 0x12412    : ld a5, 1266(a5)            : MemRead :  D=0x0000000000073cf8 A=0x72900
3677500: system.cpu: T0 : 0x12416    : sb a4, 0(a5)               : MemWrite :  D=0x0000000000000000 A=0x73cf8
3678500: system.cpu: T0 : 0x1241a    : auipc a5, 96               : IntAlu :  D=0x000000000007241a
3679500: system.cpu: T0 : 0x1241e    : ld a5, 1750(a5)            : MemRead :  D=0x0000000000073dae A=0x72af0
3680500: system.cpu: T0 : 0x12422    : lbu a4, 0(a5)              : MemRead :  D=0x0000000000000000 A=0x73dae
3681500: system.cpu: T0 : 0x12426    : auipc a5, 96               : IntAlu :  D=0x0000000000072426
3682500: system.cpu: T0 : 0x1242a    : ld a5, 1330(a5)            : MemRead :  D=0x0000000000073d08 A=0x72958
3683500: system.cpu: T0 : 0x1242e    : sb a4, 0(a5)               : MemWrite :  D=0x0000000000000000 A=0x73d08
3684500: system.cpu: T0 : 0x12432    : auipc a5, 96               : IntAlu :  D=0x0000000000072432
3685500: system.cpu: T0 : 0x12436    : ld a5, 1334(a5)            : MemRead :  D=0x0000000000073d14 A=0x72968
3686500: system.cpu: T0 : 0x1243a    : lbu a4, 0(a5)              : MemRead :  D=0x0000000000000000 A=0x73d14
3687500: system.cpu: T0 : 0x1243e    : auipc a5, 96               : IntAlu :  D=0x000000000007243e
3688500: system.cpu: T0 : 0x12442    : ld a5, 1170(a5)            : MemRead :  D=0x0000000000073ce5 A=0x728d0
3689500: system.cpu: T0 : 0x12446    : sb a4, 0(a5)               : MemWrite :  D=0x0000000000000000 A=0x73ce5
3690500: system.cpu: T0 : 0x1244a    : auipc a5, 96               : IntAlu :  D=0x000000000007244a
3691500: system.cpu: T0 : 0x1244e    : ld a5, 1270(a5)            : MemRead :  D=0x0000000000073d06 A=0x72940
3692500: system.cpu: T0 : 0x12452    : lbu a4, 0(a5)              : MemRead :  D=0x0000000000000000 A=0x73d06
3693500: system.cpu: T0 : 0x12456    : auipc a5, 96               : IntAlu :  D=0x0000000000072456
3694500: system.cpu: T0 : 0x1245a    : ld a5, 1466(a5)            : MemRead :  D=0x0000000000073d59 A=0x72a10
3695500: system.cpu: T0 : 0x1245e    : sb a4, 0(a5)               : MemWrite :  D=0x0000000000000000 A=0x73d59
3696500: system.cpu: T0 : 0x12462    : auipc a5, 96               : IntAlu :  D=0x0000000000072462
3697500: system.cpu: T0 : 0x12466    : ld a5, 1710(a5)            : MemRead :  D=0x0000000000073db6 A=0x72b10
3698500: system.cpu: T0 : 0x1246a    : lbu a4, 0(a5)              : MemRead :  D=0x0000000000000000 A=0x73db6
3699500: system.cpu: T0 : 0x1246e    : auipc a5, 96               : IntAlu :  D=0x000000000007246e
3700500: system.cpu: T0 : 0x12472    : ld a5, 1322(a5)            : MemRead :  D=0x0000000000073d28 A=0x72998
3701500: system.cpu: T0 : 0x12476    : sb a4, 0(a5)               : MemWrite :  D=0x0000000000000000 A=0x73d28
3702500: system.cpu: T0 : 0x1247a    : auipc a5, 96               : IntAlu :  D=0x000000000007247a
3703500: system.cpu: T0 : 0x1247e    : ld a5, 1366(a5)            : MemRead :  D=0x0000000000073d3a A=0x729d0
3704500: system.cpu: T0 : 0x12482    : lbu a4, 0(a5)              : MemRead :  D=0x0000000000000000 A=0x73d3a
3705500: system.cpu: T0 : 0x12486    : auipc a5, 96               : IntAlu :  D=0x0000000000072486
3706500: system.cpu: T0 : 0x1248a    : ld a5, 962(a5)             : MemRead :  D=0x0000000000073cbc A=0x72848
3707500: system.cpu: T0 : 0x1248e    : sb a4, 0(a5)               : MemWrite :  D=0x0000000000000000 A=0x73cbc
3708500: system.cpu: T0 : 0x12492    : auipc a5, 96               : IntAlu :  D=0x0000000000072492
3709500: system.cpu: T0 : 0x12496    : ld a5, 1534(a5)            : MemRead :  D=0x0000000000073d84 A=0x72a90
3710500: system.cpu: T0 : 0x1249a    : lbu a4, 0(a5)              : MemRead :  D=0x0000000000000000 A=0x73d84
3711500: system.cpu: T0 : 0x1249e    : auipc a5, 96               : IntAlu :  D=0x000000000007249e
3712500: system.cpu: T0 : 0x124a2    : ld a5, 1154(a5)            : MemRead :  D=0x0000000000073d01 A=0x72920
3713500: system.cpu: T0 : 0x124a6    : sb a4, 0(a5)               : MemWrite :  D=0x0000000000000000 A=0x73d01
3714500: system.cpu: T0 : 0x124aa    : auipc a5, 96               : IntAlu :  D=0x00000000000724aa
3715500: system.cpu: T0 : 0x124ae    : ld a5, 1198(a5)            : MemRead :  D=0x0000000000073d08 A=0x72958
3716500: system.cpu: T0 : 0x124b2    : lbu a4, 0(a5)              : MemRead :  D=0x0000000000000000 A=0x73d08
3717500: system.cpu: T0 : 0x124b6    : auipc a5, 96               : IntAlu :  D=0x00000000000724b6
3718500: system.cpu: T0 : 0x124ba    : ld a5, 1594(a5)            : MemRead :  D=0x0000000000073dae A=0x72af0
3719500: system.cpu: T0 : 0x124be    : sb a4, 0(a5)               : MemWrite :  D=0x0000000000000000 A=0x73dae
3720500: system.cpu: T0 : 0x124c2    : auipc a5, 96               : IntAlu :  D=0x00000000000724c2
3721500: system.cpu: T0 : 0x124c6    : ld a5, 1038(a5)            : MemRead :  D=0x0000000000073ce5 A=0x728d0
3722500: system.cpu: T0 : 0x124ca    : lbu a4, 0(a5)              : MemRead :  D=0x0000000000000000 A=0x73ce5
3723500: system.cpu: T0 : 0x124ce    : auipc a5, 96               : IntAlu :  D=0x00000000000724ce
3724500: system.cpu: T0 : 0x124d2    : ld a5, 1178(a5)            : MemRead :  D=0x0000000000073d14 A=0x72968
3725500: system.cpu: T0 : 0x124d6    : sb a4, 0(a5)               : MemWrite :  D=0x0000000000000000 A=0x73d14
3726500: system.cpu: T0 : 0x124da    : auipc a5, 96               : IntAlu :  D=0x00000000000724da
3727500: system.cpu: T0 : 0x124de    : ld a5, 1334(a5)            : MemRead :  D=0x0000000000073d59 A=0x72a10
3728500: system.cpu: T0 : 0x124e2    : lbu a4, 0(a5)              : MemRead :  D=0x0000000000000000 A=0x73d59
3729500: system.cpu: T0 : 0x124e6    : auipc a5, 96               : IntAlu :  D=0x00000000000724e6
3730500: system.cpu: T0 : 0x124ea    : ld a5, 1114(a5)            : MemRead :  D=0x0000000000073d06 A=0x72940
3731500: system.cpu: T0 : 0x124ee    : sb a4, 0(a5)               : MemWrite :  D=0x0000000000000000 A=0x73d06
3732500: system.cpu: T0 : 0x124f2    : auipc a5, 96               : IntAlu :  D=0x00000000000724f2
3733500: system.cpu: T0 : 0x124f6    : ld a5, 1190(a5)            : MemRead :  D=0x0000000000073d28 A=0x72998
3734500: system.cpu: T0 : 0x124fa    : lbu a4, 0(a5)              : MemRead :  D=0x0000000000000000 A=0x73d28
3735500: system.cpu: T0 : 0x124fe    : auipc a5, 96               : IntAlu :  D=0x00000000000724fe
3736500: system.cpu: T0 : 0x12502    : ld a5, 1554(a5)            : MemRead :  D=0x0000000000073db6 A=0x72b10
3737500: system.cpu: T0 : 0x12506    : sb a4, 0(a5)               : MemWrite :  D=0x0000000000000000 A=0x73db6
3738500: system.cpu: T0 : 0x1250a    : jal ra, -2932              : IntAlu :  D=0x000000000001250e
3739000: system.cpu: T0 : 0x11996    : c_addi sp, -16             : IntAlu :  D=0x7ffffffffffffdc0
3739500: system.cpu: T0 : 0x11998    : c_sdsp s0, 8(sp)           : MemWrite :  D=0x7ffffffffffffde0 A=0x7ffffffffffffdc8
3740000: system.cpu: T0 : 0x1199a    : c_addi4spn s0, sp, 16      : IntAlu :  D=0x7ffffffffffffdd0
3740500: system.cpu: T0 : 0x1199c    : addi a5, gp, -960          : IntAlu :  D=0x0000000000072f70
3741000: system.cpu: T0 : 0x119a0    : lbu a5, 16(a5)             : MemRead :  D=0x0000000000000000 A=0x72f80
3741500: system.cpu: T0 : 0x119a4    : c_beqz a5, 220             : IntAlu : 
3742000: system.cpu: T0 : 0x11a80    : c_addi zero, 0             : IntAlu :  D=0x0000000000000000
3742500: system.cpu: T0 : 0x11a82    : c_j 8                      : IntAlu : 
3743000: system.cpu: T0 : 0x11a8a    : c_addi zero, 0             : IntAlu :  D=0x0000000000000000
3743500: system.cpu: T0 : 0x11a8c    : c_ldsp s0, 8(sp)           : MemRead :  D=0x7ffffffffffffde0 A=0x7ffffffffffffdc8
3744000: system.cpu: T0 : 0x11a8e    : c_addi sp, 16              : IntAlu :  D=0x7ffffffffffffdd0
3744500: system.cpu: T0 : 0x11a90    : c_jr ra                    : IntAlu : 
3745500: system.cpu: T0 : 0x1250e    : auipc a5, 96               : IntAlu :  D=0x000000000007250e
3746500: system.cpu: T0 : 0x12512    : ld a5, 1474(a5)            : MemRead :  D=0x0000000000073da0 A=0x72ad0
3747500: system.cpu: T0 : 0x12516    : lbu a4, 0(a5)              : MemRead :  D=0x0000000000000000 A=0x73da0
3748500: system.cpu: T0 : 0x1251a    : auipc a5, 96               : IntAlu :  D=0x000000000007251a
3749500: system.cpu: T0 : 0x1251e    : ld a5, 790(a5)             : MemRead :  D=0x0000000000073cb9 A=0x72830
3750500: system.cpu: T0 : 0x12522    : sb a4, 0(a5)               : MemWrite :  D=0x0000000000000000 A=0x73cb9
3751500: system.cpu: T0 : 0x12526    : auipc a5, 96               : IntAlu :  D=0x0000000000072526
3752500: system.cpu: T0 : 0x1252a    : ld a5, 1330(a5)            : MemRead :  D=0x0000000000073d79 A=0x72a58
3753500: system.cpu: T0 : 0x1252e    : lbu a4, 0(a5)              : MemRead :  D=0x0000000000000000 A=0x73d79
3754500: system.cpu: T0 : 0x12532    : auipc a5, 96               : IntAlu :  D=0x0000000000072532
3755500: system.cpu: T0 : 0x12536    : ld a5, 1262(a5)            : MemRead :  D=0x0000000000073d68 A=0x72a20
3756500: system.cpu: T0 : 0x1253a    : sb a4, 0(a5)               : MemWrite :  D=0x0000000000000000 A=0x73d68
3757500: system.cpu: T0 : 0x1253e    : auipc a5, 96               : IntAlu :  D=0x000000000007253e
3758500: system.cpu: T0 : 0x12542    : ld a5, 1466(a5)            : MemRead :  D=0x0000000000073db0 A=0x72af8
3759000: system.cpu: T0 : 0x12546    : c_lw a4, 0(a5)             : MemRead :  D=0x0000000000000000 A=0x73db0
3759500: system.cpu: T0 : 0x12548    : auipc a5, 96               : IntAlu :  D=0x0000000000072548
3760000: system.cpu: T0 : 0x1254c    : ld a5, 712(a5)             : MemRead :  D=0x0000000000073ca4 A=0x72810
3760500: system.cpu: T0 : 0x12550    : c_sw a4, 0(a5)             : MemWrite :  D=0x0000000000000000 A=0x73ca4
3761500: system.cpu: T0 : 0x12552    : auipc a5, 96               : IntAlu :  D=0x0000000000072552
3762500: system.cpu: T0 : 0x12556    : ld a5, 998(a5)             : MemRead :  D=0x0000000000073d05 A=0x72938
3763500: system.cpu: T0 : 0x1255a    : lbu a4, 0(a5)              : MemRead :  D=0x0000000000000000 A=0x73d05
3764500: system.cpu: T0 : 0x1255e    : auipc a5, 96               : IntAlu :  D=0x000000000007255e
3765500: system.cpu: T0 : 0x12562    : ld a5, 970(a5)             : MemRead :  D=0x0000000000073d02 A=0x72928
3766500: system.cpu: T0 : 0x12566    : sb a4, 0(a5)               : MemWrite :  D=0x0000000000000000 A=0x73d02
3767500: system.cpu: T0 : 0x1256a    : auipc a5, 96               : IntAlu :  D=0x000000000007256a
3768500: system.cpu: T0 : 0x1256e    : ld a5, 1094(a5)            : MemRead :  D=0x0000000000073d2c A=0x729b0
3769000: system.cpu: T0 : 0x12572    : c_lw a4, 0(a5)             : MemRead :  D=0x0000000000000000 A=0x73d2c
3769500: system.cpu: T0 : 0x12574    : auipc a5, 96               : IntAlu :  D=0x0000000000072574
3770000: system.cpu: T0 : 0x12578    : ld a5, 1316(a5)            : MemRead :  D=0x0000000000073d88 A=0x72a98
3770500: system.cpu: T0 : 0x1257c    : c_sw a4, 0(a5)             : MemWrite :  D=0x0000000000000000 A=0x73d88
3771500: system.cpu: T0 : 0x1257e    : auipc a5, 96               : IntAlu :  D=0x000000000007257e
3772500: system.cpu: T0 : 0x12582    : ld a5, 1338(a5)            : MemRead :  D=0x0000000000073d95 A=0x72ab8
3773500: system.cpu: T0 : 0x12586    : lbu a4, 0(a5)              : MemRead :  D=0x0000000000000000 A=0x73d95
3774500: system.cpu: T0 : 0x1258a    : auipc a5, 96               : IntAlu :  D=0x000000000007258a
3775500: system.cpu: T0 : 0x1258e    : ld a5, 886(a5)             : MemRead :  D=0x0000000000073cf8 A=0x72900
3776500: system.cpu: T0 : 0x12592    : sb a4, 0(a5)               : MemWrite :  D=0x0000000000000000 A=0x73cf8
3777500: system.cpu: T0 : 0x12596    : auipc a5, 96               : IntAlu :  D=0x0000000000072596
3778500: system.cpu: T0 : 0x1259a    : ld a5, 1370(a5)            : MemRead :  D=0x0000000000073dae A=0x72af0
3779500: system.cpu: T0 : 0x1259e    : lbu a4, 0(a5)              : MemRead :  D=0x0000000000000000 A=0x73dae
3780500: system.cpu: T0 : 0x125a2    : auipc a5, 96               : IntAlu :  D=0x00000000000725a2
3781500: system.cpu: T0 : 0x125a6    : ld a5, 950(a5)             : MemRead :  D=0x0000000000073d08 A=0x72958
3782500: system.cpu: T0 : 0x125aa    : sb a4, 0(a5)               : MemWrite :  D=0x0000000000000000 A=0x73d08
3783500: system.cpu: T0 : 0x125ae    : auipc a5, 96               : IntAlu :  D=0x00000000000725ae
3784500: system.cpu: T0 : 0x125b2    : ld a5, 954(a5)             : MemRead :  D=0x0000000000073d14 A=0x72968
3785500: system.cpu: T0 : 0x125b6    : lbu a4, 0(a5)              : MemRead :  D=0x0000000000000000 A=0x73d14
3786500: system.cpu: T0 : 0x125ba    : auipc a5, 96               : IntAlu :  D=0x00000000000725ba
3787500: system.cpu: T0 : 0x125be    : ld a5, 790(a5)             : MemRead :  D=0x0000000000073ce5 A=0x728d0
3788500: system.cpu: T0 : 0x125c2    : sb a4, 0(a5)               : MemWrite :  D=0x0000000000000000 A=0x73ce5
3789500: system.cpu: T0 : 0x125c6    : auipc a5, 96               : IntAlu :  D=0x00000000000725c6
3790500: system.cpu: T0 : 0x125ca    : ld a5, 890(a5)             : MemRead :  D=0x0000000000073d06 A=0x72940
3791500: system.cpu: T0 : 0x125ce    : lbu a4, 0(a5)              : MemRead :  D=0x0000000000000000 A=0x73d06
3792500: system.cpu: T0 : 0x125d2    : auipc a5, 96               : IntAlu :  D=0x00000000000725d2
3793500: system.cpu: T0 : 0x125d6    : ld a5, 1086(a5)            : MemRead :  D=0x0000000000073d59 A=0x72a10
3794500: system.cpu: T0 : 0x125da    : sb a4, 0(a5)               : MemWrite :  D=0x0000000000000000 A=0x73d59
3795500: system.cpu: T0 : 0x125de    : auipc a5, 96               : IntAlu :  D=0x00000000000725de
3796500: system.cpu: T0 : 0x125e2    : ld a5, 1330(a5)            : MemRead :  D=0x0000000000073db6 A=0x72b10
3797500: system.cpu: T0 : 0x125e6    : lbu a4, 0(a5)              : MemRead :  D=0x0000000000000000 A=0x73db6
3798500: system.cpu: T0 : 0x125ea    : auipc a5, 96               : IntAlu :  D=0x00000000000725ea
3799500: system.cpu: T0 : 0x125ee    : ld a5, 942(a5)             : MemRead :  D=0x0000000000073d28 A=0x72998
3800500: system.cpu: T0 : 0x125f2    : sb a4, 0(a5)               : MemWrite :  D=0x0000000000000000 A=0x73d28
3801500: system.cpu: T0 : 0x125f6    : auipc a5, 96               : IntAlu :  D=0x00000000000725f6
3802500: system.cpu: T0 : 0x125fa    : ld a5, 986(a5)             : MemRead :  D=0x0000000000073d3a A=0x729d0
3803500: system.cpu: T0 : 0x125fe    : lbu a4, 0(a5)              : MemRead :  D=0x0000000000000000 A=0x73d3a
3804500: system.cpu: T0 : 0x12602    : auipc a5, 96               : IntAlu :  D=0x0000000000072602
3805500: system.cpu: T0 : 0x12606    : ld a5, 582(a5)             : MemRead :  D=0x0000000000073cbc A=0x72848
3806500: system.cpu: T0 : 0x1260a    : sb a4, 0(a5)               : MemWrite :  D=0x0000000000000000 A=0x73cbc
3807500: system.cpu: T0 : 0x1260e    : auipc a5, 96               : IntAlu :  D=0x000000000007260e
3808500: system.cpu: T0 : 0x12612    : ld a5, 1154(a5)            : MemRead :  D=0x0000000000073d84 A=0x72a90
3809500: system.cpu: T0 : 0x12616    : lbu a4, 0(a5)              : MemRead :  D=0x0000000000000000 A=0x73d84
3810500: system.cpu: T0 : 0x1261a    : auipc a5, 96               : IntAlu :  D=0x000000000007261a
3811500: system.cpu: T0 : 0x1261e    : ld a5, 774(a5)             : MemRead :  D=0x0000000000073d01 A=0x72920
3812500: system.cpu: T0 : 0x12622    : sb a4, 0(a5)               : MemWrite :  D=0x0000000000000000 A=0x73d01
3813500: system.cpu: T0 : 0x12626    : auipc a5, 96               : IntAlu :  D=0x0000000000072626
3814500: system.cpu: T0 : 0x1262a    : ld a5, 818(a5)             : MemRead :  D=0x0000000000073d08 A=0x72958
3815500: system.cpu: T0 : 0x1262e    : lbu a4, 0(a5)              : MemRead :  D=0x0000000000000000 A=0x73d08
3816500: system.cpu: T0 : 0x12632    : auipc a5, 96               : IntAlu :  D=0x0000000000072632
3817500: system.cpu: T0 : 0x12636    : ld a5, 1214(a5)            : MemRead :  D=0x0000000000073dae A=0x72af0
3818500: system.cpu: T0 : 0x1263a    : sb a4, 0(a5)               : MemWrite :  D=0x0000000000000000 A=0x73dae
3819500: system.cpu: T0 : 0x1263e    : auipc a5, 96               : IntAlu :  D=0x000000000007263e
3820500: system.cpu: T0 : 0x12642    : ld a5, 658(a5)             : MemRead :  D=0x0000000000073ce5 A=0x728d0
3821500: system.cpu: T0 : 0x12646    : lbu a4, 0(a5)              : MemRead :  D=0x0000000000000000 A=0x73ce5
3822500: system.cpu: T0 : 0x1264a    : auipc a5, 96               : IntAlu :  D=0x000000000007264a
3823500: system.cpu: T0 : 0x1264e    : ld a5, 798(a5)             : MemRead :  D=0x0000000000073d14 A=0x72968
3824500: system.cpu: T0 : 0x12652    : sb a4, 0(a5)               : MemWrite :  D=0x0000000000000000 A=0x73d14
3825500: system.cpu: T0 : 0x12656    : auipc a5, 96               : IntAlu :  D=0x0000000000072656
3826500: system.cpu: T0 : 0x1265a    : ld a5, 954(a5)             : MemRead :  D=0x0000000000073d59 A=0x72a10
3827500: system.cpu: T0 : 0x1265e    : lbu a4, 0(a5)              : MemRead :  D=0x0000000000000000 A=0x73d59
3828500: system.cpu: T0 : 0x12662    : auipc a5, 96               : IntAlu :  D=0x0000000000072662
3829500: system.cpu: T0 : 0x12666    : ld a5, 734(a5)             : MemRead :  D=0x0000000000073d06 A=0x72940
3830500: system.cpu: T0 : 0x1266a    : sb a4, 0(a5)               : MemWrite :  D=0x0000000000000000 A=0x73d06
3831500: system.cpu: T0 : 0x1266e    : auipc a5, 96               : IntAlu :  D=0x000000000007266e
3832500: system.cpu: T0 : 0x12672    : ld a5, 810(a5)             : MemRead :  D=0x0000000000073d28 A=0x72998
3833500: system.cpu: T0 : 0x12676    : lbu a4, 0(a5)              : MemRead :  D=0x0000000000000000 A=0x73d28
3834500: system.cpu: T0 : 0x1267a    : auipc a5, 96               : IntAlu :  D=0x000000000007267a
3835500: system.cpu: T0 : 0x1267e    : ld a5, 1174(a5)            : MemRead :  D=0x0000000000073db6 A=0x72b10
3836500: system.cpu: T0 : 0x12682    : sb a4, 0(a5)               : MemWrite :  D=0x0000000000000000 A=0x73db6
3837500: system.cpu: T0 : 0x12686    : jal ra, -3060              : IntAlu :  D=0x000000000001268a
3838000: system.cpu: T0 : 0x11a92    : c_addi sp, -16             : IntAlu :  D=0x7ffffffffffffdc0
3838500: system.cpu: T0 : 0x11a94    : c_sdsp s0, 8(sp)           : MemWrite :  D=0x7ffffffffffffde0 A=0x7ffffffffffffdc8
3839000: system.cpu: T0 : 0x11a96    : c_addi4spn s0, sp, 16      : IntAlu :  D=0x7ffffffffffffdd0
3839500: system.cpu: T0 : 0x11a98    : addi a5, gp, -960          : IntAlu :  D=0x0000000000072f70
3840000: system.cpu: T0 : 0x11a9c    : lbu a5, 19(a5)             : MemRead :  D=0x0000000000000000 A=0x72f83
3840500: system.cpu: T0 : 0x11aa0    : c_bnez a5, 30              : IntAlu : 
3841500: system.cpu: T0 : 0x11aa2    : addi a5, gp, -960          : IntAlu :  D=0x0000000000072f70
3842500: system.cpu: T0 : 0x11aa6    : lbu a5, 21(a5)             : MemRead :  D=0x0000000000000000 A=0x72f85
3843000: system.cpu: T0 : 0x11aaa    : c_beqz a5, 20              : IntAlu : 
3844000: system.cpu: T0 : 0x11abe    : addi a5, gp, -960          : IntAlu :  D=0x0000000000072f70
3845000: system.cpu: T0 : 0x11ac2    : lbu a5, 19(a5)             : MemRead :  D=0x0000000000000000 A=0x72f83
3846000: system.cpu: T0 : 0x11ac6    : beq a5, zero, 718          : IntAlu : 
3846500: system.cpu: T0 : 0x11d94    : c_addi zero, 0             : IntAlu :  D=0x0000000000000000
3847000: system.cpu: T0 : 0x11d96    : c_j 4                      : IntAlu : 
3847500: system.cpu: T0 : 0x11d9a    : c_addi zero, 0             : IntAlu :  D=0x0000000000000000
3848000: system.cpu: T0 : 0x11d9c    : c_ldsp s0, 8(sp)           : MemRead :  D=0x7ffffffffffffde0 A=0x7ffffffffffffdc8
3848500: system.cpu: T0 : 0x11d9e    : c_addi sp, 16              : IntAlu :  D=0x7ffffffffffffdd0
3849000: system.cpu: T0 : 0x11da0    : c_jr ra                    : IntAlu : 
3850000: system.cpu: T0 : 0x1268a    : auipc a5, 96               : IntAlu :  D=0x000000000007268a
3851000: system.cpu: T0 : 0x1268e    : ld a5, 1094(a5)            : MemRead :  D=0x0000000000073da0 A=0x72ad0
3852000: system.cpu: T0 : 0x12692    : lbu a4, 0(a5)              : MemRead :  D=0x0000000000000000 A=0x73da0
3853000: system.cpu: T0 : 0x12696    : auipc a5, 96               : IntAlu :  D=0x0000000000072696
3854000: system.cpu: T0 : 0x1269a    : ld a5, 410(a5)             : MemRead :  D=0x0000000000073cb9 A=0x72830
3855000: system.cpu: T0 : 0x1269e    : sb a4, 0(a5)               : MemWrite :  D=0x0000000000000000 A=0x73cb9
3856000: system.cpu: T0 : 0x126a2    : auipc a5, 96               : IntAlu :  D=0x00000000000726a2
3857000: system.cpu: T0 : 0x126a6    : ld a5, 950(a5)             : MemRead :  D=0x0000000000073d79 A=0x72a58
3858000: system.cpu: T0 : 0x126aa    : lbu a4, 0(a5)              : MemRead :  D=0x0000000000000000 A=0x73d79
3859000: system.cpu: T0 : 0x126ae    : auipc a5, 96               : IntAlu :  D=0x00000000000726ae
3860000: system.cpu: T0 : 0x126b2    : ld a5, 882(a5)             : MemRead :  D=0x0000000000073d68 A=0x72a20
3861000: system.cpu: T0 : 0x126b6    : sb a4, 0(a5)               : MemWrite :  D=0x0000000000000000 A=0x73d68
3862000: system.cpu: T0 : 0x126ba    : auipc a5, 96               : IntAlu :  D=0x00000000000726ba
3863000: system.cpu: T0 : 0x126be    : ld a5, 1086(a5)            : MemRead :  D=0x0000000000073db0 A=0x72af8
3863500: system.cpu: T0 : 0x126c2    : c_lw a4, 0(a5)             : MemRead :  D=0x0000000000000000 A=0x73db0
3864000: system.cpu: T0 : 0x126c4    : auipc a5, 96               : IntAlu :  D=0x00000000000726c4
3864500: system.cpu: T0 : 0x126c8    : ld a5, 332(a5)             : MemRead :  D=0x0000000000073ca4 A=0x72810
3865000: system.cpu: T0 : 0x126cc    : c_sw a4, 0(a5)             : MemWrite :  D=0x0000000000000000 A=0x73ca4
3866000: system.cpu: T0 : 0x126ce    : auipc a5, 96               : IntAlu :  D=0x00000000000726ce
3867000: system.cpu: T0 : 0x126d2    : ld a5, 618(a5)             : MemRead :  D=0x0000000000073d05 A=0x72938
3868000: system.cpu: T0 : 0x126d6    : lbu a4, 0(a5)              : MemRead :  D=0x0000000000000000 A=0x73d05
3869000: system.cpu: T0 : 0x126da    : auipc a5, 96               : IntAlu :  D=0x00000000000726da
3870000: system.cpu: T0 : 0x126de    : ld a5, 590(a5)             : MemRead :  D=0x0000000000073d02 A=0x72928
3871000: system.cpu: T0 : 0x126e2    : sb a4, 0(a5)               : MemWrite :  D=0x0000000000000000 A=0x73d02
3872000: system.cpu: T0 : 0x126e6    : auipc a5, 96               : IntAlu :  D=0x00000000000726e6
3873000: system.cpu: T0 : 0x126ea    : ld a5, 714(a5)             : MemRead :  D=0x0000000000073d2c A=0x729b0
3873500: system.cpu: T0 : 0x126ee    : c_lw a4, 0(a5)             : MemRead :  D=0x0000000000000000 A=0x73d2c
3874000: system.cpu: T0 : 0x126f0    : auipc a5, 96               : IntAlu :  D=0x00000000000726f0
3874500: system.cpu: T0 : 0x126f4    : ld a5, 936(a5)             : MemRead :  D=0x0000000000073d88 A=0x72a98
3875000: system.cpu: T0 : 0x126f8    : c_sw a4, 0(a5)             : MemWrite :  D=0x0000000000000000 A=0x73d88
3876000: system.cpu: T0 : 0x126fa    : auipc a5, 96               : IntAlu :  D=0x00000000000726fa
3877000: system.cpu: T0 : 0x126fe    : ld a5, 958(a5)             : MemRead :  D=0x0000000000073d95 A=0x72ab8
3878000: system.cpu: T0 : 0x12702    : lbu a4, 0(a5)              : MemRead :  D=0x0000000000000000 A=0x73d95
3879000: system.cpu: T0 : 0x12706    : auipc a5, 96               : IntAlu :  D=0x0000000000072706
3880000: system.cpu: T0 : 0x1270a    : ld a5, 506(a5)             : MemRead :  D=0x0000000000073cf8 A=0x72900
3881000: system.cpu: T0 : 0x1270e    : sb a4, 0(a5)               : MemWrite :  D=0x0000000000000000 A=0x73cf8
3882000: system.cpu: T0 : 0x12712    : auipc a5, 96               : IntAlu :  D=0x0000000000072712
3883000: system.cpu: T0 : 0x12716    : ld a5, 990(a5)             : MemRead :  D=0x0000000000073dae A=0x72af0
3884000: system.cpu: T0 : 0x1271a    : lbu a4, 0(a5)              : MemRead :  D=0x0000000000000000 A=0x73dae
3885000: system.cpu: T0 : 0x1271e    : auipc a5, 96               : IntAlu :  D=0x000000000007271e
3886000: system.cpu: T0 : 0x12722    : ld a5, 570(a5)             : MemRead :  D=0x0000000000073d08 A=0x72958
3887000: system.cpu: T0 : 0x12726    : sb a4, 0(a5)               : MemWrite :  D=0x0000000000000000 A=0x73d08
3888000: system.cpu: T0 : 0x1272a    : auipc a5, 96               : IntAlu :  D=0x000000000007272a
3889000: system.cpu: T0 : 0x1272e    : ld a5, 574(a5)             : MemRead :  D=0x0000000000073d14 A=0x72968
3890000: system.cpu: T0 : 0x12732    : lbu a4, 0(a5)              : MemRead :  D=0x0000000000000000 A=0x73d14
3891000: system.cpu: T0 : 0x12736    : auipc a5, 96               : IntAlu :  D=0x0000000000072736
3892000: system.cpu: T0 : 0x1273a    : ld a5, 410(a5)             : MemRead :  D=0x0000000000073ce5 A=0x728d0
3893000: system.cpu: T0 : 0x1273e    : sb a4, 0(a5)               : MemWrite :  D=0x0000000000000000 A=0x73ce5
3894000: system.cpu: T0 : 0x12742    : auipc a5, 96               : IntAlu :  D=0x0000000000072742
3895000: system.cpu: T0 : 0x12746    : ld a5, 510(a5)             : MemRead :  D=0x0000000000073d06 A=0x72940
3896000: system.cpu: T0 : 0x1274a    : lbu a4, 0(a5)              : MemRead :  D=0x0000000000000000 A=0x73d06
3897000: system.cpu: T0 : 0x1274e    : auipc a5, 96               : IntAlu :  D=0x000000000007274e
3898000: system.cpu: T0 : 0x12752    : ld a5, 706(a5)             : MemRead :  D=0x0000000000073d59 A=0x72a10
3899000: system.cpu: T0 : 0x12756    : sb a4, 0(a5)               : MemWrite :  D=0x0000000000000000 A=0x73d59
3900000: system.cpu: T0 : 0x1275a    : auipc a5, 96               : IntAlu :  D=0x000000000007275a
3901000: system.cpu: T0 : 0x1275e    : ld a5, 950(a5)             : MemRead :  D=0x0000000000073db6 A=0x72b10
3902000: system.cpu: T0 : 0x12762    : lbu a4, 0(a5)              : MemRead :  D=0x0000000000000000 A=0x73db6
3903000: system.cpu: T0 : 0x12766    : auipc a5, 96               : IntAlu :  D=0x0000000000072766
3904000: system.cpu: T0 : 0x1276a    : ld a5, 562(a5)             : MemRead :  D=0x0000000000073d28 A=0x72998
3905000: system.cpu: T0 : 0x1276e    : sb a4, 0(a5)               : MemWrite :  D=0x0000000000000000 A=0x73d28
3906000: system.cpu: T0 : 0x12772    : auipc a5, 96               : IntAlu :  D=0x0000000000072772
3907000: system.cpu: T0 : 0x12776    : ld a5, 606(a5)             : MemRead :  D=0x0000000000073d3a A=0x729d0
3908000: system.cpu: T0 : 0x1277a    : lbu a4, 0(a5)              : MemRead :  D=0x0000000000000000 A=0x73d3a
3909000: system.cpu: T0 : 0x1277e    : auipc a5, 96               : IntAlu :  D=0x000000000007277e
3910000: system.cpu: T0 : 0x12782    : ld a5, 202(a5)             : MemRead :  D=0x0000000000073cbc A=0x72848
3911000: system.cpu: T0 : 0x12786    : sb a4, 0(a5)               : MemWrite :  D=0x0000000000000000 A=0x73cbc
3912000: system.cpu: T0 : 0x1278a    : auipc a5, 96               : IntAlu :  D=0x000000000007278a
3913000: system.cpu: T0 : 0x1278e    : ld a5, 774(a5)             : MemRead :  D=0x0000000000073d84 A=0x72a90
3914000: system.cpu: T0 : 0x12792    : lbu a4, 0(a5)              : MemRead :  D=0x0000000000000000 A=0x73d84
3915000: system.cpu: T0 : 0x12796    : auipc a5, 96               : IntAlu :  D=0x0000000000072796
3916000: system.cpu: T0 : 0x1279a    : ld a5, 394(a5)             : MemRead :  D=0x0000000000073d01 A=0x72920
3917000: system.cpu: T0 : 0x1279e    : sb a4, 0(a5)               : MemWrite :  D=0x0000000000000000 A=0x73d01
3918000: system.cpu: T0 : 0x127a2    : addi a5, gp, -960          : IntAlu :  D=0x0000000000072f70
3919000: system.cpu: T0 : 0x127a6    : lbu a4, 10(a5)             : MemRead :  D=0x0000000000000000 A=0x72f7a
3920000: system.cpu: T0 : 0x127aa    : addi a5, gp, -960          : IntAlu :  D=0x0000000000072f70
3921000: system.cpu: T0 : 0x127ae    : sb a4, 11(a5)              : MemWrite :  D=0x0000000000000000 A=0x72f7b
3922000: system.cpu: T0 : 0x127b2    : addi a5, gp, -960          : IntAlu :  D=0x0000000000072f70
3923000: system.cpu: T0 : 0x127b6    : lbu a4, 13(a5)             : MemRead :  D=0x0000000000000000 A=0x72f7d
3924000: system.cpu: T0 : 0x127ba    : addi a5, gp, -960          : IntAlu :  D=0x0000000000072f70
3925000: system.cpu: T0 : 0x127be    : sb a4, 14(a5)              : MemWrite :  D=0x0000000000000000 A=0x72f7e
3926000: system.cpu: T0 : 0x127c2    : addi a5, gp, -960          : IntAlu :  D=0x0000000000072f70
3927000: system.cpu: T0 : 0x127c6    : lbu a4, 16(a5)             : MemRead :  D=0x0000000000000000 A=0x72f80
3928000: system.cpu: T0 : 0x127ca    : addi a5, gp, -960          : IntAlu :  D=0x0000000000072f70
3929000: system.cpu: T0 : 0x127ce    : sb a4, 17(a5)              : MemWrite :  D=0x0000000000000000 A=0x72f81
3930000: system.cpu: T0 : 0x127d2    : addi a5, gp, -960          : IntAlu :  D=0x0000000000072f70
3931000: system.cpu: T0 : 0x127d6    : lbu a4, 19(a5)             : MemRead :  D=0x0000000000000000 A=0x72f83
3932000: system.cpu: T0 : 0x127da    : addi a5, gp, -960          : IntAlu :  D=0x0000000000072f70
3933000: system.cpu: T0 : 0x127de    : sb a4, 20(a5)              : MemWrite :  D=0x0000000000000000 A=0x72f84
3934000: system.cpu: T0 : 0x127e2    : auipc a5, 96               : IntAlu :  D=0x00000000000727e2
3935000: system.cpu: T0 : 0x127e6    : ld a5, 710(a5)             : MemRead :  D=0x0000000000073d90 A=0x72aa8
3935500: system.cpu: T0 : 0x127ea    : c_lw a4, 0(a5)             : MemRead :  D=0x0000000000000000 A=0x73d90
3936000: system.cpu: T0 : 0x127ec    : auipc a5, 96               : IntAlu :  D=0x00000000000727ec
3936500: system.cpu: T0 : 0x127f0    : ld a5, 212(a5)             : MemRead :  D=0x0000000000073ce0 A=0x728c0
3937000: system.cpu: T0 : 0x127f4    : c_sw a4, 0(a5)             : MemWrite :  D=0x0000000000000000 A=0x73ce0
3938000: system.cpu: T0 : 0x127f6    : auipc a5, 96               : IntAlu :  D=0x00000000000727f6
3939000: system.cpu: T0 : 0x127fa    : ld a5, 770(a5)             : MemRead :  D=0x0000000000073db0 A=0x72af8
3939500: system.cpu: T0 : 0x127fe    : c_lw a4, 0(a5)             : MemRead :  D=0x0000000000000000 A=0x73db0
3940000: system.cpu: T0 : 0x12800    : auipc a5, 96               : IntAlu :  D=0x0000000000072800
3940500: system.cpu: T0 : 0x12804    : ld a5, 184(a5)             : MemRead :  D=0x0000000000073cdc A=0x728b8
3941000: system.cpu: T0 : 0x12808    : c_sw a4, 0(a5)             : MemWrite :  D=0x0000000000000000 A=0x73cdc
3942000: system.cpu: T0 : 0x1280a    : auipc a5, 96               : IntAlu :  D=0x000000000007280a
3943000: system.cpu: T0 : 0x1280e    : ld a5, 70(a5)              : MemRead :  D=0x0000000000073cc0 A=0x72850
3943500: system.cpu: T0 : 0x12812    : c_lw a4, 0(a5)             : MemRead :  D=0x0000000000000000 A=0x73cc0
3944000: system.cpu: T0 : 0x12814    : auipc a5, 96               : IntAlu :  D=0x0000000000072814
3944500: system.cpu: T0 : 0x12818    : ld a5, 428(a5)             : MemRead :  D=0x0000000000073d34 A=0x729c0
3945000: system.cpu: T0 : 0x1281c    : c_sw a4, 0(a5)             : MemWrite :  D=0x0000000000000000 A=0x73d34
3946000: system.cpu: T0 : 0x1281e    : auipc a5, 96               : IntAlu :  D=0x000000000007281e
3947000: system.cpu: T0 : 0x12822    : ld a5, -14(a5)             : MemRead :  D=0x0000000000073ca4 A=0x72810
3947500: system.cpu: T0 : 0x12826    : c_lw a4, 0(a5)             : MemRead :  D=0x0000000000000000 A=0x73ca4
3948000: system.cpu: T0 : 0x12828    : auipc a5, 96               : IntAlu :  D=0x0000000000072828
3948500: system.cpu: T0 : 0x1282c    : ld a5, 232(a5)             : MemRead :  D=0x0000000000073cfc A=0x72910
3949000: system.cpu: T0 : 0x12830    : c_sw a4, 0(a5)             : MemWrite :  D=0x0000000000000000 A=0x73cfc
3950000: system.cpu: T0 : 0x12832    : auipc a5, 96               : IntAlu :  D=0x0000000000072832
3951000: system.cpu: T0 : 0x12836    : ld a5, 302(a5)             : MemRead :  D=0x0000000000073d10 A=0x72960
3951500: system.cpu: T0 : 0x1283a    : c_lw a4, 0(a5)             : MemRead :  D=0x0000000000000000 A=0x73d10
3952000: system.cpu: T0 : 0x1283c    : auipc a5, 96               : IntAlu :  D=0x000000000007283c
3952500: system.cpu: T0 : 0x12840    : ld a5, 188(a5)             : MemRead :  D=0x0000000000073cf4 A=0x728f8
3953000: system.cpu: T0 : 0x12844    : c_sw a4, 0(a5)             : MemWrite :  D=0x0000000000000000 A=0x73cf4
3954000: system.cpu: T0 : 0x12846    : auipc a5, 96               : IntAlu :  D=0x0000000000072846
3955000: system.cpu: T0 : 0x1284a    : ld a5, 714(a5)             : MemRead :  D=0x0000000000073db6 A=0x72b10
3956000: system.cpu: T0 : 0x1284e    : lbu a4, 0(a5)              : MemRead :  D=0x0000000000000000 A=0x73db6
3957000: system.cpu: T0 : 0x12852    : auipc a5, 96               : IntAlu :  D=0x0000000000072852
3958000: system.cpu: T0 : 0x12856    : ld a5, 158(a5)             : MemRead :  D=0x0000000000073cf2 A=0x728f0
3959000: system.cpu: T0 : 0x1285a    : sb a4, 0(a5)               : MemWrite :  D=0x0000000000000000 A=0x73cf2
3960000: system.cpu: T0 : 0x1285e    : auipc a5, 96               : IntAlu :  D=0x000000000007285e
3961000: system.cpu: T0 : 0x12862    : ld a5, 226(a5)             : MemRead :  D=0x0000000000073d06 A=0x72940
3962000: system.cpu: T0 : 0x12866    : lbu a4, 0(a5)              : MemRead :  D=0x0000000000000000 A=0x73d06
3963000: system.cpu: T0 : 0x1286a    : auipc a5, 96               : IntAlu :  D=0x000000000007286a
3964000: system.cpu: T0 : 0x1286e    : ld a5, -42(a5)             : MemRead :  D=0x0000000000073cbb A=0x72840
3965000: system.cpu: T0 : 0x12872    : sb a4, 0(a5)               : MemWrite :  D=0x0000000000000000 A=0x73cbb
3966000: system.cpu: T0 : 0x12876    : auipc a5, 96               : IntAlu :  D=0x0000000000072876
3967000: system.cpu: T0 : 0x1287a    : ld a5, 242(a5)             : MemRead :  D=0x0000000000073d14 A=0x72968
3968000: system.cpu: T0 : 0x1287e    : lbu a4, 0(a5)              : MemRead :  D=0x0000000000000000 A=0x73d14
3969000: system.cpu: T0 : 0x12882    : auipc a5, 96               : IntAlu :  D=0x0000000000072882
3970000: system.cpu: T0 : 0x12886    : ld a5, 30(a5)              : MemRead :  D=0x0000000000073cd5 A=0x728a0
3971000: system.cpu: T0 : 0x1288a    : sb a4, 0(a5)               : MemWrite :  D=0x0000000000000000 A=0x73cd5
3972000: system.cpu: T0 : 0x1288e    : auipc a5, 96               : IntAlu :  D=0x000000000007288e
3973000: system.cpu: T0 : 0x12892    : ld a5, 610(a5)             : MemRead :  D=0x0000000000073dae A=0x72af0
3974000: system.cpu: T0 : 0x12896    : lbu a4, 0(a5)              : MemRead :  D=0x0000000000000000 A=0x73dae
3975000: system.cpu: T0 : 0x1289a    : auipc a5, 96               : IntAlu :  D=0x000000000007289a
3976000: system.cpu: T0 : 0x1289e    : ld a5, -146(a5)            : MemRead :  D=0x0000000000073ca0 A=0x72808
3977000: system.cpu: T0 : 0x128a2    : sb a4, 0(a5)               : MemWrite :  D=0x0000000000000000 A=0x73ca0
3978000: system.cpu: T0 : 0x128a6    : auipc a5, 96               : IntAlu :  D=0x00000000000728a6
3979000: system.cpu: T0 : 0x128aa    : ld a5, 602(a5)             : MemRead :  D=0x0000000000073db4 A=0x72b00
3980000: system.cpu: T0 : 0x128ae    : lbu a4, 0(a5)              : MemRead :  D=0x0000000000000000 A=0x73db4
3981000: system.cpu: T0 : 0x128b2    : auipc a5, 96               : IntAlu :  D=0x00000000000728b2
3982000: system.cpu: T0 : 0x128b6    : ld a5, 478(a5)             : MemRead :  D=0x0000000000073d84 A=0x72a90
3983000: system.cpu: T0 : 0x128ba    : sb a4, 0(a5)               : MemWrite :  D=0x0000000000000000 A=0x73d84
3984000: system.cpu: T0 : 0x128be    : auipc a5, 96               : IntAlu :  D=0x00000000000728be
3985000: system.cpu: T0 : 0x128c2    : ld a5, 466(a5)             : MemRead :  D=0x0000000000073d84 A=0x72a90
3986000: system.cpu: T0 : 0x128c6    : lbu a4, 0(a5)              : MemRead :  D=0x0000000000000000 A=0x73d84
3987000: system.cpu: T0 : 0x128ca    : auipc a5, 96               : IntAlu :  D=0x00000000000728ca
3988000: system.cpu: T0 : 0x128ce    : ld a5, -50(a5)             : MemRead :  D=0x0000000000073cd4 A=0x72898
3989000: system.cpu: T0 : 0x128d2    : sb a4, 0(a5)               : MemWrite :  D=0x0000000000000000 A=0x73cd4
3990000: system.cpu: T0 : 0x128d6    : auipc a5, 96               : IntAlu :  D=0x00000000000728d6
3991000: system.cpu: T0 : 0x128da    : ld a5, 530(a5)             : MemRead :  D=0x0000000000073dad A=0x72ae8
3992000: system.cpu: T0 : 0x128de    : lbu a4, 0(a5)              : MemRead :  D=0x0000000000000000 A=0x73dad
3993000: system.cpu: T0 : 0x128e2    : auipc a5, 96               : IntAlu :  D=0x00000000000728e2
3994000: system.cpu: T0 : 0x128e6    : ld a5, 414(a5)             : MemRead :  D=0x0000000000073d82 A=0x72a80
3995000: system.cpu: T0 : 0x128ea    : sb a4, 0(a5)               : MemWrite :  D=0x0000000000000000 A=0x73d82
3996000: system.cpu: T0 : 0x128ee    : auipc a5, 96               : IntAlu :  D=0x00000000000728ee
3997000: system.cpu: T0 : 0x128f2    : ld a5, 402(a5)             : MemRead :  D=0x0000000000073d82 A=0x72a80
3998000: system.cpu: T0 : 0x128f6    : lbu a4, 0(a5)              : MemRead :  D=0x0000000000000000 A=0x73d82
3999000: system.cpu: T0 : 0x128fa    : auipc a5, 96               : IntAlu :  D=0x00000000000728fa
4000000: system.cpu: T0 : 0x128fe    : ld a5, 166(a5)             : MemRead :  D=0x0000000000073d29 A=0x729a0
4001000: system.cpu: T0 : 0x12902    : sb a4, 0(a5)               : MemWrite :  D=0x0000000000000000 A=0x73d29
4002000: system.cpu: T0 : 0x12906    : auipc a5, 96               : IntAlu :  D=0x0000000000072906
4003000: system.cpu: T0 : 0x1290a    : ld a5, -62(a5)             : MemRead :  D=0x0000000000073ce4 A=0x728c8
4004000: system.cpu: T0 : 0x1290e    : lbu a4, 0(a5)              : MemRead :  D=0x0000000000000000 A=0x73ce4
4005000: system.cpu: T0 : 0x12912    : auipc a5, 96               : IntAlu :  D=0x0000000000072912
4006000: system.cpu: T0 : 0x12916    : ld a5, 526(a5)             : MemRead :  D=0x0000000000073db8 A=0x72b20
4007000: system.cpu: T0 : 0x1291a    : sb a4, 0(a5)               : MemWrite :  D=0x0000000000000000 A=0x73db8
4008000: system.cpu: T0 : 0x1291e    : auipc a5, 96               : IntAlu :  D=0x000000000007291e
4009000: system.cpu: T0 : 0x12922    : ld a5, 514(a5)             : MemRead :  D=0x0000000000073db8 A=0x72b20
4010000: system.cpu: T0 : 0x12926    : lbu a4, 0(a5)              : MemRead :  D=0x0000000000000000 A=0x73db8
4011000: system.cpu: T0 : 0x1292a    : auipc a5, 96               : IntAlu :  D=0x000000000007292a
4012000: system.cpu: T0 : 0x1292e    : ld a5, -242(a5)            : MemRead :  D=0x0000000000073cba A=0x72838
4013000: system.cpu: T0 : 0x12932    : sb a4, 0(a5)               : MemWrite :  D=0x0000000000000000 A=0x73cba
4014000: system.cpu: T0 : 0x12936    : auipc a5, 96               : IntAlu :  D=0x0000000000072936
4015000: system.cpu: T0 : 0x1293a    : ld a5, -206(a5)            : MemRead :  D=0x0000000000073cc6 A=0x72868
4016000: system.cpu: T0 : 0x1293e    : lbu a4, 0(a5)              : MemRead :  D=0x0000000000000000 A=0x73cc6
4017000: system.cpu: T0 : 0x12942    : auipc a5, 96               : IntAlu :  D=0x0000000000072942
4018000: system.cpu: T0 : 0x12946    : ld a5, 278(a5)             : MemRead :  D=0x0000000000073d79 A=0x72a58
4019000: system.cpu: T0 : 0x1294a    : sb a4, 0(a5)               : MemWrite :  D=0x0000000000000000 A=0x73d79
4020000: system.cpu: T0 : 0x1294e    : auipc a5, 96               : IntAlu :  D=0x000000000007294e
4021000: system.cpu: T0 : 0x12952    : ld a5, 266(a5)             : MemRead :  D=0x0000000000073d79 A=0x72a58
4022000: system.cpu: T0 : 0x12956    : lbu a4, 0(a5)              : MemRead :  D=0x0000000000000000 A=0x73d79
4023000: system.cpu: T0 : 0x1295a    : auipc a5, 96               : IntAlu :  D=0x000000000007295a
4024000: system.cpu: T0 : 0x1295e    : ld a5, -322(a5)            : MemRead :  D=0x0000000000073ca8 A=0x72818
4025000: system.cpu: T0 : 0x12962    : sb a4, 0(a5)               : MemWrite :  D=0x0000000000000000 A=0x73ca8
4026000: system.cpu: T0 : 0x12966    : auipc a5, 96               : IntAlu :  D=0x0000000000072966
4027000: system.cpu: T0 : 0x1296a    : ld a5, -126(a5)            : MemRead :  D=0x0000000000073cf1 A=0x728e8
4028000: system.cpu: T0 : 0x1296e    : lbu a4, 0(a5)              : MemRead :  D=0x0000000000000000 A=0x73cf1
4029000: system.cpu: T0 : 0x12972    : auipc a5, 96               : IntAlu :  D=0x0000000000072972
4030000: system.cpu: T0 : 0x12976    : ld a5, 350(a5)             : MemRead :  D=0x0000000000073da0 A=0x72ad0
4031000: system.cpu: T0 : 0x1297a    : sb a4, 0(a5)               : MemWrite :  D=0x0000000000000000 A=0x73da0
4032000: system.cpu: T0 : 0x1297e    : auipc a5, 96               : IntAlu :  D=0x000000000007297e
4033000: system.cpu: T0 : 0x12982    : ld a5, 338(a5)             : MemRead :  D=0x0000000000073da0 A=0x72ad0
4034000: system.cpu: T0 : 0x12986    : lbu a4, 0(a5)              : MemRead :  D=0x0000000000000000 A=0x73da0
4035000: system.cpu: T0 : 0x1298a    : auipc a5, 96               : IntAlu :  D=0x000000000007298a
4036000: system.cpu: T0 : 0x1298e    : ld a5, -58(a5)             : MemRead :  D=0x0000000000073d07 A=0x72950
4037000: system.cpu: T0 : 0x12992    : sb a4, 0(a5)               : MemWrite :  D=0x0000000000000000 A=0x73d07
4038000: system.cpu: T0 : 0x12996    : auipc a5, 96               : IntAlu :  D=0x0000000000072996
4039000: system.cpu: T0 : 0x1299a    : ld a5, -94(a5)             : MemRead :  D=0x0000000000073d05 A=0x72938
4040000: system.cpu: T0 : 0x1299e    : lbu a4, 0(a5)              : MemRead :  D=0x0000000000000000 A=0x73d05
4041000: system.cpu: T0 : 0x129a2    : auipc a5, 96               : IntAlu :  D=0x00000000000729a2
4042000: system.cpu: T0 : 0x129a6    : ld a5, -322(a5)            : MemRead :  D=0x0000000000073cc5 A=0x72860
4043000: system.cpu: T0 : 0x129aa    : sb a4, 0(a5)               : MemWrite :  D=0x0000000000000000 A=0x73cc5
4044000: system.cpu: T0 : 0x129ae    : auipc a5, 96               : IntAlu :  D=0x00000000000729ae
4045000: system.cpu: T0 : 0x129b2    : ld a5, -134(a5)            : MemRead :  D=0x0000000000073d02 A=0x72928
4046000: system.cpu: T0 : 0x129b6    : lbu a4, 0(a5)              : MemRead :  D=0x0000000000000000 A=0x73d02
4047000: system.cpu: T0 : 0x129ba    : auipc a5, 96               : IntAlu :  D=0x00000000000729ba
4048000: system.cpu: T0 : 0x129be    : ld a5, -266(a5)            : MemRead :  D=0x0000000000073cd7 A=0x728b0
4049000: system.cpu: T0 : 0x129c2    : sb a4, 0(a5)               : MemWrite :  D=0x0000000000000000 A=0x73cd7
4050000: system.cpu: T0 : 0x129c6    : auipc a5, 96               : IntAlu :  D=0x00000000000729c6
4051000: system.cpu: T0 : 0x129ca    : ld a5, 2(a5)               : MemRead :  D=0x0000000000073d38 A=0x729c8
4052000: system.cpu: T0 : 0x129ce    : lbu a4, 0(a5)              : MemRead :  D=0x0000000000000000 A=0x73d38
4053000: system.cpu: T0 : 0x129d2    : auipc a5, 96               : IntAlu :  D=0x00000000000729d2
4054000: system.cpu: T0 : 0x129d6    : ld a5, 158(a5)             : MemRead :  D=0x0000000000073d81 A=0x72a70
4055000: system.cpu: T0 : 0x129da    : sb a4, 0(a5)               : MemWrite :  D=0x0000000000000000 A=0x73d81
4056000: system.cpu: T0 : 0x129de    : auipc a5, 96               : IntAlu :  D=0x00000000000729de
4057000: system.cpu: T0 : 0x129e2    : ld a5, -102(a5)            : MemRead :  D=0x0000000000073d16 A=0x72978
4058000: system.cpu: T0 : 0x129e6    : lbu a4, 0(a5)              : MemRead :  D=0x0000000000000000 A=0x73d16
4059000: system.cpu: T0 : 0x129ea    : auipc a5, 96               : IntAlu :  D=0x00000000000729ea
4060000: system.cpu: T0 : 0x129ee    : ld a5, 246(a5)             : MemRead :  D=0x0000000000073dac A=0x72ae0
4061000: system.cpu: T0 : 0x129f2    : sb a4, 0(a5)               : MemWrite :  D=0x0000000000000000 A=0x73dac
4062000: system.cpu: T0 : 0x129f6    : auipc a5, 96               : IntAlu :  D=0x00000000000729f6
4063000: system.cpu: T0 : 0x129fa    : ld a5, -6(a5)              : MemRead :  D=0x0000000000073d49 A=0x729f0
4064000: system.cpu: T0 : 0x129fe    : lbu a4, 0(a5)              : MemRead :  D=0x0000000000000000 A=0x73d49
4065000: system.cpu: T0 : 0x12a02    : auipc a5, 96               : IntAlu :  D=0x0000000000072a02
4066000: system.cpu: T0 : 0x12a06    : ld a5, 174(a5)             : MemRead :  D=0x0000000000073d94 A=0x72ab0
4067000: system.cpu: T0 : 0x12a0a    : sb a4, 0(a5)               : MemWrite :  D=0x0000000000000000 A=0x73d94
4068000: system.cpu: T0 : 0x12a0e    : auipc a5, 96               : IntAlu :  D=0x0000000000072a0e
4069000: system.cpu: T0 : 0x12a12    : ld a5, -134(a5)            : MemRead :  D=0x0000000000073d18 A=0x72988
4070000: system.cpu: T0 : 0x12a16    : lbu a4, 0(a5)              : MemRead :  D=0x0000000000000000 A=0x73d18
4071000: system.cpu: T0 : 0x12a1a    : auipc a5, 96               : IntAlu :  D=0x0000000000072a1a
4072000: system.cpu: T0 : 0x12a1e    : ld a5, 166(a5)             : MemRead :  D=0x0000000000073d96 A=0x72ac0
4073000: system.cpu: T0 : 0x12a22    : sb a4, 0(a5)               : MemWrite :  D=0x0000000000000000 A=0x73d96
4074000: system.cpu: T0 : 0x12a26    : auipc a5, 96               : IntAlu :  D=0x0000000000072a26
4075000: system.cpu: T0 : 0x12a2a    : ld a5, -382(a5)            : MemRead :  D=0x0000000000073cd6 A=0x728a8
4076000: system.cpu: T0 : 0x12a2e    : lbu a4, 0(a5)              : MemRead :  D=0x0000000000000000 A=0x73cd6
4077000: system.cpu: T0 : 0x12a32    : auipc a5, 96               : IntAlu :  D=0x0000000000072a32
4078000: system.cpu: T0 : 0x12a36    : ld a5, -274(a5)            : MemRead :  D=0x0000000000073d01 A=0x72920
4079000: system.cpu: T0 : 0x12a3a    : sb a4, 0(a5)               : MemWrite :  D=0x0000000000000000 A=0x73d01
4080000: system.cpu: T0 : 0x12a3e    : auipc a5, 96               : IntAlu :  D=0x0000000000072a3e
4081000: system.cpu: T0 : 0x12a42    : ld a5, -286(a5)            : MemRead :  D=0x0000000000073d01 A=0x72920
4082000: system.cpu: T0 : 0x12a46    : lbu a4, 0(a5)              : MemRead :  D=0x0000000000000000 A=0x73d01
4083000: system.cpu: T0 : 0x12a4a    : auipc a5, 96               : IntAlu :  D=0x0000000000072a4a
4084000: system.cpu: T0 : 0x12a4e    : ld a5, -66(a5)             : MemRead :  D=0x0000000000073d58 A=0x72a08
4085000: system.cpu: T0 : 0x12a52    : sb a4, 0(a5)               : MemWrite :  D=0x0000000000000000 A=0x73d58
4086000: system.cpu: T0 : 0x12a56    : auipc a5, 96               : IntAlu :  D=0x0000000000072a56
4087000: system.cpu: T0 : 0x12a5a    : ld a5, 210(a5)             : MemRead :  D=0x0000000000073db9 A=0x72b28
4088000: system.cpu: T0 : 0x12a5e    : lbu a4, 0(a5)              : MemRead :  D=0x0000000000000000 A=0x73db9
4089000: system.cpu: T0 : 0x12a62    : auipc a5, 96               : IntAlu :  D=0x0000000000072a62
4090000: system.cpu: T0 : 0x12a66    : ld a5, -66(a5)             : MemRead :  D=0x0000000000073d68 A=0x72a20
4091000: system.cpu: T0 : 0x12a6a    : sb a4, 0(a5)               : MemWrite :  D=0x0000000000000000 A=0x73d68
4092000: system.cpu: T0 : 0x12a6e    : auipc a5, 96               : IntAlu :  D=0x0000000000072a6e
4093000: system.cpu: T0 : 0x12a72    : ld a5, -78(a5)             : MemRead :  D=0x0000000000073d68 A=0x72a20
4094000: system.cpu: T0 : 0x12a76    : lbu a4, 0(a5)              : MemRead :  D=0x0000000000000000 A=0x73d68
4095000: system.cpu: T0 : 0x12a7a    : auipc a5, 96               : IntAlu :  D=0x0000000000072a7a
4096000: system.cpu: T0 : 0x12a7e    : ld a5, 94(a5)              : MemRead :  D=0x0000000000073da1 A=0x72ad8
4097000: system.cpu: T0 : 0x12a82    : sb a4, 0(a5)               : MemWrite :  D=0x0000000000000000 A=0x73da1
4098000: system.cpu: T0 : 0x12a86    : auipc a5, 96               : IntAlu :  D=0x0000000000072a86
4099000: system.cpu: T0 : 0x12a8a    : ld a5, -558(a5)            : MemRead :  D=0x0000000000073cc4 A=0x72858
4100000: system.cpu: T0 : 0x12a8e    : lbu a4, 0(a5)              : MemRead :  D=0x0000000000000000 A=0x73cc4
4101000: system.cpu: T0 : 0x12a92    : auipc a5, 96               : IntAlu :  D=0x0000000000072a92
4102000: system.cpu: T0 : 0x12a96    : ld a5, -610(a5)            : MemRead :  D=0x0000000000073cb9 A=0x72830
4103000: system.cpu: T0 : 0x12a9a    : sb a4, 0(a5)               : MemWrite :  D=0x0000000000000000 A=0x73cb9
4104000: system.cpu: T0 : 0x12a9e    : auipc a5, 96               : IntAlu :  D=0x0000000000072a9e
4105000: system.cpu: T0 : 0x12aa2    : ld a5, -622(a5)            : MemRead :  D=0x0000000000073cb9 A=0x72830
4106000: system.cpu: T0 : 0x12aa6    : lbu a4, 0(a5)              : MemRead :  D=0x0000000000000000 A=0x73cb9
4107000: system.cpu: T0 : 0x12aaa    : auipc a5, 96               : IntAlu :  D=0x0000000000072aaa
4108000: system.cpu: T0 : 0x12aae    : ld a5, -66(a5)             : MemRead :  D=0x0000000000073d80 A=0x72a68
4109000: system.cpu: T0 : 0x12ab2    : sb a4, 0(a5)               : MemWrite :  D=0x0000000000000000 A=0x73d80
4110000: system.cpu: T0 : 0x12ab6    : auipc a5, 96               : IntAlu :  D=0x0000000000072ab6
4111000: system.cpu: T0 : 0x12aba    : ld a5, -390(a5)            : MemRead :  D=0x0000000000073d03 A=0x72930
4112000: system.cpu: T0 : 0x12abe    : lbu a5, 0(a5)              : MemRead :  D=0x0000000000000001 A=0x73d03
4113000: system.cpu: T0 : 0x12ac2    : beq a5, zero, -3312        : IntAlu : 
4113500: system.cpu: T0 : 0x12ac6    : c_addi zero, 0             : IntAlu :  D=0x0000000000000000
4114000: system.cpu: T0 : 0x12ac8    : c_addi zero, 0             : IntAlu :  D=0x0000000000000000
4114500: system.cpu: T0 : 0x12aca    : c_ldsp ra, 8(sp)           : MemRead :  D=0x0000000000012ae6 A=0x7ffffffffffffdd8
4115000: system.cpu: T0 : 0x12acc    : c_ldsp s0, 0(sp)           : MemRead :  D=0x7ffffffffffffdf0 A=0x7ffffffffffffdd0
4115500: system.cpu: T0 : 0x12ace    : c_addi sp, 16              : IntAlu :  D=0x7ffffffffffffde0
4116000: system.cpu: T0 : 0x12ad0    : c_jr ra                    : IntAlu : 
4116500: system.cpu: T0 : 0x12ae6    : c_li a5, 0                 : IntAlu :  D=0x0000000000000000
4117000: system.cpu: T0 : 0x12ae8    : c_mv a0, a5                : IntAlu :  D=0x0000000000000000
4117500: system.cpu: T0 : 0x12aea    : c_ldsp ra, 8(sp)           : MemRead :  D=0x0000000000012c84 A=0x7ffffffffffffde8
4118000: system.cpu: T0 : 0x12aec    : c_ldsp s0, 0(sp)           : MemRead :  D=0x0000000000012fbe A=0x7ffffffffffffde0
4118500: system.cpu: T0 : 0x12aee    : c_addi sp, 16              : IntAlu :  D=0x7ffffffffffffdf0
4119000: system.cpu: T0 : 0x12af0    : c_jr ra                    : IntAlu : 
4119500: system.cpu: T0 : 0x12c84    : jal ra, 17144              : IntAlu :  D=0x0000000000012c88
4120000: system.cpu: T0 : 0x16f7c    : c_addi sp, -16             : IntAlu :  D=0x7ffffffffffffde0
4120500: system.cpu: T0 : 0x16f7e    : c_li a3, 1                 : IntAlu :  D=0x0000000000000001
4121000: system.cpu: T0 : 0x16f80    : c_li a2, 1                 : IntAlu :  D=0x0000000000000001
4122000: system.cpu: T0 : 0x16f82    : addi a1, gp, -1936         : IntAlu :  D=0x0000000000072ba0
4122500: system.cpu: T0 : 0x16f86    : c_sdsp ra, 8(sp)           : MemWrite :  D=0x0000000000012c88 A=0x7ffffffffffffde8
4123000: system.cpu: T0 : 0x16f88    : jal ra, -468               : IntAlu :  D=0x0000000000016f8c
4123500: system.cpu: T0 : 0x16db4    : c_addi16sp sp, -128        : IntAlu :  D=0x7ffffffffffffd60
4124000: system.cpu: T0 : 0x16db6    : c_sdsp s6, 64(sp)          : MemWrite :  D=0x0000000000000000 A=0x7ffffffffffffda0
4124500: system.cpu: T0 : 0x16db8    : c_sdsp s7, 56(sp)          : MemWrite :  D=0x0000000000000000 A=0x7ffffffffffffd98
4125000: system.cpu: T0 : 0x16dba    : c_sdsp ra, 120(sp)         : MemWrite :  D=0x0000000000016f8c A=0x7ffffffffffffdd8
4125500: system.cpu: T0 : 0x16dbc    : c_sdsp s0, 112(sp)         : MemWrite :  D=0x0000000000012fbe A=0x7ffffffffffffdd0
4126000: system.cpu: T0 : 0x16dbe    : c_sdsp s1, 104(sp)         : MemWrite :  D=0x000000000001304e A=0x7ffffffffffffdc8
4126500: system.cpu: T0 : 0x16dc0    : c_sdsp s2, 96(sp)          : MemWrite :  D=0x0000000000000000 A=0x7ffffffffffffdc0
4127000: system.cpu: T0 : 0x16dc2    : c_sdsp s3, 88(sp)          : MemWrite :  D=0x0000000000000000 A=0x7ffffffffffffdb8
4127500: system.cpu: T0 : 0x16dc4    : c_sdsp s4, 80(sp)          : MemWrite :  D=0x0000000000000000 A=0x7ffffffffffffdb0
4128000: system.cpu: T0 : 0x16dc6    : c_sdsp s5, 72(sp)          : MemWrite :  D=0x0000000000000000 A=0x7ffffffffffffda8
4128500: system.cpu: T0 : 0x16dc8    : c_sdsp s8, 48(sp)          : MemWrite :  D=0x0000000000000000 A=0x7ffffffffffffd90
4129000: system.cpu: T0 : 0x16dca    : c_sdsp s9, 40(sp)          : MemWrite :  D=0x0000000000000000 A=0x7ffffffffffffd88
4129500: system.cpu: T0 : 0x16dcc    : c_sdsp s10, 32(sp)         : MemWrite :  D=0x0000000000000000 A=0x7ffffffffffffd80
4130000: system.cpu: T0 : 0x16dce    : c_sdsp s11, 24(sp)         : MemWrite :  D=0x0000000000000000 A=0x7ffffffffffffd78
4130500: system.cpu: T0 : 0x16dd0    : addi a5, zero, 0           : IntAlu :  D=0x0000000000000000
4131000: system.cpu: T0 : 0x16dd4    : c_sdsp a2, 8(sp)           : MemWrite :  D=0x0000000000000001 A=0x7ffffffffffffd68
4131500: system.cpu: T0 : 0x16dd6    : c_mv s6, a0                : IntAlu :  D=0x0000000000000000
4132000: system.cpu: T0 : 0x16dd8    : c_mv s7, a1                : IntAlu :  D=0x0000000000072ba0
4132500: system.cpu: T0 : 0x16dda    : c_beqz a5, 6               : IntAlu : 
4133000: system.cpu: T0 : 0x16de0    : lui s9, 116                : IntAlu :  D=0x0000000000074000
4133500: system.cpu: T0 : 0x16de4    : lui s11, 116               : IntAlu :  D=0x0000000000074000
4134000: system.cpu: T0 : 0x16de8    : c_li s4, 0                 : IntAlu :  D=0x0000000000000000
4134500: system.cpu: T0 : 0x16dea    : c_li s3, 1                 : IntAlu :  D=0x0000000000000001
4135000: system.cpu: T0 : 0x16dec    : c_li a4, 1                 : IntAlu :  D=0x0000000000000001
4136000: system.cpu: T0 : 0x16dee    : addi a3, s9, 520           : IntAlu :  D=0x0000000000074208
4137000: system.cpu: T0 : 0x16df2    : lr_w a5, (a3)             
4137000: system.cpu: T0 : 0x16df2. 0 : lr_w a5, (a3)              : MemRead :  D=0x0000000000000000 A=0x74208
4137500: system.cpu: T0 : 0x16df6    : c_bnez a5, 8               : IntAlu : 
4138000: system.cpu: T0 : 0x16df8    : sc_w_aq a2, a4, (a3)      
4138000: system.cpu: T0 : 0x16df8. 0 : sc_w a2, a4, (a3)          : MemWrite :  D=0x0000000000000000 A=0x74208
4138500: system.cpu: T0 : 0x16df8. 1 : 0x1ce6a62f fence           : No_OpClass : 
4139000: system.cpu: T0 : 0x16dfc    : c_bnez a2, -10             : IntAlu : 
4139500: system.cpu: T0 : 0x16dfe    : c_addiw a5, 0              : IntAlu :  D=0x0000000000000000
4140000: system.cpu: T0 : 0x16e00    : bne a5, zero, 338          : IntAlu : 
4140500: system.cpu: T0 : 0x16e04    : ld s10, 0(s7)              : MemRead :  D=0x0000000000073488 A=0x72ba0
4141000: system.cpu: T0 : 0x16e08    : beq s10, zero, 152         : IntAlu : 
4141500: system.cpu: T0 : 0x16e0c    : c_li s5, 3                 : IntAlu :  D=0x0000000000000003
4142000: system.cpu: T0 : 0x16e0e    : c_li s2, 4                 : IntAlu :  D=0x0000000000000004
4142500: system.cpu: T0 : 0x16e10    : c_li s1, 2                 : IntAlu :  D=0x0000000000000002
4143000: system.cpu: T0 : 0x16e12    : c_li s0, 1                 : IntAlu :  D=0x0000000000000001
4143500: system.cpu: T0 : 0x16e14    : c_j 34                     : IntAlu : 
4144500: system.cpu: T0 : 0x16e36    : ld a5, 8(s10)              : MemRead :  D=0x0000000000000001 A=0x73490
4145000: system.cpu: T0 : 0x16e3a    : c_beqz a5, 222             : IntAlu : 
4145500: system.cpu: T0 : 0x16e3c    : ld s8, 528(s11)            : MemRead :  D=0x0000000000000001 A=0x74210
4146000: system.cpu: T0 : 0x16e40    : c_addi a5, -1              : IntAlu :  D=0x0000000000000000
4147000: system.cpu: T0 : 0x16e42    : sd a5, 8(s10)              : MemWrite :  D=0x0000000000000000 A=0x73490
4147500: system.cpu: T0 : 0x16e46    : c_mv a4, s4                : IntAlu :  D=0x0000000000000000
4148000: system.cpu: T0 : 0x16e48    : addi a3, s9, 520           : IntAlu :  D=0x0000000000074208
4148500: system.cpu: T0 : 0x16e4c    : fence iorw, ow             : No_OpClass : 
4149000: system.cpu: T0 : 0x16e50    : amoswap_w a4, a4, (a3)    
4149000: system.cpu: T0 : 0x16e50. 0 : amoswap_w[l] a4, a4, (a3)  : MemRead :  D=0x0000000000000001 A=0x74208
4149500: system.cpu: T0 : 0x16e54    : c_addiw a4, 0              : IntAlu :  D=0x0000000000000001
4150500: system.cpu: T0 : 0x16e56    : blt s3, a4, 172            : IntAlu : 
4151000: system.cpu: T0 : 0x16e5a    : c_slli a5, 5               : IntAlu :  D=0x0000000000000000
4151500: system.cpu: T0 : 0x16e5c    : c_add a5, s10              : IntAlu :  D=0x0000000000073488
4152000: system.cpu: T0 : 0x16e5e    : c_ld a4, 16(a5)            : MemRead :  D=0x0000000000000004 A=0x73498
4152500: system.cpu: T0 : 0x16e60    : beq a4, s5, 146            : IntAlu : 
4153000: system.cpu: T0 : 0x16e64    : bne a4, s2, -78            : IntAlu : 
4153500: system.cpu: T0 : 0x16e68    : c_ld a4, 24(a5)            : MemRead :  D=0x000000000001304e A=0x734a0
4154000: system.cpu: T0 : 0x16e6a    : c_ld a0, 32(a5)            : MemRead :  D=0x0000000000000000 A=0x734a8
4154500: system.cpu: T0 : 0x16e6c    : sd zero, 16(a5)            : MemWrite :  D=0x0000000000000000 A=0x73498
4155000: system.cpu: T0 : 0x16e70    : c_mv a1, s6                : IntAlu :  D=0x0000000000000000
4155500: system.cpu: T0 : 0x16e72    : c_jalr a4                  : IntAlu :  D=0x0000000000016e74
4156000: system.cpu: T0 : 0x1304e    : c_addi sp, -32             : IntAlu :  D=0x7ffffffffffffd40
4156500: system.cpu: T0 : 0x13050    : c_sdsp s0, 16(sp)          : MemWrite :  D=0x0000000000000001 A=0x7ffffffffffffd50
4157500: system.cpu: T0 : 0x13052    : lui a5, 113                : IntAlu :  D=0x0000000000071000
4158500: system.cpu: T0 : 0x13056    : lui s0, 113                : IntAlu :  D=0x0000000000071000
4159500: system.cpu: T0 : 0x1305a    : addi s0, s0, -1280         : IntAlu :  D=0x0000000000070b00
4160500: system.cpu: T0 : 0x1305e    : addi a5, a5, -1264         : IntAlu :  D=0x0000000000070b10
4161000: system.cpu: T0 : 0x13062    : c_sub a5, s0               : IntAlu :  D=0x0000000000000010
4161500: system.cpu: T0 : 0x13064    : c_sdsp ra, 24(sp)          : MemWrite :  D=0x0000000000016e74 A=0x7ffffffffffffd58
4162000: system.cpu: T0 : 0x13066    : c_sdsp s1, 8(sp)           : MemWrite :  D=0x0000000000000002 A=0x7ffffffffffffd48
4162500: system.cpu: T0 : 0x13068    : c_sdsp s2, 0(sp)           : MemWrite :  D=0x0000000000000004 A=0x7ffffffffffffd40
4163500: system.cpu: T0 : 0x1306a    : srai a4, a5, 3             : IntAlu :  D=0x0000000000000002
4164000: system.cpu: T0 : 0x1306e    : c_beqz a4, 24              : IntAlu : 
4164500: system.cpu: T0 : 0x13070    : c_addi a5, -8              : IntAlu :  D=0x0000000000000008
4165500: system.cpu: T0 : 0x13072    : addi s1, a4, -1            : IntAlu :  D=0x0000000000000001
4166000: system.cpu: T0 : 0x13076    : c_add s0, a5               : IntAlu :  D=0x0000000000070b08
4166500: system.cpu: T0 : 0x13078    : c_li s2, -1                : IntAlu :  D=0xffffffffffffffff
4167000: system.cpu: T0 : 0x1307a    : c_ld a5, 0(s0)             : MemRead :  D=0x0000000000010340 A=0x70b08
4167500: system.cpu: T0 : 0x1307c    : c_addi s1, -1              : IntAlu :  D=0x0000000000000000
4168000: system.cpu: T0 : 0x1307e    : c_addi s0, -8              : IntAlu :  D=0x0000000000070b00
4168500: system.cpu: T0 : 0x13080    : c_jalr a5                  : IntAlu :  D=0x0000000000013082
4169000: system.cpu: T0 : 0x10340    : addi a0, gp, 1680          : IntAlu :  D=0x00000000000739c0
4169500: system.cpu: T0 : 0x10344    : jal zero, 218794           : IntAlu :  D=0x0000000000010348
4170000: system.cpu: T0 : 0x459ee    : c_addi sp, -32             : IntAlu :  D=0x7ffffffffffffd20
4170500: system.cpu: T0 : 0x459f0    : c_sdsp s1, 8(sp)           : MemWrite :  D=0x0000000000000000 A=0x7ffffffffffffd28
4171000: system.cpu: T0 : 0x459f2    : c_ld s1, 0(a0)             : MemRead :  D=0x0000000000000000 A=0x739c0
4171500: system.cpu: T0 : 0x459f4    : c_sdsp ra, 24(sp)          : MemWrite :  D=0x0000000000013082 A=0x7ffffffffffffd38
4172000: system.cpu: T0 : 0x459f6    : c_sdsp s0, 16(sp)          : MemWrite :  D=0x0000000000070b00 A=0x7ffffffffffffd30
4172500: system.cpu: T0 : 0x459f8    : c_beqz s1, 20              : IntAlu : 
4173000: system.cpu: T0 : 0x45a0c    : c_ldsp ra, 24(sp)          : MemRead :  D=0x0000000000013082 A=0x7ffffffffffffd38
4173500: system.cpu: T0 : 0x45a0e    : c_ldsp s0, 16(sp)          : MemRead :  D=0x0000000000070b00 A=0x7ffffffffffffd30
4174000: system.cpu: T0 : 0x45a10    : c_ldsp s1, 8(sp)           : MemRead :  D=0x0000000000000000 A=0x7ffffffffffffd28
4174500: system.cpu: T0 : 0x45a12    : c_addi16sp sp, 32          : IntAlu :  D=0x7ffffffffffffd40
4175000: system.cpu: T0 : 0x45a14    : c_jr ra                    : IntAlu : 
4176000: system.cpu: T0 : 0x13082    : bne s1, s2, -8             : IntAlu : 
4176500: system.cpu: T0 : 0x1307a    : c_ld a5, 0(s0)             : MemRead :  D=0x00000000000103d6 A=0x70b00
4177000: system.cpu: T0 : 0x1307c    : c_addi s1, -1              : IntAlu :  D=0xffffffffffffffff
4177500: system.cpu: T0 : 0x1307e    : c_addi s0, -8              : IntAlu :  D=0x0000000000070af8
4178000: system.cpu: T0 : 0x13080    : c_jalr a5                  : IntAlu :  D=0x0000000000013082
4178500: system.cpu: T0 : 0x103d6    : c_addi sp, -16             : IntAlu :  D=0x7ffffffffffffd30
4179000: system.cpu: T0 : 0x103d8    : c_sdsp s0, 0(sp)           : MemWrite :  D=0x0000000000070af8 A=0x7ffffffffffffd30
4180000: system.cpu: T0 : 0x103da    : lbu a5, -1016(gp)          : MemRead :  D=0x0000000000000000 A=0x72f38
4180500: system.cpu: T0 : 0x103de    : c_sdsp ra, 8(sp)           : MemWrite :  D=0x0000000000013082 A=0x7ffffffffffffd38
4181000: system.cpu: T0 : 0x103e0    : c_bnez a5, 34              : IntAlu : 
4182000: system.cpu: T0 : 0x103e2    : jal ra, -96                : IntAlu :  D=0x00000000000103e6
4183000: system.cpu: T0 : 0x10382    : lui a0, 114                : IntAlu :  D=0x0000000000072000
4184000: system.cpu: T0 : 0x10386    : lui a4, 114                : IntAlu :  D=0x0000000000072000
4185000: system.cpu: T0 : 0x1038a    : addi a5, a0, 2032          : IntAlu :  D=0x00000000000727f0
4186000: system.cpu: T0 : 0x1038e    : addi a4, a4, 2032          : IntAlu :  D=0x00000000000727f0
4187000: system.cpu: T0 : 0x10392    : beq a4, a5, 18             : IntAlu : 
4187500: system.cpu: T0 : 0x103a4    : c_jr ra                    : IntAlu : 
4188500: system.cpu: T0 : 0x103e6    : lui a5, 79                 : IntAlu :  D=0x000000000004f000
4189500: system.cpu: T0 : 0x103ea    : addi a5, a5, -936          : IntAlu :  D=0x000000000004ec58
4190000: system.cpu: T0 : 0x103ee    : c_beqz a5, 14              : IntAlu : 
4190500: system.cpu: T0 : 0x103f0    : lui a0, 108                : IntAlu :  D=0x000000000006c000
4191000: system.cpu: T0 : 0x103f4    : addi a0, a0, 2000          : IntAlu :  D=0x000000000006c7d0
4191500: system.cpu: T0 : 0x103f8    : jal ra, 256096             : IntAlu :  D=0x00000000000103fc
4192000: system.cpu: T0 : 0x4ec58    : c_j -222                   : IntAlu : 
4192500: system.cpu: T0 : 0x4eb7a    : c_addi sp, -32             : IntAlu :  D=0x7ffffffffffffd10
4193000: system.cpu: T0 : 0x4eb7c    : c_sdsp ra, 24(sp)          : MemWrite :  D=0x00000000000103fc A=0x7ffffffffffffd28
4193500: system.cpu: T0 : 0x4eb7e    : c_sdsp s0, 16(sp)          : MemWrite :  D=0x0000000000070af8 A=0x7ffffffffffffd20
4194000: system.cpu: T0 : 0x4eb80    : c_sdsp s1, 8(sp)           : MemWrite :  D=0xffffffffffffffff A=0x7ffffffffffffd18
4194500: system.cpu: T0 : 0x4eb82    : c_sdsp s2, 0(sp)           : MemWrite :  D=0xffffffffffffffff A=0x7ffffffffffffd10
4195000: system.cpu: T0 : 0x4eb84    : c_beqz a0, 160             : IntAlu : 
4195500: system.cpu: T0 : 0x4eb86    : c_lw a5, 0(a0)             : MemRead :  D=0x000000000000001c A=0x6c7d0
4196000: system.cpu: T0 : 0x4eb88    : c_mv s1, a0                : IntAlu :  D=0x000000000006c7d0
4196500: system.cpu: T0 : 0x4eb8a    : c_beqz a5, 154             : IntAlu : 
4197000: system.cpu: T0 : 0x4eb8c    : auipc s2, 36               : IntAlu :  D=0x0000000000072b8c
4197500: system.cpu: T0 : 0x4eb90    : ld s2, -788(s2)            : MemRead :  D=0x0000000000000000 A=0x72878
4198000: system.cpu: T0 : 0x4eb94    : beq s2, zero, 22           : IntAlu : 
4199000: system.cpu: T0 : 0x4ebaa    : addi a2, gp, 1944          : IntAlu :  D=0x0000000000073ac8
4200000: system.cpu: T0 : 0x4ebae    : ld a5, 448(a2)             : MemRead :  D=0x0000000000072f40 A=0x73c88
4200500: system.cpu: T0 : 0x4ebb2    : c_beqz a5, 66              : IntAlu : 
4201000: system.cpu: T0 : 0x4ebb4    : auipc a3, 37               : IntAlu :  D=0x0000000000073bb4
4201500: system.cpu: T0 : 0x4ebb8    : addi a3, a3, 212           : IntAlu :  D=0x0000000000073c88
4202000: system.cpu: T0 : 0x4ebbc    : c_j 8                      : IntAlu : 
4202500: system.cpu: T0 : 0x4ebc4    : c_ld a4, 24(a5)            : MemRead :  D=0x000000000006c7d0 A=0x72f58
4203000: system.cpu: T0 : 0x4ebc6    : c_mv s0, a5                : IntAlu :  D=0x0000000000072f40
4203500: system.cpu: T0 : 0x4ebc8    : c_ld a5, 40(a5)            : MemRead :  D=0x0000000000000000 A=0x72f68
4204500: system.cpu: T0 : 0x4ebca    : bne s1, a4, -12            : IntAlu : 
4205000: system.cpu: T0 : 0x4ebce    : c_sd a5, 0(a3)             : MemWrite :  D=0x0000000000000000 A=0x73c88
4205500: system.cpu: T0 : 0x4ebd0    : beq s2, zero, 22           : IntAlu : 
4206000: system.cpu: T0 : 0x4ebe6    : c_ldsp ra, 24(sp)          : MemRead :  D=0x00000000000103fc A=0x7ffffffffffffd28
4206500: system.cpu: T0 : 0x4ebe8    : c_mv a0, s0                : IntAlu :  D=0x0000000000072f40
4207000: system.cpu: T0 : 0x4ebea    : c_ldsp s0, 16(sp)          : MemRead :  D=0x0000000000070af8 A=0x7ffffffffffffd20
4207500: system.cpu: T0 : 0x4ebec    : c_ldsp s1, 8(sp)           : MemRead :  D=0xffffffffffffffff A=0x7ffffffffffffd18
4208000: system.cpu: T0 : 0x4ebee    : c_ldsp s2, 0(sp)           : MemRead :  D=0xffffffffffffffff A=0x7ffffffffffffd10
4208500: system.cpu: T0 : 0x4ebf0    : c_addi16sp sp, 32          : IntAlu :  D=0x7ffffffffffffd30
4209000: system.cpu: T0 : 0x4ebf2    : c_jr ra                    : IntAlu : 
4209500: system.cpu: T0 : 0x103fc    : c_li a5, 1                 : IntAlu :  D=0x0000000000000001
4210500: system.cpu: T0 : 0x103fe    : sb a5, -1016(gp)           : MemWrite :  D=0x0000000000000001 A=0x72f38
4211000: system.cpu: T0 : 0x10402    : c_ldsp ra, 8(sp)           : MemRead :  D=0x0000000000013082 A=0x7ffffffffffffd38
4211500: system.cpu: T0 : 0x10404    : c_ldsp s0, 0(sp)           : MemRead :  D=0x0000000000070af8 A=0x7ffffffffffffd30
4212000: system.cpu: T0 : 0x10406    : c_addi sp, 16              : IntAlu :  D=0x7ffffffffffffd40
4212500: system.cpu: T0 : 0x10408    : c_jr ra                    : IntAlu : 
4213500: system.cpu: T0 : 0x13082    : bne s1, s2, -8             : IntAlu : 
4214000: system.cpu: T0 : 0x13086    : c_ldsp ra, 24(sp)          : MemRead :  D=0x0000000000016e74 A=0x7ffffffffffffd58
4214500: system.cpu: T0 : 0x13088    : c_ldsp s0, 16(sp)          : MemRead :  D=0x0000000000000001 A=0x7ffffffffffffd50
4215000: system.cpu: T0 : 0x1308a    : c_ldsp s1, 8(sp)           : MemRead :  D=0x0000000000000002 A=0x7ffffffffffffd48
4215500: system.cpu: T0 : 0x1308c    : c_ldsp s2, 0(sp)           : MemRead :  D=0x0000000000000004 A=0x7ffffffffffffd40
4216000: system.cpu: T0 : 0x1308e    : c_addi16sp sp, 32          : IntAlu :  D=0x7ffffffffffffd60
4216500: system.cpu: T0 : 0x13090    : c_jr ra                    : IntAlu : 
4217000: system.cpu: T0 : 0x16e74    : addi a4, s9, 520           : IntAlu :  D=0x0000000000074208
4217500: system.cpu: T0 : 0x16e78    : lr_w a5, (a4)             
4217500: system.cpu: T0 : 0x16e78. 0 : lr_w a5, (a4)              : MemRead :  D=0x0000000000000000 A=0x74208
4218000: system.cpu: T0 : 0x16e7c    : c_bnez a5, 8               : IntAlu : 
4219000: system.cpu: T0 : 0x16e7e    : sc_w_aq a3, s0, (a4)      
4219000: system.cpu: T0 : 0x16e7e. 0 : sc_w a3, s0, (a4)          : MemWrite :  D=0x0000000000000000 A=0x74208
4219500: system.cpu: T0 : 0x16e7e. 1 : 0x1c8726af fence           : No_OpClass : 
4220000: system.cpu: T0 : 0x16e82    : c_bnez a3, -10             : IntAlu : 
4220500: system.cpu: T0 : 0x16e84    : c_addiw a5, 0              : IntAlu :  D=0x0000000000000000
4221000: system.cpu: T0 : 0x16e86    : c_beqz a5, -88             : IntAlu : 
4222000: system.cpu: T0 : 0x16e2e    : ld a5, 528(s11)            : MemRead :  D=0x0000000000000001 A=0x74210
4223000: system.cpu: T0 : 0x16e32    : bne a5, s8, 102            : IntAlu : 
4224000: system.cpu: T0 : 0x16e36    : ld a5, 8(s10)              : MemRead :  D=0x0000000000000000 A=0x73490
4224500: system.cpu: T0 : 0x16e3a    : c_beqz a5, 222             : IntAlu : 
4225000: system.cpu: T0 : 0x16f18    : ld a5, 0(s10)              : MemRead :  D=0x0000000000000000 A=0x73488
4225500: system.cpu: T0 : 0x16f1c    : sd a5, 0(s7)               : MemWrite :  D=0x0000000000000000 A=0x72ba0
4226000: system.cpu: T0 : 0x16f20    : c_beqz a5, 8               : IntAlu : 
4226500: system.cpu: T0 : 0x16f28    : c_mv a5, s4                : IntAlu :  D=0x0000000000000000
4227500: system.cpu: T0 : 0x16f2a    : addi a4, s9, 520           : IntAlu :  D=0x0000000000074208
4228500: system.cpu: T0 : 0x16f2e    : fence iorw, ow             : No_OpClass : 
4229500: system.cpu: T0 : 0x16f32    : amoswap_w a5, a5, (a4)    
4229500: system.cpu: T0 : 0x16f32. 0 : amoswap_w[l] a5, a5, (a4)  : MemRead :  D=0x0000000000000001 A=0x74208
4230000: system.cpu: T0 : 0x16f36    : c_addiw a5, 0              : IntAlu :  D=0x0000000000000001
4230500: system.cpu: T0 : 0x16f38    : bge s3, a5, -332           : IntAlu : 
4231000: system.cpu: T0 : 0x16dec    : c_li a4, 1                 : IntAlu :  D=0x0000000000000001
4232000: system.cpu: T0 : 0x16dee    : addi a3, s9, 520           : IntAlu :  D=0x0000000000074208
4233000: system.cpu: T0 : 0x16df2    : lr_w a5, (a3)             
4233000: system.cpu: T0 : 0x16df2. 0 : lr_w a5, (a3)              : MemRead :  D=0x0000000000000000 A=0x74208
4233500: system.cpu: T0 : 0x16df6    : c_bnez a5, 8               : IntAlu : 
4234000: system.cpu: T0 : 0x16df8    : sc_w_aq a2, a4, (a3)      
4234000: system.cpu: T0 : 0x16df8. 0 : sc_w a2, a4, (a3)          : MemWrite :  D=0x0000000000000000 A=0x74208
4234500: system.cpu: T0 : 0x16df8. 1 : 0x1ce6a62f fence           : No_OpClass : 
4235000: system.cpu: T0 : 0x16dfc    : c_bnez a2, -10             : IntAlu : 
4235500: system.cpu: T0 : 0x16dfe    : c_addiw a5, 0              : IntAlu :  D=0x0000000000000000
4236000: system.cpu: T0 : 0x16e00    : bne a5, zero, 338          : IntAlu : 
4236500: system.cpu: T0 : 0x16e04    : ld s10, 0(s7)              : MemRead :  D=0x0000000000000000 A=0x72ba0
4237000: system.cpu: T0 : 0x16e08    : beq s10, zero, 152         : IntAlu : 
4237500: system.cpu: T0 : 0x16ea0    : c_li a4, 1                 : IntAlu :  D=0x0000000000000001
4238500: system.cpu: T0 : 0x16ea2    : sb a4, -1476(gp)           : MemWrite :  D=0x0000000000000001 A=0x72d6c
4239000: system.cpu: T0 : 0x16ea6    : c_li a5, 0                 : IntAlu :  D=0x0000000000000000
4239500: system.cpu: T0 : 0x16ea8    : addi a4, s9, 520           : IntAlu :  D=0x0000000000074208
4240000: system.cpu: T0 : 0x16eac    : fence iorw, ow             : No_OpClass : 
4240500: system.cpu: T0 : 0x16eb0    : amoswap_w a5, a5, (a4)    
4240500: system.cpu: T0 : 0x16eb0. 0 : amoswap_w[l] a5, a5, (a4)  : MemRead :  D=0x0000000000000001 A=0x74208
4241000: system.cpu: T0 : 0x16eb4    : c_addiw a5, 0              : IntAlu :  D=0x0000000000000001
4241500: system.cpu: T0 : 0x16eb6    : c_li a4, 1                 : IntAlu :  D=0x0000000000000001
4242000: system.cpu: T0 : 0x16eb8    : blt a4, a5, 174            : IntAlu : 
4242500: system.cpu: T0 : 0x16ebc    : c_ldsp a5, 8(sp)           : MemRead :  D=0x0000000000000001 A=0x7ffffffffffffd68
4243000: system.cpu: T0 : 0x16ebe    : c_beqz a5, 46              : IntAlu : 
4243500: system.cpu: T0 : 0x16ec0    : lui s0, 108                : IntAlu :  D=0x000000000006c000
4244000: system.cpu: T0 : 0x16ec4    : lui a5, 108                : IntAlu :  D=0x000000000006c000
4244500: system.cpu: T0 : 0x16ec8    : addi s1, s0, 1952          : IntAlu :  D=0x000000000006c7a0
4245000: system.cpu: T0 : 0x16ecc    : addi a5, a5, 1960          : IntAlu :  D=0x000000000006c7a8
4245500: system.cpu: T0 : 0x16ed0    : bgeu s1, a5, 28            : IntAlu : 
4246000: system.cpu: T0 : 0x16ed4    : c_addi a5, -1              : IntAlu :  D=0x000000000006c7a7
4246500: system.cpu: T0 : 0x16ed6    : c_sub a5, s1               : IntAlu :  D=0x0000000000000007
4247000: system.cpu: T0 : 0x16ed8    : c_andi a5, 18446744073709551608 : IntAlu :  D=0x0000000000000000
4247500: system.cpu: T0 : 0x16eda    : c_addi a5, 8               : IntAlu :  D=0x0000000000000008
4248000: system.cpu: T0 : 0x16edc    : c_add s1, a5               : IntAlu :  D=0x000000000006c7a8
4249000: system.cpu: T0 : 0x16ede    : addi s0, s0, 1952          : IntAlu :  D=0x000000000006c7a0
4249500: system.cpu: T0 : 0x16ee2    : c_ld a5, 0(s0)             : MemRead :  D=0x000000000001be0e A=0x6c7a0
4250000: system.cpu: T0 : 0x16ee4    : c_addi s0, 8               : IntAlu :  D=0x000000000006c7a8
4250500: system.cpu: T0 : 0x16ee6    : c_jalr a5                  : IntAlu :  D=0x0000000000016ee8
4251000: system.cpu: T0 : 0x1be0e    : c_addi16sp sp, -176        : IntAlu :  D=0x7ffffffffffffcb0
4251500: system.cpu: T0 : 0x1be10    : c_sdsp s6, 112(sp)         : MemWrite :  D=0x0000000000000000 A=0x7ffffffffffffd20
4252500: system.cpu: T0 : 0x1be12    : lui s6, 113                : IntAlu :  D=0x0000000000071000
4253500: system.cpu: T0 : 0x1be16    : ld a5, -1264(s6)           : MemRead :  D=0x6c6e776f442f2e00 A=0x70b10
4254000: system.cpu: T0 : 0x1be1a    : c_sdsp s3, 136(sp)         : MemWrite :  D=0x0000000000000001 A=0x7ffffffffffffd38
4254500: system.cpu: T0 : 0x1be1c    : c_li a0, 0                 : IntAlu :  D=0x0000000000000000
4255000: system.cpu: T0 : 0x1be1e    : c_sdsp s5, 120(sp)         : MemWrite :  D=0x0000000000000003 A=0x7ffffffffffffd28
4255500: system.cpu: T0 : 0x1be20    : c_sdsp ra, 168(sp)         : MemWrite :  D=0x0000000000016ee8 A=0x7ffffffffffffd58
4256000: system.cpu: T0 : 0x1be22    : c_sdsp s0, 160(sp)         : MemWrite :  D=0x000000000006c7a8 A=0x7ffffffffffffd50
4256500: system.cpu: T0 : 0x1be24    : c_sdsp s1, 152(sp)         : MemWrite :  D=0x000000000006c7a8 A=0x7ffffffffffffd48
4257000: system.cpu: T0 : 0x1be26    : c_sdsp s2, 144(sp)         : MemWrite :  D=0x0000000000000004 A=0x7ffffffffffffd40
4257500: system.cpu: T0 : 0x1be28    : c_sdsp s4, 128(sp)         : MemWrite :  D=0x0000000000000000 A=0x7ffffffffffffd30
4258000: system.cpu: T0 : 0x1be2a    : c_sdsp s7, 104(sp)         : MemWrite :  D=0x0000000000072ba0 A=0x7ffffffffffffd18
4258500: system.cpu: T0 : 0x1be2c    : c_sdsp s8, 96(sp)          : MemWrite :  D=0x0000000000000001 A=0x7ffffffffffffd10
4259000: system.cpu: T0 : 0x1be2e    : c_sdsp s9, 88(sp)          : MemWrite :  D=0x0000000000074000 A=0x7ffffffffffffd08
4259500: system.cpu: T0 : 0x1be30    : c_sdsp s10, 80(sp)         : MemWrite :  D=0x0000000000000000 A=0x7ffffffffffffd00
4260000: system.cpu: T0 : 0x1be32    : c_sdsp s11, 72(sp)         : MemWrite :  D=0x0000000000074000 A=0x7ffffffffffffcf8
4260500: system.cpu: T0 : 0x1be34    : c_sdsp a5, 56(sp)          : MemWrite :  D=0x6c6e776f442f2e00 A=0x7ffffffffffffce8
4261500: system.cpu: T0 : 0x1be36    : addi s3, zero, 0           : IntAlu :  D=0x0000000000000000
4262500: system.cpu: T0 : 0x1be3a    : jal ra, -556               : IntAlu :  D=0x000000000001be3e
4263000: system.cpu: T0 : 0x1bc0e    : c_addi16sp sp, -176        : IntAlu :  D=0x7ffffffffffffc00
4263500: system.cpu: T0 : 0x1bc10    : c_sdsp s5, 120(sp)         : MemWrite :  D=0x0000000000000003 A=0x7ffffffffffffc78
4264500: system.cpu: T0 : 0x1bc12    : lui s5, 113                : IntAlu :  D=0x0000000000071000
4265500: system.cpu: T0 : 0x1bc16    : ld a5, -1264(s5)           : MemRead :  D=0x6c6e776f442f2e00 A=0x70b10
4266000: system.cpu: T0 : 0x1bc1a    : c_sdsp s3, 136(sp)         : MemWrite :  D=0x0000000000000000 A=0x7ffffffffffffc88
4266500: system.cpu: T0 : 0x1bc1c    : c_sdsp s9, 88(sp)          : MemWrite :  D=0x0000000000074000 A=0x7ffffffffffffc58
4267000: system.cpu: T0 : 0x1bc1e    : c_sdsp ra, 168(sp)         : MemWrite :  D=0x000000000001be3e A=0x7ffffffffffffca8
4267500: system.cpu: T0 : 0x1bc20    : c_sdsp s0, 160(sp)         : MemWrite :  D=0x000000000006c7a8 A=0x7ffffffffffffca0
4268000: system.cpu: T0 : 0x1bc22    : c_sdsp s1, 152(sp)         : MemWrite :  D=0x000000000006c7a8 A=0x7ffffffffffffc98
4268500: system.cpu: T0 : 0x1bc24    : c_sdsp s2, 144(sp)         : MemWrite :  D=0x0000000000000004 A=0x7ffffffffffffc90
4269000: system.cpu: T0 : 0x1bc26    : c_sdsp s4, 128(sp)         : MemWrite :  D=0x0000000000000000 A=0x7ffffffffffffc80
4269500: system.cpu: T0 : 0x1bc28    : c_sdsp s6, 112(sp)         : MemWrite :  D=0x0000000000071000 A=0x7ffffffffffffc70
4270000: system.cpu: T0 : 0x1bc2a    : c_sdsp s7, 104(sp)         : MemWrite :  D=0x0000000000072ba0 A=0x7ffffffffffffc68
4270500: system.cpu: T0 : 0x1bc2c    : c_sdsp s8, 96(sp)          : MemWrite :  D=0x0000000000000001 A=0x7ffffffffffffc60
4271000: system.cpu: T0 : 0x1bc2e    : c_sdsp s10, 80(sp)         : MemWrite :  D=0x0000000000000000 A=0x7ffffffffffffc50
4271500: system.cpu: T0 : 0x1bc30    : c_sdsp s11, 72(sp)         : MemWrite :  D=0x0000000000074000 A=0x7ffffffffffffc48
4272000: system.cpu: T0 : 0x1bc32    : c_sdsp a5, 56(sp)          : MemWrite :  D=0x6c6e776f442f2e00 A=0x7ffffffffffffc38
4272500: system.cpu: T0 : 0x1bc34    : addi s3, zero, 0           : IntAlu :  D=0x0000000000000000
4273000: system.cpu: T0 : 0x1bc38    : c_mv s9, a0                : IntAlu :  D=0x0000000000000000
4274000: system.cpu: T0 : 0x1bc3a    : beq s3, zero, 428          : IntAlu : 
4274500: system.cpu: T0 : 0x1bde6    : c_lui a5, 27               : IntAlu :  D=0x000000000001b000
4275000: system.cpu: T0 : 0x1bde8    : addi a5, a5, -412          : IntAlu :  D=0x000000000001ae64
4275500: system.cpu: T0 : 0x1bdec    : c_sdsp a5, 24(sp)          : MemWrite :  D=0x000000000001ae64 A=0x7ffffffffffffc18
4276000: system.cpu: T0 : 0x1bdee    : c_sdsp zero, 32(sp)        : MemWrite :  D=0x0000000000000000 A=0x7ffffffffffffc20
4276500: system.cpu: T0 : 0x1bdf0    : c_j -416                   : IntAlu : 
4277000: system.cpu: T0 : 0x1bc50    : addi s8, gp, 1384          : IntAlu :  D=0x0000000000073898
4277500: system.cpu: T0 : 0x1bc54    : ld a5, 8(s8)               : MemRead :  D=0x0000000000000000 A=0x738a0
4278000: system.cpu: T0 : 0x1bc58    : addi s0, tp, -1808         : IntAlu :  D=0x0000000000075000
4278500: system.cpu: T0 : 0x1bc5c    : beq a5, s0, 28             : IntAlu : 
4279000: system.cpu: T0 : 0x1bc60    : c_li a3, 1                 : IntAlu :  D=0x0000000000000001
4280000: system.cpu: T0 : 0x1bc62    : lr_w a5, (s8)             
4280000: system.cpu: T0 : 0x1bc62. 0 : lr_w a5, (s8)              : MemRead :  D=0x0000000000000000 A=0x73898
4280500: system.cpu: T0 : 0x1bc66    : c_bnez a5, 8               : IntAlu : 
4281000: system.cpu: T0 : 0x1bc68    : sc_w_aq a4, a3, (s8)      
4281000: system.cpu: T0 : 0x1bc68. 0 : sc_w a4, a3, (s8)          : MemWrite :  D=0x0000000000000000 A=0x73898
4281500: system.cpu: T0 : 0x1bc68. 1 : 0x1cdc272f fence           : No_OpClass : 
4282000: system.cpu: T0 : 0x1bc6c    : c_bnez a4, -10             : IntAlu : 
4282500: system.cpu: T0 : 0x1bc6e    : c_addiw a5, 0              : IntAlu :  D=0x0000000000000000
4283000: system.cpu: T0 : 0x1bc70    : bne a5, zero, 386          : IntAlu : 
4283500: system.cpu: T0 : 0x1bc74    : sd s0, 8(s8)               : MemWrite :  D=0x0000000000075000 A=0x738a0
4284000: system.cpu: T0 : 0x1bc78    : lw a4, 4(s8)               : MemRead :  D=0x0000000000000000 A=0x7389c
4284500: system.cpu: T0 : 0x1bc7c    : ld s0, -1920(gp)           : MemRead :  D=0x0000000000071000 A=0x72bb0
4285000: system.cpu: T0 : 0x1bc80    : addiw a3, a4, 1            : IntAlu :  D=0x0000000000000001
4285500: system.cpu: T0 : 0x1bc84    : sw a3, 4(s8)               : MemWrite :  D=0x0000000000000001 A=0x7389c
4286000: system.cpu: T0 : 0x1bc88    : beq s0, zero, 382          : IntAlu : 
4286500: system.cpu: T0 : 0x1bc8c    : lui s1, 108                : IntAlu :  D=0x000000000006c000
4287000: system.cpu: T0 : 0x1bc90    : lui s2, 108                : IntAlu :  D=0x000000000006c000
4287500: system.cpu: T0 : 0x1bc94    : addi s2, s2, 440           : IntAlu :  D=0x000000000006c1b8
4288000: system.cpu: T0 : 0x1bc98    : addi s1, s1, 1952          : IntAlu :  D=0x000000000006c7a0
4288500: system.cpu: T0 : 0x1bc9c    : c_li s4, 0                 : IntAlu :  D=0x0000000000000000
4289000: system.cpu: T0 : 0x1bc9e    : c_lui s11, 8               : IntAlu :  D=0x0000000000008000
4289500: system.cpu: T0 : 0x1bca0    : c_li s6, 1                 : IntAlu :  D=0x0000000000000001
4290500: system.cpu: T0 : 0x1bca2    : sub s1, s1, s2             : IntAlu :  D=0x00000000000005e8
4291500: system.cpu: T0 : 0x1bca6    : sd s0, -1456(gp)           : MemWrite :  D=0x0000000000071000 A=0x72d80
4292500: system.cpu: T0 : 0x1bcaa    : beq s9, zero, 54           : IntAlu : 
4293000: system.cpu: T0 : 0x1bce0    : lw a5, 192(s0)             : MemRead :  D=0x0000000000000000 A=0x710c0
4293500: system.cpu: T0 : 0x1bce4    : bge zero, a5, 150          : IntAlu : 
4294000: system.cpu: T0 : 0x1bd7a    : c_ld a3, 40(s0)            : MemRead :  D=0x0000000000000000 A=0x71028
4294500: system.cpu: T0 : 0x1bd7c    : c_ld a5, 32(s0)            : MemRead :  D=0x0000000000000000 A=0x71020
4295500: system.cpu: T0 : 0x1bd7e    : bgeu a5, a3, -116          : IntAlu : 
4296500: system.cpu: T0 : 0x1bd0a    : beq s9, zero, 28           : IntAlu : 
4297000: system.cpu: T0 : 0x1bd26    : c_ld s0, 104(s0)           : MemRead :  D=0x00000000000711c8 A=0x71068
4297500: system.cpu: T0 : 0x1bd28    : sd zero, -1456(gp)         : MemWrite :  D=0x0000000000000000 A=0x72d80
4298000: system.cpu: T0 : 0x1bd2c    : c_bnez s0, -134            : IntAlu : 
4299000: system.cpu: T0 : 0x1bca6    : sd s0, -1456(gp)           : MemWrite :  D=0x00000000000711c8 A=0x72d80
4300000: system.cpu: T0 : 0x1bcaa    : beq s9, zero, 54           : IntAlu : 
4300500: system.cpu: T0 : 0x1bce0    : lw a5, 192(s0)             : MemRead :  D=0x0000000000000000 A=0x71288
4301000: system.cpu: T0 : 0x1bce4    : bge zero, a5, 150          : IntAlu : 
4301500: system.cpu: T0 : 0x1bd7a    : c_ld a3, 40(s0)            : MemRead :  D=0x0000000000000000 A=0x711f0
4302000: system.cpu: T0 : 0x1bd7c    : c_ld a5, 32(s0)            : MemRead :  D=0x0000000000000000 A=0x711e8
4303000: system.cpu: T0 : 0x1bd7e    : bgeu a5, a3, -116          : IntAlu : 
4304000: system.cpu: T0 : 0x1bd0a    : beq s9, zero, 28           : IntAlu : 
4304500: system.cpu: T0 : 0x1bd26    : c_ld s0, 104(s0)           : MemRead :  D=0x0000000000071390 A=0x71230
4305000: system.cpu: T0 : 0x1bd28    : sd zero, -1456(gp)         : MemWrite :  D=0x0000000000000000 A=0x72d80
4305500: system.cpu: T0 : 0x1bd2c    : c_bnez s0, -134            : IntAlu : 
4306500: system.cpu: T0 : 0x1bca6    : sd s0, -1456(gp)           : MemWrite :  D=0x0000000000071390 A=0x72d80
4307500: system.cpu: T0 : 0x1bcaa    : beq s9, zero, 54           : IntAlu : 
4308000: system.cpu: T0 : 0x1bce0    : lw a5, 192(s0)             : MemRead :  D=0x0000000000000000 A=0x71450
4308500: system.cpu: T0 : 0x1bce4    : bge zero, a5, 150          : IntAlu : 
4309000: system.cpu: T0 : 0x1bd7a    : c_ld a3, 40(s0)            : MemRead :  D=0x0000000000000000 A=0x713b8
4309500: system.cpu: T0 : 0x1bd7c    : c_ld a5, 32(s0)            : MemRead :  D=0x0000000000000000 A=0x713b0
4310500: system.cpu: T0 : 0x1bd7e    : bgeu a5, a3, -116          : IntAlu : 
4311500: system.cpu: T0 : 0x1bd0a    : beq s9, zero, 28           : IntAlu : 
4312000: system.cpu: T0 : 0x1bd26    : c_ld s0, 104(s0)           : MemRead :  D=0x0000000000000000 A=0x713f8
4312500: system.cpu: T0 : 0x1bd28    : sd zero, -1456(gp)         : MemWrite :  D=0x0000000000000000 A=0x72d80
4313000: system.cpu: T0 : 0x1bd2c    : c_bnez s0, -134            : IntAlu : 
4314000: system.cpu: T0 : 0x1bd2e    : lw a5, 4(s8)               : MemRead :  D=0x0000000000000001 A=0x7389c
4315000: system.cpu: T0 : 0x1bd32    : addiw a4, a5, -1           : IntAlu :  D=0x0000000000000000
4316000: system.cpu: T0 : 0x1bd36    : sw a4, 4(s8)               : MemWrite :  D=0x0000000000000000 A=0x7389c
4316500: system.cpu: T0 : 0x1bd3a    : c_beqz a4, 128             : IntAlu : 
4317500: system.cpu: T0 : 0x1bdba    : sd zero, 8(s8)             : MemWrite :  D=0x0000000000000000 A=0x738a0
4318000: system.cpu: T0 : 0x1bdbe    : c_mv a5, a4                : IntAlu :  D=0x0000000000000000
4318500: system.cpu: T0 : 0x1bdc0    : fence iorw, ow             : No_OpClass : 
4319000: system.cpu: T0 : 0x1bdc4    : amoswap_w a5, a5, (s8)    
4319000: system.cpu: T0 : 0x1bdc4. 0 : amoswap_w[l] a5, a5, (s8)  : MemRead :  D=0x0000000000000001 A=0x73898
4319500: system.cpu: T0 : 0x1bdc8    : c_addiw a5, 0              : IntAlu :  D=0x0000000000000001
4320000: system.cpu: T0 : 0x1bdca    : c_li a4, 1                 : IntAlu :  D=0x0000000000000001
4320500: system.cpu: T0 : 0x1bdcc    : bge a4, a5, -144           : IntAlu : 
4321000: system.cpu: T0 : 0x1bd3c    : beq s3, zero, 16           : IntAlu : 
4321500: system.cpu: T0 : 0x1bd4c    : c_ldsp a4, 56(sp)          : MemRead :  D=0x6c6e776f442f2e00 A=0x7ffffffffffffc38
4322500: system.cpu: T0 : 0x1bd4e    : ld a5, -1264(s5)           : MemRead :  D=0x6c6e776f442f2e00 A=0x70b10
4323500: system.cpu: T0 : 0x1bd52    : bne a4, a5, 184            : IntAlu : 
4324000: system.cpu: T0 : 0x1bd56    : c_ldsp ra, 168(sp)         : MemRead :  D=0x000000000001be3e A=0x7ffffffffffffca8
4324500: system.cpu: T0 : 0x1bd58    : c_ldsp s0, 160(sp)         : MemRead :  D=0x000000000006c7a8 A=0x7ffffffffffffca0
4325000: system.cpu: T0 : 0x1bd5a    : c_ldsp s1, 152(sp)         : MemRead :  D=0x000000000006c7a8 A=0x7ffffffffffffc98
4325500: system.cpu: T0 : 0x1bd5c    : c_ldsp s2, 144(sp)         : MemRead :  D=0x0000000000000004 A=0x7ffffffffffffc90
4326000: system.cpu: T0 : 0x1bd5e    : c_ldsp s3, 136(sp)         : MemRead :  D=0x0000000000000000 A=0x7ffffffffffffc88
4326500: system.cpu: T0 : 0x1bd60    : c_ldsp s5, 120(sp)         : MemRead :  D=0x0000000000000003 A=0x7ffffffffffffc78
4327000: system.cpu: T0 : 0x1bd62    : c_ldsp s6, 112(sp)         : MemRead :  D=0x0000000000071000 A=0x7ffffffffffffc70
4327500: system.cpu: T0 : 0x1bd64    : c_ldsp s7, 104(sp)         : MemRead :  D=0x0000000000072ba0 A=0x7ffffffffffffc68
4328000: system.cpu: T0 : 0x1bd66    : c_ldsp s8, 96(sp)          : MemRead :  D=0x0000000000000001 A=0x7ffffffffffffc60
4328500: system.cpu: T0 : 0x1bd68    : c_ldsp s9, 88(sp)          : MemRead :  D=0x0000000000074000 A=0x7ffffffffffffc58
4329000: system.cpu: T0 : 0x1bd6a    : c_ldsp s10, 80(sp)         : MemRead :  D=0x0000000000000000 A=0x7ffffffffffffc50
4329500: system.cpu: T0 : 0x1bd6c    : c_ldsp s11, 72(sp)         : MemRead :  D=0x0000000000074000 A=0x7ffffffffffffc48
4330000: system.cpu: T0 : 0x1bd6e    : c_mv a0, s4                : IntAlu :  D=0x0000000000000000
4330500: system.cpu: T0 : 0x1bd70    : c_ldsp s4, 128(sp)         : MemRead :  D=0x0000000000000000 A=0x7ffffffffffffc80
4331000: system.cpu: T0 : 0x1bd72    : c_addi16sp sp, 176         : IntAlu :  D=0x7ffffffffffffcb0
4331500: system.cpu: T0 : 0x1bd74    : c_jr ra                    : IntAlu : 
4332000: system.cpu: T0 : 0x1be3e    : c_mv s5, a0                : IntAlu :  D=0x0000000000000000
4332500: system.cpu: T0 : 0x1be40    : beq s3, zero, 482          : IntAlu : 
4333000: system.cpu: T0 : 0x1c022    : c_lui a5, 27               : IntAlu :  D=0x000000000001b000
4333500: system.cpu: T0 : 0x1c024    : addi a5, a5, -412          : IntAlu :  D=0x000000000001ae64
4334000: system.cpu: T0 : 0x1c028    : c_sdsp a5, 24(sp)          : MemWrite :  D=0x000000000001ae64 A=0x7ffffffffffffcc8
4334500: system.cpu: T0 : 0x1c02a    : c_sdsp zero, 32(sp)        : MemWrite :  D=0x0000000000000000 A=0x7ffffffffffffcd0
4335000: system.cpu: T0 : 0x1c02c    : c_j -470                   : IntAlu : 
4336000: system.cpu: T0 : 0x1be56    : addi s1, gp, 1384          : IntAlu :  D=0x0000000000073898
4336500: system.cpu: T0 : 0x1be5a    : c_ld a5, 8(s1)             : MemRead :  D=0x0000000000000000 A=0x738a0
4337000: system.cpu: T0 : 0x1be5c    : addi s0, tp, -1808         : IntAlu :  D=0x0000000000075000
4337500: system.cpu: T0 : 0x1be60    : beq s0, a5, 26             : IntAlu : 
4338000: system.cpu: T0 : 0x1be64    : c_li a4, 1                 : IntAlu :  D=0x0000000000000001
4339000: system.cpu: T0 : 0x1be66    : lr_w a5, (s1)             
4339000: system.cpu: T0 : 0x1be66. 0 : lr_w a5, (s1)              : MemRead :  D=0x0000000000000000 A=0x73898
4339500: system.cpu: T0 : 0x1be6a    : c_bnez a5, 8               : IntAlu : 
4340000: system.cpu: T0 : 0x1be6c    : sc_w_aq a3, a4, (s1)      
4340000: system.cpu: T0 : 0x1be6c. 0 : sc_w a3, a4, (s1)          : MemWrite :  D=0x0000000000000000 A=0x73898
4340500: system.cpu: T0 : 0x1be6c. 1 : 0x1ce4a6af fence           : No_OpClass : 
4341000: system.cpu: T0 : 0x1be70    : c_bnez a3, -10             : IntAlu : 
4341500: system.cpu: T0 : 0x1be72    : c_addiw a5, 0              : IntAlu :  D=0x0000000000000000
4342000: system.cpu: T0 : 0x1be74    : bne a5, zero, 442          : IntAlu : 
4342500: system.cpu: T0 : 0x1be78    : c_sd s0, 8(s1)             : MemWrite :  D=0x0000000000075000 A=0x738a0
4343000: system.cpu: T0 : 0x1be7a    : c_lw a3, 4(s1)             : MemRead :  D=0x0000000000000000 A=0x7389c
4343500: system.cpu: T0 : 0x1be7c    : ld s0, -1920(gp)           : MemRead :  D=0x0000000000071000 A=0x72bb0
4344000: system.cpu: T0 : 0x1be80    : addiw a4, a3, 1            : IntAlu :  D=0x0000000000000001
4344500: system.cpu: T0 : 0x1be84    : c_sw a4, 4(s1)             : MemWrite :  D=0x0000000000000001 A=0x7389c
4345000: system.cpu: T0 : 0x1be86    : c_beqz s0, 202             : IntAlu : 
4345500: system.cpu: T0 : 0x1be88    : lui s2, 108                : IntAlu :  D=0x000000000006c000
4346000: system.cpu: T0 : 0x1be8c    : lui s4, 108                : IntAlu :  D=0x000000000006c000
4346500: system.cpu: T0 : 0x1be90    : addi s4, s4, 440           : IntAlu :  D=0x000000000006c1b8
4347000: system.cpu: T0 : 0x1be94    : addi s2, s2, 1952          : IntAlu :  D=0x000000000006c7a0
4347500: system.cpu: T0 : 0x1be98    : sub s2, s2, s4             : IntAlu :  D=0x00000000000005e8
4348000: system.cpu: T0 : 0x1be9c    : c_li s9, 2                 : IntAlu :  D=0x0000000000000002
4348500: system.cpu: T0 : 0x1be9e    : c_j 12                     : IntAlu : 
4349000: system.cpu: T0 : 0x1beaa    : c_lw a5, 0(s0)             : MemRead :  D=0xfffffffffbad2086 A=0x71000
4349500: system.cpu: T0 : 0x1beac    : c_andi a5, 2               : IntAlu :  D=0x0000000000000002
4350500: system.cpu: T0 : 0x1beae    : addiw s8, a5, 0            : IntAlu :  D=0x0000000000000002
4351000: system.cpu: T0 : 0x1beb2    : c_bnez a5, -18             : IntAlu : 
4351500: system.cpu: T0 : 0x1bea0    : c_li a5, -1                : IntAlu :  D=0xffffffffffffffff
4352500: system.cpu: T0 : 0x1bea2    : sw a5, 192(s0)             : MemWrite :  D=0x00000000ffffffff A=0x710c0
4353000: system.cpu: T0 : 0x1bea6    : c_ld s0, 104(s0)           : MemRead :  D=0x00000000000711c8 A=0x71068
4353500: system.cpu: T0 : 0x1bea8    : c_beqz s0, 162             : IntAlu : 
4354000: system.cpu: T0 : 0x1beaa    : c_lw a5, 0(s0)             : MemRead :  D=0xfffffffffbad2084 A=0x711c8
4354500: system.cpu: T0 : 0x1beac    : c_andi a5, 2               : IntAlu :  D=0x0000000000000000
4355500: system.cpu: T0 : 0x1beae    : addiw s8, a5, 0            : IntAlu :  D=0x0000000000000000
4356000: system.cpu: T0 : 0x1beb2    : c_bnez a5, -18             : IntAlu : 
4356500: system.cpu: T0 : 0x1beb4    : lw a5, 192(s0)             : MemRead :  D=0x0000000000000000 A=0x71288
4357000: system.cpu: T0 : 0x1beb8    : c_beqz a5, -24             : IntAlu : 
4357500: system.cpu: T0 : 0x1bea0    : c_li a5, -1                : IntAlu :  D=0xffffffffffffffff
4358500: system.cpu: T0 : 0x1bea2    : sw a5, 192(s0)             : MemWrite :  D=0x00000000ffffffff A=0x71288
4359000: system.cpu: T0 : 0x1bea6    : c_ld s0, 104(s0)           : MemRead :  D=0x0000000000071390 A=0x71230
4359500: system.cpu: T0 : 0x1bea8    : c_beqz s0, 162             : IntAlu : 
4360000: system.cpu: T0 : 0x1beaa    : c_lw a5, 0(s0)             : MemRead :  D=0xfffffffffbad2088 A=0x71390
4360500: system.cpu: T0 : 0x1beac    : c_andi a5, 2               : IntAlu :  D=0x0000000000000000
4361500: system.cpu: T0 : 0x1beae    : addiw s8, a5, 0            : IntAlu :  D=0x0000000000000000
4362000: system.cpu: T0 : 0x1beb2    : c_bnez a5, -18             : IntAlu : 
4362500: system.cpu: T0 : 0x1beb4    : lw a5, 192(s0)             : MemRead :  D=0x0000000000000000 A=0x71450
4363000: system.cpu: T0 : 0x1beb8    : c_beqz a5, -24             : IntAlu : 
4363500: system.cpu: T0 : 0x1bea0    : c_li a5, -1                : IntAlu :  D=0xffffffffffffffff
4364500: system.cpu: T0 : 0x1bea2    : sw a5, 192(s0)             : MemWrite :  D=0x00000000ffffffff A=0x71450
4365000: system.cpu: T0 : 0x1bea6    : c_ld s0, 104(s0)           : MemRead :  D=0x0000000000000000 A=0x713f8
4365500: system.cpu: T0 : 0x1bea8    : c_beqz s0, 162             : IntAlu : 
4366000: system.cpu: T0 : 0x1bf4a    : c_lw a5, 4(s1)             : MemRead :  D=0x0000000000000001 A=0x7389c
4366500: system.cpu: T0 : 0x1bf4c    : addiw a3, a5, -1           : IntAlu :  D=0x0000000000000000
4367000: system.cpu: T0 : 0x1bf50    : c_sw a3, 4(s1)             : MemWrite :  D=0x0000000000000000 A=0x7389c
4367500: system.cpu: T0 : 0x1bf52    : c_beqz a3, 126             : IntAlu : 
4368000: system.cpu: T0 : 0x1bfd0    : sd zero, 8(s1)             : MemWrite :  D=0x0000000000000000 A=0x738a0
4368500: system.cpu: T0 : 0x1bfd4    : c_mv a5, a3                : IntAlu :  D=0x0000000000000000
4369500: system.cpu: T0 : 0x1bfd6    : fence iorw, ow             : No_OpClass : 
4370500: system.cpu: T0 : 0x1bfda    : amoswap_w a5, a5, (s1)    
4370500: system.cpu: T0 : 0x1bfda. 0 : amoswap_w[l] a5, a5, (s1)  : MemRead :  D=0x0000000000000001 A=0x73898
4371000: system.cpu: T0 : 0x1bfde    : c_addiw a5, 0              : IntAlu :  D=0x0000000000000001
4371500: system.cpu: T0 : 0x1bfe0    : c_li a4, 1                 : IntAlu :  D=0x0000000000000001
4372500: system.cpu: T0 : 0x1bfe2    : bge a4, a5, -142           : IntAlu : 
4373000: system.cpu: T0 : 0x1bf54    : beq s3, zero, 16           : IntAlu : 
4373500: system.cpu: T0 : 0x1bf64    : c_ldsp a4, 56(sp)          : MemRead :  D=0x6c6e776f442f2e00 A=0x7ffffffffffffce8
4374500: system.cpu: T0 : 0x1bf66    : ld a5, -1264(s6)           : MemRead :  D=0x6c6e776f442f2e00 A=0x70b10
4375500: system.cpu: T0 : 0x1bf6a    : bne a4, a5, 216            : IntAlu : 
4376000: system.cpu: T0 : 0x1bf6e    : c_ldsp ra, 168(sp)         : MemRead :  D=0x0000000000016ee8 A=0x7ffffffffffffd58
4376500: system.cpu: T0 : 0x1bf70    : c_ldsp s0, 160(sp)         : MemRead :  D=0x000000000006c7a8 A=0x7ffffffffffffd50
4377000: system.cpu: T0 : 0x1bf72    : c_ldsp s1, 152(sp)         : MemRead :  D=0x000000000006c7a8 A=0x7ffffffffffffd48
4377500: system.cpu: T0 : 0x1bf74    : c_ldsp s2, 144(sp)         : MemRead :  D=0x0000000000000004 A=0x7ffffffffffffd40
4378000: system.cpu: T0 : 0x1bf76    : c_ldsp s3, 136(sp)         : MemRead :  D=0x0000000000000001 A=0x7ffffffffffffd38
4378500: system.cpu: T0 : 0x1bf78    : c_ldsp s4, 128(sp)         : MemRead :  D=0x0000000000000000 A=0x7ffffffffffffd30
4379000: system.cpu: T0 : 0x1bf7a    : c_ldsp s6, 112(sp)         : MemRead :  D=0x0000000000000000 A=0x7ffffffffffffd20
4379500: system.cpu: T0 : 0x1bf7c    : c_ldsp s7, 104(sp)         : MemRead :  D=0x0000000000072ba0 A=0x7ffffffffffffd18
4380000: system.cpu: T0 : 0x1bf7e    : c_ldsp s8, 96(sp)          : MemRead :  D=0x0000000000000001 A=0x7ffffffffffffd10
4380500: system.cpu: T0 : 0x1bf80    : c_ldsp s9, 88(sp)          : MemRead :  D=0x0000000000074000 A=0x7ffffffffffffd08
4381000: system.cpu: T0 : 0x1bf82    : c_ldsp s10, 80(sp)         : MemRead :  D=0x0000000000000000 A=0x7ffffffffffffd00
4381500: system.cpu: T0 : 0x1bf84    : c_ldsp s11, 72(sp)         : MemRead :  D=0x0000000000074000 A=0x7ffffffffffffcf8
4382000: system.cpu: T0 : 0x1bf86    : c_mv a0, s5                : IntAlu :  D=0x0000000000000000
4382500: system.cpu: T0 : 0x1bf88    : c_ldsp s5, 120(sp)         : MemRead :  D=0x0000000000000003 A=0x7ffffffffffffd28
4383000: system.cpu: T0 : 0x1bf8a    : c_addi16sp sp, 176         : IntAlu :  D=0x7ffffffffffffd60
4383500: system.cpu: T0 : 0x1bf8c    : c_jr ra                    : IntAlu : 
4384000: system.cpu: T0 : 0x16ee8    : bne s1, s0, -6             : IntAlu : 
4384500: system.cpu: T0 : 0x16eec    : c_mv a0, s6                : IntAlu :  D=0x0000000000000000
4385500: system.cpu: T0 : 0x16eee    : jal ra, 48014              : IntAlu :  D=0x0000000000016ef2
4386000: system.cpu: T0 : 0x22a7c    : c_mv a4, a0                : IntAlu :  D=0x0000000000000000
4387000: system.cpu: T0 : 0x22a7e    : addi a7, zero, 94          : IntAlu :  D=0x000000000000005e
4388000: system.cpu: T0 : 0x22a82    : ecall                      : No_OpClass : 
