      0: system.cpu: T0 : 0x10348    : jal ra, 46                 : IntAlu :  D=0x000000000001034c
   1000: system.cpu: T0 : 0x10376    : auipc gp, 97               : IntAlu :  D=0x0000000000071376
   2000: system.cpu: T0 : 0x1037a    : addi gp, gp, -846          : IntAlu :  D=0x0000000000071028
   2500: system.cpu: T0 : 0x1037e    : c_jr ra                    : IntAlu : 
   3000: system.cpu: T0 : 0x1034c    : c_mv a5, a0                : IntAlu :  D=0x0000000000000000
   4000: system.cpu: T0 : 0x1034e    : auipc a0, 0                : IntAlu :  D=0x000000000001034e
   5000: system.cpu: T0 : 0x10352    : addi a0, a0, 226           : IntAlu :  D=0x0000000000010430
   5500: system.cpu: T0 : 0x10356    : c_ldsp a1, 0(sp)           : MemRead :  D=0x0000000000000001 A=0x7fffffffffffff30
   6000: system.cpu: T0 : 0x10358    : c_addi4spn a2, sp, 8       : IntAlu :  D=0x7fffffffffffff38
   7000: system.cpu: T0 : 0x1035a    : andi sp, sp, 18446744073709551600 : IntAlu :  D=0x7fffffffffffff30
   8000: system.cpu: T0 : 0x1035e    : auipc a3, 1                : IntAlu :  D=0x000000000001135e
   9000: system.cpu: T0 : 0x10362    : addi a3, a3, -2030         : IntAlu :  D=0x0000000000010b70
  10000: system.cpu: T0 : 0x10366    : auipc a4, 1                : IntAlu :  D=0x0000000000011366
  11000: system.cpu: T0 : 0x1036a    : addi a4, a4, -1894         : IntAlu :  D=0x0000000000010c00
  11500: system.cpu: T0 : 0x1036e    : c_mv a6, sp                : IntAlu :  D=0x7fffffffffffff30
  12000: system.cpu: T0 : 0x10370    : jal ra, 820                : IntAlu :  D=0x0000000000010374
  12500: system.cpu: T0 : 0x106a4    : c_addi16sp sp, -320        : IntAlu :  D=0x7ffffffffffffdf0
  13000: system.cpu: T0 : 0x106a6    : c_sdsp s0, 304(sp)         : MemWrite :  D=0x0000000000000000 A=0x7fffffffffffff20
  13500: system.cpu: T0 : 0x106a8    : c_sdsp s1, 296(sp)         : MemWrite :  D=0x0000000000000000 A=0x7fffffffffffff18
  14000: system.cpu: T0 : 0x106aa    : c_sdsp s2, 288(sp)         : MemWrite :  D=0x0000000000000000 A=0x7fffffffffffff10
  14500: system.cpu: T0 : 0x106ac    : c_sdsp a2, 16(sp)          : MemWrite :  D=0x7fffffffffffff38 A=0x7ffffffffffffe00
  15000: system.cpu: T0 : 0x106ae    : c_sdsp ra, 312(sp)         : MemWrite :  D=0x0000000000010374 A=0x7fffffffffffff28
  15500: system.cpu: T0 : 0x106b0    : addi t1, zero, 0           : IntAlu :  D=0x0000000000000000
  16000: system.cpu: T0 : 0x106b4    : c_sdsp a0, 24(sp)          : MemWrite :  D=0x0000000000010430 A=0x7ffffffffffffe08
  16500: system.cpu: T0 : 0x106b6    : c_sdsp a1, 8(sp)           : MemWrite :  D=0x0000000000000001 A=0x7ffffffffffffdf8
  17000: system.cpu: T0 : 0x106b8    : c_mv s0, a3                : IntAlu :  D=0x0000000000010b70
  17500: system.cpu: T0 : 0x106ba    : c_mv s1, a4                : IntAlu :  D=0x0000000000010c00
  18000: system.cpu: T0 : 0x106bc    : c_mv s2, a5                : IntAlu :  D=0x0000000000000000
  18500: system.cpu: T0 : 0x106be    : c_li a2, 0                 : IntAlu :  D=0x0000000000000000
  19000: system.cpu: T0 : 0x106c0    : beq t1, zero, 12           : IntAlu : 
  19500: system.cpu: T0 : 0x106cc    : c_ldsp a5, 8(sp)           : MemRead :  D=0x0000000000000001 A=0x7ffffffffffffdf8
  20500: system.cpu: T0 : 0x106ce    : addi a0, a5, 1             : IntAlu :  D=0x0000000000000002
  21000: system.cpu: T0 : 0x106d2    : c_ldsp a5, 16(sp)          : MemRead :  D=0x7fffffffffffff38 A=0x7ffffffffffffe00
  21500: system.cpu: T0 : 0x106d4    : c_slli a0, 3               : IntAlu :  D=0x0000000000000010
  22000: system.cpu: T0 : 0x106d6    : c_add a0, a5               : IntAlu :  D=0x7fffffffffffff48
  22500: system.cpu: T0 : 0x106d8    : sw a2, -1728(gp)           : MemWrite :  D=0x0000000000000000 A=0x70968
  23000: system.cpu: T0 : 0x106dc    : sd a0, -1360(gp)           : MemWrite :  D=0x7fffffffffffff48 A=0x70ad8
  23500: system.cpu: T0 : 0x106e0    : lui a5, 111                : IntAlu :  D=0x000000000006f000
  24000: system.cpu: T0 : 0x106e4    : sd a6, -80(a5)             : MemWrite :  D=0x7fffffffffffff30 A=0x6efb0
  24500: system.cpu: T0 : 0x106e8    : c_ld a2, 0(a0)             : MemRead :  D=0x0000000000000000 A=0x7fffffffffffff48
  25000: system.cpu: T0 : 0x106ea    : c_addi a0, 8               : IntAlu :  D=0x7fffffffffffff50
  25500: system.cpu: T0 : 0x106ec    : c_bnez a2, -4              : IntAlu : 
  26500: system.cpu: T0 : 0x106ee    : jal ra, 72962              : IntAlu :  D=0x00000000000106f2
  27000: system.cpu: T0 : 0x223f0    : c_ld a5, 0(a0)             : MemRead :  D=0x0000000000000009 A=0x7fffffffffffff50
  28000: system.cpu: T0 : 0x223f2    : lui a4, 114                : IntAlu :  D=0x0000000000072000
  29000: system.cpu: T0 : 0x223f6    : sd a0, -504(a4)            : MemWrite :  D=0x7fffffffffffff50 A=0x71e08
  30000: system.cpu: T0 : 0x223fa    : beq a5, zero, 618          : IntAlu : 
  30500: system.cpu: T0 : 0x223fe    : c_addi16sp sp, -224        : IntAlu :  D=0x7ffffffffffffd10
  31000: system.cpu: T0 : 0x22400    : c_sdsp s1, 208(sp)         : MemWrite :  D=0x0000000000010c00 A=0x7ffffffffffffde0
  32000: system.cpu: T0 : 0x22402    : lui s1, 114                : IntAlu :  D=0x0000000000072000
  33000: system.cpu: T0 : 0x22406    : ld a4, -432(s1)            : MemRead :  D=0x0000000000000000 A=0x71e50
  33500: system.cpu: T0 : 0x2240a    : c_sdsp s3, 192(sp)         : MemWrite :  D=0x0000000000000000 A=0x7ffffffffffffdd0
  34000: system.cpu: T0 : 0x2240c    : c_sdsp a4, 64(sp)          : MemWrite :  D=0x0000000000000000 A=0x7ffffffffffffd50
  35000: system.cpu: T0 : 0x2240e    : ld a4, -1336(gp)           : MemRead :  D=0x0000000000000000 A=0x70af0
  36000: system.cpu: T0 : 0x22412    : lui a6, 111                : IntAlu :  D=0x000000000006f000
  37000: system.cpu: T0 : 0x22416    : addi a6, a6, -128          : IntAlu :  D=0x000000000006ef80
  37500: system.cpu: T0 : 0x2241a    : c_sdsp a4, 32(sp)          : MemWrite :  D=0x0000000000000000 A=0x7ffffffffffffd30
  38000: system.cpu: T0 : 0x2241c    : ld a4, 0(a6)               : MemRead :  D=0x0000000000000000 A=0x6ef80
  38500: system.cpu: T0 : 0x22420    : lui t3, 111                : IntAlu :  D=0x000000000006f000
  39000: system.cpu: T0 : 0x22424    : lui t1, 114                : IntAlu :  D=0x0000000000072000
  39500: system.cpu: T0 : 0x22428    : c_sdsp a4, 104(sp)         : MemWrite :  D=0x0000000000000000 A=0x7ffffffffffffd78
  40500: system.cpu: T0 : 0x2242a    : lw a4, -72(t3)             : MemRead :  D=0x0000000000000001 A=0x6efb8
  41000: system.cpu: T0 : 0x2242e    : c_sdsp s2, 200(sp)         : MemWrite :  D=0x0000000000000000 A=0x7ffffffffffffdd8
  41500: system.cpu: T0 : 0x22430    : c_sdsp a4, 80(sp)          : MemWrite :  D=0x0000000000000001 A=0x7ffffffffffffd60
  42500: system.cpu: T0 : 0x22432    : lw a4, -360(t1)            : MemRead :  D=0x0000000000000000 A=0x71e98
  43000: system.cpu: T0 : 0x22436    : c_sdsp s4, 184(sp)         : MemWrite :  D=0x0000000000000000 A=0x7ffffffffffffdc8
  43500: system.cpu: T0 : 0x22438    : c_sdsp a4, 96(sp)          : MemWrite :  D=0x0000000000000000 A=0x7ffffffffffffd70
  44500: system.cpu: T0 : 0x2243a    : lw a4, -1344(gp)           : MemRead :  D=0x0000000000000000 A=0x70ae8
  45000: system.cpu: T0 : 0x2243e    : c_sdsp s0, 216(sp)         : MemWrite :  D=0x0000000000010b70 A=0x7ffffffffffffde8
  45500: system.cpu: T0 : 0x22440    : lui s0, 114                : IntAlu :  D=0x0000000000072000
  46000: system.cpu: T0 : 0x22444    : c_sdsp a4, 48(sp)          : MemWrite :  D=0x0000000000000000 A=0x7ffffffffffffd40
  47000: system.cpu: T0 : 0x22446    : ld a4, -1328(gp)           : MemRead :  D=0x0000000000000000 A=0x70af8
  48000: system.cpu: T0 : 0x2244a    : lui t6, 114                : IntAlu :  D=0x0000000000072000
  48500: system.cpu: T0 : 0x2244e    : c_sdsp a4, 24(sp)          : MemWrite :  D=0x0000000000000000 A=0x7ffffffffffffd28
  49000: system.cpu: T0 : 0x22450    : ld a4, -496(s0)            : MemRead :  D=0x0000000000000000 A=0x71e10
  49500: system.cpu: T0 : 0x22454    : lui t2, 114                : IntAlu :  D=0x0000000000072000
  50000: system.cpu: T0 : 0x22458    : lui t0, 114                : IntAlu :  D=0x0000000000072000
  50500: system.cpu: T0 : 0x2245c    : c_sdsp a4, 8(sp)           : MemWrite :  D=0x0000000000000000 A=0x7ffffffffffffd18
  51500: system.cpu: T0 : 0x2245e    : ld a4, -1784(gp)           : MemRead :  D=0x0000000000001000 A=0x70930
  52500: system.cpu: T0 : 0x22462    : lui a3, 80                 : IntAlu :  D=0x0000000000050000
  53000: system.cpu: T0 : 0x22466    : c_sdsp s5, 176(sp)         : MemWrite :  D=0x0000000000000000 A=0x7ffffffffffffdc0
  53500: system.cpu: T0 : 0x22468    : c_sdsp s6, 168(sp)         : MemWrite :  D=0x0000000000000000 A=0x7ffffffffffffdb8
  54000: system.cpu: T0 : 0x2246a    : c_sdsp s7, 160(sp)         : MemWrite :  D=0x0000000000000000 A=0x7ffffffffffffdb0
  54500: system.cpu: T0 : 0x2246c    : c_sdsp s8, 152(sp)         : MemWrite :  D=0x0000000000000000 A=0x7ffffffffffffda8
  55000: system.cpu: T0 : 0x2246e    : c_sdsp s10, 136(sp)        : MemWrite :  D=0x0000000000000000 A=0x7ffffffffffffd98
  55500: system.cpu: T0 : 0x22470    : c_sdsp s11, 128(sp)        : MemWrite :  D=0x0000000000000000 A=0x7ffffffffffffd90
  56000: system.cpu: T0 : 0x22472    : c_sdsp a4, 120(sp)         : MemWrite :  D=0x0000000000001000 A=0x7ffffffffffffd88
  56500: system.cpu: T0 : 0x22474    : lw s7, -440(t6)            : MemRead :  D=0x0000000000000000 A=0x71e48
  57000: system.cpu: T0 : 0x22478    : ld s11, -408(t2)           : MemRead :  D=0x0000000000000000 A=0x71e68
  57500: system.cpu: T0 : 0x2247c    : c_sdsp s9, 144(sp)         : MemWrite :  D=0x0000000000000000 A=0x7ffffffffffffda0
  58000: system.cpu: T0 : 0x2247e    : c_li s10, 0                : IntAlu :  D=0x0000000000000000
  58500: system.cpu: T0 : 0x22480    : ld s9, -464(t0)            : MemRead :  D=0x0000000000000000 A=0x71e30
  59000: system.cpu: T0 : 0x22484    : c_li s8, 0                 : IntAlu :  D=0x0000000000000000
  59500: system.cpu: T0 : 0x22486    : c_sdsp zero, 112(sp)       : MemWrite :  D=0x0000000000000000 A=0x7ffffffffffffd80
  60000: system.cpu: T0 : 0x22488    : c_sdsp zero, 88(sp)        : MemWrite :  D=0x0000000000000000 A=0x7ffffffffffffd68
  60500: system.cpu: T0 : 0x2248a    : c_sdsp zero, 72(sp)        : MemWrite :  D=0x0000000000000000 A=0x7ffffffffffffd58
  61000: system.cpu: T0 : 0x2248c    : c_sdsp zero, 56(sp)        : MemWrite :  D=0x0000000000000000 A=0x7ffffffffffffd48
  61500: system.cpu: T0 : 0x2248e    : c_sdsp zero, 40(sp)        : MemWrite :  D=0x0000000000000000 A=0x7ffffffffffffd38
  62000: system.cpu: T0 : 0x22490    : c_sdsp zero, 16(sp)        : MemWrite :  D=0x0000000000000000 A=0x7ffffffffffffd20
  62500: system.cpu: T0 : 0x22492    : c_li s6, 0                 : IntAlu :  D=0x0000000000000000
  63000: system.cpu: T0 : 0x22494    : c_li s5, 0                 : IntAlu :  D=0x0000000000000000
  63500: system.cpu: T0 : 0x22496    : c_li t5, 0                 : IntAlu :  D=0x0000000000000000
  64000: system.cpu: T0 : 0x22498    : c_li a7, 0                 : IntAlu :  D=0x0000000000000000
  64500: system.cpu: T0 : 0x2249a    : c_li a1, 0                 : IntAlu :  D=0x0000000000000000
  65000: system.cpu: T0 : 0x2249c    : c_li a2, 0                 : IntAlu :  D=0x0000000000000000
  65500: system.cpu: T0 : 0x2249e    : c_li a4, 30                : IntAlu :  D=0x000000000000001e
  66000: system.cpu: T0 : 0x224a0    : addi a3, a3, -736          : IntAlu :  D=0x000000000004fd20
  66500: system.cpu: T0 : 0x224a4    : c_addi a5, -3              : IntAlu :  D=0x0000000000000006
  67500: system.cpu: T0 : 0x224a6    : bltu a4, a5, 20            : IntAlu : 
  68000: system.cpu: T0 : 0x224aa    : c_slli a5, 2               : IntAlu :  D=0x0000000000000018
  68500: system.cpu: T0 : 0x224ac    : c_add a5, a3               : IntAlu :  D=0x000000000004fd38
  69000: system.cpu: T0 : 0x224ae    : c_lw a5, 0(a5)             : MemRead :  D=0x00000000000224ba A=0x4fd38
  69500: system.cpu: T0 : 0x224b0    : c_jr a5                    : IntAlu : 
  70000: system.cpu: T0 : 0x224ba    : c_ld a5, 16(a0)            : MemRead :  D=0x0000000000000005 A=0x7fffffffffffff60
  70500: system.cpu: T0 : 0x224bc    : c_addi a0, 16              : IntAlu :  D=0x7fffffffffffff60
  71000: system.cpu: T0 : 0x224be    : c_bnez a5, -26             : IntAlu : 
  71500: system.cpu: T0 : 0x224a4    : c_addi a5, -3              : IntAlu :  D=0x0000000000000002
  72500: system.cpu: T0 : 0x224a6    : bltu a4, a5, 20            : IntAlu : 
  73000: system.cpu: T0 : 0x224aa    : c_slli a5, 2               : IntAlu :  D=0x0000000000000008
  73500: system.cpu: T0 : 0x224ac    : c_add a5, a3               : IntAlu :  D=0x000000000004fd28
  74000: system.cpu: T0 : 0x224ae    : c_lw a5, 0(a5)             : MemRead :  D=0x0000000000022638 A=0x4fd28
  74500: system.cpu: T0 : 0x224b0    : c_jr a5                    : IntAlu : 
  75000: system.cpu: T0 : 0x22638    : c_ld a5, 16(a0)            : MemRead :  D=0x0000000000000004 A=0x7fffffffffffff70
  76000: system.cpu: T0 : 0x2263a    : ld s11, 8(a0)              : MemRead :  D=0x0000000000000006 A=0x7fffffffffffff68
  76500: system.cpu: T0 : 0x2263e    : c_li s8, 1                 : IntAlu :  D=0x0000000000000001
  77000: system.cpu: T0 : 0x22640    : c_addi a0, 16              : IntAlu :  D=0x7fffffffffffff70
  78000: system.cpu: T0 : 0x22642    : bne a5, zero, -414         : IntAlu : 
  78500: system.cpu: T0 : 0x224a4    : c_addi a5, -3              : IntAlu :  D=0x0000000000000001
  79500: system.cpu: T0 : 0x224a6    : bltu a4, a5, 20            : IntAlu : 
  80000: system.cpu: T0 : 0x224aa    : c_slli a5, 2               : IntAlu :  D=0x0000000000000004
  80500: system.cpu: T0 : 0x224ac    : c_add a5, a3               : IntAlu :  D=0x000000000004fd24
  81000: system.cpu: T0 : 0x224ae    : c_lw a5, 0(a5)             : MemRead :  D=0x00000000000224ba A=0x4fd24
  81500: system.cpu: T0 : 0x224b0    : c_jr a5                    : IntAlu : 
  82000: system.cpu: T0 : 0x224ba    : c_ld a5, 16(a0)            : MemRead :  D=0x0000000000000003 A=0x7fffffffffffff80
  82500: system.cpu: T0 : 0x224bc    : c_addi a0, 16              : IntAlu :  D=0x7fffffffffffff80
  83000: system.cpu: T0 : 0x224be    : c_bnez a5, -26             : IntAlu : 
  83500: system.cpu: T0 : 0x224a4    : c_addi a5, -3              : IntAlu :  D=0x0000000000000000
  84500: system.cpu: T0 : 0x224a6    : bltu a4, a5, 20            : IntAlu : 
  85000: system.cpu: T0 : 0x224aa    : c_slli a5, 2               : IntAlu :  D=0x0000000000000000
  85500: system.cpu: T0 : 0x224ac    : c_add a5, a3               : IntAlu :  D=0x000000000004fd20
  86000: system.cpu: T0 : 0x224ae    : c_lw a5, 0(a5)             : MemRead :  D=0x0000000000022648 A=0x4fd20
  86500: system.cpu: T0 : 0x224b0    : c_jr a5                    : IntAlu : 
  87000: system.cpu: T0 : 0x22648    : c_ld a5, 16(a0)            : MemRead :  D=0x0000000000000006 A=0x7fffffffffffff90
  88000: system.cpu: T0 : 0x2264a    : ld s9, 8(a0)               : MemRead :  D=0x0000000000010040 A=0x7fffffffffffff88
  88500: system.cpu: T0 : 0x2264e    : c_li s6, 1                 : IntAlu :  D=0x0000000000000001
  89000: system.cpu: T0 : 0x22650    : c_addi a0, 16              : IntAlu :  D=0x7fffffffffffff90
  90000: system.cpu: T0 : 0x22652    : bne a5, zero, -430         : IntAlu : 
  90500: system.cpu: T0 : 0x224a4    : c_addi a5, -3              : IntAlu :  D=0x0000000000000003
  91500: system.cpu: T0 : 0x224a6    : bltu a4, a5, 20            : IntAlu : 
  92000: system.cpu: T0 : 0x224aa    : c_slli a5, 2               : IntAlu :  D=0x000000000000000c
  92500: system.cpu: T0 : 0x224ac    : c_add a5, a3               : IntAlu :  D=0x000000000004fd2c
  93000: system.cpu: T0 : 0x224ae    : c_lw a5, 0(a5)             : MemRead :  D=0x00000000000224b2 A=0x4fd2c
  93500: system.cpu: T0 : 0x224b0    : c_jr a5                    : IntAlu : 
  94000: system.cpu: T0 : 0x224b2    : c_ld a5, 8(a0)             : MemRead :  D=0x0000000000001000 A=0x7fffffffffffff98
  94500: system.cpu: T0 : 0x224b4    : c_beqz a5, 6               : IntAlu : 
  95000: system.cpu: T0 : 0x224b6    : c_sdsp a5, 120(sp)         : MemWrite :  D=0x0000000000001000 A=0x7ffffffffffffd88
  95500: system.cpu: T0 : 0x224b8    : c_li t5, 1                 : IntAlu :  D=0x0000000000000001
  96000: system.cpu: T0 : 0x224ba    : c_ld a5, 16(a0)            : MemRead :  D=0x0000000000000017 A=0x7fffffffffffffa0
  96500: system.cpu: T0 : 0x224bc    : c_addi a0, 16              : IntAlu :  D=0x7fffffffffffffa0
  97000: system.cpu: T0 : 0x224be    : c_bnez a5, -26             : IntAlu : 
  97500: system.cpu: T0 : 0x224a4    : c_addi a5, -3              : IntAlu :  D=0x0000000000000014
  98500: system.cpu: T0 : 0x224a6    : bltu a4, a5, 20            : IntAlu : 
  99000: system.cpu: T0 : 0x224aa    : c_slli a5, 2               : IntAlu :  D=0x0000000000000050
  99500: system.cpu: T0 : 0x224ac    : c_add a5, a3               : IntAlu :  D=0x000000000004fd70
 100000: system.cpu: T0 : 0x224ae    : c_lw a5, 0(a5)             : MemRead :  D=0x000000000002258c A=0x4fd70
 100500: system.cpu: T0 : 0x224b0    : c_jr a5                    : IntAlu : 
 101000: system.cpu: T0 : 0x2258c    : c_lw a5, 8(a0)             : MemRead :  D=0x0000000000000000 A=0x7fffffffffffffa8
 101500: system.cpu: T0 : 0x2258e    : c_li a2, -1                : IntAlu :  D=0xffffffffffffffff
 102000: system.cpu: T0 : 0x22590    : c_addi a0, 16              : IntAlu :  D=0x7fffffffffffffb0
 102500: system.cpu: T0 : 0x22592    : c_sdsp a5, 80(sp)          : MemWrite :  D=0x0000000000000000 A=0x7ffffffffffffd60
 103000: system.cpu: T0 : 0x22594    : c_li a5, 1                 : IntAlu :  D=0x0000000000000001
 103500: system.cpu: T0 : 0x22596    : c_sdsp a5, 96(sp)          : MemWrite :  D=0x0000000000000001 A=0x7ffffffffffffd70
 104000: system.cpu: T0 : 0x22598    : c_sdsp a5, 88(sp)          : MemWrite :  D=0x0000000000000001 A=0x7ffffffffffffd68
 104500: system.cpu: T0 : 0x2259a    : c_ld a5, 0(a0)             : MemRead :  D=0x0000000000000019 A=0x7fffffffffffffb0
 105000: system.cpu: T0 : 0x2259c    : c_bnez a5, -248            : IntAlu : 
 105500: system.cpu: T0 : 0x224a4    : c_addi a5, -3              : IntAlu :  D=0x0000000000000016
 106500: system.cpu: T0 : 0x224a6    : bltu a4, a5, 20            : IntAlu : 
 107000: system.cpu: T0 : 0x224aa    : c_slli a5, 2               : IntAlu :  D=0x0000000000000058
 107500: system.cpu: T0 : 0x224ac    : c_add a5, a3               : IntAlu :  D=0x000000000004fd78
 108000: system.cpu: T0 : 0x224ae    : c_lw a5, 0(a5)             : MemRead :  D=0x000000000002257c A=0x4fd78
 108500: system.cpu: T0 : 0x224b0    : c_jr a5                    : IntAlu : 
 109000: system.cpu: T0 : 0x2257c    : c_ld a5, 8(a0)             : MemRead :  D=0x7fffffffffffffd8 A=0x7fffffffffffffb8
 109500: system.cpu: T0 : 0x2257e    : c_addi a0, 16              : IntAlu :  D=0x7fffffffffffffc0
 110000: system.cpu: T0 : 0x22580    : c_sdsp a5, 104(sp)         : MemWrite :  D=0x7fffffffffffffd8 A=0x7ffffffffffffd78
 110500: system.cpu: T0 : 0x22582    : c_li a5, 1                 : IntAlu :  D=0x0000000000000001
 111000: system.cpu: T0 : 0x22584    : c_sdsp a5, 112(sp)         : MemWrite :  D=0x0000000000000001 A=0x7ffffffffffffd80
 111500: system.cpu: T0 : 0x22586    : c_ld a5, 0(a0)             : MemRead :  D=0x0000000000000000 A=0x7fffffffffffffc0
 112000: system.cpu: T0 : 0x22588    : c_bnez a5, -228            : IntAlu : 
 112500: system.cpu: T0 : 0x2258a    : c_j -202                   : IntAlu : 
 113000: system.cpu: T0 : 0x224c0    : bne t5, zero, 408          : IntAlu : 
 113500: system.cpu: T0 : 0x22658    : c_ldsp a5, 120(sp)         : MemRead :  D=0x0000000000001000 A=0x7ffffffffffffd88
 114500: system.cpu: T0 : 0x2265a    : sd a5, -1784(gp)           : MemWrite :  D=0x0000000000001000 A=0x70930
 115500: system.cpu: T0 : 0x2265e    : bne s5, zero, -406         : IntAlu : 
 116000: system.cpu: T0 : 0x22662    : c_j -406                   : IntAlu : 
 116500: system.cpu: T0 : 0x224cc    : beq s6, zero, 8            : IntAlu : 
 117000: system.cpu: T0 : 0x224d0    : sd s9, -464(t0)            : MemWrite :  D=0x0000000000010040 A=0x71e30
 117500: system.cpu: T0 : 0x224d4    : beq s8, zero, 8            : IntAlu : 
 118000: system.cpu: T0 : 0x224d8    : sd s11, -408(t2)           : MemWrite :  D=0x0000000000000006 A=0x71e68
 118500: system.cpu: T0 : 0x224dc    : beq s10, zero, 10          : IntAlu : 
 119000: system.cpu: T0 : 0x224e6    : c_ldsp a5, 16(sp)          : MemRead :  D=0x0000000000000000 A=0x7ffffffffffffd20
 119500: system.cpu: T0 : 0x224e8    : c_beqz a5, 8               : IntAlu : 
 120000: system.cpu: T0 : 0x224f0    : c_ldsp a5, 40(sp)          : MemRead :  D=0x0000000000000000 A=0x7ffffffffffffd38
 120500: system.cpu: T0 : 0x224f2    : c_beqz a5, 8               : IntAlu : 
 121000: system.cpu: T0 : 0x224fa    : c_ldsp a5, 56(sp)          : MemRead :  D=0x0000000000000000 A=0x7ffffffffffffd48
 121500: system.cpu: T0 : 0x224fc    : c_beqz a5, 8               : IntAlu : 
 122000: system.cpu: T0 : 0x22504    : c_ldsp a5, 72(sp)          : MemRead :  D=0x0000000000000000 A=0x7ffffffffffffd58
 122500: system.cpu: T0 : 0x22506    : c_beqz a5, 8               : IntAlu : 
 123000: system.cpu: T0 : 0x2250e    : c_ldsp a5, 88(sp)          : MemRead :  D=0x0000000000000001 A=0x7ffffffffffffd68
 123500: system.cpu: T0 : 0x22510    : c_beqz a5, 14              : IntAlu : 
 124000: system.cpu: T0 : 0x22512    : c_ldsp a5, 80(sp)          : MemRead :  D=0x0000000000000000 A=0x7ffffffffffffd60
 124500: system.cpu: T0 : 0x22514    : sw a5, -72(t3)             : MemWrite :  D=0x0000000000000000 A=0x6efb8
 125000: system.cpu: T0 : 0x22518    : c_ldsp a5, 96(sp)          : MemRead :  D=0x0000000000000001 A=0x7ffffffffffffd70
 126000: system.cpu: T0 : 0x2251a    : sw a5, -360(t1)            : MemWrite :  D=0x0000000000000001 A=0x71e98
 126500: system.cpu: T0 : 0x2251e    : c_ldsp a5, 112(sp)         : MemRead :  D=0x0000000000000001 A=0x7ffffffffffffd80
 127000: system.cpu: T0 : 0x22520    : c_beqz a5, 8               : IntAlu : 
 127500: system.cpu: T0 : 0x22522    : c_ldsp a5, 104(sp)         : MemRead :  D=0x7fffffffffffffd8 A=0x7ffffffffffffd78
 128000: system.cpu: T0 : 0x22524    : sd a5, 0(a6)               : MemWrite :  D=0x7fffffffffffffd8 A=0x6ef80
 128500: system.cpu: T0 : 0x22528    : c_li a5, 15                : IntAlu :  D=0x000000000000000f
 129500: system.cpu: T0 : 0x2252a    : bne a2, a5, 22             : IntAlu : 
 130000: system.cpu: T0 : 0x22540    : c_ldsp s0, 216(sp)         : MemRead :  D=0x0000000000010b70 A=0x7ffffffffffffde8
 130500: system.cpu: T0 : 0x22542    : c_ldsp s1, 208(sp)         : MemRead :  D=0x0000000000010c00 A=0x7ffffffffffffde0
 131000: system.cpu: T0 : 0x22544    : c_ldsp s2, 200(sp)         : MemRead :  D=0x0000000000000000 A=0x7ffffffffffffdd8
 131500: system.cpu: T0 : 0x22546    : c_ldsp s3, 192(sp)         : MemRead :  D=0x0000000000000000 A=0x7ffffffffffffdd0
 132000: system.cpu: T0 : 0x22548    : c_ldsp s4, 184(sp)         : MemRead :  D=0x0000000000000000 A=0x7ffffffffffffdc8
 132500: system.cpu: T0 : 0x2254a    : c_ldsp s5, 176(sp)         : MemRead :  D=0x0000000000000000 A=0x7ffffffffffffdc0
 133000: system.cpu: T0 : 0x2254c    : c_ldsp s6, 168(sp)         : MemRead :  D=0x0000000000000000 A=0x7ffffffffffffdb8
 133500: system.cpu: T0 : 0x2254e    : c_ldsp s7, 160(sp)         : MemRead :  D=0x0000000000000000 A=0x7ffffffffffffdb0
 134000: system.cpu: T0 : 0x22550    : c_ldsp s8, 152(sp)         : MemRead :  D=0x0000000000000000 A=0x7ffffffffffffda8
 134500: system.cpu: T0 : 0x22552    : c_ldsp s9, 144(sp)         : MemRead :  D=0x0000000000000000 A=0x7ffffffffffffda0
 135000: system.cpu: T0 : 0x22554    : c_ldsp s10, 136(sp)        : MemRead :  D=0x0000000000000000 A=0x7ffffffffffffd98
 135500: system.cpu: T0 : 0x22556    : c_ldsp s11, 128(sp)        : MemRead :  D=0x0000000000000000 A=0x7ffffffffffffd90
 136000: system.cpu: T0 : 0x22558    : c_addi16sp sp, 224         : IntAlu :  D=0x7ffffffffffffdf0
 136500: system.cpu: T0 : 0x2255a    : c_jr ra                    : IntAlu : 
 137500: system.cpu: T0 : 0x106f2    : lui a5, 114                : IntAlu :  D=0x0000000000072000
 138500: system.cpu: T0 : 0x106f6    : ld a4, -464(a5)            : MemRead :  D=0x0000000000010040 A=0x71e30
 139500: system.cpu: T0 : 0x106fa    : beq a4, zero, 320          : IntAlu : 
 140500: system.cpu: T0 : 0x106fe    : jal ra, 75468              : IntAlu :  D=0x0000000000010702
 141500: system.cpu: T0 : 0x22dca    : lui a5, 114                : IntAlu :  D=0x0000000000072000
 142500: system.cpu: T0 : 0x22dce    : lw a5, -360(a5)            : MemRead :  D=0x0000000000000001 A=0x71e98
 143000: system.cpu: T0 : 0x22dd2    : c_beqz a5, 4               : IntAlu : 
 143500: system.cpu: T0 : 0x22dd4    : c_jr ra                    : IntAlu : 
 144500: system.cpu: T0 : 0x10702    : ld a0, -1360(gp)           : MemRead :  D=0x7fffffffffffff48 A=0x70ad8
 145500: system.cpu: T0 : 0x10706    : jal ra, 71966              : IntAlu :  D=0x000000000001070a
 146000: system.cpu: T0 : 0x22024    : c_addi16sp sp, -128        : IntAlu :  D=0x7ffffffffffffd70
 146500: system.cpu: T0 : 0x22026    : c_sdsp s4, 80(sp)          : MemWrite :  D=0x0000000000000000 A=0x7ffffffffffffdc0
 147000: system.cpu: T0 : 0x22028    : lui s4, 111                : IntAlu :  D=0x000000000006f000
 147500: system.cpu: T0 : 0x2202c    : lw a5, -72(s4)             : MemRead :  D=0x0000000000000000 A=0x6efb8
 148000: system.cpu: T0 : 0x22030    : c_sdsp s7, 56(sp)          : MemWrite :  D=0x0000000000000000 A=0x7ffffffffffffda8
 148500: system.cpu: T0 : 0x22032    : c_sdsp ra, 120(sp)         : MemWrite :  D=0x000000000001070a A=0x7ffffffffffffde8
 149000: system.cpu: T0 : 0x22034    : c_sdsp s0, 112(sp)         : MemWrite :  D=0x0000000000010b70 A=0x7ffffffffffffde0
 149500: system.cpu: T0 : 0x22036    : c_sdsp s1, 104(sp)         : MemWrite :  D=0x0000000000010c00 A=0x7ffffffffffffdd8
 150000: system.cpu: T0 : 0x22038    : c_sdsp s2, 96(sp)          : MemWrite :  D=0x0000000000000000 A=0x7ffffffffffffdd0
 150500: system.cpu: T0 : 0x2203a    : c_sdsp s3, 88(sp)          : MemWrite :  D=0x0000000000000000 A=0x7ffffffffffffdc8
 151000: system.cpu: T0 : 0x2203c    : c_sdsp s5, 72(sp)          : MemWrite :  D=0x0000000000000000 A=0x7ffffffffffffdb8
 151500: system.cpu: T0 : 0x2203e    : c_sdsp s6, 64(sp)          : MemWrite :  D=0x0000000000000000 A=0x7ffffffffffffdb0
 152000: system.cpu: T0 : 0x22040    : c_sdsp s8, 48(sp)          : MemWrite :  D=0x0000000000000000 A=0x7ffffffffffffda0
 152500: system.cpu: T0 : 0x22042    : c_sdsp s9, 40(sp)          : MemWrite :  D=0x0000000000000000 A=0x7ffffffffffffd98
 153000: system.cpu: T0 : 0x22044    : c_sdsp s10, 32(sp)         : MemWrite :  D=0x0000000000000000 A=0x7ffffffffffffd90
 153500: system.cpu: T0 : 0x22046    : c_sdsp s11, 24(sp)         : MemWrite :  D=0x0000000000000000 A=0x7ffffffffffffd88
 154000: system.cpu: T0 : 0x22048    : c_mv s7, a0                : IntAlu :  D=0x7fffffffffffff48
 155000: system.cpu: T0 : 0x2204a    : bne a5, zero, 750          : IntAlu : 
 156000: system.cpu: T0 : 0x2204e    : lui s0, 111                : IntAlu :  D=0x000000000006f000
 157000: system.cpu: T0 : 0x22052    : addi s3, zero, 61          : IntAlu :  D=0x000000000000003d
 158000: system.cpu: T0 : 0x22056    : lui s1, 80                 : IntAlu :  D=0x0000000000050000
 159000: system.cpu: T0 : 0x2205a    : addi s6, s0, -1248         : IntAlu :  D=0x000000000006eb20
 160000: system.cpu: T0 : 0x2205e    : beq s7, zero, 166          : IntAlu : 
 160500: system.cpu: T0 : 0x22062    : c_mv a3, s7                : IntAlu :  D=0x7fffffffffffff48
 161000: system.cpu: T0 : 0x22064    : ld s9, 0(a3)               : MemRead :  D=0x0000000000000000 A=0x7fffffffffffff48
 161500: system.cpu: T0 : 0x22068    : c_mv s5, a3                : IntAlu :  D=0x7fffffffffffff48
 162500: system.cpu: T0 : 0x2206a    : beq s9, zero, 154          : IntAlu : 
 163000: system.cpu: T0 : 0x22104    : c_ldsp ra, 120(sp)         : MemRead :  D=0x000000000001070a A=0x7ffffffffffffde8
 163500: system.cpu: T0 : 0x22106    : c_ldsp s0, 112(sp)         : MemRead :  D=0x0000000000010b70 A=0x7ffffffffffffde0
 164000: system.cpu: T0 : 0x22108    : c_ldsp s1, 104(sp)         : MemRead :  D=0x0000000000010c00 A=0x7ffffffffffffdd8
 164500: system.cpu: T0 : 0x2210a    : c_ldsp s2, 96(sp)          : MemRead :  D=0x0000000000000000 A=0x7ffffffffffffdd0
 165000: system.cpu: T0 : 0x2210c    : c_ldsp s3, 88(sp)          : MemRead :  D=0x0000000000000000 A=0x7ffffffffffffdc8
 165500: system.cpu: T0 : 0x2210e    : c_ldsp s4, 80(sp)          : MemRead :  D=0x0000000000000000 A=0x7ffffffffffffdc0
 166000: system.cpu: T0 : 0x22110    : c_ldsp s5, 72(sp)          : MemRead :  D=0x0000000000000000 A=0x7ffffffffffffdb8
 166500: system.cpu: T0 : 0x22112    : c_ldsp s6, 64(sp)          : MemRead :  D=0x0000000000000000 A=0x7ffffffffffffdb0
 167000: system.cpu: T0 : 0x22114    : c_ldsp s7, 56(sp)          : MemRead :  D=0x0000000000000000 A=0x7ffffffffffffda8
 167500: system.cpu: T0 : 0x22116    : c_ldsp s8, 48(sp)          : MemRead :  D=0x0000000000000000 A=0x7ffffffffffffda0
 168000: system.cpu: T0 : 0x22118    : c_ldsp s9, 40(sp)          : MemRead :  D=0x0000000000000000 A=0x7ffffffffffffd98
 168500: system.cpu: T0 : 0x2211a    : c_ldsp s10, 32(sp)         : MemRead :  D=0x0000000000000000 A=0x7ffffffffffffd90
 169000: system.cpu: T0 : 0x2211c    : c_ldsp s11, 24(sp)         : MemRead :  D=0x0000000000000000 A=0x7ffffffffffffd88
 169500: system.cpu: T0 : 0x2211e    : c_addi16sp sp, 128         : IntAlu :  D=0x7ffffffffffffdf0
 170000: system.cpu: T0 : 0x22120    : c_jr ra                    : IntAlu : 
 171000: system.cpu: T0 : 0x1070a    : jal ra, 664                : IntAlu :  D=0x000000000001070e
 171500: system.cpu: T0 : 0x109a2    : c_addi16sp sp, -128        : IntAlu :  D=0x7ffffffffffffd70
 172000: system.cpu: T0 : 0x109a4    : lui a5, 114                : IntAlu :  D=0x0000000000072000
 172500: system.cpu: T0 : 0x109a8    : c_sdsp s0, 112(sp)         : MemWrite :  D=0x0000000000010b70 A=0x7ffffffffffffde0
 173500: system.cpu: T0 : 0x109aa    : ld s0, -464(a5)            : MemRead :  D=0x0000000000010040 A=0x71e30
 174000: system.cpu: T0 : 0x109ae    : c_sdsp s3, 88(sp)          : MemWrite :  D=0x0000000000000000 A=0x7ffffffffffffdc8
 174500: system.cpu: T0 : 0x109b0    : lui a5, 112                : IntAlu :  D=0x0000000000070000
 175000: system.cpu: T0 : 0x109b4    : c_sdsp ra, 120(sp)         : MemWrite :  D=0x000000000001070e A=0x7ffffffffffffde8
 175500: system.cpu: T0 : 0x109b6    : c_sdsp s1, 104(sp)         : MemWrite :  D=0x0000000000010c00 A=0x7ffffffffffffdd8
 176000: system.cpu: T0 : 0x109b8    : c_sdsp s2, 96(sp)          : MemWrite :  D=0x0000000000000000 A=0x7ffffffffffffdd0
 176500: system.cpu: T0 : 0x109ba    : c_sdsp s4, 80(sp)          : MemWrite :  D=0x0000000000000000 A=0x7ffffffffffffdc0
 177000: system.cpu: T0 : 0x109bc    : c_sdsp s5, 72(sp)          : MemWrite :  D=0x0000000000000000 A=0x7ffffffffffffdb8
 177500: system.cpu: T0 : 0x109be    : c_sdsp s6, 64(sp)          : MemWrite :  D=0x0000000000000000 A=0x7ffffffffffffdb0
 178000: system.cpu: T0 : 0x109c0    : c_sdsp s7, 56(sp)          : MemWrite :  D=0x0000000000000000 A=0x7ffffffffffffda8
 178500: system.cpu: T0 : 0x109c2    : c_sdsp s8, 48(sp)          : MemWrite :  D=0x0000000000000000 A=0x7ffffffffffffda0
 179000: system.cpu: T0 : 0x109c4    : c_sdsp s9, 40(sp)          : MemWrite :  D=0x0000000000000000 A=0x7ffffffffffffd98
 179500: system.cpu: T0 : 0x109c6    : c_sdsp s10, 32(sp)         : MemWrite :  D=0x0000000000000000 A=0x7ffffffffffffd90
 180000: system.cpu: T0 : 0x109c8    : c_sdsp s11, 24(sp)         : MemWrite :  D=0x0000000000000000 A=0x7ffffffffffffd88
 181000: system.cpu: T0 : 0x109ca    : ld s3, 816(a5)             : MemRead :  D=0x000000000006fe60 A=0x70330
 182000: system.cpu: T0 : 0x109ce    : beq s0, zero, 368          : IntAlu : 
 183000: system.cpu: T0 : 0x109d2    : lui a5, 114                : IntAlu :  D=0x0000000000072000
 184000: system.cpu: T0 : 0x109d6    : ld a5, -408(a5)            : MemRead :  D=0x0000000000000006 A=0x71e68
 185000: system.cpu: T0 : 0x109da    : slli a4, a5, 3             : IntAlu :  D=0x0000000000000030
 185500: system.cpu: T0 : 0x109de    : c_sub a4, a5               : IntAlu :  D=0x000000000000002a
 186000: system.cpu: T0 : 0x109e0    : c_slli a4, 3               : IntAlu :  D=0x0000000000000150
 186500: system.cpu: T0 : 0x109e2    : c_add a4, s0               : IntAlu :  D=0x0000000000010190
 187000: system.cpu: T0 : 0x109e4    : bgeu s0, a4, 322           : IntAlu : 
 187500: system.cpu: T0 : 0x109e8    : c_li a3, 7                 : IntAlu :  D=0x0000000000000007
 188000: system.cpu: T0 : 0x109ea    : c_j 10                     : IntAlu : 
 188500: system.cpu: T0 : 0x109f4    : c_lw a5, 0(s0)             : MemRead :  D=0x0000000000000001 A=0x10040
 189500: system.cpu: T0 : 0x109f6    : bne a5, a3, -10            : IntAlu : 
 190000: system.cpu: T0 : 0x109ec    : addi s0, s0, 56            : IntAlu :  D=0x0000000000010078
 190500: system.cpu: T0 : 0x109f0    : bgeu s0, a4, 310           : IntAlu : 
 191000: system.cpu: T0 : 0x109f4    : c_lw a5, 0(s0)             : MemRead :  D=0x0000000000000001 A=0x10078
 192000: system.cpu: T0 : 0x109f6    : bne a5, a3, -10            : IntAlu : 
 192500: system.cpu: T0 : 0x109ec    : addi s0, s0, 56            : IntAlu :  D=0x00000000000100b0
 193000: system.cpu: T0 : 0x109f0    : bgeu s0, a4, 310           : IntAlu : 
 193500: system.cpu: T0 : 0x109f4    : c_lw a5, 0(s0)             : MemRead :  D=0x0000000000000004 A=0x100b0
 194500: system.cpu: T0 : 0x109f6    : bne a5, a3, -10            : IntAlu : 
 195000: system.cpu: T0 : 0x109ec    : addi s0, s0, 56            : IntAlu :  D=0x00000000000100e8
 195500: system.cpu: T0 : 0x109f0    : bgeu s0, a4, 310           : IntAlu : 
 196000: system.cpu: T0 : 0x109f4    : c_lw a5, 0(s0)             : MemRead :  D=0x0000000000000007 A=0x100e8
 197000: system.cpu: T0 : 0x109f6    : bne a5, a3, -10            : IntAlu : 
 198000: system.cpu: T0 : 0x109fa    : ld s5, 48(s0)              : MemRead :  D=0x0000000000000008 A=0x10118
 199000: system.cpu: T0 : 0x109fe    : ld a1, 0(s3)               : MemRead :  D=0x0000000000000000 A=0x6fe60
 199500: system.cpu: T0 : 0x10a02    : c_ld a4, 16(s0)            : MemRead :  D=0x000000000006ead0 A=0x100f8
 200000: system.cpu: T0 : 0x10a04    : c_li a5, 16                : IntAlu :  D=0x0000000000000010
 201000: system.cpu: T0 : 0x10a06    : ld s10, 40(s0)             : MemRead :  D=0x0000000000000060 A=0x10110
 202000: system.cpu: T0 : 0x10a0a    : ld s4, 32(s0)              : MemRead :  D=0x0000000000000020 A=0x10108
 202500: system.cpu: T0 : 0x10a0e    : c_mv s8, s5                : IntAlu :  D=0x0000000000000008
 203000: system.cpu: T0 : 0x10a10    : add s0, a1, a4             : IntAlu :  D=0x000000000006ead0
 203500: system.cpu: T0 : 0x10a14    : bltu s5, a5, 260           : IntAlu : 
 204000: system.cpu: T0 : 0x10b18    : c_li s8, 16                : IntAlu :  D=0x0000000000000010
 205000: system.cpu: T0 : 0x10b1a    : addi a4, s8, -1            : IntAlu :  D=0x000000000000000f
 205500: system.cpu: T0 : 0x10b1e    : c_mv s9, s5                : IntAlu :  D=0x0000000000000008
 206000: system.cpu: T0 : 0x10b20    : bne s5, zero, -254         : IntAlu : 
 207000: system.cpu: T0 : 0x10a22    : sub s11, zero, s8          : IntAlu :  D=0xfffffffffffffff0
 208000: system.cpu: T0 : 0x10a26    : beq s5, zero, 302          : IntAlu : 
 209000: system.cpu: T0 : 0x10a2a    : addi s2, s5, -1            : IntAlu :  D=0x0000000000000007
 210000: system.cpu: T0 : 0x10a2e    : divu a5, s2, s9            : IntDiv :  D=0x0000000000000000
 210500: system.cpu: T0 : 0x10a32    : c_add s2, s10              : IntAlu :  D=0x0000000000000067
 211000: system.cpu: T0 : 0x10a34    : mul s7, a5, s9             : IntMult :  D=0x0000000000000000
 211500: system.cpu: T0 : 0x10a38    : c_mv a5, s7                : IntAlu :  D=0x0000000000000000
 212500: system.cpu: T0 : 0x10a3a    : ld a0, -1968(gp)           : MemRead :  D=0x0000000000000800 A=0x70878
 213000: system.cpu: T0 : 0x10a3e    : c_sdsp a5, 8(sp)           : MemWrite :  D=0x0000000000000000 A=0x7ffffffffffffd78
 213500: system.cpu: T0 : 0x10a40    : c_sdsp a4, 0(sp)           : MemWrite :  D=0x000000000000000f A=0x7ffffffffffffd70
 214500: system.cpu: T0 : 0x10a42    : addi a0, a0, 1808          : IntAlu :  D=0x0000000000000f10
 215000: system.cpu: T0 : 0x10a46    : c_add a0, s10              : IntAlu :  D=0x0000000000000f70
 215500: system.cpu: T0 : 0x10a48    : c_add a0, s8               : IntAlu :  D=0x0000000000000f80
 216000: system.cpu: T0 : 0x10a4a    : c_add a0, s7               : IntAlu :  D=0x0000000000000f80
 216500: system.cpu: T0 : 0x10a4c    : jal ra, 67204              : IntAlu :  D=0x0000000000010a50
 217000: system.cpu: T0 : 0x210d0    : c_addi sp, -32             : IntAlu :  D=0x7ffffffffffffd50
 217500: system.cpu: T0 : 0x210d2    : c_sdsp s2, 0(sp)           : MemWrite :  D=0x0000000000000067 A=0x7ffffffffffffd50
 218000: system.cpu: T0 : 0x210d4    : c_sdsp s1, 8(sp)           : MemWrite :  D=0x0000000000010c00 A=0x7ffffffffffffd58
 219000: system.cpu: T0 : 0x210d6    : ld s1, -1200(gp)           : MemRead :  D=0x0000000000000000 A=0x70b78
 219500: system.cpu: T0 : 0x210da    : c_sdsp s0, 16(sp)          : MemWrite :  D=0x000000000006ead0 A=0x7ffffffffffffd60
 220000: system.cpu: T0 : 0x210dc    : c_sdsp ra, 24(sp)          : MemWrite :  D=0x0000000000010a50 A=0x7ffffffffffffd68
 220500: system.cpu: T0 : 0x210de    : c_mv s0, a0                : IntAlu :  D=0x0000000000000f80
 221000: system.cpu: T0 : 0x210e0    : c_beqz s1, 46              : IntAlu : 
 221500: system.cpu: T0 : 0x2110e    : c_li a0, 0                 : IntAlu :  D=0x0000000000000000
 222000: system.cpu: T0 : 0x21110    : jal ra, 98418              : IntAlu :  D=0x0000000000021114
 222500: system.cpu: T0 : 0x39182    : c_mv a5, a0                : IntAlu :  D=0x0000000000000000
 223000: system.cpu: T0 : 0x39184    : addi a7, zero, 214         : IntAlu :  D=0x00000000000000d6
 223500: system.cpu: T0 : 0x39188    : ecall                      : No_OpClass : 
 224000: system.cpu: T0 : 0x3918c    : sd a0, -1200(gp)           : MemWrite :  D=0x0000000000072000 A=0x70b78
 224500: system.cpu: T0 : 0x39190    : bltu a0, a5, 8             : IntAlu : 
 225000: system.cpu: T0 : 0x39194    : c_li a0, 0                 : IntAlu :  D=0x0000000000000000
 225500: system.cpu: T0 : 0x39196    : c_jr ra                    : IntAlu : 
 226000: system.cpu: T0 : 0x21114    : blt a0, zero, -22          : IntAlu : 
 226500: system.cpu: T0 : 0x21118    : ld s1, -1200(gp)           : MemRead :  D=0x0000000000072000 A=0x70b78
 227000: system.cpu: T0 : 0x2111c    : c_j -52                    : IntAlu : 
 227500: system.cpu: T0 : 0x210e8    : c_beqz s0, 24              : IntAlu : 
 228500: system.cpu: T0 : 0x210ea    : bge zero, s0, 52           : IntAlu : 
 229500: system.cpu: T0 : 0x210ee    : add a5, s0, s1             : IntAlu :  D=0x0000000000072f80
 230500: system.cpu: T0 : 0x210f2    : sltu a5, a5, s1            : IntAlu :  D=0x0000000000000000
 231000: system.cpu: T0 : 0x210f6    : c_beqz a5, 50              : IntAlu : 
 231500: system.cpu: T0 : 0x21128    : add a0, s1, s0             : IntAlu :  D=0x0000000000072f80
 232000: system.cpu: T0 : 0x2112c    : jal ra, 98390              : IntAlu :  D=0x0000000000021130
 232500: system.cpu: T0 : 0x39182    : c_mv a5, a0                : IntAlu :  D=0x0000000000072f80
 233000: system.cpu: T0 : 0x39184    : addi a7, zero, 214         : IntAlu :  D=0x00000000000000d6
 233500: system.cpu: T0 : 0x39188    : ecall                      : No_OpClass : 
 234000: system.cpu: T0 : 0x3918c    : sd a0, -1200(gp)           : MemWrite :  D=0x0000000000072f80 A=0x70b78
 234500: system.cpu: T0 : 0x39190    : bltu a0, a5, 8             : IntAlu : 
 235000: system.cpu: T0 : 0x39194    : c_li a0, 0                 : IntAlu :  D=0x0000000000000000
 235500: system.cpu: T0 : 0x39196    : c_jr ra                    : IntAlu : 
 236000: system.cpu: T0 : 0x21130    : blt a0, zero, -50          : IntAlu : 
 236500: system.cpu: T0 : 0x21134    : c_ldsp ra, 24(sp)          : MemRead :  D=0x0000000000010a50 A=0x7ffffffffffffd68
 237000: system.cpu: T0 : 0x21136    : c_ldsp s0, 16(sp)          : MemRead :  D=0x000000000006ead0 A=0x7ffffffffffffd60
 237500: system.cpu: T0 : 0x21138    : c_ldsp s2, 0(sp)           : MemRead :  D=0x0000000000000067 A=0x7ffffffffffffd50
 238000: system.cpu: T0 : 0x2113a    : c_mv a0, s1                : IntAlu :  D=0x0000000000072000
 238500: system.cpu: T0 : 0x2113c    : c_ldsp s1, 8(sp)           : MemRead :  D=0x0000000000010c00 A=0x7ffffffffffffd58
 239000: system.cpu: T0 : 0x2113e    : c_addi16sp sp, 32          : IntAlu :  D=0x7ffffffffffffd70
 239500: system.cpu: T0 : 0x21140    : c_jr ra                    : IntAlu : 
 240000: system.cpu: T0 : 0x10a50    : divu s2, s2, s9            : IntDiv :  D=0x000000000000000c
 240500: system.cpu: T0 : 0x10a54    : c_ldsp a4, 0(sp)           : MemRead :  D=0x000000000000000f A=0x7ffffffffffffd70
 241000: system.cpu: T0 : 0x10a56    : c_ldsp a5, 8(sp)           : MemRead :  D=0x0000000000000000 A=0x7ffffffffffffd78
 241500: system.cpu: T0 : 0x10a58    : addi s1, a0, 1808          : IntAlu :  D=0x0000000000072710
 242000: system.cpu: T0 : 0x10a5c    : c_add s1, a4               : IntAlu :  D=0x000000000007271f
 243000: system.cpu: T0 : 0x10a5e    : and s1, s1, s11            : IntAlu :  D=0x0000000000072710
 244000: system.cpu: T0 : 0x10a62    : lui a4, 114                : IntAlu :  D=0x0000000000072000
 245000: system.cpu: T0 : 0x10a66    : addi a4, a4, -1680         : IntAlu :  D=0x0000000000071970
 246000: system.cpu: T0 : 0x10a6a    : add a0, s1, s7             : IntAlu :  D=0x0000000000072710
 247000: system.cpu: T0 : 0x10a6e    : sd a5, 1088(s3)            : MemWrite :  D=0x0000000000000000 A=0x702a0
 248000: system.cpu: T0 : 0x10a72    : addi a5, zero, 62          : IntAlu :  D=0x000000000000003e
 248500: system.cpu: T0 : 0x10a76    : c_mv a2, s4                : IntAlu :  D=0x0000000000000020
 249000: system.cpu: T0 : 0x10a78    : c_sd a5, 0(a4)             : MemWrite :  D=0x000000000000003e A=0x71970
 249500: system.cpu: T0 : 0x10a7a    : c_mv a1, s0                : IntAlu :  D=0x000000000006ead0
 250000: system.cpu: T0 : 0x10a7c    : c_sd a0, 32(a4)            : MemWrite :  D=0x0000000000072710 A=0x71990
 251000: system.cpu: T0 : 0x10a7e    : sd zero, 40(a4)            : MemWrite :  D=0x0000000000000000 A=0x71998
 252000: system.cpu: T0 : 0x10a82    : jal ra, 61666              : IntAlu :  D=0x0000000000010a86
 252500: system.cpu: T0 : 0x1fb64    : c_addi16sp sp, -48         : IntAlu :  D=0x7ffffffffffffd40
 253000: system.cpu: T0 : 0x1fb66    : c_sdsp s0, 32(sp)          : MemWrite :  D=0x000000000006ead0 A=0x7ffffffffffffd60
 253500: system.cpu: T0 : 0x1fb68    : c_sdsp s2, 16(sp)          : MemWrite :  D=0x000000000000000c A=0x7ffffffffffffd50
 254000: system.cpu: T0 : 0x1fb6a    : c_sdsp ra, 40(sp)          : MemWrite :  D=0x0000000000010a86 A=0x7ffffffffffffd68
 254500: system.cpu: T0 : 0x1fb6c    : c_sdsp s1, 24(sp)          : MemWrite :  D=0x0000000000072710 A=0x7ffffffffffffd58
 255000: system.cpu: T0 : 0x1fb6e    : c_sdsp s3, 8(sp)           : MemWrite :  D=0x000000000006fe60 A=0x7ffffffffffffd48
 255500: system.cpu: T0 : 0x1fb70    : c_li a5, 15                : IntAlu :  D=0x000000000000000f
 256000: system.cpu: T0 : 0x1fb72    : c_mv s2, a0                : IntAlu :  D=0x0000000000072710
 256500: system.cpu: T0 : 0x1fb74    : c_mv a4, a0                : IntAlu :  D=0x0000000000072710
 257000: system.cpu: T0 : 0x1fb76    : c_mv s0, a1                : IntAlu :  D=0x000000000006ead0
 257500: system.cpu: T0 : 0x1fb78    : bgeu a5, a2, 72            : IntAlu : 
 258000: system.cpu: T0 : 0x1fb7c    : sub a0, zero, a0           : IntAlu :  D=0xfffffffffff8d8f0
 258500: system.cpu: T0 : 0x1fb80    : c_andi a0, 7               : IntAlu :  D=0x0000000000000000
 259500: system.cpu: T0 : 0x1fb82    : sub s1, a2, a0             : IntAlu :  D=0x0000000000000020
 260000: system.cpu: T0 : 0x1fb86    : c_beqz a0, 110             : IntAlu : 
 260500: system.cpu: T0 : 0x1fbf4    : c_mv s3, s2                : IntAlu :  D=0x0000000000072710
 261000: system.cpu: T0 : 0x1fbf6    : c_j -84                    : IntAlu : 
 262000: system.cpu: T0 : 0x1fba2    : andi a5, s0, 7             : IntAlu :  D=0x0000000000000000
 263000: system.cpu: T0 : 0x1fba6    : srli a2, s1, 3             : IntAlu :  D=0x0000000000000004
 263500: system.cpu: T0 : 0x1fbaa    : c_mv a1, s0                : IntAlu :  D=0x000000000006ead0
 264000: system.cpu: T0 : 0x1fbac    : c_mv a0, s3                : IntAlu :  D=0x0000000000072710
 264500: system.cpu: T0 : 0x1fbae    : c_bnez a5, 64              : IntAlu : 
 265000: system.cpu: T0 : 0x1fbb0    : jal ra, 72                 : IntAlu :  D=0x000000000001fbb4
 265500: system.cpu: T0 : 0x1fbf8    : andi a5, a2, 7             : IntAlu :  D=0x0000000000000004
 266000: system.cpu: T0 : 0x1fbfc    : lui a4, 79                 : IntAlu :  D=0x000000000004f000
 266500: system.cpu: T0 : 0x1fc00    : c_slli a5, 2               : IntAlu :  D=0x0000000000000010
 267500: system.cpu: T0 : 0x1fc02    : addi a4, a4, 312           : IntAlu :  D=0x000000000004f138
 268000: system.cpu: T0 : 0x1fc06    : c_add a5, a4               : IntAlu :  D=0x000000000004f148
 268500: system.cpu: T0 : 0x1fc08    : c_lw a5, 0(a5)             : MemRead :  D=0x000000000001fca2 A=0x4f148
 269000: system.cpu: T0 : 0x1fc0a    : c_jr a5                    : IntAlu : 
 270000: system.cpu: T0 : 0x1fca2    : ld a6, 0(a1)               : MemRead :  D=0x0000000000070678 A=0x6ead0
 270500: system.cpu: T0 : 0x1fca6    : c_mv a3, a0                : IntAlu :  D=0x0000000000072710
 271000: system.cpu: T0 : 0x1fca8    : c_addi a1, -32             : IntAlu :  D=0x000000000006eab0
 272000: system.cpu: T0 : 0x1fcaa    : addi a5, a0, -40           : IntAlu :  D=0x00000000000726e8
 272500: system.cpu: T0 : 0x1fcae    : c_addi a2, 4               : IntAlu :  D=0x0000000000000008
 273000: system.cpu: T0 : 0x1fcb0    : c_j -124                   : IntAlu : 
 273500: system.cpu: T0 : 0x1fc34    : c_ld a4, 40(a1)            : MemRead :  D=0x0000000000070678 A=0x6ead8
 274500: system.cpu: T0 : 0x1fc36    : addi a0, a5, 48            : IntAlu :  D=0x0000000000072718
 275500: system.cpu: T0 : 0x1fc3a    : sd a6, 0(a3)               : MemWrite :  D=0x0000000000070678 A=0x72710
 276500: system.cpu: T0 : 0x1fc3a    : sd a6, 0(a3)               : MemWrite :  D=0x0000000000070678 A=0x72710
 277500: system.cpu: T0 : 0x1fc3e    : ld a6, 48(a1)              : MemRead :  D=0x0000000000070680 A=0x6eae0
 278500: system.cpu: T0 : 0x1fc42    : addi a3, a5, 56            : IntAlu :  D=0x0000000000072720
 279000: system.cpu: T0 : 0x1fc46    : c_sd a4, 0(a0)             : MemWrite :  D=0x0000000000070678 A=0x72718
 279500: system.cpu: T0 : 0x1fc48    : c_ld a4, 56(a1)            : MemRead :  D=0x0000000000070698 A=0x6eae8
 280500: system.cpu: T0 : 0x1fc4a    : addi a5, a5, 64            : IntAlu :  D=0x0000000000072728
 281500: system.cpu: T0 : 0x1fc4e    : sd a6, 0(a3)               : MemWrite :  D=0x0000000000070680 A=0x72720
 282000: system.cpu: T0 : 0x1fc52    : c_addi a2, -8              : IntAlu :  D=0x0000000000000000
 282500: system.cpu: T0 : 0x1fc54    : c_mv a0, a5                : IntAlu :  D=0x0000000000072728
 283500: system.cpu: T0 : 0x1fc56    : addi a1, a1, 64            : IntAlu :  D=0x000000000006eaf0
 284000: system.cpu: T0 : 0x1fc5a    : c_beqz a2, 24              : IntAlu : 
 284500: system.cpu: T0 : 0x1fc72    : c_sd a4, 0(a0)             : MemWrite :  D=0x0000000000070698 A=0x72728
 285000: system.cpu: T0 : 0x1fc74    : c_jr ra                    : IntAlu : 
 285500: system.cpu: T0 : 0x1fbb4    : andi a4, s1, 18446744073709551608 : IntAlu :  D=0x0000000000000020
 286000: system.cpu: T0 : 0x1fbb8    : c_add s0, a4               : IntAlu :  D=0x000000000006eaf0
 287000: system.cpu: T0 : 0x1fbba    : andi a2, s1, 7             : IntAlu :  D=0x0000000000000000
 287500: system.cpu: T0 : 0x1fbbe    : c_add a4, s3               : IntAlu :  D=0x0000000000072730
 288000: system.cpu: T0 : 0x1fbc0    : c_addi a4, -1              : IntAlu :  D=0x000000000007272f
 288500: system.cpu: T0 : 0x1fbc2    : c_mv a5, s0                : IntAlu :  D=0x000000000006eaf0
 289000: system.cpu: T0 : 0x1fbc4    : add a1, a2, s0             : IntAlu :  D=0x000000000006eaf0
 289500: system.cpu: T0 : 0x1fbc8    : c_sub a4, s0               : IntAlu :  D=0x0000000000003c3f
 290000: system.cpu: T0 : 0x1fbca    : c_beqz a2, 20              : IntAlu : 
 290500: system.cpu: T0 : 0x1fbde    : c_ldsp ra, 40(sp)          : MemRead :  D=0x0000000000010a86 A=0x7ffffffffffffd68
 291000: system.cpu: T0 : 0x1fbe0    : c_ldsp s0, 32(sp)          : MemRead :  D=0x000000000006ead0 A=0x7ffffffffffffd60
 291500: system.cpu: T0 : 0x1fbe2    : c_ldsp s1, 24(sp)          : MemRead :  D=0x0000000000072710 A=0x7ffffffffffffd58
 292000: system.cpu: T0 : 0x1fbe4    : c_ldsp s3, 8(sp)           : MemRead :  D=0x000000000006fe60 A=0x7ffffffffffffd48
 292500: system.cpu: T0 : 0x1fbe6    : c_mv a0, s2                : IntAlu :  D=0x0000000000072710
 293000: system.cpu: T0 : 0x1fbe8    : c_ldsp s2, 16(sp)          : MemRead :  D=0x000000000000000c A=0x7ffffffffffffd50
 293500: system.cpu: T0 : 0x1fbea    : c_addi16sp sp, 48          : IntAlu :  D=0x7ffffffffffffd70
 294000: system.cpu: T0 : 0x1fbec    : c_jr ra                    : IntAlu : 
 295000: system.cpu: T0 : 0x10a86    : lui a5, 114                : IntAlu :  D=0x0000000000072000
 296000: system.cpu: T0 : 0x10a8a    : addi a5, a5, -1664         : IntAlu :  D=0x0000000000071980
 297000: system.cpu: T0 : 0x10a8e    : ld a4, -1968(gp)           : MemRead :  D=0x0000000000000800 A=0x70878
 298000: system.cpu: T0 : 0x10a92    : addi a3, gp, -960          : IntAlu :  D=0x0000000000070c68
 299000: system.cpu: T0 : 0x10a96    : sd a5, -16(s1)             : MemWrite :  D=0x0000000000071980 A=0x72700
 300000: system.cpu: T0 : 0x10a9a    : addi a2, zero, 64          : IntAlu :  D=0x0000000000000040
 300500: system.cpu: T0 : 0x10a9e    : c_li a5, 1                 : IntAlu :  D=0x0000000000000001
 301000: system.cpu: T0 : 0x10aa0    : c_sd a2, 0(a3)             : MemWrite :  D=0x0000000000000040 A=0x70c68
 302000: system.cpu: T0 : 0x10aa2    : lui a2, 114                : IntAlu :  D=0x0000000000072000
 303000: system.cpu: T0 : 0x10aa6    : sd a5, -1688(a2)           : MemWrite :  D=0x0000000000000001 A=0x71968
 304000: system.cpu: T0 : 0x10aaa    : lui a2, 114                : IntAlu :  D=0x0000000000072000
 305000: system.cpu: T0 : 0x10aae    : sd s3, 40(a3)              : MemWrite :  D=0x000000000006fe60 A=0x70c90
 306000: system.cpu: T0 : 0x10ab2    : sd a3, -656(a2)            : MemWrite :  D=0x0000000000070c68 A=0x71d70
 307000: system.cpu: T0 : 0x10ab6    : lui a3, 114                : IntAlu :  D=0x0000000000072000
 308000: system.cpu: T0 : 0x10aba    : sd s8, -1696(a3)           : MemWrite :  D=0x0000000000000010 A=0x71960
 309000: system.cpu: T0 : 0x10abe    : lui a3, 114                : IntAlu :  D=0x0000000000072000
 310000: system.cpu: T0 : 0x10ac2    : sd a5, 1096(s3)            : MemWrite :  D=0x0000000000000001 A=0x702a8
 311000: system.cpu: T0 : 0x10ac6    : sd a5, -632(a3)            : MemWrite :  D=0x0000000000000001 A=0x71d88
 311500: system.cpu: T0 : 0x10aca    : c_addi a4, 15              : IntAlu :  D=0x000000000000080f
 312000: system.cpu: T0 : 0x10acc    : sd s0, 1048(s3)            : MemWrite :  D=0x000000000006ead0 A=0x70278
 312500: system.cpu: T0 : 0x10ad0    : c_ldsp ra, 120(sp)         : MemRead :  D=0x000000000001070e A=0x7ffffffffffffde8
 313000: system.cpu: T0 : 0x10ad2    : c_ldsp s0, 112(sp)         : MemRead :  D=0x0000000000010b70 A=0x7ffffffffffffde0
 313500: system.cpu: T0 : 0x10ad4    : sd s5, 1072(s3)            : MemWrite :  D=0x0000000000000008 A=0x70290
 314000: system.cpu: T0 : 0x10ad8    : sd s10, 1064(s3)           : MemWrite :  D=0x0000000000000060 A=0x70288
 314500: system.cpu: T0 : 0x10adc    : sd s4, 1056(s3)            : MemWrite :  D=0x0000000000000020 A=0x70280
 315000: system.cpu: T0 : 0x10ae0    : c_ldsp s5, 72(sp)          : MemRead :  D=0x0000000000000000 A=0x7ffffffffffffdb8
 315500: system.cpu: T0 : 0x10ae2    : c_ldsp s3, 88(sp)          : MemRead :  D=0x0000000000000000 A=0x7ffffffffffffdc8
 316000: system.cpu: T0 : 0x10ae4    : c_ldsp s4, 80(sp)          : MemRead :  D=0x0000000000000000 A=0x7ffffffffffffdc0
 316500: system.cpu: T0 : 0x10ae6    : c_ldsp s8, 48(sp)          : MemRead :  D=0x0000000000000000 A=0x7ffffffffffffda0
 317000: system.cpu: T0 : 0x10ae8    : c_ldsp s10, 32(sp)         : MemRead :  D=0x0000000000000000 A=0x7ffffffffffffd90
 317500: system.cpu: T0 : 0x10aea    : c_ldsp s11, 24(sp)         : MemRead :  D=0x0000000000000000 A=0x7ffffffffffffd88
 318000: system.cpu: T0 : 0x10aec    : c_mv tp, s1                : IntAlu :  D=0x0000000000072710
 318500: system.cpu: T0 : 0x10aee    : c_ldsp s1, 104(sp)         : MemRead :  D=0x0000000000010c00 A=0x7ffffffffffffdd8
 319000: system.cpu: T0 : 0x10af0    : mul s2, s2, s9             : IntMult :  D=0x0000000000000060
 319500: system.cpu: T0 : 0x10af4    : c_ldsp s9, 40(sp)          : MemRead :  D=0x0000000000000000 A=0x7ffffffffffffd98
 320500: system.cpu: T0 : 0x10af6    : add a5, s2, s7             : IntAlu :  D=0x0000000000000060
 321000: system.cpu: T0 : 0x10afa    : c_add a4, a5               : IntAlu :  D=0x000000000000086f
 321500: system.cpu: T0 : 0x10afc    : c_andi a4, 18446744073709551600 : IntAlu :  D=0x0000000000000860
 322500: system.cpu: T0 : 0x10afe    : sd a4, -1968(gp)           : MemWrite :  D=0x0000000000000860 A=0x70878
 323500: system.cpu: T0 : 0x10b02    : lui a4, 114                : IntAlu :  D=0x0000000000072000
 324500: system.cpu: T0 : 0x10b06    : sd a5, -1704(a4)           : MemWrite :  D=0x0000000000000060 A=0x71958
 325000: system.cpu: T0 : 0x10b0a    : c_ldsp s2, 96(sp)          : MemRead :  D=0x0000000000000000 A=0x7ffffffffffffdd0
 325500: system.cpu: T0 : 0x10b0c    : c_ldsp s6, 64(sp)          : MemRead :  D=0x0000000000000000 A=0x7ffffffffffffdb0
 326000: system.cpu: T0 : 0x10b0e    : c_ldsp s7, 56(sp)          : MemRead :  D=0x0000000000000000 A=0x7ffffffffffffda8
 326500: system.cpu: T0 : 0x10b10    : c_addi16sp sp, 128         : IntAlu :  D=0x7ffffffffffffdf0
 327000: system.cpu: T0 : 0x10b12    : c_jr ra                    : IntAlu : 
 328000: system.cpu: T0 : 0x1070e    : lui a5, 111                : IntAlu :  D=0x000000000006f000
 329000: system.cpu: T0 : 0x10712    : ld a5, -128(a5)            : MemRead :  D=0x7fffffffffffffd8 A=0x6ef80
 330000: system.cpu: T0 : 0x10716    : lw a7, -1728(gp)           : MemRead :  D=0x0000000000000000 A=0x70968
 331000: system.cpu: T0 : 0x1071a    : lbu a6, 1(a5)              : MemRead :  D=0x0000000000000000 A=0x7fffffffffffffd9
 332000: system.cpu: T0 : 0x1071e    : lbu a4, 0(a5)              : MemRead :  D=0x0000000000000000 A=0x7fffffffffffffd8
 333000: system.cpu: T0 : 0x10722    : lbu a0, 2(a5)              : MemRead :  D=0x0000000000000000 A=0x7fffffffffffffda
 334000: system.cpu: T0 : 0x10726    : lbu a1, 3(a5)              : MemRead :  D=0x000000000000002e A=0x7fffffffffffffdb
 335000: system.cpu: T0 : 0x1072a    : lbu a2, 4(a5)              : MemRead :  D=0x000000000000002e A=0x7fffffffffffffdc
 335500: system.cpu: T0 : 0x1072e    : c_slli a6, 8               : IntAlu :  D=0x0000000000000000
 336000: system.cpu: T0 : 0x10730    : lbu a3, 5(a5)              : MemRead :  D=0x000000000000002f A=0x7fffffffffffffdd
 336500: system.cpu: T0 : 0x10734    : or a6, a6, a4              : IntAlu :  D=0x0000000000000000
 337000: system.cpu: T0 : 0x10738    : c_slli a0, 16              : IntAlu :  D=0x0000000000000000
 338000: system.cpu: T0 : 0x1073a    : lbu a4, 6(a5)              : MemRead :  D=0x0000000000000044 A=0x7fffffffffffffde
 339000: system.cpu: T0 : 0x1073e    : or a0, a0, a6              : IntAlu :  D=0x0000000000000000
 339500: system.cpu: T0 : 0x10742    : c_slli a1, 24              : IntAlu :  D=0x000000002e000000
 340000: system.cpu: T0 : 0x10744    : lbu a5, 7(a5)              : MemRead :  D=0x000000000000006f A=0x7fffffffffffffdf
 340500: system.cpu: T0 : 0x10748    : c_or a1, a0                : IntAlu :  D=0x000000002e000000
 341000: system.cpu: T0 : 0x1074a    : c_slli a2, 32              : IntAlu :  D=0x0000002e00000000
 341500: system.cpu: T0 : 0x1074c    : c_or a2, a1                : IntAlu :  D=0x0000002e2e000000
 342000: system.cpu: T0 : 0x1074e    : c_slli a3, 40              : IntAlu :  D=0x00002f0000000000
 342500: system.cpu: T0 : 0x10750    : c_or a3, a2                : IntAlu :  D=0x00002f2e2e000000
 343000: system.cpu: T0 : 0x10752    : c_slli a4, 48              : IntAlu :  D=0x0044000000000000
 343500: system.cpu: T0 : 0x10754    : c_or a4, a3                : IntAlu :  D=0x00442f2e2e000000
 344000: system.cpu: T0 : 0x10756    : c_slli a5, 56              : IntAlu :  D=0x6f00000000000000
 344500: system.cpu: T0 : 0x10758    : c_or a5, a4                : IntAlu :  D=0x6f442f2e2e000000
 345500: system.cpu: T0 : 0x1075a    : andi a5, a5, 18446744073709551360 : IntAlu :  D=0x6f442f2e2e000000
 346500: system.cpu: T0 : 0x1075e    : lui a4, 111                : IntAlu :  D=0x000000000006f000
 347500: system.cpu: T0 : 0x10762    : sd a5, -1264(a4)           : MemWrite :  D=0x6f442f2e2e000000 A=0x6eb10
 348500: system.cpu: T0 : 0x10766    : beq a7, zero, 286          : IntAlu : 
 349000: system.cpu: T0 : 0x10884    : jal ra, 75206              : IntAlu :  D=0x0000000000010888
 349500: system.cpu: T0 : 0x22e4a    : c_addi16sp sp, -496        : IntAlu :  D=0x7ffffffffffffc00
 350000: system.cpu: T0 : 0x22e4c    : c_addi4spn a0, sp, 72      : IntAlu :  D=0x7ffffffffffffc48
 350500: system.cpu: T0 : 0x22e4e    : c_sdsp ra, 488(sp)         : MemWrite :  D=0x0000000000010888 A=0x7ffffffffffffde8
 351000: system.cpu: T0 : 0x22e50    : c_sdsp s0, 480(sp)         : MemWrite :  D=0x0000000000010b70 A=0x7ffffffffffffde0
 351500: system.cpu: T0 : 0x22e52    : c_sdsp s1, 472(sp)         : MemWrite :  D=0x0000000000010c00 A=0x7ffffffffffffdd8
 352000: system.cpu: T0 : 0x22e54    : jal ra, 90520              : IntAlu :  D=0x0000000000022e58
 352500: system.cpu: T0 : 0x38fec    : addi a7, zero, 160         : IntAlu :  D=0x00000000000000a0
 353000: system.cpu: T0 : 0x38ff0    : ecall                      : No_OpClass : 
 353500: system.cpu: T0 : 0x38ff4    : c_lui a7, 1048575          : IntAlu :  D=0xfffffffffffff000
 354500: system.cpu: T0 : 0x38ff6    : bltu a7, a0, 6             : IntAlu : 
 355000: system.cpu: T0 : 0x38ffa    : c_jr ra                    : IntAlu : 
 355500: system.cpu: T0 : 0x22e58    : addi a3, sp, 202           : IntAlu :  D=0x7ffffffffffffcca
 356000: system.cpu: T0 : 0x22e5c    : c_bnez a0, 140             : IntAlu : 
 356500: system.cpu: T0 : 0x22e5e    : c_li t1, 0                 : IntAlu :  D=0x0000000000000000
 357000: system.cpu: T0 : 0x22e60    : c_li a0, 0                 : IntAlu :  D=0x0000000000000000
 357500: system.cpu: T0 : 0x22e62    : c_li a7, 9                 : IntAlu :  D=0x0000000000000009
 358000: system.cpu: T0 : 0x22e64    : addi t3, zero, 46          : IntAlu :  D=0x000000000000002e
 358500: system.cpu: T0 : 0x22e68    : c_li t4, 3                 : IntAlu :  D=0x0000000000000003
 359500: system.cpu: T0 : 0x22e6a    : lbu a5, 0(a3)              : MemRead :  D=0x0000000000000035 A=0x7ffffffffffffcca
 360500: system.cpu: T0 : 0x22e6e    : addiw a5, a5, -48          : IntAlu :  D=0x0000000000000005
 361500: system.cpu: T0 : 0x22e72    : andi a4, a5, 255           : IntAlu :  D=0x0000000000000005
 362500: system.cpu: T0 : 0x22e76    : bltu a7, a4, 98            : IntAlu : 
 363500: system.cpu: T0 : 0x22e7a    : lbu a1, 1(a3)              : MemRead :  D=0x000000000000002e A=0x7ffffffffffffccb
 364500: system.cpu: T0 : 0x22e7e    : addiw a4, a5, 0            : IntAlu :  D=0x0000000000000005
 365000: system.cpu: T0 : 0x22e82    : c_addi a3, 1               : IntAlu :  D=0x7ffffffffffffccb
 365500: system.cpu: T0 : 0x22e84    : addiw a2, a1, -48          : IntAlu :  D=0xfffffffffffffffe
 366000: system.cpu: T0 : 0x22e88    : andi a5, a2, 255           : IntAlu :  D=0x00000000000000fe
 366500: system.cpu: T0 : 0x22e8c    : bltu a7, a5, 36            : IntAlu : 
 367000: system.cpu: T0 : 0x22eb0    : slliw a5, a0, 8            : IntAlu :  D=0x0000000000000000
 367500: system.cpu: T0 : 0x22eb4    : c_or a5, a4                : IntAlu :  D=0x0000000000000005
 368000: system.cpu: T0 : 0x22eb6    : c_addiw t1, 1              : IntAlu :  D=0x0000000000000001
 368500: system.cpu: T0 : 0x22eb8    : addiw a0, a5, 0            : IntAlu :  D=0x0000000000000005
 369000: system.cpu: T0 : 0x22ebc    : c_addi a3, 1               : IntAlu :  D=0x7ffffffffffffccc
 370000: system.cpu: T0 : 0x22ebe    : bne a1, t3, 20             : IntAlu : 
 371000: system.cpu: T0 : 0x22ec2    : bne t1, t4, -88            : IntAlu : 
 372000: system.cpu: T0 : 0x22e6a    : lbu a5, 0(a3)              : MemRead :  D=0x0000000000000031 A=0x7ffffffffffffccc
 373000: system.cpu: T0 : 0x22e6e    : addiw a5, a5, -48          : IntAlu :  D=0x0000000000000001
 374000: system.cpu: T0 : 0x22e72    : andi a4, a5, 255           : IntAlu :  D=0x0000000000000001
 375000: system.cpu: T0 : 0x22e76    : bltu a7, a4, 98            : IntAlu : 
 376000: system.cpu: T0 : 0x22e7a    : lbu a1, 1(a3)              : MemRead :  D=0x000000000000002e A=0x7ffffffffffffccd
 377000: system.cpu: T0 : 0x22e7e    : addiw a4, a5, 0            : IntAlu :  D=0x0000000000000001
 377500: system.cpu: T0 : 0x22e82    : c_addi a3, 1               : IntAlu :  D=0x7ffffffffffffccd
 378000: system.cpu: T0 : 0x22e84    : addiw a2, a1, -48          : IntAlu :  D=0xfffffffffffffffe
 378500: system.cpu: T0 : 0x22e88    : andi a5, a2, 255           : IntAlu :  D=0x00000000000000fe
 379000: system.cpu: T0 : 0x22e8c    : bltu a7, a5, 36            : IntAlu : 
 379500: system.cpu: T0 : 0x22eb0    : slliw a5, a0, 8            : IntAlu :  D=0x0000000000000500
 380000: system.cpu: T0 : 0x22eb4    : c_or a5, a4                : IntAlu :  D=0x0000000000000501
 380500: system.cpu: T0 : 0x22eb6    : c_addiw t1, 1              : IntAlu :  D=0x0000000000000002
 381000: system.cpu: T0 : 0x22eb8    : addiw a0, a5, 0            : IntAlu :  D=0x0000000000000501
 381500: system.cpu: T0 : 0x22ebc    : c_addi a3, 1               : IntAlu :  D=0x7ffffffffffffcce
 382500: system.cpu: T0 : 0x22ebe    : bne a1, t3, 20             : IntAlu : 
 383500: system.cpu: T0 : 0x22ec2    : bne t1, t4, -88            : IntAlu : 
 384500: system.cpu: T0 : 0x22e6a    : lbu a5, 0(a3)              : MemRead :  D=0x0000000000000030 A=0x7ffffffffffffcce
 385500: system.cpu: T0 : 0x22e6e    : addiw a5, a5, -48          : IntAlu :  D=0x0000000000000000
 386500: system.cpu: T0 : 0x22e72    : andi a4, a5, 255           : IntAlu :  D=0x0000000000000000
 387500: system.cpu: T0 : 0x22e76    : bltu a7, a4, 98            : IntAlu : 
 388500: system.cpu: T0 : 0x22e7a    : lbu a1, 1(a3)              : MemRead :  D=0x0000000000000000 A=0x7ffffffffffffccf
 389500: system.cpu: T0 : 0x22e7e    : addiw a4, a5, 0            : IntAlu :  D=0x0000000000000000
 390000: system.cpu: T0 : 0x22e82    : c_addi a3, 1               : IntAlu :  D=0x7ffffffffffffccf
 390500: system.cpu: T0 : 0x22e84    : addiw a2, a1, -48          : IntAlu :  D=0xffffffffffffffd0
 391000: system.cpu: T0 : 0x22e88    : andi a5, a2, 255           : IntAlu :  D=0x00000000000000d0
 391500: system.cpu: T0 : 0x22e8c    : bltu a7, a5, 36            : IntAlu : 
 392000: system.cpu: T0 : 0x22eb0    : slliw a5, a0, 8            : IntAlu :  D=0x0000000000050100
 392500: system.cpu: T0 : 0x22eb4    : c_or a5, a4                : IntAlu :  D=0x0000000000050100
 393000: system.cpu: T0 : 0x22eb6    : c_addiw t1, 1              : IntAlu :  D=0x0000000000000003
 393500: system.cpu: T0 : 0x22eb8    : addiw a0, a5, 0            : IntAlu :  D=0x0000000000050100
 394000: system.cpu: T0 : 0x22ebc    : c_addi a3, 1               : IntAlu :  D=0x7ffffffffffffcd0
 395000: system.cpu: T0 : 0x22ebe    : bne a1, t3, 20             : IntAlu : 
 395500: system.cpu: T0 : 0x22ed2    : c_li a5, 3                 : IntAlu :  D=0x0000000000000003
 396000: system.cpu: T0 : 0x22ed4    : beq t1, a5, -14            : IntAlu : 
 396500: system.cpu: T0 : 0x22ec6    : c_addiw a0, 0              : IntAlu :  D=0x0000000000050100
 397000: system.cpu: T0 : 0x22ec8    : c_ldsp ra, 488(sp)         : MemRead :  D=0x0000000000010888 A=0x7ffffffffffffde8
 397500: system.cpu: T0 : 0x22eca    : c_ldsp s0, 480(sp)         : MemRead :  D=0x0000000000010b70 A=0x7ffffffffffffde0
 398000: system.cpu: T0 : 0x22ecc    : c_ldsp s1, 472(sp)         : MemRead :  D=0x0000000000010c00 A=0x7ffffffffffffdd8
 398500: system.cpu: T0 : 0x22ece    : c_addi16sp sp, 496         : IntAlu :  D=0x7ffffffffffffdf0
 399000: system.cpu: T0 : 0x22ed0    : c_jr ra                    : IntAlu : 
 399500: system.cpu: T0 : 0x10888    : c_mv a5, a0                : IntAlu :  D=0x0000000000050100
 400500: system.cpu: T0 : 0x1088a    : blt a0, zero, 104          : IntAlu : 
 401500: system.cpu: T0 : 0x1088e    : lui a4, 114                : IntAlu :  D=0x0000000000072000
 402500: system.cpu: T0 : 0x10892    : lw a3, -376(a4)            : MemRead :  D=0x0000000000000000 A=0x71e88
 403500: system.cpu: T0 : 0x10896    : addiw a4, a0, 0            : IntAlu :  D=0x0000000000050100
 404000: system.cpu: T0 : 0x1089a    : c_bnez a3, 82              : IntAlu : 
 404500: system.cpu: T0 : 0x1089c    : lui a3, 114                : IntAlu :  D=0x0000000000072000
 405000: system.cpu: T0 : 0x108a0    : sw a4, -376(a3)            : MemWrite :  D=0x0000000000050100 A=0x71e88
 405500: system.cpu: T0 : 0x108a4    : lui a4, 65                 : IntAlu :  D=0x0000000000041000
 406000: system.cpu: T0 : 0x108a8    : addi a4, a4, -257          : IntAlu :  D=0x0000000000040eff
 406500: system.cpu: T0 : 0x108ac    : blt a4, a5, -322           : IntAlu : 
 407500: system.cpu: T0 : 0x1076a    : addi a5, zero, 0           : IntAlu :  D=0x0000000000000000
 408000: system.cpu: T0 : 0x1076e    : c_beqz a5, 10              : IntAlu : 
 408500: system.cpu: T0 : 0x10778    : lui a5, 111                : IntAlu :  D=0x000000000006f000
 409000: system.cpu: T0 : 0x1077c    : ld a5, -128(a5)            : MemRead :  D=0x7fffffffffffffd8 A=0x6ef80
 409500: system.cpu: T0 : 0x10780    : lbu a4, 14(a5)             : MemRead :  D=0x0000000000000073 A=0x7fffffffffffffe6
 410000: system.cpu: T0 : 0x10784    : lbu a7, 8(a5)              : MemRead :  D=0x0000000000000077 A=0x7fffffffffffffe0
 410500: system.cpu: T0 : 0x10788    : lbu a6, 9(a5)              : MemRead :  D=0x000000000000006e A=0x7fffffffffffffe1
 411000: system.cpu: T0 : 0x1078c    : lbu a0, 10(a5)             : MemRead :  D=0x000000000000006c A=0x7fffffffffffffe2
 411500: system.cpu: T0 : 0x10790    : lbu a1, 11(a5)             : MemRead :  D=0x000000000000006f A=0x7fffffffffffffe3
 412000: system.cpu: T0 : 0x10794    : lbu a2, 12(a5)             : MemRead :  D=0x0000000000000061 A=0x7fffffffffffffe4
 412500: system.cpu: T0 : 0x10798    : lbu a3, 13(a5)             : MemRead :  D=0x0000000000000064 A=0x7fffffffffffffe5
 413000: system.cpu: T0 : 0x1079c    : lbu a5, 15(a5)             : MemRead :  D=0x000000000000002f A=0x7fffffffffffffe7
 413500: system.cpu: T0 : 0x107a0    : sb a7, 40(sp)              : MemWrite :  D=0x0000000000000077 A=0x7ffffffffffffe18
 414000: system.cpu: T0 : 0x107a4    : sb a6, 41(sp)              : MemWrite :  D=0x000000000000006e A=0x7ffffffffffffe19
 414500: system.cpu: T0 : 0x107a8    : sb a5, 47(sp)              : MemWrite :  D=0x000000000000002f A=0x7ffffffffffffe1f
 415000: system.cpu: T0 : 0x107ac    : sb a0, 42(sp)              : MemWrite :  D=0x000000000000006c A=0x7ffffffffffffe1a
 415500: system.cpu: T0 : 0x107b0    : sb a1, 43(sp)              : MemWrite :  D=0x000000000000006f A=0x7ffffffffffffe1b
 416000: system.cpu: T0 : 0x107b4    : sb a2, 44(sp)              : MemWrite :  D=0x0000000000000061 A=0x7ffffffffffffe1c
 416500: system.cpu: T0 : 0x107b8    : sb a3, 45(sp)              : MemWrite :  D=0x0000000000000064 A=0x7ffffffffffffe1d
 417000: system.cpu: T0 : 0x107bc    : sb a4, 46(sp)              : MemWrite :  D=0x0000000000000073 A=0x7ffffffffffffe1e
 417500: system.cpu: T0 : 0x107c0    : c_ldsp a4, 40(sp)          : MemRead :  D=0x2f7364616f6c6e77 A=0x7ffffffffffffe18
 418500: system.cpu: T0 : 0x107c2    : lui a5, 111                : IntAlu :  D=0x000000000006f000
 419500: system.cpu: T0 : 0x107c6    : sd a4, -1256(a5)           : MemWrite :  D=0x2f7364616f6c6e77 A=0x6eb18
 420500: system.cpu: T0 : 0x107ca    : beq s2, zero, 14           : IntAlu : 
 421000: system.cpu: T0 : 0x107d8    : ld a2, -1360(gp)           : MemRead :  D=0x7fffffffffffff48 A=0x70ad8
 421500: system.cpu: T0 : 0x107dc    : c_ldsp a1, 16(sp)          : MemRead :  D=0x7fffffffffffff38 A=0x7ffffffffffffe00
 422000: system.cpu: T0 : 0x107de    : c_ldsp a0, 8(sp)           : MemRead :  D=0x0000000000000001 A=0x7ffffffffffffdf8
 422500: system.cpu: T0 : 0x107e0    : jal ra, 75610              : IntAlu :  D=0x00000000000107e4
 423000: system.cpu: T0 : 0x22f3a    : c_addi sp, -32             : IntAlu :  D=0x7ffffffffffffdd0
 423500: system.cpu: T0 : 0x22f3c    : c_sdsp s0, 16(sp)          : MemWrite :  D=0x0000000000010b70 A=0x7ffffffffffffde0
 424000: system.cpu: T0 : 0x22f3e    : c_sdsp s1, 8(sp)           : MemWrite :  D=0x0000000000010c00 A=0x7ffffffffffffdd8
 424500: system.cpu: T0 : 0x22f40    : c_sdsp s2, 0(sp)           : MemWrite :  D=0x0000000000000000 A=0x7ffffffffffffdd0
 425000: system.cpu: T0 : 0x22f42    : c_sdsp ra, 24(sp)          : MemWrite :  D=0x00000000000107e4 A=0x7ffffffffffffde8
 425500: system.cpu: T0 : 0x22f44    : addi a4, zero, 0           : IntAlu :  D=0x0000000000000000
 426000: system.cpu: T0 : 0x22f48    : c_mv s0, a0                : IntAlu :  D=0x0000000000000001
 426500: system.cpu: T0 : 0x22f4a    : c_mv s1, a1                : IntAlu :  D=0x7fffffffffffff38
 427000: system.cpu: T0 : 0x22f4c    : c_mv s2, a2                : IntAlu :  D=0x7fffffffffffff48
 427500: system.cpu: T0 : 0x22f4e    : c_beqz a4, 62              : IntAlu : 
 428000: system.cpu: T0 : 0x22f8c    : lw a0, -1248(gp)           : MemRead :  D=0x0000000000000000 A=0x70b48
 428500: system.cpu: T0 : 0x22f90    : lw a5, -1344(gp)           : MemRead :  D=0x0000000000000000 A=0x70ae8
 429000: system.cpu: T0 : 0x22f94    : sw zero, -1728(gp)         : MemWrite :  D=0x0000000000000000 A=0x70968
 429500: system.cpu: T0 : 0x22f98    : beq a5, a0, -60            : IntAlu : 
 430000: system.cpu: T0 : 0x22f5c    : lui a5, 114                : IntAlu :  D=0x0000000000072000
 430500: system.cpu: T0 : 0x22f60    : sw s0, -352(a5)            : MemWrite :  D=0x0000000000000001 A=0x71ea0
 431000: system.cpu: T0 : 0x22f64    : lui a5, 114                : IntAlu :  D=0x0000000000072000
 431500: system.cpu: T0 : 0x22f68    : sd s1, -344(a5)            : MemWrite :  D=0x7fffffffffffff38 A=0x71ea8
 432000: system.cpu: T0 : 0x22f6c    : sd s2, -1360(gp)           : MemWrite :  D=0x7fffffffffffff48 A=0x70ad8
 432500: system.cpu: T0 : 0x22f70    : jal ra, -2314              : IntAlu :  D=0x0000000000022f74
 433000: system.cpu: T0 : 0x22666    : c_addi16sp sp, -160        : IntAlu :  D=0x7ffffffffffffd30
 433500: system.cpu: T0 : 0x22668    : c_sdsp ra, 152(sp)         : MemWrite :  D=0x0000000000022f74 A=0x7ffffffffffffdc8
 434000: system.cpu: T0 : 0x2266a    : c_sdsp s1, 136(sp)         : MemWrite :  D=0x7fffffffffffff38 A=0x7ffffffffffffdb8
 434500: system.cpu: T0 : 0x2266c    : c_sdsp s2, 128(sp)         : MemWrite :  D=0x7fffffffffffff48 A=0x7ffffffffffffdb0
 435000: system.cpu: T0 : 0x2266e    : c_sdsp s3, 120(sp)         : MemWrite :  D=0x0000000000000000 A=0x7ffffffffffffda8
 435500: system.cpu: T0 : 0x22670    : c_sdsp s4, 112(sp)         : MemWrite :  D=0x0000000000000000 A=0x7ffffffffffffda0
 436000: system.cpu: T0 : 0x22672    : c_sdsp s0, 144(sp)         : MemWrite :  D=0x0000000000000001 A=0x7ffffffffffffdc0
 436500: system.cpu: T0 : 0x22674    : c_sdsp s5, 104(sp)         : MemWrite :  D=0x0000000000000000 A=0x7ffffffffffffd98
 437000: system.cpu: T0 : 0x22676    : c_sdsp s6, 96(sp)          : MemWrite :  D=0x0000000000000000 A=0x7ffffffffffffd90
 437500: system.cpu: T0 : 0x22678    : c_sdsp s7, 88(sp)          : MemWrite :  D=0x0000000000000000 A=0x7ffffffffffffd88
 438000: system.cpu: T0 : 0x2267a    : c_sdsp s8, 80(sp)          : MemWrite :  D=0x0000000000000000 A=0x7ffffffffffffd80
 438500: system.cpu: T0 : 0x2267c    : c_sdsp s9, 72(sp)          : MemWrite :  D=0x0000000000000000 A=0x7ffffffffffffd78
 439000: system.cpu: T0 : 0x2267e    : c_sdsp s10, 64(sp)         : MemWrite :  D=0x0000000000000000 A=0x7ffffffffffffd70
 439500: system.cpu: T0 : 0x22680    : lui s2, 114                : IntAlu :  D=0x0000000000072000
 440000: system.cpu: T0 : 0x22684    : jal ra, 116914             : IntAlu :  D=0x0000000000022688
 440500: system.cpu: T0 : 0x3ef36    : c_lui t1, 1048575          : IntAlu :  D=0xfffffffffffff000
 441000: system.cpu: T0 : 0x3ef38    : c_addi16sp sp, -48         : IntAlu :  D=0x7ffffffffffffd00
 441500: system.cpu: T0 : 0x3ef3a    : c_addi t1, 16              : IntAlu :  D=0xfffffffffffff010
 442000: system.cpu: T0 : 0x3ef3c    : c_sdsp ra, 40(sp)          : MemWrite :  D=0x0000000000022688 A=0x7ffffffffffffd28
 442500: system.cpu: T0 : 0x3ef3e    : c_sdsp s0, 32(sp)          : MemWrite :  D=0x0000000000000001 A=0x7ffffffffffffd20
 443000: system.cpu: T0 : 0x3ef40    : c_sdsp s1, 24(sp)          : MemWrite :  D=0x7fffffffffffff38 A=0x7ffffffffffffd18
 443500: system.cpu: T0 : 0x3ef42    : c_sdsp s2, 16(sp)          : MemWrite :  D=0x0000000000072000 A=0x7ffffffffffffd10
 444000: system.cpu: T0 : 0x3ef44    : lui a1, 98                 : IntAlu :  D=0x0000000000062000
 444500: system.cpu: T0 : 0x3ef48    : c_add sp, t1               : IntAlu :  D=0x7fffffffffffed10
 445000: system.cpu: T0 : 0x3ef4a    : c_lui a5, 1048575          : IntAlu :  D=0xfffffffffffff000
 445500: system.cpu: T0 : 0x3ef4c    : addi a7, zero, 78          : IntAlu :  D=0x000000000000004e
 446000: system.cpu: T0 : 0x3ef50    : addi a0, zero, -100        : IntAlu :  D=0xffffffffffffff9c
 446500: system.cpu: T0 : 0x3ef54    : addi a1, a1, 816           : IntAlu :  D=0x0000000000062330
 447000: system.cpu: T0 : 0x3ef58    : c_mv a2, sp                : IntAlu :  D=0x7fffffffffffed10
 447500: system.cpu: T0 : 0x3ef5a    : c_lui a3, 1                : IntAlu :  D=0x0000000000001000
 448000: system.cpu: T0 : 0x3ef5c    : ecall                      : No_OpClass : 
 448500: system.cpu: T0 : 0x3ef60    : c_addiw a0, 0              : IntAlu :  D=0xfffffffffffffffe
 449500: system.cpu: T0 : 0x3ef62    : bltu a5, a0, 84            : IntAlu : 
 450500: system.cpu: T0 : 0x3efb6    : lui a5, 114                : IntAlu :  D=0x0000000000072000
 451500: system.cpu: T0 : 0x3efba    : ld s1, -448(a5)            : MemRead :  D=0x0000000000000000 A=0x71e40
 452000: system.cpu: T0 : 0x3efbe    : c_beqz s1, 62              : IntAlu : 
 452500: system.cpu: T0 : 0x3effc    : c_li s0, -1                : IntAlu :  D=0xffffffffffffffff
 453000: system.cpu: T0 : 0x3effe    : c_lui t1, 1                : IntAlu :  D=0x0000000000001000
 453500: system.cpu: T0 : 0x3f000    : c_addi t1, -16             : IntAlu :  D=0x0000000000000ff0
 454000: system.cpu: T0 : 0x3f002    : c_add sp, t1               : IntAlu :  D=0x7ffffffffffffd00
 454500: system.cpu: T0 : 0x3f004    : c_ldsp ra, 40(sp)          : MemRead :  D=0x0000000000022688 A=0x7ffffffffffffd28
 455000: system.cpu: T0 : 0x3f006    : c_mv a0, s0                : IntAlu :  D=0xffffffffffffffff
 455500: system.cpu: T0 : 0x3f008    : c_ldsp s1, 24(sp)          : MemRead :  D=0x7fffffffffffff38 A=0x7ffffffffffffd18
 456000: system.cpu: T0 : 0x3f00a    : c_ldsp s0, 32(sp)          : MemRead :  D=0x0000000000000001 A=0x7ffffffffffffd20
 456500: system.cpu: T0 : 0x3f00c    : c_ldsp s2, 16(sp)          : MemRead :  D=0x0000000000072000 A=0x7ffffffffffffd10
 457000: system.cpu: T0 : 0x3f00e    : c_addi16sp sp, 48          : IntAlu :  D=0x7ffffffffffffd30
 457500: system.cpu: T0 : 0x3f010    : c_jr ra                    : IntAlu : 
 458000: system.cpu: T0 : 0x22688    : lui s3, 114                : IntAlu :  D=0x0000000000072000
 458500: system.cpu: T0 : 0x2268c    : ld a5, -408(s3)            : MemRead :  D=0x0000000000000006 A=0x71e68
 459000: system.cpu: T0 : 0x22690    : ld a4, -464(s2)            : MemRead :  D=0x0000000000010040 A=0x71e30
 459500: system.cpu: T0 : 0x22694    : c_mv a3, a0                : IntAlu :  D=0xffffffffffffffff
 460500: system.cpu: T0 : 0x22696    : lui s4, 112                : IntAlu :  D=0x0000000000070000
 461500: system.cpu: T0 : 0x2269a    : lui a0, 80                 : IntAlu :  D=0x0000000000050000
 462500: system.cpu: T0 : 0x2269e    : addi s1, s4, -416          : IntAlu :  D=0x000000000006fe60
 463500: system.cpu: T0 : 0x226a2    : addi a0, a0, -304          : IntAlu :  D=0x000000000004fed0
 464500: system.cpu: T0 : 0x226a6    : sh a5, 696(s1)             : MemWrite :  D=0x0000000000000006 A=0x70118
 465500: system.cpu: T0 : 0x226aa    : sd a3, 840(s1)             : MemWrite :  D=0xffffffffffffffff A=0x701a8
 466500: system.cpu: T0 : 0x226ae    : sd a4, 680(s1)             : MemWrite :  D=0x0000000000010040 A=0x70108
 467500: system.cpu: T0 : 0x226b2    : jal ra, -56890             : IntAlu :  D=0x00000000000226b6
 468000: system.cpu: T0 : 0x14878    : c_addi16sp sp, -64         : IntAlu :  D=0x7ffffffffffffcf0
 468500: system.cpu: T0 : 0x1487a    : c_sdsp s1, 40(sp)          : MemWrite :  D=0x000000000006fe60 A=0x7ffffffffffffd18
 469000: system.cpu: T0 : 0x1487c    : ld s1, -1360(gp)           : MemRead :  D=0x7fffffffffffff48 A=0x70ad8
 469500: system.cpu: T0 : 0x14880    : c_sdsp ra, 56(sp)          : MemWrite :  D=0x00000000000226b6 A=0x7ffffffffffffd28
 470000: system.cpu: T0 : 0x14882    : c_sdsp s0, 48(sp)          : MemWrite :  D=0x0000000000000001 A=0x7ffffffffffffd20
 470500: system.cpu: T0 : 0x14884    : c_sdsp s2, 32(sp)          : MemWrite :  D=0x0000000000072000 A=0x7ffffffffffffd10
 471000: system.cpu: T0 : 0x14886    : c_sdsp s3, 24(sp)          : MemWrite :  D=0x0000000000072000 A=0x7ffffffffffffd08
 471500: system.cpu: T0 : 0x14888    : c_sdsp s4, 16(sp)          : MemWrite :  D=0x0000000000070000 A=0x7ffffffffffffd00
 472000: system.cpu: T0 : 0x1488a    : c_sdsp s5, 8(sp)           : MemWrite :  D=0x0000000000000000 A=0x7ffffffffffffcf8
 472500: system.cpu: T0 : 0x1488c    : c_sdsp s6, 0(sp)           : MemWrite :  D=0x0000000000000000 A=0x7ffffffffffffcf0
 473000: system.cpu: T0 : 0x1488e    : c_beqz s1, 210             : IntAlu : 
 473500: system.cpu: T0 : 0x14890    : lbu a5, 0(a0)              : MemRead :  D=0x000000000000004c A=0x4fed0
 474000: system.cpu: T0 : 0x14894    : c_mv s4, a0                : IntAlu :  D=0x000000000004fed0
 474500: system.cpu: T0 : 0x14896    : c_beqz a5, 202             : IntAlu : 
 475000: system.cpu: T0 : 0x14898    : lbu s5, 1(a0)              : MemRead :  D=0x0000000000000044 A=0x4fed1
 475500: system.cpu: T0 : 0x1489c    : slliw s2, a5, 16           : IntAlu :  D=0x00000000004c0000
 476000: system.cpu: T0 : 0x148a0    : c_ld s0, 0(s1)             : MemRead :  D=0x0000000000000000 A=0x7fffffffffffff48
 477000: system.cpu: T0 : 0x148a2    : sraiw s2, s2, 16           : IntAlu :  D=0x000000000000004c
 478000: system.cpu: T0 : 0x148a6    : bne s5, zero, 86           : IntAlu : 
 478500: system.cpu: T0 : 0x148fc    : jal ra, 42488              : IntAlu :  D=0x0000000000014900
 479000: system.cpu: T0 : 0x1eef4    : andi a5, a0, 7             : IntAlu :  D=0x0000000000000000
 479500: system.cpu: T0 : 0x1eef8    : c_beqz a5, 26              : IntAlu : 
 480000: system.cpu: T0 : 0x1ef12    : c_mv a5, a0                : IntAlu :  D=0x000000000004fed0
 480500: system.cpu: T0 : 0x1ef14    : ld a6, -2024(gp)           : MemRead :  D=0xfefefefefefefeff A=0x70840
 481000: system.cpu: T0 : 0x1ef18    : ld a1, -2016(gp)           : MemRead :  D=0x8080808080808080 A=0x70848
 481500: system.cpu: T0 : 0x1ef1c    : c_ld a2, 0(a5)             : MemRead :  D=0x004e5241575f444c A=0x4fed0
 482500: system.cpu: T0 : 0x1ef1e    : addi a3, a5, 8             : IntAlu :  D=0x000000000004fed8
 483500: system.cpu: T0 : 0x1ef22    : add a4, a2, a6             : IntAlu :  D=0xff4d5140565e434b
 484500: system.cpu: T0 : 0x1ef26    : xori a2, a2, 18446744073709551615 : IntAlu :  D=0xffb1adbea8a0bbb3
 485000: system.cpu: T0 : 0x1ef2a    : c_and a4, a2               : IntAlu :  D=0xff01010000000303
 485500: system.cpu: T0 : 0x1ef2c    : c_and a4, a1               : IntAlu :  D=0x8000000000000000
 486000: system.cpu: T0 : 0x1ef2e    : c_beqz a4, 50              : IntAlu : 
 486500: system.cpu: T0 : 0x1ef30    : lbu a4, -8(a3)             : MemRead :  D=0x000000000000004c A=0x4fed0
 487000: system.cpu: T0 : 0x1ef34    : c_beqz a4, -40             : IntAlu : 
 488000: system.cpu: T0 : 0x1ef36    : lbu a4, -7(a3)             : MemRead :  D=0x0000000000000044 A=0x4fed1
 488500: system.cpu: T0 : 0x1ef3a    : c_beqz a4, 50              : IntAlu : 
 489000: system.cpu: T0 : 0x1ef3c    : lbu a4, -6(a3)             : MemRead :  D=0x000000000000005f A=0x4fed2
 489500: system.cpu: T0 : 0x1ef40    : c_beqz a4, 52              : IntAlu : 
 490500: system.cpu: T0 : 0x1ef42    : lbu a4, -5(a3)             : MemRead :  D=0x0000000000000057 A=0x4fed3
 491000: system.cpu: T0 : 0x1ef46    : c_beqz a4, 54              : IntAlu : 
 491500: system.cpu: T0 : 0x1ef48    : lbu a4, -4(a3)             : MemRead :  D=0x0000000000000041 A=0x4fed4
 492000: system.cpu: T0 : 0x1ef4c    : c_beqz a4, 56              : IntAlu : 
 493000: system.cpu: T0 : 0x1ef4e    : lbu a4, -3(a3)             : MemRead :  D=0x0000000000000052 A=0x4fed5
 493500: system.cpu: T0 : 0x1ef52    : c_beqz a4, 58              : IntAlu : 
 494000: system.cpu: T0 : 0x1ef54    : lbu a4, -2(a3)             : MemRead :  D=0x000000000000004e A=0x4fed6
 494500: system.cpu: T0 : 0x1ef58    : c_beqz a4, 60              : IntAlu : 
 495500: system.cpu: T0 : 0x1ef5a    : lbu a4, -1(a3)             : MemRead :  D=0x0000000000000000 A=0x4fed7
 496000: system.cpu: T0 : 0x1ef5e    : c_beqz a4, 6               : IntAlu : 
 496500: system.cpu: T0 : 0x1ef64    : c_sub a5, a0               : IntAlu :  D=0x0000000000000000
 497500: system.cpu: T0 : 0x1ef66    : addi a0, a5, 7             : IntAlu :  D=0x0000000000000007
 498000: system.cpu: T0 : 0x1ef6a    : c_jr ra                    : IntAlu : 
 498500: system.cpu: T0 : 0x14900    : slli a5, s5, 8             : IntAlu :  D=0x0000000000004400
 499000: system.cpu: T0 : 0x14904    : or a5, s2, a5              : IntAlu :  D=0x000000000000444c
 499500: system.cpu: T0 : 0x14908    : slliw s2, a5, 16           : IntAlu :  D=0x00000000444c0000
 500000: system.cpu: T0 : 0x1490c    : c_mv s3, a0                : IntAlu :  D=0x0000000000000007
 501000: system.cpu: T0 : 0x1490e    : sraiw s2, s2, 16           : IntAlu :  D=0x000000000000444c
 502000: system.cpu: T0 : 0x14912    : addi s5, a0, -2            : IntAlu :  D=0x0000000000000005
 502500: system.cpu: T0 : 0x14916    : c_addi s4, 2               : IntAlu :  D=0x000000000004fed2
 503000: system.cpu: T0 : 0x14918    : c_beqz s0, -50             : IntAlu : 
 503500: system.cpu: T0 : 0x148e6    : c_ldsp ra, 56(sp)          : MemRead :  D=0x00000000000226b6 A=0x7ffffffffffffd28
 504000: system.cpu: T0 : 0x148e8    : c_mv a0, s0                : IntAlu :  D=0x0000000000000000
 504500: system.cpu: T0 : 0x148ea    : c_ldsp s0, 48(sp)          : MemRead :  D=0x0000000000000001 A=0x7ffffffffffffd20
 505000: system.cpu: T0 : 0x148ec    : c_ldsp s1, 40(sp)          : MemRead :  D=0x000000000006fe60 A=0x7ffffffffffffd18
 505500: system.cpu: T0 : 0x148ee    : c_ldsp s2, 32(sp)          : MemRead :  D=0x0000000000072000 A=0x7ffffffffffffd10
 506000: system.cpu: T0 : 0x148f0    : c_ldsp s3, 24(sp)          : MemRead :  D=0x0000000000072000 A=0x7ffffffffffffd08
 506500: system.cpu: T0 : 0x148f2    : c_ldsp s4, 16(sp)          : MemRead :  D=0x0000000000070000 A=0x7ffffffffffffd00
 507000: system.cpu: T0 : 0x148f4    : c_ldsp s5, 8(sp)           : MemRead :  D=0x0000000000000000 A=0x7ffffffffffffcf8
 507500: system.cpu: T0 : 0x148f6    : c_ldsp s6, 0(sp)           : MemRead :  D=0x0000000000000000 A=0x7ffffffffffffcf0
 508000: system.cpu: T0 : 0x148f8    : c_addi16sp sp, 64          : IntAlu :  D=0x7ffffffffffffd30
 508500: system.cpu: T0 : 0x148fa    : c_jr ra                    : IntAlu : 
 509000: system.cpu: T0 : 0x226b6    : c_li a5, 0                 : IntAlu :  D=0x0000000000000000
 509500: system.cpu: T0 : 0x226b8    : c_beqz a0, 10              : IntAlu : 
 510500: system.cpu: T0 : 0x226c2    : lui s5, 114                : IntAlu :  D=0x0000000000072000
 511500: system.cpu: T0 : 0x226c6    : ld a4, -432(s5)            : MemRead :  D=0x0000000000000000 A=0x71e50
 512500: system.cpu: T0 : 0x226ca    : lui a3, 114                : IntAlu :  D=0x0000000000072000
 513500: system.cpu: T0 : 0x226ce    : sw a5, -416(a3)            : MemWrite :  D=0x0000000000000000 A=0x71e60
 514500: system.cpu: T0 : 0x226d2    : beq a4, zero, 1518         : IntAlu : 
 515000: system.cpu: T0 : 0x22cc0    : lui s6, 114                : IntAlu :  D=0x0000000000072000
 515500: system.cpu: T0 : 0x22cc4    : ld s0, -480(s6)            : MemRead :  D=0x0000000000000000 A=0x71e20
 516000: system.cpu: T0 : 0x22cc8    : bne s0, zero, -1062        : IntAlu : 
 516500: system.cpu: T0 : 0x22ccc    : lui s0, 111                : IntAlu :  D=0x000000000006f000
 517000: system.cpu: T0 : 0x22cd0    : addi s0, s0, -128          : IntAlu :  D=0x000000000006ef80
 517500: system.cpu: T0 : 0x22cd4    : sd zero, 8(s0)             : MemWrite :  D=0x0000000000000000 A=0x6ef88
 518000: system.cpu: T0 : 0x22cd8    : sd zero, 16(s0)            : MemWrite :  D=0x0000000000000000 A=0x6ef90
 518500: system.cpu: T0 : 0x22cdc    : sd zero, 24(s0)            : MemWrite :  D=0x0000000000000000 A=0x6ef98
 519000: system.cpu: T0 : 0x22ce0    : c_li a5, 0                 : IntAlu :  D=0x0000000000000000
 519500: system.cpu: T0 : 0x22ce2    : c_j -678                   : IntAlu : 
 520000: system.cpu: T0 : 0x22a3c    : lui a0, 80                 : IntAlu :  D=0x0000000000050000
 520500: system.cpu: T0 : 0x22a40    : addi a0, a0, 48            : IntAlu :  D=0x0000000000050030
 521000: system.cpu: T0 : 0x22a44    : c_sd a5, 32(s0)            : MemWrite :  D=0x0000000000000000 A=0x6efa0
 522000: system.cpu: T0 : 0x22a46    : jal ra, -57806             : IntAlu :  D=0x0000000000022a4a
 522500: system.cpu: T0 : 0x14878    : c_addi16sp sp, -64         : IntAlu :  D=0x7ffffffffffffcf0
 523000: system.cpu: T0 : 0x1487a    : c_sdsp s1, 40(sp)          : MemWrite :  D=0x000000000006fe60 A=0x7ffffffffffffd18
 523500: system.cpu: T0 : 0x1487c    : ld s1, -1360(gp)           : MemRead :  D=0x7fffffffffffff48 A=0x70ad8
 524000: system.cpu: T0 : 0x14880    : c_sdsp ra, 56(sp)          : MemWrite :  D=0x0000000000022a4a A=0x7ffffffffffffd28
 524500: system.cpu: T0 : 0x14882    : c_sdsp s0, 48(sp)          : MemWrite :  D=0x000000000006ef80 A=0x7ffffffffffffd20
 525000: system.cpu: T0 : 0x14884    : c_sdsp s2, 32(sp)          : MemWrite :  D=0x0000000000072000 A=0x7ffffffffffffd10
 525500: system.cpu: T0 : 0x14886    : c_sdsp s3, 24(sp)          : MemWrite :  D=0x0000000000072000 A=0x7ffffffffffffd08
 526000: system.cpu: T0 : 0x14888    : c_sdsp s4, 16(sp)          : MemWrite :  D=0x0000000000070000 A=0x7ffffffffffffd00
 526500: system.cpu: T0 : 0x1488a    : c_sdsp s5, 8(sp)           : MemWrite :  D=0x0000000000072000 A=0x7ffffffffffffcf8
 527000: system.cpu: T0 : 0x1488c    : c_sdsp s6, 0(sp)           : MemWrite :  D=0x0000000000072000 A=0x7ffffffffffffcf0
 527500: system.cpu: T0 : 0x1488e    : c_beqz s1, 210             : IntAlu : 
 528000: system.cpu: T0 : 0x14890    : lbu a5, 0(a0)              : MemRead :  D=0x000000000000004c A=0x50030
 528500: system.cpu: T0 : 0x14894    : c_mv s4, a0                : IntAlu :  D=0x0000000000050030
 529000: system.cpu: T0 : 0x14896    : c_beqz a5, 202             : IntAlu : 
 529500: system.cpu: T0 : 0x14898    : lbu s5, 1(a0)              : MemRead :  D=0x0000000000000044 A=0x50031
 530000: system.cpu: T0 : 0x1489c    : slliw s2, a5, 16           : IntAlu :  D=0x00000000004c0000
 530500: system.cpu: T0 : 0x148a0    : c_ld s0, 0(s1)             : MemRead :  D=0x0000000000000000 A=0x7fffffffffffff48
 531500: system.cpu: T0 : 0x148a2    : sraiw s2, s2, 16           : IntAlu :  D=0x000000000000004c
 532500: system.cpu: T0 : 0x148a6    : bne s5, zero, 86           : IntAlu : 
 533000: system.cpu: T0 : 0x148fc    : jal ra, 42488              : IntAlu :  D=0x0000000000014900
 533500: system.cpu: T0 : 0x1eef4    : andi a5, a0, 7             : IntAlu :  D=0x0000000000000000
 534000: system.cpu: T0 : 0x1eef8    : c_beqz a5, 26              : IntAlu : 
 534500: system.cpu: T0 : 0x1ef12    : c_mv a5, a0                : IntAlu :  D=0x0000000000050030
 535000: system.cpu: T0 : 0x1ef14    : ld a6, -2024(gp)           : MemRead :  D=0xfefefefefefefeff A=0x70840
 535500: system.cpu: T0 : 0x1ef18    : ld a1, -2016(gp)           : MemRead :  D=0x8080808080808080 A=0x70848
 536000: system.cpu: T0 : 0x1ef1c    : c_ld a2, 0(a5)             : MemRead :  D=0x415242494c5f444c A=0x50030
 537000: system.cpu: T0 : 0x1ef1e    : addi a3, a5, 8             : IntAlu :  D=0x0000000000050038
 538000: system.cpu: T0 : 0x1ef22    : add a4, a2, a6             : IntAlu :  D=0x405141484b5e434b
 539000: system.cpu: T0 : 0x1ef26    : xori a2, a2, 18446744073709551615 : IntAlu :  D=0xbeadbdb6b3a0bbb3
 539500: system.cpu: T0 : 0x1ef2a    : c_and a4, a2               : IntAlu :  D=0x0001010003000303
 540000: system.cpu: T0 : 0x1ef2c    : c_and a4, a1               : IntAlu :  D=0x0000000000000000
 540500: system.cpu: T0 : 0x1ef2e    : c_beqz a4, 50              : IntAlu : 
 541000: system.cpu: T0 : 0x1ef60    : c_mv a5, a3                : IntAlu :  D=0x0000000000050038
 541500: system.cpu: T0 : 0x1ef62    : c_j -70                    : IntAlu : 
 542000: system.cpu: T0 : 0x1ef1c    : c_ld a2, 0(a5)             : MemRead :  D=0x00485441505f5952 A=0x50038
 543000: system.cpu: T0 : 0x1ef1e    : addi a3, a5, 8             : IntAlu :  D=0x0000000000050040
 544000: system.cpu: T0 : 0x1ef22    : add a4, a2, a6             : IntAlu :  D=0xff4753404f5e5851
 545000: system.cpu: T0 : 0x1ef26    : xori a2, a2, 18446744073709551615 : IntAlu :  D=0xffb7abbeafa0a6ad
 545500: system.cpu: T0 : 0x1ef2a    : c_and a4, a2               : IntAlu :  D=0xff0703000f000001
 546000: system.cpu: T0 : 0x1ef2c    : c_and a4, a1               : IntAlu :  D=0x8000000000000000
 546500: system.cpu: T0 : 0x1ef2e    : c_beqz a4, 50              : IntAlu : 
 547000: system.cpu: T0 : 0x1ef30    : lbu a4, -8(a3)             : MemRead :  D=0x0000000000000052 A=0x50038
 547500: system.cpu: T0 : 0x1ef34    : c_beqz a4, -40             : IntAlu : 
 548500: system.cpu: T0 : 0x1ef36    : lbu a4, -7(a3)             : MemRead :  D=0x0000000000000059 A=0x50039
 549000: system.cpu: T0 : 0x1ef3a    : c_beqz a4, 50              : IntAlu : 
 549500: system.cpu: T0 : 0x1ef3c    : lbu a4, -6(a3)             : MemRead :  D=0x000000000000005f A=0x5003a
 550000: system.cpu: T0 : 0x1ef40    : c_beqz a4, 52              : IntAlu : 
 551000: system.cpu: T0 : 0x1ef42    : lbu a4, -5(a3)             : MemRead :  D=0x0000000000000050 A=0x5003b
 551500: system.cpu: T0 : 0x1ef46    : c_beqz a4, 54              : IntAlu : 
 552000: system.cpu: T0 : 0x1ef48    : lbu a4, -4(a3)             : MemRead :  D=0x0000000000000041 A=0x5003c
 552500: system.cpu: T0 : 0x1ef4c    : c_beqz a4, 56              : IntAlu : 
 553500: system.cpu: T0 : 0x1ef4e    : lbu a4, -3(a3)             : MemRead :  D=0x0000000000000054 A=0x5003d
 554000: system.cpu: T0 : 0x1ef52    : c_beqz a4, 58              : IntAlu : 
 554500: system.cpu: T0 : 0x1ef54    : lbu a4, -2(a3)             : MemRead :  D=0x0000000000000048 A=0x5003e
 555000: system.cpu: T0 : 0x1ef58    : c_beqz a4, 60              : IntAlu : 
 556000: system.cpu: T0 : 0x1ef5a    : lbu a4, -1(a3)             : MemRead :  D=0x0000000000000000 A=0x5003f
 556500: system.cpu: T0 : 0x1ef5e    : c_beqz a4, 6               : IntAlu : 
 557000: system.cpu: T0 : 0x1ef64    : c_sub a5, a0               : IntAlu :  D=0x0000000000000008
 558000: system.cpu: T0 : 0x1ef66    : addi a0, a5, 7             : IntAlu :  D=0x000000000000000f
 558500: system.cpu: T0 : 0x1ef6a    : c_jr ra                    : IntAlu : 
 559000: system.cpu: T0 : 0x14900    : slli a5, s5, 8             : IntAlu :  D=0x0000000000004400
 559500: system.cpu: T0 : 0x14904    : or a5, s2, a5              : IntAlu :  D=0x000000000000444c
 560000: system.cpu: T0 : 0x14908    : slliw s2, a5, 16           : IntAlu :  D=0x00000000444c0000
 560500: system.cpu: T0 : 0x1490c    : c_mv s3, a0                : IntAlu :  D=0x000000000000000f
 561500: system.cpu: T0 : 0x1490e    : sraiw s2, s2, 16           : IntAlu :  D=0x000000000000444c
 562500: system.cpu: T0 : 0x14912    : addi s5, a0, -2            : IntAlu :  D=0x000000000000000d
 563000: system.cpu: T0 : 0x14916    : c_addi s4, 2               : IntAlu :  D=0x0000000000050032
 563500: system.cpu: T0 : 0x14918    : c_beqz s0, -50             : IntAlu : 
 564000: system.cpu: T0 : 0x148e6    : c_ldsp ra, 56(sp)          : MemRead :  D=0x0000000000022a4a A=0x7ffffffffffffd28
 564500: system.cpu: T0 : 0x148e8    : c_mv a0, s0                : IntAlu :  D=0x0000000000000000
 565000: system.cpu: T0 : 0x148ea    : c_ldsp s0, 48(sp)          : MemRead :  D=0x000000000006ef80 A=0x7ffffffffffffd20
 565500: system.cpu: T0 : 0x148ec    : c_ldsp s1, 40(sp)          : MemRead :  D=0x000000000006fe60 A=0x7ffffffffffffd18
 566000: system.cpu: T0 : 0x148ee    : c_ldsp s2, 32(sp)          : MemRead :  D=0x0000000000072000 A=0x7ffffffffffffd10
 566500: system.cpu: T0 : 0x148f0    : c_ldsp s3, 24(sp)          : MemRead :  D=0x0000000000072000 A=0x7ffffffffffffd08
 567000: system.cpu: T0 : 0x148f2    : c_ldsp s4, 16(sp)          : MemRead :  D=0x0000000000070000 A=0x7ffffffffffffd00
 567500: system.cpu: T0 : 0x148f4    : c_ldsp s5, 8(sp)           : MemRead :  D=0x0000000000072000 A=0x7ffffffffffffcf8
 568000: system.cpu: T0 : 0x148f6    : c_ldsp s6, 0(sp)           : MemRead :  D=0x0000000000072000 A=0x7ffffffffffffcf0
 568500: system.cpu: T0 : 0x148f8    : c_addi16sp sp, 64          : IntAlu :  D=0x7ffffffffffffd30
 569000: system.cpu: T0 : 0x148fa    : c_jr ra                    : IntAlu : 
 570000: system.cpu: T0 : 0x22a4a    : jal ra, 99838              : IntAlu :  D=0x0000000000022a4e
 570500: system.cpu: T0 : 0x3b048    : c_addi16sp sp, -64         : IntAlu :  D=0x7ffffffffffffcf0
 571000: system.cpu: T0 : 0x3b04a    : c_sdsp ra, 56(sp)          : MemWrite :  D=0x0000000000022a4e A=0x7ffffffffffffd28
 571500: system.cpu: T0 : 0x3b04c    : c_sdsp s0, 48(sp)          : MemWrite :  D=0x000000000006ef80 A=0x7ffffffffffffd20
 572000: system.cpu: T0 : 0x3b04e    : c_sdsp s2, 32(sp)          : MemWrite :  D=0x0000000000072000 A=0x7ffffffffffffd10
 572500: system.cpu: T0 : 0x3b050    : c_sdsp s3, 24(sp)          : MemWrite :  D=0x0000000000072000 A=0x7ffffffffffffd08
 573000: system.cpu: T0 : 0x3b052    : c_addi4spn s0, sp, 64      : IntAlu :  D=0x7ffffffffffffd30
 573500: system.cpu: T0 : 0x3b054    : c_sdsp s1, 40(sp)          : MemWrite :  D=0x000000000006fe60 A=0x7ffffffffffffd18
 574000: system.cpu: T0 : 0x3b056    : c_sdsp s4, 16(sp)          : MemWrite :  D=0x0000000000070000 A=0x7ffffffffffffd00
 574500: system.cpu: T0 : 0x3b058    : c_sdsp s5, 8(sp)           : MemWrite :  D=0x0000000000072000 A=0x7ffffffffffffcf8
 575500: system.cpu: T0 : 0x3b05a    : lui a5, 114                : IntAlu :  D=0x0000000000072000
 576500: system.cpu: T0 : 0x3b05e    : ld a1, -544(a5)            : MemRead :  D=0x0000000000000000 A=0x71de0
 577500: system.cpu: T0 : 0x3b062    : lui a5, 114                : IntAlu :  D=0x0000000000072000
 578000: system.cpu: T0 : 0x3b066    : c_mv s2, a0                : IntAlu :  D=0x0000000000000000
 578500: system.cpu: T0 : 0x3b068    : lui s3, 111                : IntAlu :  D=0x000000000006f000
 579000: system.cpu: T0 : 0x3b06c    : ld a0, -496(a5)            : MemRead :  D=0x0000000000000000 A=0x71e10
 579500: system.cpu: T0 : 0x3b070    : addi s3, s3, -64           : IntAlu :  D=0x000000000006efc0
 580000: system.cpu: T0 : 0x3b074    : addi a3, s3, 8             : IntAlu :  D=0x000000000006efc8
 580500: system.cpu: T0 : 0x3b078    : addi a2, s3, 16            : IntAlu :  D=0x000000000006efd0
 581000: system.cpu: T0 : 0x3b07c    : jal ra, 9754               : IntAlu :  D=0x000000000003b080
 581500: system.cpu: T0 : 0x3d696    : c_addi16sp sp, -192        : IntAlu :  D=0x7ffffffffffffc30
 582000: system.cpu: T0 : 0x3d698    : c_sdsp s0, 176(sp)         : MemWrite :  D=0x7ffffffffffffd30 A=0x7ffffffffffffce0
 582500: system.cpu: T0 : 0x3d69a    : c_sdsp s3, 152(sp)         : MemWrite :  D=0x000000000006efc0 A=0x7ffffffffffffcc8
 583000: system.cpu: T0 : 0x3d69c    : c_addi4spn s0, sp, 192     : IntAlu :  D=0x7ffffffffffffcf0
 583500: system.cpu: T0 : 0x3d69e    : c_sdsp s4, 144(sp)         : MemWrite :  D=0x0000000000070000 A=0x7ffffffffffffcc0
 584000: system.cpu: T0 : 0x3d6a0    : c_sdsp s9, 104(sp)         : MemWrite :  D=0x0000000000000000 A=0x7ffffffffffffc98
 584500: system.cpu: T0 : 0x3d6a2    : c_sdsp s11, 88(sp)         : MemWrite :  D=0x0000000000000000 A=0x7ffffffffffffc88
 585000: system.cpu: T0 : 0x3d6a4    : c_sdsp ra, 184(sp)         : MemWrite :  D=0x000000000003b080 A=0x7ffffffffffffce8
 585500: system.cpu: T0 : 0x3d6a6    : c_sdsp s1, 168(sp)         : MemWrite :  D=0x000000000006fe60 A=0x7ffffffffffffcd8
 586000: system.cpu: T0 : 0x3d6a8    : c_sdsp s2, 160(sp)         : MemWrite :  D=0x0000000000000000 A=0x7ffffffffffffcd0
 586500: system.cpu: T0 : 0x3d6aa    : c_sdsp s5, 136(sp)         : MemWrite :  D=0x0000000000072000 A=0x7ffffffffffffcb8
 587000: system.cpu: T0 : 0x3d6ac    : c_sdsp s6, 128(sp)         : MemWrite :  D=0x0000000000072000 A=0x7ffffffffffffcb0
 587500: system.cpu: T0 : 0x3d6ae    : c_sdsp s7, 120(sp)         : MemWrite :  D=0x0000000000000000 A=0x7ffffffffffffca8
 588000: system.cpu: T0 : 0x3d6b0    : c_sdsp s8, 112(sp)         : MemWrite :  D=0x0000000000000000 A=0x7ffffffffffffca0
 588500: system.cpu: T0 : 0x3d6b2    : c_sdsp s10, 96(sp)         : MemWrite :  D=0x0000000000000000 A=0x7ffffffffffffc90
 589000: system.cpu: T0 : 0x3d6b4    : c_mv a5, a2                : IntAlu :  D=0x000000000006efd0
 589500: system.cpu: T0 : 0x3d6b6    : c_mv a4, a1                : IntAlu :  D=0x0000000000000000
 590000: system.cpu: T0 : 0x3d6b8    : c_mv s4, a0                : IntAlu :  D=0x0000000000000000
 590500: system.cpu: T0 : 0x3d6ba    : c_li a2, 0                 : IntAlu :  D=0x0000000000000000
 591000: system.cpu: T0 : 0x3d6bc    : addi a1, s0, -120          : IntAlu :  D=0x7ffffffffffffc78
 591500: system.cpu: T0 : 0x3d6c0    : c_li a0, 8                 : IntAlu :  D=0x0000000000000008
 592500: system.cpu: T0 : 0x3d6c2    : sd a5, -136(s0)            : MemWrite :  D=0x000000000006efd0 A=0x7ffffffffffffc68
 593500: system.cpu: T0 : 0x3d6c6    : sd a3, -160(s0)            : MemWrite :  D=0x000000000006efc8 A=0x7ffffffffffffc50
 594500: system.cpu: T0 : 0x3d6ca    : sd a4, -144(s0)            : MemWrite :  D=0x0000000000000000 A=0x7ffffffffffffc60
 595500: system.cpu: T0 : 0x3d6ce    : jal ra, -111428            : IntAlu :  D=0x000000000003d6d2
 596000: system.cpu: T0 : 0x2238a    : c_slli a0, 32              : IntAlu :  D=0x0000000800000000
 596500: system.cpu: T0 : 0x2238c    : c_srli a0, 32              : IntAlu :  D=0x0000000000000008
 597500: system.cpu: T0 : 0x2238e    : slli a5, a0, 3             : IntAlu :  D=0x0000000000000040
 598000: system.cpu: T0 : 0x22392    : c_sub a5, a0               : IntAlu :  D=0x0000000000000038
 598500: system.cpu: T0 : 0x22394    : lui a4, 111                : IntAlu :  D=0x000000000006f000
 599000: system.cpu: T0 : 0x22398    : addi a4, a4, -1248         : IntAlu :  D=0x000000000006eb20
 599500: system.cpu: T0 : 0x2239c    : c_slli a5, 3               : IntAlu :  D=0x00000000000001c0
 600000: system.cpu: T0 : 0x2239e    : c_add a5, a4               : IntAlu :  D=0x000000000006ece0
 600500: system.cpu: T0 : 0x223a0    : c_lw a3, 8(a5)             : MemRead :  D=0x0000000000000001 A=0x6ece8
 601000: system.cpu: T0 : 0x223a2    : c_li a6, 2                 : IntAlu :  D=0x0000000000000002
 601500: system.cpu: T0 : 0x223a4    : c_ld a5, 32(a5)            : MemRead :  D=0x0000000000000000 A=0x6ed00
 602500: system.cpu: T0 : 0x223a6    : bltu a6, a3, 42            : IntAlu : 
 603000: system.cpu: T0 : 0x223aa    : c_bnez a3, 38              : IntAlu : 
 603500: system.cpu: T0 : 0x223d0    : c_sd a5, 0(a1)             : MemWrite :  D=0x0000000000000000 A=0x7ffffffffffffc78
 604000: system.cpu: T0 : 0x223d2    : c_j -36                    : IntAlu : 
 605000: system.cpu: T0 : 0x223ae    : slli a5, a0, 3             : IntAlu :  D=0x0000000000000040
 605500: system.cpu: T0 : 0x223b2    : c_sub a5, a0               : IntAlu :  D=0x0000000000000038
 606000: system.cpu: T0 : 0x223b4    : c_slli a5, 3               : IntAlu :  D=0x00000000000001c0
 607000: system.cpu: T0 : 0x223b6    : add a3, a4, a5             : IntAlu :  D=0x000000000006ece0
 608000: system.cpu: T0 : 0x223ba    : lbu a3, 40(a3)             : MemRead :  D=0x0000000000000000 A=0x6ed08
 608500: system.cpu: T0 : 0x223be    : c_beqz a3, 16              : IntAlu : 
 609000: system.cpu: T0 : 0x223ce    : c_jr ra                    : IntAlu : 
 610000: system.cpu: T0 : 0x3d6d2    : ld s11, -120(s0)           : MemRead :  D=0x0000000000000000 A=0x7ffffffffffffc78
 611000: system.cpu: T0 : 0x3d6d6    : ld s9, -1328(gp)           : MemRead :  D=0x0000000000000000 A=0x70af8
 612000: system.cpu: T0 : 0x3d6da    : sltu a3, zero, s4          : IntAlu :  D=0x0000000000000000
 613000: system.cpu: T0 : 0x3d6de    : and s3, s9, s11            : IntAlu :  D=0x0000000000000000
 614000: system.cpu: T0 : 0x3d6e2    : beq s3, zero, 1250         : IntAlu : 
 614500: system.cpu: T0 : 0x3dbc4    : addi s2, a3, 1             : IntAlu :  D=0x0000000000000001
 615000: system.cpu: T0 : 0x3dbc8    : c_j -1210                  : IntAlu : 
 616000: system.cpu: T0 : 0x3d70e    : lui a5, 114                : IntAlu :  D=0x0000000000072000
 617000: system.cpu: T0 : 0x3d712    : ld s5, -480(a5)            : MemRead :  D=0x0000000000000000 A=0x71e20
 618000: system.cpu: T0 : 0x3d716    : beq s5, zero, 444          : IntAlu : 
 619000: system.cpu: T0 : 0x3d8d2    : slli a5, s2, 4             : IntAlu :  D=0x0000000000000010
 620000: system.cpu: T0 : 0x3d8d6    : sub sp, sp, a5             : IntAlu :  D=0x7ffffffffffffc20
 620500: system.cpu: T0 : 0x3d8da    : c_mv a3, sp                : IntAlu :  D=0x7ffffffffffffc20
 621000: system.cpu: T0 : 0x3d8dc    : c_mv s1, a3                : IntAlu :  D=0x7ffffffffffffc20
 621500: system.cpu: T0 : 0x3d8de    : c_li a1, 1                 : IntAlu :  D=0x0000000000000001
 622000: system.cpu: T0 : 0x3d8e0    : c_li s9, 0                 : IntAlu :  D=0x0000000000000000
 623000: system.cpu: T0 : 0x3d8e2    : bne s3, zero, -118         : IntAlu : 
 624000: system.cpu: T0 : 0x3d8e6    : beq s4, zero, 24           : IntAlu : 
 625000: system.cpu: T0 : 0x3d8fe    : lui a5, 98                 : IntAlu :  D=0x0000000000062000
 626000: system.cpu: T0 : 0x3d902    : addi a5, a5, -224          : IntAlu :  D=0x0000000000061f20
 626500: system.cpu: T0 : 0x3d906    : c_sd a5, 0(a3)             : MemWrite :  D=0x0000000000061f20 A=0x7ffffffffffffc20
 627000: system.cpu: T0 : 0x3d908    : c_li a5, 3                 : IntAlu :  D=0x0000000000000003
 627500: system.cpu: T0 : 0x3d90a    : c_sd a5, 8(a3)             : MemWrite :  D=0x0000000000000003 A=0x7ffffffffffffc28
 628000: system.cpu: T0 : 0x3d90c    : bne s2, a1, 706            : IntAlu : 
 628500: system.cpu: T0 : 0x3d910    : c_li a5, 1                 : IntAlu :  D=0x0000000000000001
 629500: system.cpu: T0 : 0x3d912    : ld s9, 8(s1)               : MemRead :  D=0x0000000000000003 A=0x7ffffffffffffc28
 630500: system.cpu: T0 : 0x3d916    : beq s2, a5, 542            : IntAlu : 
 631000: system.cpu: T0 : 0x3db34    : ld a5, -136(s0)            : MemRead :  D=0x000000000006efd0 A=0x7ffffffffffffc68
 631500: system.cpu: T0 : 0x3db38    : c_li s2, 2                 : IntAlu :  D=0x0000000000000002
 632500: system.cpu: T0 : 0x3db3a    : addi a0, s9, 33            : IntAlu :  D=0x0000000000000024
 633500: system.cpu: T0 : 0x3db3e    : sd s2, 0(a5)               : MemWrite :  D=0x0000000000000002 A=0x6efd0
 634500: system.cpu: T0 : 0x3db42    : jal ra, -131280            : IntAlu :  D=0x000000000003db46
 635500: system.cpu: T0 : 0x1da72    : ld t1, -1848(gp)           : MemRead :  D=0x000000000001dc70 A=0x708f0
 636500: system.cpu: T0 : 0x1da76    : bne t1, zero, 260          : IntAlu : 
 637000: system.cpu: T0 : 0x1db7a    : c_mv a1, ra                : IntAlu :  D=0x000000000003db46
 637500: system.cpu: T0 : 0x1db7c    : c_jr t1                    : IntAlu : 
 638000: system.cpu: T0 : 0x1dc70    : lw a5, -1876(gp)           : MemRead :  D=0xffffffffffffffff A=0x708d4
 638500: system.cpu: T0 : 0x1dc74    : sd zero, -1848(gp)         : MemWrite :  D=0x0000000000000000 A=0x708f0
 639000: system.cpu: T0 : 0x1dc78    : blt a5, zero, 6            : IntAlu : 
 639500: system.cpu: T0 : 0x1dc7e    : c_addi sp, -32             : IntAlu :  D=0x7ffffffffffffc00
 640000: system.cpu: T0 : 0x1dc80    : c_sdsp ra, 24(sp)          : MemWrite :  D=0x000000000003db46 A=0x7ffffffffffffc18
 640500: system.cpu: T0 : 0x1dc82    : c_sdsp a0, 8(sp)           : MemWrite :  D=0x0000000000000024 A=0x7ffffffffffffc08
 641000: system.cpu: T0 : 0x1dc84    : jal ra, -11948             : IntAlu :  D=0x000000000001dc88
 641500: system.cpu: T0 : 0x1add8    : c_addi16sp sp, -48         : IntAlu :  D=0x7ffffffffffffbd0
 642000: system.cpu: T0 : 0x1adda    : c_sdsp s1, 24(sp)          : MemWrite :  D=0x7ffffffffffffc20 A=0x7ffffffffffffbe8
 642500: system.cpu: T0 : 0x1addc    : lui s1, 111                : IntAlu :  D=0x000000000006f000
 643000: system.cpu: T0 : 0x1ade0    : ld a3, -1264(s1)           : MemRead :  D=0x6f442f2e2e000000 A=0x6eb10
 643500: system.cpu: T0 : 0x1ade4    : lui a0, 111                : IntAlu :  D=0x000000000006f000
 644000: system.cpu: T0 : 0x1ade8    : addi a4, a0, 1480          : IntAlu :  D=0x000000000006f5c8
 644500: system.cpu: T0 : 0x1adec    : c_sdsp ra, 40(sp)          : MemWrite :  D=0x000000000001dc88 A=0x7ffffffffffffbf8
 645000: system.cpu: T0 : 0x1adee    : c_sdsp s0, 32(sp)          : MemWrite :  D=0x7ffffffffffffcf0 A=0x7ffffffffffffbf0
 645500: system.cpu: T0 : 0x1adf0    : addi a0, a0, 1480          : IntAlu :  D=0x000000000006f5c8
 646000: system.cpu: T0 : 0x1adf4    : sd a4, 56(tp)              : MemWrite :  D=0x000000000006f5c8 A=0x72748
 646500: system.cpu: T0 : 0x1adf8    : c_sdsp a3, 8(sp)           : MemWrite :  D=0x6f442f2e2e000000 A=0x7ffffffffffffbd8
 647500: system.cpu: T0 : 0x1adfa    : sw zero, -1876(gp)         : MemWrite :  D=0x0000000000000000 A=0x708d4
 648500: system.cpu: T0 : 0x1adfe    : jal ra, -1026              : IntAlu :  D=0x000000000001ae02
 649000: system.cpu: T0 : 0x1a9fc    : c_lui a4, 1                : IntAlu :  D=0x0000000000001000
 650000: system.cpu: T0 : 0x1a9fe    : addi a3, a0, 96            : IntAlu :  D=0x000000000006f628
 651000: system.cpu: T0 : 0x1aa02    : addi a4, a4, -1968         : IntAlu :  D=0x0000000000000850
 651500: system.cpu: T0 : 0x1aa06    : c_mv a5, a3                : IntAlu :  D=0x000000000006f628
 652000: system.cpu: T0 : 0x1aa08    : c_add a4, a0               : IntAlu :  D=0x000000000006fe18
 652500: system.cpu: T0 : 0x1aa0a    : c_sd a5, 24(a5)            : MemWrite :  D=0x000000000006f628 A=0x6f640
 653000: system.cpu: T0 : 0x1aa0c    : c_sd a5, 16(a5)            : MemWrite :  D=0x000000000006f628 A=0x6f638
 653500: system.cpu: T0 : 0x1aa0e    : c_addi a5, 16              : IntAlu :  D=0x000000000006f638
 654000: system.cpu: T0 : 0x1aa10    : bne a4, a5, -6             : IntAlu : 
 654500: system.cpu: T0 : 0x1aa0a    : c_sd a5, 24(a5)            : MemWrite :  D=0x000000000006f638 A=0x6f650
 655000: system.cpu: T0 : 0x1aa0c    : c_sd a5, 16(a5)            : MemWrite :  D=0x000000000006f638 A=0x6f648
 655500: system.cpu: T0 : 0x1aa0e    : c_addi a5, 16              : IntAlu :  D=0x000000000006f648
 656000: system.cpu: T0 : 0x1aa10    : bne a4, a5, -6             : IntAlu : 
 656500: system.cpu: T0 : 0x1aa0a    : c_sd a5, 24(a5)            : MemWrite :  D=0x000000000006f648 A=0x6f660
 657000: system.cpu: T0 : 0x1aa0c    : c_sd a5, 16(a5)            : MemWrite :  D=0x000000000006f648 A=0x6f658
 657500: system.cpu: T0 : 0x1aa0e    : c_addi a5, 16              : IntAlu :  D=0x000000000006f658
 658000: system.cpu: T0 : 0x1aa10    : bne a4, a5, -6             : IntAlu : 
 658500: system.cpu: T0 : 0x1aa0a    : c_sd a5, 24(a5)            : MemWrite :  D=0x000000000006f658 A=0x6f670
 659000: system.cpu: T0 : 0x1aa0c    : c_sd a5, 16(a5)            : MemWrite :  D=0x000000000006f658 A=0x6f668
 659500: system.cpu: T0 : 0x1aa0e    : c_addi a5, 16              : IntAlu :  D=0x000000000006f668
 660000: system.cpu: T0 : 0x1aa10    : bne a4, a5, -6             : IntAlu : 
 660500: system.cpu: T0 : 0x1aa0a    : c_sd a5, 24(a5)            : MemWrite :  D=0x000000000006f668 A=0x6f680
 661000: system.cpu: T0 : 0x1aa0c    : c_sd a5, 16(a5)            : MemWrite :  D=0x000000000006f668 A=0x6f678
 661500: system.cpu: T0 : 0x1aa0e    : c_addi a5, 16              : IntAlu :  D=0x000000000006f678
 662000: system.cpu: T0 : 0x1aa10    : bne a4, a5, -6             : IntAlu : 
 662500: system.cpu: T0 : 0x1aa0a    : c_sd a5, 24(a5)            : MemWrite :  D=0x000000000006f678 A=0x6f690
 663000: system.cpu: T0 : 0x1aa0c    : c_sd a5, 16(a5)            : MemWrite :  D=0x000000000006f678 A=0x6f688
 663500: system.cpu: T0 : 0x1aa0e    : c_addi a5, 16              : IntAlu :  D=0x000000000006f688
 664000: system.cpu: T0 : 0x1aa10    : bne a4, a5, -6             : IntAlu : 
 664500: system.cpu: T0 : 0x1aa0a    : c_sd a5, 24(a5)            : MemWrite :  D=0x000000000006f688 A=0x6f6a0
 665000: system.cpu: T0 : 0x1aa0c    : c_sd a5, 16(a5)            : MemWrite :  D=0x000000000006f688 A=0x6f698
 665500: system.cpu: T0 : 0x1aa0e    : c_addi a5, 16              : IntAlu :  D=0x000000000006f698
 666000: system.cpu: T0 : 0x1aa10    : bne a4, a5, -6             : IntAlu : 
 666500: system.cpu: T0 : 0x1aa0a    : c_sd a5, 24(a5)            : MemWrite :  D=0x000000000006f698 A=0x6f6b0
 667000: system.cpu: T0 : 0x1aa0c    : c_sd a5, 16(a5)            : MemWrite :  D=0x000000000006f698 A=0x6f6a8
 667500: system.cpu: T0 : 0x1aa0e    : c_addi a5, 16              : IntAlu :  D=0x000000000006f6a8
 668000: system.cpu: T0 : 0x1aa10    : bne a4, a5, -6             : IntAlu : 
 668500: system.cpu: T0 : 0x1aa0a    : c_sd a5, 24(a5)            : MemWrite :  D=0x000000000006f6a8 A=0x6f6c0
 669000: system.cpu: T0 : 0x1aa0c    : c_sd a5, 16(a5)            : MemWrite :  D=0x000000000006f6a8 A=0x6f6b8
 669500: system.cpu: T0 : 0x1aa0e    : c_addi a5, 16              : IntAlu :  D=0x000000000006f6b8
 670000: system.cpu: T0 : 0x1aa10    : bne a4, a5, -6             : IntAlu : 
 670500: system.cpu: T0 : 0x1aa0a    : c_sd a5, 24(a5)            : MemWrite :  D=0x000000000006f6b8 A=0x6f6d0
 671000: system.cpu: T0 : 0x1aa0c    : c_sd a5, 16(a5)            : MemWrite :  D=0x000000000006f6b8 A=0x6f6c8
 671500: system.cpu: T0 : 0x1aa0e    : c_addi a5, 16              : IntAlu :  D=0x000000000006f6c8
 672000: system.cpu: T0 : 0x1aa10    : bne a4, a5, -6             : IntAlu : 
 672500: system.cpu: T0 : 0x1aa0a    : c_sd a5, 24(a5)            : MemWrite :  D=0x000000000006f6c8 A=0x6f6e0
 673000: system.cpu: T0 : 0x1aa0c    : c_sd a5, 16(a5)            : MemWrite :  D=0x000000000006f6c8 A=0x6f6d8
 673500: system.cpu: T0 : 0x1aa0e    : c_addi a5, 16              : IntAlu :  D=0x000000000006f6d8
 674000: system.cpu: T0 : 0x1aa10    : bne a4, a5, -6             : IntAlu : 
 674500: system.cpu: T0 : 0x1aa0a    : c_sd a5, 24(a5)            : MemWrite :  D=0x000000000006f6d8 A=0x6f6f0
 675000: system.cpu: T0 : 0x1aa0c    : c_sd a5, 16(a5)            : MemWrite :  D=0x000000000006f6d8 A=0x6f6e8
 675500: system.cpu: T0 : 0x1aa0e    : c_addi a5, 16              : IntAlu :  D=0x000000000006f6e8
 676000: system.cpu: T0 : 0x1aa10    : bne a4, a5, -6             : IntAlu : 
 676500: system.cpu: T0 : 0x1aa0a    : c_sd a5, 24(a5)            : MemWrite :  D=0x000000000006f6e8 A=0x6f700
 677000: system.cpu: T0 : 0x1aa0c    : c_sd a5, 16(a5)            : MemWrite :  D=0x000000000006f6e8 A=0x6f6f8
 677500: system.cpu: T0 : 0x1aa0e    : c_addi a5, 16              : IntAlu :  D=0x000000000006f6f8
 678000: system.cpu: T0 : 0x1aa10    : bne a4, a5, -6             : IntAlu : 
 678500: system.cpu: T0 : 0x1aa0a    : c_sd a5, 24(a5)            : MemWrite :  D=0x000000000006f6f8 A=0x6f710
 679000: system.cpu: T0 : 0x1aa0c    : c_sd a5, 16(a5)            : MemWrite :  D=0x000000000006f6f8 A=0x6f708
 679500: system.cpu: T0 : 0x1aa0e    : c_addi a5, 16              : IntAlu :  D=0x000000000006f708
 680000: system.cpu: T0 : 0x1aa10    : bne a4, a5, -6             : IntAlu : 
 680500: system.cpu: T0 : 0x1aa0a    : c_sd a5, 24(a5)            : MemWrite :  D=0x000000000006f708 A=0x6f720
 681000: system.cpu: T0 : 0x1aa0c    : c_sd a5, 16(a5)            : MemWrite :  D=0x000000000006f708 A=0x6f718
 681500: system.cpu: T0 : 0x1aa0e    : c_addi a5, 16              : IntAlu :  D=0x000000000006f718
 682000: system.cpu: T0 : 0x1aa10    : bne a4, a5, -6             : IntAlu : 
 682500: system.cpu: T0 : 0x1aa0a    : c_sd a5, 24(a5)            : MemWrite :  D=0x000000000006f718 A=0x6f730
 683000: system.cpu: T0 : 0x1aa0c    : c_sd a5, 16(a5)            : MemWrite :  D=0x000000000006f718 A=0x6f728
 683500: system.cpu: T0 : 0x1aa0e    : c_addi a5, 16              : IntAlu :  D=0x000000000006f728
 684000: system.cpu: T0 : 0x1aa10    : bne a4, a5, -6             : IntAlu : 
 684500: system.cpu: T0 : 0x1aa0a    : c_sd a5, 24(a5)            : MemWrite :  D=0x000000000006f728 A=0x6f740
 685000: system.cpu: T0 : 0x1aa0c    : c_sd a5, 16(a5)            : MemWrite :  D=0x000000000006f728 A=0x6f738
 685500: system.cpu: T0 : 0x1aa0e    : c_addi a5, 16              : IntAlu :  D=0x000000000006f738
 686000: system.cpu: T0 : 0x1aa10    : bne a4, a5, -6             : IntAlu : 
 686500: system.cpu: T0 : 0x1aa0a    : c_sd a5, 24(a5)            : MemWrite :  D=0x000000000006f738 A=0x6f750
 687000: system.cpu: T0 : 0x1aa0c    : c_sd a5, 16(a5)            : MemWrite :  D=0x000000000006f738 A=0x6f748
 687500: system.cpu: T0 : 0x1aa0e    : c_addi a5, 16              : IntAlu :  D=0x000000000006f748
 688000: system.cpu: T0 : 0x1aa10    : bne a4, a5, -6             : IntAlu : 
 688500: system.cpu: T0 : 0x1aa0a    : c_sd a5, 24(a5)            : MemWrite :  D=0x000000000006f748 A=0x6f760
 689000: system.cpu: T0 : 0x1aa0c    : c_sd a5, 16(a5)            : MemWrite :  D=0x000000000006f748 A=0x6f758
 689500: system.cpu: T0 : 0x1aa0e    : c_addi a5, 16              : IntAlu :  D=0x000000000006f758
 690000: system.cpu: T0 : 0x1aa10    : bne a4, a5, -6             : IntAlu : 
 690500: system.cpu: T0 : 0x1aa0a    : c_sd a5, 24(a5)            : MemWrite :  D=0x000000000006f758 A=0x6f770
 691000: system.cpu: T0 : 0x1aa0c    : c_sd a5, 16(a5)            : MemWrite :  D=0x000000000006f758 A=0x6f768
 691500: system.cpu: T0 : 0x1aa0e    : c_addi a5, 16              : IntAlu :  D=0x000000000006f768
 692000: system.cpu: T0 : 0x1aa10    : bne a4, a5, -6             : IntAlu : 
 692500: system.cpu: T0 : 0x1aa0a    : c_sd a5, 24(a5)            : MemWrite :  D=0x000000000006f768 A=0x6f780
 693000: system.cpu: T0 : 0x1aa0c    : c_sd a5, 16(a5)            : MemWrite :  D=0x000000000006f768 A=0x6f778
 693500: system.cpu: T0 : 0x1aa0e    : c_addi a5, 16              : IntAlu :  D=0x000000000006f778
 694000: system.cpu: T0 : 0x1aa10    : bne a4, a5, -6             : IntAlu : 
 694500: system.cpu: T0 : 0x1aa0a    : c_sd a5, 24(a5)            : MemWrite :  D=0x000000000006f778 A=0x6f790
 695000: system.cpu: T0 : 0x1aa0c    : c_sd a5, 16(a5)            : MemWrite :  D=0x000000000006f778 A=0x6f788
 695500: system.cpu: T0 : 0x1aa0e    : c_addi a5, 16              : IntAlu :  D=0x000000000006f788
 696000: system.cpu: T0 : 0x1aa10    : bne a4, a5, -6             : IntAlu : 
 696500: system.cpu: T0 : 0x1aa0a    : c_sd a5, 24(a5)            : MemWrite :  D=0x000000000006f788 A=0x6f7a0
 697000: system.cpu: T0 : 0x1aa0c    : c_sd a5, 16(a5)            : MemWrite :  D=0x000000000006f788 A=0x6f798
 697500: system.cpu: T0 : 0x1aa0e    : c_addi a5, 16              : IntAlu :  D=0x000000000006f798
 698000: system.cpu: T0 : 0x1aa10    : bne a4, a5, -6             : IntAlu : 
 698500: system.cpu: T0 : 0x1aa0a    : c_sd a5, 24(a5)            : MemWrite :  D=0x000000000006f798 A=0x6f7b0
 699000: system.cpu: T0 : 0x1aa0c    : c_sd a5, 16(a5)            : MemWrite :  D=0x000000000006f798 A=0x6f7a8
 699500: system.cpu: T0 : 0x1aa0e    : c_addi a5, 16              : IntAlu :  D=0x000000000006f7a8
 700000: system.cpu: T0 : 0x1aa10    : bne a4, a5, -6             : IntAlu : 
 700500: system.cpu: T0 : 0x1aa0a    : c_sd a5, 24(a5)            : MemWrite :  D=0x000000000006f7a8 A=0x6f7c0
 701000: system.cpu: T0 : 0x1aa0c    : c_sd a5, 16(a5)            : MemWrite :  D=0x000000000006f7a8 A=0x6f7b8
 701500: system.cpu: T0 : 0x1aa0e    : c_addi a5, 16              : IntAlu :  D=0x000000000006f7b8
 702000: system.cpu: T0 : 0x1aa10    : bne a4, a5, -6             : IntAlu : 
 702500: system.cpu: T0 : 0x1aa0a    : c_sd a5, 24(a5)            : MemWrite :  D=0x000000000006f7b8 A=0x6f7d0
 703000: system.cpu: T0 : 0x1aa0c    : c_sd a5, 16(a5)            : MemWrite :  D=0x000000000006f7b8 A=0x6f7c8
 703500: system.cpu: T0 : 0x1aa0e    : c_addi a5, 16              : IntAlu :  D=0x000000000006f7c8
 704000: system.cpu: T0 : 0x1aa10    : bne a4, a5, -6             : IntAlu : 
 704500: system.cpu: T0 : 0x1aa0a    : c_sd a5, 24(a5)            : MemWrite :  D=0x000000000006f7c8 A=0x6f7e0
 705000: system.cpu: T0 : 0x1aa0c    : c_sd a5, 16(a5)            : MemWrite :  D=0x000000000006f7c8 A=0x6f7d8
 705500: system.cpu: T0 : 0x1aa0e    : c_addi a5, 16              : IntAlu :  D=0x000000000006f7d8
 706000: system.cpu: T0 : 0x1aa10    : bne a4, a5, -6             : IntAlu : 
 706500: system.cpu: T0 : 0x1aa0a    : c_sd a5, 24(a5)            : MemWrite :  D=0x000000000006f7d8 A=0x6f7f0
 707000: system.cpu: T0 : 0x1aa0c    : c_sd a5, 16(a5)            : MemWrite :  D=0x000000000006f7d8 A=0x6f7e8
 707500: system.cpu: T0 : 0x1aa0e    : c_addi a5, 16              : IntAlu :  D=0x000000000006f7e8
 708000: system.cpu: T0 : 0x1aa10    : bne a4, a5, -6             : IntAlu : 
 708500: system.cpu: T0 : 0x1aa0a    : c_sd a5, 24(a5)            : MemWrite :  D=0x000000000006f7e8 A=0x6f800
 709000: system.cpu: T0 : 0x1aa0c    : c_sd a5, 16(a5)            : MemWrite :  D=0x000000000006f7e8 A=0x6f7f8
 709500: system.cpu: T0 : 0x1aa0e    : c_addi a5, 16              : IntAlu :  D=0x000000000006f7f8
 710000: system.cpu: T0 : 0x1aa10    : bne a4, a5, -6             : IntAlu : 
 710500: system.cpu: T0 : 0x1aa0a    : c_sd a5, 24(a5)            : MemWrite :  D=0x000000000006f7f8 A=0x6f810
 711000: system.cpu: T0 : 0x1aa0c    : c_sd a5, 16(a5)            : MemWrite :  D=0x000000000006f7f8 A=0x6f808
 711500: system.cpu: T0 : 0x1aa0e    : c_addi a5, 16              : IntAlu :  D=0x000000000006f808
 712000: system.cpu: T0 : 0x1aa10    : bne a4, a5, -6             : IntAlu : 
 712500: system.cpu: T0 : 0x1aa0a    : c_sd a5, 24(a5)            : MemWrite :  D=0x000000000006f808 A=0x6f820
 713000: system.cpu: T0 : 0x1aa0c    : c_sd a5, 16(a5)            : MemWrite :  D=0x000000000006f808 A=0x6f818
 713500: system.cpu: T0 : 0x1aa0e    : c_addi a5, 16              : IntAlu :  D=0x000000000006f818
 714000: system.cpu: T0 : 0x1aa10    : bne a4, a5, -6             : IntAlu : 
 714500: system.cpu: T0 : 0x1aa0a    : c_sd a5, 24(a5)            : MemWrite :  D=0x000000000006f818 A=0x6f830
 715000: system.cpu: T0 : 0x1aa0c    : c_sd a5, 16(a5)            : MemWrite :  D=0x000000000006f818 A=0x6f828
 715500: system.cpu: T0 : 0x1aa0e    : c_addi a5, 16              : IntAlu :  D=0x000000000006f828
 716000: system.cpu: T0 : 0x1aa10    : bne a4, a5, -6             : IntAlu : 
 716500: system.cpu: T0 : 0x1aa0a    : c_sd a5, 24(a5)            : MemWrite :  D=0x000000000006f828 A=0x6f840
 717000: system.cpu: T0 : 0x1aa0c    : c_sd a5, 16(a5)            : MemWrite :  D=0x000000000006f828 A=0x6f838
 717500: system.cpu: T0 : 0x1aa0e    : c_addi a5, 16              : IntAlu :  D=0x000000000006f838
 718000: system.cpu: T0 : 0x1aa10    : bne a4, a5, -6             : IntAlu : 
 718500: system.cpu: T0 : 0x1aa0a    : c_sd a5, 24(a5)            : MemWrite :  D=0x000000000006f838 A=0x6f850
 719000: system.cpu: T0 : 0x1aa0c    : c_sd a5, 16(a5)            : MemWrite :  D=0x000000000006f838 A=0x6f848
 719500: system.cpu: T0 : 0x1aa0e    : c_addi a5, 16              : IntAlu :  D=0x000000000006f848
 720000: system.cpu: T0 : 0x1aa10    : bne a4, a5, -6             : IntAlu : 
 720500: system.cpu: T0 : 0x1aa0a    : c_sd a5, 24(a5)            : MemWrite :  D=0x000000000006f848 A=0x6f860
 721000: system.cpu: T0 : 0x1aa0c    : c_sd a5, 16(a5)            : MemWrite :  D=0x000000000006f848 A=0x6f858
 721500: system.cpu: T0 : 0x1aa0e    : c_addi a5, 16              : IntAlu :  D=0x000000000006f858
 722000: system.cpu: T0 : 0x1aa10    : bne a4, a5, -6             : IntAlu : 
 722500: system.cpu: T0 : 0x1aa0a    : c_sd a5, 24(a5)            : MemWrite :  D=0x000000000006f858 A=0x6f870
 723000: system.cpu: T0 : 0x1aa0c    : c_sd a5, 16(a5)            : MemWrite :  D=0x000000000006f858 A=0x6f868
 723500: system.cpu: T0 : 0x1aa0e    : c_addi a5, 16              : IntAlu :  D=0x000000000006f868
 724000: system.cpu: T0 : 0x1aa10    : bne a4, a5, -6             : IntAlu : 
 724500: system.cpu: T0 : 0x1aa0a    : c_sd a5, 24(a5)            : MemWrite :  D=0x000000000006f868 A=0x6f880
 725000: system.cpu: T0 : 0x1aa0c    : c_sd a5, 16(a5)            : MemWrite :  D=0x000000000006f868 A=0x6f878
 725500: system.cpu: T0 : 0x1aa0e    : c_addi a5, 16              : IntAlu :  D=0x000000000006f878
 726000: system.cpu: T0 : 0x1aa10    : bne a4, a5, -6             : IntAlu : 
 726500: system.cpu: T0 : 0x1aa0a    : c_sd a5, 24(a5)            : MemWrite :  D=0x000000000006f878 A=0x6f890
 727000: system.cpu: T0 : 0x1aa0c    : c_sd a5, 16(a5)            : MemWrite :  D=0x000000000006f878 A=0x6f888
 727500: system.cpu: T0 : 0x1aa0e    : c_addi a5, 16              : IntAlu :  D=0x000000000006f888
 728000: system.cpu: T0 : 0x1aa10    : bne a4, a5, -6             : IntAlu : 
 728500: system.cpu: T0 : 0x1aa0a    : c_sd a5, 24(a5)            : MemWrite :  D=0x000000000006f888 A=0x6f8a0
 729000: system.cpu: T0 : 0x1aa0c    : c_sd a5, 16(a5)            : MemWrite :  D=0x000000000006f888 A=0x6f898
 729500: system.cpu: T0 : 0x1aa0e    : c_addi a5, 16              : IntAlu :  D=0x000000000006f898
 730000: system.cpu: T0 : 0x1aa10    : bne a4, a5, -6             : IntAlu : 
 730500: system.cpu: T0 : 0x1aa0a    : c_sd a5, 24(a5)            : MemWrite :  D=0x000000000006f898 A=0x6f8b0
 731000: system.cpu: T0 : 0x1aa0c    : c_sd a5, 16(a5)            : MemWrite :  D=0x000000000006f898 A=0x6f8a8
 731500: system.cpu: T0 : 0x1aa0e    : c_addi a5, 16              : IntAlu :  D=0x000000000006f8a8
 732000: system.cpu: T0 : 0x1aa10    : bne a4, a5, -6             : IntAlu : 
 732500: system.cpu: T0 : 0x1aa0a    : c_sd a5, 24(a5)            : MemWrite :  D=0x000000000006f8a8 A=0x6f8c0
 733000: system.cpu: T0 : 0x1aa0c    : c_sd a5, 16(a5)            : MemWrite :  D=0x000000000006f8a8 A=0x6f8b8
 733500: system.cpu: T0 : 0x1aa0e    : c_addi a5, 16              : IntAlu :  D=0x000000000006f8b8
 734000: system.cpu: T0 : 0x1aa10    : bne a4, a5, -6             : IntAlu : 
 734500: system.cpu: T0 : 0x1aa0a    : c_sd a5, 24(a5)            : MemWrite :  D=0x000000000006f8b8 A=0x6f8d0
 735000: system.cpu: T0 : 0x1aa0c    : c_sd a5, 16(a5)            : MemWrite :  D=0x000000000006f8b8 A=0x6f8c8
 735500: system.cpu: T0 : 0x1aa0e    : c_addi a5, 16              : IntAlu :  D=0x000000000006f8c8
 736000: system.cpu: T0 : 0x1aa10    : bne a4, a5, -6             : IntAlu : 
 736500: system.cpu: T0 : 0x1aa0a    : c_sd a5, 24(a5)            : MemWrite :  D=0x000000000006f8c8 A=0x6f8e0
 737000: system.cpu: T0 : 0x1aa0c    : c_sd a5, 16(a5)            : MemWrite :  D=0x000000000006f8c8 A=0x6f8d8
 737500: system.cpu: T0 : 0x1aa0e    : c_addi a5, 16              : IntAlu :  D=0x000000000006f8d8
 738000: system.cpu: T0 : 0x1aa10    : bne a4, a5, -6             : IntAlu : 
 738500: system.cpu: T0 : 0x1aa0a    : c_sd a5, 24(a5)            : MemWrite :  D=0x000000000006f8d8 A=0x6f8f0
 739000: system.cpu: T0 : 0x1aa0c    : c_sd a5, 16(a5)            : MemWrite :  D=0x000000000006f8d8 A=0x6f8e8
 739500: system.cpu: T0 : 0x1aa0e    : c_addi a5, 16              : IntAlu :  D=0x000000000006f8e8
 740000: system.cpu: T0 : 0x1aa10    : bne a4, a5, -6             : IntAlu : 
 740500: system.cpu: T0 : 0x1aa0a    : c_sd a5, 24(a5)            : MemWrite :  D=0x000000000006f8e8 A=0x6f900
 741000: system.cpu: T0 : 0x1aa0c    : c_sd a5, 16(a5)            : MemWrite :  D=0x000000000006f8e8 A=0x6f8f8
 741500: system.cpu: T0 : 0x1aa0e    : c_addi a5, 16              : IntAlu :  D=0x000000000006f8f8
 742000: system.cpu: T0 : 0x1aa10    : bne a4, a5, -6             : IntAlu : 
 742500: system.cpu: T0 : 0x1aa0a    : c_sd a5, 24(a5)            : MemWrite :  D=0x000000000006f8f8 A=0x6f910
 743000: system.cpu: T0 : 0x1aa0c    : c_sd a5, 16(a5)            : MemWrite :  D=0x000000000006f8f8 A=0x6f908
 743500: system.cpu: T0 : 0x1aa0e    : c_addi a5, 16              : IntAlu :  D=0x000000000006f908
 744000: system.cpu: T0 : 0x1aa10    : bne a4, a5, -6             : IntAlu : 
 744500: system.cpu: T0 : 0x1aa0a    : c_sd a5, 24(a5)            : MemWrite :  D=0x000000000006f908 A=0x6f920
 745000: system.cpu: T0 : 0x1aa0c    : c_sd a5, 16(a5)            : MemWrite :  D=0x000000000006f908 A=0x6f918
 745500: system.cpu: T0 : 0x1aa0e    : c_addi a5, 16              : IntAlu :  D=0x000000000006f918
 746000: system.cpu: T0 : 0x1aa10    : bne a4, a5, -6             : IntAlu : 
 746500: system.cpu: T0 : 0x1aa0a    : c_sd a5, 24(a5)            : MemWrite :  D=0x000000000006f918 A=0x6f930
 747000: system.cpu: T0 : 0x1aa0c    : c_sd a5, 16(a5)            : MemWrite :  D=0x000000000006f918 A=0x6f928
 747500: system.cpu: T0 : 0x1aa0e    : c_addi a5, 16              : IntAlu :  D=0x000000000006f928
 748000: system.cpu: T0 : 0x1aa10    : bne a4, a5, -6             : IntAlu : 
 748500: system.cpu: T0 : 0x1aa0a    : c_sd a5, 24(a5)            : MemWrite :  D=0x000000000006f928 A=0x6f940
 749000: system.cpu: T0 : 0x1aa0c    : c_sd a5, 16(a5)            : MemWrite :  D=0x000000000006f928 A=0x6f938
 749500: system.cpu: T0 : 0x1aa0e    : c_addi a5, 16              : IntAlu :  D=0x000000000006f938
 750000: system.cpu: T0 : 0x1aa10    : bne a4, a5, -6             : IntAlu : 
 750500: system.cpu: T0 : 0x1aa0a    : c_sd a5, 24(a5)            : MemWrite :  D=0x000000000006f938 A=0x6f950
 751000: system.cpu: T0 : 0x1aa0c    : c_sd a5, 16(a5)            : MemWrite :  D=0x000000000006f938 A=0x6f948
 751500: system.cpu: T0 : 0x1aa0e    : c_addi a5, 16              : IntAlu :  D=0x000000000006f948
 752000: system.cpu: T0 : 0x1aa10    : bne a4, a5, -6             : IntAlu : 
 752500: system.cpu: T0 : 0x1aa0a    : c_sd a5, 24(a5)            : MemWrite :  D=0x000000000006f948 A=0x6f960
 753000: system.cpu: T0 : 0x1aa0c    : c_sd a5, 16(a5)            : MemWrite :  D=0x000000000006f948 A=0x6f958
 753500: system.cpu: T0 : 0x1aa0e    : c_addi a5, 16              : IntAlu :  D=0x000000000006f958
 754000: system.cpu: T0 : 0x1aa10    : bne a4, a5, -6             : IntAlu : 
 754500: system.cpu: T0 : 0x1aa0a    : c_sd a5, 24(a5)            : MemWrite :  D=0x000000000006f958 A=0x6f970
 755000: system.cpu: T0 : 0x1aa0c    : c_sd a5, 16(a5)            : MemWrite :  D=0x000000000006f958 A=0x6f968
 755500: system.cpu: T0 : 0x1aa0e    : c_addi a5, 16              : IntAlu :  D=0x000000000006f968
 756000: system.cpu: T0 : 0x1aa10    : bne a4, a5, -6             : IntAlu : 
 756500: system.cpu: T0 : 0x1aa0a    : c_sd a5, 24(a5)            : MemWrite :  D=0x000000000006f968 A=0x6f980
 757000: system.cpu: T0 : 0x1aa0c    : c_sd a5, 16(a5)            : MemWrite :  D=0x000000000006f968 A=0x6f978
 757500: system.cpu: T0 : 0x1aa0e    : c_addi a5, 16              : IntAlu :  D=0x000000000006f978
 758000: system.cpu: T0 : 0x1aa10    : bne a4, a5, -6             : IntAlu : 
 758500: system.cpu: T0 : 0x1aa0a    : c_sd a5, 24(a5)            : MemWrite :  D=0x000000000006f978 A=0x6f990
 759000: system.cpu: T0 : 0x1aa0c    : c_sd a5, 16(a5)            : MemWrite :  D=0x000000000006f978 A=0x6f988
 759500: system.cpu: T0 : 0x1aa0e    : c_addi a5, 16              : IntAlu :  D=0x000000000006f988
 760000: system.cpu: T0 : 0x1aa10    : bne a4, a5, -6             : IntAlu : 
 760500: system.cpu: T0 : 0x1aa0a    : c_sd a5, 24(a5)            : MemWrite :  D=0x000000000006f988 A=0x6f9a0
 761000: system.cpu: T0 : 0x1aa0c    : c_sd a5, 16(a5)            : MemWrite :  D=0x000000000006f988 A=0x6f998
 761500: system.cpu: T0 : 0x1aa0e    : c_addi a5, 16              : IntAlu :  D=0x000000000006f998
 762000: system.cpu: T0 : 0x1aa10    : bne a4, a5, -6             : IntAlu : 
 762500: system.cpu: T0 : 0x1aa0a    : c_sd a5, 24(a5)            : MemWrite :  D=0x000000000006f998 A=0x6f9b0
 763000: system.cpu: T0 : 0x1aa0c    : c_sd a5, 16(a5)            : MemWrite :  D=0x000000000006f998 A=0x6f9a8
 763500: system.cpu: T0 : 0x1aa0e    : c_addi a5, 16              : IntAlu :  D=0x000000000006f9a8
 764000: system.cpu: T0 : 0x1aa10    : bne a4, a5, -6             : IntAlu : 
 764500: system.cpu: T0 : 0x1aa0a    : c_sd a5, 24(a5)            : MemWrite :  D=0x000000000006f9a8 A=0x6f9c0
 765000: system.cpu: T0 : 0x1aa0c    : c_sd a5, 16(a5)            : MemWrite :  D=0x000000000006f9a8 A=0x6f9b8
 765500: system.cpu: T0 : 0x1aa0e    : c_addi a5, 16              : IntAlu :  D=0x000000000006f9b8
 766000: system.cpu: T0 : 0x1aa10    : bne a4, a5, -6             : IntAlu : 
 766500: system.cpu: T0 : 0x1aa0a    : c_sd a5, 24(a5)            : MemWrite :  D=0x000000000006f9b8 A=0x6f9d0
 767000: system.cpu: T0 : 0x1aa0c    : c_sd a5, 16(a5)            : MemWrite :  D=0x000000000006f9b8 A=0x6f9c8
 767500: system.cpu: T0 : 0x1aa0e    : c_addi a5, 16              : IntAlu :  D=0x000000000006f9c8
 768000: system.cpu: T0 : 0x1aa10    : bne a4, a5, -6             : IntAlu : 
 768500: system.cpu: T0 : 0x1aa0a    : c_sd a5, 24(a5)            : MemWrite :  D=0x000000000006f9c8 A=0x6f9e0
 769000: system.cpu: T0 : 0x1aa0c    : c_sd a5, 16(a5)            : MemWrite :  D=0x000000000006f9c8 A=0x6f9d8
 769500: system.cpu: T0 : 0x1aa0e    : c_addi a5, 16              : IntAlu :  D=0x000000000006f9d8
 770000: system.cpu: T0 : 0x1aa10    : bne a4, a5, -6             : IntAlu : 
 770500: system.cpu: T0 : 0x1aa0a    : c_sd a5, 24(a5)            : MemWrite :  D=0x000000000006f9d8 A=0x6f9f0
 771000: system.cpu: T0 : 0x1aa0c    : c_sd a5, 16(a5)            : MemWrite :  D=0x000000000006f9d8 A=0x6f9e8
 771500: system.cpu: T0 : 0x1aa0e    : c_addi a5, 16              : IntAlu :  D=0x000000000006f9e8
 772000: system.cpu: T0 : 0x1aa10    : bne a4, a5, -6             : IntAlu : 
 772500: system.cpu: T0 : 0x1aa0a    : c_sd a5, 24(a5)            : MemWrite :  D=0x000000000006f9e8 A=0x6fa00
 773000: system.cpu: T0 : 0x1aa0c    : c_sd a5, 16(a5)            : MemWrite :  D=0x000000000006f9e8 A=0x6f9f8
 773500: system.cpu: T0 : 0x1aa0e    : c_addi a5, 16              : IntAlu :  D=0x000000000006f9f8
 774000: system.cpu: T0 : 0x1aa10    : bne a4, a5, -6             : IntAlu : 
 774500: system.cpu: T0 : 0x1aa0a    : c_sd a5, 24(a5)            : MemWrite :  D=0x000000000006f9f8 A=0x6fa10
 775000: system.cpu: T0 : 0x1aa0c    : c_sd a5, 16(a5)            : MemWrite :  D=0x000000000006f9f8 A=0x6fa08
 775500: system.cpu: T0 : 0x1aa0e    : c_addi a5, 16              : IntAlu :  D=0x000000000006fa08
 776000: system.cpu: T0 : 0x1aa10    : bne a4, a5, -6             : IntAlu : 
 776500: system.cpu: T0 : 0x1aa0a    : c_sd a5, 24(a5)            : MemWrite :  D=0x000000000006fa08 A=0x6fa20
 777000: system.cpu: T0 : 0x1aa0c    : c_sd a5, 16(a5)            : MemWrite :  D=0x000000000006fa08 A=0x6fa18
 777500: system.cpu: T0 : 0x1aa0e    : c_addi a5, 16              : IntAlu :  D=0x000000000006fa18
 778000: system.cpu: T0 : 0x1aa10    : bne a4, a5, -6             : IntAlu : 
 778500: system.cpu: T0 : 0x1aa0a    : c_sd a5, 24(a5)            : MemWrite :  D=0x000000000006fa18 A=0x6fa30
 779000: system.cpu: T0 : 0x1aa0c    : c_sd a5, 16(a5)            : MemWrite :  D=0x000000000006fa18 A=0x6fa28
 779500: system.cpu: T0 : 0x1aa0e    : c_addi a5, 16              : IntAlu :  D=0x000000000006fa28
 780000: system.cpu: T0 : 0x1aa10    : bne a4, a5, -6             : IntAlu : 
 780500: system.cpu: T0 : 0x1aa0a    : c_sd a5, 24(a5)            : MemWrite :  D=0x000000000006fa28 A=0x6fa40
 781000: system.cpu: T0 : 0x1aa0c    : c_sd a5, 16(a5)            : MemWrite :  D=0x000000000006fa28 A=0x6fa38
 781500: system.cpu: T0 : 0x1aa0e    : c_addi a5, 16              : IntAlu :  D=0x000000000006fa38
 782000: system.cpu: T0 : 0x1aa10    : bne a4, a5, -6             : IntAlu : 
 782500: system.cpu: T0 : 0x1aa0a    : c_sd a5, 24(a5)            : MemWrite :  D=0x000000000006fa38 A=0x6fa50
 783000: system.cpu: T0 : 0x1aa0c    : c_sd a5, 16(a5)            : MemWrite :  D=0x000000000006fa38 A=0x6fa48
 783500: system.cpu: T0 : 0x1aa0e    : c_addi a5, 16              : IntAlu :  D=0x000000000006fa48
 784000: system.cpu: T0 : 0x1aa10    : bne a4, a5, -6             : IntAlu : 
 784500: system.cpu: T0 : 0x1aa0a    : c_sd a5, 24(a5)            : MemWrite :  D=0x000000000006fa48 A=0x6fa60
 785000: system.cpu: T0 : 0x1aa0c    : c_sd a5, 16(a5)            : MemWrite :  D=0x000000000006fa48 A=0x6fa58
 785500: system.cpu: T0 : 0x1aa0e    : c_addi a5, 16              : IntAlu :  D=0x000000000006fa58
 786000: system.cpu: T0 : 0x1aa10    : bne a4, a5, -6             : IntAlu : 
 786500: system.cpu: T0 : 0x1aa0a    : c_sd a5, 24(a5)            : MemWrite :  D=0x000000000006fa58 A=0x6fa70
 787000: system.cpu: T0 : 0x1aa0c    : c_sd a5, 16(a5)            : MemWrite :  D=0x000000000006fa58 A=0x6fa68
 787500: system.cpu: T0 : 0x1aa0e    : c_addi a5, 16              : IntAlu :  D=0x000000000006fa68
 788000: system.cpu: T0 : 0x1aa10    : bne a4, a5, -6             : IntAlu : 
 788500: system.cpu: T0 : 0x1aa0a    : c_sd a5, 24(a5)            : MemWrite :  D=0x000000000006fa68 A=0x6fa80
 789000: system.cpu: T0 : 0x1aa0c    : c_sd a5, 16(a5)            : MemWrite :  D=0x000000000006fa68 A=0x6fa78
 789500: system.cpu: T0 : 0x1aa0e    : c_addi a5, 16              : IntAlu :  D=0x000000000006fa78
 790000: system.cpu: T0 : 0x1aa10    : bne a4, a5, -6             : IntAlu : 
 790500: system.cpu: T0 : 0x1aa0a    : c_sd a5, 24(a5)            : MemWrite :  D=0x000000000006fa78 A=0x6fa90
 791000: system.cpu: T0 : 0x1aa0c    : c_sd a5, 16(a5)            : MemWrite :  D=0x000000000006fa78 A=0x6fa88
 791500: system.cpu: T0 : 0x1aa0e    : c_addi a5, 16              : IntAlu :  D=0x000000000006fa88
 792000: system.cpu: T0 : 0x1aa10    : bne a4, a5, -6             : IntAlu : 
 792500: system.cpu: T0 : 0x1aa0a    : c_sd a5, 24(a5)            : MemWrite :  D=0x000000000006fa88 A=0x6faa0
 793000: system.cpu: T0 : 0x1aa0c    : c_sd a5, 16(a5)            : MemWrite :  D=0x000000000006fa88 A=0x6fa98
 793500: system.cpu: T0 : 0x1aa0e    : c_addi a5, 16              : IntAlu :  D=0x000000000006fa98
 794000: system.cpu: T0 : 0x1aa10    : bne a4, a5, -6             : IntAlu : 
 794500: system.cpu: T0 : 0x1aa0a    : c_sd a5, 24(a5)            : MemWrite :  D=0x000000000006fa98 A=0x6fab0
 795000: system.cpu: T0 : 0x1aa0c    : c_sd a5, 16(a5)            : MemWrite :  D=0x000000000006fa98 A=0x6faa8
 795500: system.cpu: T0 : 0x1aa0e    : c_addi a5, 16              : IntAlu :  D=0x000000000006faa8
 796000: system.cpu: T0 : 0x1aa10    : bne a4, a5, -6             : IntAlu : 
 796500: system.cpu: T0 : 0x1aa0a    : c_sd a5, 24(a5)            : MemWrite :  D=0x000000000006faa8 A=0x6fac0
 797000: system.cpu: T0 : 0x1aa0c    : c_sd a5, 16(a5)            : MemWrite :  D=0x000000000006faa8 A=0x6fab8
 797500: system.cpu: T0 : 0x1aa0e    : c_addi a5, 16              : IntAlu :  D=0x000000000006fab8
 798000: system.cpu: T0 : 0x1aa10    : bne a4, a5, -6             : IntAlu : 
 798500: system.cpu: T0 : 0x1aa0a    : c_sd a5, 24(a5)            : MemWrite :  D=0x000000000006fab8 A=0x6fad0
 799000: system.cpu: T0 : 0x1aa0c    : c_sd a5, 16(a5)            : MemWrite :  D=0x000000000006fab8 A=0x6fac8
 799500: system.cpu: T0 : 0x1aa0e    : c_addi a5, 16              : IntAlu :  D=0x000000000006fac8
 800000: system.cpu: T0 : 0x1aa10    : bne a4, a5, -6             : IntAlu : 
 800500: system.cpu: T0 : 0x1aa0a    : c_sd a5, 24(a5)            : MemWrite :  D=0x000000000006fac8 A=0x6fae0
 801000: system.cpu: T0 : 0x1aa0c    : c_sd a5, 16(a5)            : MemWrite :  D=0x000000000006fac8 A=0x6fad8
 801500: system.cpu: T0 : 0x1aa0e    : c_addi a5, 16              : IntAlu :  D=0x000000000006fad8
 802000: system.cpu: T0 : 0x1aa10    : bne a4, a5, -6             : IntAlu : 
 802500: system.cpu: T0 : 0x1aa0a    : c_sd a5, 24(a5)            : MemWrite :  D=0x000000000006fad8 A=0x6faf0
 803000: system.cpu: T0 : 0x1aa0c    : c_sd a5, 16(a5)            : MemWrite :  D=0x000000000006fad8 A=0x6fae8
 803500: system.cpu: T0 : 0x1aa0e    : c_addi a5, 16              : IntAlu :  D=0x000000000006fae8
 804000: system.cpu: T0 : 0x1aa10    : bne a4, a5, -6             : IntAlu : 
 804500: system.cpu: T0 : 0x1aa0a    : c_sd a5, 24(a5)            : MemWrite :  D=0x000000000006fae8 A=0x6fb00
 805000: system.cpu: T0 : 0x1aa0c    : c_sd a5, 16(a5)            : MemWrite :  D=0x000000000006fae8 A=0x6faf8
 805500: system.cpu: T0 : 0x1aa0e    : c_addi a5, 16              : IntAlu :  D=0x000000000006faf8
 806000: system.cpu: T0 : 0x1aa10    : bne a4, a5, -6             : IntAlu : 
 806500: system.cpu: T0 : 0x1aa0a    : c_sd a5, 24(a5)            : MemWrite :  D=0x000000000006faf8 A=0x6fb10
 807000: system.cpu: T0 : 0x1aa0c    : c_sd a5, 16(a5)            : MemWrite :  D=0x000000000006faf8 A=0x6fb08
 807500: system.cpu: T0 : 0x1aa0e    : c_addi a5, 16              : IntAlu :  D=0x000000000006fb08
 808000: system.cpu: T0 : 0x1aa10    : bne a4, a5, -6             : IntAlu : 
 808500: system.cpu: T0 : 0x1aa0a    : c_sd a5, 24(a5)            : MemWrite :  D=0x000000000006fb08 A=0x6fb20
 809000: system.cpu: T0 : 0x1aa0c    : c_sd a5, 16(a5)            : MemWrite :  D=0x000000000006fb08 A=0x6fb18
 809500: system.cpu: T0 : 0x1aa0e    : c_addi a5, 16              : IntAlu :  D=0x000000000006fb18
 810000: system.cpu: T0 : 0x1aa10    : bne a4, a5, -6             : IntAlu : 
 810500: system.cpu: T0 : 0x1aa0a    : c_sd a5, 24(a5)            : MemWrite :  D=0x000000000006fb18 A=0x6fb30
 811000: system.cpu: T0 : 0x1aa0c    : c_sd a5, 16(a5)            : MemWrite :  D=0x000000000006fb18 A=0x6fb28
 811500: system.cpu: T0 : 0x1aa0e    : c_addi a5, 16              : IntAlu :  D=0x000000000006fb28
 812000: system.cpu: T0 : 0x1aa10    : bne a4, a5, -6             : IntAlu : 
 812500: system.cpu: T0 : 0x1aa0a    : c_sd a5, 24(a5)            : MemWrite :  D=0x000000000006fb28 A=0x6fb40
 813000: system.cpu: T0 : 0x1aa0c    : c_sd a5, 16(a5)            : MemWrite :  D=0x000000000006fb28 A=0x6fb38
 813500: system.cpu: T0 : 0x1aa0e    : c_addi a5, 16              : IntAlu :  D=0x000000000006fb38
 814000: system.cpu: T0 : 0x1aa10    : bne a4, a5, -6             : IntAlu : 
 814500: system.cpu: T0 : 0x1aa0a    : c_sd a5, 24(a5)            : MemWrite :  D=0x000000000006fb38 A=0x6fb50
 815000: system.cpu: T0 : 0x1aa0c    : c_sd a5, 16(a5)            : MemWrite :  D=0x000000000006fb38 A=0x6fb48
 815500: system.cpu: T0 : 0x1aa0e    : c_addi a5, 16              : IntAlu :  D=0x000000000006fb48
 816000: system.cpu: T0 : 0x1aa10    : bne a4, a5, -6             : IntAlu : 
 816500: system.cpu: T0 : 0x1aa0a    : c_sd a5, 24(a5)            : MemWrite :  D=0x000000000006fb48 A=0x6fb60
 817000: system.cpu: T0 : 0x1aa0c    : c_sd a5, 16(a5)            : MemWrite :  D=0x000000000006fb48 A=0x6fb58
 817500: system.cpu: T0 : 0x1aa0e    : c_addi a5, 16              : IntAlu :  D=0x000000000006fb58
 818000: system.cpu: T0 : 0x1aa10    : bne a4, a5, -6             : IntAlu : 
 818500: system.cpu: T0 : 0x1aa0a    : c_sd a5, 24(a5)            : MemWrite :  D=0x000000000006fb58 A=0x6fb70
 819000: system.cpu: T0 : 0x1aa0c    : c_sd a5, 16(a5)            : MemWrite :  D=0x000000000006fb58 A=0x6fb68
 819500: system.cpu: T0 : 0x1aa0e    : c_addi a5, 16              : IntAlu :  D=0x000000000006fb68
 820000: system.cpu: T0 : 0x1aa10    : bne a4, a5, -6             : IntAlu : 
 820500: system.cpu: T0 : 0x1aa0a    : c_sd a5, 24(a5)            : MemWrite :  D=0x000000000006fb68 A=0x6fb80
 821000: system.cpu: T0 : 0x1aa0c    : c_sd a5, 16(a5)            : MemWrite :  D=0x000000000006fb68 A=0x6fb78
 821500: system.cpu: T0 : 0x1aa0e    : c_addi a5, 16              : IntAlu :  D=0x000000000006fb78
 822000: system.cpu: T0 : 0x1aa10    : bne a4, a5, -6             : IntAlu : 
 822500: system.cpu: T0 : 0x1aa0a    : c_sd a5, 24(a5)            : MemWrite :  D=0x000000000006fb78 A=0x6fb90
 823000: system.cpu: T0 : 0x1aa0c    : c_sd a5, 16(a5)            : MemWrite :  D=0x000000000006fb78 A=0x6fb88
 823500: system.cpu: T0 : 0x1aa0e    : c_addi a5, 16              : IntAlu :  D=0x000000000006fb88
 824000: system.cpu: T0 : 0x1aa10    : bne a4, a5, -6             : IntAlu : 
 824500: system.cpu: T0 : 0x1aa0a    : c_sd a5, 24(a5)            : MemWrite :  D=0x000000000006fb88 A=0x6fba0
 825000: system.cpu: T0 : 0x1aa0c    : c_sd a5, 16(a5)            : MemWrite :  D=0x000000000006fb88 A=0x6fb98
 825500: system.cpu: T0 : 0x1aa0e    : c_addi a5, 16              : IntAlu :  D=0x000000000006fb98
 826000: system.cpu: T0 : 0x1aa10    : bne a4, a5, -6             : IntAlu : 
 826500: system.cpu: T0 : 0x1aa0a    : c_sd a5, 24(a5)            : MemWrite :  D=0x000000000006fb98 A=0x6fbb0
 827000: system.cpu: T0 : 0x1aa0c    : c_sd a5, 16(a5)            : MemWrite :  D=0x000000000006fb98 A=0x6fba8
 827500: system.cpu: T0 : 0x1aa0e    : c_addi a5, 16              : IntAlu :  D=0x000000000006fba8
 828000: system.cpu: T0 : 0x1aa10    : bne a4, a5, -6             : IntAlu : 
 828500: system.cpu: T0 : 0x1aa0a    : c_sd a5, 24(a5)            : MemWrite :  D=0x000000000006fba8 A=0x6fbc0
 829000: system.cpu: T0 : 0x1aa0c    : c_sd a5, 16(a5)            : MemWrite :  D=0x000000000006fba8 A=0x6fbb8
 829500: system.cpu: T0 : 0x1aa0e    : c_addi a5, 16              : IntAlu :  D=0x000000000006fbb8
 830000: system.cpu: T0 : 0x1aa10    : bne a4, a5, -6             : IntAlu : 
 830500: system.cpu: T0 : 0x1aa0a    : c_sd a5, 24(a5)            : MemWrite :  D=0x000000000006fbb8 A=0x6fbd0
 831000: system.cpu: T0 : 0x1aa0c    : c_sd a5, 16(a5)            : MemWrite :  D=0x000000000006fbb8 A=0x6fbc8
 831500: system.cpu: T0 : 0x1aa0e    : c_addi a5, 16              : IntAlu :  D=0x000000000006fbc8
 832000: system.cpu: T0 : 0x1aa10    : bne a4, a5, -6             : IntAlu : 
 832500: system.cpu: T0 : 0x1aa0a    : c_sd a5, 24(a5)            : MemWrite :  D=0x000000000006fbc8 A=0x6fbe0
 833000: system.cpu: T0 : 0x1aa0c    : c_sd a5, 16(a5)            : MemWrite :  D=0x000000000006fbc8 A=0x6fbd8
 833500: system.cpu: T0 : 0x1aa0e    : c_addi a5, 16              : IntAlu :  D=0x000000000006fbd8
 834000: system.cpu: T0 : 0x1aa10    : bne a4, a5, -6             : IntAlu : 
 834500: system.cpu: T0 : 0x1aa0a    : c_sd a5, 24(a5)            : MemWrite :  D=0x000000000006fbd8 A=0x6fbf0
 835000: system.cpu: T0 : 0x1aa0c    : c_sd a5, 16(a5)            : MemWrite :  D=0x000000000006fbd8 A=0x6fbe8
 835500: system.cpu: T0 : 0x1aa0e    : c_addi a5, 16              : IntAlu :  D=0x000000000006fbe8
 836000: system.cpu: T0 : 0x1aa10    : bne a4, a5, -6             : IntAlu : 
 836500: system.cpu: T0 : 0x1aa0a    : c_sd a5, 24(a5)            : MemWrite :  D=0x000000000006fbe8 A=0x6fc00
 837000: system.cpu: T0 : 0x1aa0c    : c_sd a5, 16(a5)            : MemWrite :  D=0x000000000006fbe8 A=0x6fbf8
 837500: system.cpu: T0 : 0x1aa0e    : c_addi a5, 16              : IntAlu :  D=0x000000000006fbf8
 838000: system.cpu: T0 : 0x1aa10    : bne a4, a5, -6             : IntAlu : 
 838500: system.cpu: T0 : 0x1aa0a    : c_sd a5, 24(a5)            : MemWrite :  D=0x000000000006fbf8 A=0x6fc10
 839000: system.cpu: T0 : 0x1aa0c    : c_sd a5, 16(a5)            : MemWrite :  D=0x000000000006fbf8 A=0x6fc08
 839500: system.cpu: T0 : 0x1aa0e    : c_addi a5, 16              : IntAlu :  D=0x000000000006fc08
 840000: system.cpu: T0 : 0x1aa10    : bne a4, a5, -6             : IntAlu : 
 840500: system.cpu: T0 : 0x1aa0a    : c_sd a5, 24(a5)            : MemWrite :  D=0x000000000006fc08 A=0x6fc20
 841000: system.cpu: T0 : 0x1aa0c    : c_sd a5, 16(a5)            : MemWrite :  D=0x000000000006fc08 A=0x6fc18
 841500: system.cpu: T0 : 0x1aa0e    : c_addi a5, 16              : IntAlu :  D=0x000000000006fc18
 842000: system.cpu: T0 : 0x1aa10    : bne a4, a5, -6             : IntAlu : 
 842500: system.cpu: T0 : 0x1aa0a    : c_sd a5, 24(a5)            : MemWrite :  D=0x000000000006fc18 A=0x6fc30
 843000: system.cpu: T0 : 0x1aa0c    : c_sd a5, 16(a5)            : MemWrite :  D=0x000000000006fc18 A=0x6fc28
 843500: system.cpu: T0 : 0x1aa0e    : c_addi a5, 16              : IntAlu :  D=0x000000000006fc28
 844000: system.cpu: T0 : 0x1aa10    : bne a4, a5, -6             : IntAlu : 
 844500: system.cpu: T0 : 0x1aa0a    : c_sd a5, 24(a5)            : MemWrite :  D=0x000000000006fc28 A=0x6fc40
 845000: system.cpu: T0 : 0x1aa0c    : c_sd a5, 16(a5)            : MemWrite :  D=0x000000000006fc28 A=0x6fc38
 845500: system.cpu: T0 : 0x1aa0e    : c_addi a5, 16              : IntAlu :  D=0x000000000006fc38
 846000: system.cpu: T0 : 0x1aa10    : bne a4, a5, -6             : IntAlu : 
 846500: system.cpu: T0 : 0x1aa0a    : c_sd a5, 24(a5)            : MemWrite :  D=0x000000000006fc38 A=0x6fc50
 847000: system.cpu: T0 : 0x1aa0c    : c_sd a5, 16(a5)            : MemWrite :  D=0x000000000006fc38 A=0x6fc48
 847500: system.cpu: T0 : 0x1aa0e    : c_addi a5, 16              : IntAlu :  D=0x000000000006fc48
 848000: system.cpu: T0 : 0x1aa10    : bne a4, a5, -6             : IntAlu : 
 848500: system.cpu: T0 : 0x1aa0a    : c_sd a5, 24(a5)            : MemWrite :  D=0x000000000006fc48 A=0x6fc60
 849000: system.cpu: T0 : 0x1aa0c    : c_sd a5, 16(a5)            : MemWrite :  D=0x000000000006fc48 A=0x6fc58
 849500: system.cpu: T0 : 0x1aa0e    : c_addi a5, 16              : IntAlu :  D=0x000000000006fc58
 850000: system.cpu: T0 : 0x1aa10    : bne a4, a5, -6             : IntAlu : 
 850500: system.cpu: T0 : 0x1aa0a    : c_sd a5, 24(a5)            : MemWrite :  D=0x000000000006fc58 A=0x6fc70
 851000: system.cpu: T0 : 0x1aa0c    : c_sd a5, 16(a5)            : MemWrite :  D=0x000000000006fc58 A=0x6fc68
 851500: system.cpu: T0 : 0x1aa0e    : c_addi a5, 16              : IntAlu :  D=0x000000000006fc68
 852000: system.cpu: T0 : 0x1aa10    : bne a4, a5, -6             : IntAlu : 
 852500: system.cpu: T0 : 0x1aa0a    : c_sd a5, 24(a5)            : MemWrite :  D=0x000000000006fc68 A=0x6fc80
 853000: system.cpu: T0 : 0x1aa0c    : c_sd a5, 16(a5)            : MemWrite :  D=0x000000000006fc68 A=0x6fc78
 853500: system.cpu: T0 : 0x1aa0e    : c_addi a5, 16              : IntAlu :  D=0x000000000006fc78
 854000: system.cpu: T0 : 0x1aa10    : bne a4, a5, -6             : IntAlu : 
 854500: system.cpu: T0 : 0x1aa0a    : c_sd a5, 24(a5)            : MemWrite :  D=0x000000000006fc78 A=0x6fc90
 855000: system.cpu: T0 : 0x1aa0c    : c_sd a5, 16(a5)            : MemWrite :  D=0x000000000006fc78 A=0x6fc88
 855500: system.cpu: T0 : 0x1aa0e    : c_addi a5, 16              : IntAlu :  D=0x000000000006fc88
 856000: system.cpu: T0 : 0x1aa10    : bne a4, a5, -6             : IntAlu : 
 856500: system.cpu: T0 : 0x1aa0a    : c_sd a5, 24(a5)            : MemWrite :  D=0x000000000006fc88 A=0x6fca0
 857000: system.cpu: T0 : 0x1aa0c    : c_sd a5, 16(a5)            : MemWrite :  D=0x000000000006fc88 A=0x6fc98
 857500: system.cpu: T0 : 0x1aa0e    : c_addi a5, 16              : IntAlu :  D=0x000000000006fc98
 858000: system.cpu: T0 : 0x1aa10    : bne a4, a5, -6             : IntAlu : 
 858500: system.cpu: T0 : 0x1aa0a    : c_sd a5, 24(a5)            : MemWrite :  D=0x000000000006fc98 A=0x6fcb0
 859000: system.cpu: T0 : 0x1aa0c    : c_sd a5, 16(a5)            : MemWrite :  D=0x000000000006fc98 A=0x6fca8
 859500: system.cpu: T0 : 0x1aa0e    : c_addi a5, 16              : IntAlu :  D=0x000000000006fca8
 860000: system.cpu: T0 : 0x1aa10    : bne a4, a5, -6             : IntAlu : 
 860500: system.cpu: T0 : 0x1aa0a    : c_sd a5, 24(a5)            : MemWrite :  D=0x000000000006fca8 A=0x6fcc0
 861000: system.cpu: T0 : 0x1aa0c    : c_sd a5, 16(a5)            : MemWrite :  D=0x000000000006fca8 A=0x6fcb8
 861500: system.cpu: T0 : 0x1aa0e    : c_addi a5, 16              : IntAlu :  D=0x000000000006fcb8
 862000: system.cpu: T0 : 0x1aa10    : bne a4, a5, -6             : IntAlu : 
 862500: system.cpu: T0 : 0x1aa0a    : c_sd a5, 24(a5)            : MemWrite :  D=0x000000000006fcb8 A=0x6fcd0
 863000: system.cpu: T0 : 0x1aa0c    : c_sd a5, 16(a5)            : MemWrite :  D=0x000000000006fcb8 A=0x6fcc8
 863500: system.cpu: T0 : 0x1aa0e    : c_addi a5, 16              : IntAlu :  D=0x000000000006fcc8
 864000: system.cpu: T0 : 0x1aa10    : bne a4, a5, -6             : IntAlu : 
 864500: system.cpu: T0 : 0x1aa0a    : c_sd a5, 24(a5)            : MemWrite :  D=0x000000000006fcc8 A=0x6fce0
 865000: system.cpu: T0 : 0x1aa0c    : c_sd a5, 16(a5)            : MemWrite :  D=0x000000000006fcc8 A=0x6fcd8
 865500: system.cpu: T0 : 0x1aa0e    : c_addi a5, 16              : IntAlu :  D=0x000000000006fcd8
 866000: system.cpu: T0 : 0x1aa10    : bne a4, a5, -6             : IntAlu : 
 866500: system.cpu: T0 : 0x1aa0a    : c_sd a5, 24(a5)            : MemWrite :  D=0x000000000006fcd8 A=0x6fcf0
 867000: system.cpu: T0 : 0x1aa0c    : c_sd a5, 16(a5)            : MemWrite :  D=0x000000000006fcd8 A=0x6fce8
 867500: system.cpu: T0 : 0x1aa0e    : c_addi a5, 16              : IntAlu :  D=0x000000000006fce8
 868000: system.cpu: T0 : 0x1aa10    : bne a4, a5, -6             : IntAlu : 
 868500: system.cpu: T0 : 0x1aa0a    : c_sd a5, 24(a5)            : MemWrite :  D=0x000000000006fce8 A=0x6fd00
 869000: system.cpu: T0 : 0x1aa0c    : c_sd a5, 16(a5)            : MemWrite :  D=0x000000000006fce8 A=0x6fcf8
 869500: system.cpu: T0 : 0x1aa0e    : c_addi a5, 16              : IntAlu :  D=0x000000000006fcf8
 870000: system.cpu: T0 : 0x1aa10    : bne a4, a5, -6             : IntAlu : 
 870500: system.cpu: T0 : 0x1aa0a    : c_sd a5, 24(a5)            : MemWrite :  D=0x000000000006fcf8 A=0x6fd10
 871000: system.cpu: T0 : 0x1aa0c    : c_sd a5, 16(a5)            : MemWrite :  D=0x000000000006fcf8 A=0x6fd08
 871500: system.cpu: T0 : 0x1aa0e    : c_addi a5, 16              : IntAlu :  D=0x000000000006fd08
 872000: system.cpu: T0 : 0x1aa10    : bne a4, a5, -6             : IntAlu : 
 872500: system.cpu: T0 : 0x1aa0a    : c_sd a5, 24(a5)            : MemWrite :  D=0x000000000006fd08 A=0x6fd20
 873000: system.cpu: T0 : 0x1aa0c    : c_sd a5, 16(a5)            : MemWrite :  D=0x000000000006fd08 A=0x6fd18
 873500: system.cpu: T0 : 0x1aa0e    : c_addi a5, 16              : IntAlu :  D=0x000000000006fd18
 874000: system.cpu: T0 : 0x1aa10    : bne a4, a5, -6             : IntAlu : 
 874500: system.cpu: T0 : 0x1aa0a    : c_sd a5, 24(a5)            : MemWrite :  D=0x000000000006fd18 A=0x6fd30
 875000: system.cpu: T0 : 0x1aa0c    : c_sd a5, 16(a5)            : MemWrite :  D=0x000000000006fd18 A=0x6fd28
 875500: system.cpu: T0 : 0x1aa0e    : c_addi a5, 16              : IntAlu :  D=0x000000000006fd28
 876000: system.cpu: T0 : 0x1aa10    : bne a4, a5, -6             : IntAlu : 
 876500: system.cpu: T0 : 0x1aa0a    : c_sd a5, 24(a5)            : MemWrite :  D=0x000000000006fd28 A=0x6fd40
 877000: system.cpu: T0 : 0x1aa0c    : c_sd a5, 16(a5)            : MemWrite :  D=0x000000000006fd28 A=0x6fd38
 877500: system.cpu: T0 : 0x1aa0e    : c_addi a5, 16              : IntAlu :  D=0x000000000006fd38
 878000: system.cpu: T0 : 0x1aa10    : bne a4, a5, -6             : IntAlu : 
 878500: system.cpu: T0 : 0x1aa0a    : c_sd a5, 24(a5)            : MemWrite :  D=0x000000000006fd38 A=0x6fd50
 879000: system.cpu: T0 : 0x1aa0c    : c_sd a5, 16(a5)            : MemWrite :  D=0x000000000006fd38 A=0x6fd48
 879500: system.cpu: T0 : 0x1aa0e    : c_addi a5, 16              : IntAlu :  D=0x000000000006fd48
 880000: system.cpu: T0 : 0x1aa10    : bne a4, a5, -6             : IntAlu : 
 880500: system.cpu: T0 : 0x1aa0a    : c_sd a5, 24(a5)            : MemWrite :  D=0x000000000006fd48 A=0x6fd60
 881000: system.cpu: T0 : 0x1aa0c    : c_sd a5, 16(a5)            : MemWrite :  D=0x000000000006fd48 A=0x6fd58
 881500: system.cpu: T0 : 0x1aa0e    : c_addi a5, 16              : IntAlu :  D=0x000000000006fd58
 882000: system.cpu: T0 : 0x1aa10    : bne a4, a5, -6             : IntAlu : 
 882500: system.cpu: T0 : 0x1aa0a    : c_sd a5, 24(a5)            : MemWrite :  D=0x000000000006fd58 A=0x6fd70
 883000: system.cpu: T0 : 0x1aa0c    : c_sd a5, 16(a5)            : MemWrite :  D=0x000000000006fd58 A=0x6fd68
 883500: system.cpu: T0 : 0x1aa0e    : c_addi a5, 16              : IntAlu :  D=0x000000000006fd68
 884000: system.cpu: T0 : 0x1aa10    : bne a4, a5, -6             : IntAlu : 
 884500: system.cpu: T0 : 0x1aa0a    : c_sd a5, 24(a5)            : MemWrite :  D=0x000000000006fd68 A=0x6fd80
 885000: system.cpu: T0 : 0x1aa0c    : c_sd a5, 16(a5)            : MemWrite :  D=0x000000000006fd68 A=0x6fd78
 885500: system.cpu: T0 : 0x1aa0e    : c_addi a5, 16              : IntAlu :  D=0x000000000006fd78
 886000: system.cpu: T0 : 0x1aa10    : bne a4, a5, -6             : IntAlu : 
 886500: system.cpu: T0 : 0x1aa0a    : c_sd a5, 24(a5)            : MemWrite :  D=0x000000000006fd78 A=0x6fd90
 887000: system.cpu: T0 : 0x1aa0c    : c_sd a5, 16(a5)            : MemWrite :  D=0x000000000006fd78 A=0x6fd88
 887500: system.cpu: T0 : 0x1aa0e    : c_addi a5, 16              : IntAlu :  D=0x000000000006fd88
 888000: system.cpu: T0 : 0x1aa10    : bne a4, a5, -6             : IntAlu : 
 888500: system.cpu: T0 : 0x1aa0a    : c_sd a5, 24(a5)            : MemWrite :  D=0x000000000006fd88 A=0x6fda0
 889000: system.cpu: T0 : 0x1aa0c    : c_sd a5, 16(a5)            : MemWrite :  D=0x000000000006fd88 A=0x6fd98
 889500: system.cpu: T0 : 0x1aa0e    : c_addi a5, 16              : IntAlu :  D=0x000000000006fd98
 890000: system.cpu: T0 : 0x1aa10    : bne a4, a5, -6             : IntAlu : 
 890500: system.cpu: T0 : 0x1aa0a    : c_sd a5, 24(a5)            : MemWrite :  D=0x000000000006fd98 A=0x6fdb0
 891000: system.cpu: T0 : 0x1aa0c    : c_sd a5, 16(a5)            : MemWrite :  D=0x000000000006fd98 A=0x6fda8
 891500: system.cpu: T0 : 0x1aa0e    : c_addi a5, 16              : IntAlu :  D=0x000000000006fda8
 892000: system.cpu: T0 : 0x1aa10    : bne a4, a5, -6             : IntAlu : 
 892500: system.cpu: T0 : 0x1aa0a    : c_sd a5, 24(a5)            : MemWrite :  D=0x000000000006fda8 A=0x6fdc0
 893000: system.cpu: T0 : 0x1aa0c    : c_sd a5, 16(a5)            : MemWrite :  D=0x000000000006fda8 A=0x6fdb8
 893500: system.cpu: T0 : 0x1aa0e    : c_addi a5, 16              : IntAlu :  D=0x000000000006fdb8
 894000: system.cpu: T0 : 0x1aa10    : bne a4, a5, -6             : IntAlu : 
 894500: system.cpu: T0 : 0x1aa0a    : c_sd a5, 24(a5)            : MemWrite :  D=0x000000000006fdb8 A=0x6fdd0
 895000: system.cpu: T0 : 0x1aa0c    : c_sd a5, 16(a5)            : MemWrite :  D=0x000000000006fdb8 A=0x6fdc8
 895500: system.cpu: T0 : 0x1aa0e    : c_addi a5, 16              : IntAlu :  D=0x000000000006fdc8
 896000: system.cpu: T0 : 0x1aa10    : bne a4, a5, -6             : IntAlu : 
 896500: system.cpu: T0 : 0x1aa0a    : c_sd a5, 24(a5)            : MemWrite :  D=0x000000000006fdc8 A=0x6fde0
 897000: system.cpu: T0 : 0x1aa0c    : c_sd a5, 16(a5)            : MemWrite :  D=0x000000000006fdc8 A=0x6fdd8
 897500: system.cpu: T0 : 0x1aa0e    : c_addi a5, 16              : IntAlu :  D=0x000000000006fdd8
 898000: system.cpu: T0 : 0x1aa10    : bne a4, a5, -6             : IntAlu : 
 898500: system.cpu: T0 : 0x1aa0a    : c_sd a5, 24(a5)            : MemWrite :  D=0x000000000006fdd8 A=0x6fdf0
 899000: system.cpu: T0 : 0x1aa0c    : c_sd a5, 16(a5)            : MemWrite :  D=0x000000000006fdd8 A=0x6fde8
 899500: system.cpu: T0 : 0x1aa0e    : c_addi a5, 16              : IntAlu :  D=0x000000000006fde8
 900000: system.cpu: T0 : 0x1aa10    : bne a4, a5, -6             : IntAlu : 
 900500: system.cpu: T0 : 0x1aa0a    : c_sd a5, 24(a5)            : MemWrite :  D=0x000000000006fde8 A=0x6fe00
 901000: system.cpu: T0 : 0x1aa0c    : c_sd a5, 16(a5)            : MemWrite :  D=0x000000000006fde8 A=0x6fdf8
 901500: system.cpu: T0 : 0x1aa0e    : c_addi a5, 16              : IntAlu :  D=0x000000000006fdf8
 902000: system.cpu: T0 : 0x1aa10    : bne a4, a5, -6             : IntAlu : 
 902500: system.cpu: T0 : 0x1aa0a    : c_sd a5, 24(a5)            : MemWrite :  D=0x000000000006fdf8 A=0x6fe10
 903000: system.cpu: T0 : 0x1aa0c    : c_sd a5, 16(a5)            : MemWrite :  D=0x000000000006fdf8 A=0x6fe08
 903500: system.cpu: T0 : 0x1aa0e    : c_addi a5, 16              : IntAlu :  D=0x000000000006fe08
 904000: system.cpu: T0 : 0x1aa10    : bne a4, a5, -6             : IntAlu : 
 904500: system.cpu: T0 : 0x1aa0a    : c_sd a5, 24(a5)            : MemWrite :  D=0x000000000006fe08 A=0x6fe20
 905000: system.cpu: T0 : 0x1aa0c    : c_sd a5, 16(a5)            : MemWrite :  D=0x000000000006fe08 A=0x6fe18
 905500: system.cpu: T0 : 0x1aa0e    : c_addi a5, 16              : IntAlu :  D=0x000000000006fe18
 906000: system.cpu: T0 : 0x1aa10    : bne a4, a5, -6             : IntAlu : 
 906500: system.cpu: T0 : 0x1aa14    : lui a5, 111                : IntAlu :  D=0x000000000006f000
 907000: system.cpu: T0 : 0x1aa18    : addi a5, a5, 1480          : IntAlu :  D=0x000000000006f5c8
 907500: system.cpu: T0 : 0x1aa1c    : beq a0, a5, 24             : IntAlu : 
 908000: system.cpu: T0 : 0x1aa34    : addi a4, zero, 128         : IntAlu :  D=0x0000000000000080
 908500: system.cpu: T0 : 0x1aa38    : sd a4, -1376(gp)           : MemWrite :  D=0x0000000000000080 A=0x70ac8
 909000: system.cpu: T0 : 0x1aa3c    : addi a5, a0, 8             : IntAlu :  D=0x000000000006f5d0
 909500: system.cpu: T0 : 0x1aa40    : amoswap_w zero, zero, (a5)
 909500: system.cpu: T0 : 0x1aa40. 0 : amoswap_w[l] zero, zero, (a5) : MemRead :  D=0x0000000000000000 A=0x6f5d0
 910000: system.cpu: T0 : 0x1aa44    : c_sd a3, 96(a0)            : MemWrite :  D=0x000000000006f628 A=0x6f628
 910500: system.cpu: T0 : 0x1aa46    : c_jr ra                    : IntAlu : 
 911000: system.cpu: T0 : 0x1ae02    : c_lui a2, 27               : IntAlu :  D=0x000000000001b000
 911500: system.cpu: T0 : 0x1ae04    : addi a2, a2, 1360          : IntAlu :  D=0x000000000001b550
 912000: system.cpu: T0 : 0x1ae08    : c_mv a1, sp                : IntAlu :  D=0x7ffffffffffffbd0
 912500: system.cpu: T0 : 0x1ae0a    : c_li a0, 19                : IntAlu :  D=0x0000000000000013
 913000: system.cpu: T0 : 0x1ae0c    : jal ra, 30078              : IntAlu :  D=0x000000000001ae10
 913500: system.cpu: T0 : 0x2238a    : c_slli a0, 32              : IntAlu :  D=0x0000001300000000
 914000: system.cpu: T0 : 0x2238c    : c_srli a0, 32              : IntAlu :  D=0x0000000000000013
 915000: system.cpu: T0 : 0x2238e    : slli a5, a0, 3             : IntAlu :  D=0x0000000000000098
 915500: system.cpu: T0 : 0x22392    : c_sub a5, a0               : IntAlu :  D=0x0000000000000085
 916000: system.cpu: T0 : 0x22394    : lui a4, 111                : IntAlu :  D=0x000000000006f000
 916500: system.cpu: T0 : 0x22398    : addi a4, a4, -1248         : IntAlu :  D=0x000000000006eb20
 917000: system.cpu: T0 : 0x2239c    : c_slli a5, 3               : IntAlu :  D=0x0000000000000428
 917500: system.cpu: T0 : 0x2239e    : c_add a5, a4               : IntAlu :  D=0x000000000006ef48
 918000: system.cpu: T0 : 0x223a0    : c_lw a3, 8(a5)             : MemRead :  D=0x0000000000000000 A=0x6ef50
 918500: system.cpu: T0 : 0x223a2    : c_li a6, 2                 : IntAlu :  D=0x0000000000000002
 919000: system.cpu: T0 : 0x223a4    : c_ld a5, 32(a5)            : MemRead :  D=0x0000000000000000 A=0x6ef68
 920000: system.cpu: T0 : 0x223a6    : bltu a6, a3, 42            : IntAlu : 
 920500: system.cpu: T0 : 0x223aa    : c_bnez a3, 38              : IntAlu : 
 921000: system.cpu: T0 : 0x223ac    : c_sw a5, 0(a1)             : MemWrite :  D=0x0000000000000000 A=0x7ffffffffffffbd0
 922000: system.cpu: T0 : 0x223ae    : slli a5, a0, 3             : IntAlu :  D=0x0000000000000098
 922500: system.cpu: T0 : 0x223b2    : c_sub a5, a0               : IntAlu :  D=0x0000000000000085
 923000: system.cpu: T0 : 0x223b4    : c_slli a5, 3               : IntAlu :  D=0x0000000000000428
 924000: system.cpu: T0 : 0x223b6    : add a3, a4, a5             : IntAlu :  D=0x000000000006ef48
 925000: system.cpu: T0 : 0x223ba    : lbu a3, 40(a3)             : MemRead :  D=0x0000000000000000 A=0x6ef70
 925500: system.cpu: T0 : 0x223be    : c_beqz a3, 16              : IntAlu : 
 926000: system.cpu: T0 : 0x223ce    : c_jr ra                    : IntAlu : 
 926500: system.cpu: T0 : 0x1ae10    : c_lui a2, 26               : IntAlu :  D=0x000000000001a000
 927500: system.cpu: T0 : 0x1ae12    : addi a2, a2, 1684          : IntAlu :  D=0x000000000001a694
 928000: system.cpu: T0 : 0x1ae16    : c_mv a1, sp                : IntAlu :  D=0x7ffffffffffffbd0
 928500: system.cpu: T0 : 0x1ae18    : c_li a0, 7                 : IntAlu :  D=0x0000000000000007
 929500: system.cpu: T0 : 0x1ae1a    : jal ra, 30064              : IntAlu :  D=0x000000000001ae1e
 930000: system.cpu: T0 : 0x2238a    : c_slli a0, 32              : IntAlu :  D=0x0000000700000000
 930500: system.cpu: T0 : 0x2238c    : c_srli a0, 32              : IntAlu :  D=0x0000000000000007
 931500: system.cpu: T0 : 0x2238e    : slli a5, a0, 3             : IntAlu :  D=0x0000000000000038
 932000: system.cpu: T0 : 0x22392    : c_sub a5, a0               : IntAlu :  D=0x0000000000000031
 932500: system.cpu: T0 : 0x22394    : lui a4, 111                : IntAlu :  D=0x000000000006f000
 933000: system.cpu: T0 : 0x22398    : addi a4, a4, -1248         : IntAlu :  D=0x000000000006eb20
 933500: system.cpu: T0 : 0x2239c    : c_slli a5, 3               : IntAlu :  D=0x0000000000000188
 934000: system.cpu: T0 : 0x2239e    : c_add a5, a4               : IntAlu :  D=0x000000000006eca8
 934500: system.cpu: T0 : 0x223a0    : c_lw a3, 8(a5)             : MemRead :  D=0x0000000000000002 A=0x6ecb0
 935000: system.cpu: T0 : 0x223a2    : c_li a6, 2                 : IntAlu :  D=0x0000000000000002
 935500: system.cpu: T0 : 0x223a4    : c_ld a5, 32(a5)            : MemRead :  D=0x0000000000000000 A=0x6ecc8
 936500: system.cpu: T0 : 0x223a6    : bltu a6, a3, 42            : IntAlu : 
 937000: system.cpu: T0 : 0x223aa    : c_bnez a3, 38              : IntAlu : 
 937500: system.cpu: T0 : 0x223d0    : c_sd a5, 0(a1)             : MemWrite :  D=0x0000000000000000 A=0x7ffffffffffffbd0
 938000: system.cpu: T0 : 0x223d2    : c_j -36                    : IntAlu : 
 939000: system.cpu: T0 : 0x223ae    : slli a5, a0, 3             : IntAlu :  D=0x0000000000000038
 939500: system.cpu: T0 : 0x223b2    : c_sub a5, a0               : IntAlu :  D=0x0000000000000031
 940000: system.cpu: T0 : 0x223b4    : c_slli a5, 3               : IntAlu :  D=0x0000000000000188
 941000: system.cpu: T0 : 0x223b6    : add a3, a4, a5             : IntAlu :  D=0x000000000006eca8
 942000: system.cpu: T0 : 0x223ba    : lbu a3, 40(a3)             : MemRead :  D=0x0000000000000000 A=0x6ecd0
 942500: system.cpu: T0 : 0x223be    : c_beqz a3, 16              : IntAlu : 
 943000: system.cpu: T0 : 0x223ce    : c_jr ra                    : IntAlu : 
 943500: system.cpu: T0 : 0x1ae1e    : c_lui a2, 26               : IntAlu :  D=0x000000000001a000
 944000: system.cpu: T0 : 0x1ae20    : addi a2, a2, 1702          : IntAlu :  D=0x000000000001a6a6
 944500: system.cpu: T0 : 0x1ae24    : c_mv a1, sp                : IntAlu :  D=0x7ffffffffffffbd0
 945000: system.cpu: T0 : 0x1ae26    : c_li a0, 2                 : IntAlu :  D=0x0000000000000002
 945500: system.cpu: T0 : 0x1ae28    : jal ra, 30050              : IntAlu :  D=0x000000000001ae2c
 946000: system.cpu: T0 : 0x2238a    : c_slli a0, 32              : IntAlu :  D=0x0000000200000000
 946500: system.cpu: T0 : 0x2238c    : c_srli a0, 32              : IntAlu :  D=0x0000000000000002
 947500: system.cpu: T0 : 0x2238e    : slli a5, a0, 3             : IntAlu :  D=0x0000000000000010
 948000: system.cpu: T0 : 0x22392    : c_sub a5, a0               : IntAlu :  D=0x000000000000000e
 948500: system.cpu: T0 : 0x22394    : lui a4, 111                : IntAlu :  D=0x000000000006f000
 949000: system.cpu: T0 : 0x22398    : addi a4, a4, -1248         : IntAlu :  D=0x000000000006eb20
 949500: system.cpu: T0 : 0x2239c    : c_slli a5, 3               : IntAlu :  D=0x0000000000000070
 950000: system.cpu: T0 : 0x2239e    : c_add a5, a4               : IntAlu :  D=0x000000000006eb90
 950500: system.cpu: T0 : 0x223a0    : c_lw a3, 8(a5)             : MemRead :  D=0x0000000000000000 A=0x6eb98
 951000: system.cpu: T0 : 0x223a2    : c_li a6, 2                 : IntAlu :  D=0x0000000000000002
 951500: system.cpu: T0 : 0x223a4    : c_ld a5, 32(a5)            : MemRead :  D=0x0000000000000000 A=0x6ebb0
 952500: system.cpu: T0 : 0x223a6    : bltu a6, a3, 42            : IntAlu : 
 953000: system.cpu: T0 : 0x223aa    : c_bnez a3, 38              : IntAlu : 
 953500: system.cpu: T0 : 0x223ac    : c_sw a5, 0(a1)             : MemWrite :  D=0x0000000000000000 A=0x7ffffffffffffbd0
 954500: system.cpu: T0 : 0x223ae    : slli a5, a0, 3             : IntAlu :  D=0x0000000000000010
 955000: system.cpu: T0 : 0x223b2    : c_sub a5, a0               : IntAlu :  D=0x000000000000000e
 955500: system.cpu: T0 : 0x223b4    : c_slli a5, 3               : IntAlu :  D=0x0000000000000070
 956500: system.cpu: T0 : 0x223b6    : add a3, a4, a5             : IntAlu :  D=0x000000000006eb90
 957500: system.cpu: T0 : 0x223ba    : lbu a3, 40(a3)             : MemRead :  D=0x0000000000000000 A=0x6ebb8
 958000: system.cpu: T0 : 0x223be    : c_beqz a3, 16              : IntAlu : 
 958500: system.cpu: T0 : 0x223ce    : c_jr ra                    : IntAlu : 
 959000: system.cpu: T0 : 0x1ae2c    : c_lui a2, 26               : IntAlu :  D=0x000000000001a000
 960000: system.cpu: T0 : 0x1ae2e    : addi a2, a2, 1638          : IntAlu :  D=0x000000000001a666
 960500: system.cpu: T0 : 0x1ae32    : c_mv a1, sp                : IntAlu :  D=0x7ffffffffffffbd0
 961000: system.cpu: T0 : 0x1ae34    : c_li a0, 14                : IntAlu :  D=0x000000000000000e
 962000: system.cpu: T0 : 0x1ae36    : jal ra, 30036              : IntAlu :  D=0x000000000001ae3a
 962500: system.cpu: T0 : 0x2238a    : c_slli a0, 32              : IntAlu :  D=0x0000000e00000000
 963000: system.cpu: T0 : 0x2238c    : c_srli a0, 32              : IntAlu :  D=0x000000000000000e
 964000: system.cpu: T0 : 0x2238e    : slli a5, a0, 3             : IntAlu :  D=0x0000000000000070
 964500: system.cpu: T0 : 0x22392    : c_sub a5, a0               : IntAlu :  D=0x0000000000000062
 965000: system.cpu: T0 : 0x22394    : lui a4, 111                : IntAlu :  D=0x000000000006f000
 965500: system.cpu: T0 : 0x22398    : addi a4, a4, -1248         : IntAlu :  D=0x000000000006eb20
 966000: system.cpu: T0 : 0x2239c    : c_slli a5, 3               : IntAlu :  D=0x0000000000000310
 966500: system.cpu: T0 : 0x2239e    : c_add a5, a4               : IntAlu :  D=0x000000000006ee30
 967000: system.cpu: T0 : 0x223a0    : c_lw a3, 8(a5)             : MemRead :  D=0x0000000000000002 A=0x6ee38
 967500: system.cpu: T0 : 0x223a2    : c_li a6, 2                 : IntAlu :  D=0x0000000000000002
 968000: system.cpu: T0 : 0x223a4    : c_ld a5, 32(a5)            : MemRead :  D=0x0000000000000000 A=0x6ee50
 969000: system.cpu: T0 : 0x223a6    : bltu a6, a3, 42            : IntAlu : 
 969500: system.cpu: T0 : 0x223aa    : c_bnez a3, 38              : IntAlu : 
 970000: system.cpu: T0 : 0x223d0    : c_sd a5, 0(a1)             : MemWrite :  D=0x0000000000000000 A=0x7ffffffffffffbd0
 970500: system.cpu: T0 : 0x223d2    : c_j -36                    : IntAlu : 
 971500: system.cpu: T0 : 0x223ae    : slli a5, a0, 3             : IntAlu :  D=0x0000000000000070
 972000: system.cpu: T0 : 0x223b2    : c_sub a5, a0               : IntAlu :  D=0x0000000000000062
 972500: system.cpu: T0 : 0x223b4    : c_slli a5, 3               : IntAlu :  D=0x0000000000000310
 973500: system.cpu: T0 : 0x223b6    : add a3, a4, a5             : IntAlu :  D=0x000000000006ee30
 974500: system.cpu: T0 : 0x223ba    : lbu a3, 40(a3)             : MemRead :  D=0x0000000000000000 A=0x6ee58
 975000: system.cpu: T0 : 0x223be    : c_beqz a3, 16              : IntAlu : 
 975500: system.cpu: T0 : 0x223ce    : c_jr ra                    : IntAlu : 
 976000: system.cpu: T0 : 0x1ae3a    : c_lui a2, 26               : IntAlu :  D=0x000000000001a000
 976500: system.cpu: T0 : 0x1ae3c    : addi a2, a2, 1710          : IntAlu :  D=0x000000000001a6ae
 977000: system.cpu: T0 : 0x1ae40    : c_mv a1, sp                : IntAlu :  D=0x7ffffffffffffbd0
 977500: system.cpu: T0 : 0x1ae42    : c_li a0, 1                 : IntAlu :  D=0x0000000000000001
 978000: system.cpu: T0 : 0x1ae44    : jal ra, 30022              : IntAlu :  D=0x000000000001ae48
 978500: system.cpu: T0 : 0x2238a    : c_slli a0, 32              : IntAlu :  D=0x0000000100000000
 979000: system.cpu: T0 : 0x2238c    : c_srli a0, 32              : IntAlu :  D=0x0000000000000001
 980000: system.cpu: T0 : 0x2238e    : slli a5, a0, 3             : IntAlu :  D=0x0000000000000008
 980500: system.cpu: T0 : 0x22392    : c_sub a5, a0               : IntAlu :  D=0x0000000000000007
 981000: system.cpu: T0 : 0x22394    : lui a4, 111                : IntAlu :  D=0x000000000006f000
 981500: system.cpu: T0 : 0x22398    : addi a4, a4, -1248         : IntAlu :  D=0x000000000006eb20
 982000: system.cpu: T0 : 0x2239c    : c_slli a5, 3               : IntAlu :  D=0x0000000000000038
 982500: system.cpu: T0 : 0x2239e    : c_add a5, a4               : IntAlu :  D=0x000000000006eb58
 983000: system.cpu: T0 : 0x223a0    : c_lw a3, 8(a5)             : MemRead :  D=0x0000000000000002 A=0x6eb60
 983500: system.cpu: T0 : 0x223a2    : c_li a6, 2                 : IntAlu :  D=0x0000000000000002
 984000: system.cpu: T0 : 0x223a4    : c_ld a5, 32(a5)            : MemRead :  D=0x0000000000000000 A=0x6eb78
 985000: system.cpu: T0 : 0x223a6    : bltu a6, a3, 42            : IntAlu : 
 985500: system.cpu: T0 : 0x223aa    : c_bnez a3, 38              : IntAlu : 
 986000: system.cpu: T0 : 0x223d0    : c_sd a5, 0(a1)             : MemWrite :  D=0x0000000000000000 A=0x7ffffffffffffbd0
 986500: system.cpu: T0 : 0x223d2    : c_j -36                    : IntAlu : 
 987500: system.cpu: T0 : 0x223ae    : slli a5, a0, 3             : IntAlu :  D=0x0000000000000008
 988000: system.cpu: T0 : 0x223b2    : c_sub a5, a0               : IntAlu :  D=0x0000000000000007
 988500: system.cpu: T0 : 0x223b4    : c_slli a5, 3               : IntAlu :  D=0x0000000000000038
 989500: system.cpu: T0 : 0x223b6    : add a3, a4, a5             : IntAlu :  D=0x000000000006eb58
 990500: system.cpu: T0 : 0x223ba    : lbu a3, 40(a3)             : MemRead :  D=0x0000000000000000 A=0x6eb80
 991000: system.cpu: T0 : 0x223be    : c_beqz a3, 16              : IntAlu : 
 991500: system.cpu: T0 : 0x223ce    : c_jr ra                    : IntAlu : 
 992000: system.cpu: T0 : 0x1ae48    : c_lui a2, 26               : IntAlu :  D=0x000000000001a000
 993000: system.cpu: T0 : 0x1ae4a    : addi a2, a2, 1666          : IntAlu :  D=0x000000000001a682
 993500: system.cpu: T0 : 0x1ae4e    : c_mv a1, sp                : IntAlu :  D=0x7ffffffffffffbd0
 994000: system.cpu: T0 : 0x1ae50    : c_li a0, 9                 : IntAlu :  D=0x0000000000000009
 995000: system.cpu: T0 : 0x1ae52    : jal ra, 30008              : IntAlu :  D=0x000000000001ae56
 995500: system.cpu: T0 : 0x2238a    : c_slli a0, 32              : IntAlu :  D=0x0000000900000000
 996000: system.cpu: T0 : 0x2238c    : c_srli a0, 32              : IntAlu :  D=0x0000000000000009
 997000: system.cpu: T0 : 0x2238e    : slli a5, a0, 3             : IntAlu :  D=0x0000000000000048
 997500: system.cpu: T0 : 0x22392    : c_sub a5, a0               : IntAlu :  D=0x000000000000003f
 998000: system.cpu: T0 : 0x22394    : lui a4, 111                : IntAlu :  D=0x000000000006f000
 998500: system.cpu: T0 : 0x22398    : addi a4, a4, -1248         : IntAlu :  D=0x000000000006eb20
 999000: system.cpu: T0 : 0x2239c    : c_slli a5, 3               : IntAlu :  D=0x00000000000001f8
 999500: system.cpu: T0 : 0x2239e    : c_add a5, a4               : IntAlu :  D=0x000000000006ed18
1000000: system.cpu: T0 : 0x223a0    : c_lw a3, 8(a5)             : MemRead :  D=0x0000000000000000 A=0x6ed20
1000500: system.cpu: T0 : 0x223a2    : c_li a6, 2                 : IntAlu :  D=0x0000000000000002
1001000: system.cpu: T0 : 0x223a4    : c_ld a5, 32(a5)            : MemRead :  D=0x0000000000000000 A=0x6ed38
1002000: system.cpu: T0 : 0x223a6    : bltu a6, a3, 42            : IntAlu : 
1002500: system.cpu: T0 : 0x223aa    : c_bnez a3, 38              : IntAlu : 
1003000: system.cpu: T0 : 0x223ac    : c_sw a5, 0(a1)             : MemWrite :  D=0x0000000000000000 A=0x7ffffffffffffbd0
1004000: system.cpu: T0 : 0x223ae    : slli a5, a0, 3             : IntAlu :  D=0x0000000000000048
1004500: system.cpu: T0 : 0x223b2    : c_sub a5, a0               : IntAlu :  D=0x000000000000003f
1005000: system.cpu: T0 : 0x223b4    : c_slli a5, 3               : IntAlu :  D=0x00000000000001f8
1006000: system.cpu: T0 : 0x223b6    : add a3, a4, a5             : IntAlu :  D=0x000000000006ed18
1007000: system.cpu: T0 : 0x223ba    : lbu a3, 40(a3)             : MemRead :  D=0x0000000000000000 A=0x6ed40
1007500: system.cpu: T0 : 0x223be    : c_beqz a3, 16              : IntAlu : 
1008000: system.cpu: T0 : 0x223ce    : c_jr ra                    : IntAlu : 
1008500: system.cpu: T0 : 0x1ae56    : c_lui a2, 26               : IntAlu :  D=0x000000000001a000
1009000: system.cpu: T0 : 0x1ae58    : addi a2, a2, 1728          : IntAlu :  D=0x000000000001a6c0
1009500: system.cpu: T0 : 0x1ae5c    : c_mv a1, sp                : IntAlu :  D=0x7ffffffffffffbd0
1010000: system.cpu: T0 : 0x1ae5e    : c_li a0, 13                : IntAlu :  D=0x000000000000000d
1010500: system.cpu: T0 : 0x1ae60    : jal ra, 29994              : IntAlu :  D=0x000000000001ae64
1011000: system.cpu: T0 : 0x2238a    : c_slli a0, 32              : IntAlu :  D=0x0000000d00000000
1011500: system.cpu: T0 : 0x2238c    : c_srli a0, 32              : IntAlu :  D=0x000000000000000d
1012500: system.cpu: T0 : 0x2238e    : slli a5, a0, 3             : IntAlu :  D=0x0000000000000068
1013000: system.cpu: T0 : 0x22392    : c_sub a5, a0               : IntAlu :  D=0x000000000000005b
1013500: system.cpu: T0 : 0x22394    : lui a4, 111                : IntAlu :  D=0x000000000006f000
1014000: system.cpu: T0 : 0x22398    : addi a4, a4, -1248         : IntAlu :  D=0x000000000006eb20
1014500: system.cpu: T0 : 0x2239c    : c_slli a5, 3               : IntAlu :  D=0x00000000000002d8
1015000: system.cpu: T0 : 0x2239e    : c_add a5, a4               : IntAlu :  D=0x000000000006edf8
1015500: system.cpu: T0 : 0x223a0    : c_lw a3, 8(a5)             : MemRead :  D=0x0000000000000002 A=0x6ee00
1016000: system.cpu: T0 : 0x223a2    : c_li a6, 2                 : IntAlu :  D=0x0000000000000002
1016500: system.cpu: T0 : 0x223a4    : c_ld a5, 32(a5)            : MemRead :  D=0x0000000000000000 A=0x6ee18
1017500: system.cpu: T0 : 0x223a6    : bltu a6, a3, 42            : IntAlu : 
1018000: system.cpu: T0 : 0x223aa    : c_bnez a3, 38              : IntAlu : 
1018500: system.cpu: T0 : 0x223d0    : c_sd a5, 0(a1)             : MemWrite :  D=0x0000000000000000 A=0x7ffffffffffffbd0
1019000: system.cpu: T0 : 0x223d2    : c_j -36                    : IntAlu : 
1020000: system.cpu: T0 : 0x223ae    : slli a5, a0, 3             : IntAlu :  D=0x0000000000000068
1020500: system.cpu: T0 : 0x223b2    : c_sub a5, a0               : IntAlu :  D=0x000000000000005b
1021000: system.cpu: T0 : 0x223b4    : c_slli a5, 3               : IntAlu :  D=0x00000000000002d8
1022000: system.cpu: T0 : 0x223b6    : add a3, a4, a5             : IntAlu :  D=0x000000000006edf8
1023000: system.cpu: T0 : 0x223ba    : lbu a3, 40(a3)             : MemRead :  D=0x0000000000000000 A=0x6ee20
1023500: system.cpu: T0 : 0x223be    : c_beqz a3, 16              : IntAlu : 
1024000: system.cpu: T0 : 0x223ce    : c_jr ra                    : IntAlu : 
1024500: system.cpu: T0 : 0x1ae64    : c_lui a2, 26               : IntAlu :  D=0x000000000001a000
1025500: system.cpu: T0 : 0x1ae66    : addi a2, a2, 1740          : IntAlu :  D=0x000000000001a6cc
1026000: system.cpu: T0 : 0x1ae6a    : c_mv a1, sp                : IntAlu :  D=0x7ffffffffffffbd0
1026500: system.cpu: T0 : 0x1ae6c    : c_li a0, 16                : IntAlu :  D=0x0000000000000010
1027500: system.cpu: T0 : 0x1ae6e    : jal ra, 29980              : IntAlu :  D=0x000000000001ae72
1028000: system.cpu: T0 : 0x2238a    : c_slli a0, 32              : IntAlu :  D=0x0000001000000000
1028500: system.cpu: T0 : 0x2238c    : c_srli a0, 32              : IntAlu :  D=0x0000000000000010
1029500: system.cpu: T0 : 0x2238e    : slli a5, a0, 3             : IntAlu :  D=0x0000000000000080
1030000: system.cpu: T0 : 0x22392    : c_sub a5, a0               : IntAlu :  D=0x0000000000000070
1030500: system.cpu: T0 : 0x22394    : lui a4, 111                : IntAlu :  D=0x000000000006f000
1031000: system.cpu: T0 : 0x22398    : addi a4, a4, -1248         : IntAlu :  D=0x000000000006eb20
1031500: system.cpu: T0 : 0x2239c    : c_slli a5, 3               : IntAlu :  D=0x0000000000000380
1032000: system.cpu: T0 : 0x2239e    : c_add a5, a4               : IntAlu :  D=0x000000000006eea0
1032500: system.cpu: T0 : 0x223a0    : c_lw a3, 8(a5)             : MemRead :  D=0x0000000000000002 A=0x6eea8
1033000: system.cpu: T0 : 0x223a2    : c_li a6, 2                 : IntAlu :  D=0x0000000000000002
1033500: system.cpu: T0 : 0x223a4    : c_ld a5, 32(a5)            : MemRead :  D=0x0000000000000000 A=0x6eec0
1034500: system.cpu: T0 : 0x223a6    : bltu a6, a3, 42            : IntAlu : 
1035000: system.cpu: T0 : 0x223aa    : c_bnez a3, 38              : IntAlu : 
1035500: system.cpu: T0 : 0x223d0    : c_sd a5, 0(a1)             : MemWrite :  D=0x0000000000000000 A=0x7ffffffffffffbd0
1036000: system.cpu: T0 : 0x223d2    : c_j -36                    : IntAlu : 
1037000: system.cpu: T0 : 0x223ae    : slli a5, a0, 3             : IntAlu :  D=0x0000000000000080
1037500: system.cpu: T0 : 0x223b2    : c_sub a5, a0               : IntAlu :  D=0x0000000000000070
1038000: system.cpu: T0 : 0x223b4    : c_slli a5, 3               : IntAlu :  D=0x0000000000000380
1039000: system.cpu: T0 : 0x223b6    : add a3, a4, a5             : IntAlu :  D=0x000000000006eea0
1040000: system.cpu: T0 : 0x223ba    : lbu a3, 40(a3)             : MemRead :  D=0x0000000000000000 A=0x6eec8
1040500: system.cpu: T0 : 0x223be    : c_beqz a3, 16              : IntAlu : 
1041000: system.cpu: T0 : 0x223ce    : c_jr ra                    : IntAlu : 
1041500: system.cpu: T0 : 0x1ae72    : c_lui a2, 26               : IntAlu :  D=0x000000000001a000
1042000: system.cpu: T0 : 0x1ae74    : addi a2, a2, 1752          : IntAlu :  D=0x000000000001a6d8
1042500: system.cpu: T0 : 0x1ae78    : c_mv a1, sp                : IntAlu :  D=0x7ffffffffffffbd0
1043000: system.cpu: T0 : 0x1ae7a    : c_li a0, 18                : IntAlu :  D=0x0000000000000012
1043500: system.cpu: T0 : 0x1ae7c    : jal ra, 29966              : IntAlu :  D=0x000000000001ae80
1044000: system.cpu: T0 : 0x2238a    : c_slli a0, 32              : IntAlu :  D=0x0000001200000000
1044500: system.cpu: T0 : 0x2238c    : c_srli a0, 32              : IntAlu :  D=0x0000000000000012
1045500: system.cpu: T0 : 0x2238e    : slli a5, a0, 3             : IntAlu :  D=0x0000000000000090
1046000: system.cpu: T0 : 0x22392    : c_sub a5, a0               : IntAlu :  D=0x000000000000007e
1046500: system.cpu: T0 : 0x22394    : lui a4, 111                : IntAlu :  D=0x000000000006f000
1047000: system.cpu: T0 : 0x22398    : addi a4, a4, -1248         : IntAlu :  D=0x000000000006eb20
1047500: system.cpu: T0 : 0x2239c    : c_slli a5, 3               : IntAlu :  D=0x00000000000003f0
1048000: system.cpu: T0 : 0x2239e    : c_add a5, a4               : IntAlu :  D=0x000000000006ef10
1048500: system.cpu: T0 : 0x223a0    : c_lw a3, 8(a5)             : MemRead :  D=0x0000000000000002 A=0x6ef18
1049000: system.cpu: T0 : 0x223a2    : c_li a6, 2                 : IntAlu :  D=0x0000000000000002
1049500: system.cpu: T0 : 0x223a4    : c_ld a5, 32(a5)            : MemRead :  D=0x0000000000000000 A=0x6ef30
1050500: system.cpu: T0 : 0x223a6    : bltu a6, a3, 42            : IntAlu : 
1051000: system.cpu: T0 : 0x223aa    : c_bnez a3, 38              : IntAlu : 
1051500: system.cpu: T0 : 0x223d0    : c_sd a5, 0(a1)             : MemWrite :  D=0x0000000000000000 A=0x7ffffffffffffbd0
1052000: system.cpu: T0 : 0x223d2    : c_j -36                    : IntAlu : 
1053000: system.cpu: T0 : 0x223ae    : slli a5, a0, 3             : IntAlu :  D=0x0000000000000090
1053500: system.cpu: T0 : 0x223b2    : c_sub a5, a0               : IntAlu :  D=0x000000000000007e
1054000: system.cpu: T0 : 0x223b4    : c_slli a5, 3               : IntAlu :  D=0x00000000000003f0
1055000: system.cpu: T0 : 0x223b6    : add a3, a4, a5             : IntAlu :  D=0x000000000006ef10
1056000: system.cpu: T0 : 0x223ba    : lbu a3, 40(a3)             : MemRead :  D=0x0000000000000000 A=0x6ef38
1056500: system.cpu: T0 : 0x223be    : c_beqz a3, 16              : IntAlu : 
1057000: system.cpu: T0 : 0x223ce    : c_jr ra                    : IntAlu : 
1057500: system.cpu: T0 : 0x1ae80    : c_lui a2, 26               : IntAlu :  D=0x000000000001a000
1058500: system.cpu: T0 : 0x1ae82    : addi a2, a2, 1798          : IntAlu :  D=0x000000000001a706
1059000: system.cpu: T0 : 0x1ae86    : c_mv a1, sp                : IntAlu :  D=0x7ffffffffffffbd0
1059500: system.cpu: T0 : 0x1ae88    : c_li a0, 15                : IntAlu :  D=0x000000000000000f
1060500: system.cpu: T0 : 0x1ae8a    : jal ra, 29952              : IntAlu :  D=0x000000000001ae8e
1061000: system.cpu: T0 : 0x2238a    : c_slli a0, 32              : IntAlu :  D=0x0000000f00000000
1061500: system.cpu: T0 : 0x2238c    : c_srli a0, 32              : IntAlu :  D=0x000000000000000f
1062500: system.cpu: T0 : 0x2238e    : slli a5, a0, 3             : IntAlu :  D=0x0000000000000078
1063000: system.cpu: T0 : 0x22392    : c_sub a5, a0               : IntAlu :  D=0x0000000000000069
1063500: system.cpu: T0 : 0x22394    : lui a4, 111                : IntAlu :  D=0x000000000006f000
1064000: system.cpu: T0 : 0x22398    : addi a4, a4, -1248         : IntAlu :  D=0x000000000006eb20
1064500: system.cpu: T0 : 0x2239c    : c_slli a5, 3               : IntAlu :  D=0x0000000000000348
1065000: system.cpu: T0 : 0x2239e    : c_add a5, a4               : IntAlu :  D=0x000000000006ee68
1065500: system.cpu: T0 : 0x223a0    : c_lw a3, 8(a5)             : MemRead :  D=0x0000000000000002 A=0x6ee70
1066000: system.cpu: T0 : 0x223a2    : c_li a6, 2                 : IntAlu :  D=0x0000000000000002
1066500: system.cpu: T0 : 0x223a4    : c_ld a5, 32(a5)            : MemRead :  D=0x0000000000000000 A=0x6ee88
1067500: system.cpu: T0 : 0x223a6    : bltu a6, a3, 42            : IntAlu : 
1068000: system.cpu: T0 : 0x223aa    : c_bnez a3, 38              : IntAlu : 
1068500: system.cpu: T0 : 0x223d0    : c_sd a5, 0(a1)             : MemWrite :  D=0x0000000000000000 A=0x7ffffffffffffbd0
1069000: system.cpu: T0 : 0x223d2    : c_j -36                    : IntAlu : 
1070000: system.cpu: T0 : 0x223ae    : slli a5, a0, 3             : IntAlu :  D=0x0000000000000078
1070500: system.cpu: T0 : 0x223b2    : c_sub a5, a0               : IntAlu :  D=0x0000000000000069
1071000: system.cpu: T0 : 0x223b4    : c_slli a5, 3               : IntAlu :  D=0x0000000000000348
1072000: system.cpu: T0 : 0x223b6    : add a3, a4, a5             : IntAlu :  D=0x000000000006ee68
1073000: system.cpu: T0 : 0x223ba    : lbu a3, 40(a3)             : MemRead :  D=0x0000000000000000 A=0x6ee90
1073500: system.cpu: T0 : 0x223be    : c_beqz a3, 16              : IntAlu : 
1074000: system.cpu: T0 : 0x223ce    : c_jr ra                    : IntAlu : 
1074500: system.cpu: T0 : 0x1ae8e    : c_lui a2, 26               : IntAlu :  D=0x000000000001a000
1075000: system.cpu: T0 : 0x1ae90    : addi a2, a2, 1818          : IntAlu :  D=0x000000000001a71a
1075500: system.cpu: T0 : 0x1ae94    : c_mv a1, sp                : IntAlu :  D=0x7ffffffffffffbd0
1076000: system.cpu: T0 : 0x1ae96    : c_li a0, 11                : IntAlu :  D=0x000000000000000b
1076500: system.cpu: T0 : 0x1ae98    : jal ra, 29938              : IntAlu :  D=0x000000000001ae9c
1077000: system.cpu: T0 : 0x2238a    : c_slli a0, 32              : IntAlu :  D=0x0000000b00000000
1077500: system.cpu: T0 : 0x2238c    : c_srli a0, 32              : IntAlu :  D=0x000000000000000b
1078500: system.cpu: T0 : 0x2238e    : slli a5, a0, 3             : IntAlu :  D=0x0000000000000058
1079000: system.cpu: T0 : 0x22392    : c_sub a5, a0               : IntAlu :  D=0x000000000000004d
1079500: system.cpu: T0 : 0x22394    : lui a4, 111                : IntAlu :  D=0x000000000006f000
1080000: system.cpu: T0 : 0x22398    : addi a4, a4, -1248         : IntAlu :  D=0x000000000006eb20
1080500: system.cpu: T0 : 0x2239c    : c_slli a5, 3               : IntAlu :  D=0x0000000000000268
1081000: system.cpu: T0 : 0x2239e    : c_add a5, a4               : IntAlu :  D=0x000000000006ed88
1081500: system.cpu: T0 : 0x223a0    : c_lw a3, 8(a5)             : MemRead :  D=0x0000000000000002 A=0x6ed90
1082000: system.cpu: T0 : 0x223a2    : c_li a6, 2                 : IntAlu :  D=0x0000000000000002
1082500: system.cpu: T0 : 0x223a4    : c_ld a5, 32(a5)            : MemRead :  D=0x0000000000000000 A=0x6eda8
1083500: system.cpu: T0 : 0x223a6    : bltu a6, a3, 42            : IntAlu : 
1084000: system.cpu: T0 : 0x223aa    : c_bnez a3, 38              : IntAlu : 
1084500: system.cpu: T0 : 0x223d0    : c_sd a5, 0(a1)             : MemWrite :  D=0x0000000000000000 A=0x7ffffffffffffbd0
1085000: system.cpu: T0 : 0x223d2    : c_j -36                    : IntAlu : 
1086000: system.cpu: T0 : 0x223ae    : slli a5, a0, 3             : IntAlu :  D=0x0000000000000058
1086500: system.cpu: T0 : 0x223b2    : c_sub a5, a0               : IntAlu :  D=0x000000000000004d
1087000: system.cpu: T0 : 0x223b4    : c_slli a5, 3               : IntAlu :  D=0x0000000000000268
1088000: system.cpu: T0 : 0x223b6    : add a3, a4, a5             : IntAlu :  D=0x000000000006ed88
1089000: system.cpu: T0 : 0x223ba    : lbu a3, 40(a3)             : MemRead :  D=0x0000000000000000 A=0x6edb0
1089500: system.cpu: T0 : 0x223be    : c_beqz a3, 16              : IntAlu : 
1090000: system.cpu: T0 : 0x223ce    : c_jr ra                    : IntAlu : 
1090500: system.cpu: T0 : 0x1ae9c    : c_lui a2, 26               : IntAlu :  D=0x000000000001a000
1091500: system.cpu: T0 : 0x1ae9e    : addi a2, a2, 1830          : IntAlu :  D=0x000000000001a726
1092000: system.cpu: T0 : 0x1aea2    : c_mv a1, sp                : IntAlu :  D=0x7ffffffffffffbd0
1092500: system.cpu: T0 : 0x1aea4    : c_li a0, 5                 : IntAlu :  D=0x0000000000000005
1093500: system.cpu: T0 : 0x1aea6    : jal ra, 29924              : IntAlu :  D=0x000000000001aeaa
1094000: system.cpu: T0 : 0x2238a    : c_slli a0, 32              : IntAlu :  D=0x0000000500000000
1094500: system.cpu: T0 : 0x2238c    : c_srli a0, 32              : IntAlu :  D=0x0000000000000005
1095500: system.cpu: T0 : 0x2238e    : slli a5, a0, 3             : IntAlu :  D=0x0000000000000028
1096000: system.cpu: T0 : 0x22392    : c_sub a5, a0               : IntAlu :  D=0x0000000000000023
1096500: system.cpu: T0 : 0x22394    : lui a4, 111                : IntAlu :  D=0x000000000006f000
1097000: system.cpu: T0 : 0x22398    : addi a4, a4, -1248         : IntAlu :  D=0x000000000006eb20
1097500: system.cpu: T0 : 0x2239c    : c_slli a5, 3               : IntAlu :  D=0x0000000000000118
1098000: system.cpu: T0 : 0x2239e    : c_add a5, a4               : IntAlu :  D=0x000000000006ec38
1098500: system.cpu: T0 : 0x223a0    : c_lw a3, 8(a5)             : MemRead :  D=0x0000000000000002 A=0x6ec40
1099000: system.cpu: T0 : 0x223a2    : c_li a6, 2                 : IntAlu :  D=0x0000000000000002
1099500: system.cpu: T0 : 0x223a4    : c_ld a5, 32(a5)            : MemRead :  D=0x0000000000000000 A=0x6ec58
1100500: system.cpu: T0 : 0x223a6    : bltu a6, a3, 42            : IntAlu : 
1101000: system.cpu: T0 : 0x223aa    : c_bnez a3, 38              : IntAlu : 
1101500: system.cpu: T0 : 0x223d0    : c_sd a5, 0(a1)             : MemWrite :  D=0x0000000000000000 A=0x7ffffffffffffbd0
1102000: system.cpu: T0 : 0x223d2    : c_j -36                    : IntAlu : 
1103000: system.cpu: T0 : 0x223ae    : slli a5, a0, 3             : IntAlu :  D=0x0000000000000028
1103500: system.cpu: T0 : 0x223b2    : c_sub a5, a0               : IntAlu :  D=0x0000000000000023
1104000: system.cpu: T0 : 0x223b4    : c_slli a5, 3               : IntAlu :  D=0x0000000000000118
1105000: system.cpu: T0 : 0x223b6    : add a3, a4, a5             : IntAlu :  D=0x000000000006ec38
1106000: system.cpu: T0 : 0x223ba    : lbu a3, 40(a3)             : MemRead :  D=0x0000000000000000 A=0x6ec60
1106500: system.cpu: T0 : 0x223be    : c_beqz a3, 16              : IntAlu : 
1107000: system.cpu: T0 : 0x223ce    : c_jr ra                    : IntAlu : 
1107500: system.cpu: T0 : 0x1aeaa    : c_ldsp a4, 8(sp)           : MemRead :  D=0x6f442f2e2e000000 A=0x7ffffffffffffbd8
1108000: system.cpu: T0 : 0x1aeac    : ld a5, -1264(s1)           : MemRead :  D=0x6f442f2e2e000000 A=0x6eb10
1108500: system.cpu: T0 : 0x1aeb0    : c_li a3, 1                 : IntAlu :  D=0x0000000000000001
1109500: system.cpu: T0 : 0x1aeb2    : sw a3, -1876(gp)           : MemWrite :  D=0x0000000000000001 A=0x708d4
1110500: system.cpu: T0 : 0x1aeb6    : bne a4, a5, 14             : IntAlu : 
1111000: system.cpu: T0 : 0x1aeba    : c_ldsp ra, 40(sp)          : MemRead :  D=0x000000000001dc88 A=0x7ffffffffffffbf8
1111500: system.cpu: T0 : 0x1aebc    : c_ldsp s0, 32(sp)          : MemRead :  D=0x7ffffffffffffcf0 A=0x7ffffffffffffbf0
1112000: system.cpu: T0 : 0x1aebe    : c_ldsp s1, 24(sp)          : MemRead :  D=0x7ffffffffffffc20 A=0x7ffffffffffffbe8
1112500: system.cpu: T0 : 0x1aec0    : c_addi16sp sp, 48          : IntAlu :  D=0x7ffffffffffffc00
1113000: system.cpu: T0 : 0x1aec2    : c_jr ra                    : IntAlu : 
1113500: system.cpu: T0 : 0x1dc88    : c_ldsp a0, 8(sp)           : MemRead :  D=0x0000000000000024 A=0x7ffffffffffffc08
1114000: system.cpu: T0 : 0x1dc8a    : c_ldsp ra, 24(sp)          : MemRead :  D=0x000000000003db46 A=0x7ffffffffffffc18
1114500: system.cpu: T0 : 0x1dc8c    : c_addi16sp sp, 32          : IntAlu :  D=0x7ffffffffffffc20
1115000: system.cpu: T0 : 0x1dc8e    : c_j -540                   : IntAlu : 
1116000: system.cpu: T0 : 0x1da72    : ld t1, -1848(gp)           : MemRead :  D=0x0000000000000000 A=0x708f0
1117000: system.cpu: T0 : 0x1da76    : bne t1, zero, 260          : IntAlu : 
1117500: system.cpu: T0 : 0x1da7a    : c_addi sp, -32             : IntAlu :  D=0x7ffffffffffffc00
1118000: system.cpu: T0 : 0x1da7c    : c_sdsp s0, 16(sp)          : MemWrite :  D=0x7ffffffffffffcf0 A=0x7ffffffffffffc10
1118500: system.cpu: T0 : 0x1da7e    : c_sdsp ra, 24(sp)          : MemWrite :  D=0x000000000003db46 A=0x7ffffffffffffc18
1119000: system.cpu: T0 : 0x1da80    : c_sdsp s1, 8(sp)           : MemWrite :  D=0x7ffffffffffffc20 A=0x7ffffffffffffc08
1119500: system.cpu: T0 : 0x1da82    : c_sdsp s2, 0(sp)           : MemWrite :  D=0x0000000000000002 A=0x7ffffffffffffc00
1120000: system.cpu: T0 : 0x1da84    : c_mv s0, a0                : IntAlu :  D=0x0000000000000024
1121000: system.cpu: T0 : 0x1da86    : blt a0, zero, 222          : IntAlu : 
1122000: system.cpu: T0 : 0x1da8a    : addi a5, a0, 23            : IntAlu :  D=0x000000000000003b
1122500: system.cpu: T0 : 0x1da8e    : c_li a4, 31                : IntAlu :  D=0x000000000000001f
1123000: system.cpu: T0 : 0x1da90    : c_li s1, 0                 : IntAlu :  D=0x0000000000000000
1124000: system.cpu: T0 : 0x1da92    : bltu a4, a5, 94            : IntAlu : 
1124500: system.cpu: T0 : 0x1daf0    : c_andi a5, 18446744073709551600 : IntAlu :  D=0x0000000000000030
1125000: system.cpu: T0 : 0x1daf2    : c_addi a5, -17             : IntAlu :  D=0x000000000000001f
1125500: system.cpu: T0 : 0x1daf4    : srli s1, a5, 4             : IntAlu :  D=0x0000000000000001
1126000: system.cpu: T0 : 0x1daf8    : c_j -98                    : IntAlu : 
1127000: system.cpu: T0 : 0x1da96    : ld a4, 40(tp)              : MemRead :  D=0x0000000000000000 A=0x72738
1127500: system.cpu: T0 : 0x1da9a    : c_beqz a4, 96              : IntAlu : 
1128500: system.cpu: T0 : 0x1dafa    : lbu a5, 48(tp)             : MemRead :  D=0x0000000000000000 A=0x72740
1129000: system.cpu: T0 : 0x1dafe    : c_bnez a5, -86             : IntAlu : 
1129500: system.cpu: T0 : 0x1db00    : jal ra, -2478              : IntAlu :  D=0x000000000001db04
1130000: system.cpu: T0 : 0x1d152    : c_addi sp, -32             : IntAlu :  D=0x7ffffffffffffbe0
1130500: system.cpu: T0 : 0x1d154    : c_sdsp s0, 16(sp)          : MemWrite :  D=0x0000000000000024 A=0x7ffffffffffffbf0
1131500: system.cpu: T0 : 0x1d156    : ld s0, 56(tp)              : MemRead :  D=0x000000000006f5c8 A=0x72748
1132000: system.cpu: T0 : 0x1d15a    : c_sdsp ra, 24(sp)          : MemWrite :  D=0x000000000001db04 A=0x7ffffffffffffbf8
1132500: system.cpu: T0 : 0x1d15c    : c_sdsp s1, 8(sp)           : MemWrite :  D=0x0000000000000001 A=0x7ffffffffffffbe8
1133000: system.cpu: T0 : 0x1d15e    : c_beqz s0, 78              : IntAlu : 
1133500: system.cpu: T0 : 0x1d160    : c_mv s1, s0                : IntAlu :  D=0x000000000006f5c8
1134000: system.cpu: T0 : 0x1d162    : c_li a4, 1                 : IntAlu :  D=0x0000000000000001
1134500: system.cpu: T0 : 0x1d164    : lr_w a5, (s0)             
1134500: system.cpu: T0 : 0x1d164. 0 : lr_w a5, (s0)              : MemRead :  D=0x0000000000000000 A=0x6f5c8
1135000: system.cpu: T0 : 0x1d168    : c_bnez a5, 8               : IntAlu : 
1136000: system.cpu: T0 : 0x1d16a    : sc_w_aq a3, a4, (s0)      
1136000: system.cpu: T0 : 0x1d16a. 0 : sc_w a3, a4, (s0)          : MemWrite :  D=0x0000000000000000 A=0x6f5c8
1136500: system.cpu: T0 : 0x1d16a. 1 : 0x1ce426af fence           : No_OpClass : 
1137000: system.cpu: T0 : 0x1d16e    : c_bnez a3, -10             : IntAlu : 
1137500: system.cpu: T0 : 0x1d170    : c_addiw a5, 0              : IntAlu :  D=0x0000000000000000
1138000: system.cpu: T0 : 0x1d172    : c_bnez a5, 162             : IntAlu : 
1138500: system.cpu: T0 : 0x1d174    : addi a1, zero, 640         : IntAlu :  D=0x0000000000000280
1139000: system.cpu: T0 : 0x1d178    : c_mv a0, s0                : IntAlu :  D=0x000000000006f5c8
1140000: system.cpu: T0 : 0x1d17a    : jal ra, -2862              : IntAlu :  D=0x000000000001d17e
1140500: system.cpu: T0 : 0x1c64c    : c_addi16sp sp, -256        : IntAlu :  D=0x7ffffffffffffae0
1141000: system.cpu: T0 : 0x1c64e    : c_sdsp ra, 248(sp)         : MemWrite :  D=0x000000000001d17e A=0x7ffffffffffffbd8
1141500: system.cpu: T0 : 0x1c650    : c_sdsp s0, 240(sp)         : MemWrite :  D=0x000000000006f5c8 A=0x7ffffffffffffbd0
1142000: system.cpu: T0 : 0x1c652    : c_sdsp s1, 232(sp)         : MemWrite :  D=0x000000000006f5c8 A=0x7ffffffffffffbc8
1142500: system.cpu: T0 : 0x1c654    : c_sdsp s2, 224(sp)         : MemWrite :  D=0x0000000000000002 A=0x7ffffffffffffbc0
1143000: system.cpu: T0 : 0x1c656    : c_sdsp s3, 216(sp)         : MemWrite :  D=0x0000000000000000 A=0x7ffffffffffffbb8
1143500: system.cpu: T0 : 0x1c658    : c_sdsp s4, 208(sp)         : MemWrite :  D=0x0000000000000000 A=0x7ffffffffffffbb0
1144000: system.cpu: T0 : 0x1c65a    : c_sdsp s5, 200(sp)         : MemWrite :  D=0x0000000000000000 A=0x7ffffffffffffba8
1144500: system.cpu: T0 : 0x1c65c    : c_sdsp s6, 192(sp)         : MemWrite :  D=0x0000000000072000 A=0x7ffffffffffffba0
1145000: system.cpu: T0 : 0x1c65e    : c_sdsp s7, 184(sp)         : MemWrite :  D=0x0000000000000000 A=0x7ffffffffffffb98
1145500: system.cpu: T0 : 0x1c660    : c_sdsp s8, 176(sp)         : MemWrite :  D=0x0000000000000000 A=0x7ffffffffffffb90
1146000: system.cpu: T0 : 0x1c662    : c_sdsp s9, 168(sp)         : MemWrite :  D=0x0000000000000003 A=0x7ffffffffffffb88
1146500: system.cpu: T0 : 0x1c664    : c_sdsp s10, 160(sp)        : MemWrite :  D=0x0000000000000000 A=0x7ffffffffffffb80
1147000: system.cpu: T0 : 0x1c666    : c_sdsp s11, 152(sp)        : MemWrite :  D=0x0000000000000000 A=0x7ffffffffffffb78
1147500: system.cpu: T0 : 0x1c668    : blt a1, zero, 1198         : IntAlu : 
1148000: system.cpu: T0 : 0x1c66c    : addi s0, a1, 23            : IntAlu :  D=0x0000000000000297
1148500: system.cpu: T0 : 0x1c670    : c_li a5, 31                : IntAlu :  D=0x000000000000001f
1149000: system.cpu: T0 : 0x1c672    : c_mv s3, a1                : IntAlu :  D=0x0000000000000280
1149500: system.cpu: T0 : 0x1c674    : c_mv s1, a0                : IntAlu :  D=0x000000000006f5c8
1150500: system.cpu: T0 : 0x1c676    : bltu a5, s0, 220           : IntAlu : 
1151000: system.cpu: T0 : 0x1c752    : c_andi s0, 18446744073709551600 : IntAlu :  D=0x0000000000000290
1151500: system.cpu: T0 : 0x1c754    : beq a0, zero, 988          : IntAlu : 
1152000: system.cpu: T0 : 0x1c758    : ld a4, -1376(gp)           : MemRead :  D=0x0000000000000080 A=0x70ac8
1152500: system.cpu: T0 : 0x1c75c    : srliw s9, s0, 4            : IntAlu :  D=0x0000000000000029
1153000: system.cpu: T0 : 0x1c760    : srliw a5, s0, 4            : IntAlu :  D=0x0000000000000029
1153500: system.cpu: T0 : 0x1c764    : bgeu a4, s0, 506           : IntAlu : 
1154000: system.cpu: T0 : 0x1c768    : addi a4, zero, 1023        : IntAlu :  D=0x00000000000003ff
1154500: system.cpu: T0 : 0x1c76c    : bgeu a4, s0, 1722          : IntAlu : 
1155000: system.cpu: T0 : 0x1ce26    : c_addiw a5, -1             : IntAlu :  D=0x0000000000000028
1155500: system.cpu: T0 : 0x1ce28    : c_j -1406                  : IntAlu : 
1156500: system.cpu: T0 : 0x1c8aa    : slliw a5, a5, 1            : IntAlu :  D=0x0000000000000050
1157000: system.cpu: T0 : 0x1c8ae    : c_slli a5, 32              : IntAlu :  D=0x0000005000000000
1157500: system.cpu: T0 : 0x1c8b0    : c_srli a5, 32              : IntAlu :  D=0x0000000000000050
1158000: system.cpu: T0 : 0x1c8b2    : c_addi a5, 14              : IntAlu :  D=0x000000000000005e
1158500: system.cpu: T0 : 0x1c8b4    : c_slli a5, 3               : IntAlu :  D=0x00000000000002f0
1159000: system.cpu: T0 : 0x1c8b6    : c_j -550                   : IntAlu : 
1159500: system.cpu: T0 : 0x1c690    : c_add a5, s1               : IntAlu :  D=0x000000000006f8b8
1160500: system.cpu: T0 : 0x1c692    : ld s2, 8(a5)               : MemRead :  D=0x000000000006f8a8 A=0x6f8c0
1161500: system.cpu: T0 : 0x1c696    : addi a3, a5, -16           : IntAlu :  D=0x000000000006f8a8
1162500: system.cpu: T0 : 0x1c69a    : beq a3, s2, 748            : IntAlu : 
1163500: system.cpu: T0 : 0x1c986    : srli t1, s0, 9             : IntAlu :  D=0x0000000000000001
1164500: system.cpu: T0 : 0x1c98a    : addiw a5, t1, 91           : IntAlu :  D=0x000000000000005c
1165500: system.cpu: T0 : 0x1c98e    : srli s10, s0, 6            : IntAlu :  D=0x000000000000000a
1166000: system.cpu: T0 : 0x1c992    : c_sdsp a5, 96(sp)          : MemWrite :  D=0x000000000000005c A=0x7ffffffffffffb40
1166500: system.cpu: T0 : 0x1c994    : addiw a5, s10, 48          : IntAlu :  D=0x000000000000003a
1167000: system.cpu: T0 : 0x1c998    : c_sdsp a5, 88(sp)          : MemWrite :  D=0x000000000000003a A=0x7ffffffffffffb38
1168000: system.cpu: T0 : 0x1c99a    : addi a5, zero, 110         : IntAlu :  D=0x000000000000006e
1168500: system.cpu: T0 : 0x1c99e    : c_sdsp a5, 112(sp)         : MemWrite :  D=0x000000000000006e A=0x7ffffffffffffb50
1169000: system.cpu: T0 : 0x1c9a0    : addi a5, zero, 119         : IntAlu :  D=0x0000000000000077
1169500: system.cpu: T0 : 0x1c9a4    : c_sdsp a5, 104(sp)         : MemWrite :  D=0x0000000000000077 A=0x7ffffffffffffb48
1170500: system.cpu: T0 : 0x1c9a6    : addi a5, zero, 124         : IntAlu :  D=0x000000000000007c
1171000: system.cpu: T0 : 0x1c9aa    : c_sdsp s9, 8(sp)           : MemWrite :  D=0x0000000000000029 A=0x7ffffffffffffae8
1171500: system.cpu: T0 : 0x1c9ac    : c_sdsp a5, 120(sp)         : MemWrite :  D=0x000000000000007c A=0x7ffffffffffffb58
1172000: system.cpu: T0 : 0x1c9ae    : c_sdsp zero, 128(sp)       : MemWrite :  D=0x0000000000000000 A=0x7ffffffffffffb60
1172500: system.cpu: T0 : 0x1c9b0    : c_sdsp zero, 136(sp)       : MemWrite :  D=0x0000000000000000 A=0x7ffffffffffffb68
1173500: system.cpu: T0 : 0x1c9b2    : ld a5, 40(tp)              : MemRead :  D=0x0000000000000000 A=0x72738
1174500: system.cpu: T0 : 0x1c9b6    : addi s6, s0, -17           : IntAlu :  D=0x000000000000027f
1175500: system.cpu: T0 : 0x1c9ba    : srli s6, s6, 4             : IntAlu :  D=0x0000000000000027
1176000: system.cpu: T0 : 0x1c9be    : c_li s5, 0                 : IntAlu :  D=0x0000000000000000
1176500: system.cpu: T0 : 0x1c9c0    : c_beqz a5, 22              : IntAlu : 
1177500: system.cpu: T0 : 0x1c9d6    : lui a5, 111                : IntAlu :  D=0x000000000006f000
1178000: system.cpu: T0 : 0x1c9da    : c_lui s11, 1               : IntAlu :  D=0x0000000000001000
1178500: system.cpu: T0 : 0x1c9dc    : lui s7, 111                : IntAlu :  D=0x000000000006f000
1179000: system.cpu: T0 : 0x1c9e0    : addi a5, a5, 1480          : IntAlu :  D=0x000000000006f5c8
1179500: system.cpu: T0 : 0x1c9e4    : addi s8, s1, 96            : IntAlu :  D=0x000000000006f628
1180000: system.cpu: T0 : 0x1c9e8    : c_li t5, 0                 : IntAlu :  D=0x0000000000000000
1181000: system.cpu: T0 : 0x1c9ea    : addi s7, s7, 1368          : IntAlu :  D=0x000000000006f558
1182000: system.cpu: T0 : 0x1c9ee    : add a7, s1, s11            : IntAlu :  D=0x00000000000705c8
1182500: system.cpu: T0 : 0x1c9f2    : c_sdsp a5, 56(sp)          : MemWrite :  D=0x000000000006f5c8 A=0x7ffffffffffffb18
1183000: system.cpu: T0 : 0x1c9f4    : c_ld a5, 120(s1)           : MemRead :  D=0x000000000006f628 A=0x6f640
1184000: system.cpu: T0 : 0x1c9f6    : beq a5, s8, 532            : IntAlu : 
1185000: system.cpu: T0 : 0x1cc0a    : addi a5, zero, 1023        : IntAlu :  D=0x00000000000003ff
1186000: system.cpu: T0 : 0x1cc0e    : bgeu a5, s0, 38            : IntAlu : 
1186500: system.cpu: T0 : 0x1cc34    : c_ldsp a3, 8(sp)           : MemRead :  D=0x0000000000000029 A=0x7ffffffffffffae8
1187000: system.cpu: T0 : 0x1cc36    : c_li a0, 4                 : IntAlu :  D=0x0000000000000004
1187500: system.cpu: T0 : 0x1cc38    : addiw a5, a3, 1            : IntAlu :  D=0x000000000000002a
1188000: system.cpu: T0 : 0x1cc3c    : srliw a4, a5, 5            : IntAlu :  D=0x0000000000000001
1188500: system.cpu: T0 : 0x1cc40    : slliw a3, a3, 1            : IntAlu :  D=0x0000000000000052
1189000: system.cpu: T0 : 0x1cc44    : addi a4, a4, 536           : IntAlu :  D=0x0000000000000219
1189500: system.cpu: T0 : 0x1cc48    : c_slli a3, 32              : IntAlu :  D=0x0000005200000000
1190000: system.cpu: T0 : 0x1cc4a    : c_slli a4, 2               : IntAlu :  D=0x0000000000000864
1190500: system.cpu: T0 : 0x1cc4c    : c_srli a3, 32              : IntAlu :  D=0x0000000000000052
1191000: system.cpu: T0 : 0x1cc4e    : c_add a4, s1               : IntAlu :  D=0x000000000006fe2c
1191500: system.cpu: T0 : 0x1cc50    : c_slli a3, 3               : IntAlu :  D=0x0000000000000290
1192000: system.cpu: T0 : 0x1cc52    : c_lw a2, 0(a4)             : MemRead :  D=0x0000000000000000 A=0x6fe2c
1192500: system.cpu: T0 : 0x1cc54    : addi a3, a3, 96            : IntAlu :  D=0x00000000000002f0
1193000: system.cpu: T0 : 0x1cc58    : c_li a4, 1                 : IntAlu :  D=0x0000000000000001
1194000: system.cpu: T0 : 0x1cc5a    : srliw s2, a5, 5            : IntAlu :  D=0x0000000000000001
1194500: system.cpu: T0 : 0x1cc5e    : c_add a3, s1               : IntAlu :  D=0x000000000006f8b8
1195000: system.cpu: T0 : 0x1cc60    : sllw a5, a4, a5            : IntAlu :  D=0x0000000000000400
1195500: system.cpu: T0 : 0x1cc64    : bltu a2, a5, 144           : IntAlu : 
1196000: system.cpu: T0 : 0x1ccf4    : addiw a5, s2, 1            : IntAlu :  D=0x0000000000000002
1196500: system.cpu: T0 : 0x1ccf8    : addiw s2, a5, 0            : IntAlu :  D=0x0000000000000002
1197000: system.cpu: T0 : 0x1ccfc    : bne s2, a0, -26            : IntAlu : 
1197500: system.cpu: T0 : 0x1cce2    : c_slli a5, 32              : IntAlu :  D=0x0000000200000000
1198000: system.cpu: T0 : 0x1cce4    : c_srli a5, 32              : IntAlu :  D=0x0000000000000002
1199000: system.cpu: T0 : 0x1cce6    : addi a5, a5, 536           : IntAlu :  D=0x000000000000021a
1199500: system.cpu: T0 : 0x1ccea    : c_slli a5, 2               : IntAlu :  D=0x0000000000000868
1200000: system.cpu: T0 : 0x1ccec    : c_add a5, s1               : IntAlu :  D=0x000000000006fe30
1200500: system.cpu: T0 : 0x1ccee    : c_lw a2, 0(a5)             : MemRead :  D=0x0000000000000000 A=0x6fe30
1201000: system.cpu: T0 : 0x1ccf0    : bne a2, zero, 384          : IntAlu : 
1201500: system.cpu: T0 : 0x1ccf4    : addiw a5, s2, 1            : IntAlu :  D=0x0000000000000003
1202000: system.cpu: T0 : 0x1ccf8    : addiw s2, a5, 0            : IntAlu :  D=0x0000000000000003
1202500: system.cpu: T0 : 0x1ccfc    : bne s2, a0, -26            : IntAlu : 
1203000: system.cpu: T0 : 0x1cce2    : c_slli a5, 32              : IntAlu :  D=0x0000000300000000
1203500: system.cpu: T0 : 0x1cce4    : c_srli a5, 32              : IntAlu :  D=0x0000000000000003
1204500: system.cpu: T0 : 0x1cce6    : addi a5, a5, 536           : IntAlu :  D=0x000000000000021b
1205000: system.cpu: T0 : 0x1ccea    : c_slli a5, 2               : IntAlu :  D=0x000000000000086c
1205500: system.cpu: T0 : 0x1ccec    : c_add a5, s1               : IntAlu :  D=0x000000000006fe34
1206000: system.cpu: T0 : 0x1ccee    : c_lw a2, 0(a5)             : MemRead :  D=0x0000000000000000 A=0x6fe34
1206500: system.cpu: T0 : 0x1ccf0    : bne a2, zero, 384          : IntAlu : 
1207000: system.cpu: T0 : 0x1ccf4    : addiw a5, s2, 1            : IntAlu :  D=0x0000000000000004
1207500: system.cpu: T0 : 0x1ccf8    : addiw s2, a5, 0            : IntAlu :  D=0x0000000000000004
1208000: system.cpu: T0 : 0x1ccfc    : bne s2, a0, -26            : IntAlu : 
1208500: system.cpu: T0 : 0x1cd00    : c_ld a4, 96(s1)            : MemRead :  D=0x000000000006f628 A=0x6f628
1209500: system.cpu: T0 : 0x1cd02    : ld a3, -1912(a7)           : MemRead :  D=0x0000000000000000 A=0x6fe50
1210000: system.cpu: T0 : 0x1cd06    : c_ld a5, 8(a4)             : MemRead :  D=0x0000000000000000 A=0x6f630
1210500: system.cpu: T0 : 0x1cd08    : c_andi a5, 18446744073709551608 : IntAlu :  D=0x0000000000000000
1211500: system.cpu: T0 : 0x1cd0a    : bltu a3, a5, 548           : IntAlu : 
1212500: system.cpu: T0 : 0x1cd0e    : addi a3, s0, 32            : IntAlu :  D=0x00000000000002b0
1213500: system.cpu: T0 : 0x1cd12    : bgeu a5, a3, 640           : IntAlu : 
1214000: system.cpu: T0 : 0x1cd16    : c_sdsp a7, 32(sp)          : MemWrite :  D=0x00000000000705c8 A=0x7ffffffffffffb00
1214500: system.cpu: T0 : 0x1cd18    : c_sdsp t1, 24(sp)          : MemWrite :  D=0x0000000000000001 A=0x7ffffffffffffaf8
1215000: system.cpu: T0 : 0x1cd1a    : c_sdsp t5, 16(sp)          : MemWrite :  D=0x0000000000000000 A=0x7ffffffffffffaf0
1215500: system.cpu: T0 : 0x1cd1c    : c_lw a5, 8(s1)             : MemRead :  D=0x0000000000000000 A=0x6f5d0
1216000: system.cpu: T0 : 0x1cd1e    : c_addiw a5, 0              : IntAlu :  D=0x0000000000000000
1216500: system.cpu: T0 : 0x1cd20    : c_beqz a5, 180             : IntAlu : 
1217000: system.cpu: T0 : 0x1cdd4    : c_mv a1, s1                : IntAlu :  D=0x000000000006f5c8
1217500: system.cpu: T0 : 0x1cdd6    : c_mv a0, s0                : IntAlu :  D=0x0000000000000290
1218000: system.cpu: T0 : 0x1cdd8    : jal ra, -3372              : IntAlu :  D=0x000000000001cddc
1218500: system.cpu: T0 : 0x1c0ac    : c_addi16sp sp, -160        : IntAlu :  D=0x7ffffffffffffa40
1219000: system.cpu: T0 : 0x1c0ae    : c_sdsp s1, 136(sp)         : MemWrite :  D=0x000000000006f5c8 A=0x7ffffffffffffac8
1219500: system.cpu: T0 : 0x1c0b0    : c_sdsp s2, 128(sp)         : MemWrite :  D=0x0000000000000004 A=0x7ffffffffffffac0
1220000: system.cpu: T0 : 0x1c0b2    : c_sdsp s10, 64(sp)         : MemWrite :  D=0x000000000000000a A=0x7ffffffffffffa80
1220500: system.cpu: T0 : 0x1c0b4    : c_sdsp ra, 152(sp)         : MemWrite :  D=0x000000000001cddc A=0x7ffffffffffffad8
1221000: system.cpu: T0 : 0x1c0b6    : c_sdsp s0, 144(sp)         : MemWrite :  D=0x0000000000000290 A=0x7ffffffffffffad0
1221500: system.cpu: T0 : 0x1c0b8    : c_sdsp s3, 120(sp)         : MemWrite :  D=0x0000000000000280 A=0x7ffffffffffffab8
1222000: system.cpu: T0 : 0x1c0ba    : c_sdsp s4, 112(sp)         : MemWrite :  D=0x0000000000000000 A=0x7ffffffffffffab0
1222500: system.cpu: T0 : 0x1c0bc    : c_sdsp s5, 104(sp)         : MemWrite :  D=0x0000000000000000 A=0x7ffffffffffffaa8
1223000: system.cpu: T0 : 0x1c0be    : c_sdsp s6, 96(sp)          : MemWrite :  D=0x0000000000000027 A=0x7ffffffffffffaa0
1223500: system.cpu: T0 : 0x1c0c0    : c_sdsp s7, 88(sp)          : MemWrite :  D=0x000000000006f558 A=0x7ffffffffffffa98
1224000: system.cpu: T0 : 0x1c0c2    : c_sdsp s8, 80(sp)          : MemWrite :  D=0x000000000006f628 A=0x7ffffffffffffa90
1224500: system.cpu: T0 : 0x1c0c4    : c_sdsp s9, 72(sp)          : MemWrite :  D=0x0000000000000029 A=0x7ffffffffffffa88
1225000: system.cpu: T0 : 0x1c0c6    : c_sdsp s11, 56(sp)         : MemWrite :  D=0x0000000000001000 A=0x7ffffffffffffa78
1225500: system.cpu: T0 : 0x1c0c8    : ld s2, -1784(gp)           : MemRead :  D=0x0000000000001000 A=0x70930
1226000: system.cpu: T0 : 0x1c0cc    : c_mv s1, a0                : IntAlu :  D=0x0000000000000290
1227000: system.cpu: T0 : 0x1c0ce    : beq a1, zero, 534          : IntAlu : 
1228000: system.cpu: T0 : 0x1c0d2    : lui s11, 111               : IntAlu :  D=0x000000000006f000
1229000: system.cpu: T0 : 0x1c0d6    : addi s11, s11, 1368        : IntAlu :  D=0x000000000006f558
1230000: system.cpu: T0 : 0x1c0da    : ld a5, 16(s11)             : MemRead :  D=0x0000000000020000 A=0x6f568
1230500: system.cpu: T0 : 0x1c0de    : c_mv s0, a1                : IntAlu :  D=0x000000000006f5c8
1231000: system.cpu: T0 : 0x1c0e0    : bgeu a0, a5, 276           : IntAlu : 
1231500: system.cpu: T0 : 0x1c0e4    : c_sdsp zero, 8(sp)         : MemWrite :  D=0x0000000000000000 A=0x7ffffffffffffa48
1232500: system.cpu: T0 : 0x1c0e6    : addi s5, s2, 7             : IntAlu :  D=0x0000000000001007
1233500: system.cpu: T0 : 0x1c0ea    : add a5, s5, s1             : IntAlu :  D=0x0000000000001297
1234500: system.cpu: T0 : 0x1c0ee    : lui s6, 111                : IntAlu :  D=0x000000000006f000
1235500: system.cpu: T0 : 0x1c0f2    : sub s5, zero, s2           : IntAlu :  D=0xfffffffffffff000
1236500: system.cpu: T0 : 0x1c0f6    : addi a7, s0, 96            : IntAlu :  D=0x000000000006f628
1237500: system.cpu: T0 : 0x1c0fa    : addi t1, s2, -1            : IntAlu :  D=0x0000000000000fff
1238500: system.cpu: T0 : 0x1c0fe    : addi s8, s1, 32            : IntAlu :  D=0x00000000000002b0
1239500: system.cpu: T0 : 0x1c102    : addi s7, s6, 1480          : IntAlu :  D=0x000000000006f5c8
1240500: system.cpu: T0 : 0x1c106    : and s5, a5, s5             : IntAlu :  D=0x0000000000001000
1241500: system.cpu: T0 : 0x1c10a    : ld s4, 96(s0)              : MemRead :  D=0x000000000006f628 A=0x6f628
1242500: system.cpu: T0 : 0x1c10e    : ld a5, 8(s4)               : MemRead :  D=0x0000000000000000 A=0x6f630
1243500: system.cpu: T0 : 0x1c112    : andi s3, a5, 18446744073709551608 : IntAlu :  D=0x0000000000000000
1244500: system.cpu: T0 : 0x1c116    : add s9, s4, s3             : IntAlu :  D=0x000000000006f628
1245500: system.cpu: T0 : 0x1c11a    : beq s4, a7, 506            : IntAlu : 
1246000: system.cpu: T0 : 0x1c314    : beq s3, zero, -482         : IntAlu : 
1247000: system.cpu: T0 : 0x1c132    : bgeu s3, s8, 1112          : IntAlu : 
1248000: system.cpu: T0 : 0x1c136    : beq s0, s7, 484            : IntAlu : 
1249000: system.cpu: T0 : 0x1c31a    : ld s5, 8(s11)              : MemRead :  D=0x0000000000020000 A=0x6f560
1249500: system.cpu: T0 : 0x1c31e    : c_lw a5, 4(s0)             : MemRead :  D=0x0000000000000000 A=0x6f5cc
1250000: system.cpu: T0 : 0x1c320    : addi s10, s2, -1           : IntAlu :  D=0x0000000000000fff
1250500: system.cpu: T0 : 0x1c324    : addi s5, s5, 32            : IntAlu :  D=0x0000000000020020
1251000: system.cpu: T0 : 0x1c328    : c_add s5, s10              : IntAlu :  D=0x000000000002101f
1251500: system.cpu: T0 : 0x1c32a    : c_andi a5, 2               : IntAlu :  D=0x0000000000000000
1252000: system.cpu: T0 : 0x1c32c    : c_add s5, s1               : IntAlu :  D=0x00000000000212af
1253000: system.cpu: T0 : 0x1c32e    : sub a6, zero, s2           : IntAlu :  D=0xfffffffffffff000
1253500: system.cpu: T0 : 0x1c332    : c_beqz a5, 158             : IntAlu : 
1254000: system.cpu: T0 : 0x1c3d0    : sub s5, s5, s3             : IntAlu :  D=0x00000000000212af
1254500: system.cpu: T0 : 0x1c3d4    : and s5, s5, a6             : IntAlu :  D=0x0000000000021000
1255000: system.cpu: T0 : 0x1c3d8    : blt zero, s5, -156         : IntAlu : 
1255500: system.cpu: T0 : 0x1c33c    : ld a5, -1840(gp)           : MemRead :  D=0x000000000001ec66 A=0x708f8
1256000: system.cpu: T0 : 0x1c340    : c_mv a0, s5                : IntAlu :  D=0x0000000000021000
1256500: system.cpu: T0 : 0x1c342    : c_sdsp a6, 8(sp)           : MemWrite :  D=0xfffffffffffff000 A=0x7ffffffffffffa48
1257000: system.cpu: T0 : 0x1c344    : c_jalr a5                  : IntAlu :  D=0x000000000001c346
1257500: system.cpu: T0 : 0x1ec66    : c_addi sp, -16             : IntAlu :  D=0x7ffffffffffffa30
1258000: system.cpu: T0 : 0x1ec68    : c_sdsp ra, 8(sp)           : MemWrite :  D=0x000000000001c346 A=0x7ffffffffffffa38
1259000: system.cpu: T0 : 0x1ec6a    : jal ra, 9318               : IntAlu :  D=0x000000000001ec6e
1259500: system.cpu: T0 : 0x210d0    : c_addi sp, -32             : IntAlu :  D=0x7ffffffffffffa10
1260000: system.cpu: T0 : 0x210d2    : c_sdsp s2, 0(sp)           : MemWrite :  D=0x0000000000001000 A=0x7ffffffffffffa10
1260500: system.cpu: T0 : 0x210d4    : c_sdsp s1, 8(sp)           : MemWrite :  D=0x0000000000000290 A=0x7ffffffffffffa18
1261500: system.cpu: T0 : 0x210d6    : ld s1, -1200(gp)           : MemRead :  D=0x0000000000072f80 A=0x70b78
1262000: system.cpu: T0 : 0x210da    : c_sdsp s0, 16(sp)          : MemWrite :  D=0x000000000006f5c8 A=0x7ffffffffffffa20
1262500: system.cpu: T0 : 0x210dc    : c_sdsp ra, 24(sp)          : MemWrite :  D=0x000000000001ec6e A=0x7ffffffffffffa28
1263000: system.cpu: T0 : 0x210de    : c_mv s0, a0                : IntAlu :  D=0x0000000000021000
1263500: system.cpu: T0 : 0x210e0    : c_beqz s1, 46              : IntAlu : 
1264500: system.cpu: T0 : 0x210e2    : lw a5, -1728(gp)           : MemRead :  D=0x0000000000000000 A=0x70968
1265000: system.cpu: T0 : 0x210e6    : c_bnez a5, 40              : IntAlu : 
1265500: system.cpu: T0 : 0x210e8    : c_beqz s0, 24              : IntAlu : 
1266500: system.cpu: T0 : 0x210ea    : bge zero, s0, 52           : IntAlu : 
1267500: system.cpu: T0 : 0x210ee    : add a5, s0, s1             : IntAlu :  D=0x0000000000093f80
1268500: system.cpu: T0 : 0x210f2    : sltu a5, a5, s1            : IntAlu :  D=0x0000000000000000
1269000: system.cpu: T0 : 0x210f6    : c_beqz a5, 50              : IntAlu : 
1269500: system.cpu: T0 : 0x21128    : add a0, s1, s0             : IntAlu :  D=0x0000000000093f80
1270000: system.cpu: T0 : 0x2112c    : jal ra, 98390              : IntAlu :  D=0x0000000000021130
1270500: system.cpu: T0 : 0x39182    : c_mv a5, a0                : IntAlu :  D=0x0000000000093f80
1271000: system.cpu: T0 : 0x39184    : addi a7, zero, 214         : IntAlu :  D=0x00000000000000d6
1271500: system.cpu: T0 : 0x39188    : ecall                      : No_OpClass : 
1272000: system.cpu: T0 : 0x3918c    : sd a0, -1200(gp)           : MemWrite :  D=0x0000000000093f80 A=0x70b78
1272500: system.cpu: T0 : 0x39190    : bltu a0, a5, 8             : IntAlu : 
1273000: system.cpu: T0 : 0x39194    : c_li a0, 0                 : IntAlu :  D=0x0000000000000000
1273500: system.cpu: T0 : 0x39196    : c_jr ra                    : IntAlu : 
1274000: system.cpu: T0 : 0x21130    : blt a0, zero, -50          : IntAlu : 
1274500: system.cpu: T0 : 0x21134    : c_ldsp ra, 24(sp)          : MemRead :  D=0x000000000001ec6e A=0x7ffffffffffffa28
1275000: system.cpu: T0 : 0x21136    : c_ldsp s0, 16(sp)          : MemRead :  D=0x000000000006f5c8 A=0x7ffffffffffffa20
1275500: system.cpu: T0 : 0x21138    : c_ldsp s2, 0(sp)           : MemRead :  D=0x0000000000001000 A=0x7ffffffffffffa10
1276000: system.cpu: T0 : 0x2113a    : c_mv a0, s1                : IntAlu :  D=0x0000000000072f80
1276500: system.cpu: T0 : 0x2113c    : c_ldsp s1, 8(sp)           : MemRead :  D=0x0000000000000290 A=0x7ffffffffffffa18
1277000: system.cpu: T0 : 0x2113e    : c_addi16sp sp, 32          : IntAlu :  D=0x7ffffffffffffa30
1277500: system.cpu: T0 : 0x21140    : c_jr ra                    : IntAlu : 
1278000: system.cpu: T0 : 0x1ec6e    : c_li a5, -1                : IntAlu :  D=0xffffffffffffffff
1278500: system.cpu: T0 : 0x1ec70    : beq a0, a5, 10             : IntAlu : 
1279000: system.cpu: T0 : 0x1ec74    : c_ldsp ra, 8(sp)           : MemRead :  D=0x000000000001c346 A=0x7ffffffffffffa38
1279500: system.cpu: T0 : 0x1ec76    : c_addi sp, 16              : IntAlu :  D=0x7ffffffffffffa40
1280000: system.cpu: T0 : 0x1ec78    : c_jr ra                    : IntAlu : 
1280500: system.cpu: T0 : 0x1c346    : c_ldsp a6, 8(sp)           : MemRead :  D=0xfffffffffffff000 A=0x7ffffffffffffa48
1281000: system.cpu: T0 : 0x1c348    : c_mv s2, a0                : IntAlu :  D=0x0000000000072f80
1282000: system.cpu: T0 : 0x1c34a    : beq a0, zero, 502          : IntAlu : 
1283000: system.cpu: T0 : 0x1c34e    : ld a5, -1392(gp)           : MemRead :  D=0x0000000000000000 A=0x70ab8
1283500: system.cpu: T0 : 0x1c352    : c_li a4, 0                 : IntAlu :  D=0x0000000000000000
1284000: system.cpu: T0 : 0x1c354    : bne a5, zero, 538          : IntAlu : 
1284500: system.cpu: T0 : 0x1c358    : ld a5, 72(s11)             : MemRead :  D=0x0000000000000000 A=0x6f5a0
1285000: system.cpu: T0 : 0x1c35c    : beq a5, zero, 380          : IntAlu : 
1285500: system.cpu: T0 : 0x1c4d8    : sd s2, 72(s11)             : MemWrite :  D=0x0000000000072f80 A=0x6f5a0
1286000: system.cpu: T0 : 0x1c4dc    : c_j -380                   : IntAlu : 
1286500: system.cpu: T0 : 0x1c360    : c_lui s11, 1               : IntAlu :  D=0x0000000000001000
1287000: system.cpu: T0 : 0x1c362    : c_add s11, s7              : IntAlu :  D=0x00000000000705c8
1287500: system.cpu: T0 : 0x1c364    : ld a5, -1912(s11)          : MemRead :  D=0x0000000000000000 A=0x6fe50
1288000: system.cpu: T0 : 0x1c368    : c_add a5, s5               : IntAlu :  D=0x0000000000021000
1289000: system.cpu: T0 : 0x1c36a    : sd a5, -1912(s11)          : MemWrite :  D=0x0000000000021000 A=0x6fe50
1290000: system.cpu: T0 : 0x1c36e    : beq s9, s2, 342            : IntAlu : 
1291000: system.cpu: T0 : 0x1c372    : lw a3, 4(s7)               : MemRead :  D=0x0000000000000000 A=0x6f5cc
1291500: system.cpu: T0 : 0x1c376    : c_andi a3, 2               : IntAlu :  D=0x0000000000000000
1292000: system.cpu: T0 : 0x1c378    : bne a3, zero, 242          : IntAlu : 
1292500: system.cpu: T0 : 0x1c37c    : beq s3, zero, 18           : IntAlu : 
1293500: system.cpu: T0 : 0x1c38e    : andi a5, s2, 15            : IntAlu :  D=0x0000000000000000
1294500: system.cpu: T0 : 0x1c392    : bne a5, zero, 332          : IntAlu : 
1295000: system.cpu: T0 : 0x1c396    : c_mv a4, s3                : IntAlu :  D=0x0000000000000000
1295500: system.cpu: T0 : 0x1c398    : c_mv s9, s2                : IntAlu :  D=0x0000000000072f80
1296000: system.cpu: T0 : 0x1c39a    : c_add s5, a4               : IntAlu :  D=0x0000000000021000
1296500: system.cpu: T0 : 0x1c39c    : add a0, s2, s5             : IntAlu :  D=0x0000000000093f80
1297000: system.cpu: T0 : 0x1c3a0    : c_add s10, a0              : IntAlu :  D=0x0000000000094f7f
1298000: system.cpu: T0 : 0x1c3a2    : and a6, s10, a6            : IntAlu :  D=0x0000000000094000
1298500: system.cpu: T0 : 0x1c3a6    : c_sub a4, a0               : IntAlu :  D=0xfffffffffff6c080
1299000: system.cpu: T0 : 0x1c3a8    : add s5, a6, a4             : IntAlu :  D=0x0000000000000080
1299500: system.cpu: T0 : 0x1c3ac    : blt s5, zero, 626          : IntAlu : 
1300000: system.cpu: T0 : 0x1c3b0    : ld a5, -1840(gp)           : MemRead :  D=0x000000000001ec66 A=0x708f8
1300500: system.cpu: T0 : 0x1c3b4    : c_mv a0, s5                : IntAlu :  D=0x0000000000000080
1301000: system.cpu: T0 : 0x1c3b6    : c_jalr a5                  : IntAlu :  D=0x000000000001c3b8
1301500: system.cpu: T0 : 0x1ec66    : c_addi sp, -16             : IntAlu :  D=0x7ffffffffffffa30
1302000: system.cpu: T0 : 0x1ec68    : c_sdsp ra, 8(sp)           : MemWrite :  D=0x000000000001c3b8 A=0x7ffffffffffffa38
1303000: system.cpu: T0 : 0x1ec6a    : jal ra, 9318               : IntAlu :  D=0x000000000001ec6e
1303500: system.cpu: T0 : 0x210d0    : c_addi sp, -32             : IntAlu :  D=0x7ffffffffffffa10
1304000: system.cpu: T0 : 0x210d2    : c_sdsp s2, 0(sp)           : MemWrite :  D=0x0000000000072f80 A=0x7ffffffffffffa10
1304500: system.cpu: T0 : 0x210d4    : c_sdsp s1, 8(sp)           : MemWrite :  D=0x0000000000000290 A=0x7ffffffffffffa18
1305500: system.cpu: T0 : 0x210d6    : ld s1, -1200(gp)           : MemRead :  D=0x0000000000093f80 A=0x70b78
1306000: system.cpu: T0 : 0x210da    : c_sdsp s0, 16(sp)          : MemWrite :  D=0x000000000006f5c8 A=0x7ffffffffffffa20
1306500: system.cpu: T0 : 0x210dc    : c_sdsp ra, 24(sp)          : MemWrite :  D=0x000000000001ec6e A=0x7ffffffffffffa28
1307000: system.cpu: T0 : 0x210de    : c_mv s0, a0                : IntAlu :  D=0x0000000000000080
1307500: system.cpu: T0 : 0x210e0    : c_beqz s1, 46              : IntAlu : 
1308500: system.cpu: T0 : 0x210e2    : lw a5, -1728(gp)           : MemRead :  D=0x0000000000000000 A=0x70968
1309000: system.cpu: T0 : 0x210e6    : c_bnez a5, 40              : IntAlu : 
1309500: system.cpu: T0 : 0x210e8    : c_beqz s0, 24              : IntAlu : 
1310500: system.cpu: T0 : 0x210ea    : bge zero, s0, 52           : IntAlu : 
1311500: system.cpu: T0 : 0x210ee    : add a5, s0, s1             : IntAlu :  D=0x0000000000094000
1312500: system.cpu: T0 : 0x210f2    : sltu a5, a5, s1            : IntAlu :  D=0x0000000000000000
1313000: system.cpu: T0 : 0x210f6    : c_beqz a5, 50              : IntAlu : 
1313500: system.cpu: T0 : 0x21128    : add a0, s1, s0             : IntAlu :  D=0x0000000000094000
1314000: system.cpu: T0 : 0x2112c    : jal ra, 98390              : IntAlu :  D=0x0000000000021130
1314500: system.cpu: T0 : 0x39182    : c_mv a5, a0                : IntAlu :  D=0x0000000000094000
1315000: system.cpu: T0 : 0x39184    : addi a7, zero, 214         : IntAlu :  D=0x00000000000000d6
1315500: system.cpu: T0 : 0x39188    : ecall                      : No_OpClass : 
1316000: system.cpu: T0 : 0x3918c    : sd a0, -1200(gp)           : MemWrite :  D=0x0000000000094000 A=0x70b78
1316500: system.cpu: T0 : 0x39190    : bltu a0, a5, 8             : IntAlu : 
1317000: system.cpu: T0 : 0x39194    : c_li a0, 0                 : IntAlu :  D=0x0000000000000000
1317500: system.cpu: T0 : 0x39196    : c_jr ra                    : IntAlu : 
1318000: system.cpu: T0 : 0x21130    : blt a0, zero, -50          : IntAlu : 
1318500: system.cpu: T0 : 0x21134    : c_ldsp ra, 24(sp)          : MemRead :  D=0x000000000001ec6e A=0x7ffffffffffffa28
1319000: system.cpu: T0 : 0x21136    : c_ldsp s0, 16(sp)          : MemRead :  D=0x000000000006f5c8 A=0x7ffffffffffffa20
1319500: system.cpu: T0 : 0x21138    : c_ldsp s2, 0(sp)           : MemRead :  D=0x0000000000072f80 A=0x7ffffffffffffa10
1320000: system.cpu: T0 : 0x2113a    : c_mv a0, s1                : IntAlu :  D=0x0000000000093f80
1320500: system.cpu: T0 : 0x2113c    : c_ldsp s1, 8(sp)           : MemRead :  D=0x0000000000000290 A=0x7ffffffffffffa18
1321000: system.cpu: T0 : 0x2113e    : c_addi16sp sp, 32          : IntAlu :  D=0x7ffffffffffffa30
1321500: system.cpu: T0 : 0x21140    : c_jr ra                    : IntAlu : 
1322000: system.cpu: T0 : 0x1ec6e    : c_li a5, -1                : IntAlu :  D=0xffffffffffffffff
1322500: system.cpu: T0 : 0x1ec70    : beq a0, a5, 10             : IntAlu : 
1323000: system.cpu: T0 : 0x1ec74    : c_ldsp ra, 8(sp)           : MemRead :  D=0x000000000001c3b8 A=0x7ffffffffffffa38
1323500: system.cpu: T0 : 0x1ec76    : c_addi sp, 16              : IntAlu :  D=0x7ffffffffffffa40
1324000: system.cpu: T0 : 0x1ec78    : c_jr ra                    : IntAlu : 
1324500: system.cpu: T0 : 0x1c3b8    : c_mv a4, a0                : IntAlu :  D=0x0000000000093f80
1325500: system.cpu: T0 : 0x1c3ba    : beq a0, zero, 426          : IntAlu : 
1326500: system.cpu: T0 : 0x1c3be    : ld a5, -1392(gp)           : MemRead :  D=0x0000000000000000 A=0x70ab8
1327500: system.cpu: T0 : 0x1c3c2    : bne a5, zero, 440          : IntAlu : 
1328500: system.cpu: T0 : 0x1c3c6    : ld a5, -1912(s11)          : MemRead :  D=0x0000000000021000 A=0x6fe50
1329000: system.cpu: T0 : 0x1c3ca    : c_mv s2, s9                : IntAlu :  D=0x0000000000072f80
1329500: system.cpu: T0 : 0x1c3cc    : c_add a5, s5               : IntAlu :  D=0x0000000000021080
1330000: system.cpu: T0 : 0x1c3ce    : c_j 168                    : IntAlu : 
1331000: system.cpu: T0 : 0x1c476    : sub a4, a4, s2             : IntAlu :  D=0x0000000000021000
1331500: system.cpu: T0 : 0x1c47a    : c_add a4, s5               : IntAlu :  D=0x0000000000021080
1332000: system.cpu: T0 : 0x1c47c    : sd s2, 96(s7)              : MemWrite :  D=0x0000000000072f80 A=0x6f628
1332500: system.cpu: T0 : 0x1c480    : ori a4, a4, 1              : IntAlu :  D=0x0000000000021081
1333000: system.cpu: T0 : 0x1c484    : sd a4, 8(s2)               : MemWrite :  D=0x0000000000021081 A=0x72f88
1333500: system.cpu: T0 : 0x1c488    : sd a5, -1912(s11)          : MemWrite :  D=0x0000000000021080 A=0x6fe50
1334000: system.cpu: T0 : 0x1c48c    : beq s3, zero, -754         : IntAlu : 
1334500: system.cpu: T0 : 0x1c19a    : c_lui a4, 1                : IntAlu :  D=0x0000000000001000
1335000: system.cpu: T0 : 0x1c19c    : c_add a4, s0               : IntAlu :  D=0x00000000000705c8
1336000: system.cpu: T0 : 0x1c19e    : ld a3, -1904(a4)           : MemRead :  D=0x0000000000000000 A=0x6fe58
1337000: system.cpu: T0 : 0x1c1a2    : bgeu a3, a5, 8             : IntAlu : 
1338000: system.cpu: T0 : 0x1c1a6    : sd a5, -1904(a4)           : MemWrite :  D=0x0000000000021080 A=0x6fe58
1339000: system.cpu: T0 : 0x1c1aa    : ld a5, 8(s2)               : MemRead :  D=0x0000000000021081 A=0x72f88
1339500: system.cpu: T0 : 0x1c1ae    : c_andi a5, 18446744073709551608 : IntAlu :  D=0x0000000000021080
1340000: system.cpu: T0 : 0x1c1b0    : bltu a5, s8, 298           : IntAlu : 
1340500: system.cpu: T0 : 0x1c1b4    : add a4, s2, s1             : IntAlu :  D=0x0000000000073210
1341000: system.cpu: T0 : 0x1c1b8    : c_sd a4, 96(s0)            : MemWrite :  D=0x0000000000073210 A=0x6f628
1341500: system.cpu: T0 : 0x1c1ba    : c_sub a5, s1               : IntAlu :  D=0x0000000000020df0
1342000: system.cpu: T0 : 0x1c1bc    : beq s0, s7, 8              : IntAlu : 
1342500: system.cpu: T0 : 0x1c1c4    : ori s1, s1, 1              : IntAlu :  D=0x0000000000000291
1343000: system.cpu: T0 : 0x1c1c8    : sd s1, 8(s2)               : MemWrite :  D=0x0000000000000291 A=0x72f88
1343500: system.cpu: T0 : 0x1c1cc    : ori a5, a5, 1              : IntAlu :  D=0x0000000000020df1
1344000: system.cpu: T0 : 0x1c1d0    : c_sd a5, 8(a4)             : MemWrite :  D=0x0000000000020df1 A=0x73218
1344500: system.cpu: T0 : 0x1c1d0    : c_sd a5, 8(a4)             : MemWrite :  D=0x0000000000020df1 A=0x73218
1345500: system.cpu: T0 : 0x1c1d2    : addi a0, s2, 16            : IntAlu :  D=0x0000000000072f90
1346000: system.cpu: T0 : 0x1c1d6    : c_ldsp ra, 152(sp)         : MemRead :  D=0x000000000001cddc A=0x7ffffffffffffad8
1346500: system.cpu: T0 : 0x1c1d8    : c_ldsp s0, 144(sp)         : MemRead :  D=0x0000000000000290 A=0x7ffffffffffffad0
1347000: system.cpu: T0 : 0x1c1da    : c_ldsp s1, 136(sp)         : MemRead :  D=0x000000000006f5c8 A=0x7ffffffffffffac8
1347500: system.cpu: T0 : 0x1c1dc    : c_ldsp s2, 128(sp)         : MemRead :  D=0x0000000000000004 A=0x7ffffffffffffac0
1348000: system.cpu: T0 : 0x1c1de    : c_ldsp s3, 120(sp)         : MemRead :  D=0x0000000000000280 A=0x7ffffffffffffab8
1348500: system.cpu: T0 : 0x1c1e0    : c_ldsp s4, 112(sp)         : MemRead :  D=0x0000000000000000 A=0x7ffffffffffffab0
1349000: system.cpu: T0 : 0x1c1e2    : c_ldsp s5, 104(sp)         : MemRead :  D=0x0000000000000000 A=0x7ffffffffffffaa8
1349500: system.cpu: T0 : 0x1c1e4    : c_ldsp s6, 96(sp)          : MemRead :  D=0x0000000000000027 A=0x7ffffffffffffaa0
1350000: system.cpu: T0 : 0x1c1e6    : c_ldsp s7, 88(sp)          : MemRead :  D=0x000000000006f558 A=0x7ffffffffffffa98
1350500: system.cpu: T0 : 0x1c1e8    : c_ldsp s8, 80(sp)          : MemRead :  D=0x000000000006f628 A=0x7ffffffffffffa90
1351000: system.cpu: T0 : 0x1c1ea    : c_ldsp s9, 72(sp)          : MemRead :  D=0x0000000000000029 A=0x7ffffffffffffa88
1351500: system.cpu: T0 : 0x1c1ec    : c_ldsp s10, 64(sp)         : MemRead :  D=0x000000000000000a A=0x7ffffffffffffa80
1352000: system.cpu: T0 : 0x1c1ee    : c_ldsp s11, 56(sp)         : MemRead :  D=0x0000000000001000 A=0x7ffffffffffffa78
1352500: system.cpu: T0 : 0x1c1f0    : c_addi16sp sp, 160         : IntAlu :  D=0x7ffffffffffffae0
1353000: system.cpu: T0 : 0x1c1f2    : c_jr ra                    : IntAlu : 
1353500: system.cpu: T0 : 0x1cddc    : c_mv s2, a0                : IntAlu :  D=0x0000000000072f90
1354500: system.cpu: T0 : 0x1cdde    : bne a0, zero, -672         : IntAlu : 
1355500: system.cpu: T0 : 0x1cb3e    : lw a1, -1396(gp)           : MemRead :  D=0x0000000000000000 A=0x70ab4
1356500: system.cpu: T0 : 0x1cb42    : beq a1, zero, -516         : IntAlu : 
1357000: system.cpu: T0 : 0x1c93e    : c_ldsp ra, 248(sp)         : MemRead :  D=0x000000000001d17e A=0x7ffffffffffffbd8
1357500: system.cpu: T0 : 0x1c940    : c_ldsp s0, 240(sp)         : MemRead :  D=0x000000000006f5c8 A=0x7ffffffffffffbd0
1358000: system.cpu: T0 : 0x1c942    : c_ldsp s1, 232(sp)         : MemRead :  D=0x000000000006f5c8 A=0x7ffffffffffffbc8
1358500: system.cpu: T0 : 0x1c944    : c_ldsp s3, 216(sp)         : MemRead :  D=0x0000000000000000 A=0x7ffffffffffffbb8
1359000: system.cpu: T0 : 0x1c946    : c_ldsp s4, 208(sp)         : MemRead :  D=0x0000000000000000 A=0x7ffffffffffffbb0
1359500: system.cpu: T0 : 0x1c948    : c_ldsp s5, 200(sp)         : MemRead :  D=0x0000000000000000 A=0x7ffffffffffffba8
1360000: system.cpu: T0 : 0x1c94a    : c_ldsp s6, 192(sp)         : MemRead :  D=0x0000000000072000 A=0x7ffffffffffffba0
1360500: system.cpu: T0 : 0x1c94c    : c_ldsp s7, 184(sp)         : MemRead :  D=0x0000000000000000 A=0x7ffffffffffffb98
1361000: system.cpu: T0 : 0x1c94e    : c_ldsp s8, 176(sp)         : MemRead :  D=0x0000000000000000 A=0x7ffffffffffffb90
1361500: system.cpu: T0 : 0x1c950    : c_ldsp s9, 168(sp)         : MemRead :  D=0x0000000000000003 A=0x7ffffffffffffb88
1362000: system.cpu: T0 : 0x1c952    : c_ldsp s10, 160(sp)        : MemRead :  D=0x0000000000000000 A=0x7ffffffffffffb80
1362500: system.cpu: T0 : 0x1c954    : c_ldsp s11, 152(sp)        : MemRead :  D=0x0000000000000000 A=0x7ffffffffffffb78
1363000: system.cpu: T0 : 0x1c956    : c_mv a0, s2                : IntAlu :  D=0x0000000000072f90
1363500: system.cpu: T0 : 0x1c958    : c_ldsp s2, 224(sp)         : MemRead :  D=0x0000000000000002 A=0x7ffffffffffffbc0
1364000: system.cpu: T0 : 0x1c95a    : c_addi16sp sp, 256         : IntAlu :  D=0x7ffffffffffffbe0
1364500: system.cpu: T0 : 0x1c95c    : c_jr ra                    : IntAlu : 
1365000: system.cpu: T0 : 0x1d17e    : c_mv a5, a0                : IntAlu :  D=0x0000000000072f90
1365500: system.cpu: T0 : 0x1d180    : c_beqz a0, 70              : IntAlu : 
1366000: system.cpu: T0 : 0x1d182    : c_li a4, 0                 : IntAlu :  D=0x0000000000000000
1366500: system.cpu: T0 : 0x1d184    : fence iorw, ow             : No_OpClass : 
1367000: system.cpu: T0 : 0x1d188    : amoswap_w a4, a4, (s0)    
1367000: system.cpu: T0 : 0x1d188. 0 : amoswap_w[l] a4, a4, (s0)  : MemRead :  D=0x0000000000000001 A=0x6f5c8
1367500: system.cpu: T0 : 0x1d18c    : c_addiw a4, 0              : IntAlu :  D=0x0000000000000001
1368000: system.cpu: T0 : 0x1d18e    : c_li a3, 1                 : IntAlu :  D=0x0000000000000001
1368500: system.cpu: T0 : 0x1d190    : blt a3, a4, 96             : IntAlu : 
1369000: system.cpu: T0 : 0x1d194    : c_ldsp s0, 16(sp)          : MemRead :  D=0x0000000000000024 A=0x7ffffffffffffbf0
1369500: system.cpu: T0 : 0x1d196    : c_ldsp ra, 24(sp)          : MemRead :  D=0x000000000001db04 A=0x7ffffffffffffbf8
1370000: system.cpu: T0 : 0x1d198    : c_ldsp s1, 8(sp)           : MemRead :  D=0x0000000000000001 A=0x7ffffffffffffbe8
1371000: system.cpu: T0 : 0x1d19a    : sd a5, 40(tp)              : MemWrite :  D=0x0000000000072f90 A=0x72738
1372000: system.cpu: T0 : 0x1d19e    : addi a2, zero, 640         : IntAlu :  D=0x0000000000000280
1372500: system.cpu: T0 : 0x1d1a2    : c_li a1, 0                 : IntAlu :  D=0x0000000000000000
1373000: system.cpu: T0 : 0x1d1a4    : c_mv a0, a5                : IntAlu :  D=0x0000000000072f90
1373500: system.cpu: T0 : 0x1d1a6    : c_addi16sp sp, 32          : IntAlu :  D=0x7ffffffffffffc00
1374000: system.cpu: T0 : 0x1d1a8    : jal zero, 10394            : IntAlu :  D=0x000000000001d1ac
1374500: system.cpu: T0 : 0x1fa42    : c_li a4, 7                 : IntAlu :  D=0x0000000000000007
1375000: system.cpu: T0 : 0x1fa44    : c_mv a5, a0                : IntAlu :  D=0x0000000000072f90
1376000: system.cpu: T0 : 0x1fa46    : bgeu a4, a2, 140           : IntAlu : 
1377000: system.cpu: T0 : 0x1fa4a    : andi a7, a1, 255           : IntAlu :  D=0x0000000000000000
1378000: system.cpu: T0 : 0x1fa4e    : slli a3, a7, 8             : IntAlu :  D=0x0000000000000000
1379000: system.cpu: T0 : 0x1fa52    : or a3, a3, a7              : IntAlu :  D=0x0000000000000000
1380000: system.cpu: T0 : 0x1fa56    : slli a4, a3, 16            : IntAlu :  D=0x0000000000000000
1380500: system.cpu: T0 : 0x1fa5a    : c_or a3, a4                : IntAlu :  D=0x0000000000000000
1381000: system.cpu: T0 : 0x1fa5c    : slli a4, a3, 32            : IntAlu :  D=0x0000000000000000
1381500: system.cpu: T0 : 0x1fa60    : andi a6, a0, 7             : IntAlu :  D=0x0000000000000000
1382000: system.cpu: T0 : 0x1fa64    : c_or a4, a3                : IntAlu :  D=0x0000000000000000
1383000: system.cpu: T0 : 0x1fa66    : beq a6, zero, 130          : IntAlu : 
1383500: system.cpu: T0 : 0x1fae8    : c_mv a3, a2                : IntAlu :  D=0x0000000000000280
1384000: system.cpu: T0 : 0x1faea    : c_j -108                   : IntAlu : 
1385000: system.cpu: T0 : 0x1fa7e    : srli a6, a3, 6             : IntAlu :  D=0x000000000000000a
1386000: system.cpu: T0 : 0x1fa82    : beq a6, zero, 42           : IntAlu : 
1387000: system.cpu: T0 : 0x1fa86    : slli a2, a6, 6             : IntAlu :  D=0x0000000000000280
1387500: system.cpu: T0 : 0x1fa8a    : c_mv a7, a5                : IntAlu :  D=0x0000000000072f90
1388000: system.cpu: T0 : 0x1fa8c    : c_add a2, a5               : IntAlu :  D=0x0000000000073210
1388500: system.cpu: T0 : 0x1fa8e    : c_sd a4, 0(a5)             : MemWrite :  D=0x0000000000000000 A=0x72f90
1389000: system.cpu: T0 : 0x1fa90    : c_sd a4, 8(a5)             : MemWrite :  D=0x0000000000000000 A=0x72f98
1389500: system.cpu: T0 : 0x1fa92    : c_sd a4, 16(a5)            : MemWrite :  D=0x0000000000000000 A=0x72fa0
1390000: system.cpu: T0 : 0x1fa94    : c_sd a4, 24(a5)            : MemWrite :  D=0x0000000000000000 A=0x72fa8
1390500: system.cpu: T0 : 0x1fa96    : c_sd a4, 32(a5)            : MemWrite :  D=0x0000000000000000 A=0x72fb0
1391000: system.cpu: T0 : 0x1fa98    : c_sd a4, 40(a5)            : MemWrite :  D=0x0000000000000000 A=0x72fb8
1391500: system.cpu: T0 : 0x1fa9a    : c_sd a4, 48(a5)            : MemWrite :  D=0x0000000000000000 A=0x72fc0
1392000: system.cpu: T0 : 0x1fa9c    : c_sd a4, 56(a5)            : MemWrite :  D=0x0000000000000000 A=0x72fc8
1393000: system.cpu: T0 : 0x1fa9e    : addi a5, a5, 64            : IntAlu :  D=0x0000000000072fd0
1394000: system.cpu: T0 : 0x1faa2    : bne a2, a5, -20            : IntAlu : 
1394500: system.cpu: T0 : 0x1fa8e    : c_sd a4, 0(a5)             : MemWrite :  D=0x0000000000000000 A=0x72fd0
1395000: system.cpu: T0 : 0x1fa90    : c_sd a4, 8(a5)             : MemWrite :  D=0x0000000000000000 A=0x72fd8
1395500: system.cpu: T0 : 0x1fa92    : c_sd a4, 16(a5)            : MemWrite :  D=0x0000000000000000 A=0x72fe0
1396000: system.cpu: T0 : 0x1fa94    : c_sd a4, 24(a5)            : MemWrite :  D=0x0000000000000000 A=0x72fe8
1396500: system.cpu: T0 : 0x1fa96    : c_sd a4, 32(a5)            : MemWrite :  D=0x0000000000000000 A=0x72ff0
1397000: system.cpu: T0 : 0x1fa98    : c_sd a4, 40(a5)            : MemWrite :  D=0x0000000000000000 A=0x72ff8
1397500: system.cpu: T0 : 0x1fa9a    : c_sd a4, 48(a5)            : MemWrite :  D=0x0000000000000000 A=0x73000
1398000: system.cpu: T0 : 0x1fa9c    : c_sd a4, 56(a5)            : MemWrite :  D=0x0000000000000000 A=0x73008
1399000: system.cpu: T0 : 0x1fa9e    : addi a5, a5, 64            : IntAlu :  D=0x0000000000073010
1400000: system.cpu: T0 : 0x1faa2    : bne a2, a5, -20            : IntAlu : 
1400500: system.cpu: T0 : 0x1fa8e    : c_sd a4, 0(a5)             : MemWrite :  D=0x0000000000000000 A=0x73010
1401000: system.cpu: T0 : 0x1fa90    : c_sd a4, 8(a5)             : MemWrite :  D=0x0000000000000000 A=0x73018
1401500: system.cpu: T0 : 0x1fa92    : c_sd a4, 16(a5)            : MemWrite :  D=0x0000000000000000 A=0x73020
1402000: system.cpu: T0 : 0x1fa94    : c_sd a4, 24(a5)            : MemWrite :  D=0x0000000000000000 A=0x73028
1402500: system.cpu: T0 : 0x1fa96    : c_sd a4, 32(a5)            : MemWrite :  D=0x0000000000000000 A=0x73030
1403000: system.cpu: T0 : 0x1fa98    : c_sd a4, 40(a5)            : MemWrite :  D=0x0000000000000000 A=0x73038
1403500: system.cpu: T0 : 0x1fa9a    : c_sd a4, 48(a5)            : MemWrite :  D=0x0000000000000000 A=0x73040
1404000: system.cpu: T0 : 0x1fa9c    : c_sd a4, 56(a5)            : MemWrite :  D=0x0000000000000000 A=0x73048
1405000: system.cpu: T0 : 0x1fa9e    : addi a5, a5, 64            : IntAlu :  D=0x0000000000073050
1406000: system.cpu: T0 : 0x1faa2    : bne a2, a5, -20            : IntAlu : 
1406500: system.cpu: T0 : 0x1fa8e    : c_sd a4, 0(a5)             : MemWrite :  D=0x0000000000000000 A=0x73050
1407000: system.cpu: T0 : 0x1fa90    : c_sd a4, 8(a5)             : MemWrite :  D=0x0000000000000000 A=0x73058
1407500: system.cpu: T0 : 0x1fa92    : c_sd a4, 16(a5)            : MemWrite :  D=0x0000000000000000 A=0x73060
1408000: system.cpu: T0 : 0x1fa94    : c_sd a4, 24(a5)            : MemWrite :  D=0x0000000000000000 A=0x73068
1408500: system.cpu: T0 : 0x1fa96    : c_sd a4, 32(a5)            : MemWrite :  D=0x0000000000000000 A=0x73070
1409000: system.cpu: T0 : 0x1fa98    : c_sd a4, 40(a5)            : MemWrite :  D=0x0000000000000000 A=0x73078
1409500: system.cpu: T0 : 0x1fa9a    : c_sd a4, 48(a5)            : MemWrite :  D=0x0000000000000000 A=0x73080
1410000: system.cpu: T0 : 0x1fa9c    : c_sd a4, 56(a5)            : MemWrite :  D=0x0000000000000000 A=0x73088
1411000: system.cpu: T0 : 0x1fa9e    : addi a5, a5, 64            : IntAlu :  D=0x0000000000073090
1412000: system.cpu: T0 : 0x1faa2    : bne a2, a5, -20            : IntAlu : 
1412500: system.cpu: T0 : 0x1fa8e    : c_sd a4, 0(a5)             : MemWrite :  D=0x0000000000000000 A=0x73090
1413000: system.cpu: T0 : 0x1fa90    : c_sd a4, 8(a5)             : MemWrite :  D=0x0000000000000000 A=0x73098
1413500: system.cpu: T0 : 0x1fa92    : c_sd a4, 16(a5)            : MemWrite :  D=0x0000000000000000 A=0x730a0
1414000: system.cpu: T0 : 0x1fa94    : c_sd a4, 24(a5)            : MemWrite :  D=0x0000000000000000 A=0x730a8
1414500: system.cpu: T0 : 0x1fa96    : c_sd a4, 32(a5)            : MemWrite :  D=0x0000000000000000 A=0x730b0
1415000: system.cpu: T0 : 0x1fa98    : c_sd a4, 40(a5)            : MemWrite :  D=0x0000000000000000 A=0x730b8
1415500: system.cpu: T0 : 0x1fa9a    : c_sd a4, 48(a5)            : MemWrite :  D=0x0000000000000000 A=0x730c0
1416000: system.cpu: T0 : 0x1fa9c    : c_sd a4, 56(a5)            : MemWrite :  D=0x0000000000000000 A=0x730c8
1417000: system.cpu: T0 : 0x1fa9e    : addi a5, a5, 64            : IntAlu :  D=0x00000000000730d0
1418000: system.cpu: T0 : 0x1faa2    : bne a2, a5, -20            : IntAlu : 
1418500: system.cpu: T0 : 0x1fa8e    : c_sd a4, 0(a5)             : MemWrite :  D=0x0000000000000000 A=0x730d0
1419000: system.cpu: T0 : 0x1fa90    : c_sd a4, 8(a5)             : MemWrite :  D=0x0000000000000000 A=0x730d8
1419500: system.cpu: T0 : 0x1fa92    : c_sd a4, 16(a5)            : MemWrite :  D=0x0000000000000000 A=0x730e0
1420000: system.cpu: T0 : 0x1fa94    : c_sd a4, 24(a5)            : MemWrite :  D=0x0000000000000000 A=0x730e8
1420500: system.cpu: T0 : 0x1fa96    : c_sd a4, 32(a5)            : MemWrite :  D=0x0000000000000000 A=0x730f0
1421000: system.cpu: T0 : 0x1fa98    : c_sd a4, 40(a5)            : MemWrite :  D=0x0000000000000000 A=0x730f8
1421500: system.cpu: T0 : 0x1fa9a    : c_sd a4, 48(a5)            : MemWrite :  D=0x0000000000000000 A=0x73100
1422000: system.cpu: T0 : 0x1fa9c    : c_sd a4, 56(a5)            : MemWrite :  D=0x0000000000000000 A=0x73108
1423000: system.cpu: T0 : 0x1fa9e    : addi a5, a5, 64            : IntAlu :  D=0x0000000000073110
1424000: system.cpu: T0 : 0x1faa2    : bne a2, a5, -20            : IntAlu : 
1424500: system.cpu: T0 : 0x1fa8e    : c_sd a4, 0(a5)             : MemWrite :  D=0x0000000000000000 A=0x73110
1425000: system.cpu: T0 : 0x1fa90    : c_sd a4, 8(a5)             : MemWrite :  D=0x0000000000000000 A=0x73118
1425500: system.cpu: T0 : 0x1fa92    : c_sd a4, 16(a5)            : MemWrite :  D=0x0000000000000000 A=0x73120
1426000: system.cpu: T0 : 0x1fa94    : c_sd a4, 24(a5)            : MemWrite :  D=0x0000000000000000 A=0x73128
1426500: system.cpu: T0 : 0x1fa96    : c_sd a4, 32(a5)            : MemWrite :  D=0x0000000000000000 A=0x73130
1427000: system.cpu: T0 : 0x1fa98    : c_sd a4, 40(a5)            : MemWrite :  D=0x0000000000000000 A=0x73138
1427500: system.cpu: T0 : 0x1fa9a    : c_sd a4, 48(a5)            : MemWrite :  D=0x0000000000000000 A=0x73140
1428000: system.cpu: T0 : 0x1fa9c    : c_sd a4, 56(a5)            : MemWrite :  D=0x0000000000000000 A=0x73148
1429000: system.cpu: T0 : 0x1fa9e    : addi a5, a5, 64            : IntAlu :  D=0x0000000000073150
1430000: system.cpu: T0 : 0x1faa2    : bne a2, a5, -20            : IntAlu : 
1430500: system.cpu: T0 : 0x1fa8e    : c_sd a4, 0(a5)             : MemWrite :  D=0x0000000000000000 A=0x73150
1431000: system.cpu: T0 : 0x1fa90    : c_sd a4, 8(a5)             : MemWrite :  D=0x0000000000000000 A=0x73158
1431500: system.cpu: T0 : 0x1fa92    : c_sd a4, 16(a5)            : MemWrite :  D=0x0000000000000000 A=0x73160
1432000: system.cpu: T0 : 0x1fa94    : c_sd a4, 24(a5)            : MemWrite :  D=0x0000000000000000 A=0x73168
1432500: system.cpu: T0 : 0x1fa96    : c_sd a4, 32(a5)            : MemWrite :  D=0x0000000000000000 A=0x73170
1433000: system.cpu: T0 : 0x1fa98    : c_sd a4, 40(a5)            : MemWrite :  D=0x0000000000000000 A=0x73178
1433500: system.cpu: T0 : 0x1fa9a    : c_sd a4, 48(a5)            : MemWrite :  D=0x0000000000000000 A=0x73180
1434000: system.cpu: T0 : 0x1fa9c    : c_sd a4, 56(a5)            : MemWrite :  D=0x0000000000000000 A=0x73188
1435000: system.cpu: T0 : 0x1fa9e    : addi a5, a5, 64            : IntAlu :  D=0x0000000000073190
1436000: system.cpu: T0 : 0x1faa2    : bne a2, a5, -20            : IntAlu : 
1436500: system.cpu: T0 : 0x1fa8e    : c_sd a4, 0(a5)             : MemWrite :  D=0x0000000000000000 A=0x73190
1437000: system.cpu: T0 : 0x1fa90    : c_sd a4, 8(a5)             : MemWrite :  D=0x0000000000000000 A=0x73198
1437500: system.cpu: T0 : 0x1fa92    : c_sd a4, 16(a5)            : MemWrite :  D=0x0000000000000000 A=0x731a0
1438000: system.cpu: T0 : 0x1fa94    : c_sd a4, 24(a5)            : MemWrite :  D=0x0000000000000000 A=0x731a8
1438500: system.cpu: T0 : 0x1fa96    : c_sd a4, 32(a5)            : MemWrite :  D=0x0000000000000000 A=0x731b0
1439000: system.cpu: T0 : 0x1fa98    : c_sd a4, 40(a5)            : MemWrite :  D=0x0000000000000000 A=0x731b8
1439500: system.cpu: T0 : 0x1fa9a    : c_sd a4, 48(a5)            : MemWrite :  D=0x0000000000000000 A=0x731c0
1440000: system.cpu: T0 : 0x1fa9c    : c_sd a4, 56(a5)            : MemWrite :  D=0x0000000000000000 A=0x731c8
1441000: system.cpu: T0 : 0x1fa9e    : addi a5, a5, 64            : IntAlu :  D=0x00000000000731d0
1442000: system.cpu: T0 : 0x1faa2    : bne a2, a5, -20            : IntAlu : 
1442500: system.cpu: T0 : 0x1fa8e    : c_sd a4, 0(a5)             : MemWrite :  D=0x0000000000000000 A=0x731d0
1443000: system.cpu: T0 : 0x1fa90    : c_sd a4, 8(a5)             : MemWrite :  D=0x0000000000000000 A=0x731d8
1443500: system.cpu: T0 : 0x1fa92    : c_sd a4, 16(a5)            : MemWrite :  D=0x0000000000000000 A=0x731e0
1444000: system.cpu: T0 : 0x1fa94    : c_sd a4, 24(a5)            : MemWrite :  D=0x0000000000000000 A=0x731e8
1444500: system.cpu: T0 : 0x1fa96    : c_sd a4, 32(a5)            : MemWrite :  D=0x0000000000000000 A=0x731f0
1445000: system.cpu: T0 : 0x1fa98    : c_sd a4, 40(a5)            : MemWrite :  D=0x0000000000000000 A=0x731f8
1445500: system.cpu: T0 : 0x1fa9a    : c_sd a4, 48(a5)            : MemWrite :  D=0x0000000000000000 A=0x73200
1446000: system.cpu: T0 : 0x1fa9c    : c_sd a4, 56(a5)            : MemWrite :  D=0x0000000000000000 A=0x73208
1447000: system.cpu: T0 : 0x1fa9e    : addi a5, a5, 64            : IntAlu :  D=0x0000000000073210
1448000: system.cpu: T0 : 0x1faa2    : bne a2, a5, -20            : IntAlu : 
1449000: system.cpu: T0 : 0x1faa6    : slli a5, a6, 6             : IntAlu :  D=0x0000000000000280
1449500: system.cpu: T0 : 0x1faaa    : c_add a5, a7               : IntAlu :  D=0x0000000000073210
1450000: system.cpu: T0 : 0x1faac    : srli a6, a3, 3             : IntAlu :  D=0x0000000000000050
1450500: system.cpu: T0 : 0x1fab0    : andi a6, a6, 7             : IntAlu :  D=0x0000000000000000
1451000: system.cpu: T0 : 0x1fab4    : beq a6, zero, 26           : IntAlu : 
1452000: system.cpu: T0 : 0x1face    : andi a2, a3, 7             : IntAlu :  D=0x0000000000000000
1453000: system.cpu: T0 : 0x1fad2    : andi a1, a1, 255           : IntAlu :  D=0x0000000000000000
1454000: system.cpu: T0 : 0x1fad6    : add a4, a5, a2             : IntAlu :  D=0x0000000000073210
1454500: system.cpu: T0 : 0x1fada    : c_beqz a2, 12              : IntAlu : 
1455000: system.cpu: T0 : 0x1fae6    : c_jr ra                    : IntAlu : 
1455500: system.cpu: T0 : 0x1db04    : lui a5, 111                : IntAlu :  D=0x000000000006f000
1456000: system.cpu: T0 : 0x1db08    : ld a5, 1448(a5)            : MemRead :  D=0x0000000000000040 A=0x6f5a8
1456500: system.cpu: T0 : 0x1db0c    : bgeu s1, a5, -100          : IntAlu : 
1457000: system.cpu: T0 : 0x1db10    : ld a4, 40(tp)              : MemRead :  D=0x0000000000072f90 A=0x72738
1457500: system.cpu: T0 : 0x1db14    : c_beqz a4, -108            : IntAlu : 
1458500: system.cpu: T0 : 0x1db16    : slli a3, s1, 1             : IntAlu :  D=0x0000000000000002
1459000: system.cpu: T0 : 0x1db1a    : c_add a3, a4               : IntAlu :  D=0x0000000000072f92
1459500: system.cpu: T0 : 0x1db1c    : lhu a2, 0(a3)              : MemRead :  D=0x0000000000000000 A=0x72f92
1460000: system.cpu: T0 : 0x1db20    : c_beqz a2, -120            : IntAlu : 
1460500: system.cpu: T0 : 0x1daa8    : lw a5, -1808(tp)           : MemRead :  D=0x0000000000000000 A=0x72000
1461000: system.cpu: T0 : 0x1daac    : c_bnez a5, 210             : IntAlu : 
1462000: system.cpu: T0 : 0x1daae    : lui s1, 111                : IntAlu :  D=0x000000000006f000
1462500: system.cpu: T0 : 0x1dab2    : c_mv a1, s0                : IntAlu :  D=0x0000000000000024
1463000: system.cpu: T0 : 0x1dab4    : addi a0, s1, 1480          : IntAlu :  D=0x000000000006f5c8
1463500: system.cpu: T0 : 0x1dab8    : jal ra, -5228              : IntAlu :  D=0x000000000001dabc
1464000: system.cpu: T0 : 0x1c64c    : c_addi16sp sp, -256        : IntAlu :  D=0x7ffffffffffffb00
1464500: system.cpu: T0 : 0x1c64e    : c_sdsp ra, 248(sp)         : MemWrite :  D=0x000000000001dabc A=0x7ffffffffffffbf8
1465000: system.cpu: T0 : 0x1c650    : c_sdsp s0, 240(sp)         : MemWrite :  D=0x0000000000000024 A=0x7ffffffffffffbf0
1465500: system.cpu: T0 : 0x1c652    : c_sdsp s1, 232(sp)         : MemWrite :  D=0x000000000006f000 A=0x7ffffffffffffbe8
1466000: system.cpu: T0 : 0x1c654    : c_sdsp s2, 224(sp)         : MemWrite :  D=0x0000000000000002 A=0x7ffffffffffffbe0
1466500: system.cpu: T0 : 0x1c656    : c_sdsp s3, 216(sp)         : MemWrite :  D=0x0000000000000000 A=0x7ffffffffffffbd8
1467000: system.cpu: T0 : 0x1c658    : c_sdsp s4, 208(sp)         : MemWrite :  D=0x0000000000000000 A=0x7ffffffffffffbd0
1467500: system.cpu: T0 : 0x1c65a    : c_sdsp s5, 200(sp)         : MemWrite :  D=0x0000000000000000 A=0x7ffffffffffffbc8
1468000: system.cpu: T0 : 0x1c65c    : c_sdsp s6, 192(sp)         : MemWrite :  D=0x0000000000072000 A=0x7ffffffffffffbc0
1468500: system.cpu: T0 : 0x1c65e    : c_sdsp s7, 184(sp)         : MemWrite :  D=0x0000000000000000 A=0x7ffffffffffffbb8
1469000: system.cpu: T0 : 0x1c660    : c_sdsp s8, 176(sp)         : MemWrite :  D=0x0000000000000000 A=0x7ffffffffffffbb0
1469500: system.cpu: T0 : 0x1c662    : c_sdsp s9, 168(sp)         : MemWrite :  D=0x0000000000000003 A=0x7ffffffffffffba8
1470000: system.cpu: T0 : 0x1c664    : c_sdsp s10, 160(sp)        : MemWrite :  D=0x0000000000000000 A=0x7ffffffffffffba0
1470500: system.cpu: T0 : 0x1c666    : c_sdsp s11, 152(sp)        : MemWrite :  D=0x0000000000000000 A=0x7ffffffffffffb98
1471000: system.cpu: T0 : 0x1c668    : blt a1, zero, 1198         : IntAlu : 
1471500: system.cpu: T0 : 0x1c66c    : addi s0, a1, 23            : IntAlu :  D=0x000000000000003b
1472000: system.cpu: T0 : 0x1c670    : c_li a5, 31                : IntAlu :  D=0x000000000000001f
1472500: system.cpu: T0 : 0x1c672    : c_mv s3, a1                : IntAlu :  D=0x0000000000000024
1473000: system.cpu: T0 : 0x1c674    : c_mv s1, a0                : IntAlu :  D=0x000000000006f5c8
1474000: system.cpu: T0 : 0x1c676    : bltu a5, s0, 220           : IntAlu : 
1474500: system.cpu: T0 : 0x1c752    : c_andi s0, 18446744073709551600 : IntAlu :  D=0x0000000000000030
1475000: system.cpu: T0 : 0x1c754    : beq a0, zero, 988          : IntAlu : 
1475500: system.cpu: T0 : 0x1c758    : ld a4, -1376(gp)           : MemRead :  D=0x0000000000000080 A=0x70ac8
1476000: system.cpu: T0 : 0x1c75c    : srliw s9, s0, 4            : IntAlu :  D=0x0000000000000003
1476500: system.cpu: T0 : 0x1c760    : srliw a5, s0, 4            : IntAlu :  D=0x0000000000000003
1477000: system.cpu: T0 : 0x1c764    : bgeu a4, s0, 506           : IntAlu : 
1477500: system.cpu: T0 : 0x1c95e    : c_addiw a5, -2             : IntAlu :  D=0x0000000000000001
1478000: system.cpu: T0 : 0x1c960    : slli a2, a5, 32            : IntAlu :  D=0x0000000100000000
1478500: system.cpu: T0 : 0x1c964    : c_srli a2, 32              : IntAlu :  D=0x0000000000000001
1479000: system.cpu: T0 : 0x1c966    : c_addi a2, 2               : IntAlu :  D=0x0000000000000003
1479500: system.cpu: T0 : 0x1c968    : c_slli a2, 3               : IntAlu :  D=0x0000000000000018
1480000: system.cpu: T0 : 0x1c96a    : c_j -376                   : IntAlu : 
1480500: system.cpu: T0 : 0x1c7f2    : c_slli a5, 32              : IntAlu :  D=0x0000000100000000
1481000: system.cpu: T0 : 0x1c7f4    : c_srli a5, 29              : IntAlu :  D=0x0000000000000008
1481500: system.cpu: T0 : 0x1c7f6    : c_add a5, s1               : IntAlu :  D=0x000000000006f5d0
1482000: system.cpu: T0 : 0x1c7f8    : ld s2, 16(a5)              : MemRead :  D=0x0000000000000000 A=0x6f5e0
1482500: system.cpu: T0 : 0x1c7fc    : beq s2, zero, 170          : IntAlu : 
1483500: system.cpu: T0 : 0x1c8a6    : addiw a5, s9, -1           : IntAlu :  D=0x0000000000000002
1484500: system.cpu: T0 : 0x1c8aa    : slliw a5, a5, 1            : IntAlu :  D=0x0000000000000004
1485000: system.cpu: T0 : 0x1c8ae    : c_slli a5, 32              : IntAlu :  D=0x0000000400000000
1485500: system.cpu: T0 : 0x1c8b0    : c_srli a5, 32              : IntAlu :  D=0x0000000000000004
1486000: system.cpu: T0 : 0x1c8b2    : c_addi a5, 14              : IntAlu :  D=0x0000000000000012
1486500: system.cpu: T0 : 0x1c8b4    : c_slli a5, 3               : IntAlu :  D=0x0000000000000090
1487000: system.cpu: T0 : 0x1c8b6    : c_j -550                   : IntAlu : 
1487500: system.cpu: T0 : 0x1c690    : c_add a5, s1               : IntAlu :  D=0x000000000006f658
1488500: system.cpu: T0 : 0x1c692    : ld s2, 8(a5)               : MemRead :  D=0x000000000006f648 A=0x6f660
1489500: system.cpu: T0 : 0x1c696    : addi a3, a5, -16           : IntAlu :  D=0x000000000006f648
1490500: system.cpu: T0 : 0x1c69a    : beq a3, s2, 748            : IntAlu : 
1491500: system.cpu: T0 : 0x1c986    : srli t1, s0, 9             : IntAlu :  D=0x0000000000000000
1492500: system.cpu: T0 : 0x1c98a    : addiw a5, t1, 91           : IntAlu :  D=0x000000000000005b
1493500: system.cpu: T0 : 0x1c98e    : srli s10, s0, 6            : IntAlu :  D=0x0000000000000000
1494000: system.cpu: T0 : 0x1c992    : c_sdsp a5, 96(sp)          : MemWrite :  D=0x000000000000005b A=0x7ffffffffffffb60
1494500: system.cpu: T0 : 0x1c994    : addiw a5, s10, 48          : IntAlu :  D=0x0000000000000030
1495000: system.cpu: T0 : 0x1c998    : c_sdsp a5, 88(sp)          : MemWrite :  D=0x0000000000000030 A=0x7ffffffffffffb58
1496000: system.cpu: T0 : 0x1c99a    : addi a5, zero, 110         : IntAlu :  D=0x000000000000006e
1496500: system.cpu: T0 : 0x1c99e    : c_sdsp a5, 112(sp)         : MemWrite :  D=0x000000000000006e A=0x7ffffffffffffb70
1497000: system.cpu: T0 : 0x1c9a0    : addi a5, zero, 119         : IntAlu :  D=0x0000000000000077
1497500: system.cpu: T0 : 0x1c9a4    : c_sdsp a5, 104(sp)         : MemWrite :  D=0x0000000000000077 A=0x7ffffffffffffb68
1498500: system.cpu: T0 : 0x1c9a6    : addi a5, zero, 124         : IntAlu :  D=0x000000000000007c
1499000: system.cpu: T0 : 0x1c9aa    : c_sdsp s9, 8(sp)           : MemWrite :  D=0x0000000000000003 A=0x7ffffffffffffb08
1499500: system.cpu: T0 : 0x1c9ac    : c_sdsp a5, 120(sp)         : MemWrite :  D=0x000000000000007c A=0x7ffffffffffffb78
1500000: system.cpu: T0 : 0x1c9ae    : c_sdsp zero, 128(sp)       : MemWrite :  D=0x0000000000000000 A=0x7ffffffffffffb80
1500500: system.cpu: T0 : 0x1c9b0    : c_sdsp zero, 136(sp)       : MemWrite :  D=0x0000000000000000 A=0x7ffffffffffffb88
1501500: system.cpu: T0 : 0x1c9b2    : ld a5, 40(tp)              : MemRead :  D=0x0000000000072f90 A=0x72738
1502500: system.cpu: T0 : 0x1c9b6    : addi s6, s0, -17           : IntAlu :  D=0x000000000000001f
1503500: system.cpu: T0 : 0x1c9ba    : srli s6, s6, 4             : IntAlu :  D=0x0000000000000001
1504000: system.cpu: T0 : 0x1c9be    : c_li s5, 0                 : IntAlu :  D=0x0000000000000000
1504500: system.cpu: T0 : 0x1c9c0    : c_beqz a5, 22              : IntAlu : 
1505500: system.cpu: T0 : 0x1c9c2    : lui a5, 111                : IntAlu :  D=0x000000000006f000
1506500: system.cpu: T0 : 0x1c9c6    : ld s5, 1448(a5)            : MemRead :  D=0x0000000000000040 A=0x6f5a8
1507500: system.cpu: T0 : 0x1c9ca    : sltu s5, s6, s5            : IntAlu :  D=0x0000000000000001
1508500: system.cpu: T0 : 0x1c9ce    : sub s5, zero, s5           : IntAlu :  D=0xffffffffffffffff
1509500: system.cpu: T0 : 0x1c9d2    : and s5, s0, s5             : IntAlu :  D=0x0000000000000030
1510500: system.cpu: T0 : 0x1c9d6    : lui a5, 111                : IntAlu :  D=0x000000000006f000
1511000: system.cpu: T0 : 0x1c9da    : c_lui s11, 1               : IntAlu :  D=0x0000000000001000
1511500: system.cpu: T0 : 0x1c9dc    : lui s7, 111                : IntAlu :  D=0x000000000006f000
1512000: system.cpu: T0 : 0x1c9e0    : addi a5, a5, 1480          : IntAlu :  D=0x000000000006f5c8
1512500: system.cpu: T0 : 0x1c9e4    : addi s8, s1, 96            : IntAlu :  D=0x000000000006f628
1513000: system.cpu: T0 : 0x1c9e8    : c_li t5, 0                 : IntAlu :  D=0x0000000000000000
1514000: system.cpu: T0 : 0x1c9ea    : addi s7, s7, 1368          : IntAlu :  D=0x000000000006f558
1515000: system.cpu: T0 : 0x1c9ee    : add a7, s1, s11            : IntAlu :  D=0x00000000000705c8
1515500: system.cpu: T0 : 0x1c9f2    : c_sdsp a5, 56(sp)          : MemWrite :  D=0x000000000006f5c8 A=0x7ffffffffffffb38
1516000: system.cpu: T0 : 0x1c9f4    : c_ld a5, 120(s1)           : MemRead :  D=0x000000000006f628 A=0x6f640
1517000: system.cpu: T0 : 0x1c9f6    : beq a5, s8, 532            : IntAlu : 
1518000: system.cpu: T0 : 0x1cc0a    : addi a5, zero, 1023        : IntAlu :  D=0x00000000000003ff
1519000: system.cpu: T0 : 0x1cc0e    : bgeu a5, s0, 38            : IntAlu : 
1519500: system.cpu: T0 : 0x1cc34    : c_ldsp a3, 8(sp)           : MemRead :  D=0x0000000000000003 A=0x7ffffffffffffb08
1520000: system.cpu: T0 : 0x1cc36    : c_li a0, 4                 : IntAlu :  D=0x0000000000000004
1520500: system.cpu: T0 : 0x1cc38    : addiw a5, a3, 1            : IntAlu :  D=0x0000000000000004
1521000: system.cpu: T0 : 0x1cc3c    : srliw a4, a5, 5            : IntAlu :  D=0x0000000000000000
1521500: system.cpu: T0 : 0x1cc40    : slliw a3, a3, 1            : IntAlu :  D=0x0000000000000006
1522000: system.cpu: T0 : 0x1cc44    : addi a4, a4, 536           : IntAlu :  D=0x0000000000000218
1522500: system.cpu: T0 : 0x1cc48    : c_slli a3, 32              : IntAlu :  D=0x0000000600000000
1523000: system.cpu: T0 : 0x1cc4a    : c_slli a4, 2               : IntAlu :  D=0x0000000000000860
1523500: system.cpu: T0 : 0x1cc4c    : c_srli a3, 32              : IntAlu :  D=0x0000000000000006
1524000: system.cpu: T0 : 0x1cc4e    : c_add a4, s1               : IntAlu :  D=0x000000000006fe28
1524500: system.cpu: T0 : 0x1cc50    : c_slli a3, 3               : IntAlu :  D=0x0000000000000030
1525000: system.cpu: T0 : 0x1cc52    : c_lw a2, 0(a4)             : MemRead :  D=0x0000000000000000 A=0x6fe28
1525500: system.cpu: T0 : 0x1cc54    : addi a3, a3, 96            : IntAlu :  D=0x0000000000000090
1526000: system.cpu: T0 : 0x1cc58    : c_li a4, 1                 : IntAlu :  D=0x0000000000000001
1527000: system.cpu: T0 : 0x1cc5a    : srliw s2, a5, 5            : IntAlu :  D=0x0000000000000000
1527500: system.cpu: T0 : 0x1cc5e    : c_add a3, s1               : IntAlu :  D=0x000000000006f658
1528000: system.cpu: T0 : 0x1cc60    : sllw a5, a4, a5            : IntAlu :  D=0x0000000000000010
1528500: system.cpu: T0 : 0x1cc64    : bltu a2, a5, 144           : IntAlu : 
1529000: system.cpu: T0 : 0x1ccf4    : addiw a5, s2, 1            : IntAlu :  D=0x0000000000000001
1529500: system.cpu: T0 : 0x1ccf8    : addiw s2, a5, 0            : IntAlu :  D=0x0000000000000001
1530000: system.cpu: T0 : 0x1ccfc    : bne s2, a0, -26            : IntAlu : 
1530500: system.cpu: T0 : 0x1cce2    : c_slli a5, 32              : IntAlu :  D=0x0000000100000000
1531000: system.cpu: T0 : 0x1cce4    : c_srli a5, 32              : IntAlu :  D=0x0000000000000001
1532000: system.cpu: T0 : 0x1cce6    : addi a5, a5, 536           : IntAlu :  D=0x0000000000000219
1532500: system.cpu: T0 : 0x1ccea    : c_slli a5, 2               : IntAlu :  D=0x0000000000000864
1533000: system.cpu: T0 : 0x1ccec    : c_add a5, s1               : IntAlu :  D=0x000000000006fe2c
1533500: system.cpu: T0 : 0x1ccee    : c_lw a2, 0(a5)             : MemRead :  D=0x0000000000000000 A=0x6fe2c
1534000: system.cpu: T0 : 0x1ccf0    : bne a2, zero, 384          : IntAlu : 
1534500: system.cpu: T0 : 0x1ccf4    : addiw a5, s2, 1            : IntAlu :  D=0x0000000000000002
1535000: system.cpu: T0 : 0x1ccf8    : addiw s2, a5, 0            : IntAlu :  D=0x0000000000000002
1535500: system.cpu: T0 : 0x1ccfc    : bne s2, a0, -26            : IntAlu : 
1536000: system.cpu: T0 : 0x1cce2    : c_slli a5, 32              : IntAlu :  D=0x0000000200000000
1536500: system.cpu: T0 : 0x1cce4    : c_srli a5, 32              : IntAlu :  D=0x0000000000000002
1537500: system.cpu: T0 : 0x1cce6    : addi a5, a5, 536           : IntAlu :  D=0x000000000000021a
1538000: system.cpu: T0 : 0x1ccea    : c_slli a5, 2               : IntAlu :  D=0x0000000000000868
1538500: system.cpu: T0 : 0x1ccec    : c_add a5, s1               : IntAlu :  D=0x000000000006fe30
1539000: system.cpu: T0 : 0x1ccee    : c_lw a2, 0(a5)             : MemRead :  D=0x0000000000000000 A=0x6fe30
1539500: system.cpu: T0 : 0x1ccf0    : bne a2, zero, 384          : IntAlu : 
1540000: system.cpu: T0 : 0x1ccf4    : addiw a5, s2, 1            : IntAlu :  D=0x0000000000000003
1540500: system.cpu: T0 : 0x1ccf8    : addiw s2, a5, 0            : IntAlu :  D=0x0000000000000003
1541000: system.cpu: T0 : 0x1ccfc    : bne s2, a0, -26            : IntAlu : 
1541500: system.cpu: T0 : 0x1cce2    : c_slli a5, 32              : IntAlu :  D=0x0000000300000000
1542000: system.cpu: T0 : 0x1cce4    : c_srli a5, 32              : IntAlu :  D=0x0000000000000003
1543000: system.cpu: T0 : 0x1cce6    : addi a5, a5, 536           : IntAlu :  D=0x000000000000021b
1543500: system.cpu: T0 : 0x1ccea    : c_slli a5, 2               : IntAlu :  D=0x000000000000086c
1544000: system.cpu: T0 : 0x1ccec    : c_add a5, s1               : IntAlu :  D=0x000000000006fe34
1544500: system.cpu: T0 : 0x1ccee    : c_lw a2, 0(a5)             : MemRead :  D=0x0000000000000000 A=0x6fe34
1545000: system.cpu: T0 : 0x1ccf0    : bne a2, zero, 384          : IntAlu : 
1545500: system.cpu: T0 : 0x1ccf4    : addiw a5, s2, 1            : IntAlu :  D=0x0000000000000004
1546000: system.cpu: T0 : 0x1ccf8    : addiw s2, a5, 0            : IntAlu :  D=0x0000000000000004
1546500: system.cpu: T0 : 0x1ccfc    : bne s2, a0, -26            : IntAlu : 
1547000: system.cpu: T0 : 0x1cd00    : c_ld a4, 96(s1)            : MemRead :  D=0x0000000000073210 A=0x6f628
1548000: system.cpu: T0 : 0x1cd02    : ld a3, -1912(a7)           : MemRead :  D=0x0000000000021080 A=0x6fe50
1548500: system.cpu: T0 : 0x1cd06    : c_ld a5, 8(a4)             : MemRead :  D=0x0000000000020df1 A=0x73218
1549000: system.cpu: T0 : 0x1cd08    : c_andi a5, 18446744073709551608 : IntAlu :  D=0x0000000000020df0
1550000: system.cpu: T0 : 0x1cd0a    : bltu a3, a5, 548           : IntAlu : 
1551000: system.cpu: T0 : 0x1cd0e    : addi a3, s0, 32            : IntAlu :  D=0x0000000000000050
1552000: system.cpu: T0 : 0x1cd12    : bgeu a5, a3, 640           : IntAlu : 
1553000: system.cpu: T0 : 0x1cf92    : add a0, a4, s0             : IntAlu :  D=0x0000000000073240
1554000: system.cpu: T0 : 0x1cf96    : lui a2, 111                : IntAlu :  D=0x000000000006f000
1554500: system.cpu: T0 : 0x1cf9a    : c_sd a0, 96(s1)            : MemWrite :  D=0x0000000000073240 A=0x6f628
1555000: system.cpu: T0 : 0x1cf9c    : addi a2, a2, 1480          : IntAlu :  D=0x000000000006f5c8
1555500: system.cpu: T0 : 0x1cfa0    : c_sub a5, s0               : IntAlu :  D=0x0000000000020dc0
1556000: system.cpu: T0 : 0x1cfa2    : c_li a3, 4                 : IntAlu :  D=0x0000000000000004
1556500: system.cpu: T0 : 0x1cfa4    : beq s1, a2, 116            : IntAlu : 
1557000: system.cpu: T0 : 0x1d018    : c_li a3, 0                 : IntAlu :  D=0x0000000000000000
1557500: system.cpu: T0 : 0x1d01a    : c_j -114                   : IntAlu : 
1558000: system.cpu: T0 : 0x1cfa8    : c_or a3, s0                : IntAlu :  D=0x0000000000000030
1559000: system.cpu: T0 : 0x1cfaa    : ori a3, a3, 1              : IntAlu :  D=0x0000000000000031
1560000: system.cpu: T0 : 0x1cfae    : lw a1, -1396(gp)           : MemRead :  D=0x0000000000000000 A=0x70ab4
1560500: system.cpu: T0 : 0x1cfb2    : c_sd a3, 8(a4)             : MemWrite :  D=0x0000000000000031 A=0x73218
1561000: system.cpu: T0 : 0x1cfb4    : ori a5, a5, 1              : IntAlu :  D=0x0000000000020dc1
1561500: system.cpu: T0 : 0x1cfb8    : c_sd a5, 8(a0)             : MemWrite :  D=0x0000000000020dc1 A=0x73248
1562500: system.cpu: T0 : 0x1cfba    : addi s2, a4, 16            : IntAlu :  D=0x0000000000073220
1563500: system.cpu: T0 : 0x1cfbe    : beq a1, zero, -1664        : IntAlu : 
1564000: system.cpu: T0 : 0x1c93e    : c_ldsp ra, 248(sp)         : MemRead :  D=0x000000000001dabc A=0x7ffffffffffffbf8
1564500: system.cpu: T0 : 0x1c940    : c_ldsp s0, 240(sp)         : MemRead :  D=0x0000000000000024 A=0x7ffffffffffffbf0
1565000: system.cpu: T0 : 0x1c942    : c_ldsp s1, 232(sp)         : MemRead :  D=0x000000000006f000 A=0x7ffffffffffffbe8
1565500: system.cpu: T0 : 0x1c944    : c_ldsp s3, 216(sp)         : MemRead :  D=0x0000000000000000 A=0x7ffffffffffffbd8
1566000: system.cpu: T0 : 0x1c946    : c_ldsp s4, 208(sp)         : MemRead :  D=0x0000000000000000 A=0x7ffffffffffffbd0
1566500: system.cpu: T0 : 0x1c948    : c_ldsp s5, 200(sp)         : MemRead :  D=0x0000000000000000 A=0x7ffffffffffffbc8
1567000: system.cpu: T0 : 0x1c94a    : c_ldsp s6, 192(sp)         : MemRead :  D=0x0000000000072000 A=0x7ffffffffffffbc0
1567500: system.cpu: T0 : 0x1c94c    : c_ldsp s7, 184(sp)         : MemRead :  D=0x0000000000000000 A=0x7ffffffffffffbb8
1568000: system.cpu: T0 : 0x1c94e    : c_ldsp s8, 176(sp)         : MemRead :  D=0x0000000000000000 A=0x7ffffffffffffbb0
1568500: system.cpu: T0 : 0x1c950    : c_ldsp s9, 168(sp)         : MemRead :  D=0x0000000000000003 A=0x7ffffffffffffba8
1569000: system.cpu: T0 : 0x1c952    : c_ldsp s10, 160(sp)        : MemRead :  D=0x0000000000000000 A=0x7ffffffffffffba0
1569500: system.cpu: T0 : 0x1c954    : c_ldsp s11, 152(sp)        : MemRead :  D=0x0000000000000000 A=0x7ffffffffffffb98
1570000: system.cpu: T0 : 0x1c956    : c_mv a0, s2                : IntAlu :  D=0x0000000000073220
1570500: system.cpu: T0 : 0x1c958    : c_ldsp s2, 224(sp)         : MemRead :  D=0x0000000000000002 A=0x7ffffffffffffbe0
1571000: system.cpu: T0 : 0x1c95a    : c_addi16sp sp, 256         : IntAlu :  D=0x7ffffffffffffc00
1571500: system.cpu: T0 : 0x1c95c    : c_jr ra                    : IntAlu : 
1572000: system.cpu: T0 : 0x1dabc    : c_mv a5, a0                : IntAlu :  D=0x0000000000073220
1572500: system.cpu: T0 : 0x1dabe    : c_beqz a0, 150             : IntAlu : 
1573000: system.cpu: T0 : 0x1dac0    : ld a4, -8(a0)              : MemRead :  D=0x0000000000000031 A=0x73218
1573500: system.cpu: T0 : 0x1dac4    : andi a3, a4, 2             : IntAlu :  D=0x0000000000000000
1574000: system.cpu: T0 : 0x1dac8    : c_bnez a3, 26              : IntAlu : 
1574500: system.cpu: T0 : 0x1daca    : c_andi a4, 4               : IntAlu :  D=0x0000000000000000
1575000: system.cpu: T0 : 0x1dacc    : c_beqz a4, 22              : IntAlu : 
1575500: system.cpu: T0 : 0x1dae2    : c_ldsp ra, 24(sp)          : MemRead :  D=0x000000000003db46 A=0x7ffffffffffffc18
1576000: system.cpu: T0 : 0x1dae4    : c_ldsp s0, 16(sp)          : MemRead :  D=0x7ffffffffffffcf0 A=0x7ffffffffffffc10
1576500: system.cpu: T0 : 0x1dae6    : c_ldsp s1, 8(sp)           : MemRead :  D=0x7ffffffffffffc20 A=0x7ffffffffffffc08
1577000: system.cpu: T0 : 0x1dae8    : c_ldsp s2, 0(sp)           : MemRead :  D=0x0000000000000002 A=0x7ffffffffffffc00
1577500: system.cpu: T0 : 0x1daea    : c_mv a0, a5                : IntAlu :  D=0x0000000000073220
1578000: system.cpu: T0 : 0x1daec    : c_addi16sp sp, 32          : IntAlu :  D=0x7ffffffffffffc20
1578500: system.cpu: T0 : 0x1daee    : c_jr ra                    : IntAlu : 
1579000: system.cpu: T0 : 0x3db46    : c_mv s6, a0                : IntAlu :  D=0x0000000000073220
1579500: system.cpu: T0 : 0x3db48    : addi a5, s9, 1             : IntAlu :  D=0x0000000000000004
1580000: system.cpu: T0 : 0x3db4c    : c_bnez a0, 64              : IntAlu : 
1580500: system.cpu: T0 : 0x3db8c    : c_ld a1, 0(s1)             : MemRead :  D=0x0000000000061f20 A=0x7ffffffffffffc20
1581500: system.cpu: T0 : 0x3db8e    : addi a0, a0, 32            : IntAlu :  D=0x0000000000073240
1582500: system.cpu: T0 : 0x3db92    : sd a5, 8(s6)               : MemWrite :  D=0x0000000000000004 A=0x73228
1583500: system.cpu: T0 : 0x3db96    : sd a0, 0(s6)               : MemWrite :  D=0x0000000000073240 A=0x73220
1584500: system.cpu: T0 : 0x3db9a    : sd a0, 16(s6)              : MemWrite :  D=0x0000000000073240 A=0x73230
1585500: system.cpu: T0 : 0x3db9e    : sd zero, 24(s6)            : MemWrite :  D=0x0000000000000000 A=0x73238
1586000: system.cpu: T0 : 0x3dba2    : c_mv a2, s9                : IntAlu :  D=0x0000000000000003
1586500: system.cpu: T0 : 0x3dba4    : jal ra, -123064            : IntAlu :  D=0x000000000003dba8
1587000: system.cpu: T0 : 0x1faec    : c_addi sp, -16             : IntAlu :  D=0x7ffffffffffffc10
1587500: system.cpu: T0 : 0x1faee    : c_sdsp s0, 0(sp)           : MemWrite :  D=0x7ffffffffffffcf0 A=0x7ffffffffffffc10
1588000: system.cpu: T0 : 0x1faf0    : c_sdsp ra, 8(sp)           : MemWrite :  D=0x000000000003dba8 A=0x7ffffffffffffc18
1588500: system.cpu: T0 : 0x1faf2    : c_mv s0, a2                : IntAlu :  D=0x0000000000000003
1589000: system.cpu: T0 : 0x1faf4    : jal ra, 112                : IntAlu :  D=0x000000000001faf8
1589500: system.cpu: T0 : 0x1fb64    : c_addi16sp sp, -48         : IntAlu :  D=0x7ffffffffffffbe0
1590000: system.cpu: T0 : 0x1fb66    : c_sdsp s0, 32(sp)          : MemWrite :  D=0x0000000000000003 A=0x7ffffffffffffc00
1590500: system.cpu: T0 : 0x1fb68    : c_sdsp s2, 16(sp)          : MemWrite :  D=0x0000000000000002 A=0x7ffffffffffffbf0
1591000: system.cpu: T0 : 0x1fb6a    : c_sdsp ra, 40(sp)          : MemWrite :  D=0x000000000001faf8 A=0x7ffffffffffffc08
1591500: system.cpu: T0 : 0x1fb6c    : c_sdsp s1, 24(sp)          : MemWrite :  D=0x7ffffffffffffc20 A=0x7ffffffffffffbf8
1592000: system.cpu: T0 : 0x1fb6e    : c_sdsp s3, 8(sp)           : MemWrite :  D=0x0000000000000000 A=0x7ffffffffffffbe8
1592500: system.cpu: T0 : 0x1fb70    : c_li a5, 15                : IntAlu :  D=0x000000000000000f
1593000: system.cpu: T0 : 0x1fb72    : c_mv s2, a0                : IntAlu :  D=0x0000000000073240
1593500: system.cpu: T0 : 0x1fb74    : c_mv a4, a0                : IntAlu :  D=0x0000000000073240
1594000: system.cpu: T0 : 0x1fb76    : c_mv s0, a1                : IntAlu :  D=0x0000000000061f20
1594500: system.cpu: T0 : 0x1fb78    : bgeu a5, a2, 72            : IntAlu : 
1595000: system.cpu: T0 : 0x1fbc0    : c_addi a4, -1              : IntAlu :  D=0x000000000007323f
1595500: system.cpu: T0 : 0x1fbc2    : c_mv a5, s0                : IntAlu :  D=0x0000000000061f20
1596000: system.cpu: T0 : 0x1fbc4    : add a1, a2, s0             : IntAlu :  D=0x0000000000061f23
1596500: system.cpu: T0 : 0x1fbc8    : c_sub a4, s0               : IntAlu :  D=0x000000000001131f
1597000: system.cpu: T0 : 0x1fbca    : c_beqz a2, 20              : IntAlu : 
1597500: system.cpu: T0 : 0x1fbcc    : lbu a2, 0(a5)              : MemRead :  D=0x0000000000000074 A=0x61f20
1598000: system.cpu: T0 : 0x1fbd0    : c_addi a5, 1               : IntAlu :  D=0x0000000000061f21
1599000: system.cpu: T0 : 0x1fbd2    : add a3, a4, a5             : IntAlu :  D=0x0000000000073240
1600000: system.cpu: T0 : 0x1fbd6    : sb a2, 0(a3)               : MemWrite :  D=0x0000000000000074 A=0x73240
1601000: system.cpu: T0 : 0x1fbda    : bne a1, a5, -14            : IntAlu : 
1601500: system.cpu: T0 : 0x1fbcc    : lbu a2, 0(a5)              : MemRead :  D=0x000000000000006c A=0x61f21
1602000: system.cpu: T0 : 0x1fbd0    : c_addi a5, 1               : IntAlu :  D=0x0000000000061f22
1603000: system.cpu: T0 : 0x1fbd2    : add a3, a4, a5             : IntAlu :  D=0x0000000000073241
1604000: system.cpu: T0 : 0x1fbd6    : sb a2, 0(a3)               : MemWrite :  D=0x000000000000006c A=0x73241
1605000: system.cpu: T0 : 0x1fbda    : bne a1, a5, -14            : IntAlu : 
1605500: system.cpu: T0 : 0x1fbcc    : lbu a2, 0(a5)              : MemRead :  D=0x0000000000000073 A=0x61f22
1606000: system.cpu: T0 : 0x1fbd0    : c_addi a5, 1               : IntAlu :  D=0x0000000000061f23
1607000: system.cpu: T0 : 0x1fbd2    : add a3, a4, a5             : IntAlu :  D=0x0000000000073242
1608000: system.cpu: T0 : 0x1fbd6    : sb a2, 0(a3)               : MemWrite :  D=0x0000000000000073 A=0x73242
1609000: system.cpu: T0 : 0x1fbda    : bne a1, a5, -14            : IntAlu : 
1609500: system.cpu: T0 : 0x1fbde    : c_ldsp ra, 40(sp)          : MemRead :  D=0x000000000001faf8 A=0x7ffffffffffffc08
1610000: system.cpu: T0 : 0x1fbe0    : c_ldsp s0, 32(sp)          : MemRead :  D=0x0000000000000003 A=0x7ffffffffffffc00
1610500: system.cpu: T0 : 0x1fbe2    : c_ldsp s1, 24(sp)          : MemRead :  D=0x7ffffffffffffc20 A=0x7ffffffffffffbf8
1611000: system.cpu: T0 : 0x1fbe4    : c_ldsp s3, 8(sp)           : MemRead :  D=0x0000000000000000 A=0x7ffffffffffffbe8
1611500: system.cpu: T0 : 0x1fbe6    : c_mv a0, s2                : IntAlu :  D=0x0000000000073240
1612000: system.cpu: T0 : 0x1fbe8    : c_ldsp s2, 16(sp)          : MemRead :  D=0x0000000000000002 A=0x7ffffffffffffbf0
1612500: system.cpu: T0 : 0x1fbea    : c_addi16sp sp, 48          : IntAlu :  D=0x7ffffffffffffc10
1613000: system.cpu: T0 : 0x1fbec    : c_jr ra                    : IntAlu : 
1613500: system.cpu: T0 : 0x1faf8    : c_ldsp ra, 8(sp)           : MemRead :  D=0x000000000003dba8 A=0x7ffffffffffffc18
1614000: system.cpu: T0 : 0x1fafa    : c_add a0, s0               : IntAlu :  D=0x0000000000073243
1614500: system.cpu: T0 : 0x1fafc    : c_ldsp s0, 0(sp)           : MemRead :  D=0x7ffffffffffffcf0 A=0x7ffffffffffffc10
1615000: system.cpu: T0 : 0x1fafe    : c_addi sp, 16              : IntAlu :  D=0x7ffffffffffffc20
1615500: system.cpu: T0 : 0x1fb00    : c_jr ra                    : IntAlu : 
1616000: system.cpu: T0 : 0x3dba8    : ld a4, -136(s0)            : MemRead :  D=0x000000000006efd0 A=0x7ffffffffffffc68
1616500: system.cpu: T0 : 0x3dbac    : addi a5, zero, 47          : IntAlu :  D=0x000000000000002f
1617000: system.cpu: T0 : 0x3dbb0    : sb a5, 0(a0)               : MemWrite :  D=0x000000000000002f A=0x73243
1617500: system.cpu: T0 : 0x3dbb4    : sd s2, 0(a4)               : MemWrite :  D=0x0000000000000002 A=0x6efd0
1618000: system.cpu: T0 : 0x3dbb8    : ld a5, 8(s6)               : MemRead :  D=0x0000000000000004 A=0x73228
1618500: system.cpu: T0 : 0x3dbbc    : ld a4, -160(s0)            : MemRead :  D=0x000000000006efc8 A=0x7ffffffffffffc50
1619000: system.cpu: T0 : 0x3dbc0    : c_sd a5, 0(a4)             : MemWrite :  D=0x0000000000000004 A=0x6efc8
1619500: system.cpu: T0 : 0x3dbc2    : c_j -178                   : IntAlu : 
1620000: system.cpu: T0 : 0x3db10    : addi sp, s0, -192          : IntAlu :  D=0x7ffffffffffffc30
1620500: system.cpu: T0 : 0x3db14    : c_ldsp ra, 184(sp)         : MemRead :  D=0x000000000003b080 A=0x7ffffffffffffce8
1621000: system.cpu: T0 : 0x3db16    : c_mv a0, s6                : IntAlu :  D=0x0000000000073220
1621500: system.cpu: T0 : 0x3db18    : c_ldsp s0, 176(sp)         : MemRead :  D=0x7ffffffffffffd30 A=0x7ffffffffffffce0
1622000: system.cpu: T0 : 0x3db1a    : c_ldsp s1, 168(sp)         : MemRead :  D=0x000000000006fe60 A=0x7ffffffffffffcd8
1622500: system.cpu: T0 : 0x3db1c    : c_ldsp s2, 160(sp)         : MemRead :  D=0x0000000000000000 A=0x7ffffffffffffcd0
1623000: system.cpu: T0 : 0x3db1e    : c_ldsp s3, 152(sp)         : MemRead :  D=0x000000000006efc0 A=0x7ffffffffffffcc8
1623500: system.cpu: T0 : 0x3db20    : c_ldsp s4, 144(sp)         : MemRead :  D=0x0000000000070000 A=0x7ffffffffffffcc0
1624000: system.cpu: T0 : 0x3db22    : c_ldsp s5, 136(sp)         : MemRead :  D=0x0000000000072000 A=0x7ffffffffffffcb8
1624500: system.cpu: T0 : 0x3db24    : c_ldsp s6, 128(sp)         : MemRead :  D=0x0000000000072000 A=0x7ffffffffffffcb0
1625000: system.cpu: T0 : 0x3db26    : c_ldsp s7, 120(sp)         : MemRead :  D=0x0000000000000000 A=0x7ffffffffffffca8
1625500: system.cpu: T0 : 0x3db28    : c_ldsp s8, 112(sp)         : MemRead :  D=0x0000000000000000 A=0x7ffffffffffffca0
1626000: system.cpu: T0 : 0x3db2a    : c_ldsp s9, 104(sp)         : MemRead :  D=0x0000000000000000 A=0x7ffffffffffffc98
1626500: system.cpu: T0 : 0x3db2c    : c_ldsp s10, 96(sp)         : MemRead :  D=0x0000000000000000 A=0x7ffffffffffffc90
1627000: system.cpu: T0 : 0x3db2e    : c_ldsp s11, 88(sp)         : MemRead :  D=0x0000000000000000 A=0x7ffffffffffffc88
1627500: system.cpu: T0 : 0x3db30    : c_addi16sp sp, 192         : IntAlu :  D=0x7ffffffffffffcf0
1628000: system.cpu: T0 : 0x3db32    : c_jr ra                    : IntAlu : 
1628500: system.cpu: T0 : 0x3b080    : c_mv a5, a0                : IntAlu :  D=0x0000000000073220
1629500: system.cpu: T0 : 0x3b082    : addi a0, zero, 40          : IntAlu :  D=0x0000000000000028
1630500: system.cpu: T0 : 0x3b086    : sd a5, 24(s3)              : MemWrite :  D=0x0000000000073220 A=0x6efd8
1631500: system.cpu: T0 : 0x3b08a    : jal ra, -120344            : IntAlu :  D=0x000000000003b08e
1632500: system.cpu: T0 : 0x1da72    : ld t1, -1848(gp)           : MemRead :  D=0x0000000000000000 A=0x708f0
1633500: system.cpu: T0 : 0x1da76    : bne t1, zero, 260          : IntAlu : 
1634000: system.cpu: T0 : 0x1da7a    : c_addi sp, -32             : IntAlu :  D=0x7ffffffffffffcd0
1634500: system.cpu: T0 : 0x1da7c    : c_sdsp s0, 16(sp)          : MemWrite :  D=0x7ffffffffffffd30 A=0x7ffffffffffffce0
1635000: system.cpu: T0 : 0x1da7e    : c_sdsp ra, 24(sp)          : MemWrite :  D=0x000000000003b08e A=0x7ffffffffffffce8
1635500: system.cpu: T0 : 0x1da80    : c_sdsp s1, 8(sp)           : MemWrite :  D=0x000000000006fe60 A=0x7ffffffffffffcd8
1636000: system.cpu: T0 : 0x1da82    : c_sdsp s2, 0(sp)           : MemWrite :  D=0x0000000000000000 A=0x7ffffffffffffcd0
1636500: system.cpu: T0 : 0x1da84    : c_mv s0, a0                : IntAlu :  D=0x0000000000000028
1637500: system.cpu: T0 : 0x1da86    : blt a0, zero, 222          : IntAlu : 
1638500: system.cpu: T0 : 0x1da8a    : addi a5, a0, 23            : IntAlu :  D=0x000000000000003f
1639000: system.cpu: T0 : 0x1da8e    : c_li a4, 31                : IntAlu :  D=0x000000000000001f
1639500: system.cpu: T0 : 0x1da90    : c_li s1, 0                 : IntAlu :  D=0x0000000000000000
1640500: system.cpu: T0 : 0x1da92    : bltu a4, a5, 94            : IntAlu : 
1641000: system.cpu: T0 : 0x1daf0    : c_andi a5, 18446744073709551600 : IntAlu :  D=0x0000000000000030
1641500: system.cpu: T0 : 0x1daf2    : c_addi a5, -17             : IntAlu :  D=0x000000000000001f
1642000: system.cpu: T0 : 0x1daf4    : srli s1, a5, 4             : IntAlu :  D=0x0000000000000001
1642500: system.cpu: T0 : 0x1daf8    : c_j -98                    : IntAlu : 
1643500: system.cpu: T0 : 0x1da96    : ld a4, 40(tp)              : MemRead :  D=0x0000000000072f90 A=0x72738
1644000: system.cpu: T0 : 0x1da9a    : c_beqz a4, 96              : IntAlu : 
1644500: system.cpu: T0 : 0x1da9c    : lui a5, 111                : IntAlu :  D=0x000000000006f000
1645000: system.cpu: T0 : 0x1daa0    : ld a5, 1448(a5)            : MemRead :  D=0x0000000000000040 A=0x6f5a8
1645500: system.cpu: T0 : 0x1daa4    : bltu s1, a5, 114           : IntAlu : 
1646500: system.cpu: T0 : 0x1db16    : slli a3, s1, 1             : IntAlu :  D=0x0000000000000002
1647000: system.cpu: T0 : 0x1db1a    : c_add a3, a4               : IntAlu :  D=0x0000000000072f92
1647500: system.cpu: T0 : 0x1db1c    : lhu a2, 0(a3)              : MemRead :  D=0x0000000000000000 A=0x72f92
1648000: system.cpu: T0 : 0x1db20    : c_beqz a2, -120            : IntAlu : 
1648500: system.cpu: T0 : 0x1daa8    : lw a5, -1808(tp)           : MemRead :  D=0x0000000000000000 A=0x72000
1649000: system.cpu: T0 : 0x1daac    : c_bnez a5, 210             : IntAlu : 
1650000: system.cpu: T0 : 0x1daae    : lui s1, 111                : IntAlu :  D=0x000000000006f000
1650500: system.cpu: T0 : 0x1dab2    : c_mv a1, s0                : IntAlu :  D=0x0000000000000028
1651000: system.cpu: T0 : 0x1dab4    : addi a0, s1, 1480          : IntAlu :  D=0x000000000006f5c8
1651500: system.cpu: T0 : 0x1dab8    : jal ra, -5228              : IntAlu :  D=0x000000000001dabc
1652000: system.cpu: T0 : 0x1c64c    : c_addi16sp sp, -256        : IntAlu :  D=0x7ffffffffffffbd0
1652500: system.cpu: T0 : 0x1c64e    : c_sdsp ra, 248(sp)         : MemWrite :  D=0x000000000001dabc A=0x7ffffffffffffcc8
1653000: system.cpu: T0 : 0x1c650    : c_sdsp s0, 240(sp)         : MemWrite :  D=0x0000000000000028 A=0x7ffffffffffffcc0
1653500: system.cpu: T0 : 0x1c652    : c_sdsp s1, 232(sp)         : MemWrite :  D=0x000000000006f000 A=0x7ffffffffffffcb8
1654000: system.cpu: T0 : 0x1c654    : c_sdsp s2, 224(sp)         : MemWrite :  D=0x0000000000000000 A=0x7ffffffffffffcb0
1654500: system.cpu: T0 : 0x1c656    : c_sdsp s3, 216(sp)         : MemWrite :  D=0x000000000006efc0 A=0x7ffffffffffffca8
1655000: system.cpu: T0 : 0x1c658    : c_sdsp s4, 208(sp)         : MemWrite :  D=0x0000000000070000 A=0x7ffffffffffffca0
1655500: system.cpu: T0 : 0x1c65a    : c_sdsp s5, 200(sp)         : MemWrite :  D=0x0000000000072000 A=0x7ffffffffffffc98
1656000: system.cpu: T0 : 0x1c65c    : c_sdsp s6, 192(sp)         : MemWrite :  D=0x0000000000072000 A=0x7ffffffffffffc90
1656500: system.cpu: T0 : 0x1c65e    : c_sdsp s7, 184(sp)         : MemWrite :  D=0x0000000000000000 A=0x7ffffffffffffc88
1657000: system.cpu: T0 : 0x1c660    : c_sdsp s8, 176(sp)         : MemWrite :  D=0x0000000000000000 A=0x7ffffffffffffc80
1657500: system.cpu: T0 : 0x1c662    : c_sdsp s9, 168(sp)         : MemWrite :  D=0x0000000000000000 A=0x7ffffffffffffc78
1658000: system.cpu: T0 : 0x1c664    : c_sdsp s10, 160(sp)        : MemWrite :  D=0x0000000000000000 A=0x7ffffffffffffc70
1658500: system.cpu: T0 : 0x1c666    : c_sdsp s11, 152(sp)        : MemWrite :  D=0x0000000000000000 A=0x7ffffffffffffc68
1659000: system.cpu: T0 : 0x1c668    : blt a1, zero, 1198         : IntAlu : 
1659500: system.cpu: T0 : 0x1c66c    : addi s0, a1, 23            : IntAlu :  D=0x000000000000003f
1660000: system.cpu: T0 : 0x1c670    : c_li a5, 31                : IntAlu :  D=0x000000000000001f
1660500: system.cpu: T0 : 0x1c672    : c_mv s3, a1                : IntAlu :  D=0x0000000000000028
1661000: system.cpu: T0 : 0x1c674    : c_mv s1, a0                : IntAlu :  D=0x000000000006f5c8
1662000: system.cpu: T0 : 0x1c676    : bltu a5, s0, 220           : IntAlu : 
1662500: system.cpu: T0 : 0x1c752    : c_andi s0, 18446744073709551600 : IntAlu :  D=0x0000000000000030
1663000: system.cpu: T0 : 0x1c754    : beq a0, zero, 988          : IntAlu : 
1663500: system.cpu: T0 : 0x1c758    : ld a4, -1376(gp)           : MemRead :  D=0x0000000000000080 A=0x70ac8
1664000: system.cpu: T0 : 0x1c75c    : srliw s9, s0, 4            : IntAlu :  D=0x0000000000000003
1664500: system.cpu: T0 : 0x1c760    : srliw a5, s0, 4            : IntAlu :  D=0x0000000000000003
1665000: system.cpu: T0 : 0x1c764    : bgeu a4, s0, 506           : IntAlu : 
1665500: system.cpu: T0 : 0x1c95e    : c_addiw a5, -2             : IntAlu :  D=0x0000000000000001
1666000: system.cpu: T0 : 0x1c960    : slli a2, a5, 32            : IntAlu :  D=0x0000000100000000
1666500: system.cpu: T0 : 0x1c964    : c_srli a2, 32              : IntAlu :  D=0x0000000000000001
1667000: system.cpu: T0 : 0x1c966    : c_addi a2, 2               : IntAlu :  D=0x0000000000000003
1667500: system.cpu: T0 : 0x1c968    : c_slli a2, 3               : IntAlu :  D=0x0000000000000018
1668000: system.cpu: T0 : 0x1c96a    : c_j -376                   : IntAlu : 
1668500: system.cpu: T0 : 0x1c7f2    : c_slli a5, 32              : IntAlu :  D=0x0000000100000000
1669000: system.cpu: T0 : 0x1c7f4    : c_srli a5, 29              : IntAlu :  D=0x0000000000000008
1669500: system.cpu: T0 : 0x1c7f6    : c_add a5, s1               : IntAlu :  D=0x000000000006f5d0
1670000: system.cpu: T0 : 0x1c7f8    : ld s2, 16(a5)              : MemRead :  D=0x0000000000000000 A=0x6f5e0
1670500: system.cpu: T0 : 0x1c7fc    : beq s2, zero, 170          : IntAlu : 
1671500: system.cpu: T0 : 0x1c8a6    : addiw a5, s9, -1           : IntAlu :  D=0x0000000000000002
1672500: system.cpu: T0 : 0x1c8aa    : slliw a5, a5, 1            : IntAlu :  D=0x0000000000000004
1673000: system.cpu: T0 : 0x1c8ae    : c_slli a5, 32              : IntAlu :  D=0x0000000400000000
1673500: system.cpu: T0 : 0x1c8b0    : c_srli a5, 32              : IntAlu :  D=0x0000000000000004
1674000: system.cpu: T0 : 0x1c8b2    : c_addi a5, 14              : IntAlu :  D=0x0000000000000012
1674500: system.cpu: T0 : 0x1c8b4    : c_slli a5, 3               : IntAlu :  D=0x0000000000000090
1675000: system.cpu: T0 : 0x1c8b6    : c_j -550                   : IntAlu : 
1675500: system.cpu: T0 : 0x1c690    : c_add a5, s1               : IntAlu :  D=0x000000000006f658
1676500: system.cpu: T0 : 0x1c692    : ld s2, 8(a5)               : MemRead :  D=0x000000000006f648 A=0x6f660
1677500: system.cpu: T0 : 0x1c696    : addi a3, a5, -16           : IntAlu :  D=0x000000000006f648
1678500: system.cpu: T0 : 0x1c69a    : beq a3, s2, 748            : IntAlu : 
1679500: system.cpu: T0 : 0x1c986    : srli t1, s0, 9             : IntAlu :  D=0x0000000000000000
1680500: system.cpu: T0 : 0x1c98a    : addiw a5, t1, 91           : IntAlu :  D=0x000000000000005b
1681500: system.cpu: T0 : 0x1c98e    : srli s10, s0, 6            : IntAlu :  D=0x0000000000000000
1682000: system.cpu: T0 : 0x1c992    : c_sdsp a5, 96(sp)          : MemWrite :  D=0x000000000000005b A=0x7ffffffffffffc30
1682500: system.cpu: T0 : 0x1c994    : addiw a5, s10, 48          : IntAlu :  D=0x0000000000000030
1683000: system.cpu: T0 : 0x1c998    : c_sdsp a5, 88(sp)          : MemWrite :  D=0x0000000000000030 A=0x7ffffffffffffc28
1684000: system.cpu: T0 : 0x1c99a    : addi a5, zero, 110         : IntAlu :  D=0x000000000000006e
1684500: system.cpu: T0 : 0x1c99e    : c_sdsp a5, 112(sp)         : MemWrite :  D=0x000000000000006e A=0x7ffffffffffffc40
1685000: system.cpu: T0 : 0x1c9a0    : addi a5, zero, 119         : IntAlu :  D=0x0000000000000077
1685500: system.cpu: T0 : 0x1c9a4    : c_sdsp a5, 104(sp)         : MemWrite :  D=0x0000000000000077 A=0x7ffffffffffffc38
1686500: system.cpu: T0 : 0x1c9a6    : addi a5, zero, 124         : IntAlu :  D=0x000000000000007c
1687000: system.cpu: T0 : 0x1c9aa    : c_sdsp s9, 8(sp)           : MemWrite :  D=0x0000000000000003 A=0x7ffffffffffffbd8
1687500: system.cpu: T0 : 0x1c9ac    : c_sdsp a5, 120(sp)         : MemWrite :  D=0x000000000000007c A=0x7ffffffffffffc48
1688000: system.cpu: T0 : 0x1c9ae    : c_sdsp zero, 128(sp)       : MemWrite :  D=0x0000000000000000 A=0x7ffffffffffffc50
1688500: system.cpu: T0 : 0x1c9b0    : c_sdsp zero, 136(sp)       : MemWrite :  D=0x0000000000000000 A=0x7ffffffffffffc58
1689500: system.cpu: T0 : 0x1c9b2    : ld a5, 40(tp)              : MemRead :  D=0x0000000000072f90 A=0x72738
1690500: system.cpu: T0 : 0x1c9b6    : addi s6, s0, -17           : IntAlu :  D=0x000000000000001f
1691500: system.cpu: T0 : 0x1c9ba    : srli s6, s6, 4             : IntAlu :  D=0x0000000000000001
1692000: system.cpu: T0 : 0x1c9be    : c_li s5, 0                 : IntAlu :  D=0x0000000000000000
1692500: system.cpu: T0 : 0x1c9c0    : c_beqz a5, 22              : IntAlu : 
1693500: system.cpu: T0 : 0x1c9c2    : lui a5, 111                : IntAlu :  D=0x000000000006f000
1694500: system.cpu: T0 : 0x1c9c6    : ld s5, 1448(a5)            : MemRead :  D=0x0000000000000040 A=0x6f5a8
1695500: system.cpu: T0 : 0x1c9ca    : sltu s5, s6, s5            : IntAlu :  D=0x0000000000000001
1696500: system.cpu: T0 : 0x1c9ce    : sub s5, zero, s5           : IntAlu :  D=0xffffffffffffffff
1697500: system.cpu: T0 : 0x1c9d2    : and s5, s0, s5             : IntAlu :  D=0x0000000000000030
1698500: system.cpu: T0 : 0x1c9d6    : lui a5, 111                : IntAlu :  D=0x000000000006f000
1699000: system.cpu: T0 : 0x1c9da    : c_lui s11, 1               : IntAlu :  D=0x0000000000001000
1699500: system.cpu: T0 : 0x1c9dc    : lui s7, 111                : IntAlu :  D=0x000000000006f000
1700000: system.cpu: T0 : 0x1c9e0    : addi a5, a5, 1480          : IntAlu :  D=0x000000000006f5c8
1700500: system.cpu: T0 : 0x1c9e4    : addi s8, s1, 96            : IntAlu :  D=0x000000000006f628
1701000: system.cpu: T0 : 0x1c9e8    : c_li t5, 0                 : IntAlu :  D=0x0000000000000000
1702000: system.cpu: T0 : 0x1c9ea    : addi s7, s7, 1368          : IntAlu :  D=0x000000000006f558
1703000: system.cpu: T0 : 0x1c9ee    : add a7, s1, s11            : IntAlu :  D=0x00000000000705c8
1703500: system.cpu: T0 : 0x1c9f2    : c_sdsp a5, 56(sp)          : MemWrite :  D=0x000000000006f5c8 A=0x7ffffffffffffc08
1704000: system.cpu: T0 : 0x1c9f4    : c_ld a5, 120(s1)           : MemRead :  D=0x000000000006f628 A=0x6f640
1705000: system.cpu: T0 : 0x1c9f6    : beq a5, s8, 532            : IntAlu : 
1706000: system.cpu: T0 : 0x1cc0a    : addi a5, zero, 1023        : IntAlu :  D=0x00000000000003ff
1707000: system.cpu: T0 : 0x1cc0e    : bgeu a5, s0, 38            : IntAlu : 
1707500: system.cpu: T0 : 0x1cc34    : c_ldsp a3, 8(sp)           : MemRead :  D=0x0000000000000003 A=0x7ffffffffffffbd8
1708000: system.cpu: T0 : 0x1cc36    : c_li a0, 4                 : IntAlu :  D=0x0000000000000004
1708500: system.cpu: T0 : 0x1cc38    : addiw a5, a3, 1            : IntAlu :  D=0x0000000000000004
1709000: system.cpu: T0 : 0x1cc3c    : srliw a4, a5, 5            : IntAlu :  D=0x0000000000000000
1709500: system.cpu: T0 : 0x1cc40    : slliw a3, a3, 1            : IntAlu :  D=0x0000000000000006
1710000: system.cpu: T0 : 0x1cc44    : addi a4, a4, 536           : IntAlu :  D=0x0000000000000218
1710500: system.cpu: T0 : 0x1cc48    : c_slli a3, 32              : IntAlu :  D=0x0000000600000000
1711000: system.cpu: T0 : 0x1cc4a    : c_slli a4, 2               : IntAlu :  D=0x0000000000000860
1711500: system.cpu: T0 : 0x1cc4c    : c_srli a3, 32              : IntAlu :  D=0x0000000000000006
1712000: system.cpu: T0 : 0x1cc4e    : c_add a4, s1               : IntAlu :  D=0x000000000006fe28
1712500: system.cpu: T0 : 0x1cc50    : c_slli a3, 3               : IntAlu :  D=0x0000000000000030
1713000: system.cpu: T0 : 0x1cc52    : c_lw a2, 0(a4)             : MemRead :  D=0x0000000000000000 A=0x6fe28
1713500: system.cpu: T0 : 0x1cc54    : addi a3, a3, 96            : IntAlu :  D=0x0000000000000090
1714000: system.cpu: T0 : 0x1cc58    : c_li a4, 1                 : IntAlu :  D=0x0000000000000001
1715000: system.cpu: T0 : 0x1cc5a    : srliw s2, a5, 5            : IntAlu :  D=0x0000000000000000
1715500: system.cpu: T0 : 0x1cc5e    : c_add a3, s1               : IntAlu :  D=0x000000000006f658
1716000: system.cpu: T0 : 0x1cc60    : sllw a5, a4, a5            : IntAlu :  D=0x0000000000000010
1716500: system.cpu: T0 : 0x1cc64    : bltu a2, a5, 144           : IntAlu : 
1717000: system.cpu: T0 : 0x1ccf4    : addiw a5, s2, 1            : IntAlu :  D=0x0000000000000001
1717500: system.cpu: T0 : 0x1ccf8    : addiw s2, a5, 0            : IntAlu :  D=0x0000000000000001
1718000: system.cpu: T0 : 0x1ccfc    : bne s2, a0, -26            : IntAlu : 
1718500: system.cpu: T0 : 0x1cce2    : c_slli a5, 32              : IntAlu :  D=0x0000000100000000
1719000: system.cpu: T0 : 0x1cce4    : c_srli a5, 32              : IntAlu :  D=0x0000000000000001
1720000: system.cpu: T0 : 0x1cce6    : addi a5, a5, 536           : IntAlu :  D=0x0000000000000219
1720500: system.cpu: T0 : 0x1ccea    : c_slli a5, 2               : IntAlu :  D=0x0000000000000864
1721000: system.cpu: T0 : 0x1ccec    : c_add a5, s1               : IntAlu :  D=0x000000000006fe2c
1721500: system.cpu: T0 : 0x1ccee    : c_lw a2, 0(a5)             : MemRead :  D=0x0000000000000000 A=0x6fe2c
1722000: system.cpu: T0 : 0x1ccf0    : bne a2, zero, 384          : IntAlu : 
1722500: system.cpu: T0 : 0x1ccf4    : addiw a5, s2, 1            : IntAlu :  D=0x0000000000000002
1723000: system.cpu: T0 : 0x1ccf8    : addiw s2, a5, 0            : IntAlu :  D=0x0000000000000002
1723500: system.cpu: T0 : 0x1ccfc    : bne s2, a0, -26            : IntAlu : 
1724000: system.cpu: T0 : 0x1cce2    : c_slli a5, 32              : IntAlu :  D=0x0000000200000000
1724500: system.cpu: T0 : 0x1cce4    : c_srli a5, 32              : IntAlu :  D=0x0000000000000002
1725500: system.cpu: T0 : 0x1cce6    : addi a5, a5, 536           : IntAlu :  D=0x000000000000021a
1726000: system.cpu: T0 : 0x1ccea    : c_slli a5, 2               : IntAlu :  D=0x0000000000000868
1726500: system.cpu: T0 : 0x1ccec    : c_add a5, s1               : IntAlu :  D=0x000000000006fe30
1727000: system.cpu: T0 : 0x1ccee    : c_lw a2, 0(a5)             : MemRead :  D=0x0000000000000000 A=0x6fe30
1727500: system.cpu: T0 : 0x1ccf0    : bne a2, zero, 384          : IntAlu : 
1728000: system.cpu: T0 : 0x1ccf4    : addiw a5, s2, 1            : IntAlu :  D=0x0000000000000003
1728500: system.cpu: T0 : 0x1ccf8    : addiw s2, a5, 0            : IntAlu :  D=0x0000000000000003
1729000: system.cpu: T0 : 0x1ccfc    : bne s2, a0, -26            : IntAlu : 
1729500: system.cpu: T0 : 0x1cce2    : c_slli a5, 32              : IntAlu :  D=0x0000000300000000
1730000: system.cpu: T0 : 0x1cce4    : c_srli a5, 32              : IntAlu :  D=0x0000000000000003
1731000: system.cpu: T0 : 0x1cce6    : addi a5, a5, 536           : IntAlu :  D=0x000000000000021b
1731500: system.cpu: T0 : 0x1ccea    : c_slli a5, 2               : IntAlu :  D=0x000000000000086c
1732000: system.cpu: T0 : 0x1ccec    : c_add a5, s1               : IntAlu :  D=0x000000000006fe34
1732500: system.cpu: T0 : 0x1ccee    : c_lw a2, 0(a5)             : MemRead :  D=0x0000000000000000 A=0x6fe34
1733000: system.cpu: T0 : 0x1ccf0    : bne a2, zero, 384          : IntAlu : 
1733500: system.cpu: T0 : 0x1ccf4    : addiw a5, s2, 1            : IntAlu :  D=0x0000000000000004
1734000: system.cpu: T0 : 0x1ccf8    : addiw s2, a5, 0            : IntAlu :  D=0x0000000000000004
1734500: system.cpu: T0 : 0x1ccfc    : bne s2, a0, -26            : IntAlu : 
1735000: system.cpu: T0 : 0x1cd00    : c_ld a4, 96(s1)            : MemRead :  D=0x0000000000073240 A=0x6f628
1736000: system.cpu: T0 : 0x1cd02    : ld a3, -1912(a7)           : MemRead :  D=0x0000000000021080 A=0x6fe50
1736500: system.cpu: T0 : 0x1cd06    : c_ld a5, 8(a4)             : MemRead :  D=0x0000000000020dc1 A=0x73248
1737000: system.cpu: T0 : 0x1cd08    : c_andi a5, 18446744073709551608 : IntAlu :  D=0x0000000000020dc0
1738000: system.cpu: T0 : 0x1cd0a    : bltu a3, a5, 548           : IntAlu : 
1739000: system.cpu: T0 : 0x1cd0e    : addi a3, s0, 32            : IntAlu :  D=0x0000000000000050
1740000: system.cpu: T0 : 0x1cd12    : bgeu a5, a3, 640           : IntAlu : 
1741000: system.cpu: T0 : 0x1cf92    : add a0, a4, s0             : IntAlu :  D=0x0000000000073270
1742000: system.cpu: T0 : 0x1cf96    : lui a2, 111                : IntAlu :  D=0x000000000006f000
1742500: system.cpu: T0 : 0x1cf9a    : c_sd a0, 96(s1)            : MemWrite :  D=0x0000000000073270 A=0x6f628
1743000: system.cpu: T0 : 0x1cf9c    : addi a2, a2, 1480          : IntAlu :  D=0x000000000006f5c8
1743500: system.cpu: T0 : 0x1cfa0    : c_sub a5, s0               : IntAlu :  D=0x0000000000020d90
1744000: system.cpu: T0 : 0x1cfa2    : c_li a3, 4                 : IntAlu :  D=0x0000000000000004
1744500: system.cpu: T0 : 0x1cfa4    : beq s1, a2, 116            : IntAlu : 
1745000: system.cpu: T0 : 0x1d018    : c_li a3, 0                 : IntAlu :  D=0x0000000000000000
1745500: system.cpu: T0 : 0x1d01a    : c_j -114                   : IntAlu : 
1746000: system.cpu: T0 : 0x1cfa8    : c_or a3, s0                : IntAlu :  D=0x0000000000000030
1747000: system.cpu: T0 : 0x1cfaa    : ori a3, a3, 1              : IntAlu :  D=0x0000000000000031
1748000: system.cpu: T0 : 0x1cfae    : lw a1, -1396(gp)           : MemRead :  D=0x0000000000000000 A=0x70ab4
1748500: system.cpu: T0 : 0x1cfb2    : c_sd a3, 8(a4)             : MemWrite :  D=0x0000000000000031 A=0x73248
1749000: system.cpu: T0 : 0x1cfb4    : ori a5, a5, 1              : IntAlu :  D=0x0000000000020d91
1749500: system.cpu: T0 : 0x1cfb8    : c_sd a5, 8(a0)             : MemWrite :  D=0x0000000000020d91 A=0x73278
1750500: system.cpu: T0 : 0x1cfba    : addi s2, a4, 16            : IntAlu :  D=0x0000000000073250
1751500: system.cpu: T0 : 0x1cfbe    : beq a1, zero, -1664        : IntAlu : 
1752000: system.cpu: T0 : 0x1c93e    : c_ldsp ra, 248(sp)         : MemRead :  D=0x000000000001dabc A=0x7ffffffffffffcc8
1752500: system.cpu: T0 : 0x1c940    : c_ldsp s0, 240(sp)         : MemRead :  D=0x0000000000000028 A=0x7ffffffffffffcc0
1753000: system.cpu: T0 : 0x1c942    : c_ldsp s1, 232(sp)         : MemRead :  D=0x000000000006f000 A=0x7ffffffffffffcb8
1753500: system.cpu: T0 : 0x1c944    : c_ldsp s3, 216(sp)         : MemRead :  D=0x000000000006efc0 A=0x7ffffffffffffca8
1754000: system.cpu: T0 : 0x1c946    : c_ldsp s4, 208(sp)         : MemRead :  D=0x0000000000070000 A=0x7ffffffffffffca0
1754500: system.cpu: T0 : 0x1c948    : c_ldsp s5, 200(sp)         : MemRead :  D=0x0000000000072000 A=0x7ffffffffffffc98
1755000: system.cpu: T0 : 0x1c94a    : c_ldsp s6, 192(sp)         : MemRead :  D=0x0000000000072000 A=0x7ffffffffffffc90
1755500: system.cpu: T0 : 0x1c94c    : c_ldsp s7, 184(sp)         : MemRead :  D=0x0000000000000000 A=0x7ffffffffffffc88
1756000: system.cpu: T0 : 0x1c94e    : c_ldsp s8, 176(sp)         : MemRead :  D=0x0000000000000000 A=0x7ffffffffffffc80
1756500: system.cpu: T0 : 0x1c950    : c_ldsp s9, 168(sp)         : MemRead :  D=0x0000000000000000 A=0x7ffffffffffffc78
1757000: system.cpu: T0 : 0x1c952    : c_ldsp s10, 160(sp)        : MemRead :  D=0x0000000000000000 A=0x7ffffffffffffc70
1757500: system.cpu: T0 : 0x1c954    : c_ldsp s11, 152(sp)        : MemRead :  D=0x0000000000000000 A=0x7ffffffffffffc68
1758000: system.cpu: T0 : 0x1c956    : c_mv a0, s2                : IntAlu :  D=0x0000000000073250
1758500: system.cpu: T0 : 0x1c958    : c_ldsp s2, 224(sp)         : MemRead :  D=0x0000000000000000 A=0x7ffffffffffffcb0
1759000: system.cpu: T0 : 0x1c95a    : c_addi16sp sp, 256         : IntAlu :  D=0x7ffffffffffffcd0
1759500: system.cpu: T0 : 0x1c95c    : c_jr ra                    : IntAlu : 
1760000: system.cpu: T0 : 0x1dabc    : c_mv a5, a0                : IntAlu :  D=0x0000000000073250
1760500: system.cpu: T0 : 0x1dabe    : c_beqz a0, 150             : IntAlu : 
1761000: system.cpu: T0 : 0x1dac0    : ld a4, -8(a0)              : MemRead :  D=0x0000000000000031 A=0x73248
1761500: system.cpu: T0 : 0x1dac4    : andi a3, a4, 2             : IntAlu :  D=0x0000000000000000
1762000: system.cpu: T0 : 0x1dac8    : c_bnez a3, 26              : IntAlu : 
1762500: system.cpu: T0 : 0x1daca    : c_andi a4, 4               : IntAlu :  D=0x0000000000000000
1763000: system.cpu: T0 : 0x1dacc    : c_beqz a4, 22              : IntAlu : 
1763500: system.cpu: T0 : 0x1dae2    : c_ldsp ra, 24(sp)          : MemRead :  D=0x000000000003b08e A=0x7ffffffffffffce8
1764000: system.cpu: T0 : 0x1dae4    : c_ldsp s0, 16(sp)          : MemRead :  D=0x7ffffffffffffd30 A=0x7ffffffffffffce0
1764500: system.cpu: T0 : 0x1dae6    : c_ldsp s1, 8(sp)           : MemRead :  D=0x000000000006fe60 A=0x7ffffffffffffcd8
1765000: system.cpu: T0 : 0x1dae8    : c_ldsp s2, 0(sp)           : MemRead :  D=0x0000000000000000 A=0x7ffffffffffffcd0
1765500: system.cpu: T0 : 0x1daea    : c_mv a0, a5                : IntAlu :  D=0x0000000000073250
1766000: system.cpu: T0 : 0x1daec    : c_addi16sp sp, 32          : IntAlu :  D=0x7ffffffffffffcf0
1766500: system.cpu: T0 : 0x1daee    : c_jr ra                    : IntAlu : 
1767500: system.cpu: T0 : 0x3b08e    : sd a0, 32(s3)              : MemWrite :  D=0x0000000000073250 A=0x6efe0
1768500: system.cpu: T0 : 0x3b092    : beq a0, zero, 382          : IntAlu : 
1769500: system.cpu: T0 : 0x3b096    : ld s1, 16(s3)              : MemRead :  D=0x0000000000000002 A=0x6efd0
1770500: system.cpu: T0 : 0x3b09a    : addi a7, zero, 40          : IntAlu :  D=0x0000000000000028
1771000: system.cpu: T0 : 0x3b09e    : c_mv s5, a0                : IntAlu :  D=0x0000000000073250
1771500: system.cpu: T0 : 0x3b0a0    : slli s4, s1, 2             : IntAlu :  D=0x0000000000000008
1772000: system.cpu: T0 : 0x3b0a4    : addi s4, s4, 79            : IntAlu :  D=0x0000000000000057
1772500: system.cpu: T0 : 0x3b0a8    : divu s4, s4, a7            : IntDiv :  D=0x0000000000000002
1773000: system.cpu: T0 : 0x3b0ac    : slli a7, s4, 2             : IntAlu :  D=0x0000000000000008
1773500: system.cpu: T0 : 0x3b0b0    : c_add s4, a7               : IntAlu :  D=0x000000000000000a
1774500: system.cpu: T0 : 0x3b0b2    : slli a0, s4, 5             : IntAlu :  D=0x0000000000000140
1775500: system.cpu: T0 : 0x3b0b6    : jal ra, -120388            : IntAlu :  D=0x000000000003b0ba
1776500: system.cpu: T0 : 0x1da72    : ld t1, -1848(gp)           : MemRead :  D=0x0000000000000000 A=0x708f0
1777500: system.cpu: T0 : 0x1da76    : bne t1, zero, 260          : IntAlu : 
1778000: system.cpu: T0 : 0x1da7a    : c_addi sp, -32             : IntAlu :  D=0x7ffffffffffffcd0
1778500: system.cpu: T0 : 0x1da7c    : c_sdsp s0, 16(sp)          : MemWrite :  D=0x7ffffffffffffd30 A=0x7ffffffffffffce0
1779000: system.cpu: T0 : 0x1da7e    : c_sdsp ra, 24(sp)          : MemWrite :  D=0x000000000003b0ba A=0x7ffffffffffffce8
1779500: system.cpu: T0 : 0x1da80    : c_sdsp s1, 8(sp)           : MemWrite :  D=0x0000000000000002 A=0x7ffffffffffffcd8
1780000: system.cpu: T0 : 0x1da82    : c_sdsp s2, 0(sp)           : MemWrite :  D=0x0000000000000000 A=0x7ffffffffffffcd0
1780500: system.cpu: T0 : 0x1da84    : c_mv s0, a0                : IntAlu :  D=0x0000000000000140
1781500: system.cpu: T0 : 0x1da86    : blt a0, zero, 222          : IntAlu : 
1782500: system.cpu: T0 : 0x1da8a    : addi a5, a0, 23            : IntAlu :  D=0x0000000000000157
1783000: system.cpu: T0 : 0x1da8e    : c_li a4, 31                : IntAlu :  D=0x000000000000001f
1783500: system.cpu: T0 : 0x1da90    : c_li s1, 0                 : IntAlu :  D=0x0000000000000000
1784500: system.cpu: T0 : 0x1da92    : bltu a4, a5, 94            : IntAlu : 
1785000: system.cpu: T0 : 0x1daf0    : c_andi a5, 18446744073709551600 : IntAlu :  D=0x0000000000000150
1785500: system.cpu: T0 : 0x1daf2    : c_addi a5, -17             : IntAlu :  D=0x000000000000013f
1786000: system.cpu: T0 : 0x1daf4    : srli s1, a5, 4             : IntAlu :  D=0x0000000000000013
1786500: system.cpu: T0 : 0x1daf8    : c_j -98                    : IntAlu : 
1787500: system.cpu: T0 : 0x1da96    : ld a4, 40(tp)              : MemRead :  D=0x0000000000072f90 A=0x72738
1788000: system.cpu: T0 : 0x1da9a    : c_beqz a4, 96              : IntAlu : 
1788500: system.cpu: T0 : 0x1da9c    : lui a5, 111                : IntAlu :  D=0x000000000006f000
1789000: system.cpu: T0 : 0x1daa0    : ld a5, 1448(a5)            : MemRead :  D=0x0000000000000040 A=0x6f5a8
1789500: system.cpu: T0 : 0x1daa4    : bltu s1, a5, 114           : IntAlu : 
1790500: system.cpu: T0 : 0x1db16    : slli a3, s1, 1             : IntAlu :  D=0x0000000000000026
1791000: system.cpu: T0 : 0x1db1a    : c_add a3, a4               : IntAlu :  D=0x0000000000072fb6
1791500: system.cpu: T0 : 0x1db1c    : lhu a2, 0(a3)              : MemRead :  D=0x0000000000000000 A=0x72fb6
1792000: system.cpu: T0 : 0x1db20    : c_beqz a2, -120            : IntAlu : 
1792500: system.cpu: T0 : 0x1daa8    : lw a5, -1808(tp)           : MemRead :  D=0x0000000000000000 A=0x72000
1793000: system.cpu: T0 : 0x1daac    : c_bnez a5, 210             : IntAlu : 
1794000: system.cpu: T0 : 0x1daae    : lui s1, 111                : IntAlu :  D=0x000000000006f000
1794500: system.cpu: T0 : 0x1dab2    : c_mv a1, s0                : IntAlu :  D=0x0000000000000140
1795000: system.cpu: T0 : 0x1dab4    : addi a0, s1, 1480          : IntAlu :  D=0x000000000006f5c8
1795500: system.cpu: T0 : 0x1dab8    : jal ra, -5228              : IntAlu :  D=0x000000000001dabc
1796000: system.cpu: T0 : 0x1c64c    : c_addi16sp sp, -256        : IntAlu :  D=0x7ffffffffffffbd0
1796500: system.cpu: T0 : 0x1c64e    : c_sdsp ra, 248(sp)         : MemWrite :  D=0x000000000001dabc A=0x7ffffffffffffcc8
1797000: system.cpu: T0 : 0x1c650    : c_sdsp s0, 240(sp)         : MemWrite :  D=0x0000000000000140 A=0x7ffffffffffffcc0
1797500: system.cpu: T0 : 0x1c652    : c_sdsp s1, 232(sp)         : MemWrite :  D=0x000000000006f000 A=0x7ffffffffffffcb8
1798000: system.cpu: T0 : 0x1c654    : c_sdsp s2, 224(sp)         : MemWrite :  D=0x0000000000000000 A=0x7ffffffffffffcb0
1798500: system.cpu: T0 : 0x1c656    : c_sdsp s3, 216(sp)         : MemWrite :  D=0x000000000006efc0 A=0x7ffffffffffffca8
1799000: system.cpu: T0 : 0x1c658    : c_sdsp s4, 208(sp)         : MemWrite :  D=0x000000000000000a A=0x7ffffffffffffca0
1799500: system.cpu: T0 : 0x1c65a    : c_sdsp s5, 200(sp)         : MemWrite :  D=0x0000000000073250 A=0x7ffffffffffffc98
1800000: system.cpu: T0 : 0x1c65c    : c_sdsp s6, 192(sp)         : MemWrite :  D=0x0000000000072000 A=0x7ffffffffffffc90
1800500: system.cpu: T0 : 0x1c65e    : c_sdsp s7, 184(sp)         : MemWrite :  D=0x0000000000000000 A=0x7ffffffffffffc88
1801000: system.cpu: T0 : 0x1c660    : c_sdsp s8, 176(sp)         : MemWrite :  D=0x0000000000000000 A=0x7ffffffffffffc80
1801500: system.cpu: T0 : 0x1c662    : c_sdsp s9, 168(sp)         : MemWrite :  D=0x0000000000000000 A=0x7ffffffffffffc78
1802000: system.cpu: T0 : 0x1c664    : c_sdsp s10, 160(sp)        : MemWrite :  D=0x0000000000000000 A=0x7ffffffffffffc70
1802500: system.cpu: T0 : 0x1c666    : c_sdsp s11, 152(sp)        : MemWrite :  D=0x0000000000000000 A=0x7ffffffffffffc68
1803000: system.cpu: T0 : 0x1c668    : blt a1, zero, 1198         : IntAlu : 
1803500: system.cpu: T0 : 0x1c66c    : addi s0, a1, 23            : IntAlu :  D=0x0000000000000157
1804000: system.cpu: T0 : 0x1c670    : c_li a5, 31                : IntAlu :  D=0x000000000000001f
1804500: system.cpu: T0 : 0x1c672    : c_mv s3, a1                : IntAlu :  D=0x0000000000000140
1805000: system.cpu: T0 : 0x1c674    : c_mv s1, a0                : IntAlu :  D=0x000000000006f5c8
1806000: system.cpu: T0 : 0x1c676    : bltu a5, s0, 220           : IntAlu : 
1806500: system.cpu: T0 : 0x1c752    : c_andi s0, 18446744073709551600 : IntAlu :  D=0x0000000000000150
1807000: system.cpu: T0 : 0x1c754    : beq a0, zero, 988          : IntAlu : 
1807500: system.cpu: T0 : 0x1c758    : ld a4, -1376(gp)           : MemRead :  D=0x0000000000000080 A=0x70ac8
1808000: system.cpu: T0 : 0x1c75c    : srliw s9, s0, 4            : IntAlu :  D=0x0000000000000015
1808500: system.cpu: T0 : 0x1c760    : srliw a5, s0, 4            : IntAlu :  D=0x0000000000000015
1809000: system.cpu: T0 : 0x1c764    : bgeu a4, s0, 506           : IntAlu : 
1809500: system.cpu: T0 : 0x1c768    : addi a4, zero, 1023        : IntAlu :  D=0x00000000000003ff
1810000: system.cpu: T0 : 0x1c76c    : bgeu a4, s0, 1722          : IntAlu : 
1810500: system.cpu: T0 : 0x1ce26    : c_addiw a5, -1             : IntAlu :  D=0x0000000000000014
1811000: system.cpu: T0 : 0x1ce28    : c_j -1406                  : IntAlu : 
1812000: system.cpu: T0 : 0x1c8aa    : slliw a5, a5, 1            : IntAlu :  D=0x0000000000000028
1812500: system.cpu: T0 : 0x1c8ae    : c_slli a5, 32              : IntAlu :  D=0x0000002800000000
1813000: system.cpu: T0 : 0x1c8b0    : c_srli a5, 32              : IntAlu :  D=0x0000000000000028
1813500: system.cpu: T0 : 0x1c8b2    : c_addi a5, 14              : IntAlu :  D=0x0000000000000036
1814000: system.cpu: T0 : 0x1c8b4    : c_slli a5, 3               : IntAlu :  D=0x00000000000001b0
1814500: system.cpu: T0 : 0x1c8b6    : c_j -550                   : IntAlu : 
1815000: system.cpu: T0 : 0x1c690    : c_add a5, s1               : IntAlu :  D=0x000000000006f778
1816000: system.cpu: T0 : 0x1c692    : ld s2, 8(a5)               : MemRead :  D=0x000000000006f768 A=0x6f780
1817000: system.cpu: T0 : 0x1c696    : addi a3, a5, -16           : IntAlu :  D=0x000000000006f768
1818000: system.cpu: T0 : 0x1c69a    : beq a3, s2, 748            : IntAlu : 
1819000: system.cpu: T0 : 0x1c986    : srli t1, s0, 9             : IntAlu :  D=0x0000000000000000
1820000: system.cpu: T0 : 0x1c98a    : addiw a5, t1, 91           : IntAlu :  D=0x000000000000005b
1821000: system.cpu: T0 : 0x1c98e    : srli s10, s0, 6            : IntAlu :  D=0x0000000000000005
1821500: system.cpu: T0 : 0x1c992    : c_sdsp a5, 96(sp)          : MemWrite :  D=0x000000000000005b A=0x7ffffffffffffc30
1822000: system.cpu: T0 : 0x1c994    : addiw a5, s10, 48          : IntAlu :  D=0x0000000000000035
1822500: system.cpu: T0 : 0x1c998    : c_sdsp a5, 88(sp)          : MemWrite :  D=0x0000000000000035 A=0x7ffffffffffffc28
1823500: system.cpu: T0 : 0x1c99a    : addi a5, zero, 110         : IntAlu :  D=0x000000000000006e
1824000: system.cpu: T0 : 0x1c99e    : c_sdsp a5, 112(sp)         : MemWrite :  D=0x000000000000006e A=0x7ffffffffffffc40
1824500: system.cpu: T0 : 0x1c9a0    : addi a5, zero, 119         : IntAlu :  D=0x0000000000000077
1825000: system.cpu: T0 : 0x1c9a4    : c_sdsp a5, 104(sp)         : MemWrite :  D=0x0000000000000077 A=0x7ffffffffffffc38
1826000: system.cpu: T0 : 0x1c9a6    : addi a5, zero, 124         : IntAlu :  D=0x000000000000007c
1826500: system.cpu: T0 : 0x1c9aa    : c_sdsp s9, 8(sp)           : MemWrite :  D=0x0000000000000015 A=0x7ffffffffffffbd8
1827000: system.cpu: T0 : 0x1c9ac    : c_sdsp a5, 120(sp)         : MemWrite :  D=0x000000000000007c A=0x7ffffffffffffc48
1827500: system.cpu: T0 : 0x1c9ae    : c_sdsp zero, 128(sp)       : MemWrite :  D=0x0000000000000000 A=0x7ffffffffffffc50
1828000: system.cpu: T0 : 0x1c9b0    : c_sdsp zero, 136(sp)       : MemWrite :  D=0x0000000000000000 A=0x7ffffffffffffc58
1829000: system.cpu: T0 : 0x1c9b2    : ld a5, 40(tp)              : MemRead :  D=0x0000000000072f90 A=0x72738
1830000: system.cpu: T0 : 0x1c9b6    : addi s6, s0, -17           : IntAlu :  D=0x000000000000013f
1831000: system.cpu: T0 : 0x1c9ba    : srli s6, s6, 4             : IntAlu :  D=0x0000000000000013
1831500: system.cpu: T0 : 0x1c9be    : c_li s5, 0                 : IntAlu :  D=0x0000000000000000
1832000: system.cpu: T0 : 0x1c9c0    : c_beqz a5, 22              : IntAlu : 
1833000: system.cpu: T0 : 0x1c9c2    : lui a5, 111                : IntAlu :  D=0x000000000006f000
1834000: system.cpu: T0 : 0x1c9c6    : ld s5, 1448(a5)            : MemRead :  D=0x0000000000000040 A=0x6f5a8
1835000: system.cpu: T0 : 0x1c9ca    : sltu s5, s6, s5            : IntAlu :  D=0x0000000000000001
1836000: system.cpu: T0 : 0x1c9ce    : sub s5, zero, s5           : IntAlu :  D=0xffffffffffffffff
1837000: system.cpu: T0 : 0x1c9d2    : and s5, s0, s5             : IntAlu :  D=0x0000000000000150
1838000: system.cpu: T0 : 0x1c9d6    : lui a5, 111                : IntAlu :  D=0x000000000006f000
1838500: system.cpu: T0 : 0x1c9da    : c_lui s11, 1               : IntAlu :  D=0x0000000000001000
1839000: system.cpu: T0 : 0x1c9dc    : lui s7, 111                : IntAlu :  D=0x000000000006f000
1839500: system.cpu: T0 : 0x1c9e0    : addi a5, a5, 1480          : IntAlu :  D=0x000000000006f5c8
1840000: system.cpu: T0 : 0x1c9e4    : addi s8, s1, 96            : IntAlu :  D=0x000000000006f628
1840500: system.cpu: T0 : 0x1c9e8    : c_li t5, 0                 : IntAlu :  D=0x0000000000000000
1841500: system.cpu: T0 : 0x1c9ea    : addi s7, s7, 1368          : IntAlu :  D=0x000000000006f558
1842500: system.cpu: T0 : 0x1c9ee    : add a7, s1, s11            : IntAlu :  D=0x00000000000705c8
1843000: system.cpu: T0 : 0x1c9f2    : c_sdsp a5, 56(sp)          : MemWrite :  D=0x000000000006f5c8 A=0x7ffffffffffffc08
1843500: system.cpu: T0 : 0x1c9f4    : c_ld a5, 120(s1)           : MemRead :  D=0x000000000006f628 A=0x6f640
1844500: system.cpu: T0 : 0x1c9f6    : beq a5, s8, 532            : IntAlu : 
1845500: system.cpu: T0 : 0x1cc0a    : addi a5, zero, 1023        : IntAlu :  D=0x00000000000003ff
1846500: system.cpu: T0 : 0x1cc0e    : bgeu a5, s0, 38            : IntAlu : 
1847000: system.cpu: T0 : 0x1cc34    : c_ldsp a3, 8(sp)           : MemRead :  D=0x0000000000000015 A=0x7ffffffffffffbd8
1847500: system.cpu: T0 : 0x1cc36    : c_li a0, 4                 : IntAlu :  D=0x0000000000000004
1848000: system.cpu: T0 : 0x1cc38    : addiw a5, a3, 1            : IntAlu :  D=0x0000000000000016
1848500: system.cpu: T0 : 0x1cc3c    : srliw a4, a5, 5            : IntAlu :  D=0x0000000000000000
1849000: system.cpu: T0 : 0x1cc40    : slliw a3, a3, 1            : IntAlu :  D=0x000000000000002a
1849500: system.cpu: T0 : 0x1cc44    : addi a4, a4, 536           : IntAlu :  D=0x0000000000000218
1850000: system.cpu: T0 : 0x1cc48    : c_slli a3, 32              : IntAlu :  D=0x0000002a00000000
1850500: system.cpu: T0 : 0x1cc4a    : c_slli a4, 2               : IntAlu :  D=0x0000000000000860
1851000: system.cpu: T0 : 0x1cc4c    : c_srli a3, 32              : IntAlu :  D=0x000000000000002a
1851500: system.cpu: T0 : 0x1cc4e    : c_add a4, s1               : IntAlu :  D=0x000000000006fe28
1852000: system.cpu: T0 : 0x1cc50    : c_slli a3, 3               : IntAlu :  D=0x0000000000000150
1852500: system.cpu: T0 : 0x1cc52    : c_lw a2, 0(a4)             : MemRead :  D=0x0000000000000000 A=0x6fe28
1853000: system.cpu: T0 : 0x1cc54    : addi a3, a3, 96            : IntAlu :  D=0x00000000000001b0
1853500: system.cpu: T0 : 0x1cc58    : c_li a4, 1                 : IntAlu :  D=0x0000000000000001
1854500: system.cpu: T0 : 0x1cc5a    : srliw s2, a5, 5            : IntAlu :  D=0x0000000000000000
1855000: system.cpu: T0 : 0x1cc5e    : c_add a3, s1               : IntAlu :  D=0x000000000006f778
1855500: system.cpu: T0 : 0x1cc60    : sllw a5, a4, a5            : IntAlu :  D=0x0000000000400000
1856000: system.cpu: T0 : 0x1cc64    : bltu a2, a5, 144           : IntAlu : 
1856500: system.cpu: T0 : 0x1ccf4    : addiw a5, s2, 1            : IntAlu :  D=0x0000000000000001
1857000: system.cpu: T0 : 0x1ccf8    : addiw s2, a5, 0            : IntAlu :  D=0x0000000000000001
1857500: system.cpu: T0 : 0x1ccfc    : bne s2, a0, -26            : IntAlu : 
1858000: system.cpu: T0 : 0x1cce2    : c_slli a5, 32              : IntAlu :  D=0x0000000100000000
1858500: system.cpu: T0 : 0x1cce4    : c_srli a5, 32              : IntAlu :  D=0x0000000000000001
1859500: system.cpu: T0 : 0x1cce6    : addi a5, a5, 536           : IntAlu :  D=0x0000000000000219
1860000: system.cpu: T0 : 0x1ccea    : c_slli a5, 2               : IntAlu :  D=0x0000000000000864
1860500: system.cpu: T0 : 0x1ccec    : c_add a5, s1               : IntAlu :  D=0x000000000006fe2c
1861000: system.cpu: T0 : 0x1ccee    : c_lw a2, 0(a5)             : MemRead :  D=0x0000000000000000 A=0x6fe2c
1861500: system.cpu: T0 : 0x1ccf0    : bne a2, zero, 384          : IntAlu : 
1862000: system.cpu: T0 : 0x1ccf4    : addiw a5, s2, 1            : IntAlu :  D=0x0000000000000002
1862500: system.cpu: T0 : 0x1ccf8    : addiw s2, a5, 0            : IntAlu :  D=0x0000000000000002
1863000: system.cpu: T0 : 0x1ccfc    : bne s2, a0, -26            : IntAlu : 
1863500: system.cpu: T0 : 0x1cce2    : c_slli a5, 32              : IntAlu :  D=0x0000000200000000
1864000: system.cpu: T0 : 0x1cce4    : c_srli a5, 32              : IntAlu :  D=0x0000000000000002
1865000: system.cpu: T0 : 0x1cce6    : addi a5, a5, 536           : IntAlu :  D=0x000000000000021a
1865500: system.cpu: T0 : 0x1ccea    : c_slli a5, 2               : IntAlu :  D=0x0000000000000868
1866000: system.cpu: T0 : 0x1ccec    : c_add a5, s1               : IntAlu :  D=0x000000000006fe30
1866500: system.cpu: T0 : 0x1ccee    : c_lw a2, 0(a5)             : MemRead :  D=0x0000000000000000 A=0x6fe30
1867000: system.cpu: T0 : 0x1ccf0    : bne a2, zero, 384          : IntAlu : 
1867500: system.cpu: T0 : 0x1ccf4    : addiw a5, s2, 1            : IntAlu :  D=0x0000000000000003
1868000: system.cpu: T0 : 0x1ccf8    : addiw s2, a5, 0            : IntAlu :  D=0x0000000000000003
1868500: system.cpu: T0 : 0x1ccfc    : bne s2, a0, -26            : IntAlu : 
1869000: system.cpu: T0 : 0x1cce2    : c_slli a5, 32              : IntAlu :  D=0x0000000300000000
1869500: system.cpu: T0 : 0x1cce4    : c_srli a5, 32              : IntAlu :  D=0x0000000000000003
1870500: system.cpu: T0 : 0x1cce6    : addi a5, a5, 536           : IntAlu :  D=0x000000000000021b
1871000: system.cpu: T0 : 0x1ccea    : c_slli a5, 2               : IntAlu :  D=0x000000000000086c
1871500: system.cpu: T0 : 0x1ccec    : c_add a5, s1               : IntAlu :  D=0x000000000006fe34
1872000: system.cpu: T0 : 0x1ccee    : c_lw a2, 0(a5)             : MemRead :  D=0x0000000000000000 A=0x6fe34
1872500: system.cpu: T0 : 0x1ccf0    : bne a2, zero, 384          : IntAlu : 
1873000: system.cpu: T0 : 0x1ccf4    : addiw a5, s2, 1            : IntAlu :  D=0x0000000000000004
1873500: system.cpu: T0 : 0x1ccf8    : addiw s2, a5, 0            : IntAlu :  D=0x0000000000000004
1874000: system.cpu: T0 : 0x1ccfc    : bne s2, a0, -26            : IntAlu : 
1874500: system.cpu: T0 : 0x1cd00    : c_ld a4, 96(s1)            : MemRead :  D=0x0000000000073270 A=0x6f628
1875500: system.cpu: T0 : 0x1cd02    : ld a3, -1912(a7)           : MemRead :  D=0x0000000000021080 A=0x6fe50
1876000: system.cpu: T0 : 0x1cd06    : c_ld a5, 8(a4)             : MemRead :  D=0x0000000000020d91 A=0x73278
1876500: system.cpu: T0 : 0x1cd08    : c_andi a5, 18446744073709551608 : IntAlu :  D=0x0000000000020d90
1877500: system.cpu: T0 : 0x1cd0a    : bltu a3, a5, 548           : IntAlu : 
1878500: system.cpu: T0 : 0x1cd0e    : addi a3, s0, 32            : IntAlu :  D=0x0000000000000170
1879500: system.cpu: T0 : 0x1cd12    : bgeu a5, a3, 640           : IntAlu : 
1880500: system.cpu: T0 : 0x1cf92    : add a0, a4, s0             : IntAlu :  D=0x00000000000733c0
1881500: system.cpu: T0 : 0x1cf96    : lui a2, 111                : IntAlu :  D=0x000000000006f000
1882000: system.cpu: T0 : 0x1cf9a    : c_sd a0, 96(s1)            : MemWrite :  D=0x00000000000733c0 A=0x6f628
1882500: system.cpu: T0 : 0x1cf9c    : addi a2, a2, 1480          : IntAlu :  D=0x000000000006f5c8
1883000: system.cpu: T0 : 0x1cfa0    : c_sub a5, s0               : IntAlu :  D=0x0000000000020c40
1883500: system.cpu: T0 : 0x1cfa2    : c_li a3, 4                 : IntAlu :  D=0x0000000000000004
1884000: system.cpu: T0 : 0x1cfa4    : beq s1, a2, 116            : IntAlu : 
1884500: system.cpu: T0 : 0x1d018    : c_li a3, 0                 : IntAlu :  D=0x0000000000000000
1885000: system.cpu: T0 : 0x1d01a    : c_j -114                   : IntAlu : 
1885500: system.cpu: T0 : 0x1cfa8    : c_or a3, s0                : IntAlu :  D=0x0000000000000150
1886500: system.cpu: T0 : 0x1cfaa    : ori a3, a3, 1              : IntAlu :  D=0x0000000000000151
1887500: system.cpu: T0 : 0x1cfae    : lw a1, -1396(gp)           : MemRead :  D=0x0000000000000000 A=0x70ab4
1888000: system.cpu: T0 : 0x1cfb2    : c_sd a3, 8(a4)             : MemWrite :  D=0x0000000000000151 A=0x73278
1888500: system.cpu: T0 : 0x1cfb4    : ori a5, a5, 1              : IntAlu :  D=0x0000000000020c41
1889000: system.cpu: T0 : 0x1cfb8    : c_sd a5, 8(a0)             : MemWrite :  D=0x0000000000020c41 A=0x733c8
1890000: system.cpu: T0 : 0x1cfba    : addi s2, a4, 16            : IntAlu :  D=0x0000000000073280
1891000: system.cpu: T0 : 0x1cfbe    : beq a1, zero, -1664        : IntAlu : 
1891500: system.cpu: T0 : 0x1c93e    : c_ldsp ra, 248(sp)         : MemRead :  D=0x000000000001dabc A=0x7ffffffffffffcc8
1892000: system.cpu: T0 : 0x1c940    : c_ldsp s0, 240(sp)         : MemRead :  D=0x0000000000000140 A=0x7ffffffffffffcc0
1892500: system.cpu: T0 : 0x1c942    : c_ldsp s1, 232(sp)         : MemRead :  D=0x000000000006f000 A=0x7ffffffffffffcb8
1893000: system.cpu: T0 : 0x1c944    : c_ldsp s3, 216(sp)         : MemRead :  D=0x000000000006efc0 A=0x7ffffffffffffca8
1893500: system.cpu: T0 : 0x1c946    : c_ldsp s4, 208(sp)         : MemRead :  D=0x000000000000000a A=0x7ffffffffffffca0
1894000: system.cpu: T0 : 0x1c948    : c_ldsp s5, 200(sp)         : MemRead :  D=0x0000000000073250 A=0x7ffffffffffffc98
1894500: system.cpu: T0 : 0x1c94a    : c_ldsp s6, 192(sp)         : MemRead :  D=0x0000000000072000 A=0x7ffffffffffffc90
1895000: system.cpu: T0 : 0x1c94c    : c_ldsp s7, 184(sp)         : MemRead :  D=0x0000000000000000 A=0x7ffffffffffffc88
1895500: system.cpu: T0 : 0x1c94e    : c_ldsp s8, 176(sp)         : MemRead :  D=0x0000000000000000 A=0x7ffffffffffffc80
1896000: system.cpu: T0 : 0x1c950    : c_ldsp s9, 168(sp)         : MemRead :  D=0x0000000000000000 A=0x7ffffffffffffc78
1896500: system.cpu: T0 : 0x1c952    : c_ldsp s10, 160(sp)        : MemRead :  D=0x0000000000000000 A=0x7ffffffffffffc70
1897000: system.cpu: T0 : 0x1c954    : c_ldsp s11, 152(sp)        : MemRead :  D=0x0000000000000000 A=0x7ffffffffffffc68
1897500: system.cpu: T0 : 0x1c956    : c_mv a0, s2                : IntAlu :  D=0x0000000000073280
1898000: system.cpu: T0 : 0x1c958    : c_ldsp s2, 224(sp)         : MemRead :  D=0x0000000000000000 A=0x7ffffffffffffcb0
1898500: system.cpu: T0 : 0x1c95a    : c_addi16sp sp, 256         : IntAlu :  D=0x7ffffffffffffcd0
1899000: system.cpu: T0 : 0x1c95c    : c_jr ra                    : IntAlu : 
1899500: system.cpu: T0 : 0x1dabc    : c_mv a5, a0                : IntAlu :  D=0x0000000000073280
1900000: system.cpu: T0 : 0x1dabe    : c_beqz a0, 150             : IntAlu : 
1900500: system.cpu: T0 : 0x1dac0    : ld a4, -8(a0)              : MemRead :  D=0x0000000000000151 A=0x73278
1901000: system.cpu: T0 : 0x1dac4    : andi a3, a4, 2             : IntAlu :  D=0x0000000000000000
1901500: system.cpu: T0 : 0x1dac8    : c_bnez a3, 26              : IntAlu : 
1902000: system.cpu: T0 : 0x1daca    : c_andi a4, 4               : IntAlu :  D=0x0000000000000000
1902500: system.cpu: T0 : 0x1dacc    : c_beqz a4, 22              : IntAlu : 
1903000: system.cpu: T0 : 0x1dae2    : c_ldsp ra, 24(sp)          : MemRead :  D=0x000000000003b0ba A=0x7ffffffffffffce8
1903500: system.cpu: T0 : 0x1dae4    : c_ldsp s0, 16(sp)          : MemRead :  D=0x7ffffffffffffd30 A=0x7ffffffffffffce0
1904000: system.cpu: T0 : 0x1dae6    : c_ldsp s1, 8(sp)           : MemRead :  D=0x0000000000000002 A=0x7ffffffffffffcd8
1904500: system.cpu: T0 : 0x1dae8    : c_ldsp s2, 0(sp)           : MemRead :  D=0x0000000000000000 A=0x7ffffffffffffcd0
1905000: system.cpu: T0 : 0x1daea    : c_mv a0, a5                : IntAlu :  D=0x0000000000073280
1905500: system.cpu: T0 : 0x1daec    : c_addi16sp sp, 32          : IntAlu :  D=0x7ffffffffffffcf0
1906000: system.cpu: T0 : 0x1daee    : c_jr ra                    : IntAlu : 
1907000: system.cpu: T0 : 0x3b0ba    : sd a0, 0(s5)               : MemWrite :  D=0x0000000000073280 A=0x73250
1907500: system.cpu: T0 : 0x3b0be    : c_mv a2, a0                : IntAlu :  D=0x0000000000073280
1908000: system.cpu: T0 : 0x3b0c0    : beq a0, zero, 386          : IntAlu : 
1908500: system.cpu: T0 : 0x3b0c4    : lui a5, 114                : IntAlu :  D=0x0000000000072000
1909000: system.cpu: T0 : 0x3b0c8    : lui a3, 98                 : IntAlu :  D=0x0000000000062000
1909500: system.cpu: T0 : 0x3b0cc    : lui a0, 97                 : IntAlu :  D=0x0000000000061000
1910000: system.cpu: T0 : 0x3b0d0    : addi a3, a3, -1712         : IntAlu :  D=0x0000000000061950
1910500: system.cpu: T0 : 0x3b0d4    : addi a0, a0, 1936          : IntAlu :  D=0x0000000000061790
1911000: system.cpu: T0 : 0x3b0d8    : sd a2, -384(a5)            : MemWrite :  D=0x0000000000073280 A=0x71e80
1911500: system.cpu: T0 : 0x3b0dc    : c_li a5, 23                : IntAlu :  D=0x0000000000000017
1912000: system.cpu: T0 : 0x3b0de    : c_sd a3, 24(a2)            : MemWrite :  D=0x0000000000061950 A=0x73298
1912500: system.cpu: T0 : 0x3b0e0    : addi a6, a3, 72            : IntAlu :  D=0x0000000000061998
1913000: system.cpu: T0 : 0x3b0e4    : sw zero, 40(s3)            : MemWrite :  D=0x0000000000000000 A=0x6efe8
1913500: system.cpu: T0 : 0x3b0e8    : addi a1, s5, 8             : IntAlu :  D=0x0000000000073258
1914000: system.cpu: T0 : 0x3b0ec    : c_sd a0, 8(a2)             : MemWrite :  D=0x0000000000061790 A=0x73288
1915000: system.cpu: T0 : 0x3b0ee    : sd zero, 16(a2)            : MemWrite :  D=0x0000000000000000 A=0x73290
1915500: system.cpu: T0 : 0x3b0f2    : c_sd a5, 32(a2)            : MemWrite :  D=0x0000000000000017 A=0x732a0
1916000: system.cpu: T0 : 0x3b0f4    : slli a7, s4, 3             : IntAlu :  D=0x0000000000000050
1916500: system.cpu: T0 : 0x3b0f8    : addi t3, s5, 32            : IntAlu :  D=0x0000000000073270
1917000: system.cpu: T0 : 0x3b0fc    : c_addi a3, 24              : IntAlu :  D=0x0000000000061968
1918000: system.cpu: T0 : 0x3b0fe    : addi t4, zero, 47          : IntAlu :  D=0x000000000000002f
1919000: system.cpu: T0 : 0x3b102    : addi a4, a2, 40            : IntAlu :  D=0x00000000000732a8
1919500: system.cpu: T0 : 0x3b106    : c_li a5, 0                 : IntAlu :  D=0x0000000000000000
1920000: system.cpu: T0 : 0x3b108    : c_beqz s1, 14              : IntAlu : 
1921000: system.cpu: T0 : 0x3b10a    : sw zero, 0(a4)             : MemWrite :  D=0x0000000000000000 A=0x732a8
1921500: system.cpu: T0 : 0x3b10e    : c_addi a5, 1               : IntAlu :  D=0x0000000000000001
1922000: system.cpu: T0 : 0x3b110    : c_addi a4, 4               : IntAlu :  D=0x00000000000732ac
1923000: system.cpu: T0 : 0x3b112    : bne s1, a5, -8             : IntAlu : 
1924000: system.cpu: T0 : 0x3b10a    : sw zero, 0(a4)             : MemWrite :  D=0x0000000000000000 A=0x732ac
1924500: system.cpu: T0 : 0x3b10e    : c_addi a5, 1               : IntAlu :  D=0x0000000000000002
1925000: system.cpu: T0 : 0x3b110    : c_addi a4, 4               : IntAlu :  D=0x00000000000732b0
1926000: system.cpu: T0 : 0x3b112    : bne s1, a5, -8             : IntAlu : 
1927000: system.cpu: T0 : 0x3b116    : beq t3, a1, 48             : IntAlu : 
1928000: system.cpu: T0 : 0x3b11a    : ld a4, 8(a6)               : MemRead :  D=0x000000000000001b A=0x619a0
1929000: system.cpu: T0 : 0x3b11e    : add a5, a2, a7             : IntAlu :  D=0x00000000000732d0
1930000: system.cpu: T0 : 0x3b122    : lbu t1, 0(a3)              : MemRead :  D=0x000000000000002f A=0x61968
1930500: system.cpu: T0 : 0x3b126    : c_sd a5, 0(a2)             : MemWrite :  D=0x00000000000732d0 A=0x73280
1931000: system.cpu: T0 : 0x3b128    : c_sd a3, 24(a5)            : MemWrite :  D=0x0000000000061968 A=0x732e8
1932000: system.cpu: T0 : 0x3b12a    : addi a2, a4, 1             : IntAlu :  D=0x000000000000001c
1932500: system.cpu: T0 : 0x3b12e    : c_sd a5, 0(a1)             : MemWrite :  D=0x00000000000732d0 A=0x73258
1933000: system.cpu: T0 : 0x3b130    : c_sd a0, 8(a5)             : MemWrite :  D=0x0000000000061790 A=0x732d8
1934000: system.cpu: T0 : 0x3b132    : sd zero, 16(a5)            : MemWrite :  D=0x0000000000000000 A=0x732e0
1934500: system.cpu: T0 : 0x3b136    : c_sd a4, 32(a5)            : MemWrite :  D=0x000000000000001b A=0x732f0
1935000: system.cpu: T0 : 0x3b138    : c_addi a1, 8               : IntAlu :  D=0x0000000000073260
1935500: system.cpu: T0 : 0x3b13a    : c_add a3, a2               : IntAlu :  D=0x0000000000061984
1936000: system.cpu: T0 : 0x3b13c    : c_addi a6, 8               : IntAlu :  D=0x00000000000619a0
1937000: system.cpu: T0 : 0x3b13e    : bne t1, t4, 228            : IntAlu : 
1937500: system.cpu: T0 : 0x3b142    : c_mv a2, a5                : IntAlu :  D=0x00000000000732d0
1938000: system.cpu: T0 : 0x3b144    : c_j -66                    : IntAlu : 
1939000: system.cpu: T0 : 0x3b102    : addi a4, a2, 40            : IntAlu :  D=0x00000000000732f8
1939500: system.cpu: T0 : 0x3b106    : c_li a5, 0                 : IntAlu :  D=0x0000000000000000
1940000: system.cpu: T0 : 0x3b108    : c_beqz s1, 14              : IntAlu : 
1941000: system.cpu: T0 : 0x3b10a    : sw zero, 0(a4)             : MemWrite :  D=0x0000000000000000 A=0x732f8
1941500: system.cpu: T0 : 0x3b10e    : c_addi a5, 1               : IntAlu :  D=0x0000000000000001
1942000: system.cpu: T0 : 0x3b110    : c_addi a4, 4               : IntAlu :  D=0x00000000000732fc
1943000: system.cpu: T0 : 0x3b112    : bne s1, a5, -8             : IntAlu : 
1944000: system.cpu: T0 : 0x3b10a    : sw zero, 0(a4)             : MemWrite :  D=0x0000000000000000 A=0x732fc
1944500: system.cpu: T0 : 0x3b10e    : c_addi a5, 1               : IntAlu :  D=0x0000000000000002
1945000: system.cpu: T0 : 0x3b110    : c_addi a4, 4               : IntAlu :  D=0x0000000000073300
1946000: system.cpu: T0 : 0x3b112    : bne s1, a5, -8             : IntAlu : 
1947000: system.cpu: T0 : 0x3b116    : beq t3, a1, 48             : IntAlu : 
1948000: system.cpu: T0 : 0x3b11a    : ld a4, 8(a6)               : MemRead :  D=0x0000000000000005 A=0x619a8
1949000: system.cpu: T0 : 0x3b11e    : add a5, a2, a7             : IntAlu :  D=0x0000000000073320
1950000: system.cpu: T0 : 0x3b122    : lbu t1, 0(a3)              : MemRead :  D=0x000000000000002f A=0x61984
1950500: system.cpu: T0 : 0x3b126    : c_sd a5, 0(a2)             : MemWrite :  D=0x0000000000073320 A=0x732d0
1951000: system.cpu: T0 : 0x3b128    : c_sd a3, 24(a5)            : MemWrite :  D=0x0000000000061984 A=0x73338
1952000: system.cpu: T0 : 0x3b12a    : addi a2, a4, 1             : IntAlu :  D=0x0000000000000006
1952500: system.cpu: T0 : 0x3b12e    : c_sd a5, 0(a1)             : MemWrite :  D=0x0000000000073320 A=0x73260
1953000: system.cpu: T0 : 0x3b130    : c_sd a0, 8(a5)             : MemWrite :  D=0x0000000000061790 A=0x73328
1954000: system.cpu: T0 : 0x3b132    : sd zero, 16(a5)            : MemWrite :  D=0x0000000000000000 A=0x73330
1954500: system.cpu: T0 : 0x3b136    : c_sd a4, 32(a5)            : MemWrite :  D=0x0000000000000005 A=0x73340
1955000: system.cpu: T0 : 0x3b138    : c_addi a1, 8               : IntAlu :  D=0x0000000000073268
1955500: system.cpu: T0 : 0x3b13a    : c_add a3, a2               : IntAlu :  D=0x000000000006198a
1956000: system.cpu: T0 : 0x3b13c    : c_addi a6, 8               : IntAlu :  D=0x00000000000619a8
1957000: system.cpu: T0 : 0x3b13e    : bne t1, t4, 228            : IntAlu : 
1957500: system.cpu: T0 : 0x3b142    : c_mv a2, a5                : IntAlu :  D=0x0000000000073320
1958000: system.cpu: T0 : 0x3b144    : c_j -66                    : IntAlu : 
1959000: system.cpu: T0 : 0x3b102    : addi a4, a2, 40            : IntAlu :  D=0x0000000000073348
1959500: system.cpu: T0 : 0x3b106    : c_li a5, 0                 : IntAlu :  D=0x0000000000000000
1960000: system.cpu: T0 : 0x3b108    : c_beqz s1, 14              : IntAlu : 
1961000: system.cpu: T0 : 0x3b10a    : sw zero, 0(a4)             : MemWrite :  D=0x0000000000000000 A=0x73348
1961500: system.cpu: T0 : 0x3b10e    : c_addi a5, 1               : IntAlu :  D=0x0000000000000001
1962000: system.cpu: T0 : 0x3b110    : c_addi a4, 4               : IntAlu :  D=0x000000000007334c
1963000: system.cpu: T0 : 0x3b112    : bne s1, a5, -8             : IntAlu : 
1964000: system.cpu: T0 : 0x3b10a    : sw zero, 0(a4)             : MemWrite :  D=0x0000000000000000 A=0x7334c
1964500: system.cpu: T0 : 0x3b10e    : c_addi a5, 1               : IntAlu :  D=0x0000000000000002
1965000: system.cpu: T0 : 0x3b110    : c_addi a4, 4               : IntAlu :  D=0x0000000000073350
1966000: system.cpu: T0 : 0x3b112    : bne s1, a5, -8             : IntAlu : 
1967000: system.cpu: T0 : 0x3b116    : beq t3, a1, 48             : IntAlu : 
1968000: system.cpu: T0 : 0x3b11a    : ld a4, 8(a6)               : MemRead :  D=0x0000000000000009 A=0x619b0
1969000: system.cpu: T0 : 0x3b11e    : add a5, a2, a7             : IntAlu :  D=0x0000000000073370
1970000: system.cpu: T0 : 0x3b122    : lbu t1, 0(a3)              : MemRead :  D=0x000000000000002f A=0x6198a
1970500: system.cpu: T0 : 0x3b126    : c_sd a5, 0(a2)             : MemWrite :  D=0x0000000000073370 A=0x73320
1971000: system.cpu: T0 : 0x3b128    : c_sd a3, 24(a5)            : MemWrite :  D=0x000000000006198a A=0x73388
1972000: system.cpu: T0 : 0x3b12a    : addi a2, a4, 1             : IntAlu :  D=0x000000000000000a
1972500: system.cpu: T0 : 0x3b12e    : c_sd a5, 0(a1)             : MemWrite :  D=0x0000000000073370 A=0x73268
1973000: system.cpu: T0 : 0x3b130    : c_sd a0, 8(a5)             : MemWrite :  D=0x0000000000061790 A=0x73378
1974000: system.cpu: T0 : 0x3b132    : sd zero, 16(a5)            : MemWrite :  D=0x0000000000000000 A=0x73380
1974500: system.cpu: T0 : 0x3b136    : c_sd a4, 32(a5)            : MemWrite :  D=0x0000000000000009 A=0x73390
1975000: system.cpu: T0 : 0x3b138    : c_addi a1, 8               : IntAlu :  D=0x0000000000073270
1975500: system.cpu: T0 : 0x3b13a    : c_add a3, a2               : IntAlu :  D=0x0000000000061994
1976000: system.cpu: T0 : 0x3b13c    : c_addi a6, 8               : IntAlu :  D=0x00000000000619b0
1977000: system.cpu: T0 : 0x3b13e    : bne t1, t4, 228            : IntAlu : 
1977500: system.cpu: T0 : 0x3b142    : c_mv a2, a5                : IntAlu :  D=0x0000000000073370
1978000: system.cpu: T0 : 0x3b144    : c_j -66                    : IntAlu : 
1979000: system.cpu: T0 : 0x3b102    : addi a4, a2, 40            : IntAlu :  D=0x0000000000073398
1979500: system.cpu: T0 : 0x3b106    : c_li a5, 0                 : IntAlu :  D=0x0000000000000000
1980000: system.cpu: T0 : 0x3b108    : c_beqz s1, 14              : IntAlu : 
1981000: system.cpu: T0 : 0x3b10a    : sw zero, 0(a4)             : MemWrite :  D=0x0000000000000000 A=0x73398
1981500: system.cpu: T0 : 0x3b10e    : c_addi a5, 1               : IntAlu :  D=0x0000000000000001
1982000: system.cpu: T0 : 0x3b110    : c_addi a4, 4               : IntAlu :  D=0x000000000007339c
1983000: system.cpu: T0 : 0x3b112    : bne s1, a5, -8             : IntAlu : 
1984000: system.cpu: T0 : 0x3b10a    : sw zero, 0(a4)             : MemWrite :  D=0x0000000000000000 A=0x7339c
1984500: system.cpu: T0 : 0x3b10e    : c_addi a5, 1               : IntAlu :  D=0x0000000000000002
1985000: system.cpu: T0 : 0x3b110    : c_addi a4, 4               : IntAlu :  D=0x00000000000733a0
1986000: system.cpu: T0 : 0x3b112    : bne s1, a5, -8             : IntAlu : 
1987000: system.cpu: T0 : 0x3b116    : beq t3, a1, 48             : IntAlu : 
1987500: system.cpu: T0 : 0x3b146    : c_li a4, 27                : IntAlu :  D=0x000000000000001b
1988000: system.cpu: T0 : 0x3b148    : sd zero, 0(a2)             : MemWrite :  D=0x0000000000000000 A=0x73370
1988500: system.cpu: T0 : 0x3b14c    : sd a4, -1192(gp)           : MemWrite :  D=0x000000000000001b A=0x70b80
1989000: system.cpu: T0 : 0x3b150    : sd zero, 32(s5)            : MemWrite :  D=0x0000000000000000 A=0x73270
1989500: system.cpu: T0 : 0x3b154    : beq s2, zero, 10           : IntAlu : 
1990000: system.cpu: T0 : 0x3b15e    : c_li a5, -1                : IntAlu :  D=0xffffffffffffffff
1990500: system.cpu: T0 : 0x3b160    : sd a5, 48(s3)              : MemWrite :  D=0xffffffffffffffff A=0x6eff0
1991000: system.cpu: T0 : 0x3b164    : addi sp, s0, -64           : IntAlu :  D=0x7ffffffffffffcf0
1991500: system.cpu: T0 : 0x3b168    : c_ldsp ra, 56(sp)          : MemRead :  D=0x0000000000022a4e A=0x7ffffffffffffd28
1992000: system.cpu: T0 : 0x3b16a    : c_ldsp s0, 48(sp)          : MemRead :  D=0x000000000006ef80 A=0x7ffffffffffffd20
1992500: system.cpu: T0 : 0x3b16c    : c_ldsp s1, 40(sp)          : MemRead :  D=0x000000000006fe60 A=0x7ffffffffffffd18
1993000: system.cpu: T0 : 0x3b16e    : c_ldsp s2, 32(sp)          : MemRead :  D=0x0000000000072000 A=0x7ffffffffffffd10
1993500: system.cpu: T0 : 0x3b170    : c_ldsp s3, 24(sp)          : MemRead :  D=0x0000000000072000 A=0x7ffffffffffffd08
1994000: system.cpu: T0 : 0x3b172    : c_ldsp s4, 16(sp)          : MemRead :  D=0x0000000000070000 A=0x7ffffffffffffd00
1994500: system.cpu: T0 : 0x3b174    : c_ldsp s5, 8(sp)           : MemRead :  D=0x0000000000072000 A=0x7ffffffffffffcf8
1995000: system.cpu: T0 : 0x3b176    : c_addi16sp sp, 64          : IntAlu :  D=0x7ffffffffffffd30
1995500: system.cpu: T0 : 0x3b178    : c_jr ra                    : IntAlu : 
1996500: system.cpu: T0 : 0x22a4e    : lui a5, 114                : IntAlu :  D=0x0000000000072000
1997500: system.cpu: T0 : 0x22a52    : ld a4, -384(a5)            : MemRead :  D=0x0000000000073280 A=0x71e80
1998500: system.cpu: T0 : 0x22a56    : lui a0, 80                 : IntAlu :  D=0x0000000000050000
1999500: system.cpu: T0 : 0x22a5a    : lui a5, 114                : IntAlu :  D=0x0000000000072000
2000500: system.cpu: T0 : 0x22a5e    : addi a0, a0, 64            : IntAlu :  D=0x0000000000050040
2001500: system.cpu: T0 : 0x22a62    : sd a4, -424(a5)            : MemWrite :  D=0x0000000000073280 A=0x71e58
2002500: system.cpu: T0 : 0x22a66    : jal ra, -57838             : IntAlu :  D=0x0000000000022a6a
2003000: system.cpu: T0 : 0x14878    : c_addi16sp sp, -64         : IntAlu :  D=0x7ffffffffffffcf0
2003500: system.cpu: T0 : 0x1487a    : c_sdsp s1, 40(sp)          : MemWrite :  D=0x000000000006fe60 A=0x7ffffffffffffd18
2004000: system.cpu: T0 : 0x1487c    : ld s1, -1360(gp)           : MemRead :  D=0x7fffffffffffff48 A=0x70ad8
2004500: system.cpu: T0 : 0x14880    : c_sdsp ra, 56(sp)          : MemWrite :  D=0x0000000000022a6a A=0x7ffffffffffffd28
2005000: system.cpu: T0 : 0x14882    : c_sdsp s0, 48(sp)          : MemWrite :  D=0x000000000006ef80 A=0x7ffffffffffffd20
2005500: system.cpu: T0 : 0x14884    : c_sdsp s2, 32(sp)          : MemWrite :  D=0x0000000000072000 A=0x7ffffffffffffd10
2006000: system.cpu: T0 : 0x14886    : c_sdsp s3, 24(sp)          : MemWrite :  D=0x0000000000072000 A=0x7ffffffffffffd08
2006500: system.cpu: T0 : 0x14888    : c_sdsp s4, 16(sp)          : MemWrite :  D=0x0000000000070000 A=0x7ffffffffffffd00
2007000: system.cpu: T0 : 0x1488a    : c_sdsp s5, 8(sp)           : MemWrite :  D=0x0000000000072000 A=0x7ffffffffffffcf8
2007500: system.cpu: T0 : 0x1488c    : c_sdsp s6, 0(sp)           : MemWrite :  D=0x0000000000072000 A=0x7ffffffffffffcf0
2008000: system.cpu: T0 : 0x1488e    : c_beqz s1, 210             : IntAlu : 
2008500: system.cpu: T0 : 0x14890    : lbu a5, 0(a0)              : MemRead :  D=0x000000000000004c A=0x50040
2009000: system.cpu: T0 : 0x14894    : c_mv s4, a0                : IntAlu :  D=0x0000000000050040
2009500: system.cpu: T0 : 0x14896    : c_beqz a5, 202             : IntAlu : 
2010000: system.cpu: T0 : 0x14898    : lbu s5, 1(a0)              : MemRead :  D=0x0000000000000044 A=0x50041
2010500: system.cpu: T0 : 0x1489c    : slliw s2, a5, 16           : IntAlu :  D=0x00000000004c0000
2011000: system.cpu: T0 : 0x148a0    : c_ld s0, 0(s1)             : MemRead :  D=0x0000000000000000 A=0x7fffffffffffff48
2012000: system.cpu: T0 : 0x148a2    : sraiw s2, s2, 16           : IntAlu :  D=0x000000000000004c
2013000: system.cpu: T0 : 0x148a6    : bne s5, zero, 86           : IntAlu : 
2013500: system.cpu: T0 : 0x148fc    : jal ra, 42488              : IntAlu :  D=0x0000000000014900
2014000: system.cpu: T0 : 0x1eef4    : andi a5, a0, 7             : IntAlu :  D=0x0000000000000000
2014500: system.cpu: T0 : 0x1eef8    : c_beqz a5, 26              : IntAlu : 
2015000: system.cpu: T0 : 0x1ef12    : c_mv a5, a0                : IntAlu :  D=0x0000000000050040
2015500: system.cpu: T0 : 0x1ef14    : ld a6, -2024(gp)           : MemRead :  D=0xfefefefefefefeff A=0x70840
2016000: system.cpu: T0 : 0x1ef18    : ld a1, -2016(gp)           : MemRead :  D=0x8080808080808080 A=0x70848
2016500: system.cpu: T0 : 0x1ef1c    : c_ld a2, 0(a5)             : MemRead :  D=0x5f444e49425f444c A=0x50040
2017500: system.cpu: T0 : 0x1ef1e    : addi a3, a5, 8             : IntAlu :  D=0x0000000000050048
2018500: system.cpu: T0 : 0x1ef22    : add a4, a2, a6             : IntAlu :  D=0x5e434d48415e434b
2019500: system.cpu: T0 : 0x1ef26    : xori a2, a2, 18446744073709551615 : IntAlu :  D=0xa0bbb1b6bda0bbb3
2020000: system.cpu: T0 : 0x1ef2a    : c_and a4, a2               : IntAlu :  D=0x0003010001000303
2020500: system.cpu: T0 : 0x1ef2c    : c_and a4, a1               : IntAlu :  D=0x0000000000000000
2021000: system.cpu: T0 : 0x1ef2e    : c_beqz a4, 50              : IntAlu : 
2021500: system.cpu: T0 : 0x1ef60    : c_mv a5, a3                : IntAlu :  D=0x0000000000050048
2022000: system.cpu: T0 : 0x1ef62    : c_j -70                    : IntAlu : 
2022500: system.cpu: T0 : 0x1ef1c    : c_ld a2, 0(a5)             : MemRead :  D=0x0000000000574f4e A=0x50048
2023500: system.cpu: T0 : 0x1ef1e    : addi a3, a5, 8             : IntAlu :  D=0x0000000000050050
2024500: system.cpu: T0 : 0x1ef22    : add a4, a2, a6             : IntAlu :  D=0xfefefefeff564e4d
2025500: system.cpu: T0 : 0x1ef26    : xori a2, a2, 18446744073709551615 : IntAlu :  D=0xffffffffffa8b0b1
2026000: system.cpu: T0 : 0x1ef2a    : c_and a4, a2               : IntAlu :  D=0xfefefefeff000001
2026500: system.cpu: T0 : 0x1ef2c    : c_and a4, a1               : IntAlu :  D=0x8080808080000000
2027000: system.cpu: T0 : 0x1ef2e    : c_beqz a4, 50              : IntAlu : 
2027500: system.cpu: T0 : 0x1ef30    : lbu a4, -8(a3)             : MemRead :  D=0x000000000000004e A=0x50048
2028000: system.cpu: T0 : 0x1ef34    : c_beqz a4, -40             : IntAlu : 
2029000: system.cpu: T0 : 0x1ef36    : lbu a4, -7(a3)             : MemRead :  D=0x000000000000004f A=0x50049
2029500: system.cpu: T0 : 0x1ef3a    : c_beqz a4, 50              : IntAlu : 
2030000: system.cpu: T0 : 0x1ef3c    : lbu a4, -6(a3)             : MemRead :  D=0x0000000000000057 A=0x5004a
2030500: system.cpu: T0 : 0x1ef40    : c_beqz a4, 52              : IntAlu : 
2031500: system.cpu: T0 : 0x1ef42    : lbu a4, -5(a3)             : MemRead :  D=0x0000000000000000 A=0x5004b
2032000: system.cpu: T0 : 0x1ef46    : c_beqz a4, 54              : IntAlu : 
2032500: system.cpu: T0 : 0x1ef7c    : c_sub a5, a0               : IntAlu :  D=0x0000000000000008
2033500: system.cpu: T0 : 0x1ef7e    : addi a0, a5, 3             : IntAlu :  D=0x000000000000000b
2034000: system.cpu: T0 : 0x1ef82    : c_jr ra                    : IntAlu : 
2034500: system.cpu: T0 : 0x14900    : slli a5, s5, 8             : IntAlu :  D=0x0000000000004400
2035000: system.cpu: T0 : 0x14904    : or a5, s2, a5              : IntAlu :  D=0x000000000000444c
2035500: system.cpu: T0 : 0x14908    : slliw s2, a5, 16           : IntAlu :  D=0x00000000444c0000
2036000: system.cpu: T0 : 0x1490c    : c_mv s3, a0                : IntAlu :  D=0x000000000000000b
2037000: system.cpu: T0 : 0x1490e    : sraiw s2, s2, 16           : IntAlu :  D=0x000000000000444c
2038000: system.cpu: T0 : 0x14912    : addi s5, a0, -2            : IntAlu :  D=0x0000000000000009
2038500: system.cpu: T0 : 0x14916    : c_addi s4, 2               : IntAlu :  D=0x0000000000050042
2039000: system.cpu: T0 : 0x14918    : c_beqz s0, -50             : IntAlu : 
2039500: system.cpu: T0 : 0x148e6    : c_ldsp ra, 56(sp)          : MemRead :  D=0x0000000000022a6a A=0x7ffffffffffffd28
2040000: system.cpu: T0 : 0x148e8    : c_mv a0, s0                : IntAlu :  D=0x0000000000000000
2040500: system.cpu: T0 : 0x148ea    : c_ldsp s0, 48(sp)          : MemRead :  D=0x000000000006ef80 A=0x7ffffffffffffd20
2041000: system.cpu: T0 : 0x148ec    : c_ldsp s1, 40(sp)          : MemRead :  D=0x000000000006fe60 A=0x7ffffffffffffd18
2041500: system.cpu: T0 : 0x148ee    : c_ldsp s2, 32(sp)          : MemRead :  D=0x0000000000072000 A=0x7ffffffffffffd10
2042000: system.cpu: T0 : 0x148f0    : c_ldsp s3, 24(sp)          : MemRead :  D=0x0000000000072000 A=0x7ffffffffffffd08
2042500: system.cpu: T0 : 0x148f2    : c_ldsp s4, 16(sp)          : MemRead :  D=0x0000000000070000 A=0x7ffffffffffffd00
2043000: system.cpu: T0 : 0x148f4    : c_ldsp s5, 8(sp)           : MemRead :  D=0x0000000000072000 A=0x7ffffffffffffcf8
2043500: system.cpu: T0 : 0x148f6    : c_ldsp s6, 0(sp)           : MemRead :  D=0x0000000000072000 A=0x7ffffffffffffcf0
2044000: system.cpu: T0 : 0x148f8    : c_addi16sp sp, 64          : IntAlu :  D=0x7ffffffffffffd30
2044500: system.cpu: T0 : 0x148fa    : c_jr ra                    : IntAlu : 
2045000: system.cpu: T0 : 0x22a6a    : c_li a5, 1                 : IntAlu :  D=0x0000000000000001
2045500: system.cpu: T0 : 0x22a6c    : c_beqz a0, 10              : IntAlu : 
2046500: system.cpu: T0 : 0x22a76    : lui a0, 80                 : IntAlu :  D=0x0000000000050000
2047500: system.cpu: T0 : 0x22a7a    : lui a4, 114                : IntAlu :  D=0x0000000000072000
2048500: system.cpu: T0 : 0x22a7e    : addi a0, a0, 80            : IntAlu :  D=0x0000000000050050
2049500: system.cpu: T0 : 0x22a82    : sw a5, -488(a4)            : MemWrite :  D=0x0000000000000001 A=0x71e18
2050500: system.cpu: T0 : 0x22a86    : jal ra, -57870             : IntAlu :  D=0x0000000000022a8a
2051000: system.cpu: T0 : 0x14878    : c_addi16sp sp, -64         : IntAlu :  D=0x7ffffffffffffcf0
2051500: system.cpu: T0 : 0x1487a    : c_sdsp s1, 40(sp)          : MemWrite :  D=0x000000000006fe60 A=0x7ffffffffffffd18
2052000: system.cpu: T0 : 0x1487c    : ld s1, -1360(gp)           : MemRead :  D=0x7fffffffffffff48 A=0x70ad8
2052500: system.cpu: T0 : 0x14880    : c_sdsp ra, 56(sp)          : MemWrite :  D=0x0000000000022a8a A=0x7ffffffffffffd28
2053000: system.cpu: T0 : 0x14882    : c_sdsp s0, 48(sp)          : MemWrite :  D=0x000000000006ef80 A=0x7ffffffffffffd20
2053500: system.cpu: T0 : 0x14884    : c_sdsp s2, 32(sp)          : MemWrite :  D=0x0000000000072000 A=0x7ffffffffffffd10
2054000: system.cpu: T0 : 0x14886    : c_sdsp s3, 24(sp)          : MemWrite :  D=0x0000000000072000 A=0x7ffffffffffffd08
2054500: system.cpu: T0 : 0x14888    : c_sdsp s4, 16(sp)          : MemWrite :  D=0x0000000000070000 A=0x7ffffffffffffd00
2055000: system.cpu: T0 : 0x1488a    : c_sdsp s5, 8(sp)           : MemWrite :  D=0x0000000000072000 A=0x7ffffffffffffcf8
2055500: system.cpu: T0 : 0x1488c    : c_sdsp s6, 0(sp)           : MemWrite :  D=0x0000000000072000 A=0x7ffffffffffffcf0
2056000: system.cpu: T0 : 0x1488e    : c_beqz s1, 210             : IntAlu : 
2056500: system.cpu: T0 : 0x14890    : lbu a5, 0(a0)              : MemRead :  D=0x000000000000004c A=0x50050
2057000: system.cpu: T0 : 0x14894    : c_mv s4, a0                : IntAlu :  D=0x0000000000050050
2057500: system.cpu: T0 : 0x14896    : c_beqz a5, 202             : IntAlu : 
2058000: system.cpu: T0 : 0x14898    : lbu s5, 1(a0)              : MemRead :  D=0x0000000000000044 A=0x50051
2058500: system.cpu: T0 : 0x1489c    : slliw s2, a5, 16           : IntAlu :  D=0x00000000004c0000
2059000: system.cpu: T0 : 0x148a0    : c_ld s0, 0(s1)             : MemRead :  D=0x0000000000000000 A=0x7fffffffffffff48
2060000: system.cpu: T0 : 0x148a2    : sraiw s2, s2, 16           : IntAlu :  D=0x000000000000004c
2061000: system.cpu: T0 : 0x148a6    : bne s5, zero, 86           : IntAlu : 
2061500: system.cpu: T0 : 0x148fc    : jal ra, 42488              : IntAlu :  D=0x0000000000014900
2062000: system.cpu: T0 : 0x1eef4    : andi a5, a0, 7             : IntAlu :  D=0x0000000000000000
2062500: system.cpu: T0 : 0x1eef8    : c_beqz a5, 26              : IntAlu : 
2063000: system.cpu: T0 : 0x1ef12    : c_mv a5, a0                : IntAlu :  D=0x0000000000050050
2063500: system.cpu: T0 : 0x1ef14    : ld a6, -2024(gp)           : MemRead :  D=0xfefefefefefefeff A=0x70840
2064000: system.cpu: T0 : 0x1ef18    : ld a1, -2016(gp)           : MemRead :  D=0x8080808080808080 A=0x70848
2064500: system.cpu: T0 : 0x1ef1c    : c_ld a2, 0(a5)             : MemRead :  D=0x5f444e49425f444c A=0x50050
2065500: system.cpu: T0 : 0x1ef1e    : addi a3, a5, 8             : IntAlu :  D=0x0000000000050058
2066500: system.cpu: T0 : 0x1ef22    : add a4, a2, a6             : IntAlu :  D=0x5e434d48415e434b
2067500: system.cpu: T0 : 0x1ef26    : xori a2, a2, 18446744073709551615 : IntAlu :  D=0xa0bbb1b6bda0bbb3
2068000: system.cpu: T0 : 0x1ef2a    : c_and a4, a2               : IntAlu :  D=0x0003010001000303
2068500: system.cpu: T0 : 0x1ef2c    : c_and a4, a1               : IntAlu :  D=0x0000000000000000
2069000: system.cpu: T0 : 0x1ef2e    : c_beqz a4, 50              : IntAlu : 
2069500: system.cpu: T0 : 0x1ef60    : c_mv a5, a3                : IntAlu :  D=0x0000000000050058
2070000: system.cpu: T0 : 0x1ef62    : c_j -70                    : IntAlu : 
2070500: system.cpu: T0 : 0x1ef1c    : c_ld a2, 0(a5)             : MemRead :  D=0x0000000000544f4e A=0x50058
2071500: system.cpu: T0 : 0x1ef1e    : addi a3, a5, 8             : IntAlu :  D=0x0000000000050060
2072500: system.cpu: T0 : 0x1ef22    : add a4, a2, a6             : IntAlu :  D=0xfefefefeff534e4d
2073500: system.cpu: T0 : 0x1ef26    : xori a2, a2, 18446744073709551615 : IntAlu :  D=0xffffffffffabb0b1
2074000: system.cpu: T0 : 0x1ef2a    : c_and a4, a2               : IntAlu :  D=0xfefefefeff030001
2074500: system.cpu: T0 : 0x1ef2c    : c_and a4, a1               : IntAlu :  D=0x8080808080000000
2075000: system.cpu: T0 : 0x1ef2e    : c_beqz a4, 50              : IntAlu : 
2075500: system.cpu: T0 : 0x1ef30    : lbu a4, -8(a3)             : MemRead :  D=0x000000000000004e A=0x50058
2076000: system.cpu: T0 : 0x1ef34    : c_beqz a4, -40             : IntAlu : 
2077000: system.cpu: T0 : 0x1ef36    : lbu a4, -7(a3)             : MemRead :  D=0x000000000000004f A=0x50059
2077500: system.cpu: T0 : 0x1ef3a    : c_beqz a4, 50              : IntAlu : 
2078000: system.cpu: T0 : 0x1ef3c    : lbu a4, -6(a3)             : MemRead :  D=0x0000000000000054 A=0x5005a
2078500: system.cpu: T0 : 0x1ef40    : c_beqz a4, 52              : IntAlu : 
2079500: system.cpu: T0 : 0x1ef42    : lbu a4, -5(a3)             : MemRead :  D=0x0000000000000000 A=0x5005b
2080000: system.cpu: T0 : 0x1ef46    : c_beqz a4, 54              : IntAlu : 
2080500: system.cpu: T0 : 0x1ef7c    : c_sub a5, a0               : IntAlu :  D=0x0000000000000008
2081500: system.cpu: T0 : 0x1ef7e    : addi a0, a5, 3             : IntAlu :  D=0x000000000000000b
2082000: system.cpu: T0 : 0x1ef82    : c_jr ra                    : IntAlu : 
2082500: system.cpu: T0 : 0x14900    : slli a5, s5, 8             : IntAlu :  D=0x0000000000004400
2083000: system.cpu: T0 : 0x14904    : or a5, s2, a5              : IntAlu :  D=0x000000000000444c
2083500: system.cpu: T0 : 0x14908    : slliw s2, a5, 16           : IntAlu :  D=0x00000000444c0000
2084000: system.cpu: T0 : 0x1490c    : c_mv s3, a0                : IntAlu :  D=0x000000000000000b
2085000: system.cpu: T0 : 0x1490e    : sraiw s2, s2, 16           : IntAlu :  D=0x000000000000444c
2086000: system.cpu: T0 : 0x14912    : addi s5, a0, -2            : IntAlu :  D=0x0000000000000009
2086500: system.cpu: T0 : 0x14916    : c_addi s4, 2               : IntAlu :  D=0x0000000000050052
2087000: system.cpu: T0 : 0x14918    : c_beqz s0, -50             : IntAlu : 
2087500: system.cpu: T0 : 0x148e6    : c_ldsp ra, 56(sp)          : MemRead :  D=0x0000000000022a8a A=0x7ffffffffffffd28
2088000: system.cpu: T0 : 0x148e8    : c_mv a0, s0                : IntAlu :  D=0x0000000000000000
2088500: system.cpu: T0 : 0x148ea    : c_ldsp s0, 48(sp)          : MemRead :  D=0x000000000006ef80 A=0x7ffffffffffffd20
2089000: system.cpu: T0 : 0x148ec    : c_ldsp s1, 40(sp)          : MemRead :  D=0x000000000006fe60 A=0x7ffffffffffffd18
2089500: system.cpu: T0 : 0x148ee    : c_ldsp s2, 32(sp)          : MemRead :  D=0x0000000000072000 A=0x7ffffffffffffd10
2090000: system.cpu: T0 : 0x148f0    : c_ldsp s3, 24(sp)          : MemRead :  D=0x0000000000072000 A=0x7ffffffffffffd08
2090500: system.cpu: T0 : 0x148f2    : c_ldsp s4, 16(sp)          : MemRead :  D=0x0000000000070000 A=0x7ffffffffffffd00
2091000: system.cpu: T0 : 0x148f4    : c_ldsp s5, 8(sp)           : MemRead :  D=0x0000000000072000 A=0x7ffffffffffffcf8
2091500: system.cpu: T0 : 0x148f6    : c_ldsp s6, 0(sp)           : MemRead :  D=0x0000000000072000 A=0x7ffffffffffffcf0
2092000: system.cpu: T0 : 0x148f8    : c_addi16sp sp, 64          : IntAlu :  D=0x7ffffffffffffd30
2092500: system.cpu: T0 : 0x148fa    : c_jr ra                    : IntAlu : 
2093000: system.cpu: T0 : 0x22a8a    : c_li a5, 0                 : IntAlu :  D=0x0000000000000000
2093500: system.cpu: T0 : 0x22a8c    : c_beqz a0, 10              : IntAlu : 
2094500: system.cpu: T0 : 0x22a96    : lui a0, 80                 : IntAlu :  D=0x0000000000050000
2095500: system.cpu: T0 : 0x22a9a    : lui a4, 114                : IntAlu :  D=0x0000000000072000
2096500: system.cpu: T0 : 0x22a9e    : addi a0, a0, 96            : IntAlu :  D=0x0000000000050060
2097500: system.cpu: T0 : 0x22aa2    : sw a5, -512(a4)            : MemWrite :  D=0x0000000000000000 A=0x71e00
2098500: system.cpu: T0 : 0x22aa6    : jal ra, -57902             : IntAlu :  D=0x0000000000022aaa
2099000: system.cpu: T0 : 0x14878    : c_addi16sp sp, -64         : IntAlu :  D=0x7ffffffffffffcf0
2099500: system.cpu: T0 : 0x1487a    : c_sdsp s1, 40(sp)          : MemWrite :  D=0x000000000006fe60 A=0x7ffffffffffffd18
2100000: system.cpu: T0 : 0x1487c    : ld s1, -1360(gp)           : MemRead :  D=0x7fffffffffffff48 A=0x70ad8
2100500: system.cpu: T0 : 0x14880    : c_sdsp ra, 56(sp)          : MemWrite :  D=0x0000000000022aaa A=0x7ffffffffffffd28
2101000: system.cpu: T0 : 0x14882    : c_sdsp s0, 48(sp)          : MemWrite :  D=0x000000000006ef80 A=0x7ffffffffffffd20
2101500: system.cpu: T0 : 0x14884    : c_sdsp s2, 32(sp)          : MemWrite :  D=0x0000000000072000 A=0x7ffffffffffffd10
2102000: system.cpu: T0 : 0x14886    : c_sdsp s3, 24(sp)          : MemWrite :  D=0x0000000000072000 A=0x7ffffffffffffd08
2102500: system.cpu: T0 : 0x14888    : c_sdsp s4, 16(sp)          : MemWrite :  D=0x0000000000070000 A=0x7ffffffffffffd00
2103000: system.cpu: T0 : 0x1488a    : c_sdsp s5, 8(sp)           : MemWrite :  D=0x0000000000072000 A=0x7ffffffffffffcf8
2103500: system.cpu: T0 : 0x1488c    : c_sdsp s6, 0(sp)           : MemWrite :  D=0x0000000000072000 A=0x7ffffffffffffcf0
2104000: system.cpu: T0 : 0x1488e    : c_beqz s1, 210             : IntAlu : 
2104500: system.cpu: T0 : 0x14890    : lbu a5, 0(a0)              : MemRead :  D=0x000000000000004c A=0x50060
2105000: system.cpu: T0 : 0x14894    : c_mv s4, a0                : IntAlu :  D=0x0000000000050060
2105500: system.cpu: T0 : 0x14896    : c_beqz a5, 202             : IntAlu : 
2106000: system.cpu: T0 : 0x14898    : lbu s5, 1(a0)              : MemRead :  D=0x0000000000000044 A=0x50061
2106500: system.cpu: T0 : 0x1489c    : slliw s2, a5, 16           : IntAlu :  D=0x00000000004c0000
2107000: system.cpu: T0 : 0x148a0    : c_ld s0, 0(s1)             : MemRead :  D=0x0000000000000000 A=0x7fffffffffffff48
2108000: system.cpu: T0 : 0x148a2    : sraiw s2, s2, 16           : IntAlu :  D=0x000000000000004c
2109000: system.cpu: T0 : 0x148a6    : bne s5, zero, 86           : IntAlu : 
2109500: system.cpu: T0 : 0x148fc    : jal ra, 42488              : IntAlu :  D=0x0000000000014900
2110000: system.cpu: T0 : 0x1eef4    : andi a5, a0, 7             : IntAlu :  D=0x0000000000000000
2110500: system.cpu: T0 : 0x1eef8    : c_beqz a5, 26              : IntAlu : 
2111000: system.cpu: T0 : 0x1ef12    : c_mv a5, a0                : IntAlu :  D=0x0000000000050060
2111500: system.cpu: T0 : 0x1ef14    : ld a6, -2024(gp)           : MemRead :  D=0xfefefefefefefeff A=0x70840
2112000: system.cpu: T0 : 0x1ef18    : ld a1, -2016(gp)           : MemRead :  D=0x8080808080808080 A=0x70848
2112500: system.cpu: T0 : 0x1ef1c    : c_ld a2, 0(a5)             : MemRead :  D=0x4d414e59445f444c A=0x50060
2113500: system.cpu: T0 : 0x1ef1e    : addi a3, a5, 8             : IntAlu :  D=0x0000000000050068
2114500: system.cpu: T0 : 0x1ef22    : add a4, a2, a6             : IntAlu :  D=0x4c404d58435e434b
2115500: system.cpu: T0 : 0x1ef26    : xori a2, a2, 18446744073709551615 : IntAlu :  D=0xb2beb1a6bba0bbb3
2116000: system.cpu: T0 : 0x1ef2a    : c_and a4, a2               : IntAlu :  D=0x0000010003000303
2116500: system.cpu: T0 : 0x1ef2c    : c_and a4, a1               : IntAlu :  D=0x0000000000000000
2117000: system.cpu: T0 : 0x1ef2e    : c_beqz a4, 50              : IntAlu : 
2117500: system.cpu: T0 : 0x1ef60    : c_mv a5, a3                : IntAlu :  D=0x0000000000050068
2118000: system.cpu: T0 : 0x1ef62    : c_j -70                    : IntAlu : 
2118500: system.cpu: T0 : 0x1ef1c    : c_ld a2, 0(a5)             : MemRead :  D=0x004b4145575f4349 A=0x50068
2119500: system.cpu: T0 : 0x1ef1e    : addi a3, a5, 8             : IntAlu :  D=0x0000000000050070
2120500: system.cpu: T0 : 0x1ef22    : add a4, a2, a6             : IntAlu :  D=0xff4a4044565e4248
2121500: system.cpu: T0 : 0x1ef26    : xori a2, a2, 18446744073709551615 : IntAlu :  D=0xffb4bebaa8a0bcb6
2122000: system.cpu: T0 : 0x1ef2a    : c_and a4, a2               : IntAlu :  D=0xff00000000000000
2122500: system.cpu: T0 : 0x1ef2c    : c_and a4, a1               : IntAlu :  D=0x8000000000000000
2123000: system.cpu: T0 : 0x1ef2e    : c_beqz a4, 50              : IntAlu : 
2123500: system.cpu: T0 : 0x1ef30    : lbu a4, -8(a3)             : MemRead :  D=0x0000000000000049 A=0x50068
2124000: system.cpu: T0 : 0x1ef34    : c_beqz a4, -40             : IntAlu : 
2125000: system.cpu: T0 : 0x1ef36    : lbu a4, -7(a3)             : MemRead :  D=0x0000000000000043 A=0x50069
2125500: system.cpu: T0 : 0x1ef3a    : c_beqz a4, 50              : IntAlu : 
2126000: system.cpu: T0 : 0x1ef3c    : lbu a4, -6(a3)             : MemRead :  D=0x000000000000005f A=0x5006a
2126500: system.cpu: T0 : 0x1ef40    : c_beqz a4, 52              : IntAlu : 
2127500: system.cpu: T0 : 0x1ef42    : lbu a4, -5(a3)             : MemRead :  D=0x0000000000000057 A=0x5006b
2128000: system.cpu: T0 : 0x1ef46    : c_beqz a4, 54              : IntAlu : 
2128500: system.cpu: T0 : 0x1ef48    : lbu a4, -4(a3)             : MemRead :  D=0x0000000000000045 A=0x5006c
2129000: system.cpu: T0 : 0x1ef4c    : c_beqz a4, 56              : IntAlu : 
2130000: system.cpu: T0 : 0x1ef4e    : lbu a4, -3(a3)             : MemRead :  D=0x0000000000000041 A=0x5006d
2130500: system.cpu: T0 : 0x1ef52    : c_beqz a4, 58              : IntAlu : 
2131000: system.cpu: T0 : 0x1ef54    : lbu a4, -2(a3)             : MemRead :  D=0x000000000000004b A=0x5006e
2131500: system.cpu: T0 : 0x1ef58    : c_beqz a4, 60              : IntAlu : 
2132500: system.cpu: T0 : 0x1ef5a    : lbu a4, -1(a3)             : MemRead :  D=0x0000000000000000 A=0x5006f
2133000: system.cpu: T0 : 0x1ef5e    : c_beqz a4, 6               : IntAlu : 
2133500: system.cpu: T0 : 0x1ef64    : c_sub a5, a0               : IntAlu :  D=0x0000000000000008
2134500: system.cpu: T0 : 0x1ef66    : addi a0, a5, 7             : IntAlu :  D=0x000000000000000f
2135000: system.cpu: T0 : 0x1ef6a    : c_jr ra                    : IntAlu : 
2135500: system.cpu: T0 : 0x14900    : slli a5, s5, 8             : IntAlu :  D=0x0000000000004400
2136000: system.cpu: T0 : 0x14904    : or a5, s2, a5              : IntAlu :  D=0x000000000000444c
2136500: system.cpu: T0 : 0x14908    : slliw s2, a5, 16           : IntAlu :  D=0x00000000444c0000
2137000: system.cpu: T0 : 0x1490c    : c_mv s3, a0                : IntAlu :  D=0x000000000000000f
2138000: system.cpu: T0 : 0x1490e    : sraiw s2, s2, 16           : IntAlu :  D=0x000000000000444c
2139000: system.cpu: T0 : 0x14912    : addi s5, a0, -2            : IntAlu :  D=0x000000000000000d
2139500: system.cpu: T0 : 0x14916    : c_addi s4, 2               : IntAlu :  D=0x0000000000050062
2140000: system.cpu: T0 : 0x14918    : c_beqz s0, -50             : IntAlu : 
2140500: system.cpu: T0 : 0x148e6    : c_ldsp ra, 56(sp)          : MemRead :  D=0x0000000000022aaa A=0x7ffffffffffffd28
2141000: system.cpu: T0 : 0x148e8    : c_mv a0, s0                : IntAlu :  D=0x0000000000000000
2141500: system.cpu: T0 : 0x148ea    : c_ldsp s0, 48(sp)          : MemRead :  D=0x000000000006ef80 A=0x7ffffffffffffd20
2142000: system.cpu: T0 : 0x148ec    : c_ldsp s1, 40(sp)          : MemRead :  D=0x000000000006fe60 A=0x7ffffffffffffd18
2142500: system.cpu: T0 : 0x148ee    : c_ldsp s2, 32(sp)          : MemRead :  D=0x0000000000072000 A=0x7ffffffffffffd10
2143000: system.cpu: T0 : 0x148f0    : c_ldsp s3, 24(sp)          : MemRead :  D=0x0000000000072000 A=0x7ffffffffffffd08
2143500: system.cpu: T0 : 0x148f2    : c_ldsp s4, 16(sp)          : MemRead :  D=0x0000000000070000 A=0x7ffffffffffffd00
2144000: system.cpu: T0 : 0x148f4    : c_ldsp s5, 8(sp)           : MemRead :  D=0x0000000000072000 A=0x7ffffffffffffcf8
2144500: system.cpu: T0 : 0x148f6    : c_ldsp s6, 0(sp)           : MemRead :  D=0x0000000000072000 A=0x7ffffffffffffcf0
2145000: system.cpu: T0 : 0x148f8    : c_addi16sp sp, 64          : IntAlu :  D=0x7ffffffffffffd30
2145500: system.cpu: T0 : 0x148fa    : c_jr ra                    : IntAlu : 
2146000: system.cpu: T0 : 0x22aaa    : c_li a5, 1                 : IntAlu :  D=0x0000000000000001
2146500: system.cpu: T0 : 0x22aac    : c_beqz a0, 10              : IntAlu : 
2147500: system.cpu: T0 : 0x22ab6    : lui a0, 80                 : IntAlu :  D=0x0000000000050000
2148500: system.cpu: T0 : 0x22aba    : lui a4, 114                : IntAlu :  D=0x0000000000072000
2149500: system.cpu: T0 : 0x22abe    : addi a0, a0, 112           : IntAlu :  D=0x0000000000050070
2150500: system.cpu: T0 : 0x22ac2    : sw a5, -436(a4)            : MemWrite :  D=0x0000000000000001 A=0x71e4c
2151500: system.cpu: T0 : 0x22ac6    : jal ra, -57934             : IntAlu :  D=0x0000000000022aca
2152000: system.cpu: T0 : 0x14878    : c_addi16sp sp, -64         : IntAlu :  D=0x7ffffffffffffcf0
2152500: system.cpu: T0 : 0x1487a    : c_sdsp s1, 40(sp)          : MemWrite :  D=0x000000000006fe60 A=0x7ffffffffffffd18
2153000: system.cpu: T0 : 0x1487c    : ld s1, -1360(gp)           : MemRead :  D=0x7fffffffffffff48 A=0x70ad8
2153500: system.cpu: T0 : 0x14880    : c_sdsp ra, 56(sp)          : MemWrite :  D=0x0000000000022aca A=0x7ffffffffffffd28
2154000: system.cpu: T0 : 0x14882    : c_sdsp s0, 48(sp)          : MemWrite :  D=0x000000000006ef80 A=0x7ffffffffffffd20
2154500: system.cpu: T0 : 0x14884    : c_sdsp s2, 32(sp)          : MemWrite :  D=0x0000000000072000 A=0x7ffffffffffffd10
2155000: system.cpu: T0 : 0x14886    : c_sdsp s3, 24(sp)          : MemWrite :  D=0x0000000000072000 A=0x7ffffffffffffd08
2155500: system.cpu: T0 : 0x14888    : c_sdsp s4, 16(sp)          : MemWrite :  D=0x0000000000070000 A=0x7ffffffffffffd00
2156000: system.cpu: T0 : 0x1488a    : c_sdsp s5, 8(sp)           : MemWrite :  D=0x0000000000072000 A=0x7ffffffffffffcf8
2156500: system.cpu: T0 : 0x1488c    : c_sdsp s6, 0(sp)           : MemWrite :  D=0x0000000000072000 A=0x7ffffffffffffcf0
2157000: system.cpu: T0 : 0x1488e    : c_beqz s1, 210             : IntAlu : 
2157500: system.cpu: T0 : 0x14890    : lbu a5, 0(a0)              : MemRead :  D=0x000000000000004c A=0x50070
2158000: system.cpu: T0 : 0x14894    : c_mv s4, a0                : IntAlu :  D=0x0000000000050070
2158500: system.cpu: T0 : 0x14896    : c_beqz a5, 202             : IntAlu : 
2159000: system.cpu: T0 : 0x14898    : lbu s5, 1(a0)              : MemRead :  D=0x0000000000000044 A=0x50071
2159500: system.cpu: T0 : 0x1489c    : slliw s2, a5, 16           : IntAlu :  D=0x00000000004c0000
2160000: system.cpu: T0 : 0x148a0    : c_ld s0, 0(s1)             : MemRead :  D=0x0000000000000000 A=0x7fffffffffffff48
2161000: system.cpu: T0 : 0x148a2    : sraiw s2, s2, 16           : IntAlu :  D=0x000000000000004c
2162000: system.cpu: T0 : 0x148a6    : bne s5, zero, 86           : IntAlu : 
2162500: system.cpu: T0 : 0x148fc    : jal ra, 42488              : IntAlu :  D=0x0000000000014900
2163000: system.cpu: T0 : 0x1eef4    : andi a5, a0, 7             : IntAlu :  D=0x0000000000000000
2163500: system.cpu: T0 : 0x1eef8    : c_beqz a5, 26              : IntAlu : 
2164000: system.cpu: T0 : 0x1ef12    : c_mv a5, a0                : IntAlu :  D=0x0000000000050070
2164500: system.cpu: T0 : 0x1ef14    : ld a6, -2024(gp)           : MemRead :  D=0xfefefefefefefeff A=0x70840
2165000: system.cpu: T0 : 0x1ef18    : ld a1, -2016(gp)           : MemRead :  D=0x8080808080808080 A=0x70848
2165500: system.cpu: T0 : 0x1ef1c    : c_ld a2, 0(a5)             : MemRead :  D=0x49464f52505f444c A=0x50070
2166500: system.cpu: T0 : 0x1ef1e    : addi a3, a5, 8             : IntAlu :  D=0x0000000000050078
2167500: system.cpu: T0 : 0x1ef22    : add a4, a2, a6             : IntAlu :  D=0x48454e514f5e434b
2168500: system.cpu: T0 : 0x1ef26    : xori a2, a2, 18446744073709551615 : IntAlu :  D=0xb6b9b0adafa0bbb3
2169000: system.cpu: T0 : 0x1ef2a    : c_and a4, a2               : IntAlu :  D=0x000100010f000303
2169500: system.cpu: T0 : 0x1ef2c    : c_and a4, a1               : IntAlu :  D=0x0000000000000000
2170000: system.cpu: T0 : 0x1ef2e    : c_beqz a4, 50              : IntAlu : 
2170500: system.cpu: T0 : 0x1ef60    : c_mv a5, a3                : IntAlu :  D=0x0000000000050078
2171000: system.cpu: T0 : 0x1ef62    : c_j -70                    : IntAlu : 
2171500: system.cpu: T0 : 0x1ef1c    : c_ld a2, 0(a5)             : MemRead :  D=0x555054554f5f454c A=0x50078
2172500: system.cpu: T0 : 0x1ef1e    : addi a3, a5, 8             : IntAlu :  D=0x0000000000050080
2173500: system.cpu: T0 : 0x1ef22    : add a4, a2, a6             : IntAlu :  D=0x544f53544e5e444b
2174500: system.cpu: T0 : 0x1ef26    : xori a2, a2, 18446744073709551615 : IntAlu :  D=0xaaafabaab0a0bab3
2175000: system.cpu: T0 : 0x1ef2a    : c_and a4, a2               : IntAlu :  D=0x000f030000000003
2175500: system.cpu: T0 : 0x1ef2c    : c_and a4, a1               : IntAlu :  D=0x0000000000000000
2176000: system.cpu: T0 : 0x1ef2e    : c_beqz a4, 50              : IntAlu : 
2176500: system.cpu: T0 : 0x1ef60    : c_mv a5, a3                : IntAlu :  D=0x0000000000050080
2177000: system.cpu: T0 : 0x1ef62    : c_j -70                    : IntAlu : 
2177500: system.cpu: T0 : 0x1ef1c    : c_ld a2, 0(a5)             : MemRead :  D=0x0000000000000054 A=0x50080
2178500: system.cpu: T0 : 0x1ef1e    : addi a3, a5, 8             : IntAlu :  D=0x0000000000050088
2179500: system.cpu: T0 : 0x1ef22    : add a4, a2, a6             : IntAlu :  D=0xfefefefefefeff53
2180500: system.cpu: T0 : 0x1ef26    : xori a2, a2, 18446744073709551615 : IntAlu :  D=0xffffffffffffffab
2181000: system.cpu: T0 : 0x1ef2a    : c_and a4, a2               : IntAlu :  D=0xfefefefefefeff03
2181500: system.cpu: T0 : 0x1ef2c    : c_and a4, a1               : IntAlu :  D=0x8080808080808000
2182000: system.cpu: T0 : 0x1ef2e    : c_beqz a4, 50              : IntAlu : 
2182500: system.cpu: T0 : 0x1ef30    : lbu a4, -8(a3)             : MemRead :  D=0x0000000000000054 A=0x50080
2183000: system.cpu: T0 : 0x1ef34    : c_beqz a4, -40             : IntAlu : 
2184000: system.cpu: T0 : 0x1ef36    : lbu a4, -7(a3)             : MemRead :  D=0x0000000000000000 A=0x50081
2184500: system.cpu: T0 : 0x1ef3a    : c_beqz a4, 50              : IntAlu : 
2185000: system.cpu: T0 : 0x1ef6c    : c_sub a5, a0               : IntAlu :  D=0x0000000000000010
2186000: system.cpu: T0 : 0x1ef6e    : addi a0, a5, 1             : IntAlu :  D=0x0000000000000011
2186500: system.cpu: T0 : 0x1ef72    : c_jr ra                    : IntAlu : 
2187000: system.cpu: T0 : 0x14900    : slli a5, s5, 8             : IntAlu :  D=0x0000000000004400
2187500: system.cpu: T0 : 0x14904    : or a5, s2, a5              : IntAlu :  D=0x000000000000444c
2188000: system.cpu: T0 : 0x14908    : slliw s2, a5, 16           : IntAlu :  D=0x00000000444c0000
2188500: system.cpu: T0 : 0x1490c    : c_mv s3, a0                : IntAlu :  D=0x0000000000000011
2189500: system.cpu: T0 : 0x1490e    : sraiw s2, s2, 16           : IntAlu :  D=0x000000000000444c
2190500: system.cpu: T0 : 0x14912    : addi s5, a0, -2            : IntAlu :  D=0x000000000000000f
2191000: system.cpu: T0 : 0x14916    : c_addi s4, 2               : IntAlu :  D=0x0000000000050072
2191500: system.cpu: T0 : 0x14918    : c_beqz s0, -50             : IntAlu : 
2192000: system.cpu: T0 : 0x148e6    : c_ldsp ra, 56(sp)          : MemRead :  D=0x0000000000022aca A=0x7ffffffffffffd28
2192500: system.cpu: T0 : 0x148e8    : c_mv a0, s0                : IntAlu :  D=0x0000000000000000
2193000: system.cpu: T0 : 0x148ea    : c_ldsp s0, 48(sp)          : MemRead :  D=0x000000000006ef80 A=0x7ffffffffffffd20
2193500: system.cpu: T0 : 0x148ec    : c_ldsp s1, 40(sp)          : MemRead :  D=0x000000000006fe60 A=0x7ffffffffffffd18
2194000: system.cpu: T0 : 0x148ee    : c_ldsp s2, 32(sp)          : MemRead :  D=0x0000000000072000 A=0x7ffffffffffffd10
2194500: system.cpu: T0 : 0x148f0    : c_ldsp s3, 24(sp)          : MemRead :  D=0x0000000000072000 A=0x7ffffffffffffd08
2195000: system.cpu: T0 : 0x148f2    : c_ldsp s4, 16(sp)          : MemRead :  D=0x0000000000070000 A=0x7ffffffffffffd00
2195500: system.cpu: T0 : 0x148f4    : c_ldsp s5, 8(sp)           : MemRead :  D=0x0000000000072000 A=0x7ffffffffffffcf8
2196000: system.cpu: T0 : 0x148f6    : c_ldsp s6, 0(sp)           : MemRead :  D=0x0000000000072000 A=0x7ffffffffffffcf0
2196500: system.cpu: T0 : 0x148f8    : c_addi16sp sp, 64          : IntAlu :  D=0x7ffffffffffffd30
2197000: system.cpu: T0 : 0x148fa    : c_jr ra                    : IntAlu : 
2198000: system.cpu: T0 : 0x22aca    : lui a4, 114                : IntAlu :  D=0x0000000000072000
2199000: system.cpu: T0 : 0x22ace    : sd a0, -552(a4)            : MemWrite :  D=0x0000000000000000 A=0x71dd8
2200000: system.cpu: T0 : 0x22ad2    : beq a0, zero, 550          : IntAlu : 
2200500: system.cpu: T0 : 0x22cf8    : lui a5, 111                : IntAlu :  D=0x000000000006f000
2201000: system.cpu: T0 : 0x22cfc    : lw a5, -72(a5)             : MemRead :  D=0x0000000000000000 A=0x6efb8
2201500: system.cpu: T0 : 0x22d00    : c_beqz a5, -140            : IntAlu : 
2202000: system.cpu: T0 : 0x22c74    : lui a3, 80                 : IntAlu :  D=0x0000000000050000
2202500: system.cpu: T0 : 0x22c78    : addi a3, a3, -608          : IntAlu :  D=0x000000000004fda0
2203000: system.cpu: T0 : 0x22c7c    : c_j -396                   : IntAlu : 
2203500: system.cpu: T0 : 0x22af0    : sd a3, -552(a4)            : MemWrite :  D=0x000000000004fda0 A=0x71dd8
2204000: system.cpu: T0 : 0x22af4    : bne a5, zero, 344          : IntAlu : 
2204500: system.cpu: T0 : 0x22af8    : lui a0, 80                 : IntAlu :  D=0x0000000000050000
2205000: system.cpu: T0 : 0x22afc    : addi a0, a0, 136           : IntAlu :  D=0x0000000000050088
2205500: system.cpu: T0 : 0x22b00    : jal ra, -57992             : IntAlu :  D=0x0000000000022b04
2206000: system.cpu: T0 : 0x14878    : c_addi16sp sp, -64         : IntAlu :  D=0x7ffffffffffffcf0
2206500: system.cpu: T0 : 0x1487a    : c_sdsp s1, 40(sp)          : MemWrite :  D=0x000000000006fe60 A=0x7ffffffffffffd18
2207000: system.cpu: T0 : 0x1487c    : ld s1, -1360(gp)           : MemRead :  D=0x7fffffffffffff48 A=0x70ad8
2207500: system.cpu: T0 : 0x14880    : c_sdsp ra, 56(sp)          : MemWrite :  D=0x0000000000022b04 A=0x7ffffffffffffd28
2208000: system.cpu: T0 : 0x14882    : c_sdsp s0, 48(sp)          : MemWrite :  D=0x000000000006ef80 A=0x7ffffffffffffd20
2208500: system.cpu: T0 : 0x14884    : c_sdsp s2, 32(sp)          : MemWrite :  D=0x0000000000072000 A=0x7ffffffffffffd10
2209000: system.cpu: T0 : 0x14886    : c_sdsp s3, 24(sp)          : MemWrite :  D=0x0000000000072000 A=0x7ffffffffffffd08
2209500: system.cpu: T0 : 0x14888    : c_sdsp s4, 16(sp)          : MemWrite :  D=0x0000000000070000 A=0x7ffffffffffffd00
2210000: system.cpu: T0 : 0x1488a    : c_sdsp s5, 8(sp)           : MemWrite :  D=0x0000000000072000 A=0x7ffffffffffffcf8
2210500: system.cpu: T0 : 0x1488c    : c_sdsp s6, 0(sp)           : MemWrite :  D=0x0000000000072000 A=0x7ffffffffffffcf0
2211000: system.cpu: T0 : 0x1488e    : c_beqz s1, 210             : IntAlu : 
2211500: system.cpu: T0 : 0x14890    : lbu a5, 0(a0)              : MemRead :  D=0x000000000000004c A=0x50088
2212000: system.cpu: T0 : 0x14894    : c_mv s4, a0                : IntAlu :  D=0x0000000000050088
2212500: system.cpu: T0 : 0x14896    : c_beqz a5, 202             : IntAlu : 
2213000: system.cpu: T0 : 0x14898    : lbu s5, 1(a0)              : MemRead :  D=0x0000000000000044 A=0x50089
2213500: system.cpu: T0 : 0x1489c    : slliw s2, a5, 16           : IntAlu :  D=0x00000000004c0000
2214000: system.cpu: T0 : 0x148a0    : c_ld s0, 0(s1)             : MemRead :  D=0x0000000000000000 A=0x7fffffffffffff48
2215000: system.cpu: T0 : 0x148a2    : sraiw s2, s2, 16           : IntAlu :  D=0x000000000000004c
2216000: system.cpu: T0 : 0x148a6    : bne s5, zero, 86           : IntAlu : 
2216500: system.cpu: T0 : 0x148fc    : jal ra, 42488              : IntAlu :  D=0x0000000000014900
2217000: system.cpu: T0 : 0x1eef4    : andi a5, a0, 7             : IntAlu :  D=0x0000000000000000
2217500: system.cpu: T0 : 0x1eef8    : c_beqz a5, 26              : IntAlu : 
2218000: system.cpu: T0 : 0x1ef12    : c_mv a5, a0                : IntAlu :  D=0x0000000000050088
2218500: system.cpu: T0 : 0x1ef14    : ld a6, -2024(gp)           : MemRead :  D=0xfefefefefefefeff A=0x70840
2219000: system.cpu: T0 : 0x1ef18    : ld a1, -2016(gp)           : MemRead :  D=0x8080808080808080 A=0x70848
2219500: system.cpu: T0 : 0x1ef1c    : c_ld a2, 0(a5)             : MemRead :  D=0x4d555353415f444c A=0x50088
2220500: system.cpu: T0 : 0x1ef1e    : addi a3, a5, 8             : IntAlu :  D=0x0000000000050090
2221500: system.cpu: T0 : 0x1ef22    : add a4, a2, a6             : IntAlu :  D=0x4c545252405e434b
2222500: system.cpu: T0 : 0x1ef26    : xori a2, a2, 18446744073709551615 : IntAlu :  D=0xb2aaacacbea0bbb3
2223000: system.cpu: T0 : 0x1ef2a    : c_and a4, a2               : IntAlu :  D=0x0000000000000303
2223500: system.cpu: T0 : 0x1ef2c    : c_and a4, a1               : IntAlu :  D=0x0000000000000000
2224000: system.cpu: T0 : 0x1ef2e    : c_beqz a4, 50              : IntAlu : 
2224500: system.cpu: T0 : 0x1ef60    : c_mv a5, a3                : IntAlu :  D=0x0000000000050090
2225000: system.cpu: T0 : 0x1ef62    : c_j -70                    : IntAlu : 
2225500: system.cpu: T0 : 0x1ef1c    : c_ld a2, 0(a5)             : MemRead :  D=0x4c454e52454b5f45 A=0x50090
2226500: system.cpu: T0 : 0x1ef1e    : addi a3, a5, 8             : IntAlu :  D=0x0000000000050098
2227500: system.cpu: T0 : 0x1ef22    : add a4, a2, a6             : IntAlu :  D=0x4b444d51444a5e44
2228500: system.cpu: T0 : 0x1ef26    : xori a2, a2, 18446744073709551615 : IntAlu :  D=0xb3bab1adbab4a0ba
2229000: system.cpu: T0 : 0x1ef2a    : c_and a4, a2               : IntAlu :  D=0x0300010100000000
2229500: system.cpu: T0 : 0x1ef2c    : c_and a4, a1               : IntAlu :  D=0x0000000000000000
2230000: system.cpu: T0 : 0x1ef2e    : c_beqz a4, 50              : IntAlu : 
2230500: system.cpu: T0 : 0x1ef60    : c_mv a5, a3                : IntAlu :  D=0x0000000000050098
2231000: system.cpu: T0 : 0x1ef62    : c_j -70                    : IntAlu : 
2231500: system.cpu: T0 : 0x1ef1c    : c_ld a2, 0(a5)             : MemRead :  D=0x0000000000000000 A=0x50098
2232500: system.cpu: T0 : 0x1ef1e    : addi a3, a5, 8             : IntAlu :  D=0x00000000000500a0
2233500: system.cpu: T0 : 0x1ef22    : add a4, a2, a6             : IntAlu :  D=0xfefefefefefefeff
2234500: system.cpu: T0 : 0x1ef26    : xori a2, a2, 18446744073709551615 : IntAlu :  D=0xffffffffffffffff
2235000: system.cpu: T0 : 0x1ef2a    : c_and a4, a2               : IntAlu :  D=0xfefefefefefefeff
2235500: system.cpu: T0 : 0x1ef2c    : c_and a4, a1               : IntAlu :  D=0x8080808080808080
2236000: system.cpu: T0 : 0x1ef2e    : c_beqz a4, 50              : IntAlu : 
2236500: system.cpu: T0 : 0x1ef30    : lbu a4, -8(a3)             : MemRead :  D=0x0000000000000000 A=0x50098
2237000: system.cpu: T0 : 0x1ef34    : c_beqz a4, -40             : IntAlu : 
2237500: system.cpu: T0 : 0x1ef0c    : sub a0, a5, a0             : IntAlu :  D=0x0000000000000010
2238000: system.cpu: T0 : 0x1ef10    : c_jr ra                    : IntAlu : 
2238500: system.cpu: T0 : 0x14900    : slli a5, s5, 8             : IntAlu :  D=0x0000000000004400
2239000: system.cpu: T0 : 0x14904    : or a5, s2, a5              : IntAlu :  D=0x000000000000444c
2239500: system.cpu: T0 : 0x14908    : slliw s2, a5, 16           : IntAlu :  D=0x00000000444c0000
2240000: system.cpu: T0 : 0x1490c    : c_mv s3, a0                : IntAlu :  D=0x0000000000000010
2241000: system.cpu: T0 : 0x1490e    : sraiw s2, s2, 16           : IntAlu :  D=0x000000000000444c
2242000: system.cpu: T0 : 0x14912    : addi s5, a0, -2            : IntAlu :  D=0x000000000000000e
2242500: system.cpu: T0 : 0x14916    : c_addi s4, 2               : IntAlu :  D=0x000000000005008a
2243000: system.cpu: T0 : 0x14918    : c_beqz s0, -50             : IntAlu : 
2243500: system.cpu: T0 : 0x148e6    : c_ldsp ra, 56(sp)          : MemRead :  D=0x0000000000022b04 A=0x7ffffffffffffd28
2244000: system.cpu: T0 : 0x148e8    : c_mv a0, s0                : IntAlu :  D=0x0000000000000000
2244500: system.cpu: T0 : 0x148ea    : c_ldsp s0, 48(sp)          : MemRead :  D=0x000000000006ef80 A=0x7ffffffffffffd20
2245000: system.cpu: T0 : 0x148ec    : c_ldsp s1, 40(sp)          : MemRead :  D=0x000000000006fe60 A=0x7ffffffffffffd18
2245500: system.cpu: T0 : 0x148ee    : c_ldsp s2, 32(sp)          : MemRead :  D=0x0000000000072000 A=0x7ffffffffffffd10
2246000: system.cpu: T0 : 0x148f0    : c_ldsp s3, 24(sp)          : MemRead :  D=0x0000000000072000 A=0x7ffffffffffffd08
2246500: system.cpu: T0 : 0x148f2    : c_ldsp s4, 16(sp)          : MemRead :  D=0x0000000000070000 A=0x7ffffffffffffd00
2247000: system.cpu: T0 : 0x148f4    : c_ldsp s5, 8(sp)           : MemRead :  D=0x0000000000072000 A=0x7ffffffffffffcf8
2247500: system.cpu: T0 : 0x148f6    : c_ldsp s6, 0(sp)           : MemRead :  D=0x0000000000072000 A=0x7ffffffffffffcf0
2248000: system.cpu: T0 : 0x148f8    : c_addi16sp sp, 64          : IntAlu :  D=0x7ffffffffffffd30
2248500: system.cpu: T0 : 0x148fa    : c_jr ra                    : IntAlu : 
2249000: system.cpu: T0 : 0x22b04    : c_mv s0, a0                : IntAlu :  D=0x0000000000000000
2249500: system.cpu: T0 : 0x22b06    : c_beqz a0, 76              : IntAlu : 
2250500: system.cpu: T0 : 0x22b52    : lui a5, 114                : IntAlu :  D=0x0000000000072000
2251500: system.cpu: T0 : 0x22b56    : ld a0, -496(a5)            : MemRead :  D=0x0000000000000000 A=0x71e10
2252000: system.cpu: T0 : 0x22b5a    : c_beqz a0, 14              : IntAlu : 
2252500: system.cpu: T0 : 0x22b68    : ld a5, -464(s2)            : MemRead :  D=0x0000000000010040 A=0x71e30
2253000: system.cpu: T0 : 0x22b6c    : ld t3, 1120(s1)            : MemRead :  D=0x0000000000000000 A=0x702c0
2253500: system.cpu: T0 : 0x22b70    : c_beqz a5, 110             : IntAlu : 
2254500: system.cpu: T0 : 0x22b72    : ld a4, -408(s3)            : MemRead :  D=0x0000000000000006 A=0x71e68
2255500: system.cpu: T0 : 0x22b76    : slli a3, a4, 3             : IntAlu :  D=0x0000000000000030
2256000: system.cpu: T0 : 0x22b7a    : c_sub a3, a4               : IntAlu :  D=0x000000000000002a
2256500: system.cpu: T0 : 0x22b7c    : c_slli a3, 3               : IntAlu :  D=0x0000000000000150
2257000: system.cpu: T0 : 0x22b7e    : c_add a3, a5               : IntAlu :  D=0x0000000000010190
2257500: system.cpu: T0 : 0x22b80    : bgeu a5, a3, 94            : IntAlu : 
2258000: system.cpu: T0 : 0x22b84    : lui a2, 411470             : IntAlu :  D=0x000000006474e000
2258500: system.cpu: T0 : 0x22b88    : addi a1, a2, 1361          : IntAlu :  D=0x000000006474e551
2259000: system.cpu: T0 : 0x22b8c    : ld t4, 1112(s1)            : MemRead :  D=0x0000000000000000 A=0x702b8
2259500: system.cpu: T0 : 0x22b90    : lw t1, -1800(gp)           : MemRead :  D=0x0000000000000006 A=0x70920
2260000: system.cpu: T0 : 0x22b94    : c_mv a6, t3                : IntAlu :  D=0x0000000000000000
2260500: system.cpu: T0 : 0x22b96    : c_li a7, 0                 : IntAlu :  D=0x0000000000000000
2261000: system.cpu: T0 : 0x22b98    : c_li a0, 0                 : IntAlu :  D=0x0000000000000000
2262000: system.cpu: T0 : 0x22b9a    : addi a2, a2, 1362          : IntAlu :  D=0x000000006474e552
2262500: system.cpu: T0 : 0x22b9e    : c_j 24                     : IntAlu : 
2263000: system.cpu: T0 : 0x22bb6    : c_lw a4, 0(a5)             : MemRead :  D=0x0000000000000001 A=0x10040
2263500: system.cpu: T0 : 0x22bb8    : bne a4, a1, -24            : IntAlu : 
2264000: system.cpu: T0 : 0x22ba0    : bne a4, a2, 14             : IntAlu : 
2265000: system.cpu: T0 : 0x22bae    : addi a5, a5, 56            : IntAlu :  D=0x0000000000010078
2266000: system.cpu: T0 : 0x22bb2    : bgeu a5, a3, 24            : IntAlu : 
2266500: system.cpu: T0 : 0x22bb6    : c_lw a4, 0(a5)             : MemRead :  D=0x0000000000000001 A=0x10078
2267000: system.cpu: T0 : 0x22bb8    : bne a4, a1, -24            : IntAlu : 
2267500: system.cpu: T0 : 0x22ba0    : bne a4, a2, 14             : IntAlu : 
2268500: system.cpu: T0 : 0x22bae    : addi a5, a5, 56            : IntAlu :  D=0x00000000000100b0
2269500: system.cpu: T0 : 0x22bb2    : bgeu a5, a3, 24            : IntAlu : 
2270000: system.cpu: T0 : 0x22bb6    : c_lw a4, 0(a5)             : MemRead :  D=0x0000000000000004 A=0x100b0
2270500: system.cpu: T0 : 0x22bb8    : bne a4, a1, -24            : IntAlu : 
2271000: system.cpu: T0 : 0x22ba0    : bne a4, a2, 14             : IntAlu : 
2272000: system.cpu: T0 : 0x22bae    : addi a5, a5, 56            : IntAlu :  D=0x00000000000100e8
2273000: system.cpu: T0 : 0x22bb2    : bgeu a5, a3, 24            : IntAlu : 
2273500: system.cpu: T0 : 0x22bb6    : c_lw a4, 0(a5)             : MemRead :  D=0x0000000000000007 A=0x100e8
2274000: system.cpu: T0 : 0x22bb8    : bne a4, a1, -24            : IntAlu : 
2274500: system.cpu: T0 : 0x22ba0    : bne a4, a2, 14             : IntAlu : 
2275500: system.cpu: T0 : 0x22bae    : addi a5, a5, 56            : IntAlu :  D=0x0000000000010120
2276500: system.cpu: T0 : 0x22bb2    : bgeu a5, a3, 24            : IntAlu : 
2277000: system.cpu: T0 : 0x22bb6    : c_lw a4, 0(a5)             : MemRead :  D=0x000000006474e551 A=0x10120
2277500: system.cpu: T0 : 0x22bb8    : bne a4, a1, -24            : IntAlu : 
2278000: system.cpu: T0 : 0x22bbc    : lw t1, 4(a5)               : MemRead :  D=0x0000000000000006 A=0x10124
2278500: system.cpu: T0 : 0x22bc0    : addi a5, a5, 56            : IntAlu :  D=0x0000000000010158
2279000: system.cpu: T0 : 0x22bc4    : c_li a0, 1                 : IntAlu :  D=0x0000000000000001
2280000: system.cpu: T0 : 0x22bc6    : bltu a5, a3, -16           : IntAlu : 
2280500: system.cpu: T0 : 0x22bb6    : c_lw a4, 0(a5)             : MemRead :  D=0x000000006474e552 A=0x10158
2281000: system.cpu: T0 : 0x22bb8    : bne a4, a1, -24            : IntAlu : 
2281500: system.cpu: T0 : 0x22ba0    : bne a4, a2, 14             : IntAlu : 
2282000: system.cpu: T0 : 0x22ba4    : ld t4, 16(a5)              : MemRead :  D=0x000000000006ead0 A=0x10168
2282500: system.cpu: T0 : 0x22ba8    : ld a6, 40(a5)              : MemRead :  D=0x0000000000000530 A=0x10180
2283000: system.cpu: T0 : 0x22bac    : c_li a7, 1                 : IntAlu :  D=0x0000000000000001
2284000: system.cpu: T0 : 0x22bae    : addi a5, a5, 56            : IntAlu :  D=0x0000000000010190
2285000: system.cpu: T0 : 0x22bb2    : bgeu a5, a3, 24            : IntAlu : 
2285500: system.cpu: T0 : 0x22bca    : c_beqz a0, 6               : IntAlu : 
2286000: system.cpu: T0 : 0x22bcc    : sw t1, -1800(gp)           : MemWrite :  D=0x0000000000000006 A=0x70920
2286500: system.cpu: T0 : 0x22bd0    : beq a7, zero, 14           : IntAlu : 
2287000: system.cpu: T0 : 0x22bd4    : sd t4, 1112(s1)            : MemWrite :  D=0x000000000006ead0 A=0x702b8
2287500: system.cpu: T0 : 0x22bd8    : sd a6, 1120(s1)            : MemWrite :  D=0x0000000000000530 A=0x702c0
2288000: system.cpu: T0 : 0x22bdc    : c_mv t3, a6                : IntAlu :  D=0x0000000000000530
2289000: system.cpu: T0 : 0x22bde    : bne t3, zero, 272          : IntAlu : 
2290000: system.cpu: T0 : 0x22cee    : addi a0, s4, -416          : IntAlu :  D=0x000000000006fe60
2291000: system.cpu: T0 : 0x22cf2    : jal ra, 106388             : IntAlu :  D=0x0000000000022cf6
2291500: system.cpu: T0 : 0x3cc86    : c_addi sp, -16             : IntAlu :  D=0x7ffffffffffffd20
2292000: system.cpu: T0 : 0x3cc88    : c_ld a5, 0(a0)             : MemRead :  D=0x0000000000000000 A=0x6fe60
2292500: system.cpu: T0 : 0x3cc8a    : c_sdsp s0, 0(sp)           : MemWrite :  D=0x0000000000000000 A=0x7ffffffffffffd20
2293000: system.cpu: T0 : 0x3cc8c    : c_mv s0, a0                : IntAlu :  D=0x000000000006fe60
2294000: system.cpu: T0 : 0x3cc8e    : ld a0, 1112(a0)            : MemRead :  D=0x000000000006ead0 A=0x702b8
2295000: system.cpu: T0 : 0x3cc92    : ld a4, -1784(gp)           : MemRead :  D=0x0000000000001000 A=0x70930
2296000: system.cpu: T0 : 0x3cc96    : ld a1, 1120(s0)            : MemRead :  D=0x0000000000000530 A=0x702c0
2296500: system.cpu: T0 : 0x3cc9a    : c_add a5, a0               : IntAlu :  D=0x000000000006ead0
2297000: system.cpu: T0 : 0x3cc9c    : sub a4, zero, a4           : IntAlu :  D=0xfffffffffffff000
2297500: system.cpu: T0 : 0x3cca0    : c_add a1, a5               : IntAlu :  D=0x000000000006f000
2298000: system.cpu: T0 : 0x3cca2    : c_sdsp ra, 8(sp)           : MemWrite :  D=0x0000000000022cf6 A=0x7ffffffffffffd28
2298500: system.cpu: T0 : 0x3cca4    : and a0, a5, a4             : IntAlu :  D=0x000000000006e000
2299000: system.cpu: T0 : 0x3cca8    : c_and a1, a4               : IntAlu :  D=0x000000000006f000
2300000: system.cpu: T0 : 0x3ccaa    : bne a0, a1, 12             : IntAlu : 
2300500: system.cpu: T0 : 0x3ccb6    : c_li a2, 1                 : IntAlu :  D=0x0000000000000001
2301000: system.cpu: T0 : 0x3ccb8    : c_sub a1, a0               : IntAlu :  D=0x0000000000001000
2302000: system.cpu: T0 : 0x3ccba    : jal ra, -113354            : IntAlu :  D=0x000000000003ccbe
2302500: system.cpu: T0 : 0x211f0    : addi a7, zero, 226         : IntAlu :  D=0x00000000000000e2
2303000: system.cpu: T0 : 0x211f4    : ecall                      : No_OpClass : 
2303500: system.cpu: T0 : 0x211f8    : c_lui a7, 1048575          : IntAlu :  D=0xfffffffffffff000
2304500: system.cpu: T0 : 0x211fa    : bltu a7, a0, 6             : IntAlu : 
2305000: system.cpu: T0 : 0x211fe    : c_jr ra                    : IntAlu : 
2306000: system.cpu: T0 : 0x3ccbe    : bge a0, zero, -16          : IntAlu : 
2306500: system.cpu: T0 : 0x3ccae    : c_ldsp ra, 8(sp)           : MemRead :  D=0x0000000000022cf6 A=0x7ffffffffffffd28
2307000: system.cpu: T0 : 0x3ccb0    : c_ldsp s0, 0(sp)           : MemRead :  D=0x0000000000000000 A=0x7ffffffffffffd20
2307500: system.cpu: T0 : 0x3ccb2    : c_addi sp, 16              : IntAlu :  D=0x7ffffffffffffd30
2308000: system.cpu: T0 : 0x3ccb4    : c_jr ra                    : IntAlu : 
2308500: system.cpu: T0 : 0x22cf6    : c_j -276                   : IntAlu : 
2309000: system.cpu: T0 : 0x22be2    : c_ldsp ra, 152(sp)         : MemRead :  D=0x0000000000022f74 A=0x7ffffffffffffdc8
2309500: system.cpu: T0 : 0x22be4    : c_ldsp s0, 144(sp)         : MemRead :  D=0x0000000000000001 A=0x7ffffffffffffdc0
2310000: system.cpu: T0 : 0x22be6    : c_ldsp s1, 136(sp)         : MemRead :  D=0x7fffffffffffff38 A=0x7ffffffffffffdb8
2310500: system.cpu: T0 : 0x22be8    : c_ldsp s2, 128(sp)         : MemRead :  D=0x7fffffffffffff48 A=0x7ffffffffffffdb0
2311000: system.cpu: T0 : 0x22bea    : c_ldsp s3, 120(sp)         : MemRead :  D=0x0000000000000000 A=0x7ffffffffffffda8
2311500: system.cpu: T0 : 0x22bec    : c_ldsp s4, 112(sp)         : MemRead :  D=0x0000000000000000 A=0x7ffffffffffffda0
2312000: system.cpu: T0 : 0x22bee    : c_ldsp s5, 104(sp)         : MemRead :  D=0x0000000000000000 A=0x7ffffffffffffd98
2312500: system.cpu: T0 : 0x22bf0    : c_ldsp s6, 96(sp)          : MemRead :  D=0x0000000000000000 A=0x7ffffffffffffd90
2313000: system.cpu: T0 : 0x22bf2    : c_ldsp s7, 88(sp)          : MemRead :  D=0x0000000000000000 A=0x7ffffffffffffd88
2313500: system.cpu: T0 : 0x22bf4    : c_ldsp s8, 80(sp)          : MemRead :  D=0x0000000000000000 A=0x7ffffffffffffd80
2314000: system.cpu: T0 : 0x22bf6    : c_ldsp s9, 72(sp)          : MemRead :  D=0x0000000000000000 A=0x7ffffffffffffd78
2314500: system.cpu: T0 : 0x22bf8    : c_ldsp s10, 64(sp)         : MemRead :  D=0x0000000000000000 A=0x7ffffffffffffd70
2315000: system.cpu: T0 : 0x22bfa    : c_addi16sp sp, 160         : IntAlu :  D=0x7ffffffffffffdd0
2315500: system.cpu: T0 : 0x22bfc    : c_jr ra                    : IntAlu : 
2316000: system.cpu: T0 : 0x22f74    : c_mv a2, s2                : IntAlu :  D=0x7fffffffffffff48
2316500: system.cpu: T0 : 0x22f76    : c_mv a1, s1                : IntAlu :  D=0x7fffffffffffff38
2317000: system.cpu: T0 : 0x22f78    : c_mv a0, s0                : IntAlu :  D=0x0000000000000001
2318000: system.cpu: T0 : 0x22f7a    : jal ra, -4344              : IntAlu :  D=0x0000000000022f7e
2318500: system.cpu: T0 : 0x21e82    : c_beqz a1, 50              : IntAlu : 
2319000: system.cpu: T0 : 0x21e84    : c_addi sp, -32             : IntAlu :  D=0x7ffffffffffffdb0
2319500: system.cpu: T0 : 0x21e86    : c_sdsp s1, 8(sp)           : MemWrite :  D=0x7fffffffffffff38 A=0x7ffffffffffffdb8
2320000: system.cpu: T0 : 0x21e88    : c_ld s1, 0(a1)             : MemRead :  D=0x7fffffffffffffdb A=0x7fffffffffffff38
2320500: system.cpu: T0 : 0x21e8a    : c_sdsp s0, 16(sp)          : MemWrite :  D=0x0000000000000001 A=0x7ffffffffffffdc0
2321000: system.cpu: T0 : 0x21e8c    : c_sdsp ra, 24(sp)          : MemWrite :  D=0x0000000000022f7e A=0x7ffffffffffffdc8
2321500: system.cpu: T0 : 0x21e8e    : c_mv s0, a1                : IntAlu :  D=0x7fffffffffffff38
2322000: system.cpu: T0 : 0x21e90    : c_beqz s1, 26              : IntAlu : 
2323000: system.cpu: T0 : 0x21e92    : addi a1, zero, 47          : IntAlu :  D=0x000000000000002f
2323500: system.cpu: T0 : 0x21e96    : c_mv a0, s1                : IntAlu :  D=0x7fffffffffffffdb
2324000: system.cpu: T0 : 0x21e98    : jal ra, 90482              : IntAlu :  D=0x0000000000021e9c
2324500: system.cpu: T0 : 0x3800a    : c_addi sp, -32             : IntAlu :  D=0x7ffffffffffffd90
2325000: system.cpu: T0 : 0x3800c    : c_sdsp s0, 16(sp)          : MemWrite :  D=0x7fffffffffffff38 A=0x7ffffffffffffda0
2325500: system.cpu: T0 : 0x3800e    : c_sdsp s1, 8(sp)           : MemWrite :  D=0x7fffffffffffffdb A=0x7ffffffffffffd98
2326000: system.cpu: T0 : 0x38010    : c_sdsp s2, 0(sp)           : MemWrite :  D=0x7fffffffffffff48 A=0x7ffffffffffffd90
2326500: system.cpu: T0 : 0x38012    : c_sdsp ra, 24(sp)          : MemWrite :  D=0x0000000000021e9c A=0x7ffffffffffffda8
2327000: system.cpu: T0 : 0x38014    : andi s1, a1, 255           : IntAlu :  D=0x000000000000002f
2327500: system.cpu: T0 : 0x38018    : c_mv s0, a0                : IntAlu :  D=0x7fffffffffffffdb
2328000: system.cpu: T0 : 0x3801a    : c_li s2, 0                 : IntAlu :  D=0x0000000000000000
2328500: system.cpu: T0 : 0x3801c    : c_bnez s1, 10              : IntAlu : 
2329000: system.cpu: T0 : 0x38026    : c_mv a0, s0                : IntAlu :  D=0x7fffffffffffffdb
2329500: system.cpu: T0 : 0x38028    : c_mv a1, s1                : IntAlu :  D=0x000000000000002f
2330500: system.cpu: T0 : 0x3802a    : jal ra, -103340            : IntAlu :  D=0x000000000003802e
2331500: system.cpu: T0 : 0x1ec7e    : andi a5, a0, 7             : IntAlu :  D=0x0000000000000003
2332500: system.cpu: T0 : 0x1ec82    : andi a4, a1, 255           : IntAlu :  D=0x000000000000002f
2333000: system.cpu: T0 : 0x1ec86    : c_bnez a5, 14              : IntAlu : 
2333500: system.cpu: T0 : 0x1ec94    : lbu a5, 0(a0)              : MemRead :  D=0x000000000000002e A=0x7fffffffffffffdb
2334000: system.cpu: T0 : 0x1ec98    : bne a5, a4, -14            : IntAlu : 
2334500: system.cpu: T0 : 0x1ec8a    : c_addi a0, 1               : IntAlu :  D=0x7fffffffffffffdc
2335000: system.cpu: T0 : 0x1ec8c    : andi a3, a0, 7             : IntAlu :  D=0x0000000000000004
2335500: system.cpu: T0 : 0x1ec90    : c_beqz a5, 168             : IntAlu : 
2336000: system.cpu: T0 : 0x1ec92    : c_beqz a3, 12              : IntAlu : 
2336500: system.cpu: T0 : 0x1ec94    : lbu a5, 0(a0)              : MemRead :  D=0x000000000000002e A=0x7fffffffffffffdc
2337000: system.cpu: T0 : 0x1ec98    : bne a5, a4, -14            : IntAlu : 
2337500: system.cpu: T0 : 0x1ec8a    : c_addi a0, 1               : IntAlu :  D=0x7fffffffffffffdd
2338000: system.cpu: T0 : 0x1ec8c    : andi a3, a0, 7             : IntAlu :  D=0x0000000000000005
2338500: system.cpu: T0 : 0x1ec90    : c_beqz a5, 168             : IntAlu : 
2339000: system.cpu: T0 : 0x1ec92    : c_beqz a3, 12              : IntAlu : 
2339500: system.cpu: T0 : 0x1ec94    : lbu a5, 0(a0)              : MemRead :  D=0x000000000000002f A=0x7fffffffffffffdd
2340000: system.cpu: T0 : 0x1ec98    : bne a5, a4, -14            : IntAlu : 
2340500: system.cpu: T0 : 0x1ec9c    : c_jr ra                    : IntAlu : 
2341000: system.cpu: T0 : 0x3802e    : c_bnez a0, -14             : IntAlu : 
2341500: system.cpu: T0 : 0x38020    : addi s0, a0, 1             : IntAlu :  D=0x7fffffffffffffde
2342000: system.cpu: T0 : 0x38024    : c_mv s2, a0                : IntAlu :  D=0x7fffffffffffffdd
2342500: system.cpu: T0 : 0x38026    : c_mv a0, s0                : IntAlu :  D=0x7fffffffffffffde
2343000: system.cpu: T0 : 0x38028    : c_mv a1, s1                : IntAlu :  D=0x000000000000002f
2344000: system.cpu: T0 : 0x3802a    : jal ra, -103340            : IntAlu :  D=0x000000000003802e
2345000: system.cpu: T0 : 0x1ec7e    : andi a5, a0, 7             : IntAlu :  D=0x0000000000000006
2346000: system.cpu: T0 : 0x1ec82    : andi a4, a1, 255           : IntAlu :  D=0x000000000000002f
2346500: system.cpu: T0 : 0x1ec86    : c_bnez a5, 14              : IntAlu : 
2347000: system.cpu: T0 : 0x1ec94    : lbu a5, 0(a0)              : MemRead :  D=0x0000000000000044 A=0x7fffffffffffffde
2347500: system.cpu: T0 : 0x1ec98    : bne a5, a4, -14            : IntAlu : 
2348000: system.cpu: T0 : 0x1ec8a    : c_addi a0, 1               : IntAlu :  D=0x7fffffffffffffdf
2348500: system.cpu: T0 : 0x1ec8c    : andi a3, a0, 7             : IntAlu :  D=0x0000000000000007
2349000: system.cpu: T0 : 0x1ec90    : c_beqz a5, 168             : IntAlu : 
2349500: system.cpu: T0 : 0x1ec92    : c_beqz a3, 12              : IntAlu : 
2350000: system.cpu: T0 : 0x1ec94    : lbu a5, 0(a0)              : MemRead :  D=0x000000000000006f A=0x7fffffffffffffdf
2350500: system.cpu: T0 : 0x1ec98    : bne a5, a4, -14            : IntAlu : 
2351000: system.cpu: T0 : 0x1ec8a    : c_addi a0, 1               : IntAlu :  D=0x7fffffffffffffe0
2351500: system.cpu: T0 : 0x1ec8c    : andi a3, a0, 7             : IntAlu :  D=0x0000000000000000
2352000: system.cpu: T0 : 0x1ec90    : c_beqz a5, 168             : IntAlu : 
2352500: system.cpu: T0 : 0x1ec92    : c_beqz a3, 12              : IntAlu : 
2353000: system.cpu: T0 : 0x1ec9e    : c_lui a3, 16               : IntAlu :  D=0x0000000000010000
2353500: system.cpu: T0 : 0x1eca0    : slliw a5, a1, 8            : IntAlu :  D=0x0000000000002f00
2354000: system.cpu: T0 : 0x1eca4    : c_addi a3, -1              : IntAlu :  D=0x000000000000ffff
2354500: system.cpu: T0 : 0x1eca6    : c_and a5, a3               : IntAlu :  D=0x0000000000002f00
2355000: system.cpu: T0 : 0x1eca8    : andi a1, a1, 255           : IntAlu :  D=0x000000000000002f
2355500: system.cpu: T0 : 0x1ecac    : c_or a1, a5                : IntAlu :  D=0x0000000000002f2f
2356000: system.cpu: T0 : 0x1ecae    : c_addiw a1, 0              : IntAlu :  D=0x0000000000002f2f
2356500: system.cpu: T0 : 0x1ecb0    : slli t1, a1, 16            : IntAlu :  D=0x000000002f2f0000
2357000: system.cpu: T0 : 0x1ecb4    : or a1, t1, a1              : IntAlu :  D=0x000000002f2f2f2f
2357500: system.cpu: T0 : 0x1ecb8    : ld a6, -2032(gp)           : MemRead :  D=0x7efefefefefefeff A=0x70838
2358000: system.cpu: T0 : 0x1ecbc    : slli t1, a1, 32            : IntAlu :  D=0x2f2f2f2f00000000
2358500: system.cpu: T0 : 0x1ecc0    : or t1, t1, a1              : IntAlu :  D=0x2f2f2f2f2f2f2f2f
2359000: system.cpu: T0 : 0x1ecc4    : c_li t3, -1                : IntAlu :  D=0xffffffffffffffff
2359500: system.cpu: T0 : 0x1ecc6    : c_ld a1, 0(a0)             : MemRead :  D=0x2f7364616f6c6e77 A=0x7fffffffffffffe0
2360000: system.cpu: T0 : 0x1ecc8    : addi a5, a0, 8             : IntAlu :  D=0x7fffffffffffffe8
2360500: system.cpu: T0 : 0x1eccc    : xor a7, t1, a1             : IntAlu :  D=0x005c4b4e40434158
2361000: system.cpu: T0 : 0x1ecd0    : add a3, a1, a6             : IntAlu :  D=0xae7263606e6b6d76
2361500: system.cpu: T0 : 0x1ecd4    : add a2, a7, a6             : IntAlu :  D=0x7f5b4a4d3f424057
2362000: system.cpu: T0 : 0x1ecd8    : c_xor a3, a1               : IntAlu :  D=0x8101070101070301
2363000: system.cpu: T0 : 0x1ecda    : xor a2, a2, a7             : IntAlu :  D=0x7f0701037f01010f
2363500: system.cpu: T0 : 0x1ecde    : c_and a3, a2               : IntAlu :  D=0x0101010101010101
2364000: system.cpu: T0 : 0x1ece0    : or a3, a3, a6              : IntAlu :  D=0x7fffffffffffffff
2364500: system.cpu: T0 : 0x1ece4    : beq a3, t3, 88             : IntAlu : 
2365000: system.cpu: T0 : 0x1ece8    : lbu a3, -8(a5)             : MemRead :  D=0x0000000000000077 A=0x7fffffffffffffe0
2365500: system.cpu: T0 : 0x1ecec    : beq a3, a4, -80            : IntAlu : 
2366000: system.cpu: T0 : 0x1ecf0    : c_beqz a3, 72              : IntAlu : 
2367000: system.cpu: T0 : 0x1ecf2    : lbu a3, -7(a5)             : MemRead :  D=0x000000000000006e A=0x7fffffffffffffe1
2368000: system.cpu: T0 : 0x1ecf6    : beq a3, a4, 74             : IntAlu : 
2368500: system.cpu: T0 : 0x1ecfa    : c_beqz a3, 62              : IntAlu : 
2369000: system.cpu: T0 : 0x1ecfc    : lbu a3, -6(a5)             : MemRead :  D=0x000000000000006c A=0x7fffffffffffffe2
2369500: system.cpu: T0 : 0x1ed00    : beq a3, a4, 68             : IntAlu : 
2370000: system.cpu: T0 : 0x1ed04    : c_beqz a3, 52              : IntAlu : 
2371000: system.cpu: T0 : 0x1ed06    : lbu a3, -5(a5)             : MemRead :  D=0x000000000000006f A=0x7fffffffffffffe3
2372000: system.cpu: T0 : 0x1ed0a    : beq a3, a4, 62             : IntAlu : 
2372500: system.cpu: T0 : 0x1ed0e    : c_beqz a3, 42              : IntAlu : 
2373000: system.cpu: T0 : 0x1ed10    : lbu a3, -4(a5)             : MemRead :  D=0x0000000000000061 A=0x7fffffffffffffe4
2373500: system.cpu: T0 : 0x1ed14    : beq a3, a4, 56             : IntAlu : 
2374000: system.cpu: T0 : 0x1ed18    : c_beqz a3, 32              : IntAlu : 
2375000: system.cpu: T0 : 0x1ed1a    : lbu a3, -3(a5)             : MemRead :  D=0x0000000000000064 A=0x7fffffffffffffe5
2376000: system.cpu: T0 : 0x1ed1e    : beq a3, a4, 50             : IntAlu : 
2376500: system.cpu: T0 : 0x1ed22    : c_beqz a3, 22              : IntAlu : 
2377000: system.cpu: T0 : 0x1ed24    : lbu a3, -2(a5)             : MemRead :  D=0x0000000000000073 A=0x7fffffffffffffe6
2377500: system.cpu: T0 : 0x1ed28    : beq a3, a4, 44             : IntAlu : 
2378000: system.cpu: T0 : 0x1ed2c    : c_beqz a3, 12              : IntAlu : 
2379000: system.cpu: T0 : 0x1ed2e    : lbu a3, -1(a5)             : MemRead :  D=0x000000000000002f A=0x7fffffffffffffe7
2380000: system.cpu: T0 : 0x1ed32    : beq a3, a4, 38             : IntAlu : 
2380500: system.cpu: T0 : 0x1ed58    : c_addi a0, 7               : IntAlu :  D=0x7fffffffffffffe7
2381000: system.cpu: T0 : 0x1ed5a    : c_jr ra                    : IntAlu : 
2381500: system.cpu: T0 : 0x3802e    : c_bnez a0, -14             : IntAlu : 
2382000: system.cpu: T0 : 0x38020    : addi s0, a0, 1             : IntAlu :  D=0x7fffffffffffffe8
2382500: system.cpu: T0 : 0x38024    : c_mv s2, a0                : IntAlu :  D=0x7fffffffffffffe7
2383000: system.cpu: T0 : 0x38026    : c_mv a0, s0                : IntAlu :  D=0x7fffffffffffffe8
2383500: system.cpu: T0 : 0x38028    : c_mv a1, s1                : IntAlu :  D=0x000000000000002f
2384500: system.cpu: T0 : 0x3802a    : jal ra, -103340            : IntAlu :  D=0x000000000003802e
2385500: system.cpu: T0 : 0x1ec7e    : andi a5, a0, 7             : IntAlu :  D=0x0000000000000000
2386500: system.cpu: T0 : 0x1ec82    : andi a4, a1, 255           : IntAlu :  D=0x000000000000002f
2387000: system.cpu: T0 : 0x1ec86    : c_bnez a5, 14              : IntAlu : 
2387500: system.cpu: T0 : 0x1ec88    : c_j 22                     : IntAlu : 
2388000: system.cpu: T0 : 0x1ec9e    : c_lui a3, 16               : IntAlu :  D=0x0000000000010000
2388500: system.cpu: T0 : 0x1eca0    : slliw a5, a1, 8            : IntAlu :  D=0x0000000000002f00
2389000: system.cpu: T0 : 0x1eca4    : c_addi a3, -1              : IntAlu :  D=0x000000000000ffff
2389500: system.cpu: T0 : 0x1eca6    : c_and a5, a3               : IntAlu :  D=0x0000000000002f00
2390000: system.cpu: T0 : 0x1eca8    : andi a1, a1, 255           : IntAlu :  D=0x000000000000002f
2390500: system.cpu: T0 : 0x1ecac    : c_or a1, a5                : IntAlu :  D=0x0000000000002f2f
2391000: system.cpu: T0 : 0x1ecae    : c_addiw a1, 0              : IntAlu :  D=0x0000000000002f2f
2391500: system.cpu: T0 : 0x1ecb0    : slli t1, a1, 16            : IntAlu :  D=0x000000002f2f0000
2392000: system.cpu: T0 : 0x1ecb4    : or a1, t1, a1              : IntAlu :  D=0x000000002f2f2f2f
2392500: system.cpu: T0 : 0x1ecb8    : ld a6, -2032(gp)           : MemRead :  D=0x7efefefefefefeff A=0x70838
2393000: system.cpu: T0 : 0x1ecbc    : slli t1, a1, 32            : IntAlu :  D=0x2f2f2f2f00000000
2393500: system.cpu: T0 : 0x1ecc0    : or t1, t1, a1              : IntAlu :  D=0x2f2f2f2f2f2f2f2f
2394000: system.cpu: T0 : 0x1ecc4    : c_li t3, -1                : IntAlu :  D=0xffffffffffffffff
2394500: system.cpu: T0 : 0x1ecc6    : c_ld a1, 0(a0)             : MemRead :  D=0xc900746e69707865 A=0x7fffffffffffffe8
2395000: system.cpu: T0 : 0x1ecc8    : addi a5, a0, 8             : IntAlu :  D=0x7ffffffffffffff0
2395500: system.cpu: T0 : 0x1eccc    : xor a7, t1, a1             : IntAlu :  D=0xe62f5b41465f574a
2396000: system.cpu: T0 : 0x1ecd0    : add a3, a1, a6             : IntAlu :  D=0x47ff736d686f7764
2396500: system.cpu: T0 : 0x1ecd4    : add a2, a7, a6             : IntAlu :  D=0x652e5a40455e5649
2397000: system.cpu: T0 : 0x1ecd8    : c_xor a3, a1               : IntAlu :  D=0x8eff0703011f0f01
2398000: system.cpu: T0 : 0x1ecda    : xor a2, a2, a7             : IntAlu :  D=0x8301010103010103
2398500: system.cpu: T0 : 0x1ecde    : c_and a3, a2               : IntAlu :  D=0x8201010101010101
2399000: system.cpu: T0 : 0x1ece0    : or a3, a3, a6              : IntAlu :  D=0xfeffffffffffffff
2399500: system.cpu: T0 : 0x1ece4    : beq a3, t3, 88             : IntAlu : 
2400000: system.cpu: T0 : 0x1ece8    : lbu a3, -8(a5)             : MemRead :  D=0x0000000000000065 A=0x7fffffffffffffe8
2400500: system.cpu: T0 : 0x1ecec    : beq a3, a4, -80            : IntAlu : 
2401000: system.cpu: T0 : 0x1ecf0    : c_beqz a3, 72              : IntAlu : 
2402000: system.cpu: T0 : 0x1ecf2    : lbu a3, -7(a5)             : MemRead :  D=0x0000000000000078 A=0x7fffffffffffffe9
2403000: system.cpu: T0 : 0x1ecf6    : beq a3, a4, 74             : IntAlu : 
2403500: system.cpu: T0 : 0x1ecfa    : c_beqz a3, 62              : IntAlu : 
2404000: system.cpu: T0 : 0x1ecfc    : lbu a3, -6(a5)             : MemRead :  D=0x0000000000000070 A=0x7fffffffffffffea
2404500: system.cpu: T0 : 0x1ed00    : beq a3, a4, 68             : IntAlu : 
2405000: system.cpu: T0 : 0x1ed04    : c_beqz a3, 52              : IntAlu : 
2406000: system.cpu: T0 : 0x1ed06    : lbu a3, -5(a5)             : MemRead :  D=0x0000000000000069 A=0x7fffffffffffffeb
2407000: system.cpu: T0 : 0x1ed0a    : beq a3, a4, 62             : IntAlu : 
2407500: system.cpu: T0 : 0x1ed0e    : c_beqz a3, 42              : IntAlu : 
2408000: system.cpu: T0 : 0x1ed10    : lbu a3, -4(a5)             : MemRead :  D=0x000000000000006e A=0x7fffffffffffffec
2408500: system.cpu: T0 : 0x1ed14    : beq a3, a4, 56             : IntAlu : 
2409000: system.cpu: T0 : 0x1ed18    : c_beqz a3, 32              : IntAlu : 
2410000: system.cpu: T0 : 0x1ed1a    : lbu a3, -3(a5)             : MemRead :  D=0x0000000000000074 A=0x7fffffffffffffed
2411000: system.cpu: T0 : 0x1ed1e    : beq a3, a4, 50             : IntAlu : 
2411500: system.cpu: T0 : 0x1ed22    : c_beqz a3, 22              : IntAlu : 
2412000: system.cpu: T0 : 0x1ed24    : lbu a3, -2(a5)             : MemRead :  D=0x0000000000000000 A=0x7fffffffffffffee
2412500: system.cpu: T0 : 0x1ed28    : beq a3, a4, 44             : IntAlu : 
2413000: system.cpu: T0 : 0x1ed2c    : c_beqz a3, 12              : IntAlu : 
2413500: system.cpu: T0 : 0x1ed38    : c_li a0, 0                 : IntAlu :  D=0x0000000000000000
2414000: system.cpu: T0 : 0x1ed3a    : c_jr ra                    : IntAlu : 
2414500: system.cpu: T0 : 0x3802e    : c_bnez a0, -14             : IntAlu : 
2415000: system.cpu: T0 : 0x38030    : c_ldsp ra, 24(sp)          : MemRead :  D=0x0000000000021e9c A=0x7ffffffffffffda8
2415500: system.cpu: T0 : 0x38032    : c_ldsp s0, 16(sp)          : MemRead :  D=0x7fffffffffffff38 A=0x7ffffffffffffda0
2416000: system.cpu: T0 : 0x38034    : c_ldsp s1, 8(sp)           : MemRead :  D=0x7fffffffffffffdb A=0x7ffffffffffffd98
2416500: system.cpu: T0 : 0x38036    : c_mv a0, s2                : IntAlu :  D=0x7fffffffffffffe7
2417000: system.cpu: T0 : 0x38038    : c_ldsp s2, 0(sp)           : MemRead :  D=0x7fffffffffffff48 A=0x7ffffffffffffd90
2417500: system.cpu: T0 : 0x3803a    : c_addi16sp sp, 32          : IntAlu :  D=0x7ffffffffffffdb0
2418000: system.cpu: T0 : 0x3803c    : c_jr ra                    : IntAlu : 
2418500: system.cpu: T0 : 0x21e9c    : c_beqz a0, 26              : IntAlu : 
2419000: system.cpu: T0 : 0x21e9e    : c_addi a0, 1               : IntAlu :  D=0x7fffffffffffffe8
2419500: system.cpu: T0 : 0x21ea0    : sd a0, -1824(gp)           : MemWrite :  D=0x7fffffffffffffe8 A=0x70908
2420000: system.cpu: T0 : 0x21ea4    : c_ld a4, 0(s0)             : MemRead :  D=0x7fffffffffffffdb A=0x7fffffffffffff38
2421000: system.cpu: T0 : 0x21ea6    : sd a4, -1816(gp)           : MemWrite :  D=0x7fffffffffffffdb A=0x70910
2421500: system.cpu: T0 : 0x21eaa    : c_ldsp ra, 24(sp)          : MemRead :  D=0x0000000000022f7e A=0x7ffffffffffffdc8
2422000: system.cpu: T0 : 0x21eac    : c_ldsp s0, 16(sp)          : MemRead :  D=0x0000000000000001 A=0x7ffffffffffffdc0
2422500: system.cpu: T0 : 0x21eae    : c_ldsp s1, 8(sp)           : MemRead :  D=0x7fffffffffffff38 A=0x7ffffffffffffdb8
2423000: system.cpu: T0 : 0x21eb0    : c_addi16sp sp, 32          : IntAlu :  D=0x7ffffffffffffdd0
2423500: system.cpu: T0 : 0x21eb2    : c_jr ra                    : IntAlu : 
2424000: system.cpu: T0 : 0x22f7e    : c_ldsp s0, 16(sp)          : MemRead :  D=0x0000000000010b70 A=0x7ffffffffffffde0
2424500: system.cpu: T0 : 0x22f80    : c_ldsp ra, 24(sp)          : MemRead :  D=0x00000000000107e4 A=0x7ffffffffffffde8
2425000: system.cpu: T0 : 0x22f82    : c_ldsp s1, 8(sp)           : MemRead :  D=0x0000000000010c00 A=0x7ffffffffffffdd8
2425500: system.cpu: T0 : 0x22f84    : c_ldsp s2, 0(sp)           : MemRead :  D=0x0000000000000000 A=0x7ffffffffffffdd0
2426000: system.cpu: T0 : 0x22f86    : c_addi16sp sp, 32          : IntAlu :  D=0x7ffffffffffffdf0
2426500: system.cpu: T0 : 0x22f88    : jal zero, 35004            : IntAlu :  D=0x0000000000022f8c
2427000: system.cpu: T0 : 0x2b844    : ld a5, 0(tp)               : MemRead :  D=0x0000000000070678 A=0x72710
2427500: system.cpu: T0 : 0x2b848    : c_ld a5, 0(a5)             : MemRead :  D=0x0000000000051a10 A=0x70678
2428000: system.cpu: T0 : 0x2b84a    : c_ld a0, 64(a5)            : MemRead :  D=0x0000000000053240 A=0x51a50
2428500: system.cpu: T0 : 0x2b84c    : c_ld a2, 72(a5)            : MemRead :  D=0x0000000000052840 A=0x51a58
2429000: system.cpu: T0 : 0x2b84e    : c_ld a4, 88(a5)            : MemRead :  D=0x0000000000052240 A=0x51a68
2429500: system.cpu: T0 : 0x2b850    : addi a0, a0, 256           : IntAlu :  D=0x0000000000053340
2430000: system.cpu: T0 : 0x2b854    : addi a2, a2, 512           : IntAlu :  D=0x0000000000052a40
2430500: system.cpu: T0 : 0x2b858    : addi a4, a4, 512           : IntAlu :  D=0x0000000000052440
2431000: system.cpu: T0 : 0x2b85c    : sd a0, 80(tp)              : MemWrite :  D=0x0000000000053340 A=0x72760
2431500: system.cpu: T0 : 0x2b860    : sd a2, 72(tp)              : MemWrite :  D=0x0000000000052a40 A=0x72758
2432000: system.cpu: T0 : 0x2b864    : sd a4, 64(tp)              : MemWrite :  D=0x0000000000052440 A=0x72750
2432500: system.cpu: T0 : 0x2b868    : c_jr ra                    : IntAlu : 
2433000: system.cpu: T0 : 0x107e4    : c_beqz s1, 12              : IntAlu : 
2433500: system.cpu: T0 : 0x107e6    : c_li a2, 0                 : IntAlu :  D=0x0000000000000000
2434000: system.cpu: T0 : 0x107e8    : c_li a1, 0                 : IntAlu :  D=0x0000000000000000
2434500: system.cpu: T0 : 0x107ea    : c_mv a0, s1                : IntAlu :  D=0x0000000000010c00
2435000: system.cpu: T0 : 0x107ec    : jal ra, 17626              : IntAlu :  D=0x00000000000107f0
2436000: system.cpu: T0 : 0x14cc6    : addi a3, gp, -1936         : IntAlu :  D=0x0000000000070898
2436500: system.cpu: T0 : 0x14cca    : c_j -204                   : IntAlu : 
2437000: system.cpu: T0 : 0x14bfe    : c_addi16sp sp, -64         : IntAlu :  D=0x7ffffffffffffdb0
2437500: system.cpu: T0 : 0x14c00    : c_sdsp ra, 56(sp)          : MemWrite :  D=0x00000000000107f0 A=0x7ffffffffffffde8
2438000: system.cpu: T0 : 0x14c02    : c_sdsp s0, 48(sp)          : MemWrite :  D=0x0000000000010b70 A=0x7ffffffffffffde0
2438500: system.cpu: T0 : 0x14c04    : c_sdsp s1, 40(sp)          : MemWrite :  D=0x0000000000010c00 A=0x7ffffffffffffdd8
2439000: system.cpu: T0 : 0x14c06    : c_sdsp s2, 32(sp)          : MemWrite :  D=0x0000000000000000 A=0x7ffffffffffffdd0
2439500: system.cpu: T0 : 0x14c08    : c_sdsp s3, 24(sp)          : MemWrite :  D=0x0000000000000000 A=0x7ffffffffffffdc8
2440000: system.cpu: T0 : 0x14c0a    : c_beqz a0, 156             : IntAlu : 
2440500: system.cpu: T0 : 0x14c0c    : lui s0, 114                : IntAlu :  D=0x0000000000072000
2441000: system.cpu: T0 : 0x14c10    : c_mv s2, a2                : IntAlu :  D=0x0000000000000000
2441500: system.cpu: T0 : 0x14c12    : c_mv s1, a0                : IntAlu :  D=0x0000000000010c00
2442000: system.cpu: T0 : 0x14c14    : c_mv s3, a1                : IntAlu :  D=0x0000000000000000
2442500: system.cpu: T0 : 0x14c16    : c_li a4, 1                 : IntAlu :  D=0x0000000000000001
2443000: system.cpu: T0 : 0x14c18    : addi a2, s0, -608          : IntAlu :  D=0x0000000000071da0
2443500: system.cpu: T0 : 0x14c1c    : lr_w a5, (a2)             
2443500: system.cpu: T0 : 0x14c1c. 0 : lr_w a5, (a2)              : MemRead :  D=0x0000000000000000 A=0x71da0
2444000: system.cpu: T0 : 0x14c20    : c_bnez a5, 8               : IntAlu : 
2445000: system.cpu: T0 : 0x14c22    : sc_w_aq a1, a4, (a2)      
2445000: system.cpu: T0 : 0x14c22. 0 : sc_w a1, a4, (a2)          : MemWrite :  D=0x0000000000000000 A=0x71da0
2445500: system.cpu: T0 : 0x14c22. 1 : 0x1ce625af fence           : No_OpClass : 
2446000: system.cpu: T0 : 0x14c26    : c_bnez a1, -10             : IntAlu : 
2446500: system.cpu: T0 : 0x14c28    : c_addiw a5, 0              : IntAlu :  D=0x0000000000000000
2447000: system.cpu: T0 : 0x14c2a    : c_bnez a5, 64              : IntAlu : 
2447500: system.cpu: T0 : 0x14c2c    : c_mv a0, a3                : IntAlu :  D=0x0000000000070898
2448500: system.cpu: T0 : 0x14c2e    : jal ra, -242               : IntAlu :  D=0x0000000000014c32
2449000: system.cpu: T0 : 0x14b3c    : lbu a5, -1476(gp)          : MemRead :  D=0x0000000000000000 A=0x70a64
2449500: system.cpu: T0 : 0x14b40    : c_bnez a5, 186             : IntAlu : 
2450000: system.cpu: T0 : 0x14b42    : c_addi sp, -32             : IntAlu :  D=0x7ffffffffffffd90
2450500: system.cpu: T0 : 0x14b44    : c_sdsp s1, 8(sp)           : MemWrite :  D=0x0000000000010c00 A=0x7ffffffffffffd98
2451000: system.cpu: T0 : 0x14b46    : c_ld s1, 0(a0)             : MemRead :  D=0x0000000000071140 A=0x70898
2451500: system.cpu: T0 : 0x14b48    : c_sdsp s0, 16(sp)          : MemWrite :  D=0x0000000000072000 A=0x7ffffffffffffda0
2452000: system.cpu: T0 : 0x14b4a    : c_sdsp ra, 24(sp)          : MemWrite :  D=0x0000000000014c32 A=0x7ffffffffffffda8
2452500: system.cpu: T0 : 0x14b4c    : c_mv s0, a0                : IntAlu :  D=0x0000000000070898
2453000: system.cpu: T0 : 0x14b4e    : c_beqz s1, 140             : IntAlu : 
2453500: system.cpu: T0 : 0x14b50    : c_mv a1, s1                : IntAlu :  D=0x0000000000071140
2454000: system.cpu: T0 : 0x14b52    : c_li a6, 0                 : IntAlu :  D=0x0000000000000000
2454500: system.cpu: T0 : 0x14b54    : c_ld a4, 8(a1)             : MemRead :  D=0x0000000000000000 A=0x71148
2455500: system.cpu: T0 : 0x14b56    : slli a5, a4, 5             : IntAlu :  D=0x0000000000000000
2456000: system.cpu: T0 : 0x14b5a    : c_add a5, a1               : IntAlu :  D=0x0000000000071140
2456500: system.cpu: T0 : 0x14b5c    : c_beqz a4, 18              : IntAlu : 
2457000: system.cpu: T0 : 0x14b6e    : c_ld a5, 0(a1)             : MemRead :  D=0x0000000000000000 A=0x71140
2457500: system.cpu: T0 : 0x14b70    : sd zero, 8(a1)             : MemWrite :  D=0x0000000000000000 A=0x71148
2458000: system.cpu: T0 : 0x14b74    : c_mv a6, a1                : IntAlu :  D=0x0000000000071140
2458500: system.cpu: T0 : 0x14b76    : c_beqz a5, 78              : IntAlu : 
2459000: system.cpu: T0 : 0x14bc4    : c_li a5, 1                 : IntAlu :  D=0x0000000000000001
2460000: system.cpu: T0 : 0x14bc6    : addi a0, a1, 16            : IntAlu :  D=0x0000000000071150
2460500: system.cpu: T0 : 0x14bca    : c_sd a5, 8(a1)             : MemWrite :  D=0x0000000000000001 A=0x71148
2461000: system.cpu: T0 : 0x14bcc    : c_j -60                    : IntAlu : 
2461500: system.cpu: T0 : 0x14b90    : lui a4, 114                : IntAlu :  D=0x0000000000072000
2462000: system.cpu: T0 : 0x14b94    : ld a5, -600(a4)            : MemRead :  D=0x0000000000000000 A=0x71da8
2462500: system.cpu: T0 : 0x14b98    : c_ldsp ra, 24(sp)          : MemRead :  D=0x0000000000014c32 A=0x7ffffffffffffda8
2463000: system.cpu: T0 : 0x14b9a    : c_ldsp s0, 16(sp)          : MemRead :  D=0x0000000000072000 A=0x7ffffffffffffda0
2463500: system.cpu: T0 : 0x14b9c    : c_li a3, 1                 : IntAlu :  D=0x0000000000000001
2464000: system.cpu: T0 : 0x14b9e    : c_sd a3, 0(a0)             : MemWrite :  D=0x0000000000000001 A=0x71150
2464500: system.cpu: T0 : 0x14ba0    : c_addi a5, 1               : IntAlu :  D=0x0000000000000001
2465500: system.cpu: T0 : 0x14ba2    : sd a5, -600(a4)            : MemWrite :  D=0x0000000000000001 A=0x71da8
2466000: system.cpu: T0 : 0x14ba6    : c_ldsp s1, 8(sp)           : MemRead :  D=0x0000000000010c00 A=0x7ffffffffffffd98
2466500: system.cpu: T0 : 0x14ba8    : c_addi16sp sp, 32          : IntAlu :  D=0x7ffffffffffffdb0
2467000: system.cpu: T0 : 0x14baa    : c_jr ra                    : IntAlu : 
2467500: system.cpu: T0 : 0x14c32    : c_beqz a0, 70              : IntAlu : 
2468000: system.cpu: T0 : 0x14c34    : c_li a5, 4                 : IntAlu :  D=0x0000000000000004
2468500: system.cpu: T0 : 0x14c36    : c_sd a5, 0(a0)             : MemWrite :  D=0x0000000000000004 A=0x71150
2469000: system.cpu: T0 : 0x14c38    : c_sd s1, 8(a0)             : MemWrite :  D=0x0000000000010c00 A=0x71158
2470000: system.cpu: T0 : 0x14c3a    : sd s3, 16(a0)              : MemWrite :  D=0x0000000000000000 A=0x71160
2471000: system.cpu: T0 : 0x14c3e    : sd s2, 24(a0)              : MemWrite :  D=0x0000000000000000 A=0x71168
2471500: system.cpu: T0 : 0x14c42    : c_li a5, 0                 : IntAlu :  D=0x0000000000000000
2472000: system.cpu: T0 : 0x14c44    : addi a4, s0, -608          : IntAlu :  D=0x0000000000071da0
2472500: system.cpu: T0 : 0x14c48    : fence iorw, ow             : No_OpClass : 
2473000: system.cpu: T0 : 0x14c4c    : amoswap_w a5, a5, (a4)    
2473000: system.cpu: T0 : 0x14c4c. 0 : amoswap_w[l] a5, a5, (a4)  : MemRead :  D=0x0000000000000001 A=0x71da0
2473500: system.cpu: T0 : 0x14c50    : c_addiw a5, 0              : IntAlu :  D=0x0000000000000001
2474000: system.cpu: T0 : 0x14c52    : c_li a3, 1                 : IntAlu :  D=0x0000000000000001
2474500: system.cpu: T0 : 0x14c54    : c_li a4, 0                 : IntAlu :  D=0x0000000000000000
2475500: system.cpu: T0 : 0x14c56    : blt a3, a5, 58             : IntAlu : 
2476000: system.cpu: T0 : 0x14c5a    : c_ldsp ra, 56(sp)          : MemRead :  D=0x00000000000107f0 A=0x7ffffffffffffde8
2476500: system.cpu: T0 : 0x14c5c    : c_ldsp s0, 48(sp)          : MemRead :  D=0x0000000000010b70 A=0x7ffffffffffffde0
2477000: system.cpu: T0 : 0x14c5e    : c_ldsp s1, 40(sp)          : MemRead :  D=0x0000000000010c00 A=0x7ffffffffffffdd8
2477500: system.cpu: T0 : 0x14c60    : c_ldsp s2, 32(sp)          : MemRead :  D=0x0000000000000000 A=0x7ffffffffffffdd0
2478000: system.cpu: T0 : 0x14c62    : c_ldsp s3, 24(sp)          : MemRead :  D=0x0000000000000000 A=0x7ffffffffffffdc8
2478500: system.cpu: T0 : 0x14c64    : c_mv a0, a4                : IntAlu :  D=0x0000000000000000
2479000: system.cpu: T0 : 0x14c66    : c_addi16sp sp, 64          : IntAlu :  D=0x7ffffffffffffdf0
2479500: system.cpu: T0 : 0x14c68    : c_jr ra                    : IntAlu : 
2480000: system.cpu: T0 : 0x107f0    : lui a5, 111                : IntAlu :  D=0x000000000006f000
2480500: system.cpu: T0 : 0x107f4    : lw a5, -72(a5)             : MemRead :  D=0x0000000000000000 A=0x6efb8
2481000: system.cpu: T0 : 0x107f8    : bne a5, zero, 238          : IntAlu : 
2481500: system.cpu: T0 : 0x107fc    : c_beqz s0, 12              : IntAlu : 
2482500: system.cpu: T0 : 0x107fe    : ld a2, -1360(gp)           : MemRead :  D=0x7fffffffffffff48 A=0x70ad8
2483000: system.cpu: T0 : 0x10802    : c_ldsp a1, 16(sp)          : MemRead :  D=0x7fffffffffffff38 A=0x7ffffffffffffe00
2483500: system.cpu: T0 : 0x10804    : c_ldsp a0, 8(sp)           : MemRead :  D=0x0000000000000001 A=0x7ffffffffffffdf8
2484000: system.cpu: T0 : 0x10806    : c_jalr s0                  : IntAlu :  D=0x0000000000010808
2484500: system.cpu: T0 : 0x10b70    : c_addi16sp sp, -64         : IntAlu :  D=0x7ffffffffffffdb0
2485000: system.cpu: T0 : 0x10b72    : c_sdsp s0, 48(sp)          : MemWrite :  D=0x0000000000010b70 A=0x7ffffffffffffde0
2485500: system.cpu: T0 : 0x10b74    : c_sdsp s5, 8(sp)           : MemWrite :  D=0x0000000000000000 A=0x7ffffffffffffdb8
2486500: system.cpu: T0 : 0x10b76    : lui s0, 111                : IntAlu :  D=0x000000000006f000
2487500: system.cpu: T0 : 0x10b7a    : lui s5, 111                : IntAlu :  D=0x000000000006f000
2488500: system.cpu: T0 : 0x10b7e    : addi a5, s0, -1296         : IntAlu :  D=0x000000000006eaf0
2489500: system.cpu: T0 : 0x10b82    : addi s5, s5, -1288         : IntAlu :  D=0x000000000006eaf8
2490500: system.cpu: T0 : 0x10b86    : sub s5, s5, a5             : IntAlu :  D=0x0000000000000008
2491000: system.cpu: T0 : 0x10b8a    : c_sdsp s2, 32(sp)          : MemWrite :  D=0x0000000000000000 A=0x7ffffffffffffdd0
2491500: system.cpu: T0 : 0x10b8c    : c_sdsp s3, 24(sp)          : MemWrite :  D=0x0000000000000000 A=0x7ffffffffffffdc8
2492000: system.cpu: T0 : 0x10b8e    : c_sdsp s4, 16(sp)          : MemWrite :  D=0x0000000000000000 A=0x7ffffffffffffdc0
2492500: system.cpu: T0 : 0x10b90    : c_sdsp ra, 56(sp)          : MemWrite :  D=0x0000000000010808 A=0x7ffffffffffffde8
2493000: system.cpu: T0 : 0x10b92    : c_sdsp s1, 40(sp)          : MemWrite :  D=0x0000000000010c00 A=0x7ffffffffffffdd8
2493500: system.cpu: T0 : 0x10b94    : srai s5, s5, 3             : IntAlu :  D=0x0000000000000001
2494000: system.cpu: T0 : 0x10b98    : c_mv s2, a0                : IntAlu :  D=0x0000000000000001
2494500: system.cpu: T0 : 0x10b9a    : c_mv s3, a1                : IntAlu :  D=0x7fffffffffffff38
2495000: system.cpu: T0 : 0x10b9c    : c_mv s4, a2                : IntAlu :  D=0x7fffffffffffff48
2496000: system.cpu: T0 : 0x10b9e    : beq s5, zero, 28           : IntAlu : 
2497000: system.cpu: T0 : 0x10ba2    : addi s0, s0, -1296         : IntAlu :  D=0x000000000006eaf0
2497500: system.cpu: T0 : 0x10ba6    : c_li s1, 0                 : IntAlu :  D=0x0000000000000000
2498000: system.cpu: T0 : 0x10ba8    : c_ld a5, 0(s0)             : MemRead :  D=0x0000000000010376 A=0x6eaf0
2498500: system.cpu: T0 : 0x10baa    : c_mv a2, s4                : IntAlu :  D=0x7fffffffffffff48
2499000: system.cpu: T0 : 0x10bac    : c_mv a1, s3                : IntAlu :  D=0x7fffffffffffff38
2499500: system.cpu: T0 : 0x10bae    : c_mv a0, s2                : IntAlu :  D=0x0000000000000001
2500000: system.cpu: T0 : 0x10bb0    : c_addi s1, 1               : IntAlu :  D=0x0000000000000001
2500500: system.cpu: T0 : 0x10bb2    : c_jalr a5                  : IntAlu :  D=0x0000000000010bb4
2501500: system.cpu: T0 : 0x10376    : auipc gp, 97               : IntAlu :  D=0x0000000000071376
2502500: system.cpu: T0 : 0x1037a    : addi gp, gp, -846          : IntAlu :  D=0x0000000000071028
2503000: system.cpu: T0 : 0x1037e    : c_jr ra                    : IntAlu : 
2503500: system.cpu: T0 : 0x10bb4    : c_addi s0, 8               : IntAlu :  D=0x000000000006eaf8
2504500: system.cpu: T0 : 0x10bb6    : bne s5, s1, -14            : IntAlu : 
2505500: system.cpu: T0 : 0x10bba    : lui s0, 111                : IntAlu :  D=0x000000000006f000
2506500: system.cpu: T0 : 0x10bbe    : lui s5, 111                : IntAlu :  D=0x000000000006f000
2507500: system.cpu: T0 : 0x10bc2    : addi a5, s0, -1288         : IntAlu :  D=0x000000000006eaf8
2508500: system.cpu: T0 : 0x10bc6    : addi s5, s5, -1280         : IntAlu :  D=0x000000000006eb00
2509500: system.cpu: T0 : 0x10bca    : sub s5, s5, a5             : IntAlu :  D=0x0000000000000008
2510500: system.cpu: T0 : 0x10bce    : srai s5, s5, 3             : IntAlu :  D=0x0000000000000001
2511500: system.cpu: T0 : 0x10bd2    : beq s5, zero, 28           : IntAlu : 
2512500: system.cpu: T0 : 0x10bd6    : addi s0, s0, -1288         : IntAlu :  D=0x000000000006eaf8
2513000: system.cpu: T0 : 0x10bda    : c_li s1, 0                 : IntAlu :  D=0x0000000000000000
2513500: system.cpu: T0 : 0x10bdc    : c_ld a5, 0(s0)             : MemRead :  D=0x000000000001040a A=0x6eaf8
2514000: system.cpu: T0 : 0x10bde    : c_mv a2, s4                : IntAlu :  D=0x7fffffffffffff48
2514500: system.cpu: T0 : 0x10be0    : c_mv a1, s3                : IntAlu :  D=0x7fffffffffffff38
2515000: system.cpu: T0 : 0x10be2    : c_mv a0, s2                : IntAlu :  D=0x0000000000000001
2515500: system.cpu: T0 : 0x10be4    : c_addi s1, 1               : IntAlu :  D=0x0000000000000001
2516000: system.cpu: T0 : 0x10be6    : c_jalr a5                  : IntAlu :  D=0x0000000000010be8
2517000: system.cpu: T0 : 0x1040a    : lui a5, 76                 : IntAlu :  D=0x000000000004c000
2518000: system.cpu: T0 : 0x1040e    : addi a5, a5, 1600          : IntAlu :  D=0x000000000004c640
2518500: system.cpu: T0 : 0x10412    : c_beqz a5, 28              : IntAlu : 
2519000: system.cpu: T0 : 0x10414    : lui a0, 106                : IntAlu :  D=0x000000000006a000
2519500: system.cpu: T0 : 0x10418    : c_addi sp, -16             : IntAlu :  D=0x7ffffffffffffda0
2520500: system.cpu: T0 : 0x1041a    : addi a1, gp, -1008         : IntAlu :  D=0x0000000000070c38
2521500: system.cpu: T0 : 0x1041e    : addi a0, a0, 848           : IntAlu :  D=0x000000000006a350
2522000: system.cpu: T0 : 0x10422    : c_sdsp ra, 8(sp)           : MemWrite :  D=0x0000000000010be8 A=0x7ffffffffffffda8
2522500: system.cpu: T0 : 0x10424    : jal ra, 246300             : IntAlu :  D=0x0000000000010428
2523000: system.cpu: T0 : 0x4c640    : c_beqz a0, 12              : IntAlu : 
2523500: system.cpu: T0 : 0x4c642    : c_lw a5, 0(a0)             : MemRead :  D=0x000000000000001c A=0x6a350
2524000: system.cpu: T0 : 0x4c644    : c_beqz a5, 8               : IntAlu : 
2524500: system.cpu: T0 : 0x4c646    : c_li a3, 0                 : IntAlu :  D=0x0000000000000000
2525000: system.cpu: T0 : 0x4c648    : c_li a2, 0                 : IntAlu :  D=0x0000000000000000
2525500: system.cpu: T0 : 0x4c64a    : c_j -144                   : IntAlu : 
2526000: system.cpu: T0 : 0x4c5ba    : c_li a5, -1                : IntAlu :  D=0xffffffffffffffff
2526500: system.cpu: T0 : 0x4c5bc    : c_addi sp, -32             : IntAlu :  D=0x7ffffffffffffd80
2527000: system.cpu: T0 : 0x4c5be    : c_sd a5, 0(a1)             : MemWrite :  D=0xffffffffffffffff A=0x70c38
2527500: system.cpu: T0 : 0x4c5c0    : addi a5, zero, 2040        : IntAlu :  D=0x00000000000007f8
2528000: system.cpu: T0 : 0x4c5c4    : c_sdsp s0, 16(sp)          : MemWrite :  D=0x000000000006eaf8 A=0x7ffffffffffffd90
2528500: system.cpu: T0 : 0x4c5c6    : c_sdsp s1, 8(sp)           : MemWrite :  D=0x0000000000000001 A=0x7ffffffffffffd88
2529000: system.cpu: T0 : 0x4c5c8    : c_sdsp ra, 24(sp)          : MemWrite :  D=0x0000000000010428 A=0x7ffffffffffffd98
2529500: system.cpu: T0 : 0x4c5ca    : c_sd a2, 8(a1)             : MemWrite :  D=0x0000000000000000 A=0x70c40
2530000: system.cpu: T0 : 0x4c5cc    : c_sd a3, 16(a1)            : MemWrite :  D=0x0000000000000000 A=0x70c48
2530500: system.cpu: T0 : 0x4c5ce    : c_sd a0, 24(a1)            : MemWrite :  D=0x000000000006a350 A=0x70c50
2531000: system.cpu: T0 : 0x4c5d0    : c_sd a5, 32(a1)            : MemWrite :  D=0x00000000000007f8 A=0x70c58
2532000: system.cpu: T0 : 0x4c5d2    : auipc s1, 36               : IntAlu :  D=0x00000000000705d2
2533000: system.cpu: T0 : 0x4c5d6    : ld s1, 566(s1)             : MemRead :  D=0x0000000000000000 A=0x70808
2533500: system.cpu: T0 : 0x4c5da    : c_mv s0, a1                : IntAlu :  D=0x0000000000070c38
2534000: system.cpu: T0 : 0x4c5dc    : c_beqz s1, 20              : IntAlu : 
2534500: system.cpu: T0 : 0x4c5f0    : addi a5, gp, 1880          : IntAlu :  D=0x0000000000071780
2535000: system.cpu: T0 : 0x4c5f4    : ld a3, 448(a5)             : MemRead :  D=0x0000000000000000 A=0x71940
2535500: system.cpu: T0 : 0x4c5f8    : lw a4, 456(a5)             : MemRead :  D=0x0000000000000000 A=0x71948
2536000: system.cpu: T0 : 0x4c5fc    : sd s0, 448(a5)             : MemWrite :  D=0x0000000000070c38 A=0x71940
2536500: system.cpu: T0 : 0x4c600    : c_sd a3, 40(s0)            : MemWrite :  D=0x0000000000000000 A=0x70c60
2537000: system.cpu: T0 : 0x4c602    : c_beqz a4, 30              : IntAlu : 
2537500: system.cpu: T0 : 0x4c620    : c_li a4, 1                 : IntAlu :  D=0x0000000000000001
2538500: system.cpu: T0 : 0x4c622    : addi a5, a5, 456           : IntAlu :  D=0x0000000000071948
2539500: system.cpu: T0 : 0x4c626    : amoswap_w zero, a4, (a5)  
2539500: system.cpu: T0 : 0x4c626. 0 : amoswap_w[l] zero, a4, (a5) : MemRead :  D=0x0000000000000000 A=0x71948
2540000: system.cpu: T0 : 0x4c62a    : c_bnez s1, -36             : IntAlu : 
2540500: system.cpu: T0 : 0x4c62c    : c_ldsp ra, 24(sp)          : MemRead :  D=0x0000000000010428 A=0x7ffffffffffffd98
2541000: system.cpu: T0 : 0x4c62e    : c_ldsp s0, 16(sp)          : MemRead :  D=0x000000000006eaf8 A=0x7ffffffffffffd90
2541500: system.cpu: T0 : 0x4c630    : c_ldsp s1, 8(sp)           : MemRead :  D=0x0000000000000001 A=0x7ffffffffffffd88
2542000: system.cpu: T0 : 0x4c632    : c_addi16sp sp, 32          : IntAlu :  D=0x7ffffffffffffda0
2542500: system.cpu: T0 : 0x4c634    : c_jr ra                    : IntAlu : 
2543000: system.cpu: T0 : 0x10428    : c_ldsp ra, 8(sp)           : MemRead :  D=0x0000000000010be8 A=0x7ffffffffffffda8
2543500: system.cpu: T0 : 0x1042a    : c_addi sp, 16              : IntAlu :  D=0x7ffffffffffffdb0
2544000: system.cpu: T0 : 0x1042c    : c_j -134                   : IntAlu : 
2545000: system.cpu: T0 : 0x103a6    : lui a0, 112                : IntAlu :  D=0x0000000000070000
2546000: system.cpu: T0 : 0x103aa    : addi a1, a0, 2032          : IntAlu :  D=0x00000000000707f0
2547000: system.cpu: T0 : 0x103ae    : lui a5, 112                : IntAlu :  D=0x0000000000070000
2548000: system.cpu: T0 : 0x103b2    : addi a5, a5, 2032          : IntAlu :  D=0x00000000000707f0
2548500: system.cpu: T0 : 0x103b6    : c_sub a5, a1               : IntAlu :  D=0x0000000000000000
2549000: system.cpu: T0 : 0x103b8    : srai a4, a5, 3             : IntAlu :  D=0x0000000000000000
2549500: system.cpu: T0 : 0x103bc    : srli a1, a5, 63            : IntAlu :  D=0x0000000000000000
2550000: system.cpu: T0 : 0x103c0    : c_add a1, a4               : IntAlu :  D=0x0000000000000000
2550500: system.cpu: T0 : 0x103c2    : c_srai a1, 1               : IntAlu :  D=0x0000000000000000
2551000: system.cpu: T0 : 0x103c4    : c_beqz a1, 16              : IntAlu : 
2551500: system.cpu: T0 : 0x103d4    : c_jr ra                    : IntAlu : 
2552000: system.cpu: T0 : 0x10be8    : c_addi s0, 8               : IntAlu :  D=0x000000000006eb00
2553000: system.cpu: T0 : 0x10bea    : bne s5, s1, -14            : IntAlu : 
2553500: system.cpu: T0 : 0x10bee    : c_ldsp ra, 56(sp)          : MemRead :  D=0x0000000000010808 A=0x7ffffffffffffde8
2554000: system.cpu: T0 : 0x10bf0    : c_ldsp s0, 48(sp)          : MemRead :  D=0x0000000000010b70 A=0x7ffffffffffffde0
2554500: system.cpu: T0 : 0x10bf2    : c_ldsp s1, 40(sp)          : MemRead :  D=0x0000000000010c00 A=0x7ffffffffffffdd8
2555000: system.cpu: T0 : 0x10bf4    : c_ldsp s2, 32(sp)          : MemRead :  D=0x0000000000000000 A=0x7ffffffffffffdd0
2555500: system.cpu: T0 : 0x10bf6    : c_ldsp s3, 24(sp)          : MemRead :  D=0x0000000000000000 A=0x7ffffffffffffdc8
2556000: system.cpu: T0 : 0x10bf8    : c_ldsp s4, 16(sp)          : MemRead :  D=0x0000000000000000 A=0x7ffffffffffffdc0
2556500: system.cpu: T0 : 0x10bfa    : c_ldsp s5, 8(sp)           : MemRead :  D=0x0000000000000000 A=0x7ffffffffffffdb8
2557000: system.cpu: T0 : 0x10bfc    : c_addi16sp sp, 64          : IntAlu :  D=0x7ffffffffffffdf0
2557500: system.cpu: T0 : 0x10bfe    : c_jr ra                    : IntAlu : 
2558000: system.cpu: T0 : 0x10808    : c_li a1, 0                 : IntAlu :  D=0x0000000000000000
2558500: system.cpu: T0 : 0x1080a    : c_li a0, 0                 : IntAlu :  D=0x0000000000000000
2559000: system.cpu: T0 : 0x1080c    : jal ra, 71438              : IntAlu :  D=0x0000000000010810
2559500: system.cpu: T0 : 0x21f1a    : c_mv a4, a0                : IntAlu :  D=0x0000000000000000
2560000: system.cpu: T0 : 0x21f1c    : c_beqz a1, 70              : IntAlu : 
2561000: system.cpu: T0 : 0x21f62    : lui a5, 114                : IntAlu :  D=0x0000000000072000
2562000: system.cpu: T0 : 0x21f66    : addi a0, a5, -592          : IntAlu :  D=0x0000000000071db0
2562500: system.cpu: T0 : 0x21f6a    : c_ld a5, 8(a0)             : MemRead :  D=0x0000000000000000 A=0x71db8
2563000: system.cpu: T0 : 0x21f6c    : c_bnez a5, -52             : IntAlu : 
2563500: system.cpu: T0 : 0x21f6e    : c_li a5, 1                 : IntAlu :  D=0x0000000000000001
2564000: system.cpu: T0 : 0x21f70    : c_sw a5, 0(a0)             : MemWrite :  D=0x0000000000000001 A=0x71db0
2564500: system.cpu: T0 : 0x21f72    : c_bnez a4, -52             : IntAlu : 
2565000: system.cpu: T0 : 0x21f74    : lui a5, 114                : IntAlu :  D=0x0000000000072000
2565500: system.cpu: T0 : 0x21f78    : ld a4, -560(a5)            : MemRead :  D=0x0000000000000000 A=0x71dd0
2566000: system.cpu: T0 : 0x21f7c    : c_j -62                    : IntAlu : 
2567000: system.cpu: T0 : 0x21f3e    : slli a5, a1, 3             : IntAlu :  D=0x0000000000000000
2567500: system.cpu: T0 : 0x21f42    : c_add a5, a1               : IntAlu :  D=0x0000000000000000
2568000: system.cpu: T0 : 0x21f44    : lui a1, 112                : IntAlu :  D=0x0000000000070000
2568500: system.cpu: T0 : 0x21f48    : c_slli a5, 4               : IntAlu :  D=0x0000000000000000
2569500: system.cpu: T0 : 0x21f4a    : addi a1, a1, 816           : IntAlu :  D=0x0000000000070330
2570000: system.cpu: T0 : 0x21f4e    : c_add a1, a5               : IntAlu :  D=0x0000000000070330
2570500: system.cpu: T0 : 0x21f50    : c_ld a5, 0(a1)             : MemRead :  D=0x000000000006fe60 A=0x70330
2571000: system.cpu: T0 : 0x21f52    : c_sd a4, 32(a0)            : MemWrite :  D=0x0000000000000000 A=0x71dd0
2571500: system.cpu: T0 : 0x21f54    : c_sd a5, 8(a0)             : MemWrite :  D=0x000000000006fe60 A=0x71db8
2572500: system.cpu: T0 : 0x21f56    : lui a5, 34                 : IntAlu :  D=0x0000000000022000
2573500: system.cpu: T0 : 0x21f5a    : addi a5, a5, -232          : IntAlu :  D=0x0000000000021f18
2574000: system.cpu: T0 : 0x21f5e    : c_sd a5, 16(a0)            : MemWrite :  D=0x0000000000021f18 A=0x71dc0
2574500: system.cpu: T0 : 0x21f60    : c_jr ra                    : IntAlu : 
2575000: system.cpu: T0 : 0x10810    : c_addi4spn a0, sp, 40      : IntAlu :  D=0x7ffffffffffffe18
2576000: system.cpu: T0 : 0x10812    : jal ra, 14938              : IntAlu :  D=0x0000000000010816
2576500: system.cpu: T0 : 0x1426c    : c_li a1, 0                 : IntAlu :  D=0x0000000000000000
2577000: system.cpu: T0 : 0x1426e    : c_j 6                      : IntAlu : 
2577500: system.cpu: T0 : 0x14274    : sd ra, 0(a0)               : MemWrite :  D=0x0000000000010816 A=0x7ffffffffffffe18
2578000: system.cpu: T0 : 0x14278    : c_sd s0, 8(a0)             : MemWrite :  D=0x0000000000010b70 A=0x7ffffffffffffe20
2578500: system.cpu: T0 : 0x1427a    : c_sd s1, 16(a0)            : MemWrite :  D=0x0000000000010c00 A=0x7ffffffffffffe28
2579000: system.cpu: T0 : 0x1427c    : sd s2, 24(a0)              : MemWrite :  D=0x0000000000000000 A=0x7ffffffffffffe30
2579500: system.cpu: T0 : 0x14280    : sd s3, 32(a0)              : MemWrite :  D=0x0000000000000000 A=0x7ffffffffffffe38
2580000: system.cpu: T0 : 0x14284    : sd s4, 40(a0)              : MemWrite :  D=0x0000000000000000 A=0x7ffffffffffffe40
2580500: system.cpu: T0 : 0x14288    : sd s5, 48(a0)              : MemWrite :  D=0x0000000000000000 A=0x7ffffffffffffe48
2581000: system.cpu: T0 : 0x1428c    : sd s6, 56(a0)              : MemWrite :  D=0x0000000000000000 A=0x7ffffffffffffe50
2581500: system.cpu: T0 : 0x14290    : sd s7, 64(a0)              : MemWrite :  D=0x0000000000000000 A=0x7ffffffffffffe58
2582000: system.cpu: T0 : 0x14294    : sd s8, 72(a0)              : MemWrite :  D=0x0000000000000000 A=0x7ffffffffffffe60
2582500: system.cpu: T0 : 0x14298    : sd s9, 80(a0)              : MemWrite :  D=0x0000000000000000 A=0x7ffffffffffffe68
2583000: system.cpu: T0 : 0x1429c    : sd s10, 88(a0)             : MemWrite :  D=0x0000000000000000 A=0x7ffffffffffffe70
2583500: system.cpu: T0 : 0x142a0    : sd s11, 96(a0)             : MemWrite :  D=0x0000000000000000 A=0x7ffffffffffffe78
2584000: system.cpu: T0 : 0x142a4    : sd sp, 104(a0)             : MemWrite :  D=0x7ffffffffffffdf0 A=0x7ffffffffffffe80
2584500: system.cpu: T0 : 0x142a8    : c_fsd fs0, 112(a0)         : FloatMemWrite :  D=0x0000000000000000 A=0x7ffffffffffffe88
2585000: system.cpu: T0 : 0x142aa    : c_fsd fs1, 120(a0)         : FloatMemWrite :  D=0x0000000000000000 A=0x7ffffffffffffe90
2585500: system.cpu: T0 : 0x142ac    : fsd fs2, 128(a0)           : FloatMemWrite :  D=0x0000000000000000 A=0x7ffffffffffffe98
2586000: system.cpu: T0 : 0x142b0    : fsd fs3, 136(a0)           : FloatMemWrite :  D=0x0000000000000000 A=0x7ffffffffffffea0
2586500: system.cpu: T0 : 0x142b4    : fsd fs4, 144(a0)           : FloatMemWrite :  D=0x0000000000000000 A=0x7ffffffffffffea8
2587000: system.cpu: T0 : 0x142b8    : fsd fs5, 152(a0)           : FloatMemWrite :  D=0x0000000000000000 A=0x7ffffffffffffeb0
2587500: system.cpu: T0 : 0x142bc    : fsd fs6, 160(a0)           : FloatMemWrite :  D=0x0000000000000000 A=0x7ffffffffffffeb8
2588000: system.cpu: T0 : 0x142c0    : fsd fs7, 168(a0)           : FloatMemWrite :  D=0x0000000000000000 A=0x7ffffffffffffec0
2588500: system.cpu: T0 : 0x142c4    : fsd fs8, 176(a0)           : FloatMemWrite :  D=0x0000000000000000 A=0x7ffffffffffffec8
2589000: system.cpu: T0 : 0x142c8    : fsd fs9, 184(a0)           : FloatMemWrite :  D=0x0000000000000000 A=0x7ffffffffffffed0
2589500: system.cpu: T0 : 0x142cc    : fsd fs10, 192(a0)          : FloatMemWrite :  D=0x0000000000000000 A=0x7ffffffffffffed8
2590000: system.cpu: T0 : 0x142d0    : fsd fs11, 200(a0)          : FloatMemWrite :  D=0x0000000000000000 A=0x7ffffffffffffee0
2590500: system.cpu: T0 : 0x142d4    : jal zero, 4                : IntAlu :  D=0x00000000000142d8
2591000: system.cpu: T0 : 0x142d8    : c_addi sp, -16             : IntAlu :  D=0x7ffffffffffffde0
2591500: system.cpu: T0 : 0x142da    : c_sdsp s0, 0(sp)           : MemWrite :  D=0x0000000000010b70 A=0x7ffffffffffffde0
2592000: system.cpu: T0 : 0x142dc    : c_sdsp ra, 8(sp)           : MemWrite :  D=0x0000000000010816 A=0x7ffffffffffffde8
2592500: system.cpu: T0 : 0x142de    : c_mv s0, a0                : IntAlu :  D=0x7ffffffffffffe18
2593000: system.cpu: T0 : 0x142e0    : c_bnez a1, 16              : IntAlu : 
2593500: system.cpu: T0 : 0x142e2    : c_ldsp ra, 8(sp)           : MemRead :  D=0x0000000000010816 A=0x7ffffffffffffde8
2594000: system.cpu: T0 : 0x142e4    : sw a1, 208(s0)             : MemWrite :  D=0x0000000000000000 A=0x7ffffffffffffee8
2594500: system.cpu: T0 : 0x142e8    : c_ldsp s0, 0(sp)           : MemRead :  D=0x0000000000010b70 A=0x7ffffffffffffde0
2595000: system.cpu: T0 : 0x142ea    : c_li a0, 0                 : IntAlu :  D=0x0000000000000000
2595500: system.cpu: T0 : 0x142ec    : c_addi sp, 16              : IntAlu :  D=0x7ffffffffffffdf0
2596000: system.cpu: T0 : 0x142ee    : c_jr ra                    : IntAlu : 
2596500: system.cpu: T0 : 0x10816    : c_bnez a0, 166             : IntAlu : 
2597000: system.cpu: T0 : 0x10818    : ld a3, -1552(tp)           : MemRead :  D=0x0000000000000000 A=0x72100
2597500: system.cpu: T0 : 0x1081c    : ld a4, -1560(tp)           : MemRead :  D=0x0000000000000000 A=0x720f8
2598000: system.cpu: T0 : 0x10820    : ld a2, -1360(gp)           : MemRead :  D=0x7fffffffffffff48 A=0x70ad8
2598500: system.cpu: T0 : 0x10824    : c_ldsp a1, 16(sp)          : MemRead :  D=0x7fffffffffffff38 A=0x7ffffffffffffe00
2599000: system.cpu: T0 : 0x10826    : c_ldsp a0, 8(sp)           : MemRead :  D=0x0000000000000001 A=0x7ffffffffffffdf8
2599500: system.cpu: T0 : 0x10828    : c_ldsp a5, 24(sp)          : MemRead :  D=0x0000000000010430 A=0x7ffffffffffffe08
2600000: system.cpu: T0 : 0x1082a    : c_sdsp a4, 264(sp)         : MemWrite :  D=0x0000000000000000 A=0x7ffffffffffffef8
2600500: system.cpu: T0 : 0x1082c    : c_sdsp a3, 256(sp)         : MemWrite :  D=0x0000000000000000 A=0x7ffffffffffffef0
2601000: system.cpu: T0 : 0x1082e    : c_addi4spn a4, sp, 40      : IntAlu :  D=0x7ffffffffffffe18
2601500: system.cpu: T0 : 0x10830    : sd a4, -1552(tp)           : MemWrite :  D=0x7ffffffffffffe18 A=0x72100
2602000: system.cpu: T0 : 0x10834    : c_jalr a5                  : IntAlu :  D=0x0000000000010836
2602500: system.cpu: T0 : 0x10430    : c_addi sp, -16             : IntAlu :  D=0x7ffffffffffffde0
2603000: system.cpu: T0 : 0x10432    : c_sdsp ra, 8(sp)           : MemWrite :  D=0x0000000000010836 A=0x7ffffffffffffde8
2603500: system.cpu: T0 : 0x10434    : c_sdsp s0, 0(sp)           : MemWrite :  D=0x0000000000010b70 A=0x7ffffffffffffde0
2604000: system.cpu: T0 : 0x10436    : c_addi4spn s0, sp, 16      : IntAlu :  D=0x7ffffffffffffdf0
2604500: system.cpu: T0 : 0x10438    : c_li a1, 1                 : IntAlu :  D=0x0000000000000001
2605500: system.cpu: T0 : 0x1043a    : addi a0, zero, 50          : IntAlu :  D=0x0000000000000032
2606500: system.cpu: T0 : 0x1043e    : jal ra, 68                 : IntAlu :  D=0x0000000000010442
2607000: system.cpu: T0 : 0x10482    : c_addi16sp sp, -128        : IntAlu :  D=0x7ffffffffffffd60
2607500: system.cpu: T0 : 0x10484    : c_sdsp ra, 120(sp)         : MemWrite :  D=0x0000000000010442 A=0x7ffffffffffffdd8
2608000: system.cpu: T0 : 0x10486    : c_sdsp s0, 112(sp)         : MemWrite :  D=0x7ffffffffffffdf0 A=0x7ffffffffffffdd0
2608500: system.cpu: T0 : 0x10488    : c_addi4spn s0, sp, 128     : IntAlu :  D=0x7ffffffffffffde0
2609000: system.cpu: T0 : 0x1048a    : c_mv a5, a0                : IntAlu :  D=0x0000000000000032
2609500: system.cpu: T0 : 0x1048c    : sd a1, -128(s0)            : MemWrite :  D=0x0000000000000001 A=0x7ffffffffffffd60
2610000: system.cpu: T0 : 0x10490    : sw a5, -116(s0)            : MemWrite :  D=0x0000000000000032 A=0x7ffffffffffffd6c
2610500: system.cpu: T0 : 0x10494    : lw a5, -116(s0)            : MemRead :  D=0x0000000000000032 A=0x7ffffffffffffd6c
2611000: system.cpu: T0 : 0x10498    : c_addiw a5, -1             : IntAlu :  D=0x0000000000000031
2612000: system.cpu: T0 : 0x1049a    : sw a5, -92(s0)             : MemWrite :  D=0x0000000000000031 A=0x7ffffffffffffd84
2613000: system.cpu: T0 : 0x1049e    : ld a4, -128(s0)            : MemRead :  D=0x0000000000000001 A=0x7ffffffffffffd60
2613500: system.cpu: T0 : 0x104a2    : c_li a5, 1                 : IntAlu :  D=0x0000000000000001
2614000: system.cpu: T0 : 0x104a4    : bge a5, a4, 254            : IntAlu : 
2615000: system.cpu: T0 : 0x105a2    : lw a5, -92(s0)             : MemRead :  D=0x0000000000000031 A=0x7ffffffffffffd84
2615500: system.cpu: T0 : 0x105a6    : c_addiw a5, 0              : IntAlu :  D=0x0000000000000031
2616000: system.cpu: T0 : 0x105a8    : c_beqz a5, 6               : IntAlu : 
2616500: system.cpu: T0 : 0x105aa    : c_li a5, 2                 : IntAlu :  D=0x0000000000000002
2617000: system.cpu: T0 : 0x105ac    : c_j 6                      : IntAlu : 
2618000: system.cpu: T0 : 0x105b2    : sd a5, -32(s0)             : MemWrite :  D=0x0000000000000002 A=0x7ffffffffffffdc0
2618500: system.cpu: T0 : 0x105b6    : c_li a5, 1                 : IntAlu :  D=0x0000000000000001
2619000: system.cpu: T0 : 0x105b8    : sd a5, -56(s0)             : MemWrite :  D=0x0000000000000001 A=0x7ffffffffffffda8
2619500: system.cpu: T0 : 0x105bc    : c_li a5, 1                 : IntAlu :  D=0x0000000000000001
2620500: system.cpu: T0 : 0x105be    : sw a5, -100(s0)            : MemWrite :  D=0x0000000000000001 A=0x7ffffffffffffd7c
2621000: system.cpu: T0 : 0x105c2    : c_j 196                    : IntAlu : 
2622000: system.cpu: T0 : 0x10686    : lw a5, -100(s0)            : MemRead :  D=0x0000000000000001 A=0x7ffffffffffffd7c
2623000: system.cpu: T0 : 0x1068a    : addiw a4, a5, 0            : IntAlu :  D=0x0000000000000001
2624000: system.cpu: T0 : 0x1068e    : addi a5, zero, 100         : IntAlu :  D=0x0000000000000064
2625000: system.cpu: T0 : 0x10692    : bge a5, a4, -206           : IntAlu : 
2625500: system.cpu: T0 : 0x105c4    : ld a5, -128(s0)            : MemRead :  D=0x0000000000000001 A=0x7ffffffffffffd60
2626000: system.cpu: T0 : 0x105c8    : sub a4, zero, a5           : IntAlu :  D=0xffffffffffffffff
2626500: system.cpu: T0 : 0x105cc    : lw a5, -100(s0)            : MemRead :  D=0x0000000000000001 A=0x7ffffffffffffd7c
2627000: system.cpu: T0 : 0x105d0    : div a5, a4, a5             : IntDiv :  D=0xffffffffffffffff
2627500: system.cpu: T0 : 0x105d4    : ld a4, -56(s0)             : MemRead :  D=0x0000000000000001 A=0x7ffffffffffffda8
2628000: system.cpu: T0 : 0x105d8    : mul a5, a4, a5             : IntMult :  D=0xffffffffffffffff
2628500: system.cpu: T0 : 0x105dc    : sd a5, -56(s0)             : MemWrite :  D=0xffffffffffffffff A=0x7ffffffffffffda8
2629000: system.cpu: T0 : 0x105e0    : lw a4, -100(s0)            : MemRead :  D=0x0000000000000001 A=0x7ffffffffffffd7c
2629500: system.cpu: T0 : 0x105e4    : lw a5, -92(s0)             : MemRead :  D=0x0000000000000031 A=0x7ffffffffffffd84
2630000: system.cpu: T0 : 0x105e8    : c_addiw a4, 0              : IntAlu :  D=0x0000000000000001
2630500: system.cpu: T0 : 0x105ea    : c_addiw a5, 0              : IntAlu :  D=0x0000000000000031
2631000: system.cpu: T0 : 0x105ec    : beq a4, a5, 36             : IntAlu : 
2631500: system.cpu: T0 : 0x105f0    : ld a5, -56(s0)             : MemRead :  D=0xffffffffffffffff A=0x7ffffffffffffda8
2632000: system.cpu: T0 : 0x105f4    : sub a5, zero, a5           : IntAlu :  D=0x0000000000000001
2632500: system.cpu: T0 : 0x105f8    : lw a3, -100(s0)            : MemRead :  D=0x0000000000000001 A=0x7ffffffffffffd7c
2633000: system.cpu: T0 : 0x105fc    : lw a4, -92(s0)             : MemRead :  D=0x0000000000000031 A=0x7ffffffffffffd84
2633500: system.cpu: T0 : 0x10600    : subw a4, a3, a4            : IntAlu :  D=0xffffffffffffffd0
2634000: system.cpu: T0 : 0x10604    : c_addiw a4, 0              : IntAlu :  D=0xffffffffffffffd0
2635000: system.cpu: T0 : 0x10606    : div a5, a5, a4             : IntDiv :  D=0x0000000000000000
2636000: system.cpu: T0 : 0x1060a    : sd a5, -64(s0)             : MemWrite :  D=0x0000000000000000 A=0x7ffffffffffffda0
2636500: system.cpu: T0 : 0x1060e    : c_j 96                     : IntAlu : 
2637500: system.cpu: T0 : 0x1066e    : ld a4, -32(s0)             : MemRead :  D=0x0000000000000002 A=0x7ffffffffffffdc0
2638500: system.cpu: T0 : 0x10672    : ld a5, -64(s0)             : MemRead :  D=0x0000000000000000 A=0x7ffffffffffffda0
2639000: system.cpu: T0 : 0x10676    : c_add a5, a4               : IntAlu :  D=0x0000000000000002
2639500: system.cpu: T0 : 0x10678    : sd a5, -32(s0)             : MemWrite :  D=0x0000000000000002 A=0x7ffffffffffffdc0
2640000: system.cpu: T0 : 0x1067c    : lw a5, -100(s0)            : MemRead :  D=0x0000000000000001 A=0x7ffffffffffffd7c
2640500: system.cpu: T0 : 0x10680    : c_addiw a5, 1              : IntAlu :  D=0x0000000000000002
2641500: system.cpu: T0 : 0x10682    : sw a5, -100(s0)            : MemWrite :  D=0x0000000000000002 A=0x7ffffffffffffd7c
2642500: system.cpu: T0 : 0x10686    : lw a5, -100(s0)            : MemRead :  D=0x0000000000000002 A=0x7ffffffffffffd7c
2643500: system.cpu: T0 : 0x1068a    : addiw a4, a5, 0            : IntAlu :  D=0x0000000000000002
2644500: system.cpu: T0 : 0x1068e    : addi a5, zero, 100         : IntAlu :  D=0x0000000000000064
2645500: system.cpu: T0 : 0x10692    : bge a5, a4, -206           : IntAlu : 
2646000: system.cpu: T0 : 0x105c4    : ld a5, -128(s0)            : MemRead :  D=0x0000000000000001 A=0x7ffffffffffffd60
2646500: system.cpu: T0 : 0x105c8    : sub a4, zero, a5           : IntAlu :  D=0xffffffffffffffff
2647000: system.cpu: T0 : 0x105cc    : lw a5, -100(s0)            : MemRead :  D=0x0000000000000002 A=0x7ffffffffffffd7c
2647500: system.cpu: T0 : 0x105d0    : div a5, a4, a5             : IntDiv :  D=0x0000000000000000
2648000: system.cpu: T0 : 0x105d4    : ld a4, -56(s0)             : MemRead :  D=0xffffffffffffffff A=0x7ffffffffffffda8
2648500: system.cpu: T0 : 0x105d8    : mul a5, a4, a5             : IntMult :  D=0x0000000000000000
2649000: system.cpu: T0 : 0x105dc    : sd a5, -56(s0)             : MemWrite :  D=0x0000000000000000 A=0x7ffffffffffffda8
2649500: system.cpu: T0 : 0x105e0    : lw a4, -100(s0)            : MemRead :  D=0x0000000000000002 A=0x7ffffffffffffd7c
2650000: system.cpu: T0 : 0x105e4    : lw a5, -92(s0)             : MemRead :  D=0x0000000000000031 A=0x7ffffffffffffd84
2650500: system.cpu: T0 : 0x105e8    : c_addiw a4, 0              : IntAlu :  D=0x0000000000000002
2651000: system.cpu: T0 : 0x105ea    : c_addiw a5, 0              : IntAlu :  D=0x0000000000000031
2651500: system.cpu: T0 : 0x105ec    : beq a4, a5, 36             : IntAlu : 
2652000: system.cpu: T0 : 0x105f0    : ld a5, -56(s0)             : MemRead :  D=0x0000000000000000 A=0x7ffffffffffffda8
2652500: system.cpu: T0 : 0x105f4    : sub a5, zero, a5           : IntAlu :  D=0x0000000000000000
2653000: system.cpu: T0 : 0x105f8    : lw a3, -100(s0)            : MemRead :  D=0x0000000000000002 A=0x7ffffffffffffd7c
2653500: system.cpu: T0 : 0x105fc    : lw a4, -92(s0)             : MemRead :  D=0x0000000000000031 A=0x7ffffffffffffd84
2654000: system.cpu: T0 : 0x10600    : subw a4, a3, a4            : IntAlu :  D=0xffffffffffffffd1
2654500: system.cpu: T0 : 0x10604    : c_addiw a4, 0              : IntAlu :  D=0xffffffffffffffd1
2655500: system.cpu: T0 : 0x10606    : div a5, a5, a4             : IntDiv :  D=0x0000000000000000
2656500: system.cpu: T0 : 0x1060a    : sd a5, -64(s0)             : MemWrite :  D=0x0000000000000000 A=0x7ffffffffffffda0
2657000: system.cpu: T0 : 0x1060e    : c_j 96                     : IntAlu : 
2658000: system.cpu: T0 : 0x1066e    : ld a4, -32(s0)             : MemRead :  D=0x0000000000000002 A=0x7ffffffffffffdc0
2659000: system.cpu: T0 : 0x10672    : ld a5, -64(s0)             : MemRead :  D=0x0000000000000000 A=0x7ffffffffffffda0
2659500: system.cpu: T0 : 0x10676    : c_add a5, a4               : IntAlu :  D=0x0000000000000002
2660000: system.cpu: T0 : 0x10678    : sd a5, -32(s0)             : MemWrite :  D=0x0000000000000002 A=0x7ffffffffffffdc0
2660500: system.cpu: T0 : 0x1067c    : lw a5, -100(s0)            : MemRead :  D=0x0000000000000002 A=0x7ffffffffffffd7c
2661000: system.cpu: T0 : 0x10680    : c_addiw a5, 1              : IntAlu :  D=0x0000000000000003
2662000: system.cpu: T0 : 0x10682    : sw a5, -100(s0)            : MemWrite :  D=0x0000000000000003 A=0x7ffffffffffffd7c
2663000: system.cpu: T0 : 0x10686    : lw a5, -100(s0)            : MemRead :  D=0x0000000000000003 A=0x7ffffffffffffd7c
2664000: system.cpu: T0 : 0x1068a    : addiw a4, a5, 0            : IntAlu :  D=0x0000000000000003
2665000: system.cpu: T0 : 0x1068e    : addi a5, zero, 100         : IntAlu :  D=0x0000000000000064
2666000: system.cpu: T0 : 0x10692    : bge a5, a4, -206           : IntAlu : 
2666500: system.cpu: T0 : 0x105c4    : ld a5, -128(s0)            : MemRead :  D=0x0000000000000001 A=0x7ffffffffffffd60
2667000: system.cpu: T0 : 0x105c8    : sub a4, zero, a5           : IntAlu :  D=0xffffffffffffffff
2667500: system.cpu: T0 : 0x105cc    : lw a5, -100(s0)            : MemRead :  D=0x0000000000000003 A=0x7ffffffffffffd7c
2668000: system.cpu: T0 : 0x105d0    : div a5, a4, a5             : IntDiv :  D=0x0000000000000000
2668500: system.cpu: T0 : 0x105d4    : ld a4, -56(s0)             : MemRead :  D=0x0000000000000000 A=0x7ffffffffffffda8
2669000: system.cpu: T0 : 0x105d8    : mul a5, a4, a5             : IntMult :  D=0x0000000000000000
2669500: system.cpu: T0 : 0x105dc    : sd a5, -56(s0)             : MemWrite :  D=0x0000000000000000 A=0x7ffffffffffffda8
2670000: system.cpu: T0 : 0x105e0    : lw a4, -100(s0)            : MemRead :  D=0x0000000000000003 A=0x7ffffffffffffd7c
2670500: system.cpu: T0 : 0x105e4    : lw a5, -92(s0)             : MemRead :  D=0x0000000000000031 A=0x7ffffffffffffd84
2671000: system.cpu: T0 : 0x105e8    : c_addiw a4, 0              : IntAlu :  D=0x0000000000000003
2671500: system.cpu: T0 : 0x105ea    : c_addiw a5, 0              : IntAlu :  D=0x0000000000000031
2672000: system.cpu: T0 : 0x105ec    : beq a4, a5, 36             : IntAlu : 
2672500: system.cpu: T0 : 0x105f0    : ld a5, -56(s0)             : MemRead :  D=0x0000000000000000 A=0x7ffffffffffffda8
2673000: system.cpu: T0 : 0x105f4    : sub a5, zero, a5           : IntAlu :  D=0x0000000000000000
2673500: system.cpu: T0 : 0x105f8    : lw a3, -100(s0)            : MemRead :  D=0x0000000000000003 A=0x7ffffffffffffd7c
2674000: system.cpu: T0 : 0x105fc    : lw a4, -92(s0)             : MemRead :  D=0x0000000000000031 A=0x7ffffffffffffd84
2674500: system.cpu: T0 : 0x10600    : subw a4, a3, a4            : IntAlu :  D=0xffffffffffffffd2
2675000: system.cpu: T0 : 0x10604    : c_addiw a4, 0              : IntAlu :  D=0xffffffffffffffd2
2676000: system.cpu: T0 : 0x10606    : div a5, a5, a4             : IntDiv :  D=0x0000000000000000
2677000: system.cpu: T0 : 0x1060a    : sd a5, -64(s0)             : MemWrite :  D=0x0000000000000000 A=0x7ffffffffffffda0
2677500: system.cpu: T0 : 0x1060e    : c_j 96                     : IntAlu : 
2678500: system.cpu: T0 : 0x1066e    : ld a4, -32(s0)             : MemRead :  D=0x0000000000000002 A=0x7ffffffffffffdc0
2679500: system.cpu: T0 : 0x10672    : ld a5, -64(s0)             : MemRead :  D=0x0000000000000000 A=0x7ffffffffffffda0
2680000: system.cpu: T0 : 0x10676    : c_add a5, a4               : IntAlu :  D=0x0000000000000002
2680500: system.cpu: T0 : 0x10678    : sd a5, -32(s0)             : MemWrite :  D=0x0000000000000002 A=0x7ffffffffffffdc0
2681000: system.cpu: T0 : 0x1067c    : lw a5, -100(s0)            : MemRead :  D=0x0000000000000003 A=0x7ffffffffffffd7c
2681500: system.cpu: T0 : 0x10680    : c_addiw a5, 1              : IntAlu :  D=0x0000000000000004
2682500: system.cpu: T0 : 0x10682    : sw a5, -100(s0)            : MemWrite :  D=0x0000000000000004 A=0x7ffffffffffffd7c
2683500: system.cpu: T0 : 0x10686    : lw a5, -100(s0)            : MemRead :  D=0x0000000000000004 A=0x7ffffffffffffd7c
2684500: system.cpu: T0 : 0x1068a    : addiw a4, a5, 0            : IntAlu :  D=0x0000000000000004
2685500: system.cpu: T0 : 0x1068e    : addi a5, zero, 100         : IntAlu :  D=0x0000000000000064
2686500: system.cpu: T0 : 0x10692    : bge a5, a4, -206           : IntAlu : 
2687000: system.cpu: T0 : 0x105c4    : ld a5, -128(s0)            : MemRead :  D=0x0000000000000001 A=0x7ffffffffffffd60
2687500: system.cpu: T0 : 0x105c8    : sub a4, zero, a5           : IntAlu :  D=0xffffffffffffffff
2688000: system.cpu: T0 : 0x105cc    : lw a5, -100(s0)            : MemRead :  D=0x0000000000000004 A=0x7ffffffffffffd7c
2688500: system.cpu: T0 : 0x105d0    : div a5, a4, a5             : IntDiv :  D=0x0000000000000000
2689000: system.cpu: T0 : 0x105d4    : ld a4, -56(s0)             : MemRead :  D=0x0000000000000000 A=0x7ffffffffffffda8
2689500: system.cpu: T0 : 0x105d8    : mul a5, a4, a5             : IntMult :  D=0x0000000000000000
2690000: system.cpu: T0 : 0x105dc    : sd a5, -56(s0)             : MemWrite :  D=0x0000000000000000 A=0x7ffffffffffffda8
2690500: system.cpu: T0 : 0x105e0    : lw a4, -100(s0)            : MemRead :  D=0x0000000000000004 A=0x7ffffffffffffd7c
2691000: system.cpu: T0 : 0x105e4    : lw a5, -92(s0)             : MemRead :  D=0x0000000000000031 A=0x7ffffffffffffd84
2691500: system.cpu: T0 : 0x105e8    : c_addiw a4, 0              : IntAlu :  D=0x0000000000000004
2692000: system.cpu: T0 : 0x105ea    : c_addiw a5, 0              : IntAlu :  D=0x0000000000000031
2692500: system.cpu: T0 : 0x105ec    : beq a4, a5, 36             : IntAlu : 
2693000: system.cpu: T0 : 0x105f0    : ld a5, -56(s0)             : MemRead :  D=0x0000000000000000 A=0x7ffffffffffffda8
2693500: system.cpu: T0 : 0x105f4    : sub a5, zero, a5           : IntAlu :  D=0x0000000000000000
2694000: system.cpu: T0 : 0x105f8    : lw a3, -100(s0)            : MemRead :  D=0x0000000000000004 A=0x7ffffffffffffd7c
2694500: system.cpu: T0 : 0x105fc    : lw a4, -92(s0)             : MemRead :  D=0x0000000000000031 A=0x7ffffffffffffd84
2695000: system.cpu: T0 : 0x10600    : subw a4, a3, a4            : IntAlu :  D=0xffffffffffffffd3
2695500: system.cpu: T0 : 0x10604    : c_addiw a4, 0              : IntAlu :  D=0xffffffffffffffd3
2696500: system.cpu: T0 : 0x10606    : div a5, a5, a4             : IntDiv :  D=0x0000000000000000
2697500: system.cpu: T0 : 0x1060a    : sd a5, -64(s0)             : MemWrite :  D=0x0000000000000000 A=0x7ffffffffffffda0
2698000: system.cpu: T0 : 0x1060e    : c_j 96                     : IntAlu : 
2699000: system.cpu: T0 : 0x1066e    : ld a4, -32(s0)             : MemRead :  D=0x0000000000000002 A=0x7ffffffffffffdc0
2700000: system.cpu: T0 : 0x10672    : ld a5, -64(s0)             : MemRead :  D=0x0000000000000000 A=0x7ffffffffffffda0
2700500: system.cpu: T0 : 0x10676    : c_add a5, a4               : IntAlu :  D=0x0000000000000002
2701000: system.cpu: T0 : 0x10678    : sd a5, -32(s0)             : MemWrite :  D=0x0000000000000002 A=0x7ffffffffffffdc0
2701500: system.cpu: T0 : 0x1067c    : lw a5, -100(s0)            : MemRead :  D=0x0000000000000004 A=0x7ffffffffffffd7c
2702000: system.cpu: T0 : 0x10680    : c_addiw a5, 1              : IntAlu :  D=0x0000000000000005
2703000: system.cpu: T0 : 0x10682    : sw a5, -100(s0)            : MemWrite :  D=0x0000000000000005 A=0x7ffffffffffffd7c
2704000: system.cpu: T0 : 0x10686    : lw a5, -100(s0)            : MemRead :  D=0x0000000000000005 A=0x7ffffffffffffd7c
2705000: system.cpu: T0 : 0x1068a    : addiw a4, a5, 0            : IntAlu :  D=0x0000000000000005
2706000: system.cpu: T0 : 0x1068e    : addi a5, zero, 100         : IntAlu :  D=0x0000000000000064
2707000: system.cpu: T0 : 0x10692    : bge a5, a4, -206           : IntAlu : 
2707500: system.cpu: T0 : 0x105c4    : ld a5, -128(s0)            : MemRead :  D=0x0000000000000001 A=0x7ffffffffffffd60
2708000: system.cpu: T0 : 0x105c8    : sub a4, zero, a5           : IntAlu :  D=0xffffffffffffffff
2708500: system.cpu: T0 : 0x105cc    : lw a5, -100(s0)            : MemRead :  D=0x0000000000000005 A=0x7ffffffffffffd7c
2709000: system.cpu: T0 : 0x105d0    : div a5, a4, a5             : IntDiv :  D=0x0000000000000000
2709500: system.cpu: T0 : 0x105d4    : ld a4, -56(s0)             : MemRead :  D=0x0000000000000000 A=0x7ffffffffffffda8
2710000: system.cpu: T0 : 0x105d8    : mul a5, a4, a5             : IntMult :  D=0x0000000000000000
2710500: system.cpu: T0 : 0x105dc    : sd a5, -56(s0)             : MemWrite :  D=0x0000000000000000 A=0x7ffffffffffffda8
2711000: system.cpu: T0 : 0x105e0    : lw a4, -100(s0)            : MemRead :  D=0x0000000000000005 A=0x7ffffffffffffd7c
2711500: system.cpu: T0 : 0x105e4    : lw a5, -92(s0)             : MemRead :  D=0x0000000000000031 A=0x7ffffffffffffd84
2712000: system.cpu: T0 : 0x105e8    : c_addiw a4, 0              : IntAlu :  D=0x0000000000000005
2712500: system.cpu: T0 : 0x105ea    : c_addiw a5, 0              : IntAlu :  D=0x0000000000000031
2713000: system.cpu: T0 : 0x105ec    : beq a4, a5, 36             : IntAlu : 
2713500: system.cpu: T0 : 0x105f0    : ld a5, -56(s0)             : MemRead :  D=0x0000000000000000 A=0x7ffffffffffffda8
2714000: system.cpu: T0 : 0x105f4    : sub a5, zero, a5           : IntAlu :  D=0x0000000000000000
2714500: system.cpu: T0 : 0x105f8    : lw a3, -100(s0)            : MemRead :  D=0x0000000000000005 A=0x7ffffffffffffd7c
2715000: system.cpu: T0 : 0x105fc    : lw a4, -92(s0)             : MemRead :  D=0x0000000000000031 A=0x7ffffffffffffd84
2715500: system.cpu: T0 : 0x10600    : subw a4, a3, a4            : IntAlu :  D=0xffffffffffffffd4
2716000: system.cpu: T0 : 0x10604    : c_addiw a4, 0              : IntAlu :  D=0xffffffffffffffd4
2717000: system.cpu: T0 : 0x10606    : div a5, a5, a4             : IntDiv :  D=0x0000000000000000
2718000: system.cpu: T0 : 0x1060a    : sd a5, -64(s0)             : MemWrite :  D=0x0000000000000000 A=0x7ffffffffffffda0
2718500: system.cpu: T0 : 0x1060e    : c_j 96                     : IntAlu : 
2719500: system.cpu: T0 : 0x1066e    : ld a4, -32(s0)             : MemRead :  D=0x0000000000000002 A=0x7ffffffffffffdc0
2720500: system.cpu: T0 : 0x10672    : ld a5, -64(s0)             : MemRead :  D=0x0000000000000000 A=0x7ffffffffffffda0
2721000: system.cpu: T0 : 0x10676    : c_add a5, a4               : IntAlu :  D=0x0000000000000002
2721500: system.cpu: T0 : 0x10678    : sd a5, -32(s0)             : MemWrite :  D=0x0000000000000002 A=0x7ffffffffffffdc0
2722000: system.cpu: T0 : 0x1067c    : lw a5, -100(s0)            : MemRead :  D=0x0000000000000005 A=0x7ffffffffffffd7c
2722500: system.cpu: T0 : 0x10680    : c_addiw a5, 1              : IntAlu :  D=0x0000000000000006
2723500: system.cpu: T0 : 0x10682    : sw a5, -100(s0)            : MemWrite :  D=0x0000000000000006 A=0x7ffffffffffffd7c
2724500: system.cpu: T0 : 0x10686    : lw a5, -100(s0)            : MemRead :  D=0x0000000000000006 A=0x7ffffffffffffd7c
2725500: system.cpu: T0 : 0x1068a    : addiw a4, a5, 0            : IntAlu :  D=0x0000000000000006
2726500: system.cpu: T0 : 0x1068e    : addi a5, zero, 100         : IntAlu :  D=0x0000000000000064
2727500: system.cpu: T0 : 0x10692    : bge a5, a4, -206           : IntAlu : 
2728000: system.cpu: T0 : 0x105c4    : ld a5, -128(s0)            : MemRead :  D=0x0000000000000001 A=0x7ffffffffffffd60
2728500: system.cpu: T0 : 0x105c8    : sub a4, zero, a5           : IntAlu :  D=0xffffffffffffffff
2729000: system.cpu: T0 : 0x105cc    : lw a5, -100(s0)            : MemRead :  D=0x0000000000000006 A=0x7ffffffffffffd7c
2729500: system.cpu: T0 : 0x105d0    : div a5, a4, a5             : IntDiv :  D=0x0000000000000000
2730000: system.cpu: T0 : 0x105d4    : ld a4, -56(s0)             : MemRead :  D=0x0000000000000000 A=0x7ffffffffffffda8
2730500: system.cpu: T0 : 0x105d8    : mul a5, a4, a5             : IntMult :  D=0x0000000000000000
2731000: system.cpu: T0 : 0x105dc    : sd a5, -56(s0)             : MemWrite :  D=0x0000000000000000 A=0x7ffffffffffffda8
2731500: system.cpu: T0 : 0x105e0    : lw a4, -100(s0)            : MemRead :  D=0x0000000000000006 A=0x7ffffffffffffd7c
2732000: system.cpu: T0 : 0x105e4    : lw a5, -92(s0)             : MemRead :  D=0x0000000000000031 A=0x7ffffffffffffd84
2732500: system.cpu: T0 : 0x105e8    : c_addiw a4, 0              : IntAlu :  D=0x0000000000000006
2733000: system.cpu: T0 : 0x105ea    : c_addiw a5, 0              : IntAlu :  D=0x0000000000000031
2733500: system.cpu: T0 : 0x105ec    : beq a4, a5, 36             : IntAlu : 
2734000: system.cpu: T0 : 0x105f0    : ld a5, -56(s0)             : MemRead :  D=0x0000000000000000 A=0x7ffffffffffffda8
2734500: system.cpu: T0 : 0x105f4    : sub a5, zero, a5           : IntAlu :  D=0x0000000000000000
2735000: system.cpu: T0 : 0x105f8    : lw a3, -100(s0)            : MemRead :  D=0x0000000000000006 A=0x7ffffffffffffd7c
2735500: system.cpu: T0 : 0x105fc    : lw a4, -92(s0)             : MemRead :  D=0x0000000000000031 A=0x7ffffffffffffd84
2736000: system.cpu: T0 : 0x10600    : subw a4, a3, a4            : IntAlu :  D=0xffffffffffffffd5
2736500: system.cpu: T0 : 0x10604    : c_addiw a4, 0              : IntAlu :  D=0xffffffffffffffd5
2737500: system.cpu: T0 : 0x10606    : div a5, a5, a4             : IntDiv :  D=0x0000000000000000
2738500: system.cpu: T0 : 0x1060a    : sd a5, -64(s0)             : MemWrite :  D=0x0000000000000000 A=0x7ffffffffffffda0
2739000: system.cpu: T0 : 0x1060e    : c_j 96                     : IntAlu : 
2740000: system.cpu: T0 : 0x1066e    : ld a4, -32(s0)             : MemRead :  D=0x0000000000000002 A=0x7ffffffffffffdc0
2741000: system.cpu: T0 : 0x10672    : ld a5, -64(s0)             : MemRead :  D=0x0000000000000000 A=0x7ffffffffffffda0
2741500: system.cpu: T0 : 0x10676    : c_add a5, a4               : IntAlu :  D=0x0000000000000002
2742000: system.cpu: T0 : 0x10678    : sd a5, -32(s0)             : MemWrite :  D=0x0000000000000002 A=0x7ffffffffffffdc0
2742500: system.cpu: T0 : 0x1067c    : lw a5, -100(s0)            : MemRead :  D=0x0000000000000006 A=0x7ffffffffffffd7c
2743000: system.cpu: T0 : 0x10680    : c_addiw a5, 1              : IntAlu :  D=0x0000000000000007
2744000: system.cpu: T0 : 0x10682    : sw a5, -100(s0)            : MemWrite :  D=0x0000000000000007 A=0x7ffffffffffffd7c
2745000: system.cpu: T0 : 0x10686    : lw a5, -100(s0)            : MemRead :  D=0x0000000000000007 A=0x7ffffffffffffd7c
2746000: system.cpu: T0 : 0x1068a    : addiw a4, a5, 0            : IntAlu :  D=0x0000000000000007
2747000: system.cpu: T0 : 0x1068e    : addi a5, zero, 100         : IntAlu :  D=0x0000000000000064
2748000: system.cpu: T0 : 0x10692    : bge a5, a4, -206           : IntAlu : 
2748500: system.cpu: T0 : 0x105c4    : ld a5, -128(s0)            : MemRead :  D=0x0000000000000001 A=0x7ffffffffffffd60
2749000: system.cpu: T0 : 0x105c8    : sub a4, zero, a5           : IntAlu :  D=0xffffffffffffffff
2749500: system.cpu: T0 : 0x105cc    : lw a5, -100(s0)            : MemRead :  D=0x0000000000000007 A=0x7ffffffffffffd7c
2750000: system.cpu: T0 : 0x105d0    : div a5, a4, a5             : IntDiv :  D=0x0000000000000000
2750500: system.cpu: T0 : 0x105d4    : ld a4, -56(s0)             : MemRead :  D=0x0000000000000000 A=0x7ffffffffffffda8
2751000: system.cpu: T0 : 0x105d8    : mul a5, a4, a5             : IntMult :  D=0x0000000000000000
2751500: system.cpu: T0 : 0x105dc    : sd a5, -56(s0)             : MemWrite :  D=0x0000000000000000 A=0x7ffffffffffffda8
2752000: system.cpu: T0 : 0x105e0    : lw a4, -100(s0)            : MemRead :  D=0x0000000000000007 A=0x7ffffffffffffd7c
2752500: system.cpu: T0 : 0x105e4    : lw a5, -92(s0)             : MemRead :  D=0x0000000000000031 A=0x7ffffffffffffd84
2753000: system.cpu: T0 : 0x105e8    : c_addiw a4, 0              : IntAlu :  D=0x0000000000000007
2753500: system.cpu: T0 : 0x105ea    : c_addiw a5, 0              : IntAlu :  D=0x0000000000000031
2754000: system.cpu: T0 : 0x105ec    : beq a4, a5, 36             : IntAlu : 
2754500: system.cpu: T0 : 0x105f0    : ld a5, -56(s0)             : MemRead :  D=0x0000000000000000 A=0x7ffffffffffffda8
2755000: system.cpu: T0 : 0x105f4    : sub a5, zero, a5           : IntAlu :  D=0x0000000000000000
2755500: system.cpu: T0 : 0x105f8    : lw a3, -100(s0)            : MemRead :  D=0x0000000000000007 A=0x7ffffffffffffd7c
2756000: system.cpu: T0 : 0x105fc    : lw a4, -92(s0)             : MemRead :  D=0x0000000000000031 A=0x7ffffffffffffd84
2756500: system.cpu: T0 : 0x10600    : subw a4, a3, a4            : IntAlu :  D=0xffffffffffffffd6
2757000: system.cpu: T0 : 0x10604    : c_addiw a4, 0              : IntAlu :  D=0xffffffffffffffd6
2758000: system.cpu: T0 : 0x10606    : div a5, a5, a4             : IntDiv :  D=0x0000000000000000
2759000: system.cpu: T0 : 0x1060a    : sd a5, -64(s0)             : MemWrite :  D=0x0000000000000000 A=0x7ffffffffffffda0
2759500: system.cpu: T0 : 0x1060e    : c_j 96                     : IntAlu : 
2760500: system.cpu: T0 : 0x1066e    : ld a4, -32(s0)             : MemRead :  D=0x0000000000000002 A=0x7ffffffffffffdc0
2761500: system.cpu: T0 : 0x10672    : ld a5, -64(s0)             : MemRead :  D=0x0000000000000000 A=0x7ffffffffffffda0
2762000: system.cpu: T0 : 0x10676    : c_add a5, a4               : IntAlu :  D=0x0000000000000002
2762500: system.cpu: T0 : 0x10678    : sd a5, -32(s0)             : MemWrite :  D=0x0000000000000002 A=0x7ffffffffffffdc0
2763000: system.cpu: T0 : 0x1067c    : lw a5, -100(s0)            : MemRead :  D=0x0000000000000007 A=0x7ffffffffffffd7c
2763500: system.cpu: T0 : 0x10680    : c_addiw a5, 1              : IntAlu :  D=0x0000000000000008
2764500: system.cpu: T0 : 0x10682    : sw a5, -100(s0)            : MemWrite :  D=0x0000000000000008 A=0x7ffffffffffffd7c
2765500: system.cpu: T0 : 0x10686    : lw a5, -100(s0)            : MemRead :  D=0x0000000000000008 A=0x7ffffffffffffd7c
2766500: system.cpu: T0 : 0x1068a    : addiw a4, a5, 0            : IntAlu :  D=0x0000000000000008
2767500: system.cpu: T0 : 0x1068e    : addi a5, zero, 100         : IntAlu :  D=0x0000000000000064
2768500: system.cpu: T0 : 0x10692    : bge a5, a4, -206           : IntAlu : 
2769000: system.cpu: T0 : 0x105c4    : ld a5, -128(s0)            : MemRead :  D=0x0000000000000001 A=0x7ffffffffffffd60
2769500: system.cpu: T0 : 0x105c8    : sub a4, zero, a5           : IntAlu :  D=0xffffffffffffffff
2770000: system.cpu: T0 : 0x105cc    : lw a5, -100(s0)            : MemRead :  D=0x0000000000000008 A=0x7ffffffffffffd7c
2770500: system.cpu: T0 : 0x105d0    : div a5, a4, a5             : IntDiv :  D=0x0000000000000000
2771000: system.cpu: T0 : 0x105d4    : ld a4, -56(s0)             : MemRead :  D=0x0000000000000000 A=0x7ffffffffffffda8
2771500: system.cpu: T0 : 0x105d8    : mul a5, a4, a5             : IntMult :  D=0x0000000000000000
2772000: system.cpu: T0 : 0x105dc    : sd a5, -56(s0)             : MemWrite :  D=0x0000000000000000 A=0x7ffffffffffffda8
2772500: system.cpu: T0 : 0x105e0    : lw a4, -100(s0)            : MemRead :  D=0x0000000000000008 A=0x7ffffffffffffd7c
2773000: system.cpu: T0 : 0x105e4    : lw a5, -92(s0)             : MemRead :  D=0x0000000000000031 A=0x7ffffffffffffd84
2773500: system.cpu: T0 : 0x105e8    : c_addiw a4, 0              : IntAlu :  D=0x0000000000000008
2774000: system.cpu: T0 : 0x105ea    : c_addiw a5, 0              : IntAlu :  D=0x0000000000000031
2774500: system.cpu: T0 : 0x105ec    : beq a4, a5, 36             : IntAlu : 
2775000: system.cpu: T0 : 0x105f0    : ld a5, -56(s0)             : MemRead :  D=0x0000000000000000 A=0x7ffffffffffffda8
2775500: system.cpu: T0 : 0x105f4    : sub a5, zero, a5           : IntAlu :  D=0x0000000000000000
2776000: system.cpu: T0 : 0x105f8    : lw a3, -100(s0)            : MemRead :  D=0x0000000000000008 A=0x7ffffffffffffd7c
2776500: system.cpu: T0 : 0x105fc    : lw a4, -92(s0)             : MemRead :  D=0x0000000000000031 A=0x7ffffffffffffd84
2777000: system.cpu: T0 : 0x10600    : subw a4, a3, a4            : IntAlu :  D=0xffffffffffffffd7
2777500: system.cpu: T0 : 0x10604    : c_addiw a4, 0              : IntAlu :  D=0xffffffffffffffd7
2778500: system.cpu: T0 : 0x10606    : div a5, a5, a4             : IntDiv :  D=0x0000000000000000
2779500: system.cpu: T0 : 0x1060a    : sd a5, -64(s0)             : MemWrite :  D=0x0000000000000000 A=0x7ffffffffffffda0
2780000: system.cpu: T0 : 0x1060e    : c_j 96                     : IntAlu : 
2781000: system.cpu: T0 : 0x1066e    : ld a4, -32(s0)             : MemRead :  D=0x0000000000000002 A=0x7ffffffffffffdc0
2782000: system.cpu: T0 : 0x10672    : ld a5, -64(s0)             : MemRead :  D=0x0000000000000000 A=0x7ffffffffffffda0
2782500: system.cpu: T0 : 0x10676    : c_add a5, a4               : IntAlu :  D=0x0000000000000002
2783000: system.cpu: T0 : 0x10678    : sd a5, -32(s0)             : MemWrite :  D=0x0000000000000002 A=0x7ffffffffffffdc0
2783500: system.cpu: T0 : 0x1067c    : lw a5, -100(s0)            : MemRead :  D=0x0000000000000008 A=0x7ffffffffffffd7c
2784000: system.cpu: T0 : 0x10680    : c_addiw a5, 1              : IntAlu :  D=0x0000000000000009
2785000: system.cpu: T0 : 0x10682    : sw a5, -100(s0)            : MemWrite :  D=0x0000000000000009 A=0x7ffffffffffffd7c
2786000: system.cpu: T0 : 0x10686    : lw a5, -100(s0)            : MemRead :  D=0x0000000000000009 A=0x7ffffffffffffd7c
2787000: system.cpu: T0 : 0x1068a    : addiw a4, a5, 0            : IntAlu :  D=0x0000000000000009
2788000: system.cpu: T0 : 0x1068e    : addi a5, zero, 100         : IntAlu :  D=0x0000000000000064
2789000: system.cpu: T0 : 0x10692    : bge a5, a4, -206           : IntAlu : 
2789500: system.cpu: T0 : 0x105c4    : ld a5, -128(s0)            : MemRead :  D=0x0000000000000001 A=0x7ffffffffffffd60
2790000: system.cpu: T0 : 0x105c8    : sub a4, zero, a5           : IntAlu :  D=0xffffffffffffffff
2790500: system.cpu: T0 : 0x105cc    : lw a5, -100(s0)            : MemRead :  D=0x0000000000000009 A=0x7ffffffffffffd7c
2791000: system.cpu: T0 : 0x105d0    : div a5, a4, a5             : IntDiv :  D=0x0000000000000000
2791500: system.cpu: T0 : 0x105d4    : ld a4, -56(s0)             : MemRead :  D=0x0000000000000000 A=0x7ffffffffffffda8
2792000: system.cpu: T0 : 0x105d8    : mul a5, a4, a5             : IntMult :  D=0x0000000000000000
2792500: system.cpu: T0 : 0x105dc    : sd a5, -56(s0)             : MemWrite :  D=0x0000000000000000 A=0x7ffffffffffffda8
2793000: system.cpu: T0 : 0x105e0    : lw a4, -100(s0)            : MemRead :  D=0x0000000000000009 A=0x7ffffffffffffd7c
2793500: system.cpu: T0 : 0x105e4    : lw a5, -92(s0)             : MemRead :  D=0x0000000000000031 A=0x7ffffffffffffd84
2794000: system.cpu: T0 : 0x105e8    : c_addiw a4, 0              : IntAlu :  D=0x0000000000000009
2794500: system.cpu: T0 : 0x105ea    : c_addiw a5, 0              : IntAlu :  D=0x0000000000000031
2795000: system.cpu: T0 : 0x105ec    : beq a4, a5, 36             : IntAlu : 
2795500: system.cpu: T0 : 0x105f0    : ld a5, -56(s0)             : MemRead :  D=0x0000000000000000 A=0x7ffffffffffffda8
2796000: system.cpu: T0 : 0x105f4    : sub a5, zero, a5           : IntAlu :  D=0x0000000000000000
2796500: system.cpu: T0 : 0x105f8    : lw a3, -100(s0)            : MemRead :  D=0x0000000000000009 A=0x7ffffffffffffd7c
2797000: system.cpu: T0 : 0x105fc    : lw a4, -92(s0)             : MemRead :  D=0x0000000000000031 A=0x7ffffffffffffd84
2797500: system.cpu: T0 : 0x10600    : subw a4, a3, a4            : IntAlu :  D=0xffffffffffffffd8
2798000: system.cpu: T0 : 0x10604    : c_addiw a4, 0              : IntAlu :  D=0xffffffffffffffd8
2799000: system.cpu: T0 : 0x10606    : div a5, a5, a4             : IntDiv :  D=0x0000000000000000
2800000: system.cpu: T0 : 0x1060a    : sd a5, -64(s0)             : MemWrite :  D=0x0000000000000000 A=0x7ffffffffffffda0
2800500: system.cpu: T0 : 0x1060e    : c_j 96                     : IntAlu : 
2801500: system.cpu: T0 : 0x1066e    : ld a4, -32(s0)             : MemRead :  D=0x0000000000000002 A=0x7ffffffffffffdc0
2802500: system.cpu: T0 : 0x10672    : ld a5, -64(s0)             : MemRead :  D=0x0000000000000000 A=0x7ffffffffffffda0
2803000: system.cpu: T0 : 0x10676    : c_add a5, a4               : IntAlu :  D=0x0000000000000002
2803500: system.cpu: T0 : 0x10678    : sd a5, -32(s0)             : MemWrite :  D=0x0000000000000002 A=0x7ffffffffffffdc0
2804000: system.cpu: T0 : 0x1067c    : lw a5, -100(s0)            : MemRead :  D=0x0000000000000009 A=0x7ffffffffffffd7c
2804500: system.cpu: T0 : 0x10680    : c_addiw a5, 1              : IntAlu :  D=0x000000000000000a
2805500: system.cpu: T0 : 0x10682    : sw a5, -100(s0)            : MemWrite :  D=0x000000000000000a A=0x7ffffffffffffd7c
2806500: system.cpu: T0 : 0x10686    : lw a5, -100(s0)            : MemRead :  D=0x000000000000000a A=0x7ffffffffffffd7c
2807500: system.cpu: T0 : 0x1068a    : addiw a4, a5, 0            : IntAlu :  D=0x000000000000000a
2808500: system.cpu: T0 : 0x1068e    : addi a5, zero, 100         : IntAlu :  D=0x0000000000000064
2809500: system.cpu: T0 : 0x10692    : bge a5, a4, -206           : IntAlu : 
2810000: system.cpu: T0 : 0x105c4    : ld a5, -128(s0)            : MemRead :  D=0x0000000000000001 A=0x7ffffffffffffd60
2810500: system.cpu: T0 : 0x105c8    : sub a4, zero, a5           : IntAlu :  D=0xffffffffffffffff
2811000: system.cpu: T0 : 0x105cc    : lw a5, -100(s0)            : MemRead :  D=0x000000000000000a A=0x7ffffffffffffd7c
2811500: system.cpu: T0 : 0x105d0    : div a5, a4, a5             : IntDiv :  D=0x0000000000000000
2812000: system.cpu: T0 : 0x105d4    : ld a4, -56(s0)             : MemRead :  D=0x0000000000000000 A=0x7ffffffffffffda8
2812500: system.cpu: T0 : 0x105d8    : mul a5, a4, a5             : IntMult :  D=0x0000000000000000
2813000: system.cpu: T0 : 0x105dc    : sd a5, -56(s0)             : MemWrite :  D=0x0000000000000000 A=0x7ffffffffffffda8
2813500: system.cpu: T0 : 0x105e0    : lw a4, -100(s0)            : MemRead :  D=0x000000000000000a A=0x7ffffffffffffd7c
2814000: system.cpu: T0 : 0x105e4    : lw a5, -92(s0)             : MemRead :  D=0x0000000000000031 A=0x7ffffffffffffd84
2814500: system.cpu: T0 : 0x105e8    : c_addiw a4, 0              : IntAlu :  D=0x000000000000000a
2815000: system.cpu: T0 : 0x105ea    : c_addiw a5, 0              : IntAlu :  D=0x0000000000000031
2815500: system.cpu: T0 : 0x105ec    : beq a4, a5, 36             : IntAlu : 
2816000: system.cpu: T0 : 0x105f0    : ld a5, -56(s0)             : MemRead :  D=0x0000000000000000 A=0x7ffffffffffffda8
2816500: system.cpu: T0 : 0x105f4    : sub a5, zero, a5           : IntAlu :  D=0x0000000000000000
2817000: system.cpu: T0 : 0x105f8    : lw a3, -100(s0)            : MemRead :  D=0x000000000000000a A=0x7ffffffffffffd7c
2817500: system.cpu: T0 : 0x105fc    : lw a4, -92(s0)             : MemRead :  D=0x0000000000000031 A=0x7ffffffffffffd84
2818000: system.cpu: T0 : 0x10600    : subw a4, a3, a4            : IntAlu :  D=0xffffffffffffffd9
2818500: system.cpu: T0 : 0x10604    : c_addiw a4, 0              : IntAlu :  D=0xffffffffffffffd9
2819500: system.cpu: T0 : 0x10606    : div a5, a5, a4             : IntDiv :  D=0x0000000000000000
2820500: system.cpu: T0 : 0x1060a    : sd a5, -64(s0)             : MemWrite :  D=0x0000000000000000 A=0x7ffffffffffffda0
2821000: system.cpu: T0 : 0x1060e    : c_j 96                     : IntAlu : 
2822000: system.cpu: T0 : 0x1066e    : ld a4, -32(s0)             : MemRead :  D=0x0000000000000002 A=0x7ffffffffffffdc0
2823000: system.cpu: T0 : 0x10672    : ld a5, -64(s0)             : MemRead :  D=0x0000000000000000 A=0x7ffffffffffffda0
2823500: system.cpu: T0 : 0x10676    : c_add a5, a4               : IntAlu :  D=0x0000000000000002
2824000: system.cpu: T0 : 0x10678    : sd a5, -32(s0)             : MemWrite :  D=0x0000000000000002 A=0x7ffffffffffffdc0
2824500: system.cpu: T0 : 0x1067c    : lw a5, -100(s0)            : MemRead :  D=0x000000000000000a A=0x7ffffffffffffd7c
2825000: system.cpu: T0 : 0x10680    : c_addiw a5, 1              : IntAlu :  D=0x000000000000000b
2826000: system.cpu: T0 : 0x10682    : sw a5, -100(s0)            : MemWrite :  D=0x000000000000000b A=0x7ffffffffffffd7c
2827000: system.cpu: T0 : 0x10686    : lw a5, -100(s0)            : MemRead :  D=0x000000000000000b A=0x7ffffffffffffd7c
2828000: system.cpu: T0 : 0x1068a    : addiw a4, a5, 0            : IntAlu :  D=0x000000000000000b
2829000: system.cpu: T0 : 0x1068e    : addi a5, zero, 100         : IntAlu :  D=0x0000000000000064
2830000: system.cpu: T0 : 0x10692    : bge a5, a4, -206           : IntAlu : 
2830500: system.cpu: T0 : 0x105c4    : ld a5, -128(s0)            : MemRead :  D=0x0000000000000001 A=0x7ffffffffffffd60
2831000: system.cpu: T0 : 0x105c8    : sub a4, zero, a5           : IntAlu :  D=0xffffffffffffffff
2831500: system.cpu: T0 : 0x105cc    : lw a5, -100(s0)            : MemRead :  D=0x000000000000000b A=0x7ffffffffffffd7c
2832000: system.cpu: T0 : 0x105d0    : div a5, a4, a5             : IntDiv :  D=0x0000000000000000
2832500: system.cpu: T0 : 0x105d4    : ld a4, -56(s0)             : MemRead :  D=0x0000000000000000 A=0x7ffffffffffffda8
2833000: system.cpu: T0 : 0x105d8    : mul a5, a4, a5             : IntMult :  D=0x0000000000000000
2833500: system.cpu: T0 : 0x105dc    : sd a5, -56(s0)             : MemWrite :  D=0x0000000000000000 A=0x7ffffffffffffda8
2834000: system.cpu: T0 : 0x105e0    : lw a4, -100(s0)            : MemRead :  D=0x000000000000000b A=0x7ffffffffffffd7c
2834500: system.cpu: T0 : 0x105e4    : lw a5, -92(s0)             : MemRead :  D=0x0000000000000031 A=0x7ffffffffffffd84
2835000: system.cpu: T0 : 0x105e8    : c_addiw a4, 0              : IntAlu :  D=0x000000000000000b
2835500: system.cpu: T0 : 0x105ea    : c_addiw a5, 0              : IntAlu :  D=0x0000000000000031
2836000: system.cpu: T0 : 0x105ec    : beq a4, a5, 36             : IntAlu : 
2836500: system.cpu: T0 : 0x105f0    : ld a5, -56(s0)             : MemRead :  D=0x0000000000000000 A=0x7ffffffffffffda8
2837000: system.cpu: T0 : 0x105f4    : sub a5, zero, a5           : IntAlu :  D=0x0000000000000000
2837500: system.cpu: T0 : 0x105f8    : lw a3, -100(s0)            : MemRead :  D=0x000000000000000b A=0x7ffffffffffffd7c
2838000: system.cpu: T0 : 0x105fc    : lw a4, -92(s0)             : MemRead :  D=0x0000000000000031 A=0x7ffffffffffffd84
2838500: system.cpu: T0 : 0x10600    : subw a4, a3, a4            : IntAlu :  D=0xffffffffffffffda
2839000: system.cpu: T0 : 0x10604    : c_addiw a4, 0              : IntAlu :  D=0xffffffffffffffda
2840000: system.cpu: T0 : 0x10606    : div a5, a5, a4             : IntDiv :  D=0x0000000000000000
2841000: system.cpu: T0 : 0x1060a    : sd a5, -64(s0)             : MemWrite :  D=0x0000000000000000 A=0x7ffffffffffffda0
2841500: system.cpu: T0 : 0x1060e    : c_j 96                     : IntAlu : 
2842500: system.cpu: T0 : 0x1066e    : ld a4, -32(s0)             : MemRead :  D=0x0000000000000002 A=0x7ffffffffffffdc0
2843500: system.cpu: T0 : 0x10672    : ld a5, -64(s0)             : MemRead :  D=0x0000000000000000 A=0x7ffffffffffffda0
2844000: system.cpu: T0 : 0x10676    : c_add a5, a4               : IntAlu :  D=0x0000000000000002
2844500: system.cpu: T0 : 0x10678    : sd a5, -32(s0)             : MemWrite :  D=0x0000000000000002 A=0x7ffffffffffffdc0
2845000: system.cpu: T0 : 0x1067c    : lw a5, -100(s0)            : MemRead :  D=0x000000000000000b A=0x7ffffffffffffd7c
2845500: system.cpu: T0 : 0x10680    : c_addiw a5, 1              : IntAlu :  D=0x000000000000000c
2846500: system.cpu: T0 : 0x10682    : sw a5, -100(s0)            : MemWrite :  D=0x000000000000000c A=0x7ffffffffffffd7c
2847500: system.cpu: T0 : 0x10686    : lw a5, -100(s0)            : MemRead :  D=0x000000000000000c A=0x7ffffffffffffd7c
2848500: system.cpu: T0 : 0x1068a    : addiw a4, a5, 0            : IntAlu :  D=0x000000000000000c
2849500: system.cpu: T0 : 0x1068e    : addi a5, zero, 100         : IntAlu :  D=0x0000000000000064
2850500: system.cpu: T0 : 0x10692    : bge a5, a4, -206           : IntAlu : 
2851000: system.cpu: T0 : 0x105c4    : ld a5, -128(s0)            : MemRead :  D=0x0000000000000001 A=0x7ffffffffffffd60
2851500: system.cpu: T0 : 0x105c8    : sub a4, zero, a5           : IntAlu :  D=0xffffffffffffffff
2852000: system.cpu: T0 : 0x105cc    : lw a5, -100(s0)            : MemRead :  D=0x000000000000000c A=0x7ffffffffffffd7c
2852500: system.cpu: T0 : 0x105d0    : div a5, a4, a5             : IntDiv :  D=0x0000000000000000
2853000: system.cpu: T0 : 0x105d4    : ld a4, -56(s0)             : MemRead :  D=0x0000000000000000 A=0x7ffffffffffffda8
2853500: system.cpu: T0 : 0x105d8    : mul a5, a4, a5             : IntMult :  D=0x0000000000000000
2854000: system.cpu: T0 : 0x105dc    : sd a5, -56(s0)             : MemWrite :  D=0x0000000000000000 A=0x7ffffffffffffda8
2854500: system.cpu: T0 : 0x105e0    : lw a4, -100(s0)            : MemRead :  D=0x000000000000000c A=0x7ffffffffffffd7c
2855000: system.cpu: T0 : 0x105e4    : lw a5, -92(s0)             : MemRead :  D=0x0000000000000031 A=0x7ffffffffffffd84
2855500: system.cpu: T0 : 0x105e8    : c_addiw a4, 0              : IntAlu :  D=0x000000000000000c
2856000: system.cpu: T0 : 0x105ea    : c_addiw a5, 0              : IntAlu :  D=0x0000000000000031
2856500: system.cpu: T0 : 0x105ec    : beq a4, a5, 36             : IntAlu : 
2857000: system.cpu: T0 : 0x105f0    : ld a5, -56(s0)             : MemRead :  D=0x0000000000000000 A=0x7ffffffffffffda8
2857500: system.cpu: T0 : 0x105f4    : sub a5, zero, a5           : IntAlu :  D=0x0000000000000000
2858000: system.cpu: T0 : 0x105f8    : lw a3, -100(s0)            : MemRead :  D=0x000000000000000c A=0x7ffffffffffffd7c
2858500: system.cpu: T0 : 0x105fc    : lw a4, -92(s0)             : MemRead :  D=0x0000000000000031 A=0x7ffffffffffffd84
2859000: system.cpu: T0 : 0x10600    : subw a4, a3, a4            : IntAlu :  D=0xffffffffffffffdb
2859500: system.cpu: T0 : 0x10604    : c_addiw a4, 0              : IntAlu :  D=0xffffffffffffffdb
2860500: system.cpu: T0 : 0x10606    : div a5, a5, a4             : IntDiv :  D=0x0000000000000000
2861500: system.cpu: T0 : 0x1060a    : sd a5, -64(s0)             : MemWrite :  D=0x0000000000000000 A=0x7ffffffffffffda0
2862000: system.cpu: T0 : 0x1060e    : c_j 96                     : IntAlu : 
2863000: system.cpu: T0 : 0x1066e    : ld a4, -32(s0)             : MemRead :  D=0x0000000000000002 A=0x7ffffffffffffdc0
2864000: system.cpu: T0 : 0x10672    : ld a5, -64(s0)             : MemRead :  D=0x0000000000000000 A=0x7ffffffffffffda0
2864500: system.cpu: T0 : 0x10676    : c_add a5, a4               : IntAlu :  D=0x0000000000000002
2865000: system.cpu: T0 : 0x10678    : sd a5, -32(s0)             : MemWrite :  D=0x0000000000000002 A=0x7ffffffffffffdc0
2865500: system.cpu: T0 : 0x1067c    : lw a5, -100(s0)            : MemRead :  D=0x000000000000000c A=0x7ffffffffffffd7c
2866000: system.cpu: T0 : 0x10680    : c_addiw a5, 1              : IntAlu :  D=0x000000000000000d
2867000: system.cpu: T0 : 0x10682    : sw a5, -100(s0)            : MemWrite :  D=0x000000000000000d A=0x7ffffffffffffd7c
2868000: system.cpu: T0 : 0x10686    : lw a5, -100(s0)            : MemRead :  D=0x000000000000000d A=0x7ffffffffffffd7c
2869000: system.cpu: T0 : 0x1068a    : addiw a4, a5, 0            : IntAlu :  D=0x000000000000000d
2870000: system.cpu: T0 : 0x1068e    : addi a5, zero, 100         : IntAlu :  D=0x0000000000000064
2871000: system.cpu: T0 : 0x10692    : bge a5, a4, -206           : IntAlu : 
2871500: system.cpu: T0 : 0x105c4    : ld a5, -128(s0)            : MemRead :  D=0x0000000000000001 A=0x7ffffffffffffd60
2872000: system.cpu: T0 : 0x105c8    : sub a4, zero, a5           : IntAlu :  D=0xffffffffffffffff
2872500: system.cpu: T0 : 0x105cc    : lw a5, -100(s0)            : MemRead :  D=0x000000000000000d A=0x7ffffffffffffd7c
2873000: system.cpu: T0 : 0x105d0    : div a5, a4, a5             : IntDiv :  D=0x0000000000000000
2873500: system.cpu: T0 : 0x105d4    : ld a4, -56(s0)             : MemRead :  D=0x0000000000000000 A=0x7ffffffffffffda8
2874000: system.cpu: T0 : 0x105d8    : mul a5, a4, a5             : IntMult :  D=0x0000000000000000
2874500: system.cpu: T0 : 0x105dc    : sd a5, -56(s0)             : MemWrite :  D=0x0000000000000000 A=0x7ffffffffffffda8
2875000: system.cpu: T0 : 0x105e0    : lw a4, -100(s0)            : MemRead :  D=0x000000000000000d A=0x7ffffffffffffd7c
2875500: system.cpu: T0 : 0x105e4    : lw a5, -92(s0)             : MemRead :  D=0x0000000000000031 A=0x7ffffffffffffd84
2876000: system.cpu: T0 : 0x105e8    : c_addiw a4, 0              : IntAlu :  D=0x000000000000000d
2876500: system.cpu: T0 : 0x105ea    : c_addiw a5, 0              : IntAlu :  D=0x0000000000000031
2877000: system.cpu: T0 : 0x105ec    : beq a4, a5, 36             : IntAlu : 
2877500: system.cpu: T0 : 0x105f0    : ld a5, -56(s0)             : MemRead :  D=0x0000000000000000 A=0x7ffffffffffffda8
2878000: system.cpu: T0 : 0x105f4    : sub a5, zero, a5           : IntAlu :  D=0x0000000000000000
2878500: system.cpu: T0 : 0x105f8    : lw a3, -100(s0)            : MemRead :  D=0x000000000000000d A=0x7ffffffffffffd7c
2879000: system.cpu: T0 : 0x105fc    : lw a4, -92(s0)             : MemRead :  D=0x0000000000000031 A=0x7ffffffffffffd84
2879500: system.cpu: T0 : 0x10600    : subw a4, a3, a4            : IntAlu :  D=0xffffffffffffffdc
2880000: system.cpu: T0 : 0x10604    : c_addiw a4, 0              : IntAlu :  D=0xffffffffffffffdc
2881000: system.cpu: T0 : 0x10606    : div a5, a5, a4             : IntDiv :  D=0x0000000000000000
2882000: system.cpu: T0 : 0x1060a    : sd a5, -64(s0)             : MemWrite :  D=0x0000000000000000 A=0x7ffffffffffffda0
2882500: system.cpu: T0 : 0x1060e    : c_j 96                     : IntAlu : 
2883500: system.cpu: T0 : 0x1066e    : ld a4, -32(s0)             : MemRead :  D=0x0000000000000002 A=0x7ffffffffffffdc0
2884500: system.cpu: T0 : 0x10672    : ld a5, -64(s0)             : MemRead :  D=0x0000000000000000 A=0x7ffffffffffffda0
2885000: system.cpu: T0 : 0x10676    : c_add a5, a4               : IntAlu :  D=0x0000000000000002
2885500: system.cpu: T0 : 0x10678    : sd a5, -32(s0)             : MemWrite :  D=0x0000000000000002 A=0x7ffffffffffffdc0
2886000: system.cpu: T0 : 0x1067c    : lw a5, -100(s0)            : MemRead :  D=0x000000000000000d A=0x7ffffffffffffd7c
2886500: system.cpu: T0 : 0x10680    : c_addiw a5, 1              : IntAlu :  D=0x000000000000000e
2887500: system.cpu: T0 : 0x10682    : sw a5, -100(s0)            : MemWrite :  D=0x000000000000000e A=0x7ffffffffffffd7c
2888500: system.cpu: T0 : 0x10686    : lw a5, -100(s0)            : MemRead :  D=0x000000000000000e A=0x7ffffffffffffd7c
2889500: system.cpu: T0 : 0x1068a    : addiw a4, a5, 0            : IntAlu :  D=0x000000000000000e
2890500: system.cpu: T0 : 0x1068e    : addi a5, zero, 100         : IntAlu :  D=0x0000000000000064
2891500: system.cpu: T0 : 0x10692    : bge a5, a4, -206           : IntAlu : 
2892000: system.cpu: T0 : 0x105c4    : ld a5, -128(s0)            : MemRead :  D=0x0000000000000001 A=0x7ffffffffffffd60
2892500: system.cpu: T0 : 0x105c8    : sub a4, zero, a5           : IntAlu :  D=0xffffffffffffffff
2893000: system.cpu: T0 : 0x105cc    : lw a5, -100(s0)            : MemRead :  D=0x000000000000000e A=0x7ffffffffffffd7c
2893500: system.cpu: T0 : 0x105d0    : div a5, a4, a5             : IntDiv :  D=0x0000000000000000
2894000: system.cpu: T0 : 0x105d4    : ld a4, -56(s0)             : MemRead :  D=0x0000000000000000 A=0x7ffffffffffffda8
2894500: system.cpu: T0 : 0x105d8    : mul a5, a4, a5             : IntMult :  D=0x0000000000000000
2895000: system.cpu: T0 : 0x105dc    : sd a5, -56(s0)             : MemWrite :  D=0x0000000000000000 A=0x7ffffffffffffda8
2895500: system.cpu: T0 : 0x105e0    : lw a4, -100(s0)            : MemRead :  D=0x000000000000000e A=0x7ffffffffffffd7c
2896000: system.cpu: T0 : 0x105e4    : lw a5, -92(s0)             : MemRead :  D=0x0000000000000031 A=0x7ffffffffffffd84
2896500: system.cpu: T0 : 0x105e8    : c_addiw a4, 0              : IntAlu :  D=0x000000000000000e
2897000: system.cpu: T0 : 0x105ea    : c_addiw a5, 0              : IntAlu :  D=0x0000000000000031
2897500: system.cpu: T0 : 0x105ec    : beq a4, a5, 36             : IntAlu : 
2898000: system.cpu: T0 : 0x105f0    : ld a5, -56(s0)             : MemRead :  D=0x0000000000000000 A=0x7ffffffffffffda8
2898500: system.cpu: T0 : 0x105f4    : sub a5, zero, a5           : IntAlu :  D=0x0000000000000000
2899000: system.cpu: T0 : 0x105f8    : lw a3, -100(s0)            : MemRead :  D=0x000000000000000e A=0x7ffffffffffffd7c
2899500: system.cpu: T0 : 0x105fc    : lw a4, -92(s0)             : MemRead :  D=0x0000000000000031 A=0x7ffffffffffffd84
2900000: system.cpu: T0 : 0x10600    : subw a4, a3, a4            : IntAlu :  D=0xffffffffffffffdd
2900500: system.cpu: T0 : 0x10604    : c_addiw a4, 0              : IntAlu :  D=0xffffffffffffffdd
2901500: system.cpu: T0 : 0x10606    : div a5, a5, a4             : IntDiv :  D=0x0000000000000000
2902500: system.cpu: T0 : 0x1060a    : sd a5, -64(s0)             : MemWrite :  D=0x0000000000000000 A=0x7ffffffffffffda0
2903000: system.cpu: T0 : 0x1060e    : c_j 96                     : IntAlu : 
2904000: system.cpu: T0 : 0x1066e    : ld a4, -32(s0)             : MemRead :  D=0x0000000000000002 A=0x7ffffffffffffdc0
2905000: system.cpu: T0 : 0x10672    : ld a5, -64(s0)             : MemRead :  D=0x0000000000000000 A=0x7ffffffffffffda0
2905500: system.cpu: T0 : 0x10676    : c_add a5, a4               : IntAlu :  D=0x0000000000000002
2906000: system.cpu: T0 : 0x10678    : sd a5, -32(s0)             : MemWrite :  D=0x0000000000000002 A=0x7ffffffffffffdc0
2906500: system.cpu: T0 : 0x1067c    : lw a5, -100(s0)            : MemRead :  D=0x000000000000000e A=0x7ffffffffffffd7c
2907000: system.cpu: T0 : 0x10680    : c_addiw a5, 1              : IntAlu :  D=0x000000000000000f
2908000: system.cpu: T0 : 0x10682    : sw a5, -100(s0)            : MemWrite :  D=0x000000000000000f A=0x7ffffffffffffd7c
2909000: system.cpu: T0 : 0x10686    : lw a5, -100(s0)            : MemRead :  D=0x000000000000000f A=0x7ffffffffffffd7c
2910000: system.cpu: T0 : 0x1068a    : addiw a4, a5, 0            : IntAlu :  D=0x000000000000000f
2911000: system.cpu: T0 : 0x1068e    : addi a5, zero, 100         : IntAlu :  D=0x0000000000000064
2912000: system.cpu: T0 : 0x10692    : bge a5, a4, -206           : IntAlu : 
2912500: system.cpu: T0 : 0x105c4    : ld a5, -128(s0)            : MemRead :  D=0x0000000000000001 A=0x7ffffffffffffd60
2913000: system.cpu: T0 : 0x105c8    : sub a4, zero, a5           : IntAlu :  D=0xffffffffffffffff
2913500: system.cpu: T0 : 0x105cc    : lw a5, -100(s0)            : MemRead :  D=0x000000000000000f A=0x7ffffffffffffd7c
2914000: system.cpu: T0 : 0x105d0    : div a5, a4, a5             : IntDiv :  D=0x0000000000000000
2914500: system.cpu: T0 : 0x105d4    : ld a4, -56(s0)             : MemRead :  D=0x0000000000000000 A=0x7ffffffffffffda8
2915000: system.cpu: T0 : 0x105d8    : mul a5, a4, a5             : IntMult :  D=0x0000000000000000
2915500: system.cpu: T0 : 0x105dc    : sd a5, -56(s0)             : MemWrite :  D=0x0000000000000000 A=0x7ffffffffffffda8
2916000: system.cpu: T0 : 0x105e0    : lw a4, -100(s0)            : MemRead :  D=0x000000000000000f A=0x7ffffffffffffd7c
2916500: system.cpu: T0 : 0x105e4    : lw a5, -92(s0)             : MemRead :  D=0x0000000000000031 A=0x7ffffffffffffd84
2917000: system.cpu: T0 : 0x105e8    : c_addiw a4, 0              : IntAlu :  D=0x000000000000000f
2917500: system.cpu: T0 : 0x105ea    : c_addiw a5, 0              : IntAlu :  D=0x0000000000000031
2918000: system.cpu: T0 : 0x105ec    : beq a4, a5, 36             : IntAlu : 
2918500: system.cpu: T0 : 0x105f0    : ld a5, -56(s0)             : MemRead :  D=0x0000000000000000 A=0x7ffffffffffffda8
2919000: system.cpu: T0 : 0x105f4    : sub a5, zero, a5           : IntAlu :  D=0x0000000000000000
2919500: system.cpu: T0 : 0x105f8    : lw a3, -100(s0)            : MemRead :  D=0x000000000000000f A=0x7ffffffffffffd7c
2920000: system.cpu: T0 : 0x105fc    : lw a4, -92(s0)             : MemRead :  D=0x0000000000000031 A=0x7ffffffffffffd84
2920500: system.cpu: T0 : 0x10600    : subw a4, a3, a4            : IntAlu :  D=0xffffffffffffffde
2921000: system.cpu: T0 : 0x10604    : c_addiw a4, 0              : IntAlu :  D=0xffffffffffffffde
2922000: system.cpu: T0 : 0x10606    : div a5, a5, a4             : IntDiv :  D=0x0000000000000000
2923000: system.cpu: T0 : 0x1060a    : sd a5, -64(s0)             : MemWrite :  D=0x0000000000000000 A=0x7ffffffffffffda0
2923500: system.cpu: T0 : 0x1060e    : c_j 96                     : IntAlu : 
2924500: system.cpu: T0 : 0x1066e    : ld a4, -32(s0)             : MemRead :  D=0x0000000000000002 A=0x7ffffffffffffdc0
2925500: system.cpu: T0 : 0x10672    : ld a5, -64(s0)             : MemRead :  D=0x0000000000000000 A=0x7ffffffffffffda0
2926000: system.cpu: T0 : 0x10676    : c_add a5, a4               : IntAlu :  D=0x0000000000000002
2926500: system.cpu: T0 : 0x10678    : sd a5, -32(s0)             : MemWrite :  D=0x0000000000000002 A=0x7ffffffffffffdc0
2927000: system.cpu: T0 : 0x1067c    : lw a5, -100(s0)            : MemRead :  D=0x000000000000000f A=0x7ffffffffffffd7c
2927500: system.cpu: T0 : 0x10680    : c_addiw a5, 1              : IntAlu :  D=0x0000000000000010
2928500: system.cpu: T0 : 0x10682    : sw a5, -100(s0)            : MemWrite :  D=0x0000000000000010 A=0x7ffffffffffffd7c
2929500: system.cpu: T0 : 0x10686    : lw a5, -100(s0)            : MemRead :  D=0x0000000000000010 A=0x7ffffffffffffd7c
2930500: system.cpu: T0 : 0x1068a    : addiw a4, a5, 0            : IntAlu :  D=0x0000000000000010
2931500: system.cpu: T0 : 0x1068e    : addi a5, zero, 100         : IntAlu :  D=0x0000000000000064
2932500: system.cpu: T0 : 0x10692    : bge a5, a4, -206           : IntAlu : 
2933000: system.cpu: T0 : 0x105c4    : ld a5, -128(s0)            : MemRead :  D=0x0000000000000001 A=0x7ffffffffffffd60
2933500: system.cpu: T0 : 0x105c8    : sub a4, zero, a5           : IntAlu :  D=0xffffffffffffffff
2934000: system.cpu: T0 : 0x105cc    : lw a5, -100(s0)            : MemRead :  D=0x0000000000000010 A=0x7ffffffffffffd7c
2934500: system.cpu: T0 : 0x105d0    : div a5, a4, a5             : IntDiv :  D=0x0000000000000000
2935000: system.cpu: T0 : 0x105d4    : ld a4, -56(s0)             : MemRead :  D=0x0000000000000000 A=0x7ffffffffffffda8
2935500: system.cpu: T0 : 0x105d8    : mul a5, a4, a5             : IntMult :  D=0x0000000000000000
2936000: system.cpu: T0 : 0x105dc    : sd a5, -56(s0)             : MemWrite :  D=0x0000000000000000 A=0x7ffffffffffffda8
2936500: system.cpu: T0 : 0x105e0    : lw a4, -100(s0)            : MemRead :  D=0x0000000000000010 A=0x7ffffffffffffd7c
2937000: system.cpu: T0 : 0x105e4    : lw a5, -92(s0)             : MemRead :  D=0x0000000000000031 A=0x7ffffffffffffd84
2937500: system.cpu: T0 : 0x105e8    : c_addiw a4, 0              : IntAlu :  D=0x0000000000000010
2938000: system.cpu: T0 : 0x105ea    : c_addiw a5, 0              : IntAlu :  D=0x0000000000000031
2938500: system.cpu: T0 : 0x105ec    : beq a4, a5, 36             : IntAlu : 
2939000: system.cpu: T0 : 0x105f0    : ld a5, -56(s0)             : MemRead :  D=0x0000000000000000 A=0x7ffffffffffffda8
2939500: system.cpu: T0 : 0x105f4    : sub a5, zero, a5           : IntAlu :  D=0x0000000000000000
2940000: system.cpu: T0 : 0x105f8    : lw a3, -100(s0)            : MemRead :  D=0x0000000000000010 A=0x7ffffffffffffd7c
2940500: system.cpu: T0 : 0x105fc    : lw a4, -92(s0)             : MemRead :  D=0x0000000000000031 A=0x7ffffffffffffd84
2941000: system.cpu: T0 : 0x10600    : subw a4, a3, a4            : IntAlu :  D=0xffffffffffffffdf
2941500: system.cpu: T0 : 0x10604    : c_addiw a4, 0              : IntAlu :  D=0xffffffffffffffdf
2942500: system.cpu: T0 : 0x10606    : div a5, a5, a4             : IntDiv :  D=0x0000000000000000
2943500: system.cpu: T0 : 0x1060a    : sd a5, -64(s0)             : MemWrite :  D=0x0000000000000000 A=0x7ffffffffffffda0
2944000: system.cpu: T0 : 0x1060e    : c_j 96                     : IntAlu : 
2945000: system.cpu: T0 : 0x1066e    : ld a4, -32(s0)             : MemRead :  D=0x0000000000000002 A=0x7ffffffffffffdc0
2946000: system.cpu: T0 : 0x10672    : ld a5, -64(s0)             : MemRead :  D=0x0000000000000000 A=0x7ffffffffffffda0
2946500: system.cpu: T0 : 0x10676    : c_add a5, a4               : IntAlu :  D=0x0000000000000002
2947000: system.cpu: T0 : 0x10678    : sd a5, -32(s0)             : MemWrite :  D=0x0000000000000002 A=0x7ffffffffffffdc0
2947500: system.cpu: T0 : 0x1067c    : lw a5, -100(s0)            : MemRead :  D=0x0000000000000010 A=0x7ffffffffffffd7c
2948000: system.cpu: T0 : 0x10680    : c_addiw a5, 1              : IntAlu :  D=0x0000000000000011
2949000: system.cpu: T0 : 0x10682    : sw a5, -100(s0)            : MemWrite :  D=0x0000000000000011 A=0x7ffffffffffffd7c
2950000: system.cpu: T0 : 0x10686    : lw a5, -100(s0)            : MemRead :  D=0x0000000000000011 A=0x7ffffffffffffd7c
2951000: system.cpu: T0 : 0x1068a    : addiw a4, a5, 0            : IntAlu :  D=0x0000000000000011
2952000: system.cpu: T0 : 0x1068e    : addi a5, zero, 100         : IntAlu :  D=0x0000000000000064
2953000: system.cpu: T0 : 0x10692    : bge a5, a4, -206           : IntAlu : 
2953500: system.cpu: T0 : 0x105c4    : ld a5, -128(s0)            : MemRead :  D=0x0000000000000001 A=0x7ffffffffffffd60
2954000: system.cpu: T0 : 0x105c8    : sub a4, zero, a5           : IntAlu :  D=0xffffffffffffffff
2954500: system.cpu: T0 : 0x105cc    : lw a5, -100(s0)            : MemRead :  D=0x0000000000000011 A=0x7ffffffffffffd7c
2955000: system.cpu: T0 : 0x105d0    : div a5, a4, a5             : IntDiv :  D=0x0000000000000000
2955500: system.cpu: T0 : 0x105d4    : ld a4, -56(s0)             : MemRead :  D=0x0000000000000000 A=0x7ffffffffffffda8
2956000: system.cpu: T0 : 0x105d8    : mul a5, a4, a5             : IntMult :  D=0x0000000000000000
2956500: system.cpu: T0 : 0x105dc    : sd a5, -56(s0)             : MemWrite :  D=0x0000000000000000 A=0x7ffffffffffffda8
2957000: system.cpu: T0 : 0x105e0    : lw a4, -100(s0)            : MemRead :  D=0x0000000000000011 A=0x7ffffffffffffd7c
2957500: system.cpu: T0 : 0x105e4    : lw a5, -92(s0)             : MemRead :  D=0x0000000000000031 A=0x7ffffffffffffd84
2958000: system.cpu: T0 : 0x105e8    : c_addiw a4, 0              : IntAlu :  D=0x0000000000000011
2958500: system.cpu: T0 : 0x105ea    : c_addiw a5, 0              : IntAlu :  D=0x0000000000000031
2959000: system.cpu: T0 : 0x105ec    : beq a4, a5, 36             : IntAlu : 
2959500: system.cpu: T0 : 0x105f0    : ld a5, -56(s0)             : MemRead :  D=0x0000000000000000 A=0x7ffffffffffffda8
2960000: system.cpu: T0 : 0x105f4    : sub a5, zero, a5           : IntAlu :  D=0x0000000000000000
2960500: system.cpu: T0 : 0x105f8    : lw a3, -100(s0)            : MemRead :  D=0x0000000000000011 A=0x7ffffffffffffd7c
2961000: system.cpu: T0 : 0x105fc    : lw a4, -92(s0)             : MemRead :  D=0x0000000000000031 A=0x7ffffffffffffd84
2961500: system.cpu: T0 : 0x10600    : subw a4, a3, a4            : IntAlu :  D=0xffffffffffffffe0
2962000: system.cpu: T0 : 0x10604    : c_addiw a4, 0              : IntAlu :  D=0xffffffffffffffe0
2963000: system.cpu: T0 : 0x10606    : div a5, a5, a4             : IntDiv :  D=0x0000000000000000
2964000: system.cpu: T0 : 0x1060a    : sd a5, -64(s0)             : MemWrite :  D=0x0000000000000000 A=0x7ffffffffffffda0
2964500: system.cpu: T0 : 0x1060e    : c_j 96                     : IntAlu : 
2965500: system.cpu: T0 : 0x1066e    : ld a4, -32(s0)             : MemRead :  D=0x0000000000000002 A=0x7ffffffffffffdc0
2966500: system.cpu: T0 : 0x10672    : ld a5, -64(s0)             : MemRead :  D=0x0000000000000000 A=0x7ffffffffffffda0
2967000: system.cpu: T0 : 0x10676    : c_add a5, a4               : IntAlu :  D=0x0000000000000002
2967500: system.cpu: T0 : 0x10678    : sd a5, -32(s0)             : MemWrite :  D=0x0000000000000002 A=0x7ffffffffffffdc0
2968000: system.cpu: T0 : 0x1067c    : lw a5, -100(s0)            : MemRead :  D=0x0000000000000011 A=0x7ffffffffffffd7c
2968500: system.cpu: T0 : 0x10680    : c_addiw a5, 1              : IntAlu :  D=0x0000000000000012
2969500: system.cpu: T0 : 0x10682    : sw a5, -100(s0)            : MemWrite :  D=0x0000000000000012 A=0x7ffffffffffffd7c
2970500: system.cpu: T0 : 0x10686    : lw a5, -100(s0)            : MemRead :  D=0x0000000000000012 A=0x7ffffffffffffd7c
2971500: system.cpu: T0 : 0x1068a    : addiw a4, a5, 0            : IntAlu :  D=0x0000000000000012
2972500: system.cpu: T0 : 0x1068e    : addi a5, zero, 100         : IntAlu :  D=0x0000000000000064
2973500: system.cpu: T0 : 0x10692    : bge a5, a4, -206           : IntAlu : 
2974000: system.cpu: T0 : 0x105c4    : ld a5, -128(s0)            : MemRead :  D=0x0000000000000001 A=0x7ffffffffffffd60
2974500: system.cpu: T0 : 0x105c8    : sub a4, zero, a5           : IntAlu :  D=0xffffffffffffffff
2975000: system.cpu: T0 : 0x105cc    : lw a5, -100(s0)            : MemRead :  D=0x0000000000000012 A=0x7ffffffffffffd7c
2975500: system.cpu: T0 : 0x105d0    : div a5, a4, a5             : IntDiv :  D=0x0000000000000000
2976000: system.cpu: T0 : 0x105d4    : ld a4, -56(s0)             : MemRead :  D=0x0000000000000000 A=0x7ffffffffffffda8
2976500: system.cpu: T0 : 0x105d8    : mul a5, a4, a5             : IntMult :  D=0x0000000000000000
2977000: system.cpu: T0 : 0x105dc    : sd a5, -56(s0)             : MemWrite :  D=0x0000000000000000 A=0x7ffffffffffffda8
2977500: system.cpu: T0 : 0x105e0    : lw a4, -100(s0)            : MemRead :  D=0x0000000000000012 A=0x7ffffffffffffd7c
2978000: system.cpu: T0 : 0x105e4    : lw a5, -92(s0)             : MemRead :  D=0x0000000000000031 A=0x7ffffffffffffd84
2978500: system.cpu: T0 : 0x105e8    : c_addiw a4, 0              : IntAlu :  D=0x0000000000000012
2979000: system.cpu: T0 : 0x105ea    : c_addiw a5, 0              : IntAlu :  D=0x0000000000000031
2979500: system.cpu: T0 : 0x105ec    : beq a4, a5, 36             : IntAlu : 
2980000: system.cpu: T0 : 0x105f0    : ld a5, -56(s0)             : MemRead :  D=0x0000000000000000 A=0x7ffffffffffffda8
2980500: system.cpu: T0 : 0x105f4    : sub a5, zero, a5           : IntAlu :  D=0x0000000000000000
2981000: system.cpu: T0 : 0x105f8    : lw a3, -100(s0)            : MemRead :  D=0x0000000000000012 A=0x7ffffffffffffd7c
2981500: system.cpu: T0 : 0x105fc    : lw a4, -92(s0)             : MemRead :  D=0x0000000000000031 A=0x7ffffffffffffd84
2982000: system.cpu: T0 : 0x10600    : subw a4, a3, a4            : IntAlu :  D=0xffffffffffffffe1
2982500: system.cpu: T0 : 0x10604    : c_addiw a4, 0              : IntAlu :  D=0xffffffffffffffe1
2983500: system.cpu: T0 : 0x10606    : div a5, a5, a4             : IntDiv :  D=0x0000000000000000
2984500: system.cpu: T0 : 0x1060a    : sd a5, -64(s0)             : MemWrite :  D=0x0000000000000000 A=0x7ffffffffffffda0
2985000: system.cpu: T0 : 0x1060e    : c_j 96                     : IntAlu : 
2986000: system.cpu: T0 : 0x1066e    : ld a4, -32(s0)             : MemRead :  D=0x0000000000000002 A=0x7ffffffffffffdc0
2987000: system.cpu: T0 : 0x10672    : ld a5, -64(s0)             : MemRead :  D=0x0000000000000000 A=0x7ffffffffffffda0
2987500: system.cpu: T0 : 0x10676    : c_add a5, a4               : IntAlu :  D=0x0000000000000002
2988000: system.cpu: T0 : 0x10678    : sd a5, -32(s0)             : MemWrite :  D=0x0000000000000002 A=0x7ffffffffffffdc0
2988500: system.cpu: T0 : 0x1067c    : lw a5, -100(s0)            : MemRead :  D=0x0000000000000012 A=0x7ffffffffffffd7c
2989000: system.cpu: T0 : 0x10680    : c_addiw a5, 1              : IntAlu :  D=0x0000000000000013
2990000: system.cpu: T0 : 0x10682    : sw a5, -100(s0)            : MemWrite :  D=0x0000000000000013 A=0x7ffffffffffffd7c
2991000: system.cpu: T0 : 0x10686    : lw a5, -100(s0)            : MemRead :  D=0x0000000000000013 A=0x7ffffffffffffd7c
2992000: system.cpu: T0 : 0x1068a    : addiw a4, a5, 0            : IntAlu :  D=0x0000000000000013
2993000: system.cpu: T0 : 0x1068e    : addi a5, zero, 100         : IntAlu :  D=0x0000000000000064
2994000: system.cpu: T0 : 0x10692    : bge a5, a4, -206           : IntAlu : 
2994500: system.cpu: T0 : 0x105c4    : ld a5, -128(s0)            : MemRead :  D=0x0000000000000001 A=0x7ffffffffffffd60
2995000: system.cpu: T0 : 0x105c8    : sub a4, zero, a5           : IntAlu :  D=0xffffffffffffffff
2995500: system.cpu: T0 : 0x105cc    : lw a5, -100(s0)            : MemRead :  D=0x0000000000000013 A=0x7ffffffffffffd7c
2996000: system.cpu: T0 : 0x105d0    : div a5, a4, a5             : IntDiv :  D=0x0000000000000000
2996500: system.cpu: T0 : 0x105d4    : ld a4, -56(s0)             : MemRead :  D=0x0000000000000000 A=0x7ffffffffffffda8
2997000: system.cpu: T0 : 0x105d8    : mul a5, a4, a5             : IntMult :  D=0x0000000000000000
2997500: system.cpu: T0 : 0x105dc    : sd a5, -56(s0)             : MemWrite :  D=0x0000000000000000 A=0x7ffffffffffffda8
2998000: system.cpu: T0 : 0x105e0    : lw a4, -100(s0)            : MemRead :  D=0x0000000000000013 A=0x7ffffffffffffd7c
2998500: system.cpu: T0 : 0x105e4    : lw a5, -92(s0)             : MemRead :  D=0x0000000000000031 A=0x7ffffffffffffd84
2999000: system.cpu: T0 : 0x105e8    : c_addiw a4, 0              : IntAlu :  D=0x0000000000000013
2999500: system.cpu: T0 : 0x105ea    : c_addiw a5, 0              : IntAlu :  D=0x0000000000000031
3000000: system.cpu: T0 : 0x105ec    : beq a4, a5, 36             : IntAlu : 
3000500: system.cpu: T0 : 0x105f0    : ld a5, -56(s0)             : MemRead :  D=0x0000000000000000 A=0x7ffffffffffffda8
3001000: system.cpu: T0 : 0x105f4    : sub a5, zero, a5           : IntAlu :  D=0x0000000000000000
3001500: system.cpu: T0 : 0x105f8    : lw a3, -100(s0)            : MemRead :  D=0x0000000000000013 A=0x7ffffffffffffd7c
3002000: system.cpu: T0 : 0x105fc    : lw a4, -92(s0)             : MemRead :  D=0x0000000000000031 A=0x7ffffffffffffd84
3002500: system.cpu: T0 : 0x10600    : subw a4, a3, a4            : IntAlu :  D=0xffffffffffffffe2
3003000: system.cpu: T0 : 0x10604    : c_addiw a4, 0              : IntAlu :  D=0xffffffffffffffe2
3004000: system.cpu: T0 : 0x10606    : div a5, a5, a4             : IntDiv :  D=0x0000000000000000
3005000: system.cpu: T0 : 0x1060a    : sd a5, -64(s0)             : MemWrite :  D=0x0000000000000000 A=0x7ffffffffffffda0
3005500: system.cpu: T0 : 0x1060e    : c_j 96                     : IntAlu : 
3006500: system.cpu: T0 : 0x1066e    : ld a4, -32(s0)             : MemRead :  D=0x0000000000000002 A=0x7ffffffffffffdc0
3007500: system.cpu: T0 : 0x10672    : ld a5, -64(s0)             : MemRead :  D=0x0000000000000000 A=0x7ffffffffffffda0
3008000: system.cpu: T0 : 0x10676    : c_add a5, a4               : IntAlu :  D=0x0000000000000002
3008500: system.cpu: T0 : 0x10678    : sd a5, -32(s0)             : MemWrite :  D=0x0000000000000002 A=0x7ffffffffffffdc0
3009000: system.cpu: T0 : 0x1067c    : lw a5, -100(s0)            : MemRead :  D=0x0000000000000013 A=0x7ffffffffffffd7c
3009500: system.cpu: T0 : 0x10680    : c_addiw a5, 1              : IntAlu :  D=0x0000000000000014
3010500: system.cpu: T0 : 0x10682    : sw a5, -100(s0)            : MemWrite :  D=0x0000000000000014 A=0x7ffffffffffffd7c
3011500: system.cpu: T0 : 0x10686    : lw a5, -100(s0)            : MemRead :  D=0x0000000000000014 A=0x7ffffffffffffd7c
3012500: system.cpu: T0 : 0x1068a    : addiw a4, a5, 0            : IntAlu :  D=0x0000000000000014
3013500: system.cpu: T0 : 0x1068e    : addi a5, zero, 100         : IntAlu :  D=0x0000000000000064
3014500: system.cpu: T0 : 0x10692    : bge a5, a4, -206           : IntAlu : 
3015000: system.cpu: T0 : 0x105c4    : ld a5, -128(s0)            : MemRead :  D=0x0000000000000001 A=0x7ffffffffffffd60
3015500: system.cpu: T0 : 0x105c8    : sub a4, zero, a5           : IntAlu :  D=0xffffffffffffffff
3016000: system.cpu: T0 : 0x105cc    : lw a5, -100(s0)            : MemRead :  D=0x0000000000000014 A=0x7ffffffffffffd7c
3016500: system.cpu: T0 : 0x105d0    : div a5, a4, a5             : IntDiv :  D=0x0000000000000000
3017000: system.cpu: T0 : 0x105d4    : ld a4, -56(s0)             : MemRead :  D=0x0000000000000000 A=0x7ffffffffffffda8
3017500: system.cpu: T0 : 0x105d8    : mul a5, a4, a5             : IntMult :  D=0x0000000000000000
3018000: system.cpu: T0 : 0x105dc    : sd a5, -56(s0)             : MemWrite :  D=0x0000000000000000 A=0x7ffffffffffffda8
3018500: system.cpu: T0 : 0x105e0    : lw a4, -100(s0)            : MemRead :  D=0x0000000000000014 A=0x7ffffffffffffd7c
3019000: system.cpu: T0 : 0x105e4    : lw a5, -92(s0)             : MemRead :  D=0x0000000000000031 A=0x7ffffffffffffd84
3019500: system.cpu: T0 : 0x105e8    : c_addiw a4, 0              : IntAlu :  D=0x0000000000000014
3020000: system.cpu: T0 : 0x105ea    : c_addiw a5, 0              : IntAlu :  D=0x0000000000000031
3020500: system.cpu: T0 : 0x105ec    : beq a4, a5, 36             : IntAlu : 
3021000: system.cpu: T0 : 0x105f0    : ld a5, -56(s0)             : MemRead :  D=0x0000000000000000 A=0x7ffffffffffffda8
3021500: system.cpu: T0 : 0x105f4    : sub a5, zero, a5           : IntAlu :  D=0x0000000000000000
3022000: system.cpu: T0 : 0x105f8    : lw a3, -100(s0)            : MemRead :  D=0x0000000000000014 A=0x7ffffffffffffd7c
3022500: system.cpu: T0 : 0x105fc    : lw a4, -92(s0)             : MemRead :  D=0x0000000000000031 A=0x7ffffffffffffd84
3023000: system.cpu: T0 : 0x10600    : subw a4, a3, a4            : IntAlu :  D=0xffffffffffffffe3
3023500: system.cpu: T0 : 0x10604    : c_addiw a4, 0              : IntAlu :  D=0xffffffffffffffe3
3024500: system.cpu: T0 : 0x10606    : div a5, a5, a4             : IntDiv :  D=0x0000000000000000
3025500: system.cpu: T0 : 0x1060a    : sd a5, -64(s0)             : MemWrite :  D=0x0000000000000000 A=0x7ffffffffffffda0
3026000: system.cpu: T0 : 0x1060e    : c_j 96                     : IntAlu : 
3027000: system.cpu: T0 : 0x1066e    : ld a4, -32(s0)             : MemRead :  D=0x0000000000000002 A=0x7ffffffffffffdc0
3028000: system.cpu: T0 : 0x10672    : ld a5, -64(s0)             : MemRead :  D=0x0000000000000000 A=0x7ffffffffffffda0
3028500: system.cpu: T0 : 0x10676    : c_add a5, a4               : IntAlu :  D=0x0000000000000002
3029000: system.cpu: T0 : 0x10678    : sd a5, -32(s0)             : MemWrite :  D=0x0000000000000002 A=0x7ffffffffffffdc0
3029500: system.cpu: T0 : 0x1067c    : lw a5, -100(s0)            : MemRead :  D=0x0000000000000014 A=0x7ffffffffffffd7c
3030000: system.cpu: T0 : 0x10680    : c_addiw a5, 1              : IntAlu :  D=0x0000000000000015
3031000: system.cpu: T0 : 0x10682    : sw a5, -100(s0)            : MemWrite :  D=0x0000000000000015 A=0x7ffffffffffffd7c
3032000: system.cpu: T0 : 0x10686    : lw a5, -100(s0)            : MemRead :  D=0x0000000000000015 A=0x7ffffffffffffd7c
3033000: system.cpu: T0 : 0x1068a    : addiw a4, a5, 0            : IntAlu :  D=0x0000000000000015
3034000: system.cpu: T0 : 0x1068e    : addi a5, zero, 100         : IntAlu :  D=0x0000000000000064
3035000: system.cpu: T0 : 0x10692    : bge a5, a4, -206           : IntAlu : 
3035500: system.cpu: T0 : 0x105c4    : ld a5, -128(s0)            : MemRead :  D=0x0000000000000001 A=0x7ffffffffffffd60
3036000: system.cpu: T0 : 0x105c8    : sub a4, zero, a5           : IntAlu :  D=0xffffffffffffffff
3036500: system.cpu: T0 : 0x105cc    : lw a5, -100(s0)            : MemRead :  D=0x0000000000000015 A=0x7ffffffffffffd7c
3037000: system.cpu: T0 : 0x105d0    : div a5, a4, a5             : IntDiv :  D=0x0000000000000000
3037500: system.cpu: T0 : 0x105d4    : ld a4, -56(s0)             : MemRead :  D=0x0000000000000000 A=0x7ffffffffffffda8
3038000: system.cpu: T0 : 0x105d8    : mul a5, a4, a5             : IntMult :  D=0x0000000000000000
3038500: system.cpu: T0 : 0x105dc    : sd a5, -56(s0)             : MemWrite :  D=0x0000000000000000 A=0x7ffffffffffffda8
3039000: system.cpu: T0 : 0x105e0    : lw a4, -100(s0)            : MemRead :  D=0x0000000000000015 A=0x7ffffffffffffd7c
3039500: system.cpu: T0 : 0x105e4    : lw a5, -92(s0)             : MemRead :  D=0x0000000000000031 A=0x7ffffffffffffd84
3040000: system.cpu: T0 : 0x105e8    : c_addiw a4, 0              : IntAlu :  D=0x0000000000000015
3040500: system.cpu: T0 : 0x105ea    : c_addiw a5, 0              : IntAlu :  D=0x0000000000000031
3041000: system.cpu: T0 : 0x105ec    : beq a4, a5, 36             : IntAlu : 
3041500: system.cpu: T0 : 0x105f0    : ld a5, -56(s0)             : MemRead :  D=0x0000000000000000 A=0x7ffffffffffffda8
3042000: system.cpu: T0 : 0x105f4    : sub a5, zero, a5           : IntAlu :  D=0x0000000000000000
3042500: system.cpu: T0 : 0x105f8    : lw a3, -100(s0)            : MemRead :  D=0x0000000000000015 A=0x7ffffffffffffd7c
3043000: system.cpu: T0 : 0x105fc    : lw a4, -92(s0)             : MemRead :  D=0x0000000000000031 A=0x7ffffffffffffd84
3043500: system.cpu: T0 : 0x10600    : subw a4, a3, a4            : IntAlu :  D=0xffffffffffffffe4
3044000: system.cpu: T0 : 0x10604    : c_addiw a4, 0              : IntAlu :  D=0xffffffffffffffe4
3045000: system.cpu: T0 : 0x10606    : div a5, a5, a4             : IntDiv :  D=0x0000000000000000
3046000: system.cpu: T0 : 0x1060a    : sd a5, -64(s0)             : MemWrite :  D=0x0000000000000000 A=0x7ffffffffffffda0
3046500: system.cpu: T0 : 0x1060e    : c_j 96                     : IntAlu : 
3047500: system.cpu: T0 : 0x1066e    : ld a4, -32(s0)             : MemRead :  D=0x0000000000000002 A=0x7ffffffffffffdc0
3048500: system.cpu: T0 : 0x10672    : ld a5, -64(s0)             : MemRead :  D=0x0000000000000000 A=0x7ffffffffffffda0
3049000: system.cpu: T0 : 0x10676    : c_add a5, a4               : IntAlu :  D=0x0000000000000002
3049500: system.cpu: T0 : 0x10678    : sd a5, -32(s0)             : MemWrite :  D=0x0000000000000002 A=0x7ffffffffffffdc0
3050000: system.cpu: T0 : 0x1067c    : lw a5, -100(s0)            : MemRead :  D=0x0000000000000015 A=0x7ffffffffffffd7c
3050500: system.cpu: T0 : 0x10680    : c_addiw a5, 1              : IntAlu :  D=0x0000000000000016
3051500: system.cpu: T0 : 0x10682    : sw a5, -100(s0)            : MemWrite :  D=0x0000000000000016 A=0x7ffffffffffffd7c
3052500: system.cpu: T0 : 0x10686    : lw a5, -100(s0)            : MemRead :  D=0x0000000000000016 A=0x7ffffffffffffd7c
3053500: system.cpu: T0 : 0x1068a    : addiw a4, a5, 0            : IntAlu :  D=0x0000000000000016
3054500: system.cpu: T0 : 0x1068e    : addi a5, zero, 100         : IntAlu :  D=0x0000000000000064
3055500: system.cpu: T0 : 0x10692    : bge a5, a4, -206           : IntAlu : 
3056000: system.cpu: T0 : 0x105c4    : ld a5, -128(s0)            : MemRead :  D=0x0000000000000001 A=0x7ffffffffffffd60
3056500: system.cpu: T0 : 0x105c8    : sub a4, zero, a5           : IntAlu :  D=0xffffffffffffffff
3057000: system.cpu: T0 : 0x105cc    : lw a5, -100(s0)            : MemRead :  D=0x0000000000000016 A=0x7ffffffffffffd7c
3057500: system.cpu: T0 : 0x105d0    : div a5, a4, a5             : IntDiv :  D=0x0000000000000000
3058000: system.cpu: T0 : 0x105d4    : ld a4, -56(s0)             : MemRead :  D=0x0000000000000000 A=0x7ffffffffffffda8
3058500: system.cpu: T0 : 0x105d8    : mul a5, a4, a5             : IntMult :  D=0x0000000000000000
3059000: system.cpu: T0 : 0x105dc    : sd a5, -56(s0)             : MemWrite :  D=0x0000000000000000 A=0x7ffffffffffffda8
3059500: system.cpu: T0 : 0x105e0    : lw a4, -100(s0)            : MemRead :  D=0x0000000000000016 A=0x7ffffffffffffd7c
3060000: system.cpu: T0 : 0x105e4    : lw a5, -92(s0)             : MemRead :  D=0x0000000000000031 A=0x7ffffffffffffd84
3060500: system.cpu: T0 : 0x105e8    : c_addiw a4, 0              : IntAlu :  D=0x0000000000000016
3061000: system.cpu: T0 : 0x105ea    : c_addiw a5, 0              : IntAlu :  D=0x0000000000000031
3061500: system.cpu: T0 : 0x105ec    : beq a4, a5, 36             : IntAlu : 
3062000: system.cpu: T0 : 0x105f0    : ld a5, -56(s0)             : MemRead :  D=0x0000000000000000 A=0x7ffffffffffffda8
3062500: system.cpu: T0 : 0x105f4    : sub a5, zero, a5           : IntAlu :  D=0x0000000000000000
3063000: system.cpu: T0 : 0x105f8    : lw a3, -100(s0)            : MemRead :  D=0x0000000000000016 A=0x7ffffffffffffd7c
3063500: system.cpu: T0 : 0x105fc    : lw a4, -92(s0)             : MemRead :  D=0x0000000000000031 A=0x7ffffffffffffd84
3064000: system.cpu: T0 : 0x10600    : subw a4, a3, a4            : IntAlu :  D=0xffffffffffffffe5
3064500: system.cpu: T0 : 0x10604    : c_addiw a4, 0              : IntAlu :  D=0xffffffffffffffe5
3065500: system.cpu: T0 : 0x10606    : div a5, a5, a4             : IntDiv :  D=0x0000000000000000
3066500: system.cpu: T0 : 0x1060a    : sd a5, -64(s0)             : MemWrite :  D=0x0000000000000000 A=0x7ffffffffffffda0
3067000: system.cpu: T0 : 0x1060e    : c_j 96                     : IntAlu : 
3068000: system.cpu: T0 : 0x1066e    : ld a4, -32(s0)             : MemRead :  D=0x0000000000000002 A=0x7ffffffffffffdc0
3069000: system.cpu: T0 : 0x10672    : ld a5, -64(s0)             : MemRead :  D=0x0000000000000000 A=0x7ffffffffffffda0
3069500: system.cpu: T0 : 0x10676    : c_add a5, a4               : IntAlu :  D=0x0000000000000002
3070000: system.cpu: T0 : 0x10678    : sd a5, -32(s0)             : MemWrite :  D=0x0000000000000002 A=0x7ffffffffffffdc0
3070500: system.cpu: T0 : 0x1067c    : lw a5, -100(s0)            : MemRead :  D=0x0000000000000016 A=0x7ffffffffffffd7c
3071000: system.cpu: T0 : 0x10680    : c_addiw a5, 1              : IntAlu :  D=0x0000000000000017
3072000: system.cpu: T0 : 0x10682    : sw a5, -100(s0)            : MemWrite :  D=0x0000000000000017 A=0x7ffffffffffffd7c
3073000: system.cpu: T0 : 0x10686    : lw a5, -100(s0)            : MemRead :  D=0x0000000000000017 A=0x7ffffffffffffd7c
3074000: system.cpu: T0 : 0x1068a    : addiw a4, a5, 0            : IntAlu :  D=0x0000000000000017
3075000: system.cpu: T0 : 0x1068e    : addi a5, zero, 100         : IntAlu :  D=0x0000000000000064
3076000: system.cpu: T0 : 0x10692    : bge a5, a4, -206           : IntAlu : 
3076500: system.cpu: T0 : 0x105c4    : ld a5, -128(s0)            : MemRead :  D=0x0000000000000001 A=0x7ffffffffffffd60
3077000: system.cpu: T0 : 0x105c8    : sub a4, zero, a5           : IntAlu :  D=0xffffffffffffffff
3077500: system.cpu: T0 : 0x105cc    : lw a5, -100(s0)            : MemRead :  D=0x0000000000000017 A=0x7ffffffffffffd7c
3078000: system.cpu: T0 : 0x105d0    : div a5, a4, a5             : IntDiv :  D=0x0000000000000000
3078500: system.cpu: T0 : 0x105d4    : ld a4, -56(s0)             : MemRead :  D=0x0000000000000000 A=0x7ffffffffffffda8
3079000: system.cpu: T0 : 0x105d8    : mul a5, a4, a5             : IntMult :  D=0x0000000000000000
3079500: system.cpu: T0 : 0x105dc    : sd a5, -56(s0)             : MemWrite :  D=0x0000000000000000 A=0x7ffffffffffffda8
3080000: system.cpu: T0 : 0x105e0    : lw a4, -100(s0)            : MemRead :  D=0x0000000000000017 A=0x7ffffffffffffd7c
3080500: system.cpu: T0 : 0x105e4    : lw a5, -92(s0)             : MemRead :  D=0x0000000000000031 A=0x7ffffffffffffd84
3081000: system.cpu: T0 : 0x105e8    : c_addiw a4, 0              : IntAlu :  D=0x0000000000000017
3081500: system.cpu: T0 : 0x105ea    : c_addiw a5, 0              : IntAlu :  D=0x0000000000000031
3082000: system.cpu: T0 : 0x105ec    : beq a4, a5, 36             : IntAlu : 
3082500: system.cpu: T0 : 0x105f0    : ld a5, -56(s0)             : MemRead :  D=0x0000000000000000 A=0x7ffffffffffffda8
3083000: system.cpu: T0 : 0x105f4    : sub a5, zero, a5           : IntAlu :  D=0x0000000000000000
3083500: system.cpu: T0 : 0x105f8    : lw a3, -100(s0)            : MemRead :  D=0x0000000000000017 A=0x7ffffffffffffd7c
3084000: system.cpu: T0 : 0x105fc    : lw a4, -92(s0)             : MemRead :  D=0x0000000000000031 A=0x7ffffffffffffd84
3084500: system.cpu: T0 : 0x10600    : subw a4, a3, a4            : IntAlu :  D=0xffffffffffffffe6
3085000: system.cpu: T0 : 0x10604    : c_addiw a4, 0              : IntAlu :  D=0xffffffffffffffe6
3086000: system.cpu: T0 : 0x10606    : div a5, a5, a4             : IntDiv :  D=0x0000000000000000
3087000: system.cpu: T0 : 0x1060a    : sd a5, -64(s0)             : MemWrite :  D=0x0000000000000000 A=0x7ffffffffffffda0
3087500: system.cpu: T0 : 0x1060e    : c_j 96                     : IntAlu : 
3088500: system.cpu: T0 : 0x1066e    : ld a4, -32(s0)             : MemRead :  D=0x0000000000000002 A=0x7ffffffffffffdc0
3089500: system.cpu: T0 : 0x10672    : ld a5, -64(s0)             : MemRead :  D=0x0000000000000000 A=0x7ffffffffffffda0
3090000: system.cpu: T0 : 0x10676    : c_add a5, a4               : IntAlu :  D=0x0000000000000002
3090500: system.cpu: T0 : 0x10678    : sd a5, -32(s0)             : MemWrite :  D=0x0000000000000002 A=0x7ffffffffffffdc0
3091000: system.cpu: T0 : 0x1067c    : lw a5, -100(s0)            : MemRead :  D=0x0000000000000017 A=0x7ffffffffffffd7c
3091500: system.cpu: T0 : 0x10680    : c_addiw a5, 1              : IntAlu :  D=0x0000000000000018
3092500: system.cpu: T0 : 0x10682    : sw a5, -100(s0)            : MemWrite :  D=0x0000000000000018 A=0x7ffffffffffffd7c
3093500: system.cpu: T0 : 0x10686    : lw a5, -100(s0)            : MemRead :  D=0x0000000000000018 A=0x7ffffffffffffd7c
3094500: system.cpu: T0 : 0x1068a    : addiw a4, a5, 0            : IntAlu :  D=0x0000000000000018
3095500: system.cpu: T0 : 0x1068e    : addi a5, zero, 100         : IntAlu :  D=0x0000000000000064
3096500: system.cpu: T0 : 0x10692    : bge a5, a4, -206           : IntAlu : 
3097000: system.cpu: T0 : 0x105c4    : ld a5, -128(s0)            : MemRead :  D=0x0000000000000001 A=0x7ffffffffffffd60
3097500: system.cpu: T0 : 0x105c8    : sub a4, zero, a5           : IntAlu :  D=0xffffffffffffffff
3098000: system.cpu: T0 : 0x105cc    : lw a5, -100(s0)            : MemRead :  D=0x0000000000000018 A=0x7ffffffffffffd7c
3098500: system.cpu: T0 : 0x105d0    : div a5, a4, a5             : IntDiv :  D=0x0000000000000000
3099000: system.cpu: T0 : 0x105d4    : ld a4, -56(s0)             : MemRead :  D=0x0000000000000000 A=0x7ffffffffffffda8
3099500: system.cpu: T0 : 0x105d8    : mul a5, a4, a5             : IntMult :  D=0x0000000000000000
3100000: system.cpu: T0 : 0x105dc    : sd a5, -56(s0)             : MemWrite :  D=0x0000000000000000 A=0x7ffffffffffffda8
3100500: system.cpu: T0 : 0x105e0    : lw a4, -100(s0)            : MemRead :  D=0x0000000000000018 A=0x7ffffffffffffd7c
3101000: system.cpu: T0 : 0x105e4    : lw a5, -92(s0)             : MemRead :  D=0x0000000000000031 A=0x7ffffffffffffd84
3101500: system.cpu: T0 : 0x105e8    : c_addiw a4, 0              : IntAlu :  D=0x0000000000000018
3102000: system.cpu: T0 : 0x105ea    : c_addiw a5, 0              : IntAlu :  D=0x0000000000000031
3102500: system.cpu: T0 : 0x105ec    : beq a4, a5, 36             : IntAlu : 
3103000: system.cpu: T0 : 0x105f0    : ld a5, -56(s0)             : MemRead :  D=0x0000000000000000 A=0x7ffffffffffffda8
3103500: system.cpu: T0 : 0x105f4    : sub a5, zero, a5           : IntAlu :  D=0x0000000000000000
3104000: system.cpu: T0 : 0x105f8    : lw a3, -100(s0)            : MemRead :  D=0x0000000000000018 A=0x7ffffffffffffd7c
3104500: system.cpu: T0 : 0x105fc    : lw a4, -92(s0)             : MemRead :  D=0x0000000000000031 A=0x7ffffffffffffd84
3105000: system.cpu: T0 : 0x10600    : subw a4, a3, a4            : IntAlu :  D=0xffffffffffffffe7
3105500: system.cpu: T0 : 0x10604    : c_addiw a4, 0              : IntAlu :  D=0xffffffffffffffe7
3106500: system.cpu: T0 : 0x10606    : div a5, a5, a4             : IntDiv :  D=0x0000000000000000
3107500: system.cpu: T0 : 0x1060a    : sd a5, -64(s0)             : MemWrite :  D=0x0000000000000000 A=0x7ffffffffffffda0
3108000: system.cpu: T0 : 0x1060e    : c_j 96                     : IntAlu : 
3109000: system.cpu: T0 : 0x1066e    : ld a4, -32(s0)             : MemRead :  D=0x0000000000000002 A=0x7ffffffffffffdc0
3110000: system.cpu: T0 : 0x10672    : ld a5, -64(s0)             : MemRead :  D=0x0000000000000000 A=0x7ffffffffffffda0
3110500: system.cpu: T0 : 0x10676    : c_add a5, a4               : IntAlu :  D=0x0000000000000002
3111000: system.cpu: T0 : 0x10678    : sd a5, -32(s0)             : MemWrite :  D=0x0000000000000002 A=0x7ffffffffffffdc0
3111500: system.cpu: T0 : 0x1067c    : lw a5, -100(s0)            : MemRead :  D=0x0000000000000018 A=0x7ffffffffffffd7c
3112000: system.cpu: T0 : 0x10680    : c_addiw a5, 1              : IntAlu :  D=0x0000000000000019
3113000: system.cpu: T0 : 0x10682    : sw a5, -100(s0)            : MemWrite :  D=0x0000000000000019 A=0x7ffffffffffffd7c
3114000: system.cpu: T0 : 0x10686    : lw a5, -100(s0)            : MemRead :  D=0x0000000000000019 A=0x7ffffffffffffd7c
3115000: system.cpu: T0 : 0x1068a    : addiw a4, a5, 0            : IntAlu :  D=0x0000000000000019
3116000: system.cpu: T0 : 0x1068e    : addi a5, zero, 100         : IntAlu :  D=0x0000000000000064
3117000: system.cpu: T0 : 0x10692    : bge a5, a4, -206           : IntAlu : 
3117500: system.cpu: T0 : 0x105c4    : ld a5, -128(s0)            : MemRead :  D=0x0000000000000001 A=0x7ffffffffffffd60
3118000: system.cpu: T0 : 0x105c8    : sub a4, zero, a5           : IntAlu :  D=0xffffffffffffffff
3118500: system.cpu: T0 : 0x105cc    : lw a5, -100(s0)            : MemRead :  D=0x0000000000000019 A=0x7ffffffffffffd7c
3119000: system.cpu: T0 : 0x105d0    : div a5, a4, a5             : IntDiv :  D=0x0000000000000000
3119500: system.cpu: T0 : 0x105d4    : ld a4, -56(s0)             : MemRead :  D=0x0000000000000000 A=0x7ffffffffffffda8
3120000: system.cpu: T0 : 0x105d8    : mul a5, a4, a5             : IntMult :  D=0x0000000000000000
3120500: system.cpu: T0 : 0x105dc    : sd a5, -56(s0)             : MemWrite :  D=0x0000000000000000 A=0x7ffffffffffffda8
3121000: system.cpu: T0 : 0x105e0    : lw a4, -100(s0)            : MemRead :  D=0x0000000000000019 A=0x7ffffffffffffd7c
3121500: system.cpu: T0 : 0x105e4    : lw a5, -92(s0)             : MemRead :  D=0x0000000000000031 A=0x7ffffffffffffd84
3122000: system.cpu: T0 : 0x105e8    : c_addiw a4, 0              : IntAlu :  D=0x0000000000000019
3122500: system.cpu: T0 : 0x105ea    : c_addiw a5, 0              : IntAlu :  D=0x0000000000000031
3123000: system.cpu: T0 : 0x105ec    : beq a4, a5, 36             : IntAlu : 
3123500: system.cpu: T0 : 0x105f0    : ld a5, -56(s0)             : MemRead :  D=0x0000000000000000 A=0x7ffffffffffffda8
3124000: system.cpu: T0 : 0x105f4    : sub a5, zero, a5           : IntAlu :  D=0x0000000000000000
3124500: system.cpu: T0 : 0x105f8    : lw a3, -100(s0)            : MemRead :  D=0x0000000000000019 A=0x7ffffffffffffd7c
3125000: system.cpu: T0 : 0x105fc    : lw a4, -92(s0)             : MemRead :  D=0x0000000000000031 A=0x7ffffffffffffd84
3125500: system.cpu: T0 : 0x10600    : subw a4, a3, a4            : IntAlu :  D=0xffffffffffffffe8
3126000: system.cpu: T0 : 0x10604    : c_addiw a4, 0              : IntAlu :  D=0xffffffffffffffe8
3127000: system.cpu: T0 : 0x10606    : div a5, a5, a4             : IntDiv :  D=0x0000000000000000
3128000: system.cpu: T0 : 0x1060a    : sd a5, -64(s0)             : MemWrite :  D=0x0000000000000000 A=0x7ffffffffffffda0
3128500: system.cpu: T0 : 0x1060e    : c_j 96                     : IntAlu : 
3129500: system.cpu: T0 : 0x1066e    : ld a4, -32(s0)             : MemRead :  D=0x0000000000000002 A=0x7ffffffffffffdc0
3130500: system.cpu: T0 : 0x10672    : ld a5, -64(s0)             : MemRead :  D=0x0000000000000000 A=0x7ffffffffffffda0
3131000: system.cpu: T0 : 0x10676    : c_add a5, a4               : IntAlu :  D=0x0000000000000002
3131500: system.cpu: T0 : 0x10678    : sd a5, -32(s0)             : MemWrite :  D=0x0000000000000002 A=0x7ffffffffffffdc0
3132000: system.cpu: T0 : 0x1067c    : lw a5, -100(s0)            : MemRead :  D=0x0000000000000019 A=0x7ffffffffffffd7c
3132500: system.cpu: T0 : 0x10680    : c_addiw a5, 1              : IntAlu :  D=0x000000000000001a
3133500: system.cpu: T0 : 0x10682    : sw a5, -100(s0)            : MemWrite :  D=0x000000000000001a A=0x7ffffffffffffd7c
3134500: system.cpu: T0 : 0x10686    : lw a5, -100(s0)            : MemRead :  D=0x000000000000001a A=0x7ffffffffffffd7c
3135500: system.cpu: T0 : 0x1068a    : addiw a4, a5, 0            : IntAlu :  D=0x000000000000001a
3136500: system.cpu: T0 : 0x1068e    : addi a5, zero, 100         : IntAlu :  D=0x0000000000000064
3137500: system.cpu: T0 : 0x10692    : bge a5, a4, -206           : IntAlu : 
3138000: system.cpu: T0 : 0x105c4    : ld a5, -128(s0)            : MemRead :  D=0x0000000000000001 A=0x7ffffffffffffd60
3138500: system.cpu: T0 : 0x105c8    : sub a4, zero, a5           : IntAlu :  D=0xffffffffffffffff
3139000: system.cpu: T0 : 0x105cc    : lw a5, -100(s0)            : MemRead :  D=0x000000000000001a A=0x7ffffffffffffd7c
3139500: system.cpu: T0 : 0x105d0    : div a5, a4, a5             : IntDiv :  D=0x0000000000000000
3140000: system.cpu: T0 : 0x105d4    : ld a4, -56(s0)             : MemRead :  D=0x0000000000000000 A=0x7ffffffffffffda8
3140500: system.cpu: T0 : 0x105d8    : mul a5, a4, a5             : IntMult :  D=0x0000000000000000
3141000: system.cpu: T0 : 0x105dc    : sd a5, -56(s0)             : MemWrite :  D=0x0000000000000000 A=0x7ffffffffffffda8
3141500: system.cpu: T0 : 0x105e0    : lw a4, -100(s0)            : MemRead :  D=0x000000000000001a A=0x7ffffffffffffd7c
3142000: system.cpu: T0 : 0x105e4    : lw a5, -92(s0)             : MemRead :  D=0x0000000000000031 A=0x7ffffffffffffd84
3142500: system.cpu: T0 : 0x105e8    : c_addiw a4, 0              : IntAlu :  D=0x000000000000001a
3143000: system.cpu: T0 : 0x105ea    : c_addiw a5, 0              : IntAlu :  D=0x0000000000000031
3143500: system.cpu: T0 : 0x105ec    : beq a4, a5, 36             : IntAlu : 
3144000: system.cpu: T0 : 0x105f0    : ld a5, -56(s0)             : MemRead :  D=0x0000000000000000 A=0x7ffffffffffffda8
3144500: system.cpu: T0 : 0x105f4    : sub a5, zero, a5           : IntAlu :  D=0x0000000000000000
3145000: system.cpu: T0 : 0x105f8    : lw a3, -100(s0)            : MemRead :  D=0x000000000000001a A=0x7ffffffffffffd7c
3145500: system.cpu: T0 : 0x105fc    : lw a4, -92(s0)             : MemRead :  D=0x0000000000000031 A=0x7ffffffffffffd84
3146000: system.cpu: T0 : 0x10600    : subw a4, a3, a4            : IntAlu :  D=0xffffffffffffffe9
3146500: system.cpu: T0 : 0x10604    : c_addiw a4, 0              : IntAlu :  D=0xffffffffffffffe9
3147500: system.cpu: T0 : 0x10606    : div a5, a5, a4             : IntDiv :  D=0x0000000000000000
3148500: system.cpu: T0 : 0x1060a    : sd a5, -64(s0)             : MemWrite :  D=0x0000000000000000 A=0x7ffffffffffffda0
3149000: system.cpu: T0 : 0x1060e    : c_j 96                     : IntAlu : 
3150000: system.cpu: T0 : 0x1066e    : ld a4, -32(s0)             : MemRead :  D=0x0000000000000002 A=0x7ffffffffffffdc0
3151000: system.cpu: T0 : 0x10672    : ld a5, -64(s0)             : MemRead :  D=0x0000000000000000 A=0x7ffffffffffffda0
3151500: system.cpu: T0 : 0x10676    : c_add a5, a4               : IntAlu :  D=0x0000000000000002
3152000: system.cpu: T0 : 0x10678    : sd a5, -32(s0)             : MemWrite :  D=0x0000000000000002 A=0x7ffffffffffffdc0
3152500: system.cpu: T0 : 0x1067c    : lw a5, -100(s0)            : MemRead :  D=0x000000000000001a A=0x7ffffffffffffd7c
3153000: system.cpu: T0 : 0x10680    : c_addiw a5, 1              : IntAlu :  D=0x000000000000001b
3154000: system.cpu: T0 : 0x10682    : sw a5, -100(s0)            : MemWrite :  D=0x000000000000001b A=0x7ffffffffffffd7c
3155000: system.cpu: T0 : 0x10686    : lw a5, -100(s0)            : MemRead :  D=0x000000000000001b A=0x7ffffffffffffd7c
3156000: system.cpu: T0 : 0x1068a    : addiw a4, a5, 0            : IntAlu :  D=0x000000000000001b
3157000: system.cpu: T0 : 0x1068e    : addi a5, zero, 100         : IntAlu :  D=0x0000000000000064
3158000: system.cpu: T0 : 0x10692    : bge a5, a4, -206           : IntAlu : 
3158500: system.cpu: T0 : 0x105c4    : ld a5, -128(s0)            : MemRead :  D=0x0000000000000001 A=0x7ffffffffffffd60
3159000: system.cpu: T0 : 0x105c8    : sub a4, zero, a5           : IntAlu :  D=0xffffffffffffffff
3159500: system.cpu: T0 : 0x105cc    : lw a5, -100(s0)            : MemRead :  D=0x000000000000001b A=0x7ffffffffffffd7c
3160000: system.cpu: T0 : 0x105d0    : div a5, a4, a5             : IntDiv :  D=0x0000000000000000
3160500: system.cpu: T0 : 0x105d4    : ld a4, -56(s0)             : MemRead :  D=0x0000000000000000 A=0x7ffffffffffffda8
3161000: system.cpu: T0 : 0x105d8    : mul a5, a4, a5             : IntMult :  D=0x0000000000000000
3161500: system.cpu: T0 : 0x105dc    : sd a5, -56(s0)             : MemWrite :  D=0x0000000000000000 A=0x7ffffffffffffda8
3162000: system.cpu: T0 : 0x105e0    : lw a4, -100(s0)            : MemRead :  D=0x000000000000001b A=0x7ffffffffffffd7c
3162500: system.cpu: T0 : 0x105e4    : lw a5, -92(s0)             : MemRead :  D=0x0000000000000031 A=0x7ffffffffffffd84
3163000: system.cpu: T0 : 0x105e8    : c_addiw a4, 0              : IntAlu :  D=0x000000000000001b
3163500: system.cpu: T0 : 0x105ea    : c_addiw a5, 0              : IntAlu :  D=0x0000000000000031
3164000: system.cpu: T0 : 0x105ec    : beq a4, a5, 36             : IntAlu : 
3164500: system.cpu: T0 : 0x105f0    : ld a5, -56(s0)             : MemRead :  D=0x0000000000000000 A=0x7ffffffffffffda8
3165000: system.cpu: T0 : 0x105f4    : sub a5, zero, a5           : IntAlu :  D=0x0000000000000000
3165500: system.cpu: T0 : 0x105f8    : lw a3, -100(s0)            : MemRead :  D=0x000000000000001b A=0x7ffffffffffffd7c
3166000: system.cpu: T0 : 0x105fc    : lw a4, -92(s0)             : MemRead :  D=0x0000000000000031 A=0x7ffffffffffffd84
3166500: system.cpu: T0 : 0x10600    : subw a4, a3, a4            : IntAlu :  D=0xffffffffffffffea
3167000: system.cpu: T0 : 0x10604    : c_addiw a4, 0              : IntAlu :  D=0xffffffffffffffea
3168000: system.cpu: T0 : 0x10606    : div a5, a5, a4             : IntDiv :  D=0x0000000000000000
3169000: system.cpu: T0 : 0x1060a    : sd a5, -64(s0)             : MemWrite :  D=0x0000000000000000 A=0x7ffffffffffffda0
3169500: system.cpu: T0 : 0x1060e    : c_j 96                     : IntAlu : 
3170500: system.cpu: T0 : 0x1066e    : ld a4, -32(s0)             : MemRead :  D=0x0000000000000002 A=0x7ffffffffffffdc0
3171500: system.cpu: T0 : 0x10672    : ld a5, -64(s0)             : MemRead :  D=0x0000000000000000 A=0x7ffffffffffffda0
3172000: system.cpu: T0 : 0x10676    : c_add a5, a4               : IntAlu :  D=0x0000000000000002
3172500: system.cpu: T0 : 0x10678    : sd a5, -32(s0)             : MemWrite :  D=0x0000000000000002 A=0x7ffffffffffffdc0
3173000: system.cpu: T0 : 0x1067c    : lw a5, -100(s0)            : MemRead :  D=0x000000000000001b A=0x7ffffffffffffd7c
3173500: system.cpu: T0 : 0x10680    : c_addiw a5, 1              : IntAlu :  D=0x000000000000001c
3174500: system.cpu: T0 : 0x10682    : sw a5, -100(s0)            : MemWrite :  D=0x000000000000001c A=0x7ffffffffffffd7c
3175500: system.cpu: T0 : 0x10686    : lw a5, -100(s0)            : MemRead :  D=0x000000000000001c A=0x7ffffffffffffd7c
3176500: system.cpu: T0 : 0x1068a    : addiw a4, a5, 0            : IntAlu :  D=0x000000000000001c
3177500: system.cpu: T0 : 0x1068e    : addi a5, zero, 100         : IntAlu :  D=0x0000000000000064
3178500: system.cpu: T0 : 0x10692    : bge a5, a4, -206           : IntAlu : 
3179000: system.cpu: T0 : 0x105c4    : ld a5, -128(s0)            : MemRead :  D=0x0000000000000001 A=0x7ffffffffffffd60
3179500: system.cpu: T0 : 0x105c8    : sub a4, zero, a5           : IntAlu :  D=0xffffffffffffffff
3180000: system.cpu: T0 : 0x105cc    : lw a5, -100(s0)            : MemRead :  D=0x000000000000001c A=0x7ffffffffffffd7c
3180500: system.cpu: T0 : 0x105d0    : div a5, a4, a5             : IntDiv :  D=0x0000000000000000
3181000: system.cpu: T0 : 0x105d4    : ld a4, -56(s0)             : MemRead :  D=0x0000000000000000 A=0x7ffffffffffffda8
3181500: system.cpu: T0 : 0x105d8    : mul a5, a4, a5             : IntMult :  D=0x0000000000000000
3182000: system.cpu: T0 : 0x105dc    : sd a5, -56(s0)             : MemWrite :  D=0x0000000000000000 A=0x7ffffffffffffda8
3182500: system.cpu: T0 : 0x105e0    : lw a4, -100(s0)            : MemRead :  D=0x000000000000001c A=0x7ffffffffffffd7c
3183000: system.cpu: T0 : 0x105e4    : lw a5, -92(s0)             : MemRead :  D=0x0000000000000031 A=0x7ffffffffffffd84
3183500: system.cpu: T0 : 0x105e8    : c_addiw a4, 0              : IntAlu :  D=0x000000000000001c
3184000: system.cpu: T0 : 0x105ea    : c_addiw a5, 0              : IntAlu :  D=0x0000000000000031
3184500: system.cpu: T0 : 0x105ec    : beq a4, a5, 36             : IntAlu : 
3185000: system.cpu: T0 : 0x105f0    : ld a5, -56(s0)             : MemRead :  D=0x0000000000000000 A=0x7ffffffffffffda8
3185500: system.cpu: T0 : 0x105f4    : sub a5, zero, a5           : IntAlu :  D=0x0000000000000000
3186000: system.cpu: T0 : 0x105f8    : lw a3, -100(s0)            : MemRead :  D=0x000000000000001c A=0x7ffffffffffffd7c
3186500: system.cpu: T0 : 0x105fc    : lw a4, -92(s0)             : MemRead :  D=0x0000000000000031 A=0x7ffffffffffffd84
3187000: system.cpu: T0 : 0x10600    : subw a4, a3, a4            : IntAlu :  D=0xffffffffffffffeb
3187500: system.cpu: T0 : 0x10604    : c_addiw a4, 0              : IntAlu :  D=0xffffffffffffffeb
3188500: system.cpu: T0 : 0x10606    : div a5, a5, a4             : IntDiv :  D=0x0000000000000000
3189500: system.cpu: T0 : 0x1060a    : sd a5, -64(s0)             : MemWrite :  D=0x0000000000000000 A=0x7ffffffffffffda0
3190000: system.cpu: T0 : 0x1060e    : c_j 96                     : IntAlu : 
3191000: system.cpu: T0 : 0x1066e    : ld a4, -32(s0)             : MemRead :  D=0x0000000000000002 A=0x7ffffffffffffdc0
3192000: system.cpu: T0 : 0x10672    : ld a5, -64(s0)             : MemRead :  D=0x0000000000000000 A=0x7ffffffffffffda0
3192500: system.cpu: T0 : 0x10676    : c_add a5, a4               : IntAlu :  D=0x0000000000000002
3193000: system.cpu: T0 : 0x10678    : sd a5, -32(s0)             : MemWrite :  D=0x0000000000000002 A=0x7ffffffffffffdc0
3193500: system.cpu: T0 : 0x1067c    : lw a5, -100(s0)            : MemRead :  D=0x000000000000001c A=0x7ffffffffffffd7c
3194000: system.cpu: T0 : 0x10680    : c_addiw a5, 1              : IntAlu :  D=0x000000000000001d
3195000: system.cpu: T0 : 0x10682    : sw a5, -100(s0)            : MemWrite :  D=0x000000000000001d A=0x7ffffffffffffd7c
3196000: system.cpu: T0 : 0x10686    : lw a5, -100(s0)            : MemRead :  D=0x000000000000001d A=0x7ffffffffffffd7c
3197000: system.cpu: T0 : 0x1068a    : addiw a4, a5, 0            : IntAlu :  D=0x000000000000001d
3198000: system.cpu: T0 : 0x1068e    : addi a5, zero, 100         : IntAlu :  D=0x0000000000000064
3199000: system.cpu: T0 : 0x10692    : bge a5, a4, -206           : IntAlu : 
3199500: system.cpu: T0 : 0x105c4    : ld a5, -128(s0)            : MemRead :  D=0x0000000000000001 A=0x7ffffffffffffd60
3200000: system.cpu: T0 : 0x105c8    : sub a4, zero, a5           : IntAlu :  D=0xffffffffffffffff
3200500: system.cpu: T0 : 0x105cc    : lw a5, -100(s0)            : MemRead :  D=0x000000000000001d A=0x7ffffffffffffd7c
3201000: system.cpu: T0 : 0x105d0    : div a5, a4, a5             : IntDiv :  D=0x0000000000000000
3201500: system.cpu: T0 : 0x105d4    : ld a4, -56(s0)             : MemRead :  D=0x0000000000000000 A=0x7ffffffffffffda8
3202000: system.cpu: T0 : 0x105d8    : mul a5, a4, a5             : IntMult :  D=0x0000000000000000
3202500: system.cpu: T0 : 0x105dc    : sd a5, -56(s0)             : MemWrite :  D=0x0000000000000000 A=0x7ffffffffffffda8
3203000: system.cpu: T0 : 0x105e0    : lw a4, -100(s0)            : MemRead :  D=0x000000000000001d A=0x7ffffffffffffd7c
3203500: system.cpu: T0 : 0x105e4    : lw a5, -92(s0)             : MemRead :  D=0x0000000000000031 A=0x7ffffffffffffd84
3204000: system.cpu: T0 : 0x105e8    : c_addiw a4, 0              : IntAlu :  D=0x000000000000001d
3204500: system.cpu: T0 : 0x105ea    : c_addiw a5, 0              : IntAlu :  D=0x0000000000000031
3205000: system.cpu: T0 : 0x105ec    : beq a4, a5, 36             : IntAlu : 
3205500: system.cpu: T0 : 0x105f0    : ld a5, -56(s0)             : MemRead :  D=0x0000000000000000 A=0x7ffffffffffffda8
3206000: system.cpu: T0 : 0x105f4    : sub a5, zero, a5           : IntAlu :  D=0x0000000000000000
3206500: system.cpu: T0 : 0x105f8    : lw a3, -100(s0)            : MemRead :  D=0x000000000000001d A=0x7ffffffffffffd7c
3207000: system.cpu: T0 : 0x105fc    : lw a4, -92(s0)             : MemRead :  D=0x0000000000000031 A=0x7ffffffffffffd84
3207500: system.cpu: T0 : 0x10600    : subw a4, a3, a4            : IntAlu :  D=0xffffffffffffffec
3208000: system.cpu: T0 : 0x10604    : c_addiw a4, 0              : IntAlu :  D=0xffffffffffffffec
3209000: system.cpu: T0 : 0x10606    : div a5, a5, a4             : IntDiv :  D=0x0000000000000000
3210000: system.cpu: T0 : 0x1060a    : sd a5, -64(s0)             : MemWrite :  D=0x0000000000000000 A=0x7ffffffffffffda0
3210500: system.cpu: T0 : 0x1060e    : c_j 96                     : IntAlu : 
3211500: system.cpu: T0 : 0x1066e    : ld a4, -32(s0)             : MemRead :  D=0x0000000000000002 A=0x7ffffffffffffdc0
3212500: system.cpu: T0 : 0x10672    : ld a5, -64(s0)             : MemRead :  D=0x0000000000000000 A=0x7ffffffffffffda0
3213000: system.cpu: T0 : 0x10676    : c_add a5, a4               : IntAlu :  D=0x0000000000000002
3213500: system.cpu: T0 : 0x10678    : sd a5, -32(s0)             : MemWrite :  D=0x0000000000000002 A=0x7ffffffffffffdc0
3214000: system.cpu: T0 : 0x1067c    : lw a5, -100(s0)            : MemRead :  D=0x000000000000001d A=0x7ffffffffffffd7c
3214500: system.cpu: T0 : 0x10680    : c_addiw a5, 1              : IntAlu :  D=0x000000000000001e
3215500: system.cpu: T0 : 0x10682    : sw a5, -100(s0)            : MemWrite :  D=0x000000000000001e A=0x7ffffffffffffd7c
3216500: system.cpu: T0 : 0x10686    : lw a5, -100(s0)            : MemRead :  D=0x000000000000001e A=0x7ffffffffffffd7c
3217500: system.cpu: T0 : 0x1068a    : addiw a4, a5, 0            : IntAlu :  D=0x000000000000001e
3218500: system.cpu: T0 : 0x1068e    : addi a5, zero, 100         : IntAlu :  D=0x0000000000000064
3219500: system.cpu: T0 : 0x10692    : bge a5, a4, -206           : IntAlu : 
3220000: system.cpu: T0 : 0x105c4    : ld a5, -128(s0)            : MemRead :  D=0x0000000000000001 A=0x7ffffffffffffd60
3220500: system.cpu: T0 : 0x105c8    : sub a4, zero, a5           : IntAlu :  D=0xffffffffffffffff
3221000: system.cpu: T0 : 0x105cc    : lw a5, -100(s0)            : MemRead :  D=0x000000000000001e A=0x7ffffffffffffd7c
3221500: system.cpu: T0 : 0x105d0    : div a5, a4, a5             : IntDiv :  D=0x0000000000000000
3222000: system.cpu: T0 : 0x105d4    : ld a4, -56(s0)             : MemRead :  D=0x0000000000000000 A=0x7ffffffffffffda8
3222500: system.cpu: T0 : 0x105d8    : mul a5, a4, a5             : IntMult :  D=0x0000000000000000
3223000: system.cpu: T0 : 0x105dc    : sd a5, -56(s0)             : MemWrite :  D=0x0000000000000000 A=0x7ffffffffffffda8
3223500: system.cpu: T0 : 0x105e0    : lw a4, -100(s0)            : MemRead :  D=0x000000000000001e A=0x7ffffffffffffd7c
3224000: system.cpu: T0 : 0x105e4    : lw a5, -92(s0)             : MemRead :  D=0x0000000000000031 A=0x7ffffffffffffd84
3224500: system.cpu: T0 : 0x105e8    : c_addiw a4, 0              : IntAlu :  D=0x000000000000001e
3225000: system.cpu: T0 : 0x105ea    : c_addiw a5, 0              : IntAlu :  D=0x0000000000000031
3225500: system.cpu: T0 : 0x105ec    : beq a4, a5, 36             : IntAlu : 
3226000: system.cpu: T0 : 0x105f0    : ld a5, -56(s0)             : MemRead :  D=0x0000000000000000 A=0x7ffffffffffffda8
3226500: system.cpu: T0 : 0x105f4    : sub a5, zero, a5           : IntAlu :  D=0x0000000000000000
3227000: system.cpu: T0 : 0x105f8    : lw a3, -100(s0)            : MemRead :  D=0x000000000000001e A=0x7ffffffffffffd7c
3227500: system.cpu: T0 : 0x105fc    : lw a4, -92(s0)             : MemRead :  D=0x0000000000000031 A=0x7ffffffffffffd84
3228000: system.cpu: T0 : 0x10600    : subw a4, a3, a4            : IntAlu :  D=0xffffffffffffffed
3228500: system.cpu: T0 : 0x10604    : c_addiw a4, 0              : IntAlu :  D=0xffffffffffffffed
3229500: system.cpu: T0 : 0x10606    : div a5, a5, a4             : IntDiv :  D=0x0000000000000000
3230500: system.cpu: T0 : 0x1060a    : sd a5, -64(s0)             : MemWrite :  D=0x0000000000000000 A=0x7ffffffffffffda0
3231000: system.cpu: T0 : 0x1060e    : c_j 96                     : IntAlu : 
3232000: system.cpu: T0 : 0x1066e    : ld a4, -32(s0)             : MemRead :  D=0x0000000000000002 A=0x7ffffffffffffdc0
3233000: system.cpu: T0 : 0x10672    : ld a5, -64(s0)             : MemRead :  D=0x0000000000000000 A=0x7ffffffffffffda0
3233500: system.cpu: T0 : 0x10676    : c_add a5, a4               : IntAlu :  D=0x0000000000000002
3234000: system.cpu: T0 : 0x10678    : sd a5, -32(s0)             : MemWrite :  D=0x0000000000000002 A=0x7ffffffffffffdc0
3234500: system.cpu: T0 : 0x1067c    : lw a5, -100(s0)            : MemRead :  D=0x000000000000001e A=0x7ffffffffffffd7c
3235000: system.cpu: T0 : 0x10680    : c_addiw a5, 1              : IntAlu :  D=0x000000000000001f
3236000: system.cpu: T0 : 0x10682    : sw a5, -100(s0)            : MemWrite :  D=0x000000000000001f A=0x7ffffffffffffd7c
3237000: system.cpu: T0 : 0x10686    : lw a5, -100(s0)            : MemRead :  D=0x000000000000001f A=0x7ffffffffffffd7c
3238000: system.cpu: T0 : 0x1068a    : addiw a4, a5, 0            : IntAlu :  D=0x000000000000001f
3239000: system.cpu: T0 : 0x1068e    : addi a5, zero, 100         : IntAlu :  D=0x0000000000000064
3240000: system.cpu: T0 : 0x10692    : bge a5, a4, -206           : IntAlu : 
3240500: system.cpu: T0 : 0x105c4    : ld a5, -128(s0)            : MemRead :  D=0x0000000000000001 A=0x7ffffffffffffd60
3241000: system.cpu: T0 : 0x105c8    : sub a4, zero, a5           : IntAlu :  D=0xffffffffffffffff
3241500: system.cpu: T0 : 0x105cc    : lw a5, -100(s0)            : MemRead :  D=0x000000000000001f A=0x7ffffffffffffd7c
3242000: system.cpu: T0 : 0x105d0    : div a5, a4, a5             : IntDiv :  D=0x0000000000000000
3242500: system.cpu: T0 : 0x105d4    : ld a4, -56(s0)             : MemRead :  D=0x0000000000000000 A=0x7ffffffffffffda8
3243000: system.cpu: T0 : 0x105d8    : mul a5, a4, a5             : IntMult :  D=0x0000000000000000
3243500: system.cpu: T0 : 0x105dc    : sd a5, -56(s0)             : MemWrite :  D=0x0000000000000000 A=0x7ffffffffffffda8
3244000: system.cpu: T0 : 0x105e0    : lw a4, -100(s0)            : MemRead :  D=0x000000000000001f A=0x7ffffffffffffd7c
3244500: system.cpu: T0 : 0x105e4    : lw a5, -92(s0)             : MemRead :  D=0x0000000000000031 A=0x7ffffffffffffd84
3245000: system.cpu: T0 : 0x105e8    : c_addiw a4, 0              : IntAlu :  D=0x000000000000001f
3245500: system.cpu: T0 : 0x105ea    : c_addiw a5, 0              : IntAlu :  D=0x0000000000000031
3246000: system.cpu: T0 : 0x105ec    : beq a4, a5, 36             : IntAlu : 
3246500: system.cpu: T0 : 0x105f0    : ld a5, -56(s0)             : MemRead :  D=0x0000000000000000 A=0x7ffffffffffffda8
3247000: system.cpu: T0 : 0x105f4    : sub a5, zero, a5           : IntAlu :  D=0x0000000000000000
3247500: system.cpu: T0 : 0x105f8    : lw a3, -100(s0)            : MemRead :  D=0x000000000000001f A=0x7ffffffffffffd7c
3248000: system.cpu: T0 : 0x105fc    : lw a4, -92(s0)             : MemRead :  D=0x0000000000000031 A=0x7ffffffffffffd84
3248500: system.cpu: T0 : 0x10600    : subw a4, a3, a4            : IntAlu :  D=0xffffffffffffffee
3249000: system.cpu: T0 : 0x10604    : c_addiw a4, 0              : IntAlu :  D=0xffffffffffffffee
3250000: system.cpu: T0 : 0x10606    : div a5, a5, a4             : IntDiv :  D=0x0000000000000000
3251000: system.cpu: T0 : 0x1060a    : sd a5, -64(s0)             : MemWrite :  D=0x0000000000000000 A=0x7ffffffffffffda0
3251500: system.cpu: T0 : 0x1060e    : c_j 96                     : IntAlu : 
3252500: system.cpu: T0 : 0x1066e    : ld a4, -32(s0)             : MemRead :  D=0x0000000000000002 A=0x7ffffffffffffdc0
3253500: system.cpu: T0 : 0x10672    : ld a5, -64(s0)             : MemRead :  D=0x0000000000000000 A=0x7ffffffffffffda0
3254000: system.cpu: T0 : 0x10676    : c_add a5, a4               : IntAlu :  D=0x0000000000000002
3254500: system.cpu: T0 : 0x10678    : sd a5, -32(s0)             : MemWrite :  D=0x0000000000000002 A=0x7ffffffffffffdc0
3255000: system.cpu: T0 : 0x1067c    : lw a5, -100(s0)            : MemRead :  D=0x000000000000001f A=0x7ffffffffffffd7c
3255500: system.cpu: T0 : 0x10680    : c_addiw a5, 1              : IntAlu :  D=0x0000000000000020
3256500: system.cpu: T0 : 0x10682    : sw a5, -100(s0)            : MemWrite :  D=0x0000000000000020 A=0x7ffffffffffffd7c
3257500: system.cpu: T0 : 0x10686    : lw a5, -100(s0)            : MemRead :  D=0x0000000000000020 A=0x7ffffffffffffd7c
3258500: system.cpu: T0 : 0x1068a    : addiw a4, a5, 0            : IntAlu :  D=0x0000000000000020
3259500: system.cpu: T0 : 0x1068e    : addi a5, zero, 100         : IntAlu :  D=0x0000000000000064
3260500: system.cpu: T0 : 0x10692    : bge a5, a4, -206           : IntAlu : 
3261000: system.cpu: T0 : 0x105c4    : ld a5, -128(s0)            : MemRead :  D=0x0000000000000001 A=0x7ffffffffffffd60
3261500: system.cpu: T0 : 0x105c8    : sub a4, zero, a5           : IntAlu :  D=0xffffffffffffffff
3262000: system.cpu: T0 : 0x105cc    : lw a5, -100(s0)            : MemRead :  D=0x0000000000000020 A=0x7ffffffffffffd7c
3262500: system.cpu: T0 : 0x105d0    : div a5, a4, a5             : IntDiv :  D=0x0000000000000000
3263000: system.cpu: T0 : 0x105d4    : ld a4, -56(s0)             : MemRead :  D=0x0000000000000000 A=0x7ffffffffffffda8
3263500: system.cpu: T0 : 0x105d8    : mul a5, a4, a5             : IntMult :  D=0x0000000000000000
3264000: system.cpu: T0 : 0x105dc    : sd a5, -56(s0)             : MemWrite :  D=0x0000000000000000 A=0x7ffffffffffffda8
3264500: system.cpu: T0 : 0x105e0    : lw a4, -100(s0)            : MemRead :  D=0x0000000000000020 A=0x7ffffffffffffd7c
3265000: system.cpu: T0 : 0x105e4    : lw a5, -92(s0)             : MemRead :  D=0x0000000000000031 A=0x7ffffffffffffd84
3265500: system.cpu: T0 : 0x105e8    : c_addiw a4, 0              : IntAlu :  D=0x0000000000000020
3266000: system.cpu: T0 : 0x105ea    : c_addiw a5, 0              : IntAlu :  D=0x0000000000000031
3266500: system.cpu: T0 : 0x105ec    : beq a4, a5, 36             : IntAlu : 
3267000: system.cpu: T0 : 0x105f0    : ld a5, -56(s0)             : MemRead :  D=0x0000000000000000 A=0x7ffffffffffffda8
3267500: system.cpu: T0 : 0x105f4    : sub a5, zero, a5           : IntAlu :  D=0x0000000000000000
3268000: system.cpu: T0 : 0x105f8    : lw a3, -100(s0)            : MemRead :  D=0x0000000000000020 A=0x7ffffffffffffd7c
3268500: system.cpu: T0 : 0x105fc    : lw a4, -92(s0)             : MemRead :  D=0x0000000000000031 A=0x7ffffffffffffd84
3269000: system.cpu: T0 : 0x10600    : subw a4, a3, a4            : IntAlu :  D=0xffffffffffffffef
3269500: system.cpu: T0 : 0x10604    : c_addiw a4, 0              : IntAlu :  D=0xffffffffffffffef
3270500: system.cpu: T0 : 0x10606    : div a5, a5, a4             : IntDiv :  D=0x0000000000000000
3271500: system.cpu: T0 : 0x1060a    : sd a5, -64(s0)             : MemWrite :  D=0x0000000000000000 A=0x7ffffffffffffda0
3272000: system.cpu: T0 : 0x1060e    : c_j 96                     : IntAlu : 
3273000: system.cpu: T0 : 0x1066e    : ld a4, -32(s0)             : MemRead :  D=0x0000000000000002 A=0x7ffffffffffffdc0
3274000: system.cpu: T0 : 0x10672    : ld a5, -64(s0)             : MemRead :  D=0x0000000000000000 A=0x7ffffffffffffda0
3274500: system.cpu: T0 : 0x10676    : c_add a5, a4               : IntAlu :  D=0x0000000000000002
3275000: system.cpu: T0 : 0x10678    : sd a5, -32(s0)             : MemWrite :  D=0x0000000000000002 A=0x7ffffffffffffdc0
3275500: system.cpu: T0 : 0x1067c    : lw a5, -100(s0)            : MemRead :  D=0x0000000000000020 A=0x7ffffffffffffd7c
3276000: system.cpu: T0 : 0x10680    : c_addiw a5, 1              : IntAlu :  D=0x0000000000000021
3277000: system.cpu: T0 : 0x10682    : sw a5, -100(s0)            : MemWrite :  D=0x0000000000000021 A=0x7ffffffffffffd7c
3278000: system.cpu: T0 : 0x10686    : lw a5, -100(s0)            : MemRead :  D=0x0000000000000021 A=0x7ffffffffffffd7c
3279000: system.cpu: T0 : 0x1068a    : addiw a4, a5, 0            : IntAlu :  D=0x0000000000000021
3280000: system.cpu: T0 : 0x1068e    : addi a5, zero, 100         : IntAlu :  D=0x0000000000000064
3281000: system.cpu: T0 : 0x10692    : bge a5, a4, -206           : IntAlu : 
3281500: system.cpu: T0 : 0x105c4    : ld a5, -128(s0)            : MemRead :  D=0x0000000000000001 A=0x7ffffffffffffd60
3282000: system.cpu: T0 : 0x105c8    : sub a4, zero, a5           : IntAlu :  D=0xffffffffffffffff
3282500: system.cpu: T0 : 0x105cc    : lw a5, -100(s0)            : MemRead :  D=0x0000000000000021 A=0x7ffffffffffffd7c
3283000: system.cpu: T0 : 0x105d0    : div a5, a4, a5             : IntDiv :  D=0x0000000000000000
3283500: system.cpu: T0 : 0x105d4    : ld a4, -56(s0)             : MemRead :  D=0x0000000000000000 A=0x7ffffffffffffda8
3284000: system.cpu: T0 : 0x105d8    : mul a5, a4, a5             : IntMult :  D=0x0000000000000000
3284500: system.cpu: T0 : 0x105dc    : sd a5, -56(s0)             : MemWrite :  D=0x0000000000000000 A=0x7ffffffffffffda8
3285000: system.cpu: T0 : 0x105e0    : lw a4, -100(s0)            : MemRead :  D=0x0000000000000021 A=0x7ffffffffffffd7c
3285500: system.cpu: T0 : 0x105e4    : lw a5, -92(s0)             : MemRead :  D=0x0000000000000031 A=0x7ffffffffffffd84
3286000: system.cpu: T0 : 0x105e8    : c_addiw a4, 0              : IntAlu :  D=0x0000000000000021
3286500: system.cpu: T0 : 0x105ea    : c_addiw a5, 0              : IntAlu :  D=0x0000000000000031
3287000: system.cpu: T0 : 0x105ec    : beq a4, a5, 36             : IntAlu : 
3287500: system.cpu: T0 : 0x105f0    : ld a5, -56(s0)             : MemRead :  D=0x0000000000000000 A=0x7ffffffffffffda8
3288000: system.cpu: T0 : 0x105f4    : sub a5, zero, a5           : IntAlu :  D=0x0000000000000000
3288500: system.cpu: T0 : 0x105f8    : lw a3, -100(s0)            : MemRead :  D=0x0000000000000021 A=0x7ffffffffffffd7c
3289000: system.cpu: T0 : 0x105fc    : lw a4, -92(s0)             : MemRead :  D=0x0000000000000031 A=0x7ffffffffffffd84
3289500: system.cpu: T0 : 0x10600    : subw a4, a3, a4            : IntAlu :  D=0xfffffffffffffff0
3290000: system.cpu: T0 : 0x10604    : c_addiw a4, 0              : IntAlu :  D=0xfffffffffffffff0
3291000: system.cpu: T0 : 0x10606    : div a5, a5, a4             : IntDiv :  D=0x0000000000000000
3292000: system.cpu: T0 : 0x1060a    : sd a5, -64(s0)             : MemWrite :  D=0x0000000000000000 A=0x7ffffffffffffda0
3292500: system.cpu: T0 : 0x1060e    : c_j 96                     : IntAlu : 
3293500: system.cpu: T0 : 0x1066e    : ld a4, -32(s0)             : MemRead :  D=0x0000000000000002 A=0x7ffffffffffffdc0
3294500: system.cpu: T0 : 0x10672    : ld a5, -64(s0)             : MemRead :  D=0x0000000000000000 A=0x7ffffffffffffda0
3295000: system.cpu: T0 : 0x10676    : c_add a5, a4               : IntAlu :  D=0x0000000000000002
3295500: system.cpu: T0 : 0x10678    : sd a5, -32(s0)             : MemWrite :  D=0x0000000000000002 A=0x7ffffffffffffdc0
3296000: system.cpu: T0 : 0x1067c    : lw a5, -100(s0)            : MemRead :  D=0x0000000000000021 A=0x7ffffffffffffd7c
3296500: system.cpu: T0 : 0x10680    : c_addiw a5, 1              : IntAlu :  D=0x0000000000000022
3297500: system.cpu: T0 : 0x10682    : sw a5, -100(s0)            : MemWrite :  D=0x0000000000000022 A=0x7ffffffffffffd7c
3298500: system.cpu: T0 : 0x10686    : lw a5, -100(s0)            : MemRead :  D=0x0000000000000022 A=0x7ffffffffffffd7c
3299500: system.cpu: T0 : 0x1068a    : addiw a4, a5, 0            : IntAlu :  D=0x0000000000000022
3300500: system.cpu: T0 : 0x1068e    : addi a5, zero, 100         : IntAlu :  D=0x0000000000000064
3301500: system.cpu: T0 : 0x10692    : bge a5, a4, -206           : IntAlu : 
3302000: system.cpu: T0 : 0x105c4    : ld a5, -128(s0)            : MemRead :  D=0x0000000000000001 A=0x7ffffffffffffd60
3302500: system.cpu: T0 : 0x105c8    : sub a4, zero, a5           : IntAlu :  D=0xffffffffffffffff
3303000: system.cpu: T0 : 0x105cc    : lw a5, -100(s0)            : MemRead :  D=0x0000000000000022 A=0x7ffffffffffffd7c
3303500: system.cpu: T0 : 0x105d0    : div a5, a4, a5             : IntDiv :  D=0x0000000000000000
3304000: system.cpu: T0 : 0x105d4    : ld a4, -56(s0)             : MemRead :  D=0x0000000000000000 A=0x7ffffffffffffda8
3304500: system.cpu: T0 : 0x105d8    : mul a5, a4, a5             : IntMult :  D=0x0000000000000000
3305000: system.cpu: T0 : 0x105dc    : sd a5, -56(s0)             : MemWrite :  D=0x0000000000000000 A=0x7ffffffffffffda8
3305500: system.cpu: T0 : 0x105e0    : lw a4, -100(s0)            : MemRead :  D=0x0000000000000022 A=0x7ffffffffffffd7c
3306000: system.cpu: T0 : 0x105e4    : lw a5, -92(s0)             : MemRead :  D=0x0000000000000031 A=0x7ffffffffffffd84
3306500: system.cpu: T0 : 0x105e8    : c_addiw a4, 0              : IntAlu :  D=0x0000000000000022
3307000: system.cpu: T0 : 0x105ea    : c_addiw a5, 0              : IntAlu :  D=0x0000000000000031
3307500: system.cpu: T0 : 0x105ec    : beq a4, a5, 36             : IntAlu : 
3308000: system.cpu: T0 : 0x105f0    : ld a5, -56(s0)             : MemRead :  D=0x0000000000000000 A=0x7ffffffffffffda8
3308500: system.cpu: T0 : 0x105f4    : sub a5, zero, a5           : IntAlu :  D=0x0000000000000000
3309000: system.cpu: T0 : 0x105f8    : lw a3, -100(s0)            : MemRead :  D=0x0000000000000022 A=0x7ffffffffffffd7c
3309500: system.cpu: T0 : 0x105fc    : lw a4, -92(s0)             : MemRead :  D=0x0000000000000031 A=0x7ffffffffffffd84
3310000: system.cpu: T0 : 0x10600    : subw a4, a3, a4            : IntAlu :  D=0xfffffffffffffff1
3310500: system.cpu: T0 : 0x10604    : c_addiw a4, 0              : IntAlu :  D=0xfffffffffffffff1
3311500: system.cpu: T0 : 0x10606    : div a5, a5, a4             : IntDiv :  D=0x0000000000000000
3312500: system.cpu: T0 : 0x1060a    : sd a5, -64(s0)             : MemWrite :  D=0x0000000000000000 A=0x7ffffffffffffda0
3313000: system.cpu: T0 : 0x1060e    : c_j 96                     : IntAlu : 
3314000: system.cpu: T0 : 0x1066e    : ld a4, -32(s0)             : MemRead :  D=0x0000000000000002 A=0x7ffffffffffffdc0
3315000: system.cpu: T0 : 0x10672    : ld a5, -64(s0)             : MemRead :  D=0x0000000000000000 A=0x7ffffffffffffda0
3315500: system.cpu: T0 : 0x10676    : c_add a5, a4               : IntAlu :  D=0x0000000000000002
3316000: system.cpu: T0 : 0x10678    : sd a5, -32(s0)             : MemWrite :  D=0x0000000000000002 A=0x7ffffffffffffdc0
3316500: system.cpu: T0 : 0x1067c    : lw a5, -100(s0)            : MemRead :  D=0x0000000000000022 A=0x7ffffffffffffd7c
3317000: system.cpu: T0 : 0x10680    : c_addiw a5, 1              : IntAlu :  D=0x0000000000000023
3318000: system.cpu: T0 : 0x10682    : sw a5, -100(s0)            : MemWrite :  D=0x0000000000000023 A=0x7ffffffffffffd7c
3319000: system.cpu: T0 : 0x10686    : lw a5, -100(s0)            : MemRead :  D=0x0000000000000023 A=0x7ffffffffffffd7c
3320000: system.cpu: T0 : 0x1068a    : addiw a4, a5, 0            : IntAlu :  D=0x0000000000000023
3321000: system.cpu: T0 : 0x1068e    : addi a5, zero, 100         : IntAlu :  D=0x0000000000000064
3322000: system.cpu: T0 : 0x10692    : bge a5, a4, -206           : IntAlu : 
3322500: system.cpu: T0 : 0x105c4    : ld a5, -128(s0)            : MemRead :  D=0x0000000000000001 A=0x7ffffffffffffd60
3323000: system.cpu: T0 : 0x105c8    : sub a4, zero, a5           : IntAlu :  D=0xffffffffffffffff
3323500: system.cpu: T0 : 0x105cc    : lw a5, -100(s0)            : MemRead :  D=0x0000000000000023 A=0x7ffffffffffffd7c
3324000: system.cpu: T0 : 0x105d0    : div a5, a4, a5             : IntDiv :  D=0x0000000000000000
3324500: system.cpu: T0 : 0x105d4    : ld a4, -56(s0)             : MemRead :  D=0x0000000000000000 A=0x7ffffffffffffda8
3325000: system.cpu: T0 : 0x105d8    : mul a5, a4, a5             : IntMult :  D=0x0000000000000000
3325500: system.cpu: T0 : 0x105dc    : sd a5, -56(s0)             : MemWrite :  D=0x0000000000000000 A=0x7ffffffffffffda8
3326000: system.cpu: T0 : 0x105e0    : lw a4, -100(s0)            : MemRead :  D=0x0000000000000023 A=0x7ffffffffffffd7c
3326500: system.cpu: T0 : 0x105e4    : lw a5, -92(s0)             : MemRead :  D=0x0000000000000031 A=0x7ffffffffffffd84
3327000: system.cpu: T0 : 0x105e8    : c_addiw a4, 0              : IntAlu :  D=0x0000000000000023
3327500: system.cpu: T0 : 0x105ea    : c_addiw a5, 0              : IntAlu :  D=0x0000000000000031
3328000: system.cpu: T0 : 0x105ec    : beq a4, a5, 36             : IntAlu : 
3328500: system.cpu: T0 : 0x105f0    : ld a5, -56(s0)             : MemRead :  D=0x0000000000000000 A=0x7ffffffffffffda8
3329000: system.cpu: T0 : 0x105f4    : sub a5, zero, a5           : IntAlu :  D=0x0000000000000000
3329500: system.cpu: T0 : 0x105f8    : lw a3, -100(s0)            : MemRead :  D=0x0000000000000023 A=0x7ffffffffffffd7c
3330000: system.cpu: T0 : 0x105fc    : lw a4, -92(s0)             : MemRead :  D=0x0000000000000031 A=0x7ffffffffffffd84
3330500: system.cpu: T0 : 0x10600    : subw a4, a3, a4            : IntAlu :  D=0xfffffffffffffff2
3331000: system.cpu: T0 : 0x10604    : c_addiw a4, 0              : IntAlu :  D=0xfffffffffffffff2
3332000: system.cpu: T0 : 0x10606    : div a5, a5, a4             : IntDiv :  D=0x0000000000000000
3333000: system.cpu: T0 : 0x1060a    : sd a5, -64(s0)             : MemWrite :  D=0x0000000000000000 A=0x7ffffffffffffda0
3333500: system.cpu: T0 : 0x1060e    : c_j 96                     : IntAlu : 
3334500: system.cpu: T0 : 0x1066e    : ld a4, -32(s0)             : MemRead :  D=0x0000000000000002 A=0x7ffffffffffffdc0
3335500: system.cpu: T0 : 0x10672    : ld a5, -64(s0)             : MemRead :  D=0x0000000000000000 A=0x7ffffffffffffda0
3336000: system.cpu: T0 : 0x10676    : c_add a5, a4               : IntAlu :  D=0x0000000000000002
3336500: system.cpu: T0 : 0x10678    : sd a5, -32(s0)             : MemWrite :  D=0x0000000000000002 A=0x7ffffffffffffdc0
3337000: system.cpu: T0 : 0x1067c    : lw a5, -100(s0)            : MemRead :  D=0x0000000000000023 A=0x7ffffffffffffd7c
3337500: system.cpu: T0 : 0x10680    : c_addiw a5, 1              : IntAlu :  D=0x0000000000000024
3338500: system.cpu: T0 : 0x10682    : sw a5, -100(s0)            : MemWrite :  D=0x0000000000000024 A=0x7ffffffffffffd7c
3339500: system.cpu: T0 : 0x10686    : lw a5, -100(s0)            : MemRead :  D=0x0000000000000024 A=0x7ffffffffffffd7c
3340500: system.cpu: T0 : 0x1068a    : addiw a4, a5, 0            : IntAlu :  D=0x0000000000000024
3341500: system.cpu: T0 : 0x1068e    : addi a5, zero, 100         : IntAlu :  D=0x0000000000000064
3342500: system.cpu: T0 : 0x10692    : bge a5, a4, -206           : IntAlu : 
3343000: system.cpu: T0 : 0x105c4    : ld a5, -128(s0)            : MemRead :  D=0x0000000000000001 A=0x7ffffffffffffd60
3343500: system.cpu: T0 : 0x105c8    : sub a4, zero, a5           : IntAlu :  D=0xffffffffffffffff
3344000: system.cpu: T0 : 0x105cc    : lw a5, -100(s0)            : MemRead :  D=0x0000000000000024 A=0x7ffffffffffffd7c
3344500: system.cpu: T0 : 0x105d0    : div a5, a4, a5             : IntDiv :  D=0x0000000000000000
3345000: system.cpu: T0 : 0x105d4    : ld a4, -56(s0)             : MemRead :  D=0x0000000000000000 A=0x7ffffffffffffda8
3345500: system.cpu: T0 : 0x105d8    : mul a5, a4, a5             : IntMult :  D=0x0000000000000000
3346000: system.cpu: T0 : 0x105dc    : sd a5, -56(s0)             : MemWrite :  D=0x0000000000000000 A=0x7ffffffffffffda8
3346500: system.cpu: T0 : 0x105e0    : lw a4, -100(s0)            : MemRead :  D=0x0000000000000024 A=0x7ffffffffffffd7c
3347000: system.cpu: T0 : 0x105e4    : lw a5, -92(s0)             : MemRead :  D=0x0000000000000031 A=0x7ffffffffffffd84
3347500: system.cpu: T0 : 0x105e8    : c_addiw a4, 0              : IntAlu :  D=0x0000000000000024
3348000: system.cpu: T0 : 0x105ea    : c_addiw a5, 0              : IntAlu :  D=0x0000000000000031
3348500: system.cpu: T0 : 0x105ec    : beq a4, a5, 36             : IntAlu : 
3349000: system.cpu: T0 : 0x105f0    : ld a5, -56(s0)             : MemRead :  D=0x0000000000000000 A=0x7ffffffffffffda8
3349500: system.cpu: T0 : 0x105f4    : sub a5, zero, a5           : IntAlu :  D=0x0000000000000000
3350000: system.cpu: T0 : 0x105f8    : lw a3, -100(s0)            : MemRead :  D=0x0000000000000024 A=0x7ffffffffffffd7c
3350500: system.cpu: T0 : 0x105fc    : lw a4, -92(s0)             : MemRead :  D=0x0000000000000031 A=0x7ffffffffffffd84
3351000: system.cpu: T0 : 0x10600    : subw a4, a3, a4            : IntAlu :  D=0xfffffffffffffff3
3351500: system.cpu: T0 : 0x10604    : c_addiw a4, 0              : IntAlu :  D=0xfffffffffffffff3
3352500: system.cpu: T0 : 0x10606    : div a5, a5, a4             : IntDiv :  D=0x0000000000000000
3353500: system.cpu: T0 : 0x1060a    : sd a5, -64(s0)             : MemWrite :  D=0x0000000000000000 A=0x7ffffffffffffda0
3354000: system.cpu: T0 : 0x1060e    : c_j 96                     : IntAlu : 
3355000: system.cpu: T0 : 0x1066e    : ld a4, -32(s0)             : MemRead :  D=0x0000000000000002 A=0x7ffffffffffffdc0
3356000: system.cpu: T0 : 0x10672    : ld a5, -64(s0)             : MemRead :  D=0x0000000000000000 A=0x7ffffffffffffda0
3356500: system.cpu: T0 : 0x10676    : c_add a5, a4               : IntAlu :  D=0x0000000000000002
3357000: system.cpu: T0 : 0x10678    : sd a5, -32(s0)             : MemWrite :  D=0x0000000000000002 A=0x7ffffffffffffdc0
3357500: system.cpu: T0 : 0x1067c    : lw a5, -100(s0)            : MemRead :  D=0x0000000000000024 A=0x7ffffffffffffd7c
3358000: system.cpu: T0 : 0x10680    : c_addiw a5, 1              : IntAlu :  D=0x0000000000000025
3359000: system.cpu: T0 : 0x10682    : sw a5, -100(s0)            : MemWrite :  D=0x0000000000000025 A=0x7ffffffffffffd7c
3360000: system.cpu: T0 : 0x10686    : lw a5, -100(s0)            : MemRead :  D=0x0000000000000025 A=0x7ffffffffffffd7c
3361000: system.cpu: T0 : 0x1068a    : addiw a4, a5, 0            : IntAlu :  D=0x0000000000000025
3362000: system.cpu: T0 : 0x1068e    : addi a5, zero, 100         : IntAlu :  D=0x0000000000000064
3363000: system.cpu: T0 : 0x10692    : bge a5, a4, -206           : IntAlu : 
3363500: system.cpu: T0 : 0x105c4    : ld a5, -128(s0)            : MemRead :  D=0x0000000000000001 A=0x7ffffffffffffd60
3364000: system.cpu: T0 : 0x105c8    : sub a4, zero, a5           : IntAlu :  D=0xffffffffffffffff
3364500: system.cpu: T0 : 0x105cc    : lw a5, -100(s0)            : MemRead :  D=0x0000000000000025 A=0x7ffffffffffffd7c
3365000: system.cpu: T0 : 0x105d0    : div a5, a4, a5             : IntDiv :  D=0x0000000000000000
3365500: system.cpu: T0 : 0x105d4    : ld a4, -56(s0)             : MemRead :  D=0x0000000000000000 A=0x7ffffffffffffda8
3366000: system.cpu: T0 : 0x105d8    : mul a5, a4, a5             : IntMult :  D=0x0000000000000000
3366500: system.cpu: T0 : 0x105dc    : sd a5, -56(s0)             : MemWrite :  D=0x0000000000000000 A=0x7ffffffffffffda8
3367000: system.cpu: T0 : 0x105e0    : lw a4, -100(s0)            : MemRead :  D=0x0000000000000025 A=0x7ffffffffffffd7c
3367500: system.cpu: T0 : 0x105e4    : lw a5, -92(s0)             : MemRead :  D=0x0000000000000031 A=0x7ffffffffffffd84
3368000: system.cpu: T0 : 0x105e8    : c_addiw a4, 0              : IntAlu :  D=0x0000000000000025
3368500: system.cpu: T0 : 0x105ea    : c_addiw a5, 0              : IntAlu :  D=0x0000000000000031
3369000: system.cpu: T0 : 0x105ec    : beq a4, a5, 36             : IntAlu : 
3369500: system.cpu: T0 : 0x105f0    : ld a5, -56(s0)             : MemRead :  D=0x0000000000000000 A=0x7ffffffffffffda8
3370000: system.cpu: T0 : 0x105f4    : sub a5, zero, a5           : IntAlu :  D=0x0000000000000000
3370500: system.cpu: T0 : 0x105f8    : lw a3, -100(s0)            : MemRead :  D=0x0000000000000025 A=0x7ffffffffffffd7c
3371000: system.cpu: T0 : 0x105fc    : lw a4, -92(s0)             : MemRead :  D=0x0000000000000031 A=0x7ffffffffffffd84
3371500: system.cpu: T0 : 0x10600    : subw a4, a3, a4            : IntAlu :  D=0xfffffffffffffff4
3372000: system.cpu: T0 : 0x10604    : c_addiw a4, 0              : IntAlu :  D=0xfffffffffffffff4
3373000: system.cpu: T0 : 0x10606    : div a5, a5, a4             : IntDiv :  D=0x0000000000000000
3374000: system.cpu: T0 : 0x1060a    : sd a5, -64(s0)             : MemWrite :  D=0x0000000000000000 A=0x7ffffffffffffda0
3374500: system.cpu: T0 : 0x1060e    : c_j 96                     : IntAlu : 
3375500: system.cpu: T0 : 0x1066e    : ld a4, -32(s0)             : MemRead :  D=0x0000000000000002 A=0x7ffffffffffffdc0
3376500: system.cpu: T0 : 0x10672    : ld a5, -64(s0)             : MemRead :  D=0x0000000000000000 A=0x7ffffffffffffda0
3377000: system.cpu: T0 : 0x10676    : c_add a5, a4               : IntAlu :  D=0x0000000000000002
3377500: system.cpu: T0 : 0x10678    : sd a5, -32(s0)             : MemWrite :  D=0x0000000000000002 A=0x7ffffffffffffdc0
3378000: system.cpu: T0 : 0x1067c    : lw a5, -100(s0)            : MemRead :  D=0x0000000000000025 A=0x7ffffffffffffd7c
3378500: system.cpu: T0 : 0x10680    : c_addiw a5, 1              : IntAlu :  D=0x0000000000000026
3379500: system.cpu: T0 : 0x10682    : sw a5, -100(s0)            : MemWrite :  D=0x0000000000000026 A=0x7ffffffffffffd7c
3380500: system.cpu: T0 : 0x10686    : lw a5, -100(s0)            : MemRead :  D=0x0000000000000026 A=0x7ffffffffffffd7c
3381500: system.cpu: T0 : 0x1068a    : addiw a4, a5, 0            : IntAlu :  D=0x0000000000000026
3382500: system.cpu: T0 : 0x1068e    : addi a5, zero, 100         : IntAlu :  D=0x0000000000000064
3383500: system.cpu: T0 : 0x10692    : bge a5, a4, -206           : IntAlu : 
3384000: system.cpu: T0 : 0x105c4    : ld a5, -128(s0)            : MemRead :  D=0x0000000000000001 A=0x7ffffffffffffd60
3384500: system.cpu: T0 : 0x105c8    : sub a4, zero, a5           : IntAlu :  D=0xffffffffffffffff
3385000: system.cpu: T0 : 0x105cc    : lw a5, -100(s0)            : MemRead :  D=0x0000000000000026 A=0x7ffffffffffffd7c
3385500: system.cpu: T0 : 0x105d0    : div a5, a4, a5             : IntDiv :  D=0x0000000000000000
3386000: system.cpu: T0 : 0x105d4    : ld a4, -56(s0)             : MemRead :  D=0x0000000000000000 A=0x7ffffffffffffda8
3386500: system.cpu: T0 : 0x105d8    : mul a5, a4, a5             : IntMult :  D=0x0000000000000000
3387000: system.cpu: T0 : 0x105dc    : sd a5, -56(s0)             : MemWrite :  D=0x0000000000000000 A=0x7ffffffffffffda8
3387500: system.cpu: T0 : 0x105e0    : lw a4, -100(s0)            : MemRead :  D=0x0000000000000026 A=0x7ffffffffffffd7c
3388000: system.cpu: T0 : 0x105e4    : lw a5, -92(s0)             : MemRead :  D=0x0000000000000031 A=0x7ffffffffffffd84
3388500: system.cpu: T0 : 0x105e8    : c_addiw a4, 0              : IntAlu :  D=0x0000000000000026
3389000: system.cpu: T0 : 0x105ea    : c_addiw a5, 0              : IntAlu :  D=0x0000000000000031
3389500: system.cpu: T0 : 0x105ec    : beq a4, a5, 36             : IntAlu : 
3390000: system.cpu: T0 : 0x105f0    : ld a5, -56(s0)             : MemRead :  D=0x0000000000000000 A=0x7ffffffffffffda8
3390500: system.cpu: T0 : 0x105f4    : sub a5, zero, a5           : IntAlu :  D=0x0000000000000000
3391000: system.cpu: T0 : 0x105f8    : lw a3, -100(s0)            : MemRead :  D=0x0000000000000026 A=0x7ffffffffffffd7c
3391500: system.cpu: T0 : 0x105fc    : lw a4, -92(s0)             : MemRead :  D=0x0000000000000031 A=0x7ffffffffffffd84
3392000: system.cpu: T0 : 0x10600    : subw a4, a3, a4            : IntAlu :  D=0xfffffffffffffff5
3392500: system.cpu: T0 : 0x10604    : c_addiw a4, 0              : IntAlu :  D=0xfffffffffffffff5
3393500: system.cpu: T0 : 0x10606    : div a5, a5, a4             : IntDiv :  D=0x0000000000000000
3394500: system.cpu: T0 : 0x1060a    : sd a5, -64(s0)             : MemWrite :  D=0x0000000000000000 A=0x7ffffffffffffda0
3395000: system.cpu: T0 : 0x1060e    : c_j 96                     : IntAlu : 
3396000: system.cpu: T0 : 0x1066e    : ld a4, -32(s0)             : MemRead :  D=0x0000000000000002 A=0x7ffffffffffffdc0
3397000: system.cpu: T0 : 0x10672    : ld a5, -64(s0)             : MemRead :  D=0x0000000000000000 A=0x7ffffffffffffda0
3397500: system.cpu: T0 : 0x10676    : c_add a5, a4               : IntAlu :  D=0x0000000000000002
3398000: system.cpu: T0 : 0x10678    : sd a5, -32(s0)             : MemWrite :  D=0x0000000000000002 A=0x7ffffffffffffdc0
3398500: system.cpu: T0 : 0x1067c    : lw a5, -100(s0)            : MemRead :  D=0x0000000000000026 A=0x7ffffffffffffd7c
3399000: system.cpu: T0 : 0x10680    : c_addiw a5, 1              : IntAlu :  D=0x0000000000000027
3400000: system.cpu: T0 : 0x10682    : sw a5, -100(s0)            : MemWrite :  D=0x0000000000000027 A=0x7ffffffffffffd7c
3401000: system.cpu: T0 : 0x10686    : lw a5, -100(s0)            : MemRead :  D=0x0000000000000027 A=0x7ffffffffffffd7c
3402000: system.cpu: T0 : 0x1068a    : addiw a4, a5, 0            : IntAlu :  D=0x0000000000000027
3403000: system.cpu: T0 : 0x1068e    : addi a5, zero, 100         : IntAlu :  D=0x0000000000000064
3404000: system.cpu: T0 : 0x10692    : bge a5, a4, -206           : IntAlu : 
3404500: system.cpu: T0 : 0x105c4    : ld a5, -128(s0)            : MemRead :  D=0x0000000000000001 A=0x7ffffffffffffd60
3405000: system.cpu: T0 : 0x105c8    : sub a4, zero, a5           : IntAlu :  D=0xffffffffffffffff
3405500: system.cpu: T0 : 0x105cc    : lw a5, -100(s0)            : MemRead :  D=0x0000000000000027 A=0x7ffffffffffffd7c
3406000: system.cpu: T0 : 0x105d0    : div a5, a4, a5             : IntDiv :  D=0x0000000000000000
3406500: system.cpu: T0 : 0x105d4    : ld a4, -56(s0)             : MemRead :  D=0x0000000000000000 A=0x7ffffffffffffda8
3407000: system.cpu: T0 : 0x105d8    : mul a5, a4, a5             : IntMult :  D=0x0000000000000000
3407500: system.cpu: T0 : 0x105dc    : sd a5, -56(s0)             : MemWrite :  D=0x0000000000000000 A=0x7ffffffffffffda8
3408000: system.cpu: T0 : 0x105e0    : lw a4, -100(s0)            : MemRead :  D=0x0000000000000027 A=0x7ffffffffffffd7c
3408500: system.cpu: T0 : 0x105e4    : lw a5, -92(s0)             : MemRead :  D=0x0000000000000031 A=0x7ffffffffffffd84
3409000: system.cpu: T0 : 0x105e8    : c_addiw a4, 0              : IntAlu :  D=0x0000000000000027
3409500: system.cpu: T0 : 0x105ea    : c_addiw a5, 0              : IntAlu :  D=0x0000000000000031
3410000: system.cpu: T0 : 0x105ec    : beq a4, a5, 36             : IntAlu : 
3410500: system.cpu: T0 : 0x105f0    : ld a5, -56(s0)             : MemRead :  D=0x0000000000000000 A=0x7ffffffffffffda8
3411000: system.cpu: T0 : 0x105f4    : sub a5, zero, a5           : IntAlu :  D=0x0000000000000000
3411500: system.cpu: T0 : 0x105f8    : lw a3, -100(s0)            : MemRead :  D=0x0000000000000027 A=0x7ffffffffffffd7c
3412000: system.cpu: T0 : 0x105fc    : lw a4, -92(s0)             : MemRead :  D=0x0000000000000031 A=0x7ffffffffffffd84
3412500: system.cpu: T0 : 0x10600    : subw a4, a3, a4            : IntAlu :  D=0xfffffffffffffff6
3413000: system.cpu: T0 : 0x10604    : c_addiw a4, 0              : IntAlu :  D=0xfffffffffffffff6
3414000: system.cpu: T0 : 0x10606    : div a5, a5, a4             : IntDiv :  D=0x0000000000000000
3415000: system.cpu: T0 : 0x1060a    : sd a5, -64(s0)             : MemWrite :  D=0x0000000000000000 A=0x7ffffffffffffda0
3415500: system.cpu: T0 : 0x1060e    : c_j 96                     : IntAlu : 
3416500: system.cpu: T0 : 0x1066e    : ld a4, -32(s0)             : MemRead :  D=0x0000000000000002 A=0x7ffffffffffffdc0
3417500: system.cpu: T0 : 0x10672    : ld a5, -64(s0)             : MemRead :  D=0x0000000000000000 A=0x7ffffffffffffda0
3418000: system.cpu: T0 : 0x10676    : c_add a5, a4               : IntAlu :  D=0x0000000000000002
3418500: system.cpu: T0 : 0x10678    : sd a5, -32(s0)             : MemWrite :  D=0x0000000000000002 A=0x7ffffffffffffdc0
3419000: system.cpu: T0 : 0x1067c    : lw a5, -100(s0)            : MemRead :  D=0x0000000000000027 A=0x7ffffffffffffd7c
3419500: system.cpu: T0 : 0x10680    : c_addiw a5, 1              : IntAlu :  D=0x0000000000000028
3420500: system.cpu: T0 : 0x10682    : sw a5, -100(s0)            : MemWrite :  D=0x0000000000000028 A=0x7ffffffffffffd7c
3421500: system.cpu: T0 : 0x10686    : lw a5, -100(s0)            : MemRead :  D=0x0000000000000028 A=0x7ffffffffffffd7c
3422500: system.cpu: T0 : 0x1068a    : addiw a4, a5, 0            : IntAlu :  D=0x0000000000000028
3423500: system.cpu: T0 : 0x1068e    : addi a5, zero, 100         : IntAlu :  D=0x0000000000000064
3424500: system.cpu: T0 : 0x10692    : bge a5, a4, -206           : IntAlu : 
3425000: system.cpu: T0 : 0x105c4    : ld a5, -128(s0)            : MemRead :  D=0x0000000000000001 A=0x7ffffffffffffd60
3425500: system.cpu: T0 : 0x105c8    : sub a4, zero, a5           : IntAlu :  D=0xffffffffffffffff
3426000: system.cpu: T0 : 0x105cc    : lw a5, -100(s0)            : MemRead :  D=0x0000000000000028 A=0x7ffffffffffffd7c
3426500: system.cpu: T0 : 0x105d0    : div a5, a4, a5             : IntDiv :  D=0x0000000000000000
3427000: system.cpu: T0 : 0x105d4    : ld a4, -56(s0)             : MemRead :  D=0x0000000000000000 A=0x7ffffffffffffda8
3427500: system.cpu: T0 : 0x105d8    : mul a5, a4, a5             : IntMult :  D=0x0000000000000000
3428000: system.cpu: T0 : 0x105dc    : sd a5, -56(s0)             : MemWrite :  D=0x0000000000000000 A=0x7ffffffffffffda8
3428500: system.cpu: T0 : 0x105e0    : lw a4, -100(s0)            : MemRead :  D=0x0000000000000028 A=0x7ffffffffffffd7c
3429000: system.cpu: T0 : 0x105e4    : lw a5, -92(s0)             : MemRead :  D=0x0000000000000031 A=0x7ffffffffffffd84
3429500: system.cpu: T0 : 0x105e8    : c_addiw a4, 0              : IntAlu :  D=0x0000000000000028
3430000: system.cpu: T0 : 0x105ea    : c_addiw a5, 0              : IntAlu :  D=0x0000000000000031
3430500: system.cpu: T0 : 0x105ec    : beq a4, a5, 36             : IntAlu : 
3431000: system.cpu: T0 : 0x105f0    : ld a5, -56(s0)             : MemRead :  D=0x0000000000000000 A=0x7ffffffffffffda8
3431500: system.cpu: T0 : 0x105f4    : sub a5, zero, a5           : IntAlu :  D=0x0000000000000000
3432000: system.cpu: T0 : 0x105f8    : lw a3, -100(s0)            : MemRead :  D=0x0000000000000028 A=0x7ffffffffffffd7c
3432500: system.cpu: T0 : 0x105fc    : lw a4, -92(s0)             : MemRead :  D=0x0000000000000031 A=0x7ffffffffffffd84
3433000: system.cpu: T0 : 0x10600    : subw a4, a3, a4            : IntAlu :  D=0xfffffffffffffff7
3433500: system.cpu: T0 : 0x10604    : c_addiw a4, 0              : IntAlu :  D=0xfffffffffffffff7
3434500: system.cpu: T0 : 0x10606    : div a5, a5, a4             : IntDiv :  D=0x0000000000000000
3435500: system.cpu: T0 : 0x1060a    : sd a5, -64(s0)             : MemWrite :  D=0x0000000000000000 A=0x7ffffffffffffda0
3436000: system.cpu: T0 : 0x1060e    : c_j 96                     : IntAlu : 
3437000: system.cpu: T0 : 0x1066e    : ld a4, -32(s0)             : MemRead :  D=0x0000000000000002 A=0x7ffffffffffffdc0
3438000: system.cpu: T0 : 0x10672    : ld a5, -64(s0)             : MemRead :  D=0x0000000000000000 A=0x7ffffffffffffda0
3438500: system.cpu: T0 : 0x10676    : c_add a5, a4               : IntAlu :  D=0x0000000000000002
3439000: system.cpu: T0 : 0x10678    : sd a5, -32(s0)             : MemWrite :  D=0x0000000000000002 A=0x7ffffffffffffdc0
3439500: system.cpu: T0 : 0x1067c    : lw a5, -100(s0)            : MemRead :  D=0x0000000000000028 A=0x7ffffffffffffd7c
3440000: system.cpu: T0 : 0x10680    : c_addiw a5, 1              : IntAlu :  D=0x0000000000000029
3441000: system.cpu: T0 : 0x10682    : sw a5, -100(s0)            : MemWrite :  D=0x0000000000000029 A=0x7ffffffffffffd7c
3442000: system.cpu: T0 : 0x10686    : lw a5, -100(s0)            : MemRead :  D=0x0000000000000029 A=0x7ffffffffffffd7c
3443000: system.cpu: T0 : 0x1068a    : addiw a4, a5, 0            : IntAlu :  D=0x0000000000000029
3444000: system.cpu: T0 : 0x1068e    : addi a5, zero, 100         : IntAlu :  D=0x0000000000000064
3445000: system.cpu: T0 : 0x10692    : bge a5, a4, -206           : IntAlu : 
3445500: system.cpu: T0 : 0x105c4    : ld a5, -128(s0)            : MemRead :  D=0x0000000000000001 A=0x7ffffffffffffd60
3446000: system.cpu: T0 : 0x105c8    : sub a4, zero, a5           : IntAlu :  D=0xffffffffffffffff
3446500: system.cpu: T0 : 0x105cc    : lw a5, -100(s0)            : MemRead :  D=0x0000000000000029 A=0x7ffffffffffffd7c
3447000: system.cpu: T0 : 0x105d0    : div a5, a4, a5             : IntDiv :  D=0x0000000000000000
3447500: system.cpu: T0 : 0x105d4    : ld a4, -56(s0)             : MemRead :  D=0x0000000000000000 A=0x7ffffffffffffda8
3448000: system.cpu: T0 : 0x105d8    : mul a5, a4, a5             : IntMult :  D=0x0000000000000000
3448500: system.cpu: T0 : 0x105dc    : sd a5, -56(s0)             : MemWrite :  D=0x0000000000000000 A=0x7ffffffffffffda8
3449000: system.cpu: T0 : 0x105e0    : lw a4, -100(s0)            : MemRead :  D=0x0000000000000029 A=0x7ffffffffffffd7c
3449500: system.cpu: T0 : 0x105e4    : lw a5, -92(s0)             : MemRead :  D=0x0000000000000031 A=0x7ffffffffffffd84
3450000: system.cpu: T0 : 0x105e8    : c_addiw a4, 0              : IntAlu :  D=0x0000000000000029
3450500: system.cpu: T0 : 0x105ea    : c_addiw a5, 0              : IntAlu :  D=0x0000000000000031
3451000: system.cpu: T0 : 0x105ec    : beq a4, a5, 36             : IntAlu : 
3451500: system.cpu: T0 : 0x105f0    : ld a5, -56(s0)             : MemRead :  D=0x0000000000000000 A=0x7ffffffffffffda8
3452000: system.cpu: T0 : 0x105f4    : sub a5, zero, a5           : IntAlu :  D=0x0000000000000000
3452500: system.cpu: T0 : 0x105f8    : lw a3, -100(s0)            : MemRead :  D=0x0000000000000029 A=0x7ffffffffffffd7c
3453000: system.cpu: T0 : 0x105fc    : lw a4, -92(s0)             : MemRead :  D=0x0000000000000031 A=0x7ffffffffffffd84
3453500: system.cpu: T0 : 0x10600    : subw a4, a3, a4            : IntAlu :  D=0xfffffffffffffff8
3454000: system.cpu: T0 : 0x10604    : c_addiw a4, 0              : IntAlu :  D=0xfffffffffffffff8
3455000: system.cpu: T0 : 0x10606    : div a5, a5, a4             : IntDiv :  D=0x0000000000000000
3456000: system.cpu: T0 : 0x1060a    : sd a5, -64(s0)             : MemWrite :  D=0x0000000000000000 A=0x7ffffffffffffda0
3456500: system.cpu: T0 : 0x1060e    : c_j 96                     : IntAlu : 
3457500: system.cpu: T0 : 0x1066e    : ld a4, -32(s0)             : MemRead :  D=0x0000000000000002 A=0x7ffffffffffffdc0
3458500: system.cpu: T0 : 0x10672    : ld a5, -64(s0)             : MemRead :  D=0x0000000000000000 A=0x7ffffffffffffda0
3459000: system.cpu: T0 : 0x10676    : c_add a5, a4               : IntAlu :  D=0x0000000000000002
3459500: system.cpu: T0 : 0x10678    : sd a5, -32(s0)             : MemWrite :  D=0x0000000000000002 A=0x7ffffffffffffdc0
3460000: system.cpu: T0 : 0x1067c    : lw a5, -100(s0)            : MemRead :  D=0x0000000000000029 A=0x7ffffffffffffd7c
3460500: system.cpu: T0 : 0x10680    : c_addiw a5, 1              : IntAlu :  D=0x000000000000002a
3461500: system.cpu: T0 : 0x10682    : sw a5, -100(s0)            : MemWrite :  D=0x000000000000002a A=0x7ffffffffffffd7c
3462500: system.cpu: T0 : 0x10686    : lw a5, -100(s0)            : MemRead :  D=0x000000000000002a A=0x7ffffffffffffd7c
3463500: system.cpu: T0 : 0x1068a    : addiw a4, a5, 0            : IntAlu :  D=0x000000000000002a
3464500: system.cpu: T0 : 0x1068e    : addi a5, zero, 100         : IntAlu :  D=0x0000000000000064
3465500: system.cpu: T0 : 0x10692    : bge a5, a4, -206           : IntAlu : 
3466000: system.cpu: T0 : 0x105c4    : ld a5, -128(s0)            : MemRead :  D=0x0000000000000001 A=0x7ffffffffffffd60
3466500: system.cpu: T0 : 0x105c8    : sub a4, zero, a5           : IntAlu :  D=0xffffffffffffffff
3467000: system.cpu: T0 : 0x105cc    : lw a5, -100(s0)            : MemRead :  D=0x000000000000002a A=0x7ffffffffffffd7c
3467500: system.cpu: T0 : 0x105d0    : div a5, a4, a5             : IntDiv :  D=0x0000000000000000
3468000: system.cpu: T0 : 0x105d4    : ld a4, -56(s0)             : MemRead :  D=0x0000000000000000 A=0x7ffffffffffffda8
3468500: system.cpu: T0 : 0x105d8    : mul a5, a4, a5             : IntMult :  D=0x0000000000000000
3469000: system.cpu: T0 : 0x105dc    : sd a5, -56(s0)             : MemWrite :  D=0x0000000000000000 A=0x7ffffffffffffda8
3469500: system.cpu: T0 : 0x105e0    : lw a4, -100(s0)            : MemRead :  D=0x000000000000002a A=0x7ffffffffffffd7c
3470000: system.cpu: T0 : 0x105e4    : lw a5, -92(s0)             : MemRead :  D=0x0000000000000031 A=0x7ffffffffffffd84
3470500: system.cpu: T0 : 0x105e8    : c_addiw a4, 0              : IntAlu :  D=0x000000000000002a
3471000: system.cpu: T0 : 0x105ea    : c_addiw a5, 0              : IntAlu :  D=0x0000000000000031
3471500: system.cpu: T0 : 0x105ec    : beq a4, a5, 36             : IntAlu : 
3472000: system.cpu: T0 : 0x105f0    : ld a5, -56(s0)             : MemRead :  D=0x0000000000000000 A=0x7ffffffffffffda8
3472500: system.cpu: T0 : 0x105f4    : sub a5, zero, a5           : IntAlu :  D=0x0000000000000000
3473000: system.cpu: T0 : 0x105f8    : lw a3, -100(s0)            : MemRead :  D=0x000000000000002a A=0x7ffffffffffffd7c
3473500: system.cpu: T0 : 0x105fc    : lw a4, -92(s0)             : MemRead :  D=0x0000000000000031 A=0x7ffffffffffffd84
3474000: system.cpu: T0 : 0x10600    : subw a4, a3, a4            : IntAlu :  D=0xfffffffffffffff9
3474500: system.cpu: T0 : 0x10604    : c_addiw a4, 0              : IntAlu :  D=0xfffffffffffffff9
3475500: system.cpu: T0 : 0x10606    : div a5, a5, a4             : IntDiv :  D=0x0000000000000000
3476500: system.cpu: T0 : 0x1060a    : sd a5, -64(s0)             : MemWrite :  D=0x0000000000000000 A=0x7ffffffffffffda0
3477000: system.cpu: T0 : 0x1060e    : c_j 96                     : IntAlu : 
3478000: system.cpu: T0 : 0x1066e    : ld a4, -32(s0)             : MemRead :  D=0x0000000000000002 A=0x7ffffffffffffdc0
3479000: system.cpu: T0 : 0x10672    : ld a5, -64(s0)             : MemRead :  D=0x0000000000000000 A=0x7ffffffffffffda0
3479500: system.cpu: T0 : 0x10676    : c_add a5, a4               : IntAlu :  D=0x0000000000000002
3480000: system.cpu: T0 : 0x10678    : sd a5, -32(s0)             : MemWrite :  D=0x0000000000000002 A=0x7ffffffffffffdc0
3480500: system.cpu: T0 : 0x1067c    : lw a5, -100(s0)            : MemRead :  D=0x000000000000002a A=0x7ffffffffffffd7c
3481000: system.cpu: T0 : 0x10680    : c_addiw a5, 1              : IntAlu :  D=0x000000000000002b
3482000: system.cpu: T0 : 0x10682    : sw a5, -100(s0)            : MemWrite :  D=0x000000000000002b A=0x7ffffffffffffd7c
3483000: system.cpu: T0 : 0x10686    : lw a5, -100(s0)            : MemRead :  D=0x000000000000002b A=0x7ffffffffffffd7c
3484000: system.cpu: T0 : 0x1068a    : addiw a4, a5, 0            : IntAlu :  D=0x000000000000002b
3485000: system.cpu: T0 : 0x1068e    : addi a5, zero, 100         : IntAlu :  D=0x0000000000000064
3486000: system.cpu: T0 : 0x10692    : bge a5, a4, -206           : IntAlu : 
3486500: system.cpu: T0 : 0x105c4    : ld a5, -128(s0)            : MemRead :  D=0x0000000000000001 A=0x7ffffffffffffd60
3487000: system.cpu: T0 : 0x105c8    : sub a4, zero, a5           : IntAlu :  D=0xffffffffffffffff
3487500: system.cpu: T0 : 0x105cc    : lw a5, -100(s0)            : MemRead :  D=0x000000000000002b A=0x7ffffffffffffd7c
3488000: system.cpu: T0 : 0x105d0    : div a5, a4, a5             : IntDiv :  D=0x0000000000000000
3488500: system.cpu: T0 : 0x105d4    : ld a4, -56(s0)             : MemRead :  D=0x0000000000000000 A=0x7ffffffffffffda8
3489000: system.cpu: T0 : 0x105d8    : mul a5, a4, a5             : IntMult :  D=0x0000000000000000
3489500: system.cpu: T0 : 0x105dc    : sd a5, -56(s0)             : MemWrite :  D=0x0000000000000000 A=0x7ffffffffffffda8
3490000: system.cpu: T0 : 0x105e0    : lw a4, -100(s0)            : MemRead :  D=0x000000000000002b A=0x7ffffffffffffd7c
3490500: system.cpu: T0 : 0x105e4    : lw a5, -92(s0)             : MemRead :  D=0x0000000000000031 A=0x7ffffffffffffd84
3491000: system.cpu: T0 : 0x105e8    : c_addiw a4, 0              : IntAlu :  D=0x000000000000002b
3491500: system.cpu: T0 : 0x105ea    : c_addiw a5, 0              : IntAlu :  D=0x0000000000000031
3492000: system.cpu: T0 : 0x105ec    : beq a4, a5, 36             : IntAlu : 
3492500: system.cpu: T0 : 0x105f0    : ld a5, -56(s0)             : MemRead :  D=0x0000000000000000 A=0x7ffffffffffffda8
3493000: system.cpu: T0 : 0x105f4    : sub a5, zero, a5           : IntAlu :  D=0x0000000000000000
3493500: system.cpu: T0 : 0x105f8    : lw a3, -100(s0)            : MemRead :  D=0x000000000000002b A=0x7ffffffffffffd7c
3494000: system.cpu: T0 : 0x105fc    : lw a4, -92(s0)             : MemRead :  D=0x0000000000000031 A=0x7ffffffffffffd84
3494500: system.cpu: T0 : 0x10600    : subw a4, a3, a4            : IntAlu :  D=0xfffffffffffffffa
3495000: system.cpu: T0 : 0x10604    : c_addiw a4, 0              : IntAlu :  D=0xfffffffffffffffa
3496000: system.cpu: T0 : 0x10606    : div a5, a5, a4             : IntDiv :  D=0x0000000000000000
3497000: system.cpu: T0 : 0x1060a    : sd a5, -64(s0)             : MemWrite :  D=0x0000000000000000 A=0x7ffffffffffffda0
3497500: system.cpu: T0 : 0x1060e    : c_j 96                     : IntAlu : 
3498500: system.cpu: T0 : 0x1066e    : ld a4, -32(s0)             : MemRead :  D=0x0000000000000002 A=0x7ffffffffffffdc0
3499500: system.cpu: T0 : 0x10672    : ld a5, -64(s0)             : MemRead :  D=0x0000000000000000 A=0x7ffffffffffffda0
3500000: system.cpu: T0 : 0x10676    : c_add a5, a4               : IntAlu :  D=0x0000000000000002
3500500: system.cpu: T0 : 0x10678    : sd a5, -32(s0)             : MemWrite :  D=0x0000000000000002 A=0x7ffffffffffffdc0
3501000: system.cpu: T0 : 0x1067c    : lw a5, -100(s0)            : MemRead :  D=0x000000000000002b A=0x7ffffffffffffd7c
3501500: system.cpu: T0 : 0x10680    : c_addiw a5, 1              : IntAlu :  D=0x000000000000002c
3502500: system.cpu: T0 : 0x10682    : sw a5, -100(s0)            : MemWrite :  D=0x000000000000002c A=0x7ffffffffffffd7c
3503500: system.cpu: T0 : 0x10686    : lw a5, -100(s0)            : MemRead :  D=0x000000000000002c A=0x7ffffffffffffd7c
3504500: system.cpu: T0 : 0x1068a    : addiw a4, a5, 0            : IntAlu :  D=0x000000000000002c
3505500: system.cpu: T0 : 0x1068e    : addi a5, zero, 100         : IntAlu :  D=0x0000000000000064
3506500: system.cpu: T0 : 0x10692    : bge a5, a4, -206           : IntAlu : 
3507000: system.cpu: T0 : 0x105c4    : ld a5, -128(s0)            : MemRead :  D=0x0000000000000001 A=0x7ffffffffffffd60
3507500: system.cpu: T0 : 0x105c8    : sub a4, zero, a5           : IntAlu :  D=0xffffffffffffffff
3508000: system.cpu: T0 : 0x105cc    : lw a5, -100(s0)            : MemRead :  D=0x000000000000002c A=0x7ffffffffffffd7c
3508500: system.cpu: T0 : 0x105d0    : div a5, a4, a5             : IntDiv :  D=0x0000000000000000
3509000: system.cpu: T0 : 0x105d4    : ld a4, -56(s0)             : MemRead :  D=0x0000000000000000 A=0x7ffffffffffffda8
3509500: system.cpu: T0 : 0x105d8    : mul a5, a4, a5             : IntMult :  D=0x0000000000000000
3510000: system.cpu: T0 : 0x105dc    : sd a5, -56(s0)             : MemWrite :  D=0x0000000000000000 A=0x7ffffffffffffda8
3510500: system.cpu: T0 : 0x105e0    : lw a4, -100(s0)            : MemRead :  D=0x000000000000002c A=0x7ffffffffffffd7c
3511000: system.cpu: T0 : 0x105e4    : lw a5, -92(s0)             : MemRead :  D=0x0000000000000031 A=0x7ffffffffffffd84
3511500: system.cpu: T0 : 0x105e8    : c_addiw a4, 0              : IntAlu :  D=0x000000000000002c
3512000: system.cpu: T0 : 0x105ea    : c_addiw a5, 0              : IntAlu :  D=0x0000000000000031
3512500: system.cpu: T0 : 0x105ec    : beq a4, a5, 36             : IntAlu : 
3513000: system.cpu: T0 : 0x105f0    : ld a5, -56(s0)             : MemRead :  D=0x0000000000000000 A=0x7ffffffffffffda8
3513500: system.cpu: T0 : 0x105f4    : sub a5, zero, a5           : IntAlu :  D=0x0000000000000000
3514000: system.cpu: T0 : 0x105f8    : lw a3, -100(s0)            : MemRead :  D=0x000000000000002c A=0x7ffffffffffffd7c
3514500: system.cpu: T0 : 0x105fc    : lw a4, -92(s0)             : MemRead :  D=0x0000000000000031 A=0x7ffffffffffffd84
3515000: system.cpu: T0 : 0x10600    : subw a4, a3, a4            : IntAlu :  D=0xfffffffffffffffb
3515500: system.cpu: T0 : 0x10604    : c_addiw a4, 0              : IntAlu :  D=0xfffffffffffffffb
3516500: system.cpu: T0 : 0x10606    : div a5, a5, a4             : IntDiv :  D=0x0000000000000000
3517500: system.cpu: T0 : 0x1060a    : sd a5, -64(s0)             : MemWrite :  D=0x0000000000000000 A=0x7ffffffffffffda0
3518000: system.cpu: T0 : 0x1060e    : c_j 96                     : IntAlu : 
3519000: system.cpu: T0 : 0x1066e    : ld a4, -32(s0)             : MemRead :  D=0x0000000000000002 A=0x7ffffffffffffdc0
3520000: system.cpu: T0 : 0x10672    : ld a5, -64(s0)             : MemRead :  D=0x0000000000000000 A=0x7ffffffffffffda0
3520500: system.cpu: T0 : 0x10676    : c_add a5, a4               : IntAlu :  D=0x0000000000000002
3521000: system.cpu: T0 : 0x10678    : sd a5, -32(s0)             : MemWrite :  D=0x0000000000000002 A=0x7ffffffffffffdc0
3521500: system.cpu: T0 : 0x1067c    : lw a5, -100(s0)            : MemRead :  D=0x000000000000002c A=0x7ffffffffffffd7c
3522000: system.cpu: T0 : 0x10680    : c_addiw a5, 1              : IntAlu :  D=0x000000000000002d
3523000: system.cpu: T0 : 0x10682    : sw a5, -100(s0)            : MemWrite :  D=0x000000000000002d A=0x7ffffffffffffd7c
3524000: system.cpu: T0 : 0x10686    : lw a5, -100(s0)            : MemRead :  D=0x000000000000002d A=0x7ffffffffffffd7c
3525000: system.cpu: T0 : 0x1068a    : addiw a4, a5, 0            : IntAlu :  D=0x000000000000002d
3526000: system.cpu: T0 : 0x1068e    : addi a5, zero, 100         : IntAlu :  D=0x0000000000000064
3527000: system.cpu: T0 : 0x10692    : bge a5, a4, -206           : IntAlu : 
3527500: system.cpu: T0 : 0x105c4    : ld a5, -128(s0)            : MemRead :  D=0x0000000000000001 A=0x7ffffffffffffd60
3528000: system.cpu: T0 : 0x105c8    : sub a4, zero, a5           : IntAlu :  D=0xffffffffffffffff
3528500: system.cpu: T0 : 0x105cc    : lw a5, -100(s0)            : MemRead :  D=0x000000000000002d A=0x7ffffffffffffd7c
3529000: system.cpu: T0 : 0x105d0    : div a5, a4, a5             : IntDiv :  D=0x0000000000000000
3529500: system.cpu: T0 : 0x105d4    : ld a4, -56(s0)             : MemRead :  D=0x0000000000000000 A=0x7ffffffffffffda8
3530000: system.cpu: T0 : 0x105d8    : mul a5, a4, a5             : IntMult :  D=0x0000000000000000
3530500: system.cpu: T0 : 0x105dc    : sd a5, -56(s0)             : MemWrite :  D=0x0000000000000000 A=0x7ffffffffffffda8
3531000: system.cpu: T0 : 0x105e0    : lw a4, -100(s0)            : MemRead :  D=0x000000000000002d A=0x7ffffffffffffd7c
3531500: system.cpu: T0 : 0x105e4    : lw a5, -92(s0)             : MemRead :  D=0x0000000000000031 A=0x7ffffffffffffd84
3532000: system.cpu: T0 : 0x105e8    : c_addiw a4, 0              : IntAlu :  D=0x000000000000002d
3532500: system.cpu: T0 : 0x105ea    : c_addiw a5, 0              : IntAlu :  D=0x0000000000000031
3533000: system.cpu: T0 : 0x105ec    : beq a4, a5, 36             : IntAlu : 
3533500: system.cpu: T0 : 0x105f0    : ld a5, -56(s0)             : MemRead :  D=0x0000000000000000 A=0x7ffffffffffffda8
3534000: system.cpu: T0 : 0x105f4    : sub a5, zero, a5           : IntAlu :  D=0x0000000000000000
3534500: system.cpu: T0 : 0x105f8    : lw a3, -100(s0)            : MemRead :  D=0x000000000000002d A=0x7ffffffffffffd7c
3535000: system.cpu: T0 : 0x105fc    : lw a4, -92(s0)             : MemRead :  D=0x0000000000000031 A=0x7ffffffffffffd84
3535500: system.cpu: T0 : 0x10600    : subw a4, a3, a4            : IntAlu :  D=0xfffffffffffffffc
3536000: system.cpu: T0 : 0x10604    : c_addiw a4, 0              : IntAlu :  D=0xfffffffffffffffc
3537000: system.cpu: T0 : 0x10606    : div a5, a5, a4             : IntDiv :  D=0x0000000000000000
3538000: system.cpu: T0 : 0x1060a    : sd a5, -64(s0)             : MemWrite :  D=0x0000000000000000 A=0x7ffffffffffffda0
3538500: system.cpu: T0 : 0x1060e    : c_j 96                     : IntAlu : 
3539500: system.cpu: T0 : 0x1066e    : ld a4, -32(s0)             : MemRead :  D=0x0000000000000002 A=0x7ffffffffffffdc0
3540500: system.cpu: T0 : 0x10672    : ld a5, -64(s0)             : MemRead :  D=0x0000000000000000 A=0x7ffffffffffffda0
3541000: system.cpu: T0 : 0x10676    : c_add a5, a4               : IntAlu :  D=0x0000000000000002
3541500: system.cpu: T0 : 0x10678    : sd a5, -32(s0)             : MemWrite :  D=0x0000000000000002 A=0x7ffffffffffffdc0
3542000: system.cpu: T0 : 0x1067c    : lw a5, -100(s0)            : MemRead :  D=0x000000000000002d A=0x7ffffffffffffd7c
3542500: system.cpu: T0 : 0x10680    : c_addiw a5, 1              : IntAlu :  D=0x000000000000002e
3543500: system.cpu: T0 : 0x10682    : sw a5, -100(s0)            : MemWrite :  D=0x000000000000002e A=0x7ffffffffffffd7c
3544500: system.cpu: T0 : 0x10686    : lw a5, -100(s0)            : MemRead :  D=0x000000000000002e A=0x7ffffffffffffd7c
3545500: system.cpu: T0 : 0x1068a    : addiw a4, a5, 0            : IntAlu :  D=0x000000000000002e
3546500: system.cpu: T0 : 0x1068e    : addi a5, zero, 100         : IntAlu :  D=0x0000000000000064
3547500: system.cpu: T0 : 0x10692    : bge a5, a4, -206           : IntAlu : 
3548000: system.cpu: T0 : 0x105c4    : ld a5, -128(s0)            : MemRead :  D=0x0000000000000001 A=0x7ffffffffffffd60
3548500: system.cpu: T0 : 0x105c8    : sub a4, zero, a5           : IntAlu :  D=0xffffffffffffffff
3549000: system.cpu: T0 : 0x105cc    : lw a5, -100(s0)            : MemRead :  D=0x000000000000002e A=0x7ffffffffffffd7c
3549500: system.cpu: T0 : 0x105d0    : div a5, a4, a5             : IntDiv :  D=0x0000000000000000
3550000: system.cpu: T0 : 0x105d4    : ld a4, -56(s0)             : MemRead :  D=0x0000000000000000 A=0x7ffffffffffffda8
3550500: system.cpu: T0 : 0x105d8    : mul a5, a4, a5             : IntMult :  D=0x0000000000000000
3551000: system.cpu: T0 : 0x105dc    : sd a5, -56(s0)             : MemWrite :  D=0x0000000000000000 A=0x7ffffffffffffda8
3551500: system.cpu: T0 : 0x105e0    : lw a4, -100(s0)            : MemRead :  D=0x000000000000002e A=0x7ffffffffffffd7c
3552000: system.cpu: T0 : 0x105e4    : lw a5, -92(s0)             : MemRead :  D=0x0000000000000031 A=0x7ffffffffffffd84
3552500: system.cpu: T0 : 0x105e8    : c_addiw a4, 0              : IntAlu :  D=0x000000000000002e
3553000: system.cpu: T0 : 0x105ea    : c_addiw a5, 0              : IntAlu :  D=0x0000000000000031
3553500: system.cpu: T0 : 0x105ec    : beq a4, a5, 36             : IntAlu : 
3554000: system.cpu: T0 : 0x105f0    : ld a5, -56(s0)             : MemRead :  D=0x0000000000000000 A=0x7ffffffffffffda8
3554500: system.cpu: T0 : 0x105f4    : sub a5, zero, a5           : IntAlu :  D=0x0000000000000000
3555000: system.cpu: T0 : 0x105f8    : lw a3, -100(s0)            : MemRead :  D=0x000000000000002e A=0x7ffffffffffffd7c
3555500: system.cpu: T0 : 0x105fc    : lw a4, -92(s0)             : MemRead :  D=0x0000000000000031 A=0x7ffffffffffffd84
3556000: system.cpu: T0 : 0x10600    : subw a4, a3, a4            : IntAlu :  D=0xfffffffffffffffd
3556500: system.cpu: T0 : 0x10604    : c_addiw a4, 0              : IntAlu :  D=0xfffffffffffffffd
3557500: system.cpu: T0 : 0x10606    : div a5, a5, a4             : IntDiv :  D=0x0000000000000000
3558500: system.cpu: T0 : 0x1060a    : sd a5, -64(s0)             : MemWrite :  D=0x0000000000000000 A=0x7ffffffffffffda0
3559000: system.cpu: T0 : 0x1060e    : c_j 96                     : IntAlu : 
3560000: system.cpu: T0 : 0x1066e    : ld a4, -32(s0)             : MemRead :  D=0x0000000000000002 A=0x7ffffffffffffdc0
3561000: system.cpu: T0 : 0x10672    : ld a5, -64(s0)             : MemRead :  D=0x0000000000000000 A=0x7ffffffffffffda0
3561500: system.cpu: T0 : 0x10676    : c_add a5, a4               : IntAlu :  D=0x0000000000000002
3562000: system.cpu: T0 : 0x10678    : sd a5, -32(s0)             : MemWrite :  D=0x0000000000000002 A=0x7ffffffffffffdc0
3562500: system.cpu: T0 : 0x1067c    : lw a5, -100(s0)            : MemRead :  D=0x000000000000002e A=0x7ffffffffffffd7c
3563000: system.cpu: T0 : 0x10680    : c_addiw a5, 1              : IntAlu :  D=0x000000000000002f
3564000: system.cpu: T0 : 0x10682    : sw a5, -100(s0)            : MemWrite :  D=0x000000000000002f A=0x7ffffffffffffd7c
3565000: system.cpu: T0 : 0x10686    : lw a5, -100(s0)            : MemRead :  D=0x000000000000002f A=0x7ffffffffffffd7c
3566000: system.cpu: T0 : 0x1068a    : addiw a4, a5, 0            : IntAlu :  D=0x000000000000002f
3567000: system.cpu: T0 : 0x1068e    : addi a5, zero, 100         : IntAlu :  D=0x0000000000000064
3568000: system.cpu: T0 : 0x10692    : bge a5, a4, -206           : IntAlu : 
3568500: system.cpu: T0 : 0x105c4    : ld a5, -128(s0)            : MemRead :  D=0x0000000000000001 A=0x7ffffffffffffd60
3569000: system.cpu: T0 : 0x105c8    : sub a4, zero, a5           : IntAlu :  D=0xffffffffffffffff
3569500: system.cpu: T0 : 0x105cc    : lw a5, -100(s0)            : MemRead :  D=0x000000000000002f A=0x7ffffffffffffd7c
3570000: system.cpu: T0 : 0x105d0    : div a5, a4, a5             : IntDiv :  D=0x0000000000000000
3570500: system.cpu: T0 : 0x105d4    : ld a4, -56(s0)             : MemRead :  D=0x0000000000000000 A=0x7ffffffffffffda8
3571000: system.cpu: T0 : 0x105d8    : mul a5, a4, a5             : IntMult :  D=0x0000000000000000
3571500: system.cpu: T0 : 0x105dc    : sd a5, -56(s0)             : MemWrite :  D=0x0000000000000000 A=0x7ffffffffffffda8
3572000: system.cpu: T0 : 0x105e0    : lw a4, -100(s0)            : MemRead :  D=0x000000000000002f A=0x7ffffffffffffd7c
3572500: system.cpu: T0 : 0x105e4    : lw a5, -92(s0)             : MemRead :  D=0x0000000000000031 A=0x7ffffffffffffd84
3573000: system.cpu: T0 : 0x105e8    : c_addiw a4, 0              : IntAlu :  D=0x000000000000002f
3573500: system.cpu: T0 : 0x105ea    : c_addiw a5, 0              : IntAlu :  D=0x0000000000000031
3574000: system.cpu: T0 : 0x105ec    : beq a4, a5, 36             : IntAlu : 
3574500: system.cpu: T0 : 0x105f0    : ld a5, -56(s0)             : MemRead :  D=0x0000000000000000 A=0x7ffffffffffffda8
3575000: system.cpu: T0 : 0x105f4    : sub a5, zero, a5           : IntAlu :  D=0x0000000000000000
3575500: system.cpu: T0 : 0x105f8    : lw a3, -100(s0)            : MemRead :  D=0x000000000000002f A=0x7ffffffffffffd7c
3576000: system.cpu: T0 : 0x105fc    : lw a4, -92(s0)             : MemRead :  D=0x0000000000000031 A=0x7ffffffffffffd84
3576500: system.cpu: T0 : 0x10600    : subw a4, a3, a4            : IntAlu :  D=0xfffffffffffffffe
3577000: system.cpu: T0 : 0x10604    : c_addiw a4, 0              : IntAlu :  D=0xfffffffffffffffe
3578000: system.cpu: T0 : 0x10606    : div a5, a5, a4             : IntDiv :  D=0x0000000000000000
3579000: system.cpu: T0 : 0x1060a    : sd a5, -64(s0)             : MemWrite :  D=0x0000000000000000 A=0x7ffffffffffffda0
3579500: system.cpu: T0 : 0x1060e    : c_j 96                     : IntAlu : 
3580500: system.cpu: T0 : 0x1066e    : ld a4, -32(s0)             : MemRead :  D=0x0000000000000002 A=0x7ffffffffffffdc0
3581500: system.cpu: T0 : 0x10672    : ld a5, -64(s0)             : MemRead :  D=0x0000000000000000 A=0x7ffffffffffffda0
3582000: system.cpu: T0 : 0x10676    : c_add a5, a4               : IntAlu :  D=0x0000000000000002
3582500: system.cpu: T0 : 0x10678    : sd a5, -32(s0)             : MemWrite :  D=0x0000000000000002 A=0x7ffffffffffffdc0
3583000: system.cpu: T0 : 0x1067c    : lw a5, -100(s0)            : MemRead :  D=0x000000000000002f A=0x7ffffffffffffd7c
3583500: system.cpu: T0 : 0x10680    : c_addiw a5, 1              : IntAlu :  D=0x0000000000000030
3584500: system.cpu: T0 : 0x10682    : sw a5, -100(s0)            : MemWrite :  D=0x0000000000000030 A=0x7ffffffffffffd7c
3585500: system.cpu: T0 : 0x10686    : lw a5, -100(s0)            : MemRead :  D=0x0000000000000030 A=0x7ffffffffffffd7c
3586500: system.cpu: T0 : 0x1068a    : addiw a4, a5, 0            : IntAlu :  D=0x0000000000000030
3587500: system.cpu: T0 : 0x1068e    : addi a5, zero, 100         : IntAlu :  D=0x0000000000000064
3588500: system.cpu: T0 : 0x10692    : bge a5, a4, -206           : IntAlu : 
3589000: system.cpu: T0 : 0x105c4    : ld a5, -128(s0)            : MemRead :  D=0x0000000000000001 A=0x7ffffffffffffd60
3589500: system.cpu: T0 : 0x105c8    : sub a4, zero, a5           : IntAlu :  D=0xffffffffffffffff
3590000: system.cpu: T0 : 0x105cc    : lw a5, -100(s0)            : MemRead :  D=0x0000000000000030 A=0x7ffffffffffffd7c
3590500: system.cpu: T0 : 0x105d0    : div a5, a4, a5             : IntDiv :  D=0x0000000000000000
3591000: system.cpu: T0 : 0x105d4    : ld a4, -56(s0)             : MemRead :  D=0x0000000000000000 A=0x7ffffffffffffda8
3591500: system.cpu: T0 : 0x105d8    : mul a5, a4, a5             : IntMult :  D=0x0000000000000000
3592000: system.cpu: T0 : 0x105dc    : sd a5, -56(s0)             : MemWrite :  D=0x0000000000000000 A=0x7ffffffffffffda8
3592500: system.cpu: T0 : 0x105e0    : lw a4, -100(s0)            : MemRead :  D=0x0000000000000030 A=0x7ffffffffffffd7c
3593000: system.cpu: T0 : 0x105e4    : lw a5, -92(s0)             : MemRead :  D=0x0000000000000031 A=0x7ffffffffffffd84
3593500: system.cpu: T0 : 0x105e8    : c_addiw a4, 0              : IntAlu :  D=0x0000000000000030
3594000: system.cpu: T0 : 0x105ea    : c_addiw a5, 0              : IntAlu :  D=0x0000000000000031
3594500: system.cpu: T0 : 0x105ec    : beq a4, a5, 36             : IntAlu : 
3595000: system.cpu: T0 : 0x105f0    : ld a5, -56(s0)             : MemRead :  D=0x0000000000000000 A=0x7ffffffffffffda8
3595500: system.cpu: T0 : 0x105f4    : sub a5, zero, a5           : IntAlu :  D=0x0000000000000000
3596000: system.cpu: T0 : 0x105f8    : lw a3, -100(s0)            : MemRead :  D=0x0000000000000030 A=0x7ffffffffffffd7c
3596500: system.cpu: T0 : 0x105fc    : lw a4, -92(s0)             : MemRead :  D=0x0000000000000031 A=0x7ffffffffffffd84
3597000: system.cpu: T0 : 0x10600    : subw a4, a3, a4            : IntAlu :  D=0xffffffffffffffff
3597500: system.cpu: T0 : 0x10604    : c_addiw a4, 0              : IntAlu :  D=0xffffffffffffffff
3598500: system.cpu: T0 : 0x10606    : div a5, a5, a4             : IntDiv :  D=0x0000000000000000
3599500: system.cpu: T0 : 0x1060a    : sd a5, -64(s0)             : MemWrite :  D=0x0000000000000000 A=0x7ffffffffffffda0
3600000: system.cpu: T0 : 0x1060e    : c_j 96                     : IntAlu : 
3601000: system.cpu: T0 : 0x1066e    : ld a4, -32(s0)             : MemRead :  D=0x0000000000000002 A=0x7ffffffffffffdc0
3602000: system.cpu: T0 : 0x10672    : ld a5, -64(s0)             : MemRead :  D=0x0000000000000000 A=0x7ffffffffffffda0
3602500: system.cpu: T0 : 0x10676    : c_add a5, a4               : IntAlu :  D=0x0000000000000002
3603000: system.cpu: T0 : 0x10678    : sd a5, -32(s0)             : MemWrite :  D=0x0000000000000002 A=0x7ffffffffffffdc0
3603500: system.cpu: T0 : 0x1067c    : lw a5, -100(s0)            : MemRead :  D=0x0000000000000030 A=0x7ffffffffffffd7c
3604000: system.cpu: T0 : 0x10680    : c_addiw a5, 1              : IntAlu :  D=0x0000000000000031
3605000: system.cpu: T0 : 0x10682    : sw a5, -100(s0)            : MemWrite :  D=0x0000000000000031 A=0x7ffffffffffffd7c
3606000: system.cpu: T0 : 0x10686    : lw a5, -100(s0)            : MemRead :  D=0x0000000000000031 A=0x7ffffffffffffd7c
3607000: system.cpu: T0 : 0x1068a    : addiw a4, a5, 0            : IntAlu :  D=0x0000000000000031
3608000: system.cpu: T0 : 0x1068e    : addi a5, zero, 100         : IntAlu :  D=0x0000000000000064
3609000: system.cpu: T0 : 0x10692    : bge a5, a4, -206           : IntAlu : 
3609500: system.cpu: T0 : 0x105c4    : ld a5, -128(s0)            : MemRead :  D=0x0000000000000001 A=0x7ffffffffffffd60
3610000: system.cpu: T0 : 0x105c8    : sub a4, zero, a5           : IntAlu :  D=0xffffffffffffffff
3610500: system.cpu: T0 : 0x105cc    : lw a5, -100(s0)            : MemRead :  D=0x0000000000000031 A=0x7ffffffffffffd7c
3611000: system.cpu: T0 : 0x105d0    : div a5, a4, a5             : IntDiv :  D=0x0000000000000000
3611500: system.cpu: T0 : 0x105d4    : ld a4, -56(s0)             : MemRead :  D=0x0000000000000000 A=0x7ffffffffffffda8
3612000: system.cpu: T0 : 0x105d8    : mul a5, a4, a5             : IntMult :  D=0x0000000000000000
3612500: system.cpu: T0 : 0x105dc    : sd a5, -56(s0)             : MemWrite :  D=0x0000000000000000 A=0x7ffffffffffffda8
3613000: system.cpu: T0 : 0x105e0    : lw a4, -100(s0)            : MemRead :  D=0x0000000000000031 A=0x7ffffffffffffd7c
3613500: system.cpu: T0 : 0x105e4    : lw a5, -92(s0)             : MemRead :  D=0x0000000000000031 A=0x7ffffffffffffd84
3614000: system.cpu: T0 : 0x105e8    : c_addiw a4, 0              : IntAlu :  D=0x0000000000000031
3614500: system.cpu: T0 : 0x105ea    : c_addiw a5, 0              : IntAlu :  D=0x0000000000000031
3615000: system.cpu: T0 : 0x105ec    : beq a4, a5, 36             : IntAlu : 
3615500: system.cpu: T0 : 0x10610    : addi a5, zero, 255         : IntAlu :  D=0x00000000000000ff
3616000: system.cpu: T0 : 0x10614    : sd a5, -40(s0)             : MemWrite :  D=0x00000000000000ff A=0x7ffffffffffffdb8
3616500: system.cpu: T0 : 0x10618    : c_li a5, 1                 : IntAlu :  D=0x0000000000000001
3617500: system.cpu: T0 : 0x1061a    : sw a5, -96(s0)             : MemWrite :  D=0x0000000000000001 A=0x7ffffffffffffd80
3618000: system.cpu: T0 : 0x1061e    : c_j 36                     : IntAlu : 
3619000: system.cpu: T0 : 0x10642    : lw a4, -96(s0)             : MemRead :  D=0x0000000000000001 A=0x7ffffffffffffd80
3620000: system.cpu: T0 : 0x10646    : lw a5, -92(s0)             : MemRead :  D=0x0000000000000031 A=0x7ffffffffffffd84
3620500: system.cpu: T0 : 0x1064a    : c_addiw a4, 0              : IntAlu :  D=0x0000000000000001
3621000: system.cpu: T0 : 0x1064c    : c_addiw a5, 0              : IntAlu :  D=0x0000000000000031
3622000: system.cpu: T0 : 0x1064e    : bge a5, a4, -46            : IntAlu : 
3622500: system.cpu: T0 : 0x10620    : lw a4, -96(s0)             : MemRead :  D=0x0000000000000001 A=0x7ffffffffffffd80
3623000: system.cpu: T0 : 0x10624    : lw a5, -92(s0)             : MemRead :  D=0x0000000000000031 A=0x7ffffffffffffd84
3623500: system.cpu: T0 : 0x10628    : c_addw a5, a4              : IntAlu :  D=0x0000000000000032
3624000: system.cpu: T0 : 0x1062a    : c_addiw a5, 0              : IntAlu :  D=0x0000000000000032
3624500: system.cpu: T0 : 0x1062c    : c_mv a4, a5                : IntAlu :  D=0x0000000000000032
3625500: system.cpu: T0 : 0x1062e    : ld a5, -40(s0)             : MemRead :  D=0x00000000000000ff A=0x7ffffffffffffdb8
3626000: system.cpu: T0 : 0x10632    : c_add a5, a4               : IntAlu :  D=0x0000000000000131
3626500: system.cpu: T0 : 0x10634    : sd a5, -40(s0)             : MemWrite :  D=0x0000000000000131 A=0x7ffffffffffffdb8
3627000: system.cpu: T0 : 0x10638    : lw a5, -96(s0)             : MemRead :  D=0x0000000000000001 A=0x7ffffffffffffd80
3627500: system.cpu: T0 : 0x1063c    : c_addiw a5, 1              : IntAlu :  D=0x0000000000000002
3628500: system.cpu: T0 : 0x1063e    : sw a5, -96(s0)             : MemWrite :  D=0x0000000000000002 A=0x7ffffffffffffd80
3629500: system.cpu: T0 : 0x10642    : lw a4, -96(s0)             : MemRead :  D=0x0000000000000002 A=0x7ffffffffffffd80
3630500: system.cpu: T0 : 0x10646    : lw a5, -92(s0)             : MemRead :  D=0x0000000000000031 A=0x7ffffffffffffd84
3631000: system.cpu: T0 : 0x1064a    : c_addiw a4, 0              : IntAlu :  D=0x0000000000000002
3631500: system.cpu: T0 : 0x1064c    : c_addiw a5, 0              : IntAlu :  D=0x0000000000000031
3632500: system.cpu: T0 : 0x1064e    : bge a5, a4, -46            : IntAlu : 
3633000: system.cpu: T0 : 0x10620    : lw a4, -96(s0)             : MemRead :  D=0x0000000000000002 A=0x7ffffffffffffd80
3633500: system.cpu: T0 : 0x10624    : lw a5, -92(s0)             : MemRead :  D=0x0000000000000031 A=0x7ffffffffffffd84
3634000: system.cpu: T0 : 0x10628    : c_addw a5, a4              : IntAlu :  D=0x0000000000000033
3634500: system.cpu: T0 : 0x1062a    : c_addiw a5, 0              : IntAlu :  D=0x0000000000000033
3635000: system.cpu: T0 : 0x1062c    : c_mv a4, a5                : IntAlu :  D=0x0000000000000033
3636000: system.cpu: T0 : 0x1062e    : ld a5, -40(s0)             : MemRead :  D=0x0000000000000131 A=0x7ffffffffffffdb8
3636500: system.cpu: T0 : 0x10632    : c_add a5, a4               : IntAlu :  D=0x0000000000000164
3637000: system.cpu: T0 : 0x10634    : sd a5, -40(s0)             : MemWrite :  D=0x0000000000000164 A=0x7ffffffffffffdb8
3637500: system.cpu: T0 : 0x10638    : lw a5, -96(s0)             : MemRead :  D=0x0000000000000002 A=0x7ffffffffffffd80
3638000: system.cpu: T0 : 0x1063c    : c_addiw a5, 1              : IntAlu :  D=0x0000000000000003
3639000: system.cpu: T0 : 0x1063e    : sw a5, -96(s0)             : MemWrite :  D=0x0000000000000003 A=0x7ffffffffffffd80
3640000: system.cpu: T0 : 0x10642    : lw a4, -96(s0)             : MemRead :  D=0x0000000000000003 A=0x7ffffffffffffd80
3641000: system.cpu: T0 : 0x10646    : lw a5, -92(s0)             : MemRead :  D=0x0000000000000031 A=0x7ffffffffffffd84
3641500: system.cpu: T0 : 0x1064a    : c_addiw a4, 0              : IntAlu :  D=0x0000000000000003
3642000: system.cpu: T0 : 0x1064c    : c_addiw a5, 0              : IntAlu :  D=0x0000000000000031
3643000: system.cpu: T0 : 0x1064e    : bge a5, a4, -46            : IntAlu : 
3643500: system.cpu: T0 : 0x10620    : lw a4, -96(s0)             : MemRead :  D=0x0000000000000003 A=0x7ffffffffffffd80
3644000: system.cpu: T0 : 0x10624    : lw a5, -92(s0)             : MemRead :  D=0x0000000000000031 A=0x7ffffffffffffd84
3644500: system.cpu: T0 : 0x10628    : c_addw a5, a4              : IntAlu :  D=0x0000000000000034
3645000: system.cpu: T0 : 0x1062a    : c_addiw a5, 0              : IntAlu :  D=0x0000000000000034
3645500: system.cpu: T0 : 0x1062c    : c_mv a4, a5                : IntAlu :  D=0x0000000000000034
3646500: system.cpu: T0 : 0x1062e    : ld a5, -40(s0)             : MemRead :  D=0x0000000000000164 A=0x7ffffffffffffdb8
3647000: system.cpu: T0 : 0x10632    : c_add a5, a4               : IntAlu :  D=0x0000000000000198
3647500: system.cpu: T0 : 0x10634    : sd a5, -40(s0)             : MemWrite :  D=0x0000000000000198 A=0x7ffffffffffffdb8
3648000: system.cpu: T0 : 0x10638    : lw a5, -96(s0)             : MemRead :  D=0x0000000000000003 A=0x7ffffffffffffd80
3648500: system.cpu: T0 : 0x1063c    : c_addiw a5, 1              : IntAlu :  D=0x0000000000000004
3649500: system.cpu: T0 : 0x1063e    : sw a5, -96(s0)             : MemWrite :  D=0x0000000000000004 A=0x7ffffffffffffd80
3650500: system.cpu: T0 : 0x10642    : lw a4, -96(s0)             : MemRead :  D=0x0000000000000004 A=0x7ffffffffffffd80
3651500: system.cpu: T0 : 0x10646    : lw a5, -92(s0)             : MemRead :  D=0x0000000000000031 A=0x7ffffffffffffd84
3652000: system.cpu: T0 : 0x1064a    : c_addiw a4, 0              : IntAlu :  D=0x0000000000000004
3652500: system.cpu: T0 : 0x1064c    : c_addiw a5, 0              : IntAlu :  D=0x0000000000000031
3653500: system.cpu: T0 : 0x1064e    : bge a5, a4, -46            : IntAlu : 
3654000: system.cpu: T0 : 0x10620    : lw a4, -96(s0)             : MemRead :  D=0x0000000000000004 A=0x7ffffffffffffd80
3654500: system.cpu: T0 : 0x10624    : lw a5, -92(s0)             : MemRead :  D=0x0000000000000031 A=0x7ffffffffffffd84
3655000: system.cpu: T0 : 0x10628    : c_addw a5, a4              : IntAlu :  D=0x0000000000000035
3655500: system.cpu: T0 : 0x1062a    : c_addiw a5, 0              : IntAlu :  D=0x0000000000000035
3656000: system.cpu: T0 : 0x1062c    : c_mv a4, a5                : IntAlu :  D=0x0000000000000035
3657000: system.cpu: T0 : 0x1062e    : ld a5, -40(s0)             : MemRead :  D=0x0000000000000198 A=0x7ffffffffffffdb8
3657500: system.cpu: T0 : 0x10632    : c_add a5, a4               : IntAlu :  D=0x00000000000001cd
3658000: system.cpu: T0 : 0x10634    : sd a5, -40(s0)             : MemWrite :  D=0x00000000000001cd A=0x7ffffffffffffdb8
3658500: system.cpu: T0 : 0x10638    : lw a5, -96(s0)             : MemRead :  D=0x0000000000000004 A=0x7ffffffffffffd80
3659000: system.cpu: T0 : 0x1063c    : c_addiw a5, 1              : IntAlu :  D=0x0000000000000005
3660000: system.cpu: T0 : 0x1063e    : sw a5, -96(s0)             : MemWrite :  D=0x0000000000000005 A=0x7ffffffffffffd80
3661000: system.cpu: T0 : 0x10642    : lw a4, -96(s0)             : MemRead :  D=0x0000000000000005 A=0x7ffffffffffffd80
3662000: system.cpu: T0 : 0x10646    : lw a5, -92(s0)             : MemRead :  D=0x0000000000000031 A=0x7ffffffffffffd84
3662500: system.cpu: T0 : 0x1064a    : c_addiw a4, 0              : IntAlu :  D=0x0000000000000005
3663000: system.cpu: T0 : 0x1064c    : c_addiw a5, 0              : IntAlu :  D=0x0000000000000031
3664000: system.cpu: T0 : 0x1064e    : bge a5, a4, -46            : IntAlu : 
3664500: system.cpu: T0 : 0x10620    : lw a4, -96(s0)             : MemRead :  D=0x0000000000000005 A=0x7ffffffffffffd80
3665000: system.cpu: T0 : 0x10624    : lw a5, -92(s0)             : MemRead :  D=0x0000000000000031 A=0x7ffffffffffffd84
3665500: system.cpu: T0 : 0x10628    : c_addw a5, a4              : IntAlu :  D=0x0000000000000036
3666000: system.cpu: T0 : 0x1062a    : c_addiw a5, 0              : IntAlu :  D=0x0000000000000036
3666500: system.cpu: T0 : 0x1062c    : c_mv a4, a5                : IntAlu :  D=0x0000000000000036
3667500: system.cpu: T0 : 0x1062e    : ld a5, -40(s0)             : MemRead :  D=0x00000000000001cd A=0x7ffffffffffffdb8
3668000: system.cpu: T0 : 0x10632    : c_add a5, a4               : IntAlu :  D=0x0000000000000203
3668500: system.cpu: T0 : 0x10634    : sd a5, -40(s0)             : MemWrite :  D=0x0000000000000203 A=0x7ffffffffffffdb8
3669000: system.cpu: T0 : 0x10638    : lw a5, -96(s0)             : MemRead :  D=0x0000000000000005 A=0x7ffffffffffffd80
3669500: system.cpu: T0 : 0x1063c    : c_addiw a5, 1              : IntAlu :  D=0x0000000000000006
3670500: system.cpu: T0 : 0x1063e    : sw a5, -96(s0)             : MemWrite :  D=0x0000000000000006 A=0x7ffffffffffffd80
3671500: system.cpu: T0 : 0x10642    : lw a4, -96(s0)             : MemRead :  D=0x0000000000000006 A=0x7ffffffffffffd80
3672500: system.cpu: T0 : 0x10646    : lw a5, -92(s0)             : MemRead :  D=0x0000000000000031 A=0x7ffffffffffffd84
3673000: system.cpu: T0 : 0x1064a    : c_addiw a4, 0              : IntAlu :  D=0x0000000000000006
3673500: system.cpu: T0 : 0x1064c    : c_addiw a5, 0              : IntAlu :  D=0x0000000000000031
3674500: system.cpu: T0 : 0x1064e    : bge a5, a4, -46            : IntAlu : 
3675000: system.cpu: T0 : 0x10620    : lw a4, -96(s0)             : MemRead :  D=0x0000000000000006 A=0x7ffffffffffffd80
3675500: system.cpu: T0 : 0x10624    : lw a5, -92(s0)             : MemRead :  D=0x0000000000000031 A=0x7ffffffffffffd84
3676000: system.cpu: T0 : 0x10628    : c_addw a5, a4              : IntAlu :  D=0x0000000000000037
3676500: system.cpu: T0 : 0x1062a    : c_addiw a5, 0              : IntAlu :  D=0x0000000000000037
3677000: system.cpu: T0 : 0x1062c    : c_mv a4, a5                : IntAlu :  D=0x0000000000000037
3678000: system.cpu: T0 : 0x1062e    : ld a5, -40(s0)             : MemRead :  D=0x0000000000000203 A=0x7ffffffffffffdb8
3678500: system.cpu: T0 : 0x10632    : c_add a5, a4               : IntAlu :  D=0x000000000000023a
3679000: system.cpu: T0 : 0x10634    : sd a5, -40(s0)             : MemWrite :  D=0x000000000000023a A=0x7ffffffffffffdb8
3679500: system.cpu: T0 : 0x10638    : lw a5, -96(s0)             : MemRead :  D=0x0000000000000006 A=0x7ffffffffffffd80
3680000: system.cpu: T0 : 0x1063c    : c_addiw a5, 1              : IntAlu :  D=0x0000000000000007
3681000: system.cpu: T0 : 0x1063e    : sw a5, -96(s0)             : MemWrite :  D=0x0000000000000007 A=0x7ffffffffffffd80
3682000: system.cpu: T0 : 0x10642    : lw a4, -96(s0)             : MemRead :  D=0x0000000000000007 A=0x7ffffffffffffd80
3683000: system.cpu: T0 : 0x10646    : lw a5, -92(s0)             : MemRead :  D=0x0000000000000031 A=0x7ffffffffffffd84
3683500: system.cpu: T0 : 0x1064a    : c_addiw a4, 0              : IntAlu :  D=0x0000000000000007
3684000: system.cpu: T0 : 0x1064c    : c_addiw a5, 0              : IntAlu :  D=0x0000000000000031
3685000: system.cpu: T0 : 0x1064e    : bge a5, a4, -46            : IntAlu : 
3685500: system.cpu: T0 : 0x10620    : lw a4, -96(s0)             : MemRead :  D=0x0000000000000007 A=0x7ffffffffffffd80
3686000: system.cpu: T0 : 0x10624    : lw a5, -92(s0)             : MemRead :  D=0x0000000000000031 A=0x7ffffffffffffd84
3686500: system.cpu: T0 : 0x10628    : c_addw a5, a4              : IntAlu :  D=0x0000000000000038
3687000: system.cpu: T0 : 0x1062a    : c_addiw a5, 0              : IntAlu :  D=0x0000000000000038
3687500: system.cpu: T0 : 0x1062c    : c_mv a4, a5                : IntAlu :  D=0x0000000000000038
3688500: system.cpu: T0 : 0x1062e    : ld a5, -40(s0)             : MemRead :  D=0x000000000000023a A=0x7ffffffffffffdb8
3689000: system.cpu: T0 : 0x10632    : c_add a5, a4               : IntAlu :  D=0x0000000000000272
3689500: system.cpu: T0 : 0x10634    : sd a5, -40(s0)             : MemWrite :  D=0x0000000000000272 A=0x7ffffffffffffdb8
3690000: system.cpu: T0 : 0x10638    : lw a5, -96(s0)             : MemRead :  D=0x0000000000000007 A=0x7ffffffffffffd80
3690500: system.cpu: T0 : 0x1063c    : c_addiw a5, 1              : IntAlu :  D=0x0000000000000008
3691500: system.cpu: T0 : 0x1063e    : sw a5, -96(s0)             : MemWrite :  D=0x0000000000000008 A=0x7ffffffffffffd80
3692500: system.cpu: T0 : 0x10642    : lw a4, -96(s0)             : MemRead :  D=0x0000000000000008 A=0x7ffffffffffffd80
3693500: system.cpu: T0 : 0x10646    : lw a5, -92(s0)             : MemRead :  D=0x0000000000000031 A=0x7ffffffffffffd84
3694000: system.cpu: T0 : 0x1064a    : c_addiw a4, 0              : IntAlu :  D=0x0000000000000008
3694500: system.cpu: T0 : 0x1064c    : c_addiw a5, 0              : IntAlu :  D=0x0000000000000031
3695500: system.cpu: T0 : 0x1064e    : bge a5, a4, -46            : IntAlu : 
3696000: system.cpu: T0 : 0x10620    : lw a4, -96(s0)             : MemRead :  D=0x0000000000000008 A=0x7ffffffffffffd80
3696500: system.cpu: T0 : 0x10624    : lw a5, -92(s0)             : MemRead :  D=0x0000000000000031 A=0x7ffffffffffffd84
3697000: system.cpu: T0 : 0x10628    : c_addw a5, a4              : IntAlu :  D=0x0000000000000039
3697500: system.cpu: T0 : 0x1062a    : c_addiw a5, 0              : IntAlu :  D=0x0000000000000039
3698000: system.cpu: T0 : 0x1062c    : c_mv a4, a5                : IntAlu :  D=0x0000000000000039
3699000: system.cpu: T0 : 0x1062e    : ld a5, -40(s0)             : MemRead :  D=0x0000000000000272 A=0x7ffffffffffffdb8
3699500: system.cpu: T0 : 0x10632    : c_add a5, a4               : IntAlu :  D=0x00000000000002ab
3700000: system.cpu: T0 : 0x10634    : sd a5, -40(s0)             : MemWrite :  D=0x00000000000002ab A=0x7ffffffffffffdb8
3700500: system.cpu: T0 : 0x10638    : lw a5, -96(s0)             : MemRead :  D=0x0000000000000008 A=0x7ffffffffffffd80
3701000: system.cpu: T0 : 0x1063c    : c_addiw a5, 1              : IntAlu :  D=0x0000000000000009
3702000: system.cpu: T0 : 0x1063e    : sw a5, -96(s0)             : MemWrite :  D=0x0000000000000009 A=0x7ffffffffffffd80
3703000: system.cpu: T0 : 0x10642    : lw a4, -96(s0)             : MemRead :  D=0x0000000000000009 A=0x7ffffffffffffd80
3704000: system.cpu: T0 : 0x10646    : lw a5, -92(s0)             : MemRead :  D=0x0000000000000031 A=0x7ffffffffffffd84
3704500: system.cpu: T0 : 0x1064a    : c_addiw a4, 0              : IntAlu :  D=0x0000000000000009
3705000: system.cpu: T0 : 0x1064c    : c_addiw a5, 0              : IntAlu :  D=0x0000000000000031
3706000: system.cpu: T0 : 0x1064e    : bge a5, a4, -46            : IntAlu : 
3706500: system.cpu: T0 : 0x10620    : lw a4, -96(s0)             : MemRead :  D=0x0000000000000009 A=0x7ffffffffffffd80
3707000: system.cpu: T0 : 0x10624    : lw a5, -92(s0)             : MemRead :  D=0x0000000000000031 A=0x7ffffffffffffd84
3707500: system.cpu: T0 : 0x10628    : c_addw a5, a4              : IntAlu :  D=0x000000000000003a
3708000: system.cpu: T0 : 0x1062a    : c_addiw a5, 0              : IntAlu :  D=0x000000000000003a
3708500: system.cpu: T0 : 0x1062c    : c_mv a4, a5                : IntAlu :  D=0x000000000000003a
3709500: system.cpu: T0 : 0x1062e    : ld a5, -40(s0)             : MemRead :  D=0x00000000000002ab A=0x7ffffffffffffdb8
3710000: system.cpu: T0 : 0x10632    : c_add a5, a4               : IntAlu :  D=0x00000000000002e5
3710500: system.cpu: T0 : 0x10634    : sd a5, -40(s0)             : MemWrite :  D=0x00000000000002e5 A=0x7ffffffffffffdb8
3711000: system.cpu: T0 : 0x10638    : lw a5, -96(s0)             : MemRead :  D=0x0000000000000009 A=0x7ffffffffffffd80
3711500: system.cpu: T0 : 0x1063c    : c_addiw a5, 1              : IntAlu :  D=0x000000000000000a
3712500: system.cpu: T0 : 0x1063e    : sw a5, -96(s0)             : MemWrite :  D=0x000000000000000a A=0x7ffffffffffffd80
3713500: system.cpu: T0 : 0x10642    : lw a4, -96(s0)             : MemRead :  D=0x000000000000000a A=0x7ffffffffffffd80
3714500: system.cpu: T0 : 0x10646    : lw a5, -92(s0)             : MemRead :  D=0x0000000000000031 A=0x7ffffffffffffd84
3715000: system.cpu: T0 : 0x1064a    : c_addiw a4, 0              : IntAlu :  D=0x000000000000000a
3715500: system.cpu: T0 : 0x1064c    : c_addiw a5, 0              : IntAlu :  D=0x0000000000000031
3716500: system.cpu: T0 : 0x1064e    : bge a5, a4, -46            : IntAlu : 
3717000: system.cpu: T0 : 0x10620    : lw a4, -96(s0)             : MemRead :  D=0x000000000000000a A=0x7ffffffffffffd80
3717500: system.cpu: T0 : 0x10624    : lw a5, -92(s0)             : MemRead :  D=0x0000000000000031 A=0x7ffffffffffffd84
3718000: system.cpu: T0 : 0x10628    : c_addw a5, a4              : IntAlu :  D=0x000000000000003b
3718500: system.cpu: T0 : 0x1062a    : c_addiw a5, 0              : IntAlu :  D=0x000000000000003b
3719000: system.cpu: T0 : 0x1062c    : c_mv a4, a5                : IntAlu :  D=0x000000000000003b
3720000: system.cpu: T0 : 0x1062e    : ld a5, -40(s0)             : MemRead :  D=0x00000000000002e5 A=0x7ffffffffffffdb8
3720500: system.cpu: T0 : 0x10632    : c_add a5, a4               : IntAlu :  D=0x0000000000000320
3721000: system.cpu: T0 : 0x10634    : sd a5, -40(s0)             : MemWrite :  D=0x0000000000000320 A=0x7ffffffffffffdb8
3721500: system.cpu: T0 : 0x10638    : lw a5, -96(s0)             : MemRead :  D=0x000000000000000a A=0x7ffffffffffffd80
3722000: system.cpu: T0 : 0x1063c    : c_addiw a5, 1              : IntAlu :  D=0x000000000000000b
3723000: system.cpu: T0 : 0x1063e    : sw a5, -96(s0)             : MemWrite :  D=0x000000000000000b A=0x7ffffffffffffd80
3724000: system.cpu: T0 : 0x10642    : lw a4, -96(s0)             : MemRead :  D=0x000000000000000b A=0x7ffffffffffffd80
3725000: system.cpu: T0 : 0x10646    : lw a5, -92(s0)             : MemRead :  D=0x0000000000000031 A=0x7ffffffffffffd84
3725500: system.cpu: T0 : 0x1064a    : c_addiw a4, 0              : IntAlu :  D=0x000000000000000b
3726000: system.cpu: T0 : 0x1064c    : c_addiw a5, 0              : IntAlu :  D=0x0000000000000031
3727000: system.cpu: T0 : 0x1064e    : bge a5, a4, -46            : IntAlu : 
3727500: system.cpu: T0 : 0x10620    : lw a4, -96(s0)             : MemRead :  D=0x000000000000000b A=0x7ffffffffffffd80
3728000: system.cpu: T0 : 0x10624    : lw a5, -92(s0)             : MemRead :  D=0x0000000000000031 A=0x7ffffffffffffd84
3728500: system.cpu: T0 : 0x10628    : c_addw a5, a4              : IntAlu :  D=0x000000000000003c
3729000: system.cpu: T0 : 0x1062a    : c_addiw a5, 0              : IntAlu :  D=0x000000000000003c
3729500: system.cpu: T0 : 0x1062c    : c_mv a4, a5                : IntAlu :  D=0x000000000000003c
3730500: system.cpu: T0 : 0x1062e    : ld a5, -40(s0)             : MemRead :  D=0x0000000000000320 A=0x7ffffffffffffdb8
3731000: system.cpu: T0 : 0x10632    : c_add a5, a4               : IntAlu :  D=0x000000000000035c
3731500: system.cpu: T0 : 0x10634    : sd a5, -40(s0)             : MemWrite :  D=0x000000000000035c A=0x7ffffffffffffdb8
3732000: system.cpu: T0 : 0x10638    : lw a5, -96(s0)             : MemRead :  D=0x000000000000000b A=0x7ffffffffffffd80
3732500: system.cpu: T0 : 0x1063c    : c_addiw a5, 1              : IntAlu :  D=0x000000000000000c
3733500: system.cpu: T0 : 0x1063e    : sw a5, -96(s0)             : MemWrite :  D=0x000000000000000c A=0x7ffffffffffffd80
3734500: system.cpu: T0 : 0x10642    : lw a4, -96(s0)             : MemRead :  D=0x000000000000000c A=0x7ffffffffffffd80
3735500: system.cpu: T0 : 0x10646    : lw a5, -92(s0)             : MemRead :  D=0x0000000000000031 A=0x7ffffffffffffd84
3736000: system.cpu: T0 : 0x1064a    : c_addiw a4, 0              : IntAlu :  D=0x000000000000000c
3736500: system.cpu: T0 : 0x1064c    : c_addiw a5, 0              : IntAlu :  D=0x0000000000000031
3737500: system.cpu: T0 : 0x1064e    : bge a5, a4, -46            : IntAlu : 
3738000: system.cpu: T0 : 0x10620    : lw a4, -96(s0)             : MemRead :  D=0x000000000000000c A=0x7ffffffffffffd80
3738500: system.cpu: T0 : 0x10624    : lw a5, -92(s0)             : MemRead :  D=0x0000000000000031 A=0x7ffffffffffffd84
3739000: system.cpu: T0 : 0x10628    : c_addw a5, a4              : IntAlu :  D=0x000000000000003d
3739500: system.cpu: T0 : 0x1062a    : c_addiw a5, 0              : IntAlu :  D=0x000000000000003d
3740000: system.cpu: T0 : 0x1062c    : c_mv a4, a5                : IntAlu :  D=0x000000000000003d
3741000: system.cpu: T0 : 0x1062e    : ld a5, -40(s0)             : MemRead :  D=0x000000000000035c A=0x7ffffffffffffdb8
3741500: system.cpu: T0 : 0x10632    : c_add a5, a4               : IntAlu :  D=0x0000000000000399
3742000: system.cpu: T0 : 0x10634    : sd a5, -40(s0)             : MemWrite :  D=0x0000000000000399 A=0x7ffffffffffffdb8
3742500: system.cpu: T0 : 0x10638    : lw a5, -96(s0)             : MemRead :  D=0x000000000000000c A=0x7ffffffffffffd80
3743000: system.cpu: T0 : 0x1063c    : c_addiw a5, 1              : IntAlu :  D=0x000000000000000d
3744000: system.cpu: T0 : 0x1063e    : sw a5, -96(s0)             : MemWrite :  D=0x000000000000000d A=0x7ffffffffffffd80
3745000: system.cpu: T0 : 0x10642    : lw a4, -96(s0)             : MemRead :  D=0x000000000000000d A=0x7ffffffffffffd80
3746000: system.cpu: T0 : 0x10646    : lw a5, -92(s0)             : MemRead :  D=0x0000000000000031 A=0x7ffffffffffffd84
3746500: system.cpu: T0 : 0x1064a    : c_addiw a4, 0              : IntAlu :  D=0x000000000000000d
3747000: system.cpu: T0 : 0x1064c    : c_addiw a5, 0              : IntAlu :  D=0x0000000000000031
3748000: system.cpu: T0 : 0x1064e    : bge a5, a4, -46            : IntAlu : 
3748500: system.cpu: T0 : 0x10620    : lw a4, -96(s0)             : MemRead :  D=0x000000000000000d A=0x7ffffffffffffd80
3749000: system.cpu: T0 : 0x10624    : lw a5, -92(s0)             : MemRead :  D=0x0000000000000031 A=0x7ffffffffffffd84
3749500: system.cpu: T0 : 0x10628    : c_addw a5, a4              : IntAlu :  D=0x000000000000003e
3750000: system.cpu: T0 : 0x1062a    : c_addiw a5, 0              : IntAlu :  D=0x000000000000003e
3750500: system.cpu: T0 : 0x1062c    : c_mv a4, a5                : IntAlu :  D=0x000000000000003e
3751500: system.cpu: T0 : 0x1062e    : ld a5, -40(s0)             : MemRead :  D=0x0000000000000399 A=0x7ffffffffffffdb8
3752000: system.cpu: T0 : 0x10632    : c_add a5, a4               : IntAlu :  D=0x00000000000003d7
3752500: system.cpu: T0 : 0x10634    : sd a5, -40(s0)             : MemWrite :  D=0x00000000000003d7 A=0x7ffffffffffffdb8
3753000: system.cpu: T0 : 0x10638    : lw a5, -96(s0)             : MemRead :  D=0x000000000000000d A=0x7ffffffffffffd80
3753500: system.cpu: T0 : 0x1063c    : c_addiw a5, 1              : IntAlu :  D=0x000000000000000e
3754500: system.cpu: T0 : 0x1063e    : sw a5, -96(s0)             : MemWrite :  D=0x000000000000000e A=0x7ffffffffffffd80
3755500: system.cpu: T0 : 0x10642    : lw a4, -96(s0)             : MemRead :  D=0x000000000000000e A=0x7ffffffffffffd80
3756500: system.cpu: T0 : 0x10646    : lw a5, -92(s0)             : MemRead :  D=0x0000000000000031 A=0x7ffffffffffffd84
3757000: system.cpu: T0 : 0x1064a    : c_addiw a4, 0              : IntAlu :  D=0x000000000000000e
3757500: system.cpu: T0 : 0x1064c    : c_addiw a5, 0              : IntAlu :  D=0x0000000000000031
3758500: system.cpu: T0 : 0x1064e    : bge a5, a4, -46            : IntAlu : 
3759000: system.cpu: T0 : 0x10620    : lw a4, -96(s0)             : MemRead :  D=0x000000000000000e A=0x7ffffffffffffd80
3759500: system.cpu: T0 : 0x10624    : lw a5, -92(s0)             : MemRead :  D=0x0000000000000031 A=0x7ffffffffffffd84
3760000: system.cpu: T0 : 0x10628    : c_addw a5, a4              : IntAlu :  D=0x000000000000003f
3760500: system.cpu: T0 : 0x1062a    : c_addiw a5, 0              : IntAlu :  D=0x000000000000003f
3761000: system.cpu: T0 : 0x1062c    : c_mv a4, a5                : IntAlu :  D=0x000000000000003f
3762000: system.cpu: T0 : 0x1062e    : ld a5, -40(s0)             : MemRead :  D=0x00000000000003d7 A=0x7ffffffffffffdb8
3762500: system.cpu: T0 : 0x10632    : c_add a5, a4               : IntAlu :  D=0x0000000000000416
3763000: system.cpu: T0 : 0x10634    : sd a5, -40(s0)             : MemWrite :  D=0x0000000000000416 A=0x7ffffffffffffdb8
3763500: system.cpu: T0 : 0x10638    : lw a5, -96(s0)             : MemRead :  D=0x000000000000000e A=0x7ffffffffffffd80
3764000: system.cpu: T0 : 0x1063c    : c_addiw a5, 1              : IntAlu :  D=0x000000000000000f
3765000: system.cpu: T0 : 0x1063e    : sw a5, -96(s0)             : MemWrite :  D=0x000000000000000f A=0x7ffffffffffffd80
3766000: system.cpu: T0 : 0x10642    : lw a4, -96(s0)             : MemRead :  D=0x000000000000000f A=0x7ffffffffffffd80
3767000: system.cpu: T0 : 0x10646    : lw a5, -92(s0)             : MemRead :  D=0x0000000000000031 A=0x7ffffffffffffd84
3767500: system.cpu: T0 : 0x1064a    : c_addiw a4, 0              : IntAlu :  D=0x000000000000000f
3768000: system.cpu: T0 : 0x1064c    : c_addiw a5, 0              : IntAlu :  D=0x0000000000000031
3769000: system.cpu: T0 : 0x1064e    : bge a5, a4, -46            : IntAlu : 
3769500: system.cpu: T0 : 0x10620    : lw a4, -96(s0)             : MemRead :  D=0x000000000000000f A=0x7ffffffffffffd80
3770000: system.cpu: T0 : 0x10624    : lw a5, -92(s0)             : MemRead :  D=0x0000000000000031 A=0x7ffffffffffffd84
3770500: system.cpu: T0 : 0x10628    : c_addw a5, a4              : IntAlu :  D=0x0000000000000040
3771000: system.cpu: T0 : 0x1062a    : c_addiw a5, 0              : IntAlu :  D=0x0000000000000040
3771500: system.cpu: T0 : 0x1062c    : c_mv a4, a5                : IntAlu :  D=0x0000000000000040
3772500: system.cpu: T0 : 0x1062e    : ld a5, -40(s0)             : MemRead :  D=0x0000000000000416 A=0x7ffffffffffffdb8
3773000: system.cpu: T0 : 0x10632    : c_add a5, a4               : IntAlu :  D=0x0000000000000456
3773500: system.cpu: T0 : 0x10634    : sd a5, -40(s0)             : MemWrite :  D=0x0000000000000456 A=0x7ffffffffffffdb8
3774000: system.cpu: T0 : 0x10638    : lw a5, -96(s0)             : MemRead :  D=0x000000000000000f A=0x7ffffffffffffd80
3774500: system.cpu: T0 : 0x1063c    : c_addiw a5, 1              : IntAlu :  D=0x0000000000000010
3775500: system.cpu: T0 : 0x1063e    : sw a5, -96(s0)             : MemWrite :  D=0x0000000000000010 A=0x7ffffffffffffd80
3776500: system.cpu: T0 : 0x10642    : lw a4, -96(s0)             : MemRead :  D=0x0000000000000010 A=0x7ffffffffffffd80
3777500: system.cpu: T0 : 0x10646    : lw a5, -92(s0)             : MemRead :  D=0x0000000000000031 A=0x7ffffffffffffd84
3778000: system.cpu: T0 : 0x1064a    : c_addiw a4, 0              : IntAlu :  D=0x0000000000000010
3778500: system.cpu: T0 : 0x1064c    : c_addiw a5, 0              : IntAlu :  D=0x0000000000000031
3779500: system.cpu: T0 : 0x1064e    : bge a5, a4, -46            : IntAlu : 
3780000: system.cpu: T0 : 0x10620    : lw a4, -96(s0)             : MemRead :  D=0x0000000000000010 A=0x7ffffffffffffd80
3780500: system.cpu: T0 : 0x10624    : lw a5, -92(s0)             : MemRead :  D=0x0000000000000031 A=0x7ffffffffffffd84
3781000: system.cpu: T0 : 0x10628    : c_addw a5, a4              : IntAlu :  D=0x0000000000000041
3781500: system.cpu: T0 : 0x1062a    : c_addiw a5, 0              : IntAlu :  D=0x0000000000000041
3782000: system.cpu: T0 : 0x1062c    : c_mv a4, a5                : IntAlu :  D=0x0000000000000041
3783000: system.cpu: T0 : 0x1062e    : ld a5, -40(s0)             : MemRead :  D=0x0000000000000456 A=0x7ffffffffffffdb8
3783500: system.cpu: T0 : 0x10632    : c_add a5, a4               : IntAlu :  D=0x0000000000000497
3784000: system.cpu: T0 : 0x10634    : sd a5, -40(s0)             : MemWrite :  D=0x0000000000000497 A=0x7ffffffffffffdb8
3784500: system.cpu: T0 : 0x10638    : lw a5, -96(s0)             : MemRead :  D=0x0000000000000010 A=0x7ffffffffffffd80
3785000: system.cpu: T0 : 0x1063c    : c_addiw a5, 1              : IntAlu :  D=0x0000000000000011
3786000: system.cpu: T0 : 0x1063e    : sw a5, -96(s0)             : MemWrite :  D=0x0000000000000011 A=0x7ffffffffffffd80
3787000: system.cpu: T0 : 0x10642    : lw a4, -96(s0)             : MemRead :  D=0x0000000000000011 A=0x7ffffffffffffd80
3788000: system.cpu: T0 : 0x10646    : lw a5, -92(s0)             : MemRead :  D=0x0000000000000031 A=0x7ffffffffffffd84
3788500: system.cpu: T0 : 0x1064a    : c_addiw a4, 0              : IntAlu :  D=0x0000000000000011
3789000: system.cpu: T0 : 0x1064c    : c_addiw a5, 0              : IntAlu :  D=0x0000000000000031
3790000: system.cpu: T0 : 0x1064e    : bge a5, a4, -46            : IntAlu : 
3790500: system.cpu: T0 : 0x10620    : lw a4, -96(s0)             : MemRead :  D=0x0000000000000011 A=0x7ffffffffffffd80
3791000: system.cpu: T0 : 0x10624    : lw a5, -92(s0)             : MemRead :  D=0x0000000000000031 A=0x7ffffffffffffd84
3791500: system.cpu: T0 : 0x10628    : c_addw a5, a4              : IntAlu :  D=0x0000000000000042
3792000: system.cpu: T0 : 0x1062a    : c_addiw a5, 0              : IntAlu :  D=0x0000000000000042
3792500: system.cpu: T0 : 0x1062c    : c_mv a4, a5                : IntAlu :  D=0x0000000000000042
3793500: system.cpu: T0 : 0x1062e    : ld a5, -40(s0)             : MemRead :  D=0x0000000000000497 A=0x7ffffffffffffdb8
3794000: system.cpu: T0 : 0x10632    : c_add a5, a4               : IntAlu :  D=0x00000000000004d9
3794500: system.cpu: T0 : 0x10634    : sd a5, -40(s0)             : MemWrite :  D=0x00000000000004d9 A=0x7ffffffffffffdb8
3795000: system.cpu: T0 : 0x10638    : lw a5, -96(s0)             : MemRead :  D=0x0000000000000011 A=0x7ffffffffffffd80
3795500: system.cpu: T0 : 0x1063c    : c_addiw a5, 1              : IntAlu :  D=0x0000000000000012
3796500: system.cpu: T0 : 0x1063e    : sw a5, -96(s0)             : MemWrite :  D=0x0000000000000012 A=0x7ffffffffffffd80
3797500: system.cpu: T0 : 0x10642    : lw a4, -96(s0)             : MemRead :  D=0x0000000000000012 A=0x7ffffffffffffd80
3798500: system.cpu: T0 : 0x10646    : lw a5, -92(s0)             : MemRead :  D=0x0000000000000031 A=0x7ffffffffffffd84
3799000: system.cpu: T0 : 0x1064a    : c_addiw a4, 0              : IntAlu :  D=0x0000000000000012
3799500: system.cpu: T0 : 0x1064c    : c_addiw a5, 0              : IntAlu :  D=0x0000000000000031
3800500: system.cpu: T0 : 0x1064e    : bge a5, a4, -46            : IntAlu : 
3801000: system.cpu: T0 : 0x10620    : lw a4, -96(s0)             : MemRead :  D=0x0000000000000012 A=0x7ffffffffffffd80
3801500: system.cpu: T0 : 0x10624    : lw a5, -92(s0)             : MemRead :  D=0x0000000000000031 A=0x7ffffffffffffd84
3802000: system.cpu: T0 : 0x10628    : c_addw a5, a4              : IntAlu :  D=0x0000000000000043
3802500: system.cpu: T0 : 0x1062a    : c_addiw a5, 0              : IntAlu :  D=0x0000000000000043
3803000: system.cpu: T0 : 0x1062c    : c_mv a4, a5                : IntAlu :  D=0x0000000000000043
3804000: system.cpu: T0 : 0x1062e    : ld a5, -40(s0)             : MemRead :  D=0x00000000000004d9 A=0x7ffffffffffffdb8
3804500: system.cpu: T0 : 0x10632    : c_add a5, a4               : IntAlu :  D=0x000000000000051c
3805000: system.cpu: T0 : 0x10634    : sd a5, -40(s0)             : MemWrite :  D=0x000000000000051c A=0x7ffffffffffffdb8
3805500: system.cpu: T0 : 0x10638    : lw a5, -96(s0)             : MemRead :  D=0x0000000000000012 A=0x7ffffffffffffd80
3806000: system.cpu: T0 : 0x1063c    : c_addiw a5, 1              : IntAlu :  D=0x0000000000000013
3807000: system.cpu: T0 : 0x1063e    : sw a5, -96(s0)             : MemWrite :  D=0x0000000000000013 A=0x7ffffffffffffd80
3808000: system.cpu: T0 : 0x10642    : lw a4, -96(s0)             : MemRead :  D=0x0000000000000013 A=0x7ffffffffffffd80
3809000: system.cpu: T0 : 0x10646    : lw a5, -92(s0)             : MemRead :  D=0x0000000000000031 A=0x7ffffffffffffd84
3809500: system.cpu: T0 : 0x1064a    : c_addiw a4, 0              : IntAlu :  D=0x0000000000000013
3810000: system.cpu: T0 : 0x1064c    : c_addiw a5, 0              : IntAlu :  D=0x0000000000000031
3811000: system.cpu: T0 : 0x1064e    : bge a5, a4, -46            : IntAlu : 
3811500: system.cpu: T0 : 0x10620    : lw a4, -96(s0)             : MemRead :  D=0x0000000000000013 A=0x7ffffffffffffd80
3812000: system.cpu: T0 : 0x10624    : lw a5, -92(s0)             : MemRead :  D=0x0000000000000031 A=0x7ffffffffffffd84
3812500: system.cpu: T0 : 0x10628    : c_addw a5, a4              : IntAlu :  D=0x0000000000000044
3813000: system.cpu: T0 : 0x1062a    : c_addiw a5, 0              : IntAlu :  D=0x0000000000000044
3813500: system.cpu: T0 : 0x1062c    : c_mv a4, a5                : IntAlu :  D=0x0000000000000044
3814500: system.cpu: T0 : 0x1062e    : ld a5, -40(s0)             : MemRead :  D=0x000000000000051c A=0x7ffffffffffffdb8
3815000: system.cpu: T0 : 0x10632    : c_add a5, a4               : IntAlu :  D=0x0000000000000560
3815500: system.cpu: T0 : 0x10634    : sd a5, -40(s0)             : MemWrite :  D=0x0000000000000560 A=0x7ffffffffffffdb8
3816000: system.cpu: T0 : 0x10638    : lw a5, -96(s0)             : MemRead :  D=0x0000000000000013 A=0x7ffffffffffffd80
3816500: system.cpu: T0 : 0x1063c    : c_addiw a5, 1              : IntAlu :  D=0x0000000000000014
3817500: system.cpu: T0 : 0x1063e    : sw a5, -96(s0)             : MemWrite :  D=0x0000000000000014 A=0x7ffffffffffffd80
3818500: system.cpu: T0 : 0x10642    : lw a4, -96(s0)             : MemRead :  D=0x0000000000000014 A=0x7ffffffffffffd80
3819500: system.cpu: T0 : 0x10646    : lw a5, -92(s0)             : MemRead :  D=0x0000000000000031 A=0x7ffffffffffffd84
3820000: system.cpu: T0 : 0x1064a    : c_addiw a4, 0              : IntAlu :  D=0x0000000000000014
3820500: system.cpu: T0 : 0x1064c    : c_addiw a5, 0              : IntAlu :  D=0x0000000000000031
3821500: system.cpu: T0 : 0x1064e    : bge a5, a4, -46            : IntAlu : 
3822000: system.cpu: T0 : 0x10620    : lw a4, -96(s0)             : MemRead :  D=0x0000000000000014 A=0x7ffffffffffffd80
3822500: system.cpu: T0 : 0x10624    : lw a5, -92(s0)             : MemRead :  D=0x0000000000000031 A=0x7ffffffffffffd84
3823000: system.cpu: T0 : 0x10628    : c_addw a5, a4              : IntAlu :  D=0x0000000000000045
3823500: system.cpu: T0 : 0x1062a    : c_addiw a5, 0              : IntAlu :  D=0x0000000000000045
3824000: system.cpu: T0 : 0x1062c    : c_mv a4, a5                : IntAlu :  D=0x0000000000000045
3825000: system.cpu: T0 : 0x1062e    : ld a5, -40(s0)             : MemRead :  D=0x0000000000000560 A=0x7ffffffffffffdb8
3825500: system.cpu: T0 : 0x10632    : c_add a5, a4               : IntAlu :  D=0x00000000000005a5
3826000: system.cpu: T0 : 0x10634    : sd a5, -40(s0)             : MemWrite :  D=0x00000000000005a5 A=0x7ffffffffffffdb8
3826500: system.cpu: T0 : 0x10638    : lw a5, -96(s0)             : MemRead :  D=0x0000000000000014 A=0x7ffffffffffffd80
3827000: system.cpu: T0 : 0x1063c    : c_addiw a5, 1              : IntAlu :  D=0x0000000000000015
3828000: system.cpu: T0 : 0x1063e    : sw a5, -96(s0)             : MemWrite :  D=0x0000000000000015 A=0x7ffffffffffffd80
3829000: system.cpu: T0 : 0x10642    : lw a4, -96(s0)             : MemRead :  D=0x0000000000000015 A=0x7ffffffffffffd80
3830000: system.cpu: T0 : 0x10646    : lw a5, -92(s0)             : MemRead :  D=0x0000000000000031 A=0x7ffffffffffffd84
3830500: system.cpu: T0 : 0x1064a    : c_addiw a4, 0              : IntAlu :  D=0x0000000000000015
3831000: system.cpu: T0 : 0x1064c    : c_addiw a5, 0              : IntAlu :  D=0x0000000000000031
3832000: system.cpu: T0 : 0x1064e    : bge a5, a4, -46            : IntAlu : 
3832500: system.cpu: T0 : 0x10620    : lw a4, -96(s0)             : MemRead :  D=0x0000000000000015 A=0x7ffffffffffffd80
3833000: system.cpu: T0 : 0x10624    : lw a5, -92(s0)             : MemRead :  D=0x0000000000000031 A=0x7ffffffffffffd84
3833500: system.cpu: T0 : 0x10628    : c_addw a5, a4              : IntAlu :  D=0x0000000000000046
3834000: system.cpu: T0 : 0x1062a    : c_addiw a5, 0              : IntAlu :  D=0x0000000000000046
3834500: system.cpu: T0 : 0x1062c    : c_mv a4, a5                : IntAlu :  D=0x0000000000000046
3835500: system.cpu: T0 : 0x1062e    : ld a5, -40(s0)             : MemRead :  D=0x00000000000005a5 A=0x7ffffffffffffdb8
3836000: system.cpu: T0 : 0x10632    : c_add a5, a4               : IntAlu :  D=0x00000000000005eb
3836500: system.cpu: T0 : 0x10634    : sd a5, -40(s0)             : MemWrite :  D=0x00000000000005eb A=0x7ffffffffffffdb8
3837000: system.cpu: T0 : 0x10638    : lw a5, -96(s0)             : MemRead :  D=0x0000000000000015 A=0x7ffffffffffffd80
3837500: system.cpu: T0 : 0x1063c    : c_addiw a5, 1              : IntAlu :  D=0x0000000000000016
3838500: system.cpu: T0 : 0x1063e    : sw a5, -96(s0)             : MemWrite :  D=0x0000000000000016 A=0x7ffffffffffffd80
3839500: system.cpu: T0 : 0x10642    : lw a4, -96(s0)             : MemRead :  D=0x0000000000000016 A=0x7ffffffffffffd80
3840500: system.cpu: T0 : 0x10646    : lw a5, -92(s0)             : MemRead :  D=0x0000000000000031 A=0x7ffffffffffffd84
3841000: system.cpu: T0 : 0x1064a    : c_addiw a4, 0              : IntAlu :  D=0x0000000000000016
3841500: system.cpu: T0 : 0x1064c    : c_addiw a5, 0              : IntAlu :  D=0x0000000000000031
3842500: system.cpu: T0 : 0x1064e    : bge a5, a4, -46            : IntAlu : 
3843000: system.cpu: T0 : 0x10620    : lw a4, -96(s0)             : MemRead :  D=0x0000000000000016 A=0x7ffffffffffffd80
3843500: system.cpu: T0 : 0x10624    : lw a5, -92(s0)             : MemRead :  D=0x0000000000000031 A=0x7ffffffffffffd84
3844000: system.cpu: T0 : 0x10628    : c_addw a5, a4              : IntAlu :  D=0x0000000000000047
3844500: system.cpu: T0 : 0x1062a    : c_addiw a5, 0              : IntAlu :  D=0x0000000000000047
3845000: system.cpu: T0 : 0x1062c    : c_mv a4, a5                : IntAlu :  D=0x0000000000000047
3846000: system.cpu: T0 : 0x1062e    : ld a5, -40(s0)             : MemRead :  D=0x00000000000005eb A=0x7ffffffffffffdb8
3846500: system.cpu: T0 : 0x10632    : c_add a5, a4               : IntAlu :  D=0x0000000000000632
3847000: system.cpu: T0 : 0x10634    : sd a5, -40(s0)             : MemWrite :  D=0x0000000000000632 A=0x7ffffffffffffdb8
3847500: system.cpu: T0 : 0x10638    : lw a5, -96(s0)             : MemRead :  D=0x0000000000000016 A=0x7ffffffffffffd80
3848000: system.cpu: T0 : 0x1063c    : c_addiw a5, 1              : IntAlu :  D=0x0000000000000017
3849000: system.cpu: T0 : 0x1063e    : sw a5, -96(s0)             : MemWrite :  D=0x0000000000000017 A=0x7ffffffffffffd80
3850000: system.cpu: T0 : 0x10642    : lw a4, -96(s0)             : MemRead :  D=0x0000000000000017 A=0x7ffffffffffffd80
3851000: system.cpu: T0 : 0x10646    : lw a5, -92(s0)             : MemRead :  D=0x0000000000000031 A=0x7ffffffffffffd84
3851500: system.cpu: T0 : 0x1064a    : c_addiw a4, 0              : IntAlu :  D=0x0000000000000017
3852000: system.cpu: T0 : 0x1064c    : c_addiw a5, 0              : IntAlu :  D=0x0000000000000031
3853000: system.cpu: T0 : 0x1064e    : bge a5, a4, -46            : IntAlu : 
3853500: system.cpu: T0 : 0x10620    : lw a4, -96(s0)             : MemRead :  D=0x0000000000000017 A=0x7ffffffffffffd80
3854000: system.cpu: T0 : 0x10624    : lw a5, -92(s0)             : MemRead :  D=0x0000000000000031 A=0x7ffffffffffffd84
3854500: system.cpu: T0 : 0x10628    : c_addw a5, a4              : IntAlu :  D=0x0000000000000048
3855000: system.cpu: T0 : 0x1062a    : c_addiw a5, 0              : IntAlu :  D=0x0000000000000048
3855500: system.cpu: T0 : 0x1062c    : c_mv a4, a5                : IntAlu :  D=0x0000000000000048
3856500: system.cpu: T0 : 0x1062e    : ld a5, -40(s0)             : MemRead :  D=0x0000000000000632 A=0x7ffffffffffffdb8
3857000: system.cpu: T0 : 0x10632    : c_add a5, a4               : IntAlu :  D=0x000000000000067a
3857500: system.cpu: T0 : 0x10634    : sd a5, -40(s0)             : MemWrite :  D=0x000000000000067a A=0x7ffffffffffffdb8
3858000: system.cpu: T0 : 0x10638    : lw a5, -96(s0)             : MemRead :  D=0x0000000000000017 A=0x7ffffffffffffd80
3858500: system.cpu: T0 : 0x1063c    : c_addiw a5, 1              : IntAlu :  D=0x0000000000000018
3859500: system.cpu: T0 : 0x1063e    : sw a5, -96(s0)             : MemWrite :  D=0x0000000000000018 A=0x7ffffffffffffd80
3860500: system.cpu: T0 : 0x10642    : lw a4, -96(s0)             : MemRead :  D=0x0000000000000018 A=0x7ffffffffffffd80
3861500: system.cpu: T0 : 0x10646    : lw a5, -92(s0)             : MemRead :  D=0x0000000000000031 A=0x7ffffffffffffd84
3862000: system.cpu: T0 : 0x1064a    : c_addiw a4, 0              : IntAlu :  D=0x0000000000000018
3862500: system.cpu: T0 : 0x1064c    : c_addiw a5, 0              : IntAlu :  D=0x0000000000000031
3863500: system.cpu: T0 : 0x1064e    : bge a5, a4, -46            : IntAlu : 
3864000: system.cpu: T0 : 0x10620    : lw a4, -96(s0)             : MemRead :  D=0x0000000000000018 A=0x7ffffffffffffd80
3864500: system.cpu: T0 : 0x10624    : lw a5, -92(s0)             : MemRead :  D=0x0000000000000031 A=0x7ffffffffffffd84
3865000: system.cpu: T0 : 0x10628    : c_addw a5, a4              : IntAlu :  D=0x0000000000000049
3865500: system.cpu: T0 : 0x1062a    : c_addiw a5, 0              : IntAlu :  D=0x0000000000000049
3866000: system.cpu: T0 : 0x1062c    : c_mv a4, a5                : IntAlu :  D=0x0000000000000049
3867000: system.cpu: T0 : 0x1062e    : ld a5, -40(s0)             : MemRead :  D=0x000000000000067a A=0x7ffffffffffffdb8
3867500: system.cpu: T0 : 0x10632    : c_add a5, a4               : IntAlu :  D=0x00000000000006c3
3868000: system.cpu: T0 : 0x10634    : sd a5, -40(s0)             : MemWrite :  D=0x00000000000006c3 A=0x7ffffffffffffdb8
3868500: system.cpu: T0 : 0x10638    : lw a5, -96(s0)             : MemRead :  D=0x0000000000000018 A=0x7ffffffffffffd80
3869000: system.cpu: T0 : 0x1063c    : c_addiw a5, 1              : IntAlu :  D=0x0000000000000019
3870000: system.cpu: T0 : 0x1063e    : sw a5, -96(s0)             : MemWrite :  D=0x0000000000000019 A=0x7ffffffffffffd80
3871000: system.cpu: T0 : 0x10642    : lw a4, -96(s0)             : MemRead :  D=0x0000000000000019 A=0x7ffffffffffffd80
3872000: system.cpu: T0 : 0x10646    : lw a5, -92(s0)             : MemRead :  D=0x0000000000000031 A=0x7ffffffffffffd84
3872500: system.cpu: T0 : 0x1064a    : c_addiw a4, 0              : IntAlu :  D=0x0000000000000019
3873000: system.cpu: T0 : 0x1064c    : c_addiw a5, 0              : IntAlu :  D=0x0000000000000031
3874000: system.cpu: T0 : 0x1064e    : bge a5, a4, -46            : IntAlu : 
3874500: system.cpu: T0 : 0x10620    : lw a4, -96(s0)             : MemRead :  D=0x0000000000000019 A=0x7ffffffffffffd80
3875000: system.cpu: T0 : 0x10624    : lw a5, -92(s0)             : MemRead :  D=0x0000000000000031 A=0x7ffffffffffffd84
3875500: system.cpu: T0 : 0x10628    : c_addw a5, a4              : IntAlu :  D=0x000000000000004a
3876000: system.cpu: T0 : 0x1062a    : c_addiw a5, 0              : IntAlu :  D=0x000000000000004a
3876500: system.cpu: T0 : 0x1062c    : c_mv a4, a5                : IntAlu :  D=0x000000000000004a
3877500: system.cpu: T0 : 0x1062e    : ld a5, -40(s0)             : MemRead :  D=0x00000000000006c3 A=0x7ffffffffffffdb8
3878000: system.cpu: T0 : 0x10632    : c_add a5, a4               : IntAlu :  D=0x000000000000070d
3878500: system.cpu: T0 : 0x10634    : sd a5, -40(s0)             : MemWrite :  D=0x000000000000070d A=0x7ffffffffffffdb8
3879000: system.cpu: T0 : 0x10638    : lw a5, -96(s0)             : MemRead :  D=0x0000000000000019 A=0x7ffffffffffffd80
3879500: system.cpu: T0 : 0x1063c    : c_addiw a5, 1              : IntAlu :  D=0x000000000000001a
3880500: system.cpu: T0 : 0x1063e    : sw a5, -96(s0)             : MemWrite :  D=0x000000000000001a A=0x7ffffffffffffd80
3881500: system.cpu: T0 : 0x10642    : lw a4, -96(s0)             : MemRead :  D=0x000000000000001a A=0x7ffffffffffffd80
3882500: system.cpu: T0 : 0x10646    : lw a5, -92(s0)             : MemRead :  D=0x0000000000000031 A=0x7ffffffffffffd84
3883000: system.cpu: T0 : 0x1064a    : c_addiw a4, 0              : IntAlu :  D=0x000000000000001a
3883500: system.cpu: T0 : 0x1064c    : c_addiw a5, 0              : IntAlu :  D=0x0000000000000031
3884500: system.cpu: T0 : 0x1064e    : bge a5, a4, -46            : IntAlu : 
3885000: system.cpu: T0 : 0x10620    : lw a4, -96(s0)             : MemRead :  D=0x000000000000001a A=0x7ffffffffffffd80
3885500: system.cpu: T0 : 0x10624    : lw a5, -92(s0)             : MemRead :  D=0x0000000000000031 A=0x7ffffffffffffd84
3886000: system.cpu: T0 : 0x10628    : c_addw a5, a4              : IntAlu :  D=0x000000000000004b
3886500: system.cpu: T0 : 0x1062a    : c_addiw a5, 0              : IntAlu :  D=0x000000000000004b
3887000: system.cpu: T0 : 0x1062c    : c_mv a4, a5                : IntAlu :  D=0x000000000000004b
3888000: system.cpu: T0 : 0x1062e    : ld a5, -40(s0)             : MemRead :  D=0x000000000000070d A=0x7ffffffffffffdb8
3888500: system.cpu: T0 : 0x10632    : c_add a5, a4               : IntAlu :  D=0x0000000000000758
3889000: system.cpu: T0 : 0x10634    : sd a5, -40(s0)             : MemWrite :  D=0x0000000000000758 A=0x7ffffffffffffdb8
3889500: system.cpu: T0 : 0x10638    : lw a5, -96(s0)             : MemRead :  D=0x000000000000001a A=0x7ffffffffffffd80
3890000: system.cpu: T0 : 0x1063c    : c_addiw a5, 1              : IntAlu :  D=0x000000000000001b
3891000: system.cpu: T0 : 0x1063e    : sw a5, -96(s0)             : MemWrite :  D=0x000000000000001b A=0x7ffffffffffffd80
3892000: system.cpu: T0 : 0x10642    : lw a4, -96(s0)             : MemRead :  D=0x000000000000001b A=0x7ffffffffffffd80
3893000: system.cpu: T0 : 0x10646    : lw a5, -92(s0)             : MemRead :  D=0x0000000000000031 A=0x7ffffffffffffd84
3893500: system.cpu: T0 : 0x1064a    : c_addiw a4, 0              : IntAlu :  D=0x000000000000001b
3894000: system.cpu: T0 : 0x1064c    : c_addiw a5, 0              : IntAlu :  D=0x0000000000000031
3895000: system.cpu: T0 : 0x1064e    : bge a5, a4, -46            : IntAlu : 
3895500: system.cpu: T0 : 0x10620    : lw a4, -96(s0)             : MemRead :  D=0x000000000000001b A=0x7ffffffffffffd80
3896000: system.cpu: T0 : 0x10624    : lw a5, -92(s0)             : MemRead :  D=0x0000000000000031 A=0x7ffffffffffffd84
3896500: system.cpu: T0 : 0x10628    : c_addw a5, a4              : IntAlu :  D=0x000000000000004c
3897000: system.cpu: T0 : 0x1062a    : c_addiw a5, 0              : IntAlu :  D=0x000000000000004c
3897500: system.cpu: T0 : 0x1062c    : c_mv a4, a5                : IntAlu :  D=0x000000000000004c
3898500: system.cpu: T0 : 0x1062e    : ld a5, -40(s0)             : MemRead :  D=0x0000000000000758 A=0x7ffffffffffffdb8
3899000: system.cpu: T0 : 0x10632    : c_add a5, a4               : IntAlu :  D=0x00000000000007a4
3899500: system.cpu: T0 : 0x10634    : sd a5, -40(s0)             : MemWrite :  D=0x00000000000007a4 A=0x7ffffffffffffdb8
3900000: system.cpu: T0 : 0x10638    : lw a5, -96(s0)             : MemRead :  D=0x000000000000001b A=0x7ffffffffffffd80
3900500: system.cpu: T0 : 0x1063c    : c_addiw a5, 1              : IntAlu :  D=0x000000000000001c
3901500: system.cpu: T0 : 0x1063e    : sw a5, -96(s0)             : MemWrite :  D=0x000000000000001c A=0x7ffffffffffffd80
3902500: system.cpu: T0 : 0x10642    : lw a4, -96(s0)             : MemRead :  D=0x000000000000001c A=0x7ffffffffffffd80
3903500: system.cpu: T0 : 0x10646    : lw a5, -92(s0)             : MemRead :  D=0x0000000000000031 A=0x7ffffffffffffd84
3904000: system.cpu: T0 : 0x1064a    : c_addiw a4, 0              : IntAlu :  D=0x000000000000001c
3904500: system.cpu: T0 : 0x1064c    : c_addiw a5, 0              : IntAlu :  D=0x0000000000000031
3905500: system.cpu: T0 : 0x1064e    : bge a5, a4, -46            : IntAlu : 
3906000: system.cpu: T0 : 0x10620    : lw a4, -96(s0)             : MemRead :  D=0x000000000000001c A=0x7ffffffffffffd80
3906500: system.cpu: T0 : 0x10624    : lw a5, -92(s0)             : MemRead :  D=0x0000000000000031 A=0x7ffffffffffffd84
3907000: system.cpu: T0 : 0x10628    : c_addw a5, a4              : IntAlu :  D=0x000000000000004d
3907500: system.cpu: T0 : 0x1062a    : c_addiw a5, 0              : IntAlu :  D=0x000000000000004d
3908000: system.cpu: T0 : 0x1062c    : c_mv a4, a5                : IntAlu :  D=0x000000000000004d
3909000: system.cpu: T0 : 0x1062e    : ld a5, -40(s0)             : MemRead :  D=0x00000000000007a4 A=0x7ffffffffffffdb8
3909500: system.cpu: T0 : 0x10632    : c_add a5, a4               : IntAlu :  D=0x00000000000007f1
3910000: system.cpu: T0 : 0x10634    : sd a5, -40(s0)             : MemWrite :  D=0x00000000000007f1 A=0x7ffffffffffffdb8
3910500: system.cpu: T0 : 0x10638    : lw a5, -96(s0)             : MemRead :  D=0x000000000000001c A=0x7ffffffffffffd80
3911000: system.cpu: T0 : 0x1063c    : c_addiw a5, 1              : IntAlu :  D=0x000000000000001d
3912000: system.cpu: T0 : 0x1063e    : sw a5, -96(s0)             : MemWrite :  D=0x000000000000001d A=0x7ffffffffffffd80
3913000: system.cpu: T0 : 0x10642    : lw a4, -96(s0)             : MemRead :  D=0x000000000000001d A=0x7ffffffffffffd80
3914000: system.cpu: T0 : 0x10646    : lw a5, -92(s0)             : MemRead :  D=0x0000000000000031 A=0x7ffffffffffffd84
3914500: system.cpu: T0 : 0x1064a    : c_addiw a4, 0              : IntAlu :  D=0x000000000000001d
3915000: system.cpu: T0 : 0x1064c    : c_addiw a5, 0              : IntAlu :  D=0x0000000000000031
3916000: system.cpu: T0 : 0x1064e    : bge a5, a4, -46            : IntAlu : 
3916500: system.cpu: T0 : 0x10620    : lw a4, -96(s0)             : MemRead :  D=0x000000000000001d A=0x7ffffffffffffd80
3917000: system.cpu: T0 : 0x10624    : lw a5, -92(s0)             : MemRead :  D=0x0000000000000031 A=0x7ffffffffffffd84
3917500: system.cpu: T0 : 0x10628    : c_addw a5, a4              : IntAlu :  D=0x000000000000004e
3918000: system.cpu: T0 : 0x1062a    : c_addiw a5, 0              : IntAlu :  D=0x000000000000004e
3918500: system.cpu: T0 : 0x1062c    : c_mv a4, a5                : IntAlu :  D=0x000000000000004e
3919500: system.cpu: T0 : 0x1062e    : ld a5, -40(s0)             : MemRead :  D=0x00000000000007f1 A=0x7ffffffffffffdb8
3920000: system.cpu: T0 : 0x10632    : c_add a5, a4               : IntAlu :  D=0x000000000000083f
3920500: system.cpu: T0 : 0x10634    : sd a5, -40(s0)             : MemWrite :  D=0x000000000000083f A=0x7ffffffffffffdb8
3921000: system.cpu: T0 : 0x10638    : lw a5, -96(s0)             : MemRead :  D=0x000000000000001d A=0x7ffffffffffffd80
3921500: system.cpu: T0 : 0x1063c    : c_addiw a5, 1              : IntAlu :  D=0x000000000000001e
3922500: system.cpu: T0 : 0x1063e    : sw a5, -96(s0)             : MemWrite :  D=0x000000000000001e A=0x7ffffffffffffd80
3923500: system.cpu: T0 : 0x10642    : lw a4, -96(s0)             : MemRead :  D=0x000000000000001e A=0x7ffffffffffffd80
3924500: system.cpu: T0 : 0x10646    : lw a5, -92(s0)             : MemRead :  D=0x0000000000000031 A=0x7ffffffffffffd84
3925000: system.cpu: T0 : 0x1064a    : c_addiw a4, 0              : IntAlu :  D=0x000000000000001e
3925500: system.cpu: T0 : 0x1064c    : c_addiw a5, 0              : IntAlu :  D=0x0000000000000031
3926500: system.cpu: T0 : 0x1064e    : bge a5, a4, -46            : IntAlu : 
3927000: system.cpu: T0 : 0x10620    : lw a4, -96(s0)             : MemRead :  D=0x000000000000001e A=0x7ffffffffffffd80
3927500: system.cpu: T0 : 0x10624    : lw a5, -92(s0)             : MemRead :  D=0x0000000000000031 A=0x7ffffffffffffd84
3928000: system.cpu: T0 : 0x10628    : c_addw a5, a4              : IntAlu :  D=0x000000000000004f
3928500: system.cpu: T0 : 0x1062a    : c_addiw a5, 0              : IntAlu :  D=0x000000000000004f
3929000: system.cpu: T0 : 0x1062c    : c_mv a4, a5                : IntAlu :  D=0x000000000000004f
3930000: system.cpu: T0 : 0x1062e    : ld a5, -40(s0)             : MemRead :  D=0x000000000000083f A=0x7ffffffffffffdb8
3930500: system.cpu: T0 : 0x10632    : c_add a5, a4               : IntAlu :  D=0x000000000000088e
3931000: system.cpu: T0 : 0x10634    : sd a5, -40(s0)             : MemWrite :  D=0x000000000000088e A=0x7ffffffffffffdb8
3931500: system.cpu: T0 : 0x10638    : lw a5, -96(s0)             : MemRead :  D=0x000000000000001e A=0x7ffffffffffffd80
3932000: system.cpu: T0 : 0x1063c    : c_addiw a5, 1              : IntAlu :  D=0x000000000000001f
3933000: system.cpu: T0 : 0x1063e    : sw a5, -96(s0)             : MemWrite :  D=0x000000000000001f A=0x7ffffffffffffd80
3934000: system.cpu: T0 : 0x10642    : lw a4, -96(s0)             : MemRead :  D=0x000000000000001f A=0x7ffffffffffffd80
3935000: system.cpu: T0 : 0x10646    : lw a5, -92(s0)             : MemRead :  D=0x0000000000000031 A=0x7ffffffffffffd84
3935500: system.cpu: T0 : 0x1064a    : c_addiw a4, 0              : IntAlu :  D=0x000000000000001f
3936000: system.cpu: T0 : 0x1064c    : c_addiw a5, 0              : IntAlu :  D=0x0000000000000031
3937000: system.cpu: T0 : 0x1064e    : bge a5, a4, -46            : IntAlu : 
3937500: system.cpu: T0 : 0x10620    : lw a4, -96(s0)             : MemRead :  D=0x000000000000001f A=0x7ffffffffffffd80
3938000: system.cpu: T0 : 0x10624    : lw a5, -92(s0)             : MemRead :  D=0x0000000000000031 A=0x7ffffffffffffd84
3938500: system.cpu: T0 : 0x10628    : c_addw a5, a4              : IntAlu :  D=0x0000000000000050
3939000: system.cpu: T0 : 0x1062a    : c_addiw a5, 0              : IntAlu :  D=0x0000000000000050
3939500: system.cpu: T0 : 0x1062c    : c_mv a4, a5                : IntAlu :  D=0x0000000000000050
3940500: system.cpu: T0 : 0x1062e    : ld a5, -40(s0)             : MemRead :  D=0x000000000000088e A=0x7ffffffffffffdb8
3941000: system.cpu: T0 : 0x10632    : c_add a5, a4               : IntAlu :  D=0x00000000000008de
3941500: system.cpu: T0 : 0x10634    : sd a5, -40(s0)             : MemWrite :  D=0x00000000000008de A=0x7ffffffffffffdb8
3942000: system.cpu: T0 : 0x10638    : lw a5, -96(s0)             : MemRead :  D=0x000000000000001f A=0x7ffffffffffffd80
3942500: system.cpu: T0 : 0x1063c    : c_addiw a5, 1              : IntAlu :  D=0x0000000000000020
3943500: system.cpu: T0 : 0x1063e    : sw a5, -96(s0)             : MemWrite :  D=0x0000000000000020 A=0x7ffffffffffffd80
3944500: system.cpu: T0 : 0x10642    : lw a4, -96(s0)             : MemRead :  D=0x0000000000000020 A=0x7ffffffffffffd80
3945500: system.cpu: T0 : 0x10646    : lw a5, -92(s0)             : MemRead :  D=0x0000000000000031 A=0x7ffffffffffffd84
3946000: system.cpu: T0 : 0x1064a    : c_addiw a4, 0              : IntAlu :  D=0x0000000000000020
3946500: system.cpu: T0 : 0x1064c    : c_addiw a5, 0              : IntAlu :  D=0x0000000000000031
3947500: system.cpu: T0 : 0x1064e    : bge a5, a4, -46            : IntAlu : 
3948000: system.cpu: T0 : 0x10620    : lw a4, -96(s0)             : MemRead :  D=0x0000000000000020 A=0x7ffffffffffffd80
3948500: system.cpu: T0 : 0x10624    : lw a5, -92(s0)             : MemRead :  D=0x0000000000000031 A=0x7ffffffffffffd84
3949000: system.cpu: T0 : 0x10628    : c_addw a5, a4              : IntAlu :  D=0x0000000000000051
3949500: system.cpu: T0 : 0x1062a    : c_addiw a5, 0              : IntAlu :  D=0x0000000000000051
3950000: system.cpu: T0 : 0x1062c    : c_mv a4, a5                : IntAlu :  D=0x0000000000000051
3951000: system.cpu: T0 : 0x1062e    : ld a5, -40(s0)             : MemRead :  D=0x00000000000008de A=0x7ffffffffffffdb8
3951500: system.cpu: T0 : 0x10632    : c_add a5, a4               : IntAlu :  D=0x000000000000092f
3952000: system.cpu: T0 : 0x10634    : sd a5, -40(s0)             : MemWrite :  D=0x000000000000092f A=0x7ffffffffffffdb8
3952500: system.cpu: T0 : 0x10638    : lw a5, -96(s0)             : MemRead :  D=0x0000000000000020 A=0x7ffffffffffffd80
3953000: system.cpu: T0 : 0x1063c    : c_addiw a5, 1              : IntAlu :  D=0x0000000000000021
3954000: system.cpu: T0 : 0x1063e    : sw a5, -96(s0)             : MemWrite :  D=0x0000000000000021 A=0x7ffffffffffffd80
3955000: system.cpu: T0 : 0x10642    : lw a4, -96(s0)             : MemRead :  D=0x0000000000000021 A=0x7ffffffffffffd80
3956000: system.cpu: T0 : 0x10646    : lw a5, -92(s0)             : MemRead :  D=0x0000000000000031 A=0x7ffffffffffffd84
3956500: system.cpu: T0 : 0x1064a    : c_addiw a4, 0              : IntAlu :  D=0x0000000000000021
3957000: system.cpu: T0 : 0x1064c    : c_addiw a5, 0              : IntAlu :  D=0x0000000000000031
3958000: system.cpu: T0 : 0x1064e    : bge a5, a4, -46            : IntAlu : 
3958500: system.cpu: T0 : 0x10620    : lw a4, -96(s0)             : MemRead :  D=0x0000000000000021 A=0x7ffffffffffffd80
3959000: system.cpu: T0 : 0x10624    : lw a5, -92(s0)             : MemRead :  D=0x0000000000000031 A=0x7ffffffffffffd84
3959500: system.cpu: T0 : 0x10628    : c_addw a5, a4              : IntAlu :  D=0x0000000000000052
3960000: system.cpu: T0 : 0x1062a    : c_addiw a5, 0              : IntAlu :  D=0x0000000000000052
3960500: system.cpu: T0 : 0x1062c    : c_mv a4, a5                : IntAlu :  D=0x0000000000000052
3961500: system.cpu: T0 : 0x1062e    : ld a5, -40(s0)             : MemRead :  D=0x000000000000092f A=0x7ffffffffffffdb8
3962000: system.cpu: T0 : 0x10632    : c_add a5, a4               : IntAlu :  D=0x0000000000000981
3962500: system.cpu: T0 : 0x10634    : sd a5, -40(s0)             : MemWrite :  D=0x0000000000000981 A=0x7ffffffffffffdb8
3963000: system.cpu: T0 : 0x10638    : lw a5, -96(s0)             : MemRead :  D=0x0000000000000021 A=0x7ffffffffffffd80
3963500: system.cpu: T0 : 0x1063c    : c_addiw a5, 1              : IntAlu :  D=0x0000000000000022
3964500: system.cpu: T0 : 0x1063e    : sw a5, -96(s0)             : MemWrite :  D=0x0000000000000022 A=0x7ffffffffffffd80
3965500: system.cpu: T0 : 0x10642    : lw a4, -96(s0)             : MemRead :  D=0x0000000000000022 A=0x7ffffffffffffd80
3966500: system.cpu: T0 : 0x10646    : lw a5, -92(s0)             : MemRead :  D=0x0000000000000031 A=0x7ffffffffffffd84
3967000: system.cpu: T0 : 0x1064a    : c_addiw a4, 0              : IntAlu :  D=0x0000000000000022
3967500: system.cpu: T0 : 0x1064c    : c_addiw a5, 0              : IntAlu :  D=0x0000000000000031
3968500: system.cpu: T0 : 0x1064e    : bge a5, a4, -46            : IntAlu : 
3969000: system.cpu: T0 : 0x10620    : lw a4, -96(s0)             : MemRead :  D=0x0000000000000022 A=0x7ffffffffffffd80
3969500: system.cpu: T0 : 0x10624    : lw a5, -92(s0)             : MemRead :  D=0x0000000000000031 A=0x7ffffffffffffd84
3970000: system.cpu: T0 : 0x10628    : c_addw a5, a4              : IntAlu :  D=0x0000000000000053
3970500: system.cpu: T0 : 0x1062a    : c_addiw a5, 0              : IntAlu :  D=0x0000000000000053
3971000: system.cpu: T0 : 0x1062c    : c_mv a4, a5                : IntAlu :  D=0x0000000000000053
3972000: system.cpu: T0 : 0x1062e    : ld a5, -40(s0)             : MemRead :  D=0x0000000000000981 A=0x7ffffffffffffdb8
3972500: system.cpu: T0 : 0x10632    : c_add a5, a4               : IntAlu :  D=0x00000000000009d4
3973000: system.cpu: T0 : 0x10634    : sd a5, -40(s0)             : MemWrite :  D=0x00000000000009d4 A=0x7ffffffffffffdb8
3973500: system.cpu: T0 : 0x10638    : lw a5, -96(s0)             : MemRead :  D=0x0000000000000022 A=0x7ffffffffffffd80
3974000: system.cpu: T0 : 0x1063c    : c_addiw a5, 1              : IntAlu :  D=0x0000000000000023
3975000: system.cpu: T0 : 0x1063e    : sw a5, -96(s0)             : MemWrite :  D=0x0000000000000023 A=0x7ffffffffffffd80
3976000: system.cpu: T0 : 0x10642    : lw a4, -96(s0)             : MemRead :  D=0x0000000000000023 A=0x7ffffffffffffd80
3977000: system.cpu: T0 : 0x10646    : lw a5, -92(s0)             : MemRead :  D=0x0000000000000031 A=0x7ffffffffffffd84
3977500: system.cpu: T0 : 0x1064a    : c_addiw a4, 0              : IntAlu :  D=0x0000000000000023
3978000: system.cpu: T0 : 0x1064c    : c_addiw a5, 0              : IntAlu :  D=0x0000000000000031
3979000: system.cpu: T0 : 0x1064e    : bge a5, a4, -46            : IntAlu : 
3979500: system.cpu: T0 : 0x10620    : lw a4, -96(s0)             : MemRead :  D=0x0000000000000023 A=0x7ffffffffffffd80
3980000: system.cpu: T0 : 0x10624    : lw a5, -92(s0)             : MemRead :  D=0x0000000000000031 A=0x7ffffffffffffd84
3980500: system.cpu: T0 : 0x10628    : c_addw a5, a4              : IntAlu :  D=0x0000000000000054
3981000: system.cpu: T0 : 0x1062a    : c_addiw a5, 0              : IntAlu :  D=0x0000000000000054
3981500: system.cpu: T0 : 0x1062c    : c_mv a4, a5                : IntAlu :  D=0x0000000000000054
3982500: system.cpu: T0 : 0x1062e    : ld a5, -40(s0)             : MemRead :  D=0x00000000000009d4 A=0x7ffffffffffffdb8
3983000: system.cpu: T0 : 0x10632    : c_add a5, a4               : IntAlu :  D=0x0000000000000a28
3983500: system.cpu: T0 : 0x10634    : sd a5, -40(s0)             : MemWrite :  D=0x0000000000000a28 A=0x7ffffffffffffdb8
3984000: system.cpu: T0 : 0x10638    : lw a5, -96(s0)             : MemRead :  D=0x0000000000000023 A=0x7ffffffffffffd80
3984500: system.cpu: T0 : 0x1063c    : c_addiw a5, 1              : IntAlu :  D=0x0000000000000024
3985500: system.cpu: T0 : 0x1063e    : sw a5, -96(s0)             : MemWrite :  D=0x0000000000000024 A=0x7ffffffffffffd80
3986500: system.cpu: T0 : 0x10642    : lw a4, -96(s0)             : MemRead :  D=0x0000000000000024 A=0x7ffffffffffffd80
3987500: system.cpu: T0 : 0x10646    : lw a5, -92(s0)             : MemRead :  D=0x0000000000000031 A=0x7ffffffffffffd84
3988000: system.cpu: T0 : 0x1064a    : c_addiw a4, 0              : IntAlu :  D=0x0000000000000024
3988500: system.cpu: T0 : 0x1064c    : c_addiw a5, 0              : IntAlu :  D=0x0000000000000031
3989500: system.cpu: T0 : 0x1064e    : bge a5, a4, -46            : IntAlu : 
3990000: system.cpu: T0 : 0x10620    : lw a4, -96(s0)             : MemRead :  D=0x0000000000000024 A=0x7ffffffffffffd80
3990500: system.cpu: T0 : 0x10624    : lw a5, -92(s0)             : MemRead :  D=0x0000000000000031 A=0x7ffffffffffffd84
3991000: system.cpu: T0 : 0x10628    : c_addw a5, a4              : IntAlu :  D=0x0000000000000055
3991500: system.cpu: T0 : 0x1062a    : c_addiw a5, 0              : IntAlu :  D=0x0000000000000055
3992000: system.cpu: T0 : 0x1062c    : c_mv a4, a5                : IntAlu :  D=0x0000000000000055
3993000: system.cpu: T0 : 0x1062e    : ld a5, -40(s0)             : MemRead :  D=0x0000000000000a28 A=0x7ffffffffffffdb8
3993500: system.cpu: T0 : 0x10632    : c_add a5, a4               : IntAlu :  D=0x0000000000000a7d
3994000: system.cpu: T0 : 0x10634    : sd a5, -40(s0)             : MemWrite :  D=0x0000000000000a7d A=0x7ffffffffffffdb8
3994500: system.cpu: T0 : 0x10638    : lw a5, -96(s0)             : MemRead :  D=0x0000000000000024 A=0x7ffffffffffffd80
3995000: system.cpu: T0 : 0x1063c    : c_addiw a5, 1              : IntAlu :  D=0x0000000000000025
3996000: system.cpu: T0 : 0x1063e    : sw a5, -96(s0)             : MemWrite :  D=0x0000000000000025 A=0x7ffffffffffffd80
3997000: system.cpu: T0 : 0x10642    : lw a4, -96(s0)             : MemRead :  D=0x0000000000000025 A=0x7ffffffffffffd80
3998000: system.cpu: T0 : 0x10646    : lw a5, -92(s0)             : MemRead :  D=0x0000000000000031 A=0x7ffffffffffffd84
3998500: system.cpu: T0 : 0x1064a    : c_addiw a4, 0              : IntAlu :  D=0x0000000000000025
3999000: system.cpu: T0 : 0x1064c    : c_addiw a5, 0              : IntAlu :  D=0x0000000000000031
4000000: system.cpu: T0 : 0x1064e    : bge a5, a4, -46            : IntAlu : 
4000500: system.cpu: T0 : 0x10620    : lw a4, -96(s0)             : MemRead :  D=0x0000000000000025 A=0x7ffffffffffffd80
4001000: system.cpu: T0 : 0x10624    : lw a5, -92(s0)             : MemRead :  D=0x0000000000000031 A=0x7ffffffffffffd84
4001500: system.cpu: T0 : 0x10628    : c_addw a5, a4              : IntAlu :  D=0x0000000000000056
4002000: system.cpu: T0 : 0x1062a    : c_addiw a5, 0              : IntAlu :  D=0x0000000000000056
4002500: system.cpu: T0 : 0x1062c    : c_mv a4, a5                : IntAlu :  D=0x0000000000000056
4003500: system.cpu: T0 : 0x1062e    : ld a5, -40(s0)             : MemRead :  D=0x0000000000000a7d A=0x7ffffffffffffdb8
4004000: system.cpu: T0 : 0x10632    : c_add a5, a4               : IntAlu :  D=0x0000000000000ad3
4004500: system.cpu: T0 : 0x10634    : sd a5, -40(s0)             : MemWrite :  D=0x0000000000000ad3 A=0x7ffffffffffffdb8
4005000: system.cpu: T0 : 0x10638    : lw a5, -96(s0)             : MemRead :  D=0x0000000000000025 A=0x7ffffffffffffd80
4005500: system.cpu: T0 : 0x1063c    : c_addiw a5, 1              : IntAlu :  D=0x0000000000000026
4006500: system.cpu: T0 : 0x1063e    : sw a5, -96(s0)             : MemWrite :  D=0x0000000000000026 A=0x7ffffffffffffd80
4007500: system.cpu: T0 : 0x10642    : lw a4, -96(s0)             : MemRead :  D=0x0000000000000026 A=0x7ffffffffffffd80
4008500: system.cpu: T0 : 0x10646    : lw a5, -92(s0)             : MemRead :  D=0x0000000000000031 A=0x7ffffffffffffd84
4009000: system.cpu: T0 : 0x1064a    : c_addiw a4, 0              : IntAlu :  D=0x0000000000000026
4009500: system.cpu: T0 : 0x1064c    : c_addiw a5, 0              : IntAlu :  D=0x0000000000000031
4010500: system.cpu: T0 : 0x1064e    : bge a5, a4, -46            : IntAlu : 
4011000: system.cpu: T0 : 0x10620    : lw a4, -96(s0)             : MemRead :  D=0x0000000000000026 A=0x7ffffffffffffd80
4011500: system.cpu: T0 : 0x10624    : lw a5, -92(s0)             : MemRead :  D=0x0000000000000031 A=0x7ffffffffffffd84
4012000: system.cpu: T0 : 0x10628    : c_addw a5, a4              : IntAlu :  D=0x0000000000000057
4012500: system.cpu: T0 : 0x1062a    : c_addiw a5, 0              : IntAlu :  D=0x0000000000000057
4013000: system.cpu: T0 : 0x1062c    : c_mv a4, a5                : IntAlu :  D=0x0000000000000057
4014000: system.cpu: T0 : 0x1062e    : ld a5, -40(s0)             : MemRead :  D=0x0000000000000ad3 A=0x7ffffffffffffdb8
4014500: system.cpu: T0 : 0x10632    : c_add a5, a4               : IntAlu :  D=0x0000000000000b2a
4015000: system.cpu: T0 : 0x10634    : sd a5, -40(s0)             : MemWrite :  D=0x0000000000000b2a A=0x7ffffffffffffdb8
4015500: system.cpu: T0 : 0x10638    : lw a5, -96(s0)             : MemRead :  D=0x0000000000000026 A=0x7ffffffffffffd80
4016000: system.cpu: T0 : 0x1063c    : c_addiw a5, 1              : IntAlu :  D=0x0000000000000027
4017000: system.cpu: T0 : 0x1063e    : sw a5, -96(s0)             : MemWrite :  D=0x0000000000000027 A=0x7ffffffffffffd80
4018000: system.cpu: T0 : 0x10642    : lw a4, -96(s0)             : MemRead :  D=0x0000000000000027 A=0x7ffffffffffffd80
4019000: system.cpu: T0 : 0x10646    : lw a5, -92(s0)             : MemRead :  D=0x0000000000000031 A=0x7ffffffffffffd84
4019500: system.cpu: T0 : 0x1064a    : c_addiw a4, 0              : IntAlu :  D=0x0000000000000027
4020000: system.cpu: T0 : 0x1064c    : c_addiw a5, 0              : IntAlu :  D=0x0000000000000031
4021000: system.cpu: T0 : 0x1064e    : bge a5, a4, -46            : IntAlu : 
4021500: system.cpu: T0 : 0x10620    : lw a4, -96(s0)             : MemRead :  D=0x0000000000000027 A=0x7ffffffffffffd80
4022000: system.cpu: T0 : 0x10624    : lw a5, -92(s0)             : MemRead :  D=0x0000000000000031 A=0x7ffffffffffffd84
4022500: system.cpu: T0 : 0x10628    : c_addw a5, a4              : IntAlu :  D=0x0000000000000058
4023000: system.cpu: T0 : 0x1062a    : c_addiw a5, 0              : IntAlu :  D=0x0000000000000058
4023500: system.cpu: T0 : 0x1062c    : c_mv a4, a5                : IntAlu :  D=0x0000000000000058
4024500: system.cpu: T0 : 0x1062e    : ld a5, -40(s0)             : MemRead :  D=0x0000000000000b2a A=0x7ffffffffffffdb8
4025000: system.cpu: T0 : 0x10632    : c_add a5, a4               : IntAlu :  D=0x0000000000000b82
4025500: system.cpu: T0 : 0x10634    : sd a5, -40(s0)             : MemWrite :  D=0x0000000000000b82 A=0x7ffffffffffffdb8
4026000: system.cpu: T0 : 0x10638    : lw a5, -96(s0)             : MemRead :  D=0x0000000000000027 A=0x7ffffffffffffd80
4026500: system.cpu: T0 : 0x1063c    : c_addiw a5, 1              : IntAlu :  D=0x0000000000000028
4027500: system.cpu: T0 : 0x1063e    : sw a5, -96(s0)             : MemWrite :  D=0x0000000000000028 A=0x7ffffffffffffd80
4028500: system.cpu: T0 : 0x10642    : lw a4, -96(s0)             : MemRead :  D=0x0000000000000028 A=0x7ffffffffffffd80
4029500: system.cpu: T0 : 0x10646    : lw a5, -92(s0)             : MemRead :  D=0x0000000000000031 A=0x7ffffffffffffd84
4030000: system.cpu: T0 : 0x1064a    : c_addiw a4, 0              : IntAlu :  D=0x0000000000000028
4030500: system.cpu: T0 : 0x1064c    : c_addiw a5, 0              : IntAlu :  D=0x0000000000000031
4031500: system.cpu: T0 : 0x1064e    : bge a5, a4, -46            : IntAlu : 
4032000: system.cpu: T0 : 0x10620    : lw a4, -96(s0)             : MemRead :  D=0x0000000000000028 A=0x7ffffffffffffd80
4032500: system.cpu: T0 : 0x10624    : lw a5, -92(s0)             : MemRead :  D=0x0000000000000031 A=0x7ffffffffffffd84
4033000: system.cpu: T0 : 0x10628    : c_addw a5, a4              : IntAlu :  D=0x0000000000000059
4033500: system.cpu: T0 : 0x1062a    : c_addiw a5, 0              : IntAlu :  D=0x0000000000000059
4034000: system.cpu: T0 : 0x1062c    : c_mv a4, a5                : IntAlu :  D=0x0000000000000059
4035000: system.cpu: T0 : 0x1062e    : ld a5, -40(s0)             : MemRead :  D=0x0000000000000b82 A=0x7ffffffffffffdb8
4035500: system.cpu: T0 : 0x10632    : c_add a5, a4               : IntAlu :  D=0x0000000000000bdb
4036000: system.cpu: T0 : 0x10634    : sd a5, -40(s0)             : MemWrite :  D=0x0000000000000bdb A=0x7ffffffffffffdb8
4036500: system.cpu: T0 : 0x10638    : lw a5, -96(s0)             : MemRead :  D=0x0000000000000028 A=0x7ffffffffffffd80
4037000: system.cpu: T0 : 0x1063c    : c_addiw a5, 1              : IntAlu :  D=0x0000000000000029
4038000: system.cpu: T0 : 0x1063e    : sw a5, -96(s0)             : MemWrite :  D=0x0000000000000029 A=0x7ffffffffffffd80
4039000: system.cpu: T0 : 0x10642    : lw a4, -96(s0)             : MemRead :  D=0x0000000000000029 A=0x7ffffffffffffd80
4040000: system.cpu: T0 : 0x10646    : lw a5, -92(s0)             : MemRead :  D=0x0000000000000031 A=0x7ffffffffffffd84
4040500: system.cpu: T0 : 0x1064a    : c_addiw a4, 0              : IntAlu :  D=0x0000000000000029
4041000: system.cpu: T0 : 0x1064c    : c_addiw a5, 0              : IntAlu :  D=0x0000000000000031
4042000: system.cpu: T0 : 0x1064e    : bge a5, a4, -46            : IntAlu : 
4042500: system.cpu: T0 : 0x10620    : lw a4, -96(s0)             : MemRead :  D=0x0000000000000029 A=0x7ffffffffffffd80
4043000: system.cpu: T0 : 0x10624    : lw a5, -92(s0)             : MemRead :  D=0x0000000000000031 A=0x7ffffffffffffd84
4043500: system.cpu: T0 : 0x10628    : c_addw a5, a4              : IntAlu :  D=0x000000000000005a
4044000: system.cpu: T0 : 0x1062a    : c_addiw a5, 0              : IntAlu :  D=0x000000000000005a
4044500: system.cpu: T0 : 0x1062c    : c_mv a4, a5                : IntAlu :  D=0x000000000000005a
4045500: system.cpu: T0 : 0x1062e    : ld a5, -40(s0)             : MemRead :  D=0x0000000000000bdb A=0x7ffffffffffffdb8
4046000: system.cpu: T0 : 0x10632    : c_add a5, a4               : IntAlu :  D=0x0000000000000c35
4046500: system.cpu: T0 : 0x10634    : sd a5, -40(s0)             : MemWrite :  D=0x0000000000000c35 A=0x7ffffffffffffdb8
4047000: system.cpu: T0 : 0x10638    : lw a5, -96(s0)             : MemRead :  D=0x0000000000000029 A=0x7ffffffffffffd80
4047500: system.cpu: T0 : 0x1063c    : c_addiw a5, 1              : IntAlu :  D=0x000000000000002a
4048500: system.cpu: T0 : 0x1063e    : sw a5, -96(s0)             : MemWrite :  D=0x000000000000002a A=0x7ffffffffffffd80
4049500: system.cpu: T0 : 0x10642    : lw a4, -96(s0)             : MemRead :  D=0x000000000000002a A=0x7ffffffffffffd80
4050500: system.cpu: T0 : 0x10646    : lw a5, -92(s0)             : MemRead :  D=0x0000000000000031 A=0x7ffffffffffffd84
4051000: system.cpu: T0 : 0x1064a    : c_addiw a4, 0              : IntAlu :  D=0x000000000000002a
4051500: system.cpu: T0 : 0x1064c    : c_addiw a5, 0              : IntAlu :  D=0x0000000000000031
4052500: system.cpu: T0 : 0x1064e    : bge a5, a4, -46            : IntAlu : 
4053000: system.cpu: T0 : 0x10620    : lw a4, -96(s0)             : MemRead :  D=0x000000000000002a A=0x7ffffffffffffd80
4053500: system.cpu: T0 : 0x10624    : lw a5, -92(s0)             : MemRead :  D=0x0000000000000031 A=0x7ffffffffffffd84
4054000: system.cpu: T0 : 0x10628    : c_addw a5, a4              : IntAlu :  D=0x000000000000005b
4054500: system.cpu: T0 : 0x1062a    : c_addiw a5, 0              : IntAlu :  D=0x000000000000005b
4055000: system.cpu: T0 : 0x1062c    : c_mv a4, a5                : IntAlu :  D=0x000000000000005b
4056000: system.cpu: T0 : 0x1062e    : ld a5, -40(s0)             : MemRead :  D=0x0000000000000c35 A=0x7ffffffffffffdb8
4056500: system.cpu: T0 : 0x10632    : c_add a5, a4               : IntAlu :  D=0x0000000000000c90
4057000: system.cpu: T0 : 0x10634    : sd a5, -40(s0)             : MemWrite :  D=0x0000000000000c90 A=0x7ffffffffffffdb8
4057500: system.cpu: T0 : 0x10638    : lw a5, -96(s0)             : MemRead :  D=0x000000000000002a A=0x7ffffffffffffd80
4058000: system.cpu: T0 : 0x1063c    : c_addiw a5, 1              : IntAlu :  D=0x000000000000002b
4059000: system.cpu: T0 : 0x1063e    : sw a5, -96(s0)             : MemWrite :  D=0x000000000000002b A=0x7ffffffffffffd80
4060000: system.cpu: T0 : 0x10642    : lw a4, -96(s0)             : MemRead :  D=0x000000000000002b A=0x7ffffffffffffd80
4061000: system.cpu: T0 : 0x10646    : lw a5, -92(s0)             : MemRead :  D=0x0000000000000031 A=0x7ffffffffffffd84
4061500: system.cpu: T0 : 0x1064a    : c_addiw a4, 0              : IntAlu :  D=0x000000000000002b
4062000: system.cpu: T0 : 0x1064c    : c_addiw a5, 0              : IntAlu :  D=0x0000000000000031
4063000: system.cpu: T0 : 0x1064e    : bge a5, a4, -46            : IntAlu : 
4063500: system.cpu: T0 : 0x10620    : lw a4, -96(s0)             : MemRead :  D=0x000000000000002b A=0x7ffffffffffffd80
4064000: system.cpu: T0 : 0x10624    : lw a5, -92(s0)             : MemRead :  D=0x0000000000000031 A=0x7ffffffffffffd84
4064500: system.cpu: T0 : 0x10628    : c_addw a5, a4              : IntAlu :  D=0x000000000000005c
4065000: system.cpu: T0 : 0x1062a    : c_addiw a5, 0              : IntAlu :  D=0x000000000000005c
4065500: system.cpu: T0 : 0x1062c    : c_mv a4, a5                : IntAlu :  D=0x000000000000005c
4066500: system.cpu: T0 : 0x1062e    : ld a5, -40(s0)             : MemRead :  D=0x0000000000000c90 A=0x7ffffffffffffdb8
4067000: system.cpu: T0 : 0x10632    : c_add a5, a4               : IntAlu :  D=0x0000000000000cec
4067500: system.cpu: T0 : 0x10634    : sd a5, -40(s0)             : MemWrite :  D=0x0000000000000cec A=0x7ffffffffffffdb8
4068000: system.cpu: T0 : 0x10638    : lw a5, -96(s0)             : MemRead :  D=0x000000000000002b A=0x7ffffffffffffd80
4068500: system.cpu: T0 : 0x1063c    : c_addiw a5, 1              : IntAlu :  D=0x000000000000002c
4069500: system.cpu: T0 : 0x1063e    : sw a5, -96(s0)             : MemWrite :  D=0x000000000000002c A=0x7ffffffffffffd80
4070500: system.cpu: T0 : 0x10642    : lw a4, -96(s0)             : MemRead :  D=0x000000000000002c A=0x7ffffffffffffd80
4071500: system.cpu: T0 : 0x10646    : lw a5, -92(s0)             : MemRead :  D=0x0000000000000031 A=0x7ffffffffffffd84
4072000: system.cpu: T0 : 0x1064a    : c_addiw a4, 0              : IntAlu :  D=0x000000000000002c
4072500: system.cpu: T0 : 0x1064c    : c_addiw a5, 0              : IntAlu :  D=0x0000000000000031
4073500: system.cpu: T0 : 0x1064e    : bge a5, a4, -46            : IntAlu : 
4074000: system.cpu: T0 : 0x10620    : lw a4, -96(s0)             : MemRead :  D=0x000000000000002c A=0x7ffffffffffffd80
4074500: system.cpu: T0 : 0x10624    : lw a5, -92(s0)             : MemRead :  D=0x0000000000000031 A=0x7ffffffffffffd84
4075000: system.cpu: T0 : 0x10628    : c_addw a5, a4              : IntAlu :  D=0x000000000000005d
4075500: system.cpu: T0 : 0x1062a    : c_addiw a5, 0              : IntAlu :  D=0x000000000000005d
4076000: system.cpu: T0 : 0x1062c    : c_mv a4, a5                : IntAlu :  D=0x000000000000005d
4077000: system.cpu: T0 : 0x1062e    : ld a5, -40(s0)             : MemRead :  D=0x0000000000000cec A=0x7ffffffffffffdb8
4077500: system.cpu: T0 : 0x10632    : c_add a5, a4               : IntAlu :  D=0x0000000000000d49
4078000: system.cpu: T0 : 0x10634    : sd a5, -40(s0)             : MemWrite :  D=0x0000000000000d49 A=0x7ffffffffffffdb8
4078500: system.cpu: T0 : 0x10638    : lw a5, -96(s0)             : MemRead :  D=0x000000000000002c A=0x7ffffffffffffd80
4079000: system.cpu: T0 : 0x1063c    : c_addiw a5, 1              : IntAlu :  D=0x000000000000002d
4080000: system.cpu: T0 : 0x1063e    : sw a5, -96(s0)             : MemWrite :  D=0x000000000000002d A=0x7ffffffffffffd80
4081000: system.cpu: T0 : 0x10642    : lw a4, -96(s0)             : MemRead :  D=0x000000000000002d A=0x7ffffffffffffd80
4082000: system.cpu: T0 : 0x10646    : lw a5, -92(s0)             : MemRead :  D=0x0000000000000031 A=0x7ffffffffffffd84
4082500: system.cpu: T0 : 0x1064a    : c_addiw a4, 0              : IntAlu :  D=0x000000000000002d
4083000: system.cpu: T0 : 0x1064c    : c_addiw a5, 0              : IntAlu :  D=0x0000000000000031
4084000: system.cpu: T0 : 0x1064e    : bge a5, a4, -46            : IntAlu : 
4084500: system.cpu: T0 : 0x10620    : lw a4, -96(s0)             : MemRead :  D=0x000000000000002d A=0x7ffffffffffffd80
4085000: system.cpu: T0 : 0x10624    : lw a5, -92(s0)             : MemRead :  D=0x0000000000000031 A=0x7ffffffffffffd84
4085500: system.cpu: T0 : 0x10628    : c_addw a5, a4              : IntAlu :  D=0x000000000000005e
4086000: system.cpu: T0 : 0x1062a    : c_addiw a5, 0              : IntAlu :  D=0x000000000000005e
4086500: system.cpu: T0 : 0x1062c    : c_mv a4, a5                : IntAlu :  D=0x000000000000005e
4087500: system.cpu: T0 : 0x1062e    : ld a5, -40(s0)             : MemRead :  D=0x0000000000000d49 A=0x7ffffffffffffdb8
4088000: system.cpu: T0 : 0x10632    : c_add a5, a4               : IntAlu :  D=0x0000000000000da7
4088500: system.cpu: T0 : 0x10634    : sd a5, -40(s0)             : MemWrite :  D=0x0000000000000da7 A=0x7ffffffffffffdb8
4089000: system.cpu: T0 : 0x10638    : lw a5, -96(s0)             : MemRead :  D=0x000000000000002d A=0x7ffffffffffffd80
4089500: system.cpu: T0 : 0x1063c    : c_addiw a5, 1              : IntAlu :  D=0x000000000000002e
4090500: system.cpu: T0 : 0x1063e    : sw a5, -96(s0)             : MemWrite :  D=0x000000000000002e A=0x7ffffffffffffd80
4091500: system.cpu: T0 : 0x10642    : lw a4, -96(s0)             : MemRead :  D=0x000000000000002e A=0x7ffffffffffffd80
4092500: system.cpu: T0 : 0x10646    : lw a5, -92(s0)             : MemRead :  D=0x0000000000000031 A=0x7ffffffffffffd84
4093000: system.cpu: T0 : 0x1064a    : c_addiw a4, 0              : IntAlu :  D=0x000000000000002e
4093500: system.cpu: T0 : 0x1064c    : c_addiw a5, 0              : IntAlu :  D=0x0000000000000031
4094500: system.cpu: T0 : 0x1064e    : bge a5, a4, -46            : IntAlu : 
4095000: system.cpu: T0 : 0x10620    : lw a4, -96(s0)             : MemRead :  D=0x000000000000002e A=0x7ffffffffffffd80
4095500: system.cpu: T0 : 0x10624    : lw a5, -92(s0)             : MemRead :  D=0x0000000000000031 A=0x7ffffffffffffd84
4096000: system.cpu: T0 : 0x10628    : c_addw a5, a4              : IntAlu :  D=0x000000000000005f
4096500: system.cpu: T0 : 0x1062a    : c_addiw a5, 0              : IntAlu :  D=0x000000000000005f
4097000: system.cpu: T0 : 0x1062c    : c_mv a4, a5                : IntAlu :  D=0x000000000000005f
4098000: system.cpu: T0 : 0x1062e    : ld a5, -40(s0)             : MemRead :  D=0x0000000000000da7 A=0x7ffffffffffffdb8
4098500: system.cpu: T0 : 0x10632    : c_add a5, a4               : IntAlu :  D=0x0000000000000e06
4099000: system.cpu: T0 : 0x10634    : sd a5, -40(s0)             : MemWrite :  D=0x0000000000000e06 A=0x7ffffffffffffdb8
4099500: system.cpu: T0 : 0x10638    : lw a5, -96(s0)             : MemRead :  D=0x000000000000002e A=0x7ffffffffffffd80
4100000: system.cpu: T0 : 0x1063c    : c_addiw a5, 1              : IntAlu :  D=0x000000000000002f
4101000: system.cpu: T0 : 0x1063e    : sw a5, -96(s0)             : MemWrite :  D=0x000000000000002f A=0x7ffffffffffffd80
4102000: system.cpu: T0 : 0x10642    : lw a4, -96(s0)             : MemRead :  D=0x000000000000002f A=0x7ffffffffffffd80
4103000: system.cpu: T0 : 0x10646    : lw a5, -92(s0)             : MemRead :  D=0x0000000000000031 A=0x7ffffffffffffd84
4103500: system.cpu: T0 : 0x1064a    : c_addiw a4, 0              : IntAlu :  D=0x000000000000002f
4104000: system.cpu: T0 : 0x1064c    : c_addiw a5, 0              : IntAlu :  D=0x0000000000000031
4105000: system.cpu: T0 : 0x1064e    : bge a5, a4, -46            : IntAlu : 
4105500: system.cpu: T0 : 0x10620    : lw a4, -96(s0)             : MemRead :  D=0x000000000000002f A=0x7ffffffffffffd80
4106000: system.cpu: T0 : 0x10624    : lw a5, -92(s0)             : MemRead :  D=0x0000000000000031 A=0x7ffffffffffffd84
4106500: system.cpu: T0 : 0x10628    : c_addw a5, a4              : IntAlu :  D=0x0000000000000060
4107000: system.cpu: T0 : 0x1062a    : c_addiw a5, 0              : IntAlu :  D=0x0000000000000060
4107500: system.cpu: T0 : 0x1062c    : c_mv a4, a5                : IntAlu :  D=0x0000000000000060
4108500: system.cpu: T0 : 0x1062e    : ld a5, -40(s0)             : MemRead :  D=0x0000000000000e06 A=0x7ffffffffffffdb8
4109000: system.cpu: T0 : 0x10632    : c_add a5, a4               : IntAlu :  D=0x0000000000000e66
4109500: system.cpu: T0 : 0x10634    : sd a5, -40(s0)             : MemWrite :  D=0x0000000000000e66 A=0x7ffffffffffffdb8
4110000: system.cpu: T0 : 0x10638    : lw a5, -96(s0)             : MemRead :  D=0x000000000000002f A=0x7ffffffffffffd80
4110500: system.cpu: T0 : 0x1063c    : c_addiw a5, 1              : IntAlu :  D=0x0000000000000030
4111500: system.cpu: T0 : 0x1063e    : sw a5, -96(s0)             : MemWrite :  D=0x0000000000000030 A=0x7ffffffffffffd80
4112500: system.cpu: T0 : 0x10642    : lw a4, -96(s0)             : MemRead :  D=0x0000000000000030 A=0x7ffffffffffffd80
4113500: system.cpu: T0 : 0x10646    : lw a5, -92(s0)             : MemRead :  D=0x0000000000000031 A=0x7ffffffffffffd84
4114000: system.cpu: T0 : 0x1064a    : c_addiw a4, 0              : IntAlu :  D=0x0000000000000030
4114500: system.cpu: T0 : 0x1064c    : c_addiw a5, 0              : IntAlu :  D=0x0000000000000031
4115500: system.cpu: T0 : 0x1064e    : bge a5, a4, -46            : IntAlu : 
4116000: system.cpu: T0 : 0x10620    : lw a4, -96(s0)             : MemRead :  D=0x0000000000000030 A=0x7ffffffffffffd80
4116500: system.cpu: T0 : 0x10624    : lw a5, -92(s0)             : MemRead :  D=0x0000000000000031 A=0x7ffffffffffffd84
4117000: system.cpu: T0 : 0x10628    : c_addw a5, a4              : IntAlu :  D=0x0000000000000061
4117500: system.cpu: T0 : 0x1062a    : c_addiw a5, 0              : IntAlu :  D=0x0000000000000061
4118000: system.cpu: T0 : 0x1062c    : c_mv a4, a5                : IntAlu :  D=0x0000000000000061
4119000: system.cpu: T0 : 0x1062e    : ld a5, -40(s0)             : MemRead :  D=0x0000000000000e66 A=0x7ffffffffffffdb8
4119500: system.cpu: T0 : 0x10632    : c_add a5, a4               : IntAlu :  D=0x0000000000000ec7
4120000: system.cpu: T0 : 0x10634    : sd a5, -40(s0)             : MemWrite :  D=0x0000000000000ec7 A=0x7ffffffffffffdb8
4120500: system.cpu: T0 : 0x10638    : lw a5, -96(s0)             : MemRead :  D=0x0000000000000030 A=0x7ffffffffffffd80
4121000: system.cpu: T0 : 0x1063c    : c_addiw a5, 1              : IntAlu :  D=0x0000000000000031
4122000: system.cpu: T0 : 0x1063e    : sw a5, -96(s0)             : MemWrite :  D=0x0000000000000031 A=0x7ffffffffffffd80
4123000: system.cpu: T0 : 0x10642    : lw a4, -96(s0)             : MemRead :  D=0x0000000000000031 A=0x7ffffffffffffd80
4124000: system.cpu: T0 : 0x10646    : lw a5, -92(s0)             : MemRead :  D=0x0000000000000031 A=0x7ffffffffffffd84
4124500: system.cpu: T0 : 0x1064a    : c_addiw a4, 0              : IntAlu :  D=0x0000000000000031
4125000: system.cpu: T0 : 0x1064c    : c_addiw a5, 0              : IntAlu :  D=0x0000000000000031
4126000: system.cpu: T0 : 0x1064e    : bge a5, a4, -46            : IntAlu : 
4126500: system.cpu: T0 : 0x10620    : lw a4, -96(s0)             : MemRead :  D=0x0000000000000031 A=0x7ffffffffffffd80
4127000: system.cpu: T0 : 0x10624    : lw a5, -92(s0)             : MemRead :  D=0x0000000000000031 A=0x7ffffffffffffd84
4127500: system.cpu: T0 : 0x10628    : c_addw a5, a4              : IntAlu :  D=0x0000000000000062
4128000: system.cpu: T0 : 0x1062a    : c_addiw a5, 0              : IntAlu :  D=0x0000000000000062
4128500: system.cpu: T0 : 0x1062c    : c_mv a4, a5                : IntAlu :  D=0x0000000000000062
4129500: system.cpu: T0 : 0x1062e    : ld a5, -40(s0)             : MemRead :  D=0x0000000000000ec7 A=0x7ffffffffffffdb8
4130000: system.cpu: T0 : 0x10632    : c_add a5, a4               : IntAlu :  D=0x0000000000000f29
4130500: system.cpu: T0 : 0x10634    : sd a5, -40(s0)             : MemWrite :  D=0x0000000000000f29 A=0x7ffffffffffffdb8
4131000: system.cpu: T0 : 0x10638    : lw a5, -96(s0)             : MemRead :  D=0x0000000000000031 A=0x7ffffffffffffd80
4131500: system.cpu: T0 : 0x1063c    : c_addiw a5, 1              : IntAlu :  D=0x0000000000000032
4132500: system.cpu: T0 : 0x1063e    : sw a5, -96(s0)             : MemWrite :  D=0x0000000000000032 A=0x7ffffffffffffd80
4133500: system.cpu: T0 : 0x10642    : lw a4, -96(s0)             : MemRead :  D=0x0000000000000032 A=0x7ffffffffffffd80
4134500: system.cpu: T0 : 0x10646    : lw a5, -92(s0)             : MemRead :  D=0x0000000000000031 A=0x7ffffffffffffd84
4135000: system.cpu: T0 : 0x1064a    : c_addiw a4, 0              : IntAlu :  D=0x0000000000000032
4135500: system.cpu: T0 : 0x1064c    : c_addiw a5, 0              : IntAlu :  D=0x0000000000000031
4136500: system.cpu: T0 : 0x1064e    : bge a5, a4, -46            : IntAlu : 
4137500: system.cpu: T0 : 0x10652    : ld a0, -128(s0)            : MemRead :  D=0x0000000000000001 A=0x7ffffffffffffd60
4138500: system.cpu: T0 : 0x10656    : jal ra, -520               : IntAlu :  D=0x000000000001065a
4139000: system.cpu: T0 : 0x1044e    : c_addi sp, -32             : IntAlu :  D=0x7ffffffffffffd40
4139500: system.cpu: T0 : 0x10450    : c_sdsp s0, 24(sp)          : MemWrite :  D=0x7ffffffffffffde0 A=0x7ffffffffffffd58
4140000: system.cpu: T0 : 0x10452    : c_addi4spn s0, sp, 32      : IntAlu :  D=0x7ffffffffffffd60
4140500: system.cpu: T0 : 0x10454    : sd a0, -24(s0)             : MemWrite :  D=0x0000000000000001 A=0x7ffffffffffffd48
4141000: system.cpu: T0 : 0x10458    : ld a5, -24(s0)             : MemRead :  D=0x0000000000000001 A=0x7ffffffffffffd48
4141500: system.cpu: T0 : 0x1045c    : mul a4, a5, a5             : IntMult :  D=0x0000000000000001
4142000: system.cpu: T0 : 0x10460    : ld a5, -24(s0)             : MemRead :  D=0x0000000000000001 A=0x7ffffffffffffd48
4142500: system.cpu: T0 : 0x10464    : c_slli a5, 3               : IntAlu :  D=0x0000000000000008
4143000: system.cpu: T0 : 0x10466    : c_add a4, a5               : IntAlu :  D=0x0000000000000009
4143500: system.cpu: T0 : 0x10468    : ld a5, -24(s0)             : MemRead :  D=0x0000000000000001 A=0x7ffffffffffffd48
4144000: system.cpu: T0 : 0x1046c    : c_addiw a5, 0              : IntAlu :  D=0x0000000000000001
4144500: system.cpu: T0 : 0x1046e    : c_li a3, 4                 : IntAlu :  D=0x0000000000000004
4145000: system.cpu: T0 : 0x10470    : subw a5, a3, a5            : IntAlu :  D=0x0000000000000003
4145500: system.cpu: T0 : 0x10474    : c_addiw a5, 0              : IntAlu :  D=0x0000000000000003
4146500: system.cpu: T0 : 0x10476    : sll a5, a4, a5             : IntAlu :  D=0x0000000000000048
4147000: system.cpu: T0 : 0x1047a    : c_mv a0, a5                : IntAlu :  D=0x0000000000000048
4147500: system.cpu: T0 : 0x1047c    : c_ldsp s0, 24(sp)          : MemRead :  D=0x7ffffffffffffde0 A=0x7ffffffffffffd58
4148000: system.cpu: T0 : 0x1047e    : c_addi16sp sp, 32          : IntAlu :  D=0x7ffffffffffffd60
4148500: system.cpu: T0 : 0x10480    : c_jr ra                    : IntAlu : 
4149000: system.cpu: T0 : 0x1065a    : c_mv a4, a0                : IntAlu :  D=0x0000000000000048
4149500: system.cpu: T0 : 0x1065c    : ld a5, -56(s0)             : MemRead :  D=0x0000000000000000 A=0x7ffffffffffffda8
4150000: system.cpu: T0 : 0x10660    : mul a5, a4, a5             : IntMult :  D=0x0000000000000000
4150500: system.cpu: T0 : 0x10664    : ld a4, -40(s0)             : MemRead :  D=0x0000000000000f29 A=0x7ffffffffffffdb8
4151000: system.cpu: T0 : 0x10668    : c_add a5, a4               : IntAlu :  D=0x0000000000000f29
4152000: system.cpu: T0 : 0x1066a    : sd a5, -64(s0)             : MemWrite :  D=0x0000000000000f29 A=0x7ffffffffffffda0
4153000: system.cpu: T0 : 0x1066e    : ld a4, -32(s0)             : MemRead :  D=0x0000000000000002 A=0x7ffffffffffffdc0
4154000: system.cpu: T0 : 0x10672    : ld a5, -64(s0)             : MemRead :  D=0x0000000000000f29 A=0x7ffffffffffffda0
4154500: system.cpu: T0 : 0x10676    : c_add a5, a4               : IntAlu :  D=0x0000000000000f2b
4155000: system.cpu: T0 : 0x10678    : sd a5, -32(s0)             : MemWrite :  D=0x0000000000000f2b A=0x7ffffffffffffdc0
4155500: system.cpu: T0 : 0x1067c    : lw a5, -100(s0)            : MemRead :  D=0x0000000000000031 A=0x7ffffffffffffd7c
4156000: system.cpu: T0 : 0x10680    : c_addiw a5, 1              : IntAlu :  D=0x0000000000000032
4157000: system.cpu: T0 : 0x10682    : sw a5, -100(s0)            : MemWrite :  D=0x0000000000000032 A=0x7ffffffffffffd7c
4158000: system.cpu: T0 : 0x10686    : lw a5, -100(s0)            : MemRead :  D=0x0000000000000032 A=0x7ffffffffffffd7c
4159000: system.cpu: T0 : 0x1068a    : addiw a4, a5, 0            : IntAlu :  D=0x0000000000000032
4160000: system.cpu: T0 : 0x1068e    : addi a5, zero, 100         : IntAlu :  D=0x0000000000000064
4161000: system.cpu: T0 : 0x10692    : bge a5, a4, -206           : IntAlu : 
4161500: system.cpu: T0 : 0x105c4    : ld a5, -128(s0)            : MemRead :  D=0x0000000000000001 A=0x7ffffffffffffd60
4162000: system.cpu: T0 : 0x105c8    : sub a4, zero, a5           : IntAlu :  D=0xffffffffffffffff
4162500: system.cpu: T0 : 0x105cc    : lw a5, -100(s0)            : MemRead :  D=0x0000000000000032 A=0x7ffffffffffffd7c
4163000: system.cpu: T0 : 0x105d0    : div a5, a4, a5             : IntDiv :  D=0x0000000000000000
4163500: system.cpu: T0 : 0x105d4    : ld a4, -56(s0)             : MemRead :  D=0x0000000000000000 A=0x7ffffffffffffda8
4164000: system.cpu: T0 : 0x105d8    : mul a5, a4, a5             : IntMult :  D=0x0000000000000000
4164500: system.cpu: T0 : 0x105dc    : sd a5, -56(s0)             : MemWrite :  D=0x0000000000000000 A=0x7ffffffffffffda8
4165000: system.cpu: T0 : 0x105e0    : lw a4, -100(s0)            : MemRead :  D=0x0000000000000032 A=0x7ffffffffffffd7c
4165500: system.cpu: T0 : 0x105e4    : lw a5, -92(s0)             : MemRead :  D=0x0000000000000031 A=0x7ffffffffffffd84
4166000: system.cpu: T0 : 0x105e8    : c_addiw a4, 0              : IntAlu :  D=0x0000000000000032
4166500: system.cpu: T0 : 0x105ea    : c_addiw a5, 0              : IntAlu :  D=0x0000000000000031
4167000: system.cpu: T0 : 0x105ec    : beq a4, a5, 36             : IntAlu : 
4167500: system.cpu: T0 : 0x105f0    : ld a5, -56(s0)             : MemRead :  D=0x0000000000000000 A=0x7ffffffffffffda8
4168000: system.cpu: T0 : 0x105f4    : sub a5, zero, a5           : IntAlu :  D=0x0000000000000000
4168500: system.cpu: T0 : 0x105f8    : lw a3, -100(s0)            : MemRead :  D=0x0000000000000032 A=0x7ffffffffffffd7c
4169000: system.cpu: T0 : 0x105fc    : lw a4, -92(s0)             : MemRead :  D=0x0000000000000031 A=0x7ffffffffffffd84
4169500: system.cpu: T0 : 0x10600    : subw a4, a3, a4            : IntAlu :  D=0x0000000000000001
4170000: system.cpu: T0 : 0x10604    : c_addiw a4, 0              : IntAlu :  D=0x0000000000000001
4171000: system.cpu: T0 : 0x10606    : div a5, a5, a4             : IntDiv :  D=0x0000000000000000
4172000: system.cpu: T0 : 0x1060a    : sd a5, -64(s0)             : MemWrite :  D=0x0000000000000000 A=0x7ffffffffffffda0
4172500: system.cpu: T0 : 0x1060e    : c_j 96                     : IntAlu : 
4173500: system.cpu: T0 : 0x1066e    : ld a4, -32(s0)             : MemRead :  D=0x0000000000000f2b A=0x7ffffffffffffdc0
4174500: system.cpu: T0 : 0x10672    : ld a5, -64(s0)             : MemRead :  D=0x0000000000000000 A=0x7ffffffffffffda0
4175000: system.cpu: T0 : 0x10676    : c_add a5, a4               : IntAlu :  D=0x0000000000000f2b
4175500: system.cpu: T0 : 0x10678    : sd a5, -32(s0)             : MemWrite :  D=0x0000000000000f2b A=0x7ffffffffffffdc0
4176000: system.cpu: T0 : 0x1067c    : lw a5, -100(s0)            : MemRead :  D=0x0000000000000032 A=0x7ffffffffffffd7c
4176500: system.cpu: T0 : 0x10680    : c_addiw a5, 1              : IntAlu :  D=0x0000000000000033
4177500: system.cpu: T0 : 0x10682    : sw a5, -100(s0)            : MemWrite :  D=0x0000000000000033 A=0x7ffffffffffffd7c
4178500: system.cpu: T0 : 0x10686    : lw a5, -100(s0)            : MemRead :  D=0x0000000000000033 A=0x7ffffffffffffd7c
4179500: system.cpu: T0 : 0x1068a    : addiw a4, a5, 0            : IntAlu :  D=0x0000000000000033
4180500: system.cpu: T0 : 0x1068e    : addi a5, zero, 100         : IntAlu :  D=0x0000000000000064
4181500: system.cpu: T0 : 0x10692    : bge a5, a4, -206           : IntAlu : 
4182000: system.cpu: T0 : 0x105c4    : ld a5, -128(s0)            : MemRead :  D=0x0000000000000001 A=0x7ffffffffffffd60
4182500: system.cpu: T0 : 0x105c8    : sub a4, zero, a5           : IntAlu :  D=0xffffffffffffffff
4183000: system.cpu: T0 : 0x105cc    : lw a5, -100(s0)            : MemRead :  D=0x0000000000000033 A=0x7ffffffffffffd7c
4183500: system.cpu: T0 : 0x105d0    : div a5, a4, a5             : IntDiv :  D=0x0000000000000000
4184000: system.cpu: T0 : 0x105d4    : ld a4, -56(s0)             : MemRead :  D=0x0000000000000000 A=0x7ffffffffffffda8
4184500: system.cpu: T0 : 0x105d8    : mul a5, a4, a5             : IntMult :  D=0x0000000000000000
4185000: system.cpu: T0 : 0x105dc    : sd a5, -56(s0)             : MemWrite :  D=0x0000000000000000 A=0x7ffffffffffffda8
4185500: system.cpu: T0 : 0x105e0    : lw a4, -100(s0)            : MemRead :  D=0x0000000000000033 A=0x7ffffffffffffd7c
4186000: system.cpu: T0 : 0x105e4    : lw a5, -92(s0)             : MemRead :  D=0x0000000000000031 A=0x7ffffffffffffd84
4186500: system.cpu: T0 : 0x105e8    : c_addiw a4, 0              : IntAlu :  D=0x0000000000000033
4187000: system.cpu: T0 : 0x105ea    : c_addiw a5, 0              : IntAlu :  D=0x0000000000000031
4187500: system.cpu: T0 : 0x105ec    : beq a4, a5, 36             : IntAlu : 
4188000: system.cpu: T0 : 0x105f0    : ld a5, -56(s0)             : MemRead :  D=0x0000000000000000 A=0x7ffffffffffffda8
4188500: system.cpu: T0 : 0x105f4    : sub a5, zero, a5           : IntAlu :  D=0x0000000000000000
4189000: system.cpu: T0 : 0x105f8    : lw a3, -100(s0)            : MemRead :  D=0x0000000000000033 A=0x7ffffffffffffd7c
4189500: system.cpu: T0 : 0x105fc    : lw a4, -92(s0)             : MemRead :  D=0x0000000000000031 A=0x7ffffffffffffd84
4190000: system.cpu: T0 : 0x10600    : subw a4, a3, a4            : IntAlu :  D=0x0000000000000002
4190500: system.cpu: T0 : 0x10604    : c_addiw a4, 0              : IntAlu :  D=0x0000000000000002
4191500: system.cpu: T0 : 0x10606    : div a5, a5, a4             : IntDiv :  D=0x0000000000000000
4192500: system.cpu: T0 : 0x1060a    : sd a5, -64(s0)             : MemWrite :  D=0x0000000000000000 A=0x7ffffffffffffda0
4193000: system.cpu: T0 : 0x1060e    : c_j 96                     : IntAlu : 
4194000: system.cpu: T0 : 0x1066e    : ld a4, -32(s0)             : MemRead :  D=0x0000000000000f2b A=0x7ffffffffffffdc0
4195000: system.cpu: T0 : 0x10672    : ld a5, -64(s0)             : MemRead :  D=0x0000000000000000 A=0x7ffffffffffffda0
4195500: system.cpu: T0 : 0x10676    : c_add a5, a4               : IntAlu :  D=0x0000000000000f2b
4196000: system.cpu: T0 : 0x10678    : sd a5, -32(s0)             : MemWrite :  D=0x0000000000000f2b A=0x7ffffffffffffdc0
4196500: system.cpu: T0 : 0x1067c    : lw a5, -100(s0)            : MemRead :  D=0x0000000000000033 A=0x7ffffffffffffd7c
4197000: system.cpu: T0 : 0x10680    : c_addiw a5, 1              : IntAlu :  D=0x0000000000000034
4198000: system.cpu: T0 : 0x10682    : sw a5, -100(s0)            : MemWrite :  D=0x0000000000000034 A=0x7ffffffffffffd7c
4199000: system.cpu: T0 : 0x10686    : lw a5, -100(s0)            : MemRead :  D=0x0000000000000034 A=0x7ffffffffffffd7c
4200000: system.cpu: T0 : 0x1068a    : addiw a4, a5, 0            : IntAlu :  D=0x0000000000000034
4201000: system.cpu: T0 : 0x1068e    : addi a5, zero, 100         : IntAlu :  D=0x0000000000000064
4202000: system.cpu: T0 : 0x10692    : bge a5, a4, -206           : IntAlu : 
4202500: system.cpu: T0 : 0x105c4    : ld a5, -128(s0)            : MemRead :  D=0x0000000000000001 A=0x7ffffffffffffd60
4203000: system.cpu: T0 : 0x105c8    : sub a4, zero, a5           : IntAlu :  D=0xffffffffffffffff
4203500: system.cpu: T0 : 0x105cc    : lw a5, -100(s0)            : MemRead :  D=0x0000000000000034 A=0x7ffffffffffffd7c
4204000: system.cpu: T0 : 0x105d0    : div a5, a4, a5             : IntDiv :  D=0x0000000000000000
4204500: system.cpu: T0 : 0x105d4    : ld a4, -56(s0)             : MemRead :  D=0x0000000000000000 A=0x7ffffffffffffda8
4205000: system.cpu: T0 : 0x105d8    : mul a5, a4, a5             : IntMult :  D=0x0000000000000000
4205500: system.cpu: T0 : 0x105dc    : sd a5, -56(s0)             : MemWrite :  D=0x0000000000000000 A=0x7ffffffffffffda8
4206000: system.cpu: T0 : 0x105e0    : lw a4, -100(s0)            : MemRead :  D=0x0000000000000034 A=0x7ffffffffffffd7c
4206500: system.cpu: T0 : 0x105e4    : lw a5, -92(s0)             : MemRead :  D=0x0000000000000031 A=0x7ffffffffffffd84
4207000: system.cpu: T0 : 0x105e8    : c_addiw a4, 0              : IntAlu :  D=0x0000000000000034
4207500: system.cpu: T0 : 0x105ea    : c_addiw a5, 0              : IntAlu :  D=0x0000000000000031
4208000: system.cpu: T0 : 0x105ec    : beq a4, a5, 36             : IntAlu : 
4208500: system.cpu: T0 : 0x105f0    : ld a5, -56(s0)             : MemRead :  D=0x0000000000000000 A=0x7ffffffffffffda8
4209000: system.cpu: T0 : 0x105f4    : sub a5, zero, a5           : IntAlu :  D=0x0000000000000000
4209500: system.cpu: T0 : 0x105f8    : lw a3, -100(s0)            : MemRead :  D=0x0000000000000034 A=0x7ffffffffffffd7c
4210000: system.cpu: T0 : 0x105fc    : lw a4, -92(s0)             : MemRead :  D=0x0000000000000031 A=0x7ffffffffffffd84
4210500: system.cpu: T0 : 0x10600    : subw a4, a3, a4            : IntAlu :  D=0x0000000000000003
4211000: system.cpu: T0 : 0x10604    : c_addiw a4, 0              : IntAlu :  D=0x0000000000000003
4212000: system.cpu: T0 : 0x10606    : div a5, a5, a4             : IntDiv :  D=0x0000000000000000
4213000: system.cpu: T0 : 0x1060a    : sd a5, -64(s0)             : MemWrite :  D=0x0000000000000000 A=0x7ffffffffffffda0
4213500: system.cpu: T0 : 0x1060e    : c_j 96                     : IntAlu : 
4214500: system.cpu: T0 : 0x1066e    : ld a4, -32(s0)             : MemRead :  D=0x0000000000000f2b A=0x7ffffffffffffdc0
4215500: system.cpu: T0 : 0x10672    : ld a5, -64(s0)             : MemRead :  D=0x0000000000000000 A=0x7ffffffffffffda0
4216000: system.cpu: T0 : 0x10676    : c_add a5, a4               : IntAlu :  D=0x0000000000000f2b
4216500: system.cpu: T0 : 0x10678    : sd a5, -32(s0)             : MemWrite :  D=0x0000000000000f2b A=0x7ffffffffffffdc0
4217000: system.cpu: T0 : 0x1067c    : lw a5, -100(s0)            : MemRead :  D=0x0000000000000034 A=0x7ffffffffffffd7c
4217500: system.cpu: T0 : 0x10680    : c_addiw a5, 1              : IntAlu :  D=0x0000000000000035
4218500: system.cpu: T0 : 0x10682    : sw a5, -100(s0)            : MemWrite :  D=0x0000000000000035 A=0x7ffffffffffffd7c
4219500: system.cpu: T0 : 0x10686    : lw a5, -100(s0)            : MemRead :  D=0x0000000000000035 A=0x7ffffffffffffd7c
4220500: system.cpu: T0 : 0x1068a    : addiw a4, a5, 0            : IntAlu :  D=0x0000000000000035
4221500: system.cpu: T0 : 0x1068e    : addi a5, zero, 100         : IntAlu :  D=0x0000000000000064
4222500: system.cpu: T0 : 0x10692    : bge a5, a4, -206           : IntAlu : 
4223000: system.cpu: T0 : 0x105c4    : ld a5, -128(s0)            : MemRead :  D=0x0000000000000001 A=0x7ffffffffffffd60
4223500: system.cpu: T0 : 0x105c8    : sub a4, zero, a5           : IntAlu :  D=0xffffffffffffffff
4224000: system.cpu: T0 : 0x105cc    : lw a5, -100(s0)            : MemRead :  D=0x0000000000000035 A=0x7ffffffffffffd7c
4224500: system.cpu: T0 : 0x105d0    : div a5, a4, a5             : IntDiv :  D=0x0000000000000000
4225000: system.cpu: T0 : 0x105d4    : ld a4, -56(s0)             : MemRead :  D=0x0000000000000000 A=0x7ffffffffffffda8
4225500: system.cpu: T0 : 0x105d8    : mul a5, a4, a5             : IntMult :  D=0x0000000000000000
4226000: system.cpu: T0 : 0x105dc    : sd a5, -56(s0)             : MemWrite :  D=0x0000000000000000 A=0x7ffffffffffffda8
4226500: system.cpu: T0 : 0x105e0    : lw a4, -100(s0)            : MemRead :  D=0x0000000000000035 A=0x7ffffffffffffd7c
4227000: system.cpu: T0 : 0x105e4    : lw a5, -92(s0)             : MemRead :  D=0x0000000000000031 A=0x7ffffffffffffd84
4227500: system.cpu: T0 : 0x105e8    : c_addiw a4, 0              : IntAlu :  D=0x0000000000000035
4228000: system.cpu: T0 : 0x105ea    : c_addiw a5, 0              : IntAlu :  D=0x0000000000000031
4228500: system.cpu: T0 : 0x105ec    : beq a4, a5, 36             : IntAlu : 
4229000: system.cpu: T0 : 0x105f0    : ld a5, -56(s0)             : MemRead :  D=0x0000000000000000 A=0x7ffffffffffffda8
4229500: system.cpu: T0 : 0x105f4    : sub a5, zero, a5           : IntAlu :  D=0x0000000000000000
4230000: system.cpu: T0 : 0x105f8    : lw a3, -100(s0)            : MemRead :  D=0x0000000000000035 A=0x7ffffffffffffd7c
4230500: system.cpu: T0 : 0x105fc    : lw a4, -92(s0)             : MemRead :  D=0x0000000000000031 A=0x7ffffffffffffd84
4231000: system.cpu: T0 : 0x10600    : subw a4, a3, a4            : IntAlu :  D=0x0000000000000004
4231500: system.cpu: T0 : 0x10604    : c_addiw a4, 0              : IntAlu :  D=0x0000000000000004
4232500: system.cpu: T0 : 0x10606    : div a5, a5, a4             : IntDiv :  D=0x0000000000000000
4233500: system.cpu: T0 : 0x1060a    : sd a5, -64(s0)             : MemWrite :  D=0x0000000000000000 A=0x7ffffffffffffda0
4234000: system.cpu: T0 : 0x1060e    : c_j 96                     : IntAlu : 
4235000: system.cpu: T0 : 0x1066e    : ld a4, -32(s0)             : MemRead :  D=0x0000000000000f2b A=0x7ffffffffffffdc0
4236000: system.cpu: T0 : 0x10672    : ld a5, -64(s0)             : MemRead :  D=0x0000000000000000 A=0x7ffffffffffffda0
4236500: system.cpu: T0 : 0x10676    : c_add a5, a4               : IntAlu :  D=0x0000000000000f2b
4237000: system.cpu: T0 : 0x10678    : sd a5, -32(s0)             : MemWrite :  D=0x0000000000000f2b A=0x7ffffffffffffdc0
4237500: system.cpu: T0 : 0x1067c    : lw a5, -100(s0)            : MemRead :  D=0x0000000000000035 A=0x7ffffffffffffd7c
4238000: system.cpu: T0 : 0x10680    : c_addiw a5, 1              : IntAlu :  D=0x0000000000000036
4239000: system.cpu: T0 : 0x10682    : sw a5, -100(s0)            : MemWrite :  D=0x0000000000000036 A=0x7ffffffffffffd7c
4240000: system.cpu: T0 : 0x10686    : lw a5, -100(s0)            : MemRead :  D=0x0000000000000036 A=0x7ffffffffffffd7c
4241000: system.cpu: T0 : 0x1068a    : addiw a4, a5, 0            : IntAlu :  D=0x0000000000000036
4242000: system.cpu: T0 : 0x1068e    : addi a5, zero, 100         : IntAlu :  D=0x0000000000000064
4243000: system.cpu: T0 : 0x10692    : bge a5, a4, -206           : IntAlu : 
4243500: system.cpu: T0 : 0x105c4    : ld a5, -128(s0)            : MemRead :  D=0x0000000000000001 A=0x7ffffffffffffd60
4244000: system.cpu: T0 : 0x105c8    : sub a4, zero, a5           : IntAlu :  D=0xffffffffffffffff
4244500: system.cpu: T0 : 0x105cc    : lw a5, -100(s0)            : MemRead :  D=0x0000000000000036 A=0x7ffffffffffffd7c
4245000: system.cpu: T0 : 0x105d0    : div a5, a4, a5             : IntDiv :  D=0x0000000000000000
4245500: system.cpu: T0 : 0x105d4    : ld a4, -56(s0)             : MemRead :  D=0x0000000000000000 A=0x7ffffffffffffda8
4246000: system.cpu: T0 : 0x105d8    : mul a5, a4, a5             : IntMult :  D=0x0000000000000000
4246500: system.cpu: T0 : 0x105dc    : sd a5, -56(s0)             : MemWrite :  D=0x0000000000000000 A=0x7ffffffffffffda8
4247000: system.cpu: T0 : 0x105e0    : lw a4, -100(s0)            : MemRead :  D=0x0000000000000036 A=0x7ffffffffffffd7c
4247500: system.cpu: T0 : 0x105e4    : lw a5, -92(s0)             : MemRead :  D=0x0000000000000031 A=0x7ffffffffffffd84
4248000: system.cpu: T0 : 0x105e8    : c_addiw a4, 0              : IntAlu :  D=0x0000000000000036
4248500: system.cpu: T0 : 0x105ea    : c_addiw a5, 0              : IntAlu :  D=0x0000000000000031
4249000: system.cpu: T0 : 0x105ec    : beq a4, a5, 36             : IntAlu : 
4249500: system.cpu: T0 : 0x105f0    : ld a5, -56(s0)             : MemRead :  D=0x0000000000000000 A=0x7ffffffffffffda8
4250000: system.cpu: T0 : 0x105f4    : sub a5, zero, a5           : IntAlu :  D=0x0000000000000000
4250500: system.cpu: T0 : 0x105f8    : lw a3, -100(s0)            : MemRead :  D=0x0000000000000036 A=0x7ffffffffffffd7c
4251000: system.cpu: T0 : 0x105fc    : lw a4, -92(s0)             : MemRead :  D=0x0000000000000031 A=0x7ffffffffffffd84
4251500: system.cpu: T0 : 0x10600    : subw a4, a3, a4            : IntAlu :  D=0x0000000000000005
4252000: system.cpu: T0 : 0x10604    : c_addiw a4, 0              : IntAlu :  D=0x0000000000000005
4253000: system.cpu: T0 : 0x10606    : div a5, a5, a4             : IntDiv :  D=0x0000000000000000
4254000: system.cpu: T0 : 0x1060a    : sd a5, -64(s0)             : MemWrite :  D=0x0000000000000000 A=0x7ffffffffffffda0
4254500: system.cpu: T0 : 0x1060e    : c_j 96                     : IntAlu : 
4255500: system.cpu: T0 : 0x1066e    : ld a4, -32(s0)             : MemRead :  D=0x0000000000000f2b A=0x7ffffffffffffdc0
4256500: system.cpu: T0 : 0x10672    : ld a5, -64(s0)             : MemRead :  D=0x0000000000000000 A=0x7ffffffffffffda0
4257000: system.cpu: T0 : 0x10676    : c_add a5, a4               : IntAlu :  D=0x0000000000000f2b
4257500: system.cpu: T0 : 0x10678    : sd a5, -32(s0)             : MemWrite :  D=0x0000000000000f2b A=0x7ffffffffffffdc0
4258000: system.cpu: T0 : 0x1067c    : lw a5, -100(s0)            : MemRead :  D=0x0000000000000036 A=0x7ffffffffffffd7c
4258500: system.cpu: T0 : 0x10680    : c_addiw a5, 1              : IntAlu :  D=0x0000000000000037
4259500: system.cpu: T0 : 0x10682    : sw a5, -100(s0)            : MemWrite :  D=0x0000000000000037 A=0x7ffffffffffffd7c
4260500: system.cpu: T0 : 0x10686    : lw a5, -100(s0)            : MemRead :  D=0x0000000000000037 A=0x7ffffffffffffd7c
4261500: system.cpu: T0 : 0x1068a    : addiw a4, a5, 0            : IntAlu :  D=0x0000000000000037
4262500: system.cpu: T0 : 0x1068e    : addi a5, zero, 100         : IntAlu :  D=0x0000000000000064
4263500: system.cpu: T0 : 0x10692    : bge a5, a4, -206           : IntAlu : 
4264000: system.cpu: T0 : 0x105c4    : ld a5, -128(s0)            : MemRead :  D=0x0000000000000001 A=0x7ffffffffffffd60
4264500: system.cpu: T0 : 0x105c8    : sub a4, zero, a5           : IntAlu :  D=0xffffffffffffffff
4265000: system.cpu: T0 : 0x105cc    : lw a5, -100(s0)            : MemRead :  D=0x0000000000000037 A=0x7ffffffffffffd7c
4265500: system.cpu: T0 : 0x105d0    : div a5, a4, a5             : IntDiv :  D=0x0000000000000000
4266000: system.cpu: T0 : 0x105d4    : ld a4, -56(s0)             : MemRead :  D=0x0000000000000000 A=0x7ffffffffffffda8
4266500: system.cpu: T0 : 0x105d8    : mul a5, a4, a5             : IntMult :  D=0x0000000000000000
4267000: system.cpu: T0 : 0x105dc    : sd a5, -56(s0)             : MemWrite :  D=0x0000000000000000 A=0x7ffffffffffffda8
4267500: system.cpu: T0 : 0x105e0    : lw a4, -100(s0)            : MemRead :  D=0x0000000000000037 A=0x7ffffffffffffd7c
4268000: system.cpu: T0 : 0x105e4    : lw a5, -92(s0)             : MemRead :  D=0x0000000000000031 A=0x7ffffffffffffd84
4268500: system.cpu: T0 : 0x105e8    : c_addiw a4, 0              : IntAlu :  D=0x0000000000000037
4269000: system.cpu: T0 : 0x105ea    : c_addiw a5, 0              : IntAlu :  D=0x0000000000000031
4269500: system.cpu: T0 : 0x105ec    : beq a4, a5, 36             : IntAlu : 
4270000: system.cpu: T0 : 0x105f0    : ld a5, -56(s0)             : MemRead :  D=0x0000000000000000 A=0x7ffffffffffffda8
4270500: system.cpu: T0 : 0x105f4    : sub a5, zero, a5           : IntAlu :  D=0x0000000000000000
4271000: system.cpu: T0 : 0x105f8    : lw a3, -100(s0)            : MemRead :  D=0x0000000000000037 A=0x7ffffffffffffd7c
4271500: system.cpu: T0 : 0x105fc    : lw a4, -92(s0)             : MemRead :  D=0x0000000000000031 A=0x7ffffffffffffd84
4272000: system.cpu: T0 : 0x10600    : subw a4, a3, a4            : IntAlu :  D=0x0000000000000006
4272500: system.cpu: T0 : 0x10604    : c_addiw a4, 0              : IntAlu :  D=0x0000000000000006
4273500: system.cpu: T0 : 0x10606    : div a5, a5, a4             : IntDiv :  D=0x0000000000000000
4274500: system.cpu: T0 : 0x1060a    : sd a5, -64(s0)             : MemWrite :  D=0x0000000000000000 A=0x7ffffffffffffda0
4275000: system.cpu: T0 : 0x1060e    : c_j 96                     : IntAlu : 
4276000: system.cpu: T0 : 0x1066e    : ld a4, -32(s0)             : MemRead :  D=0x0000000000000f2b A=0x7ffffffffffffdc0
4277000: system.cpu: T0 : 0x10672    : ld a5, -64(s0)             : MemRead :  D=0x0000000000000000 A=0x7ffffffffffffda0
4277500: system.cpu: T0 : 0x10676    : c_add a5, a4               : IntAlu :  D=0x0000000000000f2b
4278000: system.cpu: T0 : 0x10678    : sd a5, -32(s0)             : MemWrite :  D=0x0000000000000f2b A=0x7ffffffffffffdc0
4278500: system.cpu: T0 : 0x1067c    : lw a5, -100(s0)            : MemRead :  D=0x0000000000000037 A=0x7ffffffffffffd7c
4279000: system.cpu: T0 : 0x10680    : c_addiw a5, 1              : IntAlu :  D=0x0000000000000038
4280000: system.cpu: T0 : 0x10682    : sw a5, -100(s0)            : MemWrite :  D=0x0000000000000038 A=0x7ffffffffffffd7c
4281000: system.cpu: T0 : 0x10686    : lw a5, -100(s0)            : MemRead :  D=0x0000000000000038 A=0x7ffffffffffffd7c
4282000: system.cpu: T0 : 0x1068a    : addiw a4, a5, 0            : IntAlu :  D=0x0000000000000038
4283000: system.cpu: T0 : 0x1068e    : addi a5, zero, 100         : IntAlu :  D=0x0000000000000064
4284000: system.cpu: T0 : 0x10692    : bge a5, a4, -206           : IntAlu : 
4284500: system.cpu: T0 : 0x105c4    : ld a5, -128(s0)            : MemRead :  D=0x0000000000000001 A=0x7ffffffffffffd60
4285000: system.cpu: T0 : 0x105c8    : sub a4, zero, a5           : IntAlu :  D=0xffffffffffffffff
4285500: system.cpu: T0 : 0x105cc    : lw a5, -100(s0)            : MemRead :  D=0x0000000000000038 A=0x7ffffffffffffd7c
4286000: system.cpu: T0 : 0x105d0    : div a5, a4, a5             : IntDiv :  D=0x0000000000000000
4286500: system.cpu: T0 : 0x105d4    : ld a4, -56(s0)             : MemRead :  D=0x0000000000000000 A=0x7ffffffffffffda8
4287000: system.cpu: T0 : 0x105d8    : mul a5, a4, a5             : IntMult :  D=0x0000000000000000
4287500: system.cpu: T0 : 0x105dc    : sd a5, -56(s0)             : MemWrite :  D=0x0000000000000000 A=0x7ffffffffffffda8
4288000: system.cpu: T0 : 0x105e0    : lw a4, -100(s0)            : MemRead :  D=0x0000000000000038 A=0x7ffffffffffffd7c
4288500: system.cpu: T0 : 0x105e4    : lw a5, -92(s0)             : MemRead :  D=0x0000000000000031 A=0x7ffffffffffffd84
4289000: system.cpu: T0 : 0x105e8    : c_addiw a4, 0              : IntAlu :  D=0x0000000000000038
4289500: system.cpu: T0 : 0x105ea    : c_addiw a5, 0              : IntAlu :  D=0x0000000000000031
4290000: system.cpu: T0 : 0x105ec    : beq a4, a5, 36             : IntAlu : 
4290500: system.cpu: T0 : 0x105f0    : ld a5, -56(s0)             : MemRead :  D=0x0000000000000000 A=0x7ffffffffffffda8
4291000: system.cpu: T0 : 0x105f4    : sub a5, zero, a5           : IntAlu :  D=0x0000000000000000
4291500: system.cpu: T0 : 0x105f8    : lw a3, -100(s0)            : MemRead :  D=0x0000000000000038 A=0x7ffffffffffffd7c
4292000: system.cpu: T0 : 0x105fc    : lw a4, -92(s0)             : MemRead :  D=0x0000000000000031 A=0x7ffffffffffffd84
4292500: system.cpu: T0 : 0x10600    : subw a4, a3, a4            : IntAlu :  D=0x0000000000000007
4293000: system.cpu: T0 : 0x10604    : c_addiw a4, 0              : IntAlu :  D=0x0000000000000007
4294000: system.cpu: T0 : 0x10606    : div a5, a5, a4             : IntDiv :  D=0x0000000000000000
4295000: system.cpu: T0 : 0x1060a    : sd a5, -64(s0)             : MemWrite :  D=0x0000000000000000 A=0x7ffffffffffffda0
4295500: system.cpu: T0 : 0x1060e    : c_j 96                     : IntAlu : 
4296500: system.cpu: T0 : 0x1066e    : ld a4, -32(s0)             : MemRead :  D=0x0000000000000f2b A=0x7ffffffffffffdc0
4297500: system.cpu: T0 : 0x10672    : ld a5, -64(s0)             : MemRead :  D=0x0000000000000000 A=0x7ffffffffffffda0
4298000: system.cpu: T0 : 0x10676    : c_add a5, a4               : IntAlu :  D=0x0000000000000f2b
4298500: system.cpu: T0 : 0x10678    : sd a5, -32(s0)             : MemWrite :  D=0x0000000000000f2b A=0x7ffffffffffffdc0
4299000: system.cpu: T0 : 0x1067c    : lw a5, -100(s0)            : MemRead :  D=0x0000000000000038 A=0x7ffffffffffffd7c
4299500: system.cpu: T0 : 0x10680    : c_addiw a5, 1              : IntAlu :  D=0x0000000000000039
4300500: system.cpu: T0 : 0x10682    : sw a5, -100(s0)            : MemWrite :  D=0x0000000000000039 A=0x7ffffffffffffd7c
4301500: system.cpu: T0 : 0x10686    : lw a5, -100(s0)            : MemRead :  D=0x0000000000000039 A=0x7ffffffffffffd7c
4302500: system.cpu: T0 : 0x1068a    : addiw a4, a5, 0            : IntAlu :  D=0x0000000000000039
4303500: system.cpu: T0 : 0x1068e    : addi a5, zero, 100         : IntAlu :  D=0x0000000000000064
4304500: system.cpu: T0 : 0x10692    : bge a5, a4, -206           : IntAlu : 
4305000: system.cpu: T0 : 0x105c4    : ld a5, -128(s0)            : MemRead :  D=0x0000000000000001 A=0x7ffffffffffffd60
4305500: system.cpu: T0 : 0x105c8    : sub a4, zero, a5           : IntAlu :  D=0xffffffffffffffff
4306000: system.cpu: T0 : 0x105cc    : lw a5, -100(s0)            : MemRead :  D=0x0000000000000039 A=0x7ffffffffffffd7c
4306500: system.cpu: T0 : 0x105d0    : div a5, a4, a5             : IntDiv :  D=0x0000000000000000
4307000: system.cpu: T0 : 0x105d4    : ld a4, -56(s0)             : MemRead :  D=0x0000000000000000 A=0x7ffffffffffffda8
4307500: system.cpu: T0 : 0x105d8    : mul a5, a4, a5             : IntMult :  D=0x0000000000000000
4308000: system.cpu: T0 : 0x105dc    : sd a5, -56(s0)             : MemWrite :  D=0x0000000000000000 A=0x7ffffffffffffda8
4308500: system.cpu: T0 : 0x105e0    : lw a4, -100(s0)            : MemRead :  D=0x0000000000000039 A=0x7ffffffffffffd7c
4309000: system.cpu: T0 : 0x105e4    : lw a5, -92(s0)             : MemRead :  D=0x0000000000000031 A=0x7ffffffffffffd84
4309500: system.cpu: T0 : 0x105e8    : c_addiw a4, 0              : IntAlu :  D=0x0000000000000039
4310000: system.cpu: T0 : 0x105ea    : c_addiw a5, 0              : IntAlu :  D=0x0000000000000031
4310500: system.cpu: T0 : 0x105ec    : beq a4, a5, 36             : IntAlu : 
4311000: system.cpu: T0 : 0x105f0    : ld a5, -56(s0)             : MemRead :  D=0x0000000000000000 A=0x7ffffffffffffda8
4311500: system.cpu: T0 : 0x105f4    : sub a5, zero, a5           : IntAlu :  D=0x0000000000000000
4312000: system.cpu: T0 : 0x105f8    : lw a3, -100(s0)            : MemRead :  D=0x0000000000000039 A=0x7ffffffffffffd7c
4312500: system.cpu: T0 : 0x105fc    : lw a4, -92(s0)             : MemRead :  D=0x0000000000000031 A=0x7ffffffffffffd84
4313000: system.cpu: T0 : 0x10600    : subw a4, a3, a4            : IntAlu :  D=0x0000000000000008
4313500: system.cpu: T0 : 0x10604    : c_addiw a4, 0              : IntAlu :  D=0x0000000000000008
4314500: system.cpu: T0 : 0x10606    : div a5, a5, a4             : IntDiv :  D=0x0000000000000000
4315500: system.cpu: T0 : 0x1060a    : sd a5, -64(s0)             : MemWrite :  D=0x0000000000000000 A=0x7ffffffffffffda0
4316000: system.cpu: T0 : 0x1060e    : c_j 96                     : IntAlu : 
4317000: system.cpu: T0 : 0x1066e    : ld a4, -32(s0)             : MemRead :  D=0x0000000000000f2b A=0x7ffffffffffffdc0
4318000: system.cpu: T0 : 0x10672    : ld a5, -64(s0)             : MemRead :  D=0x0000000000000000 A=0x7ffffffffffffda0
4318500: system.cpu: T0 : 0x10676    : c_add a5, a4               : IntAlu :  D=0x0000000000000f2b
4319000: system.cpu: T0 : 0x10678    : sd a5, -32(s0)             : MemWrite :  D=0x0000000000000f2b A=0x7ffffffffffffdc0
4319500: system.cpu: T0 : 0x1067c    : lw a5, -100(s0)            : MemRead :  D=0x0000000000000039 A=0x7ffffffffffffd7c
4320000: system.cpu: T0 : 0x10680    : c_addiw a5, 1              : IntAlu :  D=0x000000000000003a
4321000: system.cpu: T0 : 0x10682    : sw a5, -100(s0)            : MemWrite :  D=0x000000000000003a A=0x7ffffffffffffd7c
4322000: system.cpu: T0 : 0x10686    : lw a5, -100(s0)            : MemRead :  D=0x000000000000003a A=0x7ffffffffffffd7c
4323000: system.cpu: T0 : 0x1068a    : addiw a4, a5, 0            : IntAlu :  D=0x000000000000003a
4324000: system.cpu: T0 : 0x1068e    : addi a5, zero, 100         : IntAlu :  D=0x0000000000000064
4325000: system.cpu: T0 : 0x10692    : bge a5, a4, -206           : IntAlu : 
4325500: system.cpu: T0 : 0x105c4    : ld a5, -128(s0)            : MemRead :  D=0x0000000000000001 A=0x7ffffffffffffd60
4326000: system.cpu: T0 : 0x105c8    : sub a4, zero, a5           : IntAlu :  D=0xffffffffffffffff
4326500: system.cpu: T0 : 0x105cc    : lw a5, -100(s0)            : MemRead :  D=0x000000000000003a A=0x7ffffffffffffd7c
4327000: system.cpu: T0 : 0x105d0    : div a5, a4, a5             : IntDiv :  D=0x0000000000000000
4327500: system.cpu: T0 : 0x105d4    : ld a4, -56(s0)             : MemRead :  D=0x0000000000000000 A=0x7ffffffffffffda8
4328000: system.cpu: T0 : 0x105d8    : mul a5, a4, a5             : IntMult :  D=0x0000000000000000
4328500: system.cpu: T0 : 0x105dc    : sd a5, -56(s0)             : MemWrite :  D=0x0000000000000000 A=0x7ffffffffffffda8
4329000: system.cpu: T0 : 0x105e0    : lw a4, -100(s0)            : MemRead :  D=0x000000000000003a A=0x7ffffffffffffd7c
4329500: system.cpu: T0 : 0x105e4    : lw a5, -92(s0)             : MemRead :  D=0x0000000000000031 A=0x7ffffffffffffd84
4330000: system.cpu: T0 : 0x105e8    : c_addiw a4, 0              : IntAlu :  D=0x000000000000003a
4330500: system.cpu: T0 : 0x105ea    : c_addiw a5, 0              : IntAlu :  D=0x0000000000000031
4331000: system.cpu: T0 : 0x105ec    : beq a4, a5, 36             : IntAlu : 
4331500: system.cpu: T0 : 0x105f0    : ld a5, -56(s0)             : MemRead :  D=0x0000000000000000 A=0x7ffffffffffffda8
4332000: system.cpu: T0 : 0x105f4    : sub a5, zero, a5           : IntAlu :  D=0x0000000000000000
4332500: system.cpu: T0 : 0x105f8    : lw a3, -100(s0)            : MemRead :  D=0x000000000000003a A=0x7ffffffffffffd7c
4333000: system.cpu: T0 : 0x105fc    : lw a4, -92(s0)             : MemRead :  D=0x0000000000000031 A=0x7ffffffffffffd84
4333500: system.cpu: T0 : 0x10600    : subw a4, a3, a4            : IntAlu :  D=0x0000000000000009
4334000: system.cpu: T0 : 0x10604    : c_addiw a4, 0              : IntAlu :  D=0x0000000000000009
4335000: system.cpu: T0 : 0x10606    : div a5, a5, a4             : IntDiv :  D=0x0000000000000000
4336000: system.cpu: T0 : 0x1060a    : sd a5, -64(s0)             : MemWrite :  D=0x0000000000000000 A=0x7ffffffffffffda0
4336500: system.cpu: T0 : 0x1060e    : c_j 96                     : IntAlu : 
4337500: system.cpu: T0 : 0x1066e    : ld a4, -32(s0)             : MemRead :  D=0x0000000000000f2b A=0x7ffffffffffffdc0
4338500: system.cpu: T0 : 0x10672    : ld a5, -64(s0)             : MemRead :  D=0x0000000000000000 A=0x7ffffffffffffda0
4339000: system.cpu: T0 : 0x10676    : c_add a5, a4               : IntAlu :  D=0x0000000000000f2b
4339500: system.cpu: T0 : 0x10678    : sd a5, -32(s0)             : MemWrite :  D=0x0000000000000f2b A=0x7ffffffffffffdc0
4340000: system.cpu: T0 : 0x1067c    : lw a5, -100(s0)            : MemRead :  D=0x000000000000003a A=0x7ffffffffffffd7c
4340500: system.cpu: T0 : 0x10680    : c_addiw a5, 1              : IntAlu :  D=0x000000000000003b
4341500: system.cpu: T0 : 0x10682    : sw a5, -100(s0)            : MemWrite :  D=0x000000000000003b A=0x7ffffffffffffd7c
4342500: system.cpu: T0 : 0x10686    : lw a5, -100(s0)            : MemRead :  D=0x000000000000003b A=0x7ffffffffffffd7c
4343500: system.cpu: T0 : 0x1068a    : addiw a4, a5, 0            : IntAlu :  D=0x000000000000003b
4344500: system.cpu: T0 : 0x1068e    : addi a5, zero, 100         : IntAlu :  D=0x0000000000000064
4345500: system.cpu: T0 : 0x10692    : bge a5, a4, -206           : IntAlu : 
4346000: system.cpu: T0 : 0x105c4    : ld a5, -128(s0)            : MemRead :  D=0x0000000000000001 A=0x7ffffffffffffd60
4346500: system.cpu: T0 : 0x105c8    : sub a4, zero, a5           : IntAlu :  D=0xffffffffffffffff
4347000: system.cpu: T0 : 0x105cc    : lw a5, -100(s0)            : MemRead :  D=0x000000000000003b A=0x7ffffffffffffd7c
4347500: system.cpu: T0 : 0x105d0    : div a5, a4, a5             : IntDiv :  D=0x0000000000000000
4348000: system.cpu: T0 : 0x105d4    : ld a4, -56(s0)             : MemRead :  D=0x0000000000000000 A=0x7ffffffffffffda8
4348500: system.cpu: T0 : 0x105d8    : mul a5, a4, a5             : IntMult :  D=0x0000000000000000
4349000: system.cpu: T0 : 0x105dc    : sd a5, -56(s0)             : MemWrite :  D=0x0000000000000000 A=0x7ffffffffffffda8
4349500: system.cpu: T0 : 0x105e0    : lw a4, -100(s0)            : MemRead :  D=0x000000000000003b A=0x7ffffffffffffd7c
4350000: system.cpu: T0 : 0x105e4    : lw a5, -92(s0)             : MemRead :  D=0x0000000000000031 A=0x7ffffffffffffd84
4350500: system.cpu: T0 : 0x105e8    : c_addiw a4, 0              : IntAlu :  D=0x000000000000003b
4351000: system.cpu: T0 : 0x105ea    : c_addiw a5, 0              : IntAlu :  D=0x0000000000000031
4351500: system.cpu: T0 : 0x105ec    : beq a4, a5, 36             : IntAlu : 
4352000: system.cpu: T0 : 0x105f0    : ld a5, -56(s0)             : MemRead :  D=0x0000000000000000 A=0x7ffffffffffffda8
4352500: system.cpu: T0 : 0x105f4    : sub a5, zero, a5           : IntAlu :  D=0x0000000000000000
4353000: system.cpu: T0 : 0x105f8    : lw a3, -100(s0)            : MemRead :  D=0x000000000000003b A=0x7ffffffffffffd7c
4353500: system.cpu: T0 : 0x105fc    : lw a4, -92(s0)             : MemRead :  D=0x0000000000000031 A=0x7ffffffffffffd84
4354000: system.cpu: T0 : 0x10600    : subw a4, a3, a4            : IntAlu :  D=0x000000000000000a
4354500: system.cpu: T0 : 0x10604    : c_addiw a4, 0              : IntAlu :  D=0x000000000000000a
4355500: system.cpu: T0 : 0x10606    : div a5, a5, a4             : IntDiv :  D=0x0000000000000000
4356500: system.cpu: T0 : 0x1060a    : sd a5, -64(s0)             : MemWrite :  D=0x0000000000000000 A=0x7ffffffffffffda0
4357000: system.cpu: T0 : 0x1060e    : c_j 96                     : IntAlu : 
4358000: system.cpu: T0 : 0x1066e    : ld a4, -32(s0)             : MemRead :  D=0x0000000000000f2b A=0x7ffffffffffffdc0
4359000: system.cpu: T0 : 0x10672    : ld a5, -64(s0)             : MemRead :  D=0x0000000000000000 A=0x7ffffffffffffda0
4359500: system.cpu: T0 : 0x10676    : c_add a5, a4               : IntAlu :  D=0x0000000000000f2b
4360000: system.cpu: T0 : 0x10678    : sd a5, -32(s0)             : MemWrite :  D=0x0000000000000f2b A=0x7ffffffffffffdc0
4360500: system.cpu: T0 : 0x1067c    : lw a5, -100(s0)            : MemRead :  D=0x000000000000003b A=0x7ffffffffffffd7c
4361000: system.cpu: T0 : 0x10680    : c_addiw a5, 1              : IntAlu :  D=0x000000000000003c
4362000: system.cpu: T0 : 0x10682    : sw a5, -100(s0)            : MemWrite :  D=0x000000000000003c A=0x7ffffffffffffd7c
4363000: system.cpu: T0 : 0x10686    : lw a5, -100(s0)            : MemRead :  D=0x000000000000003c A=0x7ffffffffffffd7c
4364000: system.cpu: T0 : 0x1068a    : addiw a4, a5, 0            : IntAlu :  D=0x000000000000003c
4365000: system.cpu: T0 : 0x1068e    : addi a5, zero, 100         : IntAlu :  D=0x0000000000000064
4366000: system.cpu: T0 : 0x10692    : bge a5, a4, -206           : IntAlu : 
4366500: system.cpu: T0 : 0x105c4    : ld a5, -128(s0)            : MemRead :  D=0x0000000000000001 A=0x7ffffffffffffd60
4367000: system.cpu: T0 : 0x105c8    : sub a4, zero, a5           : IntAlu :  D=0xffffffffffffffff
4367500: system.cpu: T0 : 0x105cc    : lw a5, -100(s0)            : MemRead :  D=0x000000000000003c A=0x7ffffffffffffd7c
4368000: system.cpu: T0 : 0x105d0    : div a5, a4, a5             : IntDiv :  D=0x0000000000000000
4368500: system.cpu: T0 : 0x105d4    : ld a4, -56(s0)             : MemRead :  D=0x0000000000000000 A=0x7ffffffffffffda8
4369000: system.cpu: T0 : 0x105d8    : mul a5, a4, a5             : IntMult :  D=0x0000000000000000
4369500: system.cpu: T0 : 0x105dc    : sd a5, -56(s0)             : MemWrite :  D=0x0000000000000000 A=0x7ffffffffffffda8
4370000: system.cpu: T0 : 0x105e0    : lw a4, -100(s0)            : MemRead :  D=0x000000000000003c A=0x7ffffffffffffd7c
4370500: system.cpu: T0 : 0x105e4    : lw a5, -92(s0)             : MemRead :  D=0x0000000000000031 A=0x7ffffffffffffd84
4371000: system.cpu: T0 : 0x105e8    : c_addiw a4, 0              : IntAlu :  D=0x000000000000003c
4371500: system.cpu: T0 : 0x105ea    : c_addiw a5, 0              : IntAlu :  D=0x0000000000000031
4372000: system.cpu: T0 : 0x105ec    : beq a4, a5, 36             : IntAlu : 
4372500: system.cpu: T0 : 0x105f0    : ld a5, -56(s0)             : MemRead :  D=0x0000000000000000 A=0x7ffffffffffffda8
4373000: system.cpu: T0 : 0x105f4    : sub a5, zero, a5           : IntAlu :  D=0x0000000000000000
4373500: system.cpu: T0 : 0x105f8    : lw a3, -100(s0)            : MemRead :  D=0x000000000000003c A=0x7ffffffffffffd7c
4374000: system.cpu: T0 : 0x105fc    : lw a4, -92(s0)             : MemRead :  D=0x0000000000000031 A=0x7ffffffffffffd84
4374500: system.cpu: T0 : 0x10600    : subw a4, a3, a4            : IntAlu :  D=0x000000000000000b
4375000: system.cpu: T0 : 0x10604    : c_addiw a4, 0              : IntAlu :  D=0x000000000000000b
4376000: system.cpu: T0 : 0x10606    : div a5, a5, a4             : IntDiv :  D=0x0000000000000000
4377000: system.cpu: T0 : 0x1060a    : sd a5, -64(s0)             : MemWrite :  D=0x0000000000000000 A=0x7ffffffffffffda0
4377500: system.cpu: T0 : 0x1060e    : c_j 96                     : IntAlu : 
4378500: system.cpu: T0 : 0x1066e    : ld a4, -32(s0)             : MemRead :  D=0x0000000000000f2b A=0x7ffffffffffffdc0
4379500: system.cpu: T0 : 0x10672    : ld a5, -64(s0)             : MemRead :  D=0x0000000000000000 A=0x7ffffffffffffda0
4380000: system.cpu: T0 : 0x10676    : c_add a5, a4               : IntAlu :  D=0x0000000000000f2b
4380500: system.cpu: T0 : 0x10678    : sd a5, -32(s0)             : MemWrite :  D=0x0000000000000f2b A=0x7ffffffffffffdc0
4381000: system.cpu: T0 : 0x1067c    : lw a5, -100(s0)            : MemRead :  D=0x000000000000003c A=0x7ffffffffffffd7c
4381500: system.cpu: T0 : 0x10680    : c_addiw a5, 1              : IntAlu :  D=0x000000000000003d
4382500: system.cpu: T0 : 0x10682    : sw a5, -100(s0)            : MemWrite :  D=0x000000000000003d A=0x7ffffffffffffd7c
4383500: system.cpu: T0 : 0x10686    : lw a5, -100(s0)            : MemRead :  D=0x000000000000003d A=0x7ffffffffffffd7c
4384500: system.cpu: T0 : 0x1068a    : addiw a4, a5, 0            : IntAlu :  D=0x000000000000003d
4385500: system.cpu: T0 : 0x1068e    : addi a5, zero, 100         : IntAlu :  D=0x0000000000000064
4386500: system.cpu: T0 : 0x10692    : bge a5, a4, -206           : IntAlu : 
4387000: system.cpu: T0 : 0x105c4    : ld a5, -128(s0)            : MemRead :  D=0x0000000000000001 A=0x7ffffffffffffd60
4387500: system.cpu: T0 : 0x105c8    : sub a4, zero, a5           : IntAlu :  D=0xffffffffffffffff
4388000: system.cpu: T0 : 0x105cc    : lw a5, -100(s0)            : MemRead :  D=0x000000000000003d A=0x7ffffffffffffd7c
4388500: system.cpu: T0 : 0x105d0    : div a5, a4, a5             : IntDiv :  D=0x0000000000000000
4389000: system.cpu: T0 : 0x105d4    : ld a4, -56(s0)             : MemRead :  D=0x0000000000000000 A=0x7ffffffffffffda8
4389500: system.cpu: T0 : 0x105d8    : mul a5, a4, a5             : IntMult :  D=0x0000000000000000
4390000: system.cpu: T0 : 0x105dc    : sd a5, -56(s0)             : MemWrite :  D=0x0000000000000000 A=0x7ffffffffffffda8
4390500: system.cpu: T0 : 0x105e0    : lw a4, -100(s0)            : MemRead :  D=0x000000000000003d A=0x7ffffffffffffd7c
4391000: system.cpu: T0 : 0x105e4    : lw a5, -92(s0)             : MemRead :  D=0x0000000000000031 A=0x7ffffffffffffd84
4391500: system.cpu: T0 : 0x105e8    : c_addiw a4, 0              : IntAlu :  D=0x000000000000003d
4392000: system.cpu: T0 : 0x105ea    : c_addiw a5, 0              : IntAlu :  D=0x0000000000000031
4392500: system.cpu: T0 : 0x105ec    : beq a4, a5, 36             : IntAlu : 
4393000: system.cpu: T0 : 0x105f0    : ld a5, -56(s0)             : MemRead :  D=0x0000000000000000 A=0x7ffffffffffffda8
4393500: system.cpu: T0 : 0x105f4    : sub a5, zero, a5           : IntAlu :  D=0x0000000000000000
4394000: system.cpu: T0 : 0x105f8    : lw a3, -100(s0)            : MemRead :  D=0x000000000000003d A=0x7ffffffffffffd7c
4394500: system.cpu: T0 : 0x105fc    : lw a4, -92(s0)             : MemRead :  D=0x0000000000000031 A=0x7ffffffffffffd84
4395000: system.cpu: T0 : 0x10600    : subw a4, a3, a4            : IntAlu :  D=0x000000000000000c
4395500: system.cpu: T0 : 0x10604    : c_addiw a4, 0              : IntAlu :  D=0x000000000000000c
4396500: system.cpu: T0 : 0x10606    : div a5, a5, a4             : IntDiv :  D=0x0000000000000000
4397500: system.cpu: T0 : 0x1060a    : sd a5, -64(s0)             : MemWrite :  D=0x0000000000000000 A=0x7ffffffffffffda0
4398000: system.cpu: T0 : 0x1060e    : c_j 96                     : IntAlu : 
4399000: system.cpu: T0 : 0x1066e    : ld a4, -32(s0)             : MemRead :  D=0x0000000000000f2b A=0x7ffffffffffffdc0
4400000: system.cpu: T0 : 0x10672    : ld a5, -64(s0)             : MemRead :  D=0x0000000000000000 A=0x7ffffffffffffda0
4400500: system.cpu: T0 : 0x10676    : c_add a5, a4               : IntAlu :  D=0x0000000000000f2b
4401000: system.cpu: T0 : 0x10678    : sd a5, -32(s0)             : MemWrite :  D=0x0000000000000f2b A=0x7ffffffffffffdc0
4401500: system.cpu: T0 : 0x1067c    : lw a5, -100(s0)            : MemRead :  D=0x000000000000003d A=0x7ffffffffffffd7c
4402000: system.cpu: T0 : 0x10680    : c_addiw a5, 1              : IntAlu :  D=0x000000000000003e
4403000: system.cpu: T0 : 0x10682    : sw a5, -100(s0)            : MemWrite :  D=0x000000000000003e A=0x7ffffffffffffd7c
4404000: system.cpu: T0 : 0x10686    : lw a5, -100(s0)            : MemRead :  D=0x000000000000003e A=0x7ffffffffffffd7c
4405000: system.cpu: T0 : 0x1068a    : addiw a4, a5, 0            : IntAlu :  D=0x000000000000003e
4406000: system.cpu: T0 : 0x1068e    : addi a5, zero, 100         : IntAlu :  D=0x0000000000000064
4407000: system.cpu: T0 : 0x10692    : bge a5, a4, -206           : IntAlu : 
4407500: system.cpu: T0 : 0x105c4    : ld a5, -128(s0)            : MemRead :  D=0x0000000000000001 A=0x7ffffffffffffd60
4408000: system.cpu: T0 : 0x105c8    : sub a4, zero, a5           : IntAlu :  D=0xffffffffffffffff
4408500: system.cpu: T0 : 0x105cc    : lw a5, -100(s0)            : MemRead :  D=0x000000000000003e A=0x7ffffffffffffd7c
4409000: system.cpu: T0 : 0x105d0    : div a5, a4, a5             : IntDiv :  D=0x0000000000000000
4409500: system.cpu: T0 : 0x105d4    : ld a4, -56(s0)             : MemRead :  D=0x0000000000000000 A=0x7ffffffffffffda8
4410000: system.cpu: T0 : 0x105d8    : mul a5, a4, a5             : IntMult :  D=0x0000000000000000
4410500: system.cpu: T0 : 0x105dc    : sd a5, -56(s0)             : MemWrite :  D=0x0000000000000000 A=0x7ffffffffffffda8
4411000: system.cpu: T0 : 0x105e0    : lw a4, -100(s0)            : MemRead :  D=0x000000000000003e A=0x7ffffffffffffd7c
4411500: system.cpu: T0 : 0x105e4    : lw a5, -92(s0)             : MemRead :  D=0x0000000000000031 A=0x7ffffffffffffd84
4412000: system.cpu: T0 : 0x105e8    : c_addiw a4, 0              : IntAlu :  D=0x000000000000003e
4412500: system.cpu: T0 : 0x105ea    : c_addiw a5, 0              : IntAlu :  D=0x0000000000000031
4413000: system.cpu: T0 : 0x105ec    : beq a4, a5, 36             : IntAlu : 
4413500: system.cpu: T0 : 0x105f0    : ld a5, -56(s0)             : MemRead :  D=0x0000000000000000 A=0x7ffffffffffffda8
4414000: system.cpu: T0 : 0x105f4    : sub a5, zero, a5           : IntAlu :  D=0x0000000000000000
4414500: system.cpu: T0 : 0x105f8    : lw a3, -100(s0)            : MemRead :  D=0x000000000000003e A=0x7ffffffffffffd7c
4415000: system.cpu: T0 : 0x105fc    : lw a4, -92(s0)             : MemRead :  D=0x0000000000000031 A=0x7ffffffffffffd84
4415500: system.cpu: T0 : 0x10600    : subw a4, a3, a4            : IntAlu :  D=0x000000000000000d
4416000: system.cpu: T0 : 0x10604    : c_addiw a4, 0              : IntAlu :  D=0x000000000000000d
4417000: system.cpu: T0 : 0x10606    : div a5, a5, a4             : IntDiv :  D=0x0000000000000000
4418000: system.cpu: T0 : 0x1060a    : sd a5, -64(s0)             : MemWrite :  D=0x0000000000000000 A=0x7ffffffffffffda0
4418500: system.cpu: T0 : 0x1060e    : c_j 96                     : IntAlu : 
4419500: system.cpu: T0 : 0x1066e    : ld a4, -32(s0)             : MemRead :  D=0x0000000000000f2b A=0x7ffffffffffffdc0
4420500: system.cpu: T0 : 0x10672    : ld a5, -64(s0)             : MemRead :  D=0x0000000000000000 A=0x7ffffffffffffda0
4421000: system.cpu: T0 : 0x10676    : c_add a5, a4               : IntAlu :  D=0x0000000000000f2b
4421500: system.cpu: T0 : 0x10678    : sd a5, -32(s0)             : MemWrite :  D=0x0000000000000f2b A=0x7ffffffffffffdc0
4422000: system.cpu: T0 : 0x1067c    : lw a5, -100(s0)            : MemRead :  D=0x000000000000003e A=0x7ffffffffffffd7c
4422500: system.cpu: T0 : 0x10680    : c_addiw a5, 1              : IntAlu :  D=0x000000000000003f
4423500: system.cpu: T0 : 0x10682    : sw a5, -100(s0)            : MemWrite :  D=0x000000000000003f A=0x7ffffffffffffd7c
4424500: system.cpu: T0 : 0x10686    : lw a5, -100(s0)            : MemRead :  D=0x000000000000003f A=0x7ffffffffffffd7c
4425500: system.cpu: T0 : 0x1068a    : addiw a4, a5, 0            : IntAlu :  D=0x000000000000003f
4426500: system.cpu: T0 : 0x1068e    : addi a5, zero, 100         : IntAlu :  D=0x0000000000000064
4427500: system.cpu: T0 : 0x10692    : bge a5, a4, -206           : IntAlu : 
4428000: system.cpu: T0 : 0x105c4    : ld a5, -128(s0)            : MemRead :  D=0x0000000000000001 A=0x7ffffffffffffd60
4428500: system.cpu: T0 : 0x105c8    : sub a4, zero, a5           : IntAlu :  D=0xffffffffffffffff
4429000: system.cpu: T0 : 0x105cc    : lw a5, -100(s0)            : MemRead :  D=0x000000000000003f A=0x7ffffffffffffd7c
4429500: system.cpu: T0 : 0x105d0    : div a5, a4, a5             : IntDiv :  D=0x0000000000000000
4430000: system.cpu: T0 : 0x105d4    : ld a4, -56(s0)             : MemRead :  D=0x0000000000000000 A=0x7ffffffffffffda8
4430500: system.cpu: T0 : 0x105d8    : mul a5, a4, a5             : IntMult :  D=0x0000000000000000
4431000: system.cpu: T0 : 0x105dc    : sd a5, -56(s0)             : MemWrite :  D=0x0000000000000000 A=0x7ffffffffffffda8
4431500: system.cpu: T0 : 0x105e0    : lw a4, -100(s0)            : MemRead :  D=0x000000000000003f A=0x7ffffffffffffd7c
4432000: system.cpu: T0 : 0x105e4    : lw a5, -92(s0)             : MemRead :  D=0x0000000000000031 A=0x7ffffffffffffd84
4432500: system.cpu: T0 : 0x105e8    : c_addiw a4, 0              : IntAlu :  D=0x000000000000003f
4433000: system.cpu: T0 : 0x105ea    : c_addiw a5, 0              : IntAlu :  D=0x0000000000000031
4433500: system.cpu: T0 : 0x105ec    : beq a4, a5, 36             : IntAlu : 
4434000: system.cpu: T0 : 0x105f0    : ld a5, -56(s0)             : MemRead :  D=0x0000000000000000 A=0x7ffffffffffffda8
4434500: system.cpu: T0 : 0x105f4    : sub a5, zero, a5           : IntAlu :  D=0x0000000000000000
4435000: system.cpu: T0 : 0x105f8    : lw a3, -100(s0)            : MemRead :  D=0x000000000000003f A=0x7ffffffffffffd7c
4435500: system.cpu: T0 : 0x105fc    : lw a4, -92(s0)             : MemRead :  D=0x0000000000000031 A=0x7ffffffffffffd84
4436000: system.cpu: T0 : 0x10600    : subw a4, a3, a4            : IntAlu :  D=0x000000000000000e
4436500: system.cpu: T0 : 0x10604    : c_addiw a4, 0              : IntAlu :  D=0x000000000000000e
4437500: system.cpu: T0 : 0x10606    : div a5, a5, a4             : IntDiv :  D=0x0000000000000000
4438500: system.cpu: T0 : 0x1060a    : sd a5, -64(s0)             : MemWrite :  D=0x0000000000000000 A=0x7ffffffffffffda0
4439000: system.cpu: T0 : 0x1060e    : c_j 96                     : IntAlu : 
4440000: system.cpu: T0 : 0x1066e    : ld a4, -32(s0)             : MemRead :  D=0x0000000000000f2b A=0x7ffffffffffffdc0
4441000: system.cpu: T0 : 0x10672    : ld a5, -64(s0)             : MemRead :  D=0x0000000000000000 A=0x7ffffffffffffda0
4441500: system.cpu: T0 : 0x10676    : c_add a5, a4               : IntAlu :  D=0x0000000000000f2b
4442000: system.cpu: T0 : 0x10678    : sd a5, -32(s0)             : MemWrite :  D=0x0000000000000f2b A=0x7ffffffffffffdc0
4442500: system.cpu: T0 : 0x1067c    : lw a5, -100(s0)            : MemRead :  D=0x000000000000003f A=0x7ffffffffffffd7c
4443000: system.cpu: T0 : 0x10680    : c_addiw a5, 1              : IntAlu :  D=0x0000000000000040
4444000: system.cpu: T0 : 0x10682    : sw a5, -100(s0)            : MemWrite :  D=0x0000000000000040 A=0x7ffffffffffffd7c
4445000: system.cpu: T0 : 0x10686    : lw a5, -100(s0)            : MemRead :  D=0x0000000000000040 A=0x7ffffffffffffd7c
4446000: system.cpu: T0 : 0x1068a    : addiw a4, a5, 0            : IntAlu :  D=0x0000000000000040
4447000: system.cpu: T0 : 0x1068e    : addi a5, zero, 100         : IntAlu :  D=0x0000000000000064
4448000: system.cpu: T0 : 0x10692    : bge a5, a4, -206           : IntAlu : 
4448500: system.cpu: T0 : 0x105c4    : ld a5, -128(s0)            : MemRead :  D=0x0000000000000001 A=0x7ffffffffffffd60
4449000: system.cpu: T0 : 0x105c8    : sub a4, zero, a5           : IntAlu :  D=0xffffffffffffffff
4449500: system.cpu: T0 : 0x105cc    : lw a5, -100(s0)            : MemRead :  D=0x0000000000000040 A=0x7ffffffffffffd7c
4450000: system.cpu: T0 : 0x105d0    : div a5, a4, a5             : IntDiv :  D=0x0000000000000000
4450500: system.cpu: T0 : 0x105d4    : ld a4, -56(s0)             : MemRead :  D=0x0000000000000000 A=0x7ffffffffffffda8
4451000: system.cpu: T0 : 0x105d8    : mul a5, a4, a5             : IntMult :  D=0x0000000000000000
4451500: system.cpu: T0 : 0x105dc    : sd a5, -56(s0)             : MemWrite :  D=0x0000000000000000 A=0x7ffffffffffffda8
4452000: system.cpu: T0 : 0x105e0    : lw a4, -100(s0)            : MemRead :  D=0x0000000000000040 A=0x7ffffffffffffd7c
4452500: system.cpu: T0 : 0x105e4    : lw a5, -92(s0)             : MemRead :  D=0x0000000000000031 A=0x7ffffffffffffd84
4453000: system.cpu: T0 : 0x105e8    : c_addiw a4, 0              : IntAlu :  D=0x0000000000000040
4453500: system.cpu: T0 : 0x105ea    : c_addiw a5, 0              : IntAlu :  D=0x0000000000000031
4454000: system.cpu: T0 : 0x105ec    : beq a4, a5, 36             : IntAlu : 
4454500: system.cpu: T0 : 0x105f0    : ld a5, -56(s0)             : MemRead :  D=0x0000000000000000 A=0x7ffffffffffffda8
4455000: system.cpu: T0 : 0x105f4    : sub a5, zero, a5           : IntAlu :  D=0x0000000000000000
4455500: system.cpu: T0 : 0x105f8    : lw a3, -100(s0)            : MemRead :  D=0x0000000000000040 A=0x7ffffffffffffd7c
4456000: system.cpu: T0 : 0x105fc    : lw a4, -92(s0)             : MemRead :  D=0x0000000000000031 A=0x7ffffffffffffd84
4456500: system.cpu: T0 : 0x10600    : subw a4, a3, a4            : IntAlu :  D=0x000000000000000f
4457000: system.cpu: T0 : 0x10604    : c_addiw a4, 0              : IntAlu :  D=0x000000000000000f
4458000: system.cpu: T0 : 0x10606    : div a5, a5, a4             : IntDiv :  D=0x0000000000000000
4459000: system.cpu: T0 : 0x1060a    : sd a5, -64(s0)             : MemWrite :  D=0x0000000000000000 A=0x7ffffffffffffda0
4459500: system.cpu: T0 : 0x1060e    : c_j 96                     : IntAlu : 
4460500: system.cpu: T0 : 0x1066e    : ld a4, -32(s0)             : MemRead :  D=0x0000000000000f2b A=0x7ffffffffffffdc0
4461500: system.cpu: T0 : 0x10672    : ld a5, -64(s0)             : MemRead :  D=0x0000000000000000 A=0x7ffffffffffffda0
4462000: system.cpu: T0 : 0x10676    : c_add a5, a4               : IntAlu :  D=0x0000000000000f2b
4462500: system.cpu: T0 : 0x10678    : sd a5, -32(s0)             : MemWrite :  D=0x0000000000000f2b A=0x7ffffffffffffdc0
4463000: system.cpu: T0 : 0x1067c    : lw a5, -100(s0)            : MemRead :  D=0x0000000000000040 A=0x7ffffffffffffd7c
4463500: system.cpu: T0 : 0x10680    : c_addiw a5, 1              : IntAlu :  D=0x0000000000000041
4464500: system.cpu: T0 : 0x10682    : sw a5, -100(s0)            : MemWrite :  D=0x0000000000000041 A=0x7ffffffffffffd7c
4465500: system.cpu: T0 : 0x10686    : lw a5, -100(s0)            : MemRead :  D=0x0000000000000041 A=0x7ffffffffffffd7c
4466500: system.cpu: T0 : 0x1068a    : addiw a4, a5, 0            : IntAlu :  D=0x0000000000000041
4467500: system.cpu: T0 : 0x1068e    : addi a5, zero, 100         : IntAlu :  D=0x0000000000000064
4468500: system.cpu: T0 : 0x10692    : bge a5, a4, -206           : IntAlu : 
4469000: system.cpu: T0 : 0x105c4    : ld a5, -128(s0)            : MemRead :  D=0x0000000000000001 A=0x7ffffffffffffd60
4469500: system.cpu: T0 : 0x105c8    : sub a4, zero, a5           : IntAlu :  D=0xffffffffffffffff
4470000: system.cpu: T0 : 0x105cc    : lw a5, -100(s0)            : MemRead :  D=0x0000000000000041 A=0x7ffffffffffffd7c
4470500: system.cpu: T0 : 0x105d0    : div a5, a4, a5             : IntDiv :  D=0x0000000000000000
4471000: system.cpu: T0 : 0x105d4    : ld a4, -56(s0)             : MemRead :  D=0x0000000000000000 A=0x7ffffffffffffda8
4471500: system.cpu: T0 : 0x105d8    : mul a5, a4, a5             : IntMult :  D=0x0000000000000000
4472000: system.cpu: T0 : 0x105dc    : sd a5, -56(s0)             : MemWrite :  D=0x0000000000000000 A=0x7ffffffffffffda8
4472500: system.cpu: T0 : 0x105e0    : lw a4, -100(s0)            : MemRead :  D=0x0000000000000041 A=0x7ffffffffffffd7c
4473000: system.cpu: T0 : 0x105e4    : lw a5, -92(s0)             : MemRead :  D=0x0000000000000031 A=0x7ffffffffffffd84
4473500: system.cpu: T0 : 0x105e8    : c_addiw a4, 0              : IntAlu :  D=0x0000000000000041
4474000: system.cpu: T0 : 0x105ea    : c_addiw a5, 0              : IntAlu :  D=0x0000000000000031
4474500: system.cpu: T0 : 0x105ec    : beq a4, a5, 36             : IntAlu : 
4475000: system.cpu: T0 : 0x105f0    : ld a5, -56(s0)             : MemRead :  D=0x0000000000000000 A=0x7ffffffffffffda8
4475500: system.cpu: T0 : 0x105f4    : sub a5, zero, a5           : IntAlu :  D=0x0000000000000000
4476000: system.cpu: T0 : 0x105f8    : lw a3, -100(s0)            : MemRead :  D=0x0000000000000041 A=0x7ffffffffffffd7c
4476500: system.cpu: T0 : 0x105fc    : lw a4, -92(s0)             : MemRead :  D=0x0000000000000031 A=0x7ffffffffffffd84
4477000: system.cpu: T0 : 0x10600    : subw a4, a3, a4            : IntAlu :  D=0x0000000000000010
4477500: system.cpu: T0 : 0x10604    : c_addiw a4, 0              : IntAlu :  D=0x0000000000000010
4478500: system.cpu: T0 : 0x10606    : div a5, a5, a4             : IntDiv :  D=0x0000000000000000
4479500: system.cpu: T0 : 0x1060a    : sd a5, -64(s0)             : MemWrite :  D=0x0000000000000000 A=0x7ffffffffffffda0
4480000: system.cpu: T0 : 0x1060e    : c_j 96                     : IntAlu : 
4481000: system.cpu: T0 : 0x1066e    : ld a4, -32(s0)             : MemRead :  D=0x0000000000000f2b A=0x7ffffffffffffdc0
4482000: system.cpu: T0 : 0x10672    : ld a5, -64(s0)             : MemRead :  D=0x0000000000000000 A=0x7ffffffffffffda0
4482500: system.cpu: T0 : 0x10676    : c_add a5, a4               : IntAlu :  D=0x0000000000000f2b
4483000: system.cpu: T0 : 0x10678    : sd a5, -32(s0)             : MemWrite :  D=0x0000000000000f2b A=0x7ffffffffffffdc0
4483500: system.cpu: T0 : 0x1067c    : lw a5, -100(s0)            : MemRead :  D=0x0000000000000041 A=0x7ffffffffffffd7c
4484000: system.cpu: T0 : 0x10680    : c_addiw a5, 1              : IntAlu :  D=0x0000000000000042
4485000: system.cpu: T0 : 0x10682    : sw a5, -100(s0)            : MemWrite :  D=0x0000000000000042 A=0x7ffffffffffffd7c
4486000: system.cpu: T0 : 0x10686    : lw a5, -100(s0)            : MemRead :  D=0x0000000000000042 A=0x7ffffffffffffd7c
4487000: system.cpu: T0 : 0x1068a    : addiw a4, a5, 0            : IntAlu :  D=0x0000000000000042
4488000: system.cpu: T0 : 0x1068e    : addi a5, zero, 100         : IntAlu :  D=0x0000000000000064
4489000: system.cpu: T0 : 0x10692    : bge a5, a4, -206           : IntAlu : 
4489500: system.cpu: T0 : 0x105c4    : ld a5, -128(s0)            : MemRead :  D=0x0000000000000001 A=0x7ffffffffffffd60
4490000: system.cpu: T0 : 0x105c8    : sub a4, zero, a5           : IntAlu :  D=0xffffffffffffffff
4490500: system.cpu: T0 : 0x105cc    : lw a5, -100(s0)            : MemRead :  D=0x0000000000000042 A=0x7ffffffffffffd7c
4491000: system.cpu: T0 : 0x105d0    : div a5, a4, a5             : IntDiv :  D=0x0000000000000000
4491500: system.cpu: T0 : 0x105d4    : ld a4, -56(s0)             : MemRead :  D=0x0000000000000000 A=0x7ffffffffffffda8
4492000: system.cpu: T0 : 0x105d8    : mul a5, a4, a5             : IntMult :  D=0x0000000000000000
4492500: system.cpu: T0 : 0x105dc    : sd a5, -56(s0)             : MemWrite :  D=0x0000000000000000 A=0x7ffffffffffffda8
4493000: system.cpu: T0 : 0x105e0    : lw a4, -100(s0)            : MemRead :  D=0x0000000000000042 A=0x7ffffffffffffd7c
4493500: system.cpu: T0 : 0x105e4    : lw a5, -92(s0)             : MemRead :  D=0x0000000000000031 A=0x7ffffffffffffd84
4494000: system.cpu: T0 : 0x105e8    : c_addiw a4, 0              : IntAlu :  D=0x0000000000000042
4494500: system.cpu: T0 : 0x105ea    : c_addiw a5, 0              : IntAlu :  D=0x0000000000000031
4495000: system.cpu: T0 : 0x105ec    : beq a4, a5, 36             : IntAlu : 
4495500: system.cpu: T0 : 0x105f0    : ld a5, -56(s0)             : MemRead :  D=0x0000000000000000 A=0x7ffffffffffffda8
4496000: system.cpu: T0 : 0x105f4    : sub a5, zero, a5           : IntAlu :  D=0x0000000000000000
4496500: system.cpu: T0 : 0x105f8    : lw a3, -100(s0)            : MemRead :  D=0x0000000000000042 A=0x7ffffffffffffd7c
4497000: system.cpu: T0 : 0x105fc    : lw a4, -92(s0)             : MemRead :  D=0x0000000000000031 A=0x7ffffffffffffd84
4497500: system.cpu: T0 : 0x10600    : subw a4, a3, a4            : IntAlu :  D=0x0000000000000011
4498000: system.cpu: T0 : 0x10604    : c_addiw a4, 0              : IntAlu :  D=0x0000000000000011
4499000: system.cpu: T0 : 0x10606    : div a5, a5, a4             : IntDiv :  D=0x0000000000000000
4500000: system.cpu: T0 : 0x1060a    : sd a5, -64(s0)             : MemWrite :  D=0x0000000000000000 A=0x7ffffffffffffda0
4500500: system.cpu: T0 : 0x1060e    : c_j 96                     : IntAlu : 
4501500: system.cpu: T0 : 0x1066e    : ld a4, -32(s0)             : MemRead :  D=0x0000000000000f2b A=0x7ffffffffffffdc0
4502500: system.cpu: T0 : 0x10672    : ld a5, -64(s0)             : MemRead :  D=0x0000000000000000 A=0x7ffffffffffffda0
4503000: system.cpu: T0 : 0x10676    : c_add a5, a4               : IntAlu :  D=0x0000000000000f2b
4503500: system.cpu: T0 : 0x10678    : sd a5, -32(s0)             : MemWrite :  D=0x0000000000000f2b A=0x7ffffffffffffdc0
4504000: system.cpu: T0 : 0x1067c    : lw a5, -100(s0)            : MemRead :  D=0x0000000000000042 A=0x7ffffffffffffd7c
4504500: system.cpu: T0 : 0x10680    : c_addiw a5, 1              : IntAlu :  D=0x0000000000000043
4505500: system.cpu: T0 : 0x10682    : sw a5, -100(s0)            : MemWrite :  D=0x0000000000000043 A=0x7ffffffffffffd7c
4506500: system.cpu: T0 : 0x10686    : lw a5, -100(s0)            : MemRead :  D=0x0000000000000043 A=0x7ffffffffffffd7c
4507500: system.cpu: T0 : 0x1068a    : addiw a4, a5, 0            : IntAlu :  D=0x0000000000000043
4508500: system.cpu: T0 : 0x1068e    : addi a5, zero, 100         : IntAlu :  D=0x0000000000000064
4509500: system.cpu: T0 : 0x10692    : bge a5, a4, -206           : IntAlu : 
4510000: system.cpu: T0 : 0x105c4    : ld a5, -128(s0)            : MemRead :  D=0x0000000000000001 A=0x7ffffffffffffd60
4510500: system.cpu: T0 : 0x105c8    : sub a4, zero, a5           : IntAlu :  D=0xffffffffffffffff
4511000: system.cpu: T0 : 0x105cc    : lw a5, -100(s0)            : MemRead :  D=0x0000000000000043 A=0x7ffffffffffffd7c
4511500: system.cpu: T0 : 0x105d0    : div a5, a4, a5             : IntDiv :  D=0x0000000000000000
4512000: system.cpu: T0 : 0x105d4    : ld a4, -56(s0)             : MemRead :  D=0x0000000000000000 A=0x7ffffffffffffda8
4512500: system.cpu: T0 : 0x105d8    : mul a5, a4, a5             : IntMult :  D=0x0000000000000000
4513000: system.cpu: T0 : 0x105dc    : sd a5, -56(s0)             : MemWrite :  D=0x0000000000000000 A=0x7ffffffffffffda8
4513500: system.cpu: T0 : 0x105e0    : lw a4, -100(s0)            : MemRead :  D=0x0000000000000043 A=0x7ffffffffffffd7c
4514000: system.cpu: T0 : 0x105e4    : lw a5, -92(s0)             : MemRead :  D=0x0000000000000031 A=0x7ffffffffffffd84
4514500: system.cpu: T0 : 0x105e8    : c_addiw a4, 0              : IntAlu :  D=0x0000000000000043
4515000: system.cpu: T0 : 0x105ea    : c_addiw a5, 0              : IntAlu :  D=0x0000000000000031
4515500: system.cpu: T0 : 0x105ec    : beq a4, a5, 36             : IntAlu : 
4516000: system.cpu: T0 : 0x105f0    : ld a5, -56(s0)             : MemRead :  D=0x0000000000000000 A=0x7ffffffffffffda8
4516500: system.cpu: T0 : 0x105f4    : sub a5, zero, a5           : IntAlu :  D=0x0000000000000000
4517000: system.cpu: T0 : 0x105f8    : lw a3, -100(s0)            : MemRead :  D=0x0000000000000043 A=0x7ffffffffffffd7c
4517500: system.cpu: T0 : 0x105fc    : lw a4, -92(s0)             : MemRead :  D=0x0000000000000031 A=0x7ffffffffffffd84
4518000: system.cpu: T0 : 0x10600    : subw a4, a3, a4            : IntAlu :  D=0x0000000000000012
4518500: system.cpu: T0 : 0x10604    : c_addiw a4, 0              : IntAlu :  D=0x0000000000000012
4519500: system.cpu: T0 : 0x10606    : div a5, a5, a4             : IntDiv :  D=0x0000000000000000
4520500: system.cpu: T0 : 0x1060a    : sd a5, -64(s0)             : MemWrite :  D=0x0000000000000000 A=0x7ffffffffffffda0
4521000: system.cpu: T0 : 0x1060e    : c_j 96                     : IntAlu : 
4522000: system.cpu: T0 : 0x1066e    : ld a4, -32(s0)             : MemRead :  D=0x0000000000000f2b A=0x7ffffffffffffdc0
4523000: system.cpu: T0 : 0x10672    : ld a5, -64(s0)             : MemRead :  D=0x0000000000000000 A=0x7ffffffffffffda0
4523500: system.cpu: T0 : 0x10676    : c_add a5, a4               : IntAlu :  D=0x0000000000000f2b
4524000: system.cpu: T0 : 0x10678    : sd a5, -32(s0)             : MemWrite :  D=0x0000000000000f2b A=0x7ffffffffffffdc0
4524500: system.cpu: T0 : 0x1067c    : lw a5, -100(s0)            : MemRead :  D=0x0000000000000043 A=0x7ffffffffffffd7c
4525000: system.cpu: T0 : 0x10680    : c_addiw a5, 1              : IntAlu :  D=0x0000000000000044
4526000: system.cpu: T0 : 0x10682    : sw a5, -100(s0)            : MemWrite :  D=0x0000000000000044 A=0x7ffffffffffffd7c
4527000: system.cpu: T0 : 0x10686    : lw a5, -100(s0)            : MemRead :  D=0x0000000000000044 A=0x7ffffffffffffd7c
4528000: system.cpu: T0 : 0x1068a    : addiw a4, a5, 0            : IntAlu :  D=0x0000000000000044
4529000: system.cpu: T0 : 0x1068e    : addi a5, zero, 100         : IntAlu :  D=0x0000000000000064
4530000: system.cpu: T0 : 0x10692    : bge a5, a4, -206           : IntAlu : 
4530500: system.cpu: T0 : 0x105c4    : ld a5, -128(s0)            : MemRead :  D=0x0000000000000001 A=0x7ffffffffffffd60
4531000: system.cpu: T0 : 0x105c8    : sub a4, zero, a5           : IntAlu :  D=0xffffffffffffffff
4531500: system.cpu: T0 : 0x105cc    : lw a5, -100(s0)            : MemRead :  D=0x0000000000000044 A=0x7ffffffffffffd7c
4532000: system.cpu: T0 : 0x105d0    : div a5, a4, a5             : IntDiv :  D=0x0000000000000000
4532500: system.cpu: T0 : 0x105d4    : ld a4, -56(s0)             : MemRead :  D=0x0000000000000000 A=0x7ffffffffffffda8
4533000: system.cpu: T0 : 0x105d8    : mul a5, a4, a5             : IntMult :  D=0x0000000000000000
4533500: system.cpu: T0 : 0x105dc    : sd a5, -56(s0)             : MemWrite :  D=0x0000000000000000 A=0x7ffffffffffffda8
4534000: system.cpu: T0 : 0x105e0    : lw a4, -100(s0)            : MemRead :  D=0x0000000000000044 A=0x7ffffffffffffd7c
4534500: system.cpu: T0 : 0x105e4    : lw a5, -92(s0)             : MemRead :  D=0x0000000000000031 A=0x7ffffffffffffd84
4535000: system.cpu: T0 : 0x105e8    : c_addiw a4, 0              : IntAlu :  D=0x0000000000000044
4535500: system.cpu: T0 : 0x105ea    : c_addiw a5, 0              : IntAlu :  D=0x0000000000000031
4536000: system.cpu: T0 : 0x105ec    : beq a4, a5, 36             : IntAlu : 
4536500: system.cpu: T0 : 0x105f0    : ld a5, -56(s0)             : MemRead :  D=0x0000000000000000 A=0x7ffffffffffffda8
4537000: system.cpu: T0 : 0x105f4    : sub a5, zero, a5           : IntAlu :  D=0x0000000000000000
4537500: system.cpu: T0 : 0x105f8    : lw a3, -100(s0)            : MemRead :  D=0x0000000000000044 A=0x7ffffffffffffd7c
4538000: system.cpu: T0 : 0x105fc    : lw a4, -92(s0)             : MemRead :  D=0x0000000000000031 A=0x7ffffffffffffd84
4538500: system.cpu: T0 : 0x10600    : subw a4, a3, a4            : IntAlu :  D=0x0000000000000013
4539000: system.cpu: T0 : 0x10604    : c_addiw a4, 0              : IntAlu :  D=0x0000000000000013
4540000: system.cpu: T0 : 0x10606    : div a5, a5, a4             : IntDiv :  D=0x0000000000000000
4541000: system.cpu: T0 : 0x1060a    : sd a5, -64(s0)             : MemWrite :  D=0x0000000000000000 A=0x7ffffffffffffda0
4541500: system.cpu: T0 : 0x1060e    : c_j 96                     : IntAlu : 
4542500: system.cpu: T0 : 0x1066e    : ld a4, -32(s0)             : MemRead :  D=0x0000000000000f2b A=0x7ffffffffffffdc0
4543500: system.cpu: T0 : 0x10672    : ld a5, -64(s0)             : MemRead :  D=0x0000000000000000 A=0x7ffffffffffffda0
4544000: system.cpu: T0 : 0x10676    : c_add a5, a4               : IntAlu :  D=0x0000000000000f2b
4544500: system.cpu: T0 : 0x10678    : sd a5, -32(s0)             : MemWrite :  D=0x0000000000000f2b A=0x7ffffffffffffdc0
4545000: system.cpu: T0 : 0x1067c    : lw a5, -100(s0)            : MemRead :  D=0x0000000000000044 A=0x7ffffffffffffd7c
4545500: system.cpu: T0 : 0x10680    : c_addiw a5, 1              : IntAlu :  D=0x0000000000000045
4546500: system.cpu: T0 : 0x10682    : sw a5, -100(s0)            : MemWrite :  D=0x0000000000000045 A=0x7ffffffffffffd7c
4547500: system.cpu: T0 : 0x10686    : lw a5, -100(s0)            : MemRead :  D=0x0000000000000045 A=0x7ffffffffffffd7c
4548500: system.cpu: T0 : 0x1068a    : addiw a4, a5, 0            : IntAlu :  D=0x0000000000000045
4549500: system.cpu: T0 : 0x1068e    : addi a5, zero, 100         : IntAlu :  D=0x0000000000000064
4550500: system.cpu: T0 : 0x10692    : bge a5, a4, -206           : IntAlu : 
4551000: system.cpu: T0 : 0x105c4    : ld a5, -128(s0)            : MemRead :  D=0x0000000000000001 A=0x7ffffffffffffd60
4551500: system.cpu: T0 : 0x105c8    : sub a4, zero, a5           : IntAlu :  D=0xffffffffffffffff
4552000: system.cpu: T0 : 0x105cc    : lw a5, -100(s0)            : MemRead :  D=0x0000000000000045 A=0x7ffffffffffffd7c
4552500: system.cpu: T0 : 0x105d0    : div a5, a4, a5             : IntDiv :  D=0x0000000000000000
4553000: system.cpu: T0 : 0x105d4    : ld a4, -56(s0)             : MemRead :  D=0x0000000000000000 A=0x7ffffffffffffda8
4553500: system.cpu: T0 : 0x105d8    : mul a5, a4, a5             : IntMult :  D=0x0000000000000000
4554000: system.cpu: T0 : 0x105dc    : sd a5, -56(s0)             : MemWrite :  D=0x0000000000000000 A=0x7ffffffffffffda8
4554500: system.cpu: T0 : 0x105e0    : lw a4, -100(s0)            : MemRead :  D=0x0000000000000045 A=0x7ffffffffffffd7c
4555000: system.cpu: T0 : 0x105e4    : lw a5, -92(s0)             : MemRead :  D=0x0000000000000031 A=0x7ffffffffffffd84
4555500: system.cpu: T0 : 0x105e8    : c_addiw a4, 0              : IntAlu :  D=0x0000000000000045
4556000: system.cpu: T0 : 0x105ea    : c_addiw a5, 0              : IntAlu :  D=0x0000000000000031
4556500: system.cpu: T0 : 0x105ec    : beq a4, a5, 36             : IntAlu : 
4557000: system.cpu: T0 : 0x105f0    : ld a5, -56(s0)             : MemRead :  D=0x0000000000000000 A=0x7ffffffffffffda8
4557500: system.cpu: T0 : 0x105f4    : sub a5, zero, a5           : IntAlu :  D=0x0000000000000000
4558000: system.cpu: T0 : 0x105f8    : lw a3, -100(s0)            : MemRead :  D=0x0000000000000045 A=0x7ffffffffffffd7c
4558500: system.cpu: T0 : 0x105fc    : lw a4, -92(s0)             : MemRead :  D=0x0000000000000031 A=0x7ffffffffffffd84
4559000: system.cpu: T0 : 0x10600    : subw a4, a3, a4            : IntAlu :  D=0x0000000000000014
4559500: system.cpu: T0 : 0x10604    : c_addiw a4, 0              : IntAlu :  D=0x0000000000000014
4560500: system.cpu: T0 : 0x10606    : div a5, a5, a4             : IntDiv :  D=0x0000000000000000
4561500: system.cpu: T0 : 0x1060a    : sd a5, -64(s0)             : MemWrite :  D=0x0000000000000000 A=0x7ffffffffffffda0
4562000: system.cpu: T0 : 0x1060e    : c_j 96                     : IntAlu : 
4563000: system.cpu: T0 : 0x1066e    : ld a4, -32(s0)             : MemRead :  D=0x0000000000000f2b A=0x7ffffffffffffdc0
4564000: system.cpu: T0 : 0x10672    : ld a5, -64(s0)             : MemRead :  D=0x0000000000000000 A=0x7ffffffffffffda0
4564500: system.cpu: T0 : 0x10676    : c_add a5, a4               : IntAlu :  D=0x0000000000000f2b
4565000: system.cpu: T0 : 0x10678    : sd a5, -32(s0)             : MemWrite :  D=0x0000000000000f2b A=0x7ffffffffffffdc0
4565500: system.cpu: T0 : 0x1067c    : lw a5, -100(s0)            : MemRead :  D=0x0000000000000045 A=0x7ffffffffffffd7c
4566000: system.cpu: T0 : 0x10680    : c_addiw a5, 1              : IntAlu :  D=0x0000000000000046
4567000: system.cpu: T0 : 0x10682    : sw a5, -100(s0)            : MemWrite :  D=0x0000000000000046 A=0x7ffffffffffffd7c
4568000: system.cpu: T0 : 0x10686    : lw a5, -100(s0)            : MemRead :  D=0x0000000000000046 A=0x7ffffffffffffd7c
4569000: system.cpu: T0 : 0x1068a    : addiw a4, a5, 0            : IntAlu :  D=0x0000000000000046
4570000: system.cpu: T0 : 0x1068e    : addi a5, zero, 100         : IntAlu :  D=0x0000000000000064
4571000: system.cpu: T0 : 0x10692    : bge a5, a4, -206           : IntAlu : 
4571500: system.cpu: T0 : 0x105c4    : ld a5, -128(s0)            : MemRead :  D=0x0000000000000001 A=0x7ffffffffffffd60
4572000: system.cpu: T0 : 0x105c8    : sub a4, zero, a5           : IntAlu :  D=0xffffffffffffffff
4572500: system.cpu: T0 : 0x105cc    : lw a5, -100(s0)            : MemRead :  D=0x0000000000000046 A=0x7ffffffffffffd7c
4573000: system.cpu: T0 : 0x105d0    : div a5, a4, a5             : IntDiv :  D=0x0000000000000000
4573500: system.cpu: T0 : 0x105d4    : ld a4, -56(s0)             : MemRead :  D=0x0000000000000000 A=0x7ffffffffffffda8
4574000: system.cpu: T0 : 0x105d8    : mul a5, a4, a5             : IntMult :  D=0x0000000000000000
4574500: system.cpu: T0 : 0x105dc    : sd a5, -56(s0)             : MemWrite :  D=0x0000000000000000 A=0x7ffffffffffffda8
4575000: system.cpu: T0 : 0x105e0    : lw a4, -100(s0)            : MemRead :  D=0x0000000000000046 A=0x7ffffffffffffd7c
4575500: system.cpu: T0 : 0x105e4    : lw a5, -92(s0)             : MemRead :  D=0x0000000000000031 A=0x7ffffffffffffd84
4576000: system.cpu: T0 : 0x105e8    : c_addiw a4, 0              : IntAlu :  D=0x0000000000000046
4576500: system.cpu: T0 : 0x105ea    : c_addiw a5, 0              : IntAlu :  D=0x0000000000000031
4577000: system.cpu: T0 : 0x105ec    : beq a4, a5, 36             : IntAlu : 
4577500: system.cpu: T0 : 0x105f0    : ld a5, -56(s0)             : MemRead :  D=0x0000000000000000 A=0x7ffffffffffffda8
4578000: system.cpu: T0 : 0x105f4    : sub a5, zero, a5           : IntAlu :  D=0x0000000000000000
4578500: system.cpu: T0 : 0x105f8    : lw a3, -100(s0)            : MemRead :  D=0x0000000000000046 A=0x7ffffffffffffd7c
4579000: system.cpu: T0 : 0x105fc    : lw a4, -92(s0)             : MemRead :  D=0x0000000000000031 A=0x7ffffffffffffd84
4579500: system.cpu: T0 : 0x10600    : subw a4, a3, a4            : IntAlu :  D=0x0000000000000015
4580000: system.cpu: T0 : 0x10604    : c_addiw a4, 0              : IntAlu :  D=0x0000000000000015
4581000: system.cpu: T0 : 0x10606    : div a5, a5, a4             : IntDiv :  D=0x0000000000000000
4582000: system.cpu: T0 : 0x1060a    : sd a5, -64(s0)             : MemWrite :  D=0x0000000000000000 A=0x7ffffffffffffda0
4582500: system.cpu: T0 : 0x1060e    : c_j 96                     : IntAlu : 
4583500: system.cpu: T0 : 0x1066e    : ld a4, -32(s0)             : MemRead :  D=0x0000000000000f2b A=0x7ffffffffffffdc0
4584500: system.cpu: T0 : 0x10672    : ld a5, -64(s0)             : MemRead :  D=0x0000000000000000 A=0x7ffffffffffffda0
4585000: system.cpu: T0 : 0x10676    : c_add a5, a4               : IntAlu :  D=0x0000000000000f2b
4585500: system.cpu: T0 : 0x10678    : sd a5, -32(s0)             : MemWrite :  D=0x0000000000000f2b A=0x7ffffffffffffdc0
4586000: system.cpu: T0 : 0x1067c    : lw a5, -100(s0)            : MemRead :  D=0x0000000000000046 A=0x7ffffffffffffd7c
4586500: system.cpu: T0 : 0x10680    : c_addiw a5, 1              : IntAlu :  D=0x0000000000000047
4587500: system.cpu: T0 : 0x10682    : sw a5, -100(s0)            : MemWrite :  D=0x0000000000000047 A=0x7ffffffffffffd7c
4588500: system.cpu: T0 : 0x10686    : lw a5, -100(s0)            : MemRead :  D=0x0000000000000047 A=0x7ffffffffffffd7c
4589500: system.cpu: T0 : 0x1068a    : addiw a4, a5, 0            : IntAlu :  D=0x0000000000000047
4590500: system.cpu: T0 : 0x1068e    : addi a5, zero, 100         : IntAlu :  D=0x0000000000000064
4591500: system.cpu: T0 : 0x10692    : bge a5, a4, -206           : IntAlu : 
4592000: system.cpu: T0 : 0x105c4    : ld a5, -128(s0)            : MemRead :  D=0x0000000000000001 A=0x7ffffffffffffd60
4592500: system.cpu: T0 : 0x105c8    : sub a4, zero, a5           : IntAlu :  D=0xffffffffffffffff
4593000: system.cpu: T0 : 0x105cc    : lw a5, -100(s0)            : MemRead :  D=0x0000000000000047 A=0x7ffffffffffffd7c
4593500: system.cpu: T0 : 0x105d0    : div a5, a4, a5             : IntDiv :  D=0x0000000000000000
4594000: system.cpu: T0 : 0x105d4    : ld a4, -56(s0)             : MemRead :  D=0x0000000000000000 A=0x7ffffffffffffda8
4594500: system.cpu: T0 : 0x105d8    : mul a5, a4, a5             : IntMult :  D=0x0000000000000000
4595000: system.cpu: T0 : 0x105dc    : sd a5, -56(s0)             : MemWrite :  D=0x0000000000000000 A=0x7ffffffffffffda8
4595500: system.cpu: T0 : 0x105e0    : lw a4, -100(s0)            : MemRead :  D=0x0000000000000047 A=0x7ffffffffffffd7c
4596000: system.cpu: T0 : 0x105e4    : lw a5, -92(s0)             : MemRead :  D=0x0000000000000031 A=0x7ffffffffffffd84
4596500: system.cpu: T0 : 0x105e8    : c_addiw a4, 0              : IntAlu :  D=0x0000000000000047
4597000: system.cpu: T0 : 0x105ea    : c_addiw a5, 0              : IntAlu :  D=0x0000000000000031
4597500: system.cpu: T0 : 0x105ec    : beq a4, a5, 36             : IntAlu : 
4598000: system.cpu: T0 : 0x105f0    : ld a5, -56(s0)             : MemRead :  D=0x0000000000000000 A=0x7ffffffffffffda8
4598500: system.cpu: T0 : 0x105f4    : sub a5, zero, a5           : IntAlu :  D=0x0000000000000000
4599000: system.cpu: T0 : 0x105f8    : lw a3, -100(s0)            : MemRead :  D=0x0000000000000047 A=0x7ffffffffffffd7c
4599500: system.cpu: T0 : 0x105fc    : lw a4, -92(s0)             : MemRead :  D=0x0000000000000031 A=0x7ffffffffffffd84
4600000: system.cpu: T0 : 0x10600    : subw a4, a3, a4            : IntAlu :  D=0x0000000000000016
4600500: system.cpu: T0 : 0x10604    : c_addiw a4, 0              : IntAlu :  D=0x0000000000000016
4601500: system.cpu: T0 : 0x10606    : div a5, a5, a4             : IntDiv :  D=0x0000000000000000
4602500: system.cpu: T0 : 0x1060a    : sd a5, -64(s0)             : MemWrite :  D=0x0000000000000000 A=0x7ffffffffffffda0
4603000: system.cpu: T0 : 0x1060e    : c_j 96                     : IntAlu : 
4604000: system.cpu: T0 : 0x1066e    : ld a4, -32(s0)             : MemRead :  D=0x0000000000000f2b A=0x7ffffffffffffdc0
4605000: system.cpu: T0 : 0x10672    : ld a5, -64(s0)             : MemRead :  D=0x0000000000000000 A=0x7ffffffffffffda0
4605500: system.cpu: T0 : 0x10676    : c_add a5, a4               : IntAlu :  D=0x0000000000000f2b
4606000: system.cpu: T0 : 0x10678    : sd a5, -32(s0)             : MemWrite :  D=0x0000000000000f2b A=0x7ffffffffffffdc0
4606500: system.cpu: T0 : 0x1067c    : lw a5, -100(s0)            : MemRead :  D=0x0000000000000047 A=0x7ffffffffffffd7c
4607000: system.cpu: T0 : 0x10680    : c_addiw a5, 1              : IntAlu :  D=0x0000000000000048
4608000: system.cpu: T0 : 0x10682    : sw a5, -100(s0)            : MemWrite :  D=0x0000000000000048 A=0x7ffffffffffffd7c
4609000: system.cpu: T0 : 0x10686    : lw a5, -100(s0)            : MemRead :  D=0x0000000000000048 A=0x7ffffffffffffd7c
4610000: system.cpu: T0 : 0x1068a    : addiw a4, a5, 0            : IntAlu :  D=0x0000000000000048
4611000: system.cpu: T0 : 0x1068e    : addi a5, zero, 100         : IntAlu :  D=0x0000000000000064
4612000: system.cpu: T0 : 0x10692    : bge a5, a4, -206           : IntAlu : 
4612500: system.cpu: T0 : 0x105c4    : ld a5, -128(s0)            : MemRead :  D=0x0000000000000001 A=0x7ffffffffffffd60
4613000: system.cpu: T0 : 0x105c8    : sub a4, zero, a5           : IntAlu :  D=0xffffffffffffffff
4613500: system.cpu: T0 : 0x105cc    : lw a5, -100(s0)            : MemRead :  D=0x0000000000000048 A=0x7ffffffffffffd7c
4614000: system.cpu: T0 : 0x105d0    : div a5, a4, a5             : IntDiv :  D=0x0000000000000000
4614500: system.cpu: T0 : 0x105d4    : ld a4, -56(s0)             : MemRead :  D=0x0000000000000000 A=0x7ffffffffffffda8
4615000: system.cpu: T0 : 0x105d8    : mul a5, a4, a5             : IntMult :  D=0x0000000000000000
4615500: system.cpu: T0 : 0x105dc    : sd a5, -56(s0)             : MemWrite :  D=0x0000000000000000 A=0x7ffffffffffffda8
4616000: system.cpu: T0 : 0x105e0    : lw a4, -100(s0)            : MemRead :  D=0x0000000000000048 A=0x7ffffffffffffd7c
4616500: system.cpu: T0 : 0x105e4    : lw a5, -92(s0)             : MemRead :  D=0x0000000000000031 A=0x7ffffffffffffd84
4617000: system.cpu: T0 : 0x105e8    : c_addiw a4, 0              : IntAlu :  D=0x0000000000000048
4617500: system.cpu: T0 : 0x105ea    : c_addiw a5, 0              : IntAlu :  D=0x0000000000000031
4618000: system.cpu: T0 : 0x105ec    : beq a4, a5, 36             : IntAlu : 
4618500: system.cpu: T0 : 0x105f0    : ld a5, -56(s0)             : MemRead :  D=0x0000000000000000 A=0x7ffffffffffffda8
4619000: system.cpu: T0 : 0x105f4    : sub a5, zero, a5           : IntAlu :  D=0x0000000000000000
4619500: system.cpu: T0 : 0x105f8    : lw a3, -100(s0)            : MemRead :  D=0x0000000000000048 A=0x7ffffffffffffd7c
4620000: system.cpu: T0 : 0x105fc    : lw a4, -92(s0)             : MemRead :  D=0x0000000000000031 A=0x7ffffffffffffd84
4620500: system.cpu: T0 : 0x10600    : subw a4, a3, a4            : IntAlu :  D=0x0000000000000017
4621000: system.cpu: T0 : 0x10604    : c_addiw a4, 0              : IntAlu :  D=0x0000000000000017
4622000: system.cpu: T0 : 0x10606    : div a5, a5, a4             : IntDiv :  D=0x0000000000000000
4623000: system.cpu: T0 : 0x1060a    : sd a5, -64(s0)             : MemWrite :  D=0x0000000000000000 A=0x7ffffffffffffda0
4623500: system.cpu: T0 : 0x1060e    : c_j 96                     : IntAlu : 
4624500: system.cpu: T0 : 0x1066e    : ld a4, -32(s0)             : MemRead :  D=0x0000000000000f2b A=0x7ffffffffffffdc0
4625500: system.cpu: T0 : 0x10672    : ld a5, -64(s0)             : MemRead :  D=0x0000000000000000 A=0x7ffffffffffffda0
4626000: system.cpu: T0 : 0x10676    : c_add a5, a4               : IntAlu :  D=0x0000000000000f2b
4626500: system.cpu: T0 : 0x10678    : sd a5, -32(s0)             : MemWrite :  D=0x0000000000000f2b A=0x7ffffffffffffdc0
4627000: system.cpu: T0 : 0x1067c    : lw a5, -100(s0)            : MemRead :  D=0x0000000000000048 A=0x7ffffffffffffd7c
4627500: system.cpu: T0 : 0x10680    : c_addiw a5, 1              : IntAlu :  D=0x0000000000000049
4628500: system.cpu: T0 : 0x10682    : sw a5, -100(s0)            : MemWrite :  D=0x0000000000000049 A=0x7ffffffffffffd7c
4629500: system.cpu: T0 : 0x10686    : lw a5, -100(s0)            : MemRead :  D=0x0000000000000049 A=0x7ffffffffffffd7c
4630500: system.cpu: T0 : 0x1068a    : addiw a4, a5, 0            : IntAlu :  D=0x0000000000000049
4631500: system.cpu: T0 : 0x1068e    : addi a5, zero, 100         : IntAlu :  D=0x0000000000000064
4632500: system.cpu: T0 : 0x10692    : bge a5, a4, -206           : IntAlu : 
4633000: system.cpu: T0 : 0x105c4    : ld a5, -128(s0)            : MemRead :  D=0x0000000000000001 A=0x7ffffffffffffd60
4633500: system.cpu: T0 : 0x105c8    : sub a4, zero, a5           : IntAlu :  D=0xffffffffffffffff
4634000: system.cpu: T0 : 0x105cc    : lw a5, -100(s0)            : MemRead :  D=0x0000000000000049 A=0x7ffffffffffffd7c
4634500: system.cpu: T0 : 0x105d0    : div a5, a4, a5             : IntDiv :  D=0x0000000000000000
4635000: system.cpu: T0 : 0x105d4    : ld a4, -56(s0)             : MemRead :  D=0x0000000000000000 A=0x7ffffffffffffda8
4635500: system.cpu: T0 : 0x105d8    : mul a5, a4, a5             : IntMult :  D=0x0000000000000000
4636000: system.cpu: T0 : 0x105dc    : sd a5, -56(s0)             : MemWrite :  D=0x0000000000000000 A=0x7ffffffffffffda8
4636500: system.cpu: T0 : 0x105e0    : lw a4, -100(s0)            : MemRead :  D=0x0000000000000049 A=0x7ffffffffffffd7c
4637000: system.cpu: T0 : 0x105e4    : lw a5, -92(s0)             : MemRead :  D=0x0000000000000031 A=0x7ffffffffffffd84
4637500: system.cpu: T0 : 0x105e8    : c_addiw a4, 0              : IntAlu :  D=0x0000000000000049
4638000: system.cpu: T0 : 0x105ea    : c_addiw a5, 0              : IntAlu :  D=0x0000000000000031
4638500: system.cpu: T0 : 0x105ec    : beq a4, a5, 36             : IntAlu : 
4639000: system.cpu: T0 : 0x105f0    : ld a5, -56(s0)             : MemRead :  D=0x0000000000000000 A=0x7ffffffffffffda8
4639500: system.cpu: T0 : 0x105f4    : sub a5, zero, a5           : IntAlu :  D=0x0000000000000000
4640000: system.cpu: T0 : 0x105f8    : lw a3, -100(s0)            : MemRead :  D=0x0000000000000049 A=0x7ffffffffffffd7c
4640500: system.cpu: T0 : 0x105fc    : lw a4, -92(s0)             : MemRead :  D=0x0000000000000031 A=0x7ffffffffffffd84
4641000: system.cpu: T0 : 0x10600    : subw a4, a3, a4            : IntAlu :  D=0x0000000000000018
4641500: system.cpu: T0 : 0x10604    : c_addiw a4, 0              : IntAlu :  D=0x0000000000000018
4642500: system.cpu: T0 : 0x10606    : div a5, a5, a4             : IntDiv :  D=0x0000000000000000
4643500: system.cpu: T0 : 0x1060a    : sd a5, -64(s0)             : MemWrite :  D=0x0000000000000000 A=0x7ffffffffffffda0
4644000: system.cpu: T0 : 0x1060e    : c_j 96                     : IntAlu : 
4645000: system.cpu: T0 : 0x1066e    : ld a4, -32(s0)             : MemRead :  D=0x0000000000000f2b A=0x7ffffffffffffdc0
4646000: system.cpu: T0 : 0x10672    : ld a5, -64(s0)             : MemRead :  D=0x0000000000000000 A=0x7ffffffffffffda0
4646500: system.cpu: T0 : 0x10676    : c_add a5, a4               : IntAlu :  D=0x0000000000000f2b
4647000: system.cpu: T0 : 0x10678    : sd a5, -32(s0)             : MemWrite :  D=0x0000000000000f2b A=0x7ffffffffffffdc0
4647500: system.cpu: T0 : 0x1067c    : lw a5, -100(s0)            : MemRead :  D=0x0000000000000049 A=0x7ffffffffffffd7c
4648000: system.cpu: T0 : 0x10680    : c_addiw a5, 1              : IntAlu :  D=0x000000000000004a
4649000: system.cpu: T0 : 0x10682    : sw a5, -100(s0)            : MemWrite :  D=0x000000000000004a A=0x7ffffffffffffd7c
4650000: system.cpu: T0 : 0x10686    : lw a5, -100(s0)            : MemRead :  D=0x000000000000004a A=0x7ffffffffffffd7c
4651000: system.cpu: T0 : 0x1068a    : addiw a4, a5, 0            : IntAlu :  D=0x000000000000004a
4652000: system.cpu: T0 : 0x1068e    : addi a5, zero, 100         : IntAlu :  D=0x0000000000000064
4653000: system.cpu: T0 : 0x10692    : bge a5, a4, -206           : IntAlu : 
4653500: system.cpu: T0 : 0x105c4    : ld a5, -128(s0)            : MemRead :  D=0x0000000000000001 A=0x7ffffffffffffd60
4654000: system.cpu: T0 : 0x105c8    : sub a4, zero, a5           : IntAlu :  D=0xffffffffffffffff
4654500: system.cpu: T0 : 0x105cc    : lw a5, -100(s0)            : MemRead :  D=0x000000000000004a A=0x7ffffffffffffd7c
4655000: system.cpu: T0 : 0x105d0    : div a5, a4, a5             : IntDiv :  D=0x0000000000000000
4655500: system.cpu: T0 : 0x105d4    : ld a4, -56(s0)             : MemRead :  D=0x0000000000000000 A=0x7ffffffffffffda8
4656000: system.cpu: T0 : 0x105d8    : mul a5, a4, a5             : IntMult :  D=0x0000000000000000
4656500: system.cpu: T0 : 0x105dc    : sd a5, -56(s0)             : MemWrite :  D=0x0000000000000000 A=0x7ffffffffffffda8
4657000: system.cpu: T0 : 0x105e0    : lw a4, -100(s0)            : MemRead :  D=0x000000000000004a A=0x7ffffffffffffd7c
4657500: system.cpu: T0 : 0x105e4    : lw a5, -92(s0)             : MemRead :  D=0x0000000000000031 A=0x7ffffffffffffd84
4658000: system.cpu: T0 : 0x105e8    : c_addiw a4, 0              : IntAlu :  D=0x000000000000004a
4658500: system.cpu: T0 : 0x105ea    : c_addiw a5, 0              : IntAlu :  D=0x0000000000000031
4659000: system.cpu: T0 : 0x105ec    : beq a4, a5, 36             : IntAlu : 
4659500: system.cpu: T0 : 0x105f0    : ld a5, -56(s0)             : MemRead :  D=0x0000000000000000 A=0x7ffffffffffffda8
4660000: system.cpu: T0 : 0x105f4    : sub a5, zero, a5           : IntAlu :  D=0x0000000000000000
4660500: system.cpu: T0 : 0x105f8    : lw a3, -100(s0)            : MemRead :  D=0x000000000000004a A=0x7ffffffffffffd7c
4661000: system.cpu: T0 : 0x105fc    : lw a4, -92(s0)             : MemRead :  D=0x0000000000000031 A=0x7ffffffffffffd84
4661500: system.cpu: T0 : 0x10600    : subw a4, a3, a4            : IntAlu :  D=0x0000000000000019
4662000: system.cpu: T0 : 0x10604    : c_addiw a4, 0              : IntAlu :  D=0x0000000000000019
4663000: system.cpu: T0 : 0x10606    : div a5, a5, a4             : IntDiv :  D=0x0000000000000000
4664000: system.cpu: T0 : 0x1060a    : sd a5, -64(s0)             : MemWrite :  D=0x0000000000000000 A=0x7ffffffffffffda0
4664500: system.cpu: T0 : 0x1060e    : c_j 96                     : IntAlu : 
4665500: system.cpu: T0 : 0x1066e    : ld a4, -32(s0)             : MemRead :  D=0x0000000000000f2b A=0x7ffffffffffffdc0
4666500: system.cpu: T0 : 0x10672    : ld a5, -64(s0)             : MemRead :  D=0x0000000000000000 A=0x7ffffffffffffda0
4667000: system.cpu: T0 : 0x10676    : c_add a5, a4               : IntAlu :  D=0x0000000000000f2b
4667500: system.cpu: T0 : 0x10678    : sd a5, -32(s0)             : MemWrite :  D=0x0000000000000f2b A=0x7ffffffffffffdc0
4668000: system.cpu: T0 : 0x1067c    : lw a5, -100(s0)            : MemRead :  D=0x000000000000004a A=0x7ffffffffffffd7c
4668500: system.cpu: T0 : 0x10680    : c_addiw a5, 1              : IntAlu :  D=0x000000000000004b
4669500: system.cpu: T0 : 0x10682    : sw a5, -100(s0)            : MemWrite :  D=0x000000000000004b A=0x7ffffffffffffd7c
4670500: system.cpu: T0 : 0x10686    : lw a5, -100(s0)            : MemRead :  D=0x000000000000004b A=0x7ffffffffffffd7c
4671500: system.cpu: T0 : 0x1068a    : addiw a4, a5, 0            : IntAlu :  D=0x000000000000004b
4672500: system.cpu: T0 : 0x1068e    : addi a5, zero, 100         : IntAlu :  D=0x0000000000000064
4673500: system.cpu: T0 : 0x10692    : bge a5, a4, -206           : IntAlu : 
4674000: system.cpu: T0 : 0x105c4    : ld a5, -128(s0)            : MemRead :  D=0x0000000000000001 A=0x7ffffffffffffd60
4674500: system.cpu: T0 : 0x105c8    : sub a4, zero, a5           : IntAlu :  D=0xffffffffffffffff
4675000: system.cpu: T0 : 0x105cc    : lw a5, -100(s0)            : MemRead :  D=0x000000000000004b A=0x7ffffffffffffd7c
4675500: system.cpu: T0 : 0x105d0    : div a5, a4, a5             : IntDiv :  D=0x0000000000000000
4676000: system.cpu: T0 : 0x105d4    : ld a4, -56(s0)             : MemRead :  D=0x0000000000000000 A=0x7ffffffffffffda8
4676500: system.cpu: T0 : 0x105d8    : mul a5, a4, a5             : IntMult :  D=0x0000000000000000
4677000: system.cpu: T0 : 0x105dc    : sd a5, -56(s0)             : MemWrite :  D=0x0000000000000000 A=0x7ffffffffffffda8
4677500: system.cpu: T0 : 0x105e0    : lw a4, -100(s0)            : MemRead :  D=0x000000000000004b A=0x7ffffffffffffd7c
4678000: system.cpu: T0 : 0x105e4    : lw a5, -92(s0)             : MemRead :  D=0x0000000000000031 A=0x7ffffffffffffd84
4678500: system.cpu: T0 : 0x105e8    : c_addiw a4, 0              : IntAlu :  D=0x000000000000004b
4679000: system.cpu: T0 : 0x105ea    : c_addiw a5, 0              : IntAlu :  D=0x0000000000000031
4679500: system.cpu: T0 : 0x105ec    : beq a4, a5, 36             : IntAlu : 
4680000: system.cpu: T0 : 0x105f0    : ld a5, -56(s0)             : MemRead :  D=0x0000000000000000 A=0x7ffffffffffffda8
4680500: system.cpu: T0 : 0x105f4    : sub a5, zero, a5           : IntAlu :  D=0x0000000000000000
4681000: system.cpu: T0 : 0x105f8    : lw a3, -100(s0)            : MemRead :  D=0x000000000000004b A=0x7ffffffffffffd7c
4681500: system.cpu: T0 : 0x105fc    : lw a4, -92(s0)             : MemRead :  D=0x0000000000000031 A=0x7ffffffffffffd84
4682000: system.cpu: T0 : 0x10600    : subw a4, a3, a4            : IntAlu :  D=0x000000000000001a
4682500: system.cpu: T0 : 0x10604    : c_addiw a4, 0              : IntAlu :  D=0x000000000000001a
4683500: system.cpu: T0 : 0x10606    : div a5, a5, a4             : IntDiv :  D=0x0000000000000000
4684500: system.cpu: T0 : 0x1060a    : sd a5, -64(s0)             : MemWrite :  D=0x0000000000000000 A=0x7ffffffffffffda0
4685000: system.cpu: T0 : 0x1060e    : c_j 96                     : IntAlu : 
4686000: system.cpu: T0 : 0x1066e    : ld a4, -32(s0)             : MemRead :  D=0x0000000000000f2b A=0x7ffffffffffffdc0
4687000: system.cpu: T0 : 0x10672    : ld a5, -64(s0)             : MemRead :  D=0x0000000000000000 A=0x7ffffffffffffda0
4687500: system.cpu: T0 : 0x10676    : c_add a5, a4               : IntAlu :  D=0x0000000000000f2b
4688000: system.cpu: T0 : 0x10678    : sd a5, -32(s0)             : MemWrite :  D=0x0000000000000f2b A=0x7ffffffffffffdc0
4688500: system.cpu: T0 : 0x1067c    : lw a5, -100(s0)            : MemRead :  D=0x000000000000004b A=0x7ffffffffffffd7c
4689000: system.cpu: T0 : 0x10680    : c_addiw a5, 1              : IntAlu :  D=0x000000000000004c
4690000: system.cpu: T0 : 0x10682    : sw a5, -100(s0)            : MemWrite :  D=0x000000000000004c A=0x7ffffffffffffd7c
4691000: system.cpu: T0 : 0x10686    : lw a5, -100(s0)            : MemRead :  D=0x000000000000004c A=0x7ffffffffffffd7c
4692000: system.cpu: T0 : 0x1068a    : addiw a4, a5, 0            : IntAlu :  D=0x000000000000004c
4693000: system.cpu: T0 : 0x1068e    : addi a5, zero, 100         : IntAlu :  D=0x0000000000000064
4694000: system.cpu: T0 : 0x10692    : bge a5, a4, -206           : IntAlu : 
4694500: system.cpu: T0 : 0x105c4    : ld a5, -128(s0)            : MemRead :  D=0x0000000000000001 A=0x7ffffffffffffd60
4695000: system.cpu: T0 : 0x105c8    : sub a4, zero, a5           : IntAlu :  D=0xffffffffffffffff
4695500: system.cpu: T0 : 0x105cc    : lw a5, -100(s0)            : MemRead :  D=0x000000000000004c A=0x7ffffffffffffd7c
4696000: system.cpu: T0 : 0x105d0    : div a5, a4, a5             : IntDiv :  D=0x0000000000000000
4696500: system.cpu: T0 : 0x105d4    : ld a4, -56(s0)             : MemRead :  D=0x0000000000000000 A=0x7ffffffffffffda8
4697000: system.cpu: T0 : 0x105d8    : mul a5, a4, a5             : IntMult :  D=0x0000000000000000
4697500: system.cpu: T0 : 0x105dc    : sd a5, -56(s0)             : MemWrite :  D=0x0000000000000000 A=0x7ffffffffffffda8
4698000: system.cpu: T0 : 0x105e0    : lw a4, -100(s0)            : MemRead :  D=0x000000000000004c A=0x7ffffffffffffd7c
4698500: system.cpu: T0 : 0x105e4    : lw a5, -92(s0)             : MemRead :  D=0x0000000000000031 A=0x7ffffffffffffd84
4699000: system.cpu: T0 : 0x105e8    : c_addiw a4, 0              : IntAlu :  D=0x000000000000004c
4699500: system.cpu: T0 : 0x105ea    : c_addiw a5, 0              : IntAlu :  D=0x0000000000000031
4700000: system.cpu: T0 : 0x105ec    : beq a4, a5, 36             : IntAlu : 
4700500: system.cpu: T0 : 0x105f0    : ld a5, -56(s0)             : MemRead :  D=0x0000000000000000 A=0x7ffffffffffffda8
4701000: system.cpu: T0 : 0x105f4    : sub a5, zero, a5           : IntAlu :  D=0x0000000000000000
4701500: system.cpu: T0 : 0x105f8    : lw a3, -100(s0)            : MemRead :  D=0x000000000000004c A=0x7ffffffffffffd7c
4702000: system.cpu: T0 : 0x105fc    : lw a4, -92(s0)             : MemRead :  D=0x0000000000000031 A=0x7ffffffffffffd84
4702500: system.cpu: T0 : 0x10600    : subw a4, a3, a4            : IntAlu :  D=0x000000000000001b
4703000: system.cpu: T0 : 0x10604    : c_addiw a4, 0              : IntAlu :  D=0x000000000000001b
4704000: system.cpu: T0 : 0x10606    : div a5, a5, a4             : IntDiv :  D=0x0000000000000000
4705000: system.cpu: T0 : 0x1060a    : sd a5, -64(s0)             : MemWrite :  D=0x0000000000000000 A=0x7ffffffffffffda0
4705500: system.cpu: T0 : 0x1060e    : c_j 96                     : IntAlu : 
4706500: system.cpu: T0 : 0x1066e    : ld a4, -32(s0)             : MemRead :  D=0x0000000000000f2b A=0x7ffffffffffffdc0
4707500: system.cpu: T0 : 0x10672    : ld a5, -64(s0)             : MemRead :  D=0x0000000000000000 A=0x7ffffffffffffda0
4708000: system.cpu: T0 : 0x10676    : c_add a5, a4               : IntAlu :  D=0x0000000000000f2b
4708500: system.cpu: T0 : 0x10678    : sd a5, -32(s0)             : MemWrite :  D=0x0000000000000f2b A=0x7ffffffffffffdc0
4709000: system.cpu: T0 : 0x1067c    : lw a5, -100(s0)            : MemRead :  D=0x000000000000004c A=0x7ffffffffffffd7c
4709500: system.cpu: T0 : 0x10680    : c_addiw a5, 1              : IntAlu :  D=0x000000000000004d
4710500: system.cpu: T0 : 0x10682    : sw a5, -100(s0)            : MemWrite :  D=0x000000000000004d A=0x7ffffffffffffd7c
4711500: system.cpu: T0 : 0x10686    : lw a5, -100(s0)            : MemRead :  D=0x000000000000004d A=0x7ffffffffffffd7c
4712500: system.cpu: T0 : 0x1068a    : addiw a4, a5, 0            : IntAlu :  D=0x000000000000004d
4713500: system.cpu: T0 : 0x1068e    : addi a5, zero, 100         : IntAlu :  D=0x0000000000000064
4714500: system.cpu: T0 : 0x10692    : bge a5, a4, -206           : IntAlu : 
4715000: system.cpu: T0 : 0x105c4    : ld a5, -128(s0)            : MemRead :  D=0x0000000000000001 A=0x7ffffffffffffd60
4715500: system.cpu: T0 : 0x105c8    : sub a4, zero, a5           : IntAlu :  D=0xffffffffffffffff
4716000: system.cpu: T0 : 0x105cc    : lw a5, -100(s0)            : MemRead :  D=0x000000000000004d A=0x7ffffffffffffd7c
4716500: system.cpu: T0 : 0x105d0    : div a5, a4, a5             : IntDiv :  D=0x0000000000000000
4717000: system.cpu: T0 : 0x105d4    : ld a4, -56(s0)             : MemRead :  D=0x0000000000000000 A=0x7ffffffffffffda8
4717500: system.cpu: T0 : 0x105d8    : mul a5, a4, a5             : IntMult :  D=0x0000000000000000
4718000: system.cpu: T0 : 0x105dc    : sd a5, -56(s0)             : MemWrite :  D=0x0000000000000000 A=0x7ffffffffffffda8
4718500: system.cpu: T0 : 0x105e0    : lw a4, -100(s0)            : MemRead :  D=0x000000000000004d A=0x7ffffffffffffd7c
4719000: system.cpu: T0 : 0x105e4    : lw a5, -92(s0)             : MemRead :  D=0x0000000000000031 A=0x7ffffffffffffd84
4719500: system.cpu: T0 : 0x105e8    : c_addiw a4, 0              : IntAlu :  D=0x000000000000004d
4720000: system.cpu: T0 : 0x105ea    : c_addiw a5, 0              : IntAlu :  D=0x0000000000000031
4720500: system.cpu: T0 : 0x105ec    : beq a4, a5, 36             : IntAlu : 
4721000: system.cpu: T0 : 0x105f0    : ld a5, -56(s0)             : MemRead :  D=0x0000000000000000 A=0x7ffffffffffffda8
4721500: system.cpu: T0 : 0x105f4    : sub a5, zero, a5           : IntAlu :  D=0x0000000000000000
4722000: system.cpu: T0 : 0x105f8    : lw a3, -100(s0)            : MemRead :  D=0x000000000000004d A=0x7ffffffffffffd7c
4722500: system.cpu: T0 : 0x105fc    : lw a4, -92(s0)             : MemRead :  D=0x0000000000000031 A=0x7ffffffffffffd84
4723000: system.cpu: T0 : 0x10600    : subw a4, a3, a4            : IntAlu :  D=0x000000000000001c
4723500: system.cpu: T0 : 0x10604    : c_addiw a4, 0              : IntAlu :  D=0x000000000000001c
4724500: system.cpu: T0 : 0x10606    : div a5, a5, a4             : IntDiv :  D=0x0000000000000000
4725500: system.cpu: T0 : 0x1060a    : sd a5, -64(s0)             : MemWrite :  D=0x0000000000000000 A=0x7ffffffffffffda0
4726000: system.cpu: T0 : 0x1060e    : c_j 96                     : IntAlu : 
4727000: system.cpu: T0 : 0x1066e    : ld a4, -32(s0)             : MemRead :  D=0x0000000000000f2b A=0x7ffffffffffffdc0
4728000: system.cpu: T0 : 0x10672    : ld a5, -64(s0)             : MemRead :  D=0x0000000000000000 A=0x7ffffffffffffda0
4728500: system.cpu: T0 : 0x10676    : c_add a5, a4               : IntAlu :  D=0x0000000000000f2b
4729000: system.cpu: T0 : 0x10678    : sd a5, -32(s0)             : MemWrite :  D=0x0000000000000f2b A=0x7ffffffffffffdc0
4729500: system.cpu: T0 : 0x1067c    : lw a5, -100(s0)            : MemRead :  D=0x000000000000004d A=0x7ffffffffffffd7c
4730000: system.cpu: T0 : 0x10680    : c_addiw a5, 1              : IntAlu :  D=0x000000000000004e
4731000: system.cpu: T0 : 0x10682    : sw a5, -100(s0)            : MemWrite :  D=0x000000000000004e A=0x7ffffffffffffd7c
4732000: system.cpu: T0 : 0x10686    : lw a5, -100(s0)            : MemRead :  D=0x000000000000004e A=0x7ffffffffffffd7c
4733000: system.cpu: T0 : 0x1068a    : addiw a4, a5, 0            : IntAlu :  D=0x000000000000004e
4734000: system.cpu: T0 : 0x1068e    : addi a5, zero, 100         : IntAlu :  D=0x0000000000000064
4735000: system.cpu: T0 : 0x10692    : bge a5, a4, -206           : IntAlu : 
4735500: system.cpu: T0 : 0x105c4    : ld a5, -128(s0)            : MemRead :  D=0x0000000000000001 A=0x7ffffffffffffd60
4736000: system.cpu: T0 : 0x105c8    : sub a4, zero, a5           : IntAlu :  D=0xffffffffffffffff
4736500: system.cpu: T0 : 0x105cc    : lw a5, -100(s0)            : MemRead :  D=0x000000000000004e A=0x7ffffffffffffd7c
4737000: system.cpu: T0 : 0x105d0    : div a5, a4, a5             : IntDiv :  D=0x0000000000000000
4737500: system.cpu: T0 : 0x105d4    : ld a4, -56(s0)             : MemRead :  D=0x0000000000000000 A=0x7ffffffffffffda8
4738000: system.cpu: T0 : 0x105d8    : mul a5, a4, a5             : IntMult :  D=0x0000000000000000
4738500: system.cpu: T0 : 0x105dc    : sd a5, -56(s0)             : MemWrite :  D=0x0000000000000000 A=0x7ffffffffffffda8
4739000: system.cpu: T0 : 0x105e0    : lw a4, -100(s0)            : MemRead :  D=0x000000000000004e A=0x7ffffffffffffd7c
4739500: system.cpu: T0 : 0x105e4    : lw a5, -92(s0)             : MemRead :  D=0x0000000000000031 A=0x7ffffffffffffd84
4740000: system.cpu: T0 : 0x105e8    : c_addiw a4, 0              : IntAlu :  D=0x000000000000004e
4740500: system.cpu: T0 : 0x105ea    : c_addiw a5, 0              : IntAlu :  D=0x0000000000000031
4741000: system.cpu: T0 : 0x105ec    : beq a4, a5, 36             : IntAlu : 
4741500: system.cpu: T0 : 0x105f0    : ld a5, -56(s0)             : MemRead :  D=0x0000000000000000 A=0x7ffffffffffffda8
4742000: system.cpu: T0 : 0x105f4    : sub a5, zero, a5           : IntAlu :  D=0x0000000000000000
4742500: system.cpu: T0 : 0x105f8    : lw a3, -100(s0)            : MemRead :  D=0x000000000000004e A=0x7ffffffffffffd7c
4743000: system.cpu: T0 : 0x105fc    : lw a4, -92(s0)             : MemRead :  D=0x0000000000000031 A=0x7ffffffffffffd84
4743500: system.cpu: T0 : 0x10600    : subw a4, a3, a4            : IntAlu :  D=0x000000000000001d
4744000: system.cpu: T0 : 0x10604    : c_addiw a4, 0              : IntAlu :  D=0x000000000000001d
4745000: system.cpu: T0 : 0x10606    : div a5, a5, a4             : IntDiv :  D=0x0000000000000000
4746000: system.cpu: T0 : 0x1060a    : sd a5, -64(s0)             : MemWrite :  D=0x0000000000000000 A=0x7ffffffffffffda0
4746500: system.cpu: T0 : 0x1060e    : c_j 96                     : IntAlu : 
4747500: system.cpu: T0 : 0x1066e    : ld a4, -32(s0)             : MemRead :  D=0x0000000000000f2b A=0x7ffffffffffffdc0
4748500: system.cpu: T0 : 0x10672    : ld a5, -64(s0)             : MemRead :  D=0x0000000000000000 A=0x7ffffffffffffda0
4749000: system.cpu: T0 : 0x10676    : c_add a5, a4               : IntAlu :  D=0x0000000000000f2b
4749500: system.cpu: T0 : 0x10678    : sd a5, -32(s0)             : MemWrite :  D=0x0000000000000f2b A=0x7ffffffffffffdc0
4750000: system.cpu: T0 : 0x1067c    : lw a5, -100(s0)            : MemRead :  D=0x000000000000004e A=0x7ffffffffffffd7c
4750500: system.cpu: T0 : 0x10680    : c_addiw a5, 1              : IntAlu :  D=0x000000000000004f
4751500: system.cpu: T0 : 0x10682    : sw a5, -100(s0)            : MemWrite :  D=0x000000000000004f A=0x7ffffffffffffd7c
4752500: system.cpu: T0 : 0x10686    : lw a5, -100(s0)            : MemRead :  D=0x000000000000004f A=0x7ffffffffffffd7c
4753500: system.cpu: T0 : 0x1068a    : addiw a4, a5, 0            : IntAlu :  D=0x000000000000004f
4754500: system.cpu: T0 : 0x1068e    : addi a5, zero, 100         : IntAlu :  D=0x0000000000000064
4755500: system.cpu: T0 : 0x10692    : bge a5, a4, -206           : IntAlu : 
4756000: system.cpu: T0 : 0x105c4    : ld a5, -128(s0)            : MemRead :  D=0x0000000000000001 A=0x7ffffffffffffd60
4756500: system.cpu: T0 : 0x105c8    : sub a4, zero, a5           : IntAlu :  D=0xffffffffffffffff
4757000: system.cpu: T0 : 0x105cc    : lw a5, -100(s0)            : MemRead :  D=0x000000000000004f A=0x7ffffffffffffd7c
4757500: system.cpu: T0 : 0x105d0    : div a5, a4, a5             : IntDiv :  D=0x0000000000000000
4758000: system.cpu: T0 : 0x105d4    : ld a4, -56(s0)             : MemRead :  D=0x0000000000000000 A=0x7ffffffffffffda8
4758500: system.cpu: T0 : 0x105d8    : mul a5, a4, a5             : IntMult :  D=0x0000000000000000
4759000: system.cpu: T0 : 0x105dc    : sd a5, -56(s0)             : MemWrite :  D=0x0000000000000000 A=0x7ffffffffffffda8
4759500: system.cpu: T0 : 0x105e0    : lw a4, -100(s0)            : MemRead :  D=0x000000000000004f A=0x7ffffffffffffd7c
4760000: system.cpu: T0 : 0x105e4    : lw a5, -92(s0)             : MemRead :  D=0x0000000000000031 A=0x7ffffffffffffd84
4760500: system.cpu: T0 : 0x105e8    : c_addiw a4, 0              : IntAlu :  D=0x000000000000004f
4761000: system.cpu: T0 : 0x105ea    : c_addiw a5, 0              : IntAlu :  D=0x0000000000000031
4761500: system.cpu: T0 : 0x105ec    : beq a4, a5, 36             : IntAlu : 
4762000: system.cpu: T0 : 0x105f0    : ld a5, -56(s0)             : MemRead :  D=0x0000000000000000 A=0x7ffffffffffffda8
4762500: system.cpu: T0 : 0x105f4    : sub a5, zero, a5           : IntAlu :  D=0x0000000000000000
4763000: system.cpu: T0 : 0x105f8    : lw a3, -100(s0)            : MemRead :  D=0x000000000000004f A=0x7ffffffffffffd7c
4763500: system.cpu: T0 : 0x105fc    : lw a4, -92(s0)             : MemRead :  D=0x0000000000000031 A=0x7ffffffffffffd84
4764000: system.cpu: T0 : 0x10600    : subw a4, a3, a4            : IntAlu :  D=0x000000000000001e
4764500: system.cpu: T0 : 0x10604    : c_addiw a4, 0              : IntAlu :  D=0x000000000000001e
4765500: system.cpu: T0 : 0x10606    : div a5, a5, a4             : IntDiv :  D=0x0000000000000000
4766500: system.cpu: T0 : 0x1060a    : sd a5, -64(s0)             : MemWrite :  D=0x0000000000000000 A=0x7ffffffffffffda0
4767000: system.cpu: T0 : 0x1060e    : c_j 96                     : IntAlu : 
4768000: system.cpu: T0 : 0x1066e    : ld a4, -32(s0)             : MemRead :  D=0x0000000000000f2b A=0x7ffffffffffffdc0
4769000: system.cpu: T0 : 0x10672    : ld a5, -64(s0)             : MemRead :  D=0x0000000000000000 A=0x7ffffffffffffda0
4769500: system.cpu: T0 : 0x10676    : c_add a5, a4               : IntAlu :  D=0x0000000000000f2b
4770000: system.cpu: T0 : 0x10678    : sd a5, -32(s0)             : MemWrite :  D=0x0000000000000f2b A=0x7ffffffffffffdc0
4770500: system.cpu: T0 : 0x1067c    : lw a5, -100(s0)            : MemRead :  D=0x000000000000004f A=0x7ffffffffffffd7c
4771000: system.cpu: T0 : 0x10680    : c_addiw a5, 1              : IntAlu :  D=0x0000000000000050
4772000: system.cpu: T0 : 0x10682    : sw a5, -100(s0)            : MemWrite :  D=0x0000000000000050 A=0x7ffffffffffffd7c
4773000: system.cpu: T0 : 0x10686    : lw a5, -100(s0)            : MemRead :  D=0x0000000000000050 A=0x7ffffffffffffd7c
4774000: system.cpu: T0 : 0x1068a    : addiw a4, a5, 0            : IntAlu :  D=0x0000000000000050
4775000: system.cpu: T0 : 0x1068e    : addi a5, zero, 100         : IntAlu :  D=0x0000000000000064
4776000: system.cpu: T0 : 0x10692    : bge a5, a4, -206           : IntAlu : 
4776500: system.cpu: T0 : 0x105c4    : ld a5, -128(s0)            : MemRead :  D=0x0000000000000001 A=0x7ffffffffffffd60
4777000: system.cpu: T0 : 0x105c8    : sub a4, zero, a5           : IntAlu :  D=0xffffffffffffffff
4777500: system.cpu: T0 : 0x105cc    : lw a5, -100(s0)            : MemRead :  D=0x0000000000000050 A=0x7ffffffffffffd7c
4778000: system.cpu: T0 : 0x105d0    : div a5, a4, a5             : IntDiv :  D=0x0000000000000000
4778500: system.cpu: T0 : 0x105d4    : ld a4, -56(s0)             : MemRead :  D=0x0000000000000000 A=0x7ffffffffffffda8
4779000: system.cpu: T0 : 0x105d8    : mul a5, a4, a5             : IntMult :  D=0x0000000000000000
4779500: system.cpu: T0 : 0x105dc    : sd a5, -56(s0)             : MemWrite :  D=0x0000000000000000 A=0x7ffffffffffffda8
4780000: system.cpu: T0 : 0x105e0    : lw a4, -100(s0)            : MemRead :  D=0x0000000000000050 A=0x7ffffffffffffd7c
4780500: system.cpu: T0 : 0x105e4    : lw a5, -92(s0)             : MemRead :  D=0x0000000000000031 A=0x7ffffffffffffd84
4781000: system.cpu: T0 : 0x105e8    : c_addiw a4, 0              : IntAlu :  D=0x0000000000000050
4781500: system.cpu: T0 : 0x105ea    : c_addiw a5, 0              : IntAlu :  D=0x0000000000000031
4782000: system.cpu: T0 : 0x105ec    : beq a4, a5, 36             : IntAlu : 
4782500: system.cpu: T0 : 0x105f0    : ld a5, -56(s0)             : MemRead :  D=0x0000000000000000 A=0x7ffffffffffffda8
4783000: system.cpu: T0 : 0x105f4    : sub a5, zero, a5           : IntAlu :  D=0x0000000000000000
4783500: system.cpu: T0 : 0x105f8    : lw a3, -100(s0)            : MemRead :  D=0x0000000000000050 A=0x7ffffffffffffd7c
4784000: system.cpu: T0 : 0x105fc    : lw a4, -92(s0)             : MemRead :  D=0x0000000000000031 A=0x7ffffffffffffd84
4784500: system.cpu: T0 : 0x10600    : subw a4, a3, a4            : IntAlu :  D=0x000000000000001f
4785000: system.cpu: T0 : 0x10604    : c_addiw a4, 0              : IntAlu :  D=0x000000000000001f
4786000: system.cpu: T0 : 0x10606    : div a5, a5, a4             : IntDiv :  D=0x0000000000000000
4787000: system.cpu: T0 : 0x1060a    : sd a5, -64(s0)             : MemWrite :  D=0x0000000000000000 A=0x7ffffffffffffda0
4787500: system.cpu: T0 : 0x1060e    : c_j 96                     : IntAlu : 
4788500: system.cpu: T0 : 0x1066e    : ld a4, -32(s0)             : MemRead :  D=0x0000000000000f2b A=0x7ffffffffffffdc0
4789500: system.cpu: T0 : 0x10672    : ld a5, -64(s0)             : MemRead :  D=0x0000000000000000 A=0x7ffffffffffffda0
4790000: system.cpu: T0 : 0x10676    : c_add a5, a4               : IntAlu :  D=0x0000000000000f2b
4790500: system.cpu: T0 : 0x10678    : sd a5, -32(s0)             : MemWrite :  D=0x0000000000000f2b A=0x7ffffffffffffdc0
4791000: system.cpu: T0 : 0x1067c    : lw a5, -100(s0)            : MemRead :  D=0x0000000000000050 A=0x7ffffffffffffd7c
4791500: system.cpu: T0 : 0x10680    : c_addiw a5, 1              : IntAlu :  D=0x0000000000000051
4792500: system.cpu: T0 : 0x10682    : sw a5, -100(s0)            : MemWrite :  D=0x0000000000000051 A=0x7ffffffffffffd7c
4793500: system.cpu: T0 : 0x10686    : lw a5, -100(s0)            : MemRead :  D=0x0000000000000051 A=0x7ffffffffffffd7c
4794500: system.cpu: T0 : 0x1068a    : addiw a4, a5, 0            : IntAlu :  D=0x0000000000000051
4795500: system.cpu: T0 : 0x1068e    : addi a5, zero, 100         : IntAlu :  D=0x0000000000000064
4796500: system.cpu: T0 : 0x10692    : bge a5, a4, -206           : IntAlu : 
4797000: system.cpu: T0 : 0x105c4    : ld a5, -128(s0)            : MemRead :  D=0x0000000000000001 A=0x7ffffffffffffd60
4797500: system.cpu: T0 : 0x105c8    : sub a4, zero, a5           : IntAlu :  D=0xffffffffffffffff
4798000: system.cpu: T0 : 0x105cc    : lw a5, -100(s0)            : MemRead :  D=0x0000000000000051 A=0x7ffffffffffffd7c
4798500: system.cpu: T0 : 0x105d0    : div a5, a4, a5             : IntDiv :  D=0x0000000000000000
4799000: system.cpu: T0 : 0x105d4    : ld a4, -56(s0)             : MemRead :  D=0x0000000000000000 A=0x7ffffffffffffda8
4799500: system.cpu: T0 : 0x105d8    : mul a5, a4, a5             : IntMult :  D=0x0000000000000000
4800000: system.cpu: T0 : 0x105dc    : sd a5, -56(s0)             : MemWrite :  D=0x0000000000000000 A=0x7ffffffffffffda8
4800500: system.cpu: T0 : 0x105e0    : lw a4, -100(s0)            : MemRead :  D=0x0000000000000051 A=0x7ffffffffffffd7c
4801000: system.cpu: T0 : 0x105e4    : lw a5, -92(s0)             : MemRead :  D=0x0000000000000031 A=0x7ffffffffffffd84
4801500: system.cpu: T0 : 0x105e8    : c_addiw a4, 0              : IntAlu :  D=0x0000000000000051
4802000: system.cpu: T0 : 0x105ea    : c_addiw a5, 0              : IntAlu :  D=0x0000000000000031
4802500: system.cpu: T0 : 0x105ec    : beq a4, a5, 36             : IntAlu : 
4803000: system.cpu: T0 : 0x105f0    : ld a5, -56(s0)             : MemRead :  D=0x0000000000000000 A=0x7ffffffffffffda8
4803500: system.cpu: T0 : 0x105f4    : sub a5, zero, a5           : IntAlu :  D=0x0000000000000000
4804000: system.cpu: T0 : 0x105f8    : lw a3, -100(s0)            : MemRead :  D=0x0000000000000051 A=0x7ffffffffffffd7c
4804500: system.cpu: T0 : 0x105fc    : lw a4, -92(s0)             : MemRead :  D=0x0000000000000031 A=0x7ffffffffffffd84
4805000: system.cpu: T0 : 0x10600    : subw a4, a3, a4            : IntAlu :  D=0x0000000000000020
4805500: system.cpu: T0 : 0x10604    : c_addiw a4, 0              : IntAlu :  D=0x0000000000000020
4806500: system.cpu: T0 : 0x10606    : div a5, a5, a4             : IntDiv :  D=0x0000000000000000
4807500: system.cpu: T0 : 0x1060a    : sd a5, -64(s0)             : MemWrite :  D=0x0000000000000000 A=0x7ffffffffffffda0
4808000: system.cpu: T0 : 0x1060e    : c_j 96                     : IntAlu : 
4809000: system.cpu: T0 : 0x1066e    : ld a4, -32(s0)             : MemRead :  D=0x0000000000000f2b A=0x7ffffffffffffdc0
4810000: system.cpu: T0 : 0x10672    : ld a5, -64(s0)             : MemRead :  D=0x0000000000000000 A=0x7ffffffffffffda0
4810500: system.cpu: T0 : 0x10676    : c_add a5, a4               : IntAlu :  D=0x0000000000000f2b
4811000: system.cpu: T0 : 0x10678    : sd a5, -32(s0)             : MemWrite :  D=0x0000000000000f2b A=0x7ffffffffffffdc0
4811500: system.cpu: T0 : 0x1067c    : lw a5, -100(s0)            : MemRead :  D=0x0000000000000051 A=0x7ffffffffffffd7c
4812000: system.cpu: T0 : 0x10680    : c_addiw a5, 1              : IntAlu :  D=0x0000000000000052
4813000: system.cpu: T0 : 0x10682    : sw a5, -100(s0)            : MemWrite :  D=0x0000000000000052 A=0x7ffffffffffffd7c
4814000: system.cpu: T0 : 0x10686    : lw a5, -100(s0)            : MemRead :  D=0x0000000000000052 A=0x7ffffffffffffd7c
4815000: system.cpu: T0 : 0x1068a    : addiw a4, a5, 0            : IntAlu :  D=0x0000000000000052
4816000: system.cpu: T0 : 0x1068e    : addi a5, zero, 100         : IntAlu :  D=0x0000000000000064
4817000: system.cpu: T0 : 0x10692    : bge a5, a4, -206           : IntAlu : 
4817500: system.cpu: T0 : 0x105c4    : ld a5, -128(s0)            : MemRead :  D=0x0000000000000001 A=0x7ffffffffffffd60
4818000: system.cpu: T0 : 0x105c8    : sub a4, zero, a5           : IntAlu :  D=0xffffffffffffffff
4818500: system.cpu: T0 : 0x105cc    : lw a5, -100(s0)            : MemRead :  D=0x0000000000000052 A=0x7ffffffffffffd7c
4819000: system.cpu: T0 : 0x105d0    : div a5, a4, a5             : IntDiv :  D=0x0000000000000000
4819500: system.cpu: T0 : 0x105d4    : ld a4, -56(s0)             : MemRead :  D=0x0000000000000000 A=0x7ffffffffffffda8
4820000: system.cpu: T0 : 0x105d8    : mul a5, a4, a5             : IntMult :  D=0x0000000000000000
4820500: system.cpu: T0 : 0x105dc    : sd a5, -56(s0)             : MemWrite :  D=0x0000000000000000 A=0x7ffffffffffffda8
4821000: system.cpu: T0 : 0x105e0    : lw a4, -100(s0)            : MemRead :  D=0x0000000000000052 A=0x7ffffffffffffd7c
4821500: system.cpu: T0 : 0x105e4    : lw a5, -92(s0)             : MemRead :  D=0x0000000000000031 A=0x7ffffffffffffd84
4822000: system.cpu: T0 : 0x105e8    : c_addiw a4, 0              : IntAlu :  D=0x0000000000000052
4822500: system.cpu: T0 : 0x105ea    : c_addiw a5, 0              : IntAlu :  D=0x0000000000000031
4823000: system.cpu: T0 : 0x105ec    : beq a4, a5, 36             : IntAlu : 
4823500: system.cpu: T0 : 0x105f0    : ld a5, -56(s0)             : MemRead :  D=0x0000000000000000 A=0x7ffffffffffffda8
4824000: system.cpu: T0 : 0x105f4    : sub a5, zero, a5           : IntAlu :  D=0x0000000000000000
4824500: system.cpu: T0 : 0x105f8    : lw a3, -100(s0)            : MemRead :  D=0x0000000000000052 A=0x7ffffffffffffd7c
4825000: system.cpu: T0 : 0x105fc    : lw a4, -92(s0)             : MemRead :  D=0x0000000000000031 A=0x7ffffffffffffd84
4825500: system.cpu: T0 : 0x10600    : subw a4, a3, a4            : IntAlu :  D=0x0000000000000021
4826000: system.cpu: T0 : 0x10604    : c_addiw a4, 0              : IntAlu :  D=0x0000000000000021
4827000: system.cpu: T0 : 0x10606    : div a5, a5, a4             : IntDiv :  D=0x0000000000000000
4828000: system.cpu: T0 : 0x1060a    : sd a5, -64(s0)             : MemWrite :  D=0x0000000000000000 A=0x7ffffffffffffda0
4828500: system.cpu: T0 : 0x1060e    : c_j 96                     : IntAlu : 
4829500: system.cpu: T0 : 0x1066e    : ld a4, -32(s0)             : MemRead :  D=0x0000000000000f2b A=0x7ffffffffffffdc0
4830500: system.cpu: T0 : 0x10672    : ld a5, -64(s0)             : MemRead :  D=0x0000000000000000 A=0x7ffffffffffffda0
4831000: system.cpu: T0 : 0x10676    : c_add a5, a4               : IntAlu :  D=0x0000000000000f2b
4831500: system.cpu: T0 : 0x10678    : sd a5, -32(s0)             : MemWrite :  D=0x0000000000000f2b A=0x7ffffffffffffdc0
4832000: system.cpu: T0 : 0x1067c    : lw a5, -100(s0)            : MemRead :  D=0x0000000000000052 A=0x7ffffffffffffd7c
4832500: system.cpu: T0 : 0x10680    : c_addiw a5, 1              : IntAlu :  D=0x0000000000000053
4833500: system.cpu: T0 : 0x10682    : sw a5, -100(s0)            : MemWrite :  D=0x0000000000000053 A=0x7ffffffffffffd7c
4834500: system.cpu: T0 : 0x10686    : lw a5, -100(s0)            : MemRead :  D=0x0000000000000053 A=0x7ffffffffffffd7c
4835500: system.cpu: T0 : 0x1068a    : addiw a4, a5, 0            : IntAlu :  D=0x0000000000000053
4836500: system.cpu: T0 : 0x1068e    : addi a5, zero, 100         : IntAlu :  D=0x0000000000000064
4837500: system.cpu: T0 : 0x10692    : bge a5, a4, -206           : IntAlu : 
4838000: system.cpu: T0 : 0x105c4    : ld a5, -128(s0)            : MemRead :  D=0x0000000000000001 A=0x7ffffffffffffd60
4838500: system.cpu: T0 : 0x105c8    : sub a4, zero, a5           : IntAlu :  D=0xffffffffffffffff
4839000: system.cpu: T0 : 0x105cc    : lw a5, -100(s0)            : MemRead :  D=0x0000000000000053 A=0x7ffffffffffffd7c
4839500: system.cpu: T0 : 0x105d0    : div a5, a4, a5             : IntDiv :  D=0x0000000000000000
4840000: system.cpu: T0 : 0x105d4    : ld a4, -56(s0)             : MemRead :  D=0x0000000000000000 A=0x7ffffffffffffda8
4840500: system.cpu: T0 : 0x105d8    : mul a5, a4, a5             : IntMult :  D=0x0000000000000000
4841000: system.cpu: T0 : 0x105dc    : sd a5, -56(s0)             : MemWrite :  D=0x0000000000000000 A=0x7ffffffffffffda8
4841500: system.cpu: T0 : 0x105e0    : lw a4, -100(s0)            : MemRead :  D=0x0000000000000053 A=0x7ffffffffffffd7c
4842000: system.cpu: T0 : 0x105e4    : lw a5, -92(s0)             : MemRead :  D=0x0000000000000031 A=0x7ffffffffffffd84
4842500: system.cpu: T0 : 0x105e8    : c_addiw a4, 0              : IntAlu :  D=0x0000000000000053
4843000: system.cpu: T0 : 0x105ea    : c_addiw a5, 0              : IntAlu :  D=0x0000000000000031
4843500: system.cpu: T0 : 0x105ec    : beq a4, a5, 36             : IntAlu : 
4844000: system.cpu: T0 : 0x105f0    : ld a5, -56(s0)             : MemRead :  D=0x0000000000000000 A=0x7ffffffffffffda8
4844500: system.cpu: T0 : 0x105f4    : sub a5, zero, a5           : IntAlu :  D=0x0000000000000000
4845000: system.cpu: T0 : 0x105f8    : lw a3, -100(s0)            : MemRead :  D=0x0000000000000053 A=0x7ffffffffffffd7c
4845500: system.cpu: T0 : 0x105fc    : lw a4, -92(s0)             : MemRead :  D=0x0000000000000031 A=0x7ffffffffffffd84
4846000: system.cpu: T0 : 0x10600    : subw a4, a3, a4            : IntAlu :  D=0x0000000000000022
4846500: system.cpu: T0 : 0x10604    : c_addiw a4, 0              : IntAlu :  D=0x0000000000000022
4847500: system.cpu: T0 : 0x10606    : div a5, a5, a4             : IntDiv :  D=0x0000000000000000
4848500: system.cpu: T0 : 0x1060a    : sd a5, -64(s0)             : MemWrite :  D=0x0000000000000000 A=0x7ffffffffffffda0
4849000: system.cpu: T0 : 0x1060e    : c_j 96                     : IntAlu : 
4850000: system.cpu: T0 : 0x1066e    : ld a4, -32(s0)             : MemRead :  D=0x0000000000000f2b A=0x7ffffffffffffdc0
4851000: system.cpu: T0 : 0x10672    : ld a5, -64(s0)             : MemRead :  D=0x0000000000000000 A=0x7ffffffffffffda0
4851500: system.cpu: T0 : 0x10676    : c_add a5, a4               : IntAlu :  D=0x0000000000000f2b
4852000: system.cpu: T0 : 0x10678    : sd a5, -32(s0)             : MemWrite :  D=0x0000000000000f2b A=0x7ffffffffffffdc0
4852500: system.cpu: T0 : 0x1067c    : lw a5, -100(s0)            : MemRead :  D=0x0000000000000053 A=0x7ffffffffffffd7c
4853000: system.cpu: T0 : 0x10680    : c_addiw a5, 1              : IntAlu :  D=0x0000000000000054
4854000: system.cpu: T0 : 0x10682    : sw a5, -100(s0)            : MemWrite :  D=0x0000000000000054 A=0x7ffffffffffffd7c
4855000: system.cpu: T0 : 0x10686    : lw a5, -100(s0)            : MemRead :  D=0x0000000000000054 A=0x7ffffffffffffd7c
4856000: system.cpu: T0 : 0x1068a    : addiw a4, a5, 0            : IntAlu :  D=0x0000000000000054
4857000: system.cpu: T0 : 0x1068e    : addi a5, zero, 100         : IntAlu :  D=0x0000000000000064
4858000: system.cpu: T0 : 0x10692    : bge a5, a4, -206           : IntAlu : 
4858500: system.cpu: T0 : 0x105c4    : ld a5, -128(s0)            : MemRead :  D=0x0000000000000001 A=0x7ffffffffffffd60
4859000: system.cpu: T0 : 0x105c8    : sub a4, zero, a5           : IntAlu :  D=0xffffffffffffffff
4859500: system.cpu: T0 : 0x105cc    : lw a5, -100(s0)            : MemRead :  D=0x0000000000000054 A=0x7ffffffffffffd7c
4860000: system.cpu: T0 : 0x105d0    : div a5, a4, a5             : IntDiv :  D=0x0000000000000000
4860500: system.cpu: T0 : 0x105d4    : ld a4, -56(s0)             : MemRead :  D=0x0000000000000000 A=0x7ffffffffffffda8
4861000: system.cpu: T0 : 0x105d8    : mul a5, a4, a5             : IntMult :  D=0x0000000000000000
4861500: system.cpu: T0 : 0x105dc    : sd a5, -56(s0)             : MemWrite :  D=0x0000000000000000 A=0x7ffffffffffffda8
4862000: system.cpu: T0 : 0x105e0    : lw a4, -100(s0)            : MemRead :  D=0x0000000000000054 A=0x7ffffffffffffd7c
4862500: system.cpu: T0 : 0x105e4    : lw a5, -92(s0)             : MemRead :  D=0x0000000000000031 A=0x7ffffffffffffd84
4863000: system.cpu: T0 : 0x105e8    : c_addiw a4, 0              : IntAlu :  D=0x0000000000000054
4863500: system.cpu: T0 : 0x105ea    : c_addiw a5, 0              : IntAlu :  D=0x0000000000000031
4864000: system.cpu: T0 : 0x105ec    : beq a4, a5, 36             : IntAlu : 
4864500: system.cpu: T0 : 0x105f0    : ld a5, -56(s0)             : MemRead :  D=0x0000000000000000 A=0x7ffffffffffffda8
4865000: system.cpu: T0 : 0x105f4    : sub a5, zero, a5           : IntAlu :  D=0x0000000000000000
4865500: system.cpu: T0 : 0x105f8    : lw a3, -100(s0)            : MemRead :  D=0x0000000000000054 A=0x7ffffffffffffd7c
4866000: system.cpu: T0 : 0x105fc    : lw a4, -92(s0)             : MemRead :  D=0x0000000000000031 A=0x7ffffffffffffd84
4866500: system.cpu: T0 : 0x10600    : subw a4, a3, a4            : IntAlu :  D=0x0000000000000023
4867000: system.cpu: T0 : 0x10604    : c_addiw a4, 0              : IntAlu :  D=0x0000000000000023
4868000: system.cpu: T0 : 0x10606    : div a5, a5, a4             : IntDiv :  D=0x0000000000000000
4869000: system.cpu: T0 : 0x1060a    : sd a5, -64(s0)             : MemWrite :  D=0x0000000000000000 A=0x7ffffffffffffda0
4869500: system.cpu: T0 : 0x1060e    : c_j 96                     : IntAlu : 
4870500: system.cpu: T0 : 0x1066e    : ld a4, -32(s0)             : MemRead :  D=0x0000000000000f2b A=0x7ffffffffffffdc0
4871500: system.cpu: T0 : 0x10672    : ld a5, -64(s0)             : MemRead :  D=0x0000000000000000 A=0x7ffffffffffffda0
4872000: system.cpu: T0 : 0x10676    : c_add a5, a4               : IntAlu :  D=0x0000000000000f2b
4872500: system.cpu: T0 : 0x10678    : sd a5, -32(s0)             : MemWrite :  D=0x0000000000000f2b A=0x7ffffffffffffdc0
4873000: system.cpu: T0 : 0x1067c    : lw a5, -100(s0)            : MemRead :  D=0x0000000000000054 A=0x7ffffffffffffd7c
4873500: system.cpu: T0 : 0x10680    : c_addiw a5, 1              : IntAlu :  D=0x0000000000000055
4874500: system.cpu: T0 : 0x10682    : sw a5, -100(s0)            : MemWrite :  D=0x0000000000000055 A=0x7ffffffffffffd7c
4875500: system.cpu: T0 : 0x10686    : lw a5, -100(s0)            : MemRead :  D=0x0000000000000055 A=0x7ffffffffffffd7c
4876500: system.cpu: T0 : 0x1068a    : addiw a4, a5, 0            : IntAlu :  D=0x0000000000000055
4877500: system.cpu: T0 : 0x1068e    : addi a5, zero, 100         : IntAlu :  D=0x0000000000000064
4878500: system.cpu: T0 : 0x10692    : bge a5, a4, -206           : IntAlu : 
4879000: system.cpu: T0 : 0x105c4    : ld a5, -128(s0)            : MemRead :  D=0x0000000000000001 A=0x7ffffffffffffd60
4879500: system.cpu: T0 : 0x105c8    : sub a4, zero, a5           : IntAlu :  D=0xffffffffffffffff
4880000: system.cpu: T0 : 0x105cc    : lw a5, -100(s0)            : MemRead :  D=0x0000000000000055 A=0x7ffffffffffffd7c
4880500: system.cpu: T0 : 0x105d0    : div a5, a4, a5             : IntDiv :  D=0x0000000000000000
4881000: system.cpu: T0 : 0x105d4    : ld a4, -56(s0)             : MemRead :  D=0x0000000000000000 A=0x7ffffffffffffda8
4881500: system.cpu: T0 : 0x105d8    : mul a5, a4, a5             : IntMult :  D=0x0000000000000000
4882000: system.cpu: T0 : 0x105dc    : sd a5, -56(s0)             : MemWrite :  D=0x0000000000000000 A=0x7ffffffffffffda8
4882500: system.cpu: T0 : 0x105e0    : lw a4, -100(s0)            : MemRead :  D=0x0000000000000055 A=0x7ffffffffffffd7c
4883000: system.cpu: T0 : 0x105e4    : lw a5, -92(s0)             : MemRead :  D=0x0000000000000031 A=0x7ffffffffffffd84
4883500: system.cpu: T0 : 0x105e8    : c_addiw a4, 0              : IntAlu :  D=0x0000000000000055
4884000: system.cpu: T0 : 0x105ea    : c_addiw a5, 0              : IntAlu :  D=0x0000000000000031
4884500: system.cpu: T0 : 0x105ec    : beq a4, a5, 36             : IntAlu : 
4885000: system.cpu: T0 : 0x105f0    : ld a5, -56(s0)             : MemRead :  D=0x0000000000000000 A=0x7ffffffffffffda8
4885500: system.cpu: T0 : 0x105f4    : sub a5, zero, a5           : IntAlu :  D=0x0000000000000000
4886000: system.cpu: T0 : 0x105f8    : lw a3, -100(s0)            : MemRead :  D=0x0000000000000055 A=0x7ffffffffffffd7c
4886500: system.cpu: T0 : 0x105fc    : lw a4, -92(s0)             : MemRead :  D=0x0000000000000031 A=0x7ffffffffffffd84
4887000: system.cpu: T0 : 0x10600    : subw a4, a3, a4            : IntAlu :  D=0x0000000000000024
4887500: system.cpu: T0 : 0x10604    : c_addiw a4, 0              : IntAlu :  D=0x0000000000000024
4888500: system.cpu: T0 : 0x10606    : div a5, a5, a4             : IntDiv :  D=0x0000000000000000
4889500: system.cpu: T0 : 0x1060a    : sd a5, -64(s0)             : MemWrite :  D=0x0000000000000000 A=0x7ffffffffffffda0
4890000: system.cpu: T0 : 0x1060e    : c_j 96                     : IntAlu : 
4891000: system.cpu: T0 : 0x1066e    : ld a4, -32(s0)             : MemRead :  D=0x0000000000000f2b A=0x7ffffffffffffdc0
4892000: system.cpu: T0 : 0x10672    : ld a5, -64(s0)             : MemRead :  D=0x0000000000000000 A=0x7ffffffffffffda0
4892500: system.cpu: T0 : 0x10676    : c_add a5, a4               : IntAlu :  D=0x0000000000000f2b
4893000: system.cpu: T0 : 0x10678    : sd a5, -32(s0)             : MemWrite :  D=0x0000000000000f2b A=0x7ffffffffffffdc0
4893500: system.cpu: T0 : 0x1067c    : lw a5, -100(s0)            : MemRead :  D=0x0000000000000055 A=0x7ffffffffffffd7c
4894000: system.cpu: T0 : 0x10680    : c_addiw a5, 1              : IntAlu :  D=0x0000000000000056
4895000: system.cpu: T0 : 0x10682    : sw a5, -100(s0)            : MemWrite :  D=0x0000000000000056 A=0x7ffffffffffffd7c
4896000: system.cpu: T0 : 0x10686    : lw a5, -100(s0)            : MemRead :  D=0x0000000000000056 A=0x7ffffffffffffd7c
4897000: system.cpu: T0 : 0x1068a    : addiw a4, a5, 0            : IntAlu :  D=0x0000000000000056
4898000: system.cpu: T0 : 0x1068e    : addi a5, zero, 100         : IntAlu :  D=0x0000000000000064
4899000: system.cpu: T0 : 0x10692    : bge a5, a4, -206           : IntAlu : 
4899500: system.cpu: T0 : 0x105c4    : ld a5, -128(s0)            : MemRead :  D=0x0000000000000001 A=0x7ffffffffffffd60
4900000: system.cpu: T0 : 0x105c8    : sub a4, zero, a5           : IntAlu :  D=0xffffffffffffffff
4900500: system.cpu: T0 : 0x105cc    : lw a5, -100(s0)            : MemRead :  D=0x0000000000000056 A=0x7ffffffffffffd7c
4901000: system.cpu: T0 : 0x105d0    : div a5, a4, a5             : IntDiv :  D=0x0000000000000000
4901500: system.cpu: T0 : 0x105d4    : ld a4, -56(s0)             : MemRead :  D=0x0000000000000000 A=0x7ffffffffffffda8
4902000: system.cpu: T0 : 0x105d8    : mul a5, a4, a5             : IntMult :  D=0x0000000000000000
4902500: system.cpu: T0 : 0x105dc    : sd a5, -56(s0)             : MemWrite :  D=0x0000000000000000 A=0x7ffffffffffffda8
4903000: system.cpu: T0 : 0x105e0    : lw a4, -100(s0)            : MemRead :  D=0x0000000000000056 A=0x7ffffffffffffd7c
4903500: system.cpu: T0 : 0x105e4    : lw a5, -92(s0)             : MemRead :  D=0x0000000000000031 A=0x7ffffffffffffd84
4904000: system.cpu: T0 : 0x105e8    : c_addiw a4, 0              : IntAlu :  D=0x0000000000000056
4904500: system.cpu: T0 : 0x105ea    : c_addiw a5, 0              : IntAlu :  D=0x0000000000000031
4905000: system.cpu: T0 : 0x105ec    : beq a4, a5, 36             : IntAlu : 
4905500: system.cpu: T0 : 0x105f0    : ld a5, -56(s0)             : MemRead :  D=0x0000000000000000 A=0x7ffffffffffffda8
4906000: system.cpu: T0 : 0x105f4    : sub a5, zero, a5           : IntAlu :  D=0x0000000000000000
4906500: system.cpu: T0 : 0x105f8    : lw a3, -100(s0)            : MemRead :  D=0x0000000000000056 A=0x7ffffffffffffd7c
4907000: system.cpu: T0 : 0x105fc    : lw a4, -92(s0)             : MemRead :  D=0x0000000000000031 A=0x7ffffffffffffd84
4907500: system.cpu: T0 : 0x10600    : subw a4, a3, a4            : IntAlu :  D=0x0000000000000025
4908000: system.cpu: T0 : 0x10604    : c_addiw a4, 0              : IntAlu :  D=0x0000000000000025
4909000: system.cpu: T0 : 0x10606    : div a5, a5, a4             : IntDiv :  D=0x0000000000000000
4910000: system.cpu: T0 : 0x1060a    : sd a5, -64(s0)             : MemWrite :  D=0x0000000000000000 A=0x7ffffffffffffda0
4910500: system.cpu: T0 : 0x1060e    : c_j 96                     : IntAlu : 
4911500: system.cpu: T0 : 0x1066e    : ld a4, -32(s0)             : MemRead :  D=0x0000000000000f2b A=0x7ffffffffffffdc0
4912500: system.cpu: T0 : 0x10672    : ld a5, -64(s0)             : MemRead :  D=0x0000000000000000 A=0x7ffffffffffffda0
4913000: system.cpu: T0 : 0x10676    : c_add a5, a4               : IntAlu :  D=0x0000000000000f2b
4913500: system.cpu: T0 : 0x10678    : sd a5, -32(s0)             : MemWrite :  D=0x0000000000000f2b A=0x7ffffffffffffdc0
4914000: system.cpu: T0 : 0x1067c    : lw a5, -100(s0)            : MemRead :  D=0x0000000000000056 A=0x7ffffffffffffd7c
4914500: system.cpu: T0 : 0x10680    : c_addiw a5, 1              : IntAlu :  D=0x0000000000000057
4915500: system.cpu: T0 : 0x10682    : sw a5, -100(s0)            : MemWrite :  D=0x0000000000000057 A=0x7ffffffffffffd7c
4916500: system.cpu: T0 : 0x10686    : lw a5, -100(s0)            : MemRead :  D=0x0000000000000057 A=0x7ffffffffffffd7c
4917500: system.cpu: T0 : 0x1068a    : addiw a4, a5, 0            : IntAlu :  D=0x0000000000000057
4918500: system.cpu: T0 : 0x1068e    : addi a5, zero, 100         : IntAlu :  D=0x0000000000000064
4919500: system.cpu: T0 : 0x10692    : bge a5, a4, -206           : IntAlu : 
4920000: system.cpu: T0 : 0x105c4    : ld a5, -128(s0)            : MemRead :  D=0x0000000000000001 A=0x7ffffffffffffd60
4920500: system.cpu: T0 : 0x105c8    : sub a4, zero, a5           : IntAlu :  D=0xffffffffffffffff
4921000: system.cpu: T0 : 0x105cc    : lw a5, -100(s0)            : MemRead :  D=0x0000000000000057 A=0x7ffffffffffffd7c
4921500: system.cpu: T0 : 0x105d0    : div a5, a4, a5             : IntDiv :  D=0x0000000000000000
4922000: system.cpu: T0 : 0x105d4    : ld a4, -56(s0)             : MemRead :  D=0x0000000000000000 A=0x7ffffffffffffda8
4922500: system.cpu: T0 : 0x105d8    : mul a5, a4, a5             : IntMult :  D=0x0000000000000000
4923000: system.cpu: T0 : 0x105dc    : sd a5, -56(s0)             : MemWrite :  D=0x0000000000000000 A=0x7ffffffffffffda8
4923500: system.cpu: T0 : 0x105e0    : lw a4, -100(s0)            : MemRead :  D=0x0000000000000057 A=0x7ffffffffffffd7c
4924000: system.cpu: T0 : 0x105e4    : lw a5, -92(s0)             : MemRead :  D=0x0000000000000031 A=0x7ffffffffffffd84
4924500: system.cpu: T0 : 0x105e8    : c_addiw a4, 0              : IntAlu :  D=0x0000000000000057
4925000: system.cpu: T0 : 0x105ea    : c_addiw a5, 0              : IntAlu :  D=0x0000000000000031
4925500: system.cpu: T0 : 0x105ec    : beq a4, a5, 36             : IntAlu : 
4926000: system.cpu: T0 : 0x105f0    : ld a5, -56(s0)             : MemRead :  D=0x0000000000000000 A=0x7ffffffffffffda8
4926500: system.cpu: T0 : 0x105f4    : sub a5, zero, a5           : IntAlu :  D=0x0000000000000000
4927000: system.cpu: T0 : 0x105f8    : lw a3, -100(s0)            : MemRead :  D=0x0000000000000057 A=0x7ffffffffffffd7c
4927500: system.cpu: T0 : 0x105fc    : lw a4, -92(s0)             : MemRead :  D=0x0000000000000031 A=0x7ffffffffffffd84
4928000: system.cpu: T0 : 0x10600    : subw a4, a3, a4            : IntAlu :  D=0x0000000000000026
4928500: system.cpu: T0 : 0x10604    : c_addiw a4, 0              : IntAlu :  D=0x0000000000000026
4929500: system.cpu: T0 : 0x10606    : div a5, a5, a4             : IntDiv :  D=0x0000000000000000
4930500: system.cpu: T0 : 0x1060a    : sd a5, -64(s0)             : MemWrite :  D=0x0000000000000000 A=0x7ffffffffffffda0
4931000: system.cpu: T0 : 0x1060e    : c_j 96                     : IntAlu : 
4932000: system.cpu: T0 : 0x1066e    : ld a4, -32(s0)             : MemRead :  D=0x0000000000000f2b A=0x7ffffffffffffdc0
4933000: system.cpu: T0 : 0x10672    : ld a5, -64(s0)             : MemRead :  D=0x0000000000000000 A=0x7ffffffffffffda0
4933500: system.cpu: T0 : 0x10676    : c_add a5, a4               : IntAlu :  D=0x0000000000000f2b
4934000: system.cpu: T0 : 0x10678    : sd a5, -32(s0)             : MemWrite :  D=0x0000000000000f2b A=0x7ffffffffffffdc0
4934500: system.cpu: T0 : 0x1067c    : lw a5, -100(s0)            : MemRead :  D=0x0000000000000057 A=0x7ffffffffffffd7c
4935000: system.cpu: T0 : 0x10680    : c_addiw a5, 1              : IntAlu :  D=0x0000000000000058
4936000: system.cpu: T0 : 0x10682    : sw a5, -100(s0)            : MemWrite :  D=0x0000000000000058 A=0x7ffffffffffffd7c
4937000: system.cpu: T0 : 0x10686    : lw a5, -100(s0)            : MemRead :  D=0x0000000000000058 A=0x7ffffffffffffd7c
4938000: system.cpu: T0 : 0x1068a    : addiw a4, a5, 0            : IntAlu :  D=0x0000000000000058
4939000: system.cpu: T0 : 0x1068e    : addi a5, zero, 100         : IntAlu :  D=0x0000000000000064
4940000: system.cpu: T0 : 0x10692    : bge a5, a4, -206           : IntAlu : 
4940500: system.cpu: T0 : 0x105c4    : ld a5, -128(s0)            : MemRead :  D=0x0000000000000001 A=0x7ffffffffffffd60
4941000: system.cpu: T0 : 0x105c8    : sub a4, zero, a5           : IntAlu :  D=0xffffffffffffffff
4941500: system.cpu: T0 : 0x105cc    : lw a5, -100(s0)            : MemRead :  D=0x0000000000000058 A=0x7ffffffffffffd7c
4942000: system.cpu: T0 : 0x105d0    : div a5, a4, a5             : IntDiv :  D=0x0000000000000000
4942500: system.cpu: T0 : 0x105d4    : ld a4, -56(s0)             : MemRead :  D=0x0000000000000000 A=0x7ffffffffffffda8
4943000: system.cpu: T0 : 0x105d8    : mul a5, a4, a5             : IntMult :  D=0x0000000000000000
4943500: system.cpu: T0 : 0x105dc    : sd a5, -56(s0)             : MemWrite :  D=0x0000000000000000 A=0x7ffffffffffffda8
4944000: system.cpu: T0 : 0x105e0    : lw a4, -100(s0)            : MemRead :  D=0x0000000000000058 A=0x7ffffffffffffd7c
4944500: system.cpu: T0 : 0x105e4    : lw a5, -92(s0)             : MemRead :  D=0x0000000000000031 A=0x7ffffffffffffd84
4945000: system.cpu: T0 : 0x105e8    : c_addiw a4, 0              : IntAlu :  D=0x0000000000000058
4945500: system.cpu: T0 : 0x105ea    : c_addiw a5, 0              : IntAlu :  D=0x0000000000000031
4946000: system.cpu: T0 : 0x105ec    : beq a4, a5, 36             : IntAlu : 
4946500: system.cpu: T0 : 0x105f0    : ld a5, -56(s0)             : MemRead :  D=0x0000000000000000 A=0x7ffffffffffffda8
4947000: system.cpu: T0 : 0x105f4    : sub a5, zero, a5           : IntAlu :  D=0x0000000000000000
4947500: system.cpu: T0 : 0x105f8    : lw a3, -100(s0)            : MemRead :  D=0x0000000000000058 A=0x7ffffffffffffd7c
4948000: system.cpu: T0 : 0x105fc    : lw a4, -92(s0)             : MemRead :  D=0x0000000000000031 A=0x7ffffffffffffd84
4948500: system.cpu: T0 : 0x10600    : subw a4, a3, a4            : IntAlu :  D=0x0000000000000027
4949000: system.cpu: T0 : 0x10604    : c_addiw a4, 0              : IntAlu :  D=0x0000000000000027
4950000: system.cpu: T0 : 0x10606    : div a5, a5, a4             : IntDiv :  D=0x0000000000000000
4951000: system.cpu: T0 : 0x1060a    : sd a5, -64(s0)             : MemWrite :  D=0x0000000000000000 A=0x7ffffffffffffda0
4951500: system.cpu: T0 : 0x1060e    : c_j 96                     : IntAlu : 
4952500: system.cpu: T0 : 0x1066e    : ld a4, -32(s0)             : MemRead :  D=0x0000000000000f2b A=0x7ffffffffffffdc0
4953500: system.cpu: T0 : 0x10672    : ld a5, -64(s0)             : MemRead :  D=0x0000000000000000 A=0x7ffffffffffffda0
4954000: system.cpu: T0 : 0x10676    : c_add a5, a4               : IntAlu :  D=0x0000000000000f2b
4954500: system.cpu: T0 : 0x10678    : sd a5, -32(s0)             : MemWrite :  D=0x0000000000000f2b A=0x7ffffffffffffdc0
4955000: system.cpu: T0 : 0x1067c    : lw a5, -100(s0)            : MemRead :  D=0x0000000000000058 A=0x7ffffffffffffd7c
4955500: system.cpu: T0 : 0x10680    : c_addiw a5, 1              : IntAlu :  D=0x0000000000000059
4956500: system.cpu: T0 : 0x10682    : sw a5, -100(s0)            : MemWrite :  D=0x0000000000000059 A=0x7ffffffffffffd7c
4957500: system.cpu: T0 : 0x10686    : lw a5, -100(s0)            : MemRead :  D=0x0000000000000059 A=0x7ffffffffffffd7c
4958500: system.cpu: T0 : 0x1068a    : addiw a4, a5, 0            : IntAlu :  D=0x0000000000000059
4959500: system.cpu: T0 : 0x1068e    : addi a5, zero, 100         : IntAlu :  D=0x0000000000000064
4960500: system.cpu: T0 : 0x10692    : bge a5, a4, -206           : IntAlu : 
4961000: system.cpu: T0 : 0x105c4    : ld a5, -128(s0)            : MemRead :  D=0x0000000000000001 A=0x7ffffffffffffd60
4961500: system.cpu: T0 : 0x105c8    : sub a4, zero, a5           : IntAlu :  D=0xffffffffffffffff
4962000: system.cpu: T0 : 0x105cc    : lw a5, -100(s0)            : MemRead :  D=0x0000000000000059 A=0x7ffffffffffffd7c
4962500: system.cpu: T0 : 0x105d0    : div a5, a4, a5             : IntDiv :  D=0x0000000000000000
4963000: system.cpu: T0 : 0x105d4    : ld a4, -56(s0)             : MemRead :  D=0x0000000000000000 A=0x7ffffffffffffda8
4963500: system.cpu: T0 : 0x105d8    : mul a5, a4, a5             : IntMult :  D=0x0000000000000000
4964000: system.cpu: T0 : 0x105dc    : sd a5, -56(s0)             : MemWrite :  D=0x0000000000000000 A=0x7ffffffffffffda8
4964500: system.cpu: T0 : 0x105e0    : lw a4, -100(s0)            : MemRead :  D=0x0000000000000059 A=0x7ffffffffffffd7c
4965000: system.cpu: T0 : 0x105e4    : lw a5, -92(s0)             : MemRead :  D=0x0000000000000031 A=0x7ffffffffffffd84
4965500: system.cpu: T0 : 0x105e8    : c_addiw a4, 0              : IntAlu :  D=0x0000000000000059
4966000: system.cpu: T0 : 0x105ea    : c_addiw a5, 0              : IntAlu :  D=0x0000000000000031
4966500: system.cpu: T0 : 0x105ec    : beq a4, a5, 36             : IntAlu : 
4967000: system.cpu: T0 : 0x105f0    : ld a5, -56(s0)             : MemRead :  D=0x0000000000000000 A=0x7ffffffffffffda8
4967500: system.cpu: T0 : 0x105f4    : sub a5, zero, a5           : IntAlu :  D=0x0000000000000000
4968000: system.cpu: T0 : 0x105f8    : lw a3, -100(s0)            : MemRead :  D=0x0000000000000059 A=0x7ffffffffffffd7c
4968500: system.cpu: T0 : 0x105fc    : lw a4, -92(s0)             : MemRead :  D=0x0000000000000031 A=0x7ffffffffffffd84
4969000: system.cpu: T0 : 0x10600    : subw a4, a3, a4            : IntAlu :  D=0x0000000000000028
4969500: system.cpu: T0 : 0x10604    : c_addiw a4, 0              : IntAlu :  D=0x0000000000000028
4970500: system.cpu: T0 : 0x10606    : div a5, a5, a4             : IntDiv :  D=0x0000000000000000
4971500: system.cpu: T0 : 0x1060a    : sd a5, -64(s0)             : MemWrite :  D=0x0000000000000000 A=0x7ffffffffffffda0
4972000: system.cpu: T0 : 0x1060e    : c_j 96                     : IntAlu : 
4973000: system.cpu: T0 : 0x1066e    : ld a4, -32(s0)             : MemRead :  D=0x0000000000000f2b A=0x7ffffffffffffdc0
4974000: system.cpu: T0 : 0x10672    : ld a5, -64(s0)             : MemRead :  D=0x0000000000000000 A=0x7ffffffffffffda0
4974500: system.cpu: T0 : 0x10676    : c_add a5, a4               : IntAlu :  D=0x0000000000000f2b
4975000: system.cpu: T0 : 0x10678    : sd a5, -32(s0)             : MemWrite :  D=0x0000000000000f2b A=0x7ffffffffffffdc0
4975500: system.cpu: T0 : 0x1067c    : lw a5, -100(s0)            : MemRead :  D=0x0000000000000059 A=0x7ffffffffffffd7c
4976000: system.cpu: T0 : 0x10680    : c_addiw a5, 1              : IntAlu :  D=0x000000000000005a
4977000: system.cpu: T0 : 0x10682    : sw a5, -100(s0)            : MemWrite :  D=0x000000000000005a A=0x7ffffffffffffd7c
4978000: system.cpu: T0 : 0x10686    : lw a5, -100(s0)            : MemRead :  D=0x000000000000005a A=0x7ffffffffffffd7c
4979000: system.cpu: T0 : 0x1068a    : addiw a4, a5, 0            : IntAlu :  D=0x000000000000005a
4980000: system.cpu: T0 : 0x1068e    : addi a5, zero, 100         : IntAlu :  D=0x0000000000000064
4981000: system.cpu: T0 : 0x10692    : bge a5, a4, -206           : IntAlu : 
4981500: system.cpu: T0 : 0x105c4    : ld a5, -128(s0)            : MemRead :  D=0x0000000000000001 A=0x7ffffffffffffd60
4982000: system.cpu: T0 : 0x105c8    : sub a4, zero, a5           : IntAlu :  D=0xffffffffffffffff
4982500: system.cpu: T0 : 0x105cc    : lw a5, -100(s0)            : MemRead :  D=0x000000000000005a A=0x7ffffffffffffd7c
4983000: system.cpu: T0 : 0x105d0    : div a5, a4, a5             : IntDiv :  D=0x0000000000000000
4983500: system.cpu: T0 : 0x105d4    : ld a4, -56(s0)             : MemRead :  D=0x0000000000000000 A=0x7ffffffffffffda8
4984000: system.cpu: T0 : 0x105d8    : mul a5, a4, a5             : IntMult :  D=0x0000000000000000
4984500: system.cpu: T0 : 0x105dc    : sd a5, -56(s0)             : MemWrite :  D=0x0000000000000000 A=0x7ffffffffffffda8
4985000: system.cpu: T0 : 0x105e0    : lw a4, -100(s0)            : MemRead :  D=0x000000000000005a A=0x7ffffffffffffd7c
4985500: system.cpu: T0 : 0x105e4    : lw a5, -92(s0)             : MemRead :  D=0x0000000000000031 A=0x7ffffffffffffd84
4986000: system.cpu: T0 : 0x105e8    : c_addiw a4, 0              : IntAlu :  D=0x000000000000005a
4986500: system.cpu: T0 : 0x105ea    : c_addiw a5, 0              : IntAlu :  D=0x0000000000000031
4987000: system.cpu: T0 : 0x105ec    : beq a4, a5, 36             : IntAlu : 
4987500: system.cpu: T0 : 0x105f0    : ld a5, -56(s0)             : MemRead :  D=0x0000000000000000 A=0x7ffffffffffffda8
4988000: system.cpu: T0 : 0x105f4    : sub a5, zero, a5           : IntAlu :  D=0x0000000000000000
4988500: system.cpu: T0 : 0x105f8    : lw a3, -100(s0)            : MemRead :  D=0x000000000000005a A=0x7ffffffffffffd7c
4989000: system.cpu: T0 : 0x105fc    : lw a4, -92(s0)             : MemRead :  D=0x0000000000000031 A=0x7ffffffffffffd84
4989500: system.cpu: T0 : 0x10600    : subw a4, a3, a4            : IntAlu :  D=0x0000000000000029
4990000: system.cpu: T0 : 0x10604    : c_addiw a4, 0              : IntAlu :  D=0x0000000000000029
4991000: system.cpu: T0 : 0x10606    : div a5, a5, a4             : IntDiv :  D=0x0000000000000000
4992000: system.cpu: T0 : 0x1060a    : sd a5, -64(s0)             : MemWrite :  D=0x0000000000000000 A=0x7ffffffffffffda0
4992500: system.cpu: T0 : 0x1060e    : c_j 96                     : IntAlu : 
4993500: system.cpu: T0 : 0x1066e    : ld a4, -32(s0)             : MemRead :  D=0x0000000000000f2b A=0x7ffffffffffffdc0
4994500: system.cpu: T0 : 0x10672    : ld a5, -64(s0)             : MemRead :  D=0x0000000000000000 A=0x7ffffffffffffda0
4995000: system.cpu: T0 : 0x10676    : c_add a5, a4               : IntAlu :  D=0x0000000000000f2b
4995500: system.cpu: T0 : 0x10678    : sd a5, -32(s0)             : MemWrite :  D=0x0000000000000f2b A=0x7ffffffffffffdc0
4996000: system.cpu: T0 : 0x1067c    : lw a5, -100(s0)            : MemRead :  D=0x000000000000005a A=0x7ffffffffffffd7c
4996500: system.cpu: T0 : 0x10680    : c_addiw a5, 1              : IntAlu :  D=0x000000000000005b
4997500: system.cpu: T0 : 0x10682    : sw a5, -100(s0)            : MemWrite :  D=0x000000000000005b A=0x7ffffffffffffd7c
4998500: system.cpu: T0 : 0x10686    : lw a5, -100(s0)            : MemRead :  D=0x000000000000005b A=0x7ffffffffffffd7c
4999500: system.cpu: T0 : 0x1068a    : addiw a4, a5, 0            : IntAlu :  D=0x000000000000005b
5000500: system.cpu: T0 : 0x1068e    : addi a5, zero, 100         : IntAlu :  D=0x0000000000000064
5001500: system.cpu: T0 : 0x10692    : bge a5, a4, -206           : IntAlu : 
5002000: system.cpu: T0 : 0x105c4    : ld a5, -128(s0)            : MemRead :  D=0x0000000000000001 A=0x7ffffffffffffd60
5002500: system.cpu: T0 : 0x105c8    : sub a4, zero, a5           : IntAlu :  D=0xffffffffffffffff
5003000: system.cpu: T0 : 0x105cc    : lw a5, -100(s0)            : MemRead :  D=0x000000000000005b A=0x7ffffffffffffd7c
5003500: system.cpu: T0 : 0x105d0    : div a5, a4, a5             : IntDiv :  D=0x0000000000000000
5004000: system.cpu: T0 : 0x105d4    : ld a4, -56(s0)             : MemRead :  D=0x0000000000000000 A=0x7ffffffffffffda8
5004500: system.cpu: T0 : 0x105d8    : mul a5, a4, a5             : IntMult :  D=0x0000000000000000
5005000: system.cpu: T0 : 0x105dc    : sd a5, -56(s0)             : MemWrite :  D=0x0000000000000000 A=0x7ffffffffffffda8
5005500: system.cpu: T0 : 0x105e0    : lw a4, -100(s0)            : MemRead :  D=0x000000000000005b A=0x7ffffffffffffd7c
5006000: system.cpu: T0 : 0x105e4    : lw a5, -92(s0)             : MemRead :  D=0x0000000000000031 A=0x7ffffffffffffd84
5006500: system.cpu: T0 : 0x105e8    : c_addiw a4, 0              : IntAlu :  D=0x000000000000005b
5007000: system.cpu: T0 : 0x105ea    : c_addiw a5, 0              : IntAlu :  D=0x0000000000000031
5007500: system.cpu: T0 : 0x105ec    : beq a4, a5, 36             : IntAlu : 
5008000: system.cpu: T0 : 0x105f0    : ld a5, -56(s0)             : MemRead :  D=0x0000000000000000 A=0x7ffffffffffffda8
5008500: system.cpu: T0 : 0x105f4    : sub a5, zero, a5           : IntAlu :  D=0x0000000000000000
5009000: system.cpu: T0 : 0x105f8    : lw a3, -100(s0)            : MemRead :  D=0x000000000000005b A=0x7ffffffffffffd7c
5009500: system.cpu: T0 : 0x105fc    : lw a4, -92(s0)             : MemRead :  D=0x0000000000000031 A=0x7ffffffffffffd84
5010000: system.cpu: T0 : 0x10600    : subw a4, a3, a4            : IntAlu :  D=0x000000000000002a
5010500: system.cpu: T0 : 0x10604    : c_addiw a4, 0              : IntAlu :  D=0x000000000000002a
5011500: system.cpu: T0 : 0x10606    : div a5, a5, a4             : IntDiv :  D=0x0000000000000000
5012500: system.cpu: T0 : 0x1060a    : sd a5, -64(s0)             : MemWrite :  D=0x0000000000000000 A=0x7ffffffffffffda0
5013000: system.cpu: T0 : 0x1060e    : c_j 96                     : IntAlu : 
5014000: system.cpu: T0 : 0x1066e    : ld a4, -32(s0)             : MemRead :  D=0x0000000000000f2b A=0x7ffffffffffffdc0
5015000: system.cpu: T0 : 0x10672    : ld a5, -64(s0)             : MemRead :  D=0x0000000000000000 A=0x7ffffffffffffda0
5015500: system.cpu: T0 : 0x10676    : c_add a5, a4               : IntAlu :  D=0x0000000000000f2b
5016000: system.cpu: T0 : 0x10678    : sd a5, -32(s0)             : MemWrite :  D=0x0000000000000f2b A=0x7ffffffffffffdc0
5016500: system.cpu: T0 : 0x1067c    : lw a5, -100(s0)            : MemRead :  D=0x000000000000005b A=0x7ffffffffffffd7c
5017000: system.cpu: T0 : 0x10680    : c_addiw a5, 1              : IntAlu :  D=0x000000000000005c
5018000: system.cpu: T0 : 0x10682    : sw a5, -100(s0)            : MemWrite :  D=0x000000000000005c A=0x7ffffffffffffd7c
5019000: system.cpu: T0 : 0x10686    : lw a5, -100(s0)            : MemRead :  D=0x000000000000005c A=0x7ffffffffffffd7c
5020000: system.cpu: T0 : 0x1068a    : addiw a4, a5, 0            : IntAlu :  D=0x000000000000005c
5021000: system.cpu: T0 : 0x1068e    : addi a5, zero, 100         : IntAlu :  D=0x0000000000000064
5022000: system.cpu: T0 : 0x10692    : bge a5, a4, -206           : IntAlu : 
5022500: system.cpu: T0 : 0x105c4    : ld a5, -128(s0)            : MemRead :  D=0x0000000000000001 A=0x7ffffffffffffd60
5023000: system.cpu: T0 : 0x105c8    : sub a4, zero, a5           : IntAlu :  D=0xffffffffffffffff
5023500: system.cpu: T0 : 0x105cc    : lw a5, -100(s0)            : MemRead :  D=0x000000000000005c A=0x7ffffffffffffd7c
5024000: system.cpu: T0 : 0x105d0    : div a5, a4, a5             : IntDiv :  D=0x0000000000000000
5024500: system.cpu: T0 : 0x105d4    : ld a4, -56(s0)             : MemRead :  D=0x0000000000000000 A=0x7ffffffffffffda8
5025000: system.cpu: T0 : 0x105d8    : mul a5, a4, a5             : IntMult :  D=0x0000000000000000
5025500: system.cpu: T0 : 0x105dc    : sd a5, -56(s0)             : MemWrite :  D=0x0000000000000000 A=0x7ffffffffffffda8
5026000: system.cpu: T0 : 0x105e0    : lw a4, -100(s0)            : MemRead :  D=0x000000000000005c A=0x7ffffffffffffd7c
5026500: system.cpu: T0 : 0x105e4    : lw a5, -92(s0)             : MemRead :  D=0x0000000000000031 A=0x7ffffffffffffd84
5027000: system.cpu: T0 : 0x105e8    : c_addiw a4, 0              : IntAlu :  D=0x000000000000005c
5027500: system.cpu: T0 : 0x105ea    : c_addiw a5, 0              : IntAlu :  D=0x0000000000000031
5028000: system.cpu: T0 : 0x105ec    : beq a4, a5, 36             : IntAlu : 
5028500: system.cpu: T0 : 0x105f0    : ld a5, -56(s0)             : MemRead :  D=0x0000000000000000 A=0x7ffffffffffffda8
5029000: system.cpu: T0 : 0x105f4    : sub a5, zero, a5           : IntAlu :  D=0x0000000000000000
5029500: system.cpu: T0 : 0x105f8    : lw a3, -100(s0)            : MemRead :  D=0x000000000000005c A=0x7ffffffffffffd7c
5030000: system.cpu: T0 : 0x105fc    : lw a4, -92(s0)             : MemRead :  D=0x0000000000000031 A=0x7ffffffffffffd84
5030500: system.cpu: T0 : 0x10600    : subw a4, a3, a4            : IntAlu :  D=0x000000000000002b
5031000: system.cpu: T0 : 0x10604    : c_addiw a4, 0              : IntAlu :  D=0x000000000000002b
5032000: system.cpu: T0 : 0x10606    : div a5, a5, a4             : IntDiv :  D=0x0000000000000000
5033000: system.cpu: T0 : 0x1060a    : sd a5, -64(s0)             : MemWrite :  D=0x0000000000000000 A=0x7ffffffffffffda0
5033500: system.cpu: T0 : 0x1060e    : c_j 96                     : IntAlu : 
5034500: system.cpu: T0 : 0x1066e    : ld a4, -32(s0)             : MemRead :  D=0x0000000000000f2b A=0x7ffffffffffffdc0
5035500: system.cpu: T0 : 0x10672    : ld a5, -64(s0)             : MemRead :  D=0x0000000000000000 A=0x7ffffffffffffda0
5036000: system.cpu: T0 : 0x10676    : c_add a5, a4               : IntAlu :  D=0x0000000000000f2b
5036500: system.cpu: T0 : 0x10678    : sd a5, -32(s0)             : MemWrite :  D=0x0000000000000f2b A=0x7ffffffffffffdc0
5037000: system.cpu: T0 : 0x1067c    : lw a5, -100(s0)            : MemRead :  D=0x000000000000005c A=0x7ffffffffffffd7c
5037500: system.cpu: T0 : 0x10680    : c_addiw a5, 1              : IntAlu :  D=0x000000000000005d
5038500: system.cpu: T0 : 0x10682    : sw a5, -100(s0)            : MemWrite :  D=0x000000000000005d A=0x7ffffffffffffd7c
5039500: system.cpu: T0 : 0x10686    : lw a5, -100(s0)            : MemRead :  D=0x000000000000005d A=0x7ffffffffffffd7c
5040500: system.cpu: T0 : 0x1068a    : addiw a4, a5, 0            : IntAlu :  D=0x000000000000005d
5041500: system.cpu: T0 : 0x1068e    : addi a5, zero, 100         : IntAlu :  D=0x0000000000000064
5042500: system.cpu: T0 : 0x10692    : bge a5, a4, -206           : IntAlu : 
5043000: system.cpu: T0 : 0x105c4    : ld a5, -128(s0)            : MemRead :  D=0x0000000000000001 A=0x7ffffffffffffd60
5043500: system.cpu: T0 : 0x105c8    : sub a4, zero, a5           : IntAlu :  D=0xffffffffffffffff
5044000: system.cpu: T0 : 0x105cc    : lw a5, -100(s0)            : MemRead :  D=0x000000000000005d A=0x7ffffffffffffd7c
5044500: system.cpu: T0 : 0x105d0    : div a5, a4, a5             : IntDiv :  D=0x0000000000000000
5045000: system.cpu: T0 : 0x105d4    : ld a4, -56(s0)             : MemRead :  D=0x0000000000000000 A=0x7ffffffffffffda8
5045500: system.cpu: T0 : 0x105d8    : mul a5, a4, a5             : IntMult :  D=0x0000000000000000
5046000: system.cpu: T0 : 0x105dc    : sd a5, -56(s0)             : MemWrite :  D=0x0000000000000000 A=0x7ffffffffffffda8
5046500: system.cpu: T0 : 0x105e0    : lw a4, -100(s0)            : MemRead :  D=0x000000000000005d A=0x7ffffffffffffd7c
5047000: system.cpu: T0 : 0x105e4    : lw a5, -92(s0)             : MemRead :  D=0x0000000000000031 A=0x7ffffffffffffd84
5047500: system.cpu: T0 : 0x105e8    : c_addiw a4, 0              : IntAlu :  D=0x000000000000005d
5048000: system.cpu: T0 : 0x105ea    : c_addiw a5, 0              : IntAlu :  D=0x0000000000000031
5048500: system.cpu: T0 : 0x105ec    : beq a4, a5, 36             : IntAlu : 
5049000: system.cpu: T0 : 0x105f0    : ld a5, -56(s0)             : MemRead :  D=0x0000000000000000 A=0x7ffffffffffffda8
5049500: system.cpu: T0 : 0x105f4    : sub a5, zero, a5           : IntAlu :  D=0x0000000000000000
5050000: system.cpu: T0 : 0x105f8    : lw a3, -100(s0)            : MemRead :  D=0x000000000000005d A=0x7ffffffffffffd7c
5050500: system.cpu: T0 : 0x105fc    : lw a4, -92(s0)             : MemRead :  D=0x0000000000000031 A=0x7ffffffffffffd84
5051000: system.cpu: T0 : 0x10600    : subw a4, a3, a4            : IntAlu :  D=0x000000000000002c
5051500: system.cpu: T0 : 0x10604    : c_addiw a4, 0              : IntAlu :  D=0x000000000000002c
5052500: system.cpu: T0 : 0x10606    : div a5, a5, a4             : IntDiv :  D=0x0000000000000000
5053500: system.cpu: T0 : 0x1060a    : sd a5, -64(s0)             : MemWrite :  D=0x0000000000000000 A=0x7ffffffffffffda0
5054000: system.cpu: T0 : 0x1060e    : c_j 96                     : IntAlu : 
5055000: system.cpu: T0 : 0x1066e    : ld a4, -32(s0)             : MemRead :  D=0x0000000000000f2b A=0x7ffffffffffffdc0
5056000: system.cpu: T0 : 0x10672    : ld a5, -64(s0)             : MemRead :  D=0x0000000000000000 A=0x7ffffffffffffda0
5056500: system.cpu: T0 : 0x10676    : c_add a5, a4               : IntAlu :  D=0x0000000000000f2b
5057000: system.cpu: T0 : 0x10678    : sd a5, -32(s0)             : MemWrite :  D=0x0000000000000f2b A=0x7ffffffffffffdc0
5057500: system.cpu: T0 : 0x1067c    : lw a5, -100(s0)            : MemRead :  D=0x000000000000005d A=0x7ffffffffffffd7c
5058000: system.cpu: T0 : 0x10680    : c_addiw a5, 1              : IntAlu :  D=0x000000000000005e
5059000: system.cpu: T0 : 0x10682    : sw a5, -100(s0)            : MemWrite :  D=0x000000000000005e A=0x7ffffffffffffd7c
5060000: system.cpu: T0 : 0x10686    : lw a5, -100(s0)            : MemRead :  D=0x000000000000005e A=0x7ffffffffffffd7c
5061000: system.cpu: T0 : 0x1068a    : addiw a4, a5, 0            : IntAlu :  D=0x000000000000005e
5062000: system.cpu: T0 : 0x1068e    : addi a5, zero, 100         : IntAlu :  D=0x0000000000000064
5063000: system.cpu: T0 : 0x10692    : bge a5, a4, -206           : IntAlu : 
5063500: system.cpu: T0 : 0x105c4    : ld a5, -128(s0)            : MemRead :  D=0x0000000000000001 A=0x7ffffffffffffd60
5064000: system.cpu: T0 : 0x105c8    : sub a4, zero, a5           : IntAlu :  D=0xffffffffffffffff
5064500: system.cpu: T0 : 0x105cc    : lw a5, -100(s0)            : MemRead :  D=0x000000000000005e A=0x7ffffffffffffd7c
5065000: system.cpu: T0 : 0x105d0    : div a5, a4, a5             : IntDiv :  D=0x0000000000000000
5065500: system.cpu: T0 : 0x105d4    : ld a4, -56(s0)             : MemRead :  D=0x0000000000000000 A=0x7ffffffffffffda8
5066000: system.cpu: T0 : 0x105d8    : mul a5, a4, a5             : IntMult :  D=0x0000000000000000
5066500: system.cpu: T0 : 0x105dc    : sd a5, -56(s0)             : MemWrite :  D=0x0000000000000000 A=0x7ffffffffffffda8
5067000: system.cpu: T0 : 0x105e0    : lw a4, -100(s0)            : MemRead :  D=0x000000000000005e A=0x7ffffffffffffd7c
5067500: system.cpu: T0 : 0x105e4    : lw a5, -92(s0)             : MemRead :  D=0x0000000000000031 A=0x7ffffffffffffd84
5068000: system.cpu: T0 : 0x105e8    : c_addiw a4, 0              : IntAlu :  D=0x000000000000005e
5068500: system.cpu: T0 : 0x105ea    : c_addiw a5, 0              : IntAlu :  D=0x0000000000000031
5069000: system.cpu: T0 : 0x105ec    : beq a4, a5, 36             : IntAlu : 
5069500: system.cpu: T0 : 0x105f0    : ld a5, -56(s0)             : MemRead :  D=0x0000000000000000 A=0x7ffffffffffffda8
5070000: system.cpu: T0 : 0x105f4    : sub a5, zero, a5           : IntAlu :  D=0x0000000000000000
5070500: system.cpu: T0 : 0x105f8    : lw a3, -100(s0)            : MemRead :  D=0x000000000000005e A=0x7ffffffffffffd7c
5071000: system.cpu: T0 : 0x105fc    : lw a4, -92(s0)             : MemRead :  D=0x0000000000000031 A=0x7ffffffffffffd84
5071500: system.cpu: T0 : 0x10600    : subw a4, a3, a4            : IntAlu :  D=0x000000000000002d
5072000: system.cpu: T0 : 0x10604    : c_addiw a4, 0              : IntAlu :  D=0x000000000000002d
5073000: system.cpu: T0 : 0x10606    : div a5, a5, a4             : IntDiv :  D=0x0000000000000000
5074000: system.cpu: T0 : 0x1060a    : sd a5, -64(s0)             : MemWrite :  D=0x0000000000000000 A=0x7ffffffffffffda0
5074500: system.cpu: T0 : 0x1060e    : c_j 96                     : IntAlu : 
5075500: system.cpu: T0 : 0x1066e    : ld a4, -32(s0)             : MemRead :  D=0x0000000000000f2b A=0x7ffffffffffffdc0
5076500: system.cpu: T0 : 0x10672    : ld a5, -64(s0)             : MemRead :  D=0x0000000000000000 A=0x7ffffffffffffda0
5077000: system.cpu: T0 : 0x10676    : c_add a5, a4               : IntAlu :  D=0x0000000000000f2b
5077500: system.cpu: T0 : 0x10678    : sd a5, -32(s0)             : MemWrite :  D=0x0000000000000f2b A=0x7ffffffffffffdc0
5078000: system.cpu: T0 : 0x1067c    : lw a5, -100(s0)            : MemRead :  D=0x000000000000005e A=0x7ffffffffffffd7c
5078500: system.cpu: T0 : 0x10680    : c_addiw a5, 1              : IntAlu :  D=0x000000000000005f
5079500: system.cpu: T0 : 0x10682    : sw a5, -100(s0)            : MemWrite :  D=0x000000000000005f A=0x7ffffffffffffd7c
5080500: system.cpu: T0 : 0x10686    : lw a5, -100(s0)            : MemRead :  D=0x000000000000005f A=0x7ffffffffffffd7c
5081500: system.cpu: T0 : 0x1068a    : addiw a4, a5, 0            : IntAlu :  D=0x000000000000005f
5082500: system.cpu: T0 : 0x1068e    : addi a5, zero, 100         : IntAlu :  D=0x0000000000000064
5083500: system.cpu: T0 : 0x10692    : bge a5, a4, -206           : IntAlu : 
5084000: system.cpu: T0 : 0x105c4    : ld a5, -128(s0)            : MemRead :  D=0x0000000000000001 A=0x7ffffffffffffd60
5084500: system.cpu: T0 : 0x105c8    : sub a4, zero, a5           : IntAlu :  D=0xffffffffffffffff
5085000: system.cpu: T0 : 0x105cc    : lw a5, -100(s0)            : MemRead :  D=0x000000000000005f A=0x7ffffffffffffd7c
5085500: system.cpu: T0 : 0x105d0    : div a5, a4, a5             : IntDiv :  D=0x0000000000000000
5086000: system.cpu: T0 : 0x105d4    : ld a4, -56(s0)             : MemRead :  D=0x0000000000000000 A=0x7ffffffffffffda8
5086500: system.cpu: T0 : 0x105d8    : mul a5, a4, a5             : IntMult :  D=0x0000000000000000
5087000: system.cpu: T0 : 0x105dc    : sd a5, -56(s0)             : MemWrite :  D=0x0000000000000000 A=0x7ffffffffffffda8
5087500: system.cpu: T0 : 0x105e0    : lw a4, -100(s0)            : MemRead :  D=0x000000000000005f A=0x7ffffffffffffd7c
5088000: system.cpu: T0 : 0x105e4    : lw a5, -92(s0)             : MemRead :  D=0x0000000000000031 A=0x7ffffffffffffd84
5088500: system.cpu: T0 : 0x105e8    : c_addiw a4, 0              : IntAlu :  D=0x000000000000005f
5089000: system.cpu: T0 : 0x105ea    : c_addiw a5, 0              : IntAlu :  D=0x0000000000000031
5089500: system.cpu: T0 : 0x105ec    : beq a4, a5, 36             : IntAlu : 
5090000: system.cpu: T0 : 0x105f0    : ld a5, -56(s0)             : MemRead :  D=0x0000000000000000 A=0x7ffffffffffffda8
5090500: system.cpu: T0 : 0x105f4    : sub a5, zero, a5           : IntAlu :  D=0x0000000000000000
5091000: system.cpu: T0 : 0x105f8    : lw a3, -100(s0)            : MemRead :  D=0x000000000000005f A=0x7ffffffffffffd7c
5091500: system.cpu: T0 : 0x105fc    : lw a4, -92(s0)             : MemRead :  D=0x0000000000000031 A=0x7ffffffffffffd84
5092000: system.cpu: T0 : 0x10600    : subw a4, a3, a4            : IntAlu :  D=0x000000000000002e
5092500: system.cpu: T0 : 0x10604    : c_addiw a4, 0              : IntAlu :  D=0x000000000000002e
5093500: system.cpu: T0 : 0x10606    : div a5, a5, a4             : IntDiv :  D=0x0000000000000000
5094500: system.cpu: T0 : 0x1060a    : sd a5, -64(s0)             : MemWrite :  D=0x0000000000000000 A=0x7ffffffffffffda0
5095000: system.cpu: T0 : 0x1060e    : c_j 96                     : IntAlu : 
5096000: system.cpu: T0 : 0x1066e    : ld a4, -32(s0)             : MemRead :  D=0x0000000000000f2b A=0x7ffffffffffffdc0
5097000: system.cpu: T0 : 0x10672    : ld a5, -64(s0)             : MemRead :  D=0x0000000000000000 A=0x7ffffffffffffda0
5097500: system.cpu: T0 : 0x10676    : c_add a5, a4               : IntAlu :  D=0x0000000000000f2b
5098000: system.cpu: T0 : 0x10678    : sd a5, -32(s0)             : MemWrite :  D=0x0000000000000f2b A=0x7ffffffffffffdc0
5098500: system.cpu: T0 : 0x1067c    : lw a5, -100(s0)            : MemRead :  D=0x000000000000005f A=0x7ffffffffffffd7c
5099000: system.cpu: T0 : 0x10680    : c_addiw a5, 1              : IntAlu :  D=0x0000000000000060
5100000: system.cpu: T0 : 0x10682    : sw a5, -100(s0)            : MemWrite :  D=0x0000000000000060 A=0x7ffffffffffffd7c
5101000: system.cpu: T0 : 0x10686    : lw a5, -100(s0)            : MemRead :  D=0x0000000000000060 A=0x7ffffffffffffd7c
5102000: system.cpu: T0 : 0x1068a    : addiw a4, a5, 0            : IntAlu :  D=0x0000000000000060
5103000: system.cpu: T0 : 0x1068e    : addi a5, zero, 100         : IntAlu :  D=0x0000000000000064
5104000: system.cpu: T0 : 0x10692    : bge a5, a4, -206           : IntAlu : 
5104500: system.cpu: T0 : 0x105c4    : ld a5, -128(s0)            : MemRead :  D=0x0000000000000001 A=0x7ffffffffffffd60
5105000: system.cpu: T0 : 0x105c8    : sub a4, zero, a5           : IntAlu :  D=0xffffffffffffffff
5105500: system.cpu: T0 : 0x105cc    : lw a5, -100(s0)            : MemRead :  D=0x0000000000000060 A=0x7ffffffffffffd7c
5106000: system.cpu: T0 : 0x105d0    : div a5, a4, a5             : IntDiv :  D=0x0000000000000000
5106500: system.cpu: T0 : 0x105d4    : ld a4, -56(s0)             : MemRead :  D=0x0000000000000000 A=0x7ffffffffffffda8
5107000: system.cpu: T0 : 0x105d8    : mul a5, a4, a5             : IntMult :  D=0x0000000000000000
5107500: system.cpu: T0 : 0x105dc    : sd a5, -56(s0)             : MemWrite :  D=0x0000000000000000 A=0x7ffffffffffffda8
5108000: system.cpu: T0 : 0x105e0    : lw a4, -100(s0)            : MemRead :  D=0x0000000000000060 A=0x7ffffffffffffd7c
5108500: system.cpu: T0 : 0x105e4    : lw a5, -92(s0)             : MemRead :  D=0x0000000000000031 A=0x7ffffffffffffd84
5109000: system.cpu: T0 : 0x105e8    : c_addiw a4, 0              : IntAlu :  D=0x0000000000000060
5109500: system.cpu: T0 : 0x105ea    : c_addiw a5, 0              : IntAlu :  D=0x0000000000000031
5110000: system.cpu: T0 : 0x105ec    : beq a4, a5, 36             : IntAlu : 
5110500: system.cpu: T0 : 0x105f0    : ld a5, -56(s0)             : MemRead :  D=0x0000000000000000 A=0x7ffffffffffffda8
5111000: system.cpu: T0 : 0x105f4    : sub a5, zero, a5           : IntAlu :  D=0x0000000000000000
5111500: system.cpu: T0 : 0x105f8    : lw a3, -100(s0)            : MemRead :  D=0x0000000000000060 A=0x7ffffffffffffd7c
5112000: system.cpu: T0 : 0x105fc    : lw a4, -92(s0)             : MemRead :  D=0x0000000000000031 A=0x7ffffffffffffd84
5112500: system.cpu: T0 : 0x10600    : subw a4, a3, a4            : IntAlu :  D=0x000000000000002f
5113000: system.cpu: T0 : 0x10604    : c_addiw a4, 0              : IntAlu :  D=0x000000000000002f
5114000: system.cpu: T0 : 0x10606    : div a5, a5, a4             : IntDiv :  D=0x0000000000000000
5115000: system.cpu: T0 : 0x1060a    : sd a5, -64(s0)             : MemWrite :  D=0x0000000000000000 A=0x7ffffffffffffda0
5115500: system.cpu: T0 : 0x1060e    : c_j 96                     : IntAlu : 
5116500: system.cpu: T0 : 0x1066e    : ld a4, -32(s0)             : MemRead :  D=0x0000000000000f2b A=0x7ffffffffffffdc0
5117500: system.cpu: T0 : 0x10672    : ld a5, -64(s0)             : MemRead :  D=0x0000000000000000 A=0x7ffffffffffffda0
5118000: system.cpu: T0 : 0x10676    : c_add a5, a4               : IntAlu :  D=0x0000000000000f2b
5118500: system.cpu: T0 : 0x10678    : sd a5, -32(s0)             : MemWrite :  D=0x0000000000000f2b A=0x7ffffffffffffdc0
5119000: system.cpu: T0 : 0x1067c    : lw a5, -100(s0)            : MemRead :  D=0x0000000000000060 A=0x7ffffffffffffd7c
5119500: system.cpu: T0 : 0x10680    : c_addiw a5, 1              : IntAlu :  D=0x0000000000000061
5120500: system.cpu: T0 : 0x10682    : sw a5, -100(s0)            : MemWrite :  D=0x0000000000000061 A=0x7ffffffffffffd7c
5121500: system.cpu: T0 : 0x10686    : lw a5, -100(s0)            : MemRead :  D=0x0000000000000061 A=0x7ffffffffffffd7c
5122500: system.cpu: T0 : 0x1068a    : addiw a4, a5, 0            : IntAlu :  D=0x0000000000000061
5123500: system.cpu: T0 : 0x1068e    : addi a5, zero, 100         : IntAlu :  D=0x0000000000000064
5124500: system.cpu: T0 : 0x10692    : bge a5, a4, -206           : IntAlu : 
5125000: system.cpu: T0 : 0x105c4    : ld a5, -128(s0)            : MemRead :  D=0x0000000000000001 A=0x7ffffffffffffd60
5125500: system.cpu: T0 : 0x105c8    : sub a4, zero, a5           : IntAlu :  D=0xffffffffffffffff
5126000: system.cpu: T0 : 0x105cc    : lw a5, -100(s0)            : MemRead :  D=0x0000000000000061 A=0x7ffffffffffffd7c
5126500: system.cpu: T0 : 0x105d0    : div a5, a4, a5             : IntDiv :  D=0x0000000000000000
5127000: system.cpu: T0 : 0x105d4    : ld a4, -56(s0)             : MemRead :  D=0x0000000000000000 A=0x7ffffffffffffda8
5127500: system.cpu: T0 : 0x105d8    : mul a5, a4, a5             : IntMult :  D=0x0000000000000000
5128000: system.cpu: T0 : 0x105dc    : sd a5, -56(s0)             : MemWrite :  D=0x0000000000000000 A=0x7ffffffffffffda8
5128500: system.cpu: T0 : 0x105e0    : lw a4, -100(s0)            : MemRead :  D=0x0000000000000061 A=0x7ffffffffffffd7c
5129000: system.cpu: T0 : 0x105e4    : lw a5, -92(s0)             : MemRead :  D=0x0000000000000031 A=0x7ffffffffffffd84
5129500: system.cpu: T0 : 0x105e8    : c_addiw a4, 0              : IntAlu :  D=0x0000000000000061
5130000: system.cpu: T0 : 0x105ea    : c_addiw a5, 0              : IntAlu :  D=0x0000000000000031
5130500: system.cpu: T0 : 0x105ec    : beq a4, a5, 36             : IntAlu : 
5131000: system.cpu: T0 : 0x105f0    : ld a5, -56(s0)             : MemRead :  D=0x0000000000000000 A=0x7ffffffffffffda8
5131500: system.cpu: T0 : 0x105f4    : sub a5, zero, a5           : IntAlu :  D=0x0000000000000000
5132000: system.cpu: T0 : 0x105f8    : lw a3, -100(s0)            : MemRead :  D=0x0000000000000061 A=0x7ffffffffffffd7c
5132500: system.cpu: T0 : 0x105fc    : lw a4, -92(s0)             : MemRead :  D=0x0000000000000031 A=0x7ffffffffffffd84
5133000: system.cpu: T0 : 0x10600    : subw a4, a3, a4            : IntAlu :  D=0x0000000000000030
5133500: system.cpu: T0 : 0x10604    : c_addiw a4, 0              : IntAlu :  D=0x0000000000000030
5134500: system.cpu: T0 : 0x10606    : div a5, a5, a4             : IntDiv :  D=0x0000000000000000
5135500: system.cpu: T0 : 0x1060a    : sd a5, -64(s0)             : MemWrite :  D=0x0000000000000000 A=0x7ffffffffffffda0
5136000: system.cpu: T0 : 0x1060e    : c_j 96                     : IntAlu : 
5137000: system.cpu: T0 : 0x1066e    : ld a4, -32(s0)             : MemRead :  D=0x0000000000000f2b A=0x7ffffffffffffdc0
5138000: system.cpu: T0 : 0x10672    : ld a5, -64(s0)             : MemRead :  D=0x0000000000000000 A=0x7ffffffffffffda0
5138500: system.cpu: T0 : 0x10676    : c_add a5, a4               : IntAlu :  D=0x0000000000000f2b
5139000: system.cpu: T0 : 0x10678    : sd a5, -32(s0)             : MemWrite :  D=0x0000000000000f2b A=0x7ffffffffffffdc0
5139500: system.cpu: T0 : 0x1067c    : lw a5, -100(s0)            : MemRead :  D=0x0000000000000061 A=0x7ffffffffffffd7c
5140000: system.cpu: T0 : 0x10680    : c_addiw a5, 1              : IntAlu :  D=0x0000000000000062
5141000: system.cpu: T0 : 0x10682    : sw a5, -100(s0)            : MemWrite :  D=0x0000000000000062 A=0x7ffffffffffffd7c
5142000: system.cpu: T0 : 0x10686    : lw a5, -100(s0)            : MemRead :  D=0x0000000000000062 A=0x7ffffffffffffd7c
5143000: system.cpu: T0 : 0x1068a    : addiw a4, a5, 0            : IntAlu :  D=0x0000000000000062
5144000: system.cpu: T0 : 0x1068e    : addi a5, zero, 100         : IntAlu :  D=0x0000000000000064
5145000: system.cpu: T0 : 0x10692    : bge a5, a4, -206           : IntAlu : 
5145500: system.cpu: T0 : 0x105c4    : ld a5, -128(s0)            : MemRead :  D=0x0000000000000001 A=0x7ffffffffffffd60
5146000: system.cpu: T0 : 0x105c8    : sub a4, zero, a5           : IntAlu :  D=0xffffffffffffffff
5146500: system.cpu: T0 : 0x105cc    : lw a5, -100(s0)            : MemRead :  D=0x0000000000000062 A=0x7ffffffffffffd7c
5147000: system.cpu: T0 : 0x105d0    : div a5, a4, a5             : IntDiv :  D=0x0000000000000000
5147500: system.cpu: T0 : 0x105d4    : ld a4, -56(s0)             : MemRead :  D=0x0000000000000000 A=0x7ffffffffffffda8
5148000: system.cpu: T0 : 0x105d8    : mul a5, a4, a5             : IntMult :  D=0x0000000000000000
5148500: system.cpu: T0 : 0x105dc    : sd a5, -56(s0)             : MemWrite :  D=0x0000000000000000 A=0x7ffffffffffffda8
5149000: system.cpu: T0 : 0x105e0    : lw a4, -100(s0)            : MemRead :  D=0x0000000000000062 A=0x7ffffffffffffd7c
5149500: system.cpu: T0 : 0x105e4    : lw a5, -92(s0)             : MemRead :  D=0x0000000000000031 A=0x7ffffffffffffd84
5150000: system.cpu: T0 : 0x105e8    : c_addiw a4, 0              : IntAlu :  D=0x0000000000000062
5150500: system.cpu: T0 : 0x105ea    : c_addiw a5, 0              : IntAlu :  D=0x0000000000000031
5151000: system.cpu: T0 : 0x105ec    : beq a4, a5, 36             : IntAlu : 
5151500: system.cpu: T0 : 0x105f0    : ld a5, -56(s0)             : MemRead :  D=0x0000000000000000 A=0x7ffffffffffffda8
5152000: system.cpu: T0 : 0x105f4    : sub a5, zero, a5           : IntAlu :  D=0x0000000000000000
5152500: system.cpu: T0 : 0x105f8    : lw a3, -100(s0)            : MemRead :  D=0x0000000000000062 A=0x7ffffffffffffd7c
5153000: system.cpu: T0 : 0x105fc    : lw a4, -92(s0)             : MemRead :  D=0x0000000000000031 A=0x7ffffffffffffd84
5153500: system.cpu: T0 : 0x10600    : subw a4, a3, a4            : IntAlu :  D=0x0000000000000031
5154000: system.cpu: T0 : 0x10604    : c_addiw a4, 0              : IntAlu :  D=0x0000000000000031
5155000: system.cpu: T0 : 0x10606    : div a5, a5, a4             : IntDiv :  D=0x0000000000000000
5156000: system.cpu: T0 : 0x1060a    : sd a5, -64(s0)             : MemWrite :  D=0x0000000000000000 A=0x7ffffffffffffda0
5156500: system.cpu: T0 : 0x1060e    : c_j 96                     : IntAlu : 
5157500: system.cpu: T0 : 0x1066e    : ld a4, -32(s0)             : MemRead :  D=0x0000000000000f2b A=0x7ffffffffffffdc0
5158500: system.cpu: T0 : 0x10672    : ld a5, -64(s0)             : MemRead :  D=0x0000000000000000 A=0x7ffffffffffffda0
5159000: system.cpu: T0 : 0x10676    : c_add a5, a4               : IntAlu :  D=0x0000000000000f2b
5159500: system.cpu: T0 : 0x10678    : sd a5, -32(s0)             : MemWrite :  D=0x0000000000000f2b A=0x7ffffffffffffdc0
5160000: system.cpu: T0 : 0x1067c    : lw a5, -100(s0)            : MemRead :  D=0x0000000000000062 A=0x7ffffffffffffd7c
5160500: system.cpu: T0 : 0x10680    : c_addiw a5, 1              : IntAlu :  D=0x0000000000000063
5161500: system.cpu: T0 : 0x10682    : sw a5, -100(s0)            : MemWrite :  D=0x0000000000000063 A=0x7ffffffffffffd7c
5162500: system.cpu: T0 : 0x10686    : lw a5, -100(s0)            : MemRead :  D=0x0000000000000063 A=0x7ffffffffffffd7c
5163500: system.cpu: T0 : 0x1068a    : addiw a4, a5, 0            : IntAlu :  D=0x0000000000000063
5164500: system.cpu: T0 : 0x1068e    : addi a5, zero, 100         : IntAlu :  D=0x0000000000000064
5165500: system.cpu: T0 : 0x10692    : bge a5, a4, -206           : IntAlu : 
5166000: system.cpu: T0 : 0x105c4    : ld a5, -128(s0)            : MemRead :  D=0x0000000000000001 A=0x7ffffffffffffd60
5166500: system.cpu: T0 : 0x105c8    : sub a4, zero, a5           : IntAlu :  D=0xffffffffffffffff
5167000: system.cpu: T0 : 0x105cc    : lw a5, -100(s0)            : MemRead :  D=0x0000000000000063 A=0x7ffffffffffffd7c
5167500: system.cpu: T0 : 0x105d0    : div a5, a4, a5             : IntDiv :  D=0x0000000000000000
5168000: system.cpu: T0 : 0x105d4    : ld a4, -56(s0)             : MemRead :  D=0x0000000000000000 A=0x7ffffffffffffda8
5168500: system.cpu: T0 : 0x105d8    : mul a5, a4, a5             : IntMult :  D=0x0000000000000000
5169000: system.cpu: T0 : 0x105dc    : sd a5, -56(s0)             : MemWrite :  D=0x0000000000000000 A=0x7ffffffffffffda8
5169500: system.cpu: T0 : 0x105e0    : lw a4, -100(s0)            : MemRead :  D=0x0000000000000063 A=0x7ffffffffffffd7c
5170000: system.cpu: T0 : 0x105e4    : lw a5, -92(s0)             : MemRead :  D=0x0000000000000031 A=0x7ffffffffffffd84
5170500: system.cpu: T0 : 0x105e8    : c_addiw a4, 0              : IntAlu :  D=0x0000000000000063
5171000: system.cpu: T0 : 0x105ea    : c_addiw a5, 0              : IntAlu :  D=0x0000000000000031
5171500: system.cpu: T0 : 0x105ec    : beq a4, a5, 36             : IntAlu : 
5172000: system.cpu: T0 : 0x105f0    : ld a5, -56(s0)             : MemRead :  D=0x0000000000000000 A=0x7ffffffffffffda8
5172500: system.cpu: T0 : 0x105f4    : sub a5, zero, a5           : IntAlu :  D=0x0000000000000000
5173000: system.cpu: T0 : 0x105f8    : lw a3, -100(s0)            : MemRead :  D=0x0000000000000063 A=0x7ffffffffffffd7c
5173500: system.cpu: T0 : 0x105fc    : lw a4, -92(s0)             : MemRead :  D=0x0000000000000031 A=0x7ffffffffffffd84
5174000: system.cpu: T0 : 0x10600    : subw a4, a3, a4            : IntAlu :  D=0x0000000000000032
5174500: system.cpu: T0 : 0x10604    : c_addiw a4, 0              : IntAlu :  D=0x0000000000000032
5175500: system.cpu: T0 : 0x10606    : div a5, a5, a4             : IntDiv :  D=0x0000000000000000
5176500: system.cpu: T0 : 0x1060a    : sd a5, -64(s0)             : MemWrite :  D=0x0000000000000000 A=0x7ffffffffffffda0
5177000: system.cpu: T0 : 0x1060e    : c_j 96                     : IntAlu : 
5178000: system.cpu: T0 : 0x1066e    : ld a4, -32(s0)             : MemRead :  D=0x0000000000000f2b A=0x7ffffffffffffdc0
5179000: system.cpu: T0 : 0x10672    : ld a5, -64(s0)             : MemRead :  D=0x0000000000000000 A=0x7ffffffffffffda0
5179500: system.cpu: T0 : 0x10676    : c_add a5, a4               : IntAlu :  D=0x0000000000000f2b
5180000: system.cpu: T0 : 0x10678    : sd a5, -32(s0)             : MemWrite :  D=0x0000000000000f2b A=0x7ffffffffffffdc0
5180500: system.cpu: T0 : 0x1067c    : lw a5, -100(s0)            : MemRead :  D=0x0000000000000063 A=0x7ffffffffffffd7c
5181000: system.cpu: T0 : 0x10680    : c_addiw a5, 1              : IntAlu :  D=0x0000000000000064
5182000: system.cpu: T0 : 0x10682    : sw a5, -100(s0)            : MemWrite :  D=0x0000000000000064 A=0x7ffffffffffffd7c
5183000: system.cpu: T0 : 0x10686    : lw a5, -100(s0)            : MemRead :  D=0x0000000000000064 A=0x7ffffffffffffd7c
5184000: system.cpu: T0 : 0x1068a    : addiw a4, a5, 0            : IntAlu :  D=0x0000000000000064
5185000: system.cpu: T0 : 0x1068e    : addi a5, zero, 100         : IntAlu :  D=0x0000000000000064
5186000: system.cpu: T0 : 0x10692    : bge a5, a4, -206           : IntAlu : 
5186500: system.cpu: T0 : 0x105c4    : ld a5, -128(s0)            : MemRead :  D=0x0000000000000001 A=0x7ffffffffffffd60
5187000: system.cpu: T0 : 0x105c8    : sub a4, zero, a5           : IntAlu :  D=0xffffffffffffffff
5187500: system.cpu: T0 : 0x105cc    : lw a5, -100(s0)            : MemRead :  D=0x0000000000000064 A=0x7ffffffffffffd7c
5188000: system.cpu: T0 : 0x105d0    : div a5, a4, a5             : IntDiv :  D=0x0000000000000000
5188500: system.cpu: T0 : 0x105d4    : ld a4, -56(s0)             : MemRead :  D=0x0000000000000000 A=0x7ffffffffffffda8
5189000: system.cpu: T0 : 0x105d8    : mul a5, a4, a5             : IntMult :  D=0x0000000000000000
5189500: system.cpu: T0 : 0x105dc    : sd a5, -56(s0)             : MemWrite :  D=0x0000000000000000 A=0x7ffffffffffffda8
5190000: system.cpu: T0 : 0x105e0    : lw a4, -100(s0)            : MemRead :  D=0x0000000000000064 A=0x7ffffffffffffd7c
5190500: system.cpu: T0 : 0x105e4    : lw a5, -92(s0)             : MemRead :  D=0x0000000000000031 A=0x7ffffffffffffd84
5191000: system.cpu: T0 : 0x105e8    : c_addiw a4, 0              : IntAlu :  D=0x0000000000000064
5191500: system.cpu: T0 : 0x105ea    : c_addiw a5, 0              : IntAlu :  D=0x0000000000000031
5192000: system.cpu: T0 : 0x105ec    : beq a4, a5, 36             : IntAlu : 
5192500: system.cpu: T0 : 0x105f0    : ld a5, -56(s0)             : MemRead :  D=0x0000000000000000 A=0x7ffffffffffffda8
5193000: system.cpu: T0 : 0x105f4    : sub a5, zero, a5           : IntAlu :  D=0x0000000000000000
5193500: system.cpu: T0 : 0x105f8    : lw a3, -100(s0)            : MemRead :  D=0x0000000000000064 A=0x7ffffffffffffd7c
5194000: system.cpu: T0 : 0x105fc    : lw a4, -92(s0)             : MemRead :  D=0x0000000000000031 A=0x7ffffffffffffd84
5194500: system.cpu: T0 : 0x10600    : subw a4, a3, a4            : IntAlu :  D=0x0000000000000033
5195000: system.cpu: T0 : 0x10604    : c_addiw a4, 0              : IntAlu :  D=0x0000000000000033
5196000: system.cpu: T0 : 0x10606    : div a5, a5, a4             : IntDiv :  D=0x0000000000000000
5197000: system.cpu: T0 : 0x1060a    : sd a5, -64(s0)             : MemWrite :  D=0x0000000000000000 A=0x7ffffffffffffda0
5197500: system.cpu: T0 : 0x1060e    : c_j 96                     : IntAlu : 
5198500: system.cpu: T0 : 0x1066e    : ld a4, -32(s0)             : MemRead :  D=0x0000000000000f2b A=0x7ffffffffffffdc0
5199500: system.cpu: T0 : 0x10672    : ld a5, -64(s0)             : MemRead :  D=0x0000000000000000 A=0x7ffffffffffffda0
5200000: system.cpu: T0 : 0x10676    : c_add a5, a4               : IntAlu :  D=0x0000000000000f2b
5200500: system.cpu: T0 : 0x10678    : sd a5, -32(s0)             : MemWrite :  D=0x0000000000000f2b A=0x7ffffffffffffdc0
5201000: system.cpu: T0 : 0x1067c    : lw a5, -100(s0)            : MemRead :  D=0x0000000000000064 A=0x7ffffffffffffd7c
5201500: system.cpu: T0 : 0x10680    : c_addiw a5, 1              : IntAlu :  D=0x0000000000000065
5202500: system.cpu: T0 : 0x10682    : sw a5, -100(s0)            : MemWrite :  D=0x0000000000000065 A=0x7ffffffffffffd7c
5203500: system.cpu: T0 : 0x10686    : lw a5, -100(s0)            : MemRead :  D=0x0000000000000065 A=0x7ffffffffffffd7c
5204500: system.cpu: T0 : 0x1068a    : addiw a4, a5, 0            : IntAlu :  D=0x0000000000000065
5205500: system.cpu: T0 : 0x1068e    : addi a5, zero, 100         : IntAlu :  D=0x0000000000000064
5206500: system.cpu: T0 : 0x10692    : bge a5, a4, -206           : IntAlu : 
5207500: system.cpu: T0 : 0x10696    : ld a5, -32(s0)             : MemRead :  D=0x0000000000000f2b A=0x7ffffffffffffdc0
5208000: system.cpu: T0 : 0x1069a    : c_mv a0, a5                : IntAlu :  D=0x0000000000000f2b
5208500: system.cpu: T0 : 0x1069c    : c_ldsp ra, 120(sp)         : MemRead :  D=0x0000000000010442 A=0x7ffffffffffffdd8
5209000: system.cpu: T0 : 0x1069e    : c_ldsp s0, 112(sp)         : MemRead :  D=0x7ffffffffffffdf0 A=0x7ffffffffffffdd0
5209500: system.cpu: T0 : 0x106a0    : c_addi16sp sp, 128         : IntAlu :  D=0x7ffffffffffffde0
5210000: system.cpu: T0 : 0x106a2    : c_jr ra                    : IntAlu : 
5210500: system.cpu: T0 : 0x10442    : c_li a5, 0                 : IntAlu :  D=0x0000000000000000
5211000: system.cpu: T0 : 0x10444    : c_mv a0, a5                : IntAlu :  D=0x0000000000000000
5211500: system.cpu: T0 : 0x10446    : c_ldsp ra, 8(sp)           : MemRead :  D=0x0000000000010836 A=0x7ffffffffffffde8
5212000: system.cpu: T0 : 0x10448    : c_ldsp s0, 0(sp)           : MemRead :  D=0x0000000000010b70 A=0x7ffffffffffffde0
5212500: system.cpu: T0 : 0x1044a    : c_addi sp, 16              : IntAlu :  D=0x7ffffffffffffdf0
5213000: system.cpu: T0 : 0x1044c    : c_jr ra                    : IntAlu : 
5214000: system.cpu: T0 : 0x10836    : jal ra, 17142              : IntAlu :  D=0x000000000001083a
5214500: system.cpu: T0 : 0x14b2c    : c_addi sp, -16             : IntAlu :  D=0x7ffffffffffffde0
5215000: system.cpu: T0 : 0x14b2e    : c_li a3, 1                 : IntAlu :  D=0x0000000000000001
5215500: system.cpu: T0 : 0x14b30    : c_li a2, 1                 : IntAlu :  D=0x0000000000000001
5216500: system.cpu: T0 : 0x14b32    : addi a1, gp, -1936         : IntAlu :  D=0x0000000000070898
5217000: system.cpu: T0 : 0x14b36    : c_sdsp ra, 8(sp)           : MemWrite :  D=0x000000000001083a A=0x7ffffffffffffde8
5217500: system.cpu: T0 : 0x14b38    : jal ra, -468               : IntAlu :  D=0x0000000000014b3c
5218000: system.cpu: T0 : 0x14964    : c_addi16sp sp, -128        : IntAlu :  D=0x7ffffffffffffd60
5218500: system.cpu: T0 : 0x14966    : c_sdsp s6, 64(sp)          : MemWrite :  D=0x0000000000000000 A=0x7ffffffffffffda0
5219000: system.cpu: T0 : 0x14968    : c_sdsp s7, 56(sp)          : MemWrite :  D=0x0000000000000000 A=0x7ffffffffffffd98
5219500: system.cpu: T0 : 0x1496a    : c_sdsp ra, 120(sp)         : MemWrite :  D=0x0000000000014b3c A=0x7ffffffffffffdd8
5220000: system.cpu: T0 : 0x1496c    : c_sdsp s0, 112(sp)         : MemWrite :  D=0x0000000000010b70 A=0x7ffffffffffffdd0
5220500: system.cpu: T0 : 0x1496e    : c_sdsp s1, 104(sp)         : MemWrite :  D=0x0000000000010c00 A=0x7ffffffffffffdc8
5221000: system.cpu: T0 : 0x14970    : c_sdsp s2, 96(sp)          : MemWrite :  D=0x0000000000000000 A=0x7ffffffffffffdc0
5221500: system.cpu: T0 : 0x14972    : c_sdsp s3, 88(sp)          : MemWrite :  D=0x0000000000000000 A=0x7ffffffffffffdb8
5222000: system.cpu: T0 : 0x14974    : c_sdsp s4, 80(sp)          : MemWrite :  D=0x0000000000000000 A=0x7ffffffffffffdb0
5222500: system.cpu: T0 : 0x14976    : c_sdsp s5, 72(sp)          : MemWrite :  D=0x0000000000000000 A=0x7ffffffffffffda8
5223000: system.cpu: T0 : 0x14978    : c_sdsp s8, 48(sp)          : MemWrite :  D=0x0000000000000000 A=0x7ffffffffffffd90
5223500: system.cpu: T0 : 0x1497a    : c_sdsp s9, 40(sp)          : MemWrite :  D=0x0000000000000000 A=0x7ffffffffffffd88
5224000: system.cpu: T0 : 0x1497c    : c_sdsp s10, 32(sp)         : MemWrite :  D=0x0000000000000000 A=0x7ffffffffffffd80
5224500: system.cpu: T0 : 0x1497e    : c_sdsp s11, 24(sp)         : MemWrite :  D=0x0000000000000000 A=0x7ffffffffffffd78
5225000: system.cpu: T0 : 0x14980    : addi a5, zero, 0           : IntAlu :  D=0x0000000000000000
5225500: system.cpu: T0 : 0x14984    : c_sdsp a2, 8(sp)           : MemWrite :  D=0x0000000000000001 A=0x7ffffffffffffd68
5226000: system.cpu: T0 : 0x14986    : c_mv s6, a0                : IntAlu :  D=0x0000000000000000
5226500: system.cpu: T0 : 0x14988    : c_mv s7, a1                : IntAlu :  D=0x0000000000070898
5227000: system.cpu: T0 : 0x1498a    : c_beqz a5, 6               : IntAlu : 
5227500: system.cpu: T0 : 0x14990    : lui s9, 114                : IntAlu :  D=0x0000000000072000
5228000: system.cpu: T0 : 0x14994    : lui s11, 114               : IntAlu :  D=0x0000000000072000
5228500: system.cpu: T0 : 0x14998    : c_li s4, 0                 : IntAlu :  D=0x0000000000000000
5229000: system.cpu: T0 : 0x1499a    : c_li s3, 1                 : IntAlu :  D=0x0000000000000001
5229500: system.cpu: T0 : 0x1499c    : c_li a4, 1                 : IntAlu :  D=0x0000000000000001
5230500: system.cpu: T0 : 0x1499e    : addi a3, s9, -608          : IntAlu :  D=0x0000000000071da0
5231500: system.cpu: T0 : 0x149a2    : lr_w a5, (a3)             
5231500: system.cpu: T0 : 0x149a2. 0 : lr_w a5, (a3)              : MemRead :  D=0x0000000000000000 A=0x71da0
5232000: system.cpu: T0 : 0x149a6    : c_bnez a5, 8               : IntAlu : 
5232500: system.cpu: T0 : 0x149a8    : sc_w_aq a2, a4, (a3)      
5232500: system.cpu: T0 : 0x149a8. 0 : sc_w a2, a4, (a3)          : MemWrite :  D=0x0000000000000000 A=0x71da0
5233000: system.cpu: T0 : 0x149a8. 1 : 0x1ce6a62f fence           : No_OpClass : 
5233500: system.cpu: T0 : 0x149ac    : c_bnez a2, -10             : IntAlu : 
5234000: system.cpu: T0 : 0x149ae    : c_addiw a5, 0              : IntAlu :  D=0x0000000000000000
5234500: system.cpu: T0 : 0x149b0    : bne a5, zero, 338          : IntAlu : 
5235000: system.cpu: T0 : 0x149b4    : ld s10, 0(s7)              : MemRead :  D=0x0000000000071140 A=0x70898
5235500: system.cpu: T0 : 0x149b8    : beq s10, zero, 152         : IntAlu : 
5236000: system.cpu: T0 : 0x149bc    : c_li s5, 3                 : IntAlu :  D=0x0000000000000003
5236500: system.cpu: T0 : 0x149be    : c_li s2, 4                 : IntAlu :  D=0x0000000000000004
5237000: system.cpu: T0 : 0x149c0    : c_li s1, 2                 : IntAlu :  D=0x0000000000000002
5237500: system.cpu: T0 : 0x149c2    : c_li s0, 1                 : IntAlu :  D=0x0000000000000001
5238000: system.cpu: T0 : 0x149c4    : c_j 34                     : IntAlu : 
5239000: system.cpu: T0 : 0x149e6    : ld a5, 8(s10)              : MemRead :  D=0x0000000000000001 A=0x71148
5239500: system.cpu: T0 : 0x149ea    : c_beqz a5, 222             : IntAlu : 
5240000: system.cpu: T0 : 0x149ec    : ld s8, -600(s11)           : MemRead :  D=0x0000000000000001 A=0x71da8
5240500: system.cpu: T0 : 0x149f0    : c_addi a5, -1              : IntAlu :  D=0x0000000000000000
5241500: system.cpu: T0 : 0x149f2    : sd a5, 8(s10)              : MemWrite :  D=0x0000000000000000 A=0x71148
5242000: system.cpu: T0 : 0x149f6    : c_mv a4, s4                : IntAlu :  D=0x0000000000000000
5242500: system.cpu: T0 : 0x149f8    : addi a3, s9, -608          : IntAlu :  D=0x0000000000071da0
5243000: system.cpu: T0 : 0x149fc    : fence iorw, ow             : No_OpClass : 
5243500: system.cpu: T0 : 0x14a00    : amoswap_w a4, a4, (a3)    
5243500: system.cpu: T0 : 0x14a00. 0 : amoswap_w[l] a4, a4, (a3)  : MemRead :  D=0x0000000000000001 A=0x71da0
5244000: system.cpu: T0 : 0x14a04    : c_addiw a4, 0              : IntAlu :  D=0x0000000000000001
5245000: system.cpu: T0 : 0x14a06    : blt s3, a4, 172            : IntAlu : 
5245500: system.cpu: T0 : 0x14a0a    : c_slli a5, 5               : IntAlu :  D=0x0000000000000000
5246000: system.cpu: T0 : 0x14a0c    : c_add a5, s10              : IntAlu :  D=0x0000000000071140
5246500: system.cpu: T0 : 0x14a0e    : c_ld a4, 16(a5)            : MemRead :  D=0x0000000000000004 A=0x71150
5247000: system.cpu: T0 : 0x14a10    : beq a4, s5, 146            : IntAlu : 
5247500: system.cpu: T0 : 0x14a14    : bne a4, s2, -78            : IntAlu : 
5248000: system.cpu: T0 : 0x14a18    : c_ld a4, 24(a5)            : MemRead :  D=0x0000000000010c00 A=0x71158
5248500: system.cpu: T0 : 0x14a1a    : c_ld a0, 32(a5)            : MemRead :  D=0x0000000000000000 A=0x71160
5249000: system.cpu: T0 : 0x14a1c    : sd zero, 16(a5)            : MemWrite :  D=0x0000000000000000 A=0x71150
5249500: system.cpu: T0 : 0x14a20    : c_mv a1, s6                : IntAlu :  D=0x0000000000000000
5250000: system.cpu: T0 : 0x14a22    : c_jalr a4                  : IntAlu :  D=0x0000000000014a24
5250500: system.cpu: T0 : 0x10c00    : c_addi sp, -32             : IntAlu :  D=0x7ffffffffffffd40
5251000: system.cpu: T0 : 0x10c02    : c_sdsp s0, 16(sp)          : MemWrite :  D=0x0000000000000001 A=0x7ffffffffffffd50
5251500: system.cpu: T0 : 0x10c04    : lui a5, 111                : IntAlu :  D=0x000000000006f000
5252000: system.cpu: T0 : 0x10c08    : lui s0, 111                : IntAlu :  D=0x000000000006f000
5252500: system.cpu: T0 : 0x10c0c    : addi s0, s0, -1280         : IntAlu :  D=0x000000000006eb00
5253000: system.cpu: T0 : 0x10c10    : addi a5, a5, -1264         : IntAlu :  D=0x000000000006eb10
5253500: system.cpu: T0 : 0x10c14    : c_sub a5, s0               : IntAlu :  D=0x0000000000000010
5254000: system.cpu: T0 : 0x10c16    : c_sdsp ra, 24(sp)          : MemWrite :  D=0x0000000000014a24 A=0x7ffffffffffffd58
5254500: system.cpu: T0 : 0x10c18    : c_sdsp s1, 8(sp)           : MemWrite :  D=0x0000000000000002 A=0x7ffffffffffffd48
5255000: system.cpu: T0 : 0x10c1a    : c_sdsp s2, 0(sp)           : MemWrite :  D=0x0000000000000004 A=0x7ffffffffffffd40
5255500: system.cpu: T0 : 0x10c1c    : srai a4, a5, 3             : IntAlu :  D=0x0000000000000002
5256000: system.cpu: T0 : 0x10c20    : c_beqz a4, 24              : IntAlu : 
5256500: system.cpu: T0 : 0x10c22    : c_addi a5, -8              : IntAlu :  D=0x0000000000000008
5257000: system.cpu: T0 : 0x10c24    : addi s1, a4, -1            : IntAlu :  D=0x0000000000000001
5257500: system.cpu: T0 : 0x10c28    : c_add s0, a5               : IntAlu :  D=0x000000000006eb08
5258000: system.cpu: T0 : 0x10c2a    : c_li s2, -1                : IntAlu :  D=0xffffffffffffffff
5258500: system.cpu: T0 : 0x10c2c    : c_ld a5, 0(s0)             : MemRead :  D=0x0000000000010340 A=0x6eb08
5259000: system.cpu: T0 : 0x10c2e    : c_addi s1, -1              : IntAlu :  D=0x0000000000000000
5259500: system.cpu: T0 : 0x10c30    : c_addi s0, -8              : IntAlu :  D=0x000000000006eb00
5260000: system.cpu: T0 : 0x10c32    : c_jalr a5                  : IntAlu :  D=0x0000000000010c34
5260500: system.cpu: T0 : 0x10340    : addi a0, gp, 1616          : IntAlu :  D=0x0000000000071678
5261000: system.cpu: T0 : 0x10344    : jal zero, 209478           : IntAlu :  D=0x0000000000010348
5261500: system.cpu: T0 : 0x4358a    : c_addi sp, -32             : IntAlu :  D=0x7ffffffffffffd20
5262000: system.cpu: T0 : 0x4358c    : c_sdsp s1, 8(sp)           : MemWrite :  D=0x0000000000000000 A=0x7ffffffffffffd28
5262500: system.cpu: T0 : 0x4358e    : c_ld s1, 0(a0)             : MemRead :  D=0x0000000000000000 A=0x71678
5263000: system.cpu: T0 : 0x43590    : c_sdsp ra, 24(sp)          : MemWrite :  D=0x0000000000010c34 A=0x7ffffffffffffd38
5263500: system.cpu: T0 : 0x43592    : c_sdsp s0, 16(sp)          : MemWrite :  D=0x000000000006eb00 A=0x7ffffffffffffd30
5264000: system.cpu: T0 : 0x43594    : c_beqz s1, 20              : IntAlu : 
5264500: system.cpu: T0 : 0x435a8    : c_ldsp ra, 24(sp)          : MemRead :  D=0x0000000000010c34 A=0x7ffffffffffffd38
5265000: system.cpu: T0 : 0x435aa    : c_ldsp s0, 16(sp)          : MemRead :  D=0x000000000006eb00 A=0x7ffffffffffffd30
5265500: system.cpu: T0 : 0x435ac    : c_ldsp s1, 8(sp)           : MemRead :  D=0x0000000000000000 A=0x7ffffffffffffd28
5266000: system.cpu: T0 : 0x435ae    : c_addi16sp sp, 32          : IntAlu :  D=0x7ffffffffffffd40
5266500: system.cpu: T0 : 0x435b0    : c_jr ra                    : IntAlu : 
5267000: system.cpu: T0 : 0x10c34    : bne s1, s2, -8             : IntAlu : 
5267500: system.cpu: T0 : 0x10c2c    : c_ld a5, 0(s0)             : MemRead :  D=0x00000000000103d6 A=0x6eb00
5268000: system.cpu: T0 : 0x10c2e    : c_addi s1, -1              : IntAlu :  D=0xffffffffffffffff
5268500: system.cpu: T0 : 0x10c30    : c_addi s0, -8              : IntAlu :  D=0x000000000006eaf8
5269000: system.cpu: T0 : 0x10c32    : c_jalr a5                  : IntAlu :  D=0x0000000000010c34
5269500: system.cpu: T0 : 0x103d6    : c_addi sp, -16             : IntAlu :  D=0x7ffffffffffffd30
5270000: system.cpu: T0 : 0x103d8    : c_sdsp s0, 0(sp)           : MemWrite :  D=0x000000000006eaf8 A=0x7ffffffffffffd30
5271000: system.cpu: T0 : 0x103da    : lbu a5, -1016(gp)          : MemRead :  D=0x0000000000000000 A=0x70c30
5271500: system.cpu: T0 : 0x103de    : c_sdsp ra, 8(sp)           : MemWrite :  D=0x0000000000010c34 A=0x7ffffffffffffd38
5272000: system.cpu: T0 : 0x103e0    : c_bnez a5, 34              : IntAlu : 
5273000: system.cpu: T0 : 0x103e2    : jal ra, -96                : IntAlu :  D=0x00000000000103e6
5274000: system.cpu: T0 : 0x10382    : lui a0, 112                : IntAlu :  D=0x0000000000070000
5275000: system.cpu: T0 : 0x10386    : lui a4, 112                : IntAlu :  D=0x0000000000070000
5276000: system.cpu: T0 : 0x1038a    : addi a5, a0, 2032          : IntAlu :  D=0x00000000000707f0
5277000: system.cpu: T0 : 0x1038e    : addi a4, a4, 2032          : IntAlu :  D=0x00000000000707f0
5278000: system.cpu: T0 : 0x10392    : beq a4, a5, 18             : IntAlu : 
5278500: system.cpu: T0 : 0x103a4    : c_jr ra                    : IntAlu : 
5279500: system.cpu: T0 : 0x103e6    : lui a5, 76                 : IntAlu :  D=0x000000000004c000
5280500: system.cpu: T0 : 0x103ea    : addi a5, a5, 2036          : IntAlu :  D=0x000000000004c7f4
5281000: system.cpu: T0 : 0x103ee    : c_beqz a5, 14              : IntAlu : 
5281500: system.cpu: T0 : 0x103f0    : lui a0, 106                : IntAlu :  D=0x000000000006a000
5282000: system.cpu: T0 : 0x103f4    : addi a0, a0, 848           : IntAlu :  D=0x000000000006a350
5282500: system.cpu: T0 : 0x103f8    : jal ra, 246780             : IntAlu :  D=0x00000000000103fc
5283000: system.cpu: T0 : 0x4c7f4    : c_j -222                   : IntAlu : 
5283500: system.cpu: T0 : 0x4c716    : c_addi sp, -32             : IntAlu :  D=0x7ffffffffffffd10
5284000: system.cpu: T0 : 0x4c718    : c_sdsp ra, 24(sp)          : MemWrite :  D=0x00000000000103fc A=0x7ffffffffffffd28
5284500: system.cpu: T0 : 0x4c71a    : c_sdsp s0, 16(sp)          : MemWrite :  D=0x000000000006eaf8 A=0x7ffffffffffffd20
5285000: system.cpu: T0 : 0x4c71c    : c_sdsp s1, 8(sp)           : MemWrite :  D=0xffffffffffffffff A=0x7ffffffffffffd18
5285500: system.cpu: T0 : 0x4c71e    : c_sdsp s2, 0(sp)           : MemWrite :  D=0xffffffffffffffff A=0x7ffffffffffffd10
5286000: system.cpu: T0 : 0x4c720    : c_beqz a0, 160             : IntAlu : 
5286500: system.cpu: T0 : 0x4c722    : c_lw a5, 0(a0)             : MemRead :  D=0x000000000000001c A=0x6a350
5287000: system.cpu: T0 : 0x4c724    : c_mv s1, a0                : IntAlu :  D=0x000000000006a350
5287500: system.cpu: T0 : 0x4c726    : c_beqz a5, 154             : IntAlu : 
5288000: system.cpu: T0 : 0x4c728    : auipc s2, 36               : IntAlu :  D=0x0000000000070728
5288500: system.cpu: T0 : 0x4c72c    : ld s2, 224(s2)             : MemRead :  D=0x0000000000000000 A=0x70808
5289000: system.cpu: T0 : 0x4c730    : beq s2, zero, 22           : IntAlu : 
5290000: system.cpu: T0 : 0x4c746    : addi a2, gp, 1880          : IntAlu :  D=0x0000000000071780
5291000: system.cpu: T0 : 0x4c74a    : ld a5, 448(a2)             : MemRead :  D=0x0000000000070c38 A=0x71940
5291500: system.cpu: T0 : 0x4c74e    : c_beqz a5, 66              : IntAlu : 
5292000: system.cpu: T0 : 0x4c750    : auipc a3, 37               : IntAlu :  D=0x0000000000071750
5292500: system.cpu: T0 : 0x4c754    : addi a3, a3, 496           : IntAlu :  D=0x0000000000071940
5293000: system.cpu: T0 : 0x4c758    : c_j 8                      : IntAlu : 
5293500: system.cpu: T0 : 0x4c760    : c_ld a4, 24(a5)            : MemRead :  D=0x000000000006a350 A=0x70c50
5294000: system.cpu: T0 : 0x4c762    : c_mv s0, a5                : IntAlu :  D=0x0000000000070c38
5294500: system.cpu: T0 : 0x4c764    : c_ld a5, 40(a5)            : MemRead :  D=0x0000000000000000 A=0x70c60
5295500: system.cpu: T0 : 0x4c766    : bne s1, a4, -12            : IntAlu : 
5296000: system.cpu: T0 : 0x4c76a    : c_sd a5, 0(a3)             : MemWrite :  D=0x0000000000000000 A=0x71940
5296500: system.cpu: T0 : 0x4c76c    : beq s2, zero, 22           : IntAlu : 
5297000: system.cpu: T0 : 0x4c782    : c_ldsp ra, 24(sp)          : MemRead :  D=0x00000000000103fc A=0x7ffffffffffffd28
5297500: system.cpu: T0 : 0x4c784    : c_mv a0, s0                : IntAlu :  D=0x0000000000070c38
5298000: system.cpu: T0 : 0x4c786    : c_ldsp s0, 16(sp)          : MemRead :  D=0x000000000006eaf8 A=0x7ffffffffffffd20
5298500: system.cpu: T0 : 0x4c788    : c_ldsp s1, 8(sp)           : MemRead :  D=0xffffffffffffffff A=0x7ffffffffffffd18
5299000: system.cpu: T0 : 0x4c78a    : c_ldsp s2, 0(sp)           : MemRead :  D=0xffffffffffffffff A=0x7ffffffffffffd10
5299500: system.cpu: T0 : 0x4c78c    : c_addi16sp sp, 32          : IntAlu :  D=0x7ffffffffffffd30
5300000: system.cpu: T0 : 0x4c78e    : c_jr ra                    : IntAlu : 
5300500: system.cpu: T0 : 0x103fc    : c_li a5, 1                 : IntAlu :  D=0x0000000000000001
5301500: system.cpu: T0 : 0x103fe    : sb a5, -1016(gp)           : MemWrite :  D=0x0000000000000001 A=0x70c30
5302000: system.cpu: T0 : 0x10402    : c_ldsp ra, 8(sp)           : MemRead :  D=0x0000000000010c34 A=0x7ffffffffffffd38
5302500: system.cpu: T0 : 0x10404    : c_ldsp s0, 0(sp)           : MemRead :  D=0x000000000006eaf8 A=0x7ffffffffffffd30
5303000: system.cpu: T0 : 0x10406    : c_addi sp, 16              : IntAlu :  D=0x7ffffffffffffd40
5303500: system.cpu: T0 : 0x10408    : c_jr ra                    : IntAlu : 
5304000: system.cpu: T0 : 0x10c34    : bne s1, s2, -8             : IntAlu : 
5304500: system.cpu: T0 : 0x10c38    : c_ldsp ra, 24(sp)          : MemRead :  D=0x0000000000014a24 A=0x7ffffffffffffd58
5305000: system.cpu: T0 : 0x10c3a    : c_ldsp s0, 16(sp)          : MemRead :  D=0x0000000000000001 A=0x7ffffffffffffd50
5305500: system.cpu: T0 : 0x10c3c    : c_ldsp s1, 8(sp)           : MemRead :  D=0x0000000000000002 A=0x7ffffffffffffd48
5306000: system.cpu: T0 : 0x10c3e    : c_ldsp s2, 0(sp)           : MemRead :  D=0x0000000000000004 A=0x7ffffffffffffd40
5306500: system.cpu: T0 : 0x10c40    : c_addi16sp sp, 32          : IntAlu :  D=0x7ffffffffffffd60
5307000: system.cpu: T0 : 0x10c42    : c_jr ra                    : IntAlu : 
5307500: system.cpu: T0 : 0x14a24    : addi a4, s9, -608          : IntAlu :  D=0x0000000000071da0
5308000: system.cpu: T0 : 0x14a28    : lr_w a5, (a4)             
5308000: system.cpu: T0 : 0x14a28. 0 : lr_w a5, (a4)              : MemRead :  D=0x0000000000000000 A=0x71da0
5308500: system.cpu: T0 : 0x14a2c    : c_bnez a5, 8               : IntAlu : 
5309500: system.cpu: T0 : 0x14a2e    : sc_w_aq a3, s0, (a4)      
5309500: system.cpu: T0 : 0x14a2e. 0 : sc_w a3, s0, (a4)          : MemWrite :  D=0x0000000000000000 A=0x71da0
5310000: system.cpu: T0 : 0x14a2e. 1 : 0x1c8726af fence           : No_OpClass : 
5310500: system.cpu: T0 : 0x14a32    : c_bnez a3, -10             : IntAlu : 
5311000: system.cpu: T0 : 0x14a34    : c_addiw a5, 0              : IntAlu :  D=0x0000000000000000
5311500: system.cpu: T0 : 0x14a36    : c_beqz a5, -88             : IntAlu : 
5312500: system.cpu: T0 : 0x149de    : ld a5, -600(s11)           : MemRead :  D=0x0000000000000001 A=0x71da8
5313500: system.cpu: T0 : 0x149e2    : bne a5, s8, 102            : IntAlu : 
5314500: system.cpu: T0 : 0x149e6    : ld a5, 8(s10)              : MemRead :  D=0x0000000000000000 A=0x71148
5315000: system.cpu: T0 : 0x149ea    : c_beqz a5, 222             : IntAlu : 
5315500: system.cpu: T0 : 0x14ac8    : ld a5, 0(s10)              : MemRead :  D=0x0000000000000000 A=0x71140
5316000: system.cpu: T0 : 0x14acc    : sd a5, 0(s7)               : MemWrite :  D=0x0000000000000000 A=0x70898
5316500: system.cpu: T0 : 0x14ad0    : c_beqz a5, 8               : IntAlu : 
5317000: system.cpu: T0 : 0x14ad8    : c_mv a5, s4                : IntAlu :  D=0x0000000000000000
5318000: system.cpu: T0 : 0x14ada    : addi a4, s9, -608          : IntAlu :  D=0x0000000000071da0
5319000: system.cpu: T0 : 0x14ade    : fence iorw, ow             : No_OpClass : 
5320000: system.cpu: T0 : 0x14ae2    : amoswap_w a5, a5, (a4)    
5320000: system.cpu: T0 : 0x14ae2. 0 : amoswap_w[l] a5, a5, (a4)  : MemRead :  D=0x0000000000000001 A=0x71da0
5320500: system.cpu: T0 : 0x14ae6    : c_addiw a5, 0              : IntAlu :  D=0x0000000000000001
5321000: system.cpu: T0 : 0x14ae8    : bge s3, a5, -332           : IntAlu : 
5321500: system.cpu: T0 : 0x1499c    : c_li a4, 1                 : IntAlu :  D=0x0000000000000001
5322500: system.cpu: T0 : 0x1499e    : addi a3, s9, -608          : IntAlu :  D=0x0000000000071da0
5323500: system.cpu: T0 : 0x149a2    : lr_w a5, (a3)             
5323500: system.cpu: T0 : 0x149a2. 0 : lr_w a5, (a3)              : MemRead :  D=0x0000000000000000 A=0x71da0
5324000: system.cpu: T0 : 0x149a6    : c_bnez a5, 8               : IntAlu : 
5324500: system.cpu: T0 : 0x149a8    : sc_w_aq a2, a4, (a3)      
5324500: system.cpu: T0 : 0x149a8. 0 : sc_w a2, a4, (a3)          : MemWrite :  D=0x0000000000000000 A=0x71da0
5325000: system.cpu: T0 : 0x149a8. 1 : 0x1ce6a62f fence           : No_OpClass : 
5325500: system.cpu: T0 : 0x149ac    : c_bnez a2, -10             : IntAlu : 
5326000: system.cpu: T0 : 0x149ae    : c_addiw a5, 0              : IntAlu :  D=0x0000000000000000
5326500: system.cpu: T0 : 0x149b0    : bne a5, zero, 338          : IntAlu : 
5327000: system.cpu: T0 : 0x149b4    : ld s10, 0(s7)              : MemRead :  D=0x0000000000000000 A=0x70898
5327500: system.cpu: T0 : 0x149b8    : beq s10, zero, 152         : IntAlu : 
5328000: system.cpu: T0 : 0x14a50    : c_li a4, 1                 : IntAlu :  D=0x0000000000000001
5329000: system.cpu: T0 : 0x14a52    : sb a4, -1476(gp)           : MemWrite :  D=0x0000000000000001 A=0x70a64
5329500: system.cpu: T0 : 0x14a56    : c_li a5, 0                 : IntAlu :  D=0x0000000000000000
5330000: system.cpu: T0 : 0x14a58    : addi a4, s9, -608          : IntAlu :  D=0x0000000000071da0
5330500: system.cpu: T0 : 0x14a5c    : fence iorw, ow             : No_OpClass : 
5331000: system.cpu: T0 : 0x14a60    : amoswap_w a5, a5, (a4)    
5331000: system.cpu: T0 : 0x14a60. 0 : amoswap_w[l] a5, a5, (a4)  : MemRead :  D=0x0000000000000001 A=0x71da0
5331500: system.cpu: T0 : 0x14a64    : c_addiw a5, 0              : IntAlu :  D=0x0000000000000001
5332000: system.cpu: T0 : 0x14a66    : c_li a4, 1                 : IntAlu :  D=0x0000000000000001
5332500: system.cpu: T0 : 0x14a68    : blt a4, a5, 174            : IntAlu : 
5333000: system.cpu: T0 : 0x14a6c    : c_ldsp a5, 8(sp)           : MemRead :  D=0x0000000000000001 A=0x7ffffffffffffd68
5333500: system.cpu: T0 : 0x14a6e    : c_beqz a5, 46              : IntAlu : 
5334000: system.cpu: T0 : 0x14a70    : lui s0, 106                : IntAlu :  D=0x000000000006a000
5334500: system.cpu: T0 : 0x14a74    : lui a5, 106                : IntAlu :  D=0x000000000006a000
5335000: system.cpu: T0 : 0x14a78    : addi s1, s0, 800           : IntAlu :  D=0x000000000006a320
5335500: system.cpu: T0 : 0x14a7c    : addi a5, a5, 808           : IntAlu :  D=0x000000000006a328
5336000: system.cpu: T0 : 0x14a80    : bgeu s1, a5, 28            : IntAlu : 
5336500: system.cpu: T0 : 0x14a84    : c_addi a5, -1              : IntAlu :  D=0x000000000006a327
5337000: system.cpu: T0 : 0x14a86    : c_sub a5, s1               : IntAlu :  D=0x0000000000000007
5337500: system.cpu: T0 : 0x14a88    : c_andi a5, 18446744073709551608 : IntAlu :  D=0x0000000000000000
5338000: system.cpu: T0 : 0x14a8a    : c_addi a5, 8               : IntAlu :  D=0x0000000000000008
5338500: system.cpu: T0 : 0x14a8c    : c_add s1, a5               : IntAlu :  D=0x000000000006a328
5339500: system.cpu: T0 : 0x14a8e    : addi s0, s0, 800           : IntAlu :  D=0x000000000006a320
5340000: system.cpu: T0 : 0x14a92    : c_ld a5, 0(s0)             : MemRead :  D=0x00000000000199be A=0x6a320
5340500: system.cpu: T0 : 0x14a94    : c_addi s0, 8               : IntAlu :  D=0x000000000006a328
5341000: system.cpu: T0 : 0x14a96    : c_jalr a5                  : IntAlu :  D=0x0000000000014a98
5341500: system.cpu: T0 : 0x199be    : c_addi16sp sp, -176        : IntAlu :  D=0x7ffffffffffffcb0
5342000: system.cpu: T0 : 0x199c0    : c_sdsp s6, 112(sp)         : MemWrite :  D=0x0000000000000000 A=0x7ffffffffffffd20
5343000: system.cpu: T0 : 0x199c2    : lui s6, 111                : IntAlu :  D=0x000000000006f000
5344000: system.cpu: T0 : 0x199c6    : ld a5, -1264(s6)           : MemRead :  D=0x6f442f2e2e000000 A=0x6eb10
5344500: system.cpu: T0 : 0x199ca    : c_sdsp s3, 136(sp)         : MemWrite :  D=0x0000000000000001 A=0x7ffffffffffffd38
5345000: system.cpu: T0 : 0x199cc    : c_li a0, 0                 : IntAlu :  D=0x0000000000000000
5345500: system.cpu: T0 : 0x199ce    : c_sdsp s5, 120(sp)         : MemWrite :  D=0x0000000000000003 A=0x7ffffffffffffd28
5346000: system.cpu: T0 : 0x199d0    : c_sdsp ra, 168(sp)         : MemWrite :  D=0x0000000000014a98 A=0x7ffffffffffffd58
5346500: system.cpu: T0 : 0x199d2    : c_sdsp s0, 160(sp)         : MemWrite :  D=0x000000000006a328 A=0x7ffffffffffffd50
5347000: system.cpu: T0 : 0x199d4    : c_sdsp s1, 152(sp)         : MemWrite :  D=0x000000000006a328 A=0x7ffffffffffffd48
5347500: system.cpu: T0 : 0x199d6    : c_sdsp s2, 144(sp)         : MemWrite :  D=0x0000000000000004 A=0x7ffffffffffffd40
5348000: system.cpu: T0 : 0x199d8    : c_sdsp s4, 128(sp)         : MemWrite :  D=0x0000000000000000 A=0x7ffffffffffffd30
5348500: system.cpu: T0 : 0x199da    : c_sdsp s7, 104(sp)         : MemWrite :  D=0x0000000000070898 A=0x7ffffffffffffd18
5349000: system.cpu: T0 : 0x199dc    : c_sdsp s8, 96(sp)          : MemWrite :  D=0x0000000000000001 A=0x7ffffffffffffd10
5349500: system.cpu: T0 : 0x199de    : c_sdsp s9, 88(sp)          : MemWrite :  D=0x0000000000072000 A=0x7ffffffffffffd08
5350000: system.cpu: T0 : 0x199e0    : c_sdsp s10, 80(sp)         : MemWrite :  D=0x0000000000000000 A=0x7ffffffffffffd00
5350500: system.cpu: T0 : 0x199e2    : c_sdsp s11, 72(sp)         : MemWrite :  D=0x0000000000072000 A=0x7ffffffffffffcf8
5351000: system.cpu: T0 : 0x199e4    : c_sdsp a5, 56(sp)          : MemWrite :  D=0x6f442f2e2e000000 A=0x7ffffffffffffce8
5352000: system.cpu: T0 : 0x199e6    : addi s3, zero, 0           : IntAlu :  D=0x0000000000000000
5353000: system.cpu: T0 : 0x199ea    : jal ra, -556               : IntAlu :  D=0x00000000000199ee
5353500: system.cpu: T0 : 0x197be    : c_addi16sp sp, -176        : IntAlu :  D=0x7ffffffffffffc00
5354000: system.cpu: T0 : 0x197c0    : c_sdsp s5, 120(sp)         : MemWrite :  D=0x0000000000000003 A=0x7ffffffffffffc78
5355000: system.cpu: T0 : 0x197c2    : lui s5, 111                : IntAlu :  D=0x000000000006f000
5356000: system.cpu: T0 : 0x197c6    : ld a5, -1264(s5)           : MemRead :  D=0x6f442f2e2e000000 A=0x6eb10
5356500: system.cpu: T0 : 0x197ca    : c_sdsp s3, 136(sp)         : MemWrite :  D=0x0000000000000000 A=0x7ffffffffffffc88
5357000: system.cpu: T0 : 0x197cc    : c_sdsp s9, 88(sp)          : MemWrite :  D=0x0000000000072000 A=0x7ffffffffffffc58
5357500: system.cpu: T0 : 0x197ce    : c_sdsp ra, 168(sp)         : MemWrite :  D=0x00000000000199ee A=0x7ffffffffffffca8
5358000: system.cpu: T0 : 0x197d0    : c_sdsp s0, 160(sp)         : MemWrite :  D=0x000000000006a328 A=0x7ffffffffffffca0
5358500: system.cpu: T0 : 0x197d2    : c_sdsp s1, 152(sp)         : MemWrite :  D=0x000000000006a328 A=0x7ffffffffffffc98
5359000: system.cpu: T0 : 0x197d4    : c_sdsp s2, 144(sp)         : MemWrite :  D=0x0000000000000004 A=0x7ffffffffffffc90
5359500: system.cpu: T0 : 0x197d6    : c_sdsp s4, 128(sp)         : MemWrite :  D=0x0000000000000000 A=0x7ffffffffffffc80
5360000: system.cpu: T0 : 0x197d8    : c_sdsp s6, 112(sp)         : MemWrite :  D=0x000000000006f000 A=0x7ffffffffffffc70
5360500: system.cpu: T0 : 0x197da    : c_sdsp s7, 104(sp)         : MemWrite :  D=0x0000000000070898 A=0x7ffffffffffffc68
5361000: system.cpu: T0 : 0x197dc    : c_sdsp s8, 96(sp)          : MemWrite :  D=0x0000000000000001 A=0x7ffffffffffffc60
5361500: system.cpu: T0 : 0x197de    : c_sdsp s10, 80(sp)         : MemWrite :  D=0x0000000000000000 A=0x7ffffffffffffc50
5362000: system.cpu: T0 : 0x197e0    : c_sdsp s11, 72(sp)         : MemWrite :  D=0x0000000000072000 A=0x7ffffffffffffc48
5362500: system.cpu: T0 : 0x197e2    : c_sdsp a5, 56(sp)          : MemWrite :  D=0x6f442f2e2e000000 A=0x7ffffffffffffc38
5363000: system.cpu: T0 : 0x197e4    : addi s3, zero, 0           : IntAlu :  D=0x0000000000000000
5363500: system.cpu: T0 : 0x197e8    : c_mv s9, a0                : IntAlu :  D=0x0000000000000000
5364500: system.cpu: T0 : 0x197ea    : beq s3, zero, 428          : IntAlu : 
5365000: system.cpu: T0 : 0x19996    : c_lui a5, 25               : IntAlu :  D=0x0000000000019000
5365500: system.cpu: T0 : 0x19998    : addi a5, a5, -1516         : IntAlu :  D=0x0000000000018a14
5366000: system.cpu: T0 : 0x1999c    : c_sdsp a5, 24(sp)          : MemWrite :  D=0x0000000000018a14 A=0x7ffffffffffffc18
5366500: system.cpu: T0 : 0x1999e    : c_sdsp zero, 32(sp)        : MemWrite :  D=0x0000000000000000 A=0x7ffffffffffffc20
5367000: system.cpu: T0 : 0x199a0    : c_j -416                   : IntAlu : 
5367500: system.cpu: T0 : 0x19800    : addi s8, gp, 1320          : IntAlu :  D=0x0000000000071550
5368000: system.cpu: T0 : 0x19804    : ld a5, 8(s8)               : MemRead :  D=0x0000000000000000 A=0x71558
5368500: system.cpu: T0 : 0x19808    : addi s0, tp, -1808         : IntAlu :  D=0x0000000000072000
5369000: system.cpu: T0 : 0x1980c    : beq a5, s0, 28             : IntAlu : 
5369500: system.cpu: T0 : 0x19810    : c_li a3, 1                 : IntAlu :  D=0x0000000000000001
5370500: system.cpu: T0 : 0x19812    : lr_w a5, (s8)             
5370500: system.cpu: T0 : 0x19812. 0 : lr_w a5, (s8)              : MemRead :  D=0x0000000000000000 A=0x71550
5371000: system.cpu: T0 : 0x19816    : c_bnez a5, 8               : IntAlu : 
5371500: system.cpu: T0 : 0x19818    : sc_w_aq a4, a3, (s8)      
5371500: system.cpu: T0 : 0x19818. 0 : sc_w a4, a3, (s8)          : MemWrite :  D=0x0000000000000000 A=0x71550
5372000: system.cpu: T0 : 0x19818. 1 : 0x1cdc272f fence           : No_OpClass : 
5372500: system.cpu: T0 : 0x1981c    : c_bnez a4, -10             : IntAlu : 
5373000: system.cpu: T0 : 0x1981e    : c_addiw a5, 0              : IntAlu :  D=0x0000000000000000
5373500: system.cpu: T0 : 0x19820    : bne a5, zero, 386          : IntAlu : 
5374000: system.cpu: T0 : 0x19824    : sd s0, 8(s8)               : MemWrite :  D=0x0000000000072000 A=0x71558
5374500: system.cpu: T0 : 0x19828    : lw a4, 4(s8)               : MemRead :  D=0x0000000000000000 A=0x71554
5375000: system.cpu: T0 : 0x1982c    : ld s0, -1920(gp)           : MemRead :  D=0x000000000006f000 A=0x708a8
5375500: system.cpu: T0 : 0x19830    : addiw a3, a4, 1            : IntAlu :  D=0x0000000000000001
5376000: system.cpu: T0 : 0x19834    : sw a3, 4(s8)               : MemWrite :  D=0x0000000000000001 A=0x71554
5376500: system.cpu: T0 : 0x19838    : beq s0, zero, 382          : IntAlu : 
5377000: system.cpu: T0 : 0x1983c    : lui s1, 106                : IntAlu :  D=0x000000000006a000
5377500: system.cpu: T0 : 0x19840    : lui s2, 106                : IntAlu :  D=0x000000000006a000
5378000: system.cpu: T0 : 0x19844    : addi s2, s2, -712          : IntAlu :  D=0x0000000000069d38
5378500: system.cpu: T0 : 0x19848    : addi s1, s1, 800           : IntAlu :  D=0x000000000006a320
5379000: system.cpu: T0 : 0x1984c    : c_li s4, 0                 : IntAlu :  D=0x0000000000000000
5379500: system.cpu: T0 : 0x1984e    : c_lui s11, 8               : IntAlu :  D=0x0000000000008000
5380000: system.cpu: T0 : 0x19850    : c_li s6, 1                 : IntAlu :  D=0x0000000000000001
5381000: system.cpu: T0 : 0x19852    : sub s1, s1, s2             : IntAlu :  D=0x00000000000005e8
5382000: system.cpu: T0 : 0x19856    : sd s0, -1456(gp)           : MemWrite :  D=0x000000000006f000 A=0x70a78
5383000: system.cpu: T0 : 0x1985a    : beq s9, zero, 54           : IntAlu : 
5383500: system.cpu: T0 : 0x19890    : lw a5, 192(s0)             : MemRead :  D=0x0000000000000000 A=0x6f0c0
5384000: system.cpu: T0 : 0x19894    : bge zero, a5, 150          : IntAlu : 
5384500: system.cpu: T0 : 0x1992a    : c_ld a3, 40(s0)            : MemRead :  D=0x0000000000000000 A=0x6f028
5385000: system.cpu: T0 : 0x1992c    : c_ld a5, 32(s0)            : MemRead :  D=0x0000000000000000 A=0x6f020
5386000: system.cpu: T0 : 0x1992e    : bgeu a5, a3, -116          : IntAlu : 
5387000: system.cpu: T0 : 0x198ba    : beq s9, zero, 28           : IntAlu : 
5387500: system.cpu: T0 : 0x198d6    : c_ld s0, 104(s0)           : MemRead :  D=0x000000000006f1c8 A=0x6f068
5388000: system.cpu: T0 : 0x198d8    : sd zero, -1456(gp)         : MemWrite :  D=0x0000000000000000 A=0x70a78
5388500: system.cpu: T0 : 0x198dc    : c_bnez s0, -134            : IntAlu : 
5389500: system.cpu: T0 : 0x19856    : sd s0, -1456(gp)           : MemWrite :  D=0x000000000006f1c8 A=0x70a78
5390500: system.cpu: T0 : 0x1985a    : beq s9, zero, 54           : IntAlu : 
5391000: system.cpu: T0 : 0x19890    : lw a5, 192(s0)             : MemRead :  D=0x0000000000000000 A=0x6f288
5391500: system.cpu: T0 : 0x19894    : bge zero, a5, 150          : IntAlu : 
5392000: system.cpu: T0 : 0x1992a    : c_ld a3, 40(s0)            : MemRead :  D=0x0000000000000000 A=0x6f1f0
5392500: system.cpu: T0 : 0x1992c    : c_ld a5, 32(s0)            : MemRead :  D=0x0000000000000000 A=0x6f1e8
5393500: system.cpu: T0 : 0x1992e    : bgeu a5, a3, -116          : IntAlu : 
5394500: system.cpu: T0 : 0x198ba    : beq s9, zero, 28           : IntAlu : 
5395000: system.cpu: T0 : 0x198d6    : c_ld s0, 104(s0)           : MemRead :  D=0x000000000006f390 A=0x6f230
5395500: system.cpu: T0 : 0x198d8    : sd zero, -1456(gp)         : MemWrite :  D=0x0000000000000000 A=0x70a78
5396000: system.cpu: T0 : 0x198dc    : c_bnez s0, -134            : IntAlu : 
5397000: system.cpu: T0 : 0x19856    : sd s0, -1456(gp)           : MemWrite :  D=0x000000000006f390 A=0x70a78
5398000: system.cpu: T0 : 0x1985a    : beq s9, zero, 54           : IntAlu : 
5398500: system.cpu: T0 : 0x19890    : lw a5, 192(s0)             : MemRead :  D=0x0000000000000000 A=0x6f450
5399000: system.cpu: T0 : 0x19894    : bge zero, a5, 150          : IntAlu : 
5399500: system.cpu: T0 : 0x1992a    : c_ld a3, 40(s0)            : MemRead :  D=0x0000000000000000 A=0x6f3b8
5400000: system.cpu: T0 : 0x1992c    : c_ld a5, 32(s0)            : MemRead :  D=0x0000000000000000 A=0x6f3b0
5401000: system.cpu: T0 : 0x1992e    : bgeu a5, a3, -116          : IntAlu : 
5402000: system.cpu: T0 : 0x198ba    : beq s9, zero, 28           : IntAlu : 
5402500: system.cpu: T0 : 0x198d6    : c_ld s0, 104(s0)           : MemRead :  D=0x0000000000000000 A=0x6f3f8
5403000: system.cpu: T0 : 0x198d8    : sd zero, -1456(gp)         : MemWrite :  D=0x0000000000000000 A=0x70a78
5403500: system.cpu: T0 : 0x198dc    : c_bnez s0, -134            : IntAlu : 
5404500: system.cpu: T0 : 0x198de    : lw a5, 4(s8)               : MemRead :  D=0x0000000000000001 A=0x71554
5405500: system.cpu: T0 : 0x198e2    : addiw a4, a5, -1           : IntAlu :  D=0x0000000000000000
5406500: system.cpu: T0 : 0x198e6    : sw a4, 4(s8)               : MemWrite :  D=0x0000000000000000 A=0x71554
5407000: system.cpu: T0 : 0x198ea    : c_beqz a4, 128             : IntAlu : 
5408000: system.cpu: T0 : 0x1996a    : sd zero, 8(s8)             : MemWrite :  D=0x0000000000000000 A=0x71558
5408500: system.cpu: T0 : 0x1996e    : c_mv a5, a4                : IntAlu :  D=0x0000000000000000
5409000: system.cpu: T0 : 0x19970    : fence iorw, ow             : No_OpClass : 
5409500: system.cpu: T0 : 0x19974    : amoswap_w a5, a5, (s8)    
5409500: system.cpu: T0 : 0x19974. 0 : amoswap_w[l] a5, a5, (s8)  : MemRead :  D=0x0000000000000001 A=0x71550
5410000: system.cpu: T0 : 0x19978    : c_addiw a5, 0              : IntAlu :  D=0x0000000000000001
5410500: system.cpu: T0 : 0x1997a    : c_li a4, 1                 : IntAlu :  D=0x0000000000000001
5411000: system.cpu: T0 : 0x1997c    : bge a4, a5, -144           : IntAlu : 
5411500: system.cpu: T0 : 0x198ec    : beq s3, zero, 16           : IntAlu : 
5412000: system.cpu: T0 : 0x198fc    : c_ldsp a4, 56(sp)          : MemRead :  D=0x6f442f2e2e000000 A=0x7ffffffffffffc38
5413000: system.cpu: T0 : 0x198fe    : ld a5, -1264(s5)           : MemRead :  D=0x6f442f2e2e000000 A=0x6eb10
5414000: system.cpu: T0 : 0x19902    : bne a4, a5, 184            : IntAlu : 
5414500: system.cpu: T0 : 0x19906    : c_ldsp ra, 168(sp)         : MemRead :  D=0x00000000000199ee A=0x7ffffffffffffca8
5415000: system.cpu: T0 : 0x19908    : c_ldsp s0, 160(sp)         : MemRead :  D=0x000000000006a328 A=0x7ffffffffffffca0
5415500: system.cpu: T0 : 0x1990a    : c_ldsp s1, 152(sp)         : MemRead :  D=0x000000000006a328 A=0x7ffffffffffffc98
5416000: system.cpu: T0 : 0x1990c    : c_ldsp s2, 144(sp)         : MemRead :  D=0x0000000000000004 A=0x7ffffffffffffc90
5416500: system.cpu: T0 : 0x1990e    : c_ldsp s3, 136(sp)         : MemRead :  D=0x0000000000000000 A=0x7ffffffffffffc88
5417000: system.cpu: T0 : 0x19910    : c_ldsp s5, 120(sp)         : MemRead :  D=0x0000000000000003 A=0x7ffffffffffffc78
5417500: system.cpu: T0 : 0x19912    : c_ldsp s6, 112(sp)         : MemRead :  D=0x000000000006f000 A=0x7ffffffffffffc70
5418000: system.cpu: T0 : 0x19914    : c_ldsp s7, 104(sp)         : MemRead :  D=0x0000000000070898 A=0x7ffffffffffffc68
5418500: system.cpu: T0 : 0x19916    : c_ldsp s8, 96(sp)          : MemRead :  D=0x0000000000000001 A=0x7ffffffffffffc60
5419000: system.cpu: T0 : 0x19918    : c_ldsp s9, 88(sp)          : MemRead :  D=0x0000000000072000 A=0x7ffffffffffffc58
5419500: system.cpu: T0 : 0x1991a    : c_ldsp s10, 80(sp)         : MemRead :  D=0x0000000000000000 A=0x7ffffffffffffc50
5420000: system.cpu: T0 : 0x1991c    : c_ldsp s11, 72(sp)         : MemRead :  D=0x0000000000072000 A=0x7ffffffffffffc48
5420500: system.cpu: T0 : 0x1991e    : c_mv a0, s4                : IntAlu :  D=0x0000000000000000
5421000: system.cpu: T0 : 0x19920    : c_ldsp s4, 128(sp)         : MemRead :  D=0x0000000000000000 A=0x7ffffffffffffc80
5421500: system.cpu: T0 : 0x19922    : c_addi16sp sp, 176         : IntAlu :  D=0x7ffffffffffffcb0
5422000: system.cpu: T0 : 0x19924    : c_jr ra                    : IntAlu : 
5422500: system.cpu: T0 : 0x199ee    : c_mv s5, a0                : IntAlu :  D=0x0000000000000000
5423000: system.cpu: T0 : 0x199f0    : beq s3, zero, 482          : IntAlu : 
5423500: system.cpu: T0 : 0x19bd2    : c_lui a5, 25               : IntAlu :  D=0x0000000000019000
5424000: system.cpu: T0 : 0x19bd4    : addi a5, a5, -1516         : IntAlu :  D=0x0000000000018a14
5424500: system.cpu: T0 : 0x19bd8    : c_sdsp a5, 24(sp)          : MemWrite :  D=0x0000000000018a14 A=0x7ffffffffffffcc8
5425000: system.cpu: T0 : 0x19bda    : c_sdsp zero, 32(sp)        : MemWrite :  D=0x0000000000000000 A=0x7ffffffffffffcd0
5425500: system.cpu: T0 : 0x19bdc    : c_j -470                   : IntAlu : 
5426500: system.cpu: T0 : 0x19a06    : addi s1, gp, 1320          : IntAlu :  D=0x0000000000071550
5427000: system.cpu: T0 : 0x19a0a    : c_ld a5, 8(s1)             : MemRead :  D=0x0000000000000000 A=0x71558
5427500: system.cpu: T0 : 0x19a0c    : addi s0, tp, -1808         : IntAlu :  D=0x0000000000072000
5428000: system.cpu: T0 : 0x19a10    : beq s0, a5, 26             : IntAlu : 
5428500: system.cpu: T0 : 0x19a14    : c_li a4, 1                 : IntAlu :  D=0x0000000000000001
5429500: system.cpu: T0 : 0x19a16    : lr_w a5, (s1)             
5429500: system.cpu: T0 : 0x19a16. 0 : lr_w a5, (s1)              : MemRead :  D=0x0000000000000000 A=0x71550
5430000: system.cpu: T0 : 0x19a1a    : c_bnez a5, 8               : IntAlu : 
5430500: system.cpu: T0 : 0x19a1c    : sc_w_aq a3, a4, (s1)      
5430500: system.cpu: T0 : 0x19a1c. 0 : sc_w a3, a4, (s1)          : MemWrite :  D=0x0000000000000000 A=0x71550
5431000: system.cpu: T0 : 0x19a1c. 1 : 0x1ce4a6af fence           : No_OpClass : 
5431500: system.cpu: T0 : 0x19a20    : c_bnez a3, -10             : IntAlu : 
5432000: system.cpu: T0 : 0x19a22    : c_addiw a5, 0              : IntAlu :  D=0x0000000000000000
5432500: system.cpu: T0 : 0x19a24    : bne a5, zero, 442          : IntAlu : 
5433000: system.cpu: T0 : 0x19a28    : c_sd s0, 8(s1)             : MemWrite :  D=0x0000000000072000 A=0x71558
5433500: system.cpu: T0 : 0x19a2a    : c_lw a3, 4(s1)             : MemRead :  D=0x0000000000000000 A=0x71554
5434000: system.cpu: T0 : 0x19a2c    : ld s0, -1920(gp)           : MemRead :  D=0x000000000006f000 A=0x708a8
5434500: system.cpu: T0 : 0x19a30    : addiw a4, a3, 1            : IntAlu :  D=0x0000000000000001
5435000: system.cpu: T0 : 0x19a34    : c_sw a4, 4(s1)             : MemWrite :  D=0x0000000000000001 A=0x71554
5435500: system.cpu: T0 : 0x19a36    : c_beqz s0, 202             : IntAlu : 
5436000: system.cpu: T0 : 0x19a38    : lui s2, 106                : IntAlu :  D=0x000000000006a000
5436500: system.cpu: T0 : 0x19a3c    : lui s4, 106                : IntAlu :  D=0x000000000006a000
5437000: system.cpu: T0 : 0x19a40    : addi s4, s4, -712          : IntAlu :  D=0x0000000000069d38
5437500: system.cpu: T0 : 0x19a44    : addi s2, s2, 800           : IntAlu :  D=0x000000000006a320
5438000: system.cpu: T0 : 0x19a48    : sub s2, s2, s4             : IntAlu :  D=0x00000000000005e8
5438500: system.cpu: T0 : 0x19a4c    : c_li s9, 2                 : IntAlu :  D=0x0000000000000002
5439000: system.cpu: T0 : 0x19a4e    : c_j 12                     : IntAlu : 
5439500: system.cpu: T0 : 0x19a5a    : c_lw a5, 0(s0)             : MemRead :  D=0xfffffffffbad2086 A=0x6f000
5440000: system.cpu: T0 : 0x19a5c    : c_andi a5, 2               : IntAlu :  D=0x0000000000000002
5441000: system.cpu: T0 : 0x19a5e    : addiw s8, a5, 0            : IntAlu :  D=0x0000000000000002
5441500: system.cpu: T0 : 0x19a62    : c_bnez a5, -18             : IntAlu : 
5442000: system.cpu: T0 : 0x19a50    : c_li a5, -1                : IntAlu :  D=0xffffffffffffffff
5443000: system.cpu: T0 : 0x19a52    : sw a5, 192(s0)             : MemWrite :  D=0x00000000ffffffff A=0x6f0c0
5443500: system.cpu: T0 : 0x19a56    : c_ld s0, 104(s0)           : MemRead :  D=0x000000000006f1c8 A=0x6f068
5444000: system.cpu: T0 : 0x19a58    : c_beqz s0, 162             : IntAlu : 
5444500: system.cpu: T0 : 0x19a5a    : c_lw a5, 0(s0)             : MemRead :  D=0xfffffffffbad2084 A=0x6f1c8
5445000: system.cpu: T0 : 0x19a5c    : c_andi a5, 2               : IntAlu :  D=0x0000000000000000
5446000: system.cpu: T0 : 0x19a5e    : addiw s8, a5, 0            : IntAlu :  D=0x0000000000000000
5446500: system.cpu: T0 : 0x19a62    : c_bnez a5, -18             : IntAlu : 
5447000: system.cpu: T0 : 0x19a64    : lw a5, 192(s0)             : MemRead :  D=0x0000000000000000 A=0x6f288
5447500: system.cpu: T0 : 0x19a68    : c_beqz a5, -24             : IntAlu : 
5448000: system.cpu: T0 : 0x19a50    : c_li a5, -1                : IntAlu :  D=0xffffffffffffffff
5449000: system.cpu: T0 : 0x19a52    : sw a5, 192(s0)             : MemWrite :  D=0x00000000ffffffff A=0x6f288
5449500: system.cpu: T0 : 0x19a56    : c_ld s0, 104(s0)           : MemRead :  D=0x000000000006f390 A=0x6f230
5450000: system.cpu: T0 : 0x19a58    : c_beqz s0, 162             : IntAlu : 
5450500: system.cpu: T0 : 0x19a5a    : c_lw a5, 0(s0)             : MemRead :  D=0xfffffffffbad2088 A=0x6f390
5451000: system.cpu: T0 : 0x19a5c    : c_andi a5, 2               : IntAlu :  D=0x0000000000000000
5452000: system.cpu: T0 : 0x19a5e    : addiw s8, a5, 0            : IntAlu :  D=0x0000000000000000
5452500: system.cpu: T0 : 0x19a62    : c_bnez a5, -18             : IntAlu : 
5453000: system.cpu: T0 : 0x19a64    : lw a5, 192(s0)             : MemRead :  D=0x0000000000000000 A=0x6f450
5453500: system.cpu: T0 : 0x19a68    : c_beqz a5, -24             : IntAlu : 
5454000: system.cpu: T0 : 0x19a50    : c_li a5, -1                : IntAlu :  D=0xffffffffffffffff
5455000: system.cpu: T0 : 0x19a52    : sw a5, 192(s0)             : MemWrite :  D=0x00000000ffffffff A=0x6f450
5455500: system.cpu: T0 : 0x19a56    : c_ld s0, 104(s0)           : MemRead :  D=0x0000000000000000 A=0x6f3f8
5456000: system.cpu: T0 : 0x19a58    : c_beqz s0, 162             : IntAlu : 
5456500: system.cpu: T0 : 0x19afa    : c_lw a5, 4(s1)             : MemRead :  D=0x0000000000000001 A=0x71554
5457000: system.cpu: T0 : 0x19afc    : addiw a3, a5, -1           : IntAlu :  D=0x0000000000000000
5457500: system.cpu: T0 : 0x19b00    : c_sw a3, 4(s1)             : MemWrite :  D=0x0000000000000000 A=0x71554
5458000: system.cpu: T0 : 0x19b02    : c_beqz a3, 126             : IntAlu : 
5458500: system.cpu: T0 : 0x19b80    : sd zero, 8(s1)             : MemWrite :  D=0x0000000000000000 A=0x71558
5459000: system.cpu: T0 : 0x19b84    : c_mv a5, a3                : IntAlu :  D=0x0000000000000000
5460000: system.cpu: T0 : 0x19b86    : fence iorw, ow             : No_OpClass : 
5461000: system.cpu: T0 : 0x19b8a    : amoswap_w a5, a5, (s1)    
5461000: system.cpu: T0 : 0x19b8a. 0 : amoswap_w[l] a5, a5, (s1)  : MemRead :  D=0x0000000000000001 A=0x71550
5461500: system.cpu: T0 : 0x19b8e    : c_addiw a5, 0              : IntAlu :  D=0x0000000000000001
5462000: system.cpu: T0 : 0x19b90    : c_li a4, 1                 : IntAlu :  D=0x0000000000000001
5463000: system.cpu: T0 : 0x19b92    : bge a4, a5, -142           : IntAlu : 
5463500: system.cpu: T0 : 0x19b04    : beq s3, zero, 16           : IntAlu : 
5464000: system.cpu: T0 : 0x19b14    : c_ldsp a4, 56(sp)          : MemRead :  D=0x6f442f2e2e000000 A=0x7ffffffffffffce8
5465000: system.cpu: T0 : 0x19b16    : ld a5, -1264(s6)           : MemRead :  D=0x6f442f2e2e000000 A=0x6eb10
5466000: system.cpu: T0 : 0x19b1a    : bne a4, a5, 216            : IntAlu : 
5466500: system.cpu: T0 : 0x19b1e    : c_ldsp ra, 168(sp)         : MemRead :  D=0x0000000000014a98 A=0x7ffffffffffffd58
5467000: system.cpu: T0 : 0x19b20    : c_ldsp s0, 160(sp)         : MemRead :  D=0x000000000006a328 A=0x7ffffffffffffd50
5467500: system.cpu: T0 : 0x19b22    : c_ldsp s1, 152(sp)         : MemRead :  D=0x000000000006a328 A=0x7ffffffffffffd48
5468000: system.cpu: T0 : 0x19b24    : c_ldsp s2, 144(sp)         : MemRead :  D=0x0000000000000004 A=0x7ffffffffffffd40
5468500: system.cpu: T0 : 0x19b26    : c_ldsp s3, 136(sp)         : MemRead :  D=0x0000000000000001 A=0x7ffffffffffffd38
5469000: system.cpu: T0 : 0x19b28    : c_ldsp s4, 128(sp)         : MemRead :  D=0x0000000000000000 A=0x7ffffffffffffd30
5469500: system.cpu: T0 : 0x19b2a    : c_ldsp s6, 112(sp)         : MemRead :  D=0x0000000000000000 A=0x7ffffffffffffd20
5470000: system.cpu: T0 : 0x19b2c    : c_ldsp s7, 104(sp)         : MemRead :  D=0x0000000000070898 A=0x7ffffffffffffd18
5470500: system.cpu: T0 : 0x19b2e    : c_ldsp s8, 96(sp)          : MemRead :  D=0x0000000000000001 A=0x7ffffffffffffd10
5471000: system.cpu: T0 : 0x19b30    : c_ldsp s9, 88(sp)          : MemRead :  D=0x0000000000072000 A=0x7ffffffffffffd08
5471500: system.cpu: T0 : 0x19b32    : c_ldsp s10, 80(sp)         : MemRead :  D=0x0000000000000000 A=0x7ffffffffffffd00
5472000: system.cpu: T0 : 0x19b34    : c_ldsp s11, 72(sp)         : MemRead :  D=0x0000000000072000 A=0x7ffffffffffffcf8
5472500: system.cpu: T0 : 0x19b36    : c_mv a0, s5                : IntAlu :  D=0x0000000000000000
5473000: system.cpu: T0 : 0x19b38    : c_ldsp s5, 120(sp)         : MemRead :  D=0x0000000000000003 A=0x7ffffffffffffd28
5473500: system.cpu: T0 : 0x19b3a    : c_addi16sp sp, 176         : IntAlu :  D=0x7ffffffffffffd60
5474000: system.cpu: T0 : 0x19b3c    : c_jr ra                    : IntAlu : 
5474500: system.cpu: T0 : 0x14a98    : bne s1, s0, -6             : IntAlu : 
5475000: system.cpu: T0 : 0x14a9c    : c_mv a0, s6                : IntAlu :  D=0x0000000000000000
5476000: system.cpu: T0 : 0x14a9e    : jal ra, 47996              : IntAlu :  D=0x0000000000014aa2
5476500: system.cpu: T0 : 0x2061a    : c_mv a4, a0                : IntAlu :  D=0x0000000000000000
5477000: system.cpu: T0 : 0x2061c    : addi a7, zero, 94          : IntAlu :  D=0x000000000000005e
5477500: system.cpu: T0 : 0x20620    : ecall                      : No_OpClass : 
