      0: system.cpu: T0 : 0x10348    : jal ra, 46                 : IntAlu :  D=0x000000000001034c
   1000: system.cpu: T0 : 0x10376    : auipc gp, 97               : IntAlu :  D=0x0000000000071376
   2000: system.cpu: T0 : 0x1037a    : addi gp, gp, -838          : IntAlu :  D=0x0000000000071030
   2500: system.cpu: T0 : 0x1037e    : c_jr ra                    : IntAlu : 
   3000: system.cpu: T0 : 0x1034c    : c_mv a5, a0                : IntAlu :  D=0x0000000000000000
   4000: system.cpu: T0 : 0x1034e    : auipc a0, 0                : IntAlu :  D=0x000000000001034e
   5000: system.cpu: T0 : 0x10352    : addi a0, a0, 730           : IntAlu :  D=0x0000000000010628
   5500: system.cpu: T0 : 0x10356    : c_ldsp a1, 0(sp)           : MemRead :  D=0x0000000000000001 A=0x7fffffffffffff30
   6000: system.cpu: T0 : 0x10358    : c_addi4spn a2, sp, 8       : IntAlu :  D=0x7fffffffffffff38
   7000: system.cpu: T0 : 0x1035a    : andi sp, sp, 18446744073709551600 : IntAlu :  D=0x7fffffffffffff30
   8000: system.cpu: T0 : 0x1035e    : auipc a3, 1                : IntAlu :  D=0x000000000001135e
   9000: system.cpu: T0 : 0x10362    : addi a3, a3, -732          : IntAlu :  D=0x0000000000011082
  10000: system.cpu: T0 : 0x10366    : auipc a4, 1                : IntAlu :  D=0x0000000000011366
  11000: system.cpu: T0 : 0x1036a    : addi a4, a4, -596          : IntAlu :  D=0x0000000000011112
  11500: system.cpu: T0 : 0x1036e    : c_mv a6, sp                : IntAlu :  D=0x7fffffffffffff30
  12000: system.cpu: T0 : 0x10370    : jal ra, 2118               : IntAlu :  D=0x0000000000010374
  12500: system.cpu: T0 : 0x10bb6    : c_addi16sp sp, -320        : IntAlu :  D=0x7ffffffffffffdf0
  13000: system.cpu: T0 : 0x10bb8    : c_sdsp s0, 304(sp)         : MemWrite :  D=0x0000000000000000 A=0x7fffffffffffff20
  13500: system.cpu: T0 : 0x10bba    : c_sdsp s1, 296(sp)         : MemWrite :  D=0x0000000000000000 A=0x7fffffffffffff18
  14000: system.cpu: T0 : 0x10bbc    : c_sdsp s2, 288(sp)         : MemWrite :  D=0x0000000000000000 A=0x7fffffffffffff10
  14500: system.cpu: T0 : 0x10bbe    : c_sdsp a2, 16(sp)          : MemWrite :  D=0x7fffffffffffff38 A=0x7ffffffffffffe00
  15000: system.cpu: T0 : 0x10bc0    : c_sdsp ra, 312(sp)         : MemWrite :  D=0x0000000000010374 A=0x7fffffffffffff28
  16000: system.cpu: T0 : 0x10bc2    : addi t1, zero, 0           : IntAlu :  D=0x0000000000000000
  16500: system.cpu: T0 : 0x10bc6    : c_sdsp a0, 24(sp)          : MemWrite :  D=0x0000000000010628 A=0x7ffffffffffffe08
  17000: system.cpu: T0 : 0x10bc8    : c_sdsp a1, 8(sp)           : MemWrite :  D=0x0000000000000001 A=0x7ffffffffffffdf8
  17500: system.cpu: T0 : 0x10bca    : c_mv s0, a3                : IntAlu :  D=0x0000000000011082
  18000: system.cpu: T0 : 0x10bcc    : c_mv s1, a4                : IntAlu :  D=0x0000000000011112
  18500: system.cpu: T0 : 0x10bce    : c_mv s2, a5                : IntAlu :  D=0x0000000000000000
  19000: system.cpu: T0 : 0x10bd0    : c_li a2, 0                 : IntAlu :  D=0x0000000000000000
  20000: system.cpu: T0 : 0x10bd2    : beq t1, zero, 12           : IntAlu : 
  20500: system.cpu: T0 : 0x10bde    : c_ldsp a5, 8(sp)           : MemRead :  D=0x0000000000000001 A=0x7ffffffffffffdf8
  21000: system.cpu: T0 : 0x10be0    : addi a0, a5, 1             : IntAlu :  D=0x0000000000000002
  21500: system.cpu: T0 : 0x10be4    : c_ldsp a5, 16(sp)          : MemRead :  D=0x7fffffffffffff38 A=0x7ffffffffffffe00
  22000: system.cpu: T0 : 0x10be6    : c_slli a0, 3               : IntAlu :  D=0x0000000000000010
  22500: system.cpu: T0 : 0x10be8    : c_add a0, a5               : IntAlu :  D=0x7fffffffffffff48
  23500: system.cpu: T0 : 0x10bea    : sw a2, -1728(gp)           : MemWrite :  D=0x0000000000000000 A=0x70970
  24500: system.cpu: T0 : 0x10bee    : sd a0, -1360(gp)           : MemWrite :  D=0x7fffffffffffff48 A=0x70ae0
  25500: system.cpu: T0 : 0x10bf2    : lui a5, 111                : IntAlu :  D=0x000000000006f000
  26500: system.cpu: T0 : 0x10bf6    : sd a6, -80(a5)             : MemWrite :  D=0x7fffffffffffff30 A=0x6efb0
  27000: system.cpu: T0 : 0x10bfa    : c_ld a2, 0(a0)             : MemRead :  D=0x0000000000000000 A=0x7fffffffffffff48
  27500: system.cpu: T0 : 0x10bfc    : c_addi a0, 8               : IntAlu :  D=0x7fffffffffffff50
  28000: system.cpu: T0 : 0x10bfe    : c_bnez a2, -4              : IntAlu : 
  28500: system.cpu: T0 : 0x10c00    : jal ra, 72976              : IntAlu :  D=0x0000000000010c04
  29000: system.cpu: T0 : 0x22910    : c_ld a5, 0(a0)             : MemRead :  D=0x0000000000000009 A=0x7fffffffffffff50
  30000: system.cpu: T0 : 0x22912    : lui a4, 114                : IntAlu :  D=0x0000000000072000
  31000: system.cpu: T0 : 0x22916    : sd a0, -368(a4)            : MemWrite :  D=0x7fffffffffffff50 A=0x71e90
  32000: system.cpu: T0 : 0x2291a    : beq a5, zero, 618          : IntAlu : 
  32500: system.cpu: T0 : 0x2291e    : c_addi16sp sp, -224        : IntAlu :  D=0x7ffffffffffffd10
  33000: system.cpu: T0 : 0x22920    : c_sdsp s1, 208(sp)         : MemWrite :  D=0x0000000000011112 A=0x7ffffffffffffde0
  34000: system.cpu: T0 : 0x22922    : lui s1, 114                : IntAlu :  D=0x0000000000072000
  35000: system.cpu: T0 : 0x22926    : ld a4, -296(s1)            : MemRead :  D=0x0000000000000000 A=0x71ed8
  35500: system.cpu: T0 : 0x2292a    : c_sdsp s3, 192(sp)         : MemWrite :  D=0x0000000000000000 A=0x7ffffffffffffdd0
  36000: system.cpu: T0 : 0x2292c    : c_sdsp a4, 64(sp)          : MemWrite :  D=0x0000000000000000 A=0x7ffffffffffffd50
  37000: system.cpu: T0 : 0x2292e    : ld a4, -1336(gp)           : MemRead :  D=0x0000000000000000 A=0x70af8
  38000: system.cpu: T0 : 0x22932    : lui a6, 111                : IntAlu :  D=0x000000000006f000
  39000: system.cpu: T0 : 0x22936    : addi a6, a6, -128          : IntAlu :  D=0x000000000006ef80
  39500: system.cpu: T0 : 0x2293a    : c_sdsp a4, 32(sp)          : MemWrite :  D=0x0000000000000000 A=0x7ffffffffffffd30
  40000: system.cpu: T0 : 0x2293c    : ld a4, 0(a6)               : MemRead :  D=0x0000000000000000 A=0x6ef80
  40500: system.cpu: T0 : 0x22940    : lui t3, 111                : IntAlu :  D=0x000000000006f000
  41000: system.cpu: T0 : 0x22944    : lui t1, 114                : IntAlu :  D=0x0000000000072000
  41500: system.cpu: T0 : 0x22948    : c_sdsp a4, 104(sp)         : MemWrite :  D=0x0000000000000000 A=0x7ffffffffffffd78
  42500: system.cpu: T0 : 0x2294a    : lw a4, -72(t3)             : MemRead :  D=0x0000000000000001 A=0x6efb8
  43000: system.cpu: T0 : 0x2294e    : c_sdsp s2, 200(sp)         : MemWrite :  D=0x0000000000000000 A=0x7ffffffffffffdd8
  43500: system.cpu: T0 : 0x22950    : c_sdsp a4, 80(sp)          : MemWrite :  D=0x0000000000000001 A=0x7ffffffffffffd60
  44500: system.cpu: T0 : 0x22952    : lw a4, -224(t1)            : MemRead :  D=0x0000000000000000 A=0x71f20
  45000: system.cpu: T0 : 0x22956    : c_sdsp s4, 184(sp)         : MemWrite :  D=0x0000000000000000 A=0x7ffffffffffffdc8
  45500: system.cpu: T0 : 0x22958    : c_sdsp a4, 96(sp)          : MemWrite :  D=0x0000000000000000 A=0x7ffffffffffffd70
  46500: system.cpu: T0 : 0x2295a    : lw a4, -1344(gp)           : MemRead :  D=0x0000000000000000 A=0x70af0
  47000: system.cpu: T0 : 0x2295e    : c_sdsp s0, 216(sp)         : MemWrite :  D=0x0000000000011082 A=0x7ffffffffffffde8
  47500: system.cpu: T0 : 0x22960    : lui s0, 114                : IntAlu :  D=0x0000000000072000
  48000: system.cpu: T0 : 0x22964    : c_sdsp a4, 48(sp)          : MemWrite :  D=0x0000000000000000 A=0x7ffffffffffffd40
  49000: system.cpu: T0 : 0x22966    : ld a4, -1328(gp)           : MemRead :  D=0x0000000000000000 A=0x70b00
  50000: system.cpu: T0 : 0x2296a    : lui t6, 114                : IntAlu :  D=0x0000000000072000
  50500: system.cpu: T0 : 0x2296e    : c_sdsp a4, 24(sp)          : MemWrite :  D=0x0000000000000000 A=0x7ffffffffffffd28
  51000: system.cpu: T0 : 0x22970    : ld a4, -360(s0)            : MemRead :  D=0x0000000000000000 A=0x71e98
  51500: system.cpu: T0 : 0x22974    : lui t2, 114                : IntAlu :  D=0x0000000000072000
  52000: system.cpu: T0 : 0x22978    : lui t0, 114                : IntAlu :  D=0x0000000000072000
  52500: system.cpu: T0 : 0x2297c    : c_sdsp a4, 8(sp)           : MemWrite :  D=0x0000000000000000 A=0x7ffffffffffffd18
  53500: system.cpu: T0 : 0x2297e    : ld a4, -1784(gp)           : MemRead :  D=0x0000000000001000 A=0x70938
  54500: system.cpu: T0 : 0x22982    : lui a3, 80                 : IntAlu :  D=0x0000000000050000
  55000: system.cpu: T0 : 0x22986    : c_sdsp s5, 176(sp)         : MemWrite :  D=0x0000000000000000 A=0x7ffffffffffffdc0
  55500: system.cpu: T0 : 0x22988    : c_sdsp s6, 168(sp)         : MemWrite :  D=0x0000000000000000 A=0x7ffffffffffffdb8
  56000: system.cpu: T0 : 0x2298a    : c_sdsp s7, 160(sp)         : MemWrite :  D=0x0000000000000000 A=0x7ffffffffffffdb0
  56500: system.cpu: T0 : 0x2298c    : c_sdsp s8, 152(sp)         : MemWrite :  D=0x0000000000000000 A=0x7ffffffffffffda8
  57000: system.cpu: T0 : 0x2298e    : c_sdsp s10, 136(sp)        : MemWrite :  D=0x0000000000000000 A=0x7ffffffffffffd98
  57500: system.cpu: T0 : 0x22990    : c_sdsp s11, 128(sp)        : MemWrite :  D=0x0000000000000000 A=0x7ffffffffffffd90
  58000: system.cpu: T0 : 0x22992    : c_sdsp a4, 120(sp)         : MemWrite :  D=0x0000000000001000 A=0x7ffffffffffffd88
  58500: system.cpu: T0 : 0x22994    : lw s7, -304(t6)            : MemRead :  D=0x0000000000000000 A=0x71ed0
  59000: system.cpu: T0 : 0x22998    : ld s11, -272(t2)           : MemRead :  D=0x0000000000000000 A=0x71ef0
  59500: system.cpu: T0 : 0x2299c    : c_sdsp s9, 144(sp)         : MemWrite :  D=0x0000000000000000 A=0x7ffffffffffffda0
  60000: system.cpu: T0 : 0x2299e    : c_li s10, 0                : IntAlu :  D=0x0000000000000000
  60500: system.cpu: T0 : 0x229a0    : ld s9, -328(t0)            : MemRead :  D=0x0000000000000000 A=0x71eb8
  61000: system.cpu: T0 : 0x229a4    : c_li s8, 0                 : IntAlu :  D=0x0000000000000000
  61500: system.cpu: T0 : 0x229a6    : c_sdsp zero, 112(sp)       : MemWrite :  D=0x0000000000000000 A=0x7ffffffffffffd80
  62000: system.cpu: T0 : 0x229a8    : c_sdsp zero, 88(sp)        : MemWrite :  D=0x0000000000000000 A=0x7ffffffffffffd68
  62500: system.cpu: T0 : 0x229aa    : c_sdsp zero, 72(sp)        : MemWrite :  D=0x0000000000000000 A=0x7ffffffffffffd58
  63000: system.cpu: T0 : 0x229ac    : c_sdsp zero, 56(sp)        : MemWrite :  D=0x0000000000000000 A=0x7ffffffffffffd48
  63500: system.cpu: T0 : 0x229ae    : c_sdsp zero, 40(sp)        : MemWrite :  D=0x0000000000000000 A=0x7ffffffffffffd38
  64000: system.cpu: T0 : 0x229b0    : c_sdsp zero, 16(sp)        : MemWrite :  D=0x0000000000000000 A=0x7ffffffffffffd20
  64500: system.cpu: T0 : 0x229b2    : c_li s6, 0                 : IntAlu :  D=0x0000000000000000
  65000: system.cpu: T0 : 0x229b4    : c_li s5, 0                 : IntAlu :  D=0x0000000000000000
  65500: system.cpu: T0 : 0x229b6    : c_li t5, 0                 : IntAlu :  D=0x0000000000000000
  66000: system.cpu: T0 : 0x229b8    : c_li a7, 0                 : IntAlu :  D=0x0000000000000000
  66500: system.cpu: T0 : 0x229ba    : c_li a1, 0                 : IntAlu :  D=0x0000000000000000
  67000: system.cpu: T0 : 0x229bc    : c_li a2, 0                 : IntAlu :  D=0x0000000000000000
  67500: system.cpu: T0 : 0x229be    : c_li a4, 30                : IntAlu :  D=0x000000000000001e
  68000: system.cpu: T0 : 0x229c0    : addi a3, a3, 656           : IntAlu :  D=0x0000000000050290
  68500: system.cpu: T0 : 0x229c4    : c_addi a5, -3              : IntAlu :  D=0x0000000000000006
  69500: system.cpu: T0 : 0x229c6    : bltu a4, a5, 20            : IntAlu : 
  70000: system.cpu: T0 : 0x229ca    : c_slli a5, 2               : IntAlu :  D=0x0000000000000018
  70500: system.cpu: T0 : 0x229cc    : c_add a5, a3               : IntAlu :  D=0x00000000000502a8
  71000: system.cpu: T0 : 0x229ce    : c_lw a5, 0(a5)             : MemRead :  D=0x00000000000229da A=0x502a8
  71500: system.cpu: T0 : 0x229d0    : c_jr a5                    : IntAlu : 
  72000: system.cpu: T0 : 0x229da    : c_ld a5, 16(a0)            : MemRead :  D=0x0000000000000005 A=0x7fffffffffffff60
  72500: system.cpu: T0 : 0x229dc    : c_addi a0, 16              : IntAlu :  D=0x7fffffffffffff60
  73000: system.cpu: T0 : 0x229de    : c_bnez a5, -26             : IntAlu : 
  73500: system.cpu: T0 : 0x229c4    : c_addi a5, -3              : IntAlu :  D=0x0000000000000002
  74500: system.cpu: T0 : 0x229c6    : bltu a4, a5, 20            : IntAlu : 
  75000: system.cpu: T0 : 0x229ca    : c_slli a5, 2               : IntAlu :  D=0x0000000000000008
  75500: system.cpu: T0 : 0x229cc    : c_add a5, a3               : IntAlu :  D=0x0000000000050298
  76000: system.cpu: T0 : 0x229ce    : c_lw a5, 0(a5)             : MemRead :  D=0x0000000000022b58 A=0x50298
  76500: system.cpu: T0 : 0x229d0    : c_jr a5                    : IntAlu : 
  77000: system.cpu: T0 : 0x22b58    : c_ld a5, 16(a0)            : MemRead :  D=0x0000000000000004 A=0x7fffffffffffff70
  78000: system.cpu: T0 : 0x22b5a    : ld s11, 8(a0)              : MemRead :  D=0x0000000000000006 A=0x7fffffffffffff68
  78500: system.cpu: T0 : 0x22b5e    : c_li s8, 1                 : IntAlu :  D=0x0000000000000001
  79000: system.cpu: T0 : 0x22b60    : c_addi a0, 16              : IntAlu :  D=0x7fffffffffffff70
  80000: system.cpu: T0 : 0x22b62    : bne a5, zero, -414         : IntAlu : 
  80500: system.cpu: T0 : 0x229c4    : c_addi a5, -3              : IntAlu :  D=0x0000000000000001
  81500: system.cpu: T0 : 0x229c6    : bltu a4, a5, 20            : IntAlu : 
  82000: system.cpu: T0 : 0x229ca    : c_slli a5, 2               : IntAlu :  D=0x0000000000000004
  82500: system.cpu: T0 : 0x229cc    : c_add a5, a3               : IntAlu :  D=0x0000000000050294
  83000: system.cpu: T0 : 0x229ce    : c_lw a5, 0(a5)             : MemRead :  D=0x00000000000229da A=0x50294
  83500: system.cpu: T0 : 0x229d0    : c_jr a5                    : IntAlu : 
  84000: system.cpu: T0 : 0x229da    : c_ld a5, 16(a0)            : MemRead :  D=0x0000000000000003 A=0x7fffffffffffff80
  84500: system.cpu: T0 : 0x229dc    : c_addi a0, 16              : IntAlu :  D=0x7fffffffffffff80
  85000: system.cpu: T0 : 0x229de    : c_bnez a5, -26             : IntAlu : 
  85500: system.cpu: T0 : 0x229c4    : c_addi a5, -3              : IntAlu :  D=0x0000000000000000
  86500: system.cpu: T0 : 0x229c6    : bltu a4, a5, 20            : IntAlu : 
  87000: system.cpu: T0 : 0x229ca    : c_slli a5, 2               : IntAlu :  D=0x0000000000000000
  87500: system.cpu: T0 : 0x229cc    : c_add a5, a3               : IntAlu :  D=0x0000000000050290
  88000: system.cpu: T0 : 0x229ce    : c_lw a5, 0(a5)             : MemRead :  D=0x0000000000022b68 A=0x50290
  88500: system.cpu: T0 : 0x229d0    : c_jr a5                    : IntAlu : 
  89000: system.cpu: T0 : 0x22b68    : c_ld a5, 16(a0)            : MemRead :  D=0x0000000000000006 A=0x7fffffffffffff90
  90000: system.cpu: T0 : 0x22b6a    : ld s9, 8(a0)               : MemRead :  D=0x0000000000010040 A=0x7fffffffffffff88
  90500: system.cpu: T0 : 0x22b6e    : c_li s6, 1                 : IntAlu :  D=0x0000000000000001
  91000: system.cpu: T0 : 0x22b70    : c_addi a0, 16              : IntAlu :  D=0x7fffffffffffff90
  92000: system.cpu: T0 : 0x22b72    : bne a5, zero, -430         : IntAlu : 
  92500: system.cpu: T0 : 0x229c4    : c_addi a5, -3              : IntAlu :  D=0x0000000000000003
  93500: system.cpu: T0 : 0x229c6    : bltu a4, a5, 20            : IntAlu : 
  94000: system.cpu: T0 : 0x229ca    : c_slli a5, 2               : IntAlu :  D=0x000000000000000c
  94500: system.cpu: T0 : 0x229cc    : c_add a5, a3               : IntAlu :  D=0x000000000005029c
  95000: system.cpu: T0 : 0x229ce    : c_lw a5, 0(a5)             : MemRead :  D=0x00000000000229d2 A=0x5029c
  95500: system.cpu: T0 : 0x229d0    : c_jr a5                    : IntAlu : 
  96000: system.cpu: T0 : 0x229d2    : c_ld a5, 8(a0)             : MemRead :  D=0x0000000000001000 A=0x7fffffffffffff98
  96500: system.cpu: T0 : 0x229d4    : c_beqz a5, 6               : IntAlu : 
  97000: system.cpu: T0 : 0x229d6    : c_sdsp a5, 120(sp)         : MemWrite :  D=0x0000000000001000 A=0x7ffffffffffffd88
  97500: system.cpu: T0 : 0x229d8    : c_li t5, 1                 : IntAlu :  D=0x0000000000000001
  98000: system.cpu: T0 : 0x229da    : c_ld a5, 16(a0)            : MemRead :  D=0x0000000000000017 A=0x7fffffffffffffa0
  98500: system.cpu: T0 : 0x229dc    : c_addi a0, 16              : IntAlu :  D=0x7fffffffffffffa0
  99000: system.cpu: T0 : 0x229de    : c_bnez a5, -26             : IntAlu : 
  99500: system.cpu: T0 : 0x229c4    : c_addi a5, -3              : IntAlu :  D=0x0000000000000014
 100500: system.cpu: T0 : 0x229c6    : bltu a4, a5, 20            : IntAlu : 
 101000: system.cpu: T0 : 0x229ca    : c_slli a5, 2               : IntAlu :  D=0x0000000000000050
 101500: system.cpu: T0 : 0x229cc    : c_add a5, a3               : IntAlu :  D=0x00000000000502e0
 102000: system.cpu: T0 : 0x229ce    : c_lw a5, 0(a5)             : MemRead :  D=0x0000000000022aac A=0x502e0
 102500: system.cpu: T0 : 0x229d0    : c_jr a5                    : IntAlu : 
 103000: system.cpu: T0 : 0x22aac    : c_lw a5, 8(a0)             : MemRead :  D=0x0000000000000000 A=0x7fffffffffffffa8
 103500: system.cpu: T0 : 0x22aae    : c_li a2, -1                : IntAlu :  D=0xffffffffffffffff
 104000: system.cpu: T0 : 0x22ab0    : c_addi a0, 16              : IntAlu :  D=0x7fffffffffffffb0
 104500: system.cpu: T0 : 0x22ab2    : c_sdsp a5, 80(sp)          : MemWrite :  D=0x0000000000000000 A=0x7ffffffffffffd60
 105000: system.cpu: T0 : 0x22ab4    : c_li a5, 1                 : IntAlu :  D=0x0000000000000001
 105500: system.cpu: T0 : 0x22ab6    : c_sdsp a5, 96(sp)          : MemWrite :  D=0x0000000000000001 A=0x7ffffffffffffd70
 106000: system.cpu: T0 : 0x22ab8    : c_sdsp a5, 88(sp)          : MemWrite :  D=0x0000000000000001 A=0x7ffffffffffffd68
 106500: system.cpu: T0 : 0x22aba    : c_ld a5, 0(a0)             : MemRead :  D=0x0000000000000019 A=0x7fffffffffffffb0
 107000: system.cpu: T0 : 0x22abc    : c_bnez a5, -248            : IntAlu : 
 107500: system.cpu: T0 : 0x229c4    : c_addi a5, -3              : IntAlu :  D=0x0000000000000016
 108500: system.cpu: T0 : 0x229c6    : bltu a4, a5, 20            : IntAlu : 
 109000: system.cpu: T0 : 0x229ca    : c_slli a5, 2               : IntAlu :  D=0x0000000000000058
 109500: system.cpu: T0 : 0x229cc    : c_add a5, a3               : IntAlu :  D=0x00000000000502e8
 110000: system.cpu: T0 : 0x229ce    : c_lw a5, 0(a5)             : MemRead :  D=0x0000000000022a9c A=0x502e8
 110500: system.cpu: T0 : 0x229d0    : c_jr a5                    : IntAlu : 
 111000: system.cpu: T0 : 0x22a9c    : c_ld a5, 8(a0)             : MemRead :  D=0x7fffffffffffffd8 A=0x7fffffffffffffb8
 111500: system.cpu: T0 : 0x22a9e    : c_addi a0, 16              : IntAlu :  D=0x7fffffffffffffc0
 112000: system.cpu: T0 : 0x22aa0    : c_sdsp a5, 104(sp)         : MemWrite :  D=0x7fffffffffffffd8 A=0x7ffffffffffffd78
 112500: system.cpu: T0 : 0x22aa2    : c_li a5, 1                 : IntAlu :  D=0x0000000000000001
 113000: system.cpu: T0 : 0x22aa4    : c_sdsp a5, 112(sp)         : MemWrite :  D=0x0000000000000001 A=0x7ffffffffffffd80
 113500: system.cpu: T0 : 0x22aa6    : c_ld a5, 0(a0)             : MemRead :  D=0x0000000000000000 A=0x7fffffffffffffc0
 114000: system.cpu: T0 : 0x22aa8    : c_bnez a5, -228            : IntAlu : 
 114500: system.cpu: T0 : 0x22aaa    : c_j -202                   : IntAlu : 
 115000: system.cpu: T0 : 0x229e0    : bne t5, zero, 408          : IntAlu : 
 115500: system.cpu: T0 : 0x22b78    : c_ldsp a5, 120(sp)         : MemRead :  D=0x0000000000001000 A=0x7ffffffffffffd88
 116500: system.cpu: T0 : 0x22b7a    : sd a5, -1784(gp)           : MemWrite :  D=0x0000000000001000 A=0x70938
 117500: system.cpu: T0 : 0x22b7e    : bne s5, zero, -406         : IntAlu : 
 118000: system.cpu: T0 : 0x22b82    : c_j -406                   : IntAlu : 
 118500: system.cpu: T0 : 0x229ec    : beq s6, zero, 8            : IntAlu : 
 119000: system.cpu: T0 : 0x229f0    : sd s9, -328(t0)            : MemWrite :  D=0x0000000000010040 A=0x71eb8
 119500: system.cpu: T0 : 0x229f4    : beq s8, zero, 8            : IntAlu : 
 120000: system.cpu: T0 : 0x229f8    : sd s11, -272(t2)           : MemWrite :  D=0x0000000000000006 A=0x71ef0
 120500: system.cpu: T0 : 0x229fc    : beq s10, zero, 10          : IntAlu : 
 121000: system.cpu: T0 : 0x22a06    : c_ldsp a5, 16(sp)          : MemRead :  D=0x0000000000000000 A=0x7ffffffffffffd20
 121500: system.cpu: T0 : 0x22a08    : c_beqz a5, 8               : IntAlu : 
 122000: system.cpu: T0 : 0x22a10    : c_ldsp a5, 40(sp)          : MemRead :  D=0x0000000000000000 A=0x7ffffffffffffd38
 122500: system.cpu: T0 : 0x22a12    : c_beqz a5, 8               : IntAlu : 
 123000: system.cpu: T0 : 0x22a1a    : c_ldsp a5, 56(sp)          : MemRead :  D=0x0000000000000000 A=0x7ffffffffffffd48
 123500: system.cpu: T0 : 0x22a1c    : c_beqz a5, 8               : IntAlu : 
 124000: system.cpu: T0 : 0x22a24    : c_ldsp a5, 72(sp)          : MemRead :  D=0x0000000000000000 A=0x7ffffffffffffd58
 124500: system.cpu: T0 : 0x22a26    : c_beqz a5, 8               : IntAlu : 
 125000: system.cpu: T0 : 0x22a2e    : c_ldsp a5, 88(sp)          : MemRead :  D=0x0000000000000001 A=0x7ffffffffffffd68
 125500: system.cpu: T0 : 0x22a30    : c_beqz a5, 14              : IntAlu : 
 126000: system.cpu: T0 : 0x22a32    : c_ldsp a5, 80(sp)          : MemRead :  D=0x0000000000000000 A=0x7ffffffffffffd60
 126500: system.cpu: T0 : 0x22a34    : sw a5, -72(t3)             : MemWrite :  D=0x0000000000000000 A=0x6efb8
 127000: system.cpu: T0 : 0x22a38    : c_ldsp a5, 96(sp)          : MemRead :  D=0x0000000000000001 A=0x7ffffffffffffd70
 128000: system.cpu: T0 : 0x22a3a    : sw a5, -224(t1)            : MemWrite :  D=0x0000000000000001 A=0x71f20
 128500: system.cpu: T0 : 0x22a3e    : c_ldsp a5, 112(sp)         : MemRead :  D=0x0000000000000001 A=0x7ffffffffffffd80
 129000: system.cpu: T0 : 0x22a40    : c_beqz a5, 8               : IntAlu : 
 129500: system.cpu: T0 : 0x22a42    : c_ldsp a5, 104(sp)         : MemRead :  D=0x7fffffffffffffd8 A=0x7ffffffffffffd78
 130000: system.cpu: T0 : 0x22a44    : sd a5, 0(a6)               : MemWrite :  D=0x7fffffffffffffd8 A=0x6ef80
 130500: system.cpu: T0 : 0x22a48    : c_li a5, 15                : IntAlu :  D=0x000000000000000f
 131500: system.cpu: T0 : 0x22a4a    : bne a2, a5, 22             : IntAlu : 
 132000: system.cpu: T0 : 0x22a60    : c_ldsp s0, 216(sp)         : MemRead :  D=0x0000000000011082 A=0x7ffffffffffffde8
 132500: system.cpu: T0 : 0x22a62    : c_ldsp s1, 208(sp)         : MemRead :  D=0x0000000000011112 A=0x7ffffffffffffde0
 133000: system.cpu: T0 : 0x22a64    : c_ldsp s2, 200(sp)         : MemRead :  D=0x0000000000000000 A=0x7ffffffffffffdd8
 133500: system.cpu: T0 : 0x22a66    : c_ldsp s3, 192(sp)         : MemRead :  D=0x0000000000000000 A=0x7ffffffffffffdd0
 134000: system.cpu: T0 : 0x22a68    : c_ldsp s4, 184(sp)         : MemRead :  D=0x0000000000000000 A=0x7ffffffffffffdc8
 134500: system.cpu: T0 : 0x22a6a    : c_ldsp s5, 176(sp)         : MemRead :  D=0x0000000000000000 A=0x7ffffffffffffdc0
 135000: system.cpu: T0 : 0x22a6c    : c_ldsp s6, 168(sp)         : MemRead :  D=0x0000000000000000 A=0x7ffffffffffffdb8
 135500: system.cpu: T0 : 0x22a6e    : c_ldsp s7, 160(sp)         : MemRead :  D=0x0000000000000000 A=0x7ffffffffffffdb0
 136000: system.cpu: T0 : 0x22a70    : c_ldsp s8, 152(sp)         : MemRead :  D=0x0000000000000000 A=0x7ffffffffffffda8
 136500: system.cpu: T0 : 0x22a72    : c_ldsp s9, 144(sp)         : MemRead :  D=0x0000000000000000 A=0x7ffffffffffffda0
 137000: system.cpu: T0 : 0x22a74    : c_ldsp s10, 136(sp)        : MemRead :  D=0x0000000000000000 A=0x7ffffffffffffd98
 137500: system.cpu: T0 : 0x22a76    : c_ldsp s11, 128(sp)        : MemRead :  D=0x0000000000000000 A=0x7ffffffffffffd90
 138000: system.cpu: T0 : 0x22a78    : c_addi16sp sp, 224         : IntAlu :  D=0x7ffffffffffffdf0
 138500: system.cpu: T0 : 0x22a7a    : c_jr ra                    : IntAlu : 
 139000: system.cpu: T0 : 0x10c04    : lui a5, 114                : IntAlu :  D=0x0000000000072000
 139500: system.cpu: T0 : 0x10c08    : ld a4, -328(a5)            : MemRead :  D=0x0000000000010040 A=0x71eb8
 140000: system.cpu: T0 : 0x10c0c    : beq a4, zero, 320          : IntAlu : 
 140500: system.cpu: T0 : 0x10c10    : jal ra, 75482              : IntAlu :  D=0x0000000000010c14
 141500: system.cpu: T0 : 0x232ea    : lui a5, 114                : IntAlu :  D=0x0000000000072000
 142500: system.cpu: T0 : 0x232ee    : lw a5, -224(a5)            : MemRead :  D=0x0000000000000001 A=0x71f20
 143000: system.cpu: T0 : 0x232f2    : c_beqz a5, 4               : IntAlu : 
 143500: system.cpu: T0 : 0x232f4    : c_jr ra                    : IntAlu : 
 144000: system.cpu: T0 : 0x10c14    : ld a0, -1360(gp)           : MemRead :  D=0x7fffffffffffff48 A=0x70ae0
 144500: system.cpu: T0 : 0x10c18    : jal ra, 71980              : IntAlu :  D=0x0000000000010c1c
 145000: system.cpu: T0 : 0x22544    : c_addi16sp sp, -128        : IntAlu :  D=0x7ffffffffffffd70
 145500: system.cpu: T0 : 0x22546    : c_sdsp s4, 80(sp)          : MemWrite :  D=0x0000000000000000 A=0x7ffffffffffffdc0
 146000: system.cpu: T0 : 0x22548    : lui s4, 111                : IntAlu :  D=0x000000000006f000
 146500: system.cpu: T0 : 0x2254c    : lw a5, -72(s4)             : MemRead :  D=0x0000000000000000 A=0x6efb8
 147000: system.cpu: T0 : 0x22550    : c_sdsp s7, 56(sp)          : MemWrite :  D=0x0000000000000000 A=0x7ffffffffffffda8
 147500: system.cpu: T0 : 0x22552    : c_sdsp ra, 120(sp)         : MemWrite :  D=0x0000000000010c1c A=0x7ffffffffffffde8
 148000: system.cpu: T0 : 0x22554    : c_sdsp s0, 112(sp)         : MemWrite :  D=0x0000000000011082 A=0x7ffffffffffffde0
 148500: system.cpu: T0 : 0x22556    : c_sdsp s1, 104(sp)         : MemWrite :  D=0x0000000000011112 A=0x7ffffffffffffdd8
 149000: system.cpu: T0 : 0x22558    : c_sdsp s2, 96(sp)          : MemWrite :  D=0x0000000000000000 A=0x7ffffffffffffdd0
 149500: system.cpu: T0 : 0x2255a    : c_sdsp s3, 88(sp)          : MemWrite :  D=0x0000000000000000 A=0x7ffffffffffffdc8
 150000: system.cpu: T0 : 0x2255c    : c_sdsp s5, 72(sp)          : MemWrite :  D=0x0000000000000000 A=0x7ffffffffffffdb8
 150500: system.cpu: T0 : 0x2255e    : c_sdsp s6, 64(sp)          : MemWrite :  D=0x0000000000000000 A=0x7ffffffffffffdb0
 151000: system.cpu: T0 : 0x22560    : c_sdsp s8, 48(sp)          : MemWrite :  D=0x0000000000000000 A=0x7ffffffffffffda0
 151500: system.cpu: T0 : 0x22562    : c_sdsp s9, 40(sp)          : MemWrite :  D=0x0000000000000000 A=0x7ffffffffffffd98
 152000: system.cpu: T0 : 0x22564    : c_sdsp s10, 32(sp)         : MemWrite :  D=0x0000000000000000 A=0x7ffffffffffffd90
 152500: system.cpu: T0 : 0x22566    : c_sdsp s11, 24(sp)         : MemWrite :  D=0x0000000000000000 A=0x7ffffffffffffd88
 153000: system.cpu: T0 : 0x22568    : c_mv s7, a0                : IntAlu :  D=0x7fffffffffffff48
 154000: system.cpu: T0 : 0x2256a    : bne a5, zero, 750          : IntAlu : 
 155000: system.cpu: T0 : 0x2256e    : lui s0, 111                : IntAlu :  D=0x000000000006f000
 156000: system.cpu: T0 : 0x22572    : addi s3, zero, 61          : IntAlu :  D=0x000000000000003d
 157000: system.cpu: T0 : 0x22576    : lui s1, 80                 : IntAlu :  D=0x0000000000050000
 158000: system.cpu: T0 : 0x2257a    : addi s6, s0, -1248         : IntAlu :  D=0x000000000006eb20
 159000: system.cpu: T0 : 0x2257e    : beq s7, zero, 166          : IntAlu : 
 159500: system.cpu: T0 : 0x22582    : c_mv a3, s7                : IntAlu :  D=0x7fffffffffffff48
 160000: system.cpu: T0 : 0x22584    : ld s9, 0(a3)               : MemRead :  D=0x0000000000000000 A=0x7fffffffffffff48
 160500: system.cpu: T0 : 0x22588    : c_mv s5, a3                : IntAlu :  D=0x7fffffffffffff48
 161500: system.cpu: T0 : 0x2258a    : beq s9, zero, 154          : IntAlu : 
 162000: system.cpu: T0 : 0x22624    : c_ldsp ra, 120(sp)         : MemRead :  D=0x0000000000010c1c A=0x7ffffffffffffde8
 162500: system.cpu: T0 : 0x22626    : c_ldsp s0, 112(sp)         : MemRead :  D=0x0000000000011082 A=0x7ffffffffffffde0
 163000: system.cpu: T0 : 0x22628    : c_ldsp s1, 104(sp)         : MemRead :  D=0x0000000000011112 A=0x7ffffffffffffdd8
 163500: system.cpu: T0 : 0x2262a    : c_ldsp s2, 96(sp)          : MemRead :  D=0x0000000000000000 A=0x7ffffffffffffdd0
 164000: system.cpu: T0 : 0x2262c    : c_ldsp s3, 88(sp)          : MemRead :  D=0x0000000000000000 A=0x7ffffffffffffdc8
 164500: system.cpu: T0 : 0x2262e    : c_ldsp s4, 80(sp)          : MemRead :  D=0x0000000000000000 A=0x7ffffffffffffdc0
 165000: system.cpu: T0 : 0x22630    : c_ldsp s5, 72(sp)          : MemRead :  D=0x0000000000000000 A=0x7ffffffffffffdb8
 165500: system.cpu: T0 : 0x22632    : c_ldsp s6, 64(sp)          : MemRead :  D=0x0000000000000000 A=0x7ffffffffffffdb0
 166000: system.cpu: T0 : 0x22634    : c_ldsp s7, 56(sp)          : MemRead :  D=0x0000000000000000 A=0x7ffffffffffffda8
 166500: system.cpu: T0 : 0x22636    : c_ldsp s8, 48(sp)          : MemRead :  D=0x0000000000000000 A=0x7ffffffffffffda0
 167000: system.cpu: T0 : 0x22638    : c_ldsp s9, 40(sp)          : MemRead :  D=0x0000000000000000 A=0x7ffffffffffffd98
 167500: system.cpu: T0 : 0x2263a    : c_ldsp s10, 32(sp)         : MemRead :  D=0x0000000000000000 A=0x7ffffffffffffd90
 168000: system.cpu: T0 : 0x2263c    : c_ldsp s11, 24(sp)         : MemRead :  D=0x0000000000000000 A=0x7ffffffffffffd88
 168500: system.cpu: T0 : 0x2263e    : c_addi16sp sp, 128         : IntAlu :  D=0x7ffffffffffffdf0
 169000: system.cpu: T0 : 0x22640    : c_jr ra                    : IntAlu : 
 169500: system.cpu: T0 : 0x10c1c    : jal ra, 664                : IntAlu :  D=0x0000000000010c20
 170000: system.cpu: T0 : 0x10eb4    : c_addi16sp sp, -128        : IntAlu :  D=0x7ffffffffffffd70
 171000: system.cpu: T0 : 0x10eb6    : lui a5, 114                : IntAlu :  D=0x0000000000072000
 171500: system.cpu: T0 : 0x10eba    : c_sdsp s0, 112(sp)         : MemWrite :  D=0x0000000000011082 A=0x7ffffffffffffde0
 172000: system.cpu: T0 : 0x10ebc    : ld s0, -328(a5)            : MemRead :  D=0x0000000000010040 A=0x71eb8
 172500: system.cpu: T0 : 0x10ec0    : c_sdsp s3, 88(sp)          : MemWrite :  D=0x0000000000000000 A=0x7ffffffffffffdc8
 173500: system.cpu: T0 : 0x10ec2    : lui a5, 112                : IntAlu :  D=0x0000000000070000
 174000: system.cpu: T0 : 0x10ec6    : c_sdsp ra, 120(sp)         : MemWrite :  D=0x0000000000010c20 A=0x7ffffffffffffde8
 174500: system.cpu: T0 : 0x10ec8    : c_sdsp s1, 104(sp)         : MemWrite :  D=0x0000000000011112 A=0x7ffffffffffffdd8
 175000: system.cpu: T0 : 0x10eca    : c_sdsp s2, 96(sp)          : MemWrite :  D=0x0000000000000000 A=0x7ffffffffffffdd0
 175500: system.cpu: T0 : 0x10ecc    : c_sdsp s4, 80(sp)          : MemWrite :  D=0x0000000000000000 A=0x7ffffffffffffdc0
 176000: system.cpu: T0 : 0x10ece    : c_sdsp s5, 72(sp)          : MemWrite :  D=0x0000000000000000 A=0x7ffffffffffffdb8
 176500: system.cpu: T0 : 0x10ed0    : c_sdsp s6, 64(sp)          : MemWrite :  D=0x0000000000000000 A=0x7ffffffffffffdb0
 177000: system.cpu: T0 : 0x10ed2    : c_sdsp s7, 56(sp)          : MemWrite :  D=0x0000000000000000 A=0x7ffffffffffffda8
 177500: system.cpu: T0 : 0x10ed4    : c_sdsp s8, 48(sp)          : MemWrite :  D=0x0000000000000000 A=0x7ffffffffffffda0
 178000: system.cpu: T0 : 0x10ed6    : c_sdsp s9, 40(sp)          : MemWrite :  D=0x0000000000000000 A=0x7ffffffffffffd98
 178500: system.cpu: T0 : 0x10ed8    : c_sdsp s10, 32(sp)         : MemWrite :  D=0x0000000000000000 A=0x7ffffffffffffd90
 179000: system.cpu: T0 : 0x10eda    : c_sdsp s11, 24(sp)         : MemWrite :  D=0x0000000000000000 A=0x7ffffffffffffd88
 179500: system.cpu: T0 : 0x10edc    : ld s3, 816(a5)             : MemRead :  D=0x000000000006fe60 A=0x70330
 180000: system.cpu: T0 : 0x10ee0    : beq s0, zero, 368          : IntAlu : 
 180500: system.cpu: T0 : 0x10ee4    : lui a5, 114                : IntAlu :  D=0x0000000000072000
 181000: system.cpu: T0 : 0x10ee8    : ld a5, -272(a5)            : MemRead :  D=0x0000000000000006 A=0x71ef0
 181500: system.cpu: T0 : 0x10eec    : slli a4, a5, 3             : IntAlu :  D=0x0000000000000030
 182000: system.cpu: T0 : 0x10ef0    : c_sub a4, a5               : IntAlu :  D=0x000000000000002a
 182500: system.cpu: T0 : 0x10ef2    : c_slli a4, 3               : IntAlu :  D=0x0000000000000150
 183000: system.cpu: T0 : 0x10ef4    : c_add a4, s0               : IntAlu :  D=0x0000000000010190
 184000: system.cpu: T0 : 0x10ef6    : bgeu s0, a4, 322           : IntAlu : 
 184500: system.cpu: T0 : 0x10efa    : c_li a3, 7                 : IntAlu :  D=0x0000000000000007
 185000: system.cpu: T0 : 0x10efc    : c_j 10                     : IntAlu : 
 185500: system.cpu: T0 : 0x10f06    : c_lw a5, 0(s0)             : MemRead :  D=0x0000000000000001 A=0x10040
 186000: system.cpu: T0 : 0x10f08    : bne a5, a3, -10            : IntAlu : 
 187000: system.cpu: T0 : 0x10efe    : addi s0, s0, 56            : IntAlu :  D=0x0000000000010078
 188000: system.cpu: T0 : 0x10f02    : bgeu s0, a4, 310           : IntAlu : 
 188500: system.cpu: T0 : 0x10f06    : c_lw a5, 0(s0)             : MemRead :  D=0x0000000000000001 A=0x10078
 189000: system.cpu: T0 : 0x10f08    : bne a5, a3, -10            : IntAlu : 
 190000: system.cpu: T0 : 0x10efe    : addi s0, s0, 56            : IntAlu :  D=0x00000000000100b0
 191000: system.cpu: T0 : 0x10f02    : bgeu s0, a4, 310           : IntAlu : 
 191500: system.cpu: T0 : 0x10f06    : c_lw a5, 0(s0)             : MemRead :  D=0x0000000000000004 A=0x100b0
 192000: system.cpu: T0 : 0x10f08    : bne a5, a3, -10            : IntAlu : 
 193000: system.cpu: T0 : 0x10efe    : addi s0, s0, 56            : IntAlu :  D=0x00000000000100e8
 194000: system.cpu: T0 : 0x10f02    : bgeu s0, a4, 310           : IntAlu : 
 194500: system.cpu: T0 : 0x10f06    : c_lw a5, 0(s0)             : MemRead :  D=0x0000000000000007 A=0x100e8
 195000: system.cpu: T0 : 0x10f08    : bne a5, a3, -10            : IntAlu : 
 195500: system.cpu: T0 : 0x10f0c    : ld s5, 48(s0)              : MemRead :  D=0x0000000000000008 A=0x10118
 196000: system.cpu: T0 : 0x10f10    : ld a1, 0(s3)               : MemRead :  D=0x0000000000000000 A=0x6fe60
 196500: system.cpu: T0 : 0x10f14    : c_ld a4, 16(s0)            : MemRead :  D=0x000000000006ead0 A=0x100f8
 197000: system.cpu: T0 : 0x10f16    : c_li a5, 16                : IntAlu :  D=0x0000000000000010
 197500: system.cpu: T0 : 0x10f18    : ld s10, 40(s0)             : MemRead :  D=0x0000000000000060 A=0x10110
 198000: system.cpu: T0 : 0x10f1c    : ld s4, 32(s0)              : MemRead :  D=0x0000000000000020 A=0x10108
 198500: system.cpu: T0 : 0x10f20    : c_mv s8, s5                : IntAlu :  D=0x0000000000000008
 199500: system.cpu: T0 : 0x10f22    : add s0, a1, a4             : IntAlu :  D=0x000000000006ead0
 200500: system.cpu: T0 : 0x10f26    : bltu s5, a5, 260           : IntAlu : 
 201000: system.cpu: T0 : 0x1102a    : c_li s8, 16                : IntAlu :  D=0x0000000000000010
 201500: system.cpu: T0 : 0x1102c    : addi a4, s8, -1            : IntAlu :  D=0x000000000000000f
 202000: system.cpu: T0 : 0x11030    : c_mv s9, s5                : IntAlu :  D=0x0000000000000008
 203000: system.cpu: T0 : 0x11032    : bne s5, zero, -254         : IntAlu : 
 203500: system.cpu: T0 : 0x10f34    : sub s11, zero, s8          : IntAlu :  D=0xfffffffffffffff0
 204000: system.cpu: T0 : 0x10f38    : beq s5, zero, 302          : IntAlu : 
 204500: system.cpu: T0 : 0x10f3c    : addi s2, s5, -1            : IntAlu :  D=0x0000000000000007
 205000: system.cpu: T0 : 0x10f40    : divu a5, s2, s9            : IntDiv :  D=0x0000000000000000
 205500: system.cpu: T0 : 0x10f44    : c_add s2, s10              : IntAlu :  D=0x0000000000000067
 206500: system.cpu: T0 : 0x10f46    : mul s7, a5, s9             : IntMult :  D=0x0000000000000000
 207000: system.cpu: T0 : 0x10f4a    : c_mv a5, s7                : IntAlu :  D=0x0000000000000000
 207500: system.cpu: T0 : 0x10f4c    : ld a0, -1968(gp)           : MemRead :  D=0x0000000000000800 A=0x70880
 208000: system.cpu: T0 : 0x10f50    : c_sdsp a5, 8(sp)           : MemWrite :  D=0x0000000000000000 A=0x7ffffffffffffd78
 208500: system.cpu: T0 : 0x10f52    : c_sdsp a4, 0(sp)           : MemWrite :  D=0x000000000000000f A=0x7ffffffffffffd70
 209000: system.cpu: T0 : 0x10f54    : addi a0, a0, 1808          : IntAlu :  D=0x0000000000000f10
 209500: system.cpu: T0 : 0x10f58    : c_add a0, s10              : IntAlu :  D=0x0000000000000f70
 210000: system.cpu: T0 : 0x10f5a    : c_add a0, s8               : IntAlu :  D=0x0000000000000f80
 210500: system.cpu: T0 : 0x10f5c    : c_add a0, s7               : IntAlu :  D=0x0000000000000f80
 211500: system.cpu: T0 : 0x10f5e    : jal ra, 67218              : IntAlu :  D=0x0000000000010f62
 212000: system.cpu: T0 : 0x215f0    : c_addi sp, -32             : IntAlu :  D=0x7ffffffffffffd50
 212500: system.cpu: T0 : 0x215f2    : c_sdsp s2, 0(sp)           : MemWrite :  D=0x0000000000000067 A=0x7ffffffffffffd50
 213000: system.cpu: T0 : 0x215f4    : c_sdsp s1, 8(sp)           : MemWrite :  D=0x0000000000011112 A=0x7ffffffffffffd58
 214000: system.cpu: T0 : 0x215f6    : ld s1, -1200(gp)           : MemRead :  D=0x0000000000000000 A=0x70b80
 214500: system.cpu: T0 : 0x215fa    : c_sdsp s0, 16(sp)          : MemWrite :  D=0x000000000006ead0 A=0x7ffffffffffffd60
 215000: system.cpu: T0 : 0x215fc    : c_sdsp ra, 24(sp)          : MemWrite :  D=0x0000000000010f62 A=0x7ffffffffffffd68
 215500: system.cpu: T0 : 0x215fe    : c_mv s0, a0                : IntAlu :  D=0x0000000000000f80
 216000: system.cpu: T0 : 0x21600    : c_beqz s1, 46              : IntAlu : 
 216500: system.cpu: T0 : 0x2162e    : c_li a0, 0                 : IntAlu :  D=0x0000000000000000
 217000: system.cpu: T0 : 0x21630    : jal ra, 98418              : IntAlu :  D=0x0000000000021634
 217500: system.cpu: T0 : 0x396a2    : c_mv a5, a0                : IntAlu :  D=0x0000000000000000
 218000: system.cpu: T0 : 0x396a4    : addi a7, zero, 214         : IntAlu :  D=0x00000000000000d6
 218500: system.cpu: T0 : 0x396a8    : ecall                      : No_OpClass : 
 219000: system.cpu: T0 : 0x396ac    : sd a0, -1200(gp)           : MemWrite :  D=0x0000000000073000 A=0x70b80
 219500: system.cpu: T0 : 0x396b0    : bltu a0, a5, 8             : IntAlu : 
 220000: system.cpu: T0 : 0x396b4    : c_li a0, 0                 : IntAlu :  D=0x0000000000000000
 220500: system.cpu: T0 : 0x396b6    : c_jr ra                    : IntAlu : 
 221000: system.cpu: T0 : 0x21634    : blt a0, zero, -22          : IntAlu : 
 221500: system.cpu: T0 : 0x21638    : ld s1, -1200(gp)           : MemRead :  D=0x0000000000073000 A=0x70b80
 222000: system.cpu: T0 : 0x2163c    : c_j -52                    : IntAlu : 
 222500: system.cpu: T0 : 0x21608    : c_beqz s0, 24              : IntAlu : 
 223500: system.cpu: T0 : 0x2160a    : bge zero, s0, 52           : IntAlu : 
 224500: system.cpu: T0 : 0x2160e    : add a5, s0, s1             : IntAlu :  D=0x0000000000073f80
 225500: system.cpu: T0 : 0x21612    : sltu a5, a5, s1            : IntAlu :  D=0x0000000000000000
 226000: system.cpu: T0 : 0x21616    : c_beqz a5, 50              : IntAlu : 
 226500: system.cpu: T0 : 0x21648    : add a0, s1, s0             : IntAlu :  D=0x0000000000073f80
 227000: system.cpu: T0 : 0x2164c    : jal ra, 98390              : IntAlu :  D=0x0000000000021650
 227500: system.cpu: T0 : 0x396a2    : c_mv a5, a0                : IntAlu :  D=0x0000000000073f80
 228000: system.cpu: T0 : 0x396a4    : addi a7, zero, 214         : IntAlu :  D=0x00000000000000d6
 228500: system.cpu: T0 : 0x396a8    : ecall                      : No_OpClass : 
 229000: system.cpu: T0 : 0x396ac    : sd a0, -1200(gp)           : MemWrite :  D=0x0000000000073f80 A=0x70b80
 229500: system.cpu: T0 : 0x396b0    : bltu a0, a5, 8             : IntAlu : 
 230000: system.cpu: T0 : 0x396b4    : c_li a0, 0                 : IntAlu :  D=0x0000000000000000
 230500: system.cpu: T0 : 0x396b6    : c_jr ra                    : IntAlu : 
 231000: system.cpu: T0 : 0x21650    : blt a0, zero, -50          : IntAlu : 
 231500: system.cpu: T0 : 0x21654    : c_ldsp ra, 24(sp)          : MemRead :  D=0x0000000000010f62 A=0x7ffffffffffffd68
 232000: system.cpu: T0 : 0x21656    : c_ldsp s0, 16(sp)          : MemRead :  D=0x000000000006ead0 A=0x7ffffffffffffd60
 232500: system.cpu: T0 : 0x21658    : c_ldsp s2, 0(sp)           : MemRead :  D=0x0000000000000067 A=0x7ffffffffffffd50
 233000: system.cpu: T0 : 0x2165a    : c_mv a0, s1                : IntAlu :  D=0x0000000000073000
 233500: system.cpu: T0 : 0x2165c    : c_ldsp s1, 8(sp)           : MemRead :  D=0x0000000000011112 A=0x7ffffffffffffd58
 234000: system.cpu: T0 : 0x2165e    : c_addi16sp sp, 32          : IntAlu :  D=0x7ffffffffffffd70
 234500: system.cpu: T0 : 0x21660    : c_jr ra                    : IntAlu : 
 235500: system.cpu: T0 : 0x10f62    : divu s2, s2, s9            : IntDiv :  D=0x000000000000000c
 236000: system.cpu: T0 : 0x10f66    : c_ldsp a4, 0(sp)           : MemRead :  D=0x000000000000000f A=0x7ffffffffffffd70
 236500: system.cpu: T0 : 0x10f68    : c_ldsp a5, 8(sp)           : MemRead :  D=0x0000000000000000 A=0x7ffffffffffffd78
 237500: system.cpu: T0 : 0x10f6a    : addi s1, a0, 1808          : IntAlu :  D=0x0000000000073710
 238000: system.cpu: T0 : 0x10f6e    : c_add s1, a4               : IntAlu :  D=0x000000000007371f
 238500: system.cpu: T0 : 0x10f70    : and s1, s1, s11            : IntAlu :  D=0x0000000000073710
 239000: system.cpu: T0 : 0x10f74    : lui a4, 114                : IntAlu :  D=0x0000000000072000
 239500: system.cpu: T0 : 0x10f78    : addi a4, a4, -1544         : IntAlu :  D=0x00000000000719f8
 240000: system.cpu: T0 : 0x10f7c    : add a0, s1, s7             : IntAlu :  D=0x0000000000073710
 240500: system.cpu: T0 : 0x10f80    : sd a5, 1088(s3)            : MemWrite :  D=0x0000000000000000 A=0x702a0
 241000: system.cpu: T0 : 0x10f84    : addi a5, zero, 62          : IntAlu :  D=0x000000000000003e
 241500: system.cpu: T0 : 0x10f88    : c_mv a2, s4                : IntAlu :  D=0x0000000000000020
 242000: system.cpu: T0 : 0x10f8a    : c_sd a5, 0(a4)             : MemWrite :  D=0x000000000000003e A=0x719f8
 242500: system.cpu: T0 : 0x10f8c    : c_mv a1, s0                : IntAlu :  D=0x000000000006ead0
 243000: system.cpu: T0 : 0x10f8e    : c_sd a0, 32(a4)            : MemWrite :  D=0x0000000000073710 A=0x71a18
 243500: system.cpu: T0 : 0x10f90    : sd zero, 40(a4)            : MemWrite :  D=0x0000000000000000 A=0x71a20
 244000: system.cpu: T0 : 0x10f94    : jal ra, 61680              : IntAlu :  D=0x0000000000010f98
 244500: system.cpu: T0 : 0x20084    : c_addi16sp sp, -48         : IntAlu :  D=0x7ffffffffffffd40
 245000: system.cpu: T0 : 0x20086    : c_sdsp s0, 32(sp)          : MemWrite :  D=0x000000000006ead0 A=0x7ffffffffffffd60
 245500: system.cpu: T0 : 0x20088    : c_sdsp s2, 16(sp)          : MemWrite :  D=0x000000000000000c A=0x7ffffffffffffd50
 246000: system.cpu: T0 : 0x2008a    : c_sdsp ra, 40(sp)          : MemWrite :  D=0x0000000000010f98 A=0x7ffffffffffffd68
 246500: system.cpu: T0 : 0x2008c    : c_sdsp s1, 24(sp)          : MemWrite :  D=0x0000000000073710 A=0x7ffffffffffffd58
 247000: system.cpu: T0 : 0x2008e    : c_sdsp s3, 8(sp)           : MemWrite :  D=0x000000000006fe60 A=0x7ffffffffffffd48
 247500: system.cpu: T0 : 0x20090    : c_li a5, 15                : IntAlu :  D=0x000000000000000f
 248000: system.cpu: T0 : 0x20092    : c_mv s2, a0                : IntAlu :  D=0x0000000000073710
 248500: system.cpu: T0 : 0x20094    : c_mv a4, a0                : IntAlu :  D=0x0000000000073710
 249000: system.cpu: T0 : 0x20096    : c_mv s0, a1                : IntAlu :  D=0x000000000006ead0
 249500: system.cpu: T0 : 0x20098    : bgeu a5, a2, 72            : IntAlu : 
 250000: system.cpu: T0 : 0x2009c    : sub a0, zero, a0           : IntAlu :  D=0xfffffffffff8c8f0
 250500: system.cpu: T0 : 0x200a0    : c_andi a0, 7               : IntAlu :  D=0x0000000000000000
 251500: system.cpu: T0 : 0x200a2    : sub s1, a2, a0             : IntAlu :  D=0x0000000000000020
 252000: system.cpu: T0 : 0x200a6    : c_beqz a0, 110             : IntAlu : 
 252500: system.cpu: T0 : 0x20114    : c_mv s3, s2                : IntAlu :  D=0x0000000000073710
 253000: system.cpu: T0 : 0x20116    : c_j -84                    : IntAlu : 
 254000: system.cpu: T0 : 0x200c2    : andi a5, s0, 7             : IntAlu :  D=0x0000000000000000
 255000: system.cpu: T0 : 0x200c6    : srli a2, s1, 3             : IntAlu :  D=0x0000000000000004
 255500: system.cpu: T0 : 0x200ca    : c_mv a1, s0                : IntAlu :  D=0x000000000006ead0
 256000: system.cpu: T0 : 0x200cc    : c_mv a0, s3                : IntAlu :  D=0x0000000000073710
 256500: system.cpu: T0 : 0x200ce    : c_bnez a5, 64              : IntAlu : 
 257000: system.cpu: T0 : 0x200d0    : jal ra, 72                 : IntAlu :  D=0x00000000000200d4
 257500: system.cpu: T0 : 0x20118    : andi a5, a2, 7             : IntAlu :  D=0x0000000000000004
 258000: system.cpu: T0 : 0x2011c    : lui a4, 79                 : IntAlu :  D=0x000000000004f000
 258500: system.cpu: T0 : 0x20120    : c_slli a5, 2               : IntAlu :  D=0x0000000000000010
 259500: system.cpu: T0 : 0x20122    : addi a4, a4, 1704          : IntAlu :  D=0x000000000004f6a8
 260000: system.cpu: T0 : 0x20126    : c_add a5, a4               : IntAlu :  D=0x000000000004f6b8
 260500: system.cpu: T0 : 0x20128    : c_lw a5, 0(a5)             : MemRead :  D=0x00000000000201c2 A=0x4f6b8
 261000: system.cpu: T0 : 0x2012a    : c_jr a5                    : IntAlu : 
 262000: system.cpu: T0 : 0x201c2    : ld a6, 0(a1)               : MemRead :  D=0x0000000000070678 A=0x6ead0
 262500: system.cpu: T0 : 0x201c6    : c_mv a3, a0                : IntAlu :  D=0x0000000000073710
 263000: system.cpu: T0 : 0x201c8    : c_addi a1, -32             : IntAlu :  D=0x000000000006eab0
 264000: system.cpu: T0 : 0x201ca    : addi a5, a0, -40           : IntAlu :  D=0x00000000000736e8
 264500: system.cpu: T0 : 0x201ce    : c_addi a2, 4               : IntAlu :  D=0x0000000000000008
 265000: system.cpu: T0 : 0x201d0    : c_j -124                   : IntAlu : 
 265500: system.cpu: T0 : 0x20154    : c_ld a4, 40(a1)            : MemRead :  D=0x0000000000070678 A=0x6ead8
 266500: system.cpu: T0 : 0x20156    : addi a0, a5, 48            : IntAlu :  D=0x0000000000073718
 267500: system.cpu: T0 : 0x2015a    : sd a6, 0(a3)               : MemWrite :  D=0x0000000000070678 A=0x73710
 268500: system.cpu: T0 : 0x2015a    : sd a6, 0(a3)               : MemWrite :  D=0x0000000000070678 A=0x73710
 269500: system.cpu: T0 : 0x2015e    : ld a6, 48(a1)              : MemRead :  D=0x0000000000070680 A=0x6eae0
 270500: system.cpu: T0 : 0x20162    : addi a3, a5, 56            : IntAlu :  D=0x0000000000073720
 271000: system.cpu: T0 : 0x20166    : c_sd a4, 0(a0)             : MemWrite :  D=0x0000000000070678 A=0x73718
 271500: system.cpu: T0 : 0x20168    : c_ld a4, 56(a1)            : MemRead :  D=0x0000000000070698 A=0x6eae8
 272500: system.cpu: T0 : 0x2016a    : addi a5, a5, 64            : IntAlu :  D=0x0000000000073728
 273500: system.cpu: T0 : 0x2016e    : sd a6, 0(a3)               : MemWrite :  D=0x0000000000070680 A=0x73720
 274000: system.cpu: T0 : 0x20172    : c_addi a2, -8              : IntAlu :  D=0x0000000000000000
 274500: system.cpu: T0 : 0x20174    : c_mv a0, a5                : IntAlu :  D=0x0000000000073728
 275500: system.cpu: T0 : 0x20176    : addi a1, a1, 64            : IntAlu :  D=0x000000000006eaf0
 276000: system.cpu: T0 : 0x2017a    : c_beqz a2, 24              : IntAlu : 
 276500: system.cpu: T0 : 0x20192    : c_sd a4, 0(a0)             : MemWrite :  D=0x0000000000070698 A=0x73728
 277000: system.cpu: T0 : 0x20194    : c_jr ra                    : IntAlu : 
 277500: system.cpu: T0 : 0x200d4    : andi a4, s1, 18446744073709551608 : IntAlu :  D=0x0000000000000020
 278000: system.cpu: T0 : 0x200d8    : c_add s0, a4               : IntAlu :  D=0x000000000006eaf0
 279000: system.cpu: T0 : 0x200da    : andi a2, s1, 7             : IntAlu :  D=0x0000000000000000
 279500: system.cpu: T0 : 0x200de    : c_add a4, s3               : IntAlu :  D=0x0000000000073730
 280000: system.cpu: T0 : 0x200e0    : c_addi a4, -1              : IntAlu :  D=0x000000000007372f
 280500: system.cpu: T0 : 0x200e2    : c_mv a5, s0                : IntAlu :  D=0x000000000006eaf0
 281000: system.cpu: T0 : 0x200e4    : add a1, a2, s0             : IntAlu :  D=0x000000000006eaf0
 281500: system.cpu: T0 : 0x200e8    : c_sub a4, s0               : IntAlu :  D=0x0000000000004c3f
 282000: system.cpu: T0 : 0x200ea    : c_beqz a2, 20              : IntAlu : 
 282500: system.cpu: T0 : 0x200fe    : c_ldsp ra, 40(sp)          : MemRead :  D=0x0000000000010f98 A=0x7ffffffffffffd68
 283000: system.cpu: T0 : 0x20100    : c_ldsp s0, 32(sp)          : MemRead :  D=0x000000000006ead0 A=0x7ffffffffffffd60
 283500: system.cpu: T0 : 0x20102    : c_ldsp s1, 24(sp)          : MemRead :  D=0x0000000000073710 A=0x7ffffffffffffd58
 284000: system.cpu: T0 : 0x20104    : c_ldsp s3, 8(sp)           : MemRead :  D=0x000000000006fe60 A=0x7ffffffffffffd48
 284500: system.cpu: T0 : 0x20106    : c_mv a0, s2                : IntAlu :  D=0x0000000000073710
 285000: system.cpu: T0 : 0x20108    : c_ldsp s2, 16(sp)          : MemRead :  D=0x000000000000000c A=0x7ffffffffffffd50
 285500: system.cpu: T0 : 0x2010a    : c_addi16sp sp, 48          : IntAlu :  D=0x7ffffffffffffd70
 286000: system.cpu: T0 : 0x2010c    : c_jr ra                    : IntAlu : 
 286500: system.cpu: T0 : 0x10f98    : lui a5, 114                : IntAlu :  D=0x0000000000072000
 287000: system.cpu: T0 : 0x10f9c    : addi a5, a5, -1528         : IntAlu :  D=0x0000000000071a08
 287500: system.cpu: T0 : 0x10fa0    : ld a4, -1968(gp)           : MemRead :  D=0x0000000000000800 A=0x70880
 288000: system.cpu: T0 : 0x10fa4    : addi a3, gp, -896          : IntAlu :  D=0x0000000000070cb0
 288500: system.cpu: T0 : 0x10fa8    : sd a5, -16(s1)             : MemWrite :  D=0x0000000000071a08 A=0x73700
 289000: system.cpu: T0 : 0x10fac    : addi a2, zero, 64          : IntAlu :  D=0x0000000000000040
 289500: system.cpu: T0 : 0x10fb0    : c_li a5, 1                 : IntAlu :  D=0x0000000000000001
 290000: system.cpu: T0 : 0x10fb2    : c_sd a2, 0(a3)             : MemWrite :  D=0x0000000000000040 A=0x70cb0
 290500: system.cpu: T0 : 0x10fb4    : lui a2, 114                : IntAlu :  D=0x0000000000072000
 291000: system.cpu: T0 : 0x10fb8    : sd a5, -1552(a2)           : MemWrite :  D=0x0000000000000001 A=0x719f0
 291500: system.cpu: T0 : 0x10fbc    : lui a2, 114                : IntAlu :  D=0x0000000000072000
 292000: system.cpu: T0 : 0x10fc0    : sd s3, 40(a3)              : MemWrite :  D=0x000000000006fe60 A=0x70cd8
 292500: system.cpu: T0 : 0x10fc4    : sd a3, -520(a2)            : MemWrite :  D=0x0000000000070cb0 A=0x71df8
 293000: system.cpu: T0 : 0x10fc8    : lui a3, 114                : IntAlu :  D=0x0000000000072000
 293500: system.cpu: T0 : 0x10fcc    : sd s8, -1560(a3)           : MemWrite :  D=0x0000000000000010 A=0x719e8
 294000: system.cpu: T0 : 0x10fd0    : lui a3, 114                : IntAlu :  D=0x0000000000072000
 294500: system.cpu: T0 : 0x10fd4    : sd a5, 1096(s3)            : MemWrite :  D=0x0000000000000001 A=0x702a8
 295000: system.cpu: T0 : 0x10fd8    : sd a5, -496(a3)            : MemWrite :  D=0x0000000000000001 A=0x71e10
 295500: system.cpu: T0 : 0x10fdc    : c_addi a4, 15              : IntAlu :  D=0x000000000000080f
 296500: system.cpu: T0 : 0x10fde    : sd s0, 1048(s3)            : MemWrite :  D=0x000000000006ead0 A=0x70278
 297000: system.cpu: T0 : 0x10fe2    : c_ldsp ra, 120(sp)         : MemRead :  D=0x0000000000010c20 A=0x7ffffffffffffde8
 297500: system.cpu: T0 : 0x10fe4    : c_ldsp s0, 112(sp)         : MemRead :  D=0x0000000000011082 A=0x7ffffffffffffde0
 298500: system.cpu: T0 : 0x10fe6    : sd s5, 1072(s3)            : MemWrite :  D=0x0000000000000008 A=0x70290
 299500: system.cpu: T0 : 0x10fea    : sd s10, 1064(s3)           : MemWrite :  D=0x0000000000000060 A=0x70288
 300500: system.cpu: T0 : 0x10fee    : sd s4, 1056(s3)            : MemWrite :  D=0x0000000000000020 A=0x70280
 301000: system.cpu: T0 : 0x10ff2    : c_ldsp s5, 72(sp)          : MemRead :  D=0x0000000000000000 A=0x7ffffffffffffdb8
 301500: system.cpu: T0 : 0x10ff4    : c_ldsp s3, 88(sp)          : MemRead :  D=0x0000000000000000 A=0x7ffffffffffffdc8
 302000: system.cpu: T0 : 0x10ff6    : c_ldsp s4, 80(sp)          : MemRead :  D=0x0000000000000000 A=0x7ffffffffffffdc0
 302500: system.cpu: T0 : 0x10ff8    : c_ldsp s8, 48(sp)          : MemRead :  D=0x0000000000000000 A=0x7ffffffffffffda0
 303000: system.cpu: T0 : 0x10ffa    : c_ldsp s10, 32(sp)         : MemRead :  D=0x0000000000000000 A=0x7ffffffffffffd90
 303500: system.cpu: T0 : 0x10ffc    : c_ldsp s11, 24(sp)         : MemRead :  D=0x0000000000000000 A=0x7ffffffffffffd88
 304000: system.cpu: T0 : 0x10ffe    : c_mv tp, s1                : IntAlu :  D=0x0000000000073710
 304500: system.cpu: T0 : 0x11000    : c_ldsp s1, 104(sp)         : MemRead :  D=0x0000000000011112 A=0x7ffffffffffffdd8
 305500: system.cpu: T0 : 0x11002    : mul s2, s2, s9             : IntMult :  D=0x0000000000000060
 306000: system.cpu: T0 : 0x11006    : c_ldsp s9, 40(sp)          : MemRead :  D=0x0000000000000000 A=0x7ffffffffffffd98
 306500: system.cpu: T0 : 0x11008    : add a5, s2, s7             : IntAlu :  D=0x0000000000000060
 307000: system.cpu: T0 : 0x1100c    : c_add a4, a5               : IntAlu :  D=0x000000000000086f
 307500: system.cpu: T0 : 0x1100e    : c_andi a4, 18446744073709551600 : IntAlu :  D=0x0000000000000860
 308000: system.cpu: T0 : 0x11010    : sd a4, -1968(gp)           : MemWrite :  D=0x0000000000000860 A=0x70880
 308500: system.cpu: T0 : 0x11014    : lui a4, 114                : IntAlu :  D=0x0000000000072000
 309000: system.cpu: T0 : 0x11018    : sd a5, -1568(a4)           : MemWrite :  D=0x0000000000000060 A=0x719e0
 309500: system.cpu: T0 : 0x1101c    : c_ldsp s2, 96(sp)          : MemRead :  D=0x0000000000000000 A=0x7ffffffffffffdd0
 310000: system.cpu: T0 : 0x1101e    : c_ldsp s6, 64(sp)          : MemRead :  D=0x0000000000000000 A=0x7ffffffffffffdb0
 310500: system.cpu: T0 : 0x11020    : c_ldsp s7, 56(sp)          : MemRead :  D=0x0000000000000000 A=0x7ffffffffffffda8
 311000: system.cpu: T0 : 0x11022    : c_addi16sp sp, 128         : IntAlu :  D=0x7ffffffffffffdf0
 311500: system.cpu: T0 : 0x11024    : c_jr ra                    : IntAlu : 
 312000: system.cpu: T0 : 0x10c20    : lui a5, 111                : IntAlu :  D=0x000000000006f000
 312500: system.cpu: T0 : 0x10c24    : ld a5, -128(a5)            : MemRead :  D=0x7fffffffffffffd8 A=0x6ef80
 313000: system.cpu: T0 : 0x10c28    : lw a7, -1728(gp)           : MemRead :  D=0x0000000000000000 A=0x70970
 313500: system.cpu: T0 : 0x10c2c    : lbu a6, 1(a5)              : MemRead :  D=0x0000000000000000 A=0x7fffffffffffffd9
 314000: system.cpu: T0 : 0x10c30    : lbu a4, 0(a5)              : MemRead :  D=0x0000000000000000 A=0x7fffffffffffffd8
 314500: system.cpu: T0 : 0x10c34    : lbu a0, 2(a5)              : MemRead :  D=0x0000000000000000 A=0x7fffffffffffffda
 315000: system.cpu: T0 : 0x10c38    : lbu a1, 3(a5)              : MemRead :  D=0x0000000000000000 A=0x7fffffffffffffdb
 315500: system.cpu: T0 : 0x10c3c    : lbu a2, 4(a5)              : MemRead :  D=0x0000000000000000 A=0x7fffffffffffffdc
 316000: system.cpu: T0 : 0x10c40    : c_slli a6, 8               : IntAlu :  D=0x0000000000000000
 317000: system.cpu: T0 : 0x10c42    : lbu a3, 5(a5)              : MemRead :  D=0x000000000000002e A=0x7fffffffffffffdd
 318000: system.cpu: T0 : 0x10c46    : or a6, a6, a4              : IntAlu :  D=0x0000000000000000
 318500: system.cpu: T0 : 0x10c4a    : c_slli a0, 16              : IntAlu :  D=0x0000000000000000
 319000: system.cpu: T0 : 0x10c4c    : lbu a4, 6(a5)              : MemRead :  D=0x000000000000002e A=0x7fffffffffffffde
 319500: system.cpu: T0 : 0x10c50    : or a0, a0, a6              : IntAlu :  D=0x0000000000000000
 320000: system.cpu: T0 : 0x10c54    : c_slli a1, 24              : IntAlu :  D=0x0000000000000000
 321000: system.cpu: T0 : 0x10c56    : lbu a5, 7(a5)              : MemRead :  D=0x000000000000002f A=0x7fffffffffffffdf
 321500: system.cpu: T0 : 0x10c5a    : c_or a1, a0                : IntAlu :  D=0x0000000000000000
 322000: system.cpu: T0 : 0x10c5c    : c_slli a2, 32              : IntAlu :  D=0x0000000000000000
 322500: system.cpu: T0 : 0x10c5e    : c_or a2, a1                : IntAlu :  D=0x0000000000000000
 323000: system.cpu: T0 : 0x10c60    : c_slli a3, 40              : IntAlu :  D=0x00002e0000000000
 323500: system.cpu: T0 : 0x10c62    : c_or a3, a2                : IntAlu :  D=0x00002e0000000000
 324000: system.cpu: T0 : 0x10c64    : c_slli a4, 48              : IntAlu :  D=0x002e000000000000
 324500: system.cpu: T0 : 0x10c66    : c_or a4, a3                : IntAlu :  D=0x002e2e0000000000
 325000: system.cpu: T0 : 0x10c68    : c_slli a5, 56              : IntAlu :  D=0x2f00000000000000
 325500: system.cpu: T0 : 0x10c6a    : c_or a5, a4                : IntAlu :  D=0x2f2e2e0000000000
 326000: system.cpu: T0 : 0x10c6c    : andi a5, a5, 18446744073709551360 : IntAlu :  D=0x2f2e2e0000000000
 326500: system.cpu: T0 : 0x10c70    : lui a4, 111                : IntAlu :  D=0x000000000006f000
 327000: system.cpu: T0 : 0x10c74    : sd a5, -1264(a4)           : MemWrite :  D=0x2f2e2e0000000000 A=0x6eb10
 327500: system.cpu: T0 : 0x10c78    : beq a7, zero, 286          : IntAlu : 
 328500: system.cpu: T0 : 0x10d96    : jal ra, 75220              : IntAlu :  D=0x0000000000010d9a
 329000: system.cpu: T0 : 0x2336a    : c_addi16sp sp, -496        : IntAlu :  D=0x7ffffffffffffc00
 329500: system.cpu: T0 : 0x2336c    : c_addi4spn a0, sp, 72      : IntAlu :  D=0x7ffffffffffffc48
 330000: system.cpu: T0 : 0x2336e    : c_sdsp ra, 488(sp)         : MemWrite :  D=0x0000000000010d9a A=0x7ffffffffffffde8
 330500: system.cpu: T0 : 0x23370    : c_sdsp s0, 480(sp)         : MemWrite :  D=0x0000000000011082 A=0x7ffffffffffffde0
 331000: system.cpu: T0 : 0x23372    : c_sdsp s1, 472(sp)         : MemWrite :  D=0x0000000000011112 A=0x7ffffffffffffdd8
 331500: system.cpu: T0 : 0x23374    : jal ra, 90520              : IntAlu :  D=0x0000000000023378
 332000: system.cpu: T0 : 0x3950c    : addi a7, zero, 160         : IntAlu :  D=0x00000000000000a0
 332500: system.cpu: T0 : 0x39510    : ecall                      : No_OpClass : 
 333000: system.cpu: T0 : 0x39514    : c_lui a7, 1048575          : IntAlu :  D=0xfffffffffffff000
 334000: system.cpu: T0 : 0x39516    : bltu a7, a0, 6             : IntAlu : 
 334500: system.cpu: T0 : 0x3951a    : c_jr ra                    : IntAlu : 
 335000: system.cpu: T0 : 0x23378    : addi a3, sp, 202           : IntAlu :  D=0x7ffffffffffffcca
 335500: system.cpu: T0 : 0x2337c    : c_bnez a0, 140             : IntAlu : 
 336000: system.cpu: T0 : 0x2337e    : c_li t1, 0                 : IntAlu :  D=0x0000000000000000
 336500: system.cpu: T0 : 0x23380    : c_li a0, 0                 : IntAlu :  D=0x0000000000000000
 337000: system.cpu: T0 : 0x23382    : c_li a7, 9                 : IntAlu :  D=0x0000000000000009
 337500: system.cpu: T0 : 0x23384    : addi t3, zero, 46          : IntAlu :  D=0x000000000000002e
 338000: system.cpu: T0 : 0x23388    : c_li t4, 3                 : IntAlu :  D=0x0000000000000003
 339000: system.cpu: T0 : 0x2338a    : lbu a5, 0(a3)              : MemRead :  D=0x0000000000000035 A=0x7ffffffffffffcca
 340000: system.cpu: T0 : 0x2338e    : addiw a5, a5, -48          : IntAlu :  D=0x0000000000000005
 341000: system.cpu: T0 : 0x23392    : andi a4, a5, 255           : IntAlu :  D=0x0000000000000005
 342000: system.cpu: T0 : 0x23396    : bltu a7, a4, 98            : IntAlu : 
 343000: system.cpu: T0 : 0x2339a    : lbu a1, 1(a3)              : MemRead :  D=0x000000000000002e A=0x7ffffffffffffccb
 344000: system.cpu: T0 : 0x2339e    : addiw a4, a5, 0            : IntAlu :  D=0x0000000000000005
 344500: system.cpu: T0 : 0x233a2    : c_addi a3, 1               : IntAlu :  D=0x7ffffffffffffccb
 345000: system.cpu: T0 : 0x233a4    : addiw a2, a1, -48          : IntAlu :  D=0xfffffffffffffffe
 345500: system.cpu: T0 : 0x233a8    : andi a5, a2, 255           : IntAlu :  D=0x00000000000000fe
 346000: system.cpu: T0 : 0x233ac    : bltu a7, a5, 36            : IntAlu : 
 346500: system.cpu: T0 : 0x233d0    : slliw a5, a0, 8            : IntAlu :  D=0x0000000000000000
 347000: system.cpu: T0 : 0x233d4    : c_or a5, a4                : IntAlu :  D=0x0000000000000005
 347500: system.cpu: T0 : 0x233d6    : c_addiw t1, 1              : IntAlu :  D=0x0000000000000001
 348000: system.cpu: T0 : 0x233d8    : addiw a0, a5, 0            : IntAlu :  D=0x0000000000000005
 348500: system.cpu: T0 : 0x233dc    : c_addi a3, 1               : IntAlu :  D=0x7ffffffffffffccc
 349500: system.cpu: T0 : 0x233de    : bne a1, t3, 20             : IntAlu : 
 350500: system.cpu: T0 : 0x233e2    : bne t1, t4, -88            : IntAlu : 
 351500: system.cpu: T0 : 0x2338a    : lbu a5, 0(a3)              : MemRead :  D=0x0000000000000031 A=0x7ffffffffffffccc
 352500: system.cpu: T0 : 0x2338e    : addiw a5, a5, -48          : IntAlu :  D=0x0000000000000001
 353500: system.cpu: T0 : 0x23392    : andi a4, a5, 255           : IntAlu :  D=0x0000000000000001
 354500: system.cpu: T0 : 0x23396    : bltu a7, a4, 98            : IntAlu : 
 355500: system.cpu: T0 : 0x2339a    : lbu a1, 1(a3)              : MemRead :  D=0x000000000000002e A=0x7ffffffffffffccd
 356500: system.cpu: T0 : 0x2339e    : addiw a4, a5, 0            : IntAlu :  D=0x0000000000000001
 357000: system.cpu: T0 : 0x233a2    : c_addi a3, 1               : IntAlu :  D=0x7ffffffffffffccd
 357500: system.cpu: T0 : 0x233a4    : addiw a2, a1, -48          : IntAlu :  D=0xfffffffffffffffe
 358000: system.cpu: T0 : 0x233a8    : andi a5, a2, 255           : IntAlu :  D=0x00000000000000fe
 358500: system.cpu: T0 : 0x233ac    : bltu a7, a5, 36            : IntAlu : 
 359000: system.cpu: T0 : 0x233d0    : slliw a5, a0, 8            : IntAlu :  D=0x0000000000000500
 359500: system.cpu: T0 : 0x233d4    : c_or a5, a4                : IntAlu :  D=0x0000000000000501
 360000: system.cpu: T0 : 0x233d6    : c_addiw t1, 1              : IntAlu :  D=0x0000000000000002
 360500: system.cpu: T0 : 0x233d8    : addiw a0, a5, 0            : IntAlu :  D=0x0000000000000501
 361000: system.cpu: T0 : 0x233dc    : c_addi a3, 1               : IntAlu :  D=0x7ffffffffffffcce
 362000: system.cpu: T0 : 0x233de    : bne a1, t3, 20             : IntAlu : 
 363000: system.cpu: T0 : 0x233e2    : bne t1, t4, -88            : IntAlu : 
 364000: system.cpu: T0 : 0x2338a    : lbu a5, 0(a3)              : MemRead :  D=0x0000000000000030 A=0x7ffffffffffffcce
 365000: system.cpu: T0 : 0x2338e    : addiw a5, a5, -48          : IntAlu :  D=0x0000000000000000
 366000: system.cpu: T0 : 0x23392    : andi a4, a5, 255           : IntAlu :  D=0x0000000000000000
 367000: system.cpu: T0 : 0x23396    : bltu a7, a4, 98            : IntAlu : 
 368000: system.cpu: T0 : 0x2339a    : lbu a1, 1(a3)              : MemRead :  D=0x0000000000000000 A=0x7ffffffffffffccf
 369000: system.cpu: T0 : 0x2339e    : addiw a4, a5, 0            : IntAlu :  D=0x0000000000000000
 369500: system.cpu: T0 : 0x233a2    : c_addi a3, 1               : IntAlu :  D=0x7ffffffffffffccf
 370000: system.cpu: T0 : 0x233a4    : addiw a2, a1, -48          : IntAlu :  D=0xffffffffffffffd0
 370500: system.cpu: T0 : 0x233a8    : andi a5, a2, 255           : IntAlu :  D=0x00000000000000d0
 371000: system.cpu: T0 : 0x233ac    : bltu a7, a5, 36            : IntAlu : 
 371500: system.cpu: T0 : 0x233d0    : slliw a5, a0, 8            : IntAlu :  D=0x0000000000050100
 372000: system.cpu: T0 : 0x233d4    : c_or a5, a4                : IntAlu :  D=0x0000000000050100
 372500: system.cpu: T0 : 0x233d6    : c_addiw t1, 1              : IntAlu :  D=0x0000000000000003
 373000: system.cpu: T0 : 0x233d8    : addiw a0, a5, 0            : IntAlu :  D=0x0000000000050100
 373500: system.cpu: T0 : 0x233dc    : c_addi a3, 1               : IntAlu :  D=0x7ffffffffffffcd0
 374500: system.cpu: T0 : 0x233de    : bne a1, t3, 20             : IntAlu : 
 375000: system.cpu: T0 : 0x233f2    : c_li a5, 3                 : IntAlu :  D=0x0000000000000003
 375500: system.cpu: T0 : 0x233f4    : beq t1, a5, -14            : IntAlu : 
 376000: system.cpu: T0 : 0x233e6    : c_addiw a0, 0              : IntAlu :  D=0x0000000000050100
 376500: system.cpu: T0 : 0x233e8    : c_ldsp ra, 488(sp)         : MemRead :  D=0x0000000000010d9a A=0x7ffffffffffffde8
 377000: system.cpu: T0 : 0x233ea    : c_ldsp s0, 480(sp)         : MemRead :  D=0x0000000000011082 A=0x7ffffffffffffde0
 377500: system.cpu: T0 : 0x233ec    : c_ldsp s1, 472(sp)         : MemRead :  D=0x0000000000011112 A=0x7ffffffffffffdd8
 378000: system.cpu: T0 : 0x233ee    : c_addi16sp sp, 496         : IntAlu :  D=0x7ffffffffffffdf0
 378500: system.cpu: T0 : 0x233f0    : c_jr ra                    : IntAlu : 
 379000: system.cpu: T0 : 0x10d9a    : c_mv a5, a0                : IntAlu :  D=0x0000000000050100
 379500: system.cpu: T0 : 0x10d9c    : blt a0, zero, 104          : IntAlu : 
 380000: system.cpu: T0 : 0x10da0    : lui a4, 114                : IntAlu :  D=0x0000000000072000
 380500: system.cpu: T0 : 0x10da4    : lw a3, -240(a4)            : MemRead :  D=0x0000000000000000 A=0x71f10
 381000: system.cpu: T0 : 0x10da8    : addiw a4, a0, 0            : IntAlu :  D=0x0000000000050100
 381500: system.cpu: T0 : 0x10dac    : c_bnez a3, 82              : IntAlu : 
 382500: system.cpu: T0 : 0x10dae    : lui a3, 114                : IntAlu :  D=0x0000000000072000
 383500: system.cpu: T0 : 0x10db2    : sw a4, -240(a3)            : MemWrite :  D=0x0000000000050100 A=0x71f10
 384500: system.cpu: T0 : 0x10db6    : lui a4, 65                 : IntAlu :  D=0x0000000000041000
 385500: system.cpu: T0 : 0x10dba    : addi a4, a4, -257          : IntAlu :  D=0x0000000000040eff
 386500: system.cpu: T0 : 0x10dbe    : blt a4, a5, -322           : IntAlu : 
 387000: system.cpu: T0 : 0x10c7c    : addi a5, zero, 0           : IntAlu :  D=0x0000000000000000
 387500: system.cpu: T0 : 0x10c80    : c_beqz a5, 10              : IntAlu : 
 388500: system.cpu: T0 : 0x10c8a    : lui a5, 111                : IntAlu :  D=0x000000000006f000
 389500: system.cpu: T0 : 0x10c8e    : ld a5, -128(a5)            : MemRead :  D=0x7fffffffffffffd8 A=0x6ef80
 390500: system.cpu: T0 : 0x10c92    : lbu a4, 14(a5)             : MemRead :  D=0x0000000000000061 A=0x7fffffffffffffe6
 391500: system.cpu: T0 : 0x10c96    : lbu a7, 8(a5)              : MemRead :  D=0x0000000000000044 A=0x7fffffffffffffe0
 392500: system.cpu: T0 : 0x10c9a    : lbu a6, 9(a5)              : MemRead :  D=0x000000000000006f A=0x7fffffffffffffe1
 393500: system.cpu: T0 : 0x10c9e    : lbu a0, 10(a5)             : MemRead :  D=0x0000000000000077 A=0x7fffffffffffffe2
 394500: system.cpu: T0 : 0x10ca2    : lbu a1, 11(a5)             : MemRead :  D=0x000000000000006e A=0x7fffffffffffffe3
 395500: system.cpu: T0 : 0x10ca6    : lbu a2, 12(a5)             : MemRead :  D=0x000000000000006c A=0x7fffffffffffffe4
 396500: system.cpu: T0 : 0x10caa    : lbu a3, 13(a5)             : MemRead :  D=0x000000000000006f A=0x7fffffffffffffe5
 397500: system.cpu: T0 : 0x10cae    : lbu a5, 15(a5)             : MemRead :  D=0x0000000000000064 A=0x7fffffffffffffe7
 398500: system.cpu: T0 : 0x10cb2    : sb a7, 40(sp)              : MemWrite :  D=0x0000000000000044 A=0x7ffffffffffffe18
 399500: system.cpu: T0 : 0x10cb6    : sb a6, 41(sp)              : MemWrite :  D=0x000000000000006f A=0x7ffffffffffffe19
 400500: system.cpu: T0 : 0x10cba    : sb a5, 47(sp)              : MemWrite :  D=0x0000000000000064 A=0x7ffffffffffffe1f
 401500: system.cpu: T0 : 0x10cbe    : sb a0, 42(sp)              : MemWrite :  D=0x0000000000000077 A=0x7ffffffffffffe1a
 402500: system.cpu: T0 : 0x10cc2    : sb a1, 43(sp)              : MemWrite :  D=0x000000000000006e A=0x7ffffffffffffe1b
 403500: system.cpu: T0 : 0x10cc6    : sb a2, 44(sp)              : MemWrite :  D=0x000000000000006c A=0x7ffffffffffffe1c
 404500: system.cpu: T0 : 0x10cca    : sb a3, 45(sp)              : MemWrite :  D=0x000000000000006f A=0x7ffffffffffffe1d
 405500: system.cpu: T0 : 0x10cce    : sb a4, 46(sp)              : MemWrite :  D=0x0000000000000061 A=0x7ffffffffffffe1e
 406000: system.cpu: T0 : 0x10cd2    : c_ldsp a4, 40(sp)          : MemRead :  D=0x64616f6c6e776f44 A=0x7ffffffffffffe18
 406500: system.cpu: T0 : 0x10cd4    : lui a5, 111                : IntAlu :  D=0x000000000006f000
 407000: system.cpu: T0 : 0x10cd8    : sd a4, -1256(a5)           : MemWrite :  D=0x64616f6c6e776f44 A=0x6eb18
 407500: system.cpu: T0 : 0x10cdc    : beq s2, zero, 14           : IntAlu : 
 408500: system.cpu: T0 : 0x10cea    : ld a2, -1360(gp)           : MemRead :  D=0x7fffffffffffff48 A=0x70ae0
 409000: system.cpu: T0 : 0x10cee    : c_ldsp a1, 16(sp)          : MemRead :  D=0x7fffffffffffff38 A=0x7ffffffffffffe00
 409500: system.cpu: T0 : 0x10cf0    : c_ldsp a0, 8(sp)           : MemRead :  D=0x0000000000000001 A=0x7ffffffffffffdf8
 410500: system.cpu: T0 : 0x10cf2    : jal ra, 75624              : IntAlu :  D=0x0000000000010cf6
 411000: system.cpu: T0 : 0x2345a    : c_addi sp, -32             : IntAlu :  D=0x7ffffffffffffdd0
 411500: system.cpu: T0 : 0x2345c    : c_sdsp s0, 16(sp)          : MemWrite :  D=0x0000000000011082 A=0x7ffffffffffffde0
 412000: system.cpu: T0 : 0x2345e    : c_sdsp s1, 8(sp)           : MemWrite :  D=0x0000000000011112 A=0x7ffffffffffffdd8
 412500: system.cpu: T0 : 0x23460    : c_sdsp s2, 0(sp)           : MemWrite :  D=0x0000000000000000 A=0x7ffffffffffffdd0
 413000: system.cpu: T0 : 0x23462    : c_sdsp ra, 24(sp)          : MemWrite :  D=0x0000000000010cf6 A=0x7ffffffffffffde8
 413500: system.cpu: T0 : 0x23464    : addi a4, zero, 0           : IntAlu :  D=0x0000000000000000
 414000: system.cpu: T0 : 0x23468    : c_mv s0, a0                : IntAlu :  D=0x0000000000000001
 414500: system.cpu: T0 : 0x2346a    : c_mv s1, a1                : IntAlu :  D=0x7fffffffffffff38
 415000: system.cpu: T0 : 0x2346c    : c_mv s2, a2                : IntAlu :  D=0x7fffffffffffff48
 415500: system.cpu: T0 : 0x2346e    : c_beqz a4, 62              : IntAlu : 
 416000: system.cpu: T0 : 0x234ac    : lw a0, -1248(gp)           : MemRead :  D=0x0000000000000000 A=0x70b50
 416500: system.cpu: T0 : 0x234b0    : lw a5, -1344(gp)           : MemRead :  D=0x0000000000000000 A=0x70af0
 417000: system.cpu: T0 : 0x234b4    : sw zero, -1728(gp)         : MemWrite :  D=0x0000000000000000 A=0x70970
 417500: system.cpu: T0 : 0x234b8    : beq a5, a0, -60            : IntAlu : 
 418000: system.cpu: T0 : 0x2347c    : lui a5, 114                : IntAlu :  D=0x0000000000072000
 418500: system.cpu: T0 : 0x23480    : sw s0, -216(a5)            : MemWrite :  D=0x0000000000000001 A=0x71f28
 419000: system.cpu: T0 : 0x23484    : lui a5, 114                : IntAlu :  D=0x0000000000072000
 419500: system.cpu: T0 : 0x23488    : sd s1, -208(a5)            : MemWrite :  D=0x7fffffffffffff38 A=0x71f30
 420000: system.cpu: T0 : 0x2348c    : sd s2, -1360(gp)           : MemWrite :  D=0x7fffffffffffff48 A=0x70ae0
 420500: system.cpu: T0 : 0x23490    : jal ra, -2314              : IntAlu :  D=0x0000000000023494
 421000: system.cpu: T0 : 0x22b86    : c_addi16sp sp, -160        : IntAlu :  D=0x7ffffffffffffd30
 421500: system.cpu: T0 : 0x22b88    : c_sdsp ra, 152(sp)         : MemWrite :  D=0x0000000000023494 A=0x7ffffffffffffdc8
 422000: system.cpu: T0 : 0x22b8a    : c_sdsp s1, 136(sp)         : MemWrite :  D=0x7fffffffffffff38 A=0x7ffffffffffffdb8
 422500: system.cpu: T0 : 0x22b8c    : c_sdsp s2, 128(sp)         : MemWrite :  D=0x7fffffffffffff48 A=0x7ffffffffffffdb0
 423000: system.cpu: T0 : 0x22b8e    : c_sdsp s3, 120(sp)         : MemWrite :  D=0x0000000000000000 A=0x7ffffffffffffda8
 423500: system.cpu: T0 : 0x22b90    : c_sdsp s4, 112(sp)         : MemWrite :  D=0x0000000000000000 A=0x7ffffffffffffda0
 424000: system.cpu: T0 : 0x22b92    : c_sdsp s0, 144(sp)         : MemWrite :  D=0x0000000000000001 A=0x7ffffffffffffdc0
 424500: system.cpu: T0 : 0x22b94    : c_sdsp s5, 104(sp)         : MemWrite :  D=0x0000000000000000 A=0x7ffffffffffffd98
 425000: system.cpu: T0 : 0x22b96    : c_sdsp s6, 96(sp)          : MemWrite :  D=0x0000000000000000 A=0x7ffffffffffffd90
 425500: system.cpu: T0 : 0x22b98    : c_sdsp s7, 88(sp)          : MemWrite :  D=0x0000000000000000 A=0x7ffffffffffffd88
 426000: system.cpu: T0 : 0x22b9a    : c_sdsp s8, 80(sp)          : MemWrite :  D=0x0000000000000000 A=0x7ffffffffffffd80
 426500: system.cpu: T0 : 0x22b9c    : c_sdsp s9, 72(sp)          : MemWrite :  D=0x0000000000000000 A=0x7ffffffffffffd78
 427000: system.cpu: T0 : 0x22b9e    : c_sdsp s10, 64(sp)         : MemWrite :  D=0x0000000000000000 A=0x7ffffffffffffd70
 427500: system.cpu: T0 : 0x22ba0    : lui s2, 114                : IntAlu :  D=0x0000000000072000
 428000: system.cpu: T0 : 0x22ba4    : jal ra, 116914             : IntAlu :  D=0x0000000000022ba8
 428500: system.cpu: T0 : 0x3f456    : c_lui t1, 1048575          : IntAlu :  D=0xfffffffffffff000
 429000: system.cpu: T0 : 0x3f458    : c_addi16sp sp, -48         : IntAlu :  D=0x7ffffffffffffd00
 429500: system.cpu: T0 : 0x3f45a    : c_addi t1, 16              : IntAlu :  D=0xfffffffffffff010
 430000: system.cpu: T0 : 0x3f45c    : c_sdsp ra, 40(sp)          : MemWrite :  D=0x0000000000022ba8 A=0x7ffffffffffffd28
 430500: system.cpu: T0 : 0x3f45e    : c_sdsp s0, 32(sp)          : MemWrite :  D=0x0000000000000001 A=0x7ffffffffffffd20
 431000: system.cpu: T0 : 0x3f460    : c_sdsp s1, 24(sp)          : MemWrite :  D=0x7fffffffffffff38 A=0x7ffffffffffffd18
 431500: system.cpu: T0 : 0x3f462    : c_sdsp s2, 16(sp)          : MemWrite :  D=0x0000000000072000 A=0x7ffffffffffffd10
 432000: system.cpu: T0 : 0x3f464    : lui a1, 99                 : IntAlu :  D=0x0000000000063000
 432500: system.cpu: T0 : 0x3f468    : c_add sp, t1               : IntAlu :  D=0x7fffffffffffed10
 433000: system.cpu: T0 : 0x3f46a    : c_lui a5, 1048575          : IntAlu :  D=0xfffffffffffff000
 433500: system.cpu: T0 : 0x3f46c    : addi a7, zero, 78          : IntAlu :  D=0x000000000000004e
 434000: system.cpu: T0 : 0x3f470    : addi a0, zero, -100        : IntAlu :  D=0xffffffffffffff9c
 434500: system.cpu: T0 : 0x3f474    : addi a1, a1, -1888         : IntAlu :  D=0x00000000000628a0
 435000: system.cpu: T0 : 0x3f478    : c_mv a2, sp                : IntAlu :  D=0x7fffffffffffed10
 435500: system.cpu: T0 : 0x3f47a    : c_lui a3, 1                : IntAlu :  D=0x0000000000001000
 436000: system.cpu: T0 : 0x3f47c    : ecall                      : No_OpClass : 
 436500: system.cpu: T0 : 0x3f480    : c_addiw a0, 0              : IntAlu :  D=0xfffffffffffffffe
 437500: system.cpu: T0 : 0x3f482    : bltu a5, a0, 84            : IntAlu : 
 438500: system.cpu: T0 : 0x3f4d6    : lui a5, 114                : IntAlu :  D=0x0000000000072000
 439500: system.cpu: T0 : 0x3f4da    : ld s1, -312(a5)            : MemRead :  D=0x0000000000000000 A=0x71ec8
 440000: system.cpu: T0 : 0x3f4de    : c_beqz s1, 62              : IntAlu : 
 440500: system.cpu: T0 : 0x3f51c    : c_li s0, -1                : IntAlu :  D=0xffffffffffffffff
 441000: system.cpu: T0 : 0x3f51e    : c_lui t1, 1                : IntAlu :  D=0x0000000000001000
 441500: system.cpu: T0 : 0x3f520    : c_addi t1, -16             : IntAlu :  D=0x0000000000000ff0
 442000: system.cpu: T0 : 0x3f522    : c_add sp, t1               : IntAlu :  D=0x7ffffffffffffd00
 442500: system.cpu: T0 : 0x3f524    : c_ldsp ra, 40(sp)          : MemRead :  D=0x0000000000022ba8 A=0x7ffffffffffffd28
 443000: system.cpu: T0 : 0x3f526    : c_mv a0, s0                : IntAlu :  D=0xffffffffffffffff
 443500: system.cpu: T0 : 0x3f528    : c_ldsp s1, 24(sp)          : MemRead :  D=0x7fffffffffffff38 A=0x7ffffffffffffd18
 444000: system.cpu: T0 : 0x3f52a    : c_ldsp s0, 32(sp)          : MemRead :  D=0x0000000000000001 A=0x7ffffffffffffd20
 444500: system.cpu: T0 : 0x3f52c    : c_ldsp s2, 16(sp)          : MemRead :  D=0x0000000000072000 A=0x7ffffffffffffd10
 445000: system.cpu: T0 : 0x3f52e    : c_addi16sp sp, 48          : IntAlu :  D=0x7ffffffffffffd30
 445500: system.cpu: T0 : 0x3f530    : c_jr ra                    : IntAlu : 
 446000: system.cpu: T0 : 0x22ba8    : lui s3, 114                : IntAlu :  D=0x0000000000072000
 446500: system.cpu: T0 : 0x22bac    : ld a5, -272(s3)            : MemRead :  D=0x0000000000000006 A=0x71ef0
 447000: system.cpu: T0 : 0x22bb0    : ld a4, -328(s2)            : MemRead :  D=0x0000000000010040 A=0x71eb8
 447500: system.cpu: T0 : 0x22bb4    : c_mv a3, a0                : IntAlu :  D=0xffffffffffffffff
 448500: system.cpu: T0 : 0x22bb6    : lui s4, 112                : IntAlu :  D=0x0000000000070000
 449500: system.cpu: T0 : 0x22bba    : lui a0, 80                 : IntAlu :  D=0x0000000000050000
 450500: system.cpu: T0 : 0x22bbe    : addi s1, s4, -416          : IntAlu :  D=0x000000000006fe60
 451500: system.cpu: T0 : 0x22bc2    : addi a0, a0, 1088          : IntAlu :  D=0x0000000000050440
 452500: system.cpu: T0 : 0x22bc6    : sh a5, 696(s1)             : MemWrite :  D=0x0000000000000006 A=0x70118
 453500: system.cpu: T0 : 0x22bca    : sd a3, 840(s1)             : MemWrite :  D=0xffffffffffffffff A=0x701a8
 454500: system.cpu: T0 : 0x22bce    : sd a4, 680(s1)             : MemWrite :  D=0x0000000000010040 A=0x70108
 455500: system.cpu: T0 : 0x22bd2    : jal ra, -56902             : IntAlu :  D=0x0000000000022bd6
 456000: system.cpu: T0 : 0x14d8c    : c_addi16sp sp, -64         : IntAlu :  D=0x7ffffffffffffcf0
 456500: system.cpu: T0 : 0x14d8e    : c_sdsp s1, 40(sp)          : MemWrite :  D=0x000000000006fe60 A=0x7ffffffffffffd18
 457000: system.cpu: T0 : 0x14d90    : ld s1, -1360(gp)           : MemRead :  D=0x7fffffffffffff48 A=0x70ae0
 457500: system.cpu: T0 : 0x14d94    : c_sdsp ra, 56(sp)          : MemWrite :  D=0x0000000000022bd6 A=0x7ffffffffffffd28
 458000: system.cpu: T0 : 0x14d96    : c_sdsp s0, 48(sp)          : MemWrite :  D=0x0000000000000001 A=0x7ffffffffffffd20
 458500: system.cpu: T0 : 0x14d98    : c_sdsp s2, 32(sp)          : MemWrite :  D=0x0000000000072000 A=0x7ffffffffffffd10
 459000: system.cpu: T0 : 0x14d9a    : c_sdsp s3, 24(sp)          : MemWrite :  D=0x0000000000072000 A=0x7ffffffffffffd08
 459500: system.cpu: T0 : 0x14d9c    : c_sdsp s4, 16(sp)          : MemWrite :  D=0x0000000000070000 A=0x7ffffffffffffd00
 460000: system.cpu: T0 : 0x14d9e    : c_sdsp s5, 8(sp)           : MemWrite :  D=0x0000000000000000 A=0x7ffffffffffffcf8
 460500: system.cpu: T0 : 0x14da0    : c_sdsp s6, 0(sp)           : MemWrite :  D=0x0000000000000000 A=0x7ffffffffffffcf0
 461000: system.cpu: T0 : 0x14da2    : c_beqz s1, 210             : IntAlu : 
 461500: system.cpu: T0 : 0x14da4    : lbu a5, 0(a0)              : MemRead :  D=0x000000000000004c A=0x50440
 462000: system.cpu: T0 : 0x14da8    : c_mv s4, a0                : IntAlu :  D=0x0000000000050440
 462500: system.cpu: T0 : 0x14daa    : c_beqz a5, 202             : IntAlu : 
 463000: system.cpu: T0 : 0x14dac    : lbu s5, 1(a0)              : MemRead :  D=0x0000000000000044 A=0x50441
 463500: system.cpu: T0 : 0x14db0    : slliw s2, a5, 16           : IntAlu :  D=0x00000000004c0000
 464000: system.cpu: T0 : 0x14db4    : c_ld s0, 0(s1)             : MemRead :  D=0x0000000000000000 A=0x7fffffffffffff48
 465000: system.cpu: T0 : 0x14db6    : sraiw s2, s2, 16           : IntAlu :  D=0x000000000000004c
 466000: system.cpu: T0 : 0x14dba    : bne s5, zero, 86           : IntAlu : 
 466500: system.cpu: T0 : 0x14e10    : jal ra, 42500              : IntAlu :  D=0x0000000000014e14
 467000: system.cpu: T0 : 0x1f414    : andi a5, a0, 7             : IntAlu :  D=0x0000000000000000
 467500: system.cpu: T0 : 0x1f418    : c_beqz a5, 26              : IntAlu : 
 468000: system.cpu: T0 : 0x1f432    : c_mv a5, a0                : IntAlu :  D=0x0000000000050440
 468500: system.cpu: T0 : 0x1f434    : ld a6, -2024(gp)           : MemRead :  D=0xfefefefefefefeff A=0x70848
 469000: system.cpu: T0 : 0x1f438    : ld a1, -2016(gp)           : MemRead :  D=0x8080808080808080 A=0x70850
 469500: system.cpu: T0 : 0x1f43c    : c_ld a2, 0(a5)             : MemRead :  D=0x004e5241575f444c A=0x50440
 470500: system.cpu: T0 : 0x1f43e    : addi a3, a5, 8             : IntAlu :  D=0x0000000000050448
 471500: system.cpu: T0 : 0x1f442    : add a4, a2, a6             : IntAlu :  D=0xff4d5140565e434b
 472500: system.cpu: T0 : 0x1f446    : xori a2, a2, 18446744073709551615 : IntAlu :  D=0xffb1adbea8a0bbb3
 473000: system.cpu: T0 : 0x1f44a    : c_and a4, a2               : IntAlu :  D=0xff01010000000303
 473500: system.cpu: T0 : 0x1f44c    : c_and a4, a1               : IntAlu :  D=0x8000000000000000
 474000: system.cpu: T0 : 0x1f44e    : c_beqz a4, 50              : IntAlu : 
 474500: system.cpu: T0 : 0x1f450    : lbu a4, -8(a3)             : MemRead :  D=0x000000000000004c A=0x50440
 475000: system.cpu: T0 : 0x1f454    : c_beqz a4, -40             : IntAlu : 
 476000: system.cpu: T0 : 0x1f456    : lbu a4, -7(a3)             : MemRead :  D=0x0000000000000044 A=0x50441
 476500: system.cpu: T0 : 0x1f45a    : c_beqz a4, 50              : IntAlu : 
 477000: system.cpu: T0 : 0x1f45c    : lbu a4, -6(a3)             : MemRead :  D=0x000000000000005f A=0x50442
 477500: system.cpu: T0 : 0x1f460    : c_beqz a4, 52              : IntAlu : 
 478500: system.cpu: T0 : 0x1f462    : lbu a4, -5(a3)             : MemRead :  D=0x0000000000000057 A=0x50443
 479000: system.cpu: T0 : 0x1f466    : c_beqz a4, 54              : IntAlu : 
 479500: system.cpu: T0 : 0x1f468    : lbu a4, -4(a3)             : MemRead :  D=0x0000000000000041 A=0x50444
 480000: system.cpu: T0 : 0x1f46c    : c_beqz a4, 56              : IntAlu : 
 481000: system.cpu: T0 : 0x1f46e    : lbu a4, -3(a3)             : MemRead :  D=0x0000000000000052 A=0x50445
 481500: system.cpu: T0 : 0x1f472    : c_beqz a4, 58              : IntAlu : 
 482000: system.cpu: T0 : 0x1f474    : lbu a4, -2(a3)             : MemRead :  D=0x000000000000004e A=0x50446
 482500: system.cpu: T0 : 0x1f478    : c_beqz a4, 60              : IntAlu : 
 483500: system.cpu: T0 : 0x1f47a    : lbu a4, -1(a3)             : MemRead :  D=0x0000000000000000 A=0x50447
 484000: system.cpu: T0 : 0x1f47e    : c_beqz a4, 6               : IntAlu : 
 484500: system.cpu: T0 : 0x1f484    : c_sub a5, a0               : IntAlu :  D=0x0000000000000000
 485500: system.cpu: T0 : 0x1f486    : addi a0, a5, 7             : IntAlu :  D=0x0000000000000007
 486000: system.cpu: T0 : 0x1f48a    : c_jr ra                    : IntAlu : 
 486500: system.cpu: T0 : 0x14e14    : slli a5, s5, 8             : IntAlu :  D=0x0000000000004400
 487000: system.cpu: T0 : 0x14e18    : or a5, s2, a5              : IntAlu :  D=0x000000000000444c
 487500: system.cpu: T0 : 0x14e1c    : slliw s2, a5, 16           : IntAlu :  D=0x00000000444c0000
 488000: system.cpu: T0 : 0x14e20    : c_mv s3, a0                : IntAlu :  D=0x0000000000000007
 489000: system.cpu: T0 : 0x14e22    : sraiw s2, s2, 16           : IntAlu :  D=0x000000000000444c
 490000: system.cpu: T0 : 0x14e26    : addi s5, a0, -2            : IntAlu :  D=0x0000000000000005
 490500: system.cpu: T0 : 0x14e2a    : c_addi s4, 2               : IntAlu :  D=0x0000000000050442
 491000: system.cpu: T0 : 0x14e2c    : c_beqz s0, -50             : IntAlu : 
 491500: system.cpu: T0 : 0x14dfa    : c_ldsp ra, 56(sp)          : MemRead :  D=0x0000000000022bd6 A=0x7ffffffffffffd28
 492000: system.cpu: T0 : 0x14dfc    : c_mv a0, s0                : IntAlu :  D=0x0000000000000000
 492500: system.cpu: T0 : 0x14dfe    : c_ldsp s0, 48(sp)          : MemRead :  D=0x0000000000000001 A=0x7ffffffffffffd20
 493000: system.cpu: T0 : 0x14e00    : c_ldsp s1, 40(sp)          : MemRead :  D=0x000000000006fe60 A=0x7ffffffffffffd18
 493500: system.cpu: T0 : 0x14e02    : c_ldsp s2, 32(sp)          : MemRead :  D=0x0000000000072000 A=0x7ffffffffffffd10
 494000: system.cpu: T0 : 0x14e04    : c_ldsp s3, 24(sp)          : MemRead :  D=0x0000000000072000 A=0x7ffffffffffffd08
 494500: system.cpu: T0 : 0x14e06    : c_ldsp s4, 16(sp)          : MemRead :  D=0x0000000000070000 A=0x7ffffffffffffd00
 495000: system.cpu: T0 : 0x14e08    : c_ldsp s5, 8(sp)           : MemRead :  D=0x0000000000000000 A=0x7ffffffffffffcf8
 495500: system.cpu: T0 : 0x14e0a    : c_ldsp s6, 0(sp)           : MemRead :  D=0x0000000000000000 A=0x7ffffffffffffcf0
 496000: system.cpu: T0 : 0x14e0c    : c_addi16sp sp, 64          : IntAlu :  D=0x7ffffffffffffd30
 496500: system.cpu: T0 : 0x14e0e    : c_jr ra                    : IntAlu : 
 497000: system.cpu: T0 : 0x22bd6    : c_li a5, 0                 : IntAlu :  D=0x0000000000000000
 497500: system.cpu: T0 : 0x22bd8    : c_beqz a0, 10              : IntAlu : 
 498500: system.cpu: T0 : 0x22be2    : lui s5, 114                : IntAlu :  D=0x0000000000072000
 499500: system.cpu: T0 : 0x22be6    : ld a4, -296(s5)            : MemRead :  D=0x0000000000000000 A=0x71ed8
 500500: system.cpu: T0 : 0x22bea    : lui a3, 114                : IntAlu :  D=0x0000000000072000
 501500: system.cpu: T0 : 0x22bee    : sw a5, -280(a3)            : MemWrite :  D=0x0000000000000000 A=0x71ee8
 502500: system.cpu: T0 : 0x22bf2    : beq a4, zero, 1518         : IntAlu : 
 503000: system.cpu: T0 : 0x231e0    : lui s6, 114                : IntAlu :  D=0x0000000000072000
 503500: system.cpu: T0 : 0x231e4    : ld s0, -344(s6)            : MemRead :  D=0x0000000000000000 A=0x71ea8
 504000: system.cpu: T0 : 0x231e8    : bne s0, zero, -1062        : IntAlu : 
 504500: system.cpu: T0 : 0x231ec    : lui s0, 111                : IntAlu :  D=0x000000000006f000
 505000: system.cpu: T0 : 0x231f0    : addi s0, s0, -128          : IntAlu :  D=0x000000000006ef80
 505500: system.cpu: T0 : 0x231f4    : sd zero, 8(s0)             : MemWrite :  D=0x0000000000000000 A=0x6ef88
 506000: system.cpu: T0 : 0x231f8    : sd zero, 16(s0)            : MemWrite :  D=0x0000000000000000 A=0x6ef90
 506500: system.cpu: T0 : 0x231fc    : sd zero, 24(s0)            : MemWrite :  D=0x0000000000000000 A=0x6ef98
 507000: system.cpu: T0 : 0x23200    : c_li a5, 0                 : IntAlu :  D=0x0000000000000000
 507500: system.cpu: T0 : 0x23202    : c_j -678                   : IntAlu : 
 508000: system.cpu: T0 : 0x22f5c    : lui a0, 80                 : IntAlu :  D=0x0000000000050000
 508500: system.cpu: T0 : 0x22f60    : addi a0, a0, 1440          : IntAlu :  D=0x00000000000505a0
 509000: system.cpu: T0 : 0x22f64    : c_sd a5, 32(s0)            : MemWrite :  D=0x0000000000000000 A=0x6efa0
 510000: system.cpu: T0 : 0x22f66    : jal ra, -57818             : IntAlu :  D=0x0000000000022f6a
 510500: system.cpu: T0 : 0x14d8c    : c_addi16sp sp, -64         : IntAlu :  D=0x7ffffffffffffcf0
 511000: system.cpu: T0 : 0x14d8e    : c_sdsp s1, 40(sp)          : MemWrite :  D=0x000000000006fe60 A=0x7ffffffffffffd18
 511500: system.cpu: T0 : 0x14d90    : ld s1, -1360(gp)           : MemRead :  D=0x7fffffffffffff48 A=0x70ae0
 512000: system.cpu: T0 : 0x14d94    : c_sdsp ra, 56(sp)          : MemWrite :  D=0x0000000000022f6a A=0x7ffffffffffffd28
 512500: system.cpu: T0 : 0x14d96    : c_sdsp s0, 48(sp)          : MemWrite :  D=0x000000000006ef80 A=0x7ffffffffffffd20
 513000: system.cpu: T0 : 0x14d98    : c_sdsp s2, 32(sp)          : MemWrite :  D=0x0000000000072000 A=0x7ffffffffffffd10
 513500: system.cpu: T0 : 0x14d9a    : c_sdsp s3, 24(sp)          : MemWrite :  D=0x0000000000072000 A=0x7ffffffffffffd08
 514000: system.cpu: T0 : 0x14d9c    : c_sdsp s4, 16(sp)          : MemWrite :  D=0x0000000000070000 A=0x7ffffffffffffd00
 514500: system.cpu: T0 : 0x14d9e    : c_sdsp s5, 8(sp)           : MemWrite :  D=0x0000000000072000 A=0x7ffffffffffffcf8
 515000: system.cpu: T0 : 0x14da0    : c_sdsp s6, 0(sp)           : MemWrite :  D=0x0000000000072000 A=0x7ffffffffffffcf0
 515500: system.cpu: T0 : 0x14da2    : c_beqz s1, 210             : IntAlu : 
 516000: system.cpu: T0 : 0x14da4    : lbu a5, 0(a0)              : MemRead :  D=0x000000000000004c A=0x505a0
 516500: system.cpu: T0 : 0x14da8    : c_mv s4, a0                : IntAlu :  D=0x00000000000505a0
 517000: system.cpu: T0 : 0x14daa    : c_beqz a5, 202             : IntAlu : 
 517500: system.cpu: T0 : 0x14dac    : lbu s5, 1(a0)              : MemRead :  D=0x0000000000000044 A=0x505a1
 518000: system.cpu: T0 : 0x14db0    : slliw s2, a5, 16           : IntAlu :  D=0x00000000004c0000
 518500: system.cpu: T0 : 0x14db4    : c_ld s0, 0(s1)             : MemRead :  D=0x0000000000000000 A=0x7fffffffffffff48
 519500: system.cpu: T0 : 0x14db6    : sraiw s2, s2, 16           : IntAlu :  D=0x000000000000004c
 520500: system.cpu: T0 : 0x14dba    : bne s5, zero, 86           : IntAlu : 
 521000: system.cpu: T0 : 0x14e10    : jal ra, 42500              : IntAlu :  D=0x0000000000014e14
 521500: system.cpu: T0 : 0x1f414    : andi a5, a0, 7             : IntAlu :  D=0x0000000000000000
 522000: system.cpu: T0 : 0x1f418    : c_beqz a5, 26              : IntAlu : 
 522500: system.cpu: T0 : 0x1f432    : c_mv a5, a0                : IntAlu :  D=0x00000000000505a0
 523000: system.cpu: T0 : 0x1f434    : ld a6, -2024(gp)           : MemRead :  D=0xfefefefefefefeff A=0x70848
 523500: system.cpu: T0 : 0x1f438    : ld a1, -2016(gp)           : MemRead :  D=0x8080808080808080 A=0x70850
 524000: system.cpu: T0 : 0x1f43c    : c_ld a2, 0(a5)             : MemRead :  D=0x415242494c5f444c A=0x505a0
 525000: system.cpu: T0 : 0x1f43e    : addi a3, a5, 8             : IntAlu :  D=0x00000000000505a8
 526000: system.cpu: T0 : 0x1f442    : add a4, a2, a6             : IntAlu :  D=0x405141484b5e434b
 527000: system.cpu: T0 : 0x1f446    : xori a2, a2, 18446744073709551615 : IntAlu :  D=0xbeadbdb6b3a0bbb3
 527500: system.cpu: T0 : 0x1f44a    : c_and a4, a2               : IntAlu :  D=0x0001010003000303
 528000: system.cpu: T0 : 0x1f44c    : c_and a4, a1               : IntAlu :  D=0x0000000000000000
 528500: system.cpu: T0 : 0x1f44e    : c_beqz a4, 50              : IntAlu : 
 529000: system.cpu: T0 : 0x1f480    : c_mv a5, a3                : IntAlu :  D=0x00000000000505a8
 529500: system.cpu: T0 : 0x1f482    : c_j -70                    : IntAlu : 
 530000: system.cpu: T0 : 0x1f43c    : c_ld a2, 0(a5)             : MemRead :  D=0x00485441505f5952 A=0x505a8
 531000: system.cpu: T0 : 0x1f43e    : addi a3, a5, 8             : IntAlu :  D=0x00000000000505b0
 532000: system.cpu: T0 : 0x1f442    : add a4, a2, a6             : IntAlu :  D=0xff4753404f5e5851
 533000: system.cpu: T0 : 0x1f446    : xori a2, a2, 18446744073709551615 : IntAlu :  D=0xffb7abbeafa0a6ad
 533500: system.cpu: T0 : 0x1f44a    : c_and a4, a2               : IntAlu :  D=0xff0703000f000001
 534000: system.cpu: T0 : 0x1f44c    : c_and a4, a1               : IntAlu :  D=0x8000000000000000
 534500: system.cpu: T0 : 0x1f44e    : c_beqz a4, 50              : IntAlu : 
 535000: system.cpu: T0 : 0x1f450    : lbu a4, -8(a3)             : MemRead :  D=0x0000000000000052 A=0x505a8
 535500: system.cpu: T0 : 0x1f454    : c_beqz a4, -40             : IntAlu : 
 536500: system.cpu: T0 : 0x1f456    : lbu a4, -7(a3)             : MemRead :  D=0x0000000000000059 A=0x505a9
 537000: system.cpu: T0 : 0x1f45a    : c_beqz a4, 50              : IntAlu : 
 537500: system.cpu: T0 : 0x1f45c    : lbu a4, -6(a3)             : MemRead :  D=0x000000000000005f A=0x505aa
 538000: system.cpu: T0 : 0x1f460    : c_beqz a4, 52              : IntAlu : 
 539000: system.cpu: T0 : 0x1f462    : lbu a4, -5(a3)             : MemRead :  D=0x0000000000000050 A=0x505ab
 539500: system.cpu: T0 : 0x1f466    : c_beqz a4, 54              : IntAlu : 
 540000: system.cpu: T0 : 0x1f468    : lbu a4, -4(a3)             : MemRead :  D=0x0000000000000041 A=0x505ac
 540500: system.cpu: T0 : 0x1f46c    : c_beqz a4, 56              : IntAlu : 
 541500: system.cpu: T0 : 0x1f46e    : lbu a4, -3(a3)             : MemRead :  D=0x0000000000000054 A=0x505ad
 542000: system.cpu: T0 : 0x1f472    : c_beqz a4, 58              : IntAlu : 
 542500: system.cpu: T0 : 0x1f474    : lbu a4, -2(a3)             : MemRead :  D=0x0000000000000048 A=0x505ae
 543000: system.cpu: T0 : 0x1f478    : c_beqz a4, 60              : IntAlu : 
 544000: system.cpu: T0 : 0x1f47a    : lbu a4, -1(a3)             : MemRead :  D=0x0000000000000000 A=0x505af
 544500: system.cpu: T0 : 0x1f47e    : c_beqz a4, 6               : IntAlu : 
 545000: system.cpu: T0 : 0x1f484    : c_sub a5, a0               : IntAlu :  D=0x0000000000000008
 546000: system.cpu: T0 : 0x1f486    : addi a0, a5, 7             : IntAlu :  D=0x000000000000000f
 546500: system.cpu: T0 : 0x1f48a    : c_jr ra                    : IntAlu : 
 547000: system.cpu: T0 : 0x14e14    : slli a5, s5, 8             : IntAlu :  D=0x0000000000004400
 547500: system.cpu: T0 : 0x14e18    : or a5, s2, a5              : IntAlu :  D=0x000000000000444c
 548000: system.cpu: T0 : 0x14e1c    : slliw s2, a5, 16           : IntAlu :  D=0x00000000444c0000
 548500: system.cpu: T0 : 0x14e20    : c_mv s3, a0                : IntAlu :  D=0x000000000000000f
 549500: system.cpu: T0 : 0x14e22    : sraiw s2, s2, 16           : IntAlu :  D=0x000000000000444c
 550500: system.cpu: T0 : 0x14e26    : addi s5, a0, -2            : IntAlu :  D=0x000000000000000d
 551000: system.cpu: T0 : 0x14e2a    : c_addi s4, 2               : IntAlu :  D=0x00000000000505a2
 551500: system.cpu: T0 : 0x14e2c    : c_beqz s0, -50             : IntAlu : 
 552000: system.cpu: T0 : 0x14dfa    : c_ldsp ra, 56(sp)          : MemRead :  D=0x0000000000022f6a A=0x7ffffffffffffd28
 552500: system.cpu: T0 : 0x14dfc    : c_mv a0, s0                : IntAlu :  D=0x0000000000000000
 553000: system.cpu: T0 : 0x14dfe    : c_ldsp s0, 48(sp)          : MemRead :  D=0x000000000006ef80 A=0x7ffffffffffffd20
 553500: system.cpu: T0 : 0x14e00    : c_ldsp s1, 40(sp)          : MemRead :  D=0x000000000006fe60 A=0x7ffffffffffffd18
 554000: system.cpu: T0 : 0x14e02    : c_ldsp s2, 32(sp)          : MemRead :  D=0x0000000000072000 A=0x7ffffffffffffd10
 554500: system.cpu: T0 : 0x14e04    : c_ldsp s3, 24(sp)          : MemRead :  D=0x0000000000072000 A=0x7ffffffffffffd08
 555000: system.cpu: T0 : 0x14e06    : c_ldsp s4, 16(sp)          : MemRead :  D=0x0000000000070000 A=0x7ffffffffffffd00
 555500: system.cpu: T0 : 0x14e08    : c_ldsp s5, 8(sp)           : MemRead :  D=0x0000000000072000 A=0x7ffffffffffffcf8
 556000: system.cpu: T0 : 0x14e0a    : c_ldsp s6, 0(sp)           : MemRead :  D=0x0000000000072000 A=0x7ffffffffffffcf0
 556500: system.cpu: T0 : 0x14e0c    : c_addi16sp sp, 64          : IntAlu :  D=0x7ffffffffffffd30
 557000: system.cpu: T0 : 0x14e0e    : c_jr ra                    : IntAlu : 
 558000: system.cpu: T0 : 0x22f6a    : jal ra, 99838              : IntAlu :  D=0x0000000000022f6e
 558500: system.cpu: T0 : 0x3b568    : c_addi16sp sp, -64         : IntAlu :  D=0x7ffffffffffffcf0
 559000: system.cpu: T0 : 0x3b56a    : c_sdsp ra, 56(sp)          : MemWrite :  D=0x0000000000022f6e A=0x7ffffffffffffd28
 559500: system.cpu: T0 : 0x3b56c    : c_sdsp s0, 48(sp)          : MemWrite :  D=0x000000000006ef80 A=0x7ffffffffffffd20
 560000: system.cpu: T0 : 0x3b56e    : c_sdsp s2, 32(sp)          : MemWrite :  D=0x0000000000072000 A=0x7ffffffffffffd10
 560500: system.cpu: T0 : 0x3b570    : c_sdsp s3, 24(sp)          : MemWrite :  D=0x0000000000072000 A=0x7ffffffffffffd08
 561000: system.cpu: T0 : 0x3b572    : c_addi4spn s0, sp, 64      : IntAlu :  D=0x7ffffffffffffd30
 561500: system.cpu: T0 : 0x3b574    : c_sdsp s1, 40(sp)          : MemWrite :  D=0x000000000006fe60 A=0x7ffffffffffffd18
 562000: system.cpu: T0 : 0x3b576    : c_sdsp s4, 16(sp)          : MemWrite :  D=0x0000000000070000 A=0x7ffffffffffffd00
 562500: system.cpu: T0 : 0x3b578    : c_sdsp s5, 8(sp)           : MemWrite :  D=0x0000000000072000 A=0x7ffffffffffffcf8
 563500: system.cpu: T0 : 0x3b57a    : lui a5, 114                : IntAlu :  D=0x0000000000072000
 564500: system.cpu: T0 : 0x3b57e    : ld a1, -408(a5)            : MemRead :  D=0x0000000000000000 A=0x71e68
 565500: system.cpu: T0 : 0x3b582    : lui a5, 114                : IntAlu :  D=0x0000000000072000
 566000: system.cpu: T0 : 0x3b586    : c_mv s2, a0                : IntAlu :  D=0x0000000000000000
 566500: system.cpu: T0 : 0x3b588    : lui s3, 111                : IntAlu :  D=0x000000000006f000
 567000: system.cpu: T0 : 0x3b58c    : ld a0, -360(a5)            : MemRead :  D=0x0000000000000000 A=0x71e98
 567500: system.cpu: T0 : 0x3b590    : addi s3, s3, -64           : IntAlu :  D=0x000000000006efc0
 568000: system.cpu: T0 : 0x3b594    : addi a3, s3, 8             : IntAlu :  D=0x000000000006efc8
 568500: system.cpu: T0 : 0x3b598    : addi a2, s3, 16            : IntAlu :  D=0x000000000006efd0
 569000: system.cpu: T0 : 0x3b59c    : jal ra, 9754               : IntAlu :  D=0x000000000003b5a0
 569500: system.cpu: T0 : 0x3dbb6    : c_addi16sp sp, -192        : IntAlu :  D=0x7ffffffffffffc30
 570000: system.cpu: T0 : 0x3dbb8    : c_sdsp s0, 176(sp)         : MemWrite :  D=0x7ffffffffffffd30 A=0x7ffffffffffffce0
 570500: system.cpu: T0 : 0x3dbba    : c_sdsp s3, 152(sp)         : MemWrite :  D=0x000000000006efc0 A=0x7ffffffffffffcc8
 571000: system.cpu: T0 : 0x3dbbc    : c_addi4spn s0, sp, 192     : IntAlu :  D=0x7ffffffffffffcf0
 571500: system.cpu: T0 : 0x3dbbe    : c_sdsp s4, 144(sp)         : MemWrite :  D=0x0000000000070000 A=0x7ffffffffffffcc0
 572000: system.cpu: T0 : 0x3dbc0    : c_sdsp s9, 104(sp)         : MemWrite :  D=0x0000000000000000 A=0x7ffffffffffffc98
 572500: system.cpu: T0 : 0x3dbc2    : c_sdsp s11, 88(sp)         : MemWrite :  D=0x0000000000000000 A=0x7ffffffffffffc88
 573000: system.cpu: T0 : 0x3dbc4    : c_sdsp ra, 184(sp)         : MemWrite :  D=0x000000000003b5a0 A=0x7ffffffffffffce8
 573500: system.cpu: T0 : 0x3dbc6    : c_sdsp s1, 168(sp)         : MemWrite :  D=0x000000000006fe60 A=0x7ffffffffffffcd8
 574000: system.cpu: T0 : 0x3dbc8    : c_sdsp s2, 160(sp)         : MemWrite :  D=0x0000000000000000 A=0x7ffffffffffffcd0
 574500: system.cpu: T0 : 0x3dbca    : c_sdsp s5, 136(sp)         : MemWrite :  D=0x0000000000072000 A=0x7ffffffffffffcb8
 575000: system.cpu: T0 : 0x3dbcc    : c_sdsp s6, 128(sp)         : MemWrite :  D=0x0000000000072000 A=0x7ffffffffffffcb0
 575500: system.cpu: T0 : 0x3dbce    : c_sdsp s7, 120(sp)         : MemWrite :  D=0x0000000000000000 A=0x7ffffffffffffca8
 576000: system.cpu: T0 : 0x3dbd0    : c_sdsp s8, 112(sp)         : MemWrite :  D=0x0000000000000000 A=0x7ffffffffffffca0
 576500: system.cpu: T0 : 0x3dbd2    : c_sdsp s10, 96(sp)         : MemWrite :  D=0x0000000000000000 A=0x7ffffffffffffc90
 577000: system.cpu: T0 : 0x3dbd4    : c_mv a5, a2                : IntAlu :  D=0x000000000006efd0
 577500: system.cpu: T0 : 0x3dbd6    : c_mv a4, a1                : IntAlu :  D=0x0000000000000000
 578000: system.cpu: T0 : 0x3dbd8    : c_mv s4, a0                : IntAlu :  D=0x0000000000000000
 578500: system.cpu: T0 : 0x3dbda    : c_li a2, 0                 : IntAlu :  D=0x0000000000000000
 579000: system.cpu: T0 : 0x3dbdc    : addi a1, s0, -120          : IntAlu :  D=0x7ffffffffffffc78
 579500: system.cpu: T0 : 0x3dbe0    : c_li a0, 8                 : IntAlu :  D=0x0000000000000008
 580500: system.cpu: T0 : 0x3dbe2    : sd a5, -136(s0)            : MemWrite :  D=0x000000000006efd0 A=0x7ffffffffffffc68
 581500: system.cpu: T0 : 0x3dbe6    : sd a3, -160(s0)            : MemWrite :  D=0x000000000006efc8 A=0x7ffffffffffffc50
 582500: system.cpu: T0 : 0x3dbea    : sd a4, -144(s0)            : MemWrite :  D=0x0000000000000000 A=0x7ffffffffffffc60
 583500: system.cpu: T0 : 0x3dbee    : jal ra, -111428            : IntAlu :  D=0x000000000003dbf2
 584000: system.cpu: T0 : 0x228aa    : c_slli a0, 32              : IntAlu :  D=0x0000000800000000
 584500: system.cpu: T0 : 0x228ac    : c_srli a0, 32              : IntAlu :  D=0x0000000000000008
 585500: system.cpu: T0 : 0x228ae    : slli a5, a0, 3             : IntAlu :  D=0x0000000000000040
 586000: system.cpu: T0 : 0x228b2    : c_sub a5, a0               : IntAlu :  D=0x0000000000000038
 586500: system.cpu: T0 : 0x228b4    : lui a4, 111                : IntAlu :  D=0x000000000006f000
 587000: system.cpu: T0 : 0x228b8    : addi a4, a4, -1248         : IntAlu :  D=0x000000000006eb20
 587500: system.cpu: T0 : 0x228bc    : c_slli a5, 3               : IntAlu :  D=0x00000000000001c0
 588000: system.cpu: T0 : 0x228be    : c_add a5, a4               : IntAlu :  D=0x000000000006ece0
 588500: system.cpu: T0 : 0x228c0    : c_lw a3, 8(a5)             : MemRead :  D=0x0000000000000001 A=0x6ece8
 589000: system.cpu: T0 : 0x228c2    : c_li a6, 2                 : IntAlu :  D=0x0000000000000002
 589500: system.cpu: T0 : 0x228c4    : c_ld a5, 32(a5)            : MemRead :  D=0x0000000000000000 A=0x6ed00
 590500: system.cpu: T0 : 0x228c6    : bltu a6, a3, 42            : IntAlu : 
 591000: system.cpu: T0 : 0x228ca    : c_bnez a3, 38              : IntAlu : 
 591500: system.cpu: T0 : 0x228f0    : c_sd a5, 0(a1)             : MemWrite :  D=0x0000000000000000 A=0x7ffffffffffffc78
 592000: system.cpu: T0 : 0x228f2    : c_j -36                    : IntAlu : 
 593000: system.cpu: T0 : 0x228ce    : slli a5, a0, 3             : IntAlu :  D=0x0000000000000040
 593500: system.cpu: T0 : 0x228d2    : c_sub a5, a0               : IntAlu :  D=0x0000000000000038
 594000: system.cpu: T0 : 0x228d4    : c_slli a5, 3               : IntAlu :  D=0x00000000000001c0
 595000: system.cpu: T0 : 0x228d6    : add a3, a4, a5             : IntAlu :  D=0x000000000006ece0
 596000: system.cpu: T0 : 0x228da    : lbu a3, 40(a3)             : MemRead :  D=0x0000000000000000 A=0x6ed08
 596500: system.cpu: T0 : 0x228de    : c_beqz a3, 16              : IntAlu : 
 597000: system.cpu: T0 : 0x228ee    : c_jr ra                    : IntAlu : 
 598000: system.cpu: T0 : 0x3dbf2    : ld s11, -120(s0)           : MemRead :  D=0x0000000000000000 A=0x7ffffffffffffc78
 599000: system.cpu: T0 : 0x3dbf6    : ld s9, -1328(gp)           : MemRead :  D=0x0000000000000000 A=0x70b00
 600000: system.cpu: T0 : 0x3dbfa    : sltu a3, zero, s4          : IntAlu :  D=0x0000000000000000
 601000: system.cpu: T0 : 0x3dbfe    : and s3, s9, s11            : IntAlu :  D=0x0000000000000000
 602000: system.cpu: T0 : 0x3dc02    : beq s3, zero, 1250         : IntAlu : 
 602500: system.cpu: T0 : 0x3e0e4    : addi s2, a3, 1             : IntAlu :  D=0x0000000000000001
 603000: system.cpu: T0 : 0x3e0e8    : c_j -1210                  : IntAlu : 
 604000: system.cpu: T0 : 0x3dc2e    : lui a5, 114                : IntAlu :  D=0x0000000000072000
 605000: system.cpu: T0 : 0x3dc32    : ld s5, -344(a5)            : MemRead :  D=0x0000000000000000 A=0x71ea8
 606000: system.cpu: T0 : 0x3dc36    : beq s5, zero, 444          : IntAlu : 
 607000: system.cpu: T0 : 0x3ddf2    : slli a5, s2, 4             : IntAlu :  D=0x0000000000000010
 608000: system.cpu: T0 : 0x3ddf6    : sub sp, sp, a5             : IntAlu :  D=0x7ffffffffffffc20
 608500: system.cpu: T0 : 0x3ddfa    : c_mv a3, sp                : IntAlu :  D=0x7ffffffffffffc20
 609000: system.cpu: T0 : 0x3ddfc    : c_mv s1, a3                : IntAlu :  D=0x7ffffffffffffc20
 609500: system.cpu: T0 : 0x3ddfe    : c_li a1, 1                 : IntAlu :  D=0x0000000000000001
 610000: system.cpu: T0 : 0x3de00    : c_li s9, 0                 : IntAlu :  D=0x0000000000000000
 611000: system.cpu: T0 : 0x3de02    : bne s3, zero, -118         : IntAlu : 
 612000: system.cpu: T0 : 0x3de06    : beq s4, zero, 24           : IntAlu : 
 613000: system.cpu: T0 : 0x3de1e    : lui a5, 98                 : IntAlu :  D=0x0000000000062000
 614000: system.cpu: T0 : 0x3de22    : addi a5, a5, 1168          : IntAlu :  D=0x0000000000062490
 614500: system.cpu: T0 : 0x3de26    : c_sd a5, 0(a3)             : MemWrite :  D=0x0000000000062490 A=0x7ffffffffffffc20
 615000: system.cpu: T0 : 0x3de28    : c_li a5, 3                 : IntAlu :  D=0x0000000000000003
 615500: system.cpu: T0 : 0x3de2a    : c_sd a5, 8(a3)             : MemWrite :  D=0x0000000000000003 A=0x7ffffffffffffc28
 616000: system.cpu: T0 : 0x3de2c    : bne s2, a1, 706            : IntAlu : 
 616500: system.cpu: T0 : 0x3de30    : c_li a5, 1                 : IntAlu :  D=0x0000000000000001
 617500: system.cpu: T0 : 0x3de32    : ld s9, 8(s1)               : MemRead :  D=0x0000000000000003 A=0x7ffffffffffffc28
 618500: system.cpu: T0 : 0x3de36    : beq s2, a5, 542            : IntAlu : 
 619000: system.cpu: T0 : 0x3e054    : ld a5, -136(s0)            : MemRead :  D=0x000000000006efd0 A=0x7ffffffffffffc68
 619500: system.cpu: T0 : 0x3e058    : c_li s2, 2                 : IntAlu :  D=0x0000000000000002
 620500: system.cpu: T0 : 0x3e05a    : addi a0, s9, 33            : IntAlu :  D=0x0000000000000024
 621500: system.cpu: T0 : 0x3e05e    : sd s2, 0(a5)               : MemWrite :  D=0x0000000000000002 A=0x6efd0
 622500: system.cpu: T0 : 0x3e062    : jal ra, -131280            : IntAlu :  D=0x000000000003e066
 623500: system.cpu: T0 : 0x1df92    : ld t1, -1848(gp)           : MemRead :  D=0x000000000001e190 A=0x708f8
 624500: system.cpu: T0 : 0x1df96    : bne t1, zero, 260          : IntAlu : 
 625000: system.cpu: T0 : 0x1e09a    : c_mv a1, ra                : IntAlu :  D=0x000000000003e066
 625500: system.cpu: T0 : 0x1e09c    : c_jr t1                    : IntAlu : 
 626000: system.cpu: T0 : 0x1e190    : lw a5, -1876(gp)           : MemRead :  D=0xffffffffffffffff A=0x708dc
 626500: system.cpu: T0 : 0x1e194    : sd zero, -1848(gp)         : MemWrite :  D=0x0000000000000000 A=0x708f8
 627000: system.cpu: T0 : 0x1e198    : blt a5, zero, 6            : IntAlu : 
 627500: system.cpu: T0 : 0x1e19e    : c_addi sp, -32             : IntAlu :  D=0x7ffffffffffffc00
 628000: system.cpu: T0 : 0x1e1a0    : c_sdsp ra, 24(sp)          : MemWrite :  D=0x000000000003e066 A=0x7ffffffffffffc18
 628500: system.cpu: T0 : 0x1e1a2    : c_sdsp a0, 8(sp)           : MemWrite :  D=0x0000000000000024 A=0x7ffffffffffffc08
 629000: system.cpu: T0 : 0x1e1a4    : jal ra, -11960             : IntAlu :  D=0x000000000001e1a8
 629500: system.cpu: T0 : 0x1b2ec    : c_addi16sp sp, -48         : IntAlu :  D=0x7ffffffffffffbd0
 630000: system.cpu: T0 : 0x1b2ee    : c_sdsp s1, 24(sp)          : MemWrite :  D=0x7ffffffffffffc20 A=0x7ffffffffffffbe8
 630500: system.cpu: T0 : 0x1b2f0    : lui s1, 111                : IntAlu :  D=0x000000000006f000
 631000: system.cpu: T0 : 0x1b2f4    : ld a3, -1264(s1)           : MemRead :  D=0x2f2e2e0000000000 A=0x6eb10
 631500: system.cpu: T0 : 0x1b2f8    : lui a0, 111                : IntAlu :  D=0x000000000006f000
 632000: system.cpu: T0 : 0x1b2fc    : addi a4, a0, 1480          : IntAlu :  D=0x000000000006f5c8
 632500: system.cpu: T0 : 0x1b300    : c_sdsp ra, 40(sp)          : MemWrite :  D=0x000000000001e1a8 A=0x7ffffffffffffbf8
 633000: system.cpu: T0 : 0x1b302    : c_sdsp s0, 32(sp)          : MemWrite :  D=0x7ffffffffffffcf0 A=0x7ffffffffffffbf0
 633500: system.cpu: T0 : 0x1b304    : addi a0, a0, 1480          : IntAlu :  D=0x000000000006f5c8
 634000: system.cpu: T0 : 0x1b308    : sd a4, 56(tp)              : MemWrite :  D=0x000000000006f5c8 A=0x73748
 634500: system.cpu: T0 : 0x1b30c    : c_sdsp a3, 8(sp)           : MemWrite :  D=0x2f2e2e0000000000 A=0x7ffffffffffffbd8
 635500: system.cpu: T0 : 0x1b30e    : sw zero, -1876(gp)         : MemWrite :  D=0x0000000000000000 A=0x708dc
 636500: system.cpu: T0 : 0x1b312    : jal ra, -1026              : IntAlu :  D=0x000000000001b316
 637000: system.cpu: T0 : 0x1af10    : c_lui a4, 1                : IntAlu :  D=0x0000000000001000
 638000: system.cpu: T0 : 0x1af12    : addi a3, a0, 96            : IntAlu :  D=0x000000000006f628
 639000: system.cpu: T0 : 0x1af16    : addi a4, a4, -1968         : IntAlu :  D=0x0000000000000850
 639500: system.cpu: T0 : 0x1af1a    : c_mv a5, a3                : IntAlu :  D=0x000000000006f628
 640000: system.cpu: T0 : 0x1af1c    : c_add a4, a0               : IntAlu :  D=0x000000000006fe18
 640500: system.cpu: T0 : 0x1af1e    : c_sd a5, 24(a5)            : MemWrite :  D=0x000000000006f628 A=0x6f640
 641000: system.cpu: T0 : 0x1af20    : c_sd a5, 16(a5)            : MemWrite :  D=0x000000000006f628 A=0x6f638
 641500: system.cpu: T0 : 0x1af22    : c_addi a5, 16              : IntAlu :  D=0x000000000006f638
 642000: system.cpu: T0 : 0x1af24    : bne a4, a5, -6             : IntAlu : 
 642500: system.cpu: T0 : 0x1af1e    : c_sd a5, 24(a5)            : MemWrite :  D=0x000000000006f638 A=0x6f650
 643000: system.cpu: T0 : 0x1af20    : c_sd a5, 16(a5)            : MemWrite :  D=0x000000000006f638 A=0x6f648
 643500: system.cpu: T0 : 0x1af22    : c_addi a5, 16              : IntAlu :  D=0x000000000006f648
 644000: system.cpu: T0 : 0x1af24    : bne a4, a5, -6             : IntAlu : 
 644500: system.cpu: T0 : 0x1af1e    : c_sd a5, 24(a5)            : MemWrite :  D=0x000000000006f648 A=0x6f660
 645000: system.cpu: T0 : 0x1af20    : c_sd a5, 16(a5)            : MemWrite :  D=0x000000000006f648 A=0x6f658
 645500: system.cpu: T0 : 0x1af22    : c_addi a5, 16              : IntAlu :  D=0x000000000006f658
 646000: system.cpu: T0 : 0x1af24    : bne a4, a5, -6             : IntAlu : 
 646500: system.cpu: T0 : 0x1af1e    : c_sd a5, 24(a5)            : MemWrite :  D=0x000000000006f658 A=0x6f670
 647000: system.cpu: T0 : 0x1af20    : c_sd a5, 16(a5)            : MemWrite :  D=0x000000000006f658 A=0x6f668
 647500: system.cpu: T0 : 0x1af22    : c_addi a5, 16              : IntAlu :  D=0x000000000006f668
 648000: system.cpu: T0 : 0x1af24    : bne a4, a5, -6             : IntAlu : 
 648500: system.cpu: T0 : 0x1af1e    : c_sd a5, 24(a5)            : MemWrite :  D=0x000000000006f668 A=0x6f680
 649000: system.cpu: T0 : 0x1af20    : c_sd a5, 16(a5)            : MemWrite :  D=0x000000000006f668 A=0x6f678
 649500: system.cpu: T0 : 0x1af22    : c_addi a5, 16              : IntAlu :  D=0x000000000006f678
 650000: system.cpu: T0 : 0x1af24    : bne a4, a5, -6             : IntAlu : 
 650500: system.cpu: T0 : 0x1af1e    : c_sd a5, 24(a5)            : MemWrite :  D=0x000000000006f678 A=0x6f690
 651000: system.cpu: T0 : 0x1af20    : c_sd a5, 16(a5)            : MemWrite :  D=0x000000000006f678 A=0x6f688
 651500: system.cpu: T0 : 0x1af22    : c_addi a5, 16              : IntAlu :  D=0x000000000006f688
 652000: system.cpu: T0 : 0x1af24    : bne a4, a5, -6             : IntAlu : 
 652500: system.cpu: T0 : 0x1af1e    : c_sd a5, 24(a5)            : MemWrite :  D=0x000000000006f688 A=0x6f6a0
 653000: system.cpu: T0 : 0x1af20    : c_sd a5, 16(a5)            : MemWrite :  D=0x000000000006f688 A=0x6f698
 653500: system.cpu: T0 : 0x1af22    : c_addi a5, 16              : IntAlu :  D=0x000000000006f698
 654000: system.cpu: T0 : 0x1af24    : bne a4, a5, -6             : IntAlu : 
 654500: system.cpu: T0 : 0x1af1e    : c_sd a5, 24(a5)            : MemWrite :  D=0x000000000006f698 A=0x6f6b0
 655000: system.cpu: T0 : 0x1af20    : c_sd a5, 16(a5)            : MemWrite :  D=0x000000000006f698 A=0x6f6a8
 655500: system.cpu: T0 : 0x1af22    : c_addi a5, 16              : IntAlu :  D=0x000000000006f6a8
 656000: system.cpu: T0 : 0x1af24    : bne a4, a5, -6             : IntAlu : 
 656500: system.cpu: T0 : 0x1af1e    : c_sd a5, 24(a5)            : MemWrite :  D=0x000000000006f6a8 A=0x6f6c0
 657000: system.cpu: T0 : 0x1af20    : c_sd a5, 16(a5)            : MemWrite :  D=0x000000000006f6a8 A=0x6f6b8
 657500: system.cpu: T0 : 0x1af22    : c_addi a5, 16              : IntAlu :  D=0x000000000006f6b8
 658000: system.cpu: T0 : 0x1af24    : bne a4, a5, -6             : IntAlu : 
 658500: system.cpu: T0 : 0x1af1e    : c_sd a5, 24(a5)            : MemWrite :  D=0x000000000006f6b8 A=0x6f6d0
 659000: system.cpu: T0 : 0x1af20    : c_sd a5, 16(a5)            : MemWrite :  D=0x000000000006f6b8 A=0x6f6c8
 659500: system.cpu: T0 : 0x1af22    : c_addi a5, 16              : IntAlu :  D=0x000000000006f6c8
 660000: system.cpu: T0 : 0x1af24    : bne a4, a5, -6             : IntAlu : 
 660500: system.cpu: T0 : 0x1af1e    : c_sd a5, 24(a5)            : MemWrite :  D=0x000000000006f6c8 A=0x6f6e0
 661000: system.cpu: T0 : 0x1af20    : c_sd a5, 16(a5)            : MemWrite :  D=0x000000000006f6c8 A=0x6f6d8
 661500: system.cpu: T0 : 0x1af22    : c_addi a5, 16              : IntAlu :  D=0x000000000006f6d8
 662000: system.cpu: T0 : 0x1af24    : bne a4, a5, -6             : IntAlu : 
 662500: system.cpu: T0 : 0x1af1e    : c_sd a5, 24(a5)            : MemWrite :  D=0x000000000006f6d8 A=0x6f6f0
 663000: system.cpu: T0 : 0x1af20    : c_sd a5, 16(a5)            : MemWrite :  D=0x000000000006f6d8 A=0x6f6e8
 663500: system.cpu: T0 : 0x1af22    : c_addi a5, 16              : IntAlu :  D=0x000000000006f6e8
 664000: system.cpu: T0 : 0x1af24    : bne a4, a5, -6             : IntAlu : 
 664500: system.cpu: T0 : 0x1af1e    : c_sd a5, 24(a5)            : MemWrite :  D=0x000000000006f6e8 A=0x6f700
 665000: system.cpu: T0 : 0x1af20    : c_sd a5, 16(a5)            : MemWrite :  D=0x000000000006f6e8 A=0x6f6f8
 665500: system.cpu: T0 : 0x1af22    : c_addi a5, 16              : IntAlu :  D=0x000000000006f6f8
 666000: system.cpu: T0 : 0x1af24    : bne a4, a5, -6             : IntAlu : 
 666500: system.cpu: T0 : 0x1af1e    : c_sd a5, 24(a5)            : MemWrite :  D=0x000000000006f6f8 A=0x6f710
 667000: system.cpu: T0 : 0x1af20    : c_sd a5, 16(a5)            : MemWrite :  D=0x000000000006f6f8 A=0x6f708
 667500: system.cpu: T0 : 0x1af22    : c_addi a5, 16              : IntAlu :  D=0x000000000006f708
 668000: system.cpu: T0 : 0x1af24    : bne a4, a5, -6             : IntAlu : 
 668500: system.cpu: T0 : 0x1af1e    : c_sd a5, 24(a5)            : MemWrite :  D=0x000000000006f708 A=0x6f720
 669000: system.cpu: T0 : 0x1af20    : c_sd a5, 16(a5)            : MemWrite :  D=0x000000000006f708 A=0x6f718
 669500: system.cpu: T0 : 0x1af22    : c_addi a5, 16              : IntAlu :  D=0x000000000006f718
 670000: system.cpu: T0 : 0x1af24    : bne a4, a5, -6             : IntAlu : 
 670500: system.cpu: T0 : 0x1af1e    : c_sd a5, 24(a5)            : MemWrite :  D=0x000000000006f718 A=0x6f730
 671000: system.cpu: T0 : 0x1af20    : c_sd a5, 16(a5)            : MemWrite :  D=0x000000000006f718 A=0x6f728
 671500: system.cpu: T0 : 0x1af22    : c_addi a5, 16              : IntAlu :  D=0x000000000006f728
 672000: system.cpu: T0 : 0x1af24    : bne a4, a5, -6             : IntAlu : 
 672500: system.cpu: T0 : 0x1af1e    : c_sd a5, 24(a5)            : MemWrite :  D=0x000000000006f728 A=0x6f740
 673000: system.cpu: T0 : 0x1af20    : c_sd a5, 16(a5)            : MemWrite :  D=0x000000000006f728 A=0x6f738
 673500: system.cpu: T0 : 0x1af22    : c_addi a5, 16              : IntAlu :  D=0x000000000006f738
 674000: system.cpu: T0 : 0x1af24    : bne a4, a5, -6             : IntAlu : 
 674500: system.cpu: T0 : 0x1af1e    : c_sd a5, 24(a5)            : MemWrite :  D=0x000000000006f738 A=0x6f750
 675000: system.cpu: T0 : 0x1af20    : c_sd a5, 16(a5)            : MemWrite :  D=0x000000000006f738 A=0x6f748
 675500: system.cpu: T0 : 0x1af22    : c_addi a5, 16              : IntAlu :  D=0x000000000006f748
 676000: system.cpu: T0 : 0x1af24    : bne a4, a5, -6             : IntAlu : 
 676500: system.cpu: T0 : 0x1af1e    : c_sd a5, 24(a5)            : MemWrite :  D=0x000000000006f748 A=0x6f760
 677000: system.cpu: T0 : 0x1af20    : c_sd a5, 16(a5)            : MemWrite :  D=0x000000000006f748 A=0x6f758
 677500: system.cpu: T0 : 0x1af22    : c_addi a5, 16              : IntAlu :  D=0x000000000006f758
 678000: system.cpu: T0 : 0x1af24    : bne a4, a5, -6             : IntAlu : 
 678500: system.cpu: T0 : 0x1af1e    : c_sd a5, 24(a5)            : MemWrite :  D=0x000000000006f758 A=0x6f770
 679000: system.cpu: T0 : 0x1af20    : c_sd a5, 16(a5)            : MemWrite :  D=0x000000000006f758 A=0x6f768
 679500: system.cpu: T0 : 0x1af22    : c_addi a5, 16              : IntAlu :  D=0x000000000006f768
 680000: system.cpu: T0 : 0x1af24    : bne a4, a5, -6             : IntAlu : 
 680500: system.cpu: T0 : 0x1af1e    : c_sd a5, 24(a5)            : MemWrite :  D=0x000000000006f768 A=0x6f780
 681000: system.cpu: T0 : 0x1af20    : c_sd a5, 16(a5)            : MemWrite :  D=0x000000000006f768 A=0x6f778
 681500: system.cpu: T0 : 0x1af22    : c_addi a5, 16              : IntAlu :  D=0x000000000006f778
 682000: system.cpu: T0 : 0x1af24    : bne a4, a5, -6             : IntAlu : 
 682500: system.cpu: T0 : 0x1af1e    : c_sd a5, 24(a5)            : MemWrite :  D=0x000000000006f778 A=0x6f790
 683000: system.cpu: T0 : 0x1af20    : c_sd a5, 16(a5)            : MemWrite :  D=0x000000000006f778 A=0x6f788
 683500: system.cpu: T0 : 0x1af22    : c_addi a5, 16              : IntAlu :  D=0x000000000006f788
 684000: system.cpu: T0 : 0x1af24    : bne a4, a5, -6             : IntAlu : 
 684500: system.cpu: T0 : 0x1af1e    : c_sd a5, 24(a5)            : MemWrite :  D=0x000000000006f788 A=0x6f7a0
 685000: system.cpu: T0 : 0x1af20    : c_sd a5, 16(a5)            : MemWrite :  D=0x000000000006f788 A=0x6f798
 685500: system.cpu: T0 : 0x1af22    : c_addi a5, 16              : IntAlu :  D=0x000000000006f798
 686000: system.cpu: T0 : 0x1af24    : bne a4, a5, -6             : IntAlu : 
 686500: system.cpu: T0 : 0x1af1e    : c_sd a5, 24(a5)            : MemWrite :  D=0x000000000006f798 A=0x6f7b0
 687000: system.cpu: T0 : 0x1af20    : c_sd a5, 16(a5)            : MemWrite :  D=0x000000000006f798 A=0x6f7a8
 687500: system.cpu: T0 : 0x1af22    : c_addi a5, 16              : IntAlu :  D=0x000000000006f7a8
 688000: system.cpu: T0 : 0x1af24    : bne a4, a5, -6             : IntAlu : 
 688500: system.cpu: T0 : 0x1af1e    : c_sd a5, 24(a5)            : MemWrite :  D=0x000000000006f7a8 A=0x6f7c0
 689000: system.cpu: T0 : 0x1af20    : c_sd a5, 16(a5)            : MemWrite :  D=0x000000000006f7a8 A=0x6f7b8
 689500: system.cpu: T0 : 0x1af22    : c_addi a5, 16              : IntAlu :  D=0x000000000006f7b8
 690000: system.cpu: T0 : 0x1af24    : bne a4, a5, -6             : IntAlu : 
 690500: system.cpu: T0 : 0x1af1e    : c_sd a5, 24(a5)            : MemWrite :  D=0x000000000006f7b8 A=0x6f7d0
 691000: system.cpu: T0 : 0x1af20    : c_sd a5, 16(a5)            : MemWrite :  D=0x000000000006f7b8 A=0x6f7c8
 691500: system.cpu: T0 : 0x1af22    : c_addi a5, 16              : IntAlu :  D=0x000000000006f7c8
 692000: system.cpu: T0 : 0x1af24    : bne a4, a5, -6             : IntAlu : 
 692500: system.cpu: T0 : 0x1af1e    : c_sd a5, 24(a5)            : MemWrite :  D=0x000000000006f7c8 A=0x6f7e0
 693000: system.cpu: T0 : 0x1af20    : c_sd a5, 16(a5)            : MemWrite :  D=0x000000000006f7c8 A=0x6f7d8
 693500: system.cpu: T0 : 0x1af22    : c_addi a5, 16              : IntAlu :  D=0x000000000006f7d8
 694000: system.cpu: T0 : 0x1af24    : bne a4, a5, -6             : IntAlu : 
 694500: system.cpu: T0 : 0x1af1e    : c_sd a5, 24(a5)            : MemWrite :  D=0x000000000006f7d8 A=0x6f7f0
 695000: system.cpu: T0 : 0x1af20    : c_sd a5, 16(a5)            : MemWrite :  D=0x000000000006f7d8 A=0x6f7e8
 695500: system.cpu: T0 : 0x1af22    : c_addi a5, 16              : IntAlu :  D=0x000000000006f7e8
 696000: system.cpu: T0 : 0x1af24    : bne a4, a5, -6             : IntAlu : 
 696500: system.cpu: T0 : 0x1af1e    : c_sd a5, 24(a5)            : MemWrite :  D=0x000000000006f7e8 A=0x6f800
 697000: system.cpu: T0 : 0x1af20    : c_sd a5, 16(a5)            : MemWrite :  D=0x000000000006f7e8 A=0x6f7f8
 697500: system.cpu: T0 : 0x1af22    : c_addi a5, 16              : IntAlu :  D=0x000000000006f7f8
 698000: system.cpu: T0 : 0x1af24    : bne a4, a5, -6             : IntAlu : 
 698500: system.cpu: T0 : 0x1af1e    : c_sd a5, 24(a5)            : MemWrite :  D=0x000000000006f7f8 A=0x6f810
 699000: system.cpu: T0 : 0x1af20    : c_sd a5, 16(a5)            : MemWrite :  D=0x000000000006f7f8 A=0x6f808
 699500: system.cpu: T0 : 0x1af22    : c_addi a5, 16              : IntAlu :  D=0x000000000006f808
 700000: system.cpu: T0 : 0x1af24    : bne a4, a5, -6             : IntAlu : 
 700500: system.cpu: T0 : 0x1af1e    : c_sd a5, 24(a5)            : MemWrite :  D=0x000000000006f808 A=0x6f820
 701000: system.cpu: T0 : 0x1af20    : c_sd a5, 16(a5)            : MemWrite :  D=0x000000000006f808 A=0x6f818
 701500: system.cpu: T0 : 0x1af22    : c_addi a5, 16              : IntAlu :  D=0x000000000006f818
 702000: system.cpu: T0 : 0x1af24    : bne a4, a5, -6             : IntAlu : 
 702500: system.cpu: T0 : 0x1af1e    : c_sd a5, 24(a5)            : MemWrite :  D=0x000000000006f818 A=0x6f830
 703000: system.cpu: T0 : 0x1af20    : c_sd a5, 16(a5)            : MemWrite :  D=0x000000000006f818 A=0x6f828
 703500: system.cpu: T0 : 0x1af22    : c_addi a5, 16              : IntAlu :  D=0x000000000006f828
 704000: system.cpu: T0 : 0x1af24    : bne a4, a5, -6             : IntAlu : 
 704500: system.cpu: T0 : 0x1af1e    : c_sd a5, 24(a5)            : MemWrite :  D=0x000000000006f828 A=0x6f840
 705000: system.cpu: T0 : 0x1af20    : c_sd a5, 16(a5)            : MemWrite :  D=0x000000000006f828 A=0x6f838
 705500: system.cpu: T0 : 0x1af22    : c_addi a5, 16              : IntAlu :  D=0x000000000006f838
 706000: system.cpu: T0 : 0x1af24    : bne a4, a5, -6             : IntAlu : 
 706500: system.cpu: T0 : 0x1af1e    : c_sd a5, 24(a5)            : MemWrite :  D=0x000000000006f838 A=0x6f850
 707000: system.cpu: T0 : 0x1af20    : c_sd a5, 16(a5)            : MemWrite :  D=0x000000000006f838 A=0x6f848
 707500: system.cpu: T0 : 0x1af22    : c_addi a5, 16              : IntAlu :  D=0x000000000006f848
 708000: system.cpu: T0 : 0x1af24    : bne a4, a5, -6             : IntAlu : 
 708500: system.cpu: T0 : 0x1af1e    : c_sd a5, 24(a5)            : MemWrite :  D=0x000000000006f848 A=0x6f860
 709000: system.cpu: T0 : 0x1af20    : c_sd a5, 16(a5)            : MemWrite :  D=0x000000000006f848 A=0x6f858
 709500: system.cpu: T0 : 0x1af22    : c_addi a5, 16              : IntAlu :  D=0x000000000006f858
 710000: system.cpu: T0 : 0x1af24    : bne a4, a5, -6             : IntAlu : 
 710500: system.cpu: T0 : 0x1af1e    : c_sd a5, 24(a5)            : MemWrite :  D=0x000000000006f858 A=0x6f870
 711000: system.cpu: T0 : 0x1af20    : c_sd a5, 16(a5)            : MemWrite :  D=0x000000000006f858 A=0x6f868
 711500: system.cpu: T0 : 0x1af22    : c_addi a5, 16              : IntAlu :  D=0x000000000006f868
 712000: system.cpu: T0 : 0x1af24    : bne a4, a5, -6             : IntAlu : 
 712500: system.cpu: T0 : 0x1af1e    : c_sd a5, 24(a5)            : MemWrite :  D=0x000000000006f868 A=0x6f880
 713000: system.cpu: T0 : 0x1af20    : c_sd a5, 16(a5)            : MemWrite :  D=0x000000000006f868 A=0x6f878
 713500: system.cpu: T0 : 0x1af22    : c_addi a5, 16              : IntAlu :  D=0x000000000006f878
 714000: system.cpu: T0 : 0x1af24    : bne a4, a5, -6             : IntAlu : 
 714500: system.cpu: T0 : 0x1af1e    : c_sd a5, 24(a5)            : MemWrite :  D=0x000000000006f878 A=0x6f890
 715000: system.cpu: T0 : 0x1af20    : c_sd a5, 16(a5)            : MemWrite :  D=0x000000000006f878 A=0x6f888
 715500: system.cpu: T0 : 0x1af22    : c_addi a5, 16              : IntAlu :  D=0x000000000006f888
 716000: system.cpu: T0 : 0x1af24    : bne a4, a5, -6             : IntAlu : 
 716500: system.cpu: T0 : 0x1af1e    : c_sd a5, 24(a5)            : MemWrite :  D=0x000000000006f888 A=0x6f8a0
 717000: system.cpu: T0 : 0x1af20    : c_sd a5, 16(a5)            : MemWrite :  D=0x000000000006f888 A=0x6f898
 717500: system.cpu: T0 : 0x1af22    : c_addi a5, 16              : IntAlu :  D=0x000000000006f898
 718000: system.cpu: T0 : 0x1af24    : bne a4, a5, -6             : IntAlu : 
 718500: system.cpu: T0 : 0x1af1e    : c_sd a5, 24(a5)            : MemWrite :  D=0x000000000006f898 A=0x6f8b0
 719000: system.cpu: T0 : 0x1af20    : c_sd a5, 16(a5)            : MemWrite :  D=0x000000000006f898 A=0x6f8a8
 719500: system.cpu: T0 : 0x1af22    : c_addi a5, 16              : IntAlu :  D=0x000000000006f8a8
 720000: system.cpu: T0 : 0x1af24    : bne a4, a5, -6             : IntAlu : 
 720500: system.cpu: T0 : 0x1af1e    : c_sd a5, 24(a5)            : MemWrite :  D=0x000000000006f8a8 A=0x6f8c0
 721000: system.cpu: T0 : 0x1af20    : c_sd a5, 16(a5)            : MemWrite :  D=0x000000000006f8a8 A=0x6f8b8
 721500: system.cpu: T0 : 0x1af22    : c_addi a5, 16              : IntAlu :  D=0x000000000006f8b8
 722000: system.cpu: T0 : 0x1af24    : bne a4, a5, -6             : IntAlu : 
 722500: system.cpu: T0 : 0x1af1e    : c_sd a5, 24(a5)            : MemWrite :  D=0x000000000006f8b8 A=0x6f8d0
 723000: system.cpu: T0 : 0x1af20    : c_sd a5, 16(a5)            : MemWrite :  D=0x000000000006f8b8 A=0x6f8c8
 723500: system.cpu: T0 : 0x1af22    : c_addi a5, 16              : IntAlu :  D=0x000000000006f8c8
 724000: system.cpu: T0 : 0x1af24    : bne a4, a5, -6             : IntAlu : 
 724500: system.cpu: T0 : 0x1af1e    : c_sd a5, 24(a5)            : MemWrite :  D=0x000000000006f8c8 A=0x6f8e0
 725000: system.cpu: T0 : 0x1af20    : c_sd a5, 16(a5)            : MemWrite :  D=0x000000000006f8c8 A=0x6f8d8
 725500: system.cpu: T0 : 0x1af22    : c_addi a5, 16              : IntAlu :  D=0x000000000006f8d8
 726000: system.cpu: T0 : 0x1af24    : bne a4, a5, -6             : IntAlu : 
 726500: system.cpu: T0 : 0x1af1e    : c_sd a5, 24(a5)            : MemWrite :  D=0x000000000006f8d8 A=0x6f8f0
 727000: system.cpu: T0 : 0x1af20    : c_sd a5, 16(a5)            : MemWrite :  D=0x000000000006f8d8 A=0x6f8e8
 727500: system.cpu: T0 : 0x1af22    : c_addi a5, 16              : IntAlu :  D=0x000000000006f8e8
 728000: system.cpu: T0 : 0x1af24    : bne a4, a5, -6             : IntAlu : 
 728500: system.cpu: T0 : 0x1af1e    : c_sd a5, 24(a5)            : MemWrite :  D=0x000000000006f8e8 A=0x6f900
 729000: system.cpu: T0 : 0x1af20    : c_sd a5, 16(a5)            : MemWrite :  D=0x000000000006f8e8 A=0x6f8f8
 729500: system.cpu: T0 : 0x1af22    : c_addi a5, 16              : IntAlu :  D=0x000000000006f8f8
 730000: system.cpu: T0 : 0x1af24    : bne a4, a5, -6             : IntAlu : 
 730500: system.cpu: T0 : 0x1af1e    : c_sd a5, 24(a5)            : MemWrite :  D=0x000000000006f8f8 A=0x6f910
 731000: system.cpu: T0 : 0x1af20    : c_sd a5, 16(a5)            : MemWrite :  D=0x000000000006f8f8 A=0x6f908
 731500: system.cpu: T0 : 0x1af22    : c_addi a5, 16              : IntAlu :  D=0x000000000006f908
 732000: system.cpu: T0 : 0x1af24    : bne a4, a5, -6             : IntAlu : 
 732500: system.cpu: T0 : 0x1af1e    : c_sd a5, 24(a5)            : MemWrite :  D=0x000000000006f908 A=0x6f920
 733000: system.cpu: T0 : 0x1af20    : c_sd a5, 16(a5)            : MemWrite :  D=0x000000000006f908 A=0x6f918
 733500: system.cpu: T0 : 0x1af22    : c_addi a5, 16              : IntAlu :  D=0x000000000006f918
 734000: system.cpu: T0 : 0x1af24    : bne a4, a5, -6             : IntAlu : 
 734500: system.cpu: T0 : 0x1af1e    : c_sd a5, 24(a5)            : MemWrite :  D=0x000000000006f918 A=0x6f930
 735000: system.cpu: T0 : 0x1af20    : c_sd a5, 16(a5)            : MemWrite :  D=0x000000000006f918 A=0x6f928
 735500: system.cpu: T0 : 0x1af22    : c_addi a5, 16              : IntAlu :  D=0x000000000006f928
 736000: system.cpu: T0 : 0x1af24    : bne a4, a5, -6             : IntAlu : 
 736500: system.cpu: T0 : 0x1af1e    : c_sd a5, 24(a5)            : MemWrite :  D=0x000000000006f928 A=0x6f940
 737000: system.cpu: T0 : 0x1af20    : c_sd a5, 16(a5)            : MemWrite :  D=0x000000000006f928 A=0x6f938
 737500: system.cpu: T0 : 0x1af22    : c_addi a5, 16              : IntAlu :  D=0x000000000006f938
 738000: system.cpu: T0 : 0x1af24    : bne a4, a5, -6             : IntAlu : 
 738500: system.cpu: T0 : 0x1af1e    : c_sd a5, 24(a5)            : MemWrite :  D=0x000000000006f938 A=0x6f950
 739000: system.cpu: T0 : 0x1af20    : c_sd a5, 16(a5)            : MemWrite :  D=0x000000000006f938 A=0x6f948
 739500: system.cpu: T0 : 0x1af22    : c_addi a5, 16              : IntAlu :  D=0x000000000006f948
 740000: system.cpu: T0 : 0x1af24    : bne a4, a5, -6             : IntAlu : 
 740500: system.cpu: T0 : 0x1af1e    : c_sd a5, 24(a5)            : MemWrite :  D=0x000000000006f948 A=0x6f960
 741000: system.cpu: T0 : 0x1af20    : c_sd a5, 16(a5)            : MemWrite :  D=0x000000000006f948 A=0x6f958
 741500: system.cpu: T0 : 0x1af22    : c_addi a5, 16              : IntAlu :  D=0x000000000006f958
 742000: system.cpu: T0 : 0x1af24    : bne a4, a5, -6             : IntAlu : 
 742500: system.cpu: T0 : 0x1af1e    : c_sd a5, 24(a5)            : MemWrite :  D=0x000000000006f958 A=0x6f970
 743000: system.cpu: T0 : 0x1af20    : c_sd a5, 16(a5)            : MemWrite :  D=0x000000000006f958 A=0x6f968
 743500: system.cpu: T0 : 0x1af22    : c_addi a5, 16              : IntAlu :  D=0x000000000006f968
 744000: system.cpu: T0 : 0x1af24    : bne a4, a5, -6             : IntAlu : 
 744500: system.cpu: T0 : 0x1af1e    : c_sd a5, 24(a5)            : MemWrite :  D=0x000000000006f968 A=0x6f980
 745000: system.cpu: T0 : 0x1af20    : c_sd a5, 16(a5)            : MemWrite :  D=0x000000000006f968 A=0x6f978
 745500: system.cpu: T0 : 0x1af22    : c_addi a5, 16              : IntAlu :  D=0x000000000006f978
 746000: system.cpu: T0 : 0x1af24    : bne a4, a5, -6             : IntAlu : 
 746500: system.cpu: T0 : 0x1af1e    : c_sd a5, 24(a5)            : MemWrite :  D=0x000000000006f978 A=0x6f990
 747000: system.cpu: T0 : 0x1af20    : c_sd a5, 16(a5)            : MemWrite :  D=0x000000000006f978 A=0x6f988
 747500: system.cpu: T0 : 0x1af22    : c_addi a5, 16              : IntAlu :  D=0x000000000006f988
 748000: system.cpu: T0 : 0x1af24    : bne a4, a5, -6             : IntAlu : 
 748500: system.cpu: T0 : 0x1af1e    : c_sd a5, 24(a5)            : MemWrite :  D=0x000000000006f988 A=0x6f9a0
 749000: system.cpu: T0 : 0x1af20    : c_sd a5, 16(a5)            : MemWrite :  D=0x000000000006f988 A=0x6f998
 749500: system.cpu: T0 : 0x1af22    : c_addi a5, 16              : IntAlu :  D=0x000000000006f998
 750000: system.cpu: T0 : 0x1af24    : bne a4, a5, -6             : IntAlu : 
 750500: system.cpu: T0 : 0x1af1e    : c_sd a5, 24(a5)            : MemWrite :  D=0x000000000006f998 A=0x6f9b0
 751000: system.cpu: T0 : 0x1af20    : c_sd a5, 16(a5)            : MemWrite :  D=0x000000000006f998 A=0x6f9a8
 751500: system.cpu: T0 : 0x1af22    : c_addi a5, 16              : IntAlu :  D=0x000000000006f9a8
 752000: system.cpu: T0 : 0x1af24    : bne a4, a5, -6             : IntAlu : 
 752500: system.cpu: T0 : 0x1af1e    : c_sd a5, 24(a5)            : MemWrite :  D=0x000000000006f9a8 A=0x6f9c0
 753000: system.cpu: T0 : 0x1af20    : c_sd a5, 16(a5)            : MemWrite :  D=0x000000000006f9a8 A=0x6f9b8
 753500: system.cpu: T0 : 0x1af22    : c_addi a5, 16              : IntAlu :  D=0x000000000006f9b8
 754000: system.cpu: T0 : 0x1af24    : bne a4, a5, -6             : IntAlu : 
 754500: system.cpu: T0 : 0x1af1e    : c_sd a5, 24(a5)            : MemWrite :  D=0x000000000006f9b8 A=0x6f9d0
 755000: system.cpu: T0 : 0x1af20    : c_sd a5, 16(a5)            : MemWrite :  D=0x000000000006f9b8 A=0x6f9c8
 755500: system.cpu: T0 : 0x1af22    : c_addi a5, 16              : IntAlu :  D=0x000000000006f9c8
 756000: system.cpu: T0 : 0x1af24    : bne a4, a5, -6             : IntAlu : 
 756500: system.cpu: T0 : 0x1af1e    : c_sd a5, 24(a5)            : MemWrite :  D=0x000000000006f9c8 A=0x6f9e0
 757000: system.cpu: T0 : 0x1af20    : c_sd a5, 16(a5)            : MemWrite :  D=0x000000000006f9c8 A=0x6f9d8
 757500: system.cpu: T0 : 0x1af22    : c_addi a5, 16              : IntAlu :  D=0x000000000006f9d8
 758000: system.cpu: T0 : 0x1af24    : bne a4, a5, -6             : IntAlu : 
 758500: system.cpu: T0 : 0x1af1e    : c_sd a5, 24(a5)            : MemWrite :  D=0x000000000006f9d8 A=0x6f9f0
 759000: system.cpu: T0 : 0x1af20    : c_sd a5, 16(a5)            : MemWrite :  D=0x000000000006f9d8 A=0x6f9e8
 759500: system.cpu: T0 : 0x1af22    : c_addi a5, 16              : IntAlu :  D=0x000000000006f9e8
 760000: system.cpu: T0 : 0x1af24    : bne a4, a5, -6             : IntAlu : 
 760500: system.cpu: T0 : 0x1af1e    : c_sd a5, 24(a5)            : MemWrite :  D=0x000000000006f9e8 A=0x6fa00
 761000: system.cpu: T0 : 0x1af20    : c_sd a5, 16(a5)            : MemWrite :  D=0x000000000006f9e8 A=0x6f9f8
 761500: system.cpu: T0 : 0x1af22    : c_addi a5, 16              : IntAlu :  D=0x000000000006f9f8
 762000: system.cpu: T0 : 0x1af24    : bne a4, a5, -6             : IntAlu : 
 762500: system.cpu: T0 : 0x1af1e    : c_sd a5, 24(a5)            : MemWrite :  D=0x000000000006f9f8 A=0x6fa10
 763000: system.cpu: T0 : 0x1af20    : c_sd a5, 16(a5)            : MemWrite :  D=0x000000000006f9f8 A=0x6fa08
 763500: system.cpu: T0 : 0x1af22    : c_addi a5, 16              : IntAlu :  D=0x000000000006fa08
 764000: system.cpu: T0 : 0x1af24    : bne a4, a5, -6             : IntAlu : 
 764500: system.cpu: T0 : 0x1af1e    : c_sd a5, 24(a5)            : MemWrite :  D=0x000000000006fa08 A=0x6fa20
 765000: system.cpu: T0 : 0x1af20    : c_sd a5, 16(a5)            : MemWrite :  D=0x000000000006fa08 A=0x6fa18
 765500: system.cpu: T0 : 0x1af22    : c_addi a5, 16              : IntAlu :  D=0x000000000006fa18
 766000: system.cpu: T0 : 0x1af24    : bne a4, a5, -6             : IntAlu : 
 766500: system.cpu: T0 : 0x1af1e    : c_sd a5, 24(a5)            : MemWrite :  D=0x000000000006fa18 A=0x6fa30
 767000: system.cpu: T0 : 0x1af20    : c_sd a5, 16(a5)            : MemWrite :  D=0x000000000006fa18 A=0x6fa28
 767500: system.cpu: T0 : 0x1af22    : c_addi a5, 16              : IntAlu :  D=0x000000000006fa28
 768000: system.cpu: T0 : 0x1af24    : bne a4, a5, -6             : IntAlu : 
 768500: system.cpu: T0 : 0x1af1e    : c_sd a5, 24(a5)            : MemWrite :  D=0x000000000006fa28 A=0x6fa40
 769000: system.cpu: T0 : 0x1af20    : c_sd a5, 16(a5)            : MemWrite :  D=0x000000000006fa28 A=0x6fa38
 769500: system.cpu: T0 : 0x1af22    : c_addi a5, 16              : IntAlu :  D=0x000000000006fa38
 770000: system.cpu: T0 : 0x1af24    : bne a4, a5, -6             : IntAlu : 
 770500: system.cpu: T0 : 0x1af1e    : c_sd a5, 24(a5)            : MemWrite :  D=0x000000000006fa38 A=0x6fa50
 771000: system.cpu: T0 : 0x1af20    : c_sd a5, 16(a5)            : MemWrite :  D=0x000000000006fa38 A=0x6fa48
 771500: system.cpu: T0 : 0x1af22    : c_addi a5, 16              : IntAlu :  D=0x000000000006fa48
 772000: system.cpu: T0 : 0x1af24    : bne a4, a5, -6             : IntAlu : 
 772500: system.cpu: T0 : 0x1af1e    : c_sd a5, 24(a5)            : MemWrite :  D=0x000000000006fa48 A=0x6fa60
 773000: system.cpu: T0 : 0x1af20    : c_sd a5, 16(a5)            : MemWrite :  D=0x000000000006fa48 A=0x6fa58
 773500: system.cpu: T0 : 0x1af22    : c_addi a5, 16              : IntAlu :  D=0x000000000006fa58
 774000: system.cpu: T0 : 0x1af24    : bne a4, a5, -6             : IntAlu : 
 774500: system.cpu: T0 : 0x1af1e    : c_sd a5, 24(a5)            : MemWrite :  D=0x000000000006fa58 A=0x6fa70
 775000: system.cpu: T0 : 0x1af20    : c_sd a5, 16(a5)            : MemWrite :  D=0x000000000006fa58 A=0x6fa68
 775500: system.cpu: T0 : 0x1af22    : c_addi a5, 16              : IntAlu :  D=0x000000000006fa68
 776000: system.cpu: T0 : 0x1af24    : bne a4, a5, -6             : IntAlu : 
 776500: system.cpu: T0 : 0x1af1e    : c_sd a5, 24(a5)            : MemWrite :  D=0x000000000006fa68 A=0x6fa80
 777000: system.cpu: T0 : 0x1af20    : c_sd a5, 16(a5)            : MemWrite :  D=0x000000000006fa68 A=0x6fa78
 777500: system.cpu: T0 : 0x1af22    : c_addi a5, 16              : IntAlu :  D=0x000000000006fa78
 778000: system.cpu: T0 : 0x1af24    : bne a4, a5, -6             : IntAlu : 
 778500: system.cpu: T0 : 0x1af1e    : c_sd a5, 24(a5)            : MemWrite :  D=0x000000000006fa78 A=0x6fa90
 779000: system.cpu: T0 : 0x1af20    : c_sd a5, 16(a5)            : MemWrite :  D=0x000000000006fa78 A=0x6fa88
 779500: system.cpu: T0 : 0x1af22    : c_addi a5, 16              : IntAlu :  D=0x000000000006fa88
 780000: system.cpu: T0 : 0x1af24    : bne a4, a5, -6             : IntAlu : 
 780500: system.cpu: T0 : 0x1af1e    : c_sd a5, 24(a5)            : MemWrite :  D=0x000000000006fa88 A=0x6faa0
 781000: system.cpu: T0 : 0x1af20    : c_sd a5, 16(a5)            : MemWrite :  D=0x000000000006fa88 A=0x6fa98
 781500: system.cpu: T0 : 0x1af22    : c_addi a5, 16              : IntAlu :  D=0x000000000006fa98
 782000: system.cpu: T0 : 0x1af24    : bne a4, a5, -6             : IntAlu : 
 782500: system.cpu: T0 : 0x1af1e    : c_sd a5, 24(a5)            : MemWrite :  D=0x000000000006fa98 A=0x6fab0
 783000: system.cpu: T0 : 0x1af20    : c_sd a5, 16(a5)            : MemWrite :  D=0x000000000006fa98 A=0x6faa8
 783500: system.cpu: T0 : 0x1af22    : c_addi a5, 16              : IntAlu :  D=0x000000000006faa8
 784000: system.cpu: T0 : 0x1af24    : bne a4, a5, -6             : IntAlu : 
 784500: system.cpu: T0 : 0x1af1e    : c_sd a5, 24(a5)            : MemWrite :  D=0x000000000006faa8 A=0x6fac0
 785000: system.cpu: T0 : 0x1af20    : c_sd a5, 16(a5)            : MemWrite :  D=0x000000000006faa8 A=0x6fab8
 785500: system.cpu: T0 : 0x1af22    : c_addi a5, 16              : IntAlu :  D=0x000000000006fab8
 786000: system.cpu: T0 : 0x1af24    : bne a4, a5, -6             : IntAlu : 
 786500: system.cpu: T0 : 0x1af1e    : c_sd a5, 24(a5)            : MemWrite :  D=0x000000000006fab8 A=0x6fad0
 787000: system.cpu: T0 : 0x1af20    : c_sd a5, 16(a5)            : MemWrite :  D=0x000000000006fab8 A=0x6fac8
 787500: system.cpu: T0 : 0x1af22    : c_addi a5, 16              : IntAlu :  D=0x000000000006fac8
 788000: system.cpu: T0 : 0x1af24    : bne a4, a5, -6             : IntAlu : 
 788500: system.cpu: T0 : 0x1af1e    : c_sd a5, 24(a5)            : MemWrite :  D=0x000000000006fac8 A=0x6fae0
 789000: system.cpu: T0 : 0x1af20    : c_sd a5, 16(a5)            : MemWrite :  D=0x000000000006fac8 A=0x6fad8
 789500: system.cpu: T0 : 0x1af22    : c_addi a5, 16              : IntAlu :  D=0x000000000006fad8
 790000: system.cpu: T0 : 0x1af24    : bne a4, a5, -6             : IntAlu : 
 790500: system.cpu: T0 : 0x1af1e    : c_sd a5, 24(a5)            : MemWrite :  D=0x000000000006fad8 A=0x6faf0
 791000: system.cpu: T0 : 0x1af20    : c_sd a5, 16(a5)            : MemWrite :  D=0x000000000006fad8 A=0x6fae8
 791500: system.cpu: T0 : 0x1af22    : c_addi a5, 16              : IntAlu :  D=0x000000000006fae8
 792000: system.cpu: T0 : 0x1af24    : bne a4, a5, -6             : IntAlu : 
 792500: system.cpu: T0 : 0x1af1e    : c_sd a5, 24(a5)            : MemWrite :  D=0x000000000006fae8 A=0x6fb00
 793000: system.cpu: T0 : 0x1af20    : c_sd a5, 16(a5)            : MemWrite :  D=0x000000000006fae8 A=0x6faf8
 793500: system.cpu: T0 : 0x1af22    : c_addi a5, 16              : IntAlu :  D=0x000000000006faf8
 794000: system.cpu: T0 : 0x1af24    : bne a4, a5, -6             : IntAlu : 
 794500: system.cpu: T0 : 0x1af1e    : c_sd a5, 24(a5)            : MemWrite :  D=0x000000000006faf8 A=0x6fb10
 795000: system.cpu: T0 : 0x1af20    : c_sd a5, 16(a5)            : MemWrite :  D=0x000000000006faf8 A=0x6fb08
 795500: system.cpu: T0 : 0x1af22    : c_addi a5, 16              : IntAlu :  D=0x000000000006fb08
 796000: system.cpu: T0 : 0x1af24    : bne a4, a5, -6             : IntAlu : 
 796500: system.cpu: T0 : 0x1af1e    : c_sd a5, 24(a5)            : MemWrite :  D=0x000000000006fb08 A=0x6fb20
 797000: system.cpu: T0 : 0x1af20    : c_sd a5, 16(a5)            : MemWrite :  D=0x000000000006fb08 A=0x6fb18
 797500: system.cpu: T0 : 0x1af22    : c_addi a5, 16              : IntAlu :  D=0x000000000006fb18
 798000: system.cpu: T0 : 0x1af24    : bne a4, a5, -6             : IntAlu : 
 798500: system.cpu: T0 : 0x1af1e    : c_sd a5, 24(a5)            : MemWrite :  D=0x000000000006fb18 A=0x6fb30
 799000: system.cpu: T0 : 0x1af20    : c_sd a5, 16(a5)            : MemWrite :  D=0x000000000006fb18 A=0x6fb28
 799500: system.cpu: T0 : 0x1af22    : c_addi a5, 16              : IntAlu :  D=0x000000000006fb28
 800000: system.cpu: T0 : 0x1af24    : bne a4, a5, -6             : IntAlu : 
 800500: system.cpu: T0 : 0x1af1e    : c_sd a5, 24(a5)            : MemWrite :  D=0x000000000006fb28 A=0x6fb40
 801000: system.cpu: T0 : 0x1af20    : c_sd a5, 16(a5)            : MemWrite :  D=0x000000000006fb28 A=0x6fb38
 801500: system.cpu: T0 : 0x1af22    : c_addi a5, 16              : IntAlu :  D=0x000000000006fb38
 802000: system.cpu: T0 : 0x1af24    : bne a4, a5, -6             : IntAlu : 
 802500: system.cpu: T0 : 0x1af1e    : c_sd a5, 24(a5)            : MemWrite :  D=0x000000000006fb38 A=0x6fb50
 803000: system.cpu: T0 : 0x1af20    : c_sd a5, 16(a5)            : MemWrite :  D=0x000000000006fb38 A=0x6fb48
 803500: system.cpu: T0 : 0x1af22    : c_addi a5, 16              : IntAlu :  D=0x000000000006fb48
 804000: system.cpu: T0 : 0x1af24    : bne a4, a5, -6             : IntAlu : 
 804500: system.cpu: T0 : 0x1af1e    : c_sd a5, 24(a5)            : MemWrite :  D=0x000000000006fb48 A=0x6fb60
 805000: system.cpu: T0 : 0x1af20    : c_sd a5, 16(a5)            : MemWrite :  D=0x000000000006fb48 A=0x6fb58
 805500: system.cpu: T0 : 0x1af22    : c_addi a5, 16              : IntAlu :  D=0x000000000006fb58
 806000: system.cpu: T0 : 0x1af24    : bne a4, a5, -6             : IntAlu : 
 806500: system.cpu: T0 : 0x1af1e    : c_sd a5, 24(a5)            : MemWrite :  D=0x000000000006fb58 A=0x6fb70
 807000: system.cpu: T0 : 0x1af20    : c_sd a5, 16(a5)            : MemWrite :  D=0x000000000006fb58 A=0x6fb68
 807500: system.cpu: T0 : 0x1af22    : c_addi a5, 16              : IntAlu :  D=0x000000000006fb68
 808000: system.cpu: T0 : 0x1af24    : bne a4, a5, -6             : IntAlu : 
 808500: system.cpu: T0 : 0x1af1e    : c_sd a5, 24(a5)            : MemWrite :  D=0x000000000006fb68 A=0x6fb80
 809000: system.cpu: T0 : 0x1af20    : c_sd a5, 16(a5)            : MemWrite :  D=0x000000000006fb68 A=0x6fb78
 809500: system.cpu: T0 : 0x1af22    : c_addi a5, 16              : IntAlu :  D=0x000000000006fb78
 810000: system.cpu: T0 : 0x1af24    : bne a4, a5, -6             : IntAlu : 
 810500: system.cpu: T0 : 0x1af1e    : c_sd a5, 24(a5)            : MemWrite :  D=0x000000000006fb78 A=0x6fb90
 811000: system.cpu: T0 : 0x1af20    : c_sd a5, 16(a5)            : MemWrite :  D=0x000000000006fb78 A=0x6fb88
 811500: system.cpu: T0 : 0x1af22    : c_addi a5, 16              : IntAlu :  D=0x000000000006fb88
 812000: system.cpu: T0 : 0x1af24    : bne a4, a5, -6             : IntAlu : 
 812500: system.cpu: T0 : 0x1af1e    : c_sd a5, 24(a5)            : MemWrite :  D=0x000000000006fb88 A=0x6fba0
 813000: system.cpu: T0 : 0x1af20    : c_sd a5, 16(a5)            : MemWrite :  D=0x000000000006fb88 A=0x6fb98
 813500: system.cpu: T0 : 0x1af22    : c_addi a5, 16              : IntAlu :  D=0x000000000006fb98
 814000: system.cpu: T0 : 0x1af24    : bne a4, a5, -6             : IntAlu : 
 814500: system.cpu: T0 : 0x1af1e    : c_sd a5, 24(a5)            : MemWrite :  D=0x000000000006fb98 A=0x6fbb0
 815000: system.cpu: T0 : 0x1af20    : c_sd a5, 16(a5)            : MemWrite :  D=0x000000000006fb98 A=0x6fba8
 815500: system.cpu: T0 : 0x1af22    : c_addi a5, 16              : IntAlu :  D=0x000000000006fba8
 816000: system.cpu: T0 : 0x1af24    : bne a4, a5, -6             : IntAlu : 
 816500: system.cpu: T0 : 0x1af1e    : c_sd a5, 24(a5)            : MemWrite :  D=0x000000000006fba8 A=0x6fbc0
 817000: system.cpu: T0 : 0x1af20    : c_sd a5, 16(a5)            : MemWrite :  D=0x000000000006fba8 A=0x6fbb8
 817500: system.cpu: T0 : 0x1af22    : c_addi a5, 16              : IntAlu :  D=0x000000000006fbb8
 818000: system.cpu: T0 : 0x1af24    : bne a4, a5, -6             : IntAlu : 
 818500: system.cpu: T0 : 0x1af1e    : c_sd a5, 24(a5)            : MemWrite :  D=0x000000000006fbb8 A=0x6fbd0
 819000: system.cpu: T0 : 0x1af20    : c_sd a5, 16(a5)            : MemWrite :  D=0x000000000006fbb8 A=0x6fbc8
 819500: system.cpu: T0 : 0x1af22    : c_addi a5, 16              : IntAlu :  D=0x000000000006fbc8
 820000: system.cpu: T0 : 0x1af24    : bne a4, a5, -6             : IntAlu : 
 820500: system.cpu: T0 : 0x1af1e    : c_sd a5, 24(a5)            : MemWrite :  D=0x000000000006fbc8 A=0x6fbe0
 821000: system.cpu: T0 : 0x1af20    : c_sd a5, 16(a5)            : MemWrite :  D=0x000000000006fbc8 A=0x6fbd8
 821500: system.cpu: T0 : 0x1af22    : c_addi a5, 16              : IntAlu :  D=0x000000000006fbd8
 822000: system.cpu: T0 : 0x1af24    : bne a4, a5, -6             : IntAlu : 
 822500: system.cpu: T0 : 0x1af1e    : c_sd a5, 24(a5)            : MemWrite :  D=0x000000000006fbd8 A=0x6fbf0
 823000: system.cpu: T0 : 0x1af20    : c_sd a5, 16(a5)            : MemWrite :  D=0x000000000006fbd8 A=0x6fbe8
 823500: system.cpu: T0 : 0x1af22    : c_addi a5, 16              : IntAlu :  D=0x000000000006fbe8
 824000: system.cpu: T0 : 0x1af24    : bne a4, a5, -6             : IntAlu : 
 824500: system.cpu: T0 : 0x1af1e    : c_sd a5, 24(a5)            : MemWrite :  D=0x000000000006fbe8 A=0x6fc00
 825000: system.cpu: T0 : 0x1af20    : c_sd a5, 16(a5)            : MemWrite :  D=0x000000000006fbe8 A=0x6fbf8
 825500: system.cpu: T0 : 0x1af22    : c_addi a5, 16              : IntAlu :  D=0x000000000006fbf8
 826000: system.cpu: T0 : 0x1af24    : bne a4, a5, -6             : IntAlu : 
 826500: system.cpu: T0 : 0x1af1e    : c_sd a5, 24(a5)            : MemWrite :  D=0x000000000006fbf8 A=0x6fc10
 827000: system.cpu: T0 : 0x1af20    : c_sd a5, 16(a5)            : MemWrite :  D=0x000000000006fbf8 A=0x6fc08
 827500: system.cpu: T0 : 0x1af22    : c_addi a5, 16              : IntAlu :  D=0x000000000006fc08
 828000: system.cpu: T0 : 0x1af24    : bne a4, a5, -6             : IntAlu : 
 828500: system.cpu: T0 : 0x1af1e    : c_sd a5, 24(a5)            : MemWrite :  D=0x000000000006fc08 A=0x6fc20
 829000: system.cpu: T0 : 0x1af20    : c_sd a5, 16(a5)            : MemWrite :  D=0x000000000006fc08 A=0x6fc18
 829500: system.cpu: T0 : 0x1af22    : c_addi a5, 16              : IntAlu :  D=0x000000000006fc18
 830000: system.cpu: T0 : 0x1af24    : bne a4, a5, -6             : IntAlu : 
 830500: system.cpu: T0 : 0x1af1e    : c_sd a5, 24(a5)            : MemWrite :  D=0x000000000006fc18 A=0x6fc30
 831000: system.cpu: T0 : 0x1af20    : c_sd a5, 16(a5)            : MemWrite :  D=0x000000000006fc18 A=0x6fc28
 831500: system.cpu: T0 : 0x1af22    : c_addi a5, 16              : IntAlu :  D=0x000000000006fc28
 832000: system.cpu: T0 : 0x1af24    : bne a4, a5, -6             : IntAlu : 
 832500: system.cpu: T0 : 0x1af1e    : c_sd a5, 24(a5)            : MemWrite :  D=0x000000000006fc28 A=0x6fc40
 833000: system.cpu: T0 : 0x1af20    : c_sd a5, 16(a5)            : MemWrite :  D=0x000000000006fc28 A=0x6fc38
 833500: system.cpu: T0 : 0x1af22    : c_addi a5, 16              : IntAlu :  D=0x000000000006fc38
 834000: system.cpu: T0 : 0x1af24    : bne a4, a5, -6             : IntAlu : 
 834500: system.cpu: T0 : 0x1af1e    : c_sd a5, 24(a5)            : MemWrite :  D=0x000000000006fc38 A=0x6fc50
 835000: system.cpu: T0 : 0x1af20    : c_sd a5, 16(a5)            : MemWrite :  D=0x000000000006fc38 A=0x6fc48
 835500: system.cpu: T0 : 0x1af22    : c_addi a5, 16              : IntAlu :  D=0x000000000006fc48
 836000: system.cpu: T0 : 0x1af24    : bne a4, a5, -6             : IntAlu : 
 836500: system.cpu: T0 : 0x1af1e    : c_sd a5, 24(a5)            : MemWrite :  D=0x000000000006fc48 A=0x6fc60
 837000: system.cpu: T0 : 0x1af20    : c_sd a5, 16(a5)            : MemWrite :  D=0x000000000006fc48 A=0x6fc58
 837500: system.cpu: T0 : 0x1af22    : c_addi a5, 16              : IntAlu :  D=0x000000000006fc58
 838000: system.cpu: T0 : 0x1af24    : bne a4, a5, -6             : IntAlu : 
 838500: system.cpu: T0 : 0x1af1e    : c_sd a5, 24(a5)            : MemWrite :  D=0x000000000006fc58 A=0x6fc70
 839000: system.cpu: T0 : 0x1af20    : c_sd a5, 16(a5)            : MemWrite :  D=0x000000000006fc58 A=0x6fc68
 839500: system.cpu: T0 : 0x1af22    : c_addi a5, 16              : IntAlu :  D=0x000000000006fc68
 840000: system.cpu: T0 : 0x1af24    : bne a4, a5, -6             : IntAlu : 
 840500: system.cpu: T0 : 0x1af1e    : c_sd a5, 24(a5)            : MemWrite :  D=0x000000000006fc68 A=0x6fc80
 841000: system.cpu: T0 : 0x1af20    : c_sd a5, 16(a5)            : MemWrite :  D=0x000000000006fc68 A=0x6fc78
 841500: system.cpu: T0 : 0x1af22    : c_addi a5, 16              : IntAlu :  D=0x000000000006fc78
 842000: system.cpu: T0 : 0x1af24    : bne a4, a5, -6             : IntAlu : 
 842500: system.cpu: T0 : 0x1af1e    : c_sd a5, 24(a5)            : MemWrite :  D=0x000000000006fc78 A=0x6fc90
 843000: system.cpu: T0 : 0x1af20    : c_sd a5, 16(a5)            : MemWrite :  D=0x000000000006fc78 A=0x6fc88
 843500: system.cpu: T0 : 0x1af22    : c_addi a5, 16              : IntAlu :  D=0x000000000006fc88
 844000: system.cpu: T0 : 0x1af24    : bne a4, a5, -6             : IntAlu : 
 844500: system.cpu: T0 : 0x1af1e    : c_sd a5, 24(a5)            : MemWrite :  D=0x000000000006fc88 A=0x6fca0
 845000: system.cpu: T0 : 0x1af20    : c_sd a5, 16(a5)            : MemWrite :  D=0x000000000006fc88 A=0x6fc98
 845500: system.cpu: T0 : 0x1af22    : c_addi a5, 16              : IntAlu :  D=0x000000000006fc98
 846000: system.cpu: T0 : 0x1af24    : bne a4, a5, -6             : IntAlu : 
 846500: system.cpu: T0 : 0x1af1e    : c_sd a5, 24(a5)            : MemWrite :  D=0x000000000006fc98 A=0x6fcb0
 847000: system.cpu: T0 : 0x1af20    : c_sd a5, 16(a5)            : MemWrite :  D=0x000000000006fc98 A=0x6fca8
 847500: system.cpu: T0 : 0x1af22    : c_addi a5, 16              : IntAlu :  D=0x000000000006fca8
 848000: system.cpu: T0 : 0x1af24    : bne a4, a5, -6             : IntAlu : 
 848500: system.cpu: T0 : 0x1af1e    : c_sd a5, 24(a5)            : MemWrite :  D=0x000000000006fca8 A=0x6fcc0
 849000: system.cpu: T0 : 0x1af20    : c_sd a5, 16(a5)            : MemWrite :  D=0x000000000006fca8 A=0x6fcb8
 849500: system.cpu: T0 : 0x1af22    : c_addi a5, 16              : IntAlu :  D=0x000000000006fcb8
 850000: system.cpu: T0 : 0x1af24    : bne a4, a5, -6             : IntAlu : 
 850500: system.cpu: T0 : 0x1af1e    : c_sd a5, 24(a5)            : MemWrite :  D=0x000000000006fcb8 A=0x6fcd0
 851000: system.cpu: T0 : 0x1af20    : c_sd a5, 16(a5)            : MemWrite :  D=0x000000000006fcb8 A=0x6fcc8
 851500: system.cpu: T0 : 0x1af22    : c_addi a5, 16              : IntAlu :  D=0x000000000006fcc8
 852000: system.cpu: T0 : 0x1af24    : bne a4, a5, -6             : IntAlu : 
 852500: system.cpu: T0 : 0x1af1e    : c_sd a5, 24(a5)            : MemWrite :  D=0x000000000006fcc8 A=0x6fce0
 853000: system.cpu: T0 : 0x1af20    : c_sd a5, 16(a5)            : MemWrite :  D=0x000000000006fcc8 A=0x6fcd8
 853500: system.cpu: T0 : 0x1af22    : c_addi a5, 16              : IntAlu :  D=0x000000000006fcd8
 854000: system.cpu: T0 : 0x1af24    : bne a4, a5, -6             : IntAlu : 
 854500: system.cpu: T0 : 0x1af1e    : c_sd a5, 24(a5)            : MemWrite :  D=0x000000000006fcd8 A=0x6fcf0
 855000: system.cpu: T0 : 0x1af20    : c_sd a5, 16(a5)            : MemWrite :  D=0x000000000006fcd8 A=0x6fce8
 855500: system.cpu: T0 : 0x1af22    : c_addi a5, 16              : IntAlu :  D=0x000000000006fce8
 856000: system.cpu: T0 : 0x1af24    : bne a4, a5, -6             : IntAlu : 
 856500: system.cpu: T0 : 0x1af1e    : c_sd a5, 24(a5)            : MemWrite :  D=0x000000000006fce8 A=0x6fd00
 857000: system.cpu: T0 : 0x1af20    : c_sd a5, 16(a5)            : MemWrite :  D=0x000000000006fce8 A=0x6fcf8
 857500: system.cpu: T0 : 0x1af22    : c_addi a5, 16              : IntAlu :  D=0x000000000006fcf8
 858000: system.cpu: T0 : 0x1af24    : bne a4, a5, -6             : IntAlu : 
 858500: system.cpu: T0 : 0x1af1e    : c_sd a5, 24(a5)            : MemWrite :  D=0x000000000006fcf8 A=0x6fd10
 859000: system.cpu: T0 : 0x1af20    : c_sd a5, 16(a5)            : MemWrite :  D=0x000000000006fcf8 A=0x6fd08
 859500: system.cpu: T0 : 0x1af22    : c_addi a5, 16              : IntAlu :  D=0x000000000006fd08
 860000: system.cpu: T0 : 0x1af24    : bne a4, a5, -6             : IntAlu : 
 860500: system.cpu: T0 : 0x1af1e    : c_sd a5, 24(a5)            : MemWrite :  D=0x000000000006fd08 A=0x6fd20
 861000: system.cpu: T0 : 0x1af20    : c_sd a5, 16(a5)            : MemWrite :  D=0x000000000006fd08 A=0x6fd18
 861500: system.cpu: T0 : 0x1af22    : c_addi a5, 16              : IntAlu :  D=0x000000000006fd18
 862000: system.cpu: T0 : 0x1af24    : bne a4, a5, -6             : IntAlu : 
 862500: system.cpu: T0 : 0x1af1e    : c_sd a5, 24(a5)            : MemWrite :  D=0x000000000006fd18 A=0x6fd30
 863000: system.cpu: T0 : 0x1af20    : c_sd a5, 16(a5)            : MemWrite :  D=0x000000000006fd18 A=0x6fd28
 863500: system.cpu: T0 : 0x1af22    : c_addi a5, 16              : IntAlu :  D=0x000000000006fd28
 864000: system.cpu: T0 : 0x1af24    : bne a4, a5, -6             : IntAlu : 
 864500: system.cpu: T0 : 0x1af1e    : c_sd a5, 24(a5)            : MemWrite :  D=0x000000000006fd28 A=0x6fd40
 865000: system.cpu: T0 : 0x1af20    : c_sd a5, 16(a5)            : MemWrite :  D=0x000000000006fd28 A=0x6fd38
 865500: system.cpu: T0 : 0x1af22    : c_addi a5, 16              : IntAlu :  D=0x000000000006fd38
 866000: system.cpu: T0 : 0x1af24    : bne a4, a5, -6             : IntAlu : 
 866500: system.cpu: T0 : 0x1af1e    : c_sd a5, 24(a5)            : MemWrite :  D=0x000000000006fd38 A=0x6fd50
 867000: system.cpu: T0 : 0x1af20    : c_sd a5, 16(a5)            : MemWrite :  D=0x000000000006fd38 A=0x6fd48
 867500: system.cpu: T0 : 0x1af22    : c_addi a5, 16              : IntAlu :  D=0x000000000006fd48
 868000: system.cpu: T0 : 0x1af24    : bne a4, a5, -6             : IntAlu : 
 868500: system.cpu: T0 : 0x1af1e    : c_sd a5, 24(a5)            : MemWrite :  D=0x000000000006fd48 A=0x6fd60
 869000: system.cpu: T0 : 0x1af20    : c_sd a5, 16(a5)            : MemWrite :  D=0x000000000006fd48 A=0x6fd58
 869500: system.cpu: T0 : 0x1af22    : c_addi a5, 16              : IntAlu :  D=0x000000000006fd58
 870000: system.cpu: T0 : 0x1af24    : bne a4, a5, -6             : IntAlu : 
 870500: system.cpu: T0 : 0x1af1e    : c_sd a5, 24(a5)            : MemWrite :  D=0x000000000006fd58 A=0x6fd70
 871000: system.cpu: T0 : 0x1af20    : c_sd a5, 16(a5)            : MemWrite :  D=0x000000000006fd58 A=0x6fd68
 871500: system.cpu: T0 : 0x1af22    : c_addi a5, 16              : IntAlu :  D=0x000000000006fd68
 872000: system.cpu: T0 : 0x1af24    : bne a4, a5, -6             : IntAlu : 
 872500: system.cpu: T0 : 0x1af1e    : c_sd a5, 24(a5)            : MemWrite :  D=0x000000000006fd68 A=0x6fd80
 873000: system.cpu: T0 : 0x1af20    : c_sd a5, 16(a5)            : MemWrite :  D=0x000000000006fd68 A=0x6fd78
 873500: system.cpu: T0 : 0x1af22    : c_addi a5, 16              : IntAlu :  D=0x000000000006fd78
 874000: system.cpu: T0 : 0x1af24    : bne a4, a5, -6             : IntAlu : 
 874500: system.cpu: T0 : 0x1af1e    : c_sd a5, 24(a5)            : MemWrite :  D=0x000000000006fd78 A=0x6fd90
 875000: system.cpu: T0 : 0x1af20    : c_sd a5, 16(a5)            : MemWrite :  D=0x000000000006fd78 A=0x6fd88
 875500: system.cpu: T0 : 0x1af22    : c_addi a5, 16              : IntAlu :  D=0x000000000006fd88
 876000: system.cpu: T0 : 0x1af24    : bne a4, a5, -6             : IntAlu : 
 876500: system.cpu: T0 : 0x1af1e    : c_sd a5, 24(a5)            : MemWrite :  D=0x000000000006fd88 A=0x6fda0
 877000: system.cpu: T0 : 0x1af20    : c_sd a5, 16(a5)            : MemWrite :  D=0x000000000006fd88 A=0x6fd98
 877500: system.cpu: T0 : 0x1af22    : c_addi a5, 16              : IntAlu :  D=0x000000000006fd98
 878000: system.cpu: T0 : 0x1af24    : bne a4, a5, -6             : IntAlu : 
 878500: system.cpu: T0 : 0x1af1e    : c_sd a5, 24(a5)            : MemWrite :  D=0x000000000006fd98 A=0x6fdb0
 879000: system.cpu: T0 : 0x1af20    : c_sd a5, 16(a5)            : MemWrite :  D=0x000000000006fd98 A=0x6fda8
 879500: system.cpu: T0 : 0x1af22    : c_addi a5, 16              : IntAlu :  D=0x000000000006fda8
 880000: system.cpu: T0 : 0x1af24    : bne a4, a5, -6             : IntAlu : 
 880500: system.cpu: T0 : 0x1af1e    : c_sd a5, 24(a5)            : MemWrite :  D=0x000000000006fda8 A=0x6fdc0
 881000: system.cpu: T0 : 0x1af20    : c_sd a5, 16(a5)            : MemWrite :  D=0x000000000006fda8 A=0x6fdb8
 881500: system.cpu: T0 : 0x1af22    : c_addi a5, 16              : IntAlu :  D=0x000000000006fdb8
 882000: system.cpu: T0 : 0x1af24    : bne a4, a5, -6             : IntAlu : 
 882500: system.cpu: T0 : 0x1af1e    : c_sd a5, 24(a5)            : MemWrite :  D=0x000000000006fdb8 A=0x6fdd0
 883000: system.cpu: T0 : 0x1af20    : c_sd a5, 16(a5)            : MemWrite :  D=0x000000000006fdb8 A=0x6fdc8
 883500: system.cpu: T0 : 0x1af22    : c_addi a5, 16              : IntAlu :  D=0x000000000006fdc8
 884000: system.cpu: T0 : 0x1af24    : bne a4, a5, -6             : IntAlu : 
 884500: system.cpu: T0 : 0x1af1e    : c_sd a5, 24(a5)            : MemWrite :  D=0x000000000006fdc8 A=0x6fde0
 885000: system.cpu: T0 : 0x1af20    : c_sd a5, 16(a5)            : MemWrite :  D=0x000000000006fdc8 A=0x6fdd8
 885500: system.cpu: T0 : 0x1af22    : c_addi a5, 16              : IntAlu :  D=0x000000000006fdd8
 886000: system.cpu: T0 : 0x1af24    : bne a4, a5, -6             : IntAlu : 
 886500: system.cpu: T0 : 0x1af1e    : c_sd a5, 24(a5)            : MemWrite :  D=0x000000000006fdd8 A=0x6fdf0
 887000: system.cpu: T0 : 0x1af20    : c_sd a5, 16(a5)            : MemWrite :  D=0x000000000006fdd8 A=0x6fde8
 887500: system.cpu: T0 : 0x1af22    : c_addi a5, 16              : IntAlu :  D=0x000000000006fde8
 888000: system.cpu: T0 : 0x1af24    : bne a4, a5, -6             : IntAlu : 
 888500: system.cpu: T0 : 0x1af1e    : c_sd a5, 24(a5)            : MemWrite :  D=0x000000000006fde8 A=0x6fe00
 889000: system.cpu: T0 : 0x1af20    : c_sd a5, 16(a5)            : MemWrite :  D=0x000000000006fde8 A=0x6fdf8
 889500: system.cpu: T0 : 0x1af22    : c_addi a5, 16              : IntAlu :  D=0x000000000006fdf8
 890000: system.cpu: T0 : 0x1af24    : bne a4, a5, -6             : IntAlu : 
 890500: system.cpu: T0 : 0x1af1e    : c_sd a5, 24(a5)            : MemWrite :  D=0x000000000006fdf8 A=0x6fe10
 891000: system.cpu: T0 : 0x1af20    : c_sd a5, 16(a5)            : MemWrite :  D=0x000000000006fdf8 A=0x6fe08
 891500: system.cpu: T0 : 0x1af22    : c_addi a5, 16              : IntAlu :  D=0x000000000006fe08
 892000: system.cpu: T0 : 0x1af24    : bne a4, a5, -6             : IntAlu : 
 892500: system.cpu: T0 : 0x1af1e    : c_sd a5, 24(a5)            : MemWrite :  D=0x000000000006fe08 A=0x6fe20
 893000: system.cpu: T0 : 0x1af20    : c_sd a5, 16(a5)            : MemWrite :  D=0x000000000006fe08 A=0x6fe18
 893500: system.cpu: T0 : 0x1af22    : c_addi a5, 16              : IntAlu :  D=0x000000000006fe18
 894000: system.cpu: T0 : 0x1af24    : bne a4, a5, -6             : IntAlu : 
 894500: system.cpu: T0 : 0x1af28    : lui a5, 111                : IntAlu :  D=0x000000000006f000
 895000: system.cpu: T0 : 0x1af2c    : addi a5, a5, 1480          : IntAlu :  D=0x000000000006f5c8
 895500: system.cpu: T0 : 0x1af30    : beq a0, a5, 24             : IntAlu : 
 896000: system.cpu: T0 : 0x1af48    : addi a4, zero, 128         : IntAlu :  D=0x0000000000000080
 896500: system.cpu: T0 : 0x1af4c    : sd a4, -1376(gp)           : MemWrite :  D=0x0000000000000080 A=0x70ad0
 897000: system.cpu: T0 : 0x1af50    : addi a5, a0, 8             : IntAlu :  D=0x000000000006f5d0
 897500: system.cpu: T0 : 0x1af54    : amoswap_w zero, zero, (a5)
 897500: system.cpu: T0 : 0x1af54. 0 : amoswap_w[l] zero, zero, (a5) : MemRead :  D=0x0000000000000000 A=0x6f5d0
 898000: system.cpu: T0 : 0x1af58    : c_sd a3, 96(a0)            : MemWrite :  D=0x000000000006f628 A=0x6f628
 898500: system.cpu: T0 : 0x1af5a    : c_jr ra                    : IntAlu : 
 899000: system.cpu: T0 : 0x1b316    : c_lui a2, 28               : IntAlu :  D=0x000000000001c000
 899500: system.cpu: T0 : 0x1b318    : addi a2, a2, -1436         : IntAlu :  D=0x000000000001ba64
 900000: system.cpu: T0 : 0x1b31c    : c_mv a1, sp                : IntAlu :  D=0x7ffffffffffffbd0
 900500: system.cpu: T0 : 0x1b31e    : c_li a0, 19                : IntAlu :  D=0x0000000000000013
 901000: system.cpu: T0 : 0x1b320    : jal ra, 30090              : IntAlu :  D=0x000000000001b324
 901500: system.cpu: T0 : 0x228aa    : c_slli a0, 32              : IntAlu :  D=0x0000001300000000
 902000: system.cpu: T0 : 0x228ac    : c_srli a0, 32              : IntAlu :  D=0x0000000000000013
 903000: system.cpu: T0 : 0x228ae    : slli a5, a0, 3             : IntAlu :  D=0x0000000000000098
 903500: system.cpu: T0 : 0x228b2    : c_sub a5, a0               : IntAlu :  D=0x0000000000000085
 904000: system.cpu: T0 : 0x228b4    : lui a4, 111                : IntAlu :  D=0x000000000006f000
 904500: system.cpu: T0 : 0x228b8    : addi a4, a4, -1248         : IntAlu :  D=0x000000000006eb20
 905000: system.cpu: T0 : 0x228bc    : c_slli a5, 3               : IntAlu :  D=0x0000000000000428
 905500: system.cpu: T0 : 0x228be    : c_add a5, a4               : IntAlu :  D=0x000000000006ef48
 906000: system.cpu: T0 : 0x228c0    : c_lw a3, 8(a5)             : MemRead :  D=0x0000000000000000 A=0x6ef50
 906500: system.cpu: T0 : 0x228c2    : c_li a6, 2                 : IntAlu :  D=0x0000000000000002
 907000: system.cpu: T0 : 0x228c4    : c_ld a5, 32(a5)            : MemRead :  D=0x0000000000000000 A=0x6ef68
 908000: system.cpu: T0 : 0x228c6    : bltu a6, a3, 42            : IntAlu : 
 908500: system.cpu: T0 : 0x228ca    : c_bnez a3, 38              : IntAlu : 
 909000: system.cpu: T0 : 0x228cc    : c_sw a5, 0(a1)             : MemWrite :  D=0x0000000000000000 A=0x7ffffffffffffbd0
 910000: system.cpu: T0 : 0x228ce    : slli a5, a0, 3             : IntAlu :  D=0x0000000000000098
 910500: system.cpu: T0 : 0x228d2    : c_sub a5, a0               : IntAlu :  D=0x0000000000000085
 911000: system.cpu: T0 : 0x228d4    : c_slli a5, 3               : IntAlu :  D=0x0000000000000428
 912000: system.cpu: T0 : 0x228d6    : add a3, a4, a5             : IntAlu :  D=0x000000000006ef48
 913000: system.cpu: T0 : 0x228da    : lbu a3, 40(a3)             : MemRead :  D=0x0000000000000000 A=0x6ef70
 913500: system.cpu: T0 : 0x228de    : c_beqz a3, 16              : IntAlu : 
 914000: system.cpu: T0 : 0x228ee    : c_jr ra                    : IntAlu : 
 914500: system.cpu: T0 : 0x1b324    : c_lui a2, 27               : IntAlu :  D=0x000000000001b000
 915500: system.cpu: T0 : 0x1b326    : addi a2, a2, -1112         : IntAlu :  D=0x000000000001aba8
 916000: system.cpu: T0 : 0x1b32a    : c_mv a1, sp                : IntAlu :  D=0x7ffffffffffffbd0
 916500: system.cpu: T0 : 0x1b32c    : c_li a0, 7                 : IntAlu :  D=0x0000000000000007
 917500: system.cpu: T0 : 0x1b32e    : jal ra, 30076              : IntAlu :  D=0x000000000001b332
 918000: system.cpu: T0 : 0x228aa    : c_slli a0, 32              : IntAlu :  D=0x0000000700000000
 918500: system.cpu: T0 : 0x228ac    : c_srli a0, 32              : IntAlu :  D=0x0000000000000007
 919500: system.cpu: T0 : 0x228ae    : slli a5, a0, 3             : IntAlu :  D=0x0000000000000038
 920000: system.cpu: T0 : 0x228b2    : c_sub a5, a0               : IntAlu :  D=0x0000000000000031
 920500: system.cpu: T0 : 0x228b4    : lui a4, 111                : IntAlu :  D=0x000000000006f000
 921000: system.cpu: T0 : 0x228b8    : addi a4, a4, -1248         : IntAlu :  D=0x000000000006eb20
 921500: system.cpu: T0 : 0x228bc    : c_slli a5, 3               : IntAlu :  D=0x0000000000000188
 922000: system.cpu: T0 : 0x228be    : c_add a5, a4               : IntAlu :  D=0x000000000006eca8
 922500: system.cpu: T0 : 0x228c0    : c_lw a3, 8(a5)             : MemRead :  D=0x0000000000000002 A=0x6ecb0
 923000: system.cpu: T0 : 0x228c2    : c_li a6, 2                 : IntAlu :  D=0x0000000000000002
 923500: system.cpu: T0 : 0x228c4    : c_ld a5, 32(a5)            : MemRead :  D=0x0000000000000000 A=0x6ecc8
 924500: system.cpu: T0 : 0x228c6    : bltu a6, a3, 42            : IntAlu : 
 925000: system.cpu: T0 : 0x228ca    : c_bnez a3, 38              : IntAlu : 
 925500: system.cpu: T0 : 0x228f0    : c_sd a5, 0(a1)             : MemWrite :  D=0x0000000000000000 A=0x7ffffffffffffbd0
 926000: system.cpu: T0 : 0x228f2    : c_j -36                    : IntAlu : 
 927000: system.cpu: T0 : 0x228ce    : slli a5, a0, 3             : IntAlu :  D=0x0000000000000038
 927500: system.cpu: T0 : 0x228d2    : c_sub a5, a0               : IntAlu :  D=0x0000000000000031
 928000: system.cpu: T0 : 0x228d4    : c_slli a5, 3               : IntAlu :  D=0x0000000000000188
 929000: system.cpu: T0 : 0x228d6    : add a3, a4, a5             : IntAlu :  D=0x000000000006eca8
 930000: system.cpu: T0 : 0x228da    : lbu a3, 40(a3)             : MemRead :  D=0x0000000000000000 A=0x6ecd0
 930500: system.cpu: T0 : 0x228de    : c_beqz a3, 16              : IntAlu : 
 931000: system.cpu: T0 : 0x228ee    : c_jr ra                    : IntAlu : 
 931500: system.cpu: T0 : 0x1b332    : c_lui a2, 27               : IntAlu :  D=0x000000000001b000
 932000: system.cpu: T0 : 0x1b334    : addi a2, a2, -1094         : IntAlu :  D=0x000000000001abba
 932500: system.cpu: T0 : 0x1b338    : c_mv a1, sp                : IntAlu :  D=0x7ffffffffffffbd0
 933000: system.cpu: T0 : 0x1b33a    : c_li a0, 2                 : IntAlu :  D=0x0000000000000002
 933500: system.cpu: T0 : 0x1b33c    : jal ra, 30062              : IntAlu :  D=0x000000000001b340
 934000: system.cpu: T0 : 0x228aa    : c_slli a0, 32              : IntAlu :  D=0x0000000200000000
 934500: system.cpu: T0 : 0x228ac    : c_srli a0, 32              : IntAlu :  D=0x0000000000000002
 935500: system.cpu: T0 : 0x228ae    : slli a5, a0, 3             : IntAlu :  D=0x0000000000000010
 936000: system.cpu: T0 : 0x228b2    : c_sub a5, a0               : IntAlu :  D=0x000000000000000e
 936500: system.cpu: T0 : 0x228b4    : lui a4, 111                : IntAlu :  D=0x000000000006f000
 937000: system.cpu: T0 : 0x228b8    : addi a4, a4, -1248         : IntAlu :  D=0x000000000006eb20
 937500: system.cpu: T0 : 0x228bc    : c_slli a5, 3               : IntAlu :  D=0x0000000000000070
 938000: system.cpu: T0 : 0x228be    : c_add a5, a4               : IntAlu :  D=0x000000000006eb90
 938500: system.cpu: T0 : 0x228c0    : c_lw a3, 8(a5)             : MemRead :  D=0x0000000000000000 A=0x6eb98
 939000: system.cpu: T0 : 0x228c2    : c_li a6, 2                 : IntAlu :  D=0x0000000000000002
 939500: system.cpu: T0 : 0x228c4    : c_ld a5, 32(a5)            : MemRead :  D=0x0000000000000000 A=0x6ebb0
 940500: system.cpu: T0 : 0x228c6    : bltu a6, a3, 42            : IntAlu : 
 941000: system.cpu: T0 : 0x228ca    : c_bnez a3, 38              : IntAlu : 
 941500: system.cpu: T0 : 0x228cc    : c_sw a5, 0(a1)             : MemWrite :  D=0x0000000000000000 A=0x7ffffffffffffbd0
 942500: system.cpu: T0 : 0x228ce    : slli a5, a0, 3             : IntAlu :  D=0x0000000000000010
 943000: system.cpu: T0 : 0x228d2    : c_sub a5, a0               : IntAlu :  D=0x000000000000000e
 943500: system.cpu: T0 : 0x228d4    : c_slli a5, 3               : IntAlu :  D=0x0000000000000070
 944500: system.cpu: T0 : 0x228d6    : add a3, a4, a5             : IntAlu :  D=0x000000000006eb90
 945500: system.cpu: T0 : 0x228da    : lbu a3, 40(a3)             : MemRead :  D=0x0000000000000000 A=0x6ebb8
 946000: system.cpu: T0 : 0x228de    : c_beqz a3, 16              : IntAlu : 
 946500: system.cpu: T0 : 0x228ee    : c_jr ra                    : IntAlu : 
 947000: system.cpu: T0 : 0x1b340    : c_lui a2, 27               : IntAlu :  D=0x000000000001b000
 948000: system.cpu: T0 : 0x1b342    : addi a2, a2, -1158         : IntAlu :  D=0x000000000001ab7a
 948500: system.cpu: T0 : 0x1b346    : c_mv a1, sp                : IntAlu :  D=0x7ffffffffffffbd0
 949000: system.cpu: T0 : 0x1b348    : c_li a0, 14                : IntAlu :  D=0x000000000000000e
 950000: system.cpu: T0 : 0x1b34a    : jal ra, 30048              : IntAlu :  D=0x000000000001b34e
 950500: system.cpu: T0 : 0x228aa    : c_slli a0, 32              : IntAlu :  D=0x0000000e00000000
 951000: system.cpu: T0 : 0x228ac    : c_srli a0, 32              : IntAlu :  D=0x000000000000000e
 952000: system.cpu: T0 : 0x228ae    : slli a5, a0, 3             : IntAlu :  D=0x0000000000000070
 952500: system.cpu: T0 : 0x228b2    : c_sub a5, a0               : IntAlu :  D=0x0000000000000062
 953000: system.cpu: T0 : 0x228b4    : lui a4, 111                : IntAlu :  D=0x000000000006f000
 953500: system.cpu: T0 : 0x228b8    : addi a4, a4, -1248         : IntAlu :  D=0x000000000006eb20
 954000: system.cpu: T0 : 0x228bc    : c_slli a5, 3               : IntAlu :  D=0x0000000000000310
 954500: system.cpu: T0 : 0x228be    : c_add a5, a4               : IntAlu :  D=0x000000000006ee30
 955000: system.cpu: T0 : 0x228c0    : c_lw a3, 8(a5)             : MemRead :  D=0x0000000000000002 A=0x6ee38
 955500: system.cpu: T0 : 0x228c2    : c_li a6, 2                 : IntAlu :  D=0x0000000000000002
 956000: system.cpu: T0 : 0x228c4    : c_ld a5, 32(a5)            : MemRead :  D=0x0000000000000000 A=0x6ee50
 957000: system.cpu: T0 : 0x228c6    : bltu a6, a3, 42            : IntAlu : 
 957500: system.cpu: T0 : 0x228ca    : c_bnez a3, 38              : IntAlu : 
 958000: system.cpu: T0 : 0x228f0    : c_sd a5, 0(a1)             : MemWrite :  D=0x0000000000000000 A=0x7ffffffffffffbd0
 958500: system.cpu: T0 : 0x228f2    : c_j -36                    : IntAlu : 
 959500: system.cpu: T0 : 0x228ce    : slli a5, a0, 3             : IntAlu :  D=0x0000000000000070
 960000: system.cpu: T0 : 0x228d2    : c_sub a5, a0               : IntAlu :  D=0x0000000000000062
 960500: system.cpu: T0 : 0x228d4    : c_slli a5, 3               : IntAlu :  D=0x0000000000000310
 961500: system.cpu: T0 : 0x228d6    : add a3, a4, a5             : IntAlu :  D=0x000000000006ee30
 962500: system.cpu: T0 : 0x228da    : lbu a3, 40(a3)             : MemRead :  D=0x0000000000000000 A=0x6ee58
 963000: system.cpu: T0 : 0x228de    : c_beqz a3, 16              : IntAlu : 
 963500: system.cpu: T0 : 0x228ee    : c_jr ra                    : IntAlu : 
 964000: system.cpu: T0 : 0x1b34e    : c_lui a2, 27               : IntAlu :  D=0x000000000001b000
 964500: system.cpu: T0 : 0x1b350    : addi a2, a2, -1086         : IntAlu :  D=0x000000000001abc2
 965000: system.cpu: T0 : 0x1b354    : c_mv a1, sp                : IntAlu :  D=0x7ffffffffffffbd0
 965500: system.cpu: T0 : 0x1b356    : c_li a0, 1                 : IntAlu :  D=0x0000000000000001
 966000: system.cpu: T0 : 0x1b358    : jal ra, 30034              : IntAlu :  D=0x000000000001b35c
 966500: system.cpu: T0 : 0x228aa    : c_slli a0, 32              : IntAlu :  D=0x0000000100000000
 967000: system.cpu: T0 : 0x228ac    : c_srli a0, 32              : IntAlu :  D=0x0000000000000001
 968000: system.cpu: T0 : 0x228ae    : slli a5, a0, 3             : IntAlu :  D=0x0000000000000008
 968500: system.cpu: T0 : 0x228b2    : c_sub a5, a0               : IntAlu :  D=0x0000000000000007
 969000: system.cpu: T0 : 0x228b4    : lui a4, 111                : IntAlu :  D=0x000000000006f000
 969500: system.cpu: T0 : 0x228b8    : addi a4, a4, -1248         : IntAlu :  D=0x000000000006eb20
 970000: system.cpu: T0 : 0x228bc    : c_slli a5, 3               : IntAlu :  D=0x0000000000000038
 970500: system.cpu: T0 : 0x228be    : c_add a5, a4               : IntAlu :  D=0x000000000006eb58
 971000: system.cpu: T0 : 0x228c0    : c_lw a3, 8(a5)             : MemRead :  D=0x0000000000000002 A=0x6eb60
 971500: system.cpu: T0 : 0x228c2    : c_li a6, 2                 : IntAlu :  D=0x0000000000000002
 972000: system.cpu: T0 : 0x228c4    : c_ld a5, 32(a5)            : MemRead :  D=0x0000000000000000 A=0x6eb78
 973000: system.cpu: T0 : 0x228c6    : bltu a6, a3, 42            : IntAlu : 
 973500: system.cpu: T0 : 0x228ca    : c_bnez a3, 38              : IntAlu : 
 974000: system.cpu: T0 : 0x228f0    : c_sd a5, 0(a1)             : MemWrite :  D=0x0000000000000000 A=0x7ffffffffffffbd0
 974500: system.cpu: T0 : 0x228f2    : c_j -36                    : IntAlu : 
 975500: system.cpu: T0 : 0x228ce    : slli a5, a0, 3             : IntAlu :  D=0x0000000000000008
 976000: system.cpu: T0 : 0x228d2    : c_sub a5, a0               : IntAlu :  D=0x0000000000000007
 976500: system.cpu: T0 : 0x228d4    : c_slli a5, 3               : IntAlu :  D=0x0000000000000038
 977500: system.cpu: T0 : 0x228d6    : add a3, a4, a5             : IntAlu :  D=0x000000000006eb58
 978500: system.cpu: T0 : 0x228da    : lbu a3, 40(a3)             : MemRead :  D=0x0000000000000000 A=0x6eb80
 979000: system.cpu: T0 : 0x228de    : c_beqz a3, 16              : IntAlu : 
 979500: system.cpu: T0 : 0x228ee    : c_jr ra                    : IntAlu : 
 980000: system.cpu: T0 : 0x1b35c    : c_lui a2, 27               : IntAlu :  D=0x000000000001b000
 981000: system.cpu: T0 : 0x1b35e    : addi a2, a2, -1130         : IntAlu :  D=0x000000000001ab96
 981500: system.cpu: T0 : 0x1b362    : c_mv a1, sp                : IntAlu :  D=0x7ffffffffffffbd0
 982000: system.cpu: T0 : 0x1b364    : c_li a0, 9                 : IntAlu :  D=0x0000000000000009
 983000: system.cpu: T0 : 0x1b366    : jal ra, 30020              : IntAlu :  D=0x000000000001b36a
 983500: system.cpu: T0 : 0x228aa    : c_slli a0, 32              : IntAlu :  D=0x0000000900000000
 984000: system.cpu: T0 : 0x228ac    : c_srli a0, 32              : IntAlu :  D=0x0000000000000009
 985000: system.cpu: T0 : 0x228ae    : slli a5, a0, 3             : IntAlu :  D=0x0000000000000048
 985500: system.cpu: T0 : 0x228b2    : c_sub a5, a0               : IntAlu :  D=0x000000000000003f
 986000: system.cpu: T0 : 0x228b4    : lui a4, 111                : IntAlu :  D=0x000000000006f000
 986500: system.cpu: T0 : 0x228b8    : addi a4, a4, -1248         : IntAlu :  D=0x000000000006eb20
 987000: system.cpu: T0 : 0x228bc    : c_slli a5, 3               : IntAlu :  D=0x00000000000001f8
 987500: system.cpu: T0 : 0x228be    : c_add a5, a4               : IntAlu :  D=0x000000000006ed18
 988000: system.cpu: T0 : 0x228c0    : c_lw a3, 8(a5)             : MemRead :  D=0x0000000000000000 A=0x6ed20
 988500: system.cpu: T0 : 0x228c2    : c_li a6, 2                 : IntAlu :  D=0x0000000000000002
 989000: system.cpu: T0 : 0x228c4    : c_ld a5, 32(a5)            : MemRead :  D=0x0000000000000000 A=0x6ed38
 990000: system.cpu: T0 : 0x228c6    : bltu a6, a3, 42            : IntAlu : 
 990500: system.cpu: T0 : 0x228ca    : c_bnez a3, 38              : IntAlu : 
 991000: system.cpu: T0 : 0x228cc    : c_sw a5, 0(a1)             : MemWrite :  D=0x0000000000000000 A=0x7ffffffffffffbd0
 992000: system.cpu: T0 : 0x228ce    : slli a5, a0, 3             : IntAlu :  D=0x0000000000000048
 992500: system.cpu: T0 : 0x228d2    : c_sub a5, a0               : IntAlu :  D=0x000000000000003f
 993000: system.cpu: T0 : 0x228d4    : c_slli a5, 3               : IntAlu :  D=0x00000000000001f8
 994000: system.cpu: T0 : 0x228d6    : add a3, a4, a5             : IntAlu :  D=0x000000000006ed18
 995000: system.cpu: T0 : 0x228da    : lbu a3, 40(a3)             : MemRead :  D=0x0000000000000000 A=0x6ed40
 995500: system.cpu: T0 : 0x228de    : c_beqz a3, 16              : IntAlu : 
 996000: system.cpu: T0 : 0x228ee    : c_jr ra                    : IntAlu : 
 996500: system.cpu: T0 : 0x1b36a    : c_lui a2, 27               : IntAlu :  D=0x000000000001b000
 997000: system.cpu: T0 : 0x1b36c    : addi a2, a2, -1068         : IntAlu :  D=0x000000000001abd4
 997500: system.cpu: T0 : 0x1b370    : c_mv a1, sp                : IntAlu :  D=0x7ffffffffffffbd0
 998000: system.cpu: T0 : 0x1b372    : c_li a0, 13                : IntAlu :  D=0x000000000000000d
 998500: system.cpu: T0 : 0x1b374    : jal ra, 30006              : IntAlu :  D=0x000000000001b378
 999000: system.cpu: T0 : 0x228aa    : c_slli a0, 32              : IntAlu :  D=0x0000000d00000000
 999500: system.cpu: T0 : 0x228ac    : c_srli a0, 32              : IntAlu :  D=0x000000000000000d
1000500: system.cpu: T0 : 0x228ae    : slli a5, a0, 3             : IntAlu :  D=0x0000000000000068
1001000: system.cpu: T0 : 0x228b2    : c_sub a5, a0               : IntAlu :  D=0x000000000000005b
1001500: system.cpu: T0 : 0x228b4    : lui a4, 111                : IntAlu :  D=0x000000000006f000
1002000: system.cpu: T0 : 0x228b8    : addi a4, a4, -1248         : IntAlu :  D=0x000000000006eb20
1002500: system.cpu: T0 : 0x228bc    : c_slli a5, 3               : IntAlu :  D=0x00000000000002d8
1003000: system.cpu: T0 : 0x228be    : c_add a5, a4               : IntAlu :  D=0x000000000006edf8
1003500: system.cpu: T0 : 0x228c0    : c_lw a3, 8(a5)             : MemRead :  D=0x0000000000000002 A=0x6ee00
1004000: system.cpu: T0 : 0x228c2    : c_li a6, 2                 : IntAlu :  D=0x0000000000000002
1004500: system.cpu: T0 : 0x228c4    : c_ld a5, 32(a5)            : MemRead :  D=0x0000000000000000 A=0x6ee18
1005500: system.cpu: T0 : 0x228c6    : bltu a6, a3, 42            : IntAlu : 
1006000: system.cpu: T0 : 0x228ca    : c_bnez a3, 38              : IntAlu : 
1006500: system.cpu: T0 : 0x228f0    : c_sd a5, 0(a1)             : MemWrite :  D=0x0000000000000000 A=0x7ffffffffffffbd0
1007000: system.cpu: T0 : 0x228f2    : c_j -36                    : IntAlu : 
1008000: system.cpu: T0 : 0x228ce    : slli a5, a0, 3             : IntAlu :  D=0x0000000000000068
1008500: system.cpu: T0 : 0x228d2    : c_sub a5, a0               : IntAlu :  D=0x000000000000005b
1009000: system.cpu: T0 : 0x228d4    : c_slli a5, 3               : IntAlu :  D=0x00000000000002d8
1010000: system.cpu: T0 : 0x228d6    : add a3, a4, a5             : IntAlu :  D=0x000000000006edf8
1011000: system.cpu: T0 : 0x228da    : lbu a3, 40(a3)             : MemRead :  D=0x0000000000000000 A=0x6ee20
1011500: system.cpu: T0 : 0x228de    : c_beqz a3, 16              : IntAlu : 
1012000: system.cpu: T0 : 0x228ee    : c_jr ra                    : IntAlu : 
1012500: system.cpu: T0 : 0x1b378    : c_lui a2, 27               : IntAlu :  D=0x000000000001b000
1013500: system.cpu: T0 : 0x1b37a    : addi a2, a2, -1056         : IntAlu :  D=0x000000000001abe0
1014000: system.cpu: T0 : 0x1b37e    : c_mv a1, sp                : IntAlu :  D=0x7ffffffffffffbd0
1014500: system.cpu: T0 : 0x1b380    : c_li a0, 16                : IntAlu :  D=0x0000000000000010
1015500: system.cpu: T0 : 0x1b382    : jal ra, 29992              : IntAlu :  D=0x000000000001b386
1016000: system.cpu: T0 : 0x228aa    : c_slli a0, 32              : IntAlu :  D=0x0000001000000000
1016500: system.cpu: T0 : 0x228ac    : c_srli a0, 32              : IntAlu :  D=0x0000000000000010
1017500: system.cpu: T0 : 0x228ae    : slli a5, a0, 3             : IntAlu :  D=0x0000000000000080
1018000: system.cpu: T0 : 0x228b2    : c_sub a5, a0               : IntAlu :  D=0x0000000000000070
1018500: system.cpu: T0 : 0x228b4    : lui a4, 111                : IntAlu :  D=0x000000000006f000
1019000: system.cpu: T0 : 0x228b8    : addi a4, a4, -1248         : IntAlu :  D=0x000000000006eb20
1019500: system.cpu: T0 : 0x228bc    : c_slli a5, 3               : IntAlu :  D=0x0000000000000380
1020000: system.cpu: T0 : 0x228be    : c_add a5, a4               : IntAlu :  D=0x000000000006eea0
1020500: system.cpu: T0 : 0x228c0    : c_lw a3, 8(a5)             : MemRead :  D=0x0000000000000002 A=0x6eea8
1021000: system.cpu: T0 : 0x228c2    : c_li a6, 2                 : IntAlu :  D=0x0000000000000002
1021500: system.cpu: T0 : 0x228c4    : c_ld a5, 32(a5)            : MemRead :  D=0x0000000000000000 A=0x6eec0
1022500: system.cpu: T0 : 0x228c6    : bltu a6, a3, 42            : IntAlu : 
1023000: system.cpu: T0 : 0x228ca    : c_bnez a3, 38              : IntAlu : 
1023500: system.cpu: T0 : 0x228f0    : c_sd a5, 0(a1)             : MemWrite :  D=0x0000000000000000 A=0x7ffffffffffffbd0
1024000: system.cpu: T0 : 0x228f2    : c_j -36                    : IntAlu : 
1025000: system.cpu: T0 : 0x228ce    : slli a5, a0, 3             : IntAlu :  D=0x0000000000000080
1025500: system.cpu: T0 : 0x228d2    : c_sub a5, a0               : IntAlu :  D=0x0000000000000070
1026000: system.cpu: T0 : 0x228d4    : c_slli a5, 3               : IntAlu :  D=0x0000000000000380
1027000: system.cpu: T0 : 0x228d6    : add a3, a4, a5             : IntAlu :  D=0x000000000006eea0
1028000: system.cpu: T0 : 0x228da    : lbu a3, 40(a3)             : MemRead :  D=0x0000000000000000 A=0x6eec8
1028500: system.cpu: T0 : 0x228de    : c_beqz a3, 16              : IntAlu : 
1029000: system.cpu: T0 : 0x228ee    : c_jr ra                    : IntAlu : 
1029500: system.cpu: T0 : 0x1b386    : c_lui a2, 27               : IntAlu :  D=0x000000000001b000
1030000: system.cpu: T0 : 0x1b388    : addi a2, a2, -1044         : IntAlu :  D=0x000000000001abec
1030500: system.cpu: T0 : 0x1b38c    : c_mv a1, sp                : IntAlu :  D=0x7ffffffffffffbd0
1031000: system.cpu: T0 : 0x1b38e    : c_li a0, 18                : IntAlu :  D=0x0000000000000012
1031500: system.cpu: T0 : 0x1b390    : jal ra, 29978              : IntAlu :  D=0x000000000001b394
1032000: system.cpu: T0 : 0x228aa    : c_slli a0, 32              : IntAlu :  D=0x0000001200000000
1032500: system.cpu: T0 : 0x228ac    : c_srli a0, 32              : IntAlu :  D=0x0000000000000012
1033500: system.cpu: T0 : 0x228ae    : slli a5, a0, 3             : IntAlu :  D=0x0000000000000090
1034000: system.cpu: T0 : 0x228b2    : c_sub a5, a0               : IntAlu :  D=0x000000000000007e
1034500: system.cpu: T0 : 0x228b4    : lui a4, 111                : IntAlu :  D=0x000000000006f000
1035000: system.cpu: T0 : 0x228b8    : addi a4, a4, -1248         : IntAlu :  D=0x000000000006eb20
1035500: system.cpu: T0 : 0x228bc    : c_slli a5, 3               : IntAlu :  D=0x00000000000003f0
1036000: system.cpu: T0 : 0x228be    : c_add a5, a4               : IntAlu :  D=0x000000000006ef10
1036500: system.cpu: T0 : 0x228c0    : c_lw a3, 8(a5)             : MemRead :  D=0x0000000000000002 A=0x6ef18
1037000: system.cpu: T0 : 0x228c2    : c_li a6, 2                 : IntAlu :  D=0x0000000000000002
1037500: system.cpu: T0 : 0x228c4    : c_ld a5, 32(a5)            : MemRead :  D=0x0000000000000000 A=0x6ef30
1038500: system.cpu: T0 : 0x228c6    : bltu a6, a3, 42            : IntAlu : 
1039000: system.cpu: T0 : 0x228ca    : c_bnez a3, 38              : IntAlu : 
1039500: system.cpu: T0 : 0x228f0    : c_sd a5, 0(a1)             : MemWrite :  D=0x0000000000000000 A=0x7ffffffffffffbd0
1040000: system.cpu: T0 : 0x228f2    : c_j -36                    : IntAlu : 
1041000: system.cpu: T0 : 0x228ce    : slli a5, a0, 3             : IntAlu :  D=0x0000000000000090
1041500: system.cpu: T0 : 0x228d2    : c_sub a5, a0               : IntAlu :  D=0x000000000000007e
1042000: system.cpu: T0 : 0x228d4    : c_slli a5, 3               : IntAlu :  D=0x00000000000003f0
1043000: system.cpu: T0 : 0x228d6    : add a3, a4, a5             : IntAlu :  D=0x000000000006ef10
1044000: system.cpu: T0 : 0x228da    : lbu a3, 40(a3)             : MemRead :  D=0x0000000000000000 A=0x6ef38
1044500: system.cpu: T0 : 0x228de    : c_beqz a3, 16              : IntAlu : 
1045000: system.cpu: T0 : 0x228ee    : c_jr ra                    : IntAlu : 
1045500: system.cpu: T0 : 0x1b394    : c_lui a2, 27               : IntAlu :  D=0x000000000001b000
1046500: system.cpu: T0 : 0x1b396    : addi a2, a2, -998          : IntAlu :  D=0x000000000001ac1a
1047000: system.cpu: T0 : 0x1b39a    : c_mv a1, sp                : IntAlu :  D=0x7ffffffffffffbd0
1047500: system.cpu: T0 : 0x1b39c    : c_li a0, 15                : IntAlu :  D=0x000000000000000f
1048500: system.cpu: T0 : 0x1b39e    : jal ra, 29964              : IntAlu :  D=0x000000000001b3a2
1049000: system.cpu: T0 : 0x228aa    : c_slli a0, 32              : IntAlu :  D=0x0000000f00000000
1049500: system.cpu: T0 : 0x228ac    : c_srli a0, 32              : IntAlu :  D=0x000000000000000f
1050500: system.cpu: T0 : 0x228ae    : slli a5, a0, 3             : IntAlu :  D=0x0000000000000078
1051000: system.cpu: T0 : 0x228b2    : c_sub a5, a0               : IntAlu :  D=0x0000000000000069
1051500: system.cpu: T0 : 0x228b4    : lui a4, 111                : IntAlu :  D=0x000000000006f000
1052000: system.cpu: T0 : 0x228b8    : addi a4, a4, -1248         : IntAlu :  D=0x000000000006eb20
1052500: system.cpu: T0 : 0x228bc    : c_slli a5, 3               : IntAlu :  D=0x0000000000000348
1053000: system.cpu: T0 : 0x228be    : c_add a5, a4               : IntAlu :  D=0x000000000006ee68
1053500: system.cpu: T0 : 0x228c0    : c_lw a3, 8(a5)             : MemRead :  D=0x0000000000000002 A=0x6ee70
1054000: system.cpu: T0 : 0x228c2    : c_li a6, 2                 : IntAlu :  D=0x0000000000000002
1054500: system.cpu: T0 : 0x228c4    : c_ld a5, 32(a5)            : MemRead :  D=0x0000000000000000 A=0x6ee88
1055500: system.cpu: T0 : 0x228c6    : bltu a6, a3, 42            : IntAlu : 
1056000: system.cpu: T0 : 0x228ca    : c_bnez a3, 38              : IntAlu : 
1056500: system.cpu: T0 : 0x228f0    : c_sd a5, 0(a1)             : MemWrite :  D=0x0000000000000000 A=0x7ffffffffffffbd0
1057000: system.cpu: T0 : 0x228f2    : c_j -36                    : IntAlu : 
1058000: system.cpu: T0 : 0x228ce    : slli a5, a0, 3             : IntAlu :  D=0x0000000000000078
1058500: system.cpu: T0 : 0x228d2    : c_sub a5, a0               : IntAlu :  D=0x0000000000000069
1059000: system.cpu: T0 : 0x228d4    : c_slli a5, 3               : IntAlu :  D=0x0000000000000348
1060000: system.cpu: T0 : 0x228d6    : add a3, a4, a5             : IntAlu :  D=0x000000000006ee68
1061000: system.cpu: T0 : 0x228da    : lbu a3, 40(a3)             : MemRead :  D=0x0000000000000000 A=0x6ee90
1061500: system.cpu: T0 : 0x228de    : c_beqz a3, 16              : IntAlu : 
1062000: system.cpu: T0 : 0x228ee    : c_jr ra                    : IntAlu : 
1062500: system.cpu: T0 : 0x1b3a2    : c_lui a2, 27               : IntAlu :  D=0x000000000001b000
1063000: system.cpu: T0 : 0x1b3a4    : addi a2, a2, -978          : IntAlu :  D=0x000000000001ac2e
1063500: system.cpu: T0 : 0x1b3a8    : c_mv a1, sp                : IntAlu :  D=0x7ffffffffffffbd0
1064000: system.cpu: T0 : 0x1b3aa    : c_li a0, 11                : IntAlu :  D=0x000000000000000b
1064500: system.cpu: T0 : 0x1b3ac    : jal ra, 29950              : IntAlu :  D=0x000000000001b3b0
1065000: system.cpu: T0 : 0x228aa    : c_slli a0, 32              : IntAlu :  D=0x0000000b00000000
1065500: system.cpu: T0 : 0x228ac    : c_srli a0, 32              : IntAlu :  D=0x000000000000000b
1066500: system.cpu: T0 : 0x228ae    : slli a5, a0, 3             : IntAlu :  D=0x0000000000000058
1067000: system.cpu: T0 : 0x228b2    : c_sub a5, a0               : IntAlu :  D=0x000000000000004d
1067500: system.cpu: T0 : 0x228b4    : lui a4, 111                : IntAlu :  D=0x000000000006f000
1068000: system.cpu: T0 : 0x228b8    : addi a4, a4, -1248         : IntAlu :  D=0x000000000006eb20
1068500: system.cpu: T0 : 0x228bc    : c_slli a5, 3               : IntAlu :  D=0x0000000000000268
1069000: system.cpu: T0 : 0x228be    : c_add a5, a4               : IntAlu :  D=0x000000000006ed88
1069500: system.cpu: T0 : 0x228c0    : c_lw a3, 8(a5)             : MemRead :  D=0x0000000000000002 A=0x6ed90
1070000: system.cpu: T0 : 0x228c2    : c_li a6, 2                 : IntAlu :  D=0x0000000000000002
1070500: system.cpu: T0 : 0x228c4    : c_ld a5, 32(a5)            : MemRead :  D=0x0000000000000000 A=0x6eda8
1071500: system.cpu: T0 : 0x228c6    : bltu a6, a3, 42            : IntAlu : 
1072000: system.cpu: T0 : 0x228ca    : c_bnez a3, 38              : IntAlu : 
1072500: system.cpu: T0 : 0x228f0    : c_sd a5, 0(a1)             : MemWrite :  D=0x0000000000000000 A=0x7ffffffffffffbd0
1073000: system.cpu: T0 : 0x228f2    : c_j -36                    : IntAlu : 
1074000: system.cpu: T0 : 0x228ce    : slli a5, a0, 3             : IntAlu :  D=0x0000000000000058
1074500: system.cpu: T0 : 0x228d2    : c_sub a5, a0               : IntAlu :  D=0x000000000000004d
1075000: system.cpu: T0 : 0x228d4    : c_slli a5, 3               : IntAlu :  D=0x0000000000000268
1076000: system.cpu: T0 : 0x228d6    : add a3, a4, a5             : IntAlu :  D=0x000000000006ed88
1077000: system.cpu: T0 : 0x228da    : lbu a3, 40(a3)             : MemRead :  D=0x0000000000000000 A=0x6edb0
1077500: system.cpu: T0 : 0x228de    : c_beqz a3, 16              : IntAlu : 
1078000: system.cpu: T0 : 0x228ee    : c_jr ra                    : IntAlu : 
1078500: system.cpu: T0 : 0x1b3b0    : c_lui a2, 27               : IntAlu :  D=0x000000000001b000
1079500: system.cpu: T0 : 0x1b3b2    : addi a2, a2, -966          : IntAlu :  D=0x000000000001ac3a
1080000: system.cpu: T0 : 0x1b3b6    : c_mv a1, sp                : IntAlu :  D=0x7ffffffffffffbd0
1080500: system.cpu: T0 : 0x1b3b8    : c_li a0, 5                 : IntAlu :  D=0x0000000000000005
1081500: system.cpu: T0 : 0x1b3ba    : jal ra, 29936              : IntAlu :  D=0x000000000001b3be
1082000: system.cpu: T0 : 0x228aa    : c_slli a0, 32              : IntAlu :  D=0x0000000500000000
1082500: system.cpu: T0 : 0x228ac    : c_srli a0, 32              : IntAlu :  D=0x0000000000000005
1083500: system.cpu: T0 : 0x228ae    : slli a5, a0, 3             : IntAlu :  D=0x0000000000000028
1084000: system.cpu: T0 : 0x228b2    : c_sub a5, a0               : IntAlu :  D=0x0000000000000023
1084500: system.cpu: T0 : 0x228b4    : lui a4, 111                : IntAlu :  D=0x000000000006f000
1085000: system.cpu: T0 : 0x228b8    : addi a4, a4, -1248         : IntAlu :  D=0x000000000006eb20
1085500: system.cpu: T0 : 0x228bc    : c_slli a5, 3               : IntAlu :  D=0x0000000000000118
1086000: system.cpu: T0 : 0x228be    : c_add a5, a4               : IntAlu :  D=0x000000000006ec38
1086500: system.cpu: T0 : 0x228c0    : c_lw a3, 8(a5)             : MemRead :  D=0x0000000000000002 A=0x6ec40
1087000: system.cpu: T0 : 0x228c2    : c_li a6, 2                 : IntAlu :  D=0x0000000000000002
1087500: system.cpu: T0 : 0x228c4    : c_ld a5, 32(a5)            : MemRead :  D=0x0000000000000000 A=0x6ec58
1088500: system.cpu: T0 : 0x228c6    : bltu a6, a3, 42            : IntAlu : 
1089000: system.cpu: T0 : 0x228ca    : c_bnez a3, 38              : IntAlu : 
1089500: system.cpu: T0 : 0x228f0    : c_sd a5, 0(a1)             : MemWrite :  D=0x0000000000000000 A=0x7ffffffffffffbd0
1090000: system.cpu: T0 : 0x228f2    : c_j -36                    : IntAlu : 
1091000: system.cpu: T0 : 0x228ce    : slli a5, a0, 3             : IntAlu :  D=0x0000000000000028
1091500: system.cpu: T0 : 0x228d2    : c_sub a5, a0               : IntAlu :  D=0x0000000000000023
1092000: system.cpu: T0 : 0x228d4    : c_slli a5, 3               : IntAlu :  D=0x0000000000000118
1093000: system.cpu: T0 : 0x228d6    : add a3, a4, a5             : IntAlu :  D=0x000000000006ec38
1094000: system.cpu: T0 : 0x228da    : lbu a3, 40(a3)             : MemRead :  D=0x0000000000000000 A=0x6ec60
1094500: system.cpu: T0 : 0x228de    : c_beqz a3, 16              : IntAlu : 
1095000: system.cpu: T0 : 0x228ee    : c_jr ra                    : IntAlu : 
1095500: system.cpu: T0 : 0x1b3be    : c_ldsp a4, 8(sp)           : MemRead :  D=0x2f2e2e0000000000 A=0x7ffffffffffffbd8
1096000: system.cpu: T0 : 0x1b3c0    : ld a5, -1264(s1)           : MemRead :  D=0x2f2e2e0000000000 A=0x6eb10
1096500: system.cpu: T0 : 0x1b3c4    : c_li a3, 1                 : IntAlu :  D=0x0000000000000001
1097500: system.cpu: T0 : 0x1b3c6    : sw a3, -1876(gp)           : MemWrite :  D=0x0000000000000001 A=0x708dc
1098500: system.cpu: T0 : 0x1b3ca    : bne a4, a5, 14             : IntAlu : 
1099000: system.cpu: T0 : 0x1b3ce    : c_ldsp ra, 40(sp)          : MemRead :  D=0x000000000001e1a8 A=0x7ffffffffffffbf8
1099500: system.cpu: T0 : 0x1b3d0    : c_ldsp s0, 32(sp)          : MemRead :  D=0x7ffffffffffffcf0 A=0x7ffffffffffffbf0
1100000: system.cpu: T0 : 0x1b3d2    : c_ldsp s1, 24(sp)          : MemRead :  D=0x7ffffffffffffc20 A=0x7ffffffffffffbe8
1100500: system.cpu: T0 : 0x1b3d4    : c_addi16sp sp, 48          : IntAlu :  D=0x7ffffffffffffc00
1101000: system.cpu: T0 : 0x1b3d6    : c_jr ra                    : IntAlu : 
1101500: system.cpu: T0 : 0x1e1a8    : c_ldsp a0, 8(sp)           : MemRead :  D=0x0000000000000024 A=0x7ffffffffffffc08
1102000: system.cpu: T0 : 0x1e1aa    : c_ldsp ra, 24(sp)          : MemRead :  D=0x000000000003e066 A=0x7ffffffffffffc18
1102500: system.cpu: T0 : 0x1e1ac    : c_addi16sp sp, 32          : IntAlu :  D=0x7ffffffffffffc20
1103000: system.cpu: T0 : 0x1e1ae    : c_j -540                   : IntAlu : 
1104000: system.cpu: T0 : 0x1df92    : ld t1, -1848(gp)           : MemRead :  D=0x0000000000000000 A=0x708f8
1105000: system.cpu: T0 : 0x1df96    : bne t1, zero, 260          : IntAlu : 
1105500: system.cpu: T0 : 0x1df9a    : c_addi sp, -32             : IntAlu :  D=0x7ffffffffffffc00
1106000: system.cpu: T0 : 0x1df9c    : c_sdsp s0, 16(sp)          : MemWrite :  D=0x7ffffffffffffcf0 A=0x7ffffffffffffc10
1106500: system.cpu: T0 : 0x1df9e    : c_sdsp ra, 24(sp)          : MemWrite :  D=0x000000000003e066 A=0x7ffffffffffffc18
1107000: system.cpu: T0 : 0x1dfa0    : c_sdsp s1, 8(sp)           : MemWrite :  D=0x7ffffffffffffc20 A=0x7ffffffffffffc08
1107500: system.cpu: T0 : 0x1dfa2    : c_sdsp s2, 0(sp)           : MemWrite :  D=0x0000000000000002 A=0x7ffffffffffffc00
1108000: system.cpu: T0 : 0x1dfa4    : c_mv s0, a0                : IntAlu :  D=0x0000000000000024
1109000: system.cpu: T0 : 0x1dfa6    : blt a0, zero, 222          : IntAlu : 
1110000: system.cpu: T0 : 0x1dfaa    : addi a5, a0, 23            : IntAlu :  D=0x000000000000003b
1110500: system.cpu: T0 : 0x1dfae    : c_li a4, 31                : IntAlu :  D=0x000000000000001f
1111000: system.cpu: T0 : 0x1dfb0    : c_li s1, 0                 : IntAlu :  D=0x0000000000000000
1112000: system.cpu: T0 : 0x1dfb2    : bltu a4, a5, 94            : IntAlu : 
1112500: system.cpu: T0 : 0x1e010    : c_andi a5, 18446744073709551600 : IntAlu :  D=0x0000000000000030
1113000: system.cpu: T0 : 0x1e012    : c_addi a5, -17             : IntAlu :  D=0x000000000000001f
1113500: system.cpu: T0 : 0x1e014    : srli s1, a5, 4             : IntAlu :  D=0x0000000000000001
1114000: system.cpu: T0 : 0x1e018    : c_j -98                    : IntAlu : 
1115000: system.cpu: T0 : 0x1dfb6    : ld a4, 40(tp)              : MemRead :  D=0x0000000000000000 A=0x73738
1115500: system.cpu: T0 : 0x1dfba    : c_beqz a4, 96              : IntAlu : 
1116500: system.cpu: T0 : 0x1e01a    : lbu a5, 48(tp)             : MemRead :  D=0x0000000000000000 A=0x73740
1117000: system.cpu: T0 : 0x1e01e    : c_bnez a5, -86             : IntAlu : 
1117500: system.cpu: T0 : 0x1e020    : jal ra, -2484              : IntAlu :  D=0x000000000001e024
1118000: system.cpu: T0 : 0x1d66c    : c_addi sp, -32             : IntAlu :  D=0x7ffffffffffffbe0
1118500: system.cpu: T0 : 0x1d66e    : c_sdsp s0, 16(sp)          : MemWrite :  D=0x0000000000000024 A=0x7ffffffffffffbf0
1119000: system.cpu: T0 : 0x1d670    : ld s0, 56(tp)              : MemRead :  D=0x000000000006f5c8 A=0x73748
1119500: system.cpu: T0 : 0x1d674    : c_sdsp ra, 24(sp)          : MemWrite :  D=0x000000000001e024 A=0x7ffffffffffffbf8
1120000: system.cpu: T0 : 0x1d676    : c_sdsp s1, 8(sp)           : MemWrite :  D=0x0000000000000001 A=0x7ffffffffffffbe8
1120500: system.cpu: T0 : 0x1d678    : c_beqz s0, 78              : IntAlu : 
1121000: system.cpu: T0 : 0x1d67a    : c_mv s1, s0                : IntAlu :  D=0x000000000006f5c8
1121500: system.cpu: T0 : 0x1d67c    : c_li a4, 1                 : IntAlu :  D=0x0000000000000001
1122500: system.cpu: T0 : 0x1d67e    : lr_w a5, (s0)             
1122500: system.cpu: T0 : 0x1d67e. 0 : lr_w a5, (s0)              : MemRead :  D=0x0000000000000000 A=0x6f5c8
1123000: system.cpu: T0 : 0x1d682    : c_bnez a5, 8               : IntAlu : 
1123500: system.cpu: T0 : 0x1d684    : sc_w_aq a3, a4, (s0)      
1123500: system.cpu: T0 : 0x1d684. 0 : sc_w a3, a4, (s0)          : MemWrite :  D=0x0000000000000000 A=0x6f5c8
1124000: system.cpu: T0 : 0x1d684. 1 : 0x1ce426af fence           : No_OpClass : 
1124500: system.cpu: T0 : 0x1d688    : c_bnez a3, -10             : IntAlu : 
1125000: system.cpu: T0 : 0x1d68a    : c_addiw a5, 0              : IntAlu :  D=0x0000000000000000
1125500: system.cpu: T0 : 0x1d68c    : c_bnez a5, 162             : IntAlu : 
1126500: system.cpu: T0 : 0x1d68e    : addi a1, zero, 640         : IntAlu :  D=0x0000000000000280
1127000: system.cpu: T0 : 0x1d692    : c_mv a0, s0                : IntAlu :  D=0x000000000006f5c8
1127500: system.cpu: T0 : 0x1d694    : jal ra, -2862              : IntAlu :  D=0x000000000001d698
1128000: system.cpu: T0 : 0x1cb66    : c_addi16sp sp, -256        : IntAlu :  D=0x7ffffffffffffae0
1128500: system.cpu: T0 : 0x1cb68    : c_sdsp ra, 248(sp)         : MemWrite :  D=0x000000000001d698 A=0x7ffffffffffffbd8
1129000: system.cpu: T0 : 0x1cb6a    : c_sdsp s0, 240(sp)         : MemWrite :  D=0x000000000006f5c8 A=0x7ffffffffffffbd0
1129500: system.cpu: T0 : 0x1cb6c    : c_sdsp s1, 232(sp)         : MemWrite :  D=0x000000000006f5c8 A=0x7ffffffffffffbc8
1130000: system.cpu: T0 : 0x1cb6e    : c_sdsp s2, 224(sp)         : MemWrite :  D=0x0000000000000002 A=0x7ffffffffffffbc0
1130500: system.cpu: T0 : 0x1cb70    : c_sdsp s3, 216(sp)         : MemWrite :  D=0x0000000000000000 A=0x7ffffffffffffbb8
1131000: system.cpu: T0 : 0x1cb72    : c_sdsp s4, 208(sp)         : MemWrite :  D=0x0000000000000000 A=0x7ffffffffffffbb0
1131500: system.cpu: T0 : 0x1cb74    : c_sdsp s5, 200(sp)         : MemWrite :  D=0x0000000000000000 A=0x7ffffffffffffba8
1132000: system.cpu: T0 : 0x1cb76    : c_sdsp s6, 192(sp)         : MemWrite :  D=0x0000000000072000 A=0x7ffffffffffffba0
1132500: system.cpu: T0 : 0x1cb78    : c_sdsp s7, 184(sp)         : MemWrite :  D=0x0000000000000000 A=0x7ffffffffffffb98
1133000: system.cpu: T0 : 0x1cb7a    : c_sdsp s8, 176(sp)         : MemWrite :  D=0x0000000000000000 A=0x7ffffffffffffb90
1133500: system.cpu: T0 : 0x1cb7c    : c_sdsp s9, 168(sp)         : MemWrite :  D=0x0000000000000003 A=0x7ffffffffffffb88
1134000: system.cpu: T0 : 0x1cb7e    : c_sdsp s10, 160(sp)        : MemWrite :  D=0x0000000000000000 A=0x7ffffffffffffb80
1134500: system.cpu: T0 : 0x1cb80    : c_sdsp s11, 152(sp)        : MemWrite :  D=0x0000000000000000 A=0x7ffffffffffffb78
1135500: system.cpu: T0 : 0x1cb82    : blt a1, zero, 1198         : IntAlu : 
1136500: system.cpu: T0 : 0x1cb86    : addi s0, a1, 23            : IntAlu :  D=0x0000000000000297
1137000: system.cpu: T0 : 0x1cb8a    : c_li a5, 31                : IntAlu :  D=0x000000000000001f
1137500: system.cpu: T0 : 0x1cb8c    : c_mv s3, a1                : IntAlu :  D=0x0000000000000280
1138000: system.cpu: T0 : 0x1cb8e    : c_mv s1, a0                : IntAlu :  D=0x000000000006f5c8
1138500: system.cpu: T0 : 0x1cb90    : bltu a5, s0, 220           : IntAlu : 
1139000: system.cpu: T0 : 0x1cc6c    : c_andi s0, 18446744073709551600 : IntAlu :  D=0x0000000000000290
1140000: system.cpu: T0 : 0x1cc6e    : beq a0, zero, 988          : IntAlu : 
1141000: system.cpu: T0 : 0x1cc72    : ld a4, -1376(gp)           : MemRead :  D=0x0000000000000080 A=0x70ad0
1142000: system.cpu: T0 : 0x1cc76    : srliw s9, s0, 4            : IntAlu :  D=0x0000000000000029
1143000: system.cpu: T0 : 0x1cc7a    : srliw a5, s0, 4            : IntAlu :  D=0x0000000000000029
1144000: system.cpu: T0 : 0x1cc7e    : bgeu a4, s0, 506           : IntAlu : 
1145000: system.cpu: T0 : 0x1cc82    : addi a4, zero, 1023        : IntAlu :  D=0x00000000000003ff
1146000: system.cpu: T0 : 0x1cc86    : bgeu a4, s0, 1722          : IntAlu : 
1146500: system.cpu: T0 : 0x1d340    : c_addiw a5, -1             : IntAlu :  D=0x0000000000000028
1147000: system.cpu: T0 : 0x1d342    : c_j -1406                  : IntAlu : 
1147500: system.cpu: T0 : 0x1cdc4    : slliw a5, a5, 1            : IntAlu :  D=0x0000000000000050
1148000: system.cpu: T0 : 0x1cdc8    : c_slli a5, 32              : IntAlu :  D=0x0000005000000000
1148500: system.cpu: T0 : 0x1cdca    : c_srli a5, 32              : IntAlu :  D=0x0000000000000050
1149000: system.cpu: T0 : 0x1cdcc    : c_addi a5, 14              : IntAlu :  D=0x000000000000005e
1149500: system.cpu: T0 : 0x1cdce    : c_slli a5, 3               : IntAlu :  D=0x00000000000002f0
1150000: system.cpu: T0 : 0x1cdd0    : c_j -550                   : IntAlu : 
1150500: system.cpu: T0 : 0x1cbaa    : c_add a5, s1               : IntAlu :  D=0x000000000006f8b8
1151000: system.cpu: T0 : 0x1cbac    : ld s2, 8(a5)               : MemRead :  D=0x000000000006f8a8 A=0x6f8c0
1151500: system.cpu: T0 : 0x1cbb0    : addi a3, a5, -16           : IntAlu :  D=0x000000000006f8a8
1152000: system.cpu: T0 : 0x1cbb4    : beq a3, s2, 748            : IntAlu : 
1152500: system.cpu: T0 : 0x1cea0    : srli t1, s0, 9             : IntAlu :  D=0x0000000000000001
1153000: system.cpu: T0 : 0x1cea4    : addiw a5, t1, 91           : IntAlu :  D=0x000000000000005c
1153500: system.cpu: T0 : 0x1cea8    : srli s10, s0, 6            : IntAlu :  D=0x000000000000000a
1154000: system.cpu: T0 : 0x1ceac    : c_sdsp a5, 96(sp)          : MemWrite :  D=0x000000000000005c A=0x7ffffffffffffb40
1155000: system.cpu: T0 : 0x1ceae    : addiw a5, s10, 48          : IntAlu :  D=0x000000000000003a
1155500: system.cpu: T0 : 0x1ceb2    : c_sdsp a5, 88(sp)          : MemWrite :  D=0x000000000000003a A=0x7ffffffffffffb38
1156000: system.cpu: T0 : 0x1ceb4    : addi a5, zero, 110         : IntAlu :  D=0x000000000000006e
1156500: system.cpu: T0 : 0x1ceb8    : c_sdsp a5, 112(sp)         : MemWrite :  D=0x000000000000006e A=0x7ffffffffffffb50
1157500: system.cpu: T0 : 0x1ceba    : addi a5, zero, 119         : IntAlu :  D=0x0000000000000077
1158000: system.cpu: T0 : 0x1cebe    : c_sdsp a5, 104(sp)         : MemWrite :  D=0x0000000000000077 A=0x7ffffffffffffb48
1158500: system.cpu: T0 : 0x1cec0    : addi a5, zero, 124         : IntAlu :  D=0x000000000000007c
1159000: system.cpu: T0 : 0x1cec4    : c_sdsp s9, 8(sp)           : MemWrite :  D=0x0000000000000029 A=0x7ffffffffffffae8
1159500: system.cpu: T0 : 0x1cec6    : c_sdsp a5, 120(sp)         : MemWrite :  D=0x000000000000007c A=0x7ffffffffffffb58
1160000: system.cpu: T0 : 0x1cec8    : c_sdsp zero, 128(sp)       : MemWrite :  D=0x0000000000000000 A=0x7ffffffffffffb60
1160500: system.cpu: T0 : 0x1ceca    : c_sdsp zero, 136(sp)       : MemWrite :  D=0x0000000000000000 A=0x7ffffffffffffb68
1161000: system.cpu: T0 : 0x1cecc    : ld a5, 40(tp)              : MemRead :  D=0x0000000000000000 A=0x73738
1161500: system.cpu: T0 : 0x1ced0    : addi s6, s0, -17           : IntAlu :  D=0x000000000000027f
1162000: system.cpu: T0 : 0x1ced4    : srli s6, s6, 4             : IntAlu :  D=0x0000000000000027
1162500: system.cpu: T0 : 0x1ced8    : c_li s5, 0                 : IntAlu :  D=0x0000000000000000
1163000: system.cpu: T0 : 0x1ceda    : c_beqz a5, 22              : IntAlu : 
1163500: system.cpu: T0 : 0x1cef0    : lui a5, 111                : IntAlu :  D=0x000000000006f000
1164000: system.cpu: T0 : 0x1cef4    : c_lui s11, 1               : IntAlu :  D=0x0000000000001000
1165000: system.cpu: T0 : 0x1cef6    : lui s7, 111                : IntAlu :  D=0x000000000006f000
1166000: system.cpu: T0 : 0x1cefa    : addi a5, a5, 1480          : IntAlu :  D=0x000000000006f5c8
1167000: system.cpu: T0 : 0x1cefe    : addi s8, s1, 96            : IntAlu :  D=0x000000000006f628
1167500: system.cpu: T0 : 0x1cf02    : c_li t5, 0                 : IntAlu :  D=0x0000000000000000
1168000: system.cpu: T0 : 0x1cf04    : addi s7, s7, 1368          : IntAlu :  D=0x000000000006f558
1168500: system.cpu: T0 : 0x1cf08    : add a7, s1, s11            : IntAlu :  D=0x00000000000705c8
1169000: system.cpu: T0 : 0x1cf0c    : c_sdsp a5, 56(sp)          : MemWrite :  D=0x000000000006f5c8 A=0x7ffffffffffffb18
1169500: system.cpu: T0 : 0x1cf0e    : c_ld a5, 120(s1)           : MemRead :  D=0x000000000006f628 A=0x6f640
1170000: system.cpu: T0 : 0x1cf10    : beq a5, s8, 532            : IntAlu : 
1170500: system.cpu: T0 : 0x1d124    : addi a5, zero, 1023        : IntAlu :  D=0x00000000000003ff
1171000: system.cpu: T0 : 0x1d128    : bgeu a5, s0, 38            : IntAlu : 
1171500: system.cpu: T0 : 0x1d14e    : c_ldsp a3, 8(sp)           : MemRead :  D=0x0000000000000029 A=0x7ffffffffffffae8
1172000: system.cpu: T0 : 0x1d150    : c_li a0, 4                 : IntAlu :  D=0x0000000000000004
1173000: system.cpu: T0 : 0x1d152    : addiw a5, a3, 1            : IntAlu :  D=0x000000000000002a
1174000: system.cpu: T0 : 0x1d156    : srliw a4, a5, 5            : IntAlu :  D=0x0000000000000001
1175000: system.cpu: T0 : 0x1d15a    : slliw a3, a3, 1            : IntAlu :  D=0x0000000000000052
1176000: system.cpu: T0 : 0x1d15e    : addi a4, a4, 536           : IntAlu :  D=0x0000000000000219
1176500: system.cpu: T0 : 0x1d162    : c_slli a3, 32              : IntAlu :  D=0x0000005200000000
1177000: system.cpu: T0 : 0x1d164    : c_slli a4, 2               : IntAlu :  D=0x0000000000000864
1177500: system.cpu: T0 : 0x1d166    : c_srli a3, 32              : IntAlu :  D=0x0000000000000052
1178000: system.cpu: T0 : 0x1d168    : c_add a4, s1               : IntAlu :  D=0x000000000006fe2c
1178500: system.cpu: T0 : 0x1d16a    : c_slli a3, 3               : IntAlu :  D=0x0000000000000290
1179000: system.cpu: T0 : 0x1d16c    : c_lw a2, 0(a4)             : MemRead :  D=0x0000000000000000 A=0x6fe2c
1180000: system.cpu: T0 : 0x1d16e    : addi a3, a3, 96            : IntAlu :  D=0x00000000000002f0
1180500: system.cpu: T0 : 0x1d172    : c_li a4, 1                 : IntAlu :  D=0x0000000000000001
1181000: system.cpu: T0 : 0x1d174    : srliw s2, a5, 5            : IntAlu :  D=0x0000000000000001
1181500: system.cpu: T0 : 0x1d178    : c_add a3, s1               : IntAlu :  D=0x000000000006f8b8
1182500: system.cpu: T0 : 0x1d17a    : sllw a5, a4, a5            : IntAlu :  D=0x0000000000000400
1183500: system.cpu: T0 : 0x1d17e    : bltu a2, a5, 144           : IntAlu : 
1184500: system.cpu: T0 : 0x1d20e    : addiw a5, s2, 1            : IntAlu :  D=0x0000000000000002
1185500: system.cpu: T0 : 0x1d212    : addiw s2, a5, 0            : IntAlu :  D=0x0000000000000002
1186500: system.cpu: T0 : 0x1d216    : bne s2, a0, -26            : IntAlu : 
1187000: system.cpu: T0 : 0x1d1fc    : c_slli a5, 32              : IntAlu :  D=0x0000000200000000
1187500: system.cpu: T0 : 0x1d1fe    : c_srli a5, 32              : IntAlu :  D=0x0000000000000002
1188000: system.cpu: T0 : 0x1d200    : addi a5, a5, 536           : IntAlu :  D=0x000000000000021a
1188500: system.cpu: T0 : 0x1d204    : c_slli a5, 2               : IntAlu :  D=0x0000000000000868
1189000: system.cpu: T0 : 0x1d206    : c_add a5, s1               : IntAlu :  D=0x000000000006fe30
1189500: system.cpu: T0 : 0x1d208    : c_lw a2, 0(a5)             : MemRead :  D=0x0000000000000000 A=0x6fe30
1190500: system.cpu: T0 : 0x1d20a    : bne a2, zero, 384          : IntAlu : 
1191500: system.cpu: T0 : 0x1d20e    : addiw a5, s2, 1            : IntAlu :  D=0x0000000000000003
1192500: system.cpu: T0 : 0x1d212    : addiw s2, a5, 0            : IntAlu :  D=0x0000000000000003
1193500: system.cpu: T0 : 0x1d216    : bne s2, a0, -26            : IntAlu : 
1194000: system.cpu: T0 : 0x1d1fc    : c_slli a5, 32              : IntAlu :  D=0x0000000300000000
1194500: system.cpu: T0 : 0x1d1fe    : c_srli a5, 32              : IntAlu :  D=0x0000000000000003
1195000: system.cpu: T0 : 0x1d200    : addi a5, a5, 536           : IntAlu :  D=0x000000000000021b
1195500: system.cpu: T0 : 0x1d204    : c_slli a5, 2               : IntAlu :  D=0x000000000000086c
1196000: system.cpu: T0 : 0x1d206    : c_add a5, s1               : IntAlu :  D=0x000000000006fe34
1196500: system.cpu: T0 : 0x1d208    : c_lw a2, 0(a5)             : MemRead :  D=0x0000000000000000 A=0x6fe34
1197500: system.cpu: T0 : 0x1d20a    : bne a2, zero, 384          : IntAlu : 
1198500: system.cpu: T0 : 0x1d20e    : addiw a5, s2, 1            : IntAlu :  D=0x0000000000000004
1199500: system.cpu: T0 : 0x1d212    : addiw s2, a5, 0            : IntAlu :  D=0x0000000000000004
1200500: system.cpu: T0 : 0x1d216    : bne s2, a0, -26            : IntAlu : 
1201000: system.cpu: T0 : 0x1d21a    : c_ld a4, 96(s1)            : MemRead :  D=0x000000000006f628 A=0x6f628
1201500: system.cpu: T0 : 0x1d21c    : ld a3, -1912(a7)           : MemRead :  D=0x0000000000000000 A=0x6fe50
1202000: system.cpu: T0 : 0x1d220    : c_ld a5, 8(a4)             : MemRead :  D=0x0000000000000000 A=0x6f630
1202500: system.cpu: T0 : 0x1d222    : c_andi a5, 18446744073709551608 : IntAlu :  D=0x0000000000000000
1203000: system.cpu: T0 : 0x1d224    : bltu a3, a5, 548           : IntAlu : 
1203500: system.cpu: T0 : 0x1d228    : addi a3, s0, 32            : IntAlu :  D=0x00000000000002b0
1204000: system.cpu: T0 : 0x1d22c    : bgeu a5, a3, 640           : IntAlu : 
1204500: system.cpu: T0 : 0x1d230    : c_sdsp a7, 32(sp)          : MemWrite :  D=0x00000000000705c8 A=0x7ffffffffffffb00
1205000: system.cpu: T0 : 0x1d232    : c_sdsp t1, 24(sp)          : MemWrite :  D=0x0000000000000001 A=0x7ffffffffffffaf8
1205500: system.cpu: T0 : 0x1d234    : c_sdsp t5, 16(sp)          : MemWrite :  D=0x0000000000000000 A=0x7ffffffffffffaf0
1206000: system.cpu: T0 : 0x1d236    : c_lw a5, 8(s1)             : MemRead :  D=0x0000000000000000 A=0x6f5d0
1206500: system.cpu: T0 : 0x1d238    : c_addiw a5, 0              : IntAlu :  D=0x0000000000000000
1207000: system.cpu: T0 : 0x1d23a    : c_beqz a5, 180             : IntAlu : 
1207500: system.cpu: T0 : 0x1d2ee    : c_mv a1, s1                : IntAlu :  D=0x000000000006f5c8
1208000: system.cpu: T0 : 0x1d2f0    : c_mv a0, s0                : IntAlu :  D=0x0000000000000290
1209000: system.cpu: T0 : 0x1d2f2    : jal ra, -3372              : IntAlu :  D=0x000000000001d2f6
1209500: system.cpu: T0 : 0x1c5c6    : c_addi16sp sp, -160        : IntAlu :  D=0x7ffffffffffffa40
1210000: system.cpu: T0 : 0x1c5c8    : c_sdsp s1, 136(sp)         : MemWrite :  D=0x000000000006f5c8 A=0x7ffffffffffffac8
1210500: system.cpu: T0 : 0x1c5ca    : c_sdsp s2, 128(sp)         : MemWrite :  D=0x0000000000000004 A=0x7ffffffffffffac0
1211000: system.cpu: T0 : 0x1c5cc    : c_sdsp s10, 64(sp)         : MemWrite :  D=0x000000000000000a A=0x7ffffffffffffa80
1211500: system.cpu: T0 : 0x1c5ce    : c_sdsp ra, 152(sp)         : MemWrite :  D=0x000000000001d2f6 A=0x7ffffffffffffad8
1212000: system.cpu: T0 : 0x1c5d0    : c_sdsp s0, 144(sp)         : MemWrite :  D=0x0000000000000290 A=0x7ffffffffffffad0
1212500: system.cpu: T0 : 0x1c5d2    : c_sdsp s3, 120(sp)         : MemWrite :  D=0x0000000000000280 A=0x7ffffffffffffab8
1213000: system.cpu: T0 : 0x1c5d4    : c_sdsp s4, 112(sp)         : MemWrite :  D=0x0000000000000000 A=0x7ffffffffffffab0
1213500: system.cpu: T0 : 0x1c5d6    : c_sdsp s5, 104(sp)         : MemWrite :  D=0x0000000000000000 A=0x7ffffffffffffaa8
1214000: system.cpu: T0 : 0x1c5d8    : c_sdsp s6, 96(sp)          : MemWrite :  D=0x0000000000000027 A=0x7ffffffffffffaa0
1214500: system.cpu: T0 : 0x1c5da    : c_sdsp s7, 88(sp)          : MemWrite :  D=0x000000000006f558 A=0x7ffffffffffffa98
1215000: system.cpu: T0 : 0x1c5dc    : c_sdsp s8, 80(sp)          : MemWrite :  D=0x000000000006f628 A=0x7ffffffffffffa90
1215500: system.cpu: T0 : 0x1c5de    : c_sdsp s9, 72(sp)          : MemWrite :  D=0x0000000000000029 A=0x7ffffffffffffa88
1216000: system.cpu: T0 : 0x1c5e0    : c_sdsp s11, 56(sp)         : MemWrite :  D=0x0000000000001000 A=0x7ffffffffffffa78
1217000: system.cpu: T0 : 0x1c5e2    : ld s2, -1784(gp)           : MemRead :  D=0x0000000000001000 A=0x70938
1217500: system.cpu: T0 : 0x1c5e6    : c_mv s1, a0                : IntAlu :  D=0x0000000000000290
1218000: system.cpu: T0 : 0x1c5e8    : beq a1, zero, 534          : IntAlu : 
1218500: system.cpu: T0 : 0x1c5ec    : lui s11, 111               : IntAlu :  D=0x000000000006f000
1219000: system.cpu: T0 : 0x1c5f0    : addi s11, s11, 1368        : IntAlu :  D=0x000000000006f558
1219500: system.cpu: T0 : 0x1c5f4    : ld a5, 16(s11)             : MemRead :  D=0x0000000000020000 A=0x6f568
1220000: system.cpu: T0 : 0x1c5f8    : c_mv s0, a1                : IntAlu :  D=0x000000000006f5c8
1221000: system.cpu: T0 : 0x1c5fa    : bgeu a0, a5, 276           : IntAlu : 
1221500: system.cpu: T0 : 0x1c5fe    : c_sdsp zero, 8(sp)         : MemWrite :  D=0x0000000000000000 A=0x7ffffffffffffa48
1222000: system.cpu: T0 : 0x1c600    : addi s5, s2, 7             : IntAlu :  D=0x0000000000001007
1222500: system.cpu: T0 : 0x1c604    : add a5, s5, s1             : IntAlu :  D=0x0000000000001297
1223000: system.cpu: T0 : 0x1c608    : lui s6, 111                : IntAlu :  D=0x000000000006f000
1223500: system.cpu: T0 : 0x1c60c    : sub s5, zero, s2           : IntAlu :  D=0xfffffffffffff000
1224000: system.cpu: T0 : 0x1c610    : addi a7, s0, 96            : IntAlu :  D=0x000000000006f628
1224500: system.cpu: T0 : 0x1c614    : addi t1, s2, -1            : IntAlu :  D=0x0000000000000fff
1225000: system.cpu: T0 : 0x1c618    : addi s8, s1, 32            : IntAlu :  D=0x00000000000002b0
1225500: system.cpu: T0 : 0x1c61c    : addi s7, s6, 1480          : IntAlu :  D=0x000000000006f5c8
1226000: system.cpu: T0 : 0x1c620    : and s5, a5, s5             : IntAlu :  D=0x0000000000001000
1226500: system.cpu: T0 : 0x1c624    : ld s4, 96(s0)              : MemRead :  D=0x000000000006f628 A=0x6f628
1227000: system.cpu: T0 : 0x1c628    : ld a5, 8(s4)               : MemRead :  D=0x0000000000000000 A=0x6f630
1227500: system.cpu: T0 : 0x1c62c    : andi s3, a5, 18446744073709551608 : IntAlu :  D=0x0000000000000000
1228000: system.cpu: T0 : 0x1c630    : add s9, s4, s3             : IntAlu :  D=0x000000000006f628
1228500: system.cpu: T0 : 0x1c634    : beq s4, a7, 506            : IntAlu : 
1229500: system.cpu: T0 : 0x1c82e    : beq s3, zero, -482         : IntAlu : 
1230000: system.cpu: T0 : 0x1c64c    : bgeu s3, s8, 1112          : IntAlu : 
1230500: system.cpu: T0 : 0x1c650    : beq s0, s7, 484            : IntAlu : 
1231000: system.cpu: T0 : 0x1c834    : ld s5, 8(s11)              : MemRead :  D=0x0000000000020000 A=0x6f560
1231500: system.cpu: T0 : 0x1c838    : c_lw a5, 4(s0)             : MemRead :  D=0x0000000000000000 A=0x6f5cc
1232500: system.cpu: T0 : 0x1c83a    : addi s10, s2, -1           : IntAlu :  D=0x0000000000000fff
1233500: system.cpu: T0 : 0x1c83e    : addi s5, s5, 32            : IntAlu :  D=0x0000000000020020
1234000: system.cpu: T0 : 0x1c842    : c_add s5, s10              : IntAlu :  D=0x000000000002101f
1234500: system.cpu: T0 : 0x1c844    : c_andi a5, 2               : IntAlu :  D=0x0000000000000000
1235000: system.cpu: T0 : 0x1c846    : c_add s5, s1               : IntAlu :  D=0x00000000000212af
1235500: system.cpu: T0 : 0x1c848    : sub a6, zero, s2           : IntAlu :  D=0xfffffffffffff000
1236000: system.cpu: T0 : 0x1c84c    : c_beqz a5, 158             : IntAlu : 
1237000: system.cpu: T0 : 0x1c8ea    : sub s5, s5, s3             : IntAlu :  D=0x00000000000212af
1238000: system.cpu: T0 : 0x1c8ee    : and s5, s5, a6             : IntAlu :  D=0x0000000000021000
1239000: system.cpu: T0 : 0x1c8f2    : blt zero, s5, -156         : IntAlu : 
1240000: system.cpu: T0 : 0x1c856    : ld a5, -1840(gp)           : MemRead :  D=0x000000000001f186 A=0x70900
1240500: system.cpu: T0 : 0x1c85a    : c_mv a0, s5                : IntAlu :  D=0x0000000000021000
1241000: system.cpu: T0 : 0x1c85c    : c_sdsp a6, 8(sp)           : MemWrite :  D=0xfffffffffffff000 A=0x7ffffffffffffa48
1241500: system.cpu: T0 : 0x1c85e    : c_jalr a5                  : IntAlu :  D=0x000000000001c860
1242000: system.cpu: T0 : 0x1f186    : c_addi sp, -16             : IntAlu :  D=0x7ffffffffffffa30
1242500: system.cpu: T0 : 0x1f188    : c_sdsp ra, 8(sp)           : MemWrite :  D=0x000000000001c860 A=0x7ffffffffffffa38
1243500: system.cpu: T0 : 0x1f18a    : jal ra, 9318               : IntAlu :  D=0x000000000001f18e
1244000: system.cpu: T0 : 0x215f0    : c_addi sp, -32             : IntAlu :  D=0x7ffffffffffffa10
1244500: system.cpu: T0 : 0x215f2    : c_sdsp s2, 0(sp)           : MemWrite :  D=0x0000000000001000 A=0x7ffffffffffffa10
1245000: system.cpu: T0 : 0x215f4    : c_sdsp s1, 8(sp)           : MemWrite :  D=0x0000000000000290 A=0x7ffffffffffffa18
1246000: system.cpu: T0 : 0x215f6    : ld s1, -1200(gp)           : MemRead :  D=0x0000000000073f80 A=0x70b80
1246500: system.cpu: T0 : 0x215fa    : c_sdsp s0, 16(sp)          : MemWrite :  D=0x000000000006f5c8 A=0x7ffffffffffffa20
1247000: system.cpu: T0 : 0x215fc    : c_sdsp ra, 24(sp)          : MemWrite :  D=0x000000000001f18e A=0x7ffffffffffffa28
1247500: system.cpu: T0 : 0x215fe    : c_mv s0, a0                : IntAlu :  D=0x0000000000021000
1248000: system.cpu: T0 : 0x21600    : c_beqz s1, 46              : IntAlu : 
1249000: system.cpu: T0 : 0x21602    : lw a5, -1728(gp)           : MemRead :  D=0x0000000000000000 A=0x70970
1249500: system.cpu: T0 : 0x21606    : c_bnez a5, 40              : IntAlu : 
1250000: system.cpu: T0 : 0x21608    : c_beqz s0, 24              : IntAlu : 
1251000: system.cpu: T0 : 0x2160a    : bge zero, s0, 52           : IntAlu : 
1252000: system.cpu: T0 : 0x2160e    : add a5, s0, s1             : IntAlu :  D=0x0000000000094f80
1253000: system.cpu: T0 : 0x21612    : sltu a5, a5, s1            : IntAlu :  D=0x0000000000000000
1253500: system.cpu: T0 : 0x21616    : c_beqz a5, 50              : IntAlu : 
1254000: system.cpu: T0 : 0x21648    : add a0, s1, s0             : IntAlu :  D=0x0000000000094f80
1254500: system.cpu: T0 : 0x2164c    : jal ra, 98390              : IntAlu :  D=0x0000000000021650
1255000: system.cpu: T0 : 0x396a2    : c_mv a5, a0                : IntAlu :  D=0x0000000000094f80
1255500: system.cpu: T0 : 0x396a4    : addi a7, zero, 214         : IntAlu :  D=0x00000000000000d6
1256000: system.cpu: T0 : 0x396a8    : ecall                      : No_OpClass : 
1256500: system.cpu: T0 : 0x396ac    : sd a0, -1200(gp)           : MemWrite :  D=0x0000000000094f80 A=0x70b80
1257000: system.cpu: T0 : 0x396b0    : bltu a0, a5, 8             : IntAlu : 
1257500: system.cpu: T0 : 0x396b4    : c_li a0, 0                 : IntAlu :  D=0x0000000000000000
1258000: system.cpu: T0 : 0x396b6    : c_jr ra                    : IntAlu : 
1258500: system.cpu: T0 : 0x21650    : blt a0, zero, -50          : IntAlu : 
1259000: system.cpu: T0 : 0x21654    : c_ldsp ra, 24(sp)          : MemRead :  D=0x000000000001f18e A=0x7ffffffffffffa28
1259500: system.cpu: T0 : 0x21656    : c_ldsp s0, 16(sp)          : MemRead :  D=0x000000000006f5c8 A=0x7ffffffffffffa20
1260000: system.cpu: T0 : 0x21658    : c_ldsp s2, 0(sp)           : MemRead :  D=0x0000000000001000 A=0x7ffffffffffffa10
1260500: system.cpu: T0 : 0x2165a    : c_mv a0, s1                : IntAlu :  D=0x0000000000073f80
1261000: system.cpu: T0 : 0x2165c    : c_ldsp s1, 8(sp)           : MemRead :  D=0x0000000000000290 A=0x7ffffffffffffa18
1261500: system.cpu: T0 : 0x2165e    : c_addi16sp sp, 32          : IntAlu :  D=0x7ffffffffffffa30
1262000: system.cpu: T0 : 0x21660    : c_jr ra                    : IntAlu : 
1262500: system.cpu: T0 : 0x1f18e    : c_li a5, -1                : IntAlu :  D=0xffffffffffffffff
1263000: system.cpu: T0 : 0x1f190    : beq a0, a5, 10             : IntAlu : 
1263500: system.cpu: T0 : 0x1f194    : c_ldsp ra, 8(sp)           : MemRead :  D=0x000000000001c860 A=0x7ffffffffffffa38
1264000: system.cpu: T0 : 0x1f196    : c_addi sp, 16              : IntAlu :  D=0x7ffffffffffffa40
1264500: system.cpu: T0 : 0x1f198    : c_jr ra                    : IntAlu : 
1265000: system.cpu: T0 : 0x1c860    : c_ldsp a6, 8(sp)           : MemRead :  D=0xfffffffffffff000 A=0x7ffffffffffffa48
1265500: system.cpu: T0 : 0x1c862    : c_mv s2, a0                : IntAlu :  D=0x0000000000073f80
1266000: system.cpu: T0 : 0x1c864    : beq a0, zero, 502          : IntAlu : 
1266500: system.cpu: T0 : 0x1c868    : ld a5, -1392(gp)           : MemRead :  D=0x0000000000000000 A=0x70ac0
1267000: system.cpu: T0 : 0x1c86c    : c_li a4, 0                 : IntAlu :  D=0x0000000000000000
1268000: system.cpu: T0 : 0x1c86e    : bne a5, zero, 538          : IntAlu : 
1269000: system.cpu: T0 : 0x1c872    : ld a5, 72(s11)             : MemRead :  D=0x0000000000000000 A=0x6f5a0
1270000: system.cpu: T0 : 0x1c876    : beq a5, zero, 380          : IntAlu : 
1271000: system.cpu: T0 : 0x1c9f2    : sd s2, 72(s11)             : MemWrite :  D=0x0000000000073f80 A=0x6f5a0
1271500: system.cpu: T0 : 0x1c9f6    : c_j -380                   : IntAlu : 
1272000: system.cpu: T0 : 0x1c87a    : c_lui s11, 1               : IntAlu :  D=0x0000000000001000
1272500: system.cpu: T0 : 0x1c87c    : c_add s11, s7              : IntAlu :  D=0x00000000000705c8
1273500: system.cpu: T0 : 0x1c87e    : ld a5, -1912(s11)          : MemRead :  D=0x0000000000000000 A=0x6fe50
1274000: system.cpu: T0 : 0x1c882    : c_add a5, s5               : IntAlu :  D=0x0000000000021000
1274500: system.cpu: T0 : 0x1c884    : sd a5, -1912(s11)          : MemWrite :  D=0x0000000000021000 A=0x6fe50
1275000: system.cpu: T0 : 0x1c888    : beq s9, s2, 342            : IntAlu : 
1275500: system.cpu: T0 : 0x1c88c    : lw a3, 4(s7)               : MemRead :  D=0x0000000000000000 A=0x6f5cc
1276000: system.cpu: T0 : 0x1c890    : c_andi a3, 2               : IntAlu :  D=0x0000000000000000
1277000: system.cpu: T0 : 0x1c892    : bne a3, zero, 242          : IntAlu : 
1278000: system.cpu: T0 : 0x1c896    : beq s3, zero, 18           : IntAlu : 
1278500: system.cpu: T0 : 0x1c8a8    : andi a5, s2, 15            : IntAlu :  D=0x0000000000000000
1279000: system.cpu: T0 : 0x1c8ac    : bne a5, zero, 332          : IntAlu : 
1279500: system.cpu: T0 : 0x1c8b0    : c_mv a4, s3                : IntAlu :  D=0x0000000000000000
1280000: system.cpu: T0 : 0x1c8b2    : c_mv s9, s2                : IntAlu :  D=0x0000000000073f80
1280500: system.cpu: T0 : 0x1c8b4    : c_add s5, a4               : IntAlu :  D=0x0000000000021000
1281500: system.cpu: T0 : 0x1c8b6    : add a0, s2, s5             : IntAlu :  D=0x0000000000094f80
1282000: system.cpu: T0 : 0x1c8ba    : c_add s10, a0              : IntAlu :  D=0x0000000000095f7f
1282500: system.cpu: T0 : 0x1c8bc    : and a6, s10, a6            : IntAlu :  D=0x0000000000095000
1283000: system.cpu: T0 : 0x1c8c0    : c_sub a4, a0               : IntAlu :  D=0xfffffffffff6b080
1284000: system.cpu: T0 : 0x1c8c2    : add s5, a6, a4             : IntAlu :  D=0x0000000000000080
1285000: system.cpu: T0 : 0x1c8c6    : blt s5, zero, 626          : IntAlu : 
1286000: system.cpu: T0 : 0x1c8ca    : ld a5, -1840(gp)           : MemRead :  D=0x000000000001f186 A=0x70900
1286500: system.cpu: T0 : 0x1c8ce    : c_mv a0, s5                : IntAlu :  D=0x0000000000000080
1287000: system.cpu: T0 : 0x1c8d0    : c_jalr a5                  : IntAlu :  D=0x000000000001c8d2
1287500: system.cpu: T0 : 0x1f186    : c_addi sp, -16             : IntAlu :  D=0x7ffffffffffffa30
1288000: system.cpu: T0 : 0x1f188    : c_sdsp ra, 8(sp)           : MemWrite :  D=0x000000000001c8d2 A=0x7ffffffffffffa38
1289000: system.cpu: T0 : 0x1f18a    : jal ra, 9318               : IntAlu :  D=0x000000000001f18e
1289500: system.cpu: T0 : 0x215f0    : c_addi sp, -32             : IntAlu :  D=0x7ffffffffffffa10
1290000: system.cpu: T0 : 0x215f2    : c_sdsp s2, 0(sp)           : MemWrite :  D=0x0000000000073f80 A=0x7ffffffffffffa10
1290500: system.cpu: T0 : 0x215f4    : c_sdsp s1, 8(sp)           : MemWrite :  D=0x0000000000000290 A=0x7ffffffffffffa18
1291500: system.cpu: T0 : 0x215f6    : ld s1, -1200(gp)           : MemRead :  D=0x0000000000094f80 A=0x70b80
1292000: system.cpu: T0 : 0x215fa    : c_sdsp s0, 16(sp)          : MemWrite :  D=0x000000000006f5c8 A=0x7ffffffffffffa20
1292500: system.cpu: T0 : 0x215fc    : c_sdsp ra, 24(sp)          : MemWrite :  D=0x000000000001f18e A=0x7ffffffffffffa28
1293000: system.cpu: T0 : 0x215fe    : c_mv s0, a0                : IntAlu :  D=0x0000000000000080
1293500: system.cpu: T0 : 0x21600    : c_beqz s1, 46              : IntAlu : 
1294500: system.cpu: T0 : 0x21602    : lw a5, -1728(gp)           : MemRead :  D=0x0000000000000000 A=0x70970
1295000: system.cpu: T0 : 0x21606    : c_bnez a5, 40              : IntAlu : 
1295500: system.cpu: T0 : 0x21608    : c_beqz s0, 24              : IntAlu : 
1296500: system.cpu: T0 : 0x2160a    : bge zero, s0, 52           : IntAlu : 
1297500: system.cpu: T0 : 0x2160e    : add a5, s0, s1             : IntAlu :  D=0x0000000000095000
1298500: system.cpu: T0 : 0x21612    : sltu a5, a5, s1            : IntAlu :  D=0x0000000000000000
1299000: system.cpu: T0 : 0x21616    : c_beqz a5, 50              : IntAlu : 
1299500: system.cpu: T0 : 0x21648    : add a0, s1, s0             : IntAlu :  D=0x0000000000095000
1300000: system.cpu: T0 : 0x2164c    : jal ra, 98390              : IntAlu :  D=0x0000000000021650
1300500: system.cpu: T0 : 0x396a2    : c_mv a5, a0                : IntAlu :  D=0x0000000000095000
1301000: system.cpu: T0 : 0x396a4    : addi a7, zero, 214         : IntAlu :  D=0x00000000000000d6
1301500: system.cpu: T0 : 0x396a8    : ecall                      : No_OpClass : 
1302000: system.cpu: T0 : 0x396ac    : sd a0, -1200(gp)           : MemWrite :  D=0x0000000000095000 A=0x70b80
1302500: system.cpu: T0 : 0x396b0    : bltu a0, a5, 8             : IntAlu : 
1303000: system.cpu: T0 : 0x396b4    : c_li a0, 0                 : IntAlu :  D=0x0000000000000000
1303500: system.cpu: T0 : 0x396b6    : c_jr ra                    : IntAlu : 
1304000: system.cpu: T0 : 0x21650    : blt a0, zero, -50          : IntAlu : 
1304500: system.cpu: T0 : 0x21654    : c_ldsp ra, 24(sp)          : MemRead :  D=0x000000000001f18e A=0x7ffffffffffffa28
1305000: system.cpu: T0 : 0x21656    : c_ldsp s0, 16(sp)          : MemRead :  D=0x000000000006f5c8 A=0x7ffffffffffffa20
1305500: system.cpu: T0 : 0x21658    : c_ldsp s2, 0(sp)           : MemRead :  D=0x0000000000073f80 A=0x7ffffffffffffa10
1306000: system.cpu: T0 : 0x2165a    : c_mv a0, s1                : IntAlu :  D=0x0000000000094f80
1306500: system.cpu: T0 : 0x2165c    : c_ldsp s1, 8(sp)           : MemRead :  D=0x0000000000000290 A=0x7ffffffffffffa18
1307000: system.cpu: T0 : 0x2165e    : c_addi16sp sp, 32          : IntAlu :  D=0x7ffffffffffffa30
1307500: system.cpu: T0 : 0x21660    : c_jr ra                    : IntAlu : 
1308000: system.cpu: T0 : 0x1f18e    : c_li a5, -1                : IntAlu :  D=0xffffffffffffffff
1308500: system.cpu: T0 : 0x1f190    : beq a0, a5, 10             : IntAlu : 
1309000: system.cpu: T0 : 0x1f194    : c_ldsp ra, 8(sp)           : MemRead :  D=0x000000000001c8d2 A=0x7ffffffffffffa38
1309500: system.cpu: T0 : 0x1f196    : c_addi sp, 16              : IntAlu :  D=0x7ffffffffffffa40
1310000: system.cpu: T0 : 0x1f198    : c_jr ra                    : IntAlu : 
1310500: system.cpu: T0 : 0x1c8d2    : c_mv a4, a0                : IntAlu :  D=0x0000000000094f80
1311000: system.cpu: T0 : 0x1c8d4    : beq a0, zero, 426          : IntAlu : 
1311500: system.cpu: T0 : 0x1c8d8    : ld a5, -1392(gp)           : MemRead :  D=0x0000000000000000 A=0x70ac0
1312000: system.cpu: T0 : 0x1c8dc    : bne a5, zero, 440          : IntAlu : 
1312500: system.cpu: T0 : 0x1c8e0    : ld a5, -1912(s11)          : MemRead :  D=0x0000000000021000 A=0x6fe50
1313000: system.cpu: T0 : 0x1c8e4    : c_mv s2, s9                : IntAlu :  D=0x0000000000073f80
1313500: system.cpu: T0 : 0x1c8e6    : c_add a5, s5               : IntAlu :  D=0x0000000000021080
1314000: system.cpu: T0 : 0x1c8e8    : c_j 168                    : IntAlu : 
1314500: system.cpu: T0 : 0x1c990    : sub a4, a4, s2             : IntAlu :  D=0x0000000000021000
1315000: system.cpu: T0 : 0x1c994    : c_add a4, s5               : IntAlu :  D=0x0000000000021080
1316000: system.cpu: T0 : 0x1c996    : sd s2, 96(s7)              : MemWrite :  D=0x0000000000073f80 A=0x6f628
1317000: system.cpu: T0 : 0x1c99a    : ori a4, a4, 1              : IntAlu :  D=0x0000000000021081
1318000: system.cpu: T0 : 0x1c99e    : sd a4, 8(s2)               : MemWrite :  D=0x0000000000021081 A=0x73f88
1319000: system.cpu: T0 : 0x1c9a2    : sd a5, -1912(s11)          : MemWrite :  D=0x0000000000021080 A=0x6fe50
1320000: system.cpu: T0 : 0x1c9a6    : beq s3, zero, -754         : IntAlu : 
1320500: system.cpu: T0 : 0x1c6b4    : c_lui a4, 1                : IntAlu :  D=0x0000000000001000
1321000: system.cpu: T0 : 0x1c6b6    : c_add a4, s0               : IntAlu :  D=0x00000000000705c8
1321500: system.cpu: T0 : 0x1c6b8    : ld a3, -1904(a4)           : MemRead :  D=0x0000000000000000 A=0x6fe58
1322000: system.cpu: T0 : 0x1c6bc    : bgeu a3, a5, 8             : IntAlu : 
1322500: system.cpu: T0 : 0x1c6c0    : sd a5, -1904(a4)           : MemWrite :  D=0x0000000000021080 A=0x6fe58
1323000: system.cpu: T0 : 0x1c6c4    : ld a5, 8(s2)               : MemRead :  D=0x0000000000021081 A=0x73f88
1323500: system.cpu: T0 : 0x1c6c8    : c_andi a5, 18446744073709551608 : IntAlu :  D=0x0000000000021080
1324500: system.cpu: T0 : 0x1c6ca    : bltu a5, s8, 298           : IntAlu : 
1325500: system.cpu: T0 : 0x1c6ce    : add a4, s2, s1             : IntAlu :  D=0x0000000000074210
1326000: system.cpu: T0 : 0x1c6d2    : c_sd a4, 96(s0)            : MemWrite :  D=0x0000000000074210 A=0x6f628
1326500: system.cpu: T0 : 0x1c6d4    : c_sub a5, s1               : IntAlu :  D=0x0000000000020df0
1327500: system.cpu: T0 : 0x1c6d6    : beq s0, s7, 8              : IntAlu : 
1328500: system.cpu: T0 : 0x1c6de    : ori s1, s1, 1              : IntAlu :  D=0x0000000000000291
1329500: system.cpu: T0 : 0x1c6e2    : sd s1, 8(s2)               : MemWrite :  D=0x0000000000000291 A=0x73f88
1330500: system.cpu: T0 : 0x1c6e6    : ori a5, a5, 1              : IntAlu :  D=0x0000000000020df1
1331000: system.cpu: T0 : 0x1c6ea    : c_sd a5, 8(a4)             : MemWrite :  D=0x0000000000020df1 A=0x74218
1331500: system.cpu: T0 : 0x1c6ea    : c_sd a5, 8(a4)             : MemWrite :  D=0x0000000000020df1 A=0x74218
1332000: system.cpu: T0 : 0x1c6ec    : addi a0, s2, 16            : IntAlu :  D=0x0000000000073f90
1332500: system.cpu: T0 : 0x1c6f0    : c_ldsp ra, 152(sp)         : MemRead :  D=0x000000000001d2f6 A=0x7ffffffffffffad8
1333000: system.cpu: T0 : 0x1c6f2    : c_ldsp s0, 144(sp)         : MemRead :  D=0x0000000000000290 A=0x7ffffffffffffad0
1333500: system.cpu: T0 : 0x1c6f4    : c_ldsp s1, 136(sp)         : MemRead :  D=0x000000000006f5c8 A=0x7ffffffffffffac8
1334000: system.cpu: T0 : 0x1c6f6    : c_ldsp s2, 128(sp)         : MemRead :  D=0x0000000000000004 A=0x7ffffffffffffac0
1334500: system.cpu: T0 : 0x1c6f8    : c_ldsp s3, 120(sp)         : MemRead :  D=0x0000000000000280 A=0x7ffffffffffffab8
1335000: system.cpu: T0 : 0x1c6fa    : c_ldsp s4, 112(sp)         : MemRead :  D=0x0000000000000000 A=0x7ffffffffffffab0
1335500: system.cpu: T0 : 0x1c6fc    : c_ldsp s5, 104(sp)         : MemRead :  D=0x0000000000000000 A=0x7ffffffffffffaa8
1336000: system.cpu: T0 : 0x1c6fe    : c_ldsp s6, 96(sp)          : MemRead :  D=0x0000000000000027 A=0x7ffffffffffffaa0
1336500: system.cpu: T0 : 0x1c700    : c_ldsp s7, 88(sp)          : MemRead :  D=0x000000000006f558 A=0x7ffffffffffffa98
1337000: system.cpu: T0 : 0x1c702    : c_ldsp s8, 80(sp)          : MemRead :  D=0x000000000006f628 A=0x7ffffffffffffa90
1337500: system.cpu: T0 : 0x1c704    : c_ldsp s9, 72(sp)          : MemRead :  D=0x0000000000000029 A=0x7ffffffffffffa88
1338000: system.cpu: T0 : 0x1c706    : c_ldsp s10, 64(sp)         : MemRead :  D=0x000000000000000a A=0x7ffffffffffffa80
1338500: system.cpu: T0 : 0x1c708    : c_ldsp s11, 56(sp)         : MemRead :  D=0x0000000000001000 A=0x7ffffffffffffa78
1339000: system.cpu: T0 : 0x1c70a    : c_addi16sp sp, 160         : IntAlu :  D=0x7ffffffffffffae0
1339500: system.cpu: T0 : 0x1c70c    : c_jr ra                    : IntAlu : 
1340000: system.cpu: T0 : 0x1d2f6    : c_mv s2, a0                : IntAlu :  D=0x0000000000073f90
1340500: system.cpu: T0 : 0x1d2f8    : bne a0, zero, -672         : IntAlu : 
1341000: system.cpu: T0 : 0x1d058    : lw a1, -1396(gp)           : MemRead :  D=0x0000000000000000 A=0x70abc
1341500: system.cpu: T0 : 0x1d05c    : beq a1, zero, -516         : IntAlu : 
1342000: system.cpu: T0 : 0x1ce58    : c_ldsp ra, 248(sp)         : MemRead :  D=0x000000000001d698 A=0x7ffffffffffffbd8
1342500: system.cpu: T0 : 0x1ce5a    : c_ldsp s0, 240(sp)         : MemRead :  D=0x000000000006f5c8 A=0x7ffffffffffffbd0
1343000: system.cpu: T0 : 0x1ce5c    : c_ldsp s1, 232(sp)         : MemRead :  D=0x000000000006f5c8 A=0x7ffffffffffffbc8
1343500: system.cpu: T0 : 0x1ce5e    : c_ldsp s3, 216(sp)         : MemRead :  D=0x0000000000000000 A=0x7ffffffffffffbb8
1344000: system.cpu: T0 : 0x1ce60    : c_ldsp s4, 208(sp)         : MemRead :  D=0x0000000000000000 A=0x7ffffffffffffbb0
1344500: system.cpu: T0 : 0x1ce62    : c_ldsp s5, 200(sp)         : MemRead :  D=0x0000000000000000 A=0x7ffffffffffffba8
1345000: system.cpu: T0 : 0x1ce64    : c_ldsp s6, 192(sp)         : MemRead :  D=0x0000000000072000 A=0x7ffffffffffffba0
1345500: system.cpu: T0 : 0x1ce66    : c_ldsp s7, 184(sp)         : MemRead :  D=0x0000000000000000 A=0x7ffffffffffffb98
1346000: system.cpu: T0 : 0x1ce68    : c_ldsp s8, 176(sp)         : MemRead :  D=0x0000000000000000 A=0x7ffffffffffffb90
1346500: system.cpu: T0 : 0x1ce6a    : c_ldsp s9, 168(sp)         : MemRead :  D=0x0000000000000003 A=0x7ffffffffffffb88
1347000: system.cpu: T0 : 0x1ce6c    : c_ldsp s10, 160(sp)        : MemRead :  D=0x0000000000000000 A=0x7ffffffffffffb80
1347500: system.cpu: T0 : 0x1ce6e    : c_ldsp s11, 152(sp)        : MemRead :  D=0x0000000000000000 A=0x7ffffffffffffb78
1348000: system.cpu: T0 : 0x1ce70    : c_mv a0, s2                : IntAlu :  D=0x0000000000073f90
1348500: system.cpu: T0 : 0x1ce72    : c_ldsp s2, 224(sp)         : MemRead :  D=0x0000000000000002 A=0x7ffffffffffffbc0
1349000: system.cpu: T0 : 0x1ce74    : c_addi16sp sp, 256         : IntAlu :  D=0x7ffffffffffffbe0
1349500: system.cpu: T0 : 0x1ce76    : c_jr ra                    : IntAlu : 
1350000: system.cpu: T0 : 0x1d698    : c_mv a5, a0                : IntAlu :  D=0x0000000000073f90
1350500: system.cpu: T0 : 0x1d69a    : c_beqz a0, 70              : IntAlu : 
1351000: system.cpu: T0 : 0x1d69c    : c_li a4, 0                 : IntAlu :  D=0x0000000000000000
1352000: system.cpu: T0 : 0x1d69e    : fence iorw, ow             : No_OpClass : 
1353000: system.cpu: T0 : 0x1d6a2    : amoswap_w a4, a4, (s0)    
1353000: system.cpu: T0 : 0x1d6a2. 0 : amoswap_w[l] a4, a4, (s0)  : MemRead :  D=0x0000000000000001 A=0x6f5c8
1353500: system.cpu: T0 : 0x1d6a6    : c_addiw a4, 0              : IntAlu :  D=0x0000000000000001
1354000: system.cpu: T0 : 0x1d6a8    : c_li a3, 1                 : IntAlu :  D=0x0000000000000001
1355000: system.cpu: T0 : 0x1d6aa    : blt a3, a4, 96             : IntAlu : 
1355500: system.cpu: T0 : 0x1d6ae    : c_ldsp s0, 16(sp)          : MemRead :  D=0x0000000000000024 A=0x7ffffffffffffbf0
1356000: system.cpu: T0 : 0x1d6b0    : c_ldsp ra, 24(sp)          : MemRead :  D=0x000000000001e024 A=0x7ffffffffffffbf8
1356500: system.cpu: T0 : 0x1d6b2    : c_ldsp s1, 8(sp)           : MemRead :  D=0x0000000000000001 A=0x7ffffffffffffbe8
1357000: system.cpu: T0 : 0x1d6b4    : sd a5, 40(tp)              : MemWrite :  D=0x0000000000073f90 A=0x73738
1357500: system.cpu: T0 : 0x1d6b8    : addi a2, zero, 640         : IntAlu :  D=0x0000000000000280
1358000: system.cpu: T0 : 0x1d6bc    : c_li a1, 0                 : IntAlu :  D=0x0000000000000000
1358500: system.cpu: T0 : 0x1d6be    : c_mv a0, a5                : IntAlu :  D=0x0000000000073f90
1359000: system.cpu: T0 : 0x1d6c0    : c_addi16sp sp, 32          : IntAlu :  D=0x7ffffffffffffc00
1360000: system.cpu: T0 : 0x1d6c2    : jal zero, 10400            : IntAlu :  D=0x000000000001d6c6
1360500: system.cpu: T0 : 0x1ff62    : c_li a4, 7                 : IntAlu :  D=0x0000000000000007
1361000: system.cpu: T0 : 0x1ff64    : c_mv a5, a0                : IntAlu :  D=0x0000000000073f90
1362000: system.cpu: T0 : 0x1ff66    : bgeu a4, a2, 140           : IntAlu : 
1363000: system.cpu: T0 : 0x1ff6a    : andi a7, a1, 255           : IntAlu :  D=0x0000000000000000
1364000: system.cpu: T0 : 0x1ff6e    : slli a3, a7, 8             : IntAlu :  D=0x0000000000000000
1365000: system.cpu: T0 : 0x1ff72    : or a3, a3, a7              : IntAlu :  D=0x0000000000000000
1366000: system.cpu: T0 : 0x1ff76    : slli a4, a3, 16            : IntAlu :  D=0x0000000000000000
1366500: system.cpu: T0 : 0x1ff7a    : c_or a3, a4                : IntAlu :  D=0x0000000000000000
1367000: system.cpu: T0 : 0x1ff7c    : slli a4, a3, 32            : IntAlu :  D=0x0000000000000000
1367500: system.cpu: T0 : 0x1ff80    : andi a6, a0, 7             : IntAlu :  D=0x0000000000000000
1368000: system.cpu: T0 : 0x1ff84    : c_or a4, a3                : IntAlu :  D=0x0000000000000000
1369000: system.cpu: T0 : 0x1ff86    : beq a6, zero, 130          : IntAlu : 
1369500: system.cpu: T0 : 0x20008    : c_mv a3, a2                : IntAlu :  D=0x0000000000000280
1370000: system.cpu: T0 : 0x2000a    : c_j -108                   : IntAlu : 
1371000: system.cpu: T0 : 0x1ff9e    : srli a6, a3, 6             : IntAlu :  D=0x000000000000000a
1372000: system.cpu: T0 : 0x1ffa2    : beq a6, zero, 42           : IntAlu : 
1373000: system.cpu: T0 : 0x1ffa6    : slli a2, a6, 6             : IntAlu :  D=0x0000000000000280
1373500: system.cpu: T0 : 0x1ffaa    : c_mv a7, a5                : IntAlu :  D=0x0000000000073f90
1374000: system.cpu: T0 : 0x1ffac    : c_add a2, a5               : IntAlu :  D=0x0000000000074210
1374500: system.cpu: T0 : 0x1ffae    : c_sd a4, 0(a5)             : MemWrite :  D=0x0000000000000000 A=0x73f90
1375000: system.cpu: T0 : 0x1ffb0    : c_sd a4, 8(a5)             : MemWrite :  D=0x0000000000000000 A=0x73f98
1375500: system.cpu: T0 : 0x1ffb2    : c_sd a4, 16(a5)            : MemWrite :  D=0x0000000000000000 A=0x73fa0
1376000: system.cpu: T0 : 0x1ffb4    : c_sd a4, 24(a5)            : MemWrite :  D=0x0000000000000000 A=0x73fa8
1376500: system.cpu: T0 : 0x1ffb6    : c_sd a4, 32(a5)            : MemWrite :  D=0x0000000000000000 A=0x73fb0
1377000: system.cpu: T0 : 0x1ffb8    : c_sd a4, 40(a5)            : MemWrite :  D=0x0000000000000000 A=0x73fb8
1377500: system.cpu: T0 : 0x1ffba    : c_sd a4, 48(a5)            : MemWrite :  D=0x0000000000000000 A=0x73fc0
1378000: system.cpu: T0 : 0x1ffbc    : c_sd a4, 56(a5)            : MemWrite :  D=0x0000000000000000 A=0x73fc8
1379000: system.cpu: T0 : 0x1ffbe    : addi a5, a5, 64            : IntAlu :  D=0x0000000000073fd0
1380000: system.cpu: T0 : 0x1ffc2    : bne a2, a5, -20            : IntAlu : 
1380500: system.cpu: T0 : 0x1ffae    : c_sd a4, 0(a5)             : MemWrite :  D=0x0000000000000000 A=0x73fd0
1381000: system.cpu: T0 : 0x1ffb0    : c_sd a4, 8(a5)             : MemWrite :  D=0x0000000000000000 A=0x73fd8
1381500: system.cpu: T0 : 0x1ffb2    : c_sd a4, 16(a5)            : MemWrite :  D=0x0000000000000000 A=0x73fe0
1382000: system.cpu: T0 : 0x1ffb4    : c_sd a4, 24(a5)            : MemWrite :  D=0x0000000000000000 A=0x73fe8
1382500: system.cpu: T0 : 0x1ffb6    : c_sd a4, 32(a5)            : MemWrite :  D=0x0000000000000000 A=0x73ff0
1383000: system.cpu: T0 : 0x1ffb8    : c_sd a4, 40(a5)            : MemWrite :  D=0x0000000000000000 A=0x73ff8
1383500: system.cpu: T0 : 0x1ffba    : c_sd a4, 48(a5)            : MemWrite :  D=0x0000000000000000 A=0x74000
1384000: system.cpu: T0 : 0x1ffbc    : c_sd a4, 56(a5)            : MemWrite :  D=0x0000000000000000 A=0x74008
1385000: system.cpu: T0 : 0x1ffbe    : addi a5, a5, 64            : IntAlu :  D=0x0000000000074010
1386000: system.cpu: T0 : 0x1ffc2    : bne a2, a5, -20            : IntAlu : 
1386500: system.cpu: T0 : 0x1ffae    : c_sd a4, 0(a5)             : MemWrite :  D=0x0000000000000000 A=0x74010
1387000: system.cpu: T0 : 0x1ffb0    : c_sd a4, 8(a5)             : MemWrite :  D=0x0000000000000000 A=0x74018
1387500: system.cpu: T0 : 0x1ffb2    : c_sd a4, 16(a5)            : MemWrite :  D=0x0000000000000000 A=0x74020
1388000: system.cpu: T0 : 0x1ffb4    : c_sd a4, 24(a5)            : MemWrite :  D=0x0000000000000000 A=0x74028
1388500: system.cpu: T0 : 0x1ffb6    : c_sd a4, 32(a5)            : MemWrite :  D=0x0000000000000000 A=0x74030
1389000: system.cpu: T0 : 0x1ffb8    : c_sd a4, 40(a5)            : MemWrite :  D=0x0000000000000000 A=0x74038
1389500: system.cpu: T0 : 0x1ffba    : c_sd a4, 48(a5)            : MemWrite :  D=0x0000000000000000 A=0x74040
1390000: system.cpu: T0 : 0x1ffbc    : c_sd a4, 56(a5)            : MemWrite :  D=0x0000000000000000 A=0x74048
1391000: system.cpu: T0 : 0x1ffbe    : addi a5, a5, 64            : IntAlu :  D=0x0000000000074050
1392000: system.cpu: T0 : 0x1ffc2    : bne a2, a5, -20            : IntAlu : 
1392500: system.cpu: T0 : 0x1ffae    : c_sd a4, 0(a5)             : MemWrite :  D=0x0000000000000000 A=0x74050
1393000: system.cpu: T0 : 0x1ffb0    : c_sd a4, 8(a5)             : MemWrite :  D=0x0000000000000000 A=0x74058
1393500: system.cpu: T0 : 0x1ffb2    : c_sd a4, 16(a5)            : MemWrite :  D=0x0000000000000000 A=0x74060
1394000: system.cpu: T0 : 0x1ffb4    : c_sd a4, 24(a5)            : MemWrite :  D=0x0000000000000000 A=0x74068
1394500: system.cpu: T0 : 0x1ffb6    : c_sd a4, 32(a5)            : MemWrite :  D=0x0000000000000000 A=0x74070
1395000: system.cpu: T0 : 0x1ffb8    : c_sd a4, 40(a5)            : MemWrite :  D=0x0000000000000000 A=0x74078
1395500: system.cpu: T0 : 0x1ffba    : c_sd a4, 48(a5)            : MemWrite :  D=0x0000000000000000 A=0x74080
1396000: system.cpu: T0 : 0x1ffbc    : c_sd a4, 56(a5)            : MemWrite :  D=0x0000000000000000 A=0x74088
1397000: system.cpu: T0 : 0x1ffbe    : addi a5, a5, 64            : IntAlu :  D=0x0000000000074090
1398000: system.cpu: T0 : 0x1ffc2    : bne a2, a5, -20            : IntAlu : 
1398500: system.cpu: T0 : 0x1ffae    : c_sd a4, 0(a5)             : MemWrite :  D=0x0000000000000000 A=0x74090
1399000: system.cpu: T0 : 0x1ffb0    : c_sd a4, 8(a5)             : MemWrite :  D=0x0000000000000000 A=0x74098
1399500: system.cpu: T0 : 0x1ffb2    : c_sd a4, 16(a5)            : MemWrite :  D=0x0000000000000000 A=0x740a0
1400000: system.cpu: T0 : 0x1ffb4    : c_sd a4, 24(a5)            : MemWrite :  D=0x0000000000000000 A=0x740a8
1400500: system.cpu: T0 : 0x1ffb6    : c_sd a4, 32(a5)            : MemWrite :  D=0x0000000000000000 A=0x740b0
1401000: system.cpu: T0 : 0x1ffb8    : c_sd a4, 40(a5)            : MemWrite :  D=0x0000000000000000 A=0x740b8
1401500: system.cpu: T0 : 0x1ffba    : c_sd a4, 48(a5)            : MemWrite :  D=0x0000000000000000 A=0x740c0
1402000: system.cpu: T0 : 0x1ffbc    : c_sd a4, 56(a5)            : MemWrite :  D=0x0000000000000000 A=0x740c8
1403000: system.cpu: T0 : 0x1ffbe    : addi a5, a5, 64            : IntAlu :  D=0x00000000000740d0
1404000: system.cpu: T0 : 0x1ffc2    : bne a2, a5, -20            : IntAlu : 
1404500: system.cpu: T0 : 0x1ffae    : c_sd a4, 0(a5)             : MemWrite :  D=0x0000000000000000 A=0x740d0
1405000: system.cpu: T0 : 0x1ffb0    : c_sd a4, 8(a5)             : MemWrite :  D=0x0000000000000000 A=0x740d8
1405500: system.cpu: T0 : 0x1ffb2    : c_sd a4, 16(a5)            : MemWrite :  D=0x0000000000000000 A=0x740e0
1406000: system.cpu: T0 : 0x1ffb4    : c_sd a4, 24(a5)            : MemWrite :  D=0x0000000000000000 A=0x740e8
1406500: system.cpu: T0 : 0x1ffb6    : c_sd a4, 32(a5)            : MemWrite :  D=0x0000000000000000 A=0x740f0
1407000: system.cpu: T0 : 0x1ffb8    : c_sd a4, 40(a5)            : MemWrite :  D=0x0000000000000000 A=0x740f8
1407500: system.cpu: T0 : 0x1ffba    : c_sd a4, 48(a5)            : MemWrite :  D=0x0000000000000000 A=0x74100
1408000: system.cpu: T0 : 0x1ffbc    : c_sd a4, 56(a5)            : MemWrite :  D=0x0000000000000000 A=0x74108
1409000: system.cpu: T0 : 0x1ffbe    : addi a5, a5, 64            : IntAlu :  D=0x0000000000074110
1410000: system.cpu: T0 : 0x1ffc2    : bne a2, a5, -20            : IntAlu : 
1410500: system.cpu: T0 : 0x1ffae    : c_sd a4, 0(a5)             : MemWrite :  D=0x0000000000000000 A=0x74110
1411000: system.cpu: T0 : 0x1ffb0    : c_sd a4, 8(a5)             : MemWrite :  D=0x0000000000000000 A=0x74118
1411500: system.cpu: T0 : 0x1ffb2    : c_sd a4, 16(a5)            : MemWrite :  D=0x0000000000000000 A=0x74120
1412000: system.cpu: T0 : 0x1ffb4    : c_sd a4, 24(a5)            : MemWrite :  D=0x0000000000000000 A=0x74128
1412500: system.cpu: T0 : 0x1ffb6    : c_sd a4, 32(a5)            : MemWrite :  D=0x0000000000000000 A=0x74130
1413000: system.cpu: T0 : 0x1ffb8    : c_sd a4, 40(a5)            : MemWrite :  D=0x0000000000000000 A=0x74138
1413500: system.cpu: T0 : 0x1ffba    : c_sd a4, 48(a5)            : MemWrite :  D=0x0000000000000000 A=0x74140
1414000: system.cpu: T0 : 0x1ffbc    : c_sd a4, 56(a5)            : MemWrite :  D=0x0000000000000000 A=0x74148
1415000: system.cpu: T0 : 0x1ffbe    : addi a5, a5, 64            : IntAlu :  D=0x0000000000074150
1416000: system.cpu: T0 : 0x1ffc2    : bne a2, a5, -20            : IntAlu : 
1416500: system.cpu: T0 : 0x1ffae    : c_sd a4, 0(a5)             : MemWrite :  D=0x0000000000000000 A=0x74150
1417000: system.cpu: T0 : 0x1ffb0    : c_sd a4, 8(a5)             : MemWrite :  D=0x0000000000000000 A=0x74158
1417500: system.cpu: T0 : 0x1ffb2    : c_sd a4, 16(a5)            : MemWrite :  D=0x0000000000000000 A=0x74160
1418000: system.cpu: T0 : 0x1ffb4    : c_sd a4, 24(a5)            : MemWrite :  D=0x0000000000000000 A=0x74168
1418500: system.cpu: T0 : 0x1ffb6    : c_sd a4, 32(a5)            : MemWrite :  D=0x0000000000000000 A=0x74170
1419000: system.cpu: T0 : 0x1ffb8    : c_sd a4, 40(a5)            : MemWrite :  D=0x0000000000000000 A=0x74178
1419500: system.cpu: T0 : 0x1ffba    : c_sd a4, 48(a5)            : MemWrite :  D=0x0000000000000000 A=0x74180
1420000: system.cpu: T0 : 0x1ffbc    : c_sd a4, 56(a5)            : MemWrite :  D=0x0000000000000000 A=0x74188
1421000: system.cpu: T0 : 0x1ffbe    : addi a5, a5, 64            : IntAlu :  D=0x0000000000074190
1422000: system.cpu: T0 : 0x1ffc2    : bne a2, a5, -20            : IntAlu : 
1422500: system.cpu: T0 : 0x1ffae    : c_sd a4, 0(a5)             : MemWrite :  D=0x0000000000000000 A=0x74190
1423000: system.cpu: T0 : 0x1ffb0    : c_sd a4, 8(a5)             : MemWrite :  D=0x0000000000000000 A=0x74198
1423500: system.cpu: T0 : 0x1ffb2    : c_sd a4, 16(a5)            : MemWrite :  D=0x0000000000000000 A=0x741a0
1424000: system.cpu: T0 : 0x1ffb4    : c_sd a4, 24(a5)            : MemWrite :  D=0x0000000000000000 A=0x741a8
1424500: system.cpu: T0 : 0x1ffb6    : c_sd a4, 32(a5)            : MemWrite :  D=0x0000000000000000 A=0x741b0
1425000: system.cpu: T0 : 0x1ffb8    : c_sd a4, 40(a5)            : MemWrite :  D=0x0000000000000000 A=0x741b8
1425500: system.cpu: T0 : 0x1ffba    : c_sd a4, 48(a5)            : MemWrite :  D=0x0000000000000000 A=0x741c0
1426000: system.cpu: T0 : 0x1ffbc    : c_sd a4, 56(a5)            : MemWrite :  D=0x0000000000000000 A=0x741c8
1427000: system.cpu: T0 : 0x1ffbe    : addi a5, a5, 64            : IntAlu :  D=0x00000000000741d0
1428000: system.cpu: T0 : 0x1ffc2    : bne a2, a5, -20            : IntAlu : 
1428500: system.cpu: T0 : 0x1ffae    : c_sd a4, 0(a5)             : MemWrite :  D=0x0000000000000000 A=0x741d0
1429000: system.cpu: T0 : 0x1ffb0    : c_sd a4, 8(a5)             : MemWrite :  D=0x0000000000000000 A=0x741d8
1429500: system.cpu: T0 : 0x1ffb2    : c_sd a4, 16(a5)            : MemWrite :  D=0x0000000000000000 A=0x741e0
1430000: system.cpu: T0 : 0x1ffb4    : c_sd a4, 24(a5)            : MemWrite :  D=0x0000000000000000 A=0x741e8
1430500: system.cpu: T0 : 0x1ffb6    : c_sd a4, 32(a5)            : MemWrite :  D=0x0000000000000000 A=0x741f0
1431000: system.cpu: T0 : 0x1ffb8    : c_sd a4, 40(a5)            : MemWrite :  D=0x0000000000000000 A=0x741f8
1431500: system.cpu: T0 : 0x1ffba    : c_sd a4, 48(a5)            : MemWrite :  D=0x0000000000000000 A=0x74200
1432000: system.cpu: T0 : 0x1ffbc    : c_sd a4, 56(a5)            : MemWrite :  D=0x0000000000000000 A=0x74208
1433000: system.cpu: T0 : 0x1ffbe    : addi a5, a5, 64            : IntAlu :  D=0x0000000000074210
1434000: system.cpu: T0 : 0x1ffc2    : bne a2, a5, -20            : IntAlu : 
1435000: system.cpu: T0 : 0x1ffc6    : slli a5, a6, 6             : IntAlu :  D=0x0000000000000280
1435500: system.cpu: T0 : 0x1ffca    : c_add a5, a7               : IntAlu :  D=0x0000000000074210
1436000: system.cpu: T0 : 0x1ffcc    : srli a6, a3, 3             : IntAlu :  D=0x0000000000000050
1436500: system.cpu: T0 : 0x1ffd0    : andi a6, a6, 7             : IntAlu :  D=0x0000000000000000
1437000: system.cpu: T0 : 0x1ffd4    : beq a6, zero, 26           : IntAlu : 
1438000: system.cpu: T0 : 0x1ffee    : andi a2, a3, 7             : IntAlu :  D=0x0000000000000000
1439000: system.cpu: T0 : 0x1fff2    : andi a1, a1, 255           : IntAlu :  D=0x0000000000000000
1440000: system.cpu: T0 : 0x1fff6    : add a4, a5, a2             : IntAlu :  D=0x0000000000074210
1440500: system.cpu: T0 : 0x1fffa    : c_beqz a2, 12              : IntAlu : 
1441000: system.cpu: T0 : 0x20006    : c_jr ra                    : IntAlu : 
1441500: system.cpu: T0 : 0x1e024    : lui a5, 111                : IntAlu :  D=0x000000000006f000
1442000: system.cpu: T0 : 0x1e028    : ld a5, 1448(a5)            : MemRead :  D=0x0000000000000040 A=0x6f5a8
1442500: system.cpu: T0 : 0x1e02c    : bgeu s1, a5, -100          : IntAlu : 
1443000: system.cpu: T0 : 0x1e030    : ld a4, 40(tp)              : MemRead :  D=0x0000000000073f90 A=0x73738
1443500: system.cpu: T0 : 0x1e034    : c_beqz a4, -108            : IntAlu : 
1444500: system.cpu: T0 : 0x1e036    : slli a3, s1, 1             : IntAlu :  D=0x0000000000000002
1445000: system.cpu: T0 : 0x1e03a    : c_add a3, a4               : IntAlu :  D=0x0000000000073f92
1445500: system.cpu: T0 : 0x1e03c    : lhu a2, 0(a3)              : MemRead :  D=0x0000000000000000 A=0x73f92
1446000: system.cpu: T0 : 0x1e040    : c_beqz a2, -120            : IntAlu : 
1446500: system.cpu: T0 : 0x1dfc8    : lw a5, -1808(tp)           : MemRead :  D=0x0000000000000000 A=0x73000
1447000: system.cpu: T0 : 0x1dfcc    : c_bnez a5, 210             : IntAlu : 
1448000: system.cpu: T0 : 0x1dfce    : lui s1, 111                : IntAlu :  D=0x000000000006f000
1448500: system.cpu: T0 : 0x1dfd2    : c_mv a1, s0                : IntAlu :  D=0x0000000000000024
1449000: system.cpu: T0 : 0x1dfd4    : addi a0, s1, 1480          : IntAlu :  D=0x000000000006f5c8
1449500: system.cpu: T0 : 0x1dfd8    : jal ra, -5234              : IntAlu :  D=0x000000000001dfdc
1450000: system.cpu: T0 : 0x1cb66    : c_addi16sp sp, -256        : IntAlu :  D=0x7ffffffffffffb00
1450500: system.cpu: T0 : 0x1cb68    : c_sdsp ra, 248(sp)         : MemWrite :  D=0x000000000001dfdc A=0x7ffffffffffffbf8
1451000: system.cpu: T0 : 0x1cb6a    : c_sdsp s0, 240(sp)         : MemWrite :  D=0x0000000000000024 A=0x7ffffffffffffbf0
1451500: system.cpu: T0 : 0x1cb6c    : c_sdsp s1, 232(sp)         : MemWrite :  D=0x000000000006f000 A=0x7ffffffffffffbe8
1452000: system.cpu: T0 : 0x1cb6e    : c_sdsp s2, 224(sp)         : MemWrite :  D=0x0000000000000002 A=0x7ffffffffffffbe0
1452500: system.cpu: T0 : 0x1cb70    : c_sdsp s3, 216(sp)         : MemWrite :  D=0x0000000000000000 A=0x7ffffffffffffbd8
1453000: system.cpu: T0 : 0x1cb72    : c_sdsp s4, 208(sp)         : MemWrite :  D=0x0000000000000000 A=0x7ffffffffffffbd0
1453500: system.cpu: T0 : 0x1cb74    : c_sdsp s5, 200(sp)         : MemWrite :  D=0x0000000000000000 A=0x7ffffffffffffbc8
1454000: system.cpu: T0 : 0x1cb76    : c_sdsp s6, 192(sp)         : MemWrite :  D=0x0000000000072000 A=0x7ffffffffffffbc0
1454500: system.cpu: T0 : 0x1cb78    : c_sdsp s7, 184(sp)         : MemWrite :  D=0x0000000000000000 A=0x7ffffffffffffbb8
1455000: system.cpu: T0 : 0x1cb7a    : c_sdsp s8, 176(sp)         : MemWrite :  D=0x0000000000000000 A=0x7ffffffffffffbb0
1455500: system.cpu: T0 : 0x1cb7c    : c_sdsp s9, 168(sp)         : MemWrite :  D=0x0000000000000003 A=0x7ffffffffffffba8
1456000: system.cpu: T0 : 0x1cb7e    : c_sdsp s10, 160(sp)        : MemWrite :  D=0x0000000000000000 A=0x7ffffffffffffba0
1456500: system.cpu: T0 : 0x1cb80    : c_sdsp s11, 152(sp)        : MemWrite :  D=0x0000000000000000 A=0x7ffffffffffffb98
1457500: system.cpu: T0 : 0x1cb82    : blt a1, zero, 1198         : IntAlu : 
1458500: system.cpu: T0 : 0x1cb86    : addi s0, a1, 23            : IntAlu :  D=0x000000000000003b
1459000: system.cpu: T0 : 0x1cb8a    : c_li a5, 31                : IntAlu :  D=0x000000000000001f
1459500: system.cpu: T0 : 0x1cb8c    : c_mv s3, a1                : IntAlu :  D=0x0000000000000024
1460000: system.cpu: T0 : 0x1cb8e    : c_mv s1, a0                : IntAlu :  D=0x000000000006f5c8
1460500: system.cpu: T0 : 0x1cb90    : bltu a5, s0, 220           : IntAlu : 
1461000: system.cpu: T0 : 0x1cc6c    : c_andi s0, 18446744073709551600 : IntAlu :  D=0x0000000000000030
1462000: system.cpu: T0 : 0x1cc6e    : beq a0, zero, 988          : IntAlu : 
1463000: system.cpu: T0 : 0x1cc72    : ld a4, -1376(gp)           : MemRead :  D=0x0000000000000080 A=0x70ad0
1464000: system.cpu: T0 : 0x1cc76    : srliw s9, s0, 4            : IntAlu :  D=0x0000000000000003
1465000: system.cpu: T0 : 0x1cc7a    : srliw a5, s0, 4            : IntAlu :  D=0x0000000000000003
1466000: system.cpu: T0 : 0x1cc7e    : bgeu a4, s0, 506           : IntAlu : 
1466500: system.cpu: T0 : 0x1ce78    : c_addiw a5, -2             : IntAlu :  D=0x0000000000000001
1467500: system.cpu: T0 : 0x1ce7a    : slli a2, a5, 32            : IntAlu :  D=0x0000000100000000
1468000: system.cpu: T0 : 0x1ce7e    : c_srli a2, 32              : IntAlu :  D=0x0000000000000001
1468500: system.cpu: T0 : 0x1ce80    : c_addi a2, 2               : IntAlu :  D=0x0000000000000003
1469000: system.cpu: T0 : 0x1ce82    : c_slli a2, 3               : IntAlu :  D=0x0000000000000018
1469500: system.cpu: T0 : 0x1ce84    : c_j -376                   : IntAlu : 
1470000: system.cpu: T0 : 0x1cd0c    : c_slli a5, 32              : IntAlu :  D=0x0000000100000000
1470500: system.cpu: T0 : 0x1cd0e    : c_srli a5, 29              : IntAlu :  D=0x0000000000000008
1471000: system.cpu: T0 : 0x1cd10    : c_add a5, s1               : IntAlu :  D=0x000000000006f5d0
1472000: system.cpu: T0 : 0x1cd12    : ld s2, 16(a5)              : MemRead :  D=0x0000000000000000 A=0x6f5e0
1473000: system.cpu: T0 : 0x1cd16    : beq s2, zero, 170          : IntAlu : 
1473500: system.cpu: T0 : 0x1cdc0    : addiw a5, s9, -1           : IntAlu :  D=0x0000000000000002
1474000: system.cpu: T0 : 0x1cdc4    : slliw a5, a5, 1            : IntAlu :  D=0x0000000000000004
1474500: system.cpu: T0 : 0x1cdc8    : c_slli a5, 32              : IntAlu :  D=0x0000000400000000
1475000: system.cpu: T0 : 0x1cdca    : c_srli a5, 32              : IntAlu :  D=0x0000000000000004
1475500: system.cpu: T0 : 0x1cdcc    : c_addi a5, 14              : IntAlu :  D=0x0000000000000012
1476000: system.cpu: T0 : 0x1cdce    : c_slli a5, 3               : IntAlu :  D=0x0000000000000090
1476500: system.cpu: T0 : 0x1cdd0    : c_j -550                   : IntAlu : 
1477000: system.cpu: T0 : 0x1cbaa    : c_add a5, s1               : IntAlu :  D=0x000000000006f658
1477500: system.cpu: T0 : 0x1cbac    : ld s2, 8(a5)               : MemRead :  D=0x000000000006f648 A=0x6f660
1478000: system.cpu: T0 : 0x1cbb0    : addi a3, a5, -16           : IntAlu :  D=0x000000000006f648
1478500: system.cpu: T0 : 0x1cbb4    : beq a3, s2, 748            : IntAlu : 
1479000: system.cpu: T0 : 0x1cea0    : srli t1, s0, 9             : IntAlu :  D=0x0000000000000000
1479500: system.cpu: T0 : 0x1cea4    : addiw a5, t1, 91           : IntAlu :  D=0x000000000000005b
1480000: system.cpu: T0 : 0x1cea8    : srli s10, s0, 6            : IntAlu :  D=0x0000000000000000
1480500: system.cpu: T0 : 0x1ceac    : c_sdsp a5, 96(sp)          : MemWrite :  D=0x000000000000005b A=0x7ffffffffffffb60
1481500: system.cpu: T0 : 0x1ceae    : addiw a5, s10, 48          : IntAlu :  D=0x0000000000000030
1482000: system.cpu: T0 : 0x1ceb2    : c_sdsp a5, 88(sp)          : MemWrite :  D=0x0000000000000030 A=0x7ffffffffffffb58
1482500: system.cpu: T0 : 0x1ceb4    : addi a5, zero, 110         : IntAlu :  D=0x000000000000006e
1483000: system.cpu: T0 : 0x1ceb8    : c_sdsp a5, 112(sp)         : MemWrite :  D=0x000000000000006e A=0x7ffffffffffffb70
1484000: system.cpu: T0 : 0x1ceba    : addi a5, zero, 119         : IntAlu :  D=0x0000000000000077
1484500: system.cpu: T0 : 0x1cebe    : c_sdsp a5, 104(sp)         : MemWrite :  D=0x0000000000000077 A=0x7ffffffffffffb68
1485000: system.cpu: T0 : 0x1cec0    : addi a5, zero, 124         : IntAlu :  D=0x000000000000007c
1485500: system.cpu: T0 : 0x1cec4    : c_sdsp s9, 8(sp)           : MemWrite :  D=0x0000000000000003 A=0x7ffffffffffffb08
1486000: system.cpu: T0 : 0x1cec6    : c_sdsp a5, 120(sp)         : MemWrite :  D=0x000000000000007c A=0x7ffffffffffffb78
1486500: system.cpu: T0 : 0x1cec8    : c_sdsp zero, 128(sp)       : MemWrite :  D=0x0000000000000000 A=0x7ffffffffffffb80
1487000: system.cpu: T0 : 0x1ceca    : c_sdsp zero, 136(sp)       : MemWrite :  D=0x0000000000000000 A=0x7ffffffffffffb88
1487500: system.cpu: T0 : 0x1cecc    : ld a5, 40(tp)              : MemRead :  D=0x0000000000073f90 A=0x73738
1488000: system.cpu: T0 : 0x1ced0    : addi s6, s0, -17           : IntAlu :  D=0x000000000000001f
1488500: system.cpu: T0 : 0x1ced4    : srli s6, s6, 4             : IntAlu :  D=0x0000000000000001
1489000: system.cpu: T0 : 0x1ced8    : c_li s5, 0                 : IntAlu :  D=0x0000000000000000
1489500: system.cpu: T0 : 0x1ceda    : c_beqz a5, 22              : IntAlu : 
1490000: system.cpu: T0 : 0x1cedc    : lui a5, 111                : IntAlu :  D=0x000000000006f000
1490500: system.cpu: T0 : 0x1cee0    : ld s5, 1448(a5)            : MemRead :  D=0x0000000000000040 A=0x6f5a8
1491000: system.cpu: T0 : 0x1cee4    : sltu s5, s6, s5            : IntAlu :  D=0x0000000000000001
1491500: system.cpu: T0 : 0x1cee8    : sub s5, zero, s5           : IntAlu :  D=0xffffffffffffffff
1492000: system.cpu: T0 : 0x1ceec    : and s5, s0, s5             : IntAlu :  D=0x0000000000000030
1492500: system.cpu: T0 : 0x1cef0    : lui a5, 111                : IntAlu :  D=0x000000000006f000
1493000: system.cpu: T0 : 0x1cef4    : c_lui s11, 1               : IntAlu :  D=0x0000000000001000
1494000: system.cpu: T0 : 0x1cef6    : lui s7, 111                : IntAlu :  D=0x000000000006f000
1495000: system.cpu: T0 : 0x1cefa    : addi a5, a5, 1480          : IntAlu :  D=0x000000000006f5c8
1496000: system.cpu: T0 : 0x1cefe    : addi s8, s1, 96            : IntAlu :  D=0x000000000006f628
1496500: system.cpu: T0 : 0x1cf02    : c_li t5, 0                 : IntAlu :  D=0x0000000000000000
1497000: system.cpu: T0 : 0x1cf04    : addi s7, s7, 1368          : IntAlu :  D=0x000000000006f558
1497500: system.cpu: T0 : 0x1cf08    : add a7, s1, s11            : IntAlu :  D=0x00000000000705c8
1498000: system.cpu: T0 : 0x1cf0c    : c_sdsp a5, 56(sp)          : MemWrite :  D=0x000000000006f5c8 A=0x7ffffffffffffb38
1498500: system.cpu: T0 : 0x1cf0e    : c_ld a5, 120(s1)           : MemRead :  D=0x000000000006f628 A=0x6f640
1499000: system.cpu: T0 : 0x1cf10    : beq a5, s8, 532            : IntAlu : 
1499500: system.cpu: T0 : 0x1d124    : addi a5, zero, 1023        : IntAlu :  D=0x00000000000003ff
1500000: system.cpu: T0 : 0x1d128    : bgeu a5, s0, 38            : IntAlu : 
1500500: system.cpu: T0 : 0x1d14e    : c_ldsp a3, 8(sp)           : MemRead :  D=0x0000000000000003 A=0x7ffffffffffffb08
1501000: system.cpu: T0 : 0x1d150    : c_li a0, 4                 : IntAlu :  D=0x0000000000000004
1502000: system.cpu: T0 : 0x1d152    : addiw a5, a3, 1            : IntAlu :  D=0x0000000000000004
1503000: system.cpu: T0 : 0x1d156    : srliw a4, a5, 5            : IntAlu :  D=0x0000000000000000
1504000: system.cpu: T0 : 0x1d15a    : slliw a3, a3, 1            : IntAlu :  D=0x0000000000000006
1505000: system.cpu: T0 : 0x1d15e    : addi a4, a4, 536           : IntAlu :  D=0x0000000000000218
1505500: system.cpu: T0 : 0x1d162    : c_slli a3, 32              : IntAlu :  D=0x0000000600000000
1506000: system.cpu: T0 : 0x1d164    : c_slli a4, 2               : IntAlu :  D=0x0000000000000860
1506500: system.cpu: T0 : 0x1d166    : c_srli a3, 32              : IntAlu :  D=0x0000000000000006
1507000: system.cpu: T0 : 0x1d168    : c_add a4, s1               : IntAlu :  D=0x000000000006fe28
1507500: system.cpu: T0 : 0x1d16a    : c_slli a3, 3               : IntAlu :  D=0x0000000000000030
1508000: system.cpu: T0 : 0x1d16c    : c_lw a2, 0(a4)             : MemRead :  D=0x0000000000000000 A=0x6fe28
1509000: system.cpu: T0 : 0x1d16e    : addi a3, a3, 96            : IntAlu :  D=0x0000000000000090
1509500: system.cpu: T0 : 0x1d172    : c_li a4, 1                 : IntAlu :  D=0x0000000000000001
1510000: system.cpu: T0 : 0x1d174    : srliw s2, a5, 5            : IntAlu :  D=0x0000000000000000
1510500: system.cpu: T0 : 0x1d178    : c_add a3, s1               : IntAlu :  D=0x000000000006f658
1511500: system.cpu: T0 : 0x1d17a    : sllw a5, a4, a5            : IntAlu :  D=0x0000000000000010
1512500: system.cpu: T0 : 0x1d17e    : bltu a2, a5, 144           : IntAlu : 
1513500: system.cpu: T0 : 0x1d20e    : addiw a5, s2, 1            : IntAlu :  D=0x0000000000000001
1514500: system.cpu: T0 : 0x1d212    : addiw s2, a5, 0            : IntAlu :  D=0x0000000000000001
1515500: system.cpu: T0 : 0x1d216    : bne s2, a0, -26            : IntAlu : 
1516000: system.cpu: T0 : 0x1d1fc    : c_slli a5, 32              : IntAlu :  D=0x0000000100000000
1516500: system.cpu: T0 : 0x1d1fe    : c_srli a5, 32              : IntAlu :  D=0x0000000000000001
1517000: system.cpu: T0 : 0x1d200    : addi a5, a5, 536           : IntAlu :  D=0x0000000000000219
1517500: system.cpu: T0 : 0x1d204    : c_slli a5, 2               : IntAlu :  D=0x0000000000000864
1518000: system.cpu: T0 : 0x1d206    : c_add a5, s1               : IntAlu :  D=0x000000000006fe2c
1518500: system.cpu: T0 : 0x1d208    : c_lw a2, 0(a5)             : MemRead :  D=0x0000000000000000 A=0x6fe2c
1519500: system.cpu: T0 : 0x1d20a    : bne a2, zero, 384          : IntAlu : 
1520500: system.cpu: T0 : 0x1d20e    : addiw a5, s2, 1            : IntAlu :  D=0x0000000000000002
1521500: system.cpu: T0 : 0x1d212    : addiw s2, a5, 0            : IntAlu :  D=0x0000000000000002
1522500: system.cpu: T0 : 0x1d216    : bne s2, a0, -26            : IntAlu : 
1523000: system.cpu: T0 : 0x1d1fc    : c_slli a5, 32              : IntAlu :  D=0x0000000200000000
1523500: system.cpu: T0 : 0x1d1fe    : c_srli a5, 32              : IntAlu :  D=0x0000000000000002
1524000: system.cpu: T0 : 0x1d200    : addi a5, a5, 536           : IntAlu :  D=0x000000000000021a
1524500: system.cpu: T0 : 0x1d204    : c_slli a5, 2               : IntAlu :  D=0x0000000000000868
1525000: system.cpu: T0 : 0x1d206    : c_add a5, s1               : IntAlu :  D=0x000000000006fe30
1525500: system.cpu: T0 : 0x1d208    : c_lw a2, 0(a5)             : MemRead :  D=0x0000000000000000 A=0x6fe30
1526500: system.cpu: T0 : 0x1d20a    : bne a2, zero, 384          : IntAlu : 
1527500: system.cpu: T0 : 0x1d20e    : addiw a5, s2, 1            : IntAlu :  D=0x0000000000000003
1528500: system.cpu: T0 : 0x1d212    : addiw s2, a5, 0            : IntAlu :  D=0x0000000000000003
1529500: system.cpu: T0 : 0x1d216    : bne s2, a0, -26            : IntAlu : 
1530000: system.cpu: T0 : 0x1d1fc    : c_slli a5, 32              : IntAlu :  D=0x0000000300000000
1530500: system.cpu: T0 : 0x1d1fe    : c_srli a5, 32              : IntAlu :  D=0x0000000000000003
1531000: system.cpu: T0 : 0x1d200    : addi a5, a5, 536           : IntAlu :  D=0x000000000000021b
1531500: system.cpu: T0 : 0x1d204    : c_slli a5, 2               : IntAlu :  D=0x000000000000086c
1532000: system.cpu: T0 : 0x1d206    : c_add a5, s1               : IntAlu :  D=0x000000000006fe34
1532500: system.cpu: T0 : 0x1d208    : c_lw a2, 0(a5)             : MemRead :  D=0x0000000000000000 A=0x6fe34
1533500: system.cpu: T0 : 0x1d20a    : bne a2, zero, 384          : IntAlu : 
1534500: system.cpu: T0 : 0x1d20e    : addiw a5, s2, 1            : IntAlu :  D=0x0000000000000004
1535500: system.cpu: T0 : 0x1d212    : addiw s2, a5, 0            : IntAlu :  D=0x0000000000000004
1536500: system.cpu: T0 : 0x1d216    : bne s2, a0, -26            : IntAlu : 
1537000: system.cpu: T0 : 0x1d21a    : c_ld a4, 96(s1)            : MemRead :  D=0x0000000000074210 A=0x6f628
1537500: system.cpu: T0 : 0x1d21c    : ld a3, -1912(a7)           : MemRead :  D=0x0000000000021080 A=0x6fe50
1538000: system.cpu: T0 : 0x1d220    : c_ld a5, 8(a4)             : MemRead :  D=0x0000000000020df1 A=0x74218
1538500: system.cpu: T0 : 0x1d222    : c_andi a5, 18446744073709551608 : IntAlu :  D=0x0000000000020df0
1539000: system.cpu: T0 : 0x1d224    : bltu a3, a5, 548           : IntAlu : 
1539500: system.cpu: T0 : 0x1d228    : addi a3, s0, 32            : IntAlu :  D=0x0000000000000050
1540000: system.cpu: T0 : 0x1d22c    : bgeu a5, a3, 640           : IntAlu : 
1540500: system.cpu: T0 : 0x1d4ac    : add a0, a4, s0             : IntAlu :  D=0x0000000000074240
1541000: system.cpu: T0 : 0x1d4b0    : lui a2, 111                : IntAlu :  D=0x000000000006f000
1541500: system.cpu: T0 : 0x1d4b4    : c_sd a0, 96(s1)            : MemWrite :  D=0x0000000000074240 A=0x6f628
1542500: system.cpu: T0 : 0x1d4b6    : addi a2, a2, 1480          : IntAlu :  D=0x000000000006f5c8
1543000: system.cpu: T0 : 0x1d4ba    : c_sub a5, s0               : IntAlu :  D=0x0000000000020dc0
1543500: system.cpu: T0 : 0x1d4bc    : c_li a3, 4                 : IntAlu :  D=0x0000000000000004
1544500: system.cpu: T0 : 0x1d4be    : beq s1, a2, 116            : IntAlu : 
1545000: system.cpu: T0 : 0x1d532    : c_li a3, 0                 : IntAlu :  D=0x0000000000000000
1545500: system.cpu: T0 : 0x1d534    : c_j -114                   : IntAlu : 
1546000: system.cpu: T0 : 0x1d4c2    : c_or a3, s0                : IntAlu :  D=0x0000000000000030
1546500: system.cpu: T0 : 0x1d4c4    : ori a3, a3, 1              : IntAlu :  D=0x0000000000000031
1547000: system.cpu: T0 : 0x1d4c8    : lw a1, -1396(gp)           : MemRead :  D=0x0000000000000000 A=0x70abc
1547500: system.cpu: T0 : 0x1d4cc    : c_sd a3, 8(a4)             : MemWrite :  D=0x0000000000000031 A=0x74218
1548500: system.cpu: T0 : 0x1d4ce    : ori a5, a5, 1              : IntAlu :  D=0x0000000000020dc1
1549000: system.cpu: T0 : 0x1d4d2    : c_sd a5, 8(a0)             : MemWrite :  D=0x0000000000020dc1 A=0x74248
1549500: system.cpu: T0 : 0x1d4d4    : addi s2, a4, 16            : IntAlu :  D=0x0000000000074220
1550000: system.cpu: T0 : 0x1d4d8    : beq a1, zero, -1664        : IntAlu : 
1550500: system.cpu: T0 : 0x1ce58    : c_ldsp ra, 248(sp)         : MemRead :  D=0x000000000001dfdc A=0x7ffffffffffffbf8
1551000: system.cpu: T0 : 0x1ce5a    : c_ldsp s0, 240(sp)         : MemRead :  D=0x0000000000000024 A=0x7ffffffffffffbf0
1551500: system.cpu: T0 : 0x1ce5c    : c_ldsp s1, 232(sp)         : MemRead :  D=0x000000000006f000 A=0x7ffffffffffffbe8
1552000: system.cpu: T0 : 0x1ce5e    : c_ldsp s3, 216(sp)         : MemRead :  D=0x0000000000000000 A=0x7ffffffffffffbd8
1552500: system.cpu: T0 : 0x1ce60    : c_ldsp s4, 208(sp)         : MemRead :  D=0x0000000000000000 A=0x7ffffffffffffbd0
1553000: system.cpu: T0 : 0x1ce62    : c_ldsp s5, 200(sp)         : MemRead :  D=0x0000000000000000 A=0x7ffffffffffffbc8
1553500: system.cpu: T0 : 0x1ce64    : c_ldsp s6, 192(sp)         : MemRead :  D=0x0000000000072000 A=0x7ffffffffffffbc0
1554000: system.cpu: T0 : 0x1ce66    : c_ldsp s7, 184(sp)         : MemRead :  D=0x0000000000000000 A=0x7ffffffffffffbb8
1554500: system.cpu: T0 : 0x1ce68    : c_ldsp s8, 176(sp)         : MemRead :  D=0x0000000000000000 A=0x7ffffffffffffbb0
1555000: system.cpu: T0 : 0x1ce6a    : c_ldsp s9, 168(sp)         : MemRead :  D=0x0000000000000003 A=0x7ffffffffffffba8
1555500: system.cpu: T0 : 0x1ce6c    : c_ldsp s10, 160(sp)        : MemRead :  D=0x0000000000000000 A=0x7ffffffffffffba0
1556000: system.cpu: T0 : 0x1ce6e    : c_ldsp s11, 152(sp)        : MemRead :  D=0x0000000000000000 A=0x7ffffffffffffb98
1556500: system.cpu: T0 : 0x1ce70    : c_mv a0, s2                : IntAlu :  D=0x0000000000074220
1557000: system.cpu: T0 : 0x1ce72    : c_ldsp s2, 224(sp)         : MemRead :  D=0x0000000000000002 A=0x7ffffffffffffbe0
1557500: system.cpu: T0 : 0x1ce74    : c_addi16sp sp, 256         : IntAlu :  D=0x7ffffffffffffc00
1558000: system.cpu: T0 : 0x1ce76    : c_jr ra                    : IntAlu : 
1558500: system.cpu: T0 : 0x1dfdc    : c_mv a5, a0                : IntAlu :  D=0x0000000000074220
1559000: system.cpu: T0 : 0x1dfde    : c_beqz a0, 150             : IntAlu : 
1559500: system.cpu: T0 : 0x1dfe0    : ld a4, -8(a0)              : MemRead :  D=0x0000000000000031 A=0x74218
1560000: system.cpu: T0 : 0x1dfe4    : andi a3, a4, 2             : IntAlu :  D=0x0000000000000000
1560500: system.cpu: T0 : 0x1dfe8    : c_bnez a3, 26              : IntAlu : 
1561000: system.cpu: T0 : 0x1dfea    : c_andi a4, 4               : IntAlu :  D=0x0000000000000000
1561500: system.cpu: T0 : 0x1dfec    : c_beqz a4, 22              : IntAlu : 
1562000: system.cpu: T0 : 0x1e002    : c_ldsp ra, 24(sp)          : MemRead :  D=0x000000000003e066 A=0x7ffffffffffffc18
1562500: system.cpu: T0 : 0x1e004    : c_ldsp s0, 16(sp)          : MemRead :  D=0x7ffffffffffffcf0 A=0x7ffffffffffffc10
1563000: system.cpu: T0 : 0x1e006    : c_ldsp s1, 8(sp)           : MemRead :  D=0x7ffffffffffffc20 A=0x7ffffffffffffc08
1563500: system.cpu: T0 : 0x1e008    : c_ldsp s2, 0(sp)           : MemRead :  D=0x0000000000000002 A=0x7ffffffffffffc00
1564000: system.cpu: T0 : 0x1e00a    : c_mv a0, a5                : IntAlu :  D=0x0000000000074220
1564500: system.cpu: T0 : 0x1e00c    : c_addi16sp sp, 32          : IntAlu :  D=0x7ffffffffffffc20
1565000: system.cpu: T0 : 0x1e00e    : c_jr ra                    : IntAlu : 
1565500: system.cpu: T0 : 0x3e066    : c_mv s6, a0                : IntAlu :  D=0x0000000000074220
1566000: system.cpu: T0 : 0x3e068    : addi a5, s9, 1             : IntAlu :  D=0x0000000000000004
1566500: system.cpu: T0 : 0x3e06c    : c_bnez a0, 64              : IntAlu : 
1567000: system.cpu: T0 : 0x3e0ac    : c_ld a1, 0(s1)             : MemRead :  D=0x0000000000062490 A=0x7ffffffffffffc20
1568000: system.cpu: T0 : 0x3e0ae    : addi a0, a0, 32            : IntAlu :  D=0x0000000000074240
1569000: system.cpu: T0 : 0x3e0b2    : sd a5, 8(s6)               : MemWrite :  D=0x0000000000000004 A=0x74228
1570000: system.cpu: T0 : 0x3e0b6    : sd a0, 0(s6)               : MemWrite :  D=0x0000000000074240 A=0x74220
1571000: system.cpu: T0 : 0x3e0ba    : sd a0, 16(s6)              : MemWrite :  D=0x0000000000074240 A=0x74230
1572000: system.cpu: T0 : 0x3e0be    : sd zero, 24(s6)            : MemWrite :  D=0x0000000000000000 A=0x74238
1572500: system.cpu: T0 : 0x3e0c2    : c_mv a2, s9                : IntAlu :  D=0x0000000000000003
1573000: system.cpu: T0 : 0x3e0c4    : jal ra, -123064            : IntAlu :  D=0x000000000003e0c8
1573500: system.cpu: T0 : 0x2000c    : c_addi sp, -16             : IntAlu :  D=0x7ffffffffffffc10
1574000: system.cpu: T0 : 0x2000e    : c_sdsp s0, 0(sp)           : MemWrite :  D=0x7ffffffffffffcf0 A=0x7ffffffffffffc10
1574500: system.cpu: T0 : 0x20010    : c_sdsp ra, 8(sp)           : MemWrite :  D=0x000000000003e0c8 A=0x7ffffffffffffc18
1575000: system.cpu: T0 : 0x20012    : c_mv s0, a2                : IntAlu :  D=0x0000000000000003
1575500: system.cpu: T0 : 0x20014    : jal ra, 112                : IntAlu :  D=0x0000000000020018
1576000: system.cpu: T0 : 0x20084    : c_addi16sp sp, -48         : IntAlu :  D=0x7ffffffffffffbe0
1576500: system.cpu: T0 : 0x20086    : c_sdsp s0, 32(sp)          : MemWrite :  D=0x0000000000000003 A=0x7ffffffffffffc00
1577000: system.cpu: T0 : 0x20088    : c_sdsp s2, 16(sp)          : MemWrite :  D=0x0000000000000002 A=0x7ffffffffffffbf0
1577500: system.cpu: T0 : 0x2008a    : c_sdsp ra, 40(sp)          : MemWrite :  D=0x0000000000020018 A=0x7ffffffffffffc08
1578000: system.cpu: T0 : 0x2008c    : c_sdsp s1, 24(sp)          : MemWrite :  D=0x7ffffffffffffc20 A=0x7ffffffffffffbf8
1578500: system.cpu: T0 : 0x2008e    : c_sdsp s3, 8(sp)           : MemWrite :  D=0x0000000000000000 A=0x7ffffffffffffbe8
1579000: system.cpu: T0 : 0x20090    : c_li a5, 15                : IntAlu :  D=0x000000000000000f
1579500: system.cpu: T0 : 0x20092    : c_mv s2, a0                : IntAlu :  D=0x0000000000074240
1580000: system.cpu: T0 : 0x20094    : c_mv a4, a0                : IntAlu :  D=0x0000000000074240
1580500: system.cpu: T0 : 0x20096    : c_mv s0, a1                : IntAlu :  D=0x0000000000062490
1581000: system.cpu: T0 : 0x20098    : bgeu a5, a2, 72            : IntAlu : 
1581500: system.cpu: T0 : 0x200e0    : c_addi a4, -1              : IntAlu :  D=0x000000000007423f
1582000: system.cpu: T0 : 0x200e2    : c_mv a5, s0                : IntAlu :  D=0x0000000000062490
1582500: system.cpu: T0 : 0x200e4    : add a1, a2, s0             : IntAlu :  D=0x0000000000062493
1583000: system.cpu: T0 : 0x200e8    : c_sub a4, s0               : IntAlu :  D=0x0000000000011daf
1583500: system.cpu: T0 : 0x200ea    : c_beqz a2, 20              : IntAlu : 
1584000: system.cpu: T0 : 0x200ec    : lbu a2, 0(a5)              : MemRead :  D=0x0000000000000074 A=0x62490
1584500: system.cpu: T0 : 0x200f0    : c_addi a5, 1               : IntAlu :  D=0x0000000000062491
1585500: system.cpu: T0 : 0x200f2    : add a3, a4, a5             : IntAlu :  D=0x0000000000074240
1586500: system.cpu: T0 : 0x200f6    : sb a2, 0(a3)               : MemWrite :  D=0x0000000000000074 A=0x74240
1587500: system.cpu: T0 : 0x200fa    : bne a1, a5, -14            : IntAlu : 
1588000: system.cpu: T0 : 0x200ec    : lbu a2, 0(a5)              : MemRead :  D=0x000000000000006c A=0x62491
1588500: system.cpu: T0 : 0x200f0    : c_addi a5, 1               : IntAlu :  D=0x0000000000062492
1589500: system.cpu: T0 : 0x200f2    : add a3, a4, a5             : IntAlu :  D=0x0000000000074241
1590500: system.cpu: T0 : 0x200f6    : sb a2, 0(a3)               : MemWrite :  D=0x000000000000006c A=0x74241
1591500: system.cpu: T0 : 0x200fa    : bne a1, a5, -14            : IntAlu : 
1592000: system.cpu: T0 : 0x200ec    : lbu a2, 0(a5)              : MemRead :  D=0x0000000000000073 A=0x62492
1592500: system.cpu: T0 : 0x200f0    : c_addi a5, 1               : IntAlu :  D=0x0000000000062493
1593500: system.cpu: T0 : 0x200f2    : add a3, a4, a5             : IntAlu :  D=0x0000000000074242
1594500: system.cpu: T0 : 0x200f6    : sb a2, 0(a3)               : MemWrite :  D=0x0000000000000073 A=0x74242
1595500: system.cpu: T0 : 0x200fa    : bne a1, a5, -14            : IntAlu : 
1596000: system.cpu: T0 : 0x200fe    : c_ldsp ra, 40(sp)          : MemRead :  D=0x0000000000020018 A=0x7ffffffffffffc08
1596500: system.cpu: T0 : 0x20100    : c_ldsp s0, 32(sp)          : MemRead :  D=0x0000000000000003 A=0x7ffffffffffffc00
1597000: system.cpu: T0 : 0x20102    : c_ldsp s1, 24(sp)          : MemRead :  D=0x7ffffffffffffc20 A=0x7ffffffffffffbf8
1597500: system.cpu: T0 : 0x20104    : c_ldsp s3, 8(sp)           : MemRead :  D=0x0000000000000000 A=0x7ffffffffffffbe8
1598000: system.cpu: T0 : 0x20106    : c_mv a0, s2                : IntAlu :  D=0x0000000000074240
1598500: system.cpu: T0 : 0x20108    : c_ldsp s2, 16(sp)          : MemRead :  D=0x0000000000000002 A=0x7ffffffffffffbf0
1599000: system.cpu: T0 : 0x2010a    : c_addi16sp sp, 48          : IntAlu :  D=0x7ffffffffffffc10
1599500: system.cpu: T0 : 0x2010c    : c_jr ra                    : IntAlu : 
1600000: system.cpu: T0 : 0x20018    : c_ldsp ra, 8(sp)           : MemRead :  D=0x000000000003e0c8 A=0x7ffffffffffffc18
1600500: system.cpu: T0 : 0x2001a    : c_add a0, s0               : IntAlu :  D=0x0000000000074243
1601000: system.cpu: T0 : 0x2001c    : c_ldsp s0, 0(sp)           : MemRead :  D=0x7ffffffffffffcf0 A=0x7ffffffffffffc10
1601500: system.cpu: T0 : 0x2001e    : c_addi sp, 16              : IntAlu :  D=0x7ffffffffffffc20
1602000: system.cpu: T0 : 0x20020    : c_jr ra                    : IntAlu : 
1602500: system.cpu: T0 : 0x3e0c8    : ld a4, -136(s0)            : MemRead :  D=0x000000000006efd0 A=0x7ffffffffffffc68
1603000: system.cpu: T0 : 0x3e0cc    : addi a5, zero, 47          : IntAlu :  D=0x000000000000002f
1603500: system.cpu: T0 : 0x3e0d0    : sb a5, 0(a0)               : MemWrite :  D=0x000000000000002f A=0x74243
1604000: system.cpu: T0 : 0x3e0d4    : sd s2, 0(a4)               : MemWrite :  D=0x0000000000000002 A=0x6efd0
1604500: system.cpu: T0 : 0x3e0d8    : ld a5, 8(s6)               : MemRead :  D=0x0000000000000004 A=0x74228
1605000: system.cpu: T0 : 0x3e0dc    : ld a4, -160(s0)            : MemRead :  D=0x000000000006efc8 A=0x7ffffffffffffc50
1605500: system.cpu: T0 : 0x3e0e0    : c_sd a5, 0(a4)             : MemWrite :  D=0x0000000000000004 A=0x6efc8
1606000: system.cpu: T0 : 0x3e0e2    : c_j -178                   : IntAlu : 
1606500: system.cpu: T0 : 0x3e030    : addi sp, s0, -192          : IntAlu :  D=0x7ffffffffffffc30
1607000: system.cpu: T0 : 0x3e034    : c_ldsp ra, 184(sp)         : MemRead :  D=0x000000000003b5a0 A=0x7ffffffffffffce8
1607500: system.cpu: T0 : 0x3e036    : c_mv a0, s6                : IntAlu :  D=0x0000000000074220
1608000: system.cpu: T0 : 0x3e038    : c_ldsp s0, 176(sp)         : MemRead :  D=0x7ffffffffffffd30 A=0x7ffffffffffffce0
1608500: system.cpu: T0 : 0x3e03a    : c_ldsp s1, 168(sp)         : MemRead :  D=0x000000000006fe60 A=0x7ffffffffffffcd8
1609000: system.cpu: T0 : 0x3e03c    : c_ldsp s2, 160(sp)         : MemRead :  D=0x0000000000000000 A=0x7ffffffffffffcd0
1609500: system.cpu: T0 : 0x3e03e    : c_ldsp s3, 152(sp)         : MemRead :  D=0x000000000006efc0 A=0x7ffffffffffffcc8
1610000: system.cpu: T0 : 0x3e040    : c_ldsp s4, 144(sp)         : MemRead :  D=0x0000000000070000 A=0x7ffffffffffffcc0
1610500: system.cpu: T0 : 0x3e042    : c_ldsp s5, 136(sp)         : MemRead :  D=0x0000000000072000 A=0x7ffffffffffffcb8
1611000: system.cpu: T0 : 0x3e044    : c_ldsp s6, 128(sp)         : MemRead :  D=0x0000000000072000 A=0x7ffffffffffffcb0
1611500: system.cpu: T0 : 0x3e046    : c_ldsp s7, 120(sp)         : MemRead :  D=0x0000000000000000 A=0x7ffffffffffffca8
1612000: system.cpu: T0 : 0x3e048    : c_ldsp s8, 112(sp)         : MemRead :  D=0x0000000000000000 A=0x7ffffffffffffca0
1612500: system.cpu: T0 : 0x3e04a    : c_ldsp s9, 104(sp)         : MemRead :  D=0x0000000000000000 A=0x7ffffffffffffc98
1613000: system.cpu: T0 : 0x3e04c    : c_ldsp s10, 96(sp)         : MemRead :  D=0x0000000000000000 A=0x7ffffffffffffc90
1613500: system.cpu: T0 : 0x3e04e    : c_ldsp s11, 88(sp)         : MemRead :  D=0x0000000000000000 A=0x7ffffffffffffc88
1614000: system.cpu: T0 : 0x3e050    : c_addi16sp sp, 192         : IntAlu :  D=0x7ffffffffffffcf0
1614500: system.cpu: T0 : 0x3e052    : c_jr ra                    : IntAlu : 
1615000: system.cpu: T0 : 0x3b5a0    : c_mv a5, a0                : IntAlu :  D=0x0000000000074220
1616000: system.cpu: T0 : 0x3b5a2    : addi a0, zero, 40          : IntAlu :  D=0x0000000000000028
1617000: system.cpu: T0 : 0x3b5a6    : sd a5, 24(s3)              : MemWrite :  D=0x0000000000074220 A=0x6efd8
1618000: system.cpu: T0 : 0x3b5aa    : jal ra, -120344            : IntAlu :  D=0x000000000003b5ae
1619000: system.cpu: T0 : 0x1df92    : ld t1, -1848(gp)           : MemRead :  D=0x0000000000000000 A=0x708f8
1620000: system.cpu: T0 : 0x1df96    : bne t1, zero, 260          : IntAlu : 
1620500: system.cpu: T0 : 0x1df9a    : c_addi sp, -32             : IntAlu :  D=0x7ffffffffffffcd0
1621000: system.cpu: T0 : 0x1df9c    : c_sdsp s0, 16(sp)          : MemWrite :  D=0x7ffffffffffffd30 A=0x7ffffffffffffce0
1621500: system.cpu: T0 : 0x1df9e    : c_sdsp ra, 24(sp)          : MemWrite :  D=0x000000000003b5ae A=0x7ffffffffffffce8
1622000: system.cpu: T0 : 0x1dfa0    : c_sdsp s1, 8(sp)           : MemWrite :  D=0x000000000006fe60 A=0x7ffffffffffffcd8
1622500: system.cpu: T0 : 0x1dfa2    : c_sdsp s2, 0(sp)           : MemWrite :  D=0x0000000000000000 A=0x7ffffffffffffcd0
1623000: system.cpu: T0 : 0x1dfa4    : c_mv s0, a0                : IntAlu :  D=0x0000000000000028
1624000: system.cpu: T0 : 0x1dfa6    : blt a0, zero, 222          : IntAlu : 
1625000: system.cpu: T0 : 0x1dfaa    : addi a5, a0, 23            : IntAlu :  D=0x000000000000003f
1625500: system.cpu: T0 : 0x1dfae    : c_li a4, 31                : IntAlu :  D=0x000000000000001f
1626000: system.cpu: T0 : 0x1dfb0    : c_li s1, 0                 : IntAlu :  D=0x0000000000000000
1627000: system.cpu: T0 : 0x1dfb2    : bltu a4, a5, 94            : IntAlu : 
1627500: system.cpu: T0 : 0x1e010    : c_andi a5, 18446744073709551600 : IntAlu :  D=0x0000000000000030
1628000: system.cpu: T0 : 0x1e012    : c_addi a5, -17             : IntAlu :  D=0x000000000000001f
1628500: system.cpu: T0 : 0x1e014    : srli s1, a5, 4             : IntAlu :  D=0x0000000000000001
1629000: system.cpu: T0 : 0x1e018    : c_j -98                    : IntAlu : 
1630000: system.cpu: T0 : 0x1dfb6    : ld a4, 40(tp)              : MemRead :  D=0x0000000000073f90 A=0x73738
1630500: system.cpu: T0 : 0x1dfba    : c_beqz a4, 96              : IntAlu : 
1631000: system.cpu: T0 : 0x1dfbc    : lui a5, 111                : IntAlu :  D=0x000000000006f000
1631500: system.cpu: T0 : 0x1dfc0    : ld a5, 1448(a5)            : MemRead :  D=0x0000000000000040 A=0x6f5a8
1632000: system.cpu: T0 : 0x1dfc4    : bltu s1, a5, 114           : IntAlu : 
1633000: system.cpu: T0 : 0x1e036    : slli a3, s1, 1             : IntAlu :  D=0x0000000000000002
1633500: system.cpu: T0 : 0x1e03a    : c_add a3, a4               : IntAlu :  D=0x0000000000073f92
1634000: system.cpu: T0 : 0x1e03c    : lhu a2, 0(a3)              : MemRead :  D=0x0000000000000000 A=0x73f92
1634500: system.cpu: T0 : 0x1e040    : c_beqz a2, -120            : IntAlu : 
1635000: system.cpu: T0 : 0x1dfc8    : lw a5, -1808(tp)           : MemRead :  D=0x0000000000000000 A=0x73000
1635500: system.cpu: T0 : 0x1dfcc    : c_bnez a5, 210             : IntAlu : 
1636500: system.cpu: T0 : 0x1dfce    : lui s1, 111                : IntAlu :  D=0x000000000006f000
1637000: system.cpu: T0 : 0x1dfd2    : c_mv a1, s0                : IntAlu :  D=0x0000000000000028
1637500: system.cpu: T0 : 0x1dfd4    : addi a0, s1, 1480          : IntAlu :  D=0x000000000006f5c8
1638000: system.cpu: T0 : 0x1dfd8    : jal ra, -5234              : IntAlu :  D=0x000000000001dfdc
1638500: system.cpu: T0 : 0x1cb66    : c_addi16sp sp, -256        : IntAlu :  D=0x7ffffffffffffbd0
1639000: system.cpu: T0 : 0x1cb68    : c_sdsp ra, 248(sp)         : MemWrite :  D=0x000000000001dfdc A=0x7ffffffffffffcc8
1639500: system.cpu: T0 : 0x1cb6a    : c_sdsp s0, 240(sp)         : MemWrite :  D=0x0000000000000028 A=0x7ffffffffffffcc0
1640000: system.cpu: T0 : 0x1cb6c    : c_sdsp s1, 232(sp)         : MemWrite :  D=0x000000000006f000 A=0x7ffffffffffffcb8
1640500: system.cpu: T0 : 0x1cb6e    : c_sdsp s2, 224(sp)         : MemWrite :  D=0x0000000000000000 A=0x7ffffffffffffcb0
1641000: system.cpu: T0 : 0x1cb70    : c_sdsp s3, 216(sp)         : MemWrite :  D=0x000000000006efc0 A=0x7ffffffffffffca8
1641500: system.cpu: T0 : 0x1cb72    : c_sdsp s4, 208(sp)         : MemWrite :  D=0x0000000000070000 A=0x7ffffffffffffca0
1642000: system.cpu: T0 : 0x1cb74    : c_sdsp s5, 200(sp)         : MemWrite :  D=0x0000000000072000 A=0x7ffffffffffffc98
1642500: system.cpu: T0 : 0x1cb76    : c_sdsp s6, 192(sp)         : MemWrite :  D=0x0000000000072000 A=0x7ffffffffffffc90
1643000: system.cpu: T0 : 0x1cb78    : c_sdsp s7, 184(sp)         : MemWrite :  D=0x0000000000000000 A=0x7ffffffffffffc88
1643500: system.cpu: T0 : 0x1cb7a    : c_sdsp s8, 176(sp)         : MemWrite :  D=0x0000000000000000 A=0x7ffffffffffffc80
1644000: system.cpu: T0 : 0x1cb7c    : c_sdsp s9, 168(sp)         : MemWrite :  D=0x0000000000000000 A=0x7ffffffffffffc78
1644500: system.cpu: T0 : 0x1cb7e    : c_sdsp s10, 160(sp)        : MemWrite :  D=0x0000000000000000 A=0x7ffffffffffffc70
1645000: system.cpu: T0 : 0x1cb80    : c_sdsp s11, 152(sp)        : MemWrite :  D=0x0000000000000000 A=0x7ffffffffffffc68
1646000: system.cpu: T0 : 0x1cb82    : blt a1, zero, 1198         : IntAlu : 
1647000: system.cpu: T0 : 0x1cb86    : addi s0, a1, 23            : IntAlu :  D=0x000000000000003f
1647500: system.cpu: T0 : 0x1cb8a    : c_li a5, 31                : IntAlu :  D=0x000000000000001f
1648000: system.cpu: T0 : 0x1cb8c    : c_mv s3, a1                : IntAlu :  D=0x0000000000000028
1648500: system.cpu: T0 : 0x1cb8e    : c_mv s1, a0                : IntAlu :  D=0x000000000006f5c8
1649000: system.cpu: T0 : 0x1cb90    : bltu a5, s0, 220           : IntAlu : 
1649500: system.cpu: T0 : 0x1cc6c    : c_andi s0, 18446744073709551600 : IntAlu :  D=0x0000000000000030
1650500: system.cpu: T0 : 0x1cc6e    : beq a0, zero, 988          : IntAlu : 
1651500: system.cpu: T0 : 0x1cc72    : ld a4, -1376(gp)           : MemRead :  D=0x0000000000000080 A=0x70ad0
1652500: system.cpu: T0 : 0x1cc76    : srliw s9, s0, 4            : IntAlu :  D=0x0000000000000003
1653500: system.cpu: T0 : 0x1cc7a    : srliw a5, s0, 4            : IntAlu :  D=0x0000000000000003
1654500: system.cpu: T0 : 0x1cc7e    : bgeu a4, s0, 506           : IntAlu : 
1655000: system.cpu: T0 : 0x1ce78    : c_addiw a5, -2             : IntAlu :  D=0x0000000000000001
1656000: system.cpu: T0 : 0x1ce7a    : slli a2, a5, 32            : IntAlu :  D=0x0000000100000000
1656500: system.cpu: T0 : 0x1ce7e    : c_srli a2, 32              : IntAlu :  D=0x0000000000000001
1657000: system.cpu: T0 : 0x1ce80    : c_addi a2, 2               : IntAlu :  D=0x0000000000000003
1657500: system.cpu: T0 : 0x1ce82    : c_slli a2, 3               : IntAlu :  D=0x0000000000000018
1658000: system.cpu: T0 : 0x1ce84    : c_j -376                   : IntAlu : 
1658500: system.cpu: T0 : 0x1cd0c    : c_slli a5, 32              : IntAlu :  D=0x0000000100000000
1659000: system.cpu: T0 : 0x1cd0e    : c_srli a5, 29              : IntAlu :  D=0x0000000000000008
1659500: system.cpu: T0 : 0x1cd10    : c_add a5, s1               : IntAlu :  D=0x000000000006f5d0
1660500: system.cpu: T0 : 0x1cd12    : ld s2, 16(a5)              : MemRead :  D=0x0000000000000000 A=0x6f5e0
1661500: system.cpu: T0 : 0x1cd16    : beq s2, zero, 170          : IntAlu : 
1662000: system.cpu: T0 : 0x1cdc0    : addiw a5, s9, -1           : IntAlu :  D=0x0000000000000002
1662500: system.cpu: T0 : 0x1cdc4    : slliw a5, a5, 1            : IntAlu :  D=0x0000000000000004
1663000: system.cpu: T0 : 0x1cdc8    : c_slli a5, 32              : IntAlu :  D=0x0000000400000000
1663500: system.cpu: T0 : 0x1cdca    : c_srli a5, 32              : IntAlu :  D=0x0000000000000004
1664000: system.cpu: T0 : 0x1cdcc    : c_addi a5, 14              : IntAlu :  D=0x0000000000000012
1664500: system.cpu: T0 : 0x1cdce    : c_slli a5, 3               : IntAlu :  D=0x0000000000000090
1665000: system.cpu: T0 : 0x1cdd0    : c_j -550                   : IntAlu : 
1665500: system.cpu: T0 : 0x1cbaa    : c_add a5, s1               : IntAlu :  D=0x000000000006f658
1666000: system.cpu: T0 : 0x1cbac    : ld s2, 8(a5)               : MemRead :  D=0x000000000006f648 A=0x6f660
1666500: system.cpu: T0 : 0x1cbb0    : addi a3, a5, -16           : IntAlu :  D=0x000000000006f648
1667000: system.cpu: T0 : 0x1cbb4    : beq a3, s2, 748            : IntAlu : 
1667500: system.cpu: T0 : 0x1cea0    : srli t1, s0, 9             : IntAlu :  D=0x0000000000000000
1668000: system.cpu: T0 : 0x1cea4    : addiw a5, t1, 91           : IntAlu :  D=0x000000000000005b
1668500: system.cpu: T0 : 0x1cea8    : srli s10, s0, 6            : IntAlu :  D=0x0000000000000000
1669000: system.cpu: T0 : 0x1ceac    : c_sdsp a5, 96(sp)          : MemWrite :  D=0x000000000000005b A=0x7ffffffffffffc30
1670000: system.cpu: T0 : 0x1ceae    : addiw a5, s10, 48          : IntAlu :  D=0x0000000000000030
1670500: system.cpu: T0 : 0x1ceb2    : c_sdsp a5, 88(sp)          : MemWrite :  D=0x0000000000000030 A=0x7ffffffffffffc28
1671000: system.cpu: T0 : 0x1ceb4    : addi a5, zero, 110         : IntAlu :  D=0x000000000000006e
1671500: system.cpu: T0 : 0x1ceb8    : c_sdsp a5, 112(sp)         : MemWrite :  D=0x000000000000006e A=0x7ffffffffffffc40
1672500: system.cpu: T0 : 0x1ceba    : addi a5, zero, 119         : IntAlu :  D=0x0000000000000077
1673000: system.cpu: T0 : 0x1cebe    : c_sdsp a5, 104(sp)         : MemWrite :  D=0x0000000000000077 A=0x7ffffffffffffc38
1673500: system.cpu: T0 : 0x1cec0    : addi a5, zero, 124         : IntAlu :  D=0x000000000000007c
1674000: system.cpu: T0 : 0x1cec4    : c_sdsp s9, 8(sp)           : MemWrite :  D=0x0000000000000003 A=0x7ffffffffffffbd8
1674500: system.cpu: T0 : 0x1cec6    : c_sdsp a5, 120(sp)         : MemWrite :  D=0x000000000000007c A=0x7ffffffffffffc48
1675000: system.cpu: T0 : 0x1cec8    : c_sdsp zero, 128(sp)       : MemWrite :  D=0x0000000000000000 A=0x7ffffffffffffc50
1675500: system.cpu: T0 : 0x1ceca    : c_sdsp zero, 136(sp)       : MemWrite :  D=0x0000000000000000 A=0x7ffffffffffffc58
1676000: system.cpu: T0 : 0x1cecc    : ld a5, 40(tp)              : MemRead :  D=0x0000000000073f90 A=0x73738
1676500: system.cpu: T0 : 0x1ced0    : addi s6, s0, -17           : IntAlu :  D=0x000000000000001f
1677000: system.cpu: T0 : 0x1ced4    : srli s6, s6, 4             : IntAlu :  D=0x0000000000000001
1677500: system.cpu: T0 : 0x1ced8    : c_li s5, 0                 : IntAlu :  D=0x0000000000000000
1678000: system.cpu: T0 : 0x1ceda    : c_beqz a5, 22              : IntAlu : 
1678500: system.cpu: T0 : 0x1cedc    : lui a5, 111                : IntAlu :  D=0x000000000006f000
1679000: system.cpu: T0 : 0x1cee0    : ld s5, 1448(a5)            : MemRead :  D=0x0000000000000040 A=0x6f5a8
1679500: system.cpu: T0 : 0x1cee4    : sltu s5, s6, s5            : IntAlu :  D=0x0000000000000001
1680000: system.cpu: T0 : 0x1cee8    : sub s5, zero, s5           : IntAlu :  D=0xffffffffffffffff
1680500: system.cpu: T0 : 0x1ceec    : and s5, s0, s5             : IntAlu :  D=0x0000000000000030
1681000: system.cpu: T0 : 0x1cef0    : lui a5, 111                : IntAlu :  D=0x000000000006f000
1681500: system.cpu: T0 : 0x1cef4    : c_lui s11, 1               : IntAlu :  D=0x0000000000001000
1682500: system.cpu: T0 : 0x1cef6    : lui s7, 111                : IntAlu :  D=0x000000000006f000
1683500: system.cpu: T0 : 0x1cefa    : addi a5, a5, 1480          : IntAlu :  D=0x000000000006f5c8
1684500: system.cpu: T0 : 0x1cefe    : addi s8, s1, 96            : IntAlu :  D=0x000000000006f628
1685000: system.cpu: T0 : 0x1cf02    : c_li t5, 0                 : IntAlu :  D=0x0000000000000000
1685500: system.cpu: T0 : 0x1cf04    : addi s7, s7, 1368          : IntAlu :  D=0x000000000006f558
1686000: system.cpu: T0 : 0x1cf08    : add a7, s1, s11            : IntAlu :  D=0x00000000000705c8
1686500: system.cpu: T0 : 0x1cf0c    : c_sdsp a5, 56(sp)          : MemWrite :  D=0x000000000006f5c8 A=0x7ffffffffffffc08
1687000: system.cpu: T0 : 0x1cf0e    : c_ld a5, 120(s1)           : MemRead :  D=0x000000000006f628 A=0x6f640
1687500: system.cpu: T0 : 0x1cf10    : beq a5, s8, 532            : IntAlu : 
1688000: system.cpu: T0 : 0x1d124    : addi a5, zero, 1023        : IntAlu :  D=0x00000000000003ff
1688500: system.cpu: T0 : 0x1d128    : bgeu a5, s0, 38            : IntAlu : 
1689000: system.cpu: T0 : 0x1d14e    : c_ldsp a3, 8(sp)           : MemRead :  D=0x0000000000000003 A=0x7ffffffffffffbd8
1689500: system.cpu: T0 : 0x1d150    : c_li a0, 4                 : IntAlu :  D=0x0000000000000004
1690500: system.cpu: T0 : 0x1d152    : addiw a5, a3, 1            : IntAlu :  D=0x0000000000000004
1691500: system.cpu: T0 : 0x1d156    : srliw a4, a5, 5            : IntAlu :  D=0x0000000000000000
1692500: system.cpu: T0 : 0x1d15a    : slliw a3, a3, 1            : IntAlu :  D=0x0000000000000006
1693500: system.cpu: T0 : 0x1d15e    : addi a4, a4, 536           : IntAlu :  D=0x0000000000000218
1694000: system.cpu: T0 : 0x1d162    : c_slli a3, 32              : IntAlu :  D=0x0000000600000000
1694500: system.cpu: T0 : 0x1d164    : c_slli a4, 2               : IntAlu :  D=0x0000000000000860
1695000: system.cpu: T0 : 0x1d166    : c_srli a3, 32              : IntAlu :  D=0x0000000000000006
1695500: system.cpu: T0 : 0x1d168    : c_add a4, s1               : IntAlu :  D=0x000000000006fe28
1696000: system.cpu: T0 : 0x1d16a    : c_slli a3, 3               : IntAlu :  D=0x0000000000000030
1696500: system.cpu: T0 : 0x1d16c    : c_lw a2, 0(a4)             : MemRead :  D=0x0000000000000000 A=0x6fe28
1697500: system.cpu: T0 : 0x1d16e    : addi a3, a3, 96            : IntAlu :  D=0x0000000000000090
1698000: system.cpu: T0 : 0x1d172    : c_li a4, 1                 : IntAlu :  D=0x0000000000000001
1698500: system.cpu: T0 : 0x1d174    : srliw s2, a5, 5            : IntAlu :  D=0x0000000000000000
1699000: system.cpu: T0 : 0x1d178    : c_add a3, s1               : IntAlu :  D=0x000000000006f658
1700000: system.cpu: T0 : 0x1d17a    : sllw a5, a4, a5            : IntAlu :  D=0x0000000000000010
1701000: system.cpu: T0 : 0x1d17e    : bltu a2, a5, 144           : IntAlu : 
1702000: system.cpu: T0 : 0x1d20e    : addiw a5, s2, 1            : IntAlu :  D=0x0000000000000001
1703000: system.cpu: T0 : 0x1d212    : addiw s2, a5, 0            : IntAlu :  D=0x0000000000000001
1704000: system.cpu: T0 : 0x1d216    : bne s2, a0, -26            : IntAlu : 
1704500: system.cpu: T0 : 0x1d1fc    : c_slli a5, 32              : IntAlu :  D=0x0000000100000000
1705000: system.cpu: T0 : 0x1d1fe    : c_srli a5, 32              : IntAlu :  D=0x0000000000000001
1705500: system.cpu: T0 : 0x1d200    : addi a5, a5, 536           : IntAlu :  D=0x0000000000000219
1706000: system.cpu: T0 : 0x1d204    : c_slli a5, 2               : IntAlu :  D=0x0000000000000864
1706500: system.cpu: T0 : 0x1d206    : c_add a5, s1               : IntAlu :  D=0x000000000006fe2c
1707000: system.cpu: T0 : 0x1d208    : c_lw a2, 0(a5)             : MemRead :  D=0x0000000000000000 A=0x6fe2c
1708000: system.cpu: T0 : 0x1d20a    : bne a2, zero, 384          : IntAlu : 
1709000: system.cpu: T0 : 0x1d20e    : addiw a5, s2, 1            : IntAlu :  D=0x0000000000000002
1710000: system.cpu: T0 : 0x1d212    : addiw s2, a5, 0            : IntAlu :  D=0x0000000000000002
1711000: system.cpu: T0 : 0x1d216    : bne s2, a0, -26            : IntAlu : 
1711500: system.cpu: T0 : 0x1d1fc    : c_slli a5, 32              : IntAlu :  D=0x0000000200000000
1712000: system.cpu: T0 : 0x1d1fe    : c_srli a5, 32              : IntAlu :  D=0x0000000000000002
1712500: system.cpu: T0 : 0x1d200    : addi a5, a5, 536           : IntAlu :  D=0x000000000000021a
1713000: system.cpu: T0 : 0x1d204    : c_slli a5, 2               : IntAlu :  D=0x0000000000000868
1713500: system.cpu: T0 : 0x1d206    : c_add a5, s1               : IntAlu :  D=0x000000000006fe30
1714000: system.cpu: T0 : 0x1d208    : c_lw a2, 0(a5)             : MemRead :  D=0x0000000000000000 A=0x6fe30
1715000: system.cpu: T0 : 0x1d20a    : bne a2, zero, 384          : IntAlu : 
1716000: system.cpu: T0 : 0x1d20e    : addiw a5, s2, 1            : IntAlu :  D=0x0000000000000003
1717000: system.cpu: T0 : 0x1d212    : addiw s2, a5, 0            : IntAlu :  D=0x0000000000000003
1718000: system.cpu: T0 : 0x1d216    : bne s2, a0, -26            : IntAlu : 
1718500: system.cpu: T0 : 0x1d1fc    : c_slli a5, 32              : IntAlu :  D=0x0000000300000000
1719000: system.cpu: T0 : 0x1d1fe    : c_srli a5, 32              : IntAlu :  D=0x0000000000000003
1719500: system.cpu: T0 : 0x1d200    : addi a5, a5, 536           : IntAlu :  D=0x000000000000021b
1720000: system.cpu: T0 : 0x1d204    : c_slli a5, 2               : IntAlu :  D=0x000000000000086c
1720500: system.cpu: T0 : 0x1d206    : c_add a5, s1               : IntAlu :  D=0x000000000006fe34
1721000: system.cpu: T0 : 0x1d208    : c_lw a2, 0(a5)             : MemRead :  D=0x0000000000000000 A=0x6fe34
1722000: system.cpu: T0 : 0x1d20a    : bne a2, zero, 384          : IntAlu : 
1723000: system.cpu: T0 : 0x1d20e    : addiw a5, s2, 1            : IntAlu :  D=0x0000000000000004
1724000: system.cpu: T0 : 0x1d212    : addiw s2, a5, 0            : IntAlu :  D=0x0000000000000004
1725000: system.cpu: T0 : 0x1d216    : bne s2, a0, -26            : IntAlu : 
1725500: system.cpu: T0 : 0x1d21a    : c_ld a4, 96(s1)            : MemRead :  D=0x0000000000074240 A=0x6f628
1726000: system.cpu: T0 : 0x1d21c    : ld a3, -1912(a7)           : MemRead :  D=0x0000000000021080 A=0x6fe50
1726500: system.cpu: T0 : 0x1d220    : c_ld a5, 8(a4)             : MemRead :  D=0x0000000000020dc1 A=0x74248
1727000: system.cpu: T0 : 0x1d222    : c_andi a5, 18446744073709551608 : IntAlu :  D=0x0000000000020dc0
1727500: system.cpu: T0 : 0x1d224    : bltu a3, a5, 548           : IntAlu : 
1728000: system.cpu: T0 : 0x1d228    : addi a3, s0, 32            : IntAlu :  D=0x0000000000000050
1728500: system.cpu: T0 : 0x1d22c    : bgeu a5, a3, 640           : IntAlu : 
1729000: system.cpu: T0 : 0x1d4ac    : add a0, a4, s0             : IntAlu :  D=0x0000000000074270
1729500: system.cpu: T0 : 0x1d4b0    : lui a2, 111                : IntAlu :  D=0x000000000006f000
1730000: system.cpu: T0 : 0x1d4b4    : c_sd a0, 96(s1)            : MemWrite :  D=0x0000000000074270 A=0x6f628
1731000: system.cpu: T0 : 0x1d4b6    : addi a2, a2, 1480          : IntAlu :  D=0x000000000006f5c8
1731500: system.cpu: T0 : 0x1d4ba    : c_sub a5, s0               : IntAlu :  D=0x0000000000020d90
1732000: system.cpu: T0 : 0x1d4bc    : c_li a3, 4                 : IntAlu :  D=0x0000000000000004
1733000: system.cpu: T0 : 0x1d4be    : beq s1, a2, 116            : IntAlu : 
1733500: system.cpu: T0 : 0x1d532    : c_li a3, 0                 : IntAlu :  D=0x0000000000000000
1734000: system.cpu: T0 : 0x1d534    : c_j -114                   : IntAlu : 
1734500: system.cpu: T0 : 0x1d4c2    : c_or a3, s0                : IntAlu :  D=0x0000000000000030
1735000: system.cpu: T0 : 0x1d4c4    : ori a3, a3, 1              : IntAlu :  D=0x0000000000000031
1735500: system.cpu: T0 : 0x1d4c8    : lw a1, -1396(gp)           : MemRead :  D=0x0000000000000000 A=0x70abc
1736000: system.cpu: T0 : 0x1d4cc    : c_sd a3, 8(a4)             : MemWrite :  D=0x0000000000000031 A=0x74248
1737000: system.cpu: T0 : 0x1d4ce    : ori a5, a5, 1              : IntAlu :  D=0x0000000000020d91
1737500: system.cpu: T0 : 0x1d4d2    : c_sd a5, 8(a0)             : MemWrite :  D=0x0000000000020d91 A=0x74278
1738000: system.cpu: T0 : 0x1d4d4    : addi s2, a4, 16            : IntAlu :  D=0x0000000000074250
1738500: system.cpu: T0 : 0x1d4d8    : beq a1, zero, -1664        : IntAlu : 
1739000: system.cpu: T0 : 0x1ce58    : c_ldsp ra, 248(sp)         : MemRead :  D=0x000000000001dfdc A=0x7ffffffffffffcc8
1739500: system.cpu: T0 : 0x1ce5a    : c_ldsp s0, 240(sp)         : MemRead :  D=0x0000000000000028 A=0x7ffffffffffffcc0
1740000: system.cpu: T0 : 0x1ce5c    : c_ldsp s1, 232(sp)         : MemRead :  D=0x000000000006f000 A=0x7ffffffffffffcb8
1740500: system.cpu: T0 : 0x1ce5e    : c_ldsp s3, 216(sp)         : MemRead :  D=0x000000000006efc0 A=0x7ffffffffffffca8
1741000: system.cpu: T0 : 0x1ce60    : c_ldsp s4, 208(sp)         : MemRead :  D=0x0000000000070000 A=0x7ffffffffffffca0
1741500: system.cpu: T0 : 0x1ce62    : c_ldsp s5, 200(sp)         : MemRead :  D=0x0000000000072000 A=0x7ffffffffffffc98
1742000: system.cpu: T0 : 0x1ce64    : c_ldsp s6, 192(sp)         : MemRead :  D=0x0000000000072000 A=0x7ffffffffffffc90
1742500: system.cpu: T0 : 0x1ce66    : c_ldsp s7, 184(sp)         : MemRead :  D=0x0000000000000000 A=0x7ffffffffffffc88
1743000: system.cpu: T0 : 0x1ce68    : c_ldsp s8, 176(sp)         : MemRead :  D=0x0000000000000000 A=0x7ffffffffffffc80
1743500: system.cpu: T0 : 0x1ce6a    : c_ldsp s9, 168(sp)         : MemRead :  D=0x0000000000000000 A=0x7ffffffffffffc78
1744000: system.cpu: T0 : 0x1ce6c    : c_ldsp s10, 160(sp)        : MemRead :  D=0x0000000000000000 A=0x7ffffffffffffc70
1744500: system.cpu: T0 : 0x1ce6e    : c_ldsp s11, 152(sp)        : MemRead :  D=0x0000000000000000 A=0x7ffffffffffffc68
1745000: system.cpu: T0 : 0x1ce70    : c_mv a0, s2                : IntAlu :  D=0x0000000000074250
1745500: system.cpu: T0 : 0x1ce72    : c_ldsp s2, 224(sp)         : MemRead :  D=0x0000000000000000 A=0x7ffffffffffffcb0
1746000: system.cpu: T0 : 0x1ce74    : c_addi16sp sp, 256         : IntAlu :  D=0x7ffffffffffffcd0
1746500: system.cpu: T0 : 0x1ce76    : c_jr ra                    : IntAlu : 
1747000: system.cpu: T0 : 0x1dfdc    : c_mv a5, a0                : IntAlu :  D=0x0000000000074250
1747500: system.cpu: T0 : 0x1dfde    : c_beqz a0, 150             : IntAlu : 
1748000: system.cpu: T0 : 0x1dfe0    : ld a4, -8(a0)              : MemRead :  D=0x0000000000000031 A=0x74248
1748500: system.cpu: T0 : 0x1dfe4    : andi a3, a4, 2             : IntAlu :  D=0x0000000000000000
1749000: system.cpu: T0 : 0x1dfe8    : c_bnez a3, 26              : IntAlu : 
1749500: system.cpu: T0 : 0x1dfea    : c_andi a4, 4               : IntAlu :  D=0x0000000000000000
1750000: system.cpu: T0 : 0x1dfec    : c_beqz a4, 22              : IntAlu : 
1750500: system.cpu: T0 : 0x1e002    : c_ldsp ra, 24(sp)          : MemRead :  D=0x000000000003b5ae A=0x7ffffffffffffce8
1751000: system.cpu: T0 : 0x1e004    : c_ldsp s0, 16(sp)          : MemRead :  D=0x7ffffffffffffd30 A=0x7ffffffffffffce0
1751500: system.cpu: T0 : 0x1e006    : c_ldsp s1, 8(sp)           : MemRead :  D=0x000000000006fe60 A=0x7ffffffffffffcd8
1752000: system.cpu: T0 : 0x1e008    : c_ldsp s2, 0(sp)           : MemRead :  D=0x0000000000000000 A=0x7ffffffffffffcd0
1752500: system.cpu: T0 : 0x1e00a    : c_mv a0, a5                : IntAlu :  D=0x0000000000074250
1753000: system.cpu: T0 : 0x1e00c    : c_addi16sp sp, 32          : IntAlu :  D=0x7ffffffffffffcf0
1753500: system.cpu: T0 : 0x1e00e    : c_jr ra                    : IntAlu : 
1754500: system.cpu: T0 : 0x3b5ae    : sd a0, 32(s3)              : MemWrite :  D=0x0000000000074250 A=0x6efe0
1755500: system.cpu: T0 : 0x3b5b2    : beq a0, zero, 382          : IntAlu : 
1756500: system.cpu: T0 : 0x3b5b6    : ld s1, 16(s3)              : MemRead :  D=0x0000000000000002 A=0x6efd0
1757500: system.cpu: T0 : 0x3b5ba    : addi a7, zero, 40          : IntAlu :  D=0x0000000000000028
1758000: system.cpu: T0 : 0x3b5be    : c_mv s5, a0                : IntAlu :  D=0x0000000000074250
1758500: system.cpu: T0 : 0x3b5c0    : slli s4, s1, 2             : IntAlu :  D=0x0000000000000008
1759000: system.cpu: T0 : 0x3b5c4    : addi s4, s4, 79            : IntAlu :  D=0x0000000000000057
1759500: system.cpu: T0 : 0x3b5c8    : divu s4, s4, a7            : IntDiv :  D=0x0000000000000002
1760000: system.cpu: T0 : 0x3b5cc    : slli a7, s4, 2             : IntAlu :  D=0x0000000000000008
1760500: system.cpu: T0 : 0x3b5d0    : c_add s4, a7               : IntAlu :  D=0x000000000000000a
1761500: system.cpu: T0 : 0x3b5d2    : slli a0, s4, 5             : IntAlu :  D=0x0000000000000140
1762500: system.cpu: T0 : 0x3b5d6    : jal ra, -120388            : IntAlu :  D=0x000000000003b5da
1763500: system.cpu: T0 : 0x1df92    : ld t1, -1848(gp)           : MemRead :  D=0x0000000000000000 A=0x708f8
1764500: system.cpu: T0 : 0x1df96    : bne t1, zero, 260          : IntAlu : 
1765000: system.cpu: T0 : 0x1df9a    : c_addi sp, -32             : IntAlu :  D=0x7ffffffffffffcd0
1765500: system.cpu: T0 : 0x1df9c    : c_sdsp s0, 16(sp)          : MemWrite :  D=0x7ffffffffffffd30 A=0x7ffffffffffffce0
1766000: system.cpu: T0 : 0x1df9e    : c_sdsp ra, 24(sp)          : MemWrite :  D=0x000000000003b5da A=0x7ffffffffffffce8
1766500: system.cpu: T0 : 0x1dfa0    : c_sdsp s1, 8(sp)           : MemWrite :  D=0x0000000000000002 A=0x7ffffffffffffcd8
1767000: system.cpu: T0 : 0x1dfa2    : c_sdsp s2, 0(sp)           : MemWrite :  D=0x0000000000000000 A=0x7ffffffffffffcd0
1767500: system.cpu: T0 : 0x1dfa4    : c_mv s0, a0                : IntAlu :  D=0x0000000000000140
1768500: system.cpu: T0 : 0x1dfa6    : blt a0, zero, 222          : IntAlu : 
1769500: system.cpu: T0 : 0x1dfaa    : addi a5, a0, 23            : IntAlu :  D=0x0000000000000157
1770000: system.cpu: T0 : 0x1dfae    : c_li a4, 31                : IntAlu :  D=0x000000000000001f
1770500: system.cpu: T0 : 0x1dfb0    : c_li s1, 0                 : IntAlu :  D=0x0000000000000000
1771500: system.cpu: T0 : 0x1dfb2    : bltu a4, a5, 94            : IntAlu : 
1772000: system.cpu: T0 : 0x1e010    : c_andi a5, 18446744073709551600 : IntAlu :  D=0x0000000000000150
1772500: system.cpu: T0 : 0x1e012    : c_addi a5, -17             : IntAlu :  D=0x000000000000013f
1773000: system.cpu: T0 : 0x1e014    : srli s1, a5, 4             : IntAlu :  D=0x0000000000000013
1773500: system.cpu: T0 : 0x1e018    : c_j -98                    : IntAlu : 
1774500: system.cpu: T0 : 0x1dfb6    : ld a4, 40(tp)              : MemRead :  D=0x0000000000073f90 A=0x73738
1775000: system.cpu: T0 : 0x1dfba    : c_beqz a4, 96              : IntAlu : 
1775500: system.cpu: T0 : 0x1dfbc    : lui a5, 111                : IntAlu :  D=0x000000000006f000
1776000: system.cpu: T0 : 0x1dfc0    : ld a5, 1448(a5)            : MemRead :  D=0x0000000000000040 A=0x6f5a8
1776500: system.cpu: T0 : 0x1dfc4    : bltu s1, a5, 114           : IntAlu : 
1777500: system.cpu: T0 : 0x1e036    : slli a3, s1, 1             : IntAlu :  D=0x0000000000000026
1778000: system.cpu: T0 : 0x1e03a    : c_add a3, a4               : IntAlu :  D=0x0000000000073fb6
1778500: system.cpu: T0 : 0x1e03c    : lhu a2, 0(a3)              : MemRead :  D=0x0000000000000000 A=0x73fb6
1779000: system.cpu: T0 : 0x1e040    : c_beqz a2, -120            : IntAlu : 
1779500: system.cpu: T0 : 0x1dfc8    : lw a5, -1808(tp)           : MemRead :  D=0x0000000000000000 A=0x73000
1780000: system.cpu: T0 : 0x1dfcc    : c_bnez a5, 210             : IntAlu : 
1781000: system.cpu: T0 : 0x1dfce    : lui s1, 111                : IntAlu :  D=0x000000000006f000
1781500: system.cpu: T0 : 0x1dfd2    : c_mv a1, s0                : IntAlu :  D=0x0000000000000140
1782000: system.cpu: T0 : 0x1dfd4    : addi a0, s1, 1480          : IntAlu :  D=0x000000000006f5c8
1782500: system.cpu: T0 : 0x1dfd8    : jal ra, -5234              : IntAlu :  D=0x000000000001dfdc
1783000: system.cpu: T0 : 0x1cb66    : c_addi16sp sp, -256        : IntAlu :  D=0x7ffffffffffffbd0
1783500: system.cpu: T0 : 0x1cb68    : c_sdsp ra, 248(sp)         : MemWrite :  D=0x000000000001dfdc A=0x7ffffffffffffcc8
1784000: system.cpu: T0 : 0x1cb6a    : c_sdsp s0, 240(sp)         : MemWrite :  D=0x0000000000000140 A=0x7ffffffffffffcc0
1784500: system.cpu: T0 : 0x1cb6c    : c_sdsp s1, 232(sp)         : MemWrite :  D=0x000000000006f000 A=0x7ffffffffffffcb8
1785000: system.cpu: T0 : 0x1cb6e    : c_sdsp s2, 224(sp)         : MemWrite :  D=0x0000000000000000 A=0x7ffffffffffffcb0
1785500: system.cpu: T0 : 0x1cb70    : c_sdsp s3, 216(sp)         : MemWrite :  D=0x000000000006efc0 A=0x7ffffffffffffca8
1786000: system.cpu: T0 : 0x1cb72    : c_sdsp s4, 208(sp)         : MemWrite :  D=0x000000000000000a A=0x7ffffffffffffca0
1786500: system.cpu: T0 : 0x1cb74    : c_sdsp s5, 200(sp)         : MemWrite :  D=0x0000000000074250 A=0x7ffffffffffffc98
1787000: system.cpu: T0 : 0x1cb76    : c_sdsp s6, 192(sp)         : MemWrite :  D=0x0000000000072000 A=0x7ffffffffffffc90
1787500: system.cpu: T0 : 0x1cb78    : c_sdsp s7, 184(sp)         : MemWrite :  D=0x0000000000000000 A=0x7ffffffffffffc88
1788000: system.cpu: T0 : 0x1cb7a    : c_sdsp s8, 176(sp)         : MemWrite :  D=0x0000000000000000 A=0x7ffffffffffffc80
1788500: system.cpu: T0 : 0x1cb7c    : c_sdsp s9, 168(sp)         : MemWrite :  D=0x0000000000000000 A=0x7ffffffffffffc78
1789000: system.cpu: T0 : 0x1cb7e    : c_sdsp s10, 160(sp)        : MemWrite :  D=0x0000000000000000 A=0x7ffffffffffffc70
1789500: system.cpu: T0 : 0x1cb80    : c_sdsp s11, 152(sp)        : MemWrite :  D=0x0000000000000000 A=0x7ffffffffffffc68
1790500: system.cpu: T0 : 0x1cb82    : blt a1, zero, 1198         : IntAlu : 
1791500: system.cpu: T0 : 0x1cb86    : addi s0, a1, 23            : IntAlu :  D=0x0000000000000157
1792000: system.cpu: T0 : 0x1cb8a    : c_li a5, 31                : IntAlu :  D=0x000000000000001f
1792500: system.cpu: T0 : 0x1cb8c    : c_mv s3, a1                : IntAlu :  D=0x0000000000000140
1793000: system.cpu: T0 : 0x1cb8e    : c_mv s1, a0                : IntAlu :  D=0x000000000006f5c8
1793500: system.cpu: T0 : 0x1cb90    : bltu a5, s0, 220           : IntAlu : 
1794000: system.cpu: T0 : 0x1cc6c    : c_andi s0, 18446744073709551600 : IntAlu :  D=0x0000000000000150
1795000: system.cpu: T0 : 0x1cc6e    : beq a0, zero, 988          : IntAlu : 
1796000: system.cpu: T0 : 0x1cc72    : ld a4, -1376(gp)           : MemRead :  D=0x0000000000000080 A=0x70ad0
1797000: system.cpu: T0 : 0x1cc76    : srliw s9, s0, 4            : IntAlu :  D=0x0000000000000015
1798000: system.cpu: T0 : 0x1cc7a    : srliw a5, s0, 4            : IntAlu :  D=0x0000000000000015
1799000: system.cpu: T0 : 0x1cc7e    : bgeu a4, s0, 506           : IntAlu : 
1800000: system.cpu: T0 : 0x1cc82    : addi a4, zero, 1023        : IntAlu :  D=0x00000000000003ff
1801000: system.cpu: T0 : 0x1cc86    : bgeu a4, s0, 1722          : IntAlu : 
1801500: system.cpu: T0 : 0x1d340    : c_addiw a5, -1             : IntAlu :  D=0x0000000000000014
1802000: system.cpu: T0 : 0x1d342    : c_j -1406                  : IntAlu : 
1802500: system.cpu: T0 : 0x1cdc4    : slliw a5, a5, 1            : IntAlu :  D=0x0000000000000028
1803000: system.cpu: T0 : 0x1cdc8    : c_slli a5, 32              : IntAlu :  D=0x0000002800000000
1803500: system.cpu: T0 : 0x1cdca    : c_srli a5, 32              : IntAlu :  D=0x0000000000000028
1804000: system.cpu: T0 : 0x1cdcc    : c_addi a5, 14              : IntAlu :  D=0x0000000000000036
1804500: system.cpu: T0 : 0x1cdce    : c_slli a5, 3               : IntAlu :  D=0x00000000000001b0
1805000: system.cpu: T0 : 0x1cdd0    : c_j -550                   : IntAlu : 
1805500: system.cpu: T0 : 0x1cbaa    : c_add a5, s1               : IntAlu :  D=0x000000000006f778
1806000: system.cpu: T0 : 0x1cbac    : ld s2, 8(a5)               : MemRead :  D=0x000000000006f768 A=0x6f780
1806500: system.cpu: T0 : 0x1cbb0    : addi a3, a5, -16           : IntAlu :  D=0x000000000006f768
1807000: system.cpu: T0 : 0x1cbb4    : beq a3, s2, 748            : IntAlu : 
1807500: system.cpu: T0 : 0x1cea0    : srli t1, s0, 9             : IntAlu :  D=0x0000000000000000
1808000: system.cpu: T0 : 0x1cea4    : addiw a5, t1, 91           : IntAlu :  D=0x000000000000005b
1808500: system.cpu: T0 : 0x1cea8    : srli s10, s0, 6            : IntAlu :  D=0x0000000000000005
1809000: system.cpu: T0 : 0x1ceac    : c_sdsp a5, 96(sp)          : MemWrite :  D=0x000000000000005b A=0x7ffffffffffffc30
1810000: system.cpu: T0 : 0x1ceae    : addiw a5, s10, 48          : IntAlu :  D=0x0000000000000035
1810500: system.cpu: T0 : 0x1ceb2    : c_sdsp a5, 88(sp)          : MemWrite :  D=0x0000000000000035 A=0x7ffffffffffffc28
1811000: system.cpu: T0 : 0x1ceb4    : addi a5, zero, 110         : IntAlu :  D=0x000000000000006e
1811500: system.cpu: T0 : 0x1ceb8    : c_sdsp a5, 112(sp)         : MemWrite :  D=0x000000000000006e A=0x7ffffffffffffc40
1812500: system.cpu: T0 : 0x1ceba    : addi a5, zero, 119         : IntAlu :  D=0x0000000000000077
1813000: system.cpu: T0 : 0x1cebe    : c_sdsp a5, 104(sp)         : MemWrite :  D=0x0000000000000077 A=0x7ffffffffffffc38
1813500: system.cpu: T0 : 0x1cec0    : addi a5, zero, 124         : IntAlu :  D=0x000000000000007c
1814000: system.cpu: T0 : 0x1cec4    : c_sdsp s9, 8(sp)           : MemWrite :  D=0x0000000000000015 A=0x7ffffffffffffbd8
1814500: system.cpu: T0 : 0x1cec6    : c_sdsp a5, 120(sp)         : MemWrite :  D=0x000000000000007c A=0x7ffffffffffffc48
1815000: system.cpu: T0 : 0x1cec8    : c_sdsp zero, 128(sp)       : MemWrite :  D=0x0000000000000000 A=0x7ffffffffffffc50
1815500: system.cpu: T0 : 0x1ceca    : c_sdsp zero, 136(sp)       : MemWrite :  D=0x0000000000000000 A=0x7ffffffffffffc58
1816000: system.cpu: T0 : 0x1cecc    : ld a5, 40(tp)              : MemRead :  D=0x0000000000073f90 A=0x73738
1816500: system.cpu: T0 : 0x1ced0    : addi s6, s0, -17           : IntAlu :  D=0x000000000000013f
1817000: system.cpu: T0 : 0x1ced4    : srli s6, s6, 4             : IntAlu :  D=0x0000000000000013
1817500: system.cpu: T0 : 0x1ced8    : c_li s5, 0                 : IntAlu :  D=0x0000000000000000
1818000: system.cpu: T0 : 0x1ceda    : c_beqz a5, 22              : IntAlu : 
1818500: system.cpu: T0 : 0x1cedc    : lui a5, 111                : IntAlu :  D=0x000000000006f000
1819000: system.cpu: T0 : 0x1cee0    : ld s5, 1448(a5)            : MemRead :  D=0x0000000000000040 A=0x6f5a8
1819500: system.cpu: T0 : 0x1cee4    : sltu s5, s6, s5            : IntAlu :  D=0x0000000000000001
1820000: system.cpu: T0 : 0x1cee8    : sub s5, zero, s5           : IntAlu :  D=0xffffffffffffffff
1820500: system.cpu: T0 : 0x1ceec    : and s5, s0, s5             : IntAlu :  D=0x0000000000000150
1821000: system.cpu: T0 : 0x1cef0    : lui a5, 111                : IntAlu :  D=0x000000000006f000
1821500: system.cpu: T0 : 0x1cef4    : c_lui s11, 1               : IntAlu :  D=0x0000000000001000
1822500: system.cpu: T0 : 0x1cef6    : lui s7, 111                : IntAlu :  D=0x000000000006f000
1823500: system.cpu: T0 : 0x1cefa    : addi a5, a5, 1480          : IntAlu :  D=0x000000000006f5c8
1824500: system.cpu: T0 : 0x1cefe    : addi s8, s1, 96            : IntAlu :  D=0x000000000006f628
1825000: system.cpu: T0 : 0x1cf02    : c_li t5, 0                 : IntAlu :  D=0x0000000000000000
1825500: system.cpu: T0 : 0x1cf04    : addi s7, s7, 1368          : IntAlu :  D=0x000000000006f558
1826000: system.cpu: T0 : 0x1cf08    : add a7, s1, s11            : IntAlu :  D=0x00000000000705c8
1826500: system.cpu: T0 : 0x1cf0c    : c_sdsp a5, 56(sp)          : MemWrite :  D=0x000000000006f5c8 A=0x7ffffffffffffc08
1827000: system.cpu: T0 : 0x1cf0e    : c_ld a5, 120(s1)           : MemRead :  D=0x000000000006f628 A=0x6f640
1827500: system.cpu: T0 : 0x1cf10    : beq a5, s8, 532            : IntAlu : 
1828000: system.cpu: T0 : 0x1d124    : addi a5, zero, 1023        : IntAlu :  D=0x00000000000003ff
1828500: system.cpu: T0 : 0x1d128    : bgeu a5, s0, 38            : IntAlu : 
1829000: system.cpu: T0 : 0x1d14e    : c_ldsp a3, 8(sp)           : MemRead :  D=0x0000000000000015 A=0x7ffffffffffffbd8
1829500: system.cpu: T0 : 0x1d150    : c_li a0, 4                 : IntAlu :  D=0x0000000000000004
1830500: system.cpu: T0 : 0x1d152    : addiw a5, a3, 1            : IntAlu :  D=0x0000000000000016
1831500: system.cpu: T0 : 0x1d156    : srliw a4, a5, 5            : IntAlu :  D=0x0000000000000000
1832500: system.cpu: T0 : 0x1d15a    : slliw a3, a3, 1            : IntAlu :  D=0x000000000000002a
1833500: system.cpu: T0 : 0x1d15e    : addi a4, a4, 536           : IntAlu :  D=0x0000000000000218
1834000: system.cpu: T0 : 0x1d162    : c_slli a3, 32              : IntAlu :  D=0x0000002a00000000
1834500: system.cpu: T0 : 0x1d164    : c_slli a4, 2               : IntAlu :  D=0x0000000000000860
1835000: system.cpu: T0 : 0x1d166    : c_srli a3, 32              : IntAlu :  D=0x000000000000002a
1835500: system.cpu: T0 : 0x1d168    : c_add a4, s1               : IntAlu :  D=0x000000000006fe28
1836000: system.cpu: T0 : 0x1d16a    : c_slli a3, 3               : IntAlu :  D=0x0000000000000150
1836500: system.cpu: T0 : 0x1d16c    : c_lw a2, 0(a4)             : MemRead :  D=0x0000000000000000 A=0x6fe28
1837500: system.cpu: T0 : 0x1d16e    : addi a3, a3, 96            : IntAlu :  D=0x00000000000001b0
1838000: system.cpu: T0 : 0x1d172    : c_li a4, 1                 : IntAlu :  D=0x0000000000000001
1838500: system.cpu: T0 : 0x1d174    : srliw s2, a5, 5            : IntAlu :  D=0x0000000000000000
1839000: system.cpu: T0 : 0x1d178    : c_add a3, s1               : IntAlu :  D=0x000000000006f778
1840000: system.cpu: T0 : 0x1d17a    : sllw a5, a4, a5            : IntAlu :  D=0x0000000000400000
1841000: system.cpu: T0 : 0x1d17e    : bltu a2, a5, 144           : IntAlu : 
1842000: system.cpu: T0 : 0x1d20e    : addiw a5, s2, 1            : IntAlu :  D=0x0000000000000001
1843000: system.cpu: T0 : 0x1d212    : addiw s2, a5, 0            : IntAlu :  D=0x0000000000000001
1844000: system.cpu: T0 : 0x1d216    : bne s2, a0, -26            : IntAlu : 
1844500: system.cpu: T0 : 0x1d1fc    : c_slli a5, 32              : IntAlu :  D=0x0000000100000000
1845000: system.cpu: T0 : 0x1d1fe    : c_srli a5, 32              : IntAlu :  D=0x0000000000000001
1845500: system.cpu: T0 : 0x1d200    : addi a5, a5, 536           : IntAlu :  D=0x0000000000000219
1846000: system.cpu: T0 : 0x1d204    : c_slli a5, 2               : IntAlu :  D=0x0000000000000864
1846500: system.cpu: T0 : 0x1d206    : c_add a5, s1               : IntAlu :  D=0x000000000006fe2c
1847000: system.cpu: T0 : 0x1d208    : c_lw a2, 0(a5)             : MemRead :  D=0x0000000000000000 A=0x6fe2c
1848000: system.cpu: T0 : 0x1d20a    : bne a2, zero, 384          : IntAlu : 
1849000: system.cpu: T0 : 0x1d20e    : addiw a5, s2, 1            : IntAlu :  D=0x0000000000000002
1850000: system.cpu: T0 : 0x1d212    : addiw s2, a5, 0            : IntAlu :  D=0x0000000000000002
1851000: system.cpu: T0 : 0x1d216    : bne s2, a0, -26            : IntAlu : 
1851500: system.cpu: T0 : 0x1d1fc    : c_slli a5, 32              : IntAlu :  D=0x0000000200000000
1852000: system.cpu: T0 : 0x1d1fe    : c_srli a5, 32              : IntAlu :  D=0x0000000000000002
1852500: system.cpu: T0 : 0x1d200    : addi a5, a5, 536           : IntAlu :  D=0x000000000000021a
1853000: system.cpu: T0 : 0x1d204    : c_slli a5, 2               : IntAlu :  D=0x0000000000000868
1853500: system.cpu: T0 : 0x1d206    : c_add a5, s1               : IntAlu :  D=0x000000000006fe30
1854000: system.cpu: T0 : 0x1d208    : c_lw a2, 0(a5)             : MemRead :  D=0x0000000000000000 A=0x6fe30
1855000: system.cpu: T0 : 0x1d20a    : bne a2, zero, 384          : IntAlu : 
1856000: system.cpu: T0 : 0x1d20e    : addiw a5, s2, 1            : IntAlu :  D=0x0000000000000003
1857000: system.cpu: T0 : 0x1d212    : addiw s2, a5, 0            : IntAlu :  D=0x0000000000000003
1858000: system.cpu: T0 : 0x1d216    : bne s2, a0, -26            : IntAlu : 
1858500: system.cpu: T0 : 0x1d1fc    : c_slli a5, 32              : IntAlu :  D=0x0000000300000000
1859000: system.cpu: T0 : 0x1d1fe    : c_srli a5, 32              : IntAlu :  D=0x0000000000000003
1859500: system.cpu: T0 : 0x1d200    : addi a5, a5, 536           : IntAlu :  D=0x000000000000021b
1860000: system.cpu: T0 : 0x1d204    : c_slli a5, 2               : IntAlu :  D=0x000000000000086c
1860500: system.cpu: T0 : 0x1d206    : c_add a5, s1               : IntAlu :  D=0x000000000006fe34
1861000: system.cpu: T0 : 0x1d208    : c_lw a2, 0(a5)             : MemRead :  D=0x0000000000000000 A=0x6fe34
1862000: system.cpu: T0 : 0x1d20a    : bne a2, zero, 384          : IntAlu : 
1863000: system.cpu: T0 : 0x1d20e    : addiw a5, s2, 1            : IntAlu :  D=0x0000000000000004
1864000: system.cpu: T0 : 0x1d212    : addiw s2, a5, 0            : IntAlu :  D=0x0000000000000004
1865000: system.cpu: T0 : 0x1d216    : bne s2, a0, -26            : IntAlu : 
1865500: system.cpu: T0 : 0x1d21a    : c_ld a4, 96(s1)            : MemRead :  D=0x0000000000074270 A=0x6f628
1866000: system.cpu: T0 : 0x1d21c    : ld a3, -1912(a7)           : MemRead :  D=0x0000000000021080 A=0x6fe50
1866500: system.cpu: T0 : 0x1d220    : c_ld a5, 8(a4)             : MemRead :  D=0x0000000000020d91 A=0x74278
1867000: system.cpu: T0 : 0x1d222    : c_andi a5, 18446744073709551608 : IntAlu :  D=0x0000000000020d90
1867500: system.cpu: T0 : 0x1d224    : bltu a3, a5, 548           : IntAlu : 
1868000: system.cpu: T0 : 0x1d228    : addi a3, s0, 32            : IntAlu :  D=0x0000000000000170
1868500: system.cpu: T0 : 0x1d22c    : bgeu a5, a3, 640           : IntAlu : 
1869000: system.cpu: T0 : 0x1d4ac    : add a0, a4, s0             : IntAlu :  D=0x00000000000743c0
1869500: system.cpu: T0 : 0x1d4b0    : lui a2, 111                : IntAlu :  D=0x000000000006f000
1870000: system.cpu: T0 : 0x1d4b4    : c_sd a0, 96(s1)            : MemWrite :  D=0x00000000000743c0 A=0x6f628
1871000: system.cpu: T0 : 0x1d4b6    : addi a2, a2, 1480          : IntAlu :  D=0x000000000006f5c8
1871500: system.cpu: T0 : 0x1d4ba    : c_sub a5, s0               : IntAlu :  D=0x0000000000020c40
1872000: system.cpu: T0 : 0x1d4bc    : c_li a3, 4                 : IntAlu :  D=0x0000000000000004
1873000: system.cpu: T0 : 0x1d4be    : beq s1, a2, 116            : IntAlu : 
1873500: system.cpu: T0 : 0x1d532    : c_li a3, 0                 : IntAlu :  D=0x0000000000000000
1874000: system.cpu: T0 : 0x1d534    : c_j -114                   : IntAlu : 
1874500: system.cpu: T0 : 0x1d4c2    : c_or a3, s0                : IntAlu :  D=0x0000000000000150
1875000: system.cpu: T0 : 0x1d4c4    : ori a3, a3, 1              : IntAlu :  D=0x0000000000000151
1875500: system.cpu: T0 : 0x1d4c8    : lw a1, -1396(gp)           : MemRead :  D=0x0000000000000000 A=0x70abc
1876000: system.cpu: T0 : 0x1d4cc    : c_sd a3, 8(a4)             : MemWrite :  D=0x0000000000000151 A=0x74278
1877000: system.cpu: T0 : 0x1d4ce    : ori a5, a5, 1              : IntAlu :  D=0x0000000000020c41
1877500: system.cpu: T0 : 0x1d4d2    : c_sd a5, 8(a0)             : MemWrite :  D=0x0000000000020c41 A=0x743c8
1878000: system.cpu: T0 : 0x1d4d4    : addi s2, a4, 16            : IntAlu :  D=0x0000000000074280
1878500: system.cpu: T0 : 0x1d4d8    : beq a1, zero, -1664        : IntAlu : 
1879000: system.cpu: T0 : 0x1ce58    : c_ldsp ra, 248(sp)         : MemRead :  D=0x000000000001dfdc A=0x7ffffffffffffcc8
1879500: system.cpu: T0 : 0x1ce5a    : c_ldsp s0, 240(sp)         : MemRead :  D=0x0000000000000140 A=0x7ffffffffffffcc0
1880000: system.cpu: T0 : 0x1ce5c    : c_ldsp s1, 232(sp)         : MemRead :  D=0x000000000006f000 A=0x7ffffffffffffcb8
1880500: system.cpu: T0 : 0x1ce5e    : c_ldsp s3, 216(sp)         : MemRead :  D=0x000000000006efc0 A=0x7ffffffffffffca8
1881000: system.cpu: T0 : 0x1ce60    : c_ldsp s4, 208(sp)         : MemRead :  D=0x000000000000000a A=0x7ffffffffffffca0
1881500: system.cpu: T0 : 0x1ce62    : c_ldsp s5, 200(sp)         : MemRead :  D=0x0000000000074250 A=0x7ffffffffffffc98
1882000: system.cpu: T0 : 0x1ce64    : c_ldsp s6, 192(sp)         : MemRead :  D=0x0000000000072000 A=0x7ffffffffffffc90
1882500: system.cpu: T0 : 0x1ce66    : c_ldsp s7, 184(sp)         : MemRead :  D=0x0000000000000000 A=0x7ffffffffffffc88
1883000: system.cpu: T0 : 0x1ce68    : c_ldsp s8, 176(sp)         : MemRead :  D=0x0000000000000000 A=0x7ffffffffffffc80
1883500: system.cpu: T0 : 0x1ce6a    : c_ldsp s9, 168(sp)         : MemRead :  D=0x0000000000000000 A=0x7ffffffffffffc78
1884000: system.cpu: T0 : 0x1ce6c    : c_ldsp s10, 160(sp)        : MemRead :  D=0x0000000000000000 A=0x7ffffffffffffc70
1884500: system.cpu: T0 : 0x1ce6e    : c_ldsp s11, 152(sp)        : MemRead :  D=0x0000000000000000 A=0x7ffffffffffffc68
1885000: system.cpu: T0 : 0x1ce70    : c_mv a0, s2                : IntAlu :  D=0x0000000000074280
1885500: system.cpu: T0 : 0x1ce72    : c_ldsp s2, 224(sp)         : MemRead :  D=0x0000000000000000 A=0x7ffffffffffffcb0
1886000: system.cpu: T0 : 0x1ce74    : c_addi16sp sp, 256         : IntAlu :  D=0x7ffffffffffffcd0
1886500: system.cpu: T0 : 0x1ce76    : c_jr ra                    : IntAlu : 
1887000: system.cpu: T0 : 0x1dfdc    : c_mv a5, a0                : IntAlu :  D=0x0000000000074280
1887500: system.cpu: T0 : 0x1dfde    : c_beqz a0, 150             : IntAlu : 
1888000: system.cpu: T0 : 0x1dfe0    : ld a4, -8(a0)              : MemRead :  D=0x0000000000000151 A=0x74278
1888500: system.cpu: T0 : 0x1dfe4    : andi a3, a4, 2             : IntAlu :  D=0x0000000000000000
1889000: system.cpu: T0 : 0x1dfe8    : c_bnez a3, 26              : IntAlu : 
1889500: system.cpu: T0 : 0x1dfea    : c_andi a4, 4               : IntAlu :  D=0x0000000000000000
1890000: system.cpu: T0 : 0x1dfec    : c_beqz a4, 22              : IntAlu : 
1890500: system.cpu: T0 : 0x1e002    : c_ldsp ra, 24(sp)          : MemRead :  D=0x000000000003b5da A=0x7ffffffffffffce8
1891000: system.cpu: T0 : 0x1e004    : c_ldsp s0, 16(sp)          : MemRead :  D=0x7ffffffffffffd30 A=0x7ffffffffffffce0
1891500: system.cpu: T0 : 0x1e006    : c_ldsp s1, 8(sp)           : MemRead :  D=0x0000000000000002 A=0x7ffffffffffffcd8
1892000: system.cpu: T0 : 0x1e008    : c_ldsp s2, 0(sp)           : MemRead :  D=0x0000000000000000 A=0x7ffffffffffffcd0
1892500: system.cpu: T0 : 0x1e00a    : c_mv a0, a5                : IntAlu :  D=0x0000000000074280
1893000: system.cpu: T0 : 0x1e00c    : c_addi16sp sp, 32          : IntAlu :  D=0x7ffffffffffffcf0
1893500: system.cpu: T0 : 0x1e00e    : c_jr ra                    : IntAlu : 
1894500: system.cpu: T0 : 0x3b5da    : sd a0, 0(s5)               : MemWrite :  D=0x0000000000074280 A=0x74250
1895000: system.cpu: T0 : 0x3b5de    : c_mv a2, a0                : IntAlu :  D=0x0000000000074280
1895500: system.cpu: T0 : 0x3b5e0    : beq a0, zero, 386          : IntAlu : 
1896000: system.cpu: T0 : 0x3b5e4    : lui a5, 114                : IntAlu :  D=0x0000000000072000
1896500: system.cpu: T0 : 0x3b5e8    : lui a3, 98                 : IntAlu :  D=0x0000000000062000
1897000: system.cpu: T0 : 0x3b5ec    : lui a0, 98                 : IntAlu :  D=0x0000000000062000
1897500: system.cpu: T0 : 0x3b5f0    : addi a3, a3, -320          : IntAlu :  D=0x0000000000061ec0
1898000: system.cpu: T0 : 0x3b5f4    : addi a0, a0, -768          : IntAlu :  D=0x0000000000061d00
1898500: system.cpu: T0 : 0x3b5f8    : sd a2, -248(a5)            : MemWrite :  D=0x0000000000074280 A=0x71f08
1899000: system.cpu: T0 : 0x3b5fc    : c_li a5, 23                : IntAlu :  D=0x0000000000000017
1899500: system.cpu: T0 : 0x3b5fe    : c_sd a3, 24(a2)            : MemWrite :  D=0x0000000000061ec0 A=0x74298
1900000: system.cpu: T0 : 0x3b600    : addi a6, a3, 72            : IntAlu :  D=0x0000000000061f08
1900500: system.cpu: T0 : 0x3b604    : sw zero, 40(s3)            : MemWrite :  D=0x0000000000000000 A=0x6efe8
1901000: system.cpu: T0 : 0x3b608    : addi a1, s5, 8             : IntAlu :  D=0x0000000000074258
1901500: system.cpu: T0 : 0x3b60c    : c_sd a0, 8(a2)             : MemWrite :  D=0x0000000000061d00 A=0x74288
1902500: system.cpu: T0 : 0x3b60e    : sd zero, 16(a2)            : MemWrite :  D=0x0000000000000000 A=0x74290
1903000: system.cpu: T0 : 0x3b612    : c_sd a5, 32(a2)            : MemWrite :  D=0x0000000000000017 A=0x742a0
1903500: system.cpu: T0 : 0x3b614    : slli a7, s4, 3             : IntAlu :  D=0x0000000000000050
1904000: system.cpu: T0 : 0x3b618    : addi t3, s5, 32            : IntAlu :  D=0x0000000000074270
1904500: system.cpu: T0 : 0x3b61c    : c_addi a3, 24              : IntAlu :  D=0x0000000000061ed8
1905500: system.cpu: T0 : 0x3b61e    : addi t4, zero, 47          : IntAlu :  D=0x000000000000002f
1906500: system.cpu: T0 : 0x3b622    : addi a4, a2, 40            : IntAlu :  D=0x00000000000742a8
1907000: system.cpu: T0 : 0x3b626    : c_li a5, 0                 : IntAlu :  D=0x0000000000000000
1907500: system.cpu: T0 : 0x3b628    : c_beqz s1, 14              : IntAlu : 
1908500: system.cpu: T0 : 0x3b62a    : sw zero, 0(a4)             : MemWrite :  D=0x0000000000000000 A=0x742a8
1909000: system.cpu: T0 : 0x3b62e    : c_addi a5, 1               : IntAlu :  D=0x0000000000000001
1909500: system.cpu: T0 : 0x3b630    : c_addi a4, 4               : IntAlu :  D=0x00000000000742ac
1910500: system.cpu: T0 : 0x3b632    : bne s1, a5, -8             : IntAlu : 
1911500: system.cpu: T0 : 0x3b62a    : sw zero, 0(a4)             : MemWrite :  D=0x0000000000000000 A=0x742ac
1912000: system.cpu: T0 : 0x3b62e    : c_addi a5, 1               : IntAlu :  D=0x0000000000000002
1912500: system.cpu: T0 : 0x3b630    : c_addi a4, 4               : IntAlu :  D=0x00000000000742b0
1913500: system.cpu: T0 : 0x3b632    : bne s1, a5, -8             : IntAlu : 
1914500: system.cpu: T0 : 0x3b636    : beq t3, a1, 48             : IntAlu : 
1915500: system.cpu: T0 : 0x3b63a    : ld a4, 8(a6)               : MemRead :  D=0x000000000000001b A=0x61f10
1916500: system.cpu: T0 : 0x3b63e    : add a5, a2, a7             : IntAlu :  D=0x00000000000742d0
1917500: system.cpu: T0 : 0x3b642    : lbu t1, 0(a3)              : MemRead :  D=0x000000000000002f A=0x61ed8
1918000: system.cpu: T0 : 0x3b646    : c_sd a5, 0(a2)             : MemWrite :  D=0x00000000000742d0 A=0x74280
1918500: system.cpu: T0 : 0x3b648    : c_sd a3, 24(a5)            : MemWrite :  D=0x0000000000061ed8 A=0x742e8
1919500: system.cpu: T0 : 0x3b64a    : addi a2, a4, 1             : IntAlu :  D=0x000000000000001c
1920000: system.cpu: T0 : 0x3b64e    : c_sd a5, 0(a1)             : MemWrite :  D=0x00000000000742d0 A=0x74258
1920500: system.cpu: T0 : 0x3b650    : c_sd a0, 8(a5)             : MemWrite :  D=0x0000000000061d00 A=0x742d8
1921500: system.cpu: T0 : 0x3b652    : sd zero, 16(a5)            : MemWrite :  D=0x0000000000000000 A=0x742e0
1922000: system.cpu: T0 : 0x3b656    : c_sd a4, 32(a5)            : MemWrite :  D=0x000000000000001b A=0x742f0
1922500: system.cpu: T0 : 0x3b658    : c_addi a1, 8               : IntAlu :  D=0x0000000000074260
1923000: system.cpu: T0 : 0x3b65a    : c_add a3, a2               : IntAlu :  D=0x0000000000061ef4
1923500: system.cpu: T0 : 0x3b65c    : c_addi a6, 8               : IntAlu :  D=0x0000000000061f10
1924500: system.cpu: T0 : 0x3b65e    : bne t1, t4, 228            : IntAlu : 
1925000: system.cpu: T0 : 0x3b662    : c_mv a2, a5                : IntAlu :  D=0x00000000000742d0
1925500: system.cpu: T0 : 0x3b664    : c_j -66                    : IntAlu : 
1926500: system.cpu: T0 : 0x3b622    : addi a4, a2, 40            : IntAlu :  D=0x00000000000742f8
1927000: system.cpu: T0 : 0x3b626    : c_li a5, 0                 : IntAlu :  D=0x0000000000000000
1927500: system.cpu: T0 : 0x3b628    : c_beqz s1, 14              : IntAlu : 
1928500: system.cpu: T0 : 0x3b62a    : sw zero, 0(a4)             : MemWrite :  D=0x0000000000000000 A=0x742f8
1929000: system.cpu: T0 : 0x3b62e    : c_addi a5, 1               : IntAlu :  D=0x0000000000000001
1929500: system.cpu: T0 : 0x3b630    : c_addi a4, 4               : IntAlu :  D=0x00000000000742fc
1930500: system.cpu: T0 : 0x3b632    : bne s1, a5, -8             : IntAlu : 
1931500: system.cpu: T0 : 0x3b62a    : sw zero, 0(a4)             : MemWrite :  D=0x0000000000000000 A=0x742fc
1932000: system.cpu: T0 : 0x3b62e    : c_addi a5, 1               : IntAlu :  D=0x0000000000000002
1932500: system.cpu: T0 : 0x3b630    : c_addi a4, 4               : IntAlu :  D=0x0000000000074300
1933500: system.cpu: T0 : 0x3b632    : bne s1, a5, -8             : IntAlu : 
1934500: system.cpu: T0 : 0x3b636    : beq t3, a1, 48             : IntAlu : 
1935500: system.cpu: T0 : 0x3b63a    : ld a4, 8(a6)               : MemRead :  D=0x0000000000000005 A=0x61f18
1936500: system.cpu: T0 : 0x3b63e    : add a5, a2, a7             : IntAlu :  D=0x0000000000074320
1937500: system.cpu: T0 : 0x3b642    : lbu t1, 0(a3)              : MemRead :  D=0x000000000000002f A=0x61ef4
1938000: system.cpu: T0 : 0x3b646    : c_sd a5, 0(a2)             : MemWrite :  D=0x0000000000074320 A=0x742d0
1938500: system.cpu: T0 : 0x3b648    : c_sd a3, 24(a5)            : MemWrite :  D=0x0000000000061ef4 A=0x74338
1939500: system.cpu: T0 : 0x3b64a    : addi a2, a4, 1             : IntAlu :  D=0x0000000000000006
1940000: system.cpu: T0 : 0x3b64e    : c_sd a5, 0(a1)             : MemWrite :  D=0x0000000000074320 A=0x74260
1940500: system.cpu: T0 : 0x3b650    : c_sd a0, 8(a5)             : MemWrite :  D=0x0000000000061d00 A=0x74328
1941500: system.cpu: T0 : 0x3b652    : sd zero, 16(a5)            : MemWrite :  D=0x0000000000000000 A=0x74330
1942000: system.cpu: T0 : 0x3b656    : c_sd a4, 32(a5)            : MemWrite :  D=0x0000000000000005 A=0x74340
1942500: system.cpu: T0 : 0x3b658    : c_addi a1, 8               : IntAlu :  D=0x0000000000074268
1943000: system.cpu: T0 : 0x3b65a    : c_add a3, a2               : IntAlu :  D=0x0000000000061efa
1943500: system.cpu: T0 : 0x3b65c    : c_addi a6, 8               : IntAlu :  D=0x0000000000061f18
1944500: system.cpu: T0 : 0x3b65e    : bne t1, t4, 228            : IntAlu : 
1945000: system.cpu: T0 : 0x3b662    : c_mv a2, a5                : IntAlu :  D=0x0000000000074320
1945500: system.cpu: T0 : 0x3b664    : c_j -66                    : IntAlu : 
1946500: system.cpu: T0 : 0x3b622    : addi a4, a2, 40            : IntAlu :  D=0x0000000000074348
1947000: system.cpu: T0 : 0x3b626    : c_li a5, 0                 : IntAlu :  D=0x0000000000000000
1947500: system.cpu: T0 : 0x3b628    : c_beqz s1, 14              : IntAlu : 
1948500: system.cpu: T0 : 0x3b62a    : sw zero, 0(a4)             : MemWrite :  D=0x0000000000000000 A=0x74348
1949000: system.cpu: T0 : 0x3b62e    : c_addi a5, 1               : IntAlu :  D=0x0000000000000001
1949500: system.cpu: T0 : 0x3b630    : c_addi a4, 4               : IntAlu :  D=0x000000000007434c
1950500: system.cpu: T0 : 0x3b632    : bne s1, a5, -8             : IntAlu : 
1951500: system.cpu: T0 : 0x3b62a    : sw zero, 0(a4)             : MemWrite :  D=0x0000000000000000 A=0x7434c
1952000: system.cpu: T0 : 0x3b62e    : c_addi a5, 1               : IntAlu :  D=0x0000000000000002
1952500: system.cpu: T0 : 0x3b630    : c_addi a4, 4               : IntAlu :  D=0x0000000000074350
1953500: system.cpu: T0 : 0x3b632    : bne s1, a5, -8             : IntAlu : 
1954500: system.cpu: T0 : 0x3b636    : beq t3, a1, 48             : IntAlu : 
1955500: system.cpu: T0 : 0x3b63a    : ld a4, 8(a6)               : MemRead :  D=0x0000000000000009 A=0x61f20
1956500: system.cpu: T0 : 0x3b63e    : add a5, a2, a7             : IntAlu :  D=0x0000000000074370
1957500: system.cpu: T0 : 0x3b642    : lbu t1, 0(a3)              : MemRead :  D=0x000000000000002f A=0x61efa
1958000: system.cpu: T0 : 0x3b646    : c_sd a5, 0(a2)             : MemWrite :  D=0x0000000000074370 A=0x74320
1958500: system.cpu: T0 : 0x3b648    : c_sd a3, 24(a5)            : MemWrite :  D=0x0000000000061efa A=0x74388
1959500: system.cpu: T0 : 0x3b64a    : addi a2, a4, 1             : IntAlu :  D=0x000000000000000a
1960000: system.cpu: T0 : 0x3b64e    : c_sd a5, 0(a1)             : MemWrite :  D=0x0000000000074370 A=0x74268
1960500: system.cpu: T0 : 0x3b650    : c_sd a0, 8(a5)             : MemWrite :  D=0x0000000000061d00 A=0x74378
1961500: system.cpu: T0 : 0x3b652    : sd zero, 16(a5)            : MemWrite :  D=0x0000000000000000 A=0x74380
1962000: system.cpu: T0 : 0x3b656    : c_sd a4, 32(a5)            : MemWrite :  D=0x0000000000000009 A=0x74390
1962500: system.cpu: T0 : 0x3b658    : c_addi a1, 8               : IntAlu :  D=0x0000000000074270
1963000: system.cpu: T0 : 0x3b65a    : c_add a3, a2               : IntAlu :  D=0x0000000000061f04
1963500: system.cpu: T0 : 0x3b65c    : c_addi a6, 8               : IntAlu :  D=0x0000000000061f20
1964500: system.cpu: T0 : 0x3b65e    : bne t1, t4, 228            : IntAlu : 
1965000: system.cpu: T0 : 0x3b662    : c_mv a2, a5                : IntAlu :  D=0x0000000000074370
1965500: system.cpu: T0 : 0x3b664    : c_j -66                    : IntAlu : 
1966500: system.cpu: T0 : 0x3b622    : addi a4, a2, 40            : IntAlu :  D=0x0000000000074398
1967000: system.cpu: T0 : 0x3b626    : c_li a5, 0                 : IntAlu :  D=0x0000000000000000
1967500: system.cpu: T0 : 0x3b628    : c_beqz s1, 14              : IntAlu : 
1968500: system.cpu: T0 : 0x3b62a    : sw zero, 0(a4)             : MemWrite :  D=0x0000000000000000 A=0x74398
1969000: system.cpu: T0 : 0x3b62e    : c_addi a5, 1               : IntAlu :  D=0x0000000000000001
1969500: system.cpu: T0 : 0x3b630    : c_addi a4, 4               : IntAlu :  D=0x000000000007439c
1970500: system.cpu: T0 : 0x3b632    : bne s1, a5, -8             : IntAlu : 
1971500: system.cpu: T0 : 0x3b62a    : sw zero, 0(a4)             : MemWrite :  D=0x0000000000000000 A=0x7439c
1972000: system.cpu: T0 : 0x3b62e    : c_addi a5, 1               : IntAlu :  D=0x0000000000000002
1972500: system.cpu: T0 : 0x3b630    : c_addi a4, 4               : IntAlu :  D=0x00000000000743a0
1973500: system.cpu: T0 : 0x3b632    : bne s1, a5, -8             : IntAlu : 
1974500: system.cpu: T0 : 0x3b636    : beq t3, a1, 48             : IntAlu : 
1975000: system.cpu: T0 : 0x3b666    : c_li a4, 27                : IntAlu :  D=0x000000000000001b
1975500: system.cpu: T0 : 0x3b668    : sd zero, 0(a2)             : MemWrite :  D=0x0000000000000000 A=0x74370
1976000: system.cpu: T0 : 0x3b66c    : sd a4, -1192(gp)           : MemWrite :  D=0x000000000000001b A=0x70b88
1976500: system.cpu: T0 : 0x3b670    : sd zero, 32(s5)            : MemWrite :  D=0x0000000000000000 A=0x74270
1977000: system.cpu: T0 : 0x3b674    : beq s2, zero, 10           : IntAlu : 
1977500: system.cpu: T0 : 0x3b67e    : c_li a5, -1                : IntAlu :  D=0xffffffffffffffff
1978000: system.cpu: T0 : 0x3b680    : sd a5, 48(s3)              : MemWrite :  D=0xffffffffffffffff A=0x6eff0
1978500: system.cpu: T0 : 0x3b684    : addi sp, s0, -64           : IntAlu :  D=0x7ffffffffffffcf0
1979000: system.cpu: T0 : 0x3b688    : c_ldsp ra, 56(sp)          : MemRead :  D=0x0000000000022f6e A=0x7ffffffffffffd28
1979500: system.cpu: T0 : 0x3b68a    : c_ldsp s0, 48(sp)          : MemRead :  D=0x000000000006ef80 A=0x7ffffffffffffd20
1980000: system.cpu: T0 : 0x3b68c    : c_ldsp s1, 40(sp)          : MemRead :  D=0x000000000006fe60 A=0x7ffffffffffffd18
1980500: system.cpu: T0 : 0x3b68e    : c_ldsp s2, 32(sp)          : MemRead :  D=0x0000000000072000 A=0x7ffffffffffffd10
1981000: system.cpu: T0 : 0x3b690    : c_ldsp s3, 24(sp)          : MemRead :  D=0x0000000000072000 A=0x7ffffffffffffd08
1981500: system.cpu: T0 : 0x3b692    : c_ldsp s4, 16(sp)          : MemRead :  D=0x0000000000070000 A=0x7ffffffffffffd00
1982000: system.cpu: T0 : 0x3b694    : c_ldsp s5, 8(sp)           : MemRead :  D=0x0000000000072000 A=0x7ffffffffffffcf8
1982500: system.cpu: T0 : 0x3b696    : c_addi16sp sp, 64          : IntAlu :  D=0x7ffffffffffffd30
1983000: system.cpu: T0 : 0x3b698    : c_jr ra                    : IntAlu : 
1984000: system.cpu: T0 : 0x22f6e    : lui a5, 114                : IntAlu :  D=0x0000000000072000
1985000: system.cpu: T0 : 0x22f72    : ld a4, -248(a5)            : MemRead :  D=0x0000000000074280 A=0x71f08
1986000: system.cpu: T0 : 0x22f76    : lui a0, 80                 : IntAlu :  D=0x0000000000050000
1987000: system.cpu: T0 : 0x22f7a    : lui a5, 114                : IntAlu :  D=0x0000000000072000
1988000: system.cpu: T0 : 0x22f7e    : addi a0, a0, 1456          : IntAlu :  D=0x00000000000505b0
1989000: system.cpu: T0 : 0x22f82    : sd a4, -288(a5)            : MemWrite :  D=0x0000000000074280 A=0x71ee0
1990000: system.cpu: T0 : 0x22f86    : jal ra, -57850             : IntAlu :  D=0x0000000000022f8a
1990500: system.cpu: T0 : 0x14d8c    : c_addi16sp sp, -64         : IntAlu :  D=0x7ffffffffffffcf0
1991000: system.cpu: T0 : 0x14d8e    : c_sdsp s1, 40(sp)          : MemWrite :  D=0x000000000006fe60 A=0x7ffffffffffffd18
1991500: system.cpu: T0 : 0x14d90    : ld s1, -1360(gp)           : MemRead :  D=0x7fffffffffffff48 A=0x70ae0
1992000: system.cpu: T0 : 0x14d94    : c_sdsp ra, 56(sp)          : MemWrite :  D=0x0000000000022f8a A=0x7ffffffffffffd28
1992500: system.cpu: T0 : 0x14d96    : c_sdsp s0, 48(sp)          : MemWrite :  D=0x000000000006ef80 A=0x7ffffffffffffd20
1993000: system.cpu: T0 : 0x14d98    : c_sdsp s2, 32(sp)          : MemWrite :  D=0x0000000000072000 A=0x7ffffffffffffd10
1993500: system.cpu: T0 : 0x14d9a    : c_sdsp s3, 24(sp)          : MemWrite :  D=0x0000000000072000 A=0x7ffffffffffffd08
1994000: system.cpu: T0 : 0x14d9c    : c_sdsp s4, 16(sp)          : MemWrite :  D=0x0000000000070000 A=0x7ffffffffffffd00
1994500: system.cpu: T0 : 0x14d9e    : c_sdsp s5, 8(sp)           : MemWrite :  D=0x0000000000072000 A=0x7ffffffffffffcf8
1995000: system.cpu: T0 : 0x14da0    : c_sdsp s6, 0(sp)           : MemWrite :  D=0x0000000000072000 A=0x7ffffffffffffcf0
1995500: system.cpu: T0 : 0x14da2    : c_beqz s1, 210             : IntAlu : 
1996000: system.cpu: T0 : 0x14da4    : lbu a5, 0(a0)              : MemRead :  D=0x000000000000004c A=0x505b0
1996500: system.cpu: T0 : 0x14da8    : c_mv s4, a0                : IntAlu :  D=0x00000000000505b0
1997000: system.cpu: T0 : 0x14daa    : c_beqz a5, 202             : IntAlu : 
1997500: system.cpu: T0 : 0x14dac    : lbu s5, 1(a0)              : MemRead :  D=0x0000000000000044 A=0x505b1
1998000: system.cpu: T0 : 0x14db0    : slliw s2, a5, 16           : IntAlu :  D=0x00000000004c0000
1998500: system.cpu: T0 : 0x14db4    : c_ld s0, 0(s1)             : MemRead :  D=0x0000000000000000 A=0x7fffffffffffff48
1999500: system.cpu: T0 : 0x14db6    : sraiw s2, s2, 16           : IntAlu :  D=0x000000000000004c
2000500: system.cpu: T0 : 0x14dba    : bne s5, zero, 86           : IntAlu : 
2001000: system.cpu: T0 : 0x14e10    : jal ra, 42500              : IntAlu :  D=0x0000000000014e14
2001500: system.cpu: T0 : 0x1f414    : andi a5, a0, 7             : IntAlu :  D=0x0000000000000000
2002000: system.cpu: T0 : 0x1f418    : c_beqz a5, 26              : IntAlu : 
2002500: system.cpu: T0 : 0x1f432    : c_mv a5, a0                : IntAlu :  D=0x00000000000505b0
2003000: system.cpu: T0 : 0x1f434    : ld a6, -2024(gp)           : MemRead :  D=0xfefefefefefefeff A=0x70848
2003500: system.cpu: T0 : 0x1f438    : ld a1, -2016(gp)           : MemRead :  D=0x8080808080808080 A=0x70850
2004000: system.cpu: T0 : 0x1f43c    : c_ld a2, 0(a5)             : MemRead :  D=0x5f444e49425f444c A=0x505b0
2005000: system.cpu: T0 : 0x1f43e    : addi a3, a5, 8             : IntAlu :  D=0x00000000000505b8
2006000: system.cpu: T0 : 0x1f442    : add a4, a2, a6             : IntAlu :  D=0x5e434d48415e434b
2007000: system.cpu: T0 : 0x1f446    : xori a2, a2, 18446744073709551615 : IntAlu :  D=0xa0bbb1b6bda0bbb3
2007500: system.cpu: T0 : 0x1f44a    : c_and a4, a2               : IntAlu :  D=0x0003010001000303
2008000: system.cpu: T0 : 0x1f44c    : c_and a4, a1               : IntAlu :  D=0x0000000000000000
2008500: system.cpu: T0 : 0x1f44e    : c_beqz a4, 50              : IntAlu : 
2009000: system.cpu: T0 : 0x1f480    : c_mv a5, a3                : IntAlu :  D=0x00000000000505b8
2009500: system.cpu: T0 : 0x1f482    : c_j -70                    : IntAlu : 
2010000: system.cpu: T0 : 0x1f43c    : c_ld a2, 0(a5)             : MemRead :  D=0x0000000000574f4e A=0x505b8
2011000: system.cpu: T0 : 0x1f43e    : addi a3, a5, 8             : IntAlu :  D=0x00000000000505c0
2012000: system.cpu: T0 : 0x1f442    : add a4, a2, a6             : IntAlu :  D=0xfefefefeff564e4d
2013000: system.cpu: T0 : 0x1f446    : xori a2, a2, 18446744073709551615 : IntAlu :  D=0xffffffffffa8b0b1
2013500: system.cpu: T0 : 0x1f44a    : c_and a4, a2               : IntAlu :  D=0xfefefefeff000001
2014000: system.cpu: T0 : 0x1f44c    : c_and a4, a1               : IntAlu :  D=0x8080808080000000
2014500: system.cpu: T0 : 0x1f44e    : c_beqz a4, 50              : IntAlu : 
2015000: system.cpu: T0 : 0x1f450    : lbu a4, -8(a3)             : MemRead :  D=0x000000000000004e A=0x505b8
2015500: system.cpu: T0 : 0x1f454    : c_beqz a4, -40             : IntAlu : 
2016500: system.cpu: T0 : 0x1f456    : lbu a4, -7(a3)             : MemRead :  D=0x000000000000004f A=0x505b9
2017000: system.cpu: T0 : 0x1f45a    : c_beqz a4, 50              : IntAlu : 
2017500: system.cpu: T0 : 0x1f45c    : lbu a4, -6(a3)             : MemRead :  D=0x0000000000000057 A=0x505ba
2018000: system.cpu: T0 : 0x1f460    : c_beqz a4, 52              : IntAlu : 
2019000: system.cpu: T0 : 0x1f462    : lbu a4, -5(a3)             : MemRead :  D=0x0000000000000000 A=0x505bb
2019500: system.cpu: T0 : 0x1f466    : c_beqz a4, 54              : IntAlu : 
2020000: system.cpu: T0 : 0x1f49c    : c_sub a5, a0               : IntAlu :  D=0x0000000000000008
2021000: system.cpu: T0 : 0x1f49e    : addi a0, a5, 3             : IntAlu :  D=0x000000000000000b
2021500: system.cpu: T0 : 0x1f4a2    : c_jr ra                    : IntAlu : 
2022000: system.cpu: T0 : 0x14e14    : slli a5, s5, 8             : IntAlu :  D=0x0000000000004400
2022500: system.cpu: T0 : 0x14e18    : or a5, s2, a5              : IntAlu :  D=0x000000000000444c
2023000: system.cpu: T0 : 0x14e1c    : slliw s2, a5, 16           : IntAlu :  D=0x00000000444c0000
2023500: system.cpu: T0 : 0x14e20    : c_mv s3, a0                : IntAlu :  D=0x000000000000000b
2024500: system.cpu: T0 : 0x14e22    : sraiw s2, s2, 16           : IntAlu :  D=0x000000000000444c
2025500: system.cpu: T0 : 0x14e26    : addi s5, a0, -2            : IntAlu :  D=0x0000000000000009
2026000: system.cpu: T0 : 0x14e2a    : c_addi s4, 2               : IntAlu :  D=0x00000000000505b2
2026500: system.cpu: T0 : 0x14e2c    : c_beqz s0, -50             : IntAlu : 
2027000: system.cpu: T0 : 0x14dfa    : c_ldsp ra, 56(sp)          : MemRead :  D=0x0000000000022f8a A=0x7ffffffffffffd28
2027500: system.cpu: T0 : 0x14dfc    : c_mv a0, s0                : IntAlu :  D=0x0000000000000000
2028000: system.cpu: T0 : 0x14dfe    : c_ldsp s0, 48(sp)          : MemRead :  D=0x000000000006ef80 A=0x7ffffffffffffd20
2028500: system.cpu: T0 : 0x14e00    : c_ldsp s1, 40(sp)          : MemRead :  D=0x000000000006fe60 A=0x7ffffffffffffd18
2029000: system.cpu: T0 : 0x14e02    : c_ldsp s2, 32(sp)          : MemRead :  D=0x0000000000072000 A=0x7ffffffffffffd10
2029500: system.cpu: T0 : 0x14e04    : c_ldsp s3, 24(sp)          : MemRead :  D=0x0000000000072000 A=0x7ffffffffffffd08
2030000: system.cpu: T0 : 0x14e06    : c_ldsp s4, 16(sp)          : MemRead :  D=0x0000000000070000 A=0x7ffffffffffffd00
2030500: system.cpu: T0 : 0x14e08    : c_ldsp s5, 8(sp)           : MemRead :  D=0x0000000000072000 A=0x7ffffffffffffcf8
2031000: system.cpu: T0 : 0x14e0a    : c_ldsp s6, 0(sp)           : MemRead :  D=0x0000000000072000 A=0x7ffffffffffffcf0
2031500: system.cpu: T0 : 0x14e0c    : c_addi16sp sp, 64          : IntAlu :  D=0x7ffffffffffffd30
2032000: system.cpu: T0 : 0x14e0e    : c_jr ra                    : IntAlu : 
2032500: system.cpu: T0 : 0x22f8a    : c_li a5, 1                 : IntAlu :  D=0x0000000000000001
2033000: system.cpu: T0 : 0x22f8c    : c_beqz a0, 10              : IntAlu : 
2034000: system.cpu: T0 : 0x22f96    : lui a0, 80                 : IntAlu :  D=0x0000000000050000
2035000: system.cpu: T0 : 0x22f9a    : lui a4, 114                : IntAlu :  D=0x0000000000072000
2036000: system.cpu: T0 : 0x22f9e    : addi a0, a0, 1472          : IntAlu :  D=0x00000000000505c0
2037000: system.cpu: T0 : 0x22fa2    : sw a5, -352(a4)            : MemWrite :  D=0x0000000000000001 A=0x71ea0
2038000: system.cpu: T0 : 0x22fa6    : jal ra, -57882             : IntAlu :  D=0x0000000000022faa
2038500: system.cpu: T0 : 0x14d8c    : c_addi16sp sp, -64         : IntAlu :  D=0x7ffffffffffffcf0
2039000: system.cpu: T0 : 0x14d8e    : c_sdsp s1, 40(sp)          : MemWrite :  D=0x000000000006fe60 A=0x7ffffffffffffd18
2039500: system.cpu: T0 : 0x14d90    : ld s1, -1360(gp)           : MemRead :  D=0x7fffffffffffff48 A=0x70ae0
2040000: system.cpu: T0 : 0x14d94    : c_sdsp ra, 56(sp)          : MemWrite :  D=0x0000000000022faa A=0x7ffffffffffffd28
2040500: system.cpu: T0 : 0x14d96    : c_sdsp s0, 48(sp)          : MemWrite :  D=0x000000000006ef80 A=0x7ffffffffffffd20
2041000: system.cpu: T0 : 0x14d98    : c_sdsp s2, 32(sp)          : MemWrite :  D=0x0000000000072000 A=0x7ffffffffffffd10
2041500: system.cpu: T0 : 0x14d9a    : c_sdsp s3, 24(sp)          : MemWrite :  D=0x0000000000072000 A=0x7ffffffffffffd08
2042000: system.cpu: T0 : 0x14d9c    : c_sdsp s4, 16(sp)          : MemWrite :  D=0x0000000000070000 A=0x7ffffffffffffd00
2042500: system.cpu: T0 : 0x14d9e    : c_sdsp s5, 8(sp)           : MemWrite :  D=0x0000000000072000 A=0x7ffffffffffffcf8
2043000: system.cpu: T0 : 0x14da0    : c_sdsp s6, 0(sp)           : MemWrite :  D=0x0000000000072000 A=0x7ffffffffffffcf0
2043500: system.cpu: T0 : 0x14da2    : c_beqz s1, 210             : IntAlu : 
2044000: system.cpu: T0 : 0x14da4    : lbu a5, 0(a0)              : MemRead :  D=0x000000000000004c A=0x505c0
2044500: system.cpu: T0 : 0x14da8    : c_mv s4, a0                : IntAlu :  D=0x00000000000505c0
2045000: system.cpu: T0 : 0x14daa    : c_beqz a5, 202             : IntAlu : 
2045500: system.cpu: T0 : 0x14dac    : lbu s5, 1(a0)              : MemRead :  D=0x0000000000000044 A=0x505c1
2046000: system.cpu: T0 : 0x14db0    : slliw s2, a5, 16           : IntAlu :  D=0x00000000004c0000
2046500: system.cpu: T0 : 0x14db4    : c_ld s0, 0(s1)             : MemRead :  D=0x0000000000000000 A=0x7fffffffffffff48
2047500: system.cpu: T0 : 0x14db6    : sraiw s2, s2, 16           : IntAlu :  D=0x000000000000004c
2048500: system.cpu: T0 : 0x14dba    : bne s5, zero, 86           : IntAlu : 
2049000: system.cpu: T0 : 0x14e10    : jal ra, 42500              : IntAlu :  D=0x0000000000014e14
2049500: system.cpu: T0 : 0x1f414    : andi a5, a0, 7             : IntAlu :  D=0x0000000000000000
2050000: system.cpu: T0 : 0x1f418    : c_beqz a5, 26              : IntAlu : 
2050500: system.cpu: T0 : 0x1f432    : c_mv a5, a0                : IntAlu :  D=0x00000000000505c0
2051000: system.cpu: T0 : 0x1f434    : ld a6, -2024(gp)           : MemRead :  D=0xfefefefefefefeff A=0x70848
2051500: system.cpu: T0 : 0x1f438    : ld a1, -2016(gp)           : MemRead :  D=0x8080808080808080 A=0x70850
2052000: system.cpu: T0 : 0x1f43c    : c_ld a2, 0(a5)             : MemRead :  D=0x5f444e49425f444c A=0x505c0
2053000: system.cpu: T0 : 0x1f43e    : addi a3, a5, 8             : IntAlu :  D=0x00000000000505c8
2054000: system.cpu: T0 : 0x1f442    : add a4, a2, a6             : IntAlu :  D=0x5e434d48415e434b
2055000: system.cpu: T0 : 0x1f446    : xori a2, a2, 18446744073709551615 : IntAlu :  D=0xa0bbb1b6bda0bbb3
2055500: system.cpu: T0 : 0x1f44a    : c_and a4, a2               : IntAlu :  D=0x0003010001000303
2056000: system.cpu: T0 : 0x1f44c    : c_and a4, a1               : IntAlu :  D=0x0000000000000000
2056500: system.cpu: T0 : 0x1f44e    : c_beqz a4, 50              : IntAlu : 
2057000: system.cpu: T0 : 0x1f480    : c_mv a5, a3                : IntAlu :  D=0x00000000000505c8
2057500: system.cpu: T0 : 0x1f482    : c_j -70                    : IntAlu : 
2058000: system.cpu: T0 : 0x1f43c    : c_ld a2, 0(a5)             : MemRead :  D=0x0000000000544f4e A=0x505c8
2059000: system.cpu: T0 : 0x1f43e    : addi a3, a5, 8             : IntAlu :  D=0x00000000000505d0
2060000: system.cpu: T0 : 0x1f442    : add a4, a2, a6             : IntAlu :  D=0xfefefefeff534e4d
2061000: system.cpu: T0 : 0x1f446    : xori a2, a2, 18446744073709551615 : IntAlu :  D=0xffffffffffabb0b1
2061500: system.cpu: T0 : 0x1f44a    : c_and a4, a2               : IntAlu :  D=0xfefefefeff030001
2062000: system.cpu: T0 : 0x1f44c    : c_and a4, a1               : IntAlu :  D=0x8080808080000000
2062500: system.cpu: T0 : 0x1f44e    : c_beqz a4, 50              : IntAlu : 
2063000: system.cpu: T0 : 0x1f450    : lbu a4, -8(a3)             : MemRead :  D=0x000000000000004e A=0x505c8
2063500: system.cpu: T0 : 0x1f454    : c_beqz a4, -40             : IntAlu : 
2064500: system.cpu: T0 : 0x1f456    : lbu a4, -7(a3)             : MemRead :  D=0x000000000000004f A=0x505c9
2065000: system.cpu: T0 : 0x1f45a    : c_beqz a4, 50              : IntAlu : 
2065500: system.cpu: T0 : 0x1f45c    : lbu a4, -6(a3)             : MemRead :  D=0x0000000000000054 A=0x505ca
2066000: system.cpu: T0 : 0x1f460    : c_beqz a4, 52              : IntAlu : 
2067000: system.cpu: T0 : 0x1f462    : lbu a4, -5(a3)             : MemRead :  D=0x0000000000000000 A=0x505cb
2067500: system.cpu: T0 : 0x1f466    : c_beqz a4, 54              : IntAlu : 
2068000: system.cpu: T0 : 0x1f49c    : c_sub a5, a0               : IntAlu :  D=0x0000000000000008
2069000: system.cpu: T0 : 0x1f49e    : addi a0, a5, 3             : IntAlu :  D=0x000000000000000b
2069500: system.cpu: T0 : 0x1f4a2    : c_jr ra                    : IntAlu : 
2070000: system.cpu: T0 : 0x14e14    : slli a5, s5, 8             : IntAlu :  D=0x0000000000004400
2070500: system.cpu: T0 : 0x14e18    : or a5, s2, a5              : IntAlu :  D=0x000000000000444c
2071000: system.cpu: T0 : 0x14e1c    : slliw s2, a5, 16           : IntAlu :  D=0x00000000444c0000
2071500: system.cpu: T0 : 0x14e20    : c_mv s3, a0                : IntAlu :  D=0x000000000000000b
2072500: system.cpu: T0 : 0x14e22    : sraiw s2, s2, 16           : IntAlu :  D=0x000000000000444c
2073500: system.cpu: T0 : 0x14e26    : addi s5, a0, -2            : IntAlu :  D=0x0000000000000009
2074000: system.cpu: T0 : 0x14e2a    : c_addi s4, 2               : IntAlu :  D=0x00000000000505c2
2074500: system.cpu: T0 : 0x14e2c    : c_beqz s0, -50             : IntAlu : 
2075000: system.cpu: T0 : 0x14dfa    : c_ldsp ra, 56(sp)          : MemRead :  D=0x0000000000022faa A=0x7ffffffffffffd28
2075500: system.cpu: T0 : 0x14dfc    : c_mv a0, s0                : IntAlu :  D=0x0000000000000000
2076000: system.cpu: T0 : 0x14dfe    : c_ldsp s0, 48(sp)          : MemRead :  D=0x000000000006ef80 A=0x7ffffffffffffd20
2076500: system.cpu: T0 : 0x14e00    : c_ldsp s1, 40(sp)          : MemRead :  D=0x000000000006fe60 A=0x7ffffffffffffd18
2077000: system.cpu: T0 : 0x14e02    : c_ldsp s2, 32(sp)          : MemRead :  D=0x0000000000072000 A=0x7ffffffffffffd10
2077500: system.cpu: T0 : 0x14e04    : c_ldsp s3, 24(sp)          : MemRead :  D=0x0000000000072000 A=0x7ffffffffffffd08
2078000: system.cpu: T0 : 0x14e06    : c_ldsp s4, 16(sp)          : MemRead :  D=0x0000000000070000 A=0x7ffffffffffffd00
2078500: system.cpu: T0 : 0x14e08    : c_ldsp s5, 8(sp)           : MemRead :  D=0x0000000000072000 A=0x7ffffffffffffcf8
2079000: system.cpu: T0 : 0x14e0a    : c_ldsp s6, 0(sp)           : MemRead :  D=0x0000000000072000 A=0x7ffffffffffffcf0
2079500: system.cpu: T0 : 0x14e0c    : c_addi16sp sp, 64          : IntAlu :  D=0x7ffffffffffffd30
2080000: system.cpu: T0 : 0x14e0e    : c_jr ra                    : IntAlu : 
2080500: system.cpu: T0 : 0x22faa    : c_li a5, 0                 : IntAlu :  D=0x0000000000000000
2081000: system.cpu: T0 : 0x22fac    : c_beqz a0, 10              : IntAlu : 
2082000: system.cpu: T0 : 0x22fb6    : lui a0, 80                 : IntAlu :  D=0x0000000000050000
2083000: system.cpu: T0 : 0x22fba    : lui a4, 114                : IntAlu :  D=0x0000000000072000
2084000: system.cpu: T0 : 0x22fbe    : addi a0, a0, 1488          : IntAlu :  D=0x00000000000505d0
2085000: system.cpu: T0 : 0x22fc2    : sw a5, -376(a4)            : MemWrite :  D=0x0000000000000000 A=0x71e88
2086000: system.cpu: T0 : 0x22fc6    : jal ra, -57914             : IntAlu :  D=0x0000000000022fca
2086500: system.cpu: T0 : 0x14d8c    : c_addi16sp sp, -64         : IntAlu :  D=0x7ffffffffffffcf0
2087000: system.cpu: T0 : 0x14d8e    : c_sdsp s1, 40(sp)          : MemWrite :  D=0x000000000006fe60 A=0x7ffffffffffffd18
2087500: system.cpu: T0 : 0x14d90    : ld s1, -1360(gp)           : MemRead :  D=0x7fffffffffffff48 A=0x70ae0
2088000: system.cpu: T0 : 0x14d94    : c_sdsp ra, 56(sp)          : MemWrite :  D=0x0000000000022fca A=0x7ffffffffffffd28
2088500: system.cpu: T0 : 0x14d96    : c_sdsp s0, 48(sp)          : MemWrite :  D=0x000000000006ef80 A=0x7ffffffffffffd20
2089000: system.cpu: T0 : 0x14d98    : c_sdsp s2, 32(sp)          : MemWrite :  D=0x0000000000072000 A=0x7ffffffffffffd10
2089500: system.cpu: T0 : 0x14d9a    : c_sdsp s3, 24(sp)          : MemWrite :  D=0x0000000000072000 A=0x7ffffffffffffd08
2090000: system.cpu: T0 : 0x14d9c    : c_sdsp s4, 16(sp)          : MemWrite :  D=0x0000000000070000 A=0x7ffffffffffffd00
2090500: system.cpu: T0 : 0x14d9e    : c_sdsp s5, 8(sp)           : MemWrite :  D=0x0000000000072000 A=0x7ffffffffffffcf8
2091000: system.cpu: T0 : 0x14da0    : c_sdsp s6, 0(sp)           : MemWrite :  D=0x0000000000072000 A=0x7ffffffffffffcf0
2091500: system.cpu: T0 : 0x14da2    : c_beqz s1, 210             : IntAlu : 
2092000: system.cpu: T0 : 0x14da4    : lbu a5, 0(a0)              : MemRead :  D=0x000000000000004c A=0x505d0
2092500: system.cpu: T0 : 0x14da8    : c_mv s4, a0                : IntAlu :  D=0x00000000000505d0
2093000: system.cpu: T0 : 0x14daa    : c_beqz a5, 202             : IntAlu : 
2093500: system.cpu: T0 : 0x14dac    : lbu s5, 1(a0)              : MemRead :  D=0x0000000000000044 A=0x505d1
2094000: system.cpu: T0 : 0x14db0    : slliw s2, a5, 16           : IntAlu :  D=0x00000000004c0000
2094500: system.cpu: T0 : 0x14db4    : c_ld s0, 0(s1)             : MemRead :  D=0x0000000000000000 A=0x7fffffffffffff48
2095500: system.cpu: T0 : 0x14db6    : sraiw s2, s2, 16           : IntAlu :  D=0x000000000000004c
2096500: system.cpu: T0 : 0x14dba    : bne s5, zero, 86           : IntAlu : 
2097000: system.cpu: T0 : 0x14e10    : jal ra, 42500              : IntAlu :  D=0x0000000000014e14
2097500: system.cpu: T0 : 0x1f414    : andi a5, a0, 7             : IntAlu :  D=0x0000000000000000
2098000: system.cpu: T0 : 0x1f418    : c_beqz a5, 26              : IntAlu : 
2098500: system.cpu: T0 : 0x1f432    : c_mv a5, a0                : IntAlu :  D=0x00000000000505d0
2099000: system.cpu: T0 : 0x1f434    : ld a6, -2024(gp)           : MemRead :  D=0xfefefefefefefeff A=0x70848
2099500: system.cpu: T0 : 0x1f438    : ld a1, -2016(gp)           : MemRead :  D=0x8080808080808080 A=0x70850
2100000: system.cpu: T0 : 0x1f43c    : c_ld a2, 0(a5)             : MemRead :  D=0x4d414e59445f444c A=0x505d0
2101000: system.cpu: T0 : 0x1f43e    : addi a3, a5, 8             : IntAlu :  D=0x00000000000505d8
2102000: system.cpu: T0 : 0x1f442    : add a4, a2, a6             : IntAlu :  D=0x4c404d58435e434b
2103000: system.cpu: T0 : 0x1f446    : xori a2, a2, 18446744073709551615 : IntAlu :  D=0xb2beb1a6bba0bbb3
2103500: system.cpu: T0 : 0x1f44a    : c_and a4, a2               : IntAlu :  D=0x0000010003000303
2104000: system.cpu: T0 : 0x1f44c    : c_and a4, a1               : IntAlu :  D=0x0000000000000000
2104500: system.cpu: T0 : 0x1f44e    : c_beqz a4, 50              : IntAlu : 
2105000: system.cpu: T0 : 0x1f480    : c_mv a5, a3                : IntAlu :  D=0x00000000000505d8
2105500: system.cpu: T0 : 0x1f482    : c_j -70                    : IntAlu : 
2106000: system.cpu: T0 : 0x1f43c    : c_ld a2, 0(a5)             : MemRead :  D=0x004b4145575f4349 A=0x505d8
2107000: system.cpu: T0 : 0x1f43e    : addi a3, a5, 8             : IntAlu :  D=0x00000000000505e0
2108000: system.cpu: T0 : 0x1f442    : add a4, a2, a6             : IntAlu :  D=0xff4a4044565e4248
2109000: system.cpu: T0 : 0x1f446    : xori a2, a2, 18446744073709551615 : IntAlu :  D=0xffb4bebaa8a0bcb6
2109500: system.cpu: T0 : 0x1f44a    : c_and a4, a2               : IntAlu :  D=0xff00000000000000
2110000: system.cpu: T0 : 0x1f44c    : c_and a4, a1               : IntAlu :  D=0x8000000000000000
2110500: system.cpu: T0 : 0x1f44e    : c_beqz a4, 50              : IntAlu : 
2111000: system.cpu: T0 : 0x1f450    : lbu a4, -8(a3)             : MemRead :  D=0x0000000000000049 A=0x505d8
2111500: system.cpu: T0 : 0x1f454    : c_beqz a4, -40             : IntAlu : 
2112500: system.cpu: T0 : 0x1f456    : lbu a4, -7(a3)             : MemRead :  D=0x0000000000000043 A=0x505d9
2113000: system.cpu: T0 : 0x1f45a    : c_beqz a4, 50              : IntAlu : 
2113500: system.cpu: T0 : 0x1f45c    : lbu a4, -6(a3)             : MemRead :  D=0x000000000000005f A=0x505da
2114000: system.cpu: T0 : 0x1f460    : c_beqz a4, 52              : IntAlu : 
2115000: system.cpu: T0 : 0x1f462    : lbu a4, -5(a3)             : MemRead :  D=0x0000000000000057 A=0x505db
2115500: system.cpu: T0 : 0x1f466    : c_beqz a4, 54              : IntAlu : 
2116000: system.cpu: T0 : 0x1f468    : lbu a4, -4(a3)             : MemRead :  D=0x0000000000000045 A=0x505dc
2116500: system.cpu: T0 : 0x1f46c    : c_beqz a4, 56              : IntAlu : 
2117500: system.cpu: T0 : 0x1f46e    : lbu a4, -3(a3)             : MemRead :  D=0x0000000000000041 A=0x505dd
2118000: system.cpu: T0 : 0x1f472    : c_beqz a4, 58              : IntAlu : 
2118500: system.cpu: T0 : 0x1f474    : lbu a4, -2(a3)             : MemRead :  D=0x000000000000004b A=0x505de
2119000: system.cpu: T0 : 0x1f478    : c_beqz a4, 60              : IntAlu : 
2120000: system.cpu: T0 : 0x1f47a    : lbu a4, -1(a3)             : MemRead :  D=0x0000000000000000 A=0x505df
2120500: system.cpu: T0 : 0x1f47e    : c_beqz a4, 6               : IntAlu : 
2121000: system.cpu: T0 : 0x1f484    : c_sub a5, a0               : IntAlu :  D=0x0000000000000008
2122000: system.cpu: T0 : 0x1f486    : addi a0, a5, 7             : IntAlu :  D=0x000000000000000f
2122500: system.cpu: T0 : 0x1f48a    : c_jr ra                    : IntAlu : 
2123000: system.cpu: T0 : 0x14e14    : slli a5, s5, 8             : IntAlu :  D=0x0000000000004400
2123500: system.cpu: T0 : 0x14e18    : or a5, s2, a5              : IntAlu :  D=0x000000000000444c
2124000: system.cpu: T0 : 0x14e1c    : slliw s2, a5, 16           : IntAlu :  D=0x00000000444c0000
2124500: system.cpu: T0 : 0x14e20    : c_mv s3, a0                : IntAlu :  D=0x000000000000000f
2125500: system.cpu: T0 : 0x14e22    : sraiw s2, s2, 16           : IntAlu :  D=0x000000000000444c
2126500: system.cpu: T0 : 0x14e26    : addi s5, a0, -2            : IntAlu :  D=0x000000000000000d
2127000: system.cpu: T0 : 0x14e2a    : c_addi s4, 2               : IntAlu :  D=0x00000000000505d2
2127500: system.cpu: T0 : 0x14e2c    : c_beqz s0, -50             : IntAlu : 
2128000: system.cpu: T0 : 0x14dfa    : c_ldsp ra, 56(sp)          : MemRead :  D=0x0000000000022fca A=0x7ffffffffffffd28
2128500: system.cpu: T0 : 0x14dfc    : c_mv a0, s0                : IntAlu :  D=0x0000000000000000
2129000: system.cpu: T0 : 0x14dfe    : c_ldsp s0, 48(sp)          : MemRead :  D=0x000000000006ef80 A=0x7ffffffffffffd20
2129500: system.cpu: T0 : 0x14e00    : c_ldsp s1, 40(sp)          : MemRead :  D=0x000000000006fe60 A=0x7ffffffffffffd18
2130000: system.cpu: T0 : 0x14e02    : c_ldsp s2, 32(sp)          : MemRead :  D=0x0000000000072000 A=0x7ffffffffffffd10
2130500: system.cpu: T0 : 0x14e04    : c_ldsp s3, 24(sp)          : MemRead :  D=0x0000000000072000 A=0x7ffffffffffffd08
2131000: system.cpu: T0 : 0x14e06    : c_ldsp s4, 16(sp)          : MemRead :  D=0x0000000000070000 A=0x7ffffffffffffd00
2131500: system.cpu: T0 : 0x14e08    : c_ldsp s5, 8(sp)           : MemRead :  D=0x0000000000072000 A=0x7ffffffffffffcf8
2132000: system.cpu: T0 : 0x14e0a    : c_ldsp s6, 0(sp)           : MemRead :  D=0x0000000000072000 A=0x7ffffffffffffcf0
2132500: system.cpu: T0 : 0x14e0c    : c_addi16sp sp, 64          : IntAlu :  D=0x7ffffffffffffd30
2133000: system.cpu: T0 : 0x14e0e    : c_jr ra                    : IntAlu : 
2133500: system.cpu: T0 : 0x22fca    : c_li a5, 1                 : IntAlu :  D=0x0000000000000001
2134000: system.cpu: T0 : 0x22fcc    : c_beqz a0, 10              : IntAlu : 
2135000: system.cpu: T0 : 0x22fd6    : lui a0, 80                 : IntAlu :  D=0x0000000000050000
2136000: system.cpu: T0 : 0x22fda    : lui a4, 114                : IntAlu :  D=0x0000000000072000
2137000: system.cpu: T0 : 0x22fde    : addi a0, a0, 1504          : IntAlu :  D=0x00000000000505e0
2138000: system.cpu: T0 : 0x22fe2    : sw a5, -300(a4)            : MemWrite :  D=0x0000000000000001 A=0x71ed4
2139000: system.cpu: T0 : 0x22fe6    : jal ra, -57946             : IntAlu :  D=0x0000000000022fea
2139500: system.cpu: T0 : 0x14d8c    : c_addi16sp sp, -64         : IntAlu :  D=0x7ffffffffffffcf0
2140000: system.cpu: T0 : 0x14d8e    : c_sdsp s1, 40(sp)          : MemWrite :  D=0x000000000006fe60 A=0x7ffffffffffffd18
2140500: system.cpu: T0 : 0x14d90    : ld s1, -1360(gp)           : MemRead :  D=0x7fffffffffffff48 A=0x70ae0
2141000: system.cpu: T0 : 0x14d94    : c_sdsp ra, 56(sp)          : MemWrite :  D=0x0000000000022fea A=0x7ffffffffffffd28
2141500: system.cpu: T0 : 0x14d96    : c_sdsp s0, 48(sp)          : MemWrite :  D=0x000000000006ef80 A=0x7ffffffffffffd20
2142000: system.cpu: T0 : 0x14d98    : c_sdsp s2, 32(sp)          : MemWrite :  D=0x0000000000072000 A=0x7ffffffffffffd10
2142500: system.cpu: T0 : 0x14d9a    : c_sdsp s3, 24(sp)          : MemWrite :  D=0x0000000000072000 A=0x7ffffffffffffd08
2143000: system.cpu: T0 : 0x14d9c    : c_sdsp s4, 16(sp)          : MemWrite :  D=0x0000000000070000 A=0x7ffffffffffffd00
2143500: system.cpu: T0 : 0x14d9e    : c_sdsp s5, 8(sp)           : MemWrite :  D=0x0000000000072000 A=0x7ffffffffffffcf8
2144000: system.cpu: T0 : 0x14da0    : c_sdsp s6, 0(sp)           : MemWrite :  D=0x0000000000072000 A=0x7ffffffffffffcf0
2144500: system.cpu: T0 : 0x14da2    : c_beqz s1, 210             : IntAlu : 
2145000: system.cpu: T0 : 0x14da4    : lbu a5, 0(a0)              : MemRead :  D=0x000000000000004c A=0x505e0
2145500: system.cpu: T0 : 0x14da8    : c_mv s4, a0                : IntAlu :  D=0x00000000000505e0
2146000: system.cpu: T0 : 0x14daa    : c_beqz a5, 202             : IntAlu : 
2146500: system.cpu: T0 : 0x14dac    : lbu s5, 1(a0)              : MemRead :  D=0x0000000000000044 A=0x505e1
2147000: system.cpu: T0 : 0x14db0    : slliw s2, a5, 16           : IntAlu :  D=0x00000000004c0000
2147500: system.cpu: T0 : 0x14db4    : c_ld s0, 0(s1)             : MemRead :  D=0x0000000000000000 A=0x7fffffffffffff48
2148500: system.cpu: T0 : 0x14db6    : sraiw s2, s2, 16           : IntAlu :  D=0x000000000000004c
2149500: system.cpu: T0 : 0x14dba    : bne s5, zero, 86           : IntAlu : 
2150000: system.cpu: T0 : 0x14e10    : jal ra, 42500              : IntAlu :  D=0x0000000000014e14
2150500: system.cpu: T0 : 0x1f414    : andi a5, a0, 7             : IntAlu :  D=0x0000000000000000
2151000: system.cpu: T0 : 0x1f418    : c_beqz a5, 26              : IntAlu : 
2151500: system.cpu: T0 : 0x1f432    : c_mv a5, a0                : IntAlu :  D=0x00000000000505e0
2152000: system.cpu: T0 : 0x1f434    : ld a6, -2024(gp)           : MemRead :  D=0xfefefefefefefeff A=0x70848
2152500: system.cpu: T0 : 0x1f438    : ld a1, -2016(gp)           : MemRead :  D=0x8080808080808080 A=0x70850
2153000: system.cpu: T0 : 0x1f43c    : c_ld a2, 0(a5)             : MemRead :  D=0x49464f52505f444c A=0x505e0
2154000: system.cpu: T0 : 0x1f43e    : addi a3, a5, 8             : IntAlu :  D=0x00000000000505e8
2155000: system.cpu: T0 : 0x1f442    : add a4, a2, a6             : IntAlu :  D=0x48454e514f5e434b
2156000: system.cpu: T0 : 0x1f446    : xori a2, a2, 18446744073709551615 : IntAlu :  D=0xb6b9b0adafa0bbb3
2156500: system.cpu: T0 : 0x1f44a    : c_and a4, a2               : IntAlu :  D=0x000100010f000303
2157000: system.cpu: T0 : 0x1f44c    : c_and a4, a1               : IntAlu :  D=0x0000000000000000
2157500: system.cpu: T0 : 0x1f44e    : c_beqz a4, 50              : IntAlu : 
2158000: system.cpu: T0 : 0x1f480    : c_mv a5, a3                : IntAlu :  D=0x00000000000505e8
2158500: system.cpu: T0 : 0x1f482    : c_j -70                    : IntAlu : 
2159000: system.cpu: T0 : 0x1f43c    : c_ld a2, 0(a5)             : MemRead :  D=0x555054554f5f454c A=0x505e8
2160000: system.cpu: T0 : 0x1f43e    : addi a3, a5, 8             : IntAlu :  D=0x00000000000505f0
2161000: system.cpu: T0 : 0x1f442    : add a4, a2, a6             : IntAlu :  D=0x544f53544e5e444b
2162000: system.cpu: T0 : 0x1f446    : xori a2, a2, 18446744073709551615 : IntAlu :  D=0xaaafabaab0a0bab3
2162500: system.cpu: T0 : 0x1f44a    : c_and a4, a2               : IntAlu :  D=0x000f030000000003
2163000: system.cpu: T0 : 0x1f44c    : c_and a4, a1               : IntAlu :  D=0x0000000000000000
2163500: system.cpu: T0 : 0x1f44e    : c_beqz a4, 50              : IntAlu : 
2164000: system.cpu: T0 : 0x1f480    : c_mv a5, a3                : IntAlu :  D=0x00000000000505f0
2164500: system.cpu: T0 : 0x1f482    : c_j -70                    : IntAlu : 
2165000: system.cpu: T0 : 0x1f43c    : c_ld a2, 0(a5)             : MemRead :  D=0x0000000000000054 A=0x505f0
2166000: system.cpu: T0 : 0x1f43e    : addi a3, a5, 8             : IntAlu :  D=0x00000000000505f8
2167000: system.cpu: T0 : 0x1f442    : add a4, a2, a6             : IntAlu :  D=0xfefefefefefeff53
2168000: system.cpu: T0 : 0x1f446    : xori a2, a2, 18446744073709551615 : IntAlu :  D=0xffffffffffffffab
2168500: system.cpu: T0 : 0x1f44a    : c_and a4, a2               : IntAlu :  D=0xfefefefefefeff03
2169000: system.cpu: T0 : 0x1f44c    : c_and a4, a1               : IntAlu :  D=0x8080808080808000
2169500: system.cpu: T0 : 0x1f44e    : c_beqz a4, 50              : IntAlu : 
2170000: system.cpu: T0 : 0x1f450    : lbu a4, -8(a3)             : MemRead :  D=0x0000000000000054 A=0x505f0
2170500: system.cpu: T0 : 0x1f454    : c_beqz a4, -40             : IntAlu : 
2171500: system.cpu: T0 : 0x1f456    : lbu a4, -7(a3)             : MemRead :  D=0x0000000000000000 A=0x505f1
2172000: system.cpu: T0 : 0x1f45a    : c_beqz a4, 50              : IntAlu : 
2172500: system.cpu: T0 : 0x1f48c    : c_sub a5, a0               : IntAlu :  D=0x0000000000000010
2173500: system.cpu: T0 : 0x1f48e    : addi a0, a5, 1             : IntAlu :  D=0x0000000000000011
2174000: system.cpu: T0 : 0x1f492    : c_jr ra                    : IntAlu : 
2174500: system.cpu: T0 : 0x14e14    : slli a5, s5, 8             : IntAlu :  D=0x0000000000004400
2175000: system.cpu: T0 : 0x14e18    : or a5, s2, a5              : IntAlu :  D=0x000000000000444c
2175500: system.cpu: T0 : 0x14e1c    : slliw s2, a5, 16           : IntAlu :  D=0x00000000444c0000
2176000: system.cpu: T0 : 0x14e20    : c_mv s3, a0                : IntAlu :  D=0x0000000000000011
2177000: system.cpu: T0 : 0x14e22    : sraiw s2, s2, 16           : IntAlu :  D=0x000000000000444c
2178000: system.cpu: T0 : 0x14e26    : addi s5, a0, -2            : IntAlu :  D=0x000000000000000f
2178500: system.cpu: T0 : 0x14e2a    : c_addi s4, 2               : IntAlu :  D=0x00000000000505e2
2179000: system.cpu: T0 : 0x14e2c    : c_beqz s0, -50             : IntAlu : 
2179500: system.cpu: T0 : 0x14dfa    : c_ldsp ra, 56(sp)          : MemRead :  D=0x0000000000022fea A=0x7ffffffffffffd28
2180000: system.cpu: T0 : 0x14dfc    : c_mv a0, s0                : IntAlu :  D=0x0000000000000000
2180500: system.cpu: T0 : 0x14dfe    : c_ldsp s0, 48(sp)          : MemRead :  D=0x000000000006ef80 A=0x7ffffffffffffd20
2181000: system.cpu: T0 : 0x14e00    : c_ldsp s1, 40(sp)          : MemRead :  D=0x000000000006fe60 A=0x7ffffffffffffd18
2181500: system.cpu: T0 : 0x14e02    : c_ldsp s2, 32(sp)          : MemRead :  D=0x0000000000072000 A=0x7ffffffffffffd10
2182000: system.cpu: T0 : 0x14e04    : c_ldsp s3, 24(sp)          : MemRead :  D=0x0000000000072000 A=0x7ffffffffffffd08
2182500: system.cpu: T0 : 0x14e06    : c_ldsp s4, 16(sp)          : MemRead :  D=0x0000000000070000 A=0x7ffffffffffffd00
2183000: system.cpu: T0 : 0x14e08    : c_ldsp s5, 8(sp)           : MemRead :  D=0x0000000000072000 A=0x7ffffffffffffcf8
2183500: system.cpu: T0 : 0x14e0a    : c_ldsp s6, 0(sp)           : MemRead :  D=0x0000000000072000 A=0x7ffffffffffffcf0
2184000: system.cpu: T0 : 0x14e0c    : c_addi16sp sp, 64          : IntAlu :  D=0x7ffffffffffffd30
2184500: system.cpu: T0 : 0x14e0e    : c_jr ra                    : IntAlu : 
2185500: system.cpu: T0 : 0x22fea    : lui a4, 114                : IntAlu :  D=0x0000000000072000
2186500: system.cpu: T0 : 0x22fee    : sd a0, -416(a4)            : MemWrite :  D=0x0000000000000000 A=0x71e60
2187500: system.cpu: T0 : 0x22ff2    : beq a0, zero, 550          : IntAlu : 
2188000: system.cpu: T0 : 0x23218    : lui a5, 111                : IntAlu :  D=0x000000000006f000
2188500: system.cpu: T0 : 0x2321c    : lw a5, -72(a5)             : MemRead :  D=0x0000000000000000 A=0x6efb8
2189000: system.cpu: T0 : 0x23220    : c_beqz a5, -140            : IntAlu : 
2189500: system.cpu: T0 : 0x23194    : lui a3, 80                 : IntAlu :  D=0x0000000000050000
2190000: system.cpu: T0 : 0x23198    : addi a3, a3, 784           : IntAlu :  D=0x0000000000050310
2190500: system.cpu: T0 : 0x2319c    : c_j -396                   : IntAlu : 
2191000: system.cpu: T0 : 0x23010    : sd a3, -416(a4)            : MemWrite :  D=0x0000000000050310 A=0x71e60
2191500: system.cpu: T0 : 0x23014    : bne a5, zero, 344          : IntAlu : 
2192000: system.cpu: T0 : 0x23018    : lui a0, 80                 : IntAlu :  D=0x0000000000050000
2192500: system.cpu: T0 : 0x2301c    : addi a0, a0, 1528          : IntAlu :  D=0x00000000000505f8
2193000: system.cpu: T0 : 0x23020    : jal ra, -58004             : IntAlu :  D=0x0000000000023024
2193500: system.cpu: T0 : 0x14d8c    : c_addi16sp sp, -64         : IntAlu :  D=0x7ffffffffffffcf0
2194000: system.cpu: T0 : 0x14d8e    : c_sdsp s1, 40(sp)          : MemWrite :  D=0x000000000006fe60 A=0x7ffffffffffffd18
2194500: system.cpu: T0 : 0x14d90    : ld s1, -1360(gp)           : MemRead :  D=0x7fffffffffffff48 A=0x70ae0
2195000: system.cpu: T0 : 0x14d94    : c_sdsp ra, 56(sp)          : MemWrite :  D=0x0000000000023024 A=0x7ffffffffffffd28
2195500: system.cpu: T0 : 0x14d96    : c_sdsp s0, 48(sp)          : MemWrite :  D=0x000000000006ef80 A=0x7ffffffffffffd20
2196000: system.cpu: T0 : 0x14d98    : c_sdsp s2, 32(sp)          : MemWrite :  D=0x0000000000072000 A=0x7ffffffffffffd10
2196500: system.cpu: T0 : 0x14d9a    : c_sdsp s3, 24(sp)          : MemWrite :  D=0x0000000000072000 A=0x7ffffffffffffd08
2197000: system.cpu: T0 : 0x14d9c    : c_sdsp s4, 16(sp)          : MemWrite :  D=0x0000000000070000 A=0x7ffffffffffffd00
2197500: system.cpu: T0 : 0x14d9e    : c_sdsp s5, 8(sp)           : MemWrite :  D=0x0000000000072000 A=0x7ffffffffffffcf8
2198000: system.cpu: T0 : 0x14da0    : c_sdsp s6, 0(sp)           : MemWrite :  D=0x0000000000072000 A=0x7ffffffffffffcf0
2198500: system.cpu: T0 : 0x14da2    : c_beqz s1, 210             : IntAlu : 
2199000: system.cpu: T0 : 0x14da4    : lbu a5, 0(a0)              : MemRead :  D=0x000000000000004c A=0x505f8
2199500: system.cpu: T0 : 0x14da8    : c_mv s4, a0                : IntAlu :  D=0x00000000000505f8
2200000: system.cpu: T0 : 0x14daa    : c_beqz a5, 202             : IntAlu : 
2200500: system.cpu: T0 : 0x14dac    : lbu s5, 1(a0)              : MemRead :  D=0x0000000000000044 A=0x505f9
2201000: system.cpu: T0 : 0x14db0    : slliw s2, a5, 16           : IntAlu :  D=0x00000000004c0000
2201500: system.cpu: T0 : 0x14db4    : c_ld s0, 0(s1)             : MemRead :  D=0x0000000000000000 A=0x7fffffffffffff48
2202500: system.cpu: T0 : 0x14db6    : sraiw s2, s2, 16           : IntAlu :  D=0x000000000000004c
2203500: system.cpu: T0 : 0x14dba    : bne s5, zero, 86           : IntAlu : 
2204000: system.cpu: T0 : 0x14e10    : jal ra, 42500              : IntAlu :  D=0x0000000000014e14
2204500: system.cpu: T0 : 0x1f414    : andi a5, a0, 7             : IntAlu :  D=0x0000000000000000
2205000: system.cpu: T0 : 0x1f418    : c_beqz a5, 26              : IntAlu : 
2205500: system.cpu: T0 : 0x1f432    : c_mv a5, a0                : IntAlu :  D=0x00000000000505f8
2206000: system.cpu: T0 : 0x1f434    : ld a6, -2024(gp)           : MemRead :  D=0xfefefefefefefeff A=0x70848
2206500: system.cpu: T0 : 0x1f438    : ld a1, -2016(gp)           : MemRead :  D=0x8080808080808080 A=0x70850
2207000: system.cpu: T0 : 0x1f43c    : c_ld a2, 0(a5)             : MemRead :  D=0x4d555353415f444c A=0x505f8
2208000: system.cpu: T0 : 0x1f43e    : addi a3, a5, 8             : IntAlu :  D=0x0000000000050600
2209000: system.cpu: T0 : 0x1f442    : add a4, a2, a6             : IntAlu :  D=0x4c545252405e434b
2210000: system.cpu: T0 : 0x1f446    : xori a2, a2, 18446744073709551615 : IntAlu :  D=0xb2aaacacbea0bbb3
2210500: system.cpu: T0 : 0x1f44a    : c_and a4, a2               : IntAlu :  D=0x0000000000000303
2211000: system.cpu: T0 : 0x1f44c    : c_and a4, a1               : IntAlu :  D=0x0000000000000000
2211500: system.cpu: T0 : 0x1f44e    : c_beqz a4, 50              : IntAlu : 
2212000: system.cpu: T0 : 0x1f480    : c_mv a5, a3                : IntAlu :  D=0x0000000000050600
2212500: system.cpu: T0 : 0x1f482    : c_j -70                    : IntAlu : 
2213000: system.cpu: T0 : 0x1f43c    : c_ld a2, 0(a5)             : MemRead :  D=0x4c454e52454b5f45 A=0x50600
2214000: system.cpu: T0 : 0x1f43e    : addi a3, a5, 8             : IntAlu :  D=0x0000000000050608
2215000: system.cpu: T0 : 0x1f442    : add a4, a2, a6             : IntAlu :  D=0x4b444d51444a5e44
2216000: system.cpu: T0 : 0x1f446    : xori a2, a2, 18446744073709551615 : IntAlu :  D=0xb3bab1adbab4a0ba
2216500: system.cpu: T0 : 0x1f44a    : c_and a4, a2               : IntAlu :  D=0x0300010100000000
2217000: system.cpu: T0 : 0x1f44c    : c_and a4, a1               : IntAlu :  D=0x0000000000000000
2217500: system.cpu: T0 : 0x1f44e    : c_beqz a4, 50              : IntAlu : 
2218000: system.cpu: T0 : 0x1f480    : c_mv a5, a3                : IntAlu :  D=0x0000000000050608
2218500: system.cpu: T0 : 0x1f482    : c_j -70                    : IntAlu : 
2219000: system.cpu: T0 : 0x1f43c    : c_ld a2, 0(a5)             : MemRead :  D=0x0000000000000000 A=0x50608
2220000: system.cpu: T0 : 0x1f43e    : addi a3, a5, 8             : IntAlu :  D=0x0000000000050610
2221000: system.cpu: T0 : 0x1f442    : add a4, a2, a6             : IntAlu :  D=0xfefefefefefefeff
2222000: system.cpu: T0 : 0x1f446    : xori a2, a2, 18446744073709551615 : IntAlu :  D=0xffffffffffffffff
2222500: system.cpu: T0 : 0x1f44a    : c_and a4, a2               : IntAlu :  D=0xfefefefefefefeff
2223000: system.cpu: T0 : 0x1f44c    : c_and a4, a1               : IntAlu :  D=0x8080808080808080
2223500: system.cpu: T0 : 0x1f44e    : c_beqz a4, 50              : IntAlu : 
2224000: system.cpu: T0 : 0x1f450    : lbu a4, -8(a3)             : MemRead :  D=0x0000000000000000 A=0x50608
2224500: system.cpu: T0 : 0x1f454    : c_beqz a4, -40             : IntAlu : 
2225000: system.cpu: T0 : 0x1f42c    : sub a0, a5, a0             : IntAlu :  D=0x0000000000000010
2225500: system.cpu: T0 : 0x1f430    : c_jr ra                    : IntAlu : 
2226000: system.cpu: T0 : 0x14e14    : slli a5, s5, 8             : IntAlu :  D=0x0000000000004400
2226500: system.cpu: T0 : 0x14e18    : or a5, s2, a5              : IntAlu :  D=0x000000000000444c
2227000: system.cpu: T0 : 0x14e1c    : slliw s2, a5, 16           : IntAlu :  D=0x00000000444c0000
2227500: system.cpu: T0 : 0x14e20    : c_mv s3, a0                : IntAlu :  D=0x0000000000000010
2228500: system.cpu: T0 : 0x14e22    : sraiw s2, s2, 16           : IntAlu :  D=0x000000000000444c
2229500: system.cpu: T0 : 0x14e26    : addi s5, a0, -2            : IntAlu :  D=0x000000000000000e
2230000: system.cpu: T0 : 0x14e2a    : c_addi s4, 2               : IntAlu :  D=0x00000000000505fa
2230500: system.cpu: T0 : 0x14e2c    : c_beqz s0, -50             : IntAlu : 
2231000: system.cpu: T0 : 0x14dfa    : c_ldsp ra, 56(sp)          : MemRead :  D=0x0000000000023024 A=0x7ffffffffffffd28
2231500: system.cpu: T0 : 0x14dfc    : c_mv a0, s0                : IntAlu :  D=0x0000000000000000
2232000: system.cpu: T0 : 0x14dfe    : c_ldsp s0, 48(sp)          : MemRead :  D=0x000000000006ef80 A=0x7ffffffffffffd20
2232500: system.cpu: T0 : 0x14e00    : c_ldsp s1, 40(sp)          : MemRead :  D=0x000000000006fe60 A=0x7ffffffffffffd18
2233000: system.cpu: T0 : 0x14e02    : c_ldsp s2, 32(sp)          : MemRead :  D=0x0000000000072000 A=0x7ffffffffffffd10
2233500: system.cpu: T0 : 0x14e04    : c_ldsp s3, 24(sp)          : MemRead :  D=0x0000000000072000 A=0x7ffffffffffffd08
2234000: system.cpu: T0 : 0x14e06    : c_ldsp s4, 16(sp)          : MemRead :  D=0x0000000000070000 A=0x7ffffffffffffd00
2234500: system.cpu: T0 : 0x14e08    : c_ldsp s5, 8(sp)           : MemRead :  D=0x0000000000072000 A=0x7ffffffffffffcf8
2235000: system.cpu: T0 : 0x14e0a    : c_ldsp s6, 0(sp)           : MemRead :  D=0x0000000000072000 A=0x7ffffffffffffcf0
2235500: system.cpu: T0 : 0x14e0c    : c_addi16sp sp, 64          : IntAlu :  D=0x7ffffffffffffd30
2236000: system.cpu: T0 : 0x14e0e    : c_jr ra                    : IntAlu : 
2236500: system.cpu: T0 : 0x23024    : c_mv s0, a0                : IntAlu :  D=0x0000000000000000
2237000: system.cpu: T0 : 0x23026    : c_beqz a0, 76              : IntAlu : 
2238000: system.cpu: T0 : 0x23072    : lui a5, 114                : IntAlu :  D=0x0000000000072000
2239000: system.cpu: T0 : 0x23076    : ld a0, -360(a5)            : MemRead :  D=0x0000000000000000 A=0x71e98
2239500: system.cpu: T0 : 0x2307a    : c_beqz a0, 14              : IntAlu : 
2240000: system.cpu: T0 : 0x23088    : ld a5, -328(s2)            : MemRead :  D=0x0000000000010040 A=0x71eb8
2240500: system.cpu: T0 : 0x2308c    : ld t3, 1120(s1)            : MemRead :  D=0x0000000000000000 A=0x702c0
2241000: system.cpu: T0 : 0x23090    : c_beqz a5, 110             : IntAlu : 
2242000: system.cpu: T0 : 0x23092    : ld a4, -272(s3)            : MemRead :  D=0x0000000000000006 A=0x71ef0
2243000: system.cpu: T0 : 0x23096    : slli a3, a4, 3             : IntAlu :  D=0x0000000000000030
2243500: system.cpu: T0 : 0x2309a    : c_sub a3, a4               : IntAlu :  D=0x000000000000002a
2244000: system.cpu: T0 : 0x2309c    : c_slli a3, 3               : IntAlu :  D=0x0000000000000150
2244500: system.cpu: T0 : 0x2309e    : c_add a3, a5               : IntAlu :  D=0x0000000000010190
2245000: system.cpu: T0 : 0x230a0    : bgeu a5, a3, 94            : IntAlu : 
2245500: system.cpu: T0 : 0x230a4    : lui a2, 411470             : IntAlu :  D=0x000000006474e000
2246000: system.cpu: T0 : 0x230a8    : addi a1, a2, 1361          : IntAlu :  D=0x000000006474e551
2246500: system.cpu: T0 : 0x230ac    : ld t4, 1112(s1)            : MemRead :  D=0x0000000000000000 A=0x702b8
2247000: system.cpu: T0 : 0x230b0    : lw t1, -1800(gp)           : MemRead :  D=0x0000000000000006 A=0x70928
2247500: system.cpu: T0 : 0x230b4    : c_mv a6, t3                : IntAlu :  D=0x0000000000000000
2248000: system.cpu: T0 : 0x230b6    : c_li a7, 0                 : IntAlu :  D=0x0000000000000000
2248500: system.cpu: T0 : 0x230b8    : c_li a0, 0                 : IntAlu :  D=0x0000000000000000
2249500: system.cpu: T0 : 0x230ba    : addi a2, a2, 1362          : IntAlu :  D=0x000000006474e552
2250000: system.cpu: T0 : 0x230be    : c_j 24                     : IntAlu : 
2250500: system.cpu: T0 : 0x230d6    : c_lw a4, 0(a5)             : MemRead :  D=0x0000000000000001 A=0x10040
2251000: system.cpu: T0 : 0x230d8    : bne a4, a1, -24            : IntAlu : 
2251500: system.cpu: T0 : 0x230c0    : bne a4, a2, 14             : IntAlu : 
2252500: system.cpu: T0 : 0x230ce    : addi a5, a5, 56            : IntAlu :  D=0x0000000000010078
2253500: system.cpu: T0 : 0x230d2    : bgeu a5, a3, 24            : IntAlu : 
2254000: system.cpu: T0 : 0x230d6    : c_lw a4, 0(a5)             : MemRead :  D=0x0000000000000001 A=0x10078
2254500: system.cpu: T0 : 0x230d8    : bne a4, a1, -24            : IntAlu : 
2255000: system.cpu: T0 : 0x230c0    : bne a4, a2, 14             : IntAlu : 
2256000: system.cpu: T0 : 0x230ce    : addi a5, a5, 56            : IntAlu :  D=0x00000000000100b0
2257000: system.cpu: T0 : 0x230d2    : bgeu a5, a3, 24            : IntAlu : 
2257500: system.cpu: T0 : 0x230d6    : c_lw a4, 0(a5)             : MemRead :  D=0x0000000000000004 A=0x100b0
2258000: system.cpu: T0 : 0x230d8    : bne a4, a1, -24            : IntAlu : 
2258500: system.cpu: T0 : 0x230c0    : bne a4, a2, 14             : IntAlu : 
2259500: system.cpu: T0 : 0x230ce    : addi a5, a5, 56            : IntAlu :  D=0x00000000000100e8
2260500: system.cpu: T0 : 0x230d2    : bgeu a5, a3, 24            : IntAlu : 
2261000: system.cpu: T0 : 0x230d6    : c_lw a4, 0(a5)             : MemRead :  D=0x0000000000000007 A=0x100e8
2261500: system.cpu: T0 : 0x230d8    : bne a4, a1, -24            : IntAlu : 
2262000: system.cpu: T0 : 0x230c0    : bne a4, a2, 14             : IntAlu : 
2263000: system.cpu: T0 : 0x230ce    : addi a5, a5, 56            : IntAlu :  D=0x0000000000010120
2264000: system.cpu: T0 : 0x230d2    : bgeu a5, a3, 24            : IntAlu : 
2264500: system.cpu: T0 : 0x230d6    : c_lw a4, 0(a5)             : MemRead :  D=0x000000006474e551 A=0x10120
2265000: system.cpu: T0 : 0x230d8    : bne a4, a1, -24            : IntAlu : 
2265500: system.cpu: T0 : 0x230dc    : lw t1, 4(a5)               : MemRead :  D=0x0000000000000006 A=0x10124
2266000: system.cpu: T0 : 0x230e0    : addi a5, a5, 56            : IntAlu :  D=0x0000000000010158
2266500: system.cpu: T0 : 0x230e4    : c_li a0, 1                 : IntAlu :  D=0x0000000000000001
2267500: system.cpu: T0 : 0x230e6    : bltu a5, a3, -16           : IntAlu : 
2268000: system.cpu: T0 : 0x230d6    : c_lw a4, 0(a5)             : MemRead :  D=0x000000006474e552 A=0x10158
2268500: system.cpu: T0 : 0x230d8    : bne a4, a1, -24            : IntAlu : 
2269000: system.cpu: T0 : 0x230c0    : bne a4, a2, 14             : IntAlu : 
2269500: system.cpu: T0 : 0x230c4    : ld t4, 16(a5)              : MemRead :  D=0x000000000006ead0 A=0x10168
2270000: system.cpu: T0 : 0x230c8    : ld a6, 40(a5)              : MemRead :  D=0x0000000000000530 A=0x10180
2270500: system.cpu: T0 : 0x230cc    : c_li a7, 1                 : IntAlu :  D=0x0000000000000001
2271500: system.cpu: T0 : 0x230ce    : addi a5, a5, 56            : IntAlu :  D=0x0000000000010190
2272500: system.cpu: T0 : 0x230d2    : bgeu a5, a3, 24            : IntAlu : 
2273000: system.cpu: T0 : 0x230ea    : c_beqz a0, 6               : IntAlu : 
2273500: system.cpu: T0 : 0x230ec    : sw t1, -1800(gp)           : MemWrite :  D=0x0000000000000006 A=0x70928
2274000: system.cpu: T0 : 0x230f0    : beq a7, zero, 14           : IntAlu : 
2274500: system.cpu: T0 : 0x230f4    : sd t4, 1112(s1)            : MemWrite :  D=0x000000000006ead0 A=0x702b8
2275000: system.cpu: T0 : 0x230f8    : sd a6, 1120(s1)            : MemWrite :  D=0x0000000000000530 A=0x702c0
2275500: system.cpu: T0 : 0x230fc    : c_mv t3, a6                : IntAlu :  D=0x0000000000000530
2276500: system.cpu: T0 : 0x230fe    : bne t3, zero, 272          : IntAlu : 
2277500: system.cpu: T0 : 0x2320e    : addi a0, s4, -416          : IntAlu :  D=0x000000000006fe60
2278500: system.cpu: T0 : 0x23212    : jal ra, 106388             : IntAlu :  D=0x0000000000023216
2279000: system.cpu: T0 : 0x3d1a6    : c_addi sp, -16             : IntAlu :  D=0x7ffffffffffffd20
2279500: system.cpu: T0 : 0x3d1a8    : c_ld a5, 0(a0)             : MemRead :  D=0x0000000000000000 A=0x6fe60
2280000: system.cpu: T0 : 0x3d1aa    : c_sdsp s0, 0(sp)           : MemWrite :  D=0x0000000000000000 A=0x7ffffffffffffd20
2280500: system.cpu: T0 : 0x3d1ac    : c_mv s0, a0                : IntAlu :  D=0x000000000006fe60
2281500: system.cpu: T0 : 0x3d1ae    : ld a0, 1112(a0)            : MemRead :  D=0x000000000006ead0 A=0x702b8
2282500: system.cpu: T0 : 0x3d1b2    : ld a4, -1784(gp)           : MemRead :  D=0x0000000000001000 A=0x70938
2283500: system.cpu: T0 : 0x3d1b6    : ld a1, 1120(s0)            : MemRead :  D=0x0000000000000530 A=0x702c0
2284000: system.cpu: T0 : 0x3d1ba    : c_add a5, a0               : IntAlu :  D=0x000000000006ead0
2284500: system.cpu: T0 : 0x3d1bc    : sub a4, zero, a4           : IntAlu :  D=0xfffffffffffff000
2285000: system.cpu: T0 : 0x3d1c0    : c_add a1, a5               : IntAlu :  D=0x000000000006f000
2285500: system.cpu: T0 : 0x3d1c2    : c_sdsp ra, 8(sp)           : MemWrite :  D=0x0000000000023216 A=0x7ffffffffffffd28
2286000: system.cpu: T0 : 0x3d1c4    : and a0, a5, a4             : IntAlu :  D=0x000000000006e000
2286500: system.cpu: T0 : 0x3d1c8    : c_and a1, a4               : IntAlu :  D=0x000000000006f000
2287500: system.cpu: T0 : 0x3d1ca    : bne a0, a1, 12             : IntAlu : 
2288000: system.cpu: T0 : 0x3d1d6    : c_li a2, 1                 : IntAlu :  D=0x0000000000000001
2288500: system.cpu: T0 : 0x3d1d8    : c_sub a1, a0               : IntAlu :  D=0x0000000000001000
2289500: system.cpu: T0 : 0x3d1da    : jal ra, -113354            : IntAlu :  D=0x000000000003d1de
2290000: system.cpu: T0 : 0x21710    : addi a7, zero, 226         : IntAlu :  D=0x00000000000000e2
2290500: system.cpu: T0 : 0x21714    : ecall                      : No_OpClass : 
2291000: system.cpu: T0 : 0x21718    : c_lui a7, 1048575          : IntAlu :  D=0xfffffffffffff000
2292000: system.cpu: T0 : 0x2171a    : bltu a7, a0, 6             : IntAlu : 
2292500: system.cpu: T0 : 0x2171e    : c_jr ra                    : IntAlu : 
2293500: system.cpu: T0 : 0x3d1de    : bge a0, zero, -16          : IntAlu : 
2294000: system.cpu: T0 : 0x3d1ce    : c_ldsp ra, 8(sp)           : MemRead :  D=0x0000000000023216 A=0x7ffffffffffffd28
2294500: system.cpu: T0 : 0x3d1d0    : c_ldsp s0, 0(sp)           : MemRead :  D=0x0000000000000000 A=0x7ffffffffffffd20
2295000: system.cpu: T0 : 0x3d1d2    : c_addi sp, 16              : IntAlu :  D=0x7ffffffffffffd30
2295500: system.cpu: T0 : 0x3d1d4    : c_jr ra                    : IntAlu : 
2296000: system.cpu: T0 : 0x23216    : c_j -276                   : IntAlu : 
2296500: system.cpu: T0 : 0x23102    : c_ldsp ra, 152(sp)         : MemRead :  D=0x0000000000023494 A=0x7ffffffffffffdc8
2297000: system.cpu: T0 : 0x23104    : c_ldsp s0, 144(sp)         : MemRead :  D=0x0000000000000001 A=0x7ffffffffffffdc0
2297500: system.cpu: T0 : 0x23106    : c_ldsp s1, 136(sp)         : MemRead :  D=0x7fffffffffffff38 A=0x7ffffffffffffdb8
2298000: system.cpu: T0 : 0x23108    : c_ldsp s2, 128(sp)         : MemRead :  D=0x7fffffffffffff48 A=0x7ffffffffffffdb0
2298500: system.cpu: T0 : 0x2310a    : c_ldsp s3, 120(sp)         : MemRead :  D=0x0000000000000000 A=0x7ffffffffffffda8
2299000: system.cpu: T0 : 0x2310c    : c_ldsp s4, 112(sp)         : MemRead :  D=0x0000000000000000 A=0x7ffffffffffffda0
2299500: system.cpu: T0 : 0x2310e    : c_ldsp s5, 104(sp)         : MemRead :  D=0x0000000000000000 A=0x7ffffffffffffd98
2300000: system.cpu: T0 : 0x23110    : c_ldsp s6, 96(sp)          : MemRead :  D=0x0000000000000000 A=0x7ffffffffffffd90
2300500: system.cpu: T0 : 0x23112    : c_ldsp s7, 88(sp)          : MemRead :  D=0x0000000000000000 A=0x7ffffffffffffd88
2301000: system.cpu: T0 : 0x23114    : c_ldsp s8, 80(sp)          : MemRead :  D=0x0000000000000000 A=0x7ffffffffffffd80
2301500: system.cpu: T0 : 0x23116    : c_ldsp s9, 72(sp)          : MemRead :  D=0x0000000000000000 A=0x7ffffffffffffd78
2302000: system.cpu: T0 : 0x23118    : c_ldsp s10, 64(sp)         : MemRead :  D=0x0000000000000000 A=0x7ffffffffffffd70
2302500: system.cpu: T0 : 0x2311a    : c_addi16sp sp, 160         : IntAlu :  D=0x7ffffffffffffdd0
2303000: system.cpu: T0 : 0x2311c    : c_jr ra                    : IntAlu : 
2303500: system.cpu: T0 : 0x23494    : c_mv a2, s2                : IntAlu :  D=0x7fffffffffffff48
2304000: system.cpu: T0 : 0x23496    : c_mv a1, s1                : IntAlu :  D=0x7fffffffffffff38
2304500: system.cpu: T0 : 0x23498    : c_mv a0, s0                : IntAlu :  D=0x0000000000000001
2305500: system.cpu: T0 : 0x2349a    : jal ra, -4344              : IntAlu :  D=0x000000000002349e
2306000: system.cpu: T0 : 0x223a2    : c_beqz a1, 50              : IntAlu : 
2306500: system.cpu: T0 : 0x223a4    : c_addi sp, -32             : IntAlu :  D=0x7ffffffffffffdb0
2307000: system.cpu: T0 : 0x223a6    : c_sdsp s1, 8(sp)           : MemWrite :  D=0x7fffffffffffff38 A=0x7ffffffffffffdb8
2307500: system.cpu: T0 : 0x223a8    : c_ld s1, 0(a1)             : MemRead :  D=0x7fffffffffffffdd A=0x7fffffffffffff38
2308000: system.cpu: T0 : 0x223aa    : c_sdsp s0, 16(sp)          : MemWrite :  D=0x0000000000000001 A=0x7ffffffffffffdc0
2308500: system.cpu: T0 : 0x223ac    : c_sdsp ra, 24(sp)          : MemWrite :  D=0x000000000002349e A=0x7ffffffffffffdc8
2309000: system.cpu: T0 : 0x223ae    : c_mv s0, a1                : IntAlu :  D=0x7fffffffffffff38
2309500: system.cpu: T0 : 0x223b0    : c_beqz s1, 26              : IntAlu : 
2310500: system.cpu: T0 : 0x223b2    : addi a1, zero, 47          : IntAlu :  D=0x000000000000002f
2311000: system.cpu: T0 : 0x223b6    : c_mv a0, s1                : IntAlu :  D=0x7fffffffffffffdd
2311500: system.cpu: T0 : 0x223b8    : jal ra, 90482              : IntAlu :  D=0x00000000000223bc
2312000: system.cpu: T0 : 0x3852a    : c_addi sp, -32             : IntAlu :  D=0x7ffffffffffffd90
2312500: system.cpu: T0 : 0x3852c    : c_sdsp s0, 16(sp)          : MemWrite :  D=0x7fffffffffffff38 A=0x7ffffffffffffda0
2313000: system.cpu: T0 : 0x3852e    : c_sdsp s1, 8(sp)           : MemWrite :  D=0x7fffffffffffffdd A=0x7ffffffffffffd98
2313500: system.cpu: T0 : 0x38530    : c_sdsp s2, 0(sp)           : MemWrite :  D=0x7fffffffffffff48 A=0x7ffffffffffffd90
2314000: system.cpu: T0 : 0x38532    : c_sdsp ra, 24(sp)          : MemWrite :  D=0x00000000000223bc A=0x7ffffffffffffda8
2314500: system.cpu: T0 : 0x38534    : andi s1, a1, 255           : IntAlu :  D=0x000000000000002f
2315000: system.cpu: T0 : 0x38538    : c_mv s0, a0                : IntAlu :  D=0x7fffffffffffffdd
2315500: system.cpu: T0 : 0x3853a    : c_li s2, 0                 : IntAlu :  D=0x0000000000000000
2316000: system.cpu: T0 : 0x3853c    : c_bnez s1, 10              : IntAlu : 
2316500: system.cpu: T0 : 0x38546    : c_mv a0, s0                : IntAlu :  D=0x7fffffffffffffdd
2317000: system.cpu: T0 : 0x38548    : c_mv a1, s1                : IntAlu :  D=0x000000000000002f
2318000: system.cpu: T0 : 0x3854a    : jal ra, -103340            : IntAlu :  D=0x000000000003854e
2319000: system.cpu: T0 : 0x1f19e    : andi a5, a0, 7             : IntAlu :  D=0x0000000000000005
2320000: system.cpu: T0 : 0x1f1a2    : andi a4, a1, 255           : IntAlu :  D=0x000000000000002f
2320500: system.cpu: T0 : 0x1f1a6    : c_bnez a5, 14              : IntAlu : 
2321000: system.cpu: T0 : 0x1f1b4    : lbu a5, 0(a0)              : MemRead :  D=0x000000000000002e A=0x7fffffffffffffdd
2321500: system.cpu: T0 : 0x1f1b8    : bne a5, a4, -14            : IntAlu : 
2322000: system.cpu: T0 : 0x1f1aa    : c_addi a0, 1               : IntAlu :  D=0x7fffffffffffffde
2322500: system.cpu: T0 : 0x1f1ac    : andi a3, a0, 7             : IntAlu :  D=0x0000000000000006
2323000: system.cpu: T0 : 0x1f1b0    : c_beqz a5, 168             : IntAlu : 
2323500: system.cpu: T0 : 0x1f1b2    : c_beqz a3, 12              : IntAlu : 
2324000: system.cpu: T0 : 0x1f1b4    : lbu a5, 0(a0)              : MemRead :  D=0x000000000000002e A=0x7fffffffffffffde
2324500: system.cpu: T0 : 0x1f1b8    : bne a5, a4, -14            : IntAlu : 
2325000: system.cpu: T0 : 0x1f1aa    : c_addi a0, 1               : IntAlu :  D=0x7fffffffffffffdf
2325500: system.cpu: T0 : 0x1f1ac    : andi a3, a0, 7             : IntAlu :  D=0x0000000000000007
2326000: system.cpu: T0 : 0x1f1b0    : c_beqz a5, 168             : IntAlu : 
2326500: system.cpu: T0 : 0x1f1b2    : c_beqz a3, 12              : IntAlu : 
2327000: system.cpu: T0 : 0x1f1b4    : lbu a5, 0(a0)              : MemRead :  D=0x000000000000002f A=0x7fffffffffffffdf
2327500: system.cpu: T0 : 0x1f1b8    : bne a5, a4, -14            : IntAlu : 
2328000: system.cpu: T0 : 0x1f1bc    : c_jr ra                    : IntAlu : 
2328500: system.cpu: T0 : 0x3854e    : c_bnez a0, -14             : IntAlu : 
2329000: system.cpu: T0 : 0x38540    : addi s0, a0, 1             : IntAlu :  D=0x7fffffffffffffe0
2329500: system.cpu: T0 : 0x38544    : c_mv s2, a0                : IntAlu :  D=0x7fffffffffffffdf
2330000: system.cpu: T0 : 0x38546    : c_mv a0, s0                : IntAlu :  D=0x7fffffffffffffe0
2330500: system.cpu: T0 : 0x38548    : c_mv a1, s1                : IntAlu :  D=0x000000000000002f
2331500: system.cpu: T0 : 0x3854a    : jal ra, -103340            : IntAlu :  D=0x000000000003854e
2332500: system.cpu: T0 : 0x1f19e    : andi a5, a0, 7             : IntAlu :  D=0x0000000000000000
2333500: system.cpu: T0 : 0x1f1a2    : andi a4, a1, 255           : IntAlu :  D=0x000000000000002f
2334000: system.cpu: T0 : 0x1f1a6    : c_bnez a5, 14              : IntAlu : 
2334500: system.cpu: T0 : 0x1f1a8    : c_j 22                     : IntAlu : 
2335000: system.cpu: T0 : 0x1f1be    : c_lui a3, 16               : IntAlu :  D=0x0000000000010000
2335500: system.cpu: T0 : 0x1f1c0    : slliw a5, a1, 8            : IntAlu :  D=0x0000000000002f00
2336000: system.cpu: T0 : 0x1f1c4    : c_addi a3, -1              : IntAlu :  D=0x000000000000ffff
2336500: system.cpu: T0 : 0x1f1c6    : c_and a5, a3               : IntAlu :  D=0x0000000000002f00
2337000: system.cpu: T0 : 0x1f1c8    : andi a1, a1, 255           : IntAlu :  D=0x000000000000002f
2337500: system.cpu: T0 : 0x1f1cc    : c_or a1, a5                : IntAlu :  D=0x0000000000002f2f
2338000: system.cpu: T0 : 0x1f1ce    : c_addiw a1, 0              : IntAlu :  D=0x0000000000002f2f
2338500: system.cpu: T0 : 0x1f1d0    : slli t1, a1, 16            : IntAlu :  D=0x000000002f2f0000
2339000: system.cpu: T0 : 0x1f1d4    : or a1, t1, a1              : IntAlu :  D=0x000000002f2f2f2f
2339500: system.cpu: T0 : 0x1f1d8    : ld a6, -2032(gp)           : MemRead :  D=0x7efefefefefefeff A=0x70840
2340000: system.cpu: T0 : 0x1f1dc    : slli t1, a1, 32            : IntAlu :  D=0x2f2f2f2f00000000
2340500: system.cpu: T0 : 0x1f1e0    : or t1, t1, a1              : IntAlu :  D=0x2f2f2f2f2f2f2f2f
2341000: system.cpu: T0 : 0x1f1e4    : c_li t3, -1                : IntAlu :  D=0xffffffffffffffff
2341500: system.cpu: T0 : 0x1f1e6    : c_ld a1, 0(a0)             : MemRead :  D=0x64616f6c6e776f44 A=0x7fffffffffffffe0
2342000: system.cpu: T0 : 0x1f1e8    : addi a5, a0, 8             : IntAlu :  D=0x7fffffffffffffe8
2342500: system.cpu: T0 : 0x1f1ec    : xor a7, t1, a1             : IntAlu :  D=0x4b4e40434158406b
2343000: system.cpu: T0 : 0x1f1f0    : add a3, a1, a6             : IntAlu :  D=0xe3606e6b6d766e43
2343500: system.cpu: T0 : 0x1f1f4    : add a2, a7, a6             : IntAlu :  D=0xca4d3f4240573f6a
2344000: system.cpu: T0 : 0x1f1f8    : c_xor a3, a1               : IntAlu :  D=0x8701010703010107
2345000: system.cpu: T0 : 0x1f1fa    : xor a2, a2, a7             : IntAlu :  D=0x81037f01010f7f01
2345500: system.cpu: T0 : 0x1f1fe    : c_and a3, a2               : IntAlu :  D=0x8101010101010101
2346000: system.cpu: T0 : 0x1f200    : or a3, a3, a6              : IntAlu :  D=0xffffffffffffffff
2346500: system.cpu: T0 : 0x1f204    : beq a3, t3, 88             : IntAlu : 
2347000: system.cpu: T0 : 0x1f25c    : c_mv a0, a5                : IntAlu :  D=0x7fffffffffffffe8
2347500: system.cpu: T0 : 0x1f25e    : c_j -120                   : IntAlu : 
2348000: system.cpu: T0 : 0x1f1e6    : c_ld a1, 0(a0)             : MemRead :  D=0xc900317466662f73 A=0x7fffffffffffffe8
2348500: system.cpu: T0 : 0x1f1e8    : addi a5, a0, 8             : IntAlu :  D=0x7ffffffffffffff0
2349000: system.cpu: T0 : 0x1f1ec    : xor a7, t1, a1             : IntAlu :  D=0xe62f1e5b4949005c
2349500: system.cpu: T0 : 0x1f1f0    : add a3, a1, a6             : IntAlu :  D=0x47ff307365652e72
2350000: system.cpu: T0 : 0x1f1f4    : add a2, a7, a6             : IntAlu :  D=0x652e1d5a4847ff5b
2350500: system.cpu: T0 : 0x1f1f8    : c_xor a3, a1               : IntAlu :  D=0x8eff010703030101
2351500: system.cpu: T0 : 0x1f1fa    : xor a2, a2, a7             : IntAlu :  D=0x83010301010eff07
2352000: system.cpu: T0 : 0x1f1fe    : c_and a3, a2               : IntAlu :  D=0x8201010101020101
2352500: system.cpu: T0 : 0x1f200    : or a3, a3, a6              : IntAlu :  D=0xfefffffffffeffff
2353000: system.cpu: T0 : 0x1f204    : beq a3, t3, 88             : IntAlu : 
2353500: system.cpu: T0 : 0x1f208    : lbu a3, -8(a5)             : MemRead :  D=0x0000000000000073 A=0x7fffffffffffffe8
2354000: system.cpu: T0 : 0x1f20c    : beq a3, a4, -80            : IntAlu : 
2354500: system.cpu: T0 : 0x1f210    : c_beqz a3, 72              : IntAlu : 
2355500: system.cpu: T0 : 0x1f212    : lbu a3, -7(a5)             : MemRead :  D=0x000000000000002f A=0x7fffffffffffffe9
2356500: system.cpu: T0 : 0x1f216    : beq a3, a4, 74             : IntAlu : 
2357000: system.cpu: T0 : 0x1f260    : c_addi a0, 1               : IntAlu :  D=0x7fffffffffffffe9
2357500: system.cpu: T0 : 0x1f262    : c_jr ra                    : IntAlu : 
2358000: system.cpu: T0 : 0x3854e    : c_bnez a0, -14             : IntAlu : 
2358500: system.cpu: T0 : 0x38540    : addi s0, a0, 1             : IntAlu :  D=0x7fffffffffffffea
2359000: system.cpu: T0 : 0x38544    : c_mv s2, a0                : IntAlu :  D=0x7fffffffffffffe9
2359500: system.cpu: T0 : 0x38546    : c_mv a0, s0                : IntAlu :  D=0x7fffffffffffffea
2360000: system.cpu: T0 : 0x38548    : c_mv a1, s1                : IntAlu :  D=0x000000000000002f
2361000: system.cpu: T0 : 0x3854a    : jal ra, -103340            : IntAlu :  D=0x000000000003854e
2362000: system.cpu: T0 : 0x1f19e    : andi a5, a0, 7             : IntAlu :  D=0x0000000000000002
2363000: system.cpu: T0 : 0x1f1a2    : andi a4, a1, 255           : IntAlu :  D=0x000000000000002f
2363500: system.cpu: T0 : 0x1f1a6    : c_bnez a5, 14              : IntAlu : 
2364000: system.cpu: T0 : 0x1f1b4    : lbu a5, 0(a0)              : MemRead :  D=0x0000000000000066 A=0x7fffffffffffffea
2364500: system.cpu: T0 : 0x1f1b8    : bne a5, a4, -14            : IntAlu : 
2365000: system.cpu: T0 : 0x1f1aa    : c_addi a0, 1               : IntAlu :  D=0x7fffffffffffffeb
2365500: system.cpu: T0 : 0x1f1ac    : andi a3, a0, 7             : IntAlu :  D=0x0000000000000003
2366000: system.cpu: T0 : 0x1f1b0    : c_beqz a5, 168             : IntAlu : 
2366500: system.cpu: T0 : 0x1f1b2    : c_beqz a3, 12              : IntAlu : 
2367000: system.cpu: T0 : 0x1f1b4    : lbu a5, 0(a0)              : MemRead :  D=0x0000000000000066 A=0x7fffffffffffffeb
2367500: system.cpu: T0 : 0x1f1b8    : bne a5, a4, -14            : IntAlu : 
2368000: system.cpu: T0 : 0x1f1aa    : c_addi a0, 1               : IntAlu :  D=0x7fffffffffffffec
2368500: system.cpu: T0 : 0x1f1ac    : andi a3, a0, 7             : IntAlu :  D=0x0000000000000004
2369000: system.cpu: T0 : 0x1f1b0    : c_beqz a5, 168             : IntAlu : 
2369500: system.cpu: T0 : 0x1f1b2    : c_beqz a3, 12              : IntAlu : 
2370000: system.cpu: T0 : 0x1f1b4    : lbu a5, 0(a0)              : MemRead :  D=0x0000000000000074 A=0x7fffffffffffffec
2370500: system.cpu: T0 : 0x1f1b8    : bne a5, a4, -14            : IntAlu : 
2371000: system.cpu: T0 : 0x1f1aa    : c_addi a0, 1               : IntAlu :  D=0x7fffffffffffffed
2371500: system.cpu: T0 : 0x1f1ac    : andi a3, a0, 7             : IntAlu :  D=0x0000000000000005
2372000: system.cpu: T0 : 0x1f1b0    : c_beqz a5, 168             : IntAlu : 
2372500: system.cpu: T0 : 0x1f1b2    : c_beqz a3, 12              : IntAlu : 
2373000: system.cpu: T0 : 0x1f1b4    : lbu a5, 0(a0)              : MemRead :  D=0x0000000000000031 A=0x7fffffffffffffed
2373500: system.cpu: T0 : 0x1f1b8    : bne a5, a4, -14            : IntAlu : 
2374000: system.cpu: T0 : 0x1f1aa    : c_addi a0, 1               : IntAlu :  D=0x7fffffffffffffee
2374500: system.cpu: T0 : 0x1f1ac    : andi a3, a0, 7             : IntAlu :  D=0x0000000000000006
2375000: system.cpu: T0 : 0x1f1b0    : c_beqz a5, 168             : IntAlu : 
2375500: system.cpu: T0 : 0x1f1b2    : c_beqz a3, 12              : IntAlu : 
2376000: system.cpu: T0 : 0x1f1b4    : lbu a5, 0(a0)              : MemRead :  D=0x0000000000000000 A=0x7fffffffffffffee
2376500: system.cpu: T0 : 0x1f1b8    : bne a5, a4, -14            : IntAlu : 
2377000: system.cpu: T0 : 0x1f1aa    : c_addi a0, 1               : IntAlu :  D=0x7fffffffffffffef
2377500: system.cpu: T0 : 0x1f1ac    : andi a3, a0, 7             : IntAlu :  D=0x0000000000000007
2378000: system.cpu: T0 : 0x1f1b0    : c_beqz a5, 168             : IntAlu : 
2378500: system.cpu: T0 : 0x1f258    : c_li a0, 0                 : IntAlu :  D=0x0000000000000000
2379000: system.cpu: T0 : 0x1f25a    : c_jr ra                    : IntAlu : 
2379500: system.cpu: T0 : 0x3854e    : c_bnez a0, -14             : IntAlu : 
2380000: system.cpu: T0 : 0x38550    : c_ldsp ra, 24(sp)          : MemRead :  D=0x00000000000223bc A=0x7ffffffffffffda8
2380500: system.cpu: T0 : 0x38552    : c_ldsp s0, 16(sp)          : MemRead :  D=0x7fffffffffffff38 A=0x7ffffffffffffda0
2381000: system.cpu: T0 : 0x38554    : c_ldsp s1, 8(sp)           : MemRead :  D=0x7fffffffffffffdd A=0x7ffffffffffffd98
2381500: system.cpu: T0 : 0x38556    : c_mv a0, s2                : IntAlu :  D=0x7fffffffffffffe9
2382000: system.cpu: T0 : 0x38558    : c_ldsp s2, 0(sp)           : MemRead :  D=0x7fffffffffffff48 A=0x7ffffffffffffd90
2382500: system.cpu: T0 : 0x3855a    : c_addi16sp sp, 32          : IntAlu :  D=0x7ffffffffffffdb0
2383000: system.cpu: T0 : 0x3855c    : c_jr ra                    : IntAlu : 
2383500: system.cpu: T0 : 0x223bc    : c_beqz a0, 26              : IntAlu : 
2384000: system.cpu: T0 : 0x223be    : c_addi a0, 1               : IntAlu :  D=0x7fffffffffffffea
2384500: system.cpu: T0 : 0x223c0    : sd a0, -1824(gp)           : MemWrite :  D=0x7fffffffffffffea A=0x70910
2385000: system.cpu: T0 : 0x223c4    : c_ld a4, 0(s0)             : MemRead :  D=0x7fffffffffffffdd A=0x7fffffffffffff38
2386000: system.cpu: T0 : 0x223c6    : sd a4, -1816(gp)           : MemWrite :  D=0x7fffffffffffffdd A=0x70918
2386500: system.cpu: T0 : 0x223ca    : c_ldsp ra, 24(sp)          : MemRead :  D=0x000000000002349e A=0x7ffffffffffffdc8
2387000: system.cpu: T0 : 0x223cc    : c_ldsp s0, 16(sp)          : MemRead :  D=0x0000000000000001 A=0x7ffffffffffffdc0
2387500: system.cpu: T0 : 0x223ce    : c_ldsp s1, 8(sp)           : MemRead :  D=0x7fffffffffffff38 A=0x7ffffffffffffdb8
2388000: system.cpu: T0 : 0x223d0    : c_addi16sp sp, 32          : IntAlu :  D=0x7ffffffffffffdd0
2388500: system.cpu: T0 : 0x223d2    : c_jr ra                    : IntAlu : 
2389000: system.cpu: T0 : 0x2349e    : c_ldsp s0, 16(sp)          : MemRead :  D=0x0000000000011082 A=0x7ffffffffffffde0
2389500: system.cpu: T0 : 0x234a0    : c_ldsp ra, 24(sp)          : MemRead :  D=0x0000000000010cf6 A=0x7ffffffffffffde8
2390000: system.cpu: T0 : 0x234a2    : c_ldsp s1, 8(sp)           : MemRead :  D=0x0000000000011112 A=0x7ffffffffffffdd8
2390500: system.cpu: T0 : 0x234a4    : c_ldsp s2, 0(sp)           : MemRead :  D=0x0000000000000000 A=0x7ffffffffffffdd0
2391000: system.cpu: T0 : 0x234a6    : c_addi16sp sp, 32          : IntAlu :  D=0x7ffffffffffffdf0
2391500: system.cpu: T0 : 0x234a8    : jal zero, 35004            : IntAlu :  D=0x00000000000234ac
2392000: system.cpu: T0 : 0x2bd64    : ld a5, 0(tp)               : MemRead :  D=0x0000000000070678 A=0x73710
2392500: system.cpu: T0 : 0x2bd68    : c_ld a5, 0(a5)             : MemRead :  D=0x0000000000051f80 A=0x70678
2393000: system.cpu: T0 : 0x2bd6a    : c_ld a0, 64(a5)            : MemRead :  D=0x00000000000537b0 A=0x51fc0
2393500: system.cpu: T0 : 0x2bd6c    : c_ld a2, 72(a5)            : MemRead :  D=0x0000000000052db0 A=0x51fc8
2394000: system.cpu: T0 : 0x2bd6e    : c_ld a4, 88(a5)            : MemRead :  D=0x00000000000527b0 A=0x51fd8
2394500: system.cpu: T0 : 0x2bd70    : addi a0, a0, 256           : IntAlu :  D=0x00000000000538b0
2395000: system.cpu: T0 : 0x2bd74    : addi a2, a2, 512           : IntAlu :  D=0x0000000000052fb0
2395500: system.cpu: T0 : 0x2bd78    : addi a4, a4, 512           : IntAlu :  D=0x00000000000529b0
2396000: system.cpu: T0 : 0x2bd7c    : sd a0, 80(tp)              : MemWrite :  D=0x00000000000538b0 A=0x73760
2396500: system.cpu: T0 : 0x2bd80    : sd a2, 72(tp)              : MemWrite :  D=0x0000000000052fb0 A=0x73758
2397000: system.cpu: T0 : 0x2bd84    : sd a4, 64(tp)              : MemWrite :  D=0x00000000000529b0 A=0x73750
2397500: system.cpu: T0 : 0x2bd88    : c_jr ra                    : IntAlu : 
2398000: system.cpu: T0 : 0x10cf6    : c_beqz s1, 12              : IntAlu : 
2398500: system.cpu: T0 : 0x10cf8    : c_li a2, 0                 : IntAlu :  D=0x0000000000000000
2399000: system.cpu: T0 : 0x10cfa    : c_li a1, 0                 : IntAlu :  D=0x0000000000000000
2399500: system.cpu: T0 : 0x10cfc    : c_mv a0, s1                : IntAlu :  D=0x0000000000011112
2400500: system.cpu: T0 : 0x10cfe    : jal ra, 17628              : IntAlu :  D=0x0000000000010d02
2401500: system.cpu: T0 : 0x151da    : addi a3, gp, -1936         : IntAlu :  D=0x00000000000708a0
2402000: system.cpu: T0 : 0x151de    : c_j -204                   : IntAlu : 
2402500: system.cpu: T0 : 0x15112    : c_addi16sp sp, -64         : IntAlu :  D=0x7ffffffffffffdb0
2403000: system.cpu: T0 : 0x15114    : c_sdsp ra, 56(sp)          : MemWrite :  D=0x0000000000010d02 A=0x7ffffffffffffde8
2403500: system.cpu: T0 : 0x15116    : c_sdsp s0, 48(sp)          : MemWrite :  D=0x0000000000011082 A=0x7ffffffffffffde0
2404000: system.cpu: T0 : 0x15118    : c_sdsp s1, 40(sp)          : MemWrite :  D=0x0000000000011112 A=0x7ffffffffffffdd8
2404500: system.cpu: T0 : 0x1511a    : c_sdsp s2, 32(sp)          : MemWrite :  D=0x0000000000000000 A=0x7ffffffffffffdd0
2405000: system.cpu: T0 : 0x1511c    : c_sdsp s3, 24(sp)          : MemWrite :  D=0x0000000000000000 A=0x7ffffffffffffdc8
2405500: system.cpu: T0 : 0x1511e    : c_beqz a0, 156             : IntAlu : 
2406000: system.cpu: T0 : 0x15120    : lui s0, 114                : IntAlu :  D=0x0000000000072000
2406500: system.cpu: T0 : 0x15124    : c_mv s2, a2                : IntAlu :  D=0x0000000000000000
2407000: system.cpu: T0 : 0x15126    : c_mv s1, a0                : IntAlu :  D=0x0000000000011112
2407500: system.cpu: T0 : 0x15128    : c_mv s3, a1                : IntAlu :  D=0x0000000000000000
2408000: system.cpu: T0 : 0x1512a    : c_li a4, 1                 : IntAlu :  D=0x0000000000000001
2408500: system.cpu: T0 : 0x1512c    : addi a2, s0, -472          : IntAlu :  D=0x0000000000071e28
2409000: system.cpu: T0 : 0x15130    : lr_w a5, (a2)             
2409000: system.cpu: T0 : 0x15130. 0 : lr_w a5, (a2)              : MemRead :  D=0x0000000000000000 A=0x71e28
2409500: system.cpu: T0 : 0x15134    : c_bnez a5, 8               : IntAlu : 
2410500: system.cpu: T0 : 0x15136    : sc_w_aq a1, a4, (a2)      
2410500: system.cpu: T0 : 0x15136. 0 : sc_w a1, a4, (a2)          : MemWrite :  D=0x0000000000000000 A=0x71e28
2411000: system.cpu: T0 : 0x15136. 1 : 0x1ce625af fence           : No_OpClass : 
2411500: system.cpu: T0 : 0x1513a    : c_bnez a1, -10             : IntAlu : 
2412000: system.cpu: T0 : 0x1513c    : c_addiw a5, 0              : IntAlu :  D=0x0000000000000000
2412500: system.cpu: T0 : 0x1513e    : c_bnez a5, 64              : IntAlu : 
2413000: system.cpu: T0 : 0x15140    : c_mv a0, a3                : IntAlu :  D=0x00000000000708a0
2414000: system.cpu: T0 : 0x15142    : jal ra, -242               : IntAlu :  D=0x0000000000015146
2414500: system.cpu: T0 : 0x15050    : lbu a5, -1476(gp)          : MemRead :  D=0x0000000000000000 A=0x70a6c
2415000: system.cpu: T0 : 0x15054    : c_bnez a5, 186             : IntAlu : 
2415500: system.cpu: T0 : 0x15056    : c_addi sp, -32             : IntAlu :  D=0x7ffffffffffffd90
2416000: system.cpu: T0 : 0x15058    : c_sdsp s1, 8(sp)           : MemWrite :  D=0x0000000000011112 A=0x7ffffffffffffd98
2416500: system.cpu: T0 : 0x1505a    : c_ld s1, 0(a0)             : MemRead :  D=0x0000000000071188 A=0x708a0
2417000: system.cpu: T0 : 0x1505c    : c_sdsp s0, 16(sp)          : MemWrite :  D=0x0000000000072000 A=0x7ffffffffffffda0
2417500: system.cpu: T0 : 0x1505e    : c_sdsp ra, 24(sp)          : MemWrite :  D=0x0000000000015146 A=0x7ffffffffffffda8
2418000: system.cpu: T0 : 0x15060    : c_mv s0, a0                : IntAlu :  D=0x00000000000708a0
2418500: system.cpu: T0 : 0x15062    : c_beqz s1, 140             : IntAlu : 
2419000: system.cpu: T0 : 0x15064    : c_mv a1, s1                : IntAlu :  D=0x0000000000071188
2419500: system.cpu: T0 : 0x15066    : c_li a6, 0                 : IntAlu :  D=0x0000000000000000
2420000: system.cpu: T0 : 0x15068    : c_ld a4, 8(a1)             : MemRead :  D=0x0000000000000000 A=0x71190
2421000: system.cpu: T0 : 0x1506a    : slli a5, a4, 5             : IntAlu :  D=0x0000000000000000
2421500: system.cpu: T0 : 0x1506e    : c_add a5, a1               : IntAlu :  D=0x0000000000071188
2422000: system.cpu: T0 : 0x15070    : c_beqz a4, 18              : IntAlu : 
2422500: system.cpu: T0 : 0x15082    : c_ld a5, 0(a1)             : MemRead :  D=0x0000000000000000 A=0x71188
2423000: system.cpu: T0 : 0x15084    : sd zero, 8(a1)             : MemWrite :  D=0x0000000000000000 A=0x71190
2423500: system.cpu: T0 : 0x15088    : c_mv a6, a1                : IntAlu :  D=0x0000000000071188
2424000: system.cpu: T0 : 0x1508a    : c_beqz a5, 78              : IntAlu : 
2424500: system.cpu: T0 : 0x150d8    : c_li a5, 1                 : IntAlu :  D=0x0000000000000001
2425500: system.cpu: T0 : 0x150da    : addi a0, a1, 16            : IntAlu :  D=0x0000000000071198
2426000: system.cpu: T0 : 0x150de    : c_sd a5, 8(a1)             : MemWrite :  D=0x0000000000000001 A=0x71190
2426500: system.cpu: T0 : 0x150e0    : c_j -60                    : IntAlu : 
2427000: system.cpu: T0 : 0x150a4    : lui a4, 114                : IntAlu :  D=0x0000000000072000
2427500: system.cpu: T0 : 0x150a8    : ld a5, -464(a4)            : MemRead :  D=0x0000000000000000 A=0x71e30
2428000: system.cpu: T0 : 0x150ac    : c_ldsp ra, 24(sp)          : MemRead :  D=0x0000000000015146 A=0x7ffffffffffffda8
2428500: system.cpu: T0 : 0x150ae    : c_ldsp s0, 16(sp)          : MemRead :  D=0x0000000000072000 A=0x7ffffffffffffda0
2429000: system.cpu: T0 : 0x150b0    : c_li a3, 1                 : IntAlu :  D=0x0000000000000001
2429500: system.cpu: T0 : 0x150b2    : c_sd a3, 0(a0)             : MemWrite :  D=0x0000000000000001 A=0x71198
2430000: system.cpu: T0 : 0x150b4    : c_addi a5, 1               : IntAlu :  D=0x0000000000000001
2431000: system.cpu: T0 : 0x150b6    : sd a5, -464(a4)            : MemWrite :  D=0x0000000000000001 A=0x71e30
2431500: system.cpu: T0 : 0x150ba    : c_ldsp s1, 8(sp)           : MemRead :  D=0x0000000000011112 A=0x7ffffffffffffd98
2432000: system.cpu: T0 : 0x150bc    : c_addi16sp sp, 32          : IntAlu :  D=0x7ffffffffffffdb0
2432500: system.cpu: T0 : 0x150be    : c_jr ra                    : IntAlu : 
2433000: system.cpu: T0 : 0x15146    : c_beqz a0, 70              : IntAlu : 
2433500: system.cpu: T0 : 0x15148    : c_li a5, 4                 : IntAlu :  D=0x0000000000000004
2434000: system.cpu: T0 : 0x1514a    : c_sd a5, 0(a0)             : MemWrite :  D=0x0000000000000004 A=0x71198
2434500: system.cpu: T0 : 0x1514c    : c_sd s1, 8(a0)             : MemWrite :  D=0x0000000000011112 A=0x711a0
2435500: system.cpu: T0 : 0x1514e    : sd s3, 16(a0)              : MemWrite :  D=0x0000000000000000 A=0x711a8
2436500: system.cpu: T0 : 0x15152    : sd s2, 24(a0)              : MemWrite :  D=0x0000000000000000 A=0x711b0
2437000: system.cpu: T0 : 0x15156    : c_li a5, 0                 : IntAlu :  D=0x0000000000000000
2437500: system.cpu: T0 : 0x15158    : addi a4, s0, -472          : IntAlu :  D=0x0000000000071e28
2438000: system.cpu: T0 : 0x1515c    : fence iorw, ow             : No_OpClass : 
2438500: system.cpu: T0 : 0x15160    : amoswap_w a5, a5, (a4)    
2438500: system.cpu: T0 : 0x15160. 0 : amoswap_w[l] a5, a5, (a4)  : MemRead :  D=0x0000000000000001 A=0x71e28
2439000: system.cpu: T0 : 0x15164    : c_addiw a5, 0              : IntAlu :  D=0x0000000000000001
2439500: system.cpu: T0 : 0x15166    : c_li a3, 1                 : IntAlu :  D=0x0000000000000001
2440000: system.cpu: T0 : 0x15168    : c_li a4, 0                 : IntAlu :  D=0x0000000000000000
2441000: system.cpu: T0 : 0x1516a    : blt a3, a5, 58             : IntAlu : 
2441500: system.cpu: T0 : 0x1516e    : c_ldsp ra, 56(sp)          : MemRead :  D=0x0000000000010d02 A=0x7ffffffffffffde8
2442000: system.cpu: T0 : 0x15170    : c_ldsp s0, 48(sp)          : MemRead :  D=0x0000000000011082 A=0x7ffffffffffffde0
2442500: system.cpu: T0 : 0x15172    : c_ldsp s1, 40(sp)          : MemRead :  D=0x0000000000011112 A=0x7ffffffffffffdd8
2443000: system.cpu: T0 : 0x15174    : c_ldsp s2, 32(sp)          : MemRead :  D=0x0000000000000000 A=0x7ffffffffffffdd0
2443500: system.cpu: T0 : 0x15176    : c_ldsp s3, 24(sp)          : MemRead :  D=0x0000000000000000 A=0x7ffffffffffffdc8
2444000: system.cpu: T0 : 0x15178    : c_mv a0, a4                : IntAlu :  D=0x0000000000000000
2444500: system.cpu: T0 : 0x1517a    : c_addi16sp sp, 64          : IntAlu :  D=0x7ffffffffffffdf0
2445000: system.cpu: T0 : 0x1517c    : c_jr ra                    : IntAlu : 
2446000: system.cpu: T0 : 0x10d02    : lui a5, 111                : IntAlu :  D=0x000000000006f000
2447000: system.cpu: T0 : 0x10d06    : lw a5, -72(a5)             : MemRead :  D=0x0000000000000000 A=0x6efb8
2448000: system.cpu: T0 : 0x10d0a    : bne a5, zero, 238          : IntAlu : 
2448500: system.cpu: T0 : 0x10d0e    : c_beqz s0, 12              : IntAlu : 
2449000: system.cpu: T0 : 0x10d10    : ld a2, -1360(gp)           : MemRead :  D=0x7fffffffffffff48 A=0x70ae0
2449500: system.cpu: T0 : 0x10d14    : c_ldsp a1, 16(sp)          : MemRead :  D=0x7fffffffffffff38 A=0x7ffffffffffffe00
2450000: system.cpu: T0 : 0x10d16    : c_ldsp a0, 8(sp)           : MemRead :  D=0x0000000000000001 A=0x7ffffffffffffdf8
2450500: system.cpu: T0 : 0x10d18    : c_jalr s0                  : IntAlu :  D=0x0000000000010d1a
2451000: system.cpu: T0 : 0x11082    : c_addi16sp sp, -64         : IntAlu :  D=0x7ffffffffffffdb0
2451500: system.cpu: T0 : 0x11084    : c_sdsp s0, 48(sp)          : MemWrite :  D=0x0000000000011082 A=0x7ffffffffffffde0
2452000: system.cpu: T0 : 0x11086    : c_sdsp s5, 8(sp)           : MemWrite :  D=0x0000000000000000 A=0x7ffffffffffffdb8
2452500: system.cpu: T0 : 0x11088    : lui s0, 111                : IntAlu :  D=0x000000000006f000
2453000: system.cpu: T0 : 0x1108c    : lui s5, 111                : IntAlu :  D=0x000000000006f000
2453500: system.cpu: T0 : 0x11090    : addi a5, s0, -1296         : IntAlu :  D=0x000000000006eaf0
2454000: system.cpu: T0 : 0x11094    : addi s5, s5, -1288         : IntAlu :  D=0x000000000006eaf8
2454500: system.cpu: T0 : 0x11098    : sub s5, s5, a5             : IntAlu :  D=0x0000000000000008
2455000: system.cpu: T0 : 0x1109c    : c_sdsp s2, 32(sp)          : MemWrite :  D=0x0000000000000000 A=0x7ffffffffffffdd0
2455500: system.cpu: T0 : 0x1109e    : c_sdsp s3, 24(sp)          : MemWrite :  D=0x0000000000000000 A=0x7ffffffffffffdc8
2456000: system.cpu: T0 : 0x110a0    : c_sdsp s4, 16(sp)          : MemWrite :  D=0x0000000000000000 A=0x7ffffffffffffdc0
2456500: system.cpu: T0 : 0x110a2    : c_sdsp ra, 56(sp)          : MemWrite :  D=0x0000000000010d1a A=0x7ffffffffffffde8
2457000: system.cpu: T0 : 0x110a4    : c_sdsp s1, 40(sp)          : MemWrite :  D=0x0000000000011112 A=0x7ffffffffffffdd8
2458000: system.cpu: T0 : 0x110a6    : srai s5, s5, 3             : IntAlu :  D=0x0000000000000001
2458500: system.cpu: T0 : 0x110aa    : c_mv s2, a0                : IntAlu :  D=0x0000000000000001
2459000: system.cpu: T0 : 0x110ac    : c_mv s3, a1                : IntAlu :  D=0x7fffffffffffff38
2459500: system.cpu: T0 : 0x110ae    : c_mv s4, a2                : IntAlu :  D=0x7fffffffffffff48
2460000: system.cpu: T0 : 0x110b0    : beq s5, zero, 28           : IntAlu : 
2460500: system.cpu: T0 : 0x110b4    : addi s0, s0, -1296         : IntAlu :  D=0x000000000006eaf0
2461000: system.cpu: T0 : 0x110b8    : c_li s1, 0                 : IntAlu :  D=0x0000000000000000
2461500: system.cpu: T0 : 0x110ba    : c_ld a5, 0(s0)             : MemRead :  D=0x0000000000010376 A=0x6eaf0
2462000: system.cpu: T0 : 0x110bc    : c_mv a2, s4                : IntAlu :  D=0x7fffffffffffff48
2462500: system.cpu: T0 : 0x110be    : c_mv a1, s3                : IntAlu :  D=0x7fffffffffffff38
2463000: system.cpu: T0 : 0x110c0    : c_mv a0, s2                : IntAlu :  D=0x0000000000000001
2463500: system.cpu: T0 : 0x110c2    : c_addi s1, 1               : IntAlu :  D=0x0000000000000001
2464000: system.cpu: T0 : 0x110c4    : c_jalr a5                  : IntAlu :  D=0x00000000000110c6
2465000: system.cpu: T0 : 0x10376    : auipc gp, 97               : IntAlu :  D=0x0000000000071376
2466000: system.cpu: T0 : 0x1037a    : addi gp, gp, -838          : IntAlu :  D=0x0000000000071030
2466500: system.cpu: T0 : 0x1037e    : c_jr ra                    : IntAlu : 
2467000: system.cpu: T0 : 0x110c6    : c_addi s0, 8               : IntAlu :  D=0x000000000006eaf8
2467500: system.cpu: T0 : 0x110c8    : bne s5, s1, -14            : IntAlu : 
2468000: system.cpu: T0 : 0x110cc    : lui s0, 111                : IntAlu :  D=0x000000000006f000
2468500: system.cpu: T0 : 0x110d0    : lui s5, 111                : IntAlu :  D=0x000000000006f000
2469000: system.cpu: T0 : 0x110d4    : addi a5, s0, -1288         : IntAlu :  D=0x000000000006eaf8
2469500: system.cpu: T0 : 0x110d8    : addi s5, s5, -1280         : IntAlu :  D=0x000000000006eb00
2470000: system.cpu: T0 : 0x110dc    : sub s5, s5, a5             : IntAlu :  D=0x0000000000000008
2470500: system.cpu: T0 : 0x110e0    : srai s5, s5, 3             : IntAlu :  D=0x0000000000000001
2471000: system.cpu: T0 : 0x110e4    : beq s5, zero, 28           : IntAlu : 
2471500: system.cpu: T0 : 0x110e8    : addi s0, s0, -1288         : IntAlu :  D=0x000000000006eaf8
2472000: system.cpu: T0 : 0x110ec    : c_li s1, 0                 : IntAlu :  D=0x0000000000000000
2472500: system.cpu: T0 : 0x110ee    : c_ld a5, 0(s0)             : MemRead :  D=0x000000000001040a A=0x6eaf8
2473000: system.cpu: T0 : 0x110f0    : c_mv a2, s4                : IntAlu :  D=0x7fffffffffffff48
2473500: system.cpu: T0 : 0x110f2    : c_mv a1, s3                : IntAlu :  D=0x7fffffffffffff38
2474000: system.cpu: T0 : 0x110f4    : c_mv a0, s2                : IntAlu :  D=0x0000000000000001
2474500: system.cpu: T0 : 0x110f6    : c_addi s1, 1               : IntAlu :  D=0x0000000000000001
2475000: system.cpu: T0 : 0x110f8    : c_jalr a5                  : IntAlu :  D=0x00000000000110fa
2476000: system.cpu: T0 : 0x1040a    : lui a5, 77                 : IntAlu :  D=0x000000000004d000
2477000: system.cpu: T0 : 0x1040e    : addi a5, a5, -1184         : IntAlu :  D=0x000000000004cb60
2477500: system.cpu: T0 : 0x10412    : c_beqz a5, 28              : IntAlu : 
2478000: system.cpu: T0 : 0x10414    : lui a0, 107                : IntAlu :  D=0x000000000006b000
2478500: system.cpu: T0 : 0x10418    : c_addi sp, -16             : IntAlu :  D=0x7ffffffffffffda0
2479500: system.cpu: T0 : 0x1041a    : addi a1, gp, -1008         : IntAlu :  D=0x0000000000070c40
2480500: system.cpu: T0 : 0x1041e    : addi a0, a0, -1856         : IntAlu :  D=0x000000000006a8c0
2481000: system.cpu: T0 : 0x10422    : c_sdsp ra, 8(sp)           : MemWrite :  D=0x00000000000110fa A=0x7ffffffffffffda8
2481500: system.cpu: T0 : 0x10424    : jal ra, 247612             : IntAlu :  D=0x0000000000010428
2482000: system.cpu: T0 : 0x4cb60    : c_beqz a0, 12              : IntAlu : 
2482500: system.cpu: T0 : 0x4cb62    : c_lw a5, 0(a0)             : MemRead :  D=0x000000000000001c A=0x6a8c0
2483000: system.cpu: T0 : 0x4cb64    : c_beqz a5, 8               : IntAlu : 
2483500: system.cpu: T0 : 0x4cb66    : c_li a3, 0                 : IntAlu :  D=0x0000000000000000
2484000: system.cpu: T0 : 0x4cb68    : c_li a2, 0                 : IntAlu :  D=0x0000000000000000
2484500: system.cpu: T0 : 0x4cb6a    : c_j -144                   : IntAlu : 
2485000: system.cpu: T0 : 0x4cada    : c_li a5, -1                : IntAlu :  D=0xffffffffffffffff
2485500: system.cpu: T0 : 0x4cadc    : c_addi sp, -32             : IntAlu :  D=0x7ffffffffffffd80
2486000: system.cpu: T0 : 0x4cade    : c_sd a5, 0(a1)             : MemWrite :  D=0xffffffffffffffff A=0x70c40
2486500: system.cpu: T0 : 0x4cae0    : addi a5, zero, 2040        : IntAlu :  D=0x00000000000007f8
2487000: system.cpu: T0 : 0x4cae4    : c_sdsp s0, 16(sp)          : MemWrite :  D=0x000000000006eaf8 A=0x7ffffffffffffd90
2487500: system.cpu: T0 : 0x4cae6    : c_sdsp s1, 8(sp)           : MemWrite :  D=0x0000000000000001 A=0x7ffffffffffffd88
2488000: system.cpu: T0 : 0x4cae8    : c_sdsp ra, 24(sp)          : MemWrite :  D=0x0000000000010428 A=0x7ffffffffffffd98
2488500: system.cpu: T0 : 0x4caea    : c_sd a2, 8(a1)             : MemWrite :  D=0x0000000000000000 A=0x70c48
2489000: system.cpu: T0 : 0x4caec    : c_sd a3, 16(a1)            : MemWrite :  D=0x0000000000000000 A=0x70c50
2489500: system.cpu: T0 : 0x4caee    : c_sd a0, 24(a1)            : MemWrite :  D=0x000000000006a8c0 A=0x70c58
2490000: system.cpu: T0 : 0x4caf0    : c_sd a5, 32(a1)            : MemWrite :  D=0x00000000000007f8 A=0x70c60
2491000: system.cpu: T0 : 0x4caf2    : auipc s1, 36               : IntAlu :  D=0x0000000000070af2
2492000: system.cpu: T0 : 0x4caf6    : ld s1, -746(s1)            : MemRead :  D=0x0000000000000000 A=0x70808
2492500: system.cpu: T0 : 0x4cafa    : c_mv s0, a1                : IntAlu :  D=0x0000000000070c40
2493000: system.cpu: T0 : 0x4cafc    : c_beqz s1, 20              : IntAlu : 
2493500: system.cpu: T0 : 0x4cb10    : addi a5, gp, 1944          : IntAlu :  D=0x00000000000717c8
2494000: system.cpu: T0 : 0x4cb14    : ld a3, 448(a5)             : MemRead :  D=0x0000000000000000 A=0x71988
2494500: system.cpu: T0 : 0x4cb18    : lw a4, 456(a5)             : MemRead :  D=0x0000000000000000 A=0x71990
2495000: system.cpu: T0 : 0x4cb1c    : sd s0, 448(a5)             : MemWrite :  D=0x0000000000070c40 A=0x71988
2495500: system.cpu: T0 : 0x4cb20    : c_sd a3, 40(s0)            : MemWrite :  D=0x0000000000000000 A=0x70c68
2496000: system.cpu: T0 : 0x4cb22    : c_beqz a4, 30              : IntAlu : 
2496500: system.cpu: T0 : 0x4cb40    : c_li a4, 1                 : IntAlu :  D=0x0000000000000001
2497500: system.cpu: T0 : 0x4cb42    : addi a5, a5, 456           : IntAlu :  D=0x0000000000071990
2498500: system.cpu: T0 : 0x4cb46    : amoswap_w zero, a4, (a5)  
2498500: system.cpu: T0 : 0x4cb46. 0 : amoswap_w[l] zero, a4, (a5) : MemRead :  D=0x0000000000000000 A=0x71990
2499000: system.cpu: T0 : 0x4cb4a    : c_bnez s1, -36             : IntAlu : 
2499500: system.cpu: T0 : 0x4cb4c    : c_ldsp ra, 24(sp)          : MemRead :  D=0x0000000000010428 A=0x7ffffffffffffd98
2500000: system.cpu: T0 : 0x4cb4e    : c_ldsp s0, 16(sp)          : MemRead :  D=0x000000000006eaf8 A=0x7ffffffffffffd90
2500500: system.cpu: T0 : 0x4cb50    : c_ldsp s1, 8(sp)           : MemRead :  D=0x0000000000000001 A=0x7ffffffffffffd88
2501000: system.cpu: T0 : 0x4cb52    : c_addi16sp sp, 32          : IntAlu :  D=0x7ffffffffffffda0
2501500: system.cpu: T0 : 0x4cb54    : c_jr ra                    : IntAlu : 
2502000: system.cpu: T0 : 0x10428    : c_ldsp ra, 8(sp)           : MemRead :  D=0x00000000000110fa A=0x7ffffffffffffda8
2502500: system.cpu: T0 : 0x1042a    : c_addi sp, 16              : IntAlu :  D=0x7ffffffffffffdb0
2503000: system.cpu: T0 : 0x1042c    : c_j -134                   : IntAlu : 
2504000: system.cpu: T0 : 0x103a6    : lui a0, 112                : IntAlu :  D=0x0000000000070000
2505000: system.cpu: T0 : 0x103aa    : addi a1, a0, 2032          : IntAlu :  D=0x00000000000707f0
2506000: system.cpu: T0 : 0x103ae    : lui a5, 112                : IntAlu :  D=0x0000000000070000
2507000: system.cpu: T0 : 0x103b2    : addi a5, a5, 2032          : IntAlu :  D=0x00000000000707f0
2507500: system.cpu: T0 : 0x103b6    : c_sub a5, a1               : IntAlu :  D=0x0000000000000000
2508000: system.cpu: T0 : 0x103b8    : srai a4, a5, 3             : IntAlu :  D=0x0000000000000000
2508500: system.cpu: T0 : 0x103bc    : srli a1, a5, 63            : IntAlu :  D=0x0000000000000000
2509000: system.cpu: T0 : 0x103c0    : c_add a1, a4               : IntAlu :  D=0x0000000000000000
2509500: system.cpu: T0 : 0x103c2    : c_srai a1, 1               : IntAlu :  D=0x0000000000000000
2510000: system.cpu: T0 : 0x103c4    : c_beqz a1, 16              : IntAlu : 
2510500: system.cpu: T0 : 0x103d4    : c_jr ra                    : IntAlu : 
2511000: system.cpu: T0 : 0x110fa    : c_addi s0, 8               : IntAlu :  D=0x000000000006eb00
2511500: system.cpu: T0 : 0x110fc    : bne s5, s1, -14            : IntAlu : 
2512000: system.cpu: T0 : 0x11100    : c_ldsp ra, 56(sp)          : MemRead :  D=0x0000000000010d1a A=0x7ffffffffffffde8
2512500: system.cpu: T0 : 0x11102    : c_ldsp s0, 48(sp)          : MemRead :  D=0x0000000000011082 A=0x7ffffffffffffde0
2513000: system.cpu: T0 : 0x11104    : c_ldsp s1, 40(sp)          : MemRead :  D=0x0000000000011112 A=0x7ffffffffffffdd8
2513500: system.cpu: T0 : 0x11106    : c_ldsp s2, 32(sp)          : MemRead :  D=0x0000000000000000 A=0x7ffffffffffffdd0
2514000: system.cpu: T0 : 0x11108    : c_ldsp s3, 24(sp)          : MemRead :  D=0x0000000000000000 A=0x7ffffffffffffdc8
2514500: system.cpu: T0 : 0x1110a    : c_ldsp s4, 16(sp)          : MemRead :  D=0x0000000000000000 A=0x7ffffffffffffdc0
2515000: system.cpu: T0 : 0x1110c    : c_ldsp s5, 8(sp)           : MemRead :  D=0x0000000000000000 A=0x7ffffffffffffdb8
2515500: system.cpu: T0 : 0x1110e    : c_addi16sp sp, 64          : IntAlu :  D=0x7ffffffffffffdf0
2516000: system.cpu: T0 : 0x11110    : c_jr ra                    : IntAlu : 
2516500: system.cpu: T0 : 0x10d1a    : c_li a1, 0                 : IntAlu :  D=0x0000000000000000
2517000: system.cpu: T0 : 0x10d1c    : c_li a0, 0                 : IntAlu :  D=0x0000000000000000
2518000: system.cpu: T0 : 0x10d1e    : jal ra, 71452              : IntAlu :  D=0x0000000000010d22
2518500: system.cpu: T0 : 0x2243a    : c_mv a4, a0                : IntAlu :  D=0x0000000000000000
2519000: system.cpu: T0 : 0x2243c    : c_beqz a1, 70              : IntAlu : 
2520000: system.cpu: T0 : 0x22482    : lui a5, 114                : IntAlu :  D=0x0000000000072000
2521000: system.cpu: T0 : 0x22486    : addi a0, a5, -456          : IntAlu :  D=0x0000000000071e38
2521500: system.cpu: T0 : 0x2248a    : c_ld a5, 8(a0)             : MemRead :  D=0x0000000000000000 A=0x71e40
2522000: system.cpu: T0 : 0x2248c    : c_bnez a5, -52             : IntAlu : 
2522500: system.cpu: T0 : 0x2248e    : c_li a5, 1                 : IntAlu :  D=0x0000000000000001
2523000: system.cpu: T0 : 0x22490    : c_sw a5, 0(a0)             : MemWrite :  D=0x0000000000000001 A=0x71e38
2523500: system.cpu: T0 : 0x22492    : c_bnez a4, -52             : IntAlu : 
2524000: system.cpu: T0 : 0x22494    : lui a5, 114                : IntAlu :  D=0x0000000000072000
2524500: system.cpu: T0 : 0x22498    : ld a4, -424(a5)            : MemRead :  D=0x0000000000000000 A=0x71e58
2525000: system.cpu: T0 : 0x2249c    : c_j -62                    : IntAlu : 
2526000: system.cpu: T0 : 0x2245e    : slli a5, a1, 3             : IntAlu :  D=0x0000000000000000
2526500: system.cpu: T0 : 0x22462    : c_add a5, a1               : IntAlu :  D=0x0000000000000000
2527000: system.cpu: T0 : 0x22464    : lui a1, 112                : IntAlu :  D=0x0000000000070000
2527500: system.cpu: T0 : 0x22468    : c_slli a5, 4               : IntAlu :  D=0x0000000000000000
2528500: system.cpu: T0 : 0x2246a    : addi a1, a1, 816           : IntAlu :  D=0x0000000000070330
2529000: system.cpu: T0 : 0x2246e    : c_add a1, a5               : IntAlu :  D=0x0000000000070330
2529500: system.cpu: T0 : 0x22470    : c_ld a5, 0(a1)             : MemRead :  D=0x000000000006fe60 A=0x70330
2530000: system.cpu: T0 : 0x22472    : c_sd a4, 32(a0)            : MemWrite :  D=0x0000000000000000 A=0x71e58
2530500: system.cpu: T0 : 0x22474    : c_sd a5, 8(a0)             : MemWrite :  D=0x000000000006fe60 A=0x71e40
2531500: system.cpu: T0 : 0x22476    : lui a5, 34                 : IntAlu :  D=0x0000000000022000
2532500: system.cpu: T0 : 0x2247a    : addi a5, a5, 1080          : IntAlu :  D=0x0000000000022438
2533000: system.cpu: T0 : 0x2247e    : c_sd a5, 16(a0)            : MemWrite :  D=0x0000000000022438 A=0x71e48
2533500: system.cpu: T0 : 0x22480    : c_jr ra                    : IntAlu : 
2534000: system.cpu: T0 : 0x10d22    : c_addi4spn a0, sp, 40      : IntAlu :  D=0x7ffffffffffffe18
2534500: system.cpu: T0 : 0x10d24    : jal ra, 14940              : IntAlu :  D=0x0000000000010d28
2535000: system.cpu: T0 : 0x14780    : c_li a1, 0                 : IntAlu :  D=0x0000000000000000
2535500: system.cpu: T0 : 0x14782    : c_j 6                      : IntAlu : 
2536000: system.cpu: T0 : 0x14788    : sd ra, 0(a0)               : MemWrite :  D=0x0000000000010d28 A=0x7ffffffffffffe18
2536500: system.cpu: T0 : 0x1478c    : c_sd s0, 8(a0)             : MemWrite :  D=0x0000000000011082 A=0x7ffffffffffffe20
2537000: system.cpu: T0 : 0x1478e    : c_sd s1, 16(a0)            : MemWrite :  D=0x0000000000011112 A=0x7ffffffffffffe28
2537500: system.cpu: T0 : 0x14790    : sd s2, 24(a0)              : MemWrite :  D=0x0000000000000000 A=0x7ffffffffffffe30
2538000: system.cpu: T0 : 0x14794    : sd s3, 32(a0)              : MemWrite :  D=0x0000000000000000 A=0x7ffffffffffffe38
2538500: system.cpu: T0 : 0x14798    : sd s4, 40(a0)              : MemWrite :  D=0x0000000000000000 A=0x7ffffffffffffe40
2539000: system.cpu: T0 : 0x1479c    : sd s5, 48(a0)              : MemWrite :  D=0x0000000000000000 A=0x7ffffffffffffe48
2539500: system.cpu: T0 : 0x147a0    : sd s6, 56(a0)              : MemWrite :  D=0x0000000000000000 A=0x7ffffffffffffe50
2540000: system.cpu: T0 : 0x147a4    : sd s7, 64(a0)              : MemWrite :  D=0x0000000000000000 A=0x7ffffffffffffe58
2540500: system.cpu: T0 : 0x147a8    : sd s8, 72(a0)              : MemWrite :  D=0x0000000000000000 A=0x7ffffffffffffe60
2541000: system.cpu: T0 : 0x147ac    : sd s9, 80(a0)              : MemWrite :  D=0x0000000000000000 A=0x7ffffffffffffe68
2541500: system.cpu: T0 : 0x147b0    : sd s10, 88(a0)             : MemWrite :  D=0x0000000000000000 A=0x7ffffffffffffe70
2542000: system.cpu: T0 : 0x147b4    : sd s11, 96(a0)             : MemWrite :  D=0x0000000000000000 A=0x7ffffffffffffe78
2542500: system.cpu: T0 : 0x147b8    : sd sp, 104(a0)             : MemWrite :  D=0x7ffffffffffffdf0 A=0x7ffffffffffffe80
2543000: system.cpu: T0 : 0x147bc    : c_fsd fs0, 112(a0)         : FloatMemWrite :  D=0x0000000000000000 A=0x7ffffffffffffe88
2543500: system.cpu: T0 : 0x147be    : c_fsd fs1, 120(a0)         : FloatMemWrite :  D=0x0000000000000000 A=0x7ffffffffffffe90
2544000: system.cpu: T0 : 0x147c0    : fsd fs2, 128(a0)           : FloatMemWrite :  D=0x0000000000000000 A=0x7ffffffffffffe98
2544500: system.cpu: T0 : 0x147c4    : fsd fs3, 136(a0)           : FloatMemWrite :  D=0x0000000000000000 A=0x7ffffffffffffea0
2545000: system.cpu: T0 : 0x147c8    : fsd fs4, 144(a0)           : FloatMemWrite :  D=0x0000000000000000 A=0x7ffffffffffffea8
2545500: system.cpu: T0 : 0x147cc    : fsd fs5, 152(a0)           : FloatMemWrite :  D=0x0000000000000000 A=0x7ffffffffffffeb0
2546000: system.cpu: T0 : 0x147d0    : fsd fs6, 160(a0)           : FloatMemWrite :  D=0x0000000000000000 A=0x7ffffffffffffeb8
2546500: system.cpu: T0 : 0x147d4    : fsd fs7, 168(a0)           : FloatMemWrite :  D=0x0000000000000000 A=0x7ffffffffffffec0
2547000: system.cpu: T0 : 0x147d8    : fsd fs8, 176(a0)           : FloatMemWrite :  D=0x0000000000000000 A=0x7ffffffffffffec8
2547500: system.cpu: T0 : 0x147dc    : fsd fs9, 184(a0)           : FloatMemWrite :  D=0x0000000000000000 A=0x7ffffffffffffed0
2548000: system.cpu: T0 : 0x147e0    : fsd fs10, 192(a0)          : FloatMemWrite :  D=0x0000000000000000 A=0x7ffffffffffffed8
2548500: system.cpu: T0 : 0x147e4    : fsd fs11, 200(a0)          : FloatMemWrite :  D=0x0000000000000000 A=0x7ffffffffffffee0
2549000: system.cpu: T0 : 0x147e8    : jal zero, 4                : IntAlu :  D=0x00000000000147ec
2549500: system.cpu: T0 : 0x147ec    : c_addi sp, -16             : IntAlu :  D=0x7ffffffffffffde0
2550000: system.cpu: T0 : 0x147ee    : c_sdsp s0, 0(sp)           : MemWrite :  D=0x0000000000011082 A=0x7ffffffffffffde0
2550500: system.cpu: T0 : 0x147f0    : c_sdsp ra, 8(sp)           : MemWrite :  D=0x0000000000010d28 A=0x7ffffffffffffde8
2551000: system.cpu: T0 : 0x147f2    : c_mv s0, a0                : IntAlu :  D=0x7ffffffffffffe18
2551500: system.cpu: T0 : 0x147f4    : c_bnez a1, 16              : IntAlu : 
2552000: system.cpu: T0 : 0x147f6    : c_ldsp ra, 8(sp)           : MemRead :  D=0x0000000000010d28 A=0x7ffffffffffffde8
2552500: system.cpu: T0 : 0x147f8    : sw a1, 208(s0)             : MemWrite :  D=0x0000000000000000 A=0x7ffffffffffffee8
2553000: system.cpu: T0 : 0x147fc    : c_ldsp s0, 0(sp)           : MemRead :  D=0x0000000000011082 A=0x7ffffffffffffde0
2553500: system.cpu: T0 : 0x147fe    : c_li a0, 0                 : IntAlu :  D=0x0000000000000000
2554000: system.cpu: T0 : 0x14800    : c_addi sp, 16              : IntAlu :  D=0x7ffffffffffffdf0
2554500: system.cpu: T0 : 0x14802    : c_jr ra                    : IntAlu : 
2555000: system.cpu: T0 : 0x10d28    : c_bnez a0, 166             : IntAlu : 
2556000: system.cpu: T0 : 0x10d2a    : ld a3, -1552(tp)           : MemRead :  D=0x0000000000000000 A=0x73100
2557000: system.cpu: T0 : 0x10d2e    : ld a4, -1560(tp)           : MemRead :  D=0x0000000000000000 A=0x730f8
2558000: system.cpu: T0 : 0x10d32    : ld a2, -1360(gp)           : MemRead :  D=0x7fffffffffffff48 A=0x70ae0
2558500: system.cpu: T0 : 0x10d36    : c_ldsp a1, 16(sp)          : MemRead :  D=0x7fffffffffffff38 A=0x7ffffffffffffe00
2559000: system.cpu: T0 : 0x10d38    : c_ldsp a0, 8(sp)           : MemRead :  D=0x0000000000000001 A=0x7ffffffffffffdf8
2559500: system.cpu: T0 : 0x10d3a    : c_ldsp a5, 24(sp)          : MemRead :  D=0x0000000000010628 A=0x7ffffffffffffe08
2560000: system.cpu: T0 : 0x10d3c    : c_sdsp a4, 264(sp)         : MemWrite :  D=0x0000000000000000 A=0x7ffffffffffffef8
2560500: system.cpu: T0 : 0x10d3e    : c_sdsp a3, 256(sp)         : MemWrite :  D=0x0000000000000000 A=0x7ffffffffffffef0
2561000: system.cpu: T0 : 0x10d40    : c_addi4spn a4, sp, 40      : IntAlu :  D=0x7ffffffffffffe18
2562000: system.cpu: T0 : 0x10d42    : sd a4, -1552(tp)           : MemWrite :  D=0x7ffffffffffffe18 A=0x73100
2562500: system.cpu: T0 : 0x10d46    : c_jalr a5                  : IntAlu :  D=0x0000000000010d48
2563000: system.cpu: T0 : 0x10628    : c_addi sp, -32             : IntAlu :  D=0x7ffffffffffffdd0
2563500: system.cpu: T0 : 0x1062a    : c_sdsp ra, 24(sp)          : MemWrite :  D=0x0000000000010d48 A=0x7ffffffffffffde8
2564000: system.cpu: T0 : 0x1062c    : c_sdsp s0, 16(sp)          : MemWrite :  D=0x0000000000011082 A=0x7ffffffffffffde0
2564500: system.cpu: T0 : 0x1062e    : c_addi4spn s0, sp, 32      : IntAlu :  D=0x7ffffffffffffdf0
2565000: system.cpu: T0 : 0x10630    : c_li a5, 8                 : IntAlu :  D=0x0000000000000008
2566000: system.cpu: T0 : 0x10632    : sw a5, -28(s0)             : MemWrite :  D=0x0000000000000008 A=0x7ffffffffffffdd4
2567000: system.cpu: T0 : 0x10636    : sw zero, -32(s0)           : MemWrite :  D=0x0000000000000000 A=0x7ffffffffffffdd0
2567500: system.cpu: T0 : 0x1063a    : c_j 76                     : IntAlu : 
2568500: system.cpu: T0 : 0x10686    : lw a4, -32(s0)             : MemRead :  D=0x0000000000000000 A=0x7ffffffffffffdd0
2569500: system.cpu: T0 : 0x1068a    : lw a5, -28(s0)             : MemRead :  D=0x0000000000000008 A=0x7ffffffffffffdd4
2570000: system.cpu: T0 : 0x1068e    : c_addiw a4, 0              : IntAlu :  D=0x0000000000000000
2570500: system.cpu: T0 : 0x10690    : c_addiw a5, 0              : IntAlu :  D=0x0000000000000008
2571500: system.cpu: T0 : 0x10692    : blt a4, a5, -86            : IntAlu : 
2572000: system.cpu: T0 : 0x1063c    : lw a5, -32(s0)             : MemRead :  D=0x0000000000000000 A=0x7ffffffffffffdd0
2572500: system.cpu: T0 : 0x10640    : fcvt_d_w fa4, a5           : FloatCvt :  D=0x0000000000000000
2573000: system.cpu: T0 : 0x10644    : auipc a5, 61               : IntAlu :  D=0x000000000004d644
2573500: system.cpu: T0 : 0x10648    : addi a5, a5, 1172          : IntAlu :  D=0x000000000004dad8
2574000: system.cpu: T0 : 0x1064c    : c_fld fa5, 0(a5)           : FloatMemRead :  D=0x401921f9f01b866e A=0x4dad8
2575000: system.cpu: T0 : 0x1064e    : fmul_d fa4, fa4, fa5       : FloatMult :  D=0x0000000000000000
2576000: system.cpu: T0 : 0x10652    : lw a5, -28(s0)             : MemRead :  D=0x0000000000000008 A=0x7ffffffffffffdd4
2577000: system.cpu: T0 : 0x10656    : fcvt_d_w fa5, a5           : FloatCvt :  D=0x4020000000000000
2578000: system.cpu: T0 : 0x1065a    : fdiv_d fa5, fa4, fa5       : FloatDiv :  D=0x0000000000000000
2579000: system.cpu: T0 : 0x1065e    : fsgnj_d fa0, fa5, fa5      : FloatMisc :  D=0x0000000000000000
2580000: system.cpu: T0 : 0x10662    : jal ra, -112               : IntAlu :  D=0x0000000000010666
2580500: system.cpu: T0 : 0x105f2    : c_addi sp, -32             : IntAlu :  D=0x7ffffffffffffdb0
2581000: system.cpu: T0 : 0x105f4    : c_sdsp ra, 24(sp)          : MemWrite :  D=0x0000000000010666 A=0x7ffffffffffffdc8
2581500: system.cpu: T0 : 0x105f6    : c_sdsp s0, 16(sp)          : MemWrite :  D=0x7ffffffffffffdf0 A=0x7ffffffffffffdc0
2582000: system.cpu: T0 : 0x105f8    : c_addi4spn s0, sp, 32      : IntAlu :  D=0x7ffffffffffffdd0
2583000: system.cpu: T0 : 0x105fa    : fsd fa0, -24(s0)           : FloatMemWrite :  D=0x0000000000000000 A=0x7ffffffffffffdb8
2584000: system.cpu: T0 : 0x105fe    : auipc a5, 61               : IntAlu :  D=0x000000000004d5fe
2585000: system.cpu: T0 : 0x10602    : addi a5, a5, 1274          : IntAlu :  D=0x000000000004daf8
2585500: system.cpu: T0 : 0x10606    : c_fld fa4, 0(a5)           : FloatMemRead :  D=0x3ff921f9f01b866e A=0x4daf8
2586000: system.cpu: T0 : 0x10608    : fld fa5, -24(s0)           : FloatMemRead :  D=0x0000000000000000 A=0x7ffffffffffffdb8
2586500: system.cpu: T0 : 0x1060c    : fsub_d fa5, fa4, fa5       : FloatAdd :  D=0x3ff921f9f01b866e
2587000: system.cpu: T0 : 0x10610    : fsgnj_d fa0, fa5, fa5      : FloatMisc :  D=0x3ff921f9f01b866e
2587500: system.cpu: T0 : 0x10614    : jal ra, -394               : IntAlu :  D=0x0000000000010618
2588000: system.cpu: T0 : 0x1048a    : c_addi16sp sp, -64         : IntAlu :  D=0x7ffffffffffffd70
2588500: system.cpu: T0 : 0x1048c    : c_sdsp ra, 56(sp)          : MemWrite :  D=0x0000000000010618 A=0x7ffffffffffffda8
2589000: system.cpu: T0 : 0x1048e    : c_sdsp s0, 48(sp)          : MemWrite :  D=0x7ffffffffffffdd0 A=0x7ffffffffffffda0
2589500: system.cpu: T0 : 0x10490    : c_addi4spn s0, sp, 64      : IntAlu :  D=0x7ffffffffffffdb0
2590500: system.cpu: T0 : 0x10492    : fsd fa0, -56(s0)           : FloatMemWrite :  D=0x3ff921f9f01b866e A=0x7ffffffffffffd78
2591000: system.cpu: T0 : 0x10496    : c_li a5, 1                 : IntAlu :  D=0x0000000000000001
2591500: system.cpu: T0 : 0x10498    : sw a5, -36(s0)             : MemWrite :  D=0x0000000000000001 A=0x7ffffffffffffd8c
2592000: system.cpu: T0 : 0x1049c    : c_j 24                     : IntAlu : 
2592500: system.cpu: T0 : 0x104b4    : fld fa4, -56(s0)           : FloatMemRead :  D=0x3ff921f9f01b866e A=0x7ffffffffffffd78
2593000: system.cpu: T0 : 0x104b8    : auipc a5, 61               : IntAlu :  D=0x000000000004d4b8
2593500: system.cpu: T0 : 0x104bc    : addi a5, a5, 1568          : IntAlu :  D=0x000000000004dad8
2594000: system.cpu: T0 : 0x104c0    : c_fld fa5, 0(a5)           : FloatMemRead :  D=0x401921f9f01b866e A=0x4dad8
2595000: system.cpu: T0 : 0x104c2    : flt_d a5, fa5, fa4         : FloatCmp :  D=0x0000000000000000
2595500: system.cpu: T0 : 0x104c6    : c_bnez a5, -40             : IntAlu : 
2596000: system.cpu: T0 : 0x104c8    : c_j 24                     : IntAlu : 
2596500: system.cpu: T0 : 0x104e0    : fld fa4, -56(s0)           : FloatMemRead :  D=0x3ff921f9f01b866e A=0x7ffffffffffffd78
2597000: system.cpu: T0 : 0x104e4    : auipc a5, 61               : IntAlu :  D=0x000000000004d4e4
2597500: system.cpu: T0 : 0x104e8    : addi a5, a5, 1532          : IntAlu :  D=0x000000000004dae0
2598000: system.cpu: T0 : 0x104ec    : c_fld fa5, 0(a5)           : FloatMemRead :  D=0xc01921f9f01b866e A=0x4dae0
2599000: system.cpu: T0 : 0x104ee    : flt_d a5, fa4, fa5         : FloatCmp :  D=0x0000000000000000
2599500: system.cpu: T0 : 0x104f2    : c_bnez a5, -40             : IntAlu : 
2600000: system.cpu: T0 : 0x104f4    : fld fa5, -56(s0)           : FloatMemRead :  D=0x3ff921f9f01b866e A=0x7ffffffffffffd78
2600500: system.cpu: T0 : 0x104f8    : fsd fa5, -24(s0)           : FloatMemWrite :  D=0x3ff921f9f01b866e A=0x7ffffffffffffd98
2601000: system.cpu: T0 : 0x104fc    : fld fa5, -24(s0)           : FloatMemRead :  D=0x3ff921f9f01b866e A=0x7ffffffffffffd98
2601500: system.cpu: T0 : 0x10500    : fsd fa5, -32(s0)           : FloatMemWrite :  D=0x3ff921f9f01b866e A=0x7ffffffffffffd90
2602000: system.cpu: T0 : 0x10504    : fld fa5, -56(s0)           : FloatMemRead :  D=0x3ff921f9f01b866e A=0x7ffffffffffffd78
2602500: system.cpu: T0 : 0x10508    : fmul_d fa5, fa5, fa5       : FloatMult :  D=0x4003bd3a9a4a6287
2603000: system.cpu: T0 : 0x1050c    : fsgnjn_d fa4, fa5, fa5     : FloatMisc :  D=0xc003bd3a9a4a6287
2603500: system.cpu: T0 : 0x10510    : fld fa5, -24(s0)           : FloatMemRead :  D=0x3ff921f9f01b866e A=0x7ffffffffffffd98
2604000: system.cpu: T0 : 0x10514    : fmul_d fa4, fa4, fa5       : FloatMult :  D=0xc00f0196330ad8ba
2604500: system.cpu: T0 : 0x10518    : lw a5, -36(s0)             : MemRead :  D=0x0000000000000001 A=0x7ffffffffffffd8c
2605000: system.cpu: T0 : 0x1051c    : fcvt_d_w fa5, a5           : FloatCvt :  D=0x3ff0000000000000
2605500: system.cpu: T0 : 0x10520    : fadd_d fa3, fa5, fa5       : FloatAdd :  D=0x4000000000000000
2606000: system.cpu: T0 : 0x10524    : lw a5, -36(s0)             : MemRead :  D=0x0000000000000001 A=0x7ffffffffffffd8c
2606500: system.cpu: T0 : 0x10528    : fcvt_d_w fa5, a5           : FloatCvt :  D=0x3ff0000000000000
2607000: system.cpu: T0 : 0x1052c    : fadd_d fa2, fa5, fa5       : FloatAdd :  D=0x4000000000000000
2607500: system.cpu: T0 : 0x10530    : auipc a5, 61               : IntAlu :  D=0x000000000004d530
2608000: system.cpu: T0 : 0x10534    : addi a5, a5, 1464          : IntAlu :  D=0x000000000004dae8
2608500: system.cpu: T0 : 0x10538    : c_fld fa5, 0(a5)           : FloatMemRead :  D=0x3ff0000000000000 A=0x4dae8
2609500: system.cpu: T0 : 0x1053a    : fadd_d fa5, fa2, fa5       : FloatAdd :  D=0x4008000000000000
2610500: system.cpu: T0 : 0x1053e    : fmul_d fa5, fa3, fa5       : FloatMult :  D=0x4018000000000000
2611500: system.cpu: T0 : 0x10542    : fdiv_d fa5, fa4, fa5       : FloatDiv :  D=0xbfe4abb9775c907c
2612500: system.cpu: T0 : 0x10546    : fsd fa5, -24(s0)           : FloatMemWrite :  D=0xbfe4abb9775c907c A=0x7ffffffffffffd98
2613500: system.cpu: T0 : 0x1054a    : fld fa4, -32(s0)           : FloatMemRead :  D=0x3ff921f9f01b866e A=0x7ffffffffffffd90
2614500: system.cpu: T0 : 0x1054e    : fld fa5, -24(s0)           : FloatMemRead :  D=0xbfe4abb9775c907c A=0x7ffffffffffffd98
2615500: system.cpu: T0 : 0x10552    : fadd_d fa5, fa4, fa5       : FloatAdd :  D=0x3fed983a68da7c60
2616500: system.cpu: T0 : 0x10556    : fsd fa5, -32(s0)           : FloatMemWrite :  D=0x3fed983a68da7c60 A=0x7ffffffffffffd90
2617500: system.cpu: T0 : 0x1055a    : lw a5, -36(s0)             : MemRead :  D=0x0000000000000001 A=0x7ffffffffffffd8c
2618000: system.cpu: T0 : 0x1055e    : c_addiw a5, 1              : IntAlu :  D=0x0000000000000002
2618500: system.cpu: T0 : 0x10560    : sw a5, -36(s0)             : MemWrite :  D=0x0000000000000002 A=0x7ffffffffffffd8c
2619000: system.cpu: T0 : 0x10564    : c_j 98                     : IntAlu : 
2620000: system.cpu: T0 : 0x105c6    : fld fa0, -24(s0)           : FloatMemRead :  D=0xbfe4abb9775c907c A=0x7ffffffffffffd98
2621000: system.cpu: T0 : 0x105ca    : jal ra, -410               : IntAlu :  D=0x00000000000105ce
2621500: system.cpu: T0 : 0x10430    : c_addi16sp sp, -48         : IntAlu :  D=0x7ffffffffffffd40
2622000: system.cpu: T0 : 0x10432    : c_sdsp s0, 40(sp)          : MemWrite :  D=0x7ffffffffffffdb0 A=0x7ffffffffffffd68
2622500: system.cpu: T0 : 0x10434    : c_addi4spn s0, sp, 48      : IntAlu :  D=0x7ffffffffffffd70
2623500: system.cpu: T0 : 0x10436    : fsd fa0, -40(s0)           : FloatMemWrite :  D=0xbfe4abb9775c907c A=0x7ffffffffffffd48
2624500: system.cpu: T0 : 0x1043a    : fld fa5, -40(s0)           : FloatMemRead :  D=0xbfe4abb9775c907c A=0x7ffffffffffffd48
2625500: system.cpu: T0 : 0x1043e    : fmv_d_x fa4, zero          : FloatCvt :  D=0x0000000000000000
2626500: system.cpu: T0 : 0x10442    : fle_d a5, fa4, fa5         : FloatCmp :  D=0x0000000000000000
2627000: system.cpu: T0 : 0x10446    : c_beqz a5, 12              : IntAlu : 
2628000: system.cpu: T0 : 0x10452    : fld fa5, -40(s0)           : FloatMemRead :  D=0xbfe4abb9775c907c A=0x7ffffffffffffd48
2629000: system.cpu: T0 : 0x10456    : fsgnjn_d fa5, fa5, fa5     : FloatMisc :  D=0x3fe4abb9775c907c
2630000: system.cpu: T0 : 0x1045a    : fsd fa5, -24(s0)           : FloatMemWrite :  D=0x3fe4abb9775c907c A=0x7ffffffffffffd58
2631000: system.cpu: T0 : 0x1045e    : fld fa5, -24(s0)           : FloatMemRead :  D=0x3fe4abb9775c907c A=0x7ffffffffffffd58
2632000: system.cpu: T0 : 0x10462    : fsgnj_d fa0, fa5, fa5      : FloatMisc :  D=0x3fe4abb9775c907c
2632500: system.cpu: T0 : 0x10466    : c_ldsp s0, 40(sp)          : MemRead :  D=0x7ffffffffffffdb0 A=0x7ffffffffffffd68
2633000: system.cpu: T0 : 0x10468    : c_addi16sp sp, 48          : IntAlu :  D=0x7ffffffffffffd70
2633500: system.cpu: T0 : 0x1046a    : c_jr ra                    : IntAlu : 
2634500: system.cpu: T0 : 0x105ce    : fsgnj_d fa4, fa0, fa0      : FloatMisc :  D=0x3fe4abb9775c907c
2635500: system.cpu: T0 : 0x105d2    : auipc a5, 61               : IntAlu :  D=0x000000000004d5d2
2636500: system.cpu: T0 : 0x105d6    : addi a5, a5, 1310          : IntAlu :  D=0x000000000004daf0
2637000: system.cpu: T0 : 0x105da    : c_fld fa5, 0(a5)           : FloatMemRead :  D=0x3ee4f8b588e368f1 A=0x4daf0
2637500: system.cpu: T0 : 0x105dc    : fle_d a5, fa5, fa4         : FloatCmp :  D=0x0000000000000001
2638000: system.cpu: T0 : 0x105e0    : c_bnez a5, -122            : IntAlu : 
2639000: system.cpu: T0 : 0x10566    : fld fa5, -56(s0)           : FloatMemRead :  D=0x3ff921f9f01b866e A=0x7ffffffffffffd78
2640000: system.cpu: T0 : 0x1056a    : fmul_d fa5, fa5, fa5       : FloatMult :  D=0x4003bd3a9a4a6287
2641000: system.cpu: T0 : 0x1056e    : fsgnjn_d fa4, fa5, fa5     : FloatMisc :  D=0xc003bd3a9a4a6287
2642000: system.cpu: T0 : 0x10572    : fld fa5, -24(s0)           : FloatMemRead :  D=0xbfe4abb9775c907c A=0x7ffffffffffffd98
2643000: system.cpu: T0 : 0x10576    : fmul_d fa4, fa4, fa5       : FloatMult :  D=0x3ff980647265244e
2644000: system.cpu: T0 : 0x1057a    : lw a5, -36(s0)             : MemRead :  D=0x0000000000000002 A=0x7ffffffffffffd8c
2645000: system.cpu: T0 : 0x1057e    : fcvt_d_w fa5, a5           : FloatCvt :  D=0x4000000000000000
2646000: system.cpu: T0 : 0x10582    : fadd_d fa3, fa5, fa5       : FloatAdd :  D=0x4010000000000000
2647000: system.cpu: T0 : 0x10586    : lw a5, -36(s0)             : MemRead :  D=0x0000000000000002 A=0x7ffffffffffffd8c
2648000: system.cpu: T0 : 0x1058a    : fcvt_d_w fa5, a5           : FloatCvt :  D=0x4000000000000000
2649000: system.cpu: T0 : 0x1058e    : fadd_d fa2, fa5, fa5       : FloatAdd :  D=0x4010000000000000
2650000: system.cpu: T0 : 0x10592    : auipc a5, 61               : IntAlu :  D=0x000000000004d592
2651000: system.cpu: T0 : 0x10596    : addi a5, a5, 1366          : IntAlu :  D=0x000000000004dae8
2651500: system.cpu: T0 : 0x1059a    : c_fld fa5, 0(a5)           : FloatMemRead :  D=0x3ff0000000000000 A=0x4dae8
2652000: system.cpu: T0 : 0x1059c    : fadd_d fa5, fa2, fa5       : FloatAdd :  D=0x4014000000000000
2652500: system.cpu: T0 : 0x105a0    : fmul_d fa5, fa3, fa5       : FloatMult :  D=0x4034000000000000
2653000: system.cpu: T0 : 0x105a4    : fdiv_d fa5, fa4, fa5       : FloatDiv :  D=0x3fb466b6c1ea8372
2653500: system.cpu: T0 : 0x105a8    : fsd fa5, -24(s0)           : FloatMemWrite :  D=0x3fb466b6c1ea8372 A=0x7ffffffffffffd98
2654000: system.cpu: T0 : 0x105ac    : fld fa4, -32(s0)           : FloatMemRead :  D=0x3fed983a68da7c60 A=0x7ffffffffffffd90
2654500: system.cpu: T0 : 0x105b0    : fld fa5, -24(s0)           : FloatMemRead :  D=0x3fb466b6c1ea8372 A=0x7ffffffffffffd98
2655000: system.cpu: T0 : 0x105b4    : fadd_d fa5, fa4, fa5       : FloatAdd :  D=0x3ff01288a08be667
2655500: system.cpu: T0 : 0x105b8    : fsd fa5, -32(s0)           : FloatMemWrite :  D=0x3ff01288a08be667 A=0x7ffffffffffffd90
2656000: system.cpu: T0 : 0x105bc    : lw a5, -36(s0)             : MemRead :  D=0x0000000000000002 A=0x7ffffffffffffd8c
2656500: system.cpu: T0 : 0x105c0    : c_addiw a5, 1              : IntAlu :  D=0x0000000000000003
2657500: system.cpu: T0 : 0x105c2    : sw a5, -36(s0)             : MemWrite :  D=0x0000000000000003 A=0x7ffffffffffffd8c
2658500: system.cpu: T0 : 0x105c6    : fld fa0, -24(s0)           : FloatMemRead :  D=0x3fb466b6c1ea8372 A=0x7ffffffffffffd98
2659500: system.cpu: T0 : 0x105ca    : jal ra, -410               : IntAlu :  D=0x00000000000105ce
2660000: system.cpu: T0 : 0x10430    : c_addi16sp sp, -48         : IntAlu :  D=0x7ffffffffffffd40
2660500: system.cpu: T0 : 0x10432    : c_sdsp s0, 40(sp)          : MemWrite :  D=0x7ffffffffffffdb0 A=0x7ffffffffffffd68
2661000: system.cpu: T0 : 0x10434    : c_addi4spn s0, sp, 48      : IntAlu :  D=0x7ffffffffffffd70
2662000: system.cpu: T0 : 0x10436    : fsd fa0, -40(s0)           : FloatMemWrite :  D=0x3fb466b6c1ea8372 A=0x7ffffffffffffd48
2663000: system.cpu: T0 : 0x1043a    : fld fa5, -40(s0)           : FloatMemRead :  D=0x3fb466b6c1ea8372 A=0x7ffffffffffffd48
2664000: system.cpu: T0 : 0x1043e    : fmv_d_x fa4, zero          : FloatCvt :  D=0x0000000000000000
2665000: system.cpu: T0 : 0x10442    : fle_d a5, fa4, fa5         : FloatCmp :  D=0x0000000000000001
2665500: system.cpu: T0 : 0x10446    : c_beqz a5, 12              : IntAlu : 
2666000: system.cpu: T0 : 0x10448    : fld fa5, -40(s0)           : FloatMemRead :  D=0x3fb466b6c1ea8372 A=0x7ffffffffffffd48
2666500: system.cpu: T0 : 0x1044c    : fsd fa5, -24(s0)           : FloatMemWrite :  D=0x3fb466b6c1ea8372 A=0x7ffffffffffffd58
2667000: system.cpu: T0 : 0x10450    : c_j 14                     : IntAlu : 
2668000: system.cpu: T0 : 0x1045e    : fld fa5, -24(s0)           : FloatMemRead :  D=0x3fb466b6c1ea8372 A=0x7ffffffffffffd58
2669000: system.cpu: T0 : 0x10462    : fsgnj_d fa0, fa5, fa5      : FloatMisc :  D=0x3fb466b6c1ea8372
2669500: system.cpu: T0 : 0x10466    : c_ldsp s0, 40(sp)          : MemRead :  D=0x7ffffffffffffdb0 A=0x7ffffffffffffd68
2670000: system.cpu: T0 : 0x10468    : c_addi16sp sp, 48          : IntAlu :  D=0x7ffffffffffffd70
2670500: system.cpu: T0 : 0x1046a    : c_jr ra                    : IntAlu : 
2671500: system.cpu: T0 : 0x105ce    : fsgnj_d fa4, fa0, fa0      : FloatMisc :  D=0x3fb466b6c1ea8372
2672500: system.cpu: T0 : 0x105d2    : auipc a5, 61               : IntAlu :  D=0x000000000004d5d2
2673500: system.cpu: T0 : 0x105d6    : addi a5, a5, 1310          : IntAlu :  D=0x000000000004daf0
2674000: system.cpu: T0 : 0x105da    : c_fld fa5, 0(a5)           : FloatMemRead :  D=0x3ee4f8b588e368f1 A=0x4daf0
2674500: system.cpu: T0 : 0x105dc    : fle_d a5, fa5, fa4         : FloatCmp :  D=0x0000000000000001
2675000: system.cpu: T0 : 0x105e0    : c_bnez a5, -122            : IntAlu : 
2676000: system.cpu: T0 : 0x10566    : fld fa5, -56(s0)           : FloatMemRead :  D=0x3ff921f9f01b866e A=0x7ffffffffffffd78
2677000: system.cpu: T0 : 0x1056a    : fmul_d fa5, fa5, fa5       : FloatMult :  D=0x4003bd3a9a4a6287
2678000: system.cpu: T0 : 0x1056e    : fsgnjn_d fa4, fa5, fa5     : FloatMisc :  D=0xc003bd3a9a4a6287
2679000: system.cpu: T0 : 0x10572    : fld fa5, -24(s0)           : FloatMemRead :  D=0x3fb466b6c1ea8372 A=0x7ffffffffffffd98
2680000: system.cpu: T0 : 0x10576    : fmul_d fa4, fa4, fa5       : FloatMult :  D=0xbfc92b410e2b14f3
2681000: system.cpu: T0 : 0x1057a    : lw a5, -36(s0)             : MemRead :  D=0x0000000000000003 A=0x7ffffffffffffd8c
2682000: system.cpu: T0 : 0x1057e    : fcvt_d_w fa5, a5           : FloatCvt :  D=0x4008000000000000
2683000: system.cpu: T0 : 0x10582    : fadd_d fa3, fa5, fa5       : FloatAdd :  D=0x4018000000000000
2684000: system.cpu: T0 : 0x10586    : lw a5, -36(s0)             : MemRead :  D=0x0000000000000003 A=0x7ffffffffffffd8c
2685000: system.cpu: T0 : 0x1058a    : fcvt_d_w fa5, a5           : FloatCvt :  D=0x4008000000000000
2686000: system.cpu: T0 : 0x1058e    : fadd_d fa2, fa5, fa5       : FloatAdd :  D=0x4018000000000000
2687000: system.cpu: T0 : 0x10592    : auipc a5, 61               : IntAlu :  D=0x000000000004d592
2688000: system.cpu: T0 : 0x10596    : addi a5, a5, 1366          : IntAlu :  D=0x000000000004dae8
2688500: system.cpu: T0 : 0x1059a    : c_fld fa5, 0(a5)           : FloatMemRead :  D=0x3ff0000000000000 A=0x4dae8
2689000: system.cpu: T0 : 0x1059c    : fadd_d fa5, fa2, fa5       : FloatAdd :  D=0x401c000000000000
2689500: system.cpu: T0 : 0x105a0    : fmul_d fa5, fa3, fa5       : FloatMult :  D=0x4045000000000000
2690000: system.cpu: T0 : 0x105a4    : fdiv_d fa5, fa4, fa5       : FloatDiv :  D=0xbf732d256020d302
2690500: system.cpu: T0 : 0x105a8    : fsd fa5, -24(s0)           : FloatMemWrite :  D=0xbf732d256020d302 A=0x7ffffffffffffd98
2691000: system.cpu: T0 : 0x105ac    : fld fa4, -32(s0)           : FloatMemRead :  D=0x3ff01288a08be667 A=0x7ffffffffffffd90
2691500: system.cpu: T0 : 0x105b0    : fld fa5, -24(s0)           : FloatMemRead :  D=0xbf732d256020d302 A=0x7ffffffffffffd98
2692000: system.cpu: T0 : 0x105b4    : fadd_d fa5, fa4, fa5       : FloatAdd :  D=0x3feffeb6f6578b28
2692500: system.cpu: T0 : 0x105b8    : fsd fa5, -32(s0)           : FloatMemWrite :  D=0x3feffeb6f6578b28 A=0x7ffffffffffffd90
2693000: system.cpu: T0 : 0x105bc    : lw a5, -36(s0)             : MemRead :  D=0x0000000000000003 A=0x7ffffffffffffd8c
2693500: system.cpu: T0 : 0x105c0    : c_addiw a5, 1              : IntAlu :  D=0x0000000000000004
2694500: system.cpu: T0 : 0x105c2    : sw a5, -36(s0)             : MemWrite :  D=0x0000000000000004 A=0x7ffffffffffffd8c
2695500: system.cpu: T0 : 0x105c6    : fld fa0, -24(s0)           : FloatMemRead :  D=0xbf732d256020d302 A=0x7ffffffffffffd98
2696500: system.cpu: T0 : 0x105ca    : jal ra, -410               : IntAlu :  D=0x00000000000105ce
2697000: system.cpu: T0 : 0x10430    : c_addi16sp sp, -48         : IntAlu :  D=0x7ffffffffffffd40
2697500: system.cpu: T0 : 0x10432    : c_sdsp s0, 40(sp)          : MemWrite :  D=0x7ffffffffffffdb0 A=0x7ffffffffffffd68
2698000: system.cpu: T0 : 0x10434    : c_addi4spn s0, sp, 48      : IntAlu :  D=0x7ffffffffffffd70
2699000: system.cpu: T0 : 0x10436    : fsd fa0, -40(s0)           : FloatMemWrite :  D=0xbf732d256020d302 A=0x7ffffffffffffd48
2700000: system.cpu: T0 : 0x1043a    : fld fa5, -40(s0)           : FloatMemRead :  D=0xbf732d256020d302 A=0x7ffffffffffffd48
2701000: system.cpu: T0 : 0x1043e    : fmv_d_x fa4, zero          : FloatCvt :  D=0x0000000000000000
2702000: system.cpu: T0 : 0x10442    : fle_d a5, fa4, fa5         : FloatCmp :  D=0x0000000000000000
2702500: system.cpu: T0 : 0x10446    : c_beqz a5, 12              : IntAlu : 
2703500: system.cpu: T0 : 0x10452    : fld fa5, -40(s0)           : FloatMemRead :  D=0xbf732d256020d302 A=0x7ffffffffffffd48
2704500: system.cpu: T0 : 0x10456    : fsgnjn_d fa5, fa5, fa5     : FloatMisc :  D=0x3f732d256020d302
2705500: system.cpu: T0 : 0x1045a    : fsd fa5, -24(s0)           : FloatMemWrite :  D=0x3f732d256020d302 A=0x7ffffffffffffd58
2706500: system.cpu: T0 : 0x1045e    : fld fa5, -24(s0)           : FloatMemRead :  D=0x3f732d256020d302 A=0x7ffffffffffffd58
2707500: system.cpu: T0 : 0x10462    : fsgnj_d fa0, fa5, fa5      : FloatMisc :  D=0x3f732d256020d302
2708000: system.cpu: T0 : 0x10466    : c_ldsp s0, 40(sp)          : MemRead :  D=0x7ffffffffffffdb0 A=0x7ffffffffffffd68
2708500: system.cpu: T0 : 0x10468    : c_addi16sp sp, 48          : IntAlu :  D=0x7ffffffffffffd70
2709000: system.cpu: T0 : 0x1046a    : c_jr ra                    : IntAlu : 
2710000: system.cpu: T0 : 0x105ce    : fsgnj_d fa4, fa0, fa0      : FloatMisc :  D=0x3f732d256020d302
2711000: system.cpu: T0 : 0x105d2    : auipc a5, 61               : IntAlu :  D=0x000000000004d5d2
2712000: system.cpu: T0 : 0x105d6    : addi a5, a5, 1310          : IntAlu :  D=0x000000000004daf0
2712500: system.cpu: T0 : 0x105da    : c_fld fa5, 0(a5)           : FloatMemRead :  D=0x3ee4f8b588e368f1 A=0x4daf0
2713000: system.cpu: T0 : 0x105dc    : fle_d a5, fa5, fa4         : FloatCmp :  D=0x0000000000000001
2713500: system.cpu: T0 : 0x105e0    : c_bnez a5, -122            : IntAlu : 
2714500: system.cpu: T0 : 0x10566    : fld fa5, -56(s0)           : FloatMemRead :  D=0x3ff921f9f01b866e A=0x7ffffffffffffd78
2715500: system.cpu: T0 : 0x1056a    : fmul_d fa5, fa5, fa5       : FloatMult :  D=0x4003bd3a9a4a6287
2716500: system.cpu: T0 : 0x1056e    : fsgnjn_d fa4, fa5, fa5     : FloatMisc :  D=0xc003bd3a9a4a6287
2717500: system.cpu: T0 : 0x10572    : fld fa5, -24(s0)           : FloatMemRead :  D=0xbf732d256020d302 A=0x7ffffffffffffd98
2718500: system.cpu: T0 : 0x10576    : fmul_d fa4, fa4, fa5       : FloatMult :  D=0x3f87a867e839a966
2719500: system.cpu: T0 : 0x1057a    : lw a5, -36(s0)             : MemRead :  D=0x0000000000000004 A=0x7ffffffffffffd8c
2720500: system.cpu: T0 : 0x1057e    : fcvt_d_w fa5, a5           : FloatCvt :  D=0x4010000000000000
2721500: system.cpu: T0 : 0x10582    : fadd_d fa3, fa5, fa5       : FloatAdd :  D=0x4020000000000000
2722500: system.cpu: T0 : 0x10586    : lw a5, -36(s0)             : MemRead :  D=0x0000000000000004 A=0x7ffffffffffffd8c
2723500: system.cpu: T0 : 0x1058a    : fcvt_d_w fa5, a5           : FloatCvt :  D=0x4010000000000000
2724500: system.cpu: T0 : 0x1058e    : fadd_d fa2, fa5, fa5       : FloatAdd :  D=0x4020000000000000
2725500: system.cpu: T0 : 0x10592    : auipc a5, 61               : IntAlu :  D=0x000000000004d592
2726500: system.cpu: T0 : 0x10596    : addi a5, a5, 1366          : IntAlu :  D=0x000000000004dae8
2727000: system.cpu: T0 : 0x1059a    : c_fld fa5, 0(a5)           : FloatMemRead :  D=0x3ff0000000000000 A=0x4dae8
2727500: system.cpu: T0 : 0x1059c    : fadd_d fa5, fa2, fa5       : FloatAdd :  D=0x4022000000000000
2728000: system.cpu: T0 : 0x105a0    : fmul_d fa5, fa3, fa5       : FloatMult :  D=0x4052000000000000
2728500: system.cpu: T0 : 0x105a4    : fdiv_d fa5, fa4, fa5       : FloatDiv :  D=0x3f250778ce6c24cc
2729000: system.cpu: T0 : 0x105a8    : fsd fa5, -24(s0)           : FloatMemWrite :  D=0x3f250778ce6c24cc A=0x7ffffffffffffd98
2729500: system.cpu: T0 : 0x105ac    : fld fa4, -32(s0)           : FloatMemRead :  D=0x3feffeb6f6578b28 A=0x7ffffffffffffd90
2730000: system.cpu: T0 : 0x105b0    : fld fa5, -24(s0)           : FloatMemRead :  D=0x3f250778ce6c24cc A=0x7ffffffffffffd98
2730500: system.cpu: T0 : 0x105b4    : fadd_d fa5, fa4, fa5       : FloatAdd :  D=0x3ff00003b6f238f5
2731000: system.cpu: T0 : 0x105b8    : fsd fa5, -32(s0)           : FloatMemWrite :  D=0x3ff00003b6f238f5 A=0x7ffffffffffffd90
2731500: system.cpu: T0 : 0x105bc    : lw a5, -36(s0)             : MemRead :  D=0x0000000000000004 A=0x7ffffffffffffd8c
2732000: system.cpu: T0 : 0x105c0    : c_addiw a5, 1              : IntAlu :  D=0x0000000000000005
2733000: system.cpu: T0 : 0x105c2    : sw a5, -36(s0)             : MemWrite :  D=0x0000000000000005 A=0x7ffffffffffffd8c
2734000: system.cpu: T0 : 0x105c6    : fld fa0, -24(s0)           : FloatMemRead :  D=0x3f250778ce6c24cc A=0x7ffffffffffffd98
2735000: system.cpu: T0 : 0x105ca    : jal ra, -410               : IntAlu :  D=0x00000000000105ce
2735500: system.cpu: T0 : 0x10430    : c_addi16sp sp, -48         : IntAlu :  D=0x7ffffffffffffd40
2736000: system.cpu: T0 : 0x10432    : c_sdsp s0, 40(sp)          : MemWrite :  D=0x7ffffffffffffdb0 A=0x7ffffffffffffd68
2736500: system.cpu: T0 : 0x10434    : c_addi4spn s0, sp, 48      : IntAlu :  D=0x7ffffffffffffd70
2737500: system.cpu: T0 : 0x10436    : fsd fa0, -40(s0)           : FloatMemWrite :  D=0x3f250778ce6c24cc A=0x7ffffffffffffd48
2738500: system.cpu: T0 : 0x1043a    : fld fa5, -40(s0)           : FloatMemRead :  D=0x3f250778ce6c24cc A=0x7ffffffffffffd48
2739500: system.cpu: T0 : 0x1043e    : fmv_d_x fa4, zero          : FloatCvt :  D=0x0000000000000000
2740500: system.cpu: T0 : 0x10442    : fle_d a5, fa4, fa5         : FloatCmp :  D=0x0000000000000001
2741000: system.cpu: T0 : 0x10446    : c_beqz a5, 12              : IntAlu : 
2741500: system.cpu: T0 : 0x10448    : fld fa5, -40(s0)           : FloatMemRead :  D=0x3f250778ce6c24cc A=0x7ffffffffffffd48
2742000: system.cpu: T0 : 0x1044c    : fsd fa5, -24(s0)           : FloatMemWrite :  D=0x3f250778ce6c24cc A=0x7ffffffffffffd58
2742500: system.cpu: T0 : 0x10450    : c_j 14                     : IntAlu : 
2743500: system.cpu: T0 : 0x1045e    : fld fa5, -24(s0)           : FloatMemRead :  D=0x3f250778ce6c24cc A=0x7ffffffffffffd58
2744500: system.cpu: T0 : 0x10462    : fsgnj_d fa0, fa5, fa5      : FloatMisc :  D=0x3f250778ce6c24cc
2745000: system.cpu: T0 : 0x10466    : c_ldsp s0, 40(sp)          : MemRead :  D=0x7ffffffffffffdb0 A=0x7ffffffffffffd68
2745500: system.cpu: T0 : 0x10468    : c_addi16sp sp, 48          : IntAlu :  D=0x7ffffffffffffd70
2746000: system.cpu: T0 : 0x1046a    : c_jr ra                    : IntAlu : 
2747000: system.cpu: T0 : 0x105ce    : fsgnj_d fa4, fa0, fa0      : FloatMisc :  D=0x3f250778ce6c24cc
2748000: system.cpu: T0 : 0x105d2    : auipc a5, 61               : IntAlu :  D=0x000000000004d5d2
2749000: system.cpu: T0 : 0x105d6    : addi a5, a5, 1310          : IntAlu :  D=0x000000000004daf0
2749500: system.cpu: T0 : 0x105da    : c_fld fa5, 0(a5)           : FloatMemRead :  D=0x3ee4f8b588e368f1 A=0x4daf0
2750000: system.cpu: T0 : 0x105dc    : fle_d a5, fa5, fa4         : FloatCmp :  D=0x0000000000000001
2750500: system.cpu: T0 : 0x105e0    : c_bnez a5, -122            : IntAlu : 
2751500: system.cpu: T0 : 0x10566    : fld fa5, -56(s0)           : FloatMemRead :  D=0x3ff921f9f01b866e A=0x7ffffffffffffd78
2752500: system.cpu: T0 : 0x1056a    : fmul_d fa5, fa5, fa5       : FloatMult :  D=0x4003bd3a9a4a6287
2753500: system.cpu: T0 : 0x1056e    : fsgnjn_d fa4, fa5, fa5     : FloatMisc :  D=0xc003bd3a9a4a6287
2754500: system.cpu: T0 : 0x10572    : fld fa5, -24(s0)           : FloatMemRead :  D=0x3f250778ce6c24cc A=0x7ffffffffffffd98
2755500: system.cpu: T0 : 0x10576    : fmul_d fa4, fa4, fa5       : FloatMult :  D=0xbf39f194be06643e
2756500: system.cpu: T0 : 0x1057a    : lw a5, -36(s0)             : MemRead :  D=0x0000000000000005 A=0x7ffffffffffffd8c
2757500: system.cpu: T0 : 0x1057e    : fcvt_d_w fa5, a5           : FloatCvt :  D=0x4014000000000000
2758500: system.cpu: T0 : 0x10582    : fadd_d fa3, fa5, fa5       : FloatAdd :  D=0x4024000000000000
2759500: system.cpu: T0 : 0x10586    : lw a5, -36(s0)             : MemRead :  D=0x0000000000000005 A=0x7ffffffffffffd8c
2760500: system.cpu: T0 : 0x1058a    : fcvt_d_w fa5, a5           : FloatCvt :  D=0x4014000000000000
2761500: system.cpu: T0 : 0x1058e    : fadd_d fa2, fa5, fa5       : FloatAdd :  D=0x4024000000000000
2762500: system.cpu: T0 : 0x10592    : auipc a5, 61               : IntAlu :  D=0x000000000004d592
2763500: system.cpu: T0 : 0x10596    : addi a5, a5, 1366          : IntAlu :  D=0x000000000004dae8
2764000: system.cpu: T0 : 0x1059a    : c_fld fa5, 0(a5)           : FloatMemRead :  D=0x3ff0000000000000 A=0x4dae8
2764500: system.cpu: T0 : 0x1059c    : fadd_d fa5, fa2, fa5       : FloatAdd :  D=0x4026000000000000
2765000: system.cpu: T0 : 0x105a0    : fmul_d fa5, fa3, fa5       : FloatMult :  D=0x405b800000000000
2765500: system.cpu: T0 : 0x105a4    : fdiv_d fa5, fa4, fa5       : FloatDiv :  D=0xbece30629bf4d1bd
2766000: system.cpu: T0 : 0x105a8    : fsd fa5, -24(s0)           : FloatMemWrite :  D=0xbece30629bf4d1bd A=0x7ffffffffffffd98
2766500: system.cpu: T0 : 0x105ac    : fld fa4, -32(s0)           : FloatMemRead :  D=0x3ff00003b6f238f5 A=0x7ffffffffffffd90
2767000: system.cpu: T0 : 0x105b0    : fld fa5, -24(s0)           : FloatMemRead :  D=0xbece30629bf4d1bd A=0x7ffffffffffffd98
2767500: system.cpu: T0 : 0x105b4    : fadd_d fa5, fa4, fa5       : FloatAdd :  D=0x3fefffffe1cbcaed
2768000: system.cpu: T0 : 0x105b8    : fsd fa5, -32(s0)           : FloatMemWrite :  D=0x3fefffffe1cbcaed A=0x7ffffffffffffd90
2768500: system.cpu: T0 : 0x105bc    : lw a5, -36(s0)             : MemRead :  D=0x0000000000000005 A=0x7ffffffffffffd8c
2769000: system.cpu: T0 : 0x105c0    : c_addiw a5, 1              : IntAlu :  D=0x0000000000000006
2770000: system.cpu: T0 : 0x105c2    : sw a5, -36(s0)             : MemWrite :  D=0x0000000000000006 A=0x7ffffffffffffd8c
2771000: system.cpu: T0 : 0x105c6    : fld fa0, -24(s0)           : FloatMemRead :  D=0xbece30629bf4d1bd A=0x7ffffffffffffd98
2772000: system.cpu: T0 : 0x105ca    : jal ra, -410               : IntAlu :  D=0x00000000000105ce
2772500: system.cpu: T0 : 0x10430    : c_addi16sp sp, -48         : IntAlu :  D=0x7ffffffffffffd40
2773000: system.cpu: T0 : 0x10432    : c_sdsp s0, 40(sp)          : MemWrite :  D=0x7ffffffffffffdb0 A=0x7ffffffffffffd68
2773500: system.cpu: T0 : 0x10434    : c_addi4spn s0, sp, 48      : IntAlu :  D=0x7ffffffffffffd70
2774500: system.cpu: T0 : 0x10436    : fsd fa0, -40(s0)           : FloatMemWrite :  D=0xbece30629bf4d1bd A=0x7ffffffffffffd48
2775500: system.cpu: T0 : 0x1043a    : fld fa5, -40(s0)           : FloatMemRead :  D=0xbece30629bf4d1bd A=0x7ffffffffffffd48
2776500: system.cpu: T0 : 0x1043e    : fmv_d_x fa4, zero          : FloatCvt :  D=0x0000000000000000
2777500: system.cpu: T0 : 0x10442    : fle_d a5, fa4, fa5         : FloatCmp :  D=0x0000000000000000
2778000: system.cpu: T0 : 0x10446    : c_beqz a5, 12              : IntAlu : 
2779000: system.cpu: T0 : 0x10452    : fld fa5, -40(s0)           : FloatMemRead :  D=0xbece30629bf4d1bd A=0x7ffffffffffffd48
2780000: system.cpu: T0 : 0x10456    : fsgnjn_d fa5, fa5, fa5     : FloatMisc :  D=0x3ece30629bf4d1bd
2781000: system.cpu: T0 : 0x1045a    : fsd fa5, -24(s0)           : FloatMemWrite :  D=0x3ece30629bf4d1bd A=0x7ffffffffffffd58
2782000: system.cpu: T0 : 0x1045e    : fld fa5, -24(s0)           : FloatMemRead :  D=0x3ece30629bf4d1bd A=0x7ffffffffffffd58
2783000: system.cpu: T0 : 0x10462    : fsgnj_d fa0, fa5, fa5      : FloatMisc :  D=0x3ece30629bf4d1bd
2783500: system.cpu: T0 : 0x10466    : c_ldsp s0, 40(sp)          : MemRead :  D=0x7ffffffffffffdb0 A=0x7ffffffffffffd68
2784000: system.cpu: T0 : 0x10468    : c_addi16sp sp, 48          : IntAlu :  D=0x7ffffffffffffd70
2784500: system.cpu: T0 : 0x1046a    : c_jr ra                    : IntAlu : 
2785500: system.cpu: T0 : 0x105ce    : fsgnj_d fa4, fa0, fa0      : FloatMisc :  D=0x3ece30629bf4d1bd
2786500: system.cpu: T0 : 0x105d2    : auipc a5, 61               : IntAlu :  D=0x000000000004d5d2
2787500: system.cpu: T0 : 0x105d6    : addi a5, a5, 1310          : IntAlu :  D=0x000000000004daf0
2788000: system.cpu: T0 : 0x105da    : c_fld fa5, 0(a5)           : FloatMemRead :  D=0x3ee4f8b588e368f1 A=0x4daf0
2788500: system.cpu: T0 : 0x105dc    : fle_d a5, fa5, fa4         : FloatCmp :  D=0x0000000000000000
2789000: system.cpu: T0 : 0x105e0    : c_bnez a5, -122            : IntAlu : 
2790000: system.cpu: T0 : 0x105e2    : fld fa5, -32(s0)           : FloatMemRead :  D=0x3fefffffe1cbcaed A=0x7ffffffffffffd90
2791000: system.cpu: T0 : 0x105e6    : fsgnj_d fa0, fa5, fa5      : FloatMisc :  D=0x3fefffffe1cbcaed
2791500: system.cpu: T0 : 0x105ea    : c_ldsp ra, 56(sp)          : MemRead :  D=0x0000000000010618 A=0x7ffffffffffffda8
2792000: system.cpu: T0 : 0x105ec    : c_ldsp s0, 48(sp)          : MemRead :  D=0x7ffffffffffffdd0 A=0x7ffffffffffffda0
2792500: system.cpu: T0 : 0x105ee    : c_addi16sp sp, 64          : IntAlu :  D=0x7ffffffffffffdb0
2793000: system.cpu: T0 : 0x105f0    : c_jr ra                    : IntAlu : 
2793500: system.cpu: T0 : 0x10618    : fsgnj_d fa5, fa0, fa0      : FloatMisc :  D=0x3fefffffe1cbcaed
2794000: system.cpu: T0 : 0x1061c    : fsgnj_d fa0, fa5, fa5      : FloatMisc :  D=0x3fefffffe1cbcaed
2794500: system.cpu: T0 : 0x10620    : c_ldsp ra, 24(sp)          : MemRead :  D=0x0000000000010666 A=0x7ffffffffffffdc8
2795000: system.cpu: T0 : 0x10622    : c_ldsp s0, 16(sp)          : MemRead :  D=0x7ffffffffffffdf0 A=0x7ffffffffffffdc0
2795500: system.cpu: T0 : 0x10624    : c_addi16sp sp, 32          : IntAlu :  D=0x7ffffffffffffdd0
2796000: system.cpu: T0 : 0x10626    : c_jr ra                    : IntAlu : 
2797000: system.cpu: T0 : 0x10666    : fsgnj_d fa5, fa0, fa0      : FloatMisc :  D=0x3fefffffe1cbcaed
2798000: system.cpu: T0 : 0x1066a    : auipc a4, 96               : IntAlu :  D=0x000000000007066a
2799000: system.cpu: T0 : 0x1066e    : ld a4, 438(a4)             : MemRead :  D=0x00000000000719a0 A=0x70820
2800000: system.cpu: T0 : 0x10672    : lw a5, -32(s0)             : MemRead :  D=0x0000000000000000 A=0x7ffffffffffffdd0
2800500: system.cpu: T0 : 0x10676    : c_slli a5, 3               : IntAlu :  D=0x0000000000000000
2801000: system.cpu: T0 : 0x10678    : c_add a5, a4               : IntAlu :  D=0x00000000000719a0
2801500: system.cpu: T0 : 0x1067a    : c_fsd fa5, 0(a5)           : FloatMemWrite :  D=0x3fefffffe1cbcaed A=0x719a0
2802000: system.cpu: T0 : 0x1067c    : lw a5, -32(s0)             : MemRead :  D=0x0000000000000000 A=0x7ffffffffffffdd0
2802500: system.cpu: T0 : 0x10680    : c_addiw a5, 1              : IntAlu :  D=0x0000000000000001
2803500: system.cpu: T0 : 0x10682    : sw a5, -32(s0)             : MemWrite :  D=0x0000000000000001 A=0x7ffffffffffffdd0
2804500: system.cpu: T0 : 0x10686    : lw a4, -32(s0)             : MemRead :  D=0x0000000000000001 A=0x7ffffffffffffdd0
2805500: system.cpu: T0 : 0x1068a    : lw a5, -28(s0)             : MemRead :  D=0x0000000000000008 A=0x7ffffffffffffdd4
2806000: system.cpu: T0 : 0x1068e    : c_addiw a4, 0              : IntAlu :  D=0x0000000000000001
2806500: system.cpu: T0 : 0x10690    : c_addiw a5, 0              : IntAlu :  D=0x0000000000000008
2807500: system.cpu: T0 : 0x10692    : blt a4, a5, -86            : IntAlu : 
2808000: system.cpu: T0 : 0x1063c    : lw a5, -32(s0)             : MemRead :  D=0x0000000000000001 A=0x7ffffffffffffdd0
2808500: system.cpu: T0 : 0x10640    : fcvt_d_w fa4, a5           : FloatCvt :  D=0x3ff0000000000000
2809000: system.cpu: T0 : 0x10644    : auipc a5, 61               : IntAlu :  D=0x000000000004d644
2809500: system.cpu: T0 : 0x10648    : addi a5, a5, 1172          : IntAlu :  D=0x000000000004dad8
2810000: system.cpu: T0 : 0x1064c    : c_fld fa5, 0(a5)           : FloatMemRead :  D=0x401921f9f01b866e A=0x4dad8
2811000: system.cpu: T0 : 0x1064e    : fmul_d fa4, fa4, fa5       : FloatMult :  D=0x401921f9f01b866e
2812000: system.cpu: T0 : 0x10652    : lw a5, -28(s0)             : MemRead :  D=0x0000000000000008 A=0x7ffffffffffffdd4
2813000: system.cpu: T0 : 0x10656    : fcvt_d_w fa5, a5           : FloatCvt :  D=0x4020000000000000
2814000: system.cpu: T0 : 0x1065a    : fdiv_d fa5, fa4, fa5       : FloatDiv :  D=0x3fe921f9f01b866e
2815000: system.cpu: T0 : 0x1065e    : fsgnj_d fa0, fa5, fa5      : FloatMisc :  D=0x3fe921f9f01b866e
2816000: system.cpu: T0 : 0x10662    : jal ra, -112               : IntAlu :  D=0x0000000000010666
2816500: system.cpu: T0 : 0x105f2    : c_addi sp, -32             : IntAlu :  D=0x7ffffffffffffdb0
2817000: system.cpu: T0 : 0x105f4    : c_sdsp ra, 24(sp)          : MemWrite :  D=0x0000000000010666 A=0x7ffffffffffffdc8
2817500: system.cpu: T0 : 0x105f6    : c_sdsp s0, 16(sp)          : MemWrite :  D=0x7ffffffffffffdf0 A=0x7ffffffffffffdc0
2818000: system.cpu: T0 : 0x105f8    : c_addi4spn s0, sp, 32      : IntAlu :  D=0x7ffffffffffffdd0
2819000: system.cpu: T0 : 0x105fa    : fsd fa0, -24(s0)           : FloatMemWrite :  D=0x3fe921f9f01b866e A=0x7ffffffffffffdb8
2820000: system.cpu: T0 : 0x105fe    : auipc a5, 61               : IntAlu :  D=0x000000000004d5fe
2821000: system.cpu: T0 : 0x10602    : addi a5, a5, 1274          : IntAlu :  D=0x000000000004daf8
2821500: system.cpu: T0 : 0x10606    : c_fld fa4, 0(a5)           : FloatMemRead :  D=0x3ff921f9f01b866e A=0x4daf8
2822000: system.cpu: T0 : 0x10608    : fld fa5, -24(s0)           : FloatMemRead :  D=0x3fe921f9f01b866e A=0x7ffffffffffffdb8
2822500: system.cpu: T0 : 0x1060c    : fsub_d fa5, fa4, fa5       : FloatAdd :  D=0x3fe921f9f01b866e
2823000: system.cpu: T0 : 0x10610    : fsgnj_d fa0, fa5, fa5      : FloatMisc :  D=0x3fe921f9f01b866e
2823500: system.cpu: T0 : 0x10614    : jal ra, -394               : IntAlu :  D=0x0000000000010618
2824000: system.cpu: T0 : 0x1048a    : c_addi16sp sp, -64         : IntAlu :  D=0x7ffffffffffffd70
2824500: system.cpu: T0 : 0x1048c    : c_sdsp ra, 56(sp)          : MemWrite :  D=0x0000000000010618 A=0x7ffffffffffffda8
2825000: system.cpu: T0 : 0x1048e    : c_sdsp s0, 48(sp)          : MemWrite :  D=0x7ffffffffffffdd0 A=0x7ffffffffffffda0
2825500: system.cpu: T0 : 0x10490    : c_addi4spn s0, sp, 64      : IntAlu :  D=0x7ffffffffffffdb0
2826500: system.cpu: T0 : 0x10492    : fsd fa0, -56(s0)           : FloatMemWrite :  D=0x3fe921f9f01b866e A=0x7ffffffffffffd78
2827000: system.cpu: T0 : 0x10496    : c_li a5, 1                 : IntAlu :  D=0x0000000000000001
2827500: system.cpu: T0 : 0x10498    : sw a5, -36(s0)             : MemWrite :  D=0x0000000000000001 A=0x7ffffffffffffd8c
2828000: system.cpu: T0 : 0x1049c    : c_j 24                     : IntAlu : 
2828500: system.cpu: T0 : 0x104b4    : fld fa4, -56(s0)           : FloatMemRead :  D=0x3fe921f9f01b866e A=0x7ffffffffffffd78
2829000: system.cpu: T0 : 0x104b8    : auipc a5, 61               : IntAlu :  D=0x000000000004d4b8
2829500: system.cpu: T0 : 0x104bc    : addi a5, a5, 1568          : IntAlu :  D=0x000000000004dad8
2830000: system.cpu: T0 : 0x104c0    : c_fld fa5, 0(a5)           : FloatMemRead :  D=0x401921f9f01b866e A=0x4dad8
2831000: system.cpu: T0 : 0x104c2    : flt_d a5, fa5, fa4         : FloatCmp :  D=0x0000000000000000
2831500: system.cpu: T0 : 0x104c6    : c_bnez a5, -40             : IntAlu : 
2832000: system.cpu: T0 : 0x104c8    : c_j 24                     : IntAlu : 
2832500: system.cpu: T0 : 0x104e0    : fld fa4, -56(s0)           : FloatMemRead :  D=0x3fe921f9f01b866e A=0x7ffffffffffffd78
2833000: system.cpu: T0 : 0x104e4    : auipc a5, 61               : IntAlu :  D=0x000000000004d4e4
2833500: system.cpu: T0 : 0x104e8    : addi a5, a5, 1532          : IntAlu :  D=0x000000000004dae0
2834000: system.cpu: T0 : 0x104ec    : c_fld fa5, 0(a5)           : FloatMemRead :  D=0xc01921f9f01b866e A=0x4dae0
2835000: system.cpu: T0 : 0x104ee    : flt_d a5, fa4, fa5         : FloatCmp :  D=0x0000000000000000
2835500: system.cpu: T0 : 0x104f2    : c_bnez a5, -40             : IntAlu : 
2836000: system.cpu: T0 : 0x104f4    : fld fa5, -56(s0)           : FloatMemRead :  D=0x3fe921f9f01b866e A=0x7ffffffffffffd78
2836500: system.cpu: T0 : 0x104f8    : fsd fa5, -24(s0)           : FloatMemWrite :  D=0x3fe921f9f01b866e A=0x7ffffffffffffd98
2837000: system.cpu: T0 : 0x104fc    : fld fa5, -24(s0)           : FloatMemRead :  D=0x3fe921f9f01b866e A=0x7ffffffffffffd98
2837500: system.cpu: T0 : 0x10500    : fsd fa5, -32(s0)           : FloatMemWrite :  D=0x3fe921f9f01b866e A=0x7ffffffffffffd90
2838000: system.cpu: T0 : 0x10504    : fld fa5, -56(s0)           : FloatMemRead :  D=0x3fe921f9f01b866e A=0x7ffffffffffffd78
2838500: system.cpu: T0 : 0x10508    : fmul_d fa5, fa5, fa5       : FloatMult :  D=0x3fe3bd3a9a4a6287
2839000: system.cpu: T0 : 0x1050c    : fsgnjn_d fa4, fa5, fa5     : FloatMisc :  D=0xbfe3bd3a9a4a6287
2839500: system.cpu: T0 : 0x10510    : fld fa5, -24(s0)           : FloatMemRead :  D=0x3fe921f9f01b866e A=0x7ffffffffffffd98
2840000: system.cpu: T0 : 0x10514    : fmul_d fa4, fa4, fa5       : FloatMult :  D=0xbfdf0196330ad8ba
2840500: system.cpu: T0 : 0x10518    : lw a5, -36(s0)             : MemRead :  D=0x0000000000000001 A=0x7ffffffffffffd8c
2841000: system.cpu: T0 : 0x1051c    : fcvt_d_w fa5, a5           : FloatCvt :  D=0x3ff0000000000000
2841500: system.cpu: T0 : 0x10520    : fadd_d fa3, fa5, fa5       : FloatAdd :  D=0x4000000000000000
2842000: system.cpu: T0 : 0x10524    : lw a5, -36(s0)             : MemRead :  D=0x0000000000000001 A=0x7ffffffffffffd8c
2842500: system.cpu: T0 : 0x10528    : fcvt_d_w fa5, a5           : FloatCvt :  D=0x3ff0000000000000
2843000: system.cpu: T0 : 0x1052c    : fadd_d fa2, fa5, fa5       : FloatAdd :  D=0x4000000000000000
2843500: system.cpu: T0 : 0x10530    : auipc a5, 61               : IntAlu :  D=0x000000000004d530
2844000: system.cpu: T0 : 0x10534    : addi a5, a5, 1464          : IntAlu :  D=0x000000000004dae8
2844500: system.cpu: T0 : 0x10538    : c_fld fa5, 0(a5)           : FloatMemRead :  D=0x3ff0000000000000 A=0x4dae8
2845500: system.cpu: T0 : 0x1053a    : fadd_d fa5, fa2, fa5       : FloatAdd :  D=0x4008000000000000
2846500: system.cpu: T0 : 0x1053e    : fmul_d fa5, fa3, fa5       : FloatMult :  D=0x4018000000000000
2847500: system.cpu: T0 : 0x10542    : fdiv_d fa5, fa4, fa5       : FloatDiv :  D=0xbfb4abb9775c907c
2848500: system.cpu: T0 : 0x10546    : fsd fa5, -24(s0)           : FloatMemWrite :  D=0xbfb4abb9775c907c A=0x7ffffffffffffd98
2849500: system.cpu: T0 : 0x1054a    : fld fa4, -32(s0)           : FloatMemRead :  D=0x3fe921f9f01b866e A=0x7ffffffffffffd90
2850500: system.cpu: T0 : 0x1054e    : fld fa5, -24(s0)           : FloatMemRead :  D=0xbfb4abb9775c907c A=0x7ffffffffffffd98
2851500: system.cpu: T0 : 0x10552    : fadd_d fa5, fa4, fa5       : FloatAdd :  D=0x3fe68c82c12ff45e
2852500: system.cpu: T0 : 0x10556    : fsd fa5, -32(s0)           : FloatMemWrite :  D=0x3fe68c82c12ff45e A=0x7ffffffffffffd90
2853500: system.cpu: T0 : 0x1055a    : lw a5, -36(s0)             : MemRead :  D=0x0000000000000001 A=0x7ffffffffffffd8c
2854000: system.cpu: T0 : 0x1055e    : c_addiw a5, 1              : IntAlu :  D=0x0000000000000002
2854500: system.cpu: T0 : 0x10560    : sw a5, -36(s0)             : MemWrite :  D=0x0000000000000002 A=0x7ffffffffffffd8c
2855000: system.cpu: T0 : 0x10564    : c_j 98                     : IntAlu : 
2856000: system.cpu: T0 : 0x105c6    : fld fa0, -24(s0)           : FloatMemRead :  D=0xbfb4abb9775c907c A=0x7ffffffffffffd98
2857000: system.cpu: T0 : 0x105ca    : jal ra, -410               : IntAlu :  D=0x00000000000105ce
2857500: system.cpu: T0 : 0x10430    : c_addi16sp sp, -48         : IntAlu :  D=0x7ffffffffffffd40
2858000: system.cpu: T0 : 0x10432    : c_sdsp s0, 40(sp)          : MemWrite :  D=0x7ffffffffffffdb0 A=0x7ffffffffffffd68
2858500: system.cpu: T0 : 0x10434    : c_addi4spn s0, sp, 48      : IntAlu :  D=0x7ffffffffffffd70
2859500: system.cpu: T0 : 0x10436    : fsd fa0, -40(s0)           : FloatMemWrite :  D=0xbfb4abb9775c907c A=0x7ffffffffffffd48
2860500: system.cpu: T0 : 0x1043a    : fld fa5, -40(s0)           : FloatMemRead :  D=0xbfb4abb9775c907c A=0x7ffffffffffffd48
2861500: system.cpu: T0 : 0x1043e    : fmv_d_x fa4, zero          : FloatCvt :  D=0x0000000000000000
2862500: system.cpu: T0 : 0x10442    : fle_d a5, fa4, fa5         : FloatCmp :  D=0x0000000000000000
2863000: system.cpu: T0 : 0x10446    : c_beqz a5, 12              : IntAlu : 
2864000: system.cpu: T0 : 0x10452    : fld fa5, -40(s0)           : FloatMemRead :  D=0xbfb4abb9775c907c A=0x7ffffffffffffd48
2865000: system.cpu: T0 : 0x10456    : fsgnjn_d fa5, fa5, fa5     : FloatMisc :  D=0x3fb4abb9775c907c
2866000: system.cpu: T0 : 0x1045a    : fsd fa5, -24(s0)           : FloatMemWrite :  D=0x3fb4abb9775c907c A=0x7ffffffffffffd58
2867000: system.cpu: T0 : 0x1045e    : fld fa5, -24(s0)           : FloatMemRead :  D=0x3fb4abb9775c907c A=0x7ffffffffffffd58
2868000: system.cpu: T0 : 0x10462    : fsgnj_d fa0, fa5, fa5      : FloatMisc :  D=0x3fb4abb9775c907c
2868500: system.cpu: T0 : 0x10466    : c_ldsp s0, 40(sp)          : MemRead :  D=0x7ffffffffffffdb0 A=0x7ffffffffffffd68
2869000: system.cpu: T0 : 0x10468    : c_addi16sp sp, 48          : IntAlu :  D=0x7ffffffffffffd70
2869500: system.cpu: T0 : 0x1046a    : c_jr ra                    : IntAlu : 
2870500: system.cpu: T0 : 0x105ce    : fsgnj_d fa4, fa0, fa0      : FloatMisc :  D=0x3fb4abb9775c907c
2871500: system.cpu: T0 : 0x105d2    : auipc a5, 61               : IntAlu :  D=0x000000000004d5d2
2872500: system.cpu: T0 : 0x105d6    : addi a5, a5, 1310          : IntAlu :  D=0x000000000004daf0
2873000: system.cpu: T0 : 0x105da    : c_fld fa5, 0(a5)           : FloatMemRead :  D=0x3ee4f8b588e368f1 A=0x4daf0
2873500: system.cpu: T0 : 0x105dc    : fle_d a5, fa5, fa4         : FloatCmp :  D=0x0000000000000001
2874000: system.cpu: T0 : 0x105e0    : c_bnez a5, -122            : IntAlu : 
2875000: system.cpu: T0 : 0x10566    : fld fa5, -56(s0)           : FloatMemRead :  D=0x3fe921f9f01b866e A=0x7ffffffffffffd78
2876000: system.cpu: T0 : 0x1056a    : fmul_d fa5, fa5, fa5       : FloatMult :  D=0x3fe3bd3a9a4a6287
2877000: system.cpu: T0 : 0x1056e    : fsgnjn_d fa4, fa5, fa5     : FloatMisc :  D=0xbfe3bd3a9a4a6287
2878000: system.cpu: T0 : 0x10572    : fld fa5, -24(s0)           : FloatMemRead :  D=0xbfb4abb9775c907c A=0x7ffffffffffffd98
2879000: system.cpu: T0 : 0x10576    : fmul_d fa4, fa4, fa5       : FloatMult :  D=0x3fa980647265244e
2880000: system.cpu: T0 : 0x1057a    : lw a5, -36(s0)             : MemRead :  D=0x0000000000000002 A=0x7ffffffffffffd8c
2881000: system.cpu: T0 : 0x1057e    : fcvt_d_w fa5, a5           : FloatCvt :  D=0x4000000000000000
2882000: system.cpu: T0 : 0x10582    : fadd_d fa3, fa5, fa5       : FloatAdd :  D=0x4010000000000000
2883000: system.cpu: T0 : 0x10586    : lw a5, -36(s0)             : MemRead :  D=0x0000000000000002 A=0x7ffffffffffffd8c
2884000: system.cpu: T0 : 0x1058a    : fcvt_d_w fa5, a5           : FloatCvt :  D=0x4000000000000000
2885000: system.cpu: T0 : 0x1058e    : fadd_d fa2, fa5, fa5       : FloatAdd :  D=0x4010000000000000
2886000: system.cpu: T0 : 0x10592    : auipc a5, 61               : IntAlu :  D=0x000000000004d592
2887000: system.cpu: T0 : 0x10596    : addi a5, a5, 1366          : IntAlu :  D=0x000000000004dae8
2887500: system.cpu: T0 : 0x1059a    : c_fld fa5, 0(a5)           : FloatMemRead :  D=0x3ff0000000000000 A=0x4dae8
2888000: system.cpu: T0 : 0x1059c    : fadd_d fa5, fa2, fa5       : FloatAdd :  D=0x4014000000000000
2888500: system.cpu: T0 : 0x105a0    : fmul_d fa5, fa3, fa5       : FloatMult :  D=0x4034000000000000
2889000: system.cpu: T0 : 0x105a4    : fdiv_d fa5, fa4, fa5       : FloatDiv :  D=0x3f6466b6c1ea8372
2889500: system.cpu: T0 : 0x105a8    : fsd fa5, -24(s0)           : FloatMemWrite :  D=0x3f6466b6c1ea8372 A=0x7ffffffffffffd98
2890000: system.cpu: T0 : 0x105ac    : fld fa4, -32(s0)           : FloatMemRead :  D=0x3fe68c82c12ff45e A=0x7ffffffffffffd90
2890500: system.cpu: T0 : 0x105b0    : fld fa5, -24(s0)           : FloatMemRead :  D=0x3f6466b6c1ea8372 A=0x7ffffffffffffd98
2891000: system.cpu: T0 : 0x105b4    : fadd_d fa5, fa4, fa5       : FloatAdd :  D=0x3fe6a0e977f1dee1
2891500: system.cpu: T0 : 0x105b8    : fsd fa5, -32(s0)           : FloatMemWrite :  D=0x3fe6a0e977f1dee1 A=0x7ffffffffffffd90
2892000: system.cpu: T0 : 0x105bc    : lw a5, -36(s0)             : MemRead :  D=0x0000000000000002 A=0x7ffffffffffffd8c
2892500: system.cpu: T0 : 0x105c0    : c_addiw a5, 1              : IntAlu :  D=0x0000000000000003
2893500: system.cpu: T0 : 0x105c2    : sw a5, -36(s0)             : MemWrite :  D=0x0000000000000003 A=0x7ffffffffffffd8c
2894500: system.cpu: T0 : 0x105c6    : fld fa0, -24(s0)           : FloatMemRead :  D=0x3f6466b6c1ea8372 A=0x7ffffffffffffd98
2895500: system.cpu: T0 : 0x105ca    : jal ra, -410               : IntAlu :  D=0x00000000000105ce
2896000: system.cpu: T0 : 0x10430    : c_addi16sp sp, -48         : IntAlu :  D=0x7ffffffffffffd40
2896500: system.cpu: T0 : 0x10432    : c_sdsp s0, 40(sp)          : MemWrite :  D=0x7ffffffffffffdb0 A=0x7ffffffffffffd68
2897000: system.cpu: T0 : 0x10434    : c_addi4spn s0, sp, 48      : IntAlu :  D=0x7ffffffffffffd70
2898000: system.cpu: T0 : 0x10436    : fsd fa0, -40(s0)           : FloatMemWrite :  D=0x3f6466b6c1ea8372 A=0x7ffffffffffffd48
2899000: system.cpu: T0 : 0x1043a    : fld fa5, -40(s0)           : FloatMemRead :  D=0x3f6466b6c1ea8372 A=0x7ffffffffffffd48
2900000: system.cpu: T0 : 0x1043e    : fmv_d_x fa4, zero          : FloatCvt :  D=0x0000000000000000
2901000: system.cpu: T0 : 0x10442    : fle_d a5, fa4, fa5         : FloatCmp :  D=0x0000000000000001
2901500: system.cpu: T0 : 0x10446    : c_beqz a5, 12              : IntAlu : 
2902000: system.cpu: T0 : 0x10448    : fld fa5, -40(s0)           : FloatMemRead :  D=0x3f6466b6c1ea8372 A=0x7ffffffffffffd48
2902500: system.cpu: T0 : 0x1044c    : fsd fa5, -24(s0)           : FloatMemWrite :  D=0x3f6466b6c1ea8372 A=0x7ffffffffffffd58
2903000: system.cpu: T0 : 0x10450    : c_j 14                     : IntAlu : 
2904000: system.cpu: T0 : 0x1045e    : fld fa5, -24(s0)           : FloatMemRead :  D=0x3f6466b6c1ea8372 A=0x7ffffffffffffd58
2905000: system.cpu: T0 : 0x10462    : fsgnj_d fa0, fa5, fa5      : FloatMisc :  D=0x3f6466b6c1ea8372
2905500: system.cpu: T0 : 0x10466    : c_ldsp s0, 40(sp)          : MemRead :  D=0x7ffffffffffffdb0 A=0x7ffffffffffffd68
2906000: system.cpu: T0 : 0x10468    : c_addi16sp sp, 48          : IntAlu :  D=0x7ffffffffffffd70
2906500: system.cpu: T0 : 0x1046a    : c_jr ra                    : IntAlu : 
2907500: system.cpu: T0 : 0x105ce    : fsgnj_d fa4, fa0, fa0      : FloatMisc :  D=0x3f6466b6c1ea8372
2908500: system.cpu: T0 : 0x105d2    : auipc a5, 61               : IntAlu :  D=0x000000000004d5d2
2909500: system.cpu: T0 : 0x105d6    : addi a5, a5, 1310          : IntAlu :  D=0x000000000004daf0
2910000: system.cpu: T0 : 0x105da    : c_fld fa5, 0(a5)           : FloatMemRead :  D=0x3ee4f8b588e368f1 A=0x4daf0
2910500: system.cpu: T0 : 0x105dc    : fle_d a5, fa5, fa4         : FloatCmp :  D=0x0000000000000001
2911000: system.cpu: T0 : 0x105e0    : c_bnez a5, -122            : IntAlu : 
2912000: system.cpu: T0 : 0x10566    : fld fa5, -56(s0)           : FloatMemRead :  D=0x3fe921f9f01b866e A=0x7ffffffffffffd78
2913000: system.cpu: T0 : 0x1056a    : fmul_d fa5, fa5, fa5       : FloatMult :  D=0x3fe3bd3a9a4a6287
2914000: system.cpu: T0 : 0x1056e    : fsgnjn_d fa4, fa5, fa5     : FloatMisc :  D=0xbfe3bd3a9a4a6287
2915000: system.cpu: T0 : 0x10572    : fld fa5, -24(s0)           : FloatMemRead :  D=0x3f6466b6c1ea8372 A=0x7ffffffffffffd98
2916000: system.cpu: T0 : 0x10576    : fmul_d fa4, fa4, fa5       : FloatMult :  D=0xbf592b410e2b14f3
2917000: system.cpu: T0 : 0x1057a    : lw a5, -36(s0)             : MemRead :  D=0x0000000000000003 A=0x7ffffffffffffd8c
2918000: system.cpu: T0 : 0x1057e    : fcvt_d_w fa5, a5           : FloatCvt :  D=0x4008000000000000
2919000: system.cpu: T0 : 0x10582    : fadd_d fa3, fa5, fa5       : FloatAdd :  D=0x4018000000000000
2920000: system.cpu: T0 : 0x10586    : lw a5, -36(s0)             : MemRead :  D=0x0000000000000003 A=0x7ffffffffffffd8c
2921000: system.cpu: T0 : 0x1058a    : fcvt_d_w fa5, a5           : FloatCvt :  D=0x4008000000000000
2922000: system.cpu: T0 : 0x1058e    : fadd_d fa2, fa5, fa5       : FloatAdd :  D=0x4018000000000000
2923000: system.cpu: T0 : 0x10592    : auipc a5, 61               : IntAlu :  D=0x000000000004d592
2924000: system.cpu: T0 : 0x10596    : addi a5, a5, 1366          : IntAlu :  D=0x000000000004dae8
2924500: system.cpu: T0 : 0x1059a    : c_fld fa5, 0(a5)           : FloatMemRead :  D=0x3ff0000000000000 A=0x4dae8
2925000: system.cpu: T0 : 0x1059c    : fadd_d fa5, fa2, fa5       : FloatAdd :  D=0x401c000000000000
2925500: system.cpu: T0 : 0x105a0    : fmul_d fa5, fa3, fa5       : FloatMult :  D=0x4045000000000000
2926000: system.cpu: T0 : 0x105a4    : fdiv_d fa5, fa4, fa5       : FloatDiv :  D=0xbf032d256020d302
2926500: system.cpu: T0 : 0x105a8    : fsd fa5, -24(s0)           : FloatMemWrite :  D=0xbf032d256020d302 A=0x7ffffffffffffd98
2927000: system.cpu: T0 : 0x105ac    : fld fa4, -32(s0)           : FloatMemRead :  D=0x3fe6a0e977f1dee1 A=0x7ffffffffffffd90
2927500: system.cpu: T0 : 0x105b0    : fld fa5, -24(s0)           : FloatMemRead :  D=0xbf032d256020d302 A=0x7ffffffffffffd98
2928000: system.cpu: T0 : 0x105b4    : fadd_d fa5, fa4, fa5       : FloatAdd :  D=0x3fe6a09cc35c5e5e
2928500: system.cpu: T0 : 0x105b8    : fsd fa5, -32(s0)           : FloatMemWrite :  D=0x3fe6a09cc35c5e5e A=0x7ffffffffffffd90
2929000: system.cpu: T0 : 0x105bc    : lw a5, -36(s0)             : MemRead :  D=0x0000000000000003 A=0x7ffffffffffffd8c
2929500: system.cpu: T0 : 0x105c0    : c_addiw a5, 1              : IntAlu :  D=0x0000000000000004
2930500: system.cpu: T0 : 0x105c2    : sw a5, -36(s0)             : MemWrite :  D=0x0000000000000004 A=0x7ffffffffffffd8c
2931500: system.cpu: T0 : 0x105c6    : fld fa0, -24(s0)           : FloatMemRead :  D=0xbf032d256020d302 A=0x7ffffffffffffd98
2932500: system.cpu: T0 : 0x105ca    : jal ra, -410               : IntAlu :  D=0x00000000000105ce
2933000: system.cpu: T0 : 0x10430    : c_addi16sp sp, -48         : IntAlu :  D=0x7ffffffffffffd40
2933500: system.cpu: T0 : 0x10432    : c_sdsp s0, 40(sp)          : MemWrite :  D=0x7ffffffffffffdb0 A=0x7ffffffffffffd68
2934000: system.cpu: T0 : 0x10434    : c_addi4spn s0, sp, 48      : IntAlu :  D=0x7ffffffffffffd70
2935000: system.cpu: T0 : 0x10436    : fsd fa0, -40(s0)           : FloatMemWrite :  D=0xbf032d256020d302 A=0x7ffffffffffffd48
2936000: system.cpu: T0 : 0x1043a    : fld fa5, -40(s0)           : FloatMemRead :  D=0xbf032d256020d302 A=0x7ffffffffffffd48
2937000: system.cpu: T0 : 0x1043e    : fmv_d_x fa4, zero          : FloatCvt :  D=0x0000000000000000
2938000: system.cpu: T0 : 0x10442    : fle_d a5, fa4, fa5         : FloatCmp :  D=0x0000000000000000
2938500: system.cpu: T0 : 0x10446    : c_beqz a5, 12              : IntAlu : 
2939500: system.cpu: T0 : 0x10452    : fld fa5, -40(s0)           : FloatMemRead :  D=0xbf032d256020d302 A=0x7ffffffffffffd48
2940500: system.cpu: T0 : 0x10456    : fsgnjn_d fa5, fa5, fa5     : FloatMisc :  D=0x3f032d256020d302
2941500: system.cpu: T0 : 0x1045a    : fsd fa5, -24(s0)           : FloatMemWrite :  D=0x3f032d256020d302 A=0x7ffffffffffffd58
2942500: system.cpu: T0 : 0x1045e    : fld fa5, -24(s0)           : FloatMemRead :  D=0x3f032d256020d302 A=0x7ffffffffffffd58
2943500: system.cpu: T0 : 0x10462    : fsgnj_d fa0, fa5, fa5      : FloatMisc :  D=0x3f032d256020d302
2944000: system.cpu: T0 : 0x10466    : c_ldsp s0, 40(sp)          : MemRead :  D=0x7ffffffffffffdb0 A=0x7ffffffffffffd68
2944500: system.cpu: T0 : 0x10468    : c_addi16sp sp, 48          : IntAlu :  D=0x7ffffffffffffd70
2945000: system.cpu: T0 : 0x1046a    : c_jr ra                    : IntAlu : 
2946000: system.cpu: T0 : 0x105ce    : fsgnj_d fa4, fa0, fa0      : FloatMisc :  D=0x3f032d256020d302
2947000: system.cpu: T0 : 0x105d2    : auipc a5, 61               : IntAlu :  D=0x000000000004d5d2
2948000: system.cpu: T0 : 0x105d6    : addi a5, a5, 1310          : IntAlu :  D=0x000000000004daf0
2948500: system.cpu: T0 : 0x105da    : c_fld fa5, 0(a5)           : FloatMemRead :  D=0x3ee4f8b588e368f1 A=0x4daf0
2949000: system.cpu: T0 : 0x105dc    : fle_d a5, fa5, fa4         : FloatCmp :  D=0x0000000000000001
2949500: system.cpu: T0 : 0x105e0    : c_bnez a5, -122            : IntAlu : 
2950500: system.cpu: T0 : 0x10566    : fld fa5, -56(s0)           : FloatMemRead :  D=0x3fe921f9f01b866e A=0x7ffffffffffffd78
2951500: system.cpu: T0 : 0x1056a    : fmul_d fa5, fa5, fa5       : FloatMult :  D=0x3fe3bd3a9a4a6287
2952500: system.cpu: T0 : 0x1056e    : fsgnjn_d fa4, fa5, fa5     : FloatMisc :  D=0xbfe3bd3a9a4a6287
2953500: system.cpu: T0 : 0x10572    : fld fa5, -24(s0)           : FloatMemRead :  D=0xbf032d256020d302 A=0x7ffffffffffffd98
2954500: system.cpu: T0 : 0x10576    : fmul_d fa4, fa4, fa5       : FloatMult :  D=0x3ef7a867e839a966
2955500: system.cpu: T0 : 0x1057a    : lw a5, -36(s0)             : MemRead :  D=0x0000000000000004 A=0x7ffffffffffffd8c
2956500: system.cpu: T0 : 0x1057e    : fcvt_d_w fa5, a5           : FloatCvt :  D=0x4010000000000000
2957500: system.cpu: T0 : 0x10582    : fadd_d fa3, fa5, fa5       : FloatAdd :  D=0x4020000000000000
2958500: system.cpu: T0 : 0x10586    : lw a5, -36(s0)             : MemRead :  D=0x0000000000000004 A=0x7ffffffffffffd8c
2959500: system.cpu: T0 : 0x1058a    : fcvt_d_w fa5, a5           : FloatCvt :  D=0x4010000000000000
2960500: system.cpu: T0 : 0x1058e    : fadd_d fa2, fa5, fa5       : FloatAdd :  D=0x4020000000000000
2961500: system.cpu: T0 : 0x10592    : auipc a5, 61               : IntAlu :  D=0x000000000004d592
2962500: system.cpu: T0 : 0x10596    : addi a5, a5, 1366          : IntAlu :  D=0x000000000004dae8
2963000: system.cpu: T0 : 0x1059a    : c_fld fa5, 0(a5)           : FloatMemRead :  D=0x3ff0000000000000 A=0x4dae8
2963500: system.cpu: T0 : 0x1059c    : fadd_d fa5, fa2, fa5       : FloatAdd :  D=0x4022000000000000
2964000: system.cpu: T0 : 0x105a0    : fmul_d fa5, fa3, fa5       : FloatMult :  D=0x4052000000000000
2964500: system.cpu: T0 : 0x105a4    : fdiv_d fa5, fa4, fa5       : FloatDiv :  D=0x3e950778ce6c24cc
2965000: system.cpu: T0 : 0x105a8    : fsd fa5, -24(s0)           : FloatMemWrite :  D=0x3e950778ce6c24cc A=0x7ffffffffffffd98
2965500: system.cpu: T0 : 0x105ac    : fld fa4, -32(s0)           : FloatMemRead :  D=0x3fe6a09cc35c5e5e A=0x7ffffffffffffd90
2966000: system.cpu: T0 : 0x105b0    : fld fa5, -24(s0)           : FloatMemRead :  D=0x3e950778ce6c24cc A=0x7ffffffffffffd98
2966500: system.cpu: T0 : 0x105b4    : fadd_d fa5, fa4, fa5       : FloatAdd :  D=0x3fe6a09d6b9824d1
2967000: system.cpu: T0 : 0x105b8    : fsd fa5, -32(s0)           : FloatMemWrite :  D=0x3fe6a09d6b9824d1 A=0x7ffffffffffffd90
2967500: system.cpu: T0 : 0x105bc    : lw a5, -36(s0)             : MemRead :  D=0x0000000000000004 A=0x7ffffffffffffd8c
2968000: system.cpu: T0 : 0x105c0    : c_addiw a5, 1              : IntAlu :  D=0x0000000000000005
2969000: system.cpu: T0 : 0x105c2    : sw a5, -36(s0)             : MemWrite :  D=0x0000000000000005 A=0x7ffffffffffffd8c
2970000: system.cpu: T0 : 0x105c6    : fld fa0, -24(s0)           : FloatMemRead :  D=0x3e950778ce6c24cc A=0x7ffffffffffffd98
2971000: system.cpu: T0 : 0x105ca    : jal ra, -410               : IntAlu :  D=0x00000000000105ce
2971500: system.cpu: T0 : 0x10430    : c_addi16sp sp, -48         : IntAlu :  D=0x7ffffffffffffd40
2972000: system.cpu: T0 : 0x10432    : c_sdsp s0, 40(sp)          : MemWrite :  D=0x7ffffffffffffdb0 A=0x7ffffffffffffd68
2972500: system.cpu: T0 : 0x10434    : c_addi4spn s0, sp, 48      : IntAlu :  D=0x7ffffffffffffd70
2973500: system.cpu: T0 : 0x10436    : fsd fa0, -40(s0)           : FloatMemWrite :  D=0x3e950778ce6c24cc A=0x7ffffffffffffd48
2974500: system.cpu: T0 : 0x1043a    : fld fa5, -40(s0)           : FloatMemRead :  D=0x3e950778ce6c24cc A=0x7ffffffffffffd48
2975500: system.cpu: T0 : 0x1043e    : fmv_d_x fa4, zero          : FloatCvt :  D=0x0000000000000000
2976500: system.cpu: T0 : 0x10442    : fle_d a5, fa4, fa5         : FloatCmp :  D=0x0000000000000001
2977000: system.cpu: T0 : 0x10446    : c_beqz a5, 12              : IntAlu : 
2977500: system.cpu: T0 : 0x10448    : fld fa5, -40(s0)           : FloatMemRead :  D=0x3e950778ce6c24cc A=0x7ffffffffffffd48
2978000: system.cpu: T0 : 0x1044c    : fsd fa5, -24(s0)           : FloatMemWrite :  D=0x3e950778ce6c24cc A=0x7ffffffffffffd58
2978500: system.cpu: T0 : 0x10450    : c_j 14                     : IntAlu : 
2979500: system.cpu: T0 : 0x1045e    : fld fa5, -24(s0)           : FloatMemRead :  D=0x3e950778ce6c24cc A=0x7ffffffffffffd58
2980500: system.cpu: T0 : 0x10462    : fsgnj_d fa0, fa5, fa5      : FloatMisc :  D=0x3e950778ce6c24cc
2981000: system.cpu: T0 : 0x10466    : c_ldsp s0, 40(sp)          : MemRead :  D=0x7ffffffffffffdb0 A=0x7ffffffffffffd68
2981500: system.cpu: T0 : 0x10468    : c_addi16sp sp, 48          : IntAlu :  D=0x7ffffffffffffd70
2982000: system.cpu: T0 : 0x1046a    : c_jr ra                    : IntAlu : 
2983000: system.cpu: T0 : 0x105ce    : fsgnj_d fa4, fa0, fa0      : FloatMisc :  D=0x3e950778ce6c24cc
2984000: system.cpu: T0 : 0x105d2    : auipc a5, 61               : IntAlu :  D=0x000000000004d5d2
2985000: system.cpu: T0 : 0x105d6    : addi a5, a5, 1310          : IntAlu :  D=0x000000000004daf0
2985500: system.cpu: T0 : 0x105da    : c_fld fa5, 0(a5)           : FloatMemRead :  D=0x3ee4f8b588e368f1 A=0x4daf0
2986000: system.cpu: T0 : 0x105dc    : fle_d a5, fa5, fa4         : FloatCmp :  D=0x0000000000000000
2986500: system.cpu: T0 : 0x105e0    : c_bnez a5, -122            : IntAlu : 
2987500: system.cpu: T0 : 0x105e2    : fld fa5, -32(s0)           : FloatMemRead :  D=0x3fe6a09d6b9824d1 A=0x7ffffffffffffd90
2988500: system.cpu: T0 : 0x105e6    : fsgnj_d fa0, fa5, fa5      : FloatMisc :  D=0x3fe6a09d6b9824d1
2989000: system.cpu: T0 : 0x105ea    : c_ldsp ra, 56(sp)          : MemRead :  D=0x0000000000010618 A=0x7ffffffffffffda8
2989500: system.cpu: T0 : 0x105ec    : c_ldsp s0, 48(sp)          : MemRead :  D=0x7ffffffffffffdd0 A=0x7ffffffffffffda0
2990000: system.cpu: T0 : 0x105ee    : c_addi16sp sp, 64          : IntAlu :  D=0x7ffffffffffffdb0
2990500: system.cpu: T0 : 0x105f0    : c_jr ra                    : IntAlu : 
2991000: system.cpu: T0 : 0x10618    : fsgnj_d fa5, fa0, fa0      : FloatMisc :  D=0x3fe6a09d6b9824d1
2991500: system.cpu: T0 : 0x1061c    : fsgnj_d fa0, fa5, fa5      : FloatMisc :  D=0x3fe6a09d6b9824d1
2992000: system.cpu: T0 : 0x10620    : c_ldsp ra, 24(sp)          : MemRead :  D=0x0000000000010666 A=0x7ffffffffffffdc8
2992500: system.cpu: T0 : 0x10622    : c_ldsp s0, 16(sp)          : MemRead :  D=0x7ffffffffffffdf0 A=0x7ffffffffffffdc0
2993000: system.cpu: T0 : 0x10624    : c_addi16sp sp, 32          : IntAlu :  D=0x7ffffffffffffdd0
2993500: system.cpu: T0 : 0x10626    : c_jr ra                    : IntAlu : 
2994500: system.cpu: T0 : 0x10666    : fsgnj_d fa5, fa0, fa0      : FloatMisc :  D=0x3fe6a09d6b9824d1
2995500: system.cpu: T0 : 0x1066a    : auipc a4, 96               : IntAlu :  D=0x000000000007066a
2996500: system.cpu: T0 : 0x1066e    : ld a4, 438(a4)             : MemRead :  D=0x00000000000719a0 A=0x70820
2997500: system.cpu: T0 : 0x10672    : lw a5, -32(s0)             : MemRead :  D=0x0000000000000001 A=0x7ffffffffffffdd0
2998000: system.cpu: T0 : 0x10676    : c_slli a5, 3               : IntAlu :  D=0x0000000000000008
2998500: system.cpu: T0 : 0x10678    : c_add a5, a4               : IntAlu :  D=0x00000000000719a8
2999000: system.cpu: T0 : 0x1067a    : c_fsd fa5, 0(a5)           : FloatMemWrite :  D=0x3fe6a09d6b9824d1 A=0x719a8
2999500: system.cpu: T0 : 0x1067c    : lw a5, -32(s0)             : MemRead :  D=0x0000000000000001 A=0x7ffffffffffffdd0
3000000: system.cpu: T0 : 0x10680    : c_addiw a5, 1              : IntAlu :  D=0x0000000000000002
3001000: system.cpu: T0 : 0x10682    : sw a5, -32(s0)             : MemWrite :  D=0x0000000000000002 A=0x7ffffffffffffdd0
3002000: system.cpu: T0 : 0x10686    : lw a4, -32(s0)             : MemRead :  D=0x0000000000000002 A=0x7ffffffffffffdd0
3003000: system.cpu: T0 : 0x1068a    : lw a5, -28(s0)             : MemRead :  D=0x0000000000000008 A=0x7ffffffffffffdd4
3003500: system.cpu: T0 : 0x1068e    : c_addiw a4, 0              : IntAlu :  D=0x0000000000000002
3004000: system.cpu: T0 : 0x10690    : c_addiw a5, 0              : IntAlu :  D=0x0000000000000008
3005000: system.cpu: T0 : 0x10692    : blt a4, a5, -86            : IntAlu : 
3005500: system.cpu: T0 : 0x1063c    : lw a5, -32(s0)             : MemRead :  D=0x0000000000000002 A=0x7ffffffffffffdd0
3006000: system.cpu: T0 : 0x10640    : fcvt_d_w fa4, a5           : FloatCvt :  D=0x4000000000000000
3006500: system.cpu: T0 : 0x10644    : auipc a5, 61               : IntAlu :  D=0x000000000004d644
3007000: system.cpu: T0 : 0x10648    : addi a5, a5, 1172          : IntAlu :  D=0x000000000004dad8
3007500: system.cpu: T0 : 0x1064c    : c_fld fa5, 0(a5)           : FloatMemRead :  D=0x401921f9f01b866e A=0x4dad8
3008500: system.cpu: T0 : 0x1064e    : fmul_d fa4, fa4, fa5       : FloatMult :  D=0x402921f9f01b866e
3009500: system.cpu: T0 : 0x10652    : lw a5, -28(s0)             : MemRead :  D=0x0000000000000008 A=0x7ffffffffffffdd4
3010500: system.cpu: T0 : 0x10656    : fcvt_d_w fa5, a5           : FloatCvt :  D=0x4020000000000000
3011500: system.cpu: T0 : 0x1065a    : fdiv_d fa5, fa4, fa5       : FloatDiv :  D=0x3ff921f9f01b866e
3012500: system.cpu: T0 : 0x1065e    : fsgnj_d fa0, fa5, fa5      : FloatMisc :  D=0x3ff921f9f01b866e
3013500: system.cpu: T0 : 0x10662    : jal ra, -112               : IntAlu :  D=0x0000000000010666
3014000: system.cpu: T0 : 0x105f2    : c_addi sp, -32             : IntAlu :  D=0x7ffffffffffffdb0
3014500: system.cpu: T0 : 0x105f4    : c_sdsp ra, 24(sp)          : MemWrite :  D=0x0000000000010666 A=0x7ffffffffffffdc8
3015000: system.cpu: T0 : 0x105f6    : c_sdsp s0, 16(sp)          : MemWrite :  D=0x7ffffffffffffdf0 A=0x7ffffffffffffdc0
3015500: system.cpu: T0 : 0x105f8    : c_addi4spn s0, sp, 32      : IntAlu :  D=0x7ffffffffffffdd0
3016500: system.cpu: T0 : 0x105fa    : fsd fa0, -24(s0)           : FloatMemWrite :  D=0x3ff921f9f01b866e A=0x7ffffffffffffdb8
3017500: system.cpu: T0 : 0x105fe    : auipc a5, 61               : IntAlu :  D=0x000000000004d5fe
3018500: system.cpu: T0 : 0x10602    : addi a5, a5, 1274          : IntAlu :  D=0x000000000004daf8
3019000: system.cpu: T0 : 0x10606    : c_fld fa4, 0(a5)           : FloatMemRead :  D=0x3ff921f9f01b866e A=0x4daf8
3019500: system.cpu: T0 : 0x10608    : fld fa5, -24(s0)           : FloatMemRead :  D=0x3ff921f9f01b866e A=0x7ffffffffffffdb8
3020000: system.cpu: T0 : 0x1060c    : fsub_d fa5, fa4, fa5       : FloatAdd :  D=0x0000000000000000
3020500: system.cpu: T0 : 0x10610    : fsgnj_d fa0, fa5, fa5      : FloatMisc :  D=0x0000000000000000
3021000: system.cpu: T0 : 0x10614    : jal ra, -394               : IntAlu :  D=0x0000000000010618
3021500: system.cpu: T0 : 0x1048a    : c_addi16sp sp, -64         : IntAlu :  D=0x7ffffffffffffd70
3022000: system.cpu: T0 : 0x1048c    : c_sdsp ra, 56(sp)          : MemWrite :  D=0x0000000000010618 A=0x7ffffffffffffda8
3022500: system.cpu: T0 : 0x1048e    : c_sdsp s0, 48(sp)          : MemWrite :  D=0x7ffffffffffffdd0 A=0x7ffffffffffffda0
3023000: system.cpu: T0 : 0x10490    : c_addi4spn s0, sp, 64      : IntAlu :  D=0x7ffffffffffffdb0
3024000: system.cpu: T0 : 0x10492    : fsd fa0, -56(s0)           : FloatMemWrite :  D=0x0000000000000000 A=0x7ffffffffffffd78
3024500: system.cpu: T0 : 0x10496    : c_li a5, 1                 : IntAlu :  D=0x0000000000000001
3025000: system.cpu: T0 : 0x10498    : sw a5, -36(s0)             : MemWrite :  D=0x0000000000000001 A=0x7ffffffffffffd8c
3025500: system.cpu: T0 : 0x1049c    : c_j 24                     : IntAlu : 
3026000: system.cpu: T0 : 0x104b4    : fld fa4, -56(s0)           : FloatMemRead :  D=0x0000000000000000 A=0x7ffffffffffffd78
3026500: system.cpu: T0 : 0x104b8    : auipc a5, 61               : IntAlu :  D=0x000000000004d4b8
3027000: system.cpu: T0 : 0x104bc    : addi a5, a5, 1568          : IntAlu :  D=0x000000000004dad8
3027500: system.cpu: T0 : 0x104c0    : c_fld fa5, 0(a5)           : FloatMemRead :  D=0x401921f9f01b866e A=0x4dad8
3028500: system.cpu: T0 : 0x104c2    : flt_d a5, fa5, fa4         : FloatCmp :  D=0x0000000000000000
3029000: system.cpu: T0 : 0x104c6    : c_bnez a5, -40             : IntAlu : 
3029500: system.cpu: T0 : 0x104c8    : c_j 24                     : IntAlu : 
3030000: system.cpu: T0 : 0x104e0    : fld fa4, -56(s0)           : FloatMemRead :  D=0x0000000000000000 A=0x7ffffffffffffd78
3030500: system.cpu: T0 : 0x104e4    : auipc a5, 61               : IntAlu :  D=0x000000000004d4e4
3031000: system.cpu: T0 : 0x104e8    : addi a5, a5, 1532          : IntAlu :  D=0x000000000004dae0
3031500: system.cpu: T0 : 0x104ec    : c_fld fa5, 0(a5)           : FloatMemRead :  D=0xc01921f9f01b866e A=0x4dae0
3032500: system.cpu: T0 : 0x104ee    : flt_d a5, fa4, fa5         : FloatCmp :  D=0x0000000000000000
3033000: system.cpu: T0 : 0x104f2    : c_bnez a5, -40             : IntAlu : 
3033500: system.cpu: T0 : 0x104f4    : fld fa5, -56(s0)           : FloatMemRead :  D=0x0000000000000000 A=0x7ffffffffffffd78
3034000: system.cpu: T0 : 0x104f8    : fsd fa5, -24(s0)           : FloatMemWrite :  D=0x0000000000000000 A=0x7ffffffffffffd98
3034500: system.cpu: T0 : 0x104fc    : fld fa5, -24(s0)           : FloatMemRead :  D=0x0000000000000000 A=0x7ffffffffffffd98
3035000: system.cpu: T0 : 0x10500    : fsd fa5, -32(s0)           : FloatMemWrite :  D=0x0000000000000000 A=0x7ffffffffffffd90
3035500: system.cpu: T0 : 0x10504    : fld fa5, -56(s0)           : FloatMemRead :  D=0x0000000000000000 A=0x7ffffffffffffd78
3036000: system.cpu: T0 : 0x10508    : fmul_d fa5, fa5, fa5       : FloatMult :  D=0x0000000000000000
3036500: system.cpu: T0 : 0x1050c    : fsgnjn_d fa4, fa5, fa5     : FloatMisc :  D=0x8000000000000000
3037000: system.cpu: T0 : 0x10510    : fld fa5, -24(s0)           : FloatMemRead :  D=0x0000000000000000 A=0x7ffffffffffffd98
3037500: system.cpu: T0 : 0x10514    : fmul_d fa4, fa4, fa5       : FloatMult :  D=0x8000000000000000
3038000: system.cpu: T0 : 0x10518    : lw a5, -36(s0)             : MemRead :  D=0x0000000000000001 A=0x7ffffffffffffd8c
3038500: system.cpu: T0 : 0x1051c    : fcvt_d_w fa5, a5           : FloatCvt :  D=0x3ff0000000000000
3039000: system.cpu: T0 : 0x10520    : fadd_d fa3, fa5, fa5       : FloatAdd :  D=0x4000000000000000
3039500: system.cpu: T0 : 0x10524    : lw a5, -36(s0)             : MemRead :  D=0x0000000000000001 A=0x7ffffffffffffd8c
3040000: system.cpu: T0 : 0x10528    : fcvt_d_w fa5, a5           : FloatCvt :  D=0x3ff0000000000000
3040500: system.cpu: T0 : 0x1052c    : fadd_d fa2, fa5, fa5       : FloatAdd :  D=0x4000000000000000
3041000: system.cpu: T0 : 0x10530    : auipc a5, 61               : IntAlu :  D=0x000000000004d530
3041500: system.cpu: T0 : 0x10534    : addi a5, a5, 1464          : IntAlu :  D=0x000000000004dae8
3042000: system.cpu: T0 : 0x10538    : c_fld fa5, 0(a5)           : FloatMemRead :  D=0x3ff0000000000000 A=0x4dae8
3043000: system.cpu: T0 : 0x1053a    : fadd_d fa5, fa2, fa5       : FloatAdd :  D=0x4008000000000000
3044000: system.cpu: T0 : 0x1053e    : fmul_d fa5, fa3, fa5       : FloatMult :  D=0x4018000000000000
3045000: system.cpu: T0 : 0x10542    : fdiv_d fa5, fa4, fa5       : FloatDiv :  D=0x8000000000000000
3046000: system.cpu: T0 : 0x10546    : fsd fa5, -24(s0)           : FloatMemWrite :  D=0x8000000000000000 A=0x7ffffffffffffd98
3047000: system.cpu: T0 : 0x1054a    : fld fa4, -32(s0)           : FloatMemRead :  D=0x0000000000000000 A=0x7ffffffffffffd90
3048000: system.cpu: T0 : 0x1054e    : fld fa5, -24(s0)           : FloatMemRead :  D=0x8000000000000000 A=0x7ffffffffffffd98
3049000: system.cpu: T0 : 0x10552    : fadd_d fa5, fa4, fa5       : FloatAdd :  D=0x0000000000000000
3050000: system.cpu: T0 : 0x10556    : fsd fa5, -32(s0)           : FloatMemWrite :  D=0x0000000000000000 A=0x7ffffffffffffd90
3051000: system.cpu: T0 : 0x1055a    : lw a5, -36(s0)             : MemRead :  D=0x0000000000000001 A=0x7ffffffffffffd8c
3051500: system.cpu: T0 : 0x1055e    : c_addiw a5, 1              : IntAlu :  D=0x0000000000000002
3052000: system.cpu: T0 : 0x10560    : sw a5, -36(s0)             : MemWrite :  D=0x0000000000000002 A=0x7ffffffffffffd8c
3052500: system.cpu: T0 : 0x10564    : c_j 98                     : IntAlu : 
3053500: system.cpu: T0 : 0x105c6    : fld fa0, -24(s0)           : FloatMemRead :  D=0x8000000000000000 A=0x7ffffffffffffd98
3054500: system.cpu: T0 : 0x105ca    : jal ra, -410               : IntAlu :  D=0x00000000000105ce
3055000: system.cpu: T0 : 0x10430    : c_addi16sp sp, -48         : IntAlu :  D=0x7ffffffffffffd40
3055500: system.cpu: T0 : 0x10432    : c_sdsp s0, 40(sp)          : MemWrite :  D=0x7ffffffffffffdb0 A=0x7ffffffffffffd68
3056000: system.cpu: T0 : 0x10434    : c_addi4spn s0, sp, 48      : IntAlu :  D=0x7ffffffffffffd70
3057000: system.cpu: T0 : 0x10436    : fsd fa0, -40(s0)           : FloatMemWrite :  D=0x8000000000000000 A=0x7ffffffffffffd48
3058000: system.cpu: T0 : 0x1043a    : fld fa5, -40(s0)           : FloatMemRead :  D=0x8000000000000000 A=0x7ffffffffffffd48
3059000: system.cpu: T0 : 0x1043e    : fmv_d_x fa4, zero          : FloatCvt :  D=0x0000000000000000
3060000: system.cpu: T0 : 0x10442    : fle_d a5, fa4, fa5         : FloatCmp :  D=0x0000000000000001
3060500: system.cpu: T0 : 0x10446    : c_beqz a5, 12              : IntAlu : 
3061000: system.cpu: T0 : 0x10448    : fld fa5, -40(s0)           : FloatMemRead :  D=0x8000000000000000 A=0x7ffffffffffffd48
3061500: system.cpu: T0 : 0x1044c    : fsd fa5, -24(s0)           : FloatMemWrite :  D=0x8000000000000000 A=0x7ffffffffffffd58
3062000: system.cpu: T0 : 0x10450    : c_j 14                     : IntAlu : 
3063000: system.cpu: T0 : 0x1045e    : fld fa5, -24(s0)           : FloatMemRead :  D=0x8000000000000000 A=0x7ffffffffffffd58
3064000: system.cpu: T0 : 0x10462    : fsgnj_d fa0, fa5, fa5      : FloatMisc :  D=0x8000000000000000
3064500: system.cpu: T0 : 0x10466    : c_ldsp s0, 40(sp)          : MemRead :  D=0x7ffffffffffffdb0 A=0x7ffffffffffffd68
3065000: system.cpu: T0 : 0x10468    : c_addi16sp sp, 48          : IntAlu :  D=0x7ffffffffffffd70
3065500: system.cpu: T0 : 0x1046a    : c_jr ra                    : IntAlu : 
3066500: system.cpu: T0 : 0x105ce    : fsgnj_d fa4, fa0, fa0      : FloatMisc :  D=0x8000000000000000
3067500: system.cpu: T0 : 0x105d2    : auipc a5, 61               : IntAlu :  D=0x000000000004d5d2
3068500: system.cpu: T0 : 0x105d6    : addi a5, a5, 1310          : IntAlu :  D=0x000000000004daf0
3069000: system.cpu: T0 : 0x105da    : c_fld fa5, 0(a5)           : FloatMemRead :  D=0x3ee4f8b588e368f1 A=0x4daf0
3069500: system.cpu: T0 : 0x105dc    : fle_d a5, fa5, fa4         : FloatCmp :  D=0x0000000000000000
3070000: system.cpu: T0 : 0x105e0    : c_bnez a5, -122            : IntAlu : 
3071000: system.cpu: T0 : 0x105e2    : fld fa5, -32(s0)           : FloatMemRead :  D=0x0000000000000000 A=0x7ffffffffffffd90
3072000: system.cpu: T0 : 0x105e6    : fsgnj_d fa0, fa5, fa5      : FloatMisc :  D=0x0000000000000000
3072500: system.cpu: T0 : 0x105ea    : c_ldsp ra, 56(sp)          : MemRead :  D=0x0000000000010618 A=0x7ffffffffffffda8
3073000: system.cpu: T0 : 0x105ec    : c_ldsp s0, 48(sp)          : MemRead :  D=0x7ffffffffffffdd0 A=0x7ffffffffffffda0
3073500: system.cpu: T0 : 0x105ee    : c_addi16sp sp, 64          : IntAlu :  D=0x7ffffffffffffdb0
3074000: system.cpu: T0 : 0x105f0    : c_jr ra                    : IntAlu : 
3074500: system.cpu: T0 : 0x10618    : fsgnj_d fa5, fa0, fa0      : FloatMisc :  D=0x0000000000000000
3075000: system.cpu: T0 : 0x1061c    : fsgnj_d fa0, fa5, fa5      : FloatMisc :  D=0x0000000000000000
3075500: system.cpu: T0 : 0x10620    : c_ldsp ra, 24(sp)          : MemRead :  D=0x0000000000010666 A=0x7ffffffffffffdc8
3076000: system.cpu: T0 : 0x10622    : c_ldsp s0, 16(sp)          : MemRead :  D=0x7ffffffffffffdf0 A=0x7ffffffffffffdc0
3076500: system.cpu: T0 : 0x10624    : c_addi16sp sp, 32          : IntAlu :  D=0x7ffffffffffffdd0
3077000: system.cpu: T0 : 0x10626    : c_jr ra                    : IntAlu : 
3078000: system.cpu: T0 : 0x10666    : fsgnj_d fa5, fa0, fa0      : FloatMisc :  D=0x0000000000000000
3079000: system.cpu: T0 : 0x1066a    : auipc a4, 96               : IntAlu :  D=0x000000000007066a
3080000: system.cpu: T0 : 0x1066e    : ld a4, 438(a4)             : MemRead :  D=0x00000000000719a0 A=0x70820
3081000: system.cpu: T0 : 0x10672    : lw a5, -32(s0)             : MemRead :  D=0x0000000000000002 A=0x7ffffffffffffdd0
3081500: system.cpu: T0 : 0x10676    : c_slli a5, 3               : IntAlu :  D=0x0000000000000010
3082000: system.cpu: T0 : 0x10678    : c_add a5, a4               : IntAlu :  D=0x00000000000719b0
3082500: system.cpu: T0 : 0x1067a    : c_fsd fa5, 0(a5)           : FloatMemWrite :  D=0x0000000000000000 A=0x719b0
3083000: system.cpu: T0 : 0x1067c    : lw a5, -32(s0)             : MemRead :  D=0x0000000000000002 A=0x7ffffffffffffdd0
3083500: system.cpu: T0 : 0x10680    : c_addiw a5, 1              : IntAlu :  D=0x0000000000000003
3084500: system.cpu: T0 : 0x10682    : sw a5, -32(s0)             : MemWrite :  D=0x0000000000000003 A=0x7ffffffffffffdd0
3085500: system.cpu: T0 : 0x10686    : lw a4, -32(s0)             : MemRead :  D=0x0000000000000003 A=0x7ffffffffffffdd0
3086500: system.cpu: T0 : 0x1068a    : lw a5, -28(s0)             : MemRead :  D=0x0000000000000008 A=0x7ffffffffffffdd4
3087000: system.cpu: T0 : 0x1068e    : c_addiw a4, 0              : IntAlu :  D=0x0000000000000003
3087500: system.cpu: T0 : 0x10690    : c_addiw a5, 0              : IntAlu :  D=0x0000000000000008
3088500: system.cpu: T0 : 0x10692    : blt a4, a5, -86            : IntAlu : 
3089000: system.cpu: T0 : 0x1063c    : lw a5, -32(s0)             : MemRead :  D=0x0000000000000003 A=0x7ffffffffffffdd0
3089500: system.cpu: T0 : 0x10640    : fcvt_d_w fa4, a5           : FloatCvt :  D=0x4008000000000000
3090000: system.cpu: T0 : 0x10644    : auipc a5, 61               : IntAlu :  D=0x000000000004d644
3090500: system.cpu: T0 : 0x10648    : addi a5, a5, 1172          : IntAlu :  D=0x000000000004dad8
3091000: system.cpu: T0 : 0x1064c    : c_fld fa5, 0(a5)           : FloatMemRead :  D=0x401921f9f01b866e A=0x4dad8
3092000: system.cpu: T0 : 0x1064e    : fmul_d fa4, fa4, fa5       : FloatMult :  D=0x4032d97b7414a4d2
3093000: system.cpu: T0 : 0x10652    : lw a5, -28(s0)             : MemRead :  D=0x0000000000000008 A=0x7ffffffffffffdd4
3094000: system.cpu: T0 : 0x10656    : fcvt_d_w fa5, a5           : FloatCvt :  D=0x4020000000000000
3095000: system.cpu: T0 : 0x1065a    : fdiv_d fa5, fa4, fa5       : FloatDiv :  D=0x4002d97b7414a4d2
3096000: system.cpu: T0 : 0x1065e    : fsgnj_d fa0, fa5, fa5      : FloatMisc :  D=0x4002d97b7414a4d2
3097000: system.cpu: T0 : 0x10662    : jal ra, -112               : IntAlu :  D=0x0000000000010666
3097500: system.cpu: T0 : 0x105f2    : c_addi sp, -32             : IntAlu :  D=0x7ffffffffffffdb0
3098000: system.cpu: T0 : 0x105f4    : c_sdsp ra, 24(sp)          : MemWrite :  D=0x0000000000010666 A=0x7ffffffffffffdc8
3098500: system.cpu: T0 : 0x105f6    : c_sdsp s0, 16(sp)          : MemWrite :  D=0x7ffffffffffffdf0 A=0x7ffffffffffffdc0
3099000: system.cpu: T0 : 0x105f8    : c_addi4spn s0, sp, 32      : IntAlu :  D=0x7ffffffffffffdd0
3100000: system.cpu: T0 : 0x105fa    : fsd fa0, -24(s0)           : FloatMemWrite :  D=0x4002d97b7414a4d2 A=0x7ffffffffffffdb8
3101000: system.cpu: T0 : 0x105fe    : auipc a5, 61               : IntAlu :  D=0x000000000004d5fe
3102000: system.cpu: T0 : 0x10602    : addi a5, a5, 1274          : IntAlu :  D=0x000000000004daf8
3102500: system.cpu: T0 : 0x10606    : c_fld fa4, 0(a5)           : FloatMemRead :  D=0x3ff921f9f01b866e A=0x4daf8
3103000: system.cpu: T0 : 0x10608    : fld fa5, -24(s0)           : FloatMemRead :  D=0x4002d97b7414a4d2 A=0x7ffffffffffffdb8
3103500: system.cpu: T0 : 0x1060c    : fsub_d fa5, fa4, fa5       : FloatAdd :  D=0xbfe921f9f01b866c
3104000: system.cpu: T0 : 0x10610    : fsgnj_d fa0, fa5, fa5      : FloatMisc :  D=0xbfe921f9f01b866c
3104500: system.cpu: T0 : 0x10614    : jal ra, -394               : IntAlu :  D=0x0000000000010618
3105000: system.cpu: T0 : 0x1048a    : c_addi16sp sp, -64         : IntAlu :  D=0x7ffffffffffffd70
3105500: system.cpu: T0 : 0x1048c    : c_sdsp ra, 56(sp)          : MemWrite :  D=0x0000000000010618 A=0x7ffffffffffffda8
3106000: system.cpu: T0 : 0x1048e    : c_sdsp s0, 48(sp)          : MemWrite :  D=0x7ffffffffffffdd0 A=0x7ffffffffffffda0
3106500: system.cpu: T0 : 0x10490    : c_addi4spn s0, sp, 64      : IntAlu :  D=0x7ffffffffffffdb0
3107500: system.cpu: T0 : 0x10492    : fsd fa0, -56(s0)           : FloatMemWrite :  D=0xbfe921f9f01b866c A=0x7ffffffffffffd78
3108000: system.cpu: T0 : 0x10496    : c_li a5, 1                 : IntAlu :  D=0x0000000000000001
3108500: system.cpu: T0 : 0x10498    : sw a5, -36(s0)             : MemWrite :  D=0x0000000000000001 A=0x7ffffffffffffd8c
3109000: system.cpu: T0 : 0x1049c    : c_j 24                     : IntAlu : 
3109500: system.cpu: T0 : 0x104b4    : fld fa4, -56(s0)           : FloatMemRead :  D=0xbfe921f9f01b866c A=0x7ffffffffffffd78
3110000: system.cpu: T0 : 0x104b8    : auipc a5, 61               : IntAlu :  D=0x000000000004d4b8
3110500: system.cpu: T0 : 0x104bc    : addi a5, a5, 1568          : IntAlu :  D=0x000000000004dad8
3111000: system.cpu: T0 : 0x104c0    : c_fld fa5, 0(a5)           : FloatMemRead :  D=0x401921f9f01b866e A=0x4dad8
3112000: system.cpu: T0 : 0x104c2    : flt_d a5, fa5, fa4         : FloatCmp :  D=0x0000000000000000
3112500: system.cpu: T0 : 0x104c6    : c_bnez a5, -40             : IntAlu : 
3113000: system.cpu: T0 : 0x104c8    : c_j 24                     : IntAlu : 
3113500: system.cpu: T0 : 0x104e0    : fld fa4, -56(s0)           : FloatMemRead :  D=0xbfe921f9f01b866c A=0x7ffffffffffffd78
3114000: system.cpu: T0 : 0x104e4    : auipc a5, 61               : IntAlu :  D=0x000000000004d4e4
3114500: system.cpu: T0 : 0x104e8    : addi a5, a5, 1532          : IntAlu :  D=0x000000000004dae0
3115000: system.cpu: T0 : 0x104ec    : c_fld fa5, 0(a5)           : FloatMemRead :  D=0xc01921f9f01b866e A=0x4dae0
3116000: system.cpu: T0 : 0x104ee    : flt_d a5, fa4, fa5         : FloatCmp :  D=0x0000000000000000
3116500: system.cpu: T0 : 0x104f2    : c_bnez a5, -40             : IntAlu : 
3117000: system.cpu: T0 : 0x104f4    : fld fa5, -56(s0)           : FloatMemRead :  D=0xbfe921f9f01b866c A=0x7ffffffffffffd78
3117500: system.cpu: T0 : 0x104f8    : fsd fa5, -24(s0)           : FloatMemWrite :  D=0xbfe921f9f01b866c A=0x7ffffffffffffd98
3118000: system.cpu: T0 : 0x104fc    : fld fa5, -24(s0)           : FloatMemRead :  D=0xbfe921f9f01b866c A=0x7ffffffffffffd98
3118500: system.cpu: T0 : 0x10500    : fsd fa5, -32(s0)           : FloatMemWrite :  D=0xbfe921f9f01b866c A=0x7ffffffffffffd90
3119000: system.cpu: T0 : 0x10504    : fld fa5, -56(s0)           : FloatMemRead :  D=0xbfe921f9f01b866c A=0x7ffffffffffffd78
3119500: system.cpu: T0 : 0x10508    : fmul_d fa5, fa5, fa5       : FloatMult :  D=0x3fe3bd3a9a4a6284
3120000: system.cpu: T0 : 0x1050c    : fsgnjn_d fa4, fa5, fa5     : FloatMisc :  D=0xbfe3bd3a9a4a6284
3120500: system.cpu: T0 : 0x10510    : fld fa5, -24(s0)           : FloatMemRead :  D=0xbfe921f9f01b866c A=0x7ffffffffffffd98
3121000: system.cpu: T0 : 0x10514    : fmul_d fa4, fa4, fa5       : FloatMult :  D=0x3fdf0196330ad8b2
3121500: system.cpu: T0 : 0x10518    : lw a5, -36(s0)             : MemRead :  D=0x0000000000000001 A=0x7ffffffffffffd8c
3122000: system.cpu: T0 : 0x1051c    : fcvt_d_w fa5, a5           : FloatCvt :  D=0x3ff0000000000000
3122500: system.cpu: T0 : 0x10520    : fadd_d fa3, fa5, fa5       : FloatAdd :  D=0x4000000000000000
3123000: system.cpu: T0 : 0x10524    : lw a5, -36(s0)             : MemRead :  D=0x0000000000000001 A=0x7ffffffffffffd8c
3123500: system.cpu: T0 : 0x10528    : fcvt_d_w fa5, a5           : FloatCvt :  D=0x3ff0000000000000
3124000: system.cpu: T0 : 0x1052c    : fadd_d fa2, fa5, fa5       : FloatAdd :  D=0x4000000000000000
3124500: system.cpu: T0 : 0x10530    : auipc a5, 61               : IntAlu :  D=0x000000000004d530
3125000: system.cpu: T0 : 0x10534    : addi a5, a5, 1464          : IntAlu :  D=0x000000000004dae8
3125500: system.cpu: T0 : 0x10538    : c_fld fa5, 0(a5)           : FloatMemRead :  D=0x3ff0000000000000 A=0x4dae8
3126500: system.cpu: T0 : 0x1053a    : fadd_d fa5, fa2, fa5       : FloatAdd :  D=0x4008000000000000
3127500: system.cpu: T0 : 0x1053e    : fmul_d fa5, fa3, fa5       : FloatMult :  D=0x4018000000000000
3128500: system.cpu: T0 : 0x10542    : fdiv_d fa5, fa4, fa5       : FloatDiv :  D=0x3fb4abb9775c9077
3129500: system.cpu: T0 : 0x10546    : fsd fa5, -24(s0)           : FloatMemWrite :  D=0x3fb4abb9775c9077 A=0x7ffffffffffffd98
3130500: system.cpu: T0 : 0x1054a    : fld fa4, -32(s0)           : FloatMemRead :  D=0xbfe921f9f01b866c A=0x7ffffffffffffd90
3131500: system.cpu: T0 : 0x1054e    : fld fa5, -24(s0)           : FloatMemRead :  D=0x3fb4abb9775c9077 A=0x7ffffffffffffd98
3132500: system.cpu: T0 : 0x10552    : fadd_d fa5, fa4, fa5       : FloatAdd :  D=0xbfe68c82c12ff45d
3133500: system.cpu: T0 : 0x10556    : fsd fa5, -32(s0)           : FloatMemWrite :  D=0xbfe68c82c12ff45d A=0x7ffffffffffffd90
3134500: system.cpu: T0 : 0x1055a    : lw a5, -36(s0)             : MemRead :  D=0x0000000000000001 A=0x7ffffffffffffd8c
3135000: system.cpu: T0 : 0x1055e    : c_addiw a5, 1              : IntAlu :  D=0x0000000000000002
3135500: system.cpu: T0 : 0x10560    : sw a5, -36(s0)             : MemWrite :  D=0x0000000000000002 A=0x7ffffffffffffd8c
3136000: system.cpu: T0 : 0x10564    : c_j 98                     : IntAlu : 
3137000: system.cpu: T0 : 0x105c6    : fld fa0, -24(s0)           : FloatMemRead :  D=0x3fb4abb9775c9077 A=0x7ffffffffffffd98
3138000: system.cpu: T0 : 0x105ca    : jal ra, -410               : IntAlu :  D=0x00000000000105ce
3138500: system.cpu: T0 : 0x10430    : c_addi16sp sp, -48         : IntAlu :  D=0x7ffffffffffffd40
3139000: system.cpu: T0 : 0x10432    : c_sdsp s0, 40(sp)          : MemWrite :  D=0x7ffffffffffffdb0 A=0x7ffffffffffffd68
3139500: system.cpu: T0 : 0x10434    : c_addi4spn s0, sp, 48      : IntAlu :  D=0x7ffffffffffffd70
3140500: system.cpu: T0 : 0x10436    : fsd fa0, -40(s0)           : FloatMemWrite :  D=0x3fb4abb9775c9077 A=0x7ffffffffffffd48
3141500: system.cpu: T0 : 0x1043a    : fld fa5, -40(s0)           : FloatMemRead :  D=0x3fb4abb9775c9077 A=0x7ffffffffffffd48
3142500: system.cpu: T0 : 0x1043e    : fmv_d_x fa4, zero          : FloatCvt :  D=0x0000000000000000
3143500: system.cpu: T0 : 0x10442    : fle_d a5, fa4, fa5         : FloatCmp :  D=0x0000000000000001
3144000: system.cpu: T0 : 0x10446    : c_beqz a5, 12              : IntAlu : 
3144500: system.cpu: T0 : 0x10448    : fld fa5, -40(s0)           : FloatMemRead :  D=0x3fb4abb9775c9077 A=0x7ffffffffffffd48
3145000: system.cpu: T0 : 0x1044c    : fsd fa5, -24(s0)           : FloatMemWrite :  D=0x3fb4abb9775c9077 A=0x7ffffffffffffd58
3145500: system.cpu: T0 : 0x10450    : c_j 14                     : IntAlu : 
3146500: system.cpu: T0 : 0x1045e    : fld fa5, -24(s0)           : FloatMemRead :  D=0x3fb4abb9775c9077 A=0x7ffffffffffffd58
3147500: system.cpu: T0 : 0x10462    : fsgnj_d fa0, fa5, fa5      : FloatMisc :  D=0x3fb4abb9775c9077
3148000: system.cpu: T0 : 0x10466    : c_ldsp s0, 40(sp)          : MemRead :  D=0x7ffffffffffffdb0 A=0x7ffffffffffffd68
3148500: system.cpu: T0 : 0x10468    : c_addi16sp sp, 48          : IntAlu :  D=0x7ffffffffffffd70
3149000: system.cpu: T0 : 0x1046a    : c_jr ra                    : IntAlu : 
3150000: system.cpu: T0 : 0x105ce    : fsgnj_d fa4, fa0, fa0      : FloatMisc :  D=0x3fb4abb9775c9077
3151000: system.cpu: T0 : 0x105d2    : auipc a5, 61               : IntAlu :  D=0x000000000004d5d2
3152000: system.cpu: T0 : 0x105d6    : addi a5, a5, 1310          : IntAlu :  D=0x000000000004daf0
3152500: system.cpu: T0 : 0x105da    : c_fld fa5, 0(a5)           : FloatMemRead :  D=0x3ee4f8b588e368f1 A=0x4daf0
3153000: system.cpu: T0 : 0x105dc    : fle_d a5, fa5, fa4         : FloatCmp :  D=0x0000000000000001
3153500: system.cpu: T0 : 0x105e0    : c_bnez a5, -122            : IntAlu : 
3154500: system.cpu: T0 : 0x10566    : fld fa5, -56(s0)           : FloatMemRead :  D=0xbfe921f9f01b866c A=0x7ffffffffffffd78
3155500: system.cpu: T0 : 0x1056a    : fmul_d fa5, fa5, fa5       : FloatMult :  D=0x3fe3bd3a9a4a6284
3156500: system.cpu: T0 : 0x1056e    : fsgnjn_d fa4, fa5, fa5     : FloatMisc :  D=0xbfe3bd3a9a4a6284
3157500: system.cpu: T0 : 0x10572    : fld fa5, -24(s0)           : FloatMemRead :  D=0x3fb4abb9775c9077 A=0x7ffffffffffffd98
3158500: system.cpu: T0 : 0x10576    : fmul_d fa4, fa4, fa5       : FloatMult :  D=0xbfa9806472652444
3159500: system.cpu: T0 : 0x1057a    : lw a5, -36(s0)             : MemRead :  D=0x0000000000000002 A=0x7ffffffffffffd8c
3160500: system.cpu: T0 : 0x1057e    : fcvt_d_w fa5, a5           : FloatCvt :  D=0x4000000000000000
3161500: system.cpu: T0 : 0x10582    : fadd_d fa3, fa5, fa5       : FloatAdd :  D=0x4010000000000000
3162500: system.cpu: T0 : 0x10586    : lw a5, -36(s0)             : MemRead :  D=0x0000000000000002 A=0x7ffffffffffffd8c
3163500: system.cpu: T0 : 0x1058a    : fcvt_d_w fa5, a5           : FloatCvt :  D=0x4000000000000000
3164500: system.cpu: T0 : 0x1058e    : fadd_d fa2, fa5, fa5       : FloatAdd :  D=0x4010000000000000
3165500: system.cpu: T0 : 0x10592    : auipc a5, 61               : IntAlu :  D=0x000000000004d592
3166500: system.cpu: T0 : 0x10596    : addi a5, a5, 1366          : IntAlu :  D=0x000000000004dae8
3167000: system.cpu: T0 : 0x1059a    : c_fld fa5, 0(a5)           : FloatMemRead :  D=0x3ff0000000000000 A=0x4dae8
3167500: system.cpu: T0 : 0x1059c    : fadd_d fa5, fa2, fa5       : FloatAdd :  D=0x4014000000000000
3168000: system.cpu: T0 : 0x105a0    : fmul_d fa5, fa3, fa5       : FloatMult :  D=0x4034000000000000
3168500: system.cpu: T0 : 0x105a4    : fdiv_d fa5, fa4, fa5       : FloatDiv :  D=0xbf6466b6c1ea836a
3169000: system.cpu: T0 : 0x105a8    : fsd fa5, -24(s0)           : FloatMemWrite :  D=0xbf6466b6c1ea836a A=0x7ffffffffffffd98
3169500: system.cpu: T0 : 0x105ac    : fld fa4, -32(s0)           : FloatMemRead :  D=0xbfe68c82c12ff45d A=0x7ffffffffffffd90
3170000: system.cpu: T0 : 0x105b0    : fld fa5, -24(s0)           : FloatMemRead :  D=0xbf6466b6c1ea836a A=0x7ffffffffffffd98
3170500: system.cpu: T0 : 0x105b4    : fadd_d fa5, fa4, fa5       : FloatAdd :  D=0xbfe6a0e977f1dee0
3171000: system.cpu: T0 : 0x105b8    : fsd fa5, -32(s0)           : FloatMemWrite :  D=0xbfe6a0e977f1dee0 A=0x7ffffffffffffd90
3171500: system.cpu: T0 : 0x105bc    : lw a5, -36(s0)             : MemRead :  D=0x0000000000000002 A=0x7ffffffffffffd8c
3172000: system.cpu: T0 : 0x105c0    : c_addiw a5, 1              : IntAlu :  D=0x0000000000000003
3173000: system.cpu: T0 : 0x105c2    : sw a5, -36(s0)             : MemWrite :  D=0x0000000000000003 A=0x7ffffffffffffd8c
3174000: system.cpu: T0 : 0x105c6    : fld fa0, -24(s0)           : FloatMemRead :  D=0xbf6466b6c1ea836a A=0x7ffffffffffffd98
3175000: system.cpu: T0 : 0x105ca    : jal ra, -410               : IntAlu :  D=0x00000000000105ce
3175500: system.cpu: T0 : 0x10430    : c_addi16sp sp, -48         : IntAlu :  D=0x7ffffffffffffd40
3176000: system.cpu: T0 : 0x10432    : c_sdsp s0, 40(sp)          : MemWrite :  D=0x7ffffffffffffdb0 A=0x7ffffffffffffd68
3176500: system.cpu: T0 : 0x10434    : c_addi4spn s0, sp, 48      : IntAlu :  D=0x7ffffffffffffd70
3177500: system.cpu: T0 : 0x10436    : fsd fa0, -40(s0)           : FloatMemWrite :  D=0xbf6466b6c1ea836a A=0x7ffffffffffffd48
3178500: system.cpu: T0 : 0x1043a    : fld fa5, -40(s0)           : FloatMemRead :  D=0xbf6466b6c1ea836a A=0x7ffffffffffffd48
3179500: system.cpu: T0 : 0x1043e    : fmv_d_x fa4, zero          : FloatCvt :  D=0x0000000000000000
3180500: system.cpu: T0 : 0x10442    : fle_d a5, fa4, fa5         : FloatCmp :  D=0x0000000000000000
3181000: system.cpu: T0 : 0x10446    : c_beqz a5, 12              : IntAlu : 
3182000: system.cpu: T0 : 0x10452    : fld fa5, -40(s0)           : FloatMemRead :  D=0xbf6466b6c1ea836a A=0x7ffffffffffffd48
3183000: system.cpu: T0 : 0x10456    : fsgnjn_d fa5, fa5, fa5     : FloatMisc :  D=0x3f6466b6c1ea836a
3184000: system.cpu: T0 : 0x1045a    : fsd fa5, -24(s0)           : FloatMemWrite :  D=0x3f6466b6c1ea836a A=0x7ffffffffffffd58
3185000: system.cpu: T0 : 0x1045e    : fld fa5, -24(s0)           : FloatMemRead :  D=0x3f6466b6c1ea836a A=0x7ffffffffffffd58
3186000: system.cpu: T0 : 0x10462    : fsgnj_d fa0, fa5, fa5      : FloatMisc :  D=0x3f6466b6c1ea836a
3186500: system.cpu: T0 : 0x10466    : c_ldsp s0, 40(sp)          : MemRead :  D=0x7ffffffffffffdb0 A=0x7ffffffffffffd68
3187000: system.cpu: T0 : 0x10468    : c_addi16sp sp, 48          : IntAlu :  D=0x7ffffffffffffd70
3187500: system.cpu: T0 : 0x1046a    : c_jr ra                    : IntAlu : 
3188500: system.cpu: T0 : 0x105ce    : fsgnj_d fa4, fa0, fa0      : FloatMisc :  D=0x3f6466b6c1ea836a
3189500: system.cpu: T0 : 0x105d2    : auipc a5, 61               : IntAlu :  D=0x000000000004d5d2
3190500: system.cpu: T0 : 0x105d6    : addi a5, a5, 1310          : IntAlu :  D=0x000000000004daf0
3191000: system.cpu: T0 : 0x105da    : c_fld fa5, 0(a5)           : FloatMemRead :  D=0x3ee4f8b588e368f1 A=0x4daf0
3191500: system.cpu: T0 : 0x105dc    : fle_d a5, fa5, fa4         : FloatCmp :  D=0x0000000000000001
3192000: system.cpu: T0 : 0x105e0    : c_bnez a5, -122            : IntAlu : 
3193000: system.cpu: T0 : 0x10566    : fld fa5, -56(s0)           : FloatMemRead :  D=0xbfe921f9f01b866c A=0x7ffffffffffffd78
3194000: system.cpu: T0 : 0x1056a    : fmul_d fa5, fa5, fa5       : FloatMult :  D=0x3fe3bd3a9a4a6284
3195000: system.cpu: T0 : 0x1056e    : fsgnjn_d fa4, fa5, fa5     : FloatMisc :  D=0xbfe3bd3a9a4a6284
3196000: system.cpu: T0 : 0x10572    : fld fa5, -24(s0)           : FloatMemRead :  D=0xbf6466b6c1ea836a A=0x7ffffffffffffd98
3197000: system.cpu: T0 : 0x10576    : fmul_d fa4, fa4, fa5       : FloatMult :  D=0x3f592b410e2b14e5
3198000: system.cpu: T0 : 0x1057a    : lw a5, -36(s0)             : MemRead :  D=0x0000000000000003 A=0x7ffffffffffffd8c
3199000: system.cpu: T0 : 0x1057e    : fcvt_d_w fa5, a5           : FloatCvt :  D=0x4008000000000000
3200000: system.cpu: T0 : 0x10582    : fadd_d fa3, fa5, fa5       : FloatAdd :  D=0x4018000000000000
3201000: system.cpu: T0 : 0x10586    : lw a5, -36(s0)             : MemRead :  D=0x0000000000000003 A=0x7ffffffffffffd8c
3202000: system.cpu: T0 : 0x1058a    : fcvt_d_w fa5, a5           : FloatCvt :  D=0x4008000000000000
3203000: system.cpu: T0 : 0x1058e    : fadd_d fa2, fa5, fa5       : FloatAdd :  D=0x4018000000000000
3204000: system.cpu: T0 : 0x10592    : auipc a5, 61               : IntAlu :  D=0x000000000004d592
3205000: system.cpu: T0 : 0x10596    : addi a5, a5, 1366          : IntAlu :  D=0x000000000004dae8
3205500: system.cpu: T0 : 0x1059a    : c_fld fa5, 0(a5)           : FloatMemRead :  D=0x3ff0000000000000 A=0x4dae8
3206000: system.cpu: T0 : 0x1059c    : fadd_d fa5, fa2, fa5       : FloatAdd :  D=0x401c000000000000
3206500: system.cpu: T0 : 0x105a0    : fmul_d fa5, fa3, fa5       : FloatMult :  D=0x4045000000000000
3207000: system.cpu: T0 : 0x105a4    : fdiv_d fa5, fa4, fa5       : FloatDiv :  D=0x3f032d256020d2f8
3207500: system.cpu: T0 : 0x105a8    : fsd fa5, -24(s0)           : FloatMemWrite :  D=0x3f032d256020d2f8 A=0x7ffffffffffffd98
3208000: system.cpu: T0 : 0x105ac    : fld fa4, -32(s0)           : FloatMemRead :  D=0xbfe6a0e977f1dee0 A=0x7ffffffffffffd90
3208500: system.cpu: T0 : 0x105b0    : fld fa5, -24(s0)           : FloatMemRead :  D=0x3f032d256020d2f8 A=0x7ffffffffffffd98
3209000: system.cpu: T0 : 0x105b4    : fadd_d fa5, fa4, fa5       : FloatAdd :  D=0xbfe6a09cc35c5e5d
3209500: system.cpu: T0 : 0x105b8    : fsd fa5, -32(s0)           : FloatMemWrite :  D=0xbfe6a09cc35c5e5d A=0x7ffffffffffffd90
3210000: system.cpu: T0 : 0x105bc    : lw a5, -36(s0)             : MemRead :  D=0x0000000000000003 A=0x7ffffffffffffd8c
3210500: system.cpu: T0 : 0x105c0    : c_addiw a5, 1              : IntAlu :  D=0x0000000000000004
3211500: system.cpu: T0 : 0x105c2    : sw a5, -36(s0)             : MemWrite :  D=0x0000000000000004 A=0x7ffffffffffffd8c
3212500: system.cpu: T0 : 0x105c6    : fld fa0, -24(s0)           : FloatMemRead :  D=0x3f032d256020d2f8 A=0x7ffffffffffffd98
3213500: system.cpu: T0 : 0x105ca    : jal ra, -410               : IntAlu :  D=0x00000000000105ce
3214000: system.cpu: T0 : 0x10430    : c_addi16sp sp, -48         : IntAlu :  D=0x7ffffffffffffd40
3214500: system.cpu: T0 : 0x10432    : c_sdsp s0, 40(sp)          : MemWrite :  D=0x7ffffffffffffdb0 A=0x7ffffffffffffd68
3215000: system.cpu: T0 : 0x10434    : c_addi4spn s0, sp, 48      : IntAlu :  D=0x7ffffffffffffd70
3216000: system.cpu: T0 : 0x10436    : fsd fa0, -40(s0)           : FloatMemWrite :  D=0x3f032d256020d2f8 A=0x7ffffffffffffd48
3217000: system.cpu: T0 : 0x1043a    : fld fa5, -40(s0)           : FloatMemRead :  D=0x3f032d256020d2f8 A=0x7ffffffffffffd48
3218000: system.cpu: T0 : 0x1043e    : fmv_d_x fa4, zero          : FloatCvt :  D=0x0000000000000000
3219000: system.cpu: T0 : 0x10442    : fle_d a5, fa4, fa5         : FloatCmp :  D=0x0000000000000001
3219500: system.cpu: T0 : 0x10446    : c_beqz a5, 12              : IntAlu : 
3220000: system.cpu: T0 : 0x10448    : fld fa5, -40(s0)           : FloatMemRead :  D=0x3f032d256020d2f8 A=0x7ffffffffffffd48
3220500: system.cpu: T0 : 0x1044c    : fsd fa5, -24(s0)           : FloatMemWrite :  D=0x3f032d256020d2f8 A=0x7ffffffffffffd58
3221000: system.cpu: T0 : 0x10450    : c_j 14                     : IntAlu : 
3222000: system.cpu: T0 : 0x1045e    : fld fa5, -24(s0)           : FloatMemRead :  D=0x3f032d256020d2f8 A=0x7ffffffffffffd58
3223000: system.cpu: T0 : 0x10462    : fsgnj_d fa0, fa5, fa5      : FloatMisc :  D=0x3f032d256020d2f8
3223500: system.cpu: T0 : 0x10466    : c_ldsp s0, 40(sp)          : MemRead :  D=0x7ffffffffffffdb0 A=0x7ffffffffffffd68
3224000: system.cpu: T0 : 0x10468    : c_addi16sp sp, 48          : IntAlu :  D=0x7ffffffffffffd70
3224500: system.cpu: T0 : 0x1046a    : c_jr ra                    : IntAlu : 
3225500: system.cpu: T0 : 0x105ce    : fsgnj_d fa4, fa0, fa0      : FloatMisc :  D=0x3f032d256020d2f8
3226500: system.cpu: T0 : 0x105d2    : auipc a5, 61               : IntAlu :  D=0x000000000004d5d2
3227500: system.cpu: T0 : 0x105d6    : addi a5, a5, 1310          : IntAlu :  D=0x000000000004daf0
3228000: system.cpu: T0 : 0x105da    : c_fld fa5, 0(a5)           : FloatMemRead :  D=0x3ee4f8b588e368f1 A=0x4daf0
3228500: system.cpu: T0 : 0x105dc    : fle_d a5, fa5, fa4         : FloatCmp :  D=0x0000000000000001
3229000: system.cpu: T0 : 0x105e0    : c_bnez a5, -122            : IntAlu : 
3230000: system.cpu: T0 : 0x10566    : fld fa5, -56(s0)           : FloatMemRead :  D=0xbfe921f9f01b866c A=0x7ffffffffffffd78
3231000: system.cpu: T0 : 0x1056a    : fmul_d fa5, fa5, fa5       : FloatMult :  D=0x3fe3bd3a9a4a6284
3232000: system.cpu: T0 : 0x1056e    : fsgnjn_d fa4, fa5, fa5     : FloatMisc :  D=0xbfe3bd3a9a4a6284
3233000: system.cpu: T0 : 0x10572    : fld fa5, -24(s0)           : FloatMemRead :  D=0x3f032d256020d2f8 A=0x7ffffffffffffd98
3234000: system.cpu: T0 : 0x10576    : fmul_d fa4, fa4, fa5       : FloatMult :  D=0xbef7a867e839a956
3235000: system.cpu: T0 : 0x1057a    : lw a5, -36(s0)             : MemRead :  D=0x0000000000000004 A=0x7ffffffffffffd8c
3236000: system.cpu: T0 : 0x1057e    : fcvt_d_w fa5, a5           : FloatCvt :  D=0x4010000000000000
3237000: system.cpu: T0 : 0x10582    : fadd_d fa3, fa5, fa5       : FloatAdd :  D=0x4020000000000000
3238000: system.cpu: T0 : 0x10586    : lw a5, -36(s0)             : MemRead :  D=0x0000000000000004 A=0x7ffffffffffffd8c
3239000: system.cpu: T0 : 0x1058a    : fcvt_d_w fa5, a5           : FloatCvt :  D=0x4010000000000000
3240000: system.cpu: T0 : 0x1058e    : fadd_d fa2, fa5, fa5       : FloatAdd :  D=0x4020000000000000
3241000: system.cpu: T0 : 0x10592    : auipc a5, 61               : IntAlu :  D=0x000000000004d592
3242000: system.cpu: T0 : 0x10596    : addi a5, a5, 1366          : IntAlu :  D=0x000000000004dae8
3242500: system.cpu: T0 : 0x1059a    : c_fld fa5, 0(a5)           : FloatMemRead :  D=0x3ff0000000000000 A=0x4dae8
3243000: system.cpu: T0 : 0x1059c    : fadd_d fa5, fa2, fa5       : FloatAdd :  D=0x4022000000000000
3243500: system.cpu: T0 : 0x105a0    : fmul_d fa5, fa3, fa5       : FloatMult :  D=0x4052000000000000
3244000: system.cpu: T0 : 0x105a4    : fdiv_d fa5, fa4, fa5       : FloatDiv :  D=0xbe950778ce6c24be
3244500: system.cpu: T0 : 0x105a8    : fsd fa5, -24(s0)           : FloatMemWrite :  D=0xbe950778ce6c24be A=0x7ffffffffffffd98
3245000: system.cpu: T0 : 0x105ac    : fld fa4, -32(s0)           : FloatMemRead :  D=0xbfe6a09cc35c5e5d A=0x7ffffffffffffd90
3245500: system.cpu: T0 : 0x105b0    : fld fa5, -24(s0)           : FloatMemRead :  D=0xbe950778ce6c24be A=0x7ffffffffffffd98
3246000: system.cpu: T0 : 0x105b4    : fadd_d fa5, fa4, fa5       : FloatAdd :  D=0xbfe6a09d6b9824d0
3246500: system.cpu: T0 : 0x105b8    : fsd fa5, -32(s0)           : FloatMemWrite :  D=0xbfe6a09d6b9824d0 A=0x7ffffffffffffd90
3247000: system.cpu: T0 : 0x105bc    : lw a5, -36(s0)             : MemRead :  D=0x0000000000000004 A=0x7ffffffffffffd8c
3247500: system.cpu: T0 : 0x105c0    : c_addiw a5, 1              : IntAlu :  D=0x0000000000000005
3248500: system.cpu: T0 : 0x105c2    : sw a5, -36(s0)             : MemWrite :  D=0x0000000000000005 A=0x7ffffffffffffd8c
3249500: system.cpu: T0 : 0x105c6    : fld fa0, -24(s0)           : FloatMemRead :  D=0xbe950778ce6c24be A=0x7ffffffffffffd98
3250500: system.cpu: T0 : 0x105ca    : jal ra, -410               : IntAlu :  D=0x00000000000105ce
3251000: system.cpu: T0 : 0x10430    : c_addi16sp sp, -48         : IntAlu :  D=0x7ffffffffffffd40
3251500: system.cpu: T0 : 0x10432    : c_sdsp s0, 40(sp)          : MemWrite :  D=0x7ffffffffffffdb0 A=0x7ffffffffffffd68
3252000: system.cpu: T0 : 0x10434    : c_addi4spn s0, sp, 48      : IntAlu :  D=0x7ffffffffffffd70
3253000: system.cpu: T0 : 0x10436    : fsd fa0, -40(s0)           : FloatMemWrite :  D=0xbe950778ce6c24be A=0x7ffffffffffffd48
3254000: system.cpu: T0 : 0x1043a    : fld fa5, -40(s0)           : FloatMemRead :  D=0xbe950778ce6c24be A=0x7ffffffffffffd48
3255000: system.cpu: T0 : 0x1043e    : fmv_d_x fa4, zero          : FloatCvt :  D=0x0000000000000000
3256000: system.cpu: T0 : 0x10442    : fle_d a5, fa4, fa5         : FloatCmp :  D=0x0000000000000000
3256500: system.cpu: T0 : 0x10446    : c_beqz a5, 12              : IntAlu : 
3257500: system.cpu: T0 : 0x10452    : fld fa5, -40(s0)           : FloatMemRead :  D=0xbe950778ce6c24be A=0x7ffffffffffffd48
3258500: system.cpu: T0 : 0x10456    : fsgnjn_d fa5, fa5, fa5     : FloatMisc :  D=0x3e950778ce6c24be
3259500: system.cpu: T0 : 0x1045a    : fsd fa5, -24(s0)           : FloatMemWrite :  D=0x3e950778ce6c24be A=0x7ffffffffffffd58
3260500: system.cpu: T0 : 0x1045e    : fld fa5, -24(s0)           : FloatMemRead :  D=0x3e950778ce6c24be A=0x7ffffffffffffd58
3261500: system.cpu: T0 : 0x10462    : fsgnj_d fa0, fa5, fa5      : FloatMisc :  D=0x3e950778ce6c24be
3262000: system.cpu: T0 : 0x10466    : c_ldsp s0, 40(sp)          : MemRead :  D=0x7ffffffffffffdb0 A=0x7ffffffffffffd68
3262500: system.cpu: T0 : 0x10468    : c_addi16sp sp, 48          : IntAlu :  D=0x7ffffffffffffd70
3263000: system.cpu: T0 : 0x1046a    : c_jr ra                    : IntAlu : 
3264000: system.cpu: T0 : 0x105ce    : fsgnj_d fa4, fa0, fa0      : FloatMisc :  D=0x3e950778ce6c24be
3265000: system.cpu: T0 : 0x105d2    : auipc a5, 61               : IntAlu :  D=0x000000000004d5d2
3266000: system.cpu: T0 : 0x105d6    : addi a5, a5, 1310          : IntAlu :  D=0x000000000004daf0
3266500: system.cpu: T0 : 0x105da    : c_fld fa5, 0(a5)           : FloatMemRead :  D=0x3ee4f8b588e368f1 A=0x4daf0
3267000: system.cpu: T0 : 0x105dc    : fle_d a5, fa5, fa4         : FloatCmp :  D=0x0000000000000000
3267500: system.cpu: T0 : 0x105e0    : c_bnez a5, -122            : IntAlu : 
3268500: system.cpu: T0 : 0x105e2    : fld fa5, -32(s0)           : FloatMemRead :  D=0xbfe6a09d6b9824d0 A=0x7ffffffffffffd90
3269500: system.cpu: T0 : 0x105e6    : fsgnj_d fa0, fa5, fa5      : FloatMisc :  D=0xbfe6a09d6b9824d0
3270000: system.cpu: T0 : 0x105ea    : c_ldsp ra, 56(sp)          : MemRead :  D=0x0000000000010618 A=0x7ffffffffffffda8
3270500: system.cpu: T0 : 0x105ec    : c_ldsp s0, 48(sp)          : MemRead :  D=0x7ffffffffffffdd0 A=0x7ffffffffffffda0
3271000: system.cpu: T0 : 0x105ee    : c_addi16sp sp, 64          : IntAlu :  D=0x7ffffffffffffdb0
3271500: system.cpu: T0 : 0x105f0    : c_jr ra                    : IntAlu : 
3272000: system.cpu: T0 : 0x10618    : fsgnj_d fa5, fa0, fa0      : FloatMisc :  D=0xbfe6a09d6b9824d0
3272500: system.cpu: T0 : 0x1061c    : fsgnj_d fa0, fa5, fa5      : FloatMisc :  D=0xbfe6a09d6b9824d0
3273000: system.cpu: T0 : 0x10620    : c_ldsp ra, 24(sp)          : MemRead :  D=0x0000000000010666 A=0x7ffffffffffffdc8
3273500: system.cpu: T0 : 0x10622    : c_ldsp s0, 16(sp)          : MemRead :  D=0x7ffffffffffffdf0 A=0x7ffffffffffffdc0
3274000: system.cpu: T0 : 0x10624    : c_addi16sp sp, 32          : IntAlu :  D=0x7ffffffffffffdd0
3274500: system.cpu: T0 : 0x10626    : c_jr ra                    : IntAlu : 
3275500: system.cpu: T0 : 0x10666    : fsgnj_d fa5, fa0, fa0      : FloatMisc :  D=0xbfe6a09d6b9824d0
3276500: system.cpu: T0 : 0x1066a    : auipc a4, 96               : IntAlu :  D=0x000000000007066a
3277500: system.cpu: T0 : 0x1066e    : ld a4, 438(a4)             : MemRead :  D=0x00000000000719a0 A=0x70820
3278500: system.cpu: T0 : 0x10672    : lw a5, -32(s0)             : MemRead :  D=0x0000000000000003 A=0x7ffffffffffffdd0
3279000: system.cpu: T0 : 0x10676    : c_slli a5, 3               : IntAlu :  D=0x0000000000000018
3279500: system.cpu: T0 : 0x10678    : c_add a5, a4               : IntAlu :  D=0x00000000000719b8
3280000: system.cpu: T0 : 0x1067a    : c_fsd fa5, 0(a5)           : FloatMemWrite :  D=0xbfe6a09d6b9824d0 A=0x719b8
3280500: system.cpu: T0 : 0x1067c    : lw a5, -32(s0)             : MemRead :  D=0x0000000000000003 A=0x7ffffffffffffdd0
3281000: system.cpu: T0 : 0x10680    : c_addiw a5, 1              : IntAlu :  D=0x0000000000000004
3282000: system.cpu: T0 : 0x10682    : sw a5, -32(s0)             : MemWrite :  D=0x0000000000000004 A=0x7ffffffffffffdd0
3283000: system.cpu: T0 : 0x10686    : lw a4, -32(s0)             : MemRead :  D=0x0000000000000004 A=0x7ffffffffffffdd0
3284000: system.cpu: T0 : 0x1068a    : lw a5, -28(s0)             : MemRead :  D=0x0000000000000008 A=0x7ffffffffffffdd4
3284500: system.cpu: T0 : 0x1068e    : c_addiw a4, 0              : IntAlu :  D=0x0000000000000004
3285000: system.cpu: T0 : 0x10690    : c_addiw a5, 0              : IntAlu :  D=0x0000000000000008
3286000: system.cpu: T0 : 0x10692    : blt a4, a5, -86            : IntAlu : 
3286500: system.cpu: T0 : 0x1063c    : lw a5, -32(s0)             : MemRead :  D=0x0000000000000004 A=0x7ffffffffffffdd0
3287000: system.cpu: T0 : 0x10640    : fcvt_d_w fa4, a5           : FloatCvt :  D=0x4010000000000000
3287500: system.cpu: T0 : 0x10644    : auipc a5, 61               : IntAlu :  D=0x000000000004d644
3288000: system.cpu: T0 : 0x10648    : addi a5, a5, 1172          : IntAlu :  D=0x000000000004dad8
3288500: system.cpu: T0 : 0x1064c    : c_fld fa5, 0(a5)           : FloatMemRead :  D=0x401921f9f01b866e A=0x4dad8
3289500: system.cpu: T0 : 0x1064e    : fmul_d fa4, fa4, fa5       : FloatMult :  D=0x403921f9f01b866e
3290500: system.cpu: T0 : 0x10652    : lw a5, -28(s0)             : MemRead :  D=0x0000000000000008 A=0x7ffffffffffffdd4
3291500: system.cpu: T0 : 0x10656    : fcvt_d_w fa5, a5           : FloatCvt :  D=0x4020000000000000
3292500: system.cpu: T0 : 0x1065a    : fdiv_d fa5, fa4, fa5       : FloatDiv :  D=0x400921f9f01b866e
3293500: system.cpu: T0 : 0x1065e    : fsgnj_d fa0, fa5, fa5      : FloatMisc :  D=0x400921f9f01b866e
3294500: system.cpu: T0 : 0x10662    : jal ra, -112               : IntAlu :  D=0x0000000000010666
3295000: system.cpu: T0 : 0x105f2    : c_addi sp, -32             : IntAlu :  D=0x7ffffffffffffdb0
3295500: system.cpu: T0 : 0x105f4    : c_sdsp ra, 24(sp)          : MemWrite :  D=0x0000000000010666 A=0x7ffffffffffffdc8
3296000: system.cpu: T0 : 0x105f6    : c_sdsp s0, 16(sp)          : MemWrite :  D=0x7ffffffffffffdf0 A=0x7ffffffffffffdc0
3296500: system.cpu: T0 : 0x105f8    : c_addi4spn s0, sp, 32      : IntAlu :  D=0x7ffffffffffffdd0
3297500: system.cpu: T0 : 0x105fa    : fsd fa0, -24(s0)           : FloatMemWrite :  D=0x400921f9f01b866e A=0x7ffffffffffffdb8
3298500: system.cpu: T0 : 0x105fe    : auipc a5, 61               : IntAlu :  D=0x000000000004d5fe
3299500: system.cpu: T0 : 0x10602    : addi a5, a5, 1274          : IntAlu :  D=0x000000000004daf8
3300000: system.cpu: T0 : 0x10606    : c_fld fa4, 0(a5)           : FloatMemRead :  D=0x3ff921f9f01b866e A=0x4daf8
3300500: system.cpu: T0 : 0x10608    : fld fa5, -24(s0)           : FloatMemRead :  D=0x400921f9f01b866e A=0x7ffffffffffffdb8
3301000: system.cpu: T0 : 0x1060c    : fsub_d fa5, fa4, fa5       : FloatAdd :  D=0xbff921f9f01b866e
3301500: system.cpu: T0 : 0x10610    : fsgnj_d fa0, fa5, fa5      : FloatMisc :  D=0xbff921f9f01b866e
3302000: system.cpu: T0 : 0x10614    : jal ra, -394               : IntAlu :  D=0x0000000000010618
3302500: system.cpu: T0 : 0x1048a    : c_addi16sp sp, -64         : IntAlu :  D=0x7ffffffffffffd70
3303000: system.cpu: T0 : 0x1048c    : c_sdsp ra, 56(sp)          : MemWrite :  D=0x0000000000010618 A=0x7ffffffffffffda8
3303500: system.cpu: T0 : 0x1048e    : c_sdsp s0, 48(sp)          : MemWrite :  D=0x7ffffffffffffdd0 A=0x7ffffffffffffda0
3304000: system.cpu: T0 : 0x10490    : c_addi4spn s0, sp, 64      : IntAlu :  D=0x7ffffffffffffdb0
3305000: system.cpu: T0 : 0x10492    : fsd fa0, -56(s0)           : FloatMemWrite :  D=0xbff921f9f01b866e A=0x7ffffffffffffd78
3305500: system.cpu: T0 : 0x10496    : c_li a5, 1                 : IntAlu :  D=0x0000000000000001
3306000: system.cpu: T0 : 0x10498    : sw a5, -36(s0)             : MemWrite :  D=0x0000000000000001 A=0x7ffffffffffffd8c
3306500: system.cpu: T0 : 0x1049c    : c_j 24                     : IntAlu : 
3307000: system.cpu: T0 : 0x104b4    : fld fa4, -56(s0)           : FloatMemRead :  D=0xbff921f9f01b866e A=0x7ffffffffffffd78
3307500: system.cpu: T0 : 0x104b8    : auipc a5, 61               : IntAlu :  D=0x000000000004d4b8
3308000: system.cpu: T0 : 0x104bc    : addi a5, a5, 1568          : IntAlu :  D=0x000000000004dad8
3308500: system.cpu: T0 : 0x104c0    : c_fld fa5, 0(a5)           : FloatMemRead :  D=0x401921f9f01b866e A=0x4dad8
3309500: system.cpu: T0 : 0x104c2    : flt_d a5, fa5, fa4         : FloatCmp :  D=0x0000000000000000
3310000: system.cpu: T0 : 0x104c6    : c_bnez a5, -40             : IntAlu : 
3310500: system.cpu: T0 : 0x104c8    : c_j 24                     : IntAlu : 
3311000: system.cpu: T0 : 0x104e0    : fld fa4, -56(s0)           : FloatMemRead :  D=0xbff921f9f01b866e A=0x7ffffffffffffd78
3311500: system.cpu: T0 : 0x104e4    : auipc a5, 61               : IntAlu :  D=0x000000000004d4e4
3312000: system.cpu: T0 : 0x104e8    : addi a5, a5, 1532          : IntAlu :  D=0x000000000004dae0
3312500: system.cpu: T0 : 0x104ec    : c_fld fa5, 0(a5)           : FloatMemRead :  D=0xc01921f9f01b866e A=0x4dae0
3313500: system.cpu: T0 : 0x104ee    : flt_d a5, fa4, fa5         : FloatCmp :  D=0x0000000000000000
3314000: system.cpu: T0 : 0x104f2    : c_bnez a5, -40             : IntAlu : 
3314500: system.cpu: T0 : 0x104f4    : fld fa5, -56(s0)           : FloatMemRead :  D=0xbff921f9f01b866e A=0x7ffffffffffffd78
3315000: system.cpu: T0 : 0x104f8    : fsd fa5, -24(s0)           : FloatMemWrite :  D=0xbff921f9f01b866e A=0x7ffffffffffffd98
3315500: system.cpu: T0 : 0x104fc    : fld fa5, -24(s0)           : FloatMemRead :  D=0xbff921f9f01b866e A=0x7ffffffffffffd98
3316000: system.cpu: T0 : 0x10500    : fsd fa5, -32(s0)           : FloatMemWrite :  D=0xbff921f9f01b866e A=0x7ffffffffffffd90
3316500: system.cpu: T0 : 0x10504    : fld fa5, -56(s0)           : FloatMemRead :  D=0xbff921f9f01b866e A=0x7ffffffffffffd78
3317000: system.cpu: T0 : 0x10508    : fmul_d fa5, fa5, fa5       : FloatMult :  D=0x4003bd3a9a4a6287
3317500: system.cpu: T0 : 0x1050c    : fsgnjn_d fa4, fa5, fa5     : FloatMisc :  D=0xc003bd3a9a4a6287
3318000: system.cpu: T0 : 0x10510    : fld fa5, -24(s0)           : FloatMemRead :  D=0xbff921f9f01b866e A=0x7ffffffffffffd98
3318500: system.cpu: T0 : 0x10514    : fmul_d fa4, fa4, fa5       : FloatMult :  D=0x400f0196330ad8ba
3319000: system.cpu: T0 : 0x10518    : lw a5, -36(s0)             : MemRead :  D=0x0000000000000001 A=0x7ffffffffffffd8c
3319500: system.cpu: T0 : 0x1051c    : fcvt_d_w fa5, a5           : FloatCvt :  D=0x3ff0000000000000
3320000: system.cpu: T0 : 0x10520    : fadd_d fa3, fa5, fa5       : FloatAdd :  D=0x4000000000000000
3320500: system.cpu: T0 : 0x10524    : lw a5, -36(s0)             : MemRead :  D=0x0000000000000001 A=0x7ffffffffffffd8c
3321000: system.cpu: T0 : 0x10528    : fcvt_d_w fa5, a5           : FloatCvt :  D=0x3ff0000000000000
3321500: system.cpu: T0 : 0x1052c    : fadd_d fa2, fa5, fa5       : FloatAdd :  D=0x4000000000000000
3322000: system.cpu: T0 : 0x10530    : auipc a5, 61               : IntAlu :  D=0x000000000004d530
3322500: system.cpu: T0 : 0x10534    : addi a5, a5, 1464          : IntAlu :  D=0x000000000004dae8
3323000: system.cpu: T0 : 0x10538    : c_fld fa5, 0(a5)           : FloatMemRead :  D=0x3ff0000000000000 A=0x4dae8
3324000: system.cpu: T0 : 0x1053a    : fadd_d fa5, fa2, fa5       : FloatAdd :  D=0x4008000000000000
3325000: system.cpu: T0 : 0x1053e    : fmul_d fa5, fa3, fa5       : FloatMult :  D=0x4018000000000000
3326000: system.cpu: T0 : 0x10542    : fdiv_d fa5, fa4, fa5       : FloatDiv :  D=0x3fe4abb9775c907c
3327000: system.cpu: T0 : 0x10546    : fsd fa5, -24(s0)           : FloatMemWrite :  D=0x3fe4abb9775c907c A=0x7ffffffffffffd98
3328000: system.cpu: T0 : 0x1054a    : fld fa4, -32(s0)           : FloatMemRead :  D=0xbff921f9f01b866e A=0x7ffffffffffffd90
3329000: system.cpu: T0 : 0x1054e    : fld fa5, -24(s0)           : FloatMemRead :  D=0x3fe4abb9775c907c A=0x7ffffffffffffd98
3330000: system.cpu: T0 : 0x10552    : fadd_d fa5, fa4, fa5       : FloatAdd :  D=0xbfed983a68da7c60
3331000: system.cpu: T0 : 0x10556    : fsd fa5, -32(s0)           : FloatMemWrite :  D=0xbfed983a68da7c60 A=0x7ffffffffffffd90
3332000: system.cpu: T0 : 0x1055a    : lw a5, -36(s0)             : MemRead :  D=0x0000000000000001 A=0x7ffffffffffffd8c
3332500: system.cpu: T0 : 0x1055e    : c_addiw a5, 1              : IntAlu :  D=0x0000000000000002
3333000: system.cpu: T0 : 0x10560    : sw a5, -36(s0)             : MemWrite :  D=0x0000000000000002 A=0x7ffffffffffffd8c
3333500: system.cpu: T0 : 0x10564    : c_j 98                     : IntAlu : 
3334500: system.cpu: T0 : 0x105c6    : fld fa0, -24(s0)           : FloatMemRead :  D=0x3fe4abb9775c907c A=0x7ffffffffffffd98
3335500: system.cpu: T0 : 0x105ca    : jal ra, -410               : IntAlu :  D=0x00000000000105ce
3336000: system.cpu: T0 : 0x10430    : c_addi16sp sp, -48         : IntAlu :  D=0x7ffffffffffffd40
3336500: system.cpu: T0 : 0x10432    : c_sdsp s0, 40(sp)          : MemWrite :  D=0x7ffffffffffffdb0 A=0x7ffffffffffffd68
3337000: system.cpu: T0 : 0x10434    : c_addi4spn s0, sp, 48      : IntAlu :  D=0x7ffffffffffffd70
3338000: system.cpu: T0 : 0x10436    : fsd fa0, -40(s0)           : FloatMemWrite :  D=0x3fe4abb9775c907c A=0x7ffffffffffffd48
3339000: system.cpu: T0 : 0x1043a    : fld fa5, -40(s0)           : FloatMemRead :  D=0x3fe4abb9775c907c A=0x7ffffffffffffd48
3340000: system.cpu: T0 : 0x1043e    : fmv_d_x fa4, zero          : FloatCvt :  D=0x0000000000000000
3341000: system.cpu: T0 : 0x10442    : fle_d a5, fa4, fa5         : FloatCmp :  D=0x0000000000000001
3341500: system.cpu: T0 : 0x10446    : c_beqz a5, 12              : IntAlu : 
3342000: system.cpu: T0 : 0x10448    : fld fa5, -40(s0)           : FloatMemRead :  D=0x3fe4abb9775c907c A=0x7ffffffffffffd48
3342500: system.cpu: T0 : 0x1044c    : fsd fa5, -24(s0)           : FloatMemWrite :  D=0x3fe4abb9775c907c A=0x7ffffffffffffd58
3343000: system.cpu: T0 : 0x10450    : c_j 14                     : IntAlu : 
3344000: system.cpu: T0 : 0x1045e    : fld fa5, -24(s0)           : FloatMemRead :  D=0x3fe4abb9775c907c A=0x7ffffffffffffd58
3345000: system.cpu: T0 : 0x10462    : fsgnj_d fa0, fa5, fa5      : FloatMisc :  D=0x3fe4abb9775c907c
3345500: system.cpu: T0 : 0x10466    : c_ldsp s0, 40(sp)          : MemRead :  D=0x7ffffffffffffdb0 A=0x7ffffffffffffd68
3346000: system.cpu: T0 : 0x10468    : c_addi16sp sp, 48          : IntAlu :  D=0x7ffffffffffffd70
3346500: system.cpu: T0 : 0x1046a    : c_jr ra                    : IntAlu : 
3347500: system.cpu: T0 : 0x105ce    : fsgnj_d fa4, fa0, fa0      : FloatMisc :  D=0x3fe4abb9775c907c
3348500: system.cpu: T0 : 0x105d2    : auipc a5, 61               : IntAlu :  D=0x000000000004d5d2
3349500: system.cpu: T0 : 0x105d6    : addi a5, a5, 1310          : IntAlu :  D=0x000000000004daf0
3350000: system.cpu: T0 : 0x105da    : c_fld fa5, 0(a5)           : FloatMemRead :  D=0x3ee4f8b588e368f1 A=0x4daf0
3350500: system.cpu: T0 : 0x105dc    : fle_d a5, fa5, fa4         : FloatCmp :  D=0x0000000000000001
3351000: system.cpu: T0 : 0x105e0    : c_bnez a5, -122            : IntAlu : 
3352000: system.cpu: T0 : 0x10566    : fld fa5, -56(s0)           : FloatMemRead :  D=0xbff921f9f01b866e A=0x7ffffffffffffd78
3353000: system.cpu: T0 : 0x1056a    : fmul_d fa5, fa5, fa5       : FloatMult :  D=0x4003bd3a9a4a6287
3354000: system.cpu: T0 : 0x1056e    : fsgnjn_d fa4, fa5, fa5     : FloatMisc :  D=0xc003bd3a9a4a6287
3355000: system.cpu: T0 : 0x10572    : fld fa5, -24(s0)           : FloatMemRead :  D=0x3fe4abb9775c907c A=0x7ffffffffffffd98
3356000: system.cpu: T0 : 0x10576    : fmul_d fa4, fa4, fa5       : FloatMult :  D=0xbff980647265244e
3357000: system.cpu: T0 : 0x1057a    : lw a5, -36(s0)             : MemRead :  D=0x0000000000000002 A=0x7ffffffffffffd8c
3358000: system.cpu: T0 : 0x1057e    : fcvt_d_w fa5, a5           : FloatCvt :  D=0x4000000000000000
3359000: system.cpu: T0 : 0x10582    : fadd_d fa3, fa5, fa5       : FloatAdd :  D=0x4010000000000000
3360000: system.cpu: T0 : 0x10586    : lw a5, -36(s0)             : MemRead :  D=0x0000000000000002 A=0x7ffffffffffffd8c
3361000: system.cpu: T0 : 0x1058a    : fcvt_d_w fa5, a5           : FloatCvt :  D=0x4000000000000000
3362000: system.cpu: T0 : 0x1058e    : fadd_d fa2, fa5, fa5       : FloatAdd :  D=0x4010000000000000
3363000: system.cpu: T0 : 0x10592    : auipc a5, 61               : IntAlu :  D=0x000000000004d592
3364000: system.cpu: T0 : 0x10596    : addi a5, a5, 1366          : IntAlu :  D=0x000000000004dae8
3364500: system.cpu: T0 : 0x1059a    : c_fld fa5, 0(a5)           : FloatMemRead :  D=0x3ff0000000000000 A=0x4dae8
3365000: system.cpu: T0 : 0x1059c    : fadd_d fa5, fa2, fa5       : FloatAdd :  D=0x4014000000000000
3365500: system.cpu: T0 : 0x105a0    : fmul_d fa5, fa3, fa5       : FloatMult :  D=0x4034000000000000
3366000: system.cpu: T0 : 0x105a4    : fdiv_d fa5, fa4, fa5       : FloatDiv :  D=0xbfb466b6c1ea8372
3366500: system.cpu: T0 : 0x105a8    : fsd fa5, -24(s0)           : FloatMemWrite :  D=0xbfb466b6c1ea8372 A=0x7ffffffffffffd98
3367000: system.cpu: T0 : 0x105ac    : fld fa4, -32(s0)           : FloatMemRead :  D=0xbfed983a68da7c60 A=0x7ffffffffffffd90
3367500: system.cpu: T0 : 0x105b0    : fld fa5, -24(s0)           : FloatMemRead :  D=0xbfb466b6c1ea8372 A=0x7ffffffffffffd98
3368000: system.cpu: T0 : 0x105b4    : fadd_d fa5, fa4, fa5       : FloatAdd :  D=0xbff01288a08be667
3368500: system.cpu: T0 : 0x105b8    : fsd fa5, -32(s0)           : FloatMemWrite :  D=0xbff01288a08be667 A=0x7ffffffffffffd90
3369000: system.cpu: T0 : 0x105bc    : lw a5, -36(s0)             : MemRead :  D=0x0000000000000002 A=0x7ffffffffffffd8c
3369500: system.cpu: T0 : 0x105c0    : c_addiw a5, 1              : IntAlu :  D=0x0000000000000003
3370500: system.cpu: T0 : 0x105c2    : sw a5, -36(s0)             : MemWrite :  D=0x0000000000000003 A=0x7ffffffffffffd8c
3371500: system.cpu: T0 : 0x105c6    : fld fa0, -24(s0)           : FloatMemRead :  D=0xbfb466b6c1ea8372 A=0x7ffffffffffffd98
3372500: system.cpu: T0 : 0x105ca    : jal ra, -410               : IntAlu :  D=0x00000000000105ce
3373000: system.cpu: T0 : 0x10430    : c_addi16sp sp, -48         : IntAlu :  D=0x7ffffffffffffd40
3373500: system.cpu: T0 : 0x10432    : c_sdsp s0, 40(sp)          : MemWrite :  D=0x7ffffffffffffdb0 A=0x7ffffffffffffd68
3374000: system.cpu: T0 : 0x10434    : c_addi4spn s0, sp, 48      : IntAlu :  D=0x7ffffffffffffd70
3375000: system.cpu: T0 : 0x10436    : fsd fa0, -40(s0)           : FloatMemWrite :  D=0xbfb466b6c1ea8372 A=0x7ffffffffffffd48
3376000: system.cpu: T0 : 0x1043a    : fld fa5, -40(s0)           : FloatMemRead :  D=0xbfb466b6c1ea8372 A=0x7ffffffffffffd48
3377000: system.cpu: T0 : 0x1043e    : fmv_d_x fa4, zero          : FloatCvt :  D=0x0000000000000000
3378000: system.cpu: T0 : 0x10442    : fle_d a5, fa4, fa5         : FloatCmp :  D=0x0000000000000000
3378500: system.cpu: T0 : 0x10446    : c_beqz a5, 12              : IntAlu : 
3379500: system.cpu: T0 : 0x10452    : fld fa5, -40(s0)           : FloatMemRead :  D=0xbfb466b6c1ea8372 A=0x7ffffffffffffd48
3380500: system.cpu: T0 : 0x10456    : fsgnjn_d fa5, fa5, fa5     : FloatMisc :  D=0x3fb466b6c1ea8372
3381500: system.cpu: T0 : 0x1045a    : fsd fa5, -24(s0)           : FloatMemWrite :  D=0x3fb466b6c1ea8372 A=0x7ffffffffffffd58
3382500: system.cpu: T0 : 0x1045e    : fld fa5, -24(s0)           : FloatMemRead :  D=0x3fb466b6c1ea8372 A=0x7ffffffffffffd58
3383500: system.cpu: T0 : 0x10462    : fsgnj_d fa0, fa5, fa5      : FloatMisc :  D=0x3fb466b6c1ea8372
3384000: system.cpu: T0 : 0x10466    : c_ldsp s0, 40(sp)          : MemRead :  D=0x7ffffffffffffdb0 A=0x7ffffffffffffd68
3384500: system.cpu: T0 : 0x10468    : c_addi16sp sp, 48          : IntAlu :  D=0x7ffffffffffffd70
3385000: system.cpu: T0 : 0x1046a    : c_jr ra                    : IntAlu : 
3386000: system.cpu: T0 : 0x105ce    : fsgnj_d fa4, fa0, fa0      : FloatMisc :  D=0x3fb466b6c1ea8372
3387000: system.cpu: T0 : 0x105d2    : auipc a5, 61               : IntAlu :  D=0x000000000004d5d2
3388000: system.cpu: T0 : 0x105d6    : addi a5, a5, 1310          : IntAlu :  D=0x000000000004daf0
3388500: system.cpu: T0 : 0x105da    : c_fld fa5, 0(a5)           : FloatMemRead :  D=0x3ee4f8b588e368f1 A=0x4daf0
3389000: system.cpu: T0 : 0x105dc    : fle_d a5, fa5, fa4         : FloatCmp :  D=0x0000000000000001
3389500: system.cpu: T0 : 0x105e0    : c_bnez a5, -122            : IntAlu : 
3390500: system.cpu: T0 : 0x10566    : fld fa5, -56(s0)           : FloatMemRead :  D=0xbff921f9f01b866e A=0x7ffffffffffffd78
3391500: system.cpu: T0 : 0x1056a    : fmul_d fa5, fa5, fa5       : FloatMult :  D=0x4003bd3a9a4a6287
3392500: system.cpu: T0 : 0x1056e    : fsgnjn_d fa4, fa5, fa5     : FloatMisc :  D=0xc003bd3a9a4a6287
3393500: system.cpu: T0 : 0x10572    : fld fa5, -24(s0)           : FloatMemRead :  D=0xbfb466b6c1ea8372 A=0x7ffffffffffffd98
3394500: system.cpu: T0 : 0x10576    : fmul_d fa4, fa4, fa5       : FloatMult :  D=0x3fc92b410e2b14f3
3395500: system.cpu: T0 : 0x1057a    : lw a5, -36(s0)             : MemRead :  D=0x0000000000000003 A=0x7ffffffffffffd8c
3396500: system.cpu: T0 : 0x1057e    : fcvt_d_w fa5, a5           : FloatCvt :  D=0x4008000000000000
3397500: system.cpu: T0 : 0x10582    : fadd_d fa3, fa5, fa5       : FloatAdd :  D=0x4018000000000000
3398500: system.cpu: T0 : 0x10586    : lw a5, -36(s0)             : MemRead :  D=0x0000000000000003 A=0x7ffffffffffffd8c
3399500: system.cpu: T0 : 0x1058a    : fcvt_d_w fa5, a5           : FloatCvt :  D=0x4008000000000000
3400500: system.cpu: T0 : 0x1058e    : fadd_d fa2, fa5, fa5       : FloatAdd :  D=0x4018000000000000
3401500: system.cpu: T0 : 0x10592    : auipc a5, 61               : IntAlu :  D=0x000000000004d592
3402500: system.cpu: T0 : 0x10596    : addi a5, a5, 1366          : IntAlu :  D=0x000000000004dae8
3403000: system.cpu: T0 : 0x1059a    : c_fld fa5, 0(a5)           : FloatMemRead :  D=0x3ff0000000000000 A=0x4dae8
3403500: system.cpu: T0 : 0x1059c    : fadd_d fa5, fa2, fa5       : FloatAdd :  D=0x401c000000000000
3404000: system.cpu: T0 : 0x105a0    : fmul_d fa5, fa3, fa5       : FloatMult :  D=0x4045000000000000
3404500: system.cpu: T0 : 0x105a4    : fdiv_d fa5, fa4, fa5       : FloatDiv :  D=0x3f732d256020d302
3405000: system.cpu: T0 : 0x105a8    : fsd fa5, -24(s0)           : FloatMemWrite :  D=0x3f732d256020d302 A=0x7ffffffffffffd98
3405500: system.cpu: T0 : 0x105ac    : fld fa4, -32(s0)           : FloatMemRead :  D=0xbff01288a08be667 A=0x7ffffffffffffd90
3406000: system.cpu: T0 : 0x105b0    : fld fa5, -24(s0)           : FloatMemRead :  D=0x3f732d256020d302 A=0x7ffffffffffffd98
3406500: system.cpu: T0 : 0x105b4    : fadd_d fa5, fa4, fa5       : FloatAdd :  D=0xbfeffeb6f6578b28
3407000: system.cpu: T0 : 0x105b8    : fsd fa5, -32(s0)           : FloatMemWrite :  D=0xbfeffeb6f6578b28 A=0x7ffffffffffffd90
3407500: system.cpu: T0 : 0x105bc    : lw a5, -36(s0)             : MemRead :  D=0x0000000000000003 A=0x7ffffffffffffd8c
3408000: system.cpu: T0 : 0x105c0    : c_addiw a5, 1              : IntAlu :  D=0x0000000000000004
3409000: system.cpu: T0 : 0x105c2    : sw a5, -36(s0)             : MemWrite :  D=0x0000000000000004 A=0x7ffffffffffffd8c
3410000: system.cpu: T0 : 0x105c6    : fld fa0, -24(s0)           : FloatMemRead :  D=0x3f732d256020d302 A=0x7ffffffffffffd98
3411000: system.cpu: T0 : 0x105ca    : jal ra, -410               : IntAlu :  D=0x00000000000105ce
3411500: system.cpu: T0 : 0x10430    : c_addi16sp sp, -48         : IntAlu :  D=0x7ffffffffffffd40
3412000: system.cpu: T0 : 0x10432    : c_sdsp s0, 40(sp)          : MemWrite :  D=0x7ffffffffffffdb0 A=0x7ffffffffffffd68
3412500: system.cpu: T0 : 0x10434    : c_addi4spn s0, sp, 48      : IntAlu :  D=0x7ffffffffffffd70
3413500: system.cpu: T0 : 0x10436    : fsd fa0, -40(s0)           : FloatMemWrite :  D=0x3f732d256020d302 A=0x7ffffffffffffd48
3414500: system.cpu: T0 : 0x1043a    : fld fa5, -40(s0)           : FloatMemRead :  D=0x3f732d256020d302 A=0x7ffffffffffffd48
3415500: system.cpu: T0 : 0x1043e    : fmv_d_x fa4, zero          : FloatCvt :  D=0x0000000000000000
3416500: system.cpu: T0 : 0x10442    : fle_d a5, fa4, fa5         : FloatCmp :  D=0x0000000000000001
3417000: system.cpu: T0 : 0x10446    : c_beqz a5, 12              : IntAlu : 
3417500: system.cpu: T0 : 0x10448    : fld fa5, -40(s0)           : FloatMemRead :  D=0x3f732d256020d302 A=0x7ffffffffffffd48
3418000: system.cpu: T0 : 0x1044c    : fsd fa5, -24(s0)           : FloatMemWrite :  D=0x3f732d256020d302 A=0x7ffffffffffffd58
3418500: system.cpu: T0 : 0x10450    : c_j 14                     : IntAlu : 
3419500: system.cpu: T0 : 0x1045e    : fld fa5, -24(s0)           : FloatMemRead :  D=0x3f732d256020d302 A=0x7ffffffffffffd58
3420500: system.cpu: T0 : 0x10462    : fsgnj_d fa0, fa5, fa5      : FloatMisc :  D=0x3f732d256020d302
3421000: system.cpu: T0 : 0x10466    : c_ldsp s0, 40(sp)          : MemRead :  D=0x7ffffffffffffdb0 A=0x7ffffffffffffd68
3421500: system.cpu: T0 : 0x10468    : c_addi16sp sp, 48          : IntAlu :  D=0x7ffffffffffffd70
3422000: system.cpu: T0 : 0x1046a    : c_jr ra                    : IntAlu : 
3423000: system.cpu: T0 : 0x105ce    : fsgnj_d fa4, fa0, fa0      : FloatMisc :  D=0x3f732d256020d302
3424000: system.cpu: T0 : 0x105d2    : auipc a5, 61               : IntAlu :  D=0x000000000004d5d2
3425000: system.cpu: T0 : 0x105d6    : addi a5, a5, 1310          : IntAlu :  D=0x000000000004daf0
3425500: system.cpu: T0 : 0x105da    : c_fld fa5, 0(a5)           : FloatMemRead :  D=0x3ee4f8b588e368f1 A=0x4daf0
3426000: system.cpu: T0 : 0x105dc    : fle_d a5, fa5, fa4         : FloatCmp :  D=0x0000000000000001
3426500: system.cpu: T0 : 0x105e0    : c_bnez a5, -122            : IntAlu : 
3427500: system.cpu: T0 : 0x10566    : fld fa5, -56(s0)           : FloatMemRead :  D=0xbff921f9f01b866e A=0x7ffffffffffffd78
3428500: system.cpu: T0 : 0x1056a    : fmul_d fa5, fa5, fa5       : FloatMult :  D=0x4003bd3a9a4a6287
3429500: system.cpu: T0 : 0x1056e    : fsgnjn_d fa4, fa5, fa5     : FloatMisc :  D=0xc003bd3a9a4a6287
3430500: system.cpu: T0 : 0x10572    : fld fa5, -24(s0)           : FloatMemRead :  D=0x3f732d256020d302 A=0x7ffffffffffffd98
3431500: system.cpu: T0 : 0x10576    : fmul_d fa4, fa4, fa5       : FloatMult :  D=0xbf87a867e839a966
3432500: system.cpu: T0 : 0x1057a    : lw a5, -36(s0)             : MemRead :  D=0x0000000000000004 A=0x7ffffffffffffd8c
3433500: system.cpu: T0 : 0x1057e    : fcvt_d_w fa5, a5           : FloatCvt :  D=0x4010000000000000
3434500: system.cpu: T0 : 0x10582    : fadd_d fa3, fa5, fa5       : FloatAdd :  D=0x4020000000000000
3435500: system.cpu: T0 : 0x10586    : lw a5, -36(s0)             : MemRead :  D=0x0000000000000004 A=0x7ffffffffffffd8c
3436500: system.cpu: T0 : 0x1058a    : fcvt_d_w fa5, a5           : FloatCvt :  D=0x4010000000000000
3437500: system.cpu: T0 : 0x1058e    : fadd_d fa2, fa5, fa5       : FloatAdd :  D=0x4020000000000000
3438500: system.cpu: T0 : 0x10592    : auipc a5, 61               : IntAlu :  D=0x000000000004d592
3439500: system.cpu: T0 : 0x10596    : addi a5, a5, 1366          : IntAlu :  D=0x000000000004dae8
3440000: system.cpu: T0 : 0x1059a    : c_fld fa5, 0(a5)           : FloatMemRead :  D=0x3ff0000000000000 A=0x4dae8
3440500: system.cpu: T0 : 0x1059c    : fadd_d fa5, fa2, fa5       : FloatAdd :  D=0x4022000000000000
3441000: system.cpu: T0 : 0x105a0    : fmul_d fa5, fa3, fa5       : FloatMult :  D=0x4052000000000000
3441500: system.cpu: T0 : 0x105a4    : fdiv_d fa5, fa4, fa5       : FloatDiv :  D=0xbf250778ce6c24cc
3442000: system.cpu: T0 : 0x105a8    : fsd fa5, -24(s0)           : FloatMemWrite :  D=0xbf250778ce6c24cc A=0x7ffffffffffffd98
3442500: system.cpu: T0 : 0x105ac    : fld fa4, -32(s0)           : FloatMemRead :  D=0xbfeffeb6f6578b28 A=0x7ffffffffffffd90
3443000: system.cpu: T0 : 0x105b0    : fld fa5, -24(s0)           : FloatMemRead :  D=0xbf250778ce6c24cc A=0x7ffffffffffffd98
3443500: system.cpu: T0 : 0x105b4    : fadd_d fa5, fa4, fa5       : FloatAdd :  D=0xbff00003b6f238f5
3444000: system.cpu: T0 : 0x105b8    : fsd fa5, -32(s0)           : FloatMemWrite :  D=0xbff00003b6f238f5 A=0x7ffffffffffffd90
3444500: system.cpu: T0 : 0x105bc    : lw a5, -36(s0)             : MemRead :  D=0x0000000000000004 A=0x7ffffffffffffd8c
3445000: system.cpu: T0 : 0x105c0    : c_addiw a5, 1              : IntAlu :  D=0x0000000000000005
3446000: system.cpu: T0 : 0x105c2    : sw a5, -36(s0)             : MemWrite :  D=0x0000000000000005 A=0x7ffffffffffffd8c
3447000: system.cpu: T0 : 0x105c6    : fld fa0, -24(s0)           : FloatMemRead :  D=0xbf250778ce6c24cc A=0x7ffffffffffffd98
3448000: system.cpu: T0 : 0x105ca    : jal ra, -410               : IntAlu :  D=0x00000000000105ce
3448500: system.cpu: T0 : 0x10430    : c_addi16sp sp, -48         : IntAlu :  D=0x7ffffffffffffd40
3449000: system.cpu: T0 : 0x10432    : c_sdsp s0, 40(sp)          : MemWrite :  D=0x7ffffffffffffdb0 A=0x7ffffffffffffd68
3449500: system.cpu: T0 : 0x10434    : c_addi4spn s0, sp, 48      : IntAlu :  D=0x7ffffffffffffd70
3450500: system.cpu: T0 : 0x10436    : fsd fa0, -40(s0)           : FloatMemWrite :  D=0xbf250778ce6c24cc A=0x7ffffffffffffd48
3451500: system.cpu: T0 : 0x1043a    : fld fa5, -40(s0)           : FloatMemRead :  D=0xbf250778ce6c24cc A=0x7ffffffffffffd48
3452500: system.cpu: T0 : 0x1043e    : fmv_d_x fa4, zero          : FloatCvt :  D=0x0000000000000000
3453500: system.cpu: T0 : 0x10442    : fle_d a5, fa4, fa5         : FloatCmp :  D=0x0000000000000000
3454000: system.cpu: T0 : 0x10446    : c_beqz a5, 12              : IntAlu : 
3455000: system.cpu: T0 : 0x10452    : fld fa5, -40(s0)           : FloatMemRead :  D=0xbf250778ce6c24cc A=0x7ffffffffffffd48
3456000: system.cpu: T0 : 0x10456    : fsgnjn_d fa5, fa5, fa5     : FloatMisc :  D=0x3f250778ce6c24cc
3457000: system.cpu: T0 : 0x1045a    : fsd fa5, -24(s0)           : FloatMemWrite :  D=0x3f250778ce6c24cc A=0x7ffffffffffffd58
3458000: system.cpu: T0 : 0x1045e    : fld fa5, -24(s0)           : FloatMemRead :  D=0x3f250778ce6c24cc A=0x7ffffffffffffd58
3459000: system.cpu: T0 : 0x10462    : fsgnj_d fa0, fa5, fa5      : FloatMisc :  D=0x3f250778ce6c24cc
3459500: system.cpu: T0 : 0x10466    : c_ldsp s0, 40(sp)          : MemRead :  D=0x7ffffffffffffdb0 A=0x7ffffffffffffd68
3460000: system.cpu: T0 : 0x10468    : c_addi16sp sp, 48          : IntAlu :  D=0x7ffffffffffffd70
3460500: system.cpu: T0 : 0x1046a    : c_jr ra                    : IntAlu : 
3461500: system.cpu: T0 : 0x105ce    : fsgnj_d fa4, fa0, fa0      : FloatMisc :  D=0x3f250778ce6c24cc
3462500: system.cpu: T0 : 0x105d2    : auipc a5, 61               : IntAlu :  D=0x000000000004d5d2
3463500: system.cpu: T0 : 0x105d6    : addi a5, a5, 1310          : IntAlu :  D=0x000000000004daf0
3464000: system.cpu: T0 : 0x105da    : c_fld fa5, 0(a5)           : FloatMemRead :  D=0x3ee4f8b588e368f1 A=0x4daf0
3464500: system.cpu: T0 : 0x105dc    : fle_d a5, fa5, fa4         : FloatCmp :  D=0x0000000000000001
3465000: system.cpu: T0 : 0x105e0    : c_bnez a5, -122            : IntAlu : 
3466000: system.cpu: T0 : 0x10566    : fld fa5, -56(s0)           : FloatMemRead :  D=0xbff921f9f01b866e A=0x7ffffffffffffd78
3467000: system.cpu: T0 : 0x1056a    : fmul_d fa5, fa5, fa5       : FloatMult :  D=0x4003bd3a9a4a6287
3468000: system.cpu: T0 : 0x1056e    : fsgnjn_d fa4, fa5, fa5     : FloatMisc :  D=0xc003bd3a9a4a6287
3469000: system.cpu: T0 : 0x10572    : fld fa5, -24(s0)           : FloatMemRead :  D=0xbf250778ce6c24cc A=0x7ffffffffffffd98
3470000: system.cpu: T0 : 0x10576    : fmul_d fa4, fa4, fa5       : FloatMult :  D=0x3f39f194be06643e
3471000: system.cpu: T0 : 0x1057a    : lw a5, -36(s0)             : MemRead :  D=0x0000000000000005 A=0x7ffffffffffffd8c
3472000: system.cpu: T0 : 0x1057e    : fcvt_d_w fa5, a5           : FloatCvt :  D=0x4014000000000000
3473000: system.cpu: T0 : 0x10582    : fadd_d fa3, fa5, fa5       : FloatAdd :  D=0x4024000000000000
3474000: system.cpu: T0 : 0x10586    : lw a5, -36(s0)             : MemRead :  D=0x0000000000000005 A=0x7ffffffffffffd8c
3475000: system.cpu: T0 : 0x1058a    : fcvt_d_w fa5, a5           : FloatCvt :  D=0x4014000000000000
3476000: system.cpu: T0 : 0x1058e    : fadd_d fa2, fa5, fa5       : FloatAdd :  D=0x4024000000000000
3477000: system.cpu: T0 : 0x10592    : auipc a5, 61               : IntAlu :  D=0x000000000004d592
3478000: system.cpu: T0 : 0x10596    : addi a5, a5, 1366          : IntAlu :  D=0x000000000004dae8
3478500: system.cpu: T0 : 0x1059a    : c_fld fa5, 0(a5)           : FloatMemRead :  D=0x3ff0000000000000 A=0x4dae8
3479000: system.cpu: T0 : 0x1059c    : fadd_d fa5, fa2, fa5       : FloatAdd :  D=0x4026000000000000
3479500: system.cpu: T0 : 0x105a0    : fmul_d fa5, fa3, fa5       : FloatMult :  D=0x405b800000000000
3480000: system.cpu: T0 : 0x105a4    : fdiv_d fa5, fa4, fa5       : FloatDiv :  D=0x3ece30629bf4d1bd
3480500: system.cpu: T0 : 0x105a8    : fsd fa5, -24(s0)           : FloatMemWrite :  D=0x3ece30629bf4d1bd A=0x7ffffffffffffd98
3481000: system.cpu: T0 : 0x105ac    : fld fa4, -32(s0)           : FloatMemRead :  D=0xbff00003b6f238f5 A=0x7ffffffffffffd90
3481500: system.cpu: T0 : 0x105b0    : fld fa5, -24(s0)           : FloatMemRead :  D=0x3ece30629bf4d1bd A=0x7ffffffffffffd98
3482000: system.cpu: T0 : 0x105b4    : fadd_d fa5, fa4, fa5       : FloatAdd :  D=0xbfefffffe1cbcaed
3482500: system.cpu: T0 : 0x105b8    : fsd fa5, -32(s0)           : FloatMemWrite :  D=0xbfefffffe1cbcaed A=0x7ffffffffffffd90
3483000: system.cpu: T0 : 0x105bc    : lw a5, -36(s0)             : MemRead :  D=0x0000000000000005 A=0x7ffffffffffffd8c
3483500: system.cpu: T0 : 0x105c0    : c_addiw a5, 1              : IntAlu :  D=0x0000000000000006
3484500: system.cpu: T0 : 0x105c2    : sw a5, -36(s0)             : MemWrite :  D=0x0000000000000006 A=0x7ffffffffffffd8c
3485500: system.cpu: T0 : 0x105c6    : fld fa0, -24(s0)           : FloatMemRead :  D=0x3ece30629bf4d1bd A=0x7ffffffffffffd98
3486500: system.cpu: T0 : 0x105ca    : jal ra, -410               : IntAlu :  D=0x00000000000105ce
3487000: system.cpu: T0 : 0x10430    : c_addi16sp sp, -48         : IntAlu :  D=0x7ffffffffffffd40
3487500: system.cpu: T0 : 0x10432    : c_sdsp s0, 40(sp)          : MemWrite :  D=0x7ffffffffffffdb0 A=0x7ffffffffffffd68
3488000: system.cpu: T0 : 0x10434    : c_addi4spn s0, sp, 48      : IntAlu :  D=0x7ffffffffffffd70
3489000: system.cpu: T0 : 0x10436    : fsd fa0, -40(s0)           : FloatMemWrite :  D=0x3ece30629bf4d1bd A=0x7ffffffffffffd48
3490000: system.cpu: T0 : 0x1043a    : fld fa5, -40(s0)           : FloatMemRead :  D=0x3ece30629bf4d1bd A=0x7ffffffffffffd48
3491000: system.cpu: T0 : 0x1043e    : fmv_d_x fa4, zero          : FloatCvt :  D=0x0000000000000000
3492000: system.cpu: T0 : 0x10442    : fle_d a5, fa4, fa5         : FloatCmp :  D=0x0000000000000001
3492500: system.cpu: T0 : 0x10446    : c_beqz a5, 12              : IntAlu : 
3493000: system.cpu: T0 : 0x10448    : fld fa5, -40(s0)           : FloatMemRead :  D=0x3ece30629bf4d1bd A=0x7ffffffffffffd48
3493500: system.cpu: T0 : 0x1044c    : fsd fa5, -24(s0)           : FloatMemWrite :  D=0x3ece30629bf4d1bd A=0x7ffffffffffffd58
3494000: system.cpu: T0 : 0x10450    : c_j 14                     : IntAlu : 
3495000: system.cpu: T0 : 0x1045e    : fld fa5, -24(s0)           : FloatMemRead :  D=0x3ece30629bf4d1bd A=0x7ffffffffffffd58
3496000: system.cpu: T0 : 0x10462    : fsgnj_d fa0, fa5, fa5      : FloatMisc :  D=0x3ece30629bf4d1bd
3496500: system.cpu: T0 : 0x10466    : c_ldsp s0, 40(sp)          : MemRead :  D=0x7ffffffffffffdb0 A=0x7ffffffffffffd68
3497000: system.cpu: T0 : 0x10468    : c_addi16sp sp, 48          : IntAlu :  D=0x7ffffffffffffd70
3497500: system.cpu: T0 : 0x1046a    : c_jr ra                    : IntAlu : 
3498500: system.cpu: T0 : 0x105ce    : fsgnj_d fa4, fa0, fa0      : FloatMisc :  D=0x3ece30629bf4d1bd
3499500: system.cpu: T0 : 0x105d2    : auipc a5, 61               : IntAlu :  D=0x000000000004d5d2
3500500: system.cpu: T0 : 0x105d6    : addi a5, a5, 1310          : IntAlu :  D=0x000000000004daf0
3501000: system.cpu: T0 : 0x105da    : c_fld fa5, 0(a5)           : FloatMemRead :  D=0x3ee4f8b588e368f1 A=0x4daf0
3501500: system.cpu: T0 : 0x105dc    : fle_d a5, fa5, fa4         : FloatCmp :  D=0x0000000000000000
3502000: system.cpu: T0 : 0x105e0    : c_bnez a5, -122            : IntAlu : 
3503000: system.cpu: T0 : 0x105e2    : fld fa5, -32(s0)           : FloatMemRead :  D=0xbfefffffe1cbcaed A=0x7ffffffffffffd90
3504000: system.cpu: T0 : 0x105e6    : fsgnj_d fa0, fa5, fa5      : FloatMisc :  D=0xbfefffffe1cbcaed
3504500: system.cpu: T0 : 0x105ea    : c_ldsp ra, 56(sp)          : MemRead :  D=0x0000000000010618 A=0x7ffffffffffffda8
3505000: system.cpu: T0 : 0x105ec    : c_ldsp s0, 48(sp)          : MemRead :  D=0x7ffffffffffffdd0 A=0x7ffffffffffffda0
3505500: system.cpu: T0 : 0x105ee    : c_addi16sp sp, 64          : IntAlu :  D=0x7ffffffffffffdb0
3506000: system.cpu: T0 : 0x105f0    : c_jr ra                    : IntAlu : 
3506500: system.cpu: T0 : 0x10618    : fsgnj_d fa5, fa0, fa0      : FloatMisc :  D=0xbfefffffe1cbcaed
3507000: system.cpu: T0 : 0x1061c    : fsgnj_d fa0, fa5, fa5      : FloatMisc :  D=0xbfefffffe1cbcaed
3507500: system.cpu: T0 : 0x10620    : c_ldsp ra, 24(sp)          : MemRead :  D=0x0000000000010666 A=0x7ffffffffffffdc8
3508000: system.cpu: T0 : 0x10622    : c_ldsp s0, 16(sp)          : MemRead :  D=0x7ffffffffffffdf0 A=0x7ffffffffffffdc0
3508500: system.cpu: T0 : 0x10624    : c_addi16sp sp, 32          : IntAlu :  D=0x7ffffffffffffdd0
3509000: system.cpu: T0 : 0x10626    : c_jr ra                    : IntAlu : 
3510000: system.cpu: T0 : 0x10666    : fsgnj_d fa5, fa0, fa0      : FloatMisc :  D=0xbfefffffe1cbcaed
3511000: system.cpu: T0 : 0x1066a    : auipc a4, 96               : IntAlu :  D=0x000000000007066a
3512000: system.cpu: T0 : 0x1066e    : ld a4, 438(a4)             : MemRead :  D=0x00000000000719a0 A=0x70820
3513000: system.cpu: T0 : 0x10672    : lw a5, -32(s0)             : MemRead :  D=0x0000000000000004 A=0x7ffffffffffffdd0
3513500: system.cpu: T0 : 0x10676    : c_slli a5, 3               : IntAlu :  D=0x0000000000000020
3514000: system.cpu: T0 : 0x10678    : c_add a5, a4               : IntAlu :  D=0x00000000000719c0
3514500: system.cpu: T0 : 0x1067a    : c_fsd fa5, 0(a5)           : FloatMemWrite :  D=0xbfefffffe1cbcaed A=0x719c0
3515000: system.cpu: T0 : 0x1067c    : lw a5, -32(s0)             : MemRead :  D=0x0000000000000004 A=0x7ffffffffffffdd0
3515500: system.cpu: T0 : 0x10680    : c_addiw a5, 1              : IntAlu :  D=0x0000000000000005
3516500: system.cpu: T0 : 0x10682    : sw a5, -32(s0)             : MemWrite :  D=0x0000000000000005 A=0x7ffffffffffffdd0
3517500: system.cpu: T0 : 0x10686    : lw a4, -32(s0)             : MemRead :  D=0x0000000000000005 A=0x7ffffffffffffdd0
3518500: system.cpu: T0 : 0x1068a    : lw a5, -28(s0)             : MemRead :  D=0x0000000000000008 A=0x7ffffffffffffdd4
3519000: system.cpu: T0 : 0x1068e    : c_addiw a4, 0              : IntAlu :  D=0x0000000000000005
3519500: system.cpu: T0 : 0x10690    : c_addiw a5, 0              : IntAlu :  D=0x0000000000000008
3520500: system.cpu: T0 : 0x10692    : blt a4, a5, -86            : IntAlu : 
3521000: system.cpu: T0 : 0x1063c    : lw a5, -32(s0)             : MemRead :  D=0x0000000000000005 A=0x7ffffffffffffdd0
3521500: system.cpu: T0 : 0x10640    : fcvt_d_w fa4, a5           : FloatCvt :  D=0x4014000000000000
3522000: system.cpu: T0 : 0x10644    : auipc a5, 61               : IntAlu :  D=0x000000000004d644
3522500: system.cpu: T0 : 0x10648    : addi a5, a5, 1172          : IntAlu :  D=0x000000000004dad8
3523000: system.cpu: T0 : 0x1064c    : c_fld fa5, 0(a5)           : FloatMemRead :  D=0x401921f9f01b866e A=0x4dad8
3524000: system.cpu: T0 : 0x1064e    : fmul_d fa4, fa4, fa5       : FloatMult :  D=0x403f6a786c22680a
3525000: system.cpu: T0 : 0x10652    : lw a5, -28(s0)             : MemRead :  D=0x0000000000000008 A=0x7ffffffffffffdd4
3526000: system.cpu: T0 : 0x10656    : fcvt_d_w fa5, a5           : FloatCvt :  D=0x4020000000000000
3527000: system.cpu: T0 : 0x1065a    : fdiv_d fa5, fa4, fa5       : FloatDiv :  D=0x400f6a786c22680a
3528000: system.cpu: T0 : 0x1065e    : fsgnj_d fa0, fa5, fa5      : FloatMisc :  D=0x400f6a786c22680a
3529000: system.cpu: T0 : 0x10662    : jal ra, -112               : IntAlu :  D=0x0000000000010666
3529500: system.cpu: T0 : 0x105f2    : c_addi sp, -32             : IntAlu :  D=0x7ffffffffffffdb0
3530000: system.cpu: T0 : 0x105f4    : c_sdsp ra, 24(sp)          : MemWrite :  D=0x0000000000010666 A=0x7ffffffffffffdc8
3530500: system.cpu: T0 : 0x105f6    : c_sdsp s0, 16(sp)          : MemWrite :  D=0x7ffffffffffffdf0 A=0x7ffffffffffffdc0
3531000: system.cpu: T0 : 0x105f8    : c_addi4spn s0, sp, 32      : IntAlu :  D=0x7ffffffffffffdd0
3532000: system.cpu: T0 : 0x105fa    : fsd fa0, -24(s0)           : FloatMemWrite :  D=0x400f6a786c22680a A=0x7ffffffffffffdb8
3533000: system.cpu: T0 : 0x105fe    : auipc a5, 61               : IntAlu :  D=0x000000000004d5fe
3534000: system.cpu: T0 : 0x10602    : addi a5, a5, 1274          : IntAlu :  D=0x000000000004daf8
3534500: system.cpu: T0 : 0x10606    : c_fld fa4, 0(a5)           : FloatMemRead :  D=0x3ff921f9f01b866e A=0x4daf8
3535000: system.cpu: T0 : 0x10608    : fld fa5, -24(s0)           : FloatMemRead :  D=0x400f6a786c22680a A=0x7ffffffffffffdb8
3535500: system.cpu: T0 : 0x1060c    : fsub_d fa5, fa4, fa5       : FloatAdd :  D=0xc002d97b7414a4d3
3536000: system.cpu: T0 : 0x10610    : fsgnj_d fa0, fa5, fa5      : FloatMisc :  D=0xc002d97b7414a4d3
3536500: system.cpu: T0 : 0x10614    : jal ra, -394               : IntAlu :  D=0x0000000000010618
3537000: system.cpu: T0 : 0x1048a    : c_addi16sp sp, -64         : IntAlu :  D=0x7ffffffffffffd70
3537500: system.cpu: T0 : 0x1048c    : c_sdsp ra, 56(sp)          : MemWrite :  D=0x0000000000010618 A=0x7ffffffffffffda8
3538000: system.cpu: T0 : 0x1048e    : c_sdsp s0, 48(sp)          : MemWrite :  D=0x7ffffffffffffdd0 A=0x7ffffffffffffda0
3538500: system.cpu: T0 : 0x10490    : c_addi4spn s0, sp, 64      : IntAlu :  D=0x7ffffffffffffdb0
3539500: system.cpu: T0 : 0x10492    : fsd fa0, -56(s0)           : FloatMemWrite :  D=0xc002d97b7414a4d3 A=0x7ffffffffffffd78
3540000: system.cpu: T0 : 0x10496    : c_li a5, 1                 : IntAlu :  D=0x0000000000000001
3540500: system.cpu: T0 : 0x10498    : sw a5, -36(s0)             : MemWrite :  D=0x0000000000000001 A=0x7ffffffffffffd8c
3541000: system.cpu: T0 : 0x1049c    : c_j 24                     : IntAlu : 
3541500: system.cpu: T0 : 0x104b4    : fld fa4, -56(s0)           : FloatMemRead :  D=0xc002d97b7414a4d3 A=0x7ffffffffffffd78
3542000: system.cpu: T0 : 0x104b8    : auipc a5, 61               : IntAlu :  D=0x000000000004d4b8
3542500: system.cpu: T0 : 0x104bc    : addi a5, a5, 1568          : IntAlu :  D=0x000000000004dad8
3543000: system.cpu: T0 : 0x104c0    : c_fld fa5, 0(a5)           : FloatMemRead :  D=0x401921f9f01b866e A=0x4dad8
3544000: system.cpu: T0 : 0x104c2    : flt_d a5, fa5, fa4         : FloatCmp :  D=0x0000000000000000
3544500: system.cpu: T0 : 0x104c6    : c_bnez a5, -40             : IntAlu : 
3545000: system.cpu: T0 : 0x104c8    : c_j 24                     : IntAlu : 
3545500: system.cpu: T0 : 0x104e0    : fld fa4, -56(s0)           : FloatMemRead :  D=0xc002d97b7414a4d3 A=0x7ffffffffffffd78
3546000: system.cpu: T0 : 0x104e4    : auipc a5, 61               : IntAlu :  D=0x000000000004d4e4
3546500: system.cpu: T0 : 0x104e8    : addi a5, a5, 1532          : IntAlu :  D=0x000000000004dae0
3547000: system.cpu: T0 : 0x104ec    : c_fld fa5, 0(a5)           : FloatMemRead :  D=0xc01921f9f01b866e A=0x4dae0
3548000: system.cpu: T0 : 0x104ee    : flt_d a5, fa4, fa5         : FloatCmp :  D=0x0000000000000000
3548500: system.cpu: T0 : 0x104f2    : c_bnez a5, -40             : IntAlu : 
3549000: system.cpu: T0 : 0x104f4    : fld fa5, -56(s0)           : FloatMemRead :  D=0xc002d97b7414a4d3 A=0x7ffffffffffffd78
3549500: system.cpu: T0 : 0x104f8    : fsd fa5, -24(s0)           : FloatMemWrite :  D=0xc002d97b7414a4d3 A=0x7ffffffffffffd98
3550000: system.cpu: T0 : 0x104fc    : fld fa5, -24(s0)           : FloatMemRead :  D=0xc002d97b7414a4d3 A=0x7ffffffffffffd98
3550500: system.cpu: T0 : 0x10500    : fsd fa5, -32(s0)           : FloatMemWrite :  D=0xc002d97b7414a4d3 A=0x7ffffffffffffd90
3551000: system.cpu: T0 : 0x10504    : fld fa5, -56(s0)           : FloatMemRead :  D=0xc002d97b7414a4d3 A=0x7ffffffffffffd78
3551500: system.cpu: T0 : 0x10508    : fmul_d fa5, fa5, fa5       : FloatMult :  D=0x401634e1ed93aed9
3552000: system.cpu: T0 : 0x1050c    : fsgnjn_d fa4, fa5, fa5     : FloatMisc :  D=0xc01634e1ed93aed9
3552500: system.cpu: T0 : 0x10510    : fld fa5, -24(s0)           : FloatMemRead :  D=0xc002d97b7414a4d3 A=0x7ffffffffffffd98
3553000: system.cpu: T0 : 0x10514    : fmul_d fa4, fa4, fa5       : FloatMult :  D=0x402a2956bb1126df
3553500: system.cpu: T0 : 0x10518    : lw a5, -36(s0)             : MemRead :  D=0x0000000000000001 A=0x7ffffffffffffd8c
3554000: system.cpu: T0 : 0x1051c    : fcvt_d_w fa5, a5           : FloatCvt :  D=0x3ff0000000000000
3554500: system.cpu: T0 : 0x10520    : fadd_d fa3, fa5, fa5       : FloatAdd :  D=0x4000000000000000
3555000: system.cpu: T0 : 0x10524    : lw a5, -36(s0)             : MemRead :  D=0x0000000000000001 A=0x7ffffffffffffd8c
3555500: system.cpu: T0 : 0x10528    : fcvt_d_w fa5, a5           : FloatCvt :  D=0x3ff0000000000000
3556000: system.cpu: T0 : 0x1052c    : fadd_d fa2, fa5, fa5       : FloatAdd :  D=0x4000000000000000
3556500: system.cpu: T0 : 0x10530    : auipc a5, 61               : IntAlu :  D=0x000000000004d530
3557000: system.cpu: T0 : 0x10534    : addi a5, a5, 1464          : IntAlu :  D=0x000000000004dae8
3557500: system.cpu: T0 : 0x10538    : c_fld fa5, 0(a5)           : FloatMemRead :  D=0x3ff0000000000000 A=0x4dae8
3558500: system.cpu: T0 : 0x1053a    : fadd_d fa5, fa2, fa5       : FloatAdd :  D=0x4008000000000000
3559500: system.cpu: T0 : 0x1053e    : fmul_d fa5, fa3, fa5       : FloatMult :  D=0x4018000000000000
3560500: system.cpu: T0 : 0x10542    : fdiv_d fa5, fa4, fa5       : FloatDiv :  D=0x400170e47cb619ea
3561500: system.cpu: T0 : 0x10546    : fsd fa5, -24(s0)           : FloatMemWrite :  D=0x400170e47cb619ea A=0x7ffffffffffffd98
3562500: system.cpu: T0 : 0x1054a    : fld fa4, -32(s0)           : FloatMemRead :  D=0xc002d97b7414a4d3 A=0x7ffffffffffffd90
3563500: system.cpu: T0 : 0x1054e    : fld fa5, -24(s0)           : FloatMemRead :  D=0x400170e47cb619ea A=0x7ffffffffffffd98
3564500: system.cpu: T0 : 0x10552    : fadd_d fa5, fa4, fa5       : FloatAdd :  D=0xbfc6896f75e8ae90
3565500: system.cpu: T0 : 0x10556    : fsd fa5, -32(s0)           : FloatMemWrite :  D=0xbfc6896f75e8ae90 A=0x7ffffffffffffd90
3566500: system.cpu: T0 : 0x1055a    : lw a5, -36(s0)             : MemRead :  D=0x0000000000000001 A=0x7ffffffffffffd8c
3567000: system.cpu: T0 : 0x1055e    : c_addiw a5, 1              : IntAlu :  D=0x0000000000000002
3567500: system.cpu: T0 : 0x10560    : sw a5, -36(s0)             : MemWrite :  D=0x0000000000000002 A=0x7ffffffffffffd8c
3568000: system.cpu: T0 : 0x10564    : c_j 98                     : IntAlu : 
3569000: system.cpu: T0 : 0x105c6    : fld fa0, -24(s0)           : FloatMemRead :  D=0x400170e47cb619ea A=0x7ffffffffffffd98
3570000: system.cpu: T0 : 0x105ca    : jal ra, -410               : IntAlu :  D=0x00000000000105ce
3570500: system.cpu: T0 : 0x10430    : c_addi16sp sp, -48         : IntAlu :  D=0x7ffffffffffffd40
3571000: system.cpu: T0 : 0x10432    : c_sdsp s0, 40(sp)          : MemWrite :  D=0x7ffffffffffffdb0 A=0x7ffffffffffffd68
3571500: system.cpu: T0 : 0x10434    : c_addi4spn s0, sp, 48      : IntAlu :  D=0x7ffffffffffffd70
3572500: system.cpu: T0 : 0x10436    : fsd fa0, -40(s0)           : FloatMemWrite :  D=0x400170e47cb619ea A=0x7ffffffffffffd48
3573500: system.cpu: T0 : 0x1043a    : fld fa5, -40(s0)           : FloatMemRead :  D=0x400170e47cb619ea A=0x7ffffffffffffd48
3574500: system.cpu: T0 : 0x1043e    : fmv_d_x fa4, zero          : FloatCvt :  D=0x0000000000000000
3575500: system.cpu: T0 : 0x10442    : fle_d a5, fa4, fa5         : FloatCmp :  D=0x0000000000000001
3576000: system.cpu: T0 : 0x10446    : c_beqz a5, 12              : IntAlu : 
3576500: system.cpu: T0 : 0x10448    : fld fa5, -40(s0)           : FloatMemRead :  D=0x400170e47cb619ea A=0x7ffffffffffffd48
3577000: system.cpu: T0 : 0x1044c    : fsd fa5, -24(s0)           : FloatMemWrite :  D=0x400170e47cb619ea A=0x7ffffffffffffd58
3577500: system.cpu: T0 : 0x10450    : c_j 14                     : IntAlu : 
3578500: system.cpu: T0 : 0x1045e    : fld fa5, -24(s0)           : FloatMemRead :  D=0x400170e47cb619ea A=0x7ffffffffffffd58
3579500: system.cpu: T0 : 0x10462    : fsgnj_d fa0, fa5, fa5      : FloatMisc :  D=0x400170e47cb619ea
3580000: system.cpu: T0 : 0x10466    : c_ldsp s0, 40(sp)          : MemRead :  D=0x7ffffffffffffdb0 A=0x7ffffffffffffd68
3580500: system.cpu: T0 : 0x10468    : c_addi16sp sp, 48          : IntAlu :  D=0x7ffffffffffffd70
3581000: system.cpu: T0 : 0x1046a    : c_jr ra                    : IntAlu : 
3582000: system.cpu: T0 : 0x105ce    : fsgnj_d fa4, fa0, fa0      : FloatMisc :  D=0x400170e47cb619ea
3583000: system.cpu: T0 : 0x105d2    : auipc a5, 61               : IntAlu :  D=0x000000000004d5d2
3584000: system.cpu: T0 : 0x105d6    : addi a5, a5, 1310          : IntAlu :  D=0x000000000004daf0
3584500: system.cpu: T0 : 0x105da    : c_fld fa5, 0(a5)           : FloatMemRead :  D=0x3ee4f8b588e368f1 A=0x4daf0
3585000: system.cpu: T0 : 0x105dc    : fle_d a5, fa5, fa4         : FloatCmp :  D=0x0000000000000001
3585500: system.cpu: T0 : 0x105e0    : c_bnez a5, -122            : IntAlu : 
3586500: system.cpu: T0 : 0x10566    : fld fa5, -56(s0)           : FloatMemRead :  D=0xc002d97b7414a4d3 A=0x7ffffffffffffd78
3587500: system.cpu: T0 : 0x1056a    : fmul_d fa5, fa5, fa5       : FloatMult :  D=0x401634e1ed93aed9
3588500: system.cpu: T0 : 0x1056e    : fsgnjn_d fa4, fa5, fa5     : FloatMisc :  D=0xc01634e1ed93aed9
3589500: system.cpu: T0 : 0x10572    : fld fa5, -24(s0)           : FloatMemRead :  D=0x400170e47cb619ea A=0x7ffffffffffffd98
3590500: system.cpu: T0 : 0x10576    : fmul_d fa4, fa4, fa5       : FloatMult :  D=0xc02834df5896017a
3591500: system.cpu: T0 : 0x1057a    : lw a5, -36(s0)             : MemRead :  D=0x0000000000000002 A=0x7ffffffffffffd8c
3592500: system.cpu: T0 : 0x1057e    : fcvt_d_w fa5, a5           : FloatCvt :  D=0x4000000000000000
3593500: system.cpu: T0 : 0x10582    : fadd_d fa3, fa5, fa5       : FloatAdd :  D=0x4010000000000000
3594500: system.cpu: T0 : 0x10586    : lw a5, -36(s0)             : MemRead :  D=0x0000000000000002 A=0x7ffffffffffffd8c
3595500: system.cpu: T0 : 0x1058a    : fcvt_d_w fa5, a5           : FloatCvt :  D=0x4000000000000000
3596500: system.cpu: T0 : 0x1058e    : fadd_d fa2, fa5, fa5       : FloatAdd :  D=0x4010000000000000
3597500: system.cpu: T0 : 0x10592    : auipc a5, 61               : IntAlu :  D=0x000000000004d592
3598500: system.cpu: T0 : 0x10596    : addi a5, a5, 1366          : IntAlu :  D=0x000000000004dae8
3599000: system.cpu: T0 : 0x1059a    : c_fld fa5, 0(a5)           : FloatMemRead :  D=0x3ff0000000000000 A=0x4dae8
3599500: system.cpu: T0 : 0x1059c    : fadd_d fa5, fa2, fa5       : FloatAdd :  D=0x4014000000000000
3600000: system.cpu: T0 : 0x105a0    : fmul_d fa5, fa3, fa5       : FloatMult :  D=0x4034000000000000
3600500: system.cpu: T0 : 0x105a4    : fdiv_d fa5, fa4, fa5       : FloatDiv :  D=0xbfe35d7f7a119ac8
3601000: system.cpu: T0 : 0x105a8    : fsd fa5, -24(s0)           : FloatMemWrite :  D=0xbfe35d7f7a119ac8 A=0x7ffffffffffffd98
3601500: system.cpu: T0 : 0x105ac    : fld fa4, -32(s0)           : FloatMemRead :  D=0xbfc6896f75e8ae90 A=0x7ffffffffffffd90
3602000: system.cpu: T0 : 0x105b0    : fld fa5, -24(s0)           : FloatMemRead :  D=0xbfe35d7f7a119ac8 A=0x7ffffffffffffd98
3602500: system.cpu: T0 : 0x105b4    : fadd_d fa5, fa4, fa5       : FloatAdd :  D=0xbfe8ffdb578bc66c
3603000: system.cpu: T0 : 0x105b8    : fsd fa5, -32(s0)           : FloatMemWrite :  D=0xbfe8ffdb578bc66c A=0x7ffffffffffffd90
3603500: system.cpu: T0 : 0x105bc    : lw a5, -36(s0)             : MemRead :  D=0x0000000000000002 A=0x7ffffffffffffd8c
3604000: system.cpu: T0 : 0x105c0    : c_addiw a5, 1              : IntAlu :  D=0x0000000000000003
3605000: system.cpu: T0 : 0x105c2    : sw a5, -36(s0)             : MemWrite :  D=0x0000000000000003 A=0x7ffffffffffffd8c
3606000: system.cpu: T0 : 0x105c6    : fld fa0, -24(s0)           : FloatMemRead :  D=0xbfe35d7f7a119ac8 A=0x7ffffffffffffd98
3607000: system.cpu: T0 : 0x105ca    : jal ra, -410               : IntAlu :  D=0x00000000000105ce
3607500: system.cpu: T0 : 0x10430    : c_addi16sp sp, -48         : IntAlu :  D=0x7ffffffffffffd40
3608000: system.cpu: T0 : 0x10432    : c_sdsp s0, 40(sp)          : MemWrite :  D=0x7ffffffffffffdb0 A=0x7ffffffffffffd68
3608500: system.cpu: T0 : 0x10434    : c_addi4spn s0, sp, 48      : IntAlu :  D=0x7ffffffffffffd70
3609500: system.cpu: T0 : 0x10436    : fsd fa0, -40(s0)           : FloatMemWrite :  D=0xbfe35d7f7a119ac8 A=0x7ffffffffffffd48
3610500: system.cpu: T0 : 0x1043a    : fld fa5, -40(s0)           : FloatMemRead :  D=0xbfe35d7f7a119ac8 A=0x7ffffffffffffd48
3611500: system.cpu: T0 : 0x1043e    : fmv_d_x fa4, zero          : FloatCvt :  D=0x0000000000000000
3612500: system.cpu: T0 : 0x10442    : fle_d a5, fa4, fa5         : FloatCmp :  D=0x0000000000000000
3613000: system.cpu: T0 : 0x10446    : c_beqz a5, 12              : IntAlu : 
3614000: system.cpu: T0 : 0x10452    : fld fa5, -40(s0)           : FloatMemRead :  D=0xbfe35d7f7a119ac8 A=0x7ffffffffffffd48
3615000: system.cpu: T0 : 0x10456    : fsgnjn_d fa5, fa5, fa5     : FloatMisc :  D=0x3fe35d7f7a119ac8
3616000: system.cpu: T0 : 0x1045a    : fsd fa5, -24(s0)           : FloatMemWrite :  D=0x3fe35d7f7a119ac8 A=0x7ffffffffffffd58
3617000: system.cpu: T0 : 0x1045e    : fld fa5, -24(s0)           : FloatMemRead :  D=0x3fe35d7f7a119ac8 A=0x7ffffffffffffd58
3618000: system.cpu: T0 : 0x10462    : fsgnj_d fa0, fa5, fa5      : FloatMisc :  D=0x3fe35d7f7a119ac8
3618500: system.cpu: T0 : 0x10466    : c_ldsp s0, 40(sp)          : MemRead :  D=0x7ffffffffffffdb0 A=0x7ffffffffffffd68
3619000: system.cpu: T0 : 0x10468    : c_addi16sp sp, 48          : IntAlu :  D=0x7ffffffffffffd70
3619500: system.cpu: T0 : 0x1046a    : c_jr ra                    : IntAlu : 
3620500: system.cpu: T0 : 0x105ce    : fsgnj_d fa4, fa0, fa0      : FloatMisc :  D=0x3fe35d7f7a119ac8
3621500: system.cpu: T0 : 0x105d2    : auipc a5, 61               : IntAlu :  D=0x000000000004d5d2
3622500: system.cpu: T0 : 0x105d6    : addi a5, a5, 1310          : IntAlu :  D=0x000000000004daf0
3623000: system.cpu: T0 : 0x105da    : c_fld fa5, 0(a5)           : FloatMemRead :  D=0x3ee4f8b588e368f1 A=0x4daf0
3623500: system.cpu: T0 : 0x105dc    : fle_d a5, fa5, fa4         : FloatCmp :  D=0x0000000000000001
3624000: system.cpu: T0 : 0x105e0    : c_bnez a5, -122            : IntAlu : 
3625000: system.cpu: T0 : 0x10566    : fld fa5, -56(s0)           : FloatMemRead :  D=0xc002d97b7414a4d3 A=0x7ffffffffffffd78
3626000: system.cpu: T0 : 0x1056a    : fmul_d fa5, fa5, fa5       : FloatMult :  D=0x401634e1ed93aed9
3627000: system.cpu: T0 : 0x1056e    : fsgnjn_d fa4, fa5, fa5     : FloatMisc :  D=0xc01634e1ed93aed9
3628000: system.cpu: T0 : 0x10572    : fld fa5, -24(s0)           : FloatMemRead :  D=0xbfe35d7f7a119ac8 A=0x7ffffffffffffd98
3629000: system.cpu: T0 : 0x10576    : fmul_d fa4, fa4, fa5       : FloatMult :  D=0x400ae09098814184
3630000: system.cpu: T0 : 0x1057a    : lw a5, -36(s0)             : MemRead :  D=0x0000000000000003 A=0x7ffffffffffffd8c
3631000: system.cpu: T0 : 0x1057e    : fcvt_d_w fa5, a5           : FloatCvt :  D=0x4008000000000000
3632000: system.cpu: T0 : 0x10582    : fadd_d fa3, fa5, fa5       : FloatAdd :  D=0x4018000000000000
3633000: system.cpu: T0 : 0x10586    : lw a5, -36(s0)             : MemRead :  D=0x0000000000000003 A=0x7ffffffffffffd8c
3634000: system.cpu: T0 : 0x1058a    : fcvt_d_w fa5, a5           : FloatCvt :  D=0x4008000000000000
3635000: system.cpu: T0 : 0x1058e    : fadd_d fa2, fa5, fa5       : FloatAdd :  D=0x4018000000000000
3636000: system.cpu: T0 : 0x10592    : auipc a5, 61               : IntAlu :  D=0x000000000004d592
3637000: system.cpu: T0 : 0x10596    : addi a5, a5, 1366          : IntAlu :  D=0x000000000004dae8
3637500: system.cpu: T0 : 0x1059a    : c_fld fa5, 0(a5)           : FloatMemRead :  D=0x3ff0000000000000 A=0x4dae8
3638000: system.cpu: T0 : 0x1059c    : fadd_d fa5, fa2, fa5       : FloatAdd :  D=0x401c000000000000
3638500: system.cpu: T0 : 0x105a0    : fmul_d fa5, fa3, fa5       : FloatMult :  D=0x4045000000000000
3639000: system.cpu: T0 : 0x105a4    : fdiv_d fa5, fa4, fa5       : FloatDiv :  D=0x3fb47a55c9870d58
3639500: system.cpu: T0 : 0x105a8    : fsd fa5, -24(s0)           : FloatMemWrite :  D=0x3fb47a55c9870d58 A=0x7ffffffffffffd98
3640000: system.cpu: T0 : 0x105ac    : fld fa4, -32(s0)           : FloatMemRead :  D=0xbfe8ffdb578bc66c A=0x7ffffffffffffd90
3640500: system.cpu: T0 : 0x105b0    : fld fa5, -24(s0)           : FloatMemRead :  D=0x3fb47a55c9870d58 A=0x7ffffffffffffd98
3641000: system.cpu: T0 : 0x105b4    : fadd_d fa5, fa4, fa5       : FloatAdd :  D=0xbfe670909e5ae4c1
3641500: system.cpu: T0 : 0x105b8    : fsd fa5, -32(s0)           : FloatMemWrite :  D=0xbfe670909e5ae4c1 A=0x7ffffffffffffd90
3642000: system.cpu: T0 : 0x105bc    : lw a5, -36(s0)             : MemRead :  D=0x0000000000000003 A=0x7ffffffffffffd8c
3642500: system.cpu: T0 : 0x105c0    : c_addiw a5, 1              : IntAlu :  D=0x0000000000000004
3643500: system.cpu: T0 : 0x105c2    : sw a5, -36(s0)             : MemWrite :  D=0x0000000000000004 A=0x7ffffffffffffd8c
3644500: system.cpu: T0 : 0x105c6    : fld fa0, -24(s0)           : FloatMemRead :  D=0x3fb47a55c9870d58 A=0x7ffffffffffffd98
3645500: system.cpu: T0 : 0x105ca    : jal ra, -410               : IntAlu :  D=0x00000000000105ce
3646000: system.cpu: T0 : 0x10430    : c_addi16sp sp, -48         : IntAlu :  D=0x7ffffffffffffd40
3646500: system.cpu: T0 : 0x10432    : c_sdsp s0, 40(sp)          : MemWrite :  D=0x7ffffffffffffdb0 A=0x7ffffffffffffd68
3647000: system.cpu: T0 : 0x10434    : c_addi4spn s0, sp, 48      : IntAlu :  D=0x7ffffffffffffd70
3648000: system.cpu: T0 : 0x10436    : fsd fa0, -40(s0)           : FloatMemWrite :  D=0x3fb47a55c9870d58 A=0x7ffffffffffffd48
3649000: system.cpu: T0 : 0x1043a    : fld fa5, -40(s0)           : FloatMemRead :  D=0x3fb47a55c9870d58 A=0x7ffffffffffffd48
3650000: system.cpu: T0 : 0x1043e    : fmv_d_x fa4, zero          : FloatCvt :  D=0x0000000000000000
3651000: system.cpu: T0 : 0x10442    : fle_d a5, fa4, fa5         : FloatCmp :  D=0x0000000000000001
3651500: system.cpu: T0 : 0x10446    : c_beqz a5, 12              : IntAlu : 
3652000: system.cpu: T0 : 0x10448    : fld fa5, -40(s0)           : FloatMemRead :  D=0x3fb47a55c9870d58 A=0x7ffffffffffffd48
3652500: system.cpu: T0 : 0x1044c    : fsd fa5, -24(s0)           : FloatMemWrite :  D=0x3fb47a55c9870d58 A=0x7ffffffffffffd58
3653000: system.cpu: T0 : 0x10450    : c_j 14                     : IntAlu : 
3654000: system.cpu: T0 : 0x1045e    : fld fa5, -24(s0)           : FloatMemRead :  D=0x3fb47a55c9870d58 A=0x7ffffffffffffd58
3655000: system.cpu: T0 : 0x10462    : fsgnj_d fa0, fa5, fa5      : FloatMisc :  D=0x3fb47a55c9870d58
3655500: system.cpu: T0 : 0x10466    : c_ldsp s0, 40(sp)          : MemRead :  D=0x7ffffffffffffdb0 A=0x7ffffffffffffd68
3656000: system.cpu: T0 : 0x10468    : c_addi16sp sp, 48          : IntAlu :  D=0x7ffffffffffffd70
3656500: system.cpu: T0 : 0x1046a    : c_jr ra                    : IntAlu : 
3657500: system.cpu: T0 : 0x105ce    : fsgnj_d fa4, fa0, fa0      : FloatMisc :  D=0x3fb47a55c9870d58
3658500: system.cpu: T0 : 0x105d2    : auipc a5, 61               : IntAlu :  D=0x000000000004d5d2
3659500: system.cpu: T0 : 0x105d6    : addi a5, a5, 1310          : IntAlu :  D=0x000000000004daf0
3660000: system.cpu: T0 : 0x105da    : c_fld fa5, 0(a5)           : FloatMemRead :  D=0x3ee4f8b588e368f1 A=0x4daf0
3660500: system.cpu: T0 : 0x105dc    : fle_d a5, fa5, fa4         : FloatCmp :  D=0x0000000000000001
3661000: system.cpu: T0 : 0x105e0    : c_bnez a5, -122            : IntAlu : 
3662000: system.cpu: T0 : 0x10566    : fld fa5, -56(s0)           : FloatMemRead :  D=0xc002d97b7414a4d3 A=0x7ffffffffffffd78
3663000: system.cpu: T0 : 0x1056a    : fmul_d fa5, fa5, fa5       : FloatMult :  D=0x401634e1ed93aed9
3664000: system.cpu: T0 : 0x1056e    : fsgnjn_d fa4, fa5, fa5     : FloatMisc :  D=0xc01634e1ed93aed9
3665000: system.cpu: T0 : 0x10572    : fld fa5, -24(s0)           : FloatMemRead :  D=0x3fb47a55c9870d58 A=0x7ffffffffffffd98
3666000: system.cpu: T0 : 0x10576    : fmul_d fa4, fa4, fa5       : FloatMult :  D=0xbfdc6be4b45025b5
3667000: system.cpu: T0 : 0x1057a    : lw a5, -36(s0)             : MemRead :  D=0x0000000000000004 A=0x7ffffffffffffd8c
3668000: system.cpu: T0 : 0x1057e    : fcvt_d_w fa5, a5           : FloatCvt :  D=0x4010000000000000
3669000: system.cpu: T0 : 0x10582    : fadd_d fa3, fa5, fa5       : FloatAdd :  D=0x4020000000000000
3670000: system.cpu: T0 : 0x10586    : lw a5, -36(s0)             : MemRead :  D=0x0000000000000004 A=0x7ffffffffffffd8c
3671000: system.cpu: T0 : 0x1058a    : fcvt_d_w fa5, a5           : FloatCvt :  D=0x4010000000000000
3672000: system.cpu: T0 : 0x1058e    : fadd_d fa2, fa5, fa5       : FloatAdd :  D=0x4020000000000000
3673000: system.cpu: T0 : 0x10592    : auipc a5, 61               : IntAlu :  D=0x000000000004d592
3674000: system.cpu: T0 : 0x10596    : addi a5, a5, 1366          : IntAlu :  D=0x000000000004dae8
3674500: system.cpu: T0 : 0x1059a    : c_fld fa5, 0(a5)           : FloatMemRead :  D=0x3ff0000000000000 A=0x4dae8
3675000: system.cpu: T0 : 0x1059c    : fadd_d fa5, fa2, fa5       : FloatAdd :  D=0x4022000000000000
3675500: system.cpu: T0 : 0x105a0    : fmul_d fa5, fa3, fa5       : FloatMult :  D=0x4052000000000000
3676000: system.cpu: T0 : 0x105a4    : fdiv_d fa5, fa4, fa5       : FloatDiv :  D=0xbf794375f59c934c
3676500: system.cpu: T0 : 0x105a8    : fsd fa5, -24(s0)           : FloatMemWrite :  D=0xbf794375f59c934c A=0x7ffffffffffffd98
3677000: system.cpu: T0 : 0x105ac    : fld fa4, -32(s0)           : FloatMemRead :  D=0xbfe670909e5ae4c1 A=0x7ffffffffffffd90
3677500: system.cpu: T0 : 0x105b0    : fld fa5, -24(s0)           : FloatMemRead :  D=0xbf794375f59c934c A=0x7ffffffffffffd98
3678000: system.cpu: T0 : 0x105b4    : fadd_d fa5, fa4, fa5       : FloatAdd :  D=0xbfe6a3178a461de8
3678500: system.cpu: T0 : 0x105b8    : fsd fa5, -32(s0)           : FloatMemWrite :  D=0xbfe6a3178a461de8 A=0x7ffffffffffffd90
3679000: system.cpu: T0 : 0x105bc    : lw a5, -36(s0)             : MemRead :  D=0x0000000000000004 A=0x7ffffffffffffd8c
3679500: system.cpu: T0 : 0x105c0    : c_addiw a5, 1              : IntAlu :  D=0x0000000000000005
3680500: system.cpu: T0 : 0x105c2    : sw a5, -36(s0)             : MemWrite :  D=0x0000000000000005 A=0x7ffffffffffffd8c
3681500: system.cpu: T0 : 0x105c6    : fld fa0, -24(s0)           : FloatMemRead :  D=0xbf794375f59c934c A=0x7ffffffffffffd98
3682500: system.cpu: T0 : 0x105ca    : jal ra, -410               : IntAlu :  D=0x00000000000105ce
3683000: system.cpu: T0 : 0x10430    : c_addi16sp sp, -48         : IntAlu :  D=0x7ffffffffffffd40
3683500: system.cpu: T0 : 0x10432    : c_sdsp s0, 40(sp)          : MemWrite :  D=0x7ffffffffffffdb0 A=0x7ffffffffffffd68
3684000: system.cpu: T0 : 0x10434    : c_addi4spn s0, sp, 48      : IntAlu :  D=0x7ffffffffffffd70
3685000: system.cpu: T0 : 0x10436    : fsd fa0, -40(s0)           : FloatMemWrite :  D=0xbf794375f59c934c A=0x7ffffffffffffd48
3686000: system.cpu: T0 : 0x1043a    : fld fa5, -40(s0)           : FloatMemRead :  D=0xbf794375f59c934c A=0x7ffffffffffffd48
3687000: system.cpu: T0 : 0x1043e    : fmv_d_x fa4, zero          : FloatCvt :  D=0x0000000000000000
3688000: system.cpu: T0 : 0x10442    : fle_d a5, fa4, fa5         : FloatCmp :  D=0x0000000000000000
3688500: system.cpu: T0 : 0x10446    : c_beqz a5, 12              : IntAlu : 
3689500: system.cpu: T0 : 0x10452    : fld fa5, -40(s0)           : FloatMemRead :  D=0xbf794375f59c934c A=0x7ffffffffffffd48
3690500: system.cpu: T0 : 0x10456    : fsgnjn_d fa5, fa5, fa5     : FloatMisc :  D=0x3f794375f59c934c
3691500: system.cpu: T0 : 0x1045a    : fsd fa5, -24(s0)           : FloatMemWrite :  D=0x3f794375f59c934c A=0x7ffffffffffffd58
3692500: system.cpu: T0 : 0x1045e    : fld fa5, -24(s0)           : FloatMemRead :  D=0x3f794375f59c934c A=0x7ffffffffffffd58
3693500: system.cpu: T0 : 0x10462    : fsgnj_d fa0, fa5, fa5      : FloatMisc :  D=0x3f794375f59c934c
3694000: system.cpu: T0 : 0x10466    : c_ldsp s0, 40(sp)          : MemRead :  D=0x7ffffffffffffdb0 A=0x7ffffffffffffd68
3694500: system.cpu: T0 : 0x10468    : c_addi16sp sp, 48          : IntAlu :  D=0x7ffffffffffffd70
3695000: system.cpu: T0 : 0x1046a    : c_jr ra                    : IntAlu : 
3696000: system.cpu: T0 : 0x105ce    : fsgnj_d fa4, fa0, fa0      : FloatMisc :  D=0x3f794375f59c934c
3697000: system.cpu: T0 : 0x105d2    : auipc a5, 61               : IntAlu :  D=0x000000000004d5d2
3698000: system.cpu: T0 : 0x105d6    : addi a5, a5, 1310          : IntAlu :  D=0x000000000004daf0
3698500: system.cpu: T0 : 0x105da    : c_fld fa5, 0(a5)           : FloatMemRead :  D=0x3ee4f8b588e368f1 A=0x4daf0
3699000: system.cpu: T0 : 0x105dc    : fle_d a5, fa5, fa4         : FloatCmp :  D=0x0000000000000001
3699500: system.cpu: T0 : 0x105e0    : c_bnez a5, -122            : IntAlu : 
3700500: system.cpu: T0 : 0x10566    : fld fa5, -56(s0)           : FloatMemRead :  D=0xc002d97b7414a4d3 A=0x7ffffffffffffd78
3701500: system.cpu: T0 : 0x1056a    : fmul_d fa5, fa5, fa5       : FloatMult :  D=0x401634e1ed93aed9
3702500: system.cpu: T0 : 0x1056e    : fsgnjn_d fa4, fa5, fa5     : FloatMisc :  D=0xc01634e1ed93aed9
3703500: system.cpu: T0 : 0x10572    : fld fa5, -24(s0)           : FloatMemRead :  D=0xbf794375f59c934c A=0x7ffffffffffffd98
3704500: system.cpu: T0 : 0x10576    : fmul_d fa4, fa4, fa5       : FloatMult :  D=0x3fa188211670643c
3705500: system.cpu: T0 : 0x1057a    : lw a5, -36(s0)             : MemRead :  D=0x0000000000000005 A=0x7ffffffffffffd8c
3706500: system.cpu: T0 : 0x1057e    : fcvt_d_w fa5, a5           : FloatCvt :  D=0x4014000000000000
3707500: system.cpu: T0 : 0x10582    : fadd_d fa3, fa5, fa5       : FloatAdd :  D=0x4024000000000000
3708500: system.cpu: T0 : 0x10586    : lw a5, -36(s0)             : MemRead :  D=0x0000000000000005 A=0x7ffffffffffffd8c
3709500: system.cpu: T0 : 0x1058a    : fcvt_d_w fa5, a5           : FloatCvt :  D=0x4014000000000000
3710500: system.cpu: T0 : 0x1058e    : fadd_d fa2, fa5, fa5       : FloatAdd :  D=0x4024000000000000
3711500: system.cpu: T0 : 0x10592    : auipc a5, 61               : IntAlu :  D=0x000000000004d592
3712500: system.cpu: T0 : 0x10596    : addi a5, a5, 1366          : IntAlu :  D=0x000000000004dae8
3713000: system.cpu: T0 : 0x1059a    : c_fld fa5, 0(a5)           : FloatMemRead :  D=0x3ff0000000000000 A=0x4dae8
3713500: system.cpu: T0 : 0x1059c    : fadd_d fa5, fa2, fa5       : FloatAdd :  D=0x4026000000000000
3714000: system.cpu: T0 : 0x105a0    : fmul_d fa5, fa3, fa5       : FloatMult :  D=0x405b800000000000
3714500: system.cpu: T0 : 0x105a4    : fdiv_d fa5, fa4, fa5       : FloatDiv :  D=0x3f34668ce6e92ed1
3715000: system.cpu: T0 : 0x105a8    : fsd fa5, -24(s0)           : FloatMemWrite :  D=0x3f34668ce6e92ed1 A=0x7ffffffffffffd98
3715500: system.cpu: T0 : 0x105ac    : fld fa4, -32(s0)           : FloatMemRead :  D=0xbfe6a3178a461de8 A=0x7ffffffffffffd90
3716000: system.cpu: T0 : 0x105b0    : fld fa5, -24(s0)           : FloatMemRead :  D=0x3f34668ce6e92ed1 A=0x7ffffffffffffd98
3716500: system.cpu: T0 : 0x105b4    : fadd_d fa5, fa4, fa5       : FloatAdd :  D=0xbfe6a08ab8a940c2
3717000: system.cpu: T0 : 0x105b8    : fsd fa5, -32(s0)           : FloatMemWrite :  D=0xbfe6a08ab8a940c2 A=0x7ffffffffffffd90
3717500: system.cpu: T0 : 0x105bc    : lw a5, -36(s0)             : MemRead :  D=0x0000000000000005 A=0x7ffffffffffffd8c
3718000: system.cpu: T0 : 0x105c0    : c_addiw a5, 1              : IntAlu :  D=0x0000000000000006
3719000: system.cpu: T0 : 0x105c2    : sw a5, -36(s0)             : MemWrite :  D=0x0000000000000006 A=0x7ffffffffffffd8c
3720000: system.cpu: T0 : 0x105c6    : fld fa0, -24(s0)           : FloatMemRead :  D=0x3f34668ce6e92ed1 A=0x7ffffffffffffd98
3721000: system.cpu: T0 : 0x105ca    : jal ra, -410               : IntAlu :  D=0x00000000000105ce
3721500: system.cpu: T0 : 0x10430    : c_addi16sp sp, -48         : IntAlu :  D=0x7ffffffffffffd40
3722000: system.cpu: T0 : 0x10432    : c_sdsp s0, 40(sp)          : MemWrite :  D=0x7ffffffffffffdb0 A=0x7ffffffffffffd68
3722500: system.cpu: T0 : 0x10434    : c_addi4spn s0, sp, 48      : IntAlu :  D=0x7ffffffffffffd70
3723500: system.cpu: T0 : 0x10436    : fsd fa0, -40(s0)           : FloatMemWrite :  D=0x3f34668ce6e92ed1 A=0x7ffffffffffffd48
3724500: system.cpu: T0 : 0x1043a    : fld fa5, -40(s0)           : FloatMemRead :  D=0x3f34668ce6e92ed1 A=0x7ffffffffffffd48
3725500: system.cpu: T0 : 0x1043e    : fmv_d_x fa4, zero          : FloatCvt :  D=0x0000000000000000
3726500: system.cpu: T0 : 0x10442    : fle_d a5, fa4, fa5         : FloatCmp :  D=0x0000000000000001
3727000: system.cpu: T0 : 0x10446    : c_beqz a5, 12              : IntAlu : 
3727500: system.cpu: T0 : 0x10448    : fld fa5, -40(s0)           : FloatMemRead :  D=0x3f34668ce6e92ed1 A=0x7ffffffffffffd48
3728000: system.cpu: T0 : 0x1044c    : fsd fa5, -24(s0)           : FloatMemWrite :  D=0x3f34668ce6e92ed1 A=0x7ffffffffffffd58
3728500: system.cpu: T0 : 0x10450    : c_j 14                     : IntAlu : 
3729500: system.cpu: T0 : 0x1045e    : fld fa5, -24(s0)           : FloatMemRead :  D=0x3f34668ce6e92ed1 A=0x7ffffffffffffd58
3730500: system.cpu: T0 : 0x10462    : fsgnj_d fa0, fa5, fa5      : FloatMisc :  D=0x3f34668ce6e92ed1
3731000: system.cpu: T0 : 0x10466    : c_ldsp s0, 40(sp)          : MemRead :  D=0x7ffffffffffffdb0 A=0x7ffffffffffffd68
3731500: system.cpu: T0 : 0x10468    : c_addi16sp sp, 48          : IntAlu :  D=0x7ffffffffffffd70
3732000: system.cpu: T0 : 0x1046a    : c_jr ra                    : IntAlu : 
3733000: system.cpu: T0 : 0x105ce    : fsgnj_d fa4, fa0, fa0      : FloatMisc :  D=0x3f34668ce6e92ed1
3734000: system.cpu: T0 : 0x105d2    : auipc a5, 61               : IntAlu :  D=0x000000000004d5d2
3735000: system.cpu: T0 : 0x105d6    : addi a5, a5, 1310          : IntAlu :  D=0x000000000004daf0
3735500: system.cpu: T0 : 0x105da    : c_fld fa5, 0(a5)           : FloatMemRead :  D=0x3ee4f8b588e368f1 A=0x4daf0
3736000: system.cpu: T0 : 0x105dc    : fle_d a5, fa5, fa4         : FloatCmp :  D=0x0000000000000001
3736500: system.cpu: T0 : 0x105e0    : c_bnez a5, -122            : IntAlu : 
3737500: system.cpu: T0 : 0x10566    : fld fa5, -56(s0)           : FloatMemRead :  D=0xc002d97b7414a4d3 A=0x7ffffffffffffd78
3738500: system.cpu: T0 : 0x1056a    : fmul_d fa5, fa5, fa5       : FloatMult :  D=0x401634e1ed93aed9
3739500: system.cpu: T0 : 0x1056e    : fsgnjn_d fa4, fa5, fa5     : FloatMisc :  D=0xc01634e1ed93aed9
3740500: system.cpu: T0 : 0x10572    : fld fa5, -24(s0)           : FloatMemRead :  D=0x3f34668ce6e92ed1 A=0x7ffffffffffffd98
3741500: system.cpu: T0 : 0x10576    : fmul_d fa4, fa4, fa5       : FloatMult :  D=0xbf5c506f1877d9a1
3742500: system.cpu: T0 : 0x1057a    : lw a5, -36(s0)             : MemRead :  D=0x0000000000000006 A=0x7ffffffffffffd8c
3743500: system.cpu: T0 : 0x1057e    : fcvt_d_w fa5, a5           : FloatCvt :  D=0x4018000000000000
3744500: system.cpu: T0 : 0x10582    : fadd_d fa3, fa5, fa5       : FloatAdd :  D=0x4028000000000000
3745500: system.cpu: T0 : 0x10586    : lw a5, -36(s0)             : MemRead :  D=0x0000000000000006 A=0x7ffffffffffffd8c
3746500: system.cpu: T0 : 0x1058a    : fcvt_d_w fa5, a5           : FloatCvt :  D=0x4018000000000000
3747500: system.cpu: T0 : 0x1058e    : fadd_d fa2, fa5, fa5       : FloatAdd :  D=0x4028000000000000
3748500: system.cpu: T0 : 0x10592    : auipc a5, 61               : IntAlu :  D=0x000000000004d592
3749500: system.cpu: T0 : 0x10596    : addi a5, a5, 1366          : IntAlu :  D=0x000000000004dae8
3750000: system.cpu: T0 : 0x1059a    : c_fld fa5, 0(a5)           : FloatMemRead :  D=0x3ff0000000000000 A=0x4dae8
3750500: system.cpu: T0 : 0x1059c    : fadd_d fa5, fa2, fa5       : FloatAdd :  D=0x402a000000000000
3751000: system.cpu: T0 : 0x105a0    : fmul_d fa5, fa3, fa5       : FloatMult :  D=0x4063800000000000
3751500: system.cpu: T0 : 0x105a4    : fdiv_d fa5, fa4, fa5       : FloatDiv :  D=0xbee73b6ed8ffe084
3752000: system.cpu: T0 : 0x105a8    : fsd fa5, -24(s0)           : FloatMemWrite :  D=0xbee73b6ed8ffe084 A=0x7ffffffffffffd98
3752500: system.cpu: T0 : 0x105ac    : fld fa4, -32(s0)           : FloatMemRead :  D=0xbfe6a08ab8a940c2 A=0x7ffffffffffffd90
3753000: system.cpu: T0 : 0x105b0    : fld fa5, -24(s0)           : FloatMemRead :  D=0xbee73b6ed8ffe084 A=0x7ffffffffffffd98
3753500: system.cpu: T0 : 0x105b4    : fadd_d fa5, fa4, fa5       : FloatAdd :  D=0xbfe6a0a1f41819c2
3754000: system.cpu: T0 : 0x105b8    : fsd fa5, -32(s0)           : FloatMemWrite :  D=0xbfe6a0a1f41819c2 A=0x7ffffffffffffd90
3754500: system.cpu: T0 : 0x105bc    : lw a5, -36(s0)             : MemRead :  D=0x0000000000000006 A=0x7ffffffffffffd8c
3755000: system.cpu: T0 : 0x105c0    : c_addiw a5, 1              : IntAlu :  D=0x0000000000000007
3756000: system.cpu: T0 : 0x105c2    : sw a5, -36(s0)             : MemWrite :  D=0x0000000000000007 A=0x7ffffffffffffd8c
3757000: system.cpu: T0 : 0x105c6    : fld fa0, -24(s0)           : FloatMemRead :  D=0xbee73b6ed8ffe084 A=0x7ffffffffffffd98
3758000: system.cpu: T0 : 0x105ca    : jal ra, -410               : IntAlu :  D=0x00000000000105ce
3758500: system.cpu: T0 : 0x10430    : c_addi16sp sp, -48         : IntAlu :  D=0x7ffffffffffffd40
3759000: system.cpu: T0 : 0x10432    : c_sdsp s0, 40(sp)          : MemWrite :  D=0x7ffffffffffffdb0 A=0x7ffffffffffffd68
3759500: system.cpu: T0 : 0x10434    : c_addi4spn s0, sp, 48      : IntAlu :  D=0x7ffffffffffffd70
3760500: system.cpu: T0 : 0x10436    : fsd fa0, -40(s0)           : FloatMemWrite :  D=0xbee73b6ed8ffe084 A=0x7ffffffffffffd48
3761500: system.cpu: T0 : 0x1043a    : fld fa5, -40(s0)           : FloatMemRead :  D=0xbee73b6ed8ffe084 A=0x7ffffffffffffd48
3762500: system.cpu: T0 : 0x1043e    : fmv_d_x fa4, zero          : FloatCvt :  D=0x0000000000000000
3763500: system.cpu: T0 : 0x10442    : fle_d a5, fa4, fa5         : FloatCmp :  D=0x0000000000000000
3764000: system.cpu: T0 : 0x10446    : c_beqz a5, 12              : IntAlu : 
3765000: system.cpu: T0 : 0x10452    : fld fa5, -40(s0)           : FloatMemRead :  D=0xbee73b6ed8ffe084 A=0x7ffffffffffffd48
3766000: system.cpu: T0 : 0x10456    : fsgnjn_d fa5, fa5, fa5     : FloatMisc :  D=0x3ee73b6ed8ffe084
3767000: system.cpu: T0 : 0x1045a    : fsd fa5, -24(s0)           : FloatMemWrite :  D=0x3ee73b6ed8ffe084 A=0x7ffffffffffffd58
3768000: system.cpu: T0 : 0x1045e    : fld fa5, -24(s0)           : FloatMemRead :  D=0x3ee73b6ed8ffe084 A=0x7ffffffffffffd58
3769000: system.cpu: T0 : 0x10462    : fsgnj_d fa0, fa5, fa5      : FloatMisc :  D=0x3ee73b6ed8ffe084
3769500: system.cpu: T0 : 0x10466    : c_ldsp s0, 40(sp)          : MemRead :  D=0x7ffffffffffffdb0 A=0x7ffffffffffffd68
3770000: system.cpu: T0 : 0x10468    : c_addi16sp sp, 48          : IntAlu :  D=0x7ffffffffffffd70
3770500: system.cpu: T0 : 0x1046a    : c_jr ra                    : IntAlu : 
3771500: system.cpu: T0 : 0x105ce    : fsgnj_d fa4, fa0, fa0      : FloatMisc :  D=0x3ee73b6ed8ffe084
3772500: system.cpu: T0 : 0x105d2    : auipc a5, 61               : IntAlu :  D=0x000000000004d5d2
3773500: system.cpu: T0 : 0x105d6    : addi a5, a5, 1310          : IntAlu :  D=0x000000000004daf0
3774000: system.cpu: T0 : 0x105da    : c_fld fa5, 0(a5)           : FloatMemRead :  D=0x3ee4f8b588e368f1 A=0x4daf0
3774500: system.cpu: T0 : 0x105dc    : fle_d a5, fa5, fa4         : FloatCmp :  D=0x0000000000000001
3775000: system.cpu: T0 : 0x105e0    : c_bnez a5, -122            : IntAlu : 
3776000: system.cpu: T0 : 0x10566    : fld fa5, -56(s0)           : FloatMemRead :  D=0xc002d97b7414a4d3 A=0x7ffffffffffffd78
3777000: system.cpu: T0 : 0x1056a    : fmul_d fa5, fa5, fa5       : FloatMult :  D=0x401634e1ed93aed9
3778000: system.cpu: T0 : 0x1056e    : fsgnjn_d fa4, fa5, fa5     : FloatMisc :  D=0xc01634e1ed93aed9
3779000: system.cpu: T0 : 0x10572    : fld fa5, -24(s0)           : FloatMemRead :  D=0xbee73b6ed8ffe084 A=0x7ffffffffffffd98
3780000: system.cpu: T0 : 0x10576    : fmul_d fa4, fa4, fa5       : FloatMult :  D=0x3f101f40cfaf54dc
3781000: system.cpu: T0 : 0x1057a    : lw a5, -36(s0)             : MemRead :  D=0x0000000000000007 A=0x7ffffffffffffd8c
3782000: system.cpu: T0 : 0x1057e    : fcvt_d_w fa5, a5           : FloatCvt :  D=0x401c000000000000
3783000: system.cpu: T0 : 0x10582    : fadd_d fa3, fa5, fa5       : FloatAdd :  D=0x402c000000000000
3784000: system.cpu: T0 : 0x10586    : lw a5, -36(s0)             : MemRead :  D=0x0000000000000007 A=0x7ffffffffffffd8c
3785000: system.cpu: T0 : 0x1058a    : fcvt_d_w fa5, a5           : FloatCvt :  D=0x401c000000000000
3786000: system.cpu: T0 : 0x1058e    : fadd_d fa2, fa5, fa5       : FloatAdd :  D=0x402c000000000000
3787000: system.cpu: T0 : 0x10592    : auipc a5, 61               : IntAlu :  D=0x000000000004d592
3788000: system.cpu: T0 : 0x10596    : addi a5, a5, 1366          : IntAlu :  D=0x000000000004dae8
3788500: system.cpu: T0 : 0x1059a    : c_fld fa5, 0(a5)           : FloatMemRead :  D=0x3ff0000000000000 A=0x4dae8
3789000: system.cpu: T0 : 0x1059c    : fadd_d fa5, fa2, fa5       : FloatAdd :  D=0x402e000000000000
3789500: system.cpu: T0 : 0x105a0    : fmul_d fa5, fa3, fa5       : FloatMult :  D=0x406a400000000000
3790000: system.cpu: T0 : 0x105a4    : fdiv_d fa5, fa4, fa5       : FloatDiv :  D=0x3e93a7517234d2b9
3790500: system.cpu: T0 : 0x105a8    : fsd fa5, -24(s0)           : FloatMemWrite :  D=0x3e93a7517234d2b9 A=0x7ffffffffffffd98
3791000: system.cpu: T0 : 0x105ac    : fld fa4, -32(s0)           : FloatMemRead :  D=0xbfe6a0a1f41819c2 A=0x7ffffffffffffd90
3791500: system.cpu: T0 : 0x105b0    : fld fa5, -24(s0)           : FloatMemRead :  D=0x3e93a7517234d2b9 A=0x7ffffffffffffd98
3792000: system.cpu: T0 : 0x105b4    : fadd_d fa5, fa4, fa5       : FloatAdd :  D=0xbfe6a0a156dd8e30
3792500: system.cpu: T0 : 0x105b8    : fsd fa5, -32(s0)           : FloatMemWrite :  D=0xbfe6a0a156dd8e30 A=0x7ffffffffffffd90
3793000: system.cpu: T0 : 0x105bc    : lw a5, -36(s0)             : MemRead :  D=0x0000000000000007 A=0x7ffffffffffffd8c
3793500: system.cpu: T0 : 0x105c0    : c_addiw a5, 1              : IntAlu :  D=0x0000000000000008
3794500: system.cpu: T0 : 0x105c2    : sw a5, -36(s0)             : MemWrite :  D=0x0000000000000008 A=0x7ffffffffffffd8c
3795500: system.cpu: T0 : 0x105c6    : fld fa0, -24(s0)           : FloatMemRead :  D=0x3e93a7517234d2b9 A=0x7ffffffffffffd98
3796500: system.cpu: T0 : 0x105ca    : jal ra, -410               : IntAlu :  D=0x00000000000105ce
3797000: system.cpu: T0 : 0x10430    : c_addi16sp sp, -48         : IntAlu :  D=0x7ffffffffffffd40
3797500: system.cpu: T0 : 0x10432    : c_sdsp s0, 40(sp)          : MemWrite :  D=0x7ffffffffffffdb0 A=0x7ffffffffffffd68
3798000: system.cpu: T0 : 0x10434    : c_addi4spn s0, sp, 48      : IntAlu :  D=0x7ffffffffffffd70
3799000: system.cpu: T0 : 0x10436    : fsd fa0, -40(s0)           : FloatMemWrite :  D=0x3e93a7517234d2b9 A=0x7ffffffffffffd48
3800000: system.cpu: T0 : 0x1043a    : fld fa5, -40(s0)           : FloatMemRead :  D=0x3e93a7517234d2b9 A=0x7ffffffffffffd48
3801000: system.cpu: T0 : 0x1043e    : fmv_d_x fa4, zero          : FloatCvt :  D=0x0000000000000000
3802000: system.cpu: T0 : 0x10442    : fle_d a5, fa4, fa5         : FloatCmp :  D=0x0000000000000001
3802500: system.cpu: T0 : 0x10446    : c_beqz a5, 12              : IntAlu : 
3803000: system.cpu: T0 : 0x10448    : fld fa5, -40(s0)           : FloatMemRead :  D=0x3e93a7517234d2b9 A=0x7ffffffffffffd48
3803500: system.cpu: T0 : 0x1044c    : fsd fa5, -24(s0)           : FloatMemWrite :  D=0x3e93a7517234d2b9 A=0x7ffffffffffffd58
3804000: system.cpu: T0 : 0x10450    : c_j 14                     : IntAlu : 
3805000: system.cpu: T0 : 0x1045e    : fld fa5, -24(s0)           : FloatMemRead :  D=0x3e93a7517234d2b9 A=0x7ffffffffffffd58
3806000: system.cpu: T0 : 0x10462    : fsgnj_d fa0, fa5, fa5      : FloatMisc :  D=0x3e93a7517234d2b9
3806500: system.cpu: T0 : 0x10466    : c_ldsp s0, 40(sp)          : MemRead :  D=0x7ffffffffffffdb0 A=0x7ffffffffffffd68
3807000: system.cpu: T0 : 0x10468    : c_addi16sp sp, 48          : IntAlu :  D=0x7ffffffffffffd70
3807500: system.cpu: T0 : 0x1046a    : c_jr ra                    : IntAlu : 
3808500: system.cpu: T0 : 0x105ce    : fsgnj_d fa4, fa0, fa0      : FloatMisc :  D=0x3e93a7517234d2b9
3809500: system.cpu: T0 : 0x105d2    : auipc a5, 61               : IntAlu :  D=0x000000000004d5d2
3810500: system.cpu: T0 : 0x105d6    : addi a5, a5, 1310          : IntAlu :  D=0x000000000004daf0
3811000: system.cpu: T0 : 0x105da    : c_fld fa5, 0(a5)           : FloatMemRead :  D=0x3ee4f8b588e368f1 A=0x4daf0
3811500: system.cpu: T0 : 0x105dc    : fle_d a5, fa5, fa4         : FloatCmp :  D=0x0000000000000000
3812000: system.cpu: T0 : 0x105e0    : c_bnez a5, -122            : IntAlu : 
3813000: system.cpu: T0 : 0x105e2    : fld fa5, -32(s0)           : FloatMemRead :  D=0xbfe6a0a156dd8e30 A=0x7ffffffffffffd90
3814000: system.cpu: T0 : 0x105e6    : fsgnj_d fa0, fa5, fa5      : FloatMisc :  D=0xbfe6a0a156dd8e30
3814500: system.cpu: T0 : 0x105ea    : c_ldsp ra, 56(sp)          : MemRead :  D=0x0000000000010618 A=0x7ffffffffffffda8
3815000: system.cpu: T0 : 0x105ec    : c_ldsp s0, 48(sp)          : MemRead :  D=0x7ffffffffffffdd0 A=0x7ffffffffffffda0
3815500: system.cpu: T0 : 0x105ee    : c_addi16sp sp, 64          : IntAlu :  D=0x7ffffffffffffdb0
3816000: system.cpu: T0 : 0x105f0    : c_jr ra                    : IntAlu : 
3816500: system.cpu: T0 : 0x10618    : fsgnj_d fa5, fa0, fa0      : FloatMisc :  D=0xbfe6a0a156dd8e30
3817000: system.cpu: T0 : 0x1061c    : fsgnj_d fa0, fa5, fa5      : FloatMisc :  D=0xbfe6a0a156dd8e30
3817500: system.cpu: T0 : 0x10620    : c_ldsp ra, 24(sp)          : MemRead :  D=0x0000000000010666 A=0x7ffffffffffffdc8
3818000: system.cpu: T0 : 0x10622    : c_ldsp s0, 16(sp)          : MemRead :  D=0x7ffffffffffffdf0 A=0x7ffffffffffffdc0
3818500: system.cpu: T0 : 0x10624    : c_addi16sp sp, 32          : IntAlu :  D=0x7ffffffffffffdd0
3819000: system.cpu: T0 : 0x10626    : c_jr ra                    : IntAlu : 
3820000: system.cpu: T0 : 0x10666    : fsgnj_d fa5, fa0, fa0      : FloatMisc :  D=0xbfe6a0a156dd8e30
3821000: system.cpu: T0 : 0x1066a    : auipc a4, 96               : IntAlu :  D=0x000000000007066a
3822000: system.cpu: T0 : 0x1066e    : ld a4, 438(a4)             : MemRead :  D=0x00000000000719a0 A=0x70820
3823000: system.cpu: T0 : 0x10672    : lw a5, -32(s0)             : MemRead :  D=0x0000000000000005 A=0x7ffffffffffffdd0
3823500: system.cpu: T0 : 0x10676    : c_slli a5, 3               : IntAlu :  D=0x0000000000000028
3824000: system.cpu: T0 : 0x10678    : c_add a5, a4               : IntAlu :  D=0x00000000000719c8
3824500: system.cpu: T0 : 0x1067a    : c_fsd fa5, 0(a5)           : FloatMemWrite :  D=0xbfe6a0a156dd8e30 A=0x719c8
3825000: system.cpu: T0 : 0x1067c    : lw a5, -32(s0)             : MemRead :  D=0x0000000000000005 A=0x7ffffffffffffdd0
3825500: system.cpu: T0 : 0x10680    : c_addiw a5, 1              : IntAlu :  D=0x0000000000000006
3826500: system.cpu: T0 : 0x10682    : sw a5, -32(s0)             : MemWrite :  D=0x0000000000000006 A=0x7ffffffffffffdd0
3827500: system.cpu: T0 : 0x10686    : lw a4, -32(s0)             : MemRead :  D=0x0000000000000006 A=0x7ffffffffffffdd0
3828500: system.cpu: T0 : 0x1068a    : lw a5, -28(s0)             : MemRead :  D=0x0000000000000008 A=0x7ffffffffffffdd4
3829000: system.cpu: T0 : 0x1068e    : c_addiw a4, 0              : IntAlu :  D=0x0000000000000006
3829500: system.cpu: T0 : 0x10690    : c_addiw a5, 0              : IntAlu :  D=0x0000000000000008
3830500: system.cpu: T0 : 0x10692    : blt a4, a5, -86            : IntAlu : 
3831000: system.cpu: T0 : 0x1063c    : lw a5, -32(s0)             : MemRead :  D=0x0000000000000006 A=0x7ffffffffffffdd0
3831500: system.cpu: T0 : 0x10640    : fcvt_d_w fa4, a5           : FloatCvt :  D=0x4018000000000000
3832000: system.cpu: T0 : 0x10644    : auipc a5, 61               : IntAlu :  D=0x000000000004d644
3832500: system.cpu: T0 : 0x10648    : addi a5, a5, 1172          : IntAlu :  D=0x000000000004dad8
3833000: system.cpu: T0 : 0x1064c    : c_fld fa5, 0(a5)           : FloatMemRead :  D=0x401921f9f01b866e A=0x4dad8
3834000: system.cpu: T0 : 0x1064e    : fmul_d fa4, fa4, fa5       : FloatMult :  D=0x4042d97b7414a4d2
3835000: system.cpu: T0 : 0x10652    : lw a5, -28(s0)             : MemRead :  D=0x0000000000000008 A=0x7ffffffffffffdd4
3836000: system.cpu: T0 : 0x10656    : fcvt_d_w fa5, a5           : FloatCvt :  D=0x4020000000000000
3837000: system.cpu: T0 : 0x1065a    : fdiv_d fa5, fa4, fa5       : FloatDiv :  D=0x4012d97b7414a4d2
3838000: system.cpu: T0 : 0x1065e    : fsgnj_d fa0, fa5, fa5      : FloatMisc :  D=0x4012d97b7414a4d2
3839000: system.cpu: T0 : 0x10662    : jal ra, -112               : IntAlu :  D=0x0000000000010666
3839500: system.cpu: T0 : 0x105f2    : c_addi sp, -32             : IntAlu :  D=0x7ffffffffffffdb0
3840000: system.cpu: T0 : 0x105f4    : c_sdsp ra, 24(sp)          : MemWrite :  D=0x0000000000010666 A=0x7ffffffffffffdc8
3840500: system.cpu: T0 : 0x105f6    : c_sdsp s0, 16(sp)          : MemWrite :  D=0x7ffffffffffffdf0 A=0x7ffffffffffffdc0
3841000: system.cpu: T0 : 0x105f8    : c_addi4spn s0, sp, 32      : IntAlu :  D=0x7ffffffffffffdd0
3842000: system.cpu: T0 : 0x105fa    : fsd fa0, -24(s0)           : FloatMemWrite :  D=0x4012d97b7414a4d2 A=0x7ffffffffffffdb8
3843000: system.cpu: T0 : 0x105fe    : auipc a5, 61               : IntAlu :  D=0x000000000004d5fe
3844000: system.cpu: T0 : 0x10602    : addi a5, a5, 1274          : IntAlu :  D=0x000000000004daf8
3844500: system.cpu: T0 : 0x10606    : c_fld fa4, 0(a5)           : FloatMemRead :  D=0x3ff921f9f01b866e A=0x4daf8
3845000: system.cpu: T0 : 0x10608    : fld fa5, -24(s0)           : FloatMemRead :  D=0x4012d97b7414a4d2 A=0x7ffffffffffffdb8
3845500: system.cpu: T0 : 0x1060c    : fsub_d fa5, fa4, fa5       : FloatAdd :  D=0xc00921f9f01b866d
3846000: system.cpu: T0 : 0x10610    : fsgnj_d fa0, fa5, fa5      : FloatMisc :  D=0xc00921f9f01b866d
3846500: system.cpu: T0 : 0x10614    : jal ra, -394               : IntAlu :  D=0x0000000000010618
3847000: system.cpu: T0 : 0x1048a    : c_addi16sp sp, -64         : IntAlu :  D=0x7ffffffffffffd70
3847500: system.cpu: T0 : 0x1048c    : c_sdsp ra, 56(sp)          : MemWrite :  D=0x0000000000010618 A=0x7ffffffffffffda8
3848000: system.cpu: T0 : 0x1048e    : c_sdsp s0, 48(sp)          : MemWrite :  D=0x7ffffffffffffdd0 A=0x7ffffffffffffda0
3848500: system.cpu: T0 : 0x10490    : c_addi4spn s0, sp, 64      : IntAlu :  D=0x7ffffffffffffdb0
3849500: system.cpu: T0 : 0x10492    : fsd fa0, -56(s0)           : FloatMemWrite :  D=0xc00921f9f01b866d A=0x7ffffffffffffd78
3850000: system.cpu: T0 : 0x10496    : c_li a5, 1                 : IntAlu :  D=0x0000000000000001
3850500: system.cpu: T0 : 0x10498    : sw a5, -36(s0)             : MemWrite :  D=0x0000000000000001 A=0x7ffffffffffffd8c
3851000: system.cpu: T0 : 0x1049c    : c_j 24                     : IntAlu : 
3851500: system.cpu: T0 : 0x104b4    : fld fa4, -56(s0)           : FloatMemRead :  D=0xc00921f9f01b866d A=0x7ffffffffffffd78
3852000: system.cpu: T0 : 0x104b8    : auipc a5, 61               : IntAlu :  D=0x000000000004d4b8
3852500: system.cpu: T0 : 0x104bc    : addi a5, a5, 1568          : IntAlu :  D=0x000000000004dad8
3853000: system.cpu: T0 : 0x104c0    : c_fld fa5, 0(a5)           : FloatMemRead :  D=0x401921f9f01b866e A=0x4dad8
3854000: system.cpu: T0 : 0x104c2    : flt_d a5, fa5, fa4         : FloatCmp :  D=0x0000000000000000
3854500: system.cpu: T0 : 0x104c6    : c_bnez a5, -40             : IntAlu : 
3855000: system.cpu: T0 : 0x104c8    : c_j 24                     : IntAlu : 
3855500: system.cpu: T0 : 0x104e0    : fld fa4, -56(s0)           : FloatMemRead :  D=0xc00921f9f01b866d A=0x7ffffffffffffd78
3856000: system.cpu: T0 : 0x104e4    : auipc a5, 61               : IntAlu :  D=0x000000000004d4e4
3856500: system.cpu: T0 : 0x104e8    : addi a5, a5, 1532          : IntAlu :  D=0x000000000004dae0
3857000: system.cpu: T0 : 0x104ec    : c_fld fa5, 0(a5)           : FloatMemRead :  D=0xc01921f9f01b866e A=0x4dae0
3858000: system.cpu: T0 : 0x104ee    : flt_d a5, fa4, fa5         : FloatCmp :  D=0x0000000000000000
3858500: system.cpu: T0 : 0x104f2    : c_bnez a5, -40             : IntAlu : 
3859000: system.cpu: T0 : 0x104f4    : fld fa5, -56(s0)           : FloatMemRead :  D=0xc00921f9f01b866d A=0x7ffffffffffffd78
3859500: system.cpu: T0 : 0x104f8    : fsd fa5, -24(s0)           : FloatMemWrite :  D=0xc00921f9f01b866d A=0x7ffffffffffffd98
3860000: system.cpu: T0 : 0x104fc    : fld fa5, -24(s0)           : FloatMemRead :  D=0xc00921f9f01b866d A=0x7ffffffffffffd98
3860500: system.cpu: T0 : 0x10500    : fsd fa5, -32(s0)           : FloatMemWrite :  D=0xc00921f9f01b866d A=0x7ffffffffffffd90
3861000: system.cpu: T0 : 0x10504    : fld fa5, -56(s0)           : FloatMemRead :  D=0xc00921f9f01b866d A=0x7ffffffffffffd78
3861500: system.cpu: T0 : 0x10508    : fmul_d fa5, fa5, fa5       : FloatMult :  D=0x4023bd3a9a4a6286
3862000: system.cpu: T0 : 0x1050c    : fsgnjn_d fa4, fa5, fa5     : FloatMisc :  D=0xc023bd3a9a4a6286
3862500: system.cpu: T0 : 0x10510    : fld fa5, -24(s0)           : FloatMemRead :  D=0xc00921f9f01b866d A=0x7ffffffffffffd98
3863000: system.cpu: T0 : 0x10514    : fmul_d fa4, fa4, fa5       : FloatMult :  D=0x403f0196330ad8b7
3863500: system.cpu: T0 : 0x10518    : lw a5, -36(s0)             : MemRead :  D=0x0000000000000001 A=0x7ffffffffffffd8c
3864000: system.cpu: T0 : 0x1051c    : fcvt_d_w fa5, a5           : FloatCvt :  D=0x3ff0000000000000
3864500: system.cpu: T0 : 0x10520    : fadd_d fa3, fa5, fa5       : FloatAdd :  D=0x4000000000000000
3865000: system.cpu: T0 : 0x10524    : lw a5, -36(s0)             : MemRead :  D=0x0000000000000001 A=0x7ffffffffffffd8c
3865500: system.cpu: T0 : 0x10528    : fcvt_d_w fa5, a5           : FloatCvt :  D=0x3ff0000000000000
3866000: system.cpu: T0 : 0x1052c    : fadd_d fa2, fa5, fa5       : FloatAdd :  D=0x4000000000000000
3866500: system.cpu: T0 : 0x10530    : auipc a5, 61               : IntAlu :  D=0x000000000004d530
3867000: system.cpu: T0 : 0x10534    : addi a5, a5, 1464          : IntAlu :  D=0x000000000004dae8
3867500: system.cpu: T0 : 0x10538    : c_fld fa5, 0(a5)           : FloatMemRead :  D=0x3ff0000000000000 A=0x4dae8
3868500: system.cpu: T0 : 0x1053a    : fadd_d fa5, fa2, fa5       : FloatAdd :  D=0x4008000000000000
3869500: system.cpu: T0 : 0x1053e    : fmul_d fa5, fa3, fa5       : FloatMult :  D=0x4018000000000000
3870500: system.cpu: T0 : 0x10542    : fdiv_d fa5, fa4, fa5       : FloatDiv :  D=0x4014abb9775c907a
3871500: system.cpu: T0 : 0x10546    : fsd fa5, -24(s0)           : FloatMemWrite :  D=0x4014abb9775c907a A=0x7ffffffffffffd98
3872500: system.cpu: T0 : 0x1054a    : fld fa4, -32(s0)           : FloatMemRead :  D=0xc00921f9f01b866d A=0x7ffffffffffffd90
3873500: system.cpu: T0 : 0x1054e    : fld fa5, -24(s0)           : FloatMemRead :  D=0x4014abb9775c907a A=0x7ffffffffffffd98
3874500: system.cpu: T0 : 0x10552    : fadd_d fa5, fa4, fa5       : FloatAdd :  D=0x40003578fe9d9a87
3875500: system.cpu: T0 : 0x10556    : fsd fa5, -32(s0)           : FloatMemWrite :  D=0x40003578fe9d9a87 A=0x7ffffffffffffd90
3876500: system.cpu: T0 : 0x1055a    : lw a5, -36(s0)             : MemRead :  D=0x0000000000000001 A=0x7ffffffffffffd8c
3877000: system.cpu: T0 : 0x1055e    : c_addiw a5, 1              : IntAlu :  D=0x0000000000000002
3877500: system.cpu: T0 : 0x10560    : sw a5, -36(s0)             : MemWrite :  D=0x0000000000000002 A=0x7ffffffffffffd8c
3878000: system.cpu: T0 : 0x10564    : c_j 98                     : IntAlu : 
3879000: system.cpu: T0 : 0x105c6    : fld fa0, -24(s0)           : FloatMemRead :  D=0x4014abb9775c907a A=0x7ffffffffffffd98
3880000: system.cpu: T0 : 0x105ca    : jal ra, -410               : IntAlu :  D=0x00000000000105ce
3880500: system.cpu: T0 : 0x10430    : c_addi16sp sp, -48         : IntAlu :  D=0x7ffffffffffffd40
3881000: system.cpu: T0 : 0x10432    : c_sdsp s0, 40(sp)          : MemWrite :  D=0x7ffffffffffffdb0 A=0x7ffffffffffffd68
3881500: system.cpu: T0 : 0x10434    : c_addi4spn s0, sp, 48      : IntAlu :  D=0x7ffffffffffffd70
3882500: system.cpu: T0 : 0x10436    : fsd fa0, -40(s0)           : FloatMemWrite :  D=0x4014abb9775c907a A=0x7ffffffffffffd48
3883500: system.cpu: T0 : 0x1043a    : fld fa5, -40(s0)           : FloatMemRead :  D=0x4014abb9775c907a A=0x7ffffffffffffd48
3884500: system.cpu: T0 : 0x1043e    : fmv_d_x fa4, zero          : FloatCvt :  D=0x0000000000000000
3885500: system.cpu: T0 : 0x10442    : fle_d a5, fa4, fa5         : FloatCmp :  D=0x0000000000000001
3886000: system.cpu: T0 : 0x10446    : c_beqz a5, 12              : IntAlu : 
3886500: system.cpu: T0 : 0x10448    : fld fa5, -40(s0)           : FloatMemRead :  D=0x4014abb9775c907a A=0x7ffffffffffffd48
3887000: system.cpu: T0 : 0x1044c    : fsd fa5, -24(s0)           : FloatMemWrite :  D=0x4014abb9775c907a A=0x7ffffffffffffd58
3887500: system.cpu: T0 : 0x10450    : c_j 14                     : IntAlu : 
3888500: system.cpu: T0 : 0x1045e    : fld fa5, -24(s0)           : FloatMemRead :  D=0x4014abb9775c907a A=0x7ffffffffffffd58
3889500: system.cpu: T0 : 0x10462    : fsgnj_d fa0, fa5, fa5      : FloatMisc :  D=0x4014abb9775c907a
3890000: system.cpu: T0 : 0x10466    : c_ldsp s0, 40(sp)          : MemRead :  D=0x7ffffffffffffdb0 A=0x7ffffffffffffd68
3890500: system.cpu: T0 : 0x10468    : c_addi16sp sp, 48          : IntAlu :  D=0x7ffffffffffffd70
3891000: system.cpu: T0 : 0x1046a    : c_jr ra                    : IntAlu : 
3892000: system.cpu: T0 : 0x105ce    : fsgnj_d fa4, fa0, fa0      : FloatMisc :  D=0x4014abb9775c907a
3893000: system.cpu: T0 : 0x105d2    : auipc a5, 61               : IntAlu :  D=0x000000000004d5d2
3894000: system.cpu: T0 : 0x105d6    : addi a5, a5, 1310          : IntAlu :  D=0x000000000004daf0
3894500: system.cpu: T0 : 0x105da    : c_fld fa5, 0(a5)           : FloatMemRead :  D=0x3ee4f8b588e368f1 A=0x4daf0
3895000: system.cpu: T0 : 0x105dc    : fle_d a5, fa5, fa4         : FloatCmp :  D=0x0000000000000001
3895500: system.cpu: T0 : 0x105e0    : c_bnez a5, -122            : IntAlu : 
3896500: system.cpu: T0 : 0x10566    : fld fa5, -56(s0)           : FloatMemRead :  D=0xc00921f9f01b866d A=0x7ffffffffffffd78
3897500: system.cpu: T0 : 0x1056a    : fmul_d fa5, fa5, fa5       : FloatMult :  D=0x4023bd3a9a4a6286
3898500: system.cpu: T0 : 0x1056e    : fsgnjn_d fa4, fa5, fa5     : FloatMisc :  D=0xc023bd3a9a4a6286
3899500: system.cpu: T0 : 0x10572    : fld fa5, -24(s0)           : FloatMemRead :  D=0x4014abb9775c907a A=0x7ffffffffffffd98
3900500: system.cpu: T0 : 0x10576    : fmul_d fa4, fa4, fa5       : FloatMult :  D=0xc04980647265244b
3901500: system.cpu: T0 : 0x1057a    : lw a5, -36(s0)             : MemRead :  D=0x0000000000000002 A=0x7ffffffffffffd8c
3902500: system.cpu: T0 : 0x1057e    : fcvt_d_w fa5, a5           : FloatCvt :  D=0x4000000000000000
3903500: system.cpu: T0 : 0x10582    : fadd_d fa3, fa5, fa5       : FloatAdd :  D=0x4010000000000000
3904500: system.cpu: T0 : 0x10586    : lw a5, -36(s0)             : MemRead :  D=0x0000000000000002 A=0x7ffffffffffffd8c
3905500: system.cpu: T0 : 0x1058a    : fcvt_d_w fa5, a5           : FloatCvt :  D=0x4000000000000000
3906500: system.cpu: T0 : 0x1058e    : fadd_d fa2, fa5, fa5       : FloatAdd :  D=0x4010000000000000
3907500: system.cpu: T0 : 0x10592    : auipc a5, 61               : IntAlu :  D=0x000000000004d592
3908500: system.cpu: T0 : 0x10596    : addi a5, a5, 1366          : IntAlu :  D=0x000000000004dae8
3909000: system.cpu: T0 : 0x1059a    : c_fld fa5, 0(a5)           : FloatMemRead :  D=0x3ff0000000000000 A=0x4dae8
3909500: system.cpu: T0 : 0x1059c    : fadd_d fa5, fa2, fa5       : FloatAdd :  D=0x4014000000000000
3910000: system.cpu: T0 : 0x105a0    : fmul_d fa5, fa3, fa5       : FloatMult :  D=0x4034000000000000
3910500: system.cpu: T0 : 0x105a4    : fdiv_d fa5, fa4, fa5       : FloatDiv :  D=0xc00466b6c1ea836f
3911000: system.cpu: T0 : 0x105a8    : fsd fa5, -24(s0)           : FloatMemWrite :  D=0xc00466b6c1ea836f A=0x7ffffffffffffd98
3911500: system.cpu: T0 : 0x105ac    : fld fa4, -32(s0)           : FloatMemRead :  D=0x40003578fe9d9a87 A=0x7ffffffffffffd90
3912000: system.cpu: T0 : 0x105b0    : fld fa5, -24(s0)           : FloatMemRead :  D=0xc00466b6c1ea836f A=0x7ffffffffffffd98
3912500: system.cpu: T0 : 0x105b4    : fadd_d fa5, fa4, fa5       : FloatAdd :  D=0xbfe0c4f70d33a3a0
3913000: system.cpu: T0 : 0x105b8    : fsd fa5, -32(s0)           : FloatMemWrite :  D=0xbfe0c4f70d33a3a0 A=0x7ffffffffffffd90
3913500: system.cpu: T0 : 0x105bc    : lw a5, -36(s0)             : MemRead :  D=0x0000000000000002 A=0x7ffffffffffffd8c
3914000: system.cpu: T0 : 0x105c0    : c_addiw a5, 1              : IntAlu :  D=0x0000000000000003
3915000: system.cpu: T0 : 0x105c2    : sw a5, -36(s0)             : MemWrite :  D=0x0000000000000003 A=0x7ffffffffffffd8c
3916000: system.cpu: T0 : 0x105c6    : fld fa0, -24(s0)           : FloatMemRead :  D=0xc00466b6c1ea836f A=0x7ffffffffffffd98
3917000: system.cpu: T0 : 0x105ca    : jal ra, -410               : IntAlu :  D=0x00000000000105ce
3917500: system.cpu: T0 : 0x10430    : c_addi16sp sp, -48         : IntAlu :  D=0x7ffffffffffffd40
3918000: system.cpu: T0 : 0x10432    : c_sdsp s0, 40(sp)          : MemWrite :  D=0x7ffffffffffffdb0 A=0x7ffffffffffffd68
3918500: system.cpu: T0 : 0x10434    : c_addi4spn s0, sp, 48      : IntAlu :  D=0x7ffffffffffffd70
3919500: system.cpu: T0 : 0x10436    : fsd fa0, -40(s0)           : FloatMemWrite :  D=0xc00466b6c1ea836f A=0x7ffffffffffffd48
3920500: system.cpu: T0 : 0x1043a    : fld fa5, -40(s0)           : FloatMemRead :  D=0xc00466b6c1ea836f A=0x7ffffffffffffd48
3921500: system.cpu: T0 : 0x1043e    : fmv_d_x fa4, zero          : FloatCvt :  D=0x0000000000000000
3922500: system.cpu: T0 : 0x10442    : fle_d a5, fa4, fa5         : FloatCmp :  D=0x0000000000000000
3923000: system.cpu: T0 : 0x10446    : c_beqz a5, 12              : IntAlu : 
3924000: system.cpu: T0 : 0x10452    : fld fa5, -40(s0)           : FloatMemRead :  D=0xc00466b6c1ea836f A=0x7ffffffffffffd48
3925000: system.cpu: T0 : 0x10456    : fsgnjn_d fa5, fa5, fa5     : FloatMisc :  D=0x400466b6c1ea836f
3926000: system.cpu: T0 : 0x1045a    : fsd fa5, -24(s0)           : FloatMemWrite :  D=0x400466b6c1ea836f A=0x7ffffffffffffd58
3927000: system.cpu: T0 : 0x1045e    : fld fa5, -24(s0)           : FloatMemRead :  D=0x400466b6c1ea836f A=0x7ffffffffffffd58
3928000: system.cpu: T0 : 0x10462    : fsgnj_d fa0, fa5, fa5      : FloatMisc :  D=0x400466b6c1ea836f
3928500: system.cpu: T0 : 0x10466    : c_ldsp s0, 40(sp)          : MemRead :  D=0x7ffffffffffffdb0 A=0x7ffffffffffffd68
3929000: system.cpu: T0 : 0x10468    : c_addi16sp sp, 48          : IntAlu :  D=0x7ffffffffffffd70
3929500: system.cpu: T0 : 0x1046a    : c_jr ra                    : IntAlu : 
3930500: system.cpu: T0 : 0x105ce    : fsgnj_d fa4, fa0, fa0      : FloatMisc :  D=0x400466b6c1ea836f
3931500: system.cpu: T0 : 0x105d2    : auipc a5, 61               : IntAlu :  D=0x000000000004d5d2
3932500: system.cpu: T0 : 0x105d6    : addi a5, a5, 1310          : IntAlu :  D=0x000000000004daf0
3933000: system.cpu: T0 : 0x105da    : c_fld fa5, 0(a5)           : FloatMemRead :  D=0x3ee4f8b588e368f1 A=0x4daf0
3933500: system.cpu: T0 : 0x105dc    : fle_d a5, fa5, fa4         : FloatCmp :  D=0x0000000000000001
3934000: system.cpu: T0 : 0x105e0    : c_bnez a5, -122            : IntAlu : 
3935000: system.cpu: T0 : 0x10566    : fld fa5, -56(s0)           : FloatMemRead :  D=0xc00921f9f01b866d A=0x7ffffffffffffd78
3936000: system.cpu: T0 : 0x1056a    : fmul_d fa5, fa5, fa5       : FloatMult :  D=0x4023bd3a9a4a6286
3937000: system.cpu: T0 : 0x1056e    : fsgnjn_d fa4, fa5, fa5     : FloatMisc :  D=0xc023bd3a9a4a6286
3938000: system.cpu: T0 : 0x10572    : fld fa5, -24(s0)           : FloatMemRead :  D=0xc00466b6c1ea836f A=0x7ffffffffffffd98
3939000: system.cpu: T0 : 0x10576    : fmul_d fa4, fa4, fa5       : FloatMult :  D=0x40392b410e2b14ee
3940000: system.cpu: T0 : 0x1057a    : lw a5, -36(s0)             : MemRead :  D=0x0000000000000003 A=0x7ffffffffffffd8c
3941000: system.cpu: T0 : 0x1057e    : fcvt_d_w fa5, a5           : FloatCvt :  D=0x4008000000000000
3942000: system.cpu: T0 : 0x10582    : fadd_d fa3, fa5, fa5       : FloatAdd :  D=0x4018000000000000
3943000: system.cpu: T0 : 0x10586    : lw a5, -36(s0)             : MemRead :  D=0x0000000000000003 A=0x7ffffffffffffd8c
3944000: system.cpu: T0 : 0x1058a    : fcvt_d_w fa5, a5           : FloatCvt :  D=0x4008000000000000
3945000: system.cpu: T0 : 0x1058e    : fadd_d fa2, fa5, fa5       : FloatAdd :  D=0x4018000000000000
3946000: system.cpu: T0 : 0x10592    : auipc a5, 61               : IntAlu :  D=0x000000000004d592
3947000: system.cpu: T0 : 0x10596    : addi a5, a5, 1366          : IntAlu :  D=0x000000000004dae8
3947500: system.cpu: T0 : 0x1059a    : c_fld fa5, 0(a5)           : FloatMemRead :  D=0x3ff0000000000000 A=0x4dae8
3948000: system.cpu: T0 : 0x1059c    : fadd_d fa5, fa2, fa5       : FloatAdd :  D=0x401c000000000000
3948500: system.cpu: T0 : 0x105a0    : fmul_d fa5, fa3, fa5       : FloatMult :  D=0x4045000000000000
3949000: system.cpu: T0 : 0x105a4    : fdiv_d fa5, fa4, fa5       : FloatDiv :  D=0x3fe32d256020d2fe
3949500: system.cpu: T0 : 0x105a8    : fsd fa5, -24(s0)           : FloatMemWrite :  D=0x3fe32d256020d2fe A=0x7ffffffffffffd98
3950000: system.cpu: T0 : 0x105ac    : fld fa4, -32(s0)           : FloatMemRead :  D=0xbfe0c4f70d33a3a0 A=0x7ffffffffffffd90
3950500: system.cpu: T0 : 0x105b0    : fld fa5, -24(s0)           : FloatMemRead :  D=0x3fe32d256020d2fe A=0x7ffffffffffffd98
3951000: system.cpu: T0 : 0x105b4    : fadd_d fa5, fa4, fa5       : FloatAdd :  D=0x3fb3417297697af0
3951500: system.cpu: T0 : 0x105b8    : fsd fa5, -32(s0)           : FloatMemWrite :  D=0x3fb3417297697af0 A=0x7ffffffffffffd90
3952000: system.cpu: T0 : 0x105bc    : lw a5, -36(s0)             : MemRead :  D=0x0000000000000003 A=0x7ffffffffffffd8c
3952500: system.cpu: T0 : 0x105c0    : c_addiw a5, 1              : IntAlu :  D=0x0000000000000004
3953500: system.cpu: T0 : 0x105c2    : sw a5, -36(s0)             : MemWrite :  D=0x0000000000000004 A=0x7ffffffffffffd8c
3954500: system.cpu: T0 : 0x105c6    : fld fa0, -24(s0)           : FloatMemRead :  D=0x3fe32d256020d2fe A=0x7ffffffffffffd98
3955500: system.cpu: T0 : 0x105ca    : jal ra, -410               : IntAlu :  D=0x00000000000105ce
3956000: system.cpu: T0 : 0x10430    : c_addi16sp sp, -48         : IntAlu :  D=0x7ffffffffffffd40
3956500: system.cpu: T0 : 0x10432    : c_sdsp s0, 40(sp)          : MemWrite :  D=0x7ffffffffffffdb0 A=0x7ffffffffffffd68
3957000: system.cpu: T0 : 0x10434    : c_addi4spn s0, sp, 48      : IntAlu :  D=0x7ffffffffffffd70
3958000: system.cpu: T0 : 0x10436    : fsd fa0, -40(s0)           : FloatMemWrite :  D=0x3fe32d256020d2fe A=0x7ffffffffffffd48
3959000: system.cpu: T0 : 0x1043a    : fld fa5, -40(s0)           : FloatMemRead :  D=0x3fe32d256020d2fe A=0x7ffffffffffffd48
3960000: system.cpu: T0 : 0x1043e    : fmv_d_x fa4, zero          : FloatCvt :  D=0x0000000000000000
3961000: system.cpu: T0 : 0x10442    : fle_d a5, fa4, fa5         : FloatCmp :  D=0x0000000000000001
3961500: system.cpu: T0 : 0x10446    : c_beqz a5, 12              : IntAlu : 
3962000: system.cpu: T0 : 0x10448    : fld fa5, -40(s0)           : FloatMemRead :  D=0x3fe32d256020d2fe A=0x7ffffffffffffd48
3962500: system.cpu: T0 : 0x1044c    : fsd fa5, -24(s0)           : FloatMemWrite :  D=0x3fe32d256020d2fe A=0x7ffffffffffffd58
3963000: system.cpu: T0 : 0x10450    : c_j 14                     : IntAlu : 
3964000: system.cpu: T0 : 0x1045e    : fld fa5, -24(s0)           : FloatMemRead :  D=0x3fe32d256020d2fe A=0x7ffffffffffffd58
3965000: system.cpu: T0 : 0x10462    : fsgnj_d fa0, fa5, fa5      : FloatMisc :  D=0x3fe32d256020d2fe
3965500: system.cpu: T0 : 0x10466    : c_ldsp s0, 40(sp)          : MemRead :  D=0x7ffffffffffffdb0 A=0x7ffffffffffffd68
3966000: system.cpu: T0 : 0x10468    : c_addi16sp sp, 48          : IntAlu :  D=0x7ffffffffffffd70
3966500: system.cpu: T0 : 0x1046a    : c_jr ra                    : IntAlu : 
3967500: system.cpu: T0 : 0x105ce    : fsgnj_d fa4, fa0, fa0      : FloatMisc :  D=0x3fe32d256020d2fe
3968500: system.cpu: T0 : 0x105d2    : auipc a5, 61               : IntAlu :  D=0x000000000004d5d2
3969500: system.cpu: T0 : 0x105d6    : addi a5, a5, 1310          : IntAlu :  D=0x000000000004daf0
3970000: system.cpu: T0 : 0x105da    : c_fld fa5, 0(a5)           : FloatMemRead :  D=0x3ee4f8b588e368f1 A=0x4daf0
3970500: system.cpu: T0 : 0x105dc    : fle_d a5, fa5, fa4         : FloatCmp :  D=0x0000000000000001
3971000: system.cpu: T0 : 0x105e0    : c_bnez a5, -122            : IntAlu : 
3972000: system.cpu: T0 : 0x10566    : fld fa5, -56(s0)           : FloatMemRead :  D=0xc00921f9f01b866d A=0x7ffffffffffffd78
3973000: system.cpu: T0 : 0x1056a    : fmul_d fa5, fa5, fa5       : FloatMult :  D=0x4023bd3a9a4a6286
3974000: system.cpu: T0 : 0x1056e    : fsgnjn_d fa4, fa5, fa5     : FloatMisc :  D=0xc023bd3a9a4a6286
3975000: system.cpu: T0 : 0x10572    : fld fa5, -24(s0)           : FloatMemRead :  D=0x3fe32d256020d2fe A=0x7ffffffffffffd98
3976000: system.cpu: T0 : 0x10576    : fmul_d fa4, fa4, fa5       : FloatMult :  D=0xc017a867e839a960
3977000: system.cpu: T0 : 0x1057a    : lw a5, -36(s0)             : MemRead :  D=0x0000000000000004 A=0x7ffffffffffffd8c
3978000: system.cpu: T0 : 0x1057e    : fcvt_d_w fa5, a5           : FloatCvt :  D=0x4010000000000000
3979000: system.cpu: T0 : 0x10582    : fadd_d fa3, fa5, fa5       : FloatAdd :  D=0x4020000000000000
3980000: system.cpu: T0 : 0x10586    : lw a5, -36(s0)             : MemRead :  D=0x0000000000000004 A=0x7ffffffffffffd8c
3981000: system.cpu: T0 : 0x1058a    : fcvt_d_w fa5, a5           : FloatCvt :  D=0x4010000000000000
3982000: system.cpu: T0 : 0x1058e    : fadd_d fa2, fa5, fa5       : FloatAdd :  D=0x4020000000000000
3983000: system.cpu: T0 : 0x10592    : auipc a5, 61               : IntAlu :  D=0x000000000004d592
3984000: system.cpu: T0 : 0x10596    : addi a5, a5, 1366          : IntAlu :  D=0x000000000004dae8
3984500: system.cpu: T0 : 0x1059a    : c_fld fa5, 0(a5)           : FloatMemRead :  D=0x3ff0000000000000 A=0x4dae8
3985000: system.cpu: T0 : 0x1059c    : fadd_d fa5, fa2, fa5       : FloatAdd :  D=0x4022000000000000
3985500: system.cpu: T0 : 0x105a0    : fmul_d fa5, fa3, fa5       : FloatMult :  D=0x4052000000000000
3986000: system.cpu: T0 : 0x105a4    : fdiv_d fa5, fa4, fa5       : FloatDiv :  D=0xbfb50778ce6c24c7
3986500: system.cpu: T0 : 0x105a8    : fsd fa5, -24(s0)           : FloatMemWrite :  D=0xbfb50778ce6c24c7 A=0x7ffffffffffffd98
3987000: system.cpu: T0 : 0x105ac    : fld fa4, -32(s0)           : FloatMemRead :  D=0x3fb3417297697af0 A=0x7ffffffffffffd90
3987500: system.cpu: T0 : 0x105b0    : fld fa5, -24(s0)           : FloatMemRead :  D=0xbfb50778ce6c24c7 A=0x7ffffffffffffd98
3988000: system.cpu: T0 : 0x105b4    : fadd_d fa5, fa4, fa5       : FloatAdd :  D=0xbf7c6063702a9d70
3988500: system.cpu: T0 : 0x105b8    : fsd fa5, -32(s0)           : FloatMemWrite :  D=0xbf7c6063702a9d70 A=0x7ffffffffffffd90
3989000: system.cpu: T0 : 0x105bc    : lw a5, -36(s0)             : MemRead :  D=0x0000000000000004 A=0x7ffffffffffffd8c
3989500: system.cpu: T0 : 0x105c0    : c_addiw a5, 1              : IntAlu :  D=0x0000000000000005
3990500: system.cpu: T0 : 0x105c2    : sw a5, -36(s0)             : MemWrite :  D=0x0000000000000005 A=0x7ffffffffffffd8c
3991500: system.cpu: T0 : 0x105c6    : fld fa0, -24(s0)           : FloatMemRead :  D=0xbfb50778ce6c24c7 A=0x7ffffffffffffd98
3992500: system.cpu: T0 : 0x105ca    : jal ra, -410               : IntAlu :  D=0x00000000000105ce
3993000: system.cpu: T0 : 0x10430    : c_addi16sp sp, -48         : IntAlu :  D=0x7ffffffffffffd40
3993500: system.cpu: T0 : 0x10432    : c_sdsp s0, 40(sp)          : MemWrite :  D=0x7ffffffffffffdb0 A=0x7ffffffffffffd68
3994000: system.cpu: T0 : 0x10434    : c_addi4spn s0, sp, 48      : IntAlu :  D=0x7ffffffffffffd70
3995000: system.cpu: T0 : 0x10436    : fsd fa0, -40(s0)           : FloatMemWrite :  D=0xbfb50778ce6c24c7 A=0x7ffffffffffffd48
3996000: system.cpu: T0 : 0x1043a    : fld fa5, -40(s0)           : FloatMemRead :  D=0xbfb50778ce6c24c7 A=0x7ffffffffffffd48
3997000: system.cpu: T0 : 0x1043e    : fmv_d_x fa4, zero          : FloatCvt :  D=0x0000000000000000
3998000: system.cpu: T0 : 0x10442    : fle_d a5, fa4, fa5         : FloatCmp :  D=0x0000000000000000
3998500: system.cpu: T0 : 0x10446    : c_beqz a5, 12              : IntAlu : 
3999500: system.cpu: T0 : 0x10452    : fld fa5, -40(s0)           : FloatMemRead :  D=0xbfb50778ce6c24c7 A=0x7ffffffffffffd48
4000500: system.cpu: T0 : 0x10456    : fsgnjn_d fa5, fa5, fa5     : FloatMisc :  D=0x3fb50778ce6c24c7
4001500: system.cpu: T0 : 0x1045a    : fsd fa5, -24(s0)           : FloatMemWrite :  D=0x3fb50778ce6c24c7 A=0x7ffffffffffffd58
4002500: system.cpu: T0 : 0x1045e    : fld fa5, -24(s0)           : FloatMemRead :  D=0x3fb50778ce6c24c7 A=0x7ffffffffffffd58
4003500: system.cpu: T0 : 0x10462    : fsgnj_d fa0, fa5, fa5      : FloatMisc :  D=0x3fb50778ce6c24c7
4004000: system.cpu: T0 : 0x10466    : c_ldsp s0, 40(sp)          : MemRead :  D=0x7ffffffffffffdb0 A=0x7ffffffffffffd68
4004500: system.cpu: T0 : 0x10468    : c_addi16sp sp, 48          : IntAlu :  D=0x7ffffffffffffd70
4005000: system.cpu: T0 : 0x1046a    : c_jr ra                    : IntAlu : 
4006000: system.cpu: T0 : 0x105ce    : fsgnj_d fa4, fa0, fa0      : FloatMisc :  D=0x3fb50778ce6c24c7
4007000: system.cpu: T0 : 0x105d2    : auipc a5, 61               : IntAlu :  D=0x000000000004d5d2
4008000: system.cpu: T0 : 0x105d6    : addi a5, a5, 1310          : IntAlu :  D=0x000000000004daf0
4008500: system.cpu: T0 : 0x105da    : c_fld fa5, 0(a5)           : FloatMemRead :  D=0x3ee4f8b588e368f1 A=0x4daf0
4009000: system.cpu: T0 : 0x105dc    : fle_d a5, fa5, fa4         : FloatCmp :  D=0x0000000000000001
4009500: system.cpu: T0 : 0x105e0    : c_bnez a5, -122            : IntAlu : 
4010500: system.cpu: T0 : 0x10566    : fld fa5, -56(s0)           : FloatMemRead :  D=0xc00921f9f01b866d A=0x7ffffffffffffd78
4011500: system.cpu: T0 : 0x1056a    : fmul_d fa5, fa5, fa5       : FloatMult :  D=0x4023bd3a9a4a6286
4012500: system.cpu: T0 : 0x1056e    : fsgnjn_d fa4, fa5, fa5     : FloatMisc :  D=0xc023bd3a9a4a6286
4013500: system.cpu: T0 : 0x10572    : fld fa5, -24(s0)           : FloatMemRead :  D=0xbfb50778ce6c24c7 A=0x7ffffffffffffd98
4014500: system.cpu: T0 : 0x10576    : fmul_d fa4, fa4, fa5       : FloatMult :  D=0x3fe9f194be066436
4015500: system.cpu: T0 : 0x1057a    : lw a5, -36(s0)             : MemRead :  D=0x0000000000000005 A=0x7ffffffffffffd8c
4016500: system.cpu: T0 : 0x1057e    : fcvt_d_w fa5, a5           : FloatCvt :  D=0x4014000000000000
4017500: system.cpu: T0 : 0x10582    : fadd_d fa3, fa5, fa5       : FloatAdd :  D=0x4024000000000000
4018500: system.cpu: T0 : 0x10586    : lw a5, -36(s0)             : MemRead :  D=0x0000000000000005 A=0x7ffffffffffffd8c
4019500: system.cpu: T0 : 0x1058a    : fcvt_d_w fa5, a5           : FloatCvt :  D=0x4014000000000000
4020500: system.cpu: T0 : 0x1058e    : fadd_d fa2, fa5, fa5       : FloatAdd :  D=0x4024000000000000
4021500: system.cpu: T0 : 0x10592    : auipc a5, 61               : IntAlu :  D=0x000000000004d592
4022500: system.cpu: T0 : 0x10596    : addi a5, a5, 1366          : IntAlu :  D=0x000000000004dae8
4023000: system.cpu: T0 : 0x1059a    : c_fld fa5, 0(a5)           : FloatMemRead :  D=0x3ff0000000000000 A=0x4dae8
4023500: system.cpu: T0 : 0x1059c    : fadd_d fa5, fa2, fa5       : FloatAdd :  D=0x4026000000000000
4024000: system.cpu: T0 : 0x105a0    : fmul_d fa5, fa3, fa5       : FloatMult :  D=0x405b800000000000
4024500: system.cpu: T0 : 0x105a4    : fdiv_d fa5, fa4, fa5       : FloatDiv :  D=0x3f7e30629bf4d1b3
4025000: system.cpu: T0 : 0x105a8    : fsd fa5, -24(s0)           : FloatMemWrite :  D=0x3f7e30629bf4d1b3 A=0x7ffffffffffffd98
4025500: system.cpu: T0 : 0x105ac    : fld fa4, -32(s0)           : FloatMemRead :  D=0xbf7c6063702a9d70 A=0x7ffffffffffffd90
4026000: system.cpu: T0 : 0x105b0    : fld fa5, -24(s0)           : FloatMemRead :  D=0x3f7e30629bf4d1b3 A=0x7ffffffffffffd98
4026500: system.cpu: T0 : 0x105b4    : fadd_d fa5, fa4, fa5       : FloatAdd :  D=0x3f3cfff2bca34430
4027000: system.cpu: T0 : 0x105b8    : fsd fa5, -32(s0)           : FloatMemWrite :  D=0x3f3cfff2bca34430 A=0x7ffffffffffffd90
4027500: system.cpu: T0 : 0x105bc    : lw a5, -36(s0)             : MemRead :  D=0x0000000000000005 A=0x7ffffffffffffd8c
4028000: system.cpu: T0 : 0x105c0    : c_addiw a5, 1              : IntAlu :  D=0x0000000000000006
4029000: system.cpu: T0 : 0x105c2    : sw a5, -36(s0)             : MemWrite :  D=0x0000000000000006 A=0x7ffffffffffffd8c
4030000: system.cpu: T0 : 0x105c6    : fld fa0, -24(s0)           : FloatMemRead :  D=0x3f7e30629bf4d1b3 A=0x7ffffffffffffd98
4031000: system.cpu: T0 : 0x105ca    : jal ra, -410               : IntAlu :  D=0x00000000000105ce
4031500: system.cpu: T0 : 0x10430    : c_addi16sp sp, -48         : IntAlu :  D=0x7ffffffffffffd40
4032000: system.cpu: T0 : 0x10432    : c_sdsp s0, 40(sp)          : MemWrite :  D=0x7ffffffffffffdb0 A=0x7ffffffffffffd68
4032500: system.cpu: T0 : 0x10434    : c_addi4spn s0, sp, 48      : IntAlu :  D=0x7ffffffffffffd70
4033500: system.cpu: T0 : 0x10436    : fsd fa0, -40(s0)           : FloatMemWrite :  D=0x3f7e30629bf4d1b3 A=0x7ffffffffffffd48
4034500: system.cpu: T0 : 0x1043a    : fld fa5, -40(s0)           : FloatMemRead :  D=0x3f7e30629bf4d1b3 A=0x7ffffffffffffd48
4035500: system.cpu: T0 : 0x1043e    : fmv_d_x fa4, zero          : FloatCvt :  D=0x0000000000000000
4036500: system.cpu: T0 : 0x10442    : fle_d a5, fa4, fa5         : FloatCmp :  D=0x0000000000000001
4037000: system.cpu: T0 : 0x10446    : c_beqz a5, 12              : IntAlu : 
4037500: system.cpu: T0 : 0x10448    : fld fa5, -40(s0)           : FloatMemRead :  D=0x3f7e30629bf4d1b3 A=0x7ffffffffffffd48
4038000: system.cpu: T0 : 0x1044c    : fsd fa5, -24(s0)           : FloatMemWrite :  D=0x3f7e30629bf4d1b3 A=0x7ffffffffffffd58
4038500: system.cpu: T0 : 0x10450    : c_j 14                     : IntAlu : 
4039500: system.cpu: T0 : 0x1045e    : fld fa5, -24(s0)           : FloatMemRead :  D=0x3f7e30629bf4d1b3 A=0x7ffffffffffffd58
4040500: system.cpu: T0 : 0x10462    : fsgnj_d fa0, fa5, fa5      : FloatMisc :  D=0x3f7e30629bf4d1b3
4041000: system.cpu: T0 : 0x10466    : c_ldsp s0, 40(sp)          : MemRead :  D=0x7ffffffffffffdb0 A=0x7ffffffffffffd68
4041500: system.cpu: T0 : 0x10468    : c_addi16sp sp, 48          : IntAlu :  D=0x7ffffffffffffd70
4042000: system.cpu: T0 : 0x1046a    : c_jr ra                    : IntAlu : 
4043000: system.cpu: T0 : 0x105ce    : fsgnj_d fa4, fa0, fa0      : FloatMisc :  D=0x3f7e30629bf4d1b3
4044000: system.cpu: T0 : 0x105d2    : auipc a5, 61               : IntAlu :  D=0x000000000004d5d2
4045000: system.cpu: T0 : 0x105d6    : addi a5, a5, 1310          : IntAlu :  D=0x000000000004daf0
4045500: system.cpu: T0 : 0x105da    : c_fld fa5, 0(a5)           : FloatMemRead :  D=0x3ee4f8b588e368f1 A=0x4daf0
4046000: system.cpu: T0 : 0x105dc    : fle_d a5, fa5, fa4         : FloatCmp :  D=0x0000000000000001
4046500: system.cpu: T0 : 0x105e0    : c_bnez a5, -122            : IntAlu : 
4047500: system.cpu: T0 : 0x10566    : fld fa5, -56(s0)           : FloatMemRead :  D=0xc00921f9f01b866d A=0x7ffffffffffffd78
4048500: system.cpu: T0 : 0x1056a    : fmul_d fa5, fa5, fa5       : FloatMult :  D=0x4023bd3a9a4a6286
4049500: system.cpu: T0 : 0x1056e    : fsgnjn_d fa4, fa5, fa5     : FloatMisc :  D=0xc023bd3a9a4a6286
4050500: system.cpu: T0 : 0x10572    : fld fa5, -24(s0)           : FloatMemRead :  D=0x3f7e30629bf4d1b3 A=0x7ffffffffffffd98
4051500: system.cpu: T0 : 0x10576    : fmul_d fa4, fa4, fa5       : FloatMult :  D=0xbfb29f3f9c443c8a
4052500: system.cpu: T0 : 0x1057a    : lw a5, -36(s0)             : MemRead :  D=0x0000000000000006 A=0x7ffffffffffffd8c
4053500: system.cpu: T0 : 0x1057e    : fcvt_d_w fa5, a5           : FloatCvt :  D=0x4018000000000000
4054500: system.cpu: T0 : 0x10582    : fadd_d fa3, fa5, fa5       : FloatAdd :  D=0x4028000000000000
4055500: system.cpu: T0 : 0x10586    : lw a5, -36(s0)             : MemRead :  D=0x0000000000000006 A=0x7ffffffffffffd8c
4056500: system.cpu: T0 : 0x1058a    : fcvt_d_w fa5, a5           : FloatCvt :  D=0x4018000000000000
4057500: system.cpu: T0 : 0x1058e    : fadd_d fa2, fa5, fa5       : FloatAdd :  D=0x4028000000000000
4058500: system.cpu: T0 : 0x10592    : auipc a5, 61               : IntAlu :  D=0x000000000004d592
4059500: system.cpu: T0 : 0x10596    : addi a5, a5, 1366          : IntAlu :  D=0x000000000004dae8
4060000: system.cpu: T0 : 0x1059a    : c_fld fa5, 0(a5)           : FloatMemRead :  D=0x3ff0000000000000 A=0x4dae8
4060500: system.cpu: T0 : 0x1059c    : fadd_d fa5, fa2, fa5       : FloatAdd :  D=0x402a000000000000
4061000: system.cpu: T0 : 0x105a0    : fmul_d fa5, fa3, fa5       : FloatMult :  D=0x4063800000000000
4061500: system.cpu: T0 : 0x105a4    : fdiv_d fa5, fa4, fa5       : FloatDiv :  D=0xbf3e8f2d4f34e6a1
4062000: system.cpu: T0 : 0x105a8    : fsd fa5, -24(s0)           : FloatMemWrite :  D=0xbf3e8f2d4f34e6a1 A=0x7ffffffffffffd98
4062500: system.cpu: T0 : 0x105ac    : fld fa4, -32(s0)           : FloatMemRead :  D=0x3f3cfff2bca34430 A=0x7ffffffffffffd90
4063000: system.cpu: T0 : 0x105b0    : fld fa5, -24(s0)           : FloatMemRead :  D=0xbf3e8f2d4f34e6a1 A=0x7ffffffffffffd98
4063500: system.cpu: T0 : 0x105b4    : fadd_d fa5, fa4, fa5       : FloatAdd :  D=0xbef8f3a9291a2710
4064000: system.cpu: T0 : 0x105b8    : fsd fa5, -32(s0)           : FloatMemWrite :  D=0xbef8f3a9291a2710 A=0x7ffffffffffffd90
4064500: system.cpu: T0 : 0x105bc    : lw a5, -36(s0)             : MemRead :  D=0x0000000000000006 A=0x7ffffffffffffd8c
4065000: system.cpu: T0 : 0x105c0    : c_addiw a5, 1              : IntAlu :  D=0x0000000000000007
4066000: system.cpu: T0 : 0x105c2    : sw a5, -36(s0)             : MemWrite :  D=0x0000000000000007 A=0x7ffffffffffffd8c
4067000: system.cpu: T0 : 0x105c6    : fld fa0, -24(s0)           : FloatMemRead :  D=0xbf3e8f2d4f34e6a1 A=0x7ffffffffffffd98
4068000: system.cpu: T0 : 0x105ca    : jal ra, -410               : IntAlu :  D=0x00000000000105ce
4068500: system.cpu: T0 : 0x10430    : c_addi16sp sp, -48         : IntAlu :  D=0x7ffffffffffffd40
4069000: system.cpu: T0 : 0x10432    : c_sdsp s0, 40(sp)          : MemWrite :  D=0x7ffffffffffffdb0 A=0x7ffffffffffffd68
4069500: system.cpu: T0 : 0x10434    : c_addi4spn s0, sp, 48      : IntAlu :  D=0x7ffffffffffffd70
4070500: system.cpu: T0 : 0x10436    : fsd fa0, -40(s0)           : FloatMemWrite :  D=0xbf3e8f2d4f34e6a1 A=0x7ffffffffffffd48
4071500: system.cpu: T0 : 0x1043a    : fld fa5, -40(s0)           : FloatMemRead :  D=0xbf3e8f2d4f34e6a1 A=0x7ffffffffffffd48
4072500: system.cpu: T0 : 0x1043e    : fmv_d_x fa4, zero          : FloatCvt :  D=0x0000000000000000
4073500: system.cpu: T0 : 0x10442    : fle_d a5, fa4, fa5         : FloatCmp :  D=0x0000000000000000
4074000: system.cpu: T0 : 0x10446    : c_beqz a5, 12              : IntAlu : 
4075000: system.cpu: T0 : 0x10452    : fld fa5, -40(s0)           : FloatMemRead :  D=0xbf3e8f2d4f34e6a1 A=0x7ffffffffffffd48
4076000: system.cpu: T0 : 0x10456    : fsgnjn_d fa5, fa5, fa5     : FloatMisc :  D=0x3f3e8f2d4f34e6a1
4077000: system.cpu: T0 : 0x1045a    : fsd fa5, -24(s0)           : FloatMemWrite :  D=0x3f3e8f2d4f34e6a1 A=0x7ffffffffffffd58
4078000: system.cpu: T0 : 0x1045e    : fld fa5, -24(s0)           : FloatMemRead :  D=0x3f3e8f2d4f34e6a1 A=0x7ffffffffffffd58
4079000: system.cpu: T0 : 0x10462    : fsgnj_d fa0, fa5, fa5      : FloatMisc :  D=0x3f3e8f2d4f34e6a1
4079500: system.cpu: T0 : 0x10466    : c_ldsp s0, 40(sp)          : MemRead :  D=0x7ffffffffffffdb0 A=0x7ffffffffffffd68
4080000: system.cpu: T0 : 0x10468    : c_addi16sp sp, 48          : IntAlu :  D=0x7ffffffffffffd70
4080500: system.cpu: T0 : 0x1046a    : c_jr ra                    : IntAlu : 
4081500: system.cpu: T0 : 0x105ce    : fsgnj_d fa4, fa0, fa0      : FloatMisc :  D=0x3f3e8f2d4f34e6a1
4082500: system.cpu: T0 : 0x105d2    : auipc a5, 61               : IntAlu :  D=0x000000000004d5d2
4083500: system.cpu: T0 : 0x105d6    : addi a5, a5, 1310          : IntAlu :  D=0x000000000004daf0
4084000: system.cpu: T0 : 0x105da    : c_fld fa5, 0(a5)           : FloatMemRead :  D=0x3ee4f8b588e368f1 A=0x4daf0
4084500: system.cpu: T0 : 0x105dc    : fle_d a5, fa5, fa4         : FloatCmp :  D=0x0000000000000001
4085000: system.cpu: T0 : 0x105e0    : c_bnez a5, -122            : IntAlu : 
4086000: system.cpu: T0 : 0x10566    : fld fa5, -56(s0)           : FloatMemRead :  D=0xc00921f9f01b866d A=0x7ffffffffffffd78
4087000: system.cpu: T0 : 0x1056a    : fmul_d fa5, fa5, fa5       : FloatMult :  D=0x4023bd3a9a4a6286
4088000: system.cpu: T0 : 0x1056e    : fsgnjn_d fa4, fa5, fa5     : FloatMisc :  D=0xc023bd3a9a4a6286
4089000: system.cpu: T0 : 0x10572    : fld fa5, -24(s0)           : FloatMemRead :  D=0xbf3e8f2d4f34e6a1 A=0x7ffffffffffffd98
4090000: system.cpu: T0 : 0x10576    : fmul_d fa4, fa4, fa5       : FloatMult :  D=0x3f72d9b8817d6c2e
4091000: system.cpu: T0 : 0x1057a    : lw a5, -36(s0)             : MemRead :  D=0x0000000000000007 A=0x7ffffffffffffd8c
4092000: system.cpu: T0 : 0x1057e    : fcvt_d_w fa5, a5           : FloatCvt :  D=0x401c000000000000
4093000: system.cpu: T0 : 0x10582    : fadd_d fa3, fa5, fa5       : FloatAdd :  D=0x402c000000000000
4094000: system.cpu: T0 : 0x10586    : lw a5, -36(s0)             : MemRead :  D=0x0000000000000007 A=0x7ffffffffffffd8c
4095000: system.cpu: T0 : 0x1058a    : fcvt_d_w fa5, a5           : FloatCvt :  D=0x401c000000000000
4096000: system.cpu: T0 : 0x1058e    : fadd_d fa2, fa5, fa5       : FloatAdd :  D=0x402c000000000000
4097000: system.cpu: T0 : 0x10592    : auipc a5, 61               : IntAlu :  D=0x000000000004d592
4098000: system.cpu: T0 : 0x10596    : addi a5, a5, 1366          : IntAlu :  D=0x000000000004dae8
4098500: system.cpu: T0 : 0x1059a    : c_fld fa5, 0(a5)           : FloatMemRead :  D=0x3ff0000000000000 A=0x4dae8
4099000: system.cpu: T0 : 0x1059c    : fadd_d fa5, fa2, fa5       : FloatAdd :  D=0x402e000000000000
4099500: system.cpu: T0 : 0x105a0    : fmul_d fa5, fa3, fa5       : FloatMult :  D=0x406a400000000000
4100000: system.cpu: T0 : 0x105a4    : fdiv_d fa5, fa4, fa5       : FloatDiv :  D=0x3ef6fac88a598170
4100500: system.cpu: T0 : 0x105a8    : fsd fa5, -24(s0)           : FloatMemWrite :  D=0x3ef6fac88a598170 A=0x7ffffffffffffd98
4101000: system.cpu: T0 : 0x105ac    : fld fa4, -32(s0)           : FloatMemRead :  D=0xbef8f3a9291a2710 A=0x7ffffffffffffd90
4101500: system.cpu: T0 : 0x105b0    : fld fa5, -24(s0)           : FloatMemRead :  D=0x3ef6fac88a598170 A=0x7ffffffffffffd98
4102000: system.cpu: T0 : 0x105b4    : fadd_d fa5, fa4, fa5       : FloatAdd :  D=0xbebf8e09ec0a5a00
4102500: system.cpu: T0 : 0x105b8    : fsd fa5, -32(s0)           : FloatMemWrite :  D=0xbebf8e09ec0a5a00 A=0x7ffffffffffffd90
4103000: system.cpu: T0 : 0x105bc    : lw a5, -36(s0)             : MemRead :  D=0x0000000000000007 A=0x7ffffffffffffd8c
4103500: system.cpu: T0 : 0x105c0    : c_addiw a5, 1              : IntAlu :  D=0x0000000000000008
4104500: system.cpu: T0 : 0x105c2    : sw a5, -36(s0)             : MemWrite :  D=0x0000000000000008 A=0x7ffffffffffffd8c
4105500: system.cpu: T0 : 0x105c6    : fld fa0, -24(s0)           : FloatMemRead :  D=0x3ef6fac88a598170 A=0x7ffffffffffffd98
4106500: system.cpu: T0 : 0x105ca    : jal ra, -410               : IntAlu :  D=0x00000000000105ce
4107000: system.cpu: T0 : 0x10430    : c_addi16sp sp, -48         : IntAlu :  D=0x7ffffffffffffd40
4107500: system.cpu: T0 : 0x10432    : c_sdsp s0, 40(sp)          : MemWrite :  D=0x7ffffffffffffdb0 A=0x7ffffffffffffd68
4108000: system.cpu: T0 : 0x10434    : c_addi4spn s0, sp, 48      : IntAlu :  D=0x7ffffffffffffd70
4109000: system.cpu: T0 : 0x10436    : fsd fa0, -40(s0)           : FloatMemWrite :  D=0x3ef6fac88a598170 A=0x7ffffffffffffd48
4110000: system.cpu: T0 : 0x1043a    : fld fa5, -40(s0)           : FloatMemRead :  D=0x3ef6fac88a598170 A=0x7ffffffffffffd48
4111000: system.cpu: T0 : 0x1043e    : fmv_d_x fa4, zero          : FloatCvt :  D=0x0000000000000000
4112000: system.cpu: T0 : 0x10442    : fle_d a5, fa4, fa5         : FloatCmp :  D=0x0000000000000001
4112500: system.cpu: T0 : 0x10446    : c_beqz a5, 12              : IntAlu : 
4113000: system.cpu: T0 : 0x10448    : fld fa5, -40(s0)           : FloatMemRead :  D=0x3ef6fac88a598170 A=0x7ffffffffffffd48
4113500: system.cpu: T0 : 0x1044c    : fsd fa5, -24(s0)           : FloatMemWrite :  D=0x3ef6fac88a598170 A=0x7ffffffffffffd58
4114000: system.cpu: T0 : 0x10450    : c_j 14                     : IntAlu : 
4115000: system.cpu: T0 : 0x1045e    : fld fa5, -24(s0)           : FloatMemRead :  D=0x3ef6fac88a598170 A=0x7ffffffffffffd58
4116000: system.cpu: T0 : 0x10462    : fsgnj_d fa0, fa5, fa5      : FloatMisc :  D=0x3ef6fac88a598170
4116500: system.cpu: T0 : 0x10466    : c_ldsp s0, 40(sp)          : MemRead :  D=0x7ffffffffffffdb0 A=0x7ffffffffffffd68
4117000: system.cpu: T0 : 0x10468    : c_addi16sp sp, 48          : IntAlu :  D=0x7ffffffffffffd70
4117500: system.cpu: T0 : 0x1046a    : c_jr ra                    : IntAlu : 
4118500: system.cpu: T0 : 0x105ce    : fsgnj_d fa4, fa0, fa0      : FloatMisc :  D=0x3ef6fac88a598170
4119500: system.cpu: T0 : 0x105d2    : auipc a5, 61               : IntAlu :  D=0x000000000004d5d2
4120500: system.cpu: T0 : 0x105d6    : addi a5, a5, 1310          : IntAlu :  D=0x000000000004daf0
4121000: system.cpu: T0 : 0x105da    : c_fld fa5, 0(a5)           : FloatMemRead :  D=0x3ee4f8b588e368f1 A=0x4daf0
4121500: system.cpu: T0 : 0x105dc    : fle_d a5, fa5, fa4         : FloatCmp :  D=0x0000000000000001
4122000: system.cpu: T0 : 0x105e0    : c_bnez a5, -122            : IntAlu : 
4123000: system.cpu: T0 : 0x10566    : fld fa5, -56(s0)           : FloatMemRead :  D=0xc00921f9f01b866d A=0x7ffffffffffffd78
4124000: system.cpu: T0 : 0x1056a    : fmul_d fa5, fa5, fa5       : FloatMult :  D=0x4023bd3a9a4a6286
4125000: system.cpu: T0 : 0x1056e    : fsgnjn_d fa4, fa5, fa5     : FloatMisc :  D=0xc023bd3a9a4a6286
4126000: system.cpu: T0 : 0x10572    : fld fa5, -24(s0)           : FloatMemRead :  D=0x3ef6fac88a598170 A=0x7ffffffffffffd98
4127000: system.cpu: T0 : 0x10576    : fmul_d fa4, fa4, fa5       : FloatMult :  D=0xbf2c5994afdc2016
4128000: system.cpu: T0 : 0x1057a    : lw a5, -36(s0)             : MemRead :  D=0x0000000000000008 A=0x7ffffffffffffd8c
4129000: system.cpu: T0 : 0x1057e    : fcvt_d_w fa5, a5           : FloatCvt :  D=0x4020000000000000
4130000: system.cpu: T0 : 0x10582    : fadd_d fa3, fa5, fa5       : FloatAdd :  D=0x4030000000000000
4131000: system.cpu: T0 : 0x10586    : lw a5, -36(s0)             : MemRead :  D=0x0000000000000008 A=0x7ffffffffffffd8c
4132000: system.cpu: T0 : 0x1058a    : fcvt_d_w fa5, a5           : FloatCvt :  D=0x4020000000000000
4133000: system.cpu: T0 : 0x1058e    : fadd_d fa2, fa5, fa5       : FloatAdd :  D=0x4030000000000000
4134000: system.cpu: T0 : 0x10592    : auipc a5, 61               : IntAlu :  D=0x000000000004d592
4135000: system.cpu: T0 : 0x10596    : addi a5, a5, 1366          : IntAlu :  D=0x000000000004dae8
4135500: system.cpu: T0 : 0x1059a    : c_fld fa5, 0(a5)           : FloatMemRead :  D=0x3ff0000000000000 A=0x4dae8
4136000: system.cpu: T0 : 0x1059c    : fadd_d fa5, fa2, fa5       : FloatAdd :  D=0x4031000000000000
4136500: system.cpu: T0 : 0x105a0    : fmul_d fa5, fa3, fa5       : FloatMult :  D=0x4071000000000000
4137000: system.cpu: T0 : 0x105a4    : fdiv_d fa5, fa4, fa5       : FloatDiv :  D=0xbeaaaeaa0eed4b60
4137500: system.cpu: T0 : 0x105a8    : fsd fa5, -24(s0)           : FloatMemWrite :  D=0xbeaaaeaa0eed4b60 A=0x7ffffffffffffd98
4138000: system.cpu: T0 : 0x105ac    : fld fa4, -32(s0)           : FloatMemRead :  D=0xbebf8e09ec0a5a00 A=0x7ffffffffffffd90
4138500: system.cpu: T0 : 0x105b0    : fld fa5, -24(s0)           : FloatMemRead :  D=0xbeaaaeaa0eed4b60 A=0x7ffffffffffffd98
4139000: system.cpu: T0 : 0x105b4    : fadd_d fa5, fa4, fa5       : FloatAdd :  D=0xbec672af79c07fd8
4139500: system.cpu: T0 : 0x105b8    : fsd fa5, -32(s0)           : FloatMemWrite :  D=0xbec672af79c07fd8 A=0x7ffffffffffffd90
4140000: system.cpu: T0 : 0x105bc    : lw a5, -36(s0)             : MemRead :  D=0x0000000000000008 A=0x7ffffffffffffd8c
4140500: system.cpu: T0 : 0x105c0    : c_addiw a5, 1              : IntAlu :  D=0x0000000000000009
4141500: system.cpu: T0 : 0x105c2    : sw a5, -36(s0)             : MemWrite :  D=0x0000000000000009 A=0x7ffffffffffffd8c
4142500: system.cpu: T0 : 0x105c6    : fld fa0, -24(s0)           : FloatMemRead :  D=0xbeaaaeaa0eed4b60 A=0x7ffffffffffffd98
4143500: system.cpu: T0 : 0x105ca    : jal ra, -410               : IntAlu :  D=0x00000000000105ce
4144000: system.cpu: T0 : 0x10430    : c_addi16sp sp, -48         : IntAlu :  D=0x7ffffffffffffd40
4144500: system.cpu: T0 : 0x10432    : c_sdsp s0, 40(sp)          : MemWrite :  D=0x7ffffffffffffdb0 A=0x7ffffffffffffd68
4145000: system.cpu: T0 : 0x10434    : c_addi4spn s0, sp, 48      : IntAlu :  D=0x7ffffffffffffd70
4146000: system.cpu: T0 : 0x10436    : fsd fa0, -40(s0)           : FloatMemWrite :  D=0xbeaaaeaa0eed4b60 A=0x7ffffffffffffd48
4147000: system.cpu: T0 : 0x1043a    : fld fa5, -40(s0)           : FloatMemRead :  D=0xbeaaaeaa0eed4b60 A=0x7ffffffffffffd48
4148000: system.cpu: T0 : 0x1043e    : fmv_d_x fa4, zero          : FloatCvt :  D=0x0000000000000000
4149000: system.cpu: T0 : 0x10442    : fle_d a5, fa4, fa5         : FloatCmp :  D=0x0000000000000000
4149500: system.cpu: T0 : 0x10446    : c_beqz a5, 12              : IntAlu : 
4150500: system.cpu: T0 : 0x10452    : fld fa5, -40(s0)           : FloatMemRead :  D=0xbeaaaeaa0eed4b60 A=0x7ffffffffffffd48
4151500: system.cpu: T0 : 0x10456    : fsgnjn_d fa5, fa5, fa5     : FloatMisc :  D=0x3eaaaeaa0eed4b60
4152500: system.cpu: T0 : 0x1045a    : fsd fa5, -24(s0)           : FloatMemWrite :  D=0x3eaaaeaa0eed4b60 A=0x7ffffffffffffd58
4153500: system.cpu: T0 : 0x1045e    : fld fa5, -24(s0)           : FloatMemRead :  D=0x3eaaaeaa0eed4b60 A=0x7ffffffffffffd58
4154500: system.cpu: T0 : 0x10462    : fsgnj_d fa0, fa5, fa5      : FloatMisc :  D=0x3eaaaeaa0eed4b60
4155000: system.cpu: T0 : 0x10466    : c_ldsp s0, 40(sp)          : MemRead :  D=0x7ffffffffffffdb0 A=0x7ffffffffffffd68
4155500: system.cpu: T0 : 0x10468    : c_addi16sp sp, 48          : IntAlu :  D=0x7ffffffffffffd70
4156000: system.cpu: T0 : 0x1046a    : c_jr ra                    : IntAlu : 
4157000: system.cpu: T0 : 0x105ce    : fsgnj_d fa4, fa0, fa0      : FloatMisc :  D=0x3eaaaeaa0eed4b60
4158000: system.cpu: T0 : 0x105d2    : auipc a5, 61               : IntAlu :  D=0x000000000004d5d2
4159000: system.cpu: T0 : 0x105d6    : addi a5, a5, 1310          : IntAlu :  D=0x000000000004daf0
4159500: system.cpu: T0 : 0x105da    : c_fld fa5, 0(a5)           : FloatMemRead :  D=0x3ee4f8b588e368f1 A=0x4daf0
4160000: system.cpu: T0 : 0x105dc    : fle_d a5, fa5, fa4         : FloatCmp :  D=0x0000000000000000
4160500: system.cpu: T0 : 0x105e0    : c_bnez a5, -122            : IntAlu : 
4161500: system.cpu: T0 : 0x105e2    : fld fa5, -32(s0)           : FloatMemRead :  D=0xbec672af79c07fd8 A=0x7ffffffffffffd90
4162500: system.cpu: T0 : 0x105e6    : fsgnj_d fa0, fa5, fa5      : FloatMisc :  D=0xbec672af79c07fd8
4163000: system.cpu: T0 : 0x105ea    : c_ldsp ra, 56(sp)          : MemRead :  D=0x0000000000010618 A=0x7ffffffffffffda8
4163500: system.cpu: T0 : 0x105ec    : c_ldsp s0, 48(sp)          : MemRead :  D=0x7ffffffffffffdd0 A=0x7ffffffffffffda0
4164000: system.cpu: T0 : 0x105ee    : c_addi16sp sp, 64          : IntAlu :  D=0x7ffffffffffffdb0
4164500: system.cpu: T0 : 0x105f0    : c_jr ra                    : IntAlu : 
4165000: system.cpu: T0 : 0x10618    : fsgnj_d fa5, fa0, fa0      : FloatMisc :  D=0xbec672af79c07fd8
4165500: system.cpu: T0 : 0x1061c    : fsgnj_d fa0, fa5, fa5      : FloatMisc :  D=0xbec672af79c07fd8
4166000: system.cpu: T0 : 0x10620    : c_ldsp ra, 24(sp)          : MemRead :  D=0x0000000000010666 A=0x7ffffffffffffdc8
4166500: system.cpu: T0 : 0x10622    : c_ldsp s0, 16(sp)          : MemRead :  D=0x7ffffffffffffdf0 A=0x7ffffffffffffdc0
4167000: system.cpu: T0 : 0x10624    : c_addi16sp sp, 32          : IntAlu :  D=0x7ffffffffffffdd0
4167500: system.cpu: T0 : 0x10626    : c_jr ra                    : IntAlu : 
4168500: system.cpu: T0 : 0x10666    : fsgnj_d fa5, fa0, fa0      : FloatMisc :  D=0xbec672af79c07fd8
4169500: system.cpu: T0 : 0x1066a    : auipc a4, 96               : IntAlu :  D=0x000000000007066a
4170500: system.cpu: T0 : 0x1066e    : ld a4, 438(a4)             : MemRead :  D=0x00000000000719a0 A=0x70820
4171500: system.cpu: T0 : 0x10672    : lw a5, -32(s0)             : MemRead :  D=0x0000000000000006 A=0x7ffffffffffffdd0
4172000: system.cpu: T0 : 0x10676    : c_slli a5, 3               : IntAlu :  D=0x0000000000000030
4172500: system.cpu: T0 : 0x10678    : c_add a5, a4               : IntAlu :  D=0x00000000000719d0
4173000: system.cpu: T0 : 0x1067a    : c_fsd fa5, 0(a5)           : FloatMemWrite :  D=0xbec672af79c07fd8 A=0x719d0
4173500: system.cpu: T0 : 0x1067c    : lw a5, -32(s0)             : MemRead :  D=0x0000000000000006 A=0x7ffffffffffffdd0
4174000: system.cpu: T0 : 0x10680    : c_addiw a5, 1              : IntAlu :  D=0x0000000000000007
4175000: system.cpu: T0 : 0x10682    : sw a5, -32(s0)             : MemWrite :  D=0x0000000000000007 A=0x7ffffffffffffdd0
4176000: system.cpu: T0 : 0x10686    : lw a4, -32(s0)             : MemRead :  D=0x0000000000000007 A=0x7ffffffffffffdd0
4177000: system.cpu: T0 : 0x1068a    : lw a5, -28(s0)             : MemRead :  D=0x0000000000000008 A=0x7ffffffffffffdd4
4177500: system.cpu: T0 : 0x1068e    : c_addiw a4, 0              : IntAlu :  D=0x0000000000000007
4178000: system.cpu: T0 : 0x10690    : c_addiw a5, 0              : IntAlu :  D=0x0000000000000008
4179000: system.cpu: T0 : 0x10692    : blt a4, a5, -86            : IntAlu : 
4179500: system.cpu: T0 : 0x1063c    : lw a5, -32(s0)             : MemRead :  D=0x0000000000000007 A=0x7ffffffffffffdd0
4180000: system.cpu: T0 : 0x10640    : fcvt_d_w fa4, a5           : FloatCvt :  D=0x401c000000000000
4180500: system.cpu: T0 : 0x10644    : auipc a5, 61               : IntAlu :  D=0x000000000004d644
4181000: system.cpu: T0 : 0x10648    : addi a5, a5, 1172          : IntAlu :  D=0x000000000004dad8
4181500: system.cpu: T0 : 0x1064c    : c_fld fa5, 0(a5)           : FloatMemRead :  D=0x401921f9f01b866e A=0x4dad8
4182500: system.cpu: T0 : 0x1064e    : fmul_d fa4, fa4, fa5       : FloatMult :  D=0x4045fdbab21815a0
4183500: system.cpu: T0 : 0x10652    : lw a5, -28(s0)             : MemRead :  D=0x0000000000000008 A=0x7ffffffffffffdd4
4184500: system.cpu: T0 : 0x10656    : fcvt_d_w fa5, a5           : FloatCvt :  D=0x4020000000000000
4185500: system.cpu: T0 : 0x1065a    : fdiv_d fa5, fa4, fa5       : FloatDiv :  D=0x4015fdbab21815a0
4186500: system.cpu: T0 : 0x1065e    : fsgnj_d fa0, fa5, fa5      : FloatMisc :  D=0x4015fdbab21815a0
4187500: system.cpu: T0 : 0x10662    : jal ra, -112               : IntAlu :  D=0x0000000000010666
4188000: system.cpu: T0 : 0x105f2    : c_addi sp, -32             : IntAlu :  D=0x7ffffffffffffdb0
4188500: system.cpu: T0 : 0x105f4    : c_sdsp ra, 24(sp)          : MemWrite :  D=0x0000000000010666 A=0x7ffffffffffffdc8
4189000: system.cpu: T0 : 0x105f6    : c_sdsp s0, 16(sp)          : MemWrite :  D=0x7ffffffffffffdf0 A=0x7ffffffffffffdc0
4189500: system.cpu: T0 : 0x105f8    : c_addi4spn s0, sp, 32      : IntAlu :  D=0x7ffffffffffffdd0
4190500: system.cpu: T0 : 0x105fa    : fsd fa0, -24(s0)           : FloatMemWrite :  D=0x4015fdbab21815a0 A=0x7ffffffffffffdb8
4191500: system.cpu: T0 : 0x105fe    : auipc a5, 61               : IntAlu :  D=0x000000000004d5fe
4192500: system.cpu: T0 : 0x10602    : addi a5, a5, 1274          : IntAlu :  D=0x000000000004daf8
4193000: system.cpu: T0 : 0x10606    : c_fld fa4, 0(a5)           : FloatMemRead :  D=0x3ff921f9f01b866e A=0x4daf8
4193500: system.cpu: T0 : 0x10608    : fld fa5, -24(s0)           : FloatMemRead :  D=0x4015fdbab21815a0 A=0x7ffffffffffffdb8
4194000: system.cpu: T0 : 0x1060c    : fsub_d fa5, fa4, fa5       : FloatAdd :  D=0xc00f6a786c226809
4194500: system.cpu: T0 : 0x10610    : fsgnj_d fa0, fa5, fa5      : FloatMisc :  D=0xc00f6a786c226809
4195000: system.cpu: T0 : 0x10614    : jal ra, -394               : IntAlu :  D=0x0000000000010618
4195500: system.cpu: T0 : 0x1048a    : c_addi16sp sp, -64         : IntAlu :  D=0x7ffffffffffffd70
4196000: system.cpu: T0 : 0x1048c    : c_sdsp ra, 56(sp)          : MemWrite :  D=0x0000000000010618 A=0x7ffffffffffffda8
4196500: system.cpu: T0 : 0x1048e    : c_sdsp s0, 48(sp)          : MemWrite :  D=0x7ffffffffffffdd0 A=0x7ffffffffffffda0
4197000: system.cpu: T0 : 0x10490    : c_addi4spn s0, sp, 64      : IntAlu :  D=0x7ffffffffffffdb0
4198000: system.cpu: T0 : 0x10492    : fsd fa0, -56(s0)           : FloatMemWrite :  D=0xc00f6a786c226809 A=0x7ffffffffffffd78
4198500: system.cpu: T0 : 0x10496    : c_li a5, 1                 : IntAlu :  D=0x0000000000000001
4199000: system.cpu: T0 : 0x10498    : sw a5, -36(s0)             : MemWrite :  D=0x0000000000000001 A=0x7ffffffffffffd8c
4199500: system.cpu: T0 : 0x1049c    : c_j 24                     : IntAlu : 
4200000: system.cpu: T0 : 0x104b4    : fld fa4, -56(s0)           : FloatMemRead :  D=0xc00f6a786c226809 A=0x7ffffffffffffd78
4200500: system.cpu: T0 : 0x104b8    : auipc a5, 61               : IntAlu :  D=0x000000000004d4b8
4201000: system.cpu: T0 : 0x104bc    : addi a5, a5, 1568          : IntAlu :  D=0x000000000004dad8
4201500: system.cpu: T0 : 0x104c0    : c_fld fa5, 0(a5)           : FloatMemRead :  D=0x401921f9f01b866e A=0x4dad8
4202500: system.cpu: T0 : 0x104c2    : flt_d a5, fa5, fa4         : FloatCmp :  D=0x0000000000000000
4203000: system.cpu: T0 : 0x104c6    : c_bnez a5, -40             : IntAlu : 
4203500: system.cpu: T0 : 0x104c8    : c_j 24                     : IntAlu : 
4204000: system.cpu: T0 : 0x104e0    : fld fa4, -56(s0)           : FloatMemRead :  D=0xc00f6a786c226809 A=0x7ffffffffffffd78
4204500: system.cpu: T0 : 0x104e4    : auipc a5, 61               : IntAlu :  D=0x000000000004d4e4
4205000: system.cpu: T0 : 0x104e8    : addi a5, a5, 1532          : IntAlu :  D=0x000000000004dae0
4205500: system.cpu: T0 : 0x104ec    : c_fld fa5, 0(a5)           : FloatMemRead :  D=0xc01921f9f01b866e A=0x4dae0
4206500: system.cpu: T0 : 0x104ee    : flt_d a5, fa4, fa5         : FloatCmp :  D=0x0000000000000000
4207000: system.cpu: T0 : 0x104f2    : c_bnez a5, -40             : IntAlu : 
4207500: system.cpu: T0 : 0x104f4    : fld fa5, -56(s0)           : FloatMemRead :  D=0xc00f6a786c226809 A=0x7ffffffffffffd78
4208000: system.cpu: T0 : 0x104f8    : fsd fa5, -24(s0)           : FloatMemWrite :  D=0xc00f6a786c226809 A=0x7ffffffffffffd98
4208500: system.cpu: T0 : 0x104fc    : fld fa5, -24(s0)           : FloatMemRead :  D=0xc00f6a786c226809 A=0x7ffffffffffffd98
4209000: system.cpu: T0 : 0x10500    : fsd fa5, -32(s0)           : FloatMemWrite :  D=0xc00f6a786c226809 A=0x7ffffffffffffd90
4209500: system.cpu: T0 : 0x10504    : fld fa5, -56(s0)           : FloatMemRead :  D=0xc00f6a786c226809 A=0x7ffffffffffffd78
4210000: system.cpu: T0 : 0x10508    : fmul_d fa5, fa5, fa5       : FloatMult :  D=0x402ed7ab911439f2
4210500: system.cpu: T0 : 0x1050c    : fsgnjn_d fa4, fa5, fa5     : FloatMisc :  D=0xc02ed7ab911439f2
4211000: system.cpu: T0 : 0x10510    : fld fa5, -24(s0)           : FloatMemRead :  D=0xc00f6a786c226809 A=0x7ffffffffffffd98
4211500: system.cpu: T0 : 0x10514    : fmul_d fa4, fa4, fa5       : FloatMult :  D=0x404e478cadd897a4
4212000: system.cpu: T0 : 0x10518    : lw a5, -36(s0)             : MemRead :  D=0x0000000000000001 A=0x7ffffffffffffd8c
4212500: system.cpu: T0 : 0x1051c    : fcvt_d_w fa5, a5           : FloatCvt :  D=0x3ff0000000000000
4213000: system.cpu: T0 : 0x10520    : fadd_d fa3, fa5, fa5       : FloatAdd :  D=0x4000000000000000
4213500: system.cpu: T0 : 0x10524    : lw a5, -36(s0)             : MemRead :  D=0x0000000000000001 A=0x7ffffffffffffd8c
4214000: system.cpu: T0 : 0x10528    : fcvt_d_w fa5, a5           : FloatCvt :  D=0x3ff0000000000000
4214500: system.cpu: T0 : 0x1052c    : fadd_d fa2, fa5, fa5       : FloatAdd :  D=0x4000000000000000
4215000: system.cpu: T0 : 0x10530    : auipc a5, 61               : IntAlu :  D=0x000000000004d530
4215500: system.cpu: T0 : 0x10534    : addi a5, a5, 1464          : IntAlu :  D=0x000000000004dae8
4216000: system.cpu: T0 : 0x10538    : c_fld fa5, 0(a5)           : FloatMemRead :  D=0x3ff0000000000000 A=0x4dae8
4217000: system.cpu: T0 : 0x1053a    : fadd_d fa5, fa2, fa5       : FloatAdd :  D=0x4008000000000000
4218000: system.cpu: T0 : 0x1053e    : fmul_d fa5, fa3, fa5       : FloatMult :  D=0x4018000000000000
4219000: system.cpu: T0 : 0x10542    : fdiv_d fa5, fa4, fa5       : FloatDiv :  D=0x40242fb31e906518
4220000: system.cpu: T0 : 0x10546    : fsd fa5, -24(s0)           : FloatMemWrite :  D=0x40242fb31e906518 A=0x7ffffffffffffd98
4221000: system.cpu: T0 : 0x1054a    : fld fa4, -32(s0)           : FloatMemRead :  D=0xc00f6a786c226809 A=0x7ffffffffffffd90
4222000: system.cpu: T0 : 0x1054e    : fld fa5, -24(s0)           : FloatMemRead :  D=0x40242fb31e906518 A=0x7ffffffffffffd98
4223000: system.cpu: T0 : 0x10552    : fadd_d fa5, fa4, fa5       : FloatAdd :  D=0x4018aa2a070f962c
4224000: system.cpu: T0 : 0x10556    : fsd fa5, -32(s0)           : FloatMemWrite :  D=0x4018aa2a070f962c A=0x7ffffffffffffd90
4225000: system.cpu: T0 : 0x1055a    : lw a5, -36(s0)             : MemRead :  D=0x0000000000000001 A=0x7ffffffffffffd8c
4225500: system.cpu: T0 : 0x1055e    : c_addiw a5, 1              : IntAlu :  D=0x0000000000000002
4226000: system.cpu: T0 : 0x10560    : sw a5, -36(s0)             : MemWrite :  D=0x0000000000000002 A=0x7ffffffffffffd8c
4226500: system.cpu: T0 : 0x10564    : c_j 98                     : IntAlu : 
4227500: system.cpu: T0 : 0x105c6    : fld fa0, -24(s0)           : FloatMemRead :  D=0x40242fb31e906518 A=0x7ffffffffffffd98
4228500: system.cpu: T0 : 0x105ca    : jal ra, -410               : IntAlu :  D=0x00000000000105ce
4229000: system.cpu: T0 : 0x10430    : c_addi16sp sp, -48         : IntAlu :  D=0x7ffffffffffffd40
4229500: system.cpu: T0 : 0x10432    : c_sdsp s0, 40(sp)          : MemWrite :  D=0x7ffffffffffffdb0 A=0x7ffffffffffffd68
4230000: system.cpu: T0 : 0x10434    : c_addi4spn s0, sp, 48      : IntAlu :  D=0x7ffffffffffffd70
4231000: system.cpu: T0 : 0x10436    : fsd fa0, -40(s0)           : FloatMemWrite :  D=0x40242fb31e906518 A=0x7ffffffffffffd48
4232000: system.cpu: T0 : 0x1043a    : fld fa5, -40(s0)           : FloatMemRead :  D=0x40242fb31e906518 A=0x7ffffffffffffd48
4233000: system.cpu: T0 : 0x1043e    : fmv_d_x fa4, zero          : FloatCvt :  D=0x0000000000000000
4234000: system.cpu: T0 : 0x10442    : fle_d a5, fa4, fa5         : FloatCmp :  D=0x0000000000000001
4234500: system.cpu: T0 : 0x10446    : c_beqz a5, 12              : IntAlu : 
4235000: system.cpu: T0 : 0x10448    : fld fa5, -40(s0)           : FloatMemRead :  D=0x40242fb31e906518 A=0x7ffffffffffffd48
4235500: system.cpu: T0 : 0x1044c    : fsd fa5, -24(s0)           : FloatMemWrite :  D=0x40242fb31e906518 A=0x7ffffffffffffd58
4236000: system.cpu: T0 : 0x10450    : c_j 14                     : IntAlu : 
4237000: system.cpu: T0 : 0x1045e    : fld fa5, -24(s0)           : FloatMemRead :  D=0x40242fb31e906518 A=0x7ffffffffffffd58
4238000: system.cpu: T0 : 0x10462    : fsgnj_d fa0, fa5, fa5      : FloatMisc :  D=0x40242fb31e906518
4238500: system.cpu: T0 : 0x10466    : c_ldsp s0, 40(sp)          : MemRead :  D=0x7ffffffffffffdb0 A=0x7ffffffffffffd68
4239000: system.cpu: T0 : 0x10468    : c_addi16sp sp, 48          : IntAlu :  D=0x7ffffffffffffd70
4239500: system.cpu: T0 : 0x1046a    : c_jr ra                    : IntAlu : 
4240500: system.cpu: T0 : 0x105ce    : fsgnj_d fa4, fa0, fa0      : FloatMisc :  D=0x40242fb31e906518
4241500: system.cpu: T0 : 0x105d2    : auipc a5, 61               : IntAlu :  D=0x000000000004d5d2
4242500: system.cpu: T0 : 0x105d6    : addi a5, a5, 1310          : IntAlu :  D=0x000000000004daf0
4243000: system.cpu: T0 : 0x105da    : c_fld fa5, 0(a5)           : FloatMemRead :  D=0x3ee4f8b588e368f1 A=0x4daf0
4243500: system.cpu: T0 : 0x105dc    : fle_d a5, fa5, fa4         : FloatCmp :  D=0x0000000000000001
4244000: system.cpu: T0 : 0x105e0    : c_bnez a5, -122            : IntAlu : 
4245000: system.cpu: T0 : 0x10566    : fld fa5, -56(s0)           : FloatMemRead :  D=0xc00f6a786c226809 A=0x7ffffffffffffd78
4246000: system.cpu: T0 : 0x1056a    : fmul_d fa5, fa5, fa5       : FloatMult :  D=0x402ed7ab911439f2
4247000: system.cpu: T0 : 0x1056e    : fsgnjn_d fa4, fa5, fa5     : FloatMisc :  D=0xc02ed7ab911439f2
4248000: system.cpu: T0 : 0x10572    : fld fa5, -24(s0)           : FloatMemRead :  D=0x40242fb31e906518 A=0x7ffffffffffffd98
4249000: system.cpu: T0 : 0x10576    : fmul_d fa4, fa4, fa5       : FloatMult :  D=0xc06374c4a286ca41
4250000: system.cpu: T0 : 0x1057a    : lw a5, -36(s0)             : MemRead :  D=0x0000000000000002 A=0x7ffffffffffffd8c
4251000: system.cpu: T0 : 0x1057e    : fcvt_d_w fa5, a5           : FloatCvt :  D=0x4000000000000000
4252000: system.cpu: T0 : 0x10582    : fadd_d fa3, fa5, fa5       : FloatAdd :  D=0x4010000000000000
4253000: system.cpu: T0 : 0x10586    : lw a5, -36(s0)             : MemRead :  D=0x0000000000000002 A=0x7ffffffffffffd8c
4254000: system.cpu: T0 : 0x1058a    : fcvt_d_w fa5, a5           : FloatCvt :  D=0x4000000000000000
4255000: system.cpu: T0 : 0x1058e    : fadd_d fa2, fa5, fa5       : FloatAdd :  D=0x4010000000000000
4256000: system.cpu: T0 : 0x10592    : auipc a5, 61               : IntAlu :  D=0x000000000004d592
4257000: system.cpu: T0 : 0x10596    : addi a5, a5, 1366          : IntAlu :  D=0x000000000004dae8
4257500: system.cpu: T0 : 0x1059a    : c_fld fa5, 0(a5)           : FloatMemRead :  D=0x3ff0000000000000 A=0x4dae8
4258000: system.cpu: T0 : 0x1059c    : fadd_d fa5, fa2, fa5       : FloatAdd :  D=0x4014000000000000
4258500: system.cpu: T0 : 0x105a0    : fmul_d fa5, fa3, fa5       : FloatMult :  D=0x4034000000000000
4259000: system.cpu: T0 : 0x105a4    : fdiv_d fa5, fa4, fa5       : FloatDiv :  D=0xc01f213a9da476ce
4259500: system.cpu: T0 : 0x105a8    : fsd fa5, -24(s0)           : FloatMemWrite :  D=0xc01f213a9da476ce A=0x7ffffffffffffd98
4260000: system.cpu: T0 : 0x105ac    : fld fa4, -32(s0)           : FloatMemRead :  D=0x4018aa2a070f962c A=0x7ffffffffffffd90
4260500: system.cpu: T0 : 0x105b0    : fld fa5, -24(s0)           : FloatMemRead :  D=0xc01f213a9da476ce A=0x7ffffffffffffd98
4261000: system.cpu: T0 : 0x105b4    : fadd_d fa5, fa4, fa5       : FloatAdd :  D=0xbff9dc425a538288
4261500: system.cpu: T0 : 0x105b8    : fsd fa5, -32(s0)           : FloatMemWrite :  D=0xbff9dc425a538288 A=0x7ffffffffffffd90
4262000: system.cpu: T0 : 0x105bc    : lw a5, -36(s0)             : MemRead :  D=0x0000000000000002 A=0x7ffffffffffffd8c
4262500: system.cpu: T0 : 0x105c0    : c_addiw a5, 1              : IntAlu :  D=0x0000000000000003
4263500: system.cpu: T0 : 0x105c2    : sw a5, -36(s0)             : MemWrite :  D=0x0000000000000003 A=0x7ffffffffffffd8c
4264500: system.cpu: T0 : 0x105c6    : fld fa0, -24(s0)           : FloatMemRead :  D=0xc01f213a9da476ce A=0x7ffffffffffffd98
4265500: system.cpu: T0 : 0x105ca    : jal ra, -410               : IntAlu :  D=0x00000000000105ce
4266000: system.cpu: T0 : 0x10430    : c_addi16sp sp, -48         : IntAlu :  D=0x7ffffffffffffd40
4266500: system.cpu: T0 : 0x10432    : c_sdsp s0, 40(sp)          : MemWrite :  D=0x7ffffffffffffdb0 A=0x7ffffffffffffd68
4267000: system.cpu: T0 : 0x10434    : c_addi4spn s0, sp, 48      : IntAlu :  D=0x7ffffffffffffd70
4268000: system.cpu: T0 : 0x10436    : fsd fa0, -40(s0)           : FloatMemWrite :  D=0xc01f213a9da476ce A=0x7ffffffffffffd48
4269000: system.cpu: T0 : 0x1043a    : fld fa5, -40(s0)           : FloatMemRead :  D=0xc01f213a9da476ce A=0x7ffffffffffffd48
4270000: system.cpu: T0 : 0x1043e    : fmv_d_x fa4, zero          : FloatCvt :  D=0x0000000000000000
4271000: system.cpu: T0 : 0x10442    : fle_d a5, fa4, fa5         : FloatCmp :  D=0x0000000000000000
4271500: system.cpu: T0 : 0x10446    : c_beqz a5, 12              : IntAlu : 
4272500: system.cpu: T0 : 0x10452    : fld fa5, -40(s0)           : FloatMemRead :  D=0xc01f213a9da476ce A=0x7ffffffffffffd48
4273500: system.cpu: T0 : 0x10456    : fsgnjn_d fa5, fa5, fa5     : FloatMisc :  D=0x401f213a9da476ce
4274500: system.cpu: T0 : 0x1045a    : fsd fa5, -24(s0)           : FloatMemWrite :  D=0x401f213a9da476ce A=0x7ffffffffffffd58
4275500: system.cpu: T0 : 0x1045e    : fld fa5, -24(s0)           : FloatMemRead :  D=0x401f213a9da476ce A=0x7ffffffffffffd58
4276500: system.cpu: T0 : 0x10462    : fsgnj_d fa0, fa5, fa5      : FloatMisc :  D=0x401f213a9da476ce
4277000: system.cpu: T0 : 0x10466    : c_ldsp s0, 40(sp)          : MemRead :  D=0x7ffffffffffffdb0 A=0x7ffffffffffffd68
4277500: system.cpu: T0 : 0x10468    : c_addi16sp sp, 48          : IntAlu :  D=0x7ffffffffffffd70
4278000: system.cpu: T0 : 0x1046a    : c_jr ra                    : IntAlu : 
4279000: system.cpu: T0 : 0x105ce    : fsgnj_d fa4, fa0, fa0      : FloatMisc :  D=0x401f213a9da476ce
4280000: system.cpu: T0 : 0x105d2    : auipc a5, 61               : IntAlu :  D=0x000000000004d5d2
4281000: system.cpu: T0 : 0x105d6    : addi a5, a5, 1310          : IntAlu :  D=0x000000000004daf0
4281500: system.cpu: T0 : 0x105da    : c_fld fa5, 0(a5)           : FloatMemRead :  D=0x3ee4f8b588e368f1 A=0x4daf0
4282000: system.cpu: T0 : 0x105dc    : fle_d a5, fa5, fa4         : FloatCmp :  D=0x0000000000000001
4282500: system.cpu: T0 : 0x105e0    : c_bnez a5, -122            : IntAlu : 
4283500: system.cpu: T0 : 0x10566    : fld fa5, -56(s0)           : FloatMemRead :  D=0xc00f6a786c226809 A=0x7ffffffffffffd78
4284500: system.cpu: T0 : 0x1056a    : fmul_d fa5, fa5, fa5       : FloatMult :  D=0x402ed7ab911439f2
4285500: system.cpu: T0 : 0x1056e    : fsgnjn_d fa4, fa5, fa5     : FloatMisc :  D=0xc02ed7ab911439f2
4286500: system.cpu: T0 : 0x10572    : fld fa5, -24(s0)           : FloatMemRead :  D=0xc01f213a9da476ce A=0x7ffffffffffffd98
4287500: system.cpu: T0 : 0x10576    : fmul_d fa4, fa4, fa5       : FloatMult :  D=0x405e00f51c50d184
4288500: system.cpu: T0 : 0x1057a    : lw a5, -36(s0)             : MemRead :  D=0x0000000000000003 A=0x7ffffffffffffd8c
4289500: system.cpu: T0 : 0x1057e    : fcvt_d_w fa5, a5           : FloatCvt :  D=0x4008000000000000
4290500: system.cpu: T0 : 0x10582    : fadd_d fa3, fa5, fa5       : FloatAdd :  D=0x4018000000000000
4291500: system.cpu: T0 : 0x10586    : lw a5, -36(s0)             : MemRead :  D=0x0000000000000003 A=0x7ffffffffffffd8c
4292500: system.cpu: T0 : 0x1058a    : fcvt_d_w fa5, a5           : FloatCvt :  D=0x4008000000000000
4293500: system.cpu: T0 : 0x1058e    : fadd_d fa2, fa5, fa5       : FloatAdd :  D=0x4018000000000000
4294500: system.cpu: T0 : 0x10592    : auipc a5, 61               : IntAlu :  D=0x000000000004d592
4295500: system.cpu: T0 : 0x10596    : addi a5, a5, 1366          : IntAlu :  D=0x000000000004dae8
4296000: system.cpu: T0 : 0x1059a    : c_fld fa5, 0(a5)           : FloatMemRead :  D=0x3ff0000000000000 A=0x4dae8
4296500: system.cpu: T0 : 0x1059c    : fadd_d fa5, fa2, fa5       : FloatAdd :  D=0x401c000000000000
4297000: system.cpu: T0 : 0x105a0    : fmul_d fa5, fa3, fa5       : FloatMult :  D=0x4045000000000000
4297500: system.cpu: T0 : 0x105a4    : fdiv_d fa5, fa4, fa5       : FloatDiv :  D=0x4006dc2877190128
4298000: system.cpu: T0 : 0x105a8    : fsd fa5, -24(s0)           : FloatMemWrite :  D=0x4006dc2877190128 A=0x7ffffffffffffd98
4298500: system.cpu: T0 : 0x105ac    : fld fa4, -32(s0)           : FloatMemRead :  D=0xbff9dc425a538288 A=0x7ffffffffffffd90
4299000: system.cpu: T0 : 0x105b0    : fld fa5, -24(s0)           : FloatMemRead :  D=0x4006dc2877190128 A=0x7ffffffffffffd98
4299500: system.cpu: T0 : 0x105b4    : fadd_d fa5, fa4, fa5       : FloatAdd :  D=0x3ff3dc0e93de7fc8
4300000: system.cpu: T0 : 0x105b8    : fsd fa5, -32(s0)           : FloatMemWrite :  D=0x3ff3dc0e93de7fc8 A=0x7ffffffffffffd90
4300500: system.cpu: T0 : 0x105bc    : lw a5, -36(s0)             : MemRead :  D=0x0000000000000003 A=0x7ffffffffffffd8c
4301000: system.cpu: T0 : 0x105c0    : c_addiw a5, 1              : IntAlu :  D=0x0000000000000004
4302000: system.cpu: T0 : 0x105c2    : sw a5, -36(s0)             : MemWrite :  D=0x0000000000000004 A=0x7ffffffffffffd8c
4303000: system.cpu: T0 : 0x105c6    : fld fa0, -24(s0)           : FloatMemRead :  D=0x4006dc2877190128 A=0x7ffffffffffffd98
4304000: system.cpu: T0 : 0x105ca    : jal ra, -410               : IntAlu :  D=0x00000000000105ce
4304500: system.cpu: T0 : 0x10430    : c_addi16sp sp, -48         : IntAlu :  D=0x7ffffffffffffd40
4305000: system.cpu: T0 : 0x10432    : c_sdsp s0, 40(sp)          : MemWrite :  D=0x7ffffffffffffdb0 A=0x7ffffffffffffd68
4305500: system.cpu: T0 : 0x10434    : c_addi4spn s0, sp, 48      : IntAlu :  D=0x7ffffffffffffd70
4306500: system.cpu: T0 : 0x10436    : fsd fa0, -40(s0)           : FloatMemWrite :  D=0x4006dc2877190128 A=0x7ffffffffffffd48
4307500: system.cpu: T0 : 0x1043a    : fld fa5, -40(s0)           : FloatMemRead :  D=0x4006dc2877190128 A=0x7ffffffffffffd48
4308500: system.cpu: T0 : 0x1043e    : fmv_d_x fa4, zero          : FloatCvt :  D=0x0000000000000000
4309500: system.cpu: T0 : 0x10442    : fle_d a5, fa4, fa5         : FloatCmp :  D=0x0000000000000001
4310000: system.cpu: T0 : 0x10446    : c_beqz a5, 12              : IntAlu : 
4310500: system.cpu: T0 : 0x10448    : fld fa5, -40(s0)           : FloatMemRead :  D=0x4006dc2877190128 A=0x7ffffffffffffd48
4311000: system.cpu: T0 : 0x1044c    : fsd fa5, -24(s0)           : FloatMemWrite :  D=0x4006dc2877190128 A=0x7ffffffffffffd58
4311500: system.cpu: T0 : 0x10450    : c_j 14                     : IntAlu : 
4312500: system.cpu: T0 : 0x1045e    : fld fa5, -24(s0)           : FloatMemRead :  D=0x4006dc2877190128 A=0x7ffffffffffffd58
4313500: system.cpu: T0 : 0x10462    : fsgnj_d fa0, fa5, fa5      : FloatMisc :  D=0x4006dc2877190128
4314000: system.cpu: T0 : 0x10466    : c_ldsp s0, 40(sp)          : MemRead :  D=0x7ffffffffffffdb0 A=0x7ffffffffffffd68
4314500: system.cpu: T0 : 0x10468    : c_addi16sp sp, 48          : IntAlu :  D=0x7ffffffffffffd70
4315000: system.cpu: T0 : 0x1046a    : c_jr ra                    : IntAlu : 
4316000: system.cpu: T0 : 0x105ce    : fsgnj_d fa4, fa0, fa0      : FloatMisc :  D=0x4006dc2877190128
4317000: system.cpu: T0 : 0x105d2    : auipc a5, 61               : IntAlu :  D=0x000000000004d5d2
4318000: system.cpu: T0 : 0x105d6    : addi a5, a5, 1310          : IntAlu :  D=0x000000000004daf0
4318500: system.cpu: T0 : 0x105da    : c_fld fa5, 0(a5)           : FloatMemRead :  D=0x3ee4f8b588e368f1 A=0x4daf0
4319000: system.cpu: T0 : 0x105dc    : fle_d a5, fa5, fa4         : FloatCmp :  D=0x0000000000000001
4319500: system.cpu: T0 : 0x105e0    : c_bnez a5, -122            : IntAlu : 
4320500: system.cpu: T0 : 0x10566    : fld fa5, -56(s0)           : FloatMemRead :  D=0xc00f6a786c226809 A=0x7ffffffffffffd78
4321500: system.cpu: T0 : 0x1056a    : fmul_d fa5, fa5, fa5       : FloatMult :  D=0x402ed7ab911439f2
4322500: system.cpu: T0 : 0x1056e    : fsgnjn_d fa4, fa5, fa5     : FloatMisc :  D=0xc02ed7ab911439f2
4323500: system.cpu: T0 : 0x10572    : fld fa5, -24(s0)           : FloatMemRead :  D=0x4006dc2877190128 A=0x7ffffffffffffd98
4324500: system.cpu: T0 : 0x10576    : fmul_d fa4, fa4, fa5       : FloatMult :  D=0xc0460877afa3e7dd
4325500: system.cpu: T0 : 0x1057a    : lw a5, -36(s0)             : MemRead :  D=0x0000000000000004 A=0x7ffffffffffffd8c
4326500: system.cpu: T0 : 0x1057e    : fcvt_d_w fa5, a5           : FloatCvt :  D=0x4010000000000000
4327500: system.cpu: T0 : 0x10582    : fadd_d fa3, fa5, fa5       : FloatAdd :  D=0x4020000000000000
4328500: system.cpu: T0 : 0x10586    : lw a5, -36(s0)             : MemRead :  D=0x0000000000000004 A=0x7ffffffffffffd8c
4329500: system.cpu: T0 : 0x1058a    : fcvt_d_w fa5, a5           : FloatCvt :  D=0x4010000000000000
4330500: system.cpu: T0 : 0x1058e    : fadd_d fa2, fa5, fa5       : FloatAdd :  D=0x4020000000000000
4331500: system.cpu: T0 : 0x10592    : auipc a5, 61               : IntAlu :  D=0x000000000004d592
4332500: system.cpu: T0 : 0x10596    : addi a5, a5, 1366          : IntAlu :  D=0x000000000004dae8
4333000: system.cpu: T0 : 0x1059a    : c_fld fa5, 0(a5)           : FloatMemRead :  D=0x3ff0000000000000 A=0x4dae8
4333500: system.cpu: T0 : 0x1059c    : fadd_d fa5, fa2, fa5       : FloatAdd :  D=0x4022000000000000
4334000: system.cpu: T0 : 0x105a0    : fmul_d fa5, fa3, fa5       : FloatMult :  D=0x4052000000000000
4334500: system.cpu: T0 : 0x105a4    : fdiv_d fa5, fa4, fa5       : FloatDiv :  D=0xbfe395bfb891b1a8
4335000: system.cpu: T0 : 0x105a8    : fsd fa5, -24(s0)           : FloatMemWrite :  D=0xbfe395bfb891b1a8 A=0x7ffffffffffffd98
4335500: system.cpu: T0 : 0x105ac    : fld fa4, -32(s0)           : FloatMemRead :  D=0x3ff3dc0e93de7fc8 A=0x7ffffffffffffd90
4336000: system.cpu: T0 : 0x105b0    : fld fa5, -24(s0)           : FloatMemRead :  D=0xbfe395bfb891b1a8 A=0x7ffffffffffffd98
4336500: system.cpu: T0 : 0x105b4    : fadd_d fa5, fa4, fa5       : FloatAdd :  D=0x3fe4225d6f2b4de8
4337000: system.cpu: T0 : 0x105b8    : fsd fa5, -32(s0)           : FloatMemWrite :  D=0x3fe4225d6f2b4de8 A=0x7ffffffffffffd90
4337500: system.cpu: T0 : 0x105bc    : lw a5, -36(s0)             : MemRead :  D=0x0000000000000004 A=0x7ffffffffffffd8c
4338000: system.cpu: T0 : 0x105c0    : c_addiw a5, 1              : IntAlu :  D=0x0000000000000005
4339000: system.cpu: T0 : 0x105c2    : sw a5, -36(s0)             : MemWrite :  D=0x0000000000000005 A=0x7ffffffffffffd8c
4340000: system.cpu: T0 : 0x105c6    : fld fa0, -24(s0)           : FloatMemRead :  D=0xbfe395bfb891b1a8 A=0x7ffffffffffffd98
4341000: system.cpu: T0 : 0x105ca    : jal ra, -410               : IntAlu :  D=0x00000000000105ce
4341500: system.cpu: T0 : 0x10430    : c_addi16sp sp, -48         : IntAlu :  D=0x7ffffffffffffd40
4342000: system.cpu: T0 : 0x10432    : c_sdsp s0, 40(sp)          : MemWrite :  D=0x7ffffffffffffdb0 A=0x7ffffffffffffd68
4342500: system.cpu: T0 : 0x10434    : c_addi4spn s0, sp, 48      : IntAlu :  D=0x7ffffffffffffd70
4343500: system.cpu: T0 : 0x10436    : fsd fa0, -40(s0)           : FloatMemWrite :  D=0xbfe395bfb891b1a8 A=0x7ffffffffffffd48
4344500: system.cpu: T0 : 0x1043a    : fld fa5, -40(s0)           : FloatMemRead :  D=0xbfe395bfb891b1a8 A=0x7ffffffffffffd48
4345500: system.cpu: T0 : 0x1043e    : fmv_d_x fa4, zero          : FloatCvt :  D=0x0000000000000000
4346500: system.cpu: T0 : 0x10442    : fle_d a5, fa4, fa5         : FloatCmp :  D=0x0000000000000000
4347000: system.cpu: T0 : 0x10446    : c_beqz a5, 12              : IntAlu : 
4348000: system.cpu: T0 : 0x10452    : fld fa5, -40(s0)           : FloatMemRead :  D=0xbfe395bfb891b1a8 A=0x7ffffffffffffd48
4349000: system.cpu: T0 : 0x10456    : fsgnjn_d fa5, fa5, fa5     : FloatMisc :  D=0x3fe395bfb891b1a8
4350000: system.cpu: T0 : 0x1045a    : fsd fa5, -24(s0)           : FloatMemWrite :  D=0x3fe395bfb891b1a8 A=0x7ffffffffffffd58
4351000: system.cpu: T0 : 0x1045e    : fld fa5, -24(s0)           : FloatMemRead :  D=0x3fe395bfb891b1a8 A=0x7ffffffffffffd58
4352000: system.cpu: T0 : 0x10462    : fsgnj_d fa0, fa5, fa5      : FloatMisc :  D=0x3fe395bfb891b1a8
4352500: system.cpu: T0 : 0x10466    : c_ldsp s0, 40(sp)          : MemRead :  D=0x7ffffffffffffdb0 A=0x7ffffffffffffd68
4353000: system.cpu: T0 : 0x10468    : c_addi16sp sp, 48          : IntAlu :  D=0x7ffffffffffffd70
4353500: system.cpu: T0 : 0x1046a    : c_jr ra                    : IntAlu : 
4354500: system.cpu: T0 : 0x105ce    : fsgnj_d fa4, fa0, fa0      : FloatMisc :  D=0x3fe395bfb891b1a8
4355500: system.cpu: T0 : 0x105d2    : auipc a5, 61               : IntAlu :  D=0x000000000004d5d2
4356500: system.cpu: T0 : 0x105d6    : addi a5, a5, 1310          : IntAlu :  D=0x000000000004daf0
4357000: system.cpu: T0 : 0x105da    : c_fld fa5, 0(a5)           : FloatMemRead :  D=0x3ee4f8b588e368f1 A=0x4daf0
4357500: system.cpu: T0 : 0x105dc    : fle_d a5, fa5, fa4         : FloatCmp :  D=0x0000000000000001
4358000: system.cpu: T0 : 0x105e0    : c_bnez a5, -122            : IntAlu : 
4359000: system.cpu: T0 : 0x10566    : fld fa5, -56(s0)           : FloatMemRead :  D=0xc00f6a786c226809 A=0x7ffffffffffffd78
4360000: system.cpu: T0 : 0x1056a    : fmul_d fa5, fa5, fa5       : FloatMult :  D=0x402ed7ab911439f2
4361000: system.cpu: T0 : 0x1056e    : fsgnjn_d fa4, fa5, fa5     : FloatMisc :  D=0xc02ed7ab911439f2
4362000: system.cpu: T0 : 0x10572    : fld fa5, -24(s0)           : FloatMemRead :  D=0xbfe395bfb891b1a8 A=0x7ffffffffffffd98
4363000: system.cpu: T0 : 0x10576    : fmul_d fa4, fa4, fa5       : FloatMult :  D=0x4022e062de2c1985
4364000: system.cpu: T0 : 0x1057a    : lw a5, -36(s0)             : MemRead :  D=0x0000000000000005 A=0x7ffffffffffffd8c
4365000: system.cpu: T0 : 0x1057e    : fcvt_d_w fa5, a5           : FloatCvt :  D=0x4014000000000000
4366000: system.cpu: T0 : 0x10582    : fadd_d fa3, fa5, fa5       : FloatAdd :  D=0x4024000000000000
4367000: system.cpu: T0 : 0x10586    : lw a5, -36(s0)             : MemRead :  D=0x0000000000000005 A=0x7ffffffffffffd8c
4368000: system.cpu: T0 : 0x1058a    : fcvt_d_w fa5, a5           : FloatCvt :  D=0x4014000000000000
4369000: system.cpu: T0 : 0x1058e    : fadd_d fa2, fa5, fa5       : FloatAdd :  D=0x4024000000000000
4370000: system.cpu: T0 : 0x10592    : auipc a5, 61               : IntAlu :  D=0x000000000004d592
4371000: system.cpu: T0 : 0x10596    : addi a5, a5, 1366          : IntAlu :  D=0x000000000004dae8
4371500: system.cpu: T0 : 0x1059a    : c_fld fa5, 0(a5)           : FloatMemRead :  D=0x3ff0000000000000 A=0x4dae8
4372000: system.cpu: T0 : 0x1059c    : fadd_d fa5, fa2, fa5       : FloatAdd :  D=0x4026000000000000
4372500: system.cpu: T0 : 0x105a0    : fmul_d fa5, fa3, fa5       : FloatMult :  D=0x405b800000000000
4373000: system.cpu: T0 : 0x105a4    : fdiv_d fa5, fa4, fa5       : FloatDiv :  D=0x3fb5f723eb414796
4373500: system.cpu: T0 : 0x105a8    : fsd fa5, -24(s0)           : FloatMemWrite :  D=0x3fb5f723eb414796 A=0x7ffffffffffffd98
4374000: system.cpu: T0 : 0x105ac    : fld fa4, -32(s0)           : FloatMemRead :  D=0x3fe4225d6f2b4de8 A=0x7ffffffffffffd90
4374500: system.cpu: T0 : 0x105b0    : fld fa5, -24(s0)           : FloatMemRead :  D=0x3fb5f723eb414796 A=0x7ffffffffffffd98
4375000: system.cpu: T0 : 0x105b4    : fadd_d fa5, fa4, fa5       : FloatAdd :  D=0x3fe6e141ec9376db
4375500: system.cpu: T0 : 0x105b8    : fsd fa5, -32(s0)           : FloatMemWrite :  D=0x3fe6e141ec9376db A=0x7ffffffffffffd90
4376000: system.cpu: T0 : 0x105bc    : lw a5, -36(s0)             : MemRead :  D=0x0000000000000005 A=0x7ffffffffffffd8c
4376500: system.cpu: T0 : 0x105c0    : c_addiw a5, 1              : IntAlu :  D=0x0000000000000006
4377500: system.cpu: T0 : 0x105c2    : sw a5, -36(s0)             : MemWrite :  D=0x0000000000000006 A=0x7ffffffffffffd8c
4378500: system.cpu: T0 : 0x105c6    : fld fa0, -24(s0)           : FloatMemRead :  D=0x3fb5f723eb414796 A=0x7ffffffffffffd98
4379500: system.cpu: T0 : 0x105ca    : jal ra, -410               : IntAlu :  D=0x00000000000105ce
4380000: system.cpu: T0 : 0x10430    : c_addi16sp sp, -48         : IntAlu :  D=0x7ffffffffffffd40
4380500: system.cpu: T0 : 0x10432    : c_sdsp s0, 40(sp)          : MemWrite :  D=0x7ffffffffffffdb0 A=0x7ffffffffffffd68
4381000: system.cpu: T0 : 0x10434    : c_addi4spn s0, sp, 48      : IntAlu :  D=0x7ffffffffffffd70
4382000: system.cpu: T0 : 0x10436    : fsd fa0, -40(s0)           : FloatMemWrite :  D=0x3fb5f723eb414796 A=0x7ffffffffffffd48
4383000: system.cpu: T0 : 0x1043a    : fld fa5, -40(s0)           : FloatMemRead :  D=0x3fb5f723eb414796 A=0x7ffffffffffffd48
4384000: system.cpu: T0 : 0x1043e    : fmv_d_x fa4, zero          : FloatCvt :  D=0x0000000000000000
4385000: system.cpu: T0 : 0x10442    : fle_d a5, fa4, fa5         : FloatCmp :  D=0x0000000000000001
4385500: system.cpu: T0 : 0x10446    : c_beqz a5, 12              : IntAlu : 
4386000: system.cpu: T0 : 0x10448    : fld fa5, -40(s0)           : FloatMemRead :  D=0x3fb5f723eb414796 A=0x7ffffffffffffd48
4386500: system.cpu: T0 : 0x1044c    : fsd fa5, -24(s0)           : FloatMemWrite :  D=0x3fb5f723eb414796 A=0x7ffffffffffffd58
4387000: system.cpu: T0 : 0x10450    : c_j 14                     : IntAlu : 
4388000: system.cpu: T0 : 0x1045e    : fld fa5, -24(s0)           : FloatMemRead :  D=0x3fb5f723eb414796 A=0x7ffffffffffffd58
4389000: system.cpu: T0 : 0x10462    : fsgnj_d fa0, fa5, fa5      : FloatMisc :  D=0x3fb5f723eb414796
4389500: system.cpu: T0 : 0x10466    : c_ldsp s0, 40(sp)          : MemRead :  D=0x7ffffffffffffdb0 A=0x7ffffffffffffd68
4390000: system.cpu: T0 : 0x10468    : c_addi16sp sp, 48          : IntAlu :  D=0x7ffffffffffffd70
4390500: system.cpu: T0 : 0x1046a    : c_jr ra                    : IntAlu : 
4391500: system.cpu: T0 : 0x105ce    : fsgnj_d fa4, fa0, fa0      : FloatMisc :  D=0x3fb5f723eb414796
4392500: system.cpu: T0 : 0x105d2    : auipc a5, 61               : IntAlu :  D=0x000000000004d5d2
4393500: system.cpu: T0 : 0x105d6    : addi a5, a5, 1310          : IntAlu :  D=0x000000000004daf0
4394000: system.cpu: T0 : 0x105da    : c_fld fa5, 0(a5)           : FloatMemRead :  D=0x3ee4f8b588e368f1 A=0x4daf0
4394500: system.cpu: T0 : 0x105dc    : fle_d a5, fa5, fa4         : FloatCmp :  D=0x0000000000000001
4395000: system.cpu: T0 : 0x105e0    : c_bnez a5, -122            : IntAlu : 
4396000: system.cpu: T0 : 0x10566    : fld fa5, -56(s0)           : FloatMemRead :  D=0xc00f6a786c226809 A=0x7ffffffffffffd78
4397000: system.cpu: T0 : 0x1056a    : fmul_d fa5, fa5, fa5       : FloatMult :  D=0x402ed7ab911439f2
4398000: system.cpu: T0 : 0x1056e    : fsgnjn_d fa4, fa5, fa5     : FloatMisc :  D=0xc02ed7ab911439f2
4399000: system.cpu: T0 : 0x10572    : fld fa5, -24(s0)           : FloatMemRead :  D=0x3fb5f723eb414796 A=0x7ffffffffffffd98
4400000: system.cpu: T0 : 0x10576    : fmul_d fa4, fa4, fa5       : FloatMult :  D=0xbff52bbbea1f7fd9
4401000: system.cpu: T0 : 0x1057a    : lw a5, -36(s0)             : MemRead :  D=0x0000000000000006 A=0x7ffffffffffffd8c
4402000: system.cpu: T0 : 0x1057e    : fcvt_d_w fa5, a5           : FloatCvt :  D=0x4018000000000000
4403000: system.cpu: T0 : 0x10582    : fadd_d fa3, fa5, fa5       : FloatAdd :  D=0x4028000000000000
4404000: system.cpu: T0 : 0x10586    : lw a5, -36(s0)             : MemRead :  D=0x0000000000000006 A=0x7ffffffffffffd8c
4405000: system.cpu: T0 : 0x1058a    : fcvt_d_w fa5, a5           : FloatCvt :  D=0x4018000000000000
4406000: system.cpu: T0 : 0x1058e    : fadd_d fa2, fa5, fa5       : FloatAdd :  D=0x4028000000000000
4407000: system.cpu: T0 : 0x10592    : auipc a5, 61               : IntAlu :  D=0x000000000004d592
4408000: system.cpu: T0 : 0x10596    : addi a5, a5, 1366          : IntAlu :  D=0x000000000004dae8
4408500: system.cpu: T0 : 0x1059a    : c_fld fa5, 0(a5)           : FloatMemRead :  D=0x3ff0000000000000 A=0x4dae8
4409000: system.cpu: T0 : 0x1059c    : fadd_d fa5, fa2, fa5       : FloatAdd :  D=0x402a000000000000
4409500: system.cpu: T0 : 0x105a0    : fmul_d fa5, fa3, fa5       : FloatMult :  D=0x4063800000000000
4410000: system.cpu: T0 : 0x105a4    : fdiv_d fa5, fa4, fa5       : FloatDiv :  D=0xbf815ef6156f2dd3
4410500: system.cpu: T0 : 0x105a8    : fsd fa5, -24(s0)           : FloatMemWrite :  D=0xbf815ef6156f2dd3 A=0x7ffffffffffffd98
4411000: system.cpu: T0 : 0x105ac    : fld fa4, -32(s0)           : FloatMemRead :  D=0x3fe6e141ec9376db A=0x7ffffffffffffd90
4411500: system.cpu: T0 : 0x105b0    : fld fa5, -24(s0)           : FloatMemRead :  D=0xbf815ef6156f2dd3 A=0x7ffffffffffffd98
4412000: system.cpu: T0 : 0x105b4    : fadd_d fa5, fa4, fa5       : FloatAdd :  D=0x3fe69bc6143dba24
4412500: system.cpu: T0 : 0x105b8    : fsd fa5, -32(s0)           : FloatMemWrite :  D=0x3fe69bc6143dba24 A=0x7ffffffffffffd90
4413000: system.cpu: T0 : 0x105bc    : lw a5, -36(s0)             : MemRead :  D=0x0000000000000006 A=0x7ffffffffffffd8c
4413500: system.cpu: T0 : 0x105c0    : c_addiw a5, 1              : IntAlu :  D=0x0000000000000007
4414500: system.cpu: T0 : 0x105c2    : sw a5, -36(s0)             : MemWrite :  D=0x0000000000000007 A=0x7ffffffffffffd8c
4415500: system.cpu: T0 : 0x105c6    : fld fa0, -24(s0)           : FloatMemRead :  D=0xbf815ef6156f2dd3 A=0x7ffffffffffffd98
4416500: system.cpu: T0 : 0x105ca    : jal ra, -410               : IntAlu :  D=0x00000000000105ce
4417000: system.cpu: T0 : 0x10430    : c_addi16sp sp, -48         : IntAlu :  D=0x7ffffffffffffd40
4417500: system.cpu: T0 : 0x10432    : c_sdsp s0, 40(sp)          : MemWrite :  D=0x7ffffffffffffdb0 A=0x7ffffffffffffd68
4418000: system.cpu: T0 : 0x10434    : c_addi4spn s0, sp, 48      : IntAlu :  D=0x7ffffffffffffd70
4419000: system.cpu: T0 : 0x10436    : fsd fa0, -40(s0)           : FloatMemWrite :  D=0xbf815ef6156f2dd3 A=0x7ffffffffffffd48
4420000: system.cpu: T0 : 0x1043a    : fld fa5, -40(s0)           : FloatMemRead :  D=0xbf815ef6156f2dd3 A=0x7ffffffffffffd48
4421000: system.cpu: T0 : 0x1043e    : fmv_d_x fa4, zero          : FloatCvt :  D=0x0000000000000000
4422000: system.cpu: T0 : 0x10442    : fle_d a5, fa4, fa5         : FloatCmp :  D=0x0000000000000000
4422500: system.cpu: T0 : 0x10446    : c_beqz a5, 12              : IntAlu : 
4423500: system.cpu: T0 : 0x10452    : fld fa5, -40(s0)           : FloatMemRead :  D=0xbf815ef6156f2dd3 A=0x7ffffffffffffd48
4424500: system.cpu: T0 : 0x10456    : fsgnjn_d fa5, fa5, fa5     : FloatMisc :  D=0x3f815ef6156f2dd3
4425500: system.cpu: T0 : 0x1045a    : fsd fa5, -24(s0)           : FloatMemWrite :  D=0x3f815ef6156f2dd3 A=0x7ffffffffffffd58
4426500: system.cpu: T0 : 0x1045e    : fld fa5, -24(s0)           : FloatMemRead :  D=0x3f815ef6156f2dd3 A=0x7ffffffffffffd58
4427500: system.cpu: T0 : 0x10462    : fsgnj_d fa0, fa5, fa5      : FloatMisc :  D=0x3f815ef6156f2dd3
4428000: system.cpu: T0 : 0x10466    : c_ldsp s0, 40(sp)          : MemRead :  D=0x7ffffffffffffdb0 A=0x7ffffffffffffd68
4428500: system.cpu: T0 : 0x10468    : c_addi16sp sp, 48          : IntAlu :  D=0x7ffffffffffffd70
4429000: system.cpu: T0 : 0x1046a    : c_jr ra                    : IntAlu : 
4430000: system.cpu: T0 : 0x105ce    : fsgnj_d fa4, fa0, fa0      : FloatMisc :  D=0x3f815ef6156f2dd3
4431000: system.cpu: T0 : 0x105d2    : auipc a5, 61               : IntAlu :  D=0x000000000004d5d2
4432000: system.cpu: T0 : 0x105d6    : addi a5, a5, 1310          : IntAlu :  D=0x000000000004daf0
4432500: system.cpu: T0 : 0x105da    : c_fld fa5, 0(a5)           : FloatMemRead :  D=0x3ee4f8b588e368f1 A=0x4daf0
4433000: system.cpu: T0 : 0x105dc    : fle_d a5, fa5, fa4         : FloatCmp :  D=0x0000000000000001
4433500: system.cpu: T0 : 0x105e0    : c_bnez a5, -122            : IntAlu : 
4434500: system.cpu: T0 : 0x10566    : fld fa5, -56(s0)           : FloatMemRead :  D=0xc00f6a786c226809 A=0x7ffffffffffffd78
4435500: system.cpu: T0 : 0x1056a    : fmul_d fa5, fa5, fa5       : FloatMult :  D=0x402ed7ab911439f2
4436500: system.cpu: T0 : 0x1056e    : fsgnjn_d fa4, fa5, fa5     : FloatMisc :  D=0xc02ed7ab911439f2
4437500: system.cpu: T0 : 0x10572    : fld fa5, -24(s0)           : FloatMemRead :  D=0xbf815ef6156f2dd3 A=0x7ffffffffffffd98
4438500: system.cpu: T0 : 0x10576    : fmul_d fa4, fa4, fa5       : FloatMult :  D=0x3fc0be19dbac865b
4439500: system.cpu: T0 : 0x1057a    : lw a5, -36(s0)             : MemRead :  D=0x0000000000000007 A=0x7ffffffffffffd8c
4440500: system.cpu: T0 : 0x1057e    : fcvt_d_w fa5, a5           : FloatCvt :  D=0x401c000000000000
4441500: system.cpu: T0 : 0x10582    : fadd_d fa3, fa5, fa5       : FloatAdd :  D=0x402c000000000000
4442500: system.cpu: T0 : 0x10586    : lw a5, -36(s0)             : MemRead :  D=0x0000000000000007 A=0x7ffffffffffffd8c
4443500: system.cpu: T0 : 0x1058a    : fcvt_d_w fa5, a5           : FloatCvt :  D=0x401c000000000000
4444500: system.cpu: T0 : 0x1058e    : fadd_d fa2, fa5, fa5       : FloatAdd :  D=0x402c000000000000
4445500: system.cpu: T0 : 0x10592    : auipc a5, 61               : IntAlu :  D=0x000000000004d592
4446500: system.cpu: T0 : 0x10596    : addi a5, a5, 1366          : IntAlu :  D=0x000000000004dae8
4447000: system.cpu: T0 : 0x1059a    : c_fld fa5, 0(a5)           : FloatMemRead :  D=0x3ff0000000000000 A=0x4dae8
4447500: system.cpu: T0 : 0x1059c    : fadd_d fa5, fa2, fa5       : FloatAdd :  D=0x402e000000000000
4448000: system.cpu: T0 : 0x105a0    : fmul_d fa5, fa3, fa5       : FloatMult :  D=0x406a400000000000
4448500: system.cpu: T0 : 0x105a4    : fdiv_d fa5, fa4, fa5       : FloatDiv :  D=0x3f4468f6131b7576
4449000: system.cpu: T0 : 0x105a8    : fsd fa5, -24(s0)           : FloatMemWrite :  D=0x3f4468f6131b7576 A=0x7ffffffffffffd98
4449500: system.cpu: T0 : 0x105ac    : fld fa4, -32(s0)           : FloatMemRead :  D=0x3fe69bc6143dba24 A=0x7ffffffffffffd90
4450000: system.cpu: T0 : 0x105b0    : fld fa5, -24(s0)           : FloatMemRead :  D=0x3f4468f6131b7576 A=0x7ffffffffffffd98
4450500: system.cpu: T0 : 0x105b4    : fadd_d fa5, fa4, fa5       : FloatAdd :  D=0x3fe6a0e051c28101
4451000: system.cpu: T0 : 0x105b8    : fsd fa5, -32(s0)           : FloatMemWrite :  D=0x3fe6a0e051c28101 A=0x7ffffffffffffd90
4451500: system.cpu: T0 : 0x105bc    : lw a5, -36(s0)             : MemRead :  D=0x0000000000000007 A=0x7ffffffffffffd8c
4452000: system.cpu: T0 : 0x105c0    : c_addiw a5, 1              : IntAlu :  D=0x0000000000000008
4453000: system.cpu: T0 : 0x105c2    : sw a5, -36(s0)             : MemWrite :  D=0x0000000000000008 A=0x7ffffffffffffd8c
4454000: system.cpu: T0 : 0x105c6    : fld fa0, -24(s0)           : FloatMemRead :  D=0x3f4468f6131b7576 A=0x7ffffffffffffd98
4455000: system.cpu: T0 : 0x105ca    : jal ra, -410               : IntAlu :  D=0x00000000000105ce
4455500: system.cpu: T0 : 0x10430    : c_addi16sp sp, -48         : IntAlu :  D=0x7ffffffffffffd40
4456000: system.cpu: T0 : 0x10432    : c_sdsp s0, 40(sp)          : MemWrite :  D=0x7ffffffffffffdb0 A=0x7ffffffffffffd68
4456500: system.cpu: T0 : 0x10434    : c_addi4spn s0, sp, 48      : IntAlu :  D=0x7ffffffffffffd70
4457500: system.cpu: T0 : 0x10436    : fsd fa0, -40(s0)           : FloatMemWrite :  D=0x3f4468f6131b7576 A=0x7ffffffffffffd48
4458500: system.cpu: T0 : 0x1043a    : fld fa5, -40(s0)           : FloatMemRead :  D=0x3f4468f6131b7576 A=0x7ffffffffffffd48
4459500: system.cpu: T0 : 0x1043e    : fmv_d_x fa4, zero          : FloatCvt :  D=0x0000000000000000
4460500: system.cpu: T0 : 0x10442    : fle_d a5, fa4, fa5         : FloatCmp :  D=0x0000000000000001
4461000: system.cpu: T0 : 0x10446    : c_beqz a5, 12              : IntAlu : 
4461500: system.cpu: T0 : 0x10448    : fld fa5, -40(s0)           : FloatMemRead :  D=0x3f4468f6131b7576 A=0x7ffffffffffffd48
4462000: system.cpu: T0 : 0x1044c    : fsd fa5, -24(s0)           : FloatMemWrite :  D=0x3f4468f6131b7576 A=0x7ffffffffffffd58
4462500: system.cpu: T0 : 0x10450    : c_j 14                     : IntAlu : 
4463500: system.cpu: T0 : 0x1045e    : fld fa5, -24(s0)           : FloatMemRead :  D=0x3f4468f6131b7576 A=0x7ffffffffffffd58
4464500: system.cpu: T0 : 0x10462    : fsgnj_d fa0, fa5, fa5      : FloatMisc :  D=0x3f4468f6131b7576
4465000: system.cpu: T0 : 0x10466    : c_ldsp s0, 40(sp)          : MemRead :  D=0x7ffffffffffffdb0 A=0x7ffffffffffffd68
4465500: system.cpu: T0 : 0x10468    : c_addi16sp sp, 48          : IntAlu :  D=0x7ffffffffffffd70
4466000: system.cpu: T0 : 0x1046a    : c_jr ra                    : IntAlu : 
4467000: system.cpu: T0 : 0x105ce    : fsgnj_d fa4, fa0, fa0      : FloatMisc :  D=0x3f4468f6131b7576
4468000: system.cpu: T0 : 0x105d2    : auipc a5, 61               : IntAlu :  D=0x000000000004d5d2
4469000: system.cpu: T0 : 0x105d6    : addi a5, a5, 1310          : IntAlu :  D=0x000000000004daf0
4469500: system.cpu: T0 : 0x105da    : c_fld fa5, 0(a5)           : FloatMemRead :  D=0x3ee4f8b588e368f1 A=0x4daf0
4470000: system.cpu: T0 : 0x105dc    : fle_d a5, fa5, fa4         : FloatCmp :  D=0x0000000000000001
4470500: system.cpu: T0 : 0x105e0    : c_bnez a5, -122            : IntAlu : 
4471500: system.cpu: T0 : 0x10566    : fld fa5, -56(s0)           : FloatMemRead :  D=0xc00f6a786c226809 A=0x7ffffffffffffd78
4472500: system.cpu: T0 : 0x1056a    : fmul_d fa5, fa5, fa5       : FloatMult :  D=0x402ed7ab911439f2
4473500: system.cpu: T0 : 0x1056e    : fsgnjn_d fa4, fa5, fa5     : FloatMisc :  D=0xc02ed7ab911439f2
4474500: system.cpu: T0 : 0x10572    : fld fa5, -24(s0)           : FloatMemRead :  D=0x3f4468f6131b7576 A=0x7ffffffffffffd98
4475500: system.cpu: T0 : 0x10576    : fmul_d fa4, fa4, fa5       : FloatMult :  D=0xbf83abf554a5964c
4476500: system.cpu: T0 : 0x1057a    : lw a5, -36(s0)             : MemRead :  D=0x0000000000000008 A=0x7ffffffffffffd8c
4477500: system.cpu: T0 : 0x1057e    : fcvt_d_w fa5, a5           : FloatCvt :  D=0x4020000000000000
4478500: system.cpu: T0 : 0x10582    : fadd_d fa3, fa5, fa5       : FloatAdd :  D=0x4030000000000000
4479500: system.cpu: T0 : 0x10586    : lw a5, -36(s0)             : MemRead :  D=0x0000000000000008 A=0x7ffffffffffffd8c
4480500: system.cpu: T0 : 0x1058a    : fcvt_d_w fa5, a5           : FloatCvt :  D=0x4020000000000000
4481500: system.cpu: T0 : 0x1058e    : fadd_d fa2, fa5, fa5       : FloatAdd :  D=0x4030000000000000
4482500: system.cpu: T0 : 0x10592    : auipc a5, 61               : IntAlu :  D=0x000000000004d592
4483500: system.cpu: T0 : 0x10596    : addi a5, a5, 1366          : IntAlu :  D=0x000000000004dae8
4484000: system.cpu: T0 : 0x1059a    : c_fld fa5, 0(a5)           : FloatMemRead :  D=0x3ff0000000000000 A=0x4dae8
4484500: system.cpu: T0 : 0x1059c    : fadd_d fa5, fa2, fa5       : FloatAdd :  D=0x4031000000000000
4485000: system.cpu: T0 : 0x105a0    : fmul_d fa5, fa3, fa5       : FloatMult :  D=0x4071000000000000
4485500: system.cpu: T0 : 0x105a4    : fdiv_d fa5, fa4, fa5       : FloatDiv :  D=0xbf0283b9b9145138
4486000: system.cpu: T0 : 0x105a8    : fsd fa5, -24(s0)           : FloatMemWrite :  D=0xbf0283b9b9145138 A=0x7ffffffffffffd98
4486500: system.cpu: T0 : 0x105ac    : fld fa4, -32(s0)           : FloatMemRead :  D=0x3fe6a0e051c28101 A=0x7ffffffffffffd90
4487000: system.cpu: T0 : 0x105b0    : fld fa5, -24(s0)           : FloatMemRead :  D=0xbf0283b9b9145138 A=0x7ffffffffffffd98
4487500: system.cpu: T0 : 0x105b4    : fadd_d fa5, fa4, fa5       : FloatAdd :  D=0x3fe6a09642db9cb0
4488000: system.cpu: T0 : 0x105b8    : fsd fa5, -32(s0)           : FloatMemWrite :  D=0x3fe6a09642db9cb0 A=0x7ffffffffffffd90
4488500: system.cpu: T0 : 0x105bc    : lw a5, -36(s0)             : MemRead :  D=0x0000000000000008 A=0x7ffffffffffffd8c
4489000: system.cpu: T0 : 0x105c0    : c_addiw a5, 1              : IntAlu :  D=0x0000000000000009
4490000: system.cpu: T0 : 0x105c2    : sw a5, -36(s0)             : MemWrite :  D=0x0000000000000009 A=0x7ffffffffffffd8c
4491000: system.cpu: T0 : 0x105c6    : fld fa0, -24(s0)           : FloatMemRead :  D=0xbf0283b9b9145138 A=0x7ffffffffffffd98
4492000: system.cpu: T0 : 0x105ca    : jal ra, -410               : IntAlu :  D=0x00000000000105ce
4492500: system.cpu: T0 : 0x10430    : c_addi16sp sp, -48         : IntAlu :  D=0x7ffffffffffffd40
4493000: system.cpu: T0 : 0x10432    : c_sdsp s0, 40(sp)          : MemWrite :  D=0x7ffffffffffffdb0 A=0x7ffffffffffffd68
4493500: system.cpu: T0 : 0x10434    : c_addi4spn s0, sp, 48      : IntAlu :  D=0x7ffffffffffffd70
4494500: system.cpu: T0 : 0x10436    : fsd fa0, -40(s0)           : FloatMemWrite :  D=0xbf0283b9b9145138 A=0x7ffffffffffffd48
4495500: system.cpu: T0 : 0x1043a    : fld fa5, -40(s0)           : FloatMemRead :  D=0xbf0283b9b9145138 A=0x7ffffffffffffd48
4496500: system.cpu: T0 : 0x1043e    : fmv_d_x fa4, zero          : FloatCvt :  D=0x0000000000000000
4497500: system.cpu: T0 : 0x10442    : fle_d a5, fa4, fa5         : FloatCmp :  D=0x0000000000000000
4498000: system.cpu: T0 : 0x10446    : c_beqz a5, 12              : IntAlu : 
4499000: system.cpu: T0 : 0x10452    : fld fa5, -40(s0)           : FloatMemRead :  D=0xbf0283b9b9145138 A=0x7ffffffffffffd48
4500000: system.cpu: T0 : 0x10456    : fsgnjn_d fa5, fa5, fa5     : FloatMisc :  D=0x3f0283b9b9145138
4501000: system.cpu: T0 : 0x1045a    : fsd fa5, -24(s0)           : FloatMemWrite :  D=0x3f0283b9b9145138 A=0x7ffffffffffffd58
4502000: system.cpu: T0 : 0x1045e    : fld fa5, -24(s0)           : FloatMemRead :  D=0x3f0283b9b9145138 A=0x7ffffffffffffd58
4503000: system.cpu: T0 : 0x10462    : fsgnj_d fa0, fa5, fa5      : FloatMisc :  D=0x3f0283b9b9145138
4503500: system.cpu: T0 : 0x10466    : c_ldsp s0, 40(sp)          : MemRead :  D=0x7ffffffffffffdb0 A=0x7ffffffffffffd68
4504000: system.cpu: T0 : 0x10468    : c_addi16sp sp, 48          : IntAlu :  D=0x7ffffffffffffd70
4504500: system.cpu: T0 : 0x1046a    : c_jr ra                    : IntAlu : 
4505500: system.cpu: T0 : 0x105ce    : fsgnj_d fa4, fa0, fa0      : FloatMisc :  D=0x3f0283b9b9145138
4506500: system.cpu: T0 : 0x105d2    : auipc a5, 61               : IntAlu :  D=0x000000000004d5d2
4507500: system.cpu: T0 : 0x105d6    : addi a5, a5, 1310          : IntAlu :  D=0x000000000004daf0
4508000: system.cpu: T0 : 0x105da    : c_fld fa5, 0(a5)           : FloatMemRead :  D=0x3ee4f8b588e368f1 A=0x4daf0
4508500: system.cpu: T0 : 0x105dc    : fle_d a5, fa5, fa4         : FloatCmp :  D=0x0000000000000001
4509000: system.cpu: T0 : 0x105e0    : c_bnez a5, -122            : IntAlu : 
4510000: system.cpu: T0 : 0x10566    : fld fa5, -56(s0)           : FloatMemRead :  D=0xc00f6a786c226809 A=0x7ffffffffffffd78
4511000: system.cpu: T0 : 0x1056a    : fmul_d fa5, fa5, fa5       : FloatMult :  D=0x402ed7ab911439f2
4512000: system.cpu: T0 : 0x1056e    : fsgnjn_d fa4, fa5, fa5     : FloatMisc :  D=0xc02ed7ab911439f2
4513000: system.cpu: T0 : 0x10572    : fld fa5, -24(s0)           : FloatMemRead :  D=0xbf0283b9b9145138 A=0x7ffffffffffffd98
4514000: system.cpu: T0 : 0x10576    : fmul_d fa4, fa4, fa5       : FloatMult :  D=0x3f41d846692f9714
4515000: system.cpu: T0 : 0x1057a    : lw a5, -36(s0)             : MemRead :  D=0x0000000000000009 A=0x7ffffffffffffd8c
4516000: system.cpu: T0 : 0x1057e    : fcvt_d_w fa5, a5           : FloatCvt :  D=0x4022000000000000
4517000: system.cpu: T0 : 0x10582    : fadd_d fa3, fa5, fa5       : FloatAdd :  D=0x4032000000000000
4518000: system.cpu: T0 : 0x10586    : lw a5, -36(s0)             : MemRead :  D=0x0000000000000009 A=0x7ffffffffffffd8c
4519000: system.cpu: T0 : 0x1058a    : fcvt_d_w fa5, a5           : FloatCvt :  D=0x4022000000000000
4520000: system.cpu: T0 : 0x1058e    : fadd_d fa2, fa5, fa5       : FloatAdd :  D=0x4032000000000000
4521000: system.cpu: T0 : 0x10592    : auipc a5, 61               : IntAlu :  D=0x000000000004d592
4522000: system.cpu: T0 : 0x10596    : addi a5, a5, 1366          : IntAlu :  D=0x000000000004dae8
4522500: system.cpu: T0 : 0x1059a    : c_fld fa5, 0(a5)           : FloatMemRead :  D=0x3ff0000000000000 A=0x4dae8
4523000: system.cpu: T0 : 0x1059c    : fadd_d fa5, fa2, fa5       : FloatAdd :  D=0x4033000000000000
4523500: system.cpu: T0 : 0x105a0    : fmul_d fa5, fa3, fa5       : FloatMult :  D=0x4075600000000000
4524000: system.cpu: T0 : 0x105a4    : fdiv_d fa5, fa4, fa5       : FloatDiv :  D=0x3ebab70e16bc049c
4524500: system.cpu: T0 : 0x105a8    : fsd fa5, -24(s0)           : FloatMemWrite :  D=0x3ebab70e16bc049c A=0x7ffffffffffffd98
4525000: system.cpu: T0 : 0x105ac    : fld fa4, -32(s0)           : FloatMemRead :  D=0x3fe6a09642db9cb0 A=0x7ffffffffffffd90
4525500: system.cpu: T0 : 0x105b0    : fld fa5, -24(s0)           : FloatMemRead :  D=0x3ebab70e16bc049c A=0x7ffffffffffffd98
4526000: system.cpu: T0 : 0x105b4    : fadd_d fa5, fa4, fa5       : FloatAdd :  D=0x3fe6a09999bd5f88
4526500: system.cpu: T0 : 0x105b8    : fsd fa5, -32(s0)           : FloatMemWrite :  D=0x3fe6a09999bd5f88 A=0x7ffffffffffffd90
4527000: system.cpu: T0 : 0x105bc    : lw a5, -36(s0)             : MemRead :  D=0x0000000000000009 A=0x7ffffffffffffd8c
4527500: system.cpu: T0 : 0x105c0    : c_addiw a5, 1              : IntAlu :  D=0x000000000000000a
4528500: system.cpu: T0 : 0x105c2    : sw a5, -36(s0)             : MemWrite :  D=0x000000000000000a A=0x7ffffffffffffd8c
4529500: system.cpu: T0 : 0x105c6    : fld fa0, -24(s0)           : FloatMemRead :  D=0x3ebab70e16bc049c A=0x7ffffffffffffd98
4530500: system.cpu: T0 : 0x105ca    : jal ra, -410               : IntAlu :  D=0x00000000000105ce
4531000: system.cpu: T0 : 0x10430    : c_addi16sp sp, -48         : IntAlu :  D=0x7ffffffffffffd40
4531500: system.cpu: T0 : 0x10432    : c_sdsp s0, 40(sp)          : MemWrite :  D=0x7ffffffffffffdb0 A=0x7ffffffffffffd68
4532000: system.cpu: T0 : 0x10434    : c_addi4spn s0, sp, 48      : IntAlu :  D=0x7ffffffffffffd70
4533000: system.cpu: T0 : 0x10436    : fsd fa0, -40(s0)           : FloatMemWrite :  D=0x3ebab70e16bc049c A=0x7ffffffffffffd48
4534000: system.cpu: T0 : 0x1043a    : fld fa5, -40(s0)           : FloatMemRead :  D=0x3ebab70e16bc049c A=0x7ffffffffffffd48
4535000: system.cpu: T0 : 0x1043e    : fmv_d_x fa4, zero          : FloatCvt :  D=0x0000000000000000
4536000: system.cpu: T0 : 0x10442    : fle_d a5, fa4, fa5         : FloatCmp :  D=0x0000000000000001
4536500: system.cpu: T0 : 0x10446    : c_beqz a5, 12              : IntAlu : 
4537000: system.cpu: T0 : 0x10448    : fld fa5, -40(s0)           : FloatMemRead :  D=0x3ebab70e16bc049c A=0x7ffffffffffffd48
4537500: system.cpu: T0 : 0x1044c    : fsd fa5, -24(s0)           : FloatMemWrite :  D=0x3ebab70e16bc049c A=0x7ffffffffffffd58
4538000: system.cpu: T0 : 0x10450    : c_j 14                     : IntAlu : 
4539000: system.cpu: T0 : 0x1045e    : fld fa5, -24(s0)           : FloatMemRead :  D=0x3ebab70e16bc049c A=0x7ffffffffffffd58
4540000: system.cpu: T0 : 0x10462    : fsgnj_d fa0, fa5, fa5      : FloatMisc :  D=0x3ebab70e16bc049c
4540500: system.cpu: T0 : 0x10466    : c_ldsp s0, 40(sp)          : MemRead :  D=0x7ffffffffffffdb0 A=0x7ffffffffffffd68
4541000: system.cpu: T0 : 0x10468    : c_addi16sp sp, 48          : IntAlu :  D=0x7ffffffffffffd70
4541500: system.cpu: T0 : 0x1046a    : c_jr ra                    : IntAlu : 
4542500: system.cpu: T0 : 0x105ce    : fsgnj_d fa4, fa0, fa0      : FloatMisc :  D=0x3ebab70e16bc049c
4543500: system.cpu: T0 : 0x105d2    : auipc a5, 61               : IntAlu :  D=0x000000000004d5d2
4544500: system.cpu: T0 : 0x105d6    : addi a5, a5, 1310          : IntAlu :  D=0x000000000004daf0
4545000: system.cpu: T0 : 0x105da    : c_fld fa5, 0(a5)           : FloatMemRead :  D=0x3ee4f8b588e368f1 A=0x4daf0
4545500: system.cpu: T0 : 0x105dc    : fle_d a5, fa5, fa4         : FloatCmp :  D=0x0000000000000000
4546000: system.cpu: T0 : 0x105e0    : c_bnez a5, -122            : IntAlu : 
4547000: system.cpu: T0 : 0x105e2    : fld fa5, -32(s0)           : FloatMemRead :  D=0x3fe6a09999bd5f88 A=0x7ffffffffffffd90
4548000: system.cpu: T0 : 0x105e6    : fsgnj_d fa0, fa5, fa5      : FloatMisc :  D=0x3fe6a09999bd5f88
4548500: system.cpu: T0 : 0x105ea    : c_ldsp ra, 56(sp)          : MemRead :  D=0x0000000000010618 A=0x7ffffffffffffda8
4549000: system.cpu: T0 : 0x105ec    : c_ldsp s0, 48(sp)          : MemRead :  D=0x7ffffffffffffdd0 A=0x7ffffffffffffda0
4549500: system.cpu: T0 : 0x105ee    : c_addi16sp sp, 64          : IntAlu :  D=0x7ffffffffffffdb0
4550000: system.cpu: T0 : 0x105f0    : c_jr ra                    : IntAlu : 
4550500: system.cpu: T0 : 0x10618    : fsgnj_d fa5, fa0, fa0      : FloatMisc :  D=0x3fe6a09999bd5f88
4551000: system.cpu: T0 : 0x1061c    : fsgnj_d fa0, fa5, fa5      : FloatMisc :  D=0x3fe6a09999bd5f88
4551500: system.cpu: T0 : 0x10620    : c_ldsp ra, 24(sp)          : MemRead :  D=0x0000000000010666 A=0x7ffffffffffffdc8
4552000: system.cpu: T0 : 0x10622    : c_ldsp s0, 16(sp)          : MemRead :  D=0x7ffffffffffffdf0 A=0x7ffffffffffffdc0
4552500: system.cpu: T0 : 0x10624    : c_addi16sp sp, 32          : IntAlu :  D=0x7ffffffffffffdd0
4553000: system.cpu: T0 : 0x10626    : c_jr ra                    : IntAlu : 
4554000: system.cpu: T0 : 0x10666    : fsgnj_d fa5, fa0, fa0      : FloatMisc :  D=0x3fe6a09999bd5f88
4555000: system.cpu: T0 : 0x1066a    : auipc a4, 96               : IntAlu :  D=0x000000000007066a
4556000: system.cpu: T0 : 0x1066e    : ld a4, 438(a4)             : MemRead :  D=0x00000000000719a0 A=0x70820
4557000: system.cpu: T0 : 0x10672    : lw a5, -32(s0)             : MemRead :  D=0x0000000000000007 A=0x7ffffffffffffdd0
4557500: system.cpu: T0 : 0x10676    : c_slli a5, 3               : IntAlu :  D=0x0000000000000038
4558000: system.cpu: T0 : 0x10678    : c_add a5, a4               : IntAlu :  D=0x00000000000719d8
4558500: system.cpu: T0 : 0x1067a    : c_fsd fa5, 0(a5)           : FloatMemWrite :  D=0x3fe6a09999bd5f88 A=0x719d8
4559000: system.cpu: T0 : 0x1067c    : lw a5, -32(s0)             : MemRead :  D=0x0000000000000007 A=0x7ffffffffffffdd0
4559500: system.cpu: T0 : 0x10680    : c_addiw a5, 1              : IntAlu :  D=0x0000000000000008
4560500: system.cpu: T0 : 0x10682    : sw a5, -32(s0)             : MemWrite :  D=0x0000000000000008 A=0x7ffffffffffffdd0
4561500: system.cpu: T0 : 0x10686    : lw a4, -32(s0)             : MemRead :  D=0x0000000000000008 A=0x7ffffffffffffdd0
4562500: system.cpu: T0 : 0x1068a    : lw a5, -28(s0)             : MemRead :  D=0x0000000000000008 A=0x7ffffffffffffdd4
4563000: system.cpu: T0 : 0x1068e    : c_addiw a4, 0              : IntAlu :  D=0x0000000000000008
4563500: system.cpu: T0 : 0x10690    : c_addiw a5, 0              : IntAlu :  D=0x0000000000000008
4564500: system.cpu: T0 : 0x10692    : blt a4, a5, -86            : IntAlu : 
4565500: system.cpu: T0 : 0x10696    : sw zero, -24(s0)           : MemWrite :  D=0x0000000000000000 A=0x7ffffffffffffdd8
4566500: system.cpu: T0 : 0x1069a    : lw a4, -24(s0)             : MemRead :  D=0x0000000000000000 A=0x7ffffffffffffdd8
4567500: system.cpu: T0 : 0x1069e    : lw a5, -28(s0)             : MemRead :  D=0x0000000000000008 A=0x7ffffffffffffdd4
4568000: system.cpu: T0 : 0x106a2    : c_mv a1, a4                : IntAlu :  D=0x0000000000000000
4568500: system.cpu: T0 : 0x106a4    : c_mv a0, a5                : IntAlu :  D=0x0000000000000008
4569500: system.cpu: T0 : 0x106a6    : jal ra, 50                 : IntAlu :  D=0x00000000000106aa
4570000: system.cpu: T0 : 0x106d8    : c_addi16sp sp, -176        : IntAlu :  D=0x7ffffffffffffd20
4570500: system.cpu: T0 : 0x106da    : c_sdsp ra, 168(sp)         : MemWrite :  D=0x00000000000106aa A=0x7ffffffffffffdc8
4571000: system.cpu: T0 : 0x106dc    : c_sdsp s0, 160(sp)         : MemWrite :  D=0x7ffffffffffffdf0 A=0x7ffffffffffffdc0
4571500: system.cpu: T0 : 0x106de    : c_fsdsp fs0, 152(sp)       : FloatMemWrite :  D=0x0000000000000000 A=0x7ffffffffffffdb8
4572000: system.cpu: T0 : 0x106e0    : c_addi4spn s0, sp, 176     : IntAlu :  D=0x7ffffffffffffdd0
4572500: system.cpu: T0 : 0x106e2    : c_mv a5, a0                : IntAlu :  D=0x0000000000000008
4573000: system.cpu: T0 : 0x106e4    : c_mv a4, a1                : IntAlu :  D=0x0000000000000000
4574000: system.cpu: T0 : 0x106e6    : sw a5, -164(s0)            : MemWrite :  D=0x0000000000000008 A=0x7ffffffffffffd2c
4574500: system.cpu: T0 : 0x106ea    : c_mv a5, a4                : IntAlu :  D=0x0000000000000000
4575000: system.cpu: T0 : 0x106ec    : sw a5, -168(s0)            : MemWrite :  D=0x0000000000000000 A=0x7ffffffffffffd28
4575500: system.cpu: T0 : 0x106f0    : lw a5, -164(s0)            : MemRead :  D=0x0000000000000008 A=0x7ffffffffffffd2c
4576000: system.cpu: T0 : 0x106f4    : addiw a4, a5, 0            : IntAlu :  D=0x0000000000000008
4576500: system.cpu: T0 : 0x106f8    : c_li a5, 1                 : IntAlu :  D=0x0000000000000001
4577500: system.cpu: T0 : 0x106fa    : blt a5, a4, 10             : IntAlu : 
4578000: system.cpu: T0 : 0x10704    : lw a5, -164(s0)            : MemRead :  D=0x0000000000000008 A=0x7ffffffffffffd2c
4578500: system.cpu: T0 : 0x10708    : fcvt_d_w fa5, a5           : FloatCvt :  D=0x4020000000000000
4579000: system.cpu: T0 : 0x1070c    : fsgnj_d fa0, fa5, fa5      : FloatMisc :  D=0x4020000000000000
4579500: system.cpu: T0 : 0x10710    : jal ra, -676               : IntAlu :  D=0x0000000000010714
4580000: system.cpu: T0 : 0x1046c    : c_addi sp, -32             : IntAlu :  D=0x7ffffffffffffd00
4580500: system.cpu: T0 : 0x1046e    : c_sdsp s0, 24(sp)          : MemWrite :  D=0x7ffffffffffffdd0 A=0x7ffffffffffffd18
4581000: system.cpu: T0 : 0x10470    : c_addi4spn s0, sp, 32      : IntAlu :  D=0x7ffffffffffffd20
4582000: system.cpu: T0 : 0x10472    : fsd fa0, -24(s0)           : FloatMemWrite :  D=0x4020000000000000 A=0x7ffffffffffffd08
4583000: system.cpu: T0 : 0x10476    : auipc a5, 61               : IntAlu :  D=0x000000000004d476
4584000: system.cpu: T0 : 0x1047a    : addi a5, a5, 1626          : IntAlu :  D=0x000000000004dad0
4584500: system.cpu: T0 : 0x1047e    : c_fld fa5, 0(a5)           : FloatMemRead :  D=0x4012000000000000 A=0x4dad0
4585000: system.cpu: T0 : 0x10480    : fsgnj_d fa0, fa5, fa5      : FloatMisc :  D=0x4012000000000000
4585500: system.cpu: T0 : 0x10484    : c_ldsp s0, 24(sp)          : MemRead :  D=0x7ffffffffffffdd0 A=0x7ffffffffffffd18
4586000: system.cpu: T0 : 0x10486    : c_addi16sp sp, 32          : IntAlu :  D=0x7ffffffffffffd20
4586500: system.cpu: T0 : 0x10488    : c_jr ra                    : IntAlu : 
4587000: system.cpu: T0 : 0x10714    : fsgnj_d fs0, fa0, fa0      : FloatMisc :  D=0x4012000000000000
4587500: system.cpu: T0 : 0x10718    : auipc a5, 61               : IntAlu :  D=0x000000000004d718
4588000: system.cpu: T0 : 0x1071c    : addi a5, a5, 1000          : IntAlu :  D=0x000000000004db00
4588500: system.cpu: T0 : 0x10720    : c_fld fa5, 0(a5)           : FloatMemRead :  D=0x4000000000000000 A=0x4db00
4589500: system.cpu: T0 : 0x10722    : fsgnj_d fa0, fa5, fa5      : FloatMisc :  D=0x4000000000000000
4590500: system.cpu: T0 : 0x10726    : jal ra, -698               : IntAlu :  D=0x000000000001072a
4591000: system.cpu: T0 : 0x1046c    : c_addi sp, -32             : IntAlu :  D=0x7ffffffffffffd00
4591500: system.cpu: T0 : 0x1046e    : c_sdsp s0, 24(sp)          : MemWrite :  D=0x7ffffffffffffdd0 A=0x7ffffffffffffd18
4592000: system.cpu: T0 : 0x10470    : c_addi4spn s0, sp, 32      : IntAlu :  D=0x7ffffffffffffd20
4593000: system.cpu: T0 : 0x10472    : fsd fa0, -24(s0)           : FloatMemWrite :  D=0x4000000000000000 A=0x7ffffffffffffd08
4594000: system.cpu: T0 : 0x10476    : auipc a5, 61               : IntAlu :  D=0x000000000004d476
4595000: system.cpu: T0 : 0x1047a    : addi a5, a5, 1626          : IntAlu :  D=0x000000000004dad0
4595500: system.cpu: T0 : 0x1047e    : c_fld fa5, 0(a5)           : FloatMemRead :  D=0x4012000000000000 A=0x4dad0
4596000: system.cpu: T0 : 0x10480    : fsgnj_d fa0, fa5, fa5      : FloatMisc :  D=0x4012000000000000
4596500: system.cpu: T0 : 0x10484    : c_ldsp s0, 24(sp)          : MemRead :  D=0x7ffffffffffffdd0 A=0x7ffffffffffffd18
4597000: system.cpu: T0 : 0x10486    : c_addi16sp sp, 32          : IntAlu :  D=0x7ffffffffffffd20
4597500: system.cpu: T0 : 0x10488    : c_jr ra                    : IntAlu : 
4598500: system.cpu: T0 : 0x1072a    : fsgnj_d fa5, fa0, fa0      : FloatMisc :  D=0x4012000000000000
4599500: system.cpu: T0 : 0x1072e    : fdiv_d fa5, fs0, fa5       : FloatDiv :  D=0x3ff0000000000000
4600500: system.cpu: T0 : 0x10732    : fcvt_w_d a5, fa5           : FloatCvt :  D=0x0000000000000001
4601500: system.cpu: T0 : 0x10736    : sw a5, -136(s0)            : MemWrite :  D=0x0000000000000001 A=0x7ffffffffffffd48
4602000: system.cpu: T0 : 0x1073a    : c_li a5, 1                 : IntAlu :  D=0x0000000000000001
4602500: system.cpu: T0 : 0x1073c    : sw a5, -152(s0)            : MemWrite :  D=0x0000000000000001 A=0x7ffffffffffffd38
4603000: system.cpu: T0 : 0x10740    : sw zero, -156(s0)          : MemWrite :  D=0x0000000000000000 A=0x7ffffffffffffd34
4603500: system.cpu: T0 : 0x10744    : c_j 24                     : IntAlu : 
4604000: system.cpu: T0 : 0x1075c    : lw a4, -156(s0)            : MemRead :  D=0x0000000000000000 A=0x7ffffffffffffd34
4604500: system.cpu: T0 : 0x10760    : lw a5, -136(s0)            : MemRead :  D=0x0000000000000001 A=0x7ffffffffffffd48
4605000: system.cpu: T0 : 0x10764    : c_addiw a4, 0              : IntAlu :  D=0x0000000000000000
4605500: system.cpu: T0 : 0x10766    : c_addiw a5, 0              : IntAlu :  D=0x0000000000000001
4606000: system.cpu: T0 : 0x10768    : blt a4, a5, -34            : IntAlu : 
4607000: system.cpu: T0 : 0x10746    : lw a5, -152(s0)            : MemRead :  D=0x0000000000000001 A=0x7ffffffffffffd38
4608000: system.cpu: T0 : 0x1074a    : slliw a5, a5, 1            : IntAlu :  D=0x0000000000000002
4609000: system.cpu: T0 : 0x1074e    : sw a5, -152(s0)            : MemWrite :  D=0x0000000000000002 A=0x7ffffffffffffd38
4610000: system.cpu: T0 : 0x10752    : lw a5, -156(s0)            : MemRead :  D=0x0000000000000000 A=0x7ffffffffffffd34
4610500: system.cpu: T0 : 0x10756    : c_addiw a5, 1              : IntAlu :  D=0x0000000000000001
4611000: system.cpu: T0 : 0x10758    : sw a5, -156(s0)            : MemWrite :  D=0x0000000000000001 A=0x7ffffffffffffd34
4611500: system.cpu: T0 : 0x1075c    : lw a4, -156(s0)            : MemRead :  D=0x0000000000000001 A=0x7ffffffffffffd34
4612000: system.cpu: T0 : 0x10760    : lw a5, -136(s0)            : MemRead :  D=0x0000000000000001 A=0x7ffffffffffffd48
4612500: system.cpu: T0 : 0x10764    : c_addiw a4, 0              : IntAlu :  D=0x0000000000000001
4613000: system.cpu: T0 : 0x10766    : c_addiw a5, 0              : IntAlu :  D=0x0000000000000001
4613500: system.cpu: T0 : 0x10768    : blt a4, a5, -34            : IntAlu : 
4614000: system.cpu: T0 : 0x1076c    : lw a4, -164(s0)            : MemRead :  D=0x0000000000000008 A=0x7ffffffffffffd2c
4614500: system.cpu: T0 : 0x10770    : lw a5, -152(s0)            : MemRead :  D=0x0000000000000002 A=0x7ffffffffffffd38
4615000: system.cpu: T0 : 0x10774    : subw a5, a4, a5            : IntAlu :  D=0x0000000000000006
4615500: system.cpu: T0 : 0x10778    : c_addiw a5, 0              : IntAlu :  D=0x0000000000000006
4616500: system.cpu: T0 : 0x1077a    : fcvt_d_w fa5, a5           : FloatCvt :  D=0x4018000000000000
4617500: system.cpu: T0 : 0x1077e    : fsgnj_d fa0, fa5, fa5      : FloatMisc :  D=0x4018000000000000
4618500: system.cpu: T0 : 0x10782    : jal ra, -850               : IntAlu :  D=0x0000000000010786
4619000: system.cpu: T0 : 0x10430    : c_addi16sp sp, -48         : IntAlu :  D=0x7ffffffffffffcf0
4619500: system.cpu: T0 : 0x10432    : c_sdsp s0, 40(sp)          : MemWrite :  D=0x7ffffffffffffdd0 A=0x7ffffffffffffd18
4620000: system.cpu: T0 : 0x10434    : c_addi4spn s0, sp, 48      : IntAlu :  D=0x7ffffffffffffd20
4621000: system.cpu: T0 : 0x10436    : fsd fa0, -40(s0)           : FloatMemWrite :  D=0x4018000000000000 A=0x7ffffffffffffcf8
4622000: system.cpu: T0 : 0x1043a    : fld fa5, -40(s0)           : FloatMemRead :  D=0x4018000000000000 A=0x7ffffffffffffcf8
4623000: system.cpu: T0 : 0x1043e    : fmv_d_x fa4, zero          : FloatCvt :  D=0x0000000000000000
4624000: system.cpu: T0 : 0x10442    : fle_d a5, fa4, fa5         : FloatCmp :  D=0x0000000000000001
4624500: system.cpu: T0 : 0x10446    : c_beqz a5, 12              : IntAlu : 
4625000: system.cpu: T0 : 0x10448    : fld fa5, -40(s0)           : FloatMemRead :  D=0x4018000000000000 A=0x7ffffffffffffcf8
4625500: system.cpu: T0 : 0x1044c    : fsd fa5, -24(s0)           : FloatMemWrite :  D=0x4018000000000000 A=0x7ffffffffffffd08
4626000: system.cpu: T0 : 0x10450    : c_j 14                     : IntAlu : 
4627000: system.cpu: T0 : 0x1045e    : fld fa5, -24(s0)           : FloatMemRead :  D=0x4018000000000000 A=0x7ffffffffffffd08
4628000: system.cpu: T0 : 0x10462    : fsgnj_d fa0, fa5, fa5      : FloatMisc :  D=0x4018000000000000
4628500: system.cpu: T0 : 0x10466    : c_ldsp s0, 40(sp)          : MemRead :  D=0x7ffffffffffffdd0 A=0x7ffffffffffffd18
4629000: system.cpu: T0 : 0x10468    : c_addi16sp sp, 48          : IntAlu :  D=0x7ffffffffffffd20
4629500: system.cpu: T0 : 0x1046a    : c_jr ra                    : IntAlu : 
4630500: system.cpu: T0 : 0x10786    : fsgnj_d fa4, fa0, fa0      : FloatMisc :  D=0x4018000000000000
4631500: system.cpu: T0 : 0x1078a    : auipc a5, 61               : IntAlu :  D=0x000000000004d78a
4632500: system.cpu: T0 : 0x1078e    : addi a5, a5, 894           : IntAlu :  D=0x000000000004db08
4633000: system.cpu: T0 : 0x10792    : c_fld fa5, 0(a5)           : FloatMemRead :  D=0x3eb0c6f7a0b5ed8d A=0x4db08
4633500: system.cpu: T0 : 0x10794    : flt_d a5, fa5, fa4         : FloatCmp :  D=0x0000000000000001
4634000: system.cpu: T0 : 0x10798    : c_beqz a5, 6               : IntAlu : 
4634500: system.cpu: T0 : 0x1079a    : c_li a5, 1                 : IntAlu :  D=0x0000000000000001
4635000: system.cpu: T0 : 0x1079c    : c_j 1038                   : IntAlu : 
4635500: system.cpu: T0 : 0x10baa    : c_mv a0, a5                : IntAlu :  D=0x0000000000000001
4636000: system.cpu: T0 : 0x10bac    : c_ldsp ra, 168(sp)         : MemRead :  D=0x00000000000106aa A=0x7ffffffffffffdc8
4636500: system.cpu: T0 : 0x10bae    : c_ldsp s0, 160(sp)         : MemRead :  D=0x7ffffffffffffdf0 A=0x7ffffffffffffdc0
4637000: system.cpu: T0 : 0x10bb0    : c_fldsp fs0, 152(sp)       : FloatMemRead :  D=0x0000000000000000 A=0x7ffffffffffffdb8
4637500: system.cpu: T0 : 0x10bb2    : c_addi16sp sp, 176         : IntAlu :  D=0x7ffffffffffffdd0
4638000: system.cpu: T0 : 0x10bb4    : c_jr ra                    : IntAlu : 
4638500: system.cpu: T0 : 0x106aa    : c_mv a5, a0                : IntAlu :  D=0x0000000000000001
4639000: system.cpu: T0 : 0x106ac    : sw a5, -20(s0)             : MemWrite :  D=0x0000000000000001 A=0x7ffffffffffffddc
4639500: system.cpu: T0 : 0x106b0    : c_li a5, 1                 : IntAlu :  D=0x0000000000000001
4640500: system.cpu: T0 : 0x106b2    : sw a5, -24(s0)             : MemWrite :  D=0x0000000000000001 A=0x7ffffffffffffdd8
4641500: system.cpu: T0 : 0x106b6    : lw a4, -24(s0)             : MemRead :  D=0x0000000000000001 A=0x7ffffffffffffdd8
4642500: system.cpu: T0 : 0x106ba    : lw a5, -28(s0)             : MemRead :  D=0x0000000000000008 A=0x7ffffffffffffdd4
4643000: system.cpu: T0 : 0x106be    : c_mv a1, a4                : IntAlu :  D=0x0000000000000001
4643500: system.cpu: T0 : 0x106c0    : c_mv a0, a5                : IntAlu :  D=0x0000000000000008
4644500: system.cpu: T0 : 0x106c2    : jal ra, 22                 : IntAlu :  D=0x00000000000106c6
4645000: system.cpu: T0 : 0x106d8    : c_addi16sp sp, -176        : IntAlu :  D=0x7ffffffffffffd20
4645500: system.cpu: T0 : 0x106da    : c_sdsp ra, 168(sp)         : MemWrite :  D=0x00000000000106c6 A=0x7ffffffffffffdc8
4646000: system.cpu: T0 : 0x106dc    : c_sdsp s0, 160(sp)         : MemWrite :  D=0x7ffffffffffffdf0 A=0x7ffffffffffffdc0
4646500: system.cpu: T0 : 0x106de    : c_fsdsp fs0, 152(sp)       : FloatMemWrite :  D=0x0000000000000000 A=0x7ffffffffffffdb8
4647000: system.cpu: T0 : 0x106e0    : c_addi4spn s0, sp, 176     : IntAlu :  D=0x7ffffffffffffdd0
4647500: system.cpu: T0 : 0x106e2    : c_mv a5, a0                : IntAlu :  D=0x0000000000000008
4648000: system.cpu: T0 : 0x106e4    : c_mv a4, a1                : IntAlu :  D=0x0000000000000001
4649000: system.cpu: T0 : 0x106e6    : sw a5, -164(s0)            : MemWrite :  D=0x0000000000000008 A=0x7ffffffffffffd2c
4649500: system.cpu: T0 : 0x106ea    : c_mv a5, a4                : IntAlu :  D=0x0000000000000001
4650000: system.cpu: T0 : 0x106ec    : sw a5, -168(s0)            : MemWrite :  D=0x0000000000000001 A=0x7ffffffffffffd28
4650500: system.cpu: T0 : 0x106f0    : lw a5, -164(s0)            : MemRead :  D=0x0000000000000008 A=0x7ffffffffffffd2c
4651000: system.cpu: T0 : 0x106f4    : addiw a4, a5, 0            : IntAlu :  D=0x0000000000000008
4651500: system.cpu: T0 : 0x106f8    : c_li a5, 1                 : IntAlu :  D=0x0000000000000001
4652500: system.cpu: T0 : 0x106fa    : blt a5, a4, 10             : IntAlu : 
4653000: system.cpu: T0 : 0x10704    : lw a5, -164(s0)            : MemRead :  D=0x0000000000000008 A=0x7ffffffffffffd2c
4653500: system.cpu: T0 : 0x10708    : fcvt_d_w fa5, a5           : FloatCvt :  D=0x4020000000000000
4654000: system.cpu: T0 : 0x1070c    : fsgnj_d fa0, fa5, fa5      : FloatMisc :  D=0x4020000000000000
4654500: system.cpu: T0 : 0x10710    : jal ra, -676               : IntAlu :  D=0x0000000000010714
4655000: system.cpu: T0 : 0x1046c    : c_addi sp, -32             : IntAlu :  D=0x7ffffffffffffd00
4655500: system.cpu: T0 : 0x1046e    : c_sdsp s0, 24(sp)          : MemWrite :  D=0x7ffffffffffffdd0 A=0x7ffffffffffffd18
4656000: system.cpu: T0 : 0x10470    : c_addi4spn s0, sp, 32      : IntAlu :  D=0x7ffffffffffffd20
4657000: system.cpu: T0 : 0x10472    : fsd fa0, -24(s0)           : FloatMemWrite :  D=0x4020000000000000 A=0x7ffffffffffffd08
4658000: system.cpu: T0 : 0x10476    : auipc a5, 61               : IntAlu :  D=0x000000000004d476
4659000: system.cpu: T0 : 0x1047a    : addi a5, a5, 1626          : IntAlu :  D=0x000000000004dad0
4659500: system.cpu: T0 : 0x1047e    : c_fld fa5, 0(a5)           : FloatMemRead :  D=0x4012000000000000 A=0x4dad0
4660000: system.cpu: T0 : 0x10480    : fsgnj_d fa0, fa5, fa5      : FloatMisc :  D=0x4012000000000000
4660500: system.cpu: T0 : 0x10484    : c_ldsp s0, 24(sp)          : MemRead :  D=0x7ffffffffffffdd0 A=0x7ffffffffffffd18
4661000: system.cpu: T0 : 0x10486    : c_addi16sp sp, 32          : IntAlu :  D=0x7ffffffffffffd20
4661500: system.cpu: T0 : 0x10488    : c_jr ra                    : IntAlu : 
4662000: system.cpu: T0 : 0x10714    : fsgnj_d fs0, fa0, fa0      : FloatMisc :  D=0x4012000000000000
4662500: system.cpu: T0 : 0x10718    : auipc a5, 61               : IntAlu :  D=0x000000000004d718
4663000: system.cpu: T0 : 0x1071c    : addi a5, a5, 1000          : IntAlu :  D=0x000000000004db00
4663500: system.cpu: T0 : 0x10720    : c_fld fa5, 0(a5)           : FloatMemRead :  D=0x4000000000000000 A=0x4db00
4664500: system.cpu: T0 : 0x10722    : fsgnj_d fa0, fa5, fa5      : FloatMisc :  D=0x4000000000000000
4665500: system.cpu: T0 : 0x10726    : jal ra, -698               : IntAlu :  D=0x000000000001072a
4666000: system.cpu: T0 : 0x1046c    : c_addi sp, -32             : IntAlu :  D=0x7ffffffffffffd00
4666500: system.cpu: T0 : 0x1046e    : c_sdsp s0, 24(sp)          : MemWrite :  D=0x7ffffffffffffdd0 A=0x7ffffffffffffd18
4667000: system.cpu: T0 : 0x10470    : c_addi4spn s0, sp, 32      : IntAlu :  D=0x7ffffffffffffd20
4668000: system.cpu: T0 : 0x10472    : fsd fa0, -24(s0)           : FloatMemWrite :  D=0x4000000000000000 A=0x7ffffffffffffd08
4669000: system.cpu: T0 : 0x10476    : auipc a5, 61               : IntAlu :  D=0x000000000004d476
4670000: system.cpu: T0 : 0x1047a    : addi a5, a5, 1626          : IntAlu :  D=0x000000000004dad0
4670500: system.cpu: T0 : 0x1047e    : c_fld fa5, 0(a5)           : FloatMemRead :  D=0x4012000000000000 A=0x4dad0
4671000: system.cpu: T0 : 0x10480    : fsgnj_d fa0, fa5, fa5      : FloatMisc :  D=0x4012000000000000
4671500: system.cpu: T0 : 0x10484    : c_ldsp s0, 24(sp)          : MemRead :  D=0x7ffffffffffffdd0 A=0x7ffffffffffffd18
4672000: system.cpu: T0 : 0x10486    : c_addi16sp sp, 32          : IntAlu :  D=0x7ffffffffffffd20
4672500: system.cpu: T0 : 0x10488    : c_jr ra                    : IntAlu : 
4673500: system.cpu: T0 : 0x1072a    : fsgnj_d fa5, fa0, fa0      : FloatMisc :  D=0x4012000000000000
4674500: system.cpu: T0 : 0x1072e    : fdiv_d fa5, fs0, fa5       : FloatDiv :  D=0x3ff0000000000000
4675500: system.cpu: T0 : 0x10732    : fcvt_w_d a5, fa5           : FloatCvt :  D=0x0000000000000001
4676500: system.cpu: T0 : 0x10736    : sw a5, -136(s0)            : MemWrite :  D=0x0000000000000001 A=0x7ffffffffffffd48
4677000: system.cpu: T0 : 0x1073a    : c_li a5, 1                 : IntAlu :  D=0x0000000000000001
4677500: system.cpu: T0 : 0x1073c    : sw a5, -152(s0)            : MemWrite :  D=0x0000000000000001 A=0x7ffffffffffffd38
4678000: system.cpu: T0 : 0x10740    : sw zero, -156(s0)          : MemWrite :  D=0x0000000000000000 A=0x7ffffffffffffd34
4678500: system.cpu: T0 : 0x10744    : c_j 24                     : IntAlu : 
4679000: system.cpu: T0 : 0x1075c    : lw a4, -156(s0)            : MemRead :  D=0x0000000000000000 A=0x7ffffffffffffd34
4679500: system.cpu: T0 : 0x10760    : lw a5, -136(s0)            : MemRead :  D=0x0000000000000001 A=0x7ffffffffffffd48
4680000: system.cpu: T0 : 0x10764    : c_addiw a4, 0              : IntAlu :  D=0x0000000000000000
4680500: system.cpu: T0 : 0x10766    : c_addiw a5, 0              : IntAlu :  D=0x0000000000000001
4681000: system.cpu: T0 : 0x10768    : blt a4, a5, -34            : IntAlu : 
4682000: system.cpu: T0 : 0x10746    : lw a5, -152(s0)            : MemRead :  D=0x0000000000000001 A=0x7ffffffffffffd38
4683000: system.cpu: T0 : 0x1074a    : slliw a5, a5, 1            : IntAlu :  D=0x0000000000000002
4684000: system.cpu: T0 : 0x1074e    : sw a5, -152(s0)            : MemWrite :  D=0x0000000000000002 A=0x7ffffffffffffd38
4685000: system.cpu: T0 : 0x10752    : lw a5, -156(s0)            : MemRead :  D=0x0000000000000000 A=0x7ffffffffffffd34
4685500: system.cpu: T0 : 0x10756    : c_addiw a5, 1              : IntAlu :  D=0x0000000000000001
4686000: system.cpu: T0 : 0x10758    : sw a5, -156(s0)            : MemWrite :  D=0x0000000000000001 A=0x7ffffffffffffd34
4686500: system.cpu: T0 : 0x1075c    : lw a4, -156(s0)            : MemRead :  D=0x0000000000000001 A=0x7ffffffffffffd34
4687000: system.cpu: T0 : 0x10760    : lw a5, -136(s0)            : MemRead :  D=0x0000000000000001 A=0x7ffffffffffffd48
4687500: system.cpu: T0 : 0x10764    : c_addiw a4, 0              : IntAlu :  D=0x0000000000000001
4688000: system.cpu: T0 : 0x10766    : c_addiw a5, 0              : IntAlu :  D=0x0000000000000001
4688500: system.cpu: T0 : 0x10768    : blt a4, a5, -34            : IntAlu : 
4689000: system.cpu: T0 : 0x1076c    : lw a4, -164(s0)            : MemRead :  D=0x0000000000000008 A=0x7ffffffffffffd2c
4689500: system.cpu: T0 : 0x10770    : lw a5, -152(s0)            : MemRead :  D=0x0000000000000002 A=0x7ffffffffffffd38
4690000: system.cpu: T0 : 0x10774    : subw a5, a4, a5            : IntAlu :  D=0x0000000000000006
4690500: system.cpu: T0 : 0x10778    : c_addiw a5, 0              : IntAlu :  D=0x0000000000000006
4691500: system.cpu: T0 : 0x1077a    : fcvt_d_w fa5, a5           : FloatCvt :  D=0x4018000000000000
4692500: system.cpu: T0 : 0x1077e    : fsgnj_d fa0, fa5, fa5      : FloatMisc :  D=0x4018000000000000
4693500: system.cpu: T0 : 0x10782    : jal ra, -850               : IntAlu :  D=0x0000000000010786
4694000: system.cpu: T0 : 0x10430    : c_addi16sp sp, -48         : IntAlu :  D=0x7ffffffffffffcf0
4694500: system.cpu: T0 : 0x10432    : c_sdsp s0, 40(sp)          : MemWrite :  D=0x7ffffffffffffdd0 A=0x7ffffffffffffd18
4695000: system.cpu: T0 : 0x10434    : c_addi4spn s0, sp, 48      : IntAlu :  D=0x7ffffffffffffd20
4696000: system.cpu: T0 : 0x10436    : fsd fa0, -40(s0)           : FloatMemWrite :  D=0x4018000000000000 A=0x7ffffffffffffcf8
4697000: system.cpu: T0 : 0x1043a    : fld fa5, -40(s0)           : FloatMemRead :  D=0x4018000000000000 A=0x7ffffffffffffcf8
4698000: system.cpu: T0 : 0x1043e    : fmv_d_x fa4, zero          : FloatCvt :  D=0x0000000000000000
4699000: system.cpu: T0 : 0x10442    : fle_d a5, fa4, fa5         : FloatCmp :  D=0x0000000000000001
4699500: system.cpu: T0 : 0x10446    : c_beqz a5, 12              : IntAlu : 
4700000: system.cpu: T0 : 0x10448    : fld fa5, -40(s0)           : FloatMemRead :  D=0x4018000000000000 A=0x7ffffffffffffcf8
4700500: system.cpu: T0 : 0x1044c    : fsd fa5, -24(s0)           : FloatMemWrite :  D=0x4018000000000000 A=0x7ffffffffffffd08
4701000: system.cpu: T0 : 0x10450    : c_j 14                     : IntAlu : 
4702000: system.cpu: T0 : 0x1045e    : fld fa5, -24(s0)           : FloatMemRead :  D=0x4018000000000000 A=0x7ffffffffffffd08
4703000: system.cpu: T0 : 0x10462    : fsgnj_d fa0, fa5, fa5      : FloatMisc :  D=0x4018000000000000
4703500: system.cpu: T0 : 0x10466    : c_ldsp s0, 40(sp)          : MemRead :  D=0x7ffffffffffffdd0 A=0x7ffffffffffffd18
4704000: system.cpu: T0 : 0x10468    : c_addi16sp sp, 48          : IntAlu :  D=0x7ffffffffffffd20
4704500: system.cpu: T0 : 0x1046a    : c_jr ra                    : IntAlu : 
4705500: system.cpu: T0 : 0x10786    : fsgnj_d fa4, fa0, fa0      : FloatMisc :  D=0x4018000000000000
4706500: system.cpu: T0 : 0x1078a    : auipc a5, 61               : IntAlu :  D=0x000000000004d78a
4707500: system.cpu: T0 : 0x1078e    : addi a5, a5, 894           : IntAlu :  D=0x000000000004db08
4708000: system.cpu: T0 : 0x10792    : c_fld fa5, 0(a5)           : FloatMemRead :  D=0x3eb0c6f7a0b5ed8d A=0x4db08
4708500: system.cpu: T0 : 0x10794    : flt_d a5, fa5, fa4         : FloatCmp :  D=0x0000000000000001
4709000: system.cpu: T0 : 0x10798    : c_beqz a5, 6               : IntAlu : 
4709500: system.cpu: T0 : 0x1079a    : c_li a5, 1                 : IntAlu :  D=0x0000000000000001
4710000: system.cpu: T0 : 0x1079c    : c_j 1038                   : IntAlu : 
4710500: system.cpu: T0 : 0x10baa    : c_mv a0, a5                : IntAlu :  D=0x0000000000000001
4711000: system.cpu: T0 : 0x10bac    : c_ldsp ra, 168(sp)         : MemRead :  D=0x00000000000106c6 A=0x7ffffffffffffdc8
4711500: system.cpu: T0 : 0x10bae    : c_ldsp s0, 160(sp)         : MemRead :  D=0x7ffffffffffffdf0 A=0x7ffffffffffffdc0
4712000: system.cpu: T0 : 0x10bb0    : c_fldsp fs0, 152(sp)       : FloatMemRead :  D=0x0000000000000000 A=0x7ffffffffffffdb8
4712500: system.cpu: T0 : 0x10bb2    : c_addi16sp sp, 176         : IntAlu :  D=0x7ffffffffffffdd0
4713000: system.cpu: T0 : 0x10bb4    : c_jr ra                    : IntAlu : 
4713500: system.cpu: T0 : 0x106c6    : c_mv a5, a0                : IntAlu :  D=0x0000000000000001
4714000: system.cpu: T0 : 0x106c8    : sw a5, -20(s0)             : MemWrite :  D=0x0000000000000001 A=0x7ffffffffffffddc
4714500: system.cpu: T0 : 0x106cc    : c_li a5, 0                 : IntAlu :  D=0x0000000000000000
4715000: system.cpu: T0 : 0x106ce    : c_mv a0, a5                : IntAlu :  D=0x0000000000000000
4715500: system.cpu: T0 : 0x106d0    : c_ldsp ra, 24(sp)          : MemRead :  D=0x0000000000010d48 A=0x7ffffffffffffde8
4716000: system.cpu: T0 : 0x106d2    : c_ldsp s0, 16(sp)          : MemRead :  D=0x0000000000011082 A=0x7ffffffffffffde0
4716500: system.cpu: T0 : 0x106d4    : c_addi16sp sp, 32          : IntAlu :  D=0x7ffffffffffffdf0
4717000: system.cpu: T0 : 0x106d6    : c_jr ra                    : IntAlu : 
4717500: system.cpu: T0 : 0x10d48    : jal ra, 17144              : IntAlu :  D=0x0000000000010d4c
4718000: system.cpu: T0 : 0x15040    : c_addi sp, -16             : IntAlu :  D=0x7ffffffffffffde0
4718500: system.cpu: T0 : 0x15042    : c_li a3, 1                 : IntAlu :  D=0x0000000000000001
4719000: system.cpu: T0 : 0x15044    : c_li a2, 1                 : IntAlu :  D=0x0000000000000001
4720000: system.cpu: T0 : 0x15046    : addi a1, gp, -1936         : IntAlu :  D=0x00000000000708a0
4720500: system.cpu: T0 : 0x1504a    : c_sdsp ra, 8(sp)           : MemWrite :  D=0x0000000000010d4c A=0x7ffffffffffffde8
4721000: system.cpu: T0 : 0x1504c    : jal ra, -468               : IntAlu :  D=0x0000000000015050
4721500: system.cpu: T0 : 0x14e78    : c_addi16sp sp, -128        : IntAlu :  D=0x7ffffffffffffd60
4722000: system.cpu: T0 : 0x14e7a    : c_sdsp s6, 64(sp)          : MemWrite :  D=0x0000000000000000 A=0x7ffffffffffffda0
4722500: system.cpu: T0 : 0x14e7c    : c_sdsp s7, 56(sp)          : MemWrite :  D=0x0000000000000000 A=0x7ffffffffffffd98
4723000: system.cpu: T0 : 0x14e7e    : c_sdsp ra, 120(sp)         : MemWrite :  D=0x0000000000015050 A=0x7ffffffffffffdd8
4723500: system.cpu: T0 : 0x14e80    : c_sdsp s0, 112(sp)         : MemWrite :  D=0x0000000000011082 A=0x7ffffffffffffdd0
4724000: system.cpu: T0 : 0x14e82    : c_sdsp s1, 104(sp)         : MemWrite :  D=0x0000000000011112 A=0x7ffffffffffffdc8
4724500: system.cpu: T0 : 0x14e84    : c_sdsp s2, 96(sp)          : MemWrite :  D=0x0000000000000000 A=0x7ffffffffffffdc0
4725000: system.cpu: T0 : 0x14e86    : c_sdsp s3, 88(sp)          : MemWrite :  D=0x0000000000000000 A=0x7ffffffffffffdb8
4725500: system.cpu: T0 : 0x14e88    : c_sdsp s4, 80(sp)          : MemWrite :  D=0x0000000000000000 A=0x7ffffffffffffdb0
4726000: system.cpu: T0 : 0x14e8a    : c_sdsp s5, 72(sp)          : MemWrite :  D=0x0000000000000000 A=0x7ffffffffffffda8
4726500: system.cpu: T0 : 0x14e8c    : c_sdsp s8, 48(sp)          : MemWrite :  D=0x0000000000000000 A=0x7ffffffffffffd90
4727000: system.cpu: T0 : 0x14e8e    : c_sdsp s9, 40(sp)          : MemWrite :  D=0x0000000000000000 A=0x7ffffffffffffd88
4727500: system.cpu: T0 : 0x14e90    : c_sdsp s10, 32(sp)         : MemWrite :  D=0x0000000000000000 A=0x7ffffffffffffd80
4728000: system.cpu: T0 : 0x14e92    : c_sdsp s11, 24(sp)         : MemWrite :  D=0x0000000000000000 A=0x7ffffffffffffd78
4728500: system.cpu: T0 : 0x14e94    : addi a5, zero, 0           : IntAlu :  D=0x0000000000000000
4729000: system.cpu: T0 : 0x14e98    : c_sdsp a2, 8(sp)           : MemWrite :  D=0x0000000000000001 A=0x7ffffffffffffd68
4729500: system.cpu: T0 : 0x14e9a    : c_mv s6, a0                : IntAlu :  D=0x0000000000000000
4730000: system.cpu: T0 : 0x14e9c    : c_mv s7, a1                : IntAlu :  D=0x00000000000708a0
4730500: system.cpu: T0 : 0x14e9e    : c_beqz a5, 6               : IntAlu : 
4731000: system.cpu: T0 : 0x14ea4    : lui s9, 114                : IntAlu :  D=0x0000000000072000
4731500: system.cpu: T0 : 0x14ea8    : lui s11, 114               : IntAlu :  D=0x0000000000072000
4732000: system.cpu: T0 : 0x14eac    : c_li s4, 0                 : IntAlu :  D=0x0000000000000000
4732500: system.cpu: T0 : 0x14eae    : c_li s3, 1                 : IntAlu :  D=0x0000000000000001
4733000: system.cpu: T0 : 0x14eb0    : c_li a4, 1                 : IntAlu :  D=0x0000000000000001
4734000: system.cpu: T0 : 0x14eb2    : addi a3, s9, -472          : IntAlu :  D=0x0000000000071e28
4735000: system.cpu: T0 : 0x14eb6    : lr_w a5, (a3)             
4735000: system.cpu: T0 : 0x14eb6. 0 : lr_w a5, (a3)              : MemRead :  D=0x0000000000000000 A=0x71e28
4735500: system.cpu: T0 : 0x14eba    : c_bnez a5, 8               : IntAlu : 
4736000: system.cpu: T0 : 0x14ebc    : sc_w_aq a2, a4, (a3)      
4736000: system.cpu: T0 : 0x14ebc. 0 : sc_w a2, a4, (a3)          : MemWrite :  D=0x0000000000000000 A=0x71e28
4736500: system.cpu: T0 : 0x14ebc. 1 : 0x1ce6a62f fence           : No_OpClass : 
4737000: system.cpu: T0 : 0x14ec0    : c_bnez a2, -10             : IntAlu : 
4737500: system.cpu: T0 : 0x14ec2    : c_addiw a5, 0              : IntAlu :  D=0x0000000000000000
4738000: system.cpu: T0 : 0x14ec4    : bne a5, zero, 338          : IntAlu : 
4738500: system.cpu: T0 : 0x14ec8    : ld s10, 0(s7)              : MemRead :  D=0x0000000000071188 A=0x708a0
4739000: system.cpu: T0 : 0x14ecc    : beq s10, zero, 152         : IntAlu : 
4739500: system.cpu: T0 : 0x14ed0    : c_li s5, 3                 : IntAlu :  D=0x0000000000000003
4740000: system.cpu: T0 : 0x14ed2    : c_li s2, 4                 : IntAlu :  D=0x0000000000000004
4740500: system.cpu: T0 : 0x14ed4    : c_li s1, 2                 : IntAlu :  D=0x0000000000000002
4741000: system.cpu: T0 : 0x14ed6    : c_li s0, 1                 : IntAlu :  D=0x0000000000000001
4741500: system.cpu: T0 : 0x14ed8    : c_j 34                     : IntAlu : 
4742500: system.cpu: T0 : 0x14efa    : ld a5, 8(s10)              : MemRead :  D=0x0000000000000001 A=0x71190
4743000: system.cpu: T0 : 0x14efe    : c_beqz a5, 222             : IntAlu : 
4743500: system.cpu: T0 : 0x14f00    : ld s8, -464(s11)           : MemRead :  D=0x0000000000000001 A=0x71e30
4744000: system.cpu: T0 : 0x14f04    : c_addi a5, -1              : IntAlu :  D=0x0000000000000000
4745000: system.cpu: T0 : 0x14f06    : sd a5, 8(s10)              : MemWrite :  D=0x0000000000000000 A=0x71190
4745500: system.cpu: T0 : 0x14f0a    : c_mv a4, s4                : IntAlu :  D=0x0000000000000000
4746000: system.cpu: T0 : 0x14f0c    : addi a3, s9, -472          : IntAlu :  D=0x0000000000071e28
4746500: system.cpu: T0 : 0x14f10    : fence iorw, ow             : No_OpClass : 
4747000: system.cpu: T0 : 0x14f14    : amoswap_w a4, a4, (a3)    
4747000: system.cpu: T0 : 0x14f14. 0 : amoswap_w[l] a4, a4, (a3)  : MemRead :  D=0x0000000000000001 A=0x71e28
4747500: system.cpu: T0 : 0x14f18    : c_addiw a4, 0              : IntAlu :  D=0x0000000000000001
4748500: system.cpu: T0 : 0x14f1a    : blt s3, a4, 172            : IntAlu : 
4749000: system.cpu: T0 : 0x14f1e    : c_slli a5, 5               : IntAlu :  D=0x0000000000000000
4749500: system.cpu: T0 : 0x14f20    : c_add a5, s10              : IntAlu :  D=0x0000000000071188
4750000: system.cpu: T0 : 0x14f22    : c_ld a4, 16(a5)            : MemRead :  D=0x0000000000000004 A=0x71198
4750500: system.cpu: T0 : 0x14f24    : beq a4, s5, 146            : IntAlu : 
4751000: system.cpu: T0 : 0x14f28    : bne a4, s2, -78            : IntAlu : 
4751500: system.cpu: T0 : 0x14f2c    : c_ld a4, 24(a5)            : MemRead :  D=0x0000000000011112 A=0x711a0
4752000: system.cpu: T0 : 0x14f2e    : c_ld a0, 32(a5)            : MemRead :  D=0x0000000000000000 A=0x711a8
4752500: system.cpu: T0 : 0x14f30    : sd zero, 16(a5)            : MemWrite :  D=0x0000000000000000 A=0x71198
4753000: system.cpu: T0 : 0x14f34    : c_mv a1, s6                : IntAlu :  D=0x0000000000000000
4753500: system.cpu: T0 : 0x14f36    : c_jalr a4                  : IntAlu :  D=0x0000000000014f38
4754000: system.cpu: T0 : 0x11112    : c_addi sp, -32             : IntAlu :  D=0x7ffffffffffffd40
4754500: system.cpu: T0 : 0x11114    : c_sdsp s0, 16(sp)          : MemWrite :  D=0x0000000000000001 A=0x7ffffffffffffd50
4755500: system.cpu: T0 : 0x11116    : lui a5, 111                : IntAlu :  D=0x000000000006f000
4756500: system.cpu: T0 : 0x1111a    : lui s0, 111                : IntAlu :  D=0x000000000006f000
4757500: system.cpu: T0 : 0x1111e    : addi s0, s0, -1280         : IntAlu :  D=0x000000000006eb00
4758500: system.cpu: T0 : 0x11122    : addi a5, a5, -1264         : IntAlu :  D=0x000000000006eb10
4759000: system.cpu: T0 : 0x11126    : c_sub a5, s0               : IntAlu :  D=0x0000000000000010
4759500: system.cpu: T0 : 0x11128    : c_sdsp ra, 24(sp)          : MemWrite :  D=0x0000000000014f38 A=0x7ffffffffffffd58
4760000: system.cpu: T0 : 0x1112a    : c_sdsp s1, 8(sp)           : MemWrite :  D=0x0000000000000002 A=0x7ffffffffffffd48
4760500: system.cpu: T0 : 0x1112c    : c_sdsp s2, 0(sp)           : MemWrite :  D=0x0000000000000004 A=0x7ffffffffffffd40
4761500: system.cpu: T0 : 0x1112e    : srai a4, a5, 3             : IntAlu :  D=0x0000000000000002
4762000: system.cpu: T0 : 0x11132    : c_beqz a4, 24              : IntAlu : 
4762500: system.cpu: T0 : 0x11134    : c_addi a5, -8              : IntAlu :  D=0x0000000000000008
4763500: system.cpu: T0 : 0x11136    : addi s1, a4, -1            : IntAlu :  D=0x0000000000000001
4764000: system.cpu: T0 : 0x1113a    : c_add s0, a5               : IntAlu :  D=0x000000000006eb08
4764500: system.cpu: T0 : 0x1113c    : c_li s2, -1                : IntAlu :  D=0xffffffffffffffff
4765000: system.cpu: T0 : 0x1113e    : c_ld a5, 0(s0)             : MemRead :  D=0x0000000000010340 A=0x6eb08
4765500: system.cpu: T0 : 0x11140    : c_addi s1, -1              : IntAlu :  D=0x0000000000000000
4766000: system.cpu: T0 : 0x11142    : c_addi s0, -8              : IntAlu :  D=0x000000000006eb00
4766500: system.cpu: T0 : 0x11144    : c_jalr a5                  : IntAlu :  D=0x0000000000011146
4767000: system.cpu: T0 : 0x10340    : addi a0, gp, 1680          : IntAlu :  D=0x00000000000716c0
4767500: system.cpu: T0 : 0x10344    : jal zero, 210790           : IntAlu :  D=0x0000000000010348
4768000: system.cpu: T0 : 0x43aaa    : c_addi sp, -32             : IntAlu :  D=0x7ffffffffffffd20
4768500: system.cpu: T0 : 0x43aac    : c_sdsp s1, 8(sp)           : MemWrite :  D=0x0000000000000000 A=0x7ffffffffffffd28
4769000: system.cpu: T0 : 0x43aae    : c_ld s1, 0(a0)             : MemRead :  D=0x0000000000000000 A=0x716c0
4769500: system.cpu: T0 : 0x43ab0    : c_sdsp ra, 24(sp)          : MemWrite :  D=0x0000000000011146 A=0x7ffffffffffffd38
4770000: system.cpu: T0 : 0x43ab2    : c_sdsp s0, 16(sp)          : MemWrite :  D=0x000000000006eb00 A=0x7ffffffffffffd30
4770500: system.cpu: T0 : 0x43ab4    : c_beqz s1, 20              : IntAlu : 
4771000: system.cpu: T0 : 0x43ac8    : c_ldsp ra, 24(sp)          : MemRead :  D=0x0000000000011146 A=0x7ffffffffffffd38
4771500: system.cpu: T0 : 0x43aca    : c_ldsp s0, 16(sp)          : MemRead :  D=0x000000000006eb00 A=0x7ffffffffffffd30
4772000: system.cpu: T0 : 0x43acc    : c_ldsp s1, 8(sp)           : MemRead :  D=0x0000000000000000 A=0x7ffffffffffffd28
4772500: system.cpu: T0 : 0x43ace    : c_addi16sp sp, 32          : IntAlu :  D=0x7ffffffffffffd40
4773000: system.cpu: T0 : 0x43ad0    : c_jr ra                    : IntAlu : 
4774000: system.cpu: T0 : 0x11146    : bne s1, s2, -8             : IntAlu : 
4774500: system.cpu: T0 : 0x1113e    : c_ld a5, 0(s0)             : MemRead :  D=0x00000000000103d6 A=0x6eb00
4775000: system.cpu: T0 : 0x11140    : c_addi s1, -1              : IntAlu :  D=0xffffffffffffffff
4775500: system.cpu: T0 : 0x11142    : c_addi s0, -8              : IntAlu :  D=0x000000000006eaf8
4776000: system.cpu: T0 : 0x11144    : c_jalr a5                  : IntAlu :  D=0x0000000000011146
4776500: system.cpu: T0 : 0x103d6    : c_addi sp, -16             : IntAlu :  D=0x7ffffffffffffd30
4777000: system.cpu: T0 : 0x103d8    : c_sdsp s0, 0(sp)           : MemWrite :  D=0x000000000006eaf8 A=0x7ffffffffffffd30
4778000: system.cpu: T0 : 0x103da    : lbu a5, -1016(gp)          : MemRead :  D=0x0000000000000000 A=0x70c38
4778500: system.cpu: T0 : 0x103de    : c_sdsp ra, 8(sp)           : MemWrite :  D=0x0000000000011146 A=0x7ffffffffffffd38
4779000: system.cpu: T0 : 0x103e0    : c_bnez a5, 34              : IntAlu : 
4780000: system.cpu: T0 : 0x103e2    : jal ra, -96                : IntAlu :  D=0x00000000000103e6
4781000: system.cpu: T0 : 0x10382    : lui a0, 112                : IntAlu :  D=0x0000000000070000
4782000: system.cpu: T0 : 0x10386    : lui a4, 112                : IntAlu :  D=0x0000000000070000
4783000: system.cpu: T0 : 0x1038a    : addi a5, a0, 2032          : IntAlu :  D=0x00000000000707f0
4784000: system.cpu: T0 : 0x1038e    : addi a4, a4, 2032          : IntAlu :  D=0x00000000000707f0
4785000: system.cpu: T0 : 0x10392    : beq a4, a5, 18             : IntAlu : 
4785500: system.cpu: T0 : 0x103a4    : c_jr ra                    : IntAlu : 
4786500: system.cpu: T0 : 0x103e6    : lui a5, 77                 : IntAlu :  D=0x000000000004d000
4787500: system.cpu: T0 : 0x103ea    : addi a5, a5, -748          : IntAlu :  D=0x000000000004cd14
4788000: system.cpu: T0 : 0x103ee    : c_beqz a5, 14              : IntAlu : 
4788500: system.cpu: T0 : 0x103f0    : lui a0, 107                : IntAlu :  D=0x000000000006b000
4789000: system.cpu: T0 : 0x103f4    : addi a0, a0, -1856         : IntAlu :  D=0x000000000006a8c0
4789500: system.cpu: T0 : 0x103f8    : jal ra, 248092             : IntAlu :  D=0x00000000000103fc
4790000: system.cpu: T0 : 0x4cd14    : c_j -222                   : IntAlu : 
4790500: system.cpu: T0 : 0x4cc36    : c_addi sp, -32             : IntAlu :  D=0x7ffffffffffffd10
4791000: system.cpu: T0 : 0x4cc38    : c_sdsp ra, 24(sp)          : MemWrite :  D=0x00000000000103fc A=0x7ffffffffffffd28
4791500: system.cpu: T0 : 0x4cc3a    : c_sdsp s0, 16(sp)          : MemWrite :  D=0x000000000006eaf8 A=0x7ffffffffffffd20
4792000: system.cpu: T0 : 0x4cc3c    : c_sdsp s1, 8(sp)           : MemWrite :  D=0xffffffffffffffff A=0x7ffffffffffffd18
4792500: system.cpu: T0 : 0x4cc3e    : c_sdsp s2, 0(sp)           : MemWrite :  D=0xffffffffffffffff A=0x7ffffffffffffd10
4793000: system.cpu: T0 : 0x4cc40    : c_beqz a0, 160             : IntAlu : 
4793500: system.cpu: T0 : 0x4cc42    : c_lw a5, 0(a0)             : MemRead :  D=0x000000000000001c A=0x6a8c0
4794000: system.cpu: T0 : 0x4cc44    : c_mv s1, a0                : IntAlu :  D=0x000000000006a8c0
4794500: system.cpu: T0 : 0x4cc46    : c_beqz a5, 154             : IntAlu : 
4795000: system.cpu: T0 : 0x4cc48    : auipc s2, 36               : IntAlu :  D=0x0000000000070c48
4795500: system.cpu: T0 : 0x4cc4c    : ld s2, -1088(s2)           : MemRead :  D=0x0000000000000000 A=0x70808
4796000: system.cpu: T0 : 0x4cc50    : beq s2, zero, 22           : IntAlu : 
4797000: system.cpu: T0 : 0x4cc66    : addi a2, gp, 1944          : IntAlu :  D=0x00000000000717c8
4798000: system.cpu: T0 : 0x4cc6a    : ld a5, 448(a2)             : MemRead :  D=0x0000000000070c40 A=0x71988
4798500: system.cpu: T0 : 0x4cc6e    : c_beqz a5, 66              : IntAlu : 
4799000: system.cpu: T0 : 0x4cc70    : auipc a3, 37               : IntAlu :  D=0x0000000000071c70
4799500: system.cpu: T0 : 0x4cc74    : addi a3, a3, -744          : IntAlu :  D=0x0000000000071988
4800000: system.cpu: T0 : 0x4cc78    : c_j 8                      : IntAlu : 
4800500: system.cpu: T0 : 0x4cc80    : c_ld a4, 24(a5)            : MemRead :  D=0x000000000006a8c0 A=0x70c58
4801000: system.cpu: T0 : 0x4cc82    : c_mv s0, a5                : IntAlu :  D=0x0000000000070c40
4801500: system.cpu: T0 : 0x4cc84    : c_ld a5, 40(a5)            : MemRead :  D=0x0000000000000000 A=0x70c68
4802500: system.cpu: T0 : 0x4cc86    : bne s1, a4, -12            : IntAlu : 
4803000: system.cpu: T0 : 0x4cc8a    : c_sd a5, 0(a3)             : MemWrite :  D=0x0000000000000000 A=0x71988
4803500: system.cpu: T0 : 0x4cc8c    : beq s2, zero, 22           : IntAlu : 
4804000: system.cpu: T0 : 0x4cca2    : c_ldsp ra, 24(sp)          : MemRead :  D=0x00000000000103fc A=0x7ffffffffffffd28
4804500: system.cpu: T0 : 0x4cca4    : c_mv a0, s0                : IntAlu :  D=0x0000000000070c40
4805000: system.cpu: T0 : 0x4cca6    : c_ldsp s0, 16(sp)          : MemRead :  D=0x000000000006eaf8 A=0x7ffffffffffffd20
4805500: system.cpu: T0 : 0x4cca8    : c_ldsp s1, 8(sp)           : MemRead :  D=0xffffffffffffffff A=0x7ffffffffffffd18
4806000: system.cpu: T0 : 0x4ccaa    : c_ldsp s2, 0(sp)           : MemRead :  D=0xffffffffffffffff A=0x7ffffffffffffd10
4806500: system.cpu: T0 : 0x4ccac    : c_addi16sp sp, 32          : IntAlu :  D=0x7ffffffffffffd30
4807000: system.cpu: T0 : 0x4ccae    : c_jr ra                    : IntAlu : 
4807500: system.cpu: T0 : 0x103fc    : c_li a5, 1                 : IntAlu :  D=0x0000000000000001
4808500: system.cpu: T0 : 0x103fe    : sb a5, -1016(gp)           : MemWrite :  D=0x0000000000000001 A=0x70c38
4809000: system.cpu: T0 : 0x10402    : c_ldsp ra, 8(sp)           : MemRead :  D=0x0000000000011146 A=0x7ffffffffffffd38
4809500: system.cpu: T0 : 0x10404    : c_ldsp s0, 0(sp)           : MemRead :  D=0x000000000006eaf8 A=0x7ffffffffffffd30
4810000: system.cpu: T0 : 0x10406    : c_addi sp, 16              : IntAlu :  D=0x7ffffffffffffd40
4810500: system.cpu: T0 : 0x10408    : c_jr ra                    : IntAlu : 
4811500: system.cpu: T0 : 0x11146    : bne s1, s2, -8             : IntAlu : 
4812000: system.cpu: T0 : 0x1114a    : c_ldsp ra, 24(sp)          : MemRead :  D=0x0000000000014f38 A=0x7ffffffffffffd58
4812500: system.cpu: T0 : 0x1114c    : c_ldsp s0, 16(sp)          : MemRead :  D=0x0000000000000001 A=0x7ffffffffffffd50
4813000: system.cpu: T0 : 0x1114e    : c_ldsp s1, 8(sp)           : MemRead :  D=0x0000000000000002 A=0x7ffffffffffffd48
4813500: system.cpu: T0 : 0x11150    : c_ldsp s2, 0(sp)           : MemRead :  D=0x0000000000000004 A=0x7ffffffffffffd40
4814000: system.cpu: T0 : 0x11152    : c_addi16sp sp, 32          : IntAlu :  D=0x7ffffffffffffd60
4814500: system.cpu: T0 : 0x11154    : c_jr ra                    : IntAlu : 
4815000: system.cpu: T0 : 0x14f38    : addi a4, s9, -472          : IntAlu :  D=0x0000000000071e28
4815500: system.cpu: T0 : 0x14f3c    : lr_w a5, (a4)             
4815500: system.cpu: T0 : 0x14f3c. 0 : lr_w a5, (a4)              : MemRead :  D=0x0000000000000000 A=0x71e28
4816000: system.cpu: T0 : 0x14f40    : c_bnez a5, 8               : IntAlu : 
4817000: system.cpu: T0 : 0x14f42    : sc_w_aq a3, s0, (a4)      
4817000: system.cpu: T0 : 0x14f42. 0 : sc_w a3, s0, (a4)          : MemWrite :  D=0x0000000000000000 A=0x71e28
4817500: system.cpu: T0 : 0x14f42. 1 : 0x1c8726af fence           : No_OpClass : 
4818000: system.cpu: T0 : 0x14f46    : c_bnez a3, -10             : IntAlu : 
4818500: system.cpu: T0 : 0x14f48    : c_addiw a5, 0              : IntAlu :  D=0x0000000000000000
4819000: system.cpu: T0 : 0x14f4a    : c_beqz a5, -88             : IntAlu : 
4820000: system.cpu: T0 : 0x14ef2    : ld a5, -464(s11)           : MemRead :  D=0x0000000000000001 A=0x71e30
4821000: system.cpu: T0 : 0x14ef6    : bne a5, s8, 102            : IntAlu : 
4822000: system.cpu: T0 : 0x14efa    : ld a5, 8(s10)              : MemRead :  D=0x0000000000000000 A=0x71190
4822500: system.cpu: T0 : 0x14efe    : c_beqz a5, 222             : IntAlu : 
4823000: system.cpu: T0 : 0x14fdc    : ld a5, 0(s10)              : MemRead :  D=0x0000000000000000 A=0x71188
4823500: system.cpu: T0 : 0x14fe0    : sd a5, 0(s7)               : MemWrite :  D=0x0000000000000000 A=0x708a0
4824000: system.cpu: T0 : 0x14fe4    : c_beqz a5, 8               : IntAlu : 
4824500: system.cpu: T0 : 0x14fec    : c_mv a5, s4                : IntAlu :  D=0x0000000000000000
4825500: system.cpu: T0 : 0x14fee    : addi a4, s9, -472          : IntAlu :  D=0x0000000000071e28
4826500: system.cpu: T0 : 0x14ff2    : fence iorw, ow             : No_OpClass : 
4827500: system.cpu: T0 : 0x14ff6    : amoswap_w a5, a5, (a4)    
4827500: system.cpu: T0 : 0x14ff6. 0 : amoswap_w[l] a5, a5, (a4)  : MemRead :  D=0x0000000000000001 A=0x71e28
4828000: system.cpu: T0 : 0x14ffa    : c_addiw a5, 0              : IntAlu :  D=0x0000000000000001
4828500: system.cpu: T0 : 0x14ffc    : bge s3, a5, -332           : IntAlu : 
4829000: system.cpu: T0 : 0x14eb0    : c_li a4, 1                 : IntAlu :  D=0x0000000000000001
4830000: system.cpu: T0 : 0x14eb2    : addi a3, s9, -472          : IntAlu :  D=0x0000000000071e28
4831000: system.cpu: T0 : 0x14eb6    : lr_w a5, (a3)             
4831000: system.cpu: T0 : 0x14eb6. 0 : lr_w a5, (a3)              : MemRead :  D=0x0000000000000000 A=0x71e28
4831500: system.cpu: T0 : 0x14eba    : c_bnez a5, 8               : IntAlu : 
4832000: system.cpu: T0 : 0x14ebc    : sc_w_aq a2, a4, (a3)      
4832000: system.cpu: T0 : 0x14ebc. 0 : sc_w a2, a4, (a3)          : MemWrite :  D=0x0000000000000000 A=0x71e28
4832500: system.cpu: T0 : 0x14ebc. 1 : 0x1ce6a62f fence           : No_OpClass : 
4833000: system.cpu: T0 : 0x14ec0    : c_bnez a2, -10             : IntAlu : 
4833500: system.cpu: T0 : 0x14ec2    : c_addiw a5, 0              : IntAlu :  D=0x0000000000000000
4834000: system.cpu: T0 : 0x14ec4    : bne a5, zero, 338          : IntAlu : 
4834500: system.cpu: T0 : 0x14ec8    : ld s10, 0(s7)              : MemRead :  D=0x0000000000000000 A=0x708a0
4835000: system.cpu: T0 : 0x14ecc    : beq s10, zero, 152         : IntAlu : 
4835500: system.cpu: T0 : 0x14f64    : c_li a4, 1                 : IntAlu :  D=0x0000000000000001
4836500: system.cpu: T0 : 0x14f66    : sb a4, -1476(gp)           : MemWrite :  D=0x0000000000000001 A=0x70a6c
4837000: system.cpu: T0 : 0x14f6a    : c_li a5, 0                 : IntAlu :  D=0x0000000000000000
4837500: system.cpu: T0 : 0x14f6c    : addi a4, s9, -472          : IntAlu :  D=0x0000000000071e28
4838000: system.cpu: T0 : 0x14f70    : fence iorw, ow             : No_OpClass : 
4838500: system.cpu: T0 : 0x14f74    : amoswap_w a5, a5, (a4)    
4838500: system.cpu: T0 : 0x14f74. 0 : amoswap_w[l] a5, a5, (a4)  : MemRead :  D=0x0000000000000001 A=0x71e28
4839000: system.cpu: T0 : 0x14f78    : c_addiw a5, 0              : IntAlu :  D=0x0000000000000001
4839500: system.cpu: T0 : 0x14f7a    : c_li a4, 1                 : IntAlu :  D=0x0000000000000001
4840000: system.cpu: T0 : 0x14f7c    : blt a4, a5, 174            : IntAlu : 
4840500: system.cpu: T0 : 0x14f80    : c_ldsp a5, 8(sp)           : MemRead :  D=0x0000000000000001 A=0x7ffffffffffffd68
4841000: system.cpu: T0 : 0x14f82    : c_beqz a5, 46              : IntAlu : 
4841500: system.cpu: T0 : 0x14f84    : lui s0, 107                : IntAlu :  D=0x000000000006b000
4842000: system.cpu: T0 : 0x14f88    : lui a5, 107                : IntAlu :  D=0x000000000006b000
4842500: system.cpu: T0 : 0x14f8c    : addi s1, s0, -1904         : IntAlu :  D=0x000000000006a890
4843000: system.cpu: T0 : 0x14f90    : addi a5, a5, -1896         : IntAlu :  D=0x000000000006a898
4843500: system.cpu: T0 : 0x14f94    : bgeu s1, a5, 28            : IntAlu : 
4844000: system.cpu: T0 : 0x14f98    : c_addi a5, -1              : IntAlu :  D=0x000000000006a897
4844500: system.cpu: T0 : 0x14f9a    : c_sub a5, s1               : IntAlu :  D=0x0000000000000007
4845000: system.cpu: T0 : 0x14f9c    : c_andi a5, 18446744073709551608 : IntAlu :  D=0x0000000000000000
4845500: system.cpu: T0 : 0x14f9e    : c_addi a5, 8               : IntAlu :  D=0x0000000000000008
4846000: system.cpu: T0 : 0x14fa0    : c_add s1, a5               : IntAlu :  D=0x000000000006a898
4847000: system.cpu: T0 : 0x14fa2    : addi s0, s0, -1904         : IntAlu :  D=0x000000000006a890
4847500: system.cpu: T0 : 0x14fa6    : c_ld a5, 0(s0)             : MemRead :  D=0x0000000000019ed2 A=0x6a890
4848000: system.cpu: T0 : 0x14fa8    : c_addi s0, 8               : IntAlu :  D=0x000000000006a898
4848500: system.cpu: T0 : 0x14faa    : c_jalr a5                  : IntAlu :  D=0x0000000000014fac
4849000: system.cpu: T0 : 0x19ed2    : c_addi16sp sp, -176        : IntAlu :  D=0x7ffffffffffffcb0
4849500: system.cpu: T0 : 0x19ed4    : c_sdsp s6, 112(sp)         : MemWrite :  D=0x0000000000000000 A=0x7ffffffffffffd20
4850500: system.cpu: T0 : 0x19ed6    : lui s6, 111                : IntAlu :  D=0x000000000006f000
4851500: system.cpu: T0 : 0x19eda    : ld a5, -1264(s6)           : MemRead :  D=0x2f2e2e0000000000 A=0x6eb10
4852000: system.cpu: T0 : 0x19ede    : c_sdsp s3, 136(sp)         : MemWrite :  D=0x0000000000000001 A=0x7ffffffffffffd38
4852500: system.cpu: T0 : 0x19ee0    : c_li a0, 0                 : IntAlu :  D=0x0000000000000000
4853000: system.cpu: T0 : 0x19ee2    : c_sdsp s5, 120(sp)         : MemWrite :  D=0x0000000000000003 A=0x7ffffffffffffd28
4853500: system.cpu: T0 : 0x19ee4    : c_sdsp ra, 168(sp)         : MemWrite :  D=0x0000000000014fac A=0x7ffffffffffffd58
4854000: system.cpu: T0 : 0x19ee6    : c_sdsp s0, 160(sp)         : MemWrite :  D=0x000000000006a898 A=0x7ffffffffffffd50
4854500: system.cpu: T0 : 0x19ee8    : c_sdsp s1, 152(sp)         : MemWrite :  D=0x000000000006a898 A=0x7ffffffffffffd48
4855000: system.cpu: T0 : 0x19eea    : c_sdsp s2, 144(sp)         : MemWrite :  D=0x0000000000000004 A=0x7ffffffffffffd40
4855500: system.cpu: T0 : 0x19eec    : c_sdsp s4, 128(sp)         : MemWrite :  D=0x0000000000000000 A=0x7ffffffffffffd30
4856000: system.cpu: T0 : 0x19eee    : c_sdsp s7, 104(sp)         : MemWrite :  D=0x00000000000708a0 A=0x7ffffffffffffd18
4856500: system.cpu: T0 : 0x19ef0    : c_sdsp s8, 96(sp)          : MemWrite :  D=0x0000000000000001 A=0x7ffffffffffffd10
4857000: system.cpu: T0 : 0x19ef2    : c_sdsp s9, 88(sp)          : MemWrite :  D=0x0000000000072000 A=0x7ffffffffffffd08
4857500: system.cpu: T0 : 0x19ef4    : c_sdsp s10, 80(sp)         : MemWrite :  D=0x0000000000000000 A=0x7ffffffffffffd00
4858000: system.cpu: T0 : 0x19ef6    : c_sdsp s11, 72(sp)         : MemWrite :  D=0x0000000000072000 A=0x7ffffffffffffcf8
4858500: system.cpu: T0 : 0x19ef8    : c_sdsp a5, 56(sp)          : MemWrite :  D=0x2f2e2e0000000000 A=0x7ffffffffffffce8
4859500: system.cpu: T0 : 0x19efa    : addi s3, zero, 0           : IntAlu :  D=0x0000000000000000
4860500: system.cpu: T0 : 0x19efe    : jal ra, -556               : IntAlu :  D=0x0000000000019f02
4861000: system.cpu: T0 : 0x19cd2    : c_addi16sp sp, -176        : IntAlu :  D=0x7ffffffffffffc00
4861500: system.cpu: T0 : 0x19cd4    : c_sdsp s5, 120(sp)         : MemWrite :  D=0x0000000000000003 A=0x7ffffffffffffc78
4862500: system.cpu: T0 : 0x19cd6    : lui s5, 111                : IntAlu :  D=0x000000000006f000
4863500: system.cpu: T0 : 0x19cda    : ld a5, -1264(s5)           : MemRead :  D=0x2f2e2e0000000000 A=0x6eb10
4864000: system.cpu: T0 : 0x19cde    : c_sdsp s3, 136(sp)         : MemWrite :  D=0x0000000000000000 A=0x7ffffffffffffc88
4864500: system.cpu: T0 : 0x19ce0    : c_sdsp s9, 88(sp)          : MemWrite :  D=0x0000000000072000 A=0x7ffffffffffffc58
4865000: system.cpu: T0 : 0x19ce2    : c_sdsp ra, 168(sp)         : MemWrite :  D=0x0000000000019f02 A=0x7ffffffffffffca8
4865500: system.cpu: T0 : 0x19ce4    : c_sdsp s0, 160(sp)         : MemWrite :  D=0x000000000006a898 A=0x7ffffffffffffca0
4866000: system.cpu: T0 : 0x19ce6    : c_sdsp s1, 152(sp)         : MemWrite :  D=0x000000000006a898 A=0x7ffffffffffffc98
4866500: system.cpu: T0 : 0x19ce8    : c_sdsp s2, 144(sp)         : MemWrite :  D=0x0000000000000004 A=0x7ffffffffffffc90
4867000: system.cpu: T0 : 0x19cea    : c_sdsp s4, 128(sp)         : MemWrite :  D=0x0000000000000000 A=0x7ffffffffffffc80
4867500: system.cpu: T0 : 0x19cec    : c_sdsp s6, 112(sp)         : MemWrite :  D=0x000000000006f000 A=0x7ffffffffffffc70
4868000: system.cpu: T0 : 0x19cee    : c_sdsp s7, 104(sp)         : MemWrite :  D=0x00000000000708a0 A=0x7ffffffffffffc68
4868500: system.cpu: T0 : 0x19cf0    : c_sdsp s8, 96(sp)          : MemWrite :  D=0x0000000000000001 A=0x7ffffffffffffc60
4869000: system.cpu: T0 : 0x19cf2    : c_sdsp s10, 80(sp)         : MemWrite :  D=0x0000000000000000 A=0x7ffffffffffffc50
4869500: system.cpu: T0 : 0x19cf4    : c_sdsp s11, 72(sp)         : MemWrite :  D=0x0000000000072000 A=0x7ffffffffffffc48
4870000: system.cpu: T0 : 0x19cf6    : c_sdsp a5, 56(sp)          : MemWrite :  D=0x2f2e2e0000000000 A=0x7ffffffffffffc38
4870500: system.cpu: T0 : 0x19cf8    : addi s3, zero, 0           : IntAlu :  D=0x0000000000000000
4871000: system.cpu: T0 : 0x19cfc    : c_mv s9, a0                : IntAlu :  D=0x0000000000000000
4872000: system.cpu: T0 : 0x19cfe    : beq s3, zero, 428          : IntAlu : 
4872500: system.cpu: T0 : 0x19eaa    : c_lui a5, 25               : IntAlu :  D=0x0000000000019000
4873000: system.cpu: T0 : 0x19eac    : addi a5, a5, -216          : IntAlu :  D=0x0000000000018f28
4873500: system.cpu: T0 : 0x19eb0    : c_sdsp a5, 24(sp)          : MemWrite :  D=0x0000000000018f28 A=0x7ffffffffffffc18
4874000: system.cpu: T0 : 0x19eb2    : c_sdsp zero, 32(sp)        : MemWrite :  D=0x0000000000000000 A=0x7ffffffffffffc20
4874500: system.cpu: T0 : 0x19eb4    : c_j -416                   : IntAlu : 
4875000: system.cpu: T0 : 0x19d14    : addi s8, gp, 1384          : IntAlu :  D=0x0000000000071598
4875500: system.cpu: T0 : 0x19d18    : ld a5, 8(s8)               : MemRead :  D=0x0000000000000000 A=0x715a0
4876000: system.cpu: T0 : 0x19d1c    : addi s0, tp, -1808         : IntAlu :  D=0x0000000000073000
4876500: system.cpu: T0 : 0x19d20    : beq a5, s0, 28             : IntAlu : 
4877000: system.cpu: T0 : 0x19d24    : c_li a3, 1                 : IntAlu :  D=0x0000000000000001
4878000: system.cpu: T0 : 0x19d26    : lr_w a5, (s8)             
4878000: system.cpu: T0 : 0x19d26. 0 : lr_w a5, (s8)              : MemRead :  D=0x0000000000000000 A=0x71598
4878500: system.cpu: T0 : 0x19d2a    : c_bnez a5, 8               : IntAlu : 
4879000: system.cpu: T0 : 0x19d2c    : sc_w_aq a4, a3, (s8)      
4879000: system.cpu: T0 : 0x19d2c. 0 : sc_w a4, a3, (s8)          : MemWrite :  D=0x0000000000000000 A=0x71598
4879500: system.cpu: T0 : 0x19d2c. 1 : 0x1cdc272f fence           : No_OpClass : 
4880000: system.cpu: T0 : 0x19d30    : c_bnez a4, -10             : IntAlu : 
4880500: system.cpu: T0 : 0x19d32    : c_addiw a5, 0              : IntAlu :  D=0x0000000000000000
4881000: system.cpu: T0 : 0x19d34    : bne a5, zero, 386          : IntAlu : 
4881500: system.cpu: T0 : 0x19d38    : sd s0, 8(s8)               : MemWrite :  D=0x0000000000073000 A=0x715a0
4882000: system.cpu: T0 : 0x19d3c    : lw a4, 4(s8)               : MemRead :  D=0x0000000000000000 A=0x7159c
4882500: system.cpu: T0 : 0x19d40    : ld s0, -1920(gp)           : MemRead :  D=0x000000000006f000 A=0x708b0
4883000: system.cpu: T0 : 0x19d44    : addiw a3, a4, 1            : IntAlu :  D=0x0000000000000001
4883500: system.cpu: T0 : 0x19d48    : sw a3, 4(s8)               : MemWrite :  D=0x0000000000000001 A=0x7159c
4884000: system.cpu: T0 : 0x19d4c    : beq s0, zero, 382          : IntAlu : 
4884500: system.cpu: T0 : 0x19d50    : lui s1, 107                : IntAlu :  D=0x000000000006b000
4885000: system.cpu: T0 : 0x19d54    : lui s2, 106                : IntAlu :  D=0x000000000006a000
4885500: system.cpu: T0 : 0x19d58    : addi s2, s2, 680           : IntAlu :  D=0x000000000006a2a8
4886000: system.cpu: T0 : 0x19d5c    : addi s1, s1, -1904         : IntAlu :  D=0x000000000006a890
4886500: system.cpu: T0 : 0x19d60    : c_li s4, 0                 : IntAlu :  D=0x0000000000000000
4887000: system.cpu: T0 : 0x19d62    : c_lui s11, 8               : IntAlu :  D=0x0000000000008000
4887500: system.cpu: T0 : 0x19d64    : c_li s6, 1                 : IntAlu :  D=0x0000000000000001
4888500: system.cpu: T0 : 0x19d66    : sub s1, s1, s2             : IntAlu :  D=0x00000000000005e8
4889500: system.cpu: T0 : 0x19d6a    : sd s0, -1456(gp)           : MemWrite :  D=0x000000000006f000 A=0x70a80
4890500: system.cpu: T0 : 0x19d6e    : beq s9, zero, 54           : IntAlu : 
4891000: system.cpu: T0 : 0x19da4    : lw a5, 192(s0)             : MemRead :  D=0x0000000000000000 A=0x6f0c0
4891500: system.cpu: T0 : 0x19da8    : bge zero, a5, 150          : IntAlu : 
4892000: system.cpu: T0 : 0x19e3e    : c_ld a3, 40(s0)            : MemRead :  D=0x0000000000000000 A=0x6f028
4892500: system.cpu: T0 : 0x19e40    : c_ld a5, 32(s0)            : MemRead :  D=0x0000000000000000 A=0x6f020
4893500: system.cpu: T0 : 0x19e42    : bgeu a5, a3, -116          : IntAlu : 
4894500: system.cpu: T0 : 0x19dce    : beq s9, zero, 28           : IntAlu : 
4895000: system.cpu: T0 : 0x19dea    : c_ld s0, 104(s0)           : MemRead :  D=0x000000000006f1c8 A=0x6f068
4895500: system.cpu: T0 : 0x19dec    : sd zero, -1456(gp)         : MemWrite :  D=0x0000000000000000 A=0x70a80
4896000: system.cpu: T0 : 0x19df0    : c_bnez s0, -134            : IntAlu : 
4897000: system.cpu: T0 : 0x19d6a    : sd s0, -1456(gp)           : MemWrite :  D=0x000000000006f1c8 A=0x70a80
4898000: system.cpu: T0 : 0x19d6e    : beq s9, zero, 54           : IntAlu : 
4898500: system.cpu: T0 : 0x19da4    : lw a5, 192(s0)             : MemRead :  D=0x0000000000000000 A=0x6f288
4899000: system.cpu: T0 : 0x19da8    : bge zero, a5, 150          : IntAlu : 
4899500: system.cpu: T0 : 0x19e3e    : c_ld a3, 40(s0)            : MemRead :  D=0x0000000000000000 A=0x6f1f0
4900000: system.cpu: T0 : 0x19e40    : c_ld a5, 32(s0)            : MemRead :  D=0x0000000000000000 A=0x6f1e8
4901000: system.cpu: T0 : 0x19e42    : bgeu a5, a3, -116          : IntAlu : 
4902000: system.cpu: T0 : 0x19dce    : beq s9, zero, 28           : IntAlu : 
4902500: system.cpu: T0 : 0x19dea    : c_ld s0, 104(s0)           : MemRead :  D=0x000000000006f390 A=0x6f230
4903000: system.cpu: T0 : 0x19dec    : sd zero, -1456(gp)         : MemWrite :  D=0x0000000000000000 A=0x70a80
4903500: system.cpu: T0 : 0x19df0    : c_bnez s0, -134            : IntAlu : 
4904500: system.cpu: T0 : 0x19d6a    : sd s0, -1456(gp)           : MemWrite :  D=0x000000000006f390 A=0x70a80
4905500: system.cpu: T0 : 0x19d6e    : beq s9, zero, 54           : IntAlu : 
4906000: system.cpu: T0 : 0x19da4    : lw a5, 192(s0)             : MemRead :  D=0x0000000000000000 A=0x6f450
4906500: system.cpu: T0 : 0x19da8    : bge zero, a5, 150          : IntAlu : 
4907000: system.cpu: T0 : 0x19e3e    : c_ld a3, 40(s0)            : MemRead :  D=0x0000000000000000 A=0x6f3b8
4907500: system.cpu: T0 : 0x19e40    : c_ld a5, 32(s0)            : MemRead :  D=0x0000000000000000 A=0x6f3b0
4908500: system.cpu: T0 : 0x19e42    : bgeu a5, a3, -116          : IntAlu : 
4909500: system.cpu: T0 : 0x19dce    : beq s9, zero, 28           : IntAlu : 
4910000: system.cpu: T0 : 0x19dea    : c_ld s0, 104(s0)           : MemRead :  D=0x0000000000000000 A=0x6f3f8
4910500: system.cpu: T0 : 0x19dec    : sd zero, -1456(gp)         : MemWrite :  D=0x0000000000000000 A=0x70a80
4911000: system.cpu: T0 : 0x19df0    : c_bnez s0, -134            : IntAlu : 
4912000: system.cpu: T0 : 0x19df2    : lw a5, 4(s8)               : MemRead :  D=0x0000000000000001 A=0x7159c
4913000: system.cpu: T0 : 0x19df6    : addiw a4, a5, -1           : IntAlu :  D=0x0000000000000000
4914000: system.cpu: T0 : 0x19dfa    : sw a4, 4(s8)               : MemWrite :  D=0x0000000000000000 A=0x7159c
4914500: system.cpu: T0 : 0x19dfe    : c_beqz a4, 128             : IntAlu : 
4915500: system.cpu: T0 : 0x19e7e    : sd zero, 8(s8)             : MemWrite :  D=0x0000000000000000 A=0x715a0
4916000: system.cpu: T0 : 0x19e82    : c_mv a5, a4                : IntAlu :  D=0x0000000000000000
4916500: system.cpu: T0 : 0x19e84    : fence iorw, ow             : No_OpClass : 
4917000: system.cpu: T0 : 0x19e88    : amoswap_w a5, a5, (s8)    
4917000: system.cpu: T0 : 0x19e88. 0 : amoswap_w[l] a5, a5, (s8)  : MemRead :  D=0x0000000000000001 A=0x71598
4917500: system.cpu: T0 : 0x19e8c    : c_addiw a5, 0              : IntAlu :  D=0x0000000000000001
4918000: system.cpu: T0 : 0x19e8e    : c_li a4, 1                 : IntAlu :  D=0x0000000000000001
4918500: system.cpu: T0 : 0x19e90    : bge a4, a5, -144           : IntAlu : 
4919000: system.cpu: T0 : 0x19e00    : beq s3, zero, 16           : IntAlu : 
4919500: system.cpu: T0 : 0x19e10    : c_ldsp a4, 56(sp)          : MemRead :  D=0x2f2e2e0000000000 A=0x7ffffffffffffc38
4920500: system.cpu: T0 : 0x19e12    : ld a5, -1264(s5)           : MemRead :  D=0x2f2e2e0000000000 A=0x6eb10
4921500: system.cpu: T0 : 0x19e16    : bne a4, a5, 184            : IntAlu : 
4922000: system.cpu: T0 : 0x19e1a    : c_ldsp ra, 168(sp)         : MemRead :  D=0x0000000000019f02 A=0x7ffffffffffffca8
4922500: system.cpu: T0 : 0x19e1c    : c_ldsp s0, 160(sp)         : MemRead :  D=0x000000000006a898 A=0x7ffffffffffffca0
4923000: system.cpu: T0 : 0x19e1e    : c_ldsp s1, 152(sp)         : MemRead :  D=0x000000000006a898 A=0x7ffffffffffffc98
4923500: system.cpu: T0 : 0x19e20    : c_ldsp s2, 144(sp)         : MemRead :  D=0x0000000000000004 A=0x7ffffffffffffc90
4924000: system.cpu: T0 : 0x19e22    : c_ldsp s3, 136(sp)         : MemRead :  D=0x0000000000000000 A=0x7ffffffffffffc88
4924500: system.cpu: T0 : 0x19e24    : c_ldsp s5, 120(sp)         : MemRead :  D=0x0000000000000003 A=0x7ffffffffffffc78
4925000: system.cpu: T0 : 0x19e26    : c_ldsp s6, 112(sp)         : MemRead :  D=0x000000000006f000 A=0x7ffffffffffffc70
4925500: system.cpu: T0 : 0x19e28    : c_ldsp s7, 104(sp)         : MemRead :  D=0x00000000000708a0 A=0x7ffffffffffffc68
4926000: system.cpu: T0 : 0x19e2a    : c_ldsp s8, 96(sp)          : MemRead :  D=0x0000000000000001 A=0x7ffffffffffffc60
4926500: system.cpu: T0 : 0x19e2c    : c_ldsp s9, 88(sp)          : MemRead :  D=0x0000000000072000 A=0x7ffffffffffffc58
4927000: system.cpu: T0 : 0x19e2e    : c_ldsp s10, 80(sp)         : MemRead :  D=0x0000000000000000 A=0x7ffffffffffffc50
4927500: system.cpu: T0 : 0x19e30    : c_ldsp s11, 72(sp)         : MemRead :  D=0x0000000000072000 A=0x7ffffffffffffc48
4928000: system.cpu: T0 : 0x19e32    : c_mv a0, s4                : IntAlu :  D=0x0000000000000000
4928500: system.cpu: T0 : 0x19e34    : c_ldsp s4, 128(sp)         : MemRead :  D=0x0000000000000000 A=0x7ffffffffffffc80
4929000: system.cpu: T0 : 0x19e36    : c_addi16sp sp, 176         : IntAlu :  D=0x7ffffffffffffcb0
4929500: system.cpu: T0 : 0x19e38    : c_jr ra                    : IntAlu : 
4930000: system.cpu: T0 : 0x19f02    : c_mv s5, a0                : IntAlu :  D=0x0000000000000000
4930500: system.cpu: T0 : 0x19f04    : beq s3, zero, 482          : IntAlu : 
4931000: system.cpu: T0 : 0x1a0e6    : c_lui a5, 25               : IntAlu :  D=0x0000000000019000
4931500: system.cpu: T0 : 0x1a0e8    : addi a5, a5, -216          : IntAlu :  D=0x0000000000018f28
4932000: system.cpu: T0 : 0x1a0ec    : c_sdsp a5, 24(sp)          : MemWrite :  D=0x0000000000018f28 A=0x7ffffffffffffcc8
4932500: system.cpu: T0 : 0x1a0ee    : c_sdsp zero, 32(sp)        : MemWrite :  D=0x0000000000000000 A=0x7ffffffffffffcd0
4933000: system.cpu: T0 : 0x1a0f0    : c_j -470                   : IntAlu : 
4934000: system.cpu: T0 : 0x19f1a    : addi s1, gp, 1384          : IntAlu :  D=0x0000000000071598
4934500: system.cpu: T0 : 0x19f1e    : c_ld a5, 8(s1)             : MemRead :  D=0x0000000000000000 A=0x715a0
4935000: system.cpu: T0 : 0x19f20    : addi s0, tp, -1808         : IntAlu :  D=0x0000000000073000
4935500: system.cpu: T0 : 0x19f24    : beq s0, a5, 26             : IntAlu : 
4936000: system.cpu: T0 : 0x19f28    : c_li a4, 1                 : IntAlu :  D=0x0000000000000001
4937000: system.cpu: T0 : 0x19f2a    : lr_w a5, (s1)             
4937000: system.cpu: T0 : 0x19f2a. 0 : lr_w a5, (s1)              : MemRead :  D=0x0000000000000000 A=0x71598
4937500: system.cpu: T0 : 0x19f2e    : c_bnez a5, 8               : IntAlu : 
4938000: system.cpu: T0 : 0x19f30    : sc_w_aq a3, a4, (s1)      
4938000: system.cpu: T0 : 0x19f30. 0 : sc_w a3, a4, (s1)          : MemWrite :  D=0x0000000000000000 A=0x71598
4938500: system.cpu: T0 : 0x19f30. 1 : 0x1ce4a6af fence           : No_OpClass : 
4939000: system.cpu: T0 : 0x19f34    : c_bnez a3, -10             : IntAlu : 
4939500: system.cpu: T0 : 0x19f36    : c_addiw a5, 0              : IntAlu :  D=0x0000000000000000
4940000: system.cpu: T0 : 0x19f38    : bne a5, zero, 442          : IntAlu : 
4940500: system.cpu: T0 : 0x19f3c    : c_sd s0, 8(s1)             : MemWrite :  D=0x0000000000073000 A=0x715a0
4941000: system.cpu: T0 : 0x19f3e    : c_lw a3, 4(s1)             : MemRead :  D=0x0000000000000000 A=0x7159c
4941500: system.cpu: T0 : 0x19f40    : ld s0, -1920(gp)           : MemRead :  D=0x000000000006f000 A=0x708b0
4942000: system.cpu: T0 : 0x19f44    : addiw a4, a3, 1            : IntAlu :  D=0x0000000000000001
4942500: system.cpu: T0 : 0x19f48    : c_sw a4, 4(s1)             : MemWrite :  D=0x0000000000000001 A=0x7159c
4943000: system.cpu: T0 : 0x19f4a    : c_beqz s0, 202             : IntAlu : 
4943500: system.cpu: T0 : 0x19f4c    : lui s2, 107                : IntAlu :  D=0x000000000006b000
4944000: system.cpu: T0 : 0x19f50    : lui s4, 106                : IntAlu :  D=0x000000000006a000
4944500: system.cpu: T0 : 0x19f54    : addi s4, s4, 680           : IntAlu :  D=0x000000000006a2a8
4945000: system.cpu: T0 : 0x19f58    : addi s2, s2, -1904         : IntAlu :  D=0x000000000006a890
4945500: system.cpu: T0 : 0x19f5c    : sub s2, s2, s4             : IntAlu :  D=0x00000000000005e8
4946000: system.cpu: T0 : 0x19f60    : c_li s9, 2                 : IntAlu :  D=0x0000000000000002
4946500: system.cpu: T0 : 0x19f62    : c_j 12                     : IntAlu : 
4947000: system.cpu: T0 : 0x19f6e    : c_lw a5, 0(s0)             : MemRead :  D=0xfffffffffbad2086 A=0x6f000
4947500: system.cpu: T0 : 0x19f70    : c_andi a5, 2               : IntAlu :  D=0x0000000000000002
4948500: system.cpu: T0 : 0x19f72    : addiw s8, a5, 0            : IntAlu :  D=0x0000000000000002
4949000: system.cpu: T0 : 0x19f76    : c_bnez a5, -18             : IntAlu : 
4949500: system.cpu: T0 : 0x19f64    : c_li a5, -1                : IntAlu :  D=0xffffffffffffffff
4950500: system.cpu: T0 : 0x19f66    : sw a5, 192(s0)             : MemWrite :  D=0x00000000ffffffff A=0x6f0c0
4951000: system.cpu: T0 : 0x19f6a    : c_ld s0, 104(s0)           : MemRead :  D=0x000000000006f1c8 A=0x6f068
4951500: system.cpu: T0 : 0x19f6c    : c_beqz s0, 162             : IntAlu : 
4952000: system.cpu: T0 : 0x19f6e    : c_lw a5, 0(s0)             : MemRead :  D=0xfffffffffbad2084 A=0x6f1c8
4952500: system.cpu: T0 : 0x19f70    : c_andi a5, 2               : IntAlu :  D=0x0000000000000000
4953500: system.cpu: T0 : 0x19f72    : addiw s8, a5, 0            : IntAlu :  D=0x0000000000000000
4954000: system.cpu: T0 : 0x19f76    : c_bnez a5, -18             : IntAlu : 
4954500: system.cpu: T0 : 0x19f78    : lw a5, 192(s0)             : MemRead :  D=0x0000000000000000 A=0x6f288
4955000: system.cpu: T0 : 0x19f7c    : c_beqz a5, -24             : IntAlu : 
4955500: system.cpu: T0 : 0x19f64    : c_li a5, -1                : IntAlu :  D=0xffffffffffffffff
4956500: system.cpu: T0 : 0x19f66    : sw a5, 192(s0)             : MemWrite :  D=0x00000000ffffffff A=0x6f288
4957000: system.cpu: T0 : 0x19f6a    : c_ld s0, 104(s0)           : MemRead :  D=0x000000000006f390 A=0x6f230
4957500: system.cpu: T0 : 0x19f6c    : c_beqz s0, 162             : IntAlu : 
4958000: system.cpu: T0 : 0x19f6e    : c_lw a5, 0(s0)             : MemRead :  D=0xfffffffffbad2088 A=0x6f390
4958500: system.cpu: T0 : 0x19f70    : c_andi a5, 2               : IntAlu :  D=0x0000000000000000
4959500: system.cpu: T0 : 0x19f72    : addiw s8, a5, 0            : IntAlu :  D=0x0000000000000000
4960000: system.cpu: T0 : 0x19f76    : c_bnez a5, -18             : IntAlu : 
4960500: system.cpu: T0 : 0x19f78    : lw a5, 192(s0)             : MemRead :  D=0x0000000000000000 A=0x6f450
4961000: system.cpu: T0 : 0x19f7c    : c_beqz a5, -24             : IntAlu : 
4961500: system.cpu: T0 : 0x19f64    : c_li a5, -1                : IntAlu :  D=0xffffffffffffffff
4962500: system.cpu: T0 : 0x19f66    : sw a5, 192(s0)             : MemWrite :  D=0x00000000ffffffff A=0x6f450
4963000: system.cpu: T0 : 0x19f6a    : c_ld s0, 104(s0)           : MemRead :  D=0x0000000000000000 A=0x6f3f8
4963500: system.cpu: T0 : 0x19f6c    : c_beqz s0, 162             : IntAlu : 
4964000: system.cpu: T0 : 0x1a00e    : c_lw a5, 4(s1)             : MemRead :  D=0x0000000000000001 A=0x7159c
4964500: system.cpu: T0 : 0x1a010    : addiw a3, a5, -1           : IntAlu :  D=0x0000000000000000
4965000: system.cpu: T0 : 0x1a014    : c_sw a3, 4(s1)             : MemWrite :  D=0x0000000000000000 A=0x7159c
4965500: system.cpu: T0 : 0x1a016    : c_beqz a3, 126             : IntAlu : 
4966000: system.cpu: T0 : 0x1a094    : sd zero, 8(s1)             : MemWrite :  D=0x0000000000000000 A=0x715a0
4966500: system.cpu: T0 : 0x1a098    : c_mv a5, a3                : IntAlu :  D=0x0000000000000000
4967500: system.cpu: T0 : 0x1a09a    : fence iorw, ow             : No_OpClass : 
4968500: system.cpu: T0 : 0x1a09e    : amoswap_w a5, a5, (s1)    
4968500: system.cpu: T0 : 0x1a09e. 0 : amoswap_w[l] a5, a5, (s1)  : MemRead :  D=0x0000000000000001 A=0x71598
4969000: system.cpu: T0 : 0x1a0a2    : c_addiw a5, 0              : IntAlu :  D=0x0000000000000001
4969500: system.cpu: T0 : 0x1a0a4    : c_li a4, 1                 : IntAlu :  D=0x0000000000000001
4970500: system.cpu: T0 : 0x1a0a6    : bge a4, a5, -142           : IntAlu : 
4971000: system.cpu: T0 : 0x1a018    : beq s3, zero, 16           : IntAlu : 
4971500: system.cpu: T0 : 0x1a028    : c_ldsp a4, 56(sp)          : MemRead :  D=0x2f2e2e0000000000 A=0x7ffffffffffffce8
4972500: system.cpu: T0 : 0x1a02a    : ld a5, -1264(s6)           : MemRead :  D=0x2f2e2e0000000000 A=0x6eb10
4973500: system.cpu: T0 : 0x1a02e    : bne a4, a5, 216            : IntAlu : 
4974000: system.cpu: T0 : 0x1a032    : c_ldsp ra, 168(sp)         : MemRead :  D=0x0000000000014fac A=0x7ffffffffffffd58
4974500: system.cpu: T0 : 0x1a034    : c_ldsp s0, 160(sp)         : MemRead :  D=0x000000000006a898 A=0x7ffffffffffffd50
4975000: system.cpu: T0 : 0x1a036    : c_ldsp s1, 152(sp)         : MemRead :  D=0x000000000006a898 A=0x7ffffffffffffd48
4975500: system.cpu: T0 : 0x1a038    : c_ldsp s2, 144(sp)         : MemRead :  D=0x0000000000000004 A=0x7ffffffffffffd40
4976000: system.cpu: T0 : 0x1a03a    : c_ldsp s3, 136(sp)         : MemRead :  D=0x0000000000000001 A=0x7ffffffffffffd38
4976500: system.cpu: T0 : 0x1a03c    : c_ldsp s4, 128(sp)         : MemRead :  D=0x0000000000000000 A=0x7ffffffffffffd30
4977000: system.cpu: T0 : 0x1a03e    : c_ldsp s6, 112(sp)         : MemRead :  D=0x0000000000000000 A=0x7ffffffffffffd20
4977500: system.cpu: T0 : 0x1a040    : c_ldsp s7, 104(sp)         : MemRead :  D=0x00000000000708a0 A=0x7ffffffffffffd18
4978000: system.cpu: T0 : 0x1a042    : c_ldsp s8, 96(sp)          : MemRead :  D=0x0000000000000001 A=0x7ffffffffffffd10
4978500: system.cpu: T0 : 0x1a044    : c_ldsp s9, 88(sp)          : MemRead :  D=0x0000000000072000 A=0x7ffffffffffffd08
4979000: system.cpu: T0 : 0x1a046    : c_ldsp s10, 80(sp)         : MemRead :  D=0x0000000000000000 A=0x7ffffffffffffd00
4979500: system.cpu: T0 : 0x1a048    : c_ldsp s11, 72(sp)         : MemRead :  D=0x0000000000072000 A=0x7ffffffffffffcf8
4980000: system.cpu: T0 : 0x1a04a    : c_mv a0, s5                : IntAlu :  D=0x0000000000000000
4980500: system.cpu: T0 : 0x1a04c    : c_ldsp s5, 120(sp)         : MemRead :  D=0x0000000000000003 A=0x7ffffffffffffd28
4981000: system.cpu: T0 : 0x1a04e    : c_addi16sp sp, 176         : IntAlu :  D=0x7ffffffffffffd60
4981500: system.cpu: T0 : 0x1a050    : c_jr ra                    : IntAlu : 
4982000: system.cpu: T0 : 0x14fac    : bne s1, s0, -6             : IntAlu : 
4982500: system.cpu: T0 : 0x14fb0    : c_mv a0, s6                : IntAlu :  D=0x0000000000000000
4983500: system.cpu: T0 : 0x14fb2    : jal ra, 48008              : IntAlu :  D=0x0000000000014fb6
4984000: system.cpu: T0 : 0x20b3a    : c_mv a4, a0                : IntAlu :  D=0x0000000000000000
4984500: system.cpu: T0 : 0x20b3c    : addi a7, zero, 94          : IntAlu :  D=0x000000000000005e
4985000: system.cpu: T0 : 0x20b40    : ecall                      : No_OpClass : 
