      0: system.cpu: T0 : 0x10348    : jal ra, 46                 : IntAlu :  D=0x000000000001034c
   1000: system.cpu: T0 : 0x10376    : auipc gp, 97               : IntAlu :  D=0x0000000000071376
   2000: system.cpu: T0 : 0x1037a    : addi gp, gp, -798          : IntAlu :  D=0x0000000000071058
   2500: system.cpu: T0 : 0x1037e    : c_jr ra                    : IntAlu : 
   3000: system.cpu: T0 : 0x1034c    : c_mv a5, a0                : IntAlu :  D=0x0000000000000000
   4000: system.cpu: T0 : 0x1034e    : auipc a0, 0                : IntAlu :  D=0x000000000001034e
   5000: system.cpu: T0 : 0x10352    : addi a0, a0, 226           : IntAlu :  D=0x0000000000010430
   5500: system.cpu: T0 : 0x10356    : c_ldsp a1, 0(sp)           : MemRead :  D=0x0000000000000001 A=0x7fffffffffffff30
   6000: system.cpu: T0 : 0x10358    : c_addi4spn a2, sp, 8       : IntAlu :  D=0x7fffffffffffff38
   7000: system.cpu: T0 : 0x1035a    : andi sp, sp, 18446744073709551600 : IntAlu :  D=0x7fffffffffffff30
   8000: system.cpu: T0 : 0x1035e    : auipc a3, 1                : IntAlu :  D=0x000000000001135e
   9000: system.cpu: T0 : 0x10362    : addi a3, a3, -2042         : IntAlu :  D=0x0000000000010b64
  10000: system.cpu: T0 : 0x10366    : auipc a4, 1                : IntAlu :  D=0x0000000000011366
  11000: system.cpu: T0 : 0x1036a    : addi a4, a4, -1906         : IntAlu :  D=0x0000000000010bf4
  11500: system.cpu: T0 : 0x1036e    : c_mv a6, sp                : IntAlu :  D=0x7fffffffffffff30
  12000: system.cpu: T0 : 0x10370    : jal ra, 808                : IntAlu :  D=0x0000000000010374
  12500: system.cpu: T0 : 0x10698    : c_addi16sp sp, -320        : IntAlu :  D=0x7ffffffffffffdf0
  13000: system.cpu: T0 : 0x1069a    : c_sdsp s0, 304(sp)         : MemWrite :  D=0x0000000000000000 A=0x7fffffffffffff20
  13500: system.cpu: T0 : 0x1069c    : c_sdsp s1, 296(sp)         : MemWrite :  D=0x0000000000000000 A=0x7fffffffffffff18
  14000: system.cpu: T0 : 0x1069e    : c_sdsp s2, 288(sp)         : MemWrite :  D=0x0000000000000000 A=0x7fffffffffffff10
  14500: system.cpu: T0 : 0x106a0    : c_sdsp a2, 16(sp)          : MemWrite :  D=0x7fffffffffffff38 A=0x7ffffffffffffe00
  15000: system.cpu: T0 : 0x106a2    : c_sdsp ra, 312(sp)         : MemWrite :  D=0x0000000000010374 A=0x7fffffffffffff28
  15500: system.cpu: T0 : 0x106a4    : addi t1, zero, 0           : IntAlu :  D=0x0000000000000000
  16000: system.cpu: T0 : 0x106a8    : c_sdsp a0, 24(sp)          : MemWrite :  D=0x0000000000010430 A=0x7ffffffffffffe08
  16500: system.cpu: T0 : 0x106aa    : c_sdsp a1, 8(sp)           : MemWrite :  D=0x0000000000000001 A=0x7ffffffffffffdf8
  17000: system.cpu: T0 : 0x106ac    : c_mv s0, a3                : IntAlu :  D=0x0000000000010b64
  17500: system.cpu: T0 : 0x106ae    : c_mv s1, a4                : IntAlu :  D=0x0000000000010bf4
  18000: system.cpu: T0 : 0x106b0    : c_mv s2, a5                : IntAlu :  D=0x0000000000000000
  18500: system.cpu: T0 : 0x106b2    : c_li a2, 0                 : IntAlu :  D=0x0000000000000000
  19000: system.cpu: T0 : 0x106b4    : beq t1, zero, 12           : IntAlu : 
  19500: system.cpu: T0 : 0x106c0    : c_ldsp a5, 8(sp)           : MemRead :  D=0x0000000000000001 A=0x7ffffffffffffdf8
  20500: system.cpu: T0 : 0x106c2    : addi a0, a5, 1             : IntAlu :  D=0x0000000000000002
  21000: system.cpu: T0 : 0x106c6    : c_ldsp a5, 16(sp)          : MemRead :  D=0x7fffffffffffff38 A=0x7ffffffffffffe00
  21500: system.cpu: T0 : 0x106c8    : c_slli a0, 3               : IntAlu :  D=0x0000000000000010
  22000: system.cpu: T0 : 0x106ca    : c_add a0, a5               : IntAlu :  D=0x7fffffffffffff48
  22500: system.cpu: T0 : 0x106cc    : sw a2, -1728(gp)           : MemWrite :  D=0x0000000000000000 A=0x70998
  23000: system.cpu: T0 : 0x106d0    : sd a0, -1360(gp)           : MemWrite :  D=0x7fffffffffffff48 A=0x70b08
  23500: system.cpu: T0 : 0x106d4    : lui a5, 111                : IntAlu :  D=0x000000000006f000
  24000: system.cpu: T0 : 0x106d8    : sd a6, -80(a5)             : MemWrite :  D=0x7fffffffffffff30 A=0x6efb0
  24500: system.cpu: T0 : 0x106dc    : c_ld a2, 0(a0)             : MemRead :  D=0x0000000000000000 A=0x7fffffffffffff48
  25000: system.cpu: T0 : 0x106de    : c_addi a0, 8               : IntAlu :  D=0x7fffffffffffff50
  25500: system.cpu: T0 : 0x106e0    : c_bnez a2, -4              : IntAlu : 
  26500: system.cpu: T0 : 0x106e2    : jal ra, 72962              : IntAlu :  D=0x00000000000106e6
  27000: system.cpu: T0 : 0x223e4    : c_ld a5, 0(a0)             : MemRead :  D=0x0000000000000009 A=0x7fffffffffffff50
  28000: system.cpu: T0 : 0x223e6    : lui a4, 114                : IntAlu :  D=0x0000000000072000
  29000: system.cpu: T0 : 0x223ea    : sd a0, -32(a4)             : MemWrite :  D=0x7fffffffffffff50 A=0x71fe0
  30000: system.cpu: T0 : 0x223ee    : beq a5, zero, 618          : IntAlu : 
  30500: system.cpu: T0 : 0x223f2    : c_addi16sp sp, -224        : IntAlu :  D=0x7ffffffffffffd10
  31000: system.cpu: T0 : 0x223f4    : c_sdsp s1, 208(sp)         : MemWrite :  D=0x0000000000010bf4 A=0x7ffffffffffffde0
  32000: system.cpu: T0 : 0x223f6    : lui s1, 114                : IntAlu :  D=0x0000000000072000
  33000: system.cpu: T0 : 0x223fa    : ld a4, 40(s1)              : MemRead :  D=0x0000000000000000 A=0x72028
  33500: system.cpu: T0 : 0x223fe    : c_sdsp s3, 192(sp)         : MemWrite :  D=0x0000000000000000 A=0x7ffffffffffffdd0
  34000: system.cpu: T0 : 0x22400    : c_sdsp a4, 64(sp)          : MemWrite :  D=0x0000000000000000 A=0x7ffffffffffffd50
  35000: system.cpu: T0 : 0x22402    : ld a4, -1336(gp)           : MemRead :  D=0x0000000000000000 A=0x70b20
  36000: system.cpu: T0 : 0x22406    : lui a6, 111                : IntAlu :  D=0x000000000006f000
  37000: system.cpu: T0 : 0x2240a    : addi a6, a6, -128          : IntAlu :  D=0x000000000006ef80
  37500: system.cpu: T0 : 0x2240e    : c_sdsp a4, 32(sp)          : MemWrite :  D=0x0000000000000000 A=0x7ffffffffffffd30
  38000: system.cpu: T0 : 0x22410    : ld a4, 0(a6)               : MemRead :  D=0x0000000000000000 A=0x6ef80
  38500: system.cpu: T0 : 0x22414    : lui t3, 111                : IntAlu :  D=0x000000000006f000
  39000: system.cpu: T0 : 0x22418    : lui t1, 114                : IntAlu :  D=0x0000000000072000
  39500: system.cpu: T0 : 0x2241c    : c_sdsp a4, 104(sp)         : MemWrite :  D=0x0000000000000000 A=0x7ffffffffffffd78
  40500: system.cpu: T0 : 0x2241e    : lw a4, -72(t3)             : MemRead :  D=0x0000000000000001 A=0x6efb8
  41000: system.cpu: T0 : 0x22422    : c_sdsp s2, 200(sp)         : MemWrite :  D=0x0000000000000000 A=0x7ffffffffffffdd8
  41500: system.cpu: T0 : 0x22424    : c_sdsp a4, 80(sp)          : MemWrite :  D=0x0000000000000001 A=0x7ffffffffffffd60
  42500: system.cpu: T0 : 0x22426    : lw a4, 112(t1)             : MemRead :  D=0x0000000000000000 A=0x72070
  43000: system.cpu: T0 : 0x2242a    : c_sdsp s4, 184(sp)         : MemWrite :  D=0x0000000000000000 A=0x7ffffffffffffdc8
  43500: system.cpu: T0 : 0x2242c    : c_sdsp a4, 96(sp)          : MemWrite :  D=0x0000000000000000 A=0x7ffffffffffffd70
  44500: system.cpu: T0 : 0x2242e    : lw a4, -1344(gp)           : MemRead :  D=0x0000000000000000 A=0x70b18
  45000: system.cpu: T0 : 0x22432    : c_sdsp s0, 216(sp)         : MemWrite :  D=0x0000000000010b64 A=0x7ffffffffffffde8
  45500: system.cpu: T0 : 0x22434    : lui s0, 114                : IntAlu :  D=0x0000000000072000
  46000: system.cpu: T0 : 0x22438    : c_sdsp a4, 48(sp)          : MemWrite :  D=0x0000000000000000 A=0x7ffffffffffffd40
  47000: system.cpu: T0 : 0x2243a    : ld a4, -1328(gp)           : MemRead :  D=0x0000000000000000 A=0x70b28
  48000: system.cpu: T0 : 0x2243e    : lui t6, 114                : IntAlu :  D=0x0000000000072000
  48500: system.cpu: T0 : 0x22442    : c_sdsp a4, 24(sp)          : MemWrite :  D=0x0000000000000000 A=0x7ffffffffffffd28
  49000: system.cpu: T0 : 0x22444    : ld a4, -24(s0)             : MemRead :  D=0x0000000000000000 A=0x71fe8
  49500: system.cpu: T0 : 0x22448    : lui t2, 114                : IntAlu :  D=0x0000000000072000
  50000: system.cpu: T0 : 0x2244c    : lui t0, 114                : IntAlu :  D=0x0000000000072000
  50500: system.cpu: T0 : 0x22450    : c_sdsp a4, 8(sp)           : MemWrite :  D=0x0000000000000000 A=0x7ffffffffffffd18
  51500: system.cpu: T0 : 0x22452    : ld a4, -1784(gp)           : MemRead :  D=0x0000000000001000 A=0x70960
  52500: system.cpu: T0 : 0x22456    : lui a3, 80                 : IntAlu :  D=0x0000000000050000
  53000: system.cpu: T0 : 0x2245a    : c_sdsp s5, 176(sp)         : MemWrite :  D=0x0000000000000000 A=0x7ffffffffffffdc0
  53500: system.cpu: T0 : 0x2245c    : c_sdsp s6, 168(sp)         : MemWrite :  D=0x0000000000000000 A=0x7ffffffffffffdb8
  54000: system.cpu: T0 : 0x2245e    : c_sdsp s7, 160(sp)         : MemWrite :  D=0x0000000000000000 A=0x7ffffffffffffdb0
  54500: system.cpu: T0 : 0x22460    : c_sdsp s8, 152(sp)         : MemWrite :  D=0x0000000000000000 A=0x7ffffffffffffda8
  55000: system.cpu: T0 : 0x22462    : c_sdsp s10, 136(sp)        : MemWrite :  D=0x0000000000000000 A=0x7ffffffffffffd98
  55500: system.cpu: T0 : 0x22464    : c_sdsp s11, 128(sp)        : MemWrite :  D=0x0000000000000000 A=0x7ffffffffffffd90
  56000: system.cpu: T0 : 0x22466    : c_sdsp a4, 120(sp)         : MemWrite :  D=0x0000000000001000 A=0x7ffffffffffffd88
  56500: system.cpu: T0 : 0x22468    : lw s7, 32(t6)              : MemRead :  D=0x0000000000000000 A=0x72020
  57000: system.cpu: T0 : 0x2246c    : ld s11, 64(t2)             : MemRead :  D=0x0000000000000000 A=0x72040
  57500: system.cpu: T0 : 0x22470    : c_sdsp s9, 144(sp)         : MemWrite :  D=0x0000000000000000 A=0x7ffffffffffffda0
  58000: system.cpu: T0 : 0x22472    : c_li s10, 0                : IntAlu :  D=0x0000000000000000
  58500: system.cpu: T0 : 0x22474    : ld s9, 8(t0)               : MemRead :  D=0x0000000000000000 A=0x72008
  59000: system.cpu: T0 : 0x22478    : c_li s8, 0                 : IntAlu :  D=0x0000000000000000
  59500: system.cpu: T0 : 0x2247a    : c_sdsp zero, 112(sp)       : MemWrite :  D=0x0000000000000000 A=0x7ffffffffffffd80
  60000: system.cpu: T0 : 0x2247c    : c_sdsp zero, 88(sp)        : MemWrite :  D=0x0000000000000000 A=0x7ffffffffffffd68
  60500: system.cpu: T0 : 0x2247e    : c_sdsp zero, 72(sp)        : MemWrite :  D=0x0000000000000000 A=0x7ffffffffffffd58
  61000: system.cpu: T0 : 0x22480    : c_sdsp zero, 56(sp)        : MemWrite :  D=0x0000000000000000 A=0x7ffffffffffffd48
  61500: system.cpu: T0 : 0x22482    : c_sdsp zero, 40(sp)        : MemWrite :  D=0x0000000000000000 A=0x7ffffffffffffd38
  62000: system.cpu: T0 : 0x22484    : c_sdsp zero, 16(sp)        : MemWrite :  D=0x0000000000000000 A=0x7ffffffffffffd20
  62500: system.cpu: T0 : 0x22486    : c_li s6, 0                 : IntAlu :  D=0x0000000000000000
  63000: system.cpu: T0 : 0x22488    : c_li s5, 0                 : IntAlu :  D=0x0000000000000000
  63500: system.cpu: T0 : 0x2248a    : c_li t5, 0                 : IntAlu :  D=0x0000000000000000
  64000: system.cpu: T0 : 0x2248c    : c_li a7, 0                 : IntAlu :  D=0x0000000000000000
  64500: system.cpu: T0 : 0x2248e    : c_li a1, 0                 : IntAlu :  D=0x0000000000000000
  65000: system.cpu: T0 : 0x22490    : c_li a2, 0                 : IntAlu :  D=0x0000000000000000
  65500: system.cpu: T0 : 0x22492    : c_li a4, 30                : IntAlu :  D=0x000000000000001e
  66000: system.cpu: T0 : 0x22494    : addi a3, a3, -728          : IntAlu :  D=0x000000000004fd28
  66500: system.cpu: T0 : 0x22498    : c_addi a5, -3              : IntAlu :  D=0x0000000000000006
  67500: system.cpu: T0 : 0x2249a    : bltu a4, a5, 20            : IntAlu : 
  68000: system.cpu: T0 : 0x2249e    : c_slli a5, 2               : IntAlu :  D=0x0000000000000018
  68500: system.cpu: T0 : 0x224a0    : c_add a5, a3               : IntAlu :  D=0x000000000004fd40
  69000: system.cpu: T0 : 0x224a2    : c_lw a5, 0(a5)             : MemRead :  D=0x00000000000224ae A=0x4fd40
  69500: system.cpu: T0 : 0x224a4    : c_jr a5                    : IntAlu : 
  70000: system.cpu: T0 : 0x224ae    : c_ld a5, 16(a0)            : MemRead :  D=0x0000000000000005 A=0x7fffffffffffff60
  70500: system.cpu: T0 : 0x224b0    : c_addi a0, 16              : IntAlu :  D=0x7fffffffffffff60
  71000: system.cpu: T0 : 0x224b2    : c_bnez a5, -26             : IntAlu : 
  71500: system.cpu: T0 : 0x22498    : c_addi a5, -3              : IntAlu :  D=0x0000000000000002
  72500: system.cpu: T0 : 0x2249a    : bltu a4, a5, 20            : IntAlu : 
  73000: system.cpu: T0 : 0x2249e    : c_slli a5, 2               : IntAlu :  D=0x0000000000000008
  73500: system.cpu: T0 : 0x224a0    : c_add a5, a3               : IntAlu :  D=0x000000000004fd30
  74000: system.cpu: T0 : 0x224a2    : c_lw a5, 0(a5)             : MemRead :  D=0x000000000002262c A=0x4fd30
  74500: system.cpu: T0 : 0x224a4    : c_jr a5                    : IntAlu : 
  75000: system.cpu: T0 : 0x2262c    : c_ld a5, 16(a0)            : MemRead :  D=0x0000000000000004 A=0x7fffffffffffff70
  76000: system.cpu: T0 : 0x2262e    : ld s11, 8(a0)              : MemRead :  D=0x0000000000000006 A=0x7fffffffffffff68
  76500: system.cpu: T0 : 0x22632    : c_li s8, 1                 : IntAlu :  D=0x0000000000000001
  77000: system.cpu: T0 : 0x22634    : c_addi a0, 16              : IntAlu :  D=0x7fffffffffffff70
  78000: system.cpu: T0 : 0x22636    : bne a5, zero, -414         : IntAlu : 
  78500: system.cpu: T0 : 0x22498    : c_addi a5, -3              : IntAlu :  D=0x0000000000000001
  79500: system.cpu: T0 : 0x2249a    : bltu a4, a5, 20            : IntAlu : 
  80000: system.cpu: T0 : 0x2249e    : c_slli a5, 2               : IntAlu :  D=0x0000000000000004
  80500: system.cpu: T0 : 0x224a0    : c_add a5, a3               : IntAlu :  D=0x000000000004fd2c
  81000: system.cpu: T0 : 0x224a2    : c_lw a5, 0(a5)             : MemRead :  D=0x00000000000224ae A=0x4fd2c
  81500: system.cpu: T0 : 0x224a4    : c_jr a5                    : IntAlu : 
  82000: system.cpu: T0 : 0x224ae    : c_ld a5, 16(a0)            : MemRead :  D=0x0000000000000003 A=0x7fffffffffffff80
  82500: system.cpu: T0 : 0x224b0    : c_addi a0, 16              : IntAlu :  D=0x7fffffffffffff80
  83000: system.cpu: T0 : 0x224b2    : c_bnez a5, -26             : IntAlu : 
  83500: system.cpu: T0 : 0x22498    : c_addi a5, -3              : IntAlu :  D=0x0000000000000000
  84500: system.cpu: T0 : 0x2249a    : bltu a4, a5, 20            : IntAlu : 
  85000: system.cpu: T0 : 0x2249e    : c_slli a5, 2               : IntAlu :  D=0x0000000000000000
  85500: system.cpu: T0 : 0x224a0    : c_add a5, a3               : IntAlu :  D=0x000000000004fd28
  86000: system.cpu: T0 : 0x224a2    : c_lw a5, 0(a5)             : MemRead :  D=0x000000000002263c A=0x4fd28
  86500: system.cpu: T0 : 0x224a4    : c_jr a5                    : IntAlu : 
  87000: system.cpu: T0 : 0x2263c    : c_ld a5, 16(a0)            : MemRead :  D=0x0000000000000006 A=0x7fffffffffffff90
  88000: system.cpu: T0 : 0x2263e    : ld s9, 8(a0)               : MemRead :  D=0x0000000000010040 A=0x7fffffffffffff88
  88500: system.cpu: T0 : 0x22642    : c_li s6, 1                 : IntAlu :  D=0x0000000000000001
  89000: system.cpu: T0 : 0x22644    : c_addi a0, 16              : IntAlu :  D=0x7fffffffffffff90
  90000: system.cpu: T0 : 0x22646    : bne a5, zero, -430         : IntAlu : 
  90500: system.cpu: T0 : 0x22498    : c_addi a5, -3              : IntAlu :  D=0x0000000000000003
  91500: system.cpu: T0 : 0x2249a    : bltu a4, a5, 20            : IntAlu : 
  92000: system.cpu: T0 : 0x2249e    : c_slli a5, 2               : IntAlu :  D=0x000000000000000c
  92500: system.cpu: T0 : 0x224a0    : c_add a5, a3               : IntAlu :  D=0x000000000004fd34
  93000: system.cpu: T0 : 0x224a2    : c_lw a5, 0(a5)             : MemRead :  D=0x00000000000224a6 A=0x4fd34
  93500: system.cpu: T0 : 0x224a4    : c_jr a5                    : IntAlu : 
  94000: system.cpu: T0 : 0x224a6    : c_ld a5, 8(a0)             : MemRead :  D=0x0000000000001000 A=0x7fffffffffffff98
  94500: system.cpu: T0 : 0x224a8    : c_beqz a5, 6               : IntAlu : 
  95000: system.cpu: T0 : 0x224aa    : c_sdsp a5, 120(sp)         : MemWrite :  D=0x0000000000001000 A=0x7ffffffffffffd88
  95500: system.cpu: T0 : 0x224ac    : c_li t5, 1                 : IntAlu :  D=0x0000000000000001
  96000: system.cpu: T0 : 0x224ae    : c_ld a5, 16(a0)            : MemRead :  D=0x0000000000000017 A=0x7fffffffffffffa0
  96500: system.cpu: T0 : 0x224b0    : c_addi a0, 16              : IntAlu :  D=0x7fffffffffffffa0
  97000: system.cpu: T0 : 0x224b2    : c_bnez a5, -26             : IntAlu : 
  97500: system.cpu: T0 : 0x22498    : c_addi a5, -3              : IntAlu :  D=0x0000000000000014
  98500: system.cpu: T0 : 0x2249a    : bltu a4, a5, 20            : IntAlu : 
  99000: system.cpu: T0 : 0x2249e    : c_slli a5, 2               : IntAlu :  D=0x0000000000000050
  99500: system.cpu: T0 : 0x224a0    : c_add a5, a3               : IntAlu :  D=0x000000000004fd78
 100000: system.cpu: T0 : 0x224a2    : c_lw a5, 0(a5)             : MemRead :  D=0x0000000000022580 A=0x4fd78
 100500: system.cpu: T0 : 0x224a4    : c_jr a5                    : IntAlu : 
 101000: system.cpu: T0 : 0x22580    : c_lw a5, 8(a0)             : MemRead :  D=0x0000000000000000 A=0x7fffffffffffffa8
 101500: system.cpu: T0 : 0x22582    : c_li a2, -1                : IntAlu :  D=0xffffffffffffffff
 102000: system.cpu: T0 : 0x22584    : c_addi a0, 16              : IntAlu :  D=0x7fffffffffffffb0
 102500: system.cpu: T0 : 0x22586    : c_sdsp a5, 80(sp)          : MemWrite :  D=0x0000000000000000 A=0x7ffffffffffffd60
 103000: system.cpu: T0 : 0x22588    : c_li a5, 1                 : IntAlu :  D=0x0000000000000001
 103500: system.cpu: T0 : 0x2258a    : c_sdsp a5, 96(sp)          : MemWrite :  D=0x0000000000000001 A=0x7ffffffffffffd70
 104000: system.cpu: T0 : 0x2258c    : c_sdsp a5, 88(sp)          : MemWrite :  D=0x0000000000000001 A=0x7ffffffffffffd68
 104500: system.cpu: T0 : 0x2258e    : c_ld a5, 0(a0)             : MemRead :  D=0x0000000000000019 A=0x7fffffffffffffb0
 105000: system.cpu: T0 : 0x22590    : c_bnez a5, -248            : IntAlu : 
 105500: system.cpu: T0 : 0x22498    : c_addi a5, -3              : IntAlu :  D=0x0000000000000016
 106500: system.cpu: T0 : 0x2249a    : bltu a4, a5, 20            : IntAlu : 
 107000: system.cpu: T0 : 0x2249e    : c_slli a5, 2               : IntAlu :  D=0x0000000000000058
 107500: system.cpu: T0 : 0x224a0    : c_add a5, a3               : IntAlu :  D=0x000000000004fd80
 108000: system.cpu: T0 : 0x224a2    : c_lw a5, 0(a5)             : MemRead :  D=0x0000000000022570 A=0x4fd80
 108500: system.cpu: T0 : 0x224a4    : c_jr a5                    : IntAlu : 
 109000: system.cpu: T0 : 0x22570    : c_ld a5, 8(a0)             : MemRead :  D=0x7fffffffffffffd8 A=0x7fffffffffffffb8
 109500: system.cpu: T0 : 0x22572    : c_addi a0, 16              : IntAlu :  D=0x7fffffffffffffc0
 110000: system.cpu: T0 : 0x22574    : c_sdsp a5, 104(sp)         : MemWrite :  D=0x7fffffffffffffd8 A=0x7ffffffffffffd78
 110500: system.cpu: T0 : 0x22576    : c_li a5, 1                 : IntAlu :  D=0x0000000000000001
 111000: system.cpu: T0 : 0x22578    : c_sdsp a5, 112(sp)         : MemWrite :  D=0x0000000000000001 A=0x7ffffffffffffd80
 111500: system.cpu: T0 : 0x2257a    : c_ld a5, 0(a0)             : MemRead :  D=0x0000000000000000 A=0x7fffffffffffffc0
 112000: system.cpu: T0 : 0x2257c    : c_bnez a5, -228            : IntAlu : 
 112500: system.cpu: T0 : 0x2257e    : c_j -202                   : IntAlu : 
 113000: system.cpu: T0 : 0x224b4    : bne t5, zero, 408          : IntAlu : 
 113500: system.cpu: T0 : 0x2264c    : c_ldsp a5, 120(sp)         : MemRead :  D=0x0000000000001000 A=0x7ffffffffffffd88
 114500: system.cpu: T0 : 0x2264e    : sd a5, -1784(gp)           : MemWrite :  D=0x0000000000001000 A=0x70960
 115500: system.cpu: T0 : 0x22652    : bne s5, zero, -406         : IntAlu : 
 116000: system.cpu: T0 : 0x22656    : c_j -406                   : IntAlu : 
 116500: system.cpu: T0 : 0x224c0    : beq s6, zero, 8            : IntAlu : 
 117000: system.cpu: T0 : 0x224c4    : sd s9, 8(t0)               : MemWrite :  D=0x0000000000010040 A=0x72008
 117500: system.cpu: T0 : 0x224c8    : beq s8, zero, 8            : IntAlu : 
 118000: system.cpu: T0 : 0x224cc    : sd s11, 64(t2)             : MemWrite :  D=0x0000000000000006 A=0x72040
 118500: system.cpu: T0 : 0x224d0    : beq s10, zero, 10          : IntAlu : 
 119000: system.cpu: T0 : 0x224da    : c_ldsp a5, 16(sp)          : MemRead :  D=0x0000000000000000 A=0x7ffffffffffffd20
 119500: system.cpu: T0 : 0x224dc    : c_beqz a5, 8               : IntAlu : 
 120000: system.cpu: T0 : 0x224e4    : c_ldsp a5, 40(sp)          : MemRead :  D=0x0000000000000000 A=0x7ffffffffffffd38
 120500: system.cpu: T0 : 0x224e6    : c_beqz a5, 8               : IntAlu : 
 121000: system.cpu: T0 : 0x224ee    : c_ldsp a5, 56(sp)          : MemRead :  D=0x0000000000000000 A=0x7ffffffffffffd48
 121500: system.cpu: T0 : 0x224f0    : c_beqz a5, 8               : IntAlu : 
 122000: system.cpu: T0 : 0x224f8    : c_ldsp a5, 72(sp)          : MemRead :  D=0x0000000000000000 A=0x7ffffffffffffd58
 122500: system.cpu: T0 : 0x224fa    : c_beqz a5, 8               : IntAlu : 
 123000: system.cpu: T0 : 0x22502    : c_ldsp a5, 88(sp)          : MemRead :  D=0x0000000000000001 A=0x7ffffffffffffd68
 123500: system.cpu: T0 : 0x22504    : c_beqz a5, 14              : IntAlu : 
 124000: system.cpu: T0 : 0x22506    : c_ldsp a5, 80(sp)          : MemRead :  D=0x0000000000000000 A=0x7ffffffffffffd60
 124500: system.cpu: T0 : 0x22508    : sw a5, -72(t3)             : MemWrite :  D=0x0000000000000000 A=0x6efb8
 125000: system.cpu: T0 : 0x2250c    : c_ldsp a5, 96(sp)          : MemRead :  D=0x0000000000000001 A=0x7ffffffffffffd70
 126000: system.cpu: T0 : 0x2250e    : sw a5, 112(t1)             : MemWrite :  D=0x0000000000000001 A=0x72070
 126500: system.cpu: T0 : 0x22512    : c_ldsp a5, 112(sp)         : MemRead :  D=0x0000000000000001 A=0x7ffffffffffffd80
 127000: system.cpu: T0 : 0x22514    : c_beqz a5, 8               : IntAlu : 
 127500: system.cpu: T0 : 0x22516    : c_ldsp a5, 104(sp)         : MemRead :  D=0x7fffffffffffffd8 A=0x7ffffffffffffd78
 128000: system.cpu: T0 : 0x22518    : sd a5, 0(a6)               : MemWrite :  D=0x7fffffffffffffd8 A=0x6ef80
 128500: system.cpu: T0 : 0x2251c    : c_li a5, 15                : IntAlu :  D=0x000000000000000f
 129500: system.cpu: T0 : 0x2251e    : bne a2, a5, 22             : IntAlu : 
 130000: system.cpu: T0 : 0x22534    : c_ldsp s0, 216(sp)         : MemRead :  D=0x0000000000010b64 A=0x7ffffffffffffde8
 130500: system.cpu: T0 : 0x22536    : c_ldsp s1, 208(sp)         : MemRead :  D=0x0000000000010bf4 A=0x7ffffffffffffde0
 131000: system.cpu: T0 : 0x22538    : c_ldsp s2, 200(sp)         : MemRead :  D=0x0000000000000000 A=0x7ffffffffffffdd8
 131500: system.cpu: T0 : 0x2253a    : c_ldsp s3, 192(sp)         : MemRead :  D=0x0000000000000000 A=0x7ffffffffffffdd0
 132000: system.cpu: T0 : 0x2253c    : c_ldsp s4, 184(sp)         : MemRead :  D=0x0000000000000000 A=0x7ffffffffffffdc8
 132500: system.cpu: T0 : 0x2253e    : c_ldsp s5, 176(sp)         : MemRead :  D=0x0000000000000000 A=0x7ffffffffffffdc0
 133000: system.cpu: T0 : 0x22540    : c_ldsp s6, 168(sp)         : MemRead :  D=0x0000000000000000 A=0x7ffffffffffffdb8
 133500: system.cpu: T0 : 0x22542    : c_ldsp s7, 160(sp)         : MemRead :  D=0x0000000000000000 A=0x7ffffffffffffdb0
 134000: system.cpu: T0 : 0x22544    : c_ldsp s8, 152(sp)         : MemRead :  D=0x0000000000000000 A=0x7ffffffffffffda8
 134500: system.cpu: T0 : 0x22546    : c_ldsp s9, 144(sp)         : MemRead :  D=0x0000000000000000 A=0x7ffffffffffffda0
 135000: system.cpu: T0 : 0x22548    : c_ldsp s10, 136(sp)        : MemRead :  D=0x0000000000000000 A=0x7ffffffffffffd98
 135500: system.cpu: T0 : 0x2254a    : c_ldsp s11, 128(sp)        : MemRead :  D=0x0000000000000000 A=0x7ffffffffffffd90
 136000: system.cpu: T0 : 0x2254c    : c_addi16sp sp, 224         : IntAlu :  D=0x7ffffffffffffdf0
 136500: system.cpu: T0 : 0x2254e    : c_jr ra                    : IntAlu : 
 137500: system.cpu: T0 : 0x106e6    : lui a5, 114                : IntAlu :  D=0x0000000000072000
 138500: system.cpu: T0 : 0x106ea    : ld a4, 8(a5)               : MemRead :  D=0x0000000000010040 A=0x72008
 139500: system.cpu: T0 : 0x106ee    : beq a4, zero, 320          : IntAlu : 
 140500: system.cpu: T0 : 0x106f2    : jal ra, 75468              : IntAlu :  D=0x00000000000106f6
 141500: system.cpu: T0 : 0x22dbe    : lui a5, 114                : IntAlu :  D=0x0000000000072000
 142500: system.cpu: T0 : 0x22dc2    : lw a5, 112(a5)             : MemRead :  D=0x0000000000000001 A=0x72070
 143000: system.cpu: T0 : 0x22dc6    : c_beqz a5, 4               : IntAlu : 
 143500: system.cpu: T0 : 0x22dc8    : c_jr ra                    : IntAlu : 
 144500: system.cpu: T0 : 0x106f6    : ld a0, -1360(gp)           : MemRead :  D=0x7fffffffffffff48 A=0x70b08
 145500: system.cpu: T0 : 0x106fa    : jal ra, 71966              : IntAlu :  D=0x00000000000106fe
 146000: system.cpu: T0 : 0x22018    : c_addi16sp sp, -128        : IntAlu :  D=0x7ffffffffffffd70
 146500: system.cpu: T0 : 0x2201a    : c_sdsp s4, 80(sp)          : MemWrite :  D=0x0000000000000000 A=0x7ffffffffffffdc0
 147000: system.cpu: T0 : 0x2201c    : lui s4, 111                : IntAlu :  D=0x000000000006f000
 147500: system.cpu: T0 : 0x22020    : lw a5, -72(s4)             : MemRead :  D=0x0000000000000000 A=0x6efb8
 148000: system.cpu: T0 : 0x22024    : c_sdsp s7, 56(sp)          : MemWrite :  D=0x0000000000000000 A=0x7ffffffffffffda8
 148500: system.cpu: T0 : 0x22026    : c_sdsp ra, 120(sp)         : MemWrite :  D=0x00000000000106fe A=0x7ffffffffffffde8
 149000: system.cpu: T0 : 0x22028    : c_sdsp s0, 112(sp)         : MemWrite :  D=0x0000000000010b64 A=0x7ffffffffffffde0
 149500: system.cpu: T0 : 0x2202a    : c_sdsp s1, 104(sp)         : MemWrite :  D=0x0000000000010bf4 A=0x7ffffffffffffdd8
 150000: system.cpu: T0 : 0x2202c    : c_sdsp s2, 96(sp)          : MemWrite :  D=0x0000000000000000 A=0x7ffffffffffffdd0
 150500: system.cpu: T0 : 0x2202e    : c_sdsp s3, 88(sp)          : MemWrite :  D=0x0000000000000000 A=0x7ffffffffffffdc8
 151000: system.cpu: T0 : 0x22030    : c_sdsp s5, 72(sp)          : MemWrite :  D=0x0000000000000000 A=0x7ffffffffffffdb8
 151500: system.cpu: T0 : 0x22032    : c_sdsp s6, 64(sp)          : MemWrite :  D=0x0000000000000000 A=0x7ffffffffffffdb0
 152000: system.cpu: T0 : 0x22034    : c_sdsp s8, 48(sp)          : MemWrite :  D=0x0000000000000000 A=0x7ffffffffffffda0
 152500: system.cpu: T0 : 0x22036    : c_sdsp s9, 40(sp)          : MemWrite :  D=0x0000000000000000 A=0x7ffffffffffffd98
 153000: system.cpu: T0 : 0x22038    : c_sdsp s10, 32(sp)         : MemWrite :  D=0x0000000000000000 A=0x7ffffffffffffd90
 153500: system.cpu: T0 : 0x2203a    : c_sdsp s11, 24(sp)         : MemWrite :  D=0x0000000000000000 A=0x7ffffffffffffd88
 154000: system.cpu: T0 : 0x2203c    : c_mv s7, a0                : IntAlu :  D=0x7fffffffffffff48
 155000: system.cpu: T0 : 0x2203e    : bne a5, zero, 750          : IntAlu : 
 156000: system.cpu: T0 : 0x22042    : lui s0, 111                : IntAlu :  D=0x000000000006f000
 157000: system.cpu: T0 : 0x22046    : addi s3, zero, 61          : IntAlu :  D=0x000000000000003d
 158000: system.cpu: T0 : 0x2204a    : lui s1, 80                 : IntAlu :  D=0x0000000000050000
 159000: system.cpu: T0 : 0x2204e    : addi s6, s0, -1248         : IntAlu :  D=0x000000000006eb20
 160000: system.cpu: T0 : 0x22052    : beq s7, zero, 166          : IntAlu : 
 160500: system.cpu: T0 : 0x22056    : c_mv a3, s7                : IntAlu :  D=0x7fffffffffffff48
 161000: system.cpu: T0 : 0x22058    : ld s9, 0(a3)               : MemRead :  D=0x0000000000000000 A=0x7fffffffffffff48
 161500: system.cpu: T0 : 0x2205c    : c_mv s5, a3                : IntAlu :  D=0x7fffffffffffff48
 162500: system.cpu: T0 : 0x2205e    : beq s9, zero, 154          : IntAlu : 
 163000: system.cpu: T0 : 0x220f8    : c_ldsp ra, 120(sp)         : MemRead :  D=0x00000000000106fe A=0x7ffffffffffffde8
 163500: system.cpu: T0 : 0x220fa    : c_ldsp s0, 112(sp)         : MemRead :  D=0x0000000000010b64 A=0x7ffffffffffffde0
 164000: system.cpu: T0 : 0x220fc    : c_ldsp s1, 104(sp)         : MemRead :  D=0x0000000000010bf4 A=0x7ffffffffffffdd8
 164500: system.cpu: T0 : 0x220fe    : c_ldsp s2, 96(sp)          : MemRead :  D=0x0000000000000000 A=0x7ffffffffffffdd0
 165000: system.cpu: T0 : 0x22100    : c_ldsp s3, 88(sp)          : MemRead :  D=0x0000000000000000 A=0x7ffffffffffffdc8
 165500: system.cpu: T0 : 0x22102    : c_ldsp s4, 80(sp)          : MemRead :  D=0x0000000000000000 A=0x7ffffffffffffdc0
 166000: system.cpu: T0 : 0x22104    : c_ldsp s5, 72(sp)          : MemRead :  D=0x0000000000000000 A=0x7ffffffffffffdb8
 166500: system.cpu: T0 : 0x22106    : c_ldsp s6, 64(sp)          : MemRead :  D=0x0000000000000000 A=0x7ffffffffffffdb0
 167000: system.cpu: T0 : 0x22108    : c_ldsp s7, 56(sp)          : MemRead :  D=0x0000000000000000 A=0x7ffffffffffffda8
 167500: system.cpu: T0 : 0x2210a    : c_ldsp s8, 48(sp)          : MemRead :  D=0x0000000000000000 A=0x7ffffffffffffda0
 168000: system.cpu: T0 : 0x2210c    : c_ldsp s9, 40(sp)          : MemRead :  D=0x0000000000000000 A=0x7ffffffffffffd98
 168500: system.cpu: T0 : 0x2210e    : c_ldsp s10, 32(sp)         : MemRead :  D=0x0000000000000000 A=0x7ffffffffffffd90
 169000: system.cpu: T0 : 0x22110    : c_ldsp s11, 24(sp)         : MemRead :  D=0x0000000000000000 A=0x7ffffffffffffd88
 169500: system.cpu: T0 : 0x22112    : c_addi16sp sp, 128         : IntAlu :  D=0x7ffffffffffffdf0
 170000: system.cpu: T0 : 0x22114    : c_jr ra                    : IntAlu : 
 171000: system.cpu: T0 : 0x106fe    : jal ra, 664                : IntAlu :  D=0x0000000000010702
 171500: system.cpu: T0 : 0x10996    : c_addi16sp sp, -128        : IntAlu :  D=0x7ffffffffffffd70
 172000: system.cpu: T0 : 0x10998    : lui a5, 114                : IntAlu :  D=0x0000000000072000
 172500: system.cpu: T0 : 0x1099c    : c_sdsp s0, 112(sp)         : MemWrite :  D=0x0000000000010b64 A=0x7ffffffffffffde0
 173500: system.cpu: T0 : 0x1099e    : ld s0, 8(a5)               : MemRead :  D=0x0000000000010040 A=0x72008
 174000: system.cpu: T0 : 0x109a2    : c_sdsp s3, 88(sp)          : MemWrite :  D=0x0000000000000000 A=0x7ffffffffffffdc8
 174500: system.cpu: T0 : 0x109a4    : lui a5, 112                : IntAlu :  D=0x0000000000070000
 175000: system.cpu: T0 : 0x109a8    : c_sdsp ra, 120(sp)         : MemWrite :  D=0x0000000000010702 A=0x7ffffffffffffde8
 175500: system.cpu: T0 : 0x109aa    : c_sdsp s1, 104(sp)         : MemWrite :  D=0x0000000000010bf4 A=0x7ffffffffffffdd8
 176000: system.cpu: T0 : 0x109ac    : c_sdsp s2, 96(sp)          : MemWrite :  D=0x0000000000000000 A=0x7ffffffffffffdd0
 176500: system.cpu: T0 : 0x109ae    : c_sdsp s4, 80(sp)          : MemWrite :  D=0x0000000000000000 A=0x7ffffffffffffdc0
 177000: system.cpu: T0 : 0x109b0    : c_sdsp s5, 72(sp)          : MemWrite :  D=0x0000000000000000 A=0x7ffffffffffffdb8
 177500: system.cpu: T0 : 0x109b2    : c_sdsp s6, 64(sp)          : MemWrite :  D=0x0000000000000000 A=0x7ffffffffffffdb0
 178000: system.cpu: T0 : 0x109b4    : c_sdsp s7, 56(sp)          : MemWrite :  D=0x0000000000000000 A=0x7ffffffffffffda8
 178500: system.cpu: T0 : 0x109b6    : c_sdsp s8, 48(sp)          : MemWrite :  D=0x0000000000000000 A=0x7ffffffffffffda0
 179000: system.cpu: T0 : 0x109b8    : c_sdsp s9, 40(sp)          : MemWrite :  D=0x0000000000000000 A=0x7ffffffffffffd98
 179500: system.cpu: T0 : 0x109ba    : c_sdsp s10, 32(sp)         : MemWrite :  D=0x0000000000000000 A=0x7ffffffffffffd90
 180000: system.cpu: T0 : 0x109bc    : c_sdsp s11, 24(sp)         : MemWrite :  D=0x0000000000000000 A=0x7ffffffffffffd88
 181000: system.cpu: T0 : 0x109be    : ld s3, 816(a5)             : MemRead :  D=0x000000000006fe60 A=0x70330
 182000: system.cpu: T0 : 0x109c2    : beq s0, zero, 368          : IntAlu : 
 183000: system.cpu: T0 : 0x109c6    : lui a5, 114                : IntAlu :  D=0x0000000000072000
 184000: system.cpu: T0 : 0x109ca    : ld a5, 64(a5)              : MemRead :  D=0x0000000000000006 A=0x72040
 185000: system.cpu: T0 : 0x109ce    : slli a4, a5, 3             : IntAlu :  D=0x0000000000000030
 185500: system.cpu: T0 : 0x109d2    : c_sub a4, a5               : IntAlu :  D=0x000000000000002a
 186000: system.cpu: T0 : 0x109d4    : c_slli a4, 3               : IntAlu :  D=0x0000000000000150
 186500: system.cpu: T0 : 0x109d6    : c_add a4, s0               : IntAlu :  D=0x0000000000010190
 187000: system.cpu: T0 : 0x109d8    : bgeu s0, a4, 322           : IntAlu : 
 187500: system.cpu: T0 : 0x109dc    : c_li a3, 7                 : IntAlu :  D=0x0000000000000007
 188000: system.cpu: T0 : 0x109de    : c_j 10                     : IntAlu : 
 188500: system.cpu: T0 : 0x109e8    : c_lw a5, 0(s0)             : MemRead :  D=0x0000000000000001 A=0x10040
 189500: system.cpu: T0 : 0x109ea    : bne a5, a3, -10            : IntAlu : 
 190000: system.cpu: T0 : 0x109e0    : addi s0, s0, 56            : IntAlu :  D=0x0000000000010078
 190500: system.cpu: T0 : 0x109e4    : bgeu s0, a4, 310           : IntAlu : 
 191000: system.cpu: T0 : 0x109e8    : c_lw a5, 0(s0)             : MemRead :  D=0x0000000000000001 A=0x10078
 192000: system.cpu: T0 : 0x109ea    : bne a5, a3, -10            : IntAlu : 
 192500: system.cpu: T0 : 0x109e0    : addi s0, s0, 56            : IntAlu :  D=0x00000000000100b0
 193000: system.cpu: T0 : 0x109e4    : bgeu s0, a4, 310           : IntAlu : 
 193500: system.cpu: T0 : 0x109e8    : c_lw a5, 0(s0)             : MemRead :  D=0x0000000000000004 A=0x100b0
 194500: system.cpu: T0 : 0x109ea    : bne a5, a3, -10            : IntAlu : 
 195000: system.cpu: T0 : 0x109e0    : addi s0, s0, 56            : IntAlu :  D=0x00000000000100e8
 195500: system.cpu: T0 : 0x109e4    : bgeu s0, a4, 310           : IntAlu : 
 196000: system.cpu: T0 : 0x109e8    : c_lw a5, 0(s0)             : MemRead :  D=0x0000000000000007 A=0x100e8
 197000: system.cpu: T0 : 0x109ea    : bne a5, a3, -10            : IntAlu : 
 198000: system.cpu: T0 : 0x109ee    : ld s5, 48(s0)              : MemRead :  D=0x0000000000000008 A=0x10118
 199000: system.cpu: T0 : 0x109f2    : ld a1, 0(s3)               : MemRead :  D=0x0000000000000000 A=0x6fe60
 199500: system.cpu: T0 : 0x109f6    : c_ld a4, 16(s0)            : MemRead :  D=0x000000000006ead0 A=0x100f8
 200000: system.cpu: T0 : 0x109f8    : c_li a5, 16                : IntAlu :  D=0x0000000000000010
 201000: system.cpu: T0 : 0x109fa    : ld s10, 40(s0)             : MemRead :  D=0x0000000000000060 A=0x10110
 202000: system.cpu: T0 : 0x109fe    : ld s4, 32(s0)              : MemRead :  D=0x0000000000000020 A=0x10108
 202500: system.cpu: T0 : 0x10a02    : c_mv s8, s5                : IntAlu :  D=0x0000000000000008
 203000: system.cpu: T0 : 0x10a04    : add s0, a1, a4             : IntAlu :  D=0x000000000006ead0
 203500: system.cpu: T0 : 0x10a08    : bltu s5, a5, 260           : IntAlu : 
 204000: system.cpu: T0 : 0x10b0c    : c_li s8, 16                : IntAlu :  D=0x0000000000000010
 205000: system.cpu: T0 : 0x10b0e    : addi a4, s8, -1            : IntAlu :  D=0x000000000000000f
 205500: system.cpu: T0 : 0x10b12    : c_mv s9, s5                : IntAlu :  D=0x0000000000000008
 206000: system.cpu: T0 : 0x10b14    : bne s5, zero, -254         : IntAlu : 
 207000: system.cpu: T0 : 0x10a16    : sub s11, zero, s8          : IntAlu :  D=0xfffffffffffffff0
 208000: system.cpu: T0 : 0x10a1a    : beq s5, zero, 302          : IntAlu : 
 209000: system.cpu: T0 : 0x10a1e    : addi s2, s5, -1            : IntAlu :  D=0x0000000000000007
 210000: system.cpu: T0 : 0x10a22    : divu a5, s2, s9            : IntDiv :  D=0x0000000000000000
 210500: system.cpu: T0 : 0x10a26    : c_add s2, s10              : IntAlu :  D=0x0000000000000067
 211000: system.cpu: T0 : 0x10a28    : mul s7, a5, s9             : IntMult :  D=0x0000000000000000
 211500: system.cpu: T0 : 0x10a2c    : c_mv a5, s7                : IntAlu :  D=0x0000000000000000
 212500: system.cpu: T0 : 0x10a2e    : ld a0, -1968(gp)           : MemRead :  D=0x0000000000000800 A=0x708a8
 213000: system.cpu: T0 : 0x10a32    : c_sdsp a5, 8(sp)           : MemWrite :  D=0x0000000000000000 A=0x7ffffffffffffd78
 213500: system.cpu: T0 : 0x10a34    : c_sdsp a4, 0(sp)           : MemWrite :  D=0x000000000000000f A=0x7ffffffffffffd70
 214500: system.cpu: T0 : 0x10a36    : addi a0, a0, 1808          : IntAlu :  D=0x0000000000000f10
 215000: system.cpu: T0 : 0x10a3a    : c_add a0, s10              : IntAlu :  D=0x0000000000000f70
 215500: system.cpu: T0 : 0x10a3c    : c_add a0, s8               : IntAlu :  D=0x0000000000000f80
 216000: system.cpu: T0 : 0x10a3e    : c_add a0, s7               : IntAlu :  D=0x0000000000000f80
 216500: system.cpu: T0 : 0x10a40    : jal ra, 67204              : IntAlu :  D=0x0000000000010a44
 217000: system.cpu: T0 : 0x210c4    : c_addi sp, -32             : IntAlu :  D=0x7ffffffffffffd50
 217500: system.cpu: T0 : 0x210c6    : c_sdsp s2, 0(sp)           : MemWrite :  D=0x0000000000000067 A=0x7ffffffffffffd50
 218000: system.cpu: T0 : 0x210c8    : c_sdsp s1, 8(sp)           : MemWrite :  D=0x0000000000010bf4 A=0x7ffffffffffffd58
 219000: system.cpu: T0 : 0x210ca    : ld s1, -1200(gp)           : MemRead :  D=0x0000000000000000 A=0x70ba8
 219500: system.cpu: T0 : 0x210ce    : c_sdsp s0, 16(sp)          : MemWrite :  D=0x000000000006ead0 A=0x7ffffffffffffd60
 220000: system.cpu: T0 : 0x210d0    : c_sdsp ra, 24(sp)          : MemWrite :  D=0x0000000000010a44 A=0x7ffffffffffffd68
 220500: system.cpu: T0 : 0x210d2    : c_mv s0, a0                : IntAlu :  D=0x0000000000000f80
 221000: system.cpu: T0 : 0x210d4    : c_beqz s1, 46              : IntAlu : 
 221500: system.cpu: T0 : 0x21102    : c_li a0, 0                 : IntAlu :  D=0x0000000000000000
 222000: system.cpu: T0 : 0x21104    : jal ra, 98418              : IntAlu :  D=0x0000000000021108
 222500: system.cpu: T0 : 0x39176    : c_mv a5, a0                : IntAlu :  D=0x0000000000000000
 223000: system.cpu: T0 : 0x39178    : addi a7, zero, 214         : IntAlu :  D=0x00000000000000d6
 223500: system.cpu: T0 : 0x3917c    : ecall                      : No_OpClass : 
 224000: system.cpu: T0 : 0x39180    : sd a0, -1200(gp)           : MemWrite :  D=0x0000000000073000 A=0x70ba8
 224500: system.cpu: T0 : 0x39184    : bltu a0, a5, 8             : IntAlu : 
 225000: system.cpu: T0 : 0x39188    : c_li a0, 0                 : IntAlu :  D=0x0000000000000000
 225500: system.cpu: T0 : 0x3918a    : c_jr ra                    : IntAlu : 
 226000: system.cpu: T0 : 0x21108    : blt a0, zero, -22          : IntAlu : 
 226500: system.cpu: T0 : 0x2110c    : ld s1, -1200(gp)           : MemRead :  D=0x0000000000073000 A=0x70ba8
 227000: system.cpu: T0 : 0x21110    : c_j -52                    : IntAlu : 
 227500: system.cpu: T0 : 0x210dc    : c_beqz s0, 24              : IntAlu : 
 228500: system.cpu: T0 : 0x210de    : bge zero, s0, 52           : IntAlu : 
 229500: system.cpu: T0 : 0x210e2    : add a5, s0, s1             : IntAlu :  D=0x0000000000073f80
 230500: system.cpu: T0 : 0x210e6    : sltu a5, a5, s1            : IntAlu :  D=0x0000000000000000
 231000: system.cpu: T0 : 0x210ea    : c_beqz a5, 50              : IntAlu : 
 231500: system.cpu: T0 : 0x2111c    : add a0, s1, s0             : IntAlu :  D=0x0000000000073f80
 232000: system.cpu: T0 : 0x21120    : jal ra, 98390              : IntAlu :  D=0x0000000000021124
 232500: system.cpu: T0 : 0x39176    : c_mv a5, a0                : IntAlu :  D=0x0000000000073f80
 233000: system.cpu: T0 : 0x39178    : addi a7, zero, 214         : IntAlu :  D=0x00000000000000d6
 233500: system.cpu: T0 : 0x3917c    : ecall                      : No_OpClass : 
 234000: system.cpu: T0 : 0x39180    : sd a0, -1200(gp)           : MemWrite :  D=0x0000000000073f80 A=0x70ba8
 234500: system.cpu: T0 : 0x39184    : bltu a0, a5, 8             : IntAlu : 
 235000: system.cpu: T0 : 0x39188    : c_li a0, 0                 : IntAlu :  D=0x0000000000000000
 235500: system.cpu: T0 : 0x3918a    : c_jr ra                    : IntAlu : 
 236000: system.cpu: T0 : 0x21124    : blt a0, zero, -50          : IntAlu : 
 236500: system.cpu: T0 : 0x21128    : c_ldsp ra, 24(sp)          : MemRead :  D=0x0000000000010a44 A=0x7ffffffffffffd68
 237000: system.cpu: T0 : 0x2112a    : c_ldsp s0, 16(sp)          : MemRead :  D=0x000000000006ead0 A=0x7ffffffffffffd60
 237500: system.cpu: T0 : 0x2112c    : c_ldsp s2, 0(sp)           : MemRead :  D=0x0000000000000067 A=0x7ffffffffffffd50
 238000: system.cpu: T0 : 0x2112e    : c_mv a0, s1                : IntAlu :  D=0x0000000000073000
 238500: system.cpu: T0 : 0x21130    : c_ldsp s1, 8(sp)           : MemRead :  D=0x0000000000010bf4 A=0x7ffffffffffffd58
 239000: system.cpu: T0 : 0x21132    : c_addi16sp sp, 32          : IntAlu :  D=0x7ffffffffffffd70
 239500: system.cpu: T0 : 0x21134    : c_jr ra                    : IntAlu : 
 240000: system.cpu: T0 : 0x10a44    : divu s2, s2, s9            : IntDiv :  D=0x000000000000000c
 240500: system.cpu: T0 : 0x10a48    : c_ldsp a4, 0(sp)           : MemRead :  D=0x000000000000000f A=0x7ffffffffffffd70
 241000: system.cpu: T0 : 0x10a4a    : c_ldsp a5, 8(sp)           : MemRead :  D=0x0000000000000000 A=0x7ffffffffffffd78
 241500: system.cpu: T0 : 0x10a4c    : addi s1, a0, 1808          : IntAlu :  D=0x0000000000073710
 242000: system.cpu: T0 : 0x10a50    : c_add s1, a4               : IntAlu :  D=0x000000000007371f
 243000: system.cpu: T0 : 0x10a52    : and s1, s1, s11            : IntAlu :  D=0x0000000000073710
 244000: system.cpu: T0 : 0x10a56    : lui a4, 114                : IntAlu :  D=0x0000000000072000
 245000: system.cpu: T0 : 0x10a5a    : addi a4, a4, -1208         : IntAlu :  D=0x0000000000071b48
 246000: system.cpu: T0 : 0x10a5e    : add a0, s1, s7             : IntAlu :  D=0x0000000000073710
 247000: system.cpu: T0 : 0x10a62    : sd a5, 1088(s3)            : MemWrite :  D=0x0000000000000000 A=0x702a0
 248000: system.cpu: T0 : 0x10a66    : addi a5, zero, 62          : IntAlu :  D=0x000000000000003e
 248500: system.cpu: T0 : 0x10a6a    : c_mv a2, s4                : IntAlu :  D=0x0000000000000020
 249000: system.cpu: T0 : 0x10a6c    : c_sd a5, 0(a4)             : MemWrite :  D=0x000000000000003e A=0x71b48
 249500: system.cpu: T0 : 0x10a6e    : c_mv a1, s0                : IntAlu :  D=0x000000000006ead0
 250000: system.cpu: T0 : 0x10a70    : c_sd a0, 32(a4)            : MemWrite :  D=0x0000000000073710 A=0x71b68
 251000: system.cpu: T0 : 0x10a72    : sd zero, 40(a4)            : MemWrite :  D=0x0000000000000000 A=0x71b70
 252000: system.cpu: T0 : 0x10a76    : jal ra, 61666              : IntAlu :  D=0x0000000000010a7a
 252500: system.cpu: T0 : 0x1fb58    : c_addi16sp sp, -48         : IntAlu :  D=0x7ffffffffffffd40
 253000: system.cpu: T0 : 0x1fb5a    : c_sdsp s0, 32(sp)          : MemWrite :  D=0x000000000006ead0 A=0x7ffffffffffffd60
 253500: system.cpu: T0 : 0x1fb5c    : c_sdsp s2, 16(sp)          : MemWrite :  D=0x000000000000000c A=0x7ffffffffffffd50
 254000: system.cpu: T0 : 0x1fb5e    : c_sdsp ra, 40(sp)          : MemWrite :  D=0x0000000000010a7a A=0x7ffffffffffffd68
 254500: system.cpu: T0 : 0x1fb60    : c_sdsp s1, 24(sp)          : MemWrite :  D=0x0000000000073710 A=0x7ffffffffffffd58
 255000: system.cpu: T0 : 0x1fb62    : c_sdsp s3, 8(sp)           : MemWrite :  D=0x000000000006fe60 A=0x7ffffffffffffd48
 255500: system.cpu: T0 : 0x1fb64    : c_li a5, 15                : IntAlu :  D=0x000000000000000f
 256000: system.cpu: T0 : 0x1fb66    : c_mv s2, a0                : IntAlu :  D=0x0000000000073710
 256500: system.cpu: T0 : 0x1fb68    : c_mv a4, a0                : IntAlu :  D=0x0000000000073710
 257000: system.cpu: T0 : 0x1fb6a    : c_mv s0, a1                : IntAlu :  D=0x000000000006ead0
 257500: system.cpu: T0 : 0x1fb6c    : bgeu a5, a2, 72            : IntAlu : 
 258000: system.cpu: T0 : 0x1fb70    : sub a0, zero, a0           : IntAlu :  D=0xfffffffffff8c8f0
 258500: system.cpu: T0 : 0x1fb74    : c_andi a0, 7               : IntAlu :  D=0x0000000000000000
 259500: system.cpu: T0 : 0x1fb76    : sub s1, a2, a0             : IntAlu :  D=0x0000000000000020
 260000: system.cpu: T0 : 0x1fb7a    : c_beqz a0, 110             : IntAlu : 
 260500: system.cpu: T0 : 0x1fbe8    : c_mv s3, s2                : IntAlu :  D=0x0000000000073710
 261000: system.cpu: T0 : 0x1fbea    : c_j -84                    : IntAlu : 
 262000: system.cpu: T0 : 0x1fb96    : andi a5, s0, 7             : IntAlu :  D=0x0000000000000000
 263000: system.cpu: T0 : 0x1fb9a    : srli a2, s1, 3             : IntAlu :  D=0x0000000000000004
 263500: system.cpu: T0 : 0x1fb9e    : c_mv a1, s0                : IntAlu :  D=0x000000000006ead0
 264000: system.cpu: T0 : 0x1fba0    : c_mv a0, s3                : IntAlu :  D=0x0000000000073710
 264500: system.cpu: T0 : 0x1fba2    : c_bnez a5, 64              : IntAlu : 
 265000: system.cpu: T0 : 0x1fba4    : jal ra, 72                 : IntAlu :  D=0x000000000001fba8
 265500: system.cpu: T0 : 0x1fbec    : andi a5, a2, 7             : IntAlu :  D=0x0000000000000004
 266000: system.cpu: T0 : 0x1fbf0    : lui a4, 79                 : IntAlu :  D=0x000000000004f000
 266500: system.cpu: T0 : 0x1fbf4    : c_slli a5, 2               : IntAlu :  D=0x0000000000000010
 267500: system.cpu: T0 : 0x1fbf6    : addi a4, a4, 320           : IntAlu :  D=0x000000000004f140
 268000: system.cpu: T0 : 0x1fbfa    : c_add a5, a4               : IntAlu :  D=0x000000000004f150
 268500: system.cpu: T0 : 0x1fbfc    : c_lw a5, 0(a5)             : MemRead :  D=0x000000000001fc96 A=0x4f150
 269000: system.cpu: T0 : 0x1fbfe    : c_jr a5                    : IntAlu : 
 270000: system.cpu: T0 : 0x1fc96    : ld a6, 0(a1)               : MemRead :  D=0x0000000000070678 A=0x6ead0
 270500: system.cpu: T0 : 0x1fc9a    : c_mv a3, a0                : IntAlu :  D=0x0000000000073710
 271000: system.cpu: T0 : 0x1fc9c    : c_addi a1, -32             : IntAlu :  D=0x000000000006eab0
 272000: system.cpu: T0 : 0x1fc9e    : addi a5, a0, -40           : IntAlu :  D=0x00000000000736e8
 272500: system.cpu: T0 : 0x1fca2    : c_addi a2, 4               : IntAlu :  D=0x0000000000000008
 273000: system.cpu: T0 : 0x1fca4    : c_j -124                   : IntAlu : 
 273500: system.cpu: T0 : 0x1fc28    : c_ld a4, 40(a1)            : MemRead :  D=0x0000000000070678 A=0x6ead8
 274500: system.cpu: T0 : 0x1fc2a    : addi a0, a5, 48            : IntAlu :  D=0x0000000000073718
 275500: system.cpu: T0 : 0x1fc2e    : sd a6, 0(a3)               : MemWrite :  D=0x0000000000070678 A=0x73710
 276500: system.cpu: T0 : 0x1fc2e    : sd a6, 0(a3)               : MemWrite :  D=0x0000000000070678 A=0x73710
 277500: system.cpu: T0 : 0x1fc32    : ld a6, 48(a1)              : MemRead :  D=0x0000000000070680 A=0x6eae0
 278500: system.cpu: T0 : 0x1fc36    : addi a3, a5, 56            : IntAlu :  D=0x0000000000073720
 279000: system.cpu: T0 : 0x1fc3a    : c_sd a4, 0(a0)             : MemWrite :  D=0x0000000000070678 A=0x73718
 279500: system.cpu: T0 : 0x1fc3c    : c_ld a4, 56(a1)            : MemRead :  D=0x0000000000070698 A=0x6eae8
 280500: system.cpu: T0 : 0x1fc3e    : addi a5, a5, 64            : IntAlu :  D=0x0000000000073728
 281500: system.cpu: T0 : 0x1fc42    : sd a6, 0(a3)               : MemWrite :  D=0x0000000000070680 A=0x73720
 282000: system.cpu: T0 : 0x1fc46    : c_addi a2, -8              : IntAlu :  D=0x0000000000000000
 282500: system.cpu: T0 : 0x1fc48    : c_mv a0, a5                : IntAlu :  D=0x0000000000073728
 283500: system.cpu: T0 : 0x1fc4a    : addi a1, a1, 64            : IntAlu :  D=0x000000000006eaf0
 284000: system.cpu: T0 : 0x1fc4e    : c_beqz a2, 24              : IntAlu : 
 284500: system.cpu: T0 : 0x1fc66    : c_sd a4, 0(a0)             : MemWrite :  D=0x0000000000070698 A=0x73728
 285000: system.cpu: T0 : 0x1fc68    : c_jr ra                    : IntAlu : 
 285500: system.cpu: T0 : 0x1fba8    : andi a4, s1, 18446744073709551608 : IntAlu :  D=0x0000000000000020
 286000: system.cpu: T0 : 0x1fbac    : c_add s0, a4               : IntAlu :  D=0x000000000006eaf0
 287000: system.cpu: T0 : 0x1fbae    : andi a2, s1, 7             : IntAlu :  D=0x0000000000000000
 287500: system.cpu: T0 : 0x1fbb2    : c_add a4, s3               : IntAlu :  D=0x0000000000073730
 288000: system.cpu: T0 : 0x1fbb4    : c_addi a4, -1              : IntAlu :  D=0x000000000007372f
 288500: system.cpu: T0 : 0x1fbb6    : c_mv a5, s0                : IntAlu :  D=0x000000000006eaf0
 289000: system.cpu: T0 : 0x1fbb8    : add a1, a2, s0             : IntAlu :  D=0x000000000006eaf0
 289500: system.cpu: T0 : 0x1fbbc    : c_sub a4, s0               : IntAlu :  D=0x0000000000004c3f
 290000: system.cpu: T0 : 0x1fbbe    : c_beqz a2, 20              : IntAlu : 
 290500: system.cpu: T0 : 0x1fbd2    : c_ldsp ra, 40(sp)          : MemRead :  D=0x0000000000010a7a A=0x7ffffffffffffd68
 291000: system.cpu: T0 : 0x1fbd4    : c_ldsp s0, 32(sp)          : MemRead :  D=0x000000000006ead0 A=0x7ffffffffffffd60
 291500: system.cpu: T0 : 0x1fbd6    : c_ldsp s1, 24(sp)          : MemRead :  D=0x0000000000073710 A=0x7ffffffffffffd58
 292000: system.cpu: T0 : 0x1fbd8    : c_ldsp s3, 8(sp)           : MemRead :  D=0x000000000006fe60 A=0x7ffffffffffffd48
 292500: system.cpu: T0 : 0x1fbda    : c_mv a0, s2                : IntAlu :  D=0x0000000000073710
 293000: system.cpu: T0 : 0x1fbdc    : c_ldsp s2, 16(sp)          : MemRead :  D=0x000000000000000c A=0x7ffffffffffffd50
 293500: system.cpu: T0 : 0x1fbde    : c_addi16sp sp, 48          : IntAlu :  D=0x7ffffffffffffd70
 294000: system.cpu: T0 : 0x1fbe0    : c_jr ra                    : IntAlu : 
 295000: system.cpu: T0 : 0x10a7a    : lui a5, 114                : IntAlu :  D=0x0000000000072000
 296000: system.cpu: T0 : 0x10a7e    : addi a5, a5, -1192         : IntAlu :  D=0x0000000000071b58
 297000: system.cpu: T0 : 0x10a82    : ld a4, -1968(gp)           : MemRead :  D=0x0000000000000800 A=0x708a8
 298000: system.cpu: T0 : 0x10a86    : addi a3, gp, -960          : IntAlu :  D=0x0000000000070c98
 299000: system.cpu: T0 : 0x10a8a    : sd a5, -16(s1)             : MemWrite :  D=0x0000000000071b58 A=0x73700
 300000: system.cpu: T0 : 0x10a8e    : addi a2, zero, 64          : IntAlu :  D=0x0000000000000040
 300500: system.cpu: T0 : 0x10a92    : c_li a5, 1                 : IntAlu :  D=0x0000000000000001
 301000: system.cpu: T0 : 0x10a94    : c_sd a2, 0(a3)             : MemWrite :  D=0x0000000000000040 A=0x70c98
 302000: system.cpu: T0 : 0x10a96    : lui a2, 114                : IntAlu :  D=0x0000000000072000
 303000: system.cpu: T0 : 0x10a9a    : sd a5, -1216(a2)           : MemWrite :  D=0x0000000000000001 A=0x71b40
 304000: system.cpu: T0 : 0x10a9e    : lui a2, 114                : IntAlu :  D=0x0000000000072000
 305000: system.cpu: T0 : 0x10aa2    : sd s3, 40(a3)              : MemWrite :  D=0x000000000006fe60 A=0x70cc0
 306000: system.cpu: T0 : 0x10aa6    : sd a3, -184(a2)            : MemWrite :  D=0x0000000000070c98 A=0x71f48
 307000: system.cpu: T0 : 0x10aaa    : lui a3, 114                : IntAlu :  D=0x0000000000072000
 308000: system.cpu: T0 : 0x10aae    : sd s8, -1224(a3)           : MemWrite :  D=0x0000000000000010 A=0x71b38
 309000: system.cpu: T0 : 0x10ab2    : lui a3, 114                : IntAlu :  D=0x0000000000072000
 310000: system.cpu: T0 : 0x10ab6    : sd a5, 1096(s3)            : MemWrite :  D=0x0000000000000001 A=0x702a8
 311000: system.cpu: T0 : 0x10aba    : sd a5, -160(a3)            : MemWrite :  D=0x0000000000000001 A=0x71f60
 311500: system.cpu: T0 : 0x10abe    : c_addi a4, 15              : IntAlu :  D=0x000000000000080f
 312000: system.cpu: T0 : 0x10ac0    : sd s0, 1048(s3)            : MemWrite :  D=0x000000000006ead0 A=0x70278
 312500: system.cpu: T0 : 0x10ac4    : c_ldsp ra, 120(sp)         : MemRead :  D=0x0000000000010702 A=0x7ffffffffffffde8
 313000: system.cpu: T0 : 0x10ac6    : c_ldsp s0, 112(sp)         : MemRead :  D=0x0000000000010b64 A=0x7ffffffffffffde0
 313500: system.cpu: T0 : 0x10ac8    : sd s5, 1072(s3)            : MemWrite :  D=0x0000000000000008 A=0x70290
 314000: system.cpu: T0 : 0x10acc    : sd s10, 1064(s3)           : MemWrite :  D=0x0000000000000060 A=0x70288
 314500: system.cpu: T0 : 0x10ad0    : sd s4, 1056(s3)            : MemWrite :  D=0x0000000000000020 A=0x70280
 315000: system.cpu: T0 : 0x10ad4    : c_ldsp s5, 72(sp)          : MemRead :  D=0x0000000000000000 A=0x7ffffffffffffdb8
 315500: system.cpu: T0 : 0x10ad6    : c_ldsp s3, 88(sp)          : MemRead :  D=0x0000000000000000 A=0x7ffffffffffffdc8
 316000: system.cpu: T0 : 0x10ad8    : c_ldsp s4, 80(sp)          : MemRead :  D=0x0000000000000000 A=0x7ffffffffffffdc0
 316500: system.cpu: T0 : 0x10ada    : c_ldsp s8, 48(sp)          : MemRead :  D=0x0000000000000000 A=0x7ffffffffffffda0
 317000: system.cpu: T0 : 0x10adc    : c_ldsp s10, 32(sp)         : MemRead :  D=0x0000000000000000 A=0x7ffffffffffffd90
 317500: system.cpu: T0 : 0x10ade    : c_ldsp s11, 24(sp)         : MemRead :  D=0x0000000000000000 A=0x7ffffffffffffd88
 318000: system.cpu: T0 : 0x10ae0    : c_mv tp, s1                : IntAlu :  D=0x0000000000073710
 318500: system.cpu: T0 : 0x10ae2    : c_ldsp s1, 104(sp)         : MemRead :  D=0x0000000000010bf4 A=0x7ffffffffffffdd8
 319000: system.cpu: T0 : 0x10ae4    : mul s2, s2, s9             : IntMult :  D=0x0000000000000060
 319500: system.cpu: T0 : 0x10ae8    : c_ldsp s9, 40(sp)          : MemRead :  D=0x0000000000000000 A=0x7ffffffffffffd98
 320500: system.cpu: T0 : 0x10aea    : add a5, s2, s7             : IntAlu :  D=0x0000000000000060
 321000: system.cpu: T0 : 0x10aee    : c_add a4, a5               : IntAlu :  D=0x000000000000086f
 321500: system.cpu: T0 : 0x10af0    : c_andi a4, 18446744073709551600 : IntAlu :  D=0x0000000000000860
 322500: system.cpu: T0 : 0x10af2    : sd a4, -1968(gp)           : MemWrite :  D=0x0000000000000860 A=0x708a8
 323500: system.cpu: T0 : 0x10af6    : lui a4, 114                : IntAlu :  D=0x0000000000072000
 324500: system.cpu: T0 : 0x10afa    : sd a5, -1232(a4)           : MemWrite :  D=0x0000000000000060 A=0x71b30
 325000: system.cpu: T0 : 0x10afe    : c_ldsp s2, 96(sp)          : MemRead :  D=0x0000000000000000 A=0x7ffffffffffffdd0
 325500: system.cpu: T0 : 0x10b00    : c_ldsp s6, 64(sp)          : MemRead :  D=0x0000000000000000 A=0x7ffffffffffffdb0
 326000: system.cpu: T0 : 0x10b02    : c_ldsp s7, 56(sp)          : MemRead :  D=0x0000000000000000 A=0x7ffffffffffffda8
 326500: system.cpu: T0 : 0x10b04    : c_addi16sp sp, 128         : IntAlu :  D=0x7ffffffffffffdf0
 327000: system.cpu: T0 : 0x10b06    : c_jr ra                    : IntAlu : 
 328000: system.cpu: T0 : 0x10702    : lui a5, 111                : IntAlu :  D=0x000000000006f000
 329000: system.cpu: T0 : 0x10706    : ld a5, -128(a5)            : MemRead :  D=0x7fffffffffffffd8 A=0x6ef80
 330000: system.cpu: T0 : 0x1070a    : lw a7, -1728(gp)           : MemRead :  D=0x0000000000000000 A=0x70998
 331000: system.cpu: T0 : 0x1070e    : lbu a6, 1(a5)              : MemRead :  D=0x0000000000000000 A=0x7fffffffffffffd9
 332000: system.cpu: T0 : 0x10712    : lbu a4, 0(a5)              : MemRead :  D=0x0000000000000000 A=0x7fffffffffffffd8
 333000: system.cpu: T0 : 0x10716    : lbu a0, 2(a5)              : MemRead :  D=0x0000000000000000 A=0x7fffffffffffffda
 334000: system.cpu: T0 : 0x1071a    : lbu a1, 3(a5)              : MemRead :  D=0x0000000000000000 A=0x7fffffffffffffdb
 335000: system.cpu: T0 : 0x1071e    : lbu a2, 4(a5)              : MemRead :  D=0x0000000000000000 A=0x7fffffffffffffdc
 335500: system.cpu: T0 : 0x10722    : c_slli a6, 8               : IntAlu :  D=0x0000000000000000
 336000: system.cpu: T0 : 0x10724    : lbu a3, 5(a5)              : MemRead :  D=0x0000000000000000 A=0x7fffffffffffffdd
 336500: system.cpu: T0 : 0x10728    : or a6, a6, a4              : IntAlu :  D=0x0000000000000000
 337000: system.cpu: T0 : 0x1072c    : c_slli a0, 16              : IntAlu :  D=0x0000000000000000
 338000: system.cpu: T0 : 0x1072e    : lbu a4, 6(a5)              : MemRead :  D=0x000000000000002e A=0x7fffffffffffffde
 339000: system.cpu: T0 : 0x10732    : or a0, a0, a6              : IntAlu :  D=0x0000000000000000
 339500: system.cpu: T0 : 0x10736    : c_slli a1, 24              : IntAlu :  D=0x0000000000000000
 340000: system.cpu: T0 : 0x10738    : lbu a5, 7(a5)              : MemRead :  D=0x000000000000002e A=0x7fffffffffffffdf
 340500: system.cpu: T0 : 0x1073c    : c_or a1, a0                : IntAlu :  D=0x0000000000000000
 341000: system.cpu: T0 : 0x1073e    : c_slli a2, 32              : IntAlu :  D=0x0000000000000000
 341500: system.cpu: T0 : 0x10740    : c_or a2, a1                : IntAlu :  D=0x0000000000000000
 342000: system.cpu: T0 : 0x10742    : c_slli a3, 40              : IntAlu :  D=0x0000000000000000
 342500: system.cpu: T0 : 0x10744    : c_or a3, a2                : IntAlu :  D=0x0000000000000000
 343000: system.cpu: T0 : 0x10746    : c_slli a4, 48              : IntAlu :  D=0x002e000000000000
 343500: system.cpu: T0 : 0x10748    : c_or a4, a3                : IntAlu :  D=0x002e000000000000
 344000: system.cpu: T0 : 0x1074a    : c_slli a5, 56              : IntAlu :  D=0x2e00000000000000
 344500: system.cpu: T0 : 0x1074c    : c_or a5, a4                : IntAlu :  D=0x2e2e000000000000
 345500: system.cpu: T0 : 0x1074e    : andi a5, a5, 18446744073709551360 : IntAlu :  D=0x2e2e000000000000
 346500: system.cpu: T0 : 0x10752    : lui a4, 111                : IntAlu :  D=0x000000000006f000
 347500: system.cpu: T0 : 0x10756    : sd a5, -1264(a4)           : MemWrite :  D=0x2e2e000000000000 A=0x6eb10
 348500: system.cpu: T0 : 0x1075a    : beq a7, zero, 286          : IntAlu : 
 349000: system.cpu: T0 : 0x10878    : jal ra, 75206              : IntAlu :  D=0x000000000001087c
 349500: system.cpu: T0 : 0x22e3e    : c_addi16sp sp, -496        : IntAlu :  D=0x7ffffffffffffc00
 350000: system.cpu: T0 : 0x22e40    : c_addi4spn a0, sp, 72      : IntAlu :  D=0x7ffffffffffffc48
 350500: system.cpu: T0 : 0x22e42    : c_sdsp ra, 488(sp)         : MemWrite :  D=0x000000000001087c A=0x7ffffffffffffde8
 351000: system.cpu: T0 : 0x22e44    : c_sdsp s0, 480(sp)         : MemWrite :  D=0x0000000000010b64 A=0x7ffffffffffffde0
 351500: system.cpu: T0 : 0x22e46    : c_sdsp s1, 472(sp)         : MemWrite :  D=0x0000000000010bf4 A=0x7ffffffffffffdd8
 352000: system.cpu: T0 : 0x22e48    : jal ra, 90520              : IntAlu :  D=0x0000000000022e4c
 352500: system.cpu: T0 : 0x38fe0    : addi a7, zero, 160         : IntAlu :  D=0x00000000000000a0
 353000: system.cpu: T0 : 0x38fe4    : ecall                      : No_OpClass : 
 353500: system.cpu: T0 : 0x38fe8    : c_lui a7, 1048575          : IntAlu :  D=0xfffffffffffff000
 354500: system.cpu: T0 : 0x38fea    : bltu a7, a0, 6             : IntAlu : 
 355000: system.cpu: T0 : 0x38fee    : c_jr ra                    : IntAlu : 
 355500: system.cpu: T0 : 0x22e4c    : addi a3, sp, 202           : IntAlu :  D=0x7ffffffffffffcca
 356000: system.cpu: T0 : 0x22e50    : c_bnez a0, 140             : IntAlu : 
 356500: system.cpu: T0 : 0x22e52    : c_li t1, 0                 : IntAlu :  D=0x0000000000000000
 357000: system.cpu: T0 : 0x22e54    : c_li a0, 0                 : IntAlu :  D=0x0000000000000000
 357500: system.cpu: T0 : 0x22e56    : c_li a7, 9                 : IntAlu :  D=0x0000000000000009
 358000: system.cpu: T0 : 0x22e58    : addi t3, zero, 46          : IntAlu :  D=0x000000000000002e
 358500: system.cpu: T0 : 0x22e5c    : c_li t4, 3                 : IntAlu :  D=0x0000000000000003
 359500: system.cpu: T0 : 0x22e5e    : lbu a5, 0(a3)              : MemRead :  D=0x0000000000000035 A=0x7ffffffffffffcca
 360500: system.cpu: T0 : 0x22e62    : addiw a5, a5, -48          : IntAlu :  D=0x0000000000000005
 361500: system.cpu: T0 : 0x22e66    : andi a4, a5, 255           : IntAlu :  D=0x0000000000000005
 362500: system.cpu: T0 : 0x22e6a    : bltu a7, a4, 98            : IntAlu : 
 363500: system.cpu: T0 : 0x22e6e    : lbu a1, 1(a3)              : MemRead :  D=0x000000000000002e A=0x7ffffffffffffccb
 364500: system.cpu: T0 : 0x22e72    : addiw a4, a5, 0            : IntAlu :  D=0x0000000000000005
 365000: system.cpu: T0 : 0x22e76    : c_addi a3, 1               : IntAlu :  D=0x7ffffffffffffccb
 365500: system.cpu: T0 : 0x22e78    : addiw a2, a1, -48          : IntAlu :  D=0xfffffffffffffffe
 366000: system.cpu: T0 : 0x22e7c    : andi a5, a2, 255           : IntAlu :  D=0x00000000000000fe
 366500: system.cpu: T0 : 0x22e80    : bltu a7, a5, 36            : IntAlu : 
 367000: system.cpu: T0 : 0x22ea4    : slliw a5, a0, 8            : IntAlu :  D=0x0000000000000000
 367500: system.cpu: T0 : 0x22ea8    : c_or a5, a4                : IntAlu :  D=0x0000000000000005
 368000: system.cpu: T0 : 0x22eaa    : c_addiw t1, 1              : IntAlu :  D=0x0000000000000001
 368500: system.cpu: T0 : 0x22eac    : addiw a0, a5, 0            : IntAlu :  D=0x0000000000000005
 369000: system.cpu: T0 : 0x22eb0    : c_addi a3, 1               : IntAlu :  D=0x7ffffffffffffccc
 370000: system.cpu: T0 : 0x22eb2    : bne a1, t3, 20             : IntAlu : 
 371000: system.cpu: T0 : 0x22eb6    : bne t1, t4, -88            : IntAlu : 
 372000: system.cpu: T0 : 0x22e5e    : lbu a5, 0(a3)              : MemRead :  D=0x0000000000000031 A=0x7ffffffffffffccc
 373000: system.cpu: T0 : 0x22e62    : addiw a5, a5, -48          : IntAlu :  D=0x0000000000000001
 374000: system.cpu: T0 : 0x22e66    : andi a4, a5, 255           : IntAlu :  D=0x0000000000000001
 375000: system.cpu: T0 : 0x22e6a    : bltu a7, a4, 98            : IntAlu : 
 376000: system.cpu: T0 : 0x22e6e    : lbu a1, 1(a3)              : MemRead :  D=0x000000000000002e A=0x7ffffffffffffccd
 377000: system.cpu: T0 : 0x22e72    : addiw a4, a5, 0            : IntAlu :  D=0x0000000000000001
 377500: system.cpu: T0 : 0x22e76    : c_addi a3, 1               : IntAlu :  D=0x7ffffffffffffccd
 378000: system.cpu: T0 : 0x22e78    : addiw a2, a1, -48          : IntAlu :  D=0xfffffffffffffffe
 378500: system.cpu: T0 : 0x22e7c    : andi a5, a2, 255           : IntAlu :  D=0x00000000000000fe
 379000: system.cpu: T0 : 0x22e80    : bltu a7, a5, 36            : IntAlu : 
 379500: system.cpu: T0 : 0x22ea4    : slliw a5, a0, 8            : IntAlu :  D=0x0000000000000500
 380000: system.cpu: T0 : 0x22ea8    : c_or a5, a4                : IntAlu :  D=0x0000000000000501
 380500: system.cpu: T0 : 0x22eaa    : c_addiw t1, 1              : IntAlu :  D=0x0000000000000002
 381000: system.cpu: T0 : 0x22eac    : addiw a0, a5, 0            : IntAlu :  D=0x0000000000000501
 381500: system.cpu: T0 : 0x22eb0    : c_addi a3, 1               : IntAlu :  D=0x7ffffffffffffcce
 382500: system.cpu: T0 : 0x22eb2    : bne a1, t3, 20             : IntAlu : 
 383500: system.cpu: T0 : 0x22eb6    : bne t1, t4, -88            : IntAlu : 
 384500: system.cpu: T0 : 0x22e5e    : lbu a5, 0(a3)              : MemRead :  D=0x0000000000000030 A=0x7ffffffffffffcce
 385500: system.cpu: T0 : 0x22e62    : addiw a5, a5, -48          : IntAlu :  D=0x0000000000000000
 386500: system.cpu: T0 : 0x22e66    : andi a4, a5, 255           : IntAlu :  D=0x0000000000000000
 387500: system.cpu: T0 : 0x22e6a    : bltu a7, a4, 98            : IntAlu : 
 388500: system.cpu: T0 : 0x22e6e    : lbu a1, 1(a3)              : MemRead :  D=0x0000000000000000 A=0x7ffffffffffffccf
 389500: system.cpu: T0 : 0x22e72    : addiw a4, a5, 0            : IntAlu :  D=0x0000000000000000
 390000: system.cpu: T0 : 0x22e76    : c_addi a3, 1               : IntAlu :  D=0x7ffffffffffffccf
 390500: system.cpu: T0 : 0x22e78    : addiw a2, a1, -48          : IntAlu :  D=0xffffffffffffffd0
 391000: system.cpu: T0 : 0x22e7c    : andi a5, a2, 255           : IntAlu :  D=0x00000000000000d0
 391500: system.cpu: T0 : 0x22e80    : bltu a7, a5, 36            : IntAlu : 
 392000: system.cpu: T0 : 0x22ea4    : slliw a5, a0, 8            : IntAlu :  D=0x0000000000050100
 392500: system.cpu: T0 : 0x22ea8    : c_or a5, a4                : IntAlu :  D=0x0000000000050100
 393000: system.cpu: T0 : 0x22eaa    : c_addiw t1, 1              : IntAlu :  D=0x0000000000000003
 393500: system.cpu: T0 : 0x22eac    : addiw a0, a5, 0            : IntAlu :  D=0x0000000000050100
 394000: system.cpu: T0 : 0x22eb0    : c_addi a3, 1               : IntAlu :  D=0x7ffffffffffffcd0
 395000: system.cpu: T0 : 0x22eb2    : bne a1, t3, 20             : IntAlu : 
 395500: system.cpu: T0 : 0x22ec6    : c_li a5, 3                 : IntAlu :  D=0x0000000000000003
 396000: system.cpu: T0 : 0x22ec8    : beq t1, a5, -14            : IntAlu : 
 396500: system.cpu: T0 : 0x22eba    : c_addiw a0, 0              : IntAlu :  D=0x0000000000050100
 397000: system.cpu: T0 : 0x22ebc    : c_ldsp ra, 488(sp)         : MemRead :  D=0x000000000001087c A=0x7ffffffffffffde8
 397500: system.cpu: T0 : 0x22ebe    : c_ldsp s0, 480(sp)         : MemRead :  D=0x0000000000010b64 A=0x7ffffffffffffde0
 398000: system.cpu: T0 : 0x22ec0    : c_ldsp s1, 472(sp)         : MemRead :  D=0x0000000000010bf4 A=0x7ffffffffffffdd8
 398500: system.cpu: T0 : 0x22ec2    : c_addi16sp sp, 496         : IntAlu :  D=0x7ffffffffffffdf0
 399000: system.cpu: T0 : 0x22ec4    : c_jr ra                    : IntAlu : 
 399500: system.cpu: T0 : 0x1087c    : c_mv a5, a0                : IntAlu :  D=0x0000000000050100
 400500: system.cpu: T0 : 0x1087e    : blt a0, zero, 104          : IntAlu : 
 401500: system.cpu: T0 : 0x10882    : lui a4, 114                : IntAlu :  D=0x0000000000072000
 402500: system.cpu: T0 : 0x10886    : lw a3, 96(a4)              : MemRead :  D=0x0000000000000000 A=0x72060
 403500: system.cpu: T0 : 0x1088a    : addiw a4, a0, 0            : IntAlu :  D=0x0000000000050100
 404000: system.cpu: T0 : 0x1088e    : c_bnez a3, 82              : IntAlu : 
 404500: system.cpu: T0 : 0x10890    : lui a3, 114                : IntAlu :  D=0x0000000000072000
 405000: system.cpu: T0 : 0x10894    : sw a4, 96(a3)              : MemWrite :  D=0x0000000000050100 A=0x72060
 405500: system.cpu: T0 : 0x10898    : lui a4, 65                 : IntAlu :  D=0x0000000000041000
 406000: system.cpu: T0 : 0x1089c    : addi a4, a4, -257          : IntAlu :  D=0x0000000000040eff
 406500: system.cpu: T0 : 0x108a0    : blt a4, a5, -322           : IntAlu : 
 407500: system.cpu: T0 : 0x1075e    : addi a5, zero, 0           : IntAlu :  D=0x0000000000000000
 408000: system.cpu: T0 : 0x10762    : c_beqz a5, 10              : IntAlu : 
 408500: system.cpu: T0 : 0x1076c    : lui a5, 111                : IntAlu :  D=0x000000000006f000
 409000: system.cpu: T0 : 0x10770    : ld a5, -128(a5)            : MemRead :  D=0x7fffffffffffffd8 A=0x6ef80
 409500: system.cpu: T0 : 0x10774    : lbu a4, 14(a5)             : MemRead :  D=0x000000000000006f A=0x7fffffffffffffe6
 410000: system.cpu: T0 : 0x10778    : lbu a7, 8(a5)              : MemRead :  D=0x000000000000002f A=0x7fffffffffffffe0
 410500: system.cpu: T0 : 0x1077c    : lbu a6, 9(a5)              : MemRead :  D=0x0000000000000044 A=0x7fffffffffffffe1
 411000: system.cpu: T0 : 0x10780    : lbu a0, 10(a5)             : MemRead :  D=0x000000000000006f A=0x7fffffffffffffe2
 411500: system.cpu: T0 : 0x10784    : lbu a1, 11(a5)             : MemRead :  D=0x0000000000000077 A=0x7fffffffffffffe3
 412000: system.cpu: T0 : 0x10788    : lbu a2, 12(a5)             : MemRead :  D=0x000000000000006e A=0x7fffffffffffffe4
 412500: system.cpu: T0 : 0x1078c    : lbu a3, 13(a5)             : MemRead :  D=0x000000000000006c A=0x7fffffffffffffe5
 413000: system.cpu: T0 : 0x10790    : lbu a5, 15(a5)             : MemRead :  D=0x0000000000000061 A=0x7fffffffffffffe7
 413500: system.cpu: T0 : 0x10794    : sb a7, 40(sp)              : MemWrite :  D=0x000000000000002f A=0x7ffffffffffffe18
 414000: system.cpu: T0 : 0x10798    : sb a6, 41(sp)              : MemWrite :  D=0x0000000000000044 A=0x7ffffffffffffe19
 414500: system.cpu: T0 : 0x1079c    : sb a5, 47(sp)              : MemWrite :  D=0x0000000000000061 A=0x7ffffffffffffe1f
 415000: system.cpu: T0 : 0x107a0    : sb a0, 42(sp)              : MemWrite :  D=0x000000000000006f A=0x7ffffffffffffe1a
 415500: system.cpu: T0 : 0x107a4    : sb a1, 43(sp)              : MemWrite :  D=0x0000000000000077 A=0x7ffffffffffffe1b
 416000: system.cpu: T0 : 0x107a8    : sb a2, 44(sp)              : MemWrite :  D=0x000000000000006e A=0x7ffffffffffffe1c
 416500: system.cpu: T0 : 0x107ac    : sb a3, 45(sp)              : MemWrite :  D=0x000000000000006c A=0x7ffffffffffffe1d
 417000: system.cpu: T0 : 0x107b0    : sb a4, 46(sp)              : MemWrite :  D=0x000000000000006f A=0x7ffffffffffffe1e
 417500: system.cpu: T0 : 0x107b4    : c_ldsp a4, 40(sp)          : MemRead :  D=0x616f6c6e776f442f A=0x7ffffffffffffe18
 418500: system.cpu: T0 : 0x107b6    : lui a5, 111                : IntAlu :  D=0x000000000006f000
 419500: system.cpu: T0 : 0x107ba    : sd a4, -1256(a5)           : MemWrite :  D=0x616f6c6e776f442f A=0x6eb18
 420500: system.cpu: T0 : 0x107be    : beq s2, zero, 14           : IntAlu : 
 421000: system.cpu: T0 : 0x107cc    : ld a2, -1360(gp)           : MemRead :  D=0x7fffffffffffff48 A=0x70b08
 421500: system.cpu: T0 : 0x107d0    : c_ldsp a1, 16(sp)          : MemRead :  D=0x7fffffffffffff38 A=0x7ffffffffffffe00
 422000: system.cpu: T0 : 0x107d2    : c_ldsp a0, 8(sp)           : MemRead :  D=0x0000000000000001 A=0x7ffffffffffffdf8
 422500: system.cpu: T0 : 0x107d4    : jal ra, 75610              : IntAlu :  D=0x00000000000107d8
 423000: system.cpu: T0 : 0x22f2e    : c_addi sp, -32             : IntAlu :  D=0x7ffffffffffffdd0
 423500: system.cpu: T0 : 0x22f30    : c_sdsp s0, 16(sp)          : MemWrite :  D=0x0000000000010b64 A=0x7ffffffffffffde0
 424000: system.cpu: T0 : 0x22f32    : c_sdsp s1, 8(sp)           : MemWrite :  D=0x0000000000010bf4 A=0x7ffffffffffffdd8
 424500: system.cpu: T0 : 0x22f34    : c_sdsp s2, 0(sp)           : MemWrite :  D=0x0000000000000000 A=0x7ffffffffffffdd0
 425000: system.cpu: T0 : 0x22f36    : c_sdsp ra, 24(sp)          : MemWrite :  D=0x00000000000107d8 A=0x7ffffffffffffde8
 425500: system.cpu: T0 : 0x22f38    : addi a4, zero, 0           : IntAlu :  D=0x0000000000000000
 426000: system.cpu: T0 : 0x22f3c    : c_mv s0, a0                : IntAlu :  D=0x0000000000000001
 426500: system.cpu: T0 : 0x22f3e    : c_mv s1, a1                : IntAlu :  D=0x7fffffffffffff38
 427000: system.cpu: T0 : 0x22f40    : c_mv s2, a2                : IntAlu :  D=0x7fffffffffffff48
 427500: system.cpu: T0 : 0x22f42    : c_beqz a4, 62              : IntAlu : 
 428000: system.cpu: T0 : 0x22f80    : lw a0, -1248(gp)           : MemRead :  D=0x0000000000000000 A=0x70b78
 428500: system.cpu: T0 : 0x22f84    : lw a5, -1344(gp)           : MemRead :  D=0x0000000000000000 A=0x70b18
 429000: system.cpu: T0 : 0x22f88    : sw zero, -1728(gp)         : MemWrite :  D=0x0000000000000000 A=0x70998
 429500: system.cpu: T0 : 0x22f8c    : beq a5, a0, -60            : IntAlu : 
 430000: system.cpu: T0 : 0x22f50    : lui a5, 114                : IntAlu :  D=0x0000000000072000
 430500: system.cpu: T0 : 0x22f54    : sw s0, 120(a5)             : MemWrite :  D=0x0000000000000001 A=0x72078
 431000: system.cpu: T0 : 0x22f58    : lui a5, 114                : IntAlu :  D=0x0000000000072000
 431500: system.cpu: T0 : 0x22f5c    : sd s1, 128(a5)             : MemWrite :  D=0x7fffffffffffff38 A=0x72080
 432000: system.cpu: T0 : 0x22f60    : sd s2, -1360(gp)           : MemWrite :  D=0x7fffffffffffff48 A=0x70b08
 432500: system.cpu: T0 : 0x22f64    : jal ra, -2314              : IntAlu :  D=0x0000000000022f68
 433000: system.cpu: T0 : 0x2265a    : c_addi16sp sp, -160        : IntAlu :  D=0x7ffffffffffffd30
 433500: system.cpu: T0 : 0x2265c    : c_sdsp ra, 152(sp)         : MemWrite :  D=0x0000000000022f68 A=0x7ffffffffffffdc8
 434000: system.cpu: T0 : 0x2265e    : c_sdsp s1, 136(sp)         : MemWrite :  D=0x7fffffffffffff38 A=0x7ffffffffffffdb8
 434500: system.cpu: T0 : 0x22660    : c_sdsp s2, 128(sp)         : MemWrite :  D=0x7fffffffffffff48 A=0x7ffffffffffffdb0
 435000: system.cpu: T0 : 0x22662    : c_sdsp s3, 120(sp)         : MemWrite :  D=0x0000000000000000 A=0x7ffffffffffffda8
 435500: system.cpu: T0 : 0x22664    : c_sdsp s4, 112(sp)         : MemWrite :  D=0x0000000000000000 A=0x7ffffffffffffda0
 436000: system.cpu: T0 : 0x22666    : c_sdsp s0, 144(sp)         : MemWrite :  D=0x0000000000000001 A=0x7ffffffffffffdc0
 436500: system.cpu: T0 : 0x22668    : c_sdsp s5, 104(sp)         : MemWrite :  D=0x0000000000000000 A=0x7ffffffffffffd98
 437000: system.cpu: T0 : 0x2266a    : c_sdsp s6, 96(sp)          : MemWrite :  D=0x0000000000000000 A=0x7ffffffffffffd90
 437500: system.cpu: T0 : 0x2266c    : c_sdsp s7, 88(sp)          : MemWrite :  D=0x0000000000000000 A=0x7ffffffffffffd88
 438000: system.cpu: T0 : 0x2266e    : c_sdsp s8, 80(sp)          : MemWrite :  D=0x0000000000000000 A=0x7ffffffffffffd80
 438500: system.cpu: T0 : 0x22670    : c_sdsp s9, 72(sp)          : MemWrite :  D=0x0000000000000000 A=0x7ffffffffffffd78
 439000: system.cpu: T0 : 0x22672    : c_sdsp s10, 64(sp)         : MemWrite :  D=0x0000000000000000 A=0x7ffffffffffffd70
 439500: system.cpu: T0 : 0x22674    : lui s2, 114                : IntAlu :  D=0x0000000000072000
 440000: system.cpu: T0 : 0x22678    : jal ra, 116914             : IntAlu :  D=0x000000000002267c
 440500: system.cpu: T0 : 0x3ef2a    : c_lui t1, 1048575          : IntAlu :  D=0xfffffffffffff000
 441000: system.cpu: T0 : 0x3ef2c    : c_addi16sp sp, -48         : IntAlu :  D=0x7ffffffffffffd00
 441500: system.cpu: T0 : 0x3ef2e    : c_addi t1, 16              : IntAlu :  D=0xfffffffffffff010
 442000: system.cpu: T0 : 0x3ef30    : c_sdsp ra, 40(sp)          : MemWrite :  D=0x000000000002267c A=0x7ffffffffffffd28
 442500: system.cpu: T0 : 0x3ef32    : c_sdsp s0, 32(sp)          : MemWrite :  D=0x0000000000000001 A=0x7ffffffffffffd20
 443000: system.cpu: T0 : 0x3ef34    : c_sdsp s1, 24(sp)          : MemWrite :  D=0x7fffffffffffff38 A=0x7ffffffffffffd18
 443500: system.cpu: T0 : 0x3ef36    : c_sdsp s2, 16(sp)          : MemWrite :  D=0x0000000000072000 A=0x7ffffffffffffd10
 444000: system.cpu: T0 : 0x3ef38    : lui a1, 98                 : IntAlu :  D=0x0000000000062000
 444500: system.cpu: T0 : 0x3ef3c    : c_add sp, t1               : IntAlu :  D=0x7fffffffffffed10
 445000: system.cpu: T0 : 0x3ef3e    : c_lui a5, 1048575          : IntAlu :  D=0xfffffffffffff000
 445500: system.cpu: T0 : 0x3ef40    : addi a7, zero, 78          : IntAlu :  D=0x000000000000004e
 446000: system.cpu: T0 : 0x3ef44    : addi a0, zero, -100        : IntAlu :  D=0xffffffffffffff9c
 446500: system.cpu: T0 : 0x3ef48    : addi a1, a1, 824           : IntAlu :  D=0x0000000000062338
 447000: system.cpu: T0 : 0x3ef4c    : c_mv a2, sp                : IntAlu :  D=0x7fffffffffffed10
 447500: system.cpu: T0 : 0x3ef4e    : c_lui a3, 1                : IntAlu :  D=0x0000000000001000
 448000: system.cpu: T0 : 0x3ef50    : ecall                      : No_OpClass : 
 448500: system.cpu: T0 : 0x3ef54    : c_addiw a0, 0              : IntAlu :  D=0xfffffffffffffffe
 449500: system.cpu: T0 : 0x3ef56    : bltu a5, a0, 84            : IntAlu : 
 450500: system.cpu: T0 : 0x3efaa    : lui a5, 114                : IntAlu :  D=0x0000000000072000
 451500: system.cpu: T0 : 0x3efae    : ld s1, 24(a5)              : MemRead :  D=0x0000000000000000 A=0x72018
 452000: system.cpu: T0 : 0x3efb2    : c_beqz s1, 62              : IntAlu : 
 452500: system.cpu: T0 : 0x3eff0    : c_li s0, -1                : IntAlu :  D=0xffffffffffffffff
 453000: system.cpu: T0 : 0x3eff2    : c_lui t1, 1                : IntAlu :  D=0x0000000000001000
 453500: system.cpu: T0 : 0x3eff4    : c_addi t1, -16             : IntAlu :  D=0x0000000000000ff0
 454000: system.cpu: T0 : 0x3eff6    : c_add sp, t1               : IntAlu :  D=0x7ffffffffffffd00
 454500: system.cpu: T0 : 0x3eff8    : c_ldsp ra, 40(sp)          : MemRead :  D=0x000000000002267c A=0x7ffffffffffffd28
 455000: system.cpu: T0 : 0x3effa    : c_mv a0, s0                : IntAlu :  D=0xffffffffffffffff
 455500: system.cpu: T0 : 0x3effc    : c_ldsp s1, 24(sp)          : MemRead :  D=0x7fffffffffffff38 A=0x7ffffffffffffd18
 456000: system.cpu: T0 : 0x3effe    : c_ldsp s0, 32(sp)          : MemRead :  D=0x0000000000000001 A=0x7ffffffffffffd20
 456500: system.cpu: T0 : 0x3f000    : c_ldsp s2, 16(sp)          : MemRead :  D=0x0000000000072000 A=0x7ffffffffffffd10
 457000: system.cpu: T0 : 0x3f002    : c_addi16sp sp, 48          : IntAlu :  D=0x7ffffffffffffd30
 457500: system.cpu: T0 : 0x3f004    : c_jr ra                    : IntAlu : 
 458000: system.cpu: T0 : 0x2267c    : lui s3, 114                : IntAlu :  D=0x0000000000072000
 458500: system.cpu: T0 : 0x22680    : ld a5, 64(s3)              : MemRead :  D=0x0000000000000006 A=0x72040
 459000: system.cpu: T0 : 0x22684    : ld a4, 8(s2)               : MemRead :  D=0x0000000000010040 A=0x72008
 459500: system.cpu: T0 : 0x22688    : c_mv a3, a0                : IntAlu :  D=0xffffffffffffffff
 460500: system.cpu: T0 : 0x2268a    : lui s4, 112                : IntAlu :  D=0x0000000000070000
 461500: system.cpu: T0 : 0x2268e    : lui a0, 80                 : IntAlu :  D=0x0000000000050000
 462500: system.cpu: T0 : 0x22692    : addi s1, s4, -416          : IntAlu :  D=0x000000000006fe60
 463500: system.cpu: T0 : 0x22696    : addi a0, a0, -296          : IntAlu :  D=0x000000000004fed8
 464500: system.cpu: T0 : 0x2269a    : sh a5, 696(s1)             : MemWrite :  D=0x0000000000000006 A=0x70118
 465500: system.cpu: T0 : 0x2269e    : sd a3, 840(s1)             : MemWrite :  D=0xffffffffffffffff A=0x701a8
 466500: system.cpu: T0 : 0x226a2    : sd a4, 680(s1)             : MemWrite :  D=0x0000000000010040 A=0x70108
 467500: system.cpu: T0 : 0x226a6    : jal ra, -56890             : IntAlu :  D=0x00000000000226aa
 468000: system.cpu: T0 : 0x1486c    : c_addi16sp sp, -64         : IntAlu :  D=0x7ffffffffffffcf0
 468500: system.cpu: T0 : 0x1486e    : c_sdsp s1, 40(sp)          : MemWrite :  D=0x000000000006fe60 A=0x7ffffffffffffd18
 469000: system.cpu: T0 : 0x14870    : ld s1, -1360(gp)           : MemRead :  D=0x7fffffffffffff48 A=0x70b08
 469500: system.cpu: T0 : 0x14874    : c_sdsp ra, 56(sp)          : MemWrite :  D=0x00000000000226aa A=0x7ffffffffffffd28
 470000: system.cpu: T0 : 0x14876    : c_sdsp s0, 48(sp)          : MemWrite :  D=0x0000000000000001 A=0x7ffffffffffffd20
 470500: system.cpu: T0 : 0x14878    : c_sdsp s2, 32(sp)          : MemWrite :  D=0x0000000000072000 A=0x7ffffffffffffd10
 471000: system.cpu: T0 : 0x1487a    : c_sdsp s3, 24(sp)          : MemWrite :  D=0x0000000000072000 A=0x7ffffffffffffd08
 471500: system.cpu: T0 : 0x1487c    : c_sdsp s4, 16(sp)          : MemWrite :  D=0x0000000000070000 A=0x7ffffffffffffd00
 472000: system.cpu: T0 : 0x1487e    : c_sdsp s5, 8(sp)           : MemWrite :  D=0x0000000000000000 A=0x7ffffffffffffcf8
 472500: system.cpu: T0 : 0x14880    : c_sdsp s6, 0(sp)           : MemWrite :  D=0x0000000000000000 A=0x7ffffffffffffcf0
 473000: system.cpu: T0 : 0x14882    : c_beqz s1, 210             : IntAlu : 
 473500: system.cpu: T0 : 0x14884    : lbu a5, 0(a0)              : MemRead :  D=0x000000000000004c A=0x4fed8
 474000: system.cpu: T0 : 0x14888    : c_mv s4, a0                : IntAlu :  D=0x000000000004fed8
 474500: system.cpu: T0 : 0x1488a    : c_beqz a5, 202             : IntAlu : 
 475000: system.cpu: T0 : 0x1488c    : lbu s5, 1(a0)              : MemRead :  D=0x0000000000000044 A=0x4fed9
 475500: system.cpu: T0 : 0x14890    : slliw s2, a5, 16           : IntAlu :  D=0x00000000004c0000
 476000: system.cpu: T0 : 0x14894    : c_ld s0, 0(s1)             : MemRead :  D=0x0000000000000000 A=0x7fffffffffffff48
 477000: system.cpu: T0 : 0x14896    : sraiw s2, s2, 16           : IntAlu :  D=0x000000000000004c
 478000: system.cpu: T0 : 0x1489a    : bne s5, zero, 86           : IntAlu : 
 478500: system.cpu: T0 : 0x148f0    : jal ra, 42488              : IntAlu :  D=0x00000000000148f4
 479000: system.cpu: T0 : 0x1eee8    : andi a5, a0, 7             : IntAlu :  D=0x0000000000000000
 479500: system.cpu: T0 : 0x1eeec    : c_beqz a5, 26              : IntAlu : 
 480000: system.cpu: T0 : 0x1ef06    : c_mv a5, a0                : IntAlu :  D=0x000000000004fed8
 480500: system.cpu: T0 : 0x1ef08    : ld a6, -2024(gp)           : MemRead :  D=0xfefefefefefefeff A=0x70870
 481000: system.cpu: T0 : 0x1ef0c    : ld a1, -2016(gp)           : MemRead :  D=0x8080808080808080 A=0x70878
 481500: system.cpu: T0 : 0x1ef10    : c_ld a2, 0(a5)             : MemRead :  D=0x004e5241575f444c A=0x4fed8
 482500: system.cpu: T0 : 0x1ef12    : addi a3, a5, 8             : IntAlu :  D=0x000000000004fee0
 483500: system.cpu: T0 : 0x1ef16    : add a4, a2, a6             : IntAlu :  D=0xff4d5140565e434b
 484500: system.cpu: T0 : 0x1ef1a    : xori a2, a2, 18446744073709551615 : IntAlu :  D=0xffb1adbea8a0bbb3
 485000: system.cpu: T0 : 0x1ef1e    : c_and a4, a2               : IntAlu :  D=0xff01010000000303
 485500: system.cpu: T0 : 0x1ef20    : c_and a4, a1               : IntAlu :  D=0x8000000000000000
 486000: system.cpu: T0 : 0x1ef22    : c_beqz a4, 50              : IntAlu : 
 486500: system.cpu: T0 : 0x1ef24    : lbu a4, -8(a3)             : MemRead :  D=0x000000000000004c A=0x4fed8
 487000: system.cpu: T0 : 0x1ef28    : c_beqz a4, -40             : IntAlu : 
 488000: system.cpu: T0 : 0x1ef2a    : lbu a4, -7(a3)             : MemRead :  D=0x0000000000000044 A=0x4fed9
 488500: system.cpu: T0 : 0x1ef2e    : c_beqz a4, 50              : IntAlu : 
 489000: system.cpu: T0 : 0x1ef30    : lbu a4, -6(a3)             : MemRead :  D=0x000000000000005f A=0x4feda
 489500: system.cpu: T0 : 0x1ef34    : c_beqz a4, 52              : IntAlu : 
 490500: system.cpu: T0 : 0x1ef36    : lbu a4, -5(a3)             : MemRead :  D=0x0000000000000057 A=0x4fedb
 491000: system.cpu: T0 : 0x1ef3a    : c_beqz a4, 54              : IntAlu : 
 491500: system.cpu: T0 : 0x1ef3c    : lbu a4, -4(a3)             : MemRead :  D=0x0000000000000041 A=0x4fedc
 492000: system.cpu: T0 : 0x1ef40    : c_beqz a4, 56              : IntAlu : 
 493000: system.cpu: T0 : 0x1ef42    : lbu a4, -3(a3)             : MemRead :  D=0x0000000000000052 A=0x4fedd
 493500: system.cpu: T0 : 0x1ef46    : c_beqz a4, 58              : IntAlu : 
 494000: system.cpu: T0 : 0x1ef48    : lbu a4, -2(a3)             : MemRead :  D=0x000000000000004e A=0x4fede
 494500: system.cpu: T0 : 0x1ef4c    : c_beqz a4, 60              : IntAlu : 
 495500: system.cpu: T0 : 0x1ef4e    : lbu a4, -1(a3)             : MemRead :  D=0x0000000000000000 A=0x4fedf
 496000: system.cpu: T0 : 0x1ef52    : c_beqz a4, 6               : IntAlu : 
 496500: system.cpu: T0 : 0x1ef58    : c_sub a5, a0               : IntAlu :  D=0x0000000000000000
 497500: system.cpu: T0 : 0x1ef5a    : addi a0, a5, 7             : IntAlu :  D=0x0000000000000007
 498000: system.cpu: T0 : 0x1ef5e    : c_jr ra                    : IntAlu : 
 498500: system.cpu: T0 : 0x148f4    : slli a5, s5, 8             : IntAlu :  D=0x0000000000004400
 499000: system.cpu: T0 : 0x148f8    : or a5, s2, a5              : IntAlu :  D=0x000000000000444c
 499500: system.cpu: T0 : 0x148fc    : slliw s2, a5, 16           : IntAlu :  D=0x00000000444c0000
 500000: system.cpu: T0 : 0x14900    : c_mv s3, a0                : IntAlu :  D=0x0000000000000007
 501000: system.cpu: T0 : 0x14902    : sraiw s2, s2, 16           : IntAlu :  D=0x000000000000444c
 502000: system.cpu: T0 : 0x14906    : addi s5, a0, -2            : IntAlu :  D=0x0000000000000005
 502500: system.cpu: T0 : 0x1490a    : c_addi s4, 2               : IntAlu :  D=0x000000000004feda
 503000: system.cpu: T0 : 0x1490c    : c_beqz s0, -50             : IntAlu : 
 503500: system.cpu: T0 : 0x148da    : c_ldsp ra, 56(sp)          : MemRead :  D=0x00000000000226aa A=0x7ffffffffffffd28
 504000: system.cpu: T0 : 0x148dc    : c_mv a0, s0                : IntAlu :  D=0x0000000000000000
 504500: system.cpu: T0 : 0x148de    : c_ldsp s0, 48(sp)          : MemRead :  D=0x0000000000000001 A=0x7ffffffffffffd20
 505000: system.cpu: T0 : 0x148e0    : c_ldsp s1, 40(sp)          : MemRead :  D=0x000000000006fe60 A=0x7ffffffffffffd18
 505500: system.cpu: T0 : 0x148e2    : c_ldsp s2, 32(sp)          : MemRead :  D=0x0000000000072000 A=0x7ffffffffffffd10
 506000: system.cpu: T0 : 0x148e4    : c_ldsp s3, 24(sp)          : MemRead :  D=0x0000000000072000 A=0x7ffffffffffffd08
 506500: system.cpu: T0 : 0x148e6    : c_ldsp s4, 16(sp)          : MemRead :  D=0x0000000000070000 A=0x7ffffffffffffd00
 507000: system.cpu: T0 : 0x148e8    : c_ldsp s5, 8(sp)           : MemRead :  D=0x0000000000000000 A=0x7ffffffffffffcf8
 507500: system.cpu: T0 : 0x148ea    : c_ldsp s6, 0(sp)           : MemRead :  D=0x0000000000000000 A=0x7ffffffffffffcf0
 508000: system.cpu: T0 : 0x148ec    : c_addi16sp sp, 64          : IntAlu :  D=0x7ffffffffffffd30
 508500: system.cpu: T0 : 0x148ee    : c_jr ra                    : IntAlu : 
 509000: system.cpu: T0 : 0x226aa    : c_li a5, 0                 : IntAlu :  D=0x0000000000000000
 509500: system.cpu: T0 : 0x226ac    : c_beqz a0, 10              : IntAlu : 
 510500: system.cpu: T0 : 0x226b6    : lui s5, 114                : IntAlu :  D=0x0000000000072000
 511500: system.cpu: T0 : 0x226ba    : ld a4, 40(s5)              : MemRead :  D=0x0000000000000000 A=0x72028
 512500: system.cpu: T0 : 0x226be    : lui a3, 114                : IntAlu :  D=0x0000000000072000
 513500: system.cpu: T0 : 0x226c2    : sw a5, 56(a3)              : MemWrite :  D=0x0000000000000000 A=0x72038
 514500: system.cpu: T0 : 0x226c6    : beq a4, zero, 1518         : IntAlu : 
 515000: system.cpu: T0 : 0x22cb4    : lui s6, 114                : IntAlu :  D=0x0000000000072000
 515500: system.cpu: T0 : 0x22cb8    : ld s0, -8(s6)              : MemRead :  D=0x0000000000000000 A=0x71ff8
 516000: system.cpu: T0 : 0x22cbc    : bne s0, zero, -1062        : IntAlu : 
 516500: system.cpu: T0 : 0x22cc0    : lui s0, 111                : IntAlu :  D=0x000000000006f000
 517000: system.cpu: T0 : 0x22cc4    : addi s0, s0, -128          : IntAlu :  D=0x000000000006ef80
 517500: system.cpu: T0 : 0x22cc8    : sd zero, 8(s0)             : MemWrite :  D=0x0000000000000000 A=0x6ef88
 518000: system.cpu: T0 : 0x22ccc    : sd zero, 16(s0)            : MemWrite :  D=0x0000000000000000 A=0x6ef90
 518500: system.cpu: T0 : 0x22cd0    : sd zero, 24(s0)            : MemWrite :  D=0x0000000000000000 A=0x6ef98
 519000: system.cpu: T0 : 0x22cd4    : c_li a5, 0                 : IntAlu :  D=0x0000000000000000
 519500: system.cpu: T0 : 0x22cd6    : c_j -678                   : IntAlu : 
 520000: system.cpu: T0 : 0x22a30    : lui a0, 80                 : IntAlu :  D=0x0000000000050000
 520500: system.cpu: T0 : 0x22a34    : addi a0, a0, 56            : IntAlu :  D=0x0000000000050038
 521000: system.cpu: T0 : 0x22a38    : c_sd a5, 32(s0)            : MemWrite :  D=0x0000000000000000 A=0x6efa0
 522000: system.cpu: T0 : 0x22a3a    : jal ra, -57806             : IntAlu :  D=0x0000000000022a3e
 522500: system.cpu: T0 : 0x1486c    : c_addi16sp sp, -64         : IntAlu :  D=0x7ffffffffffffcf0
 523000: system.cpu: T0 : 0x1486e    : c_sdsp s1, 40(sp)          : MemWrite :  D=0x000000000006fe60 A=0x7ffffffffffffd18
 523500: system.cpu: T0 : 0x14870    : ld s1, -1360(gp)           : MemRead :  D=0x7fffffffffffff48 A=0x70b08
 524000: system.cpu: T0 : 0x14874    : c_sdsp ra, 56(sp)          : MemWrite :  D=0x0000000000022a3e A=0x7ffffffffffffd28
 524500: system.cpu: T0 : 0x14876    : c_sdsp s0, 48(sp)          : MemWrite :  D=0x000000000006ef80 A=0x7ffffffffffffd20
 525000: system.cpu: T0 : 0x14878    : c_sdsp s2, 32(sp)          : MemWrite :  D=0x0000000000072000 A=0x7ffffffffffffd10
 525500: system.cpu: T0 : 0x1487a    : c_sdsp s3, 24(sp)          : MemWrite :  D=0x0000000000072000 A=0x7ffffffffffffd08
 526000: system.cpu: T0 : 0x1487c    : c_sdsp s4, 16(sp)          : MemWrite :  D=0x0000000000070000 A=0x7ffffffffffffd00
 526500: system.cpu: T0 : 0x1487e    : c_sdsp s5, 8(sp)           : MemWrite :  D=0x0000000000072000 A=0x7ffffffffffffcf8
 527000: system.cpu: T0 : 0x14880    : c_sdsp s6, 0(sp)           : MemWrite :  D=0x0000000000072000 A=0x7ffffffffffffcf0
 527500: system.cpu: T0 : 0x14882    : c_beqz s1, 210             : IntAlu : 
 528000: system.cpu: T0 : 0x14884    : lbu a5, 0(a0)              : MemRead :  D=0x000000000000004c A=0x50038
 528500: system.cpu: T0 : 0x14888    : c_mv s4, a0                : IntAlu :  D=0x0000000000050038
 529000: system.cpu: T0 : 0x1488a    : c_beqz a5, 202             : IntAlu : 
 529500: system.cpu: T0 : 0x1488c    : lbu s5, 1(a0)              : MemRead :  D=0x0000000000000044 A=0x50039
 530000: system.cpu: T0 : 0x14890    : slliw s2, a5, 16           : IntAlu :  D=0x00000000004c0000
 530500: system.cpu: T0 : 0x14894    : c_ld s0, 0(s1)             : MemRead :  D=0x0000000000000000 A=0x7fffffffffffff48
 531500: system.cpu: T0 : 0x14896    : sraiw s2, s2, 16           : IntAlu :  D=0x000000000000004c
 532500: system.cpu: T0 : 0x1489a    : bne s5, zero, 86           : IntAlu : 
 533000: system.cpu: T0 : 0x148f0    : jal ra, 42488              : IntAlu :  D=0x00000000000148f4
 533500: system.cpu: T0 : 0x1eee8    : andi a5, a0, 7             : IntAlu :  D=0x0000000000000000
 534000: system.cpu: T0 : 0x1eeec    : c_beqz a5, 26              : IntAlu : 
 534500: system.cpu: T0 : 0x1ef06    : c_mv a5, a0                : IntAlu :  D=0x0000000000050038
 535000: system.cpu: T0 : 0x1ef08    : ld a6, -2024(gp)           : MemRead :  D=0xfefefefefefefeff A=0x70870
 535500: system.cpu: T0 : 0x1ef0c    : ld a1, -2016(gp)           : MemRead :  D=0x8080808080808080 A=0x70878
 536000: system.cpu: T0 : 0x1ef10    : c_ld a2, 0(a5)             : MemRead :  D=0x415242494c5f444c A=0x50038
 537000: system.cpu: T0 : 0x1ef12    : addi a3, a5, 8             : IntAlu :  D=0x0000000000050040
 538000: system.cpu: T0 : 0x1ef16    : add a4, a2, a6             : IntAlu :  D=0x405141484b5e434b
 539000: system.cpu: T0 : 0x1ef1a    : xori a2, a2, 18446744073709551615 : IntAlu :  D=0xbeadbdb6b3a0bbb3
 539500: system.cpu: T0 : 0x1ef1e    : c_and a4, a2               : IntAlu :  D=0x0001010003000303
 540000: system.cpu: T0 : 0x1ef20    : c_and a4, a1               : IntAlu :  D=0x0000000000000000
 540500: system.cpu: T0 : 0x1ef22    : c_beqz a4, 50              : IntAlu : 
 541000: system.cpu: T0 : 0x1ef54    : c_mv a5, a3                : IntAlu :  D=0x0000000000050040
 541500: system.cpu: T0 : 0x1ef56    : c_j -70                    : IntAlu : 
 542000: system.cpu: T0 : 0x1ef10    : c_ld a2, 0(a5)             : MemRead :  D=0x00485441505f5952 A=0x50040
 543000: system.cpu: T0 : 0x1ef12    : addi a3, a5, 8             : IntAlu :  D=0x0000000000050048
 544000: system.cpu: T0 : 0x1ef16    : add a4, a2, a6             : IntAlu :  D=0xff4753404f5e5851
 545000: system.cpu: T0 : 0x1ef1a    : xori a2, a2, 18446744073709551615 : IntAlu :  D=0xffb7abbeafa0a6ad
 545500: system.cpu: T0 : 0x1ef1e    : c_and a4, a2               : IntAlu :  D=0xff0703000f000001
 546000: system.cpu: T0 : 0x1ef20    : c_and a4, a1               : IntAlu :  D=0x8000000000000000
 546500: system.cpu: T0 : 0x1ef22    : c_beqz a4, 50              : IntAlu : 
 547000: system.cpu: T0 : 0x1ef24    : lbu a4, -8(a3)             : MemRead :  D=0x0000000000000052 A=0x50040
 547500: system.cpu: T0 : 0x1ef28    : c_beqz a4, -40             : IntAlu : 
 548500: system.cpu: T0 : 0x1ef2a    : lbu a4, -7(a3)             : MemRead :  D=0x0000000000000059 A=0x50041
 549000: system.cpu: T0 : 0x1ef2e    : c_beqz a4, 50              : IntAlu : 
 549500: system.cpu: T0 : 0x1ef30    : lbu a4, -6(a3)             : MemRead :  D=0x000000000000005f A=0x50042
 550000: system.cpu: T0 : 0x1ef34    : c_beqz a4, 52              : IntAlu : 
 551000: system.cpu: T0 : 0x1ef36    : lbu a4, -5(a3)             : MemRead :  D=0x0000000000000050 A=0x50043
 551500: system.cpu: T0 : 0x1ef3a    : c_beqz a4, 54              : IntAlu : 
 552000: system.cpu: T0 : 0x1ef3c    : lbu a4, -4(a3)             : MemRead :  D=0x0000000000000041 A=0x50044
 552500: system.cpu: T0 : 0x1ef40    : c_beqz a4, 56              : IntAlu : 
 553500: system.cpu: T0 : 0x1ef42    : lbu a4, -3(a3)             : MemRead :  D=0x0000000000000054 A=0x50045
 554000: system.cpu: T0 : 0x1ef46    : c_beqz a4, 58              : IntAlu : 
 554500: system.cpu: T0 : 0x1ef48    : lbu a4, -2(a3)             : MemRead :  D=0x0000000000000048 A=0x50046
 555000: system.cpu: T0 : 0x1ef4c    : c_beqz a4, 60              : IntAlu : 
 556000: system.cpu: T0 : 0x1ef4e    : lbu a4, -1(a3)             : MemRead :  D=0x0000000000000000 A=0x50047
 556500: system.cpu: T0 : 0x1ef52    : c_beqz a4, 6               : IntAlu : 
 557000: system.cpu: T0 : 0x1ef58    : c_sub a5, a0               : IntAlu :  D=0x0000000000000008
 558000: system.cpu: T0 : 0x1ef5a    : addi a0, a5, 7             : IntAlu :  D=0x000000000000000f
 558500: system.cpu: T0 : 0x1ef5e    : c_jr ra                    : IntAlu : 
 559000: system.cpu: T0 : 0x148f4    : slli a5, s5, 8             : IntAlu :  D=0x0000000000004400
 559500: system.cpu: T0 : 0x148f8    : or a5, s2, a5              : IntAlu :  D=0x000000000000444c
 560000: system.cpu: T0 : 0x148fc    : slliw s2, a5, 16           : IntAlu :  D=0x00000000444c0000
 560500: system.cpu: T0 : 0x14900    : c_mv s3, a0                : IntAlu :  D=0x000000000000000f
 561500: system.cpu: T0 : 0x14902    : sraiw s2, s2, 16           : IntAlu :  D=0x000000000000444c
 562500: system.cpu: T0 : 0x14906    : addi s5, a0, -2            : IntAlu :  D=0x000000000000000d
 563000: system.cpu: T0 : 0x1490a    : c_addi s4, 2               : IntAlu :  D=0x000000000005003a
 563500: system.cpu: T0 : 0x1490c    : c_beqz s0, -50             : IntAlu : 
 564000: system.cpu: T0 : 0x148da    : c_ldsp ra, 56(sp)          : MemRead :  D=0x0000000000022a3e A=0x7ffffffffffffd28
 564500: system.cpu: T0 : 0x148dc    : c_mv a0, s0                : IntAlu :  D=0x0000000000000000
 565000: system.cpu: T0 : 0x148de    : c_ldsp s0, 48(sp)          : MemRead :  D=0x000000000006ef80 A=0x7ffffffffffffd20
 565500: system.cpu: T0 : 0x148e0    : c_ldsp s1, 40(sp)          : MemRead :  D=0x000000000006fe60 A=0x7ffffffffffffd18
 566000: system.cpu: T0 : 0x148e2    : c_ldsp s2, 32(sp)          : MemRead :  D=0x0000000000072000 A=0x7ffffffffffffd10
 566500: system.cpu: T0 : 0x148e4    : c_ldsp s3, 24(sp)          : MemRead :  D=0x0000000000072000 A=0x7ffffffffffffd08
 567000: system.cpu: T0 : 0x148e6    : c_ldsp s4, 16(sp)          : MemRead :  D=0x0000000000070000 A=0x7ffffffffffffd00
 567500: system.cpu: T0 : 0x148e8    : c_ldsp s5, 8(sp)           : MemRead :  D=0x0000000000072000 A=0x7ffffffffffffcf8
 568000: system.cpu: T0 : 0x148ea    : c_ldsp s6, 0(sp)           : MemRead :  D=0x0000000000072000 A=0x7ffffffffffffcf0
 568500: system.cpu: T0 : 0x148ec    : c_addi16sp sp, 64          : IntAlu :  D=0x7ffffffffffffd30
 569000: system.cpu: T0 : 0x148ee    : c_jr ra                    : IntAlu : 
 570000: system.cpu: T0 : 0x22a3e    : jal ra, 99838              : IntAlu :  D=0x0000000000022a42
 570500: system.cpu: T0 : 0x3b03c    : c_addi16sp sp, -64         : IntAlu :  D=0x7ffffffffffffcf0
 571000: system.cpu: T0 : 0x3b03e    : c_sdsp ra, 56(sp)          : MemWrite :  D=0x0000000000022a42 A=0x7ffffffffffffd28
 571500: system.cpu: T0 : 0x3b040    : c_sdsp s0, 48(sp)          : MemWrite :  D=0x000000000006ef80 A=0x7ffffffffffffd20
 572000: system.cpu: T0 : 0x3b042    : c_sdsp s2, 32(sp)          : MemWrite :  D=0x0000000000072000 A=0x7ffffffffffffd10
 572500: system.cpu: T0 : 0x3b044    : c_sdsp s3, 24(sp)          : MemWrite :  D=0x0000000000072000 A=0x7ffffffffffffd08
 573000: system.cpu: T0 : 0x3b046    : c_addi4spn s0, sp, 64      : IntAlu :  D=0x7ffffffffffffd30
 573500: system.cpu: T0 : 0x3b048    : c_sdsp s1, 40(sp)          : MemWrite :  D=0x000000000006fe60 A=0x7ffffffffffffd18
 574000: system.cpu: T0 : 0x3b04a    : c_sdsp s4, 16(sp)          : MemWrite :  D=0x0000000000070000 A=0x7ffffffffffffd00
 574500: system.cpu: T0 : 0x3b04c    : c_sdsp s5, 8(sp)           : MemWrite :  D=0x0000000000072000 A=0x7ffffffffffffcf8
 575500: system.cpu: T0 : 0x3b04e    : lui a5, 114                : IntAlu :  D=0x0000000000072000
 576500: system.cpu: T0 : 0x3b052    : ld a1, -72(a5)             : MemRead :  D=0x0000000000000000 A=0x71fb8
 577500: system.cpu: T0 : 0x3b056    : lui a5, 114                : IntAlu :  D=0x0000000000072000
 578000: system.cpu: T0 : 0x3b05a    : c_mv s2, a0                : IntAlu :  D=0x0000000000000000
 578500: system.cpu: T0 : 0x3b05c    : lui s3, 111                : IntAlu :  D=0x000000000006f000
 579000: system.cpu: T0 : 0x3b060    : ld a0, -24(a5)             : MemRead :  D=0x0000000000000000 A=0x71fe8
 579500: system.cpu: T0 : 0x3b064    : addi s3, s3, -64           : IntAlu :  D=0x000000000006efc0
 580000: system.cpu: T0 : 0x3b068    : addi a3, s3, 8             : IntAlu :  D=0x000000000006efc8
 580500: system.cpu: T0 : 0x3b06c    : addi a2, s3, 16            : IntAlu :  D=0x000000000006efd0
 581000: system.cpu: T0 : 0x3b070    : jal ra, 9754               : IntAlu :  D=0x000000000003b074
 581500: system.cpu: T0 : 0x3d68a    : c_addi16sp sp, -192        : IntAlu :  D=0x7ffffffffffffc30
 582000: system.cpu: T0 : 0x3d68c    : c_sdsp s0, 176(sp)         : MemWrite :  D=0x7ffffffffffffd30 A=0x7ffffffffffffce0
 582500: system.cpu: T0 : 0x3d68e    : c_sdsp s3, 152(sp)         : MemWrite :  D=0x000000000006efc0 A=0x7ffffffffffffcc8
 583000: system.cpu: T0 : 0x3d690    : c_addi4spn s0, sp, 192     : IntAlu :  D=0x7ffffffffffffcf0
 583500: system.cpu: T0 : 0x3d692    : c_sdsp s4, 144(sp)         : MemWrite :  D=0x0000000000070000 A=0x7ffffffffffffcc0
 584000: system.cpu: T0 : 0x3d694    : c_sdsp s9, 104(sp)         : MemWrite :  D=0x0000000000000000 A=0x7ffffffffffffc98
 584500: system.cpu: T0 : 0x3d696    : c_sdsp s11, 88(sp)         : MemWrite :  D=0x0000000000000000 A=0x7ffffffffffffc88
 585000: system.cpu: T0 : 0x3d698    : c_sdsp ra, 184(sp)         : MemWrite :  D=0x000000000003b074 A=0x7ffffffffffffce8
 585500: system.cpu: T0 : 0x3d69a    : c_sdsp s1, 168(sp)         : MemWrite :  D=0x000000000006fe60 A=0x7ffffffffffffcd8
 586000: system.cpu: T0 : 0x3d69c    : c_sdsp s2, 160(sp)         : MemWrite :  D=0x0000000000000000 A=0x7ffffffffffffcd0
 586500: system.cpu: T0 : 0x3d69e    : c_sdsp s5, 136(sp)         : MemWrite :  D=0x0000000000072000 A=0x7ffffffffffffcb8
 587000: system.cpu: T0 : 0x3d6a0    : c_sdsp s6, 128(sp)         : MemWrite :  D=0x0000000000072000 A=0x7ffffffffffffcb0
 587500: system.cpu: T0 : 0x3d6a2    : c_sdsp s7, 120(sp)         : MemWrite :  D=0x0000000000000000 A=0x7ffffffffffffca8
 588000: system.cpu: T0 : 0x3d6a4    : c_sdsp s8, 112(sp)         : MemWrite :  D=0x0000000000000000 A=0x7ffffffffffffca0
 588500: system.cpu: T0 : 0x3d6a6    : c_sdsp s10, 96(sp)         : MemWrite :  D=0x0000000000000000 A=0x7ffffffffffffc90
 589000: system.cpu: T0 : 0x3d6a8    : c_mv a5, a2                : IntAlu :  D=0x000000000006efd0
 589500: system.cpu: T0 : 0x3d6aa    : c_mv a4, a1                : IntAlu :  D=0x0000000000000000
 590000: system.cpu: T0 : 0x3d6ac    : c_mv s4, a0                : IntAlu :  D=0x0000000000000000
 590500: system.cpu: T0 : 0x3d6ae    : c_li a2, 0                 : IntAlu :  D=0x0000000000000000
 591000: system.cpu: T0 : 0x3d6b0    : addi a1, s0, -120          : IntAlu :  D=0x7ffffffffffffc78
 591500: system.cpu: T0 : 0x3d6b4    : c_li a0, 8                 : IntAlu :  D=0x0000000000000008
 592500: system.cpu: T0 : 0x3d6b6    : sd a5, -136(s0)            : MemWrite :  D=0x000000000006efd0 A=0x7ffffffffffffc68
 593500: system.cpu: T0 : 0x3d6ba    : sd a3, -160(s0)            : MemWrite :  D=0x000000000006efc8 A=0x7ffffffffffffc50
 594500: system.cpu: T0 : 0x3d6be    : sd a4, -144(s0)            : MemWrite :  D=0x0000000000000000 A=0x7ffffffffffffc60
 595500: system.cpu: T0 : 0x3d6c2    : jal ra, -111428            : IntAlu :  D=0x000000000003d6c6
 596000: system.cpu: T0 : 0x2237e    : c_slli a0, 32              : IntAlu :  D=0x0000000800000000
 596500: system.cpu: T0 : 0x22380    : c_srli a0, 32              : IntAlu :  D=0x0000000000000008
 597500: system.cpu: T0 : 0x22382    : slli a5, a0, 3             : IntAlu :  D=0x0000000000000040
 598000: system.cpu: T0 : 0x22386    : c_sub a5, a0               : IntAlu :  D=0x0000000000000038
 598500: system.cpu: T0 : 0x22388    : lui a4, 111                : IntAlu :  D=0x000000000006f000
 599000: system.cpu: T0 : 0x2238c    : addi a4, a4, -1248         : IntAlu :  D=0x000000000006eb20
 599500: system.cpu: T0 : 0x22390    : c_slli a5, 3               : IntAlu :  D=0x00000000000001c0
 600000: system.cpu: T0 : 0x22392    : c_add a5, a4               : IntAlu :  D=0x000000000006ece0
 600500: system.cpu: T0 : 0x22394    : c_lw a3, 8(a5)             : MemRead :  D=0x0000000000000001 A=0x6ece8
 601000: system.cpu: T0 : 0x22396    : c_li a6, 2                 : IntAlu :  D=0x0000000000000002
 601500: system.cpu: T0 : 0x22398    : c_ld a5, 32(a5)            : MemRead :  D=0x0000000000000000 A=0x6ed00
 602500: system.cpu: T0 : 0x2239a    : bltu a6, a3, 42            : IntAlu : 
 603000: system.cpu: T0 : 0x2239e    : c_bnez a3, 38              : IntAlu : 
 603500: system.cpu: T0 : 0x223c4    : c_sd a5, 0(a1)             : MemWrite :  D=0x0000000000000000 A=0x7ffffffffffffc78
 604000: system.cpu: T0 : 0x223c6    : c_j -36                    : IntAlu : 
 605000: system.cpu: T0 : 0x223a2    : slli a5, a0, 3             : IntAlu :  D=0x0000000000000040
 605500: system.cpu: T0 : 0x223a6    : c_sub a5, a0               : IntAlu :  D=0x0000000000000038
 606000: system.cpu: T0 : 0x223a8    : c_slli a5, 3               : IntAlu :  D=0x00000000000001c0
 607000: system.cpu: T0 : 0x223aa    : add a3, a4, a5             : IntAlu :  D=0x000000000006ece0
 608000: system.cpu: T0 : 0x223ae    : lbu a3, 40(a3)             : MemRead :  D=0x0000000000000000 A=0x6ed08
 608500: system.cpu: T0 : 0x223b2    : c_beqz a3, 16              : IntAlu : 
 609000: system.cpu: T0 : 0x223c2    : c_jr ra                    : IntAlu : 
 610000: system.cpu: T0 : 0x3d6c6    : ld s11, -120(s0)           : MemRead :  D=0x0000000000000000 A=0x7ffffffffffffc78
 611000: system.cpu: T0 : 0x3d6ca    : ld s9, -1328(gp)           : MemRead :  D=0x0000000000000000 A=0x70b28
 612000: system.cpu: T0 : 0x3d6ce    : sltu a3, zero, s4          : IntAlu :  D=0x0000000000000000
 613000: system.cpu: T0 : 0x3d6d2    : and s3, s9, s11            : IntAlu :  D=0x0000000000000000
 614000: system.cpu: T0 : 0x3d6d6    : beq s3, zero, 1250         : IntAlu : 
 614500: system.cpu: T0 : 0x3dbb8    : addi s2, a3, 1             : IntAlu :  D=0x0000000000000001
 615000: system.cpu: T0 : 0x3dbbc    : c_j -1210                  : IntAlu : 
 616000: system.cpu: T0 : 0x3d702    : lui a5, 114                : IntAlu :  D=0x0000000000072000
 617000: system.cpu: T0 : 0x3d706    : ld s5, -8(a5)              : MemRead :  D=0x0000000000000000 A=0x71ff8
 618000: system.cpu: T0 : 0x3d70a    : beq s5, zero, 444          : IntAlu : 
 619000: system.cpu: T0 : 0x3d8c6    : slli a5, s2, 4             : IntAlu :  D=0x0000000000000010
 620000: system.cpu: T0 : 0x3d8ca    : sub sp, sp, a5             : IntAlu :  D=0x7ffffffffffffc20
 620500: system.cpu: T0 : 0x3d8ce    : c_mv a3, sp                : IntAlu :  D=0x7ffffffffffffc20
 621000: system.cpu: T0 : 0x3d8d0    : c_mv s1, a3                : IntAlu :  D=0x7ffffffffffffc20
 621500: system.cpu: T0 : 0x3d8d2    : c_li a1, 1                 : IntAlu :  D=0x0000000000000001
 622000: system.cpu: T0 : 0x3d8d4    : c_li s9, 0                 : IntAlu :  D=0x0000000000000000
 623000: system.cpu: T0 : 0x3d8d6    : bne s3, zero, -118         : IntAlu : 
 624000: system.cpu: T0 : 0x3d8da    : beq s4, zero, 24           : IntAlu : 
 625000: system.cpu: T0 : 0x3d8f2    : lui a5, 98                 : IntAlu :  D=0x0000000000062000
 626000: system.cpu: T0 : 0x3d8f6    : addi a5, a5, -216          : IntAlu :  D=0x0000000000061f28
 626500: system.cpu: T0 : 0x3d8fa    : c_sd a5, 0(a3)             : MemWrite :  D=0x0000000000061f28 A=0x7ffffffffffffc20
 627000: system.cpu: T0 : 0x3d8fc    : c_li a5, 3                 : IntAlu :  D=0x0000000000000003
 627500: system.cpu: T0 : 0x3d8fe    : c_sd a5, 8(a3)             : MemWrite :  D=0x0000000000000003 A=0x7ffffffffffffc28
 628000: system.cpu: T0 : 0x3d900    : bne s2, a1, 706            : IntAlu : 
 628500: system.cpu: T0 : 0x3d904    : c_li a5, 1                 : IntAlu :  D=0x0000000000000001
 629500: system.cpu: T0 : 0x3d906    : ld s9, 8(s1)               : MemRead :  D=0x0000000000000003 A=0x7ffffffffffffc28
 630500: system.cpu: T0 : 0x3d90a    : beq s2, a5, 542            : IntAlu : 
 631000: system.cpu: T0 : 0x3db28    : ld a5, -136(s0)            : MemRead :  D=0x000000000006efd0 A=0x7ffffffffffffc68
 631500: system.cpu: T0 : 0x3db2c    : c_li s2, 2                 : IntAlu :  D=0x0000000000000002
 632500: system.cpu: T0 : 0x3db2e    : addi a0, s9, 33            : IntAlu :  D=0x0000000000000024
 633500: system.cpu: T0 : 0x3db32    : sd s2, 0(a5)               : MemWrite :  D=0x0000000000000002 A=0x6efd0
 634500: system.cpu: T0 : 0x3db36    : jal ra, -131280            : IntAlu :  D=0x000000000003db3a
 635500: system.cpu: T0 : 0x1da66    : ld t1, -1848(gp)           : MemRead :  D=0x000000000001dc64 A=0x70920
 636500: system.cpu: T0 : 0x1da6a    : bne t1, zero, 260          : IntAlu : 
 637000: system.cpu: T0 : 0x1db6e    : c_mv a1, ra                : IntAlu :  D=0x000000000003db3a
 637500: system.cpu: T0 : 0x1db70    : c_jr t1                    : IntAlu : 
 638000: system.cpu: T0 : 0x1dc64    : lw a5, -1876(gp)           : MemRead :  D=0xffffffffffffffff A=0x70904
 638500: system.cpu: T0 : 0x1dc68    : sd zero, -1848(gp)         : MemWrite :  D=0x0000000000000000 A=0x70920
 639000: system.cpu: T0 : 0x1dc6c    : blt a5, zero, 6            : IntAlu : 
 639500: system.cpu: T0 : 0x1dc72    : c_addi sp, -32             : IntAlu :  D=0x7ffffffffffffc00
 640000: system.cpu: T0 : 0x1dc74    : c_sdsp ra, 24(sp)          : MemWrite :  D=0x000000000003db3a A=0x7ffffffffffffc18
 640500: system.cpu: T0 : 0x1dc76    : c_sdsp a0, 8(sp)           : MemWrite :  D=0x0000000000000024 A=0x7ffffffffffffc08
 641000: system.cpu: T0 : 0x1dc78    : jal ra, -11948             : IntAlu :  D=0x000000000001dc7c
 641500: system.cpu: T0 : 0x1adcc    : c_addi16sp sp, -48         : IntAlu :  D=0x7ffffffffffffbd0
 642000: system.cpu: T0 : 0x1adce    : c_sdsp s1, 24(sp)          : MemWrite :  D=0x7ffffffffffffc20 A=0x7ffffffffffffbe8
 642500: system.cpu: T0 : 0x1add0    : lui s1, 111                : IntAlu :  D=0x000000000006f000
 643000: system.cpu: T0 : 0x1add4    : ld a3, -1264(s1)           : MemRead :  D=0x2e2e000000000000 A=0x6eb10
 643500: system.cpu: T0 : 0x1add8    : lui a0, 111                : IntAlu :  D=0x000000000006f000
 644000: system.cpu: T0 : 0x1addc    : addi a4, a0, 1480          : IntAlu :  D=0x000000000006f5c8
 644500: system.cpu: T0 : 0x1ade0    : c_sdsp ra, 40(sp)          : MemWrite :  D=0x000000000001dc7c A=0x7ffffffffffffbf8
 645000: system.cpu: T0 : 0x1ade2    : c_sdsp s0, 32(sp)          : MemWrite :  D=0x7ffffffffffffcf0 A=0x7ffffffffffffbf0
 645500: system.cpu: T0 : 0x1ade4    : addi a0, a0, 1480          : IntAlu :  D=0x000000000006f5c8
 646000: system.cpu: T0 : 0x1ade8    : sd a4, 56(tp)              : MemWrite :  D=0x000000000006f5c8 A=0x73748
 646500: system.cpu: T0 : 0x1adec    : c_sdsp a3, 8(sp)           : MemWrite :  D=0x2e2e000000000000 A=0x7ffffffffffffbd8
 647500: system.cpu: T0 : 0x1adee    : sw zero, -1876(gp)         : MemWrite :  D=0x0000000000000000 A=0x70904
 648500: system.cpu: T0 : 0x1adf2    : jal ra, -1026              : IntAlu :  D=0x000000000001adf6
 649000: system.cpu: T0 : 0x1a9f0    : c_lui a4, 1                : IntAlu :  D=0x0000000000001000
 650000: system.cpu: T0 : 0x1a9f2    : addi a3, a0, 96            : IntAlu :  D=0x000000000006f628
 651000: system.cpu: T0 : 0x1a9f6    : addi a4, a4, -1968         : IntAlu :  D=0x0000000000000850
 651500: system.cpu: T0 : 0x1a9fa    : c_mv a5, a3                : IntAlu :  D=0x000000000006f628
 652000: system.cpu: T0 : 0x1a9fc    : c_add a4, a0               : IntAlu :  D=0x000000000006fe18
 652500: system.cpu: T0 : 0x1a9fe    : c_sd a5, 24(a5)            : MemWrite :  D=0x000000000006f628 A=0x6f640
 653000: system.cpu: T0 : 0x1aa00    : c_sd a5, 16(a5)            : MemWrite :  D=0x000000000006f628 A=0x6f638
 653500: system.cpu: T0 : 0x1aa02    : c_addi a5, 16              : IntAlu :  D=0x000000000006f638
 654000: system.cpu: T0 : 0x1aa04    : bne a4, a5, -6             : IntAlu : 
 654500: system.cpu: T0 : 0x1a9fe    : c_sd a5, 24(a5)            : MemWrite :  D=0x000000000006f638 A=0x6f650
 655000: system.cpu: T0 : 0x1aa00    : c_sd a5, 16(a5)            : MemWrite :  D=0x000000000006f638 A=0x6f648
 655500: system.cpu: T0 : 0x1aa02    : c_addi a5, 16              : IntAlu :  D=0x000000000006f648
 656000: system.cpu: T0 : 0x1aa04    : bne a4, a5, -6             : IntAlu : 
 656500: system.cpu: T0 : 0x1a9fe    : c_sd a5, 24(a5)            : MemWrite :  D=0x000000000006f648 A=0x6f660
 657000: system.cpu: T0 : 0x1aa00    : c_sd a5, 16(a5)            : MemWrite :  D=0x000000000006f648 A=0x6f658
 657500: system.cpu: T0 : 0x1aa02    : c_addi a5, 16              : IntAlu :  D=0x000000000006f658
 658000: system.cpu: T0 : 0x1aa04    : bne a4, a5, -6             : IntAlu : 
 658500: system.cpu: T0 : 0x1a9fe    : c_sd a5, 24(a5)            : MemWrite :  D=0x000000000006f658 A=0x6f670
 659000: system.cpu: T0 : 0x1aa00    : c_sd a5, 16(a5)            : MemWrite :  D=0x000000000006f658 A=0x6f668
 659500: system.cpu: T0 : 0x1aa02    : c_addi a5, 16              : IntAlu :  D=0x000000000006f668
 660000: system.cpu: T0 : 0x1aa04    : bne a4, a5, -6             : IntAlu : 
 660500: system.cpu: T0 : 0x1a9fe    : c_sd a5, 24(a5)            : MemWrite :  D=0x000000000006f668 A=0x6f680
 661000: system.cpu: T0 : 0x1aa00    : c_sd a5, 16(a5)            : MemWrite :  D=0x000000000006f668 A=0x6f678
 661500: system.cpu: T0 : 0x1aa02    : c_addi a5, 16              : IntAlu :  D=0x000000000006f678
 662000: system.cpu: T0 : 0x1aa04    : bne a4, a5, -6             : IntAlu : 
 662500: system.cpu: T0 : 0x1a9fe    : c_sd a5, 24(a5)            : MemWrite :  D=0x000000000006f678 A=0x6f690
 663000: system.cpu: T0 : 0x1aa00    : c_sd a5, 16(a5)            : MemWrite :  D=0x000000000006f678 A=0x6f688
 663500: system.cpu: T0 : 0x1aa02    : c_addi a5, 16              : IntAlu :  D=0x000000000006f688
 664000: system.cpu: T0 : 0x1aa04    : bne a4, a5, -6             : IntAlu : 
 664500: system.cpu: T0 : 0x1a9fe    : c_sd a5, 24(a5)            : MemWrite :  D=0x000000000006f688 A=0x6f6a0
 665000: system.cpu: T0 : 0x1aa00    : c_sd a5, 16(a5)            : MemWrite :  D=0x000000000006f688 A=0x6f698
 665500: system.cpu: T0 : 0x1aa02    : c_addi a5, 16              : IntAlu :  D=0x000000000006f698
 666000: system.cpu: T0 : 0x1aa04    : bne a4, a5, -6             : IntAlu : 
 666500: system.cpu: T0 : 0x1a9fe    : c_sd a5, 24(a5)            : MemWrite :  D=0x000000000006f698 A=0x6f6b0
 667000: system.cpu: T0 : 0x1aa00    : c_sd a5, 16(a5)            : MemWrite :  D=0x000000000006f698 A=0x6f6a8
 667500: system.cpu: T0 : 0x1aa02    : c_addi a5, 16              : IntAlu :  D=0x000000000006f6a8
 668000: system.cpu: T0 : 0x1aa04    : bne a4, a5, -6             : IntAlu : 
 668500: system.cpu: T0 : 0x1a9fe    : c_sd a5, 24(a5)            : MemWrite :  D=0x000000000006f6a8 A=0x6f6c0
 669000: system.cpu: T0 : 0x1aa00    : c_sd a5, 16(a5)            : MemWrite :  D=0x000000000006f6a8 A=0x6f6b8
 669500: system.cpu: T0 : 0x1aa02    : c_addi a5, 16              : IntAlu :  D=0x000000000006f6b8
 670000: system.cpu: T0 : 0x1aa04    : bne a4, a5, -6             : IntAlu : 
 670500: system.cpu: T0 : 0x1a9fe    : c_sd a5, 24(a5)            : MemWrite :  D=0x000000000006f6b8 A=0x6f6d0
 671000: system.cpu: T0 : 0x1aa00    : c_sd a5, 16(a5)            : MemWrite :  D=0x000000000006f6b8 A=0x6f6c8
 671500: system.cpu: T0 : 0x1aa02    : c_addi a5, 16              : IntAlu :  D=0x000000000006f6c8
 672000: system.cpu: T0 : 0x1aa04    : bne a4, a5, -6             : IntAlu : 
 672500: system.cpu: T0 : 0x1a9fe    : c_sd a5, 24(a5)            : MemWrite :  D=0x000000000006f6c8 A=0x6f6e0
 673000: system.cpu: T0 : 0x1aa00    : c_sd a5, 16(a5)            : MemWrite :  D=0x000000000006f6c8 A=0x6f6d8
 673500: system.cpu: T0 : 0x1aa02    : c_addi a5, 16              : IntAlu :  D=0x000000000006f6d8
 674000: system.cpu: T0 : 0x1aa04    : bne a4, a5, -6             : IntAlu : 
 674500: system.cpu: T0 : 0x1a9fe    : c_sd a5, 24(a5)            : MemWrite :  D=0x000000000006f6d8 A=0x6f6f0
 675000: system.cpu: T0 : 0x1aa00    : c_sd a5, 16(a5)            : MemWrite :  D=0x000000000006f6d8 A=0x6f6e8
 675500: system.cpu: T0 : 0x1aa02    : c_addi a5, 16              : IntAlu :  D=0x000000000006f6e8
 676000: system.cpu: T0 : 0x1aa04    : bne a4, a5, -6             : IntAlu : 
 676500: system.cpu: T0 : 0x1a9fe    : c_sd a5, 24(a5)            : MemWrite :  D=0x000000000006f6e8 A=0x6f700
 677000: system.cpu: T0 : 0x1aa00    : c_sd a5, 16(a5)            : MemWrite :  D=0x000000000006f6e8 A=0x6f6f8
 677500: system.cpu: T0 : 0x1aa02    : c_addi a5, 16              : IntAlu :  D=0x000000000006f6f8
 678000: system.cpu: T0 : 0x1aa04    : bne a4, a5, -6             : IntAlu : 
 678500: system.cpu: T0 : 0x1a9fe    : c_sd a5, 24(a5)            : MemWrite :  D=0x000000000006f6f8 A=0x6f710
 679000: system.cpu: T0 : 0x1aa00    : c_sd a5, 16(a5)            : MemWrite :  D=0x000000000006f6f8 A=0x6f708
 679500: system.cpu: T0 : 0x1aa02    : c_addi a5, 16              : IntAlu :  D=0x000000000006f708
 680000: system.cpu: T0 : 0x1aa04    : bne a4, a5, -6             : IntAlu : 
 680500: system.cpu: T0 : 0x1a9fe    : c_sd a5, 24(a5)            : MemWrite :  D=0x000000000006f708 A=0x6f720
 681000: system.cpu: T0 : 0x1aa00    : c_sd a5, 16(a5)            : MemWrite :  D=0x000000000006f708 A=0x6f718
 681500: system.cpu: T0 : 0x1aa02    : c_addi a5, 16              : IntAlu :  D=0x000000000006f718
 682000: system.cpu: T0 : 0x1aa04    : bne a4, a5, -6             : IntAlu : 
 682500: system.cpu: T0 : 0x1a9fe    : c_sd a5, 24(a5)            : MemWrite :  D=0x000000000006f718 A=0x6f730
 683000: system.cpu: T0 : 0x1aa00    : c_sd a5, 16(a5)            : MemWrite :  D=0x000000000006f718 A=0x6f728
 683500: system.cpu: T0 : 0x1aa02    : c_addi a5, 16              : IntAlu :  D=0x000000000006f728
 684000: system.cpu: T0 : 0x1aa04    : bne a4, a5, -6             : IntAlu : 
 684500: system.cpu: T0 : 0x1a9fe    : c_sd a5, 24(a5)            : MemWrite :  D=0x000000000006f728 A=0x6f740
 685000: system.cpu: T0 : 0x1aa00    : c_sd a5, 16(a5)            : MemWrite :  D=0x000000000006f728 A=0x6f738
 685500: system.cpu: T0 : 0x1aa02    : c_addi a5, 16              : IntAlu :  D=0x000000000006f738
 686000: system.cpu: T0 : 0x1aa04    : bne a4, a5, -6             : IntAlu : 
 686500: system.cpu: T0 : 0x1a9fe    : c_sd a5, 24(a5)            : MemWrite :  D=0x000000000006f738 A=0x6f750
 687000: system.cpu: T0 : 0x1aa00    : c_sd a5, 16(a5)            : MemWrite :  D=0x000000000006f738 A=0x6f748
 687500: system.cpu: T0 : 0x1aa02    : c_addi a5, 16              : IntAlu :  D=0x000000000006f748
 688000: system.cpu: T0 : 0x1aa04    : bne a4, a5, -6             : IntAlu : 
 688500: system.cpu: T0 : 0x1a9fe    : c_sd a5, 24(a5)            : MemWrite :  D=0x000000000006f748 A=0x6f760
 689000: system.cpu: T0 : 0x1aa00    : c_sd a5, 16(a5)            : MemWrite :  D=0x000000000006f748 A=0x6f758
 689500: system.cpu: T0 : 0x1aa02    : c_addi a5, 16              : IntAlu :  D=0x000000000006f758
 690000: system.cpu: T0 : 0x1aa04    : bne a4, a5, -6             : IntAlu : 
 690500: system.cpu: T0 : 0x1a9fe    : c_sd a5, 24(a5)            : MemWrite :  D=0x000000000006f758 A=0x6f770
 691000: system.cpu: T0 : 0x1aa00    : c_sd a5, 16(a5)            : MemWrite :  D=0x000000000006f758 A=0x6f768
 691500: system.cpu: T0 : 0x1aa02    : c_addi a5, 16              : IntAlu :  D=0x000000000006f768
 692000: system.cpu: T0 : 0x1aa04    : bne a4, a5, -6             : IntAlu : 
 692500: system.cpu: T0 : 0x1a9fe    : c_sd a5, 24(a5)            : MemWrite :  D=0x000000000006f768 A=0x6f780
 693000: system.cpu: T0 : 0x1aa00    : c_sd a5, 16(a5)            : MemWrite :  D=0x000000000006f768 A=0x6f778
 693500: system.cpu: T0 : 0x1aa02    : c_addi a5, 16              : IntAlu :  D=0x000000000006f778
 694000: system.cpu: T0 : 0x1aa04    : bne a4, a5, -6             : IntAlu : 
 694500: system.cpu: T0 : 0x1a9fe    : c_sd a5, 24(a5)            : MemWrite :  D=0x000000000006f778 A=0x6f790
 695000: system.cpu: T0 : 0x1aa00    : c_sd a5, 16(a5)            : MemWrite :  D=0x000000000006f778 A=0x6f788
 695500: system.cpu: T0 : 0x1aa02    : c_addi a5, 16              : IntAlu :  D=0x000000000006f788
 696000: system.cpu: T0 : 0x1aa04    : bne a4, a5, -6             : IntAlu : 
 696500: system.cpu: T0 : 0x1a9fe    : c_sd a5, 24(a5)            : MemWrite :  D=0x000000000006f788 A=0x6f7a0
 697000: system.cpu: T0 : 0x1aa00    : c_sd a5, 16(a5)            : MemWrite :  D=0x000000000006f788 A=0x6f798
 697500: system.cpu: T0 : 0x1aa02    : c_addi a5, 16              : IntAlu :  D=0x000000000006f798
 698000: system.cpu: T0 : 0x1aa04    : bne a4, a5, -6             : IntAlu : 
 698500: system.cpu: T0 : 0x1a9fe    : c_sd a5, 24(a5)            : MemWrite :  D=0x000000000006f798 A=0x6f7b0
 699000: system.cpu: T0 : 0x1aa00    : c_sd a5, 16(a5)            : MemWrite :  D=0x000000000006f798 A=0x6f7a8
 699500: system.cpu: T0 : 0x1aa02    : c_addi a5, 16              : IntAlu :  D=0x000000000006f7a8
 700000: system.cpu: T0 : 0x1aa04    : bne a4, a5, -6             : IntAlu : 
 700500: system.cpu: T0 : 0x1a9fe    : c_sd a5, 24(a5)            : MemWrite :  D=0x000000000006f7a8 A=0x6f7c0
 701000: system.cpu: T0 : 0x1aa00    : c_sd a5, 16(a5)            : MemWrite :  D=0x000000000006f7a8 A=0x6f7b8
 701500: system.cpu: T0 : 0x1aa02    : c_addi a5, 16              : IntAlu :  D=0x000000000006f7b8
 702000: system.cpu: T0 : 0x1aa04    : bne a4, a5, -6             : IntAlu : 
 702500: system.cpu: T0 : 0x1a9fe    : c_sd a5, 24(a5)            : MemWrite :  D=0x000000000006f7b8 A=0x6f7d0
 703000: system.cpu: T0 : 0x1aa00    : c_sd a5, 16(a5)            : MemWrite :  D=0x000000000006f7b8 A=0x6f7c8
 703500: system.cpu: T0 : 0x1aa02    : c_addi a5, 16              : IntAlu :  D=0x000000000006f7c8
 704000: system.cpu: T0 : 0x1aa04    : bne a4, a5, -6             : IntAlu : 
 704500: system.cpu: T0 : 0x1a9fe    : c_sd a5, 24(a5)            : MemWrite :  D=0x000000000006f7c8 A=0x6f7e0
 705000: system.cpu: T0 : 0x1aa00    : c_sd a5, 16(a5)            : MemWrite :  D=0x000000000006f7c8 A=0x6f7d8
 705500: system.cpu: T0 : 0x1aa02    : c_addi a5, 16              : IntAlu :  D=0x000000000006f7d8
 706000: system.cpu: T0 : 0x1aa04    : bne a4, a5, -6             : IntAlu : 
 706500: system.cpu: T0 : 0x1a9fe    : c_sd a5, 24(a5)            : MemWrite :  D=0x000000000006f7d8 A=0x6f7f0
 707000: system.cpu: T0 : 0x1aa00    : c_sd a5, 16(a5)            : MemWrite :  D=0x000000000006f7d8 A=0x6f7e8
 707500: system.cpu: T0 : 0x1aa02    : c_addi a5, 16              : IntAlu :  D=0x000000000006f7e8
 708000: system.cpu: T0 : 0x1aa04    : bne a4, a5, -6             : IntAlu : 
 708500: system.cpu: T0 : 0x1a9fe    : c_sd a5, 24(a5)            : MemWrite :  D=0x000000000006f7e8 A=0x6f800
 709000: system.cpu: T0 : 0x1aa00    : c_sd a5, 16(a5)            : MemWrite :  D=0x000000000006f7e8 A=0x6f7f8
 709500: system.cpu: T0 : 0x1aa02    : c_addi a5, 16              : IntAlu :  D=0x000000000006f7f8
 710000: system.cpu: T0 : 0x1aa04    : bne a4, a5, -6             : IntAlu : 
 710500: system.cpu: T0 : 0x1a9fe    : c_sd a5, 24(a5)            : MemWrite :  D=0x000000000006f7f8 A=0x6f810
 711000: system.cpu: T0 : 0x1aa00    : c_sd a5, 16(a5)            : MemWrite :  D=0x000000000006f7f8 A=0x6f808
 711500: system.cpu: T0 : 0x1aa02    : c_addi a5, 16              : IntAlu :  D=0x000000000006f808
 712000: system.cpu: T0 : 0x1aa04    : bne a4, a5, -6             : IntAlu : 
 712500: system.cpu: T0 : 0x1a9fe    : c_sd a5, 24(a5)            : MemWrite :  D=0x000000000006f808 A=0x6f820
 713000: system.cpu: T0 : 0x1aa00    : c_sd a5, 16(a5)            : MemWrite :  D=0x000000000006f808 A=0x6f818
 713500: system.cpu: T0 : 0x1aa02    : c_addi a5, 16              : IntAlu :  D=0x000000000006f818
 714000: system.cpu: T0 : 0x1aa04    : bne a4, a5, -6             : IntAlu : 
 714500: system.cpu: T0 : 0x1a9fe    : c_sd a5, 24(a5)            : MemWrite :  D=0x000000000006f818 A=0x6f830
 715000: system.cpu: T0 : 0x1aa00    : c_sd a5, 16(a5)            : MemWrite :  D=0x000000000006f818 A=0x6f828
 715500: system.cpu: T0 : 0x1aa02    : c_addi a5, 16              : IntAlu :  D=0x000000000006f828
 716000: system.cpu: T0 : 0x1aa04    : bne a4, a5, -6             : IntAlu : 
 716500: system.cpu: T0 : 0x1a9fe    : c_sd a5, 24(a5)            : MemWrite :  D=0x000000000006f828 A=0x6f840
 717000: system.cpu: T0 : 0x1aa00    : c_sd a5, 16(a5)            : MemWrite :  D=0x000000000006f828 A=0x6f838
 717500: system.cpu: T0 : 0x1aa02    : c_addi a5, 16              : IntAlu :  D=0x000000000006f838
 718000: system.cpu: T0 : 0x1aa04    : bne a4, a5, -6             : IntAlu : 
 718500: system.cpu: T0 : 0x1a9fe    : c_sd a5, 24(a5)            : MemWrite :  D=0x000000000006f838 A=0x6f850
 719000: system.cpu: T0 : 0x1aa00    : c_sd a5, 16(a5)            : MemWrite :  D=0x000000000006f838 A=0x6f848
 719500: system.cpu: T0 : 0x1aa02    : c_addi a5, 16              : IntAlu :  D=0x000000000006f848
 720000: system.cpu: T0 : 0x1aa04    : bne a4, a5, -6             : IntAlu : 
 720500: system.cpu: T0 : 0x1a9fe    : c_sd a5, 24(a5)            : MemWrite :  D=0x000000000006f848 A=0x6f860
 721000: system.cpu: T0 : 0x1aa00    : c_sd a5, 16(a5)            : MemWrite :  D=0x000000000006f848 A=0x6f858
 721500: system.cpu: T0 : 0x1aa02    : c_addi a5, 16              : IntAlu :  D=0x000000000006f858
 722000: system.cpu: T0 : 0x1aa04    : bne a4, a5, -6             : IntAlu : 
 722500: system.cpu: T0 : 0x1a9fe    : c_sd a5, 24(a5)            : MemWrite :  D=0x000000000006f858 A=0x6f870
 723000: system.cpu: T0 : 0x1aa00    : c_sd a5, 16(a5)            : MemWrite :  D=0x000000000006f858 A=0x6f868
 723500: system.cpu: T0 : 0x1aa02    : c_addi a5, 16              : IntAlu :  D=0x000000000006f868
 724000: system.cpu: T0 : 0x1aa04    : bne a4, a5, -6             : IntAlu : 
 724500: system.cpu: T0 : 0x1a9fe    : c_sd a5, 24(a5)            : MemWrite :  D=0x000000000006f868 A=0x6f880
 725000: system.cpu: T0 : 0x1aa00    : c_sd a5, 16(a5)            : MemWrite :  D=0x000000000006f868 A=0x6f878
 725500: system.cpu: T0 : 0x1aa02    : c_addi a5, 16              : IntAlu :  D=0x000000000006f878
 726000: system.cpu: T0 : 0x1aa04    : bne a4, a5, -6             : IntAlu : 
 726500: system.cpu: T0 : 0x1a9fe    : c_sd a5, 24(a5)            : MemWrite :  D=0x000000000006f878 A=0x6f890
 727000: system.cpu: T0 : 0x1aa00    : c_sd a5, 16(a5)            : MemWrite :  D=0x000000000006f878 A=0x6f888
 727500: system.cpu: T0 : 0x1aa02    : c_addi a5, 16              : IntAlu :  D=0x000000000006f888
 728000: system.cpu: T0 : 0x1aa04    : bne a4, a5, -6             : IntAlu : 
 728500: system.cpu: T0 : 0x1a9fe    : c_sd a5, 24(a5)            : MemWrite :  D=0x000000000006f888 A=0x6f8a0
 729000: system.cpu: T0 : 0x1aa00    : c_sd a5, 16(a5)            : MemWrite :  D=0x000000000006f888 A=0x6f898
 729500: system.cpu: T0 : 0x1aa02    : c_addi a5, 16              : IntAlu :  D=0x000000000006f898
 730000: system.cpu: T0 : 0x1aa04    : bne a4, a5, -6             : IntAlu : 
 730500: system.cpu: T0 : 0x1a9fe    : c_sd a5, 24(a5)            : MemWrite :  D=0x000000000006f898 A=0x6f8b0
 731000: system.cpu: T0 : 0x1aa00    : c_sd a5, 16(a5)            : MemWrite :  D=0x000000000006f898 A=0x6f8a8
 731500: system.cpu: T0 : 0x1aa02    : c_addi a5, 16              : IntAlu :  D=0x000000000006f8a8
 732000: system.cpu: T0 : 0x1aa04    : bne a4, a5, -6             : IntAlu : 
 732500: system.cpu: T0 : 0x1a9fe    : c_sd a5, 24(a5)            : MemWrite :  D=0x000000000006f8a8 A=0x6f8c0
 733000: system.cpu: T0 : 0x1aa00    : c_sd a5, 16(a5)            : MemWrite :  D=0x000000000006f8a8 A=0x6f8b8
 733500: system.cpu: T0 : 0x1aa02    : c_addi a5, 16              : IntAlu :  D=0x000000000006f8b8
 734000: system.cpu: T0 : 0x1aa04    : bne a4, a5, -6             : IntAlu : 
 734500: system.cpu: T0 : 0x1a9fe    : c_sd a5, 24(a5)            : MemWrite :  D=0x000000000006f8b8 A=0x6f8d0
 735000: system.cpu: T0 : 0x1aa00    : c_sd a5, 16(a5)            : MemWrite :  D=0x000000000006f8b8 A=0x6f8c8
 735500: system.cpu: T0 : 0x1aa02    : c_addi a5, 16              : IntAlu :  D=0x000000000006f8c8
 736000: system.cpu: T0 : 0x1aa04    : bne a4, a5, -6             : IntAlu : 
 736500: system.cpu: T0 : 0x1a9fe    : c_sd a5, 24(a5)            : MemWrite :  D=0x000000000006f8c8 A=0x6f8e0
 737000: system.cpu: T0 : 0x1aa00    : c_sd a5, 16(a5)            : MemWrite :  D=0x000000000006f8c8 A=0x6f8d8
 737500: system.cpu: T0 : 0x1aa02    : c_addi a5, 16              : IntAlu :  D=0x000000000006f8d8
 738000: system.cpu: T0 : 0x1aa04    : bne a4, a5, -6             : IntAlu : 
 738500: system.cpu: T0 : 0x1a9fe    : c_sd a5, 24(a5)            : MemWrite :  D=0x000000000006f8d8 A=0x6f8f0
 739000: system.cpu: T0 : 0x1aa00    : c_sd a5, 16(a5)            : MemWrite :  D=0x000000000006f8d8 A=0x6f8e8
 739500: system.cpu: T0 : 0x1aa02    : c_addi a5, 16              : IntAlu :  D=0x000000000006f8e8
 740000: system.cpu: T0 : 0x1aa04    : bne a4, a5, -6             : IntAlu : 
 740500: system.cpu: T0 : 0x1a9fe    : c_sd a5, 24(a5)            : MemWrite :  D=0x000000000006f8e8 A=0x6f900
 741000: system.cpu: T0 : 0x1aa00    : c_sd a5, 16(a5)            : MemWrite :  D=0x000000000006f8e8 A=0x6f8f8
 741500: system.cpu: T0 : 0x1aa02    : c_addi a5, 16              : IntAlu :  D=0x000000000006f8f8
 742000: system.cpu: T0 : 0x1aa04    : bne a4, a5, -6             : IntAlu : 
 742500: system.cpu: T0 : 0x1a9fe    : c_sd a5, 24(a5)            : MemWrite :  D=0x000000000006f8f8 A=0x6f910
 743000: system.cpu: T0 : 0x1aa00    : c_sd a5, 16(a5)            : MemWrite :  D=0x000000000006f8f8 A=0x6f908
 743500: system.cpu: T0 : 0x1aa02    : c_addi a5, 16              : IntAlu :  D=0x000000000006f908
 744000: system.cpu: T0 : 0x1aa04    : bne a4, a5, -6             : IntAlu : 
 744500: system.cpu: T0 : 0x1a9fe    : c_sd a5, 24(a5)            : MemWrite :  D=0x000000000006f908 A=0x6f920
 745000: system.cpu: T0 : 0x1aa00    : c_sd a5, 16(a5)            : MemWrite :  D=0x000000000006f908 A=0x6f918
 745500: system.cpu: T0 : 0x1aa02    : c_addi a5, 16              : IntAlu :  D=0x000000000006f918
 746000: system.cpu: T0 : 0x1aa04    : bne a4, a5, -6             : IntAlu : 
 746500: system.cpu: T0 : 0x1a9fe    : c_sd a5, 24(a5)            : MemWrite :  D=0x000000000006f918 A=0x6f930
 747000: system.cpu: T0 : 0x1aa00    : c_sd a5, 16(a5)            : MemWrite :  D=0x000000000006f918 A=0x6f928
 747500: system.cpu: T0 : 0x1aa02    : c_addi a5, 16              : IntAlu :  D=0x000000000006f928
 748000: system.cpu: T0 : 0x1aa04    : bne a4, a5, -6             : IntAlu : 
 748500: system.cpu: T0 : 0x1a9fe    : c_sd a5, 24(a5)            : MemWrite :  D=0x000000000006f928 A=0x6f940
 749000: system.cpu: T0 : 0x1aa00    : c_sd a5, 16(a5)            : MemWrite :  D=0x000000000006f928 A=0x6f938
 749500: system.cpu: T0 : 0x1aa02    : c_addi a5, 16              : IntAlu :  D=0x000000000006f938
 750000: system.cpu: T0 : 0x1aa04    : bne a4, a5, -6             : IntAlu : 
 750500: system.cpu: T0 : 0x1a9fe    : c_sd a5, 24(a5)            : MemWrite :  D=0x000000000006f938 A=0x6f950
 751000: system.cpu: T0 : 0x1aa00    : c_sd a5, 16(a5)            : MemWrite :  D=0x000000000006f938 A=0x6f948
 751500: system.cpu: T0 : 0x1aa02    : c_addi a5, 16              : IntAlu :  D=0x000000000006f948
 752000: system.cpu: T0 : 0x1aa04    : bne a4, a5, -6             : IntAlu : 
 752500: system.cpu: T0 : 0x1a9fe    : c_sd a5, 24(a5)            : MemWrite :  D=0x000000000006f948 A=0x6f960
 753000: system.cpu: T0 : 0x1aa00    : c_sd a5, 16(a5)            : MemWrite :  D=0x000000000006f948 A=0x6f958
 753500: system.cpu: T0 : 0x1aa02    : c_addi a5, 16              : IntAlu :  D=0x000000000006f958
 754000: system.cpu: T0 : 0x1aa04    : bne a4, a5, -6             : IntAlu : 
 754500: system.cpu: T0 : 0x1a9fe    : c_sd a5, 24(a5)            : MemWrite :  D=0x000000000006f958 A=0x6f970
 755000: system.cpu: T0 : 0x1aa00    : c_sd a5, 16(a5)            : MemWrite :  D=0x000000000006f958 A=0x6f968
 755500: system.cpu: T0 : 0x1aa02    : c_addi a5, 16              : IntAlu :  D=0x000000000006f968
 756000: system.cpu: T0 : 0x1aa04    : bne a4, a5, -6             : IntAlu : 
 756500: system.cpu: T0 : 0x1a9fe    : c_sd a5, 24(a5)            : MemWrite :  D=0x000000000006f968 A=0x6f980
 757000: system.cpu: T0 : 0x1aa00    : c_sd a5, 16(a5)            : MemWrite :  D=0x000000000006f968 A=0x6f978
 757500: system.cpu: T0 : 0x1aa02    : c_addi a5, 16              : IntAlu :  D=0x000000000006f978
 758000: system.cpu: T0 : 0x1aa04    : bne a4, a5, -6             : IntAlu : 
 758500: system.cpu: T0 : 0x1a9fe    : c_sd a5, 24(a5)            : MemWrite :  D=0x000000000006f978 A=0x6f990
 759000: system.cpu: T0 : 0x1aa00    : c_sd a5, 16(a5)            : MemWrite :  D=0x000000000006f978 A=0x6f988
 759500: system.cpu: T0 : 0x1aa02    : c_addi a5, 16              : IntAlu :  D=0x000000000006f988
 760000: system.cpu: T0 : 0x1aa04    : bne a4, a5, -6             : IntAlu : 
 760500: system.cpu: T0 : 0x1a9fe    : c_sd a5, 24(a5)            : MemWrite :  D=0x000000000006f988 A=0x6f9a0
 761000: system.cpu: T0 : 0x1aa00    : c_sd a5, 16(a5)            : MemWrite :  D=0x000000000006f988 A=0x6f998
 761500: system.cpu: T0 : 0x1aa02    : c_addi a5, 16              : IntAlu :  D=0x000000000006f998
 762000: system.cpu: T0 : 0x1aa04    : bne a4, a5, -6             : IntAlu : 
 762500: system.cpu: T0 : 0x1a9fe    : c_sd a5, 24(a5)            : MemWrite :  D=0x000000000006f998 A=0x6f9b0
 763000: system.cpu: T0 : 0x1aa00    : c_sd a5, 16(a5)            : MemWrite :  D=0x000000000006f998 A=0x6f9a8
 763500: system.cpu: T0 : 0x1aa02    : c_addi a5, 16              : IntAlu :  D=0x000000000006f9a8
 764000: system.cpu: T0 : 0x1aa04    : bne a4, a5, -6             : IntAlu : 
 764500: system.cpu: T0 : 0x1a9fe    : c_sd a5, 24(a5)            : MemWrite :  D=0x000000000006f9a8 A=0x6f9c0
 765000: system.cpu: T0 : 0x1aa00    : c_sd a5, 16(a5)            : MemWrite :  D=0x000000000006f9a8 A=0x6f9b8
 765500: system.cpu: T0 : 0x1aa02    : c_addi a5, 16              : IntAlu :  D=0x000000000006f9b8
 766000: system.cpu: T0 : 0x1aa04    : bne a4, a5, -6             : IntAlu : 
 766500: system.cpu: T0 : 0x1a9fe    : c_sd a5, 24(a5)            : MemWrite :  D=0x000000000006f9b8 A=0x6f9d0
 767000: system.cpu: T0 : 0x1aa00    : c_sd a5, 16(a5)            : MemWrite :  D=0x000000000006f9b8 A=0x6f9c8
 767500: system.cpu: T0 : 0x1aa02    : c_addi a5, 16              : IntAlu :  D=0x000000000006f9c8
 768000: system.cpu: T0 : 0x1aa04    : bne a4, a5, -6             : IntAlu : 
 768500: system.cpu: T0 : 0x1a9fe    : c_sd a5, 24(a5)            : MemWrite :  D=0x000000000006f9c8 A=0x6f9e0
 769000: system.cpu: T0 : 0x1aa00    : c_sd a5, 16(a5)            : MemWrite :  D=0x000000000006f9c8 A=0x6f9d8
 769500: system.cpu: T0 : 0x1aa02    : c_addi a5, 16              : IntAlu :  D=0x000000000006f9d8
 770000: system.cpu: T0 : 0x1aa04    : bne a4, a5, -6             : IntAlu : 
 770500: system.cpu: T0 : 0x1a9fe    : c_sd a5, 24(a5)            : MemWrite :  D=0x000000000006f9d8 A=0x6f9f0
 771000: system.cpu: T0 : 0x1aa00    : c_sd a5, 16(a5)            : MemWrite :  D=0x000000000006f9d8 A=0x6f9e8
 771500: system.cpu: T0 : 0x1aa02    : c_addi a5, 16              : IntAlu :  D=0x000000000006f9e8
 772000: system.cpu: T0 : 0x1aa04    : bne a4, a5, -6             : IntAlu : 
 772500: system.cpu: T0 : 0x1a9fe    : c_sd a5, 24(a5)            : MemWrite :  D=0x000000000006f9e8 A=0x6fa00
 773000: system.cpu: T0 : 0x1aa00    : c_sd a5, 16(a5)            : MemWrite :  D=0x000000000006f9e8 A=0x6f9f8
 773500: system.cpu: T0 : 0x1aa02    : c_addi a5, 16              : IntAlu :  D=0x000000000006f9f8
 774000: system.cpu: T0 : 0x1aa04    : bne a4, a5, -6             : IntAlu : 
 774500: system.cpu: T0 : 0x1a9fe    : c_sd a5, 24(a5)            : MemWrite :  D=0x000000000006f9f8 A=0x6fa10
 775000: system.cpu: T0 : 0x1aa00    : c_sd a5, 16(a5)            : MemWrite :  D=0x000000000006f9f8 A=0x6fa08
 775500: system.cpu: T0 : 0x1aa02    : c_addi a5, 16              : IntAlu :  D=0x000000000006fa08
 776000: system.cpu: T0 : 0x1aa04    : bne a4, a5, -6             : IntAlu : 
 776500: system.cpu: T0 : 0x1a9fe    : c_sd a5, 24(a5)            : MemWrite :  D=0x000000000006fa08 A=0x6fa20
 777000: system.cpu: T0 : 0x1aa00    : c_sd a5, 16(a5)            : MemWrite :  D=0x000000000006fa08 A=0x6fa18
 777500: system.cpu: T0 : 0x1aa02    : c_addi a5, 16              : IntAlu :  D=0x000000000006fa18
 778000: system.cpu: T0 : 0x1aa04    : bne a4, a5, -6             : IntAlu : 
 778500: system.cpu: T0 : 0x1a9fe    : c_sd a5, 24(a5)            : MemWrite :  D=0x000000000006fa18 A=0x6fa30
 779000: system.cpu: T0 : 0x1aa00    : c_sd a5, 16(a5)            : MemWrite :  D=0x000000000006fa18 A=0x6fa28
 779500: system.cpu: T0 : 0x1aa02    : c_addi a5, 16              : IntAlu :  D=0x000000000006fa28
 780000: system.cpu: T0 : 0x1aa04    : bne a4, a5, -6             : IntAlu : 
 780500: system.cpu: T0 : 0x1a9fe    : c_sd a5, 24(a5)            : MemWrite :  D=0x000000000006fa28 A=0x6fa40
 781000: system.cpu: T0 : 0x1aa00    : c_sd a5, 16(a5)            : MemWrite :  D=0x000000000006fa28 A=0x6fa38
 781500: system.cpu: T0 : 0x1aa02    : c_addi a5, 16              : IntAlu :  D=0x000000000006fa38
 782000: system.cpu: T0 : 0x1aa04    : bne a4, a5, -6             : IntAlu : 
 782500: system.cpu: T0 : 0x1a9fe    : c_sd a5, 24(a5)            : MemWrite :  D=0x000000000006fa38 A=0x6fa50
 783000: system.cpu: T0 : 0x1aa00    : c_sd a5, 16(a5)            : MemWrite :  D=0x000000000006fa38 A=0x6fa48
 783500: system.cpu: T0 : 0x1aa02    : c_addi a5, 16              : IntAlu :  D=0x000000000006fa48
 784000: system.cpu: T0 : 0x1aa04    : bne a4, a5, -6             : IntAlu : 
 784500: system.cpu: T0 : 0x1a9fe    : c_sd a5, 24(a5)            : MemWrite :  D=0x000000000006fa48 A=0x6fa60
 785000: system.cpu: T0 : 0x1aa00    : c_sd a5, 16(a5)            : MemWrite :  D=0x000000000006fa48 A=0x6fa58
 785500: system.cpu: T0 : 0x1aa02    : c_addi a5, 16              : IntAlu :  D=0x000000000006fa58
 786000: system.cpu: T0 : 0x1aa04    : bne a4, a5, -6             : IntAlu : 
 786500: system.cpu: T0 : 0x1a9fe    : c_sd a5, 24(a5)            : MemWrite :  D=0x000000000006fa58 A=0x6fa70
 787000: system.cpu: T0 : 0x1aa00    : c_sd a5, 16(a5)            : MemWrite :  D=0x000000000006fa58 A=0x6fa68
 787500: system.cpu: T0 : 0x1aa02    : c_addi a5, 16              : IntAlu :  D=0x000000000006fa68
 788000: system.cpu: T0 : 0x1aa04    : bne a4, a5, -6             : IntAlu : 
 788500: system.cpu: T0 : 0x1a9fe    : c_sd a5, 24(a5)            : MemWrite :  D=0x000000000006fa68 A=0x6fa80
 789000: system.cpu: T0 : 0x1aa00    : c_sd a5, 16(a5)            : MemWrite :  D=0x000000000006fa68 A=0x6fa78
 789500: system.cpu: T0 : 0x1aa02    : c_addi a5, 16              : IntAlu :  D=0x000000000006fa78
 790000: system.cpu: T0 : 0x1aa04    : bne a4, a5, -6             : IntAlu : 
 790500: system.cpu: T0 : 0x1a9fe    : c_sd a5, 24(a5)            : MemWrite :  D=0x000000000006fa78 A=0x6fa90
 791000: system.cpu: T0 : 0x1aa00    : c_sd a5, 16(a5)            : MemWrite :  D=0x000000000006fa78 A=0x6fa88
 791500: system.cpu: T0 : 0x1aa02    : c_addi a5, 16              : IntAlu :  D=0x000000000006fa88
 792000: system.cpu: T0 : 0x1aa04    : bne a4, a5, -6             : IntAlu : 
 792500: system.cpu: T0 : 0x1a9fe    : c_sd a5, 24(a5)            : MemWrite :  D=0x000000000006fa88 A=0x6faa0
 793000: system.cpu: T0 : 0x1aa00    : c_sd a5, 16(a5)            : MemWrite :  D=0x000000000006fa88 A=0x6fa98
 793500: system.cpu: T0 : 0x1aa02    : c_addi a5, 16              : IntAlu :  D=0x000000000006fa98
 794000: system.cpu: T0 : 0x1aa04    : bne a4, a5, -6             : IntAlu : 
 794500: system.cpu: T0 : 0x1a9fe    : c_sd a5, 24(a5)            : MemWrite :  D=0x000000000006fa98 A=0x6fab0
 795000: system.cpu: T0 : 0x1aa00    : c_sd a5, 16(a5)            : MemWrite :  D=0x000000000006fa98 A=0x6faa8
 795500: system.cpu: T0 : 0x1aa02    : c_addi a5, 16              : IntAlu :  D=0x000000000006faa8
 796000: system.cpu: T0 : 0x1aa04    : bne a4, a5, -6             : IntAlu : 
 796500: system.cpu: T0 : 0x1a9fe    : c_sd a5, 24(a5)            : MemWrite :  D=0x000000000006faa8 A=0x6fac0
 797000: system.cpu: T0 : 0x1aa00    : c_sd a5, 16(a5)            : MemWrite :  D=0x000000000006faa8 A=0x6fab8
 797500: system.cpu: T0 : 0x1aa02    : c_addi a5, 16              : IntAlu :  D=0x000000000006fab8
 798000: system.cpu: T0 : 0x1aa04    : bne a4, a5, -6             : IntAlu : 
 798500: system.cpu: T0 : 0x1a9fe    : c_sd a5, 24(a5)            : MemWrite :  D=0x000000000006fab8 A=0x6fad0
 799000: system.cpu: T0 : 0x1aa00    : c_sd a5, 16(a5)            : MemWrite :  D=0x000000000006fab8 A=0x6fac8
 799500: system.cpu: T0 : 0x1aa02    : c_addi a5, 16              : IntAlu :  D=0x000000000006fac8
 800000: system.cpu: T0 : 0x1aa04    : bne a4, a5, -6             : IntAlu : 
 800500: system.cpu: T0 : 0x1a9fe    : c_sd a5, 24(a5)            : MemWrite :  D=0x000000000006fac8 A=0x6fae0
 801000: system.cpu: T0 : 0x1aa00    : c_sd a5, 16(a5)            : MemWrite :  D=0x000000000006fac8 A=0x6fad8
 801500: system.cpu: T0 : 0x1aa02    : c_addi a5, 16              : IntAlu :  D=0x000000000006fad8
 802000: system.cpu: T0 : 0x1aa04    : bne a4, a5, -6             : IntAlu : 
 802500: system.cpu: T0 : 0x1a9fe    : c_sd a5, 24(a5)            : MemWrite :  D=0x000000000006fad8 A=0x6faf0
 803000: system.cpu: T0 : 0x1aa00    : c_sd a5, 16(a5)            : MemWrite :  D=0x000000000006fad8 A=0x6fae8
 803500: system.cpu: T0 : 0x1aa02    : c_addi a5, 16              : IntAlu :  D=0x000000000006fae8
 804000: system.cpu: T0 : 0x1aa04    : bne a4, a5, -6             : IntAlu : 
 804500: system.cpu: T0 : 0x1a9fe    : c_sd a5, 24(a5)            : MemWrite :  D=0x000000000006fae8 A=0x6fb00
 805000: system.cpu: T0 : 0x1aa00    : c_sd a5, 16(a5)            : MemWrite :  D=0x000000000006fae8 A=0x6faf8
 805500: system.cpu: T0 : 0x1aa02    : c_addi a5, 16              : IntAlu :  D=0x000000000006faf8
 806000: system.cpu: T0 : 0x1aa04    : bne a4, a5, -6             : IntAlu : 
 806500: system.cpu: T0 : 0x1a9fe    : c_sd a5, 24(a5)            : MemWrite :  D=0x000000000006faf8 A=0x6fb10
 807000: system.cpu: T0 : 0x1aa00    : c_sd a5, 16(a5)            : MemWrite :  D=0x000000000006faf8 A=0x6fb08
 807500: system.cpu: T0 : 0x1aa02    : c_addi a5, 16              : IntAlu :  D=0x000000000006fb08
 808000: system.cpu: T0 : 0x1aa04    : bne a4, a5, -6             : IntAlu : 
 808500: system.cpu: T0 : 0x1a9fe    : c_sd a5, 24(a5)            : MemWrite :  D=0x000000000006fb08 A=0x6fb20
 809000: system.cpu: T0 : 0x1aa00    : c_sd a5, 16(a5)            : MemWrite :  D=0x000000000006fb08 A=0x6fb18
 809500: system.cpu: T0 : 0x1aa02    : c_addi a5, 16              : IntAlu :  D=0x000000000006fb18
 810000: system.cpu: T0 : 0x1aa04    : bne a4, a5, -6             : IntAlu : 
 810500: system.cpu: T0 : 0x1a9fe    : c_sd a5, 24(a5)            : MemWrite :  D=0x000000000006fb18 A=0x6fb30
 811000: system.cpu: T0 : 0x1aa00    : c_sd a5, 16(a5)            : MemWrite :  D=0x000000000006fb18 A=0x6fb28
 811500: system.cpu: T0 : 0x1aa02    : c_addi a5, 16              : IntAlu :  D=0x000000000006fb28
 812000: system.cpu: T0 : 0x1aa04    : bne a4, a5, -6             : IntAlu : 
 812500: system.cpu: T0 : 0x1a9fe    : c_sd a5, 24(a5)            : MemWrite :  D=0x000000000006fb28 A=0x6fb40
 813000: system.cpu: T0 : 0x1aa00    : c_sd a5, 16(a5)            : MemWrite :  D=0x000000000006fb28 A=0x6fb38
 813500: system.cpu: T0 : 0x1aa02    : c_addi a5, 16              : IntAlu :  D=0x000000000006fb38
 814000: system.cpu: T0 : 0x1aa04    : bne a4, a5, -6             : IntAlu : 
 814500: system.cpu: T0 : 0x1a9fe    : c_sd a5, 24(a5)            : MemWrite :  D=0x000000000006fb38 A=0x6fb50
 815000: system.cpu: T0 : 0x1aa00    : c_sd a5, 16(a5)            : MemWrite :  D=0x000000000006fb38 A=0x6fb48
 815500: system.cpu: T0 : 0x1aa02    : c_addi a5, 16              : IntAlu :  D=0x000000000006fb48
 816000: system.cpu: T0 : 0x1aa04    : bne a4, a5, -6             : IntAlu : 
 816500: system.cpu: T0 : 0x1a9fe    : c_sd a5, 24(a5)            : MemWrite :  D=0x000000000006fb48 A=0x6fb60
 817000: system.cpu: T0 : 0x1aa00    : c_sd a5, 16(a5)            : MemWrite :  D=0x000000000006fb48 A=0x6fb58
 817500: system.cpu: T0 : 0x1aa02    : c_addi a5, 16              : IntAlu :  D=0x000000000006fb58
 818000: system.cpu: T0 : 0x1aa04    : bne a4, a5, -6             : IntAlu : 
 818500: system.cpu: T0 : 0x1a9fe    : c_sd a5, 24(a5)            : MemWrite :  D=0x000000000006fb58 A=0x6fb70
 819000: system.cpu: T0 : 0x1aa00    : c_sd a5, 16(a5)            : MemWrite :  D=0x000000000006fb58 A=0x6fb68
 819500: system.cpu: T0 : 0x1aa02    : c_addi a5, 16              : IntAlu :  D=0x000000000006fb68
 820000: system.cpu: T0 : 0x1aa04    : bne a4, a5, -6             : IntAlu : 
 820500: system.cpu: T0 : 0x1a9fe    : c_sd a5, 24(a5)            : MemWrite :  D=0x000000000006fb68 A=0x6fb80
 821000: system.cpu: T0 : 0x1aa00    : c_sd a5, 16(a5)            : MemWrite :  D=0x000000000006fb68 A=0x6fb78
 821500: system.cpu: T0 : 0x1aa02    : c_addi a5, 16              : IntAlu :  D=0x000000000006fb78
 822000: system.cpu: T0 : 0x1aa04    : bne a4, a5, -6             : IntAlu : 
 822500: system.cpu: T0 : 0x1a9fe    : c_sd a5, 24(a5)            : MemWrite :  D=0x000000000006fb78 A=0x6fb90
 823000: system.cpu: T0 : 0x1aa00    : c_sd a5, 16(a5)            : MemWrite :  D=0x000000000006fb78 A=0x6fb88
 823500: system.cpu: T0 : 0x1aa02    : c_addi a5, 16              : IntAlu :  D=0x000000000006fb88
 824000: system.cpu: T0 : 0x1aa04    : bne a4, a5, -6             : IntAlu : 
 824500: system.cpu: T0 : 0x1a9fe    : c_sd a5, 24(a5)            : MemWrite :  D=0x000000000006fb88 A=0x6fba0
 825000: system.cpu: T0 : 0x1aa00    : c_sd a5, 16(a5)            : MemWrite :  D=0x000000000006fb88 A=0x6fb98
 825500: system.cpu: T0 : 0x1aa02    : c_addi a5, 16              : IntAlu :  D=0x000000000006fb98
 826000: system.cpu: T0 : 0x1aa04    : bne a4, a5, -6             : IntAlu : 
 826500: system.cpu: T0 : 0x1a9fe    : c_sd a5, 24(a5)            : MemWrite :  D=0x000000000006fb98 A=0x6fbb0
 827000: system.cpu: T0 : 0x1aa00    : c_sd a5, 16(a5)            : MemWrite :  D=0x000000000006fb98 A=0x6fba8
 827500: system.cpu: T0 : 0x1aa02    : c_addi a5, 16              : IntAlu :  D=0x000000000006fba8
 828000: system.cpu: T0 : 0x1aa04    : bne a4, a5, -6             : IntAlu : 
 828500: system.cpu: T0 : 0x1a9fe    : c_sd a5, 24(a5)            : MemWrite :  D=0x000000000006fba8 A=0x6fbc0
 829000: system.cpu: T0 : 0x1aa00    : c_sd a5, 16(a5)            : MemWrite :  D=0x000000000006fba8 A=0x6fbb8
 829500: system.cpu: T0 : 0x1aa02    : c_addi a5, 16              : IntAlu :  D=0x000000000006fbb8
 830000: system.cpu: T0 : 0x1aa04    : bne a4, a5, -6             : IntAlu : 
 830500: system.cpu: T0 : 0x1a9fe    : c_sd a5, 24(a5)            : MemWrite :  D=0x000000000006fbb8 A=0x6fbd0
 831000: system.cpu: T0 : 0x1aa00    : c_sd a5, 16(a5)            : MemWrite :  D=0x000000000006fbb8 A=0x6fbc8
 831500: system.cpu: T0 : 0x1aa02    : c_addi a5, 16              : IntAlu :  D=0x000000000006fbc8
 832000: system.cpu: T0 : 0x1aa04    : bne a4, a5, -6             : IntAlu : 
 832500: system.cpu: T0 : 0x1a9fe    : c_sd a5, 24(a5)            : MemWrite :  D=0x000000000006fbc8 A=0x6fbe0
 833000: system.cpu: T0 : 0x1aa00    : c_sd a5, 16(a5)            : MemWrite :  D=0x000000000006fbc8 A=0x6fbd8
 833500: system.cpu: T0 : 0x1aa02    : c_addi a5, 16              : IntAlu :  D=0x000000000006fbd8
 834000: system.cpu: T0 : 0x1aa04    : bne a4, a5, -6             : IntAlu : 
 834500: system.cpu: T0 : 0x1a9fe    : c_sd a5, 24(a5)            : MemWrite :  D=0x000000000006fbd8 A=0x6fbf0
 835000: system.cpu: T0 : 0x1aa00    : c_sd a5, 16(a5)            : MemWrite :  D=0x000000000006fbd8 A=0x6fbe8
 835500: system.cpu: T0 : 0x1aa02    : c_addi a5, 16              : IntAlu :  D=0x000000000006fbe8
 836000: system.cpu: T0 : 0x1aa04    : bne a4, a5, -6             : IntAlu : 
 836500: system.cpu: T0 : 0x1a9fe    : c_sd a5, 24(a5)            : MemWrite :  D=0x000000000006fbe8 A=0x6fc00
 837000: system.cpu: T0 : 0x1aa00    : c_sd a5, 16(a5)            : MemWrite :  D=0x000000000006fbe8 A=0x6fbf8
 837500: system.cpu: T0 : 0x1aa02    : c_addi a5, 16              : IntAlu :  D=0x000000000006fbf8
 838000: system.cpu: T0 : 0x1aa04    : bne a4, a5, -6             : IntAlu : 
 838500: system.cpu: T0 : 0x1a9fe    : c_sd a5, 24(a5)            : MemWrite :  D=0x000000000006fbf8 A=0x6fc10
 839000: system.cpu: T0 : 0x1aa00    : c_sd a5, 16(a5)            : MemWrite :  D=0x000000000006fbf8 A=0x6fc08
 839500: system.cpu: T0 : 0x1aa02    : c_addi a5, 16              : IntAlu :  D=0x000000000006fc08
 840000: system.cpu: T0 : 0x1aa04    : bne a4, a5, -6             : IntAlu : 
 840500: system.cpu: T0 : 0x1a9fe    : c_sd a5, 24(a5)            : MemWrite :  D=0x000000000006fc08 A=0x6fc20
 841000: system.cpu: T0 : 0x1aa00    : c_sd a5, 16(a5)            : MemWrite :  D=0x000000000006fc08 A=0x6fc18
 841500: system.cpu: T0 : 0x1aa02    : c_addi a5, 16              : IntAlu :  D=0x000000000006fc18
 842000: system.cpu: T0 : 0x1aa04    : bne a4, a5, -6             : IntAlu : 
 842500: system.cpu: T0 : 0x1a9fe    : c_sd a5, 24(a5)            : MemWrite :  D=0x000000000006fc18 A=0x6fc30
 843000: system.cpu: T0 : 0x1aa00    : c_sd a5, 16(a5)            : MemWrite :  D=0x000000000006fc18 A=0x6fc28
 843500: system.cpu: T0 : 0x1aa02    : c_addi a5, 16              : IntAlu :  D=0x000000000006fc28
 844000: system.cpu: T0 : 0x1aa04    : bne a4, a5, -6             : IntAlu : 
 844500: system.cpu: T0 : 0x1a9fe    : c_sd a5, 24(a5)            : MemWrite :  D=0x000000000006fc28 A=0x6fc40
 845000: system.cpu: T0 : 0x1aa00    : c_sd a5, 16(a5)            : MemWrite :  D=0x000000000006fc28 A=0x6fc38
 845500: system.cpu: T0 : 0x1aa02    : c_addi a5, 16              : IntAlu :  D=0x000000000006fc38
 846000: system.cpu: T0 : 0x1aa04    : bne a4, a5, -6             : IntAlu : 
 846500: system.cpu: T0 : 0x1a9fe    : c_sd a5, 24(a5)            : MemWrite :  D=0x000000000006fc38 A=0x6fc50
 847000: system.cpu: T0 : 0x1aa00    : c_sd a5, 16(a5)            : MemWrite :  D=0x000000000006fc38 A=0x6fc48
 847500: system.cpu: T0 : 0x1aa02    : c_addi a5, 16              : IntAlu :  D=0x000000000006fc48
 848000: system.cpu: T0 : 0x1aa04    : bne a4, a5, -6             : IntAlu : 
 848500: system.cpu: T0 : 0x1a9fe    : c_sd a5, 24(a5)            : MemWrite :  D=0x000000000006fc48 A=0x6fc60
 849000: system.cpu: T0 : 0x1aa00    : c_sd a5, 16(a5)            : MemWrite :  D=0x000000000006fc48 A=0x6fc58
 849500: system.cpu: T0 : 0x1aa02    : c_addi a5, 16              : IntAlu :  D=0x000000000006fc58
 850000: system.cpu: T0 : 0x1aa04    : bne a4, a5, -6             : IntAlu : 
 850500: system.cpu: T0 : 0x1a9fe    : c_sd a5, 24(a5)            : MemWrite :  D=0x000000000006fc58 A=0x6fc70
 851000: system.cpu: T0 : 0x1aa00    : c_sd a5, 16(a5)            : MemWrite :  D=0x000000000006fc58 A=0x6fc68
 851500: system.cpu: T0 : 0x1aa02    : c_addi a5, 16              : IntAlu :  D=0x000000000006fc68
 852000: system.cpu: T0 : 0x1aa04    : bne a4, a5, -6             : IntAlu : 
 852500: system.cpu: T0 : 0x1a9fe    : c_sd a5, 24(a5)            : MemWrite :  D=0x000000000006fc68 A=0x6fc80
 853000: system.cpu: T0 : 0x1aa00    : c_sd a5, 16(a5)            : MemWrite :  D=0x000000000006fc68 A=0x6fc78
 853500: system.cpu: T0 : 0x1aa02    : c_addi a5, 16              : IntAlu :  D=0x000000000006fc78
 854000: system.cpu: T0 : 0x1aa04    : bne a4, a5, -6             : IntAlu : 
 854500: system.cpu: T0 : 0x1a9fe    : c_sd a5, 24(a5)            : MemWrite :  D=0x000000000006fc78 A=0x6fc90
 855000: system.cpu: T0 : 0x1aa00    : c_sd a5, 16(a5)            : MemWrite :  D=0x000000000006fc78 A=0x6fc88
 855500: system.cpu: T0 : 0x1aa02    : c_addi a5, 16              : IntAlu :  D=0x000000000006fc88
 856000: system.cpu: T0 : 0x1aa04    : bne a4, a5, -6             : IntAlu : 
 856500: system.cpu: T0 : 0x1a9fe    : c_sd a5, 24(a5)            : MemWrite :  D=0x000000000006fc88 A=0x6fca0
 857000: system.cpu: T0 : 0x1aa00    : c_sd a5, 16(a5)            : MemWrite :  D=0x000000000006fc88 A=0x6fc98
 857500: system.cpu: T0 : 0x1aa02    : c_addi a5, 16              : IntAlu :  D=0x000000000006fc98
 858000: system.cpu: T0 : 0x1aa04    : bne a4, a5, -6             : IntAlu : 
 858500: system.cpu: T0 : 0x1a9fe    : c_sd a5, 24(a5)            : MemWrite :  D=0x000000000006fc98 A=0x6fcb0
 859000: system.cpu: T0 : 0x1aa00    : c_sd a5, 16(a5)            : MemWrite :  D=0x000000000006fc98 A=0x6fca8
 859500: system.cpu: T0 : 0x1aa02    : c_addi a5, 16              : IntAlu :  D=0x000000000006fca8
 860000: system.cpu: T0 : 0x1aa04    : bne a4, a5, -6             : IntAlu : 
 860500: system.cpu: T0 : 0x1a9fe    : c_sd a5, 24(a5)            : MemWrite :  D=0x000000000006fca8 A=0x6fcc0
 861000: system.cpu: T0 : 0x1aa00    : c_sd a5, 16(a5)            : MemWrite :  D=0x000000000006fca8 A=0x6fcb8
 861500: system.cpu: T0 : 0x1aa02    : c_addi a5, 16              : IntAlu :  D=0x000000000006fcb8
 862000: system.cpu: T0 : 0x1aa04    : bne a4, a5, -6             : IntAlu : 
 862500: system.cpu: T0 : 0x1a9fe    : c_sd a5, 24(a5)            : MemWrite :  D=0x000000000006fcb8 A=0x6fcd0
 863000: system.cpu: T0 : 0x1aa00    : c_sd a5, 16(a5)            : MemWrite :  D=0x000000000006fcb8 A=0x6fcc8
 863500: system.cpu: T0 : 0x1aa02    : c_addi a5, 16              : IntAlu :  D=0x000000000006fcc8
 864000: system.cpu: T0 : 0x1aa04    : bne a4, a5, -6             : IntAlu : 
 864500: system.cpu: T0 : 0x1a9fe    : c_sd a5, 24(a5)            : MemWrite :  D=0x000000000006fcc8 A=0x6fce0
 865000: system.cpu: T0 : 0x1aa00    : c_sd a5, 16(a5)            : MemWrite :  D=0x000000000006fcc8 A=0x6fcd8
 865500: system.cpu: T0 : 0x1aa02    : c_addi a5, 16              : IntAlu :  D=0x000000000006fcd8
 866000: system.cpu: T0 : 0x1aa04    : bne a4, a5, -6             : IntAlu : 
 866500: system.cpu: T0 : 0x1a9fe    : c_sd a5, 24(a5)            : MemWrite :  D=0x000000000006fcd8 A=0x6fcf0
 867000: system.cpu: T0 : 0x1aa00    : c_sd a5, 16(a5)            : MemWrite :  D=0x000000000006fcd8 A=0x6fce8
 867500: system.cpu: T0 : 0x1aa02    : c_addi a5, 16              : IntAlu :  D=0x000000000006fce8
 868000: system.cpu: T0 : 0x1aa04    : bne a4, a5, -6             : IntAlu : 
 868500: system.cpu: T0 : 0x1a9fe    : c_sd a5, 24(a5)            : MemWrite :  D=0x000000000006fce8 A=0x6fd00
 869000: system.cpu: T0 : 0x1aa00    : c_sd a5, 16(a5)            : MemWrite :  D=0x000000000006fce8 A=0x6fcf8
 869500: system.cpu: T0 : 0x1aa02    : c_addi a5, 16              : IntAlu :  D=0x000000000006fcf8
 870000: system.cpu: T0 : 0x1aa04    : bne a4, a5, -6             : IntAlu : 
 870500: system.cpu: T0 : 0x1a9fe    : c_sd a5, 24(a5)            : MemWrite :  D=0x000000000006fcf8 A=0x6fd10
 871000: system.cpu: T0 : 0x1aa00    : c_sd a5, 16(a5)            : MemWrite :  D=0x000000000006fcf8 A=0x6fd08
 871500: system.cpu: T0 : 0x1aa02    : c_addi a5, 16              : IntAlu :  D=0x000000000006fd08
 872000: system.cpu: T0 : 0x1aa04    : bne a4, a5, -6             : IntAlu : 
 872500: system.cpu: T0 : 0x1a9fe    : c_sd a5, 24(a5)            : MemWrite :  D=0x000000000006fd08 A=0x6fd20
 873000: system.cpu: T0 : 0x1aa00    : c_sd a5, 16(a5)            : MemWrite :  D=0x000000000006fd08 A=0x6fd18
 873500: system.cpu: T0 : 0x1aa02    : c_addi a5, 16              : IntAlu :  D=0x000000000006fd18
 874000: system.cpu: T0 : 0x1aa04    : bne a4, a5, -6             : IntAlu : 
 874500: system.cpu: T0 : 0x1a9fe    : c_sd a5, 24(a5)            : MemWrite :  D=0x000000000006fd18 A=0x6fd30
 875000: system.cpu: T0 : 0x1aa00    : c_sd a5, 16(a5)            : MemWrite :  D=0x000000000006fd18 A=0x6fd28
 875500: system.cpu: T0 : 0x1aa02    : c_addi a5, 16              : IntAlu :  D=0x000000000006fd28
 876000: system.cpu: T0 : 0x1aa04    : bne a4, a5, -6             : IntAlu : 
 876500: system.cpu: T0 : 0x1a9fe    : c_sd a5, 24(a5)            : MemWrite :  D=0x000000000006fd28 A=0x6fd40
 877000: system.cpu: T0 : 0x1aa00    : c_sd a5, 16(a5)            : MemWrite :  D=0x000000000006fd28 A=0x6fd38
 877500: system.cpu: T0 : 0x1aa02    : c_addi a5, 16              : IntAlu :  D=0x000000000006fd38
 878000: system.cpu: T0 : 0x1aa04    : bne a4, a5, -6             : IntAlu : 
 878500: system.cpu: T0 : 0x1a9fe    : c_sd a5, 24(a5)            : MemWrite :  D=0x000000000006fd38 A=0x6fd50
 879000: system.cpu: T0 : 0x1aa00    : c_sd a5, 16(a5)            : MemWrite :  D=0x000000000006fd38 A=0x6fd48
 879500: system.cpu: T0 : 0x1aa02    : c_addi a5, 16              : IntAlu :  D=0x000000000006fd48
 880000: system.cpu: T0 : 0x1aa04    : bne a4, a5, -6             : IntAlu : 
 880500: system.cpu: T0 : 0x1a9fe    : c_sd a5, 24(a5)            : MemWrite :  D=0x000000000006fd48 A=0x6fd60
 881000: system.cpu: T0 : 0x1aa00    : c_sd a5, 16(a5)            : MemWrite :  D=0x000000000006fd48 A=0x6fd58
 881500: system.cpu: T0 : 0x1aa02    : c_addi a5, 16              : IntAlu :  D=0x000000000006fd58
 882000: system.cpu: T0 : 0x1aa04    : bne a4, a5, -6             : IntAlu : 
 882500: system.cpu: T0 : 0x1a9fe    : c_sd a5, 24(a5)            : MemWrite :  D=0x000000000006fd58 A=0x6fd70
 883000: system.cpu: T0 : 0x1aa00    : c_sd a5, 16(a5)            : MemWrite :  D=0x000000000006fd58 A=0x6fd68
 883500: system.cpu: T0 : 0x1aa02    : c_addi a5, 16              : IntAlu :  D=0x000000000006fd68
 884000: system.cpu: T0 : 0x1aa04    : bne a4, a5, -6             : IntAlu : 
 884500: system.cpu: T0 : 0x1a9fe    : c_sd a5, 24(a5)            : MemWrite :  D=0x000000000006fd68 A=0x6fd80
 885000: system.cpu: T0 : 0x1aa00    : c_sd a5, 16(a5)            : MemWrite :  D=0x000000000006fd68 A=0x6fd78
 885500: system.cpu: T0 : 0x1aa02    : c_addi a5, 16              : IntAlu :  D=0x000000000006fd78
 886000: system.cpu: T0 : 0x1aa04    : bne a4, a5, -6             : IntAlu : 
 886500: system.cpu: T0 : 0x1a9fe    : c_sd a5, 24(a5)            : MemWrite :  D=0x000000000006fd78 A=0x6fd90
 887000: system.cpu: T0 : 0x1aa00    : c_sd a5, 16(a5)            : MemWrite :  D=0x000000000006fd78 A=0x6fd88
 887500: system.cpu: T0 : 0x1aa02    : c_addi a5, 16              : IntAlu :  D=0x000000000006fd88
 888000: system.cpu: T0 : 0x1aa04    : bne a4, a5, -6             : IntAlu : 
 888500: system.cpu: T0 : 0x1a9fe    : c_sd a5, 24(a5)            : MemWrite :  D=0x000000000006fd88 A=0x6fda0
 889000: system.cpu: T0 : 0x1aa00    : c_sd a5, 16(a5)            : MemWrite :  D=0x000000000006fd88 A=0x6fd98
 889500: system.cpu: T0 : 0x1aa02    : c_addi a5, 16              : IntAlu :  D=0x000000000006fd98
 890000: system.cpu: T0 : 0x1aa04    : bne a4, a5, -6             : IntAlu : 
 890500: system.cpu: T0 : 0x1a9fe    : c_sd a5, 24(a5)            : MemWrite :  D=0x000000000006fd98 A=0x6fdb0
 891000: system.cpu: T0 : 0x1aa00    : c_sd a5, 16(a5)            : MemWrite :  D=0x000000000006fd98 A=0x6fda8
 891500: system.cpu: T0 : 0x1aa02    : c_addi a5, 16              : IntAlu :  D=0x000000000006fda8
 892000: system.cpu: T0 : 0x1aa04    : bne a4, a5, -6             : IntAlu : 
 892500: system.cpu: T0 : 0x1a9fe    : c_sd a5, 24(a5)            : MemWrite :  D=0x000000000006fda8 A=0x6fdc0
 893000: system.cpu: T0 : 0x1aa00    : c_sd a5, 16(a5)            : MemWrite :  D=0x000000000006fda8 A=0x6fdb8
 893500: system.cpu: T0 : 0x1aa02    : c_addi a5, 16              : IntAlu :  D=0x000000000006fdb8
 894000: system.cpu: T0 : 0x1aa04    : bne a4, a5, -6             : IntAlu : 
 894500: system.cpu: T0 : 0x1a9fe    : c_sd a5, 24(a5)            : MemWrite :  D=0x000000000006fdb8 A=0x6fdd0
 895000: system.cpu: T0 : 0x1aa00    : c_sd a5, 16(a5)            : MemWrite :  D=0x000000000006fdb8 A=0x6fdc8
 895500: system.cpu: T0 : 0x1aa02    : c_addi a5, 16              : IntAlu :  D=0x000000000006fdc8
 896000: system.cpu: T0 : 0x1aa04    : bne a4, a5, -6             : IntAlu : 
 896500: system.cpu: T0 : 0x1a9fe    : c_sd a5, 24(a5)            : MemWrite :  D=0x000000000006fdc8 A=0x6fde0
 897000: system.cpu: T0 : 0x1aa00    : c_sd a5, 16(a5)            : MemWrite :  D=0x000000000006fdc8 A=0x6fdd8
 897500: system.cpu: T0 : 0x1aa02    : c_addi a5, 16              : IntAlu :  D=0x000000000006fdd8
 898000: system.cpu: T0 : 0x1aa04    : bne a4, a5, -6             : IntAlu : 
 898500: system.cpu: T0 : 0x1a9fe    : c_sd a5, 24(a5)            : MemWrite :  D=0x000000000006fdd8 A=0x6fdf0
 899000: system.cpu: T0 : 0x1aa00    : c_sd a5, 16(a5)            : MemWrite :  D=0x000000000006fdd8 A=0x6fde8
 899500: system.cpu: T0 : 0x1aa02    : c_addi a5, 16              : IntAlu :  D=0x000000000006fde8
 900000: system.cpu: T0 : 0x1aa04    : bne a4, a5, -6             : IntAlu : 
 900500: system.cpu: T0 : 0x1a9fe    : c_sd a5, 24(a5)            : MemWrite :  D=0x000000000006fde8 A=0x6fe00
 901000: system.cpu: T0 : 0x1aa00    : c_sd a5, 16(a5)            : MemWrite :  D=0x000000000006fde8 A=0x6fdf8
 901500: system.cpu: T0 : 0x1aa02    : c_addi a5, 16              : IntAlu :  D=0x000000000006fdf8
 902000: system.cpu: T0 : 0x1aa04    : bne a4, a5, -6             : IntAlu : 
 902500: system.cpu: T0 : 0x1a9fe    : c_sd a5, 24(a5)            : MemWrite :  D=0x000000000006fdf8 A=0x6fe10
 903000: system.cpu: T0 : 0x1aa00    : c_sd a5, 16(a5)            : MemWrite :  D=0x000000000006fdf8 A=0x6fe08
 903500: system.cpu: T0 : 0x1aa02    : c_addi a5, 16              : IntAlu :  D=0x000000000006fe08
 904000: system.cpu: T0 : 0x1aa04    : bne a4, a5, -6             : IntAlu : 
 904500: system.cpu: T0 : 0x1a9fe    : c_sd a5, 24(a5)            : MemWrite :  D=0x000000000006fe08 A=0x6fe20
 905000: system.cpu: T0 : 0x1aa00    : c_sd a5, 16(a5)            : MemWrite :  D=0x000000000006fe08 A=0x6fe18
 905500: system.cpu: T0 : 0x1aa02    : c_addi a5, 16              : IntAlu :  D=0x000000000006fe18
 906000: system.cpu: T0 : 0x1aa04    : bne a4, a5, -6             : IntAlu : 
 906500: system.cpu: T0 : 0x1aa08    : lui a5, 111                : IntAlu :  D=0x000000000006f000
 907000: system.cpu: T0 : 0x1aa0c    : addi a5, a5, 1480          : IntAlu :  D=0x000000000006f5c8
 907500: system.cpu: T0 : 0x1aa10    : beq a0, a5, 24             : IntAlu : 
 908000: system.cpu: T0 : 0x1aa28    : addi a4, zero, 128         : IntAlu :  D=0x0000000000000080
 908500: system.cpu: T0 : 0x1aa2c    : sd a4, -1376(gp)           : MemWrite :  D=0x0000000000000080 A=0x70af8
 909000: system.cpu: T0 : 0x1aa30    : addi a5, a0, 8             : IntAlu :  D=0x000000000006f5d0
 909500: system.cpu: T0 : 0x1aa34    : amoswap_w zero, zero, (a5)
 909500: system.cpu: T0 : 0x1aa34. 0 : amoswap_w[l] zero, zero, (a5) : MemRead :  D=0x0000000000000000 A=0x6f5d0
 910000: system.cpu: T0 : 0x1aa38    : c_sd a3, 96(a0)            : MemWrite :  D=0x000000000006f628 A=0x6f628
 910500: system.cpu: T0 : 0x1aa3a    : c_jr ra                    : IntAlu : 
 911000: system.cpu: T0 : 0x1adf6    : c_lui a2, 27               : IntAlu :  D=0x000000000001b000
 911500: system.cpu: T0 : 0x1adf8    : addi a2, a2, 1348          : IntAlu :  D=0x000000000001b544
 912000: system.cpu: T0 : 0x1adfc    : c_mv a1, sp                : IntAlu :  D=0x7ffffffffffffbd0
 912500: system.cpu: T0 : 0x1adfe    : c_li a0, 19                : IntAlu :  D=0x0000000000000013
 913000: system.cpu: T0 : 0x1ae00    : jal ra, 30078              : IntAlu :  D=0x000000000001ae04
 913500: system.cpu: T0 : 0x2237e    : c_slli a0, 32              : IntAlu :  D=0x0000001300000000
 914000: system.cpu: T0 : 0x22380    : c_srli a0, 32              : IntAlu :  D=0x0000000000000013
 915000: system.cpu: T0 : 0x22382    : slli a5, a0, 3             : IntAlu :  D=0x0000000000000098
 915500: system.cpu: T0 : 0x22386    : c_sub a5, a0               : IntAlu :  D=0x0000000000000085
 916000: system.cpu: T0 : 0x22388    : lui a4, 111                : IntAlu :  D=0x000000000006f000
 916500: system.cpu: T0 : 0x2238c    : addi a4, a4, -1248         : IntAlu :  D=0x000000000006eb20
 917000: system.cpu: T0 : 0x22390    : c_slli a5, 3               : IntAlu :  D=0x0000000000000428
 917500: system.cpu: T0 : 0x22392    : c_add a5, a4               : IntAlu :  D=0x000000000006ef48
 918000: system.cpu: T0 : 0x22394    : c_lw a3, 8(a5)             : MemRead :  D=0x0000000000000000 A=0x6ef50
 918500: system.cpu: T0 : 0x22396    : c_li a6, 2                 : IntAlu :  D=0x0000000000000002
 919000: system.cpu: T0 : 0x22398    : c_ld a5, 32(a5)            : MemRead :  D=0x0000000000000000 A=0x6ef68
 920000: system.cpu: T0 : 0x2239a    : bltu a6, a3, 42            : IntAlu : 
 920500: system.cpu: T0 : 0x2239e    : c_bnez a3, 38              : IntAlu : 
 921000: system.cpu: T0 : 0x223a0    : c_sw a5, 0(a1)             : MemWrite :  D=0x0000000000000000 A=0x7ffffffffffffbd0
 922000: system.cpu: T0 : 0x223a2    : slli a5, a0, 3             : IntAlu :  D=0x0000000000000098
 922500: system.cpu: T0 : 0x223a6    : c_sub a5, a0               : IntAlu :  D=0x0000000000000085
 923000: system.cpu: T0 : 0x223a8    : c_slli a5, 3               : IntAlu :  D=0x0000000000000428
 924000: system.cpu: T0 : 0x223aa    : add a3, a4, a5             : IntAlu :  D=0x000000000006ef48
 925000: system.cpu: T0 : 0x223ae    : lbu a3, 40(a3)             : MemRead :  D=0x0000000000000000 A=0x6ef70
 925500: system.cpu: T0 : 0x223b2    : c_beqz a3, 16              : IntAlu : 
 926000: system.cpu: T0 : 0x223c2    : c_jr ra                    : IntAlu : 
 926500: system.cpu: T0 : 0x1ae04    : c_lui a2, 26               : IntAlu :  D=0x000000000001a000
 927500: system.cpu: T0 : 0x1ae06    : addi a2, a2, 1672          : IntAlu :  D=0x000000000001a688
 928000: system.cpu: T0 : 0x1ae0a    : c_mv a1, sp                : IntAlu :  D=0x7ffffffffffffbd0
 928500: system.cpu: T0 : 0x1ae0c    : c_li a0, 7                 : IntAlu :  D=0x0000000000000007
 929500: system.cpu: T0 : 0x1ae0e    : jal ra, 30064              : IntAlu :  D=0x000000000001ae12
 930000: system.cpu: T0 : 0x2237e    : c_slli a0, 32              : IntAlu :  D=0x0000000700000000
 930500: system.cpu: T0 : 0x22380    : c_srli a0, 32              : IntAlu :  D=0x0000000000000007
 931500: system.cpu: T0 : 0x22382    : slli a5, a0, 3             : IntAlu :  D=0x0000000000000038
 932000: system.cpu: T0 : 0x22386    : c_sub a5, a0               : IntAlu :  D=0x0000000000000031
 932500: system.cpu: T0 : 0x22388    : lui a4, 111                : IntAlu :  D=0x000000000006f000
 933000: system.cpu: T0 : 0x2238c    : addi a4, a4, -1248         : IntAlu :  D=0x000000000006eb20
 933500: system.cpu: T0 : 0x22390    : c_slli a5, 3               : IntAlu :  D=0x0000000000000188
 934000: system.cpu: T0 : 0x22392    : c_add a5, a4               : IntAlu :  D=0x000000000006eca8
 934500: system.cpu: T0 : 0x22394    : c_lw a3, 8(a5)             : MemRead :  D=0x0000000000000002 A=0x6ecb0
 935000: system.cpu: T0 : 0x22396    : c_li a6, 2                 : IntAlu :  D=0x0000000000000002
 935500: system.cpu: T0 : 0x22398    : c_ld a5, 32(a5)            : MemRead :  D=0x0000000000000000 A=0x6ecc8
 936500: system.cpu: T0 : 0x2239a    : bltu a6, a3, 42            : IntAlu : 
 937000: system.cpu: T0 : 0x2239e    : c_bnez a3, 38              : IntAlu : 
 937500: system.cpu: T0 : 0x223c4    : c_sd a5, 0(a1)             : MemWrite :  D=0x0000000000000000 A=0x7ffffffffffffbd0
 938000: system.cpu: T0 : 0x223c6    : c_j -36                    : IntAlu : 
 939000: system.cpu: T0 : 0x223a2    : slli a5, a0, 3             : IntAlu :  D=0x0000000000000038
 939500: system.cpu: T0 : 0x223a6    : c_sub a5, a0               : IntAlu :  D=0x0000000000000031
 940000: system.cpu: T0 : 0x223a8    : c_slli a5, 3               : IntAlu :  D=0x0000000000000188
 941000: system.cpu: T0 : 0x223aa    : add a3, a4, a5             : IntAlu :  D=0x000000000006eca8
 942000: system.cpu: T0 : 0x223ae    : lbu a3, 40(a3)             : MemRead :  D=0x0000000000000000 A=0x6ecd0
 942500: system.cpu: T0 : 0x223b2    : c_beqz a3, 16              : IntAlu : 
 943000: system.cpu: T0 : 0x223c2    : c_jr ra                    : IntAlu : 
 943500: system.cpu: T0 : 0x1ae12    : c_lui a2, 26               : IntAlu :  D=0x000000000001a000
 944000: system.cpu: T0 : 0x1ae14    : addi a2, a2, 1690          : IntAlu :  D=0x000000000001a69a
 944500: system.cpu: T0 : 0x1ae18    : c_mv a1, sp                : IntAlu :  D=0x7ffffffffffffbd0
 945000: system.cpu: T0 : 0x1ae1a    : c_li a0, 2                 : IntAlu :  D=0x0000000000000002
 945500: system.cpu: T0 : 0x1ae1c    : jal ra, 30050              : IntAlu :  D=0x000000000001ae20
 946000: system.cpu: T0 : 0x2237e    : c_slli a0, 32              : IntAlu :  D=0x0000000200000000
 946500: system.cpu: T0 : 0x22380    : c_srli a0, 32              : IntAlu :  D=0x0000000000000002
 947500: system.cpu: T0 : 0x22382    : slli a5, a0, 3             : IntAlu :  D=0x0000000000000010
 948000: system.cpu: T0 : 0x22386    : c_sub a5, a0               : IntAlu :  D=0x000000000000000e
 948500: system.cpu: T0 : 0x22388    : lui a4, 111                : IntAlu :  D=0x000000000006f000
 949000: system.cpu: T0 : 0x2238c    : addi a4, a4, -1248         : IntAlu :  D=0x000000000006eb20
 949500: system.cpu: T0 : 0x22390    : c_slli a5, 3               : IntAlu :  D=0x0000000000000070
 950000: system.cpu: T0 : 0x22392    : c_add a5, a4               : IntAlu :  D=0x000000000006eb90
 950500: system.cpu: T0 : 0x22394    : c_lw a3, 8(a5)             : MemRead :  D=0x0000000000000000 A=0x6eb98
 951000: system.cpu: T0 : 0x22396    : c_li a6, 2                 : IntAlu :  D=0x0000000000000002
 951500: system.cpu: T0 : 0x22398    : c_ld a5, 32(a5)            : MemRead :  D=0x0000000000000000 A=0x6ebb0
 952500: system.cpu: T0 : 0x2239a    : bltu a6, a3, 42            : IntAlu : 
 953000: system.cpu: T0 : 0x2239e    : c_bnez a3, 38              : IntAlu : 
 953500: system.cpu: T0 : 0x223a0    : c_sw a5, 0(a1)             : MemWrite :  D=0x0000000000000000 A=0x7ffffffffffffbd0
 954500: system.cpu: T0 : 0x223a2    : slli a5, a0, 3             : IntAlu :  D=0x0000000000000010
 955000: system.cpu: T0 : 0x223a6    : c_sub a5, a0               : IntAlu :  D=0x000000000000000e
 955500: system.cpu: T0 : 0x223a8    : c_slli a5, 3               : IntAlu :  D=0x0000000000000070
 956500: system.cpu: T0 : 0x223aa    : add a3, a4, a5             : IntAlu :  D=0x000000000006eb90
 957500: system.cpu: T0 : 0x223ae    : lbu a3, 40(a3)             : MemRead :  D=0x0000000000000000 A=0x6ebb8
 958000: system.cpu: T0 : 0x223b2    : c_beqz a3, 16              : IntAlu : 
 958500: system.cpu: T0 : 0x223c2    : c_jr ra                    : IntAlu : 
 959000: system.cpu: T0 : 0x1ae20    : c_lui a2, 26               : IntAlu :  D=0x000000000001a000
 960000: system.cpu: T0 : 0x1ae22    : addi a2, a2, 1626          : IntAlu :  D=0x000000000001a65a
 960500: system.cpu: T0 : 0x1ae26    : c_mv a1, sp                : IntAlu :  D=0x7ffffffffffffbd0
 961000: system.cpu: T0 : 0x1ae28    : c_li a0, 14                : IntAlu :  D=0x000000000000000e
 962000: system.cpu: T0 : 0x1ae2a    : jal ra, 30036              : IntAlu :  D=0x000000000001ae2e
 962500: system.cpu: T0 : 0x2237e    : c_slli a0, 32              : IntAlu :  D=0x0000000e00000000
 963000: system.cpu: T0 : 0x22380    : c_srli a0, 32              : IntAlu :  D=0x000000000000000e
 964000: system.cpu: T0 : 0x22382    : slli a5, a0, 3             : IntAlu :  D=0x0000000000000070
 964500: system.cpu: T0 : 0x22386    : c_sub a5, a0               : IntAlu :  D=0x0000000000000062
 965000: system.cpu: T0 : 0x22388    : lui a4, 111                : IntAlu :  D=0x000000000006f000
 965500: system.cpu: T0 : 0x2238c    : addi a4, a4, -1248         : IntAlu :  D=0x000000000006eb20
 966000: system.cpu: T0 : 0x22390    : c_slli a5, 3               : IntAlu :  D=0x0000000000000310
 966500: system.cpu: T0 : 0x22392    : c_add a5, a4               : IntAlu :  D=0x000000000006ee30
 967000: system.cpu: T0 : 0x22394    : c_lw a3, 8(a5)             : MemRead :  D=0x0000000000000002 A=0x6ee38
 967500: system.cpu: T0 : 0x22396    : c_li a6, 2                 : IntAlu :  D=0x0000000000000002
 968000: system.cpu: T0 : 0x22398    : c_ld a5, 32(a5)            : MemRead :  D=0x0000000000000000 A=0x6ee50
 969000: system.cpu: T0 : 0x2239a    : bltu a6, a3, 42            : IntAlu : 
 969500: system.cpu: T0 : 0x2239e    : c_bnez a3, 38              : IntAlu : 
 970000: system.cpu: T0 : 0x223c4    : c_sd a5, 0(a1)             : MemWrite :  D=0x0000000000000000 A=0x7ffffffffffffbd0
 970500: system.cpu: T0 : 0x223c6    : c_j -36                    : IntAlu : 
 971500: system.cpu: T0 : 0x223a2    : slli a5, a0, 3             : IntAlu :  D=0x0000000000000070
 972000: system.cpu: T0 : 0x223a6    : c_sub a5, a0               : IntAlu :  D=0x0000000000000062
 972500: system.cpu: T0 : 0x223a8    : c_slli a5, 3               : IntAlu :  D=0x0000000000000310
 973500: system.cpu: T0 : 0x223aa    : add a3, a4, a5             : IntAlu :  D=0x000000000006ee30
 974500: system.cpu: T0 : 0x223ae    : lbu a3, 40(a3)             : MemRead :  D=0x0000000000000000 A=0x6ee58
 975000: system.cpu: T0 : 0x223b2    : c_beqz a3, 16              : IntAlu : 
 975500: system.cpu: T0 : 0x223c2    : c_jr ra                    : IntAlu : 
 976000: system.cpu: T0 : 0x1ae2e    : c_lui a2, 26               : IntAlu :  D=0x000000000001a000
 976500: system.cpu: T0 : 0x1ae30    : addi a2, a2, 1698          : IntAlu :  D=0x000000000001a6a2
 977000: system.cpu: T0 : 0x1ae34    : c_mv a1, sp                : IntAlu :  D=0x7ffffffffffffbd0
 977500: system.cpu: T0 : 0x1ae36    : c_li a0, 1                 : IntAlu :  D=0x0000000000000001
 978000: system.cpu: T0 : 0x1ae38    : jal ra, 30022              : IntAlu :  D=0x000000000001ae3c
 978500: system.cpu: T0 : 0x2237e    : c_slli a0, 32              : IntAlu :  D=0x0000000100000000
 979000: system.cpu: T0 : 0x22380    : c_srli a0, 32              : IntAlu :  D=0x0000000000000001
 980000: system.cpu: T0 : 0x22382    : slli a5, a0, 3             : IntAlu :  D=0x0000000000000008
 980500: system.cpu: T0 : 0x22386    : c_sub a5, a0               : IntAlu :  D=0x0000000000000007
 981000: system.cpu: T0 : 0x22388    : lui a4, 111                : IntAlu :  D=0x000000000006f000
 981500: system.cpu: T0 : 0x2238c    : addi a4, a4, -1248         : IntAlu :  D=0x000000000006eb20
 982000: system.cpu: T0 : 0x22390    : c_slli a5, 3               : IntAlu :  D=0x0000000000000038
 982500: system.cpu: T0 : 0x22392    : c_add a5, a4               : IntAlu :  D=0x000000000006eb58
 983000: system.cpu: T0 : 0x22394    : c_lw a3, 8(a5)             : MemRead :  D=0x0000000000000002 A=0x6eb60
 983500: system.cpu: T0 : 0x22396    : c_li a6, 2                 : IntAlu :  D=0x0000000000000002
 984000: system.cpu: T0 : 0x22398    : c_ld a5, 32(a5)            : MemRead :  D=0x0000000000000000 A=0x6eb78
 985000: system.cpu: T0 : 0x2239a    : bltu a6, a3, 42            : IntAlu : 
 985500: system.cpu: T0 : 0x2239e    : c_bnez a3, 38              : IntAlu : 
 986000: system.cpu: T0 : 0x223c4    : c_sd a5, 0(a1)             : MemWrite :  D=0x0000000000000000 A=0x7ffffffffffffbd0
 986500: system.cpu: T0 : 0x223c6    : c_j -36                    : IntAlu : 
 987500: system.cpu: T0 : 0x223a2    : slli a5, a0, 3             : IntAlu :  D=0x0000000000000008
 988000: system.cpu: T0 : 0x223a6    : c_sub a5, a0               : IntAlu :  D=0x0000000000000007
 988500: system.cpu: T0 : 0x223a8    : c_slli a5, 3               : IntAlu :  D=0x0000000000000038
 989500: system.cpu: T0 : 0x223aa    : add a3, a4, a5             : IntAlu :  D=0x000000000006eb58
 990500: system.cpu: T0 : 0x223ae    : lbu a3, 40(a3)             : MemRead :  D=0x0000000000000000 A=0x6eb80
 991000: system.cpu: T0 : 0x223b2    : c_beqz a3, 16              : IntAlu : 
 991500: system.cpu: T0 : 0x223c2    : c_jr ra                    : IntAlu : 
 992000: system.cpu: T0 : 0x1ae3c    : c_lui a2, 26               : IntAlu :  D=0x000000000001a000
 993000: system.cpu: T0 : 0x1ae3e    : addi a2, a2, 1654          : IntAlu :  D=0x000000000001a676
 993500: system.cpu: T0 : 0x1ae42    : c_mv a1, sp                : IntAlu :  D=0x7ffffffffffffbd0
 994000: system.cpu: T0 : 0x1ae44    : c_li a0, 9                 : IntAlu :  D=0x0000000000000009
 995000: system.cpu: T0 : 0x1ae46    : jal ra, 30008              : IntAlu :  D=0x000000000001ae4a
 995500: system.cpu: T0 : 0x2237e    : c_slli a0, 32              : IntAlu :  D=0x0000000900000000
 996000: system.cpu: T0 : 0x22380    : c_srli a0, 32              : IntAlu :  D=0x0000000000000009
 997000: system.cpu: T0 : 0x22382    : slli a5, a0, 3             : IntAlu :  D=0x0000000000000048
 997500: system.cpu: T0 : 0x22386    : c_sub a5, a0               : IntAlu :  D=0x000000000000003f
 998000: system.cpu: T0 : 0x22388    : lui a4, 111                : IntAlu :  D=0x000000000006f000
 998500: system.cpu: T0 : 0x2238c    : addi a4, a4, -1248         : IntAlu :  D=0x000000000006eb20
 999000: system.cpu: T0 : 0x22390    : c_slli a5, 3               : IntAlu :  D=0x00000000000001f8
 999500: system.cpu: T0 : 0x22392    : c_add a5, a4               : IntAlu :  D=0x000000000006ed18
1000000: system.cpu: T0 : 0x22394    : c_lw a3, 8(a5)             : MemRead :  D=0x0000000000000000 A=0x6ed20
1000500: system.cpu: T0 : 0x22396    : c_li a6, 2                 : IntAlu :  D=0x0000000000000002
1001000: system.cpu: T0 : 0x22398    : c_ld a5, 32(a5)            : MemRead :  D=0x0000000000000000 A=0x6ed38
1002000: system.cpu: T0 : 0x2239a    : bltu a6, a3, 42            : IntAlu : 
1002500: system.cpu: T0 : 0x2239e    : c_bnez a3, 38              : IntAlu : 
1003000: system.cpu: T0 : 0x223a0    : c_sw a5, 0(a1)             : MemWrite :  D=0x0000000000000000 A=0x7ffffffffffffbd0
1004000: system.cpu: T0 : 0x223a2    : slli a5, a0, 3             : IntAlu :  D=0x0000000000000048
1004500: system.cpu: T0 : 0x223a6    : c_sub a5, a0               : IntAlu :  D=0x000000000000003f
1005000: system.cpu: T0 : 0x223a8    : c_slli a5, 3               : IntAlu :  D=0x00000000000001f8
1006000: system.cpu: T0 : 0x223aa    : add a3, a4, a5             : IntAlu :  D=0x000000000006ed18
1007000: system.cpu: T0 : 0x223ae    : lbu a3, 40(a3)             : MemRead :  D=0x0000000000000000 A=0x6ed40
1007500: system.cpu: T0 : 0x223b2    : c_beqz a3, 16              : IntAlu : 
1008000: system.cpu: T0 : 0x223c2    : c_jr ra                    : IntAlu : 
1008500: system.cpu: T0 : 0x1ae4a    : c_lui a2, 26               : IntAlu :  D=0x000000000001a000
1009000: system.cpu: T0 : 0x1ae4c    : addi a2, a2, 1716          : IntAlu :  D=0x000000000001a6b4
1009500: system.cpu: T0 : 0x1ae50    : c_mv a1, sp                : IntAlu :  D=0x7ffffffffffffbd0
1010000: system.cpu: T0 : 0x1ae52    : c_li a0, 13                : IntAlu :  D=0x000000000000000d
1010500: system.cpu: T0 : 0x1ae54    : jal ra, 29994              : IntAlu :  D=0x000000000001ae58
1011000: system.cpu: T0 : 0x2237e    : c_slli a0, 32              : IntAlu :  D=0x0000000d00000000
1011500: system.cpu: T0 : 0x22380    : c_srli a0, 32              : IntAlu :  D=0x000000000000000d
1012500: system.cpu: T0 : 0x22382    : slli a5, a0, 3             : IntAlu :  D=0x0000000000000068
1013000: system.cpu: T0 : 0x22386    : c_sub a5, a0               : IntAlu :  D=0x000000000000005b
1013500: system.cpu: T0 : 0x22388    : lui a4, 111                : IntAlu :  D=0x000000000006f000
1014000: system.cpu: T0 : 0x2238c    : addi a4, a4, -1248         : IntAlu :  D=0x000000000006eb20
1014500: system.cpu: T0 : 0x22390    : c_slli a5, 3               : IntAlu :  D=0x00000000000002d8
1015000: system.cpu: T0 : 0x22392    : c_add a5, a4               : IntAlu :  D=0x000000000006edf8
1015500: system.cpu: T0 : 0x22394    : c_lw a3, 8(a5)             : MemRead :  D=0x0000000000000002 A=0x6ee00
1016000: system.cpu: T0 : 0x22396    : c_li a6, 2                 : IntAlu :  D=0x0000000000000002
1016500: system.cpu: T0 : 0x22398    : c_ld a5, 32(a5)            : MemRead :  D=0x0000000000000000 A=0x6ee18
1017500: system.cpu: T0 : 0x2239a    : bltu a6, a3, 42            : IntAlu : 
1018000: system.cpu: T0 : 0x2239e    : c_bnez a3, 38              : IntAlu : 
1018500: system.cpu: T0 : 0x223c4    : c_sd a5, 0(a1)             : MemWrite :  D=0x0000000000000000 A=0x7ffffffffffffbd0
1019000: system.cpu: T0 : 0x223c6    : c_j -36                    : IntAlu : 
1020000: system.cpu: T0 : 0x223a2    : slli a5, a0, 3             : IntAlu :  D=0x0000000000000068
1020500: system.cpu: T0 : 0x223a6    : c_sub a5, a0               : IntAlu :  D=0x000000000000005b
1021000: system.cpu: T0 : 0x223a8    : c_slli a5, 3               : IntAlu :  D=0x00000000000002d8
1022000: system.cpu: T0 : 0x223aa    : add a3, a4, a5             : IntAlu :  D=0x000000000006edf8
1023000: system.cpu: T0 : 0x223ae    : lbu a3, 40(a3)             : MemRead :  D=0x0000000000000000 A=0x6ee20
1023500: system.cpu: T0 : 0x223b2    : c_beqz a3, 16              : IntAlu : 
1024000: system.cpu: T0 : 0x223c2    : c_jr ra                    : IntAlu : 
1024500: system.cpu: T0 : 0x1ae58    : c_lui a2, 26               : IntAlu :  D=0x000000000001a000
1025500: system.cpu: T0 : 0x1ae5a    : addi a2, a2, 1728          : IntAlu :  D=0x000000000001a6c0
1026000: system.cpu: T0 : 0x1ae5e    : c_mv a1, sp                : IntAlu :  D=0x7ffffffffffffbd0
1026500: system.cpu: T0 : 0x1ae60    : c_li a0, 16                : IntAlu :  D=0x0000000000000010
1027500: system.cpu: T0 : 0x1ae62    : jal ra, 29980              : IntAlu :  D=0x000000000001ae66
1028000: system.cpu: T0 : 0x2237e    : c_slli a0, 32              : IntAlu :  D=0x0000001000000000
1028500: system.cpu: T0 : 0x22380    : c_srli a0, 32              : IntAlu :  D=0x0000000000000010
1029500: system.cpu: T0 : 0x22382    : slli a5, a0, 3             : IntAlu :  D=0x0000000000000080
1030000: system.cpu: T0 : 0x22386    : c_sub a5, a0               : IntAlu :  D=0x0000000000000070
1030500: system.cpu: T0 : 0x22388    : lui a4, 111                : IntAlu :  D=0x000000000006f000
1031000: system.cpu: T0 : 0x2238c    : addi a4, a4, -1248         : IntAlu :  D=0x000000000006eb20
1031500: system.cpu: T0 : 0x22390    : c_slli a5, 3               : IntAlu :  D=0x0000000000000380
1032000: system.cpu: T0 : 0x22392    : c_add a5, a4               : IntAlu :  D=0x000000000006eea0
1032500: system.cpu: T0 : 0x22394    : c_lw a3, 8(a5)             : MemRead :  D=0x0000000000000002 A=0x6eea8
1033000: system.cpu: T0 : 0x22396    : c_li a6, 2                 : IntAlu :  D=0x0000000000000002
1033500: system.cpu: T0 : 0x22398    : c_ld a5, 32(a5)            : MemRead :  D=0x0000000000000000 A=0x6eec0
1034500: system.cpu: T0 : 0x2239a    : bltu a6, a3, 42            : IntAlu : 
1035000: system.cpu: T0 : 0x2239e    : c_bnez a3, 38              : IntAlu : 
1035500: system.cpu: T0 : 0x223c4    : c_sd a5, 0(a1)             : MemWrite :  D=0x0000000000000000 A=0x7ffffffffffffbd0
1036000: system.cpu: T0 : 0x223c6    : c_j -36                    : IntAlu : 
1037000: system.cpu: T0 : 0x223a2    : slli a5, a0, 3             : IntAlu :  D=0x0000000000000080
1037500: system.cpu: T0 : 0x223a6    : c_sub a5, a0               : IntAlu :  D=0x0000000000000070
1038000: system.cpu: T0 : 0x223a8    : c_slli a5, 3               : IntAlu :  D=0x0000000000000380
1039000: system.cpu: T0 : 0x223aa    : add a3, a4, a5             : IntAlu :  D=0x000000000006eea0
1040000: system.cpu: T0 : 0x223ae    : lbu a3, 40(a3)             : MemRead :  D=0x0000000000000000 A=0x6eec8
1040500: system.cpu: T0 : 0x223b2    : c_beqz a3, 16              : IntAlu : 
1041000: system.cpu: T0 : 0x223c2    : c_jr ra                    : IntAlu : 
1041500: system.cpu: T0 : 0x1ae66    : c_lui a2, 26               : IntAlu :  D=0x000000000001a000
1042000: system.cpu: T0 : 0x1ae68    : addi a2, a2, 1740          : IntAlu :  D=0x000000000001a6cc
1042500: system.cpu: T0 : 0x1ae6c    : c_mv a1, sp                : IntAlu :  D=0x7ffffffffffffbd0
1043000: system.cpu: T0 : 0x1ae6e    : c_li a0, 18                : IntAlu :  D=0x0000000000000012
1043500: system.cpu: T0 : 0x1ae70    : jal ra, 29966              : IntAlu :  D=0x000000000001ae74
1044000: system.cpu: T0 : 0x2237e    : c_slli a0, 32              : IntAlu :  D=0x0000001200000000
1044500: system.cpu: T0 : 0x22380    : c_srli a0, 32              : IntAlu :  D=0x0000000000000012
1045500: system.cpu: T0 : 0x22382    : slli a5, a0, 3             : IntAlu :  D=0x0000000000000090
1046000: system.cpu: T0 : 0x22386    : c_sub a5, a0               : IntAlu :  D=0x000000000000007e
1046500: system.cpu: T0 : 0x22388    : lui a4, 111                : IntAlu :  D=0x000000000006f000
1047000: system.cpu: T0 : 0x2238c    : addi a4, a4, -1248         : IntAlu :  D=0x000000000006eb20
1047500: system.cpu: T0 : 0x22390    : c_slli a5, 3               : IntAlu :  D=0x00000000000003f0
1048000: system.cpu: T0 : 0x22392    : c_add a5, a4               : IntAlu :  D=0x000000000006ef10
1048500: system.cpu: T0 : 0x22394    : c_lw a3, 8(a5)             : MemRead :  D=0x0000000000000002 A=0x6ef18
1049000: system.cpu: T0 : 0x22396    : c_li a6, 2                 : IntAlu :  D=0x0000000000000002
1049500: system.cpu: T0 : 0x22398    : c_ld a5, 32(a5)            : MemRead :  D=0x0000000000000000 A=0x6ef30
1050500: system.cpu: T0 : 0x2239a    : bltu a6, a3, 42            : IntAlu : 
1051000: system.cpu: T0 : 0x2239e    : c_bnez a3, 38              : IntAlu : 
1051500: system.cpu: T0 : 0x223c4    : c_sd a5, 0(a1)             : MemWrite :  D=0x0000000000000000 A=0x7ffffffffffffbd0
1052000: system.cpu: T0 : 0x223c6    : c_j -36                    : IntAlu : 
1053000: system.cpu: T0 : 0x223a2    : slli a5, a0, 3             : IntAlu :  D=0x0000000000000090
1053500: system.cpu: T0 : 0x223a6    : c_sub a5, a0               : IntAlu :  D=0x000000000000007e
1054000: system.cpu: T0 : 0x223a8    : c_slli a5, 3               : IntAlu :  D=0x00000000000003f0
1055000: system.cpu: T0 : 0x223aa    : add a3, a4, a5             : IntAlu :  D=0x000000000006ef10
1056000: system.cpu: T0 : 0x223ae    : lbu a3, 40(a3)             : MemRead :  D=0x0000000000000000 A=0x6ef38
1056500: system.cpu: T0 : 0x223b2    : c_beqz a3, 16              : IntAlu : 
1057000: system.cpu: T0 : 0x223c2    : c_jr ra                    : IntAlu : 
1057500: system.cpu: T0 : 0x1ae74    : c_lui a2, 26               : IntAlu :  D=0x000000000001a000
1058500: system.cpu: T0 : 0x1ae76    : addi a2, a2, 1786          : IntAlu :  D=0x000000000001a6fa
1059000: system.cpu: T0 : 0x1ae7a    : c_mv a1, sp                : IntAlu :  D=0x7ffffffffffffbd0
1059500: system.cpu: T0 : 0x1ae7c    : c_li a0, 15                : IntAlu :  D=0x000000000000000f
1060500: system.cpu: T0 : 0x1ae7e    : jal ra, 29952              : IntAlu :  D=0x000000000001ae82
1061000: system.cpu: T0 : 0x2237e    : c_slli a0, 32              : IntAlu :  D=0x0000000f00000000
1061500: system.cpu: T0 : 0x22380    : c_srli a0, 32              : IntAlu :  D=0x000000000000000f
1062500: system.cpu: T0 : 0x22382    : slli a5, a0, 3             : IntAlu :  D=0x0000000000000078
1063000: system.cpu: T0 : 0x22386    : c_sub a5, a0               : IntAlu :  D=0x0000000000000069
1063500: system.cpu: T0 : 0x22388    : lui a4, 111                : IntAlu :  D=0x000000000006f000
1064000: system.cpu: T0 : 0x2238c    : addi a4, a4, -1248         : IntAlu :  D=0x000000000006eb20
1064500: system.cpu: T0 : 0x22390    : c_slli a5, 3               : IntAlu :  D=0x0000000000000348
1065000: system.cpu: T0 : 0x22392    : c_add a5, a4               : IntAlu :  D=0x000000000006ee68
1065500: system.cpu: T0 : 0x22394    : c_lw a3, 8(a5)             : MemRead :  D=0x0000000000000002 A=0x6ee70
1066000: system.cpu: T0 : 0x22396    : c_li a6, 2                 : IntAlu :  D=0x0000000000000002
1066500: system.cpu: T0 : 0x22398    : c_ld a5, 32(a5)            : MemRead :  D=0x0000000000000000 A=0x6ee88
1067500: system.cpu: T0 : 0x2239a    : bltu a6, a3, 42            : IntAlu : 
1068000: system.cpu: T0 : 0x2239e    : c_bnez a3, 38              : IntAlu : 
1068500: system.cpu: T0 : 0x223c4    : c_sd a5, 0(a1)             : MemWrite :  D=0x0000000000000000 A=0x7ffffffffffffbd0
1069000: system.cpu: T0 : 0x223c6    : c_j -36                    : IntAlu : 
1070000: system.cpu: T0 : 0x223a2    : slli a5, a0, 3             : IntAlu :  D=0x0000000000000078
1070500: system.cpu: T0 : 0x223a6    : c_sub a5, a0               : IntAlu :  D=0x0000000000000069
1071000: system.cpu: T0 : 0x223a8    : c_slli a5, 3               : IntAlu :  D=0x0000000000000348
1072000: system.cpu: T0 : 0x223aa    : add a3, a4, a5             : IntAlu :  D=0x000000000006ee68
1073000: system.cpu: T0 : 0x223ae    : lbu a3, 40(a3)             : MemRead :  D=0x0000000000000000 A=0x6ee90
1073500: system.cpu: T0 : 0x223b2    : c_beqz a3, 16              : IntAlu : 
1074000: system.cpu: T0 : 0x223c2    : c_jr ra                    : IntAlu : 
1074500: system.cpu: T0 : 0x1ae82    : c_lui a2, 26               : IntAlu :  D=0x000000000001a000
1075000: system.cpu: T0 : 0x1ae84    : addi a2, a2, 1806          : IntAlu :  D=0x000000000001a70e
1075500: system.cpu: T0 : 0x1ae88    : c_mv a1, sp                : IntAlu :  D=0x7ffffffffffffbd0
1076000: system.cpu: T0 : 0x1ae8a    : c_li a0, 11                : IntAlu :  D=0x000000000000000b
1076500: system.cpu: T0 : 0x1ae8c    : jal ra, 29938              : IntAlu :  D=0x000000000001ae90
1077000: system.cpu: T0 : 0x2237e    : c_slli a0, 32              : IntAlu :  D=0x0000000b00000000
1077500: system.cpu: T0 : 0x22380    : c_srli a0, 32              : IntAlu :  D=0x000000000000000b
1078500: system.cpu: T0 : 0x22382    : slli a5, a0, 3             : IntAlu :  D=0x0000000000000058
1079000: system.cpu: T0 : 0x22386    : c_sub a5, a0               : IntAlu :  D=0x000000000000004d
1079500: system.cpu: T0 : 0x22388    : lui a4, 111                : IntAlu :  D=0x000000000006f000
1080000: system.cpu: T0 : 0x2238c    : addi a4, a4, -1248         : IntAlu :  D=0x000000000006eb20
1080500: system.cpu: T0 : 0x22390    : c_slli a5, 3               : IntAlu :  D=0x0000000000000268
1081000: system.cpu: T0 : 0x22392    : c_add a5, a4               : IntAlu :  D=0x000000000006ed88
1081500: system.cpu: T0 : 0x22394    : c_lw a3, 8(a5)             : MemRead :  D=0x0000000000000002 A=0x6ed90
1082000: system.cpu: T0 : 0x22396    : c_li a6, 2                 : IntAlu :  D=0x0000000000000002
1082500: system.cpu: T0 : 0x22398    : c_ld a5, 32(a5)            : MemRead :  D=0x0000000000000000 A=0x6eda8
1083500: system.cpu: T0 : 0x2239a    : bltu a6, a3, 42            : IntAlu : 
1084000: system.cpu: T0 : 0x2239e    : c_bnez a3, 38              : IntAlu : 
1084500: system.cpu: T0 : 0x223c4    : c_sd a5, 0(a1)             : MemWrite :  D=0x0000000000000000 A=0x7ffffffffffffbd0
1085000: system.cpu: T0 : 0x223c6    : c_j -36                    : IntAlu : 
1086000: system.cpu: T0 : 0x223a2    : slli a5, a0, 3             : IntAlu :  D=0x0000000000000058
1086500: system.cpu: T0 : 0x223a6    : c_sub a5, a0               : IntAlu :  D=0x000000000000004d
1087000: system.cpu: T0 : 0x223a8    : c_slli a5, 3               : IntAlu :  D=0x0000000000000268
1088000: system.cpu: T0 : 0x223aa    : add a3, a4, a5             : IntAlu :  D=0x000000000006ed88
1089000: system.cpu: T0 : 0x223ae    : lbu a3, 40(a3)             : MemRead :  D=0x0000000000000000 A=0x6edb0
1089500: system.cpu: T0 : 0x223b2    : c_beqz a3, 16              : IntAlu : 
1090000: system.cpu: T0 : 0x223c2    : c_jr ra                    : IntAlu : 
1090500: system.cpu: T0 : 0x1ae90    : c_lui a2, 26               : IntAlu :  D=0x000000000001a000
1091500: system.cpu: T0 : 0x1ae92    : addi a2, a2, 1818          : IntAlu :  D=0x000000000001a71a
1092000: system.cpu: T0 : 0x1ae96    : c_mv a1, sp                : IntAlu :  D=0x7ffffffffffffbd0
1092500: system.cpu: T0 : 0x1ae98    : c_li a0, 5                 : IntAlu :  D=0x0000000000000005
1093500: system.cpu: T0 : 0x1ae9a    : jal ra, 29924              : IntAlu :  D=0x000000000001ae9e
1094000: system.cpu: T0 : 0x2237e    : c_slli a0, 32              : IntAlu :  D=0x0000000500000000
1094500: system.cpu: T0 : 0x22380    : c_srli a0, 32              : IntAlu :  D=0x0000000000000005
1095500: system.cpu: T0 : 0x22382    : slli a5, a0, 3             : IntAlu :  D=0x0000000000000028
1096000: system.cpu: T0 : 0x22386    : c_sub a5, a0               : IntAlu :  D=0x0000000000000023
1096500: system.cpu: T0 : 0x22388    : lui a4, 111                : IntAlu :  D=0x000000000006f000
1097000: system.cpu: T0 : 0x2238c    : addi a4, a4, -1248         : IntAlu :  D=0x000000000006eb20
1097500: system.cpu: T0 : 0x22390    : c_slli a5, 3               : IntAlu :  D=0x0000000000000118
1098000: system.cpu: T0 : 0x22392    : c_add a5, a4               : IntAlu :  D=0x000000000006ec38
1098500: system.cpu: T0 : 0x22394    : c_lw a3, 8(a5)             : MemRead :  D=0x0000000000000002 A=0x6ec40
1099000: system.cpu: T0 : 0x22396    : c_li a6, 2                 : IntAlu :  D=0x0000000000000002
1099500: system.cpu: T0 : 0x22398    : c_ld a5, 32(a5)            : MemRead :  D=0x0000000000000000 A=0x6ec58
1100500: system.cpu: T0 : 0x2239a    : bltu a6, a3, 42            : IntAlu : 
1101000: system.cpu: T0 : 0x2239e    : c_bnez a3, 38              : IntAlu : 
1101500: system.cpu: T0 : 0x223c4    : c_sd a5, 0(a1)             : MemWrite :  D=0x0000000000000000 A=0x7ffffffffffffbd0
1102000: system.cpu: T0 : 0x223c6    : c_j -36                    : IntAlu : 
1103000: system.cpu: T0 : 0x223a2    : slli a5, a0, 3             : IntAlu :  D=0x0000000000000028
1103500: system.cpu: T0 : 0x223a6    : c_sub a5, a0               : IntAlu :  D=0x0000000000000023
1104000: system.cpu: T0 : 0x223a8    : c_slli a5, 3               : IntAlu :  D=0x0000000000000118
1105000: system.cpu: T0 : 0x223aa    : add a3, a4, a5             : IntAlu :  D=0x000000000006ec38
1106000: system.cpu: T0 : 0x223ae    : lbu a3, 40(a3)             : MemRead :  D=0x0000000000000000 A=0x6ec60
1106500: system.cpu: T0 : 0x223b2    : c_beqz a3, 16              : IntAlu : 
1107000: system.cpu: T0 : 0x223c2    : c_jr ra                    : IntAlu : 
1107500: system.cpu: T0 : 0x1ae9e    : c_ldsp a4, 8(sp)           : MemRead :  D=0x2e2e000000000000 A=0x7ffffffffffffbd8
1108000: system.cpu: T0 : 0x1aea0    : ld a5, -1264(s1)           : MemRead :  D=0x2e2e000000000000 A=0x6eb10
1108500: system.cpu: T0 : 0x1aea4    : c_li a3, 1                 : IntAlu :  D=0x0000000000000001
1109500: system.cpu: T0 : 0x1aea6    : sw a3, -1876(gp)           : MemWrite :  D=0x0000000000000001 A=0x70904
1110500: system.cpu: T0 : 0x1aeaa    : bne a4, a5, 14             : IntAlu : 
1111000: system.cpu: T0 : 0x1aeae    : c_ldsp ra, 40(sp)          : MemRead :  D=0x000000000001dc7c A=0x7ffffffffffffbf8
1111500: system.cpu: T0 : 0x1aeb0    : c_ldsp s0, 32(sp)          : MemRead :  D=0x7ffffffffffffcf0 A=0x7ffffffffffffbf0
1112000: system.cpu: T0 : 0x1aeb2    : c_ldsp s1, 24(sp)          : MemRead :  D=0x7ffffffffffffc20 A=0x7ffffffffffffbe8
1112500: system.cpu: T0 : 0x1aeb4    : c_addi16sp sp, 48          : IntAlu :  D=0x7ffffffffffffc00
1113000: system.cpu: T0 : 0x1aeb6    : c_jr ra                    : IntAlu : 
1113500: system.cpu: T0 : 0x1dc7c    : c_ldsp a0, 8(sp)           : MemRead :  D=0x0000000000000024 A=0x7ffffffffffffc08
1114000: system.cpu: T0 : 0x1dc7e    : c_ldsp ra, 24(sp)          : MemRead :  D=0x000000000003db3a A=0x7ffffffffffffc18
1114500: system.cpu: T0 : 0x1dc80    : c_addi16sp sp, 32          : IntAlu :  D=0x7ffffffffffffc20
1115000: system.cpu: T0 : 0x1dc82    : c_j -540                   : IntAlu : 
1116000: system.cpu: T0 : 0x1da66    : ld t1, -1848(gp)           : MemRead :  D=0x0000000000000000 A=0x70920
1117000: system.cpu: T0 : 0x1da6a    : bne t1, zero, 260          : IntAlu : 
1117500: system.cpu: T0 : 0x1da6e    : c_addi sp, -32             : IntAlu :  D=0x7ffffffffffffc00
1118000: system.cpu: T0 : 0x1da70    : c_sdsp s0, 16(sp)          : MemWrite :  D=0x7ffffffffffffcf0 A=0x7ffffffffffffc10
1118500: system.cpu: T0 : 0x1da72    : c_sdsp ra, 24(sp)          : MemWrite :  D=0x000000000003db3a A=0x7ffffffffffffc18
1119000: system.cpu: T0 : 0x1da74    : c_sdsp s1, 8(sp)           : MemWrite :  D=0x7ffffffffffffc20 A=0x7ffffffffffffc08
1119500: system.cpu: T0 : 0x1da76    : c_sdsp s2, 0(sp)           : MemWrite :  D=0x0000000000000002 A=0x7ffffffffffffc00
1120000: system.cpu: T0 : 0x1da78    : c_mv s0, a0                : IntAlu :  D=0x0000000000000024
1121000: system.cpu: T0 : 0x1da7a    : blt a0, zero, 222          : IntAlu : 
1122000: system.cpu: T0 : 0x1da7e    : addi a5, a0, 23            : IntAlu :  D=0x000000000000003b
1122500: system.cpu: T0 : 0x1da82    : c_li a4, 31                : IntAlu :  D=0x000000000000001f
1123000: system.cpu: T0 : 0x1da84    : c_li s1, 0                 : IntAlu :  D=0x0000000000000000
1124000: system.cpu: T0 : 0x1da86    : bltu a4, a5, 94            : IntAlu : 
1124500: system.cpu: T0 : 0x1dae4    : c_andi a5, 18446744073709551600 : IntAlu :  D=0x0000000000000030
1125000: system.cpu: T0 : 0x1dae6    : c_addi a5, -17             : IntAlu :  D=0x000000000000001f
1125500: system.cpu: T0 : 0x1dae8    : srli s1, a5, 4             : IntAlu :  D=0x0000000000000001
1126000: system.cpu: T0 : 0x1daec    : c_j -98                    : IntAlu : 
1127000: system.cpu: T0 : 0x1da8a    : ld a4, 40(tp)              : MemRead :  D=0x0000000000000000 A=0x73738
1127500: system.cpu: T0 : 0x1da8e    : c_beqz a4, 96              : IntAlu : 
1128500: system.cpu: T0 : 0x1daee    : lbu a5, 48(tp)             : MemRead :  D=0x0000000000000000 A=0x73740
1129000: system.cpu: T0 : 0x1daf2    : c_bnez a5, -86             : IntAlu : 
1129500: system.cpu: T0 : 0x1daf4    : jal ra, -2478              : IntAlu :  D=0x000000000001daf8
1130000: system.cpu: T0 : 0x1d146    : c_addi sp, -32             : IntAlu :  D=0x7ffffffffffffbe0
1130500: system.cpu: T0 : 0x1d148    : c_sdsp s0, 16(sp)          : MemWrite :  D=0x0000000000000024 A=0x7ffffffffffffbf0
1131500: system.cpu: T0 : 0x1d14a    : ld s0, 56(tp)              : MemRead :  D=0x000000000006f5c8 A=0x73748
1132000: system.cpu: T0 : 0x1d14e    : c_sdsp ra, 24(sp)          : MemWrite :  D=0x000000000001daf8 A=0x7ffffffffffffbf8
1132500: system.cpu: T0 : 0x1d150    : c_sdsp s1, 8(sp)           : MemWrite :  D=0x0000000000000001 A=0x7ffffffffffffbe8
1133000: system.cpu: T0 : 0x1d152    : c_beqz s0, 78              : IntAlu : 
1133500: system.cpu: T0 : 0x1d154    : c_mv s1, s0                : IntAlu :  D=0x000000000006f5c8
1134000: system.cpu: T0 : 0x1d156    : c_li a4, 1                 : IntAlu :  D=0x0000000000000001
1134500: system.cpu: T0 : 0x1d158    : lr_w a5, (s0)             
1134500: system.cpu: T0 : 0x1d158. 0 : lr_w a5, (s0)              : MemRead :  D=0x0000000000000000 A=0x6f5c8
1135000: system.cpu: T0 : 0x1d15c    : c_bnez a5, 8               : IntAlu : 
1136000: system.cpu: T0 : 0x1d15e    : sc_w_aq a3, a4, (s0)      
1136000: system.cpu: T0 : 0x1d15e. 0 : sc_w a3, a4, (s0)          : MemWrite :  D=0x0000000000000000 A=0x6f5c8
1136500: system.cpu: T0 : 0x1d15e. 1 : 0x1ce426af fence           : No_OpClass : 
1137000: system.cpu: T0 : 0x1d162    : c_bnez a3, -10             : IntAlu : 
1137500: system.cpu: T0 : 0x1d164    : c_addiw a5, 0              : IntAlu :  D=0x0000000000000000
1138000: system.cpu: T0 : 0x1d166    : c_bnez a5, 162             : IntAlu : 
1138500: system.cpu: T0 : 0x1d168    : addi a1, zero, 640         : IntAlu :  D=0x0000000000000280
1139000: system.cpu: T0 : 0x1d16c    : c_mv a0, s0                : IntAlu :  D=0x000000000006f5c8
1140000: system.cpu: T0 : 0x1d16e    : jal ra, -2862              : IntAlu :  D=0x000000000001d172
1140500: system.cpu: T0 : 0x1c640    : c_addi16sp sp, -256        : IntAlu :  D=0x7ffffffffffffae0
1141000: system.cpu: T0 : 0x1c642    : c_sdsp ra, 248(sp)         : MemWrite :  D=0x000000000001d172 A=0x7ffffffffffffbd8
1141500: system.cpu: T0 : 0x1c644    : c_sdsp s0, 240(sp)         : MemWrite :  D=0x000000000006f5c8 A=0x7ffffffffffffbd0
1142000: system.cpu: T0 : 0x1c646    : c_sdsp s1, 232(sp)         : MemWrite :  D=0x000000000006f5c8 A=0x7ffffffffffffbc8
1142500: system.cpu: T0 : 0x1c648    : c_sdsp s2, 224(sp)         : MemWrite :  D=0x0000000000000002 A=0x7ffffffffffffbc0
1143000: system.cpu: T0 : 0x1c64a    : c_sdsp s3, 216(sp)         : MemWrite :  D=0x0000000000000000 A=0x7ffffffffffffbb8
1143500: system.cpu: T0 : 0x1c64c    : c_sdsp s4, 208(sp)         : MemWrite :  D=0x0000000000000000 A=0x7ffffffffffffbb0
1144000: system.cpu: T0 : 0x1c64e    : c_sdsp s5, 200(sp)         : MemWrite :  D=0x0000000000000000 A=0x7ffffffffffffba8
1144500: system.cpu: T0 : 0x1c650    : c_sdsp s6, 192(sp)         : MemWrite :  D=0x0000000000072000 A=0x7ffffffffffffba0
1145000: system.cpu: T0 : 0x1c652    : c_sdsp s7, 184(sp)         : MemWrite :  D=0x0000000000000000 A=0x7ffffffffffffb98
1145500: system.cpu: T0 : 0x1c654    : c_sdsp s8, 176(sp)         : MemWrite :  D=0x0000000000000000 A=0x7ffffffffffffb90
1146000: system.cpu: T0 : 0x1c656    : c_sdsp s9, 168(sp)         : MemWrite :  D=0x0000000000000003 A=0x7ffffffffffffb88
1146500: system.cpu: T0 : 0x1c658    : c_sdsp s10, 160(sp)        : MemWrite :  D=0x0000000000000000 A=0x7ffffffffffffb80
1147000: system.cpu: T0 : 0x1c65a    : c_sdsp s11, 152(sp)        : MemWrite :  D=0x0000000000000000 A=0x7ffffffffffffb78
1147500: system.cpu: T0 : 0x1c65c    : blt a1, zero, 1198         : IntAlu : 
1148000: system.cpu: T0 : 0x1c660    : addi s0, a1, 23            : IntAlu :  D=0x0000000000000297
1148500: system.cpu: T0 : 0x1c664    : c_li a5, 31                : IntAlu :  D=0x000000000000001f
1149000: system.cpu: T0 : 0x1c666    : c_mv s3, a1                : IntAlu :  D=0x0000000000000280
1149500: system.cpu: T0 : 0x1c668    : c_mv s1, a0                : IntAlu :  D=0x000000000006f5c8
1150500: system.cpu: T0 : 0x1c66a    : bltu a5, s0, 220           : IntAlu : 
1151000: system.cpu: T0 : 0x1c746    : c_andi s0, 18446744073709551600 : IntAlu :  D=0x0000000000000290
1151500: system.cpu: T0 : 0x1c748    : beq a0, zero, 988          : IntAlu : 
1152000: system.cpu: T0 : 0x1c74c    : ld a4, -1376(gp)           : MemRead :  D=0x0000000000000080 A=0x70af8
1152500: system.cpu: T0 : 0x1c750    : srliw s9, s0, 4            : IntAlu :  D=0x0000000000000029
1153000: system.cpu: T0 : 0x1c754    : srliw a5, s0, 4            : IntAlu :  D=0x0000000000000029
1153500: system.cpu: T0 : 0x1c758    : bgeu a4, s0, 506           : IntAlu : 
1154000: system.cpu: T0 : 0x1c75c    : addi a4, zero, 1023        : IntAlu :  D=0x00000000000003ff
1154500: system.cpu: T0 : 0x1c760    : bgeu a4, s0, 1722          : IntAlu : 
1155000: system.cpu: T0 : 0x1ce1a    : c_addiw a5, -1             : IntAlu :  D=0x0000000000000028
1155500: system.cpu: T0 : 0x1ce1c    : c_j -1406                  : IntAlu : 
1156500: system.cpu: T0 : 0x1c89e    : slliw a5, a5, 1            : IntAlu :  D=0x0000000000000050
1157000: system.cpu: T0 : 0x1c8a2    : c_slli a5, 32              : IntAlu :  D=0x0000005000000000
1157500: system.cpu: T0 : 0x1c8a4    : c_srli a5, 32              : IntAlu :  D=0x0000000000000050
1158000: system.cpu: T0 : 0x1c8a6    : c_addi a5, 14              : IntAlu :  D=0x000000000000005e
1158500: system.cpu: T0 : 0x1c8a8    : c_slli a5, 3               : IntAlu :  D=0x00000000000002f0
1159000: system.cpu: T0 : 0x1c8aa    : c_j -550                   : IntAlu : 
1159500: system.cpu: T0 : 0x1c684    : c_add a5, s1               : IntAlu :  D=0x000000000006f8b8
1160500: system.cpu: T0 : 0x1c686    : ld s2, 8(a5)               : MemRead :  D=0x000000000006f8a8 A=0x6f8c0
1161500: system.cpu: T0 : 0x1c68a    : addi a3, a5, -16           : IntAlu :  D=0x000000000006f8a8
1162500: system.cpu: T0 : 0x1c68e    : beq a3, s2, 748            : IntAlu : 
1163500: system.cpu: T0 : 0x1c97a    : srli t1, s0, 9             : IntAlu :  D=0x0000000000000001
1164500: system.cpu: T0 : 0x1c97e    : addiw a5, t1, 91           : IntAlu :  D=0x000000000000005c
1165500: system.cpu: T0 : 0x1c982    : srli s10, s0, 6            : IntAlu :  D=0x000000000000000a
1166000: system.cpu: T0 : 0x1c986    : c_sdsp a5, 96(sp)          : MemWrite :  D=0x000000000000005c A=0x7ffffffffffffb40
1166500: system.cpu: T0 : 0x1c988    : addiw a5, s10, 48          : IntAlu :  D=0x000000000000003a
1167000: system.cpu: T0 : 0x1c98c    : c_sdsp a5, 88(sp)          : MemWrite :  D=0x000000000000003a A=0x7ffffffffffffb38
1168000: system.cpu: T0 : 0x1c98e    : addi a5, zero, 110         : IntAlu :  D=0x000000000000006e
1168500: system.cpu: T0 : 0x1c992    : c_sdsp a5, 112(sp)         : MemWrite :  D=0x000000000000006e A=0x7ffffffffffffb50
1169000: system.cpu: T0 : 0x1c994    : addi a5, zero, 119         : IntAlu :  D=0x0000000000000077
1169500: system.cpu: T0 : 0x1c998    : c_sdsp a5, 104(sp)         : MemWrite :  D=0x0000000000000077 A=0x7ffffffffffffb48
1170500: system.cpu: T0 : 0x1c99a    : addi a5, zero, 124         : IntAlu :  D=0x000000000000007c
1171000: system.cpu: T0 : 0x1c99e    : c_sdsp s9, 8(sp)           : MemWrite :  D=0x0000000000000029 A=0x7ffffffffffffae8
1171500: system.cpu: T0 : 0x1c9a0    : c_sdsp a5, 120(sp)         : MemWrite :  D=0x000000000000007c A=0x7ffffffffffffb58
1172000: system.cpu: T0 : 0x1c9a2    : c_sdsp zero, 128(sp)       : MemWrite :  D=0x0000000000000000 A=0x7ffffffffffffb60
1172500: system.cpu: T0 : 0x1c9a4    : c_sdsp zero, 136(sp)       : MemWrite :  D=0x0000000000000000 A=0x7ffffffffffffb68
1173500: system.cpu: T0 : 0x1c9a6    : ld a5, 40(tp)              : MemRead :  D=0x0000000000000000 A=0x73738
1174500: system.cpu: T0 : 0x1c9aa    : addi s6, s0, -17           : IntAlu :  D=0x000000000000027f
1175500: system.cpu: T0 : 0x1c9ae    : srli s6, s6, 4             : IntAlu :  D=0x0000000000000027
1176000: system.cpu: T0 : 0x1c9b2    : c_li s5, 0                 : IntAlu :  D=0x0000000000000000
1176500: system.cpu: T0 : 0x1c9b4    : c_beqz a5, 22              : IntAlu : 
1177500: system.cpu: T0 : 0x1c9ca    : lui a5, 111                : IntAlu :  D=0x000000000006f000
1178000: system.cpu: T0 : 0x1c9ce    : c_lui s11, 1               : IntAlu :  D=0x0000000000001000
1178500: system.cpu: T0 : 0x1c9d0    : lui s7, 111                : IntAlu :  D=0x000000000006f000
1179000: system.cpu: T0 : 0x1c9d4    : addi a5, a5, 1480          : IntAlu :  D=0x000000000006f5c8
1179500: system.cpu: T0 : 0x1c9d8    : addi s8, s1, 96            : IntAlu :  D=0x000000000006f628
1180000: system.cpu: T0 : 0x1c9dc    : c_li t5, 0                 : IntAlu :  D=0x0000000000000000
1181000: system.cpu: T0 : 0x1c9de    : addi s7, s7, 1368          : IntAlu :  D=0x000000000006f558
1182000: system.cpu: T0 : 0x1c9e2    : add a7, s1, s11            : IntAlu :  D=0x00000000000705c8
1182500: system.cpu: T0 : 0x1c9e6    : c_sdsp a5, 56(sp)          : MemWrite :  D=0x000000000006f5c8 A=0x7ffffffffffffb18
1183000: system.cpu: T0 : 0x1c9e8    : c_ld a5, 120(s1)           : MemRead :  D=0x000000000006f628 A=0x6f640
1184000: system.cpu: T0 : 0x1c9ea    : beq a5, s8, 532            : IntAlu : 
1185000: system.cpu: T0 : 0x1cbfe    : addi a5, zero, 1023        : IntAlu :  D=0x00000000000003ff
1186000: system.cpu: T0 : 0x1cc02    : bgeu a5, s0, 38            : IntAlu : 
1186500: system.cpu: T0 : 0x1cc28    : c_ldsp a3, 8(sp)           : MemRead :  D=0x0000000000000029 A=0x7ffffffffffffae8
1187000: system.cpu: T0 : 0x1cc2a    : c_li a0, 4                 : IntAlu :  D=0x0000000000000004
1187500: system.cpu: T0 : 0x1cc2c    : addiw a5, a3, 1            : IntAlu :  D=0x000000000000002a
1188000: system.cpu: T0 : 0x1cc30    : srliw a4, a5, 5            : IntAlu :  D=0x0000000000000001
1188500: system.cpu: T0 : 0x1cc34    : slliw a3, a3, 1            : IntAlu :  D=0x0000000000000052
1189000: system.cpu: T0 : 0x1cc38    : addi a4, a4, 536           : IntAlu :  D=0x0000000000000219
1189500: system.cpu: T0 : 0x1cc3c    : c_slli a3, 32              : IntAlu :  D=0x0000005200000000
1190000: system.cpu: T0 : 0x1cc3e    : c_slli a4, 2               : IntAlu :  D=0x0000000000000864
1190500: system.cpu: T0 : 0x1cc40    : c_srli a3, 32              : IntAlu :  D=0x0000000000000052
1191000: system.cpu: T0 : 0x1cc42    : c_add a4, s1               : IntAlu :  D=0x000000000006fe2c
1191500: system.cpu: T0 : 0x1cc44    : c_slli a3, 3               : IntAlu :  D=0x0000000000000290
1192000: system.cpu: T0 : 0x1cc46    : c_lw a2, 0(a4)             : MemRead :  D=0x0000000000000000 A=0x6fe2c
1192500: system.cpu: T0 : 0x1cc48    : addi a3, a3, 96            : IntAlu :  D=0x00000000000002f0
1193000: system.cpu: T0 : 0x1cc4c    : c_li a4, 1                 : IntAlu :  D=0x0000000000000001
1194000: system.cpu: T0 : 0x1cc4e    : srliw s2, a5, 5            : IntAlu :  D=0x0000000000000001
1194500: system.cpu: T0 : 0x1cc52    : c_add a3, s1               : IntAlu :  D=0x000000000006f8b8
1195000: system.cpu: T0 : 0x1cc54    : sllw a5, a4, a5            : IntAlu :  D=0x0000000000000400
1195500: system.cpu: T0 : 0x1cc58    : bltu a2, a5, 144           : IntAlu : 
1196000: system.cpu: T0 : 0x1cce8    : addiw a5, s2, 1            : IntAlu :  D=0x0000000000000002
1196500: system.cpu: T0 : 0x1ccec    : addiw s2, a5, 0            : IntAlu :  D=0x0000000000000002
1197000: system.cpu: T0 : 0x1ccf0    : bne s2, a0, -26            : IntAlu : 
1197500: system.cpu: T0 : 0x1ccd6    : c_slli a5, 32              : IntAlu :  D=0x0000000200000000
1198000: system.cpu: T0 : 0x1ccd8    : c_srli a5, 32              : IntAlu :  D=0x0000000000000002
1199000: system.cpu: T0 : 0x1ccda    : addi a5, a5, 536           : IntAlu :  D=0x000000000000021a
1199500: system.cpu: T0 : 0x1ccde    : c_slli a5, 2               : IntAlu :  D=0x0000000000000868
1200000: system.cpu: T0 : 0x1cce0    : c_add a5, s1               : IntAlu :  D=0x000000000006fe30
1200500: system.cpu: T0 : 0x1cce2    : c_lw a2, 0(a5)             : MemRead :  D=0x0000000000000000 A=0x6fe30
1201000: system.cpu: T0 : 0x1cce4    : bne a2, zero, 384          : IntAlu : 
1201500: system.cpu: T0 : 0x1cce8    : addiw a5, s2, 1            : IntAlu :  D=0x0000000000000003
1202000: system.cpu: T0 : 0x1ccec    : addiw s2, a5, 0            : IntAlu :  D=0x0000000000000003
1202500: system.cpu: T0 : 0x1ccf0    : bne s2, a0, -26            : IntAlu : 
1203000: system.cpu: T0 : 0x1ccd6    : c_slli a5, 32              : IntAlu :  D=0x0000000300000000
1203500: system.cpu: T0 : 0x1ccd8    : c_srli a5, 32              : IntAlu :  D=0x0000000000000003
1204500: system.cpu: T0 : 0x1ccda    : addi a5, a5, 536           : IntAlu :  D=0x000000000000021b
1205000: system.cpu: T0 : 0x1ccde    : c_slli a5, 2               : IntAlu :  D=0x000000000000086c
1205500: system.cpu: T0 : 0x1cce0    : c_add a5, s1               : IntAlu :  D=0x000000000006fe34
1206000: system.cpu: T0 : 0x1cce2    : c_lw a2, 0(a5)             : MemRead :  D=0x0000000000000000 A=0x6fe34
1206500: system.cpu: T0 : 0x1cce4    : bne a2, zero, 384          : IntAlu : 
1207000: system.cpu: T0 : 0x1cce8    : addiw a5, s2, 1            : IntAlu :  D=0x0000000000000004
1207500: system.cpu: T0 : 0x1ccec    : addiw s2, a5, 0            : IntAlu :  D=0x0000000000000004
1208000: system.cpu: T0 : 0x1ccf0    : bne s2, a0, -26            : IntAlu : 
1208500: system.cpu: T0 : 0x1ccf4    : c_ld a4, 96(s1)            : MemRead :  D=0x000000000006f628 A=0x6f628
1209500: system.cpu: T0 : 0x1ccf6    : ld a3, -1912(a7)           : MemRead :  D=0x0000000000000000 A=0x6fe50
1210000: system.cpu: T0 : 0x1ccfa    : c_ld a5, 8(a4)             : MemRead :  D=0x0000000000000000 A=0x6f630
1210500: system.cpu: T0 : 0x1ccfc    : c_andi a5, 18446744073709551608 : IntAlu :  D=0x0000000000000000
1211500: system.cpu: T0 : 0x1ccfe    : bltu a3, a5, 548           : IntAlu : 
1212500: system.cpu: T0 : 0x1cd02    : addi a3, s0, 32            : IntAlu :  D=0x00000000000002b0
1213500: system.cpu: T0 : 0x1cd06    : bgeu a5, a3, 640           : IntAlu : 
1214000: system.cpu: T0 : 0x1cd0a    : c_sdsp a7, 32(sp)          : MemWrite :  D=0x00000000000705c8 A=0x7ffffffffffffb00
1214500: system.cpu: T0 : 0x1cd0c    : c_sdsp t1, 24(sp)          : MemWrite :  D=0x0000000000000001 A=0x7ffffffffffffaf8
1215000: system.cpu: T0 : 0x1cd0e    : c_sdsp t5, 16(sp)          : MemWrite :  D=0x0000000000000000 A=0x7ffffffffffffaf0
1215500: system.cpu: T0 : 0x1cd10    : c_lw a5, 8(s1)             : MemRead :  D=0x0000000000000000 A=0x6f5d0
1216000: system.cpu: T0 : 0x1cd12    : c_addiw a5, 0              : IntAlu :  D=0x0000000000000000
1216500: system.cpu: T0 : 0x1cd14    : c_beqz a5, 180             : IntAlu : 
1217000: system.cpu: T0 : 0x1cdc8    : c_mv a1, s1                : IntAlu :  D=0x000000000006f5c8
1217500: system.cpu: T0 : 0x1cdca    : c_mv a0, s0                : IntAlu :  D=0x0000000000000290
1218000: system.cpu: T0 : 0x1cdcc    : jal ra, -3372              : IntAlu :  D=0x000000000001cdd0
1218500: system.cpu: T0 : 0x1c0a0    : c_addi16sp sp, -160        : IntAlu :  D=0x7ffffffffffffa40
1219000: system.cpu: T0 : 0x1c0a2    : c_sdsp s1, 136(sp)         : MemWrite :  D=0x000000000006f5c8 A=0x7ffffffffffffac8
1219500: system.cpu: T0 : 0x1c0a4    : c_sdsp s2, 128(sp)         : MemWrite :  D=0x0000000000000004 A=0x7ffffffffffffac0
1220000: system.cpu: T0 : 0x1c0a6    : c_sdsp s10, 64(sp)         : MemWrite :  D=0x000000000000000a A=0x7ffffffffffffa80
1220500: system.cpu: T0 : 0x1c0a8    : c_sdsp ra, 152(sp)         : MemWrite :  D=0x000000000001cdd0 A=0x7ffffffffffffad8
1221000: system.cpu: T0 : 0x1c0aa    : c_sdsp s0, 144(sp)         : MemWrite :  D=0x0000000000000290 A=0x7ffffffffffffad0
1221500: system.cpu: T0 : 0x1c0ac    : c_sdsp s3, 120(sp)         : MemWrite :  D=0x0000000000000280 A=0x7ffffffffffffab8
1222000: system.cpu: T0 : 0x1c0ae    : c_sdsp s4, 112(sp)         : MemWrite :  D=0x0000000000000000 A=0x7ffffffffffffab0
1222500: system.cpu: T0 : 0x1c0b0    : c_sdsp s5, 104(sp)         : MemWrite :  D=0x0000000000000000 A=0x7ffffffffffffaa8
1223000: system.cpu: T0 : 0x1c0b2    : c_sdsp s6, 96(sp)          : MemWrite :  D=0x0000000000000027 A=0x7ffffffffffffaa0
1223500: system.cpu: T0 : 0x1c0b4    : c_sdsp s7, 88(sp)          : MemWrite :  D=0x000000000006f558 A=0x7ffffffffffffa98
1224000: system.cpu: T0 : 0x1c0b6    : c_sdsp s8, 80(sp)          : MemWrite :  D=0x000000000006f628 A=0x7ffffffffffffa90
1224500: system.cpu: T0 : 0x1c0b8    : c_sdsp s9, 72(sp)          : MemWrite :  D=0x0000000000000029 A=0x7ffffffffffffa88
1225000: system.cpu: T0 : 0x1c0ba    : c_sdsp s11, 56(sp)         : MemWrite :  D=0x0000000000001000 A=0x7ffffffffffffa78
1225500: system.cpu: T0 : 0x1c0bc    : ld s2, -1784(gp)           : MemRead :  D=0x0000000000001000 A=0x70960
1226000: system.cpu: T0 : 0x1c0c0    : c_mv s1, a0                : IntAlu :  D=0x0000000000000290
1227000: system.cpu: T0 : 0x1c0c2    : beq a1, zero, 534          : IntAlu : 
1228000: system.cpu: T0 : 0x1c0c6    : lui s11, 111               : IntAlu :  D=0x000000000006f000
1229000: system.cpu: T0 : 0x1c0ca    : addi s11, s11, 1368        : IntAlu :  D=0x000000000006f558
1230000: system.cpu: T0 : 0x1c0ce    : ld a5, 16(s11)             : MemRead :  D=0x0000000000020000 A=0x6f568
1230500: system.cpu: T0 : 0x1c0d2    : c_mv s0, a1                : IntAlu :  D=0x000000000006f5c8
1231000: system.cpu: T0 : 0x1c0d4    : bgeu a0, a5, 276           : IntAlu : 
1231500: system.cpu: T0 : 0x1c0d8    : c_sdsp zero, 8(sp)         : MemWrite :  D=0x0000000000000000 A=0x7ffffffffffffa48
1232500: system.cpu: T0 : 0x1c0da    : addi s5, s2, 7             : IntAlu :  D=0x0000000000001007
1233500: system.cpu: T0 : 0x1c0de    : add a5, s5, s1             : IntAlu :  D=0x0000000000001297
1234500: system.cpu: T0 : 0x1c0e2    : lui s6, 111                : IntAlu :  D=0x000000000006f000
1235500: system.cpu: T0 : 0x1c0e6    : sub s5, zero, s2           : IntAlu :  D=0xfffffffffffff000
1236500: system.cpu: T0 : 0x1c0ea    : addi a7, s0, 96            : IntAlu :  D=0x000000000006f628
1237500: system.cpu: T0 : 0x1c0ee    : addi t1, s2, -1            : IntAlu :  D=0x0000000000000fff
1238500: system.cpu: T0 : 0x1c0f2    : addi s8, s1, 32            : IntAlu :  D=0x00000000000002b0
1239500: system.cpu: T0 : 0x1c0f6    : addi s7, s6, 1480          : IntAlu :  D=0x000000000006f5c8
1240500: system.cpu: T0 : 0x1c0fa    : and s5, a5, s5             : IntAlu :  D=0x0000000000001000
1241500: system.cpu: T0 : 0x1c0fe    : ld s4, 96(s0)              : MemRead :  D=0x000000000006f628 A=0x6f628
1242500: system.cpu: T0 : 0x1c102    : ld a5, 8(s4)               : MemRead :  D=0x0000000000000000 A=0x6f630
1243500: system.cpu: T0 : 0x1c106    : andi s3, a5, 18446744073709551608 : IntAlu :  D=0x0000000000000000
1244500: system.cpu: T0 : 0x1c10a    : add s9, s4, s3             : IntAlu :  D=0x000000000006f628
1245500: system.cpu: T0 : 0x1c10e    : beq s4, a7, 506            : IntAlu : 
1246000: system.cpu: T0 : 0x1c308    : beq s3, zero, -482         : IntAlu : 
1247000: system.cpu: T0 : 0x1c126    : bgeu s3, s8, 1112          : IntAlu : 
1248000: system.cpu: T0 : 0x1c12a    : beq s0, s7, 484            : IntAlu : 
1249000: system.cpu: T0 : 0x1c30e    : ld s5, 8(s11)              : MemRead :  D=0x0000000000020000 A=0x6f560
1249500: system.cpu: T0 : 0x1c312    : c_lw a5, 4(s0)             : MemRead :  D=0x0000000000000000 A=0x6f5cc
1250000: system.cpu: T0 : 0x1c314    : addi s10, s2, -1           : IntAlu :  D=0x0000000000000fff
1250500: system.cpu: T0 : 0x1c318    : addi s5, s5, 32            : IntAlu :  D=0x0000000000020020
1251000: system.cpu: T0 : 0x1c31c    : c_add s5, s10              : IntAlu :  D=0x000000000002101f
1251500: system.cpu: T0 : 0x1c31e    : c_andi a5, 2               : IntAlu :  D=0x0000000000000000
1252000: system.cpu: T0 : 0x1c320    : c_add s5, s1               : IntAlu :  D=0x00000000000212af
1253000: system.cpu: T0 : 0x1c322    : sub a6, zero, s2           : IntAlu :  D=0xfffffffffffff000
1253500: system.cpu: T0 : 0x1c326    : c_beqz a5, 158             : IntAlu : 
1254000: system.cpu: T0 : 0x1c3c4    : sub s5, s5, s3             : IntAlu :  D=0x00000000000212af
1254500: system.cpu: T0 : 0x1c3c8    : and s5, s5, a6             : IntAlu :  D=0x0000000000021000
1255000: system.cpu: T0 : 0x1c3cc    : blt zero, s5, -156         : IntAlu : 
1255500: system.cpu: T0 : 0x1c330    : ld a5, -1840(gp)           : MemRead :  D=0x000000000001ec5a A=0x70928
1256000: system.cpu: T0 : 0x1c334    : c_mv a0, s5                : IntAlu :  D=0x0000000000021000
1256500: system.cpu: T0 : 0x1c336    : c_sdsp a6, 8(sp)           : MemWrite :  D=0xfffffffffffff000 A=0x7ffffffffffffa48
1257000: system.cpu: T0 : 0x1c338    : c_jalr a5                  : IntAlu :  D=0x000000000001c33a
1257500: system.cpu: T0 : 0x1ec5a    : c_addi sp, -16             : IntAlu :  D=0x7ffffffffffffa30
1258000: system.cpu: T0 : 0x1ec5c    : c_sdsp ra, 8(sp)           : MemWrite :  D=0x000000000001c33a A=0x7ffffffffffffa38
1259000: system.cpu: T0 : 0x1ec5e    : jal ra, 9318               : IntAlu :  D=0x000000000001ec62
1259500: system.cpu: T0 : 0x210c4    : c_addi sp, -32             : IntAlu :  D=0x7ffffffffffffa10
1260000: system.cpu: T0 : 0x210c6    : c_sdsp s2, 0(sp)           : MemWrite :  D=0x0000000000001000 A=0x7ffffffffffffa10
1260500: system.cpu: T0 : 0x210c8    : c_sdsp s1, 8(sp)           : MemWrite :  D=0x0000000000000290 A=0x7ffffffffffffa18
1261500: system.cpu: T0 : 0x210ca    : ld s1, -1200(gp)           : MemRead :  D=0x0000000000073f80 A=0x70ba8
1262000: system.cpu: T0 : 0x210ce    : c_sdsp s0, 16(sp)          : MemWrite :  D=0x000000000006f5c8 A=0x7ffffffffffffa20
1262500: system.cpu: T0 : 0x210d0    : c_sdsp ra, 24(sp)          : MemWrite :  D=0x000000000001ec62 A=0x7ffffffffffffa28
1263000: system.cpu: T0 : 0x210d2    : c_mv s0, a0                : IntAlu :  D=0x0000000000021000
1263500: system.cpu: T0 : 0x210d4    : c_beqz s1, 46              : IntAlu : 
1264500: system.cpu: T0 : 0x210d6    : lw a5, -1728(gp)           : MemRead :  D=0x0000000000000000 A=0x70998
1265000: system.cpu: T0 : 0x210da    : c_bnez a5, 40              : IntAlu : 
1265500: system.cpu: T0 : 0x210dc    : c_beqz s0, 24              : IntAlu : 
1266500: system.cpu: T0 : 0x210de    : bge zero, s0, 52           : IntAlu : 
1267500: system.cpu: T0 : 0x210e2    : add a5, s0, s1             : IntAlu :  D=0x0000000000094f80
1268500: system.cpu: T0 : 0x210e6    : sltu a5, a5, s1            : IntAlu :  D=0x0000000000000000
1269000: system.cpu: T0 : 0x210ea    : c_beqz a5, 50              : IntAlu : 
1269500: system.cpu: T0 : 0x2111c    : add a0, s1, s0             : IntAlu :  D=0x0000000000094f80
1270000: system.cpu: T0 : 0x21120    : jal ra, 98390              : IntAlu :  D=0x0000000000021124
1270500: system.cpu: T0 : 0x39176    : c_mv a5, a0                : IntAlu :  D=0x0000000000094f80
1271000: system.cpu: T0 : 0x39178    : addi a7, zero, 214         : IntAlu :  D=0x00000000000000d6
1271500: system.cpu: T0 : 0x3917c    : ecall                      : No_OpClass : 
1272000: system.cpu: T0 : 0x39180    : sd a0, -1200(gp)           : MemWrite :  D=0x0000000000094f80 A=0x70ba8
1272500: system.cpu: T0 : 0x39184    : bltu a0, a5, 8             : IntAlu : 
1273000: system.cpu: T0 : 0x39188    : c_li a0, 0                 : IntAlu :  D=0x0000000000000000
1273500: system.cpu: T0 : 0x3918a    : c_jr ra                    : IntAlu : 
1274000: system.cpu: T0 : 0x21124    : blt a0, zero, -50          : IntAlu : 
1274500: system.cpu: T0 : 0x21128    : c_ldsp ra, 24(sp)          : MemRead :  D=0x000000000001ec62 A=0x7ffffffffffffa28
1275000: system.cpu: T0 : 0x2112a    : c_ldsp s0, 16(sp)          : MemRead :  D=0x000000000006f5c8 A=0x7ffffffffffffa20
1275500: system.cpu: T0 : 0x2112c    : c_ldsp s2, 0(sp)           : MemRead :  D=0x0000000000001000 A=0x7ffffffffffffa10
1276000: system.cpu: T0 : 0x2112e    : c_mv a0, s1                : IntAlu :  D=0x0000000000073f80
1276500: system.cpu: T0 : 0x21130    : c_ldsp s1, 8(sp)           : MemRead :  D=0x0000000000000290 A=0x7ffffffffffffa18
1277000: system.cpu: T0 : 0x21132    : c_addi16sp sp, 32          : IntAlu :  D=0x7ffffffffffffa30
1277500: system.cpu: T0 : 0x21134    : c_jr ra                    : IntAlu : 
1278000: system.cpu: T0 : 0x1ec62    : c_li a5, -1                : IntAlu :  D=0xffffffffffffffff
1278500: system.cpu: T0 : 0x1ec64    : beq a0, a5, 10             : IntAlu : 
1279000: system.cpu: T0 : 0x1ec68    : c_ldsp ra, 8(sp)           : MemRead :  D=0x000000000001c33a A=0x7ffffffffffffa38
1279500: system.cpu: T0 : 0x1ec6a    : c_addi sp, 16              : IntAlu :  D=0x7ffffffffffffa40
1280000: system.cpu: T0 : 0x1ec6c    : c_jr ra                    : IntAlu : 
1280500: system.cpu: T0 : 0x1c33a    : c_ldsp a6, 8(sp)           : MemRead :  D=0xfffffffffffff000 A=0x7ffffffffffffa48
1281000: system.cpu: T0 : 0x1c33c    : c_mv s2, a0                : IntAlu :  D=0x0000000000073f80
1282000: system.cpu: T0 : 0x1c33e    : beq a0, zero, 502          : IntAlu : 
1283000: system.cpu: T0 : 0x1c342    : ld a5, -1392(gp)           : MemRead :  D=0x0000000000000000 A=0x70ae8
1283500: system.cpu: T0 : 0x1c346    : c_li a4, 0                 : IntAlu :  D=0x0000000000000000
1284000: system.cpu: T0 : 0x1c348    : bne a5, zero, 538          : IntAlu : 
1284500: system.cpu: T0 : 0x1c34c    : ld a5, 72(s11)             : MemRead :  D=0x0000000000000000 A=0x6f5a0
1285000: system.cpu: T0 : 0x1c350    : beq a5, zero, 380          : IntAlu : 
1285500: system.cpu: T0 : 0x1c4cc    : sd s2, 72(s11)             : MemWrite :  D=0x0000000000073f80 A=0x6f5a0
1286000: system.cpu: T0 : 0x1c4d0    : c_j -380                   : IntAlu : 
1286500: system.cpu: T0 : 0x1c354    : c_lui s11, 1               : IntAlu :  D=0x0000000000001000
1287000: system.cpu: T0 : 0x1c356    : c_add s11, s7              : IntAlu :  D=0x00000000000705c8
1287500: system.cpu: T0 : 0x1c358    : ld a5, -1912(s11)          : MemRead :  D=0x0000000000000000 A=0x6fe50
1288000: system.cpu: T0 : 0x1c35c    : c_add a5, s5               : IntAlu :  D=0x0000000000021000
1289000: system.cpu: T0 : 0x1c35e    : sd a5, -1912(s11)          : MemWrite :  D=0x0000000000021000 A=0x6fe50
1290000: system.cpu: T0 : 0x1c362    : beq s9, s2, 342            : IntAlu : 
1291000: system.cpu: T0 : 0x1c366    : lw a3, 4(s7)               : MemRead :  D=0x0000000000000000 A=0x6f5cc
1291500: system.cpu: T0 : 0x1c36a    : c_andi a3, 2               : IntAlu :  D=0x0000000000000000
1292000: system.cpu: T0 : 0x1c36c    : bne a3, zero, 242          : IntAlu : 
1292500: system.cpu: T0 : 0x1c370    : beq s3, zero, 18           : IntAlu : 
1293500: system.cpu: T0 : 0x1c382    : andi a5, s2, 15            : IntAlu :  D=0x0000000000000000
1294500: system.cpu: T0 : 0x1c386    : bne a5, zero, 332          : IntAlu : 
1295000: system.cpu: T0 : 0x1c38a    : c_mv a4, s3                : IntAlu :  D=0x0000000000000000
1295500: system.cpu: T0 : 0x1c38c    : c_mv s9, s2                : IntAlu :  D=0x0000000000073f80
1296000: system.cpu: T0 : 0x1c38e    : c_add s5, a4               : IntAlu :  D=0x0000000000021000
1296500: system.cpu: T0 : 0x1c390    : add a0, s2, s5             : IntAlu :  D=0x0000000000094f80
1297000: system.cpu: T0 : 0x1c394    : c_add s10, a0              : IntAlu :  D=0x0000000000095f7f
1298000: system.cpu: T0 : 0x1c396    : and a6, s10, a6            : IntAlu :  D=0x0000000000095000
1298500: system.cpu: T0 : 0x1c39a    : c_sub a4, a0               : IntAlu :  D=0xfffffffffff6b080
1299000: system.cpu: T0 : 0x1c39c    : add s5, a6, a4             : IntAlu :  D=0x0000000000000080
1299500: system.cpu: T0 : 0x1c3a0    : blt s5, zero, 626          : IntAlu : 
1300000: system.cpu: T0 : 0x1c3a4    : ld a5, -1840(gp)           : MemRead :  D=0x000000000001ec5a A=0x70928
1300500: system.cpu: T0 : 0x1c3a8    : c_mv a0, s5                : IntAlu :  D=0x0000000000000080
1301000: system.cpu: T0 : 0x1c3aa    : c_jalr a5                  : IntAlu :  D=0x000000000001c3ac
1301500: system.cpu: T0 : 0x1ec5a    : c_addi sp, -16             : IntAlu :  D=0x7ffffffffffffa30
1302000: system.cpu: T0 : 0x1ec5c    : c_sdsp ra, 8(sp)           : MemWrite :  D=0x000000000001c3ac A=0x7ffffffffffffa38
1303000: system.cpu: T0 : 0x1ec5e    : jal ra, 9318               : IntAlu :  D=0x000000000001ec62
1303500: system.cpu: T0 : 0x210c4    : c_addi sp, -32             : IntAlu :  D=0x7ffffffffffffa10
1304000: system.cpu: T0 : 0x210c6    : c_sdsp s2, 0(sp)           : MemWrite :  D=0x0000000000073f80 A=0x7ffffffffffffa10
1304500: system.cpu: T0 : 0x210c8    : c_sdsp s1, 8(sp)           : MemWrite :  D=0x0000000000000290 A=0x7ffffffffffffa18
1305500: system.cpu: T0 : 0x210ca    : ld s1, -1200(gp)           : MemRead :  D=0x0000000000094f80 A=0x70ba8
1306000: system.cpu: T0 : 0x210ce    : c_sdsp s0, 16(sp)          : MemWrite :  D=0x000000000006f5c8 A=0x7ffffffffffffa20
1306500: system.cpu: T0 : 0x210d0    : c_sdsp ra, 24(sp)          : MemWrite :  D=0x000000000001ec62 A=0x7ffffffffffffa28
1307000: system.cpu: T0 : 0x210d2    : c_mv s0, a0                : IntAlu :  D=0x0000000000000080
1307500: system.cpu: T0 : 0x210d4    : c_beqz s1, 46              : IntAlu : 
1308500: system.cpu: T0 : 0x210d6    : lw a5, -1728(gp)           : MemRead :  D=0x0000000000000000 A=0x70998
1309000: system.cpu: T0 : 0x210da    : c_bnez a5, 40              : IntAlu : 
1309500: system.cpu: T0 : 0x210dc    : c_beqz s0, 24              : IntAlu : 
1310500: system.cpu: T0 : 0x210de    : bge zero, s0, 52           : IntAlu : 
1311500: system.cpu: T0 : 0x210e2    : add a5, s0, s1             : IntAlu :  D=0x0000000000095000
1312500: system.cpu: T0 : 0x210e6    : sltu a5, a5, s1            : IntAlu :  D=0x0000000000000000
1313000: system.cpu: T0 : 0x210ea    : c_beqz a5, 50              : IntAlu : 
1313500: system.cpu: T0 : 0x2111c    : add a0, s1, s0             : IntAlu :  D=0x0000000000095000
1314000: system.cpu: T0 : 0x21120    : jal ra, 98390              : IntAlu :  D=0x0000000000021124
1314500: system.cpu: T0 : 0x39176    : c_mv a5, a0                : IntAlu :  D=0x0000000000095000
1315000: system.cpu: T0 : 0x39178    : addi a7, zero, 214         : IntAlu :  D=0x00000000000000d6
1315500: system.cpu: T0 : 0x3917c    : ecall                      : No_OpClass : 
1316000: system.cpu: T0 : 0x39180    : sd a0, -1200(gp)           : MemWrite :  D=0x0000000000095000 A=0x70ba8
1316500: system.cpu: T0 : 0x39184    : bltu a0, a5, 8             : IntAlu : 
1317000: system.cpu: T0 : 0x39188    : c_li a0, 0                 : IntAlu :  D=0x0000000000000000
1317500: system.cpu: T0 : 0x3918a    : c_jr ra                    : IntAlu : 
1318000: system.cpu: T0 : 0x21124    : blt a0, zero, -50          : IntAlu : 
1318500: system.cpu: T0 : 0x21128    : c_ldsp ra, 24(sp)          : MemRead :  D=0x000000000001ec62 A=0x7ffffffffffffa28
1319000: system.cpu: T0 : 0x2112a    : c_ldsp s0, 16(sp)          : MemRead :  D=0x000000000006f5c8 A=0x7ffffffffffffa20
1319500: system.cpu: T0 : 0x2112c    : c_ldsp s2, 0(sp)           : MemRead :  D=0x0000000000073f80 A=0x7ffffffffffffa10
1320000: system.cpu: T0 : 0x2112e    : c_mv a0, s1                : IntAlu :  D=0x0000000000094f80
1320500: system.cpu: T0 : 0x21130    : c_ldsp s1, 8(sp)           : MemRead :  D=0x0000000000000290 A=0x7ffffffffffffa18
1321000: system.cpu: T0 : 0x21132    : c_addi16sp sp, 32          : IntAlu :  D=0x7ffffffffffffa30
1321500: system.cpu: T0 : 0x21134    : c_jr ra                    : IntAlu : 
1322000: system.cpu: T0 : 0x1ec62    : c_li a5, -1                : IntAlu :  D=0xffffffffffffffff
1322500: system.cpu: T0 : 0x1ec64    : beq a0, a5, 10             : IntAlu : 
1323000: system.cpu: T0 : 0x1ec68    : c_ldsp ra, 8(sp)           : MemRead :  D=0x000000000001c3ac A=0x7ffffffffffffa38
1323500: system.cpu: T0 : 0x1ec6a    : c_addi sp, 16              : IntAlu :  D=0x7ffffffffffffa40
1324000: system.cpu: T0 : 0x1ec6c    : c_jr ra                    : IntAlu : 
1324500: system.cpu: T0 : 0x1c3ac    : c_mv a4, a0                : IntAlu :  D=0x0000000000094f80
1325500: system.cpu: T0 : 0x1c3ae    : beq a0, zero, 426          : IntAlu : 
1326500: system.cpu: T0 : 0x1c3b2    : ld a5, -1392(gp)           : MemRead :  D=0x0000000000000000 A=0x70ae8
1327500: system.cpu: T0 : 0x1c3b6    : bne a5, zero, 440          : IntAlu : 
1328500: system.cpu: T0 : 0x1c3ba    : ld a5, -1912(s11)          : MemRead :  D=0x0000000000021000 A=0x6fe50
1329000: system.cpu: T0 : 0x1c3be    : c_mv s2, s9                : IntAlu :  D=0x0000000000073f80
1329500: system.cpu: T0 : 0x1c3c0    : c_add a5, s5               : IntAlu :  D=0x0000000000021080
1330000: system.cpu: T0 : 0x1c3c2    : c_j 168                    : IntAlu : 
1331000: system.cpu: T0 : 0x1c46a    : sub a4, a4, s2             : IntAlu :  D=0x0000000000021000
1331500: system.cpu: T0 : 0x1c46e    : c_add a4, s5               : IntAlu :  D=0x0000000000021080
1332000: system.cpu: T0 : 0x1c470    : sd s2, 96(s7)              : MemWrite :  D=0x0000000000073f80 A=0x6f628
1332500: system.cpu: T0 : 0x1c474    : ori a4, a4, 1              : IntAlu :  D=0x0000000000021081
1333000: system.cpu: T0 : 0x1c478    : sd a4, 8(s2)               : MemWrite :  D=0x0000000000021081 A=0x73f88
1333500: system.cpu: T0 : 0x1c47c    : sd a5, -1912(s11)          : MemWrite :  D=0x0000000000021080 A=0x6fe50
1334000: system.cpu: T0 : 0x1c480    : beq s3, zero, -754         : IntAlu : 
1334500: system.cpu: T0 : 0x1c18e    : c_lui a4, 1                : IntAlu :  D=0x0000000000001000
1335000: system.cpu: T0 : 0x1c190    : c_add a4, s0               : IntAlu :  D=0x00000000000705c8
1336000: system.cpu: T0 : 0x1c192    : ld a3, -1904(a4)           : MemRead :  D=0x0000000000000000 A=0x6fe58
1337000: system.cpu: T0 : 0x1c196    : bgeu a3, a5, 8             : IntAlu : 
1338000: system.cpu: T0 : 0x1c19a    : sd a5, -1904(a4)           : MemWrite :  D=0x0000000000021080 A=0x6fe58
1339000: system.cpu: T0 : 0x1c19e    : ld a5, 8(s2)               : MemRead :  D=0x0000000000021081 A=0x73f88
1339500: system.cpu: T0 : 0x1c1a2    : c_andi a5, 18446744073709551608 : IntAlu :  D=0x0000000000021080
1340000: system.cpu: T0 : 0x1c1a4    : bltu a5, s8, 298           : IntAlu : 
1340500: system.cpu: T0 : 0x1c1a8    : add a4, s2, s1             : IntAlu :  D=0x0000000000074210
1341000: system.cpu: T0 : 0x1c1ac    : c_sd a4, 96(s0)            : MemWrite :  D=0x0000000000074210 A=0x6f628
1341500: system.cpu: T0 : 0x1c1ae    : c_sub a5, s1               : IntAlu :  D=0x0000000000020df0
1342000: system.cpu: T0 : 0x1c1b0    : beq s0, s7, 8              : IntAlu : 
1342500: system.cpu: T0 : 0x1c1b8    : ori s1, s1, 1              : IntAlu :  D=0x0000000000000291
1343000: system.cpu: T0 : 0x1c1bc    : sd s1, 8(s2)               : MemWrite :  D=0x0000000000000291 A=0x73f88
1343500: system.cpu: T0 : 0x1c1c0    : ori a5, a5, 1              : IntAlu :  D=0x0000000000020df1
1344000: system.cpu: T0 : 0x1c1c4    : c_sd a5, 8(a4)             : MemWrite :  D=0x0000000000020df1 A=0x74218
1344500: system.cpu: T0 : 0x1c1c4    : c_sd a5, 8(a4)             : MemWrite :  D=0x0000000000020df1 A=0x74218
1345500: system.cpu: T0 : 0x1c1c6    : addi a0, s2, 16            : IntAlu :  D=0x0000000000073f90
1346000: system.cpu: T0 : 0x1c1ca    : c_ldsp ra, 152(sp)         : MemRead :  D=0x000000000001cdd0 A=0x7ffffffffffffad8
1346500: system.cpu: T0 : 0x1c1cc    : c_ldsp s0, 144(sp)         : MemRead :  D=0x0000000000000290 A=0x7ffffffffffffad0
1347000: system.cpu: T0 : 0x1c1ce    : c_ldsp s1, 136(sp)         : MemRead :  D=0x000000000006f5c8 A=0x7ffffffffffffac8
1347500: system.cpu: T0 : 0x1c1d0    : c_ldsp s2, 128(sp)         : MemRead :  D=0x0000000000000004 A=0x7ffffffffffffac0
1348000: system.cpu: T0 : 0x1c1d2    : c_ldsp s3, 120(sp)         : MemRead :  D=0x0000000000000280 A=0x7ffffffffffffab8
1348500: system.cpu: T0 : 0x1c1d4    : c_ldsp s4, 112(sp)         : MemRead :  D=0x0000000000000000 A=0x7ffffffffffffab0
1349000: system.cpu: T0 : 0x1c1d6    : c_ldsp s5, 104(sp)         : MemRead :  D=0x0000000000000000 A=0x7ffffffffffffaa8
1349500: system.cpu: T0 : 0x1c1d8    : c_ldsp s6, 96(sp)          : MemRead :  D=0x0000000000000027 A=0x7ffffffffffffaa0
1350000: system.cpu: T0 : 0x1c1da    : c_ldsp s7, 88(sp)          : MemRead :  D=0x000000000006f558 A=0x7ffffffffffffa98
1350500: system.cpu: T0 : 0x1c1dc    : c_ldsp s8, 80(sp)          : MemRead :  D=0x000000000006f628 A=0x7ffffffffffffa90
1351000: system.cpu: T0 : 0x1c1de    : c_ldsp s9, 72(sp)          : MemRead :  D=0x0000000000000029 A=0x7ffffffffffffa88
1351500: system.cpu: T0 : 0x1c1e0    : c_ldsp s10, 64(sp)         : MemRead :  D=0x000000000000000a A=0x7ffffffffffffa80
1352000: system.cpu: T0 : 0x1c1e2    : c_ldsp s11, 56(sp)         : MemRead :  D=0x0000000000001000 A=0x7ffffffffffffa78
1352500: system.cpu: T0 : 0x1c1e4    : c_addi16sp sp, 160         : IntAlu :  D=0x7ffffffffffffae0
1353000: system.cpu: T0 : 0x1c1e6    : c_jr ra                    : IntAlu : 
1353500: system.cpu: T0 : 0x1cdd0    : c_mv s2, a0                : IntAlu :  D=0x0000000000073f90
1354500: system.cpu: T0 : 0x1cdd2    : bne a0, zero, -672         : IntAlu : 
1355500: system.cpu: T0 : 0x1cb32    : lw a1, -1396(gp)           : MemRead :  D=0x0000000000000000 A=0x70ae4
1356500: system.cpu: T0 : 0x1cb36    : beq a1, zero, -516         : IntAlu : 
1357000: system.cpu: T0 : 0x1c932    : c_ldsp ra, 248(sp)         : MemRead :  D=0x000000000001d172 A=0x7ffffffffffffbd8
1357500: system.cpu: T0 : 0x1c934    : c_ldsp s0, 240(sp)         : MemRead :  D=0x000000000006f5c8 A=0x7ffffffffffffbd0
1358000: system.cpu: T0 : 0x1c936    : c_ldsp s1, 232(sp)         : MemRead :  D=0x000000000006f5c8 A=0x7ffffffffffffbc8
1358500: system.cpu: T0 : 0x1c938    : c_ldsp s3, 216(sp)         : MemRead :  D=0x0000000000000000 A=0x7ffffffffffffbb8
1359000: system.cpu: T0 : 0x1c93a    : c_ldsp s4, 208(sp)         : MemRead :  D=0x0000000000000000 A=0x7ffffffffffffbb0
1359500: system.cpu: T0 : 0x1c93c    : c_ldsp s5, 200(sp)         : MemRead :  D=0x0000000000000000 A=0x7ffffffffffffba8
1360000: system.cpu: T0 : 0x1c93e    : c_ldsp s6, 192(sp)         : MemRead :  D=0x0000000000072000 A=0x7ffffffffffffba0
1360500: system.cpu: T0 : 0x1c940    : c_ldsp s7, 184(sp)         : MemRead :  D=0x0000000000000000 A=0x7ffffffffffffb98
1361000: system.cpu: T0 : 0x1c942    : c_ldsp s8, 176(sp)         : MemRead :  D=0x0000000000000000 A=0x7ffffffffffffb90
1361500: system.cpu: T0 : 0x1c944    : c_ldsp s9, 168(sp)         : MemRead :  D=0x0000000000000003 A=0x7ffffffffffffb88
1362000: system.cpu: T0 : 0x1c946    : c_ldsp s10, 160(sp)        : MemRead :  D=0x0000000000000000 A=0x7ffffffffffffb80
1362500: system.cpu: T0 : 0x1c948    : c_ldsp s11, 152(sp)        : MemRead :  D=0x0000000000000000 A=0x7ffffffffffffb78
1363000: system.cpu: T0 : 0x1c94a    : c_mv a0, s2                : IntAlu :  D=0x0000000000073f90
1363500: system.cpu: T0 : 0x1c94c    : c_ldsp s2, 224(sp)         : MemRead :  D=0x0000000000000002 A=0x7ffffffffffffbc0
1364000: system.cpu: T0 : 0x1c94e    : c_addi16sp sp, 256         : IntAlu :  D=0x7ffffffffffffbe0
1364500: system.cpu: T0 : 0x1c950    : c_jr ra                    : IntAlu : 
1365000: system.cpu: T0 : 0x1d172    : c_mv a5, a0                : IntAlu :  D=0x0000000000073f90
1365500: system.cpu: T0 : 0x1d174    : c_beqz a0, 70              : IntAlu : 
1366000: system.cpu: T0 : 0x1d176    : c_li a4, 0                 : IntAlu :  D=0x0000000000000000
1366500: system.cpu: T0 : 0x1d178    : fence iorw, ow             : No_OpClass : 
1367000: system.cpu: T0 : 0x1d17c    : amoswap_w a4, a4, (s0)    
1367000: system.cpu: T0 : 0x1d17c. 0 : amoswap_w[l] a4, a4, (s0)  : MemRead :  D=0x0000000000000001 A=0x6f5c8
1367500: system.cpu: T0 : 0x1d180    : c_addiw a4, 0              : IntAlu :  D=0x0000000000000001
1368000: system.cpu: T0 : 0x1d182    : c_li a3, 1                 : IntAlu :  D=0x0000000000000001
1368500: system.cpu: T0 : 0x1d184    : blt a3, a4, 96             : IntAlu : 
1369000: system.cpu: T0 : 0x1d188    : c_ldsp s0, 16(sp)          : MemRead :  D=0x0000000000000024 A=0x7ffffffffffffbf0
1369500: system.cpu: T0 : 0x1d18a    : c_ldsp ra, 24(sp)          : MemRead :  D=0x000000000001daf8 A=0x7ffffffffffffbf8
1370000: system.cpu: T0 : 0x1d18c    : c_ldsp s1, 8(sp)           : MemRead :  D=0x0000000000000001 A=0x7ffffffffffffbe8
1371000: system.cpu: T0 : 0x1d18e    : sd a5, 40(tp)              : MemWrite :  D=0x0000000000073f90 A=0x73738
1372000: system.cpu: T0 : 0x1d192    : addi a2, zero, 640         : IntAlu :  D=0x0000000000000280
1372500: system.cpu: T0 : 0x1d196    : c_li a1, 0                 : IntAlu :  D=0x0000000000000000
1373000: system.cpu: T0 : 0x1d198    : c_mv a0, a5                : IntAlu :  D=0x0000000000073f90
1373500: system.cpu: T0 : 0x1d19a    : c_addi16sp sp, 32          : IntAlu :  D=0x7ffffffffffffc00
1374000: system.cpu: T0 : 0x1d19c    : jal zero, 10394            : IntAlu :  D=0x000000000001d1a0
1374500: system.cpu: T0 : 0x1fa36    : c_li a4, 7                 : IntAlu :  D=0x0000000000000007
1375000: system.cpu: T0 : 0x1fa38    : c_mv a5, a0                : IntAlu :  D=0x0000000000073f90
1376000: system.cpu: T0 : 0x1fa3a    : bgeu a4, a2, 140           : IntAlu : 
1377000: system.cpu: T0 : 0x1fa3e    : andi a7, a1, 255           : IntAlu :  D=0x0000000000000000
1378000: system.cpu: T0 : 0x1fa42    : slli a3, a7, 8             : IntAlu :  D=0x0000000000000000
1379000: system.cpu: T0 : 0x1fa46    : or a3, a3, a7              : IntAlu :  D=0x0000000000000000
1380000: system.cpu: T0 : 0x1fa4a    : slli a4, a3, 16            : IntAlu :  D=0x0000000000000000
1380500: system.cpu: T0 : 0x1fa4e    : c_or a3, a4                : IntAlu :  D=0x0000000000000000
1381000: system.cpu: T0 : 0x1fa50    : slli a4, a3, 32            : IntAlu :  D=0x0000000000000000
1381500: system.cpu: T0 : 0x1fa54    : andi a6, a0, 7             : IntAlu :  D=0x0000000000000000
1382000: system.cpu: T0 : 0x1fa58    : c_or a4, a3                : IntAlu :  D=0x0000000000000000
1383000: system.cpu: T0 : 0x1fa5a    : beq a6, zero, 130          : IntAlu : 
1383500: system.cpu: T0 : 0x1fadc    : c_mv a3, a2                : IntAlu :  D=0x0000000000000280
1384000: system.cpu: T0 : 0x1fade    : c_j -108                   : IntAlu : 
1385000: system.cpu: T0 : 0x1fa72    : srli a6, a3, 6             : IntAlu :  D=0x000000000000000a
1386000: system.cpu: T0 : 0x1fa76    : beq a6, zero, 42           : IntAlu : 
1387000: system.cpu: T0 : 0x1fa7a    : slli a2, a6, 6             : IntAlu :  D=0x0000000000000280
1387500: system.cpu: T0 : 0x1fa7e    : c_mv a7, a5                : IntAlu :  D=0x0000000000073f90
1388000: system.cpu: T0 : 0x1fa80    : c_add a2, a5               : IntAlu :  D=0x0000000000074210
1388500: system.cpu: T0 : 0x1fa82    : c_sd a4, 0(a5)             : MemWrite :  D=0x0000000000000000 A=0x73f90
1389000: system.cpu: T0 : 0x1fa84    : c_sd a4, 8(a5)             : MemWrite :  D=0x0000000000000000 A=0x73f98
1389500: system.cpu: T0 : 0x1fa86    : c_sd a4, 16(a5)            : MemWrite :  D=0x0000000000000000 A=0x73fa0
1390000: system.cpu: T0 : 0x1fa88    : c_sd a4, 24(a5)            : MemWrite :  D=0x0000000000000000 A=0x73fa8
1390500: system.cpu: T0 : 0x1fa8a    : c_sd a4, 32(a5)            : MemWrite :  D=0x0000000000000000 A=0x73fb0
1391000: system.cpu: T0 : 0x1fa8c    : c_sd a4, 40(a5)            : MemWrite :  D=0x0000000000000000 A=0x73fb8
1391500: system.cpu: T0 : 0x1fa8e    : c_sd a4, 48(a5)            : MemWrite :  D=0x0000000000000000 A=0x73fc0
1392000: system.cpu: T0 : 0x1fa90    : c_sd a4, 56(a5)            : MemWrite :  D=0x0000000000000000 A=0x73fc8
1393000: system.cpu: T0 : 0x1fa92    : addi a5, a5, 64            : IntAlu :  D=0x0000000000073fd0
1394000: system.cpu: T0 : 0x1fa96    : bne a2, a5, -20            : IntAlu : 
1394500: system.cpu: T0 : 0x1fa82    : c_sd a4, 0(a5)             : MemWrite :  D=0x0000000000000000 A=0x73fd0
1395000: system.cpu: T0 : 0x1fa84    : c_sd a4, 8(a5)             : MemWrite :  D=0x0000000000000000 A=0x73fd8
1395500: system.cpu: T0 : 0x1fa86    : c_sd a4, 16(a5)            : MemWrite :  D=0x0000000000000000 A=0x73fe0
1396000: system.cpu: T0 : 0x1fa88    : c_sd a4, 24(a5)            : MemWrite :  D=0x0000000000000000 A=0x73fe8
1396500: system.cpu: T0 : 0x1fa8a    : c_sd a4, 32(a5)            : MemWrite :  D=0x0000000000000000 A=0x73ff0
1397000: system.cpu: T0 : 0x1fa8c    : c_sd a4, 40(a5)            : MemWrite :  D=0x0000000000000000 A=0x73ff8
1397500: system.cpu: T0 : 0x1fa8e    : c_sd a4, 48(a5)            : MemWrite :  D=0x0000000000000000 A=0x74000
1398000: system.cpu: T0 : 0x1fa90    : c_sd a4, 56(a5)            : MemWrite :  D=0x0000000000000000 A=0x74008
1399000: system.cpu: T0 : 0x1fa92    : addi a5, a5, 64            : IntAlu :  D=0x0000000000074010
1400000: system.cpu: T0 : 0x1fa96    : bne a2, a5, -20            : IntAlu : 
1400500: system.cpu: T0 : 0x1fa82    : c_sd a4, 0(a5)             : MemWrite :  D=0x0000000000000000 A=0x74010
1401000: system.cpu: T0 : 0x1fa84    : c_sd a4, 8(a5)             : MemWrite :  D=0x0000000000000000 A=0x74018
1401500: system.cpu: T0 : 0x1fa86    : c_sd a4, 16(a5)            : MemWrite :  D=0x0000000000000000 A=0x74020
1402000: system.cpu: T0 : 0x1fa88    : c_sd a4, 24(a5)            : MemWrite :  D=0x0000000000000000 A=0x74028
1402500: system.cpu: T0 : 0x1fa8a    : c_sd a4, 32(a5)            : MemWrite :  D=0x0000000000000000 A=0x74030
1403000: system.cpu: T0 : 0x1fa8c    : c_sd a4, 40(a5)            : MemWrite :  D=0x0000000000000000 A=0x74038
1403500: system.cpu: T0 : 0x1fa8e    : c_sd a4, 48(a5)            : MemWrite :  D=0x0000000000000000 A=0x74040
1404000: system.cpu: T0 : 0x1fa90    : c_sd a4, 56(a5)            : MemWrite :  D=0x0000000000000000 A=0x74048
1405000: system.cpu: T0 : 0x1fa92    : addi a5, a5, 64            : IntAlu :  D=0x0000000000074050
1406000: system.cpu: T0 : 0x1fa96    : bne a2, a5, -20            : IntAlu : 
1406500: system.cpu: T0 : 0x1fa82    : c_sd a4, 0(a5)             : MemWrite :  D=0x0000000000000000 A=0x74050
1407000: system.cpu: T0 : 0x1fa84    : c_sd a4, 8(a5)             : MemWrite :  D=0x0000000000000000 A=0x74058
1407500: system.cpu: T0 : 0x1fa86    : c_sd a4, 16(a5)            : MemWrite :  D=0x0000000000000000 A=0x74060
1408000: system.cpu: T0 : 0x1fa88    : c_sd a4, 24(a5)            : MemWrite :  D=0x0000000000000000 A=0x74068
1408500: system.cpu: T0 : 0x1fa8a    : c_sd a4, 32(a5)            : MemWrite :  D=0x0000000000000000 A=0x74070
1409000: system.cpu: T0 : 0x1fa8c    : c_sd a4, 40(a5)            : MemWrite :  D=0x0000000000000000 A=0x74078
1409500: system.cpu: T0 : 0x1fa8e    : c_sd a4, 48(a5)            : MemWrite :  D=0x0000000000000000 A=0x74080
1410000: system.cpu: T0 : 0x1fa90    : c_sd a4, 56(a5)            : MemWrite :  D=0x0000000000000000 A=0x74088
1411000: system.cpu: T0 : 0x1fa92    : addi a5, a5, 64            : IntAlu :  D=0x0000000000074090
1412000: system.cpu: T0 : 0x1fa96    : bne a2, a5, -20            : IntAlu : 
1412500: system.cpu: T0 : 0x1fa82    : c_sd a4, 0(a5)             : MemWrite :  D=0x0000000000000000 A=0x74090
1413000: system.cpu: T0 : 0x1fa84    : c_sd a4, 8(a5)             : MemWrite :  D=0x0000000000000000 A=0x74098
1413500: system.cpu: T0 : 0x1fa86    : c_sd a4, 16(a5)            : MemWrite :  D=0x0000000000000000 A=0x740a0
1414000: system.cpu: T0 : 0x1fa88    : c_sd a4, 24(a5)            : MemWrite :  D=0x0000000000000000 A=0x740a8
1414500: system.cpu: T0 : 0x1fa8a    : c_sd a4, 32(a5)            : MemWrite :  D=0x0000000000000000 A=0x740b0
1415000: system.cpu: T0 : 0x1fa8c    : c_sd a4, 40(a5)            : MemWrite :  D=0x0000000000000000 A=0x740b8
1415500: system.cpu: T0 : 0x1fa8e    : c_sd a4, 48(a5)            : MemWrite :  D=0x0000000000000000 A=0x740c0
1416000: system.cpu: T0 : 0x1fa90    : c_sd a4, 56(a5)            : MemWrite :  D=0x0000000000000000 A=0x740c8
1417000: system.cpu: T0 : 0x1fa92    : addi a5, a5, 64            : IntAlu :  D=0x00000000000740d0
1418000: system.cpu: T0 : 0x1fa96    : bne a2, a5, -20            : IntAlu : 
1418500: system.cpu: T0 : 0x1fa82    : c_sd a4, 0(a5)             : MemWrite :  D=0x0000000000000000 A=0x740d0
1419000: system.cpu: T0 : 0x1fa84    : c_sd a4, 8(a5)             : MemWrite :  D=0x0000000000000000 A=0x740d8
1419500: system.cpu: T0 : 0x1fa86    : c_sd a4, 16(a5)            : MemWrite :  D=0x0000000000000000 A=0x740e0
1420000: system.cpu: T0 : 0x1fa88    : c_sd a4, 24(a5)            : MemWrite :  D=0x0000000000000000 A=0x740e8
1420500: system.cpu: T0 : 0x1fa8a    : c_sd a4, 32(a5)            : MemWrite :  D=0x0000000000000000 A=0x740f0
1421000: system.cpu: T0 : 0x1fa8c    : c_sd a4, 40(a5)            : MemWrite :  D=0x0000000000000000 A=0x740f8
1421500: system.cpu: T0 : 0x1fa8e    : c_sd a4, 48(a5)            : MemWrite :  D=0x0000000000000000 A=0x74100
1422000: system.cpu: T0 : 0x1fa90    : c_sd a4, 56(a5)            : MemWrite :  D=0x0000000000000000 A=0x74108
1423000: system.cpu: T0 : 0x1fa92    : addi a5, a5, 64            : IntAlu :  D=0x0000000000074110
1424000: system.cpu: T0 : 0x1fa96    : bne a2, a5, -20            : IntAlu : 
1424500: system.cpu: T0 : 0x1fa82    : c_sd a4, 0(a5)             : MemWrite :  D=0x0000000000000000 A=0x74110
1425000: system.cpu: T0 : 0x1fa84    : c_sd a4, 8(a5)             : MemWrite :  D=0x0000000000000000 A=0x74118
1425500: system.cpu: T0 : 0x1fa86    : c_sd a4, 16(a5)            : MemWrite :  D=0x0000000000000000 A=0x74120
1426000: system.cpu: T0 : 0x1fa88    : c_sd a4, 24(a5)            : MemWrite :  D=0x0000000000000000 A=0x74128
1426500: system.cpu: T0 : 0x1fa8a    : c_sd a4, 32(a5)            : MemWrite :  D=0x0000000000000000 A=0x74130
1427000: system.cpu: T0 : 0x1fa8c    : c_sd a4, 40(a5)            : MemWrite :  D=0x0000000000000000 A=0x74138
1427500: system.cpu: T0 : 0x1fa8e    : c_sd a4, 48(a5)            : MemWrite :  D=0x0000000000000000 A=0x74140
1428000: system.cpu: T0 : 0x1fa90    : c_sd a4, 56(a5)            : MemWrite :  D=0x0000000000000000 A=0x74148
1429000: system.cpu: T0 : 0x1fa92    : addi a5, a5, 64            : IntAlu :  D=0x0000000000074150
1430000: system.cpu: T0 : 0x1fa96    : bne a2, a5, -20            : IntAlu : 
1430500: system.cpu: T0 : 0x1fa82    : c_sd a4, 0(a5)             : MemWrite :  D=0x0000000000000000 A=0x74150
1431000: system.cpu: T0 : 0x1fa84    : c_sd a4, 8(a5)             : MemWrite :  D=0x0000000000000000 A=0x74158
1431500: system.cpu: T0 : 0x1fa86    : c_sd a4, 16(a5)            : MemWrite :  D=0x0000000000000000 A=0x74160
1432000: system.cpu: T0 : 0x1fa88    : c_sd a4, 24(a5)            : MemWrite :  D=0x0000000000000000 A=0x74168
1432500: system.cpu: T0 : 0x1fa8a    : c_sd a4, 32(a5)            : MemWrite :  D=0x0000000000000000 A=0x74170
1433000: system.cpu: T0 : 0x1fa8c    : c_sd a4, 40(a5)            : MemWrite :  D=0x0000000000000000 A=0x74178
1433500: system.cpu: T0 : 0x1fa8e    : c_sd a4, 48(a5)            : MemWrite :  D=0x0000000000000000 A=0x74180
1434000: system.cpu: T0 : 0x1fa90    : c_sd a4, 56(a5)            : MemWrite :  D=0x0000000000000000 A=0x74188
1435000: system.cpu: T0 : 0x1fa92    : addi a5, a5, 64            : IntAlu :  D=0x0000000000074190
1436000: system.cpu: T0 : 0x1fa96    : bne a2, a5, -20            : IntAlu : 
1436500: system.cpu: T0 : 0x1fa82    : c_sd a4, 0(a5)             : MemWrite :  D=0x0000000000000000 A=0x74190
1437000: system.cpu: T0 : 0x1fa84    : c_sd a4, 8(a5)             : MemWrite :  D=0x0000000000000000 A=0x74198
1437500: system.cpu: T0 : 0x1fa86    : c_sd a4, 16(a5)            : MemWrite :  D=0x0000000000000000 A=0x741a0
1438000: system.cpu: T0 : 0x1fa88    : c_sd a4, 24(a5)            : MemWrite :  D=0x0000000000000000 A=0x741a8
1438500: system.cpu: T0 : 0x1fa8a    : c_sd a4, 32(a5)            : MemWrite :  D=0x0000000000000000 A=0x741b0
1439000: system.cpu: T0 : 0x1fa8c    : c_sd a4, 40(a5)            : MemWrite :  D=0x0000000000000000 A=0x741b8
1439500: system.cpu: T0 : 0x1fa8e    : c_sd a4, 48(a5)            : MemWrite :  D=0x0000000000000000 A=0x741c0
1440000: system.cpu: T0 : 0x1fa90    : c_sd a4, 56(a5)            : MemWrite :  D=0x0000000000000000 A=0x741c8
1441000: system.cpu: T0 : 0x1fa92    : addi a5, a5, 64            : IntAlu :  D=0x00000000000741d0
1442000: system.cpu: T0 : 0x1fa96    : bne a2, a5, -20            : IntAlu : 
1442500: system.cpu: T0 : 0x1fa82    : c_sd a4, 0(a5)             : MemWrite :  D=0x0000000000000000 A=0x741d0
1443000: system.cpu: T0 : 0x1fa84    : c_sd a4, 8(a5)             : MemWrite :  D=0x0000000000000000 A=0x741d8
1443500: system.cpu: T0 : 0x1fa86    : c_sd a4, 16(a5)            : MemWrite :  D=0x0000000000000000 A=0x741e0
1444000: system.cpu: T0 : 0x1fa88    : c_sd a4, 24(a5)            : MemWrite :  D=0x0000000000000000 A=0x741e8
1444500: system.cpu: T0 : 0x1fa8a    : c_sd a4, 32(a5)            : MemWrite :  D=0x0000000000000000 A=0x741f0
1445000: system.cpu: T0 : 0x1fa8c    : c_sd a4, 40(a5)            : MemWrite :  D=0x0000000000000000 A=0x741f8
1445500: system.cpu: T0 : 0x1fa8e    : c_sd a4, 48(a5)            : MemWrite :  D=0x0000000000000000 A=0x74200
1446000: system.cpu: T0 : 0x1fa90    : c_sd a4, 56(a5)            : MemWrite :  D=0x0000000000000000 A=0x74208
1447000: system.cpu: T0 : 0x1fa92    : addi a5, a5, 64            : IntAlu :  D=0x0000000000074210
1448000: system.cpu: T0 : 0x1fa96    : bne a2, a5, -20            : IntAlu : 
1449000: system.cpu: T0 : 0x1fa9a    : slli a5, a6, 6             : IntAlu :  D=0x0000000000000280
1449500: system.cpu: T0 : 0x1fa9e    : c_add a5, a7               : IntAlu :  D=0x0000000000074210
1450000: system.cpu: T0 : 0x1faa0    : srli a6, a3, 3             : IntAlu :  D=0x0000000000000050
1450500: system.cpu: T0 : 0x1faa4    : andi a6, a6, 7             : IntAlu :  D=0x0000000000000000
1451000: system.cpu: T0 : 0x1faa8    : beq a6, zero, 26           : IntAlu : 
1452000: system.cpu: T0 : 0x1fac2    : andi a2, a3, 7             : IntAlu :  D=0x0000000000000000
1453000: system.cpu: T0 : 0x1fac6    : andi a1, a1, 255           : IntAlu :  D=0x0000000000000000
1454000: system.cpu: T0 : 0x1faca    : add a4, a5, a2             : IntAlu :  D=0x0000000000074210
1454500: system.cpu: T0 : 0x1face    : c_beqz a2, 12              : IntAlu : 
1455000: system.cpu: T0 : 0x1fada    : c_jr ra                    : IntAlu : 
1455500: system.cpu: T0 : 0x1daf8    : lui a5, 111                : IntAlu :  D=0x000000000006f000
1456000: system.cpu: T0 : 0x1dafc    : ld a5, 1448(a5)            : MemRead :  D=0x0000000000000040 A=0x6f5a8
1456500: system.cpu: T0 : 0x1db00    : bgeu s1, a5, -100          : IntAlu : 
1457000: system.cpu: T0 : 0x1db04    : ld a4, 40(tp)              : MemRead :  D=0x0000000000073f90 A=0x73738
1457500: system.cpu: T0 : 0x1db08    : c_beqz a4, -108            : IntAlu : 
1458500: system.cpu: T0 : 0x1db0a    : slli a3, s1, 1             : IntAlu :  D=0x0000000000000002
1459000: system.cpu: T0 : 0x1db0e    : c_add a3, a4               : IntAlu :  D=0x0000000000073f92
1459500: system.cpu: T0 : 0x1db10    : lhu a2, 0(a3)              : MemRead :  D=0x0000000000000000 A=0x73f92
1460000: system.cpu: T0 : 0x1db14    : c_beqz a2, -120            : IntAlu : 
1460500: system.cpu: T0 : 0x1da9c    : lw a5, -1808(tp)           : MemRead :  D=0x0000000000000000 A=0x73000
1461000: system.cpu: T0 : 0x1daa0    : c_bnez a5, 210             : IntAlu : 
1462000: system.cpu: T0 : 0x1daa2    : lui s1, 111                : IntAlu :  D=0x000000000006f000
1462500: system.cpu: T0 : 0x1daa6    : c_mv a1, s0                : IntAlu :  D=0x0000000000000024
1463000: system.cpu: T0 : 0x1daa8    : addi a0, s1, 1480          : IntAlu :  D=0x000000000006f5c8
1463500: system.cpu: T0 : 0x1daac    : jal ra, -5228              : IntAlu :  D=0x000000000001dab0
1464000: system.cpu: T0 : 0x1c640    : c_addi16sp sp, -256        : IntAlu :  D=0x7ffffffffffffb00
1464500: system.cpu: T0 : 0x1c642    : c_sdsp ra, 248(sp)         : MemWrite :  D=0x000000000001dab0 A=0x7ffffffffffffbf8
1465000: system.cpu: T0 : 0x1c644    : c_sdsp s0, 240(sp)         : MemWrite :  D=0x0000000000000024 A=0x7ffffffffffffbf0
1465500: system.cpu: T0 : 0x1c646    : c_sdsp s1, 232(sp)         : MemWrite :  D=0x000000000006f000 A=0x7ffffffffffffbe8
1466000: system.cpu: T0 : 0x1c648    : c_sdsp s2, 224(sp)         : MemWrite :  D=0x0000000000000002 A=0x7ffffffffffffbe0
1466500: system.cpu: T0 : 0x1c64a    : c_sdsp s3, 216(sp)         : MemWrite :  D=0x0000000000000000 A=0x7ffffffffffffbd8
1467000: system.cpu: T0 : 0x1c64c    : c_sdsp s4, 208(sp)         : MemWrite :  D=0x0000000000000000 A=0x7ffffffffffffbd0
1467500: system.cpu: T0 : 0x1c64e    : c_sdsp s5, 200(sp)         : MemWrite :  D=0x0000000000000000 A=0x7ffffffffffffbc8
1468000: system.cpu: T0 : 0x1c650    : c_sdsp s6, 192(sp)         : MemWrite :  D=0x0000000000072000 A=0x7ffffffffffffbc0
1468500: system.cpu: T0 : 0x1c652    : c_sdsp s7, 184(sp)         : MemWrite :  D=0x0000000000000000 A=0x7ffffffffffffbb8
1469000: system.cpu: T0 : 0x1c654    : c_sdsp s8, 176(sp)         : MemWrite :  D=0x0000000000000000 A=0x7ffffffffffffbb0
1469500: system.cpu: T0 : 0x1c656    : c_sdsp s9, 168(sp)         : MemWrite :  D=0x0000000000000003 A=0x7ffffffffffffba8
1470000: system.cpu: T0 : 0x1c658    : c_sdsp s10, 160(sp)        : MemWrite :  D=0x0000000000000000 A=0x7ffffffffffffba0
1470500: system.cpu: T0 : 0x1c65a    : c_sdsp s11, 152(sp)        : MemWrite :  D=0x0000000000000000 A=0x7ffffffffffffb98
1471000: system.cpu: T0 : 0x1c65c    : blt a1, zero, 1198         : IntAlu : 
1471500: system.cpu: T0 : 0x1c660    : addi s0, a1, 23            : IntAlu :  D=0x000000000000003b
1472000: system.cpu: T0 : 0x1c664    : c_li a5, 31                : IntAlu :  D=0x000000000000001f
1472500: system.cpu: T0 : 0x1c666    : c_mv s3, a1                : IntAlu :  D=0x0000000000000024
1473000: system.cpu: T0 : 0x1c668    : c_mv s1, a0                : IntAlu :  D=0x000000000006f5c8
1474000: system.cpu: T0 : 0x1c66a    : bltu a5, s0, 220           : IntAlu : 
1474500: system.cpu: T0 : 0x1c746    : c_andi s0, 18446744073709551600 : IntAlu :  D=0x0000000000000030
1475000: system.cpu: T0 : 0x1c748    : beq a0, zero, 988          : IntAlu : 
1475500: system.cpu: T0 : 0x1c74c    : ld a4, -1376(gp)           : MemRead :  D=0x0000000000000080 A=0x70af8
1476000: system.cpu: T0 : 0x1c750    : srliw s9, s0, 4            : IntAlu :  D=0x0000000000000003
1476500: system.cpu: T0 : 0x1c754    : srliw a5, s0, 4            : IntAlu :  D=0x0000000000000003
1477000: system.cpu: T0 : 0x1c758    : bgeu a4, s0, 506           : IntAlu : 
1477500: system.cpu: T0 : 0x1c952    : c_addiw a5, -2             : IntAlu :  D=0x0000000000000001
1478000: system.cpu: T0 : 0x1c954    : slli a2, a5, 32            : IntAlu :  D=0x0000000100000000
1478500: system.cpu: T0 : 0x1c958    : c_srli a2, 32              : IntAlu :  D=0x0000000000000001
1479000: system.cpu: T0 : 0x1c95a    : c_addi a2, 2               : IntAlu :  D=0x0000000000000003
1479500: system.cpu: T0 : 0x1c95c    : c_slli a2, 3               : IntAlu :  D=0x0000000000000018
1480000: system.cpu: T0 : 0x1c95e    : c_j -376                   : IntAlu : 
1480500: system.cpu: T0 : 0x1c7e6    : c_slli a5, 32              : IntAlu :  D=0x0000000100000000
1481000: system.cpu: T0 : 0x1c7e8    : c_srli a5, 29              : IntAlu :  D=0x0000000000000008
1481500: system.cpu: T0 : 0x1c7ea    : c_add a5, s1               : IntAlu :  D=0x000000000006f5d0
1482000: system.cpu: T0 : 0x1c7ec    : ld s2, 16(a5)              : MemRead :  D=0x0000000000000000 A=0x6f5e0
1482500: system.cpu: T0 : 0x1c7f0    : beq s2, zero, 170          : IntAlu : 
1483500: system.cpu: T0 : 0x1c89a    : addiw a5, s9, -1           : IntAlu :  D=0x0000000000000002
1484500: system.cpu: T0 : 0x1c89e    : slliw a5, a5, 1            : IntAlu :  D=0x0000000000000004
1485000: system.cpu: T0 : 0x1c8a2    : c_slli a5, 32              : IntAlu :  D=0x0000000400000000
1485500: system.cpu: T0 : 0x1c8a4    : c_srli a5, 32              : IntAlu :  D=0x0000000000000004
1486000: system.cpu: T0 : 0x1c8a6    : c_addi a5, 14              : IntAlu :  D=0x0000000000000012
1486500: system.cpu: T0 : 0x1c8a8    : c_slli a5, 3               : IntAlu :  D=0x0000000000000090
1487000: system.cpu: T0 : 0x1c8aa    : c_j -550                   : IntAlu : 
1487500: system.cpu: T0 : 0x1c684    : c_add a5, s1               : IntAlu :  D=0x000000000006f658
1488500: system.cpu: T0 : 0x1c686    : ld s2, 8(a5)               : MemRead :  D=0x000000000006f648 A=0x6f660
1489500: system.cpu: T0 : 0x1c68a    : addi a3, a5, -16           : IntAlu :  D=0x000000000006f648
1490500: system.cpu: T0 : 0x1c68e    : beq a3, s2, 748            : IntAlu : 
1491500: system.cpu: T0 : 0x1c97a    : srli t1, s0, 9             : IntAlu :  D=0x0000000000000000
1492500: system.cpu: T0 : 0x1c97e    : addiw a5, t1, 91           : IntAlu :  D=0x000000000000005b
1493500: system.cpu: T0 : 0x1c982    : srli s10, s0, 6            : IntAlu :  D=0x0000000000000000
1494000: system.cpu: T0 : 0x1c986    : c_sdsp a5, 96(sp)          : MemWrite :  D=0x000000000000005b A=0x7ffffffffffffb60
1494500: system.cpu: T0 : 0x1c988    : addiw a5, s10, 48          : IntAlu :  D=0x0000000000000030
1495000: system.cpu: T0 : 0x1c98c    : c_sdsp a5, 88(sp)          : MemWrite :  D=0x0000000000000030 A=0x7ffffffffffffb58
1496000: system.cpu: T0 : 0x1c98e    : addi a5, zero, 110         : IntAlu :  D=0x000000000000006e
1496500: system.cpu: T0 : 0x1c992    : c_sdsp a5, 112(sp)         : MemWrite :  D=0x000000000000006e A=0x7ffffffffffffb70
1497000: system.cpu: T0 : 0x1c994    : addi a5, zero, 119         : IntAlu :  D=0x0000000000000077
1497500: system.cpu: T0 : 0x1c998    : c_sdsp a5, 104(sp)         : MemWrite :  D=0x0000000000000077 A=0x7ffffffffffffb68
1498500: system.cpu: T0 : 0x1c99a    : addi a5, zero, 124         : IntAlu :  D=0x000000000000007c
1499000: system.cpu: T0 : 0x1c99e    : c_sdsp s9, 8(sp)           : MemWrite :  D=0x0000000000000003 A=0x7ffffffffffffb08
1499500: system.cpu: T0 : 0x1c9a0    : c_sdsp a5, 120(sp)         : MemWrite :  D=0x000000000000007c A=0x7ffffffffffffb78
1500000: system.cpu: T0 : 0x1c9a2    : c_sdsp zero, 128(sp)       : MemWrite :  D=0x0000000000000000 A=0x7ffffffffffffb80
1500500: system.cpu: T0 : 0x1c9a4    : c_sdsp zero, 136(sp)       : MemWrite :  D=0x0000000000000000 A=0x7ffffffffffffb88
1501500: system.cpu: T0 : 0x1c9a6    : ld a5, 40(tp)              : MemRead :  D=0x0000000000073f90 A=0x73738
1502500: system.cpu: T0 : 0x1c9aa    : addi s6, s0, -17           : IntAlu :  D=0x000000000000001f
1503500: system.cpu: T0 : 0x1c9ae    : srli s6, s6, 4             : IntAlu :  D=0x0000000000000001
1504000: system.cpu: T0 : 0x1c9b2    : c_li s5, 0                 : IntAlu :  D=0x0000000000000000
1504500: system.cpu: T0 : 0x1c9b4    : c_beqz a5, 22              : IntAlu : 
1505500: system.cpu: T0 : 0x1c9b6    : lui a5, 111                : IntAlu :  D=0x000000000006f000
1506500: system.cpu: T0 : 0x1c9ba    : ld s5, 1448(a5)            : MemRead :  D=0x0000000000000040 A=0x6f5a8
1507500: system.cpu: T0 : 0x1c9be    : sltu s5, s6, s5            : IntAlu :  D=0x0000000000000001
1508500: system.cpu: T0 : 0x1c9c2    : sub s5, zero, s5           : IntAlu :  D=0xffffffffffffffff
1509500: system.cpu: T0 : 0x1c9c6    : and s5, s0, s5             : IntAlu :  D=0x0000000000000030
1510500: system.cpu: T0 : 0x1c9ca    : lui a5, 111                : IntAlu :  D=0x000000000006f000
1511000: system.cpu: T0 : 0x1c9ce    : c_lui s11, 1               : IntAlu :  D=0x0000000000001000
1511500: system.cpu: T0 : 0x1c9d0    : lui s7, 111                : IntAlu :  D=0x000000000006f000
1512000: system.cpu: T0 : 0x1c9d4    : addi a5, a5, 1480          : IntAlu :  D=0x000000000006f5c8
1512500: system.cpu: T0 : 0x1c9d8    : addi s8, s1, 96            : IntAlu :  D=0x000000000006f628
1513000: system.cpu: T0 : 0x1c9dc    : c_li t5, 0                 : IntAlu :  D=0x0000000000000000
1514000: system.cpu: T0 : 0x1c9de    : addi s7, s7, 1368          : IntAlu :  D=0x000000000006f558
1515000: system.cpu: T0 : 0x1c9e2    : add a7, s1, s11            : IntAlu :  D=0x00000000000705c8
1515500: system.cpu: T0 : 0x1c9e6    : c_sdsp a5, 56(sp)          : MemWrite :  D=0x000000000006f5c8 A=0x7ffffffffffffb38
1516000: system.cpu: T0 : 0x1c9e8    : c_ld a5, 120(s1)           : MemRead :  D=0x000000000006f628 A=0x6f640
1517000: system.cpu: T0 : 0x1c9ea    : beq a5, s8, 532            : IntAlu : 
1518000: system.cpu: T0 : 0x1cbfe    : addi a5, zero, 1023        : IntAlu :  D=0x00000000000003ff
1519000: system.cpu: T0 : 0x1cc02    : bgeu a5, s0, 38            : IntAlu : 
1519500: system.cpu: T0 : 0x1cc28    : c_ldsp a3, 8(sp)           : MemRead :  D=0x0000000000000003 A=0x7ffffffffffffb08
1520000: system.cpu: T0 : 0x1cc2a    : c_li a0, 4                 : IntAlu :  D=0x0000000000000004
1520500: system.cpu: T0 : 0x1cc2c    : addiw a5, a3, 1            : IntAlu :  D=0x0000000000000004
1521000: system.cpu: T0 : 0x1cc30    : srliw a4, a5, 5            : IntAlu :  D=0x0000000000000000
1521500: system.cpu: T0 : 0x1cc34    : slliw a3, a3, 1            : IntAlu :  D=0x0000000000000006
1522000: system.cpu: T0 : 0x1cc38    : addi a4, a4, 536           : IntAlu :  D=0x0000000000000218
1522500: system.cpu: T0 : 0x1cc3c    : c_slli a3, 32              : IntAlu :  D=0x0000000600000000
1523000: system.cpu: T0 : 0x1cc3e    : c_slli a4, 2               : IntAlu :  D=0x0000000000000860
1523500: system.cpu: T0 : 0x1cc40    : c_srli a3, 32              : IntAlu :  D=0x0000000000000006
1524000: system.cpu: T0 : 0x1cc42    : c_add a4, s1               : IntAlu :  D=0x000000000006fe28
1524500: system.cpu: T0 : 0x1cc44    : c_slli a3, 3               : IntAlu :  D=0x0000000000000030
1525000: system.cpu: T0 : 0x1cc46    : c_lw a2, 0(a4)             : MemRead :  D=0x0000000000000000 A=0x6fe28
1525500: system.cpu: T0 : 0x1cc48    : addi a3, a3, 96            : IntAlu :  D=0x0000000000000090
1526000: system.cpu: T0 : 0x1cc4c    : c_li a4, 1                 : IntAlu :  D=0x0000000000000001
1527000: system.cpu: T0 : 0x1cc4e    : srliw s2, a5, 5            : IntAlu :  D=0x0000000000000000
1527500: system.cpu: T0 : 0x1cc52    : c_add a3, s1               : IntAlu :  D=0x000000000006f658
1528000: system.cpu: T0 : 0x1cc54    : sllw a5, a4, a5            : IntAlu :  D=0x0000000000000010
1528500: system.cpu: T0 : 0x1cc58    : bltu a2, a5, 144           : IntAlu : 
1529000: system.cpu: T0 : 0x1cce8    : addiw a5, s2, 1            : IntAlu :  D=0x0000000000000001
1529500: system.cpu: T0 : 0x1ccec    : addiw s2, a5, 0            : IntAlu :  D=0x0000000000000001
1530000: system.cpu: T0 : 0x1ccf0    : bne s2, a0, -26            : IntAlu : 
1530500: system.cpu: T0 : 0x1ccd6    : c_slli a5, 32              : IntAlu :  D=0x0000000100000000
1531000: system.cpu: T0 : 0x1ccd8    : c_srli a5, 32              : IntAlu :  D=0x0000000000000001
1532000: system.cpu: T0 : 0x1ccda    : addi a5, a5, 536           : IntAlu :  D=0x0000000000000219
1532500: system.cpu: T0 : 0x1ccde    : c_slli a5, 2               : IntAlu :  D=0x0000000000000864
1533000: system.cpu: T0 : 0x1cce0    : c_add a5, s1               : IntAlu :  D=0x000000000006fe2c
1533500: system.cpu: T0 : 0x1cce2    : c_lw a2, 0(a5)             : MemRead :  D=0x0000000000000000 A=0x6fe2c
1534000: system.cpu: T0 : 0x1cce4    : bne a2, zero, 384          : IntAlu : 
1534500: system.cpu: T0 : 0x1cce8    : addiw a5, s2, 1            : IntAlu :  D=0x0000000000000002
1535000: system.cpu: T0 : 0x1ccec    : addiw s2, a5, 0            : IntAlu :  D=0x0000000000000002
1535500: system.cpu: T0 : 0x1ccf0    : bne s2, a0, -26            : IntAlu : 
1536000: system.cpu: T0 : 0x1ccd6    : c_slli a5, 32              : IntAlu :  D=0x0000000200000000
1536500: system.cpu: T0 : 0x1ccd8    : c_srli a5, 32              : IntAlu :  D=0x0000000000000002
1537500: system.cpu: T0 : 0x1ccda    : addi a5, a5, 536           : IntAlu :  D=0x000000000000021a
1538000: system.cpu: T0 : 0x1ccde    : c_slli a5, 2               : IntAlu :  D=0x0000000000000868
1538500: system.cpu: T0 : 0x1cce0    : c_add a5, s1               : IntAlu :  D=0x000000000006fe30
1539000: system.cpu: T0 : 0x1cce2    : c_lw a2, 0(a5)             : MemRead :  D=0x0000000000000000 A=0x6fe30
1539500: system.cpu: T0 : 0x1cce4    : bne a2, zero, 384          : IntAlu : 
1540000: system.cpu: T0 : 0x1cce8    : addiw a5, s2, 1            : IntAlu :  D=0x0000000000000003
1540500: system.cpu: T0 : 0x1ccec    : addiw s2, a5, 0            : IntAlu :  D=0x0000000000000003
1541000: system.cpu: T0 : 0x1ccf0    : bne s2, a0, -26            : IntAlu : 
1541500: system.cpu: T0 : 0x1ccd6    : c_slli a5, 32              : IntAlu :  D=0x0000000300000000
1542000: system.cpu: T0 : 0x1ccd8    : c_srli a5, 32              : IntAlu :  D=0x0000000000000003
1543000: system.cpu: T0 : 0x1ccda    : addi a5, a5, 536           : IntAlu :  D=0x000000000000021b
1543500: system.cpu: T0 : 0x1ccde    : c_slli a5, 2               : IntAlu :  D=0x000000000000086c
1544000: system.cpu: T0 : 0x1cce0    : c_add a5, s1               : IntAlu :  D=0x000000000006fe34
1544500: system.cpu: T0 : 0x1cce2    : c_lw a2, 0(a5)             : MemRead :  D=0x0000000000000000 A=0x6fe34
1545000: system.cpu: T0 : 0x1cce4    : bne a2, zero, 384          : IntAlu : 
1545500: system.cpu: T0 : 0x1cce8    : addiw a5, s2, 1            : IntAlu :  D=0x0000000000000004
1546000: system.cpu: T0 : 0x1ccec    : addiw s2, a5, 0            : IntAlu :  D=0x0000000000000004
1546500: system.cpu: T0 : 0x1ccf0    : bne s2, a0, -26            : IntAlu : 
1547000: system.cpu: T0 : 0x1ccf4    : c_ld a4, 96(s1)            : MemRead :  D=0x0000000000074210 A=0x6f628
1548000: system.cpu: T0 : 0x1ccf6    : ld a3, -1912(a7)           : MemRead :  D=0x0000000000021080 A=0x6fe50
1548500: system.cpu: T0 : 0x1ccfa    : c_ld a5, 8(a4)             : MemRead :  D=0x0000000000020df1 A=0x74218
1549000: system.cpu: T0 : 0x1ccfc    : c_andi a5, 18446744073709551608 : IntAlu :  D=0x0000000000020df0
1550000: system.cpu: T0 : 0x1ccfe    : bltu a3, a5, 548           : IntAlu : 
1551000: system.cpu: T0 : 0x1cd02    : addi a3, s0, 32            : IntAlu :  D=0x0000000000000050
1552000: system.cpu: T0 : 0x1cd06    : bgeu a5, a3, 640           : IntAlu : 
1553000: system.cpu: T0 : 0x1cf86    : add a0, a4, s0             : IntAlu :  D=0x0000000000074240
1554000: system.cpu: T0 : 0x1cf8a    : lui a2, 111                : IntAlu :  D=0x000000000006f000
1554500: system.cpu: T0 : 0x1cf8e    : c_sd a0, 96(s1)            : MemWrite :  D=0x0000000000074240 A=0x6f628
1555000: system.cpu: T0 : 0x1cf90    : addi a2, a2, 1480          : IntAlu :  D=0x000000000006f5c8
1555500: system.cpu: T0 : 0x1cf94    : c_sub a5, s0               : IntAlu :  D=0x0000000000020dc0
1556000: system.cpu: T0 : 0x1cf96    : c_li a3, 4                 : IntAlu :  D=0x0000000000000004
1556500: system.cpu: T0 : 0x1cf98    : beq s1, a2, 116            : IntAlu : 
1557000: system.cpu: T0 : 0x1d00c    : c_li a3, 0                 : IntAlu :  D=0x0000000000000000
1557500: system.cpu: T0 : 0x1d00e    : c_j -114                   : IntAlu : 
1558000: system.cpu: T0 : 0x1cf9c    : c_or a3, s0                : IntAlu :  D=0x0000000000000030
1559000: system.cpu: T0 : 0x1cf9e    : ori a3, a3, 1              : IntAlu :  D=0x0000000000000031
1560000: system.cpu: T0 : 0x1cfa2    : lw a1, -1396(gp)           : MemRead :  D=0x0000000000000000 A=0x70ae4
1560500: system.cpu: T0 : 0x1cfa6    : c_sd a3, 8(a4)             : MemWrite :  D=0x0000000000000031 A=0x74218
1561000: system.cpu: T0 : 0x1cfa8    : ori a5, a5, 1              : IntAlu :  D=0x0000000000020dc1
1561500: system.cpu: T0 : 0x1cfac    : c_sd a5, 8(a0)             : MemWrite :  D=0x0000000000020dc1 A=0x74248
1562500: system.cpu: T0 : 0x1cfae    : addi s2, a4, 16            : IntAlu :  D=0x0000000000074220
1563500: system.cpu: T0 : 0x1cfb2    : beq a1, zero, -1664        : IntAlu : 
1564000: system.cpu: T0 : 0x1c932    : c_ldsp ra, 248(sp)         : MemRead :  D=0x000000000001dab0 A=0x7ffffffffffffbf8
1564500: system.cpu: T0 : 0x1c934    : c_ldsp s0, 240(sp)         : MemRead :  D=0x0000000000000024 A=0x7ffffffffffffbf0
1565000: system.cpu: T0 : 0x1c936    : c_ldsp s1, 232(sp)         : MemRead :  D=0x000000000006f000 A=0x7ffffffffffffbe8
1565500: system.cpu: T0 : 0x1c938    : c_ldsp s3, 216(sp)         : MemRead :  D=0x0000000000000000 A=0x7ffffffffffffbd8
1566000: system.cpu: T0 : 0x1c93a    : c_ldsp s4, 208(sp)         : MemRead :  D=0x0000000000000000 A=0x7ffffffffffffbd0
1566500: system.cpu: T0 : 0x1c93c    : c_ldsp s5, 200(sp)         : MemRead :  D=0x0000000000000000 A=0x7ffffffffffffbc8
1567000: system.cpu: T0 : 0x1c93e    : c_ldsp s6, 192(sp)         : MemRead :  D=0x0000000000072000 A=0x7ffffffffffffbc0
1567500: system.cpu: T0 : 0x1c940    : c_ldsp s7, 184(sp)         : MemRead :  D=0x0000000000000000 A=0x7ffffffffffffbb8
1568000: system.cpu: T0 : 0x1c942    : c_ldsp s8, 176(sp)         : MemRead :  D=0x0000000000000000 A=0x7ffffffffffffbb0
1568500: system.cpu: T0 : 0x1c944    : c_ldsp s9, 168(sp)         : MemRead :  D=0x0000000000000003 A=0x7ffffffffffffba8
1569000: system.cpu: T0 : 0x1c946    : c_ldsp s10, 160(sp)        : MemRead :  D=0x0000000000000000 A=0x7ffffffffffffba0
1569500: system.cpu: T0 : 0x1c948    : c_ldsp s11, 152(sp)        : MemRead :  D=0x0000000000000000 A=0x7ffffffffffffb98
1570000: system.cpu: T0 : 0x1c94a    : c_mv a0, s2                : IntAlu :  D=0x0000000000074220
1570500: system.cpu: T0 : 0x1c94c    : c_ldsp s2, 224(sp)         : MemRead :  D=0x0000000000000002 A=0x7ffffffffffffbe0
1571000: system.cpu: T0 : 0x1c94e    : c_addi16sp sp, 256         : IntAlu :  D=0x7ffffffffffffc00
1571500: system.cpu: T0 : 0x1c950    : c_jr ra                    : IntAlu : 
1572000: system.cpu: T0 : 0x1dab0    : c_mv a5, a0                : IntAlu :  D=0x0000000000074220
1572500: system.cpu: T0 : 0x1dab2    : c_beqz a0, 150             : IntAlu : 
1573000: system.cpu: T0 : 0x1dab4    : ld a4, -8(a0)              : MemRead :  D=0x0000000000000031 A=0x74218
1573500: system.cpu: T0 : 0x1dab8    : andi a3, a4, 2             : IntAlu :  D=0x0000000000000000
1574000: system.cpu: T0 : 0x1dabc    : c_bnez a3, 26              : IntAlu : 
1574500: system.cpu: T0 : 0x1dabe    : c_andi a4, 4               : IntAlu :  D=0x0000000000000000
1575000: system.cpu: T0 : 0x1dac0    : c_beqz a4, 22              : IntAlu : 
1575500: system.cpu: T0 : 0x1dad6    : c_ldsp ra, 24(sp)          : MemRead :  D=0x000000000003db3a A=0x7ffffffffffffc18
1576000: system.cpu: T0 : 0x1dad8    : c_ldsp s0, 16(sp)          : MemRead :  D=0x7ffffffffffffcf0 A=0x7ffffffffffffc10
1576500: system.cpu: T0 : 0x1dada    : c_ldsp s1, 8(sp)           : MemRead :  D=0x7ffffffffffffc20 A=0x7ffffffffffffc08
1577000: system.cpu: T0 : 0x1dadc    : c_ldsp s2, 0(sp)           : MemRead :  D=0x0000000000000002 A=0x7ffffffffffffc00
1577500: system.cpu: T0 : 0x1dade    : c_mv a0, a5                : IntAlu :  D=0x0000000000074220
1578000: system.cpu: T0 : 0x1dae0    : c_addi16sp sp, 32          : IntAlu :  D=0x7ffffffffffffc20
1578500: system.cpu: T0 : 0x1dae2    : c_jr ra                    : IntAlu : 
1579000: system.cpu: T0 : 0x3db3a    : c_mv s6, a0                : IntAlu :  D=0x0000000000074220
1579500: system.cpu: T0 : 0x3db3c    : addi a5, s9, 1             : IntAlu :  D=0x0000000000000004
1580000: system.cpu: T0 : 0x3db40    : c_bnez a0, 64              : IntAlu : 
1580500: system.cpu: T0 : 0x3db80    : c_ld a1, 0(s1)             : MemRead :  D=0x0000000000061f28 A=0x7ffffffffffffc20
1581500: system.cpu: T0 : 0x3db82    : addi a0, a0, 32            : IntAlu :  D=0x0000000000074240
1582500: system.cpu: T0 : 0x3db86    : sd a5, 8(s6)               : MemWrite :  D=0x0000000000000004 A=0x74228
1583500: system.cpu: T0 : 0x3db8a    : sd a0, 0(s6)               : MemWrite :  D=0x0000000000074240 A=0x74220
1584500: system.cpu: T0 : 0x3db8e    : sd a0, 16(s6)              : MemWrite :  D=0x0000000000074240 A=0x74230
1585500: system.cpu: T0 : 0x3db92    : sd zero, 24(s6)            : MemWrite :  D=0x0000000000000000 A=0x74238
1586000: system.cpu: T0 : 0x3db96    : c_mv a2, s9                : IntAlu :  D=0x0000000000000003
1586500: system.cpu: T0 : 0x3db98    : jal ra, -123064            : IntAlu :  D=0x000000000003db9c
1587000: system.cpu: T0 : 0x1fae0    : c_addi sp, -16             : IntAlu :  D=0x7ffffffffffffc10
1587500: system.cpu: T0 : 0x1fae2    : c_sdsp s0, 0(sp)           : MemWrite :  D=0x7ffffffffffffcf0 A=0x7ffffffffffffc10
1588000: system.cpu: T0 : 0x1fae4    : c_sdsp ra, 8(sp)           : MemWrite :  D=0x000000000003db9c A=0x7ffffffffffffc18
1588500: system.cpu: T0 : 0x1fae6    : c_mv s0, a2                : IntAlu :  D=0x0000000000000003
1589000: system.cpu: T0 : 0x1fae8    : jal ra, 112                : IntAlu :  D=0x000000000001faec
1589500: system.cpu: T0 : 0x1fb58    : c_addi16sp sp, -48         : IntAlu :  D=0x7ffffffffffffbe0
1590000: system.cpu: T0 : 0x1fb5a    : c_sdsp s0, 32(sp)          : MemWrite :  D=0x0000000000000003 A=0x7ffffffffffffc00
1590500: system.cpu: T0 : 0x1fb5c    : c_sdsp s2, 16(sp)          : MemWrite :  D=0x0000000000000002 A=0x7ffffffffffffbf0
1591000: system.cpu: T0 : 0x1fb5e    : c_sdsp ra, 40(sp)          : MemWrite :  D=0x000000000001faec A=0x7ffffffffffffc08
1591500: system.cpu: T0 : 0x1fb60    : c_sdsp s1, 24(sp)          : MemWrite :  D=0x7ffffffffffffc20 A=0x7ffffffffffffbf8
1592000: system.cpu: T0 : 0x1fb62    : c_sdsp s3, 8(sp)           : MemWrite :  D=0x0000000000000000 A=0x7ffffffffffffbe8
1592500: system.cpu: T0 : 0x1fb64    : c_li a5, 15                : IntAlu :  D=0x000000000000000f
1593000: system.cpu: T0 : 0x1fb66    : c_mv s2, a0                : IntAlu :  D=0x0000000000074240
1593500: system.cpu: T0 : 0x1fb68    : c_mv a4, a0                : IntAlu :  D=0x0000000000074240
1594000: system.cpu: T0 : 0x1fb6a    : c_mv s0, a1                : IntAlu :  D=0x0000000000061f28
1594500: system.cpu: T0 : 0x1fb6c    : bgeu a5, a2, 72            : IntAlu : 
1595000: system.cpu: T0 : 0x1fbb4    : c_addi a4, -1              : IntAlu :  D=0x000000000007423f
1595500: system.cpu: T0 : 0x1fbb6    : c_mv a5, s0                : IntAlu :  D=0x0000000000061f28
1596000: system.cpu: T0 : 0x1fbb8    : add a1, a2, s0             : IntAlu :  D=0x0000000000061f2b
1596500: system.cpu: T0 : 0x1fbbc    : c_sub a4, s0               : IntAlu :  D=0x0000000000012317
1597000: system.cpu: T0 : 0x1fbbe    : c_beqz a2, 20              : IntAlu : 
1597500: system.cpu: T0 : 0x1fbc0    : lbu a2, 0(a5)              : MemRead :  D=0x0000000000000074 A=0x61f28
1598000: system.cpu: T0 : 0x1fbc4    : c_addi a5, 1               : IntAlu :  D=0x0000000000061f29
1599000: system.cpu: T0 : 0x1fbc6    : add a3, a4, a5             : IntAlu :  D=0x0000000000074240
1600000: system.cpu: T0 : 0x1fbca    : sb a2, 0(a3)               : MemWrite :  D=0x0000000000000074 A=0x74240
1601000: system.cpu: T0 : 0x1fbce    : bne a1, a5, -14            : IntAlu : 
1601500: system.cpu: T0 : 0x1fbc0    : lbu a2, 0(a5)              : MemRead :  D=0x000000000000006c A=0x61f29
1602000: system.cpu: T0 : 0x1fbc4    : c_addi a5, 1               : IntAlu :  D=0x0000000000061f2a
1603000: system.cpu: T0 : 0x1fbc6    : add a3, a4, a5             : IntAlu :  D=0x0000000000074241
1604000: system.cpu: T0 : 0x1fbca    : sb a2, 0(a3)               : MemWrite :  D=0x000000000000006c A=0x74241
1605000: system.cpu: T0 : 0x1fbce    : bne a1, a5, -14            : IntAlu : 
1605500: system.cpu: T0 : 0x1fbc0    : lbu a2, 0(a5)              : MemRead :  D=0x0000000000000073 A=0x61f2a
1606000: system.cpu: T0 : 0x1fbc4    : c_addi a5, 1               : IntAlu :  D=0x0000000000061f2b
1607000: system.cpu: T0 : 0x1fbc6    : add a3, a4, a5             : IntAlu :  D=0x0000000000074242
1608000: system.cpu: T0 : 0x1fbca    : sb a2, 0(a3)               : MemWrite :  D=0x0000000000000073 A=0x74242
1609000: system.cpu: T0 : 0x1fbce    : bne a1, a5, -14            : IntAlu : 
1609500: system.cpu: T0 : 0x1fbd2    : c_ldsp ra, 40(sp)          : MemRead :  D=0x000000000001faec A=0x7ffffffffffffc08
1610000: system.cpu: T0 : 0x1fbd4    : c_ldsp s0, 32(sp)          : MemRead :  D=0x0000000000000003 A=0x7ffffffffffffc00
1610500: system.cpu: T0 : 0x1fbd6    : c_ldsp s1, 24(sp)          : MemRead :  D=0x7ffffffffffffc20 A=0x7ffffffffffffbf8
1611000: system.cpu: T0 : 0x1fbd8    : c_ldsp s3, 8(sp)           : MemRead :  D=0x0000000000000000 A=0x7ffffffffffffbe8
1611500: system.cpu: T0 : 0x1fbda    : c_mv a0, s2                : IntAlu :  D=0x0000000000074240
1612000: system.cpu: T0 : 0x1fbdc    : c_ldsp s2, 16(sp)          : MemRead :  D=0x0000000000000002 A=0x7ffffffffffffbf0
1612500: system.cpu: T0 : 0x1fbde    : c_addi16sp sp, 48          : IntAlu :  D=0x7ffffffffffffc10
1613000: system.cpu: T0 : 0x1fbe0    : c_jr ra                    : IntAlu : 
1613500: system.cpu: T0 : 0x1faec    : c_ldsp ra, 8(sp)           : MemRead :  D=0x000000000003db9c A=0x7ffffffffffffc18
1614000: system.cpu: T0 : 0x1faee    : c_add a0, s0               : IntAlu :  D=0x0000000000074243
1614500: system.cpu: T0 : 0x1faf0    : c_ldsp s0, 0(sp)           : MemRead :  D=0x7ffffffffffffcf0 A=0x7ffffffffffffc10
1615000: system.cpu: T0 : 0x1faf2    : c_addi sp, 16              : IntAlu :  D=0x7ffffffffffffc20
1615500: system.cpu: T0 : 0x1faf4    : c_jr ra                    : IntAlu : 
1616000: system.cpu: T0 : 0x3db9c    : ld a4, -136(s0)            : MemRead :  D=0x000000000006efd0 A=0x7ffffffffffffc68
1616500: system.cpu: T0 : 0x3dba0    : addi a5, zero, 47          : IntAlu :  D=0x000000000000002f
1617000: system.cpu: T0 : 0x3dba4    : sb a5, 0(a0)               : MemWrite :  D=0x000000000000002f A=0x74243
1617500: system.cpu: T0 : 0x3dba8    : sd s2, 0(a4)               : MemWrite :  D=0x0000000000000002 A=0x6efd0
1618000: system.cpu: T0 : 0x3dbac    : ld a5, 8(s6)               : MemRead :  D=0x0000000000000004 A=0x74228
1618500: system.cpu: T0 : 0x3dbb0    : ld a4, -160(s0)            : MemRead :  D=0x000000000006efc8 A=0x7ffffffffffffc50
1619000: system.cpu: T0 : 0x3dbb4    : c_sd a5, 0(a4)             : MemWrite :  D=0x0000000000000004 A=0x6efc8
1619500: system.cpu: T0 : 0x3dbb6    : c_j -178                   : IntAlu : 
1620000: system.cpu: T0 : 0x3db04    : addi sp, s0, -192          : IntAlu :  D=0x7ffffffffffffc30
1620500: system.cpu: T0 : 0x3db08    : c_ldsp ra, 184(sp)         : MemRead :  D=0x000000000003b074 A=0x7ffffffffffffce8
1621000: system.cpu: T0 : 0x3db0a    : c_mv a0, s6                : IntAlu :  D=0x0000000000074220
1621500: system.cpu: T0 : 0x3db0c    : c_ldsp s0, 176(sp)         : MemRead :  D=0x7ffffffffffffd30 A=0x7ffffffffffffce0
1622000: system.cpu: T0 : 0x3db0e    : c_ldsp s1, 168(sp)         : MemRead :  D=0x000000000006fe60 A=0x7ffffffffffffcd8
1622500: system.cpu: T0 : 0x3db10    : c_ldsp s2, 160(sp)         : MemRead :  D=0x0000000000000000 A=0x7ffffffffffffcd0
1623000: system.cpu: T0 : 0x3db12    : c_ldsp s3, 152(sp)         : MemRead :  D=0x000000000006efc0 A=0x7ffffffffffffcc8
1623500: system.cpu: T0 : 0x3db14    : c_ldsp s4, 144(sp)         : MemRead :  D=0x0000000000070000 A=0x7ffffffffffffcc0
1624000: system.cpu: T0 : 0x3db16    : c_ldsp s5, 136(sp)         : MemRead :  D=0x0000000000072000 A=0x7ffffffffffffcb8
1624500: system.cpu: T0 : 0x3db18    : c_ldsp s6, 128(sp)         : MemRead :  D=0x0000000000072000 A=0x7ffffffffffffcb0
1625000: system.cpu: T0 : 0x3db1a    : c_ldsp s7, 120(sp)         : MemRead :  D=0x0000000000000000 A=0x7ffffffffffffca8
1625500: system.cpu: T0 : 0x3db1c    : c_ldsp s8, 112(sp)         : MemRead :  D=0x0000000000000000 A=0x7ffffffffffffca0
1626000: system.cpu: T0 : 0x3db1e    : c_ldsp s9, 104(sp)         : MemRead :  D=0x0000000000000000 A=0x7ffffffffffffc98
1626500: system.cpu: T0 : 0x3db20    : c_ldsp s10, 96(sp)         : MemRead :  D=0x0000000000000000 A=0x7ffffffffffffc90
1627000: system.cpu: T0 : 0x3db22    : c_ldsp s11, 88(sp)         : MemRead :  D=0x0000000000000000 A=0x7ffffffffffffc88
1627500: system.cpu: T0 : 0x3db24    : c_addi16sp sp, 192         : IntAlu :  D=0x7ffffffffffffcf0
1628000: system.cpu: T0 : 0x3db26    : c_jr ra                    : IntAlu : 
1628500: system.cpu: T0 : 0x3b074    : c_mv a5, a0                : IntAlu :  D=0x0000000000074220
1629500: system.cpu: T0 : 0x3b076    : addi a0, zero, 40          : IntAlu :  D=0x0000000000000028
1630500: system.cpu: T0 : 0x3b07a    : sd a5, 24(s3)              : MemWrite :  D=0x0000000000074220 A=0x6efd8
1631500: system.cpu: T0 : 0x3b07e    : jal ra, -120344            : IntAlu :  D=0x000000000003b082
1632500: system.cpu: T0 : 0x1da66    : ld t1, -1848(gp)           : MemRead :  D=0x0000000000000000 A=0x70920
1633500: system.cpu: T0 : 0x1da6a    : bne t1, zero, 260          : IntAlu : 
1634000: system.cpu: T0 : 0x1da6e    : c_addi sp, -32             : IntAlu :  D=0x7ffffffffffffcd0
1634500: system.cpu: T0 : 0x1da70    : c_sdsp s0, 16(sp)          : MemWrite :  D=0x7ffffffffffffd30 A=0x7ffffffffffffce0
1635000: system.cpu: T0 : 0x1da72    : c_sdsp ra, 24(sp)          : MemWrite :  D=0x000000000003b082 A=0x7ffffffffffffce8
1635500: system.cpu: T0 : 0x1da74    : c_sdsp s1, 8(sp)           : MemWrite :  D=0x000000000006fe60 A=0x7ffffffffffffcd8
1636000: system.cpu: T0 : 0x1da76    : c_sdsp s2, 0(sp)           : MemWrite :  D=0x0000000000000000 A=0x7ffffffffffffcd0
1636500: system.cpu: T0 : 0x1da78    : c_mv s0, a0                : IntAlu :  D=0x0000000000000028
1637500: system.cpu: T0 : 0x1da7a    : blt a0, zero, 222          : IntAlu : 
1638500: system.cpu: T0 : 0x1da7e    : addi a5, a0, 23            : IntAlu :  D=0x000000000000003f
1639000: system.cpu: T0 : 0x1da82    : c_li a4, 31                : IntAlu :  D=0x000000000000001f
1639500: system.cpu: T0 : 0x1da84    : c_li s1, 0                 : IntAlu :  D=0x0000000000000000
1640500: system.cpu: T0 : 0x1da86    : bltu a4, a5, 94            : IntAlu : 
1641000: system.cpu: T0 : 0x1dae4    : c_andi a5, 18446744073709551600 : IntAlu :  D=0x0000000000000030
1641500: system.cpu: T0 : 0x1dae6    : c_addi a5, -17             : IntAlu :  D=0x000000000000001f
1642000: system.cpu: T0 : 0x1dae8    : srli s1, a5, 4             : IntAlu :  D=0x0000000000000001
1642500: system.cpu: T0 : 0x1daec    : c_j -98                    : IntAlu : 
1643500: system.cpu: T0 : 0x1da8a    : ld a4, 40(tp)              : MemRead :  D=0x0000000000073f90 A=0x73738
1644000: system.cpu: T0 : 0x1da8e    : c_beqz a4, 96              : IntAlu : 
1644500: system.cpu: T0 : 0x1da90    : lui a5, 111                : IntAlu :  D=0x000000000006f000
1645000: system.cpu: T0 : 0x1da94    : ld a5, 1448(a5)            : MemRead :  D=0x0000000000000040 A=0x6f5a8
1645500: system.cpu: T0 : 0x1da98    : bltu s1, a5, 114           : IntAlu : 
1646500: system.cpu: T0 : 0x1db0a    : slli a3, s1, 1             : IntAlu :  D=0x0000000000000002
1647000: system.cpu: T0 : 0x1db0e    : c_add a3, a4               : IntAlu :  D=0x0000000000073f92
1647500: system.cpu: T0 : 0x1db10    : lhu a2, 0(a3)              : MemRead :  D=0x0000000000000000 A=0x73f92
1648000: system.cpu: T0 : 0x1db14    : c_beqz a2, -120            : IntAlu : 
1648500: system.cpu: T0 : 0x1da9c    : lw a5, -1808(tp)           : MemRead :  D=0x0000000000000000 A=0x73000
1649000: system.cpu: T0 : 0x1daa0    : c_bnez a5, 210             : IntAlu : 
1650000: system.cpu: T0 : 0x1daa2    : lui s1, 111                : IntAlu :  D=0x000000000006f000
1650500: system.cpu: T0 : 0x1daa6    : c_mv a1, s0                : IntAlu :  D=0x0000000000000028
1651000: system.cpu: T0 : 0x1daa8    : addi a0, s1, 1480          : IntAlu :  D=0x000000000006f5c8
1651500: system.cpu: T0 : 0x1daac    : jal ra, -5228              : IntAlu :  D=0x000000000001dab0
1652000: system.cpu: T0 : 0x1c640    : c_addi16sp sp, -256        : IntAlu :  D=0x7ffffffffffffbd0
1652500: system.cpu: T0 : 0x1c642    : c_sdsp ra, 248(sp)         : MemWrite :  D=0x000000000001dab0 A=0x7ffffffffffffcc8
1653000: system.cpu: T0 : 0x1c644    : c_sdsp s0, 240(sp)         : MemWrite :  D=0x0000000000000028 A=0x7ffffffffffffcc0
1653500: system.cpu: T0 : 0x1c646    : c_sdsp s1, 232(sp)         : MemWrite :  D=0x000000000006f000 A=0x7ffffffffffffcb8
1654000: system.cpu: T0 : 0x1c648    : c_sdsp s2, 224(sp)         : MemWrite :  D=0x0000000000000000 A=0x7ffffffffffffcb0
1654500: system.cpu: T0 : 0x1c64a    : c_sdsp s3, 216(sp)         : MemWrite :  D=0x000000000006efc0 A=0x7ffffffffffffca8
1655000: system.cpu: T0 : 0x1c64c    : c_sdsp s4, 208(sp)         : MemWrite :  D=0x0000000000070000 A=0x7ffffffffffffca0
1655500: system.cpu: T0 : 0x1c64e    : c_sdsp s5, 200(sp)         : MemWrite :  D=0x0000000000072000 A=0x7ffffffffffffc98
1656000: system.cpu: T0 : 0x1c650    : c_sdsp s6, 192(sp)         : MemWrite :  D=0x0000000000072000 A=0x7ffffffffffffc90
1656500: system.cpu: T0 : 0x1c652    : c_sdsp s7, 184(sp)         : MemWrite :  D=0x0000000000000000 A=0x7ffffffffffffc88
1657000: system.cpu: T0 : 0x1c654    : c_sdsp s8, 176(sp)         : MemWrite :  D=0x0000000000000000 A=0x7ffffffffffffc80
1657500: system.cpu: T0 : 0x1c656    : c_sdsp s9, 168(sp)         : MemWrite :  D=0x0000000000000000 A=0x7ffffffffffffc78
1658000: system.cpu: T0 : 0x1c658    : c_sdsp s10, 160(sp)        : MemWrite :  D=0x0000000000000000 A=0x7ffffffffffffc70
1658500: system.cpu: T0 : 0x1c65a    : c_sdsp s11, 152(sp)        : MemWrite :  D=0x0000000000000000 A=0x7ffffffffffffc68
1659000: system.cpu: T0 : 0x1c65c    : blt a1, zero, 1198         : IntAlu : 
1659500: system.cpu: T0 : 0x1c660    : addi s0, a1, 23            : IntAlu :  D=0x000000000000003f
1660000: system.cpu: T0 : 0x1c664    : c_li a5, 31                : IntAlu :  D=0x000000000000001f
1660500: system.cpu: T0 : 0x1c666    : c_mv s3, a1                : IntAlu :  D=0x0000000000000028
1661000: system.cpu: T0 : 0x1c668    : c_mv s1, a0                : IntAlu :  D=0x000000000006f5c8
1662000: system.cpu: T0 : 0x1c66a    : bltu a5, s0, 220           : IntAlu : 
1662500: system.cpu: T0 : 0x1c746    : c_andi s0, 18446744073709551600 : IntAlu :  D=0x0000000000000030
1663000: system.cpu: T0 : 0x1c748    : beq a0, zero, 988          : IntAlu : 
1663500: system.cpu: T0 : 0x1c74c    : ld a4, -1376(gp)           : MemRead :  D=0x0000000000000080 A=0x70af8
1664000: system.cpu: T0 : 0x1c750    : srliw s9, s0, 4            : IntAlu :  D=0x0000000000000003
1664500: system.cpu: T0 : 0x1c754    : srliw a5, s0, 4            : IntAlu :  D=0x0000000000000003
1665000: system.cpu: T0 : 0x1c758    : bgeu a4, s0, 506           : IntAlu : 
1665500: system.cpu: T0 : 0x1c952    : c_addiw a5, -2             : IntAlu :  D=0x0000000000000001
1666000: system.cpu: T0 : 0x1c954    : slli a2, a5, 32            : IntAlu :  D=0x0000000100000000
1666500: system.cpu: T0 : 0x1c958    : c_srli a2, 32              : IntAlu :  D=0x0000000000000001
1667000: system.cpu: T0 : 0x1c95a    : c_addi a2, 2               : IntAlu :  D=0x0000000000000003
1667500: system.cpu: T0 : 0x1c95c    : c_slli a2, 3               : IntAlu :  D=0x0000000000000018
1668000: system.cpu: T0 : 0x1c95e    : c_j -376                   : IntAlu : 
1668500: system.cpu: T0 : 0x1c7e6    : c_slli a5, 32              : IntAlu :  D=0x0000000100000000
1669000: system.cpu: T0 : 0x1c7e8    : c_srli a5, 29              : IntAlu :  D=0x0000000000000008
1669500: system.cpu: T0 : 0x1c7ea    : c_add a5, s1               : IntAlu :  D=0x000000000006f5d0
1670000: system.cpu: T0 : 0x1c7ec    : ld s2, 16(a5)              : MemRead :  D=0x0000000000000000 A=0x6f5e0
1670500: system.cpu: T0 : 0x1c7f0    : beq s2, zero, 170          : IntAlu : 
1671500: system.cpu: T0 : 0x1c89a    : addiw a5, s9, -1           : IntAlu :  D=0x0000000000000002
1672500: system.cpu: T0 : 0x1c89e    : slliw a5, a5, 1            : IntAlu :  D=0x0000000000000004
1673000: system.cpu: T0 : 0x1c8a2    : c_slli a5, 32              : IntAlu :  D=0x0000000400000000
1673500: system.cpu: T0 : 0x1c8a4    : c_srli a5, 32              : IntAlu :  D=0x0000000000000004
1674000: system.cpu: T0 : 0x1c8a6    : c_addi a5, 14              : IntAlu :  D=0x0000000000000012
1674500: system.cpu: T0 : 0x1c8a8    : c_slli a5, 3               : IntAlu :  D=0x0000000000000090
1675000: system.cpu: T0 : 0x1c8aa    : c_j -550                   : IntAlu : 
1675500: system.cpu: T0 : 0x1c684    : c_add a5, s1               : IntAlu :  D=0x000000000006f658
1676500: system.cpu: T0 : 0x1c686    : ld s2, 8(a5)               : MemRead :  D=0x000000000006f648 A=0x6f660
1677500: system.cpu: T0 : 0x1c68a    : addi a3, a5, -16           : IntAlu :  D=0x000000000006f648
1678500: system.cpu: T0 : 0x1c68e    : beq a3, s2, 748            : IntAlu : 
1679500: system.cpu: T0 : 0x1c97a    : srli t1, s0, 9             : IntAlu :  D=0x0000000000000000
1680500: system.cpu: T0 : 0x1c97e    : addiw a5, t1, 91           : IntAlu :  D=0x000000000000005b
1681500: system.cpu: T0 : 0x1c982    : srli s10, s0, 6            : IntAlu :  D=0x0000000000000000
1682000: system.cpu: T0 : 0x1c986    : c_sdsp a5, 96(sp)          : MemWrite :  D=0x000000000000005b A=0x7ffffffffffffc30
1682500: system.cpu: T0 : 0x1c988    : addiw a5, s10, 48          : IntAlu :  D=0x0000000000000030
1683000: system.cpu: T0 : 0x1c98c    : c_sdsp a5, 88(sp)          : MemWrite :  D=0x0000000000000030 A=0x7ffffffffffffc28
1684000: system.cpu: T0 : 0x1c98e    : addi a5, zero, 110         : IntAlu :  D=0x000000000000006e
1684500: system.cpu: T0 : 0x1c992    : c_sdsp a5, 112(sp)         : MemWrite :  D=0x000000000000006e A=0x7ffffffffffffc40
1685000: system.cpu: T0 : 0x1c994    : addi a5, zero, 119         : IntAlu :  D=0x0000000000000077
1685500: system.cpu: T0 : 0x1c998    : c_sdsp a5, 104(sp)         : MemWrite :  D=0x0000000000000077 A=0x7ffffffffffffc38
1686500: system.cpu: T0 : 0x1c99a    : addi a5, zero, 124         : IntAlu :  D=0x000000000000007c
1687000: system.cpu: T0 : 0x1c99e    : c_sdsp s9, 8(sp)           : MemWrite :  D=0x0000000000000003 A=0x7ffffffffffffbd8
1687500: system.cpu: T0 : 0x1c9a0    : c_sdsp a5, 120(sp)         : MemWrite :  D=0x000000000000007c A=0x7ffffffffffffc48
1688000: system.cpu: T0 : 0x1c9a2    : c_sdsp zero, 128(sp)       : MemWrite :  D=0x0000000000000000 A=0x7ffffffffffffc50
1688500: system.cpu: T0 : 0x1c9a4    : c_sdsp zero, 136(sp)       : MemWrite :  D=0x0000000000000000 A=0x7ffffffffffffc58
1689500: system.cpu: T0 : 0x1c9a6    : ld a5, 40(tp)              : MemRead :  D=0x0000000000073f90 A=0x73738
1690500: system.cpu: T0 : 0x1c9aa    : addi s6, s0, -17           : IntAlu :  D=0x000000000000001f
1691500: system.cpu: T0 : 0x1c9ae    : srli s6, s6, 4             : IntAlu :  D=0x0000000000000001
1692000: system.cpu: T0 : 0x1c9b2    : c_li s5, 0                 : IntAlu :  D=0x0000000000000000
1692500: system.cpu: T0 : 0x1c9b4    : c_beqz a5, 22              : IntAlu : 
1693500: system.cpu: T0 : 0x1c9b6    : lui a5, 111                : IntAlu :  D=0x000000000006f000
1694500: system.cpu: T0 : 0x1c9ba    : ld s5, 1448(a5)            : MemRead :  D=0x0000000000000040 A=0x6f5a8
1695500: system.cpu: T0 : 0x1c9be    : sltu s5, s6, s5            : IntAlu :  D=0x0000000000000001
1696500: system.cpu: T0 : 0x1c9c2    : sub s5, zero, s5           : IntAlu :  D=0xffffffffffffffff
1697500: system.cpu: T0 : 0x1c9c6    : and s5, s0, s5             : IntAlu :  D=0x0000000000000030
1698500: system.cpu: T0 : 0x1c9ca    : lui a5, 111                : IntAlu :  D=0x000000000006f000
1699000: system.cpu: T0 : 0x1c9ce    : c_lui s11, 1               : IntAlu :  D=0x0000000000001000
1699500: system.cpu: T0 : 0x1c9d0    : lui s7, 111                : IntAlu :  D=0x000000000006f000
1700000: system.cpu: T0 : 0x1c9d4    : addi a5, a5, 1480          : IntAlu :  D=0x000000000006f5c8
1700500: system.cpu: T0 : 0x1c9d8    : addi s8, s1, 96            : IntAlu :  D=0x000000000006f628
1701000: system.cpu: T0 : 0x1c9dc    : c_li t5, 0                 : IntAlu :  D=0x0000000000000000
1702000: system.cpu: T0 : 0x1c9de    : addi s7, s7, 1368          : IntAlu :  D=0x000000000006f558
1703000: system.cpu: T0 : 0x1c9e2    : add a7, s1, s11            : IntAlu :  D=0x00000000000705c8
1703500: system.cpu: T0 : 0x1c9e6    : c_sdsp a5, 56(sp)          : MemWrite :  D=0x000000000006f5c8 A=0x7ffffffffffffc08
1704000: system.cpu: T0 : 0x1c9e8    : c_ld a5, 120(s1)           : MemRead :  D=0x000000000006f628 A=0x6f640
1705000: system.cpu: T0 : 0x1c9ea    : beq a5, s8, 532            : IntAlu : 
1706000: system.cpu: T0 : 0x1cbfe    : addi a5, zero, 1023        : IntAlu :  D=0x00000000000003ff
1707000: system.cpu: T0 : 0x1cc02    : bgeu a5, s0, 38            : IntAlu : 
1707500: system.cpu: T0 : 0x1cc28    : c_ldsp a3, 8(sp)           : MemRead :  D=0x0000000000000003 A=0x7ffffffffffffbd8
1708000: system.cpu: T0 : 0x1cc2a    : c_li a0, 4                 : IntAlu :  D=0x0000000000000004
1708500: system.cpu: T0 : 0x1cc2c    : addiw a5, a3, 1            : IntAlu :  D=0x0000000000000004
1709000: system.cpu: T0 : 0x1cc30    : srliw a4, a5, 5            : IntAlu :  D=0x0000000000000000
1709500: system.cpu: T0 : 0x1cc34    : slliw a3, a3, 1            : IntAlu :  D=0x0000000000000006
1710000: system.cpu: T0 : 0x1cc38    : addi a4, a4, 536           : IntAlu :  D=0x0000000000000218
1710500: system.cpu: T0 : 0x1cc3c    : c_slli a3, 32              : IntAlu :  D=0x0000000600000000
1711000: system.cpu: T0 : 0x1cc3e    : c_slli a4, 2               : IntAlu :  D=0x0000000000000860
1711500: system.cpu: T0 : 0x1cc40    : c_srli a3, 32              : IntAlu :  D=0x0000000000000006
1712000: system.cpu: T0 : 0x1cc42    : c_add a4, s1               : IntAlu :  D=0x000000000006fe28
1712500: system.cpu: T0 : 0x1cc44    : c_slli a3, 3               : IntAlu :  D=0x0000000000000030
1713000: system.cpu: T0 : 0x1cc46    : c_lw a2, 0(a4)             : MemRead :  D=0x0000000000000000 A=0x6fe28
1713500: system.cpu: T0 : 0x1cc48    : addi a3, a3, 96            : IntAlu :  D=0x0000000000000090
1714000: system.cpu: T0 : 0x1cc4c    : c_li a4, 1                 : IntAlu :  D=0x0000000000000001
1715000: system.cpu: T0 : 0x1cc4e    : srliw s2, a5, 5            : IntAlu :  D=0x0000000000000000
1715500: system.cpu: T0 : 0x1cc52    : c_add a3, s1               : IntAlu :  D=0x000000000006f658
1716000: system.cpu: T0 : 0x1cc54    : sllw a5, a4, a5            : IntAlu :  D=0x0000000000000010
1716500: system.cpu: T0 : 0x1cc58    : bltu a2, a5, 144           : IntAlu : 
1717000: system.cpu: T0 : 0x1cce8    : addiw a5, s2, 1            : IntAlu :  D=0x0000000000000001
1717500: system.cpu: T0 : 0x1ccec    : addiw s2, a5, 0            : IntAlu :  D=0x0000000000000001
1718000: system.cpu: T0 : 0x1ccf0    : bne s2, a0, -26            : IntAlu : 
1718500: system.cpu: T0 : 0x1ccd6    : c_slli a5, 32              : IntAlu :  D=0x0000000100000000
1719000: system.cpu: T0 : 0x1ccd8    : c_srli a5, 32              : IntAlu :  D=0x0000000000000001
1720000: system.cpu: T0 : 0x1ccda    : addi a5, a5, 536           : IntAlu :  D=0x0000000000000219
1720500: system.cpu: T0 : 0x1ccde    : c_slli a5, 2               : IntAlu :  D=0x0000000000000864
1721000: system.cpu: T0 : 0x1cce0    : c_add a5, s1               : IntAlu :  D=0x000000000006fe2c
1721500: system.cpu: T0 : 0x1cce2    : c_lw a2, 0(a5)             : MemRead :  D=0x0000000000000000 A=0x6fe2c
1722000: system.cpu: T0 : 0x1cce4    : bne a2, zero, 384          : IntAlu : 
1722500: system.cpu: T0 : 0x1cce8    : addiw a5, s2, 1            : IntAlu :  D=0x0000000000000002
1723000: system.cpu: T0 : 0x1ccec    : addiw s2, a5, 0            : IntAlu :  D=0x0000000000000002
1723500: system.cpu: T0 : 0x1ccf0    : bne s2, a0, -26            : IntAlu : 
1724000: system.cpu: T0 : 0x1ccd6    : c_slli a5, 32              : IntAlu :  D=0x0000000200000000
1724500: system.cpu: T0 : 0x1ccd8    : c_srli a5, 32              : IntAlu :  D=0x0000000000000002
1725500: system.cpu: T0 : 0x1ccda    : addi a5, a5, 536           : IntAlu :  D=0x000000000000021a
1726000: system.cpu: T0 : 0x1ccde    : c_slli a5, 2               : IntAlu :  D=0x0000000000000868
1726500: system.cpu: T0 : 0x1cce0    : c_add a5, s1               : IntAlu :  D=0x000000000006fe30
1727000: system.cpu: T0 : 0x1cce2    : c_lw a2, 0(a5)             : MemRead :  D=0x0000000000000000 A=0x6fe30
1727500: system.cpu: T0 : 0x1cce4    : bne a2, zero, 384          : IntAlu : 
1728000: system.cpu: T0 : 0x1cce8    : addiw a5, s2, 1            : IntAlu :  D=0x0000000000000003
1728500: system.cpu: T0 : 0x1ccec    : addiw s2, a5, 0            : IntAlu :  D=0x0000000000000003
1729000: system.cpu: T0 : 0x1ccf0    : bne s2, a0, -26            : IntAlu : 
1729500: system.cpu: T0 : 0x1ccd6    : c_slli a5, 32              : IntAlu :  D=0x0000000300000000
1730000: system.cpu: T0 : 0x1ccd8    : c_srli a5, 32              : IntAlu :  D=0x0000000000000003
1731000: system.cpu: T0 : 0x1ccda    : addi a5, a5, 536           : IntAlu :  D=0x000000000000021b
1731500: system.cpu: T0 : 0x1ccde    : c_slli a5, 2               : IntAlu :  D=0x000000000000086c
1732000: system.cpu: T0 : 0x1cce0    : c_add a5, s1               : IntAlu :  D=0x000000000006fe34
1732500: system.cpu: T0 : 0x1cce2    : c_lw a2, 0(a5)             : MemRead :  D=0x0000000000000000 A=0x6fe34
1733000: system.cpu: T0 : 0x1cce4    : bne a2, zero, 384          : IntAlu : 
1733500: system.cpu: T0 : 0x1cce8    : addiw a5, s2, 1            : IntAlu :  D=0x0000000000000004
1734000: system.cpu: T0 : 0x1ccec    : addiw s2, a5, 0            : IntAlu :  D=0x0000000000000004
1734500: system.cpu: T0 : 0x1ccf0    : bne s2, a0, -26            : IntAlu : 
1735000: system.cpu: T0 : 0x1ccf4    : c_ld a4, 96(s1)            : MemRead :  D=0x0000000000074240 A=0x6f628
1736000: system.cpu: T0 : 0x1ccf6    : ld a3, -1912(a7)           : MemRead :  D=0x0000000000021080 A=0x6fe50
1736500: system.cpu: T0 : 0x1ccfa    : c_ld a5, 8(a4)             : MemRead :  D=0x0000000000020dc1 A=0x74248
1737000: system.cpu: T0 : 0x1ccfc    : c_andi a5, 18446744073709551608 : IntAlu :  D=0x0000000000020dc0
1738000: system.cpu: T0 : 0x1ccfe    : bltu a3, a5, 548           : IntAlu : 
1739000: system.cpu: T0 : 0x1cd02    : addi a3, s0, 32            : IntAlu :  D=0x0000000000000050
1740000: system.cpu: T0 : 0x1cd06    : bgeu a5, a3, 640           : IntAlu : 
1741000: system.cpu: T0 : 0x1cf86    : add a0, a4, s0             : IntAlu :  D=0x0000000000074270
1742000: system.cpu: T0 : 0x1cf8a    : lui a2, 111                : IntAlu :  D=0x000000000006f000
1742500: system.cpu: T0 : 0x1cf8e    : c_sd a0, 96(s1)            : MemWrite :  D=0x0000000000074270 A=0x6f628
1743000: system.cpu: T0 : 0x1cf90    : addi a2, a2, 1480          : IntAlu :  D=0x000000000006f5c8
1743500: system.cpu: T0 : 0x1cf94    : c_sub a5, s0               : IntAlu :  D=0x0000000000020d90
1744000: system.cpu: T0 : 0x1cf96    : c_li a3, 4                 : IntAlu :  D=0x0000000000000004
1744500: system.cpu: T0 : 0x1cf98    : beq s1, a2, 116            : IntAlu : 
1745000: system.cpu: T0 : 0x1d00c    : c_li a3, 0                 : IntAlu :  D=0x0000000000000000
1745500: system.cpu: T0 : 0x1d00e    : c_j -114                   : IntAlu : 
1746000: system.cpu: T0 : 0x1cf9c    : c_or a3, s0                : IntAlu :  D=0x0000000000000030
1747000: system.cpu: T0 : 0x1cf9e    : ori a3, a3, 1              : IntAlu :  D=0x0000000000000031
1748000: system.cpu: T0 : 0x1cfa2    : lw a1, -1396(gp)           : MemRead :  D=0x0000000000000000 A=0x70ae4
1748500: system.cpu: T0 : 0x1cfa6    : c_sd a3, 8(a4)             : MemWrite :  D=0x0000000000000031 A=0x74248
1749000: system.cpu: T0 : 0x1cfa8    : ori a5, a5, 1              : IntAlu :  D=0x0000000000020d91
1749500: system.cpu: T0 : 0x1cfac    : c_sd a5, 8(a0)             : MemWrite :  D=0x0000000000020d91 A=0x74278
1750500: system.cpu: T0 : 0x1cfae    : addi s2, a4, 16            : IntAlu :  D=0x0000000000074250
1751500: system.cpu: T0 : 0x1cfb2    : beq a1, zero, -1664        : IntAlu : 
1752000: system.cpu: T0 : 0x1c932    : c_ldsp ra, 248(sp)         : MemRead :  D=0x000000000001dab0 A=0x7ffffffffffffcc8
1752500: system.cpu: T0 : 0x1c934    : c_ldsp s0, 240(sp)         : MemRead :  D=0x0000000000000028 A=0x7ffffffffffffcc0
1753000: system.cpu: T0 : 0x1c936    : c_ldsp s1, 232(sp)         : MemRead :  D=0x000000000006f000 A=0x7ffffffffffffcb8
1753500: system.cpu: T0 : 0x1c938    : c_ldsp s3, 216(sp)         : MemRead :  D=0x000000000006efc0 A=0x7ffffffffffffca8
1754000: system.cpu: T0 : 0x1c93a    : c_ldsp s4, 208(sp)         : MemRead :  D=0x0000000000070000 A=0x7ffffffffffffca0
1754500: system.cpu: T0 : 0x1c93c    : c_ldsp s5, 200(sp)         : MemRead :  D=0x0000000000072000 A=0x7ffffffffffffc98
1755000: system.cpu: T0 : 0x1c93e    : c_ldsp s6, 192(sp)         : MemRead :  D=0x0000000000072000 A=0x7ffffffffffffc90
1755500: system.cpu: T0 : 0x1c940    : c_ldsp s7, 184(sp)         : MemRead :  D=0x0000000000000000 A=0x7ffffffffffffc88
1756000: system.cpu: T0 : 0x1c942    : c_ldsp s8, 176(sp)         : MemRead :  D=0x0000000000000000 A=0x7ffffffffffffc80
1756500: system.cpu: T0 : 0x1c944    : c_ldsp s9, 168(sp)         : MemRead :  D=0x0000000000000000 A=0x7ffffffffffffc78
1757000: system.cpu: T0 : 0x1c946    : c_ldsp s10, 160(sp)        : MemRead :  D=0x0000000000000000 A=0x7ffffffffffffc70
1757500: system.cpu: T0 : 0x1c948    : c_ldsp s11, 152(sp)        : MemRead :  D=0x0000000000000000 A=0x7ffffffffffffc68
1758000: system.cpu: T0 : 0x1c94a    : c_mv a0, s2                : IntAlu :  D=0x0000000000074250
1758500: system.cpu: T0 : 0x1c94c    : c_ldsp s2, 224(sp)         : MemRead :  D=0x0000000000000000 A=0x7ffffffffffffcb0
1759000: system.cpu: T0 : 0x1c94e    : c_addi16sp sp, 256         : IntAlu :  D=0x7ffffffffffffcd0
1759500: system.cpu: T0 : 0x1c950    : c_jr ra                    : IntAlu : 
1760000: system.cpu: T0 : 0x1dab0    : c_mv a5, a0                : IntAlu :  D=0x0000000000074250
1760500: system.cpu: T0 : 0x1dab2    : c_beqz a0, 150             : IntAlu : 
1761000: system.cpu: T0 : 0x1dab4    : ld a4, -8(a0)              : MemRead :  D=0x0000000000000031 A=0x74248
1761500: system.cpu: T0 : 0x1dab8    : andi a3, a4, 2             : IntAlu :  D=0x0000000000000000
1762000: system.cpu: T0 : 0x1dabc    : c_bnez a3, 26              : IntAlu : 
1762500: system.cpu: T0 : 0x1dabe    : c_andi a4, 4               : IntAlu :  D=0x0000000000000000
1763000: system.cpu: T0 : 0x1dac0    : c_beqz a4, 22              : IntAlu : 
1763500: system.cpu: T0 : 0x1dad6    : c_ldsp ra, 24(sp)          : MemRead :  D=0x000000000003b082 A=0x7ffffffffffffce8
1764000: system.cpu: T0 : 0x1dad8    : c_ldsp s0, 16(sp)          : MemRead :  D=0x7ffffffffffffd30 A=0x7ffffffffffffce0
1764500: system.cpu: T0 : 0x1dada    : c_ldsp s1, 8(sp)           : MemRead :  D=0x000000000006fe60 A=0x7ffffffffffffcd8
1765000: system.cpu: T0 : 0x1dadc    : c_ldsp s2, 0(sp)           : MemRead :  D=0x0000000000000000 A=0x7ffffffffffffcd0
1765500: system.cpu: T0 : 0x1dade    : c_mv a0, a5                : IntAlu :  D=0x0000000000074250
1766000: system.cpu: T0 : 0x1dae0    : c_addi16sp sp, 32          : IntAlu :  D=0x7ffffffffffffcf0
1766500: system.cpu: T0 : 0x1dae2    : c_jr ra                    : IntAlu : 
1767500: system.cpu: T0 : 0x3b082    : sd a0, 32(s3)              : MemWrite :  D=0x0000000000074250 A=0x6efe0
1768500: system.cpu: T0 : 0x3b086    : beq a0, zero, 382          : IntAlu : 
1769500: system.cpu: T0 : 0x3b08a    : ld s1, 16(s3)              : MemRead :  D=0x0000000000000002 A=0x6efd0
1770500: system.cpu: T0 : 0x3b08e    : addi a7, zero, 40          : IntAlu :  D=0x0000000000000028
1771000: system.cpu: T0 : 0x3b092    : c_mv s5, a0                : IntAlu :  D=0x0000000000074250
1771500: system.cpu: T0 : 0x3b094    : slli s4, s1, 2             : IntAlu :  D=0x0000000000000008
1772000: system.cpu: T0 : 0x3b098    : addi s4, s4, 79            : IntAlu :  D=0x0000000000000057
1772500: system.cpu: T0 : 0x3b09c    : divu s4, s4, a7            : IntDiv :  D=0x0000000000000002
1773000: system.cpu: T0 : 0x3b0a0    : slli a7, s4, 2             : IntAlu :  D=0x0000000000000008
1773500: system.cpu: T0 : 0x3b0a4    : c_add s4, a7               : IntAlu :  D=0x000000000000000a
1774500: system.cpu: T0 : 0x3b0a6    : slli a0, s4, 5             : IntAlu :  D=0x0000000000000140
1775500: system.cpu: T0 : 0x3b0aa    : jal ra, -120388            : IntAlu :  D=0x000000000003b0ae
1776500: system.cpu: T0 : 0x1da66    : ld t1, -1848(gp)           : MemRead :  D=0x0000000000000000 A=0x70920
1777500: system.cpu: T0 : 0x1da6a    : bne t1, zero, 260          : IntAlu : 
1778000: system.cpu: T0 : 0x1da6e    : c_addi sp, -32             : IntAlu :  D=0x7ffffffffffffcd0
1778500: system.cpu: T0 : 0x1da70    : c_sdsp s0, 16(sp)          : MemWrite :  D=0x7ffffffffffffd30 A=0x7ffffffffffffce0
1779000: system.cpu: T0 : 0x1da72    : c_sdsp ra, 24(sp)          : MemWrite :  D=0x000000000003b0ae A=0x7ffffffffffffce8
1779500: system.cpu: T0 : 0x1da74    : c_sdsp s1, 8(sp)           : MemWrite :  D=0x0000000000000002 A=0x7ffffffffffffcd8
1780000: system.cpu: T0 : 0x1da76    : c_sdsp s2, 0(sp)           : MemWrite :  D=0x0000000000000000 A=0x7ffffffffffffcd0
1780500: system.cpu: T0 : 0x1da78    : c_mv s0, a0                : IntAlu :  D=0x0000000000000140
1781500: system.cpu: T0 : 0x1da7a    : blt a0, zero, 222          : IntAlu : 
1782500: system.cpu: T0 : 0x1da7e    : addi a5, a0, 23            : IntAlu :  D=0x0000000000000157
1783000: system.cpu: T0 : 0x1da82    : c_li a4, 31                : IntAlu :  D=0x000000000000001f
1783500: system.cpu: T0 : 0x1da84    : c_li s1, 0                 : IntAlu :  D=0x0000000000000000
1784500: system.cpu: T0 : 0x1da86    : bltu a4, a5, 94            : IntAlu : 
1785000: system.cpu: T0 : 0x1dae4    : c_andi a5, 18446744073709551600 : IntAlu :  D=0x0000000000000150
1785500: system.cpu: T0 : 0x1dae6    : c_addi a5, -17             : IntAlu :  D=0x000000000000013f
1786000: system.cpu: T0 : 0x1dae8    : srli s1, a5, 4             : IntAlu :  D=0x0000000000000013
1786500: system.cpu: T0 : 0x1daec    : c_j -98                    : IntAlu : 
1787500: system.cpu: T0 : 0x1da8a    : ld a4, 40(tp)              : MemRead :  D=0x0000000000073f90 A=0x73738
1788000: system.cpu: T0 : 0x1da8e    : c_beqz a4, 96              : IntAlu : 
1788500: system.cpu: T0 : 0x1da90    : lui a5, 111                : IntAlu :  D=0x000000000006f000
1789000: system.cpu: T0 : 0x1da94    : ld a5, 1448(a5)            : MemRead :  D=0x0000000000000040 A=0x6f5a8
1789500: system.cpu: T0 : 0x1da98    : bltu s1, a5, 114           : IntAlu : 
1790500: system.cpu: T0 : 0x1db0a    : slli a3, s1, 1             : IntAlu :  D=0x0000000000000026
1791000: system.cpu: T0 : 0x1db0e    : c_add a3, a4               : IntAlu :  D=0x0000000000073fb6
1791500: system.cpu: T0 : 0x1db10    : lhu a2, 0(a3)              : MemRead :  D=0x0000000000000000 A=0x73fb6
1792000: system.cpu: T0 : 0x1db14    : c_beqz a2, -120            : IntAlu : 
1792500: system.cpu: T0 : 0x1da9c    : lw a5, -1808(tp)           : MemRead :  D=0x0000000000000000 A=0x73000
1793000: system.cpu: T0 : 0x1daa0    : c_bnez a5, 210             : IntAlu : 
1794000: system.cpu: T0 : 0x1daa2    : lui s1, 111                : IntAlu :  D=0x000000000006f000
1794500: system.cpu: T0 : 0x1daa6    : c_mv a1, s0                : IntAlu :  D=0x0000000000000140
1795000: system.cpu: T0 : 0x1daa8    : addi a0, s1, 1480          : IntAlu :  D=0x000000000006f5c8
1795500: system.cpu: T0 : 0x1daac    : jal ra, -5228              : IntAlu :  D=0x000000000001dab0
1796000: system.cpu: T0 : 0x1c640    : c_addi16sp sp, -256        : IntAlu :  D=0x7ffffffffffffbd0
1796500: system.cpu: T0 : 0x1c642    : c_sdsp ra, 248(sp)         : MemWrite :  D=0x000000000001dab0 A=0x7ffffffffffffcc8
1797000: system.cpu: T0 : 0x1c644    : c_sdsp s0, 240(sp)         : MemWrite :  D=0x0000000000000140 A=0x7ffffffffffffcc0
1797500: system.cpu: T0 : 0x1c646    : c_sdsp s1, 232(sp)         : MemWrite :  D=0x000000000006f000 A=0x7ffffffffffffcb8
1798000: system.cpu: T0 : 0x1c648    : c_sdsp s2, 224(sp)         : MemWrite :  D=0x0000000000000000 A=0x7ffffffffffffcb0
1798500: system.cpu: T0 : 0x1c64a    : c_sdsp s3, 216(sp)         : MemWrite :  D=0x000000000006efc0 A=0x7ffffffffffffca8
1799000: system.cpu: T0 : 0x1c64c    : c_sdsp s4, 208(sp)         : MemWrite :  D=0x000000000000000a A=0x7ffffffffffffca0
1799500: system.cpu: T0 : 0x1c64e    : c_sdsp s5, 200(sp)         : MemWrite :  D=0x0000000000074250 A=0x7ffffffffffffc98
1800000: system.cpu: T0 : 0x1c650    : c_sdsp s6, 192(sp)         : MemWrite :  D=0x0000000000072000 A=0x7ffffffffffffc90
1800500: system.cpu: T0 : 0x1c652    : c_sdsp s7, 184(sp)         : MemWrite :  D=0x0000000000000000 A=0x7ffffffffffffc88
1801000: system.cpu: T0 : 0x1c654    : c_sdsp s8, 176(sp)         : MemWrite :  D=0x0000000000000000 A=0x7ffffffffffffc80
1801500: system.cpu: T0 : 0x1c656    : c_sdsp s9, 168(sp)         : MemWrite :  D=0x0000000000000000 A=0x7ffffffffffffc78
1802000: system.cpu: T0 : 0x1c658    : c_sdsp s10, 160(sp)        : MemWrite :  D=0x0000000000000000 A=0x7ffffffffffffc70
1802500: system.cpu: T0 : 0x1c65a    : c_sdsp s11, 152(sp)        : MemWrite :  D=0x0000000000000000 A=0x7ffffffffffffc68
1803000: system.cpu: T0 : 0x1c65c    : blt a1, zero, 1198         : IntAlu : 
1803500: system.cpu: T0 : 0x1c660    : addi s0, a1, 23            : IntAlu :  D=0x0000000000000157
1804000: system.cpu: T0 : 0x1c664    : c_li a5, 31                : IntAlu :  D=0x000000000000001f
1804500: system.cpu: T0 : 0x1c666    : c_mv s3, a1                : IntAlu :  D=0x0000000000000140
1805000: system.cpu: T0 : 0x1c668    : c_mv s1, a0                : IntAlu :  D=0x000000000006f5c8
1806000: system.cpu: T0 : 0x1c66a    : bltu a5, s0, 220           : IntAlu : 
1806500: system.cpu: T0 : 0x1c746    : c_andi s0, 18446744073709551600 : IntAlu :  D=0x0000000000000150
1807000: system.cpu: T0 : 0x1c748    : beq a0, zero, 988          : IntAlu : 
1807500: system.cpu: T0 : 0x1c74c    : ld a4, -1376(gp)           : MemRead :  D=0x0000000000000080 A=0x70af8
1808000: system.cpu: T0 : 0x1c750    : srliw s9, s0, 4            : IntAlu :  D=0x0000000000000015
1808500: system.cpu: T0 : 0x1c754    : srliw a5, s0, 4            : IntAlu :  D=0x0000000000000015
1809000: system.cpu: T0 : 0x1c758    : bgeu a4, s0, 506           : IntAlu : 
1809500: system.cpu: T0 : 0x1c75c    : addi a4, zero, 1023        : IntAlu :  D=0x00000000000003ff
1810000: system.cpu: T0 : 0x1c760    : bgeu a4, s0, 1722          : IntAlu : 
1810500: system.cpu: T0 : 0x1ce1a    : c_addiw a5, -1             : IntAlu :  D=0x0000000000000014
1811000: system.cpu: T0 : 0x1ce1c    : c_j -1406                  : IntAlu : 
1812000: system.cpu: T0 : 0x1c89e    : slliw a5, a5, 1            : IntAlu :  D=0x0000000000000028
1812500: system.cpu: T0 : 0x1c8a2    : c_slli a5, 32              : IntAlu :  D=0x0000002800000000
1813000: system.cpu: T0 : 0x1c8a4    : c_srli a5, 32              : IntAlu :  D=0x0000000000000028
1813500: system.cpu: T0 : 0x1c8a6    : c_addi a5, 14              : IntAlu :  D=0x0000000000000036
1814000: system.cpu: T0 : 0x1c8a8    : c_slli a5, 3               : IntAlu :  D=0x00000000000001b0
1814500: system.cpu: T0 : 0x1c8aa    : c_j -550                   : IntAlu : 
1815000: system.cpu: T0 : 0x1c684    : c_add a5, s1               : IntAlu :  D=0x000000000006f778
1816000: system.cpu: T0 : 0x1c686    : ld s2, 8(a5)               : MemRead :  D=0x000000000006f768 A=0x6f780
1817000: system.cpu: T0 : 0x1c68a    : addi a3, a5, -16           : IntAlu :  D=0x000000000006f768
1818000: system.cpu: T0 : 0x1c68e    : beq a3, s2, 748            : IntAlu : 
1819000: system.cpu: T0 : 0x1c97a    : srli t1, s0, 9             : IntAlu :  D=0x0000000000000000
1820000: system.cpu: T0 : 0x1c97e    : addiw a5, t1, 91           : IntAlu :  D=0x000000000000005b
1821000: system.cpu: T0 : 0x1c982    : srli s10, s0, 6            : IntAlu :  D=0x0000000000000005
1821500: system.cpu: T0 : 0x1c986    : c_sdsp a5, 96(sp)          : MemWrite :  D=0x000000000000005b A=0x7ffffffffffffc30
1822000: system.cpu: T0 : 0x1c988    : addiw a5, s10, 48          : IntAlu :  D=0x0000000000000035
1822500: system.cpu: T0 : 0x1c98c    : c_sdsp a5, 88(sp)          : MemWrite :  D=0x0000000000000035 A=0x7ffffffffffffc28
1823500: system.cpu: T0 : 0x1c98e    : addi a5, zero, 110         : IntAlu :  D=0x000000000000006e
1824000: system.cpu: T0 : 0x1c992    : c_sdsp a5, 112(sp)         : MemWrite :  D=0x000000000000006e A=0x7ffffffffffffc40
1824500: system.cpu: T0 : 0x1c994    : addi a5, zero, 119         : IntAlu :  D=0x0000000000000077
1825000: system.cpu: T0 : 0x1c998    : c_sdsp a5, 104(sp)         : MemWrite :  D=0x0000000000000077 A=0x7ffffffffffffc38
1826000: system.cpu: T0 : 0x1c99a    : addi a5, zero, 124         : IntAlu :  D=0x000000000000007c
1826500: system.cpu: T0 : 0x1c99e    : c_sdsp s9, 8(sp)           : MemWrite :  D=0x0000000000000015 A=0x7ffffffffffffbd8
1827000: system.cpu: T0 : 0x1c9a0    : c_sdsp a5, 120(sp)         : MemWrite :  D=0x000000000000007c A=0x7ffffffffffffc48
1827500: system.cpu: T0 : 0x1c9a2    : c_sdsp zero, 128(sp)       : MemWrite :  D=0x0000000000000000 A=0x7ffffffffffffc50
1828000: system.cpu: T0 : 0x1c9a4    : c_sdsp zero, 136(sp)       : MemWrite :  D=0x0000000000000000 A=0x7ffffffffffffc58
1829000: system.cpu: T0 : 0x1c9a6    : ld a5, 40(tp)              : MemRead :  D=0x0000000000073f90 A=0x73738
1830000: system.cpu: T0 : 0x1c9aa    : addi s6, s0, -17           : IntAlu :  D=0x000000000000013f
1831000: system.cpu: T0 : 0x1c9ae    : srli s6, s6, 4             : IntAlu :  D=0x0000000000000013
1831500: system.cpu: T0 : 0x1c9b2    : c_li s5, 0                 : IntAlu :  D=0x0000000000000000
1832000: system.cpu: T0 : 0x1c9b4    : c_beqz a5, 22              : IntAlu : 
1833000: system.cpu: T0 : 0x1c9b6    : lui a5, 111                : IntAlu :  D=0x000000000006f000
1834000: system.cpu: T0 : 0x1c9ba    : ld s5, 1448(a5)            : MemRead :  D=0x0000000000000040 A=0x6f5a8
1835000: system.cpu: T0 : 0x1c9be    : sltu s5, s6, s5            : IntAlu :  D=0x0000000000000001
1836000: system.cpu: T0 : 0x1c9c2    : sub s5, zero, s5           : IntAlu :  D=0xffffffffffffffff
1837000: system.cpu: T0 : 0x1c9c6    : and s5, s0, s5             : IntAlu :  D=0x0000000000000150
1838000: system.cpu: T0 : 0x1c9ca    : lui a5, 111                : IntAlu :  D=0x000000000006f000
1838500: system.cpu: T0 : 0x1c9ce    : c_lui s11, 1               : IntAlu :  D=0x0000000000001000
1839000: system.cpu: T0 : 0x1c9d0    : lui s7, 111                : IntAlu :  D=0x000000000006f000
1839500: system.cpu: T0 : 0x1c9d4    : addi a5, a5, 1480          : IntAlu :  D=0x000000000006f5c8
1840000: system.cpu: T0 : 0x1c9d8    : addi s8, s1, 96            : IntAlu :  D=0x000000000006f628
1840500: system.cpu: T0 : 0x1c9dc    : c_li t5, 0                 : IntAlu :  D=0x0000000000000000
1841500: system.cpu: T0 : 0x1c9de    : addi s7, s7, 1368          : IntAlu :  D=0x000000000006f558
1842500: system.cpu: T0 : 0x1c9e2    : add a7, s1, s11            : IntAlu :  D=0x00000000000705c8
1843000: system.cpu: T0 : 0x1c9e6    : c_sdsp a5, 56(sp)          : MemWrite :  D=0x000000000006f5c8 A=0x7ffffffffffffc08
1843500: system.cpu: T0 : 0x1c9e8    : c_ld a5, 120(s1)           : MemRead :  D=0x000000000006f628 A=0x6f640
1844500: system.cpu: T0 : 0x1c9ea    : beq a5, s8, 532            : IntAlu : 
1845500: system.cpu: T0 : 0x1cbfe    : addi a5, zero, 1023        : IntAlu :  D=0x00000000000003ff
1846500: system.cpu: T0 : 0x1cc02    : bgeu a5, s0, 38            : IntAlu : 
1847000: system.cpu: T0 : 0x1cc28    : c_ldsp a3, 8(sp)           : MemRead :  D=0x0000000000000015 A=0x7ffffffffffffbd8
1847500: system.cpu: T0 : 0x1cc2a    : c_li a0, 4                 : IntAlu :  D=0x0000000000000004
1848000: system.cpu: T0 : 0x1cc2c    : addiw a5, a3, 1            : IntAlu :  D=0x0000000000000016
1848500: system.cpu: T0 : 0x1cc30    : srliw a4, a5, 5            : IntAlu :  D=0x0000000000000000
1849000: system.cpu: T0 : 0x1cc34    : slliw a3, a3, 1            : IntAlu :  D=0x000000000000002a
1849500: system.cpu: T0 : 0x1cc38    : addi a4, a4, 536           : IntAlu :  D=0x0000000000000218
1850000: system.cpu: T0 : 0x1cc3c    : c_slli a3, 32              : IntAlu :  D=0x0000002a00000000
1850500: system.cpu: T0 : 0x1cc3e    : c_slli a4, 2               : IntAlu :  D=0x0000000000000860
1851000: system.cpu: T0 : 0x1cc40    : c_srli a3, 32              : IntAlu :  D=0x000000000000002a
1851500: system.cpu: T0 : 0x1cc42    : c_add a4, s1               : IntAlu :  D=0x000000000006fe28
1852000: system.cpu: T0 : 0x1cc44    : c_slli a3, 3               : IntAlu :  D=0x0000000000000150
1852500: system.cpu: T0 : 0x1cc46    : c_lw a2, 0(a4)             : MemRead :  D=0x0000000000000000 A=0x6fe28
1853000: system.cpu: T0 : 0x1cc48    : addi a3, a3, 96            : IntAlu :  D=0x00000000000001b0
1853500: system.cpu: T0 : 0x1cc4c    : c_li a4, 1                 : IntAlu :  D=0x0000000000000001
1854500: system.cpu: T0 : 0x1cc4e    : srliw s2, a5, 5            : IntAlu :  D=0x0000000000000000
1855000: system.cpu: T0 : 0x1cc52    : c_add a3, s1               : IntAlu :  D=0x000000000006f778
1855500: system.cpu: T0 : 0x1cc54    : sllw a5, a4, a5            : IntAlu :  D=0x0000000000400000
1856000: system.cpu: T0 : 0x1cc58    : bltu a2, a5, 144           : IntAlu : 
1856500: system.cpu: T0 : 0x1cce8    : addiw a5, s2, 1            : IntAlu :  D=0x0000000000000001
1857000: system.cpu: T0 : 0x1ccec    : addiw s2, a5, 0            : IntAlu :  D=0x0000000000000001
1857500: system.cpu: T0 : 0x1ccf0    : bne s2, a0, -26            : IntAlu : 
1858000: system.cpu: T0 : 0x1ccd6    : c_slli a5, 32              : IntAlu :  D=0x0000000100000000
1858500: system.cpu: T0 : 0x1ccd8    : c_srli a5, 32              : IntAlu :  D=0x0000000000000001
1859500: system.cpu: T0 : 0x1ccda    : addi a5, a5, 536           : IntAlu :  D=0x0000000000000219
1860000: system.cpu: T0 : 0x1ccde    : c_slli a5, 2               : IntAlu :  D=0x0000000000000864
1860500: system.cpu: T0 : 0x1cce0    : c_add a5, s1               : IntAlu :  D=0x000000000006fe2c
1861000: system.cpu: T0 : 0x1cce2    : c_lw a2, 0(a5)             : MemRead :  D=0x0000000000000000 A=0x6fe2c
1861500: system.cpu: T0 : 0x1cce4    : bne a2, zero, 384          : IntAlu : 
1862000: system.cpu: T0 : 0x1cce8    : addiw a5, s2, 1            : IntAlu :  D=0x0000000000000002
1862500: system.cpu: T0 : 0x1ccec    : addiw s2, a5, 0            : IntAlu :  D=0x0000000000000002
1863000: system.cpu: T0 : 0x1ccf0    : bne s2, a0, -26            : IntAlu : 
1863500: system.cpu: T0 : 0x1ccd6    : c_slli a5, 32              : IntAlu :  D=0x0000000200000000
1864000: system.cpu: T0 : 0x1ccd8    : c_srli a5, 32              : IntAlu :  D=0x0000000000000002
1865000: system.cpu: T0 : 0x1ccda    : addi a5, a5, 536           : IntAlu :  D=0x000000000000021a
1865500: system.cpu: T0 : 0x1ccde    : c_slli a5, 2               : IntAlu :  D=0x0000000000000868
1866000: system.cpu: T0 : 0x1cce0    : c_add a5, s1               : IntAlu :  D=0x000000000006fe30
1866500: system.cpu: T0 : 0x1cce2    : c_lw a2, 0(a5)             : MemRead :  D=0x0000000000000000 A=0x6fe30
1867000: system.cpu: T0 : 0x1cce4    : bne a2, zero, 384          : IntAlu : 
1867500: system.cpu: T0 : 0x1cce8    : addiw a5, s2, 1            : IntAlu :  D=0x0000000000000003
1868000: system.cpu: T0 : 0x1ccec    : addiw s2, a5, 0            : IntAlu :  D=0x0000000000000003
1868500: system.cpu: T0 : 0x1ccf0    : bne s2, a0, -26            : IntAlu : 
1869000: system.cpu: T0 : 0x1ccd6    : c_slli a5, 32              : IntAlu :  D=0x0000000300000000
1869500: system.cpu: T0 : 0x1ccd8    : c_srli a5, 32              : IntAlu :  D=0x0000000000000003
1870500: system.cpu: T0 : 0x1ccda    : addi a5, a5, 536           : IntAlu :  D=0x000000000000021b
1871000: system.cpu: T0 : 0x1ccde    : c_slli a5, 2               : IntAlu :  D=0x000000000000086c
1871500: system.cpu: T0 : 0x1cce0    : c_add a5, s1               : IntAlu :  D=0x000000000006fe34
1872000: system.cpu: T0 : 0x1cce2    : c_lw a2, 0(a5)             : MemRead :  D=0x0000000000000000 A=0x6fe34
1872500: system.cpu: T0 : 0x1cce4    : bne a2, zero, 384          : IntAlu : 
1873000: system.cpu: T0 : 0x1cce8    : addiw a5, s2, 1            : IntAlu :  D=0x0000000000000004
1873500: system.cpu: T0 : 0x1ccec    : addiw s2, a5, 0            : IntAlu :  D=0x0000000000000004
1874000: system.cpu: T0 : 0x1ccf0    : bne s2, a0, -26            : IntAlu : 
1874500: system.cpu: T0 : 0x1ccf4    : c_ld a4, 96(s1)            : MemRead :  D=0x0000000000074270 A=0x6f628
1875500: system.cpu: T0 : 0x1ccf6    : ld a3, -1912(a7)           : MemRead :  D=0x0000000000021080 A=0x6fe50
1876000: system.cpu: T0 : 0x1ccfa    : c_ld a5, 8(a4)             : MemRead :  D=0x0000000000020d91 A=0x74278
1876500: system.cpu: T0 : 0x1ccfc    : c_andi a5, 18446744073709551608 : IntAlu :  D=0x0000000000020d90
1877500: system.cpu: T0 : 0x1ccfe    : bltu a3, a5, 548           : IntAlu : 
1878500: system.cpu: T0 : 0x1cd02    : addi a3, s0, 32            : IntAlu :  D=0x0000000000000170
1879500: system.cpu: T0 : 0x1cd06    : bgeu a5, a3, 640           : IntAlu : 
1880500: system.cpu: T0 : 0x1cf86    : add a0, a4, s0             : IntAlu :  D=0x00000000000743c0
1881500: system.cpu: T0 : 0x1cf8a    : lui a2, 111                : IntAlu :  D=0x000000000006f000
1882000: system.cpu: T0 : 0x1cf8e    : c_sd a0, 96(s1)            : MemWrite :  D=0x00000000000743c0 A=0x6f628
1882500: system.cpu: T0 : 0x1cf90    : addi a2, a2, 1480          : IntAlu :  D=0x000000000006f5c8
1883000: system.cpu: T0 : 0x1cf94    : c_sub a5, s0               : IntAlu :  D=0x0000000000020c40
1883500: system.cpu: T0 : 0x1cf96    : c_li a3, 4                 : IntAlu :  D=0x0000000000000004
1884000: system.cpu: T0 : 0x1cf98    : beq s1, a2, 116            : IntAlu : 
1884500: system.cpu: T0 : 0x1d00c    : c_li a3, 0                 : IntAlu :  D=0x0000000000000000
1885000: system.cpu: T0 : 0x1d00e    : c_j -114                   : IntAlu : 
1885500: system.cpu: T0 : 0x1cf9c    : c_or a3, s0                : IntAlu :  D=0x0000000000000150
1886500: system.cpu: T0 : 0x1cf9e    : ori a3, a3, 1              : IntAlu :  D=0x0000000000000151
1887500: system.cpu: T0 : 0x1cfa2    : lw a1, -1396(gp)           : MemRead :  D=0x0000000000000000 A=0x70ae4
1888000: system.cpu: T0 : 0x1cfa6    : c_sd a3, 8(a4)             : MemWrite :  D=0x0000000000000151 A=0x74278
1888500: system.cpu: T0 : 0x1cfa8    : ori a5, a5, 1              : IntAlu :  D=0x0000000000020c41
1889000: system.cpu: T0 : 0x1cfac    : c_sd a5, 8(a0)             : MemWrite :  D=0x0000000000020c41 A=0x743c8
1890000: system.cpu: T0 : 0x1cfae    : addi s2, a4, 16            : IntAlu :  D=0x0000000000074280
1891000: system.cpu: T0 : 0x1cfb2    : beq a1, zero, -1664        : IntAlu : 
1891500: system.cpu: T0 : 0x1c932    : c_ldsp ra, 248(sp)         : MemRead :  D=0x000000000001dab0 A=0x7ffffffffffffcc8
1892000: system.cpu: T0 : 0x1c934    : c_ldsp s0, 240(sp)         : MemRead :  D=0x0000000000000140 A=0x7ffffffffffffcc0
1892500: system.cpu: T0 : 0x1c936    : c_ldsp s1, 232(sp)         : MemRead :  D=0x000000000006f000 A=0x7ffffffffffffcb8
1893000: system.cpu: T0 : 0x1c938    : c_ldsp s3, 216(sp)         : MemRead :  D=0x000000000006efc0 A=0x7ffffffffffffca8
1893500: system.cpu: T0 : 0x1c93a    : c_ldsp s4, 208(sp)         : MemRead :  D=0x000000000000000a A=0x7ffffffffffffca0
1894000: system.cpu: T0 : 0x1c93c    : c_ldsp s5, 200(sp)         : MemRead :  D=0x0000000000074250 A=0x7ffffffffffffc98
1894500: system.cpu: T0 : 0x1c93e    : c_ldsp s6, 192(sp)         : MemRead :  D=0x0000000000072000 A=0x7ffffffffffffc90
1895000: system.cpu: T0 : 0x1c940    : c_ldsp s7, 184(sp)         : MemRead :  D=0x0000000000000000 A=0x7ffffffffffffc88
1895500: system.cpu: T0 : 0x1c942    : c_ldsp s8, 176(sp)         : MemRead :  D=0x0000000000000000 A=0x7ffffffffffffc80
1896000: system.cpu: T0 : 0x1c944    : c_ldsp s9, 168(sp)         : MemRead :  D=0x0000000000000000 A=0x7ffffffffffffc78
1896500: system.cpu: T0 : 0x1c946    : c_ldsp s10, 160(sp)        : MemRead :  D=0x0000000000000000 A=0x7ffffffffffffc70
1897000: system.cpu: T0 : 0x1c948    : c_ldsp s11, 152(sp)        : MemRead :  D=0x0000000000000000 A=0x7ffffffffffffc68
1897500: system.cpu: T0 : 0x1c94a    : c_mv a0, s2                : IntAlu :  D=0x0000000000074280
1898000: system.cpu: T0 : 0x1c94c    : c_ldsp s2, 224(sp)         : MemRead :  D=0x0000000000000000 A=0x7ffffffffffffcb0
1898500: system.cpu: T0 : 0x1c94e    : c_addi16sp sp, 256         : IntAlu :  D=0x7ffffffffffffcd0
1899000: system.cpu: T0 : 0x1c950    : c_jr ra                    : IntAlu : 
1899500: system.cpu: T0 : 0x1dab0    : c_mv a5, a0                : IntAlu :  D=0x0000000000074280
1900000: system.cpu: T0 : 0x1dab2    : c_beqz a0, 150             : IntAlu : 
1900500: system.cpu: T0 : 0x1dab4    : ld a4, -8(a0)              : MemRead :  D=0x0000000000000151 A=0x74278
1901000: system.cpu: T0 : 0x1dab8    : andi a3, a4, 2             : IntAlu :  D=0x0000000000000000
1901500: system.cpu: T0 : 0x1dabc    : c_bnez a3, 26              : IntAlu : 
1902000: system.cpu: T0 : 0x1dabe    : c_andi a4, 4               : IntAlu :  D=0x0000000000000000
1902500: system.cpu: T0 : 0x1dac0    : c_beqz a4, 22              : IntAlu : 
1903000: system.cpu: T0 : 0x1dad6    : c_ldsp ra, 24(sp)          : MemRead :  D=0x000000000003b0ae A=0x7ffffffffffffce8
1903500: system.cpu: T0 : 0x1dad8    : c_ldsp s0, 16(sp)          : MemRead :  D=0x7ffffffffffffd30 A=0x7ffffffffffffce0
1904000: system.cpu: T0 : 0x1dada    : c_ldsp s1, 8(sp)           : MemRead :  D=0x0000000000000002 A=0x7ffffffffffffcd8
1904500: system.cpu: T0 : 0x1dadc    : c_ldsp s2, 0(sp)           : MemRead :  D=0x0000000000000000 A=0x7ffffffffffffcd0
1905000: system.cpu: T0 : 0x1dade    : c_mv a0, a5                : IntAlu :  D=0x0000000000074280
1905500: system.cpu: T0 : 0x1dae0    : c_addi16sp sp, 32          : IntAlu :  D=0x7ffffffffffffcf0
1906000: system.cpu: T0 : 0x1dae2    : c_jr ra                    : IntAlu : 
1907000: system.cpu: T0 : 0x3b0ae    : sd a0, 0(s5)               : MemWrite :  D=0x0000000000074280 A=0x74250
1907500: system.cpu: T0 : 0x3b0b2    : c_mv a2, a0                : IntAlu :  D=0x0000000000074280
1908000: system.cpu: T0 : 0x3b0b4    : beq a0, zero, 386          : IntAlu : 
1908500: system.cpu: T0 : 0x3b0b8    : lui a5, 114                : IntAlu :  D=0x0000000000072000
1909000: system.cpu: T0 : 0x3b0bc    : lui a3, 98                 : IntAlu :  D=0x0000000000062000
1909500: system.cpu: T0 : 0x3b0c0    : lui a0, 97                 : IntAlu :  D=0x0000000000061000
1910000: system.cpu: T0 : 0x3b0c4    : addi a3, a3, -1704         : IntAlu :  D=0x0000000000061958
1910500: system.cpu: T0 : 0x3b0c8    : addi a0, a0, 1944          : IntAlu :  D=0x0000000000061798
1911000: system.cpu: T0 : 0x3b0cc    : sd a2, 88(a5)              : MemWrite :  D=0x0000000000074280 A=0x72058
1911500: system.cpu: T0 : 0x3b0d0    : c_li a5, 23                : IntAlu :  D=0x0000000000000017
1912000: system.cpu: T0 : 0x3b0d2    : c_sd a3, 24(a2)            : MemWrite :  D=0x0000000000061958 A=0x74298
1912500: system.cpu: T0 : 0x3b0d4    : addi a6, a3, 72            : IntAlu :  D=0x00000000000619a0
1913000: system.cpu: T0 : 0x3b0d8    : sw zero, 40(s3)            : MemWrite :  D=0x0000000000000000 A=0x6efe8
1913500: system.cpu: T0 : 0x3b0dc    : addi a1, s5, 8             : IntAlu :  D=0x0000000000074258
1914000: system.cpu: T0 : 0x3b0e0    : c_sd a0, 8(a2)             : MemWrite :  D=0x0000000000061798 A=0x74288
1915000: system.cpu: T0 : 0x3b0e2    : sd zero, 16(a2)            : MemWrite :  D=0x0000000000000000 A=0x74290
1915500: system.cpu: T0 : 0x3b0e6    : c_sd a5, 32(a2)            : MemWrite :  D=0x0000000000000017 A=0x742a0
1916000: system.cpu: T0 : 0x3b0e8    : slli a7, s4, 3             : IntAlu :  D=0x0000000000000050
1916500: system.cpu: T0 : 0x3b0ec    : addi t3, s5, 32            : IntAlu :  D=0x0000000000074270
1917000: system.cpu: T0 : 0x3b0f0    : c_addi a3, 24              : IntAlu :  D=0x0000000000061970
1918000: system.cpu: T0 : 0x3b0f2    : addi t4, zero, 47          : IntAlu :  D=0x000000000000002f
1919000: system.cpu: T0 : 0x3b0f6    : addi a4, a2, 40            : IntAlu :  D=0x00000000000742a8
1919500: system.cpu: T0 : 0x3b0fa    : c_li a5, 0                 : IntAlu :  D=0x0000000000000000
1920000: system.cpu: T0 : 0x3b0fc    : c_beqz s1, 14              : IntAlu : 
1921000: system.cpu: T0 : 0x3b0fe    : sw zero, 0(a4)             : MemWrite :  D=0x0000000000000000 A=0x742a8
1921500: system.cpu: T0 : 0x3b102    : c_addi a5, 1               : IntAlu :  D=0x0000000000000001
1922000: system.cpu: T0 : 0x3b104    : c_addi a4, 4               : IntAlu :  D=0x00000000000742ac
1923000: system.cpu: T0 : 0x3b106    : bne s1, a5, -8             : IntAlu : 
1924000: system.cpu: T0 : 0x3b0fe    : sw zero, 0(a4)             : MemWrite :  D=0x0000000000000000 A=0x742ac
1924500: system.cpu: T0 : 0x3b102    : c_addi a5, 1               : IntAlu :  D=0x0000000000000002
1925000: system.cpu: T0 : 0x3b104    : c_addi a4, 4               : IntAlu :  D=0x00000000000742b0
1926000: system.cpu: T0 : 0x3b106    : bne s1, a5, -8             : IntAlu : 
1927000: system.cpu: T0 : 0x3b10a    : beq t3, a1, 48             : IntAlu : 
1928000: system.cpu: T0 : 0x3b10e    : ld a4, 8(a6)               : MemRead :  D=0x000000000000001b A=0x619a8
1929000: system.cpu: T0 : 0x3b112    : add a5, a2, a7             : IntAlu :  D=0x00000000000742d0
1930000: system.cpu: T0 : 0x3b116    : lbu t1, 0(a3)              : MemRead :  D=0x000000000000002f A=0x61970
1930500: system.cpu: T0 : 0x3b11a    : c_sd a5, 0(a2)             : MemWrite :  D=0x00000000000742d0 A=0x74280
1931000: system.cpu: T0 : 0x3b11c    : c_sd a3, 24(a5)            : MemWrite :  D=0x0000000000061970 A=0x742e8
1932000: system.cpu: T0 : 0x3b11e    : addi a2, a4, 1             : IntAlu :  D=0x000000000000001c
1932500: system.cpu: T0 : 0x3b122    : c_sd a5, 0(a1)             : MemWrite :  D=0x00000000000742d0 A=0x74258
1933000: system.cpu: T0 : 0x3b124    : c_sd a0, 8(a5)             : MemWrite :  D=0x0000000000061798 A=0x742d8
1934000: system.cpu: T0 : 0x3b126    : sd zero, 16(a5)            : MemWrite :  D=0x0000000000000000 A=0x742e0
1934500: system.cpu: T0 : 0x3b12a    : c_sd a4, 32(a5)            : MemWrite :  D=0x000000000000001b A=0x742f0
1935000: system.cpu: T0 : 0x3b12c    : c_addi a1, 8               : IntAlu :  D=0x0000000000074260
1935500: system.cpu: T0 : 0x3b12e    : c_add a3, a2               : IntAlu :  D=0x000000000006198c
1936000: system.cpu: T0 : 0x3b130    : c_addi a6, 8               : IntAlu :  D=0x00000000000619a8
1937000: system.cpu: T0 : 0x3b132    : bne t1, t4, 228            : IntAlu : 
1937500: system.cpu: T0 : 0x3b136    : c_mv a2, a5                : IntAlu :  D=0x00000000000742d0
1938000: system.cpu: T0 : 0x3b138    : c_j -66                    : IntAlu : 
1939000: system.cpu: T0 : 0x3b0f6    : addi a4, a2, 40            : IntAlu :  D=0x00000000000742f8
1939500: system.cpu: T0 : 0x3b0fa    : c_li a5, 0                 : IntAlu :  D=0x0000000000000000
1940000: system.cpu: T0 : 0x3b0fc    : c_beqz s1, 14              : IntAlu : 
1941000: system.cpu: T0 : 0x3b0fe    : sw zero, 0(a4)             : MemWrite :  D=0x0000000000000000 A=0x742f8
1941500: system.cpu: T0 : 0x3b102    : c_addi a5, 1               : IntAlu :  D=0x0000000000000001
1942000: system.cpu: T0 : 0x3b104    : c_addi a4, 4               : IntAlu :  D=0x00000000000742fc
1943000: system.cpu: T0 : 0x3b106    : bne s1, a5, -8             : IntAlu : 
1944000: system.cpu: T0 : 0x3b0fe    : sw zero, 0(a4)             : MemWrite :  D=0x0000000000000000 A=0x742fc
1944500: system.cpu: T0 : 0x3b102    : c_addi a5, 1               : IntAlu :  D=0x0000000000000002
1945000: system.cpu: T0 : 0x3b104    : c_addi a4, 4               : IntAlu :  D=0x0000000000074300
1946000: system.cpu: T0 : 0x3b106    : bne s1, a5, -8             : IntAlu : 
1947000: system.cpu: T0 : 0x3b10a    : beq t3, a1, 48             : IntAlu : 
1948000: system.cpu: T0 : 0x3b10e    : ld a4, 8(a6)               : MemRead :  D=0x0000000000000005 A=0x619b0
1949000: system.cpu: T0 : 0x3b112    : add a5, a2, a7             : IntAlu :  D=0x0000000000074320
1950000: system.cpu: T0 : 0x3b116    : lbu t1, 0(a3)              : MemRead :  D=0x000000000000002f A=0x6198c
1950500: system.cpu: T0 : 0x3b11a    : c_sd a5, 0(a2)             : MemWrite :  D=0x0000000000074320 A=0x742d0
1951000: system.cpu: T0 : 0x3b11c    : c_sd a3, 24(a5)            : MemWrite :  D=0x000000000006198c A=0x74338
1952000: system.cpu: T0 : 0x3b11e    : addi a2, a4, 1             : IntAlu :  D=0x0000000000000006
1952500: system.cpu: T0 : 0x3b122    : c_sd a5, 0(a1)             : MemWrite :  D=0x0000000000074320 A=0x74260
1953000: system.cpu: T0 : 0x3b124    : c_sd a0, 8(a5)             : MemWrite :  D=0x0000000000061798 A=0x74328
1954000: system.cpu: T0 : 0x3b126    : sd zero, 16(a5)            : MemWrite :  D=0x0000000000000000 A=0x74330
1954500: system.cpu: T0 : 0x3b12a    : c_sd a4, 32(a5)            : MemWrite :  D=0x0000000000000005 A=0x74340
1955000: system.cpu: T0 : 0x3b12c    : c_addi a1, 8               : IntAlu :  D=0x0000000000074268
1955500: system.cpu: T0 : 0x3b12e    : c_add a3, a2               : IntAlu :  D=0x0000000000061992
1956000: system.cpu: T0 : 0x3b130    : c_addi a6, 8               : IntAlu :  D=0x00000000000619b0
1957000: system.cpu: T0 : 0x3b132    : bne t1, t4, 228            : IntAlu : 
1957500: system.cpu: T0 : 0x3b136    : c_mv a2, a5                : IntAlu :  D=0x0000000000074320
1958000: system.cpu: T0 : 0x3b138    : c_j -66                    : IntAlu : 
1959000: system.cpu: T0 : 0x3b0f6    : addi a4, a2, 40            : IntAlu :  D=0x0000000000074348
1959500: system.cpu: T0 : 0x3b0fa    : c_li a5, 0                 : IntAlu :  D=0x0000000000000000
1960000: system.cpu: T0 : 0x3b0fc    : c_beqz s1, 14              : IntAlu : 
1961000: system.cpu: T0 : 0x3b0fe    : sw zero, 0(a4)             : MemWrite :  D=0x0000000000000000 A=0x74348
1961500: system.cpu: T0 : 0x3b102    : c_addi a5, 1               : IntAlu :  D=0x0000000000000001
1962000: system.cpu: T0 : 0x3b104    : c_addi a4, 4               : IntAlu :  D=0x000000000007434c
1963000: system.cpu: T0 : 0x3b106    : bne s1, a5, -8             : IntAlu : 
1964000: system.cpu: T0 : 0x3b0fe    : sw zero, 0(a4)             : MemWrite :  D=0x0000000000000000 A=0x7434c
1964500: system.cpu: T0 : 0x3b102    : c_addi a5, 1               : IntAlu :  D=0x0000000000000002
1965000: system.cpu: T0 : 0x3b104    : c_addi a4, 4               : IntAlu :  D=0x0000000000074350
1966000: system.cpu: T0 : 0x3b106    : bne s1, a5, -8             : IntAlu : 
1967000: system.cpu: T0 : 0x3b10a    : beq t3, a1, 48             : IntAlu : 
1968000: system.cpu: T0 : 0x3b10e    : ld a4, 8(a6)               : MemRead :  D=0x0000000000000009 A=0x619b8
1969000: system.cpu: T0 : 0x3b112    : add a5, a2, a7             : IntAlu :  D=0x0000000000074370
1970000: system.cpu: T0 : 0x3b116    : lbu t1, 0(a3)              : MemRead :  D=0x000000000000002f A=0x61992
1970500: system.cpu: T0 : 0x3b11a    : c_sd a5, 0(a2)             : MemWrite :  D=0x0000000000074370 A=0x74320
1971000: system.cpu: T0 : 0x3b11c    : c_sd a3, 24(a5)            : MemWrite :  D=0x0000000000061992 A=0x74388
1972000: system.cpu: T0 : 0x3b11e    : addi a2, a4, 1             : IntAlu :  D=0x000000000000000a
1972500: system.cpu: T0 : 0x3b122    : c_sd a5, 0(a1)             : MemWrite :  D=0x0000000000074370 A=0x74268
1973000: system.cpu: T0 : 0x3b124    : c_sd a0, 8(a5)             : MemWrite :  D=0x0000000000061798 A=0x74378
1974000: system.cpu: T0 : 0x3b126    : sd zero, 16(a5)            : MemWrite :  D=0x0000000000000000 A=0x74380
1974500: system.cpu: T0 : 0x3b12a    : c_sd a4, 32(a5)            : MemWrite :  D=0x0000000000000009 A=0x74390
1975000: system.cpu: T0 : 0x3b12c    : c_addi a1, 8               : IntAlu :  D=0x0000000000074270
1975500: system.cpu: T0 : 0x3b12e    : c_add a3, a2               : IntAlu :  D=0x000000000006199c
1976000: system.cpu: T0 : 0x3b130    : c_addi a6, 8               : IntAlu :  D=0x00000000000619b8
1977000: system.cpu: T0 : 0x3b132    : bne t1, t4, 228            : IntAlu : 
1977500: system.cpu: T0 : 0x3b136    : c_mv a2, a5                : IntAlu :  D=0x0000000000074370
1978000: system.cpu: T0 : 0x3b138    : c_j -66                    : IntAlu : 
1979000: system.cpu: T0 : 0x3b0f6    : addi a4, a2, 40            : IntAlu :  D=0x0000000000074398
1979500: system.cpu: T0 : 0x3b0fa    : c_li a5, 0                 : IntAlu :  D=0x0000000000000000
1980000: system.cpu: T0 : 0x3b0fc    : c_beqz s1, 14              : IntAlu : 
1981000: system.cpu: T0 : 0x3b0fe    : sw zero, 0(a4)             : MemWrite :  D=0x0000000000000000 A=0x74398
1981500: system.cpu: T0 : 0x3b102    : c_addi a5, 1               : IntAlu :  D=0x0000000000000001
1982000: system.cpu: T0 : 0x3b104    : c_addi a4, 4               : IntAlu :  D=0x000000000007439c
1983000: system.cpu: T0 : 0x3b106    : bne s1, a5, -8             : IntAlu : 
1984000: system.cpu: T0 : 0x3b0fe    : sw zero, 0(a4)             : MemWrite :  D=0x0000000000000000 A=0x7439c
1984500: system.cpu: T0 : 0x3b102    : c_addi a5, 1               : IntAlu :  D=0x0000000000000002
1985000: system.cpu: T0 : 0x3b104    : c_addi a4, 4               : IntAlu :  D=0x00000000000743a0
1986000: system.cpu: T0 : 0x3b106    : bne s1, a5, -8             : IntAlu : 
1987000: system.cpu: T0 : 0x3b10a    : beq t3, a1, 48             : IntAlu : 
1987500: system.cpu: T0 : 0x3b13a    : c_li a4, 27                : IntAlu :  D=0x000000000000001b
1988000: system.cpu: T0 : 0x3b13c    : sd zero, 0(a2)             : MemWrite :  D=0x0000000000000000 A=0x74370
1988500: system.cpu: T0 : 0x3b140    : sd a4, -1192(gp)           : MemWrite :  D=0x000000000000001b A=0x70bb0
1989000: system.cpu: T0 : 0x3b144    : sd zero, 32(s5)            : MemWrite :  D=0x0000000000000000 A=0x74270
1989500: system.cpu: T0 : 0x3b148    : beq s2, zero, 10           : IntAlu : 
1990000: system.cpu: T0 : 0x3b152    : c_li a5, -1                : IntAlu :  D=0xffffffffffffffff
1990500: system.cpu: T0 : 0x3b154    : sd a5, 48(s3)              : MemWrite :  D=0xffffffffffffffff A=0x6eff0
1991000: system.cpu: T0 : 0x3b158    : addi sp, s0, -64           : IntAlu :  D=0x7ffffffffffffcf0
1991500: system.cpu: T0 : 0x3b15c    : c_ldsp ra, 56(sp)          : MemRead :  D=0x0000000000022a42 A=0x7ffffffffffffd28
1992000: system.cpu: T0 : 0x3b15e    : c_ldsp s0, 48(sp)          : MemRead :  D=0x000000000006ef80 A=0x7ffffffffffffd20
1992500: system.cpu: T0 : 0x3b160    : c_ldsp s1, 40(sp)          : MemRead :  D=0x000000000006fe60 A=0x7ffffffffffffd18
1993000: system.cpu: T0 : 0x3b162    : c_ldsp s2, 32(sp)          : MemRead :  D=0x0000000000072000 A=0x7ffffffffffffd10
1993500: system.cpu: T0 : 0x3b164    : c_ldsp s3, 24(sp)          : MemRead :  D=0x0000000000072000 A=0x7ffffffffffffd08
1994000: system.cpu: T0 : 0x3b166    : c_ldsp s4, 16(sp)          : MemRead :  D=0x0000000000070000 A=0x7ffffffffffffd00
1994500: system.cpu: T0 : 0x3b168    : c_ldsp s5, 8(sp)           : MemRead :  D=0x0000000000072000 A=0x7ffffffffffffcf8
1995000: system.cpu: T0 : 0x3b16a    : c_addi16sp sp, 64          : IntAlu :  D=0x7ffffffffffffd30
1995500: system.cpu: T0 : 0x3b16c    : c_jr ra                    : IntAlu : 
1996500: system.cpu: T0 : 0x22a42    : lui a5, 114                : IntAlu :  D=0x0000000000072000
1997500: system.cpu: T0 : 0x22a46    : ld a4, 88(a5)              : MemRead :  D=0x0000000000074280 A=0x72058
1998500: system.cpu: T0 : 0x22a4a    : lui a0, 80                 : IntAlu :  D=0x0000000000050000
1999500: system.cpu: T0 : 0x22a4e    : lui a5, 114                : IntAlu :  D=0x0000000000072000
2000500: system.cpu: T0 : 0x22a52    : addi a0, a0, 72            : IntAlu :  D=0x0000000000050048
2001500: system.cpu: T0 : 0x22a56    : sd a4, 48(a5)              : MemWrite :  D=0x0000000000074280 A=0x72030
2002500: system.cpu: T0 : 0x22a5a    : jal ra, -57838             : IntAlu :  D=0x0000000000022a5e
2003000: system.cpu: T0 : 0x1486c    : c_addi16sp sp, -64         : IntAlu :  D=0x7ffffffffffffcf0
2003500: system.cpu: T0 : 0x1486e    : c_sdsp s1, 40(sp)          : MemWrite :  D=0x000000000006fe60 A=0x7ffffffffffffd18
2004000: system.cpu: T0 : 0x14870    : ld s1, -1360(gp)           : MemRead :  D=0x7fffffffffffff48 A=0x70b08
2004500: system.cpu: T0 : 0x14874    : c_sdsp ra, 56(sp)          : MemWrite :  D=0x0000000000022a5e A=0x7ffffffffffffd28
2005000: system.cpu: T0 : 0x14876    : c_sdsp s0, 48(sp)          : MemWrite :  D=0x000000000006ef80 A=0x7ffffffffffffd20
2005500: system.cpu: T0 : 0x14878    : c_sdsp s2, 32(sp)          : MemWrite :  D=0x0000000000072000 A=0x7ffffffffffffd10
2006000: system.cpu: T0 : 0x1487a    : c_sdsp s3, 24(sp)          : MemWrite :  D=0x0000000000072000 A=0x7ffffffffffffd08
2006500: system.cpu: T0 : 0x1487c    : c_sdsp s4, 16(sp)          : MemWrite :  D=0x0000000000070000 A=0x7ffffffffffffd00
2007000: system.cpu: T0 : 0x1487e    : c_sdsp s5, 8(sp)           : MemWrite :  D=0x0000000000072000 A=0x7ffffffffffffcf8
2007500: system.cpu: T0 : 0x14880    : c_sdsp s6, 0(sp)           : MemWrite :  D=0x0000000000072000 A=0x7ffffffffffffcf0
2008000: system.cpu: T0 : 0x14882    : c_beqz s1, 210             : IntAlu : 
2008500: system.cpu: T0 : 0x14884    : lbu a5, 0(a0)              : MemRead :  D=0x000000000000004c A=0x50048
2009000: system.cpu: T0 : 0x14888    : c_mv s4, a0                : IntAlu :  D=0x0000000000050048
2009500: system.cpu: T0 : 0x1488a    : c_beqz a5, 202             : IntAlu : 
2010000: system.cpu: T0 : 0x1488c    : lbu s5, 1(a0)              : MemRead :  D=0x0000000000000044 A=0x50049
2010500: system.cpu: T0 : 0x14890    : slliw s2, a5, 16           : IntAlu :  D=0x00000000004c0000
2011000: system.cpu: T0 : 0x14894    : c_ld s0, 0(s1)             : MemRead :  D=0x0000000000000000 A=0x7fffffffffffff48
2012000: system.cpu: T0 : 0x14896    : sraiw s2, s2, 16           : IntAlu :  D=0x000000000000004c
2013000: system.cpu: T0 : 0x1489a    : bne s5, zero, 86           : IntAlu : 
2013500: system.cpu: T0 : 0x148f0    : jal ra, 42488              : IntAlu :  D=0x00000000000148f4
2014000: system.cpu: T0 : 0x1eee8    : andi a5, a0, 7             : IntAlu :  D=0x0000000000000000
2014500: system.cpu: T0 : 0x1eeec    : c_beqz a5, 26              : IntAlu : 
2015000: system.cpu: T0 : 0x1ef06    : c_mv a5, a0                : IntAlu :  D=0x0000000000050048
2015500: system.cpu: T0 : 0x1ef08    : ld a6, -2024(gp)           : MemRead :  D=0xfefefefefefefeff A=0x70870
2016000: system.cpu: T0 : 0x1ef0c    : ld a1, -2016(gp)           : MemRead :  D=0x8080808080808080 A=0x70878
2016500: system.cpu: T0 : 0x1ef10    : c_ld a2, 0(a5)             : MemRead :  D=0x5f444e49425f444c A=0x50048
2017500: system.cpu: T0 : 0x1ef12    : addi a3, a5, 8             : IntAlu :  D=0x0000000000050050
2018500: system.cpu: T0 : 0x1ef16    : add a4, a2, a6             : IntAlu :  D=0x5e434d48415e434b
2019500: system.cpu: T0 : 0x1ef1a    : xori a2, a2, 18446744073709551615 : IntAlu :  D=0xa0bbb1b6bda0bbb3
2020000: system.cpu: T0 : 0x1ef1e    : c_and a4, a2               : IntAlu :  D=0x0003010001000303
2020500: system.cpu: T0 : 0x1ef20    : c_and a4, a1               : IntAlu :  D=0x0000000000000000
2021000: system.cpu: T0 : 0x1ef22    : c_beqz a4, 50              : IntAlu : 
2021500: system.cpu: T0 : 0x1ef54    : c_mv a5, a3                : IntAlu :  D=0x0000000000050050
2022000: system.cpu: T0 : 0x1ef56    : c_j -70                    : IntAlu : 
2022500: system.cpu: T0 : 0x1ef10    : c_ld a2, 0(a5)             : MemRead :  D=0x0000000000574f4e A=0x50050
2023500: system.cpu: T0 : 0x1ef12    : addi a3, a5, 8             : IntAlu :  D=0x0000000000050058
2024500: system.cpu: T0 : 0x1ef16    : add a4, a2, a6             : IntAlu :  D=0xfefefefeff564e4d
2025500: system.cpu: T0 : 0x1ef1a    : xori a2, a2, 18446744073709551615 : IntAlu :  D=0xffffffffffa8b0b1
2026000: system.cpu: T0 : 0x1ef1e    : c_and a4, a2               : IntAlu :  D=0xfefefefeff000001
2026500: system.cpu: T0 : 0x1ef20    : c_and a4, a1               : IntAlu :  D=0x8080808080000000
2027000: system.cpu: T0 : 0x1ef22    : c_beqz a4, 50              : IntAlu : 
2027500: system.cpu: T0 : 0x1ef24    : lbu a4, -8(a3)             : MemRead :  D=0x000000000000004e A=0x50050
2028000: system.cpu: T0 : 0x1ef28    : c_beqz a4, -40             : IntAlu : 
2029000: system.cpu: T0 : 0x1ef2a    : lbu a4, -7(a3)             : MemRead :  D=0x000000000000004f A=0x50051
2029500: system.cpu: T0 : 0x1ef2e    : c_beqz a4, 50              : IntAlu : 
2030000: system.cpu: T0 : 0x1ef30    : lbu a4, -6(a3)             : MemRead :  D=0x0000000000000057 A=0x50052
2030500: system.cpu: T0 : 0x1ef34    : c_beqz a4, 52              : IntAlu : 
2031500: system.cpu: T0 : 0x1ef36    : lbu a4, -5(a3)             : MemRead :  D=0x0000000000000000 A=0x50053
2032000: system.cpu: T0 : 0x1ef3a    : c_beqz a4, 54              : IntAlu : 
2032500: system.cpu: T0 : 0x1ef70    : c_sub a5, a0               : IntAlu :  D=0x0000000000000008
2033500: system.cpu: T0 : 0x1ef72    : addi a0, a5, 3             : IntAlu :  D=0x000000000000000b
2034000: system.cpu: T0 : 0x1ef76    : c_jr ra                    : IntAlu : 
2034500: system.cpu: T0 : 0x148f4    : slli a5, s5, 8             : IntAlu :  D=0x0000000000004400
2035000: system.cpu: T0 : 0x148f8    : or a5, s2, a5              : IntAlu :  D=0x000000000000444c
2035500: system.cpu: T0 : 0x148fc    : slliw s2, a5, 16           : IntAlu :  D=0x00000000444c0000
2036000: system.cpu: T0 : 0x14900    : c_mv s3, a0                : IntAlu :  D=0x000000000000000b
2037000: system.cpu: T0 : 0x14902    : sraiw s2, s2, 16           : IntAlu :  D=0x000000000000444c
2038000: system.cpu: T0 : 0x14906    : addi s5, a0, -2            : IntAlu :  D=0x0000000000000009
2038500: system.cpu: T0 : 0x1490a    : c_addi s4, 2               : IntAlu :  D=0x000000000005004a
2039000: system.cpu: T0 : 0x1490c    : c_beqz s0, -50             : IntAlu : 
2039500: system.cpu: T0 : 0x148da    : c_ldsp ra, 56(sp)          : MemRead :  D=0x0000000000022a5e A=0x7ffffffffffffd28
2040000: system.cpu: T0 : 0x148dc    : c_mv a0, s0                : IntAlu :  D=0x0000000000000000
2040500: system.cpu: T0 : 0x148de    : c_ldsp s0, 48(sp)          : MemRead :  D=0x000000000006ef80 A=0x7ffffffffffffd20
2041000: system.cpu: T0 : 0x148e0    : c_ldsp s1, 40(sp)          : MemRead :  D=0x000000000006fe60 A=0x7ffffffffffffd18
2041500: system.cpu: T0 : 0x148e2    : c_ldsp s2, 32(sp)          : MemRead :  D=0x0000000000072000 A=0x7ffffffffffffd10
2042000: system.cpu: T0 : 0x148e4    : c_ldsp s3, 24(sp)          : MemRead :  D=0x0000000000072000 A=0x7ffffffffffffd08
2042500: system.cpu: T0 : 0x148e6    : c_ldsp s4, 16(sp)          : MemRead :  D=0x0000000000070000 A=0x7ffffffffffffd00
2043000: system.cpu: T0 : 0x148e8    : c_ldsp s5, 8(sp)           : MemRead :  D=0x0000000000072000 A=0x7ffffffffffffcf8
2043500: system.cpu: T0 : 0x148ea    : c_ldsp s6, 0(sp)           : MemRead :  D=0x0000000000072000 A=0x7ffffffffffffcf0
2044000: system.cpu: T0 : 0x148ec    : c_addi16sp sp, 64          : IntAlu :  D=0x7ffffffffffffd30
2044500: system.cpu: T0 : 0x148ee    : c_jr ra                    : IntAlu : 
2045000: system.cpu: T0 : 0x22a5e    : c_li a5, 1                 : IntAlu :  D=0x0000000000000001
2045500: system.cpu: T0 : 0x22a60    : c_beqz a0, 10              : IntAlu : 
2046500: system.cpu: T0 : 0x22a6a    : lui a0, 80                 : IntAlu :  D=0x0000000000050000
2047500: system.cpu: T0 : 0x22a6e    : lui a4, 114                : IntAlu :  D=0x0000000000072000
2048500: system.cpu: T0 : 0x22a72    : addi a0, a0, 88            : IntAlu :  D=0x0000000000050058
2049500: system.cpu: T0 : 0x22a76    : sw a5, -16(a4)             : MemWrite :  D=0x0000000000000001 A=0x71ff0
2050500: system.cpu: T0 : 0x22a7a    : jal ra, -57870             : IntAlu :  D=0x0000000000022a7e
2051000: system.cpu: T0 : 0x1486c    : c_addi16sp sp, -64         : IntAlu :  D=0x7ffffffffffffcf0
2051500: system.cpu: T0 : 0x1486e    : c_sdsp s1, 40(sp)          : MemWrite :  D=0x000000000006fe60 A=0x7ffffffffffffd18
2052000: system.cpu: T0 : 0x14870    : ld s1, -1360(gp)           : MemRead :  D=0x7fffffffffffff48 A=0x70b08
2052500: system.cpu: T0 : 0x14874    : c_sdsp ra, 56(sp)          : MemWrite :  D=0x0000000000022a7e A=0x7ffffffffffffd28
2053000: system.cpu: T0 : 0x14876    : c_sdsp s0, 48(sp)          : MemWrite :  D=0x000000000006ef80 A=0x7ffffffffffffd20
2053500: system.cpu: T0 : 0x14878    : c_sdsp s2, 32(sp)          : MemWrite :  D=0x0000000000072000 A=0x7ffffffffffffd10
2054000: system.cpu: T0 : 0x1487a    : c_sdsp s3, 24(sp)          : MemWrite :  D=0x0000000000072000 A=0x7ffffffffffffd08
2054500: system.cpu: T0 : 0x1487c    : c_sdsp s4, 16(sp)          : MemWrite :  D=0x0000000000070000 A=0x7ffffffffffffd00
2055000: system.cpu: T0 : 0x1487e    : c_sdsp s5, 8(sp)           : MemWrite :  D=0x0000000000072000 A=0x7ffffffffffffcf8
2055500: system.cpu: T0 : 0x14880    : c_sdsp s6, 0(sp)           : MemWrite :  D=0x0000000000072000 A=0x7ffffffffffffcf0
2056000: system.cpu: T0 : 0x14882    : c_beqz s1, 210             : IntAlu : 
2056500: system.cpu: T0 : 0x14884    : lbu a5, 0(a0)              : MemRead :  D=0x000000000000004c A=0x50058
2057000: system.cpu: T0 : 0x14888    : c_mv s4, a0                : IntAlu :  D=0x0000000000050058
2057500: system.cpu: T0 : 0x1488a    : c_beqz a5, 202             : IntAlu : 
2058000: system.cpu: T0 : 0x1488c    : lbu s5, 1(a0)              : MemRead :  D=0x0000000000000044 A=0x50059
2058500: system.cpu: T0 : 0x14890    : slliw s2, a5, 16           : IntAlu :  D=0x00000000004c0000
2059000: system.cpu: T0 : 0x14894    : c_ld s0, 0(s1)             : MemRead :  D=0x0000000000000000 A=0x7fffffffffffff48
2060000: system.cpu: T0 : 0x14896    : sraiw s2, s2, 16           : IntAlu :  D=0x000000000000004c
2061000: system.cpu: T0 : 0x1489a    : bne s5, zero, 86           : IntAlu : 
2061500: system.cpu: T0 : 0x148f0    : jal ra, 42488              : IntAlu :  D=0x00000000000148f4
2062000: system.cpu: T0 : 0x1eee8    : andi a5, a0, 7             : IntAlu :  D=0x0000000000000000
2062500: system.cpu: T0 : 0x1eeec    : c_beqz a5, 26              : IntAlu : 
2063000: system.cpu: T0 : 0x1ef06    : c_mv a5, a0                : IntAlu :  D=0x0000000000050058
2063500: system.cpu: T0 : 0x1ef08    : ld a6, -2024(gp)           : MemRead :  D=0xfefefefefefefeff A=0x70870
2064000: system.cpu: T0 : 0x1ef0c    : ld a1, -2016(gp)           : MemRead :  D=0x8080808080808080 A=0x70878
2064500: system.cpu: T0 : 0x1ef10    : c_ld a2, 0(a5)             : MemRead :  D=0x5f444e49425f444c A=0x50058
2065500: system.cpu: T0 : 0x1ef12    : addi a3, a5, 8             : IntAlu :  D=0x0000000000050060
2066500: system.cpu: T0 : 0x1ef16    : add a4, a2, a6             : IntAlu :  D=0x5e434d48415e434b
2067500: system.cpu: T0 : 0x1ef1a    : xori a2, a2, 18446744073709551615 : IntAlu :  D=0xa0bbb1b6bda0bbb3
2068000: system.cpu: T0 : 0x1ef1e    : c_and a4, a2               : IntAlu :  D=0x0003010001000303
2068500: system.cpu: T0 : 0x1ef20    : c_and a4, a1               : IntAlu :  D=0x0000000000000000
2069000: system.cpu: T0 : 0x1ef22    : c_beqz a4, 50              : IntAlu : 
2069500: system.cpu: T0 : 0x1ef54    : c_mv a5, a3                : IntAlu :  D=0x0000000000050060
2070000: system.cpu: T0 : 0x1ef56    : c_j -70                    : IntAlu : 
2070500: system.cpu: T0 : 0x1ef10    : c_ld a2, 0(a5)             : MemRead :  D=0x0000000000544f4e A=0x50060
2071500: system.cpu: T0 : 0x1ef12    : addi a3, a5, 8             : IntAlu :  D=0x0000000000050068
2072500: system.cpu: T0 : 0x1ef16    : add a4, a2, a6             : IntAlu :  D=0xfefefefeff534e4d
2073500: system.cpu: T0 : 0x1ef1a    : xori a2, a2, 18446744073709551615 : IntAlu :  D=0xffffffffffabb0b1
2074000: system.cpu: T0 : 0x1ef1e    : c_and a4, a2               : IntAlu :  D=0xfefefefeff030001
2074500: system.cpu: T0 : 0x1ef20    : c_and a4, a1               : IntAlu :  D=0x8080808080000000
2075000: system.cpu: T0 : 0x1ef22    : c_beqz a4, 50              : IntAlu : 
2075500: system.cpu: T0 : 0x1ef24    : lbu a4, -8(a3)             : MemRead :  D=0x000000000000004e A=0x50060
2076000: system.cpu: T0 : 0x1ef28    : c_beqz a4, -40             : IntAlu : 
2077000: system.cpu: T0 : 0x1ef2a    : lbu a4, -7(a3)             : MemRead :  D=0x000000000000004f A=0x50061
2077500: system.cpu: T0 : 0x1ef2e    : c_beqz a4, 50              : IntAlu : 
2078000: system.cpu: T0 : 0x1ef30    : lbu a4, -6(a3)             : MemRead :  D=0x0000000000000054 A=0x50062
2078500: system.cpu: T0 : 0x1ef34    : c_beqz a4, 52              : IntAlu : 
2079500: system.cpu: T0 : 0x1ef36    : lbu a4, -5(a3)             : MemRead :  D=0x0000000000000000 A=0x50063
2080000: system.cpu: T0 : 0x1ef3a    : c_beqz a4, 54              : IntAlu : 
2080500: system.cpu: T0 : 0x1ef70    : c_sub a5, a0               : IntAlu :  D=0x0000000000000008
2081500: system.cpu: T0 : 0x1ef72    : addi a0, a5, 3             : IntAlu :  D=0x000000000000000b
2082000: system.cpu: T0 : 0x1ef76    : c_jr ra                    : IntAlu : 
2082500: system.cpu: T0 : 0x148f4    : slli a5, s5, 8             : IntAlu :  D=0x0000000000004400
2083000: system.cpu: T0 : 0x148f8    : or a5, s2, a5              : IntAlu :  D=0x000000000000444c
2083500: system.cpu: T0 : 0x148fc    : slliw s2, a5, 16           : IntAlu :  D=0x00000000444c0000
2084000: system.cpu: T0 : 0x14900    : c_mv s3, a0                : IntAlu :  D=0x000000000000000b
2085000: system.cpu: T0 : 0x14902    : sraiw s2, s2, 16           : IntAlu :  D=0x000000000000444c
2086000: system.cpu: T0 : 0x14906    : addi s5, a0, -2            : IntAlu :  D=0x0000000000000009
2086500: system.cpu: T0 : 0x1490a    : c_addi s4, 2               : IntAlu :  D=0x000000000005005a
2087000: system.cpu: T0 : 0x1490c    : c_beqz s0, -50             : IntAlu : 
2087500: system.cpu: T0 : 0x148da    : c_ldsp ra, 56(sp)          : MemRead :  D=0x0000000000022a7e A=0x7ffffffffffffd28
2088000: system.cpu: T0 : 0x148dc    : c_mv a0, s0                : IntAlu :  D=0x0000000000000000
2088500: system.cpu: T0 : 0x148de    : c_ldsp s0, 48(sp)          : MemRead :  D=0x000000000006ef80 A=0x7ffffffffffffd20
2089000: system.cpu: T0 : 0x148e0    : c_ldsp s1, 40(sp)          : MemRead :  D=0x000000000006fe60 A=0x7ffffffffffffd18
2089500: system.cpu: T0 : 0x148e2    : c_ldsp s2, 32(sp)          : MemRead :  D=0x0000000000072000 A=0x7ffffffffffffd10
2090000: system.cpu: T0 : 0x148e4    : c_ldsp s3, 24(sp)          : MemRead :  D=0x0000000000072000 A=0x7ffffffffffffd08
2090500: system.cpu: T0 : 0x148e6    : c_ldsp s4, 16(sp)          : MemRead :  D=0x0000000000070000 A=0x7ffffffffffffd00
2091000: system.cpu: T0 : 0x148e8    : c_ldsp s5, 8(sp)           : MemRead :  D=0x0000000000072000 A=0x7ffffffffffffcf8
2091500: system.cpu: T0 : 0x148ea    : c_ldsp s6, 0(sp)           : MemRead :  D=0x0000000000072000 A=0x7ffffffffffffcf0
2092000: system.cpu: T0 : 0x148ec    : c_addi16sp sp, 64          : IntAlu :  D=0x7ffffffffffffd30
2092500: system.cpu: T0 : 0x148ee    : c_jr ra                    : IntAlu : 
2093000: system.cpu: T0 : 0x22a7e    : c_li a5, 0                 : IntAlu :  D=0x0000000000000000
2093500: system.cpu: T0 : 0x22a80    : c_beqz a0, 10              : IntAlu : 
2094500: system.cpu: T0 : 0x22a8a    : lui a0, 80                 : IntAlu :  D=0x0000000000050000
2095500: system.cpu: T0 : 0x22a8e    : lui a4, 114                : IntAlu :  D=0x0000000000072000
2096500: system.cpu: T0 : 0x22a92    : addi a0, a0, 104           : IntAlu :  D=0x0000000000050068
2097500: system.cpu: T0 : 0x22a96    : sw a5, -40(a4)             : MemWrite :  D=0x0000000000000000 A=0x71fd8
2098500: system.cpu: T0 : 0x22a9a    : jal ra, -57902             : IntAlu :  D=0x0000000000022a9e
2099000: system.cpu: T0 : 0x1486c    : c_addi16sp sp, -64         : IntAlu :  D=0x7ffffffffffffcf0
2099500: system.cpu: T0 : 0x1486e    : c_sdsp s1, 40(sp)          : MemWrite :  D=0x000000000006fe60 A=0x7ffffffffffffd18
2100000: system.cpu: T0 : 0x14870    : ld s1, -1360(gp)           : MemRead :  D=0x7fffffffffffff48 A=0x70b08
2100500: system.cpu: T0 : 0x14874    : c_sdsp ra, 56(sp)          : MemWrite :  D=0x0000000000022a9e A=0x7ffffffffffffd28
2101000: system.cpu: T0 : 0x14876    : c_sdsp s0, 48(sp)          : MemWrite :  D=0x000000000006ef80 A=0x7ffffffffffffd20
2101500: system.cpu: T0 : 0x14878    : c_sdsp s2, 32(sp)          : MemWrite :  D=0x0000000000072000 A=0x7ffffffffffffd10
2102000: system.cpu: T0 : 0x1487a    : c_sdsp s3, 24(sp)          : MemWrite :  D=0x0000000000072000 A=0x7ffffffffffffd08
2102500: system.cpu: T0 : 0x1487c    : c_sdsp s4, 16(sp)          : MemWrite :  D=0x0000000000070000 A=0x7ffffffffffffd00
2103000: system.cpu: T0 : 0x1487e    : c_sdsp s5, 8(sp)           : MemWrite :  D=0x0000000000072000 A=0x7ffffffffffffcf8
2103500: system.cpu: T0 : 0x14880    : c_sdsp s6, 0(sp)           : MemWrite :  D=0x0000000000072000 A=0x7ffffffffffffcf0
2104000: system.cpu: T0 : 0x14882    : c_beqz s1, 210             : IntAlu : 
2104500: system.cpu: T0 : 0x14884    : lbu a5, 0(a0)              : MemRead :  D=0x000000000000004c A=0x50068
2105000: system.cpu: T0 : 0x14888    : c_mv s4, a0                : IntAlu :  D=0x0000000000050068
2105500: system.cpu: T0 : 0x1488a    : c_beqz a5, 202             : IntAlu : 
2106000: system.cpu: T0 : 0x1488c    : lbu s5, 1(a0)              : MemRead :  D=0x0000000000000044 A=0x50069
2106500: system.cpu: T0 : 0x14890    : slliw s2, a5, 16           : IntAlu :  D=0x00000000004c0000
2107000: system.cpu: T0 : 0x14894    : c_ld s0, 0(s1)             : MemRead :  D=0x0000000000000000 A=0x7fffffffffffff48
2108000: system.cpu: T0 : 0x14896    : sraiw s2, s2, 16           : IntAlu :  D=0x000000000000004c
2109000: system.cpu: T0 : 0x1489a    : bne s5, zero, 86           : IntAlu : 
2109500: system.cpu: T0 : 0x148f0    : jal ra, 42488              : IntAlu :  D=0x00000000000148f4
2110000: system.cpu: T0 : 0x1eee8    : andi a5, a0, 7             : IntAlu :  D=0x0000000000000000
2110500: system.cpu: T0 : 0x1eeec    : c_beqz a5, 26              : IntAlu : 
2111000: system.cpu: T0 : 0x1ef06    : c_mv a5, a0                : IntAlu :  D=0x0000000000050068
2111500: system.cpu: T0 : 0x1ef08    : ld a6, -2024(gp)           : MemRead :  D=0xfefefefefefefeff A=0x70870
2112000: system.cpu: T0 : 0x1ef0c    : ld a1, -2016(gp)           : MemRead :  D=0x8080808080808080 A=0x70878
2112500: system.cpu: T0 : 0x1ef10    : c_ld a2, 0(a5)             : MemRead :  D=0x4d414e59445f444c A=0x50068
2113500: system.cpu: T0 : 0x1ef12    : addi a3, a5, 8             : IntAlu :  D=0x0000000000050070
2114500: system.cpu: T0 : 0x1ef16    : add a4, a2, a6             : IntAlu :  D=0x4c404d58435e434b
2115500: system.cpu: T0 : 0x1ef1a    : xori a2, a2, 18446744073709551615 : IntAlu :  D=0xb2beb1a6bba0bbb3
2116000: system.cpu: T0 : 0x1ef1e    : c_and a4, a2               : IntAlu :  D=0x0000010003000303
2116500: system.cpu: T0 : 0x1ef20    : c_and a4, a1               : IntAlu :  D=0x0000000000000000
2117000: system.cpu: T0 : 0x1ef22    : c_beqz a4, 50              : IntAlu : 
2117500: system.cpu: T0 : 0x1ef54    : c_mv a5, a3                : IntAlu :  D=0x0000000000050070
2118000: system.cpu: T0 : 0x1ef56    : c_j -70                    : IntAlu : 
2118500: system.cpu: T0 : 0x1ef10    : c_ld a2, 0(a5)             : MemRead :  D=0x004b4145575f4349 A=0x50070
2119500: system.cpu: T0 : 0x1ef12    : addi a3, a5, 8             : IntAlu :  D=0x0000000000050078
2120500: system.cpu: T0 : 0x1ef16    : add a4, a2, a6             : IntAlu :  D=0xff4a4044565e4248
2121500: system.cpu: T0 : 0x1ef1a    : xori a2, a2, 18446744073709551615 : IntAlu :  D=0xffb4bebaa8a0bcb6
2122000: system.cpu: T0 : 0x1ef1e    : c_and a4, a2               : IntAlu :  D=0xff00000000000000
2122500: system.cpu: T0 : 0x1ef20    : c_and a4, a1               : IntAlu :  D=0x8000000000000000
2123000: system.cpu: T0 : 0x1ef22    : c_beqz a4, 50              : IntAlu : 
2123500: system.cpu: T0 : 0x1ef24    : lbu a4, -8(a3)             : MemRead :  D=0x0000000000000049 A=0x50070
2124000: system.cpu: T0 : 0x1ef28    : c_beqz a4, -40             : IntAlu : 
2125000: system.cpu: T0 : 0x1ef2a    : lbu a4, -7(a3)             : MemRead :  D=0x0000000000000043 A=0x50071
2125500: system.cpu: T0 : 0x1ef2e    : c_beqz a4, 50              : IntAlu : 
2126000: system.cpu: T0 : 0x1ef30    : lbu a4, -6(a3)             : MemRead :  D=0x000000000000005f A=0x50072
2126500: system.cpu: T0 : 0x1ef34    : c_beqz a4, 52              : IntAlu : 
2127500: system.cpu: T0 : 0x1ef36    : lbu a4, -5(a3)             : MemRead :  D=0x0000000000000057 A=0x50073
2128000: system.cpu: T0 : 0x1ef3a    : c_beqz a4, 54              : IntAlu : 
2128500: system.cpu: T0 : 0x1ef3c    : lbu a4, -4(a3)             : MemRead :  D=0x0000000000000045 A=0x50074
2129000: system.cpu: T0 : 0x1ef40    : c_beqz a4, 56              : IntAlu : 
2130000: system.cpu: T0 : 0x1ef42    : lbu a4, -3(a3)             : MemRead :  D=0x0000000000000041 A=0x50075
2130500: system.cpu: T0 : 0x1ef46    : c_beqz a4, 58              : IntAlu : 
2131000: system.cpu: T0 : 0x1ef48    : lbu a4, -2(a3)             : MemRead :  D=0x000000000000004b A=0x50076
2131500: system.cpu: T0 : 0x1ef4c    : c_beqz a4, 60              : IntAlu : 
2132500: system.cpu: T0 : 0x1ef4e    : lbu a4, -1(a3)             : MemRead :  D=0x0000000000000000 A=0x50077
2133000: system.cpu: T0 : 0x1ef52    : c_beqz a4, 6               : IntAlu : 
2133500: system.cpu: T0 : 0x1ef58    : c_sub a5, a0               : IntAlu :  D=0x0000000000000008
2134500: system.cpu: T0 : 0x1ef5a    : addi a0, a5, 7             : IntAlu :  D=0x000000000000000f
2135000: system.cpu: T0 : 0x1ef5e    : c_jr ra                    : IntAlu : 
2135500: system.cpu: T0 : 0x148f4    : slli a5, s5, 8             : IntAlu :  D=0x0000000000004400
2136000: system.cpu: T0 : 0x148f8    : or a5, s2, a5              : IntAlu :  D=0x000000000000444c
2136500: system.cpu: T0 : 0x148fc    : slliw s2, a5, 16           : IntAlu :  D=0x00000000444c0000
2137000: system.cpu: T0 : 0x14900    : c_mv s3, a0                : IntAlu :  D=0x000000000000000f
2138000: system.cpu: T0 : 0x14902    : sraiw s2, s2, 16           : IntAlu :  D=0x000000000000444c
2139000: system.cpu: T0 : 0x14906    : addi s5, a0, -2            : IntAlu :  D=0x000000000000000d
2139500: system.cpu: T0 : 0x1490a    : c_addi s4, 2               : IntAlu :  D=0x000000000005006a
2140000: system.cpu: T0 : 0x1490c    : c_beqz s0, -50             : IntAlu : 
2140500: system.cpu: T0 : 0x148da    : c_ldsp ra, 56(sp)          : MemRead :  D=0x0000000000022a9e A=0x7ffffffffffffd28
2141000: system.cpu: T0 : 0x148dc    : c_mv a0, s0                : IntAlu :  D=0x0000000000000000
2141500: system.cpu: T0 : 0x148de    : c_ldsp s0, 48(sp)          : MemRead :  D=0x000000000006ef80 A=0x7ffffffffffffd20
2142000: system.cpu: T0 : 0x148e0    : c_ldsp s1, 40(sp)          : MemRead :  D=0x000000000006fe60 A=0x7ffffffffffffd18
2142500: system.cpu: T0 : 0x148e2    : c_ldsp s2, 32(sp)          : MemRead :  D=0x0000000000072000 A=0x7ffffffffffffd10
2143000: system.cpu: T0 : 0x148e4    : c_ldsp s3, 24(sp)          : MemRead :  D=0x0000000000072000 A=0x7ffffffffffffd08
2143500: system.cpu: T0 : 0x148e6    : c_ldsp s4, 16(sp)          : MemRead :  D=0x0000000000070000 A=0x7ffffffffffffd00
2144000: system.cpu: T0 : 0x148e8    : c_ldsp s5, 8(sp)           : MemRead :  D=0x0000000000072000 A=0x7ffffffffffffcf8
2144500: system.cpu: T0 : 0x148ea    : c_ldsp s6, 0(sp)           : MemRead :  D=0x0000000000072000 A=0x7ffffffffffffcf0
2145000: system.cpu: T0 : 0x148ec    : c_addi16sp sp, 64          : IntAlu :  D=0x7ffffffffffffd30
2145500: system.cpu: T0 : 0x148ee    : c_jr ra                    : IntAlu : 
2146000: system.cpu: T0 : 0x22a9e    : c_li a5, 1                 : IntAlu :  D=0x0000000000000001
2146500: system.cpu: T0 : 0x22aa0    : c_beqz a0, 10              : IntAlu : 
2147500: system.cpu: T0 : 0x22aaa    : lui a0, 80                 : IntAlu :  D=0x0000000000050000
2148500: system.cpu: T0 : 0x22aae    : lui a4, 114                : IntAlu :  D=0x0000000000072000
2149500: system.cpu: T0 : 0x22ab2    : addi a0, a0, 120           : IntAlu :  D=0x0000000000050078
2150500: system.cpu: T0 : 0x22ab6    : sw a5, 36(a4)              : MemWrite :  D=0x0000000000000001 A=0x72024
2151500: system.cpu: T0 : 0x22aba    : jal ra, -57934             : IntAlu :  D=0x0000000000022abe
2152000: system.cpu: T0 : 0x1486c    : c_addi16sp sp, -64         : IntAlu :  D=0x7ffffffffffffcf0
2152500: system.cpu: T0 : 0x1486e    : c_sdsp s1, 40(sp)          : MemWrite :  D=0x000000000006fe60 A=0x7ffffffffffffd18
2153000: system.cpu: T0 : 0x14870    : ld s1, -1360(gp)           : MemRead :  D=0x7fffffffffffff48 A=0x70b08
2153500: system.cpu: T0 : 0x14874    : c_sdsp ra, 56(sp)          : MemWrite :  D=0x0000000000022abe A=0x7ffffffffffffd28
2154000: system.cpu: T0 : 0x14876    : c_sdsp s0, 48(sp)          : MemWrite :  D=0x000000000006ef80 A=0x7ffffffffffffd20
2154500: system.cpu: T0 : 0x14878    : c_sdsp s2, 32(sp)          : MemWrite :  D=0x0000000000072000 A=0x7ffffffffffffd10
2155000: system.cpu: T0 : 0x1487a    : c_sdsp s3, 24(sp)          : MemWrite :  D=0x0000000000072000 A=0x7ffffffffffffd08
2155500: system.cpu: T0 : 0x1487c    : c_sdsp s4, 16(sp)          : MemWrite :  D=0x0000000000070000 A=0x7ffffffffffffd00
2156000: system.cpu: T0 : 0x1487e    : c_sdsp s5, 8(sp)           : MemWrite :  D=0x0000000000072000 A=0x7ffffffffffffcf8
2156500: system.cpu: T0 : 0x14880    : c_sdsp s6, 0(sp)           : MemWrite :  D=0x0000000000072000 A=0x7ffffffffffffcf0
2157000: system.cpu: T0 : 0x14882    : c_beqz s1, 210             : IntAlu : 
2157500: system.cpu: T0 : 0x14884    : lbu a5, 0(a0)              : MemRead :  D=0x000000000000004c A=0x50078
2158000: system.cpu: T0 : 0x14888    : c_mv s4, a0                : IntAlu :  D=0x0000000000050078
2158500: system.cpu: T0 : 0x1488a    : c_beqz a5, 202             : IntAlu : 
2159000: system.cpu: T0 : 0x1488c    : lbu s5, 1(a0)              : MemRead :  D=0x0000000000000044 A=0x50079
2159500: system.cpu: T0 : 0x14890    : slliw s2, a5, 16           : IntAlu :  D=0x00000000004c0000
2160000: system.cpu: T0 : 0x14894    : c_ld s0, 0(s1)             : MemRead :  D=0x0000000000000000 A=0x7fffffffffffff48
2161000: system.cpu: T0 : 0x14896    : sraiw s2, s2, 16           : IntAlu :  D=0x000000000000004c
2162000: system.cpu: T0 : 0x1489a    : bne s5, zero, 86           : IntAlu : 
2162500: system.cpu: T0 : 0x148f0    : jal ra, 42488              : IntAlu :  D=0x00000000000148f4
2163000: system.cpu: T0 : 0x1eee8    : andi a5, a0, 7             : IntAlu :  D=0x0000000000000000
2163500: system.cpu: T0 : 0x1eeec    : c_beqz a5, 26              : IntAlu : 
2164000: system.cpu: T0 : 0x1ef06    : c_mv a5, a0                : IntAlu :  D=0x0000000000050078
2164500: system.cpu: T0 : 0x1ef08    : ld a6, -2024(gp)           : MemRead :  D=0xfefefefefefefeff A=0x70870
2165000: system.cpu: T0 : 0x1ef0c    : ld a1, -2016(gp)           : MemRead :  D=0x8080808080808080 A=0x70878
2165500: system.cpu: T0 : 0x1ef10    : c_ld a2, 0(a5)             : MemRead :  D=0x49464f52505f444c A=0x50078
2166500: system.cpu: T0 : 0x1ef12    : addi a3, a5, 8             : IntAlu :  D=0x0000000000050080
2167500: system.cpu: T0 : 0x1ef16    : add a4, a2, a6             : IntAlu :  D=0x48454e514f5e434b
2168500: system.cpu: T0 : 0x1ef1a    : xori a2, a2, 18446744073709551615 : IntAlu :  D=0xb6b9b0adafa0bbb3
2169000: system.cpu: T0 : 0x1ef1e    : c_and a4, a2               : IntAlu :  D=0x000100010f000303
2169500: system.cpu: T0 : 0x1ef20    : c_and a4, a1               : IntAlu :  D=0x0000000000000000
2170000: system.cpu: T0 : 0x1ef22    : c_beqz a4, 50              : IntAlu : 
2170500: system.cpu: T0 : 0x1ef54    : c_mv a5, a3                : IntAlu :  D=0x0000000000050080
2171000: system.cpu: T0 : 0x1ef56    : c_j -70                    : IntAlu : 
2171500: system.cpu: T0 : 0x1ef10    : c_ld a2, 0(a5)             : MemRead :  D=0x555054554f5f454c A=0x50080
2172500: system.cpu: T0 : 0x1ef12    : addi a3, a5, 8             : IntAlu :  D=0x0000000000050088
2173500: system.cpu: T0 : 0x1ef16    : add a4, a2, a6             : IntAlu :  D=0x544f53544e5e444b
2174500: system.cpu: T0 : 0x1ef1a    : xori a2, a2, 18446744073709551615 : IntAlu :  D=0xaaafabaab0a0bab3
2175000: system.cpu: T0 : 0x1ef1e    : c_and a4, a2               : IntAlu :  D=0x000f030000000003
2175500: system.cpu: T0 : 0x1ef20    : c_and a4, a1               : IntAlu :  D=0x0000000000000000
2176000: system.cpu: T0 : 0x1ef22    : c_beqz a4, 50              : IntAlu : 
2176500: system.cpu: T0 : 0x1ef54    : c_mv a5, a3                : IntAlu :  D=0x0000000000050088
2177000: system.cpu: T0 : 0x1ef56    : c_j -70                    : IntAlu : 
2177500: system.cpu: T0 : 0x1ef10    : c_ld a2, 0(a5)             : MemRead :  D=0x0000000000000054 A=0x50088
2178500: system.cpu: T0 : 0x1ef12    : addi a3, a5, 8             : IntAlu :  D=0x0000000000050090
2179500: system.cpu: T0 : 0x1ef16    : add a4, a2, a6             : IntAlu :  D=0xfefefefefefeff53
2180500: system.cpu: T0 : 0x1ef1a    : xori a2, a2, 18446744073709551615 : IntAlu :  D=0xffffffffffffffab
2181000: system.cpu: T0 : 0x1ef1e    : c_and a4, a2               : IntAlu :  D=0xfefefefefefeff03
2181500: system.cpu: T0 : 0x1ef20    : c_and a4, a1               : IntAlu :  D=0x8080808080808000
2182000: system.cpu: T0 : 0x1ef22    : c_beqz a4, 50              : IntAlu : 
2182500: system.cpu: T0 : 0x1ef24    : lbu a4, -8(a3)             : MemRead :  D=0x0000000000000054 A=0x50088
2183000: system.cpu: T0 : 0x1ef28    : c_beqz a4, -40             : IntAlu : 
2184000: system.cpu: T0 : 0x1ef2a    : lbu a4, -7(a3)             : MemRead :  D=0x0000000000000000 A=0x50089
2184500: system.cpu: T0 : 0x1ef2e    : c_beqz a4, 50              : IntAlu : 
2185000: system.cpu: T0 : 0x1ef60    : c_sub a5, a0               : IntAlu :  D=0x0000000000000010
2186000: system.cpu: T0 : 0x1ef62    : addi a0, a5, 1             : IntAlu :  D=0x0000000000000011
2186500: system.cpu: T0 : 0x1ef66    : c_jr ra                    : IntAlu : 
2187000: system.cpu: T0 : 0x148f4    : slli a5, s5, 8             : IntAlu :  D=0x0000000000004400
2187500: system.cpu: T0 : 0x148f8    : or a5, s2, a5              : IntAlu :  D=0x000000000000444c
2188000: system.cpu: T0 : 0x148fc    : slliw s2, a5, 16           : IntAlu :  D=0x00000000444c0000
2188500: system.cpu: T0 : 0x14900    : c_mv s3, a0                : IntAlu :  D=0x0000000000000011
2189500: system.cpu: T0 : 0x14902    : sraiw s2, s2, 16           : IntAlu :  D=0x000000000000444c
2190500: system.cpu: T0 : 0x14906    : addi s5, a0, -2            : IntAlu :  D=0x000000000000000f
2191000: system.cpu: T0 : 0x1490a    : c_addi s4, 2               : IntAlu :  D=0x000000000005007a
2191500: system.cpu: T0 : 0x1490c    : c_beqz s0, -50             : IntAlu : 
2192000: system.cpu: T0 : 0x148da    : c_ldsp ra, 56(sp)          : MemRead :  D=0x0000000000022abe A=0x7ffffffffffffd28
2192500: system.cpu: T0 : 0x148dc    : c_mv a0, s0                : IntAlu :  D=0x0000000000000000
2193000: system.cpu: T0 : 0x148de    : c_ldsp s0, 48(sp)          : MemRead :  D=0x000000000006ef80 A=0x7ffffffffffffd20
2193500: system.cpu: T0 : 0x148e0    : c_ldsp s1, 40(sp)          : MemRead :  D=0x000000000006fe60 A=0x7ffffffffffffd18
2194000: system.cpu: T0 : 0x148e2    : c_ldsp s2, 32(sp)          : MemRead :  D=0x0000000000072000 A=0x7ffffffffffffd10
2194500: system.cpu: T0 : 0x148e4    : c_ldsp s3, 24(sp)          : MemRead :  D=0x0000000000072000 A=0x7ffffffffffffd08
2195000: system.cpu: T0 : 0x148e6    : c_ldsp s4, 16(sp)          : MemRead :  D=0x0000000000070000 A=0x7ffffffffffffd00
2195500: system.cpu: T0 : 0x148e8    : c_ldsp s5, 8(sp)           : MemRead :  D=0x0000000000072000 A=0x7ffffffffffffcf8
2196000: system.cpu: T0 : 0x148ea    : c_ldsp s6, 0(sp)           : MemRead :  D=0x0000000000072000 A=0x7ffffffffffffcf0
2196500: system.cpu: T0 : 0x148ec    : c_addi16sp sp, 64          : IntAlu :  D=0x7ffffffffffffd30
2197000: system.cpu: T0 : 0x148ee    : c_jr ra                    : IntAlu : 
2198000: system.cpu: T0 : 0x22abe    : lui a4, 114                : IntAlu :  D=0x0000000000072000
2199000: system.cpu: T0 : 0x22ac2    : sd a0, -80(a4)             : MemWrite :  D=0x0000000000000000 A=0x71fb0
2200000: system.cpu: T0 : 0x22ac6    : beq a0, zero, 550          : IntAlu : 
2200500: system.cpu: T0 : 0x22cec    : lui a5, 111                : IntAlu :  D=0x000000000006f000
2201000: system.cpu: T0 : 0x22cf0    : lw a5, -72(a5)             : MemRead :  D=0x0000000000000000 A=0x6efb8
2201500: system.cpu: T0 : 0x22cf4    : c_beqz a5, -140            : IntAlu : 
2202000: system.cpu: T0 : 0x22c68    : lui a3, 80                 : IntAlu :  D=0x0000000000050000
2202500: system.cpu: T0 : 0x22c6c    : addi a3, a3, -600          : IntAlu :  D=0x000000000004fda8
2203000: system.cpu: T0 : 0x22c70    : c_j -396                   : IntAlu : 
2203500: system.cpu: T0 : 0x22ae4    : sd a3, -80(a4)             : MemWrite :  D=0x000000000004fda8 A=0x71fb0
2204000: system.cpu: T0 : 0x22ae8    : bne a5, zero, 344          : IntAlu : 
2204500: system.cpu: T0 : 0x22aec    : lui a0, 80                 : IntAlu :  D=0x0000000000050000
2205000: system.cpu: T0 : 0x22af0    : addi a0, a0, 144           : IntAlu :  D=0x0000000000050090
2205500: system.cpu: T0 : 0x22af4    : jal ra, -57992             : IntAlu :  D=0x0000000000022af8
2206000: system.cpu: T0 : 0x1486c    : c_addi16sp sp, -64         : IntAlu :  D=0x7ffffffffffffcf0
2206500: system.cpu: T0 : 0x1486e    : c_sdsp s1, 40(sp)          : MemWrite :  D=0x000000000006fe60 A=0x7ffffffffffffd18
2207000: system.cpu: T0 : 0x14870    : ld s1, -1360(gp)           : MemRead :  D=0x7fffffffffffff48 A=0x70b08
2207500: system.cpu: T0 : 0x14874    : c_sdsp ra, 56(sp)          : MemWrite :  D=0x0000000000022af8 A=0x7ffffffffffffd28
2208000: system.cpu: T0 : 0x14876    : c_sdsp s0, 48(sp)          : MemWrite :  D=0x000000000006ef80 A=0x7ffffffffffffd20
2208500: system.cpu: T0 : 0x14878    : c_sdsp s2, 32(sp)          : MemWrite :  D=0x0000000000072000 A=0x7ffffffffffffd10
2209000: system.cpu: T0 : 0x1487a    : c_sdsp s3, 24(sp)          : MemWrite :  D=0x0000000000072000 A=0x7ffffffffffffd08
2209500: system.cpu: T0 : 0x1487c    : c_sdsp s4, 16(sp)          : MemWrite :  D=0x0000000000070000 A=0x7ffffffffffffd00
2210000: system.cpu: T0 : 0x1487e    : c_sdsp s5, 8(sp)           : MemWrite :  D=0x0000000000072000 A=0x7ffffffffffffcf8
2210500: system.cpu: T0 : 0x14880    : c_sdsp s6, 0(sp)           : MemWrite :  D=0x0000000000072000 A=0x7ffffffffffffcf0
2211000: system.cpu: T0 : 0x14882    : c_beqz s1, 210             : IntAlu : 
2211500: system.cpu: T0 : 0x14884    : lbu a5, 0(a0)              : MemRead :  D=0x000000000000004c A=0x50090
2212000: system.cpu: T0 : 0x14888    : c_mv s4, a0                : IntAlu :  D=0x0000000000050090
2212500: system.cpu: T0 : 0x1488a    : c_beqz a5, 202             : IntAlu : 
2213000: system.cpu: T0 : 0x1488c    : lbu s5, 1(a0)              : MemRead :  D=0x0000000000000044 A=0x50091
2213500: system.cpu: T0 : 0x14890    : slliw s2, a5, 16           : IntAlu :  D=0x00000000004c0000
2214000: system.cpu: T0 : 0x14894    : c_ld s0, 0(s1)             : MemRead :  D=0x0000000000000000 A=0x7fffffffffffff48
2215000: system.cpu: T0 : 0x14896    : sraiw s2, s2, 16           : IntAlu :  D=0x000000000000004c
2216000: system.cpu: T0 : 0x1489a    : bne s5, zero, 86           : IntAlu : 
2216500: system.cpu: T0 : 0x148f0    : jal ra, 42488              : IntAlu :  D=0x00000000000148f4
2217000: system.cpu: T0 : 0x1eee8    : andi a5, a0, 7             : IntAlu :  D=0x0000000000000000
2217500: system.cpu: T0 : 0x1eeec    : c_beqz a5, 26              : IntAlu : 
2218000: system.cpu: T0 : 0x1ef06    : c_mv a5, a0                : IntAlu :  D=0x0000000000050090
2218500: system.cpu: T0 : 0x1ef08    : ld a6, -2024(gp)           : MemRead :  D=0xfefefefefefefeff A=0x70870
2219000: system.cpu: T0 : 0x1ef0c    : ld a1, -2016(gp)           : MemRead :  D=0x8080808080808080 A=0x70878
2219500: system.cpu: T0 : 0x1ef10    : c_ld a2, 0(a5)             : MemRead :  D=0x4d555353415f444c A=0x50090
2220500: system.cpu: T0 : 0x1ef12    : addi a3, a5, 8             : IntAlu :  D=0x0000000000050098
2221500: system.cpu: T0 : 0x1ef16    : add a4, a2, a6             : IntAlu :  D=0x4c545252405e434b
2222500: system.cpu: T0 : 0x1ef1a    : xori a2, a2, 18446744073709551615 : IntAlu :  D=0xb2aaacacbea0bbb3
2223000: system.cpu: T0 : 0x1ef1e    : c_and a4, a2               : IntAlu :  D=0x0000000000000303
2223500: system.cpu: T0 : 0x1ef20    : c_and a4, a1               : IntAlu :  D=0x0000000000000000
2224000: system.cpu: T0 : 0x1ef22    : c_beqz a4, 50              : IntAlu : 
2224500: system.cpu: T0 : 0x1ef54    : c_mv a5, a3                : IntAlu :  D=0x0000000000050098
2225000: system.cpu: T0 : 0x1ef56    : c_j -70                    : IntAlu : 
2225500: system.cpu: T0 : 0x1ef10    : c_ld a2, 0(a5)             : MemRead :  D=0x4c454e52454b5f45 A=0x50098
2226500: system.cpu: T0 : 0x1ef12    : addi a3, a5, 8             : IntAlu :  D=0x00000000000500a0
2227500: system.cpu: T0 : 0x1ef16    : add a4, a2, a6             : IntAlu :  D=0x4b444d51444a5e44
2228500: system.cpu: T0 : 0x1ef1a    : xori a2, a2, 18446744073709551615 : IntAlu :  D=0xb3bab1adbab4a0ba
2229000: system.cpu: T0 : 0x1ef1e    : c_and a4, a2               : IntAlu :  D=0x0300010100000000
2229500: system.cpu: T0 : 0x1ef20    : c_and a4, a1               : IntAlu :  D=0x0000000000000000
2230000: system.cpu: T0 : 0x1ef22    : c_beqz a4, 50              : IntAlu : 
2230500: system.cpu: T0 : 0x1ef54    : c_mv a5, a3                : IntAlu :  D=0x00000000000500a0
2231000: system.cpu: T0 : 0x1ef56    : c_j -70                    : IntAlu : 
2231500: system.cpu: T0 : 0x1ef10    : c_ld a2, 0(a5)             : MemRead :  D=0x0000000000000000 A=0x500a0
2232500: system.cpu: T0 : 0x1ef12    : addi a3, a5, 8             : IntAlu :  D=0x00000000000500a8
2233500: system.cpu: T0 : 0x1ef16    : add a4, a2, a6             : IntAlu :  D=0xfefefefefefefeff
2234500: system.cpu: T0 : 0x1ef1a    : xori a2, a2, 18446744073709551615 : IntAlu :  D=0xffffffffffffffff
2235000: system.cpu: T0 : 0x1ef1e    : c_and a4, a2               : IntAlu :  D=0xfefefefefefefeff
2235500: system.cpu: T0 : 0x1ef20    : c_and a4, a1               : IntAlu :  D=0x8080808080808080
2236000: system.cpu: T0 : 0x1ef22    : c_beqz a4, 50              : IntAlu : 
2236500: system.cpu: T0 : 0x1ef24    : lbu a4, -8(a3)             : MemRead :  D=0x0000000000000000 A=0x500a0
2237000: system.cpu: T0 : 0x1ef28    : c_beqz a4, -40             : IntAlu : 
2237500: system.cpu: T0 : 0x1ef00    : sub a0, a5, a0             : IntAlu :  D=0x0000000000000010
2238000: system.cpu: T0 : 0x1ef04    : c_jr ra                    : IntAlu : 
2238500: system.cpu: T0 : 0x148f4    : slli a5, s5, 8             : IntAlu :  D=0x0000000000004400
2239000: system.cpu: T0 : 0x148f8    : or a5, s2, a5              : IntAlu :  D=0x000000000000444c
2239500: system.cpu: T0 : 0x148fc    : slliw s2, a5, 16           : IntAlu :  D=0x00000000444c0000
2240000: system.cpu: T0 : 0x14900    : c_mv s3, a0                : IntAlu :  D=0x0000000000000010
2241000: system.cpu: T0 : 0x14902    : sraiw s2, s2, 16           : IntAlu :  D=0x000000000000444c
2242000: system.cpu: T0 : 0x14906    : addi s5, a0, -2            : IntAlu :  D=0x000000000000000e
2242500: system.cpu: T0 : 0x1490a    : c_addi s4, 2               : IntAlu :  D=0x0000000000050092
2243000: system.cpu: T0 : 0x1490c    : c_beqz s0, -50             : IntAlu : 
2243500: system.cpu: T0 : 0x148da    : c_ldsp ra, 56(sp)          : MemRead :  D=0x0000000000022af8 A=0x7ffffffffffffd28
2244000: system.cpu: T0 : 0x148dc    : c_mv a0, s0                : IntAlu :  D=0x0000000000000000
2244500: system.cpu: T0 : 0x148de    : c_ldsp s0, 48(sp)          : MemRead :  D=0x000000000006ef80 A=0x7ffffffffffffd20
2245000: system.cpu: T0 : 0x148e0    : c_ldsp s1, 40(sp)          : MemRead :  D=0x000000000006fe60 A=0x7ffffffffffffd18
2245500: system.cpu: T0 : 0x148e2    : c_ldsp s2, 32(sp)          : MemRead :  D=0x0000000000072000 A=0x7ffffffffffffd10
2246000: system.cpu: T0 : 0x148e4    : c_ldsp s3, 24(sp)          : MemRead :  D=0x0000000000072000 A=0x7ffffffffffffd08
2246500: system.cpu: T0 : 0x148e6    : c_ldsp s4, 16(sp)          : MemRead :  D=0x0000000000070000 A=0x7ffffffffffffd00
2247000: system.cpu: T0 : 0x148e8    : c_ldsp s5, 8(sp)           : MemRead :  D=0x0000000000072000 A=0x7ffffffffffffcf8
2247500: system.cpu: T0 : 0x148ea    : c_ldsp s6, 0(sp)           : MemRead :  D=0x0000000000072000 A=0x7ffffffffffffcf0
2248000: system.cpu: T0 : 0x148ec    : c_addi16sp sp, 64          : IntAlu :  D=0x7ffffffffffffd30
2248500: system.cpu: T0 : 0x148ee    : c_jr ra                    : IntAlu : 
2249000: system.cpu: T0 : 0x22af8    : c_mv s0, a0                : IntAlu :  D=0x0000000000000000
2249500: system.cpu: T0 : 0x22afa    : c_beqz a0, 76              : IntAlu : 
2250500: system.cpu: T0 : 0x22b46    : lui a5, 114                : IntAlu :  D=0x0000000000072000
2251500: system.cpu: T0 : 0x22b4a    : ld a0, -24(a5)             : MemRead :  D=0x0000000000000000 A=0x71fe8
2252000: system.cpu: T0 : 0x22b4e    : c_beqz a0, 14              : IntAlu : 
2252500: system.cpu: T0 : 0x22b5c    : ld a5, 8(s2)               : MemRead :  D=0x0000000000010040 A=0x72008
2253000: system.cpu: T0 : 0x22b60    : ld t3, 1120(s1)            : MemRead :  D=0x0000000000000000 A=0x702c0
2253500: system.cpu: T0 : 0x22b64    : c_beqz a5, 110             : IntAlu : 
2254500: system.cpu: T0 : 0x22b66    : ld a4, 64(s3)              : MemRead :  D=0x0000000000000006 A=0x72040
2255500: system.cpu: T0 : 0x22b6a    : slli a3, a4, 3             : IntAlu :  D=0x0000000000000030
2256000: system.cpu: T0 : 0x22b6e    : c_sub a3, a4               : IntAlu :  D=0x000000000000002a
2256500: system.cpu: T0 : 0x22b70    : c_slli a3, 3               : IntAlu :  D=0x0000000000000150
2257000: system.cpu: T0 : 0x22b72    : c_add a3, a5               : IntAlu :  D=0x0000000000010190
2257500: system.cpu: T0 : 0x22b74    : bgeu a5, a3, 94            : IntAlu : 
2258000: system.cpu: T0 : 0x22b78    : lui a2, 411470             : IntAlu :  D=0x000000006474e000
2258500: system.cpu: T0 : 0x22b7c    : addi a1, a2, 1361          : IntAlu :  D=0x000000006474e551
2259000: system.cpu: T0 : 0x22b80    : ld t4, 1112(s1)            : MemRead :  D=0x0000000000000000 A=0x702b8
2259500: system.cpu: T0 : 0x22b84    : lw t1, -1800(gp)           : MemRead :  D=0x0000000000000006 A=0x70950
2260000: system.cpu: T0 : 0x22b88    : c_mv a6, t3                : IntAlu :  D=0x0000000000000000
2260500: system.cpu: T0 : 0x22b8a    : c_li a7, 0                 : IntAlu :  D=0x0000000000000000
2261000: system.cpu: T0 : 0x22b8c    : c_li a0, 0                 : IntAlu :  D=0x0000000000000000
2262000: system.cpu: T0 : 0x22b8e    : addi a2, a2, 1362          : IntAlu :  D=0x000000006474e552
2262500: system.cpu: T0 : 0x22b92    : c_j 24                     : IntAlu : 
2263000: system.cpu: T0 : 0x22baa    : c_lw a4, 0(a5)             : MemRead :  D=0x0000000000000001 A=0x10040
2263500: system.cpu: T0 : 0x22bac    : bne a4, a1, -24            : IntAlu : 
2264000: system.cpu: T0 : 0x22b94    : bne a4, a2, 14             : IntAlu : 
2265000: system.cpu: T0 : 0x22ba2    : addi a5, a5, 56            : IntAlu :  D=0x0000000000010078
2266000: system.cpu: T0 : 0x22ba6    : bgeu a5, a3, 24            : IntAlu : 
2266500: system.cpu: T0 : 0x22baa    : c_lw a4, 0(a5)             : MemRead :  D=0x0000000000000001 A=0x10078
2267000: system.cpu: T0 : 0x22bac    : bne a4, a1, -24            : IntAlu : 
2267500: system.cpu: T0 : 0x22b94    : bne a4, a2, 14             : IntAlu : 
2268500: system.cpu: T0 : 0x22ba2    : addi a5, a5, 56            : IntAlu :  D=0x00000000000100b0
2269500: system.cpu: T0 : 0x22ba6    : bgeu a5, a3, 24            : IntAlu : 
2270000: system.cpu: T0 : 0x22baa    : c_lw a4, 0(a5)             : MemRead :  D=0x0000000000000004 A=0x100b0
2270500: system.cpu: T0 : 0x22bac    : bne a4, a1, -24            : IntAlu : 
2271000: system.cpu: T0 : 0x22b94    : bne a4, a2, 14             : IntAlu : 
2272000: system.cpu: T0 : 0x22ba2    : addi a5, a5, 56            : IntAlu :  D=0x00000000000100e8
2273000: system.cpu: T0 : 0x22ba6    : bgeu a5, a3, 24            : IntAlu : 
2273500: system.cpu: T0 : 0x22baa    : c_lw a4, 0(a5)             : MemRead :  D=0x0000000000000007 A=0x100e8
2274000: system.cpu: T0 : 0x22bac    : bne a4, a1, -24            : IntAlu : 
2274500: system.cpu: T0 : 0x22b94    : bne a4, a2, 14             : IntAlu : 
2275500: system.cpu: T0 : 0x22ba2    : addi a5, a5, 56            : IntAlu :  D=0x0000000000010120
2276500: system.cpu: T0 : 0x22ba6    : bgeu a5, a3, 24            : IntAlu : 
2277000: system.cpu: T0 : 0x22baa    : c_lw a4, 0(a5)             : MemRead :  D=0x000000006474e551 A=0x10120
2277500: system.cpu: T0 : 0x22bac    : bne a4, a1, -24            : IntAlu : 
2278000: system.cpu: T0 : 0x22bb0    : lw t1, 4(a5)               : MemRead :  D=0x0000000000000006 A=0x10124
2278500: system.cpu: T0 : 0x22bb4    : addi a5, a5, 56            : IntAlu :  D=0x0000000000010158
2279000: system.cpu: T0 : 0x22bb8    : c_li a0, 1                 : IntAlu :  D=0x0000000000000001
2280000: system.cpu: T0 : 0x22bba    : bltu a5, a3, -16           : IntAlu : 
2280500: system.cpu: T0 : 0x22baa    : c_lw a4, 0(a5)             : MemRead :  D=0x000000006474e552 A=0x10158
2281000: system.cpu: T0 : 0x22bac    : bne a4, a1, -24            : IntAlu : 
2281500: system.cpu: T0 : 0x22b94    : bne a4, a2, 14             : IntAlu : 
2282000: system.cpu: T0 : 0x22b98    : ld t4, 16(a5)              : MemRead :  D=0x000000000006ead0 A=0x10168
2282500: system.cpu: T0 : 0x22b9c    : ld a6, 40(a5)              : MemRead :  D=0x0000000000000530 A=0x10180
2283000: system.cpu: T0 : 0x22ba0    : c_li a7, 1                 : IntAlu :  D=0x0000000000000001
2284000: system.cpu: T0 : 0x22ba2    : addi a5, a5, 56            : IntAlu :  D=0x0000000000010190
2285000: system.cpu: T0 : 0x22ba6    : bgeu a5, a3, 24            : IntAlu : 
2285500: system.cpu: T0 : 0x22bbe    : c_beqz a0, 6               : IntAlu : 
2286000: system.cpu: T0 : 0x22bc0    : sw t1, -1800(gp)           : MemWrite :  D=0x0000000000000006 A=0x70950
2286500: system.cpu: T0 : 0x22bc4    : beq a7, zero, 14           : IntAlu : 
2287000: system.cpu: T0 : 0x22bc8    : sd t4, 1112(s1)            : MemWrite :  D=0x000000000006ead0 A=0x702b8
2287500: system.cpu: T0 : 0x22bcc    : sd a6, 1120(s1)            : MemWrite :  D=0x0000000000000530 A=0x702c0
2288000: system.cpu: T0 : 0x22bd0    : c_mv t3, a6                : IntAlu :  D=0x0000000000000530
2289000: system.cpu: T0 : 0x22bd2    : bne t3, zero, 272          : IntAlu : 
2290000: system.cpu: T0 : 0x22ce2    : addi a0, s4, -416          : IntAlu :  D=0x000000000006fe60
2291000: system.cpu: T0 : 0x22ce6    : jal ra, 106388             : IntAlu :  D=0x0000000000022cea
2291500: system.cpu: T0 : 0x3cc7a    : c_addi sp, -16             : IntAlu :  D=0x7ffffffffffffd20
2292000: system.cpu: T0 : 0x3cc7c    : c_ld a5, 0(a0)             : MemRead :  D=0x0000000000000000 A=0x6fe60
2292500: system.cpu: T0 : 0x3cc7e    : c_sdsp s0, 0(sp)           : MemWrite :  D=0x0000000000000000 A=0x7ffffffffffffd20
2293000: system.cpu: T0 : 0x3cc80    : c_mv s0, a0                : IntAlu :  D=0x000000000006fe60
2294000: system.cpu: T0 : 0x3cc82    : ld a0, 1112(a0)            : MemRead :  D=0x000000000006ead0 A=0x702b8
2295000: system.cpu: T0 : 0x3cc86    : ld a4, -1784(gp)           : MemRead :  D=0x0000000000001000 A=0x70960
2296000: system.cpu: T0 : 0x3cc8a    : ld a1, 1120(s0)            : MemRead :  D=0x0000000000000530 A=0x702c0
2296500: system.cpu: T0 : 0x3cc8e    : c_add a5, a0               : IntAlu :  D=0x000000000006ead0
2297000: system.cpu: T0 : 0x3cc90    : sub a4, zero, a4           : IntAlu :  D=0xfffffffffffff000
2297500: system.cpu: T0 : 0x3cc94    : c_add a1, a5               : IntAlu :  D=0x000000000006f000
2298000: system.cpu: T0 : 0x3cc96    : c_sdsp ra, 8(sp)           : MemWrite :  D=0x0000000000022cea A=0x7ffffffffffffd28
2298500: system.cpu: T0 : 0x3cc98    : and a0, a5, a4             : IntAlu :  D=0x000000000006e000
2299000: system.cpu: T0 : 0x3cc9c    : c_and a1, a4               : IntAlu :  D=0x000000000006f000
2300000: system.cpu: T0 : 0x3cc9e    : bne a0, a1, 12             : IntAlu : 
2300500: system.cpu: T0 : 0x3ccaa    : c_li a2, 1                 : IntAlu :  D=0x0000000000000001
2301000: system.cpu: T0 : 0x3ccac    : c_sub a1, a0               : IntAlu :  D=0x0000000000001000
2302000: system.cpu: T0 : 0x3ccae    : jal ra, -113354            : IntAlu :  D=0x000000000003ccb2
2302500: system.cpu: T0 : 0x211e4    : addi a7, zero, 226         : IntAlu :  D=0x00000000000000e2
2303000: system.cpu: T0 : 0x211e8    : ecall                      : No_OpClass : 
2303500: system.cpu: T0 : 0x211ec    : c_lui a7, 1048575          : IntAlu :  D=0xfffffffffffff000
2304500: system.cpu: T0 : 0x211ee    : bltu a7, a0, 6             : IntAlu : 
2305000: system.cpu: T0 : 0x211f2    : c_jr ra                    : IntAlu : 
2306000: system.cpu: T0 : 0x3ccb2    : bge a0, zero, -16          : IntAlu : 
2306500: system.cpu: T0 : 0x3cca2    : c_ldsp ra, 8(sp)           : MemRead :  D=0x0000000000022cea A=0x7ffffffffffffd28
2307000: system.cpu: T0 : 0x3cca4    : c_ldsp s0, 0(sp)           : MemRead :  D=0x0000000000000000 A=0x7ffffffffffffd20
2307500: system.cpu: T0 : 0x3cca6    : c_addi sp, 16              : IntAlu :  D=0x7ffffffffffffd30
2308000: system.cpu: T0 : 0x3cca8    : c_jr ra                    : IntAlu : 
2308500: system.cpu: T0 : 0x22cea    : c_j -276                   : IntAlu : 
2309000: system.cpu: T0 : 0x22bd6    : c_ldsp ra, 152(sp)         : MemRead :  D=0x0000000000022f68 A=0x7ffffffffffffdc8
2309500: system.cpu: T0 : 0x22bd8    : c_ldsp s0, 144(sp)         : MemRead :  D=0x0000000000000001 A=0x7ffffffffffffdc0
2310000: system.cpu: T0 : 0x22bda    : c_ldsp s1, 136(sp)         : MemRead :  D=0x7fffffffffffff38 A=0x7ffffffffffffdb8
2310500: system.cpu: T0 : 0x22bdc    : c_ldsp s2, 128(sp)         : MemRead :  D=0x7fffffffffffff48 A=0x7ffffffffffffdb0
2311000: system.cpu: T0 : 0x22bde    : c_ldsp s3, 120(sp)         : MemRead :  D=0x0000000000000000 A=0x7ffffffffffffda8
2311500: system.cpu: T0 : 0x22be0    : c_ldsp s4, 112(sp)         : MemRead :  D=0x0000000000000000 A=0x7ffffffffffffda0
2312000: system.cpu: T0 : 0x22be2    : c_ldsp s5, 104(sp)         : MemRead :  D=0x0000000000000000 A=0x7ffffffffffffd98
2312500: system.cpu: T0 : 0x22be4    : c_ldsp s6, 96(sp)          : MemRead :  D=0x0000000000000000 A=0x7ffffffffffffd90
2313000: system.cpu: T0 : 0x22be6    : c_ldsp s7, 88(sp)          : MemRead :  D=0x0000000000000000 A=0x7ffffffffffffd88
2313500: system.cpu: T0 : 0x22be8    : c_ldsp s8, 80(sp)          : MemRead :  D=0x0000000000000000 A=0x7ffffffffffffd80
2314000: system.cpu: T0 : 0x22bea    : c_ldsp s9, 72(sp)          : MemRead :  D=0x0000000000000000 A=0x7ffffffffffffd78
2314500: system.cpu: T0 : 0x22bec    : c_ldsp s10, 64(sp)         : MemRead :  D=0x0000000000000000 A=0x7ffffffffffffd70
2315000: system.cpu: T0 : 0x22bee    : c_addi16sp sp, 160         : IntAlu :  D=0x7ffffffffffffdd0
2315500: system.cpu: T0 : 0x22bf0    : c_jr ra                    : IntAlu : 
2316000: system.cpu: T0 : 0x22f68    : c_mv a2, s2                : IntAlu :  D=0x7fffffffffffff48
2316500: system.cpu: T0 : 0x22f6a    : c_mv a1, s1                : IntAlu :  D=0x7fffffffffffff38
2317000: system.cpu: T0 : 0x22f6c    : c_mv a0, s0                : IntAlu :  D=0x0000000000000001
2318000: system.cpu: T0 : 0x22f6e    : jal ra, -4344              : IntAlu :  D=0x0000000000022f72
2318500: system.cpu: T0 : 0x21e76    : c_beqz a1, 50              : IntAlu : 
2319000: system.cpu: T0 : 0x21e78    : c_addi sp, -32             : IntAlu :  D=0x7ffffffffffffdb0
2319500: system.cpu: T0 : 0x21e7a    : c_sdsp s1, 8(sp)           : MemWrite :  D=0x7fffffffffffff38 A=0x7ffffffffffffdb8
2320000: system.cpu: T0 : 0x21e7c    : c_ld s1, 0(a1)             : MemRead :  D=0x7fffffffffffffde A=0x7fffffffffffff38
2320500: system.cpu: T0 : 0x21e7e    : c_sdsp s0, 16(sp)          : MemWrite :  D=0x0000000000000001 A=0x7ffffffffffffdc0
2321000: system.cpu: T0 : 0x21e80    : c_sdsp ra, 24(sp)          : MemWrite :  D=0x0000000000022f72 A=0x7ffffffffffffdc8
2321500: system.cpu: T0 : 0x21e82    : c_mv s0, a1                : IntAlu :  D=0x7fffffffffffff38
2322000: system.cpu: T0 : 0x21e84    : c_beqz s1, 26              : IntAlu : 
2323000: system.cpu: T0 : 0x21e86    : addi a1, zero, 47          : IntAlu :  D=0x000000000000002f
2323500: system.cpu: T0 : 0x21e8a    : c_mv a0, s1                : IntAlu :  D=0x7fffffffffffffde
2324000: system.cpu: T0 : 0x21e8c    : jal ra, 90482              : IntAlu :  D=0x0000000000021e90
2324500: system.cpu: T0 : 0x37ffe    : c_addi sp, -32             : IntAlu :  D=0x7ffffffffffffd90
2325000: system.cpu: T0 : 0x38000    : c_sdsp s0, 16(sp)          : MemWrite :  D=0x7fffffffffffff38 A=0x7ffffffffffffda0
2325500: system.cpu: T0 : 0x38002    : c_sdsp s1, 8(sp)           : MemWrite :  D=0x7fffffffffffffde A=0x7ffffffffffffd98
2326000: system.cpu: T0 : 0x38004    : c_sdsp s2, 0(sp)           : MemWrite :  D=0x7fffffffffffff48 A=0x7ffffffffffffd90
2326500: system.cpu: T0 : 0x38006    : c_sdsp ra, 24(sp)          : MemWrite :  D=0x0000000000021e90 A=0x7ffffffffffffda8
2327000: system.cpu: T0 : 0x38008    : andi s1, a1, 255           : IntAlu :  D=0x000000000000002f
2327500: system.cpu: T0 : 0x3800c    : c_mv s0, a0                : IntAlu :  D=0x7fffffffffffffde
2328000: system.cpu: T0 : 0x3800e    : c_li s2, 0                 : IntAlu :  D=0x0000000000000000
2328500: system.cpu: T0 : 0x38010    : c_bnez s1, 10              : IntAlu : 
2329000: system.cpu: T0 : 0x3801a    : c_mv a0, s0                : IntAlu :  D=0x7fffffffffffffde
2329500: system.cpu: T0 : 0x3801c    : c_mv a1, s1                : IntAlu :  D=0x000000000000002f
2330500: system.cpu: T0 : 0x3801e    : jal ra, -103340            : IntAlu :  D=0x0000000000038022
2331500: system.cpu: T0 : 0x1ec72    : andi a5, a0, 7             : IntAlu :  D=0x0000000000000006
2332500: system.cpu: T0 : 0x1ec76    : andi a4, a1, 255           : IntAlu :  D=0x000000000000002f
2333000: system.cpu: T0 : 0x1ec7a    : c_bnez a5, 14              : IntAlu : 
2333500: system.cpu: T0 : 0x1ec88    : lbu a5, 0(a0)              : MemRead :  D=0x000000000000002e A=0x7fffffffffffffde
2334000: system.cpu: T0 : 0x1ec8c    : bne a5, a4, -14            : IntAlu : 
2334500: system.cpu: T0 : 0x1ec7e    : c_addi a0, 1               : IntAlu :  D=0x7fffffffffffffdf
2335000: system.cpu: T0 : 0x1ec80    : andi a3, a0, 7             : IntAlu :  D=0x0000000000000007
2335500: system.cpu: T0 : 0x1ec84    : c_beqz a5, 168             : IntAlu : 
2336000: system.cpu: T0 : 0x1ec86    : c_beqz a3, 12              : IntAlu : 
2336500: system.cpu: T0 : 0x1ec88    : lbu a5, 0(a0)              : MemRead :  D=0x000000000000002e A=0x7fffffffffffffdf
2337000: system.cpu: T0 : 0x1ec8c    : bne a5, a4, -14            : IntAlu : 
2337500: system.cpu: T0 : 0x1ec7e    : c_addi a0, 1               : IntAlu :  D=0x7fffffffffffffe0
2338000: system.cpu: T0 : 0x1ec80    : andi a3, a0, 7             : IntAlu :  D=0x0000000000000000
2338500: system.cpu: T0 : 0x1ec84    : c_beqz a5, 168             : IntAlu : 
2339000: system.cpu: T0 : 0x1ec86    : c_beqz a3, 12              : IntAlu : 
2339500: system.cpu: T0 : 0x1ec92    : c_lui a3, 16               : IntAlu :  D=0x0000000000010000
2340000: system.cpu: T0 : 0x1ec94    : slliw a5, a1, 8            : IntAlu :  D=0x0000000000002f00
2340500: system.cpu: T0 : 0x1ec98    : c_addi a3, -1              : IntAlu :  D=0x000000000000ffff
2341000: system.cpu: T0 : 0x1ec9a    : c_and a5, a3               : IntAlu :  D=0x0000000000002f00
2341500: system.cpu: T0 : 0x1ec9c    : andi a1, a1, 255           : IntAlu :  D=0x000000000000002f
2342000: system.cpu: T0 : 0x1eca0    : c_or a1, a5                : IntAlu :  D=0x0000000000002f2f
2342500: system.cpu: T0 : 0x1eca2    : c_addiw a1, 0              : IntAlu :  D=0x0000000000002f2f
2343000: system.cpu: T0 : 0x1eca4    : slli t1, a1, 16            : IntAlu :  D=0x000000002f2f0000
2343500: system.cpu: T0 : 0x1eca8    : or a1, t1, a1              : IntAlu :  D=0x000000002f2f2f2f
2344000: system.cpu: T0 : 0x1ecac    : ld a6, -2032(gp)           : MemRead :  D=0x7efefefefefefeff A=0x70868
2344500: system.cpu: T0 : 0x1ecb0    : slli t1, a1, 32            : IntAlu :  D=0x2f2f2f2f00000000
2345000: system.cpu: T0 : 0x1ecb4    : or t1, t1, a1              : IntAlu :  D=0x2f2f2f2f2f2f2f2f
2345500: system.cpu: T0 : 0x1ecb8    : c_li t3, -1                : IntAlu :  D=0xffffffffffffffff
2346000: system.cpu: T0 : 0x1ecba    : c_ld a1, 0(a0)             : MemRead :  D=0x616f6c6e776f442f A=0x7fffffffffffffe0
2346500: system.cpu: T0 : 0x1ecbc    : addi a5, a0, 8             : IntAlu :  D=0x7fffffffffffffe8
2347000: system.cpu: T0 : 0x1ecc0    : xor a7, t1, a1             : IntAlu :  D=0x4e40434158406b00
2347500: system.cpu: T0 : 0x1ecc4    : add a3, a1, a6             : IntAlu :  D=0xe06e6b6d766e432e
2348000: system.cpu: T0 : 0x1ecc8    : add a2, a7, a6             : IntAlu :  D=0xcd3f4240573f69ff
2348500: system.cpu: T0 : 0x1eccc    : c_xor a3, a1               : IntAlu :  D=0x8101070301010701
2349500: system.cpu: T0 : 0x1ecce    : xor a2, a2, a7             : IntAlu :  D=0x837f01010f7f02ff
2350000: system.cpu: T0 : 0x1ecd2    : c_and a3, a2               : IntAlu :  D=0x8101010101010201
2350500: system.cpu: T0 : 0x1ecd4    : or a3, a3, a6              : IntAlu :  D=0xfffffffffffffeff
2351000: system.cpu: T0 : 0x1ecd8    : beq a3, t3, 88             : IntAlu : 
2351500: system.cpu: T0 : 0x1ecdc    : lbu a3, -8(a5)             : MemRead :  D=0x000000000000002f A=0x7fffffffffffffe0
2352000: system.cpu: T0 : 0x1ece0    : beq a3, a4, -80            : IntAlu : 
2352500: system.cpu: T0 : 0x1ec90    : c_jr ra                    : IntAlu : 
2353000: system.cpu: T0 : 0x38022    : c_bnez a0, -14             : IntAlu : 
2353500: system.cpu: T0 : 0x38014    : addi s0, a0, 1             : IntAlu :  D=0x7fffffffffffffe1
2354000: system.cpu: T0 : 0x38018    : c_mv s2, a0                : IntAlu :  D=0x7fffffffffffffe0
2354500: system.cpu: T0 : 0x3801a    : c_mv a0, s0                : IntAlu :  D=0x7fffffffffffffe1
2355000: system.cpu: T0 : 0x3801c    : c_mv a1, s1                : IntAlu :  D=0x000000000000002f
2356000: system.cpu: T0 : 0x3801e    : jal ra, -103340            : IntAlu :  D=0x0000000000038022
2357000: system.cpu: T0 : 0x1ec72    : andi a5, a0, 7             : IntAlu :  D=0x0000000000000001
2358000: system.cpu: T0 : 0x1ec76    : andi a4, a1, 255           : IntAlu :  D=0x000000000000002f
2358500: system.cpu: T0 : 0x1ec7a    : c_bnez a5, 14              : IntAlu : 
2359000: system.cpu: T0 : 0x1ec88    : lbu a5, 0(a0)              : MemRead :  D=0x0000000000000044 A=0x7fffffffffffffe1
2359500: system.cpu: T0 : 0x1ec8c    : bne a5, a4, -14            : IntAlu : 
2360000: system.cpu: T0 : 0x1ec7e    : c_addi a0, 1               : IntAlu :  D=0x7fffffffffffffe2
2360500: system.cpu: T0 : 0x1ec80    : andi a3, a0, 7             : IntAlu :  D=0x0000000000000002
2361000: system.cpu: T0 : 0x1ec84    : c_beqz a5, 168             : IntAlu : 
2361500: system.cpu: T0 : 0x1ec86    : c_beqz a3, 12              : IntAlu : 
2362000: system.cpu: T0 : 0x1ec88    : lbu a5, 0(a0)              : MemRead :  D=0x000000000000006f A=0x7fffffffffffffe2
2362500: system.cpu: T0 : 0x1ec8c    : bne a5, a4, -14            : IntAlu : 
2363000: system.cpu: T0 : 0x1ec7e    : c_addi a0, 1               : IntAlu :  D=0x7fffffffffffffe3
2363500: system.cpu: T0 : 0x1ec80    : andi a3, a0, 7             : IntAlu :  D=0x0000000000000003
2364000: system.cpu: T0 : 0x1ec84    : c_beqz a5, 168             : IntAlu : 
2364500: system.cpu: T0 : 0x1ec86    : c_beqz a3, 12              : IntAlu : 
2365000: system.cpu: T0 : 0x1ec88    : lbu a5, 0(a0)              : MemRead :  D=0x0000000000000077 A=0x7fffffffffffffe3
2365500: system.cpu: T0 : 0x1ec8c    : bne a5, a4, -14            : IntAlu : 
2366000: system.cpu: T0 : 0x1ec7e    : c_addi a0, 1               : IntAlu :  D=0x7fffffffffffffe4
2366500: system.cpu: T0 : 0x1ec80    : andi a3, a0, 7             : IntAlu :  D=0x0000000000000004
2367000: system.cpu: T0 : 0x1ec84    : c_beqz a5, 168             : IntAlu : 
2367500: system.cpu: T0 : 0x1ec86    : c_beqz a3, 12              : IntAlu : 
2368000: system.cpu: T0 : 0x1ec88    : lbu a5, 0(a0)              : MemRead :  D=0x000000000000006e A=0x7fffffffffffffe4
2368500: system.cpu: T0 : 0x1ec8c    : bne a5, a4, -14            : IntAlu : 
2369000: system.cpu: T0 : 0x1ec7e    : c_addi a0, 1               : IntAlu :  D=0x7fffffffffffffe5
2369500: system.cpu: T0 : 0x1ec80    : andi a3, a0, 7             : IntAlu :  D=0x0000000000000005
2370000: system.cpu: T0 : 0x1ec84    : c_beqz a5, 168             : IntAlu : 
2370500: system.cpu: T0 : 0x1ec86    : c_beqz a3, 12              : IntAlu : 
2371000: system.cpu: T0 : 0x1ec88    : lbu a5, 0(a0)              : MemRead :  D=0x000000000000006c A=0x7fffffffffffffe5
2371500: system.cpu: T0 : 0x1ec8c    : bne a5, a4, -14            : IntAlu : 
2372000: system.cpu: T0 : 0x1ec7e    : c_addi a0, 1               : IntAlu :  D=0x7fffffffffffffe6
2372500: system.cpu: T0 : 0x1ec80    : andi a3, a0, 7             : IntAlu :  D=0x0000000000000006
2373000: system.cpu: T0 : 0x1ec84    : c_beqz a5, 168             : IntAlu : 
2373500: system.cpu: T0 : 0x1ec86    : c_beqz a3, 12              : IntAlu : 
2374000: system.cpu: T0 : 0x1ec88    : lbu a5, 0(a0)              : MemRead :  D=0x000000000000006f A=0x7fffffffffffffe6
2374500: system.cpu: T0 : 0x1ec8c    : bne a5, a4, -14            : IntAlu : 
2375000: system.cpu: T0 : 0x1ec7e    : c_addi a0, 1               : IntAlu :  D=0x7fffffffffffffe7
2375500: system.cpu: T0 : 0x1ec80    : andi a3, a0, 7             : IntAlu :  D=0x0000000000000007
2376000: system.cpu: T0 : 0x1ec84    : c_beqz a5, 168             : IntAlu : 
2376500: system.cpu: T0 : 0x1ec86    : c_beqz a3, 12              : IntAlu : 
2377000: system.cpu: T0 : 0x1ec88    : lbu a5, 0(a0)              : MemRead :  D=0x0000000000000061 A=0x7fffffffffffffe7
2377500: system.cpu: T0 : 0x1ec8c    : bne a5, a4, -14            : IntAlu : 
2378000: system.cpu: T0 : 0x1ec7e    : c_addi a0, 1               : IntAlu :  D=0x7fffffffffffffe8
2378500: system.cpu: T0 : 0x1ec80    : andi a3, a0, 7             : IntAlu :  D=0x0000000000000000
2379000: system.cpu: T0 : 0x1ec84    : c_beqz a5, 168             : IntAlu : 
2379500: system.cpu: T0 : 0x1ec86    : c_beqz a3, 12              : IntAlu : 
2380000: system.cpu: T0 : 0x1ec92    : c_lui a3, 16               : IntAlu :  D=0x0000000000010000
2380500: system.cpu: T0 : 0x1ec94    : slliw a5, a1, 8            : IntAlu :  D=0x0000000000002f00
2381000: system.cpu: T0 : 0x1ec98    : c_addi a3, -1              : IntAlu :  D=0x000000000000ffff
2381500: system.cpu: T0 : 0x1ec9a    : c_and a5, a3               : IntAlu :  D=0x0000000000002f00
2382000: system.cpu: T0 : 0x1ec9c    : andi a1, a1, 255           : IntAlu :  D=0x000000000000002f
2382500: system.cpu: T0 : 0x1eca0    : c_or a1, a5                : IntAlu :  D=0x0000000000002f2f
2383000: system.cpu: T0 : 0x1eca2    : c_addiw a1, 0              : IntAlu :  D=0x0000000000002f2f
2383500: system.cpu: T0 : 0x1eca4    : slli t1, a1, 16            : IntAlu :  D=0x000000002f2f0000
2384000: system.cpu: T0 : 0x1eca8    : or a1, t1, a1              : IntAlu :  D=0x000000002f2f2f2f
2384500: system.cpu: T0 : 0x1ecac    : ld a6, -2032(gp)           : MemRead :  D=0x7efefefefefefeff A=0x70868
2385000: system.cpu: T0 : 0x1ecb0    : slli t1, a1, 32            : IntAlu :  D=0x2f2f2f2f00000000
2385500: system.cpu: T0 : 0x1ecb4    : or t1, t1, a1              : IntAlu :  D=0x2f2f2f2f2f2f2f2f
2386000: system.cpu: T0 : 0x1ecb8    : c_li t3, -1                : IntAlu :  D=0xffffffffffffffff
2386500: system.cpu: T0 : 0x1ecba    : c_ld a1, 0(a0)             : MemRead :  D=0xc900746e632f7364 A=0x7fffffffffffffe8
2387000: system.cpu: T0 : 0x1ecbc    : addi a5, a0, 8             : IntAlu :  D=0x7ffffffffffffff0
2387500: system.cpu: T0 : 0x1ecc0    : xor a7, t1, a1             : IntAlu :  D=0xe62f5b414c005c4b
2388000: system.cpu: T0 : 0x1ecc4    : add a3, a1, a6             : IntAlu :  D=0x47ff736d622e7263
2388500: system.cpu: T0 : 0x1ecc8    : add a2, a7, a6             : IntAlu :  D=0x652e5a404aff5b4a
2389000: system.cpu: T0 : 0x1eccc    : c_xor a3, a1               : IntAlu :  D=0x8eff070301010107
2390000: system.cpu: T0 : 0x1ecce    : xor a2, a2, a7             : IntAlu :  D=0x8301010106ff0701
2390500: system.cpu: T0 : 0x1ecd2    : c_and a3, a2               : IntAlu :  D=0x8201010100010101
2391000: system.cpu: T0 : 0x1ecd4    : or a3, a3, a6              : IntAlu :  D=0xfefffffffeffffff
2391500: system.cpu: T0 : 0x1ecd8    : beq a3, t3, 88             : IntAlu : 
2392000: system.cpu: T0 : 0x1ecdc    : lbu a3, -8(a5)             : MemRead :  D=0x0000000000000064 A=0x7fffffffffffffe8
2392500: system.cpu: T0 : 0x1ece0    : beq a3, a4, -80            : IntAlu : 
2393000: system.cpu: T0 : 0x1ece4    : c_beqz a3, 72              : IntAlu : 
2394000: system.cpu: T0 : 0x1ece6    : lbu a3, -7(a5)             : MemRead :  D=0x0000000000000073 A=0x7fffffffffffffe9
2395000: system.cpu: T0 : 0x1ecea    : beq a3, a4, 74             : IntAlu : 
2395500: system.cpu: T0 : 0x1ecee    : c_beqz a3, 62              : IntAlu : 
2396000: system.cpu: T0 : 0x1ecf0    : lbu a3, -6(a5)             : MemRead :  D=0x000000000000002f A=0x7fffffffffffffea
2396500: system.cpu: T0 : 0x1ecf4    : beq a3, a4, 68             : IntAlu : 
2397000: system.cpu: T0 : 0x1ed38    : c_addi a0, 2               : IntAlu :  D=0x7fffffffffffffea
2397500: system.cpu: T0 : 0x1ed3a    : c_jr ra                    : IntAlu : 
2398000: system.cpu: T0 : 0x38022    : c_bnez a0, -14             : IntAlu : 
2398500: system.cpu: T0 : 0x38014    : addi s0, a0, 1             : IntAlu :  D=0x7fffffffffffffeb
2399000: system.cpu: T0 : 0x38018    : c_mv s2, a0                : IntAlu :  D=0x7fffffffffffffea
2399500: system.cpu: T0 : 0x3801a    : c_mv a0, s0                : IntAlu :  D=0x7fffffffffffffeb
2400000: system.cpu: T0 : 0x3801c    : c_mv a1, s1                : IntAlu :  D=0x000000000000002f
2401000: system.cpu: T0 : 0x3801e    : jal ra, -103340            : IntAlu :  D=0x0000000000038022
2402000: system.cpu: T0 : 0x1ec72    : andi a5, a0, 7             : IntAlu :  D=0x0000000000000003
2403000: system.cpu: T0 : 0x1ec76    : andi a4, a1, 255           : IntAlu :  D=0x000000000000002f
2403500: system.cpu: T0 : 0x1ec7a    : c_bnez a5, 14              : IntAlu : 
2404000: system.cpu: T0 : 0x1ec88    : lbu a5, 0(a0)              : MemRead :  D=0x0000000000000063 A=0x7fffffffffffffeb
2404500: system.cpu: T0 : 0x1ec8c    : bne a5, a4, -14            : IntAlu : 
2405000: system.cpu: T0 : 0x1ec7e    : c_addi a0, 1               : IntAlu :  D=0x7fffffffffffffec
2405500: system.cpu: T0 : 0x1ec80    : andi a3, a0, 7             : IntAlu :  D=0x0000000000000004
2406000: system.cpu: T0 : 0x1ec84    : c_beqz a5, 168             : IntAlu : 
2406500: system.cpu: T0 : 0x1ec86    : c_beqz a3, 12              : IntAlu : 
2407000: system.cpu: T0 : 0x1ec88    : lbu a5, 0(a0)              : MemRead :  D=0x000000000000006e A=0x7fffffffffffffec
2407500: system.cpu: T0 : 0x1ec8c    : bne a5, a4, -14            : IntAlu : 
2408000: system.cpu: T0 : 0x1ec7e    : c_addi a0, 1               : IntAlu :  D=0x7fffffffffffffed
2408500: system.cpu: T0 : 0x1ec80    : andi a3, a0, 7             : IntAlu :  D=0x0000000000000005
2409000: system.cpu: T0 : 0x1ec84    : c_beqz a5, 168             : IntAlu : 
2409500: system.cpu: T0 : 0x1ec86    : c_beqz a3, 12              : IntAlu : 
2410000: system.cpu: T0 : 0x1ec88    : lbu a5, 0(a0)              : MemRead :  D=0x0000000000000074 A=0x7fffffffffffffed
2410500: system.cpu: T0 : 0x1ec8c    : bne a5, a4, -14            : IntAlu : 
2411000: system.cpu: T0 : 0x1ec7e    : c_addi a0, 1               : IntAlu :  D=0x7fffffffffffffee
2411500: system.cpu: T0 : 0x1ec80    : andi a3, a0, 7             : IntAlu :  D=0x0000000000000006
2412000: system.cpu: T0 : 0x1ec84    : c_beqz a5, 168             : IntAlu : 
2412500: system.cpu: T0 : 0x1ec86    : c_beqz a3, 12              : IntAlu : 
2413000: system.cpu: T0 : 0x1ec88    : lbu a5, 0(a0)              : MemRead :  D=0x0000000000000000 A=0x7fffffffffffffee
2413500: system.cpu: T0 : 0x1ec8c    : bne a5, a4, -14            : IntAlu : 
2414000: system.cpu: T0 : 0x1ec7e    : c_addi a0, 1               : IntAlu :  D=0x7fffffffffffffef
2414500: system.cpu: T0 : 0x1ec80    : andi a3, a0, 7             : IntAlu :  D=0x0000000000000007
2415000: system.cpu: T0 : 0x1ec84    : c_beqz a5, 168             : IntAlu : 
2415500: system.cpu: T0 : 0x1ed2c    : c_li a0, 0                 : IntAlu :  D=0x0000000000000000
2416000: system.cpu: T0 : 0x1ed2e    : c_jr ra                    : IntAlu : 
2416500: system.cpu: T0 : 0x38022    : c_bnez a0, -14             : IntAlu : 
2417000: system.cpu: T0 : 0x38024    : c_ldsp ra, 24(sp)          : MemRead :  D=0x0000000000021e90 A=0x7ffffffffffffda8
2417500: system.cpu: T0 : 0x38026    : c_ldsp s0, 16(sp)          : MemRead :  D=0x7fffffffffffff38 A=0x7ffffffffffffda0
2418000: system.cpu: T0 : 0x38028    : c_ldsp s1, 8(sp)           : MemRead :  D=0x7fffffffffffffde A=0x7ffffffffffffd98
2418500: system.cpu: T0 : 0x3802a    : c_mv a0, s2                : IntAlu :  D=0x7fffffffffffffea
2419000: system.cpu: T0 : 0x3802c    : c_ldsp s2, 0(sp)           : MemRead :  D=0x7fffffffffffff48 A=0x7ffffffffffffd90
2419500: system.cpu: T0 : 0x3802e    : c_addi16sp sp, 32          : IntAlu :  D=0x7ffffffffffffdb0
2420000: system.cpu: T0 : 0x38030    : c_jr ra                    : IntAlu : 
2420500: system.cpu: T0 : 0x21e90    : c_beqz a0, 26              : IntAlu : 
2421000: system.cpu: T0 : 0x21e92    : c_addi a0, 1               : IntAlu :  D=0x7fffffffffffffeb
2421500: system.cpu: T0 : 0x21e94    : sd a0, -1824(gp)           : MemWrite :  D=0x7fffffffffffffeb A=0x70938
2422000: system.cpu: T0 : 0x21e98    : c_ld a4, 0(s0)             : MemRead :  D=0x7fffffffffffffde A=0x7fffffffffffff38
2423000: system.cpu: T0 : 0x21e9a    : sd a4, -1816(gp)           : MemWrite :  D=0x7fffffffffffffde A=0x70940
2423500: system.cpu: T0 : 0x21e9e    : c_ldsp ra, 24(sp)          : MemRead :  D=0x0000000000022f72 A=0x7ffffffffffffdc8
2424000: system.cpu: T0 : 0x21ea0    : c_ldsp s0, 16(sp)          : MemRead :  D=0x0000000000000001 A=0x7ffffffffffffdc0
2424500: system.cpu: T0 : 0x21ea2    : c_ldsp s1, 8(sp)           : MemRead :  D=0x7fffffffffffff38 A=0x7ffffffffffffdb8
2425000: system.cpu: T0 : 0x21ea4    : c_addi16sp sp, 32          : IntAlu :  D=0x7ffffffffffffdd0
2425500: system.cpu: T0 : 0x21ea6    : c_jr ra                    : IntAlu : 
2426000: system.cpu: T0 : 0x22f72    : c_ldsp s0, 16(sp)          : MemRead :  D=0x0000000000010b64 A=0x7ffffffffffffde0
2426500: system.cpu: T0 : 0x22f74    : c_ldsp ra, 24(sp)          : MemRead :  D=0x00000000000107d8 A=0x7ffffffffffffde8
2427000: system.cpu: T0 : 0x22f76    : c_ldsp s1, 8(sp)           : MemRead :  D=0x0000000000010bf4 A=0x7ffffffffffffdd8
2427500: system.cpu: T0 : 0x22f78    : c_ldsp s2, 0(sp)           : MemRead :  D=0x0000000000000000 A=0x7ffffffffffffdd0
2428000: system.cpu: T0 : 0x22f7a    : c_addi16sp sp, 32          : IntAlu :  D=0x7ffffffffffffdf0
2428500: system.cpu: T0 : 0x22f7c    : jal zero, 35004            : IntAlu :  D=0x0000000000022f80
2429000: system.cpu: T0 : 0x2b838    : ld a5, 0(tp)               : MemRead :  D=0x0000000000070678 A=0x73710
2429500: system.cpu: T0 : 0x2b83c    : c_ld a5, 0(a5)             : MemRead :  D=0x0000000000051a18 A=0x70678
2430000: system.cpu: T0 : 0x2b83e    : c_ld a0, 64(a5)            : MemRead :  D=0x0000000000053248 A=0x51a58
2430500: system.cpu: T0 : 0x2b840    : c_ld a2, 72(a5)            : MemRead :  D=0x0000000000052848 A=0x51a60
2431000: system.cpu: T0 : 0x2b842    : c_ld a4, 88(a5)            : MemRead :  D=0x0000000000052248 A=0x51a70
2431500: system.cpu: T0 : 0x2b844    : addi a0, a0, 256           : IntAlu :  D=0x0000000000053348
2432000: system.cpu: T0 : 0x2b848    : addi a2, a2, 512           : IntAlu :  D=0x0000000000052a48
2432500: system.cpu: T0 : 0x2b84c    : addi a4, a4, 512           : IntAlu :  D=0x0000000000052448
2433000: system.cpu: T0 : 0x2b850    : sd a0, 80(tp)              : MemWrite :  D=0x0000000000053348 A=0x73760
2433500: system.cpu: T0 : 0x2b854    : sd a2, 72(tp)              : MemWrite :  D=0x0000000000052a48 A=0x73758
2434000: system.cpu: T0 : 0x2b858    : sd a4, 64(tp)              : MemWrite :  D=0x0000000000052448 A=0x73750
2434500: system.cpu: T0 : 0x2b85c    : c_jr ra                    : IntAlu : 
2435000: system.cpu: T0 : 0x107d8    : c_beqz s1, 12              : IntAlu : 
2435500: system.cpu: T0 : 0x107da    : c_li a2, 0                 : IntAlu :  D=0x0000000000000000
2436000: system.cpu: T0 : 0x107dc    : c_li a1, 0                 : IntAlu :  D=0x0000000000000000
2436500: system.cpu: T0 : 0x107de    : c_mv a0, s1                : IntAlu :  D=0x0000000000010bf4
2437000: system.cpu: T0 : 0x107e0    : jal ra, 17626              : IntAlu :  D=0x00000000000107e4
2438000: system.cpu: T0 : 0x14cba    : addi a3, gp, -1936         : IntAlu :  D=0x00000000000708c8
2438500: system.cpu: T0 : 0x14cbe    : c_j -204                   : IntAlu : 
2439000: system.cpu: T0 : 0x14bf2    : c_addi16sp sp, -64         : IntAlu :  D=0x7ffffffffffffdb0
2439500: system.cpu: T0 : 0x14bf4    : c_sdsp ra, 56(sp)          : MemWrite :  D=0x00000000000107e4 A=0x7ffffffffffffde8
2440000: system.cpu: T0 : 0x14bf6    : c_sdsp s0, 48(sp)          : MemWrite :  D=0x0000000000010b64 A=0x7ffffffffffffde0
2440500: system.cpu: T0 : 0x14bf8    : c_sdsp s1, 40(sp)          : MemWrite :  D=0x0000000000010bf4 A=0x7ffffffffffffdd8
2441000: system.cpu: T0 : 0x14bfa    : c_sdsp s2, 32(sp)          : MemWrite :  D=0x0000000000000000 A=0x7ffffffffffffdd0
2441500: system.cpu: T0 : 0x14bfc    : c_sdsp s3, 24(sp)          : MemWrite :  D=0x0000000000000000 A=0x7ffffffffffffdc8
2442000: system.cpu: T0 : 0x14bfe    : c_beqz a0, 156             : IntAlu : 
2442500: system.cpu: T0 : 0x14c00    : lui s0, 114                : IntAlu :  D=0x0000000000072000
2443000: system.cpu: T0 : 0x14c04    : c_mv s2, a2                : IntAlu :  D=0x0000000000000000
2443500: system.cpu: T0 : 0x14c06    : c_mv s1, a0                : IntAlu :  D=0x0000000000010bf4
2444000: system.cpu: T0 : 0x14c08    : c_mv s3, a1                : IntAlu :  D=0x0000000000000000
2444500: system.cpu: T0 : 0x14c0a    : c_li a4, 1                 : IntAlu :  D=0x0000000000000001
2445000: system.cpu: T0 : 0x14c0c    : addi a2, s0, -136          : IntAlu :  D=0x0000000000071f78
2445500: system.cpu: T0 : 0x14c10    : lr_w a5, (a2)             
2445500: system.cpu: T0 : 0x14c10. 0 : lr_w a5, (a2)              : MemRead :  D=0x0000000000000000 A=0x71f78
2446000: system.cpu: T0 : 0x14c14    : c_bnez a5, 8               : IntAlu : 
2447000: system.cpu: T0 : 0x14c16    : sc_w_aq a1, a4, (a2)      
2447000: system.cpu: T0 : 0x14c16. 0 : sc_w a1, a4, (a2)          : MemWrite :  D=0x0000000000000000 A=0x71f78
2447500: system.cpu: T0 : 0x14c16. 1 : 0x1ce625af fence           : No_OpClass : 
2448000: system.cpu: T0 : 0x14c1a    : c_bnez a1, -10             : IntAlu : 
2448500: system.cpu: T0 : 0x14c1c    : c_addiw a5, 0              : IntAlu :  D=0x0000000000000000
2449000: system.cpu: T0 : 0x14c1e    : c_bnez a5, 64              : IntAlu : 
2449500: system.cpu: T0 : 0x14c20    : c_mv a0, a3                : IntAlu :  D=0x00000000000708c8
2450500: system.cpu: T0 : 0x14c22    : jal ra, -242               : IntAlu :  D=0x0000000000014c26
2451000: system.cpu: T0 : 0x14b30    : lbu a5, -1476(gp)          : MemRead :  D=0x0000000000000000 A=0x70a94
2451500: system.cpu: T0 : 0x14b34    : c_bnez a5, 186             : IntAlu : 
2452000: system.cpu: T0 : 0x14b36    : c_addi sp, -32             : IntAlu :  D=0x7ffffffffffffd90
2452500: system.cpu: T0 : 0x14b38    : c_sdsp s1, 8(sp)           : MemWrite :  D=0x0000000000010bf4 A=0x7ffffffffffffd98
2453000: system.cpu: T0 : 0x14b3a    : c_ld s1, 0(a0)             : MemRead :  D=0x0000000000071170 A=0x708c8
2453500: system.cpu: T0 : 0x14b3c    : c_sdsp s0, 16(sp)          : MemWrite :  D=0x0000000000072000 A=0x7ffffffffffffda0
2454000: system.cpu: T0 : 0x14b3e    : c_sdsp ra, 24(sp)          : MemWrite :  D=0x0000000000014c26 A=0x7ffffffffffffda8
2454500: system.cpu: T0 : 0x14b40    : c_mv s0, a0                : IntAlu :  D=0x00000000000708c8
2455000: system.cpu: T0 : 0x14b42    : c_beqz s1, 140             : IntAlu : 
2455500: system.cpu: T0 : 0x14b44    : c_mv a1, s1                : IntAlu :  D=0x0000000000071170
2456000: system.cpu: T0 : 0x14b46    : c_li a6, 0                 : IntAlu :  D=0x0000000000000000
2456500: system.cpu: T0 : 0x14b48    : c_ld a4, 8(a1)             : MemRead :  D=0x0000000000000000 A=0x71178
2457500: system.cpu: T0 : 0x14b4a    : slli a5, a4, 5             : IntAlu :  D=0x0000000000000000
2458000: system.cpu: T0 : 0x14b4e    : c_add a5, a1               : IntAlu :  D=0x0000000000071170
2458500: system.cpu: T0 : 0x14b50    : c_beqz a4, 18              : IntAlu : 
2459000: system.cpu: T0 : 0x14b62    : c_ld a5, 0(a1)             : MemRead :  D=0x0000000000000000 A=0x71170
2459500: system.cpu: T0 : 0x14b64    : sd zero, 8(a1)             : MemWrite :  D=0x0000000000000000 A=0x71178
2460000: system.cpu: T0 : 0x14b68    : c_mv a6, a1                : IntAlu :  D=0x0000000000071170
2460500: system.cpu: T0 : 0x14b6a    : c_beqz a5, 78              : IntAlu : 
2461000: system.cpu: T0 : 0x14bb8    : c_li a5, 1                 : IntAlu :  D=0x0000000000000001
2462000: system.cpu: T0 : 0x14bba    : addi a0, a1, 16            : IntAlu :  D=0x0000000000071180
2462500: system.cpu: T0 : 0x14bbe    : c_sd a5, 8(a1)             : MemWrite :  D=0x0000000000000001 A=0x71178
2463000: system.cpu: T0 : 0x14bc0    : c_j -60                    : IntAlu : 
2463500: system.cpu: T0 : 0x14b84    : lui a4, 114                : IntAlu :  D=0x0000000000072000
2464000: system.cpu: T0 : 0x14b88    : ld a5, -128(a4)            : MemRead :  D=0x0000000000000000 A=0x71f80
2464500: system.cpu: T0 : 0x14b8c    : c_ldsp ra, 24(sp)          : MemRead :  D=0x0000000000014c26 A=0x7ffffffffffffda8
2465000: system.cpu: T0 : 0x14b8e    : c_ldsp s0, 16(sp)          : MemRead :  D=0x0000000000072000 A=0x7ffffffffffffda0
2465500: system.cpu: T0 : 0x14b90    : c_li a3, 1                 : IntAlu :  D=0x0000000000000001
2466000: system.cpu: T0 : 0x14b92    : c_sd a3, 0(a0)             : MemWrite :  D=0x0000000000000001 A=0x71180
2466500: system.cpu: T0 : 0x14b94    : c_addi a5, 1               : IntAlu :  D=0x0000000000000001
2467500: system.cpu: T0 : 0x14b96    : sd a5, -128(a4)            : MemWrite :  D=0x0000000000000001 A=0x71f80
2468000: system.cpu: T0 : 0x14b9a    : c_ldsp s1, 8(sp)           : MemRead :  D=0x0000000000010bf4 A=0x7ffffffffffffd98
2468500: system.cpu: T0 : 0x14b9c    : c_addi16sp sp, 32          : IntAlu :  D=0x7ffffffffffffdb0
2469000: system.cpu: T0 : 0x14b9e    : c_jr ra                    : IntAlu : 
2469500: system.cpu: T0 : 0x14c26    : c_beqz a0, 70              : IntAlu : 
2470000: system.cpu: T0 : 0x14c28    : c_li a5, 4                 : IntAlu :  D=0x0000000000000004
2470500: system.cpu: T0 : 0x14c2a    : c_sd a5, 0(a0)             : MemWrite :  D=0x0000000000000004 A=0x71180
2471000: system.cpu: T0 : 0x14c2c    : c_sd s1, 8(a0)             : MemWrite :  D=0x0000000000010bf4 A=0x71188
2472000: system.cpu: T0 : 0x14c2e    : sd s3, 16(a0)              : MemWrite :  D=0x0000000000000000 A=0x71190
2473000: system.cpu: T0 : 0x14c32    : sd s2, 24(a0)              : MemWrite :  D=0x0000000000000000 A=0x71198
2473500: system.cpu: T0 : 0x14c36    : c_li a5, 0                 : IntAlu :  D=0x0000000000000000
2474000: system.cpu: T0 : 0x14c38    : addi a4, s0, -136          : IntAlu :  D=0x0000000000071f78
2474500: system.cpu: T0 : 0x14c3c    : fence iorw, ow             : No_OpClass : 
2475000: system.cpu: T0 : 0x14c40    : amoswap_w a5, a5, (a4)    
2475000: system.cpu: T0 : 0x14c40. 0 : amoswap_w[l] a5, a5, (a4)  : MemRead :  D=0x0000000000000001 A=0x71f78
2475500: system.cpu: T0 : 0x14c44    : c_addiw a5, 0              : IntAlu :  D=0x0000000000000001
2476000: system.cpu: T0 : 0x14c46    : c_li a3, 1                 : IntAlu :  D=0x0000000000000001
2476500: system.cpu: T0 : 0x14c48    : c_li a4, 0                 : IntAlu :  D=0x0000000000000000
2477500: system.cpu: T0 : 0x14c4a    : blt a3, a5, 58             : IntAlu : 
2478000: system.cpu: T0 : 0x14c4e    : c_ldsp ra, 56(sp)          : MemRead :  D=0x00000000000107e4 A=0x7ffffffffffffde8
2478500: system.cpu: T0 : 0x14c50    : c_ldsp s0, 48(sp)          : MemRead :  D=0x0000000000010b64 A=0x7ffffffffffffde0
2479000: system.cpu: T0 : 0x14c52    : c_ldsp s1, 40(sp)          : MemRead :  D=0x0000000000010bf4 A=0x7ffffffffffffdd8
2479500: system.cpu: T0 : 0x14c54    : c_ldsp s2, 32(sp)          : MemRead :  D=0x0000000000000000 A=0x7ffffffffffffdd0
2480000: system.cpu: T0 : 0x14c56    : c_ldsp s3, 24(sp)          : MemRead :  D=0x0000000000000000 A=0x7ffffffffffffdc8
2480500: system.cpu: T0 : 0x14c58    : c_mv a0, a4                : IntAlu :  D=0x0000000000000000
2481000: system.cpu: T0 : 0x14c5a    : c_addi16sp sp, 64          : IntAlu :  D=0x7ffffffffffffdf0
2481500: system.cpu: T0 : 0x14c5c    : c_jr ra                    : IntAlu : 
2482000: system.cpu: T0 : 0x107e4    : lui a5, 111                : IntAlu :  D=0x000000000006f000
2482500: system.cpu: T0 : 0x107e8    : lw a5, -72(a5)             : MemRead :  D=0x0000000000000000 A=0x6efb8
2483000: system.cpu: T0 : 0x107ec    : bne a5, zero, 238          : IntAlu : 
2483500: system.cpu: T0 : 0x107f0    : c_beqz s0, 12              : IntAlu : 
2484500: system.cpu: T0 : 0x107f2    : ld a2, -1360(gp)           : MemRead :  D=0x7fffffffffffff48 A=0x70b08
2485000: system.cpu: T0 : 0x107f6    : c_ldsp a1, 16(sp)          : MemRead :  D=0x7fffffffffffff38 A=0x7ffffffffffffe00
2485500: system.cpu: T0 : 0x107f8    : c_ldsp a0, 8(sp)           : MemRead :  D=0x0000000000000001 A=0x7ffffffffffffdf8
2486000: system.cpu: T0 : 0x107fa    : c_jalr s0                  : IntAlu :  D=0x00000000000107fc
2486500: system.cpu: T0 : 0x10b64    : c_addi16sp sp, -64         : IntAlu :  D=0x7ffffffffffffdb0
2487000: system.cpu: T0 : 0x10b66    : c_sdsp s0, 48(sp)          : MemWrite :  D=0x0000000000010b64 A=0x7ffffffffffffde0
2487500: system.cpu: T0 : 0x10b68    : c_sdsp s5, 8(sp)           : MemWrite :  D=0x0000000000000000 A=0x7ffffffffffffdb8
2488500: system.cpu: T0 : 0x10b6a    : lui s0, 111                : IntAlu :  D=0x000000000006f000
2489500: system.cpu: T0 : 0x10b6e    : lui s5, 111                : IntAlu :  D=0x000000000006f000
2490500: system.cpu: T0 : 0x10b72    : addi a5, s0, -1296         : IntAlu :  D=0x000000000006eaf0
2491500: system.cpu: T0 : 0x10b76    : addi s5, s5, -1288         : IntAlu :  D=0x000000000006eaf8
2492500: system.cpu: T0 : 0x10b7a    : sub s5, s5, a5             : IntAlu :  D=0x0000000000000008
2493000: system.cpu: T0 : 0x10b7e    : c_sdsp s2, 32(sp)          : MemWrite :  D=0x0000000000000000 A=0x7ffffffffffffdd0
2493500: system.cpu: T0 : 0x10b80    : c_sdsp s3, 24(sp)          : MemWrite :  D=0x0000000000000000 A=0x7ffffffffffffdc8
2494000: system.cpu: T0 : 0x10b82    : c_sdsp s4, 16(sp)          : MemWrite :  D=0x0000000000000000 A=0x7ffffffffffffdc0
2494500: system.cpu: T0 : 0x10b84    : c_sdsp ra, 56(sp)          : MemWrite :  D=0x00000000000107fc A=0x7ffffffffffffde8
2495000: system.cpu: T0 : 0x10b86    : c_sdsp s1, 40(sp)          : MemWrite :  D=0x0000000000010bf4 A=0x7ffffffffffffdd8
2495500: system.cpu: T0 : 0x10b88    : srai s5, s5, 3             : IntAlu :  D=0x0000000000000001
2496000: system.cpu: T0 : 0x10b8c    : c_mv s2, a0                : IntAlu :  D=0x0000000000000001
2496500: system.cpu: T0 : 0x10b8e    : c_mv s3, a1                : IntAlu :  D=0x7fffffffffffff38
2497000: system.cpu: T0 : 0x10b90    : c_mv s4, a2                : IntAlu :  D=0x7fffffffffffff48
2498000: system.cpu: T0 : 0x10b92    : beq s5, zero, 28           : IntAlu : 
2499000: system.cpu: T0 : 0x10b96    : addi s0, s0, -1296         : IntAlu :  D=0x000000000006eaf0
2499500: system.cpu: T0 : 0x10b9a    : c_li s1, 0                 : IntAlu :  D=0x0000000000000000
2500000: system.cpu: T0 : 0x10b9c    : c_ld a5, 0(s0)             : MemRead :  D=0x0000000000010376 A=0x6eaf0
2500500: system.cpu: T0 : 0x10b9e    : c_mv a2, s4                : IntAlu :  D=0x7fffffffffffff48
2501000: system.cpu: T0 : 0x10ba0    : c_mv a1, s3                : IntAlu :  D=0x7fffffffffffff38
2501500: system.cpu: T0 : 0x10ba2    : c_mv a0, s2                : IntAlu :  D=0x0000000000000001
2502000: system.cpu: T0 : 0x10ba4    : c_addi s1, 1               : IntAlu :  D=0x0000000000000001
2502500: system.cpu: T0 : 0x10ba6    : c_jalr a5                  : IntAlu :  D=0x0000000000010ba8
2503500: system.cpu: T0 : 0x10376    : auipc gp, 97               : IntAlu :  D=0x0000000000071376
2504500: system.cpu: T0 : 0x1037a    : addi gp, gp, -798          : IntAlu :  D=0x0000000000071058
2505000: system.cpu: T0 : 0x1037e    : c_jr ra                    : IntAlu : 
2505500: system.cpu: T0 : 0x10ba8    : c_addi s0, 8               : IntAlu :  D=0x000000000006eaf8
2506500: system.cpu: T0 : 0x10baa    : bne s5, s1, -14            : IntAlu : 
2507500: system.cpu: T0 : 0x10bae    : lui s0, 111                : IntAlu :  D=0x000000000006f000
2508500: system.cpu: T0 : 0x10bb2    : lui s5, 111                : IntAlu :  D=0x000000000006f000
2509500: system.cpu: T0 : 0x10bb6    : addi a5, s0, -1288         : IntAlu :  D=0x000000000006eaf8
2510500: system.cpu: T0 : 0x10bba    : addi s5, s5, -1280         : IntAlu :  D=0x000000000006eb00
2511500: system.cpu: T0 : 0x10bbe    : sub s5, s5, a5             : IntAlu :  D=0x0000000000000008
2512500: system.cpu: T0 : 0x10bc2    : srai s5, s5, 3             : IntAlu :  D=0x0000000000000001
2513500: system.cpu: T0 : 0x10bc6    : beq s5, zero, 28           : IntAlu : 
2514500: system.cpu: T0 : 0x10bca    : addi s0, s0, -1288         : IntAlu :  D=0x000000000006eaf8
2515000: system.cpu: T0 : 0x10bce    : c_li s1, 0                 : IntAlu :  D=0x0000000000000000
2515500: system.cpu: T0 : 0x10bd0    : c_ld a5, 0(s0)             : MemRead :  D=0x000000000001040a A=0x6eaf8
2516000: system.cpu: T0 : 0x10bd2    : c_mv a2, s4                : IntAlu :  D=0x7fffffffffffff48
2516500: system.cpu: T0 : 0x10bd4    : c_mv a1, s3                : IntAlu :  D=0x7fffffffffffff38
2517000: system.cpu: T0 : 0x10bd6    : c_mv a0, s2                : IntAlu :  D=0x0000000000000001
2517500: system.cpu: T0 : 0x10bd8    : c_addi s1, 1               : IntAlu :  D=0x0000000000000001
2518000: system.cpu: T0 : 0x10bda    : c_jalr a5                  : IntAlu :  D=0x0000000000010bdc
2519000: system.cpu: T0 : 0x1040a    : lui a5, 76                 : IntAlu :  D=0x000000000004c000
2520000: system.cpu: T0 : 0x1040e    : addi a5, a5, 1588          : IntAlu :  D=0x000000000004c634
2520500: system.cpu: T0 : 0x10412    : c_beqz a5, 28              : IntAlu : 
2521000: system.cpu: T0 : 0x10414    : lui a0, 106                : IntAlu :  D=0x000000000006a000
2521500: system.cpu: T0 : 0x10418    : c_addi sp, -16             : IntAlu :  D=0x7ffffffffffffda0
2522500: system.cpu: T0 : 0x1041a    : addi a1, gp, -1008         : IntAlu :  D=0x0000000000070c68
2523500: system.cpu: T0 : 0x1041e    : addi a0, a0, 848           : IntAlu :  D=0x000000000006a350
2524000: system.cpu: T0 : 0x10422    : c_sdsp ra, 8(sp)           : MemWrite :  D=0x0000000000010bdc A=0x7ffffffffffffda8
2524500: system.cpu: T0 : 0x10424    : jal ra, 246288             : IntAlu :  D=0x0000000000010428
2525000: system.cpu: T0 : 0x4c634    : c_beqz a0, 12              : IntAlu : 
2525500: system.cpu: T0 : 0x4c636    : c_lw a5, 0(a0)             : MemRead :  D=0x000000000000001c A=0x6a350
2526000: system.cpu: T0 : 0x4c638    : c_beqz a5, 8               : IntAlu : 
2526500: system.cpu: T0 : 0x4c63a    : c_li a3, 0                 : IntAlu :  D=0x0000000000000000
2527000: system.cpu: T0 : 0x4c63c    : c_li a2, 0                 : IntAlu :  D=0x0000000000000000
2527500: system.cpu: T0 : 0x4c63e    : c_j -144                   : IntAlu : 
2528000: system.cpu: T0 : 0x4c5ae    : c_li a5, -1                : IntAlu :  D=0xffffffffffffffff
2528500: system.cpu: T0 : 0x4c5b0    : c_addi sp, -32             : IntAlu :  D=0x7ffffffffffffd80
2529000: system.cpu: T0 : 0x4c5b2    : c_sd a5, 0(a1)             : MemWrite :  D=0xffffffffffffffff A=0x70c68
2529500: system.cpu: T0 : 0x4c5b4    : addi a5, zero, 2040        : IntAlu :  D=0x00000000000007f8
2530000: system.cpu: T0 : 0x4c5b8    : c_sdsp s0, 16(sp)          : MemWrite :  D=0x000000000006eaf8 A=0x7ffffffffffffd90
2530500: system.cpu: T0 : 0x4c5ba    : c_sdsp s1, 8(sp)           : MemWrite :  D=0x0000000000000001 A=0x7ffffffffffffd88
2531000: system.cpu: T0 : 0x4c5bc    : c_sdsp ra, 24(sp)          : MemWrite :  D=0x0000000000010428 A=0x7ffffffffffffd98
2531500: system.cpu: T0 : 0x4c5be    : c_sd a2, 8(a1)             : MemWrite :  D=0x0000000000000000 A=0x70c70
2532000: system.cpu: T0 : 0x4c5c0    : c_sd a3, 16(a1)            : MemWrite :  D=0x0000000000000000 A=0x70c78
2532500: system.cpu: T0 : 0x4c5c2    : c_sd a0, 24(a1)            : MemWrite :  D=0x000000000006a350 A=0x70c80
2533000: system.cpu: T0 : 0x4c5c4    : c_sd a5, 32(a1)            : MemWrite :  D=0x00000000000007f8 A=0x70c88
2534000: system.cpu: T0 : 0x4c5c6    : auipc s1, 36               : IntAlu :  D=0x00000000000705c6
2535000: system.cpu: T0 : 0x4c5ca    : ld s1, 586(s1)             : MemRead :  D=0x0000000000000000 A=0x70810
2535500: system.cpu: T0 : 0x4c5ce    : c_mv s0, a1                : IntAlu :  D=0x0000000000070c68
2536000: system.cpu: T0 : 0x4c5d0    : c_beqz s1, 20              : IntAlu : 
2536500: system.cpu: T0 : 0x4c5e4    : addi a5, gp, 1880          : IntAlu :  D=0x00000000000717b0
2537000: system.cpu: T0 : 0x4c5e8    : ld a3, 448(a5)             : MemRead :  D=0x0000000000000000 A=0x71970
2537500: system.cpu: T0 : 0x4c5ec    : lw a4, 456(a5)             : MemRead :  D=0x0000000000000000 A=0x71978
2538000: system.cpu: T0 : 0x4c5f0    : sd s0, 448(a5)             : MemWrite :  D=0x0000000000070c68 A=0x71970
2538500: system.cpu: T0 : 0x4c5f4    : c_sd a3, 40(s0)            : MemWrite :  D=0x0000000000000000 A=0x70c90
2539000: system.cpu: T0 : 0x4c5f6    : c_beqz a4, 30              : IntAlu : 
2539500: system.cpu: T0 : 0x4c614    : c_li a4, 1                 : IntAlu :  D=0x0000000000000001
2540500: system.cpu: T0 : 0x4c616    : addi a5, a5, 456           : IntAlu :  D=0x0000000000071978
2541500: system.cpu: T0 : 0x4c61a    : amoswap_w zero, a4, (a5)  
2541500: system.cpu: T0 : 0x4c61a. 0 : amoswap_w[l] zero, a4, (a5) : MemRead :  D=0x0000000000000000 A=0x71978
2542000: system.cpu: T0 : 0x4c61e    : c_bnez s1, -36             : IntAlu : 
2542500: system.cpu: T0 : 0x4c620    : c_ldsp ra, 24(sp)          : MemRead :  D=0x0000000000010428 A=0x7ffffffffffffd98
2543000: system.cpu: T0 : 0x4c622    : c_ldsp s0, 16(sp)          : MemRead :  D=0x000000000006eaf8 A=0x7ffffffffffffd90
2543500: system.cpu: T0 : 0x4c624    : c_ldsp s1, 8(sp)           : MemRead :  D=0x0000000000000001 A=0x7ffffffffffffd88
2544000: system.cpu: T0 : 0x4c626    : c_addi16sp sp, 32          : IntAlu :  D=0x7ffffffffffffda0
2544500: system.cpu: T0 : 0x4c628    : c_jr ra                    : IntAlu : 
2545000: system.cpu: T0 : 0x10428    : c_ldsp ra, 8(sp)           : MemRead :  D=0x0000000000010bdc A=0x7ffffffffffffda8
2545500: system.cpu: T0 : 0x1042a    : c_addi sp, 16              : IntAlu :  D=0x7ffffffffffffdb0
2546000: system.cpu: T0 : 0x1042c    : c_j -134                   : IntAlu : 
2547000: system.cpu: T0 : 0x103a6    : lui a0, 112                : IntAlu :  D=0x0000000000070000
2548000: system.cpu: T0 : 0x103aa    : addi a1, a0, 2032          : IntAlu :  D=0x00000000000707f0
2549000: system.cpu: T0 : 0x103ae    : lui a5, 112                : IntAlu :  D=0x0000000000070000
2550000: system.cpu: T0 : 0x103b2    : addi a5, a5, 2032          : IntAlu :  D=0x00000000000707f0
2550500: system.cpu: T0 : 0x103b6    : c_sub a5, a1               : IntAlu :  D=0x0000000000000000
2551000: system.cpu: T0 : 0x103b8    : srai a4, a5, 3             : IntAlu :  D=0x0000000000000000
2551500: system.cpu: T0 : 0x103bc    : srli a1, a5, 63            : IntAlu :  D=0x0000000000000000
2552000: system.cpu: T0 : 0x103c0    : c_add a1, a4               : IntAlu :  D=0x0000000000000000
2552500: system.cpu: T0 : 0x103c2    : c_srai a1, 1               : IntAlu :  D=0x0000000000000000
2553000: system.cpu: T0 : 0x103c4    : c_beqz a1, 16              : IntAlu : 
2553500: system.cpu: T0 : 0x103d4    : c_jr ra                    : IntAlu : 
2554000: system.cpu: T0 : 0x10bdc    : c_addi s0, 8               : IntAlu :  D=0x000000000006eb00
2555000: system.cpu: T0 : 0x10bde    : bne s5, s1, -14            : IntAlu : 
2555500: system.cpu: T0 : 0x10be2    : c_ldsp ra, 56(sp)          : MemRead :  D=0x00000000000107fc A=0x7ffffffffffffde8
2556000: system.cpu: T0 : 0x10be4    : c_ldsp s0, 48(sp)          : MemRead :  D=0x0000000000010b64 A=0x7ffffffffffffde0
2556500: system.cpu: T0 : 0x10be6    : c_ldsp s1, 40(sp)          : MemRead :  D=0x0000000000010bf4 A=0x7ffffffffffffdd8
2557000: system.cpu: T0 : 0x10be8    : c_ldsp s2, 32(sp)          : MemRead :  D=0x0000000000000000 A=0x7ffffffffffffdd0
2557500: system.cpu: T0 : 0x10bea    : c_ldsp s3, 24(sp)          : MemRead :  D=0x0000000000000000 A=0x7ffffffffffffdc8
2558000: system.cpu: T0 : 0x10bec    : c_ldsp s4, 16(sp)          : MemRead :  D=0x0000000000000000 A=0x7ffffffffffffdc0
2558500: system.cpu: T0 : 0x10bee    : c_ldsp s5, 8(sp)           : MemRead :  D=0x0000000000000000 A=0x7ffffffffffffdb8
2559000: system.cpu: T0 : 0x10bf0    : c_addi16sp sp, 64          : IntAlu :  D=0x7ffffffffffffdf0
2559500: system.cpu: T0 : 0x10bf2    : c_jr ra                    : IntAlu : 
2560000: system.cpu: T0 : 0x107fc    : c_li a1, 0                 : IntAlu :  D=0x0000000000000000
2560500: system.cpu: T0 : 0x107fe    : c_li a0, 0                 : IntAlu :  D=0x0000000000000000
2561000: system.cpu: T0 : 0x10800    : jal ra, 71438              : IntAlu :  D=0x0000000000010804
2561500: system.cpu: T0 : 0x21f0e    : c_mv a4, a0                : IntAlu :  D=0x0000000000000000
2562000: system.cpu: T0 : 0x21f10    : c_beqz a1, 70              : IntAlu : 
2563000: system.cpu: T0 : 0x21f56    : lui a5, 114                : IntAlu :  D=0x0000000000072000
2564000: system.cpu: T0 : 0x21f5a    : addi a0, a5, -120          : IntAlu :  D=0x0000000000071f88
2564500: system.cpu: T0 : 0x21f5e    : c_ld a5, 8(a0)             : MemRead :  D=0x0000000000000000 A=0x71f90
2565000: system.cpu: T0 : 0x21f60    : c_bnez a5, -52             : IntAlu : 
2565500: system.cpu: T0 : 0x21f62    : c_li a5, 1                 : IntAlu :  D=0x0000000000000001
2566000: system.cpu: T0 : 0x21f64    : c_sw a5, 0(a0)             : MemWrite :  D=0x0000000000000001 A=0x71f88
2566500: system.cpu: T0 : 0x21f66    : c_bnez a4, -52             : IntAlu : 
2567000: system.cpu: T0 : 0x21f68    : lui a5, 114                : IntAlu :  D=0x0000000000072000
2567500: system.cpu: T0 : 0x21f6c    : ld a4, -88(a5)             : MemRead :  D=0x0000000000000000 A=0x71fa8
2568000: system.cpu: T0 : 0x21f70    : c_j -62                    : IntAlu : 
2569000: system.cpu: T0 : 0x21f32    : slli a5, a1, 3             : IntAlu :  D=0x0000000000000000
2569500: system.cpu: T0 : 0x21f36    : c_add a5, a1               : IntAlu :  D=0x0000000000000000
2570000: system.cpu: T0 : 0x21f38    : lui a1, 112                : IntAlu :  D=0x0000000000070000
2570500: system.cpu: T0 : 0x21f3c    : c_slli a5, 4               : IntAlu :  D=0x0000000000000000
2571500: system.cpu: T0 : 0x21f3e    : addi a1, a1, 816           : IntAlu :  D=0x0000000000070330
2572000: system.cpu: T0 : 0x21f42    : c_add a1, a5               : IntAlu :  D=0x0000000000070330
2572500: system.cpu: T0 : 0x21f44    : c_ld a5, 0(a1)             : MemRead :  D=0x000000000006fe60 A=0x70330
2573000: system.cpu: T0 : 0x21f46    : c_sd a4, 32(a0)            : MemWrite :  D=0x0000000000000000 A=0x71fa8
2573500: system.cpu: T0 : 0x21f48    : c_sd a5, 8(a0)             : MemWrite :  D=0x000000000006fe60 A=0x71f90
2574500: system.cpu: T0 : 0x21f4a    : lui a5, 34                 : IntAlu :  D=0x0000000000022000
2575500: system.cpu: T0 : 0x21f4e    : addi a5, a5, -244          : IntAlu :  D=0x0000000000021f0c
2576000: system.cpu: T0 : 0x21f52    : c_sd a5, 16(a0)            : MemWrite :  D=0x0000000000021f0c A=0x71f98
2576500: system.cpu: T0 : 0x21f54    : c_jr ra                    : IntAlu : 
2577000: system.cpu: T0 : 0x10804    : c_addi4spn a0, sp, 40      : IntAlu :  D=0x7ffffffffffffe18
2578000: system.cpu: T0 : 0x10806    : jal ra, 14938              : IntAlu :  D=0x000000000001080a
2578500: system.cpu: T0 : 0x14260    : c_li a1, 0                 : IntAlu :  D=0x0000000000000000
2579000: system.cpu: T0 : 0x14262    : c_j 6                      : IntAlu : 
2579500: system.cpu: T0 : 0x14268    : sd ra, 0(a0)               : MemWrite :  D=0x000000000001080a A=0x7ffffffffffffe18
2580000: system.cpu: T0 : 0x1426c    : c_sd s0, 8(a0)             : MemWrite :  D=0x0000000000010b64 A=0x7ffffffffffffe20
2580500: system.cpu: T0 : 0x1426e    : c_sd s1, 16(a0)            : MemWrite :  D=0x0000000000010bf4 A=0x7ffffffffffffe28
2581000: system.cpu: T0 : 0x14270    : sd s2, 24(a0)              : MemWrite :  D=0x0000000000000000 A=0x7ffffffffffffe30
2581500: system.cpu: T0 : 0x14274    : sd s3, 32(a0)              : MemWrite :  D=0x0000000000000000 A=0x7ffffffffffffe38
2582000: system.cpu: T0 : 0x14278    : sd s4, 40(a0)              : MemWrite :  D=0x0000000000000000 A=0x7ffffffffffffe40
2582500: system.cpu: T0 : 0x1427c    : sd s5, 48(a0)              : MemWrite :  D=0x0000000000000000 A=0x7ffffffffffffe48
2583000: system.cpu: T0 : 0x14280    : sd s6, 56(a0)              : MemWrite :  D=0x0000000000000000 A=0x7ffffffffffffe50
2583500: system.cpu: T0 : 0x14284    : sd s7, 64(a0)              : MemWrite :  D=0x0000000000000000 A=0x7ffffffffffffe58
2584000: system.cpu: T0 : 0x14288    : sd s8, 72(a0)              : MemWrite :  D=0x0000000000000000 A=0x7ffffffffffffe60
2584500: system.cpu: T0 : 0x1428c    : sd s9, 80(a0)              : MemWrite :  D=0x0000000000000000 A=0x7ffffffffffffe68
2585000: system.cpu: T0 : 0x14290    : sd s10, 88(a0)             : MemWrite :  D=0x0000000000000000 A=0x7ffffffffffffe70
2585500: system.cpu: T0 : 0x14294    : sd s11, 96(a0)             : MemWrite :  D=0x0000000000000000 A=0x7ffffffffffffe78
2586000: system.cpu: T0 : 0x14298    : sd sp, 104(a0)             : MemWrite :  D=0x7ffffffffffffdf0 A=0x7ffffffffffffe80
2586500: system.cpu: T0 : 0x1429c    : c_fsd fs0, 112(a0)         : FloatMemWrite :  D=0x0000000000000000 A=0x7ffffffffffffe88
2587000: system.cpu: T0 : 0x1429e    : c_fsd fs1, 120(a0)         : FloatMemWrite :  D=0x0000000000000000 A=0x7ffffffffffffe90
2587500: system.cpu: T0 : 0x142a0    : fsd fs2, 128(a0)           : FloatMemWrite :  D=0x0000000000000000 A=0x7ffffffffffffe98
2588000: system.cpu: T0 : 0x142a4    : fsd fs3, 136(a0)           : FloatMemWrite :  D=0x0000000000000000 A=0x7ffffffffffffea0
2588500: system.cpu: T0 : 0x142a8    : fsd fs4, 144(a0)           : FloatMemWrite :  D=0x0000000000000000 A=0x7ffffffffffffea8
2589000: system.cpu: T0 : 0x142ac    : fsd fs5, 152(a0)           : FloatMemWrite :  D=0x0000000000000000 A=0x7ffffffffffffeb0
2589500: system.cpu: T0 : 0x142b0    : fsd fs6, 160(a0)           : FloatMemWrite :  D=0x0000000000000000 A=0x7ffffffffffffeb8
2590000: system.cpu: T0 : 0x142b4    : fsd fs7, 168(a0)           : FloatMemWrite :  D=0x0000000000000000 A=0x7ffffffffffffec0
2590500: system.cpu: T0 : 0x142b8    : fsd fs8, 176(a0)           : FloatMemWrite :  D=0x0000000000000000 A=0x7ffffffffffffec8
2591000: system.cpu: T0 : 0x142bc    : fsd fs9, 184(a0)           : FloatMemWrite :  D=0x0000000000000000 A=0x7ffffffffffffed0
2591500: system.cpu: T0 : 0x142c0    : fsd fs10, 192(a0)          : FloatMemWrite :  D=0x0000000000000000 A=0x7ffffffffffffed8
2592000: system.cpu: T0 : 0x142c4    : fsd fs11, 200(a0)          : FloatMemWrite :  D=0x0000000000000000 A=0x7ffffffffffffee0
2592500: system.cpu: T0 : 0x142c8    : jal zero, 4                : IntAlu :  D=0x00000000000142cc
2593000: system.cpu: T0 : 0x142cc    : c_addi sp, -16             : IntAlu :  D=0x7ffffffffffffde0
2593500: system.cpu: T0 : 0x142ce    : c_sdsp s0, 0(sp)           : MemWrite :  D=0x0000000000010b64 A=0x7ffffffffffffde0
2594000: system.cpu: T0 : 0x142d0    : c_sdsp ra, 8(sp)           : MemWrite :  D=0x000000000001080a A=0x7ffffffffffffde8
2594500: system.cpu: T0 : 0x142d2    : c_mv s0, a0                : IntAlu :  D=0x7ffffffffffffe18
2595000: system.cpu: T0 : 0x142d4    : c_bnez a1, 16              : IntAlu : 
2595500: system.cpu: T0 : 0x142d6    : c_ldsp ra, 8(sp)           : MemRead :  D=0x000000000001080a A=0x7ffffffffffffde8
2596000: system.cpu: T0 : 0x142d8    : sw a1, 208(s0)             : MemWrite :  D=0x0000000000000000 A=0x7ffffffffffffee8
2596500: system.cpu: T0 : 0x142dc    : c_ldsp s0, 0(sp)           : MemRead :  D=0x0000000000010b64 A=0x7ffffffffffffde0
2597000: system.cpu: T0 : 0x142de    : c_li a0, 0                 : IntAlu :  D=0x0000000000000000
2597500: system.cpu: T0 : 0x142e0    : c_addi sp, 16              : IntAlu :  D=0x7ffffffffffffdf0
2598000: system.cpu: T0 : 0x142e2    : c_jr ra                    : IntAlu : 
2598500: system.cpu: T0 : 0x1080a    : c_bnez a0, 166             : IntAlu : 
2599000: system.cpu: T0 : 0x1080c    : ld a3, -1552(tp)           : MemRead :  D=0x0000000000000000 A=0x73100
2599500: system.cpu: T0 : 0x10810    : ld a4, -1560(tp)           : MemRead :  D=0x0000000000000000 A=0x730f8
2600000: system.cpu: T0 : 0x10814    : ld a2, -1360(gp)           : MemRead :  D=0x7fffffffffffff48 A=0x70b08
2600500: system.cpu: T0 : 0x10818    : c_ldsp a1, 16(sp)          : MemRead :  D=0x7fffffffffffff38 A=0x7ffffffffffffe00
2601000: system.cpu: T0 : 0x1081a    : c_ldsp a0, 8(sp)           : MemRead :  D=0x0000000000000001 A=0x7ffffffffffffdf8
2601500: system.cpu: T0 : 0x1081c    : c_ldsp a5, 24(sp)          : MemRead :  D=0x0000000000010430 A=0x7ffffffffffffe08
2602000: system.cpu: T0 : 0x1081e    : c_sdsp a4, 264(sp)         : MemWrite :  D=0x0000000000000000 A=0x7ffffffffffffef8
2602500: system.cpu: T0 : 0x10820    : c_sdsp a3, 256(sp)         : MemWrite :  D=0x0000000000000000 A=0x7ffffffffffffef0
2603000: system.cpu: T0 : 0x10822    : c_addi4spn a4, sp, 40      : IntAlu :  D=0x7ffffffffffffe18
2603500: system.cpu: T0 : 0x10824    : sd a4, -1552(tp)           : MemWrite :  D=0x7ffffffffffffe18 A=0x73100
2604000: system.cpu: T0 : 0x10828    : c_jalr a5                  : IntAlu :  D=0x000000000001082a
2604500: system.cpu: T0 : 0x10430    : c_addi sp, -16             : IntAlu :  D=0x7ffffffffffffde0
2605000: system.cpu: T0 : 0x10432    : c_sdsp ra, 8(sp)           : MemWrite :  D=0x000000000001082a A=0x7ffffffffffffde8
2605500: system.cpu: T0 : 0x10434    : c_sdsp s0, 0(sp)           : MemWrite :  D=0x0000000000010b64 A=0x7ffffffffffffde0
2606000: system.cpu: T0 : 0x10436    : c_addi4spn s0, sp, 16      : IntAlu :  D=0x7ffffffffffffdf0
2606500: system.cpu: T0 : 0x10438    : jal ra, 234                : IntAlu :  D=0x000000000001043c
2607000: system.cpu: T0 : 0x10522    : c_addi sp, -16             : IntAlu :  D=0x7ffffffffffffdd0
2607500: system.cpu: T0 : 0x10524    : c_sdsp s0, 8(sp)           : MemWrite :  D=0x7ffffffffffffdf0 A=0x7ffffffffffffdd8
2608000: system.cpu: T0 : 0x10526    : c_addi4spn s0, sp, 16      : IntAlu :  D=0x7ffffffffffffde0
2608500: system.cpu: T0 : 0x10528    : auipc a5, 96               : IntAlu :  D=0x0000000000070528
2609000: system.cpu: T0 : 0x1052c    : ld a5, 736(a5)             : MemRead :  D=0x0000000000071988 A=0x70808
2609500: system.cpu: T0 : 0x10530    : sw zero, 0(a5)             : MemWrite :  D=0x0000000000000000 A=0x71988
2610000: system.cpu: T0 : 0x10534    : c_li a5, 0                 : IntAlu :  D=0x0000000000000000
2610500: system.cpu: T0 : 0x10536    : c_mv a0, a5                : IntAlu :  D=0x0000000000000000
2611000: system.cpu: T0 : 0x10538    : c_ldsp s0, 8(sp)           : MemRead :  D=0x7ffffffffffffdf0 A=0x7ffffffffffffdd8
2611500: system.cpu: T0 : 0x1053a    : c_addi sp, 16              : IntAlu :  D=0x7ffffffffffffde0
2612000: system.cpu: T0 : 0x1053c    : c_jr ra                    : IntAlu : 
2612500: system.cpu: T0 : 0x1043c    : auipc a0, 96               : IntAlu :  D=0x000000000007043c
2613000: system.cpu: T0 : 0x10440    : ld a0, 996(a0)             : MemRead :  D=0x0000000000071990 A=0x70820
2613500: system.cpu: T0 : 0x10444    : jal ra, 16                 : IntAlu :  D=0x0000000000010448
2614000: system.cpu: T0 : 0x10454    : c_addi16sp sp, -64         : IntAlu :  D=0x7ffffffffffffda0
2614500: system.cpu: T0 : 0x10456    : c_sdsp ra, 56(sp)          : MemWrite :  D=0x0000000000010448 A=0x7ffffffffffffdd8
2615000: system.cpu: T0 : 0x10458    : c_sdsp s0, 48(sp)          : MemWrite :  D=0x7ffffffffffffdf0 A=0x7ffffffffffffdd0
2615500: system.cpu: T0 : 0x1045a    : c_addi4spn s0, sp, 64      : IntAlu :  D=0x7ffffffffffffde0
2616000: system.cpu: T0 : 0x1045c    : sd a0, -56(s0)             : MemWrite :  D=0x0000000000071990 A=0x7ffffffffffffda8
2616500: system.cpu: T0 : 0x10460    : ld a0, -56(s0)             : MemRead :  D=0x0000000000071990 A=0x7ffffffffffffda8
2617000: system.cpu: T0 : 0x10464    : jal ra, 78                 : IntAlu :  D=0x0000000000010468
2617500: system.cpu: T0 : 0x104b2    : c_addi16sp sp, -64         : IntAlu :  D=0x7ffffffffffffd60
2618000: system.cpu: T0 : 0x104b4    : c_sdsp ra, 56(sp)          : MemWrite :  D=0x0000000000010468 A=0x7ffffffffffffd98
2618500: system.cpu: T0 : 0x104b6    : c_sdsp s0, 48(sp)          : MemWrite :  D=0x7ffffffffffffde0 A=0x7ffffffffffffd90
2619000: system.cpu: T0 : 0x104b8    : c_sdsp s1, 40(sp)          : MemWrite :  D=0x0000000000010bf4 A=0x7ffffffffffffd88
2619500: system.cpu: T0 : 0x104ba    : c_sdsp s2, 32(sp)          : MemWrite :  D=0x0000000000000000 A=0x7ffffffffffffd80
2620000: system.cpu: T0 : 0x104bc    : c_sdsp s3, 24(sp)          : MemWrite :  D=0x0000000000000000 A=0x7ffffffffffffd78
2620500: system.cpu: T0 : 0x104be    : c_addi4spn s0, sp, 64      : IntAlu :  D=0x7ffffffffffffda0
2621000: system.cpu: T0 : 0x104c0    : sd a0, -56(s0)             : MemWrite :  D=0x0000000000071990 A=0x7ffffffffffffd68
2621500: system.cpu: T0 : 0x104c4    : c_li s2, 0                 : IntAlu :  D=0x0000000000000000
2622000: system.cpu: T0 : 0x104c6    : c_j 66                     : IntAlu : 
2622500: system.cpu: T0 : 0x10508    : c_mv a4, s2                : IntAlu :  D=0x0000000000000000
2623000: system.cpu: T0 : 0x1050a    : c_li a5, 9                 : IntAlu :  D=0x0000000000000009
2623500: system.cpu: T0 : 0x1050c    : bge a5, a4, -68            : IntAlu : 
2624000: system.cpu: T0 : 0x104c8    : c_li s1, 0                 : IntAlu :  D=0x0000000000000000
2624500: system.cpu: T0 : 0x104ca    : c_j 46                     : IntAlu : 
2625000: system.cpu: T0 : 0x104f8    : c_mv a4, s1                : IntAlu :  D=0x0000000000000000
2625500: system.cpu: T0 : 0x104fa    : c_li a5, 9                 : IntAlu :  D=0x0000000000000009
2626000: system.cpu: T0 : 0x104fc    : bge a5, a4, -48            : IntAlu : 
2626500: system.cpu: T0 : 0x104cc    : c_mv a4, s2                : IntAlu :  D=0x0000000000000000
2627000: system.cpu: T0 : 0x104ce    : c_mv a5, a4                : IntAlu :  D=0x0000000000000000
2627500: system.cpu: T0 : 0x104d0    : c_slli a5, 2               : IntAlu :  D=0x0000000000000000
2628000: system.cpu: T0 : 0x104d2    : c_add a5, a4               : IntAlu :  D=0x0000000000000000
2628500: system.cpu: T0 : 0x104d4    : c_slli a5, 3               : IntAlu :  D=0x0000000000000000
2629000: system.cpu: T0 : 0x104d6    : c_mv a4, a5                : IntAlu :  D=0x0000000000000000
2629500: system.cpu: T0 : 0x104d8    : ld a5, -56(s0)             : MemRead :  D=0x0000000000071990 A=0x7ffffffffffffd68
2630000: system.cpu: T0 : 0x104dc    : add s3, a5, a4             : IntAlu :  D=0x0000000000071990
2630500: system.cpu: T0 : 0x104e0    : jal ra, 356                : IntAlu :  D=0x00000000000104e4
2631000: system.cpu: T0 : 0x10644    : c_addi sp, -16             : IntAlu :  D=0x7ffffffffffffd50
2631500: system.cpu: T0 : 0x10646    : c_sdsp s0, 8(sp)           : MemWrite :  D=0x7ffffffffffffda0 A=0x7ffffffffffffd58
2632000: system.cpu: T0 : 0x10648    : c_addi4spn s0, sp, 16      : IntAlu :  D=0x7ffffffffffffd60
2633000: system.cpu: T0 : 0x1064a    : auipc a5, 96               : IntAlu :  D=0x000000000007064a
2634000: system.cpu: T0 : 0x1064e    : ld a5, 446(a5)             : MemRead :  D=0x0000000000071988 A=0x70808
2634500: system.cpu: T0 : 0x10652    : c_lw a5, 0(a5)             : MemRead :  D=0x0000000000000000 A=0x71988
2635000: system.cpu: T0 : 0x10654    : c_mv a4, a5                : IntAlu :  D=0x0000000000000000
2635500: system.cpu: T0 : 0x10656    : c_mv a5, a4                : IntAlu :  D=0x0000000000000000
2636000: system.cpu: T0 : 0x10658    : slliw a5, a5, 5            : IntAlu :  D=0x0000000000000000
2636500: system.cpu: T0 : 0x1065c    : c_addw a5, a4              : IntAlu :  D=0x0000000000000000
2637500: system.cpu: T0 : 0x1065e    : slliw a5, a5, 2            : IntAlu :  D=0x0000000000000000
2638000: system.cpu: T0 : 0x10662    : c_addw a5, a4              : IntAlu :  D=0x0000000000000000
2638500: system.cpu: T0 : 0x10664    : c_addiw a5, 0              : IntAlu :  D=0x0000000000000000
2639500: system.cpu: T0 : 0x10666    : addiw a5, a5, 81           : IntAlu :  D=0x0000000000000051
2640000: system.cpu: T0 : 0x1066a    : c_addiw a5, 0              : IntAlu :  D=0x0000000000000051
2640500: system.cpu: T0 : 0x1066c    : c_mv a4, a5                : IntAlu :  D=0x0000000000000051
2641000: system.cpu: T0 : 0x1066e    : c_lui a5, 2                : IntAlu :  D=0x0000000000002000
2641500: system.cpu: T0 : 0x10670    : addiw a5, a5, -97          : IntAlu :  D=0x0000000000001f9f
2642000: system.cpu: T0 : 0x10674    : remw a5, a4, a5            : IntDiv :  D=0x0000000000000051
2642500: system.cpu: T0 : 0x10678    : addiw a4, a5, 0            : IntAlu :  D=0x0000000000000051
2643000: system.cpu: T0 : 0x1067c    : auipc a5, 96               : IntAlu :  D=0x000000000007067c
2643500: system.cpu: T0 : 0x10680    : ld a5, 396(a5)             : MemRead :  D=0x0000000000071988 A=0x70808
2644000: system.cpu: T0 : 0x10684    : c_sw a4, 0(a5)             : MemWrite :  D=0x0000000000000051 A=0x71988
2645000: system.cpu: T0 : 0x10686    : auipc a5, 96               : IntAlu :  D=0x0000000000070686
2646000: system.cpu: T0 : 0x1068a    : ld a5, 386(a5)             : MemRead :  D=0x0000000000071988 A=0x70808
2646500: system.cpu: T0 : 0x1068e    : c_lw a5, 0(a5)             : MemRead :  D=0x0000000000000051 A=0x71988
2647000: system.cpu: T0 : 0x10690    : c_mv a0, a5                : IntAlu :  D=0x0000000000000051
2647500: system.cpu: T0 : 0x10692    : c_ldsp s0, 8(sp)           : MemRead :  D=0x7ffffffffffffda0 A=0x7ffffffffffffd58
2648000: system.cpu: T0 : 0x10694    : c_addi sp, 16              : IntAlu :  D=0x7ffffffffffffd60
2648500: system.cpu: T0 : 0x10696    : c_jr ra                    : IntAlu : 
2649000: system.cpu: T0 : 0x104e4    : c_mv a5, a0                : IntAlu :  D=0x0000000000000051
2649500: system.cpu: T0 : 0x104e6    : c_mv a4, a5                : IntAlu :  D=0x0000000000000051
2650000: system.cpu: T0 : 0x104e8    : slli a5, s1, 2             : IntAlu :  D=0x0000000000000000
2650500: system.cpu: T0 : 0x104ec    : c_add a5, s3               : IntAlu :  D=0x0000000000071990
2651000: system.cpu: T0 : 0x104ee    : c_sw a4, 0(a5)             : MemWrite :  D=0x0000000000000051 A=0x71990
2651500: system.cpu: T0 : 0x104f0    : addiw a5, s1, 1            : IntAlu :  D=0x0000000000000001
2652000: system.cpu: T0 : 0x104f4    : addiw s1, a5, 0            : IntAlu :  D=0x0000000000000001
2652500: system.cpu: T0 : 0x104f8    : c_mv a4, s1                : IntAlu :  D=0x0000000000000001
2653000: system.cpu: T0 : 0x104fa    : c_li a5, 9                 : IntAlu :  D=0x0000000000000009
2653500: system.cpu: T0 : 0x104fc    : bge a5, a4, -48            : IntAlu : 
2654000: system.cpu: T0 : 0x104cc    : c_mv a4, s2                : IntAlu :  D=0x0000000000000000
2654500: system.cpu: T0 : 0x104ce    : c_mv a5, a4                : IntAlu :  D=0x0000000000000000
2655000: system.cpu: T0 : 0x104d0    : c_slli a5, 2               : IntAlu :  D=0x0000000000000000
2655500: system.cpu: T0 : 0x104d2    : c_add a5, a4               : IntAlu :  D=0x0000000000000000
2656000: system.cpu: T0 : 0x104d4    : c_slli a5, 3               : IntAlu :  D=0x0000000000000000
2656500: system.cpu: T0 : 0x104d6    : c_mv a4, a5                : IntAlu :  D=0x0000000000000000
2657000: system.cpu: T0 : 0x104d8    : ld a5, -56(s0)             : MemRead :  D=0x0000000000071990 A=0x7ffffffffffffd68
2657500: system.cpu: T0 : 0x104dc    : add s3, a5, a4             : IntAlu :  D=0x0000000000071990
2658000: system.cpu: T0 : 0x104e0    : jal ra, 356                : IntAlu :  D=0x00000000000104e4
2658500: system.cpu: T0 : 0x10644    : c_addi sp, -16             : IntAlu :  D=0x7ffffffffffffd50
2659000: system.cpu: T0 : 0x10646    : c_sdsp s0, 8(sp)           : MemWrite :  D=0x7ffffffffffffda0 A=0x7ffffffffffffd58
2659500: system.cpu: T0 : 0x10648    : c_addi4spn s0, sp, 16      : IntAlu :  D=0x7ffffffffffffd60
2660500: system.cpu: T0 : 0x1064a    : auipc a5, 96               : IntAlu :  D=0x000000000007064a
2661500: system.cpu: T0 : 0x1064e    : ld a5, 446(a5)             : MemRead :  D=0x0000000000071988 A=0x70808
2662000: system.cpu: T0 : 0x10652    : c_lw a5, 0(a5)             : MemRead :  D=0x0000000000000051 A=0x71988
2662500: system.cpu: T0 : 0x10654    : c_mv a4, a5                : IntAlu :  D=0x0000000000000051
2663000: system.cpu: T0 : 0x10656    : c_mv a5, a4                : IntAlu :  D=0x0000000000000051
2663500: system.cpu: T0 : 0x10658    : slliw a5, a5, 5            : IntAlu :  D=0x0000000000000a20
2664000: system.cpu: T0 : 0x1065c    : c_addw a5, a4              : IntAlu :  D=0x0000000000000a71
2665000: system.cpu: T0 : 0x1065e    : slliw a5, a5, 2            : IntAlu :  D=0x00000000000029c4
2665500: system.cpu: T0 : 0x10662    : c_addw a5, a4              : IntAlu :  D=0x0000000000002a15
2666000: system.cpu: T0 : 0x10664    : c_addiw a5, 0              : IntAlu :  D=0x0000000000002a15
2667000: system.cpu: T0 : 0x10666    : addiw a5, a5, 81           : IntAlu :  D=0x0000000000002a66
2667500: system.cpu: T0 : 0x1066a    : c_addiw a5, 0              : IntAlu :  D=0x0000000000002a66
2668000: system.cpu: T0 : 0x1066c    : c_mv a4, a5                : IntAlu :  D=0x0000000000002a66
2668500: system.cpu: T0 : 0x1066e    : c_lui a5, 2                : IntAlu :  D=0x0000000000002000
2669000: system.cpu: T0 : 0x10670    : addiw a5, a5, -97          : IntAlu :  D=0x0000000000001f9f
2669500: system.cpu: T0 : 0x10674    : remw a5, a4, a5            : IntDiv :  D=0x0000000000000ac7
2670000: system.cpu: T0 : 0x10678    : addiw a4, a5, 0            : IntAlu :  D=0x0000000000000ac7
2670500: system.cpu: T0 : 0x1067c    : auipc a5, 96               : IntAlu :  D=0x000000000007067c
2671000: system.cpu: T0 : 0x10680    : ld a5, 396(a5)             : MemRead :  D=0x0000000000071988 A=0x70808
2671500: system.cpu: T0 : 0x10684    : c_sw a4, 0(a5)             : MemWrite :  D=0x0000000000000ac7 A=0x71988
2672500: system.cpu: T0 : 0x10686    : auipc a5, 96               : IntAlu :  D=0x0000000000070686
2673500: system.cpu: T0 : 0x1068a    : ld a5, 386(a5)             : MemRead :  D=0x0000000000071988 A=0x70808
2674000: system.cpu: T0 : 0x1068e    : c_lw a5, 0(a5)             : MemRead :  D=0x0000000000000ac7 A=0x71988
2674500: system.cpu: T0 : 0x10690    : c_mv a0, a5                : IntAlu :  D=0x0000000000000ac7
2675000: system.cpu: T0 : 0x10692    : c_ldsp s0, 8(sp)           : MemRead :  D=0x7ffffffffffffda0 A=0x7ffffffffffffd58
2675500: system.cpu: T0 : 0x10694    : c_addi sp, 16              : IntAlu :  D=0x7ffffffffffffd60
2676000: system.cpu: T0 : 0x10696    : c_jr ra                    : IntAlu : 
2676500: system.cpu: T0 : 0x104e4    : c_mv a5, a0                : IntAlu :  D=0x0000000000000ac7
2677000: system.cpu: T0 : 0x104e6    : c_mv a4, a5                : IntAlu :  D=0x0000000000000ac7
2677500: system.cpu: T0 : 0x104e8    : slli a5, s1, 2             : IntAlu :  D=0x0000000000000004
2678000: system.cpu: T0 : 0x104ec    : c_add a5, s3               : IntAlu :  D=0x0000000000071994
2678500: system.cpu: T0 : 0x104ee    : c_sw a4, 0(a5)             : MemWrite :  D=0x0000000000000ac7 A=0x71994
2679000: system.cpu: T0 : 0x104f0    : addiw a5, s1, 1            : IntAlu :  D=0x0000000000000002
2679500: system.cpu: T0 : 0x104f4    : addiw s1, a5, 0            : IntAlu :  D=0x0000000000000002
2680000: system.cpu: T0 : 0x104f8    : c_mv a4, s1                : IntAlu :  D=0x0000000000000002
2680500: system.cpu: T0 : 0x104fa    : c_li a5, 9                 : IntAlu :  D=0x0000000000000009
2681000: system.cpu: T0 : 0x104fc    : bge a5, a4, -48            : IntAlu : 
2681500: system.cpu: T0 : 0x104cc    : c_mv a4, s2                : IntAlu :  D=0x0000000000000000
2682000: system.cpu: T0 : 0x104ce    : c_mv a5, a4                : IntAlu :  D=0x0000000000000000
2682500: system.cpu: T0 : 0x104d0    : c_slli a5, 2               : IntAlu :  D=0x0000000000000000
2683000: system.cpu: T0 : 0x104d2    : c_add a5, a4               : IntAlu :  D=0x0000000000000000
2683500: system.cpu: T0 : 0x104d4    : c_slli a5, 3               : IntAlu :  D=0x0000000000000000
2684000: system.cpu: T0 : 0x104d6    : c_mv a4, a5                : IntAlu :  D=0x0000000000000000
2684500: system.cpu: T0 : 0x104d8    : ld a5, -56(s0)             : MemRead :  D=0x0000000000071990 A=0x7ffffffffffffd68
2685000: system.cpu: T0 : 0x104dc    : add s3, a5, a4             : IntAlu :  D=0x0000000000071990
2685500: system.cpu: T0 : 0x104e0    : jal ra, 356                : IntAlu :  D=0x00000000000104e4
2686000: system.cpu: T0 : 0x10644    : c_addi sp, -16             : IntAlu :  D=0x7ffffffffffffd50
2686500: system.cpu: T0 : 0x10646    : c_sdsp s0, 8(sp)           : MemWrite :  D=0x7ffffffffffffda0 A=0x7ffffffffffffd58
2687000: system.cpu: T0 : 0x10648    : c_addi4spn s0, sp, 16      : IntAlu :  D=0x7ffffffffffffd60
2688000: system.cpu: T0 : 0x1064a    : auipc a5, 96               : IntAlu :  D=0x000000000007064a
2689000: system.cpu: T0 : 0x1064e    : ld a5, 446(a5)             : MemRead :  D=0x0000000000071988 A=0x70808
2689500: system.cpu: T0 : 0x10652    : c_lw a5, 0(a5)             : MemRead :  D=0x0000000000000ac7 A=0x71988
2690000: system.cpu: T0 : 0x10654    : c_mv a4, a5                : IntAlu :  D=0x0000000000000ac7
2690500: system.cpu: T0 : 0x10656    : c_mv a5, a4                : IntAlu :  D=0x0000000000000ac7
2691000: system.cpu: T0 : 0x10658    : slliw a5, a5, 5            : IntAlu :  D=0x00000000000158e0
2691500: system.cpu: T0 : 0x1065c    : c_addw a5, a4              : IntAlu :  D=0x00000000000163a7
2692500: system.cpu: T0 : 0x1065e    : slliw a5, a5, 2            : IntAlu :  D=0x0000000000058e9c
2693000: system.cpu: T0 : 0x10662    : c_addw a5, a4              : IntAlu :  D=0x0000000000059963
2693500: system.cpu: T0 : 0x10664    : c_addiw a5, 0              : IntAlu :  D=0x0000000000059963
2694500: system.cpu: T0 : 0x10666    : addiw a5, a5, 81           : IntAlu :  D=0x00000000000599b4
2695000: system.cpu: T0 : 0x1066a    : c_addiw a5, 0              : IntAlu :  D=0x00000000000599b4
2695500: system.cpu: T0 : 0x1066c    : c_mv a4, a5                : IntAlu :  D=0x00000000000599b4
2696000: system.cpu: T0 : 0x1066e    : c_lui a5, 2                : IntAlu :  D=0x0000000000002000
2696500: system.cpu: T0 : 0x10670    : addiw a5, a5, -97          : IntAlu :  D=0x0000000000001f9f
2697000: system.cpu: T0 : 0x10674    : remw a5, a4, a5            : IntDiv :  D=0x0000000000000ac1
2697500: system.cpu: T0 : 0x10678    : addiw a4, a5, 0            : IntAlu :  D=0x0000000000000ac1
2698000: system.cpu: T0 : 0x1067c    : auipc a5, 96               : IntAlu :  D=0x000000000007067c
2698500: system.cpu: T0 : 0x10680    : ld a5, 396(a5)             : MemRead :  D=0x0000000000071988 A=0x70808
2699000: system.cpu: T0 : 0x10684    : c_sw a4, 0(a5)             : MemWrite :  D=0x0000000000000ac1 A=0x71988
2700000: system.cpu: T0 : 0x10686    : auipc a5, 96               : IntAlu :  D=0x0000000000070686
2701000: system.cpu: T0 : 0x1068a    : ld a5, 386(a5)             : MemRead :  D=0x0000000000071988 A=0x70808
2701500: system.cpu: T0 : 0x1068e    : c_lw a5, 0(a5)             : MemRead :  D=0x0000000000000ac1 A=0x71988
2702000: system.cpu: T0 : 0x10690    : c_mv a0, a5                : IntAlu :  D=0x0000000000000ac1
2702500: system.cpu: T0 : 0x10692    : c_ldsp s0, 8(sp)           : MemRead :  D=0x7ffffffffffffda0 A=0x7ffffffffffffd58
2703000: system.cpu: T0 : 0x10694    : c_addi sp, 16              : IntAlu :  D=0x7ffffffffffffd60
2703500: system.cpu: T0 : 0x10696    : c_jr ra                    : IntAlu : 
2704000: system.cpu: T0 : 0x104e4    : c_mv a5, a0                : IntAlu :  D=0x0000000000000ac1
2704500: system.cpu: T0 : 0x104e6    : c_mv a4, a5                : IntAlu :  D=0x0000000000000ac1
2705000: system.cpu: T0 : 0x104e8    : slli a5, s1, 2             : IntAlu :  D=0x0000000000000008
2705500: system.cpu: T0 : 0x104ec    : c_add a5, s3               : IntAlu :  D=0x0000000000071998
2706000: system.cpu: T0 : 0x104ee    : c_sw a4, 0(a5)             : MemWrite :  D=0x0000000000000ac1 A=0x71998
2706500: system.cpu: T0 : 0x104f0    : addiw a5, s1, 1            : IntAlu :  D=0x0000000000000003
2707000: system.cpu: T0 : 0x104f4    : addiw s1, a5, 0            : IntAlu :  D=0x0000000000000003
2707500: system.cpu: T0 : 0x104f8    : c_mv a4, s1                : IntAlu :  D=0x0000000000000003
2708000: system.cpu: T0 : 0x104fa    : c_li a5, 9                 : IntAlu :  D=0x0000000000000009
2708500: system.cpu: T0 : 0x104fc    : bge a5, a4, -48            : IntAlu : 
2709000: system.cpu: T0 : 0x104cc    : c_mv a4, s2                : IntAlu :  D=0x0000000000000000
2709500: system.cpu: T0 : 0x104ce    : c_mv a5, a4                : IntAlu :  D=0x0000000000000000
2710000: system.cpu: T0 : 0x104d0    : c_slli a5, 2               : IntAlu :  D=0x0000000000000000
2710500: system.cpu: T0 : 0x104d2    : c_add a5, a4               : IntAlu :  D=0x0000000000000000
2711000: system.cpu: T0 : 0x104d4    : c_slli a5, 3               : IntAlu :  D=0x0000000000000000
2711500: system.cpu: T0 : 0x104d6    : c_mv a4, a5                : IntAlu :  D=0x0000000000000000
2712000: system.cpu: T0 : 0x104d8    : ld a5, -56(s0)             : MemRead :  D=0x0000000000071990 A=0x7ffffffffffffd68
2712500: system.cpu: T0 : 0x104dc    : add s3, a5, a4             : IntAlu :  D=0x0000000000071990
2713000: system.cpu: T0 : 0x104e0    : jal ra, 356                : IntAlu :  D=0x00000000000104e4
2713500: system.cpu: T0 : 0x10644    : c_addi sp, -16             : IntAlu :  D=0x7ffffffffffffd50
2714000: system.cpu: T0 : 0x10646    : c_sdsp s0, 8(sp)           : MemWrite :  D=0x7ffffffffffffda0 A=0x7ffffffffffffd58
2714500: system.cpu: T0 : 0x10648    : c_addi4spn s0, sp, 16      : IntAlu :  D=0x7ffffffffffffd60
2715500: system.cpu: T0 : 0x1064a    : auipc a5, 96               : IntAlu :  D=0x000000000007064a
2716500: system.cpu: T0 : 0x1064e    : ld a5, 446(a5)             : MemRead :  D=0x0000000000071988 A=0x70808
2717000: system.cpu: T0 : 0x10652    : c_lw a5, 0(a5)             : MemRead :  D=0x0000000000000ac1 A=0x71988
2717500: system.cpu: T0 : 0x10654    : c_mv a4, a5                : IntAlu :  D=0x0000000000000ac1
2718000: system.cpu: T0 : 0x10656    : c_mv a5, a4                : IntAlu :  D=0x0000000000000ac1
2718500: system.cpu: T0 : 0x10658    : slliw a5, a5, 5            : IntAlu :  D=0x0000000000015820
2719000: system.cpu: T0 : 0x1065c    : c_addw a5, a4              : IntAlu :  D=0x00000000000162e1
2720000: system.cpu: T0 : 0x1065e    : slliw a5, a5, 2            : IntAlu :  D=0x0000000000058b84
2720500: system.cpu: T0 : 0x10662    : c_addw a5, a4              : IntAlu :  D=0x0000000000059645
2721000: system.cpu: T0 : 0x10664    : c_addiw a5, 0              : IntAlu :  D=0x0000000000059645
2722000: system.cpu: T0 : 0x10666    : addiw a5, a5, 81           : IntAlu :  D=0x0000000000059696
2722500: system.cpu: T0 : 0x1066a    : c_addiw a5, 0              : IntAlu :  D=0x0000000000059696
2723000: system.cpu: T0 : 0x1066c    : c_mv a4, a5                : IntAlu :  D=0x0000000000059696
2723500: system.cpu: T0 : 0x1066e    : c_lui a5, 2                : IntAlu :  D=0x0000000000002000
2724000: system.cpu: T0 : 0x10670    : addiw a5, a5, -97          : IntAlu :  D=0x0000000000001f9f
2724500: system.cpu: T0 : 0x10674    : remw a5, a4, a5            : IntDiv :  D=0x00000000000007a3
2725000: system.cpu: T0 : 0x10678    : addiw a4, a5, 0            : IntAlu :  D=0x00000000000007a3
2725500: system.cpu: T0 : 0x1067c    : auipc a5, 96               : IntAlu :  D=0x000000000007067c
2726000: system.cpu: T0 : 0x10680    : ld a5, 396(a5)             : MemRead :  D=0x0000000000071988 A=0x70808
2726500: system.cpu: T0 : 0x10684    : c_sw a4, 0(a5)             : MemWrite :  D=0x00000000000007a3 A=0x71988
2727500: system.cpu: T0 : 0x10686    : auipc a5, 96               : IntAlu :  D=0x0000000000070686
2728500: system.cpu: T0 : 0x1068a    : ld a5, 386(a5)             : MemRead :  D=0x0000000000071988 A=0x70808
2729000: system.cpu: T0 : 0x1068e    : c_lw a5, 0(a5)             : MemRead :  D=0x00000000000007a3 A=0x71988
2729500: system.cpu: T0 : 0x10690    : c_mv a0, a5                : IntAlu :  D=0x00000000000007a3
2730000: system.cpu: T0 : 0x10692    : c_ldsp s0, 8(sp)           : MemRead :  D=0x7ffffffffffffda0 A=0x7ffffffffffffd58
2730500: system.cpu: T0 : 0x10694    : c_addi sp, 16              : IntAlu :  D=0x7ffffffffffffd60
2731000: system.cpu: T0 : 0x10696    : c_jr ra                    : IntAlu : 
2731500: system.cpu: T0 : 0x104e4    : c_mv a5, a0                : IntAlu :  D=0x00000000000007a3
2732000: system.cpu: T0 : 0x104e6    : c_mv a4, a5                : IntAlu :  D=0x00000000000007a3
2732500: system.cpu: T0 : 0x104e8    : slli a5, s1, 2             : IntAlu :  D=0x000000000000000c
2733000: system.cpu: T0 : 0x104ec    : c_add a5, s3               : IntAlu :  D=0x000000000007199c
2733500: system.cpu: T0 : 0x104ee    : c_sw a4, 0(a5)             : MemWrite :  D=0x00000000000007a3 A=0x7199c
2734000: system.cpu: T0 : 0x104f0    : addiw a5, s1, 1            : IntAlu :  D=0x0000000000000004
2734500: system.cpu: T0 : 0x104f4    : addiw s1, a5, 0            : IntAlu :  D=0x0000000000000004
2735000: system.cpu: T0 : 0x104f8    : c_mv a4, s1                : IntAlu :  D=0x0000000000000004
2735500: system.cpu: T0 : 0x104fa    : c_li a5, 9                 : IntAlu :  D=0x0000000000000009
2736000: system.cpu: T0 : 0x104fc    : bge a5, a4, -48            : IntAlu : 
2736500: system.cpu: T0 : 0x104cc    : c_mv a4, s2                : IntAlu :  D=0x0000000000000000
2737000: system.cpu: T0 : 0x104ce    : c_mv a5, a4                : IntAlu :  D=0x0000000000000000
2737500: system.cpu: T0 : 0x104d0    : c_slli a5, 2               : IntAlu :  D=0x0000000000000000
2738000: system.cpu: T0 : 0x104d2    : c_add a5, a4               : IntAlu :  D=0x0000000000000000
2738500: system.cpu: T0 : 0x104d4    : c_slli a5, 3               : IntAlu :  D=0x0000000000000000
2739000: system.cpu: T0 : 0x104d6    : c_mv a4, a5                : IntAlu :  D=0x0000000000000000
2739500: system.cpu: T0 : 0x104d8    : ld a5, -56(s0)             : MemRead :  D=0x0000000000071990 A=0x7ffffffffffffd68
2740000: system.cpu: T0 : 0x104dc    : add s3, a5, a4             : IntAlu :  D=0x0000000000071990
2740500: system.cpu: T0 : 0x104e0    : jal ra, 356                : IntAlu :  D=0x00000000000104e4
2741000: system.cpu: T0 : 0x10644    : c_addi sp, -16             : IntAlu :  D=0x7ffffffffffffd50
2741500: system.cpu: T0 : 0x10646    : c_sdsp s0, 8(sp)           : MemWrite :  D=0x7ffffffffffffda0 A=0x7ffffffffffffd58
2742000: system.cpu: T0 : 0x10648    : c_addi4spn s0, sp, 16      : IntAlu :  D=0x7ffffffffffffd60
2743000: system.cpu: T0 : 0x1064a    : auipc a5, 96               : IntAlu :  D=0x000000000007064a
2744000: system.cpu: T0 : 0x1064e    : ld a5, 446(a5)             : MemRead :  D=0x0000000000071988 A=0x70808
2744500: system.cpu: T0 : 0x10652    : c_lw a5, 0(a5)             : MemRead :  D=0x00000000000007a3 A=0x71988
2745000: system.cpu: T0 : 0x10654    : c_mv a4, a5                : IntAlu :  D=0x00000000000007a3
2745500: system.cpu: T0 : 0x10656    : c_mv a5, a4                : IntAlu :  D=0x00000000000007a3
2746000: system.cpu: T0 : 0x10658    : slliw a5, a5, 5            : IntAlu :  D=0x000000000000f460
2746500: system.cpu: T0 : 0x1065c    : c_addw a5, a4              : IntAlu :  D=0x000000000000fc03
2747500: system.cpu: T0 : 0x1065e    : slliw a5, a5, 2            : IntAlu :  D=0x000000000003f00c
2748000: system.cpu: T0 : 0x10662    : c_addw a5, a4              : IntAlu :  D=0x000000000003f7af
2748500: system.cpu: T0 : 0x10664    : c_addiw a5, 0              : IntAlu :  D=0x000000000003f7af
2749500: system.cpu: T0 : 0x10666    : addiw a5, a5, 81           : IntAlu :  D=0x000000000003f800
2750000: system.cpu: T0 : 0x1066a    : c_addiw a5, 0              : IntAlu :  D=0x000000000003f800
2750500: system.cpu: T0 : 0x1066c    : c_mv a4, a5                : IntAlu :  D=0x000000000003f800
2751000: system.cpu: T0 : 0x1066e    : c_lui a5, 2                : IntAlu :  D=0x0000000000002000
2751500: system.cpu: T0 : 0x10670    : addiw a5, a5, -97          : IntAlu :  D=0x0000000000001f9f
2752000: system.cpu: T0 : 0x10674    : remw a5, a4, a5            : IntDiv :  D=0x0000000000000420
2752500: system.cpu: T0 : 0x10678    : addiw a4, a5, 0            : IntAlu :  D=0x0000000000000420
2753000: system.cpu: T0 : 0x1067c    : auipc a5, 96               : IntAlu :  D=0x000000000007067c
2753500: system.cpu: T0 : 0x10680    : ld a5, 396(a5)             : MemRead :  D=0x0000000000071988 A=0x70808
2754000: system.cpu: T0 : 0x10684    : c_sw a4, 0(a5)             : MemWrite :  D=0x0000000000000420 A=0x71988
2755000: system.cpu: T0 : 0x10686    : auipc a5, 96               : IntAlu :  D=0x0000000000070686
2756000: system.cpu: T0 : 0x1068a    : ld a5, 386(a5)             : MemRead :  D=0x0000000000071988 A=0x70808
2756500: system.cpu: T0 : 0x1068e    : c_lw a5, 0(a5)             : MemRead :  D=0x0000000000000420 A=0x71988
2757000: system.cpu: T0 : 0x10690    : c_mv a0, a5                : IntAlu :  D=0x0000000000000420
2757500: system.cpu: T0 : 0x10692    : c_ldsp s0, 8(sp)           : MemRead :  D=0x7ffffffffffffda0 A=0x7ffffffffffffd58
2758000: system.cpu: T0 : 0x10694    : c_addi sp, 16              : IntAlu :  D=0x7ffffffffffffd60
2758500: system.cpu: T0 : 0x10696    : c_jr ra                    : IntAlu : 
2759000: system.cpu: T0 : 0x104e4    : c_mv a5, a0                : IntAlu :  D=0x0000000000000420
2759500: system.cpu: T0 : 0x104e6    : c_mv a4, a5                : IntAlu :  D=0x0000000000000420
2760000: system.cpu: T0 : 0x104e8    : slli a5, s1, 2             : IntAlu :  D=0x0000000000000010
2760500: system.cpu: T0 : 0x104ec    : c_add a5, s3               : IntAlu :  D=0x00000000000719a0
2761000: system.cpu: T0 : 0x104ee    : c_sw a4, 0(a5)             : MemWrite :  D=0x0000000000000420 A=0x719a0
2761500: system.cpu: T0 : 0x104f0    : addiw a5, s1, 1            : IntAlu :  D=0x0000000000000005
2762000: system.cpu: T0 : 0x104f4    : addiw s1, a5, 0            : IntAlu :  D=0x0000000000000005
2762500: system.cpu: T0 : 0x104f8    : c_mv a4, s1                : IntAlu :  D=0x0000000000000005
2763000: system.cpu: T0 : 0x104fa    : c_li a5, 9                 : IntAlu :  D=0x0000000000000009
2763500: system.cpu: T0 : 0x104fc    : bge a5, a4, -48            : IntAlu : 
2764000: system.cpu: T0 : 0x104cc    : c_mv a4, s2                : IntAlu :  D=0x0000000000000000
2764500: system.cpu: T0 : 0x104ce    : c_mv a5, a4                : IntAlu :  D=0x0000000000000000
2765000: system.cpu: T0 : 0x104d0    : c_slli a5, 2               : IntAlu :  D=0x0000000000000000
2765500: system.cpu: T0 : 0x104d2    : c_add a5, a4               : IntAlu :  D=0x0000000000000000
2766000: system.cpu: T0 : 0x104d4    : c_slli a5, 3               : IntAlu :  D=0x0000000000000000
2766500: system.cpu: T0 : 0x104d6    : c_mv a4, a5                : IntAlu :  D=0x0000000000000000
2767000: system.cpu: T0 : 0x104d8    : ld a5, -56(s0)             : MemRead :  D=0x0000000000071990 A=0x7ffffffffffffd68
2767500: system.cpu: T0 : 0x104dc    : add s3, a5, a4             : IntAlu :  D=0x0000000000071990
2768000: system.cpu: T0 : 0x104e0    : jal ra, 356                : IntAlu :  D=0x00000000000104e4
2768500: system.cpu: T0 : 0x10644    : c_addi sp, -16             : IntAlu :  D=0x7ffffffffffffd50
2769000: system.cpu: T0 : 0x10646    : c_sdsp s0, 8(sp)           : MemWrite :  D=0x7ffffffffffffda0 A=0x7ffffffffffffd58
2769500: system.cpu: T0 : 0x10648    : c_addi4spn s0, sp, 16      : IntAlu :  D=0x7ffffffffffffd60
2770500: system.cpu: T0 : 0x1064a    : auipc a5, 96               : IntAlu :  D=0x000000000007064a
2771500: system.cpu: T0 : 0x1064e    : ld a5, 446(a5)             : MemRead :  D=0x0000000000071988 A=0x70808
2772000: system.cpu: T0 : 0x10652    : c_lw a5, 0(a5)             : MemRead :  D=0x0000000000000420 A=0x71988
2772500: system.cpu: T0 : 0x10654    : c_mv a4, a5                : IntAlu :  D=0x0000000000000420
2773000: system.cpu: T0 : 0x10656    : c_mv a5, a4                : IntAlu :  D=0x0000000000000420
2773500: system.cpu: T0 : 0x10658    : slliw a5, a5, 5            : IntAlu :  D=0x0000000000008400
2774000: system.cpu: T0 : 0x1065c    : c_addw a5, a4              : IntAlu :  D=0x0000000000008820
2775000: system.cpu: T0 : 0x1065e    : slliw a5, a5, 2            : IntAlu :  D=0x0000000000022080
2775500: system.cpu: T0 : 0x10662    : c_addw a5, a4              : IntAlu :  D=0x00000000000224a0
2776000: system.cpu: T0 : 0x10664    : c_addiw a5, 0              : IntAlu :  D=0x00000000000224a0
2777000: system.cpu: T0 : 0x10666    : addiw a5, a5, 81           : IntAlu :  D=0x00000000000224f1
2777500: system.cpu: T0 : 0x1066a    : c_addiw a5, 0              : IntAlu :  D=0x00000000000224f1
2778000: system.cpu: T0 : 0x1066c    : c_mv a4, a5                : IntAlu :  D=0x00000000000224f1
2778500: system.cpu: T0 : 0x1066e    : c_lui a5, 2                : IntAlu :  D=0x0000000000002000
2779000: system.cpu: T0 : 0x10670    : addiw a5, a5, -97          : IntAlu :  D=0x0000000000001f9f
2779500: system.cpu: T0 : 0x10674    : remw a5, a4, a5            : IntDiv :  D=0x0000000000000b62
2780000: system.cpu: T0 : 0x10678    : addiw a4, a5, 0            : IntAlu :  D=0x0000000000000b62
2780500: system.cpu: T0 : 0x1067c    : auipc a5, 96               : IntAlu :  D=0x000000000007067c
2781000: system.cpu: T0 : 0x10680    : ld a5, 396(a5)             : MemRead :  D=0x0000000000071988 A=0x70808
2781500: system.cpu: T0 : 0x10684    : c_sw a4, 0(a5)             : MemWrite :  D=0x0000000000000b62 A=0x71988
2782500: system.cpu: T0 : 0x10686    : auipc a5, 96               : IntAlu :  D=0x0000000000070686
2783500: system.cpu: T0 : 0x1068a    : ld a5, 386(a5)             : MemRead :  D=0x0000000000071988 A=0x70808
2784000: system.cpu: T0 : 0x1068e    : c_lw a5, 0(a5)             : MemRead :  D=0x0000000000000b62 A=0x71988
2784500: system.cpu: T0 : 0x10690    : c_mv a0, a5                : IntAlu :  D=0x0000000000000b62
2785000: system.cpu: T0 : 0x10692    : c_ldsp s0, 8(sp)           : MemRead :  D=0x7ffffffffffffda0 A=0x7ffffffffffffd58
2785500: system.cpu: T0 : 0x10694    : c_addi sp, 16              : IntAlu :  D=0x7ffffffffffffd60
2786000: system.cpu: T0 : 0x10696    : c_jr ra                    : IntAlu : 
2786500: system.cpu: T0 : 0x104e4    : c_mv a5, a0                : IntAlu :  D=0x0000000000000b62
2787000: system.cpu: T0 : 0x104e6    : c_mv a4, a5                : IntAlu :  D=0x0000000000000b62
2787500: system.cpu: T0 : 0x104e8    : slli a5, s1, 2             : IntAlu :  D=0x0000000000000014
2788000: system.cpu: T0 : 0x104ec    : c_add a5, s3               : IntAlu :  D=0x00000000000719a4
2788500: system.cpu: T0 : 0x104ee    : c_sw a4, 0(a5)             : MemWrite :  D=0x0000000000000b62 A=0x719a4
2789000: system.cpu: T0 : 0x104f0    : addiw a5, s1, 1            : IntAlu :  D=0x0000000000000006
2789500: system.cpu: T0 : 0x104f4    : addiw s1, a5, 0            : IntAlu :  D=0x0000000000000006
2790000: system.cpu: T0 : 0x104f8    : c_mv a4, s1                : IntAlu :  D=0x0000000000000006
2790500: system.cpu: T0 : 0x104fa    : c_li a5, 9                 : IntAlu :  D=0x0000000000000009
2791000: system.cpu: T0 : 0x104fc    : bge a5, a4, -48            : IntAlu : 
2791500: system.cpu: T0 : 0x104cc    : c_mv a4, s2                : IntAlu :  D=0x0000000000000000
2792000: system.cpu: T0 : 0x104ce    : c_mv a5, a4                : IntAlu :  D=0x0000000000000000
2792500: system.cpu: T0 : 0x104d0    : c_slli a5, 2               : IntAlu :  D=0x0000000000000000
2793000: system.cpu: T0 : 0x104d2    : c_add a5, a4               : IntAlu :  D=0x0000000000000000
2793500: system.cpu: T0 : 0x104d4    : c_slli a5, 3               : IntAlu :  D=0x0000000000000000
2794000: system.cpu: T0 : 0x104d6    : c_mv a4, a5                : IntAlu :  D=0x0000000000000000
2794500: system.cpu: T0 : 0x104d8    : ld a5, -56(s0)             : MemRead :  D=0x0000000000071990 A=0x7ffffffffffffd68
2795000: system.cpu: T0 : 0x104dc    : add s3, a5, a4             : IntAlu :  D=0x0000000000071990
2795500: system.cpu: T0 : 0x104e0    : jal ra, 356                : IntAlu :  D=0x00000000000104e4
2796000: system.cpu: T0 : 0x10644    : c_addi sp, -16             : IntAlu :  D=0x7ffffffffffffd50
2796500: system.cpu: T0 : 0x10646    : c_sdsp s0, 8(sp)           : MemWrite :  D=0x7ffffffffffffda0 A=0x7ffffffffffffd58
2797000: system.cpu: T0 : 0x10648    : c_addi4spn s0, sp, 16      : IntAlu :  D=0x7ffffffffffffd60
2798000: system.cpu: T0 : 0x1064a    : auipc a5, 96               : IntAlu :  D=0x000000000007064a
2799000: system.cpu: T0 : 0x1064e    : ld a5, 446(a5)             : MemRead :  D=0x0000000000071988 A=0x70808
2799500: system.cpu: T0 : 0x10652    : c_lw a5, 0(a5)             : MemRead :  D=0x0000000000000b62 A=0x71988
2800000: system.cpu: T0 : 0x10654    : c_mv a4, a5                : IntAlu :  D=0x0000000000000b62
2800500: system.cpu: T0 : 0x10656    : c_mv a5, a4                : IntAlu :  D=0x0000000000000b62
2801000: system.cpu: T0 : 0x10658    : slliw a5, a5, 5            : IntAlu :  D=0x0000000000016c40
2801500: system.cpu: T0 : 0x1065c    : c_addw a5, a4              : IntAlu :  D=0x00000000000177a2
2802500: system.cpu: T0 : 0x1065e    : slliw a5, a5, 2            : IntAlu :  D=0x000000000005de88
2803000: system.cpu: T0 : 0x10662    : c_addw a5, a4              : IntAlu :  D=0x000000000005e9ea
2803500: system.cpu: T0 : 0x10664    : c_addiw a5, 0              : IntAlu :  D=0x000000000005e9ea
2804500: system.cpu: T0 : 0x10666    : addiw a5, a5, 81           : IntAlu :  D=0x000000000005ea3b
2805000: system.cpu: T0 : 0x1066a    : c_addiw a5, 0              : IntAlu :  D=0x000000000005ea3b
2805500: system.cpu: T0 : 0x1066c    : c_mv a4, a5                : IntAlu :  D=0x000000000005ea3b
2806000: system.cpu: T0 : 0x1066e    : c_lui a5, 2                : IntAlu :  D=0x0000000000002000
2806500: system.cpu: T0 : 0x10670    : addiw a5, a5, -97          : IntAlu :  D=0x0000000000001f9f
2807000: system.cpu: T0 : 0x10674    : remw a5, a4, a5            : IntDiv :  D=0x0000000000001c0a
2807500: system.cpu: T0 : 0x10678    : addiw a4, a5, 0            : IntAlu :  D=0x0000000000001c0a
2808000: system.cpu: T0 : 0x1067c    : auipc a5, 96               : IntAlu :  D=0x000000000007067c
2808500: system.cpu: T0 : 0x10680    : ld a5, 396(a5)             : MemRead :  D=0x0000000000071988 A=0x70808
2809000: system.cpu: T0 : 0x10684    : c_sw a4, 0(a5)             : MemWrite :  D=0x0000000000001c0a A=0x71988
2810000: system.cpu: T0 : 0x10686    : auipc a5, 96               : IntAlu :  D=0x0000000000070686
2811000: system.cpu: T0 : 0x1068a    : ld a5, 386(a5)             : MemRead :  D=0x0000000000071988 A=0x70808
2811500: system.cpu: T0 : 0x1068e    : c_lw a5, 0(a5)             : MemRead :  D=0x0000000000001c0a A=0x71988
2812000: system.cpu: T0 : 0x10690    : c_mv a0, a5                : IntAlu :  D=0x0000000000001c0a
2812500: system.cpu: T0 : 0x10692    : c_ldsp s0, 8(sp)           : MemRead :  D=0x7ffffffffffffda0 A=0x7ffffffffffffd58
2813000: system.cpu: T0 : 0x10694    : c_addi sp, 16              : IntAlu :  D=0x7ffffffffffffd60
2813500: system.cpu: T0 : 0x10696    : c_jr ra                    : IntAlu : 
2814000: system.cpu: T0 : 0x104e4    : c_mv a5, a0                : IntAlu :  D=0x0000000000001c0a
2814500: system.cpu: T0 : 0x104e6    : c_mv a4, a5                : IntAlu :  D=0x0000000000001c0a
2815000: system.cpu: T0 : 0x104e8    : slli a5, s1, 2             : IntAlu :  D=0x0000000000000018
2815500: system.cpu: T0 : 0x104ec    : c_add a5, s3               : IntAlu :  D=0x00000000000719a8
2816000: system.cpu: T0 : 0x104ee    : c_sw a4, 0(a5)             : MemWrite :  D=0x0000000000001c0a A=0x719a8
2816500: system.cpu: T0 : 0x104f0    : addiw a5, s1, 1            : IntAlu :  D=0x0000000000000007
2817000: system.cpu: T0 : 0x104f4    : addiw s1, a5, 0            : IntAlu :  D=0x0000000000000007
2817500: system.cpu: T0 : 0x104f8    : c_mv a4, s1                : IntAlu :  D=0x0000000000000007
2818000: system.cpu: T0 : 0x104fa    : c_li a5, 9                 : IntAlu :  D=0x0000000000000009
2818500: system.cpu: T0 : 0x104fc    : bge a5, a4, -48            : IntAlu : 
2819000: system.cpu: T0 : 0x104cc    : c_mv a4, s2                : IntAlu :  D=0x0000000000000000
2819500: system.cpu: T0 : 0x104ce    : c_mv a5, a4                : IntAlu :  D=0x0000000000000000
2820000: system.cpu: T0 : 0x104d0    : c_slli a5, 2               : IntAlu :  D=0x0000000000000000
2820500: system.cpu: T0 : 0x104d2    : c_add a5, a4               : IntAlu :  D=0x0000000000000000
2821000: system.cpu: T0 : 0x104d4    : c_slli a5, 3               : IntAlu :  D=0x0000000000000000
2821500: system.cpu: T0 : 0x104d6    : c_mv a4, a5                : IntAlu :  D=0x0000000000000000
2822000: system.cpu: T0 : 0x104d8    : ld a5, -56(s0)             : MemRead :  D=0x0000000000071990 A=0x7ffffffffffffd68
2822500: system.cpu: T0 : 0x104dc    : add s3, a5, a4             : IntAlu :  D=0x0000000000071990
2823000: system.cpu: T0 : 0x104e0    : jal ra, 356                : IntAlu :  D=0x00000000000104e4
2823500: system.cpu: T0 : 0x10644    : c_addi sp, -16             : IntAlu :  D=0x7ffffffffffffd50
2824000: system.cpu: T0 : 0x10646    : c_sdsp s0, 8(sp)           : MemWrite :  D=0x7ffffffffffffda0 A=0x7ffffffffffffd58
2824500: system.cpu: T0 : 0x10648    : c_addi4spn s0, sp, 16      : IntAlu :  D=0x7ffffffffffffd60
2825500: system.cpu: T0 : 0x1064a    : auipc a5, 96               : IntAlu :  D=0x000000000007064a
2826500: system.cpu: T0 : 0x1064e    : ld a5, 446(a5)             : MemRead :  D=0x0000000000071988 A=0x70808
2827000: system.cpu: T0 : 0x10652    : c_lw a5, 0(a5)             : MemRead :  D=0x0000000000001c0a A=0x71988
2827500: system.cpu: T0 : 0x10654    : c_mv a4, a5                : IntAlu :  D=0x0000000000001c0a
2828000: system.cpu: T0 : 0x10656    : c_mv a5, a4                : IntAlu :  D=0x0000000000001c0a
2828500: system.cpu: T0 : 0x10658    : slliw a5, a5, 5            : IntAlu :  D=0x0000000000038140
2829000: system.cpu: T0 : 0x1065c    : c_addw a5, a4              : IntAlu :  D=0x0000000000039d4a
2830000: system.cpu: T0 : 0x1065e    : slliw a5, a5, 2            : IntAlu :  D=0x00000000000e7528
2830500: system.cpu: T0 : 0x10662    : c_addw a5, a4              : IntAlu :  D=0x00000000000e9132
2831000: system.cpu: T0 : 0x10664    : c_addiw a5, 0              : IntAlu :  D=0x00000000000e9132
2832000: system.cpu: T0 : 0x10666    : addiw a5, a5, 81           : IntAlu :  D=0x00000000000e9183
2832500: system.cpu: T0 : 0x1066a    : c_addiw a5, 0              : IntAlu :  D=0x00000000000e9183
2833000: system.cpu: T0 : 0x1066c    : c_mv a4, a5                : IntAlu :  D=0x00000000000e9183
2833500: system.cpu: T0 : 0x1066e    : c_lui a5, 2                : IntAlu :  D=0x0000000000002000
2834000: system.cpu: T0 : 0x10670    : addiw a5, a5, -97          : IntAlu :  D=0x0000000000001f9f
2834500: system.cpu: T0 : 0x10674    : remw a5, a4, a5            : IntDiv :  D=0x0000000000001dd8
2835000: system.cpu: T0 : 0x10678    : addiw a4, a5, 0            : IntAlu :  D=0x0000000000001dd8
2835500: system.cpu: T0 : 0x1067c    : auipc a5, 96               : IntAlu :  D=0x000000000007067c
2836000: system.cpu: T0 : 0x10680    : ld a5, 396(a5)             : MemRead :  D=0x0000000000071988 A=0x70808
2836500: system.cpu: T0 : 0x10684    : c_sw a4, 0(a5)             : MemWrite :  D=0x0000000000001dd8 A=0x71988
2837500: system.cpu: T0 : 0x10686    : auipc a5, 96               : IntAlu :  D=0x0000000000070686
2838500: system.cpu: T0 : 0x1068a    : ld a5, 386(a5)             : MemRead :  D=0x0000000000071988 A=0x70808
2839000: system.cpu: T0 : 0x1068e    : c_lw a5, 0(a5)             : MemRead :  D=0x0000000000001dd8 A=0x71988
2839500: system.cpu: T0 : 0x10690    : c_mv a0, a5                : IntAlu :  D=0x0000000000001dd8
2840000: system.cpu: T0 : 0x10692    : c_ldsp s0, 8(sp)           : MemRead :  D=0x7ffffffffffffda0 A=0x7ffffffffffffd58
2840500: system.cpu: T0 : 0x10694    : c_addi sp, 16              : IntAlu :  D=0x7ffffffffffffd60
2841000: system.cpu: T0 : 0x10696    : c_jr ra                    : IntAlu : 
2841500: system.cpu: T0 : 0x104e4    : c_mv a5, a0                : IntAlu :  D=0x0000000000001dd8
2842000: system.cpu: T0 : 0x104e6    : c_mv a4, a5                : IntAlu :  D=0x0000000000001dd8
2842500: system.cpu: T0 : 0x104e8    : slli a5, s1, 2             : IntAlu :  D=0x000000000000001c
2843000: system.cpu: T0 : 0x104ec    : c_add a5, s3               : IntAlu :  D=0x00000000000719ac
2843500: system.cpu: T0 : 0x104ee    : c_sw a4, 0(a5)             : MemWrite :  D=0x0000000000001dd8 A=0x719ac
2844000: system.cpu: T0 : 0x104f0    : addiw a5, s1, 1            : IntAlu :  D=0x0000000000000008
2844500: system.cpu: T0 : 0x104f4    : addiw s1, a5, 0            : IntAlu :  D=0x0000000000000008
2845000: system.cpu: T0 : 0x104f8    : c_mv a4, s1                : IntAlu :  D=0x0000000000000008
2845500: system.cpu: T0 : 0x104fa    : c_li a5, 9                 : IntAlu :  D=0x0000000000000009
2846000: system.cpu: T0 : 0x104fc    : bge a5, a4, -48            : IntAlu : 
2846500: system.cpu: T0 : 0x104cc    : c_mv a4, s2                : IntAlu :  D=0x0000000000000000
2847000: system.cpu: T0 : 0x104ce    : c_mv a5, a4                : IntAlu :  D=0x0000000000000000
2847500: system.cpu: T0 : 0x104d0    : c_slli a5, 2               : IntAlu :  D=0x0000000000000000
2848000: system.cpu: T0 : 0x104d2    : c_add a5, a4               : IntAlu :  D=0x0000000000000000
2848500: system.cpu: T0 : 0x104d4    : c_slli a5, 3               : IntAlu :  D=0x0000000000000000
2849000: system.cpu: T0 : 0x104d6    : c_mv a4, a5                : IntAlu :  D=0x0000000000000000
2849500: system.cpu: T0 : 0x104d8    : ld a5, -56(s0)             : MemRead :  D=0x0000000000071990 A=0x7ffffffffffffd68
2850000: system.cpu: T0 : 0x104dc    : add s3, a5, a4             : IntAlu :  D=0x0000000000071990
2850500: system.cpu: T0 : 0x104e0    : jal ra, 356                : IntAlu :  D=0x00000000000104e4
2851000: system.cpu: T0 : 0x10644    : c_addi sp, -16             : IntAlu :  D=0x7ffffffffffffd50
2851500: system.cpu: T0 : 0x10646    : c_sdsp s0, 8(sp)           : MemWrite :  D=0x7ffffffffffffda0 A=0x7ffffffffffffd58
2852000: system.cpu: T0 : 0x10648    : c_addi4spn s0, sp, 16      : IntAlu :  D=0x7ffffffffffffd60
2853000: system.cpu: T0 : 0x1064a    : auipc a5, 96               : IntAlu :  D=0x000000000007064a
2854000: system.cpu: T0 : 0x1064e    : ld a5, 446(a5)             : MemRead :  D=0x0000000000071988 A=0x70808
2854500: system.cpu: T0 : 0x10652    : c_lw a5, 0(a5)             : MemRead :  D=0x0000000000001dd8 A=0x71988
2855000: system.cpu: T0 : 0x10654    : c_mv a4, a5                : IntAlu :  D=0x0000000000001dd8
2855500: system.cpu: T0 : 0x10656    : c_mv a5, a4                : IntAlu :  D=0x0000000000001dd8
2856000: system.cpu: T0 : 0x10658    : slliw a5, a5, 5            : IntAlu :  D=0x000000000003bb00
2856500: system.cpu: T0 : 0x1065c    : c_addw a5, a4              : IntAlu :  D=0x000000000003d8d8
2857500: system.cpu: T0 : 0x1065e    : slliw a5, a5, 2            : IntAlu :  D=0x00000000000f6360
2858000: system.cpu: T0 : 0x10662    : c_addw a5, a4              : IntAlu :  D=0x00000000000f8138
2858500: system.cpu: T0 : 0x10664    : c_addiw a5, 0              : IntAlu :  D=0x00000000000f8138
2859500: system.cpu: T0 : 0x10666    : addiw a5, a5, 81           : IntAlu :  D=0x00000000000f8189
2860000: system.cpu: T0 : 0x1066a    : c_addiw a5, 0              : IntAlu :  D=0x00000000000f8189
2860500: system.cpu: T0 : 0x1066c    : c_mv a4, a5                : IntAlu :  D=0x00000000000f8189
2861000: system.cpu: T0 : 0x1066e    : c_lui a5, 2                : IntAlu :  D=0x0000000000002000
2861500: system.cpu: T0 : 0x10670    : addiw a5, a5, -97          : IntAlu :  D=0x0000000000001f9f
2862000: system.cpu: T0 : 0x10674    : remw a5, a4, a5            : IntDiv :  D=0x00000000000010e6
2862500: system.cpu: T0 : 0x10678    : addiw a4, a5, 0            : IntAlu :  D=0x00000000000010e6
2863000: system.cpu: T0 : 0x1067c    : auipc a5, 96               : IntAlu :  D=0x000000000007067c
2863500: system.cpu: T0 : 0x10680    : ld a5, 396(a5)             : MemRead :  D=0x0000000000071988 A=0x70808
2864000: system.cpu: T0 : 0x10684    : c_sw a4, 0(a5)             : MemWrite :  D=0x00000000000010e6 A=0x71988
2865000: system.cpu: T0 : 0x10686    : auipc a5, 96               : IntAlu :  D=0x0000000000070686
2866000: system.cpu: T0 : 0x1068a    : ld a5, 386(a5)             : MemRead :  D=0x0000000000071988 A=0x70808
2866500: system.cpu: T0 : 0x1068e    : c_lw a5, 0(a5)             : MemRead :  D=0x00000000000010e6 A=0x71988
2867000: system.cpu: T0 : 0x10690    : c_mv a0, a5                : IntAlu :  D=0x00000000000010e6
2867500: system.cpu: T0 : 0x10692    : c_ldsp s0, 8(sp)           : MemRead :  D=0x7ffffffffffffda0 A=0x7ffffffffffffd58
2868000: system.cpu: T0 : 0x10694    : c_addi sp, 16              : IntAlu :  D=0x7ffffffffffffd60
2868500: system.cpu: T0 : 0x10696    : c_jr ra                    : IntAlu : 
2869000: system.cpu: T0 : 0x104e4    : c_mv a5, a0                : IntAlu :  D=0x00000000000010e6
2869500: system.cpu: T0 : 0x104e6    : c_mv a4, a5                : IntAlu :  D=0x00000000000010e6
2870000: system.cpu: T0 : 0x104e8    : slli a5, s1, 2             : IntAlu :  D=0x0000000000000020
2870500: system.cpu: T0 : 0x104ec    : c_add a5, s3               : IntAlu :  D=0x00000000000719b0
2871000: system.cpu: T0 : 0x104ee    : c_sw a4, 0(a5)             : MemWrite :  D=0x00000000000010e6 A=0x719b0
2871500: system.cpu: T0 : 0x104f0    : addiw a5, s1, 1            : IntAlu :  D=0x0000000000000009
2872000: system.cpu: T0 : 0x104f4    : addiw s1, a5, 0            : IntAlu :  D=0x0000000000000009
2872500: system.cpu: T0 : 0x104f8    : c_mv a4, s1                : IntAlu :  D=0x0000000000000009
2873000: system.cpu: T0 : 0x104fa    : c_li a5, 9                 : IntAlu :  D=0x0000000000000009
2873500: system.cpu: T0 : 0x104fc    : bge a5, a4, -48            : IntAlu : 
2874000: system.cpu: T0 : 0x104cc    : c_mv a4, s2                : IntAlu :  D=0x0000000000000000
2874500: system.cpu: T0 : 0x104ce    : c_mv a5, a4                : IntAlu :  D=0x0000000000000000
2875000: system.cpu: T0 : 0x104d0    : c_slli a5, 2               : IntAlu :  D=0x0000000000000000
2875500: system.cpu: T0 : 0x104d2    : c_add a5, a4               : IntAlu :  D=0x0000000000000000
2876000: system.cpu: T0 : 0x104d4    : c_slli a5, 3               : IntAlu :  D=0x0000000000000000
2876500: system.cpu: T0 : 0x104d6    : c_mv a4, a5                : IntAlu :  D=0x0000000000000000
2877000: system.cpu: T0 : 0x104d8    : ld a5, -56(s0)             : MemRead :  D=0x0000000000071990 A=0x7ffffffffffffd68
2877500: system.cpu: T0 : 0x104dc    : add s3, a5, a4             : IntAlu :  D=0x0000000000071990
2878000: system.cpu: T0 : 0x104e0    : jal ra, 356                : IntAlu :  D=0x00000000000104e4
2878500: system.cpu: T0 : 0x10644    : c_addi sp, -16             : IntAlu :  D=0x7ffffffffffffd50
2879000: system.cpu: T0 : 0x10646    : c_sdsp s0, 8(sp)           : MemWrite :  D=0x7ffffffffffffda0 A=0x7ffffffffffffd58
2879500: system.cpu: T0 : 0x10648    : c_addi4spn s0, sp, 16      : IntAlu :  D=0x7ffffffffffffd60
2880500: system.cpu: T0 : 0x1064a    : auipc a5, 96               : IntAlu :  D=0x000000000007064a
2881500: system.cpu: T0 : 0x1064e    : ld a5, 446(a5)             : MemRead :  D=0x0000000000071988 A=0x70808
2882000: system.cpu: T0 : 0x10652    : c_lw a5, 0(a5)             : MemRead :  D=0x00000000000010e6 A=0x71988
2882500: system.cpu: T0 : 0x10654    : c_mv a4, a5                : IntAlu :  D=0x00000000000010e6
2883000: system.cpu: T0 : 0x10656    : c_mv a5, a4                : IntAlu :  D=0x00000000000010e6
2883500: system.cpu: T0 : 0x10658    : slliw a5, a5, 5            : IntAlu :  D=0x0000000000021cc0
2884000: system.cpu: T0 : 0x1065c    : c_addw a5, a4              : IntAlu :  D=0x0000000000022da6
2885000: system.cpu: T0 : 0x1065e    : slliw a5, a5, 2            : IntAlu :  D=0x000000000008b698
2885500: system.cpu: T0 : 0x10662    : c_addw a5, a4              : IntAlu :  D=0x000000000008c77e
2886000: system.cpu: T0 : 0x10664    : c_addiw a5, 0              : IntAlu :  D=0x000000000008c77e
2887000: system.cpu: T0 : 0x10666    : addiw a5, a5, 81           : IntAlu :  D=0x000000000008c7cf
2887500: system.cpu: T0 : 0x1066a    : c_addiw a5, 0              : IntAlu :  D=0x000000000008c7cf
2888000: system.cpu: T0 : 0x1066c    : c_mv a4, a5                : IntAlu :  D=0x000000000008c7cf
2888500: system.cpu: T0 : 0x1066e    : c_lui a5, 2                : IntAlu :  D=0x0000000000002000
2889000: system.cpu: T0 : 0x10670    : addiw a5, a5, -97          : IntAlu :  D=0x0000000000001f9f
2889500: system.cpu: T0 : 0x10674    : remw a5, a4, a5            : IntDiv :  D=0x00000000000002b6
2890000: system.cpu: T0 : 0x10678    : addiw a4, a5, 0            : IntAlu :  D=0x00000000000002b6
2890500: system.cpu: T0 : 0x1067c    : auipc a5, 96               : IntAlu :  D=0x000000000007067c
2891000: system.cpu: T0 : 0x10680    : ld a5, 396(a5)             : MemRead :  D=0x0000000000071988 A=0x70808
2891500: system.cpu: T0 : 0x10684    : c_sw a4, 0(a5)             : MemWrite :  D=0x00000000000002b6 A=0x71988
2892500: system.cpu: T0 : 0x10686    : auipc a5, 96               : IntAlu :  D=0x0000000000070686
2893500: system.cpu: T0 : 0x1068a    : ld a5, 386(a5)             : MemRead :  D=0x0000000000071988 A=0x70808
2894000: system.cpu: T0 : 0x1068e    : c_lw a5, 0(a5)             : MemRead :  D=0x00000000000002b6 A=0x71988
2894500: system.cpu: T0 : 0x10690    : c_mv a0, a5                : IntAlu :  D=0x00000000000002b6
2895000: system.cpu: T0 : 0x10692    : c_ldsp s0, 8(sp)           : MemRead :  D=0x7ffffffffffffda0 A=0x7ffffffffffffd58
2895500: system.cpu: T0 : 0x10694    : c_addi sp, 16              : IntAlu :  D=0x7ffffffffffffd60
2896000: system.cpu: T0 : 0x10696    : c_jr ra                    : IntAlu : 
2896500: system.cpu: T0 : 0x104e4    : c_mv a5, a0                : IntAlu :  D=0x00000000000002b6
2897000: system.cpu: T0 : 0x104e6    : c_mv a4, a5                : IntAlu :  D=0x00000000000002b6
2897500: system.cpu: T0 : 0x104e8    : slli a5, s1, 2             : IntAlu :  D=0x0000000000000024
2898000: system.cpu: T0 : 0x104ec    : c_add a5, s3               : IntAlu :  D=0x00000000000719b4
2898500: system.cpu: T0 : 0x104ee    : c_sw a4, 0(a5)             : MemWrite :  D=0x00000000000002b6 A=0x719b4
2899000: system.cpu: T0 : 0x104f0    : addiw a5, s1, 1            : IntAlu :  D=0x000000000000000a
2899500: system.cpu: T0 : 0x104f4    : addiw s1, a5, 0            : IntAlu :  D=0x000000000000000a
2900000: system.cpu: T0 : 0x104f8    : c_mv a4, s1                : IntAlu :  D=0x000000000000000a
2900500: system.cpu: T0 : 0x104fa    : c_li a5, 9                 : IntAlu :  D=0x0000000000000009
2901000: system.cpu: T0 : 0x104fc    : bge a5, a4, -48            : IntAlu : 
2901500: system.cpu: T0 : 0x10500    : addiw a5, s2, 1            : IntAlu :  D=0x0000000000000001
2902000: system.cpu: T0 : 0x10504    : addiw s2, a5, 0            : IntAlu :  D=0x0000000000000001
2902500: system.cpu: T0 : 0x10508    : c_mv a4, s2                : IntAlu :  D=0x0000000000000001
2903000: system.cpu: T0 : 0x1050a    : c_li a5, 9                 : IntAlu :  D=0x0000000000000009
2903500: system.cpu: T0 : 0x1050c    : bge a5, a4, -68            : IntAlu : 
2904000: system.cpu: T0 : 0x104c8    : c_li s1, 0                 : IntAlu :  D=0x0000000000000000
2904500: system.cpu: T0 : 0x104ca    : c_j 46                     : IntAlu : 
2905000: system.cpu: T0 : 0x104f8    : c_mv a4, s1                : IntAlu :  D=0x0000000000000000
2905500: system.cpu: T0 : 0x104fa    : c_li a5, 9                 : IntAlu :  D=0x0000000000000009
2906000: system.cpu: T0 : 0x104fc    : bge a5, a4, -48            : IntAlu : 
2906500: system.cpu: T0 : 0x104cc    : c_mv a4, s2                : IntAlu :  D=0x0000000000000001
2907000: system.cpu: T0 : 0x104ce    : c_mv a5, a4                : IntAlu :  D=0x0000000000000001
2907500: system.cpu: T0 : 0x104d0    : c_slli a5, 2               : IntAlu :  D=0x0000000000000004
2908000: system.cpu: T0 : 0x104d2    : c_add a5, a4               : IntAlu :  D=0x0000000000000005
2908500: system.cpu: T0 : 0x104d4    : c_slli a5, 3               : IntAlu :  D=0x0000000000000028
2909000: system.cpu: T0 : 0x104d6    : c_mv a4, a5                : IntAlu :  D=0x0000000000000028
2909500: system.cpu: T0 : 0x104d8    : ld a5, -56(s0)             : MemRead :  D=0x0000000000071990 A=0x7ffffffffffffd68
2910000: system.cpu: T0 : 0x104dc    : add s3, a5, a4             : IntAlu :  D=0x00000000000719b8
2910500: system.cpu: T0 : 0x104e0    : jal ra, 356                : IntAlu :  D=0x00000000000104e4
2911000: system.cpu: T0 : 0x10644    : c_addi sp, -16             : IntAlu :  D=0x7ffffffffffffd50
2911500: system.cpu: T0 : 0x10646    : c_sdsp s0, 8(sp)           : MemWrite :  D=0x7ffffffffffffda0 A=0x7ffffffffffffd58
2912000: system.cpu: T0 : 0x10648    : c_addi4spn s0, sp, 16      : IntAlu :  D=0x7ffffffffffffd60
2913000: system.cpu: T0 : 0x1064a    : auipc a5, 96               : IntAlu :  D=0x000000000007064a
2914000: system.cpu: T0 : 0x1064e    : ld a5, 446(a5)             : MemRead :  D=0x0000000000071988 A=0x70808
2914500: system.cpu: T0 : 0x10652    : c_lw a5, 0(a5)             : MemRead :  D=0x00000000000002b6 A=0x71988
2915000: system.cpu: T0 : 0x10654    : c_mv a4, a5                : IntAlu :  D=0x00000000000002b6
2915500: system.cpu: T0 : 0x10656    : c_mv a5, a4                : IntAlu :  D=0x00000000000002b6
2916000: system.cpu: T0 : 0x10658    : slliw a5, a5, 5            : IntAlu :  D=0x00000000000056c0
2916500: system.cpu: T0 : 0x1065c    : c_addw a5, a4              : IntAlu :  D=0x0000000000005976
2917500: system.cpu: T0 : 0x1065e    : slliw a5, a5, 2            : IntAlu :  D=0x00000000000165d8
2918000: system.cpu: T0 : 0x10662    : c_addw a5, a4              : IntAlu :  D=0x000000000001688e
2918500: system.cpu: T0 : 0x10664    : c_addiw a5, 0              : IntAlu :  D=0x000000000001688e
2919500: system.cpu: T0 : 0x10666    : addiw a5, a5, 81           : IntAlu :  D=0x00000000000168df
2920000: system.cpu: T0 : 0x1066a    : c_addiw a5, 0              : IntAlu :  D=0x00000000000168df
2920500: system.cpu: T0 : 0x1066c    : c_mv a4, a5                : IntAlu :  D=0x00000000000168df
2921000: system.cpu: T0 : 0x1066e    : c_lui a5, 2                : IntAlu :  D=0x0000000000002000
2921500: system.cpu: T0 : 0x10670    : addiw a5, a5, -97          : IntAlu :  D=0x0000000000001f9f
2922000: system.cpu: T0 : 0x10674    : remw a5, a4, a5            : IntDiv :  D=0x0000000000000d0a
2922500: system.cpu: T0 : 0x10678    : addiw a4, a5, 0            : IntAlu :  D=0x0000000000000d0a
2923000: system.cpu: T0 : 0x1067c    : auipc a5, 96               : IntAlu :  D=0x000000000007067c
2923500: system.cpu: T0 : 0x10680    : ld a5, 396(a5)             : MemRead :  D=0x0000000000071988 A=0x70808
2924000: system.cpu: T0 : 0x10684    : c_sw a4, 0(a5)             : MemWrite :  D=0x0000000000000d0a A=0x71988
2925000: system.cpu: T0 : 0x10686    : auipc a5, 96               : IntAlu :  D=0x0000000000070686
2926000: system.cpu: T0 : 0x1068a    : ld a5, 386(a5)             : MemRead :  D=0x0000000000071988 A=0x70808
2926500: system.cpu: T0 : 0x1068e    : c_lw a5, 0(a5)             : MemRead :  D=0x0000000000000d0a A=0x71988
2927000: system.cpu: T0 : 0x10690    : c_mv a0, a5                : IntAlu :  D=0x0000000000000d0a
2927500: system.cpu: T0 : 0x10692    : c_ldsp s0, 8(sp)           : MemRead :  D=0x7ffffffffffffda0 A=0x7ffffffffffffd58
2928000: system.cpu: T0 : 0x10694    : c_addi sp, 16              : IntAlu :  D=0x7ffffffffffffd60
2928500: system.cpu: T0 : 0x10696    : c_jr ra                    : IntAlu : 
2929000: system.cpu: T0 : 0x104e4    : c_mv a5, a0                : IntAlu :  D=0x0000000000000d0a
2929500: system.cpu: T0 : 0x104e6    : c_mv a4, a5                : IntAlu :  D=0x0000000000000d0a
2930000: system.cpu: T0 : 0x104e8    : slli a5, s1, 2             : IntAlu :  D=0x0000000000000000
2930500: system.cpu: T0 : 0x104ec    : c_add a5, s3               : IntAlu :  D=0x00000000000719b8
2931000: system.cpu: T0 : 0x104ee    : c_sw a4, 0(a5)             : MemWrite :  D=0x0000000000000d0a A=0x719b8
2931500: system.cpu: T0 : 0x104f0    : addiw a5, s1, 1            : IntAlu :  D=0x0000000000000001
2932000: system.cpu: T0 : 0x104f4    : addiw s1, a5, 0            : IntAlu :  D=0x0000000000000001
2932500: system.cpu: T0 : 0x104f8    : c_mv a4, s1                : IntAlu :  D=0x0000000000000001
2933000: system.cpu: T0 : 0x104fa    : c_li a5, 9                 : IntAlu :  D=0x0000000000000009
2933500: system.cpu: T0 : 0x104fc    : bge a5, a4, -48            : IntAlu : 
2934000: system.cpu: T0 : 0x104cc    : c_mv a4, s2                : IntAlu :  D=0x0000000000000001
2934500: system.cpu: T0 : 0x104ce    : c_mv a5, a4                : IntAlu :  D=0x0000000000000001
2935000: system.cpu: T0 : 0x104d0    : c_slli a5, 2               : IntAlu :  D=0x0000000000000004
2935500: system.cpu: T0 : 0x104d2    : c_add a5, a4               : IntAlu :  D=0x0000000000000005
2936000: system.cpu: T0 : 0x104d4    : c_slli a5, 3               : IntAlu :  D=0x0000000000000028
2936500: system.cpu: T0 : 0x104d6    : c_mv a4, a5                : IntAlu :  D=0x0000000000000028
2937000: system.cpu: T0 : 0x104d8    : ld a5, -56(s0)             : MemRead :  D=0x0000000000071990 A=0x7ffffffffffffd68
2937500: system.cpu: T0 : 0x104dc    : add s3, a5, a4             : IntAlu :  D=0x00000000000719b8
2938000: system.cpu: T0 : 0x104e0    : jal ra, 356                : IntAlu :  D=0x00000000000104e4
2938500: system.cpu: T0 : 0x10644    : c_addi sp, -16             : IntAlu :  D=0x7ffffffffffffd50
2939000: system.cpu: T0 : 0x10646    : c_sdsp s0, 8(sp)           : MemWrite :  D=0x7ffffffffffffda0 A=0x7ffffffffffffd58
2939500: system.cpu: T0 : 0x10648    : c_addi4spn s0, sp, 16      : IntAlu :  D=0x7ffffffffffffd60
2940500: system.cpu: T0 : 0x1064a    : auipc a5, 96               : IntAlu :  D=0x000000000007064a
2941500: system.cpu: T0 : 0x1064e    : ld a5, 446(a5)             : MemRead :  D=0x0000000000071988 A=0x70808
2942000: system.cpu: T0 : 0x10652    : c_lw a5, 0(a5)             : MemRead :  D=0x0000000000000d0a A=0x71988
2942500: system.cpu: T0 : 0x10654    : c_mv a4, a5                : IntAlu :  D=0x0000000000000d0a
2943000: system.cpu: T0 : 0x10656    : c_mv a5, a4                : IntAlu :  D=0x0000000000000d0a
2943500: system.cpu: T0 : 0x10658    : slliw a5, a5, 5            : IntAlu :  D=0x000000000001a140
2944000: system.cpu: T0 : 0x1065c    : c_addw a5, a4              : IntAlu :  D=0x000000000001ae4a
2945000: system.cpu: T0 : 0x1065e    : slliw a5, a5, 2            : IntAlu :  D=0x000000000006b928
2945500: system.cpu: T0 : 0x10662    : c_addw a5, a4              : IntAlu :  D=0x000000000006c632
2946000: system.cpu: T0 : 0x10664    : c_addiw a5, 0              : IntAlu :  D=0x000000000006c632
2947000: system.cpu: T0 : 0x10666    : addiw a5, a5, 81           : IntAlu :  D=0x000000000006c683
2947500: system.cpu: T0 : 0x1066a    : c_addiw a5, 0              : IntAlu :  D=0x000000000006c683
2948000: system.cpu: T0 : 0x1066c    : c_mv a4, a5                : IntAlu :  D=0x000000000006c683
2948500: system.cpu: T0 : 0x1066e    : c_lui a5, 2                : IntAlu :  D=0x0000000000002000
2949000: system.cpu: T0 : 0x10670    : addiw a5, a5, -97          : IntAlu :  D=0x0000000000001f9f
2949500: system.cpu: T0 : 0x10674    : remw a5, a4, a5            : IntDiv :  D=0x0000000000001af9
2950000: system.cpu: T0 : 0x10678    : addiw a4, a5, 0            : IntAlu :  D=0x0000000000001af9
2950500: system.cpu: T0 : 0x1067c    : auipc a5, 96               : IntAlu :  D=0x000000000007067c
2951000: system.cpu: T0 : 0x10680    : ld a5, 396(a5)             : MemRead :  D=0x0000000000071988 A=0x70808
2951500: system.cpu: T0 : 0x10684    : c_sw a4, 0(a5)             : MemWrite :  D=0x0000000000001af9 A=0x71988
2952500: system.cpu: T0 : 0x10686    : auipc a5, 96               : IntAlu :  D=0x0000000000070686
2953500: system.cpu: T0 : 0x1068a    : ld a5, 386(a5)             : MemRead :  D=0x0000000000071988 A=0x70808
2954000: system.cpu: T0 : 0x1068e    : c_lw a5, 0(a5)             : MemRead :  D=0x0000000000001af9 A=0x71988
2954500: system.cpu: T0 : 0x10690    : c_mv a0, a5                : IntAlu :  D=0x0000000000001af9
2955000: system.cpu: T0 : 0x10692    : c_ldsp s0, 8(sp)           : MemRead :  D=0x7ffffffffffffda0 A=0x7ffffffffffffd58
2955500: system.cpu: T0 : 0x10694    : c_addi sp, 16              : IntAlu :  D=0x7ffffffffffffd60
2956000: system.cpu: T0 : 0x10696    : c_jr ra                    : IntAlu : 
2956500: system.cpu: T0 : 0x104e4    : c_mv a5, a0                : IntAlu :  D=0x0000000000001af9
2957000: system.cpu: T0 : 0x104e6    : c_mv a4, a5                : IntAlu :  D=0x0000000000001af9
2957500: system.cpu: T0 : 0x104e8    : slli a5, s1, 2             : IntAlu :  D=0x0000000000000004
2958000: system.cpu: T0 : 0x104ec    : c_add a5, s3               : IntAlu :  D=0x00000000000719bc
2958500: system.cpu: T0 : 0x104ee    : c_sw a4, 0(a5)             : MemWrite :  D=0x0000000000001af9 A=0x719bc
2959000: system.cpu: T0 : 0x104f0    : addiw a5, s1, 1            : IntAlu :  D=0x0000000000000002
2959500: system.cpu: T0 : 0x104f4    : addiw s1, a5, 0            : IntAlu :  D=0x0000000000000002
2960000: system.cpu: T0 : 0x104f8    : c_mv a4, s1                : IntAlu :  D=0x0000000000000002
2960500: system.cpu: T0 : 0x104fa    : c_li a5, 9                 : IntAlu :  D=0x0000000000000009
2961000: system.cpu: T0 : 0x104fc    : bge a5, a4, -48            : IntAlu : 
2961500: system.cpu: T0 : 0x104cc    : c_mv a4, s2                : IntAlu :  D=0x0000000000000001
2962000: system.cpu: T0 : 0x104ce    : c_mv a5, a4                : IntAlu :  D=0x0000000000000001
2962500: system.cpu: T0 : 0x104d0    : c_slli a5, 2               : IntAlu :  D=0x0000000000000004
2963000: system.cpu: T0 : 0x104d2    : c_add a5, a4               : IntAlu :  D=0x0000000000000005
2963500: system.cpu: T0 : 0x104d4    : c_slli a5, 3               : IntAlu :  D=0x0000000000000028
2964000: system.cpu: T0 : 0x104d6    : c_mv a4, a5                : IntAlu :  D=0x0000000000000028
2964500: system.cpu: T0 : 0x104d8    : ld a5, -56(s0)             : MemRead :  D=0x0000000000071990 A=0x7ffffffffffffd68
2965000: system.cpu: T0 : 0x104dc    : add s3, a5, a4             : IntAlu :  D=0x00000000000719b8
2965500: system.cpu: T0 : 0x104e0    : jal ra, 356                : IntAlu :  D=0x00000000000104e4
2966000: system.cpu: T0 : 0x10644    : c_addi sp, -16             : IntAlu :  D=0x7ffffffffffffd50
2966500: system.cpu: T0 : 0x10646    : c_sdsp s0, 8(sp)           : MemWrite :  D=0x7ffffffffffffda0 A=0x7ffffffffffffd58
2967000: system.cpu: T0 : 0x10648    : c_addi4spn s0, sp, 16      : IntAlu :  D=0x7ffffffffffffd60
2968000: system.cpu: T0 : 0x1064a    : auipc a5, 96               : IntAlu :  D=0x000000000007064a
2969000: system.cpu: T0 : 0x1064e    : ld a5, 446(a5)             : MemRead :  D=0x0000000000071988 A=0x70808
2969500: system.cpu: T0 : 0x10652    : c_lw a5, 0(a5)             : MemRead :  D=0x0000000000001af9 A=0x71988
2970000: system.cpu: T0 : 0x10654    : c_mv a4, a5                : IntAlu :  D=0x0000000000001af9
2970500: system.cpu: T0 : 0x10656    : c_mv a5, a4                : IntAlu :  D=0x0000000000001af9
2971000: system.cpu: T0 : 0x10658    : slliw a5, a5, 5            : IntAlu :  D=0x0000000000035f20
2971500: system.cpu: T0 : 0x1065c    : c_addw a5, a4              : IntAlu :  D=0x0000000000037a19
2972500: system.cpu: T0 : 0x1065e    : slliw a5, a5, 2            : IntAlu :  D=0x00000000000de864
2973000: system.cpu: T0 : 0x10662    : c_addw a5, a4              : IntAlu :  D=0x00000000000e035d
2973500: system.cpu: T0 : 0x10664    : c_addiw a5, 0              : IntAlu :  D=0x00000000000e035d
2974500: system.cpu: T0 : 0x10666    : addiw a5, a5, 81           : IntAlu :  D=0x00000000000e03ae
2975000: system.cpu: T0 : 0x1066a    : c_addiw a5, 0              : IntAlu :  D=0x00000000000e03ae
2975500: system.cpu: T0 : 0x1066c    : c_mv a4, a5                : IntAlu :  D=0x00000000000e03ae
2976000: system.cpu: T0 : 0x1066e    : c_lui a5, 2                : IntAlu :  D=0x0000000000002000
2976500: system.cpu: T0 : 0x10670    : addiw a5, a5, -97          : IntAlu :  D=0x0000000000001f9f
2977000: system.cpu: T0 : 0x10674    : remw a5, a4, a5            : IntDiv :  D=0x0000000000000e7f
2977500: system.cpu: T0 : 0x10678    : addiw a4, a5, 0            : IntAlu :  D=0x0000000000000e7f
2978000: system.cpu: T0 : 0x1067c    : auipc a5, 96               : IntAlu :  D=0x000000000007067c
2978500: system.cpu: T0 : 0x10680    : ld a5, 396(a5)             : MemRead :  D=0x0000000000071988 A=0x70808
2979000: system.cpu: T0 : 0x10684    : c_sw a4, 0(a5)             : MemWrite :  D=0x0000000000000e7f A=0x71988
2980000: system.cpu: T0 : 0x10686    : auipc a5, 96               : IntAlu :  D=0x0000000000070686
2981000: system.cpu: T0 : 0x1068a    : ld a5, 386(a5)             : MemRead :  D=0x0000000000071988 A=0x70808
2981500: system.cpu: T0 : 0x1068e    : c_lw a5, 0(a5)             : MemRead :  D=0x0000000000000e7f A=0x71988
2982000: system.cpu: T0 : 0x10690    : c_mv a0, a5                : IntAlu :  D=0x0000000000000e7f
2982500: system.cpu: T0 : 0x10692    : c_ldsp s0, 8(sp)           : MemRead :  D=0x7ffffffffffffda0 A=0x7ffffffffffffd58
2983000: system.cpu: T0 : 0x10694    : c_addi sp, 16              : IntAlu :  D=0x7ffffffffffffd60
2983500: system.cpu: T0 : 0x10696    : c_jr ra                    : IntAlu : 
2984000: system.cpu: T0 : 0x104e4    : c_mv a5, a0                : IntAlu :  D=0x0000000000000e7f
2984500: system.cpu: T0 : 0x104e6    : c_mv a4, a5                : IntAlu :  D=0x0000000000000e7f
2985000: system.cpu: T0 : 0x104e8    : slli a5, s1, 2             : IntAlu :  D=0x0000000000000008
2985500: system.cpu: T0 : 0x104ec    : c_add a5, s3               : IntAlu :  D=0x00000000000719c0
2986000: system.cpu: T0 : 0x104ee    : c_sw a4, 0(a5)             : MemWrite :  D=0x0000000000000e7f A=0x719c0
2986500: system.cpu: T0 : 0x104f0    : addiw a5, s1, 1            : IntAlu :  D=0x0000000000000003
2987000: system.cpu: T0 : 0x104f4    : addiw s1, a5, 0            : IntAlu :  D=0x0000000000000003
2987500: system.cpu: T0 : 0x104f8    : c_mv a4, s1                : IntAlu :  D=0x0000000000000003
2988000: system.cpu: T0 : 0x104fa    : c_li a5, 9                 : IntAlu :  D=0x0000000000000009
2988500: system.cpu: T0 : 0x104fc    : bge a5, a4, -48            : IntAlu : 
2989000: system.cpu: T0 : 0x104cc    : c_mv a4, s2                : IntAlu :  D=0x0000000000000001
2989500: system.cpu: T0 : 0x104ce    : c_mv a5, a4                : IntAlu :  D=0x0000000000000001
2990000: system.cpu: T0 : 0x104d0    : c_slli a5, 2               : IntAlu :  D=0x0000000000000004
2990500: system.cpu: T0 : 0x104d2    : c_add a5, a4               : IntAlu :  D=0x0000000000000005
2991000: system.cpu: T0 : 0x104d4    : c_slli a5, 3               : IntAlu :  D=0x0000000000000028
2991500: system.cpu: T0 : 0x104d6    : c_mv a4, a5                : IntAlu :  D=0x0000000000000028
2992000: system.cpu: T0 : 0x104d8    : ld a5, -56(s0)             : MemRead :  D=0x0000000000071990 A=0x7ffffffffffffd68
2992500: system.cpu: T0 : 0x104dc    : add s3, a5, a4             : IntAlu :  D=0x00000000000719b8
2993000: system.cpu: T0 : 0x104e0    : jal ra, 356                : IntAlu :  D=0x00000000000104e4
2993500: system.cpu: T0 : 0x10644    : c_addi sp, -16             : IntAlu :  D=0x7ffffffffffffd50
2994000: system.cpu: T0 : 0x10646    : c_sdsp s0, 8(sp)           : MemWrite :  D=0x7ffffffffffffda0 A=0x7ffffffffffffd58
2994500: system.cpu: T0 : 0x10648    : c_addi4spn s0, sp, 16      : IntAlu :  D=0x7ffffffffffffd60
2995500: system.cpu: T0 : 0x1064a    : auipc a5, 96               : IntAlu :  D=0x000000000007064a
2996500: system.cpu: T0 : 0x1064e    : ld a5, 446(a5)             : MemRead :  D=0x0000000000071988 A=0x70808
2997000: system.cpu: T0 : 0x10652    : c_lw a5, 0(a5)             : MemRead :  D=0x0000000000000e7f A=0x71988
2997500: system.cpu: T0 : 0x10654    : c_mv a4, a5                : IntAlu :  D=0x0000000000000e7f
2998000: system.cpu: T0 : 0x10656    : c_mv a5, a4                : IntAlu :  D=0x0000000000000e7f
2998500: system.cpu: T0 : 0x10658    : slliw a5, a5, 5            : IntAlu :  D=0x000000000001cfe0
2999000: system.cpu: T0 : 0x1065c    : c_addw a5, a4              : IntAlu :  D=0x000000000001de5f
3000000: system.cpu: T0 : 0x1065e    : slliw a5, a5, 2            : IntAlu :  D=0x000000000007797c
3000500: system.cpu: T0 : 0x10662    : c_addw a5, a4              : IntAlu :  D=0x00000000000787fb
3001000: system.cpu: T0 : 0x10664    : c_addiw a5, 0              : IntAlu :  D=0x00000000000787fb
3002000: system.cpu: T0 : 0x10666    : addiw a5, a5, 81           : IntAlu :  D=0x000000000007884c
3002500: system.cpu: T0 : 0x1066a    : c_addiw a5, 0              : IntAlu :  D=0x000000000007884c
3003000: system.cpu: T0 : 0x1066c    : c_mv a4, a5                : IntAlu :  D=0x000000000007884c
3003500: system.cpu: T0 : 0x1066e    : c_lui a5, 2                : IntAlu :  D=0x0000000000002000
3004000: system.cpu: T0 : 0x10670    : addiw a5, a5, -97          : IntAlu :  D=0x0000000000001f9f
3004500: system.cpu: T0 : 0x10674    : remw a5, a4, a5            : IntDiv :  D=0x0000000000001f08
3005000: system.cpu: T0 : 0x10678    : addiw a4, a5, 0            : IntAlu :  D=0x0000000000001f08
3005500: system.cpu: T0 : 0x1067c    : auipc a5, 96               : IntAlu :  D=0x000000000007067c
3006000: system.cpu: T0 : 0x10680    : ld a5, 396(a5)             : MemRead :  D=0x0000000000071988 A=0x70808
3006500: system.cpu: T0 : 0x10684    : c_sw a4, 0(a5)             : MemWrite :  D=0x0000000000001f08 A=0x71988
3007500: system.cpu: T0 : 0x10686    : auipc a5, 96               : IntAlu :  D=0x0000000000070686
3008500: system.cpu: T0 : 0x1068a    : ld a5, 386(a5)             : MemRead :  D=0x0000000000071988 A=0x70808
3009000: system.cpu: T0 : 0x1068e    : c_lw a5, 0(a5)             : MemRead :  D=0x0000000000001f08 A=0x71988
3009500: system.cpu: T0 : 0x10690    : c_mv a0, a5                : IntAlu :  D=0x0000000000001f08
3010000: system.cpu: T0 : 0x10692    : c_ldsp s0, 8(sp)           : MemRead :  D=0x7ffffffffffffda0 A=0x7ffffffffffffd58
3010500: system.cpu: T0 : 0x10694    : c_addi sp, 16              : IntAlu :  D=0x7ffffffffffffd60
3011000: system.cpu: T0 : 0x10696    : c_jr ra                    : IntAlu : 
3011500: system.cpu: T0 : 0x104e4    : c_mv a5, a0                : IntAlu :  D=0x0000000000001f08
3012000: system.cpu: T0 : 0x104e6    : c_mv a4, a5                : IntAlu :  D=0x0000000000001f08
3012500: system.cpu: T0 : 0x104e8    : slli a5, s1, 2             : IntAlu :  D=0x000000000000000c
3013000: system.cpu: T0 : 0x104ec    : c_add a5, s3               : IntAlu :  D=0x00000000000719c4
3013500: system.cpu: T0 : 0x104ee    : c_sw a4, 0(a5)             : MemWrite :  D=0x0000000000001f08 A=0x719c4
3014000: system.cpu: T0 : 0x104f0    : addiw a5, s1, 1            : IntAlu :  D=0x0000000000000004
3014500: system.cpu: T0 : 0x104f4    : addiw s1, a5, 0            : IntAlu :  D=0x0000000000000004
3015000: system.cpu: T0 : 0x104f8    : c_mv a4, s1                : IntAlu :  D=0x0000000000000004
3015500: system.cpu: T0 : 0x104fa    : c_li a5, 9                 : IntAlu :  D=0x0000000000000009
3016000: system.cpu: T0 : 0x104fc    : bge a5, a4, -48            : IntAlu : 
3016500: system.cpu: T0 : 0x104cc    : c_mv a4, s2                : IntAlu :  D=0x0000000000000001
3017000: system.cpu: T0 : 0x104ce    : c_mv a5, a4                : IntAlu :  D=0x0000000000000001
3017500: system.cpu: T0 : 0x104d0    : c_slli a5, 2               : IntAlu :  D=0x0000000000000004
3018000: system.cpu: T0 : 0x104d2    : c_add a5, a4               : IntAlu :  D=0x0000000000000005
3018500: system.cpu: T0 : 0x104d4    : c_slli a5, 3               : IntAlu :  D=0x0000000000000028
3019000: system.cpu: T0 : 0x104d6    : c_mv a4, a5                : IntAlu :  D=0x0000000000000028
3019500: system.cpu: T0 : 0x104d8    : ld a5, -56(s0)             : MemRead :  D=0x0000000000071990 A=0x7ffffffffffffd68
3020000: system.cpu: T0 : 0x104dc    : add s3, a5, a4             : IntAlu :  D=0x00000000000719b8
3020500: system.cpu: T0 : 0x104e0    : jal ra, 356                : IntAlu :  D=0x00000000000104e4
3021000: system.cpu: T0 : 0x10644    : c_addi sp, -16             : IntAlu :  D=0x7ffffffffffffd50
3021500: system.cpu: T0 : 0x10646    : c_sdsp s0, 8(sp)           : MemWrite :  D=0x7ffffffffffffda0 A=0x7ffffffffffffd58
3022000: system.cpu: T0 : 0x10648    : c_addi4spn s0, sp, 16      : IntAlu :  D=0x7ffffffffffffd60
3023000: system.cpu: T0 : 0x1064a    : auipc a5, 96               : IntAlu :  D=0x000000000007064a
3024000: system.cpu: T0 : 0x1064e    : ld a5, 446(a5)             : MemRead :  D=0x0000000000071988 A=0x70808
3024500: system.cpu: T0 : 0x10652    : c_lw a5, 0(a5)             : MemRead :  D=0x0000000000001f08 A=0x71988
3025000: system.cpu: T0 : 0x10654    : c_mv a4, a5                : IntAlu :  D=0x0000000000001f08
3025500: system.cpu: T0 : 0x10656    : c_mv a5, a4                : IntAlu :  D=0x0000000000001f08
3026000: system.cpu: T0 : 0x10658    : slliw a5, a5, 5            : IntAlu :  D=0x000000000003e100
3026500: system.cpu: T0 : 0x1065c    : c_addw a5, a4              : IntAlu :  D=0x0000000000040008
3027500: system.cpu: T0 : 0x1065e    : slliw a5, a5, 2            : IntAlu :  D=0x0000000000100020
3028000: system.cpu: T0 : 0x10662    : c_addw a5, a4              : IntAlu :  D=0x0000000000101f28
3028500: system.cpu: T0 : 0x10664    : c_addiw a5, 0              : IntAlu :  D=0x0000000000101f28
3029500: system.cpu: T0 : 0x10666    : addiw a5, a5, 81           : IntAlu :  D=0x0000000000101f79
3030000: system.cpu: T0 : 0x1066a    : c_addiw a5, 0              : IntAlu :  D=0x0000000000101f79
3030500: system.cpu: T0 : 0x1066c    : c_mv a4, a5                : IntAlu :  D=0x0000000000101f79
3031000: system.cpu: T0 : 0x1066e    : c_lui a5, 2                : IntAlu :  D=0x0000000000002000
3031500: system.cpu: T0 : 0x10670    : addiw a5, a5, -97          : IntAlu :  D=0x0000000000001f9f
3032000: system.cpu: T0 : 0x10674    : remw a5, a4, a5            : IntDiv :  D=0x00000000000010bb
3032500: system.cpu: T0 : 0x10678    : addiw a4, a5, 0            : IntAlu :  D=0x00000000000010bb
3033000: system.cpu: T0 : 0x1067c    : auipc a5, 96               : IntAlu :  D=0x000000000007067c
3033500: system.cpu: T0 : 0x10680    : ld a5, 396(a5)             : MemRead :  D=0x0000000000071988 A=0x70808
3034000: system.cpu: T0 : 0x10684    : c_sw a4, 0(a5)             : MemWrite :  D=0x00000000000010bb A=0x71988
3035000: system.cpu: T0 : 0x10686    : auipc a5, 96               : IntAlu :  D=0x0000000000070686
3036000: system.cpu: T0 : 0x1068a    : ld a5, 386(a5)             : MemRead :  D=0x0000000000071988 A=0x70808
3036500: system.cpu: T0 : 0x1068e    : c_lw a5, 0(a5)             : MemRead :  D=0x00000000000010bb A=0x71988
3037000: system.cpu: T0 : 0x10690    : c_mv a0, a5                : IntAlu :  D=0x00000000000010bb
3037500: system.cpu: T0 : 0x10692    : c_ldsp s0, 8(sp)           : MemRead :  D=0x7ffffffffffffda0 A=0x7ffffffffffffd58
3038000: system.cpu: T0 : 0x10694    : c_addi sp, 16              : IntAlu :  D=0x7ffffffffffffd60
3038500: system.cpu: T0 : 0x10696    : c_jr ra                    : IntAlu : 
3039000: system.cpu: T0 : 0x104e4    : c_mv a5, a0                : IntAlu :  D=0x00000000000010bb
3039500: system.cpu: T0 : 0x104e6    : c_mv a4, a5                : IntAlu :  D=0x00000000000010bb
3040000: system.cpu: T0 : 0x104e8    : slli a5, s1, 2             : IntAlu :  D=0x0000000000000010
3040500: system.cpu: T0 : 0x104ec    : c_add a5, s3               : IntAlu :  D=0x00000000000719c8
3041000: system.cpu: T0 : 0x104ee    : c_sw a4, 0(a5)             : MemWrite :  D=0x00000000000010bb A=0x719c8
3041500: system.cpu: T0 : 0x104f0    : addiw a5, s1, 1            : IntAlu :  D=0x0000000000000005
3042000: system.cpu: T0 : 0x104f4    : addiw s1, a5, 0            : IntAlu :  D=0x0000000000000005
3042500: system.cpu: T0 : 0x104f8    : c_mv a4, s1                : IntAlu :  D=0x0000000000000005
3043000: system.cpu: T0 : 0x104fa    : c_li a5, 9                 : IntAlu :  D=0x0000000000000009
3043500: system.cpu: T0 : 0x104fc    : bge a5, a4, -48            : IntAlu : 
3044000: system.cpu: T0 : 0x104cc    : c_mv a4, s2                : IntAlu :  D=0x0000000000000001
3044500: system.cpu: T0 : 0x104ce    : c_mv a5, a4                : IntAlu :  D=0x0000000000000001
3045000: system.cpu: T0 : 0x104d0    : c_slli a5, 2               : IntAlu :  D=0x0000000000000004
3045500: system.cpu: T0 : 0x104d2    : c_add a5, a4               : IntAlu :  D=0x0000000000000005
3046000: system.cpu: T0 : 0x104d4    : c_slli a5, 3               : IntAlu :  D=0x0000000000000028
3046500: system.cpu: T0 : 0x104d6    : c_mv a4, a5                : IntAlu :  D=0x0000000000000028
3047000: system.cpu: T0 : 0x104d8    : ld a5, -56(s0)             : MemRead :  D=0x0000000000071990 A=0x7ffffffffffffd68
3047500: system.cpu: T0 : 0x104dc    : add s3, a5, a4             : IntAlu :  D=0x00000000000719b8
3048000: system.cpu: T0 : 0x104e0    : jal ra, 356                : IntAlu :  D=0x00000000000104e4
3048500: system.cpu: T0 : 0x10644    : c_addi sp, -16             : IntAlu :  D=0x7ffffffffffffd50
3049000: system.cpu: T0 : 0x10646    : c_sdsp s0, 8(sp)           : MemWrite :  D=0x7ffffffffffffda0 A=0x7ffffffffffffd58
3049500: system.cpu: T0 : 0x10648    : c_addi4spn s0, sp, 16      : IntAlu :  D=0x7ffffffffffffd60
3050500: system.cpu: T0 : 0x1064a    : auipc a5, 96               : IntAlu :  D=0x000000000007064a
3051500: system.cpu: T0 : 0x1064e    : ld a5, 446(a5)             : MemRead :  D=0x0000000000071988 A=0x70808
3052000: system.cpu: T0 : 0x10652    : c_lw a5, 0(a5)             : MemRead :  D=0x00000000000010bb A=0x71988
3052500: system.cpu: T0 : 0x10654    : c_mv a4, a5                : IntAlu :  D=0x00000000000010bb
3053000: system.cpu: T0 : 0x10656    : c_mv a5, a4                : IntAlu :  D=0x00000000000010bb
3053500: system.cpu: T0 : 0x10658    : slliw a5, a5, 5            : IntAlu :  D=0x0000000000021760
3054000: system.cpu: T0 : 0x1065c    : c_addw a5, a4              : IntAlu :  D=0x000000000002281b
3055000: system.cpu: T0 : 0x1065e    : slliw a5, a5, 2            : IntAlu :  D=0x000000000008a06c
3055500: system.cpu: T0 : 0x10662    : c_addw a5, a4              : IntAlu :  D=0x000000000008b127
3056000: system.cpu: T0 : 0x10664    : c_addiw a5, 0              : IntAlu :  D=0x000000000008b127
3057000: system.cpu: T0 : 0x10666    : addiw a5, a5, 81           : IntAlu :  D=0x000000000008b178
3057500: system.cpu: T0 : 0x1066a    : c_addiw a5, 0              : IntAlu :  D=0x000000000008b178
3058000: system.cpu: T0 : 0x1066c    : c_mv a4, a5                : IntAlu :  D=0x000000000008b178
3058500: system.cpu: T0 : 0x1066e    : c_lui a5, 2                : IntAlu :  D=0x0000000000002000
3059000: system.cpu: T0 : 0x10670    : addiw a5, a5, -97          : IntAlu :  D=0x0000000000001f9f
3059500: system.cpu: T0 : 0x10674    : remw a5, a4, a5            : IntDiv :  D=0x0000000000000bfe
3060000: system.cpu: T0 : 0x10678    : addiw a4, a5, 0            : IntAlu :  D=0x0000000000000bfe
3060500: system.cpu: T0 : 0x1067c    : auipc a5, 96               : IntAlu :  D=0x000000000007067c
3061000: system.cpu: T0 : 0x10680    : ld a5, 396(a5)             : MemRead :  D=0x0000000000071988 A=0x70808
3061500: system.cpu: T0 : 0x10684    : c_sw a4, 0(a5)             : MemWrite :  D=0x0000000000000bfe A=0x71988
3062500: system.cpu: T0 : 0x10686    : auipc a5, 96               : IntAlu :  D=0x0000000000070686
3063500: system.cpu: T0 : 0x1068a    : ld a5, 386(a5)             : MemRead :  D=0x0000000000071988 A=0x70808
3064000: system.cpu: T0 : 0x1068e    : c_lw a5, 0(a5)             : MemRead :  D=0x0000000000000bfe A=0x71988
3064500: system.cpu: T0 : 0x10690    : c_mv a0, a5                : IntAlu :  D=0x0000000000000bfe
3065000: system.cpu: T0 : 0x10692    : c_ldsp s0, 8(sp)           : MemRead :  D=0x7ffffffffffffda0 A=0x7ffffffffffffd58
3065500: system.cpu: T0 : 0x10694    : c_addi sp, 16              : IntAlu :  D=0x7ffffffffffffd60
3066000: system.cpu: T0 : 0x10696    : c_jr ra                    : IntAlu : 
3066500: system.cpu: T0 : 0x104e4    : c_mv a5, a0                : IntAlu :  D=0x0000000000000bfe
3067000: system.cpu: T0 : 0x104e6    : c_mv a4, a5                : IntAlu :  D=0x0000000000000bfe
3067500: system.cpu: T0 : 0x104e8    : slli a5, s1, 2             : IntAlu :  D=0x0000000000000014
3068000: system.cpu: T0 : 0x104ec    : c_add a5, s3               : IntAlu :  D=0x00000000000719cc
3068500: system.cpu: T0 : 0x104ee    : c_sw a4, 0(a5)             : MemWrite :  D=0x0000000000000bfe A=0x719cc
3069000: system.cpu: T0 : 0x104f0    : addiw a5, s1, 1            : IntAlu :  D=0x0000000000000006
3069500: system.cpu: T0 : 0x104f4    : addiw s1, a5, 0            : IntAlu :  D=0x0000000000000006
3070000: system.cpu: T0 : 0x104f8    : c_mv a4, s1                : IntAlu :  D=0x0000000000000006
3070500: system.cpu: T0 : 0x104fa    : c_li a5, 9                 : IntAlu :  D=0x0000000000000009
3071000: system.cpu: T0 : 0x104fc    : bge a5, a4, -48            : IntAlu : 
3071500: system.cpu: T0 : 0x104cc    : c_mv a4, s2                : IntAlu :  D=0x0000000000000001
3072000: system.cpu: T0 : 0x104ce    : c_mv a5, a4                : IntAlu :  D=0x0000000000000001
3072500: system.cpu: T0 : 0x104d0    : c_slli a5, 2               : IntAlu :  D=0x0000000000000004
3073000: system.cpu: T0 : 0x104d2    : c_add a5, a4               : IntAlu :  D=0x0000000000000005
3073500: system.cpu: T0 : 0x104d4    : c_slli a5, 3               : IntAlu :  D=0x0000000000000028
3074000: system.cpu: T0 : 0x104d6    : c_mv a4, a5                : IntAlu :  D=0x0000000000000028
3074500: system.cpu: T0 : 0x104d8    : ld a5, -56(s0)             : MemRead :  D=0x0000000000071990 A=0x7ffffffffffffd68
3075000: system.cpu: T0 : 0x104dc    : add s3, a5, a4             : IntAlu :  D=0x00000000000719b8
3075500: system.cpu: T0 : 0x104e0    : jal ra, 356                : IntAlu :  D=0x00000000000104e4
3076000: system.cpu: T0 : 0x10644    : c_addi sp, -16             : IntAlu :  D=0x7ffffffffffffd50
3076500: system.cpu: T0 : 0x10646    : c_sdsp s0, 8(sp)           : MemWrite :  D=0x7ffffffffffffda0 A=0x7ffffffffffffd58
3077000: system.cpu: T0 : 0x10648    : c_addi4spn s0, sp, 16      : IntAlu :  D=0x7ffffffffffffd60
3078000: system.cpu: T0 : 0x1064a    : auipc a5, 96               : IntAlu :  D=0x000000000007064a
3079000: system.cpu: T0 : 0x1064e    : ld a5, 446(a5)             : MemRead :  D=0x0000000000071988 A=0x70808
3079500: system.cpu: T0 : 0x10652    : c_lw a5, 0(a5)             : MemRead :  D=0x0000000000000bfe A=0x71988
3080000: system.cpu: T0 : 0x10654    : c_mv a4, a5                : IntAlu :  D=0x0000000000000bfe
3080500: system.cpu: T0 : 0x10656    : c_mv a5, a4                : IntAlu :  D=0x0000000000000bfe
3081000: system.cpu: T0 : 0x10658    : slliw a5, a5, 5            : IntAlu :  D=0x0000000000017fc0
3081500: system.cpu: T0 : 0x1065c    : c_addw a5, a4              : IntAlu :  D=0x0000000000018bbe
3082500: system.cpu: T0 : 0x1065e    : slliw a5, a5, 2            : IntAlu :  D=0x0000000000062ef8
3083000: system.cpu: T0 : 0x10662    : c_addw a5, a4              : IntAlu :  D=0x0000000000063af6
3083500: system.cpu: T0 : 0x10664    : c_addiw a5, 0              : IntAlu :  D=0x0000000000063af6
3084500: system.cpu: T0 : 0x10666    : addiw a5, a5, 81           : IntAlu :  D=0x0000000000063b47
3085000: system.cpu: T0 : 0x1066a    : c_addiw a5, 0              : IntAlu :  D=0x0000000000063b47
3085500: system.cpu: T0 : 0x1066c    : c_mv a4, a5                : IntAlu :  D=0x0000000000063b47
3086000: system.cpu: T0 : 0x1066e    : c_lui a5, 2                : IntAlu :  D=0x0000000000002000
3086500: system.cpu: T0 : 0x10670    : addiw a5, a5, -97          : IntAlu :  D=0x0000000000001f9f
3087000: system.cpu: T0 : 0x10674    : remw a5, a4, a5            : IntDiv :  D=0x0000000000000e39
3087500: system.cpu: T0 : 0x10678    : addiw a4, a5, 0            : IntAlu :  D=0x0000000000000e39
3088000: system.cpu: T0 : 0x1067c    : auipc a5, 96               : IntAlu :  D=0x000000000007067c
3088500: system.cpu: T0 : 0x10680    : ld a5, 396(a5)             : MemRead :  D=0x0000000000071988 A=0x70808
3089000: system.cpu: T0 : 0x10684    : c_sw a4, 0(a5)             : MemWrite :  D=0x0000000000000e39 A=0x71988
3090000: system.cpu: T0 : 0x10686    : auipc a5, 96               : IntAlu :  D=0x0000000000070686
3091000: system.cpu: T0 : 0x1068a    : ld a5, 386(a5)             : MemRead :  D=0x0000000000071988 A=0x70808
3091500: system.cpu: T0 : 0x1068e    : c_lw a5, 0(a5)             : MemRead :  D=0x0000000000000e39 A=0x71988
3092000: system.cpu: T0 : 0x10690    : c_mv a0, a5                : IntAlu :  D=0x0000000000000e39
3092500: system.cpu: T0 : 0x10692    : c_ldsp s0, 8(sp)           : MemRead :  D=0x7ffffffffffffda0 A=0x7ffffffffffffd58
3093000: system.cpu: T0 : 0x10694    : c_addi sp, 16              : IntAlu :  D=0x7ffffffffffffd60
3093500: system.cpu: T0 : 0x10696    : c_jr ra                    : IntAlu : 
3094000: system.cpu: T0 : 0x104e4    : c_mv a5, a0                : IntAlu :  D=0x0000000000000e39
3094500: system.cpu: T0 : 0x104e6    : c_mv a4, a5                : IntAlu :  D=0x0000000000000e39
3095000: system.cpu: T0 : 0x104e8    : slli a5, s1, 2             : IntAlu :  D=0x0000000000000018
3095500: system.cpu: T0 : 0x104ec    : c_add a5, s3               : IntAlu :  D=0x00000000000719d0
3096000: system.cpu: T0 : 0x104ee    : c_sw a4, 0(a5)             : MemWrite :  D=0x0000000000000e39 A=0x719d0
3096500: system.cpu: T0 : 0x104f0    : addiw a5, s1, 1            : IntAlu :  D=0x0000000000000007
3097000: system.cpu: T0 : 0x104f4    : addiw s1, a5, 0            : IntAlu :  D=0x0000000000000007
3097500: system.cpu: T0 : 0x104f8    : c_mv a4, s1                : IntAlu :  D=0x0000000000000007
3098000: system.cpu: T0 : 0x104fa    : c_li a5, 9                 : IntAlu :  D=0x0000000000000009
3098500: system.cpu: T0 : 0x104fc    : bge a5, a4, -48            : IntAlu : 
3099000: system.cpu: T0 : 0x104cc    : c_mv a4, s2                : IntAlu :  D=0x0000000000000001
3099500: system.cpu: T0 : 0x104ce    : c_mv a5, a4                : IntAlu :  D=0x0000000000000001
3100000: system.cpu: T0 : 0x104d0    : c_slli a5, 2               : IntAlu :  D=0x0000000000000004
3100500: system.cpu: T0 : 0x104d2    : c_add a5, a4               : IntAlu :  D=0x0000000000000005
3101000: system.cpu: T0 : 0x104d4    : c_slli a5, 3               : IntAlu :  D=0x0000000000000028
3101500: system.cpu: T0 : 0x104d6    : c_mv a4, a5                : IntAlu :  D=0x0000000000000028
3102000: system.cpu: T0 : 0x104d8    : ld a5, -56(s0)             : MemRead :  D=0x0000000000071990 A=0x7ffffffffffffd68
3102500: system.cpu: T0 : 0x104dc    : add s3, a5, a4             : IntAlu :  D=0x00000000000719b8
3103000: system.cpu: T0 : 0x104e0    : jal ra, 356                : IntAlu :  D=0x00000000000104e4
3103500: system.cpu: T0 : 0x10644    : c_addi sp, -16             : IntAlu :  D=0x7ffffffffffffd50
3104000: system.cpu: T0 : 0x10646    : c_sdsp s0, 8(sp)           : MemWrite :  D=0x7ffffffffffffda0 A=0x7ffffffffffffd58
3104500: system.cpu: T0 : 0x10648    : c_addi4spn s0, sp, 16      : IntAlu :  D=0x7ffffffffffffd60
3105500: system.cpu: T0 : 0x1064a    : auipc a5, 96               : IntAlu :  D=0x000000000007064a
3106500: system.cpu: T0 : 0x1064e    : ld a5, 446(a5)             : MemRead :  D=0x0000000000071988 A=0x70808
3107000: system.cpu: T0 : 0x10652    : c_lw a5, 0(a5)             : MemRead :  D=0x0000000000000e39 A=0x71988
3107500: system.cpu: T0 : 0x10654    : c_mv a4, a5                : IntAlu :  D=0x0000000000000e39
3108000: system.cpu: T0 : 0x10656    : c_mv a5, a4                : IntAlu :  D=0x0000000000000e39
3108500: system.cpu: T0 : 0x10658    : slliw a5, a5, 5            : IntAlu :  D=0x000000000001c720
3109000: system.cpu: T0 : 0x1065c    : c_addw a5, a4              : IntAlu :  D=0x000000000001d559
3110000: system.cpu: T0 : 0x1065e    : slliw a5, a5, 2            : IntAlu :  D=0x0000000000075564
3110500: system.cpu: T0 : 0x10662    : c_addw a5, a4              : IntAlu :  D=0x000000000007639d
3111000: system.cpu: T0 : 0x10664    : c_addiw a5, 0              : IntAlu :  D=0x000000000007639d
3112000: system.cpu: T0 : 0x10666    : addiw a5, a5, 81           : IntAlu :  D=0x00000000000763ee
3112500: system.cpu: T0 : 0x1066a    : c_addiw a5, 0              : IntAlu :  D=0x00000000000763ee
3113000: system.cpu: T0 : 0x1066c    : c_mv a4, a5                : IntAlu :  D=0x00000000000763ee
3113500: system.cpu: T0 : 0x1066e    : c_lui a5, 2                : IntAlu :  D=0x0000000000002000
3114000: system.cpu: T0 : 0x10670    : addiw a5, a5, -97          : IntAlu :  D=0x0000000000001f9f
3114500: system.cpu: T0 : 0x10674    : remw a5, a4, a5            : IntDiv :  D=0x0000000000001a49
3115000: system.cpu: T0 : 0x10678    : addiw a4, a5, 0            : IntAlu :  D=0x0000000000001a49
3115500: system.cpu: T0 : 0x1067c    : auipc a5, 96               : IntAlu :  D=0x000000000007067c
3116000: system.cpu: T0 : 0x10680    : ld a5, 396(a5)             : MemRead :  D=0x0000000000071988 A=0x70808
3116500: system.cpu: T0 : 0x10684    : c_sw a4, 0(a5)             : MemWrite :  D=0x0000000000001a49 A=0x71988
3117500: system.cpu: T0 : 0x10686    : auipc a5, 96               : IntAlu :  D=0x0000000000070686
3118500: system.cpu: T0 : 0x1068a    : ld a5, 386(a5)             : MemRead :  D=0x0000000000071988 A=0x70808
3119000: system.cpu: T0 : 0x1068e    : c_lw a5, 0(a5)             : MemRead :  D=0x0000000000001a49 A=0x71988
3119500: system.cpu: T0 : 0x10690    : c_mv a0, a5                : IntAlu :  D=0x0000000000001a49
3120000: system.cpu: T0 : 0x10692    : c_ldsp s0, 8(sp)           : MemRead :  D=0x7ffffffffffffda0 A=0x7ffffffffffffd58
3120500: system.cpu: T0 : 0x10694    : c_addi sp, 16              : IntAlu :  D=0x7ffffffffffffd60
3121000: system.cpu: T0 : 0x10696    : c_jr ra                    : IntAlu : 
3121500: system.cpu: T0 : 0x104e4    : c_mv a5, a0                : IntAlu :  D=0x0000000000001a49
3122000: system.cpu: T0 : 0x104e6    : c_mv a4, a5                : IntAlu :  D=0x0000000000001a49
3122500: system.cpu: T0 : 0x104e8    : slli a5, s1, 2             : IntAlu :  D=0x000000000000001c
3123000: system.cpu: T0 : 0x104ec    : c_add a5, s3               : IntAlu :  D=0x00000000000719d4
3123500: system.cpu: T0 : 0x104ee    : c_sw a4, 0(a5)             : MemWrite :  D=0x0000000000001a49 A=0x719d4
3124000: system.cpu: T0 : 0x104f0    : addiw a5, s1, 1            : IntAlu :  D=0x0000000000000008
3124500: system.cpu: T0 : 0x104f4    : addiw s1, a5, 0            : IntAlu :  D=0x0000000000000008
3125000: system.cpu: T0 : 0x104f8    : c_mv a4, s1                : IntAlu :  D=0x0000000000000008
3125500: system.cpu: T0 : 0x104fa    : c_li a5, 9                 : IntAlu :  D=0x0000000000000009
3126000: system.cpu: T0 : 0x104fc    : bge a5, a4, -48            : IntAlu : 
3126500: system.cpu: T0 : 0x104cc    : c_mv a4, s2                : IntAlu :  D=0x0000000000000001
3127000: system.cpu: T0 : 0x104ce    : c_mv a5, a4                : IntAlu :  D=0x0000000000000001
3127500: system.cpu: T0 : 0x104d0    : c_slli a5, 2               : IntAlu :  D=0x0000000000000004
3128000: system.cpu: T0 : 0x104d2    : c_add a5, a4               : IntAlu :  D=0x0000000000000005
3128500: system.cpu: T0 : 0x104d4    : c_slli a5, 3               : IntAlu :  D=0x0000000000000028
3129000: system.cpu: T0 : 0x104d6    : c_mv a4, a5                : IntAlu :  D=0x0000000000000028
3129500: system.cpu: T0 : 0x104d8    : ld a5, -56(s0)             : MemRead :  D=0x0000000000071990 A=0x7ffffffffffffd68
3130000: system.cpu: T0 : 0x104dc    : add s3, a5, a4             : IntAlu :  D=0x00000000000719b8
3130500: system.cpu: T0 : 0x104e0    : jal ra, 356                : IntAlu :  D=0x00000000000104e4
3131000: system.cpu: T0 : 0x10644    : c_addi sp, -16             : IntAlu :  D=0x7ffffffffffffd50
3131500: system.cpu: T0 : 0x10646    : c_sdsp s0, 8(sp)           : MemWrite :  D=0x7ffffffffffffda0 A=0x7ffffffffffffd58
3132000: system.cpu: T0 : 0x10648    : c_addi4spn s0, sp, 16      : IntAlu :  D=0x7ffffffffffffd60
3133000: system.cpu: T0 : 0x1064a    : auipc a5, 96               : IntAlu :  D=0x000000000007064a
3134000: system.cpu: T0 : 0x1064e    : ld a5, 446(a5)             : MemRead :  D=0x0000000000071988 A=0x70808
3134500: system.cpu: T0 : 0x10652    : c_lw a5, 0(a5)             : MemRead :  D=0x0000000000001a49 A=0x71988
3135000: system.cpu: T0 : 0x10654    : c_mv a4, a5                : IntAlu :  D=0x0000000000001a49
3135500: system.cpu: T0 : 0x10656    : c_mv a5, a4                : IntAlu :  D=0x0000000000001a49
3136000: system.cpu: T0 : 0x10658    : slliw a5, a5, 5            : IntAlu :  D=0x0000000000034920
3136500: system.cpu: T0 : 0x1065c    : c_addw a5, a4              : IntAlu :  D=0x0000000000036369
3137500: system.cpu: T0 : 0x1065e    : slliw a5, a5, 2            : IntAlu :  D=0x00000000000d8da4
3138000: system.cpu: T0 : 0x10662    : c_addw a5, a4              : IntAlu :  D=0x00000000000da7ed
3138500: system.cpu: T0 : 0x10664    : c_addiw a5, 0              : IntAlu :  D=0x00000000000da7ed
3139500: system.cpu: T0 : 0x10666    : addiw a5, a5, 81           : IntAlu :  D=0x00000000000da83e
3140000: system.cpu: T0 : 0x1066a    : c_addiw a5, 0              : IntAlu :  D=0x00000000000da83e
3140500: system.cpu: T0 : 0x1066c    : c_mv a4, a5                : IntAlu :  D=0x00000000000da83e
3141000: system.cpu: T0 : 0x1066e    : c_lui a5, 2                : IntAlu :  D=0x0000000000002000
3141500: system.cpu: T0 : 0x10670    : addiw a5, a5, -97          : IntAlu :  D=0x0000000000001f9f
3142000: system.cpu: T0 : 0x10674    : remw a5, a4, a5            : IntDiv :  D=0x00000000000011ec
3142500: system.cpu: T0 : 0x10678    : addiw a4, a5, 0            : IntAlu :  D=0x00000000000011ec
3143000: system.cpu: T0 : 0x1067c    : auipc a5, 96               : IntAlu :  D=0x000000000007067c
3143500: system.cpu: T0 : 0x10680    : ld a5, 396(a5)             : MemRead :  D=0x0000000000071988 A=0x70808
3144000: system.cpu: T0 : 0x10684    : c_sw a4, 0(a5)             : MemWrite :  D=0x00000000000011ec A=0x71988
3145000: system.cpu: T0 : 0x10686    : auipc a5, 96               : IntAlu :  D=0x0000000000070686
3146000: system.cpu: T0 : 0x1068a    : ld a5, 386(a5)             : MemRead :  D=0x0000000000071988 A=0x70808
3146500: system.cpu: T0 : 0x1068e    : c_lw a5, 0(a5)             : MemRead :  D=0x00000000000011ec A=0x71988
3147000: system.cpu: T0 : 0x10690    : c_mv a0, a5                : IntAlu :  D=0x00000000000011ec
3147500: system.cpu: T0 : 0x10692    : c_ldsp s0, 8(sp)           : MemRead :  D=0x7ffffffffffffda0 A=0x7ffffffffffffd58
3148000: system.cpu: T0 : 0x10694    : c_addi sp, 16              : IntAlu :  D=0x7ffffffffffffd60
3148500: system.cpu: T0 : 0x10696    : c_jr ra                    : IntAlu : 
3149000: system.cpu: T0 : 0x104e4    : c_mv a5, a0                : IntAlu :  D=0x00000000000011ec
3149500: system.cpu: T0 : 0x104e6    : c_mv a4, a5                : IntAlu :  D=0x00000000000011ec
3150000: system.cpu: T0 : 0x104e8    : slli a5, s1, 2             : IntAlu :  D=0x0000000000000020
3150500: system.cpu: T0 : 0x104ec    : c_add a5, s3               : IntAlu :  D=0x00000000000719d8
3151000: system.cpu: T0 : 0x104ee    : c_sw a4, 0(a5)             : MemWrite :  D=0x00000000000011ec A=0x719d8
3151500: system.cpu: T0 : 0x104f0    : addiw a5, s1, 1            : IntAlu :  D=0x0000000000000009
3152000: system.cpu: T0 : 0x104f4    : addiw s1, a5, 0            : IntAlu :  D=0x0000000000000009
3152500: system.cpu: T0 : 0x104f8    : c_mv a4, s1                : IntAlu :  D=0x0000000000000009
3153000: system.cpu: T0 : 0x104fa    : c_li a5, 9                 : IntAlu :  D=0x0000000000000009
3153500: system.cpu: T0 : 0x104fc    : bge a5, a4, -48            : IntAlu : 
3154000: system.cpu: T0 : 0x104cc    : c_mv a4, s2                : IntAlu :  D=0x0000000000000001
3154500: system.cpu: T0 : 0x104ce    : c_mv a5, a4                : IntAlu :  D=0x0000000000000001
3155000: system.cpu: T0 : 0x104d0    : c_slli a5, 2               : IntAlu :  D=0x0000000000000004
3155500: system.cpu: T0 : 0x104d2    : c_add a5, a4               : IntAlu :  D=0x0000000000000005
3156000: system.cpu: T0 : 0x104d4    : c_slli a5, 3               : IntAlu :  D=0x0000000000000028
3156500: system.cpu: T0 : 0x104d6    : c_mv a4, a5                : IntAlu :  D=0x0000000000000028
3157000: system.cpu: T0 : 0x104d8    : ld a5, -56(s0)             : MemRead :  D=0x0000000000071990 A=0x7ffffffffffffd68
3157500: system.cpu: T0 : 0x104dc    : add s3, a5, a4             : IntAlu :  D=0x00000000000719b8
3158000: system.cpu: T0 : 0x104e0    : jal ra, 356                : IntAlu :  D=0x00000000000104e4
3158500: system.cpu: T0 : 0x10644    : c_addi sp, -16             : IntAlu :  D=0x7ffffffffffffd50
3159000: system.cpu: T0 : 0x10646    : c_sdsp s0, 8(sp)           : MemWrite :  D=0x7ffffffffffffda0 A=0x7ffffffffffffd58
3159500: system.cpu: T0 : 0x10648    : c_addi4spn s0, sp, 16      : IntAlu :  D=0x7ffffffffffffd60
3160500: system.cpu: T0 : 0x1064a    : auipc a5, 96               : IntAlu :  D=0x000000000007064a
3161500: system.cpu: T0 : 0x1064e    : ld a5, 446(a5)             : MemRead :  D=0x0000000000071988 A=0x70808
3162000: system.cpu: T0 : 0x10652    : c_lw a5, 0(a5)             : MemRead :  D=0x00000000000011ec A=0x71988
3162500: system.cpu: T0 : 0x10654    : c_mv a4, a5                : IntAlu :  D=0x00000000000011ec
3163000: system.cpu: T0 : 0x10656    : c_mv a5, a4                : IntAlu :  D=0x00000000000011ec
3163500: system.cpu: T0 : 0x10658    : slliw a5, a5, 5            : IntAlu :  D=0x0000000000023d80
3164000: system.cpu: T0 : 0x1065c    : c_addw a5, a4              : IntAlu :  D=0x0000000000024f6c
3165000: system.cpu: T0 : 0x1065e    : slliw a5, a5, 2            : IntAlu :  D=0x0000000000093db0
3165500: system.cpu: T0 : 0x10662    : c_addw a5, a4              : IntAlu :  D=0x0000000000094f9c
3166000: system.cpu: T0 : 0x10664    : c_addiw a5, 0              : IntAlu :  D=0x0000000000094f9c
3167000: system.cpu: T0 : 0x10666    : addiw a5, a5, 81           : IntAlu :  D=0x0000000000094fed
3167500: system.cpu: T0 : 0x1066a    : c_addiw a5, 0              : IntAlu :  D=0x0000000000094fed
3168000: system.cpu: T0 : 0x1066c    : c_mv a4, a5                : IntAlu :  D=0x0000000000094fed
3168500: system.cpu: T0 : 0x1066e    : c_lui a5, 2                : IntAlu :  D=0x0000000000002000
3169000: system.cpu: T0 : 0x10670    : addiw a5, a5, -97          : IntAlu :  D=0x0000000000001f9f
3169500: system.cpu: T0 : 0x10674    : remw a5, a4, a5            : IntDiv :  D=0x0000000000000c58
3170000: system.cpu: T0 : 0x10678    : addiw a4, a5, 0            : IntAlu :  D=0x0000000000000c58
3170500: system.cpu: T0 : 0x1067c    : auipc a5, 96               : IntAlu :  D=0x000000000007067c
3171000: system.cpu: T0 : 0x10680    : ld a5, 396(a5)             : MemRead :  D=0x0000000000071988 A=0x70808
3171500: system.cpu: T0 : 0x10684    : c_sw a4, 0(a5)             : MemWrite :  D=0x0000000000000c58 A=0x71988
3172500: system.cpu: T0 : 0x10686    : auipc a5, 96               : IntAlu :  D=0x0000000000070686
3173500: system.cpu: T0 : 0x1068a    : ld a5, 386(a5)             : MemRead :  D=0x0000000000071988 A=0x70808
3174000: system.cpu: T0 : 0x1068e    : c_lw a5, 0(a5)             : MemRead :  D=0x0000000000000c58 A=0x71988
3174500: system.cpu: T0 : 0x10690    : c_mv a0, a5                : IntAlu :  D=0x0000000000000c58
3175000: system.cpu: T0 : 0x10692    : c_ldsp s0, 8(sp)           : MemRead :  D=0x7ffffffffffffda0 A=0x7ffffffffffffd58
3175500: system.cpu: T0 : 0x10694    : c_addi sp, 16              : IntAlu :  D=0x7ffffffffffffd60
3176000: system.cpu: T0 : 0x10696    : c_jr ra                    : IntAlu : 
3176500: system.cpu: T0 : 0x104e4    : c_mv a5, a0                : IntAlu :  D=0x0000000000000c58
3177000: system.cpu: T0 : 0x104e6    : c_mv a4, a5                : IntAlu :  D=0x0000000000000c58
3177500: system.cpu: T0 : 0x104e8    : slli a5, s1, 2             : IntAlu :  D=0x0000000000000024
3178000: system.cpu: T0 : 0x104ec    : c_add a5, s3               : IntAlu :  D=0x00000000000719dc
3178500: system.cpu: T0 : 0x104ee    : c_sw a4, 0(a5)             : MemWrite :  D=0x0000000000000c58 A=0x719dc
3179000: system.cpu: T0 : 0x104f0    : addiw a5, s1, 1            : IntAlu :  D=0x000000000000000a
3179500: system.cpu: T0 : 0x104f4    : addiw s1, a5, 0            : IntAlu :  D=0x000000000000000a
3180000: system.cpu: T0 : 0x104f8    : c_mv a4, s1                : IntAlu :  D=0x000000000000000a
3180500: system.cpu: T0 : 0x104fa    : c_li a5, 9                 : IntAlu :  D=0x0000000000000009
3181000: system.cpu: T0 : 0x104fc    : bge a5, a4, -48            : IntAlu : 
3181500: system.cpu: T0 : 0x10500    : addiw a5, s2, 1            : IntAlu :  D=0x0000000000000002
3182000: system.cpu: T0 : 0x10504    : addiw s2, a5, 0            : IntAlu :  D=0x0000000000000002
3182500: system.cpu: T0 : 0x10508    : c_mv a4, s2                : IntAlu :  D=0x0000000000000002
3183000: system.cpu: T0 : 0x1050a    : c_li a5, 9                 : IntAlu :  D=0x0000000000000009
3183500: system.cpu: T0 : 0x1050c    : bge a5, a4, -68            : IntAlu : 
3184000: system.cpu: T0 : 0x104c8    : c_li s1, 0                 : IntAlu :  D=0x0000000000000000
3184500: system.cpu: T0 : 0x104ca    : c_j 46                     : IntAlu : 
3185000: system.cpu: T0 : 0x104f8    : c_mv a4, s1                : IntAlu :  D=0x0000000000000000
3185500: system.cpu: T0 : 0x104fa    : c_li a5, 9                 : IntAlu :  D=0x0000000000000009
3186000: system.cpu: T0 : 0x104fc    : bge a5, a4, -48            : IntAlu : 
3186500: system.cpu: T0 : 0x104cc    : c_mv a4, s2                : IntAlu :  D=0x0000000000000002
3187000: system.cpu: T0 : 0x104ce    : c_mv a5, a4                : IntAlu :  D=0x0000000000000002
3187500: system.cpu: T0 : 0x104d0    : c_slli a5, 2               : IntAlu :  D=0x0000000000000008
3188000: system.cpu: T0 : 0x104d2    : c_add a5, a4               : IntAlu :  D=0x000000000000000a
3188500: system.cpu: T0 : 0x104d4    : c_slli a5, 3               : IntAlu :  D=0x0000000000000050
3189000: system.cpu: T0 : 0x104d6    : c_mv a4, a5                : IntAlu :  D=0x0000000000000050
3189500: system.cpu: T0 : 0x104d8    : ld a5, -56(s0)             : MemRead :  D=0x0000000000071990 A=0x7ffffffffffffd68
3190000: system.cpu: T0 : 0x104dc    : add s3, a5, a4             : IntAlu :  D=0x00000000000719e0
3190500: system.cpu: T0 : 0x104e0    : jal ra, 356                : IntAlu :  D=0x00000000000104e4
3191000: system.cpu: T0 : 0x10644    : c_addi sp, -16             : IntAlu :  D=0x7ffffffffffffd50
3191500: system.cpu: T0 : 0x10646    : c_sdsp s0, 8(sp)           : MemWrite :  D=0x7ffffffffffffda0 A=0x7ffffffffffffd58
3192000: system.cpu: T0 : 0x10648    : c_addi4spn s0, sp, 16      : IntAlu :  D=0x7ffffffffffffd60
3193000: system.cpu: T0 : 0x1064a    : auipc a5, 96               : IntAlu :  D=0x000000000007064a
3194000: system.cpu: T0 : 0x1064e    : ld a5, 446(a5)             : MemRead :  D=0x0000000000071988 A=0x70808
3194500: system.cpu: T0 : 0x10652    : c_lw a5, 0(a5)             : MemRead :  D=0x0000000000000c58 A=0x71988
3195000: system.cpu: T0 : 0x10654    : c_mv a4, a5                : IntAlu :  D=0x0000000000000c58
3195500: system.cpu: T0 : 0x10656    : c_mv a5, a4                : IntAlu :  D=0x0000000000000c58
3196000: system.cpu: T0 : 0x10658    : slliw a5, a5, 5            : IntAlu :  D=0x0000000000018b00
3196500: system.cpu: T0 : 0x1065c    : c_addw a5, a4              : IntAlu :  D=0x0000000000019758
3197500: system.cpu: T0 : 0x1065e    : slliw a5, a5, 2            : IntAlu :  D=0x0000000000065d60
3198000: system.cpu: T0 : 0x10662    : c_addw a5, a4              : IntAlu :  D=0x00000000000669b8
3198500: system.cpu: T0 : 0x10664    : c_addiw a5, 0              : IntAlu :  D=0x00000000000669b8
3199500: system.cpu: T0 : 0x10666    : addiw a5, a5, 81           : IntAlu :  D=0x0000000000066a09
3200000: system.cpu: T0 : 0x1066a    : c_addiw a5, 0              : IntAlu :  D=0x0000000000066a09
3200500: system.cpu: T0 : 0x1066c    : c_mv a4, a5                : IntAlu :  D=0x0000000000066a09
3201000: system.cpu: T0 : 0x1066e    : c_lui a5, 2                : IntAlu :  D=0x0000000000002000
3201500: system.cpu: T0 : 0x10670    : addiw a5, a5, -97          : IntAlu :  D=0x0000000000001f9f
3202000: system.cpu: T0 : 0x10674    : remw a5, a4, a5            : IntDiv :  D=0x0000000000001d5c
3202500: system.cpu: T0 : 0x10678    : addiw a4, a5, 0            : IntAlu :  D=0x0000000000001d5c
3203000: system.cpu: T0 : 0x1067c    : auipc a5, 96               : IntAlu :  D=0x000000000007067c
3203500: system.cpu: T0 : 0x10680    : ld a5, 396(a5)             : MemRead :  D=0x0000000000071988 A=0x70808
3204000: system.cpu: T0 : 0x10684    : c_sw a4, 0(a5)             : MemWrite :  D=0x0000000000001d5c A=0x71988
3205000: system.cpu: T0 : 0x10686    : auipc a5, 96               : IntAlu :  D=0x0000000000070686
3206000: system.cpu: T0 : 0x1068a    : ld a5, 386(a5)             : MemRead :  D=0x0000000000071988 A=0x70808
3206500: system.cpu: T0 : 0x1068e    : c_lw a5, 0(a5)             : MemRead :  D=0x0000000000001d5c A=0x71988
3207000: system.cpu: T0 : 0x10690    : c_mv a0, a5                : IntAlu :  D=0x0000000000001d5c
3207500: system.cpu: T0 : 0x10692    : c_ldsp s0, 8(sp)           : MemRead :  D=0x7ffffffffffffda0 A=0x7ffffffffffffd58
3208000: system.cpu: T0 : 0x10694    : c_addi sp, 16              : IntAlu :  D=0x7ffffffffffffd60
3208500: system.cpu: T0 : 0x10696    : c_jr ra                    : IntAlu : 
3209000: system.cpu: T0 : 0x104e4    : c_mv a5, a0                : IntAlu :  D=0x0000000000001d5c
3209500: system.cpu: T0 : 0x104e6    : c_mv a4, a5                : IntAlu :  D=0x0000000000001d5c
3210000: system.cpu: T0 : 0x104e8    : slli a5, s1, 2             : IntAlu :  D=0x0000000000000000
3210500: system.cpu: T0 : 0x104ec    : c_add a5, s3               : IntAlu :  D=0x00000000000719e0
3211000: system.cpu: T0 : 0x104ee    : c_sw a4, 0(a5)             : MemWrite :  D=0x0000000000001d5c A=0x719e0
3211500: system.cpu: T0 : 0x104f0    : addiw a5, s1, 1            : IntAlu :  D=0x0000000000000001
3212000: system.cpu: T0 : 0x104f4    : addiw s1, a5, 0            : IntAlu :  D=0x0000000000000001
3212500: system.cpu: T0 : 0x104f8    : c_mv a4, s1                : IntAlu :  D=0x0000000000000001
3213000: system.cpu: T0 : 0x104fa    : c_li a5, 9                 : IntAlu :  D=0x0000000000000009
3213500: system.cpu: T0 : 0x104fc    : bge a5, a4, -48            : IntAlu : 
3214000: system.cpu: T0 : 0x104cc    : c_mv a4, s2                : IntAlu :  D=0x0000000000000002
3214500: system.cpu: T0 : 0x104ce    : c_mv a5, a4                : IntAlu :  D=0x0000000000000002
3215000: system.cpu: T0 : 0x104d0    : c_slli a5, 2               : IntAlu :  D=0x0000000000000008
3215500: system.cpu: T0 : 0x104d2    : c_add a5, a4               : IntAlu :  D=0x000000000000000a
3216000: system.cpu: T0 : 0x104d4    : c_slli a5, 3               : IntAlu :  D=0x0000000000000050
3216500: system.cpu: T0 : 0x104d6    : c_mv a4, a5                : IntAlu :  D=0x0000000000000050
3217000: system.cpu: T0 : 0x104d8    : ld a5, -56(s0)             : MemRead :  D=0x0000000000071990 A=0x7ffffffffffffd68
3217500: system.cpu: T0 : 0x104dc    : add s3, a5, a4             : IntAlu :  D=0x00000000000719e0
3218000: system.cpu: T0 : 0x104e0    : jal ra, 356                : IntAlu :  D=0x00000000000104e4
3218500: system.cpu: T0 : 0x10644    : c_addi sp, -16             : IntAlu :  D=0x7ffffffffffffd50
3219000: system.cpu: T0 : 0x10646    : c_sdsp s0, 8(sp)           : MemWrite :  D=0x7ffffffffffffda0 A=0x7ffffffffffffd58
3219500: system.cpu: T0 : 0x10648    : c_addi4spn s0, sp, 16      : IntAlu :  D=0x7ffffffffffffd60
3220500: system.cpu: T0 : 0x1064a    : auipc a5, 96               : IntAlu :  D=0x000000000007064a
3221500: system.cpu: T0 : 0x1064e    : ld a5, 446(a5)             : MemRead :  D=0x0000000000071988 A=0x70808
3222000: system.cpu: T0 : 0x10652    : c_lw a5, 0(a5)             : MemRead :  D=0x0000000000001d5c A=0x71988
3222500: system.cpu: T0 : 0x10654    : c_mv a4, a5                : IntAlu :  D=0x0000000000001d5c
3223000: system.cpu: T0 : 0x10656    : c_mv a5, a4                : IntAlu :  D=0x0000000000001d5c
3223500: system.cpu: T0 : 0x10658    : slliw a5, a5, 5            : IntAlu :  D=0x000000000003ab80
3224000: system.cpu: T0 : 0x1065c    : c_addw a5, a4              : IntAlu :  D=0x000000000003c8dc
3225000: system.cpu: T0 : 0x1065e    : slliw a5, a5, 2            : IntAlu :  D=0x00000000000f2370
3225500: system.cpu: T0 : 0x10662    : c_addw a5, a4              : IntAlu :  D=0x00000000000f40cc
3226000: system.cpu: T0 : 0x10664    : c_addiw a5, 0              : IntAlu :  D=0x00000000000f40cc
3227000: system.cpu: T0 : 0x10666    : addiw a5, a5, 81           : IntAlu :  D=0x00000000000f411d
3227500: system.cpu: T0 : 0x1066a    : c_addiw a5, 0              : IntAlu :  D=0x00000000000f411d
3228000: system.cpu: T0 : 0x1066c    : c_mv a4, a5                : IntAlu :  D=0x00000000000f411d
3228500: system.cpu: T0 : 0x1066e    : c_lui a5, 2                : IntAlu :  D=0x0000000000002000
3229000: system.cpu: T0 : 0x10670    : addiw a5, a5, -97          : IntAlu :  D=0x0000000000001f9f
3229500: system.cpu: T0 : 0x10674    : remw a5, a4, a5            : IntDiv :  D=0x0000000000000fb8
3230000: system.cpu: T0 : 0x10678    : addiw a4, a5, 0            : IntAlu :  D=0x0000000000000fb8
3230500: system.cpu: T0 : 0x1067c    : auipc a5, 96               : IntAlu :  D=0x000000000007067c
3231000: system.cpu: T0 : 0x10680    : ld a5, 396(a5)             : MemRead :  D=0x0000000000071988 A=0x70808
3231500: system.cpu: T0 : 0x10684    : c_sw a4, 0(a5)             : MemWrite :  D=0x0000000000000fb8 A=0x71988
3232500: system.cpu: T0 : 0x10686    : auipc a5, 96               : IntAlu :  D=0x0000000000070686
3233500: system.cpu: T0 : 0x1068a    : ld a5, 386(a5)             : MemRead :  D=0x0000000000071988 A=0x70808
3234000: system.cpu: T0 : 0x1068e    : c_lw a5, 0(a5)             : MemRead :  D=0x0000000000000fb8 A=0x71988
3234500: system.cpu: T0 : 0x10690    : c_mv a0, a5                : IntAlu :  D=0x0000000000000fb8
3235000: system.cpu: T0 : 0x10692    : c_ldsp s0, 8(sp)           : MemRead :  D=0x7ffffffffffffda0 A=0x7ffffffffffffd58
3235500: system.cpu: T0 : 0x10694    : c_addi sp, 16              : IntAlu :  D=0x7ffffffffffffd60
3236000: system.cpu: T0 : 0x10696    : c_jr ra                    : IntAlu : 
3236500: system.cpu: T0 : 0x104e4    : c_mv a5, a0                : IntAlu :  D=0x0000000000000fb8
3237000: system.cpu: T0 : 0x104e6    : c_mv a4, a5                : IntAlu :  D=0x0000000000000fb8
3237500: system.cpu: T0 : 0x104e8    : slli a5, s1, 2             : IntAlu :  D=0x0000000000000004
3238000: system.cpu: T0 : 0x104ec    : c_add a5, s3               : IntAlu :  D=0x00000000000719e4
3238500: system.cpu: T0 : 0x104ee    : c_sw a4, 0(a5)             : MemWrite :  D=0x0000000000000fb8 A=0x719e4
3239000: system.cpu: T0 : 0x104f0    : addiw a5, s1, 1            : IntAlu :  D=0x0000000000000002
3239500: system.cpu: T0 : 0x104f4    : addiw s1, a5, 0            : IntAlu :  D=0x0000000000000002
3240000: system.cpu: T0 : 0x104f8    : c_mv a4, s1                : IntAlu :  D=0x0000000000000002
3240500: system.cpu: T0 : 0x104fa    : c_li a5, 9                 : IntAlu :  D=0x0000000000000009
3241000: system.cpu: T0 : 0x104fc    : bge a5, a4, -48            : IntAlu : 
3241500: system.cpu: T0 : 0x104cc    : c_mv a4, s2                : IntAlu :  D=0x0000000000000002
3242000: system.cpu: T0 : 0x104ce    : c_mv a5, a4                : IntAlu :  D=0x0000000000000002
3242500: system.cpu: T0 : 0x104d0    : c_slli a5, 2               : IntAlu :  D=0x0000000000000008
3243000: system.cpu: T0 : 0x104d2    : c_add a5, a4               : IntAlu :  D=0x000000000000000a
3243500: system.cpu: T0 : 0x104d4    : c_slli a5, 3               : IntAlu :  D=0x0000000000000050
3244000: system.cpu: T0 : 0x104d6    : c_mv a4, a5                : IntAlu :  D=0x0000000000000050
3244500: system.cpu: T0 : 0x104d8    : ld a5, -56(s0)             : MemRead :  D=0x0000000000071990 A=0x7ffffffffffffd68
3245000: system.cpu: T0 : 0x104dc    : add s3, a5, a4             : IntAlu :  D=0x00000000000719e0
3245500: system.cpu: T0 : 0x104e0    : jal ra, 356                : IntAlu :  D=0x00000000000104e4
3246000: system.cpu: T0 : 0x10644    : c_addi sp, -16             : IntAlu :  D=0x7ffffffffffffd50
3246500: system.cpu: T0 : 0x10646    : c_sdsp s0, 8(sp)           : MemWrite :  D=0x7ffffffffffffda0 A=0x7ffffffffffffd58
3247000: system.cpu: T0 : 0x10648    : c_addi4spn s0, sp, 16      : IntAlu :  D=0x7ffffffffffffd60
3248000: system.cpu: T0 : 0x1064a    : auipc a5, 96               : IntAlu :  D=0x000000000007064a
3249000: system.cpu: T0 : 0x1064e    : ld a5, 446(a5)             : MemRead :  D=0x0000000000071988 A=0x70808
3249500: system.cpu: T0 : 0x10652    : c_lw a5, 0(a5)             : MemRead :  D=0x0000000000000fb8 A=0x71988
3250000: system.cpu: T0 : 0x10654    : c_mv a4, a5                : IntAlu :  D=0x0000000000000fb8
3250500: system.cpu: T0 : 0x10656    : c_mv a5, a4                : IntAlu :  D=0x0000000000000fb8
3251000: system.cpu: T0 : 0x10658    : slliw a5, a5, 5            : IntAlu :  D=0x000000000001f700
3251500: system.cpu: T0 : 0x1065c    : c_addw a5, a4              : IntAlu :  D=0x00000000000206b8
3252500: system.cpu: T0 : 0x1065e    : slliw a5, a5, 2            : IntAlu :  D=0x0000000000081ae0
3253000: system.cpu: T0 : 0x10662    : c_addw a5, a4              : IntAlu :  D=0x0000000000082a98
3253500: system.cpu: T0 : 0x10664    : c_addiw a5, 0              : IntAlu :  D=0x0000000000082a98
3254500: system.cpu: T0 : 0x10666    : addiw a5, a5, 81           : IntAlu :  D=0x0000000000082ae9
3255000: system.cpu: T0 : 0x1066a    : c_addiw a5, 0              : IntAlu :  D=0x0000000000082ae9
3255500: system.cpu: T0 : 0x1066c    : c_mv a4, a5                : IntAlu :  D=0x0000000000082ae9
3256000: system.cpu: T0 : 0x1066e    : c_lui a5, 2                : IntAlu :  D=0x0000000000002000
3256500: system.cpu: T0 : 0x10670    : addiw a5, a5, -97          : IntAlu :  D=0x0000000000001f9f
3257000: system.cpu: T0 : 0x10674    : remw a5, a4, a5            : IntDiv :  D=0x00000000000003eb
3257500: system.cpu: T0 : 0x10678    : addiw a4, a5, 0            : IntAlu :  D=0x00000000000003eb
3258000: system.cpu: T0 : 0x1067c    : auipc a5, 96               : IntAlu :  D=0x000000000007067c
3258500: system.cpu: T0 : 0x10680    : ld a5, 396(a5)             : MemRead :  D=0x0000000000071988 A=0x70808
3259000: system.cpu: T0 : 0x10684    : c_sw a4, 0(a5)             : MemWrite :  D=0x00000000000003eb A=0x71988
3260000: system.cpu: T0 : 0x10686    : auipc a5, 96               : IntAlu :  D=0x0000000000070686
3261000: system.cpu: T0 : 0x1068a    : ld a5, 386(a5)             : MemRead :  D=0x0000000000071988 A=0x70808
3261500: system.cpu: T0 : 0x1068e    : c_lw a5, 0(a5)             : MemRead :  D=0x00000000000003eb A=0x71988
3262000: system.cpu: T0 : 0x10690    : c_mv a0, a5                : IntAlu :  D=0x00000000000003eb
3262500: system.cpu: T0 : 0x10692    : c_ldsp s0, 8(sp)           : MemRead :  D=0x7ffffffffffffda0 A=0x7ffffffffffffd58
3263000: system.cpu: T0 : 0x10694    : c_addi sp, 16              : IntAlu :  D=0x7ffffffffffffd60
3263500: system.cpu: T0 : 0x10696    : c_jr ra                    : IntAlu : 
3264000: system.cpu: T0 : 0x104e4    : c_mv a5, a0                : IntAlu :  D=0x00000000000003eb
3264500: system.cpu: T0 : 0x104e6    : c_mv a4, a5                : IntAlu :  D=0x00000000000003eb
3265000: system.cpu: T0 : 0x104e8    : slli a5, s1, 2             : IntAlu :  D=0x0000000000000008
3265500: system.cpu: T0 : 0x104ec    : c_add a5, s3               : IntAlu :  D=0x00000000000719e8
3266000: system.cpu: T0 : 0x104ee    : c_sw a4, 0(a5)             : MemWrite :  D=0x00000000000003eb A=0x719e8
3266500: system.cpu: T0 : 0x104f0    : addiw a5, s1, 1            : IntAlu :  D=0x0000000000000003
3267000: system.cpu: T0 : 0x104f4    : addiw s1, a5, 0            : IntAlu :  D=0x0000000000000003
3267500: system.cpu: T0 : 0x104f8    : c_mv a4, s1                : IntAlu :  D=0x0000000000000003
3268000: system.cpu: T0 : 0x104fa    : c_li a5, 9                 : IntAlu :  D=0x0000000000000009
3268500: system.cpu: T0 : 0x104fc    : bge a5, a4, -48            : IntAlu : 
3269000: system.cpu: T0 : 0x104cc    : c_mv a4, s2                : IntAlu :  D=0x0000000000000002
3269500: system.cpu: T0 : 0x104ce    : c_mv a5, a4                : IntAlu :  D=0x0000000000000002
3270000: system.cpu: T0 : 0x104d0    : c_slli a5, 2               : IntAlu :  D=0x0000000000000008
3270500: system.cpu: T0 : 0x104d2    : c_add a5, a4               : IntAlu :  D=0x000000000000000a
3271000: system.cpu: T0 : 0x104d4    : c_slli a5, 3               : IntAlu :  D=0x0000000000000050
3271500: system.cpu: T0 : 0x104d6    : c_mv a4, a5                : IntAlu :  D=0x0000000000000050
3272000: system.cpu: T0 : 0x104d8    : ld a5, -56(s0)             : MemRead :  D=0x0000000000071990 A=0x7ffffffffffffd68
3272500: system.cpu: T0 : 0x104dc    : add s3, a5, a4             : IntAlu :  D=0x00000000000719e0
3273000: system.cpu: T0 : 0x104e0    : jal ra, 356                : IntAlu :  D=0x00000000000104e4
3273500: system.cpu: T0 : 0x10644    : c_addi sp, -16             : IntAlu :  D=0x7ffffffffffffd50
3274000: system.cpu: T0 : 0x10646    : c_sdsp s0, 8(sp)           : MemWrite :  D=0x7ffffffffffffda0 A=0x7ffffffffffffd58
3274500: system.cpu: T0 : 0x10648    : c_addi4spn s0, sp, 16      : IntAlu :  D=0x7ffffffffffffd60
3275500: system.cpu: T0 : 0x1064a    : auipc a5, 96               : IntAlu :  D=0x000000000007064a
3276500: system.cpu: T0 : 0x1064e    : ld a5, 446(a5)             : MemRead :  D=0x0000000000071988 A=0x70808
3277000: system.cpu: T0 : 0x10652    : c_lw a5, 0(a5)             : MemRead :  D=0x00000000000003eb A=0x71988
3277500: system.cpu: T0 : 0x10654    : c_mv a4, a5                : IntAlu :  D=0x00000000000003eb
3278000: system.cpu: T0 : 0x10656    : c_mv a5, a4                : IntAlu :  D=0x00000000000003eb
3278500: system.cpu: T0 : 0x10658    : slliw a5, a5, 5            : IntAlu :  D=0x0000000000007d60
3279000: system.cpu: T0 : 0x1065c    : c_addw a5, a4              : IntAlu :  D=0x000000000000814b
3280000: system.cpu: T0 : 0x1065e    : slliw a5, a5, 2            : IntAlu :  D=0x000000000002052c
3280500: system.cpu: T0 : 0x10662    : c_addw a5, a4              : IntAlu :  D=0x0000000000020917
3281000: system.cpu: T0 : 0x10664    : c_addiw a5, 0              : IntAlu :  D=0x0000000000020917
3282000: system.cpu: T0 : 0x10666    : addiw a5, a5, 81           : IntAlu :  D=0x0000000000020968
3282500: system.cpu: T0 : 0x1066a    : c_addiw a5, 0              : IntAlu :  D=0x0000000000020968
3283000: system.cpu: T0 : 0x1066c    : c_mv a4, a5                : IntAlu :  D=0x0000000000020968
3283500: system.cpu: T0 : 0x1066e    : c_lui a5, 2                : IntAlu :  D=0x0000000000002000
3284000: system.cpu: T0 : 0x10670    : addiw a5, a5, -97          : IntAlu :  D=0x0000000000001f9f
3284500: system.cpu: T0 : 0x10674    : remw a5, a4, a5            : IntDiv :  D=0x0000000000000f78
3285000: system.cpu: T0 : 0x10678    : addiw a4, a5, 0            : IntAlu :  D=0x0000000000000f78
3285500: system.cpu: T0 : 0x1067c    : auipc a5, 96               : IntAlu :  D=0x000000000007067c
3286000: system.cpu: T0 : 0x10680    : ld a5, 396(a5)             : MemRead :  D=0x0000000000071988 A=0x70808
3286500: system.cpu: T0 : 0x10684    : c_sw a4, 0(a5)             : MemWrite :  D=0x0000000000000f78 A=0x71988
3287500: system.cpu: T0 : 0x10686    : auipc a5, 96               : IntAlu :  D=0x0000000000070686
3288500: system.cpu: T0 : 0x1068a    : ld a5, 386(a5)             : MemRead :  D=0x0000000000071988 A=0x70808
3289000: system.cpu: T0 : 0x1068e    : c_lw a5, 0(a5)             : MemRead :  D=0x0000000000000f78 A=0x71988
3289500: system.cpu: T0 : 0x10690    : c_mv a0, a5                : IntAlu :  D=0x0000000000000f78
3290000: system.cpu: T0 : 0x10692    : c_ldsp s0, 8(sp)           : MemRead :  D=0x7ffffffffffffda0 A=0x7ffffffffffffd58
3290500: system.cpu: T0 : 0x10694    : c_addi sp, 16              : IntAlu :  D=0x7ffffffffffffd60
3291000: system.cpu: T0 : 0x10696    : c_jr ra                    : IntAlu : 
3291500: system.cpu: T0 : 0x104e4    : c_mv a5, a0                : IntAlu :  D=0x0000000000000f78
3292000: system.cpu: T0 : 0x104e6    : c_mv a4, a5                : IntAlu :  D=0x0000000000000f78
3292500: system.cpu: T0 : 0x104e8    : slli a5, s1, 2             : IntAlu :  D=0x000000000000000c
3293000: system.cpu: T0 : 0x104ec    : c_add a5, s3               : IntAlu :  D=0x00000000000719ec
3293500: system.cpu: T0 : 0x104ee    : c_sw a4, 0(a5)             : MemWrite :  D=0x0000000000000f78 A=0x719ec
3294000: system.cpu: T0 : 0x104f0    : addiw a5, s1, 1            : IntAlu :  D=0x0000000000000004
3294500: system.cpu: T0 : 0x104f4    : addiw s1, a5, 0            : IntAlu :  D=0x0000000000000004
3295000: system.cpu: T0 : 0x104f8    : c_mv a4, s1                : IntAlu :  D=0x0000000000000004
3295500: system.cpu: T0 : 0x104fa    : c_li a5, 9                 : IntAlu :  D=0x0000000000000009
3296000: system.cpu: T0 : 0x104fc    : bge a5, a4, -48            : IntAlu : 
3296500: system.cpu: T0 : 0x104cc    : c_mv a4, s2                : IntAlu :  D=0x0000000000000002
3297000: system.cpu: T0 : 0x104ce    : c_mv a5, a4                : IntAlu :  D=0x0000000000000002
3297500: system.cpu: T0 : 0x104d0    : c_slli a5, 2               : IntAlu :  D=0x0000000000000008
3298000: system.cpu: T0 : 0x104d2    : c_add a5, a4               : IntAlu :  D=0x000000000000000a
3298500: system.cpu: T0 : 0x104d4    : c_slli a5, 3               : IntAlu :  D=0x0000000000000050
3299000: system.cpu: T0 : 0x104d6    : c_mv a4, a5                : IntAlu :  D=0x0000000000000050
3299500: system.cpu: T0 : 0x104d8    : ld a5, -56(s0)             : MemRead :  D=0x0000000000071990 A=0x7ffffffffffffd68
3300000: system.cpu: T0 : 0x104dc    : add s3, a5, a4             : IntAlu :  D=0x00000000000719e0
3300500: system.cpu: T0 : 0x104e0    : jal ra, 356                : IntAlu :  D=0x00000000000104e4
3301000: system.cpu: T0 : 0x10644    : c_addi sp, -16             : IntAlu :  D=0x7ffffffffffffd50
3301500: system.cpu: T0 : 0x10646    : c_sdsp s0, 8(sp)           : MemWrite :  D=0x7ffffffffffffda0 A=0x7ffffffffffffd58
3302000: system.cpu: T0 : 0x10648    : c_addi4spn s0, sp, 16      : IntAlu :  D=0x7ffffffffffffd60
3303000: system.cpu: T0 : 0x1064a    : auipc a5, 96               : IntAlu :  D=0x000000000007064a
3304000: system.cpu: T0 : 0x1064e    : ld a5, 446(a5)             : MemRead :  D=0x0000000000071988 A=0x70808
3304500: system.cpu: T0 : 0x10652    : c_lw a5, 0(a5)             : MemRead :  D=0x0000000000000f78 A=0x71988
3305000: system.cpu: T0 : 0x10654    : c_mv a4, a5                : IntAlu :  D=0x0000000000000f78
3305500: system.cpu: T0 : 0x10656    : c_mv a5, a4                : IntAlu :  D=0x0000000000000f78
3306000: system.cpu: T0 : 0x10658    : slliw a5, a5, 5            : IntAlu :  D=0x000000000001ef00
3306500: system.cpu: T0 : 0x1065c    : c_addw a5, a4              : IntAlu :  D=0x000000000001fe78
3307500: system.cpu: T0 : 0x1065e    : slliw a5, a5, 2            : IntAlu :  D=0x000000000007f9e0
3308000: system.cpu: T0 : 0x10662    : c_addw a5, a4              : IntAlu :  D=0x0000000000080958
3308500: system.cpu: T0 : 0x10664    : c_addiw a5, 0              : IntAlu :  D=0x0000000000080958
3309500: system.cpu: T0 : 0x10666    : addiw a5, a5, 81           : IntAlu :  D=0x00000000000809a9
3310000: system.cpu: T0 : 0x1066a    : c_addiw a5, 0              : IntAlu :  D=0x00000000000809a9
3310500: system.cpu: T0 : 0x1066c    : c_mv a4, a5                : IntAlu :  D=0x00000000000809a9
3311000: system.cpu: T0 : 0x1066e    : c_lui a5, 2                : IntAlu :  D=0x0000000000002000
3311500: system.cpu: T0 : 0x10670    : addiw a5, a5, -97          : IntAlu :  D=0x0000000000001f9f
3312000: system.cpu: T0 : 0x10674    : remw a5, a4, a5            : IntDiv :  D=0x000000000000024a
3312500: system.cpu: T0 : 0x10678    : addiw a4, a5, 0            : IntAlu :  D=0x000000000000024a
3313000: system.cpu: T0 : 0x1067c    : auipc a5, 96               : IntAlu :  D=0x000000000007067c
3313500: system.cpu: T0 : 0x10680    : ld a5, 396(a5)             : MemRead :  D=0x0000000000071988 A=0x70808
3314000: system.cpu: T0 : 0x10684    : c_sw a4, 0(a5)             : MemWrite :  D=0x000000000000024a A=0x71988
3315000: system.cpu: T0 : 0x10686    : auipc a5, 96               : IntAlu :  D=0x0000000000070686
3316000: system.cpu: T0 : 0x1068a    : ld a5, 386(a5)             : MemRead :  D=0x0000000000071988 A=0x70808
3316500: system.cpu: T0 : 0x1068e    : c_lw a5, 0(a5)             : MemRead :  D=0x000000000000024a A=0x71988
3317000: system.cpu: T0 : 0x10690    : c_mv a0, a5                : IntAlu :  D=0x000000000000024a
3317500: system.cpu: T0 : 0x10692    : c_ldsp s0, 8(sp)           : MemRead :  D=0x7ffffffffffffda0 A=0x7ffffffffffffd58
3318000: system.cpu: T0 : 0x10694    : c_addi sp, 16              : IntAlu :  D=0x7ffffffffffffd60
3318500: system.cpu: T0 : 0x10696    : c_jr ra                    : IntAlu : 
3319000: system.cpu: T0 : 0x104e4    : c_mv a5, a0                : IntAlu :  D=0x000000000000024a
3319500: system.cpu: T0 : 0x104e6    : c_mv a4, a5                : IntAlu :  D=0x000000000000024a
3320000: system.cpu: T0 : 0x104e8    : slli a5, s1, 2             : IntAlu :  D=0x0000000000000010
3320500: system.cpu: T0 : 0x104ec    : c_add a5, s3               : IntAlu :  D=0x00000000000719f0
3321000: system.cpu: T0 : 0x104ee    : c_sw a4, 0(a5)             : MemWrite :  D=0x000000000000024a A=0x719f0
3321500: system.cpu: T0 : 0x104f0    : addiw a5, s1, 1            : IntAlu :  D=0x0000000000000005
3322000: system.cpu: T0 : 0x104f4    : addiw s1, a5, 0            : IntAlu :  D=0x0000000000000005
3322500: system.cpu: T0 : 0x104f8    : c_mv a4, s1                : IntAlu :  D=0x0000000000000005
3323000: system.cpu: T0 : 0x104fa    : c_li a5, 9                 : IntAlu :  D=0x0000000000000009
3323500: system.cpu: T0 : 0x104fc    : bge a5, a4, -48            : IntAlu : 
3324000: system.cpu: T0 : 0x104cc    : c_mv a4, s2                : IntAlu :  D=0x0000000000000002
3324500: system.cpu: T0 : 0x104ce    : c_mv a5, a4                : IntAlu :  D=0x0000000000000002
3325000: system.cpu: T0 : 0x104d0    : c_slli a5, 2               : IntAlu :  D=0x0000000000000008
3325500: system.cpu: T0 : 0x104d2    : c_add a5, a4               : IntAlu :  D=0x000000000000000a
3326000: system.cpu: T0 : 0x104d4    : c_slli a5, 3               : IntAlu :  D=0x0000000000000050
3326500: system.cpu: T0 : 0x104d6    : c_mv a4, a5                : IntAlu :  D=0x0000000000000050
3327000: system.cpu: T0 : 0x104d8    : ld a5, -56(s0)             : MemRead :  D=0x0000000000071990 A=0x7ffffffffffffd68
3327500: system.cpu: T0 : 0x104dc    : add s3, a5, a4             : IntAlu :  D=0x00000000000719e0
3328000: system.cpu: T0 : 0x104e0    : jal ra, 356                : IntAlu :  D=0x00000000000104e4
3328500: system.cpu: T0 : 0x10644    : c_addi sp, -16             : IntAlu :  D=0x7ffffffffffffd50
3329000: system.cpu: T0 : 0x10646    : c_sdsp s0, 8(sp)           : MemWrite :  D=0x7ffffffffffffda0 A=0x7ffffffffffffd58
3329500: system.cpu: T0 : 0x10648    : c_addi4spn s0, sp, 16      : IntAlu :  D=0x7ffffffffffffd60
3330500: system.cpu: T0 : 0x1064a    : auipc a5, 96               : IntAlu :  D=0x000000000007064a
3331500: system.cpu: T0 : 0x1064e    : ld a5, 446(a5)             : MemRead :  D=0x0000000000071988 A=0x70808
3332000: system.cpu: T0 : 0x10652    : c_lw a5, 0(a5)             : MemRead :  D=0x000000000000024a A=0x71988
3332500: system.cpu: T0 : 0x10654    : c_mv a4, a5                : IntAlu :  D=0x000000000000024a
3333000: system.cpu: T0 : 0x10656    : c_mv a5, a4                : IntAlu :  D=0x000000000000024a
3333500: system.cpu: T0 : 0x10658    : slliw a5, a5, 5            : IntAlu :  D=0x0000000000004940
3334000: system.cpu: T0 : 0x1065c    : c_addw a5, a4              : IntAlu :  D=0x0000000000004b8a
3335000: system.cpu: T0 : 0x1065e    : slliw a5, a5, 2            : IntAlu :  D=0x0000000000012e28
3335500: system.cpu: T0 : 0x10662    : c_addw a5, a4              : IntAlu :  D=0x0000000000013072
3336000: system.cpu: T0 : 0x10664    : c_addiw a5, 0              : IntAlu :  D=0x0000000000013072
3337000: system.cpu: T0 : 0x10666    : addiw a5, a5, 81           : IntAlu :  D=0x00000000000130c3
3337500: system.cpu: T0 : 0x1066a    : c_addiw a5, 0              : IntAlu :  D=0x00000000000130c3
3338000: system.cpu: T0 : 0x1066c    : c_mv a4, a5                : IntAlu :  D=0x00000000000130c3
3338500: system.cpu: T0 : 0x1066e    : c_lui a5, 2                : IntAlu :  D=0x0000000000002000
3339000: system.cpu: T0 : 0x10670    : addiw a5, a5, -97          : IntAlu :  D=0x0000000000001f9f
3339500: system.cpu: T0 : 0x10674    : remw a5, a4, a5            : IntDiv :  D=0x000000000000142c
3340000: system.cpu: T0 : 0x10678    : addiw a4, a5, 0            : IntAlu :  D=0x000000000000142c
3340500: system.cpu: T0 : 0x1067c    : auipc a5, 96               : IntAlu :  D=0x000000000007067c
3341000: system.cpu: T0 : 0x10680    : ld a5, 396(a5)             : MemRead :  D=0x0000000000071988 A=0x70808
3341500: system.cpu: T0 : 0x10684    : c_sw a4, 0(a5)             : MemWrite :  D=0x000000000000142c A=0x71988
3342500: system.cpu: T0 : 0x10686    : auipc a5, 96               : IntAlu :  D=0x0000000000070686
3343500: system.cpu: T0 : 0x1068a    : ld a5, 386(a5)             : MemRead :  D=0x0000000000071988 A=0x70808
3344000: system.cpu: T0 : 0x1068e    : c_lw a5, 0(a5)             : MemRead :  D=0x000000000000142c A=0x71988
3344500: system.cpu: T0 : 0x10690    : c_mv a0, a5                : IntAlu :  D=0x000000000000142c
3345000: system.cpu: T0 : 0x10692    : c_ldsp s0, 8(sp)           : MemRead :  D=0x7ffffffffffffda0 A=0x7ffffffffffffd58
3345500: system.cpu: T0 : 0x10694    : c_addi sp, 16              : IntAlu :  D=0x7ffffffffffffd60
3346000: system.cpu: T0 : 0x10696    : c_jr ra                    : IntAlu : 
3346500: system.cpu: T0 : 0x104e4    : c_mv a5, a0                : IntAlu :  D=0x000000000000142c
3347000: system.cpu: T0 : 0x104e6    : c_mv a4, a5                : IntAlu :  D=0x000000000000142c
3347500: system.cpu: T0 : 0x104e8    : slli a5, s1, 2             : IntAlu :  D=0x0000000000000014
3348000: system.cpu: T0 : 0x104ec    : c_add a5, s3               : IntAlu :  D=0x00000000000719f4
3348500: system.cpu: T0 : 0x104ee    : c_sw a4, 0(a5)             : MemWrite :  D=0x000000000000142c A=0x719f4
3349000: system.cpu: T0 : 0x104f0    : addiw a5, s1, 1            : IntAlu :  D=0x0000000000000006
3349500: system.cpu: T0 : 0x104f4    : addiw s1, a5, 0            : IntAlu :  D=0x0000000000000006
3350000: system.cpu: T0 : 0x104f8    : c_mv a4, s1                : IntAlu :  D=0x0000000000000006
3350500: system.cpu: T0 : 0x104fa    : c_li a5, 9                 : IntAlu :  D=0x0000000000000009
3351000: system.cpu: T0 : 0x104fc    : bge a5, a4, -48            : IntAlu : 
3351500: system.cpu: T0 : 0x104cc    : c_mv a4, s2                : IntAlu :  D=0x0000000000000002
3352000: system.cpu: T0 : 0x104ce    : c_mv a5, a4                : IntAlu :  D=0x0000000000000002
3352500: system.cpu: T0 : 0x104d0    : c_slli a5, 2               : IntAlu :  D=0x0000000000000008
3353000: system.cpu: T0 : 0x104d2    : c_add a5, a4               : IntAlu :  D=0x000000000000000a
3353500: system.cpu: T0 : 0x104d4    : c_slli a5, 3               : IntAlu :  D=0x0000000000000050
3354000: system.cpu: T0 : 0x104d6    : c_mv a4, a5                : IntAlu :  D=0x0000000000000050
3354500: system.cpu: T0 : 0x104d8    : ld a5, -56(s0)             : MemRead :  D=0x0000000000071990 A=0x7ffffffffffffd68
3355000: system.cpu: T0 : 0x104dc    : add s3, a5, a4             : IntAlu :  D=0x00000000000719e0
3355500: system.cpu: T0 : 0x104e0    : jal ra, 356                : IntAlu :  D=0x00000000000104e4
3356000: system.cpu: T0 : 0x10644    : c_addi sp, -16             : IntAlu :  D=0x7ffffffffffffd50
3356500: system.cpu: T0 : 0x10646    : c_sdsp s0, 8(sp)           : MemWrite :  D=0x7ffffffffffffda0 A=0x7ffffffffffffd58
3357000: system.cpu: T0 : 0x10648    : c_addi4spn s0, sp, 16      : IntAlu :  D=0x7ffffffffffffd60
3358000: system.cpu: T0 : 0x1064a    : auipc a5, 96               : IntAlu :  D=0x000000000007064a
3359000: system.cpu: T0 : 0x1064e    : ld a5, 446(a5)             : MemRead :  D=0x0000000000071988 A=0x70808
3359500: system.cpu: T0 : 0x10652    : c_lw a5, 0(a5)             : MemRead :  D=0x000000000000142c A=0x71988
3360000: system.cpu: T0 : 0x10654    : c_mv a4, a5                : IntAlu :  D=0x000000000000142c
3360500: system.cpu: T0 : 0x10656    : c_mv a5, a4                : IntAlu :  D=0x000000000000142c
3361000: system.cpu: T0 : 0x10658    : slliw a5, a5, 5            : IntAlu :  D=0x0000000000028580
3361500: system.cpu: T0 : 0x1065c    : c_addw a5, a4              : IntAlu :  D=0x00000000000299ac
3362500: system.cpu: T0 : 0x1065e    : slliw a5, a5, 2            : IntAlu :  D=0x00000000000a66b0
3363000: system.cpu: T0 : 0x10662    : c_addw a5, a4              : IntAlu :  D=0x00000000000a7adc
3363500: system.cpu: T0 : 0x10664    : c_addiw a5, 0              : IntAlu :  D=0x00000000000a7adc
3364500: system.cpu: T0 : 0x10666    : addiw a5, a5, 81           : IntAlu :  D=0x00000000000a7b2d
3365000: system.cpu: T0 : 0x1066a    : c_addiw a5, 0              : IntAlu :  D=0x00000000000a7b2d
3365500: system.cpu: T0 : 0x1066c    : c_mv a4, a5                : IntAlu :  D=0x00000000000a7b2d
3366000: system.cpu: T0 : 0x1066e    : c_lui a5, 2                : IntAlu :  D=0x0000000000002000
3366500: system.cpu: T0 : 0x10670    : addiw a5, a5, -97          : IntAlu :  D=0x0000000000001f9f
3367000: system.cpu: T0 : 0x10674    : remw a5, a4, a5            : IntDiv :  D=0x0000000000001b01
3367500: system.cpu: T0 : 0x10678    : addiw a4, a5, 0            : IntAlu :  D=0x0000000000001b01
3368000: system.cpu: T0 : 0x1067c    : auipc a5, 96               : IntAlu :  D=0x000000000007067c
3368500: system.cpu: T0 : 0x10680    : ld a5, 396(a5)             : MemRead :  D=0x0000000000071988 A=0x70808
3369000: system.cpu: T0 : 0x10684    : c_sw a4, 0(a5)             : MemWrite :  D=0x0000000000001b01 A=0x71988
3370000: system.cpu: T0 : 0x10686    : auipc a5, 96               : IntAlu :  D=0x0000000000070686
3371000: system.cpu: T0 : 0x1068a    : ld a5, 386(a5)             : MemRead :  D=0x0000000000071988 A=0x70808
3371500: system.cpu: T0 : 0x1068e    : c_lw a5, 0(a5)             : MemRead :  D=0x0000000000001b01 A=0x71988
3372000: system.cpu: T0 : 0x10690    : c_mv a0, a5                : IntAlu :  D=0x0000000000001b01
3372500: system.cpu: T0 : 0x10692    : c_ldsp s0, 8(sp)           : MemRead :  D=0x7ffffffffffffda0 A=0x7ffffffffffffd58
3373000: system.cpu: T0 : 0x10694    : c_addi sp, 16              : IntAlu :  D=0x7ffffffffffffd60
3373500: system.cpu: T0 : 0x10696    : c_jr ra                    : IntAlu : 
3374000: system.cpu: T0 : 0x104e4    : c_mv a5, a0                : IntAlu :  D=0x0000000000001b01
3374500: system.cpu: T0 : 0x104e6    : c_mv a4, a5                : IntAlu :  D=0x0000000000001b01
3375000: system.cpu: T0 : 0x104e8    : slli a5, s1, 2             : IntAlu :  D=0x0000000000000018
3375500: system.cpu: T0 : 0x104ec    : c_add a5, s3               : IntAlu :  D=0x00000000000719f8
3376000: system.cpu: T0 : 0x104ee    : c_sw a4, 0(a5)             : MemWrite :  D=0x0000000000001b01 A=0x719f8
3376500: system.cpu: T0 : 0x104f0    : addiw a5, s1, 1            : IntAlu :  D=0x0000000000000007
3377000: system.cpu: T0 : 0x104f4    : addiw s1, a5, 0            : IntAlu :  D=0x0000000000000007
3377500: system.cpu: T0 : 0x104f8    : c_mv a4, s1                : IntAlu :  D=0x0000000000000007
3378000: system.cpu: T0 : 0x104fa    : c_li a5, 9                 : IntAlu :  D=0x0000000000000009
3378500: system.cpu: T0 : 0x104fc    : bge a5, a4, -48            : IntAlu : 
3379000: system.cpu: T0 : 0x104cc    : c_mv a4, s2                : IntAlu :  D=0x0000000000000002
3379500: system.cpu: T0 : 0x104ce    : c_mv a5, a4                : IntAlu :  D=0x0000000000000002
3380000: system.cpu: T0 : 0x104d0    : c_slli a5, 2               : IntAlu :  D=0x0000000000000008
3380500: system.cpu: T0 : 0x104d2    : c_add a5, a4               : IntAlu :  D=0x000000000000000a
3381000: system.cpu: T0 : 0x104d4    : c_slli a5, 3               : IntAlu :  D=0x0000000000000050
3381500: system.cpu: T0 : 0x104d6    : c_mv a4, a5                : IntAlu :  D=0x0000000000000050
3382000: system.cpu: T0 : 0x104d8    : ld a5, -56(s0)             : MemRead :  D=0x0000000000071990 A=0x7ffffffffffffd68
3382500: system.cpu: T0 : 0x104dc    : add s3, a5, a4             : IntAlu :  D=0x00000000000719e0
3383000: system.cpu: T0 : 0x104e0    : jal ra, 356                : IntAlu :  D=0x00000000000104e4
3383500: system.cpu: T0 : 0x10644    : c_addi sp, -16             : IntAlu :  D=0x7ffffffffffffd50
3384000: system.cpu: T0 : 0x10646    : c_sdsp s0, 8(sp)           : MemWrite :  D=0x7ffffffffffffda0 A=0x7ffffffffffffd58
3384500: system.cpu: T0 : 0x10648    : c_addi4spn s0, sp, 16      : IntAlu :  D=0x7ffffffffffffd60
3385500: system.cpu: T0 : 0x1064a    : auipc a5, 96               : IntAlu :  D=0x000000000007064a
3386500: system.cpu: T0 : 0x1064e    : ld a5, 446(a5)             : MemRead :  D=0x0000000000071988 A=0x70808
3387000: system.cpu: T0 : 0x10652    : c_lw a5, 0(a5)             : MemRead :  D=0x0000000000001b01 A=0x71988
3387500: system.cpu: T0 : 0x10654    : c_mv a4, a5                : IntAlu :  D=0x0000000000001b01
3388000: system.cpu: T0 : 0x10656    : c_mv a5, a4                : IntAlu :  D=0x0000000000001b01
3388500: system.cpu: T0 : 0x10658    : slliw a5, a5, 5            : IntAlu :  D=0x0000000000036020
3389000: system.cpu: T0 : 0x1065c    : c_addw a5, a4              : IntAlu :  D=0x0000000000037b21
3390000: system.cpu: T0 : 0x1065e    : slliw a5, a5, 2            : IntAlu :  D=0x00000000000dec84
3390500: system.cpu: T0 : 0x10662    : c_addw a5, a4              : IntAlu :  D=0x00000000000e0785
3391000: system.cpu: T0 : 0x10664    : c_addiw a5, 0              : IntAlu :  D=0x00000000000e0785
3392000: system.cpu: T0 : 0x10666    : addiw a5, a5, 81           : IntAlu :  D=0x00000000000e07d6
3392500: system.cpu: T0 : 0x1066a    : c_addiw a5, 0              : IntAlu :  D=0x00000000000e07d6
3393000: system.cpu: T0 : 0x1066c    : c_mv a4, a5                : IntAlu :  D=0x00000000000e07d6
3393500: system.cpu: T0 : 0x1066e    : c_lui a5, 2                : IntAlu :  D=0x0000000000002000
3394000: system.cpu: T0 : 0x10670    : addiw a5, a5, -97          : IntAlu :  D=0x0000000000001f9f
3394500: system.cpu: T0 : 0x10674    : remw a5, a4, a5            : IntDiv :  D=0x00000000000012a7
3395000: system.cpu: T0 : 0x10678    : addiw a4, a5, 0            : IntAlu :  D=0x00000000000012a7
3395500: system.cpu: T0 : 0x1067c    : auipc a5, 96               : IntAlu :  D=0x000000000007067c
3396000: system.cpu: T0 : 0x10680    : ld a5, 396(a5)             : MemRead :  D=0x0000000000071988 A=0x70808
3396500: system.cpu: T0 : 0x10684    : c_sw a4, 0(a5)             : MemWrite :  D=0x00000000000012a7 A=0x71988
3397500: system.cpu: T0 : 0x10686    : auipc a5, 96               : IntAlu :  D=0x0000000000070686
3398500: system.cpu: T0 : 0x1068a    : ld a5, 386(a5)             : MemRead :  D=0x0000000000071988 A=0x70808
3399000: system.cpu: T0 : 0x1068e    : c_lw a5, 0(a5)             : MemRead :  D=0x00000000000012a7 A=0x71988
3399500: system.cpu: T0 : 0x10690    : c_mv a0, a5                : IntAlu :  D=0x00000000000012a7
3400000: system.cpu: T0 : 0x10692    : c_ldsp s0, 8(sp)           : MemRead :  D=0x7ffffffffffffda0 A=0x7ffffffffffffd58
3400500: system.cpu: T0 : 0x10694    : c_addi sp, 16              : IntAlu :  D=0x7ffffffffffffd60
3401000: system.cpu: T0 : 0x10696    : c_jr ra                    : IntAlu : 
3401500: system.cpu: T0 : 0x104e4    : c_mv a5, a0                : IntAlu :  D=0x00000000000012a7
3402000: system.cpu: T0 : 0x104e6    : c_mv a4, a5                : IntAlu :  D=0x00000000000012a7
3402500: system.cpu: T0 : 0x104e8    : slli a5, s1, 2             : IntAlu :  D=0x000000000000001c
3403000: system.cpu: T0 : 0x104ec    : c_add a5, s3               : IntAlu :  D=0x00000000000719fc
3403500: system.cpu: T0 : 0x104ee    : c_sw a4, 0(a5)             : MemWrite :  D=0x00000000000012a7 A=0x719fc
3404000: system.cpu: T0 : 0x104f0    : addiw a5, s1, 1            : IntAlu :  D=0x0000000000000008
3404500: system.cpu: T0 : 0x104f4    : addiw s1, a5, 0            : IntAlu :  D=0x0000000000000008
3405000: system.cpu: T0 : 0x104f8    : c_mv a4, s1                : IntAlu :  D=0x0000000000000008
3405500: system.cpu: T0 : 0x104fa    : c_li a5, 9                 : IntAlu :  D=0x0000000000000009
3406000: system.cpu: T0 : 0x104fc    : bge a5, a4, -48            : IntAlu : 
3406500: system.cpu: T0 : 0x104cc    : c_mv a4, s2                : IntAlu :  D=0x0000000000000002
3407000: system.cpu: T0 : 0x104ce    : c_mv a5, a4                : IntAlu :  D=0x0000000000000002
3407500: system.cpu: T0 : 0x104d0    : c_slli a5, 2               : IntAlu :  D=0x0000000000000008
3408000: system.cpu: T0 : 0x104d2    : c_add a5, a4               : IntAlu :  D=0x000000000000000a
3408500: system.cpu: T0 : 0x104d4    : c_slli a5, 3               : IntAlu :  D=0x0000000000000050
3409000: system.cpu: T0 : 0x104d6    : c_mv a4, a5                : IntAlu :  D=0x0000000000000050
3409500: system.cpu: T0 : 0x104d8    : ld a5, -56(s0)             : MemRead :  D=0x0000000000071990 A=0x7ffffffffffffd68
3410000: system.cpu: T0 : 0x104dc    : add s3, a5, a4             : IntAlu :  D=0x00000000000719e0
3410500: system.cpu: T0 : 0x104e0    : jal ra, 356                : IntAlu :  D=0x00000000000104e4
3411000: system.cpu: T0 : 0x10644    : c_addi sp, -16             : IntAlu :  D=0x7ffffffffffffd50
3411500: system.cpu: T0 : 0x10646    : c_sdsp s0, 8(sp)           : MemWrite :  D=0x7ffffffffffffda0 A=0x7ffffffffffffd58
3412000: system.cpu: T0 : 0x10648    : c_addi4spn s0, sp, 16      : IntAlu :  D=0x7ffffffffffffd60
3413000: system.cpu: T0 : 0x1064a    : auipc a5, 96               : IntAlu :  D=0x000000000007064a
3414000: system.cpu: T0 : 0x1064e    : ld a5, 446(a5)             : MemRead :  D=0x0000000000071988 A=0x70808
3414500: system.cpu: T0 : 0x10652    : c_lw a5, 0(a5)             : MemRead :  D=0x00000000000012a7 A=0x71988
3415000: system.cpu: T0 : 0x10654    : c_mv a4, a5                : IntAlu :  D=0x00000000000012a7
3415500: system.cpu: T0 : 0x10656    : c_mv a5, a4                : IntAlu :  D=0x00000000000012a7
3416000: system.cpu: T0 : 0x10658    : slliw a5, a5, 5            : IntAlu :  D=0x00000000000254e0
3416500: system.cpu: T0 : 0x1065c    : c_addw a5, a4              : IntAlu :  D=0x0000000000026787
3417500: system.cpu: T0 : 0x1065e    : slliw a5, a5, 2            : IntAlu :  D=0x0000000000099e1c
3418000: system.cpu: T0 : 0x10662    : c_addw a5, a4              : IntAlu :  D=0x000000000009b0c3
3418500: system.cpu: T0 : 0x10664    : c_addiw a5, 0              : IntAlu :  D=0x000000000009b0c3
3419500: system.cpu: T0 : 0x10666    : addiw a5, a5, 81           : IntAlu :  D=0x000000000009b114
3420000: system.cpu: T0 : 0x1066a    : c_addiw a5, 0              : IntAlu :  D=0x000000000009b114
3420500: system.cpu: T0 : 0x1066c    : c_mv a4, a5                : IntAlu :  D=0x000000000009b114
3421000: system.cpu: T0 : 0x1066e    : c_lui a5, 2                : IntAlu :  D=0x0000000000002000
3421500: system.cpu: T0 : 0x10670    : addiw a5, a5, -97          : IntAlu :  D=0x0000000000001f9f
3422000: system.cpu: T0 : 0x10674    : remw a5, a4, a5            : IntDiv :  D=0x0000000000000ea2
3422500: system.cpu: T0 : 0x10678    : addiw a4, a5, 0            : IntAlu :  D=0x0000000000000ea2
3423000: system.cpu: T0 : 0x1067c    : auipc a5, 96               : IntAlu :  D=0x000000000007067c
3423500: system.cpu: T0 : 0x10680    : ld a5, 396(a5)             : MemRead :  D=0x0000000000071988 A=0x70808
3424000: system.cpu: T0 : 0x10684    : c_sw a4, 0(a5)             : MemWrite :  D=0x0000000000000ea2 A=0x71988
3425000: system.cpu: T0 : 0x10686    : auipc a5, 96               : IntAlu :  D=0x0000000000070686
3426000: system.cpu: T0 : 0x1068a    : ld a5, 386(a5)             : MemRead :  D=0x0000000000071988 A=0x70808
3426500: system.cpu: T0 : 0x1068e    : c_lw a5, 0(a5)             : MemRead :  D=0x0000000000000ea2 A=0x71988
3427000: system.cpu: T0 : 0x10690    : c_mv a0, a5                : IntAlu :  D=0x0000000000000ea2
3427500: system.cpu: T0 : 0x10692    : c_ldsp s0, 8(sp)           : MemRead :  D=0x7ffffffffffffda0 A=0x7ffffffffffffd58
3428000: system.cpu: T0 : 0x10694    : c_addi sp, 16              : IntAlu :  D=0x7ffffffffffffd60
3428500: system.cpu: T0 : 0x10696    : c_jr ra                    : IntAlu : 
3429000: system.cpu: T0 : 0x104e4    : c_mv a5, a0                : IntAlu :  D=0x0000000000000ea2
3429500: system.cpu: T0 : 0x104e6    : c_mv a4, a5                : IntAlu :  D=0x0000000000000ea2
3430000: system.cpu: T0 : 0x104e8    : slli a5, s1, 2             : IntAlu :  D=0x0000000000000020
3430500: system.cpu: T0 : 0x104ec    : c_add a5, s3               : IntAlu :  D=0x0000000000071a00
3431000: system.cpu: T0 : 0x104ee    : c_sw a4, 0(a5)             : MemWrite :  D=0x0000000000000ea2 A=0x71a00
3431500: system.cpu: T0 : 0x104f0    : addiw a5, s1, 1            : IntAlu :  D=0x0000000000000009
3432000: system.cpu: T0 : 0x104f4    : addiw s1, a5, 0            : IntAlu :  D=0x0000000000000009
3432500: system.cpu: T0 : 0x104f8    : c_mv a4, s1                : IntAlu :  D=0x0000000000000009
3433000: system.cpu: T0 : 0x104fa    : c_li a5, 9                 : IntAlu :  D=0x0000000000000009
3433500: system.cpu: T0 : 0x104fc    : bge a5, a4, -48            : IntAlu : 
3434000: system.cpu: T0 : 0x104cc    : c_mv a4, s2                : IntAlu :  D=0x0000000000000002
3434500: system.cpu: T0 : 0x104ce    : c_mv a5, a4                : IntAlu :  D=0x0000000000000002
3435000: system.cpu: T0 : 0x104d0    : c_slli a5, 2               : IntAlu :  D=0x0000000000000008
3435500: system.cpu: T0 : 0x104d2    : c_add a5, a4               : IntAlu :  D=0x000000000000000a
3436000: system.cpu: T0 : 0x104d4    : c_slli a5, 3               : IntAlu :  D=0x0000000000000050
3436500: system.cpu: T0 : 0x104d6    : c_mv a4, a5                : IntAlu :  D=0x0000000000000050
3437000: system.cpu: T0 : 0x104d8    : ld a5, -56(s0)             : MemRead :  D=0x0000000000071990 A=0x7ffffffffffffd68
3437500: system.cpu: T0 : 0x104dc    : add s3, a5, a4             : IntAlu :  D=0x00000000000719e0
3438000: system.cpu: T0 : 0x104e0    : jal ra, 356                : IntAlu :  D=0x00000000000104e4
3438500: system.cpu: T0 : 0x10644    : c_addi sp, -16             : IntAlu :  D=0x7ffffffffffffd50
3439000: system.cpu: T0 : 0x10646    : c_sdsp s0, 8(sp)           : MemWrite :  D=0x7ffffffffffffda0 A=0x7ffffffffffffd58
3439500: system.cpu: T0 : 0x10648    : c_addi4spn s0, sp, 16      : IntAlu :  D=0x7ffffffffffffd60
3440500: system.cpu: T0 : 0x1064a    : auipc a5, 96               : IntAlu :  D=0x000000000007064a
3441500: system.cpu: T0 : 0x1064e    : ld a5, 446(a5)             : MemRead :  D=0x0000000000071988 A=0x70808
3442000: system.cpu: T0 : 0x10652    : c_lw a5, 0(a5)             : MemRead :  D=0x0000000000000ea2 A=0x71988
3442500: system.cpu: T0 : 0x10654    : c_mv a4, a5                : IntAlu :  D=0x0000000000000ea2
3443000: system.cpu: T0 : 0x10656    : c_mv a5, a4                : IntAlu :  D=0x0000000000000ea2
3443500: system.cpu: T0 : 0x10658    : slliw a5, a5, 5            : IntAlu :  D=0x000000000001d440
3444000: system.cpu: T0 : 0x1065c    : c_addw a5, a4              : IntAlu :  D=0x000000000001e2e2
3445000: system.cpu: T0 : 0x1065e    : slliw a5, a5, 2            : IntAlu :  D=0x0000000000078b88
3445500: system.cpu: T0 : 0x10662    : c_addw a5, a4              : IntAlu :  D=0x0000000000079a2a
3446000: system.cpu: T0 : 0x10664    : c_addiw a5, 0              : IntAlu :  D=0x0000000000079a2a
3447000: system.cpu: T0 : 0x10666    : addiw a5, a5, 81           : IntAlu :  D=0x0000000000079a7b
3447500: system.cpu: T0 : 0x1066a    : c_addiw a5, 0              : IntAlu :  D=0x0000000000079a7b
3448000: system.cpu: T0 : 0x1066c    : c_mv a4, a5                : IntAlu :  D=0x0000000000079a7b
3448500: system.cpu: T0 : 0x1066e    : c_lui a5, 2                : IntAlu :  D=0x0000000000002000
3449000: system.cpu: T0 : 0x10670    : addiw a5, a5, -97          : IntAlu :  D=0x0000000000001f9f
3449500: system.cpu: T0 : 0x10674    : remw a5, a4, a5            : IntDiv :  D=0x0000000000001198
3450000: system.cpu: T0 : 0x10678    : addiw a4, a5, 0            : IntAlu :  D=0x0000000000001198
3450500: system.cpu: T0 : 0x1067c    : auipc a5, 96               : IntAlu :  D=0x000000000007067c
3451000: system.cpu: T0 : 0x10680    : ld a5, 396(a5)             : MemRead :  D=0x0000000000071988 A=0x70808
3451500: system.cpu: T0 : 0x10684    : c_sw a4, 0(a5)             : MemWrite :  D=0x0000000000001198 A=0x71988
3452500: system.cpu: T0 : 0x10686    : auipc a5, 96               : IntAlu :  D=0x0000000000070686
3453500: system.cpu: T0 : 0x1068a    : ld a5, 386(a5)             : MemRead :  D=0x0000000000071988 A=0x70808
3454000: system.cpu: T0 : 0x1068e    : c_lw a5, 0(a5)             : MemRead :  D=0x0000000000001198 A=0x71988
3454500: system.cpu: T0 : 0x10690    : c_mv a0, a5                : IntAlu :  D=0x0000000000001198
3455000: system.cpu: T0 : 0x10692    : c_ldsp s0, 8(sp)           : MemRead :  D=0x7ffffffffffffda0 A=0x7ffffffffffffd58
3455500: system.cpu: T0 : 0x10694    : c_addi sp, 16              : IntAlu :  D=0x7ffffffffffffd60
3456000: system.cpu: T0 : 0x10696    : c_jr ra                    : IntAlu : 
3456500: system.cpu: T0 : 0x104e4    : c_mv a5, a0                : IntAlu :  D=0x0000000000001198
3457000: system.cpu: T0 : 0x104e6    : c_mv a4, a5                : IntAlu :  D=0x0000000000001198
3457500: system.cpu: T0 : 0x104e8    : slli a5, s1, 2             : IntAlu :  D=0x0000000000000024
3458000: system.cpu: T0 : 0x104ec    : c_add a5, s3               : IntAlu :  D=0x0000000000071a04
3458500: system.cpu: T0 : 0x104ee    : c_sw a4, 0(a5)             : MemWrite :  D=0x0000000000001198 A=0x71a04
3459000: system.cpu: T0 : 0x104f0    : addiw a5, s1, 1            : IntAlu :  D=0x000000000000000a
3459500: system.cpu: T0 : 0x104f4    : addiw s1, a5, 0            : IntAlu :  D=0x000000000000000a
3460000: system.cpu: T0 : 0x104f8    : c_mv a4, s1                : IntAlu :  D=0x000000000000000a
3460500: system.cpu: T0 : 0x104fa    : c_li a5, 9                 : IntAlu :  D=0x0000000000000009
3461000: system.cpu: T0 : 0x104fc    : bge a5, a4, -48            : IntAlu : 
3461500: system.cpu: T0 : 0x10500    : addiw a5, s2, 1            : IntAlu :  D=0x0000000000000003
3462000: system.cpu: T0 : 0x10504    : addiw s2, a5, 0            : IntAlu :  D=0x0000000000000003
3462500: system.cpu: T0 : 0x10508    : c_mv a4, s2                : IntAlu :  D=0x0000000000000003
3463000: system.cpu: T0 : 0x1050a    : c_li a5, 9                 : IntAlu :  D=0x0000000000000009
3463500: system.cpu: T0 : 0x1050c    : bge a5, a4, -68            : IntAlu : 
3464000: system.cpu: T0 : 0x104c8    : c_li s1, 0                 : IntAlu :  D=0x0000000000000000
3464500: system.cpu: T0 : 0x104ca    : c_j 46                     : IntAlu : 
3465000: system.cpu: T0 : 0x104f8    : c_mv a4, s1                : IntAlu :  D=0x0000000000000000
3465500: system.cpu: T0 : 0x104fa    : c_li a5, 9                 : IntAlu :  D=0x0000000000000009
3466000: system.cpu: T0 : 0x104fc    : bge a5, a4, -48            : IntAlu : 
3466500: system.cpu: T0 : 0x104cc    : c_mv a4, s2                : IntAlu :  D=0x0000000000000003
3467000: system.cpu: T0 : 0x104ce    : c_mv a5, a4                : IntAlu :  D=0x0000000000000003
3467500: system.cpu: T0 : 0x104d0    : c_slli a5, 2               : IntAlu :  D=0x000000000000000c
3468000: system.cpu: T0 : 0x104d2    : c_add a5, a4               : IntAlu :  D=0x000000000000000f
3468500: system.cpu: T0 : 0x104d4    : c_slli a5, 3               : IntAlu :  D=0x0000000000000078
3469000: system.cpu: T0 : 0x104d6    : c_mv a4, a5                : IntAlu :  D=0x0000000000000078
3469500: system.cpu: T0 : 0x104d8    : ld a5, -56(s0)             : MemRead :  D=0x0000000000071990 A=0x7ffffffffffffd68
3470000: system.cpu: T0 : 0x104dc    : add s3, a5, a4             : IntAlu :  D=0x0000000000071a08
3470500: system.cpu: T0 : 0x104e0    : jal ra, 356                : IntAlu :  D=0x00000000000104e4
3471000: system.cpu: T0 : 0x10644    : c_addi sp, -16             : IntAlu :  D=0x7ffffffffffffd50
3471500: system.cpu: T0 : 0x10646    : c_sdsp s0, 8(sp)           : MemWrite :  D=0x7ffffffffffffda0 A=0x7ffffffffffffd58
3472000: system.cpu: T0 : 0x10648    : c_addi4spn s0, sp, 16      : IntAlu :  D=0x7ffffffffffffd60
3473000: system.cpu: T0 : 0x1064a    : auipc a5, 96               : IntAlu :  D=0x000000000007064a
3474000: system.cpu: T0 : 0x1064e    : ld a5, 446(a5)             : MemRead :  D=0x0000000000071988 A=0x70808
3474500: system.cpu: T0 : 0x10652    : c_lw a5, 0(a5)             : MemRead :  D=0x0000000000001198 A=0x71988
3475000: system.cpu: T0 : 0x10654    : c_mv a4, a5                : IntAlu :  D=0x0000000000001198
3475500: system.cpu: T0 : 0x10656    : c_mv a5, a4                : IntAlu :  D=0x0000000000001198
3476000: system.cpu: T0 : 0x10658    : slliw a5, a5, 5            : IntAlu :  D=0x0000000000023300
3476500: system.cpu: T0 : 0x1065c    : c_addw a5, a4              : IntAlu :  D=0x0000000000024498
3477500: system.cpu: T0 : 0x1065e    : slliw a5, a5, 2            : IntAlu :  D=0x0000000000091260
3478000: system.cpu: T0 : 0x10662    : c_addw a5, a4              : IntAlu :  D=0x00000000000923f8
3478500: system.cpu: T0 : 0x10664    : c_addiw a5, 0              : IntAlu :  D=0x00000000000923f8
3479500: system.cpu: T0 : 0x10666    : addiw a5, a5, 81           : IntAlu :  D=0x0000000000092449
3480000: system.cpu: T0 : 0x1066a    : c_addiw a5, 0              : IntAlu :  D=0x0000000000092449
3480500: system.cpu: T0 : 0x1066c    : c_mv a4, a5                : IntAlu :  D=0x0000000000092449
3481000: system.cpu: T0 : 0x1066e    : c_lui a5, 2                : IntAlu :  D=0x0000000000002000
3481500: system.cpu: T0 : 0x10670    : addiw a5, a5, -97          : IntAlu :  D=0x0000000000001f9f
3482000: system.cpu: T0 : 0x10674    : remw a5, a4, a5            : IntDiv :  D=0x0000000000000053
3482500: system.cpu: T0 : 0x10678    : addiw a4, a5, 0            : IntAlu :  D=0x0000000000000053
3483000: system.cpu: T0 : 0x1067c    : auipc a5, 96               : IntAlu :  D=0x000000000007067c
3483500: system.cpu: T0 : 0x10680    : ld a5, 396(a5)             : MemRead :  D=0x0000000000071988 A=0x70808
3484000: system.cpu: T0 : 0x10684    : c_sw a4, 0(a5)             : MemWrite :  D=0x0000000000000053 A=0x71988
3485000: system.cpu: T0 : 0x10686    : auipc a5, 96               : IntAlu :  D=0x0000000000070686
3486000: system.cpu: T0 : 0x1068a    : ld a5, 386(a5)             : MemRead :  D=0x0000000000071988 A=0x70808
3486500: system.cpu: T0 : 0x1068e    : c_lw a5, 0(a5)             : MemRead :  D=0x0000000000000053 A=0x71988
3487000: system.cpu: T0 : 0x10690    : c_mv a0, a5                : IntAlu :  D=0x0000000000000053
3487500: system.cpu: T0 : 0x10692    : c_ldsp s0, 8(sp)           : MemRead :  D=0x7ffffffffffffda0 A=0x7ffffffffffffd58
3488000: system.cpu: T0 : 0x10694    : c_addi sp, 16              : IntAlu :  D=0x7ffffffffffffd60
3488500: system.cpu: T0 : 0x10696    : c_jr ra                    : IntAlu : 
3489000: system.cpu: T0 : 0x104e4    : c_mv a5, a0                : IntAlu :  D=0x0000000000000053
3489500: system.cpu: T0 : 0x104e6    : c_mv a4, a5                : IntAlu :  D=0x0000000000000053
3490000: system.cpu: T0 : 0x104e8    : slli a5, s1, 2             : IntAlu :  D=0x0000000000000000
3490500: system.cpu: T0 : 0x104ec    : c_add a5, s3               : IntAlu :  D=0x0000000000071a08
3491000: system.cpu: T0 : 0x104ee    : c_sw a4, 0(a5)             : MemWrite :  D=0x0000000000000053 A=0x71a08
3491500: system.cpu: T0 : 0x104f0    : addiw a5, s1, 1            : IntAlu :  D=0x0000000000000001
3492000: system.cpu: T0 : 0x104f4    : addiw s1, a5, 0            : IntAlu :  D=0x0000000000000001
3492500: system.cpu: T0 : 0x104f8    : c_mv a4, s1                : IntAlu :  D=0x0000000000000001
3493000: system.cpu: T0 : 0x104fa    : c_li a5, 9                 : IntAlu :  D=0x0000000000000009
3493500: system.cpu: T0 : 0x104fc    : bge a5, a4, -48            : IntAlu : 
3494000: system.cpu: T0 : 0x104cc    : c_mv a4, s2                : IntAlu :  D=0x0000000000000003
3494500: system.cpu: T0 : 0x104ce    : c_mv a5, a4                : IntAlu :  D=0x0000000000000003
3495000: system.cpu: T0 : 0x104d0    : c_slli a5, 2               : IntAlu :  D=0x000000000000000c
3495500: system.cpu: T0 : 0x104d2    : c_add a5, a4               : IntAlu :  D=0x000000000000000f
3496000: system.cpu: T0 : 0x104d4    : c_slli a5, 3               : IntAlu :  D=0x0000000000000078
3496500: system.cpu: T0 : 0x104d6    : c_mv a4, a5                : IntAlu :  D=0x0000000000000078
3497000: system.cpu: T0 : 0x104d8    : ld a5, -56(s0)             : MemRead :  D=0x0000000000071990 A=0x7ffffffffffffd68
3497500: system.cpu: T0 : 0x104dc    : add s3, a5, a4             : IntAlu :  D=0x0000000000071a08
3498000: system.cpu: T0 : 0x104e0    : jal ra, 356                : IntAlu :  D=0x00000000000104e4
3498500: system.cpu: T0 : 0x10644    : c_addi sp, -16             : IntAlu :  D=0x7ffffffffffffd50
3499000: system.cpu: T0 : 0x10646    : c_sdsp s0, 8(sp)           : MemWrite :  D=0x7ffffffffffffda0 A=0x7ffffffffffffd58
3499500: system.cpu: T0 : 0x10648    : c_addi4spn s0, sp, 16      : IntAlu :  D=0x7ffffffffffffd60
3500500: system.cpu: T0 : 0x1064a    : auipc a5, 96               : IntAlu :  D=0x000000000007064a
3501500: system.cpu: T0 : 0x1064e    : ld a5, 446(a5)             : MemRead :  D=0x0000000000071988 A=0x70808
3502000: system.cpu: T0 : 0x10652    : c_lw a5, 0(a5)             : MemRead :  D=0x0000000000000053 A=0x71988
3502500: system.cpu: T0 : 0x10654    : c_mv a4, a5                : IntAlu :  D=0x0000000000000053
3503000: system.cpu: T0 : 0x10656    : c_mv a5, a4                : IntAlu :  D=0x0000000000000053
3503500: system.cpu: T0 : 0x10658    : slliw a5, a5, 5            : IntAlu :  D=0x0000000000000a60
3504000: system.cpu: T0 : 0x1065c    : c_addw a5, a4              : IntAlu :  D=0x0000000000000ab3
3505000: system.cpu: T0 : 0x1065e    : slliw a5, a5, 2            : IntAlu :  D=0x0000000000002acc
3505500: system.cpu: T0 : 0x10662    : c_addw a5, a4              : IntAlu :  D=0x0000000000002b1f
3506000: system.cpu: T0 : 0x10664    : c_addiw a5, 0              : IntAlu :  D=0x0000000000002b1f
3507000: system.cpu: T0 : 0x10666    : addiw a5, a5, 81           : IntAlu :  D=0x0000000000002b70
3507500: system.cpu: T0 : 0x1066a    : c_addiw a5, 0              : IntAlu :  D=0x0000000000002b70
3508000: system.cpu: T0 : 0x1066c    : c_mv a4, a5                : IntAlu :  D=0x0000000000002b70
3508500: system.cpu: T0 : 0x1066e    : c_lui a5, 2                : IntAlu :  D=0x0000000000002000
3509000: system.cpu: T0 : 0x10670    : addiw a5, a5, -97          : IntAlu :  D=0x0000000000001f9f
3509500: system.cpu: T0 : 0x10674    : remw a5, a4, a5            : IntDiv :  D=0x0000000000000bd1
3510000: system.cpu: T0 : 0x10678    : addiw a4, a5, 0            : IntAlu :  D=0x0000000000000bd1
3510500: system.cpu: T0 : 0x1067c    : auipc a5, 96               : IntAlu :  D=0x000000000007067c
3511000: system.cpu: T0 : 0x10680    : ld a5, 396(a5)             : MemRead :  D=0x0000000000071988 A=0x70808
3511500: system.cpu: T0 : 0x10684    : c_sw a4, 0(a5)             : MemWrite :  D=0x0000000000000bd1 A=0x71988
3512500: system.cpu: T0 : 0x10686    : auipc a5, 96               : IntAlu :  D=0x0000000000070686
3513500: system.cpu: T0 : 0x1068a    : ld a5, 386(a5)             : MemRead :  D=0x0000000000071988 A=0x70808
3514000: system.cpu: T0 : 0x1068e    : c_lw a5, 0(a5)             : MemRead :  D=0x0000000000000bd1 A=0x71988
3514500: system.cpu: T0 : 0x10690    : c_mv a0, a5                : IntAlu :  D=0x0000000000000bd1
3515000: system.cpu: T0 : 0x10692    : c_ldsp s0, 8(sp)           : MemRead :  D=0x7ffffffffffffda0 A=0x7ffffffffffffd58
3515500: system.cpu: T0 : 0x10694    : c_addi sp, 16              : IntAlu :  D=0x7ffffffffffffd60
3516000: system.cpu: T0 : 0x10696    : c_jr ra                    : IntAlu : 
3516500: system.cpu: T0 : 0x104e4    : c_mv a5, a0                : IntAlu :  D=0x0000000000000bd1
3517000: system.cpu: T0 : 0x104e6    : c_mv a4, a5                : IntAlu :  D=0x0000000000000bd1
3517500: system.cpu: T0 : 0x104e8    : slli a5, s1, 2             : IntAlu :  D=0x0000000000000004
3518000: system.cpu: T0 : 0x104ec    : c_add a5, s3               : IntAlu :  D=0x0000000000071a0c
3518500: system.cpu: T0 : 0x104ee    : c_sw a4, 0(a5)             : MemWrite :  D=0x0000000000000bd1 A=0x71a0c
3519000: system.cpu: T0 : 0x104f0    : addiw a5, s1, 1            : IntAlu :  D=0x0000000000000002
3519500: system.cpu: T0 : 0x104f4    : addiw s1, a5, 0            : IntAlu :  D=0x0000000000000002
3520000: system.cpu: T0 : 0x104f8    : c_mv a4, s1                : IntAlu :  D=0x0000000000000002
3520500: system.cpu: T0 : 0x104fa    : c_li a5, 9                 : IntAlu :  D=0x0000000000000009
3521000: system.cpu: T0 : 0x104fc    : bge a5, a4, -48            : IntAlu : 
3521500: system.cpu: T0 : 0x104cc    : c_mv a4, s2                : IntAlu :  D=0x0000000000000003
3522000: system.cpu: T0 : 0x104ce    : c_mv a5, a4                : IntAlu :  D=0x0000000000000003
3522500: system.cpu: T0 : 0x104d0    : c_slli a5, 2               : IntAlu :  D=0x000000000000000c
3523000: system.cpu: T0 : 0x104d2    : c_add a5, a4               : IntAlu :  D=0x000000000000000f
3523500: system.cpu: T0 : 0x104d4    : c_slli a5, 3               : IntAlu :  D=0x0000000000000078
3524000: system.cpu: T0 : 0x104d6    : c_mv a4, a5                : IntAlu :  D=0x0000000000000078
3524500: system.cpu: T0 : 0x104d8    : ld a5, -56(s0)             : MemRead :  D=0x0000000000071990 A=0x7ffffffffffffd68
3525000: system.cpu: T0 : 0x104dc    : add s3, a5, a4             : IntAlu :  D=0x0000000000071a08
3525500: system.cpu: T0 : 0x104e0    : jal ra, 356                : IntAlu :  D=0x00000000000104e4
3526000: system.cpu: T0 : 0x10644    : c_addi sp, -16             : IntAlu :  D=0x7ffffffffffffd50
3526500: system.cpu: T0 : 0x10646    : c_sdsp s0, 8(sp)           : MemWrite :  D=0x7ffffffffffffda0 A=0x7ffffffffffffd58
3527000: system.cpu: T0 : 0x10648    : c_addi4spn s0, sp, 16      : IntAlu :  D=0x7ffffffffffffd60
3528000: system.cpu: T0 : 0x1064a    : auipc a5, 96               : IntAlu :  D=0x000000000007064a
3529000: system.cpu: T0 : 0x1064e    : ld a5, 446(a5)             : MemRead :  D=0x0000000000071988 A=0x70808
3529500: system.cpu: T0 : 0x10652    : c_lw a5, 0(a5)             : MemRead :  D=0x0000000000000bd1 A=0x71988
3530000: system.cpu: T0 : 0x10654    : c_mv a4, a5                : IntAlu :  D=0x0000000000000bd1
3530500: system.cpu: T0 : 0x10656    : c_mv a5, a4                : IntAlu :  D=0x0000000000000bd1
3531000: system.cpu: T0 : 0x10658    : slliw a5, a5, 5            : IntAlu :  D=0x0000000000017a20
3531500: system.cpu: T0 : 0x1065c    : c_addw a5, a4              : IntAlu :  D=0x00000000000185f1
3532500: system.cpu: T0 : 0x1065e    : slliw a5, a5, 2            : IntAlu :  D=0x00000000000617c4
3533000: system.cpu: T0 : 0x10662    : c_addw a5, a4              : IntAlu :  D=0x0000000000062395
3533500: system.cpu: T0 : 0x10664    : c_addiw a5, 0              : IntAlu :  D=0x0000000000062395
3534500: system.cpu: T0 : 0x10666    : addiw a5, a5, 81           : IntAlu :  D=0x00000000000623e6
3535000: system.cpu: T0 : 0x1066a    : c_addiw a5, 0              : IntAlu :  D=0x00000000000623e6
3535500: system.cpu: T0 : 0x1066c    : c_mv a4, a5                : IntAlu :  D=0x00000000000623e6
3536000: system.cpu: T0 : 0x1066e    : c_lui a5, 2                : IntAlu :  D=0x0000000000002000
3536500: system.cpu: T0 : 0x10670    : addiw a5, a5, -97          : IntAlu :  D=0x0000000000001f9f
3537000: system.cpu: T0 : 0x10674    : remw a5, a4, a5            : IntDiv :  D=0x0000000000001677
3537500: system.cpu: T0 : 0x10678    : addiw a4, a5, 0            : IntAlu :  D=0x0000000000001677
3538000: system.cpu: T0 : 0x1067c    : auipc a5, 96               : IntAlu :  D=0x000000000007067c
3538500: system.cpu: T0 : 0x10680    : ld a5, 396(a5)             : MemRead :  D=0x0000000000071988 A=0x70808
3539000: system.cpu: T0 : 0x10684    : c_sw a4, 0(a5)             : MemWrite :  D=0x0000000000001677 A=0x71988
3540000: system.cpu: T0 : 0x10686    : auipc a5, 96               : IntAlu :  D=0x0000000000070686
3541000: system.cpu: T0 : 0x1068a    : ld a5, 386(a5)             : MemRead :  D=0x0000000000071988 A=0x70808
3541500: system.cpu: T0 : 0x1068e    : c_lw a5, 0(a5)             : MemRead :  D=0x0000000000001677 A=0x71988
3542000: system.cpu: T0 : 0x10690    : c_mv a0, a5                : IntAlu :  D=0x0000000000001677
3542500: system.cpu: T0 : 0x10692    : c_ldsp s0, 8(sp)           : MemRead :  D=0x7ffffffffffffda0 A=0x7ffffffffffffd58
3543000: system.cpu: T0 : 0x10694    : c_addi sp, 16              : IntAlu :  D=0x7ffffffffffffd60
3543500: system.cpu: T0 : 0x10696    : c_jr ra                    : IntAlu : 
3544000: system.cpu: T0 : 0x104e4    : c_mv a5, a0                : IntAlu :  D=0x0000000000001677
3544500: system.cpu: T0 : 0x104e6    : c_mv a4, a5                : IntAlu :  D=0x0000000000001677
3545000: system.cpu: T0 : 0x104e8    : slli a5, s1, 2             : IntAlu :  D=0x0000000000000008
3545500: system.cpu: T0 : 0x104ec    : c_add a5, s3               : IntAlu :  D=0x0000000000071a10
3546000: system.cpu: T0 : 0x104ee    : c_sw a4, 0(a5)             : MemWrite :  D=0x0000000000001677 A=0x71a10
3546500: system.cpu: T0 : 0x104f0    : addiw a5, s1, 1            : IntAlu :  D=0x0000000000000003
3547000: system.cpu: T0 : 0x104f4    : addiw s1, a5, 0            : IntAlu :  D=0x0000000000000003
3547500: system.cpu: T0 : 0x104f8    : c_mv a4, s1                : IntAlu :  D=0x0000000000000003
3548000: system.cpu: T0 : 0x104fa    : c_li a5, 9                 : IntAlu :  D=0x0000000000000009
3548500: system.cpu: T0 : 0x104fc    : bge a5, a4, -48            : IntAlu : 
3549000: system.cpu: T0 : 0x104cc    : c_mv a4, s2                : IntAlu :  D=0x0000000000000003
3549500: system.cpu: T0 : 0x104ce    : c_mv a5, a4                : IntAlu :  D=0x0000000000000003
3550000: system.cpu: T0 : 0x104d0    : c_slli a5, 2               : IntAlu :  D=0x000000000000000c
3550500: system.cpu: T0 : 0x104d2    : c_add a5, a4               : IntAlu :  D=0x000000000000000f
3551000: system.cpu: T0 : 0x104d4    : c_slli a5, 3               : IntAlu :  D=0x0000000000000078
3551500: system.cpu: T0 : 0x104d6    : c_mv a4, a5                : IntAlu :  D=0x0000000000000078
3552000: system.cpu: T0 : 0x104d8    : ld a5, -56(s0)             : MemRead :  D=0x0000000000071990 A=0x7ffffffffffffd68
3552500: system.cpu: T0 : 0x104dc    : add s3, a5, a4             : IntAlu :  D=0x0000000000071a08
3553000: system.cpu: T0 : 0x104e0    : jal ra, 356                : IntAlu :  D=0x00000000000104e4
3553500: system.cpu: T0 : 0x10644    : c_addi sp, -16             : IntAlu :  D=0x7ffffffffffffd50
3554000: system.cpu: T0 : 0x10646    : c_sdsp s0, 8(sp)           : MemWrite :  D=0x7ffffffffffffda0 A=0x7ffffffffffffd58
3554500: system.cpu: T0 : 0x10648    : c_addi4spn s0, sp, 16      : IntAlu :  D=0x7ffffffffffffd60
3555500: system.cpu: T0 : 0x1064a    : auipc a5, 96               : IntAlu :  D=0x000000000007064a
3556500: system.cpu: T0 : 0x1064e    : ld a5, 446(a5)             : MemRead :  D=0x0000000000071988 A=0x70808
3557000: system.cpu: T0 : 0x10652    : c_lw a5, 0(a5)             : MemRead :  D=0x0000000000001677 A=0x71988
3557500: system.cpu: T0 : 0x10654    : c_mv a4, a5                : IntAlu :  D=0x0000000000001677
3558000: system.cpu: T0 : 0x10656    : c_mv a5, a4                : IntAlu :  D=0x0000000000001677
3558500: system.cpu: T0 : 0x10658    : slliw a5, a5, 5            : IntAlu :  D=0x000000000002cee0
3559000: system.cpu: T0 : 0x1065c    : c_addw a5, a4              : IntAlu :  D=0x000000000002e557
3560000: system.cpu: T0 : 0x1065e    : slliw a5, a5, 2            : IntAlu :  D=0x00000000000b955c
3560500: system.cpu: T0 : 0x10662    : c_addw a5, a4              : IntAlu :  D=0x00000000000babd3
3561000: system.cpu: T0 : 0x10664    : c_addiw a5, 0              : IntAlu :  D=0x00000000000babd3
3562000: system.cpu: T0 : 0x10666    : addiw a5, a5, 81           : IntAlu :  D=0x00000000000bac24
3562500: system.cpu: T0 : 0x1066a    : c_addiw a5, 0              : IntAlu :  D=0x00000000000bac24
3563000: system.cpu: T0 : 0x1066c    : c_mv a4, a5                : IntAlu :  D=0x00000000000bac24
3563500: system.cpu: T0 : 0x1066e    : c_lui a5, 2                : IntAlu :  D=0x0000000000002000
3564000: system.cpu: T0 : 0x10670    : addiw a5, a5, -97          : IntAlu :  D=0x0000000000001f9f
3564500: system.cpu: T0 : 0x10674    : remw a5, a4, a5            : IntDiv :  D=0x0000000000000fc2
3565000: system.cpu: T0 : 0x10678    : addiw a4, a5, 0            : IntAlu :  D=0x0000000000000fc2
3565500: system.cpu: T0 : 0x1067c    : auipc a5, 96               : IntAlu :  D=0x000000000007067c
3566000: system.cpu: T0 : 0x10680    : ld a5, 396(a5)             : MemRead :  D=0x0000000000071988 A=0x70808
3566500: system.cpu: T0 : 0x10684    : c_sw a4, 0(a5)             : MemWrite :  D=0x0000000000000fc2 A=0x71988
3567500: system.cpu: T0 : 0x10686    : auipc a5, 96               : IntAlu :  D=0x0000000000070686
3568500: system.cpu: T0 : 0x1068a    : ld a5, 386(a5)             : MemRead :  D=0x0000000000071988 A=0x70808
3569000: system.cpu: T0 : 0x1068e    : c_lw a5, 0(a5)             : MemRead :  D=0x0000000000000fc2 A=0x71988
3569500: system.cpu: T0 : 0x10690    : c_mv a0, a5                : IntAlu :  D=0x0000000000000fc2
3570000: system.cpu: T0 : 0x10692    : c_ldsp s0, 8(sp)           : MemRead :  D=0x7ffffffffffffda0 A=0x7ffffffffffffd58
3570500: system.cpu: T0 : 0x10694    : c_addi sp, 16              : IntAlu :  D=0x7ffffffffffffd60
3571000: system.cpu: T0 : 0x10696    : c_jr ra                    : IntAlu : 
3571500: system.cpu: T0 : 0x104e4    : c_mv a5, a0                : IntAlu :  D=0x0000000000000fc2
3572000: system.cpu: T0 : 0x104e6    : c_mv a4, a5                : IntAlu :  D=0x0000000000000fc2
3572500: system.cpu: T0 : 0x104e8    : slli a5, s1, 2             : IntAlu :  D=0x000000000000000c
3573000: system.cpu: T0 : 0x104ec    : c_add a5, s3               : IntAlu :  D=0x0000000000071a14
3573500: system.cpu: T0 : 0x104ee    : c_sw a4, 0(a5)             : MemWrite :  D=0x0000000000000fc2 A=0x71a14
3574000: system.cpu: T0 : 0x104f0    : addiw a5, s1, 1            : IntAlu :  D=0x0000000000000004
3574500: system.cpu: T0 : 0x104f4    : addiw s1, a5, 0            : IntAlu :  D=0x0000000000000004
3575000: system.cpu: T0 : 0x104f8    : c_mv a4, s1                : IntAlu :  D=0x0000000000000004
3575500: system.cpu: T0 : 0x104fa    : c_li a5, 9                 : IntAlu :  D=0x0000000000000009
3576000: system.cpu: T0 : 0x104fc    : bge a5, a4, -48            : IntAlu : 
3576500: system.cpu: T0 : 0x104cc    : c_mv a4, s2                : IntAlu :  D=0x0000000000000003
3577000: system.cpu: T0 : 0x104ce    : c_mv a5, a4                : IntAlu :  D=0x0000000000000003
3577500: system.cpu: T0 : 0x104d0    : c_slli a5, 2               : IntAlu :  D=0x000000000000000c
3578000: system.cpu: T0 : 0x104d2    : c_add a5, a4               : IntAlu :  D=0x000000000000000f
3578500: system.cpu: T0 : 0x104d4    : c_slli a5, 3               : IntAlu :  D=0x0000000000000078
3579000: system.cpu: T0 : 0x104d6    : c_mv a4, a5                : IntAlu :  D=0x0000000000000078
3579500: system.cpu: T0 : 0x104d8    : ld a5, -56(s0)             : MemRead :  D=0x0000000000071990 A=0x7ffffffffffffd68
3580000: system.cpu: T0 : 0x104dc    : add s3, a5, a4             : IntAlu :  D=0x0000000000071a08
3580500: system.cpu: T0 : 0x104e0    : jal ra, 356                : IntAlu :  D=0x00000000000104e4
3581000: system.cpu: T0 : 0x10644    : c_addi sp, -16             : IntAlu :  D=0x7ffffffffffffd50
3581500: system.cpu: T0 : 0x10646    : c_sdsp s0, 8(sp)           : MemWrite :  D=0x7ffffffffffffda0 A=0x7ffffffffffffd58
3582000: system.cpu: T0 : 0x10648    : c_addi4spn s0, sp, 16      : IntAlu :  D=0x7ffffffffffffd60
3583000: system.cpu: T0 : 0x1064a    : auipc a5, 96               : IntAlu :  D=0x000000000007064a
3584000: system.cpu: T0 : 0x1064e    : ld a5, 446(a5)             : MemRead :  D=0x0000000000071988 A=0x70808
3584500: system.cpu: T0 : 0x10652    : c_lw a5, 0(a5)             : MemRead :  D=0x0000000000000fc2 A=0x71988
3585000: system.cpu: T0 : 0x10654    : c_mv a4, a5                : IntAlu :  D=0x0000000000000fc2
3585500: system.cpu: T0 : 0x10656    : c_mv a5, a4                : IntAlu :  D=0x0000000000000fc2
3586000: system.cpu: T0 : 0x10658    : slliw a5, a5, 5            : IntAlu :  D=0x000000000001f840
3586500: system.cpu: T0 : 0x1065c    : c_addw a5, a4              : IntAlu :  D=0x0000000000020802
3587500: system.cpu: T0 : 0x1065e    : slliw a5, a5, 2            : IntAlu :  D=0x0000000000082008
3588000: system.cpu: T0 : 0x10662    : c_addw a5, a4              : IntAlu :  D=0x0000000000082fca
3588500: system.cpu: T0 : 0x10664    : c_addiw a5, 0              : IntAlu :  D=0x0000000000082fca
3589500: system.cpu: T0 : 0x10666    : addiw a5, a5, 81           : IntAlu :  D=0x000000000008301b
3590000: system.cpu: T0 : 0x1066a    : c_addiw a5, 0              : IntAlu :  D=0x000000000008301b
3590500: system.cpu: T0 : 0x1066c    : c_mv a4, a5                : IntAlu :  D=0x000000000008301b
3591000: system.cpu: T0 : 0x1066e    : c_lui a5, 2                : IntAlu :  D=0x0000000000002000
3591500: system.cpu: T0 : 0x10670    : addiw a5, a5, -97          : IntAlu :  D=0x0000000000001f9f
3592000: system.cpu: T0 : 0x10674    : remw a5, a4, a5            : IntDiv :  D=0x000000000000091d
3592500: system.cpu: T0 : 0x10678    : addiw a4, a5, 0            : IntAlu :  D=0x000000000000091d
3593000: system.cpu: T0 : 0x1067c    : auipc a5, 96               : IntAlu :  D=0x000000000007067c
3593500: system.cpu: T0 : 0x10680    : ld a5, 396(a5)             : MemRead :  D=0x0000000000071988 A=0x70808
3594000: system.cpu: T0 : 0x10684    : c_sw a4, 0(a5)             : MemWrite :  D=0x000000000000091d A=0x71988
3595000: system.cpu: T0 : 0x10686    : auipc a5, 96               : IntAlu :  D=0x0000000000070686
3596000: system.cpu: T0 : 0x1068a    : ld a5, 386(a5)             : MemRead :  D=0x0000000000071988 A=0x70808
3596500: system.cpu: T0 : 0x1068e    : c_lw a5, 0(a5)             : MemRead :  D=0x000000000000091d A=0x71988
3597000: system.cpu: T0 : 0x10690    : c_mv a0, a5                : IntAlu :  D=0x000000000000091d
3597500: system.cpu: T0 : 0x10692    : c_ldsp s0, 8(sp)           : MemRead :  D=0x7ffffffffffffda0 A=0x7ffffffffffffd58
3598000: system.cpu: T0 : 0x10694    : c_addi sp, 16              : IntAlu :  D=0x7ffffffffffffd60
3598500: system.cpu: T0 : 0x10696    : c_jr ra                    : IntAlu : 
3599000: system.cpu: T0 : 0x104e4    : c_mv a5, a0                : IntAlu :  D=0x000000000000091d
3599500: system.cpu: T0 : 0x104e6    : c_mv a4, a5                : IntAlu :  D=0x000000000000091d
3600000: system.cpu: T0 : 0x104e8    : slli a5, s1, 2             : IntAlu :  D=0x0000000000000010
3600500: system.cpu: T0 : 0x104ec    : c_add a5, s3               : IntAlu :  D=0x0000000000071a18
3601000: system.cpu: T0 : 0x104ee    : c_sw a4, 0(a5)             : MemWrite :  D=0x000000000000091d A=0x71a18
3601500: system.cpu: T0 : 0x104f0    : addiw a5, s1, 1            : IntAlu :  D=0x0000000000000005
3602000: system.cpu: T0 : 0x104f4    : addiw s1, a5, 0            : IntAlu :  D=0x0000000000000005
3602500: system.cpu: T0 : 0x104f8    : c_mv a4, s1                : IntAlu :  D=0x0000000000000005
3603000: system.cpu: T0 : 0x104fa    : c_li a5, 9                 : IntAlu :  D=0x0000000000000009
3603500: system.cpu: T0 : 0x104fc    : bge a5, a4, -48            : IntAlu : 
3604000: system.cpu: T0 : 0x104cc    : c_mv a4, s2                : IntAlu :  D=0x0000000000000003
3604500: system.cpu: T0 : 0x104ce    : c_mv a5, a4                : IntAlu :  D=0x0000000000000003
3605000: system.cpu: T0 : 0x104d0    : c_slli a5, 2               : IntAlu :  D=0x000000000000000c
3605500: system.cpu: T0 : 0x104d2    : c_add a5, a4               : IntAlu :  D=0x000000000000000f
3606000: system.cpu: T0 : 0x104d4    : c_slli a5, 3               : IntAlu :  D=0x0000000000000078
3606500: system.cpu: T0 : 0x104d6    : c_mv a4, a5                : IntAlu :  D=0x0000000000000078
3607000: system.cpu: T0 : 0x104d8    : ld a5, -56(s0)             : MemRead :  D=0x0000000000071990 A=0x7ffffffffffffd68
3607500: system.cpu: T0 : 0x104dc    : add s3, a5, a4             : IntAlu :  D=0x0000000000071a08
3608000: system.cpu: T0 : 0x104e0    : jal ra, 356                : IntAlu :  D=0x00000000000104e4
3608500: system.cpu: T0 : 0x10644    : c_addi sp, -16             : IntAlu :  D=0x7ffffffffffffd50
3609000: system.cpu: T0 : 0x10646    : c_sdsp s0, 8(sp)           : MemWrite :  D=0x7ffffffffffffda0 A=0x7ffffffffffffd58
3609500: system.cpu: T0 : 0x10648    : c_addi4spn s0, sp, 16      : IntAlu :  D=0x7ffffffffffffd60
3610500: system.cpu: T0 : 0x1064a    : auipc a5, 96               : IntAlu :  D=0x000000000007064a
3611500: system.cpu: T0 : 0x1064e    : ld a5, 446(a5)             : MemRead :  D=0x0000000000071988 A=0x70808
3612000: system.cpu: T0 : 0x10652    : c_lw a5, 0(a5)             : MemRead :  D=0x000000000000091d A=0x71988
3612500: system.cpu: T0 : 0x10654    : c_mv a4, a5                : IntAlu :  D=0x000000000000091d
3613000: system.cpu: T0 : 0x10656    : c_mv a5, a4                : IntAlu :  D=0x000000000000091d
3613500: system.cpu: T0 : 0x10658    : slliw a5, a5, 5            : IntAlu :  D=0x00000000000123a0
3614000: system.cpu: T0 : 0x1065c    : c_addw a5, a4              : IntAlu :  D=0x0000000000012cbd
3615000: system.cpu: T0 : 0x1065e    : slliw a5, a5, 2            : IntAlu :  D=0x000000000004b2f4
3615500: system.cpu: T0 : 0x10662    : c_addw a5, a4              : IntAlu :  D=0x000000000004bc11
3616000: system.cpu: T0 : 0x10664    : c_addiw a5, 0              : IntAlu :  D=0x000000000004bc11
3617000: system.cpu: T0 : 0x10666    : addiw a5, a5, 81           : IntAlu :  D=0x000000000004bc62
3617500: system.cpu: T0 : 0x1066a    : c_addiw a5, 0              : IntAlu :  D=0x000000000004bc62
3618000: system.cpu: T0 : 0x1066c    : c_mv a4, a5                : IntAlu :  D=0x000000000004bc62
3618500: system.cpu: T0 : 0x1066e    : c_lui a5, 2                : IntAlu :  D=0x0000000000002000
3619000: system.cpu: T0 : 0x10670    : addiw a5, a5, -97          : IntAlu :  D=0x0000000000001f9f
3619500: system.cpu: T0 : 0x10674    : remw a5, a4, a5            : IntDiv :  D=0x0000000000000ac8
3620000: system.cpu: T0 : 0x10678    : addiw a4, a5, 0            : IntAlu :  D=0x0000000000000ac8
3620500: system.cpu: T0 : 0x1067c    : auipc a5, 96               : IntAlu :  D=0x000000000007067c
3621000: system.cpu: T0 : 0x10680    : ld a5, 396(a5)             : MemRead :  D=0x0000000000071988 A=0x70808
3621500: system.cpu: T0 : 0x10684    : c_sw a4, 0(a5)             : MemWrite :  D=0x0000000000000ac8 A=0x71988
3622500: system.cpu: T0 : 0x10686    : auipc a5, 96               : IntAlu :  D=0x0000000000070686
3623500: system.cpu: T0 : 0x1068a    : ld a5, 386(a5)             : MemRead :  D=0x0000000000071988 A=0x70808
3624000: system.cpu: T0 : 0x1068e    : c_lw a5, 0(a5)             : MemRead :  D=0x0000000000000ac8 A=0x71988
3624500: system.cpu: T0 : 0x10690    : c_mv a0, a5                : IntAlu :  D=0x0000000000000ac8
3625000: system.cpu: T0 : 0x10692    : c_ldsp s0, 8(sp)           : MemRead :  D=0x7ffffffffffffda0 A=0x7ffffffffffffd58
3625500: system.cpu: T0 : 0x10694    : c_addi sp, 16              : IntAlu :  D=0x7ffffffffffffd60
3626000: system.cpu: T0 : 0x10696    : c_jr ra                    : IntAlu : 
3626500: system.cpu: T0 : 0x104e4    : c_mv a5, a0                : IntAlu :  D=0x0000000000000ac8
3627000: system.cpu: T0 : 0x104e6    : c_mv a4, a5                : IntAlu :  D=0x0000000000000ac8
3627500: system.cpu: T0 : 0x104e8    : slli a5, s1, 2             : IntAlu :  D=0x0000000000000014
3628000: system.cpu: T0 : 0x104ec    : c_add a5, s3               : IntAlu :  D=0x0000000000071a1c
3628500: system.cpu: T0 : 0x104ee    : c_sw a4, 0(a5)             : MemWrite :  D=0x0000000000000ac8 A=0x71a1c
3629000: system.cpu: T0 : 0x104f0    : addiw a5, s1, 1            : IntAlu :  D=0x0000000000000006
3629500: system.cpu: T0 : 0x104f4    : addiw s1, a5, 0            : IntAlu :  D=0x0000000000000006
3630000: system.cpu: T0 : 0x104f8    : c_mv a4, s1                : IntAlu :  D=0x0000000000000006
3630500: system.cpu: T0 : 0x104fa    : c_li a5, 9                 : IntAlu :  D=0x0000000000000009
3631000: system.cpu: T0 : 0x104fc    : bge a5, a4, -48            : IntAlu : 
3631500: system.cpu: T0 : 0x104cc    : c_mv a4, s2                : IntAlu :  D=0x0000000000000003
3632000: system.cpu: T0 : 0x104ce    : c_mv a5, a4                : IntAlu :  D=0x0000000000000003
3632500: system.cpu: T0 : 0x104d0    : c_slli a5, 2               : IntAlu :  D=0x000000000000000c
3633000: system.cpu: T0 : 0x104d2    : c_add a5, a4               : IntAlu :  D=0x000000000000000f
3633500: system.cpu: T0 : 0x104d4    : c_slli a5, 3               : IntAlu :  D=0x0000000000000078
3634000: system.cpu: T0 : 0x104d6    : c_mv a4, a5                : IntAlu :  D=0x0000000000000078
3634500: system.cpu: T0 : 0x104d8    : ld a5, -56(s0)             : MemRead :  D=0x0000000000071990 A=0x7ffffffffffffd68
3635000: system.cpu: T0 : 0x104dc    : add s3, a5, a4             : IntAlu :  D=0x0000000000071a08
3635500: system.cpu: T0 : 0x104e0    : jal ra, 356                : IntAlu :  D=0x00000000000104e4
3636000: system.cpu: T0 : 0x10644    : c_addi sp, -16             : IntAlu :  D=0x7ffffffffffffd50
3636500: system.cpu: T0 : 0x10646    : c_sdsp s0, 8(sp)           : MemWrite :  D=0x7ffffffffffffda0 A=0x7ffffffffffffd58
3637000: system.cpu: T0 : 0x10648    : c_addi4spn s0, sp, 16      : IntAlu :  D=0x7ffffffffffffd60
3638000: system.cpu: T0 : 0x1064a    : auipc a5, 96               : IntAlu :  D=0x000000000007064a
3639000: system.cpu: T0 : 0x1064e    : ld a5, 446(a5)             : MemRead :  D=0x0000000000071988 A=0x70808
3639500: system.cpu: T0 : 0x10652    : c_lw a5, 0(a5)             : MemRead :  D=0x0000000000000ac8 A=0x71988
3640000: system.cpu: T0 : 0x10654    : c_mv a4, a5                : IntAlu :  D=0x0000000000000ac8
3640500: system.cpu: T0 : 0x10656    : c_mv a5, a4                : IntAlu :  D=0x0000000000000ac8
3641000: system.cpu: T0 : 0x10658    : slliw a5, a5, 5            : IntAlu :  D=0x0000000000015900
3641500: system.cpu: T0 : 0x1065c    : c_addw a5, a4              : IntAlu :  D=0x00000000000163c8
3642500: system.cpu: T0 : 0x1065e    : slliw a5, a5, 2            : IntAlu :  D=0x0000000000058f20
3643000: system.cpu: T0 : 0x10662    : c_addw a5, a4              : IntAlu :  D=0x00000000000599e8
3643500: system.cpu: T0 : 0x10664    : c_addiw a5, 0              : IntAlu :  D=0x00000000000599e8
3644500: system.cpu: T0 : 0x10666    : addiw a5, a5, 81           : IntAlu :  D=0x0000000000059a39
3645000: system.cpu: T0 : 0x1066a    : c_addiw a5, 0              : IntAlu :  D=0x0000000000059a39
3645500: system.cpu: T0 : 0x1066c    : c_mv a4, a5                : IntAlu :  D=0x0000000000059a39
3646000: system.cpu: T0 : 0x1066e    : c_lui a5, 2                : IntAlu :  D=0x0000000000002000
3646500: system.cpu: T0 : 0x10670    : addiw a5, a5, -97          : IntAlu :  D=0x0000000000001f9f
3647000: system.cpu: T0 : 0x10674    : remw a5, a4, a5            : IntDiv :  D=0x0000000000000b46
3647500: system.cpu: T0 : 0x10678    : addiw a4, a5, 0            : IntAlu :  D=0x0000000000000b46
3648000: system.cpu: T0 : 0x1067c    : auipc a5, 96               : IntAlu :  D=0x000000000007067c
3648500: system.cpu: T0 : 0x10680    : ld a5, 396(a5)             : MemRead :  D=0x0000000000071988 A=0x70808
3649000: system.cpu: T0 : 0x10684    : c_sw a4, 0(a5)             : MemWrite :  D=0x0000000000000b46 A=0x71988
3650000: system.cpu: T0 : 0x10686    : auipc a5, 96               : IntAlu :  D=0x0000000000070686
3651000: system.cpu: T0 : 0x1068a    : ld a5, 386(a5)             : MemRead :  D=0x0000000000071988 A=0x70808
3651500: system.cpu: T0 : 0x1068e    : c_lw a5, 0(a5)             : MemRead :  D=0x0000000000000b46 A=0x71988
3652000: system.cpu: T0 : 0x10690    : c_mv a0, a5                : IntAlu :  D=0x0000000000000b46
3652500: system.cpu: T0 : 0x10692    : c_ldsp s0, 8(sp)           : MemRead :  D=0x7ffffffffffffda0 A=0x7ffffffffffffd58
3653000: system.cpu: T0 : 0x10694    : c_addi sp, 16              : IntAlu :  D=0x7ffffffffffffd60
3653500: system.cpu: T0 : 0x10696    : c_jr ra                    : IntAlu : 
3654000: system.cpu: T0 : 0x104e4    : c_mv a5, a0                : IntAlu :  D=0x0000000000000b46
3654500: system.cpu: T0 : 0x104e6    : c_mv a4, a5                : IntAlu :  D=0x0000000000000b46
3655000: system.cpu: T0 : 0x104e8    : slli a5, s1, 2             : IntAlu :  D=0x0000000000000018
3655500: system.cpu: T0 : 0x104ec    : c_add a5, s3               : IntAlu :  D=0x0000000000071a20
3656000: system.cpu: T0 : 0x104ee    : c_sw a4, 0(a5)             : MemWrite :  D=0x0000000000000b46 A=0x71a20
3656500: system.cpu: T0 : 0x104f0    : addiw a5, s1, 1            : IntAlu :  D=0x0000000000000007
3657000: system.cpu: T0 : 0x104f4    : addiw s1, a5, 0            : IntAlu :  D=0x0000000000000007
3657500: system.cpu: T0 : 0x104f8    : c_mv a4, s1                : IntAlu :  D=0x0000000000000007
3658000: system.cpu: T0 : 0x104fa    : c_li a5, 9                 : IntAlu :  D=0x0000000000000009
3658500: system.cpu: T0 : 0x104fc    : bge a5, a4, -48            : IntAlu : 
3659000: system.cpu: T0 : 0x104cc    : c_mv a4, s2                : IntAlu :  D=0x0000000000000003
3659500: system.cpu: T0 : 0x104ce    : c_mv a5, a4                : IntAlu :  D=0x0000000000000003
3660000: system.cpu: T0 : 0x104d0    : c_slli a5, 2               : IntAlu :  D=0x000000000000000c
3660500: system.cpu: T0 : 0x104d2    : c_add a5, a4               : IntAlu :  D=0x000000000000000f
3661000: system.cpu: T0 : 0x104d4    : c_slli a5, 3               : IntAlu :  D=0x0000000000000078
3661500: system.cpu: T0 : 0x104d6    : c_mv a4, a5                : IntAlu :  D=0x0000000000000078
3662000: system.cpu: T0 : 0x104d8    : ld a5, -56(s0)             : MemRead :  D=0x0000000000071990 A=0x7ffffffffffffd68
3662500: system.cpu: T0 : 0x104dc    : add s3, a5, a4             : IntAlu :  D=0x0000000000071a08
3663000: system.cpu: T0 : 0x104e0    : jal ra, 356                : IntAlu :  D=0x00000000000104e4
3663500: system.cpu: T0 : 0x10644    : c_addi sp, -16             : IntAlu :  D=0x7ffffffffffffd50
3664000: system.cpu: T0 : 0x10646    : c_sdsp s0, 8(sp)           : MemWrite :  D=0x7ffffffffffffda0 A=0x7ffffffffffffd58
3664500: system.cpu: T0 : 0x10648    : c_addi4spn s0, sp, 16      : IntAlu :  D=0x7ffffffffffffd60
3665500: system.cpu: T0 : 0x1064a    : auipc a5, 96               : IntAlu :  D=0x000000000007064a
3666500: system.cpu: T0 : 0x1064e    : ld a5, 446(a5)             : MemRead :  D=0x0000000000071988 A=0x70808
3667000: system.cpu: T0 : 0x10652    : c_lw a5, 0(a5)             : MemRead :  D=0x0000000000000b46 A=0x71988
3667500: system.cpu: T0 : 0x10654    : c_mv a4, a5                : IntAlu :  D=0x0000000000000b46
3668000: system.cpu: T0 : 0x10656    : c_mv a5, a4                : IntAlu :  D=0x0000000000000b46
3668500: system.cpu: T0 : 0x10658    : slliw a5, a5, 5            : IntAlu :  D=0x00000000000168c0
3669000: system.cpu: T0 : 0x1065c    : c_addw a5, a4              : IntAlu :  D=0x0000000000017406
3670000: system.cpu: T0 : 0x1065e    : slliw a5, a5, 2            : IntAlu :  D=0x000000000005d018
3670500: system.cpu: T0 : 0x10662    : c_addw a5, a4              : IntAlu :  D=0x000000000005db5e
3671000: system.cpu: T0 : 0x10664    : c_addiw a5, 0              : IntAlu :  D=0x000000000005db5e
3672000: system.cpu: T0 : 0x10666    : addiw a5, a5, 81           : IntAlu :  D=0x000000000005dbaf
3672500: system.cpu: T0 : 0x1066a    : c_addiw a5, 0              : IntAlu :  D=0x000000000005dbaf
3673000: system.cpu: T0 : 0x1066c    : c_mv a4, a5                : IntAlu :  D=0x000000000005dbaf
3673500: system.cpu: T0 : 0x1066e    : c_lui a5, 2                : IntAlu :  D=0x0000000000002000
3674000: system.cpu: T0 : 0x10670    : addiw a5, a5, -97          : IntAlu :  D=0x0000000000001f9f
3674500: system.cpu: T0 : 0x10674    : remw a5, a4, a5            : IntDiv :  D=0x0000000000000d7e
3675000: system.cpu: T0 : 0x10678    : addiw a4, a5, 0            : IntAlu :  D=0x0000000000000d7e
3675500: system.cpu: T0 : 0x1067c    : auipc a5, 96               : IntAlu :  D=0x000000000007067c
3676000: system.cpu: T0 : 0x10680    : ld a5, 396(a5)             : MemRead :  D=0x0000000000071988 A=0x70808
3676500: system.cpu: T0 : 0x10684    : c_sw a4, 0(a5)             : MemWrite :  D=0x0000000000000d7e A=0x71988
3677500: system.cpu: T0 : 0x10686    : auipc a5, 96               : IntAlu :  D=0x0000000000070686
3678500: system.cpu: T0 : 0x1068a    : ld a5, 386(a5)             : MemRead :  D=0x0000000000071988 A=0x70808
3679000: system.cpu: T0 : 0x1068e    : c_lw a5, 0(a5)             : MemRead :  D=0x0000000000000d7e A=0x71988
3679500: system.cpu: T0 : 0x10690    : c_mv a0, a5                : IntAlu :  D=0x0000000000000d7e
3680000: system.cpu: T0 : 0x10692    : c_ldsp s0, 8(sp)           : MemRead :  D=0x7ffffffffffffda0 A=0x7ffffffffffffd58
3680500: system.cpu: T0 : 0x10694    : c_addi sp, 16              : IntAlu :  D=0x7ffffffffffffd60
3681000: system.cpu: T0 : 0x10696    : c_jr ra                    : IntAlu : 
3681500: system.cpu: T0 : 0x104e4    : c_mv a5, a0                : IntAlu :  D=0x0000000000000d7e
3682000: system.cpu: T0 : 0x104e6    : c_mv a4, a5                : IntAlu :  D=0x0000000000000d7e
3682500: system.cpu: T0 : 0x104e8    : slli a5, s1, 2             : IntAlu :  D=0x000000000000001c
3683000: system.cpu: T0 : 0x104ec    : c_add a5, s3               : IntAlu :  D=0x0000000000071a24
3683500: system.cpu: T0 : 0x104ee    : c_sw a4, 0(a5)             : MemWrite :  D=0x0000000000000d7e A=0x71a24
3684000: system.cpu: T0 : 0x104f0    : addiw a5, s1, 1            : IntAlu :  D=0x0000000000000008
3684500: system.cpu: T0 : 0x104f4    : addiw s1, a5, 0            : IntAlu :  D=0x0000000000000008
3685000: system.cpu: T0 : 0x104f8    : c_mv a4, s1                : IntAlu :  D=0x0000000000000008
3685500: system.cpu: T0 : 0x104fa    : c_li a5, 9                 : IntAlu :  D=0x0000000000000009
3686000: system.cpu: T0 : 0x104fc    : bge a5, a4, -48            : IntAlu : 
3686500: system.cpu: T0 : 0x104cc    : c_mv a4, s2                : IntAlu :  D=0x0000000000000003
3687000: system.cpu: T0 : 0x104ce    : c_mv a5, a4                : IntAlu :  D=0x0000000000000003
3687500: system.cpu: T0 : 0x104d0    : c_slli a5, 2               : IntAlu :  D=0x000000000000000c
3688000: system.cpu: T0 : 0x104d2    : c_add a5, a4               : IntAlu :  D=0x000000000000000f
3688500: system.cpu: T0 : 0x104d4    : c_slli a5, 3               : IntAlu :  D=0x0000000000000078
3689000: system.cpu: T0 : 0x104d6    : c_mv a4, a5                : IntAlu :  D=0x0000000000000078
3689500: system.cpu: T0 : 0x104d8    : ld a5, -56(s0)             : MemRead :  D=0x0000000000071990 A=0x7ffffffffffffd68
3690000: system.cpu: T0 : 0x104dc    : add s3, a5, a4             : IntAlu :  D=0x0000000000071a08
3690500: system.cpu: T0 : 0x104e0    : jal ra, 356                : IntAlu :  D=0x00000000000104e4
3691000: system.cpu: T0 : 0x10644    : c_addi sp, -16             : IntAlu :  D=0x7ffffffffffffd50
3691500: system.cpu: T0 : 0x10646    : c_sdsp s0, 8(sp)           : MemWrite :  D=0x7ffffffffffffda0 A=0x7ffffffffffffd58
3692000: system.cpu: T0 : 0x10648    : c_addi4spn s0, sp, 16      : IntAlu :  D=0x7ffffffffffffd60
3693000: system.cpu: T0 : 0x1064a    : auipc a5, 96               : IntAlu :  D=0x000000000007064a
3694000: system.cpu: T0 : 0x1064e    : ld a5, 446(a5)             : MemRead :  D=0x0000000000071988 A=0x70808
3694500: system.cpu: T0 : 0x10652    : c_lw a5, 0(a5)             : MemRead :  D=0x0000000000000d7e A=0x71988
3695000: system.cpu: T0 : 0x10654    : c_mv a4, a5                : IntAlu :  D=0x0000000000000d7e
3695500: system.cpu: T0 : 0x10656    : c_mv a5, a4                : IntAlu :  D=0x0000000000000d7e
3696000: system.cpu: T0 : 0x10658    : slliw a5, a5, 5            : IntAlu :  D=0x000000000001afc0
3696500: system.cpu: T0 : 0x1065c    : c_addw a5, a4              : IntAlu :  D=0x000000000001bd3e
3697500: system.cpu: T0 : 0x1065e    : slliw a5, a5, 2            : IntAlu :  D=0x000000000006f4f8
3698000: system.cpu: T0 : 0x10662    : c_addw a5, a4              : IntAlu :  D=0x0000000000070276
3698500: system.cpu: T0 : 0x10664    : c_addiw a5, 0              : IntAlu :  D=0x0000000000070276
3699500: system.cpu: T0 : 0x10666    : addiw a5, a5, 81           : IntAlu :  D=0x00000000000702c7
3700000: system.cpu: T0 : 0x1066a    : c_addiw a5, 0              : IntAlu :  D=0x00000000000702c7
3700500: system.cpu: T0 : 0x1066c    : c_mv a4, a5                : IntAlu :  D=0x00000000000702c7
3701000: system.cpu: T0 : 0x1066e    : c_lui a5, 2                : IntAlu :  D=0x0000000000002000
3701500: system.cpu: T0 : 0x10670    : addiw a5, a5, -97          : IntAlu :  D=0x0000000000001f9f
3702000: system.cpu: T0 : 0x10674    : remw a5, a4, a5            : IntDiv :  D=0x00000000000017ff
3702500: system.cpu: T0 : 0x10678    : addiw a4, a5, 0            : IntAlu :  D=0x00000000000017ff
3703000: system.cpu: T0 : 0x1067c    : auipc a5, 96               : IntAlu :  D=0x000000000007067c
3703500: system.cpu: T0 : 0x10680    : ld a5, 396(a5)             : MemRead :  D=0x0000000000071988 A=0x70808
3704000: system.cpu: T0 : 0x10684    : c_sw a4, 0(a5)             : MemWrite :  D=0x00000000000017ff A=0x71988
3705000: system.cpu: T0 : 0x10686    : auipc a5, 96               : IntAlu :  D=0x0000000000070686
3706000: system.cpu: T0 : 0x1068a    : ld a5, 386(a5)             : MemRead :  D=0x0000000000071988 A=0x70808
3706500: system.cpu: T0 : 0x1068e    : c_lw a5, 0(a5)             : MemRead :  D=0x00000000000017ff A=0x71988
3707000: system.cpu: T0 : 0x10690    : c_mv a0, a5                : IntAlu :  D=0x00000000000017ff
3707500: system.cpu: T0 : 0x10692    : c_ldsp s0, 8(sp)           : MemRead :  D=0x7ffffffffffffda0 A=0x7ffffffffffffd58
3708000: system.cpu: T0 : 0x10694    : c_addi sp, 16              : IntAlu :  D=0x7ffffffffffffd60
3708500: system.cpu: T0 : 0x10696    : c_jr ra                    : IntAlu : 
3709000: system.cpu: T0 : 0x104e4    : c_mv a5, a0                : IntAlu :  D=0x00000000000017ff
3709500: system.cpu: T0 : 0x104e6    : c_mv a4, a5                : IntAlu :  D=0x00000000000017ff
3710000: system.cpu: T0 : 0x104e8    : slli a5, s1, 2             : IntAlu :  D=0x0000000000000020
3710500: system.cpu: T0 : 0x104ec    : c_add a5, s3               : IntAlu :  D=0x0000000000071a28
3711000: system.cpu: T0 : 0x104ee    : c_sw a4, 0(a5)             : MemWrite :  D=0x00000000000017ff A=0x71a28
3711500: system.cpu: T0 : 0x104f0    : addiw a5, s1, 1            : IntAlu :  D=0x0000000000000009
3712000: system.cpu: T0 : 0x104f4    : addiw s1, a5, 0            : IntAlu :  D=0x0000000000000009
3712500: system.cpu: T0 : 0x104f8    : c_mv a4, s1                : IntAlu :  D=0x0000000000000009
3713000: system.cpu: T0 : 0x104fa    : c_li a5, 9                 : IntAlu :  D=0x0000000000000009
3713500: system.cpu: T0 : 0x104fc    : bge a5, a4, -48            : IntAlu : 
3714000: system.cpu: T0 : 0x104cc    : c_mv a4, s2                : IntAlu :  D=0x0000000000000003
3714500: system.cpu: T0 : 0x104ce    : c_mv a5, a4                : IntAlu :  D=0x0000000000000003
3715000: system.cpu: T0 : 0x104d0    : c_slli a5, 2               : IntAlu :  D=0x000000000000000c
3715500: system.cpu: T0 : 0x104d2    : c_add a5, a4               : IntAlu :  D=0x000000000000000f
3716000: system.cpu: T0 : 0x104d4    : c_slli a5, 3               : IntAlu :  D=0x0000000000000078
3716500: system.cpu: T0 : 0x104d6    : c_mv a4, a5                : IntAlu :  D=0x0000000000000078
3717000: system.cpu: T0 : 0x104d8    : ld a5, -56(s0)             : MemRead :  D=0x0000000000071990 A=0x7ffffffffffffd68
3717500: system.cpu: T0 : 0x104dc    : add s3, a5, a4             : IntAlu :  D=0x0000000000071a08
3718000: system.cpu: T0 : 0x104e0    : jal ra, 356                : IntAlu :  D=0x00000000000104e4
3718500: system.cpu: T0 : 0x10644    : c_addi sp, -16             : IntAlu :  D=0x7ffffffffffffd50
3719000: system.cpu: T0 : 0x10646    : c_sdsp s0, 8(sp)           : MemWrite :  D=0x7ffffffffffffda0 A=0x7ffffffffffffd58
3719500: system.cpu: T0 : 0x10648    : c_addi4spn s0, sp, 16      : IntAlu :  D=0x7ffffffffffffd60
3720500: system.cpu: T0 : 0x1064a    : auipc a5, 96               : IntAlu :  D=0x000000000007064a
3721500: system.cpu: T0 : 0x1064e    : ld a5, 446(a5)             : MemRead :  D=0x0000000000071988 A=0x70808
3722000: system.cpu: T0 : 0x10652    : c_lw a5, 0(a5)             : MemRead :  D=0x00000000000017ff A=0x71988
3722500: system.cpu: T0 : 0x10654    : c_mv a4, a5                : IntAlu :  D=0x00000000000017ff
3723000: system.cpu: T0 : 0x10656    : c_mv a5, a4                : IntAlu :  D=0x00000000000017ff
3723500: system.cpu: T0 : 0x10658    : slliw a5, a5, 5            : IntAlu :  D=0x000000000002ffe0
3724000: system.cpu: T0 : 0x1065c    : c_addw a5, a4              : IntAlu :  D=0x00000000000317df
3725000: system.cpu: T0 : 0x1065e    : slliw a5, a5, 2            : IntAlu :  D=0x00000000000c5f7c
3725500: system.cpu: T0 : 0x10662    : c_addw a5, a4              : IntAlu :  D=0x00000000000c777b
3726000: system.cpu: T0 : 0x10664    : c_addiw a5, 0              : IntAlu :  D=0x00000000000c777b
3727000: system.cpu: T0 : 0x10666    : addiw a5, a5, 81           : IntAlu :  D=0x00000000000c77cc
3727500: system.cpu: T0 : 0x1066a    : c_addiw a5, 0              : IntAlu :  D=0x00000000000c77cc
3728000: system.cpu: T0 : 0x1066c    : c_mv a4, a5                : IntAlu :  D=0x00000000000c77cc
3728500: system.cpu: T0 : 0x1066e    : c_lui a5, 2                : IntAlu :  D=0x0000000000002000
3729000: system.cpu: T0 : 0x10670    : addiw a5, a5, -97          : IntAlu :  D=0x0000000000001f9f
3729500: system.cpu: T0 : 0x10674    : remw a5, a4, a5            : IntDiv :  D=0x0000000000001db0
3730000: system.cpu: T0 : 0x10678    : addiw a4, a5, 0            : IntAlu :  D=0x0000000000001db0
3730500: system.cpu: T0 : 0x1067c    : auipc a5, 96               : IntAlu :  D=0x000000000007067c
3731000: system.cpu: T0 : 0x10680    : ld a5, 396(a5)             : MemRead :  D=0x0000000000071988 A=0x70808
3731500: system.cpu: T0 : 0x10684    : c_sw a4, 0(a5)             : MemWrite :  D=0x0000000000001db0 A=0x71988
3732500: system.cpu: T0 : 0x10686    : auipc a5, 96               : IntAlu :  D=0x0000000000070686
3733500: system.cpu: T0 : 0x1068a    : ld a5, 386(a5)             : MemRead :  D=0x0000000000071988 A=0x70808
3734000: system.cpu: T0 : 0x1068e    : c_lw a5, 0(a5)             : MemRead :  D=0x0000000000001db0 A=0x71988
3734500: system.cpu: T0 : 0x10690    : c_mv a0, a5                : IntAlu :  D=0x0000000000001db0
3735000: system.cpu: T0 : 0x10692    : c_ldsp s0, 8(sp)           : MemRead :  D=0x7ffffffffffffda0 A=0x7ffffffffffffd58
3735500: system.cpu: T0 : 0x10694    : c_addi sp, 16              : IntAlu :  D=0x7ffffffffffffd60
3736000: system.cpu: T0 : 0x10696    : c_jr ra                    : IntAlu : 
3736500: system.cpu: T0 : 0x104e4    : c_mv a5, a0                : IntAlu :  D=0x0000000000001db0
3737000: system.cpu: T0 : 0x104e6    : c_mv a4, a5                : IntAlu :  D=0x0000000000001db0
3737500: system.cpu: T0 : 0x104e8    : slli a5, s1, 2             : IntAlu :  D=0x0000000000000024
3738000: system.cpu: T0 : 0x104ec    : c_add a5, s3               : IntAlu :  D=0x0000000000071a2c
3738500: system.cpu: T0 : 0x104ee    : c_sw a4, 0(a5)             : MemWrite :  D=0x0000000000001db0 A=0x71a2c
3739000: system.cpu: T0 : 0x104f0    : addiw a5, s1, 1            : IntAlu :  D=0x000000000000000a
3739500: system.cpu: T0 : 0x104f4    : addiw s1, a5, 0            : IntAlu :  D=0x000000000000000a
3740000: system.cpu: T0 : 0x104f8    : c_mv a4, s1                : IntAlu :  D=0x000000000000000a
3740500: system.cpu: T0 : 0x104fa    : c_li a5, 9                 : IntAlu :  D=0x0000000000000009
3741000: system.cpu: T0 : 0x104fc    : bge a5, a4, -48            : IntAlu : 
3741500: system.cpu: T0 : 0x10500    : addiw a5, s2, 1            : IntAlu :  D=0x0000000000000004
3742000: system.cpu: T0 : 0x10504    : addiw s2, a5, 0            : IntAlu :  D=0x0000000000000004
3742500: system.cpu: T0 : 0x10508    : c_mv a4, s2                : IntAlu :  D=0x0000000000000004
3743000: system.cpu: T0 : 0x1050a    : c_li a5, 9                 : IntAlu :  D=0x0000000000000009
3743500: system.cpu: T0 : 0x1050c    : bge a5, a4, -68            : IntAlu : 
3744000: system.cpu: T0 : 0x104c8    : c_li s1, 0                 : IntAlu :  D=0x0000000000000000
3744500: system.cpu: T0 : 0x104ca    : c_j 46                     : IntAlu : 
3745000: system.cpu: T0 : 0x104f8    : c_mv a4, s1                : IntAlu :  D=0x0000000000000000
3745500: system.cpu: T0 : 0x104fa    : c_li a5, 9                 : IntAlu :  D=0x0000000000000009
3746000: system.cpu: T0 : 0x104fc    : bge a5, a4, -48            : IntAlu : 
3746500: system.cpu: T0 : 0x104cc    : c_mv a4, s2                : IntAlu :  D=0x0000000000000004
3747000: system.cpu: T0 : 0x104ce    : c_mv a5, a4                : IntAlu :  D=0x0000000000000004
3747500: system.cpu: T0 : 0x104d0    : c_slli a5, 2               : IntAlu :  D=0x0000000000000010
3748000: system.cpu: T0 : 0x104d2    : c_add a5, a4               : IntAlu :  D=0x0000000000000014
3748500: system.cpu: T0 : 0x104d4    : c_slli a5, 3               : IntAlu :  D=0x00000000000000a0
3749000: system.cpu: T0 : 0x104d6    : c_mv a4, a5                : IntAlu :  D=0x00000000000000a0
3749500: system.cpu: T0 : 0x104d8    : ld a5, -56(s0)             : MemRead :  D=0x0000000000071990 A=0x7ffffffffffffd68
3750000: system.cpu: T0 : 0x104dc    : add s3, a5, a4             : IntAlu :  D=0x0000000000071a30
3750500: system.cpu: T0 : 0x104e0    : jal ra, 356                : IntAlu :  D=0x00000000000104e4
3751000: system.cpu: T0 : 0x10644    : c_addi sp, -16             : IntAlu :  D=0x7ffffffffffffd50
3751500: system.cpu: T0 : 0x10646    : c_sdsp s0, 8(sp)           : MemWrite :  D=0x7ffffffffffffda0 A=0x7ffffffffffffd58
3752000: system.cpu: T0 : 0x10648    : c_addi4spn s0, sp, 16      : IntAlu :  D=0x7ffffffffffffd60
3753000: system.cpu: T0 : 0x1064a    : auipc a5, 96               : IntAlu :  D=0x000000000007064a
3754000: system.cpu: T0 : 0x1064e    : ld a5, 446(a5)             : MemRead :  D=0x0000000000071988 A=0x70808
3754500: system.cpu: T0 : 0x10652    : c_lw a5, 0(a5)             : MemRead :  D=0x0000000000001db0 A=0x71988
3755000: system.cpu: T0 : 0x10654    : c_mv a4, a5                : IntAlu :  D=0x0000000000001db0
3755500: system.cpu: T0 : 0x10656    : c_mv a5, a4                : IntAlu :  D=0x0000000000001db0
3756000: system.cpu: T0 : 0x10658    : slliw a5, a5, 5            : IntAlu :  D=0x000000000003b600
3756500: system.cpu: T0 : 0x1065c    : c_addw a5, a4              : IntAlu :  D=0x000000000003d3b0
3757500: system.cpu: T0 : 0x1065e    : slliw a5, a5, 2            : IntAlu :  D=0x00000000000f4ec0
3758000: system.cpu: T0 : 0x10662    : c_addw a5, a4              : IntAlu :  D=0x00000000000f6c70
3758500: system.cpu: T0 : 0x10664    : c_addiw a5, 0              : IntAlu :  D=0x00000000000f6c70
3759500: system.cpu: T0 : 0x10666    : addiw a5, a5, 81           : IntAlu :  D=0x00000000000f6cc1
3760000: system.cpu: T0 : 0x1066a    : c_addiw a5, 0              : IntAlu :  D=0x00000000000f6cc1
3760500: system.cpu: T0 : 0x1066c    : c_mv a4, a5                : IntAlu :  D=0x00000000000f6cc1
3761000: system.cpu: T0 : 0x1066e    : c_lui a5, 2                : IntAlu :  D=0x0000000000002000
3761500: system.cpu: T0 : 0x10670    : addiw a5, a5, -97          : IntAlu :  D=0x0000000000001f9f
3762000: system.cpu: T0 : 0x10674    : remw a5, a4, a5            : IntDiv :  D=0x0000000000001bbd
3762500: system.cpu: T0 : 0x10678    : addiw a4, a5, 0            : IntAlu :  D=0x0000000000001bbd
3763000: system.cpu: T0 : 0x1067c    : auipc a5, 96               : IntAlu :  D=0x000000000007067c
3763500: system.cpu: T0 : 0x10680    : ld a5, 396(a5)             : MemRead :  D=0x0000000000071988 A=0x70808
3764000: system.cpu: T0 : 0x10684    : c_sw a4, 0(a5)             : MemWrite :  D=0x0000000000001bbd A=0x71988
3765000: system.cpu: T0 : 0x10686    : auipc a5, 96               : IntAlu :  D=0x0000000000070686
3766000: system.cpu: T0 : 0x1068a    : ld a5, 386(a5)             : MemRead :  D=0x0000000000071988 A=0x70808
3766500: system.cpu: T0 : 0x1068e    : c_lw a5, 0(a5)             : MemRead :  D=0x0000000000001bbd A=0x71988
3767000: system.cpu: T0 : 0x10690    : c_mv a0, a5                : IntAlu :  D=0x0000000000001bbd
3767500: system.cpu: T0 : 0x10692    : c_ldsp s0, 8(sp)           : MemRead :  D=0x7ffffffffffffda0 A=0x7ffffffffffffd58
3768000: system.cpu: T0 : 0x10694    : c_addi sp, 16              : IntAlu :  D=0x7ffffffffffffd60
3768500: system.cpu: T0 : 0x10696    : c_jr ra                    : IntAlu : 
3769000: system.cpu: T0 : 0x104e4    : c_mv a5, a0                : IntAlu :  D=0x0000000000001bbd
3769500: system.cpu: T0 : 0x104e6    : c_mv a4, a5                : IntAlu :  D=0x0000000000001bbd
3770000: system.cpu: T0 : 0x104e8    : slli a5, s1, 2             : IntAlu :  D=0x0000000000000000
3770500: system.cpu: T0 : 0x104ec    : c_add a5, s3               : IntAlu :  D=0x0000000000071a30
3771000: system.cpu: T0 : 0x104ee    : c_sw a4, 0(a5)             : MemWrite :  D=0x0000000000001bbd A=0x71a30
3771500: system.cpu: T0 : 0x104f0    : addiw a5, s1, 1            : IntAlu :  D=0x0000000000000001
3772000: system.cpu: T0 : 0x104f4    : addiw s1, a5, 0            : IntAlu :  D=0x0000000000000001
3772500: system.cpu: T0 : 0x104f8    : c_mv a4, s1                : IntAlu :  D=0x0000000000000001
3773000: system.cpu: T0 : 0x104fa    : c_li a5, 9                 : IntAlu :  D=0x0000000000000009
3773500: system.cpu: T0 : 0x104fc    : bge a5, a4, -48            : IntAlu : 
3774000: system.cpu: T0 : 0x104cc    : c_mv a4, s2                : IntAlu :  D=0x0000000000000004
3774500: system.cpu: T0 : 0x104ce    : c_mv a5, a4                : IntAlu :  D=0x0000000000000004
3775000: system.cpu: T0 : 0x104d0    : c_slli a5, 2               : IntAlu :  D=0x0000000000000010
3775500: system.cpu: T0 : 0x104d2    : c_add a5, a4               : IntAlu :  D=0x0000000000000014
3776000: system.cpu: T0 : 0x104d4    : c_slli a5, 3               : IntAlu :  D=0x00000000000000a0
3776500: system.cpu: T0 : 0x104d6    : c_mv a4, a5                : IntAlu :  D=0x00000000000000a0
3777000: system.cpu: T0 : 0x104d8    : ld a5, -56(s0)             : MemRead :  D=0x0000000000071990 A=0x7ffffffffffffd68
3777500: system.cpu: T0 : 0x104dc    : add s3, a5, a4             : IntAlu :  D=0x0000000000071a30
3778000: system.cpu: T0 : 0x104e0    : jal ra, 356                : IntAlu :  D=0x00000000000104e4
3778500: system.cpu: T0 : 0x10644    : c_addi sp, -16             : IntAlu :  D=0x7ffffffffffffd50
3779000: system.cpu: T0 : 0x10646    : c_sdsp s0, 8(sp)           : MemWrite :  D=0x7ffffffffffffda0 A=0x7ffffffffffffd58
3779500: system.cpu: T0 : 0x10648    : c_addi4spn s0, sp, 16      : IntAlu :  D=0x7ffffffffffffd60
3780500: system.cpu: T0 : 0x1064a    : auipc a5, 96               : IntAlu :  D=0x000000000007064a
3781500: system.cpu: T0 : 0x1064e    : ld a5, 446(a5)             : MemRead :  D=0x0000000000071988 A=0x70808
3782000: system.cpu: T0 : 0x10652    : c_lw a5, 0(a5)             : MemRead :  D=0x0000000000001bbd A=0x71988
3782500: system.cpu: T0 : 0x10654    : c_mv a4, a5                : IntAlu :  D=0x0000000000001bbd
3783000: system.cpu: T0 : 0x10656    : c_mv a5, a4                : IntAlu :  D=0x0000000000001bbd
3783500: system.cpu: T0 : 0x10658    : slliw a5, a5, 5            : IntAlu :  D=0x00000000000377a0
3784000: system.cpu: T0 : 0x1065c    : c_addw a5, a4              : IntAlu :  D=0x000000000003935d
3785000: system.cpu: T0 : 0x1065e    : slliw a5, a5, 2            : IntAlu :  D=0x00000000000e4d74
3785500: system.cpu: T0 : 0x10662    : c_addw a5, a4              : IntAlu :  D=0x00000000000e6931
3786000: system.cpu: T0 : 0x10664    : c_addiw a5, 0              : IntAlu :  D=0x00000000000e6931
3787000: system.cpu: T0 : 0x10666    : addiw a5, a5, 81           : IntAlu :  D=0x00000000000e6982
3787500: system.cpu: T0 : 0x1066a    : c_addiw a5, 0              : IntAlu :  D=0x00000000000e6982
3788000: system.cpu: T0 : 0x1066c    : c_mv a4, a5                : IntAlu :  D=0x00000000000e6982
3788500: system.cpu: T0 : 0x1066e    : c_lui a5, 2                : IntAlu :  D=0x0000000000002000
3789000: system.cpu: T0 : 0x10670    : addiw a5, a5, -97          : IntAlu :  D=0x0000000000001f9f
3789500: system.cpu: T0 : 0x10674    : remw a5, a4, a5            : IntDiv :  D=0x0000000000001576
3790000: system.cpu: T0 : 0x10678    : addiw a4, a5, 0            : IntAlu :  D=0x0000000000001576
3790500: system.cpu: T0 : 0x1067c    : auipc a5, 96               : IntAlu :  D=0x000000000007067c
3791000: system.cpu: T0 : 0x10680    : ld a5, 396(a5)             : MemRead :  D=0x0000000000071988 A=0x70808
3791500: system.cpu: T0 : 0x10684    : c_sw a4, 0(a5)             : MemWrite :  D=0x0000000000001576 A=0x71988
3792500: system.cpu: T0 : 0x10686    : auipc a5, 96               : IntAlu :  D=0x0000000000070686
3793500: system.cpu: T0 : 0x1068a    : ld a5, 386(a5)             : MemRead :  D=0x0000000000071988 A=0x70808
3794000: system.cpu: T0 : 0x1068e    : c_lw a5, 0(a5)             : MemRead :  D=0x0000000000001576 A=0x71988
3794500: system.cpu: T0 : 0x10690    : c_mv a0, a5                : IntAlu :  D=0x0000000000001576
3795000: system.cpu: T0 : 0x10692    : c_ldsp s0, 8(sp)           : MemRead :  D=0x7ffffffffffffda0 A=0x7ffffffffffffd58
3795500: system.cpu: T0 : 0x10694    : c_addi sp, 16              : IntAlu :  D=0x7ffffffffffffd60
3796000: system.cpu: T0 : 0x10696    : c_jr ra                    : IntAlu : 
3796500: system.cpu: T0 : 0x104e4    : c_mv a5, a0                : IntAlu :  D=0x0000000000001576
3797000: system.cpu: T0 : 0x104e6    : c_mv a4, a5                : IntAlu :  D=0x0000000000001576
3797500: system.cpu: T0 : 0x104e8    : slli a5, s1, 2             : IntAlu :  D=0x0000000000000004
3798000: system.cpu: T0 : 0x104ec    : c_add a5, s3               : IntAlu :  D=0x0000000000071a34
3798500: system.cpu: T0 : 0x104ee    : c_sw a4, 0(a5)             : MemWrite :  D=0x0000000000001576 A=0x71a34
3799000: system.cpu: T0 : 0x104f0    : addiw a5, s1, 1            : IntAlu :  D=0x0000000000000002
3799500: system.cpu: T0 : 0x104f4    : addiw s1, a5, 0            : IntAlu :  D=0x0000000000000002
3800000: system.cpu: T0 : 0x104f8    : c_mv a4, s1                : IntAlu :  D=0x0000000000000002
3800500: system.cpu: T0 : 0x104fa    : c_li a5, 9                 : IntAlu :  D=0x0000000000000009
3801000: system.cpu: T0 : 0x104fc    : bge a5, a4, -48            : IntAlu : 
3801500: system.cpu: T0 : 0x104cc    : c_mv a4, s2                : IntAlu :  D=0x0000000000000004
3802000: system.cpu: T0 : 0x104ce    : c_mv a5, a4                : IntAlu :  D=0x0000000000000004
3802500: system.cpu: T0 : 0x104d0    : c_slli a5, 2               : IntAlu :  D=0x0000000000000010
3803000: system.cpu: T0 : 0x104d2    : c_add a5, a4               : IntAlu :  D=0x0000000000000014
3803500: system.cpu: T0 : 0x104d4    : c_slli a5, 3               : IntAlu :  D=0x00000000000000a0
3804000: system.cpu: T0 : 0x104d6    : c_mv a4, a5                : IntAlu :  D=0x00000000000000a0
3804500: system.cpu: T0 : 0x104d8    : ld a5, -56(s0)             : MemRead :  D=0x0000000000071990 A=0x7ffffffffffffd68
3805000: system.cpu: T0 : 0x104dc    : add s3, a5, a4             : IntAlu :  D=0x0000000000071a30
3805500: system.cpu: T0 : 0x104e0    : jal ra, 356                : IntAlu :  D=0x00000000000104e4
3806000: system.cpu: T0 : 0x10644    : c_addi sp, -16             : IntAlu :  D=0x7ffffffffffffd50
3806500: system.cpu: T0 : 0x10646    : c_sdsp s0, 8(sp)           : MemWrite :  D=0x7ffffffffffffda0 A=0x7ffffffffffffd58
3807000: system.cpu: T0 : 0x10648    : c_addi4spn s0, sp, 16      : IntAlu :  D=0x7ffffffffffffd60
3808000: system.cpu: T0 : 0x1064a    : auipc a5, 96               : IntAlu :  D=0x000000000007064a
3809000: system.cpu: T0 : 0x1064e    : ld a5, 446(a5)             : MemRead :  D=0x0000000000071988 A=0x70808
3809500: system.cpu: T0 : 0x10652    : c_lw a5, 0(a5)             : MemRead :  D=0x0000000000001576 A=0x71988
3810000: system.cpu: T0 : 0x10654    : c_mv a4, a5                : IntAlu :  D=0x0000000000001576
3810500: system.cpu: T0 : 0x10656    : c_mv a5, a4                : IntAlu :  D=0x0000000000001576
3811000: system.cpu: T0 : 0x10658    : slliw a5, a5, 5            : IntAlu :  D=0x000000000002aec0
3811500: system.cpu: T0 : 0x1065c    : c_addw a5, a4              : IntAlu :  D=0x000000000002c436
3812500: system.cpu: T0 : 0x1065e    : slliw a5, a5, 2            : IntAlu :  D=0x00000000000b10d8
3813000: system.cpu: T0 : 0x10662    : c_addw a5, a4              : IntAlu :  D=0x00000000000b264e
3813500: system.cpu: T0 : 0x10664    : c_addiw a5, 0              : IntAlu :  D=0x00000000000b264e
3814500: system.cpu: T0 : 0x10666    : addiw a5, a5, 81           : IntAlu :  D=0x00000000000b269f
3815000: system.cpu: T0 : 0x1066a    : c_addiw a5, 0              : IntAlu :  D=0x00000000000b269f
3815500: system.cpu: T0 : 0x1066c    : c_mv a4, a5                : IntAlu :  D=0x00000000000b269f
3816000: system.cpu: T0 : 0x1066e    : c_lui a5, 2                : IntAlu :  D=0x0000000000002000
3816500: system.cpu: T0 : 0x10670    : addiw a5, a5, -97          : IntAlu :  D=0x0000000000001f9f
3817000: system.cpu: T0 : 0x10674    : remw a5, a4, a5            : IntDiv :  D=0x00000000000008b9
3817500: system.cpu: T0 : 0x10678    : addiw a4, a5, 0            : IntAlu :  D=0x00000000000008b9
3818000: system.cpu: T0 : 0x1067c    : auipc a5, 96               : IntAlu :  D=0x000000000007067c
3818500: system.cpu: T0 : 0x10680    : ld a5, 396(a5)             : MemRead :  D=0x0000000000071988 A=0x70808
3819000: system.cpu: T0 : 0x10684    : c_sw a4, 0(a5)             : MemWrite :  D=0x00000000000008b9 A=0x71988
3820000: system.cpu: T0 : 0x10686    : auipc a5, 96               : IntAlu :  D=0x0000000000070686
3821000: system.cpu: T0 : 0x1068a    : ld a5, 386(a5)             : MemRead :  D=0x0000000000071988 A=0x70808
3821500: system.cpu: T0 : 0x1068e    : c_lw a5, 0(a5)             : MemRead :  D=0x00000000000008b9 A=0x71988
3822000: system.cpu: T0 : 0x10690    : c_mv a0, a5                : IntAlu :  D=0x00000000000008b9
3822500: system.cpu: T0 : 0x10692    : c_ldsp s0, 8(sp)           : MemRead :  D=0x7ffffffffffffda0 A=0x7ffffffffffffd58
3823000: system.cpu: T0 : 0x10694    : c_addi sp, 16              : IntAlu :  D=0x7ffffffffffffd60
3823500: system.cpu: T0 : 0x10696    : c_jr ra                    : IntAlu : 
3824000: system.cpu: T0 : 0x104e4    : c_mv a5, a0                : IntAlu :  D=0x00000000000008b9
3824500: system.cpu: T0 : 0x104e6    : c_mv a4, a5                : IntAlu :  D=0x00000000000008b9
3825000: system.cpu: T0 : 0x104e8    : slli a5, s1, 2             : IntAlu :  D=0x0000000000000008
3825500: system.cpu: T0 : 0x104ec    : c_add a5, s3               : IntAlu :  D=0x0000000000071a38
3826000: system.cpu: T0 : 0x104ee    : c_sw a4, 0(a5)             : MemWrite :  D=0x00000000000008b9 A=0x71a38
3826500: system.cpu: T0 : 0x104f0    : addiw a5, s1, 1            : IntAlu :  D=0x0000000000000003
3827000: system.cpu: T0 : 0x104f4    : addiw s1, a5, 0            : IntAlu :  D=0x0000000000000003
3827500: system.cpu: T0 : 0x104f8    : c_mv a4, s1                : IntAlu :  D=0x0000000000000003
3828000: system.cpu: T0 : 0x104fa    : c_li a5, 9                 : IntAlu :  D=0x0000000000000009
3828500: system.cpu: T0 : 0x104fc    : bge a5, a4, -48            : IntAlu : 
3829000: system.cpu: T0 : 0x104cc    : c_mv a4, s2                : IntAlu :  D=0x0000000000000004
3829500: system.cpu: T0 : 0x104ce    : c_mv a5, a4                : IntAlu :  D=0x0000000000000004
3830000: system.cpu: T0 : 0x104d0    : c_slli a5, 2               : IntAlu :  D=0x0000000000000010
3830500: system.cpu: T0 : 0x104d2    : c_add a5, a4               : IntAlu :  D=0x0000000000000014
3831000: system.cpu: T0 : 0x104d4    : c_slli a5, 3               : IntAlu :  D=0x00000000000000a0
3831500: system.cpu: T0 : 0x104d6    : c_mv a4, a5                : IntAlu :  D=0x00000000000000a0
3832000: system.cpu: T0 : 0x104d8    : ld a5, -56(s0)             : MemRead :  D=0x0000000000071990 A=0x7ffffffffffffd68
3832500: system.cpu: T0 : 0x104dc    : add s3, a5, a4             : IntAlu :  D=0x0000000000071a30
3833000: system.cpu: T0 : 0x104e0    : jal ra, 356                : IntAlu :  D=0x00000000000104e4
3833500: system.cpu: T0 : 0x10644    : c_addi sp, -16             : IntAlu :  D=0x7ffffffffffffd50
3834000: system.cpu: T0 : 0x10646    : c_sdsp s0, 8(sp)           : MemWrite :  D=0x7ffffffffffffda0 A=0x7ffffffffffffd58
3834500: system.cpu: T0 : 0x10648    : c_addi4spn s0, sp, 16      : IntAlu :  D=0x7ffffffffffffd60
3835500: system.cpu: T0 : 0x1064a    : auipc a5, 96               : IntAlu :  D=0x000000000007064a
3836500: system.cpu: T0 : 0x1064e    : ld a5, 446(a5)             : MemRead :  D=0x0000000000071988 A=0x70808
3837000: system.cpu: T0 : 0x10652    : c_lw a5, 0(a5)             : MemRead :  D=0x00000000000008b9 A=0x71988
3837500: system.cpu: T0 : 0x10654    : c_mv a4, a5                : IntAlu :  D=0x00000000000008b9
3838000: system.cpu: T0 : 0x10656    : c_mv a5, a4                : IntAlu :  D=0x00000000000008b9
3838500: system.cpu: T0 : 0x10658    : slliw a5, a5, 5            : IntAlu :  D=0x0000000000011720
3839000: system.cpu: T0 : 0x1065c    : c_addw a5, a4              : IntAlu :  D=0x0000000000011fd9
3840000: system.cpu: T0 : 0x1065e    : slliw a5, a5, 2            : IntAlu :  D=0x0000000000047f64
3840500: system.cpu: T0 : 0x10662    : c_addw a5, a4              : IntAlu :  D=0x000000000004881d
3841000: system.cpu: T0 : 0x10664    : c_addiw a5, 0              : IntAlu :  D=0x000000000004881d
3842000: system.cpu: T0 : 0x10666    : addiw a5, a5, 81           : IntAlu :  D=0x000000000004886e
3842500: system.cpu: T0 : 0x1066a    : c_addiw a5, 0              : IntAlu :  D=0x000000000004886e
3843000: system.cpu: T0 : 0x1066c    : c_mv a4, a5                : IntAlu :  D=0x000000000004886e
3843500: system.cpu: T0 : 0x1066e    : c_lui a5, 2                : IntAlu :  D=0x0000000000002000
3844000: system.cpu: T0 : 0x10670    : addiw a5, a5, -97          : IntAlu :  D=0x0000000000001f9f
3844500: system.cpu: T0 : 0x10674    : remw a5, a4, a5            : IntDiv :  D=0x0000000000001612
3845000: system.cpu: T0 : 0x10678    : addiw a4, a5, 0            : IntAlu :  D=0x0000000000001612
3845500: system.cpu: T0 : 0x1067c    : auipc a5, 96               : IntAlu :  D=0x000000000007067c
3846000: system.cpu: T0 : 0x10680    : ld a5, 396(a5)             : MemRead :  D=0x0000000000071988 A=0x70808
3846500: system.cpu: T0 : 0x10684    : c_sw a4, 0(a5)             : MemWrite :  D=0x0000000000001612 A=0x71988
3847500: system.cpu: T0 : 0x10686    : auipc a5, 96               : IntAlu :  D=0x0000000000070686
3848500: system.cpu: T0 : 0x1068a    : ld a5, 386(a5)             : MemRead :  D=0x0000000000071988 A=0x70808
3849000: system.cpu: T0 : 0x1068e    : c_lw a5, 0(a5)             : MemRead :  D=0x0000000000001612 A=0x71988
3849500: system.cpu: T0 : 0x10690    : c_mv a0, a5                : IntAlu :  D=0x0000000000001612
3850000: system.cpu: T0 : 0x10692    : c_ldsp s0, 8(sp)           : MemRead :  D=0x7ffffffffffffda0 A=0x7ffffffffffffd58
3850500: system.cpu: T0 : 0x10694    : c_addi sp, 16              : IntAlu :  D=0x7ffffffffffffd60
3851000: system.cpu: T0 : 0x10696    : c_jr ra                    : IntAlu : 
3851500: system.cpu: T0 : 0x104e4    : c_mv a5, a0                : IntAlu :  D=0x0000000000001612
3852000: system.cpu: T0 : 0x104e6    : c_mv a4, a5                : IntAlu :  D=0x0000000000001612
3852500: system.cpu: T0 : 0x104e8    : slli a5, s1, 2             : IntAlu :  D=0x000000000000000c
3853000: system.cpu: T0 : 0x104ec    : c_add a5, s3               : IntAlu :  D=0x0000000000071a3c
3853500: system.cpu: T0 : 0x104ee    : c_sw a4, 0(a5)             : MemWrite :  D=0x0000000000001612 A=0x71a3c
3854000: system.cpu: T0 : 0x104f0    : addiw a5, s1, 1            : IntAlu :  D=0x0000000000000004
3854500: system.cpu: T0 : 0x104f4    : addiw s1, a5, 0            : IntAlu :  D=0x0000000000000004
3855000: system.cpu: T0 : 0x104f8    : c_mv a4, s1                : IntAlu :  D=0x0000000000000004
3855500: system.cpu: T0 : 0x104fa    : c_li a5, 9                 : IntAlu :  D=0x0000000000000009
3856000: system.cpu: T0 : 0x104fc    : bge a5, a4, -48            : IntAlu : 
3856500: system.cpu: T0 : 0x104cc    : c_mv a4, s2                : IntAlu :  D=0x0000000000000004
3857000: system.cpu: T0 : 0x104ce    : c_mv a5, a4                : IntAlu :  D=0x0000000000000004
3857500: system.cpu: T0 : 0x104d0    : c_slli a5, 2               : IntAlu :  D=0x0000000000000010
3858000: system.cpu: T0 : 0x104d2    : c_add a5, a4               : IntAlu :  D=0x0000000000000014
3858500: system.cpu: T0 : 0x104d4    : c_slli a5, 3               : IntAlu :  D=0x00000000000000a0
3859000: system.cpu: T0 : 0x104d6    : c_mv a4, a5                : IntAlu :  D=0x00000000000000a0
3859500: system.cpu: T0 : 0x104d8    : ld a5, -56(s0)             : MemRead :  D=0x0000000000071990 A=0x7ffffffffffffd68
3860000: system.cpu: T0 : 0x104dc    : add s3, a5, a4             : IntAlu :  D=0x0000000000071a30
3860500: system.cpu: T0 : 0x104e0    : jal ra, 356                : IntAlu :  D=0x00000000000104e4
3861000: system.cpu: T0 : 0x10644    : c_addi sp, -16             : IntAlu :  D=0x7ffffffffffffd50
3861500: system.cpu: T0 : 0x10646    : c_sdsp s0, 8(sp)           : MemWrite :  D=0x7ffffffffffffda0 A=0x7ffffffffffffd58
3862000: system.cpu: T0 : 0x10648    : c_addi4spn s0, sp, 16      : IntAlu :  D=0x7ffffffffffffd60
3863000: system.cpu: T0 : 0x1064a    : auipc a5, 96               : IntAlu :  D=0x000000000007064a
3864000: system.cpu: T0 : 0x1064e    : ld a5, 446(a5)             : MemRead :  D=0x0000000000071988 A=0x70808
3864500: system.cpu: T0 : 0x10652    : c_lw a5, 0(a5)             : MemRead :  D=0x0000000000001612 A=0x71988
3865000: system.cpu: T0 : 0x10654    : c_mv a4, a5                : IntAlu :  D=0x0000000000001612
3865500: system.cpu: T0 : 0x10656    : c_mv a5, a4                : IntAlu :  D=0x0000000000001612
3866000: system.cpu: T0 : 0x10658    : slliw a5, a5, 5            : IntAlu :  D=0x000000000002c240
3866500: system.cpu: T0 : 0x1065c    : c_addw a5, a4              : IntAlu :  D=0x000000000002d852
3867500: system.cpu: T0 : 0x1065e    : slliw a5, a5, 2            : IntAlu :  D=0x00000000000b6148
3868000: system.cpu: T0 : 0x10662    : c_addw a5, a4              : IntAlu :  D=0x00000000000b775a
3868500: system.cpu: T0 : 0x10664    : c_addiw a5, 0              : IntAlu :  D=0x00000000000b775a
3869500: system.cpu: T0 : 0x10666    : addiw a5, a5, 81           : IntAlu :  D=0x00000000000b77ab
3870000: system.cpu: T0 : 0x1066a    : c_addiw a5, 0              : IntAlu :  D=0x00000000000b77ab
3870500: system.cpu: T0 : 0x1066c    : c_mv a4, a5                : IntAlu :  D=0x00000000000b77ab
3871000: system.cpu: T0 : 0x1066e    : c_lui a5, 2                : IntAlu :  D=0x0000000000002000
3871500: system.cpu: T0 : 0x10670    : addiw a5, a5, -97          : IntAlu :  D=0x0000000000001f9f
3872000: system.cpu: T0 : 0x10674    : remw a5, a4, a5            : IntDiv :  D=0x0000000000001a87
3872500: system.cpu: T0 : 0x10678    : addiw a4, a5, 0            : IntAlu :  D=0x0000000000001a87
3873000: system.cpu: T0 : 0x1067c    : auipc a5, 96               : IntAlu :  D=0x000000000007067c
3873500: system.cpu: T0 : 0x10680    : ld a5, 396(a5)             : MemRead :  D=0x0000000000071988 A=0x70808
3874000: system.cpu: T0 : 0x10684    : c_sw a4, 0(a5)             : MemWrite :  D=0x0000000000001a87 A=0x71988
3875000: system.cpu: T0 : 0x10686    : auipc a5, 96               : IntAlu :  D=0x0000000000070686
3876000: system.cpu: T0 : 0x1068a    : ld a5, 386(a5)             : MemRead :  D=0x0000000000071988 A=0x70808
3876500: system.cpu: T0 : 0x1068e    : c_lw a5, 0(a5)             : MemRead :  D=0x0000000000001a87 A=0x71988
3877000: system.cpu: T0 : 0x10690    : c_mv a0, a5                : IntAlu :  D=0x0000000000001a87
3877500: system.cpu: T0 : 0x10692    : c_ldsp s0, 8(sp)           : MemRead :  D=0x7ffffffffffffda0 A=0x7ffffffffffffd58
3878000: system.cpu: T0 : 0x10694    : c_addi sp, 16              : IntAlu :  D=0x7ffffffffffffd60
3878500: system.cpu: T0 : 0x10696    : c_jr ra                    : IntAlu : 
3879000: system.cpu: T0 : 0x104e4    : c_mv a5, a0                : IntAlu :  D=0x0000000000001a87
3879500: system.cpu: T0 : 0x104e6    : c_mv a4, a5                : IntAlu :  D=0x0000000000001a87
3880000: system.cpu: T0 : 0x104e8    : slli a5, s1, 2             : IntAlu :  D=0x0000000000000010
3880500: system.cpu: T0 : 0x104ec    : c_add a5, s3               : IntAlu :  D=0x0000000000071a40
3881000: system.cpu: T0 : 0x104ee    : c_sw a4, 0(a5)             : MemWrite :  D=0x0000000000001a87 A=0x71a40
3881500: system.cpu: T0 : 0x104f0    : addiw a5, s1, 1            : IntAlu :  D=0x0000000000000005
3882000: system.cpu: T0 : 0x104f4    : addiw s1, a5, 0            : IntAlu :  D=0x0000000000000005
3882500: system.cpu: T0 : 0x104f8    : c_mv a4, s1                : IntAlu :  D=0x0000000000000005
3883000: system.cpu: T0 : 0x104fa    : c_li a5, 9                 : IntAlu :  D=0x0000000000000009
3883500: system.cpu: T0 : 0x104fc    : bge a5, a4, -48            : IntAlu : 
3884000: system.cpu: T0 : 0x104cc    : c_mv a4, s2                : IntAlu :  D=0x0000000000000004
3884500: system.cpu: T0 : 0x104ce    : c_mv a5, a4                : IntAlu :  D=0x0000000000000004
3885000: system.cpu: T0 : 0x104d0    : c_slli a5, 2               : IntAlu :  D=0x0000000000000010
3885500: system.cpu: T0 : 0x104d2    : c_add a5, a4               : IntAlu :  D=0x0000000000000014
3886000: system.cpu: T0 : 0x104d4    : c_slli a5, 3               : IntAlu :  D=0x00000000000000a0
3886500: system.cpu: T0 : 0x104d6    : c_mv a4, a5                : IntAlu :  D=0x00000000000000a0
3887000: system.cpu: T0 : 0x104d8    : ld a5, -56(s0)             : MemRead :  D=0x0000000000071990 A=0x7ffffffffffffd68
3887500: system.cpu: T0 : 0x104dc    : add s3, a5, a4             : IntAlu :  D=0x0000000000071a30
3888000: system.cpu: T0 : 0x104e0    : jal ra, 356                : IntAlu :  D=0x00000000000104e4
3888500: system.cpu: T0 : 0x10644    : c_addi sp, -16             : IntAlu :  D=0x7ffffffffffffd50
3889000: system.cpu: T0 : 0x10646    : c_sdsp s0, 8(sp)           : MemWrite :  D=0x7ffffffffffffda0 A=0x7ffffffffffffd58
3889500: system.cpu: T0 : 0x10648    : c_addi4spn s0, sp, 16      : IntAlu :  D=0x7ffffffffffffd60
3890500: system.cpu: T0 : 0x1064a    : auipc a5, 96               : IntAlu :  D=0x000000000007064a
3891500: system.cpu: T0 : 0x1064e    : ld a5, 446(a5)             : MemRead :  D=0x0000000000071988 A=0x70808
3892000: system.cpu: T0 : 0x10652    : c_lw a5, 0(a5)             : MemRead :  D=0x0000000000001a87 A=0x71988
3892500: system.cpu: T0 : 0x10654    : c_mv a4, a5                : IntAlu :  D=0x0000000000001a87
3893000: system.cpu: T0 : 0x10656    : c_mv a5, a4                : IntAlu :  D=0x0000000000001a87
3893500: system.cpu: T0 : 0x10658    : slliw a5, a5, 5            : IntAlu :  D=0x00000000000350e0
3894000: system.cpu: T0 : 0x1065c    : c_addw a5, a4              : IntAlu :  D=0x0000000000036b67
3895000: system.cpu: T0 : 0x1065e    : slliw a5, a5, 2            : IntAlu :  D=0x00000000000dad9c
3895500: system.cpu: T0 : 0x10662    : c_addw a5, a4              : IntAlu :  D=0x00000000000dc823
3896000: system.cpu: T0 : 0x10664    : c_addiw a5, 0              : IntAlu :  D=0x00000000000dc823
3897000: system.cpu: T0 : 0x10666    : addiw a5, a5, 81           : IntAlu :  D=0x00000000000dc874
3897500: system.cpu: T0 : 0x1066a    : c_addiw a5, 0              : IntAlu :  D=0x00000000000dc874
3898000: system.cpu: T0 : 0x1066c    : c_mv a4, a5                : IntAlu :  D=0x00000000000dc874
3898500: system.cpu: T0 : 0x1066e    : c_lui a5, 2                : IntAlu :  D=0x0000000000002000
3899000: system.cpu: T0 : 0x10670    : addiw a5, a5, -97          : IntAlu :  D=0x0000000000001f9f
3899500: system.cpu: T0 : 0x10674    : remw a5, a4, a5            : IntDiv :  D=0x0000000000001283
3900000: system.cpu: T0 : 0x10678    : addiw a4, a5, 0            : IntAlu :  D=0x0000000000001283
3900500: system.cpu: T0 : 0x1067c    : auipc a5, 96               : IntAlu :  D=0x000000000007067c
3901000: system.cpu: T0 : 0x10680    : ld a5, 396(a5)             : MemRead :  D=0x0000000000071988 A=0x70808
3901500: system.cpu: T0 : 0x10684    : c_sw a4, 0(a5)             : MemWrite :  D=0x0000000000001283 A=0x71988
3902500: system.cpu: T0 : 0x10686    : auipc a5, 96               : IntAlu :  D=0x0000000000070686
3903500: system.cpu: T0 : 0x1068a    : ld a5, 386(a5)             : MemRead :  D=0x0000000000071988 A=0x70808
3904000: system.cpu: T0 : 0x1068e    : c_lw a5, 0(a5)             : MemRead :  D=0x0000000000001283 A=0x71988
3904500: system.cpu: T0 : 0x10690    : c_mv a0, a5                : IntAlu :  D=0x0000000000001283
3905000: system.cpu: T0 : 0x10692    : c_ldsp s0, 8(sp)           : MemRead :  D=0x7ffffffffffffda0 A=0x7ffffffffffffd58
3905500: system.cpu: T0 : 0x10694    : c_addi sp, 16              : IntAlu :  D=0x7ffffffffffffd60
3906000: system.cpu: T0 : 0x10696    : c_jr ra                    : IntAlu : 
3906500: system.cpu: T0 : 0x104e4    : c_mv a5, a0                : IntAlu :  D=0x0000000000001283
3907000: system.cpu: T0 : 0x104e6    : c_mv a4, a5                : IntAlu :  D=0x0000000000001283
3907500: system.cpu: T0 : 0x104e8    : slli a5, s1, 2             : IntAlu :  D=0x0000000000000014
3908000: system.cpu: T0 : 0x104ec    : c_add a5, s3               : IntAlu :  D=0x0000000000071a44
3908500: system.cpu: T0 : 0x104ee    : c_sw a4, 0(a5)             : MemWrite :  D=0x0000000000001283 A=0x71a44
3909000: system.cpu: T0 : 0x104f0    : addiw a5, s1, 1            : IntAlu :  D=0x0000000000000006
3909500: system.cpu: T0 : 0x104f4    : addiw s1, a5, 0            : IntAlu :  D=0x0000000000000006
3910000: system.cpu: T0 : 0x104f8    : c_mv a4, s1                : IntAlu :  D=0x0000000000000006
3910500: system.cpu: T0 : 0x104fa    : c_li a5, 9                 : IntAlu :  D=0x0000000000000009
3911000: system.cpu: T0 : 0x104fc    : bge a5, a4, -48            : IntAlu : 
3911500: system.cpu: T0 : 0x104cc    : c_mv a4, s2                : IntAlu :  D=0x0000000000000004
3912000: system.cpu: T0 : 0x104ce    : c_mv a5, a4                : IntAlu :  D=0x0000000000000004
3912500: system.cpu: T0 : 0x104d0    : c_slli a5, 2               : IntAlu :  D=0x0000000000000010
3913000: system.cpu: T0 : 0x104d2    : c_add a5, a4               : IntAlu :  D=0x0000000000000014
3913500: system.cpu: T0 : 0x104d4    : c_slli a5, 3               : IntAlu :  D=0x00000000000000a0
3914000: system.cpu: T0 : 0x104d6    : c_mv a4, a5                : IntAlu :  D=0x00000000000000a0
3914500: system.cpu: T0 : 0x104d8    : ld a5, -56(s0)             : MemRead :  D=0x0000000000071990 A=0x7ffffffffffffd68
3915000: system.cpu: T0 : 0x104dc    : add s3, a5, a4             : IntAlu :  D=0x0000000000071a30
3915500: system.cpu: T0 : 0x104e0    : jal ra, 356                : IntAlu :  D=0x00000000000104e4
3916000: system.cpu: T0 : 0x10644    : c_addi sp, -16             : IntAlu :  D=0x7ffffffffffffd50
3916500: system.cpu: T0 : 0x10646    : c_sdsp s0, 8(sp)           : MemWrite :  D=0x7ffffffffffffda0 A=0x7ffffffffffffd58
3917000: system.cpu: T0 : 0x10648    : c_addi4spn s0, sp, 16      : IntAlu :  D=0x7ffffffffffffd60
3918000: system.cpu: T0 : 0x1064a    : auipc a5, 96               : IntAlu :  D=0x000000000007064a
3919000: system.cpu: T0 : 0x1064e    : ld a5, 446(a5)             : MemRead :  D=0x0000000000071988 A=0x70808
3919500: system.cpu: T0 : 0x10652    : c_lw a5, 0(a5)             : MemRead :  D=0x0000000000001283 A=0x71988
3920000: system.cpu: T0 : 0x10654    : c_mv a4, a5                : IntAlu :  D=0x0000000000001283
3920500: system.cpu: T0 : 0x10656    : c_mv a5, a4                : IntAlu :  D=0x0000000000001283
3921000: system.cpu: T0 : 0x10658    : slliw a5, a5, 5            : IntAlu :  D=0x0000000000025060
3921500: system.cpu: T0 : 0x1065c    : c_addw a5, a4              : IntAlu :  D=0x00000000000262e3
3922500: system.cpu: T0 : 0x1065e    : slliw a5, a5, 2            : IntAlu :  D=0x0000000000098b8c
3923000: system.cpu: T0 : 0x10662    : c_addw a5, a4              : IntAlu :  D=0x0000000000099e0f
3923500: system.cpu: T0 : 0x10664    : c_addiw a5, 0              : IntAlu :  D=0x0000000000099e0f
3924500: system.cpu: T0 : 0x10666    : addiw a5, a5, 81           : IntAlu :  D=0x0000000000099e60
3925000: system.cpu: T0 : 0x1066a    : c_addiw a5, 0              : IntAlu :  D=0x0000000000099e60
3925500: system.cpu: T0 : 0x1066c    : c_mv a4, a5                : IntAlu :  D=0x0000000000099e60
3926000: system.cpu: T0 : 0x1066e    : c_lui a5, 2                : IntAlu :  D=0x0000000000002000
3926500: system.cpu: T0 : 0x10670    : addiw a5, a5, -97          : IntAlu :  D=0x0000000000001f9f
3927000: system.cpu: T0 : 0x10674    : remw a5, a4, a5            : IntDiv :  D=0x0000000000001b8d
3927500: system.cpu: T0 : 0x10678    : addiw a4, a5, 0            : IntAlu :  D=0x0000000000001b8d
3928000: system.cpu: T0 : 0x1067c    : auipc a5, 96               : IntAlu :  D=0x000000000007067c
3928500: system.cpu: T0 : 0x10680    : ld a5, 396(a5)             : MemRead :  D=0x0000000000071988 A=0x70808
3929000: system.cpu: T0 : 0x10684    : c_sw a4, 0(a5)             : MemWrite :  D=0x0000000000001b8d A=0x71988
3930000: system.cpu: T0 : 0x10686    : auipc a5, 96               : IntAlu :  D=0x0000000000070686
3931000: system.cpu: T0 : 0x1068a    : ld a5, 386(a5)             : MemRead :  D=0x0000000000071988 A=0x70808
3931500: system.cpu: T0 : 0x1068e    : c_lw a5, 0(a5)             : MemRead :  D=0x0000000000001b8d A=0x71988
3932000: system.cpu: T0 : 0x10690    : c_mv a0, a5                : IntAlu :  D=0x0000000000001b8d
3932500: system.cpu: T0 : 0x10692    : c_ldsp s0, 8(sp)           : MemRead :  D=0x7ffffffffffffda0 A=0x7ffffffffffffd58
3933000: system.cpu: T0 : 0x10694    : c_addi sp, 16              : IntAlu :  D=0x7ffffffffffffd60
3933500: system.cpu: T0 : 0x10696    : c_jr ra                    : IntAlu : 
3934000: system.cpu: T0 : 0x104e4    : c_mv a5, a0                : IntAlu :  D=0x0000000000001b8d
3934500: system.cpu: T0 : 0x104e6    : c_mv a4, a5                : IntAlu :  D=0x0000000000001b8d
3935000: system.cpu: T0 : 0x104e8    : slli a5, s1, 2             : IntAlu :  D=0x0000000000000018
3935500: system.cpu: T0 : 0x104ec    : c_add a5, s3               : IntAlu :  D=0x0000000000071a48
3936000: system.cpu: T0 : 0x104ee    : c_sw a4, 0(a5)             : MemWrite :  D=0x0000000000001b8d A=0x71a48
3936500: system.cpu: T0 : 0x104f0    : addiw a5, s1, 1            : IntAlu :  D=0x0000000000000007
3937000: system.cpu: T0 : 0x104f4    : addiw s1, a5, 0            : IntAlu :  D=0x0000000000000007
3937500: system.cpu: T0 : 0x104f8    : c_mv a4, s1                : IntAlu :  D=0x0000000000000007
3938000: system.cpu: T0 : 0x104fa    : c_li a5, 9                 : IntAlu :  D=0x0000000000000009
3938500: system.cpu: T0 : 0x104fc    : bge a5, a4, -48            : IntAlu : 
3939000: system.cpu: T0 : 0x104cc    : c_mv a4, s2                : IntAlu :  D=0x0000000000000004
3939500: system.cpu: T0 : 0x104ce    : c_mv a5, a4                : IntAlu :  D=0x0000000000000004
3940000: system.cpu: T0 : 0x104d0    : c_slli a5, 2               : IntAlu :  D=0x0000000000000010
3940500: system.cpu: T0 : 0x104d2    : c_add a5, a4               : IntAlu :  D=0x0000000000000014
3941000: system.cpu: T0 : 0x104d4    : c_slli a5, 3               : IntAlu :  D=0x00000000000000a0
3941500: system.cpu: T0 : 0x104d6    : c_mv a4, a5                : IntAlu :  D=0x00000000000000a0
3942000: system.cpu: T0 : 0x104d8    : ld a5, -56(s0)             : MemRead :  D=0x0000000000071990 A=0x7ffffffffffffd68
3942500: system.cpu: T0 : 0x104dc    : add s3, a5, a4             : IntAlu :  D=0x0000000000071a30
3943000: system.cpu: T0 : 0x104e0    : jal ra, 356                : IntAlu :  D=0x00000000000104e4
3943500: system.cpu: T0 : 0x10644    : c_addi sp, -16             : IntAlu :  D=0x7ffffffffffffd50
3944000: system.cpu: T0 : 0x10646    : c_sdsp s0, 8(sp)           : MemWrite :  D=0x7ffffffffffffda0 A=0x7ffffffffffffd58
3944500: system.cpu: T0 : 0x10648    : c_addi4spn s0, sp, 16      : IntAlu :  D=0x7ffffffffffffd60
3945500: system.cpu: T0 : 0x1064a    : auipc a5, 96               : IntAlu :  D=0x000000000007064a
3946500: system.cpu: T0 : 0x1064e    : ld a5, 446(a5)             : MemRead :  D=0x0000000000071988 A=0x70808
3947000: system.cpu: T0 : 0x10652    : c_lw a5, 0(a5)             : MemRead :  D=0x0000000000001b8d A=0x71988
3947500: system.cpu: T0 : 0x10654    : c_mv a4, a5                : IntAlu :  D=0x0000000000001b8d
3948000: system.cpu: T0 : 0x10656    : c_mv a5, a4                : IntAlu :  D=0x0000000000001b8d
3948500: system.cpu: T0 : 0x10658    : slliw a5, a5, 5            : IntAlu :  D=0x00000000000371a0
3949000: system.cpu: T0 : 0x1065c    : c_addw a5, a4              : IntAlu :  D=0x0000000000038d2d
3950000: system.cpu: T0 : 0x1065e    : slliw a5, a5, 2            : IntAlu :  D=0x00000000000e34b4
3950500: system.cpu: T0 : 0x10662    : c_addw a5, a4              : IntAlu :  D=0x00000000000e5041
3951000: system.cpu: T0 : 0x10664    : c_addiw a5, 0              : IntAlu :  D=0x00000000000e5041
3952000: system.cpu: T0 : 0x10666    : addiw a5, a5, 81           : IntAlu :  D=0x00000000000e5092
3952500: system.cpu: T0 : 0x1066a    : c_addiw a5, 0              : IntAlu :  D=0x00000000000e5092
3953000: system.cpu: T0 : 0x1066c    : c_mv a4, a5                : IntAlu :  D=0x00000000000e5092
3953500: system.cpu: T0 : 0x1066e    : c_lui a5, 2                : IntAlu :  D=0x0000000000002000
3954000: system.cpu: T0 : 0x10670    : addiw a5, a5, -97          : IntAlu :  D=0x0000000000001f9f
3954500: system.cpu: T0 : 0x10674    : remw a5, a4, a5            : IntDiv :  D=0x0000000000001c25
3955000: system.cpu: T0 : 0x10678    : addiw a4, a5, 0            : IntAlu :  D=0x0000000000001c25
3955500: system.cpu: T0 : 0x1067c    : auipc a5, 96               : IntAlu :  D=0x000000000007067c
3956000: system.cpu: T0 : 0x10680    : ld a5, 396(a5)             : MemRead :  D=0x0000000000071988 A=0x70808
3956500: system.cpu: T0 : 0x10684    : c_sw a4, 0(a5)             : MemWrite :  D=0x0000000000001c25 A=0x71988
3957500: system.cpu: T0 : 0x10686    : auipc a5, 96               : IntAlu :  D=0x0000000000070686
3958500: system.cpu: T0 : 0x1068a    : ld a5, 386(a5)             : MemRead :  D=0x0000000000071988 A=0x70808
3959000: system.cpu: T0 : 0x1068e    : c_lw a5, 0(a5)             : MemRead :  D=0x0000000000001c25 A=0x71988
3959500: system.cpu: T0 : 0x10690    : c_mv a0, a5                : IntAlu :  D=0x0000000000001c25
3960000: system.cpu: T0 : 0x10692    : c_ldsp s0, 8(sp)           : MemRead :  D=0x7ffffffffffffda0 A=0x7ffffffffffffd58
3960500: system.cpu: T0 : 0x10694    : c_addi sp, 16              : IntAlu :  D=0x7ffffffffffffd60
3961000: system.cpu: T0 : 0x10696    : c_jr ra                    : IntAlu : 
3961500: system.cpu: T0 : 0x104e4    : c_mv a5, a0                : IntAlu :  D=0x0000000000001c25
3962000: system.cpu: T0 : 0x104e6    : c_mv a4, a5                : IntAlu :  D=0x0000000000001c25
3962500: system.cpu: T0 : 0x104e8    : slli a5, s1, 2             : IntAlu :  D=0x000000000000001c
3963000: system.cpu: T0 : 0x104ec    : c_add a5, s3               : IntAlu :  D=0x0000000000071a4c
3963500: system.cpu: T0 : 0x104ee    : c_sw a4, 0(a5)             : MemWrite :  D=0x0000000000001c25 A=0x71a4c
3964000: system.cpu: T0 : 0x104f0    : addiw a5, s1, 1            : IntAlu :  D=0x0000000000000008
3964500: system.cpu: T0 : 0x104f4    : addiw s1, a5, 0            : IntAlu :  D=0x0000000000000008
3965000: system.cpu: T0 : 0x104f8    : c_mv a4, s1                : IntAlu :  D=0x0000000000000008
3965500: system.cpu: T0 : 0x104fa    : c_li a5, 9                 : IntAlu :  D=0x0000000000000009
3966000: system.cpu: T0 : 0x104fc    : bge a5, a4, -48            : IntAlu : 
3966500: system.cpu: T0 : 0x104cc    : c_mv a4, s2                : IntAlu :  D=0x0000000000000004
3967000: system.cpu: T0 : 0x104ce    : c_mv a5, a4                : IntAlu :  D=0x0000000000000004
3967500: system.cpu: T0 : 0x104d0    : c_slli a5, 2               : IntAlu :  D=0x0000000000000010
3968000: system.cpu: T0 : 0x104d2    : c_add a5, a4               : IntAlu :  D=0x0000000000000014
3968500: system.cpu: T0 : 0x104d4    : c_slli a5, 3               : IntAlu :  D=0x00000000000000a0
3969000: system.cpu: T0 : 0x104d6    : c_mv a4, a5                : IntAlu :  D=0x00000000000000a0
3969500: system.cpu: T0 : 0x104d8    : ld a5, -56(s0)             : MemRead :  D=0x0000000000071990 A=0x7ffffffffffffd68
3970000: system.cpu: T0 : 0x104dc    : add s3, a5, a4             : IntAlu :  D=0x0000000000071a30
3970500: system.cpu: T0 : 0x104e0    : jal ra, 356                : IntAlu :  D=0x00000000000104e4
3971000: system.cpu: T0 : 0x10644    : c_addi sp, -16             : IntAlu :  D=0x7ffffffffffffd50
3971500: system.cpu: T0 : 0x10646    : c_sdsp s0, 8(sp)           : MemWrite :  D=0x7ffffffffffffda0 A=0x7ffffffffffffd58
3972000: system.cpu: T0 : 0x10648    : c_addi4spn s0, sp, 16      : IntAlu :  D=0x7ffffffffffffd60
3973000: system.cpu: T0 : 0x1064a    : auipc a5, 96               : IntAlu :  D=0x000000000007064a
3974000: system.cpu: T0 : 0x1064e    : ld a5, 446(a5)             : MemRead :  D=0x0000000000071988 A=0x70808
3974500: system.cpu: T0 : 0x10652    : c_lw a5, 0(a5)             : MemRead :  D=0x0000000000001c25 A=0x71988
3975000: system.cpu: T0 : 0x10654    : c_mv a4, a5                : IntAlu :  D=0x0000000000001c25
3975500: system.cpu: T0 : 0x10656    : c_mv a5, a4                : IntAlu :  D=0x0000000000001c25
3976000: system.cpu: T0 : 0x10658    : slliw a5, a5, 5            : IntAlu :  D=0x00000000000384a0
3976500: system.cpu: T0 : 0x1065c    : c_addw a5, a4              : IntAlu :  D=0x000000000003a0c5
3977500: system.cpu: T0 : 0x1065e    : slliw a5, a5, 2            : IntAlu :  D=0x00000000000e8314
3978000: system.cpu: T0 : 0x10662    : c_addw a5, a4              : IntAlu :  D=0x00000000000e9f39
3978500: system.cpu: T0 : 0x10664    : c_addiw a5, 0              : IntAlu :  D=0x00000000000e9f39
3979500: system.cpu: T0 : 0x10666    : addiw a5, a5, 81           : IntAlu :  D=0x00000000000e9f8a
3980000: system.cpu: T0 : 0x1066a    : c_addiw a5, 0              : IntAlu :  D=0x00000000000e9f8a
3980500: system.cpu: T0 : 0x1066c    : c_mv a4, a5                : IntAlu :  D=0x00000000000e9f8a
3981000: system.cpu: T0 : 0x1066e    : c_lui a5, 2                : IntAlu :  D=0x0000000000002000
3981500: system.cpu: T0 : 0x10670    : addiw a5, a5, -97          : IntAlu :  D=0x0000000000001f9f
3982000: system.cpu: T0 : 0x10674    : remw a5, a4, a5            : IntDiv :  D=0x0000000000000c40
3982500: system.cpu: T0 : 0x10678    : addiw a4, a5, 0            : IntAlu :  D=0x0000000000000c40
3983000: system.cpu: T0 : 0x1067c    : auipc a5, 96               : IntAlu :  D=0x000000000007067c
3983500: system.cpu: T0 : 0x10680    : ld a5, 396(a5)             : MemRead :  D=0x0000000000071988 A=0x70808
3984000: system.cpu: T0 : 0x10684    : c_sw a4, 0(a5)             : MemWrite :  D=0x0000000000000c40 A=0x71988
3985000: system.cpu: T0 : 0x10686    : auipc a5, 96               : IntAlu :  D=0x0000000000070686
3986000: system.cpu: T0 : 0x1068a    : ld a5, 386(a5)             : MemRead :  D=0x0000000000071988 A=0x70808
3986500: system.cpu: T0 : 0x1068e    : c_lw a5, 0(a5)             : MemRead :  D=0x0000000000000c40 A=0x71988
3987000: system.cpu: T0 : 0x10690    : c_mv a0, a5                : IntAlu :  D=0x0000000000000c40
3987500: system.cpu: T0 : 0x10692    : c_ldsp s0, 8(sp)           : MemRead :  D=0x7ffffffffffffda0 A=0x7ffffffffffffd58
3988000: system.cpu: T0 : 0x10694    : c_addi sp, 16              : IntAlu :  D=0x7ffffffffffffd60
3988500: system.cpu: T0 : 0x10696    : c_jr ra                    : IntAlu : 
3989000: system.cpu: T0 : 0x104e4    : c_mv a5, a0                : IntAlu :  D=0x0000000000000c40
3989500: system.cpu: T0 : 0x104e6    : c_mv a4, a5                : IntAlu :  D=0x0000000000000c40
3990000: system.cpu: T0 : 0x104e8    : slli a5, s1, 2             : IntAlu :  D=0x0000000000000020
3990500: system.cpu: T0 : 0x104ec    : c_add a5, s3               : IntAlu :  D=0x0000000000071a50
3991000: system.cpu: T0 : 0x104ee    : c_sw a4, 0(a5)             : MemWrite :  D=0x0000000000000c40 A=0x71a50
3991500: system.cpu: T0 : 0x104f0    : addiw a5, s1, 1            : IntAlu :  D=0x0000000000000009
3992000: system.cpu: T0 : 0x104f4    : addiw s1, a5, 0            : IntAlu :  D=0x0000000000000009
3992500: system.cpu: T0 : 0x104f8    : c_mv a4, s1                : IntAlu :  D=0x0000000000000009
3993000: system.cpu: T0 : 0x104fa    : c_li a5, 9                 : IntAlu :  D=0x0000000000000009
3993500: system.cpu: T0 : 0x104fc    : bge a5, a4, -48            : IntAlu : 
3994000: system.cpu: T0 : 0x104cc    : c_mv a4, s2                : IntAlu :  D=0x0000000000000004
3994500: system.cpu: T0 : 0x104ce    : c_mv a5, a4                : IntAlu :  D=0x0000000000000004
3995000: system.cpu: T0 : 0x104d0    : c_slli a5, 2               : IntAlu :  D=0x0000000000000010
3995500: system.cpu: T0 : 0x104d2    : c_add a5, a4               : IntAlu :  D=0x0000000000000014
3996000: system.cpu: T0 : 0x104d4    : c_slli a5, 3               : IntAlu :  D=0x00000000000000a0
3996500: system.cpu: T0 : 0x104d6    : c_mv a4, a5                : IntAlu :  D=0x00000000000000a0
3997000: system.cpu: T0 : 0x104d8    : ld a5, -56(s0)             : MemRead :  D=0x0000000000071990 A=0x7ffffffffffffd68
3997500: system.cpu: T0 : 0x104dc    : add s3, a5, a4             : IntAlu :  D=0x0000000000071a30
3998000: system.cpu: T0 : 0x104e0    : jal ra, 356                : IntAlu :  D=0x00000000000104e4
3998500: system.cpu: T0 : 0x10644    : c_addi sp, -16             : IntAlu :  D=0x7ffffffffffffd50
3999000: system.cpu: T0 : 0x10646    : c_sdsp s0, 8(sp)           : MemWrite :  D=0x7ffffffffffffda0 A=0x7ffffffffffffd58
3999500: system.cpu: T0 : 0x10648    : c_addi4spn s0, sp, 16      : IntAlu :  D=0x7ffffffffffffd60
4000500: system.cpu: T0 : 0x1064a    : auipc a5, 96               : IntAlu :  D=0x000000000007064a
4001500: system.cpu: T0 : 0x1064e    : ld a5, 446(a5)             : MemRead :  D=0x0000000000071988 A=0x70808
4002000: system.cpu: T0 : 0x10652    : c_lw a5, 0(a5)             : MemRead :  D=0x0000000000000c40 A=0x71988
4002500: system.cpu: T0 : 0x10654    : c_mv a4, a5                : IntAlu :  D=0x0000000000000c40
4003000: system.cpu: T0 : 0x10656    : c_mv a5, a4                : IntAlu :  D=0x0000000000000c40
4003500: system.cpu: T0 : 0x10658    : slliw a5, a5, 5            : IntAlu :  D=0x0000000000018800
4004000: system.cpu: T0 : 0x1065c    : c_addw a5, a4              : IntAlu :  D=0x0000000000019440
4005000: system.cpu: T0 : 0x1065e    : slliw a5, a5, 2            : IntAlu :  D=0x0000000000065100
4005500: system.cpu: T0 : 0x10662    : c_addw a5, a4              : IntAlu :  D=0x0000000000065d40
4006000: system.cpu: T0 : 0x10664    : c_addiw a5, 0              : IntAlu :  D=0x0000000000065d40
4007000: system.cpu: T0 : 0x10666    : addiw a5, a5, 81           : IntAlu :  D=0x0000000000065d91
4007500: system.cpu: T0 : 0x1066a    : c_addiw a5, 0              : IntAlu :  D=0x0000000000065d91
4008000: system.cpu: T0 : 0x1066c    : c_mv a4, a5                : IntAlu :  D=0x0000000000065d91
4008500: system.cpu: T0 : 0x1066e    : c_lui a5, 2                : IntAlu :  D=0x0000000000002000
4009000: system.cpu: T0 : 0x10670    : addiw a5, a5, -97          : IntAlu :  D=0x0000000000001f9f
4009500: system.cpu: T0 : 0x10674    : remw a5, a4, a5            : IntDiv :  D=0x00000000000010e4
4010000: system.cpu: T0 : 0x10678    : addiw a4, a5, 0            : IntAlu :  D=0x00000000000010e4
4010500: system.cpu: T0 : 0x1067c    : auipc a5, 96               : IntAlu :  D=0x000000000007067c
4011000: system.cpu: T0 : 0x10680    : ld a5, 396(a5)             : MemRead :  D=0x0000000000071988 A=0x70808
4011500: system.cpu: T0 : 0x10684    : c_sw a4, 0(a5)             : MemWrite :  D=0x00000000000010e4 A=0x71988
4012500: system.cpu: T0 : 0x10686    : auipc a5, 96               : IntAlu :  D=0x0000000000070686
4013500: system.cpu: T0 : 0x1068a    : ld a5, 386(a5)             : MemRead :  D=0x0000000000071988 A=0x70808
4014000: system.cpu: T0 : 0x1068e    : c_lw a5, 0(a5)             : MemRead :  D=0x00000000000010e4 A=0x71988
4014500: system.cpu: T0 : 0x10690    : c_mv a0, a5                : IntAlu :  D=0x00000000000010e4
4015000: system.cpu: T0 : 0x10692    : c_ldsp s0, 8(sp)           : MemRead :  D=0x7ffffffffffffda0 A=0x7ffffffffffffd58
4015500: system.cpu: T0 : 0x10694    : c_addi sp, 16              : IntAlu :  D=0x7ffffffffffffd60
4016000: system.cpu: T0 : 0x10696    : c_jr ra                    : IntAlu : 
4016500: system.cpu: T0 : 0x104e4    : c_mv a5, a0                : IntAlu :  D=0x00000000000010e4
4017000: system.cpu: T0 : 0x104e6    : c_mv a4, a5                : IntAlu :  D=0x00000000000010e4
4017500: system.cpu: T0 : 0x104e8    : slli a5, s1, 2             : IntAlu :  D=0x0000000000000024
4018000: system.cpu: T0 : 0x104ec    : c_add a5, s3               : IntAlu :  D=0x0000000000071a54
4018500: system.cpu: T0 : 0x104ee    : c_sw a4, 0(a5)             : MemWrite :  D=0x00000000000010e4 A=0x71a54
4019000: system.cpu: T0 : 0x104f0    : addiw a5, s1, 1            : IntAlu :  D=0x000000000000000a
4019500: system.cpu: T0 : 0x104f4    : addiw s1, a5, 0            : IntAlu :  D=0x000000000000000a
4020000: system.cpu: T0 : 0x104f8    : c_mv a4, s1                : IntAlu :  D=0x000000000000000a
4020500: system.cpu: T0 : 0x104fa    : c_li a5, 9                 : IntAlu :  D=0x0000000000000009
4021000: system.cpu: T0 : 0x104fc    : bge a5, a4, -48            : IntAlu : 
4021500: system.cpu: T0 : 0x10500    : addiw a5, s2, 1            : IntAlu :  D=0x0000000000000005
4022000: system.cpu: T0 : 0x10504    : addiw s2, a5, 0            : IntAlu :  D=0x0000000000000005
4022500: system.cpu: T0 : 0x10508    : c_mv a4, s2                : IntAlu :  D=0x0000000000000005
4023000: system.cpu: T0 : 0x1050a    : c_li a5, 9                 : IntAlu :  D=0x0000000000000009
4023500: system.cpu: T0 : 0x1050c    : bge a5, a4, -68            : IntAlu : 
4024000: system.cpu: T0 : 0x104c8    : c_li s1, 0                 : IntAlu :  D=0x0000000000000000
4024500: system.cpu: T0 : 0x104ca    : c_j 46                     : IntAlu : 
4025000: system.cpu: T0 : 0x104f8    : c_mv a4, s1                : IntAlu :  D=0x0000000000000000
4025500: system.cpu: T0 : 0x104fa    : c_li a5, 9                 : IntAlu :  D=0x0000000000000009
4026000: system.cpu: T0 : 0x104fc    : bge a5, a4, -48            : IntAlu : 
4026500: system.cpu: T0 : 0x104cc    : c_mv a4, s2                : IntAlu :  D=0x0000000000000005
4027000: system.cpu: T0 : 0x104ce    : c_mv a5, a4                : IntAlu :  D=0x0000000000000005
4027500: system.cpu: T0 : 0x104d0    : c_slli a5, 2               : IntAlu :  D=0x0000000000000014
4028000: system.cpu: T0 : 0x104d2    : c_add a5, a4               : IntAlu :  D=0x0000000000000019
4028500: system.cpu: T0 : 0x104d4    : c_slli a5, 3               : IntAlu :  D=0x00000000000000c8
4029000: system.cpu: T0 : 0x104d6    : c_mv a4, a5                : IntAlu :  D=0x00000000000000c8
4029500: system.cpu: T0 : 0x104d8    : ld a5, -56(s0)             : MemRead :  D=0x0000000000071990 A=0x7ffffffffffffd68
4030000: system.cpu: T0 : 0x104dc    : add s3, a5, a4             : IntAlu :  D=0x0000000000071a58
4030500: system.cpu: T0 : 0x104e0    : jal ra, 356                : IntAlu :  D=0x00000000000104e4
4031000: system.cpu: T0 : 0x10644    : c_addi sp, -16             : IntAlu :  D=0x7ffffffffffffd50
4031500: system.cpu: T0 : 0x10646    : c_sdsp s0, 8(sp)           : MemWrite :  D=0x7ffffffffffffda0 A=0x7ffffffffffffd58
4032000: system.cpu: T0 : 0x10648    : c_addi4spn s0, sp, 16      : IntAlu :  D=0x7ffffffffffffd60
4033000: system.cpu: T0 : 0x1064a    : auipc a5, 96               : IntAlu :  D=0x000000000007064a
4034000: system.cpu: T0 : 0x1064e    : ld a5, 446(a5)             : MemRead :  D=0x0000000000071988 A=0x70808
4034500: system.cpu: T0 : 0x10652    : c_lw a5, 0(a5)             : MemRead :  D=0x00000000000010e4 A=0x71988
4035000: system.cpu: T0 : 0x10654    : c_mv a4, a5                : IntAlu :  D=0x00000000000010e4
4035500: system.cpu: T0 : 0x10656    : c_mv a5, a4                : IntAlu :  D=0x00000000000010e4
4036000: system.cpu: T0 : 0x10658    : slliw a5, a5, 5            : IntAlu :  D=0x0000000000021c80
4036500: system.cpu: T0 : 0x1065c    : c_addw a5, a4              : IntAlu :  D=0x0000000000022d64
4037500: system.cpu: T0 : 0x1065e    : slliw a5, a5, 2            : IntAlu :  D=0x000000000008b590
4038000: system.cpu: T0 : 0x10662    : c_addw a5, a4              : IntAlu :  D=0x000000000008c674
4038500: system.cpu: T0 : 0x10664    : c_addiw a5, 0              : IntAlu :  D=0x000000000008c674
4039500: system.cpu: T0 : 0x10666    : addiw a5, a5, 81           : IntAlu :  D=0x000000000008c6c5
4040000: system.cpu: T0 : 0x1066a    : c_addiw a5, 0              : IntAlu :  D=0x000000000008c6c5
4040500: system.cpu: T0 : 0x1066c    : c_mv a4, a5                : IntAlu :  D=0x000000000008c6c5
4041000: system.cpu: T0 : 0x1066e    : c_lui a5, 2                : IntAlu :  D=0x0000000000002000
4041500: system.cpu: T0 : 0x10670    : addiw a5, a5, -97          : IntAlu :  D=0x0000000000001f9f
4042000: system.cpu: T0 : 0x10674    : remw a5, a4, a5            : IntDiv :  D=0x00000000000001ac
4042500: system.cpu: T0 : 0x10678    : addiw a4, a5, 0            : IntAlu :  D=0x00000000000001ac
4043000: system.cpu: T0 : 0x1067c    : auipc a5, 96               : IntAlu :  D=0x000000000007067c
4043500: system.cpu: T0 : 0x10680    : ld a5, 396(a5)             : MemRead :  D=0x0000000000071988 A=0x70808
4044000: system.cpu: T0 : 0x10684    : c_sw a4, 0(a5)             : MemWrite :  D=0x00000000000001ac A=0x71988
4045000: system.cpu: T0 : 0x10686    : auipc a5, 96               : IntAlu :  D=0x0000000000070686
4046000: system.cpu: T0 : 0x1068a    : ld a5, 386(a5)             : MemRead :  D=0x0000000000071988 A=0x70808
4046500: system.cpu: T0 : 0x1068e    : c_lw a5, 0(a5)             : MemRead :  D=0x00000000000001ac A=0x71988
4047000: system.cpu: T0 : 0x10690    : c_mv a0, a5                : IntAlu :  D=0x00000000000001ac
4047500: system.cpu: T0 : 0x10692    : c_ldsp s0, 8(sp)           : MemRead :  D=0x7ffffffffffffda0 A=0x7ffffffffffffd58
4048000: system.cpu: T0 : 0x10694    : c_addi sp, 16              : IntAlu :  D=0x7ffffffffffffd60
4048500: system.cpu: T0 : 0x10696    : c_jr ra                    : IntAlu : 
4049000: system.cpu: T0 : 0x104e4    : c_mv a5, a0                : IntAlu :  D=0x00000000000001ac
4049500: system.cpu: T0 : 0x104e6    : c_mv a4, a5                : IntAlu :  D=0x00000000000001ac
4050000: system.cpu: T0 : 0x104e8    : slli a5, s1, 2             : IntAlu :  D=0x0000000000000000
4050500: system.cpu: T0 : 0x104ec    : c_add a5, s3               : IntAlu :  D=0x0000000000071a58
4051000: system.cpu: T0 : 0x104ee    : c_sw a4, 0(a5)             : MemWrite :  D=0x00000000000001ac A=0x71a58
4051500: system.cpu: T0 : 0x104f0    : addiw a5, s1, 1            : IntAlu :  D=0x0000000000000001
4052000: system.cpu: T0 : 0x104f4    : addiw s1, a5, 0            : IntAlu :  D=0x0000000000000001
4052500: system.cpu: T0 : 0x104f8    : c_mv a4, s1                : IntAlu :  D=0x0000000000000001
4053000: system.cpu: T0 : 0x104fa    : c_li a5, 9                 : IntAlu :  D=0x0000000000000009
4053500: system.cpu: T0 : 0x104fc    : bge a5, a4, -48            : IntAlu : 
4054000: system.cpu: T0 : 0x104cc    : c_mv a4, s2                : IntAlu :  D=0x0000000000000005
4054500: system.cpu: T0 : 0x104ce    : c_mv a5, a4                : IntAlu :  D=0x0000000000000005
4055000: system.cpu: T0 : 0x104d0    : c_slli a5, 2               : IntAlu :  D=0x0000000000000014
4055500: system.cpu: T0 : 0x104d2    : c_add a5, a4               : IntAlu :  D=0x0000000000000019
4056000: system.cpu: T0 : 0x104d4    : c_slli a5, 3               : IntAlu :  D=0x00000000000000c8
4056500: system.cpu: T0 : 0x104d6    : c_mv a4, a5                : IntAlu :  D=0x00000000000000c8
4057000: system.cpu: T0 : 0x104d8    : ld a5, -56(s0)             : MemRead :  D=0x0000000000071990 A=0x7ffffffffffffd68
4057500: system.cpu: T0 : 0x104dc    : add s3, a5, a4             : IntAlu :  D=0x0000000000071a58
4058000: system.cpu: T0 : 0x104e0    : jal ra, 356                : IntAlu :  D=0x00000000000104e4
4058500: system.cpu: T0 : 0x10644    : c_addi sp, -16             : IntAlu :  D=0x7ffffffffffffd50
4059000: system.cpu: T0 : 0x10646    : c_sdsp s0, 8(sp)           : MemWrite :  D=0x7ffffffffffffda0 A=0x7ffffffffffffd58
4059500: system.cpu: T0 : 0x10648    : c_addi4spn s0, sp, 16      : IntAlu :  D=0x7ffffffffffffd60
4060500: system.cpu: T0 : 0x1064a    : auipc a5, 96               : IntAlu :  D=0x000000000007064a
4061500: system.cpu: T0 : 0x1064e    : ld a5, 446(a5)             : MemRead :  D=0x0000000000071988 A=0x70808
4062000: system.cpu: T0 : 0x10652    : c_lw a5, 0(a5)             : MemRead :  D=0x00000000000001ac A=0x71988
4062500: system.cpu: T0 : 0x10654    : c_mv a4, a5                : IntAlu :  D=0x00000000000001ac
4063000: system.cpu: T0 : 0x10656    : c_mv a5, a4                : IntAlu :  D=0x00000000000001ac
4063500: system.cpu: T0 : 0x10658    : slliw a5, a5, 5            : IntAlu :  D=0x0000000000003580
4064000: system.cpu: T0 : 0x1065c    : c_addw a5, a4              : IntAlu :  D=0x000000000000372c
4065000: system.cpu: T0 : 0x1065e    : slliw a5, a5, 2            : IntAlu :  D=0x000000000000dcb0
4065500: system.cpu: T0 : 0x10662    : c_addw a5, a4              : IntAlu :  D=0x000000000000de5c
4066000: system.cpu: T0 : 0x10664    : c_addiw a5, 0              : IntAlu :  D=0x000000000000de5c
4067000: system.cpu: T0 : 0x10666    : addiw a5, a5, 81           : IntAlu :  D=0x000000000000dead
4067500: system.cpu: T0 : 0x1066a    : c_addiw a5, 0              : IntAlu :  D=0x000000000000dead
4068000: system.cpu: T0 : 0x1066c    : c_mv a4, a5                : IntAlu :  D=0x000000000000dead
4068500: system.cpu: T0 : 0x1066e    : c_lui a5, 2                : IntAlu :  D=0x0000000000002000
4069000: system.cpu: T0 : 0x10670    : addiw a5, a5, -97          : IntAlu :  D=0x0000000000001f9f
4069500: system.cpu: T0 : 0x10674    : remw a5, a4, a5            : IntDiv :  D=0x0000000000000154
4070000: system.cpu: T0 : 0x10678    : addiw a4, a5, 0            : IntAlu :  D=0x0000000000000154
4070500: system.cpu: T0 : 0x1067c    : auipc a5, 96               : IntAlu :  D=0x000000000007067c
4071000: system.cpu: T0 : 0x10680    : ld a5, 396(a5)             : MemRead :  D=0x0000000000071988 A=0x70808
4071500: system.cpu: T0 : 0x10684    : c_sw a4, 0(a5)             : MemWrite :  D=0x0000000000000154 A=0x71988
4072500: system.cpu: T0 : 0x10686    : auipc a5, 96               : IntAlu :  D=0x0000000000070686
4073500: system.cpu: T0 : 0x1068a    : ld a5, 386(a5)             : MemRead :  D=0x0000000000071988 A=0x70808
4074000: system.cpu: T0 : 0x1068e    : c_lw a5, 0(a5)             : MemRead :  D=0x0000000000000154 A=0x71988
4074500: system.cpu: T0 : 0x10690    : c_mv a0, a5                : IntAlu :  D=0x0000000000000154
4075000: system.cpu: T0 : 0x10692    : c_ldsp s0, 8(sp)           : MemRead :  D=0x7ffffffffffffda0 A=0x7ffffffffffffd58
4075500: system.cpu: T0 : 0x10694    : c_addi sp, 16              : IntAlu :  D=0x7ffffffffffffd60
4076000: system.cpu: T0 : 0x10696    : c_jr ra                    : IntAlu : 
4076500: system.cpu: T0 : 0x104e4    : c_mv a5, a0                : IntAlu :  D=0x0000000000000154
4077000: system.cpu: T0 : 0x104e6    : c_mv a4, a5                : IntAlu :  D=0x0000000000000154
4077500: system.cpu: T0 : 0x104e8    : slli a5, s1, 2             : IntAlu :  D=0x0000000000000004
4078000: system.cpu: T0 : 0x104ec    : c_add a5, s3               : IntAlu :  D=0x0000000000071a5c
4078500: system.cpu: T0 : 0x104ee    : c_sw a4, 0(a5)             : MemWrite :  D=0x0000000000000154 A=0x71a5c
4079000: system.cpu: T0 : 0x104f0    : addiw a5, s1, 1            : IntAlu :  D=0x0000000000000002
4079500: system.cpu: T0 : 0x104f4    : addiw s1, a5, 0            : IntAlu :  D=0x0000000000000002
4080000: system.cpu: T0 : 0x104f8    : c_mv a4, s1                : IntAlu :  D=0x0000000000000002
4080500: system.cpu: T0 : 0x104fa    : c_li a5, 9                 : IntAlu :  D=0x0000000000000009
4081000: system.cpu: T0 : 0x104fc    : bge a5, a4, -48            : IntAlu : 
4081500: system.cpu: T0 : 0x104cc    : c_mv a4, s2                : IntAlu :  D=0x0000000000000005
4082000: system.cpu: T0 : 0x104ce    : c_mv a5, a4                : IntAlu :  D=0x0000000000000005
4082500: system.cpu: T0 : 0x104d0    : c_slli a5, 2               : IntAlu :  D=0x0000000000000014
4083000: system.cpu: T0 : 0x104d2    : c_add a5, a4               : IntAlu :  D=0x0000000000000019
4083500: system.cpu: T0 : 0x104d4    : c_slli a5, 3               : IntAlu :  D=0x00000000000000c8
4084000: system.cpu: T0 : 0x104d6    : c_mv a4, a5                : IntAlu :  D=0x00000000000000c8
4084500: system.cpu: T0 : 0x104d8    : ld a5, -56(s0)             : MemRead :  D=0x0000000000071990 A=0x7ffffffffffffd68
4085000: system.cpu: T0 : 0x104dc    : add s3, a5, a4             : IntAlu :  D=0x0000000000071a58
4085500: system.cpu: T0 : 0x104e0    : jal ra, 356                : IntAlu :  D=0x00000000000104e4
4086000: system.cpu: T0 : 0x10644    : c_addi sp, -16             : IntAlu :  D=0x7ffffffffffffd50
4086500: system.cpu: T0 : 0x10646    : c_sdsp s0, 8(sp)           : MemWrite :  D=0x7ffffffffffffda0 A=0x7ffffffffffffd58
4087000: system.cpu: T0 : 0x10648    : c_addi4spn s0, sp, 16      : IntAlu :  D=0x7ffffffffffffd60
4088000: system.cpu: T0 : 0x1064a    : auipc a5, 96               : IntAlu :  D=0x000000000007064a
4089000: system.cpu: T0 : 0x1064e    : ld a5, 446(a5)             : MemRead :  D=0x0000000000071988 A=0x70808
4089500: system.cpu: T0 : 0x10652    : c_lw a5, 0(a5)             : MemRead :  D=0x0000000000000154 A=0x71988
4090000: system.cpu: T0 : 0x10654    : c_mv a4, a5                : IntAlu :  D=0x0000000000000154
4090500: system.cpu: T0 : 0x10656    : c_mv a5, a4                : IntAlu :  D=0x0000000000000154
4091000: system.cpu: T0 : 0x10658    : slliw a5, a5, 5            : IntAlu :  D=0x0000000000002a80
4091500: system.cpu: T0 : 0x1065c    : c_addw a5, a4              : IntAlu :  D=0x0000000000002bd4
4092500: system.cpu: T0 : 0x1065e    : slliw a5, a5, 2            : IntAlu :  D=0x000000000000af50
4093000: system.cpu: T0 : 0x10662    : c_addw a5, a4              : IntAlu :  D=0x000000000000b0a4
4093500: system.cpu: T0 : 0x10664    : c_addiw a5, 0              : IntAlu :  D=0x000000000000b0a4
4094500: system.cpu: T0 : 0x10666    : addiw a5, a5, 81           : IntAlu :  D=0x000000000000b0f5
4095000: system.cpu: T0 : 0x1066a    : c_addiw a5, 0              : IntAlu :  D=0x000000000000b0f5
4095500: system.cpu: T0 : 0x1066c    : c_mv a4, a5                : IntAlu :  D=0x000000000000b0f5
4096000: system.cpu: T0 : 0x1066e    : c_lui a5, 2                : IntAlu :  D=0x0000000000002000
4096500: system.cpu: T0 : 0x10670    : addiw a5, a5, -97          : IntAlu :  D=0x0000000000001f9f
4097000: system.cpu: T0 : 0x10674    : remw a5, a4, a5            : IntDiv :  D=0x00000000000012da
4097500: system.cpu: T0 : 0x10678    : addiw a4, a5, 0            : IntAlu :  D=0x00000000000012da
4098000: system.cpu: T0 : 0x1067c    : auipc a5, 96               : IntAlu :  D=0x000000000007067c
4098500: system.cpu: T0 : 0x10680    : ld a5, 396(a5)             : MemRead :  D=0x0000000000071988 A=0x70808
4099000: system.cpu: T0 : 0x10684    : c_sw a4, 0(a5)             : MemWrite :  D=0x00000000000012da A=0x71988
4100000: system.cpu: T0 : 0x10686    : auipc a5, 96               : IntAlu :  D=0x0000000000070686
4101000: system.cpu: T0 : 0x1068a    : ld a5, 386(a5)             : MemRead :  D=0x0000000000071988 A=0x70808
4101500: system.cpu: T0 : 0x1068e    : c_lw a5, 0(a5)             : MemRead :  D=0x00000000000012da A=0x71988
4102000: system.cpu: T0 : 0x10690    : c_mv a0, a5                : IntAlu :  D=0x00000000000012da
4102500: system.cpu: T0 : 0x10692    : c_ldsp s0, 8(sp)           : MemRead :  D=0x7ffffffffffffda0 A=0x7ffffffffffffd58
4103000: system.cpu: T0 : 0x10694    : c_addi sp, 16              : IntAlu :  D=0x7ffffffffffffd60
4103500: system.cpu: T0 : 0x10696    : c_jr ra                    : IntAlu : 
4104000: system.cpu: T0 : 0x104e4    : c_mv a5, a0                : IntAlu :  D=0x00000000000012da
4104500: system.cpu: T0 : 0x104e6    : c_mv a4, a5                : IntAlu :  D=0x00000000000012da
4105000: system.cpu: T0 : 0x104e8    : slli a5, s1, 2             : IntAlu :  D=0x0000000000000008
4105500: system.cpu: T0 : 0x104ec    : c_add a5, s3               : IntAlu :  D=0x0000000000071a60
4106000: system.cpu: T0 : 0x104ee    : c_sw a4, 0(a5)             : MemWrite :  D=0x00000000000012da A=0x71a60
4106500: system.cpu: T0 : 0x104f0    : addiw a5, s1, 1            : IntAlu :  D=0x0000000000000003
4107000: system.cpu: T0 : 0x104f4    : addiw s1, a5, 0            : IntAlu :  D=0x0000000000000003
4107500: system.cpu: T0 : 0x104f8    : c_mv a4, s1                : IntAlu :  D=0x0000000000000003
4108000: system.cpu: T0 : 0x104fa    : c_li a5, 9                 : IntAlu :  D=0x0000000000000009
4108500: system.cpu: T0 : 0x104fc    : bge a5, a4, -48            : IntAlu : 
4109000: system.cpu: T0 : 0x104cc    : c_mv a4, s2                : IntAlu :  D=0x0000000000000005
4109500: system.cpu: T0 : 0x104ce    : c_mv a5, a4                : IntAlu :  D=0x0000000000000005
4110000: system.cpu: T0 : 0x104d0    : c_slli a5, 2               : IntAlu :  D=0x0000000000000014
4110500: system.cpu: T0 : 0x104d2    : c_add a5, a4               : IntAlu :  D=0x0000000000000019
4111000: system.cpu: T0 : 0x104d4    : c_slli a5, 3               : IntAlu :  D=0x00000000000000c8
4111500: system.cpu: T0 : 0x104d6    : c_mv a4, a5                : IntAlu :  D=0x00000000000000c8
4112000: system.cpu: T0 : 0x104d8    : ld a5, -56(s0)             : MemRead :  D=0x0000000000071990 A=0x7ffffffffffffd68
4112500: system.cpu: T0 : 0x104dc    : add s3, a5, a4             : IntAlu :  D=0x0000000000071a58
4113000: system.cpu: T0 : 0x104e0    : jal ra, 356                : IntAlu :  D=0x00000000000104e4
4113500: system.cpu: T0 : 0x10644    : c_addi sp, -16             : IntAlu :  D=0x7ffffffffffffd50
4114000: system.cpu: T0 : 0x10646    : c_sdsp s0, 8(sp)           : MemWrite :  D=0x7ffffffffffffda0 A=0x7ffffffffffffd58
4114500: system.cpu: T0 : 0x10648    : c_addi4spn s0, sp, 16      : IntAlu :  D=0x7ffffffffffffd60
4115500: system.cpu: T0 : 0x1064a    : auipc a5, 96               : IntAlu :  D=0x000000000007064a
4116500: system.cpu: T0 : 0x1064e    : ld a5, 446(a5)             : MemRead :  D=0x0000000000071988 A=0x70808
4117000: system.cpu: T0 : 0x10652    : c_lw a5, 0(a5)             : MemRead :  D=0x00000000000012da A=0x71988
4117500: system.cpu: T0 : 0x10654    : c_mv a4, a5                : IntAlu :  D=0x00000000000012da
4118000: system.cpu: T0 : 0x10656    : c_mv a5, a4                : IntAlu :  D=0x00000000000012da
4118500: system.cpu: T0 : 0x10658    : slliw a5, a5, 5            : IntAlu :  D=0x0000000000025b40
4119000: system.cpu: T0 : 0x1065c    : c_addw a5, a4              : IntAlu :  D=0x0000000000026e1a
4120000: system.cpu: T0 : 0x1065e    : slliw a5, a5, 2            : IntAlu :  D=0x000000000009b868
4120500: system.cpu: T0 : 0x10662    : c_addw a5, a4              : IntAlu :  D=0x000000000009cb42
4121000: system.cpu: T0 : 0x10664    : c_addiw a5, 0              : IntAlu :  D=0x000000000009cb42
4122000: system.cpu: T0 : 0x10666    : addiw a5, a5, 81           : IntAlu :  D=0x000000000009cb93
4122500: system.cpu: T0 : 0x1066a    : c_addiw a5, 0              : IntAlu :  D=0x000000000009cb93
4123000: system.cpu: T0 : 0x1066c    : c_mv a4, a5                : IntAlu :  D=0x000000000009cb93
4123500: system.cpu: T0 : 0x1066e    : c_lui a5, 2                : IntAlu :  D=0x0000000000002000
4124000: system.cpu: T0 : 0x10670    : addiw a5, a5, -97          : IntAlu :  D=0x0000000000001f9f
4124500: system.cpu: T0 : 0x10674    : remw a5, a4, a5            : IntDiv :  D=0x0000000000000982
4125000: system.cpu: T0 : 0x10678    : addiw a4, a5, 0            : IntAlu :  D=0x0000000000000982
4125500: system.cpu: T0 : 0x1067c    : auipc a5, 96               : IntAlu :  D=0x000000000007067c
4126000: system.cpu: T0 : 0x10680    : ld a5, 396(a5)             : MemRead :  D=0x0000000000071988 A=0x70808
4126500: system.cpu: T0 : 0x10684    : c_sw a4, 0(a5)             : MemWrite :  D=0x0000000000000982 A=0x71988
4127500: system.cpu: T0 : 0x10686    : auipc a5, 96               : IntAlu :  D=0x0000000000070686
4128500: system.cpu: T0 : 0x1068a    : ld a5, 386(a5)             : MemRead :  D=0x0000000000071988 A=0x70808
4129000: system.cpu: T0 : 0x1068e    : c_lw a5, 0(a5)             : MemRead :  D=0x0000000000000982 A=0x71988
4129500: system.cpu: T0 : 0x10690    : c_mv a0, a5                : IntAlu :  D=0x0000000000000982
4130000: system.cpu: T0 : 0x10692    : c_ldsp s0, 8(sp)           : MemRead :  D=0x7ffffffffffffda0 A=0x7ffffffffffffd58
4130500: system.cpu: T0 : 0x10694    : c_addi sp, 16              : IntAlu :  D=0x7ffffffffffffd60
4131000: system.cpu: T0 : 0x10696    : c_jr ra                    : IntAlu : 
4131500: system.cpu: T0 : 0x104e4    : c_mv a5, a0                : IntAlu :  D=0x0000000000000982
4132000: system.cpu: T0 : 0x104e6    : c_mv a4, a5                : IntAlu :  D=0x0000000000000982
4132500: system.cpu: T0 : 0x104e8    : slli a5, s1, 2             : IntAlu :  D=0x000000000000000c
4133000: system.cpu: T0 : 0x104ec    : c_add a5, s3               : IntAlu :  D=0x0000000000071a64
4133500: system.cpu: T0 : 0x104ee    : c_sw a4, 0(a5)             : MemWrite :  D=0x0000000000000982 A=0x71a64
4134000: system.cpu: T0 : 0x104f0    : addiw a5, s1, 1            : IntAlu :  D=0x0000000000000004
4134500: system.cpu: T0 : 0x104f4    : addiw s1, a5, 0            : IntAlu :  D=0x0000000000000004
4135000: system.cpu: T0 : 0x104f8    : c_mv a4, s1                : IntAlu :  D=0x0000000000000004
4135500: system.cpu: T0 : 0x104fa    : c_li a5, 9                 : IntAlu :  D=0x0000000000000009
4136000: system.cpu: T0 : 0x104fc    : bge a5, a4, -48            : IntAlu : 
4136500: system.cpu: T0 : 0x104cc    : c_mv a4, s2                : IntAlu :  D=0x0000000000000005
4137000: system.cpu: T0 : 0x104ce    : c_mv a5, a4                : IntAlu :  D=0x0000000000000005
4137500: system.cpu: T0 : 0x104d0    : c_slli a5, 2               : IntAlu :  D=0x0000000000000014
4138000: system.cpu: T0 : 0x104d2    : c_add a5, a4               : IntAlu :  D=0x0000000000000019
4138500: system.cpu: T0 : 0x104d4    : c_slli a5, 3               : IntAlu :  D=0x00000000000000c8
4139000: system.cpu: T0 : 0x104d6    : c_mv a4, a5                : IntAlu :  D=0x00000000000000c8
4139500: system.cpu: T0 : 0x104d8    : ld a5, -56(s0)             : MemRead :  D=0x0000000000071990 A=0x7ffffffffffffd68
4140000: system.cpu: T0 : 0x104dc    : add s3, a5, a4             : IntAlu :  D=0x0000000000071a58
4140500: system.cpu: T0 : 0x104e0    : jal ra, 356                : IntAlu :  D=0x00000000000104e4
4141000: system.cpu: T0 : 0x10644    : c_addi sp, -16             : IntAlu :  D=0x7ffffffffffffd50
4141500: system.cpu: T0 : 0x10646    : c_sdsp s0, 8(sp)           : MemWrite :  D=0x7ffffffffffffda0 A=0x7ffffffffffffd58
4142000: system.cpu: T0 : 0x10648    : c_addi4spn s0, sp, 16      : IntAlu :  D=0x7ffffffffffffd60
4143000: system.cpu: T0 : 0x1064a    : auipc a5, 96               : IntAlu :  D=0x000000000007064a
4144000: system.cpu: T0 : 0x1064e    : ld a5, 446(a5)             : MemRead :  D=0x0000000000071988 A=0x70808
4144500: system.cpu: T0 : 0x10652    : c_lw a5, 0(a5)             : MemRead :  D=0x0000000000000982 A=0x71988
4145000: system.cpu: T0 : 0x10654    : c_mv a4, a5                : IntAlu :  D=0x0000000000000982
4145500: system.cpu: T0 : 0x10656    : c_mv a5, a4                : IntAlu :  D=0x0000000000000982
4146000: system.cpu: T0 : 0x10658    : slliw a5, a5, 5            : IntAlu :  D=0x0000000000013040
4146500: system.cpu: T0 : 0x1065c    : c_addw a5, a4              : IntAlu :  D=0x00000000000139c2
4147500: system.cpu: T0 : 0x1065e    : slliw a5, a5, 2            : IntAlu :  D=0x000000000004e708
4148000: system.cpu: T0 : 0x10662    : c_addw a5, a4              : IntAlu :  D=0x000000000004f08a
4148500: system.cpu: T0 : 0x10664    : c_addiw a5, 0              : IntAlu :  D=0x000000000004f08a
4149500: system.cpu: T0 : 0x10666    : addiw a5, a5, 81           : IntAlu :  D=0x000000000004f0db
4150000: system.cpu: T0 : 0x1066a    : c_addiw a5, 0              : IntAlu :  D=0x000000000004f0db
4150500: system.cpu: T0 : 0x1066c    : c_mv a4, a5                : IntAlu :  D=0x000000000004f0db
4151000: system.cpu: T0 : 0x1066e    : c_lui a5, 2                : IntAlu :  D=0x0000000000002000
4151500: system.cpu: T0 : 0x10670    : addiw a5, a5, -97          : IntAlu :  D=0x0000000000001f9f
4152000: system.cpu: T0 : 0x10674    : remw a5, a4, a5            : IntDiv :  D=0x0000000000000003
4152500: system.cpu: T0 : 0x10678    : addiw a4, a5, 0            : IntAlu :  D=0x0000000000000003
4153000: system.cpu: T0 : 0x1067c    : auipc a5, 96               : IntAlu :  D=0x000000000007067c
4153500: system.cpu: T0 : 0x10680    : ld a5, 396(a5)             : MemRead :  D=0x0000000000071988 A=0x70808
4154000: system.cpu: T0 : 0x10684    : c_sw a4, 0(a5)             : MemWrite :  D=0x0000000000000003 A=0x71988
4155000: system.cpu: T0 : 0x10686    : auipc a5, 96               : IntAlu :  D=0x0000000000070686
4156000: system.cpu: T0 : 0x1068a    : ld a5, 386(a5)             : MemRead :  D=0x0000000000071988 A=0x70808
4156500: system.cpu: T0 : 0x1068e    : c_lw a5, 0(a5)             : MemRead :  D=0x0000000000000003 A=0x71988
4157000: system.cpu: T0 : 0x10690    : c_mv a0, a5                : IntAlu :  D=0x0000000000000003
4157500: system.cpu: T0 : 0x10692    : c_ldsp s0, 8(sp)           : MemRead :  D=0x7ffffffffffffda0 A=0x7ffffffffffffd58
4158000: system.cpu: T0 : 0x10694    : c_addi sp, 16              : IntAlu :  D=0x7ffffffffffffd60
4158500: system.cpu: T0 : 0x10696    : c_jr ra                    : IntAlu : 
4159000: system.cpu: T0 : 0x104e4    : c_mv a5, a0                : IntAlu :  D=0x0000000000000003
4159500: system.cpu: T0 : 0x104e6    : c_mv a4, a5                : IntAlu :  D=0x0000000000000003
4160000: system.cpu: T0 : 0x104e8    : slli a5, s1, 2             : IntAlu :  D=0x0000000000000010
4160500: system.cpu: T0 : 0x104ec    : c_add a5, s3               : IntAlu :  D=0x0000000000071a68
4161000: system.cpu: T0 : 0x104ee    : c_sw a4, 0(a5)             : MemWrite :  D=0x0000000000000003 A=0x71a68
4161500: system.cpu: T0 : 0x104f0    : addiw a5, s1, 1            : IntAlu :  D=0x0000000000000005
4162000: system.cpu: T0 : 0x104f4    : addiw s1, a5, 0            : IntAlu :  D=0x0000000000000005
4162500: system.cpu: T0 : 0x104f8    : c_mv a4, s1                : IntAlu :  D=0x0000000000000005
4163000: system.cpu: T0 : 0x104fa    : c_li a5, 9                 : IntAlu :  D=0x0000000000000009
4163500: system.cpu: T0 : 0x104fc    : bge a5, a4, -48            : IntAlu : 
4164000: system.cpu: T0 : 0x104cc    : c_mv a4, s2                : IntAlu :  D=0x0000000000000005
4164500: system.cpu: T0 : 0x104ce    : c_mv a5, a4                : IntAlu :  D=0x0000000000000005
4165000: system.cpu: T0 : 0x104d0    : c_slli a5, 2               : IntAlu :  D=0x0000000000000014
4165500: system.cpu: T0 : 0x104d2    : c_add a5, a4               : IntAlu :  D=0x0000000000000019
4166000: system.cpu: T0 : 0x104d4    : c_slli a5, 3               : IntAlu :  D=0x00000000000000c8
4166500: system.cpu: T0 : 0x104d6    : c_mv a4, a5                : IntAlu :  D=0x00000000000000c8
4167000: system.cpu: T0 : 0x104d8    : ld a5, -56(s0)             : MemRead :  D=0x0000000000071990 A=0x7ffffffffffffd68
4167500: system.cpu: T0 : 0x104dc    : add s3, a5, a4             : IntAlu :  D=0x0000000000071a58
4168000: system.cpu: T0 : 0x104e0    : jal ra, 356                : IntAlu :  D=0x00000000000104e4
4168500: system.cpu: T0 : 0x10644    : c_addi sp, -16             : IntAlu :  D=0x7ffffffffffffd50
4169000: system.cpu: T0 : 0x10646    : c_sdsp s0, 8(sp)           : MemWrite :  D=0x7ffffffffffffda0 A=0x7ffffffffffffd58
4169500: system.cpu: T0 : 0x10648    : c_addi4spn s0, sp, 16      : IntAlu :  D=0x7ffffffffffffd60
4170500: system.cpu: T0 : 0x1064a    : auipc a5, 96               : IntAlu :  D=0x000000000007064a
4171500: system.cpu: T0 : 0x1064e    : ld a5, 446(a5)             : MemRead :  D=0x0000000000071988 A=0x70808
4172000: system.cpu: T0 : 0x10652    : c_lw a5, 0(a5)             : MemRead :  D=0x0000000000000003 A=0x71988
4172500: system.cpu: T0 : 0x10654    : c_mv a4, a5                : IntAlu :  D=0x0000000000000003
4173000: system.cpu: T0 : 0x10656    : c_mv a5, a4                : IntAlu :  D=0x0000000000000003
4173500: system.cpu: T0 : 0x10658    : slliw a5, a5, 5            : IntAlu :  D=0x0000000000000060
4174000: system.cpu: T0 : 0x1065c    : c_addw a5, a4              : IntAlu :  D=0x0000000000000063
4175000: system.cpu: T0 : 0x1065e    : slliw a5, a5, 2            : IntAlu :  D=0x000000000000018c
4175500: system.cpu: T0 : 0x10662    : c_addw a5, a4              : IntAlu :  D=0x000000000000018f
4176000: system.cpu: T0 : 0x10664    : c_addiw a5, 0              : IntAlu :  D=0x000000000000018f
4177000: system.cpu: T0 : 0x10666    : addiw a5, a5, 81           : IntAlu :  D=0x00000000000001e0
4177500: system.cpu: T0 : 0x1066a    : c_addiw a5, 0              : IntAlu :  D=0x00000000000001e0
4178000: system.cpu: T0 : 0x1066c    : c_mv a4, a5                : IntAlu :  D=0x00000000000001e0
4178500: system.cpu: T0 : 0x1066e    : c_lui a5, 2                : IntAlu :  D=0x0000000000002000
4179000: system.cpu: T0 : 0x10670    : addiw a5, a5, -97          : IntAlu :  D=0x0000000000001f9f
4179500: system.cpu: T0 : 0x10674    : remw a5, a4, a5            : IntDiv :  D=0x00000000000001e0
4180000: system.cpu: T0 : 0x10678    : addiw a4, a5, 0            : IntAlu :  D=0x00000000000001e0
4180500: system.cpu: T0 : 0x1067c    : auipc a5, 96               : IntAlu :  D=0x000000000007067c
4181000: system.cpu: T0 : 0x10680    : ld a5, 396(a5)             : MemRead :  D=0x0000000000071988 A=0x70808
4181500: system.cpu: T0 : 0x10684    : c_sw a4, 0(a5)             : MemWrite :  D=0x00000000000001e0 A=0x71988
4182500: system.cpu: T0 : 0x10686    : auipc a5, 96               : IntAlu :  D=0x0000000000070686
4183500: system.cpu: T0 : 0x1068a    : ld a5, 386(a5)             : MemRead :  D=0x0000000000071988 A=0x70808
4184000: system.cpu: T0 : 0x1068e    : c_lw a5, 0(a5)             : MemRead :  D=0x00000000000001e0 A=0x71988
4184500: system.cpu: T0 : 0x10690    : c_mv a0, a5                : IntAlu :  D=0x00000000000001e0
4185000: system.cpu: T0 : 0x10692    : c_ldsp s0, 8(sp)           : MemRead :  D=0x7ffffffffffffda0 A=0x7ffffffffffffd58
4185500: system.cpu: T0 : 0x10694    : c_addi sp, 16              : IntAlu :  D=0x7ffffffffffffd60
4186000: system.cpu: T0 : 0x10696    : c_jr ra                    : IntAlu : 
4186500: system.cpu: T0 : 0x104e4    : c_mv a5, a0                : IntAlu :  D=0x00000000000001e0
4187000: system.cpu: T0 : 0x104e6    : c_mv a4, a5                : IntAlu :  D=0x00000000000001e0
4187500: system.cpu: T0 : 0x104e8    : slli a5, s1, 2             : IntAlu :  D=0x0000000000000014
4188000: system.cpu: T0 : 0x104ec    : c_add a5, s3               : IntAlu :  D=0x0000000000071a6c
4188500: system.cpu: T0 : 0x104ee    : c_sw a4, 0(a5)             : MemWrite :  D=0x00000000000001e0 A=0x71a6c
4189000: system.cpu: T0 : 0x104f0    : addiw a5, s1, 1            : IntAlu :  D=0x0000000000000006
4189500: system.cpu: T0 : 0x104f4    : addiw s1, a5, 0            : IntAlu :  D=0x0000000000000006
4190000: system.cpu: T0 : 0x104f8    : c_mv a4, s1                : IntAlu :  D=0x0000000000000006
4190500: system.cpu: T0 : 0x104fa    : c_li a5, 9                 : IntAlu :  D=0x0000000000000009
4191000: system.cpu: T0 : 0x104fc    : bge a5, a4, -48            : IntAlu : 
4191500: system.cpu: T0 : 0x104cc    : c_mv a4, s2                : IntAlu :  D=0x0000000000000005
4192000: system.cpu: T0 : 0x104ce    : c_mv a5, a4                : IntAlu :  D=0x0000000000000005
4192500: system.cpu: T0 : 0x104d0    : c_slli a5, 2               : IntAlu :  D=0x0000000000000014
4193000: system.cpu: T0 : 0x104d2    : c_add a5, a4               : IntAlu :  D=0x0000000000000019
4193500: system.cpu: T0 : 0x104d4    : c_slli a5, 3               : IntAlu :  D=0x00000000000000c8
4194000: system.cpu: T0 : 0x104d6    : c_mv a4, a5                : IntAlu :  D=0x00000000000000c8
4194500: system.cpu: T0 : 0x104d8    : ld a5, -56(s0)             : MemRead :  D=0x0000000000071990 A=0x7ffffffffffffd68
4195000: system.cpu: T0 : 0x104dc    : add s3, a5, a4             : IntAlu :  D=0x0000000000071a58
4195500: system.cpu: T0 : 0x104e0    : jal ra, 356                : IntAlu :  D=0x00000000000104e4
4196000: system.cpu: T0 : 0x10644    : c_addi sp, -16             : IntAlu :  D=0x7ffffffffffffd50
4196500: system.cpu: T0 : 0x10646    : c_sdsp s0, 8(sp)           : MemWrite :  D=0x7ffffffffffffda0 A=0x7ffffffffffffd58
4197000: system.cpu: T0 : 0x10648    : c_addi4spn s0, sp, 16      : IntAlu :  D=0x7ffffffffffffd60
4198000: system.cpu: T0 : 0x1064a    : auipc a5, 96               : IntAlu :  D=0x000000000007064a
4199000: system.cpu: T0 : 0x1064e    : ld a5, 446(a5)             : MemRead :  D=0x0000000000071988 A=0x70808
4199500: system.cpu: T0 : 0x10652    : c_lw a5, 0(a5)             : MemRead :  D=0x00000000000001e0 A=0x71988
4200000: system.cpu: T0 : 0x10654    : c_mv a4, a5                : IntAlu :  D=0x00000000000001e0
4200500: system.cpu: T0 : 0x10656    : c_mv a5, a4                : IntAlu :  D=0x00000000000001e0
4201000: system.cpu: T0 : 0x10658    : slliw a5, a5, 5            : IntAlu :  D=0x0000000000003c00
4201500: system.cpu: T0 : 0x1065c    : c_addw a5, a4              : IntAlu :  D=0x0000000000003de0
4202500: system.cpu: T0 : 0x1065e    : slliw a5, a5, 2            : IntAlu :  D=0x000000000000f780
4203000: system.cpu: T0 : 0x10662    : c_addw a5, a4              : IntAlu :  D=0x000000000000f960
4203500: system.cpu: T0 : 0x10664    : c_addiw a5, 0              : IntAlu :  D=0x000000000000f960
4204500: system.cpu: T0 : 0x10666    : addiw a5, a5, 81           : IntAlu :  D=0x000000000000f9b1
4205000: system.cpu: T0 : 0x1066a    : c_addiw a5, 0              : IntAlu :  D=0x000000000000f9b1
4205500: system.cpu: T0 : 0x1066c    : c_mv a4, a5                : IntAlu :  D=0x000000000000f9b1
4206000: system.cpu: T0 : 0x1066e    : c_lui a5, 2                : IntAlu :  D=0x0000000000002000
4206500: system.cpu: T0 : 0x10670    : addiw a5, a5, -97          : IntAlu :  D=0x0000000000001f9f
4207000: system.cpu: T0 : 0x10674    : remw a5, a4, a5            : IntDiv :  D=0x0000000000001c58
4207500: system.cpu: T0 : 0x10678    : addiw a4, a5, 0            : IntAlu :  D=0x0000000000001c58
4208000: system.cpu: T0 : 0x1067c    : auipc a5, 96               : IntAlu :  D=0x000000000007067c
4208500: system.cpu: T0 : 0x10680    : ld a5, 396(a5)             : MemRead :  D=0x0000000000071988 A=0x70808
4209000: system.cpu: T0 : 0x10684    : c_sw a4, 0(a5)             : MemWrite :  D=0x0000000000001c58 A=0x71988
4210000: system.cpu: T0 : 0x10686    : auipc a5, 96               : IntAlu :  D=0x0000000000070686
4211000: system.cpu: T0 : 0x1068a    : ld a5, 386(a5)             : MemRead :  D=0x0000000000071988 A=0x70808
4211500: system.cpu: T0 : 0x1068e    : c_lw a5, 0(a5)             : MemRead :  D=0x0000000000001c58 A=0x71988
4212000: system.cpu: T0 : 0x10690    : c_mv a0, a5                : IntAlu :  D=0x0000000000001c58
4212500: system.cpu: T0 : 0x10692    : c_ldsp s0, 8(sp)           : MemRead :  D=0x7ffffffffffffda0 A=0x7ffffffffffffd58
4213000: system.cpu: T0 : 0x10694    : c_addi sp, 16              : IntAlu :  D=0x7ffffffffffffd60
4213500: system.cpu: T0 : 0x10696    : c_jr ra                    : IntAlu : 
4214000: system.cpu: T0 : 0x104e4    : c_mv a5, a0                : IntAlu :  D=0x0000000000001c58
4214500: system.cpu: T0 : 0x104e6    : c_mv a4, a5                : IntAlu :  D=0x0000000000001c58
4215000: system.cpu: T0 : 0x104e8    : slli a5, s1, 2             : IntAlu :  D=0x0000000000000018
4215500: system.cpu: T0 : 0x104ec    : c_add a5, s3               : IntAlu :  D=0x0000000000071a70
4216000: system.cpu: T0 : 0x104ee    : c_sw a4, 0(a5)             : MemWrite :  D=0x0000000000001c58 A=0x71a70
4216500: system.cpu: T0 : 0x104f0    : addiw a5, s1, 1            : IntAlu :  D=0x0000000000000007
4217000: system.cpu: T0 : 0x104f4    : addiw s1, a5, 0            : IntAlu :  D=0x0000000000000007
4217500: system.cpu: T0 : 0x104f8    : c_mv a4, s1                : IntAlu :  D=0x0000000000000007
4218000: system.cpu: T0 : 0x104fa    : c_li a5, 9                 : IntAlu :  D=0x0000000000000009
4218500: system.cpu: T0 : 0x104fc    : bge a5, a4, -48            : IntAlu : 
4219000: system.cpu: T0 : 0x104cc    : c_mv a4, s2                : IntAlu :  D=0x0000000000000005
4219500: system.cpu: T0 : 0x104ce    : c_mv a5, a4                : IntAlu :  D=0x0000000000000005
4220000: system.cpu: T0 : 0x104d0    : c_slli a5, 2               : IntAlu :  D=0x0000000000000014
4220500: system.cpu: T0 : 0x104d2    : c_add a5, a4               : IntAlu :  D=0x0000000000000019
4221000: system.cpu: T0 : 0x104d4    : c_slli a5, 3               : IntAlu :  D=0x00000000000000c8
4221500: system.cpu: T0 : 0x104d6    : c_mv a4, a5                : IntAlu :  D=0x00000000000000c8
4222000: system.cpu: T0 : 0x104d8    : ld a5, -56(s0)             : MemRead :  D=0x0000000000071990 A=0x7ffffffffffffd68
4222500: system.cpu: T0 : 0x104dc    : add s3, a5, a4             : IntAlu :  D=0x0000000000071a58
4223000: system.cpu: T0 : 0x104e0    : jal ra, 356                : IntAlu :  D=0x00000000000104e4
4223500: system.cpu: T0 : 0x10644    : c_addi sp, -16             : IntAlu :  D=0x7ffffffffffffd50
4224000: system.cpu: T0 : 0x10646    : c_sdsp s0, 8(sp)           : MemWrite :  D=0x7ffffffffffffda0 A=0x7ffffffffffffd58
4224500: system.cpu: T0 : 0x10648    : c_addi4spn s0, sp, 16      : IntAlu :  D=0x7ffffffffffffd60
4225500: system.cpu: T0 : 0x1064a    : auipc a5, 96               : IntAlu :  D=0x000000000007064a
4226500: system.cpu: T0 : 0x1064e    : ld a5, 446(a5)             : MemRead :  D=0x0000000000071988 A=0x70808
4227000: system.cpu: T0 : 0x10652    : c_lw a5, 0(a5)             : MemRead :  D=0x0000000000001c58 A=0x71988
4227500: system.cpu: T0 : 0x10654    : c_mv a4, a5                : IntAlu :  D=0x0000000000001c58
4228000: system.cpu: T0 : 0x10656    : c_mv a5, a4                : IntAlu :  D=0x0000000000001c58
4228500: system.cpu: T0 : 0x10658    : slliw a5, a5, 5            : IntAlu :  D=0x0000000000038b00
4229000: system.cpu: T0 : 0x1065c    : c_addw a5, a4              : IntAlu :  D=0x000000000003a758
4230000: system.cpu: T0 : 0x1065e    : slliw a5, a5, 2            : IntAlu :  D=0x00000000000e9d60
4230500: system.cpu: T0 : 0x10662    : c_addw a5, a4              : IntAlu :  D=0x00000000000eb9b8
4231000: system.cpu: T0 : 0x10664    : c_addiw a5, 0              : IntAlu :  D=0x00000000000eb9b8
4232000: system.cpu: T0 : 0x10666    : addiw a5, a5, 81           : IntAlu :  D=0x00000000000eba09
4232500: system.cpu: T0 : 0x1066a    : c_addiw a5, 0              : IntAlu :  D=0x00000000000eba09
4233000: system.cpu: T0 : 0x1066c    : c_mv a4, a5                : IntAlu :  D=0x00000000000eba09
4233500: system.cpu: T0 : 0x1066e    : c_lui a5, 2                : IntAlu :  D=0x0000000000002000
4234000: system.cpu: T0 : 0x10670    : addiw a5, a5, -97          : IntAlu :  D=0x0000000000001f9f
4234500: system.cpu: T0 : 0x10674    : remw a5, a4, a5            : IntDiv :  D=0x0000000000000720
4235000: system.cpu: T0 : 0x10678    : addiw a4, a5, 0            : IntAlu :  D=0x0000000000000720
4235500: system.cpu: T0 : 0x1067c    : auipc a5, 96               : IntAlu :  D=0x000000000007067c
4236000: system.cpu: T0 : 0x10680    : ld a5, 396(a5)             : MemRead :  D=0x0000000000071988 A=0x70808
4236500: system.cpu: T0 : 0x10684    : c_sw a4, 0(a5)             : MemWrite :  D=0x0000000000000720 A=0x71988
4237500: system.cpu: T0 : 0x10686    : auipc a5, 96               : IntAlu :  D=0x0000000000070686
4238500: system.cpu: T0 : 0x1068a    : ld a5, 386(a5)             : MemRead :  D=0x0000000000071988 A=0x70808
4239000: system.cpu: T0 : 0x1068e    : c_lw a5, 0(a5)             : MemRead :  D=0x0000000000000720 A=0x71988
4239500: system.cpu: T0 : 0x10690    : c_mv a0, a5                : IntAlu :  D=0x0000000000000720
4240000: system.cpu: T0 : 0x10692    : c_ldsp s0, 8(sp)           : MemRead :  D=0x7ffffffffffffda0 A=0x7ffffffffffffd58
4240500: system.cpu: T0 : 0x10694    : c_addi sp, 16              : IntAlu :  D=0x7ffffffffffffd60
4241000: system.cpu: T0 : 0x10696    : c_jr ra                    : IntAlu : 
4241500: system.cpu: T0 : 0x104e4    : c_mv a5, a0                : IntAlu :  D=0x0000000000000720
4242000: system.cpu: T0 : 0x104e6    : c_mv a4, a5                : IntAlu :  D=0x0000000000000720
4242500: system.cpu: T0 : 0x104e8    : slli a5, s1, 2             : IntAlu :  D=0x000000000000001c
4243000: system.cpu: T0 : 0x104ec    : c_add a5, s3               : IntAlu :  D=0x0000000000071a74
4243500: system.cpu: T0 : 0x104ee    : c_sw a4, 0(a5)             : MemWrite :  D=0x0000000000000720 A=0x71a74
4244000: system.cpu: T0 : 0x104f0    : addiw a5, s1, 1            : IntAlu :  D=0x0000000000000008
4244500: system.cpu: T0 : 0x104f4    : addiw s1, a5, 0            : IntAlu :  D=0x0000000000000008
4245000: system.cpu: T0 : 0x104f8    : c_mv a4, s1                : IntAlu :  D=0x0000000000000008
4245500: system.cpu: T0 : 0x104fa    : c_li a5, 9                 : IntAlu :  D=0x0000000000000009
4246000: system.cpu: T0 : 0x104fc    : bge a5, a4, -48            : IntAlu : 
4246500: system.cpu: T0 : 0x104cc    : c_mv a4, s2                : IntAlu :  D=0x0000000000000005
4247000: system.cpu: T0 : 0x104ce    : c_mv a5, a4                : IntAlu :  D=0x0000000000000005
4247500: system.cpu: T0 : 0x104d0    : c_slli a5, 2               : IntAlu :  D=0x0000000000000014
4248000: system.cpu: T0 : 0x104d2    : c_add a5, a4               : IntAlu :  D=0x0000000000000019
4248500: system.cpu: T0 : 0x104d4    : c_slli a5, 3               : IntAlu :  D=0x00000000000000c8
4249000: system.cpu: T0 : 0x104d6    : c_mv a4, a5                : IntAlu :  D=0x00000000000000c8
4249500: system.cpu: T0 : 0x104d8    : ld a5, -56(s0)             : MemRead :  D=0x0000000000071990 A=0x7ffffffffffffd68
4250000: system.cpu: T0 : 0x104dc    : add s3, a5, a4             : IntAlu :  D=0x0000000000071a58
4250500: system.cpu: T0 : 0x104e0    : jal ra, 356                : IntAlu :  D=0x00000000000104e4
4251000: system.cpu: T0 : 0x10644    : c_addi sp, -16             : IntAlu :  D=0x7ffffffffffffd50
4251500: system.cpu: T0 : 0x10646    : c_sdsp s0, 8(sp)           : MemWrite :  D=0x7ffffffffffffda0 A=0x7ffffffffffffd58
4252000: system.cpu: T0 : 0x10648    : c_addi4spn s0, sp, 16      : IntAlu :  D=0x7ffffffffffffd60
4253000: system.cpu: T0 : 0x1064a    : auipc a5, 96               : IntAlu :  D=0x000000000007064a
4254000: system.cpu: T0 : 0x1064e    : ld a5, 446(a5)             : MemRead :  D=0x0000000000071988 A=0x70808
4254500: system.cpu: T0 : 0x10652    : c_lw a5, 0(a5)             : MemRead :  D=0x0000000000000720 A=0x71988
4255000: system.cpu: T0 : 0x10654    : c_mv a4, a5                : IntAlu :  D=0x0000000000000720
4255500: system.cpu: T0 : 0x10656    : c_mv a5, a4                : IntAlu :  D=0x0000000000000720
4256000: system.cpu: T0 : 0x10658    : slliw a5, a5, 5            : IntAlu :  D=0x000000000000e400
4256500: system.cpu: T0 : 0x1065c    : c_addw a5, a4              : IntAlu :  D=0x000000000000eb20
4257500: system.cpu: T0 : 0x1065e    : slliw a5, a5, 2            : IntAlu :  D=0x000000000003ac80
4258000: system.cpu: T0 : 0x10662    : c_addw a5, a4              : IntAlu :  D=0x000000000003b3a0
4258500: system.cpu: T0 : 0x10664    : c_addiw a5, 0              : IntAlu :  D=0x000000000003b3a0
4259500: system.cpu: T0 : 0x10666    : addiw a5, a5, 81           : IntAlu :  D=0x000000000003b3f1
4260000: system.cpu: T0 : 0x1066a    : c_addiw a5, 0              : IntAlu :  D=0x000000000003b3f1
4260500: system.cpu: T0 : 0x1066c    : c_mv a4, a5                : IntAlu :  D=0x000000000003b3f1
4261000: system.cpu: T0 : 0x1066e    : c_lui a5, 2                : IntAlu :  D=0x0000000000002000
4261500: system.cpu: T0 : 0x10670    : addiw a5, a5, -97          : IntAlu :  D=0x0000000000001f9f
4262000: system.cpu: T0 : 0x10674    : remw a5, a4, a5            : IntDiv :  D=0x0000000000001eee
4262500: system.cpu: T0 : 0x10678    : addiw a4, a5, 0            : IntAlu :  D=0x0000000000001eee
4263000: system.cpu: T0 : 0x1067c    : auipc a5, 96               : IntAlu :  D=0x000000000007067c
4263500: system.cpu: T0 : 0x10680    : ld a5, 396(a5)             : MemRead :  D=0x0000000000071988 A=0x70808
4264000: system.cpu: T0 : 0x10684    : c_sw a4, 0(a5)             : MemWrite :  D=0x0000000000001eee A=0x71988
4265000: system.cpu: T0 : 0x10686    : auipc a5, 96               : IntAlu :  D=0x0000000000070686
4266000: system.cpu: T0 : 0x1068a    : ld a5, 386(a5)             : MemRead :  D=0x0000000000071988 A=0x70808
4266500: system.cpu: T0 : 0x1068e    : c_lw a5, 0(a5)             : MemRead :  D=0x0000000000001eee A=0x71988
4267000: system.cpu: T0 : 0x10690    : c_mv a0, a5                : IntAlu :  D=0x0000000000001eee
4267500: system.cpu: T0 : 0x10692    : c_ldsp s0, 8(sp)           : MemRead :  D=0x7ffffffffffffda0 A=0x7ffffffffffffd58
4268000: system.cpu: T0 : 0x10694    : c_addi sp, 16              : IntAlu :  D=0x7ffffffffffffd60
4268500: system.cpu: T0 : 0x10696    : c_jr ra                    : IntAlu : 
4269000: system.cpu: T0 : 0x104e4    : c_mv a5, a0                : IntAlu :  D=0x0000000000001eee
4269500: system.cpu: T0 : 0x104e6    : c_mv a4, a5                : IntAlu :  D=0x0000000000001eee
4270000: system.cpu: T0 : 0x104e8    : slli a5, s1, 2             : IntAlu :  D=0x0000000000000020
4270500: system.cpu: T0 : 0x104ec    : c_add a5, s3               : IntAlu :  D=0x0000000000071a78
4271000: system.cpu: T0 : 0x104ee    : c_sw a4, 0(a5)             : MemWrite :  D=0x0000000000001eee A=0x71a78
4271500: system.cpu: T0 : 0x104f0    : addiw a5, s1, 1            : IntAlu :  D=0x0000000000000009
4272000: system.cpu: T0 : 0x104f4    : addiw s1, a5, 0            : IntAlu :  D=0x0000000000000009
4272500: system.cpu: T0 : 0x104f8    : c_mv a4, s1                : IntAlu :  D=0x0000000000000009
4273000: system.cpu: T0 : 0x104fa    : c_li a5, 9                 : IntAlu :  D=0x0000000000000009
4273500: system.cpu: T0 : 0x104fc    : bge a5, a4, -48            : IntAlu : 
4274000: system.cpu: T0 : 0x104cc    : c_mv a4, s2                : IntAlu :  D=0x0000000000000005
4274500: system.cpu: T0 : 0x104ce    : c_mv a5, a4                : IntAlu :  D=0x0000000000000005
4275000: system.cpu: T0 : 0x104d0    : c_slli a5, 2               : IntAlu :  D=0x0000000000000014
4275500: system.cpu: T0 : 0x104d2    : c_add a5, a4               : IntAlu :  D=0x0000000000000019
4276000: system.cpu: T0 : 0x104d4    : c_slli a5, 3               : IntAlu :  D=0x00000000000000c8
4276500: system.cpu: T0 : 0x104d6    : c_mv a4, a5                : IntAlu :  D=0x00000000000000c8
4277000: system.cpu: T0 : 0x104d8    : ld a5, -56(s0)             : MemRead :  D=0x0000000000071990 A=0x7ffffffffffffd68
4277500: system.cpu: T0 : 0x104dc    : add s3, a5, a4             : IntAlu :  D=0x0000000000071a58
4278000: system.cpu: T0 : 0x104e0    : jal ra, 356                : IntAlu :  D=0x00000000000104e4
4278500: system.cpu: T0 : 0x10644    : c_addi sp, -16             : IntAlu :  D=0x7ffffffffffffd50
4279000: system.cpu: T0 : 0x10646    : c_sdsp s0, 8(sp)           : MemWrite :  D=0x7ffffffffffffda0 A=0x7ffffffffffffd58
4279500: system.cpu: T0 : 0x10648    : c_addi4spn s0, sp, 16      : IntAlu :  D=0x7ffffffffffffd60
4280500: system.cpu: T0 : 0x1064a    : auipc a5, 96               : IntAlu :  D=0x000000000007064a
4281500: system.cpu: T0 : 0x1064e    : ld a5, 446(a5)             : MemRead :  D=0x0000000000071988 A=0x70808
4282000: system.cpu: T0 : 0x10652    : c_lw a5, 0(a5)             : MemRead :  D=0x0000000000001eee A=0x71988
4282500: system.cpu: T0 : 0x10654    : c_mv a4, a5                : IntAlu :  D=0x0000000000001eee
4283000: system.cpu: T0 : 0x10656    : c_mv a5, a4                : IntAlu :  D=0x0000000000001eee
4283500: system.cpu: T0 : 0x10658    : slliw a5, a5, 5            : IntAlu :  D=0x000000000003ddc0
4284000: system.cpu: T0 : 0x1065c    : c_addw a5, a4              : IntAlu :  D=0x000000000003fcae
4285000: system.cpu: T0 : 0x1065e    : slliw a5, a5, 2            : IntAlu :  D=0x00000000000ff2b8
4285500: system.cpu: T0 : 0x10662    : c_addw a5, a4              : IntAlu :  D=0x00000000001011a6
4286000: system.cpu: T0 : 0x10664    : c_addiw a5, 0              : IntAlu :  D=0x00000000001011a6
4287000: system.cpu: T0 : 0x10666    : addiw a5, a5, 81           : IntAlu :  D=0x00000000001011f7
4287500: system.cpu: T0 : 0x1066a    : c_addiw a5, 0              : IntAlu :  D=0x00000000001011f7
4288000: system.cpu: T0 : 0x1066c    : c_mv a4, a5                : IntAlu :  D=0x00000000001011f7
4288500: system.cpu: T0 : 0x1066e    : c_lui a5, 2                : IntAlu :  D=0x0000000000002000
4289000: system.cpu: T0 : 0x10670    : addiw a5, a5, -97          : IntAlu :  D=0x0000000000001f9f
4289500: system.cpu: T0 : 0x10674    : remw a5, a4, a5            : IntDiv :  D=0x0000000000000339
4290000: system.cpu: T0 : 0x10678    : addiw a4, a5, 0            : IntAlu :  D=0x0000000000000339
4290500: system.cpu: T0 : 0x1067c    : auipc a5, 96               : IntAlu :  D=0x000000000007067c
4291000: system.cpu: T0 : 0x10680    : ld a5, 396(a5)             : MemRead :  D=0x0000000000071988 A=0x70808
4291500: system.cpu: T0 : 0x10684    : c_sw a4, 0(a5)             : MemWrite :  D=0x0000000000000339 A=0x71988
4292500: system.cpu: T0 : 0x10686    : auipc a5, 96               : IntAlu :  D=0x0000000000070686
4293500: system.cpu: T0 : 0x1068a    : ld a5, 386(a5)             : MemRead :  D=0x0000000000071988 A=0x70808
4294000: system.cpu: T0 : 0x1068e    : c_lw a5, 0(a5)             : MemRead :  D=0x0000000000000339 A=0x71988
4294500: system.cpu: T0 : 0x10690    : c_mv a0, a5                : IntAlu :  D=0x0000000000000339
4295000: system.cpu: T0 : 0x10692    : c_ldsp s0, 8(sp)           : MemRead :  D=0x7ffffffffffffda0 A=0x7ffffffffffffd58
4295500: system.cpu: T0 : 0x10694    : c_addi sp, 16              : IntAlu :  D=0x7ffffffffffffd60
4296000: system.cpu: T0 : 0x10696    : c_jr ra                    : IntAlu : 
4296500: system.cpu: T0 : 0x104e4    : c_mv a5, a0                : IntAlu :  D=0x0000000000000339
4297000: system.cpu: T0 : 0x104e6    : c_mv a4, a5                : IntAlu :  D=0x0000000000000339
4297500: system.cpu: T0 : 0x104e8    : slli a5, s1, 2             : IntAlu :  D=0x0000000000000024
4298000: system.cpu: T0 : 0x104ec    : c_add a5, s3               : IntAlu :  D=0x0000000000071a7c
4298500: system.cpu: T0 : 0x104ee    : c_sw a4, 0(a5)             : MemWrite :  D=0x0000000000000339 A=0x71a7c
4299000: system.cpu: T0 : 0x104f0    : addiw a5, s1, 1            : IntAlu :  D=0x000000000000000a
4299500: system.cpu: T0 : 0x104f4    : addiw s1, a5, 0            : IntAlu :  D=0x000000000000000a
4300000: system.cpu: T0 : 0x104f8    : c_mv a4, s1                : IntAlu :  D=0x000000000000000a
4300500: system.cpu: T0 : 0x104fa    : c_li a5, 9                 : IntAlu :  D=0x0000000000000009
4301000: system.cpu: T0 : 0x104fc    : bge a5, a4, -48            : IntAlu : 
4301500: system.cpu: T0 : 0x10500    : addiw a5, s2, 1            : IntAlu :  D=0x0000000000000006
4302000: system.cpu: T0 : 0x10504    : addiw s2, a5, 0            : IntAlu :  D=0x0000000000000006
4302500: system.cpu: T0 : 0x10508    : c_mv a4, s2                : IntAlu :  D=0x0000000000000006
4303000: system.cpu: T0 : 0x1050a    : c_li a5, 9                 : IntAlu :  D=0x0000000000000009
4303500: system.cpu: T0 : 0x1050c    : bge a5, a4, -68            : IntAlu : 
4304000: system.cpu: T0 : 0x104c8    : c_li s1, 0                 : IntAlu :  D=0x0000000000000000
4304500: system.cpu: T0 : 0x104ca    : c_j 46                     : IntAlu : 
4305000: system.cpu: T0 : 0x104f8    : c_mv a4, s1                : IntAlu :  D=0x0000000000000000
4305500: system.cpu: T0 : 0x104fa    : c_li a5, 9                 : IntAlu :  D=0x0000000000000009
4306000: system.cpu: T0 : 0x104fc    : bge a5, a4, -48            : IntAlu : 
4306500: system.cpu: T0 : 0x104cc    : c_mv a4, s2                : IntAlu :  D=0x0000000000000006
4307000: system.cpu: T0 : 0x104ce    : c_mv a5, a4                : IntAlu :  D=0x0000000000000006
4307500: system.cpu: T0 : 0x104d0    : c_slli a5, 2               : IntAlu :  D=0x0000000000000018
4308000: system.cpu: T0 : 0x104d2    : c_add a5, a4               : IntAlu :  D=0x000000000000001e
4308500: system.cpu: T0 : 0x104d4    : c_slli a5, 3               : IntAlu :  D=0x00000000000000f0
4309000: system.cpu: T0 : 0x104d6    : c_mv a4, a5                : IntAlu :  D=0x00000000000000f0
4309500: system.cpu: T0 : 0x104d8    : ld a5, -56(s0)             : MemRead :  D=0x0000000000071990 A=0x7ffffffffffffd68
4310000: system.cpu: T0 : 0x104dc    : add s3, a5, a4             : IntAlu :  D=0x0000000000071a80
4310500: system.cpu: T0 : 0x104e0    : jal ra, 356                : IntAlu :  D=0x00000000000104e4
4311000: system.cpu: T0 : 0x10644    : c_addi sp, -16             : IntAlu :  D=0x7ffffffffffffd50
4311500: system.cpu: T0 : 0x10646    : c_sdsp s0, 8(sp)           : MemWrite :  D=0x7ffffffffffffda0 A=0x7ffffffffffffd58
4312000: system.cpu: T0 : 0x10648    : c_addi4spn s0, sp, 16      : IntAlu :  D=0x7ffffffffffffd60
4313000: system.cpu: T0 : 0x1064a    : auipc a5, 96               : IntAlu :  D=0x000000000007064a
4314000: system.cpu: T0 : 0x1064e    : ld a5, 446(a5)             : MemRead :  D=0x0000000000071988 A=0x70808
4314500: system.cpu: T0 : 0x10652    : c_lw a5, 0(a5)             : MemRead :  D=0x0000000000000339 A=0x71988
4315000: system.cpu: T0 : 0x10654    : c_mv a4, a5                : IntAlu :  D=0x0000000000000339
4315500: system.cpu: T0 : 0x10656    : c_mv a5, a4                : IntAlu :  D=0x0000000000000339
4316000: system.cpu: T0 : 0x10658    : slliw a5, a5, 5            : IntAlu :  D=0x0000000000006720
4316500: system.cpu: T0 : 0x1065c    : c_addw a5, a4              : IntAlu :  D=0x0000000000006a59
4317500: system.cpu: T0 : 0x1065e    : slliw a5, a5, 2            : IntAlu :  D=0x000000000001a964
4318000: system.cpu: T0 : 0x10662    : c_addw a5, a4              : IntAlu :  D=0x000000000001ac9d
4318500: system.cpu: T0 : 0x10664    : c_addiw a5, 0              : IntAlu :  D=0x000000000001ac9d
4319500: system.cpu: T0 : 0x10666    : addiw a5, a5, 81           : IntAlu :  D=0x000000000001acee
4320000: system.cpu: T0 : 0x1066a    : c_addiw a5, 0              : IntAlu :  D=0x000000000001acee
4320500: system.cpu: T0 : 0x1066c    : c_mv a4, a5                : IntAlu :  D=0x000000000001acee
4321000: system.cpu: T0 : 0x1066e    : c_lui a5, 2                : IntAlu :  D=0x0000000000002000
4321500: system.cpu: T0 : 0x10670    : addiw a5, a5, -97          : IntAlu :  D=0x0000000000001f9f
4322000: system.cpu: T0 : 0x10674    : remw a5, a4, a5            : IntDiv :  D=0x00000000000011db
4322500: system.cpu: T0 : 0x10678    : addiw a4, a5, 0            : IntAlu :  D=0x00000000000011db
4323000: system.cpu: T0 : 0x1067c    : auipc a5, 96               : IntAlu :  D=0x000000000007067c
4323500: system.cpu: T0 : 0x10680    : ld a5, 396(a5)             : MemRead :  D=0x0000000000071988 A=0x70808
4324000: system.cpu: T0 : 0x10684    : c_sw a4, 0(a5)             : MemWrite :  D=0x00000000000011db A=0x71988
4325000: system.cpu: T0 : 0x10686    : auipc a5, 96               : IntAlu :  D=0x0000000000070686
4326000: system.cpu: T0 : 0x1068a    : ld a5, 386(a5)             : MemRead :  D=0x0000000000071988 A=0x70808
4326500: system.cpu: T0 : 0x1068e    : c_lw a5, 0(a5)             : MemRead :  D=0x00000000000011db A=0x71988
4327000: system.cpu: T0 : 0x10690    : c_mv a0, a5                : IntAlu :  D=0x00000000000011db
4327500: system.cpu: T0 : 0x10692    : c_ldsp s0, 8(sp)           : MemRead :  D=0x7ffffffffffffda0 A=0x7ffffffffffffd58
4328000: system.cpu: T0 : 0x10694    : c_addi sp, 16              : IntAlu :  D=0x7ffffffffffffd60
4328500: system.cpu: T0 : 0x10696    : c_jr ra                    : IntAlu : 
4329000: system.cpu: T0 : 0x104e4    : c_mv a5, a0                : IntAlu :  D=0x00000000000011db
4329500: system.cpu: T0 : 0x104e6    : c_mv a4, a5                : IntAlu :  D=0x00000000000011db
4330000: system.cpu: T0 : 0x104e8    : slli a5, s1, 2             : IntAlu :  D=0x0000000000000000
4330500: system.cpu: T0 : 0x104ec    : c_add a5, s3               : IntAlu :  D=0x0000000000071a80
4331000: system.cpu: T0 : 0x104ee    : c_sw a4, 0(a5)             : MemWrite :  D=0x00000000000011db A=0x71a80
4331500: system.cpu: T0 : 0x104f0    : addiw a5, s1, 1            : IntAlu :  D=0x0000000000000001
4332000: system.cpu: T0 : 0x104f4    : addiw s1, a5, 0            : IntAlu :  D=0x0000000000000001
4332500: system.cpu: T0 : 0x104f8    : c_mv a4, s1                : IntAlu :  D=0x0000000000000001
4333000: system.cpu: T0 : 0x104fa    : c_li a5, 9                 : IntAlu :  D=0x0000000000000009
4333500: system.cpu: T0 : 0x104fc    : bge a5, a4, -48            : IntAlu : 
4334000: system.cpu: T0 : 0x104cc    : c_mv a4, s2                : IntAlu :  D=0x0000000000000006
4334500: system.cpu: T0 : 0x104ce    : c_mv a5, a4                : IntAlu :  D=0x0000000000000006
4335000: system.cpu: T0 : 0x104d0    : c_slli a5, 2               : IntAlu :  D=0x0000000000000018
4335500: system.cpu: T0 : 0x104d2    : c_add a5, a4               : IntAlu :  D=0x000000000000001e
4336000: system.cpu: T0 : 0x104d4    : c_slli a5, 3               : IntAlu :  D=0x00000000000000f0
4336500: system.cpu: T0 : 0x104d6    : c_mv a4, a5                : IntAlu :  D=0x00000000000000f0
4337000: system.cpu: T0 : 0x104d8    : ld a5, -56(s0)             : MemRead :  D=0x0000000000071990 A=0x7ffffffffffffd68
4337500: system.cpu: T0 : 0x104dc    : add s3, a5, a4             : IntAlu :  D=0x0000000000071a80
4338000: system.cpu: T0 : 0x104e0    : jal ra, 356                : IntAlu :  D=0x00000000000104e4
4338500: system.cpu: T0 : 0x10644    : c_addi sp, -16             : IntAlu :  D=0x7ffffffffffffd50
4339000: system.cpu: T0 : 0x10646    : c_sdsp s0, 8(sp)           : MemWrite :  D=0x7ffffffffffffda0 A=0x7ffffffffffffd58
4339500: system.cpu: T0 : 0x10648    : c_addi4spn s0, sp, 16      : IntAlu :  D=0x7ffffffffffffd60
4340500: system.cpu: T0 : 0x1064a    : auipc a5, 96               : IntAlu :  D=0x000000000007064a
4341500: system.cpu: T0 : 0x1064e    : ld a5, 446(a5)             : MemRead :  D=0x0000000000071988 A=0x70808
4342000: system.cpu: T0 : 0x10652    : c_lw a5, 0(a5)             : MemRead :  D=0x00000000000011db A=0x71988
4342500: system.cpu: T0 : 0x10654    : c_mv a4, a5                : IntAlu :  D=0x00000000000011db
4343000: system.cpu: T0 : 0x10656    : c_mv a5, a4                : IntAlu :  D=0x00000000000011db
4343500: system.cpu: T0 : 0x10658    : slliw a5, a5, 5            : IntAlu :  D=0x0000000000023b60
4344000: system.cpu: T0 : 0x1065c    : c_addw a5, a4              : IntAlu :  D=0x0000000000024d3b
4345000: system.cpu: T0 : 0x1065e    : slliw a5, a5, 2            : IntAlu :  D=0x00000000000934ec
4345500: system.cpu: T0 : 0x10662    : c_addw a5, a4              : IntAlu :  D=0x00000000000946c7
4346000: system.cpu: T0 : 0x10664    : c_addiw a5, 0              : IntAlu :  D=0x00000000000946c7
4347000: system.cpu: T0 : 0x10666    : addiw a5, a5, 81           : IntAlu :  D=0x0000000000094718
4347500: system.cpu: T0 : 0x1066a    : c_addiw a5, 0              : IntAlu :  D=0x0000000000094718
4348000: system.cpu: T0 : 0x1066c    : c_mv a4, a5                : IntAlu :  D=0x0000000000094718
4348500: system.cpu: T0 : 0x1066e    : c_lui a5, 2                : IntAlu :  D=0x0000000000002000
4349000: system.cpu: T0 : 0x10670    : addiw a5, a5, -97          : IntAlu :  D=0x0000000000001f9f
4349500: system.cpu: T0 : 0x10674    : remw a5, a4, a5            : IntDiv :  D=0x0000000000000383
4350000: system.cpu: T0 : 0x10678    : addiw a4, a5, 0            : IntAlu :  D=0x0000000000000383
4350500: system.cpu: T0 : 0x1067c    : auipc a5, 96               : IntAlu :  D=0x000000000007067c
4351000: system.cpu: T0 : 0x10680    : ld a5, 396(a5)             : MemRead :  D=0x0000000000071988 A=0x70808
4351500: system.cpu: T0 : 0x10684    : c_sw a4, 0(a5)             : MemWrite :  D=0x0000000000000383 A=0x71988
4352500: system.cpu: T0 : 0x10686    : auipc a5, 96               : IntAlu :  D=0x0000000000070686
4353500: system.cpu: T0 : 0x1068a    : ld a5, 386(a5)             : MemRead :  D=0x0000000000071988 A=0x70808
4354000: system.cpu: T0 : 0x1068e    : c_lw a5, 0(a5)             : MemRead :  D=0x0000000000000383 A=0x71988
4354500: system.cpu: T0 : 0x10690    : c_mv a0, a5                : IntAlu :  D=0x0000000000000383
4355000: system.cpu: T0 : 0x10692    : c_ldsp s0, 8(sp)           : MemRead :  D=0x7ffffffffffffda0 A=0x7ffffffffffffd58
4355500: system.cpu: T0 : 0x10694    : c_addi sp, 16              : IntAlu :  D=0x7ffffffffffffd60
4356000: system.cpu: T0 : 0x10696    : c_jr ra                    : IntAlu : 
4356500: system.cpu: T0 : 0x104e4    : c_mv a5, a0                : IntAlu :  D=0x0000000000000383
4357000: system.cpu: T0 : 0x104e6    : c_mv a4, a5                : IntAlu :  D=0x0000000000000383
4357500: system.cpu: T0 : 0x104e8    : slli a5, s1, 2             : IntAlu :  D=0x0000000000000004
4358000: system.cpu: T0 : 0x104ec    : c_add a5, s3               : IntAlu :  D=0x0000000000071a84
4358500: system.cpu: T0 : 0x104ee    : c_sw a4, 0(a5)             : MemWrite :  D=0x0000000000000383 A=0x71a84
4359000: system.cpu: T0 : 0x104f0    : addiw a5, s1, 1            : IntAlu :  D=0x0000000000000002
4359500: system.cpu: T0 : 0x104f4    : addiw s1, a5, 0            : IntAlu :  D=0x0000000000000002
4360000: system.cpu: T0 : 0x104f8    : c_mv a4, s1                : IntAlu :  D=0x0000000000000002
4360500: system.cpu: T0 : 0x104fa    : c_li a5, 9                 : IntAlu :  D=0x0000000000000009
4361000: system.cpu: T0 : 0x104fc    : bge a5, a4, -48            : IntAlu : 
4361500: system.cpu: T0 : 0x104cc    : c_mv a4, s2                : IntAlu :  D=0x0000000000000006
4362000: system.cpu: T0 : 0x104ce    : c_mv a5, a4                : IntAlu :  D=0x0000000000000006
4362500: system.cpu: T0 : 0x104d0    : c_slli a5, 2               : IntAlu :  D=0x0000000000000018
4363000: system.cpu: T0 : 0x104d2    : c_add a5, a4               : IntAlu :  D=0x000000000000001e
4363500: system.cpu: T0 : 0x104d4    : c_slli a5, 3               : IntAlu :  D=0x00000000000000f0
4364000: system.cpu: T0 : 0x104d6    : c_mv a4, a5                : IntAlu :  D=0x00000000000000f0
4364500: system.cpu: T0 : 0x104d8    : ld a5, -56(s0)             : MemRead :  D=0x0000000000071990 A=0x7ffffffffffffd68
4365000: system.cpu: T0 : 0x104dc    : add s3, a5, a4             : IntAlu :  D=0x0000000000071a80
4365500: system.cpu: T0 : 0x104e0    : jal ra, 356                : IntAlu :  D=0x00000000000104e4
4366000: system.cpu: T0 : 0x10644    : c_addi sp, -16             : IntAlu :  D=0x7ffffffffffffd50
4366500: system.cpu: T0 : 0x10646    : c_sdsp s0, 8(sp)           : MemWrite :  D=0x7ffffffffffffda0 A=0x7ffffffffffffd58
4367000: system.cpu: T0 : 0x10648    : c_addi4spn s0, sp, 16      : IntAlu :  D=0x7ffffffffffffd60
4368000: system.cpu: T0 : 0x1064a    : auipc a5, 96               : IntAlu :  D=0x000000000007064a
4369000: system.cpu: T0 : 0x1064e    : ld a5, 446(a5)             : MemRead :  D=0x0000000000071988 A=0x70808
4369500: system.cpu: T0 : 0x10652    : c_lw a5, 0(a5)             : MemRead :  D=0x0000000000000383 A=0x71988
4370000: system.cpu: T0 : 0x10654    : c_mv a4, a5                : IntAlu :  D=0x0000000000000383
4370500: system.cpu: T0 : 0x10656    : c_mv a5, a4                : IntAlu :  D=0x0000000000000383
4371000: system.cpu: T0 : 0x10658    : slliw a5, a5, 5            : IntAlu :  D=0x0000000000007060
4371500: system.cpu: T0 : 0x1065c    : c_addw a5, a4              : IntAlu :  D=0x00000000000073e3
4372500: system.cpu: T0 : 0x1065e    : slliw a5, a5, 2            : IntAlu :  D=0x000000000001cf8c
4373000: system.cpu: T0 : 0x10662    : c_addw a5, a4              : IntAlu :  D=0x000000000001d30f
4373500: system.cpu: T0 : 0x10664    : c_addiw a5, 0              : IntAlu :  D=0x000000000001d30f
4374500: system.cpu: T0 : 0x10666    : addiw a5, a5, 81           : IntAlu :  D=0x000000000001d360
4375000: system.cpu: T0 : 0x1066a    : c_addiw a5, 0              : IntAlu :  D=0x000000000001d360
4375500: system.cpu: T0 : 0x1066c    : c_mv a4, a5                : IntAlu :  D=0x000000000001d360
4376000: system.cpu: T0 : 0x1066e    : c_lui a5, 2                : IntAlu :  D=0x0000000000002000
4376500: system.cpu: T0 : 0x10670    : addiw a5, a5, -97          : IntAlu :  D=0x0000000000001f9f
4377000: system.cpu: T0 : 0x10674    : remw a5, a4, a5            : IntDiv :  D=0x00000000000018ae
4377500: system.cpu: T0 : 0x10678    : addiw a4, a5, 0            : IntAlu :  D=0x00000000000018ae
4378000: system.cpu: T0 : 0x1067c    : auipc a5, 96               : IntAlu :  D=0x000000000007067c
4378500: system.cpu: T0 : 0x10680    : ld a5, 396(a5)             : MemRead :  D=0x0000000000071988 A=0x70808
4379000: system.cpu: T0 : 0x10684    : c_sw a4, 0(a5)             : MemWrite :  D=0x00000000000018ae A=0x71988
4380000: system.cpu: T0 : 0x10686    : auipc a5, 96               : IntAlu :  D=0x0000000000070686
4381000: system.cpu: T0 : 0x1068a    : ld a5, 386(a5)             : MemRead :  D=0x0000000000071988 A=0x70808
4381500: system.cpu: T0 : 0x1068e    : c_lw a5, 0(a5)             : MemRead :  D=0x00000000000018ae A=0x71988
4382000: system.cpu: T0 : 0x10690    : c_mv a0, a5                : IntAlu :  D=0x00000000000018ae
4382500: system.cpu: T0 : 0x10692    : c_ldsp s0, 8(sp)           : MemRead :  D=0x7ffffffffffffda0 A=0x7ffffffffffffd58
4383000: system.cpu: T0 : 0x10694    : c_addi sp, 16              : IntAlu :  D=0x7ffffffffffffd60
4383500: system.cpu: T0 : 0x10696    : c_jr ra                    : IntAlu : 
4384000: system.cpu: T0 : 0x104e4    : c_mv a5, a0                : IntAlu :  D=0x00000000000018ae
4384500: system.cpu: T0 : 0x104e6    : c_mv a4, a5                : IntAlu :  D=0x00000000000018ae
4385000: system.cpu: T0 : 0x104e8    : slli a5, s1, 2             : IntAlu :  D=0x0000000000000008
4385500: system.cpu: T0 : 0x104ec    : c_add a5, s3               : IntAlu :  D=0x0000000000071a88
4386000: system.cpu: T0 : 0x104ee    : c_sw a4, 0(a5)             : MemWrite :  D=0x00000000000018ae A=0x71a88
4386500: system.cpu: T0 : 0x104f0    : addiw a5, s1, 1            : IntAlu :  D=0x0000000000000003
4387000: system.cpu: T0 : 0x104f4    : addiw s1, a5, 0            : IntAlu :  D=0x0000000000000003
4387500: system.cpu: T0 : 0x104f8    : c_mv a4, s1                : IntAlu :  D=0x0000000000000003
4388000: system.cpu: T0 : 0x104fa    : c_li a5, 9                 : IntAlu :  D=0x0000000000000009
4388500: system.cpu: T0 : 0x104fc    : bge a5, a4, -48            : IntAlu : 
4389000: system.cpu: T0 : 0x104cc    : c_mv a4, s2                : IntAlu :  D=0x0000000000000006
4389500: system.cpu: T0 : 0x104ce    : c_mv a5, a4                : IntAlu :  D=0x0000000000000006
4390000: system.cpu: T0 : 0x104d0    : c_slli a5, 2               : IntAlu :  D=0x0000000000000018
4390500: system.cpu: T0 : 0x104d2    : c_add a5, a4               : IntAlu :  D=0x000000000000001e
4391000: system.cpu: T0 : 0x104d4    : c_slli a5, 3               : IntAlu :  D=0x00000000000000f0
4391500: system.cpu: T0 : 0x104d6    : c_mv a4, a5                : IntAlu :  D=0x00000000000000f0
4392000: system.cpu: T0 : 0x104d8    : ld a5, -56(s0)             : MemRead :  D=0x0000000000071990 A=0x7ffffffffffffd68
4392500: system.cpu: T0 : 0x104dc    : add s3, a5, a4             : IntAlu :  D=0x0000000000071a80
4393000: system.cpu: T0 : 0x104e0    : jal ra, 356                : IntAlu :  D=0x00000000000104e4
4393500: system.cpu: T0 : 0x10644    : c_addi sp, -16             : IntAlu :  D=0x7ffffffffffffd50
4394000: system.cpu: T0 : 0x10646    : c_sdsp s0, 8(sp)           : MemWrite :  D=0x7ffffffffffffda0 A=0x7ffffffffffffd58
4394500: system.cpu: T0 : 0x10648    : c_addi4spn s0, sp, 16      : IntAlu :  D=0x7ffffffffffffd60
4395500: system.cpu: T0 : 0x1064a    : auipc a5, 96               : IntAlu :  D=0x000000000007064a
4396500: system.cpu: T0 : 0x1064e    : ld a5, 446(a5)             : MemRead :  D=0x0000000000071988 A=0x70808
4397000: system.cpu: T0 : 0x10652    : c_lw a5, 0(a5)             : MemRead :  D=0x00000000000018ae A=0x71988
4397500: system.cpu: T0 : 0x10654    : c_mv a4, a5                : IntAlu :  D=0x00000000000018ae
4398000: system.cpu: T0 : 0x10656    : c_mv a5, a4                : IntAlu :  D=0x00000000000018ae
4398500: system.cpu: T0 : 0x10658    : slliw a5, a5, 5            : IntAlu :  D=0x00000000000315c0
4399000: system.cpu: T0 : 0x1065c    : c_addw a5, a4              : IntAlu :  D=0x0000000000032e6e
4400000: system.cpu: T0 : 0x1065e    : slliw a5, a5, 2            : IntAlu :  D=0x00000000000cb9b8
4400500: system.cpu: T0 : 0x10662    : c_addw a5, a4              : IntAlu :  D=0x00000000000cd266
4401000: system.cpu: T0 : 0x10664    : c_addiw a5, 0              : IntAlu :  D=0x00000000000cd266
4402000: system.cpu: T0 : 0x10666    : addiw a5, a5, 81           : IntAlu :  D=0x00000000000cd2b7
4402500: system.cpu: T0 : 0x1066a    : c_addiw a5, 0              : IntAlu :  D=0x00000000000cd2b7
4403000: system.cpu: T0 : 0x1066c    : c_mv a4, a5                : IntAlu :  D=0x00000000000cd2b7
4403500: system.cpu: T0 : 0x1066e    : c_lui a5, 2                : IntAlu :  D=0x0000000000002000
4404000: system.cpu: T0 : 0x10670    : addiw a5, a5, -97          : IntAlu :  D=0x0000000000001f9f
4404500: system.cpu: T0 : 0x10674    : remw a5, a4, a5            : IntDiv :  D=0x00000000000019be
4405000: system.cpu: T0 : 0x10678    : addiw a4, a5, 0            : IntAlu :  D=0x00000000000019be
4405500: system.cpu: T0 : 0x1067c    : auipc a5, 96               : IntAlu :  D=0x000000000007067c
4406000: system.cpu: T0 : 0x10680    : ld a5, 396(a5)             : MemRead :  D=0x0000000000071988 A=0x70808
4406500: system.cpu: T0 : 0x10684    : c_sw a4, 0(a5)             : MemWrite :  D=0x00000000000019be A=0x71988
4407500: system.cpu: T0 : 0x10686    : auipc a5, 96               : IntAlu :  D=0x0000000000070686
4408500: system.cpu: T0 : 0x1068a    : ld a5, 386(a5)             : MemRead :  D=0x0000000000071988 A=0x70808
4409000: system.cpu: T0 : 0x1068e    : c_lw a5, 0(a5)             : MemRead :  D=0x00000000000019be A=0x71988
4409500: system.cpu: T0 : 0x10690    : c_mv a0, a5                : IntAlu :  D=0x00000000000019be
4410000: system.cpu: T0 : 0x10692    : c_ldsp s0, 8(sp)           : MemRead :  D=0x7ffffffffffffda0 A=0x7ffffffffffffd58
4410500: system.cpu: T0 : 0x10694    : c_addi sp, 16              : IntAlu :  D=0x7ffffffffffffd60
4411000: system.cpu: T0 : 0x10696    : c_jr ra                    : IntAlu : 
4411500: system.cpu: T0 : 0x104e4    : c_mv a5, a0                : IntAlu :  D=0x00000000000019be
4412000: system.cpu: T0 : 0x104e6    : c_mv a4, a5                : IntAlu :  D=0x00000000000019be
4412500: system.cpu: T0 : 0x104e8    : slli a5, s1, 2             : IntAlu :  D=0x000000000000000c
4413000: system.cpu: T0 : 0x104ec    : c_add a5, s3               : IntAlu :  D=0x0000000000071a8c
4413500: system.cpu: T0 : 0x104ee    : c_sw a4, 0(a5)             : MemWrite :  D=0x00000000000019be A=0x71a8c
4414000: system.cpu: T0 : 0x104f0    : addiw a5, s1, 1            : IntAlu :  D=0x0000000000000004
4414500: system.cpu: T0 : 0x104f4    : addiw s1, a5, 0            : IntAlu :  D=0x0000000000000004
4415000: system.cpu: T0 : 0x104f8    : c_mv a4, s1                : IntAlu :  D=0x0000000000000004
4415500: system.cpu: T0 : 0x104fa    : c_li a5, 9                 : IntAlu :  D=0x0000000000000009
4416000: system.cpu: T0 : 0x104fc    : bge a5, a4, -48            : IntAlu : 
4416500: system.cpu: T0 : 0x104cc    : c_mv a4, s2                : IntAlu :  D=0x0000000000000006
4417000: system.cpu: T0 : 0x104ce    : c_mv a5, a4                : IntAlu :  D=0x0000000000000006
4417500: system.cpu: T0 : 0x104d0    : c_slli a5, 2               : IntAlu :  D=0x0000000000000018
4418000: system.cpu: T0 : 0x104d2    : c_add a5, a4               : IntAlu :  D=0x000000000000001e
4418500: system.cpu: T0 : 0x104d4    : c_slli a5, 3               : IntAlu :  D=0x00000000000000f0
4419000: system.cpu: T0 : 0x104d6    : c_mv a4, a5                : IntAlu :  D=0x00000000000000f0
4419500: system.cpu: T0 : 0x104d8    : ld a5, -56(s0)             : MemRead :  D=0x0000000000071990 A=0x7ffffffffffffd68
4420000: system.cpu: T0 : 0x104dc    : add s3, a5, a4             : IntAlu :  D=0x0000000000071a80
4420500: system.cpu: T0 : 0x104e0    : jal ra, 356                : IntAlu :  D=0x00000000000104e4
4421000: system.cpu: T0 : 0x10644    : c_addi sp, -16             : IntAlu :  D=0x7ffffffffffffd50
4421500: system.cpu: T0 : 0x10646    : c_sdsp s0, 8(sp)           : MemWrite :  D=0x7ffffffffffffda0 A=0x7ffffffffffffd58
4422000: system.cpu: T0 : 0x10648    : c_addi4spn s0, sp, 16      : IntAlu :  D=0x7ffffffffffffd60
4423000: system.cpu: T0 : 0x1064a    : auipc a5, 96               : IntAlu :  D=0x000000000007064a
4424000: system.cpu: T0 : 0x1064e    : ld a5, 446(a5)             : MemRead :  D=0x0000000000071988 A=0x70808
4424500: system.cpu: T0 : 0x10652    : c_lw a5, 0(a5)             : MemRead :  D=0x00000000000019be A=0x71988
4425000: system.cpu: T0 : 0x10654    : c_mv a4, a5                : IntAlu :  D=0x00000000000019be
4425500: system.cpu: T0 : 0x10656    : c_mv a5, a4                : IntAlu :  D=0x00000000000019be
4426000: system.cpu: T0 : 0x10658    : slliw a5, a5, 5            : IntAlu :  D=0x00000000000337c0
4426500: system.cpu: T0 : 0x1065c    : c_addw a5, a4              : IntAlu :  D=0x000000000003517e
4427500: system.cpu: T0 : 0x1065e    : slliw a5, a5, 2            : IntAlu :  D=0x00000000000d45f8
4428000: system.cpu: T0 : 0x10662    : c_addw a5, a4              : IntAlu :  D=0x00000000000d5fb6
4428500: system.cpu: T0 : 0x10664    : c_addiw a5, 0              : IntAlu :  D=0x00000000000d5fb6
4429500: system.cpu: T0 : 0x10666    : addiw a5, a5, 81           : IntAlu :  D=0x00000000000d6007
4430000: system.cpu: T0 : 0x1066a    : c_addiw a5, 0              : IntAlu :  D=0x00000000000d6007
4430500: system.cpu: T0 : 0x1066c    : c_mv a4, a5                : IntAlu :  D=0x00000000000d6007
4431000: system.cpu: T0 : 0x1066e    : c_lui a5, 2                : IntAlu :  D=0x0000000000002000
4431500: system.cpu: T0 : 0x10670    : addiw a5, a5, -97          : IntAlu :  D=0x0000000000001f9f
4432000: system.cpu: T0 : 0x10674    : remw a5, a4, a5            : IntDiv :  D=0x00000000000008f3
4432500: system.cpu: T0 : 0x10678    : addiw a4, a5, 0            : IntAlu :  D=0x00000000000008f3
4433000: system.cpu: T0 : 0x1067c    : auipc a5, 96               : IntAlu :  D=0x000000000007067c
4433500: system.cpu: T0 : 0x10680    : ld a5, 396(a5)             : MemRead :  D=0x0000000000071988 A=0x70808
4434000: system.cpu: T0 : 0x10684    : c_sw a4, 0(a5)             : MemWrite :  D=0x00000000000008f3 A=0x71988
4435000: system.cpu: T0 : 0x10686    : auipc a5, 96               : IntAlu :  D=0x0000000000070686
4436000: system.cpu: T0 : 0x1068a    : ld a5, 386(a5)             : MemRead :  D=0x0000000000071988 A=0x70808
4436500: system.cpu: T0 : 0x1068e    : c_lw a5, 0(a5)             : MemRead :  D=0x00000000000008f3 A=0x71988
4437000: system.cpu: T0 : 0x10690    : c_mv a0, a5                : IntAlu :  D=0x00000000000008f3
4437500: system.cpu: T0 : 0x10692    : c_ldsp s0, 8(sp)           : MemRead :  D=0x7ffffffffffffda0 A=0x7ffffffffffffd58
4438000: system.cpu: T0 : 0x10694    : c_addi sp, 16              : IntAlu :  D=0x7ffffffffffffd60
4438500: system.cpu: T0 : 0x10696    : c_jr ra                    : IntAlu : 
4439000: system.cpu: T0 : 0x104e4    : c_mv a5, a0                : IntAlu :  D=0x00000000000008f3
4439500: system.cpu: T0 : 0x104e6    : c_mv a4, a5                : IntAlu :  D=0x00000000000008f3
4440000: system.cpu: T0 : 0x104e8    : slli a5, s1, 2             : IntAlu :  D=0x0000000000000010
4440500: system.cpu: T0 : 0x104ec    : c_add a5, s3               : IntAlu :  D=0x0000000000071a90
4441000: system.cpu: T0 : 0x104ee    : c_sw a4, 0(a5)             : MemWrite :  D=0x00000000000008f3 A=0x71a90
4441500: system.cpu: T0 : 0x104f0    : addiw a5, s1, 1            : IntAlu :  D=0x0000000000000005
4442000: system.cpu: T0 : 0x104f4    : addiw s1, a5, 0            : IntAlu :  D=0x0000000000000005
4442500: system.cpu: T0 : 0x104f8    : c_mv a4, s1                : IntAlu :  D=0x0000000000000005
4443000: system.cpu: T0 : 0x104fa    : c_li a5, 9                 : IntAlu :  D=0x0000000000000009
4443500: system.cpu: T0 : 0x104fc    : bge a5, a4, -48            : IntAlu : 
4444000: system.cpu: T0 : 0x104cc    : c_mv a4, s2                : IntAlu :  D=0x0000000000000006
4444500: system.cpu: T0 : 0x104ce    : c_mv a5, a4                : IntAlu :  D=0x0000000000000006
4445000: system.cpu: T0 : 0x104d0    : c_slli a5, 2               : IntAlu :  D=0x0000000000000018
4445500: system.cpu: T0 : 0x104d2    : c_add a5, a4               : IntAlu :  D=0x000000000000001e
4446000: system.cpu: T0 : 0x104d4    : c_slli a5, 3               : IntAlu :  D=0x00000000000000f0
4446500: system.cpu: T0 : 0x104d6    : c_mv a4, a5                : IntAlu :  D=0x00000000000000f0
4447000: system.cpu: T0 : 0x104d8    : ld a5, -56(s0)             : MemRead :  D=0x0000000000071990 A=0x7ffffffffffffd68
4447500: system.cpu: T0 : 0x104dc    : add s3, a5, a4             : IntAlu :  D=0x0000000000071a80
4448000: system.cpu: T0 : 0x104e0    : jal ra, 356                : IntAlu :  D=0x00000000000104e4
4448500: system.cpu: T0 : 0x10644    : c_addi sp, -16             : IntAlu :  D=0x7ffffffffffffd50
4449000: system.cpu: T0 : 0x10646    : c_sdsp s0, 8(sp)           : MemWrite :  D=0x7ffffffffffffda0 A=0x7ffffffffffffd58
4449500: system.cpu: T0 : 0x10648    : c_addi4spn s0, sp, 16      : IntAlu :  D=0x7ffffffffffffd60
4450500: system.cpu: T0 : 0x1064a    : auipc a5, 96               : IntAlu :  D=0x000000000007064a
4451500: system.cpu: T0 : 0x1064e    : ld a5, 446(a5)             : MemRead :  D=0x0000000000071988 A=0x70808
4452000: system.cpu: T0 : 0x10652    : c_lw a5, 0(a5)             : MemRead :  D=0x00000000000008f3 A=0x71988
4452500: system.cpu: T0 : 0x10654    : c_mv a4, a5                : IntAlu :  D=0x00000000000008f3
4453000: system.cpu: T0 : 0x10656    : c_mv a5, a4                : IntAlu :  D=0x00000000000008f3
4453500: system.cpu: T0 : 0x10658    : slliw a5, a5, 5            : IntAlu :  D=0x0000000000011e60
4454000: system.cpu: T0 : 0x1065c    : c_addw a5, a4              : IntAlu :  D=0x0000000000012753
4455000: system.cpu: T0 : 0x1065e    : slliw a5, a5, 2            : IntAlu :  D=0x0000000000049d4c
4455500: system.cpu: T0 : 0x10662    : c_addw a5, a4              : IntAlu :  D=0x000000000004a63f
4456000: system.cpu: T0 : 0x10664    : c_addiw a5, 0              : IntAlu :  D=0x000000000004a63f
4457000: system.cpu: T0 : 0x10666    : addiw a5, a5, 81           : IntAlu :  D=0x000000000004a690
4457500: system.cpu: T0 : 0x1066a    : c_addiw a5, 0              : IntAlu :  D=0x000000000004a690
4458000: system.cpu: T0 : 0x1066c    : c_mv a4, a5                : IntAlu :  D=0x000000000004a690
4458500: system.cpu: T0 : 0x1066e    : c_lui a5, 2                : IntAlu :  D=0x0000000000002000
4459000: system.cpu: T0 : 0x10670    : addiw a5, a5, -97          : IntAlu :  D=0x0000000000001f9f
4459500: system.cpu: T0 : 0x10674    : remw a5, a4, a5            : IntDiv :  D=0x0000000000001495
4460000: system.cpu: T0 : 0x10678    : addiw a4, a5, 0            : IntAlu :  D=0x0000000000001495
4460500: system.cpu: T0 : 0x1067c    : auipc a5, 96               : IntAlu :  D=0x000000000007067c
4461000: system.cpu: T0 : 0x10680    : ld a5, 396(a5)             : MemRead :  D=0x0000000000071988 A=0x70808
4461500: system.cpu: T0 : 0x10684    : c_sw a4, 0(a5)             : MemWrite :  D=0x0000000000001495 A=0x71988
4462500: system.cpu: T0 : 0x10686    : auipc a5, 96               : IntAlu :  D=0x0000000000070686
4463500: system.cpu: T0 : 0x1068a    : ld a5, 386(a5)             : MemRead :  D=0x0000000000071988 A=0x70808
4464000: system.cpu: T0 : 0x1068e    : c_lw a5, 0(a5)             : MemRead :  D=0x0000000000001495 A=0x71988
4464500: system.cpu: T0 : 0x10690    : c_mv a0, a5                : IntAlu :  D=0x0000000000001495
4465000: system.cpu: T0 : 0x10692    : c_ldsp s0, 8(sp)           : MemRead :  D=0x7ffffffffffffda0 A=0x7ffffffffffffd58
4465500: system.cpu: T0 : 0x10694    : c_addi sp, 16              : IntAlu :  D=0x7ffffffffffffd60
4466000: system.cpu: T0 : 0x10696    : c_jr ra                    : IntAlu : 
4466500: system.cpu: T0 : 0x104e4    : c_mv a5, a0                : IntAlu :  D=0x0000000000001495
4467000: system.cpu: T0 : 0x104e6    : c_mv a4, a5                : IntAlu :  D=0x0000000000001495
4467500: system.cpu: T0 : 0x104e8    : slli a5, s1, 2             : IntAlu :  D=0x0000000000000014
4468000: system.cpu: T0 : 0x104ec    : c_add a5, s3               : IntAlu :  D=0x0000000000071a94
4468500: system.cpu: T0 : 0x104ee    : c_sw a4, 0(a5)             : MemWrite :  D=0x0000000000001495 A=0x71a94
4469000: system.cpu: T0 : 0x104f0    : addiw a5, s1, 1            : IntAlu :  D=0x0000000000000006
4469500: system.cpu: T0 : 0x104f4    : addiw s1, a5, 0            : IntAlu :  D=0x0000000000000006
4470000: system.cpu: T0 : 0x104f8    : c_mv a4, s1                : IntAlu :  D=0x0000000000000006
4470500: system.cpu: T0 : 0x104fa    : c_li a5, 9                 : IntAlu :  D=0x0000000000000009
4471000: system.cpu: T0 : 0x104fc    : bge a5, a4, -48            : IntAlu : 
4471500: system.cpu: T0 : 0x104cc    : c_mv a4, s2                : IntAlu :  D=0x0000000000000006
4472000: system.cpu: T0 : 0x104ce    : c_mv a5, a4                : IntAlu :  D=0x0000000000000006
4472500: system.cpu: T0 : 0x104d0    : c_slli a5, 2               : IntAlu :  D=0x0000000000000018
4473000: system.cpu: T0 : 0x104d2    : c_add a5, a4               : IntAlu :  D=0x000000000000001e
4473500: system.cpu: T0 : 0x104d4    : c_slli a5, 3               : IntAlu :  D=0x00000000000000f0
4474000: system.cpu: T0 : 0x104d6    : c_mv a4, a5                : IntAlu :  D=0x00000000000000f0
4474500: system.cpu: T0 : 0x104d8    : ld a5, -56(s0)             : MemRead :  D=0x0000000000071990 A=0x7ffffffffffffd68
4475000: system.cpu: T0 : 0x104dc    : add s3, a5, a4             : IntAlu :  D=0x0000000000071a80
4475500: system.cpu: T0 : 0x104e0    : jal ra, 356                : IntAlu :  D=0x00000000000104e4
4476000: system.cpu: T0 : 0x10644    : c_addi sp, -16             : IntAlu :  D=0x7ffffffffffffd50
4476500: system.cpu: T0 : 0x10646    : c_sdsp s0, 8(sp)           : MemWrite :  D=0x7ffffffffffffda0 A=0x7ffffffffffffd58
4477000: system.cpu: T0 : 0x10648    : c_addi4spn s0, sp, 16      : IntAlu :  D=0x7ffffffffffffd60
4478000: system.cpu: T0 : 0x1064a    : auipc a5, 96               : IntAlu :  D=0x000000000007064a
4479000: system.cpu: T0 : 0x1064e    : ld a5, 446(a5)             : MemRead :  D=0x0000000000071988 A=0x70808
4479500: system.cpu: T0 : 0x10652    : c_lw a5, 0(a5)             : MemRead :  D=0x0000000000001495 A=0x71988
4480000: system.cpu: T0 : 0x10654    : c_mv a4, a5                : IntAlu :  D=0x0000000000001495
4480500: system.cpu: T0 : 0x10656    : c_mv a5, a4                : IntAlu :  D=0x0000000000001495
4481000: system.cpu: T0 : 0x10658    : slliw a5, a5, 5            : IntAlu :  D=0x00000000000292a0
4481500: system.cpu: T0 : 0x1065c    : c_addw a5, a4              : IntAlu :  D=0x000000000002a735
4482500: system.cpu: T0 : 0x1065e    : slliw a5, a5, 2            : IntAlu :  D=0x00000000000a9cd4
4483000: system.cpu: T0 : 0x10662    : c_addw a5, a4              : IntAlu :  D=0x00000000000ab169
4483500: system.cpu: T0 : 0x10664    : c_addiw a5, 0              : IntAlu :  D=0x00000000000ab169
4484500: system.cpu: T0 : 0x10666    : addiw a5, a5, 81           : IntAlu :  D=0x00000000000ab1ba
4485000: system.cpu: T0 : 0x1066a    : c_addiw a5, 0              : IntAlu :  D=0x00000000000ab1ba
4485500: system.cpu: T0 : 0x1066c    : c_mv a4, a5                : IntAlu :  D=0x00000000000ab1ba
4486000: system.cpu: T0 : 0x1066e    : c_lui a5, 2                : IntAlu :  D=0x0000000000002000
4486500: system.cpu: T0 : 0x10670    : addiw a5, a5, -97          : IntAlu :  D=0x0000000000001f9f
4487000: system.cpu: T0 : 0x10674    : remw a5, a4, a5            : IntDiv :  D=0x0000000000001250
4487500: system.cpu: T0 : 0x10678    : addiw a4, a5, 0            : IntAlu :  D=0x0000000000001250
4488000: system.cpu: T0 : 0x1067c    : auipc a5, 96               : IntAlu :  D=0x000000000007067c
4488500: system.cpu: T0 : 0x10680    : ld a5, 396(a5)             : MemRead :  D=0x0000000000071988 A=0x70808
4489000: system.cpu: T0 : 0x10684    : c_sw a4, 0(a5)             : MemWrite :  D=0x0000000000001250 A=0x71988
4490000: system.cpu: T0 : 0x10686    : auipc a5, 96               : IntAlu :  D=0x0000000000070686
4491000: system.cpu: T0 : 0x1068a    : ld a5, 386(a5)             : MemRead :  D=0x0000000000071988 A=0x70808
4491500: system.cpu: T0 : 0x1068e    : c_lw a5, 0(a5)             : MemRead :  D=0x0000000000001250 A=0x71988
4492000: system.cpu: T0 : 0x10690    : c_mv a0, a5                : IntAlu :  D=0x0000000000001250
4492500: system.cpu: T0 : 0x10692    : c_ldsp s0, 8(sp)           : MemRead :  D=0x7ffffffffffffda0 A=0x7ffffffffffffd58
4493000: system.cpu: T0 : 0x10694    : c_addi sp, 16              : IntAlu :  D=0x7ffffffffffffd60
4493500: system.cpu: T0 : 0x10696    : c_jr ra                    : IntAlu : 
4494000: system.cpu: T0 : 0x104e4    : c_mv a5, a0                : IntAlu :  D=0x0000000000001250
4494500: system.cpu: T0 : 0x104e6    : c_mv a4, a5                : IntAlu :  D=0x0000000000001250
4495000: system.cpu: T0 : 0x104e8    : slli a5, s1, 2             : IntAlu :  D=0x0000000000000018
4495500: system.cpu: T0 : 0x104ec    : c_add a5, s3               : IntAlu :  D=0x0000000000071a98
4496000: system.cpu: T0 : 0x104ee    : c_sw a4, 0(a5)             : MemWrite :  D=0x0000000000001250 A=0x71a98
4496500: system.cpu: T0 : 0x104f0    : addiw a5, s1, 1            : IntAlu :  D=0x0000000000000007
4497000: system.cpu: T0 : 0x104f4    : addiw s1, a5, 0            : IntAlu :  D=0x0000000000000007
4497500: system.cpu: T0 : 0x104f8    : c_mv a4, s1                : IntAlu :  D=0x0000000000000007
4498000: system.cpu: T0 : 0x104fa    : c_li a5, 9                 : IntAlu :  D=0x0000000000000009
4498500: system.cpu: T0 : 0x104fc    : bge a5, a4, -48            : IntAlu : 
4499000: system.cpu: T0 : 0x104cc    : c_mv a4, s2                : IntAlu :  D=0x0000000000000006
4499500: system.cpu: T0 : 0x104ce    : c_mv a5, a4                : IntAlu :  D=0x0000000000000006
4500000: system.cpu: T0 : 0x104d0    : c_slli a5, 2               : IntAlu :  D=0x0000000000000018
4500500: system.cpu: T0 : 0x104d2    : c_add a5, a4               : IntAlu :  D=0x000000000000001e
4501000: system.cpu: T0 : 0x104d4    : c_slli a5, 3               : IntAlu :  D=0x00000000000000f0
4501500: system.cpu: T0 : 0x104d6    : c_mv a4, a5                : IntAlu :  D=0x00000000000000f0
4502000: system.cpu: T0 : 0x104d8    : ld a5, -56(s0)             : MemRead :  D=0x0000000000071990 A=0x7ffffffffffffd68
4502500: system.cpu: T0 : 0x104dc    : add s3, a5, a4             : IntAlu :  D=0x0000000000071a80
4503000: system.cpu: T0 : 0x104e0    : jal ra, 356                : IntAlu :  D=0x00000000000104e4
4503500: system.cpu: T0 : 0x10644    : c_addi sp, -16             : IntAlu :  D=0x7ffffffffffffd50
4504000: system.cpu: T0 : 0x10646    : c_sdsp s0, 8(sp)           : MemWrite :  D=0x7ffffffffffffda0 A=0x7ffffffffffffd58
4504500: system.cpu: T0 : 0x10648    : c_addi4spn s0, sp, 16      : IntAlu :  D=0x7ffffffffffffd60
4505500: system.cpu: T0 : 0x1064a    : auipc a5, 96               : IntAlu :  D=0x000000000007064a
4506500: system.cpu: T0 : 0x1064e    : ld a5, 446(a5)             : MemRead :  D=0x0000000000071988 A=0x70808
4507000: system.cpu: T0 : 0x10652    : c_lw a5, 0(a5)             : MemRead :  D=0x0000000000001250 A=0x71988
4507500: system.cpu: T0 : 0x10654    : c_mv a4, a5                : IntAlu :  D=0x0000000000001250
4508000: system.cpu: T0 : 0x10656    : c_mv a5, a4                : IntAlu :  D=0x0000000000001250
4508500: system.cpu: T0 : 0x10658    : slliw a5, a5, 5            : IntAlu :  D=0x0000000000024a00
4509000: system.cpu: T0 : 0x1065c    : c_addw a5, a4              : IntAlu :  D=0x0000000000025c50
4510000: system.cpu: T0 : 0x1065e    : slliw a5, a5, 2            : IntAlu :  D=0x0000000000097140
4510500: system.cpu: T0 : 0x10662    : c_addw a5, a4              : IntAlu :  D=0x0000000000098390
4511000: system.cpu: T0 : 0x10664    : c_addiw a5, 0              : IntAlu :  D=0x0000000000098390
4512000: system.cpu: T0 : 0x10666    : addiw a5, a5, 81           : IntAlu :  D=0x00000000000983e1
4512500: system.cpu: T0 : 0x1066a    : c_addiw a5, 0              : IntAlu :  D=0x00000000000983e1
4513000: system.cpu: T0 : 0x1066c    : c_mv a4, a5                : IntAlu :  D=0x00000000000983e1
4513500: system.cpu: T0 : 0x1066e    : c_lui a5, 2                : IntAlu :  D=0x0000000000002000
4514000: system.cpu: T0 : 0x10670    : addiw a5, a5, -97          : IntAlu :  D=0x0000000000001f9f
4514500: system.cpu: T0 : 0x10674    : remw a5, a4, a5            : IntDiv :  D=0x000000000000010e
4515000: system.cpu: T0 : 0x10678    : addiw a4, a5, 0            : IntAlu :  D=0x000000000000010e
4515500: system.cpu: T0 : 0x1067c    : auipc a5, 96               : IntAlu :  D=0x000000000007067c
4516000: system.cpu: T0 : 0x10680    : ld a5, 396(a5)             : MemRead :  D=0x0000000000071988 A=0x70808
4516500: system.cpu: T0 : 0x10684    : c_sw a4, 0(a5)             : MemWrite :  D=0x000000000000010e A=0x71988
4517500: system.cpu: T0 : 0x10686    : auipc a5, 96               : IntAlu :  D=0x0000000000070686
4518500: system.cpu: T0 : 0x1068a    : ld a5, 386(a5)             : MemRead :  D=0x0000000000071988 A=0x70808
4519000: system.cpu: T0 : 0x1068e    : c_lw a5, 0(a5)             : MemRead :  D=0x000000000000010e A=0x71988
4519500: system.cpu: T0 : 0x10690    : c_mv a0, a5                : IntAlu :  D=0x000000000000010e
4520000: system.cpu: T0 : 0x10692    : c_ldsp s0, 8(sp)           : MemRead :  D=0x7ffffffffffffda0 A=0x7ffffffffffffd58
4520500: system.cpu: T0 : 0x10694    : c_addi sp, 16              : IntAlu :  D=0x7ffffffffffffd60
4521000: system.cpu: T0 : 0x10696    : c_jr ra                    : IntAlu : 
4521500: system.cpu: T0 : 0x104e4    : c_mv a5, a0                : IntAlu :  D=0x000000000000010e
4522000: system.cpu: T0 : 0x104e6    : c_mv a4, a5                : IntAlu :  D=0x000000000000010e
4522500: system.cpu: T0 : 0x104e8    : slli a5, s1, 2             : IntAlu :  D=0x000000000000001c
4523000: system.cpu: T0 : 0x104ec    : c_add a5, s3               : IntAlu :  D=0x0000000000071a9c
4523500: system.cpu: T0 : 0x104ee    : c_sw a4, 0(a5)             : MemWrite :  D=0x000000000000010e A=0x71a9c
4524000: system.cpu: T0 : 0x104f0    : addiw a5, s1, 1            : IntAlu :  D=0x0000000000000008
4524500: system.cpu: T0 : 0x104f4    : addiw s1, a5, 0            : IntAlu :  D=0x0000000000000008
4525000: system.cpu: T0 : 0x104f8    : c_mv a4, s1                : IntAlu :  D=0x0000000000000008
4525500: system.cpu: T0 : 0x104fa    : c_li a5, 9                 : IntAlu :  D=0x0000000000000009
4526000: system.cpu: T0 : 0x104fc    : bge a5, a4, -48            : IntAlu : 
4526500: system.cpu: T0 : 0x104cc    : c_mv a4, s2                : IntAlu :  D=0x0000000000000006
4527000: system.cpu: T0 : 0x104ce    : c_mv a5, a4                : IntAlu :  D=0x0000000000000006
4527500: system.cpu: T0 : 0x104d0    : c_slli a5, 2               : IntAlu :  D=0x0000000000000018
4528000: system.cpu: T0 : 0x104d2    : c_add a5, a4               : IntAlu :  D=0x000000000000001e
4528500: system.cpu: T0 : 0x104d4    : c_slli a5, 3               : IntAlu :  D=0x00000000000000f0
4529000: system.cpu: T0 : 0x104d6    : c_mv a4, a5                : IntAlu :  D=0x00000000000000f0
4529500: system.cpu: T0 : 0x104d8    : ld a5, -56(s0)             : MemRead :  D=0x0000000000071990 A=0x7ffffffffffffd68
4530000: system.cpu: T0 : 0x104dc    : add s3, a5, a4             : IntAlu :  D=0x0000000000071a80
4530500: system.cpu: T0 : 0x104e0    : jal ra, 356                : IntAlu :  D=0x00000000000104e4
4531000: system.cpu: T0 : 0x10644    : c_addi sp, -16             : IntAlu :  D=0x7ffffffffffffd50
4531500: system.cpu: T0 : 0x10646    : c_sdsp s0, 8(sp)           : MemWrite :  D=0x7ffffffffffffda0 A=0x7ffffffffffffd58
4532000: system.cpu: T0 : 0x10648    : c_addi4spn s0, sp, 16      : IntAlu :  D=0x7ffffffffffffd60
4533000: system.cpu: T0 : 0x1064a    : auipc a5, 96               : IntAlu :  D=0x000000000007064a
4534000: system.cpu: T0 : 0x1064e    : ld a5, 446(a5)             : MemRead :  D=0x0000000000071988 A=0x70808
4534500: system.cpu: T0 : 0x10652    : c_lw a5, 0(a5)             : MemRead :  D=0x000000000000010e A=0x71988
4535000: system.cpu: T0 : 0x10654    : c_mv a4, a5                : IntAlu :  D=0x000000000000010e
4535500: system.cpu: T0 : 0x10656    : c_mv a5, a4                : IntAlu :  D=0x000000000000010e
4536000: system.cpu: T0 : 0x10658    : slliw a5, a5, 5            : IntAlu :  D=0x00000000000021c0
4536500: system.cpu: T0 : 0x1065c    : c_addw a5, a4              : IntAlu :  D=0x00000000000022ce
4537500: system.cpu: T0 : 0x1065e    : slliw a5, a5, 2            : IntAlu :  D=0x0000000000008b38
4538000: system.cpu: T0 : 0x10662    : c_addw a5, a4              : IntAlu :  D=0x0000000000008c46
4538500: system.cpu: T0 : 0x10664    : c_addiw a5, 0              : IntAlu :  D=0x0000000000008c46
4539500: system.cpu: T0 : 0x10666    : addiw a5, a5, 81           : IntAlu :  D=0x0000000000008c97
4540000: system.cpu: T0 : 0x1066a    : c_addiw a5, 0              : IntAlu :  D=0x0000000000008c97
4540500: system.cpu: T0 : 0x1066c    : c_mv a4, a5                : IntAlu :  D=0x0000000000008c97
4541000: system.cpu: T0 : 0x1066e    : c_lui a5, 2                : IntAlu :  D=0x0000000000002000
4541500: system.cpu: T0 : 0x10670    : addiw a5, a5, -97          : IntAlu :  D=0x0000000000001f9f
4542000: system.cpu: T0 : 0x10674    : remw a5, a4, a5            : IntDiv :  D=0x0000000000000e1b
4542500: system.cpu: T0 : 0x10678    : addiw a4, a5, 0            : IntAlu :  D=0x0000000000000e1b
4543000: system.cpu: T0 : 0x1067c    : auipc a5, 96               : IntAlu :  D=0x000000000007067c
4543500: system.cpu: T0 : 0x10680    : ld a5, 396(a5)             : MemRead :  D=0x0000000000071988 A=0x70808
4544000: system.cpu: T0 : 0x10684    : c_sw a4, 0(a5)             : MemWrite :  D=0x0000000000000e1b A=0x71988
4545000: system.cpu: T0 : 0x10686    : auipc a5, 96               : IntAlu :  D=0x0000000000070686
4546000: system.cpu: T0 : 0x1068a    : ld a5, 386(a5)             : MemRead :  D=0x0000000000071988 A=0x70808
4546500: system.cpu: T0 : 0x1068e    : c_lw a5, 0(a5)             : MemRead :  D=0x0000000000000e1b A=0x71988
4547000: system.cpu: T0 : 0x10690    : c_mv a0, a5                : IntAlu :  D=0x0000000000000e1b
4547500: system.cpu: T0 : 0x10692    : c_ldsp s0, 8(sp)           : MemRead :  D=0x7ffffffffffffda0 A=0x7ffffffffffffd58
4548000: system.cpu: T0 : 0x10694    : c_addi sp, 16              : IntAlu :  D=0x7ffffffffffffd60
4548500: system.cpu: T0 : 0x10696    : c_jr ra                    : IntAlu : 
4549000: system.cpu: T0 : 0x104e4    : c_mv a5, a0                : IntAlu :  D=0x0000000000000e1b
4549500: system.cpu: T0 : 0x104e6    : c_mv a4, a5                : IntAlu :  D=0x0000000000000e1b
4550000: system.cpu: T0 : 0x104e8    : slli a5, s1, 2             : IntAlu :  D=0x0000000000000020
4550500: system.cpu: T0 : 0x104ec    : c_add a5, s3               : IntAlu :  D=0x0000000000071aa0
4551000: system.cpu: T0 : 0x104ee    : c_sw a4, 0(a5)             : MemWrite :  D=0x0000000000000e1b A=0x71aa0
4551500: system.cpu: T0 : 0x104f0    : addiw a5, s1, 1            : IntAlu :  D=0x0000000000000009
4552000: system.cpu: T0 : 0x104f4    : addiw s1, a5, 0            : IntAlu :  D=0x0000000000000009
4552500: system.cpu: T0 : 0x104f8    : c_mv a4, s1                : IntAlu :  D=0x0000000000000009
4553000: system.cpu: T0 : 0x104fa    : c_li a5, 9                 : IntAlu :  D=0x0000000000000009
4553500: system.cpu: T0 : 0x104fc    : bge a5, a4, -48            : IntAlu : 
4554000: system.cpu: T0 : 0x104cc    : c_mv a4, s2                : IntAlu :  D=0x0000000000000006
4554500: system.cpu: T0 : 0x104ce    : c_mv a5, a4                : IntAlu :  D=0x0000000000000006
4555000: system.cpu: T0 : 0x104d0    : c_slli a5, 2               : IntAlu :  D=0x0000000000000018
4555500: system.cpu: T0 : 0x104d2    : c_add a5, a4               : IntAlu :  D=0x000000000000001e
4556000: system.cpu: T0 : 0x104d4    : c_slli a5, 3               : IntAlu :  D=0x00000000000000f0
4556500: system.cpu: T0 : 0x104d6    : c_mv a4, a5                : IntAlu :  D=0x00000000000000f0
4557000: system.cpu: T0 : 0x104d8    : ld a5, -56(s0)             : MemRead :  D=0x0000000000071990 A=0x7ffffffffffffd68
4557500: system.cpu: T0 : 0x104dc    : add s3, a5, a4             : IntAlu :  D=0x0000000000071a80
4558000: system.cpu: T0 : 0x104e0    : jal ra, 356                : IntAlu :  D=0x00000000000104e4
4558500: system.cpu: T0 : 0x10644    : c_addi sp, -16             : IntAlu :  D=0x7ffffffffffffd50
4559000: system.cpu: T0 : 0x10646    : c_sdsp s0, 8(sp)           : MemWrite :  D=0x7ffffffffffffda0 A=0x7ffffffffffffd58
4559500: system.cpu: T0 : 0x10648    : c_addi4spn s0, sp, 16      : IntAlu :  D=0x7ffffffffffffd60
4560500: system.cpu: T0 : 0x1064a    : auipc a5, 96               : IntAlu :  D=0x000000000007064a
4561500: system.cpu: T0 : 0x1064e    : ld a5, 446(a5)             : MemRead :  D=0x0000000000071988 A=0x70808
4562000: system.cpu: T0 : 0x10652    : c_lw a5, 0(a5)             : MemRead :  D=0x0000000000000e1b A=0x71988
4562500: system.cpu: T0 : 0x10654    : c_mv a4, a5                : IntAlu :  D=0x0000000000000e1b
4563000: system.cpu: T0 : 0x10656    : c_mv a5, a4                : IntAlu :  D=0x0000000000000e1b
4563500: system.cpu: T0 : 0x10658    : slliw a5, a5, 5            : IntAlu :  D=0x000000000001c360
4564000: system.cpu: T0 : 0x1065c    : c_addw a5, a4              : IntAlu :  D=0x000000000001d17b
4565000: system.cpu: T0 : 0x1065e    : slliw a5, a5, 2            : IntAlu :  D=0x00000000000745ec
4565500: system.cpu: T0 : 0x10662    : c_addw a5, a4              : IntAlu :  D=0x0000000000075407
4566000: system.cpu: T0 : 0x10664    : c_addiw a5, 0              : IntAlu :  D=0x0000000000075407
4567000: system.cpu: T0 : 0x10666    : addiw a5, a5, 81           : IntAlu :  D=0x0000000000075458
4567500: system.cpu: T0 : 0x1066a    : c_addiw a5, 0              : IntAlu :  D=0x0000000000075458
4568000: system.cpu: T0 : 0x1066c    : c_mv a4, a5                : IntAlu :  D=0x0000000000075458
4568500: system.cpu: T0 : 0x1066e    : c_lui a5, 2                : IntAlu :  D=0x0000000000002000
4569000: system.cpu: T0 : 0x10670    : addiw a5, a5, -97          : IntAlu :  D=0x0000000000001f9f
4569500: system.cpu: T0 : 0x10674    : remw a5, a4, a5            : IntDiv :  D=0x0000000000000ab3
4570000: system.cpu: T0 : 0x10678    : addiw a4, a5, 0            : IntAlu :  D=0x0000000000000ab3
4570500: system.cpu: T0 : 0x1067c    : auipc a5, 96               : IntAlu :  D=0x000000000007067c
4571000: system.cpu: T0 : 0x10680    : ld a5, 396(a5)             : MemRead :  D=0x0000000000071988 A=0x70808
4571500: system.cpu: T0 : 0x10684    : c_sw a4, 0(a5)             : MemWrite :  D=0x0000000000000ab3 A=0x71988
4572500: system.cpu: T0 : 0x10686    : auipc a5, 96               : IntAlu :  D=0x0000000000070686
4573500: system.cpu: T0 : 0x1068a    : ld a5, 386(a5)             : MemRead :  D=0x0000000000071988 A=0x70808
4574000: system.cpu: T0 : 0x1068e    : c_lw a5, 0(a5)             : MemRead :  D=0x0000000000000ab3 A=0x71988
4574500: system.cpu: T0 : 0x10690    : c_mv a0, a5                : IntAlu :  D=0x0000000000000ab3
4575000: system.cpu: T0 : 0x10692    : c_ldsp s0, 8(sp)           : MemRead :  D=0x7ffffffffffffda0 A=0x7ffffffffffffd58
4575500: system.cpu: T0 : 0x10694    : c_addi sp, 16              : IntAlu :  D=0x7ffffffffffffd60
4576000: system.cpu: T0 : 0x10696    : c_jr ra                    : IntAlu : 
4576500: system.cpu: T0 : 0x104e4    : c_mv a5, a0                : IntAlu :  D=0x0000000000000ab3
4577000: system.cpu: T0 : 0x104e6    : c_mv a4, a5                : IntAlu :  D=0x0000000000000ab3
4577500: system.cpu: T0 : 0x104e8    : slli a5, s1, 2             : IntAlu :  D=0x0000000000000024
4578000: system.cpu: T0 : 0x104ec    : c_add a5, s3               : IntAlu :  D=0x0000000000071aa4
4578500: system.cpu: T0 : 0x104ee    : c_sw a4, 0(a5)             : MemWrite :  D=0x0000000000000ab3 A=0x71aa4
4579000: system.cpu: T0 : 0x104f0    : addiw a5, s1, 1            : IntAlu :  D=0x000000000000000a
4579500: system.cpu: T0 : 0x104f4    : addiw s1, a5, 0            : IntAlu :  D=0x000000000000000a
4580000: system.cpu: T0 : 0x104f8    : c_mv a4, s1                : IntAlu :  D=0x000000000000000a
4580500: system.cpu: T0 : 0x104fa    : c_li a5, 9                 : IntAlu :  D=0x0000000000000009
4581000: system.cpu: T0 : 0x104fc    : bge a5, a4, -48            : IntAlu : 
4581500: system.cpu: T0 : 0x10500    : addiw a5, s2, 1            : IntAlu :  D=0x0000000000000007
4582000: system.cpu: T0 : 0x10504    : addiw s2, a5, 0            : IntAlu :  D=0x0000000000000007
4582500: system.cpu: T0 : 0x10508    : c_mv a4, s2                : IntAlu :  D=0x0000000000000007
4583000: system.cpu: T0 : 0x1050a    : c_li a5, 9                 : IntAlu :  D=0x0000000000000009
4583500: system.cpu: T0 : 0x1050c    : bge a5, a4, -68            : IntAlu : 
4584000: system.cpu: T0 : 0x104c8    : c_li s1, 0                 : IntAlu :  D=0x0000000000000000
4584500: system.cpu: T0 : 0x104ca    : c_j 46                     : IntAlu : 
4585000: system.cpu: T0 : 0x104f8    : c_mv a4, s1                : IntAlu :  D=0x0000000000000000
4585500: system.cpu: T0 : 0x104fa    : c_li a5, 9                 : IntAlu :  D=0x0000000000000009
4586000: system.cpu: T0 : 0x104fc    : bge a5, a4, -48            : IntAlu : 
4586500: system.cpu: T0 : 0x104cc    : c_mv a4, s2                : IntAlu :  D=0x0000000000000007
4587000: system.cpu: T0 : 0x104ce    : c_mv a5, a4                : IntAlu :  D=0x0000000000000007
4587500: system.cpu: T0 : 0x104d0    : c_slli a5, 2               : IntAlu :  D=0x000000000000001c
4588000: system.cpu: T0 : 0x104d2    : c_add a5, a4               : IntAlu :  D=0x0000000000000023
4588500: system.cpu: T0 : 0x104d4    : c_slli a5, 3               : IntAlu :  D=0x0000000000000118
4589000: system.cpu: T0 : 0x104d6    : c_mv a4, a5                : IntAlu :  D=0x0000000000000118
4589500: system.cpu: T0 : 0x104d8    : ld a5, -56(s0)             : MemRead :  D=0x0000000000071990 A=0x7ffffffffffffd68
4590000: system.cpu: T0 : 0x104dc    : add s3, a5, a4             : IntAlu :  D=0x0000000000071aa8
4590500: system.cpu: T0 : 0x104e0    : jal ra, 356                : IntAlu :  D=0x00000000000104e4
4591000: system.cpu: T0 : 0x10644    : c_addi sp, -16             : IntAlu :  D=0x7ffffffffffffd50
4591500: system.cpu: T0 : 0x10646    : c_sdsp s0, 8(sp)           : MemWrite :  D=0x7ffffffffffffda0 A=0x7ffffffffffffd58
4592000: system.cpu: T0 : 0x10648    : c_addi4spn s0, sp, 16      : IntAlu :  D=0x7ffffffffffffd60
4593000: system.cpu: T0 : 0x1064a    : auipc a5, 96               : IntAlu :  D=0x000000000007064a
4594000: system.cpu: T0 : 0x1064e    : ld a5, 446(a5)             : MemRead :  D=0x0000000000071988 A=0x70808
4594500: system.cpu: T0 : 0x10652    : c_lw a5, 0(a5)             : MemRead :  D=0x0000000000000ab3 A=0x71988
4595000: system.cpu: T0 : 0x10654    : c_mv a4, a5                : IntAlu :  D=0x0000000000000ab3
4595500: system.cpu: T0 : 0x10656    : c_mv a5, a4                : IntAlu :  D=0x0000000000000ab3
4596000: system.cpu: T0 : 0x10658    : slliw a5, a5, 5            : IntAlu :  D=0x0000000000015660
4596500: system.cpu: T0 : 0x1065c    : c_addw a5, a4              : IntAlu :  D=0x0000000000016113
4597500: system.cpu: T0 : 0x1065e    : slliw a5, a5, 2            : IntAlu :  D=0x000000000005844c
4598000: system.cpu: T0 : 0x10662    : c_addw a5, a4              : IntAlu :  D=0x0000000000058eff
4598500: system.cpu: T0 : 0x10664    : c_addiw a5, 0              : IntAlu :  D=0x0000000000058eff
4599500: system.cpu: T0 : 0x10666    : addiw a5, a5, 81           : IntAlu :  D=0x0000000000058f50
4600000: system.cpu: T0 : 0x1066a    : c_addiw a5, 0              : IntAlu :  D=0x0000000000058f50
4600500: system.cpu: T0 : 0x1066c    : c_mv a4, a5                : IntAlu :  D=0x0000000000058f50
4601000: system.cpu: T0 : 0x1066e    : c_lui a5, 2                : IntAlu :  D=0x0000000000002000
4601500: system.cpu: T0 : 0x10670    : addiw a5, a5, -97          : IntAlu :  D=0x0000000000001f9f
4602000: system.cpu: T0 : 0x10674    : remw a5, a4, a5            : IntDiv :  D=0x000000000000005d
4602500: system.cpu: T0 : 0x10678    : addiw a4, a5, 0            : IntAlu :  D=0x000000000000005d
4603000: system.cpu: T0 : 0x1067c    : auipc a5, 96               : IntAlu :  D=0x000000000007067c
4603500: system.cpu: T0 : 0x10680    : ld a5, 396(a5)             : MemRead :  D=0x0000000000071988 A=0x70808
4604000: system.cpu: T0 : 0x10684    : c_sw a4, 0(a5)             : MemWrite :  D=0x000000000000005d A=0x71988
4605000: system.cpu: T0 : 0x10686    : auipc a5, 96               : IntAlu :  D=0x0000000000070686
4606000: system.cpu: T0 : 0x1068a    : ld a5, 386(a5)             : MemRead :  D=0x0000000000071988 A=0x70808
4606500: system.cpu: T0 : 0x1068e    : c_lw a5, 0(a5)             : MemRead :  D=0x000000000000005d A=0x71988
4607000: system.cpu: T0 : 0x10690    : c_mv a0, a5                : IntAlu :  D=0x000000000000005d
4607500: system.cpu: T0 : 0x10692    : c_ldsp s0, 8(sp)           : MemRead :  D=0x7ffffffffffffda0 A=0x7ffffffffffffd58
4608000: system.cpu: T0 : 0x10694    : c_addi sp, 16              : IntAlu :  D=0x7ffffffffffffd60
4608500: system.cpu: T0 : 0x10696    : c_jr ra                    : IntAlu : 
4609000: system.cpu: T0 : 0x104e4    : c_mv a5, a0                : IntAlu :  D=0x000000000000005d
4609500: system.cpu: T0 : 0x104e6    : c_mv a4, a5                : IntAlu :  D=0x000000000000005d
4610000: system.cpu: T0 : 0x104e8    : slli a5, s1, 2             : IntAlu :  D=0x0000000000000000
4610500: system.cpu: T0 : 0x104ec    : c_add a5, s3               : IntAlu :  D=0x0000000000071aa8
4611000: system.cpu: T0 : 0x104ee    : c_sw a4, 0(a5)             : MemWrite :  D=0x000000000000005d A=0x71aa8
4611500: system.cpu: T0 : 0x104f0    : addiw a5, s1, 1            : IntAlu :  D=0x0000000000000001
4612000: system.cpu: T0 : 0x104f4    : addiw s1, a5, 0            : IntAlu :  D=0x0000000000000001
4612500: system.cpu: T0 : 0x104f8    : c_mv a4, s1                : IntAlu :  D=0x0000000000000001
4613000: system.cpu: T0 : 0x104fa    : c_li a5, 9                 : IntAlu :  D=0x0000000000000009
4613500: system.cpu: T0 : 0x104fc    : bge a5, a4, -48            : IntAlu : 
4614000: system.cpu: T0 : 0x104cc    : c_mv a4, s2                : IntAlu :  D=0x0000000000000007
4614500: system.cpu: T0 : 0x104ce    : c_mv a5, a4                : IntAlu :  D=0x0000000000000007
4615000: system.cpu: T0 : 0x104d0    : c_slli a5, 2               : IntAlu :  D=0x000000000000001c
4615500: system.cpu: T0 : 0x104d2    : c_add a5, a4               : IntAlu :  D=0x0000000000000023
4616000: system.cpu: T0 : 0x104d4    : c_slli a5, 3               : IntAlu :  D=0x0000000000000118
4616500: system.cpu: T0 : 0x104d6    : c_mv a4, a5                : IntAlu :  D=0x0000000000000118
4617000: system.cpu: T0 : 0x104d8    : ld a5, -56(s0)             : MemRead :  D=0x0000000000071990 A=0x7ffffffffffffd68
4617500: system.cpu: T0 : 0x104dc    : add s3, a5, a4             : IntAlu :  D=0x0000000000071aa8
4618000: system.cpu: T0 : 0x104e0    : jal ra, 356                : IntAlu :  D=0x00000000000104e4
4618500: system.cpu: T0 : 0x10644    : c_addi sp, -16             : IntAlu :  D=0x7ffffffffffffd50
4619000: system.cpu: T0 : 0x10646    : c_sdsp s0, 8(sp)           : MemWrite :  D=0x7ffffffffffffda0 A=0x7ffffffffffffd58
4619500: system.cpu: T0 : 0x10648    : c_addi4spn s0, sp, 16      : IntAlu :  D=0x7ffffffffffffd60
4620500: system.cpu: T0 : 0x1064a    : auipc a5, 96               : IntAlu :  D=0x000000000007064a
4621500: system.cpu: T0 : 0x1064e    : ld a5, 446(a5)             : MemRead :  D=0x0000000000071988 A=0x70808
4622000: system.cpu: T0 : 0x10652    : c_lw a5, 0(a5)             : MemRead :  D=0x000000000000005d A=0x71988
4622500: system.cpu: T0 : 0x10654    : c_mv a4, a5                : IntAlu :  D=0x000000000000005d
4623000: system.cpu: T0 : 0x10656    : c_mv a5, a4                : IntAlu :  D=0x000000000000005d
4623500: system.cpu: T0 : 0x10658    : slliw a5, a5, 5            : IntAlu :  D=0x0000000000000ba0
4624000: system.cpu: T0 : 0x1065c    : c_addw a5, a4              : IntAlu :  D=0x0000000000000bfd
4625000: system.cpu: T0 : 0x1065e    : slliw a5, a5, 2            : IntAlu :  D=0x0000000000002ff4
4625500: system.cpu: T0 : 0x10662    : c_addw a5, a4              : IntAlu :  D=0x0000000000003051
4626000: system.cpu: T0 : 0x10664    : c_addiw a5, 0              : IntAlu :  D=0x0000000000003051
4627000: system.cpu: T0 : 0x10666    : addiw a5, a5, 81           : IntAlu :  D=0x00000000000030a2
4627500: system.cpu: T0 : 0x1066a    : c_addiw a5, 0              : IntAlu :  D=0x00000000000030a2
4628000: system.cpu: T0 : 0x1066c    : c_mv a4, a5                : IntAlu :  D=0x00000000000030a2
4628500: system.cpu: T0 : 0x1066e    : c_lui a5, 2                : IntAlu :  D=0x0000000000002000
4629000: system.cpu: T0 : 0x10670    : addiw a5, a5, -97          : IntAlu :  D=0x0000000000001f9f
4629500: system.cpu: T0 : 0x10674    : remw a5, a4, a5            : IntDiv :  D=0x0000000000001103
4630000: system.cpu: T0 : 0x10678    : addiw a4, a5, 0            : IntAlu :  D=0x0000000000001103
4630500: system.cpu: T0 : 0x1067c    : auipc a5, 96               : IntAlu :  D=0x000000000007067c
4631000: system.cpu: T0 : 0x10680    : ld a5, 396(a5)             : MemRead :  D=0x0000000000071988 A=0x70808
4631500: system.cpu: T0 : 0x10684    : c_sw a4, 0(a5)             : MemWrite :  D=0x0000000000001103 A=0x71988
4632500: system.cpu: T0 : 0x10686    : auipc a5, 96               : IntAlu :  D=0x0000000000070686
4633500: system.cpu: T0 : 0x1068a    : ld a5, 386(a5)             : MemRead :  D=0x0000000000071988 A=0x70808
4634000: system.cpu: T0 : 0x1068e    : c_lw a5, 0(a5)             : MemRead :  D=0x0000000000001103 A=0x71988
4634500: system.cpu: T0 : 0x10690    : c_mv a0, a5                : IntAlu :  D=0x0000000000001103
4635000: system.cpu: T0 : 0x10692    : c_ldsp s0, 8(sp)           : MemRead :  D=0x7ffffffffffffda0 A=0x7ffffffffffffd58
4635500: system.cpu: T0 : 0x10694    : c_addi sp, 16              : IntAlu :  D=0x7ffffffffffffd60
4636000: system.cpu: T0 : 0x10696    : c_jr ra                    : IntAlu : 
4636500: system.cpu: T0 : 0x104e4    : c_mv a5, a0                : IntAlu :  D=0x0000000000001103
4637000: system.cpu: T0 : 0x104e6    : c_mv a4, a5                : IntAlu :  D=0x0000000000001103
4637500: system.cpu: T0 : 0x104e8    : slli a5, s1, 2             : IntAlu :  D=0x0000000000000004
4638000: system.cpu: T0 : 0x104ec    : c_add a5, s3               : IntAlu :  D=0x0000000000071aac
4638500: system.cpu: T0 : 0x104ee    : c_sw a4, 0(a5)             : MemWrite :  D=0x0000000000001103 A=0x71aac
4639000: system.cpu: T0 : 0x104f0    : addiw a5, s1, 1            : IntAlu :  D=0x0000000000000002
4639500: system.cpu: T0 : 0x104f4    : addiw s1, a5, 0            : IntAlu :  D=0x0000000000000002
4640000: system.cpu: T0 : 0x104f8    : c_mv a4, s1                : IntAlu :  D=0x0000000000000002
4640500: system.cpu: T0 : 0x104fa    : c_li a5, 9                 : IntAlu :  D=0x0000000000000009
4641000: system.cpu: T0 : 0x104fc    : bge a5, a4, -48            : IntAlu : 
4641500: system.cpu: T0 : 0x104cc    : c_mv a4, s2                : IntAlu :  D=0x0000000000000007
4642000: system.cpu: T0 : 0x104ce    : c_mv a5, a4                : IntAlu :  D=0x0000000000000007
4642500: system.cpu: T0 : 0x104d0    : c_slli a5, 2               : IntAlu :  D=0x000000000000001c
4643000: system.cpu: T0 : 0x104d2    : c_add a5, a4               : IntAlu :  D=0x0000000000000023
4643500: system.cpu: T0 : 0x104d4    : c_slli a5, 3               : IntAlu :  D=0x0000000000000118
4644000: system.cpu: T0 : 0x104d6    : c_mv a4, a5                : IntAlu :  D=0x0000000000000118
4644500: system.cpu: T0 : 0x104d8    : ld a5, -56(s0)             : MemRead :  D=0x0000000000071990 A=0x7ffffffffffffd68
4645000: system.cpu: T0 : 0x104dc    : add s3, a5, a4             : IntAlu :  D=0x0000000000071aa8
4645500: system.cpu: T0 : 0x104e0    : jal ra, 356                : IntAlu :  D=0x00000000000104e4
4646000: system.cpu: T0 : 0x10644    : c_addi sp, -16             : IntAlu :  D=0x7ffffffffffffd50
4646500: system.cpu: T0 : 0x10646    : c_sdsp s0, 8(sp)           : MemWrite :  D=0x7ffffffffffffda0 A=0x7ffffffffffffd58
4647000: system.cpu: T0 : 0x10648    : c_addi4spn s0, sp, 16      : IntAlu :  D=0x7ffffffffffffd60
4648000: system.cpu: T0 : 0x1064a    : auipc a5, 96               : IntAlu :  D=0x000000000007064a
4649000: system.cpu: T0 : 0x1064e    : ld a5, 446(a5)             : MemRead :  D=0x0000000000071988 A=0x70808
4649500: system.cpu: T0 : 0x10652    : c_lw a5, 0(a5)             : MemRead :  D=0x0000000000001103 A=0x71988
4650000: system.cpu: T0 : 0x10654    : c_mv a4, a5                : IntAlu :  D=0x0000000000001103
4650500: system.cpu: T0 : 0x10656    : c_mv a5, a4                : IntAlu :  D=0x0000000000001103
4651000: system.cpu: T0 : 0x10658    : slliw a5, a5, 5            : IntAlu :  D=0x0000000000022060
4651500: system.cpu: T0 : 0x1065c    : c_addw a5, a4              : IntAlu :  D=0x0000000000023163
4652500: system.cpu: T0 : 0x1065e    : slliw a5, a5, 2            : IntAlu :  D=0x000000000008c58c
4653000: system.cpu: T0 : 0x10662    : c_addw a5, a4              : IntAlu :  D=0x000000000008d68f
4653500: system.cpu: T0 : 0x10664    : c_addiw a5, 0              : IntAlu :  D=0x000000000008d68f
4654500: system.cpu: T0 : 0x10666    : addiw a5, a5, 81           : IntAlu :  D=0x000000000008d6e0
4655000: system.cpu: T0 : 0x1066a    : c_addiw a5, 0              : IntAlu :  D=0x000000000008d6e0
4655500: system.cpu: T0 : 0x1066c    : c_mv a4, a5                : IntAlu :  D=0x000000000008d6e0
4656000: system.cpu: T0 : 0x1066e    : c_lui a5, 2                : IntAlu :  D=0x0000000000002000
4656500: system.cpu: T0 : 0x10670    : addiw a5, a5, -97          : IntAlu :  D=0x0000000000001f9f
4657000: system.cpu: T0 : 0x10674    : remw a5, a4, a5            : IntDiv :  D=0x00000000000011c7
4657500: system.cpu: T0 : 0x10678    : addiw a4, a5, 0            : IntAlu :  D=0x00000000000011c7
4658000: system.cpu: T0 : 0x1067c    : auipc a5, 96               : IntAlu :  D=0x000000000007067c
4658500: system.cpu: T0 : 0x10680    : ld a5, 396(a5)             : MemRead :  D=0x0000000000071988 A=0x70808
4659000: system.cpu: T0 : 0x10684    : c_sw a4, 0(a5)             : MemWrite :  D=0x00000000000011c7 A=0x71988
4660000: system.cpu: T0 : 0x10686    : auipc a5, 96               : IntAlu :  D=0x0000000000070686
4661000: system.cpu: T0 : 0x1068a    : ld a5, 386(a5)             : MemRead :  D=0x0000000000071988 A=0x70808
4661500: system.cpu: T0 : 0x1068e    : c_lw a5, 0(a5)             : MemRead :  D=0x00000000000011c7 A=0x71988
4662000: system.cpu: T0 : 0x10690    : c_mv a0, a5                : IntAlu :  D=0x00000000000011c7
4662500: system.cpu: T0 : 0x10692    : c_ldsp s0, 8(sp)           : MemRead :  D=0x7ffffffffffffda0 A=0x7ffffffffffffd58
4663000: system.cpu: T0 : 0x10694    : c_addi sp, 16              : IntAlu :  D=0x7ffffffffffffd60
4663500: system.cpu: T0 : 0x10696    : c_jr ra                    : IntAlu : 
4664000: system.cpu: T0 : 0x104e4    : c_mv a5, a0                : IntAlu :  D=0x00000000000011c7
4664500: system.cpu: T0 : 0x104e6    : c_mv a4, a5                : IntAlu :  D=0x00000000000011c7
4665000: system.cpu: T0 : 0x104e8    : slli a5, s1, 2             : IntAlu :  D=0x0000000000000008
4665500: system.cpu: T0 : 0x104ec    : c_add a5, s3               : IntAlu :  D=0x0000000000071ab0
4666000: system.cpu: T0 : 0x104ee    : c_sw a4, 0(a5)             : MemWrite :  D=0x00000000000011c7 A=0x71ab0
4666500: system.cpu: T0 : 0x104f0    : addiw a5, s1, 1            : IntAlu :  D=0x0000000000000003
4667000: system.cpu: T0 : 0x104f4    : addiw s1, a5, 0            : IntAlu :  D=0x0000000000000003
4667500: system.cpu: T0 : 0x104f8    : c_mv a4, s1                : IntAlu :  D=0x0000000000000003
4668000: system.cpu: T0 : 0x104fa    : c_li a5, 9                 : IntAlu :  D=0x0000000000000009
4668500: system.cpu: T0 : 0x104fc    : bge a5, a4, -48            : IntAlu : 
4669000: system.cpu: T0 : 0x104cc    : c_mv a4, s2                : IntAlu :  D=0x0000000000000007
4669500: system.cpu: T0 : 0x104ce    : c_mv a5, a4                : IntAlu :  D=0x0000000000000007
4670000: system.cpu: T0 : 0x104d0    : c_slli a5, 2               : IntAlu :  D=0x000000000000001c
4670500: system.cpu: T0 : 0x104d2    : c_add a5, a4               : IntAlu :  D=0x0000000000000023
4671000: system.cpu: T0 : 0x104d4    : c_slli a5, 3               : IntAlu :  D=0x0000000000000118
4671500: system.cpu: T0 : 0x104d6    : c_mv a4, a5                : IntAlu :  D=0x0000000000000118
4672000: system.cpu: T0 : 0x104d8    : ld a5, -56(s0)             : MemRead :  D=0x0000000000071990 A=0x7ffffffffffffd68
4672500: system.cpu: T0 : 0x104dc    : add s3, a5, a4             : IntAlu :  D=0x0000000000071aa8
4673000: system.cpu: T0 : 0x104e0    : jal ra, 356                : IntAlu :  D=0x00000000000104e4
4673500: system.cpu: T0 : 0x10644    : c_addi sp, -16             : IntAlu :  D=0x7ffffffffffffd50
4674000: system.cpu: T0 : 0x10646    : c_sdsp s0, 8(sp)           : MemWrite :  D=0x7ffffffffffffda0 A=0x7ffffffffffffd58
4674500: system.cpu: T0 : 0x10648    : c_addi4spn s0, sp, 16      : IntAlu :  D=0x7ffffffffffffd60
4675500: system.cpu: T0 : 0x1064a    : auipc a5, 96               : IntAlu :  D=0x000000000007064a
4676500: system.cpu: T0 : 0x1064e    : ld a5, 446(a5)             : MemRead :  D=0x0000000000071988 A=0x70808
4677000: system.cpu: T0 : 0x10652    : c_lw a5, 0(a5)             : MemRead :  D=0x00000000000011c7 A=0x71988
4677500: system.cpu: T0 : 0x10654    : c_mv a4, a5                : IntAlu :  D=0x00000000000011c7
4678000: system.cpu: T0 : 0x10656    : c_mv a5, a4                : IntAlu :  D=0x00000000000011c7
4678500: system.cpu: T0 : 0x10658    : slliw a5, a5, 5            : IntAlu :  D=0x00000000000238e0
4679000: system.cpu: T0 : 0x1065c    : c_addw a5, a4              : IntAlu :  D=0x0000000000024aa7
4680000: system.cpu: T0 : 0x1065e    : slliw a5, a5, 2            : IntAlu :  D=0x0000000000092a9c
4680500: system.cpu: T0 : 0x10662    : c_addw a5, a4              : IntAlu :  D=0x0000000000093c63
4681000: system.cpu: T0 : 0x10664    : c_addiw a5, 0              : IntAlu :  D=0x0000000000093c63
4682000: system.cpu: T0 : 0x10666    : addiw a5, a5, 81           : IntAlu :  D=0x0000000000093cb4
4682500: system.cpu: T0 : 0x1066a    : c_addiw a5, 0              : IntAlu :  D=0x0000000000093cb4
4683000: system.cpu: T0 : 0x1066c    : c_mv a4, a5                : IntAlu :  D=0x0000000000093cb4
4683500: system.cpu: T0 : 0x1066e    : c_lui a5, 2                : IntAlu :  D=0x0000000000002000
4684000: system.cpu: T0 : 0x10670    : addiw a5, a5, -97          : IntAlu :  D=0x0000000000001f9f
4684500: system.cpu: T0 : 0x10674    : remw a5, a4, a5            : IntDiv :  D=0x00000000000018be
4685000: system.cpu: T0 : 0x10678    : addiw a4, a5, 0            : IntAlu :  D=0x00000000000018be
4685500: system.cpu: T0 : 0x1067c    : auipc a5, 96               : IntAlu :  D=0x000000000007067c
4686000: system.cpu: T0 : 0x10680    : ld a5, 396(a5)             : MemRead :  D=0x0000000000071988 A=0x70808
4686500: system.cpu: T0 : 0x10684    : c_sw a4, 0(a5)             : MemWrite :  D=0x00000000000018be A=0x71988
4687500: system.cpu: T0 : 0x10686    : auipc a5, 96               : IntAlu :  D=0x0000000000070686
4688500: system.cpu: T0 : 0x1068a    : ld a5, 386(a5)             : MemRead :  D=0x0000000000071988 A=0x70808
4689000: system.cpu: T0 : 0x1068e    : c_lw a5, 0(a5)             : MemRead :  D=0x00000000000018be A=0x71988
4689500: system.cpu: T0 : 0x10690    : c_mv a0, a5                : IntAlu :  D=0x00000000000018be
4690000: system.cpu: T0 : 0x10692    : c_ldsp s0, 8(sp)           : MemRead :  D=0x7ffffffffffffda0 A=0x7ffffffffffffd58
4690500: system.cpu: T0 : 0x10694    : c_addi sp, 16              : IntAlu :  D=0x7ffffffffffffd60
4691000: system.cpu: T0 : 0x10696    : c_jr ra                    : IntAlu : 
4691500: system.cpu: T0 : 0x104e4    : c_mv a5, a0                : IntAlu :  D=0x00000000000018be
4692000: system.cpu: T0 : 0x104e6    : c_mv a4, a5                : IntAlu :  D=0x00000000000018be
4692500: system.cpu: T0 : 0x104e8    : slli a5, s1, 2             : IntAlu :  D=0x000000000000000c
4693000: system.cpu: T0 : 0x104ec    : c_add a5, s3               : IntAlu :  D=0x0000000000071ab4
4693500: system.cpu: T0 : 0x104ee    : c_sw a4, 0(a5)             : MemWrite :  D=0x00000000000018be A=0x71ab4
4694000: system.cpu: T0 : 0x104f0    : addiw a5, s1, 1            : IntAlu :  D=0x0000000000000004
4694500: system.cpu: T0 : 0x104f4    : addiw s1, a5, 0            : IntAlu :  D=0x0000000000000004
4695000: system.cpu: T0 : 0x104f8    : c_mv a4, s1                : IntAlu :  D=0x0000000000000004
4695500: system.cpu: T0 : 0x104fa    : c_li a5, 9                 : IntAlu :  D=0x0000000000000009
4696000: system.cpu: T0 : 0x104fc    : bge a5, a4, -48            : IntAlu : 
4696500: system.cpu: T0 : 0x104cc    : c_mv a4, s2                : IntAlu :  D=0x0000000000000007
4697000: system.cpu: T0 : 0x104ce    : c_mv a5, a4                : IntAlu :  D=0x0000000000000007
4697500: system.cpu: T0 : 0x104d0    : c_slli a5, 2               : IntAlu :  D=0x000000000000001c
4698000: system.cpu: T0 : 0x104d2    : c_add a5, a4               : IntAlu :  D=0x0000000000000023
4698500: system.cpu: T0 : 0x104d4    : c_slli a5, 3               : IntAlu :  D=0x0000000000000118
4699000: system.cpu: T0 : 0x104d6    : c_mv a4, a5                : IntAlu :  D=0x0000000000000118
4699500: system.cpu: T0 : 0x104d8    : ld a5, -56(s0)             : MemRead :  D=0x0000000000071990 A=0x7ffffffffffffd68
4700000: system.cpu: T0 : 0x104dc    : add s3, a5, a4             : IntAlu :  D=0x0000000000071aa8
4700500: system.cpu: T0 : 0x104e0    : jal ra, 356                : IntAlu :  D=0x00000000000104e4
4701000: system.cpu: T0 : 0x10644    : c_addi sp, -16             : IntAlu :  D=0x7ffffffffffffd50
4701500: system.cpu: T0 : 0x10646    : c_sdsp s0, 8(sp)           : MemWrite :  D=0x7ffffffffffffda0 A=0x7ffffffffffffd58
4702000: system.cpu: T0 : 0x10648    : c_addi4spn s0, sp, 16      : IntAlu :  D=0x7ffffffffffffd60
4703000: system.cpu: T0 : 0x1064a    : auipc a5, 96               : IntAlu :  D=0x000000000007064a
4704000: system.cpu: T0 : 0x1064e    : ld a5, 446(a5)             : MemRead :  D=0x0000000000071988 A=0x70808
4704500: system.cpu: T0 : 0x10652    : c_lw a5, 0(a5)             : MemRead :  D=0x00000000000018be A=0x71988
4705000: system.cpu: T0 : 0x10654    : c_mv a4, a5                : IntAlu :  D=0x00000000000018be
4705500: system.cpu: T0 : 0x10656    : c_mv a5, a4                : IntAlu :  D=0x00000000000018be
4706000: system.cpu: T0 : 0x10658    : slliw a5, a5, 5            : IntAlu :  D=0x00000000000317c0
4706500: system.cpu: T0 : 0x1065c    : c_addw a5, a4              : IntAlu :  D=0x000000000003307e
4707500: system.cpu: T0 : 0x1065e    : slliw a5, a5, 2            : IntAlu :  D=0x00000000000cc1f8
4708000: system.cpu: T0 : 0x10662    : c_addw a5, a4              : IntAlu :  D=0x00000000000cdab6
4708500: system.cpu: T0 : 0x10664    : c_addiw a5, 0              : IntAlu :  D=0x00000000000cdab6
4709500: system.cpu: T0 : 0x10666    : addiw a5, a5, 81           : IntAlu :  D=0x00000000000cdb07
4710000: system.cpu: T0 : 0x1066a    : c_addiw a5, 0              : IntAlu :  D=0x00000000000cdb07
4710500: system.cpu: T0 : 0x1066c    : c_mv a4, a5                : IntAlu :  D=0x00000000000cdb07
4711000: system.cpu: T0 : 0x1066e    : c_lui a5, 2                : IntAlu :  D=0x0000000000002000
4711500: system.cpu: T0 : 0x10670    : addiw a5, a5, -97          : IntAlu :  D=0x0000000000001f9f
4712000: system.cpu: T0 : 0x10674    : remw a5, a4, a5            : IntDiv :  D=0x000000000000026f
4712500: system.cpu: T0 : 0x10678    : addiw a4, a5, 0            : IntAlu :  D=0x000000000000026f
4713000: system.cpu: T0 : 0x1067c    : auipc a5, 96               : IntAlu :  D=0x000000000007067c
4713500: system.cpu: T0 : 0x10680    : ld a5, 396(a5)             : MemRead :  D=0x0000000000071988 A=0x70808
4714000: system.cpu: T0 : 0x10684    : c_sw a4, 0(a5)             : MemWrite :  D=0x000000000000026f A=0x71988
4715000: system.cpu: T0 : 0x10686    : auipc a5, 96               : IntAlu :  D=0x0000000000070686
4716000: system.cpu: T0 : 0x1068a    : ld a5, 386(a5)             : MemRead :  D=0x0000000000071988 A=0x70808
4716500: system.cpu: T0 : 0x1068e    : c_lw a5, 0(a5)             : MemRead :  D=0x000000000000026f A=0x71988
4717000: system.cpu: T0 : 0x10690    : c_mv a0, a5                : IntAlu :  D=0x000000000000026f
4717500: system.cpu: T0 : 0x10692    : c_ldsp s0, 8(sp)           : MemRead :  D=0x7ffffffffffffda0 A=0x7ffffffffffffd58
4718000: system.cpu: T0 : 0x10694    : c_addi sp, 16              : IntAlu :  D=0x7ffffffffffffd60
4718500: system.cpu: T0 : 0x10696    : c_jr ra                    : IntAlu : 
4719000: system.cpu: T0 : 0x104e4    : c_mv a5, a0                : IntAlu :  D=0x000000000000026f
4719500: system.cpu: T0 : 0x104e6    : c_mv a4, a5                : IntAlu :  D=0x000000000000026f
4720000: system.cpu: T0 : 0x104e8    : slli a5, s1, 2             : IntAlu :  D=0x0000000000000010
4720500: system.cpu: T0 : 0x104ec    : c_add a5, s3               : IntAlu :  D=0x0000000000071ab8
4721000: system.cpu: T0 : 0x104ee    : c_sw a4, 0(a5)             : MemWrite :  D=0x000000000000026f A=0x71ab8
4721500: system.cpu: T0 : 0x104f0    : addiw a5, s1, 1            : IntAlu :  D=0x0000000000000005
4722000: system.cpu: T0 : 0x104f4    : addiw s1, a5, 0            : IntAlu :  D=0x0000000000000005
4722500: system.cpu: T0 : 0x104f8    : c_mv a4, s1                : IntAlu :  D=0x0000000000000005
4723000: system.cpu: T0 : 0x104fa    : c_li a5, 9                 : IntAlu :  D=0x0000000000000009
4723500: system.cpu: T0 : 0x104fc    : bge a5, a4, -48            : IntAlu : 
4724000: system.cpu: T0 : 0x104cc    : c_mv a4, s2                : IntAlu :  D=0x0000000000000007
4724500: system.cpu: T0 : 0x104ce    : c_mv a5, a4                : IntAlu :  D=0x0000000000000007
4725000: system.cpu: T0 : 0x104d0    : c_slli a5, 2               : IntAlu :  D=0x000000000000001c
4725500: system.cpu: T0 : 0x104d2    : c_add a5, a4               : IntAlu :  D=0x0000000000000023
4726000: system.cpu: T0 : 0x104d4    : c_slli a5, 3               : IntAlu :  D=0x0000000000000118
4726500: system.cpu: T0 : 0x104d6    : c_mv a4, a5                : IntAlu :  D=0x0000000000000118
4727000: system.cpu: T0 : 0x104d8    : ld a5, -56(s0)             : MemRead :  D=0x0000000000071990 A=0x7ffffffffffffd68
4727500: system.cpu: T0 : 0x104dc    : add s3, a5, a4             : IntAlu :  D=0x0000000000071aa8
4728000: system.cpu: T0 : 0x104e0    : jal ra, 356                : IntAlu :  D=0x00000000000104e4
4728500: system.cpu: T0 : 0x10644    : c_addi sp, -16             : IntAlu :  D=0x7ffffffffffffd50
4729000: system.cpu: T0 : 0x10646    : c_sdsp s0, 8(sp)           : MemWrite :  D=0x7ffffffffffffda0 A=0x7ffffffffffffd58
4729500: system.cpu: T0 : 0x10648    : c_addi4spn s0, sp, 16      : IntAlu :  D=0x7ffffffffffffd60
4730500: system.cpu: T0 : 0x1064a    : auipc a5, 96               : IntAlu :  D=0x000000000007064a
4731500: system.cpu: T0 : 0x1064e    : ld a5, 446(a5)             : MemRead :  D=0x0000000000071988 A=0x70808
4732000: system.cpu: T0 : 0x10652    : c_lw a5, 0(a5)             : MemRead :  D=0x000000000000026f A=0x71988
4732500: system.cpu: T0 : 0x10654    : c_mv a4, a5                : IntAlu :  D=0x000000000000026f
4733000: system.cpu: T0 : 0x10656    : c_mv a5, a4                : IntAlu :  D=0x000000000000026f
4733500: system.cpu: T0 : 0x10658    : slliw a5, a5, 5            : IntAlu :  D=0x0000000000004de0
4734000: system.cpu: T0 : 0x1065c    : c_addw a5, a4              : IntAlu :  D=0x000000000000504f
4735000: system.cpu: T0 : 0x1065e    : slliw a5, a5, 2            : IntAlu :  D=0x000000000001413c
4735500: system.cpu: T0 : 0x10662    : c_addw a5, a4              : IntAlu :  D=0x00000000000143ab
4736000: system.cpu: T0 : 0x10664    : c_addiw a5, 0              : IntAlu :  D=0x00000000000143ab
4737000: system.cpu: T0 : 0x10666    : addiw a5, a5, 81           : IntAlu :  D=0x00000000000143fc
4737500: system.cpu: T0 : 0x1066a    : c_addiw a5, 0              : IntAlu :  D=0x00000000000143fc
4738000: system.cpu: T0 : 0x1066c    : c_mv a4, a5                : IntAlu :  D=0x00000000000143fc
4738500: system.cpu: T0 : 0x1066e    : c_lui a5, 2                : IntAlu :  D=0x0000000000002000
4739000: system.cpu: T0 : 0x10670    : addiw a5, a5, -97          : IntAlu :  D=0x0000000000001f9f
4739500: system.cpu: T0 : 0x10674    : remw a5, a4, a5            : IntDiv :  D=0x00000000000007c6
4740000: system.cpu: T0 : 0x10678    : addiw a4, a5, 0            : IntAlu :  D=0x00000000000007c6
4740500: system.cpu: T0 : 0x1067c    : auipc a5, 96               : IntAlu :  D=0x000000000007067c
4741000: system.cpu: T0 : 0x10680    : ld a5, 396(a5)             : MemRead :  D=0x0000000000071988 A=0x70808
4741500: system.cpu: T0 : 0x10684    : c_sw a4, 0(a5)             : MemWrite :  D=0x00000000000007c6 A=0x71988
4742500: system.cpu: T0 : 0x10686    : auipc a5, 96               : IntAlu :  D=0x0000000000070686
4743500: system.cpu: T0 : 0x1068a    : ld a5, 386(a5)             : MemRead :  D=0x0000000000071988 A=0x70808
4744000: system.cpu: T0 : 0x1068e    : c_lw a5, 0(a5)             : MemRead :  D=0x00000000000007c6 A=0x71988
4744500: system.cpu: T0 : 0x10690    : c_mv a0, a5                : IntAlu :  D=0x00000000000007c6
4745000: system.cpu: T0 : 0x10692    : c_ldsp s0, 8(sp)           : MemRead :  D=0x7ffffffffffffda0 A=0x7ffffffffffffd58
4745500: system.cpu: T0 : 0x10694    : c_addi sp, 16              : IntAlu :  D=0x7ffffffffffffd60
4746000: system.cpu: T0 : 0x10696    : c_jr ra                    : IntAlu : 
4746500: system.cpu: T0 : 0x104e4    : c_mv a5, a0                : IntAlu :  D=0x00000000000007c6
4747000: system.cpu: T0 : 0x104e6    : c_mv a4, a5                : IntAlu :  D=0x00000000000007c6
4747500: system.cpu: T0 : 0x104e8    : slli a5, s1, 2             : IntAlu :  D=0x0000000000000014
4748000: system.cpu: T0 : 0x104ec    : c_add a5, s3               : IntAlu :  D=0x0000000000071abc
4748500: system.cpu: T0 : 0x104ee    : c_sw a4, 0(a5)             : MemWrite :  D=0x00000000000007c6 A=0x71abc
4749000: system.cpu: T0 : 0x104f0    : addiw a5, s1, 1            : IntAlu :  D=0x0000000000000006
4749500: system.cpu: T0 : 0x104f4    : addiw s1, a5, 0            : IntAlu :  D=0x0000000000000006
4750000: system.cpu: T0 : 0x104f8    : c_mv a4, s1                : IntAlu :  D=0x0000000000000006
4750500: system.cpu: T0 : 0x104fa    : c_li a5, 9                 : IntAlu :  D=0x0000000000000009
4751000: system.cpu: T0 : 0x104fc    : bge a5, a4, -48            : IntAlu : 
4751500: system.cpu: T0 : 0x104cc    : c_mv a4, s2                : IntAlu :  D=0x0000000000000007
4752000: system.cpu: T0 : 0x104ce    : c_mv a5, a4                : IntAlu :  D=0x0000000000000007
4752500: system.cpu: T0 : 0x104d0    : c_slli a5, 2               : IntAlu :  D=0x000000000000001c
4753000: system.cpu: T0 : 0x104d2    : c_add a5, a4               : IntAlu :  D=0x0000000000000023
4753500: system.cpu: T0 : 0x104d4    : c_slli a5, 3               : IntAlu :  D=0x0000000000000118
4754000: system.cpu: T0 : 0x104d6    : c_mv a4, a5                : IntAlu :  D=0x0000000000000118
4754500: system.cpu: T0 : 0x104d8    : ld a5, -56(s0)             : MemRead :  D=0x0000000000071990 A=0x7ffffffffffffd68
4755000: system.cpu: T0 : 0x104dc    : add s3, a5, a4             : IntAlu :  D=0x0000000000071aa8
4755500: system.cpu: T0 : 0x104e0    : jal ra, 356                : IntAlu :  D=0x00000000000104e4
4756000: system.cpu: T0 : 0x10644    : c_addi sp, -16             : IntAlu :  D=0x7ffffffffffffd50
4756500: system.cpu: T0 : 0x10646    : c_sdsp s0, 8(sp)           : MemWrite :  D=0x7ffffffffffffda0 A=0x7ffffffffffffd58
4757000: system.cpu: T0 : 0x10648    : c_addi4spn s0, sp, 16      : IntAlu :  D=0x7ffffffffffffd60
4758000: system.cpu: T0 : 0x1064a    : auipc a5, 96               : IntAlu :  D=0x000000000007064a
4759000: system.cpu: T0 : 0x1064e    : ld a5, 446(a5)             : MemRead :  D=0x0000000000071988 A=0x70808
4759500: system.cpu: T0 : 0x10652    : c_lw a5, 0(a5)             : MemRead :  D=0x00000000000007c6 A=0x71988
4760000: system.cpu: T0 : 0x10654    : c_mv a4, a5                : IntAlu :  D=0x00000000000007c6
4760500: system.cpu: T0 : 0x10656    : c_mv a5, a4                : IntAlu :  D=0x00000000000007c6
4761000: system.cpu: T0 : 0x10658    : slliw a5, a5, 5            : IntAlu :  D=0x000000000000f8c0
4761500: system.cpu: T0 : 0x1065c    : c_addw a5, a4              : IntAlu :  D=0x0000000000010086
4762500: system.cpu: T0 : 0x1065e    : slliw a5, a5, 2            : IntAlu :  D=0x0000000000040218
4763000: system.cpu: T0 : 0x10662    : c_addw a5, a4              : IntAlu :  D=0x00000000000409de
4763500: system.cpu: T0 : 0x10664    : c_addiw a5, 0              : IntAlu :  D=0x00000000000409de
4764500: system.cpu: T0 : 0x10666    : addiw a5, a5, 81           : IntAlu :  D=0x0000000000040a2f
4765000: system.cpu: T0 : 0x1066a    : c_addiw a5, 0              : IntAlu :  D=0x0000000000040a2f
4765500: system.cpu: T0 : 0x1066c    : c_mv a4, a5                : IntAlu :  D=0x0000000000040a2f
4766000: system.cpu: T0 : 0x1066e    : c_lui a5, 2                : IntAlu :  D=0x0000000000002000
4766500: system.cpu: T0 : 0x10670    : addiw a5, a5, -97          : IntAlu :  D=0x0000000000001f9f
4767000: system.cpu: T0 : 0x10674    : remw a5, a4, a5            : IntDiv :  D=0x000000000000164f
4767500: system.cpu: T0 : 0x10678    : addiw a4, a5, 0            : IntAlu :  D=0x000000000000164f
4768000: system.cpu: T0 : 0x1067c    : auipc a5, 96               : IntAlu :  D=0x000000000007067c
4768500: system.cpu: T0 : 0x10680    : ld a5, 396(a5)             : MemRead :  D=0x0000000000071988 A=0x70808
4769000: system.cpu: T0 : 0x10684    : c_sw a4, 0(a5)             : MemWrite :  D=0x000000000000164f A=0x71988
4770000: system.cpu: T0 : 0x10686    : auipc a5, 96               : IntAlu :  D=0x0000000000070686
4771000: system.cpu: T0 : 0x1068a    : ld a5, 386(a5)             : MemRead :  D=0x0000000000071988 A=0x70808
4771500: system.cpu: T0 : 0x1068e    : c_lw a5, 0(a5)             : MemRead :  D=0x000000000000164f A=0x71988
4772000: system.cpu: T0 : 0x10690    : c_mv a0, a5                : IntAlu :  D=0x000000000000164f
4772500: system.cpu: T0 : 0x10692    : c_ldsp s0, 8(sp)           : MemRead :  D=0x7ffffffffffffda0 A=0x7ffffffffffffd58
4773000: system.cpu: T0 : 0x10694    : c_addi sp, 16              : IntAlu :  D=0x7ffffffffffffd60
4773500: system.cpu: T0 : 0x10696    : c_jr ra                    : IntAlu : 
4774000: system.cpu: T0 : 0x104e4    : c_mv a5, a0                : IntAlu :  D=0x000000000000164f
4774500: system.cpu: T0 : 0x104e6    : c_mv a4, a5                : IntAlu :  D=0x000000000000164f
4775000: system.cpu: T0 : 0x104e8    : slli a5, s1, 2             : IntAlu :  D=0x0000000000000018
4775500: system.cpu: T0 : 0x104ec    : c_add a5, s3               : IntAlu :  D=0x0000000000071ac0
4776000: system.cpu: T0 : 0x104ee    : c_sw a4, 0(a5)             : MemWrite :  D=0x000000000000164f A=0x71ac0
4776500: system.cpu: T0 : 0x104f0    : addiw a5, s1, 1            : IntAlu :  D=0x0000000000000007
4777000: system.cpu: T0 : 0x104f4    : addiw s1, a5, 0            : IntAlu :  D=0x0000000000000007
4777500: system.cpu: T0 : 0x104f8    : c_mv a4, s1                : IntAlu :  D=0x0000000000000007
4778000: system.cpu: T0 : 0x104fa    : c_li a5, 9                 : IntAlu :  D=0x0000000000000009
4778500: system.cpu: T0 : 0x104fc    : bge a5, a4, -48            : IntAlu : 
4779000: system.cpu: T0 : 0x104cc    : c_mv a4, s2                : IntAlu :  D=0x0000000000000007
4779500: system.cpu: T0 : 0x104ce    : c_mv a5, a4                : IntAlu :  D=0x0000000000000007
4780000: system.cpu: T0 : 0x104d0    : c_slli a5, 2               : IntAlu :  D=0x000000000000001c
4780500: system.cpu: T0 : 0x104d2    : c_add a5, a4               : IntAlu :  D=0x0000000000000023
4781000: system.cpu: T0 : 0x104d4    : c_slli a5, 3               : IntAlu :  D=0x0000000000000118
4781500: system.cpu: T0 : 0x104d6    : c_mv a4, a5                : IntAlu :  D=0x0000000000000118
4782000: system.cpu: T0 : 0x104d8    : ld a5, -56(s0)             : MemRead :  D=0x0000000000071990 A=0x7ffffffffffffd68
4782500: system.cpu: T0 : 0x104dc    : add s3, a5, a4             : IntAlu :  D=0x0000000000071aa8
4783000: system.cpu: T0 : 0x104e0    : jal ra, 356                : IntAlu :  D=0x00000000000104e4
4783500: system.cpu: T0 : 0x10644    : c_addi sp, -16             : IntAlu :  D=0x7ffffffffffffd50
4784000: system.cpu: T0 : 0x10646    : c_sdsp s0, 8(sp)           : MemWrite :  D=0x7ffffffffffffda0 A=0x7ffffffffffffd58
4784500: system.cpu: T0 : 0x10648    : c_addi4spn s0, sp, 16      : IntAlu :  D=0x7ffffffffffffd60
4785500: system.cpu: T0 : 0x1064a    : auipc a5, 96               : IntAlu :  D=0x000000000007064a
4786500: system.cpu: T0 : 0x1064e    : ld a5, 446(a5)             : MemRead :  D=0x0000000000071988 A=0x70808
4787000: system.cpu: T0 : 0x10652    : c_lw a5, 0(a5)             : MemRead :  D=0x000000000000164f A=0x71988
4787500: system.cpu: T0 : 0x10654    : c_mv a4, a5                : IntAlu :  D=0x000000000000164f
4788000: system.cpu: T0 : 0x10656    : c_mv a5, a4                : IntAlu :  D=0x000000000000164f
4788500: system.cpu: T0 : 0x10658    : slliw a5, a5, 5            : IntAlu :  D=0x000000000002c9e0
4789000: system.cpu: T0 : 0x1065c    : c_addw a5, a4              : IntAlu :  D=0x000000000002e02f
4790000: system.cpu: T0 : 0x1065e    : slliw a5, a5, 2            : IntAlu :  D=0x00000000000b80bc
4790500: system.cpu: T0 : 0x10662    : c_addw a5, a4              : IntAlu :  D=0x00000000000b970b
4791000: system.cpu: T0 : 0x10664    : c_addiw a5, 0              : IntAlu :  D=0x00000000000b970b
4792000: system.cpu: T0 : 0x10666    : addiw a5, a5, 81           : IntAlu :  D=0x00000000000b975c
4792500: system.cpu: T0 : 0x1066a    : c_addiw a5, 0              : IntAlu :  D=0x00000000000b975c
4793000: system.cpu: T0 : 0x1066c    : c_mv a4, a5                : IntAlu :  D=0x00000000000b975c
4793500: system.cpu: T0 : 0x1066e    : c_lui a5, 2                : IntAlu :  D=0x0000000000002000
4794000: system.cpu: T0 : 0x10670    : addiw a5, a5, -97          : IntAlu :  D=0x0000000000001f9f
4794500: system.cpu: T0 : 0x10674    : remw a5, a4, a5            : IntDiv :  D=0x0000000000001a99
4795000: system.cpu: T0 : 0x10678    : addiw a4, a5, 0            : IntAlu :  D=0x0000000000001a99
4795500: system.cpu: T0 : 0x1067c    : auipc a5, 96               : IntAlu :  D=0x000000000007067c
4796000: system.cpu: T0 : 0x10680    : ld a5, 396(a5)             : MemRead :  D=0x0000000000071988 A=0x70808
4796500: system.cpu: T0 : 0x10684    : c_sw a4, 0(a5)             : MemWrite :  D=0x0000000000001a99 A=0x71988
4797500: system.cpu: T0 : 0x10686    : auipc a5, 96               : IntAlu :  D=0x0000000000070686
4798500: system.cpu: T0 : 0x1068a    : ld a5, 386(a5)             : MemRead :  D=0x0000000000071988 A=0x70808
4799000: system.cpu: T0 : 0x1068e    : c_lw a5, 0(a5)             : MemRead :  D=0x0000000000001a99 A=0x71988
4799500: system.cpu: T0 : 0x10690    : c_mv a0, a5                : IntAlu :  D=0x0000000000001a99
4800000: system.cpu: T0 : 0x10692    : c_ldsp s0, 8(sp)           : MemRead :  D=0x7ffffffffffffda0 A=0x7ffffffffffffd58
4800500: system.cpu: T0 : 0x10694    : c_addi sp, 16              : IntAlu :  D=0x7ffffffffffffd60
4801000: system.cpu: T0 : 0x10696    : c_jr ra                    : IntAlu : 
4801500: system.cpu: T0 : 0x104e4    : c_mv a5, a0                : IntAlu :  D=0x0000000000001a99
4802000: system.cpu: T0 : 0x104e6    : c_mv a4, a5                : IntAlu :  D=0x0000000000001a99
4802500: system.cpu: T0 : 0x104e8    : slli a5, s1, 2             : IntAlu :  D=0x000000000000001c
4803000: system.cpu: T0 : 0x104ec    : c_add a5, s3               : IntAlu :  D=0x0000000000071ac4
4803500: system.cpu: T0 : 0x104ee    : c_sw a4, 0(a5)             : MemWrite :  D=0x0000000000001a99 A=0x71ac4
4804000: system.cpu: T0 : 0x104f0    : addiw a5, s1, 1            : IntAlu :  D=0x0000000000000008
4804500: system.cpu: T0 : 0x104f4    : addiw s1, a5, 0            : IntAlu :  D=0x0000000000000008
4805000: system.cpu: T0 : 0x104f8    : c_mv a4, s1                : IntAlu :  D=0x0000000000000008
4805500: system.cpu: T0 : 0x104fa    : c_li a5, 9                 : IntAlu :  D=0x0000000000000009
4806000: system.cpu: T0 : 0x104fc    : bge a5, a4, -48            : IntAlu : 
4806500: system.cpu: T0 : 0x104cc    : c_mv a4, s2                : IntAlu :  D=0x0000000000000007
4807000: system.cpu: T0 : 0x104ce    : c_mv a5, a4                : IntAlu :  D=0x0000000000000007
4807500: system.cpu: T0 : 0x104d0    : c_slli a5, 2               : IntAlu :  D=0x000000000000001c
4808000: system.cpu: T0 : 0x104d2    : c_add a5, a4               : IntAlu :  D=0x0000000000000023
4808500: system.cpu: T0 : 0x104d4    : c_slli a5, 3               : IntAlu :  D=0x0000000000000118
4809000: system.cpu: T0 : 0x104d6    : c_mv a4, a5                : IntAlu :  D=0x0000000000000118
4809500: system.cpu: T0 : 0x104d8    : ld a5, -56(s0)             : MemRead :  D=0x0000000000071990 A=0x7ffffffffffffd68
4810000: system.cpu: T0 : 0x104dc    : add s3, a5, a4             : IntAlu :  D=0x0000000000071aa8
4810500: system.cpu: T0 : 0x104e0    : jal ra, 356                : IntAlu :  D=0x00000000000104e4
4811000: system.cpu: T0 : 0x10644    : c_addi sp, -16             : IntAlu :  D=0x7ffffffffffffd50
4811500: system.cpu: T0 : 0x10646    : c_sdsp s0, 8(sp)           : MemWrite :  D=0x7ffffffffffffda0 A=0x7ffffffffffffd58
4812000: system.cpu: T0 : 0x10648    : c_addi4spn s0, sp, 16      : IntAlu :  D=0x7ffffffffffffd60
4813000: system.cpu: T0 : 0x1064a    : auipc a5, 96               : IntAlu :  D=0x000000000007064a
4814000: system.cpu: T0 : 0x1064e    : ld a5, 446(a5)             : MemRead :  D=0x0000000000071988 A=0x70808
4814500: system.cpu: T0 : 0x10652    : c_lw a5, 0(a5)             : MemRead :  D=0x0000000000001a99 A=0x71988
4815000: system.cpu: T0 : 0x10654    : c_mv a4, a5                : IntAlu :  D=0x0000000000001a99
4815500: system.cpu: T0 : 0x10656    : c_mv a5, a4                : IntAlu :  D=0x0000000000001a99
4816000: system.cpu: T0 : 0x10658    : slliw a5, a5, 5            : IntAlu :  D=0x0000000000035320
4816500: system.cpu: T0 : 0x1065c    : c_addw a5, a4              : IntAlu :  D=0x0000000000036db9
4817500: system.cpu: T0 : 0x1065e    : slliw a5, a5, 2            : IntAlu :  D=0x00000000000db6e4
4818000: system.cpu: T0 : 0x10662    : c_addw a5, a4              : IntAlu :  D=0x00000000000dd17d
4818500: system.cpu: T0 : 0x10664    : c_addiw a5, 0              : IntAlu :  D=0x00000000000dd17d
4819500: system.cpu: T0 : 0x10666    : addiw a5, a5, 81           : IntAlu :  D=0x00000000000dd1ce
4820000: system.cpu: T0 : 0x1066a    : c_addiw a5, 0              : IntAlu :  D=0x00000000000dd1ce
4820500: system.cpu: T0 : 0x1066c    : c_mv a4, a5                : IntAlu :  D=0x00000000000dd1ce
4821000: system.cpu: T0 : 0x1066e    : c_lui a5, 2                : IntAlu :  D=0x0000000000002000
4821500: system.cpu: T0 : 0x10670    : addiw a5, a5, -97          : IntAlu :  D=0x0000000000001f9f
4822000: system.cpu: T0 : 0x10674    : remw a5, a4, a5            : IntDiv :  D=0x0000000000001bdd
4822500: system.cpu: T0 : 0x10678    : addiw a4, a5, 0            : IntAlu :  D=0x0000000000001bdd
4823000: system.cpu: T0 : 0x1067c    : auipc a5, 96               : IntAlu :  D=0x000000000007067c
4823500: system.cpu: T0 : 0x10680    : ld a5, 396(a5)             : MemRead :  D=0x0000000000071988 A=0x70808
4824000: system.cpu: T0 : 0x10684    : c_sw a4, 0(a5)             : MemWrite :  D=0x0000000000001bdd A=0x71988
4825000: system.cpu: T0 : 0x10686    : auipc a5, 96               : IntAlu :  D=0x0000000000070686
4826000: system.cpu: T0 : 0x1068a    : ld a5, 386(a5)             : MemRead :  D=0x0000000000071988 A=0x70808
4826500: system.cpu: T0 : 0x1068e    : c_lw a5, 0(a5)             : MemRead :  D=0x0000000000001bdd A=0x71988
4827000: system.cpu: T0 : 0x10690    : c_mv a0, a5                : IntAlu :  D=0x0000000000001bdd
4827500: system.cpu: T0 : 0x10692    : c_ldsp s0, 8(sp)           : MemRead :  D=0x7ffffffffffffda0 A=0x7ffffffffffffd58
4828000: system.cpu: T0 : 0x10694    : c_addi sp, 16              : IntAlu :  D=0x7ffffffffffffd60
4828500: system.cpu: T0 : 0x10696    : c_jr ra                    : IntAlu : 
4829000: system.cpu: T0 : 0x104e4    : c_mv a5, a0                : IntAlu :  D=0x0000000000001bdd
4829500: system.cpu: T0 : 0x104e6    : c_mv a4, a5                : IntAlu :  D=0x0000000000001bdd
4830000: system.cpu: T0 : 0x104e8    : slli a5, s1, 2             : IntAlu :  D=0x0000000000000020
4830500: system.cpu: T0 : 0x104ec    : c_add a5, s3               : IntAlu :  D=0x0000000000071ac8
4831000: system.cpu: T0 : 0x104ee    : c_sw a4, 0(a5)             : MemWrite :  D=0x0000000000001bdd A=0x71ac8
4831500: system.cpu: T0 : 0x104f0    : addiw a5, s1, 1            : IntAlu :  D=0x0000000000000009
4832000: system.cpu: T0 : 0x104f4    : addiw s1, a5, 0            : IntAlu :  D=0x0000000000000009
4832500: system.cpu: T0 : 0x104f8    : c_mv a4, s1                : IntAlu :  D=0x0000000000000009
4833000: system.cpu: T0 : 0x104fa    : c_li a5, 9                 : IntAlu :  D=0x0000000000000009
4833500: system.cpu: T0 : 0x104fc    : bge a5, a4, -48            : IntAlu : 
4834000: system.cpu: T0 : 0x104cc    : c_mv a4, s2                : IntAlu :  D=0x0000000000000007
4834500: system.cpu: T0 : 0x104ce    : c_mv a5, a4                : IntAlu :  D=0x0000000000000007
4835000: system.cpu: T0 : 0x104d0    : c_slli a5, 2               : IntAlu :  D=0x000000000000001c
4835500: system.cpu: T0 : 0x104d2    : c_add a5, a4               : IntAlu :  D=0x0000000000000023
4836000: system.cpu: T0 : 0x104d4    : c_slli a5, 3               : IntAlu :  D=0x0000000000000118
4836500: system.cpu: T0 : 0x104d6    : c_mv a4, a5                : IntAlu :  D=0x0000000000000118
4837000: system.cpu: T0 : 0x104d8    : ld a5, -56(s0)             : MemRead :  D=0x0000000000071990 A=0x7ffffffffffffd68
4837500: system.cpu: T0 : 0x104dc    : add s3, a5, a4             : IntAlu :  D=0x0000000000071aa8
4838000: system.cpu: T0 : 0x104e0    : jal ra, 356                : IntAlu :  D=0x00000000000104e4
4838500: system.cpu: T0 : 0x10644    : c_addi sp, -16             : IntAlu :  D=0x7ffffffffffffd50
4839000: system.cpu: T0 : 0x10646    : c_sdsp s0, 8(sp)           : MemWrite :  D=0x7ffffffffffffda0 A=0x7ffffffffffffd58
4839500: system.cpu: T0 : 0x10648    : c_addi4spn s0, sp, 16      : IntAlu :  D=0x7ffffffffffffd60
4840500: system.cpu: T0 : 0x1064a    : auipc a5, 96               : IntAlu :  D=0x000000000007064a
4841500: system.cpu: T0 : 0x1064e    : ld a5, 446(a5)             : MemRead :  D=0x0000000000071988 A=0x70808
4842000: system.cpu: T0 : 0x10652    : c_lw a5, 0(a5)             : MemRead :  D=0x0000000000001bdd A=0x71988
4842500: system.cpu: T0 : 0x10654    : c_mv a4, a5                : IntAlu :  D=0x0000000000001bdd
4843000: system.cpu: T0 : 0x10656    : c_mv a5, a4                : IntAlu :  D=0x0000000000001bdd
4843500: system.cpu: T0 : 0x10658    : slliw a5, a5, 5            : IntAlu :  D=0x0000000000037ba0
4844000: system.cpu: T0 : 0x1065c    : c_addw a5, a4              : IntAlu :  D=0x000000000003977d
4845000: system.cpu: T0 : 0x1065e    : slliw a5, a5, 2            : IntAlu :  D=0x00000000000e5df4
4845500: system.cpu: T0 : 0x10662    : c_addw a5, a4              : IntAlu :  D=0x00000000000e79d1
4846000: system.cpu: T0 : 0x10664    : c_addiw a5, 0              : IntAlu :  D=0x00000000000e79d1
4847000: system.cpu: T0 : 0x10666    : addiw a5, a5, 81           : IntAlu :  D=0x00000000000e7a22
4847500: system.cpu: T0 : 0x1066a    : c_addiw a5, 0              : IntAlu :  D=0x00000000000e7a22
4848000: system.cpu: T0 : 0x1066c    : c_mv a4, a5                : IntAlu :  D=0x00000000000e7a22
4848500: system.cpu: T0 : 0x1066e    : c_lui a5, 2                : IntAlu :  D=0x0000000000002000
4849000: system.cpu: T0 : 0x10670    : addiw a5, a5, -97          : IntAlu :  D=0x0000000000001f9f
4849500: system.cpu: T0 : 0x10674    : remw a5, a4, a5            : IntDiv :  D=0x0000000000000677
4850000: system.cpu: T0 : 0x10678    : addiw a4, a5, 0            : IntAlu :  D=0x0000000000000677
4850500: system.cpu: T0 : 0x1067c    : auipc a5, 96               : IntAlu :  D=0x000000000007067c
4851000: system.cpu: T0 : 0x10680    : ld a5, 396(a5)             : MemRead :  D=0x0000000000071988 A=0x70808
4851500: system.cpu: T0 : 0x10684    : c_sw a4, 0(a5)             : MemWrite :  D=0x0000000000000677 A=0x71988
4852500: system.cpu: T0 : 0x10686    : auipc a5, 96               : IntAlu :  D=0x0000000000070686
4853500: system.cpu: T0 : 0x1068a    : ld a5, 386(a5)             : MemRead :  D=0x0000000000071988 A=0x70808
4854000: system.cpu: T0 : 0x1068e    : c_lw a5, 0(a5)             : MemRead :  D=0x0000000000000677 A=0x71988
4854500: system.cpu: T0 : 0x10690    : c_mv a0, a5                : IntAlu :  D=0x0000000000000677
4855000: system.cpu: T0 : 0x10692    : c_ldsp s0, 8(sp)           : MemRead :  D=0x7ffffffffffffda0 A=0x7ffffffffffffd58
4855500: system.cpu: T0 : 0x10694    : c_addi sp, 16              : IntAlu :  D=0x7ffffffffffffd60
4856000: system.cpu: T0 : 0x10696    : c_jr ra                    : IntAlu : 
4856500: system.cpu: T0 : 0x104e4    : c_mv a5, a0                : IntAlu :  D=0x0000000000000677
4857000: system.cpu: T0 : 0x104e6    : c_mv a4, a5                : IntAlu :  D=0x0000000000000677
4857500: system.cpu: T0 : 0x104e8    : slli a5, s1, 2             : IntAlu :  D=0x0000000000000024
4858000: system.cpu: T0 : 0x104ec    : c_add a5, s3               : IntAlu :  D=0x0000000000071acc
4858500: system.cpu: T0 : 0x104ee    : c_sw a4, 0(a5)             : MemWrite :  D=0x0000000000000677 A=0x71acc
4859000: system.cpu: T0 : 0x104f0    : addiw a5, s1, 1            : IntAlu :  D=0x000000000000000a
4859500: system.cpu: T0 : 0x104f4    : addiw s1, a5, 0            : IntAlu :  D=0x000000000000000a
4860000: system.cpu: T0 : 0x104f8    : c_mv a4, s1                : IntAlu :  D=0x000000000000000a
4860500: system.cpu: T0 : 0x104fa    : c_li a5, 9                 : IntAlu :  D=0x0000000000000009
4861000: system.cpu: T0 : 0x104fc    : bge a5, a4, -48            : IntAlu : 
4861500: system.cpu: T0 : 0x10500    : addiw a5, s2, 1            : IntAlu :  D=0x0000000000000008
4862000: system.cpu: T0 : 0x10504    : addiw s2, a5, 0            : IntAlu :  D=0x0000000000000008
4862500: system.cpu: T0 : 0x10508    : c_mv a4, s2                : IntAlu :  D=0x0000000000000008
4863000: system.cpu: T0 : 0x1050a    : c_li a5, 9                 : IntAlu :  D=0x0000000000000009
4863500: system.cpu: T0 : 0x1050c    : bge a5, a4, -68            : IntAlu : 
4864000: system.cpu: T0 : 0x104c8    : c_li s1, 0                 : IntAlu :  D=0x0000000000000000
4864500: system.cpu: T0 : 0x104ca    : c_j 46                     : IntAlu : 
4865000: system.cpu: T0 : 0x104f8    : c_mv a4, s1                : IntAlu :  D=0x0000000000000000
4865500: system.cpu: T0 : 0x104fa    : c_li a5, 9                 : IntAlu :  D=0x0000000000000009
4866000: system.cpu: T0 : 0x104fc    : bge a5, a4, -48            : IntAlu : 
4866500: system.cpu: T0 : 0x104cc    : c_mv a4, s2                : IntAlu :  D=0x0000000000000008
4867000: system.cpu: T0 : 0x104ce    : c_mv a5, a4                : IntAlu :  D=0x0000000000000008
4867500: system.cpu: T0 : 0x104d0    : c_slli a5, 2               : IntAlu :  D=0x0000000000000020
4868000: system.cpu: T0 : 0x104d2    : c_add a5, a4               : IntAlu :  D=0x0000000000000028
4868500: system.cpu: T0 : 0x104d4    : c_slli a5, 3               : IntAlu :  D=0x0000000000000140
4869000: system.cpu: T0 : 0x104d6    : c_mv a4, a5                : IntAlu :  D=0x0000000000000140
4869500: system.cpu: T0 : 0x104d8    : ld a5, -56(s0)             : MemRead :  D=0x0000000000071990 A=0x7ffffffffffffd68
4870000: system.cpu: T0 : 0x104dc    : add s3, a5, a4             : IntAlu :  D=0x0000000000071ad0
4870500: system.cpu: T0 : 0x104e0    : jal ra, 356                : IntAlu :  D=0x00000000000104e4
4871000: system.cpu: T0 : 0x10644    : c_addi sp, -16             : IntAlu :  D=0x7ffffffffffffd50
4871500: system.cpu: T0 : 0x10646    : c_sdsp s0, 8(sp)           : MemWrite :  D=0x7ffffffffffffda0 A=0x7ffffffffffffd58
4872000: system.cpu: T0 : 0x10648    : c_addi4spn s0, sp, 16      : IntAlu :  D=0x7ffffffffffffd60
4873000: system.cpu: T0 : 0x1064a    : auipc a5, 96               : IntAlu :  D=0x000000000007064a
4874000: system.cpu: T0 : 0x1064e    : ld a5, 446(a5)             : MemRead :  D=0x0000000000071988 A=0x70808
4874500: system.cpu: T0 : 0x10652    : c_lw a5, 0(a5)             : MemRead :  D=0x0000000000000677 A=0x71988
4875000: system.cpu: T0 : 0x10654    : c_mv a4, a5                : IntAlu :  D=0x0000000000000677
4875500: system.cpu: T0 : 0x10656    : c_mv a5, a4                : IntAlu :  D=0x0000000000000677
4876000: system.cpu: T0 : 0x10658    : slliw a5, a5, 5            : IntAlu :  D=0x000000000000cee0
4876500: system.cpu: T0 : 0x1065c    : c_addw a5, a4              : IntAlu :  D=0x000000000000d557
4877500: system.cpu: T0 : 0x1065e    : slliw a5, a5, 2            : IntAlu :  D=0x000000000003555c
4878000: system.cpu: T0 : 0x10662    : c_addw a5, a4              : IntAlu :  D=0x0000000000035bd3
4878500: system.cpu: T0 : 0x10664    : c_addiw a5, 0              : IntAlu :  D=0x0000000000035bd3
4879500: system.cpu: T0 : 0x10666    : addiw a5, a5, 81           : IntAlu :  D=0x0000000000035c24
4880000: system.cpu: T0 : 0x1066a    : c_addiw a5, 0              : IntAlu :  D=0x0000000000035c24
4880500: system.cpu: T0 : 0x1066c    : c_mv a4, a5                : IntAlu :  D=0x0000000000035c24
4881000: system.cpu: T0 : 0x1066e    : c_lui a5, 2                : IntAlu :  D=0x0000000000002000
4881500: system.cpu: T0 : 0x10670    : addiw a5, a5, -97          : IntAlu :  D=0x0000000000001f9f
4882000: system.cpu: T0 : 0x10674    : remw a5, a4, a5            : IntDiv :  D=0x000000000000065f
4882500: system.cpu: T0 : 0x10678    : addiw a4, a5, 0            : IntAlu :  D=0x000000000000065f
4883000: system.cpu: T0 : 0x1067c    : auipc a5, 96               : IntAlu :  D=0x000000000007067c
4883500: system.cpu: T0 : 0x10680    : ld a5, 396(a5)             : MemRead :  D=0x0000000000071988 A=0x70808
4884000: system.cpu: T0 : 0x10684    : c_sw a4, 0(a5)             : MemWrite :  D=0x000000000000065f A=0x71988
4885000: system.cpu: T0 : 0x10686    : auipc a5, 96               : IntAlu :  D=0x0000000000070686
4886000: system.cpu: T0 : 0x1068a    : ld a5, 386(a5)             : MemRead :  D=0x0000000000071988 A=0x70808
4886500: system.cpu: T0 : 0x1068e    : c_lw a5, 0(a5)             : MemRead :  D=0x000000000000065f A=0x71988
4887000: system.cpu: T0 : 0x10690    : c_mv a0, a5                : IntAlu :  D=0x000000000000065f
4887500: system.cpu: T0 : 0x10692    : c_ldsp s0, 8(sp)           : MemRead :  D=0x7ffffffffffffda0 A=0x7ffffffffffffd58
4888000: system.cpu: T0 : 0x10694    : c_addi sp, 16              : IntAlu :  D=0x7ffffffffffffd60
4888500: system.cpu: T0 : 0x10696    : c_jr ra                    : IntAlu : 
4889000: system.cpu: T0 : 0x104e4    : c_mv a5, a0                : IntAlu :  D=0x000000000000065f
4889500: system.cpu: T0 : 0x104e6    : c_mv a4, a5                : IntAlu :  D=0x000000000000065f
4890000: system.cpu: T0 : 0x104e8    : slli a5, s1, 2             : IntAlu :  D=0x0000000000000000
4890500: system.cpu: T0 : 0x104ec    : c_add a5, s3               : IntAlu :  D=0x0000000000071ad0
4891000: system.cpu: T0 : 0x104ee    : c_sw a4, 0(a5)             : MemWrite :  D=0x000000000000065f A=0x71ad0
4891500: system.cpu: T0 : 0x104f0    : addiw a5, s1, 1            : IntAlu :  D=0x0000000000000001
4892000: system.cpu: T0 : 0x104f4    : addiw s1, a5, 0            : IntAlu :  D=0x0000000000000001
4892500: system.cpu: T0 : 0x104f8    : c_mv a4, s1                : IntAlu :  D=0x0000000000000001
4893000: system.cpu: T0 : 0x104fa    : c_li a5, 9                 : IntAlu :  D=0x0000000000000009
4893500: system.cpu: T0 : 0x104fc    : bge a5, a4, -48            : IntAlu : 
4894000: system.cpu: T0 : 0x104cc    : c_mv a4, s2                : IntAlu :  D=0x0000000000000008
4894500: system.cpu: T0 : 0x104ce    : c_mv a5, a4                : IntAlu :  D=0x0000000000000008
4895000: system.cpu: T0 : 0x104d0    : c_slli a5, 2               : IntAlu :  D=0x0000000000000020
4895500: system.cpu: T0 : 0x104d2    : c_add a5, a4               : IntAlu :  D=0x0000000000000028
4896000: system.cpu: T0 : 0x104d4    : c_slli a5, 3               : IntAlu :  D=0x0000000000000140
4896500: system.cpu: T0 : 0x104d6    : c_mv a4, a5                : IntAlu :  D=0x0000000000000140
4897000: system.cpu: T0 : 0x104d8    : ld a5, -56(s0)             : MemRead :  D=0x0000000000071990 A=0x7ffffffffffffd68
4897500: system.cpu: T0 : 0x104dc    : add s3, a5, a4             : IntAlu :  D=0x0000000000071ad0
4898000: system.cpu: T0 : 0x104e0    : jal ra, 356                : IntAlu :  D=0x00000000000104e4
4898500: system.cpu: T0 : 0x10644    : c_addi sp, -16             : IntAlu :  D=0x7ffffffffffffd50
4899000: system.cpu: T0 : 0x10646    : c_sdsp s0, 8(sp)           : MemWrite :  D=0x7ffffffffffffda0 A=0x7ffffffffffffd58
4899500: system.cpu: T0 : 0x10648    : c_addi4spn s0, sp, 16      : IntAlu :  D=0x7ffffffffffffd60
4900500: system.cpu: T0 : 0x1064a    : auipc a5, 96               : IntAlu :  D=0x000000000007064a
4901500: system.cpu: T0 : 0x1064e    : ld a5, 446(a5)             : MemRead :  D=0x0000000000071988 A=0x70808
4902000: system.cpu: T0 : 0x10652    : c_lw a5, 0(a5)             : MemRead :  D=0x000000000000065f A=0x71988
4902500: system.cpu: T0 : 0x10654    : c_mv a4, a5                : IntAlu :  D=0x000000000000065f
4903000: system.cpu: T0 : 0x10656    : c_mv a5, a4                : IntAlu :  D=0x000000000000065f
4903500: system.cpu: T0 : 0x10658    : slliw a5, a5, 5            : IntAlu :  D=0x000000000000cbe0
4904000: system.cpu: T0 : 0x1065c    : c_addw a5, a4              : IntAlu :  D=0x000000000000d23f
4905000: system.cpu: T0 : 0x1065e    : slliw a5, a5, 2            : IntAlu :  D=0x00000000000348fc
4905500: system.cpu: T0 : 0x10662    : c_addw a5, a4              : IntAlu :  D=0x0000000000034f5b
4906000: system.cpu: T0 : 0x10664    : c_addiw a5, 0              : IntAlu :  D=0x0000000000034f5b
4907000: system.cpu: T0 : 0x10666    : addiw a5, a5, 81           : IntAlu :  D=0x0000000000034fac
4907500: system.cpu: T0 : 0x1066a    : c_addiw a5, 0              : IntAlu :  D=0x0000000000034fac
4908000: system.cpu: T0 : 0x1066c    : c_mv a4, a5                : IntAlu :  D=0x0000000000034fac
4908500: system.cpu: T0 : 0x1066e    : c_lui a5, 2                : IntAlu :  D=0x0000000000002000
4909000: system.cpu: T0 : 0x10670    : addiw a5, a5, -97          : IntAlu :  D=0x0000000000001f9f
4909500: system.cpu: T0 : 0x10674    : remw a5, a4, a5            : IntDiv :  D=0x0000000000001986
4910000: system.cpu: T0 : 0x10678    : addiw a4, a5, 0            : IntAlu :  D=0x0000000000001986
4910500: system.cpu: T0 : 0x1067c    : auipc a5, 96               : IntAlu :  D=0x000000000007067c
4911000: system.cpu: T0 : 0x10680    : ld a5, 396(a5)             : MemRead :  D=0x0000000000071988 A=0x70808
4911500: system.cpu: T0 : 0x10684    : c_sw a4, 0(a5)             : MemWrite :  D=0x0000000000001986 A=0x71988
4912500: system.cpu: T0 : 0x10686    : auipc a5, 96               : IntAlu :  D=0x0000000000070686
4913500: system.cpu: T0 : 0x1068a    : ld a5, 386(a5)             : MemRead :  D=0x0000000000071988 A=0x70808
4914000: system.cpu: T0 : 0x1068e    : c_lw a5, 0(a5)             : MemRead :  D=0x0000000000001986 A=0x71988
4914500: system.cpu: T0 : 0x10690    : c_mv a0, a5                : IntAlu :  D=0x0000000000001986
4915000: system.cpu: T0 : 0x10692    : c_ldsp s0, 8(sp)           : MemRead :  D=0x7ffffffffffffda0 A=0x7ffffffffffffd58
4915500: system.cpu: T0 : 0x10694    : c_addi sp, 16              : IntAlu :  D=0x7ffffffffffffd60
4916000: system.cpu: T0 : 0x10696    : c_jr ra                    : IntAlu : 
4916500: system.cpu: T0 : 0x104e4    : c_mv a5, a0                : IntAlu :  D=0x0000000000001986
4917000: system.cpu: T0 : 0x104e6    : c_mv a4, a5                : IntAlu :  D=0x0000000000001986
4917500: system.cpu: T0 : 0x104e8    : slli a5, s1, 2             : IntAlu :  D=0x0000000000000004
4918000: system.cpu: T0 : 0x104ec    : c_add a5, s3               : IntAlu :  D=0x0000000000071ad4
4918500: system.cpu: T0 : 0x104ee    : c_sw a4, 0(a5)             : MemWrite :  D=0x0000000000001986 A=0x71ad4
4919000: system.cpu: T0 : 0x104f0    : addiw a5, s1, 1            : IntAlu :  D=0x0000000000000002
4919500: system.cpu: T0 : 0x104f4    : addiw s1, a5, 0            : IntAlu :  D=0x0000000000000002
4920000: system.cpu: T0 : 0x104f8    : c_mv a4, s1                : IntAlu :  D=0x0000000000000002
4920500: system.cpu: T0 : 0x104fa    : c_li a5, 9                 : IntAlu :  D=0x0000000000000009
4921000: system.cpu: T0 : 0x104fc    : bge a5, a4, -48            : IntAlu : 
4921500: system.cpu: T0 : 0x104cc    : c_mv a4, s2                : IntAlu :  D=0x0000000000000008
4922000: system.cpu: T0 : 0x104ce    : c_mv a5, a4                : IntAlu :  D=0x0000000000000008
4922500: system.cpu: T0 : 0x104d0    : c_slli a5, 2               : IntAlu :  D=0x0000000000000020
4923000: system.cpu: T0 : 0x104d2    : c_add a5, a4               : IntAlu :  D=0x0000000000000028
4923500: system.cpu: T0 : 0x104d4    : c_slli a5, 3               : IntAlu :  D=0x0000000000000140
4924000: system.cpu: T0 : 0x104d6    : c_mv a4, a5                : IntAlu :  D=0x0000000000000140
4924500: system.cpu: T0 : 0x104d8    : ld a5, -56(s0)             : MemRead :  D=0x0000000000071990 A=0x7ffffffffffffd68
4925000: system.cpu: T0 : 0x104dc    : add s3, a5, a4             : IntAlu :  D=0x0000000000071ad0
4925500: system.cpu: T0 : 0x104e0    : jal ra, 356                : IntAlu :  D=0x00000000000104e4
4926000: system.cpu: T0 : 0x10644    : c_addi sp, -16             : IntAlu :  D=0x7ffffffffffffd50
4926500: system.cpu: T0 : 0x10646    : c_sdsp s0, 8(sp)           : MemWrite :  D=0x7ffffffffffffda0 A=0x7ffffffffffffd58
4927000: system.cpu: T0 : 0x10648    : c_addi4spn s0, sp, 16      : IntAlu :  D=0x7ffffffffffffd60
4928000: system.cpu: T0 : 0x1064a    : auipc a5, 96               : IntAlu :  D=0x000000000007064a
4929000: system.cpu: T0 : 0x1064e    : ld a5, 446(a5)             : MemRead :  D=0x0000000000071988 A=0x70808
4929500: system.cpu: T0 : 0x10652    : c_lw a5, 0(a5)             : MemRead :  D=0x0000000000001986 A=0x71988
4930000: system.cpu: T0 : 0x10654    : c_mv a4, a5                : IntAlu :  D=0x0000000000001986
4930500: system.cpu: T0 : 0x10656    : c_mv a5, a4                : IntAlu :  D=0x0000000000001986
4931000: system.cpu: T0 : 0x10658    : slliw a5, a5, 5            : IntAlu :  D=0x00000000000330c0
4931500: system.cpu: T0 : 0x1065c    : c_addw a5, a4              : IntAlu :  D=0x0000000000034a46
4932500: system.cpu: T0 : 0x1065e    : slliw a5, a5, 2            : IntAlu :  D=0x00000000000d2918
4933000: system.cpu: T0 : 0x10662    : c_addw a5, a4              : IntAlu :  D=0x00000000000d429e
4933500: system.cpu: T0 : 0x10664    : c_addiw a5, 0              : IntAlu :  D=0x00000000000d429e
4934500: system.cpu: T0 : 0x10666    : addiw a5, a5, 81           : IntAlu :  D=0x00000000000d42ef
4935000: system.cpu: T0 : 0x1066a    : c_addiw a5, 0              : IntAlu :  D=0x00000000000d42ef
4935500: system.cpu: T0 : 0x1066c    : c_mv a4, a5                : IntAlu :  D=0x00000000000d42ef
4936000: system.cpu: T0 : 0x1066e    : c_lui a5, 2                : IntAlu :  D=0x0000000000002000
4936500: system.cpu: T0 : 0x10670    : addiw a5, a5, -97          : IntAlu :  D=0x0000000000001f9f
4937000: system.cpu: T0 : 0x10674    : remw a5, a4, a5            : IntDiv :  D=0x0000000000000b7a
4937500: system.cpu: T0 : 0x10678    : addiw a4, a5, 0            : IntAlu :  D=0x0000000000000b7a
4938000: system.cpu: T0 : 0x1067c    : auipc a5, 96               : IntAlu :  D=0x000000000007067c
4938500: system.cpu: T0 : 0x10680    : ld a5, 396(a5)             : MemRead :  D=0x0000000000071988 A=0x70808
4939000: system.cpu: T0 : 0x10684    : c_sw a4, 0(a5)             : MemWrite :  D=0x0000000000000b7a A=0x71988
4940000: system.cpu: T0 : 0x10686    : auipc a5, 96               : IntAlu :  D=0x0000000000070686
4941000: system.cpu: T0 : 0x1068a    : ld a5, 386(a5)             : MemRead :  D=0x0000000000071988 A=0x70808
4941500: system.cpu: T0 : 0x1068e    : c_lw a5, 0(a5)             : MemRead :  D=0x0000000000000b7a A=0x71988
4942000: system.cpu: T0 : 0x10690    : c_mv a0, a5                : IntAlu :  D=0x0000000000000b7a
4942500: system.cpu: T0 : 0x10692    : c_ldsp s0, 8(sp)           : MemRead :  D=0x7ffffffffffffda0 A=0x7ffffffffffffd58
4943000: system.cpu: T0 : 0x10694    : c_addi sp, 16              : IntAlu :  D=0x7ffffffffffffd60
4943500: system.cpu: T0 : 0x10696    : c_jr ra                    : IntAlu : 
4944000: system.cpu: T0 : 0x104e4    : c_mv a5, a0                : IntAlu :  D=0x0000000000000b7a
4944500: system.cpu: T0 : 0x104e6    : c_mv a4, a5                : IntAlu :  D=0x0000000000000b7a
4945000: system.cpu: T0 : 0x104e8    : slli a5, s1, 2             : IntAlu :  D=0x0000000000000008
4945500: system.cpu: T0 : 0x104ec    : c_add a5, s3               : IntAlu :  D=0x0000000000071ad8
4946000: system.cpu: T0 : 0x104ee    : c_sw a4, 0(a5)             : MemWrite :  D=0x0000000000000b7a A=0x71ad8
4946500: system.cpu: T0 : 0x104f0    : addiw a5, s1, 1            : IntAlu :  D=0x0000000000000003
4947000: system.cpu: T0 : 0x104f4    : addiw s1, a5, 0            : IntAlu :  D=0x0000000000000003
4947500: system.cpu: T0 : 0x104f8    : c_mv a4, s1                : IntAlu :  D=0x0000000000000003
4948000: system.cpu: T0 : 0x104fa    : c_li a5, 9                 : IntAlu :  D=0x0000000000000009
4948500: system.cpu: T0 : 0x104fc    : bge a5, a4, -48            : IntAlu : 
4949000: system.cpu: T0 : 0x104cc    : c_mv a4, s2                : IntAlu :  D=0x0000000000000008
4949500: system.cpu: T0 : 0x104ce    : c_mv a5, a4                : IntAlu :  D=0x0000000000000008
4950000: system.cpu: T0 : 0x104d0    : c_slli a5, 2               : IntAlu :  D=0x0000000000000020
4950500: system.cpu: T0 : 0x104d2    : c_add a5, a4               : IntAlu :  D=0x0000000000000028
4951000: system.cpu: T0 : 0x104d4    : c_slli a5, 3               : IntAlu :  D=0x0000000000000140
4951500: system.cpu: T0 : 0x104d6    : c_mv a4, a5                : IntAlu :  D=0x0000000000000140
4952000: system.cpu: T0 : 0x104d8    : ld a5, -56(s0)             : MemRead :  D=0x0000000000071990 A=0x7ffffffffffffd68
4952500: system.cpu: T0 : 0x104dc    : add s3, a5, a4             : IntAlu :  D=0x0000000000071ad0
4953000: system.cpu: T0 : 0x104e0    : jal ra, 356                : IntAlu :  D=0x00000000000104e4
4953500: system.cpu: T0 : 0x10644    : c_addi sp, -16             : IntAlu :  D=0x7ffffffffffffd50
4954000: system.cpu: T0 : 0x10646    : c_sdsp s0, 8(sp)           : MemWrite :  D=0x7ffffffffffffda0 A=0x7ffffffffffffd58
4954500: system.cpu: T0 : 0x10648    : c_addi4spn s0, sp, 16      : IntAlu :  D=0x7ffffffffffffd60
4955500: system.cpu: T0 : 0x1064a    : auipc a5, 96               : IntAlu :  D=0x000000000007064a
4956500: system.cpu: T0 : 0x1064e    : ld a5, 446(a5)             : MemRead :  D=0x0000000000071988 A=0x70808
4957000: system.cpu: T0 : 0x10652    : c_lw a5, 0(a5)             : MemRead :  D=0x0000000000000b7a A=0x71988
4957500: system.cpu: T0 : 0x10654    : c_mv a4, a5                : IntAlu :  D=0x0000000000000b7a
4958000: system.cpu: T0 : 0x10656    : c_mv a5, a4                : IntAlu :  D=0x0000000000000b7a
4958500: system.cpu: T0 : 0x10658    : slliw a5, a5, 5            : IntAlu :  D=0x0000000000016f40
4959000: system.cpu: T0 : 0x1065c    : c_addw a5, a4              : IntAlu :  D=0x0000000000017aba
4960000: system.cpu: T0 : 0x1065e    : slliw a5, a5, 2            : IntAlu :  D=0x000000000005eae8
4960500: system.cpu: T0 : 0x10662    : c_addw a5, a4              : IntAlu :  D=0x000000000005f662
4961000: system.cpu: T0 : 0x10664    : c_addiw a5, 0              : IntAlu :  D=0x000000000005f662
4962000: system.cpu: T0 : 0x10666    : addiw a5, a5, 81           : IntAlu :  D=0x000000000005f6b3
4962500: system.cpu: T0 : 0x1066a    : c_addiw a5, 0              : IntAlu :  D=0x000000000005f6b3
4963000: system.cpu: T0 : 0x1066c    : c_mv a4, a5                : IntAlu :  D=0x000000000005f6b3
4963500: system.cpu: T0 : 0x1066e    : c_lui a5, 2                : IntAlu :  D=0x0000000000002000
4964000: system.cpu: T0 : 0x10670    : addiw a5, a5, -97          : IntAlu :  D=0x0000000000001f9f
4964500: system.cpu: T0 : 0x10674    : remw a5, a4, a5            : IntDiv :  D=0x00000000000008e3
4965000: system.cpu: T0 : 0x10678    : addiw a4, a5, 0            : IntAlu :  D=0x00000000000008e3
4965500: system.cpu: T0 : 0x1067c    : auipc a5, 96               : IntAlu :  D=0x000000000007067c
4966000: system.cpu: T0 : 0x10680    : ld a5, 396(a5)             : MemRead :  D=0x0000000000071988 A=0x70808
4966500: system.cpu: T0 : 0x10684    : c_sw a4, 0(a5)             : MemWrite :  D=0x00000000000008e3 A=0x71988
4967500: system.cpu: T0 : 0x10686    : auipc a5, 96               : IntAlu :  D=0x0000000000070686
4968500: system.cpu: T0 : 0x1068a    : ld a5, 386(a5)             : MemRead :  D=0x0000000000071988 A=0x70808
4969000: system.cpu: T0 : 0x1068e    : c_lw a5, 0(a5)             : MemRead :  D=0x00000000000008e3 A=0x71988
4969500: system.cpu: T0 : 0x10690    : c_mv a0, a5                : IntAlu :  D=0x00000000000008e3
4970000: system.cpu: T0 : 0x10692    : c_ldsp s0, 8(sp)           : MemRead :  D=0x7ffffffffffffda0 A=0x7ffffffffffffd58
4970500: system.cpu: T0 : 0x10694    : c_addi sp, 16              : IntAlu :  D=0x7ffffffffffffd60
4971000: system.cpu: T0 : 0x10696    : c_jr ra                    : IntAlu : 
4971500: system.cpu: T0 : 0x104e4    : c_mv a5, a0                : IntAlu :  D=0x00000000000008e3
4972000: system.cpu: T0 : 0x104e6    : c_mv a4, a5                : IntAlu :  D=0x00000000000008e3
4972500: system.cpu: T0 : 0x104e8    : slli a5, s1, 2             : IntAlu :  D=0x000000000000000c
4973000: system.cpu: T0 : 0x104ec    : c_add a5, s3               : IntAlu :  D=0x0000000000071adc
4973500: system.cpu: T0 : 0x104ee    : c_sw a4, 0(a5)             : MemWrite :  D=0x00000000000008e3 A=0x71adc
4974000: system.cpu: T0 : 0x104f0    : addiw a5, s1, 1            : IntAlu :  D=0x0000000000000004
4974500: system.cpu: T0 : 0x104f4    : addiw s1, a5, 0            : IntAlu :  D=0x0000000000000004
4975000: system.cpu: T0 : 0x104f8    : c_mv a4, s1                : IntAlu :  D=0x0000000000000004
4975500: system.cpu: T0 : 0x104fa    : c_li a5, 9                 : IntAlu :  D=0x0000000000000009
4976000: system.cpu: T0 : 0x104fc    : bge a5, a4, -48            : IntAlu : 
4976500: system.cpu: T0 : 0x104cc    : c_mv a4, s2                : IntAlu :  D=0x0000000000000008
4977000: system.cpu: T0 : 0x104ce    : c_mv a5, a4                : IntAlu :  D=0x0000000000000008
4977500: system.cpu: T0 : 0x104d0    : c_slli a5, 2               : IntAlu :  D=0x0000000000000020
4978000: system.cpu: T0 : 0x104d2    : c_add a5, a4               : IntAlu :  D=0x0000000000000028
4978500: system.cpu: T0 : 0x104d4    : c_slli a5, 3               : IntAlu :  D=0x0000000000000140
4979000: system.cpu: T0 : 0x104d6    : c_mv a4, a5                : IntAlu :  D=0x0000000000000140
4979500: system.cpu: T0 : 0x104d8    : ld a5, -56(s0)             : MemRead :  D=0x0000000000071990 A=0x7ffffffffffffd68
4980000: system.cpu: T0 : 0x104dc    : add s3, a5, a4             : IntAlu :  D=0x0000000000071ad0
4980500: system.cpu: T0 : 0x104e0    : jal ra, 356                : IntAlu :  D=0x00000000000104e4
4981000: system.cpu: T0 : 0x10644    : c_addi sp, -16             : IntAlu :  D=0x7ffffffffffffd50
4981500: system.cpu: T0 : 0x10646    : c_sdsp s0, 8(sp)           : MemWrite :  D=0x7ffffffffffffda0 A=0x7ffffffffffffd58
4982000: system.cpu: T0 : 0x10648    : c_addi4spn s0, sp, 16      : IntAlu :  D=0x7ffffffffffffd60
4983000: system.cpu: T0 : 0x1064a    : auipc a5, 96               : IntAlu :  D=0x000000000007064a
4984000: system.cpu: T0 : 0x1064e    : ld a5, 446(a5)             : MemRead :  D=0x0000000000071988 A=0x70808
4984500: system.cpu: T0 : 0x10652    : c_lw a5, 0(a5)             : MemRead :  D=0x00000000000008e3 A=0x71988
4985000: system.cpu: T0 : 0x10654    : c_mv a4, a5                : IntAlu :  D=0x00000000000008e3
4985500: system.cpu: T0 : 0x10656    : c_mv a5, a4                : IntAlu :  D=0x00000000000008e3
4986000: system.cpu: T0 : 0x10658    : slliw a5, a5, 5            : IntAlu :  D=0x0000000000011c60
4986500: system.cpu: T0 : 0x1065c    : c_addw a5, a4              : IntAlu :  D=0x0000000000012543
4987500: system.cpu: T0 : 0x1065e    : slliw a5, a5, 2            : IntAlu :  D=0x000000000004950c
4988000: system.cpu: T0 : 0x10662    : c_addw a5, a4              : IntAlu :  D=0x0000000000049def
4988500: system.cpu: T0 : 0x10664    : c_addiw a5, 0              : IntAlu :  D=0x0000000000049def
4989500: system.cpu: T0 : 0x10666    : addiw a5, a5, 81           : IntAlu :  D=0x0000000000049e40
4990000: system.cpu: T0 : 0x1066a    : c_addiw a5, 0              : IntAlu :  D=0x0000000000049e40
4990500: system.cpu: T0 : 0x1066c    : c_mv a4, a5                : IntAlu :  D=0x0000000000049e40
4991000: system.cpu: T0 : 0x1066e    : c_lui a5, 2                : IntAlu :  D=0x0000000000002000
4991500: system.cpu: T0 : 0x10670    : addiw a5, a5, -97          : IntAlu :  D=0x0000000000001f9f
4992000: system.cpu: T0 : 0x10674    : remw a5, a4, a5            : IntDiv :  D=0x0000000000000c45
4992500: system.cpu: T0 : 0x10678    : addiw a4, a5, 0            : IntAlu :  D=0x0000000000000c45
4993000: system.cpu: T0 : 0x1067c    : auipc a5, 96               : IntAlu :  D=0x000000000007067c
4993500: system.cpu: T0 : 0x10680    : ld a5, 396(a5)             : MemRead :  D=0x0000000000071988 A=0x70808
4994000: system.cpu: T0 : 0x10684    : c_sw a4, 0(a5)             : MemWrite :  D=0x0000000000000c45 A=0x71988
4995000: system.cpu: T0 : 0x10686    : auipc a5, 96               : IntAlu :  D=0x0000000000070686
4996000: system.cpu: T0 : 0x1068a    : ld a5, 386(a5)             : MemRead :  D=0x0000000000071988 A=0x70808
4996500: system.cpu: T0 : 0x1068e    : c_lw a5, 0(a5)             : MemRead :  D=0x0000000000000c45 A=0x71988
4997000: system.cpu: T0 : 0x10690    : c_mv a0, a5                : IntAlu :  D=0x0000000000000c45
4997500: system.cpu: T0 : 0x10692    : c_ldsp s0, 8(sp)           : MemRead :  D=0x7ffffffffffffda0 A=0x7ffffffffffffd58
4998000: system.cpu: T0 : 0x10694    : c_addi sp, 16              : IntAlu :  D=0x7ffffffffffffd60
4998500: system.cpu: T0 : 0x10696    : c_jr ra                    : IntAlu : 
4999000: system.cpu: T0 : 0x104e4    : c_mv a5, a0                : IntAlu :  D=0x0000000000000c45
4999500: system.cpu: T0 : 0x104e6    : c_mv a4, a5                : IntAlu :  D=0x0000000000000c45
5000000: system.cpu: T0 : 0x104e8    : slli a5, s1, 2             : IntAlu :  D=0x0000000000000010
5000500: system.cpu: T0 : 0x104ec    : c_add a5, s3               : IntAlu :  D=0x0000000000071ae0
5001000: system.cpu: T0 : 0x104ee    : c_sw a4, 0(a5)             : MemWrite :  D=0x0000000000000c45 A=0x71ae0
5001500: system.cpu: T0 : 0x104f0    : addiw a5, s1, 1            : IntAlu :  D=0x0000000000000005
5002000: system.cpu: T0 : 0x104f4    : addiw s1, a5, 0            : IntAlu :  D=0x0000000000000005
5002500: system.cpu: T0 : 0x104f8    : c_mv a4, s1                : IntAlu :  D=0x0000000000000005
5003000: system.cpu: T0 : 0x104fa    : c_li a5, 9                 : IntAlu :  D=0x0000000000000009
5003500: system.cpu: T0 : 0x104fc    : bge a5, a4, -48            : IntAlu : 
5004000: system.cpu: T0 : 0x104cc    : c_mv a4, s2                : IntAlu :  D=0x0000000000000008
5004500: system.cpu: T0 : 0x104ce    : c_mv a5, a4                : IntAlu :  D=0x0000000000000008
5005000: system.cpu: T0 : 0x104d0    : c_slli a5, 2               : IntAlu :  D=0x0000000000000020
5005500: system.cpu: T0 : 0x104d2    : c_add a5, a4               : IntAlu :  D=0x0000000000000028
5006000: system.cpu: T0 : 0x104d4    : c_slli a5, 3               : IntAlu :  D=0x0000000000000140
5006500: system.cpu: T0 : 0x104d6    : c_mv a4, a5                : IntAlu :  D=0x0000000000000140
5007000: system.cpu: T0 : 0x104d8    : ld a5, -56(s0)             : MemRead :  D=0x0000000000071990 A=0x7ffffffffffffd68
5007500: system.cpu: T0 : 0x104dc    : add s3, a5, a4             : IntAlu :  D=0x0000000000071ad0
5008000: system.cpu: T0 : 0x104e0    : jal ra, 356                : IntAlu :  D=0x00000000000104e4
5008500: system.cpu: T0 : 0x10644    : c_addi sp, -16             : IntAlu :  D=0x7ffffffffffffd50
5009000: system.cpu: T0 : 0x10646    : c_sdsp s0, 8(sp)           : MemWrite :  D=0x7ffffffffffffda0 A=0x7ffffffffffffd58
5009500: system.cpu: T0 : 0x10648    : c_addi4spn s0, sp, 16      : IntAlu :  D=0x7ffffffffffffd60
5010500: system.cpu: T0 : 0x1064a    : auipc a5, 96               : IntAlu :  D=0x000000000007064a
5011500: system.cpu: T0 : 0x1064e    : ld a5, 446(a5)             : MemRead :  D=0x0000000000071988 A=0x70808
5012000: system.cpu: T0 : 0x10652    : c_lw a5, 0(a5)             : MemRead :  D=0x0000000000000c45 A=0x71988
5012500: system.cpu: T0 : 0x10654    : c_mv a4, a5                : IntAlu :  D=0x0000000000000c45
5013000: system.cpu: T0 : 0x10656    : c_mv a5, a4                : IntAlu :  D=0x0000000000000c45
5013500: system.cpu: T0 : 0x10658    : slliw a5, a5, 5            : IntAlu :  D=0x00000000000188a0
5014000: system.cpu: T0 : 0x1065c    : c_addw a5, a4              : IntAlu :  D=0x00000000000194e5
5015000: system.cpu: T0 : 0x1065e    : slliw a5, a5, 2            : IntAlu :  D=0x0000000000065394
5015500: system.cpu: T0 : 0x10662    : c_addw a5, a4              : IntAlu :  D=0x0000000000065fd9
5016000: system.cpu: T0 : 0x10664    : c_addiw a5, 0              : IntAlu :  D=0x0000000000065fd9
5017000: system.cpu: T0 : 0x10666    : addiw a5, a5, 81           : IntAlu :  D=0x000000000006602a
5017500: system.cpu: T0 : 0x1066a    : c_addiw a5, 0              : IntAlu :  D=0x000000000006602a
5018000: system.cpu: T0 : 0x1066c    : c_mv a4, a5                : IntAlu :  D=0x000000000006602a
5018500: system.cpu: T0 : 0x1066e    : c_lui a5, 2                : IntAlu :  D=0x0000000000002000
5019000: system.cpu: T0 : 0x10670    : addiw a5, a5, -97          : IntAlu :  D=0x0000000000001f9f
5019500: system.cpu: T0 : 0x10674    : remw a5, a4, a5            : IntDiv :  D=0x000000000000137d
5020000: system.cpu: T0 : 0x10678    : addiw a4, a5, 0            : IntAlu :  D=0x000000000000137d
5020500: system.cpu: T0 : 0x1067c    : auipc a5, 96               : IntAlu :  D=0x000000000007067c
5021000: system.cpu: T0 : 0x10680    : ld a5, 396(a5)             : MemRead :  D=0x0000000000071988 A=0x70808
5021500: system.cpu: T0 : 0x10684    : c_sw a4, 0(a5)             : MemWrite :  D=0x000000000000137d A=0x71988
5022500: system.cpu: T0 : 0x10686    : auipc a5, 96               : IntAlu :  D=0x0000000000070686
5023500: system.cpu: T0 : 0x1068a    : ld a5, 386(a5)             : MemRead :  D=0x0000000000071988 A=0x70808
5024000: system.cpu: T0 : 0x1068e    : c_lw a5, 0(a5)             : MemRead :  D=0x000000000000137d A=0x71988
5024500: system.cpu: T0 : 0x10690    : c_mv a0, a5                : IntAlu :  D=0x000000000000137d
5025000: system.cpu: T0 : 0x10692    : c_ldsp s0, 8(sp)           : MemRead :  D=0x7ffffffffffffda0 A=0x7ffffffffffffd58
5025500: system.cpu: T0 : 0x10694    : c_addi sp, 16              : IntAlu :  D=0x7ffffffffffffd60
5026000: system.cpu: T0 : 0x10696    : c_jr ra                    : IntAlu : 
5026500: system.cpu: T0 : 0x104e4    : c_mv a5, a0                : IntAlu :  D=0x000000000000137d
5027000: system.cpu: T0 : 0x104e6    : c_mv a4, a5                : IntAlu :  D=0x000000000000137d
5027500: system.cpu: T0 : 0x104e8    : slli a5, s1, 2             : IntAlu :  D=0x0000000000000014
5028000: system.cpu: T0 : 0x104ec    : c_add a5, s3               : IntAlu :  D=0x0000000000071ae4
5028500: system.cpu: T0 : 0x104ee    : c_sw a4, 0(a5)             : MemWrite :  D=0x000000000000137d A=0x71ae4
5029000: system.cpu: T0 : 0x104f0    : addiw a5, s1, 1            : IntAlu :  D=0x0000000000000006
5029500: system.cpu: T0 : 0x104f4    : addiw s1, a5, 0            : IntAlu :  D=0x0000000000000006
5030000: system.cpu: T0 : 0x104f8    : c_mv a4, s1                : IntAlu :  D=0x0000000000000006
5030500: system.cpu: T0 : 0x104fa    : c_li a5, 9                 : IntAlu :  D=0x0000000000000009
5031000: system.cpu: T0 : 0x104fc    : bge a5, a4, -48            : IntAlu : 
5031500: system.cpu: T0 : 0x104cc    : c_mv a4, s2                : IntAlu :  D=0x0000000000000008
5032000: system.cpu: T0 : 0x104ce    : c_mv a5, a4                : IntAlu :  D=0x0000000000000008
5032500: system.cpu: T0 : 0x104d0    : c_slli a5, 2               : IntAlu :  D=0x0000000000000020
5033000: system.cpu: T0 : 0x104d2    : c_add a5, a4               : IntAlu :  D=0x0000000000000028
5033500: system.cpu: T0 : 0x104d4    : c_slli a5, 3               : IntAlu :  D=0x0000000000000140
5034000: system.cpu: T0 : 0x104d6    : c_mv a4, a5                : IntAlu :  D=0x0000000000000140
5034500: system.cpu: T0 : 0x104d8    : ld a5, -56(s0)             : MemRead :  D=0x0000000000071990 A=0x7ffffffffffffd68
5035000: system.cpu: T0 : 0x104dc    : add s3, a5, a4             : IntAlu :  D=0x0000000000071ad0
5035500: system.cpu: T0 : 0x104e0    : jal ra, 356                : IntAlu :  D=0x00000000000104e4
5036000: system.cpu: T0 : 0x10644    : c_addi sp, -16             : IntAlu :  D=0x7ffffffffffffd50
5036500: system.cpu: T0 : 0x10646    : c_sdsp s0, 8(sp)           : MemWrite :  D=0x7ffffffffffffda0 A=0x7ffffffffffffd58
5037000: system.cpu: T0 : 0x10648    : c_addi4spn s0, sp, 16      : IntAlu :  D=0x7ffffffffffffd60
5038000: system.cpu: T0 : 0x1064a    : auipc a5, 96               : IntAlu :  D=0x000000000007064a
5039000: system.cpu: T0 : 0x1064e    : ld a5, 446(a5)             : MemRead :  D=0x0000000000071988 A=0x70808
5039500: system.cpu: T0 : 0x10652    : c_lw a5, 0(a5)             : MemRead :  D=0x000000000000137d A=0x71988
5040000: system.cpu: T0 : 0x10654    : c_mv a4, a5                : IntAlu :  D=0x000000000000137d
5040500: system.cpu: T0 : 0x10656    : c_mv a5, a4                : IntAlu :  D=0x000000000000137d
5041000: system.cpu: T0 : 0x10658    : slliw a5, a5, 5            : IntAlu :  D=0x0000000000026fa0
5041500: system.cpu: T0 : 0x1065c    : c_addw a5, a4              : IntAlu :  D=0x000000000002831d
5042500: system.cpu: T0 : 0x1065e    : slliw a5, a5, 2            : IntAlu :  D=0x00000000000a0c74
5043000: system.cpu: T0 : 0x10662    : c_addw a5, a4              : IntAlu :  D=0x00000000000a1ff1
5043500: system.cpu: T0 : 0x10664    : c_addiw a5, 0              : IntAlu :  D=0x00000000000a1ff1
5044500: system.cpu: T0 : 0x10666    : addiw a5, a5, 81           : IntAlu :  D=0x00000000000a2042
5045000: system.cpu: T0 : 0x1066a    : c_addiw a5, 0              : IntAlu :  D=0x00000000000a2042
5045500: system.cpu: T0 : 0x1066c    : c_mv a4, a5                : IntAlu :  D=0x00000000000a2042
5046000: system.cpu: T0 : 0x1066e    : c_lui a5, 2                : IntAlu :  D=0x0000000000002000
5046500: system.cpu: T0 : 0x10670    : addiw a5, a5, -97          : IntAlu :  D=0x0000000000001f9f
5047000: system.cpu: T0 : 0x10674    : remw a5, a4, a5            : IntDiv :  D=0x0000000000001ef3
5047500: system.cpu: T0 : 0x10678    : addiw a4, a5, 0            : IntAlu :  D=0x0000000000001ef3
5048000: system.cpu: T0 : 0x1067c    : auipc a5, 96               : IntAlu :  D=0x000000000007067c
5048500: system.cpu: T0 : 0x10680    : ld a5, 396(a5)             : MemRead :  D=0x0000000000071988 A=0x70808
5049000: system.cpu: T0 : 0x10684    : c_sw a4, 0(a5)             : MemWrite :  D=0x0000000000001ef3 A=0x71988
5050000: system.cpu: T0 : 0x10686    : auipc a5, 96               : IntAlu :  D=0x0000000000070686
5051000: system.cpu: T0 : 0x1068a    : ld a5, 386(a5)             : MemRead :  D=0x0000000000071988 A=0x70808
5051500: system.cpu: T0 : 0x1068e    : c_lw a5, 0(a5)             : MemRead :  D=0x0000000000001ef3 A=0x71988
5052000: system.cpu: T0 : 0x10690    : c_mv a0, a5                : IntAlu :  D=0x0000000000001ef3
5052500: system.cpu: T0 : 0x10692    : c_ldsp s0, 8(sp)           : MemRead :  D=0x7ffffffffffffda0 A=0x7ffffffffffffd58
5053000: system.cpu: T0 : 0x10694    : c_addi sp, 16              : IntAlu :  D=0x7ffffffffffffd60
5053500: system.cpu: T0 : 0x10696    : c_jr ra                    : IntAlu : 
5054000: system.cpu: T0 : 0x104e4    : c_mv a5, a0                : IntAlu :  D=0x0000000000001ef3
5054500: system.cpu: T0 : 0x104e6    : c_mv a4, a5                : IntAlu :  D=0x0000000000001ef3
5055000: system.cpu: T0 : 0x104e8    : slli a5, s1, 2             : IntAlu :  D=0x0000000000000018
5055500: system.cpu: T0 : 0x104ec    : c_add a5, s3               : IntAlu :  D=0x0000000000071ae8
5056000: system.cpu: T0 : 0x104ee    : c_sw a4, 0(a5)             : MemWrite :  D=0x0000000000001ef3 A=0x71ae8
5056500: system.cpu: T0 : 0x104f0    : addiw a5, s1, 1            : IntAlu :  D=0x0000000000000007
5057000: system.cpu: T0 : 0x104f4    : addiw s1, a5, 0            : IntAlu :  D=0x0000000000000007
5057500: system.cpu: T0 : 0x104f8    : c_mv a4, s1                : IntAlu :  D=0x0000000000000007
5058000: system.cpu: T0 : 0x104fa    : c_li a5, 9                 : IntAlu :  D=0x0000000000000009
5058500: system.cpu: T0 : 0x104fc    : bge a5, a4, -48            : IntAlu : 
5059000: system.cpu: T0 : 0x104cc    : c_mv a4, s2                : IntAlu :  D=0x0000000000000008
5059500: system.cpu: T0 : 0x104ce    : c_mv a5, a4                : IntAlu :  D=0x0000000000000008
5060000: system.cpu: T0 : 0x104d0    : c_slli a5, 2               : IntAlu :  D=0x0000000000000020
5060500: system.cpu: T0 : 0x104d2    : c_add a5, a4               : IntAlu :  D=0x0000000000000028
5061000: system.cpu: T0 : 0x104d4    : c_slli a5, 3               : IntAlu :  D=0x0000000000000140
5061500: system.cpu: T0 : 0x104d6    : c_mv a4, a5                : IntAlu :  D=0x0000000000000140
5062000: system.cpu: T0 : 0x104d8    : ld a5, -56(s0)             : MemRead :  D=0x0000000000071990 A=0x7ffffffffffffd68
5062500: system.cpu: T0 : 0x104dc    : add s3, a5, a4             : IntAlu :  D=0x0000000000071ad0
5063000: system.cpu: T0 : 0x104e0    : jal ra, 356                : IntAlu :  D=0x00000000000104e4
5063500: system.cpu: T0 : 0x10644    : c_addi sp, -16             : IntAlu :  D=0x7ffffffffffffd50
5064000: system.cpu: T0 : 0x10646    : c_sdsp s0, 8(sp)           : MemWrite :  D=0x7ffffffffffffda0 A=0x7ffffffffffffd58
5064500: system.cpu: T0 : 0x10648    : c_addi4spn s0, sp, 16      : IntAlu :  D=0x7ffffffffffffd60
5065500: system.cpu: T0 : 0x1064a    : auipc a5, 96               : IntAlu :  D=0x000000000007064a
5066500: system.cpu: T0 : 0x1064e    : ld a5, 446(a5)             : MemRead :  D=0x0000000000071988 A=0x70808
5067000: system.cpu: T0 : 0x10652    : c_lw a5, 0(a5)             : MemRead :  D=0x0000000000001ef3 A=0x71988
5067500: system.cpu: T0 : 0x10654    : c_mv a4, a5                : IntAlu :  D=0x0000000000001ef3
5068000: system.cpu: T0 : 0x10656    : c_mv a5, a4                : IntAlu :  D=0x0000000000001ef3
5068500: system.cpu: T0 : 0x10658    : slliw a5, a5, 5            : IntAlu :  D=0x000000000003de60
5069000: system.cpu: T0 : 0x1065c    : c_addw a5, a4              : IntAlu :  D=0x000000000003fd53
5070000: system.cpu: T0 : 0x1065e    : slliw a5, a5, 2            : IntAlu :  D=0x00000000000ff54c
5070500: system.cpu: T0 : 0x10662    : c_addw a5, a4              : IntAlu :  D=0x000000000010143f
5071000: system.cpu: T0 : 0x10664    : c_addiw a5, 0              : IntAlu :  D=0x000000000010143f
5072000: system.cpu: T0 : 0x10666    : addiw a5, a5, 81           : IntAlu :  D=0x0000000000101490
5072500: system.cpu: T0 : 0x1066a    : c_addiw a5, 0              : IntAlu :  D=0x0000000000101490
5073000: system.cpu: T0 : 0x1066c    : c_mv a4, a5                : IntAlu :  D=0x0000000000101490
5073500: system.cpu: T0 : 0x1066e    : c_lui a5, 2                : IntAlu :  D=0x0000000000002000
5074000: system.cpu: T0 : 0x10670    : addiw a5, a5, -97          : IntAlu :  D=0x0000000000001f9f
5074500: system.cpu: T0 : 0x10674    : remw a5, a4, a5            : IntDiv :  D=0x00000000000005d2
5075000: system.cpu: T0 : 0x10678    : addiw a4, a5, 0            : IntAlu :  D=0x00000000000005d2
5075500: system.cpu: T0 : 0x1067c    : auipc a5, 96               : IntAlu :  D=0x000000000007067c
5076000: system.cpu: T0 : 0x10680    : ld a5, 396(a5)             : MemRead :  D=0x0000000000071988 A=0x70808
5076500: system.cpu: T0 : 0x10684    : c_sw a4, 0(a5)             : MemWrite :  D=0x00000000000005d2 A=0x71988
5077500: system.cpu: T0 : 0x10686    : auipc a5, 96               : IntAlu :  D=0x0000000000070686
5078500: system.cpu: T0 : 0x1068a    : ld a5, 386(a5)             : MemRead :  D=0x0000000000071988 A=0x70808
5079000: system.cpu: T0 : 0x1068e    : c_lw a5, 0(a5)             : MemRead :  D=0x00000000000005d2 A=0x71988
5079500: system.cpu: T0 : 0x10690    : c_mv a0, a5                : IntAlu :  D=0x00000000000005d2
5080000: system.cpu: T0 : 0x10692    : c_ldsp s0, 8(sp)           : MemRead :  D=0x7ffffffffffffda0 A=0x7ffffffffffffd58
5080500: system.cpu: T0 : 0x10694    : c_addi sp, 16              : IntAlu :  D=0x7ffffffffffffd60
5081000: system.cpu: T0 : 0x10696    : c_jr ra                    : IntAlu : 
5081500: system.cpu: T0 : 0x104e4    : c_mv a5, a0                : IntAlu :  D=0x00000000000005d2
5082000: system.cpu: T0 : 0x104e6    : c_mv a4, a5                : IntAlu :  D=0x00000000000005d2
5082500: system.cpu: T0 : 0x104e8    : slli a5, s1, 2             : IntAlu :  D=0x000000000000001c
5083000: system.cpu: T0 : 0x104ec    : c_add a5, s3               : IntAlu :  D=0x0000000000071aec
5083500: system.cpu: T0 : 0x104ee    : c_sw a4, 0(a5)             : MemWrite :  D=0x00000000000005d2 A=0x71aec
5084000: system.cpu: T0 : 0x104f0    : addiw a5, s1, 1            : IntAlu :  D=0x0000000000000008
5084500: system.cpu: T0 : 0x104f4    : addiw s1, a5, 0            : IntAlu :  D=0x0000000000000008
5085000: system.cpu: T0 : 0x104f8    : c_mv a4, s1                : IntAlu :  D=0x0000000000000008
5085500: system.cpu: T0 : 0x104fa    : c_li a5, 9                 : IntAlu :  D=0x0000000000000009
5086000: system.cpu: T0 : 0x104fc    : bge a5, a4, -48            : IntAlu : 
5086500: system.cpu: T0 : 0x104cc    : c_mv a4, s2                : IntAlu :  D=0x0000000000000008
5087000: system.cpu: T0 : 0x104ce    : c_mv a5, a4                : IntAlu :  D=0x0000000000000008
5087500: system.cpu: T0 : 0x104d0    : c_slli a5, 2               : IntAlu :  D=0x0000000000000020
5088000: system.cpu: T0 : 0x104d2    : c_add a5, a4               : IntAlu :  D=0x0000000000000028
5088500: system.cpu: T0 : 0x104d4    : c_slli a5, 3               : IntAlu :  D=0x0000000000000140
5089000: system.cpu: T0 : 0x104d6    : c_mv a4, a5                : IntAlu :  D=0x0000000000000140
5089500: system.cpu: T0 : 0x104d8    : ld a5, -56(s0)             : MemRead :  D=0x0000000000071990 A=0x7ffffffffffffd68
5090000: system.cpu: T0 : 0x104dc    : add s3, a5, a4             : IntAlu :  D=0x0000000000071ad0
5090500: system.cpu: T0 : 0x104e0    : jal ra, 356                : IntAlu :  D=0x00000000000104e4
5091000: system.cpu: T0 : 0x10644    : c_addi sp, -16             : IntAlu :  D=0x7ffffffffffffd50
5091500: system.cpu: T0 : 0x10646    : c_sdsp s0, 8(sp)           : MemWrite :  D=0x7ffffffffffffda0 A=0x7ffffffffffffd58
5092000: system.cpu: T0 : 0x10648    : c_addi4spn s0, sp, 16      : IntAlu :  D=0x7ffffffffffffd60
5093000: system.cpu: T0 : 0x1064a    : auipc a5, 96               : IntAlu :  D=0x000000000007064a
5094000: system.cpu: T0 : 0x1064e    : ld a5, 446(a5)             : MemRead :  D=0x0000000000071988 A=0x70808
5094500: system.cpu: T0 : 0x10652    : c_lw a5, 0(a5)             : MemRead :  D=0x00000000000005d2 A=0x71988
5095000: system.cpu: T0 : 0x10654    : c_mv a4, a5                : IntAlu :  D=0x00000000000005d2
5095500: system.cpu: T0 : 0x10656    : c_mv a5, a4                : IntAlu :  D=0x00000000000005d2
5096000: system.cpu: T0 : 0x10658    : slliw a5, a5, 5            : IntAlu :  D=0x000000000000ba40
5096500: system.cpu: T0 : 0x1065c    : c_addw a5, a4              : IntAlu :  D=0x000000000000c012
5097500: system.cpu: T0 : 0x1065e    : slliw a5, a5, 2            : IntAlu :  D=0x0000000000030048
5098000: system.cpu: T0 : 0x10662    : c_addw a5, a4              : IntAlu :  D=0x000000000003061a
5098500: system.cpu: T0 : 0x10664    : c_addiw a5, 0              : IntAlu :  D=0x000000000003061a
5099500: system.cpu: T0 : 0x10666    : addiw a5, a5, 81           : IntAlu :  D=0x000000000003066b
5100000: system.cpu: T0 : 0x1066a    : c_addiw a5, 0              : IntAlu :  D=0x000000000003066b
5100500: system.cpu: T0 : 0x1066c    : c_mv a4, a5                : IntAlu :  D=0x000000000003066b
5101000: system.cpu: T0 : 0x1066e    : c_lui a5, 2                : IntAlu :  D=0x0000000000002000
5101500: system.cpu: T0 : 0x10670    : addiw a5, a5, -97          : IntAlu :  D=0x0000000000001f9f
5102000: system.cpu: T0 : 0x10674    : remw a5, a4, a5            : IntDiv :  D=0x0000000000000f83
5102500: system.cpu: T0 : 0x10678    : addiw a4, a5, 0            : IntAlu :  D=0x0000000000000f83
5103000: system.cpu: T0 : 0x1067c    : auipc a5, 96               : IntAlu :  D=0x000000000007067c
5103500: system.cpu: T0 : 0x10680    : ld a5, 396(a5)             : MemRead :  D=0x0000000000071988 A=0x70808
5104000: system.cpu: T0 : 0x10684    : c_sw a4, 0(a5)             : MemWrite :  D=0x0000000000000f83 A=0x71988
5105000: system.cpu: T0 : 0x10686    : auipc a5, 96               : IntAlu :  D=0x0000000000070686
5106000: system.cpu: T0 : 0x1068a    : ld a5, 386(a5)             : MemRead :  D=0x0000000000071988 A=0x70808
5106500: system.cpu: T0 : 0x1068e    : c_lw a5, 0(a5)             : MemRead :  D=0x0000000000000f83 A=0x71988
5107000: system.cpu: T0 : 0x10690    : c_mv a0, a5                : IntAlu :  D=0x0000000000000f83
5107500: system.cpu: T0 : 0x10692    : c_ldsp s0, 8(sp)           : MemRead :  D=0x7ffffffffffffda0 A=0x7ffffffffffffd58
5108000: system.cpu: T0 : 0x10694    : c_addi sp, 16              : IntAlu :  D=0x7ffffffffffffd60
5108500: system.cpu: T0 : 0x10696    : c_jr ra                    : IntAlu : 
5109000: system.cpu: T0 : 0x104e4    : c_mv a5, a0                : IntAlu :  D=0x0000000000000f83
5109500: system.cpu: T0 : 0x104e6    : c_mv a4, a5                : IntAlu :  D=0x0000000000000f83
5110000: system.cpu: T0 : 0x104e8    : slli a5, s1, 2             : IntAlu :  D=0x0000000000000020
5110500: system.cpu: T0 : 0x104ec    : c_add a5, s3               : IntAlu :  D=0x0000000000071af0
5111000: system.cpu: T0 : 0x104ee    : c_sw a4, 0(a5)             : MemWrite :  D=0x0000000000000f83 A=0x71af0
5111500: system.cpu: T0 : 0x104f0    : addiw a5, s1, 1            : IntAlu :  D=0x0000000000000009
5112000: system.cpu: T0 : 0x104f4    : addiw s1, a5, 0            : IntAlu :  D=0x0000000000000009
5112500: system.cpu: T0 : 0x104f8    : c_mv a4, s1                : IntAlu :  D=0x0000000000000009
5113000: system.cpu: T0 : 0x104fa    : c_li a5, 9                 : IntAlu :  D=0x0000000000000009
5113500: system.cpu: T0 : 0x104fc    : bge a5, a4, -48            : IntAlu : 
5114000: system.cpu: T0 : 0x104cc    : c_mv a4, s2                : IntAlu :  D=0x0000000000000008
5114500: system.cpu: T0 : 0x104ce    : c_mv a5, a4                : IntAlu :  D=0x0000000000000008
5115000: system.cpu: T0 : 0x104d0    : c_slli a5, 2               : IntAlu :  D=0x0000000000000020
5115500: system.cpu: T0 : 0x104d2    : c_add a5, a4               : IntAlu :  D=0x0000000000000028
5116000: system.cpu: T0 : 0x104d4    : c_slli a5, 3               : IntAlu :  D=0x0000000000000140
5116500: system.cpu: T0 : 0x104d6    : c_mv a4, a5                : IntAlu :  D=0x0000000000000140
5117000: system.cpu: T0 : 0x104d8    : ld a5, -56(s0)             : MemRead :  D=0x0000000000071990 A=0x7ffffffffffffd68
5117500: system.cpu: T0 : 0x104dc    : add s3, a5, a4             : IntAlu :  D=0x0000000000071ad0
5118000: system.cpu: T0 : 0x104e0    : jal ra, 356                : IntAlu :  D=0x00000000000104e4
5118500: system.cpu: T0 : 0x10644    : c_addi sp, -16             : IntAlu :  D=0x7ffffffffffffd50
5119000: system.cpu: T0 : 0x10646    : c_sdsp s0, 8(sp)           : MemWrite :  D=0x7ffffffffffffda0 A=0x7ffffffffffffd58
5119500: system.cpu: T0 : 0x10648    : c_addi4spn s0, sp, 16      : IntAlu :  D=0x7ffffffffffffd60
5120500: system.cpu: T0 : 0x1064a    : auipc a5, 96               : IntAlu :  D=0x000000000007064a
5121500: system.cpu: T0 : 0x1064e    : ld a5, 446(a5)             : MemRead :  D=0x0000000000071988 A=0x70808
5122000: system.cpu: T0 : 0x10652    : c_lw a5, 0(a5)             : MemRead :  D=0x0000000000000f83 A=0x71988
5122500: system.cpu: T0 : 0x10654    : c_mv a4, a5                : IntAlu :  D=0x0000000000000f83
5123000: system.cpu: T0 : 0x10656    : c_mv a5, a4                : IntAlu :  D=0x0000000000000f83
5123500: system.cpu: T0 : 0x10658    : slliw a5, a5, 5            : IntAlu :  D=0x000000000001f060
5124000: system.cpu: T0 : 0x1065c    : c_addw a5, a4              : IntAlu :  D=0x000000000001ffe3
5125000: system.cpu: T0 : 0x1065e    : slliw a5, a5, 2            : IntAlu :  D=0x000000000007ff8c
5125500: system.cpu: T0 : 0x10662    : c_addw a5, a4              : IntAlu :  D=0x0000000000080f0f
5126000: system.cpu: T0 : 0x10664    : c_addiw a5, 0              : IntAlu :  D=0x0000000000080f0f
5127000: system.cpu: T0 : 0x10666    : addiw a5, a5, 81           : IntAlu :  D=0x0000000000080f60
5127500: system.cpu: T0 : 0x1066a    : c_addiw a5, 0              : IntAlu :  D=0x0000000000080f60
5128000: system.cpu: T0 : 0x1066c    : c_mv a4, a5                : IntAlu :  D=0x0000000000080f60
5128500: system.cpu: T0 : 0x1066e    : c_lui a5, 2                : IntAlu :  D=0x0000000000002000
5129000: system.cpu: T0 : 0x10670    : addiw a5, a5, -97          : IntAlu :  D=0x0000000000001f9f
5129500: system.cpu: T0 : 0x10674    : remw a5, a4, a5            : IntDiv :  D=0x0000000000000801
5130000: system.cpu: T0 : 0x10678    : addiw a4, a5, 0            : IntAlu :  D=0x0000000000000801
5130500: system.cpu: T0 : 0x1067c    : auipc a5, 96               : IntAlu :  D=0x000000000007067c
5131000: system.cpu: T0 : 0x10680    : ld a5, 396(a5)             : MemRead :  D=0x0000000000071988 A=0x70808
5131500: system.cpu: T0 : 0x10684    : c_sw a4, 0(a5)             : MemWrite :  D=0x0000000000000801 A=0x71988
5132500: system.cpu: T0 : 0x10686    : auipc a5, 96               : IntAlu :  D=0x0000000000070686
5133500: system.cpu: T0 : 0x1068a    : ld a5, 386(a5)             : MemRead :  D=0x0000000000071988 A=0x70808
5134000: system.cpu: T0 : 0x1068e    : c_lw a5, 0(a5)             : MemRead :  D=0x0000000000000801 A=0x71988
5134500: system.cpu: T0 : 0x10690    : c_mv a0, a5                : IntAlu :  D=0x0000000000000801
5135000: system.cpu: T0 : 0x10692    : c_ldsp s0, 8(sp)           : MemRead :  D=0x7ffffffffffffda0 A=0x7ffffffffffffd58
5135500: system.cpu: T0 : 0x10694    : c_addi sp, 16              : IntAlu :  D=0x7ffffffffffffd60
5136000: system.cpu: T0 : 0x10696    : c_jr ra                    : IntAlu : 
5136500: system.cpu: T0 : 0x104e4    : c_mv a5, a0                : IntAlu :  D=0x0000000000000801
5137000: system.cpu: T0 : 0x104e6    : c_mv a4, a5                : IntAlu :  D=0x0000000000000801
5137500: system.cpu: T0 : 0x104e8    : slli a5, s1, 2             : IntAlu :  D=0x0000000000000024
5138000: system.cpu: T0 : 0x104ec    : c_add a5, s3               : IntAlu :  D=0x0000000000071af4
5138500: system.cpu: T0 : 0x104ee    : c_sw a4, 0(a5)             : MemWrite :  D=0x0000000000000801 A=0x71af4
5139000: system.cpu: T0 : 0x104f0    : addiw a5, s1, 1            : IntAlu :  D=0x000000000000000a
5139500: system.cpu: T0 : 0x104f4    : addiw s1, a5, 0            : IntAlu :  D=0x000000000000000a
5140000: system.cpu: T0 : 0x104f8    : c_mv a4, s1                : IntAlu :  D=0x000000000000000a
5140500: system.cpu: T0 : 0x104fa    : c_li a5, 9                 : IntAlu :  D=0x0000000000000009
5141000: system.cpu: T0 : 0x104fc    : bge a5, a4, -48            : IntAlu : 
5141500: system.cpu: T0 : 0x10500    : addiw a5, s2, 1            : IntAlu :  D=0x0000000000000009
5142000: system.cpu: T0 : 0x10504    : addiw s2, a5, 0            : IntAlu :  D=0x0000000000000009
5142500: system.cpu: T0 : 0x10508    : c_mv a4, s2                : IntAlu :  D=0x0000000000000009
5143000: system.cpu: T0 : 0x1050a    : c_li a5, 9                 : IntAlu :  D=0x0000000000000009
5143500: system.cpu: T0 : 0x1050c    : bge a5, a4, -68            : IntAlu : 
5144000: system.cpu: T0 : 0x104c8    : c_li s1, 0                 : IntAlu :  D=0x0000000000000000
5144500: system.cpu: T0 : 0x104ca    : c_j 46                     : IntAlu : 
5145000: system.cpu: T0 : 0x104f8    : c_mv a4, s1                : IntAlu :  D=0x0000000000000000
5145500: system.cpu: T0 : 0x104fa    : c_li a5, 9                 : IntAlu :  D=0x0000000000000009
5146000: system.cpu: T0 : 0x104fc    : bge a5, a4, -48            : IntAlu : 
5146500: system.cpu: T0 : 0x104cc    : c_mv a4, s2                : IntAlu :  D=0x0000000000000009
5147000: system.cpu: T0 : 0x104ce    : c_mv a5, a4                : IntAlu :  D=0x0000000000000009
5147500: system.cpu: T0 : 0x104d0    : c_slli a5, 2               : IntAlu :  D=0x0000000000000024
5148000: system.cpu: T0 : 0x104d2    : c_add a5, a4               : IntAlu :  D=0x000000000000002d
5148500: system.cpu: T0 : 0x104d4    : c_slli a5, 3               : IntAlu :  D=0x0000000000000168
5149000: system.cpu: T0 : 0x104d6    : c_mv a4, a5                : IntAlu :  D=0x0000000000000168
5149500: system.cpu: T0 : 0x104d8    : ld a5, -56(s0)             : MemRead :  D=0x0000000000071990 A=0x7ffffffffffffd68
5150000: system.cpu: T0 : 0x104dc    : add s3, a5, a4             : IntAlu :  D=0x0000000000071af8
5150500: system.cpu: T0 : 0x104e0    : jal ra, 356                : IntAlu :  D=0x00000000000104e4
5151000: system.cpu: T0 : 0x10644    : c_addi sp, -16             : IntAlu :  D=0x7ffffffffffffd50
5151500: system.cpu: T0 : 0x10646    : c_sdsp s0, 8(sp)           : MemWrite :  D=0x7ffffffffffffda0 A=0x7ffffffffffffd58
5152000: system.cpu: T0 : 0x10648    : c_addi4spn s0, sp, 16      : IntAlu :  D=0x7ffffffffffffd60
5153000: system.cpu: T0 : 0x1064a    : auipc a5, 96               : IntAlu :  D=0x000000000007064a
5154000: system.cpu: T0 : 0x1064e    : ld a5, 446(a5)             : MemRead :  D=0x0000000000071988 A=0x70808
5154500: system.cpu: T0 : 0x10652    : c_lw a5, 0(a5)             : MemRead :  D=0x0000000000000801 A=0x71988
5155000: system.cpu: T0 : 0x10654    : c_mv a4, a5                : IntAlu :  D=0x0000000000000801
5155500: system.cpu: T0 : 0x10656    : c_mv a5, a4                : IntAlu :  D=0x0000000000000801
5156000: system.cpu: T0 : 0x10658    : slliw a5, a5, 5            : IntAlu :  D=0x0000000000010020
5156500: system.cpu: T0 : 0x1065c    : c_addw a5, a4              : IntAlu :  D=0x0000000000010821
5157500: system.cpu: T0 : 0x1065e    : slliw a5, a5, 2            : IntAlu :  D=0x0000000000042084
5158000: system.cpu: T0 : 0x10662    : c_addw a5, a4              : IntAlu :  D=0x0000000000042885
5158500: system.cpu: T0 : 0x10664    : c_addiw a5, 0              : IntAlu :  D=0x0000000000042885
5159500: system.cpu: T0 : 0x10666    : addiw a5, a5, 81           : IntAlu :  D=0x00000000000428d6
5160000: system.cpu: T0 : 0x1066a    : c_addiw a5, 0              : IntAlu :  D=0x00000000000428d6
5160500: system.cpu: T0 : 0x1066c    : c_mv a4, a5                : IntAlu :  D=0x00000000000428d6
5161000: system.cpu: T0 : 0x1066e    : c_lui a5, 2                : IntAlu :  D=0x0000000000002000
5161500: system.cpu: T0 : 0x10670    : addiw a5, a5, -97          : IntAlu :  D=0x0000000000001f9f
5162000: system.cpu: T0 : 0x10674    : remw a5, a4, a5            : IntDiv :  D=0x0000000000001557
5162500: system.cpu: T0 : 0x10678    : addiw a4, a5, 0            : IntAlu :  D=0x0000000000001557
5163000: system.cpu: T0 : 0x1067c    : auipc a5, 96               : IntAlu :  D=0x000000000007067c
5163500: system.cpu: T0 : 0x10680    : ld a5, 396(a5)             : MemRead :  D=0x0000000000071988 A=0x70808
5164000: system.cpu: T0 : 0x10684    : c_sw a4, 0(a5)             : MemWrite :  D=0x0000000000001557 A=0x71988
5165000: system.cpu: T0 : 0x10686    : auipc a5, 96               : IntAlu :  D=0x0000000000070686
5166000: system.cpu: T0 : 0x1068a    : ld a5, 386(a5)             : MemRead :  D=0x0000000000071988 A=0x70808
5166500: system.cpu: T0 : 0x1068e    : c_lw a5, 0(a5)             : MemRead :  D=0x0000000000001557 A=0x71988
5167000: system.cpu: T0 : 0x10690    : c_mv a0, a5                : IntAlu :  D=0x0000000000001557
5167500: system.cpu: T0 : 0x10692    : c_ldsp s0, 8(sp)           : MemRead :  D=0x7ffffffffffffda0 A=0x7ffffffffffffd58
5168000: system.cpu: T0 : 0x10694    : c_addi sp, 16              : IntAlu :  D=0x7ffffffffffffd60
5168500: system.cpu: T0 : 0x10696    : c_jr ra                    : IntAlu : 
5169000: system.cpu: T0 : 0x104e4    : c_mv a5, a0                : IntAlu :  D=0x0000000000001557
5169500: system.cpu: T0 : 0x104e6    : c_mv a4, a5                : IntAlu :  D=0x0000000000001557
5170000: system.cpu: T0 : 0x104e8    : slli a5, s1, 2             : IntAlu :  D=0x0000000000000000
5170500: system.cpu: T0 : 0x104ec    : c_add a5, s3               : IntAlu :  D=0x0000000000071af8
5171000: system.cpu: T0 : 0x104ee    : c_sw a4, 0(a5)             : MemWrite :  D=0x0000000000001557 A=0x71af8
5171500: system.cpu: T0 : 0x104f0    : addiw a5, s1, 1            : IntAlu :  D=0x0000000000000001
5172000: system.cpu: T0 : 0x104f4    : addiw s1, a5, 0            : IntAlu :  D=0x0000000000000001
5172500: system.cpu: T0 : 0x104f8    : c_mv a4, s1                : IntAlu :  D=0x0000000000000001
5173000: system.cpu: T0 : 0x104fa    : c_li a5, 9                 : IntAlu :  D=0x0000000000000009
5173500: system.cpu: T0 : 0x104fc    : bge a5, a4, -48            : IntAlu : 
5174000: system.cpu: T0 : 0x104cc    : c_mv a4, s2                : IntAlu :  D=0x0000000000000009
5174500: system.cpu: T0 : 0x104ce    : c_mv a5, a4                : IntAlu :  D=0x0000000000000009
5175000: system.cpu: T0 : 0x104d0    : c_slli a5, 2               : IntAlu :  D=0x0000000000000024
5175500: system.cpu: T0 : 0x104d2    : c_add a5, a4               : IntAlu :  D=0x000000000000002d
5176000: system.cpu: T0 : 0x104d4    : c_slli a5, 3               : IntAlu :  D=0x0000000000000168
5176500: system.cpu: T0 : 0x104d6    : c_mv a4, a5                : IntAlu :  D=0x0000000000000168
5177000: system.cpu: T0 : 0x104d8    : ld a5, -56(s0)             : MemRead :  D=0x0000000000071990 A=0x7ffffffffffffd68
5177500: system.cpu: T0 : 0x104dc    : add s3, a5, a4             : IntAlu :  D=0x0000000000071af8
5178000: system.cpu: T0 : 0x104e0    : jal ra, 356                : IntAlu :  D=0x00000000000104e4
5178500: system.cpu: T0 : 0x10644    : c_addi sp, -16             : IntAlu :  D=0x7ffffffffffffd50
5179000: system.cpu: T0 : 0x10646    : c_sdsp s0, 8(sp)           : MemWrite :  D=0x7ffffffffffffda0 A=0x7ffffffffffffd58
5179500: system.cpu: T0 : 0x10648    : c_addi4spn s0, sp, 16      : IntAlu :  D=0x7ffffffffffffd60
5180500: system.cpu: T0 : 0x1064a    : auipc a5, 96               : IntAlu :  D=0x000000000007064a
5181500: system.cpu: T0 : 0x1064e    : ld a5, 446(a5)             : MemRead :  D=0x0000000000071988 A=0x70808
5182000: system.cpu: T0 : 0x10652    : c_lw a5, 0(a5)             : MemRead :  D=0x0000000000001557 A=0x71988
5182500: system.cpu: T0 : 0x10654    : c_mv a4, a5                : IntAlu :  D=0x0000000000001557
5183000: system.cpu: T0 : 0x10656    : c_mv a5, a4                : IntAlu :  D=0x0000000000001557
5183500: system.cpu: T0 : 0x10658    : slliw a5, a5, 5            : IntAlu :  D=0x000000000002aae0
5184000: system.cpu: T0 : 0x1065c    : c_addw a5, a4              : IntAlu :  D=0x000000000002c037
5185000: system.cpu: T0 : 0x1065e    : slliw a5, a5, 2            : IntAlu :  D=0x00000000000b00dc
5185500: system.cpu: T0 : 0x10662    : c_addw a5, a4              : IntAlu :  D=0x00000000000b1633
5186000: system.cpu: T0 : 0x10664    : c_addiw a5, 0              : IntAlu :  D=0x00000000000b1633
5187000: system.cpu: T0 : 0x10666    : addiw a5, a5, 81           : IntAlu :  D=0x00000000000b1684
5187500: system.cpu: T0 : 0x1066a    : c_addiw a5, 0              : IntAlu :  D=0x00000000000b1684
5188000: system.cpu: T0 : 0x1066c    : c_mv a4, a5                : IntAlu :  D=0x00000000000b1684
5188500: system.cpu: T0 : 0x1066e    : c_lui a5, 2                : IntAlu :  D=0x0000000000002000
5189000: system.cpu: T0 : 0x10670    : addiw a5, a5, -97          : IntAlu :  D=0x0000000000001f9f
5189500: system.cpu: T0 : 0x10674    : remw a5, a4, a5            : IntDiv :  D=0x000000000000183d
5190000: system.cpu: T0 : 0x10678    : addiw a4, a5, 0            : IntAlu :  D=0x000000000000183d
5190500: system.cpu: T0 : 0x1067c    : auipc a5, 96               : IntAlu :  D=0x000000000007067c
5191000: system.cpu: T0 : 0x10680    : ld a5, 396(a5)             : MemRead :  D=0x0000000000071988 A=0x70808
5191500: system.cpu: T0 : 0x10684    : c_sw a4, 0(a5)             : MemWrite :  D=0x000000000000183d A=0x71988
5192500: system.cpu: T0 : 0x10686    : auipc a5, 96               : IntAlu :  D=0x0000000000070686
5193500: system.cpu: T0 : 0x1068a    : ld a5, 386(a5)             : MemRead :  D=0x0000000000071988 A=0x70808
5194000: system.cpu: T0 : 0x1068e    : c_lw a5, 0(a5)             : MemRead :  D=0x000000000000183d A=0x71988
5194500: system.cpu: T0 : 0x10690    : c_mv a0, a5                : IntAlu :  D=0x000000000000183d
5195000: system.cpu: T0 : 0x10692    : c_ldsp s0, 8(sp)           : MemRead :  D=0x7ffffffffffffda0 A=0x7ffffffffffffd58
5195500: system.cpu: T0 : 0x10694    : c_addi sp, 16              : IntAlu :  D=0x7ffffffffffffd60
5196000: system.cpu: T0 : 0x10696    : c_jr ra                    : IntAlu : 
5196500: system.cpu: T0 : 0x104e4    : c_mv a5, a0                : IntAlu :  D=0x000000000000183d
5197000: system.cpu: T0 : 0x104e6    : c_mv a4, a5                : IntAlu :  D=0x000000000000183d
5197500: system.cpu: T0 : 0x104e8    : slli a5, s1, 2             : IntAlu :  D=0x0000000000000004
5198000: system.cpu: T0 : 0x104ec    : c_add a5, s3               : IntAlu :  D=0x0000000000071afc
5198500: system.cpu: T0 : 0x104ee    : c_sw a4, 0(a5)             : MemWrite :  D=0x000000000000183d A=0x71afc
5199000: system.cpu: T0 : 0x104f0    : addiw a5, s1, 1            : IntAlu :  D=0x0000000000000002
5199500: system.cpu: T0 : 0x104f4    : addiw s1, a5, 0            : IntAlu :  D=0x0000000000000002
5200000: system.cpu: T0 : 0x104f8    : c_mv a4, s1                : IntAlu :  D=0x0000000000000002
5200500: system.cpu: T0 : 0x104fa    : c_li a5, 9                 : IntAlu :  D=0x0000000000000009
5201000: system.cpu: T0 : 0x104fc    : bge a5, a4, -48            : IntAlu : 
5201500: system.cpu: T0 : 0x104cc    : c_mv a4, s2                : IntAlu :  D=0x0000000000000009
5202000: system.cpu: T0 : 0x104ce    : c_mv a5, a4                : IntAlu :  D=0x0000000000000009
5202500: system.cpu: T0 : 0x104d0    : c_slli a5, 2               : IntAlu :  D=0x0000000000000024
5203000: system.cpu: T0 : 0x104d2    : c_add a5, a4               : IntAlu :  D=0x000000000000002d
5203500: system.cpu: T0 : 0x104d4    : c_slli a5, 3               : IntAlu :  D=0x0000000000000168
5204000: system.cpu: T0 : 0x104d6    : c_mv a4, a5                : IntAlu :  D=0x0000000000000168
5204500: system.cpu: T0 : 0x104d8    : ld a5, -56(s0)             : MemRead :  D=0x0000000000071990 A=0x7ffffffffffffd68
5205000: system.cpu: T0 : 0x104dc    : add s3, a5, a4             : IntAlu :  D=0x0000000000071af8
5205500: system.cpu: T0 : 0x104e0    : jal ra, 356                : IntAlu :  D=0x00000000000104e4
5206000: system.cpu: T0 : 0x10644    : c_addi sp, -16             : IntAlu :  D=0x7ffffffffffffd50
5206500: system.cpu: T0 : 0x10646    : c_sdsp s0, 8(sp)           : MemWrite :  D=0x7ffffffffffffda0 A=0x7ffffffffffffd58
5207000: system.cpu: T0 : 0x10648    : c_addi4spn s0, sp, 16      : IntAlu :  D=0x7ffffffffffffd60
5208000: system.cpu: T0 : 0x1064a    : auipc a5, 96               : IntAlu :  D=0x000000000007064a
5209000: system.cpu: T0 : 0x1064e    : ld a5, 446(a5)             : MemRead :  D=0x0000000000071988 A=0x70808
5209500: system.cpu: T0 : 0x10652    : c_lw a5, 0(a5)             : MemRead :  D=0x000000000000183d A=0x71988
5210000: system.cpu: T0 : 0x10654    : c_mv a4, a5                : IntAlu :  D=0x000000000000183d
5210500: system.cpu: T0 : 0x10656    : c_mv a5, a4                : IntAlu :  D=0x000000000000183d
5211000: system.cpu: T0 : 0x10658    : slliw a5, a5, 5            : IntAlu :  D=0x00000000000307a0
5211500: system.cpu: T0 : 0x1065c    : c_addw a5, a4              : IntAlu :  D=0x0000000000031fdd
5212500: system.cpu: T0 : 0x1065e    : slliw a5, a5, 2            : IntAlu :  D=0x00000000000c7f74
5213000: system.cpu: T0 : 0x10662    : c_addw a5, a4              : IntAlu :  D=0x00000000000c97b1
5213500: system.cpu: T0 : 0x10664    : c_addiw a5, 0              : IntAlu :  D=0x00000000000c97b1
5214500: system.cpu: T0 : 0x10666    : addiw a5, a5, 81           : IntAlu :  D=0x00000000000c9802
5215000: system.cpu: T0 : 0x1066a    : c_addiw a5, 0              : IntAlu :  D=0x00000000000c9802
5215500: system.cpu: T0 : 0x1066c    : c_mv a4, a5                : IntAlu :  D=0x00000000000c9802
5216000: system.cpu: T0 : 0x1066e    : c_lui a5, 2                : IntAlu :  D=0x0000000000002000
5216500: system.cpu: T0 : 0x10670    : addiw a5, a5, -97          : IntAlu :  D=0x0000000000001f9f
5217000: system.cpu: T0 : 0x10674    : remw a5, a4, a5            : IntDiv :  D=0x0000000000001e47
5217500: system.cpu: T0 : 0x10678    : addiw a4, a5, 0            : IntAlu :  D=0x0000000000001e47
5218000: system.cpu: T0 : 0x1067c    : auipc a5, 96               : IntAlu :  D=0x000000000007067c
5218500: system.cpu: T0 : 0x10680    : ld a5, 396(a5)             : MemRead :  D=0x0000000000071988 A=0x70808
5219000: system.cpu: T0 : 0x10684    : c_sw a4, 0(a5)             : MemWrite :  D=0x0000000000001e47 A=0x71988
5220000: system.cpu: T0 : 0x10686    : auipc a5, 96               : IntAlu :  D=0x0000000000070686
5221000: system.cpu: T0 : 0x1068a    : ld a5, 386(a5)             : MemRead :  D=0x0000000000071988 A=0x70808
5221500: system.cpu: T0 : 0x1068e    : c_lw a5, 0(a5)             : MemRead :  D=0x0000000000001e47 A=0x71988
5222000: system.cpu: T0 : 0x10690    : c_mv a0, a5                : IntAlu :  D=0x0000000000001e47
5222500: system.cpu: T0 : 0x10692    : c_ldsp s0, 8(sp)           : MemRead :  D=0x7ffffffffffffda0 A=0x7ffffffffffffd58
5223000: system.cpu: T0 : 0x10694    : c_addi sp, 16              : IntAlu :  D=0x7ffffffffffffd60
5223500: system.cpu: T0 : 0x10696    : c_jr ra                    : IntAlu : 
5224000: system.cpu: T0 : 0x104e4    : c_mv a5, a0                : IntAlu :  D=0x0000000000001e47
5224500: system.cpu: T0 : 0x104e6    : c_mv a4, a5                : IntAlu :  D=0x0000000000001e47
5225000: system.cpu: T0 : 0x104e8    : slli a5, s1, 2             : IntAlu :  D=0x0000000000000008
5225500: system.cpu: T0 : 0x104ec    : c_add a5, s3               : IntAlu :  D=0x0000000000071b00
5226000: system.cpu: T0 : 0x104ee    : c_sw a4, 0(a5)             : MemWrite :  D=0x0000000000001e47 A=0x71b00
5226500: system.cpu: T0 : 0x104f0    : addiw a5, s1, 1            : IntAlu :  D=0x0000000000000003
5227000: system.cpu: T0 : 0x104f4    : addiw s1, a5, 0            : IntAlu :  D=0x0000000000000003
5227500: system.cpu: T0 : 0x104f8    : c_mv a4, s1                : IntAlu :  D=0x0000000000000003
5228000: system.cpu: T0 : 0x104fa    : c_li a5, 9                 : IntAlu :  D=0x0000000000000009
5228500: system.cpu: T0 : 0x104fc    : bge a5, a4, -48            : IntAlu : 
5229000: system.cpu: T0 : 0x104cc    : c_mv a4, s2                : IntAlu :  D=0x0000000000000009
5229500: system.cpu: T0 : 0x104ce    : c_mv a5, a4                : IntAlu :  D=0x0000000000000009
5230000: system.cpu: T0 : 0x104d0    : c_slli a5, 2               : IntAlu :  D=0x0000000000000024
5230500: system.cpu: T0 : 0x104d2    : c_add a5, a4               : IntAlu :  D=0x000000000000002d
5231000: system.cpu: T0 : 0x104d4    : c_slli a5, 3               : IntAlu :  D=0x0000000000000168
5231500: system.cpu: T0 : 0x104d6    : c_mv a4, a5                : IntAlu :  D=0x0000000000000168
5232000: system.cpu: T0 : 0x104d8    : ld a5, -56(s0)             : MemRead :  D=0x0000000000071990 A=0x7ffffffffffffd68
5232500: system.cpu: T0 : 0x104dc    : add s3, a5, a4             : IntAlu :  D=0x0000000000071af8
5233000: system.cpu: T0 : 0x104e0    : jal ra, 356                : IntAlu :  D=0x00000000000104e4
5233500: system.cpu: T0 : 0x10644    : c_addi sp, -16             : IntAlu :  D=0x7ffffffffffffd50
5234000: system.cpu: T0 : 0x10646    : c_sdsp s0, 8(sp)           : MemWrite :  D=0x7ffffffffffffda0 A=0x7ffffffffffffd58
5234500: system.cpu: T0 : 0x10648    : c_addi4spn s0, sp, 16      : IntAlu :  D=0x7ffffffffffffd60
5235500: system.cpu: T0 : 0x1064a    : auipc a5, 96               : IntAlu :  D=0x000000000007064a
5236500: system.cpu: T0 : 0x1064e    : ld a5, 446(a5)             : MemRead :  D=0x0000000000071988 A=0x70808
5237000: system.cpu: T0 : 0x10652    : c_lw a5, 0(a5)             : MemRead :  D=0x0000000000001e47 A=0x71988
5237500: system.cpu: T0 : 0x10654    : c_mv a4, a5                : IntAlu :  D=0x0000000000001e47
5238000: system.cpu: T0 : 0x10656    : c_mv a5, a4                : IntAlu :  D=0x0000000000001e47
5238500: system.cpu: T0 : 0x10658    : slliw a5, a5, 5            : IntAlu :  D=0x000000000003c8e0
5239000: system.cpu: T0 : 0x1065c    : c_addw a5, a4              : IntAlu :  D=0x000000000003e727
5240000: system.cpu: T0 : 0x1065e    : slliw a5, a5, 2            : IntAlu :  D=0x00000000000f9c9c
5240500: system.cpu: T0 : 0x10662    : c_addw a5, a4              : IntAlu :  D=0x00000000000fbae3
5241000: system.cpu: T0 : 0x10664    : c_addiw a5, 0              : IntAlu :  D=0x00000000000fbae3
5242000: system.cpu: T0 : 0x10666    : addiw a5, a5, 81           : IntAlu :  D=0x00000000000fbb34
5242500: system.cpu: T0 : 0x1066a    : c_addiw a5, 0              : IntAlu :  D=0x00000000000fbb34
5243000: system.cpu: T0 : 0x1066c    : c_mv a4, a5                : IntAlu :  D=0x00000000000fbb34
5243500: system.cpu: T0 : 0x1066e    : c_lui a5, 2                : IntAlu :  D=0x0000000000002000
5244000: system.cpu: T0 : 0x10670    : addiw a5, a5, -97          : IntAlu :  D=0x0000000000001f9f
5244500: system.cpu: T0 : 0x10674    : remw a5, a4, a5            : IntDiv :  D=0x0000000000000b53
5245000: system.cpu: T0 : 0x10678    : addiw a4, a5, 0            : IntAlu :  D=0x0000000000000b53
5245500: system.cpu: T0 : 0x1067c    : auipc a5, 96               : IntAlu :  D=0x000000000007067c
5246000: system.cpu: T0 : 0x10680    : ld a5, 396(a5)             : MemRead :  D=0x0000000000071988 A=0x70808
5246500: system.cpu: T0 : 0x10684    : c_sw a4, 0(a5)             : MemWrite :  D=0x0000000000000b53 A=0x71988
5247500: system.cpu: T0 : 0x10686    : auipc a5, 96               : IntAlu :  D=0x0000000000070686
5248500: system.cpu: T0 : 0x1068a    : ld a5, 386(a5)             : MemRead :  D=0x0000000000071988 A=0x70808
5249000: system.cpu: T0 : 0x1068e    : c_lw a5, 0(a5)             : MemRead :  D=0x0000000000000b53 A=0x71988
5249500: system.cpu: T0 : 0x10690    : c_mv a0, a5                : IntAlu :  D=0x0000000000000b53
5250000: system.cpu: T0 : 0x10692    : c_ldsp s0, 8(sp)           : MemRead :  D=0x7ffffffffffffda0 A=0x7ffffffffffffd58
5250500: system.cpu: T0 : 0x10694    : c_addi sp, 16              : IntAlu :  D=0x7ffffffffffffd60
5251000: system.cpu: T0 : 0x10696    : c_jr ra                    : IntAlu : 
5251500: system.cpu: T0 : 0x104e4    : c_mv a5, a0                : IntAlu :  D=0x0000000000000b53
5252000: system.cpu: T0 : 0x104e6    : c_mv a4, a5                : IntAlu :  D=0x0000000000000b53
5252500: system.cpu: T0 : 0x104e8    : slli a5, s1, 2             : IntAlu :  D=0x000000000000000c
5253000: system.cpu: T0 : 0x104ec    : c_add a5, s3               : IntAlu :  D=0x0000000000071b04
5253500: system.cpu: T0 : 0x104ee    : c_sw a4, 0(a5)             : MemWrite :  D=0x0000000000000b53 A=0x71b04
5254000: system.cpu: T0 : 0x104f0    : addiw a5, s1, 1            : IntAlu :  D=0x0000000000000004
5254500: system.cpu: T0 : 0x104f4    : addiw s1, a5, 0            : IntAlu :  D=0x0000000000000004
5255000: system.cpu: T0 : 0x104f8    : c_mv a4, s1                : IntAlu :  D=0x0000000000000004
5255500: system.cpu: T0 : 0x104fa    : c_li a5, 9                 : IntAlu :  D=0x0000000000000009
5256000: system.cpu: T0 : 0x104fc    : bge a5, a4, -48            : IntAlu : 
5256500: system.cpu: T0 : 0x104cc    : c_mv a4, s2                : IntAlu :  D=0x0000000000000009
5257000: system.cpu: T0 : 0x104ce    : c_mv a5, a4                : IntAlu :  D=0x0000000000000009
5257500: system.cpu: T0 : 0x104d0    : c_slli a5, 2               : IntAlu :  D=0x0000000000000024
5258000: system.cpu: T0 : 0x104d2    : c_add a5, a4               : IntAlu :  D=0x000000000000002d
5258500: system.cpu: T0 : 0x104d4    : c_slli a5, 3               : IntAlu :  D=0x0000000000000168
5259000: system.cpu: T0 : 0x104d6    : c_mv a4, a5                : IntAlu :  D=0x0000000000000168
5259500: system.cpu: T0 : 0x104d8    : ld a5, -56(s0)             : MemRead :  D=0x0000000000071990 A=0x7ffffffffffffd68
5260000: system.cpu: T0 : 0x104dc    : add s3, a5, a4             : IntAlu :  D=0x0000000000071af8
5260500: system.cpu: T0 : 0x104e0    : jal ra, 356                : IntAlu :  D=0x00000000000104e4
5261000: system.cpu: T0 : 0x10644    : c_addi sp, -16             : IntAlu :  D=0x7ffffffffffffd50
5261500: system.cpu: T0 : 0x10646    : c_sdsp s0, 8(sp)           : MemWrite :  D=0x7ffffffffffffda0 A=0x7ffffffffffffd58
5262000: system.cpu: T0 : 0x10648    : c_addi4spn s0, sp, 16      : IntAlu :  D=0x7ffffffffffffd60
5263000: system.cpu: T0 : 0x1064a    : auipc a5, 96               : IntAlu :  D=0x000000000007064a
5264000: system.cpu: T0 : 0x1064e    : ld a5, 446(a5)             : MemRead :  D=0x0000000000071988 A=0x70808
5264500: system.cpu: T0 : 0x10652    : c_lw a5, 0(a5)             : MemRead :  D=0x0000000000000b53 A=0x71988
5265000: system.cpu: T0 : 0x10654    : c_mv a4, a5                : IntAlu :  D=0x0000000000000b53
5265500: system.cpu: T0 : 0x10656    : c_mv a5, a4                : IntAlu :  D=0x0000000000000b53
5266000: system.cpu: T0 : 0x10658    : slliw a5, a5, 5            : IntAlu :  D=0x0000000000016a60
5266500: system.cpu: T0 : 0x1065c    : c_addw a5, a4              : IntAlu :  D=0x00000000000175b3
5267500: system.cpu: T0 : 0x1065e    : slliw a5, a5, 2            : IntAlu :  D=0x000000000005d6cc
5268000: system.cpu: T0 : 0x10662    : c_addw a5, a4              : IntAlu :  D=0x000000000005e21f
5268500: system.cpu: T0 : 0x10664    : c_addiw a5, 0              : IntAlu :  D=0x000000000005e21f
5269500: system.cpu: T0 : 0x10666    : addiw a5, a5, 81           : IntAlu :  D=0x000000000005e270
5270000: system.cpu: T0 : 0x1066a    : c_addiw a5, 0              : IntAlu :  D=0x000000000005e270
5270500: system.cpu: T0 : 0x1066c    : c_mv a4, a5                : IntAlu :  D=0x000000000005e270
5271000: system.cpu: T0 : 0x1066e    : c_lui a5, 2                : IntAlu :  D=0x0000000000002000
5271500: system.cpu: T0 : 0x10670    : addiw a5, a5, -97          : IntAlu :  D=0x0000000000001f9f
5272000: system.cpu: T0 : 0x10674    : remw a5, a4, a5            : IntDiv :  D=0x000000000000143f
5272500: system.cpu: T0 : 0x10678    : addiw a4, a5, 0            : IntAlu :  D=0x000000000000143f
5273000: system.cpu: T0 : 0x1067c    : auipc a5, 96               : IntAlu :  D=0x000000000007067c
5273500: system.cpu: T0 : 0x10680    : ld a5, 396(a5)             : MemRead :  D=0x0000000000071988 A=0x70808
5274000: system.cpu: T0 : 0x10684    : c_sw a4, 0(a5)             : MemWrite :  D=0x000000000000143f A=0x71988
5275000: system.cpu: T0 : 0x10686    : auipc a5, 96               : IntAlu :  D=0x0000000000070686
5276000: system.cpu: T0 : 0x1068a    : ld a5, 386(a5)             : MemRead :  D=0x0000000000071988 A=0x70808
5276500: system.cpu: T0 : 0x1068e    : c_lw a5, 0(a5)             : MemRead :  D=0x000000000000143f A=0x71988
5277000: system.cpu: T0 : 0x10690    : c_mv a0, a5                : IntAlu :  D=0x000000000000143f
5277500: system.cpu: T0 : 0x10692    : c_ldsp s0, 8(sp)           : MemRead :  D=0x7ffffffffffffda0 A=0x7ffffffffffffd58
5278000: system.cpu: T0 : 0x10694    : c_addi sp, 16              : IntAlu :  D=0x7ffffffffffffd60
5278500: system.cpu: T0 : 0x10696    : c_jr ra                    : IntAlu : 
5279000: system.cpu: T0 : 0x104e4    : c_mv a5, a0                : IntAlu :  D=0x000000000000143f
5279500: system.cpu: T0 : 0x104e6    : c_mv a4, a5                : IntAlu :  D=0x000000000000143f
5280000: system.cpu: T0 : 0x104e8    : slli a5, s1, 2             : IntAlu :  D=0x0000000000000010
5280500: system.cpu: T0 : 0x104ec    : c_add a5, s3               : IntAlu :  D=0x0000000000071b08
5281000: system.cpu: T0 : 0x104ee    : c_sw a4, 0(a5)             : MemWrite :  D=0x000000000000143f A=0x71b08
5281500: system.cpu: T0 : 0x104f0    : addiw a5, s1, 1            : IntAlu :  D=0x0000000000000005
5282000: system.cpu: T0 : 0x104f4    : addiw s1, a5, 0            : IntAlu :  D=0x0000000000000005
5282500: system.cpu: T0 : 0x104f8    : c_mv a4, s1                : IntAlu :  D=0x0000000000000005
5283000: system.cpu: T0 : 0x104fa    : c_li a5, 9                 : IntAlu :  D=0x0000000000000009
5283500: system.cpu: T0 : 0x104fc    : bge a5, a4, -48            : IntAlu : 
5284000: system.cpu: T0 : 0x104cc    : c_mv a4, s2                : IntAlu :  D=0x0000000000000009
5284500: system.cpu: T0 : 0x104ce    : c_mv a5, a4                : IntAlu :  D=0x0000000000000009
5285000: system.cpu: T0 : 0x104d0    : c_slli a5, 2               : IntAlu :  D=0x0000000000000024
5285500: system.cpu: T0 : 0x104d2    : c_add a5, a4               : IntAlu :  D=0x000000000000002d
5286000: system.cpu: T0 : 0x104d4    : c_slli a5, 3               : IntAlu :  D=0x0000000000000168
5286500: system.cpu: T0 : 0x104d6    : c_mv a4, a5                : IntAlu :  D=0x0000000000000168
5287000: system.cpu: T0 : 0x104d8    : ld a5, -56(s0)             : MemRead :  D=0x0000000000071990 A=0x7ffffffffffffd68
5287500: system.cpu: T0 : 0x104dc    : add s3, a5, a4             : IntAlu :  D=0x0000000000071af8
5288000: system.cpu: T0 : 0x104e0    : jal ra, 356                : IntAlu :  D=0x00000000000104e4
5288500: system.cpu: T0 : 0x10644    : c_addi sp, -16             : IntAlu :  D=0x7ffffffffffffd50
5289000: system.cpu: T0 : 0x10646    : c_sdsp s0, 8(sp)           : MemWrite :  D=0x7ffffffffffffda0 A=0x7ffffffffffffd58
5289500: system.cpu: T0 : 0x10648    : c_addi4spn s0, sp, 16      : IntAlu :  D=0x7ffffffffffffd60
5290500: system.cpu: T0 : 0x1064a    : auipc a5, 96               : IntAlu :  D=0x000000000007064a
5291500: system.cpu: T0 : 0x1064e    : ld a5, 446(a5)             : MemRead :  D=0x0000000000071988 A=0x70808
5292000: system.cpu: T0 : 0x10652    : c_lw a5, 0(a5)             : MemRead :  D=0x000000000000143f A=0x71988
5292500: system.cpu: T0 : 0x10654    : c_mv a4, a5                : IntAlu :  D=0x000000000000143f
5293000: system.cpu: T0 : 0x10656    : c_mv a5, a4                : IntAlu :  D=0x000000000000143f
5293500: system.cpu: T0 : 0x10658    : slliw a5, a5, 5            : IntAlu :  D=0x00000000000287e0
5294000: system.cpu: T0 : 0x1065c    : c_addw a5, a4              : IntAlu :  D=0x0000000000029c1f
5295000: system.cpu: T0 : 0x1065e    : slliw a5, a5, 2            : IntAlu :  D=0x00000000000a707c
5295500: system.cpu: T0 : 0x10662    : c_addw a5, a4              : IntAlu :  D=0x00000000000a84bb
5296000: system.cpu: T0 : 0x10664    : c_addiw a5, 0              : IntAlu :  D=0x00000000000a84bb
5297000: system.cpu: T0 : 0x10666    : addiw a5, a5, 81           : IntAlu :  D=0x00000000000a850c
5297500: system.cpu: T0 : 0x1066a    : c_addiw a5, 0              : IntAlu :  D=0x00000000000a850c
5298000: system.cpu: T0 : 0x1066c    : c_mv a4, a5                : IntAlu :  D=0x00000000000a850c
5298500: system.cpu: T0 : 0x1066e    : c_lui a5, 2                : IntAlu :  D=0x0000000000002000
5299000: system.cpu: T0 : 0x10670    : addiw a5, a5, -97          : IntAlu :  D=0x0000000000001f9f
5299500: system.cpu: T0 : 0x10674    : remw a5, a4, a5            : IntDiv :  D=0x0000000000000541
5300000: system.cpu: T0 : 0x10678    : addiw a4, a5, 0            : IntAlu :  D=0x0000000000000541
5300500: system.cpu: T0 : 0x1067c    : auipc a5, 96               : IntAlu :  D=0x000000000007067c
5301000: system.cpu: T0 : 0x10680    : ld a5, 396(a5)             : MemRead :  D=0x0000000000071988 A=0x70808
5301500: system.cpu: T0 : 0x10684    : c_sw a4, 0(a5)             : MemWrite :  D=0x0000000000000541 A=0x71988
5302500: system.cpu: T0 : 0x10686    : auipc a5, 96               : IntAlu :  D=0x0000000000070686
5303500: system.cpu: T0 : 0x1068a    : ld a5, 386(a5)             : MemRead :  D=0x0000000000071988 A=0x70808
5304000: system.cpu: T0 : 0x1068e    : c_lw a5, 0(a5)             : MemRead :  D=0x0000000000000541 A=0x71988
5304500: system.cpu: T0 : 0x10690    : c_mv a0, a5                : IntAlu :  D=0x0000000000000541
5305000: system.cpu: T0 : 0x10692    : c_ldsp s0, 8(sp)           : MemRead :  D=0x7ffffffffffffda0 A=0x7ffffffffffffd58
5305500: system.cpu: T0 : 0x10694    : c_addi sp, 16              : IntAlu :  D=0x7ffffffffffffd60
5306000: system.cpu: T0 : 0x10696    : c_jr ra                    : IntAlu : 
5306500: system.cpu: T0 : 0x104e4    : c_mv a5, a0                : IntAlu :  D=0x0000000000000541
5307000: system.cpu: T0 : 0x104e6    : c_mv a4, a5                : IntAlu :  D=0x0000000000000541
5307500: system.cpu: T0 : 0x104e8    : slli a5, s1, 2             : IntAlu :  D=0x0000000000000014
5308000: system.cpu: T0 : 0x104ec    : c_add a5, s3               : IntAlu :  D=0x0000000000071b0c
5308500: system.cpu: T0 : 0x104ee    : c_sw a4, 0(a5)             : MemWrite :  D=0x0000000000000541 A=0x71b0c
5309000: system.cpu: T0 : 0x104f0    : addiw a5, s1, 1            : IntAlu :  D=0x0000000000000006
5309500: system.cpu: T0 : 0x104f4    : addiw s1, a5, 0            : IntAlu :  D=0x0000000000000006
5310000: system.cpu: T0 : 0x104f8    : c_mv a4, s1                : IntAlu :  D=0x0000000000000006
5310500: system.cpu: T0 : 0x104fa    : c_li a5, 9                 : IntAlu :  D=0x0000000000000009
5311000: system.cpu: T0 : 0x104fc    : bge a5, a4, -48            : IntAlu : 
5311500: system.cpu: T0 : 0x104cc    : c_mv a4, s2                : IntAlu :  D=0x0000000000000009
5312000: system.cpu: T0 : 0x104ce    : c_mv a5, a4                : IntAlu :  D=0x0000000000000009
5312500: system.cpu: T0 : 0x104d0    : c_slli a5, 2               : IntAlu :  D=0x0000000000000024
5313000: system.cpu: T0 : 0x104d2    : c_add a5, a4               : IntAlu :  D=0x000000000000002d
5313500: system.cpu: T0 : 0x104d4    : c_slli a5, 3               : IntAlu :  D=0x0000000000000168
5314000: system.cpu: T0 : 0x104d6    : c_mv a4, a5                : IntAlu :  D=0x0000000000000168
5314500: system.cpu: T0 : 0x104d8    : ld a5, -56(s0)             : MemRead :  D=0x0000000000071990 A=0x7ffffffffffffd68
5315000: system.cpu: T0 : 0x104dc    : add s3, a5, a4             : IntAlu :  D=0x0000000000071af8
5315500: system.cpu: T0 : 0x104e0    : jal ra, 356                : IntAlu :  D=0x00000000000104e4
5316000: system.cpu: T0 : 0x10644    : c_addi sp, -16             : IntAlu :  D=0x7ffffffffffffd50
5316500: system.cpu: T0 : 0x10646    : c_sdsp s0, 8(sp)           : MemWrite :  D=0x7ffffffffffffda0 A=0x7ffffffffffffd58
5317000: system.cpu: T0 : 0x10648    : c_addi4spn s0, sp, 16      : IntAlu :  D=0x7ffffffffffffd60
5318000: system.cpu: T0 : 0x1064a    : auipc a5, 96               : IntAlu :  D=0x000000000007064a
5319000: system.cpu: T0 : 0x1064e    : ld a5, 446(a5)             : MemRead :  D=0x0000000000071988 A=0x70808
5319500: system.cpu: T0 : 0x10652    : c_lw a5, 0(a5)             : MemRead :  D=0x0000000000000541 A=0x71988
5320000: system.cpu: T0 : 0x10654    : c_mv a4, a5                : IntAlu :  D=0x0000000000000541
5320500: system.cpu: T0 : 0x10656    : c_mv a5, a4                : IntAlu :  D=0x0000000000000541
5321000: system.cpu: T0 : 0x10658    : slliw a5, a5, 5            : IntAlu :  D=0x000000000000a820
5321500: system.cpu: T0 : 0x1065c    : c_addw a5, a4              : IntAlu :  D=0x000000000000ad61
5322500: system.cpu: T0 : 0x1065e    : slliw a5, a5, 2            : IntAlu :  D=0x000000000002b584
5323000: system.cpu: T0 : 0x10662    : c_addw a5, a4              : IntAlu :  D=0x000000000002bac5
5323500: system.cpu: T0 : 0x10664    : c_addiw a5, 0              : IntAlu :  D=0x000000000002bac5
5324500: system.cpu: T0 : 0x10666    : addiw a5, a5, 81           : IntAlu :  D=0x000000000002bb16
5325000: system.cpu: T0 : 0x1066a    : c_addiw a5, 0              : IntAlu :  D=0x000000000002bb16
5325500: system.cpu: T0 : 0x1066c    : c_mv a4, a5                : IntAlu :  D=0x000000000002bb16
5326000: system.cpu: T0 : 0x1066e    : c_lui a5, 2                : IntAlu :  D=0x0000000000002000
5326500: system.cpu: T0 : 0x10670    : addiw a5, a5, -97          : IntAlu :  D=0x0000000000001f9f
5327000: system.cpu: T0 : 0x10674    : remw a5, a4, a5            : IntDiv :  D=0x000000000000036c
5327500: system.cpu: T0 : 0x10678    : addiw a4, a5, 0            : IntAlu :  D=0x000000000000036c
5328000: system.cpu: T0 : 0x1067c    : auipc a5, 96               : IntAlu :  D=0x000000000007067c
5328500: system.cpu: T0 : 0x10680    : ld a5, 396(a5)             : MemRead :  D=0x0000000000071988 A=0x70808
5329000: system.cpu: T0 : 0x10684    : c_sw a4, 0(a5)             : MemWrite :  D=0x000000000000036c A=0x71988
5330000: system.cpu: T0 : 0x10686    : auipc a5, 96               : IntAlu :  D=0x0000000000070686
5331000: system.cpu: T0 : 0x1068a    : ld a5, 386(a5)             : MemRead :  D=0x0000000000071988 A=0x70808
5331500: system.cpu: T0 : 0x1068e    : c_lw a5, 0(a5)             : MemRead :  D=0x000000000000036c A=0x71988
5332000: system.cpu: T0 : 0x10690    : c_mv a0, a5                : IntAlu :  D=0x000000000000036c
5332500: system.cpu: T0 : 0x10692    : c_ldsp s0, 8(sp)           : MemRead :  D=0x7ffffffffffffda0 A=0x7ffffffffffffd58
5333000: system.cpu: T0 : 0x10694    : c_addi sp, 16              : IntAlu :  D=0x7ffffffffffffd60
5333500: system.cpu: T0 : 0x10696    : c_jr ra                    : IntAlu : 
5334000: system.cpu: T0 : 0x104e4    : c_mv a5, a0                : IntAlu :  D=0x000000000000036c
5334500: system.cpu: T0 : 0x104e6    : c_mv a4, a5                : IntAlu :  D=0x000000000000036c
5335000: system.cpu: T0 : 0x104e8    : slli a5, s1, 2             : IntAlu :  D=0x0000000000000018
5335500: system.cpu: T0 : 0x104ec    : c_add a5, s3               : IntAlu :  D=0x0000000000071b10
5336000: system.cpu: T0 : 0x104ee    : c_sw a4, 0(a5)             : MemWrite :  D=0x000000000000036c A=0x71b10
5336500: system.cpu: T0 : 0x104f0    : addiw a5, s1, 1            : IntAlu :  D=0x0000000000000007
5337000: system.cpu: T0 : 0x104f4    : addiw s1, a5, 0            : IntAlu :  D=0x0000000000000007
5337500: system.cpu: T0 : 0x104f8    : c_mv a4, s1                : IntAlu :  D=0x0000000000000007
5338000: system.cpu: T0 : 0x104fa    : c_li a5, 9                 : IntAlu :  D=0x0000000000000009
5338500: system.cpu: T0 : 0x104fc    : bge a5, a4, -48            : IntAlu : 
5339000: system.cpu: T0 : 0x104cc    : c_mv a4, s2                : IntAlu :  D=0x0000000000000009
5339500: system.cpu: T0 : 0x104ce    : c_mv a5, a4                : IntAlu :  D=0x0000000000000009
5340000: system.cpu: T0 : 0x104d0    : c_slli a5, 2               : IntAlu :  D=0x0000000000000024
5340500: system.cpu: T0 : 0x104d2    : c_add a5, a4               : IntAlu :  D=0x000000000000002d
5341000: system.cpu: T0 : 0x104d4    : c_slli a5, 3               : IntAlu :  D=0x0000000000000168
5341500: system.cpu: T0 : 0x104d6    : c_mv a4, a5                : IntAlu :  D=0x0000000000000168
5342000: system.cpu: T0 : 0x104d8    : ld a5, -56(s0)             : MemRead :  D=0x0000000000071990 A=0x7ffffffffffffd68
5342500: system.cpu: T0 : 0x104dc    : add s3, a5, a4             : IntAlu :  D=0x0000000000071af8
5343000: system.cpu: T0 : 0x104e0    : jal ra, 356                : IntAlu :  D=0x00000000000104e4
5343500: system.cpu: T0 : 0x10644    : c_addi sp, -16             : IntAlu :  D=0x7ffffffffffffd50
5344000: system.cpu: T0 : 0x10646    : c_sdsp s0, 8(sp)           : MemWrite :  D=0x7ffffffffffffda0 A=0x7ffffffffffffd58
5344500: system.cpu: T0 : 0x10648    : c_addi4spn s0, sp, 16      : IntAlu :  D=0x7ffffffffffffd60
5345500: system.cpu: T0 : 0x1064a    : auipc a5, 96               : IntAlu :  D=0x000000000007064a
5346500: system.cpu: T0 : 0x1064e    : ld a5, 446(a5)             : MemRead :  D=0x0000000000071988 A=0x70808
5347000: system.cpu: T0 : 0x10652    : c_lw a5, 0(a5)             : MemRead :  D=0x000000000000036c A=0x71988
5347500: system.cpu: T0 : 0x10654    : c_mv a4, a5                : IntAlu :  D=0x000000000000036c
5348000: system.cpu: T0 : 0x10656    : c_mv a5, a4                : IntAlu :  D=0x000000000000036c
5348500: system.cpu: T0 : 0x10658    : slliw a5, a5, 5            : IntAlu :  D=0x0000000000006d80
5349000: system.cpu: T0 : 0x1065c    : c_addw a5, a4              : IntAlu :  D=0x00000000000070ec
5350000: system.cpu: T0 : 0x1065e    : slliw a5, a5, 2            : IntAlu :  D=0x000000000001c3b0
5350500: system.cpu: T0 : 0x10662    : c_addw a5, a4              : IntAlu :  D=0x000000000001c71c
5351000: system.cpu: T0 : 0x10664    : c_addiw a5, 0              : IntAlu :  D=0x000000000001c71c
5352000: system.cpu: T0 : 0x10666    : addiw a5, a5, 81           : IntAlu :  D=0x000000000001c76d
5352500: system.cpu: T0 : 0x1066a    : c_addiw a5, 0              : IntAlu :  D=0x000000000001c76d
5353000: system.cpu: T0 : 0x1066c    : c_mv a4, a5                : IntAlu :  D=0x000000000001c76d
5353500: system.cpu: T0 : 0x1066e    : c_lui a5, 2                : IntAlu :  D=0x0000000000002000
5354000: system.cpu: T0 : 0x10670    : addiw a5, a5, -97          : IntAlu :  D=0x0000000000001f9f
5354500: system.cpu: T0 : 0x10674    : remw a5, a4, a5            : IntDiv :  D=0x0000000000000cbb
5355000: system.cpu: T0 : 0x10678    : addiw a4, a5, 0            : IntAlu :  D=0x0000000000000cbb
5355500: system.cpu: T0 : 0x1067c    : auipc a5, 96               : IntAlu :  D=0x000000000007067c
5356000: system.cpu: T0 : 0x10680    : ld a5, 396(a5)             : MemRead :  D=0x0000000000071988 A=0x70808
5356500: system.cpu: T0 : 0x10684    : c_sw a4, 0(a5)             : MemWrite :  D=0x0000000000000cbb A=0x71988
5357500: system.cpu: T0 : 0x10686    : auipc a5, 96               : IntAlu :  D=0x0000000000070686
5358500: system.cpu: T0 : 0x1068a    : ld a5, 386(a5)             : MemRead :  D=0x0000000000071988 A=0x70808
5359000: system.cpu: T0 : 0x1068e    : c_lw a5, 0(a5)             : MemRead :  D=0x0000000000000cbb A=0x71988
5359500: system.cpu: T0 : 0x10690    : c_mv a0, a5                : IntAlu :  D=0x0000000000000cbb
5360000: system.cpu: T0 : 0x10692    : c_ldsp s0, 8(sp)           : MemRead :  D=0x7ffffffffffffda0 A=0x7ffffffffffffd58
5360500: system.cpu: T0 : 0x10694    : c_addi sp, 16              : IntAlu :  D=0x7ffffffffffffd60
5361000: system.cpu: T0 : 0x10696    : c_jr ra                    : IntAlu : 
5361500: system.cpu: T0 : 0x104e4    : c_mv a5, a0                : IntAlu :  D=0x0000000000000cbb
5362000: system.cpu: T0 : 0x104e6    : c_mv a4, a5                : IntAlu :  D=0x0000000000000cbb
5362500: system.cpu: T0 : 0x104e8    : slli a5, s1, 2             : IntAlu :  D=0x000000000000001c
5363000: system.cpu: T0 : 0x104ec    : c_add a5, s3               : IntAlu :  D=0x0000000000071b14
5363500: system.cpu: T0 : 0x104ee    : c_sw a4, 0(a5)             : MemWrite :  D=0x0000000000000cbb A=0x71b14
5364000: system.cpu: T0 : 0x104f0    : addiw a5, s1, 1            : IntAlu :  D=0x0000000000000008
5364500: system.cpu: T0 : 0x104f4    : addiw s1, a5, 0            : IntAlu :  D=0x0000000000000008
5365000: system.cpu: T0 : 0x104f8    : c_mv a4, s1                : IntAlu :  D=0x0000000000000008
5365500: system.cpu: T0 : 0x104fa    : c_li a5, 9                 : IntAlu :  D=0x0000000000000009
5366000: system.cpu: T0 : 0x104fc    : bge a5, a4, -48            : IntAlu : 
5366500: system.cpu: T0 : 0x104cc    : c_mv a4, s2                : IntAlu :  D=0x0000000000000009
5367000: system.cpu: T0 : 0x104ce    : c_mv a5, a4                : IntAlu :  D=0x0000000000000009
5367500: system.cpu: T0 : 0x104d0    : c_slli a5, 2               : IntAlu :  D=0x0000000000000024
5368000: system.cpu: T0 : 0x104d2    : c_add a5, a4               : IntAlu :  D=0x000000000000002d
5368500: system.cpu: T0 : 0x104d4    : c_slli a5, 3               : IntAlu :  D=0x0000000000000168
5369000: system.cpu: T0 : 0x104d6    : c_mv a4, a5                : IntAlu :  D=0x0000000000000168
5369500: system.cpu: T0 : 0x104d8    : ld a5, -56(s0)             : MemRead :  D=0x0000000000071990 A=0x7ffffffffffffd68
5370000: system.cpu: T0 : 0x104dc    : add s3, a5, a4             : IntAlu :  D=0x0000000000071af8
5370500: system.cpu: T0 : 0x104e0    : jal ra, 356                : IntAlu :  D=0x00000000000104e4
5371000: system.cpu: T0 : 0x10644    : c_addi sp, -16             : IntAlu :  D=0x7ffffffffffffd50
5371500: system.cpu: T0 : 0x10646    : c_sdsp s0, 8(sp)           : MemWrite :  D=0x7ffffffffffffda0 A=0x7ffffffffffffd58
5372000: system.cpu: T0 : 0x10648    : c_addi4spn s0, sp, 16      : IntAlu :  D=0x7ffffffffffffd60
5373000: system.cpu: T0 : 0x1064a    : auipc a5, 96               : IntAlu :  D=0x000000000007064a
5374000: system.cpu: T0 : 0x1064e    : ld a5, 446(a5)             : MemRead :  D=0x0000000000071988 A=0x70808
5374500: system.cpu: T0 : 0x10652    : c_lw a5, 0(a5)             : MemRead :  D=0x0000000000000cbb A=0x71988
5375000: system.cpu: T0 : 0x10654    : c_mv a4, a5                : IntAlu :  D=0x0000000000000cbb
5375500: system.cpu: T0 : 0x10656    : c_mv a5, a4                : IntAlu :  D=0x0000000000000cbb
5376000: system.cpu: T0 : 0x10658    : slliw a5, a5, 5            : IntAlu :  D=0x0000000000019760
5376500: system.cpu: T0 : 0x1065c    : c_addw a5, a4              : IntAlu :  D=0x000000000001a41b
5377500: system.cpu: T0 : 0x1065e    : slliw a5, a5, 2            : IntAlu :  D=0x000000000006906c
5378000: system.cpu: T0 : 0x10662    : c_addw a5, a4              : IntAlu :  D=0x0000000000069d27
5378500: system.cpu: T0 : 0x10664    : c_addiw a5, 0              : IntAlu :  D=0x0000000000069d27
5379500: system.cpu: T0 : 0x10666    : addiw a5, a5, 81           : IntAlu :  D=0x0000000000069d78
5380000: system.cpu: T0 : 0x1066a    : c_addiw a5, 0              : IntAlu :  D=0x0000000000069d78
5380500: system.cpu: T0 : 0x1066c    : c_mv a4, a5                : IntAlu :  D=0x0000000000069d78
5381000: system.cpu: T0 : 0x1066e    : c_lui a5, 2                : IntAlu :  D=0x0000000000002000
5381500: system.cpu: T0 : 0x10670    : addiw a5, a5, -97          : IntAlu :  D=0x0000000000001f9f
5382000: system.cpu: T0 : 0x10674    : remw a5, a4, a5            : IntDiv :  D=0x000000000000118d
5382500: system.cpu: T0 : 0x10678    : addiw a4, a5, 0            : IntAlu :  D=0x000000000000118d
5383000: system.cpu: T0 : 0x1067c    : auipc a5, 96               : IntAlu :  D=0x000000000007067c
5383500: system.cpu: T0 : 0x10680    : ld a5, 396(a5)             : MemRead :  D=0x0000000000071988 A=0x70808
5384000: system.cpu: T0 : 0x10684    : c_sw a4, 0(a5)             : MemWrite :  D=0x000000000000118d A=0x71988
5385000: system.cpu: T0 : 0x10686    : auipc a5, 96               : IntAlu :  D=0x0000000000070686
5386000: system.cpu: T0 : 0x1068a    : ld a5, 386(a5)             : MemRead :  D=0x0000000000071988 A=0x70808
5386500: system.cpu: T0 : 0x1068e    : c_lw a5, 0(a5)             : MemRead :  D=0x000000000000118d A=0x71988
5387000: system.cpu: T0 : 0x10690    : c_mv a0, a5                : IntAlu :  D=0x000000000000118d
5387500: system.cpu: T0 : 0x10692    : c_ldsp s0, 8(sp)           : MemRead :  D=0x7ffffffffffffda0 A=0x7ffffffffffffd58
5388000: system.cpu: T0 : 0x10694    : c_addi sp, 16              : IntAlu :  D=0x7ffffffffffffd60
5388500: system.cpu: T0 : 0x10696    : c_jr ra                    : IntAlu : 
5389000: system.cpu: T0 : 0x104e4    : c_mv a5, a0                : IntAlu :  D=0x000000000000118d
5389500: system.cpu: T0 : 0x104e6    : c_mv a4, a5                : IntAlu :  D=0x000000000000118d
5390000: system.cpu: T0 : 0x104e8    : slli a5, s1, 2             : IntAlu :  D=0x0000000000000020
5390500: system.cpu: T0 : 0x104ec    : c_add a5, s3               : IntAlu :  D=0x0000000000071b18
5391000: system.cpu: T0 : 0x104ee    : c_sw a4, 0(a5)             : MemWrite :  D=0x000000000000118d A=0x71b18
5391500: system.cpu: T0 : 0x104f0    : addiw a5, s1, 1            : IntAlu :  D=0x0000000000000009
5392000: system.cpu: T0 : 0x104f4    : addiw s1, a5, 0            : IntAlu :  D=0x0000000000000009
5392500: system.cpu: T0 : 0x104f8    : c_mv a4, s1                : IntAlu :  D=0x0000000000000009
5393000: system.cpu: T0 : 0x104fa    : c_li a5, 9                 : IntAlu :  D=0x0000000000000009
5393500: system.cpu: T0 : 0x104fc    : bge a5, a4, -48            : IntAlu : 
5394000: system.cpu: T0 : 0x104cc    : c_mv a4, s2                : IntAlu :  D=0x0000000000000009
5394500: system.cpu: T0 : 0x104ce    : c_mv a5, a4                : IntAlu :  D=0x0000000000000009
5395000: system.cpu: T0 : 0x104d0    : c_slli a5, 2               : IntAlu :  D=0x0000000000000024
5395500: system.cpu: T0 : 0x104d2    : c_add a5, a4               : IntAlu :  D=0x000000000000002d
5396000: system.cpu: T0 : 0x104d4    : c_slli a5, 3               : IntAlu :  D=0x0000000000000168
5396500: system.cpu: T0 : 0x104d6    : c_mv a4, a5                : IntAlu :  D=0x0000000000000168
5397000: system.cpu: T0 : 0x104d8    : ld a5, -56(s0)             : MemRead :  D=0x0000000000071990 A=0x7ffffffffffffd68
5397500: system.cpu: T0 : 0x104dc    : add s3, a5, a4             : IntAlu :  D=0x0000000000071af8
5398000: system.cpu: T0 : 0x104e0    : jal ra, 356                : IntAlu :  D=0x00000000000104e4
5398500: system.cpu: T0 : 0x10644    : c_addi sp, -16             : IntAlu :  D=0x7ffffffffffffd50
5399000: system.cpu: T0 : 0x10646    : c_sdsp s0, 8(sp)           : MemWrite :  D=0x7ffffffffffffda0 A=0x7ffffffffffffd58
5399500: system.cpu: T0 : 0x10648    : c_addi4spn s0, sp, 16      : IntAlu :  D=0x7ffffffffffffd60
5400500: system.cpu: T0 : 0x1064a    : auipc a5, 96               : IntAlu :  D=0x000000000007064a
5401500: system.cpu: T0 : 0x1064e    : ld a5, 446(a5)             : MemRead :  D=0x0000000000071988 A=0x70808
5402000: system.cpu: T0 : 0x10652    : c_lw a5, 0(a5)             : MemRead :  D=0x000000000000118d A=0x71988
5402500: system.cpu: T0 : 0x10654    : c_mv a4, a5                : IntAlu :  D=0x000000000000118d
5403000: system.cpu: T0 : 0x10656    : c_mv a5, a4                : IntAlu :  D=0x000000000000118d
5403500: system.cpu: T0 : 0x10658    : slliw a5, a5, 5            : IntAlu :  D=0x00000000000231a0
5404000: system.cpu: T0 : 0x1065c    : c_addw a5, a4              : IntAlu :  D=0x000000000002432d
5405000: system.cpu: T0 : 0x1065e    : slliw a5, a5, 2            : IntAlu :  D=0x0000000000090cb4
5405500: system.cpu: T0 : 0x10662    : c_addw a5, a4              : IntAlu :  D=0x0000000000091e41
5406000: system.cpu: T0 : 0x10664    : c_addiw a5, 0              : IntAlu :  D=0x0000000000091e41
5407000: system.cpu: T0 : 0x10666    : addiw a5, a5, 81           : IntAlu :  D=0x0000000000091e92
5407500: system.cpu: T0 : 0x1066a    : c_addiw a5, 0              : IntAlu :  D=0x0000000000091e92
5408000: system.cpu: T0 : 0x1066c    : c_mv a4, a5                : IntAlu :  D=0x0000000000091e92
5408500: system.cpu: T0 : 0x1066e    : c_lui a5, 2                : IntAlu :  D=0x0000000000002000
5409000: system.cpu: T0 : 0x10670    : addiw a5, a5, -97          : IntAlu :  D=0x0000000000001f9f
5409500: system.cpu: T0 : 0x10674    : remw a5, a4, a5            : IntDiv :  D=0x0000000000001a3b
5410000: system.cpu: T0 : 0x10678    : addiw a4, a5, 0            : IntAlu :  D=0x0000000000001a3b
5410500: system.cpu: T0 : 0x1067c    : auipc a5, 96               : IntAlu :  D=0x000000000007067c
5411000: system.cpu: T0 : 0x10680    : ld a5, 396(a5)             : MemRead :  D=0x0000000000071988 A=0x70808
5411500: system.cpu: T0 : 0x10684    : c_sw a4, 0(a5)             : MemWrite :  D=0x0000000000001a3b A=0x71988
5412500: system.cpu: T0 : 0x10686    : auipc a5, 96               : IntAlu :  D=0x0000000000070686
5413500: system.cpu: T0 : 0x1068a    : ld a5, 386(a5)             : MemRead :  D=0x0000000000071988 A=0x70808
5414000: system.cpu: T0 : 0x1068e    : c_lw a5, 0(a5)             : MemRead :  D=0x0000000000001a3b A=0x71988
5414500: system.cpu: T0 : 0x10690    : c_mv a0, a5                : IntAlu :  D=0x0000000000001a3b
5415000: system.cpu: T0 : 0x10692    : c_ldsp s0, 8(sp)           : MemRead :  D=0x7ffffffffffffda0 A=0x7ffffffffffffd58
5415500: system.cpu: T0 : 0x10694    : c_addi sp, 16              : IntAlu :  D=0x7ffffffffffffd60
5416000: system.cpu: T0 : 0x10696    : c_jr ra                    : IntAlu : 
5416500: system.cpu: T0 : 0x104e4    : c_mv a5, a0                : IntAlu :  D=0x0000000000001a3b
5417000: system.cpu: T0 : 0x104e6    : c_mv a4, a5                : IntAlu :  D=0x0000000000001a3b
5417500: system.cpu: T0 : 0x104e8    : slli a5, s1, 2             : IntAlu :  D=0x0000000000000024
5418000: system.cpu: T0 : 0x104ec    : c_add a5, s3               : IntAlu :  D=0x0000000000071b1c
5418500: system.cpu: T0 : 0x104ee    : c_sw a4, 0(a5)             : MemWrite :  D=0x0000000000001a3b A=0x71b1c
5419000: system.cpu: T0 : 0x104f0    : addiw a5, s1, 1            : IntAlu :  D=0x000000000000000a
5419500: system.cpu: T0 : 0x104f4    : addiw s1, a5, 0            : IntAlu :  D=0x000000000000000a
5420000: system.cpu: T0 : 0x104f8    : c_mv a4, s1                : IntAlu :  D=0x000000000000000a
5420500: system.cpu: T0 : 0x104fa    : c_li a5, 9                 : IntAlu :  D=0x0000000000000009
5421000: system.cpu: T0 : 0x104fc    : bge a5, a4, -48            : IntAlu : 
5421500: system.cpu: T0 : 0x10500    : addiw a5, s2, 1            : IntAlu :  D=0x000000000000000a
5422000: system.cpu: T0 : 0x10504    : addiw s2, a5, 0            : IntAlu :  D=0x000000000000000a
5422500: system.cpu: T0 : 0x10508    : c_mv a4, s2                : IntAlu :  D=0x000000000000000a
5423000: system.cpu: T0 : 0x1050a    : c_li a5, 9                 : IntAlu :  D=0x0000000000000009
5423500: system.cpu: T0 : 0x1050c    : bge a5, a4, -68            : IntAlu : 
5424000: system.cpu: T0 : 0x10510    : c_li a5, 0                 : IntAlu :  D=0x0000000000000000
5424500: system.cpu: T0 : 0x10512    : c_mv a0, a5                : IntAlu :  D=0x0000000000000000
5425000: system.cpu: T0 : 0x10514    : c_ldsp ra, 56(sp)          : MemRead :  D=0x0000000000010468 A=0x7ffffffffffffd98
5425500: system.cpu: T0 : 0x10516    : c_ldsp s0, 48(sp)          : MemRead :  D=0x7ffffffffffffde0 A=0x7ffffffffffffd90
5426000: system.cpu: T0 : 0x10518    : c_ldsp s1, 40(sp)          : MemRead :  D=0x0000000000010bf4 A=0x7ffffffffffffd88
5426500: system.cpu: T0 : 0x1051a    : c_ldsp s2, 32(sp)          : MemRead :  D=0x0000000000000000 A=0x7ffffffffffffd80
5427000: system.cpu: T0 : 0x1051c    : c_ldsp s3, 24(sp)          : MemRead :  D=0x0000000000000000 A=0x7ffffffffffffd78
5427500: system.cpu: T0 : 0x1051e    : c_addi16sp sp, 64          : IntAlu :  D=0x7ffffffffffffda0
5428000: system.cpu: T0 : 0x10520    : c_jr ra                    : IntAlu : 
5428500: system.cpu: T0 : 0x10468    : addi a5, zero, 1000        : IntAlu :  D=0x00000000000003e8
5429000: system.cpu: T0 : 0x1046c    : sd a5, -32(s0)             : MemWrite :  D=0x00000000000003e8 A=0x7ffffffffffffdc0
5429500: system.cpu: T0 : 0x10470    : ld a0, -56(s0)             : MemRead :  D=0x0000000000071990 A=0x7ffffffffffffda8
5430000: system.cpu: T0 : 0x10474    : jal ra, 202                : IntAlu :  D=0x0000000000010478
5430500: system.cpu: T0 : 0x1053e    : c_addi16sp sp, -64         : IntAlu :  D=0x7ffffffffffffd60
5431000: system.cpu: T0 : 0x10540    : c_sdsp s0, 56(sp)          : MemWrite :  D=0x7ffffffffffffde0 A=0x7ffffffffffffd98
5431500: system.cpu: T0 : 0x10542    : c_sdsp s1, 48(sp)          : MemWrite :  D=0x0000000000010bf4 A=0x7ffffffffffffd90
5432000: system.cpu: T0 : 0x10544    : c_sdsp s2, 40(sp)          : MemWrite :  D=0x0000000000000000 A=0x7ffffffffffffd88
5432500: system.cpu: T0 : 0x10546    : c_addi4spn s0, sp, 64      : IntAlu :  D=0x7ffffffffffffda0
5433000: system.cpu: T0 : 0x10548    : sd a0, -56(s0)             : MemWrite :  D=0x0000000000071990 A=0x7ffffffffffffd68
5433500: system.cpu: T0 : 0x1054c    : sw zero, -48(s0)           : MemWrite :  D=0x0000000000000000 A=0x7ffffffffffffd70
5434000: system.cpu: T0 : 0x10550    : sw zero, -44(s0)           : MemWrite :  D=0x0000000000000000 A=0x7ffffffffffffd74
5434500: system.cpu: T0 : 0x10554    : sw zero, -40(s0)           : MemWrite :  D=0x0000000000000000 A=0x7ffffffffffffd78
5435000: system.cpu: T0 : 0x10558    : sw zero, -36(s0)           : MemWrite :  D=0x0000000000000000 A=0x7ffffffffffffd7c
5435500: system.cpu: T0 : 0x1055c    : c_li s2, 0                 : IntAlu :  D=0x0000000000000000
5436000: system.cpu: T0 : 0x1055e    : c_j 154                    : IntAlu : 
5436500: system.cpu: T0 : 0x105f8    : c_mv a4, s2                : IntAlu :  D=0x0000000000000000
5437000: system.cpu: T0 : 0x105fa    : c_li a5, 9                 : IntAlu :  D=0x0000000000000009
5437500: system.cpu: T0 : 0x105fc    : bge a5, a4, -156           : IntAlu : 
5438000: system.cpu: T0 : 0x10560    : c_li s1, 0                 : IntAlu :  D=0x0000000000000000
5438500: system.cpu: T0 : 0x10562    : c_j 134                    : IntAlu : 
5439000: system.cpu: T0 : 0x105e8    : c_mv a4, s1                : IntAlu :  D=0x0000000000000000
5439500: system.cpu: T0 : 0x105ea    : c_li a5, 9                 : IntAlu :  D=0x0000000000000009
5440000: system.cpu: T0 : 0x105ec    : bge a5, a4, -136           : IntAlu : 
5440500: system.cpu: T0 : 0x10564    : c_mv a4, s2                : IntAlu :  D=0x0000000000000000
5441000: system.cpu: T0 : 0x10566    : c_mv a5, a4                : IntAlu :  D=0x0000000000000000
5441500: system.cpu: T0 : 0x10568    : c_slli a5, 2               : IntAlu :  D=0x0000000000000000
5442000: system.cpu: T0 : 0x1056a    : c_add a5, a4               : IntAlu :  D=0x0000000000000000
5442500: system.cpu: T0 : 0x1056c    : c_slli a5, 3               : IntAlu :  D=0x0000000000000000
5443000: system.cpu: T0 : 0x1056e    : c_mv a4, a5                : IntAlu :  D=0x0000000000000000
5443500: system.cpu: T0 : 0x10570    : ld a5, -56(s0)             : MemRead :  D=0x0000000000071990 A=0x7ffffffffffffd68
5444000: system.cpu: T0 : 0x10574    : c_add a4, a5               : IntAlu :  D=0x0000000000071990
5445000: system.cpu: T0 : 0x10576    : slli a5, s1, 2             : IntAlu :  D=0x0000000000000000
5445500: system.cpu: T0 : 0x1057a    : c_add a5, a4               : IntAlu :  D=0x0000000000071990
5446000: system.cpu: T0 : 0x1057c    : c_lw a5, 0(a5)             : MemRead :  D=0x0000000000000051 A=0x71990
5447000: system.cpu: T0 : 0x1057e    : bge a5, zero, 52           : IntAlu : 
5447500: system.cpu: T0 : 0x105b2    : c_mv a4, s2                : IntAlu :  D=0x0000000000000000
5448000: system.cpu: T0 : 0x105b4    : c_mv a5, a4                : IntAlu :  D=0x0000000000000000
5448500: system.cpu: T0 : 0x105b6    : c_slli a5, 2               : IntAlu :  D=0x0000000000000000
5449000: system.cpu: T0 : 0x105b8    : c_add a5, a4               : IntAlu :  D=0x0000000000000000
5449500: system.cpu: T0 : 0x105ba    : c_slli a5, 3               : IntAlu :  D=0x0000000000000000
5450000: system.cpu: T0 : 0x105bc    : c_mv a4, a5                : IntAlu :  D=0x0000000000000000
5451000: system.cpu: T0 : 0x105be    : ld a5, -56(s0)             : MemRead :  D=0x0000000000071990 A=0x7ffffffffffffd68
5451500: system.cpu: T0 : 0x105c2    : c_add a4, a5               : IntAlu :  D=0x0000000000071990
5452000: system.cpu: T0 : 0x105c4    : slli a5, s1, 2             : IntAlu :  D=0x0000000000000000
5452500: system.cpu: T0 : 0x105c8    : c_add a5, a4               : IntAlu :  D=0x0000000000071990
5453000: system.cpu: T0 : 0x105ca    : c_lw a5, 0(a5)             : MemRead :  D=0x0000000000000051 A=0x71990
5453500: system.cpu: T0 : 0x105cc    : lw a4, -44(s0)             : MemRead :  D=0x0000000000000000 A=0x7ffffffffffffd74
5454000: system.cpu: T0 : 0x105d0    : c_addw a5, a4              : IntAlu :  D=0x0000000000000051
5455000: system.cpu: T0 : 0x105d2    : sw a5, -44(s0)             : MemWrite :  D=0x0000000000000051 A=0x7ffffffffffffd74
5456000: system.cpu: T0 : 0x105d6    : lw a5, -36(s0)             : MemRead :  D=0x0000000000000000 A=0x7ffffffffffffd7c
5456500: system.cpu: T0 : 0x105da    : c_addiw a5, 1              : IntAlu :  D=0x0000000000000001
5457000: system.cpu: T0 : 0x105dc    : sw a5, -36(s0)             : MemWrite :  D=0x0000000000000001 A=0x7ffffffffffffd7c
5457500: system.cpu: T0 : 0x105e0    : addiw a5, s1, 1            : IntAlu :  D=0x0000000000000001
5458000: system.cpu: T0 : 0x105e4    : addiw s1, a5, 0            : IntAlu :  D=0x0000000000000001
5458500: system.cpu: T0 : 0x105e8    : c_mv a4, s1                : IntAlu :  D=0x0000000000000001
5459000: system.cpu: T0 : 0x105ea    : c_li a5, 9                 : IntAlu :  D=0x0000000000000009
5459500: system.cpu: T0 : 0x105ec    : bge a5, a4, -136           : IntAlu : 
5460000: system.cpu: T0 : 0x10564    : c_mv a4, s2                : IntAlu :  D=0x0000000000000000
5460500: system.cpu: T0 : 0x10566    : c_mv a5, a4                : IntAlu :  D=0x0000000000000000
5461000: system.cpu: T0 : 0x10568    : c_slli a5, 2               : IntAlu :  D=0x0000000000000000
5461500: system.cpu: T0 : 0x1056a    : c_add a5, a4               : IntAlu :  D=0x0000000000000000
5462000: system.cpu: T0 : 0x1056c    : c_slli a5, 3               : IntAlu :  D=0x0000000000000000
5462500: system.cpu: T0 : 0x1056e    : c_mv a4, a5                : IntAlu :  D=0x0000000000000000
5463000: system.cpu: T0 : 0x10570    : ld a5, -56(s0)             : MemRead :  D=0x0000000000071990 A=0x7ffffffffffffd68
5463500: system.cpu: T0 : 0x10574    : c_add a4, a5               : IntAlu :  D=0x0000000000071990
5464500: system.cpu: T0 : 0x10576    : slli a5, s1, 2             : IntAlu :  D=0x0000000000000004
5465000: system.cpu: T0 : 0x1057a    : c_add a5, a4               : IntAlu :  D=0x0000000000071994
5465500: system.cpu: T0 : 0x1057c    : c_lw a5, 0(a5)             : MemRead :  D=0x0000000000000ac7 A=0x71994
5466500: system.cpu: T0 : 0x1057e    : bge a5, zero, 52           : IntAlu : 
5467000: system.cpu: T0 : 0x105b2    : c_mv a4, s2                : IntAlu :  D=0x0000000000000000
5467500: system.cpu: T0 : 0x105b4    : c_mv a5, a4                : IntAlu :  D=0x0000000000000000
5468000: system.cpu: T0 : 0x105b6    : c_slli a5, 2               : IntAlu :  D=0x0000000000000000
5468500: system.cpu: T0 : 0x105b8    : c_add a5, a4               : IntAlu :  D=0x0000000000000000
5469000: system.cpu: T0 : 0x105ba    : c_slli a5, 3               : IntAlu :  D=0x0000000000000000
5469500: system.cpu: T0 : 0x105bc    : c_mv a4, a5                : IntAlu :  D=0x0000000000000000
5470500: system.cpu: T0 : 0x105be    : ld a5, -56(s0)             : MemRead :  D=0x0000000000071990 A=0x7ffffffffffffd68
5471000: system.cpu: T0 : 0x105c2    : c_add a4, a5               : IntAlu :  D=0x0000000000071990
5471500: system.cpu: T0 : 0x105c4    : slli a5, s1, 2             : IntAlu :  D=0x0000000000000004
5472000: system.cpu: T0 : 0x105c8    : c_add a5, a4               : IntAlu :  D=0x0000000000071994
5472500: system.cpu: T0 : 0x105ca    : c_lw a5, 0(a5)             : MemRead :  D=0x0000000000000ac7 A=0x71994
5473000: system.cpu: T0 : 0x105cc    : lw a4, -44(s0)             : MemRead :  D=0x0000000000000051 A=0x7ffffffffffffd74
5473500: system.cpu: T0 : 0x105d0    : c_addw a5, a4              : IntAlu :  D=0x0000000000000b18
5474500: system.cpu: T0 : 0x105d2    : sw a5, -44(s0)             : MemWrite :  D=0x0000000000000b18 A=0x7ffffffffffffd74
5475500: system.cpu: T0 : 0x105d6    : lw a5, -36(s0)             : MemRead :  D=0x0000000000000001 A=0x7ffffffffffffd7c
5476000: system.cpu: T0 : 0x105da    : c_addiw a5, 1              : IntAlu :  D=0x0000000000000002
5476500: system.cpu: T0 : 0x105dc    : sw a5, -36(s0)             : MemWrite :  D=0x0000000000000002 A=0x7ffffffffffffd7c
5477000: system.cpu: T0 : 0x105e0    : addiw a5, s1, 1            : IntAlu :  D=0x0000000000000002
5477500: system.cpu: T0 : 0x105e4    : addiw s1, a5, 0            : IntAlu :  D=0x0000000000000002
5478000: system.cpu: T0 : 0x105e8    : c_mv a4, s1                : IntAlu :  D=0x0000000000000002
5478500: system.cpu: T0 : 0x105ea    : c_li a5, 9                 : IntAlu :  D=0x0000000000000009
5479000: system.cpu: T0 : 0x105ec    : bge a5, a4, -136           : IntAlu : 
5479500: system.cpu: T0 : 0x10564    : c_mv a4, s2                : IntAlu :  D=0x0000000000000000
5480000: system.cpu: T0 : 0x10566    : c_mv a5, a4                : IntAlu :  D=0x0000000000000000
5480500: system.cpu: T0 : 0x10568    : c_slli a5, 2               : IntAlu :  D=0x0000000000000000
5481000: system.cpu: T0 : 0x1056a    : c_add a5, a4               : IntAlu :  D=0x0000000000000000
5481500: system.cpu: T0 : 0x1056c    : c_slli a5, 3               : IntAlu :  D=0x0000000000000000
5482000: system.cpu: T0 : 0x1056e    : c_mv a4, a5                : IntAlu :  D=0x0000000000000000
5482500: system.cpu: T0 : 0x10570    : ld a5, -56(s0)             : MemRead :  D=0x0000000000071990 A=0x7ffffffffffffd68
5483000: system.cpu: T0 : 0x10574    : c_add a4, a5               : IntAlu :  D=0x0000000000071990
5484000: system.cpu: T0 : 0x10576    : slli a5, s1, 2             : IntAlu :  D=0x0000000000000008
5484500: system.cpu: T0 : 0x1057a    : c_add a5, a4               : IntAlu :  D=0x0000000000071998
5485000: system.cpu: T0 : 0x1057c    : c_lw a5, 0(a5)             : MemRead :  D=0x0000000000000ac1 A=0x71998
5486000: system.cpu: T0 : 0x1057e    : bge a5, zero, 52           : IntAlu : 
5486500: system.cpu: T0 : 0x105b2    : c_mv a4, s2                : IntAlu :  D=0x0000000000000000
5487000: system.cpu: T0 : 0x105b4    : c_mv a5, a4                : IntAlu :  D=0x0000000000000000
5487500: system.cpu: T0 : 0x105b6    : c_slli a5, 2               : IntAlu :  D=0x0000000000000000
5488000: system.cpu: T0 : 0x105b8    : c_add a5, a4               : IntAlu :  D=0x0000000000000000
5488500: system.cpu: T0 : 0x105ba    : c_slli a5, 3               : IntAlu :  D=0x0000000000000000
5489000: system.cpu: T0 : 0x105bc    : c_mv a4, a5                : IntAlu :  D=0x0000000000000000
5490000: system.cpu: T0 : 0x105be    : ld a5, -56(s0)             : MemRead :  D=0x0000000000071990 A=0x7ffffffffffffd68
5490500: system.cpu: T0 : 0x105c2    : c_add a4, a5               : IntAlu :  D=0x0000000000071990
5491000: system.cpu: T0 : 0x105c4    : slli a5, s1, 2             : IntAlu :  D=0x0000000000000008
5491500: system.cpu: T0 : 0x105c8    : c_add a5, a4               : IntAlu :  D=0x0000000000071998
5492000: system.cpu: T0 : 0x105ca    : c_lw a5, 0(a5)             : MemRead :  D=0x0000000000000ac1 A=0x71998
5492500: system.cpu: T0 : 0x105cc    : lw a4, -44(s0)             : MemRead :  D=0x0000000000000b18 A=0x7ffffffffffffd74
5493000: system.cpu: T0 : 0x105d0    : c_addw a5, a4              : IntAlu :  D=0x00000000000015d9
5494000: system.cpu: T0 : 0x105d2    : sw a5, -44(s0)             : MemWrite :  D=0x00000000000015d9 A=0x7ffffffffffffd74
5495000: system.cpu: T0 : 0x105d6    : lw a5, -36(s0)             : MemRead :  D=0x0000000000000002 A=0x7ffffffffffffd7c
5495500: system.cpu: T0 : 0x105da    : c_addiw a5, 1              : IntAlu :  D=0x0000000000000003
5496000: system.cpu: T0 : 0x105dc    : sw a5, -36(s0)             : MemWrite :  D=0x0000000000000003 A=0x7ffffffffffffd7c
5496500: system.cpu: T0 : 0x105e0    : addiw a5, s1, 1            : IntAlu :  D=0x0000000000000003
5497000: system.cpu: T0 : 0x105e4    : addiw s1, a5, 0            : IntAlu :  D=0x0000000000000003
5497500: system.cpu: T0 : 0x105e8    : c_mv a4, s1                : IntAlu :  D=0x0000000000000003
5498000: system.cpu: T0 : 0x105ea    : c_li a5, 9                 : IntAlu :  D=0x0000000000000009
5498500: system.cpu: T0 : 0x105ec    : bge a5, a4, -136           : IntAlu : 
5499000: system.cpu: T0 : 0x10564    : c_mv a4, s2                : IntAlu :  D=0x0000000000000000
5499500: system.cpu: T0 : 0x10566    : c_mv a5, a4                : IntAlu :  D=0x0000000000000000
5500000: system.cpu: T0 : 0x10568    : c_slli a5, 2               : IntAlu :  D=0x0000000000000000
5500500: system.cpu: T0 : 0x1056a    : c_add a5, a4               : IntAlu :  D=0x0000000000000000
5501000: system.cpu: T0 : 0x1056c    : c_slli a5, 3               : IntAlu :  D=0x0000000000000000
5501500: system.cpu: T0 : 0x1056e    : c_mv a4, a5                : IntAlu :  D=0x0000000000000000
5502000: system.cpu: T0 : 0x10570    : ld a5, -56(s0)             : MemRead :  D=0x0000000000071990 A=0x7ffffffffffffd68
5502500: system.cpu: T0 : 0x10574    : c_add a4, a5               : IntAlu :  D=0x0000000000071990
5503500: system.cpu: T0 : 0x10576    : slli a5, s1, 2             : IntAlu :  D=0x000000000000000c
5504000: system.cpu: T0 : 0x1057a    : c_add a5, a4               : IntAlu :  D=0x000000000007199c
5504500: system.cpu: T0 : 0x1057c    : c_lw a5, 0(a5)             : MemRead :  D=0x00000000000007a3 A=0x7199c
5505500: system.cpu: T0 : 0x1057e    : bge a5, zero, 52           : IntAlu : 
5506000: system.cpu: T0 : 0x105b2    : c_mv a4, s2                : IntAlu :  D=0x0000000000000000
5506500: system.cpu: T0 : 0x105b4    : c_mv a5, a4                : IntAlu :  D=0x0000000000000000
5507000: system.cpu: T0 : 0x105b6    : c_slli a5, 2               : IntAlu :  D=0x0000000000000000
5507500: system.cpu: T0 : 0x105b8    : c_add a5, a4               : IntAlu :  D=0x0000000000000000
5508000: system.cpu: T0 : 0x105ba    : c_slli a5, 3               : IntAlu :  D=0x0000000000000000
5508500: system.cpu: T0 : 0x105bc    : c_mv a4, a5                : IntAlu :  D=0x0000000000000000
5509500: system.cpu: T0 : 0x105be    : ld a5, -56(s0)             : MemRead :  D=0x0000000000071990 A=0x7ffffffffffffd68
5510000: system.cpu: T0 : 0x105c2    : c_add a4, a5               : IntAlu :  D=0x0000000000071990
5510500: system.cpu: T0 : 0x105c4    : slli a5, s1, 2             : IntAlu :  D=0x000000000000000c
5511000: system.cpu: T0 : 0x105c8    : c_add a5, a4               : IntAlu :  D=0x000000000007199c
5511500: system.cpu: T0 : 0x105ca    : c_lw a5, 0(a5)             : MemRead :  D=0x00000000000007a3 A=0x7199c
5512000: system.cpu: T0 : 0x105cc    : lw a4, -44(s0)             : MemRead :  D=0x00000000000015d9 A=0x7ffffffffffffd74
5512500: system.cpu: T0 : 0x105d0    : c_addw a5, a4              : IntAlu :  D=0x0000000000001d7c
5513500: system.cpu: T0 : 0x105d2    : sw a5, -44(s0)             : MemWrite :  D=0x0000000000001d7c A=0x7ffffffffffffd74
5514500: system.cpu: T0 : 0x105d6    : lw a5, -36(s0)             : MemRead :  D=0x0000000000000003 A=0x7ffffffffffffd7c
5515000: system.cpu: T0 : 0x105da    : c_addiw a5, 1              : IntAlu :  D=0x0000000000000004
5515500: system.cpu: T0 : 0x105dc    : sw a5, -36(s0)             : MemWrite :  D=0x0000000000000004 A=0x7ffffffffffffd7c
5516000: system.cpu: T0 : 0x105e0    : addiw a5, s1, 1            : IntAlu :  D=0x0000000000000004
5516500: system.cpu: T0 : 0x105e4    : addiw s1, a5, 0            : IntAlu :  D=0x0000000000000004
5517000: system.cpu: T0 : 0x105e8    : c_mv a4, s1                : IntAlu :  D=0x0000000000000004
5517500: system.cpu: T0 : 0x105ea    : c_li a5, 9                 : IntAlu :  D=0x0000000000000009
5518000: system.cpu: T0 : 0x105ec    : bge a5, a4, -136           : IntAlu : 
5518500: system.cpu: T0 : 0x10564    : c_mv a4, s2                : IntAlu :  D=0x0000000000000000
5519000: system.cpu: T0 : 0x10566    : c_mv a5, a4                : IntAlu :  D=0x0000000000000000
5519500: system.cpu: T0 : 0x10568    : c_slli a5, 2               : IntAlu :  D=0x0000000000000000
5520000: system.cpu: T0 : 0x1056a    : c_add a5, a4               : IntAlu :  D=0x0000000000000000
5520500: system.cpu: T0 : 0x1056c    : c_slli a5, 3               : IntAlu :  D=0x0000000000000000
5521000: system.cpu: T0 : 0x1056e    : c_mv a4, a5                : IntAlu :  D=0x0000000000000000
5521500: system.cpu: T0 : 0x10570    : ld a5, -56(s0)             : MemRead :  D=0x0000000000071990 A=0x7ffffffffffffd68
5522000: system.cpu: T0 : 0x10574    : c_add a4, a5               : IntAlu :  D=0x0000000000071990
5523000: system.cpu: T0 : 0x10576    : slli a5, s1, 2             : IntAlu :  D=0x0000000000000010
5523500: system.cpu: T0 : 0x1057a    : c_add a5, a4               : IntAlu :  D=0x00000000000719a0
5524000: system.cpu: T0 : 0x1057c    : c_lw a5, 0(a5)             : MemRead :  D=0x0000000000000420 A=0x719a0
5525000: system.cpu: T0 : 0x1057e    : bge a5, zero, 52           : IntAlu : 
5525500: system.cpu: T0 : 0x105b2    : c_mv a4, s2                : IntAlu :  D=0x0000000000000000
5526000: system.cpu: T0 : 0x105b4    : c_mv a5, a4                : IntAlu :  D=0x0000000000000000
5526500: system.cpu: T0 : 0x105b6    : c_slli a5, 2               : IntAlu :  D=0x0000000000000000
5527000: system.cpu: T0 : 0x105b8    : c_add a5, a4               : IntAlu :  D=0x0000000000000000
5527500: system.cpu: T0 : 0x105ba    : c_slli a5, 3               : IntAlu :  D=0x0000000000000000
5528000: system.cpu: T0 : 0x105bc    : c_mv a4, a5                : IntAlu :  D=0x0000000000000000
5529000: system.cpu: T0 : 0x105be    : ld a5, -56(s0)             : MemRead :  D=0x0000000000071990 A=0x7ffffffffffffd68
5529500: system.cpu: T0 : 0x105c2    : c_add a4, a5               : IntAlu :  D=0x0000000000071990
5530000: system.cpu: T0 : 0x105c4    : slli a5, s1, 2             : IntAlu :  D=0x0000000000000010
5530500: system.cpu: T0 : 0x105c8    : c_add a5, a4               : IntAlu :  D=0x00000000000719a0
5531000: system.cpu: T0 : 0x105ca    : c_lw a5, 0(a5)             : MemRead :  D=0x0000000000000420 A=0x719a0
5531500: system.cpu: T0 : 0x105cc    : lw a4, -44(s0)             : MemRead :  D=0x0000000000001d7c A=0x7ffffffffffffd74
5532000: system.cpu: T0 : 0x105d0    : c_addw a5, a4              : IntAlu :  D=0x000000000000219c
5533000: system.cpu: T0 : 0x105d2    : sw a5, -44(s0)             : MemWrite :  D=0x000000000000219c A=0x7ffffffffffffd74
5534000: system.cpu: T0 : 0x105d6    : lw a5, -36(s0)             : MemRead :  D=0x0000000000000004 A=0x7ffffffffffffd7c
5534500: system.cpu: T0 : 0x105da    : c_addiw a5, 1              : IntAlu :  D=0x0000000000000005
5535000: system.cpu: T0 : 0x105dc    : sw a5, -36(s0)             : MemWrite :  D=0x0000000000000005 A=0x7ffffffffffffd7c
5535500: system.cpu: T0 : 0x105e0    : addiw a5, s1, 1            : IntAlu :  D=0x0000000000000005
5536000: system.cpu: T0 : 0x105e4    : addiw s1, a5, 0            : IntAlu :  D=0x0000000000000005
5536500: system.cpu: T0 : 0x105e8    : c_mv a4, s1                : IntAlu :  D=0x0000000000000005
5537000: system.cpu: T0 : 0x105ea    : c_li a5, 9                 : IntAlu :  D=0x0000000000000009
5537500: system.cpu: T0 : 0x105ec    : bge a5, a4, -136           : IntAlu : 
5538000: system.cpu: T0 : 0x10564    : c_mv a4, s2                : IntAlu :  D=0x0000000000000000
5538500: system.cpu: T0 : 0x10566    : c_mv a5, a4                : IntAlu :  D=0x0000000000000000
5539000: system.cpu: T0 : 0x10568    : c_slli a5, 2               : IntAlu :  D=0x0000000000000000
5539500: system.cpu: T0 : 0x1056a    : c_add a5, a4               : IntAlu :  D=0x0000000000000000
5540000: system.cpu: T0 : 0x1056c    : c_slli a5, 3               : IntAlu :  D=0x0000000000000000
5540500: system.cpu: T0 : 0x1056e    : c_mv a4, a5                : IntAlu :  D=0x0000000000000000
5541000: system.cpu: T0 : 0x10570    : ld a5, -56(s0)             : MemRead :  D=0x0000000000071990 A=0x7ffffffffffffd68
5541500: system.cpu: T0 : 0x10574    : c_add a4, a5               : IntAlu :  D=0x0000000000071990
5542500: system.cpu: T0 : 0x10576    : slli a5, s1, 2             : IntAlu :  D=0x0000000000000014
5543000: system.cpu: T0 : 0x1057a    : c_add a5, a4               : IntAlu :  D=0x00000000000719a4
5543500: system.cpu: T0 : 0x1057c    : c_lw a5, 0(a5)             : MemRead :  D=0x0000000000000b62 A=0x719a4
5544500: system.cpu: T0 : 0x1057e    : bge a5, zero, 52           : IntAlu : 
5545000: system.cpu: T0 : 0x105b2    : c_mv a4, s2                : IntAlu :  D=0x0000000000000000
5545500: system.cpu: T0 : 0x105b4    : c_mv a5, a4                : IntAlu :  D=0x0000000000000000
5546000: system.cpu: T0 : 0x105b6    : c_slli a5, 2               : IntAlu :  D=0x0000000000000000
5546500: system.cpu: T0 : 0x105b8    : c_add a5, a4               : IntAlu :  D=0x0000000000000000
5547000: system.cpu: T0 : 0x105ba    : c_slli a5, 3               : IntAlu :  D=0x0000000000000000
5547500: system.cpu: T0 : 0x105bc    : c_mv a4, a5                : IntAlu :  D=0x0000000000000000
5548500: system.cpu: T0 : 0x105be    : ld a5, -56(s0)             : MemRead :  D=0x0000000000071990 A=0x7ffffffffffffd68
5549000: system.cpu: T0 : 0x105c2    : c_add a4, a5               : IntAlu :  D=0x0000000000071990
5549500: system.cpu: T0 : 0x105c4    : slli a5, s1, 2             : IntAlu :  D=0x0000000000000014
5550000: system.cpu: T0 : 0x105c8    : c_add a5, a4               : IntAlu :  D=0x00000000000719a4
5550500: system.cpu: T0 : 0x105ca    : c_lw a5, 0(a5)             : MemRead :  D=0x0000000000000b62 A=0x719a4
5551000: system.cpu: T0 : 0x105cc    : lw a4, -44(s0)             : MemRead :  D=0x000000000000219c A=0x7ffffffffffffd74
5551500: system.cpu: T0 : 0x105d0    : c_addw a5, a4              : IntAlu :  D=0x0000000000002cfe
5552500: system.cpu: T0 : 0x105d2    : sw a5, -44(s0)             : MemWrite :  D=0x0000000000002cfe A=0x7ffffffffffffd74
5553500: system.cpu: T0 : 0x105d6    : lw a5, -36(s0)             : MemRead :  D=0x0000000000000005 A=0x7ffffffffffffd7c
5554000: system.cpu: T0 : 0x105da    : c_addiw a5, 1              : IntAlu :  D=0x0000000000000006
5554500: system.cpu: T0 : 0x105dc    : sw a5, -36(s0)             : MemWrite :  D=0x0000000000000006 A=0x7ffffffffffffd7c
5555000: system.cpu: T0 : 0x105e0    : addiw a5, s1, 1            : IntAlu :  D=0x0000000000000006
5555500: system.cpu: T0 : 0x105e4    : addiw s1, a5, 0            : IntAlu :  D=0x0000000000000006
5556000: system.cpu: T0 : 0x105e8    : c_mv a4, s1                : IntAlu :  D=0x0000000000000006
5556500: system.cpu: T0 : 0x105ea    : c_li a5, 9                 : IntAlu :  D=0x0000000000000009
5557000: system.cpu: T0 : 0x105ec    : bge a5, a4, -136           : IntAlu : 
5557500: system.cpu: T0 : 0x10564    : c_mv a4, s2                : IntAlu :  D=0x0000000000000000
5558000: system.cpu: T0 : 0x10566    : c_mv a5, a4                : IntAlu :  D=0x0000000000000000
5558500: system.cpu: T0 : 0x10568    : c_slli a5, 2               : IntAlu :  D=0x0000000000000000
5559000: system.cpu: T0 : 0x1056a    : c_add a5, a4               : IntAlu :  D=0x0000000000000000
5559500: system.cpu: T0 : 0x1056c    : c_slli a5, 3               : IntAlu :  D=0x0000000000000000
5560000: system.cpu: T0 : 0x1056e    : c_mv a4, a5                : IntAlu :  D=0x0000000000000000
5560500: system.cpu: T0 : 0x10570    : ld a5, -56(s0)             : MemRead :  D=0x0000000000071990 A=0x7ffffffffffffd68
5561000: system.cpu: T0 : 0x10574    : c_add a4, a5               : IntAlu :  D=0x0000000000071990
5562000: system.cpu: T0 : 0x10576    : slli a5, s1, 2             : IntAlu :  D=0x0000000000000018
5562500: system.cpu: T0 : 0x1057a    : c_add a5, a4               : IntAlu :  D=0x00000000000719a8
5563000: system.cpu: T0 : 0x1057c    : c_lw a5, 0(a5)             : MemRead :  D=0x0000000000001c0a A=0x719a8
5564000: system.cpu: T0 : 0x1057e    : bge a5, zero, 52           : IntAlu : 
5564500: system.cpu: T0 : 0x105b2    : c_mv a4, s2                : IntAlu :  D=0x0000000000000000
5565000: system.cpu: T0 : 0x105b4    : c_mv a5, a4                : IntAlu :  D=0x0000000000000000
5565500: system.cpu: T0 : 0x105b6    : c_slli a5, 2               : IntAlu :  D=0x0000000000000000
5566000: system.cpu: T0 : 0x105b8    : c_add a5, a4               : IntAlu :  D=0x0000000000000000
5566500: system.cpu: T0 : 0x105ba    : c_slli a5, 3               : IntAlu :  D=0x0000000000000000
5567000: system.cpu: T0 : 0x105bc    : c_mv a4, a5                : IntAlu :  D=0x0000000000000000
5568000: system.cpu: T0 : 0x105be    : ld a5, -56(s0)             : MemRead :  D=0x0000000000071990 A=0x7ffffffffffffd68
5568500: system.cpu: T0 : 0x105c2    : c_add a4, a5               : IntAlu :  D=0x0000000000071990
5569000: system.cpu: T0 : 0x105c4    : slli a5, s1, 2             : IntAlu :  D=0x0000000000000018
5569500: system.cpu: T0 : 0x105c8    : c_add a5, a4               : IntAlu :  D=0x00000000000719a8
5570000: system.cpu: T0 : 0x105ca    : c_lw a5, 0(a5)             : MemRead :  D=0x0000000000001c0a A=0x719a8
5570500: system.cpu: T0 : 0x105cc    : lw a4, -44(s0)             : MemRead :  D=0x0000000000002cfe A=0x7ffffffffffffd74
5571000: system.cpu: T0 : 0x105d0    : c_addw a5, a4              : IntAlu :  D=0x0000000000004908
5572000: system.cpu: T0 : 0x105d2    : sw a5, -44(s0)             : MemWrite :  D=0x0000000000004908 A=0x7ffffffffffffd74
5573000: system.cpu: T0 : 0x105d6    : lw a5, -36(s0)             : MemRead :  D=0x0000000000000006 A=0x7ffffffffffffd7c
5573500: system.cpu: T0 : 0x105da    : c_addiw a5, 1              : IntAlu :  D=0x0000000000000007
5574000: system.cpu: T0 : 0x105dc    : sw a5, -36(s0)             : MemWrite :  D=0x0000000000000007 A=0x7ffffffffffffd7c
5574500: system.cpu: T0 : 0x105e0    : addiw a5, s1, 1            : IntAlu :  D=0x0000000000000007
5575000: system.cpu: T0 : 0x105e4    : addiw s1, a5, 0            : IntAlu :  D=0x0000000000000007
5575500: system.cpu: T0 : 0x105e8    : c_mv a4, s1                : IntAlu :  D=0x0000000000000007
5576000: system.cpu: T0 : 0x105ea    : c_li a5, 9                 : IntAlu :  D=0x0000000000000009
5576500: system.cpu: T0 : 0x105ec    : bge a5, a4, -136           : IntAlu : 
5577000: system.cpu: T0 : 0x10564    : c_mv a4, s2                : IntAlu :  D=0x0000000000000000
5577500: system.cpu: T0 : 0x10566    : c_mv a5, a4                : IntAlu :  D=0x0000000000000000
5578000: system.cpu: T0 : 0x10568    : c_slli a5, 2               : IntAlu :  D=0x0000000000000000
5578500: system.cpu: T0 : 0x1056a    : c_add a5, a4               : IntAlu :  D=0x0000000000000000
5579000: system.cpu: T0 : 0x1056c    : c_slli a5, 3               : IntAlu :  D=0x0000000000000000
5579500: system.cpu: T0 : 0x1056e    : c_mv a4, a5                : IntAlu :  D=0x0000000000000000
5580000: system.cpu: T0 : 0x10570    : ld a5, -56(s0)             : MemRead :  D=0x0000000000071990 A=0x7ffffffffffffd68
5580500: system.cpu: T0 : 0x10574    : c_add a4, a5               : IntAlu :  D=0x0000000000071990
5581500: system.cpu: T0 : 0x10576    : slli a5, s1, 2             : IntAlu :  D=0x000000000000001c
5582000: system.cpu: T0 : 0x1057a    : c_add a5, a4               : IntAlu :  D=0x00000000000719ac
5582500: system.cpu: T0 : 0x1057c    : c_lw a5, 0(a5)             : MemRead :  D=0x0000000000001dd8 A=0x719ac
5583500: system.cpu: T0 : 0x1057e    : bge a5, zero, 52           : IntAlu : 
5584000: system.cpu: T0 : 0x105b2    : c_mv a4, s2                : IntAlu :  D=0x0000000000000000
5584500: system.cpu: T0 : 0x105b4    : c_mv a5, a4                : IntAlu :  D=0x0000000000000000
5585000: system.cpu: T0 : 0x105b6    : c_slli a5, 2               : IntAlu :  D=0x0000000000000000
5585500: system.cpu: T0 : 0x105b8    : c_add a5, a4               : IntAlu :  D=0x0000000000000000
5586000: system.cpu: T0 : 0x105ba    : c_slli a5, 3               : IntAlu :  D=0x0000000000000000
5586500: system.cpu: T0 : 0x105bc    : c_mv a4, a5                : IntAlu :  D=0x0000000000000000
5587500: system.cpu: T0 : 0x105be    : ld a5, -56(s0)             : MemRead :  D=0x0000000000071990 A=0x7ffffffffffffd68
5588000: system.cpu: T0 : 0x105c2    : c_add a4, a5               : IntAlu :  D=0x0000000000071990
5588500: system.cpu: T0 : 0x105c4    : slli a5, s1, 2             : IntAlu :  D=0x000000000000001c
5589000: system.cpu: T0 : 0x105c8    : c_add a5, a4               : IntAlu :  D=0x00000000000719ac
5589500: system.cpu: T0 : 0x105ca    : c_lw a5, 0(a5)             : MemRead :  D=0x0000000000001dd8 A=0x719ac
5590000: system.cpu: T0 : 0x105cc    : lw a4, -44(s0)             : MemRead :  D=0x0000000000004908 A=0x7ffffffffffffd74
5590500: system.cpu: T0 : 0x105d0    : c_addw a5, a4              : IntAlu :  D=0x00000000000066e0
5591500: system.cpu: T0 : 0x105d2    : sw a5, -44(s0)             : MemWrite :  D=0x00000000000066e0 A=0x7ffffffffffffd74
5592500: system.cpu: T0 : 0x105d6    : lw a5, -36(s0)             : MemRead :  D=0x0000000000000007 A=0x7ffffffffffffd7c
5593000: system.cpu: T0 : 0x105da    : c_addiw a5, 1              : IntAlu :  D=0x0000000000000008
5593500: system.cpu: T0 : 0x105dc    : sw a5, -36(s0)             : MemWrite :  D=0x0000000000000008 A=0x7ffffffffffffd7c
5594000: system.cpu: T0 : 0x105e0    : addiw a5, s1, 1            : IntAlu :  D=0x0000000000000008
5594500: system.cpu: T0 : 0x105e4    : addiw s1, a5, 0            : IntAlu :  D=0x0000000000000008
5595000: system.cpu: T0 : 0x105e8    : c_mv a4, s1                : IntAlu :  D=0x0000000000000008
5595500: system.cpu: T0 : 0x105ea    : c_li a5, 9                 : IntAlu :  D=0x0000000000000009
5596000: system.cpu: T0 : 0x105ec    : bge a5, a4, -136           : IntAlu : 
5596500: system.cpu: T0 : 0x10564    : c_mv a4, s2                : IntAlu :  D=0x0000000000000000
5597000: system.cpu: T0 : 0x10566    : c_mv a5, a4                : IntAlu :  D=0x0000000000000000
5597500: system.cpu: T0 : 0x10568    : c_slli a5, 2               : IntAlu :  D=0x0000000000000000
5598000: system.cpu: T0 : 0x1056a    : c_add a5, a4               : IntAlu :  D=0x0000000000000000
5598500: system.cpu: T0 : 0x1056c    : c_slli a5, 3               : IntAlu :  D=0x0000000000000000
5599000: system.cpu: T0 : 0x1056e    : c_mv a4, a5                : IntAlu :  D=0x0000000000000000
5599500: system.cpu: T0 : 0x10570    : ld a5, -56(s0)             : MemRead :  D=0x0000000000071990 A=0x7ffffffffffffd68
5600000: system.cpu: T0 : 0x10574    : c_add a4, a5               : IntAlu :  D=0x0000000000071990
5601000: system.cpu: T0 : 0x10576    : slli a5, s1, 2             : IntAlu :  D=0x0000000000000020
5601500: system.cpu: T0 : 0x1057a    : c_add a5, a4               : IntAlu :  D=0x00000000000719b0
5602000: system.cpu: T0 : 0x1057c    : c_lw a5, 0(a5)             : MemRead :  D=0x00000000000010e6 A=0x719b0
5603000: system.cpu: T0 : 0x1057e    : bge a5, zero, 52           : IntAlu : 
5603500: system.cpu: T0 : 0x105b2    : c_mv a4, s2                : IntAlu :  D=0x0000000000000000
5604000: system.cpu: T0 : 0x105b4    : c_mv a5, a4                : IntAlu :  D=0x0000000000000000
5604500: system.cpu: T0 : 0x105b6    : c_slli a5, 2               : IntAlu :  D=0x0000000000000000
5605000: system.cpu: T0 : 0x105b8    : c_add a5, a4               : IntAlu :  D=0x0000000000000000
5605500: system.cpu: T0 : 0x105ba    : c_slli a5, 3               : IntAlu :  D=0x0000000000000000
5606000: system.cpu: T0 : 0x105bc    : c_mv a4, a5                : IntAlu :  D=0x0000000000000000
5607000: system.cpu: T0 : 0x105be    : ld a5, -56(s0)             : MemRead :  D=0x0000000000071990 A=0x7ffffffffffffd68
5607500: system.cpu: T0 : 0x105c2    : c_add a4, a5               : IntAlu :  D=0x0000000000071990
5608000: system.cpu: T0 : 0x105c4    : slli a5, s1, 2             : IntAlu :  D=0x0000000000000020
5608500: system.cpu: T0 : 0x105c8    : c_add a5, a4               : IntAlu :  D=0x00000000000719b0
5609000: system.cpu: T0 : 0x105ca    : c_lw a5, 0(a5)             : MemRead :  D=0x00000000000010e6 A=0x719b0
5609500: system.cpu: T0 : 0x105cc    : lw a4, -44(s0)             : MemRead :  D=0x00000000000066e0 A=0x7ffffffffffffd74
5610000: system.cpu: T0 : 0x105d0    : c_addw a5, a4              : IntAlu :  D=0x00000000000077c6
5611000: system.cpu: T0 : 0x105d2    : sw a5, -44(s0)             : MemWrite :  D=0x00000000000077c6 A=0x7ffffffffffffd74
5612000: system.cpu: T0 : 0x105d6    : lw a5, -36(s0)             : MemRead :  D=0x0000000000000008 A=0x7ffffffffffffd7c
5612500: system.cpu: T0 : 0x105da    : c_addiw a5, 1              : IntAlu :  D=0x0000000000000009
5613000: system.cpu: T0 : 0x105dc    : sw a5, -36(s0)             : MemWrite :  D=0x0000000000000009 A=0x7ffffffffffffd7c
5613500: system.cpu: T0 : 0x105e0    : addiw a5, s1, 1            : IntAlu :  D=0x0000000000000009
5614000: system.cpu: T0 : 0x105e4    : addiw s1, a5, 0            : IntAlu :  D=0x0000000000000009
5614500: system.cpu: T0 : 0x105e8    : c_mv a4, s1                : IntAlu :  D=0x0000000000000009
5615000: system.cpu: T0 : 0x105ea    : c_li a5, 9                 : IntAlu :  D=0x0000000000000009
5615500: system.cpu: T0 : 0x105ec    : bge a5, a4, -136           : IntAlu : 
5616000: system.cpu: T0 : 0x10564    : c_mv a4, s2                : IntAlu :  D=0x0000000000000000
5616500: system.cpu: T0 : 0x10566    : c_mv a5, a4                : IntAlu :  D=0x0000000000000000
5617000: system.cpu: T0 : 0x10568    : c_slli a5, 2               : IntAlu :  D=0x0000000000000000
5617500: system.cpu: T0 : 0x1056a    : c_add a5, a4               : IntAlu :  D=0x0000000000000000
5618000: system.cpu: T0 : 0x1056c    : c_slli a5, 3               : IntAlu :  D=0x0000000000000000
5618500: system.cpu: T0 : 0x1056e    : c_mv a4, a5                : IntAlu :  D=0x0000000000000000
5619000: system.cpu: T0 : 0x10570    : ld a5, -56(s0)             : MemRead :  D=0x0000000000071990 A=0x7ffffffffffffd68
5619500: system.cpu: T0 : 0x10574    : c_add a4, a5               : IntAlu :  D=0x0000000000071990
5620500: system.cpu: T0 : 0x10576    : slli a5, s1, 2             : IntAlu :  D=0x0000000000000024
5621000: system.cpu: T0 : 0x1057a    : c_add a5, a4               : IntAlu :  D=0x00000000000719b4
5621500: system.cpu: T0 : 0x1057c    : c_lw a5, 0(a5)             : MemRead :  D=0x00000000000002b6 A=0x719b4
5622500: system.cpu: T0 : 0x1057e    : bge a5, zero, 52           : IntAlu : 
5623000: system.cpu: T0 : 0x105b2    : c_mv a4, s2                : IntAlu :  D=0x0000000000000000
5623500: system.cpu: T0 : 0x105b4    : c_mv a5, a4                : IntAlu :  D=0x0000000000000000
5624000: system.cpu: T0 : 0x105b6    : c_slli a5, 2               : IntAlu :  D=0x0000000000000000
5624500: system.cpu: T0 : 0x105b8    : c_add a5, a4               : IntAlu :  D=0x0000000000000000
5625000: system.cpu: T0 : 0x105ba    : c_slli a5, 3               : IntAlu :  D=0x0000000000000000
5625500: system.cpu: T0 : 0x105bc    : c_mv a4, a5                : IntAlu :  D=0x0000000000000000
5626500: system.cpu: T0 : 0x105be    : ld a5, -56(s0)             : MemRead :  D=0x0000000000071990 A=0x7ffffffffffffd68
5627000: system.cpu: T0 : 0x105c2    : c_add a4, a5               : IntAlu :  D=0x0000000000071990
5627500: system.cpu: T0 : 0x105c4    : slli a5, s1, 2             : IntAlu :  D=0x0000000000000024
5628000: system.cpu: T0 : 0x105c8    : c_add a5, a4               : IntAlu :  D=0x00000000000719b4
5628500: system.cpu: T0 : 0x105ca    : c_lw a5, 0(a5)             : MemRead :  D=0x00000000000002b6 A=0x719b4
5629000: system.cpu: T0 : 0x105cc    : lw a4, -44(s0)             : MemRead :  D=0x00000000000077c6 A=0x7ffffffffffffd74
5629500: system.cpu: T0 : 0x105d0    : c_addw a5, a4              : IntAlu :  D=0x0000000000007a7c
5630500: system.cpu: T0 : 0x105d2    : sw a5, -44(s0)             : MemWrite :  D=0x0000000000007a7c A=0x7ffffffffffffd74
5631500: system.cpu: T0 : 0x105d6    : lw a5, -36(s0)             : MemRead :  D=0x0000000000000009 A=0x7ffffffffffffd7c
5632000: system.cpu: T0 : 0x105da    : c_addiw a5, 1              : IntAlu :  D=0x000000000000000a
5632500: system.cpu: T0 : 0x105dc    : sw a5, -36(s0)             : MemWrite :  D=0x000000000000000a A=0x7ffffffffffffd7c
5633000: system.cpu: T0 : 0x105e0    : addiw a5, s1, 1            : IntAlu :  D=0x000000000000000a
5633500: system.cpu: T0 : 0x105e4    : addiw s1, a5, 0            : IntAlu :  D=0x000000000000000a
5634000: system.cpu: T0 : 0x105e8    : c_mv a4, s1                : IntAlu :  D=0x000000000000000a
5634500: system.cpu: T0 : 0x105ea    : c_li a5, 9                 : IntAlu :  D=0x0000000000000009
5635000: system.cpu: T0 : 0x105ec    : bge a5, a4, -136           : IntAlu : 
5635500: system.cpu: T0 : 0x105f0    : addiw a5, s2, 1            : IntAlu :  D=0x0000000000000001
5636000: system.cpu: T0 : 0x105f4    : addiw s2, a5, 0            : IntAlu :  D=0x0000000000000001
5636500: system.cpu: T0 : 0x105f8    : c_mv a4, s2                : IntAlu :  D=0x0000000000000001
5637000: system.cpu: T0 : 0x105fa    : c_li a5, 9                 : IntAlu :  D=0x0000000000000009
5637500: system.cpu: T0 : 0x105fc    : bge a5, a4, -156           : IntAlu : 
5638000: system.cpu: T0 : 0x10560    : c_li s1, 0                 : IntAlu :  D=0x0000000000000000
5638500: system.cpu: T0 : 0x10562    : c_j 134                    : IntAlu : 
5639000: system.cpu: T0 : 0x105e8    : c_mv a4, s1                : IntAlu :  D=0x0000000000000000
5639500: system.cpu: T0 : 0x105ea    : c_li a5, 9                 : IntAlu :  D=0x0000000000000009
5640000: system.cpu: T0 : 0x105ec    : bge a5, a4, -136           : IntAlu : 
5640500: system.cpu: T0 : 0x10564    : c_mv a4, s2                : IntAlu :  D=0x0000000000000001
5641000: system.cpu: T0 : 0x10566    : c_mv a5, a4                : IntAlu :  D=0x0000000000000001
5641500: system.cpu: T0 : 0x10568    : c_slli a5, 2               : IntAlu :  D=0x0000000000000004
5642000: system.cpu: T0 : 0x1056a    : c_add a5, a4               : IntAlu :  D=0x0000000000000005
5642500: system.cpu: T0 : 0x1056c    : c_slli a5, 3               : IntAlu :  D=0x0000000000000028
5643000: system.cpu: T0 : 0x1056e    : c_mv a4, a5                : IntAlu :  D=0x0000000000000028
5643500: system.cpu: T0 : 0x10570    : ld a5, -56(s0)             : MemRead :  D=0x0000000000071990 A=0x7ffffffffffffd68
5644000: system.cpu: T0 : 0x10574    : c_add a4, a5               : IntAlu :  D=0x00000000000719b8
5645000: system.cpu: T0 : 0x10576    : slli a5, s1, 2             : IntAlu :  D=0x0000000000000000
5645500: system.cpu: T0 : 0x1057a    : c_add a5, a4               : IntAlu :  D=0x00000000000719b8
5646000: system.cpu: T0 : 0x1057c    : c_lw a5, 0(a5)             : MemRead :  D=0x0000000000000d0a A=0x719b8
5647000: system.cpu: T0 : 0x1057e    : bge a5, zero, 52           : IntAlu : 
5647500: system.cpu: T0 : 0x105b2    : c_mv a4, s2                : IntAlu :  D=0x0000000000000001
5648000: system.cpu: T0 : 0x105b4    : c_mv a5, a4                : IntAlu :  D=0x0000000000000001
5648500: system.cpu: T0 : 0x105b6    : c_slli a5, 2               : IntAlu :  D=0x0000000000000004
5649000: system.cpu: T0 : 0x105b8    : c_add a5, a4               : IntAlu :  D=0x0000000000000005
5649500: system.cpu: T0 : 0x105ba    : c_slli a5, 3               : IntAlu :  D=0x0000000000000028
5650000: system.cpu: T0 : 0x105bc    : c_mv a4, a5                : IntAlu :  D=0x0000000000000028
5651000: system.cpu: T0 : 0x105be    : ld a5, -56(s0)             : MemRead :  D=0x0000000000071990 A=0x7ffffffffffffd68
5651500: system.cpu: T0 : 0x105c2    : c_add a4, a5               : IntAlu :  D=0x00000000000719b8
5652000: system.cpu: T0 : 0x105c4    : slli a5, s1, 2             : IntAlu :  D=0x0000000000000000
5652500: system.cpu: T0 : 0x105c8    : c_add a5, a4               : IntAlu :  D=0x00000000000719b8
5653000: system.cpu: T0 : 0x105ca    : c_lw a5, 0(a5)             : MemRead :  D=0x0000000000000d0a A=0x719b8
5653500: system.cpu: T0 : 0x105cc    : lw a4, -44(s0)             : MemRead :  D=0x0000000000007a7c A=0x7ffffffffffffd74
5654000: system.cpu: T0 : 0x105d0    : c_addw a5, a4              : IntAlu :  D=0x0000000000008786
5655000: system.cpu: T0 : 0x105d2    : sw a5, -44(s0)             : MemWrite :  D=0x0000000000008786 A=0x7ffffffffffffd74
5656000: system.cpu: T0 : 0x105d6    : lw a5, -36(s0)             : MemRead :  D=0x000000000000000a A=0x7ffffffffffffd7c
5656500: system.cpu: T0 : 0x105da    : c_addiw a5, 1              : IntAlu :  D=0x000000000000000b
5657000: system.cpu: T0 : 0x105dc    : sw a5, -36(s0)             : MemWrite :  D=0x000000000000000b A=0x7ffffffffffffd7c
5657500: system.cpu: T0 : 0x105e0    : addiw a5, s1, 1            : IntAlu :  D=0x0000000000000001
5658000: system.cpu: T0 : 0x105e4    : addiw s1, a5, 0            : IntAlu :  D=0x0000000000000001
5658500: system.cpu: T0 : 0x105e8    : c_mv a4, s1                : IntAlu :  D=0x0000000000000001
5659000: system.cpu: T0 : 0x105ea    : c_li a5, 9                 : IntAlu :  D=0x0000000000000009
5659500: system.cpu: T0 : 0x105ec    : bge a5, a4, -136           : IntAlu : 
5660000: system.cpu: T0 : 0x10564    : c_mv a4, s2                : IntAlu :  D=0x0000000000000001
5660500: system.cpu: T0 : 0x10566    : c_mv a5, a4                : IntAlu :  D=0x0000000000000001
5661000: system.cpu: T0 : 0x10568    : c_slli a5, 2               : IntAlu :  D=0x0000000000000004
5661500: system.cpu: T0 : 0x1056a    : c_add a5, a4               : IntAlu :  D=0x0000000000000005
5662000: system.cpu: T0 : 0x1056c    : c_slli a5, 3               : IntAlu :  D=0x0000000000000028
5662500: system.cpu: T0 : 0x1056e    : c_mv a4, a5                : IntAlu :  D=0x0000000000000028
5663000: system.cpu: T0 : 0x10570    : ld a5, -56(s0)             : MemRead :  D=0x0000000000071990 A=0x7ffffffffffffd68
5663500: system.cpu: T0 : 0x10574    : c_add a4, a5               : IntAlu :  D=0x00000000000719b8
5664500: system.cpu: T0 : 0x10576    : slli a5, s1, 2             : IntAlu :  D=0x0000000000000004
5665000: system.cpu: T0 : 0x1057a    : c_add a5, a4               : IntAlu :  D=0x00000000000719bc
5665500: system.cpu: T0 : 0x1057c    : c_lw a5, 0(a5)             : MemRead :  D=0x0000000000001af9 A=0x719bc
5666500: system.cpu: T0 : 0x1057e    : bge a5, zero, 52           : IntAlu : 
5667000: system.cpu: T0 : 0x105b2    : c_mv a4, s2                : IntAlu :  D=0x0000000000000001
5667500: system.cpu: T0 : 0x105b4    : c_mv a5, a4                : IntAlu :  D=0x0000000000000001
5668000: system.cpu: T0 : 0x105b6    : c_slli a5, 2               : IntAlu :  D=0x0000000000000004
5668500: system.cpu: T0 : 0x105b8    : c_add a5, a4               : IntAlu :  D=0x0000000000000005
5669000: system.cpu: T0 : 0x105ba    : c_slli a5, 3               : IntAlu :  D=0x0000000000000028
5669500: system.cpu: T0 : 0x105bc    : c_mv a4, a5                : IntAlu :  D=0x0000000000000028
5670500: system.cpu: T0 : 0x105be    : ld a5, -56(s0)             : MemRead :  D=0x0000000000071990 A=0x7ffffffffffffd68
5671000: system.cpu: T0 : 0x105c2    : c_add a4, a5               : IntAlu :  D=0x00000000000719b8
5671500: system.cpu: T0 : 0x105c4    : slli a5, s1, 2             : IntAlu :  D=0x0000000000000004
5672000: system.cpu: T0 : 0x105c8    : c_add a5, a4               : IntAlu :  D=0x00000000000719bc
5672500: system.cpu: T0 : 0x105ca    : c_lw a5, 0(a5)             : MemRead :  D=0x0000000000001af9 A=0x719bc
5673000: system.cpu: T0 : 0x105cc    : lw a4, -44(s0)             : MemRead :  D=0x0000000000008786 A=0x7ffffffffffffd74
5673500: system.cpu: T0 : 0x105d0    : c_addw a5, a4              : IntAlu :  D=0x000000000000a27f
5674500: system.cpu: T0 : 0x105d2    : sw a5, -44(s0)             : MemWrite :  D=0x000000000000a27f A=0x7ffffffffffffd74
5675500: system.cpu: T0 : 0x105d6    : lw a5, -36(s0)             : MemRead :  D=0x000000000000000b A=0x7ffffffffffffd7c
5676000: system.cpu: T0 : 0x105da    : c_addiw a5, 1              : IntAlu :  D=0x000000000000000c
5676500: system.cpu: T0 : 0x105dc    : sw a5, -36(s0)             : MemWrite :  D=0x000000000000000c A=0x7ffffffffffffd7c
5677000: system.cpu: T0 : 0x105e0    : addiw a5, s1, 1            : IntAlu :  D=0x0000000000000002
5677500: system.cpu: T0 : 0x105e4    : addiw s1, a5, 0            : IntAlu :  D=0x0000000000000002
5678000: system.cpu: T0 : 0x105e8    : c_mv a4, s1                : IntAlu :  D=0x0000000000000002
5678500: system.cpu: T0 : 0x105ea    : c_li a5, 9                 : IntAlu :  D=0x0000000000000009
5679000: system.cpu: T0 : 0x105ec    : bge a5, a4, -136           : IntAlu : 
5679500: system.cpu: T0 : 0x10564    : c_mv a4, s2                : IntAlu :  D=0x0000000000000001
5680000: system.cpu: T0 : 0x10566    : c_mv a5, a4                : IntAlu :  D=0x0000000000000001
5680500: system.cpu: T0 : 0x10568    : c_slli a5, 2               : IntAlu :  D=0x0000000000000004
5681000: system.cpu: T0 : 0x1056a    : c_add a5, a4               : IntAlu :  D=0x0000000000000005
5681500: system.cpu: T0 : 0x1056c    : c_slli a5, 3               : IntAlu :  D=0x0000000000000028
5682000: system.cpu: T0 : 0x1056e    : c_mv a4, a5                : IntAlu :  D=0x0000000000000028
5682500: system.cpu: T0 : 0x10570    : ld a5, -56(s0)             : MemRead :  D=0x0000000000071990 A=0x7ffffffffffffd68
5683000: system.cpu: T0 : 0x10574    : c_add a4, a5               : IntAlu :  D=0x00000000000719b8
5684000: system.cpu: T0 : 0x10576    : slli a5, s1, 2             : IntAlu :  D=0x0000000000000008
5684500: system.cpu: T0 : 0x1057a    : c_add a5, a4               : IntAlu :  D=0x00000000000719c0
5685000: system.cpu: T0 : 0x1057c    : c_lw a5, 0(a5)             : MemRead :  D=0x0000000000000e7f A=0x719c0
5686000: system.cpu: T0 : 0x1057e    : bge a5, zero, 52           : IntAlu : 
5686500: system.cpu: T0 : 0x105b2    : c_mv a4, s2                : IntAlu :  D=0x0000000000000001
5687000: system.cpu: T0 : 0x105b4    : c_mv a5, a4                : IntAlu :  D=0x0000000000000001
5687500: system.cpu: T0 : 0x105b6    : c_slli a5, 2               : IntAlu :  D=0x0000000000000004
5688000: system.cpu: T0 : 0x105b8    : c_add a5, a4               : IntAlu :  D=0x0000000000000005
5688500: system.cpu: T0 : 0x105ba    : c_slli a5, 3               : IntAlu :  D=0x0000000000000028
5689000: system.cpu: T0 : 0x105bc    : c_mv a4, a5                : IntAlu :  D=0x0000000000000028
5690000: system.cpu: T0 : 0x105be    : ld a5, -56(s0)             : MemRead :  D=0x0000000000071990 A=0x7ffffffffffffd68
5690500: system.cpu: T0 : 0x105c2    : c_add a4, a5               : IntAlu :  D=0x00000000000719b8
5691000: system.cpu: T0 : 0x105c4    : slli a5, s1, 2             : IntAlu :  D=0x0000000000000008
5691500: system.cpu: T0 : 0x105c8    : c_add a5, a4               : IntAlu :  D=0x00000000000719c0
5692000: system.cpu: T0 : 0x105ca    : c_lw a5, 0(a5)             : MemRead :  D=0x0000000000000e7f A=0x719c0
5692500: system.cpu: T0 : 0x105cc    : lw a4, -44(s0)             : MemRead :  D=0x000000000000a27f A=0x7ffffffffffffd74
5693000: system.cpu: T0 : 0x105d0    : c_addw a5, a4              : IntAlu :  D=0x000000000000b0fe
5694000: system.cpu: T0 : 0x105d2    : sw a5, -44(s0)             : MemWrite :  D=0x000000000000b0fe A=0x7ffffffffffffd74
5695000: system.cpu: T0 : 0x105d6    : lw a5, -36(s0)             : MemRead :  D=0x000000000000000c A=0x7ffffffffffffd7c
5695500: system.cpu: T0 : 0x105da    : c_addiw a5, 1              : IntAlu :  D=0x000000000000000d
5696000: system.cpu: T0 : 0x105dc    : sw a5, -36(s0)             : MemWrite :  D=0x000000000000000d A=0x7ffffffffffffd7c
5696500: system.cpu: T0 : 0x105e0    : addiw a5, s1, 1            : IntAlu :  D=0x0000000000000003
5697000: system.cpu: T0 : 0x105e4    : addiw s1, a5, 0            : IntAlu :  D=0x0000000000000003
5697500: system.cpu: T0 : 0x105e8    : c_mv a4, s1                : IntAlu :  D=0x0000000000000003
5698000: system.cpu: T0 : 0x105ea    : c_li a5, 9                 : IntAlu :  D=0x0000000000000009
5698500: system.cpu: T0 : 0x105ec    : bge a5, a4, -136           : IntAlu : 
5699000: system.cpu: T0 : 0x10564    : c_mv a4, s2                : IntAlu :  D=0x0000000000000001
5699500: system.cpu: T0 : 0x10566    : c_mv a5, a4                : IntAlu :  D=0x0000000000000001
5700000: system.cpu: T0 : 0x10568    : c_slli a5, 2               : IntAlu :  D=0x0000000000000004
5700500: system.cpu: T0 : 0x1056a    : c_add a5, a4               : IntAlu :  D=0x0000000000000005
5701000: system.cpu: T0 : 0x1056c    : c_slli a5, 3               : IntAlu :  D=0x0000000000000028
5701500: system.cpu: T0 : 0x1056e    : c_mv a4, a5                : IntAlu :  D=0x0000000000000028
5702000: system.cpu: T0 : 0x10570    : ld a5, -56(s0)             : MemRead :  D=0x0000000000071990 A=0x7ffffffffffffd68
5702500: system.cpu: T0 : 0x10574    : c_add a4, a5               : IntAlu :  D=0x00000000000719b8
5703500: system.cpu: T0 : 0x10576    : slli a5, s1, 2             : IntAlu :  D=0x000000000000000c
5704000: system.cpu: T0 : 0x1057a    : c_add a5, a4               : IntAlu :  D=0x00000000000719c4
5704500: system.cpu: T0 : 0x1057c    : c_lw a5, 0(a5)             : MemRead :  D=0x0000000000001f08 A=0x719c4
5705500: system.cpu: T0 : 0x1057e    : bge a5, zero, 52           : IntAlu : 
5706000: system.cpu: T0 : 0x105b2    : c_mv a4, s2                : IntAlu :  D=0x0000000000000001
5706500: system.cpu: T0 : 0x105b4    : c_mv a5, a4                : IntAlu :  D=0x0000000000000001
5707000: system.cpu: T0 : 0x105b6    : c_slli a5, 2               : IntAlu :  D=0x0000000000000004
5707500: system.cpu: T0 : 0x105b8    : c_add a5, a4               : IntAlu :  D=0x0000000000000005
5708000: system.cpu: T0 : 0x105ba    : c_slli a5, 3               : IntAlu :  D=0x0000000000000028
5708500: system.cpu: T0 : 0x105bc    : c_mv a4, a5                : IntAlu :  D=0x0000000000000028
5709500: system.cpu: T0 : 0x105be    : ld a5, -56(s0)             : MemRead :  D=0x0000000000071990 A=0x7ffffffffffffd68
5710000: system.cpu: T0 : 0x105c2    : c_add a4, a5               : IntAlu :  D=0x00000000000719b8
5710500: system.cpu: T0 : 0x105c4    : slli a5, s1, 2             : IntAlu :  D=0x000000000000000c
5711000: system.cpu: T0 : 0x105c8    : c_add a5, a4               : IntAlu :  D=0x00000000000719c4
5711500: system.cpu: T0 : 0x105ca    : c_lw a5, 0(a5)             : MemRead :  D=0x0000000000001f08 A=0x719c4
5712000: system.cpu: T0 : 0x105cc    : lw a4, -44(s0)             : MemRead :  D=0x000000000000b0fe A=0x7ffffffffffffd74
5712500: system.cpu: T0 : 0x105d0    : c_addw a5, a4              : IntAlu :  D=0x000000000000d006
5713500: system.cpu: T0 : 0x105d2    : sw a5, -44(s0)             : MemWrite :  D=0x000000000000d006 A=0x7ffffffffffffd74
5714500: system.cpu: T0 : 0x105d6    : lw a5, -36(s0)             : MemRead :  D=0x000000000000000d A=0x7ffffffffffffd7c
5715000: system.cpu: T0 : 0x105da    : c_addiw a5, 1              : IntAlu :  D=0x000000000000000e
5715500: system.cpu: T0 : 0x105dc    : sw a5, -36(s0)             : MemWrite :  D=0x000000000000000e A=0x7ffffffffffffd7c
5716000: system.cpu: T0 : 0x105e0    : addiw a5, s1, 1            : IntAlu :  D=0x0000000000000004
5716500: system.cpu: T0 : 0x105e4    : addiw s1, a5, 0            : IntAlu :  D=0x0000000000000004
5717000: system.cpu: T0 : 0x105e8    : c_mv a4, s1                : IntAlu :  D=0x0000000000000004
5717500: system.cpu: T0 : 0x105ea    : c_li a5, 9                 : IntAlu :  D=0x0000000000000009
5718000: system.cpu: T0 : 0x105ec    : bge a5, a4, -136           : IntAlu : 
5718500: system.cpu: T0 : 0x10564    : c_mv a4, s2                : IntAlu :  D=0x0000000000000001
5719000: system.cpu: T0 : 0x10566    : c_mv a5, a4                : IntAlu :  D=0x0000000000000001
5719500: system.cpu: T0 : 0x10568    : c_slli a5, 2               : IntAlu :  D=0x0000000000000004
5720000: system.cpu: T0 : 0x1056a    : c_add a5, a4               : IntAlu :  D=0x0000000000000005
5720500: system.cpu: T0 : 0x1056c    : c_slli a5, 3               : IntAlu :  D=0x0000000000000028
5721000: system.cpu: T0 : 0x1056e    : c_mv a4, a5                : IntAlu :  D=0x0000000000000028
5721500: system.cpu: T0 : 0x10570    : ld a5, -56(s0)             : MemRead :  D=0x0000000000071990 A=0x7ffffffffffffd68
5722000: system.cpu: T0 : 0x10574    : c_add a4, a5               : IntAlu :  D=0x00000000000719b8
5723000: system.cpu: T0 : 0x10576    : slli a5, s1, 2             : IntAlu :  D=0x0000000000000010
5723500: system.cpu: T0 : 0x1057a    : c_add a5, a4               : IntAlu :  D=0x00000000000719c8
5724000: system.cpu: T0 : 0x1057c    : c_lw a5, 0(a5)             : MemRead :  D=0x00000000000010bb A=0x719c8
5725000: system.cpu: T0 : 0x1057e    : bge a5, zero, 52           : IntAlu : 
5725500: system.cpu: T0 : 0x105b2    : c_mv a4, s2                : IntAlu :  D=0x0000000000000001
5726000: system.cpu: T0 : 0x105b4    : c_mv a5, a4                : IntAlu :  D=0x0000000000000001
5726500: system.cpu: T0 : 0x105b6    : c_slli a5, 2               : IntAlu :  D=0x0000000000000004
5727000: system.cpu: T0 : 0x105b8    : c_add a5, a4               : IntAlu :  D=0x0000000000000005
5727500: system.cpu: T0 : 0x105ba    : c_slli a5, 3               : IntAlu :  D=0x0000000000000028
5728000: system.cpu: T0 : 0x105bc    : c_mv a4, a5                : IntAlu :  D=0x0000000000000028
5729000: system.cpu: T0 : 0x105be    : ld a5, -56(s0)             : MemRead :  D=0x0000000000071990 A=0x7ffffffffffffd68
5729500: system.cpu: T0 : 0x105c2    : c_add a4, a5               : IntAlu :  D=0x00000000000719b8
5730000: system.cpu: T0 : 0x105c4    : slli a5, s1, 2             : IntAlu :  D=0x0000000000000010
5730500: system.cpu: T0 : 0x105c8    : c_add a5, a4               : IntAlu :  D=0x00000000000719c8
5731000: system.cpu: T0 : 0x105ca    : c_lw a5, 0(a5)             : MemRead :  D=0x00000000000010bb A=0x719c8
5731500: system.cpu: T0 : 0x105cc    : lw a4, -44(s0)             : MemRead :  D=0x000000000000d006 A=0x7ffffffffffffd74
5732000: system.cpu: T0 : 0x105d0    : c_addw a5, a4              : IntAlu :  D=0x000000000000e0c1
5733000: system.cpu: T0 : 0x105d2    : sw a5, -44(s0)             : MemWrite :  D=0x000000000000e0c1 A=0x7ffffffffffffd74
5734000: system.cpu: T0 : 0x105d6    : lw a5, -36(s0)             : MemRead :  D=0x000000000000000e A=0x7ffffffffffffd7c
5734500: system.cpu: T0 : 0x105da    : c_addiw a5, 1              : IntAlu :  D=0x000000000000000f
5735000: system.cpu: T0 : 0x105dc    : sw a5, -36(s0)             : MemWrite :  D=0x000000000000000f A=0x7ffffffffffffd7c
5735500: system.cpu: T0 : 0x105e0    : addiw a5, s1, 1            : IntAlu :  D=0x0000000000000005
5736000: system.cpu: T0 : 0x105e4    : addiw s1, a5, 0            : IntAlu :  D=0x0000000000000005
5736500: system.cpu: T0 : 0x105e8    : c_mv a4, s1                : IntAlu :  D=0x0000000000000005
5737000: system.cpu: T0 : 0x105ea    : c_li a5, 9                 : IntAlu :  D=0x0000000000000009
5737500: system.cpu: T0 : 0x105ec    : bge a5, a4, -136           : IntAlu : 
5738000: system.cpu: T0 : 0x10564    : c_mv a4, s2                : IntAlu :  D=0x0000000000000001
5738500: system.cpu: T0 : 0x10566    : c_mv a5, a4                : IntAlu :  D=0x0000000000000001
5739000: system.cpu: T0 : 0x10568    : c_slli a5, 2               : IntAlu :  D=0x0000000000000004
5739500: system.cpu: T0 : 0x1056a    : c_add a5, a4               : IntAlu :  D=0x0000000000000005
5740000: system.cpu: T0 : 0x1056c    : c_slli a5, 3               : IntAlu :  D=0x0000000000000028
5740500: system.cpu: T0 : 0x1056e    : c_mv a4, a5                : IntAlu :  D=0x0000000000000028
5741000: system.cpu: T0 : 0x10570    : ld a5, -56(s0)             : MemRead :  D=0x0000000000071990 A=0x7ffffffffffffd68
5741500: system.cpu: T0 : 0x10574    : c_add a4, a5               : IntAlu :  D=0x00000000000719b8
5742500: system.cpu: T0 : 0x10576    : slli a5, s1, 2             : IntAlu :  D=0x0000000000000014
5743000: system.cpu: T0 : 0x1057a    : c_add a5, a4               : IntAlu :  D=0x00000000000719cc
5743500: system.cpu: T0 : 0x1057c    : c_lw a5, 0(a5)             : MemRead :  D=0x0000000000000bfe A=0x719cc
5744500: system.cpu: T0 : 0x1057e    : bge a5, zero, 52           : IntAlu : 
5745000: system.cpu: T0 : 0x105b2    : c_mv a4, s2                : IntAlu :  D=0x0000000000000001
5745500: system.cpu: T0 : 0x105b4    : c_mv a5, a4                : IntAlu :  D=0x0000000000000001
5746000: system.cpu: T0 : 0x105b6    : c_slli a5, 2               : IntAlu :  D=0x0000000000000004
5746500: system.cpu: T0 : 0x105b8    : c_add a5, a4               : IntAlu :  D=0x0000000000000005
5747000: system.cpu: T0 : 0x105ba    : c_slli a5, 3               : IntAlu :  D=0x0000000000000028
5747500: system.cpu: T0 : 0x105bc    : c_mv a4, a5                : IntAlu :  D=0x0000000000000028
5748500: system.cpu: T0 : 0x105be    : ld a5, -56(s0)             : MemRead :  D=0x0000000000071990 A=0x7ffffffffffffd68
5749000: system.cpu: T0 : 0x105c2    : c_add a4, a5               : IntAlu :  D=0x00000000000719b8
5749500: system.cpu: T0 : 0x105c4    : slli a5, s1, 2             : IntAlu :  D=0x0000000000000014
5750000: system.cpu: T0 : 0x105c8    : c_add a5, a4               : IntAlu :  D=0x00000000000719cc
5750500: system.cpu: T0 : 0x105ca    : c_lw a5, 0(a5)             : MemRead :  D=0x0000000000000bfe A=0x719cc
5751000: system.cpu: T0 : 0x105cc    : lw a4, -44(s0)             : MemRead :  D=0x000000000000e0c1 A=0x7ffffffffffffd74
5751500: system.cpu: T0 : 0x105d0    : c_addw a5, a4              : IntAlu :  D=0x000000000000ecbf
5752500: system.cpu: T0 : 0x105d2    : sw a5, -44(s0)             : MemWrite :  D=0x000000000000ecbf A=0x7ffffffffffffd74
5753500: system.cpu: T0 : 0x105d6    : lw a5, -36(s0)             : MemRead :  D=0x000000000000000f A=0x7ffffffffffffd7c
5754000: system.cpu: T0 : 0x105da    : c_addiw a5, 1              : IntAlu :  D=0x0000000000000010
5754500: system.cpu: T0 : 0x105dc    : sw a5, -36(s0)             : MemWrite :  D=0x0000000000000010 A=0x7ffffffffffffd7c
5755000: system.cpu: T0 : 0x105e0    : addiw a5, s1, 1            : IntAlu :  D=0x0000000000000006
5755500: system.cpu: T0 : 0x105e4    : addiw s1, a5, 0            : IntAlu :  D=0x0000000000000006
5756000: system.cpu: T0 : 0x105e8    : c_mv a4, s1                : IntAlu :  D=0x0000000000000006
5756500: system.cpu: T0 : 0x105ea    : c_li a5, 9                 : IntAlu :  D=0x0000000000000009
5757000: system.cpu: T0 : 0x105ec    : bge a5, a4, -136           : IntAlu : 
5757500: system.cpu: T0 : 0x10564    : c_mv a4, s2                : IntAlu :  D=0x0000000000000001
5758000: system.cpu: T0 : 0x10566    : c_mv a5, a4                : IntAlu :  D=0x0000000000000001
5758500: system.cpu: T0 : 0x10568    : c_slli a5, 2               : IntAlu :  D=0x0000000000000004
5759000: system.cpu: T0 : 0x1056a    : c_add a5, a4               : IntAlu :  D=0x0000000000000005
5759500: system.cpu: T0 : 0x1056c    : c_slli a5, 3               : IntAlu :  D=0x0000000000000028
5760000: system.cpu: T0 : 0x1056e    : c_mv a4, a5                : IntAlu :  D=0x0000000000000028
5760500: system.cpu: T0 : 0x10570    : ld a5, -56(s0)             : MemRead :  D=0x0000000000071990 A=0x7ffffffffffffd68
5761000: system.cpu: T0 : 0x10574    : c_add a4, a5               : IntAlu :  D=0x00000000000719b8
5762000: system.cpu: T0 : 0x10576    : slli a5, s1, 2             : IntAlu :  D=0x0000000000000018
5762500: system.cpu: T0 : 0x1057a    : c_add a5, a4               : IntAlu :  D=0x00000000000719d0
5763000: system.cpu: T0 : 0x1057c    : c_lw a5, 0(a5)             : MemRead :  D=0x0000000000000e39 A=0x719d0
5764000: system.cpu: T0 : 0x1057e    : bge a5, zero, 52           : IntAlu : 
5764500: system.cpu: T0 : 0x105b2    : c_mv a4, s2                : IntAlu :  D=0x0000000000000001
5765000: system.cpu: T0 : 0x105b4    : c_mv a5, a4                : IntAlu :  D=0x0000000000000001
5765500: system.cpu: T0 : 0x105b6    : c_slli a5, 2               : IntAlu :  D=0x0000000000000004
5766000: system.cpu: T0 : 0x105b8    : c_add a5, a4               : IntAlu :  D=0x0000000000000005
5766500: system.cpu: T0 : 0x105ba    : c_slli a5, 3               : IntAlu :  D=0x0000000000000028
5767000: system.cpu: T0 : 0x105bc    : c_mv a4, a5                : IntAlu :  D=0x0000000000000028
5768000: system.cpu: T0 : 0x105be    : ld a5, -56(s0)             : MemRead :  D=0x0000000000071990 A=0x7ffffffffffffd68
5768500: system.cpu: T0 : 0x105c2    : c_add a4, a5               : IntAlu :  D=0x00000000000719b8
5769000: system.cpu: T0 : 0x105c4    : slli a5, s1, 2             : IntAlu :  D=0x0000000000000018
5769500: system.cpu: T0 : 0x105c8    : c_add a5, a4               : IntAlu :  D=0x00000000000719d0
5770000: system.cpu: T0 : 0x105ca    : c_lw a5, 0(a5)             : MemRead :  D=0x0000000000000e39 A=0x719d0
5770500: system.cpu: T0 : 0x105cc    : lw a4, -44(s0)             : MemRead :  D=0x000000000000ecbf A=0x7ffffffffffffd74
5771000: system.cpu: T0 : 0x105d0    : c_addw a5, a4              : IntAlu :  D=0x000000000000faf8
5772000: system.cpu: T0 : 0x105d2    : sw a5, -44(s0)             : MemWrite :  D=0x000000000000faf8 A=0x7ffffffffffffd74
5773000: system.cpu: T0 : 0x105d6    : lw a5, -36(s0)             : MemRead :  D=0x0000000000000010 A=0x7ffffffffffffd7c
5773500: system.cpu: T0 : 0x105da    : c_addiw a5, 1              : IntAlu :  D=0x0000000000000011
5774000: system.cpu: T0 : 0x105dc    : sw a5, -36(s0)             : MemWrite :  D=0x0000000000000011 A=0x7ffffffffffffd7c
5774500: system.cpu: T0 : 0x105e0    : addiw a5, s1, 1            : IntAlu :  D=0x0000000000000007
5775000: system.cpu: T0 : 0x105e4    : addiw s1, a5, 0            : IntAlu :  D=0x0000000000000007
5775500: system.cpu: T0 : 0x105e8    : c_mv a4, s1                : IntAlu :  D=0x0000000000000007
5776000: system.cpu: T0 : 0x105ea    : c_li a5, 9                 : IntAlu :  D=0x0000000000000009
5776500: system.cpu: T0 : 0x105ec    : bge a5, a4, -136           : IntAlu : 
5777000: system.cpu: T0 : 0x10564    : c_mv a4, s2                : IntAlu :  D=0x0000000000000001
5777500: system.cpu: T0 : 0x10566    : c_mv a5, a4                : IntAlu :  D=0x0000000000000001
5778000: system.cpu: T0 : 0x10568    : c_slli a5, 2               : IntAlu :  D=0x0000000000000004
5778500: system.cpu: T0 : 0x1056a    : c_add a5, a4               : IntAlu :  D=0x0000000000000005
5779000: system.cpu: T0 : 0x1056c    : c_slli a5, 3               : IntAlu :  D=0x0000000000000028
5779500: system.cpu: T0 : 0x1056e    : c_mv a4, a5                : IntAlu :  D=0x0000000000000028
5780000: system.cpu: T0 : 0x10570    : ld a5, -56(s0)             : MemRead :  D=0x0000000000071990 A=0x7ffffffffffffd68
5780500: system.cpu: T0 : 0x10574    : c_add a4, a5               : IntAlu :  D=0x00000000000719b8
5781500: system.cpu: T0 : 0x10576    : slli a5, s1, 2             : IntAlu :  D=0x000000000000001c
5782000: system.cpu: T0 : 0x1057a    : c_add a5, a4               : IntAlu :  D=0x00000000000719d4
5782500: system.cpu: T0 : 0x1057c    : c_lw a5, 0(a5)             : MemRead :  D=0x0000000000001a49 A=0x719d4
5783500: system.cpu: T0 : 0x1057e    : bge a5, zero, 52           : IntAlu : 
5784000: system.cpu: T0 : 0x105b2    : c_mv a4, s2                : IntAlu :  D=0x0000000000000001
5784500: system.cpu: T0 : 0x105b4    : c_mv a5, a4                : IntAlu :  D=0x0000000000000001
5785000: system.cpu: T0 : 0x105b6    : c_slli a5, 2               : IntAlu :  D=0x0000000000000004
5785500: system.cpu: T0 : 0x105b8    : c_add a5, a4               : IntAlu :  D=0x0000000000000005
5786000: system.cpu: T0 : 0x105ba    : c_slli a5, 3               : IntAlu :  D=0x0000000000000028
5786500: system.cpu: T0 : 0x105bc    : c_mv a4, a5                : IntAlu :  D=0x0000000000000028
5787500: system.cpu: T0 : 0x105be    : ld a5, -56(s0)             : MemRead :  D=0x0000000000071990 A=0x7ffffffffffffd68
5788000: system.cpu: T0 : 0x105c2    : c_add a4, a5               : IntAlu :  D=0x00000000000719b8
5788500: system.cpu: T0 : 0x105c4    : slli a5, s1, 2             : IntAlu :  D=0x000000000000001c
5789000: system.cpu: T0 : 0x105c8    : c_add a5, a4               : IntAlu :  D=0x00000000000719d4
5789500: system.cpu: T0 : 0x105ca    : c_lw a5, 0(a5)             : MemRead :  D=0x0000000000001a49 A=0x719d4
5790000: system.cpu: T0 : 0x105cc    : lw a4, -44(s0)             : MemRead :  D=0x000000000000faf8 A=0x7ffffffffffffd74
5790500: system.cpu: T0 : 0x105d0    : c_addw a5, a4              : IntAlu :  D=0x0000000000011541
5791500: system.cpu: T0 : 0x105d2    : sw a5, -44(s0)             : MemWrite :  D=0x0000000000011541 A=0x7ffffffffffffd74
5792500: system.cpu: T0 : 0x105d6    : lw a5, -36(s0)             : MemRead :  D=0x0000000000000011 A=0x7ffffffffffffd7c
5793000: system.cpu: T0 : 0x105da    : c_addiw a5, 1              : IntAlu :  D=0x0000000000000012
5793500: system.cpu: T0 : 0x105dc    : sw a5, -36(s0)             : MemWrite :  D=0x0000000000000012 A=0x7ffffffffffffd7c
5794000: system.cpu: T0 : 0x105e0    : addiw a5, s1, 1            : IntAlu :  D=0x0000000000000008
5794500: system.cpu: T0 : 0x105e4    : addiw s1, a5, 0            : IntAlu :  D=0x0000000000000008
5795000: system.cpu: T0 : 0x105e8    : c_mv a4, s1                : IntAlu :  D=0x0000000000000008
5795500: system.cpu: T0 : 0x105ea    : c_li a5, 9                 : IntAlu :  D=0x0000000000000009
5796000: system.cpu: T0 : 0x105ec    : bge a5, a4, -136           : IntAlu : 
5796500: system.cpu: T0 : 0x10564    : c_mv a4, s2                : IntAlu :  D=0x0000000000000001
5797000: system.cpu: T0 : 0x10566    : c_mv a5, a4                : IntAlu :  D=0x0000000000000001
5797500: system.cpu: T0 : 0x10568    : c_slli a5, 2               : IntAlu :  D=0x0000000000000004
5798000: system.cpu: T0 : 0x1056a    : c_add a5, a4               : IntAlu :  D=0x0000000000000005
5798500: system.cpu: T0 : 0x1056c    : c_slli a5, 3               : IntAlu :  D=0x0000000000000028
5799000: system.cpu: T0 : 0x1056e    : c_mv a4, a5                : IntAlu :  D=0x0000000000000028
5799500: system.cpu: T0 : 0x10570    : ld a5, -56(s0)             : MemRead :  D=0x0000000000071990 A=0x7ffffffffffffd68
5800000: system.cpu: T0 : 0x10574    : c_add a4, a5               : IntAlu :  D=0x00000000000719b8
5801000: system.cpu: T0 : 0x10576    : slli a5, s1, 2             : IntAlu :  D=0x0000000000000020
5801500: system.cpu: T0 : 0x1057a    : c_add a5, a4               : IntAlu :  D=0x00000000000719d8
5802000: system.cpu: T0 : 0x1057c    : c_lw a5, 0(a5)             : MemRead :  D=0x00000000000011ec A=0x719d8
5803000: system.cpu: T0 : 0x1057e    : bge a5, zero, 52           : IntAlu : 
5803500: system.cpu: T0 : 0x105b2    : c_mv a4, s2                : IntAlu :  D=0x0000000000000001
5804000: system.cpu: T0 : 0x105b4    : c_mv a5, a4                : IntAlu :  D=0x0000000000000001
5804500: system.cpu: T0 : 0x105b6    : c_slli a5, 2               : IntAlu :  D=0x0000000000000004
5805000: system.cpu: T0 : 0x105b8    : c_add a5, a4               : IntAlu :  D=0x0000000000000005
5805500: system.cpu: T0 : 0x105ba    : c_slli a5, 3               : IntAlu :  D=0x0000000000000028
5806000: system.cpu: T0 : 0x105bc    : c_mv a4, a5                : IntAlu :  D=0x0000000000000028
5807000: system.cpu: T0 : 0x105be    : ld a5, -56(s0)             : MemRead :  D=0x0000000000071990 A=0x7ffffffffffffd68
5807500: system.cpu: T0 : 0x105c2    : c_add a4, a5               : IntAlu :  D=0x00000000000719b8
5808000: system.cpu: T0 : 0x105c4    : slli a5, s1, 2             : IntAlu :  D=0x0000000000000020
5808500: system.cpu: T0 : 0x105c8    : c_add a5, a4               : IntAlu :  D=0x00000000000719d8
5809000: system.cpu: T0 : 0x105ca    : c_lw a5, 0(a5)             : MemRead :  D=0x00000000000011ec A=0x719d8
5809500: system.cpu: T0 : 0x105cc    : lw a4, -44(s0)             : MemRead :  D=0x0000000000011541 A=0x7ffffffffffffd74
5810000: system.cpu: T0 : 0x105d0    : c_addw a5, a4              : IntAlu :  D=0x000000000001272d
5811000: system.cpu: T0 : 0x105d2    : sw a5, -44(s0)             : MemWrite :  D=0x000000000001272d A=0x7ffffffffffffd74
5812000: system.cpu: T0 : 0x105d6    : lw a5, -36(s0)             : MemRead :  D=0x0000000000000012 A=0x7ffffffffffffd7c
5812500: system.cpu: T0 : 0x105da    : c_addiw a5, 1              : IntAlu :  D=0x0000000000000013
5813000: system.cpu: T0 : 0x105dc    : sw a5, -36(s0)             : MemWrite :  D=0x0000000000000013 A=0x7ffffffffffffd7c
5813500: system.cpu: T0 : 0x105e0    : addiw a5, s1, 1            : IntAlu :  D=0x0000000000000009
5814000: system.cpu: T0 : 0x105e4    : addiw s1, a5, 0            : IntAlu :  D=0x0000000000000009
5814500: system.cpu: T0 : 0x105e8    : c_mv a4, s1                : IntAlu :  D=0x0000000000000009
5815000: system.cpu: T0 : 0x105ea    : c_li a5, 9                 : IntAlu :  D=0x0000000000000009
5815500: system.cpu: T0 : 0x105ec    : bge a5, a4, -136           : IntAlu : 
5816000: system.cpu: T0 : 0x10564    : c_mv a4, s2                : IntAlu :  D=0x0000000000000001
5816500: system.cpu: T0 : 0x10566    : c_mv a5, a4                : IntAlu :  D=0x0000000000000001
5817000: system.cpu: T0 : 0x10568    : c_slli a5, 2               : IntAlu :  D=0x0000000000000004
5817500: system.cpu: T0 : 0x1056a    : c_add a5, a4               : IntAlu :  D=0x0000000000000005
5818000: system.cpu: T0 : 0x1056c    : c_slli a5, 3               : IntAlu :  D=0x0000000000000028
5818500: system.cpu: T0 : 0x1056e    : c_mv a4, a5                : IntAlu :  D=0x0000000000000028
5819000: system.cpu: T0 : 0x10570    : ld a5, -56(s0)             : MemRead :  D=0x0000000000071990 A=0x7ffffffffffffd68
5819500: system.cpu: T0 : 0x10574    : c_add a4, a5               : IntAlu :  D=0x00000000000719b8
5820500: system.cpu: T0 : 0x10576    : slli a5, s1, 2             : IntAlu :  D=0x0000000000000024
5821000: system.cpu: T0 : 0x1057a    : c_add a5, a4               : IntAlu :  D=0x00000000000719dc
5821500: system.cpu: T0 : 0x1057c    : c_lw a5, 0(a5)             : MemRead :  D=0x0000000000000c58 A=0x719dc
5822500: system.cpu: T0 : 0x1057e    : bge a5, zero, 52           : IntAlu : 
5823000: system.cpu: T0 : 0x105b2    : c_mv a4, s2                : IntAlu :  D=0x0000000000000001
5823500: system.cpu: T0 : 0x105b4    : c_mv a5, a4                : IntAlu :  D=0x0000000000000001
5824000: system.cpu: T0 : 0x105b6    : c_slli a5, 2               : IntAlu :  D=0x0000000000000004
5824500: system.cpu: T0 : 0x105b8    : c_add a5, a4               : IntAlu :  D=0x0000000000000005
5825000: system.cpu: T0 : 0x105ba    : c_slli a5, 3               : IntAlu :  D=0x0000000000000028
5825500: system.cpu: T0 : 0x105bc    : c_mv a4, a5                : IntAlu :  D=0x0000000000000028
5826500: system.cpu: T0 : 0x105be    : ld a5, -56(s0)             : MemRead :  D=0x0000000000071990 A=0x7ffffffffffffd68
5827000: system.cpu: T0 : 0x105c2    : c_add a4, a5               : IntAlu :  D=0x00000000000719b8
5827500: system.cpu: T0 : 0x105c4    : slli a5, s1, 2             : IntAlu :  D=0x0000000000000024
5828000: system.cpu: T0 : 0x105c8    : c_add a5, a4               : IntAlu :  D=0x00000000000719dc
5828500: system.cpu: T0 : 0x105ca    : c_lw a5, 0(a5)             : MemRead :  D=0x0000000000000c58 A=0x719dc
5829000: system.cpu: T0 : 0x105cc    : lw a4, -44(s0)             : MemRead :  D=0x000000000001272d A=0x7ffffffffffffd74
5829500: system.cpu: T0 : 0x105d0    : c_addw a5, a4              : IntAlu :  D=0x0000000000013385
5830500: system.cpu: T0 : 0x105d2    : sw a5, -44(s0)             : MemWrite :  D=0x0000000000013385 A=0x7ffffffffffffd74
5831500: system.cpu: T0 : 0x105d6    : lw a5, -36(s0)             : MemRead :  D=0x0000000000000013 A=0x7ffffffffffffd7c
5832000: system.cpu: T0 : 0x105da    : c_addiw a5, 1              : IntAlu :  D=0x0000000000000014
5832500: system.cpu: T0 : 0x105dc    : sw a5, -36(s0)             : MemWrite :  D=0x0000000000000014 A=0x7ffffffffffffd7c
5833000: system.cpu: T0 : 0x105e0    : addiw a5, s1, 1            : IntAlu :  D=0x000000000000000a
5833500: system.cpu: T0 : 0x105e4    : addiw s1, a5, 0            : IntAlu :  D=0x000000000000000a
5834000: system.cpu: T0 : 0x105e8    : c_mv a4, s1                : IntAlu :  D=0x000000000000000a
5834500: system.cpu: T0 : 0x105ea    : c_li a5, 9                 : IntAlu :  D=0x0000000000000009
5835000: system.cpu: T0 : 0x105ec    : bge a5, a4, -136           : IntAlu : 
5835500: system.cpu: T0 : 0x105f0    : addiw a5, s2, 1            : IntAlu :  D=0x0000000000000002
5836000: system.cpu: T0 : 0x105f4    : addiw s2, a5, 0            : IntAlu :  D=0x0000000000000002
5836500: system.cpu: T0 : 0x105f8    : c_mv a4, s2                : IntAlu :  D=0x0000000000000002
5837000: system.cpu: T0 : 0x105fa    : c_li a5, 9                 : IntAlu :  D=0x0000000000000009
5837500: system.cpu: T0 : 0x105fc    : bge a5, a4, -156           : IntAlu : 
5838000: system.cpu: T0 : 0x10560    : c_li s1, 0                 : IntAlu :  D=0x0000000000000000
5838500: system.cpu: T0 : 0x10562    : c_j 134                    : IntAlu : 
5839000: system.cpu: T0 : 0x105e8    : c_mv a4, s1                : IntAlu :  D=0x0000000000000000
5839500: system.cpu: T0 : 0x105ea    : c_li a5, 9                 : IntAlu :  D=0x0000000000000009
5840000: system.cpu: T0 : 0x105ec    : bge a5, a4, -136           : IntAlu : 
5840500: system.cpu: T0 : 0x10564    : c_mv a4, s2                : IntAlu :  D=0x0000000000000002
5841000: system.cpu: T0 : 0x10566    : c_mv a5, a4                : IntAlu :  D=0x0000000000000002
5841500: system.cpu: T0 : 0x10568    : c_slli a5, 2               : IntAlu :  D=0x0000000000000008
5842000: system.cpu: T0 : 0x1056a    : c_add a5, a4               : IntAlu :  D=0x000000000000000a
5842500: system.cpu: T0 : 0x1056c    : c_slli a5, 3               : IntAlu :  D=0x0000000000000050
5843000: system.cpu: T0 : 0x1056e    : c_mv a4, a5                : IntAlu :  D=0x0000000000000050
5843500: system.cpu: T0 : 0x10570    : ld a5, -56(s0)             : MemRead :  D=0x0000000000071990 A=0x7ffffffffffffd68
5844000: system.cpu: T0 : 0x10574    : c_add a4, a5               : IntAlu :  D=0x00000000000719e0
5845000: system.cpu: T0 : 0x10576    : slli a5, s1, 2             : IntAlu :  D=0x0000000000000000
5845500: system.cpu: T0 : 0x1057a    : c_add a5, a4               : IntAlu :  D=0x00000000000719e0
5846000: system.cpu: T0 : 0x1057c    : c_lw a5, 0(a5)             : MemRead :  D=0x0000000000001d5c A=0x719e0
5847000: system.cpu: T0 : 0x1057e    : bge a5, zero, 52           : IntAlu : 
5847500: system.cpu: T0 : 0x105b2    : c_mv a4, s2                : IntAlu :  D=0x0000000000000002
5848000: system.cpu: T0 : 0x105b4    : c_mv a5, a4                : IntAlu :  D=0x0000000000000002
5848500: system.cpu: T0 : 0x105b6    : c_slli a5, 2               : IntAlu :  D=0x0000000000000008
5849000: system.cpu: T0 : 0x105b8    : c_add a5, a4               : IntAlu :  D=0x000000000000000a
5849500: system.cpu: T0 : 0x105ba    : c_slli a5, 3               : IntAlu :  D=0x0000000000000050
5850000: system.cpu: T0 : 0x105bc    : c_mv a4, a5                : IntAlu :  D=0x0000000000000050
5851000: system.cpu: T0 : 0x105be    : ld a5, -56(s0)             : MemRead :  D=0x0000000000071990 A=0x7ffffffffffffd68
5851500: system.cpu: T0 : 0x105c2    : c_add a4, a5               : IntAlu :  D=0x00000000000719e0
5852000: system.cpu: T0 : 0x105c4    : slli a5, s1, 2             : IntAlu :  D=0x0000000000000000
5852500: system.cpu: T0 : 0x105c8    : c_add a5, a4               : IntAlu :  D=0x00000000000719e0
5853000: system.cpu: T0 : 0x105ca    : c_lw a5, 0(a5)             : MemRead :  D=0x0000000000001d5c A=0x719e0
5853500: system.cpu: T0 : 0x105cc    : lw a4, -44(s0)             : MemRead :  D=0x0000000000013385 A=0x7ffffffffffffd74
5854000: system.cpu: T0 : 0x105d0    : c_addw a5, a4              : IntAlu :  D=0x00000000000150e1
5855000: system.cpu: T0 : 0x105d2    : sw a5, -44(s0)             : MemWrite :  D=0x00000000000150e1 A=0x7ffffffffffffd74
5856000: system.cpu: T0 : 0x105d6    : lw a5, -36(s0)             : MemRead :  D=0x0000000000000014 A=0x7ffffffffffffd7c
5856500: system.cpu: T0 : 0x105da    : c_addiw a5, 1              : IntAlu :  D=0x0000000000000015
5857000: system.cpu: T0 : 0x105dc    : sw a5, -36(s0)             : MemWrite :  D=0x0000000000000015 A=0x7ffffffffffffd7c
5857500: system.cpu: T0 : 0x105e0    : addiw a5, s1, 1            : IntAlu :  D=0x0000000000000001
5858000: system.cpu: T0 : 0x105e4    : addiw s1, a5, 0            : IntAlu :  D=0x0000000000000001
5858500: system.cpu: T0 : 0x105e8    : c_mv a4, s1                : IntAlu :  D=0x0000000000000001
5859000: system.cpu: T0 : 0x105ea    : c_li a5, 9                 : IntAlu :  D=0x0000000000000009
5859500: system.cpu: T0 : 0x105ec    : bge a5, a4, -136           : IntAlu : 
5860000: system.cpu: T0 : 0x10564    : c_mv a4, s2                : IntAlu :  D=0x0000000000000002
5860500: system.cpu: T0 : 0x10566    : c_mv a5, a4                : IntAlu :  D=0x0000000000000002
5861000: system.cpu: T0 : 0x10568    : c_slli a5, 2               : IntAlu :  D=0x0000000000000008
5861500: system.cpu: T0 : 0x1056a    : c_add a5, a4               : IntAlu :  D=0x000000000000000a
5862000: system.cpu: T0 : 0x1056c    : c_slli a5, 3               : IntAlu :  D=0x0000000000000050
5862500: system.cpu: T0 : 0x1056e    : c_mv a4, a5                : IntAlu :  D=0x0000000000000050
5863000: system.cpu: T0 : 0x10570    : ld a5, -56(s0)             : MemRead :  D=0x0000000000071990 A=0x7ffffffffffffd68
5863500: system.cpu: T0 : 0x10574    : c_add a4, a5               : IntAlu :  D=0x00000000000719e0
5864500: system.cpu: T0 : 0x10576    : slli a5, s1, 2             : IntAlu :  D=0x0000000000000004
5865000: system.cpu: T0 : 0x1057a    : c_add a5, a4               : IntAlu :  D=0x00000000000719e4
5865500: system.cpu: T0 : 0x1057c    : c_lw a5, 0(a5)             : MemRead :  D=0x0000000000000fb8 A=0x719e4
5866500: system.cpu: T0 : 0x1057e    : bge a5, zero, 52           : IntAlu : 
5867000: system.cpu: T0 : 0x105b2    : c_mv a4, s2                : IntAlu :  D=0x0000000000000002
5867500: system.cpu: T0 : 0x105b4    : c_mv a5, a4                : IntAlu :  D=0x0000000000000002
5868000: system.cpu: T0 : 0x105b6    : c_slli a5, 2               : IntAlu :  D=0x0000000000000008
5868500: system.cpu: T0 : 0x105b8    : c_add a5, a4               : IntAlu :  D=0x000000000000000a
5869000: system.cpu: T0 : 0x105ba    : c_slli a5, 3               : IntAlu :  D=0x0000000000000050
5869500: system.cpu: T0 : 0x105bc    : c_mv a4, a5                : IntAlu :  D=0x0000000000000050
5870500: system.cpu: T0 : 0x105be    : ld a5, -56(s0)             : MemRead :  D=0x0000000000071990 A=0x7ffffffffffffd68
5871000: system.cpu: T0 : 0x105c2    : c_add a4, a5               : IntAlu :  D=0x00000000000719e0
5871500: system.cpu: T0 : 0x105c4    : slli a5, s1, 2             : IntAlu :  D=0x0000000000000004
5872000: system.cpu: T0 : 0x105c8    : c_add a5, a4               : IntAlu :  D=0x00000000000719e4
5872500: system.cpu: T0 : 0x105ca    : c_lw a5, 0(a5)             : MemRead :  D=0x0000000000000fb8 A=0x719e4
5873000: system.cpu: T0 : 0x105cc    : lw a4, -44(s0)             : MemRead :  D=0x00000000000150e1 A=0x7ffffffffffffd74
5873500: system.cpu: T0 : 0x105d0    : c_addw a5, a4              : IntAlu :  D=0x0000000000016099
5874500: system.cpu: T0 : 0x105d2    : sw a5, -44(s0)             : MemWrite :  D=0x0000000000016099 A=0x7ffffffffffffd74
5875500: system.cpu: T0 : 0x105d6    : lw a5, -36(s0)             : MemRead :  D=0x0000000000000015 A=0x7ffffffffffffd7c
5876000: system.cpu: T0 : 0x105da    : c_addiw a5, 1              : IntAlu :  D=0x0000000000000016
5876500: system.cpu: T0 : 0x105dc    : sw a5, -36(s0)             : MemWrite :  D=0x0000000000000016 A=0x7ffffffffffffd7c
5877000: system.cpu: T0 : 0x105e0    : addiw a5, s1, 1            : IntAlu :  D=0x0000000000000002
5877500: system.cpu: T0 : 0x105e4    : addiw s1, a5, 0            : IntAlu :  D=0x0000000000000002
5878000: system.cpu: T0 : 0x105e8    : c_mv a4, s1                : IntAlu :  D=0x0000000000000002
5878500: system.cpu: T0 : 0x105ea    : c_li a5, 9                 : IntAlu :  D=0x0000000000000009
5879000: system.cpu: T0 : 0x105ec    : bge a5, a4, -136           : IntAlu : 
5879500: system.cpu: T0 : 0x10564    : c_mv a4, s2                : IntAlu :  D=0x0000000000000002
5880000: system.cpu: T0 : 0x10566    : c_mv a5, a4                : IntAlu :  D=0x0000000000000002
5880500: system.cpu: T0 : 0x10568    : c_slli a5, 2               : IntAlu :  D=0x0000000000000008
5881000: system.cpu: T0 : 0x1056a    : c_add a5, a4               : IntAlu :  D=0x000000000000000a
5881500: system.cpu: T0 : 0x1056c    : c_slli a5, 3               : IntAlu :  D=0x0000000000000050
5882000: system.cpu: T0 : 0x1056e    : c_mv a4, a5                : IntAlu :  D=0x0000000000000050
5882500: system.cpu: T0 : 0x10570    : ld a5, -56(s0)             : MemRead :  D=0x0000000000071990 A=0x7ffffffffffffd68
5883000: system.cpu: T0 : 0x10574    : c_add a4, a5               : IntAlu :  D=0x00000000000719e0
5884000: system.cpu: T0 : 0x10576    : slli a5, s1, 2             : IntAlu :  D=0x0000000000000008
5884500: system.cpu: T0 : 0x1057a    : c_add a5, a4               : IntAlu :  D=0x00000000000719e8
5885000: system.cpu: T0 : 0x1057c    : c_lw a5, 0(a5)             : MemRead :  D=0x00000000000003eb A=0x719e8
5886000: system.cpu: T0 : 0x1057e    : bge a5, zero, 52           : IntAlu : 
5886500: system.cpu: T0 : 0x105b2    : c_mv a4, s2                : IntAlu :  D=0x0000000000000002
5887000: system.cpu: T0 : 0x105b4    : c_mv a5, a4                : IntAlu :  D=0x0000000000000002
5887500: system.cpu: T0 : 0x105b6    : c_slli a5, 2               : IntAlu :  D=0x0000000000000008
5888000: system.cpu: T0 : 0x105b8    : c_add a5, a4               : IntAlu :  D=0x000000000000000a
5888500: system.cpu: T0 : 0x105ba    : c_slli a5, 3               : IntAlu :  D=0x0000000000000050
5889000: system.cpu: T0 : 0x105bc    : c_mv a4, a5                : IntAlu :  D=0x0000000000000050
5890000: system.cpu: T0 : 0x105be    : ld a5, -56(s0)             : MemRead :  D=0x0000000000071990 A=0x7ffffffffffffd68
5890500: system.cpu: T0 : 0x105c2    : c_add a4, a5               : IntAlu :  D=0x00000000000719e0
5891000: system.cpu: T0 : 0x105c4    : slli a5, s1, 2             : IntAlu :  D=0x0000000000000008
5891500: system.cpu: T0 : 0x105c8    : c_add a5, a4               : IntAlu :  D=0x00000000000719e8
5892000: system.cpu: T0 : 0x105ca    : c_lw a5, 0(a5)             : MemRead :  D=0x00000000000003eb A=0x719e8
5892500: system.cpu: T0 : 0x105cc    : lw a4, -44(s0)             : MemRead :  D=0x0000000000016099 A=0x7ffffffffffffd74
5893000: system.cpu: T0 : 0x105d0    : c_addw a5, a4              : IntAlu :  D=0x0000000000016484
5894000: system.cpu: T0 : 0x105d2    : sw a5, -44(s0)             : MemWrite :  D=0x0000000000016484 A=0x7ffffffffffffd74
5895000: system.cpu: T0 : 0x105d6    : lw a5, -36(s0)             : MemRead :  D=0x0000000000000016 A=0x7ffffffffffffd7c
5895500: system.cpu: T0 : 0x105da    : c_addiw a5, 1              : IntAlu :  D=0x0000000000000017
5896000: system.cpu: T0 : 0x105dc    : sw a5, -36(s0)             : MemWrite :  D=0x0000000000000017 A=0x7ffffffffffffd7c
5896500: system.cpu: T0 : 0x105e0    : addiw a5, s1, 1            : IntAlu :  D=0x0000000000000003
5897000: system.cpu: T0 : 0x105e4    : addiw s1, a5, 0            : IntAlu :  D=0x0000000000000003
5897500: system.cpu: T0 : 0x105e8    : c_mv a4, s1                : IntAlu :  D=0x0000000000000003
5898000: system.cpu: T0 : 0x105ea    : c_li a5, 9                 : IntAlu :  D=0x0000000000000009
5898500: system.cpu: T0 : 0x105ec    : bge a5, a4, -136           : IntAlu : 
5899000: system.cpu: T0 : 0x10564    : c_mv a4, s2                : IntAlu :  D=0x0000000000000002
5899500: system.cpu: T0 : 0x10566    : c_mv a5, a4                : IntAlu :  D=0x0000000000000002
5900000: system.cpu: T0 : 0x10568    : c_slli a5, 2               : IntAlu :  D=0x0000000000000008
5900500: system.cpu: T0 : 0x1056a    : c_add a5, a4               : IntAlu :  D=0x000000000000000a
5901000: system.cpu: T0 : 0x1056c    : c_slli a5, 3               : IntAlu :  D=0x0000000000000050
5901500: system.cpu: T0 : 0x1056e    : c_mv a4, a5                : IntAlu :  D=0x0000000000000050
5902000: system.cpu: T0 : 0x10570    : ld a5, -56(s0)             : MemRead :  D=0x0000000000071990 A=0x7ffffffffffffd68
5902500: system.cpu: T0 : 0x10574    : c_add a4, a5               : IntAlu :  D=0x00000000000719e0
5903500: system.cpu: T0 : 0x10576    : slli a5, s1, 2             : IntAlu :  D=0x000000000000000c
5904000: system.cpu: T0 : 0x1057a    : c_add a5, a4               : IntAlu :  D=0x00000000000719ec
5904500: system.cpu: T0 : 0x1057c    : c_lw a5, 0(a5)             : MemRead :  D=0x0000000000000f78 A=0x719ec
5905500: system.cpu: T0 : 0x1057e    : bge a5, zero, 52           : IntAlu : 
5906000: system.cpu: T0 : 0x105b2    : c_mv a4, s2                : IntAlu :  D=0x0000000000000002
5906500: system.cpu: T0 : 0x105b4    : c_mv a5, a4                : IntAlu :  D=0x0000000000000002
5907000: system.cpu: T0 : 0x105b6    : c_slli a5, 2               : IntAlu :  D=0x0000000000000008
5907500: system.cpu: T0 : 0x105b8    : c_add a5, a4               : IntAlu :  D=0x000000000000000a
5908000: system.cpu: T0 : 0x105ba    : c_slli a5, 3               : IntAlu :  D=0x0000000000000050
5908500: system.cpu: T0 : 0x105bc    : c_mv a4, a5                : IntAlu :  D=0x0000000000000050
5909500: system.cpu: T0 : 0x105be    : ld a5, -56(s0)             : MemRead :  D=0x0000000000071990 A=0x7ffffffffffffd68
5910000: system.cpu: T0 : 0x105c2    : c_add a4, a5               : IntAlu :  D=0x00000000000719e0
5910500: system.cpu: T0 : 0x105c4    : slli a5, s1, 2             : IntAlu :  D=0x000000000000000c
5911000: system.cpu: T0 : 0x105c8    : c_add a5, a4               : IntAlu :  D=0x00000000000719ec
5911500: system.cpu: T0 : 0x105ca    : c_lw a5, 0(a5)             : MemRead :  D=0x0000000000000f78 A=0x719ec
5912000: system.cpu: T0 : 0x105cc    : lw a4, -44(s0)             : MemRead :  D=0x0000000000016484 A=0x7ffffffffffffd74
5912500: system.cpu: T0 : 0x105d0    : c_addw a5, a4              : IntAlu :  D=0x00000000000173fc
5913500: system.cpu: T0 : 0x105d2    : sw a5, -44(s0)             : MemWrite :  D=0x00000000000173fc A=0x7ffffffffffffd74
5914500: system.cpu: T0 : 0x105d6    : lw a5, -36(s0)             : MemRead :  D=0x0000000000000017 A=0x7ffffffffffffd7c
5915000: system.cpu: T0 : 0x105da    : c_addiw a5, 1              : IntAlu :  D=0x0000000000000018
5915500: system.cpu: T0 : 0x105dc    : sw a5, -36(s0)             : MemWrite :  D=0x0000000000000018 A=0x7ffffffffffffd7c
5916000: system.cpu: T0 : 0x105e0    : addiw a5, s1, 1            : IntAlu :  D=0x0000000000000004
5916500: system.cpu: T0 : 0x105e4    : addiw s1, a5, 0            : IntAlu :  D=0x0000000000000004
5917000: system.cpu: T0 : 0x105e8    : c_mv a4, s1                : IntAlu :  D=0x0000000000000004
5917500: system.cpu: T0 : 0x105ea    : c_li a5, 9                 : IntAlu :  D=0x0000000000000009
5918000: system.cpu: T0 : 0x105ec    : bge a5, a4, -136           : IntAlu : 
5918500: system.cpu: T0 : 0x10564    : c_mv a4, s2                : IntAlu :  D=0x0000000000000002
5919000: system.cpu: T0 : 0x10566    : c_mv a5, a4                : IntAlu :  D=0x0000000000000002
5919500: system.cpu: T0 : 0x10568    : c_slli a5, 2               : IntAlu :  D=0x0000000000000008
5920000: system.cpu: T0 : 0x1056a    : c_add a5, a4               : IntAlu :  D=0x000000000000000a
5920500: system.cpu: T0 : 0x1056c    : c_slli a5, 3               : IntAlu :  D=0x0000000000000050
5921000: system.cpu: T0 : 0x1056e    : c_mv a4, a5                : IntAlu :  D=0x0000000000000050
5921500: system.cpu: T0 : 0x10570    : ld a5, -56(s0)             : MemRead :  D=0x0000000000071990 A=0x7ffffffffffffd68
5922000: system.cpu: T0 : 0x10574    : c_add a4, a5               : IntAlu :  D=0x00000000000719e0
5923000: system.cpu: T0 : 0x10576    : slli a5, s1, 2             : IntAlu :  D=0x0000000000000010
5923500: system.cpu: T0 : 0x1057a    : c_add a5, a4               : IntAlu :  D=0x00000000000719f0
5924000: system.cpu: T0 : 0x1057c    : c_lw a5, 0(a5)             : MemRead :  D=0x000000000000024a A=0x719f0
5925000: system.cpu: T0 : 0x1057e    : bge a5, zero, 52           : IntAlu : 
5925500: system.cpu: T0 : 0x105b2    : c_mv a4, s2                : IntAlu :  D=0x0000000000000002
5926000: system.cpu: T0 : 0x105b4    : c_mv a5, a4                : IntAlu :  D=0x0000000000000002
5926500: system.cpu: T0 : 0x105b6    : c_slli a5, 2               : IntAlu :  D=0x0000000000000008
5927000: system.cpu: T0 : 0x105b8    : c_add a5, a4               : IntAlu :  D=0x000000000000000a
5927500: system.cpu: T0 : 0x105ba    : c_slli a5, 3               : IntAlu :  D=0x0000000000000050
5928000: system.cpu: T0 : 0x105bc    : c_mv a4, a5                : IntAlu :  D=0x0000000000000050
5929000: system.cpu: T0 : 0x105be    : ld a5, -56(s0)             : MemRead :  D=0x0000000000071990 A=0x7ffffffffffffd68
5929500: system.cpu: T0 : 0x105c2    : c_add a4, a5               : IntAlu :  D=0x00000000000719e0
5930000: system.cpu: T0 : 0x105c4    : slli a5, s1, 2             : IntAlu :  D=0x0000000000000010
5930500: system.cpu: T0 : 0x105c8    : c_add a5, a4               : IntAlu :  D=0x00000000000719f0
5931000: system.cpu: T0 : 0x105ca    : c_lw a5, 0(a5)             : MemRead :  D=0x000000000000024a A=0x719f0
5931500: system.cpu: T0 : 0x105cc    : lw a4, -44(s0)             : MemRead :  D=0x00000000000173fc A=0x7ffffffffffffd74
5932000: system.cpu: T0 : 0x105d0    : c_addw a5, a4              : IntAlu :  D=0x0000000000017646
5933000: system.cpu: T0 : 0x105d2    : sw a5, -44(s0)             : MemWrite :  D=0x0000000000017646 A=0x7ffffffffffffd74
5934000: system.cpu: T0 : 0x105d6    : lw a5, -36(s0)             : MemRead :  D=0x0000000000000018 A=0x7ffffffffffffd7c
5934500: system.cpu: T0 : 0x105da    : c_addiw a5, 1              : IntAlu :  D=0x0000000000000019
5935000: system.cpu: T0 : 0x105dc    : sw a5, -36(s0)             : MemWrite :  D=0x0000000000000019 A=0x7ffffffffffffd7c
5935500: system.cpu: T0 : 0x105e0    : addiw a5, s1, 1            : IntAlu :  D=0x0000000000000005
5936000: system.cpu: T0 : 0x105e4    : addiw s1, a5, 0            : IntAlu :  D=0x0000000000000005
5936500: system.cpu: T0 : 0x105e8    : c_mv a4, s1                : IntAlu :  D=0x0000000000000005
5937000: system.cpu: T0 : 0x105ea    : c_li a5, 9                 : IntAlu :  D=0x0000000000000009
5937500: system.cpu: T0 : 0x105ec    : bge a5, a4, -136           : IntAlu : 
5938000: system.cpu: T0 : 0x10564    : c_mv a4, s2                : IntAlu :  D=0x0000000000000002
5938500: system.cpu: T0 : 0x10566    : c_mv a5, a4                : IntAlu :  D=0x0000000000000002
5939000: system.cpu: T0 : 0x10568    : c_slli a5, 2               : IntAlu :  D=0x0000000000000008
5939500: system.cpu: T0 : 0x1056a    : c_add a5, a4               : IntAlu :  D=0x000000000000000a
5940000: system.cpu: T0 : 0x1056c    : c_slli a5, 3               : IntAlu :  D=0x0000000000000050
5940500: system.cpu: T0 : 0x1056e    : c_mv a4, a5                : IntAlu :  D=0x0000000000000050
5941000: system.cpu: T0 : 0x10570    : ld a5, -56(s0)             : MemRead :  D=0x0000000000071990 A=0x7ffffffffffffd68
5941500: system.cpu: T0 : 0x10574    : c_add a4, a5               : IntAlu :  D=0x00000000000719e0
5942500: system.cpu: T0 : 0x10576    : slli a5, s1, 2             : IntAlu :  D=0x0000000000000014
5943000: system.cpu: T0 : 0x1057a    : c_add a5, a4               : IntAlu :  D=0x00000000000719f4
5943500: system.cpu: T0 : 0x1057c    : c_lw a5, 0(a5)             : MemRead :  D=0x000000000000142c A=0x719f4
5944500: system.cpu: T0 : 0x1057e    : bge a5, zero, 52           : IntAlu : 
5945000: system.cpu: T0 : 0x105b2    : c_mv a4, s2                : IntAlu :  D=0x0000000000000002
5945500: system.cpu: T0 : 0x105b4    : c_mv a5, a4                : IntAlu :  D=0x0000000000000002
5946000: system.cpu: T0 : 0x105b6    : c_slli a5, 2               : IntAlu :  D=0x0000000000000008
5946500: system.cpu: T0 : 0x105b8    : c_add a5, a4               : IntAlu :  D=0x000000000000000a
5947000: system.cpu: T0 : 0x105ba    : c_slli a5, 3               : IntAlu :  D=0x0000000000000050
5947500: system.cpu: T0 : 0x105bc    : c_mv a4, a5                : IntAlu :  D=0x0000000000000050
5948500: system.cpu: T0 : 0x105be    : ld a5, -56(s0)             : MemRead :  D=0x0000000000071990 A=0x7ffffffffffffd68
5949000: system.cpu: T0 : 0x105c2    : c_add a4, a5               : IntAlu :  D=0x00000000000719e0
5949500: system.cpu: T0 : 0x105c4    : slli a5, s1, 2             : IntAlu :  D=0x0000000000000014
5950000: system.cpu: T0 : 0x105c8    : c_add a5, a4               : IntAlu :  D=0x00000000000719f4
5950500: system.cpu: T0 : 0x105ca    : c_lw a5, 0(a5)             : MemRead :  D=0x000000000000142c A=0x719f4
5951000: system.cpu: T0 : 0x105cc    : lw a4, -44(s0)             : MemRead :  D=0x0000000000017646 A=0x7ffffffffffffd74
5951500: system.cpu: T0 : 0x105d0    : c_addw a5, a4              : IntAlu :  D=0x0000000000018a72
5952500: system.cpu: T0 : 0x105d2    : sw a5, -44(s0)             : MemWrite :  D=0x0000000000018a72 A=0x7ffffffffffffd74
5953500: system.cpu: T0 : 0x105d6    : lw a5, -36(s0)             : MemRead :  D=0x0000000000000019 A=0x7ffffffffffffd7c
5954000: system.cpu: T0 : 0x105da    : c_addiw a5, 1              : IntAlu :  D=0x000000000000001a
5954500: system.cpu: T0 : 0x105dc    : sw a5, -36(s0)             : MemWrite :  D=0x000000000000001a A=0x7ffffffffffffd7c
5955000: system.cpu: T0 : 0x105e0    : addiw a5, s1, 1            : IntAlu :  D=0x0000000000000006
5955500: system.cpu: T0 : 0x105e4    : addiw s1, a5, 0            : IntAlu :  D=0x0000000000000006
5956000: system.cpu: T0 : 0x105e8    : c_mv a4, s1                : IntAlu :  D=0x0000000000000006
5956500: system.cpu: T0 : 0x105ea    : c_li a5, 9                 : IntAlu :  D=0x0000000000000009
5957000: system.cpu: T0 : 0x105ec    : bge a5, a4, -136           : IntAlu : 
5957500: system.cpu: T0 : 0x10564    : c_mv a4, s2                : IntAlu :  D=0x0000000000000002
5958000: system.cpu: T0 : 0x10566    : c_mv a5, a4                : IntAlu :  D=0x0000000000000002
5958500: system.cpu: T0 : 0x10568    : c_slli a5, 2               : IntAlu :  D=0x0000000000000008
5959000: system.cpu: T0 : 0x1056a    : c_add a5, a4               : IntAlu :  D=0x000000000000000a
5959500: system.cpu: T0 : 0x1056c    : c_slli a5, 3               : IntAlu :  D=0x0000000000000050
5960000: system.cpu: T0 : 0x1056e    : c_mv a4, a5                : IntAlu :  D=0x0000000000000050
5960500: system.cpu: T0 : 0x10570    : ld a5, -56(s0)             : MemRead :  D=0x0000000000071990 A=0x7ffffffffffffd68
5961000: system.cpu: T0 : 0x10574    : c_add a4, a5               : IntAlu :  D=0x00000000000719e0
5962000: system.cpu: T0 : 0x10576    : slli a5, s1, 2             : IntAlu :  D=0x0000000000000018
5962500: system.cpu: T0 : 0x1057a    : c_add a5, a4               : IntAlu :  D=0x00000000000719f8
5963000: system.cpu: T0 : 0x1057c    : c_lw a5, 0(a5)             : MemRead :  D=0x0000000000001b01 A=0x719f8
5964000: system.cpu: T0 : 0x1057e    : bge a5, zero, 52           : IntAlu : 
5964500: system.cpu: T0 : 0x105b2    : c_mv a4, s2                : IntAlu :  D=0x0000000000000002
5965000: system.cpu: T0 : 0x105b4    : c_mv a5, a4                : IntAlu :  D=0x0000000000000002
5965500: system.cpu: T0 : 0x105b6    : c_slli a5, 2               : IntAlu :  D=0x0000000000000008
5966000: system.cpu: T0 : 0x105b8    : c_add a5, a4               : IntAlu :  D=0x000000000000000a
5966500: system.cpu: T0 : 0x105ba    : c_slli a5, 3               : IntAlu :  D=0x0000000000000050
5967000: system.cpu: T0 : 0x105bc    : c_mv a4, a5                : IntAlu :  D=0x0000000000000050
5968000: system.cpu: T0 : 0x105be    : ld a5, -56(s0)             : MemRead :  D=0x0000000000071990 A=0x7ffffffffffffd68
5968500: system.cpu: T0 : 0x105c2    : c_add a4, a5               : IntAlu :  D=0x00000000000719e0
5969000: system.cpu: T0 : 0x105c4    : slli a5, s1, 2             : IntAlu :  D=0x0000000000000018
5969500: system.cpu: T0 : 0x105c8    : c_add a5, a4               : IntAlu :  D=0x00000000000719f8
5970000: system.cpu: T0 : 0x105ca    : c_lw a5, 0(a5)             : MemRead :  D=0x0000000000001b01 A=0x719f8
5970500: system.cpu: T0 : 0x105cc    : lw a4, -44(s0)             : MemRead :  D=0x0000000000018a72 A=0x7ffffffffffffd74
5971000: system.cpu: T0 : 0x105d0    : c_addw a5, a4              : IntAlu :  D=0x000000000001a573
5972000: system.cpu: T0 : 0x105d2    : sw a5, -44(s0)             : MemWrite :  D=0x000000000001a573 A=0x7ffffffffffffd74
5973000: system.cpu: T0 : 0x105d6    : lw a5, -36(s0)             : MemRead :  D=0x000000000000001a A=0x7ffffffffffffd7c
5973500: system.cpu: T0 : 0x105da    : c_addiw a5, 1              : IntAlu :  D=0x000000000000001b
5974000: system.cpu: T0 : 0x105dc    : sw a5, -36(s0)             : MemWrite :  D=0x000000000000001b A=0x7ffffffffffffd7c
5974500: system.cpu: T0 : 0x105e0    : addiw a5, s1, 1            : IntAlu :  D=0x0000000000000007
5975000: system.cpu: T0 : 0x105e4    : addiw s1, a5, 0            : IntAlu :  D=0x0000000000000007
5975500: system.cpu: T0 : 0x105e8    : c_mv a4, s1                : IntAlu :  D=0x0000000000000007
5976000: system.cpu: T0 : 0x105ea    : c_li a5, 9                 : IntAlu :  D=0x0000000000000009
5976500: system.cpu: T0 : 0x105ec    : bge a5, a4, -136           : IntAlu : 
5977000: system.cpu: T0 : 0x10564    : c_mv a4, s2                : IntAlu :  D=0x0000000000000002
5977500: system.cpu: T0 : 0x10566    : c_mv a5, a4                : IntAlu :  D=0x0000000000000002
5978000: system.cpu: T0 : 0x10568    : c_slli a5, 2               : IntAlu :  D=0x0000000000000008
5978500: system.cpu: T0 : 0x1056a    : c_add a5, a4               : IntAlu :  D=0x000000000000000a
5979000: system.cpu: T0 : 0x1056c    : c_slli a5, 3               : IntAlu :  D=0x0000000000000050
5979500: system.cpu: T0 : 0x1056e    : c_mv a4, a5                : IntAlu :  D=0x0000000000000050
5980000: system.cpu: T0 : 0x10570    : ld a5, -56(s0)             : MemRead :  D=0x0000000000071990 A=0x7ffffffffffffd68
5980500: system.cpu: T0 : 0x10574    : c_add a4, a5               : IntAlu :  D=0x00000000000719e0
5981500: system.cpu: T0 : 0x10576    : slli a5, s1, 2             : IntAlu :  D=0x000000000000001c
5982000: system.cpu: T0 : 0x1057a    : c_add a5, a4               : IntAlu :  D=0x00000000000719fc
5982500: system.cpu: T0 : 0x1057c    : c_lw a5, 0(a5)             : MemRead :  D=0x00000000000012a7 A=0x719fc
5983500: system.cpu: T0 : 0x1057e    : bge a5, zero, 52           : IntAlu : 
5984000: system.cpu: T0 : 0x105b2    : c_mv a4, s2                : IntAlu :  D=0x0000000000000002
5984500: system.cpu: T0 : 0x105b4    : c_mv a5, a4                : IntAlu :  D=0x0000000000000002
5985000: system.cpu: T0 : 0x105b6    : c_slli a5, 2               : IntAlu :  D=0x0000000000000008
5985500: system.cpu: T0 : 0x105b8    : c_add a5, a4               : IntAlu :  D=0x000000000000000a
5986000: system.cpu: T0 : 0x105ba    : c_slli a5, 3               : IntAlu :  D=0x0000000000000050
5986500: system.cpu: T0 : 0x105bc    : c_mv a4, a5                : IntAlu :  D=0x0000000000000050
5987500: system.cpu: T0 : 0x105be    : ld a5, -56(s0)             : MemRead :  D=0x0000000000071990 A=0x7ffffffffffffd68
5988000: system.cpu: T0 : 0x105c2    : c_add a4, a5               : IntAlu :  D=0x00000000000719e0
5988500: system.cpu: T0 : 0x105c4    : slli a5, s1, 2             : IntAlu :  D=0x000000000000001c
5989000: system.cpu: T0 : 0x105c8    : c_add a5, a4               : IntAlu :  D=0x00000000000719fc
5989500: system.cpu: T0 : 0x105ca    : c_lw a5, 0(a5)             : MemRead :  D=0x00000000000012a7 A=0x719fc
5990000: system.cpu: T0 : 0x105cc    : lw a4, -44(s0)             : MemRead :  D=0x000000000001a573 A=0x7ffffffffffffd74
5990500: system.cpu: T0 : 0x105d0    : c_addw a5, a4              : IntAlu :  D=0x000000000001b81a
5991500: system.cpu: T0 : 0x105d2    : sw a5, -44(s0)             : MemWrite :  D=0x000000000001b81a A=0x7ffffffffffffd74
5992500: system.cpu: T0 : 0x105d6    : lw a5, -36(s0)             : MemRead :  D=0x000000000000001b A=0x7ffffffffffffd7c
5993000: system.cpu: T0 : 0x105da    : c_addiw a5, 1              : IntAlu :  D=0x000000000000001c
5993500: system.cpu: T0 : 0x105dc    : sw a5, -36(s0)             : MemWrite :  D=0x000000000000001c A=0x7ffffffffffffd7c
5994000: system.cpu: T0 : 0x105e0    : addiw a5, s1, 1            : IntAlu :  D=0x0000000000000008
5994500: system.cpu: T0 : 0x105e4    : addiw s1, a5, 0            : IntAlu :  D=0x0000000000000008
5995000: system.cpu: T0 : 0x105e8    : c_mv a4, s1                : IntAlu :  D=0x0000000000000008
5995500: system.cpu: T0 : 0x105ea    : c_li a5, 9                 : IntAlu :  D=0x0000000000000009
5996000: system.cpu: T0 : 0x105ec    : bge a5, a4, -136           : IntAlu : 
5996500: system.cpu: T0 : 0x10564    : c_mv a4, s2                : IntAlu :  D=0x0000000000000002
5997000: system.cpu: T0 : 0x10566    : c_mv a5, a4                : IntAlu :  D=0x0000000000000002
5997500: system.cpu: T0 : 0x10568    : c_slli a5, 2               : IntAlu :  D=0x0000000000000008
5998000: system.cpu: T0 : 0x1056a    : c_add a5, a4               : IntAlu :  D=0x000000000000000a
5998500: system.cpu: T0 : 0x1056c    : c_slli a5, 3               : IntAlu :  D=0x0000000000000050
5999000: system.cpu: T0 : 0x1056e    : c_mv a4, a5                : IntAlu :  D=0x0000000000000050
5999500: system.cpu: T0 : 0x10570    : ld a5, -56(s0)             : MemRead :  D=0x0000000000071990 A=0x7ffffffffffffd68
6000000: system.cpu: T0 : 0x10574    : c_add a4, a5               : IntAlu :  D=0x00000000000719e0
6001000: system.cpu: T0 : 0x10576    : slli a5, s1, 2             : IntAlu :  D=0x0000000000000020
6001500: system.cpu: T0 : 0x1057a    : c_add a5, a4               : IntAlu :  D=0x0000000000071a00
6002000: system.cpu: T0 : 0x1057c    : c_lw a5, 0(a5)             : MemRead :  D=0x0000000000000ea2 A=0x71a00
6003000: system.cpu: T0 : 0x1057e    : bge a5, zero, 52           : IntAlu : 
6003500: system.cpu: T0 : 0x105b2    : c_mv a4, s2                : IntAlu :  D=0x0000000000000002
6004000: system.cpu: T0 : 0x105b4    : c_mv a5, a4                : IntAlu :  D=0x0000000000000002
6004500: system.cpu: T0 : 0x105b6    : c_slli a5, 2               : IntAlu :  D=0x0000000000000008
6005000: system.cpu: T0 : 0x105b8    : c_add a5, a4               : IntAlu :  D=0x000000000000000a
6005500: system.cpu: T0 : 0x105ba    : c_slli a5, 3               : IntAlu :  D=0x0000000000000050
6006000: system.cpu: T0 : 0x105bc    : c_mv a4, a5                : IntAlu :  D=0x0000000000000050
6007000: system.cpu: T0 : 0x105be    : ld a5, -56(s0)             : MemRead :  D=0x0000000000071990 A=0x7ffffffffffffd68
6007500: system.cpu: T0 : 0x105c2    : c_add a4, a5               : IntAlu :  D=0x00000000000719e0
6008000: system.cpu: T0 : 0x105c4    : slli a5, s1, 2             : IntAlu :  D=0x0000000000000020
6008500: system.cpu: T0 : 0x105c8    : c_add a5, a4               : IntAlu :  D=0x0000000000071a00
6009000: system.cpu: T0 : 0x105ca    : c_lw a5, 0(a5)             : MemRead :  D=0x0000000000000ea2 A=0x71a00
6009500: system.cpu: T0 : 0x105cc    : lw a4, -44(s0)             : MemRead :  D=0x000000000001b81a A=0x7ffffffffffffd74
6010000: system.cpu: T0 : 0x105d0    : c_addw a5, a4              : IntAlu :  D=0x000000000001c6bc
6011000: system.cpu: T0 : 0x105d2    : sw a5, -44(s0)             : MemWrite :  D=0x000000000001c6bc A=0x7ffffffffffffd74
6012000: system.cpu: T0 : 0x105d6    : lw a5, -36(s0)             : MemRead :  D=0x000000000000001c A=0x7ffffffffffffd7c
6012500: system.cpu: T0 : 0x105da    : c_addiw a5, 1              : IntAlu :  D=0x000000000000001d
6013000: system.cpu: T0 : 0x105dc    : sw a5, -36(s0)             : MemWrite :  D=0x000000000000001d A=0x7ffffffffffffd7c
6013500: system.cpu: T0 : 0x105e0    : addiw a5, s1, 1            : IntAlu :  D=0x0000000000000009
6014000: system.cpu: T0 : 0x105e4    : addiw s1, a5, 0            : IntAlu :  D=0x0000000000000009
6014500: system.cpu: T0 : 0x105e8    : c_mv a4, s1                : IntAlu :  D=0x0000000000000009
6015000: system.cpu: T0 : 0x105ea    : c_li a5, 9                 : IntAlu :  D=0x0000000000000009
6015500: system.cpu: T0 : 0x105ec    : bge a5, a4, -136           : IntAlu : 
6016000: system.cpu: T0 : 0x10564    : c_mv a4, s2                : IntAlu :  D=0x0000000000000002
6016500: system.cpu: T0 : 0x10566    : c_mv a5, a4                : IntAlu :  D=0x0000000000000002
6017000: system.cpu: T0 : 0x10568    : c_slli a5, 2               : IntAlu :  D=0x0000000000000008
6017500: system.cpu: T0 : 0x1056a    : c_add a5, a4               : IntAlu :  D=0x000000000000000a
6018000: system.cpu: T0 : 0x1056c    : c_slli a5, 3               : IntAlu :  D=0x0000000000000050
6018500: system.cpu: T0 : 0x1056e    : c_mv a4, a5                : IntAlu :  D=0x0000000000000050
6019000: system.cpu: T0 : 0x10570    : ld a5, -56(s0)             : MemRead :  D=0x0000000000071990 A=0x7ffffffffffffd68
6019500: system.cpu: T0 : 0x10574    : c_add a4, a5               : IntAlu :  D=0x00000000000719e0
6020500: system.cpu: T0 : 0x10576    : slli a5, s1, 2             : IntAlu :  D=0x0000000000000024
6021000: system.cpu: T0 : 0x1057a    : c_add a5, a4               : IntAlu :  D=0x0000000000071a04
6021500: system.cpu: T0 : 0x1057c    : c_lw a5, 0(a5)             : MemRead :  D=0x0000000000001198 A=0x71a04
6022500: system.cpu: T0 : 0x1057e    : bge a5, zero, 52           : IntAlu : 
6023000: system.cpu: T0 : 0x105b2    : c_mv a4, s2                : IntAlu :  D=0x0000000000000002
6023500: system.cpu: T0 : 0x105b4    : c_mv a5, a4                : IntAlu :  D=0x0000000000000002
6024000: system.cpu: T0 : 0x105b6    : c_slli a5, 2               : IntAlu :  D=0x0000000000000008
6024500: system.cpu: T0 : 0x105b8    : c_add a5, a4               : IntAlu :  D=0x000000000000000a
6025000: system.cpu: T0 : 0x105ba    : c_slli a5, 3               : IntAlu :  D=0x0000000000000050
6025500: system.cpu: T0 : 0x105bc    : c_mv a4, a5                : IntAlu :  D=0x0000000000000050
6026500: system.cpu: T0 : 0x105be    : ld a5, -56(s0)             : MemRead :  D=0x0000000000071990 A=0x7ffffffffffffd68
6027000: system.cpu: T0 : 0x105c2    : c_add a4, a5               : IntAlu :  D=0x00000000000719e0
6027500: system.cpu: T0 : 0x105c4    : slli a5, s1, 2             : IntAlu :  D=0x0000000000000024
6028000: system.cpu: T0 : 0x105c8    : c_add a5, a4               : IntAlu :  D=0x0000000000071a04
6028500: system.cpu: T0 : 0x105ca    : c_lw a5, 0(a5)             : MemRead :  D=0x0000000000001198 A=0x71a04
6029000: system.cpu: T0 : 0x105cc    : lw a4, -44(s0)             : MemRead :  D=0x000000000001c6bc A=0x7ffffffffffffd74
6029500: system.cpu: T0 : 0x105d0    : c_addw a5, a4              : IntAlu :  D=0x000000000001d854
6030500: system.cpu: T0 : 0x105d2    : sw a5, -44(s0)             : MemWrite :  D=0x000000000001d854 A=0x7ffffffffffffd74
6031500: system.cpu: T0 : 0x105d6    : lw a5, -36(s0)             : MemRead :  D=0x000000000000001d A=0x7ffffffffffffd7c
6032000: system.cpu: T0 : 0x105da    : c_addiw a5, 1              : IntAlu :  D=0x000000000000001e
6032500: system.cpu: T0 : 0x105dc    : sw a5, -36(s0)             : MemWrite :  D=0x000000000000001e A=0x7ffffffffffffd7c
6033000: system.cpu: T0 : 0x105e0    : addiw a5, s1, 1            : IntAlu :  D=0x000000000000000a
6033500: system.cpu: T0 : 0x105e4    : addiw s1, a5, 0            : IntAlu :  D=0x000000000000000a
6034000: system.cpu: T0 : 0x105e8    : c_mv a4, s1                : IntAlu :  D=0x000000000000000a
6034500: system.cpu: T0 : 0x105ea    : c_li a5, 9                 : IntAlu :  D=0x0000000000000009
6035000: system.cpu: T0 : 0x105ec    : bge a5, a4, -136           : IntAlu : 
6035500: system.cpu: T0 : 0x105f0    : addiw a5, s2, 1            : IntAlu :  D=0x0000000000000003
6036000: system.cpu: T0 : 0x105f4    : addiw s2, a5, 0            : IntAlu :  D=0x0000000000000003
6036500: system.cpu: T0 : 0x105f8    : c_mv a4, s2                : IntAlu :  D=0x0000000000000003
6037000: system.cpu: T0 : 0x105fa    : c_li a5, 9                 : IntAlu :  D=0x0000000000000009
6037500: system.cpu: T0 : 0x105fc    : bge a5, a4, -156           : IntAlu : 
6038000: system.cpu: T0 : 0x10560    : c_li s1, 0                 : IntAlu :  D=0x0000000000000000
6038500: system.cpu: T0 : 0x10562    : c_j 134                    : IntAlu : 
6039000: system.cpu: T0 : 0x105e8    : c_mv a4, s1                : IntAlu :  D=0x0000000000000000
6039500: system.cpu: T0 : 0x105ea    : c_li a5, 9                 : IntAlu :  D=0x0000000000000009
6040000: system.cpu: T0 : 0x105ec    : bge a5, a4, -136           : IntAlu : 
6040500: system.cpu: T0 : 0x10564    : c_mv a4, s2                : IntAlu :  D=0x0000000000000003
6041000: system.cpu: T0 : 0x10566    : c_mv a5, a4                : IntAlu :  D=0x0000000000000003
6041500: system.cpu: T0 : 0x10568    : c_slli a5, 2               : IntAlu :  D=0x000000000000000c
6042000: system.cpu: T0 : 0x1056a    : c_add a5, a4               : IntAlu :  D=0x000000000000000f
6042500: system.cpu: T0 : 0x1056c    : c_slli a5, 3               : IntAlu :  D=0x0000000000000078
6043000: system.cpu: T0 : 0x1056e    : c_mv a4, a5                : IntAlu :  D=0x0000000000000078
6043500: system.cpu: T0 : 0x10570    : ld a5, -56(s0)             : MemRead :  D=0x0000000000071990 A=0x7ffffffffffffd68
6044000: system.cpu: T0 : 0x10574    : c_add a4, a5               : IntAlu :  D=0x0000000000071a08
6045000: system.cpu: T0 : 0x10576    : slli a5, s1, 2             : IntAlu :  D=0x0000000000000000
6045500: system.cpu: T0 : 0x1057a    : c_add a5, a4               : IntAlu :  D=0x0000000000071a08
6046000: system.cpu: T0 : 0x1057c    : c_lw a5, 0(a5)             : MemRead :  D=0x0000000000000053 A=0x71a08
6047000: system.cpu: T0 : 0x1057e    : bge a5, zero, 52           : IntAlu : 
6047500: system.cpu: T0 : 0x105b2    : c_mv a4, s2                : IntAlu :  D=0x0000000000000003
6048000: system.cpu: T0 : 0x105b4    : c_mv a5, a4                : IntAlu :  D=0x0000000000000003
6048500: system.cpu: T0 : 0x105b6    : c_slli a5, 2               : IntAlu :  D=0x000000000000000c
6049000: system.cpu: T0 : 0x105b8    : c_add a5, a4               : IntAlu :  D=0x000000000000000f
6049500: system.cpu: T0 : 0x105ba    : c_slli a5, 3               : IntAlu :  D=0x0000000000000078
6050000: system.cpu: T0 : 0x105bc    : c_mv a4, a5                : IntAlu :  D=0x0000000000000078
6051000: system.cpu: T0 : 0x105be    : ld a5, -56(s0)             : MemRead :  D=0x0000000000071990 A=0x7ffffffffffffd68
6051500: system.cpu: T0 : 0x105c2    : c_add a4, a5               : IntAlu :  D=0x0000000000071a08
6052000: system.cpu: T0 : 0x105c4    : slli a5, s1, 2             : IntAlu :  D=0x0000000000000000
6052500: system.cpu: T0 : 0x105c8    : c_add a5, a4               : IntAlu :  D=0x0000000000071a08
6053000: system.cpu: T0 : 0x105ca    : c_lw a5, 0(a5)             : MemRead :  D=0x0000000000000053 A=0x71a08
6053500: system.cpu: T0 : 0x105cc    : lw a4, -44(s0)             : MemRead :  D=0x000000000001d854 A=0x7ffffffffffffd74
6054000: system.cpu: T0 : 0x105d0    : c_addw a5, a4              : IntAlu :  D=0x000000000001d8a7
6055000: system.cpu: T0 : 0x105d2    : sw a5, -44(s0)             : MemWrite :  D=0x000000000001d8a7 A=0x7ffffffffffffd74
6056000: system.cpu: T0 : 0x105d6    : lw a5, -36(s0)             : MemRead :  D=0x000000000000001e A=0x7ffffffffffffd7c
6056500: system.cpu: T0 : 0x105da    : c_addiw a5, 1              : IntAlu :  D=0x000000000000001f
6057000: system.cpu: T0 : 0x105dc    : sw a5, -36(s0)             : MemWrite :  D=0x000000000000001f A=0x7ffffffffffffd7c
6057500: system.cpu: T0 : 0x105e0    : addiw a5, s1, 1            : IntAlu :  D=0x0000000000000001
6058000: system.cpu: T0 : 0x105e4    : addiw s1, a5, 0            : IntAlu :  D=0x0000000000000001
6058500: system.cpu: T0 : 0x105e8    : c_mv a4, s1                : IntAlu :  D=0x0000000000000001
6059000: system.cpu: T0 : 0x105ea    : c_li a5, 9                 : IntAlu :  D=0x0000000000000009
6059500: system.cpu: T0 : 0x105ec    : bge a5, a4, -136           : IntAlu : 
6060000: system.cpu: T0 : 0x10564    : c_mv a4, s2                : IntAlu :  D=0x0000000000000003
6060500: system.cpu: T0 : 0x10566    : c_mv a5, a4                : IntAlu :  D=0x0000000000000003
6061000: system.cpu: T0 : 0x10568    : c_slli a5, 2               : IntAlu :  D=0x000000000000000c
6061500: system.cpu: T0 : 0x1056a    : c_add a5, a4               : IntAlu :  D=0x000000000000000f
6062000: system.cpu: T0 : 0x1056c    : c_slli a5, 3               : IntAlu :  D=0x0000000000000078
6062500: system.cpu: T0 : 0x1056e    : c_mv a4, a5                : IntAlu :  D=0x0000000000000078
6063000: system.cpu: T0 : 0x10570    : ld a5, -56(s0)             : MemRead :  D=0x0000000000071990 A=0x7ffffffffffffd68
6063500: system.cpu: T0 : 0x10574    : c_add a4, a5               : IntAlu :  D=0x0000000000071a08
6064500: system.cpu: T0 : 0x10576    : slli a5, s1, 2             : IntAlu :  D=0x0000000000000004
6065000: system.cpu: T0 : 0x1057a    : c_add a5, a4               : IntAlu :  D=0x0000000000071a0c
6065500: system.cpu: T0 : 0x1057c    : c_lw a5, 0(a5)             : MemRead :  D=0x0000000000000bd1 A=0x71a0c
6066500: system.cpu: T0 : 0x1057e    : bge a5, zero, 52           : IntAlu : 
6067000: system.cpu: T0 : 0x105b2    : c_mv a4, s2                : IntAlu :  D=0x0000000000000003
6067500: system.cpu: T0 : 0x105b4    : c_mv a5, a4                : IntAlu :  D=0x0000000000000003
6068000: system.cpu: T0 : 0x105b6    : c_slli a5, 2               : IntAlu :  D=0x000000000000000c
6068500: system.cpu: T0 : 0x105b8    : c_add a5, a4               : IntAlu :  D=0x000000000000000f
6069000: system.cpu: T0 : 0x105ba    : c_slli a5, 3               : IntAlu :  D=0x0000000000000078
6069500: system.cpu: T0 : 0x105bc    : c_mv a4, a5                : IntAlu :  D=0x0000000000000078
6070500: system.cpu: T0 : 0x105be    : ld a5, -56(s0)             : MemRead :  D=0x0000000000071990 A=0x7ffffffffffffd68
6071000: system.cpu: T0 : 0x105c2    : c_add a4, a5               : IntAlu :  D=0x0000000000071a08
6071500: system.cpu: T0 : 0x105c4    : slli a5, s1, 2             : IntAlu :  D=0x0000000000000004
6072000: system.cpu: T0 : 0x105c8    : c_add a5, a4               : IntAlu :  D=0x0000000000071a0c
6072500: system.cpu: T0 : 0x105ca    : c_lw a5, 0(a5)             : MemRead :  D=0x0000000000000bd1 A=0x71a0c
6073000: system.cpu: T0 : 0x105cc    : lw a4, -44(s0)             : MemRead :  D=0x000000000001d8a7 A=0x7ffffffffffffd74
6073500: system.cpu: T0 : 0x105d0    : c_addw a5, a4              : IntAlu :  D=0x000000000001e478
6074500: system.cpu: T0 : 0x105d2    : sw a5, -44(s0)             : MemWrite :  D=0x000000000001e478 A=0x7ffffffffffffd74
6075500: system.cpu: T0 : 0x105d6    : lw a5, -36(s0)             : MemRead :  D=0x000000000000001f A=0x7ffffffffffffd7c
6076000: system.cpu: T0 : 0x105da    : c_addiw a5, 1              : IntAlu :  D=0x0000000000000020
6076500: system.cpu: T0 : 0x105dc    : sw a5, -36(s0)             : MemWrite :  D=0x0000000000000020 A=0x7ffffffffffffd7c
6077000: system.cpu: T0 : 0x105e0    : addiw a5, s1, 1            : IntAlu :  D=0x0000000000000002
6077500: system.cpu: T0 : 0x105e4    : addiw s1, a5, 0            : IntAlu :  D=0x0000000000000002
6078000: system.cpu: T0 : 0x105e8    : c_mv a4, s1                : IntAlu :  D=0x0000000000000002
6078500: system.cpu: T0 : 0x105ea    : c_li a5, 9                 : IntAlu :  D=0x0000000000000009
6079000: system.cpu: T0 : 0x105ec    : bge a5, a4, -136           : IntAlu : 
6079500: system.cpu: T0 : 0x10564    : c_mv a4, s2                : IntAlu :  D=0x0000000000000003
6080000: system.cpu: T0 : 0x10566    : c_mv a5, a4                : IntAlu :  D=0x0000000000000003
6080500: system.cpu: T0 : 0x10568    : c_slli a5, 2               : IntAlu :  D=0x000000000000000c
6081000: system.cpu: T0 : 0x1056a    : c_add a5, a4               : IntAlu :  D=0x000000000000000f
6081500: system.cpu: T0 : 0x1056c    : c_slli a5, 3               : IntAlu :  D=0x0000000000000078
6082000: system.cpu: T0 : 0x1056e    : c_mv a4, a5                : IntAlu :  D=0x0000000000000078
6082500: system.cpu: T0 : 0x10570    : ld a5, -56(s0)             : MemRead :  D=0x0000000000071990 A=0x7ffffffffffffd68
6083000: system.cpu: T0 : 0x10574    : c_add a4, a5               : IntAlu :  D=0x0000000000071a08
6084000: system.cpu: T0 : 0x10576    : slli a5, s1, 2             : IntAlu :  D=0x0000000000000008
6084500: system.cpu: T0 : 0x1057a    : c_add a5, a4               : IntAlu :  D=0x0000000000071a10
6085000: system.cpu: T0 : 0x1057c    : c_lw a5, 0(a5)             : MemRead :  D=0x0000000000001677 A=0x71a10
6086000: system.cpu: T0 : 0x1057e    : bge a5, zero, 52           : IntAlu : 
6086500: system.cpu: T0 : 0x105b2    : c_mv a4, s2                : IntAlu :  D=0x0000000000000003
6087000: system.cpu: T0 : 0x105b4    : c_mv a5, a4                : IntAlu :  D=0x0000000000000003
6087500: system.cpu: T0 : 0x105b6    : c_slli a5, 2               : IntAlu :  D=0x000000000000000c
6088000: system.cpu: T0 : 0x105b8    : c_add a5, a4               : IntAlu :  D=0x000000000000000f
6088500: system.cpu: T0 : 0x105ba    : c_slli a5, 3               : IntAlu :  D=0x0000000000000078
6089000: system.cpu: T0 : 0x105bc    : c_mv a4, a5                : IntAlu :  D=0x0000000000000078
6090000: system.cpu: T0 : 0x105be    : ld a5, -56(s0)             : MemRead :  D=0x0000000000071990 A=0x7ffffffffffffd68
6090500: system.cpu: T0 : 0x105c2    : c_add a4, a5               : IntAlu :  D=0x0000000000071a08
6091000: system.cpu: T0 : 0x105c4    : slli a5, s1, 2             : IntAlu :  D=0x0000000000000008
6091500: system.cpu: T0 : 0x105c8    : c_add a5, a4               : IntAlu :  D=0x0000000000071a10
6092000: system.cpu: T0 : 0x105ca    : c_lw a5, 0(a5)             : MemRead :  D=0x0000000000001677 A=0x71a10
6092500: system.cpu: T0 : 0x105cc    : lw a4, -44(s0)             : MemRead :  D=0x000000000001e478 A=0x7ffffffffffffd74
6093000: system.cpu: T0 : 0x105d0    : c_addw a5, a4              : IntAlu :  D=0x000000000001faef
6094000: system.cpu: T0 : 0x105d2    : sw a5, -44(s0)             : MemWrite :  D=0x000000000001faef A=0x7ffffffffffffd74
6095000: system.cpu: T0 : 0x105d6    : lw a5, -36(s0)             : MemRead :  D=0x0000000000000020 A=0x7ffffffffffffd7c
6095500: system.cpu: T0 : 0x105da    : c_addiw a5, 1              : IntAlu :  D=0x0000000000000021
6096000: system.cpu: T0 : 0x105dc    : sw a5, -36(s0)             : MemWrite :  D=0x0000000000000021 A=0x7ffffffffffffd7c
6096500: system.cpu: T0 : 0x105e0    : addiw a5, s1, 1            : IntAlu :  D=0x0000000000000003
6097000: system.cpu: T0 : 0x105e4    : addiw s1, a5, 0            : IntAlu :  D=0x0000000000000003
6097500: system.cpu: T0 : 0x105e8    : c_mv a4, s1                : IntAlu :  D=0x0000000000000003
6098000: system.cpu: T0 : 0x105ea    : c_li a5, 9                 : IntAlu :  D=0x0000000000000009
6098500: system.cpu: T0 : 0x105ec    : bge a5, a4, -136           : IntAlu : 
6099000: system.cpu: T0 : 0x10564    : c_mv a4, s2                : IntAlu :  D=0x0000000000000003
6099500: system.cpu: T0 : 0x10566    : c_mv a5, a4                : IntAlu :  D=0x0000000000000003
6100000: system.cpu: T0 : 0x10568    : c_slli a5, 2               : IntAlu :  D=0x000000000000000c
6100500: system.cpu: T0 : 0x1056a    : c_add a5, a4               : IntAlu :  D=0x000000000000000f
6101000: system.cpu: T0 : 0x1056c    : c_slli a5, 3               : IntAlu :  D=0x0000000000000078
6101500: system.cpu: T0 : 0x1056e    : c_mv a4, a5                : IntAlu :  D=0x0000000000000078
6102000: system.cpu: T0 : 0x10570    : ld a5, -56(s0)             : MemRead :  D=0x0000000000071990 A=0x7ffffffffffffd68
6102500: system.cpu: T0 : 0x10574    : c_add a4, a5               : IntAlu :  D=0x0000000000071a08
6103500: system.cpu: T0 : 0x10576    : slli a5, s1, 2             : IntAlu :  D=0x000000000000000c
6104000: system.cpu: T0 : 0x1057a    : c_add a5, a4               : IntAlu :  D=0x0000000000071a14
6104500: system.cpu: T0 : 0x1057c    : c_lw a5, 0(a5)             : MemRead :  D=0x0000000000000fc2 A=0x71a14
6105500: system.cpu: T0 : 0x1057e    : bge a5, zero, 52           : IntAlu : 
6106000: system.cpu: T0 : 0x105b2    : c_mv a4, s2                : IntAlu :  D=0x0000000000000003
6106500: system.cpu: T0 : 0x105b4    : c_mv a5, a4                : IntAlu :  D=0x0000000000000003
6107000: system.cpu: T0 : 0x105b6    : c_slli a5, 2               : IntAlu :  D=0x000000000000000c
6107500: system.cpu: T0 : 0x105b8    : c_add a5, a4               : IntAlu :  D=0x000000000000000f
6108000: system.cpu: T0 : 0x105ba    : c_slli a5, 3               : IntAlu :  D=0x0000000000000078
6108500: system.cpu: T0 : 0x105bc    : c_mv a4, a5                : IntAlu :  D=0x0000000000000078
6109500: system.cpu: T0 : 0x105be    : ld a5, -56(s0)             : MemRead :  D=0x0000000000071990 A=0x7ffffffffffffd68
6110000: system.cpu: T0 : 0x105c2    : c_add a4, a5               : IntAlu :  D=0x0000000000071a08
6110500: system.cpu: T0 : 0x105c4    : slli a5, s1, 2             : IntAlu :  D=0x000000000000000c
6111000: system.cpu: T0 : 0x105c8    : c_add a5, a4               : IntAlu :  D=0x0000000000071a14
6111500: system.cpu: T0 : 0x105ca    : c_lw a5, 0(a5)             : MemRead :  D=0x0000000000000fc2 A=0x71a14
6112000: system.cpu: T0 : 0x105cc    : lw a4, -44(s0)             : MemRead :  D=0x000000000001faef A=0x7ffffffffffffd74
6112500: system.cpu: T0 : 0x105d0    : c_addw a5, a4              : IntAlu :  D=0x0000000000020ab1
6113500: system.cpu: T0 : 0x105d2    : sw a5, -44(s0)             : MemWrite :  D=0x0000000000020ab1 A=0x7ffffffffffffd74
6114500: system.cpu: T0 : 0x105d6    : lw a5, -36(s0)             : MemRead :  D=0x0000000000000021 A=0x7ffffffffffffd7c
6115000: system.cpu: T0 : 0x105da    : c_addiw a5, 1              : IntAlu :  D=0x0000000000000022
6115500: system.cpu: T0 : 0x105dc    : sw a5, -36(s0)             : MemWrite :  D=0x0000000000000022 A=0x7ffffffffffffd7c
6116000: system.cpu: T0 : 0x105e0    : addiw a5, s1, 1            : IntAlu :  D=0x0000000000000004
6116500: system.cpu: T0 : 0x105e4    : addiw s1, a5, 0            : IntAlu :  D=0x0000000000000004
6117000: system.cpu: T0 : 0x105e8    : c_mv a4, s1                : IntAlu :  D=0x0000000000000004
6117500: system.cpu: T0 : 0x105ea    : c_li a5, 9                 : IntAlu :  D=0x0000000000000009
6118000: system.cpu: T0 : 0x105ec    : bge a5, a4, -136           : IntAlu : 
6118500: system.cpu: T0 : 0x10564    : c_mv a4, s2                : IntAlu :  D=0x0000000000000003
6119000: system.cpu: T0 : 0x10566    : c_mv a5, a4                : IntAlu :  D=0x0000000000000003
6119500: system.cpu: T0 : 0x10568    : c_slli a5, 2               : IntAlu :  D=0x000000000000000c
6120000: system.cpu: T0 : 0x1056a    : c_add a5, a4               : IntAlu :  D=0x000000000000000f
6120500: system.cpu: T0 : 0x1056c    : c_slli a5, 3               : IntAlu :  D=0x0000000000000078
6121000: system.cpu: T0 : 0x1056e    : c_mv a4, a5                : IntAlu :  D=0x0000000000000078
6121500: system.cpu: T0 : 0x10570    : ld a5, -56(s0)             : MemRead :  D=0x0000000000071990 A=0x7ffffffffffffd68
6122000: system.cpu: T0 : 0x10574    : c_add a4, a5               : IntAlu :  D=0x0000000000071a08
6123000: system.cpu: T0 : 0x10576    : slli a5, s1, 2             : IntAlu :  D=0x0000000000000010
6123500: system.cpu: T0 : 0x1057a    : c_add a5, a4               : IntAlu :  D=0x0000000000071a18
6124000: system.cpu: T0 : 0x1057c    : c_lw a5, 0(a5)             : MemRead :  D=0x000000000000091d A=0x71a18
6125000: system.cpu: T0 : 0x1057e    : bge a5, zero, 52           : IntAlu : 
6125500: system.cpu: T0 : 0x105b2    : c_mv a4, s2                : IntAlu :  D=0x0000000000000003
6126000: system.cpu: T0 : 0x105b4    : c_mv a5, a4                : IntAlu :  D=0x0000000000000003
6126500: system.cpu: T0 : 0x105b6    : c_slli a5, 2               : IntAlu :  D=0x000000000000000c
6127000: system.cpu: T0 : 0x105b8    : c_add a5, a4               : IntAlu :  D=0x000000000000000f
6127500: system.cpu: T0 : 0x105ba    : c_slli a5, 3               : IntAlu :  D=0x0000000000000078
6128000: system.cpu: T0 : 0x105bc    : c_mv a4, a5                : IntAlu :  D=0x0000000000000078
6129000: system.cpu: T0 : 0x105be    : ld a5, -56(s0)             : MemRead :  D=0x0000000000071990 A=0x7ffffffffffffd68
6129500: system.cpu: T0 : 0x105c2    : c_add a4, a5               : IntAlu :  D=0x0000000000071a08
6130000: system.cpu: T0 : 0x105c4    : slli a5, s1, 2             : IntAlu :  D=0x0000000000000010
6130500: system.cpu: T0 : 0x105c8    : c_add a5, a4               : IntAlu :  D=0x0000000000071a18
6131000: system.cpu: T0 : 0x105ca    : c_lw a5, 0(a5)             : MemRead :  D=0x000000000000091d A=0x71a18
6131500: system.cpu: T0 : 0x105cc    : lw a4, -44(s0)             : MemRead :  D=0x0000000000020ab1 A=0x7ffffffffffffd74
6132000: system.cpu: T0 : 0x105d0    : c_addw a5, a4              : IntAlu :  D=0x00000000000213ce
6133000: system.cpu: T0 : 0x105d2    : sw a5, -44(s0)             : MemWrite :  D=0x00000000000213ce A=0x7ffffffffffffd74
6134000: system.cpu: T0 : 0x105d6    : lw a5, -36(s0)             : MemRead :  D=0x0000000000000022 A=0x7ffffffffffffd7c
6134500: system.cpu: T0 : 0x105da    : c_addiw a5, 1              : IntAlu :  D=0x0000000000000023
6135000: system.cpu: T0 : 0x105dc    : sw a5, -36(s0)             : MemWrite :  D=0x0000000000000023 A=0x7ffffffffffffd7c
6135500: system.cpu: T0 : 0x105e0    : addiw a5, s1, 1            : IntAlu :  D=0x0000000000000005
6136000: system.cpu: T0 : 0x105e4    : addiw s1, a5, 0            : IntAlu :  D=0x0000000000000005
6136500: system.cpu: T0 : 0x105e8    : c_mv a4, s1                : IntAlu :  D=0x0000000000000005
6137000: system.cpu: T0 : 0x105ea    : c_li a5, 9                 : IntAlu :  D=0x0000000000000009
6137500: system.cpu: T0 : 0x105ec    : bge a5, a4, -136           : IntAlu : 
6138000: system.cpu: T0 : 0x10564    : c_mv a4, s2                : IntAlu :  D=0x0000000000000003
6138500: system.cpu: T0 : 0x10566    : c_mv a5, a4                : IntAlu :  D=0x0000000000000003
6139000: system.cpu: T0 : 0x10568    : c_slli a5, 2               : IntAlu :  D=0x000000000000000c
6139500: system.cpu: T0 : 0x1056a    : c_add a5, a4               : IntAlu :  D=0x000000000000000f
6140000: system.cpu: T0 : 0x1056c    : c_slli a5, 3               : IntAlu :  D=0x0000000000000078
6140500: system.cpu: T0 : 0x1056e    : c_mv a4, a5                : IntAlu :  D=0x0000000000000078
6141000: system.cpu: T0 : 0x10570    : ld a5, -56(s0)             : MemRead :  D=0x0000000000071990 A=0x7ffffffffffffd68
6141500: system.cpu: T0 : 0x10574    : c_add a4, a5               : IntAlu :  D=0x0000000000071a08
6142500: system.cpu: T0 : 0x10576    : slli a5, s1, 2             : IntAlu :  D=0x0000000000000014
6143000: system.cpu: T0 : 0x1057a    : c_add a5, a4               : IntAlu :  D=0x0000000000071a1c
6143500: system.cpu: T0 : 0x1057c    : c_lw a5, 0(a5)             : MemRead :  D=0x0000000000000ac8 A=0x71a1c
6144500: system.cpu: T0 : 0x1057e    : bge a5, zero, 52           : IntAlu : 
6145000: system.cpu: T0 : 0x105b2    : c_mv a4, s2                : IntAlu :  D=0x0000000000000003
6145500: system.cpu: T0 : 0x105b4    : c_mv a5, a4                : IntAlu :  D=0x0000000000000003
6146000: system.cpu: T0 : 0x105b6    : c_slli a5, 2               : IntAlu :  D=0x000000000000000c
6146500: system.cpu: T0 : 0x105b8    : c_add a5, a4               : IntAlu :  D=0x000000000000000f
6147000: system.cpu: T0 : 0x105ba    : c_slli a5, 3               : IntAlu :  D=0x0000000000000078
6147500: system.cpu: T0 : 0x105bc    : c_mv a4, a5                : IntAlu :  D=0x0000000000000078
6148500: system.cpu: T0 : 0x105be    : ld a5, -56(s0)             : MemRead :  D=0x0000000000071990 A=0x7ffffffffffffd68
6149000: system.cpu: T0 : 0x105c2    : c_add a4, a5               : IntAlu :  D=0x0000000000071a08
6149500: system.cpu: T0 : 0x105c4    : slli a5, s1, 2             : IntAlu :  D=0x0000000000000014
6150000: system.cpu: T0 : 0x105c8    : c_add a5, a4               : IntAlu :  D=0x0000000000071a1c
6150500: system.cpu: T0 : 0x105ca    : c_lw a5, 0(a5)             : MemRead :  D=0x0000000000000ac8 A=0x71a1c
6151000: system.cpu: T0 : 0x105cc    : lw a4, -44(s0)             : MemRead :  D=0x00000000000213ce A=0x7ffffffffffffd74
6151500: system.cpu: T0 : 0x105d0    : c_addw a5, a4              : IntAlu :  D=0x0000000000021e96
6152500: system.cpu: T0 : 0x105d2    : sw a5, -44(s0)             : MemWrite :  D=0x0000000000021e96 A=0x7ffffffffffffd74
6153500: system.cpu: T0 : 0x105d6    : lw a5, -36(s0)             : MemRead :  D=0x0000000000000023 A=0x7ffffffffffffd7c
6154000: system.cpu: T0 : 0x105da    : c_addiw a5, 1              : IntAlu :  D=0x0000000000000024
6154500: system.cpu: T0 : 0x105dc    : sw a5, -36(s0)             : MemWrite :  D=0x0000000000000024 A=0x7ffffffffffffd7c
6155000: system.cpu: T0 : 0x105e0    : addiw a5, s1, 1            : IntAlu :  D=0x0000000000000006
6155500: system.cpu: T0 : 0x105e4    : addiw s1, a5, 0            : IntAlu :  D=0x0000000000000006
6156000: system.cpu: T0 : 0x105e8    : c_mv a4, s1                : IntAlu :  D=0x0000000000000006
6156500: system.cpu: T0 : 0x105ea    : c_li a5, 9                 : IntAlu :  D=0x0000000000000009
6157000: system.cpu: T0 : 0x105ec    : bge a5, a4, -136           : IntAlu : 
6157500: system.cpu: T0 : 0x10564    : c_mv a4, s2                : IntAlu :  D=0x0000000000000003
6158000: system.cpu: T0 : 0x10566    : c_mv a5, a4                : IntAlu :  D=0x0000000000000003
6158500: system.cpu: T0 : 0x10568    : c_slli a5, 2               : IntAlu :  D=0x000000000000000c
6159000: system.cpu: T0 : 0x1056a    : c_add a5, a4               : IntAlu :  D=0x000000000000000f
6159500: system.cpu: T0 : 0x1056c    : c_slli a5, 3               : IntAlu :  D=0x0000000000000078
6160000: system.cpu: T0 : 0x1056e    : c_mv a4, a5                : IntAlu :  D=0x0000000000000078
6160500: system.cpu: T0 : 0x10570    : ld a5, -56(s0)             : MemRead :  D=0x0000000000071990 A=0x7ffffffffffffd68
6161000: system.cpu: T0 : 0x10574    : c_add a4, a5               : IntAlu :  D=0x0000000000071a08
6162000: system.cpu: T0 : 0x10576    : slli a5, s1, 2             : IntAlu :  D=0x0000000000000018
6162500: system.cpu: T0 : 0x1057a    : c_add a5, a4               : IntAlu :  D=0x0000000000071a20
6163000: system.cpu: T0 : 0x1057c    : c_lw a5, 0(a5)             : MemRead :  D=0x0000000000000b46 A=0x71a20
6164000: system.cpu: T0 : 0x1057e    : bge a5, zero, 52           : IntAlu : 
6164500: system.cpu: T0 : 0x105b2    : c_mv a4, s2                : IntAlu :  D=0x0000000000000003
6165000: system.cpu: T0 : 0x105b4    : c_mv a5, a4                : IntAlu :  D=0x0000000000000003
6165500: system.cpu: T0 : 0x105b6    : c_slli a5, 2               : IntAlu :  D=0x000000000000000c
6166000: system.cpu: T0 : 0x105b8    : c_add a5, a4               : IntAlu :  D=0x000000000000000f
6166500: system.cpu: T0 : 0x105ba    : c_slli a5, 3               : IntAlu :  D=0x0000000000000078
6167000: system.cpu: T0 : 0x105bc    : c_mv a4, a5                : IntAlu :  D=0x0000000000000078
6168000: system.cpu: T0 : 0x105be    : ld a5, -56(s0)             : MemRead :  D=0x0000000000071990 A=0x7ffffffffffffd68
6168500: system.cpu: T0 : 0x105c2    : c_add a4, a5               : IntAlu :  D=0x0000000000071a08
6169000: system.cpu: T0 : 0x105c4    : slli a5, s1, 2             : IntAlu :  D=0x0000000000000018
6169500: system.cpu: T0 : 0x105c8    : c_add a5, a4               : IntAlu :  D=0x0000000000071a20
6170000: system.cpu: T0 : 0x105ca    : c_lw a5, 0(a5)             : MemRead :  D=0x0000000000000b46 A=0x71a20
6170500: system.cpu: T0 : 0x105cc    : lw a4, -44(s0)             : MemRead :  D=0x0000000000021e96 A=0x7ffffffffffffd74
6171000: system.cpu: T0 : 0x105d0    : c_addw a5, a4              : IntAlu :  D=0x00000000000229dc
6172000: system.cpu: T0 : 0x105d2    : sw a5, -44(s0)             : MemWrite :  D=0x00000000000229dc A=0x7ffffffffffffd74
6173000: system.cpu: T0 : 0x105d6    : lw a5, -36(s0)             : MemRead :  D=0x0000000000000024 A=0x7ffffffffffffd7c
6173500: system.cpu: T0 : 0x105da    : c_addiw a5, 1              : IntAlu :  D=0x0000000000000025
6174000: system.cpu: T0 : 0x105dc    : sw a5, -36(s0)             : MemWrite :  D=0x0000000000000025 A=0x7ffffffffffffd7c
6174500: system.cpu: T0 : 0x105e0    : addiw a5, s1, 1            : IntAlu :  D=0x0000000000000007
6175000: system.cpu: T0 : 0x105e4    : addiw s1, a5, 0            : IntAlu :  D=0x0000000000000007
6175500: system.cpu: T0 : 0x105e8    : c_mv a4, s1                : IntAlu :  D=0x0000000000000007
6176000: system.cpu: T0 : 0x105ea    : c_li a5, 9                 : IntAlu :  D=0x0000000000000009
6176500: system.cpu: T0 : 0x105ec    : bge a5, a4, -136           : IntAlu : 
6177000: system.cpu: T0 : 0x10564    : c_mv a4, s2                : IntAlu :  D=0x0000000000000003
6177500: system.cpu: T0 : 0x10566    : c_mv a5, a4                : IntAlu :  D=0x0000000000000003
6178000: system.cpu: T0 : 0x10568    : c_slli a5, 2               : IntAlu :  D=0x000000000000000c
6178500: system.cpu: T0 : 0x1056a    : c_add a5, a4               : IntAlu :  D=0x000000000000000f
6179000: system.cpu: T0 : 0x1056c    : c_slli a5, 3               : IntAlu :  D=0x0000000000000078
6179500: system.cpu: T0 : 0x1056e    : c_mv a4, a5                : IntAlu :  D=0x0000000000000078
6180000: system.cpu: T0 : 0x10570    : ld a5, -56(s0)             : MemRead :  D=0x0000000000071990 A=0x7ffffffffffffd68
6180500: system.cpu: T0 : 0x10574    : c_add a4, a5               : IntAlu :  D=0x0000000000071a08
6181500: system.cpu: T0 : 0x10576    : slli a5, s1, 2             : IntAlu :  D=0x000000000000001c
6182000: system.cpu: T0 : 0x1057a    : c_add a5, a4               : IntAlu :  D=0x0000000000071a24
6182500: system.cpu: T0 : 0x1057c    : c_lw a5, 0(a5)             : MemRead :  D=0x0000000000000d7e A=0x71a24
6183500: system.cpu: T0 : 0x1057e    : bge a5, zero, 52           : IntAlu : 
6184000: system.cpu: T0 : 0x105b2    : c_mv a4, s2                : IntAlu :  D=0x0000000000000003
6184500: system.cpu: T0 : 0x105b4    : c_mv a5, a4                : IntAlu :  D=0x0000000000000003
6185000: system.cpu: T0 : 0x105b6    : c_slli a5, 2               : IntAlu :  D=0x000000000000000c
6185500: system.cpu: T0 : 0x105b8    : c_add a5, a4               : IntAlu :  D=0x000000000000000f
6186000: system.cpu: T0 : 0x105ba    : c_slli a5, 3               : IntAlu :  D=0x0000000000000078
6186500: system.cpu: T0 : 0x105bc    : c_mv a4, a5                : IntAlu :  D=0x0000000000000078
6187500: system.cpu: T0 : 0x105be    : ld a5, -56(s0)             : MemRead :  D=0x0000000000071990 A=0x7ffffffffffffd68
6188000: system.cpu: T0 : 0x105c2    : c_add a4, a5               : IntAlu :  D=0x0000000000071a08
6188500: system.cpu: T0 : 0x105c4    : slli a5, s1, 2             : IntAlu :  D=0x000000000000001c
6189000: system.cpu: T0 : 0x105c8    : c_add a5, a4               : IntAlu :  D=0x0000000000071a24
6189500: system.cpu: T0 : 0x105ca    : c_lw a5, 0(a5)             : MemRead :  D=0x0000000000000d7e A=0x71a24
6190000: system.cpu: T0 : 0x105cc    : lw a4, -44(s0)             : MemRead :  D=0x00000000000229dc A=0x7ffffffffffffd74
6190500: system.cpu: T0 : 0x105d0    : c_addw a5, a4              : IntAlu :  D=0x000000000002375a
6191500: system.cpu: T0 : 0x105d2    : sw a5, -44(s0)             : MemWrite :  D=0x000000000002375a A=0x7ffffffffffffd74
6192500: system.cpu: T0 : 0x105d6    : lw a5, -36(s0)             : MemRead :  D=0x0000000000000025 A=0x7ffffffffffffd7c
6193000: system.cpu: T0 : 0x105da    : c_addiw a5, 1              : IntAlu :  D=0x0000000000000026
6193500: system.cpu: T0 : 0x105dc    : sw a5, -36(s0)             : MemWrite :  D=0x0000000000000026 A=0x7ffffffffffffd7c
6194000: system.cpu: T0 : 0x105e0    : addiw a5, s1, 1            : IntAlu :  D=0x0000000000000008
6194500: system.cpu: T0 : 0x105e4    : addiw s1, a5, 0            : IntAlu :  D=0x0000000000000008
6195000: system.cpu: T0 : 0x105e8    : c_mv a4, s1                : IntAlu :  D=0x0000000000000008
6195500: system.cpu: T0 : 0x105ea    : c_li a5, 9                 : IntAlu :  D=0x0000000000000009
6196000: system.cpu: T0 : 0x105ec    : bge a5, a4, -136           : IntAlu : 
6196500: system.cpu: T0 : 0x10564    : c_mv a4, s2                : IntAlu :  D=0x0000000000000003
6197000: system.cpu: T0 : 0x10566    : c_mv a5, a4                : IntAlu :  D=0x0000000000000003
6197500: system.cpu: T0 : 0x10568    : c_slli a5, 2               : IntAlu :  D=0x000000000000000c
6198000: system.cpu: T0 : 0x1056a    : c_add a5, a4               : IntAlu :  D=0x000000000000000f
6198500: system.cpu: T0 : 0x1056c    : c_slli a5, 3               : IntAlu :  D=0x0000000000000078
6199000: system.cpu: T0 : 0x1056e    : c_mv a4, a5                : IntAlu :  D=0x0000000000000078
6199500: system.cpu: T0 : 0x10570    : ld a5, -56(s0)             : MemRead :  D=0x0000000000071990 A=0x7ffffffffffffd68
6200000: system.cpu: T0 : 0x10574    : c_add a4, a5               : IntAlu :  D=0x0000000000071a08
6201000: system.cpu: T0 : 0x10576    : slli a5, s1, 2             : IntAlu :  D=0x0000000000000020
6201500: system.cpu: T0 : 0x1057a    : c_add a5, a4               : IntAlu :  D=0x0000000000071a28
6202000: system.cpu: T0 : 0x1057c    : c_lw a5, 0(a5)             : MemRead :  D=0x00000000000017ff A=0x71a28
6203000: system.cpu: T0 : 0x1057e    : bge a5, zero, 52           : IntAlu : 
6203500: system.cpu: T0 : 0x105b2    : c_mv a4, s2                : IntAlu :  D=0x0000000000000003
6204000: system.cpu: T0 : 0x105b4    : c_mv a5, a4                : IntAlu :  D=0x0000000000000003
6204500: system.cpu: T0 : 0x105b6    : c_slli a5, 2               : IntAlu :  D=0x000000000000000c
6205000: system.cpu: T0 : 0x105b8    : c_add a5, a4               : IntAlu :  D=0x000000000000000f
6205500: system.cpu: T0 : 0x105ba    : c_slli a5, 3               : IntAlu :  D=0x0000000000000078
6206000: system.cpu: T0 : 0x105bc    : c_mv a4, a5                : IntAlu :  D=0x0000000000000078
6207000: system.cpu: T0 : 0x105be    : ld a5, -56(s0)             : MemRead :  D=0x0000000000071990 A=0x7ffffffffffffd68
6207500: system.cpu: T0 : 0x105c2    : c_add a4, a5               : IntAlu :  D=0x0000000000071a08
6208000: system.cpu: T0 : 0x105c4    : slli a5, s1, 2             : IntAlu :  D=0x0000000000000020
6208500: system.cpu: T0 : 0x105c8    : c_add a5, a4               : IntAlu :  D=0x0000000000071a28
6209000: system.cpu: T0 : 0x105ca    : c_lw a5, 0(a5)             : MemRead :  D=0x00000000000017ff A=0x71a28
6209500: system.cpu: T0 : 0x105cc    : lw a4, -44(s0)             : MemRead :  D=0x000000000002375a A=0x7ffffffffffffd74
6210000: system.cpu: T0 : 0x105d0    : c_addw a5, a4              : IntAlu :  D=0x0000000000024f59
6211000: system.cpu: T0 : 0x105d2    : sw a5, -44(s0)             : MemWrite :  D=0x0000000000024f59 A=0x7ffffffffffffd74
6212000: system.cpu: T0 : 0x105d6    : lw a5, -36(s0)             : MemRead :  D=0x0000000000000026 A=0x7ffffffffffffd7c
6212500: system.cpu: T0 : 0x105da    : c_addiw a5, 1              : IntAlu :  D=0x0000000000000027
6213000: system.cpu: T0 : 0x105dc    : sw a5, -36(s0)             : MemWrite :  D=0x0000000000000027 A=0x7ffffffffffffd7c
6213500: system.cpu: T0 : 0x105e0    : addiw a5, s1, 1            : IntAlu :  D=0x0000000000000009
6214000: system.cpu: T0 : 0x105e4    : addiw s1, a5, 0            : IntAlu :  D=0x0000000000000009
6214500: system.cpu: T0 : 0x105e8    : c_mv a4, s1                : IntAlu :  D=0x0000000000000009
6215000: system.cpu: T0 : 0x105ea    : c_li a5, 9                 : IntAlu :  D=0x0000000000000009
6215500: system.cpu: T0 : 0x105ec    : bge a5, a4, -136           : IntAlu : 
6216000: system.cpu: T0 : 0x10564    : c_mv a4, s2                : IntAlu :  D=0x0000000000000003
6216500: system.cpu: T0 : 0x10566    : c_mv a5, a4                : IntAlu :  D=0x0000000000000003
6217000: system.cpu: T0 : 0x10568    : c_slli a5, 2               : IntAlu :  D=0x000000000000000c
6217500: system.cpu: T0 : 0x1056a    : c_add a5, a4               : IntAlu :  D=0x000000000000000f
6218000: system.cpu: T0 : 0x1056c    : c_slli a5, 3               : IntAlu :  D=0x0000000000000078
6218500: system.cpu: T0 : 0x1056e    : c_mv a4, a5                : IntAlu :  D=0x0000000000000078
6219000: system.cpu: T0 : 0x10570    : ld a5, -56(s0)             : MemRead :  D=0x0000000000071990 A=0x7ffffffffffffd68
6219500: system.cpu: T0 : 0x10574    : c_add a4, a5               : IntAlu :  D=0x0000000000071a08
6220500: system.cpu: T0 : 0x10576    : slli a5, s1, 2             : IntAlu :  D=0x0000000000000024
6221000: system.cpu: T0 : 0x1057a    : c_add a5, a4               : IntAlu :  D=0x0000000000071a2c
6221500: system.cpu: T0 : 0x1057c    : c_lw a5, 0(a5)             : MemRead :  D=0x0000000000001db0 A=0x71a2c
6222500: system.cpu: T0 : 0x1057e    : bge a5, zero, 52           : IntAlu : 
6223000: system.cpu: T0 : 0x105b2    : c_mv a4, s2                : IntAlu :  D=0x0000000000000003
6223500: system.cpu: T0 : 0x105b4    : c_mv a5, a4                : IntAlu :  D=0x0000000000000003
6224000: system.cpu: T0 : 0x105b6    : c_slli a5, 2               : IntAlu :  D=0x000000000000000c
6224500: system.cpu: T0 : 0x105b8    : c_add a5, a4               : IntAlu :  D=0x000000000000000f
6225000: system.cpu: T0 : 0x105ba    : c_slli a5, 3               : IntAlu :  D=0x0000000000000078
6225500: system.cpu: T0 : 0x105bc    : c_mv a4, a5                : IntAlu :  D=0x0000000000000078
6226500: system.cpu: T0 : 0x105be    : ld a5, -56(s0)             : MemRead :  D=0x0000000000071990 A=0x7ffffffffffffd68
6227000: system.cpu: T0 : 0x105c2    : c_add a4, a5               : IntAlu :  D=0x0000000000071a08
6227500: system.cpu: T0 : 0x105c4    : slli a5, s1, 2             : IntAlu :  D=0x0000000000000024
6228000: system.cpu: T0 : 0x105c8    : c_add a5, a4               : IntAlu :  D=0x0000000000071a2c
6228500: system.cpu: T0 : 0x105ca    : c_lw a5, 0(a5)             : MemRead :  D=0x0000000000001db0 A=0x71a2c
6229000: system.cpu: T0 : 0x105cc    : lw a4, -44(s0)             : MemRead :  D=0x0000000000024f59 A=0x7ffffffffffffd74
6229500: system.cpu: T0 : 0x105d0    : c_addw a5, a4              : IntAlu :  D=0x0000000000026d09
6230500: system.cpu: T0 : 0x105d2    : sw a5, -44(s0)             : MemWrite :  D=0x0000000000026d09 A=0x7ffffffffffffd74
6231500: system.cpu: T0 : 0x105d6    : lw a5, -36(s0)             : MemRead :  D=0x0000000000000027 A=0x7ffffffffffffd7c
6232000: system.cpu: T0 : 0x105da    : c_addiw a5, 1              : IntAlu :  D=0x0000000000000028
6232500: system.cpu: T0 : 0x105dc    : sw a5, -36(s0)             : MemWrite :  D=0x0000000000000028 A=0x7ffffffffffffd7c
6233000: system.cpu: T0 : 0x105e0    : addiw a5, s1, 1            : IntAlu :  D=0x000000000000000a
6233500: system.cpu: T0 : 0x105e4    : addiw s1, a5, 0            : IntAlu :  D=0x000000000000000a
6234000: system.cpu: T0 : 0x105e8    : c_mv a4, s1                : IntAlu :  D=0x000000000000000a
6234500: system.cpu: T0 : 0x105ea    : c_li a5, 9                 : IntAlu :  D=0x0000000000000009
6235000: system.cpu: T0 : 0x105ec    : bge a5, a4, -136           : IntAlu : 
6235500: system.cpu: T0 : 0x105f0    : addiw a5, s2, 1            : IntAlu :  D=0x0000000000000004
6236000: system.cpu: T0 : 0x105f4    : addiw s2, a5, 0            : IntAlu :  D=0x0000000000000004
6236500: system.cpu: T0 : 0x105f8    : c_mv a4, s2                : IntAlu :  D=0x0000000000000004
6237000: system.cpu: T0 : 0x105fa    : c_li a5, 9                 : IntAlu :  D=0x0000000000000009
6237500: system.cpu: T0 : 0x105fc    : bge a5, a4, -156           : IntAlu : 
6238000: system.cpu: T0 : 0x10560    : c_li s1, 0                 : IntAlu :  D=0x0000000000000000
6238500: system.cpu: T0 : 0x10562    : c_j 134                    : IntAlu : 
6239000: system.cpu: T0 : 0x105e8    : c_mv a4, s1                : IntAlu :  D=0x0000000000000000
6239500: system.cpu: T0 : 0x105ea    : c_li a5, 9                 : IntAlu :  D=0x0000000000000009
6240000: system.cpu: T0 : 0x105ec    : bge a5, a4, -136           : IntAlu : 
6240500: system.cpu: T0 : 0x10564    : c_mv a4, s2                : IntAlu :  D=0x0000000000000004
6241000: system.cpu: T0 : 0x10566    : c_mv a5, a4                : IntAlu :  D=0x0000000000000004
6241500: system.cpu: T0 : 0x10568    : c_slli a5, 2               : IntAlu :  D=0x0000000000000010
6242000: system.cpu: T0 : 0x1056a    : c_add a5, a4               : IntAlu :  D=0x0000000000000014
6242500: system.cpu: T0 : 0x1056c    : c_slli a5, 3               : IntAlu :  D=0x00000000000000a0
6243000: system.cpu: T0 : 0x1056e    : c_mv a4, a5                : IntAlu :  D=0x00000000000000a0
6243500: system.cpu: T0 : 0x10570    : ld a5, -56(s0)             : MemRead :  D=0x0000000000071990 A=0x7ffffffffffffd68
6244000: system.cpu: T0 : 0x10574    : c_add a4, a5               : IntAlu :  D=0x0000000000071a30
6245000: system.cpu: T0 : 0x10576    : slli a5, s1, 2             : IntAlu :  D=0x0000000000000000
6245500: system.cpu: T0 : 0x1057a    : c_add a5, a4               : IntAlu :  D=0x0000000000071a30
6246000: system.cpu: T0 : 0x1057c    : c_lw a5, 0(a5)             : MemRead :  D=0x0000000000001bbd A=0x71a30
6247000: system.cpu: T0 : 0x1057e    : bge a5, zero, 52           : IntAlu : 
6247500: system.cpu: T0 : 0x105b2    : c_mv a4, s2                : IntAlu :  D=0x0000000000000004
6248000: system.cpu: T0 : 0x105b4    : c_mv a5, a4                : IntAlu :  D=0x0000000000000004
6248500: system.cpu: T0 : 0x105b6    : c_slli a5, 2               : IntAlu :  D=0x0000000000000010
6249000: system.cpu: T0 : 0x105b8    : c_add a5, a4               : IntAlu :  D=0x0000000000000014
6249500: system.cpu: T0 : 0x105ba    : c_slli a5, 3               : IntAlu :  D=0x00000000000000a0
6250000: system.cpu: T0 : 0x105bc    : c_mv a4, a5                : IntAlu :  D=0x00000000000000a0
6251000: system.cpu: T0 : 0x105be    : ld a5, -56(s0)             : MemRead :  D=0x0000000000071990 A=0x7ffffffffffffd68
6251500: system.cpu: T0 : 0x105c2    : c_add a4, a5               : IntAlu :  D=0x0000000000071a30
6252000: system.cpu: T0 : 0x105c4    : slli a5, s1, 2             : IntAlu :  D=0x0000000000000000
6252500: system.cpu: T0 : 0x105c8    : c_add a5, a4               : IntAlu :  D=0x0000000000071a30
6253000: system.cpu: T0 : 0x105ca    : c_lw a5, 0(a5)             : MemRead :  D=0x0000000000001bbd A=0x71a30
6253500: system.cpu: T0 : 0x105cc    : lw a4, -44(s0)             : MemRead :  D=0x0000000000026d09 A=0x7ffffffffffffd74
6254000: system.cpu: T0 : 0x105d0    : c_addw a5, a4              : IntAlu :  D=0x00000000000288c6
6255000: system.cpu: T0 : 0x105d2    : sw a5, -44(s0)             : MemWrite :  D=0x00000000000288c6 A=0x7ffffffffffffd74
6256000: system.cpu: T0 : 0x105d6    : lw a5, -36(s0)             : MemRead :  D=0x0000000000000028 A=0x7ffffffffffffd7c
6256500: system.cpu: T0 : 0x105da    : c_addiw a5, 1              : IntAlu :  D=0x0000000000000029
6257000: system.cpu: T0 : 0x105dc    : sw a5, -36(s0)             : MemWrite :  D=0x0000000000000029 A=0x7ffffffffffffd7c
6257500: system.cpu: T0 : 0x105e0    : addiw a5, s1, 1            : IntAlu :  D=0x0000000000000001
6258000: system.cpu: T0 : 0x105e4    : addiw s1, a5, 0            : IntAlu :  D=0x0000000000000001
6258500: system.cpu: T0 : 0x105e8    : c_mv a4, s1                : IntAlu :  D=0x0000000000000001
6259000: system.cpu: T0 : 0x105ea    : c_li a5, 9                 : IntAlu :  D=0x0000000000000009
6259500: system.cpu: T0 : 0x105ec    : bge a5, a4, -136           : IntAlu : 
6260000: system.cpu: T0 : 0x10564    : c_mv a4, s2                : IntAlu :  D=0x0000000000000004
6260500: system.cpu: T0 : 0x10566    : c_mv a5, a4                : IntAlu :  D=0x0000000000000004
6261000: system.cpu: T0 : 0x10568    : c_slli a5, 2               : IntAlu :  D=0x0000000000000010
6261500: system.cpu: T0 : 0x1056a    : c_add a5, a4               : IntAlu :  D=0x0000000000000014
6262000: system.cpu: T0 : 0x1056c    : c_slli a5, 3               : IntAlu :  D=0x00000000000000a0
6262500: system.cpu: T0 : 0x1056e    : c_mv a4, a5                : IntAlu :  D=0x00000000000000a0
6263000: system.cpu: T0 : 0x10570    : ld a5, -56(s0)             : MemRead :  D=0x0000000000071990 A=0x7ffffffffffffd68
6263500: system.cpu: T0 : 0x10574    : c_add a4, a5               : IntAlu :  D=0x0000000000071a30
6264500: system.cpu: T0 : 0x10576    : slli a5, s1, 2             : IntAlu :  D=0x0000000000000004
6265000: system.cpu: T0 : 0x1057a    : c_add a5, a4               : IntAlu :  D=0x0000000000071a34
6265500: system.cpu: T0 : 0x1057c    : c_lw a5, 0(a5)             : MemRead :  D=0x0000000000001576 A=0x71a34
6266500: system.cpu: T0 : 0x1057e    : bge a5, zero, 52           : IntAlu : 
6267000: system.cpu: T0 : 0x105b2    : c_mv a4, s2                : IntAlu :  D=0x0000000000000004
6267500: system.cpu: T0 : 0x105b4    : c_mv a5, a4                : IntAlu :  D=0x0000000000000004
6268000: system.cpu: T0 : 0x105b6    : c_slli a5, 2               : IntAlu :  D=0x0000000000000010
6268500: system.cpu: T0 : 0x105b8    : c_add a5, a4               : IntAlu :  D=0x0000000000000014
6269000: system.cpu: T0 : 0x105ba    : c_slli a5, 3               : IntAlu :  D=0x00000000000000a0
6269500: system.cpu: T0 : 0x105bc    : c_mv a4, a5                : IntAlu :  D=0x00000000000000a0
6270500: system.cpu: T0 : 0x105be    : ld a5, -56(s0)             : MemRead :  D=0x0000000000071990 A=0x7ffffffffffffd68
6271000: system.cpu: T0 : 0x105c2    : c_add a4, a5               : IntAlu :  D=0x0000000000071a30
6271500: system.cpu: T0 : 0x105c4    : slli a5, s1, 2             : IntAlu :  D=0x0000000000000004
6272000: system.cpu: T0 : 0x105c8    : c_add a5, a4               : IntAlu :  D=0x0000000000071a34
6272500: system.cpu: T0 : 0x105ca    : c_lw a5, 0(a5)             : MemRead :  D=0x0000000000001576 A=0x71a34
6273000: system.cpu: T0 : 0x105cc    : lw a4, -44(s0)             : MemRead :  D=0x00000000000288c6 A=0x7ffffffffffffd74
6273500: system.cpu: T0 : 0x105d0    : c_addw a5, a4              : IntAlu :  D=0x0000000000029e3c
6274500: system.cpu: T0 : 0x105d2    : sw a5, -44(s0)             : MemWrite :  D=0x0000000000029e3c A=0x7ffffffffffffd74
6275500: system.cpu: T0 : 0x105d6    : lw a5, -36(s0)             : MemRead :  D=0x0000000000000029 A=0x7ffffffffffffd7c
6276000: system.cpu: T0 : 0x105da    : c_addiw a5, 1              : IntAlu :  D=0x000000000000002a
6276500: system.cpu: T0 : 0x105dc    : sw a5, -36(s0)             : MemWrite :  D=0x000000000000002a A=0x7ffffffffffffd7c
6277000: system.cpu: T0 : 0x105e0    : addiw a5, s1, 1            : IntAlu :  D=0x0000000000000002
6277500: system.cpu: T0 : 0x105e4    : addiw s1, a5, 0            : IntAlu :  D=0x0000000000000002
6278000: system.cpu: T0 : 0x105e8    : c_mv a4, s1                : IntAlu :  D=0x0000000000000002
6278500: system.cpu: T0 : 0x105ea    : c_li a5, 9                 : IntAlu :  D=0x0000000000000009
6279000: system.cpu: T0 : 0x105ec    : bge a5, a4, -136           : IntAlu : 
6279500: system.cpu: T0 : 0x10564    : c_mv a4, s2                : IntAlu :  D=0x0000000000000004
6280000: system.cpu: T0 : 0x10566    : c_mv a5, a4                : IntAlu :  D=0x0000000000000004
6280500: system.cpu: T0 : 0x10568    : c_slli a5, 2               : IntAlu :  D=0x0000000000000010
6281000: system.cpu: T0 : 0x1056a    : c_add a5, a4               : IntAlu :  D=0x0000000000000014
6281500: system.cpu: T0 : 0x1056c    : c_slli a5, 3               : IntAlu :  D=0x00000000000000a0
6282000: system.cpu: T0 : 0x1056e    : c_mv a4, a5                : IntAlu :  D=0x00000000000000a0
6282500: system.cpu: T0 : 0x10570    : ld a5, -56(s0)             : MemRead :  D=0x0000000000071990 A=0x7ffffffffffffd68
6283000: system.cpu: T0 : 0x10574    : c_add a4, a5               : IntAlu :  D=0x0000000000071a30
6284000: system.cpu: T0 : 0x10576    : slli a5, s1, 2             : IntAlu :  D=0x0000000000000008
6284500: system.cpu: T0 : 0x1057a    : c_add a5, a4               : IntAlu :  D=0x0000000000071a38
6285000: system.cpu: T0 : 0x1057c    : c_lw a5, 0(a5)             : MemRead :  D=0x00000000000008b9 A=0x71a38
6286000: system.cpu: T0 : 0x1057e    : bge a5, zero, 52           : IntAlu : 
6286500: system.cpu: T0 : 0x105b2    : c_mv a4, s2                : IntAlu :  D=0x0000000000000004
6287000: system.cpu: T0 : 0x105b4    : c_mv a5, a4                : IntAlu :  D=0x0000000000000004
6287500: system.cpu: T0 : 0x105b6    : c_slli a5, 2               : IntAlu :  D=0x0000000000000010
6288000: system.cpu: T0 : 0x105b8    : c_add a5, a4               : IntAlu :  D=0x0000000000000014
6288500: system.cpu: T0 : 0x105ba    : c_slli a5, 3               : IntAlu :  D=0x00000000000000a0
6289000: system.cpu: T0 : 0x105bc    : c_mv a4, a5                : IntAlu :  D=0x00000000000000a0
6290000: system.cpu: T0 : 0x105be    : ld a5, -56(s0)             : MemRead :  D=0x0000000000071990 A=0x7ffffffffffffd68
6290500: system.cpu: T0 : 0x105c2    : c_add a4, a5               : IntAlu :  D=0x0000000000071a30
6291000: system.cpu: T0 : 0x105c4    : slli a5, s1, 2             : IntAlu :  D=0x0000000000000008
6291500: system.cpu: T0 : 0x105c8    : c_add a5, a4               : IntAlu :  D=0x0000000000071a38
6292000: system.cpu: T0 : 0x105ca    : c_lw a5, 0(a5)             : MemRead :  D=0x00000000000008b9 A=0x71a38
6292500: system.cpu: T0 : 0x105cc    : lw a4, -44(s0)             : MemRead :  D=0x0000000000029e3c A=0x7ffffffffffffd74
6293000: system.cpu: T0 : 0x105d0    : c_addw a5, a4              : IntAlu :  D=0x000000000002a6f5
6294000: system.cpu: T0 : 0x105d2    : sw a5, -44(s0)             : MemWrite :  D=0x000000000002a6f5 A=0x7ffffffffffffd74
6295000: system.cpu: T0 : 0x105d6    : lw a5, -36(s0)             : MemRead :  D=0x000000000000002a A=0x7ffffffffffffd7c
6295500: system.cpu: T0 : 0x105da    : c_addiw a5, 1              : IntAlu :  D=0x000000000000002b
6296000: system.cpu: T0 : 0x105dc    : sw a5, -36(s0)             : MemWrite :  D=0x000000000000002b A=0x7ffffffffffffd7c
6296500: system.cpu: T0 : 0x105e0    : addiw a5, s1, 1            : IntAlu :  D=0x0000000000000003
6297000: system.cpu: T0 : 0x105e4    : addiw s1, a5, 0            : IntAlu :  D=0x0000000000000003
6297500: system.cpu: T0 : 0x105e8    : c_mv a4, s1                : IntAlu :  D=0x0000000000000003
6298000: system.cpu: T0 : 0x105ea    : c_li a5, 9                 : IntAlu :  D=0x0000000000000009
6298500: system.cpu: T0 : 0x105ec    : bge a5, a4, -136           : IntAlu : 
6299000: system.cpu: T0 : 0x10564    : c_mv a4, s2                : IntAlu :  D=0x0000000000000004
6299500: system.cpu: T0 : 0x10566    : c_mv a5, a4                : IntAlu :  D=0x0000000000000004
6300000: system.cpu: T0 : 0x10568    : c_slli a5, 2               : IntAlu :  D=0x0000000000000010
6300500: system.cpu: T0 : 0x1056a    : c_add a5, a4               : IntAlu :  D=0x0000000000000014
6301000: system.cpu: T0 : 0x1056c    : c_slli a5, 3               : IntAlu :  D=0x00000000000000a0
6301500: system.cpu: T0 : 0x1056e    : c_mv a4, a5                : IntAlu :  D=0x00000000000000a0
6302000: system.cpu: T0 : 0x10570    : ld a5, -56(s0)             : MemRead :  D=0x0000000000071990 A=0x7ffffffffffffd68
6302500: system.cpu: T0 : 0x10574    : c_add a4, a5               : IntAlu :  D=0x0000000000071a30
6303500: system.cpu: T0 : 0x10576    : slli a5, s1, 2             : IntAlu :  D=0x000000000000000c
6304000: system.cpu: T0 : 0x1057a    : c_add a5, a4               : IntAlu :  D=0x0000000000071a3c
6304500: system.cpu: T0 : 0x1057c    : c_lw a5, 0(a5)             : MemRead :  D=0x0000000000001612 A=0x71a3c
6305500: system.cpu: T0 : 0x1057e    : bge a5, zero, 52           : IntAlu : 
6306000: system.cpu: T0 : 0x105b2    : c_mv a4, s2                : IntAlu :  D=0x0000000000000004
6306500: system.cpu: T0 : 0x105b4    : c_mv a5, a4                : IntAlu :  D=0x0000000000000004
6307000: system.cpu: T0 : 0x105b6    : c_slli a5, 2               : IntAlu :  D=0x0000000000000010
6307500: system.cpu: T0 : 0x105b8    : c_add a5, a4               : IntAlu :  D=0x0000000000000014
6308000: system.cpu: T0 : 0x105ba    : c_slli a5, 3               : IntAlu :  D=0x00000000000000a0
6308500: system.cpu: T0 : 0x105bc    : c_mv a4, a5                : IntAlu :  D=0x00000000000000a0
6309500: system.cpu: T0 : 0x105be    : ld a5, -56(s0)             : MemRead :  D=0x0000000000071990 A=0x7ffffffffffffd68
6310000: system.cpu: T0 : 0x105c2    : c_add a4, a5               : IntAlu :  D=0x0000000000071a30
6310500: system.cpu: T0 : 0x105c4    : slli a5, s1, 2             : IntAlu :  D=0x000000000000000c
6311000: system.cpu: T0 : 0x105c8    : c_add a5, a4               : IntAlu :  D=0x0000000000071a3c
6311500: system.cpu: T0 : 0x105ca    : c_lw a5, 0(a5)             : MemRead :  D=0x0000000000001612 A=0x71a3c
6312000: system.cpu: T0 : 0x105cc    : lw a4, -44(s0)             : MemRead :  D=0x000000000002a6f5 A=0x7ffffffffffffd74
6312500: system.cpu: T0 : 0x105d0    : c_addw a5, a4              : IntAlu :  D=0x000000000002bd07
6313500: system.cpu: T0 : 0x105d2    : sw a5, -44(s0)             : MemWrite :  D=0x000000000002bd07 A=0x7ffffffffffffd74
6314500: system.cpu: T0 : 0x105d6    : lw a5, -36(s0)             : MemRead :  D=0x000000000000002b A=0x7ffffffffffffd7c
6315000: system.cpu: T0 : 0x105da    : c_addiw a5, 1              : IntAlu :  D=0x000000000000002c
6315500: system.cpu: T0 : 0x105dc    : sw a5, -36(s0)             : MemWrite :  D=0x000000000000002c A=0x7ffffffffffffd7c
6316000: system.cpu: T0 : 0x105e0    : addiw a5, s1, 1            : IntAlu :  D=0x0000000000000004
6316500: system.cpu: T0 : 0x105e4    : addiw s1, a5, 0            : IntAlu :  D=0x0000000000000004
6317000: system.cpu: T0 : 0x105e8    : c_mv a4, s1                : IntAlu :  D=0x0000000000000004
6317500: system.cpu: T0 : 0x105ea    : c_li a5, 9                 : IntAlu :  D=0x0000000000000009
6318000: system.cpu: T0 : 0x105ec    : bge a5, a4, -136           : IntAlu : 
6318500: system.cpu: T0 : 0x10564    : c_mv a4, s2                : IntAlu :  D=0x0000000000000004
6319000: system.cpu: T0 : 0x10566    : c_mv a5, a4                : IntAlu :  D=0x0000000000000004
6319500: system.cpu: T0 : 0x10568    : c_slli a5, 2               : IntAlu :  D=0x0000000000000010
6320000: system.cpu: T0 : 0x1056a    : c_add a5, a4               : IntAlu :  D=0x0000000000000014
6320500: system.cpu: T0 : 0x1056c    : c_slli a5, 3               : IntAlu :  D=0x00000000000000a0
6321000: system.cpu: T0 : 0x1056e    : c_mv a4, a5                : IntAlu :  D=0x00000000000000a0
6321500: system.cpu: T0 : 0x10570    : ld a5, -56(s0)             : MemRead :  D=0x0000000000071990 A=0x7ffffffffffffd68
6322000: system.cpu: T0 : 0x10574    : c_add a4, a5               : IntAlu :  D=0x0000000000071a30
6323000: system.cpu: T0 : 0x10576    : slli a5, s1, 2             : IntAlu :  D=0x0000000000000010
6323500: system.cpu: T0 : 0x1057a    : c_add a5, a4               : IntAlu :  D=0x0000000000071a40
6324000: system.cpu: T0 : 0x1057c    : c_lw a5, 0(a5)             : MemRead :  D=0x0000000000001a87 A=0x71a40
6325000: system.cpu: T0 : 0x1057e    : bge a5, zero, 52           : IntAlu : 
6325500: system.cpu: T0 : 0x105b2    : c_mv a4, s2                : IntAlu :  D=0x0000000000000004
6326000: system.cpu: T0 : 0x105b4    : c_mv a5, a4                : IntAlu :  D=0x0000000000000004
6326500: system.cpu: T0 : 0x105b6    : c_slli a5, 2               : IntAlu :  D=0x0000000000000010
6327000: system.cpu: T0 : 0x105b8    : c_add a5, a4               : IntAlu :  D=0x0000000000000014
6327500: system.cpu: T0 : 0x105ba    : c_slli a5, 3               : IntAlu :  D=0x00000000000000a0
6328000: system.cpu: T0 : 0x105bc    : c_mv a4, a5                : IntAlu :  D=0x00000000000000a0
6329000: system.cpu: T0 : 0x105be    : ld a5, -56(s0)             : MemRead :  D=0x0000000000071990 A=0x7ffffffffffffd68
6329500: system.cpu: T0 : 0x105c2    : c_add a4, a5               : IntAlu :  D=0x0000000000071a30
6330000: system.cpu: T0 : 0x105c4    : slli a5, s1, 2             : IntAlu :  D=0x0000000000000010
6330500: system.cpu: T0 : 0x105c8    : c_add a5, a4               : IntAlu :  D=0x0000000000071a40
6331000: system.cpu: T0 : 0x105ca    : c_lw a5, 0(a5)             : MemRead :  D=0x0000000000001a87 A=0x71a40
6331500: system.cpu: T0 : 0x105cc    : lw a4, -44(s0)             : MemRead :  D=0x000000000002bd07 A=0x7ffffffffffffd74
6332000: system.cpu: T0 : 0x105d0    : c_addw a5, a4              : IntAlu :  D=0x000000000002d78e
6333000: system.cpu: T0 : 0x105d2    : sw a5, -44(s0)             : MemWrite :  D=0x000000000002d78e A=0x7ffffffffffffd74
6334000: system.cpu: T0 : 0x105d6    : lw a5, -36(s0)             : MemRead :  D=0x000000000000002c A=0x7ffffffffffffd7c
6334500: system.cpu: T0 : 0x105da    : c_addiw a5, 1              : IntAlu :  D=0x000000000000002d
6335000: system.cpu: T0 : 0x105dc    : sw a5, -36(s0)             : MemWrite :  D=0x000000000000002d A=0x7ffffffffffffd7c
6335500: system.cpu: T0 : 0x105e0    : addiw a5, s1, 1            : IntAlu :  D=0x0000000000000005
6336000: system.cpu: T0 : 0x105e4    : addiw s1, a5, 0            : IntAlu :  D=0x0000000000000005
6336500: system.cpu: T0 : 0x105e8    : c_mv a4, s1                : IntAlu :  D=0x0000000000000005
6337000: system.cpu: T0 : 0x105ea    : c_li a5, 9                 : IntAlu :  D=0x0000000000000009
6337500: system.cpu: T0 : 0x105ec    : bge a5, a4, -136           : IntAlu : 
6338000: system.cpu: T0 : 0x10564    : c_mv a4, s2                : IntAlu :  D=0x0000000000000004
6338500: system.cpu: T0 : 0x10566    : c_mv a5, a4                : IntAlu :  D=0x0000000000000004
6339000: system.cpu: T0 : 0x10568    : c_slli a5, 2               : IntAlu :  D=0x0000000000000010
6339500: system.cpu: T0 : 0x1056a    : c_add a5, a4               : IntAlu :  D=0x0000000000000014
6340000: system.cpu: T0 : 0x1056c    : c_slli a5, 3               : IntAlu :  D=0x00000000000000a0
6340500: system.cpu: T0 : 0x1056e    : c_mv a4, a5                : IntAlu :  D=0x00000000000000a0
6341000: system.cpu: T0 : 0x10570    : ld a5, -56(s0)             : MemRead :  D=0x0000000000071990 A=0x7ffffffffffffd68
6341500: system.cpu: T0 : 0x10574    : c_add a4, a5               : IntAlu :  D=0x0000000000071a30
6342500: system.cpu: T0 : 0x10576    : slli a5, s1, 2             : IntAlu :  D=0x0000000000000014
6343000: system.cpu: T0 : 0x1057a    : c_add a5, a4               : IntAlu :  D=0x0000000000071a44
6343500: system.cpu: T0 : 0x1057c    : c_lw a5, 0(a5)             : MemRead :  D=0x0000000000001283 A=0x71a44
6344500: system.cpu: T0 : 0x1057e    : bge a5, zero, 52           : IntAlu : 
6345000: system.cpu: T0 : 0x105b2    : c_mv a4, s2                : IntAlu :  D=0x0000000000000004
6345500: system.cpu: T0 : 0x105b4    : c_mv a5, a4                : IntAlu :  D=0x0000000000000004
6346000: system.cpu: T0 : 0x105b6    : c_slli a5, 2               : IntAlu :  D=0x0000000000000010
6346500: system.cpu: T0 : 0x105b8    : c_add a5, a4               : IntAlu :  D=0x0000000000000014
6347000: system.cpu: T0 : 0x105ba    : c_slli a5, 3               : IntAlu :  D=0x00000000000000a0
6347500: system.cpu: T0 : 0x105bc    : c_mv a4, a5                : IntAlu :  D=0x00000000000000a0
6348500: system.cpu: T0 : 0x105be    : ld a5, -56(s0)             : MemRead :  D=0x0000000000071990 A=0x7ffffffffffffd68
6349000: system.cpu: T0 : 0x105c2    : c_add a4, a5               : IntAlu :  D=0x0000000000071a30
6349500: system.cpu: T0 : 0x105c4    : slli a5, s1, 2             : IntAlu :  D=0x0000000000000014
6350000: system.cpu: T0 : 0x105c8    : c_add a5, a4               : IntAlu :  D=0x0000000000071a44
6350500: system.cpu: T0 : 0x105ca    : c_lw a5, 0(a5)             : MemRead :  D=0x0000000000001283 A=0x71a44
6351000: system.cpu: T0 : 0x105cc    : lw a4, -44(s0)             : MemRead :  D=0x000000000002d78e A=0x7ffffffffffffd74
6351500: system.cpu: T0 : 0x105d0    : c_addw a5, a4              : IntAlu :  D=0x000000000002ea11
6352500: system.cpu: T0 : 0x105d2    : sw a5, -44(s0)             : MemWrite :  D=0x000000000002ea11 A=0x7ffffffffffffd74
6353500: system.cpu: T0 : 0x105d6    : lw a5, -36(s0)             : MemRead :  D=0x000000000000002d A=0x7ffffffffffffd7c
6354000: system.cpu: T0 : 0x105da    : c_addiw a5, 1              : IntAlu :  D=0x000000000000002e
6354500: system.cpu: T0 : 0x105dc    : sw a5, -36(s0)             : MemWrite :  D=0x000000000000002e A=0x7ffffffffffffd7c
6355000: system.cpu: T0 : 0x105e0    : addiw a5, s1, 1            : IntAlu :  D=0x0000000000000006
6355500: system.cpu: T0 : 0x105e4    : addiw s1, a5, 0            : IntAlu :  D=0x0000000000000006
6356000: system.cpu: T0 : 0x105e8    : c_mv a4, s1                : IntAlu :  D=0x0000000000000006
6356500: system.cpu: T0 : 0x105ea    : c_li a5, 9                 : IntAlu :  D=0x0000000000000009
6357000: system.cpu: T0 : 0x105ec    : bge a5, a4, -136           : IntAlu : 
6357500: system.cpu: T0 : 0x10564    : c_mv a4, s2                : IntAlu :  D=0x0000000000000004
6358000: system.cpu: T0 : 0x10566    : c_mv a5, a4                : IntAlu :  D=0x0000000000000004
6358500: system.cpu: T0 : 0x10568    : c_slli a5, 2               : IntAlu :  D=0x0000000000000010
6359000: system.cpu: T0 : 0x1056a    : c_add a5, a4               : IntAlu :  D=0x0000000000000014
6359500: system.cpu: T0 : 0x1056c    : c_slli a5, 3               : IntAlu :  D=0x00000000000000a0
6360000: system.cpu: T0 : 0x1056e    : c_mv a4, a5                : IntAlu :  D=0x00000000000000a0
6360500: system.cpu: T0 : 0x10570    : ld a5, -56(s0)             : MemRead :  D=0x0000000000071990 A=0x7ffffffffffffd68
6361000: system.cpu: T0 : 0x10574    : c_add a4, a5               : IntAlu :  D=0x0000000000071a30
6362000: system.cpu: T0 : 0x10576    : slli a5, s1, 2             : IntAlu :  D=0x0000000000000018
6362500: system.cpu: T0 : 0x1057a    : c_add a5, a4               : IntAlu :  D=0x0000000000071a48
6363000: system.cpu: T0 : 0x1057c    : c_lw a5, 0(a5)             : MemRead :  D=0x0000000000001b8d A=0x71a48
6364000: system.cpu: T0 : 0x1057e    : bge a5, zero, 52           : IntAlu : 
6364500: system.cpu: T0 : 0x105b2    : c_mv a4, s2                : IntAlu :  D=0x0000000000000004
6365000: system.cpu: T0 : 0x105b4    : c_mv a5, a4                : IntAlu :  D=0x0000000000000004
6365500: system.cpu: T0 : 0x105b6    : c_slli a5, 2               : IntAlu :  D=0x0000000000000010
6366000: system.cpu: T0 : 0x105b8    : c_add a5, a4               : IntAlu :  D=0x0000000000000014
6366500: system.cpu: T0 : 0x105ba    : c_slli a5, 3               : IntAlu :  D=0x00000000000000a0
6367000: system.cpu: T0 : 0x105bc    : c_mv a4, a5                : IntAlu :  D=0x00000000000000a0
6368000: system.cpu: T0 : 0x105be    : ld a5, -56(s0)             : MemRead :  D=0x0000000000071990 A=0x7ffffffffffffd68
6368500: system.cpu: T0 : 0x105c2    : c_add a4, a5               : IntAlu :  D=0x0000000000071a30
6369000: system.cpu: T0 : 0x105c4    : slli a5, s1, 2             : IntAlu :  D=0x0000000000000018
6369500: system.cpu: T0 : 0x105c8    : c_add a5, a4               : IntAlu :  D=0x0000000000071a48
6370000: system.cpu: T0 : 0x105ca    : c_lw a5, 0(a5)             : MemRead :  D=0x0000000000001b8d A=0x71a48
6370500: system.cpu: T0 : 0x105cc    : lw a4, -44(s0)             : MemRead :  D=0x000000000002ea11 A=0x7ffffffffffffd74
6371000: system.cpu: T0 : 0x105d0    : c_addw a5, a4              : IntAlu :  D=0x000000000003059e
6372000: system.cpu: T0 : 0x105d2    : sw a5, -44(s0)             : MemWrite :  D=0x000000000003059e A=0x7ffffffffffffd74
6373000: system.cpu: T0 : 0x105d6    : lw a5, -36(s0)             : MemRead :  D=0x000000000000002e A=0x7ffffffffffffd7c
6373500: system.cpu: T0 : 0x105da    : c_addiw a5, 1              : IntAlu :  D=0x000000000000002f
6374000: system.cpu: T0 : 0x105dc    : sw a5, -36(s0)             : MemWrite :  D=0x000000000000002f A=0x7ffffffffffffd7c
6374500: system.cpu: T0 : 0x105e0    : addiw a5, s1, 1            : IntAlu :  D=0x0000000000000007
6375000: system.cpu: T0 : 0x105e4    : addiw s1, a5, 0            : IntAlu :  D=0x0000000000000007
6375500: system.cpu: T0 : 0x105e8    : c_mv a4, s1                : IntAlu :  D=0x0000000000000007
6376000: system.cpu: T0 : 0x105ea    : c_li a5, 9                 : IntAlu :  D=0x0000000000000009
6376500: system.cpu: T0 : 0x105ec    : bge a5, a4, -136           : IntAlu : 
6377000: system.cpu: T0 : 0x10564    : c_mv a4, s2                : IntAlu :  D=0x0000000000000004
6377500: system.cpu: T0 : 0x10566    : c_mv a5, a4                : IntAlu :  D=0x0000000000000004
6378000: system.cpu: T0 : 0x10568    : c_slli a5, 2               : IntAlu :  D=0x0000000000000010
6378500: system.cpu: T0 : 0x1056a    : c_add a5, a4               : IntAlu :  D=0x0000000000000014
6379000: system.cpu: T0 : 0x1056c    : c_slli a5, 3               : IntAlu :  D=0x00000000000000a0
6379500: system.cpu: T0 : 0x1056e    : c_mv a4, a5                : IntAlu :  D=0x00000000000000a0
6380000: system.cpu: T0 : 0x10570    : ld a5, -56(s0)             : MemRead :  D=0x0000000000071990 A=0x7ffffffffffffd68
6380500: system.cpu: T0 : 0x10574    : c_add a4, a5               : IntAlu :  D=0x0000000000071a30
6381500: system.cpu: T0 : 0x10576    : slli a5, s1, 2             : IntAlu :  D=0x000000000000001c
6382000: system.cpu: T0 : 0x1057a    : c_add a5, a4               : IntAlu :  D=0x0000000000071a4c
6382500: system.cpu: T0 : 0x1057c    : c_lw a5, 0(a5)             : MemRead :  D=0x0000000000001c25 A=0x71a4c
6383500: system.cpu: T0 : 0x1057e    : bge a5, zero, 52           : IntAlu : 
6384000: system.cpu: T0 : 0x105b2    : c_mv a4, s2                : IntAlu :  D=0x0000000000000004
6384500: system.cpu: T0 : 0x105b4    : c_mv a5, a4                : IntAlu :  D=0x0000000000000004
6385000: system.cpu: T0 : 0x105b6    : c_slli a5, 2               : IntAlu :  D=0x0000000000000010
6385500: system.cpu: T0 : 0x105b8    : c_add a5, a4               : IntAlu :  D=0x0000000000000014
6386000: system.cpu: T0 : 0x105ba    : c_slli a5, 3               : IntAlu :  D=0x00000000000000a0
6386500: system.cpu: T0 : 0x105bc    : c_mv a4, a5                : IntAlu :  D=0x00000000000000a0
6387500: system.cpu: T0 : 0x105be    : ld a5, -56(s0)             : MemRead :  D=0x0000000000071990 A=0x7ffffffffffffd68
6388000: system.cpu: T0 : 0x105c2    : c_add a4, a5               : IntAlu :  D=0x0000000000071a30
6388500: system.cpu: T0 : 0x105c4    : slli a5, s1, 2             : IntAlu :  D=0x000000000000001c
6389000: system.cpu: T0 : 0x105c8    : c_add a5, a4               : IntAlu :  D=0x0000000000071a4c
6389500: system.cpu: T0 : 0x105ca    : c_lw a5, 0(a5)             : MemRead :  D=0x0000000000001c25 A=0x71a4c
6390000: system.cpu: T0 : 0x105cc    : lw a4, -44(s0)             : MemRead :  D=0x000000000003059e A=0x7ffffffffffffd74
6390500: system.cpu: T0 : 0x105d0    : c_addw a5, a4              : IntAlu :  D=0x00000000000321c3
6391500: system.cpu: T0 : 0x105d2    : sw a5, -44(s0)             : MemWrite :  D=0x00000000000321c3 A=0x7ffffffffffffd74
6392500: system.cpu: T0 : 0x105d6    : lw a5, -36(s0)             : MemRead :  D=0x000000000000002f A=0x7ffffffffffffd7c
6393000: system.cpu: T0 : 0x105da    : c_addiw a5, 1              : IntAlu :  D=0x0000000000000030
6393500: system.cpu: T0 : 0x105dc    : sw a5, -36(s0)             : MemWrite :  D=0x0000000000000030 A=0x7ffffffffffffd7c
6394000: system.cpu: T0 : 0x105e0    : addiw a5, s1, 1            : IntAlu :  D=0x0000000000000008
6394500: system.cpu: T0 : 0x105e4    : addiw s1, a5, 0            : IntAlu :  D=0x0000000000000008
6395000: system.cpu: T0 : 0x105e8    : c_mv a4, s1                : IntAlu :  D=0x0000000000000008
6395500: system.cpu: T0 : 0x105ea    : c_li a5, 9                 : IntAlu :  D=0x0000000000000009
6396000: system.cpu: T0 : 0x105ec    : bge a5, a4, -136           : IntAlu : 
6396500: system.cpu: T0 : 0x10564    : c_mv a4, s2                : IntAlu :  D=0x0000000000000004
6397000: system.cpu: T0 : 0x10566    : c_mv a5, a4                : IntAlu :  D=0x0000000000000004
6397500: system.cpu: T0 : 0x10568    : c_slli a5, 2               : IntAlu :  D=0x0000000000000010
6398000: system.cpu: T0 : 0x1056a    : c_add a5, a4               : IntAlu :  D=0x0000000000000014
6398500: system.cpu: T0 : 0x1056c    : c_slli a5, 3               : IntAlu :  D=0x00000000000000a0
6399000: system.cpu: T0 : 0x1056e    : c_mv a4, a5                : IntAlu :  D=0x00000000000000a0
6399500: system.cpu: T0 : 0x10570    : ld a5, -56(s0)             : MemRead :  D=0x0000000000071990 A=0x7ffffffffffffd68
6400000: system.cpu: T0 : 0x10574    : c_add a4, a5               : IntAlu :  D=0x0000000000071a30
6401000: system.cpu: T0 : 0x10576    : slli a5, s1, 2             : IntAlu :  D=0x0000000000000020
6401500: system.cpu: T0 : 0x1057a    : c_add a5, a4               : IntAlu :  D=0x0000000000071a50
6402000: system.cpu: T0 : 0x1057c    : c_lw a5, 0(a5)             : MemRead :  D=0x0000000000000c40 A=0x71a50
6403000: system.cpu: T0 : 0x1057e    : bge a5, zero, 52           : IntAlu : 
6403500: system.cpu: T0 : 0x105b2    : c_mv a4, s2                : IntAlu :  D=0x0000000000000004
6404000: system.cpu: T0 : 0x105b4    : c_mv a5, a4                : IntAlu :  D=0x0000000000000004
6404500: system.cpu: T0 : 0x105b6    : c_slli a5, 2               : IntAlu :  D=0x0000000000000010
6405000: system.cpu: T0 : 0x105b8    : c_add a5, a4               : IntAlu :  D=0x0000000000000014
6405500: system.cpu: T0 : 0x105ba    : c_slli a5, 3               : IntAlu :  D=0x00000000000000a0
6406000: system.cpu: T0 : 0x105bc    : c_mv a4, a5                : IntAlu :  D=0x00000000000000a0
6407000: system.cpu: T0 : 0x105be    : ld a5, -56(s0)             : MemRead :  D=0x0000000000071990 A=0x7ffffffffffffd68
6407500: system.cpu: T0 : 0x105c2    : c_add a4, a5               : IntAlu :  D=0x0000000000071a30
6408000: system.cpu: T0 : 0x105c4    : slli a5, s1, 2             : IntAlu :  D=0x0000000000000020
6408500: system.cpu: T0 : 0x105c8    : c_add a5, a4               : IntAlu :  D=0x0000000000071a50
6409000: system.cpu: T0 : 0x105ca    : c_lw a5, 0(a5)             : MemRead :  D=0x0000000000000c40 A=0x71a50
6409500: system.cpu: T0 : 0x105cc    : lw a4, -44(s0)             : MemRead :  D=0x00000000000321c3 A=0x7ffffffffffffd74
6410000: system.cpu: T0 : 0x105d0    : c_addw a5, a4              : IntAlu :  D=0x0000000000032e03
6411000: system.cpu: T0 : 0x105d2    : sw a5, -44(s0)             : MemWrite :  D=0x0000000000032e03 A=0x7ffffffffffffd74
6412000: system.cpu: T0 : 0x105d6    : lw a5, -36(s0)             : MemRead :  D=0x0000000000000030 A=0x7ffffffffffffd7c
6412500: system.cpu: T0 : 0x105da    : c_addiw a5, 1              : IntAlu :  D=0x0000000000000031
6413000: system.cpu: T0 : 0x105dc    : sw a5, -36(s0)             : MemWrite :  D=0x0000000000000031 A=0x7ffffffffffffd7c
6413500: system.cpu: T0 : 0x105e0    : addiw a5, s1, 1            : IntAlu :  D=0x0000000000000009
6414000: system.cpu: T0 : 0x105e4    : addiw s1, a5, 0            : IntAlu :  D=0x0000000000000009
6414500: system.cpu: T0 : 0x105e8    : c_mv a4, s1                : IntAlu :  D=0x0000000000000009
6415000: system.cpu: T0 : 0x105ea    : c_li a5, 9                 : IntAlu :  D=0x0000000000000009
6415500: system.cpu: T0 : 0x105ec    : bge a5, a4, -136           : IntAlu : 
6416000: system.cpu: T0 : 0x10564    : c_mv a4, s2                : IntAlu :  D=0x0000000000000004
6416500: system.cpu: T0 : 0x10566    : c_mv a5, a4                : IntAlu :  D=0x0000000000000004
6417000: system.cpu: T0 : 0x10568    : c_slli a5, 2               : IntAlu :  D=0x0000000000000010
6417500: system.cpu: T0 : 0x1056a    : c_add a5, a4               : IntAlu :  D=0x0000000000000014
6418000: system.cpu: T0 : 0x1056c    : c_slli a5, 3               : IntAlu :  D=0x00000000000000a0
6418500: system.cpu: T0 : 0x1056e    : c_mv a4, a5                : IntAlu :  D=0x00000000000000a0
6419000: system.cpu: T0 : 0x10570    : ld a5, -56(s0)             : MemRead :  D=0x0000000000071990 A=0x7ffffffffffffd68
6419500: system.cpu: T0 : 0x10574    : c_add a4, a5               : IntAlu :  D=0x0000000000071a30
6420500: system.cpu: T0 : 0x10576    : slli a5, s1, 2             : IntAlu :  D=0x0000000000000024
6421000: system.cpu: T0 : 0x1057a    : c_add a5, a4               : IntAlu :  D=0x0000000000071a54
6421500: system.cpu: T0 : 0x1057c    : c_lw a5, 0(a5)             : MemRead :  D=0x00000000000010e4 A=0x71a54
6422500: system.cpu: T0 : 0x1057e    : bge a5, zero, 52           : IntAlu : 
6423000: system.cpu: T0 : 0x105b2    : c_mv a4, s2                : IntAlu :  D=0x0000000000000004
6423500: system.cpu: T0 : 0x105b4    : c_mv a5, a4                : IntAlu :  D=0x0000000000000004
6424000: system.cpu: T0 : 0x105b6    : c_slli a5, 2               : IntAlu :  D=0x0000000000000010
6424500: system.cpu: T0 : 0x105b8    : c_add a5, a4               : IntAlu :  D=0x0000000000000014
6425000: system.cpu: T0 : 0x105ba    : c_slli a5, 3               : IntAlu :  D=0x00000000000000a0
6425500: system.cpu: T0 : 0x105bc    : c_mv a4, a5                : IntAlu :  D=0x00000000000000a0
6426500: system.cpu: T0 : 0x105be    : ld a5, -56(s0)             : MemRead :  D=0x0000000000071990 A=0x7ffffffffffffd68
6427000: system.cpu: T0 : 0x105c2    : c_add a4, a5               : IntAlu :  D=0x0000000000071a30
6427500: system.cpu: T0 : 0x105c4    : slli a5, s1, 2             : IntAlu :  D=0x0000000000000024
6428000: system.cpu: T0 : 0x105c8    : c_add a5, a4               : IntAlu :  D=0x0000000000071a54
6428500: system.cpu: T0 : 0x105ca    : c_lw a5, 0(a5)             : MemRead :  D=0x00000000000010e4 A=0x71a54
6429000: system.cpu: T0 : 0x105cc    : lw a4, -44(s0)             : MemRead :  D=0x0000000000032e03 A=0x7ffffffffffffd74
6429500: system.cpu: T0 : 0x105d0    : c_addw a5, a4              : IntAlu :  D=0x0000000000033ee7
6430500: system.cpu: T0 : 0x105d2    : sw a5, -44(s0)             : MemWrite :  D=0x0000000000033ee7 A=0x7ffffffffffffd74
6431500: system.cpu: T0 : 0x105d6    : lw a5, -36(s0)             : MemRead :  D=0x0000000000000031 A=0x7ffffffffffffd7c
6432000: system.cpu: T0 : 0x105da    : c_addiw a5, 1              : IntAlu :  D=0x0000000000000032
6432500: system.cpu: T0 : 0x105dc    : sw a5, -36(s0)             : MemWrite :  D=0x0000000000000032 A=0x7ffffffffffffd7c
6433000: system.cpu: T0 : 0x105e0    : addiw a5, s1, 1            : IntAlu :  D=0x000000000000000a
6433500: system.cpu: T0 : 0x105e4    : addiw s1, a5, 0            : IntAlu :  D=0x000000000000000a
6434000: system.cpu: T0 : 0x105e8    : c_mv a4, s1                : IntAlu :  D=0x000000000000000a
6434500: system.cpu: T0 : 0x105ea    : c_li a5, 9                 : IntAlu :  D=0x0000000000000009
6435000: system.cpu: T0 : 0x105ec    : bge a5, a4, -136           : IntAlu : 
6435500: system.cpu: T0 : 0x105f0    : addiw a5, s2, 1            : IntAlu :  D=0x0000000000000005
6436000: system.cpu: T0 : 0x105f4    : addiw s2, a5, 0            : IntAlu :  D=0x0000000000000005
6436500: system.cpu: T0 : 0x105f8    : c_mv a4, s2                : IntAlu :  D=0x0000000000000005
6437000: system.cpu: T0 : 0x105fa    : c_li a5, 9                 : IntAlu :  D=0x0000000000000009
6437500: system.cpu: T0 : 0x105fc    : bge a5, a4, -156           : IntAlu : 
6438000: system.cpu: T0 : 0x10560    : c_li s1, 0                 : IntAlu :  D=0x0000000000000000
6438500: system.cpu: T0 : 0x10562    : c_j 134                    : IntAlu : 
6439000: system.cpu: T0 : 0x105e8    : c_mv a4, s1                : IntAlu :  D=0x0000000000000000
6439500: system.cpu: T0 : 0x105ea    : c_li a5, 9                 : IntAlu :  D=0x0000000000000009
6440000: system.cpu: T0 : 0x105ec    : bge a5, a4, -136           : IntAlu : 
6440500: system.cpu: T0 : 0x10564    : c_mv a4, s2                : IntAlu :  D=0x0000000000000005
6441000: system.cpu: T0 : 0x10566    : c_mv a5, a4                : IntAlu :  D=0x0000000000000005
6441500: system.cpu: T0 : 0x10568    : c_slli a5, 2               : IntAlu :  D=0x0000000000000014
6442000: system.cpu: T0 : 0x1056a    : c_add a5, a4               : IntAlu :  D=0x0000000000000019
6442500: system.cpu: T0 : 0x1056c    : c_slli a5, 3               : IntAlu :  D=0x00000000000000c8
6443000: system.cpu: T0 : 0x1056e    : c_mv a4, a5                : IntAlu :  D=0x00000000000000c8
6443500: system.cpu: T0 : 0x10570    : ld a5, -56(s0)             : MemRead :  D=0x0000000000071990 A=0x7ffffffffffffd68
6444000: system.cpu: T0 : 0x10574    : c_add a4, a5               : IntAlu :  D=0x0000000000071a58
6445000: system.cpu: T0 : 0x10576    : slli a5, s1, 2             : IntAlu :  D=0x0000000000000000
6445500: system.cpu: T0 : 0x1057a    : c_add a5, a4               : IntAlu :  D=0x0000000000071a58
6446000: system.cpu: T0 : 0x1057c    : c_lw a5, 0(a5)             : MemRead :  D=0x00000000000001ac A=0x71a58
6447000: system.cpu: T0 : 0x1057e    : bge a5, zero, 52           : IntAlu : 
6447500: system.cpu: T0 : 0x105b2    : c_mv a4, s2                : IntAlu :  D=0x0000000000000005
6448000: system.cpu: T0 : 0x105b4    : c_mv a5, a4                : IntAlu :  D=0x0000000000000005
6448500: system.cpu: T0 : 0x105b6    : c_slli a5, 2               : IntAlu :  D=0x0000000000000014
6449000: system.cpu: T0 : 0x105b8    : c_add a5, a4               : IntAlu :  D=0x0000000000000019
6449500: system.cpu: T0 : 0x105ba    : c_slli a5, 3               : IntAlu :  D=0x00000000000000c8
6450000: system.cpu: T0 : 0x105bc    : c_mv a4, a5                : IntAlu :  D=0x00000000000000c8
6451000: system.cpu: T0 : 0x105be    : ld a5, -56(s0)             : MemRead :  D=0x0000000000071990 A=0x7ffffffffffffd68
6451500: system.cpu: T0 : 0x105c2    : c_add a4, a5               : IntAlu :  D=0x0000000000071a58
6452000: system.cpu: T0 : 0x105c4    : slli a5, s1, 2             : IntAlu :  D=0x0000000000000000
6452500: system.cpu: T0 : 0x105c8    : c_add a5, a4               : IntAlu :  D=0x0000000000071a58
6453000: system.cpu: T0 : 0x105ca    : c_lw a5, 0(a5)             : MemRead :  D=0x00000000000001ac A=0x71a58
6453500: system.cpu: T0 : 0x105cc    : lw a4, -44(s0)             : MemRead :  D=0x0000000000033ee7 A=0x7ffffffffffffd74
6454000: system.cpu: T0 : 0x105d0    : c_addw a5, a4              : IntAlu :  D=0x0000000000034093
6455000: system.cpu: T0 : 0x105d2    : sw a5, -44(s0)             : MemWrite :  D=0x0000000000034093 A=0x7ffffffffffffd74
6456000: system.cpu: T0 : 0x105d6    : lw a5, -36(s0)             : MemRead :  D=0x0000000000000032 A=0x7ffffffffffffd7c
6456500: system.cpu: T0 : 0x105da    : c_addiw a5, 1              : IntAlu :  D=0x0000000000000033
6457000: system.cpu: T0 : 0x105dc    : sw a5, -36(s0)             : MemWrite :  D=0x0000000000000033 A=0x7ffffffffffffd7c
6457500: system.cpu: T0 : 0x105e0    : addiw a5, s1, 1            : IntAlu :  D=0x0000000000000001
6458000: system.cpu: T0 : 0x105e4    : addiw s1, a5, 0            : IntAlu :  D=0x0000000000000001
6458500: system.cpu: T0 : 0x105e8    : c_mv a4, s1                : IntAlu :  D=0x0000000000000001
6459000: system.cpu: T0 : 0x105ea    : c_li a5, 9                 : IntAlu :  D=0x0000000000000009
6459500: system.cpu: T0 : 0x105ec    : bge a5, a4, -136           : IntAlu : 
6460000: system.cpu: T0 : 0x10564    : c_mv a4, s2                : IntAlu :  D=0x0000000000000005
6460500: system.cpu: T0 : 0x10566    : c_mv a5, a4                : IntAlu :  D=0x0000000000000005
6461000: system.cpu: T0 : 0x10568    : c_slli a5, 2               : IntAlu :  D=0x0000000000000014
6461500: system.cpu: T0 : 0x1056a    : c_add a5, a4               : IntAlu :  D=0x0000000000000019
6462000: system.cpu: T0 : 0x1056c    : c_slli a5, 3               : IntAlu :  D=0x00000000000000c8
6462500: system.cpu: T0 : 0x1056e    : c_mv a4, a5                : IntAlu :  D=0x00000000000000c8
6463000: system.cpu: T0 : 0x10570    : ld a5, -56(s0)             : MemRead :  D=0x0000000000071990 A=0x7ffffffffffffd68
6463500: system.cpu: T0 : 0x10574    : c_add a4, a5               : IntAlu :  D=0x0000000000071a58
6464500: system.cpu: T0 : 0x10576    : slli a5, s1, 2             : IntAlu :  D=0x0000000000000004
6465000: system.cpu: T0 : 0x1057a    : c_add a5, a4               : IntAlu :  D=0x0000000000071a5c
6465500: system.cpu: T0 : 0x1057c    : c_lw a5, 0(a5)             : MemRead :  D=0x0000000000000154 A=0x71a5c
6466500: system.cpu: T0 : 0x1057e    : bge a5, zero, 52           : IntAlu : 
6467000: system.cpu: T0 : 0x105b2    : c_mv a4, s2                : IntAlu :  D=0x0000000000000005
6467500: system.cpu: T0 : 0x105b4    : c_mv a5, a4                : IntAlu :  D=0x0000000000000005
6468000: system.cpu: T0 : 0x105b6    : c_slli a5, 2               : IntAlu :  D=0x0000000000000014
6468500: system.cpu: T0 : 0x105b8    : c_add a5, a4               : IntAlu :  D=0x0000000000000019
6469000: system.cpu: T0 : 0x105ba    : c_slli a5, 3               : IntAlu :  D=0x00000000000000c8
6469500: system.cpu: T0 : 0x105bc    : c_mv a4, a5                : IntAlu :  D=0x00000000000000c8
6470500: system.cpu: T0 : 0x105be    : ld a5, -56(s0)             : MemRead :  D=0x0000000000071990 A=0x7ffffffffffffd68
6471000: system.cpu: T0 : 0x105c2    : c_add a4, a5               : IntAlu :  D=0x0000000000071a58
6471500: system.cpu: T0 : 0x105c4    : slli a5, s1, 2             : IntAlu :  D=0x0000000000000004
6472000: system.cpu: T0 : 0x105c8    : c_add a5, a4               : IntAlu :  D=0x0000000000071a5c
6472500: system.cpu: T0 : 0x105ca    : c_lw a5, 0(a5)             : MemRead :  D=0x0000000000000154 A=0x71a5c
6473000: system.cpu: T0 : 0x105cc    : lw a4, -44(s0)             : MemRead :  D=0x0000000000034093 A=0x7ffffffffffffd74
6473500: system.cpu: T0 : 0x105d0    : c_addw a5, a4              : IntAlu :  D=0x00000000000341e7
6474500: system.cpu: T0 : 0x105d2    : sw a5, -44(s0)             : MemWrite :  D=0x00000000000341e7 A=0x7ffffffffffffd74
6475500: system.cpu: T0 : 0x105d6    : lw a5, -36(s0)             : MemRead :  D=0x0000000000000033 A=0x7ffffffffffffd7c
6476000: system.cpu: T0 : 0x105da    : c_addiw a5, 1              : IntAlu :  D=0x0000000000000034
6476500: system.cpu: T0 : 0x105dc    : sw a5, -36(s0)             : MemWrite :  D=0x0000000000000034 A=0x7ffffffffffffd7c
6477000: system.cpu: T0 : 0x105e0    : addiw a5, s1, 1            : IntAlu :  D=0x0000000000000002
6477500: system.cpu: T0 : 0x105e4    : addiw s1, a5, 0            : IntAlu :  D=0x0000000000000002
6478000: system.cpu: T0 : 0x105e8    : c_mv a4, s1                : IntAlu :  D=0x0000000000000002
6478500: system.cpu: T0 : 0x105ea    : c_li a5, 9                 : IntAlu :  D=0x0000000000000009
6479000: system.cpu: T0 : 0x105ec    : bge a5, a4, -136           : IntAlu : 
6479500: system.cpu: T0 : 0x10564    : c_mv a4, s2                : IntAlu :  D=0x0000000000000005
6480000: system.cpu: T0 : 0x10566    : c_mv a5, a4                : IntAlu :  D=0x0000000000000005
6480500: system.cpu: T0 : 0x10568    : c_slli a5, 2               : IntAlu :  D=0x0000000000000014
6481000: system.cpu: T0 : 0x1056a    : c_add a5, a4               : IntAlu :  D=0x0000000000000019
6481500: system.cpu: T0 : 0x1056c    : c_slli a5, 3               : IntAlu :  D=0x00000000000000c8
6482000: system.cpu: T0 : 0x1056e    : c_mv a4, a5                : IntAlu :  D=0x00000000000000c8
6482500: system.cpu: T0 : 0x10570    : ld a5, -56(s0)             : MemRead :  D=0x0000000000071990 A=0x7ffffffffffffd68
6483000: system.cpu: T0 : 0x10574    : c_add a4, a5               : IntAlu :  D=0x0000000000071a58
6484000: system.cpu: T0 : 0x10576    : slli a5, s1, 2             : IntAlu :  D=0x0000000000000008
6484500: system.cpu: T0 : 0x1057a    : c_add a5, a4               : IntAlu :  D=0x0000000000071a60
6485000: system.cpu: T0 : 0x1057c    : c_lw a5, 0(a5)             : MemRead :  D=0x00000000000012da A=0x71a60
6486000: system.cpu: T0 : 0x1057e    : bge a5, zero, 52           : IntAlu : 
6486500: system.cpu: T0 : 0x105b2    : c_mv a4, s2                : IntAlu :  D=0x0000000000000005
6487000: system.cpu: T0 : 0x105b4    : c_mv a5, a4                : IntAlu :  D=0x0000000000000005
6487500: system.cpu: T0 : 0x105b6    : c_slli a5, 2               : IntAlu :  D=0x0000000000000014
6488000: system.cpu: T0 : 0x105b8    : c_add a5, a4               : IntAlu :  D=0x0000000000000019
6488500: system.cpu: T0 : 0x105ba    : c_slli a5, 3               : IntAlu :  D=0x00000000000000c8
6489000: system.cpu: T0 : 0x105bc    : c_mv a4, a5                : IntAlu :  D=0x00000000000000c8
6490000: system.cpu: T0 : 0x105be    : ld a5, -56(s0)             : MemRead :  D=0x0000000000071990 A=0x7ffffffffffffd68
6490500: system.cpu: T0 : 0x105c2    : c_add a4, a5               : IntAlu :  D=0x0000000000071a58
6491000: system.cpu: T0 : 0x105c4    : slli a5, s1, 2             : IntAlu :  D=0x0000000000000008
6491500: system.cpu: T0 : 0x105c8    : c_add a5, a4               : IntAlu :  D=0x0000000000071a60
6492000: system.cpu: T0 : 0x105ca    : c_lw a5, 0(a5)             : MemRead :  D=0x00000000000012da A=0x71a60
6492500: system.cpu: T0 : 0x105cc    : lw a4, -44(s0)             : MemRead :  D=0x00000000000341e7 A=0x7ffffffffffffd74
6493000: system.cpu: T0 : 0x105d0    : c_addw a5, a4              : IntAlu :  D=0x00000000000354c1
6494000: system.cpu: T0 : 0x105d2    : sw a5, -44(s0)             : MemWrite :  D=0x00000000000354c1 A=0x7ffffffffffffd74
6495000: system.cpu: T0 : 0x105d6    : lw a5, -36(s0)             : MemRead :  D=0x0000000000000034 A=0x7ffffffffffffd7c
6495500: system.cpu: T0 : 0x105da    : c_addiw a5, 1              : IntAlu :  D=0x0000000000000035
6496000: system.cpu: T0 : 0x105dc    : sw a5, -36(s0)             : MemWrite :  D=0x0000000000000035 A=0x7ffffffffffffd7c
6496500: system.cpu: T0 : 0x105e0    : addiw a5, s1, 1            : IntAlu :  D=0x0000000000000003
6497000: system.cpu: T0 : 0x105e4    : addiw s1, a5, 0            : IntAlu :  D=0x0000000000000003
6497500: system.cpu: T0 : 0x105e8    : c_mv a4, s1                : IntAlu :  D=0x0000000000000003
6498000: system.cpu: T0 : 0x105ea    : c_li a5, 9                 : IntAlu :  D=0x0000000000000009
6498500: system.cpu: T0 : 0x105ec    : bge a5, a4, -136           : IntAlu : 
6499000: system.cpu: T0 : 0x10564    : c_mv a4, s2                : IntAlu :  D=0x0000000000000005
6499500: system.cpu: T0 : 0x10566    : c_mv a5, a4                : IntAlu :  D=0x0000000000000005
6500000: system.cpu: T0 : 0x10568    : c_slli a5, 2               : IntAlu :  D=0x0000000000000014
6500500: system.cpu: T0 : 0x1056a    : c_add a5, a4               : IntAlu :  D=0x0000000000000019
6501000: system.cpu: T0 : 0x1056c    : c_slli a5, 3               : IntAlu :  D=0x00000000000000c8
6501500: system.cpu: T0 : 0x1056e    : c_mv a4, a5                : IntAlu :  D=0x00000000000000c8
6502000: system.cpu: T0 : 0x10570    : ld a5, -56(s0)             : MemRead :  D=0x0000000000071990 A=0x7ffffffffffffd68
6502500: system.cpu: T0 : 0x10574    : c_add a4, a5               : IntAlu :  D=0x0000000000071a58
6503500: system.cpu: T0 : 0x10576    : slli a5, s1, 2             : IntAlu :  D=0x000000000000000c
6504000: system.cpu: T0 : 0x1057a    : c_add a5, a4               : IntAlu :  D=0x0000000000071a64
6504500: system.cpu: T0 : 0x1057c    : c_lw a5, 0(a5)             : MemRead :  D=0x0000000000000982 A=0x71a64
6505500: system.cpu: T0 : 0x1057e    : bge a5, zero, 52           : IntAlu : 
6506000: system.cpu: T0 : 0x105b2    : c_mv a4, s2                : IntAlu :  D=0x0000000000000005
6506500: system.cpu: T0 : 0x105b4    : c_mv a5, a4                : IntAlu :  D=0x0000000000000005
6507000: system.cpu: T0 : 0x105b6    : c_slli a5, 2               : IntAlu :  D=0x0000000000000014
6507500: system.cpu: T0 : 0x105b8    : c_add a5, a4               : IntAlu :  D=0x0000000000000019
6508000: system.cpu: T0 : 0x105ba    : c_slli a5, 3               : IntAlu :  D=0x00000000000000c8
6508500: system.cpu: T0 : 0x105bc    : c_mv a4, a5                : IntAlu :  D=0x00000000000000c8
6509500: system.cpu: T0 : 0x105be    : ld a5, -56(s0)             : MemRead :  D=0x0000000000071990 A=0x7ffffffffffffd68
6510000: system.cpu: T0 : 0x105c2    : c_add a4, a5               : IntAlu :  D=0x0000000000071a58
6510500: system.cpu: T0 : 0x105c4    : slli a5, s1, 2             : IntAlu :  D=0x000000000000000c
6511000: system.cpu: T0 : 0x105c8    : c_add a5, a4               : IntAlu :  D=0x0000000000071a64
6511500: system.cpu: T0 : 0x105ca    : c_lw a5, 0(a5)             : MemRead :  D=0x0000000000000982 A=0x71a64
6512000: system.cpu: T0 : 0x105cc    : lw a4, -44(s0)             : MemRead :  D=0x00000000000354c1 A=0x7ffffffffffffd74
6512500: system.cpu: T0 : 0x105d0    : c_addw a5, a4              : IntAlu :  D=0x0000000000035e43
6513500: system.cpu: T0 : 0x105d2    : sw a5, -44(s0)             : MemWrite :  D=0x0000000000035e43 A=0x7ffffffffffffd74
6514500: system.cpu: T0 : 0x105d6    : lw a5, -36(s0)             : MemRead :  D=0x0000000000000035 A=0x7ffffffffffffd7c
6515000: system.cpu: T0 : 0x105da    : c_addiw a5, 1              : IntAlu :  D=0x0000000000000036
6515500: system.cpu: T0 : 0x105dc    : sw a5, -36(s0)             : MemWrite :  D=0x0000000000000036 A=0x7ffffffffffffd7c
6516000: system.cpu: T0 : 0x105e0    : addiw a5, s1, 1            : IntAlu :  D=0x0000000000000004
6516500: system.cpu: T0 : 0x105e4    : addiw s1, a5, 0            : IntAlu :  D=0x0000000000000004
6517000: system.cpu: T0 : 0x105e8    : c_mv a4, s1                : IntAlu :  D=0x0000000000000004
6517500: system.cpu: T0 : 0x105ea    : c_li a5, 9                 : IntAlu :  D=0x0000000000000009
6518000: system.cpu: T0 : 0x105ec    : bge a5, a4, -136           : IntAlu : 
6518500: system.cpu: T0 : 0x10564    : c_mv a4, s2                : IntAlu :  D=0x0000000000000005
6519000: system.cpu: T0 : 0x10566    : c_mv a5, a4                : IntAlu :  D=0x0000000000000005
6519500: system.cpu: T0 : 0x10568    : c_slli a5, 2               : IntAlu :  D=0x0000000000000014
6520000: system.cpu: T0 : 0x1056a    : c_add a5, a4               : IntAlu :  D=0x0000000000000019
6520500: system.cpu: T0 : 0x1056c    : c_slli a5, 3               : IntAlu :  D=0x00000000000000c8
6521000: system.cpu: T0 : 0x1056e    : c_mv a4, a5                : IntAlu :  D=0x00000000000000c8
6521500: system.cpu: T0 : 0x10570    : ld a5, -56(s0)             : MemRead :  D=0x0000000000071990 A=0x7ffffffffffffd68
6522000: system.cpu: T0 : 0x10574    : c_add a4, a5               : IntAlu :  D=0x0000000000071a58
6523000: system.cpu: T0 : 0x10576    : slli a5, s1, 2             : IntAlu :  D=0x0000000000000010
6523500: system.cpu: T0 : 0x1057a    : c_add a5, a4               : IntAlu :  D=0x0000000000071a68
6524000: system.cpu: T0 : 0x1057c    : c_lw a5, 0(a5)             : MemRead :  D=0x0000000000000003 A=0x71a68
6525000: system.cpu: T0 : 0x1057e    : bge a5, zero, 52           : IntAlu : 
6525500: system.cpu: T0 : 0x105b2    : c_mv a4, s2                : IntAlu :  D=0x0000000000000005
6526000: system.cpu: T0 : 0x105b4    : c_mv a5, a4                : IntAlu :  D=0x0000000000000005
6526500: system.cpu: T0 : 0x105b6    : c_slli a5, 2               : IntAlu :  D=0x0000000000000014
6527000: system.cpu: T0 : 0x105b8    : c_add a5, a4               : IntAlu :  D=0x0000000000000019
6527500: system.cpu: T0 : 0x105ba    : c_slli a5, 3               : IntAlu :  D=0x00000000000000c8
6528000: system.cpu: T0 : 0x105bc    : c_mv a4, a5                : IntAlu :  D=0x00000000000000c8
6529000: system.cpu: T0 : 0x105be    : ld a5, -56(s0)             : MemRead :  D=0x0000000000071990 A=0x7ffffffffffffd68
6529500: system.cpu: T0 : 0x105c2    : c_add a4, a5               : IntAlu :  D=0x0000000000071a58
6530000: system.cpu: T0 : 0x105c4    : slli a5, s1, 2             : IntAlu :  D=0x0000000000000010
6530500: system.cpu: T0 : 0x105c8    : c_add a5, a4               : IntAlu :  D=0x0000000000071a68
6531000: system.cpu: T0 : 0x105ca    : c_lw a5, 0(a5)             : MemRead :  D=0x0000000000000003 A=0x71a68
6531500: system.cpu: T0 : 0x105cc    : lw a4, -44(s0)             : MemRead :  D=0x0000000000035e43 A=0x7ffffffffffffd74
6532000: system.cpu: T0 : 0x105d0    : c_addw a5, a4              : IntAlu :  D=0x0000000000035e46
6533000: system.cpu: T0 : 0x105d2    : sw a5, -44(s0)             : MemWrite :  D=0x0000000000035e46 A=0x7ffffffffffffd74
6534000: system.cpu: T0 : 0x105d6    : lw a5, -36(s0)             : MemRead :  D=0x0000000000000036 A=0x7ffffffffffffd7c
6534500: system.cpu: T0 : 0x105da    : c_addiw a5, 1              : IntAlu :  D=0x0000000000000037
6535000: system.cpu: T0 : 0x105dc    : sw a5, -36(s0)             : MemWrite :  D=0x0000000000000037 A=0x7ffffffffffffd7c
6535500: system.cpu: T0 : 0x105e0    : addiw a5, s1, 1            : IntAlu :  D=0x0000000000000005
6536000: system.cpu: T0 : 0x105e4    : addiw s1, a5, 0            : IntAlu :  D=0x0000000000000005
6536500: system.cpu: T0 : 0x105e8    : c_mv a4, s1                : IntAlu :  D=0x0000000000000005
6537000: system.cpu: T0 : 0x105ea    : c_li a5, 9                 : IntAlu :  D=0x0000000000000009
6537500: system.cpu: T0 : 0x105ec    : bge a5, a4, -136           : IntAlu : 
6538000: system.cpu: T0 : 0x10564    : c_mv a4, s2                : IntAlu :  D=0x0000000000000005
6538500: system.cpu: T0 : 0x10566    : c_mv a5, a4                : IntAlu :  D=0x0000000000000005
6539000: system.cpu: T0 : 0x10568    : c_slli a5, 2               : IntAlu :  D=0x0000000000000014
6539500: system.cpu: T0 : 0x1056a    : c_add a5, a4               : IntAlu :  D=0x0000000000000019
6540000: system.cpu: T0 : 0x1056c    : c_slli a5, 3               : IntAlu :  D=0x00000000000000c8
6540500: system.cpu: T0 : 0x1056e    : c_mv a4, a5                : IntAlu :  D=0x00000000000000c8
6541000: system.cpu: T0 : 0x10570    : ld a5, -56(s0)             : MemRead :  D=0x0000000000071990 A=0x7ffffffffffffd68
6541500: system.cpu: T0 : 0x10574    : c_add a4, a5               : IntAlu :  D=0x0000000000071a58
6542500: system.cpu: T0 : 0x10576    : slli a5, s1, 2             : IntAlu :  D=0x0000000000000014
6543000: system.cpu: T0 : 0x1057a    : c_add a5, a4               : IntAlu :  D=0x0000000000071a6c
6543500: system.cpu: T0 : 0x1057c    : c_lw a5, 0(a5)             : MemRead :  D=0x00000000000001e0 A=0x71a6c
6544500: system.cpu: T0 : 0x1057e    : bge a5, zero, 52           : IntAlu : 
6545000: system.cpu: T0 : 0x105b2    : c_mv a4, s2                : IntAlu :  D=0x0000000000000005
6545500: system.cpu: T0 : 0x105b4    : c_mv a5, a4                : IntAlu :  D=0x0000000000000005
6546000: system.cpu: T0 : 0x105b6    : c_slli a5, 2               : IntAlu :  D=0x0000000000000014
6546500: system.cpu: T0 : 0x105b8    : c_add a5, a4               : IntAlu :  D=0x0000000000000019
6547000: system.cpu: T0 : 0x105ba    : c_slli a5, 3               : IntAlu :  D=0x00000000000000c8
6547500: system.cpu: T0 : 0x105bc    : c_mv a4, a5                : IntAlu :  D=0x00000000000000c8
6548500: system.cpu: T0 : 0x105be    : ld a5, -56(s0)             : MemRead :  D=0x0000000000071990 A=0x7ffffffffffffd68
6549000: system.cpu: T0 : 0x105c2    : c_add a4, a5               : IntAlu :  D=0x0000000000071a58
6549500: system.cpu: T0 : 0x105c4    : slli a5, s1, 2             : IntAlu :  D=0x0000000000000014
6550000: system.cpu: T0 : 0x105c8    : c_add a5, a4               : IntAlu :  D=0x0000000000071a6c
6550500: system.cpu: T0 : 0x105ca    : c_lw a5, 0(a5)             : MemRead :  D=0x00000000000001e0 A=0x71a6c
6551000: system.cpu: T0 : 0x105cc    : lw a4, -44(s0)             : MemRead :  D=0x0000000000035e46 A=0x7ffffffffffffd74
6551500: system.cpu: T0 : 0x105d0    : c_addw a5, a4              : IntAlu :  D=0x0000000000036026
6552500: system.cpu: T0 : 0x105d2    : sw a5, -44(s0)             : MemWrite :  D=0x0000000000036026 A=0x7ffffffffffffd74
6553500: system.cpu: T0 : 0x105d6    : lw a5, -36(s0)             : MemRead :  D=0x0000000000000037 A=0x7ffffffffffffd7c
6554000: system.cpu: T0 : 0x105da    : c_addiw a5, 1              : IntAlu :  D=0x0000000000000038
6554500: system.cpu: T0 : 0x105dc    : sw a5, -36(s0)             : MemWrite :  D=0x0000000000000038 A=0x7ffffffffffffd7c
6555000: system.cpu: T0 : 0x105e0    : addiw a5, s1, 1            : IntAlu :  D=0x0000000000000006
6555500: system.cpu: T0 : 0x105e4    : addiw s1, a5, 0            : IntAlu :  D=0x0000000000000006
6556000: system.cpu: T0 : 0x105e8    : c_mv a4, s1                : IntAlu :  D=0x0000000000000006
6556500: system.cpu: T0 : 0x105ea    : c_li a5, 9                 : IntAlu :  D=0x0000000000000009
6557000: system.cpu: T0 : 0x105ec    : bge a5, a4, -136           : IntAlu : 
6557500: system.cpu: T0 : 0x10564    : c_mv a4, s2                : IntAlu :  D=0x0000000000000005
6558000: system.cpu: T0 : 0x10566    : c_mv a5, a4                : IntAlu :  D=0x0000000000000005
6558500: system.cpu: T0 : 0x10568    : c_slli a5, 2               : IntAlu :  D=0x0000000000000014
6559000: system.cpu: T0 : 0x1056a    : c_add a5, a4               : IntAlu :  D=0x0000000000000019
6559500: system.cpu: T0 : 0x1056c    : c_slli a5, 3               : IntAlu :  D=0x00000000000000c8
6560000: system.cpu: T0 : 0x1056e    : c_mv a4, a5                : IntAlu :  D=0x00000000000000c8
6560500: system.cpu: T0 : 0x10570    : ld a5, -56(s0)             : MemRead :  D=0x0000000000071990 A=0x7ffffffffffffd68
6561000: system.cpu: T0 : 0x10574    : c_add a4, a5               : IntAlu :  D=0x0000000000071a58
6562000: system.cpu: T0 : 0x10576    : slli a5, s1, 2             : IntAlu :  D=0x0000000000000018
6562500: system.cpu: T0 : 0x1057a    : c_add a5, a4               : IntAlu :  D=0x0000000000071a70
6563000: system.cpu: T0 : 0x1057c    : c_lw a5, 0(a5)             : MemRead :  D=0x0000000000001c58 A=0x71a70
6564000: system.cpu: T0 : 0x1057e    : bge a5, zero, 52           : IntAlu : 
6564500: system.cpu: T0 : 0x105b2    : c_mv a4, s2                : IntAlu :  D=0x0000000000000005
6565000: system.cpu: T0 : 0x105b4    : c_mv a5, a4                : IntAlu :  D=0x0000000000000005
6565500: system.cpu: T0 : 0x105b6    : c_slli a5, 2               : IntAlu :  D=0x0000000000000014
6566000: system.cpu: T0 : 0x105b8    : c_add a5, a4               : IntAlu :  D=0x0000000000000019
6566500: system.cpu: T0 : 0x105ba    : c_slli a5, 3               : IntAlu :  D=0x00000000000000c8
6567000: system.cpu: T0 : 0x105bc    : c_mv a4, a5                : IntAlu :  D=0x00000000000000c8
6568000: system.cpu: T0 : 0x105be    : ld a5, -56(s0)             : MemRead :  D=0x0000000000071990 A=0x7ffffffffffffd68
6568500: system.cpu: T0 : 0x105c2    : c_add a4, a5               : IntAlu :  D=0x0000000000071a58
6569000: system.cpu: T0 : 0x105c4    : slli a5, s1, 2             : IntAlu :  D=0x0000000000000018
6569500: system.cpu: T0 : 0x105c8    : c_add a5, a4               : IntAlu :  D=0x0000000000071a70
6570000: system.cpu: T0 : 0x105ca    : c_lw a5, 0(a5)             : MemRead :  D=0x0000000000001c58 A=0x71a70
6570500: system.cpu: T0 : 0x105cc    : lw a4, -44(s0)             : MemRead :  D=0x0000000000036026 A=0x7ffffffffffffd74
6571000: system.cpu: T0 : 0x105d0    : c_addw a5, a4              : IntAlu :  D=0x0000000000037c7e
6572000: system.cpu: T0 : 0x105d2    : sw a5, -44(s0)             : MemWrite :  D=0x0000000000037c7e A=0x7ffffffffffffd74
6573000: system.cpu: T0 : 0x105d6    : lw a5, -36(s0)             : MemRead :  D=0x0000000000000038 A=0x7ffffffffffffd7c
6573500: system.cpu: T0 : 0x105da    : c_addiw a5, 1              : IntAlu :  D=0x0000000000000039
6574000: system.cpu: T0 : 0x105dc    : sw a5, -36(s0)             : MemWrite :  D=0x0000000000000039 A=0x7ffffffffffffd7c
6574500: system.cpu: T0 : 0x105e0    : addiw a5, s1, 1            : IntAlu :  D=0x0000000000000007
6575000: system.cpu: T0 : 0x105e4    : addiw s1, a5, 0            : IntAlu :  D=0x0000000000000007
6575500: system.cpu: T0 : 0x105e8    : c_mv a4, s1                : IntAlu :  D=0x0000000000000007
6576000: system.cpu: T0 : 0x105ea    : c_li a5, 9                 : IntAlu :  D=0x0000000000000009
6576500: system.cpu: T0 : 0x105ec    : bge a5, a4, -136           : IntAlu : 
6577000: system.cpu: T0 : 0x10564    : c_mv a4, s2                : IntAlu :  D=0x0000000000000005
6577500: system.cpu: T0 : 0x10566    : c_mv a5, a4                : IntAlu :  D=0x0000000000000005
6578000: system.cpu: T0 : 0x10568    : c_slli a5, 2               : IntAlu :  D=0x0000000000000014
6578500: system.cpu: T0 : 0x1056a    : c_add a5, a4               : IntAlu :  D=0x0000000000000019
6579000: system.cpu: T0 : 0x1056c    : c_slli a5, 3               : IntAlu :  D=0x00000000000000c8
6579500: system.cpu: T0 : 0x1056e    : c_mv a4, a5                : IntAlu :  D=0x00000000000000c8
6580000: system.cpu: T0 : 0x10570    : ld a5, -56(s0)             : MemRead :  D=0x0000000000071990 A=0x7ffffffffffffd68
6580500: system.cpu: T0 : 0x10574    : c_add a4, a5               : IntAlu :  D=0x0000000000071a58
6581500: system.cpu: T0 : 0x10576    : slli a5, s1, 2             : IntAlu :  D=0x000000000000001c
6582000: system.cpu: T0 : 0x1057a    : c_add a5, a4               : IntAlu :  D=0x0000000000071a74
6582500: system.cpu: T0 : 0x1057c    : c_lw a5, 0(a5)             : MemRead :  D=0x0000000000000720 A=0x71a74
6583500: system.cpu: T0 : 0x1057e    : bge a5, zero, 52           : IntAlu : 
6584000: system.cpu: T0 : 0x105b2    : c_mv a4, s2                : IntAlu :  D=0x0000000000000005
6584500: system.cpu: T0 : 0x105b4    : c_mv a5, a4                : IntAlu :  D=0x0000000000000005
6585000: system.cpu: T0 : 0x105b6    : c_slli a5, 2               : IntAlu :  D=0x0000000000000014
6585500: system.cpu: T0 : 0x105b8    : c_add a5, a4               : IntAlu :  D=0x0000000000000019
6586000: system.cpu: T0 : 0x105ba    : c_slli a5, 3               : IntAlu :  D=0x00000000000000c8
6586500: system.cpu: T0 : 0x105bc    : c_mv a4, a5                : IntAlu :  D=0x00000000000000c8
6587500: system.cpu: T0 : 0x105be    : ld a5, -56(s0)             : MemRead :  D=0x0000000000071990 A=0x7ffffffffffffd68
6588000: system.cpu: T0 : 0x105c2    : c_add a4, a5               : IntAlu :  D=0x0000000000071a58
6588500: system.cpu: T0 : 0x105c4    : slli a5, s1, 2             : IntAlu :  D=0x000000000000001c
6589000: system.cpu: T0 : 0x105c8    : c_add a5, a4               : IntAlu :  D=0x0000000000071a74
6589500: system.cpu: T0 : 0x105ca    : c_lw a5, 0(a5)             : MemRead :  D=0x0000000000000720 A=0x71a74
6590000: system.cpu: T0 : 0x105cc    : lw a4, -44(s0)             : MemRead :  D=0x0000000000037c7e A=0x7ffffffffffffd74
6590500: system.cpu: T0 : 0x105d0    : c_addw a5, a4              : IntAlu :  D=0x000000000003839e
6591500: system.cpu: T0 : 0x105d2    : sw a5, -44(s0)             : MemWrite :  D=0x000000000003839e A=0x7ffffffffffffd74
6592500: system.cpu: T0 : 0x105d6    : lw a5, -36(s0)             : MemRead :  D=0x0000000000000039 A=0x7ffffffffffffd7c
6593000: system.cpu: T0 : 0x105da    : c_addiw a5, 1              : IntAlu :  D=0x000000000000003a
6593500: system.cpu: T0 : 0x105dc    : sw a5, -36(s0)             : MemWrite :  D=0x000000000000003a A=0x7ffffffffffffd7c
6594000: system.cpu: T0 : 0x105e0    : addiw a5, s1, 1            : IntAlu :  D=0x0000000000000008
6594500: system.cpu: T0 : 0x105e4    : addiw s1, a5, 0            : IntAlu :  D=0x0000000000000008
6595000: system.cpu: T0 : 0x105e8    : c_mv a4, s1                : IntAlu :  D=0x0000000000000008
6595500: system.cpu: T0 : 0x105ea    : c_li a5, 9                 : IntAlu :  D=0x0000000000000009
6596000: system.cpu: T0 : 0x105ec    : bge a5, a4, -136           : IntAlu : 
6596500: system.cpu: T0 : 0x10564    : c_mv a4, s2                : IntAlu :  D=0x0000000000000005
6597000: system.cpu: T0 : 0x10566    : c_mv a5, a4                : IntAlu :  D=0x0000000000000005
6597500: system.cpu: T0 : 0x10568    : c_slli a5, 2               : IntAlu :  D=0x0000000000000014
6598000: system.cpu: T0 : 0x1056a    : c_add a5, a4               : IntAlu :  D=0x0000000000000019
6598500: system.cpu: T0 : 0x1056c    : c_slli a5, 3               : IntAlu :  D=0x00000000000000c8
6599000: system.cpu: T0 : 0x1056e    : c_mv a4, a5                : IntAlu :  D=0x00000000000000c8
6599500: system.cpu: T0 : 0x10570    : ld a5, -56(s0)             : MemRead :  D=0x0000000000071990 A=0x7ffffffffffffd68
6600000: system.cpu: T0 : 0x10574    : c_add a4, a5               : IntAlu :  D=0x0000000000071a58
6601000: system.cpu: T0 : 0x10576    : slli a5, s1, 2             : IntAlu :  D=0x0000000000000020
6601500: system.cpu: T0 : 0x1057a    : c_add a5, a4               : IntAlu :  D=0x0000000000071a78
6602000: system.cpu: T0 : 0x1057c    : c_lw a5, 0(a5)             : MemRead :  D=0x0000000000001eee A=0x71a78
6603000: system.cpu: T0 : 0x1057e    : bge a5, zero, 52           : IntAlu : 
6603500: system.cpu: T0 : 0x105b2    : c_mv a4, s2                : IntAlu :  D=0x0000000000000005
6604000: system.cpu: T0 : 0x105b4    : c_mv a5, a4                : IntAlu :  D=0x0000000000000005
6604500: system.cpu: T0 : 0x105b6    : c_slli a5, 2               : IntAlu :  D=0x0000000000000014
6605000: system.cpu: T0 : 0x105b8    : c_add a5, a4               : IntAlu :  D=0x0000000000000019
6605500: system.cpu: T0 : 0x105ba    : c_slli a5, 3               : IntAlu :  D=0x00000000000000c8
6606000: system.cpu: T0 : 0x105bc    : c_mv a4, a5                : IntAlu :  D=0x00000000000000c8
6607000: system.cpu: T0 : 0x105be    : ld a5, -56(s0)             : MemRead :  D=0x0000000000071990 A=0x7ffffffffffffd68
6607500: system.cpu: T0 : 0x105c2    : c_add a4, a5               : IntAlu :  D=0x0000000000071a58
6608000: system.cpu: T0 : 0x105c4    : slli a5, s1, 2             : IntAlu :  D=0x0000000000000020
6608500: system.cpu: T0 : 0x105c8    : c_add a5, a4               : IntAlu :  D=0x0000000000071a78
6609000: system.cpu: T0 : 0x105ca    : c_lw a5, 0(a5)             : MemRead :  D=0x0000000000001eee A=0x71a78
6609500: system.cpu: T0 : 0x105cc    : lw a4, -44(s0)             : MemRead :  D=0x000000000003839e A=0x7ffffffffffffd74
6610000: system.cpu: T0 : 0x105d0    : c_addw a5, a4              : IntAlu :  D=0x000000000003a28c
6611000: system.cpu: T0 : 0x105d2    : sw a5, -44(s0)             : MemWrite :  D=0x000000000003a28c A=0x7ffffffffffffd74
6612000: system.cpu: T0 : 0x105d6    : lw a5, -36(s0)             : MemRead :  D=0x000000000000003a A=0x7ffffffffffffd7c
6612500: system.cpu: T0 : 0x105da    : c_addiw a5, 1              : IntAlu :  D=0x000000000000003b
6613000: system.cpu: T0 : 0x105dc    : sw a5, -36(s0)             : MemWrite :  D=0x000000000000003b A=0x7ffffffffffffd7c
6613500: system.cpu: T0 : 0x105e0    : addiw a5, s1, 1            : IntAlu :  D=0x0000000000000009
6614000: system.cpu: T0 : 0x105e4    : addiw s1, a5, 0            : IntAlu :  D=0x0000000000000009
6614500: system.cpu: T0 : 0x105e8    : c_mv a4, s1                : IntAlu :  D=0x0000000000000009
6615000: system.cpu: T0 : 0x105ea    : c_li a5, 9                 : IntAlu :  D=0x0000000000000009
6615500: system.cpu: T0 : 0x105ec    : bge a5, a4, -136           : IntAlu : 
6616000: system.cpu: T0 : 0x10564    : c_mv a4, s2                : IntAlu :  D=0x0000000000000005
6616500: system.cpu: T0 : 0x10566    : c_mv a5, a4                : IntAlu :  D=0x0000000000000005
6617000: system.cpu: T0 : 0x10568    : c_slli a5, 2               : IntAlu :  D=0x0000000000000014
6617500: system.cpu: T0 : 0x1056a    : c_add a5, a4               : IntAlu :  D=0x0000000000000019
6618000: system.cpu: T0 : 0x1056c    : c_slli a5, 3               : IntAlu :  D=0x00000000000000c8
6618500: system.cpu: T0 : 0x1056e    : c_mv a4, a5                : IntAlu :  D=0x00000000000000c8
6619000: system.cpu: T0 : 0x10570    : ld a5, -56(s0)             : MemRead :  D=0x0000000000071990 A=0x7ffffffffffffd68
6619500: system.cpu: T0 : 0x10574    : c_add a4, a5               : IntAlu :  D=0x0000000000071a58
6620500: system.cpu: T0 : 0x10576    : slli a5, s1, 2             : IntAlu :  D=0x0000000000000024
6621000: system.cpu: T0 : 0x1057a    : c_add a5, a4               : IntAlu :  D=0x0000000000071a7c
6621500: system.cpu: T0 : 0x1057c    : c_lw a5, 0(a5)             : MemRead :  D=0x0000000000000339 A=0x71a7c
6622500: system.cpu: T0 : 0x1057e    : bge a5, zero, 52           : IntAlu : 
6623000: system.cpu: T0 : 0x105b2    : c_mv a4, s2                : IntAlu :  D=0x0000000000000005
6623500: system.cpu: T0 : 0x105b4    : c_mv a5, a4                : IntAlu :  D=0x0000000000000005
6624000: system.cpu: T0 : 0x105b6    : c_slli a5, 2               : IntAlu :  D=0x0000000000000014
6624500: system.cpu: T0 : 0x105b8    : c_add a5, a4               : IntAlu :  D=0x0000000000000019
6625000: system.cpu: T0 : 0x105ba    : c_slli a5, 3               : IntAlu :  D=0x00000000000000c8
6625500: system.cpu: T0 : 0x105bc    : c_mv a4, a5                : IntAlu :  D=0x00000000000000c8
6626500: system.cpu: T0 : 0x105be    : ld a5, -56(s0)             : MemRead :  D=0x0000000000071990 A=0x7ffffffffffffd68
6627000: system.cpu: T0 : 0x105c2    : c_add a4, a5               : IntAlu :  D=0x0000000000071a58
6627500: system.cpu: T0 : 0x105c4    : slli a5, s1, 2             : IntAlu :  D=0x0000000000000024
6628000: system.cpu: T0 : 0x105c8    : c_add a5, a4               : IntAlu :  D=0x0000000000071a7c
6628500: system.cpu: T0 : 0x105ca    : c_lw a5, 0(a5)             : MemRead :  D=0x0000000000000339 A=0x71a7c
6629000: system.cpu: T0 : 0x105cc    : lw a4, -44(s0)             : MemRead :  D=0x000000000003a28c A=0x7ffffffffffffd74
6629500: system.cpu: T0 : 0x105d0    : c_addw a5, a4              : IntAlu :  D=0x000000000003a5c5
6630500: system.cpu: T0 : 0x105d2    : sw a5, -44(s0)             : MemWrite :  D=0x000000000003a5c5 A=0x7ffffffffffffd74
6631500: system.cpu: T0 : 0x105d6    : lw a5, -36(s0)             : MemRead :  D=0x000000000000003b A=0x7ffffffffffffd7c
6632000: system.cpu: T0 : 0x105da    : c_addiw a5, 1              : IntAlu :  D=0x000000000000003c
6632500: system.cpu: T0 : 0x105dc    : sw a5, -36(s0)             : MemWrite :  D=0x000000000000003c A=0x7ffffffffffffd7c
6633000: system.cpu: T0 : 0x105e0    : addiw a5, s1, 1            : IntAlu :  D=0x000000000000000a
6633500: system.cpu: T0 : 0x105e4    : addiw s1, a5, 0            : IntAlu :  D=0x000000000000000a
6634000: system.cpu: T0 : 0x105e8    : c_mv a4, s1                : IntAlu :  D=0x000000000000000a
6634500: system.cpu: T0 : 0x105ea    : c_li a5, 9                 : IntAlu :  D=0x0000000000000009
6635000: system.cpu: T0 : 0x105ec    : bge a5, a4, -136           : IntAlu : 
6635500: system.cpu: T0 : 0x105f0    : addiw a5, s2, 1            : IntAlu :  D=0x0000000000000006
6636000: system.cpu: T0 : 0x105f4    : addiw s2, a5, 0            : IntAlu :  D=0x0000000000000006
6636500: system.cpu: T0 : 0x105f8    : c_mv a4, s2                : IntAlu :  D=0x0000000000000006
6637000: system.cpu: T0 : 0x105fa    : c_li a5, 9                 : IntAlu :  D=0x0000000000000009
6637500: system.cpu: T0 : 0x105fc    : bge a5, a4, -156           : IntAlu : 
6638000: system.cpu: T0 : 0x10560    : c_li s1, 0                 : IntAlu :  D=0x0000000000000000
6638500: system.cpu: T0 : 0x10562    : c_j 134                    : IntAlu : 
6639000: system.cpu: T0 : 0x105e8    : c_mv a4, s1                : IntAlu :  D=0x0000000000000000
6639500: system.cpu: T0 : 0x105ea    : c_li a5, 9                 : IntAlu :  D=0x0000000000000009
6640000: system.cpu: T0 : 0x105ec    : bge a5, a4, -136           : IntAlu : 
6640500: system.cpu: T0 : 0x10564    : c_mv a4, s2                : IntAlu :  D=0x0000000000000006
6641000: system.cpu: T0 : 0x10566    : c_mv a5, a4                : IntAlu :  D=0x0000000000000006
6641500: system.cpu: T0 : 0x10568    : c_slli a5, 2               : IntAlu :  D=0x0000000000000018
6642000: system.cpu: T0 : 0x1056a    : c_add a5, a4               : IntAlu :  D=0x000000000000001e
6642500: system.cpu: T0 : 0x1056c    : c_slli a5, 3               : IntAlu :  D=0x00000000000000f0
6643000: system.cpu: T0 : 0x1056e    : c_mv a4, a5                : IntAlu :  D=0x00000000000000f0
6643500: system.cpu: T0 : 0x10570    : ld a5, -56(s0)             : MemRead :  D=0x0000000000071990 A=0x7ffffffffffffd68
6644000: system.cpu: T0 : 0x10574    : c_add a4, a5               : IntAlu :  D=0x0000000000071a80
6645000: system.cpu: T0 : 0x10576    : slli a5, s1, 2             : IntAlu :  D=0x0000000000000000
6645500: system.cpu: T0 : 0x1057a    : c_add a5, a4               : IntAlu :  D=0x0000000000071a80
6646000: system.cpu: T0 : 0x1057c    : c_lw a5, 0(a5)             : MemRead :  D=0x00000000000011db A=0x71a80
6647000: system.cpu: T0 : 0x1057e    : bge a5, zero, 52           : IntAlu : 
6647500: system.cpu: T0 : 0x105b2    : c_mv a4, s2                : IntAlu :  D=0x0000000000000006
6648000: system.cpu: T0 : 0x105b4    : c_mv a5, a4                : IntAlu :  D=0x0000000000000006
6648500: system.cpu: T0 : 0x105b6    : c_slli a5, 2               : IntAlu :  D=0x0000000000000018
6649000: system.cpu: T0 : 0x105b8    : c_add a5, a4               : IntAlu :  D=0x000000000000001e
6649500: system.cpu: T0 : 0x105ba    : c_slli a5, 3               : IntAlu :  D=0x00000000000000f0
6650000: system.cpu: T0 : 0x105bc    : c_mv a4, a5                : IntAlu :  D=0x00000000000000f0
6651000: system.cpu: T0 : 0x105be    : ld a5, -56(s0)             : MemRead :  D=0x0000000000071990 A=0x7ffffffffffffd68
6651500: system.cpu: T0 : 0x105c2    : c_add a4, a5               : IntAlu :  D=0x0000000000071a80
6652000: system.cpu: T0 : 0x105c4    : slli a5, s1, 2             : IntAlu :  D=0x0000000000000000
6652500: system.cpu: T0 : 0x105c8    : c_add a5, a4               : IntAlu :  D=0x0000000000071a80
6653000: system.cpu: T0 : 0x105ca    : c_lw a5, 0(a5)             : MemRead :  D=0x00000000000011db A=0x71a80
6653500: system.cpu: T0 : 0x105cc    : lw a4, -44(s0)             : MemRead :  D=0x000000000003a5c5 A=0x7ffffffffffffd74
6654000: system.cpu: T0 : 0x105d0    : c_addw a5, a4              : IntAlu :  D=0x000000000003b7a0
6655000: system.cpu: T0 : 0x105d2    : sw a5, -44(s0)             : MemWrite :  D=0x000000000003b7a0 A=0x7ffffffffffffd74
6656000: system.cpu: T0 : 0x105d6    : lw a5, -36(s0)             : MemRead :  D=0x000000000000003c A=0x7ffffffffffffd7c
6656500: system.cpu: T0 : 0x105da    : c_addiw a5, 1              : IntAlu :  D=0x000000000000003d
6657000: system.cpu: T0 : 0x105dc    : sw a5, -36(s0)             : MemWrite :  D=0x000000000000003d A=0x7ffffffffffffd7c
6657500: system.cpu: T0 : 0x105e0    : addiw a5, s1, 1            : IntAlu :  D=0x0000000000000001
6658000: system.cpu: T0 : 0x105e4    : addiw s1, a5, 0            : IntAlu :  D=0x0000000000000001
6658500: system.cpu: T0 : 0x105e8    : c_mv a4, s1                : IntAlu :  D=0x0000000000000001
6659000: system.cpu: T0 : 0x105ea    : c_li a5, 9                 : IntAlu :  D=0x0000000000000009
6659500: system.cpu: T0 : 0x105ec    : bge a5, a4, -136           : IntAlu : 
6660000: system.cpu: T0 : 0x10564    : c_mv a4, s2                : IntAlu :  D=0x0000000000000006
6660500: system.cpu: T0 : 0x10566    : c_mv a5, a4                : IntAlu :  D=0x0000000000000006
6661000: system.cpu: T0 : 0x10568    : c_slli a5, 2               : IntAlu :  D=0x0000000000000018
6661500: system.cpu: T0 : 0x1056a    : c_add a5, a4               : IntAlu :  D=0x000000000000001e
6662000: system.cpu: T0 : 0x1056c    : c_slli a5, 3               : IntAlu :  D=0x00000000000000f0
6662500: system.cpu: T0 : 0x1056e    : c_mv a4, a5                : IntAlu :  D=0x00000000000000f0
6663000: system.cpu: T0 : 0x10570    : ld a5, -56(s0)             : MemRead :  D=0x0000000000071990 A=0x7ffffffffffffd68
6663500: system.cpu: T0 : 0x10574    : c_add a4, a5               : IntAlu :  D=0x0000000000071a80
6664500: system.cpu: T0 : 0x10576    : slli a5, s1, 2             : IntAlu :  D=0x0000000000000004
6665000: system.cpu: T0 : 0x1057a    : c_add a5, a4               : IntAlu :  D=0x0000000000071a84
6665500: system.cpu: T0 : 0x1057c    : c_lw a5, 0(a5)             : MemRead :  D=0x0000000000000383 A=0x71a84
6666500: system.cpu: T0 : 0x1057e    : bge a5, zero, 52           : IntAlu : 
6667000: system.cpu: T0 : 0x105b2    : c_mv a4, s2                : IntAlu :  D=0x0000000000000006
6667500: system.cpu: T0 : 0x105b4    : c_mv a5, a4                : IntAlu :  D=0x0000000000000006
6668000: system.cpu: T0 : 0x105b6    : c_slli a5, 2               : IntAlu :  D=0x0000000000000018
6668500: system.cpu: T0 : 0x105b8    : c_add a5, a4               : IntAlu :  D=0x000000000000001e
6669000: system.cpu: T0 : 0x105ba    : c_slli a5, 3               : IntAlu :  D=0x00000000000000f0
6669500: system.cpu: T0 : 0x105bc    : c_mv a4, a5                : IntAlu :  D=0x00000000000000f0
6670500: system.cpu: T0 : 0x105be    : ld a5, -56(s0)             : MemRead :  D=0x0000000000071990 A=0x7ffffffffffffd68
6671000: system.cpu: T0 : 0x105c2    : c_add a4, a5               : IntAlu :  D=0x0000000000071a80
6671500: system.cpu: T0 : 0x105c4    : slli a5, s1, 2             : IntAlu :  D=0x0000000000000004
6672000: system.cpu: T0 : 0x105c8    : c_add a5, a4               : IntAlu :  D=0x0000000000071a84
6672500: system.cpu: T0 : 0x105ca    : c_lw a5, 0(a5)             : MemRead :  D=0x0000000000000383 A=0x71a84
6673000: system.cpu: T0 : 0x105cc    : lw a4, -44(s0)             : MemRead :  D=0x000000000003b7a0 A=0x7ffffffffffffd74
6673500: system.cpu: T0 : 0x105d0    : c_addw a5, a4              : IntAlu :  D=0x000000000003bb23
6674500: system.cpu: T0 : 0x105d2    : sw a5, -44(s0)             : MemWrite :  D=0x000000000003bb23 A=0x7ffffffffffffd74
6675500: system.cpu: T0 : 0x105d6    : lw a5, -36(s0)             : MemRead :  D=0x000000000000003d A=0x7ffffffffffffd7c
6676000: system.cpu: T0 : 0x105da    : c_addiw a5, 1              : IntAlu :  D=0x000000000000003e
6676500: system.cpu: T0 : 0x105dc    : sw a5, -36(s0)             : MemWrite :  D=0x000000000000003e A=0x7ffffffffffffd7c
6677000: system.cpu: T0 : 0x105e0    : addiw a5, s1, 1            : IntAlu :  D=0x0000000000000002
6677500: system.cpu: T0 : 0x105e4    : addiw s1, a5, 0            : IntAlu :  D=0x0000000000000002
6678000: system.cpu: T0 : 0x105e8    : c_mv a4, s1                : IntAlu :  D=0x0000000000000002
6678500: system.cpu: T0 : 0x105ea    : c_li a5, 9                 : IntAlu :  D=0x0000000000000009
6679000: system.cpu: T0 : 0x105ec    : bge a5, a4, -136           : IntAlu : 
6679500: system.cpu: T0 : 0x10564    : c_mv a4, s2                : IntAlu :  D=0x0000000000000006
6680000: system.cpu: T0 : 0x10566    : c_mv a5, a4                : IntAlu :  D=0x0000000000000006
6680500: system.cpu: T0 : 0x10568    : c_slli a5, 2               : IntAlu :  D=0x0000000000000018
6681000: system.cpu: T0 : 0x1056a    : c_add a5, a4               : IntAlu :  D=0x000000000000001e
6681500: system.cpu: T0 : 0x1056c    : c_slli a5, 3               : IntAlu :  D=0x00000000000000f0
6682000: system.cpu: T0 : 0x1056e    : c_mv a4, a5                : IntAlu :  D=0x00000000000000f0
6682500: system.cpu: T0 : 0x10570    : ld a5, -56(s0)             : MemRead :  D=0x0000000000071990 A=0x7ffffffffffffd68
6683000: system.cpu: T0 : 0x10574    : c_add a4, a5               : IntAlu :  D=0x0000000000071a80
6684000: system.cpu: T0 : 0x10576    : slli a5, s1, 2             : IntAlu :  D=0x0000000000000008
6684500: system.cpu: T0 : 0x1057a    : c_add a5, a4               : IntAlu :  D=0x0000000000071a88
6685000: system.cpu: T0 : 0x1057c    : c_lw a5, 0(a5)             : MemRead :  D=0x00000000000018ae A=0x71a88
6686000: system.cpu: T0 : 0x1057e    : bge a5, zero, 52           : IntAlu : 
6686500: system.cpu: T0 : 0x105b2    : c_mv a4, s2                : IntAlu :  D=0x0000000000000006
6687000: system.cpu: T0 : 0x105b4    : c_mv a5, a4                : IntAlu :  D=0x0000000000000006
6687500: system.cpu: T0 : 0x105b6    : c_slli a5, 2               : IntAlu :  D=0x0000000000000018
6688000: system.cpu: T0 : 0x105b8    : c_add a5, a4               : IntAlu :  D=0x000000000000001e
6688500: system.cpu: T0 : 0x105ba    : c_slli a5, 3               : IntAlu :  D=0x00000000000000f0
6689000: system.cpu: T0 : 0x105bc    : c_mv a4, a5                : IntAlu :  D=0x00000000000000f0
6690000: system.cpu: T0 : 0x105be    : ld a5, -56(s0)             : MemRead :  D=0x0000000000071990 A=0x7ffffffffffffd68
6690500: system.cpu: T0 : 0x105c2    : c_add a4, a5               : IntAlu :  D=0x0000000000071a80
6691000: system.cpu: T0 : 0x105c4    : slli a5, s1, 2             : IntAlu :  D=0x0000000000000008
6691500: system.cpu: T0 : 0x105c8    : c_add a5, a4               : IntAlu :  D=0x0000000000071a88
6692000: system.cpu: T0 : 0x105ca    : c_lw a5, 0(a5)             : MemRead :  D=0x00000000000018ae A=0x71a88
6692500: system.cpu: T0 : 0x105cc    : lw a4, -44(s0)             : MemRead :  D=0x000000000003bb23 A=0x7ffffffffffffd74
6693000: system.cpu: T0 : 0x105d0    : c_addw a5, a4              : IntAlu :  D=0x000000000003d3d1
6694000: system.cpu: T0 : 0x105d2    : sw a5, -44(s0)             : MemWrite :  D=0x000000000003d3d1 A=0x7ffffffffffffd74
6695000: system.cpu: T0 : 0x105d6    : lw a5, -36(s0)             : MemRead :  D=0x000000000000003e A=0x7ffffffffffffd7c
6695500: system.cpu: T0 : 0x105da    : c_addiw a5, 1              : IntAlu :  D=0x000000000000003f
6696000: system.cpu: T0 : 0x105dc    : sw a5, -36(s0)             : MemWrite :  D=0x000000000000003f A=0x7ffffffffffffd7c
6696500: system.cpu: T0 : 0x105e0    : addiw a5, s1, 1            : IntAlu :  D=0x0000000000000003
6697000: system.cpu: T0 : 0x105e4    : addiw s1, a5, 0            : IntAlu :  D=0x0000000000000003
6697500: system.cpu: T0 : 0x105e8    : c_mv a4, s1                : IntAlu :  D=0x0000000000000003
6698000: system.cpu: T0 : 0x105ea    : c_li a5, 9                 : IntAlu :  D=0x0000000000000009
6698500: system.cpu: T0 : 0x105ec    : bge a5, a4, -136           : IntAlu : 
6699000: system.cpu: T0 : 0x10564    : c_mv a4, s2                : IntAlu :  D=0x0000000000000006
6699500: system.cpu: T0 : 0x10566    : c_mv a5, a4                : IntAlu :  D=0x0000000000000006
6700000: system.cpu: T0 : 0x10568    : c_slli a5, 2               : IntAlu :  D=0x0000000000000018
6700500: system.cpu: T0 : 0x1056a    : c_add a5, a4               : IntAlu :  D=0x000000000000001e
6701000: system.cpu: T0 : 0x1056c    : c_slli a5, 3               : IntAlu :  D=0x00000000000000f0
6701500: system.cpu: T0 : 0x1056e    : c_mv a4, a5                : IntAlu :  D=0x00000000000000f0
6702000: system.cpu: T0 : 0x10570    : ld a5, -56(s0)             : MemRead :  D=0x0000000000071990 A=0x7ffffffffffffd68
6702500: system.cpu: T0 : 0x10574    : c_add a4, a5               : IntAlu :  D=0x0000000000071a80
6703500: system.cpu: T0 : 0x10576    : slli a5, s1, 2             : IntAlu :  D=0x000000000000000c
6704000: system.cpu: T0 : 0x1057a    : c_add a5, a4               : IntAlu :  D=0x0000000000071a8c
6704500: system.cpu: T0 : 0x1057c    : c_lw a5, 0(a5)             : MemRead :  D=0x00000000000019be A=0x71a8c
6705500: system.cpu: T0 : 0x1057e    : bge a5, zero, 52           : IntAlu : 
6706000: system.cpu: T0 : 0x105b2    : c_mv a4, s2                : IntAlu :  D=0x0000000000000006
6706500: system.cpu: T0 : 0x105b4    : c_mv a5, a4                : IntAlu :  D=0x0000000000000006
6707000: system.cpu: T0 : 0x105b6    : c_slli a5, 2               : IntAlu :  D=0x0000000000000018
6707500: system.cpu: T0 : 0x105b8    : c_add a5, a4               : IntAlu :  D=0x000000000000001e
6708000: system.cpu: T0 : 0x105ba    : c_slli a5, 3               : IntAlu :  D=0x00000000000000f0
6708500: system.cpu: T0 : 0x105bc    : c_mv a4, a5                : IntAlu :  D=0x00000000000000f0
6709500: system.cpu: T0 : 0x105be    : ld a5, -56(s0)             : MemRead :  D=0x0000000000071990 A=0x7ffffffffffffd68
6710000: system.cpu: T0 : 0x105c2    : c_add a4, a5               : IntAlu :  D=0x0000000000071a80
6710500: system.cpu: T0 : 0x105c4    : slli a5, s1, 2             : IntAlu :  D=0x000000000000000c
6711000: system.cpu: T0 : 0x105c8    : c_add a5, a4               : IntAlu :  D=0x0000000000071a8c
6711500: system.cpu: T0 : 0x105ca    : c_lw a5, 0(a5)             : MemRead :  D=0x00000000000019be A=0x71a8c
6712000: system.cpu: T0 : 0x105cc    : lw a4, -44(s0)             : MemRead :  D=0x000000000003d3d1 A=0x7ffffffffffffd74
6712500: system.cpu: T0 : 0x105d0    : c_addw a5, a4              : IntAlu :  D=0x000000000003ed8f
6713500: system.cpu: T0 : 0x105d2    : sw a5, -44(s0)             : MemWrite :  D=0x000000000003ed8f A=0x7ffffffffffffd74
6714500: system.cpu: T0 : 0x105d6    : lw a5, -36(s0)             : MemRead :  D=0x000000000000003f A=0x7ffffffffffffd7c
6715000: system.cpu: T0 : 0x105da    : c_addiw a5, 1              : IntAlu :  D=0x0000000000000040
6715500: system.cpu: T0 : 0x105dc    : sw a5, -36(s0)             : MemWrite :  D=0x0000000000000040 A=0x7ffffffffffffd7c
6716000: system.cpu: T0 : 0x105e0    : addiw a5, s1, 1            : IntAlu :  D=0x0000000000000004
6716500: system.cpu: T0 : 0x105e4    : addiw s1, a5, 0            : IntAlu :  D=0x0000000000000004
6717000: system.cpu: T0 : 0x105e8    : c_mv a4, s1                : IntAlu :  D=0x0000000000000004
6717500: system.cpu: T0 : 0x105ea    : c_li a5, 9                 : IntAlu :  D=0x0000000000000009
6718000: system.cpu: T0 : 0x105ec    : bge a5, a4, -136           : IntAlu : 
6718500: system.cpu: T0 : 0x10564    : c_mv a4, s2                : IntAlu :  D=0x0000000000000006
6719000: system.cpu: T0 : 0x10566    : c_mv a5, a4                : IntAlu :  D=0x0000000000000006
6719500: system.cpu: T0 : 0x10568    : c_slli a5, 2               : IntAlu :  D=0x0000000000000018
6720000: system.cpu: T0 : 0x1056a    : c_add a5, a4               : IntAlu :  D=0x000000000000001e
6720500: system.cpu: T0 : 0x1056c    : c_slli a5, 3               : IntAlu :  D=0x00000000000000f0
6721000: system.cpu: T0 : 0x1056e    : c_mv a4, a5                : IntAlu :  D=0x00000000000000f0
6721500: system.cpu: T0 : 0x10570    : ld a5, -56(s0)             : MemRead :  D=0x0000000000071990 A=0x7ffffffffffffd68
6722000: system.cpu: T0 : 0x10574    : c_add a4, a5               : IntAlu :  D=0x0000000000071a80
6723000: system.cpu: T0 : 0x10576    : slli a5, s1, 2             : IntAlu :  D=0x0000000000000010
6723500: system.cpu: T0 : 0x1057a    : c_add a5, a4               : IntAlu :  D=0x0000000000071a90
6724000: system.cpu: T0 : 0x1057c    : c_lw a5, 0(a5)             : MemRead :  D=0x00000000000008f3 A=0x71a90
6725000: system.cpu: T0 : 0x1057e    : bge a5, zero, 52           : IntAlu : 
6725500: system.cpu: T0 : 0x105b2    : c_mv a4, s2                : IntAlu :  D=0x0000000000000006
6726000: system.cpu: T0 : 0x105b4    : c_mv a5, a4                : IntAlu :  D=0x0000000000000006
6726500: system.cpu: T0 : 0x105b6    : c_slli a5, 2               : IntAlu :  D=0x0000000000000018
6727000: system.cpu: T0 : 0x105b8    : c_add a5, a4               : IntAlu :  D=0x000000000000001e
6727500: system.cpu: T0 : 0x105ba    : c_slli a5, 3               : IntAlu :  D=0x00000000000000f0
6728000: system.cpu: T0 : 0x105bc    : c_mv a4, a5                : IntAlu :  D=0x00000000000000f0
6729000: system.cpu: T0 : 0x105be    : ld a5, -56(s0)             : MemRead :  D=0x0000000000071990 A=0x7ffffffffffffd68
6729500: system.cpu: T0 : 0x105c2    : c_add a4, a5               : IntAlu :  D=0x0000000000071a80
6730000: system.cpu: T0 : 0x105c4    : slli a5, s1, 2             : IntAlu :  D=0x0000000000000010
6730500: system.cpu: T0 : 0x105c8    : c_add a5, a4               : IntAlu :  D=0x0000000000071a90
6731000: system.cpu: T0 : 0x105ca    : c_lw a5, 0(a5)             : MemRead :  D=0x00000000000008f3 A=0x71a90
6731500: system.cpu: T0 : 0x105cc    : lw a4, -44(s0)             : MemRead :  D=0x000000000003ed8f A=0x7ffffffffffffd74
6732000: system.cpu: T0 : 0x105d0    : c_addw a5, a4              : IntAlu :  D=0x000000000003f682
6733000: system.cpu: T0 : 0x105d2    : sw a5, -44(s0)             : MemWrite :  D=0x000000000003f682 A=0x7ffffffffffffd74
6734000: system.cpu: T0 : 0x105d6    : lw a5, -36(s0)             : MemRead :  D=0x0000000000000040 A=0x7ffffffffffffd7c
6734500: system.cpu: T0 : 0x105da    : c_addiw a5, 1              : IntAlu :  D=0x0000000000000041
6735000: system.cpu: T0 : 0x105dc    : sw a5, -36(s0)             : MemWrite :  D=0x0000000000000041 A=0x7ffffffffffffd7c
6735500: system.cpu: T0 : 0x105e0    : addiw a5, s1, 1            : IntAlu :  D=0x0000000000000005
6736000: system.cpu: T0 : 0x105e4    : addiw s1, a5, 0            : IntAlu :  D=0x0000000000000005
6736500: system.cpu: T0 : 0x105e8    : c_mv a4, s1                : IntAlu :  D=0x0000000000000005
6737000: system.cpu: T0 : 0x105ea    : c_li a5, 9                 : IntAlu :  D=0x0000000000000009
6737500: system.cpu: T0 : 0x105ec    : bge a5, a4, -136           : IntAlu : 
6738000: system.cpu: T0 : 0x10564    : c_mv a4, s2                : IntAlu :  D=0x0000000000000006
6738500: system.cpu: T0 : 0x10566    : c_mv a5, a4                : IntAlu :  D=0x0000000000000006
6739000: system.cpu: T0 : 0x10568    : c_slli a5, 2               : IntAlu :  D=0x0000000000000018
6739500: system.cpu: T0 : 0x1056a    : c_add a5, a4               : IntAlu :  D=0x000000000000001e
6740000: system.cpu: T0 : 0x1056c    : c_slli a5, 3               : IntAlu :  D=0x00000000000000f0
6740500: system.cpu: T0 : 0x1056e    : c_mv a4, a5                : IntAlu :  D=0x00000000000000f0
6741000: system.cpu: T0 : 0x10570    : ld a5, -56(s0)             : MemRead :  D=0x0000000000071990 A=0x7ffffffffffffd68
6741500: system.cpu: T0 : 0x10574    : c_add a4, a5               : IntAlu :  D=0x0000000000071a80
6742500: system.cpu: T0 : 0x10576    : slli a5, s1, 2             : IntAlu :  D=0x0000000000000014
6743000: system.cpu: T0 : 0x1057a    : c_add a5, a4               : IntAlu :  D=0x0000000000071a94
6743500: system.cpu: T0 : 0x1057c    : c_lw a5, 0(a5)             : MemRead :  D=0x0000000000001495 A=0x71a94
6744500: system.cpu: T0 : 0x1057e    : bge a5, zero, 52           : IntAlu : 
6745000: system.cpu: T0 : 0x105b2    : c_mv a4, s2                : IntAlu :  D=0x0000000000000006
6745500: system.cpu: T0 : 0x105b4    : c_mv a5, a4                : IntAlu :  D=0x0000000000000006
6746000: system.cpu: T0 : 0x105b6    : c_slli a5, 2               : IntAlu :  D=0x0000000000000018
6746500: system.cpu: T0 : 0x105b8    : c_add a5, a4               : IntAlu :  D=0x000000000000001e
6747000: system.cpu: T0 : 0x105ba    : c_slli a5, 3               : IntAlu :  D=0x00000000000000f0
6747500: system.cpu: T0 : 0x105bc    : c_mv a4, a5                : IntAlu :  D=0x00000000000000f0
6748500: system.cpu: T0 : 0x105be    : ld a5, -56(s0)             : MemRead :  D=0x0000000000071990 A=0x7ffffffffffffd68
6749000: system.cpu: T0 : 0x105c2    : c_add a4, a5               : IntAlu :  D=0x0000000000071a80
6749500: system.cpu: T0 : 0x105c4    : slli a5, s1, 2             : IntAlu :  D=0x0000000000000014
6750000: system.cpu: T0 : 0x105c8    : c_add a5, a4               : IntAlu :  D=0x0000000000071a94
6750500: system.cpu: T0 : 0x105ca    : c_lw a5, 0(a5)             : MemRead :  D=0x0000000000001495 A=0x71a94
6751000: system.cpu: T0 : 0x105cc    : lw a4, -44(s0)             : MemRead :  D=0x000000000003f682 A=0x7ffffffffffffd74
6751500: system.cpu: T0 : 0x105d0    : c_addw a5, a4              : IntAlu :  D=0x0000000000040b17
6752500: system.cpu: T0 : 0x105d2    : sw a5, -44(s0)             : MemWrite :  D=0x0000000000040b17 A=0x7ffffffffffffd74
6753500: system.cpu: T0 : 0x105d6    : lw a5, -36(s0)             : MemRead :  D=0x0000000000000041 A=0x7ffffffffffffd7c
6754000: system.cpu: T0 : 0x105da    : c_addiw a5, 1              : IntAlu :  D=0x0000000000000042
6754500: system.cpu: T0 : 0x105dc    : sw a5, -36(s0)             : MemWrite :  D=0x0000000000000042 A=0x7ffffffffffffd7c
6755000: system.cpu: T0 : 0x105e0    : addiw a5, s1, 1            : IntAlu :  D=0x0000000000000006
6755500: system.cpu: T0 : 0x105e4    : addiw s1, a5, 0            : IntAlu :  D=0x0000000000000006
6756000: system.cpu: T0 : 0x105e8    : c_mv a4, s1                : IntAlu :  D=0x0000000000000006
6756500: system.cpu: T0 : 0x105ea    : c_li a5, 9                 : IntAlu :  D=0x0000000000000009
6757000: system.cpu: T0 : 0x105ec    : bge a5, a4, -136           : IntAlu : 
6757500: system.cpu: T0 : 0x10564    : c_mv a4, s2                : IntAlu :  D=0x0000000000000006
6758000: system.cpu: T0 : 0x10566    : c_mv a5, a4                : IntAlu :  D=0x0000000000000006
6758500: system.cpu: T0 : 0x10568    : c_slli a5, 2               : IntAlu :  D=0x0000000000000018
6759000: system.cpu: T0 : 0x1056a    : c_add a5, a4               : IntAlu :  D=0x000000000000001e
6759500: system.cpu: T0 : 0x1056c    : c_slli a5, 3               : IntAlu :  D=0x00000000000000f0
6760000: system.cpu: T0 : 0x1056e    : c_mv a4, a5                : IntAlu :  D=0x00000000000000f0
6760500: system.cpu: T0 : 0x10570    : ld a5, -56(s0)             : MemRead :  D=0x0000000000071990 A=0x7ffffffffffffd68
6761000: system.cpu: T0 : 0x10574    : c_add a4, a5               : IntAlu :  D=0x0000000000071a80
6762000: system.cpu: T0 : 0x10576    : slli a5, s1, 2             : IntAlu :  D=0x0000000000000018
6762500: system.cpu: T0 : 0x1057a    : c_add a5, a4               : IntAlu :  D=0x0000000000071a98
6763000: system.cpu: T0 : 0x1057c    : c_lw a5, 0(a5)             : MemRead :  D=0x0000000000001250 A=0x71a98
6764000: system.cpu: T0 : 0x1057e    : bge a5, zero, 52           : IntAlu : 
6764500: system.cpu: T0 : 0x105b2    : c_mv a4, s2                : IntAlu :  D=0x0000000000000006
6765000: system.cpu: T0 : 0x105b4    : c_mv a5, a4                : IntAlu :  D=0x0000000000000006
6765500: system.cpu: T0 : 0x105b6    : c_slli a5, 2               : IntAlu :  D=0x0000000000000018
6766000: system.cpu: T0 : 0x105b8    : c_add a5, a4               : IntAlu :  D=0x000000000000001e
6766500: system.cpu: T0 : 0x105ba    : c_slli a5, 3               : IntAlu :  D=0x00000000000000f0
6767000: system.cpu: T0 : 0x105bc    : c_mv a4, a5                : IntAlu :  D=0x00000000000000f0
6768000: system.cpu: T0 : 0x105be    : ld a5, -56(s0)             : MemRead :  D=0x0000000000071990 A=0x7ffffffffffffd68
6768500: system.cpu: T0 : 0x105c2    : c_add a4, a5               : IntAlu :  D=0x0000000000071a80
6769000: system.cpu: T0 : 0x105c4    : slli a5, s1, 2             : IntAlu :  D=0x0000000000000018
6769500: system.cpu: T0 : 0x105c8    : c_add a5, a4               : IntAlu :  D=0x0000000000071a98
6770000: system.cpu: T0 : 0x105ca    : c_lw a5, 0(a5)             : MemRead :  D=0x0000000000001250 A=0x71a98
6770500: system.cpu: T0 : 0x105cc    : lw a4, -44(s0)             : MemRead :  D=0x0000000000040b17 A=0x7ffffffffffffd74
6771000: system.cpu: T0 : 0x105d0    : c_addw a5, a4              : IntAlu :  D=0x0000000000041d67
6772000: system.cpu: T0 : 0x105d2    : sw a5, -44(s0)             : MemWrite :  D=0x0000000000041d67 A=0x7ffffffffffffd74
6773000: system.cpu: T0 : 0x105d6    : lw a5, -36(s0)             : MemRead :  D=0x0000000000000042 A=0x7ffffffffffffd7c
6773500: system.cpu: T0 : 0x105da    : c_addiw a5, 1              : IntAlu :  D=0x0000000000000043
6774000: system.cpu: T0 : 0x105dc    : sw a5, -36(s0)             : MemWrite :  D=0x0000000000000043 A=0x7ffffffffffffd7c
6774500: system.cpu: T0 : 0x105e0    : addiw a5, s1, 1            : IntAlu :  D=0x0000000000000007
6775000: system.cpu: T0 : 0x105e4    : addiw s1, a5, 0            : IntAlu :  D=0x0000000000000007
6775500: system.cpu: T0 : 0x105e8    : c_mv a4, s1                : IntAlu :  D=0x0000000000000007
6776000: system.cpu: T0 : 0x105ea    : c_li a5, 9                 : IntAlu :  D=0x0000000000000009
6776500: system.cpu: T0 : 0x105ec    : bge a5, a4, -136           : IntAlu : 
6777000: system.cpu: T0 : 0x10564    : c_mv a4, s2                : IntAlu :  D=0x0000000000000006
6777500: system.cpu: T0 : 0x10566    : c_mv a5, a4                : IntAlu :  D=0x0000000000000006
6778000: system.cpu: T0 : 0x10568    : c_slli a5, 2               : IntAlu :  D=0x0000000000000018
6778500: system.cpu: T0 : 0x1056a    : c_add a5, a4               : IntAlu :  D=0x000000000000001e
6779000: system.cpu: T0 : 0x1056c    : c_slli a5, 3               : IntAlu :  D=0x00000000000000f0
6779500: system.cpu: T0 : 0x1056e    : c_mv a4, a5                : IntAlu :  D=0x00000000000000f0
6780000: system.cpu: T0 : 0x10570    : ld a5, -56(s0)             : MemRead :  D=0x0000000000071990 A=0x7ffffffffffffd68
6780500: system.cpu: T0 : 0x10574    : c_add a4, a5               : IntAlu :  D=0x0000000000071a80
6781500: system.cpu: T0 : 0x10576    : slli a5, s1, 2             : IntAlu :  D=0x000000000000001c
6782000: system.cpu: T0 : 0x1057a    : c_add a5, a4               : IntAlu :  D=0x0000000000071a9c
6782500: system.cpu: T0 : 0x1057c    : c_lw a5, 0(a5)             : MemRead :  D=0x000000000000010e A=0x71a9c
6783500: system.cpu: T0 : 0x1057e    : bge a5, zero, 52           : IntAlu : 
6784000: system.cpu: T0 : 0x105b2    : c_mv a4, s2                : IntAlu :  D=0x0000000000000006
6784500: system.cpu: T0 : 0x105b4    : c_mv a5, a4                : IntAlu :  D=0x0000000000000006
6785000: system.cpu: T0 : 0x105b6    : c_slli a5, 2               : IntAlu :  D=0x0000000000000018
6785500: system.cpu: T0 : 0x105b8    : c_add a5, a4               : IntAlu :  D=0x000000000000001e
6786000: system.cpu: T0 : 0x105ba    : c_slli a5, 3               : IntAlu :  D=0x00000000000000f0
6786500: system.cpu: T0 : 0x105bc    : c_mv a4, a5                : IntAlu :  D=0x00000000000000f0
6787500: system.cpu: T0 : 0x105be    : ld a5, -56(s0)             : MemRead :  D=0x0000000000071990 A=0x7ffffffffffffd68
6788000: system.cpu: T0 : 0x105c2    : c_add a4, a5               : IntAlu :  D=0x0000000000071a80
6788500: system.cpu: T0 : 0x105c4    : slli a5, s1, 2             : IntAlu :  D=0x000000000000001c
6789000: system.cpu: T0 : 0x105c8    : c_add a5, a4               : IntAlu :  D=0x0000000000071a9c
6789500: system.cpu: T0 : 0x105ca    : c_lw a5, 0(a5)             : MemRead :  D=0x000000000000010e A=0x71a9c
6790000: system.cpu: T0 : 0x105cc    : lw a4, -44(s0)             : MemRead :  D=0x0000000000041d67 A=0x7ffffffffffffd74
6790500: system.cpu: T0 : 0x105d0    : c_addw a5, a4              : IntAlu :  D=0x0000000000041e75
6791500: system.cpu: T0 : 0x105d2    : sw a5, -44(s0)             : MemWrite :  D=0x0000000000041e75 A=0x7ffffffffffffd74
6792500: system.cpu: T0 : 0x105d6    : lw a5, -36(s0)             : MemRead :  D=0x0000000000000043 A=0x7ffffffffffffd7c
6793000: system.cpu: T0 : 0x105da    : c_addiw a5, 1              : IntAlu :  D=0x0000000000000044
6793500: system.cpu: T0 : 0x105dc    : sw a5, -36(s0)             : MemWrite :  D=0x0000000000000044 A=0x7ffffffffffffd7c
6794000: system.cpu: T0 : 0x105e0    : addiw a5, s1, 1            : IntAlu :  D=0x0000000000000008
6794500: system.cpu: T0 : 0x105e4    : addiw s1, a5, 0            : IntAlu :  D=0x0000000000000008
6795000: system.cpu: T0 : 0x105e8    : c_mv a4, s1                : IntAlu :  D=0x0000000000000008
6795500: system.cpu: T0 : 0x105ea    : c_li a5, 9                 : IntAlu :  D=0x0000000000000009
6796000: system.cpu: T0 : 0x105ec    : bge a5, a4, -136           : IntAlu : 
6796500: system.cpu: T0 : 0x10564    : c_mv a4, s2                : IntAlu :  D=0x0000000000000006
6797000: system.cpu: T0 : 0x10566    : c_mv a5, a4                : IntAlu :  D=0x0000000000000006
6797500: system.cpu: T0 : 0x10568    : c_slli a5, 2               : IntAlu :  D=0x0000000000000018
6798000: system.cpu: T0 : 0x1056a    : c_add a5, a4               : IntAlu :  D=0x000000000000001e
6798500: system.cpu: T0 : 0x1056c    : c_slli a5, 3               : IntAlu :  D=0x00000000000000f0
6799000: system.cpu: T0 : 0x1056e    : c_mv a4, a5                : IntAlu :  D=0x00000000000000f0
6799500: system.cpu: T0 : 0x10570    : ld a5, -56(s0)             : MemRead :  D=0x0000000000071990 A=0x7ffffffffffffd68
6800000: system.cpu: T0 : 0x10574    : c_add a4, a5               : IntAlu :  D=0x0000000000071a80
6801000: system.cpu: T0 : 0x10576    : slli a5, s1, 2             : IntAlu :  D=0x0000000000000020
6801500: system.cpu: T0 : 0x1057a    : c_add a5, a4               : IntAlu :  D=0x0000000000071aa0
6802000: system.cpu: T0 : 0x1057c    : c_lw a5, 0(a5)             : MemRead :  D=0x0000000000000e1b A=0x71aa0
6803000: system.cpu: T0 : 0x1057e    : bge a5, zero, 52           : IntAlu : 
6803500: system.cpu: T0 : 0x105b2    : c_mv a4, s2                : IntAlu :  D=0x0000000000000006
6804000: system.cpu: T0 : 0x105b4    : c_mv a5, a4                : IntAlu :  D=0x0000000000000006
6804500: system.cpu: T0 : 0x105b6    : c_slli a5, 2               : IntAlu :  D=0x0000000000000018
6805000: system.cpu: T0 : 0x105b8    : c_add a5, a4               : IntAlu :  D=0x000000000000001e
6805500: system.cpu: T0 : 0x105ba    : c_slli a5, 3               : IntAlu :  D=0x00000000000000f0
6806000: system.cpu: T0 : 0x105bc    : c_mv a4, a5                : IntAlu :  D=0x00000000000000f0
6807000: system.cpu: T0 : 0x105be    : ld a5, -56(s0)             : MemRead :  D=0x0000000000071990 A=0x7ffffffffffffd68
6807500: system.cpu: T0 : 0x105c2    : c_add a4, a5               : IntAlu :  D=0x0000000000071a80
6808000: system.cpu: T0 : 0x105c4    : slli a5, s1, 2             : IntAlu :  D=0x0000000000000020
6808500: system.cpu: T0 : 0x105c8    : c_add a5, a4               : IntAlu :  D=0x0000000000071aa0
6809000: system.cpu: T0 : 0x105ca    : c_lw a5, 0(a5)             : MemRead :  D=0x0000000000000e1b A=0x71aa0
6809500: system.cpu: T0 : 0x105cc    : lw a4, -44(s0)             : MemRead :  D=0x0000000000041e75 A=0x7ffffffffffffd74
6810000: system.cpu: T0 : 0x105d0    : c_addw a5, a4              : IntAlu :  D=0x0000000000042c90
6811000: system.cpu: T0 : 0x105d2    : sw a5, -44(s0)             : MemWrite :  D=0x0000000000042c90 A=0x7ffffffffffffd74
6812000: system.cpu: T0 : 0x105d6    : lw a5, -36(s0)             : MemRead :  D=0x0000000000000044 A=0x7ffffffffffffd7c
6812500: system.cpu: T0 : 0x105da    : c_addiw a5, 1              : IntAlu :  D=0x0000000000000045
6813000: system.cpu: T0 : 0x105dc    : sw a5, -36(s0)             : MemWrite :  D=0x0000000000000045 A=0x7ffffffffffffd7c
6813500: system.cpu: T0 : 0x105e0    : addiw a5, s1, 1            : IntAlu :  D=0x0000000000000009
6814000: system.cpu: T0 : 0x105e4    : addiw s1, a5, 0            : IntAlu :  D=0x0000000000000009
6814500: system.cpu: T0 : 0x105e8    : c_mv a4, s1                : IntAlu :  D=0x0000000000000009
6815000: system.cpu: T0 : 0x105ea    : c_li a5, 9                 : IntAlu :  D=0x0000000000000009
6815500: system.cpu: T0 : 0x105ec    : bge a5, a4, -136           : IntAlu : 
6816000: system.cpu: T0 : 0x10564    : c_mv a4, s2                : IntAlu :  D=0x0000000000000006
6816500: system.cpu: T0 : 0x10566    : c_mv a5, a4                : IntAlu :  D=0x0000000000000006
6817000: system.cpu: T0 : 0x10568    : c_slli a5, 2               : IntAlu :  D=0x0000000000000018
6817500: system.cpu: T0 : 0x1056a    : c_add a5, a4               : IntAlu :  D=0x000000000000001e
6818000: system.cpu: T0 : 0x1056c    : c_slli a5, 3               : IntAlu :  D=0x00000000000000f0
6818500: system.cpu: T0 : 0x1056e    : c_mv a4, a5                : IntAlu :  D=0x00000000000000f0
6819000: system.cpu: T0 : 0x10570    : ld a5, -56(s0)             : MemRead :  D=0x0000000000071990 A=0x7ffffffffffffd68
6819500: system.cpu: T0 : 0x10574    : c_add a4, a5               : IntAlu :  D=0x0000000000071a80
6820500: system.cpu: T0 : 0x10576    : slli a5, s1, 2             : IntAlu :  D=0x0000000000000024
6821000: system.cpu: T0 : 0x1057a    : c_add a5, a4               : IntAlu :  D=0x0000000000071aa4
6821500: system.cpu: T0 : 0x1057c    : c_lw a5, 0(a5)             : MemRead :  D=0x0000000000000ab3 A=0x71aa4
6822500: system.cpu: T0 : 0x1057e    : bge a5, zero, 52           : IntAlu : 
6823000: system.cpu: T0 : 0x105b2    : c_mv a4, s2                : IntAlu :  D=0x0000000000000006
6823500: system.cpu: T0 : 0x105b4    : c_mv a5, a4                : IntAlu :  D=0x0000000000000006
6824000: system.cpu: T0 : 0x105b6    : c_slli a5, 2               : IntAlu :  D=0x0000000000000018
6824500: system.cpu: T0 : 0x105b8    : c_add a5, a4               : IntAlu :  D=0x000000000000001e
6825000: system.cpu: T0 : 0x105ba    : c_slli a5, 3               : IntAlu :  D=0x00000000000000f0
6825500: system.cpu: T0 : 0x105bc    : c_mv a4, a5                : IntAlu :  D=0x00000000000000f0
6826500: system.cpu: T0 : 0x105be    : ld a5, -56(s0)             : MemRead :  D=0x0000000000071990 A=0x7ffffffffffffd68
6827000: system.cpu: T0 : 0x105c2    : c_add a4, a5               : IntAlu :  D=0x0000000000071a80
6827500: system.cpu: T0 : 0x105c4    : slli a5, s1, 2             : IntAlu :  D=0x0000000000000024
6828000: system.cpu: T0 : 0x105c8    : c_add a5, a4               : IntAlu :  D=0x0000000000071aa4
6828500: system.cpu: T0 : 0x105ca    : c_lw a5, 0(a5)             : MemRead :  D=0x0000000000000ab3 A=0x71aa4
6829000: system.cpu: T0 : 0x105cc    : lw a4, -44(s0)             : MemRead :  D=0x0000000000042c90 A=0x7ffffffffffffd74
6829500: system.cpu: T0 : 0x105d0    : c_addw a5, a4              : IntAlu :  D=0x0000000000043743
6830500: system.cpu: T0 : 0x105d2    : sw a5, -44(s0)             : MemWrite :  D=0x0000000000043743 A=0x7ffffffffffffd74
6831500: system.cpu: T0 : 0x105d6    : lw a5, -36(s0)             : MemRead :  D=0x0000000000000045 A=0x7ffffffffffffd7c
6832000: system.cpu: T0 : 0x105da    : c_addiw a5, 1              : IntAlu :  D=0x0000000000000046
6832500: system.cpu: T0 : 0x105dc    : sw a5, -36(s0)             : MemWrite :  D=0x0000000000000046 A=0x7ffffffffffffd7c
6833000: system.cpu: T0 : 0x105e0    : addiw a5, s1, 1            : IntAlu :  D=0x000000000000000a
6833500: system.cpu: T0 : 0x105e4    : addiw s1, a5, 0            : IntAlu :  D=0x000000000000000a
6834000: system.cpu: T0 : 0x105e8    : c_mv a4, s1                : IntAlu :  D=0x000000000000000a
6834500: system.cpu: T0 : 0x105ea    : c_li a5, 9                 : IntAlu :  D=0x0000000000000009
6835000: system.cpu: T0 : 0x105ec    : bge a5, a4, -136           : IntAlu : 
6835500: system.cpu: T0 : 0x105f0    : addiw a5, s2, 1            : IntAlu :  D=0x0000000000000007
6836000: system.cpu: T0 : 0x105f4    : addiw s2, a5, 0            : IntAlu :  D=0x0000000000000007
6836500: system.cpu: T0 : 0x105f8    : c_mv a4, s2                : IntAlu :  D=0x0000000000000007
6837000: system.cpu: T0 : 0x105fa    : c_li a5, 9                 : IntAlu :  D=0x0000000000000009
6837500: system.cpu: T0 : 0x105fc    : bge a5, a4, -156           : IntAlu : 
6838000: system.cpu: T0 : 0x10560    : c_li s1, 0                 : IntAlu :  D=0x0000000000000000
6838500: system.cpu: T0 : 0x10562    : c_j 134                    : IntAlu : 
6839000: system.cpu: T0 : 0x105e8    : c_mv a4, s1                : IntAlu :  D=0x0000000000000000
6839500: system.cpu: T0 : 0x105ea    : c_li a5, 9                 : IntAlu :  D=0x0000000000000009
6840000: system.cpu: T0 : 0x105ec    : bge a5, a4, -136           : IntAlu : 
6840500: system.cpu: T0 : 0x10564    : c_mv a4, s2                : IntAlu :  D=0x0000000000000007
6841000: system.cpu: T0 : 0x10566    : c_mv a5, a4                : IntAlu :  D=0x0000000000000007
6841500: system.cpu: T0 : 0x10568    : c_slli a5, 2               : IntAlu :  D=0x000000000000001c
6842000: system.cpu: T0 : 0x1056a    : c_add a5, a4               : IntAlu :  D=0x0000000000000023
6842500: system.cpu: T0 : 0x1056c    : c_slli a5, 3               : IntAlu :  D=0x0000000000000118
6843000: system.cpu: T0 : 0x1056e    : c_mv a4, a5                : IntAlu :  D=0x0000000000000118
6843500: system.cpu: T0 : 0x10570    : ld a5, -56(s0)             : MemRead :  D=0x0000000000071990 A=0x7ffffffffffffd68
6844000: system.cpu: T0 : 0x10574    : c_add a4, a5               : IntAlu :  D=0x0000000000071aa8
6845000: system.cpu: T0 : 0x10576    : slli a5, s1, 2             : IntAlu :  D=0x0000000000000000
6845500: system.cpu: T0 : 0x1057a    : c_add a5, a4               : IntAlu :  D=0x0000000000071aa8
6846000: system.cpu: T0 : 0x1057c    : c_lw a5, 0(a5)             : MemRead :  D=0x000000000000005d A=0x71aa8
6847000: system.cpu: T0 : 0x1057e    : bge a5, zero, 52           : IntAlu : 
6847500: system.cpu: T0 : 0x105b2    : c_mv a4, s2                : IntAlu :  D=0x0000000000000007
6848000: system.cpu: T0 : 0x105b4    : c_mv a5, a4                : IntAlu :  D=0x0000000000000007
6848500: system.cpu: T0 : 0x105b6    : c_slli a5, 2               : IntAlu :  D=0x000000000000001c
6849000: system.cpu: T0 : 0x105b8    : c_add a5, a4               : IntAlu :  D=0x0000000000000023
6849500: system.cpu: T0 : 0x105ba    : c_slli a5, 3               : IntAlu :  D=0x0000000000000118
6850000: system.cpu: T0 : 0x105bc    : c_mv a4, a5                : IntAlu :  D=0x0000000000000118
6851000: system.cpu: T0 : 0x105be    : ld a5, -56(s0)             : MemRead :  D=0x0000000000071990 A=0x7ffffffffffffd68
6851500: system.cpu: T0 : 0x105c2    : c_add a4, a5               : IntAlu :  D=0x0000000000071aa8
6852000: system.cpu: T0 : 0x105c4    : slli a5, s1, 2             : IntAlu :  D=0x0000000000000000
6852500: system.cpu: T0 : 0x105c8    : c_add a5, a4               : IntAlu :  D=0x0000000000071aa8
6853000: system.cpu: T0 : 0x105ca    : c_lw a5, 0(a5)             : MemRead :  D=0x000000000000005d A=0x71aa8
6853500: system.cpu: T0 : 0x105cc    : lw a4, -44(s0)             : MemRead :  D=0x0000000000043743 A=0x7ffffffffffffd74
6854000: system.cpu: T0 : 0x105d0    : c_addw a5, a4              : IntAlu :  D=0x00000000000437a0
6855000: system.cpu: T0 : 0x105d2    : sw a5, -44(s0)             : MemWrite :  D=0x00000000000437a0 A=0x7ffffffffffffd74
6856000: system.cpu: T0 : 0x105d6    : lw a5, -36(s0)             : MemRead :  D=0x0000000000000046 A=0x7ffffffffffffd7c
6856500: system.cpu: T0 : 0x105da    : c_addiw a5, 1              : IntAlu :  D=0x0000000000000047
6857000: system.cpu: T0 : 0x105dc    : sw a5, -36(s0)             : MemWrite :  D=0x0000000000000047 A=0x7ffffffffffffd7c
6857500: system.cpu: T0 : 0x105e0    : addiw a5, s1, 1            : IntAlu :  D=0x0000000000000001
6858000: system.cpu: T0 : 0x105e4    : addiw s1, a5, 0            : IntAlu :  D=0x0000000000000001
6858500: system.cpu: T0 : 0x105e8    : c_mv a4, s1                : IntAlu :  D=0x0000000000000001
6859000: system.cpu: T0 : 0x105ea    : c_li a5, 9                 : IntAlu :  D=0x0000000000000009
6859500: system.cpu: T0 : 0x105ec    : bge a5, a4, -136           : IntAlu : 
6860000: system.cpu: T0 : 0x10564    : c_mv a4, s2                : IntAlu :  D=0x0000000000000007
6860500: system.cpu: T0 : 0x10566    : c_mv a5, a4                : IntAlu :  D=0x0000000000000007
6861000: system.cpu: T0 : 0x10568    : c_slli a5, 2               : IntAlu :  D=0x000000000000001c
6861500: system.cpu: T0 : 0x1056a    : c_add a5, a4               : IntAlu :  D=0x0000000000000023
6862000: system.cpu: T0 : 0x1056c    : c_slli a5, 3               : IntAlu :  D=0x0000000000000118
6862500: system.cpu: T0 : 0x1056e    : c_mv a4, a5                : IntAlu :  D=0x0000000000000118
6863000: system.cpu: T0 : 0x10570    : ld a5, -56(s0)             : MemRead :  D=0x0000000000071990 A=0x7ffffffffffffd68
6863500: system.cpu: T0 : 0x10574    : c_add a4, a5               : IntAlu :  D=0x0000000000071aa8
6864500: system.cpu: T0 : 0x10576    : slli a5, s1, 2             : IntAlu :  D=0x0000000000000004
6865000: system.cpu: T0 : 0x1057a    : c_add a5, a4               : IntAlu :  D=0x0000000000071aac
6865500: system.cpu: T0 : 0x1057c    : c_lw a5, 0(a5)             : MemRead :  D=0x0000000000001103 A=0x71aac
6866500: system.cpu: T0 : 0x1057e    : bge a5, zero, 52           : IntAlu : 
6867000: system.cpu: T0 : 0x105b2    : c_mv a4, s2                : IntAlu :  D=0x0000000000000007
6867500: system.cpu: T0 : 0x105b4    : c_mv a5, a4                : IntAlu :  D=0x0000000000000007
6868000: system.cpu: T0 : 0x105b6    : c_slli a5, 2               : IntAlu :  D=0x000000000000001c
6868500: system.cpu: T0 : 0x105b8    : c_add a5, a4               : IntAlu :  D=0x0000000000000023
6869000: system.cpu: T0 : 0x105ba    : c_slli a5, 3               : IntAlu :  D=0x0000000000000118
6869500: system.cpu: T0 : 0x105bc    : c_mv a4, a5                : IntAlu :  D=0x0000000000000118
6870500: system.cpu: T0 : 0x105be    : ld a5, -56(s0)             : MemRead :  D=0x0000000000071990 A=0x7ffffffffffffd68
6871000: system.cpu: T0 : 0x105c2    : c_add a4, a5               : IntAlu :  D=0x0000000000071aa8
6871500: system.cpu: T0 : 0x105c4    : slli a5, s1, 2             : IntAlu :  D=0x0000000000000004
6872000: system.cpu: T0 : 0x105c8    : c_add a5, a4               : IntAlu :  D=0x0000000000071aac
6872500: system.cpu: T0 : 0x105ca    : c_lw a5, 0(a5)             : MemRead :  D=0x0000000000001103 A=0x71aac
6873000: system.cpu: T0 : 0x105cc    : lw a4, -44(s0)             : MemRead :  D=0x00000000000437a0 A=0x7ffffffffffffd74
6873500: system.cpu: T0 : 0x105d0    : c_addw a5, a4              : IntAlu :  D=0x00000000000448a3
6874500: system.cpu: T0 : 0x105d2    : sw a5, -44(s0)             : MemWrite :  D=0x00000000000448a3 A=0x7ffffffffffffd74
6875500: system.cpu: T0 : 0x105d6    : lw a5, -36(s0)             : MemRead :  D=0x0000000000000047 A=0x7ffffffffffffd7c
6876000: system.cpu: T0 : 0x105da    : c_addiw a5, 1              : IntAlu :  D=0x0000000000000048
6876500: system.cpu: T0 : 0x105dc    : sw a5, -36(s0)             : MemWrite :  D=0x0000000000000048 A=0x7ffffffffffffd7c
6877000: system.cpu: T0 : 0x105e0    : addiw a5, s1, 1            : IntAlu :  D=0x0000000000000002
6877500: system.cpu: T0 : 0x105e4    : addiw s1, a5, 0            : IntAlu :  D=0x0000000000000002
6878000: system.cpu: T0 : 0x105e8    : c_mv a4, s1                : IntAlu :  D=0x0000000000000002
6878500: system.cpu: T0 : 0x105ea    : c_li a5, 9                 : IntAlu :  D=0x0000000000000009
6879000: system.cpu: T0 : 0x105ec    : bge a5, a4, -136           : IntAlu : 
6879500: system.cpu: T0 : 0x10564    : c_mv a4, s2                : IntAlu :  D=0x0000000000000007
6880000: system.cpu: T0 : 0x10566    : c_mv a5, a4                : IntAlu :  D=0x0000000000000007
6880500: system.cpu: T0 : 0x10568    : c_slli a5, 2               : IntAlu :  D=0x000000000000001c
6881000: system.cpu: T0 : 0x1056a    : c_add a5, a4               : IntAlu :  D=0x0000000000000023
6881500: system.cpu: T0 : 0x1056c    : c_slli a5, 3               : IntAlu :  D=0x0000000000000118
6882000: system.cpu: T0 : 0x1056e    : c_mv a4, a5                : IntAlu :  D=0x0000000000000118
6882500: system.cpu: T0 : 0x10570    : ld a5, -56(s0)             : MemRead :  D=0x0000000000071990 A=0x7ffffffffffffd68
6883000: system.cpu: T0 : 0x10574    : c_add a4, a5               : IntAlu :  D=0x0000000000071aa8
6884000: system.cpu: T0 : 0x10576    : slli a5, s1, 2             : IntAlu :  D=0x0000000000000008
6884500: system.cpu: T0 : 0x1057a    : c_add a5, a4               : IntAlu :  D=0x0000000000071ab0
6885000: system.cpu: T0 : 0x1057c    : c_lw a5, 0(a5)             : MemRead :  D=0x00000000000011c7 A=0x71ab0
6886000: system.cpu: T0 : 0x1057e    : bge a5, zero, 52           : IntAlu : 
6886500: system.cpu: T0 : 0x105b2    : c_mv a4, s2                : IntAlu :  D=0x0000000000000007
6887000: system.cpu: T0 : 0x105b4    : c_mv a5, a4                : IntAlu :  D=0x0000000000000007
6887500: system.cpu: T0 : 0x105b6    : c_slli a5, 2               : IntAlu :  D=0x000000000000001c
6888000: system.cpu: T0 : 0x105b8    : c_add a5, a4               : IntAlu :  D=0x0000000000000023
6888500: system.cpu: T0 : 0x105ba    : c_slli a5, 3               : IntAlu :  D=0x0000000000000118
6889000: system.cpu: T0 : 0x105bc    : c_mv a4, a5                : IntAlu :  D=0x0000000000000118
6890000: system.cpu: T0 : 0x105be    : ld a5, -56(s0)             : MemRead :  D=0x0000000000071990 A=0x7ffffffffffffd68
6890500: system.cpu: T0 : 0x105c2    : c_add a4, a5               : IntAlu :  D=0x0000000000071aa8
6891000: system.cpu: T0 : 0x105c4    : slli a5, s1, 2             : IntAlu :  D=0x0000000000000008
6891500: system.cpu: T0 : 0x105c8    : c_add a5, a4               : IntAlu :  D=0x0000000000071ab0
6892000: system.cpu: T0 : 0x105ca    : c_lw a5, 0(a5)             : MemRead :  D=0x00000000000011c7 A=0x71ab0
6892500: system.cpu: T0 : 0x105cc    : lw a4, -44(s0)             : MemRead :  D=0x00000000000448a3 A=0x7ffffffffffffd74
6893000: system.cpu: T0 : 0x105d0    : c_addw a5, a4              : IntAlu :  D=0x0000000000045a6a
6894000: system.cpu: T0 : 0x105d2    : sw a5, -44(s0)             : MemWrite :  D=0x0000000000045a6a A=0x7ffffffffffffd74
6895000: system.cpu: T0 : 0x105d6    : lw a5, -36(s0)             : MemRead :  D=0x0000000000000048 A=0x7ffffffffffffd7c
6895500: system.cpu: T0 : 0x105da    : c_addiw a5, 1              : IntAlu :  D=0x0000000000000049
6896000: system.cpu: T0 : 0x105dc    : sw a5, -36(s0)             : MemWrite :  D=0x0000000000000049 A=0x7ffffffffffffd7c
6896500: system.cpu: T0 : 0x105e0    : addiw a5, s1, 1            : IntAlu :  D=0x0000000000000003
6897000: system.cpu: T0 : 0x105e4    : addiw s1, a5, 0            : IntAlu :  D=0x0000000000000003
6897500: system.cpu: T0 : 0x105e8    : c_mv a4, s1                : IntAlu :  D=0x0000000000000003
6898000: system.cpu: T0 : 0x105ea    : c_li a5, 9                 : IntAlu :  D=0x0000000000000009
6898500: system.cpu: T0 : 0x105ec    : bge a5, a4, -136           : IntAlu : 
6899000: system.cpu: T0 : 0x10564    : c_mv a4, s2                : IntAlu :  D=0x0000000000000007
6899500: system.cpu: T0 : 0x10566    : c_mv a5, a4                : IntAlu :  D=0x0000000000000007
6900000: system.cpu: T0 : 0x10568    : c_slli a5, 2               : IntAlu :  D=0x000000000000001c
6900500: system.cpu: T0 : 0x1056a    : c_add a5, a4               : IntAlu :  D=0x0000000000000023
6901000: system.cpu: T0 : 0x1056c    : c_slli a5, 3               : IntAlu :  D=0x0000000000000118
6901500: system.cpu: T0 : 0x1056e    : c_mv a4, a5                : IntAlu :  D=0x0000000000000118
6902000: system.cpu: T0 : 0x10570    : ld a5, -56(s0)             : MemRead :  D=0x0000000000071990 A=0x7ffffffffffffd68
6902500: system.cpu: T0 : 0x10574    : c_add a4, a5               : IntAlu :  D=0x0000000000071aa8
6903500: system.cpu: T0 : 0x10576    : slli a5, s1, 2             : IntAlu :  D=0x000000000000000c
6904000: system.cpu: T0 : 0x1057a    : c_add a5, a4               : IntAlu :  D=0x0000000000071ab4
6904500: system.cpu: T0 : 0x1057c    : c_lw a5, 0(a5)             : MemRead :  D=0x00000000000018be A=0x71ab4
6905500: system.cpu: T0 : 0x1057e    : bge a5, zero, 52           : IntAlu : 
6906000: system.cpu: T0 : 0x105b2    : c_mv a4, s2                : IntAlu :  D=0x0000000000000007
6906500: system.cpu: T0 : 0x105b4    : c_mv a5, a4                : IntAlu :  D=0x0000000000000007
6907000: system.cpu: T0 : 0x105b6    : c_slli a5, 2               : IntAlu :  D=0x000000000000001c
6907500: system.cpu: T0 : 0x105b8    : c_add a5, a4               : IntAlu :  D=0x0000000000000023
6908000: system.cpu: T0 : 0x105ba    : c_slli a5, 3               : IntAlu :  D=0x0000000000000118
6908500: system.cpu: T0 : 0x105bc    : c_mv a4, a5                : IntAlu :  D=0x0000000000000118
6909500: system.cpu: T0 : 0x105be    : ld a5, -56(s0)             : MemRead :  D=0x0000000000071990 A=0x7ffffffffffffd68
6910000: system.cpu: T0 : 0x105c2    : c_add a4, a5               : IntAlu :  D=0x0000000000071aa8
6910500: system.cpu: T0 : 0x105c4    : slli a5, s1, 2             : IntAlu :  D=0x000000000000000c
6911000: system.cpu: T0 : 0x105c8    : c_add a5, a4               : IntAlu :  D=0x0000000000071ab4
6911500: system.cpu: T0 : 0x105ca    : c_lw a5, 0(a5)             : MemRead :  D=0x00000000000018be A=0x71ab4
6912000: system.cpu: T0 : 0x105cc    : lw a4, -44(s0)             : MemRead :  D=0x0000000000045a6a A=0x7ffffffffffffd74
6912500: system.cpu: T0 : 0x105d0    : c_addw a5, a4              : IntAlu :  D=0x0000000000047328
6913500: system.cpu: T0 : 0x105d2    : sw a5, -44(s0)             : MemWrite :  D=0x0000000000047328 A=0x7ffffffffffffd74
6914500: system.cpu: T0 : 0x105d6    : lw a5, -36(s0)             : MemRead :  D=0x0000000000000049 A=0x7ffffffffffffd7c
6915000: system.cpu: T0 : 0x105da    : c_addiw a5, 1              : IntAlu :  D=0x000000000000004a
6915500: system.cpu: T0 : 0x105dc    : sw a5, -36(s0)             : MemWrite :  D=0x000000000000004a A=0x7ffffffffffffd7c
6916000: system.cpu: T0 : 0x105e0    : addiw a5, s1, 1            : IntAlu :  D=0x0000000000000004
6916500: system.cpu: T0 : 0x105e4    : addiw s1, a5, 0            : IntAlu :  D=0x0000000000000004
6917000: system.cpu: T0 : 0x105e8    : c_mv a4, s1                : IntAlu :  D=0x0000000000000004
6917500: system.cpu: T0 : 0x105ea    : c_li a5, 9                 : IntAlu :  D=0x0000000000000009
6918000: system.cpu: T0 : 0x105ec    : bge a5, a4, -136           : IntAlu : 
6918500: system.cpu: T0 : 0x10564    : c_mv a4, s2                : IntAlu :  D=0x0000000000000007
6919000: system.cpu: T0 : 0x10566    : c_mv a5, a4                : IntAlu :  D=0x0000000000000007
6919500: system.cpu: T0 : 0x10568    : c_slli a5, 2               : IntAlu :  D=0x000000000000001c
6920000: system.cpu: T0 : 0x1056a    : c_add a5, a4               : IntAlu :  D=0x0000000000000023
6920500: system.cpu: T0 : 0x1056c    : c_slli a5, 3               : IntAlu :  D=0x0000000000000118
6921000: system.cpu: T0 : 0x1056e    : c_mv a4, a5                : IntAlu :  D=0x0000000000000118
6921500: system.cpu: T0 : 0x10570    : ld a5, -56(s0)             : MemRead :  D=0x0000000000071990 A=0x7ffffffffffffd68
6922000: system.cpu: T0 : 0x10574    : c_add a4, a5               : IntAlu :  D=0x0000000000071aa8
6923000: system.cpu: T0 : 0x10576    : slli a5, s1, 2             : IntAlu :  D=0x0000000000000010
6923500: system.cpu: T0 : 0x1057a    : c_add a5, a4               : IntAlu :  D=0x0000000000071ab8
6924000: system.cpu: T0 : 0x1057c    : c_lw a5, 0(a5)             : MemRead :  D=0x000000000000026f A=0x71ab8
6925000: system.cpu: T0 : 0x1057e    : bge a5, zero, 52           : IntAlu : 
6925500: system.cpu: T0 : 0x105b2    : c_mv a4, s2                : IntAlu :  D=0x0000000000000007
6926000: system.cpu: T0 : 0x105b4    : c_mv a5, a4                : IntAlu :  D=0x0000000000000007
6926500: system.cpu: T0 : 0x105b6    : c_slli a5, 2               : IntAlu :  D=0x000000000000001c
6927000: system.cpu: T0 : 0x105b8    : c_add a5, a4               : IntAlu :  D=0x0000000000000023
6927500: system.cpu: T0 : 0x105ba    : c_slli a5, 3               : IntAlu :  D=0x0000000000000118
6928000: system.cpu: T0 : 0x105bc    : c_mv a4, a5                : IntAlu :  D=0x0000000000000118
6929000: system.cpu: T0 : 0x105be    : ld a5, -56(s0)             : MemRead :  D=0x0000000000071990 A=0x7ffffffffffffd68
6929500: system.cpu: T0 : 0x105c2    : c_add a4, a5               : IntAlu :  D=0x0000000000071aa8
6930000: system.cpu: T0 : 0x105c4    : slli a5, s1, 2             : IntAlu :  D=0x0000000000000010
6930500: system.cpu: T0 : 0x105c8    : c_add a5, a4               : IntAlu :  D=0x0000000000071ab8
6931000: system.cpu: T0 : 0x105ca    : c_lw a5, 0(a5)             : MemRead :  D=0x000000000000026f A=0x71ab8
6931500: system.cpu: T0 : 0x105cc    : lw a4, -44(s0)             : MemRead :  D=0x0000000000047328 A=0x7ffffffffffffd74
6932000: system.cpu: T0 : 0x105d0    : c_addw a5, a4              : IntAlu :  D=0x0000000000047597
6933000: system.cpu: T0 : 0x105d2    : sw a5, -44(s0)             : MemWrite :  D=0x0000000000047597 A=0x7ffffffffffffd74
6934000: system.cpu: T0 : 0x105d6    : lw a5, -36(s0)             : MemRead :  D=0x000000000000004a A=0x7ffffffffffffd7c
6934500: system.cpu: T0 : 0x105da    : c_addiw a5, 1              : IntAlu :  D=0x000000000000004b
6935000: system.cpu: T0 : 0x105dc    : sw a5, -36(s0)             : MemWrite :  D=0x000000000000004b A=0x7ffffffffffffd7c
6935500: system.cpu: T0 : 0x105e0    : addiw a5, s1, 1            : IntAlu :  D=0x0000000000000005
6936000: system.cpu: T0 : 0x105e4    : addiw s1, a5, 0            : IntAlu :  D=0x0000000000000005
6936500: system.cpu: T0 : 0x105e8    : c_mv a4, s1                : IntAlu :  D=0x0000000000000005
6937000: system.cpu: T0 : 0x105ea    : c_li a5, 9                 : IntAlu :  D=0x0000000000000009
6937500: system.cpu: T0 : 0x105ec    : bge a5, a4, -136           : IntAlu : 
6938000: system.cpu: T0 : 0x10564    : c_mv a4, s2                : IntAlu :  D=0x0000000000000007
6938500: system.cpu: T0 : 0x10566    : c_mv a5, a4                : IntAlu :  D=0x0000000000000007
6939000: system.cpu: T0 : 0x10568    : c_slli a5, 2               : IntAlu :  D=0x000000000000001c
6939500: system.cpu: T0 : 0x1056a    : c_add a5, a4               : IntAlu :  D=0x0000000000000023
6940000: system.cpu: T0 : 0x1056c    : c_slli a5, 3               : IntAlu :  D=0x0000000000000118
6940500: system.cpu: T0 : 0x1056e    : c_mv a4, a5                : IntAlu :  D=0x0000000000000118
6941000: system.cpu: T0 : 0x10570    : ld a5, -56(s0)             : MemRead :  D=0x0000000000071990 A=0x7ffffffffffffd68
6941500: system.cpu: T0 : 0x10574    : c_add a4, a5               : IntAlu :  D=0x0000000000071aa8
6942500: system.cpu: T0 : 0x10576    : slli a5, s1, 2             : IntAlu :  D=0x0000000000000014
6943000: system.cpu: T0 : 0x1057a    : c_add a5, a4               : IntAlu :  D=0x0000000000071abc
6943500: system.cpu: T0 : 0x1057c    : c_lw a5, 0(a5)             : MemRead :  D=0x00000000000007c6 A=0x71abc
6944500: system.cpu: T0 : 0x1057e    : bge a5, zero, 52           : IntAlu : 
6945000: system.cpu: T0 : 0x105b2    : c_mv a4, s2                : IntAlu :  D=0x0000000000000007
6945500: system.cpu: T0 : 0x105b4    : c_mv a5, a4                : IntAlu :  D=0x0000000000000007
6946000: system.cpu: T0 : 0x105b6    : c_slli a5, 2               : IntAlu :  D=0x000000000000001c
6946500: system.cpu: T0 : 0x105b8    : c_add a5, a4               : IntAlu :  D=0x0000000000000023
6947000: system.cpu: T0 : 0x105ba    : c_slli a5, 3               : IntAlu :  D=0x0000000000000118
6947500: system.cpu: T0 : 0x105bc    : c_mv a4, a5                : IntAlu :  D=0x0000000000000118
6948500: system.cpu: T0 : 0x105be    : ld a5, -56(s0)             : MemRead :  D=0x0000000000071990 A=0x7ffffffffffffd68
6949000: system.cpu: T0 : 0x105c2    : c_add a4, a5               : IntAlu :  D=0x0000000000071aa8
6949500: system.cpu: T0 : 0x105c4    : slli a5, s1, 2             : IntAlu :  D=0x0000000000000014
6950000: system.cpu: T0 : 0x105c8    : c_add a5, a4               : IntAlu :  D=0x0000000000071abc
6950500: system.cpu: T0 : 0x105ca    : c_lw a5, 0(a5)             : MemRead :  D=0x00000000000007c6 A=0x71abc
6951000: system.cpu: T0 : 0x105cc    : lw a4, -44(s0)             : MemRead :  D=0x0000000000047597 A=0x7ffffffffffffd74
6951500: system.cpu: T0 : 0x105d0    : c_addw a5, a4              : IntAlu :  D=0x0000000000047d5d
6952500: system.cpu: T0 : 0x105d2    : sw a5, -44(s0)             : MemWrite :  D=0x0000000000047d5d A=0x7ffffffffffffd74
6953500: system.cpu: T0 : 0x105d6    : lw a5, -36(s0)             : MemRead :  D=0x000000000000004b A=0x7ffffffffffffd7c
6954000: system.cpu: T0 : 0x105da    : c_addiw a5, 1              : IntAlu :  D=0x000000000000004c
6954500: system.cpu: T0 : 0x105dc    : sw a5, -36(s0)             : MemWrite :  D=0x000000000000004c A=0x7ffffffffffffd7c
6955000: system.cpu: T0 : 0x105e0    : addiw a5, s1, 1            : IntAlu :  D=0x0000000000000006
6955500: system.cpu: T0 : 0x105e4    : addiw s1, a5, 0            : IntAlu :  D=0x0000000000000006
6956000: system.cpu: T0 : 0x105e8    : c_mv a4, s1                : IntAlu :  D=0x0000000000000006
6956500: system.cpu: T0 : 0x105ea    : c_li a5, 9                 : IntAlu :  D=0x0000000000000009
6957000: system.cpu: T0 : 0x105ec    : bge a5, a4, -136           : IntAlu : 
6957500: system.cpu: T0 : 0x10564    : c_mv a4, s2                : IntAlu :  D=0x0000000000000007
6958000: system.cpu: T0 : 0x10566    : c_mv a5, a4                : IntAlu :  D=0x0000000000000007
6958500: system.cpu: T0 : 0x10568    : c_slli a5, 2               : IntAlu :  D=0x000000000000001c
6959000: system.cpu: T0 : 0x1056a    : c_add a5, a4               : IntAlu :  D=0x0000000000000023
6959500: system.cpu: T0 : 0x1056c    : c_slli a5, 3               : IntAlu :  D=0x0000000000000118
6960000: system.cpu: T0 : 0x1056e    : c_mv a4, a5                : IntAlu :  D=0x0000000000000118
6960500: system.cpu: T0 : 0x10570    : ld a5, -56(s0)             : MemRead :  D=0x0000000000071990 A=0x7ffffffffffffd68
6961000: system.cpu: T0 : 0x10574    : c_add a4, a5               : IntAlu :  D=0x0000000000071aa8
6962000: system.cpu: T0 : 0x10576    : slli a5, s1, 2             : IntAlu :  D=0x0000000000000018
6962500: system.cpu: T0 : 0x1057a    : c_add a5, a4               : IntAlu :  D=0x0000000000071ac0
6963000: system.cpu: T0 : 0x1057c    : c_lw a5, 0(a5)             : MemRead :  D=0x000000000000164f A=0x71ac0
6964000: system.cpu: T0 : 0x1057e    : bge a5, zero, 52           : IntAlu : 
6964500: system.cpu: T0 : 0x105b2    : c_mv a4, s2                : IntAlu :  D=0x0000000000000007
6965000: system.cpu: T0 : 0x105b4    : c_mv a5, a4                : IntAlu :  D=0x0000000000000007
6965500: system.cpu: T0 : 0x105b6    : c_slli a5, 2               : IntAlu :  D=0x000000000000001c
6966000: system.cpu: T0 : 0x105b8    : c_add a5, a4               : IntAlu :  D=0x0000000000000023
6966500: system.cpu: T0 : 0x105ba    : c_slli a5, 3               : IntAlu :  D=0x0000000000000118
6967000: system.cpu: T0 : 0x105bc    : c_mv a4, a5                : IntAlu :  D=0x0000000000000118
6968000: system.cpu: T0 : 0x105be    : ld a5, -56(s0)             : MemRead :  D=0x0000000000071990 A=0x7ffffffffffffd68
6968500: system.cpu: T0 : 0x105c2    : c_add a4, a5               : IntAlu :  D=0x0000000000071aa8
6969000: system.cpu: T0 : 0x105c4    : slli a5, s1, 2             : IntAlu :  D=0x0000000000000018
6969500: system.cpu: T0 : 0x105c8    : c_add a5, a4               : IntAlu :  D=0x0000000000071ac0
6970000: system.cpu: T0 : 0x105ca    : c_lw a5, 0(a5)             : MemRead :  D=0x000000000000164f A=0x71ac0
6970500: system.cpu: T0 : 0x105cc    : lw a4, -44(s0)             : MemRead :  D=0x0000000000047d5d A=0x7ffffffffffffd74
6971000: system.cpu: T0 : 0x105d0    : c_addw a5, a4              : IntAlu :  D=0x00000000000493ac
6972000: system.cpu: T0 : 0x105d2    : sw a5, -44(s0)             : MemWrite :  D=0x00000000000493ac A=0x7ffffffffffffd74
6973000: system.cpu: T0 : 0x105d6    : lw a5, -36(s0)             : MemRead :  D=0x000000000000004c A=0x7ffffffffffffd7c
6973500: system.cpu: T0 : 0x105da    : c_addiw a5, 1              : IntAlu :  D=0x000000000000004d
6974000: system.cpu: T0 : 0x105dc    : sw a5, -36(s0)             : MemWrite :  D=0x000000000000004d A=0x7ffffffffffffd7c
6974500: system.cpu: T0 : 0x105e0    : addiw a5, s1, 1            : IntAlu :  D=0x0000000000000007
6975000: system.cpu: T0 : 0x105e4    : addiw s1, a5, 0            : IntAlu :  D=0x0000000000000007
6975500: system.cpu: T0 : 0x105e8    : c_mv a4, s1                : IntAlu :  D=0x0000000000000007
6976000: system.cpu: T0 : 0x105ea    : c_li a5, 9                 : IntAlu :  D=0x0000000000000009
6976500: system.cpu: T0 : 0x105ec    : bge a5, a4, -136           : IntAlu : 
6977000: system.cpu: T0 : 0x10564    : c_mv a4, s2                : IntAlu :  D=0x0000000000000007
6977500: system.cpu: T0 : 0x10566    : c_mv a5, a4                : IntAlu :  D=0x0000000000000007
6978000: system.cpu: T0 : 0x10568    : c_slli a5, 2               : IntAlu :  D=0x000000000000001c
6978500: system.cpu: T0 : 0x1056a    : c_add a5, a4               : IntAlu :  D=0x0000000000000023
6979000: system.cpu: T0 : 0x1056c    : c_slli a5, 3               : IntAlu :  D=0x0000000000000118
6979500: system.cpu: T0 : 0x1056e    : c_mv a4, a5                : IntAlu :  D=0x0000000000000118
6980000: system.cpu: T0 : 0x10570    : ld a5, -56(s0)             : MemRead :  D=0x0000000000071990 A=0x7ffffffffffffd68
6980500: system.cpu: T0 : 0x10574    : c_add a4, a5               : IntAlu :  D=0x0000000000071aa8
6981500: system.cpu: T0 : 0x10576    : slli a5, s1, 2             : IntAlu :  D=0x000000000000001c
6982000: system.cpu: T0 : 0x1057a    : c_add a5, a4               : IntAlu :  D=0x0000000000071ac4
6982500: system.cpu: T0 : 0x1057c    : c_lw a5, 0(a5)             : MemRead :  D=0x0000000000001a99 A=0x71ac4
6983500: system.cpu: T0 : 0x1057e    : bge a5, zero, 52           : IntAlu : 
6984000: system.cpu: T0 : 0x105b2    : c_mv a4, s2                : IntAlu :  D=0x0000000000000007
6984500: system.cpu: T0 : 0x105b4    : c_mv a5, a4                : IntAlu :  D=0x0000000000000007
6985000: system.cpu: T0 : 0x105b6    : c_slli a5, 2               : IntAlu :  D=0x000000000000001c
6985500: system.cpu: T0 : 0x105b8    : c_add a5, a4               : IntAlu :  D=0x0000000000000023
6986000: system.cpu: T0 : 0x105ba    : c_slli a5, 3               : IntAlu :  D=0x0000000000000118
6986500: system.cpu: T0 : 0x105bc    : c_mv a4, a5                : IntAlu :  D=0x0000000000000118
6987500: system.cpu: T0 : 0x105be    : ld a5, -56(s0)             : MemRead :  D=0x0000000000071990 A=0x7ffffffffffffd68
6988000: system.cpu: T0 : 0x105c2    : c_add a4, a5               : IntAlu :  D=0x0000000000071aa8
6988500: system.cpu: T0 : 0x105c4    : slli a5, s1, 2             : IntAlu :  D=0x000000000000001c
6989000: system.cpu: T0 : 0x105c8    : c_add a5, a4               : IntAlu :  D=0x0000000000071ac4
6989500: system.cpu: T0 : 0x105ca    : c_lw a5, 0(a5)             : MemRead :  D=0x0000000000001a99 A=0x71ac4
6990000: system.cpu: T0 : 0x105cc    : lw a4, -44(s0)             : MemRead :  D=0x00000000000493ac A=0x7ffffffffffffd74
6990500: system.cpu: T0 : 0x105d0    : c_addw a5, a4              : IntAlu :  D=0x000000000004ae45
6991500: system.cpu: T0 : 0x105d2    : sw a5, -44(s0)             : MemWrite :  D=0x000000000004ae45 A=0x7ffffffffffffd74
6992500: system.cpu: T0 : 0x105d6    : lw a5, -36(s0)             : MemRead :  D=0x000000000000004d A=0x7ffffffffffffd7c
6993000: system.cpu: T0 : 0x105da    : c_addiw a5, 1              : IntAlu :  D=0x000000000000004e
6993500: system.cpu: T0 : 0x105dc    : sw a5, -36(s0)             : MemWrite :  D=0x000000000000004e A=0x7ffffffffffffd7c
6994000: system.cpu: T0 : 0x105e0    : addiw a5, s1, 1            : IntAlu :  D=0x0000000000000008
6994500: system.cpu: T0 : 0x105e4    : addiw s1, a5, 0            : IntAlu :  D=0x0000000000000008
6995000: system.cpu: T0 : 0x105e8    : c_mv a4, s1                : IntAlu :  D=0x0000000000000008
6995500: system.cpu: T0 : 0x105ea    : c_li a5, 9                 : IntAlu :  D=0x0000000000000009
6996000: system.cpu: T0 : 0x105ec    : bge a5, a4, -136           : IntAlu : 
6996500: system.cpu: T0 : 0x10564    : c_mv a4, s2                : IntAlu :  D=0x0000000000000007
6997000: system.cpu: T0 : 0x10566    : c_mv a5, a4                : IntAlu :  D=0x0000000000000007
6997500: system.cpu: T0 : 0x10568    : c_slli a5, 2               : IntAlu :  D=0x000000000000001c
6998000: system.cpu: T0 : 0x1056a    : c_add a5, a4               : IntAlu :  D=0x0000000000000023
6998500: system.cpu: T0 : 0x1056c    : c_slli a5, 3               : IntAlu :  D=0x0000000000000118
6999000: system.cpu: T0 : 0x1056e    : c_mv a4, a5                : IntAlu :  D=0x0000000000000118
6999500: system.cpu: T0 : 0x10570    : ld a5, -56(s0)             : MemRead :  D=0x0000000000071990 A=0x7ffffffffffffd68
7000000: system.cpu: T0 : 0x10574    : c_add a4, a5               : IntAlu :  D=0x0000000000071aa8
7001000: system.cpu: T0 : 0x10576    : slli a5, s1, 2             : IntAlu :  D=0x0000000000000020
7001500: system.cpu: T0 : 0x1057a    : c_add a5, a4               : IntAlu :  D=0x0000000000071ac8
7002000: system.cpu: T0 : 0x1057c    : c_lw a5, 0(a5)             : MemRead :  D=0x0000000000001bdd A=0x71ac8
7003000: system.cpu: T0 : 0x1057e    : bge a5, zero, 52           : IntAlu : 
7003500: system.cpu: T0 : 0x105b2    : c_mv a4, s2                : IntAlu :  D=0x0000000000000007
7004000: system.cpu: T0 : 0x105b4    : c_mv a5, a4                : IntAlu :  D=0x0000000000000007
7004500: system.cpu: T0 : 0x105b6    : c_slli a5, 2               : IntAlu :  D=0x000000000000001c
7005000: system.cpu: T0 : 0x105b8    : c_add a5, a4               : IntAlu :  D=0x0000000000000023
7005500: system.cpu: T0 : 0x105ba    : c_slli a5, 3               : IntAlu :  D=0x0000000000000118
7006000: system.cpu: T0 : 0x105bc    : c_mv a4, a5                : IntAlu :  D=0x0000000000000118
7007000: system.cpu: T0 : 0x105be    : ld a5, -56(s0)             : MemRead :  D=0x0000000000071990 A=0x7ffffffffffffd68
7007500: system.cpu: T0 : 0x105c2    : c_add a4, a5               : IntAlu :  D=0x0000000000071aa8
7008000: system.cpu: T0 : 0x105c4    : slli a5, s1, 2             : IntAlu :  D=0x0000000000000020
7008500: system.cpu: T0 : 0x105c8    : c_add a5, a4               : IntAlu :  D=0x0000000000071ac8
7009000: system.cpu: T0 : 0x105ca    : c_lw a5, 0(a5)             : MemRead :  D=0x0000000000001bdd A=0x71ac8
7009500: system.cpu: T0 : 0x105cc    : lw a4, -44(s0)             : MemRead :  D=0x000000000004ae45 A=0x7ffffffffffffd74
7010000: system.cpu: T0 : 0x105d0    : c_addw a5, a4              : IntAlu :  D=0x000000000004ca22
7011000: system.cpu: T0 : 0x105d2    : sw a5, -44(s0)             : MemWrite :  D=0x000000000004ca22 A=0x7ffffffffffffd74
7012000: system.cpu: T0 : 0x105d6    : lw a5, -36(s0)             : MemRead :  D=0x000000000000004e A=0x7ffffffffffffd7c
7012500: system.cpu: T0 : 0x105da    : c_addiw a5, 1              : IntAlu :  D=0x000000000000004f
7013000: system.cpu: T0 : 0x105dc    : sw a5, -36(s0)             : MemWrite :  D=0x000000000000004f A=0x7ffffffffffffd7c
7013500: system.cpu: T0 : 0x105e0    : addiw a5, s1, 1            : IntAlu :  D=0x0000000000000009
7014000: system.cpu: T0 : 0x105e4    : addiw s1, a5, 0            : IntAlu :  D=0x0000000000000009
7014500: system.cpu: T0 : 0x105e8    : c_mv a4, s1                : IntAlu :  D=0x0000000000000009
7015000: system.cpu: T0 : 0x105ea    : c_li a5, 9                 : IntAlu :  D=0x0000000000000009
7015500: system.cpu: T0 : 0x105ec    : bge a5, a4, -136           : IntAlu : 
7016000: system.cpu: T0 : 0x10564    : c_mv a4, s2                : IntAlu :  D=0x0000000000000007
7016500: system.cpu: T0 : 0x10566    : c_mv a5, a4                : IntAlu :  D=0x0000000000000007
7017000: system.cpu: T0 : 0x10568    : c_slli a5, 2               : IntAlu :  D=0x000000000000001c
7017500: system.cpu: T0 : 0x1056a    : c_add a5, a4               : IntAlu :  D=0x0000000000000023
7018000: system.cpu: T0 : 0x1056c    : c_slli a5, 3               : IntAlu :  D=0x0000000000000118
7018500: system.cpu: T0 : 0x1056e    : c_mv a4, a5                : IntAlu :  D=0x0000000000000118
7019000: system.cpu: T0 : 0x10570    : ld a5, -56(s0)             : MemRead :  D=0x0000000000071990 A=0x7ffffffffffffd68
7019500: system.cpu: T0 : 0x10574    : c_add a4, a5               : IntAlu :  D=0x0000000000071aa8
7020500: system.cpu: T0 : 0x10576    : slli a5, s1, 2             : IntAlu :  D=0x0000000000000024
7021000: system.cpu: T0 : 0x1057a    : c_add a5, a4               : IntAlu :  D=0x0000000000071acc
7021500: system.cpu: T0 : 0x1057c    : c_lw a5, 0(a5)             : MemRead :  D=0x0000000000000677 A=0x71acc
7022500: system.cpu: T0 : 0x1057e    : bge a5, zero, 52           : IntAlu : 
7023000: system.cpu: T0 : 0x105b2    : c_mv a4, s2                : IntAlu :  D=0x0000000000000007
7023500: system.cpu: T0 : 0x105b4    : c_mv a5, a4                : IntAlu :  D=0x0000000000000007
7024000: system.cpu: T0 : 0x105b6    : c_slli a5, 2               : IntAlu :  D=0x000000000000001c
7024500: system.cpu: T0 : 0x105b8    : c_add a5, a4               : IntAlu :  D=0x0000000000000023
7025000: system.cpu: T0 : 0x105ba    : c_slli a5, 3               : IntAlu :  D=0x0000000000000118
7025500: system.cpu: T0 : 0x105bc    : c_mv a4, a5                : IntAlu :  D=0x0000000000000118
7026500: system.cpu: T0 : 0x105be    : ld a5, -56(s0)             : MemRead :  D=0x0000000000071990 A=0x7ffffffffffffd68
7027000: system.cpu: T0 : 0x105c2    : c_add a4, a5               : IntAlu :  D=0x0000000000071aa8
7027500: system.cpu: T0 : 0x105c4    : slli a5, s1, 2             : IntAlu :  D=0x0000000000000024
7028000: system.cpu: T0 : 0x105c8    : c_add a5, a4               : IntAlu :  D=0x0000000000071acc
7028500: system.cpu: T0 : 0x105ca    : c_lw a5, 0(a5)             : MemRead :  D=0x0000000000000677 A=0x71acc
7029000: system.cpu: T0 : 0x105cc    : lw a4, -44(s0)             : MemRead :  D=0x000000000004ca22 A=0x7ffffffffffffd74
7029500: system.cpu: T0 : 0x105d0    : c_addw a5, a4              : IntAlu :  D=0x000000000004d099
7030500: system.cpu: T0 : 0x105d2    : sw a5, -44(s0)             : MemWrite :  D=0x000000000004d099 A=0x7ffffffffffffd74
7031500: system.cpu: T0 : 0x105d6    : lw a5, -36(s0)             : MemRead :  D=0x000000000000004f A=0x7ffffffffffffd7c
7032000: system.cpu: T0 : 0x105da    : c_addiw a5, 1              : IntAlu :  D=0x0000000000000050
7032500: system.cpu: T0 : 0x105dc    : sw a5, -36(s0)             : MemWrite :  D=0x0000000000000050 A=0x7ffffffffffffd7c
7033000: system.cpu: T0 : 0x105e0    : addiw a5, s1, 1            : IntAlu :  D=0x000000000000000a
7033500: system.cpu: T0 : 0x105e4    : addiw s1, a5, 0            : IntAlu :  D=0x000000000000000a
7034000: system.cpu: T0 : 0x105e8    : c_mv a4, s1                : IntAlu :  D=0x000000000000000a
7034500: system.cpu: T0 : 0x105ea    : c_li a5, 9                 : IntAlu :  D=0x0000000000000009
7035000: system.cpu: T0 : 0x105ec    : bge a5, a4, -136           : IntAlu : 
7035500: system.cpu: T0 : 0x105f0    : addiw a5, s2, 1            : IntAlu :  D=0x0000000000000008
7036000: system.cpu: T0 : 0x105f4    : addiw s2, a5, 0            : IntAlu :  D=0x0000000000000008
7036500: system.cpu: T0 : 0x105f8    : c_mv a4, s2                : IntAlu :  D=0x0000000000000008
7037000: system.cpu: T0 : 0x105fa    : c_li a5, 9                 : IntAlu :  D=0x0000000000000009
7037500: system.cpu: T0 : 0x105fc    : bge a5, a4, -156           : IntAlu : 
7038000: system.cpu: T0 : 0x10560    : c_li s1, 0                 : IntAlu :  D=0x0000000000000000
7038500: system.cpu: T0 : 0x10562    : c_j 134                    : IntAlu : 
7039000: system.cpu: T0 : 0x105e8    : c_mv a4, s1                : IntAlu :  D=0x0000000000000000
7039500: system.cpu: T0 : 0x105ea    : c_li a5, 9                 : IntAlu :  D=0x0000000000000009
7040000: system.cpu: T0 : 0x105ec    : bge a5, a4, -136           : IntAlu : 
7040500: system.cpu: T0 : 0x10564    : c_mv a4, s2                : IntAlu :  D=0x0000000000000008
7041000: system.cpu: T0 : 0x10566    : c_mv a5, a4                : IntAlu :  D=0x0000000000000008
7041500: system.cpu: T0 : 0x10568    : c_slli a5, 2               : IntAlu :  D=0x0000000000000020
7042000: system.cpu: T0 : 0x1056a    : c_add a5, a4               : IntAlu :  D=0x0000000000000028
7042500: system.cpu: T0 : 0x1056c    : c_slli a5, 3               : IntAlu :  D=0x0000000000000140
7043000: system.cpu: T0 : 0x1056e    : c_mv a4, a5                : IntAlu :  D=0x0000000000000140
7043500: system.cpu: T0 : 0x10570    : ld a5, -56(s0)             : MemRead :  D=0x0000000000071990 A=0x7ffffffffffffd68
7044000: system.cpu: T0 : 0x10574    : c_add a4, a5               : IntAlu :  D=0x0000000000071ad0
7045000: system.cpu: T0 : 0x10576    : slli a5, s1, 2             : IntAlu :  D=0x0000000000000000
7045500: system.cpu: T0 : 0x1057a    : c_add a5, a4               : IntAlu :  D=0x0000000000071ad0
7046000: system.cpu: T0 : 0x1057c    : c_lw a5, 0(a5)             : MemRead :  D=0x000000000000065f A=0x71ad0
7047000: system.cpu: T0 : 0x1057e    : bge a5, zero, 52           : IntAlu : 
7047500: system.cpu: T0 : 0x105b2    : c_mv a4, s2                : IntAlu :  D=0x0000000000000008
7048000: system.cpu: T0 : 0x105b4    : c_mv a5, a4                : IntAlu :  D=0x0000000000000008
7048500: system.cpu: T0 : 0x105b6    : c_slli a5, 2               : IntAlu :  D=0x0000000000000020
7049000: system.cpu: T0 : 0x105b8    : c_add a5, a4               : IntAlu :  D=0x0000000000000028
7049500: system.cpu: T0 : 0x105ba    : c_slli a5, 3               : IntAlu :  D=0x0000000000000140
7050000: system.cpu: T0 : 0x105bc    : c_mv a4, a5                : IntAlu :  D=0x0000000000000140
7051000: system.cpu: T0 : 0x105be    : ld a5, -56(s0)             : MemRead :  D=0x0000000000071990 A=0x7ffffffffffffd68
7051500: system.cpu: T0 : 0x105c2    : c_add a4, a5               : IntAlu :  D=0x0000000000071ad0
7052000: system.cpu: T0 : 0x105c4    : slli a5, s1, 2             : IntAlu :  D=0x0000000000000000
7052500: system.cpu: T0 : 0x105c8    : c_add a5, a4               : IntAlu :  D=0x0000000000071ad0
7053000: system.cpu: T0 : 0x105ca    : c_lw a5, 0(a5)             : MemRead :  D=0x000000000000065f A=0x71ad0
7053500: system.cpu: T0 : 0x105cc    : lw a4, -44(s0)             : MemRead :  D=0x000000000004d099 A=0x7ffffffffffffd74
7054000: system.cpu: T0 : 0x105d0    : c_addw a5, a4              : IntAlu :  D=0x000000000004d6f8
7055000: system.cpu: T0 : 0x105d2    : sw a5, -44(s0)             : MemWrite :  D=0x000000000004d6f8 A=0x7ffffffffffffd74
7056000: system.cpu: T0 : 0x105d6    : lw a5, -36(s0)             : MemRead :  D=0x0000000000000050 A=0x7ffffffffffffd7c
7056500: system.cpu: T0 : 0x105da    : c_addiw a5, 1              : IntAlu :  D=0x0000000000000051
7057000: system.cpu: T0 : 0x105dc    : sw a5, -36(s0)             : MemWrite :  D=0x0000000000000051 A=0x7ffffffffffffd7c
7057500: system.cpu: T0 : 0x105e0    : addiw a5, s1, 1            : IntAlu :  D=0x0000000000000001
7058000: system.cpu: T0 : 0x105e4    : addiw s1, a5, 0            : IntAlu :  D=0x0000000000000001
7058500: system.cpu: T0 : 0x105e8    : c_mv a4, s1                : IntAlu :  D=0x0000000000000001
7059000: system.cpu: T0 : 0x105ea    : c_li a5, 9                 : IntAlu :  D=0x0000000000000009
7059500: system.cpu: T0 : 0x105ec    : bge a5, a4, -136           : IntAlu : 
7060000: system.cpu: T0 : 0x10564    : c_mv a4, s2                : IntAlu :  D=0x0000000000000008
7060500: system.cpu: T0 : 0x10566    : c_mv a5, a4                : IntAlu :  D=0x0000000000000008
7061000: system.cpu: T0 : 0x10568    : c_slli a5, 2               : IntAlu :  D=0x0000000000000020
7061500: system.cpu: T0 : 0x1056a    : c_add a5, a4               : IntAlu :  D=0x0000000000000028
7062000: system.cpu: T0 : 0x1056c    : c_slli a5, 3               : IntAlu :  D=0x0000000000000140
7062500: system.cpu: T0 : 0x1056e    : c_mv a4, a5                : IntAlu :  D=0x0000000000000140
7063000: system.cpu: T0 : 0x10570    : ld a5, -56(s0)             : MemRead :  D=0x0000000000071990 A=0x7ffffffffffffd68
7063500: system.cpu: T0 : 0x10574    : c_add a4, a5               : IntAlu :  D=0x0000000000071ad0
7064500: system.cpu: T0 : 0x10576    : slli a5, s1, 2             : IntAlu :  D=0x0000000000000004
7065000: system.cpu: T0 : 0x1057a    : c_add a5, a4               : IntAlu :  D=0x0000000000071ad4
7065500: system.cpu: T0 : 0x1057c    : c_lw a5, 0(a5)             : MemRead :  D=0x0000000000001986 A=0x71ad4
7066500: system.cpu: T0 : 0x1057e    : bge a5, zero, 52           : IntAlu : 
7067000: system.cpu: T0 : 0x105b2    : c_mv a4, s2                : IntAlu :  D=0x0000000000000008
7067500: system.cpu: T0 : 0x105b4    : c_mv a5, a4                : IntAlu :  D=0x0000000000000008
7068000: system.cpu: T0 : 0x105b6    : c_slli a5, 2               : IntAlu :  D=0x0000000000000020
7068500: system.cpu: T0 : 0x105b8    : c_add a5, a4               : IntAlu :  D=0x0000000000000028
7069000: system.cpu: T0 : 0x105ba    : c_slli a5, 3               : IntAlu :  D=0x0000000000000140
7069500: system.cpu: T0 : 0x105bc    : c_mv a4, a5                : IntAlu :  D=0x0000000000000140
7070500: system.cpu: T0 : 0x105be    : ld a5, -56(s0)             : MemRead :  D=0x0000000000071990 A=0x7ffffffffffffd68
7071000: system.cpu: T0 : 0x105c2    : c_add a4, a5               : IntAlu :  D=0x0000000000071ad0
7071500: system.cpu: T0 : 0x105c4    : slli a5, s1, 2             : IntAlu :  D=0x0000000000000004
7072000: system.cpu: T0 : 0x105c8    : c_add a5, a4               : IntAlu :  D=0x0000000000071ad4
7072500: system.cpu: T0 : 0x105ca    : c_lw a5, 0(a5)             : MemRead :  D=0x0000000000001986 A=0x71ad4
7073000: system.cpu: T0 : 0x105cc    : lw a4, -44(s0)             : MemRead :  D=0x000000000004d6f8 A=0x7ffffffffffffd74
7073500: system.cpu: T0 : 0x105d0    : c_addw a5, a4              : IntAlu :  D=0x000000000004f07e
7074500: system.cpu: T0 : 0x105d2    : sw a5, -44(s0)             : MemWrite :  D=0x000000000004f07e A=0x7ffffffffffffd74
7075500: system.cpu: T0 : 0x105d6    : lw a5, -36(s0)             : MemRead :  D=0x0000000000000051 A=0x7ffffffffffffd7c
7076000: system.cpu: T0 : 0x105da    : c_addiw a5, 1              : IntAlu :  D=0x0000000000000052
7076500: system.cpu: T0 : 0x105dc    : sw a5, -36(s0)             : MemWrite :  D=0x0000000000000052 A=0x7ffffffffffffd7c
7077000: system.cpu: T0 : 0x105e0    : addiw a5, s1, 1            : IntAlu :  D=0x0000000000000002
7077500: system.cpu: T0 : 0x105e4    : addiw s1, a5, 0            : IntAlu :  D=0x0000000000000002
7078000: system.cpu: T0 : 0x105e8    : c_mv a4, s1                : IntAlu :  D=0x0000000000000002
7078500: system.cpu: T0 : 0x105ea    : c_li a5, 9                 : IntAlu :  D=0x0000000000000009
7079000: system.cpu: T0 : 0x105ec    : bge a5, a4, -136           : IntAlu : 
7079500: system.cpu: T0 : 0x10564    : c_mv a4, s2                : IntAlu :  D=0x0000000000000008
7080000: system.cpu: T0 : 0x10566    : c_mv a5, a4                : IntAlu :  D=0x0000000000000008
7080500: system.cpu: T0 : 0x10568    : c_slli a5, 2               : IntAlu :  D=0x0000000000000020
7081000: system.cpu: T0 : 0x1056a    : c_add a5, a4               : IntAlu :  D=0x0000000000000028
7081500: system.cpu: T0 : 0x1056c    : c_slli a5, 3               : IntAlu :  D=0x0000000000000140
7082000: system.cpu: T0 : 0x1056e    : c_mv a4, a5                : IntAlu :  D=0x0000000000000140
7082500: system.cpu: T0 : 0x10570    : ld a5, -56(s0)             : MemRead :  D=0x0000000000071990 A=0x7ffffffffffffd68
7083000: system.cpu: T0 : 0x10574    : c_add a4, a5               : IntAlu :  D=0x0000000000071ad0
7084000: system.cpu: T0 : 0x10576    : slli a5, s1, 2             : IntAlu :  D=0x0000000000000008
7084500: system.cpu: T0 : 0x1057a    : c_add a5, a4               : IntAlu :  D=0x0000000000071ad8
7085000: system.cpu: T0 : 0x1057c    : c_lw a5, 0(a5)             : MemRead :  D=0x0000000000000b7a A=0x71ad8
7086000: system.cpu: T0 : 0x1057e    : bge a5, zero, 52           : IntAlu : 
7086500: system.cpu: T0 : 0x105b2    : c_mv a4, s2                : IntAlu :  D=0x0000000000000008
7087000: system.cpu: T0 : 0x105b4    : c_mv a5, a4                : IntAlu :  D=0x0000000000000008
7087500: system.cpu: T0 : 0x105b6    : c_slli a5, 2               : IntAlu :  D=0x0000000000000020
7088000: system.cpu: T0 : 0x105b8    : c_add a5, a4               : IntAlu :  D=0x0000000000000028
7088500: system.cpu: T0 : 0x105ba    : c_slli a5, 3               : IntAlu :  D=0x0000000000000140
7089000: system.cpu: T0 : 0x105bc    : c_mv a4, a5                : IntAlu :  D=0x0000000000000140
7090000: system.cpu: T0 : 0x105be    : ld a5, -56(s0)             : MemRead :  D=0x0000000000071990 A=0x7ffffffffffffd68
7090500: system.cpu: T0 : 0x105c2    : c_add a4, a5               : IntAlu :  D=0x0000000000071ad0
7091000: system.cpu: T0 : 0x105c4    : slli a5, s1, 2             : IntAlu :  D=0x0000000000000008
7091500: system.cpu: T0 : 0x105c8    : c_add a5, a4               : IntAlu :  D=0x0000000000071ad8
7092000: system.cpu: T0 : 0x105ca    : c_lw a5, 0(a5)             : MemRead :  D=0x0000000000000b7a A=0x71ad8
7092500: system.cpu: T0 : 0x105cc    : lw a4, -44(s0)             : MemRead :  D=0x000000000004f07e A=0x7ffffffffffffd74
7093000: system.cpu: T0 : 0x105d0    : c_addw a5, a4              : IntAlu :  D=0x000000000004fbf8
7094000: system.cpu: T0 : 0x105d2    : sw a5, -44(s0)             : MemWrite :  D=0x000000000004fbf8 A=0x7ffffffffffffd74
7095000: system.cpu: T0 : 0x105d6    : lw a5, -36(s0)             : MemRead :  D=0x0000000000000052 A=0x7ffffffffffffd7c
7095500: system.cpu: T0 : 0x105da    : c_addiw a5, 1              : IntAlu :  D=0x0000000000000053
7096000: system.cpu: T0 : 0x105dc    : sw a5, -36(s0)             : MemWrite :  D=0x0000000000000053 A=0x7ffffffffffffd7c
7096500: system.cpu: T0 : 0x105e0    : addiw a5, s1, 1            : IntAlu :  D=0x0000000000000003
7097000: system.cpu: T0 : 0x105e4    : addiw s1, a5, 0            : IntAlu :  D=0x0000000000000003
7097500: system.cpu: T0 : 0x105e8    : c_mv a4, s1                : IntAlu :  D=0x0000000000000003
7098000: system.cpu: T0 : 0x105ea    : c_li a5, 9                 : IntAlu :  D=0x0000000000000009
7098500: system.cpu: T0 : 0x105ec    : bge a5, a4, -136           : IntAlu : 
7099000: system.cpu: T0 : 0x10564    : c_mv a4, s2                : IntAlu :  D=0x0000000000000008
7099500: system.cpu: T0 : 0x10566    : c_mv a5, a4                : IntAlu :  D=0x0000000000000008
7100000: system.cpu: T0 : 0x10568    : c_slli a5, 2               : IntAlu :  D=0x0000000000000020
7100500: system.cpu: T0 : 0x1056a    : c_add a5, a4               : IntAlu :  D=0x0000000000000028
7101000: system.cpu: T0 : 0x1056c    : c_slli a5, 3               : IntAlu :  D=0x0000000000000140
7101500: system.cpu: T0 : 0x1056e    : c_mv a4, a5                : IntAlu :  D=0x0000000000000140
7102000: system.cpu: T0 : 0x10570    : ld a5, -56(s0)             : MemRead :  D=0x0000000000071990 A=0x7ffffffffffffd68
7102500: system.cpu: T0 : 0x10574    : c_add a4, a5               : IntAlu :  D=0x0000000000071ad0
7103500: system.cpu: T0 : 0x10576    : slli a5, s1, 2             : IntAlu :  D=0x000000000000000c
7104000: system.cpu: T0 : 0x1057a    : c_add a5, a4               : IntAlu :  D=0x0000000000071adc
7104500: system.cpu: T0 : 0x1057c    : c_lw a5, 0(a5)             : MemRead :  D=0x00000000000008e3 A=0x71adc
7105500: system.cpu: T0 : 0x1057e    : bge a5, zero, 52           : IntAlu : 
7106000: system.cpu: T0 : 0x105b2    : c_mv a4, s2                : IntAlu :  D=0x0000000000000008
7106500: system.cpu: T0 : 0x105b4    : c_mv a5, a4                : IntAlu :  D=0x0000000000000008
7107000: system.cpu: T0 : 0x105b6    : c_slli a5, 2               : IntAlu :  D=0x0000000000000020
7107500: system.cpu: T0 : 0x105b8    : c_add a5, a4               : IntAlu :  D=0x0000000000000028
7108000: system.cpu: T0 : 0x105ba    : c_slli a5, 3               : IntAlu :  D=0x0000000000000140
7108500: system.cpu: T0 : 0x105bc    : c_mv a4, a5                : IntAlu :  D=0x0000000000000140
7109500: system.cpu: T0 : 0x105be    : ld a5, -56(s0)             : MemRead :  D=0x0000000000071990 A=0x7ffffffffffffd68
7110000: system.cpu: T0 : 0x105c2    : c_add a4, a5               : IntAlu :  D=0x0000000000071ad0
7110500: system.cpu: T0 : 0x105c4    : slli a5, s1, 2             : IntAlu :  D=0x000000000000000c
7111000: system.cpu: T0 : 0x105c8    : c_add a5, a4               : IntAlu :  D=0x0000000000071adc
7111500: system.cpu: T0 : 0x105ca    : c_lw a5, 0(a5)             : MemRead :  D=0x00000000000008e3 A=0x71adc
7112000: system.cpu: T0 : 0x105cc    : lw a4, -44(s0)             : MemRead :  D=0x000000000004fbf8 A=0x7ffffffffffffd74
7112500: system.cpu: T0 : 0x105d0    : c_addw a5, a4              : IntAlu :  D=0x00000000000504db
7113500: system.cpu: T0 : 0x105d2    : sw a5, -44(s0)             : MemWrite :  D=0x00000000000504db A=0x7ffffffffffffd74
7114500: system.cpu: T0 : 0x105d6    : lw a5, -36(s0)             : MemRead :  D=0x0000000000000053 A=0x7ffffffffffffd7c
7115000: system.cpu: T0 : 0x105da    : c_addiw a5, 1              : IntAlu :  D=0x0000000000000054
7115500: system.cpu: T0 : 0x105dc    : sw a5, -36(s0)             : MemWrite :  D=0x0000000000000054 A=0x7ffffffffffffd7c
7116000: system.cpu: T0 : 0x105e0    : addiw a5, s1, 1            : IntAlu :  D=0x0000000000000004
7116500: system.cpu: T0 : 0x105e4    : addiw s1, a5, 0            : IntAlu :  D=0x0000000000000004
7117000: system.cpu: T0 : 0x105e8    : c_mv a4, s1                : IntAlu :  D=0x0000000000000004
7117500: system.cpu: T0 : 0x105ea    : c_li a5, 9                 : IntAlu :  D=0x0000000000000009
7118000: system.cpu: T0 : 0x105ec    : bge a5, a4, -136           : IntAlu : 
7118500: system.cpu: T0 : 0x10564    : c_mv a4, s2                : IntAlu :  D=0x0000000000000008
7119000: system.cpu: T0 : 0x10566    : c_mv a5, a4                : IntAlu :  D=0x0000000000000008
7119500: system.cpu: T0 : 0x10568    : c_slli a5, 2               : IntAlu :  D=0x0000000000000020
7120000: system.cpu: T0 : 0x1056a    : c_add a5, a4               : IntAlu :  D=0x0000000000000028
7120500: system.cpu: T0 : 0x1056c    : c_slli a5, 3               : IntAlu :  D=0x0000000000000140
7121000: system.cpu: T0 : 0x1056e    : c_mv a4, a5                : IntAlu :  D=0x0000000000000140
7121500: system.cpu: T0 : 0x10570    : ld a5, -56(s0)             : MemRead :  D=0x0000000000071990 A=0x7ffffffffffffd68
7122000: system.cpu: T0 : 0x10574    : c_add a4, a5               : IntAlu :  D=0x0000000000071ad0
7123000: system.cpu: T0 : 0x10576    : slli a5, s1, 2             : IntAlu :  D=0x0000000000000010
7123500: system.cpu: T0 : 0x1057a    : c_add a5, a4               : IntAlu :  D=0x0000000000071ae0
7124000: system.cpu: T0 : 0x1057c    : c_lw a5, 0(a5)             : MemRead :  D=0x0000000000000c45 A=0x71ae0
7125000: system.cpu: T0 : 0x1057e    : bge a5, zero, 52           : IntAlu : 
7125500: system.cpu: T0 : 0x105b2    : c_mv a4, s2                : IntAlu :  D=0x0000000000000008
7126000: system.cpu: T0 : 0x105b4    : c_mv a5, a4                : IntAlu :  D=0x0000000000000008
7126500: system.cpu: T0 : 0x105b6    : c_slli a5, 2               : IntAlu :  D=0x0000000000000020
7127000: system.cpu: T0 : 0x105b8    : c_add a5, a4               : IntAlu :  D=0x0000000000000028
7127500: system.cpu: T0 : 0x105ba    : c_slli a5, 3               : IntAlu :  D=0x0000000000000140
7128000: system.cpu: T0 : 0x105bc    : c_mv a4, a5                : IntAlu :  D=0x0000000000000140
7129000: system.cpu: T0 : 0x105be    : ld a5, -56(s0)             : MemRead :  D=0x0000000000071990 A=0x7ffffffffffffd68
7129500: system.cpu: T0 : 0x105c2    : c_add a4, a5               : IntAlu :  D=0x0000000000071ad0
7130000: system.cpu: T0 : 0x105c4    : slli a5, s1, 2             : IntAlu :  D=0x0000000000000010
7130500: system.cpu: T0 : 0x105c8    : c_add a5, a4               : IntAlu :  D=0x0000000000071ae0
7131000: system.cpu: T0 : 0x105ca    : c_lw a5, 0(a5)             : MemRead :  D=0x0000000000000c45 A=0x71ae0
7131500: system.cpu: T0 : 0x105cc    : lw a4, -44(s0)             : MemRead :  D=0x00000000000504db A=0x7ffffffffffffd74
7132000: system.cpu: T0 : 0x105d0    : c_addw a5, a4              : IntAlu :  D=0x0000000000051120
7133000: system.cpu: T0 : 0x105d2    : sw a5, -44(s0)             : MemWrite :  D=0x0000000000051120 A=0x7ffffffffffffd74
7134000: system.cpu: T0 : 0x105d6    : lw a5, -36(s0)             : MemRead :  D=0x0000000000000054 A=0x7ffffffffffffd7c
7134500: system.cpu: T0 : 0x105da    : c_addiw a5, 1              : IntAlu :  D=0x0000000000000055
7135000: system.cpu: T0 : 0x105dc    : sw a5, -36(s0)             : MemWrite :  D=0x0000000000000055 A=0x7ffffffffffffd7c
7135500: system.cpu: T0 : 0x105e0    : addiw a5, s1, 1            : IntAlu :  D=0x0000000000000005
7136000: system.cpu: T0 : 0x105e4    : addiw s1, a5, 0            : IntAlu :  D=0x0000000000000005
7136500: system.cpu: T0 : 0x105e8    : c_mv a4, s1                : IntAlu :  D=0x0000000000000005
7137000: system.cpu: T0 : 0x105ea    : c_li a5, 9                 : IntAlu :  D=0x0000000000000009
7137500: system.cpu: T0 : 0x105ec    : bge a5, a4, -136           : IntAlu : 
7138000: system.cpu: T0 : 0x10564    : c_mv a4, s2                : IntAlu :  D=0x0000000000000008
7138500: system.cpu: T0 : 0x10566    : c_mv a5, a4                : IntAlu :  D=0x0000000000000008
7139000: system.cpu: T0 : 0x10568    : c_slli a5, 2               : IntAlu :  D=0x0000000000000020
7139500: system.cpu: T0 : 0x1056a    : c_add a5, a4               : IntAlu :  D=0x0000000000000028
7140000: system.cpu: T0 : 0x1056c    : c_slli a5, 3               : IntAlu :  D=0x0000000000000140
7140500: system.cpu: T0 : 0x1056e    : c_mv a4, a5                : IntAlu :  D=0x0000000000000140
7141000: system.cpu: T0 : 0x10570    : ld a5, -56(s0)             : MemRead :  D=0x0000000000071990 A=0x7ffffffffffffd68
7141500: system.cpu: T0 : 0x10574    : c_add a4, a5               : IntAlu :  D=0x0000000000071ad0
7142500: system.cpu: T0 : 0x10576    : slli a5, s1, 2             : IntAlu :  D=0x0000000000000014
7143000: system.cpu: T0 : 0x1057a    : c_add a5, a4               : IntAlu :  D=0x0000000000071ae4
7143500: system.cpu: T0 : 0x1057c    : c_lw a5, 0(a5)             : MemRead :  D=0x000000000000137d A=0x71ae4
7144500: system.cpu: T0 : 0x1057e    : bge a5, zero, 52           : IntAlu : 
7145000: system.cpu: T0 : 0x105b2    : c_mv a4, s2                : IntAlu :  D=0x0000000000000008
7145500: system.cpu: T0 : 0x105b4    : c_mv a5, a4                : IntAlu :  D=0x0000000000000008
7146000: system.cpu: T0 : 0x105b6    : c_slli a5, 2               : IntAlu :  D=0x0000000000000020
7146500: system.cpu: T0 : 0x105b8    : c_add a5, a4               : IntAlu :  D=0x0000000000000028
7147000: system.cpu: T0 : 0x105ba    : c_slli a5, 3               : IntAlu :  D=0x0000000000000140
7147500: system.cpu: T0 : 0x105bc    : c_mv a4, a5                : IntAlu :  D=0x0000000000000140
7148500: system.cpu: T0 : 0x105be    : ld a5, -56(s0)             : MemRead :  D=0x0000000000071990 A=0x7ffffffffffffd68
7149000: system.cpu: T0 : 0x105c2    : c_add a4, a5               : IntAlu :  D=0x0000000000071ad0
7149500: system.cpu: T0 : 0x105c4    : slli a5, s1, 2             : IntAlu :  D=0x0000000000000014
7150000: system.cpu: T0 : 0x105c8    : c_add a5, a4               : IntAlu :  D=0x0000000000071ae4
7150500: system.cpu: T0 : 0x105ca    : c_lw a5, 0(a5)             : MemRead :  D=0x000000000000137d A=0x71ae4
7151000: system.cpu: T0 : 0x105cc    : lw a4, -44(s0)             : MemRead :  D=0x0000000000051120 A=0x7ffffffffffffd74
7151500: system.cpu: T0 : 0x105d0    : c_addw a5, a4              : IntAlu :  D=0x000000000005249d
7152500: system.cpu: T0 : 0x105d2    : sw a5, -44(s0)             : MemWrite :  D=0x000000000005249d A=0x7ffffffffffffd74
7153500: system.cpu: T0 : 0x105d6    : lw a5, -36(s0)             : MemRead :  D=0x0000000000000055 A=0x7ffffffffffffd7c
7154000: system.cpu: T0 : 0x105da    : c_addiw a5, 1              : IntAlu :  D=0x0000000000000056
7154500: system.cpu: T0 : 0x105dc    : sw a5, -36(s0)             : MemWrite :  D=0x0000000000000056 A=0x7ffffffffffffd7c
7155000: system.cpu: T0 : 0x105e0    : addiw a5, s1, 1            : IntAlu :  D=0x0000000000000006
7155500: system.cpu: T0 : 0x105e4    : addiw s1, a5, 0            : IntAlu :  D=0x0000000000000006
7156000: system.cpu: T0 : 0x105e8    : c_mv a4, s1                : IntAlu :  D=0x0000000000000006
7156500: system.cpu: T0 : 0x105ea    : c_li a5, 9                 : IntAlu :  D=0x0000000000000009
7157000: system.cpu: T0 : 0x105ec    : bge a5, a4, -136           : IntAlu : 
7157500: system.cpu: T0 : 0x10564    : c_mv a4, s2                : IntAlu :  D=0x0000000000000008
7158000: system.cpu: T0 : 0x10566    : c_mv a5, a4                : IntAlu :  D=0x0000000000000008
7158500: system.cpu: T0 : 0x10568    : c_slli a5, 2               : IntAlu :  D=0x0000000000000020
7159000: system.cpu: T0 : 0x1056a    : c_add a5, a4               : IntAlu :  D=0x0000000000000028
7159500: system.cpu: T0 : 0x1056c    : c_slli a5, 3               : IntAlu :  D=0x0000000000000140
7160000: system.cpu: T0 : 0x1056e    : c_mv a4, a5                : IntAlu :  D=0x0000000000000140
7160500: system.cpu: T0 : 0x10570    : ld a5, -56(s0)             : MemRead :  D=0x0000000000071990 A=0x7ffffffffffffd68
7161000: system.cpu: T0 : 0x10574    : c_add a4, a5               : IntAlu :  D=0x0000000000071ad0
7162000: system.cpu: T0 : 0x10576    : slli a5, s1, 2             : IntAlu :  D=0x0000000000000018
7162500: system.cpu: T0 : 0x1057a    : c_add a5, a4               : IntAlu :  D=0x0000000000071ae8
7163000: system.cpu: T0 : 0x1057c    : c_lw a5, 0(a5)             : MemRead :  D=0x0000000000001ef3 A=0x71ae8
7164000: system.cpu: T0 : 0x1057e    : bge a5, zero, 52           : IntAlu : 
7164500: system.cpu: T0 : 0x105b2    : c_mv a4, s2                : IntAlu :  D=0x0000000000000008
7165000: system.cpu: T0 : 0x105b4    : c_mv a5, a4                : IntAlu :  D=0x0000000000000008
7165500: system.cpu: T0 : 0x105b6    : c_slli a5, 2               : IntAlu :  D=0x0000000000000020
7166000: system.cpu: T0 : 0x105b8    : c_add a5, a4               : IntAlu :  D=0x0000000000000028
7166500: system.cpu: T0 : 0x105ba    : c_slli a5, 3               : IntAlu :  D=0x0000000000000140
7167000: system.cpu: T0 : 0x105bc    : c_mv a4, a5                : IntAlu :  D=0x0000000000000140
7168000: system.cpu: T0 : 0x105be    : ld a5, -56(s0)             : MemRead :  D=0x0000000000071990 A=0x7ffffffffffffd68
7168500: system.cpu: T0 : 0x105c2    : c_add a4, a5               : IntAlu :  D=0x0000000000071ad0
7169000: system.cpu: T0 : 0x105c4    : slli a5, s1, 2             : IntAlu :  D=0x0000000000000018
7169500: system.cpu: T0 : 0x105c8    : c_add a5, a4               : IntAlu :  D=0x0000000000071ae8
7170000: system.cpu: T0 : 0x105ca    : c_lw a5, 0(a5)             : MemRead :  D=0x0000000000001ef3 A=0x71ae8
7170500: system.cpu: T0 : 0x105cc    : lw a4, -44(s0)             : MemRead :  D=0x000000000005249d A=0x7ffffffffffffd74
7171000: system.cpu: T0 : 0x105d0    : c_addw a5, a4              : IntAlu :  D=0x0000000000054390
7172000: system.cpu: T0 : 0x105d2    : sw a5, -44(s0)             : MemWrite :  D=0x0000000000054390 A=0x7ffffffffffffd74
7173000: system.cpu: T0 : 0x105d6    : lw a5, -36(s0)             : MemRead :  D=0x0000000000000056 A=0x7ffffffffffffd7c
7173500: system.cpu: T0 : 0x105da    : c_addiw a5, 1              : IntAlu :  D=0x0000000000000057
7174000: system.cpu: T0 : 0x105dc    : sw a5, -36(s0)             : MemWrite :  D=0x0000000000000057 A=0x7ffffffffffffd7c
7174500: system.cpu: T0 : 0x105e0    : addiw a5, s1, 1            : IntAlu :  D=0x0000000000000007
7175000: system.cpu: T0 : 0x105e4    : addiw s1, a5, 0            : IntAlu :  D=0x0000000000000007
7175500: system.cpu: T0 : 0x105e8    : c_mv a4, s1                : IntAlu :  D=0x0000000000000007
7176000: system.cpu: T0 : 0x105ea    : c_li a5, 9                 : IntAlu :  D=0x0000000000000009
7176500: system.cpu: T0 : 0x105ec    : bge a5, a4, -136           : IntAlu : 
7177000: system.cpu: T0 : 0x10564    : c_mv a4, s2                : IntAlu :  D=0x0000000000000008
7177500: system.cpu: T0 : 0x10566    : c_mv a5, a4                : IntAlu :  D=0x0000000000000008
7178000: system.cpu: T0 : 0x10568    : c_slli a5, 2               : IntAlu :  D=0x0000000000000020
7178500: system.cpu: T0 : 0x1056a    : c_add a5, a4               : IntAlu :  D=0x0000000000000028
7179000: system.cpu: T0 : 0x1056c    : c_slli a5, 3               : IntAlu :  D=0x0000000000000140
7179500: system.cpu: T0 : 0x1056e    : c_mv a4, a5                : IntAlu :  D=0x0000000000000140
7180000: system.cpu: T0 : 0x10570    : ld a5, -56(s0)             : MemRead :  D=0x0000000000071990 A=0x7ffffffffffffd68
7180500: system.cpu: T0 : 0x10574    : c_add a4, a5               : IntAlu :  D=0x0000000000071ad0
7181500: system.cpu: T0 : 0x10576    : slli a5, s1, 2             : IntAlu :  D=0x000000000000001c
7182000: system.cpu: T0 : 0x1057a    : c_add a5, a4               : IntAlu :  D=0x0000000000071aec
7182500: system.cpu: T0 : 0x1057c    : c_lw a5, 0(a5)             : MemRead :  D=0x00000000000005d2 A=0x71aec
7183500: system.cpu: T0 : 0x1057e    : bge a5, zero, 52           : IntAlu : 
7184000: system.cpu: T0 : 0x105b2    : c_mv a4, s2                : IntAlu :  D=0x0000000000000008
7184500: system.cpu: T0 : 0x105b4    : c_mv a5, a4                : IntAlu :  D=0x0000000000000008
7185000: system.cpu: T0 : 0x105b6    : c_slli a5, 2               : IntAlu :  D=0x0000000000000020
7185500: system.cpu: T0 : 0x105b8    : c_add a5, a4               : IntAlu :  D=0x0000000000000028
7186000: system.cpu: T0 : 0x105ba    : c_slli a5, 3               : IntAlu :  D=0x0000000000000140
7186500: system.cpu: T0 : 0x105bc    : c_mv a4, a5                : IntAlu :  D=0x0000000000000140
7187500: system.cpu: T0 : 0x105be    : ld a5, -56(s0)             : MemRead :  D=0x0000000000071990 A=0x7ffffffffffffd68
7188000: system.cpu: T0 : 0x105c2    : c_add a4, a5               : IntAlu :  D=0x0000000000071ad0
7188500: system.cpu: T0 : 0x105c4    : slli a5, s1, 2             : IntAlu :  D=0x000000000000001c
7189000: system.cpu: T0 : 0x105c8    : c_add a5, a4               : IntAlu :  D=0x0000000000071aec
7189500: system.cpu: T0 : 0x105ca    : c_lw a5, 0(a5)             : MemRead :  D=0x00000000000005d2 A=0x71aec
7190000: system.cpu: T0 : 0x105cc    : lw a4, -44(s0)             : MemRead :  D=0x0000000000054390 A=0x7ffffffffffffd74
7190500: system.cpu: T0 : 0x105d0    : c_addw a5, a4              : IntAlu :  D=0x0000000000054962
7191500: system.cpu: T0 : 0x105d2    : sw a5, -44(s0)             : MemWrite :  D=0x0000000000054962 A=0x7ffffffffffffd74
7192500: system.cpu: T0 : 0x105d6    : lw a5, -36(s0)             : MemRead :  D=0x0000000000000057 A=0x7ffffffffffffd7c
7193000: system.cpu: T0 : 0x105da    : c_addiw a5, 1              : IntAlu :  D=0x0000000000000058
7193500: system.cpu: T0 : 0x105dc    : sw a5, -36(s0)             : MemWrite :  D=0x0000000000000058 A=0x7ffffffffffffd7c
7194000: system.cpu: T0 : 0x105e0    : addiw a5, s1, 1            : IntAlu :  D=0x0000000000000008
7194500: system.cpu: T0 : 0x105e4    : addiw s1, a5, 0            : IntAlu :  D=0x0000000000000008
7195000: system.cpu: T0 : 0x105e8    : c_mv a4, s1                : IntAlu :  D=0x0000000000000008
7195500: system.cpu: T0 : 0x105ea    : c_li a5, 9                 : IntAlu :  D=0x0000000000000009
7196000: system.cpu: T0 : 0x105ec    : bge a5, a4, -136           : IntAlu : 
7196500: system.cpu: T0 : 0x10564    : c_mv a4, s2                : IntAlu :  D=0x0000000000000008
7197000: system.cpu: T0 : 0x10566    : c_mv a5, a4                : IntAlu :  D=0x0000000000000008
7197500: system.cpu: T0 : 0x10568    : c_slli a5, 2               : IntAlu :  D=0x0000000000000020
7198000: system.cpu: T0 : 0x1056a    : c_add a5, a4               : IntAlu :  D=0x0000000000000028
7198500: system.cpu: T0 : 0x1056c    : c_slli a5, 3               : IntAlu :  D=0x0000000000000140
7199000: system.cpu: T0 : 0x1056e    : c_mv a4, a5                : IntAlu :  D=0x0000000000000140
7199500: system.cpu: T0 : 0x10570    : ld a5, -56(s0)             : MemRead :  D=0x0000000000071990 A=0x7ffffffffffffd68
7200000: system.cpu: T0 : 0x10574    : c_add a4, a5               : IntAlu :  D=0x0000000000071ad0
7201000: system.cpu: T0 : 0x10576    : slli a5, s1, 2             : IntAlu :  D=0x0000000000000020
7201500: system.cpu: T0 : 0x1057a    : c_add a5, a4               : IntAlu :  D=0x0000000000071af0
7202000: system.cpu: T0 : 0x1057c    : c_lw a5, 0(a5)             : MemRead :  D=0x0000000000000f83 A=0x71af0
7203000: system.cpu: T0 : 0x1057e    : bge a5, zero, 52           : IntAlu : 
7203500: system.cpu: T0 : 0x105b2    : c_mv a4, s2                : IntAlu :  D=0x0000000000000008
7204000: system.cpu: T0 : 0x105b4    : c_mv a5, a4                : IntAlu :  D=0x0000000000000008
7204500: system.cpu: T0 : 0x105b6    : c_slli a5, 2               : IntAlu :  D=0x0000000000000020
7205000: system.cpu: T0 : 0x105b8    : c_add a5, a4               : IntAlu :  D=0x0000000000000028
7205500: system.cpu: T0 : 0x105ba    : c_slli a5, 3               : IntAlu :  D=0x0000000000000140
7206000: system.cpu: T0 : 0x105bc    : c_mv a4, a5                : IntAlu :  D=0x0000000000000140
7207000: system.cpu: T0 : 0x105be    : ld a5, -56(s0)             : MemRead :  D=0x0000000000071990 A=0x7ffffffffffffd68
7207500: system.cpu: T0 : 0x105c2    : c_add a4, a5               : IntAlu :  D=0x0000000000071ad0
7208000: system.cpu: T0 : 0x105c4    : slli a5, s1, 2             : IntAlu :  D=0x0000000000000020
7208500: system.cpu: T0 : 0x105c8    : c_add a5, a4               : IntAlu :  D=0x0000000000071af0
7209000: system.cpu: T0 : 0x105ca    : c_lw a5, 0(a5)             : MemRead :  D=0x0000000000000f83 A=0x71af0
7209500: system.cpu: T0 : 0x105cc    : lw a4, -44(s0)             : MemRead :  D=0x0000000000054962 A=0x7ffffffffffffd74
7210000: system.cpu: T0 : 0x105d0    : c_addw a5, a4              : IntAlu :  D=0x00000000000558e5
7211000: system.cpu: T0 : 0x105d2    : sw a5, -44(s0)             : MemWrite :  D=0x00000000000558e5 A=0x7ffffffffffffd74
7212000: system.cpu: T0 : 0x105d6    : lw a5, -36(s0)             : MemRead :  D=0x0000000000000058 A=0x7ffffffffffffd7c
7212500: system.cpu: T0 : 0x105da    : c_addiw a5, 1              : IntAlu :  D=0x0000000000000059
7213000: system.cpu: T0 : 0x105dc    : sw a5, -36(s0)             : MemWrite :  D=0x0000000000000059 A=0x7ffffffffffffd7c
7213500: system.cpu: T0 : 0x105e0    : addiw a5, s1, 1            : IntAlu :  D=0x0000000000000009
7214000: system.cpu: T0 : 0x105e4    : addiw s1, a5, 0            : IntAlu :  D=0x0000000000000009
7214500: system.cpu: T0 : 0x105e8    : c_mv a4, s1                : IntAlu :  D=0x0000000000000009
7215000: system.cpu: T0 : 0x105ea    : c_li a5, 9                 : IntAlu :  D=0x0000000000000009
7215500: system.cpu: T0 : 0x105ec    : bge a5, a4, -136           : IntAlu : 
7216000: system.cpu: T0 : 0x10564    : c_mv a4, s2                : IntAlu :  D=0x0000000000000008
7216500: system.cpu: T0 : 0x10566    : c_mv a5, a4                : IntAlu :  D=0x0000000000000008
7217000: system.cpu: T0 : 0x10568    : c_slli a5, 2               : IntAlu :  D=0x0000000000000020
7217500: system.cpu: T0 : 0x1056a    : c_add a5, a4               : IntAlu :  D=0x0000000000000028
7218000: system.cpu: T0 : 0x1056c    : c_slli a5, 3               : IntAlu :  D=0x0000000000000140
7218500: system.cpu: T0 : 0x1056e    : c_mv a4, a5                : IntAlu :  D=0x0000000000000140
7219000: system.cpu: T0 : 0x10570    : ld a5, -56(s0)             : MemRead :  D=0x0000000000071990 A=0x7ffffffffffffd68
7219500: system.cpu: T0 : 0x10574    : c_add a4, a5               : IntAlu :  D=0x0000000000071ad0
7220500: system.cpu: T0 : 0x10576    : slli a5, s1, 2             : IntAlu :  D=0x0000000000000024
7221000: system.cpu: T0 : 0x1057a    : c_add a5, a4               : IntAlu :  D=0x0000000000071af4
7221500: system.cpu: T0 : 0x1057c    : c_lw a5, 0(a5)             : MemRead :  D=0x0000000000000801 A=0x71af4
7222500: system.cpu: T0 : 0x1057e    : bge a5, zero, 52           : IntAlu : 
7223000: system.cpu: T0 : 0x105b2    : c_mv a4, s2                : IntAlu :  D=0x0000000000000008
7223500: system.cpu: T0 : 0x105b4    : c_mv a5, a4                : IntAlu :  D=0x0000000000000008
7224000: system.cpu: T0 : 0x105b6    : c_slli a5, 2               : IntAlu :  D=0x0000000000000020
7224500: system.cpu: T0 : 0x105b8    : c_add a5, a4               : IntAlu :  D=0x0000000000000028
7225000: system.cpu: T0 : 0x105ba    : c_slli a5, 3               : IntAlu :  D=0x0000000000000140
7225500: system.cpu: T0 : 0x105bc    : c_mv a4, a5                : IntAlu :  D=0x0000000000000140
7226500: system.cpu: T0 : 0x105be    : ld a5, -56(s0)             : MemRead :  D=0x0000000000071990 A=0x7ffffffffffffd68
7227000: system.cpu: T0 : 0x105c2    : c_add a4, a5               : IntAlu :  D=0x0000000000071ad0
7227500: system.cpu: T0 : 0x105c4    : slli a5, s1, 2             : IntAlu :  D=0x0000000000000024
7228000: system.cpu: T0 : 0x105c8    : c_add a5, a4               : IntAlu :  D=0x0000000000071af4
7228500: system.cpu: T0 : 0x105ca    : c_lw a5, 0(a5)             : MemRead :  D=0x0000000000000801 A=0x71af4
7229000: system.cpu: T0 : 0x105cc    : lw a4, -44(s0)             : MemRead :  D=0x00000000000558e5 A=0x7ffffffffffffd74
7229500: system.cpu: T0 : 0x105d0    : c_addw a5, a4              : IntAlu :  D=0x00000000000560e6
7230500: system.cpu: T0 : 0x105d2    : sw a5, -44(s0)             : MemWrite :  D=0x00000000000560e6 A=0x7ffffffffffffd74
7231500: system.cpu: T0 : 0x105d6    : lw a5, -36(s0)             : MemRead :  D=0x0000000000000059 A=0x7ffffffffffffd7c
7232000: system.cpu: T0 : 0x105da    : c_addiw a5, 1              : IntAlu :  D=0x000000000000005a
7232500: system.cpu: T0 : 0x105dc    : sw a5, -36(s0)             : MemWrite :  D=0x000000000000005a A=0x7ffffffffffffd7c
7233000: system.cpu: T0 : 0x105e0    : addiw a5, s1, 1            : IntAlu :  D=0x000000000000000a
7233500: system.cpu: T0 : 0x105e4    : addiw s1, a5, 0            : IntAlu :  D=0x000000000000000a
7234000: system.cpu: T0 : 0x105e8    : c_mv a4, s1                : IntAlu :  D=0x000000000000000a
7234500: system.cpu: T0 : 0x105ea    : c_li a5, 9                 : IntAlu :  D=0x0000000000000009
7235000: system.cpu: T0 : 0x105ec    : bge a5, a4, -136           : IntAlu : 
7235500: system.cpu: T0 : 0x105f0    : addiw a5, s2, 1            : IntAlu :  D=0x0000000000000009
7236000: system.cpu: T0 : 0x105f4    : addiw s2, a5, 0            : IntAlu :  D=0x0000000000000009
7236500: system.cpu: T0 : 0x105f8    : c_mv a4, s2                : IntAlu :  D=0x0000000000000009
7237000: system.cpu: T0 : 0x105fa    : c_li a5, 9                 : IntAlu :  D=0x0000000000000009
7237500: system.cpu: T0 : 0x105fc    : bge a5, a4, -156           : IntAlu : 
7238000: system.cpu: T0 : 0x10560    : c_li s1, 0                 : IntAlu :  D=0x0000000000000000
7238500: system.cpu: T0 : 0x10562    : c_j 134                    : IntAlu : 
7239000: system.cpu: T0 : 0x105e8    : c_mv a4, s1                : IntAlu :  D=0x0000000000000000
7239500: system.cpu: T0 : 0x105ea    : c_li a5, 9                 : IntAlu :  D=0x0000000000000009
7240000: system.cpu: T0 : 0x105ec    : bge a5, a4, -136           : IntAlu : 
7240500: system.cpu: T0 : 0x10564    : c_mv a4, s2                : IntAlu :  D=0x0000000000000009
7241000: system.cpu: T0 : 0x10566    : c_mv a5, a4                : IntAlu :  D=0x0000000000000009
7241500: system.cpu: T0 : 0x10568    : c_slli a5, 2               : IntAlu :  D=0x0000000000000024
7242000: system.cpu: T0 : 0x1056a    : c_add a5, a4               : IntAlu :  D=0x000000000000002d
7242500: system.cpu: T0 : 0x1056c    : c_slli a5, 3               : IntAlu :  D=0x0000000000000168
7243000: system.cpu: T0 : 0x1056e    : c_mv a4, a5                : IntAlu :  D=0x0000000000000168
7243500: system.cpu: T0 : 0x10570    : ld a5, -56(s0)             : MemRead :  D=0x0000000000071990 A=0x7ffffffffffffd68
7244000: system.cpu: T0 : 0x10574    : c_add a4, a5               : IntAlu :  D=0x0000000000071af8
7245000: system.cpu: T0 : 0x10576    : slli a5, s1, 2             : IntAlu :  D=0x0000000000000000
7245500: system.cpu: T0 : 0x1057a    : c_add a5, a4               : IntAlu :  D=0x0000000000071af8
7246000: system.cpu: T0 : 0x1057c    : c_lw a5, 0(a5)             : MemRead :  D=0x0000000000001557 A=0x71af8
7247000: system.cpu: T0 : 0x1057e    : bge a5, zero, 52           : IntAlu : 
7247500: system.cpu: T0 : 0x105b2    : c_mv a4, s2                : IntAlu :  D=0x0000000000000009
7248000: system.cpu: T0 : 0x105b4    : c_mv a5, a4                : IntAlu :  D=0x0000000000000009
7248500: system.cpu: T0 : 0x105b6    : c_slli a5, 2               : IntAlu :  D=0x0000000000000024
7249000: system.cpu: T0 : 0x105b8    : c_add a5, a4               : IntAlu :  D=0x000000000000002d
7249500: system.cpu: T0 : 0x105ba    : c_slli a5, 3               : IntAlu :  D=0x0000000000000168
7250000: system.cpu: T0 : 0x105bc    : c_mv a4, a5                : IntAlu :  D=0x0000000000000168
7251000: system.cpu: T0 : 0x105be    : ld a5, -56(s0)             : MemRead :  D=0x0000000000071990 A=0x7ffffffffffffd68
7251500: system.cpu: T0 : 0x105c2    : c_add a4, a5               : IntAlu :  D=0x0000000000071af8
7252000: system.cpu: T0 : 0x105c4    : slli a5, s1, 2             : IntAlu :  D=0x0000000000000000
7252500: system.cpu: T0 : 0x105c8    : c_add a5, a4               : IntAlu :  D=0x0000000000071af8
7253000: system.cpu: T0 : 0x105ca    : c_lw a5, 0(a5)             : MemRead :  D=0x0000000000001557 A=0x71af8
7253500: system.cpu: T0 : 0x105cc    : lw a4, -44(s0)             : MemRead :  D=0x00000000000560e6 A=0x7ffffffffffffd74
7254000: system.cpu: T0 : 0x105d0    : c_addw a5, a4              : IntAlu :  D=0x000000000005763d
7255000: system.cpu: T0 : 0x105d2    : sw a5, -44(s0)             : MemWrite :  D=0x000000000005763d A=0x7ffffffffffffd74
7256000: system.cpu: T0 : 0x105d6    : lw a5, -36(s0)             : MemRead :  D=0x000000000000005a A=0x7ffffffffffffd7c
7256500: system.cpu: T0 : 0x105da    : c_addiw a5, 1              : IntAlu :  D=0x000000000000005b
7257000: system.cpu: T0 : 0x105dc    : sw a5, -36(s0)             : MemWrite :  D=0x000000000000005b A=0x7ffffffffffffd7c
7257500: system.cpu: T0 : 0x105e0    : addiw a5, s1, 1            : IntAlu :  D=0x0000000000000001
7258000: system.cpu: T0 : 0x105e4    : addiw s1, a5, 0            : IntAlu :  D=0x0000000000000001
7258500: system.cpu: T0 : 0x105e8    : c_mv a4, s1                : IntAlu :  D=0x0000000000000001
7259000: system.cpu: T0 : 0x105ea    : c_li a5, 9                 : IntAlu :  D=0x0000000000000009
7259500: system.cpu: T0 : 0x105ec    : bge a5, a4, -136           : IntAlu : 
7260000: system.cpu: T0 : 0x10564    : c_mv a4, s2                : IntAlu :  D=0x0000000000000009
7260500: system.cpu: T0 : 0x10566    : c_mv a5, a4                : IntAlu :  D=0x0000000000000009
7261000: system.cpu: T0 : 0x10568    : c_slli a5, 2               : IntAlu :  D=0x0000000000000024
7261500: system.cpu: T0 : 0x1056a    : c_add a5, a4               : IntAlu :  D=0x000000000000002d
7262000: system.cpu: T0 : 0x1056c    : c_slli a5, 3               : IntAlu :  D=0x0000000000000168
7262500: system.cpu: T0 : 0x1056e    : c_mv a4, a5                : IntAlu :  D=0x0000000000000168
7263000: system.cpu: T0 : 0x10570    : ld a5, -56(s0)             : MemRead :  D=0x0000000000071990 A=0x7ffffffffffffd68
7263500: system.cpu: T0 : 0x10574    : c_add a4, a5               : IntAlu :  D=0x0000000000071af8
7264500: system.cpu: T0 : 0x10576    : slli a5, s1, 2             : IntAlu :  D=0x0000000000000004
7265000: system.cpu: T0 : 0x1057a    : c_add a5, a4               : IntAlu :  D=0x0000000000071afc
7265500: system.cpu: T0 : 0x1057c    : c_lw a5, 0(a5)             : MemRead :  D=0x000000000000183d A=0x71afc
7266500: system.cpu: T0 : 0x1057e    : bge a5, zero, 52           : IntAlu : 
7267000: system.cpu: T0 : 0x105b2    : c_mv a4, s2                : IntAlu :  D=0x0000000000000009
7267500: system.cpu: T0 : 0x105b4    : c_mv a5, a4                : IntAlu :  D=0x0000000000000009
7268000: system.cpu: T0 : 0x105b6    : c_slli a5, 2               : IntAlu :  D=0x0000000000000024
7268500: system.cpu: T0 : 0x105b8    : c_add a5, a4               : IntAlu :  D=0x000000000000002d
7269000: system.cpu: T0 : 0x105ba    : c_slli a5, 3               : IntAlu :  D=0x0000000000000168
7269500: system.cpu: T0 : 0x105bc    : c_mv a4, a5                : IntAlu :  D=0x0000000000000168
7270500: system.cpu: T0 : 0x105be    : ld a5, -56(s0)             : MemRead :  D=0x0000000000071990 A=0x7ffffffffffffd68
7271000: system.cpu: T0 : 0x105c2    : c_add a4, a5               : IntAlu :  D=0x0000000000071af8
7271500: system.cpu: T0 : 0x105c4    : slli a5, s1, 2             : IntAlu :  D=0x0000000000000004
7272000: system.cpu: T0 : 0x105c8    : c_add a5, a4               : IntAlu :  D=0x0000000000071afc
7272500: system.cpu: T0 : 0x105ca    : c_lw a5, 0(a5)             : MemRead :  D=0x000000000000183d A=0x71afc
7273000: system.cpu: T0 : 0x105cc    : lw a4, -44(s0)             : MemRead :  D=0x000000000005763d A=0x7ffffffffffffd74
7273500: system.cpu: T0 : 0x105d0    : c_addw a5, a4              : IntAlu :  D=0x0000000000058e7a
7274500: system.cpu: T0 : 0x105d2    : sw a5, -44(s0)             : MemWrite :  D=0x0000000000058e7a A=0x7ffffffffffffd74
7275500: system.cpu: T0 : 0x105d6    : lw a5, -36(s0)             : MemRead :  D=0x000000000000005b A=0x7ffffffffffffd7c
7276000: system.cpu: T0 : 0x105da    : c_addiw a5, 1              : IntAlu :  D=0x000000000000005c
7276500: system.cpu: T0 : 0x105dc    : sw a5, -36(s0)             : MemWrite :  D=0x000000000000005c A=0x7ffffffffffffd7c
7277000: system.cpu: T0 : 0x105e0    : addiw a5, s1, 1            : IntAlu :  D=0x0000000000000002
7277500: system.cpu: T0 : 0x105e4    : addiw s1, a5, 0            : IntAlu :  D=0x0000000000000002
7278000: system.cpu: T0 : 0x105e8    : c_mv a4, s1                : IntAlu :  D=0x0000000000000002
7278500: system.cpu: T0 : 0x105ea    : c_li a5, 9                 : IntAlu :  D=0x0000000000000009
7279000: system.cpu: T0 : 0x105ec    : bge a5, a4, -136           : IntAlu : 
7279500: system.cpu: T0 : 0x10564    : c_mv a4, s2                : IntAlu :  D=0x0000000000000009
7280000: system.cpu: T0 : 0x10566    : c_mv a5, a4                : IntAlu :  D=0x0000000000000009
7280500: system.cpu: T0 : 0x10568    : c_slli a5, 2               : IntAlu :  D=0x0000000000000024
7281000: system.cpu: T0 : 0x1056a    : c_add a5, a4               : IntAlu :  D=0x000000000000002d
7281500: system.cpu: T0 : 0x1056c    : c_slli a5, 3               : IntAlu :  D=0x0000000000000168
7282000: system.cpu: T0 : 0x1056e    : c_mv a4, a5                : IntAlu :  D=0x0000000000000168
7282500: system.cpu: T0 : 0x10570    : ld a5, -56(s0)             : MemRead :  D=0x0000000000071990 A=0x7ffffffffffffd68
7283000: system.cpu: T0 : 0x10574    : c_add a4, a5               : IntAlu :  D=0x0000000000071af8
7284000: system.cpu: T0 : 0x10576    : slli a5, s1, 2             : IntAlu :  D=0x0000000000000008
7284500: system.cpu: T0 : 0x1057a    : c_add a5, a4               : IntAlu :  D=0x0000000000071b00
7285000: system.cpu: T0 : 0x1057c    : c_lw a5, 0(a5)             : MemRead :  D=0x0000000000001e47 A=0x71b00
7286000: system.cpu: T0 : 0x1057e    : bge a5, zero, 52           : IntAlu : 
7286500: system.cpu: T0 : 0x105b2    : c_mv a4, s2                : IntAlu :  D=0x0000000000000009
7287000: system.cpu: T0 : 0x105b4    : c_mv a5, a4                : IntAlu :  D=0x0000000000000009
7287500: system.cpu: T0 : 0x105b6    : c_slli a5, 2               : IntAlu :  D=0x0000000000000024
7288000: system.cpu: T0 : 0x105b8    : c_add a5, a4               : IntAlu :  D=0x000000000000002d
7288500: system.cpu: T0 : 0x105ba    : c_slli a5, 3               : IntAlu :  D=0x0000000000000168
7289000: system.cpu: T0 : 0x105bc    : c_mv a4, a5                : IntAlu :  D=0x0000000000000168
7290000: system.cpu: T0 : 0x105be    : ld a5, -56(s0)             : MemRead :  D=0x0000000000071990 A=0x7ffffffffffffd68
7290500: system.cpu: T0 : 0x105c2    : c_add a4, a5               : IntAlu :  D=0x0000000000071af8
7291000: system.cpu: T0 : 0x105c4    : slli a5, s1, 2             : IntAlu :  D=0x0000000000000008
7291500: system.cpu: T0 : 0x105c8    : c_add a5, a4               : IntAlu :  D=0x0000000000071b00
7292000: system.cpu: T0 : 0x105ca    : c_lw a5, 0(a5)             : MemRead :  D=0x0000000000001e47 A=0x71b00
7292500: system.cpu: T0 : 0x105cc    : lw a4, -44(s0)             : MemRead :  D=0x0000000000058e7a A=0x7ffffffffffffd74
7293000: system.cpu: T0 : 0x105d0    : c_addw a5, a4              : IntAlu :  D=0x000000000005acc1
7294000: system.cpu: T0 : 0x105d2    : sw a5, -44(s0)             : MemWrite :  D=0x000000000005acc1 A=0x7ffffffffffffd74
7295000: system.cpu: T0 : 0x105d6    : lw a5, -36(s0)             : MemRead :  D=0x000000000000005c A=0x7ffffffffffffd7c
7295500: system.cpu: T0 : 0x105da    : c_addiw a5, 1              : IntAlu :  D=0x000000000000005d
7296000: system.cpu: T0 : 0x105dc    : sw a5, -36(s0)             : MemWrite :  D=0x000000000000005d A=0x7ffffffffffffd7c
7296500: system.cpu: T0 : 0x105e0    : addiw a5, s1, 1            : IntAlu :  D=0x0000000000000003
7297000: system.cpu: T0 : 0x105e4    : addiw s1, a5, 0            : IntAlu :  D=0x0000000000000003
7297500: system.cpu: T0 : 0x105e8    : c_mv a4, s1                : IntAlu :  D=0x0000000000000003
7298000: system.cpu: T0 : 0x105ea    : c_li a5, 9                 : IntAlu :  D=0x0000000000000009
7298500: system.cpu: T0 : 0x105ec    : bge a5, a4, -136           : IntAlu : 
7299000: system.cpu: T0 : 0x10564    : c_mv a4, s2                : IntAlu :  D=0x0000000000000009
7299500: system.cpu: T0 : 0x10566    : c_mv a5, a4                : IntAlu :  D=0x0000000000000009
7300000: system.cpu: T0 : 0x10568    : c_slli a5, 2               : IntAlu :  D=0x0000000000000024
7300500: system.cpu: T0 : 0x1056a    : c_add a5, a4               : IntAlu :  D=0x000000000000002d
7301000: system.cpu: T0 : 0x1056c    : c_slli a5, 3               : IntAlu :  D=0x0000000000000168
7301500: system.cpu: T0 : 0x1056e    : c_mv a4, a5                : IntAlu :  D=0x0000000000000168
7302000: system.cpu: T0 : 0x10570    : ld a5, -56(s0)             : MemRead :  D=0x0000000000071990 A=0x7ffffffffffffd68
7302500: system.cpu: T0 : 0x10574    : c_add a4, a5               : IntAlu :  D=0x0000000000071af8
7303500: system.cpu: T0 : 0x10576    : slli a5, s1, 2             : IntAlu :  D=0x000000000000000c
7304000: system.cpu: T0 : 0x1057a    : c_add a5, a4               : IntAlu :  D=0x0000000000071b04
7304500: system.cpu: T0 : 0x1057c    : c_lw a5, 0(a5)             : MemRead :  D=0x0000000000000b53 A=0x71b04
7305500: system.cpu: T0 : 0x1057e    : bge a5, zero, 52           : IntAlu : 
7306000: system.cpu: T0 : 0x105b2    : c_mv a4, s2                : IntAlu :  D=0x0000000000000009
7306500: system.cpu: T0 : 0x105b4    : c_mv a5, a4                : IntAlu :  D=0x0000000000000009
7307000: system.cpu: T0 : 0x105b6    : c_slli a5, 2               : IntAlu :  D=0x0000000000000024
7307500: system.cpu: T0 : 0x105b8    : c_add a5, a4               : IntAlu :  D=0x000000000000002d
7308000: system.cpu: T0 : 0x105ba    : c_slli a5, 3               : IntAlu :  D=0x0000000000000168
7308500: system.cpu: T0 : 0x105bc    : c_mv a4, a5                : IntAlu :  D=0x0000000000000168
7309500: system.cpu: T0 : 0x105be    : ld a5, -56(s0)             : MemRead :  D=0x0000000000071990 A=0x7ffffffffffffd68
7310000: system.cpu: T0 : 0x105c2    : c_add a4, a5               : IntAlu :  D=0x0000000000071af8
7310500: system.cpu: T0 : 0x105c4    : slli a5, s1, 2             : IntAlu :  D=0x000000000000000c
7311000: system.cpu: T0 : 0x105c8    : c_add a5, a4               : IntAlu :  D=0x0000000000071b04
7311500: system.cpu: T0 : 0x105ca    : c_lw a5, 0(a5)             : MemRead :  D=0x0000000000000b53 A=0x71b04
7312000: system.cpu: T0 : 0x105cc    : lw a4, -44(s0)             : MemRead :  D=0x000000000005acc1 A=0x7ffffffffffffd74
7312500: system.cpu: T0 : 0x105d0    : c_addw a5, a4              : IntAlu :  D=0x000000000005b814
7313500: system.cpu: T0 : 0x105d2    : sw a5, -44(s0)             : MemWrite :  D=0x000000000005b814 A=0x7ffffffffffffd74
7314500: system.cpu: T0 : 0x105d6    : lw a5, -36(s0)             : MemRead :  D=0x000000000000005d A=0x7ffffffffffffd7c
7315000: system.cpu: T0 : 0x105da    : c_addiw a5, 1              : IntAlu :  D=0x000000000000005e
7315500: system.cpu: T0 : 0x105dc    : sw a5, -36(s0)             : MemWrite :  D=0x000000000000005e A=0x7ffffffffffffd7c
7316000: system.cpu: T0 : 0x105e0    : addiw a5, s1, 1            : IntAlu :  D=0x0000000000000004
7316500: system.cpu: T0 : 0x105e4    : addiw s1, a5, 0            : IntAlu :  D=0x0000000000000004
7317000: system.cpu: T0 : 0x105e8    : c_mv a4, s1                : IntAlu :  D=0x0000000000000004
7317500: system.cpu: T0 : 0x105ea    : c_li a5, 9                 : IntAlu :  D=0x0000000000000009
7318000: system.cpu: T0 : 0x105ec    : bge a5, a4, -136           : IntAlu : 
7318500: system.cpu: T0 : 0x10564    : c_mv a4, s2                : IntAlu :  D=0x0000000000000009
7319000: system.cpu: T0 : 0x10566    : c_mv a5, a4                : IntAlu :  D=0x0000000000000009
7319500: system.cpu: T0 : 0x10568    : c_slli a5, 2               : IntAlu :  D=0x0000000000000024
7320000: system.cpu: T0 : 0x1056a    : c_add a5, a4               : IntAlu :  D=0x000000000000002d
7320500: system.cpu: T0 : 0x1056c    : c_slli a5, 3               : IntAlu :  D=0x0000000000000168
7321000: system.cpu: T0 : 0x1056e    : c_mv a4, a5                : IntAlu :  D=0x0000000000000168
7321500: system.cpu: T0 : 0x10570    : ld a5, -56(s0)             : MemRead :  D=0x0000000000071990 A=0x7ffffffffffffd68
7322000: system.cpu: T0 : 0x10574    : c_add a4, a5               : IntAlu :  D=0x0000000000071af8
7323000: system.cpu: T0 : 0x10576    : slli a5, s1, 2             : IntAlu :  D=0x0000000000000010
7323500: system.cpu: T0 : 0x1057a    : c_add a5, a4               : IntAlu :  D=0x0000000000071b08
7324000: system.cpu: T0 : 0x1057c    : c_lw a5, 0(a5)             : MemRead :  D=0x000000000000143f A=0x71b08
7325000: system.cpu: T0 : 0x1057e    : bge a5, zero, 52           : IntAlu : 
7325500: system.cpu: T0 : 0x105b2    : c_mv a4, s2                : IntAlu :  D=0x0000000000000009
7326000: system.cpu: T0 : 0x105b4    : c_mv a5, a4                : IntAlu :  D=0x0000000000000009
7326500: system.cpu: T0 : 0x105b6    : c_slli a5, 2               : IntAlu :  D=0x0000000000000024
7327000: system.cpu: T0 : 0x105b8    : c_add a5, a4               : IntAlu :  D=0x000000000000002d
7327500: system.cpu: T0 : 0x105ba    : c_slli a5, 3               : IntAlu :  D=0x0000000000000168
7328000: system.cpu: T0 : 0x105bc    : c_mv a4, a5                : IntAlu :  D=0x0000000000000168
7329000: system.cpu: T0 : 0x105be    : ld a5, -56(s0)             : MemRead :  D=0x0000000000071990 A=0x7ffffffffffffd68
7329500: system.cpu: T0 : 0x105c2    : c_add a4, a5               : IntAlu :  D=0x0000000000071af8
7330000: system.cpu: T0 : 0x105c4    : slli a5, s1, 2             : IntAlu :  D=0x0000000000000010
7330500: system.cpu: T0 : 0x105c8    : c_add a5, a4               : IntAlu :  D=0x0000000000071b08
7331000: system.cpu: T0 : 0x105ca    : c_lw a5, 0(a5)             : MemRead :  D=0x000000000000143f A=0x71b08
7331500: system.cpu: T0 : 0x105cc    : lw a4, -44(s0)             : MemRead :  D=0x000000000005b814 A=0x7ffffffffffffd74
7332000: system.cpu: T0 : 0x105d0    : c_addw a5, a4              : IntAlu :  D=0x000000000005cc53
7333000: system.cpu: T0 : 0x105d2    : sw a5, -44(s0)             : MemWrite :  D=0x000000000005cc53 A=0x7ffffffffffffd74
7334000: system.cpu: T0 : 0x105d6    : lw a5, -36(s0)             : MemRead :  D=0x000000000000005e A=0x7ffffffffffffd7c
7334500: system.cpu: T0 : 0x105da    : c_addiw a5, 1              : IntAlu :  D=0x000000000000005f
7335000: system.cpu: T0 : 0x105dc    : sw a5, -36(s0)             : MemWrite :  D=0x000000000000005f A=0x7ffffffffffffd7c
7335500: system.cpu: T0 : 0x105e0    : addiw a5, s1, 1            : IntAlu :  D=0x0000000000000005
7336000: system.cpu: T0 : 0x105e4    : addiw s1, a5, 0            : IntAlu :  D=0x0000000000000005
7336500: system.cpu: T0 : 0x105e8    : c_mv a4, s1                : IntAlu :  D=0x0000000000000005
7337000: system.cpu: T0 : 0x105ea    : c_li a5, 9                 : IntAlu :  D=0x0000000000000009
7337500: system.cpu: T0 : 0x105ec    : bge a5, a4, -136           : IntAlu : 
7338000: system.cpu: T0 : 0x10564    : c_mv a4, s2                : IntAlu :  D=0x0000000000000009
7338500: system.cpu: T0 : 0x10566    : c_mv a5, a4                : IntAlu :  D=0x0000000000000009
7339000: system.cpu: T0 : 0x10568    : c_slli a5, 2               : IntAlu :  D=0x0000000000000024
7339500: system.cpu: T0 : 0x1056a    : c_add a5, a4               : IntAlu :  D=0x000000000000002d
7340000: system.cpu: T0 : 0x1056c    : c_slli a5, 3               : IntAlu :  D=0x0000000000000168
7340500: system.cpu: T0 : 0x1056e    : c_mv a4, a5                : IntAlu :  D=0x0000000000000168
7341000: system.cpu: T0 : 0x10570    : ld a5, -56(s0)             : MemRead :  D=0x0000000000071990 A=0x7ffffffffffffd68
7341500: system.cpu: T0 : 0x10574    : c_add a4, a5               : IntAlu :  D=0x0000000000071af8
7342500: system.cpu: T0 : 0x10576    : slli a5, s1, 2             : IntAlu :  D=0x0000000000000014
7343000: system.cpu: T0 : 0x1057a    : c_add a5, a4               : IntAlu :  D=0x0000000000071b0c
7343500: system.cpu: T0 : 0x1057c    : c_lw a5, 0(a5)             : MemRead :  D=0x0000000000000541 A=0x71b0c
7344500: system.cpu: T0 : 0x1057e    : bge a5, zero, 52           : IntAlu : 
7345000: system.cpu: T0 : 0x105b2    : c_mv a4, s2                : IntAlu :  D=0x0000000000000009
7345500: system.cpu: T0 : 0x105b4    : c_mv a5, a4                : IntAlu :  D=0x0000000000000009
7346000: system.cpu: T0 : 0x105b6    : c_slli a5, 2               : IntAlu :  D=0x0000000000000024
7346500: system.cpu: T0 : 0x105b8    : c_add a5, a4               : IntAlu :  D=0x000000000000002d
7347000: system.cpu: T0 : 0x105ba    : c_slli a5, 3               : IntAlu :  D=0x0000000000000168
7347500: system.cpu: T0 : 0x105bc    : c_mv a4, a5                : IntAlu :  D=0x0000000000000168
7348500: system.cpu: T0 : 0x105be    : ld a5, -56(s0)             : MemRead :  D=0x0000000000071990 A=0x7ffffffffffffd68
7349000: system.cpu: T0 : 0x105c2    : c_add a4, a5               : IntAlu :  D=0x0000000000071af8
7349500: system.cpu: T0 : 0x105c4    : slli a5, s1, 2             : IntAlu :  D=0x0000000000000014
7350000: system.cpu: T0 : 0x105c8    : c_add a5, a4               : IntAlu :  D=0x0000000000071b0c
7350500: system.cpu: T0 : 0x105ca    : c_lw a5, 0(a5)             : MemRead :  D=0x0000000000000541 A=0x71b0c
7351000: system.cpu: T0 : 0x105cc    : lw a4, -44(s0)             : MemRead :  D=0x000000000005cc53 A=0x7ffffffffffffd74
7351500: system.cpu: T0 : 0x105d0    : c_addw a5, a4              : IntAlu :  D=0x000000000005d194
7352500: system.cpu: T0 : 0x105d2    : sw a5, -44(s0)             : MemWrite :  D=0x000000000005d194 A=0x7ffffffffffffd74
7353500: system.cpu: T0 : 0x105d6    : lw a5, -36(s0)             : MemRead :  D=0x000000000000005f A=0x7ffffffffffffd7c
7354000: system.cpu: T0 : 0x105da    : c_addiw a5, 1              : IntAlu :  D=0x0000000000000060
7354500: system.cpu: T0 : 0x105dc    : sw a5, -36(s0)             : MemWrite :  D=0x0000000000000060 A=0x7ffffffffffffd7c
7355000: system.cpu: T0 : 0x105e0    : addiw a5, s1, 1            : IntAlu :  D=0x0000000000000006
7355500: system.cpu: T0 : 0x105e4    : addiw s1, a5, 0            : IntAlu :  D=0x0000000000000006
7356000: system.cpu: T0 : 0x105e8    : c_mv a4, s1                : IntAlu :  D=0x0000000000000006
7356500: system.cpu: T0 : 0x105ea    : c_li a5, 9                 : IntAlu :  D=0x0000000000000009
7357000: system.cpu: T0 : 0x105ec    : bge a5, a4, -136           : IntAlu : 
7357500: system.cpu: T0 : 0x10564    : c_mv a4, s2                : IntAlu :  D=0x0000000000000009
7358000: system.cpu: T0 : 0x10566    : c_mv a5, a4                : IntAlu :  D=0x0000000000000009
7358500: system.cpu: T0 : 0x10568    : c_slli a5, 2               : IntAlu :  D=0x0000000000000024
7359000: system.cpu: T0 : 0x1056a    : c_add a5, a4               : IntAlu :  D=0x000000000000002d
7359500: system.cpu: T0 : 0x1056c    : c_slli a5, 3               : IntAlu :  D=0x0000000000000168
7360000: system.cpu: T0 : 0x1056e    : c_mv a4, a5                : IntAlu :  D=0x0000000000000168
7360500: system.cpu: T0 : 0x10570    : ld a5, -56(s0)             : MemRead :  D=0x0000000000071990 A=0x7ffffffffffffd68
7361000: system.cpu: T0 : 0x10574    : c_add a4, a5               : IntAlu :  D=0x0000000000071af8
7362000: system.cpu: T0 : 0x10576    : slli a5, s1, 2             : IntAlu :  D=0x0000000000000018
7362500: system.cpu: T0 : 0x1057a    : c_add a5, a4               : IntAlu :  D=0x0000000000071b10
7363000: system.cpu: T0 : 0x1057c    : c_lw a5, 0(a5)             : MemRead :  D=0x000000000000036c A=0x71b10
7364000: system.cpu: T0 : 0x1057e    : bge a5, zero, 52           : IntAlu : 
7364500: system.cpu: T0 : 0x105b2    : c_mv a4, s2                : IntAlu :  D=0x0000000000000009
7365000: system.cpu: T0 : 0x105b4    : c_mv a5, a4                : IntAlu :  D=0x0000000000000009
7365500: system.cpu: T0 : 0x105b6    : c_slli a5, 2               : IntAlu :  D=0x0000000000000024
7366000: system.cpu: T0 : 0x105b8    : c_add a5, a4               : IntAlu :  D=0x000000000000002d
7366500: system.cpu: T0 : 0x105ba    : c_slli a5, 3               : IntAlu :  D=0x0000000000000168
7367000: system.cpu: T0 : 0x105bc    : c_mv a4, a5                : IntAlu :  D=0x0000000000000168
7368000: system.cpu: T0 : 0x105be    : ld a5, -56(s0)             : MemRead :  D=0x0000000000071990 A=0x7ffffffffffffd68
7368500: system.cpu: T0 : 0x105c2    : c_add a4, a5               : IntAlu :  D=0x0000000000071af8
7369000: system.cpu: T0 : 0x105c4    : slli a5, s1, 2             : IntAlu :  D=0x0000000000000018
7369500: system.cpu: T0 : 0x105c8    : c_add a5, a4               : IntAlu :  D=0x0000000000071b10
7370000: system.cpu: T0 : 0x105ca    : c_lw a5, 0(a5)             : MemRead :  D=0x000000000000036c A=0x71b10
7370500: system.cpu: T0 : 0x105cc    : lw a4, -44(s0)             : MemRead :  D=0x000000000005d194 A=0x7ffffffffffffd74
7371000: system.cpu: T0 : 0x105d0    : c_addw a5, a4              : IntAlu :  D=0x000000000005d500
7372000: system.cpu: T0 : 0x105d2    : sw a5, -44(s0)             : MemWrite :  D=0x000000000005d500 A=0x7ffffffffffffd74
7373000: system.cpu: T0 : 0x105d6    : lw a5, -36(s0)             : MemRead :  D=0x0000000000000060 A=0x7ffffffffffffd7c
7373500: system.cpu: T0 : 0x105da    : c_addiw a5, 1              : IntAlu :  D=0x0000000000000061
7374000: system.cpu: T0 : 0x105dc    : sw a5, -36(s0)             : MemWrite :  D=0x0000000000000061 A=0x7ffffffffffffd7c
7374500: system.cpu: T0 : 0x105e0    : addiw a5, s1, 1            : IntAlu :  D=0x0000000000000007
7375000: system.cpu: T0 : 0x105e4    : addiw s1, a5, 0            : IntAlu :  D=0x0000000000000007
7375500: system.cpu: T0 : 0x105e8    : c_mv a4, s1                : IntAlu :  D=0x0000000000000007
7376000: system.cpu: T0 : 0x105ea    : c_li a5, 9                 : IntAlu :  D=0x0000000000000009
7376500: system.cpu: T0 : 0x105ec    : bge a5, a4, -136           : IntAlu : 
7377000: system.cpu: T0 : 0x10564    : c_mv a4, s2                : IntAlu :  D=0x0000000000000009
7377500: system.cpu: T0 : 0x10566    : c_mv a5, a4                : IntAlu :  D=0x0000000000000009
7378000: system.cpu: T0 : 0x10568    : c_slli a5, 2               : IntAlu :  D=0x0000000000000024
7378500: system.cpu: T0 : 0x1056a    : c_add a5, a4               : IntAlu :  D=0x000000000000002d
7379000: system.cpu: T0 : 0x1056c    : c_slli a5, 3               : IntAlu :  D=0x0000000000000168
7379500: system.cpu: T0 : 0x1056e    : c_mv a4, a5                : IntAlu :  D=0x0000000000000168
7380000: system.cpu: T0 : 0x10570    : ld a5, -56(s0)             : MemRead :  D=0x0000000000071990 A=0x7ffffffffffffd68
7380500: system.cpu: T0 : 0x10574    : c_add a4, a5               : IntAlu :  D=0x0000000000071af8
7381500: system.cpu: T0 : 0x10576    : slli a5, s1, 2             : IntAlu :  D=0x000000000000001c
7382000: system.cpu: T0 : 0x1057a    : c_add a5, a4               : IntAlu :  D=0x0000000000071b14
7382500: system.cpu: T0 : 0x1057c    : c_lw a5, 0(a5)             : MemRead :  D=0x0000000000000cbb A=0x71b14
7383500: system.cpu: T0 : 0x1057e    : bge a5, zero, 52           : IntAlu : 
7384000: system.cpu: T0 : 0x105b2    : c_mv a4, s2                : IntAlu :  D=0x0000000000000009
7384500: system.cpu: T0 : 0x105b4    : c_mv a5, a4                : IntAlu :  D=0x0000000000000009
7385000: system.cpu: T0 : 0x105b6    : c_slli a5, 2               : IntAlu :  D=0x0000000000000024
7385500: system.cpu: T0 : 0x105b8    : c_add a5, a4               : IntAlu :  D=0x000000000000002d
7386000: system.cpu: T0 : 0x105ba    : c_slli a5, 3               : IntAlu :  D=0x0000000000000168
7386500: system.cpu: T0 : 0x105bc    : c_mv a4, a5                : IntAlu :  D=0x0000000000000168
7387500: system.cpu: T0 : 0x105be    : ld a5, -56(s0)             : MemRead :  D=0x0000000000071990 A=0x7ffffffffffffd68
7388000: system.cpu: T0 : 0x105c2    : c_add a4, a5               : IntAlu :  D=0x0000000000071af8
7388500: system.cpu: T0 : 0x105c4    : slli a5, s1, 2             : IntAlu :  D=0x000000000000001c
7389000: system.cpu: T0 : 0x105c8    : c_add a5, a4               : IntAlu :  D=0x0000000000071b14
7389500: system.cpu: T0 : 0x105ca    : c_lw a5, 0(a5)             : MemRead :  D=0x0000000000000cbb A=0x71b14
7390000: system.cpu: T0 : 0x105cc    : lw a4, -44(s0)             : MemRead :  D=0x000000000005d500 A=0x7ffffffffffffd74
7390500: system.cpu: T0 : 0x105d0    : c_addw a5, a4              : IntAlu :  D=0x000000000005e1bb
7391500: system.cpu: T0 : 0x105d2    : sw a5, -44(s0)             : MemWrite :  D=0x000000000005e1bb A=0x7ffffffffffffd74
7392500: system.cpu: T0 : 0x105d6    : lw a5, -36(s0)             : MemRead :  D=0x0000000000000061 A=0x7ffffffffffffd7c
7393000: system.cpu: T0 : 0x105da    : c_addiw a5, 1              : IntAlu :  D=0x0000000000000062
7393500: system.cpu: T0 : 0x105dc    : sw a5, -36(s0)             : MemWrite :  D=0x0000000000000062 A=0x7ffffffffffffd7c
7394000: system.cpu: T0 : 0x105e0    : addiw a5, s1, 1            : IntAlu :  D=0x0000000000000008
7394500: system.cpu: T0 : 0x105e4    : addiw s1, a5, 0            : IntAlu :  D=0x0000000000000008
7395000: system.cpu: T0 : 0x105e8    : c_mv a4, s1                : IntAlu :  D=0x0000000000000008
7395500: system.cpu: T0 : 0x105ea    : c_li a5, 9                 : IntAlu :  D=0x0000000000000009
7396000: system.cpu: T0 : 0x105ec    : bge a5, a4, -136           : IntAlu : 
7396500: system.cpu: T0 : 0x10564    : c_mv a4, s2                : IntAlu :  D=0x0000000000000009
7397000: system.cpu: T0 : 0x10566    : c_mv a5, a4                : IntAlu :  D=0x0000000000000009
7397500: system.cpu: T0 : 0x10568    : c_slli a5, 2               : IntAlu :  D=0x0000000000000024
7398000: system.cpu: T0 : 0x1056a    : c_add a5, a4               : IntAlu :  D=0x000000000000002d
7398500: system.cpu: T0 : 0x1056c    : c_slli a5, 3               : IntAlu :  D=0x0000000000000168
7399000: system.cpu: T0 : 0x1056e    : c_mv a4, a5                : IntAlu :  D=0x0000000000000168
7399500: system.cpu: T0 : 0x10570    : ld a5, -56(s0)             : MemRead :  D=0x0000000000071990 A=0x7ffffffffffffd68
7400000: system.cpu: T0 : 0x10574    : c_add a4, a5               : IntAlu :  D=0x0000000000071af8
7401000: system.cpu: T0 : 0x10576    : slli a5, s1, 2             : IntAlu :  D=0x0000000000000020
7401500: system.cpu: T0 : 0x1057a    : c_add a5, a4               : IntAlu :  D=0x0000000000071b18
7402000: system.cpu: T0 : 0x1057c    : c_lw a5, 0(a5)             : MemRead :  D=0x000000000000118d A=0x71b18
7403000: system.cpu: T0 : 0x1057e    : bge a5, zero, 52           : IntAlu : 
7403500: system.cpu: T0 : 0x105b2    : c_mv a4, s2                : IntAlu :  D=0x0000000000000009
7404000: system.cpu: T0 : 0x105b4    : c_mv a5, a4                : IntAlu :  D=0x0000000000000009
7404500: system.cpu: T0 : 0x105b6    : c_slli a5, 2               : IntAlu :  D=0x0000000000000024
7405000: system.cpu: T0 : 0x105b8    : c_add a5, a4               : IntAlu :  D=0x000000000000002d
7405500: system.cpu: T0 : 0x105ba    : c_slli a5, 3               : IntAlu :  D=0x0000000000000168
7406000: system.cpu: T0 : 0x105bc    : c_mv a4, a5                : IntAlu :  D=0x0000000000000168
7407000: system.cpu: T0 : 0x105be    : ld a5, -56(s0)             : MemRead :  D=0x0000000000071990 A=0x7ffffffffffffd68
7407500: system.cpu: T0 : 0x105c2    : c_add a4, a5               : IntAlu :  D=0x0000000000071af8
7408000: system.cpu: T0 : 0x105c4    : slli a5, s1, 2             : IntAlu :  D=0x0000000000000020
7408500: system.cpu: T0 : 0x105c8    : c_add a5, a4               : IntAlu :  D=0x0000000000071b18
7409000: system.cpu: T0 : 0x105ca    : c_lw a5, 0(a5)             : MemRead :  D=0x000000000000118d A=0x71b18
7409500: system.cpu: T0 : 0x105cc    : lw a4, -44(s0)             : MemRead :  D=0x000000000005e1bb A=0x7ffffffffffffd74
7410000: system.cpu: T0 : 0x105d0    : c_addw a5, a4              : IntAlu :  D=0x000000000005f348
7411000: system.cpu: T0 : 0x105d2    : sw a5, -44(s0)             : MemWrite :  D=0x000000000005f348 A=0x7ffffffffffffd74
7412000: system.cpu: T0 : 0x105d6    : lw a5, -36(s0)             : MemRead :  D=0x0000000000000062 A=0x7ffffffffffffd7c
7412500: system.cpu: T0 : 0x105da    : c_addiw a5, 1              : IntAlu :  D=0x0000000000000063
7413000: system.cpu: T0 : 0x105dc    : sw a5, -36(s0)             : MemWrite :  D=0x0000000000000063 A=0x7ffffffffffffd7c
7413500: system.cpu: T0 : 0x105e0    : addiw a5, s1, 1            : IntAlu :  D=0x0000000000000009
7414000: system.cpu: T0 : 0x105e4    : addiw s1, a5, 0            : IntAlu :  D=0x0000000000000009
7414500: system.cpu: T0 : 0x105e8    : c_mv a4, s1                : IntAlu :  D=0x0000000000000009
7415000: system.cpu: T0 : 0x105ea    : c_li a5, 9                 : IntAlu :  D=0x0000000000000009
7415500: system.cpu: T0 : 0x105ec    : bge a5, a4, -136           : IntAlu : 
7416000: system.cpu: T0 : 0x10564    : c_mv a4, s2                : IntAlu :  D=0x0000000000000009
7416500: system.cpu: T0 : 0x10566    : c_mv a5, a4                : IntAlu :  D=0x0000000000000009
7417000: system.cpu: T0 : 0x10568    : c_slli a5, 2               : IntAlu :  D=0x0000000000000024
7417500: system.cpu: T0 : 0x1056a    : c_add a5, a4               : IntAlu :  D=0x000000000000002d
7418000: system.cpu: T0 : 0x1056c    : c_slli a5, 3               : IntAlu :  D=0x0000000000000168
7418500: system.cpu: T0 : 0x1056e    : c_mv a4, a5                : IntAlu :  D=0x0000000000000168
7419000: system.cpu: T0 : 0x10570    : ld a5, -56(s0)             : MemRead :  D=0x0000000000071990 A=0x7ffffffffffffd68
7419500: system.cpu: T0 : 0x10574    : c_add a4, a5               : IntAlu :  D=0x0000000000071af8
7420500: system.cpu: T0 : 0x10576    : slli a5, s1, 2             : IntAlu :  D=0x0000000000000024
7421000: system.cpu: T0 : 0x1057a    : c_add a5, a4               : IntAlu :  D=0x0000000000071b1c
7421500: system.cpu: T0 : 0x1057c    : c_lw a5, 0(a5)             : MemRead :  D=0x0000000000001a3b A=0x71b1c
7422500: system.cpu: T0 : 0x1057e    : bge a5, zero, 52           : IntAlu : 
7423000: system.cpu: T0 : 0x105b2    : c_mv a4, s2                : IntAlu :  D=0x0000000000000009
7423500: system.cpu: T0 : 0x105b4    : c_mv a5, a4                : IntAlu :  D=0x0000000000000009
7424000: system.cpu: T0 : 0x105b6    : c_slli a5, 2               : IntAlu :  D=0x0000000000000024
7424500: system.cpu: T0 : 0x105b8    : c_add a5, a4               : IntAlu :  D=0x000000000000002d
7425000: system.cpu: T0 : 0x105ba    : c_slli a5, 3               : IntAlu :  D=0x0000000000000168
7425500: system.cpu: T0 : 0x105bc    : c_mv a4, a5                : IntAlu :  D=0x0000000000000168
7426500: system.cpu: T0 : 0x105be    : ld a5, -56(s0)             : MemRead :  D=0x0000000000071990 A=0x7ffffffffffffd68
7427000: system.cpu: T0 : 0x105c2    : c_add a4, a5               : IntAlu :  D=0x0000000000071af8
7427500: system.cpu: T0 : 0x105c4    : slli a5, s1, 2             : IntAlu :  D=0x0000000000000024
7428000: system.cpu: T0 : 0x105c8    : c_add a5, a4               : IntAlu :  D=0x0000000000071b1c
7428500: system.cpu: T0 : 0x105ca    : c_lw a5, 0(a5)             : MemRead :  D=0x0000000000001a3b A=0x71b1c
7429000: system.cpu: T0 : 0x105cc    : lw a4, -44(s0)             : MemRead :  D=0x000000000005f348 A=0x7ffffffffffffd74
7429500: system.cpu: T0 : 0x105d0    : c_addw a5, a4              : IntAlu :  D=0x0000000000060d83
7430500: system.cpu: T0 : 0x105d2    : sw a5, -44(s0)             : MemWrite :  D=0x0000000000060d83 A=0x7ffffffffffffd74
7431500: system.cpu: T0 : 0x105d6    : lw a5, -36(s0)             : MemRead :  D=0x0000000000000063 A=0x7ffffffffffffd7c
7432000: system.cpu: T0 : 0x105da    : c_addiw a5, 1              : IntAlu :  D=0x0000000000000064
7432500: system.cpu: T0 : 0x105dc    : sw a5, -36(s0)             : MemWrite :  D=0x0000000000000064 A=0x7ffffffffffffd7c
7433000: system.cpu: T0 : 0x105e0    : addiw a5, s1, 1            : IntAlu :  D=0x000000000000000a
7433500: system.cpu: T0 : 0x105e4    : addiw s1, a5, 0            : IntAlu :  D=0x000000000000000a
7434000: system.cpu: T0 : 0x105e8    : c_mv a4, s1                : IntAlu :  D=0x000000000000000a
7434500: system.cpu: T0 : 0x105ea    : c_li a5, 9                 : IntAlu :  D=0x0000000000000009
7435000: system.cpu: T0 : 0x105ec    : bge a5, a4, -136           : IntAlu : 
7435500: system.cpu: T0 : 0x105f0    : addiw a5, s2, 1            : IntAlu :  D=0x000000000000000a
7436000: system.cpu: T0 : 0x105f4    : addiw s2, a5, 0            : IntAlu :  D=0x000000000000000a
7436500: system.cpu: T0 : 0x105f8    : c_mv a4, s2                : IntAlu :  D=0x000000000000000a
7437000: system.cpu: T0 : 0x105fa    : c_li a5, 9                 : IntAlu :  D=0x0000000000000009
7437500: system.cpu: T0 : 0x105fc    : bge a5, a4, -156           : IntAlu : 
7438000: system.cpu: T0 : 0x10600    : auipc a5, 96               : IntAlu :  D=0x0000000000070600
7438500: system.cpu: T0 : 0x10604    : ld a5, 536(a5)             : MemRead :  D=0x000000000007198c A=0x70818
7439000: system.cpu: T0 : 0x10608    : lw a4, -48(s0)             : MemRead :  D=0x0000000000000000 A=0x7ffffffffffffd70
7439500: system.cpu: T0 : 0x1060c    : c_sw a4, 0(a5)             : MemWrite :  D=0x0000000000000000 A=0x7198c
7440500: system.cpu: T0 : 0x1060e    : auipc a5, 96               : IntAlu :  D=0x000000000007060e
7441500: system.cpu: T0 : 0x10612    : ld a5, 570(a5)             : MemRead :  D=0x0000000000071b28 A=0x70848
7442500: system.cpu: T0 : 0x10616    : lw a4, -40(s0)             : MemRead :  D=0x0000000000000000 A=0x7ffffffffffffd78
7443000: system.cpu: T0 : 0x1061a    : c_sw a4, 0(a5)             : MemWrite :  D=0x0000000000000000 A=0x71b28
7443500: system.cpu: T0 : 0x1061c    : auipc a5, 96               : IntAlu :  D=0x000000000007061c
7444000: system.cpu: T0 : 0x10620    : ld a5, 524(a5)             : MemRead :  D=0x0000000000071b20 A=0x70828
7444500: system.cpu: T0 : 0x10624    : lw a4, -44(s0)             : MemRead :  D=0x0000000000060d83 A=0x7ffffffffffffd74
7445000: system.cpu: T0 : 0x10628    : c_sw a4, 0(a5)             : MemWrite :  D=0x0000000000060d83 A=0x71b20
7446000: system.cpu: T0 : 0x1062a    : auipc a5, 96               : IntAlu :  D=0x000000000007062a
7447000: system.cpu: T0 : 0x1062e    : ld a5, 534(a5)             : MemRead :  D=0x0000000000071b24 A=0x70840
7448000: system.cpu: T0 : 0x10632    : lw a4, -36(s0)             : MemRead :  D=0x0000000000000064 A=0x7ffffffffffffd7c
7448500: system.cpu: T0 : 0x10636    : c_sw a4, 0(a5)             : MemWrite :  D=0x0000000000000064 A=0x71b24
7449000: system.cpu: T0 : 0x10638    : c_addi zero, 0             : IntAlu :  D=0x0000000000000000
7449500: system.cpu: T0 : 0x1063a    : c_ldsp s0, 56(sp)          : MemRead :  D=0x7ffffffffffffde0 A=0x7ffffffffffffd98
7450000: system.cpu: T0 : 0x1063c    : c_ldsp s1, 48(sp)          : MemRead :  D=0x0000000000010bf4 A=0x7ffffffffffffd90
7450500: system.cpu: T0 : 0x1063e    : c_ldsp s2, 40(sp)          : MemRead :  D=0x0000000000000000 A=0x7ffffffffffffd88
7451000: system.cpu: T0 : 0x10640    : c_addi16sp sp, 64          : IntAlu :  D=0x7ffffffffffffda0
7451500: system.cpu: T0 : 0x10642    : c_jr ra                    : IntAlu : 
7452000: system.cpu: T0 : 0x10478    : addi a5, zero, 1500        : IntAlu :  D=0x00000000000005dc
7452500: system.cpu: T0 : 0x1047c    : sd a5, -24(s0)             : MemWrite :  D=0x00000000000005dc A=0x7ffffffffffffdc8
7453000: system.cpu: T0 : 0x10480    : ld a4, -24(s0)             : MemRead :  D=0x00000000000005dc A=0x7ffffffffffffdc8
7453500: system.cpu: T0 : 0x10484    : ld a5, -32(s0)             : MemRead :  D=0x00000000000003e8 A=0x7ffffffffffffdc0
7454000: system.cpu: T0 : 0x10488    : sub a5, a4, a5             : IntAlu :  D=0x00000000000001f4
7454500: system.cpu: T0 : 0x1048c    : fcvt_d_l fa4, a5           : FloatCvt :  D=0x407f400000000000
7455000: system.cpu: T0 : 0x10490    : auipc a5, 61               : IntAlu :  D=0x000000000004d490
7455500: system.cpu: T0 : 0x10494    : addi a5, a5, 288           : IntAlu :  D=0x000000000004d5b0
7456000: system.cpu: T0 : 0x10498    : c_fld fa5, 0(a5)           : FloatMemRead :  D=0x408f400000000000 A=0x4d5b0
7457000: system.cpu: T0 : 0x1049a    : fdiv_d fa5, fa4, fa5       : FloatDiv :  D=0x3fe0000000000000
7458000: system.cpu: T0 : 0x1049e    : fcvt_s_d fa5, fa5          : FloatCvt :  D=0x000000003f000000
7459000: system.cpu: T0 : 0x104a2    : fsw fa5, -36(s0)           : FloatMemWrite :  D=0x000000003f000000 A=0x7ffffffffffffdbc
7459500: system.cpu: T0 : 0x104a6    : c_li a5, 0                 : IntAlu :  D=0x0000000000000000
7460000: system.cpu: T0 : 0x104a8    : c_mv a0, a5                : IntAlu :  D=0x0000000000000000
7460500: system.cpu: T0 : 0x104aa    : c_ldsp ra, 56(sp)          : MemRead :  D=0x0000000000010448 A=0x7ffffffffffffdd8
7461000: system.cpu: T0 : 0x104ac    : c_ldsp s0, 48(sp)          : MemRead :  D=0x7ffffffffffffdf0 A=0x7ffffffffffffdd0
7461500: system.cpu: T0 : 0x104ae    : c_addi16sp sp, 64          : IntAlu :  D=0x7ffffffffffffde0
7462000: system.cpu: T0 : 0x104b0    : c_jr ra                    : IntAlu : 
7462500: system.cpu: T0 : 0x10448    : c_li a5, 1                 : IntAlu :  D=0x0000000000000001
7463000: system.cpu: T0 : 0x1044a    : c_mv a0, a5                : IntAlu :  D=0x0000000000000001
7463500: system.cpu: T0 : 0x1044c    : c_ldsp ra, 8(sp)           : MemRead :  D=0x000000000001082a A=0x7ffffffffffffde8
7464000: system.cpu: T0 : 0x1044e    : c_ldsp s0, 0(sp)           : MemRead :  D=0x0000000000010b64 A=0x7ffffffffffffde0
7464500: system.cpu: T0 : 0x10450    : c_addi sp, 16              : IntAlu :  D=0x7ffffffffffffdf0
7465000: system.cpu: T0 : 0x10452    : c_jr ra                    : IntAlu : 
7466000: system.cpu: T0 : 0x1082a    : jal ra, 17142              : IntAlu :  D=0x000000000001082e
7466500: system.cpu: T0 : 0x14b20    : c_addi sp, -16             : IntAlu :  D=0x7ffffffffffffde0
7467000: system.cpu: T0 : 0x14b22    : c_li a3, 1                 : IntAlu :  D=0x0000000000000001
7467500: system.cpu: T0 : 0x14b24    : c_li a2, 1                 : IntAlu :  D=0x0000000000000001
7468500: system.cpu: T0 : 0x14b26    : addi a1, gp, -1936         : IntAlu :  D=0x00000000000708c8
7469000: system.cpu: T0 : 0x14b2a    : c_sdsp ra, 8(sp)           : MemWrite :  D=0x000000000001082e A=0x7ffffffffffffde8
7469500: system.cpu: T0 : 0x14b2c    : jal ra, -468               : IntAlu :  D=0x0000000000014b30
7470000: system.cpu: T0 : 0x14958    : c_addi16sp sp, -128        : IntAlu :  D=0x7ffffffffffffd60
7470500: system.cpu: T0 : 0x1495a    : c_sdsp s6, 64(sp)          : MemWrite :  D=0x0000000000000000 A=0x7ffffffffffffda0
7471000: system.cpu: T0 : 0x1495c    : c_sdsp s7, 56(sp)          : MemWrite :  D=0x0000000000000000 A=0x7ffffffffffffd98
7471500: system.cpu: T0 : 0x1495e    : c_sdsp ra, 120(sp)         : MemWrite :  D=0x0000000000014b30 A=0x7ffffffffffffdd8
7472000: system.cpu: T0 : 0x14960    : c_sdsp s0, 112(sp)         : MemWrite :  D=0x0000000000010b64 A=0x7ffffffffffffdd0
7472500: system.cpu: T0 : 0x14962    : c_sdsp s1, 104(sp)         : MemWrite :  D=0x0000000000010bf4 A=0x7ffffffffffffdc8
7473000: system.cpu: T0 : 0x14964    : c_sdsp s2, 96(sp)          : MemWrite :  D=0x0000000000000000 A=0x7ffffffffffffdc0
7473500: system.cpu: T0 : 0x14966    : c_sdsp s3, 88(sp)          : MemWrite :  D=0x0000000000000000 A=0x7ffffffffffffdb8
7474000: system.cpu: T0 : 0x14968    : c_sdsp s4, 80(sp)          : MemWrite :  D=0x0000000000000000 A=0x7ffffffffffffdb0
7474500: system.cpu: T0 : 0x1496a    : c_sdsp s5, 72(sp)          : MemWrite :  D=0x0000000000000000 A=0x7ffffffffffffda8
7475000: system.cpu: T0 : 0x1496c    : c_sdsp s8, 48(sp)          : MemWrite :  D=0x0000000000000000 A=0x7ffffffffffffd90
7475500: system.cpu: T0 : 0x1496e    : c_sdsp s9, 40(sp)          : MemWrite :  D=0x0000000000000000 A=0x7ffffffffffffd88
7476000: system.cpu: T0 : 0x14970    : c_sdsp s10, 32(sp)         : MemWrite :  D=0x0000000000000000 A=0x7ffffffffffffd80
7476500: system.cpu: T0 : 0x14972    : c_sdsp s11, 24(sp)         : MemWrite :  D=0x0000000000000000 A=0x7ffffffffffffd78
7477000: system.cpu: T0 : 0x14974    : addi a5, zero, 0           : IntAlu :  D=0x0000000000000000
7477500: system.cpu: T0 : 0x14978    : c_sdsp a2, 8(sp)           : MemWrite :  D=0x0000000000000001 A=0x7ffffffffffffd68
7478000: system.cpu: T0 : 0x1497a    : c_mv s6, a0                : IntAlu :  D=0x0000000000000001
7478500: system.cpu: T0 : 0x1497c    : c_mv s7, a1                : IntAlu :  D=0x00000000000708c8
7479000: system.cpu: T0 : 0x1497e    : c_beqz a5, 6               : IntAlu : 
7479500: system.cpu: T0 : 0x14984    : lui s9, 114                : IntAlu :  D=0x0000000000072000
7480000: system.cpu: T0 : 0x14988    : lui s11, 114               : IntAlu :  D=0x0000000000072000
7480500: system.cpu: T0 : 0x1498c    : c_li s4, 0                 : IntAlu :  D=0x0000000000000000
7481000: system.cpu: T0 : 0x1498e    : c_li s3, 1                 : IntAlu :  D=0x0000000000000001
7481500: system.cpu: T0 : 0x14990    : c_li a4, 1                 : IntAlu :  D=0x0000000000000001
7482500: system.cpu: T0 : 0x14992    : addi a3, s9, -136          : IntAlu :  D=0x0000000000071f78
7483500: system.cpu: T0 : 0x14996    : lr_w a5, (a3)             
7483500: system.cpu: T0 : 0x14996. 0 : lr_w a5, (a3)              : MemRead :  D=0x0000000000000000 A=0x71f78
7484000: system.cpu: T0 : 0x1499a    : c_bnez a5, 8               : IntAlu : 
7484500: system.cpu: T0 : 0x1499c    : sc_w_aq a2, a4, (a3)      
7484500: system.cpu: T0 : 0x1499c. 0 : sc_w a2, a4, (a3)          : MemWrite :  D=0x0000000000000000 A=0x71f78
7485000: system.cpu: T0 : 0x1499c. 1 : 0x1ce6a62f fence           : No_OpClass : 
7485500: system.cpu: T0 : 0x149a0    : c_bnez a2, -10             : IntAlu : 
7486000: system.cpu: T0 : 0x149a2    : c_addiw a5, 0              : IntAlu :  D=0x0000000000000000
7486500: system.cpu: T0 : 0x149a4    : bne a5, zero, 338          : IntAlu : 
7487000: system.cpu: T0 : 0x149a8    : ld s10, 0(s7)              : MemRead :  D=0x0000000000071170 A=0x708c8
7487500: system.cpu: T0 : 0x149ac    : beq s10, zero, 152         : IntAlu : 
7488000: system.cpu: T0 : 0x149b0    : c_li s5, 3                 : IntAlu :  D=0x0000000000000003
7488500: system.cpu: T0 : 0x149b2    : c_li s2, 4                 : IntAlu :  D=0x0000000000000004
7489000: system.cpu: T0 : 0x149b4    : c_li s1, 2                 : IntAlu :  D=0x0000000000000002
7489500: system.cpu: T0 : 0x149b6    : c_li s0, 1                 : IntAlu :  D=0x0000000000000001
7490000: system.cpu: T0 : 0x149b8    : c_j 34                     : IntAlu : 
7491000: system.cpu: T0 : 0x149da    : ld a5, 8(s10)              : MemRead :  D=0x0000000000000001 A=0x71178
7491500: system.cpu: T0 : 0x149de    : c_beqz a5, 222             : IntAlu : 
7492000: system.cpu: T0 : 0x149e0    : ld s8, -128(s11)           : MemRead :  D=0x0000000000000001 A=0x71f80
7492500: system.cpu: T0 : 0x149e4    : c_addi a5, -1              : IntAlu :  D=0x0000000000000000
7493500: system.cpu: T0 : 0x149e6    : sd a5, 8(s10)              : MemWrite :  D=0x0000000000000000 A=0x71178
7494000: system.cpu: T0 : 0x149ea    : c_mv a4, s4                : IntAlu :  D=0x0000000000000000
7494500: system.cpu: T0 : 0x149ec    : addi a3, s9, -136          : IntAlu :  D=0x0000000000071f78
7495000: system.cpu: T0 : 0x149f0    : fence iorw, ow             : No_OpClass : 
7495500: system.cpu: T0 : 0x149f4    : amoswap_w a4, a4, (a3)    
7495500: system.cpu: T0 : 0x149f4. 0 : amoswap_w[l] a4, a4, (a3)  : MemRead :  D=0x0000000000000001 A=0x71f78
7496000: system.cpu: T0 : 0x149f8    : c_addiw a4, 0              : IntAlu :  D=0x0000000000000001
7497000: system.cpu: T0 : 0x149fa    : blt s3, a4, 172            : IntAlu : 
7497500: system.cpu: T0 : 0x149fe    : c_slli a5, 5               : IntAlu :  D=0x0000000000000000
7498000: system.cpu: T0 : 0x14a00    : c_add a5, s10              : IntAlu :  D=0x0000000000071170
7498500: system.cpu: T0 : 0x14a02    : c_ld a4, 16(a5)            : MemRead :  D=0x0000000000000004 A=0x71180
7499000: system.cpu: T0 : 0x14a04    : beq a4, s5, 146            : IntAlu : 
7499500: system.cpu: T0 : 0x14a08    : bne a4, s2, -78            : IntAlu : 
7500000: system.cpu: T0 : 0x14a0c    : c_ld a4, 24(a5)            : MemRead :  D=0x0000000000010bf4 A=0x71188
7500500: system.cpu: T0 : 0x14a0e    : c_ld a0, 32(a5)            : MemRead :  D=0x0000000000000000 A=0x71190
7501000: system.cpu: T0 : 0x14a10    : sd zero, 16(a5)            : MemWrite :  D=0x0000000000000000 A=0x71180
7501500: system.cpu: T0 : 0x14a14    : c_mv a1, s6                : IntAlu :  D=0x0000000000000001
7502000: system.cpu: T0 : 0x14a16    : c_jalr a4                  : IntAlu :  D=0x0000000000014a18
7502500: system.cpu: T0 : 0x10bf4    : c_addi sp, -32             : IntAlu :  D=0x7ffffffffffffd40
7503000: system.cpu: T0 : 0x10bf6    : c_sdsp s0, 16(sp)          : MemWrite :  D=0x0000000000000001 A=0x7ffffffffffffd50
7503500: system.cpu: T0 : 0x10bf8    : lui a5, 111                : IntAlu :  D=0x000000000006f000
7504000: system.cpu: T0 : 0x10bfc    : lui s0, 111                : IntAlu :  D=0x000000000006f000
7504500: system.cpu: T0 : 0x10c00    : addi s0, s0, -1280         : IntAlu :  D=0x000000000006eb00
7505000: system.cpu: T0 : 0x10c04    : addi a5, a5, -1264         : IntAlu :  D=0x000000000006eb10
7505500: system.cpu: T0 : 0x10c08    : c_sub a5, s0               : IntAlu :  D=0x0000000000000010
7506000: system.cpu: T0 : 0x10c0a    : c_sdsp ra, 24(sp)          : MemWrite :  D=0x0000000000014a18 A=0x7ffffffffffffd58
7506500: system.cpu: T0 : 0x10c0c    : c_sdsp s1, 8(sp)           : MemWrite :  D=0x0000000000000002 A=0x7ffffffffffffd48
7507000: system.cpu: T0 : 0x10c0e    : c_sdsp s2, 0(sp)           : MemWrite :  D=0x0000000000000004 A=0x7ffffffffffffd40
7507500: system.cpu: T0 : 0x10c10    : srai a4, a5, 3             : IntAlu :  D=0x0000000000000002
7508000: system.cpu: T0 : 0x10c14    : c_beqz a4, 24              : IntAlu : 
7508500: system.cpu: T0 : 0x10c16    : c_addi a5, -8              : IntAlu :  D=0x0000000000000008
7509000: system.cpu: T0 : 0x10c18    : addi s1, a4, -1            : IntAlu :  D=0x0000000000000001
7509500: system.cpu: T0 : 0x10c1c    : c_add s0, a5               : IntAlu :  D=0x000000000006eb08
7510000: system.cpu: T0 : 0x10c1e    : c_li s2, -1                : IntAlu :  D=0xffffffffffffffff
7510500: system.cpu: T0 : 0x10c20    : c_ld a5, 0(s0)             : MemRead :  D=0x0000000000010340 A=0x6eb08
7511000: system.cpu: T0 : 0x10c22    : c_addi s1, -1              : IntAlu :  D=0x0000000000000000
7511500: system.cpu: T0 : 0x10c24    : c_addi s0, -8              : IntAlu :  D=0x000000000006eb00
7512000: system.cpu: T0 : 0x10c26    : c_jalr a5                  : IntAlu :  D=0x0000000000010c28
7512500: system.cpu: T0 : 0x10340    : addi a0, gp, 1616          : IntAlu :  D=0x00000000000716a8
7513000: system.cpu: T0 : 0x10344    : jal zero, 209466           : IntAlu :  D=0x0000000000010348
7513500: system.cpu: T0 : 0x4357e    : c_addi sp, -32             : IntAlu :  D=0x7ffffffffffffd20
7514000: system.cpu: T0 : 0x43580    : c_sdsp s1, 8(sp)           : MemWrite :  D=0x0000000000000000 A=0x7ffffffffffffd28
7514500: system.cpu: T0 : 0x43582    : c_ld s1, 0(a0)             : MemRead :  D=0x0000000000000000 A=0x716a8
7515000: system.cpu: T0 : 0x43584    : c_sdsp ra, 24(sp)          : MemWrite :  D=0x0000000000010c28 A=0x7ffffffffffffd38
7515500: system.cpu: T0 : 0x43586    : c_sdsp s0, 16(sp)          : MemWrite :  D=0x000000000006eb00 A=0x7ffffffffffffd30
7516000: system.cpu: T0 : 0x43588    : c_beqz s1, 20              : IntAlu : 
7516500: system.cpu: T0 : 0x4359c    : c_ldsp ra, 24(sp)          : MemRead :  D=0x0000000000010c28 A=0x7ffffffffffffd38
7517000: system.cpu: T0 : 0x4359e    : c_ldsp s0, 16(sp)          : MemRead :  D=0x000000000006eb00 A=0x7ffffffffffffd30
7517500: system.cpu: T0 : 0x435a0    : c_ldsp s1, 8(sp)           : MemRead :  D=0x0000000000000000 A=0x7ffffffffffffd28
7518000: system.cpu: T0 : 0x435a2    : c_addi16sp sp, 32          : IntAlu :  D=0x7ffffffffffffd40
7518500: system.cpu: T0 : 0x435a4    : c_jr ra                    : IntAlu : 
7519000: system.cpu: T0 : 0x10c28    : bne s1, s2, -8             : IntAlu : 
7519500: system.cpu: T0 : 0x10c20    : c_ld a5, 0(s0)             : MemRead :  D=0x00000000000103d6 A=0x6eb00
7520000: system.cpu: T0 : 0x10c22    : c_addi s1, -1              : IntAlu :  D=0xffffffffffffffff
7520500: system.cpu: T0 : 0x10c24    : c_addi s0, -8              : IntAlu :  D=0x000000000006eaf8
7521000: system.cpu: T0 : 0x10c26    : c_jalr a5                  : IntAlu :  D=0x0000000000010c28
7521500: system.cpu: T0 : 0x103d6    : c_addi sp, -16             : IntAlu :  D=0x7ffffffffffffd30
7522000: system.cpu: T0 : 0x103d8    : c_sdsp s0, 0(sp)           : MemWrite :  D=0x000000000006eaf8 A=0x7ffffffffffffd30
7523000: system.cpu: T0 : 0x103da    : lbu a5, -1016(gp)          : MemRead :  D=0x0000000000000000 A=0x70c60
7523500: system.cpu: T0 : 0x103de    : c_sdsp ra, 8(sp)           : MemWrite :  D=0x0000000000010c28 A=0x7ffffffffffffd38
7524000: system.cpu: T0 : 0x103e0    : c_bnez a5, 34              : IntAlu : 
7525000: system.cpu: T0 : 0x103e2    : jal ra, -96                : IntAlu :  D=0x00000000000103e6
7526000: system.cpu: T0 : 0x10382    : lui a0, 112                : IntAlu :  D=0x0000000000070000
7527000: system.cpu: T0 : 0x10386    : lui a4, 112                : IntAlu :  D=0x0000000000070000
7528000: system.cpu: T0 : 0x1038a    : addi a5, a0, 2032          : IntAlu :  D=0x00000000000707f0
7529000: system.cpu: T0 : 0x1038e    : addi a4, a4, 2032          : IntAlu :  D=0x00000000000707f0
7530000: system.cpu: T0 : 0x10392    : beq a4, a5, 18             : IntAlu : 
7530500: system.cpu: T0 : 0x103a4    : c_jr ra                    : IntAlu : 
7531500: system.cpu: T0 : 0x103e6    : lui a5, 76                 : IntAlu :  D=0x000000000004c000
7532500: system.cpu: T0 : 0x103ea    : addi a5, a5, 2024          : IntAlu :  D=0x000000000004c7e8
7533000: system.cpu: T0 : 0x103ee    : c_beqz a5, 14              : IntAlu : 
7533500: system.cpu: T0 : 0x103f0    : lui a0, 106                : IntAlu :  D=0x000000000006a000
7534000: system.cpu: T0 : 0x103f4    : addi a0, a0, 848           : IntAlu :  D=0x000000000006a350
7534500: system.cpu: T0 : 0x103f8    : jal ra, 246768             : IntAlu :  D=0x00000000000103fc
7535000: system.cpu: T0 : 0x4c7e8    : c_j -222                   : IntAlu : 
7535500: system.cpu: T0 : 0x4c70a    : c_addi sp, -32             : IntAlu :  D=0x7ffffffffffffd10
7536000: system.cpu: T0 : 0x4c70c    : c_sdsp ra, 24(sp)          : MemWrite :  D=0x00000000000103fc A=0x7ffffffffffffd28
7536500: system.cpu: T0 : 0x4c70e    : c_sdsp s0, 16(sp)          : MemWrite :  D=0x000000000006eaf8 A=0x7ffffffffffffd20
7537000: system.cpu: T0 : 0x4c710    : c_sdsp s1, 8(sp)           : MemWrite :  D=0xffffffffffffffff A=0x7ffffffffffffd18
7537500: system.cpu: T0 : 0x4c712    : c_sdsp s2, 0(sp)           : MemWrite :  D=0xffffffffffffffff A=0x7ffffffffffffd10
7538000: system.cpu: T0 : 0x4c714    : c_beqz a0, 160             : IntAlu : 
7538500: system.cpu: T0 : 0x4c716    : c_lw a5, 0(a0)             : MemRead :  D=0x000000000000001c A=0x6a350
7539000: system.cpu: T0 : 0x4c718    : c_mv s1, a0                : IntAlu :  D=0x000000000006a350
7539500: system.cpu: T0 : 0x4c71a    : c_beqz a5, 154             : IntAlu : 
7540000: system.cpu: T0 : 0x4c71c    : auipc s2, 36               : IntAlu :  D=0x000000000007071c
7540500: system.cpu: T0 : 0x4c720    : ld s2, 244(s2)             : MemRead :  D=0x0000000000000000 A=0x70810
7541000: system.cpu: T0 : 0x4c724    : beq s2, zero, 22           : IntAlu : 
7542000: system.cpu: T0 : 0x4c73a    : addi a2, gp, 1880          : IntAlu :  D=0x00000000000717b0
7543000: system.cpu: T0 : 0x4c73e    : ld a5, 448(a2)             : MemRead :  D=0x0000000000070c68 A=0x71970
7543500: system.cpu: T0 : 0x4c742    : c_beqz a5, 66              : IntAlu : 
7544000: system.cpu: T0 : 0x4c744    : auipc a3, 37               : IntAlu :  D=0x0000000000071744
7544500: system.cpu: T0 : 0x4c748    : addi a3, a3, 556           : IntAlu :  D=0x0000000000071970
7545000: system.cpu: T0 : 0x4c74c    : c_j 8                      : IntAlu : 
7545500: system.cpu: T0 : 0x4c754    : c_ld a4, 24(a5)            : MemRead :  D=0x000000000006a350 A=0x70c80
7546000: system.cpu: T0 : 0x4c756    : c_mv s0, a5                : IntAlu :  D=0x0000000000070c68
7546500: system.cpu: T0 : 0x4c758    : c_ld a5, 40(a5)            : MemRead :  D=0x0000000000000000 A=0x70c90
7547500: system.cpu: T0 : 0x4c75a    : bne s1, a4, -12            : IntAlu : 
7548000: system.cpu: T0 : 0x4c75e    : c_sd a5, 0(a3)             : MemWrite :  D=0x0000000000000000 A=0x71970
7548500: system.cpu: T0 : 0x4c760    : beq s2, zero, 22           : IntAlu : 
7549000: system.cpu: T0 : 0x4c776    : c_ldsp ra, 24(sp)          : MemRead :  D=0x00000000000103fc A=0x7ffffffffffffd28
7549500: system.cpu: T0 : 0x4c778    : c_mv a0, s0                : IntAlu :  D=0x0000000000070c68
7550000: system.cpu: T0 : 0x4c77a    : c_ldsp s0, 16(sp)          : MemRead :  D=0x000000000006eaf8 A=0x7ffffffffffffd20
7550500: system.cpu: T0 : 0x4c77c    : c_ldsp s1, 8(sp)           : MemRead :  D=0xffffffffffffffff A=0x7ffffffffffffd18
7551000: system.cpu: T0 : 0x4c77e    : c_ldsp s2, 0(sp)           : MemRead :  D=0xffffffffffffffff A=0x7ffffffffffffd10
7551500: system.cpu: T0 : 0x4c780    : c_addi16sp sp, 32          : IntAlu :  D=0x7ffffffffffffd30
7552000: system.cpu: T0 : 0x4c782    : c_jr ra                    : IntAlu : 
7552500: system.cpu: T0 : 0x103fc    : c_li a5, 1                 : IntAlu :  D=0x0000000000000001
7553500: system.cpu: T0 : 0x103fe    : sb a5, -1016(gp)           : MemWrite :  D=0x0000000000000001 A=0x70c60
7554000: system.cpu: T0 : 0x10402    : c_ldsp ra, 8(sp)           : MemRead :  D=0x0000000000010c28 A=0x7ffffffffffffd38
7554500: system.cpu: T0 : 0x10404    : c_ldsp s0, 0(sp)           : MemRead :  D=0x000000000006eaf8 A=0x7ffffffffffffd30
7555000: system.cpu: T0 : 0x10406    : c_addi sp, 16              : IntAlu :  D=0x7ffffffffffffd40
7555500: system.cpu: T0 : 0x10408    : c_jr ra                    : IntAlu : 
7556000: system.cpu: T0 : 0x10c28    : bne s1, s2, -8             : IntAlu : 
7556500: system.cpu: T0 : 0x10c2c    : c_ldsp ra, 24(sp)          : MemRead :  D=0x0000000000014a18 A=0x7ffffffffffffd58
7557000: system.cpu: T0 : 0x10c2e    : c_ldsp s0, 16(sp)          : MemRead :  D=0x0000000000000001 A=0x7ffffffffffffd50
7557500: system.cpu: T0 : 0x10c30    : c_ldsp s1, 8(sp)           : MemRead :  D=0x0000000000000002 A=0x7ffffffffffffd48
7558000: system.cpu: T0 : 0x10c32    : c_ldsp s2, 0(sp)           : MemRead :  D=0x0000000000000004 A=0x7ffffffffffffd40
7558500: system.cpu: T0 : 0x10c34    : c_addi16sp sp, 32          : IntAlu :  D=0x7ffffffffffffd60
7559000: system.cpu: T0 : 0x10c36    : c_jr ra                    : IntAlu : 
7559500: system.cpu: T0 : 0x14a18    : addi a4, s9, -136          : IntAlu :  D=0x0000000000071f78
7560000: system.cpu: T0 : 0x14a1c    : lr_w a5, (a4)             
7560000: system.cpu: T0 : 0x14a1c. 0 : lr_w a5, (a4)              : MemRead :  D=0x0000000000000000 A=0x71f78
7560500: system.cpu: T0 : 0x14a20    : c_bnez a5, 8               : IntAlu : 
7561500: system.cpu: T0 : 0x14a22    : sc_w_aq a3, s0, (a4)      
7561500: system.cpu: T0 : 0x14a22. 0 : sc_w a3, s0, (a4)          : MemWrite :  D=0x0000000000000000 A=0x71f78
7562000: system.cpu: T0 : 0x14a22. 1 : 0x1c8726af fence           : No_OpClass : 
7562500: system.cpu: T0 : 0x14a26    : c_bnez a3, -10             : IntAlu : 
7563000: system.cpu: T0 : 0x14a28    : c_addiw a5, 0              : IntAlu :  D=0x0000000000000000
7563500: system.cpu: T0 : 0x14a2a    : c_beqz a5, -88             : IntAlu : 
7564500: system.cpu: T0 : 0x149d2    : ld a5, -128(s11)           : MemRead :  D=0x0000000000000001 A=0x71f80
7565500: system.cpu: T0 : 0x149d6    : bne a5, s8, 102            : IntAlu : 
7566500: system.cpu: T0 : 0x149da    : ld a5, 8(s10)              : MemRead :  D=0x0000000000000000 A=0x71178
7567000: system.cpu: T0 : 0x149de    : c_beqz a5, 222             : IntAlu : 
7567500: system.cpu: T0 : 0x14abc    : ld a5, 0(s10)              : MemRead :  D=0x0000000000000000 A=0x71170
7568000: system.cpu: T0 : 0x14ac0    : sd a5, 0(s7)               : MemWrite :  D=0x0000000000000000 A=0x708c8
7568500: system.cpu: T0 : 0x14ac4    : c_beqz a5, 8               : IntAlu : 
7569000: system.cpu: T0 : 0x14acc    : c_mv a5, s4                : IntAlu :  D=0x0000000000000000
7570000: system.cpu: T0 : 0x14ace    : addi a4, s9, -136          : IntAlu :  D=0x0000000000071f78
7571000: system.cpu: T0 : 0x14ad2    : fence iorw, ow             : No_OpClass : 
7572000: system.cpu: T0 : 0x14ad6    : amoswap_w a5, a5, (a4)    
7572000: system.cpu: T0 : 0x14ad6. 0 : amoswap_w[l] a5, a5, (a4)  : MemRead :  D=0x0000000000000001 A=0x71f78
7572500: system.cpu: T0 : 0x14ada    : c_addiw a5, 0              : IntAlu :  D=0x0000000000000001
7573000: system.cpu: T0 : 0x14adc    : bge s3, a5, -332           : IntAlu : 
7573500: system.cpu: T0 : 0x14990    : c_li a4, 1                 : IntAlu :  D=0x0000000000000001
7574500: system.cpu: T0 : 0x14992    : addi a3, s9, -136          : IntAlu :  D=0x0000000000071f78
7575500: system.cpu: T0 : 0x14996    : lr_w a5, (a3)             
7575500: system.cpu: T0 : 0x14996. 0 : lr_w a5, (a3)              : MemRead :  D=0x0000000000000000 A=0x71f78
7576000: system.cpu: T0 : 0x1499a    : c_bnez a5, 8               : IntAlu : 
7576500: system.cpu: T0 : 0x1499c    : sc_w_aq a2, a4, (a3)      
7576500: system.cpu: T0 : 0x1499c. 0 : sc_w a2, a4, (a3)          : MemWrite :  D=0x0000000000000000 A=0x71f78
7577000: system.cpu: T0 : 0x1499c. 1 : 0x1ce6a62f fence           : No_OpClass : 
7577500: system.cpu: T0 : 0x149a0    : c_bnez a2, -10             : IntAlu : 
7578000: system.cpu: T0 : 0x149a2    : c_addiw a5, 0              : IntAlu :  D=0x0000000000000000
7578500: system.cpu: T0 : 0x149a4    : bne a5, zero, 338          : IntAlu : 
7579000: system.cpu: T0 : 0x149a8    : ld s10, 0(s7)              : MemRead :  D=0x0000000000000000 A=0x708c8
7579500: system.cpu: T0 : 0x149ac    : beq s10, zero, 152         : IntAlu : 
7580000: system.cpu: T0 : 0x14a44    : c_li a4, 1                 : IntAlu :  D=0x0000000000000001
7581000: system.cpu: T0 : 0x14a46    : sb a4, -1476(gp)           : MemWrite :  D=0x0000000000000001 A=0x70a94
7581500: system.cpu: T0 : 0x14a4a    : c_li a5, 0                 : IntAlu :  D=0x0000000000000000
7582000: system.cpu: T0 : 0x14a4c    : addi a4, s9, -136          : IntAlu :  D=0x0000000000071f78
7582500: system.cpu: T0 : 0x14a50    : fence iorw, ow             : No_OpClass : 
7583000: system.cpu: T0 : 0x14a54    : amoswap_w a5, a5, (a4)    
7583000: system.cpu: T0 : 0x14a54. 0 : amoswap_w[l] a5, a5, (a4)  : MemRead :  D=0x0000000000000001 A=0x71f78
7583500: system.cpu: T0 : 0x14a58    : c_addiw a5, 0              : IntAlu :  D=0x0000000000000001
7584000: system.cpu: T0 : 0x14a5a    : c_li a4, 1                 : IntAlu :  D=0x0000000000000001
7584500: system.cpu: T0 : 0x14a5c    : blt a4, a5, 174            : IntAlu : 
7585000: system.cpu: T0 : 0x14a60    : c_ldsp a5, 8(sp)           : MemRead :  D=0x0000000000000001 A=0x7ffffffffffffd68
7585500: system.cpu: T0 : 0x14a62    : c_beqz a5, 46              : IntAlu : 
7586000: system.cpu: T0 : 0x14a64    : lui s0, 106                : IntAlu :  D=0x000000000006a000
7586500: system.cpu: T0 : 0x14a68    : lui a5, 106                : IntAlu :  D=0x000000000006a000
7587000: system.cpu: T0 : 0x14a6c    : addi s1, s0, 800           : IntAlu :  D=0x000000000006a320
7587500: system.cpu: T0 : 0x14a70    : addi a5, a5, 808           : IntAlu :  D=0x000000000006a328
7588000: system.cpu: T0 : 0x14a74    : bgeu s1, a5, 28            : IntAlu : 
7588500: system.cpu: T0 : 0x14a78    : c_addi a5, -1              : IntAlu :  D=0x000000000006a327
7589000: system.cpu: T0 : 0x14a7a    : c_sub a5, s1               : IntAlu :  D=0x0000000000000007
7589500: system.cpu: T0 : 0x14a7c    : c_andi a5, 18446744073709551608 : IntAlu :  D=0x0000000000000000
7590000: system.cpu: T0 : 0x14a7e    : c_addi a5, 8               : IntAlu :  D=0x0000000000000008
7590500: system.cpu: T0 : 0x14a80    : c_add s1, a5               : IntAlu :  D=0x000000000006a328
7591500: system.cpu: T0 : 0x14a82    : addi s0, s0, 800           : IntAlu :  D=0x000000000006a320
7592000: system.cpu: T0 : 0x14a86    : c_ld a5, 0(s0)             : MemRead :  D=0x00000000000199b2 A=0x6a320
7592500: system.cpu: T0 : 0x14a88    : c_addi s0, 8               : IntAlu :  D=0x000000000006a328
7593000: system.cpu: T0 : 0x14a8a    : c_jalr a5                  : IntAlu :  D=0x0000000000014a8c
7593500: system.cpu: T0 : 0x199b2    : c_addi16sp sp, -176        : IntAlu :  D=0x7ffffffffffffcb0
7594000: system.cpu: T0 : 0x199b4    : c_sdsp s6, 112(sp)         : MemWrite :  D=0x0000000000000001 A=0x7ffffffffffffd20
7595000: system.cpu: T0 : 0x199b6    : lui s6, 111                : IntAlu :  D=0x000000000006f000
7596000: system.cpu: T0 : 0x199ba    : ld a5, -1264(s6)           : MemRead :  D=0x2e2e000000000000 A=0x6eb10
7596500: system.cpu: T0 : 0x199be    : c_sdsp s3, 136(sp)         : MemWrite :  D=0x0000000000000001 A=0x7ffffffffffffd38
7597000: system.cpu: T0 : 0x199c0    : c_li a0, 0                 : IntAlu :  D=0x0000000000000000
7597500: system.cpu: T0 : 0x199c2    : c_sdsp s5, 120(sp)         : MemWrite :  D=0x0000000000000003 A=0x7ffffffffffffd28
7598000: system.cpu: T0 : 0x199c4    : c_sdsp ra, 168(sp)         : MemWrite :  D=0x0000000000014a8c A=0x7ffffffffffffd58
7598500: system.cpu: T0 : 0x199c6    : c_sdsp s0, 160(sp)         : MemWrite :  D=0x000000000006a328 A=0x7ffffffffffffd50
7599000: system.cpu: T0 : 0x199c8    : c_sdsp s1, 152(sp)         : MemWrite :  D=0x000000000006a328 A=0x7ffffffffffffd48
7599500: system.cpu: T0 : 0x199ca    : c_sdsp s2, 144(sp)         : MemWrite :  D=0x0000000000000004 A=0x7ffffffffffffd40
7600000: system.cpu: T0 : 0x199cc    : c_sdsp s4, 128(sp)         : MemWrite :  D=0x0000000000000000 A=0x7ffffffffffffd30
7600500: system.cpu: T0 : 0x199ce    : c_sdsp s7, 104(sp)         : MemWrite :  D=0x00000000000708c8 A=0x7ffffffffffffd18
7601000: system.cpu: T0 : 0x199d0    : c_sdsp s8, 96(sp)          : MemWrite :  D=0x0000000000000001 A=0x7ffffffffffffd10
7601500: system.cpu: T0 : 0x199d2    : c_sdsp s9, 88(sp)          : MemWrite :  D=0x0000000000072000 A=0x7ffffffffffffd08
7602000: system.cpu: T0 : 0x199d4    : c_sdsp s10, 80(sp)         : MemWrite :  D=0x0000000000000000 A=0x7ffffffffffffd00
7602500: system.cpu: T0 : 0x199d6    : c_sdsp s11, 72(sp)         : MemWrite :  D=0x0000000000072000 A=0x7ffffffffffffcf8
7603000: system.cpu: T0 : 0x199d8    : c_sdsp a5, 56(sp)          : MemWrite :  D=0x2e2e000000000000 A=0x7ffffffffffffce8
7604000: system.cpu: T0 : 0x199da    : addi s3, zero, 0           : IntAlu :  D=0x0000000000000000
7605000: system.cpu: T0 : 0x199de    : jal ra, -556               : IntAlu :  D=0x00000000000199e2
7605500: system.cpu: T0 : 0x197b2    : c_addi16sp sp, -176        : IntAlu :  D=0x7ffffffffffffc00
7606000: system.cpu: T0 : 0x197b4    : c_sdsp s5, 120(sp)         : MemWrite :  D=0x0000000000000003 A=0x7ffffffffffffc78
7607000: system.cpu: T0 : 0x197b6    : lui s5, 111                : IntAlu :  D=0x000000000006f000
7608000: system.cpu: T0 : 0x197ba    : ld a5, -1264(s5)           : MemRead :  D=0x2e2e000000000000 A=0x6eb10
7608500: system.cpu: T0 : 0x197be    : c_sdsp s3, 136(sp)         : MemWrite :  D=0x0000000000000000 A=0x7ffffffffffffc88
7609000: system.cpu: T0 : 0x197c0    : c_sdsp s9, 88(sp)          : MemWrite :  D=0x0000000000072000 A=0x7ffffffffffffc58
7609500: system.cpu: T0 : 0x197c2    : c_sdsp ra, 168(sp)         : MemWrite :  D=0x00000000000199e2 A=0x7ffffffffffffca8
7610000: system.cpu: T0 : 0x197c4    : c_sdsp s0, 160(sp)         : MemWrite :  D=0x000000000006a328 A=0x7ffffffffffffca0
7610500: system.cpu: T0 : 0x197c6    : c_sdsp s1, 152(sp)         : MemWrite :  D=0x000000000006a328 A=0x7ffffffffffffc98
7611000: system.cpu: T0 : 0x197c8    : c_sdsp s2, 144(sp)         : MemWrite :  D=0x0000000000000004 A=0x7ffffffffffffc90
7611500: system.cpu: T0 : 0x197ca    : c_sdsp s4, 128(sp)         : MemWrite :  D=0x0000000000000000 A=0x7ffffffffffffc80
7612000: system.cpu: T0 : 0x197cc    : c_sdsp s6, 112(sp)         : MemWrite :  D=0x000000000006f000 A=0x7ffffffffffffc70
7612500: system.cpu: T0 : 0x197ce    : c_sdsp s7, 104(sp)         : MemWrite :  D=0x00000000000708c8 A=0x7ffffffffffffc68
7613000: system.cpu: T0 : 0x197d0    : c_sdsp s8, 96(sp)          : MemWrite :  D=0x0000000000000001 A=0x7ffffffffffffc60
7613500: system.cpu: T0 : 0x197d2    : c_sdsp s10, 80(sp)         : MemWrite :  D=0x0000000000000000 A=0x7ffffffffffffc50
7614000: system.cpu: T0 : 0x197d4    : c_sdsp s11, 72(sp)         : MemWrite :  D=0x0000000000072000 A=0x7ffffffffffffc48
7614500: system.cpu: T0 : 0x197d6    : c_sdsp a5, 56(sp)          : MemWrite :  D=0x2e2e000000000000 A=0x7ffffffffffffc38
7615000: system.cpu: T0 : 0x197d8    : addi s3, zero, 0           : IntAlu :  D=0x0000000000000000
7615500: system.cpu: T0 : 0x197dc    : c_mv s9, a0                : IntAlu :  D=0x0000000000000000
7616500: system.cpu: T0 : 0x197de    : beq s3, zero, 428          : IntAlu : 
7617000: system.cpu: T0 : 0x1998a    : c_lui a5, 25               : IntAlu :  D=0x0000000000019000
7617500: system.cpu: T0 : 0x1998c    : addi a5, a5, -1528         : IntAlu :  D=0x0000000000018a08
7618000: system.cpu: T0 : 0x19990    : c_sdsp a5, 24(sp)          : MemWrite :  D=0x0000000000018a08 A=0x7ffffffffffffc18
7618500: system.cpu: T0 : 0x19992    : c_sdsp zero, 32(sp)        : MemWrite :  D=0x0000000000000000 A=0x7ffffffffffffc20
7619000: system.cpu: T0 : 0x19994    : c_j -416                   : IntAlu : 
7619500: system.cpu: T0 : 0x197f4    : addi s8, gp, 1320          : IntAlu :  D=0x0000000000071580
7620000: system.cpu: T0 : 0x197f8    : ld a5, 8(s8)               : MemRead :  D=0x0000000000000000 A=0x71588
7620500: system.cpu: T0 : 0x197fc    : addi s0, tp, -1808         : IntAlu :  D=0x0000000000073000
7621000: system.cpu: T0 : 0x19800    : beq a5, s0, 28             : IntAlu : 
7621500: system.cpu: T0 : 0x19804    : c_li a3, 1                 : IntAlu :  D=0x0000000000000001
7622500: system.cpu: T0 : 0x19806    : lr_w a5, (s8)             
7622500: system.cpu: T0 : 0x19806. 0 : lr_w a5, (s8)              : MemRead :  D=0x0000000000000000 A=0x71580
7623000: system.cpu: T0 : 0x1980a    : c_bnez a5, 8               : IntAlu : 
7623500: system.cpu: T0 : 0x1980c    : sc_w_aq a4, a3, (s8)      
7623500: system.cpu: T0 : 0x1980c. 0 : sc_w a4, a3, (s8)          : MemWrite :  D=0x0000000000000000 A=0x71580
7624000: system.cpu: T0 : 0x1980c. 1 : 0x1cdc272f fence           : No_OpClass : 
7624500: system.cpu: T0 : 0x19810    : c_bnez a4, -10             : IntAlu : 
7625000: system.cpu: T0 : 0x19812    : c_addiw a5, 0              : IntAlu :  D=0x0000000000000000
7625500: system.cpu: T0 : 0x19814    : bne a5, zero, 386          : IntAlu : 
7626000: system.cpu: T0 : 0x19818    : sd s0, 8(s8)               : MemWrite :  D=0x0000000000073000 A=0x71588
7626500: system.cpu: T0 : 0x1981c    : lw a4, 4(s8)               : MemRead :  D=0x0000000000000000 A=0x71584
7627000: system.cpu: T0 : 0x19820    : ld s0, -1920(gp)           : MemRead :  D=0x000000000006f000 A=0x708d8
7627500: system.cpu: T0 : 0x19824    : addiw a3, a4, 1            : IntAlu :  D=0x0000000000000001
7628000: system.cpu: T0 : 0x19828    : sw a3, 4(s8)               : MemWrite :  D=0x0000000000000001 A=0x71584
7628500: system.cpu: T0 : 0x1982c    : beq s0, zero, 382          : IntAlu : 
7629000: system.cpu: T0 : 0x19830    : lui s1, 106                : IntAlu :  D=0x000000000006a000
7629500: system.cpu: T0 : 0x19834    : lui s2, 106                : IntAlu :  D=0x000000000006a000
7630000: system.cpu: T0 : 0x19838    : addi s2, s2, -712          : IntAlu :  D=0x0000000000069d38
7630500: system.cpu: T0 : 0x1983c    : addi s1, s1, 800           : IntAlu :  D=0x000000000006a320
7631000: system.cpu: T0 : 0x19840    : c_li s4, 0                 : IntAlu :  D=0x0000000000000000
7631500: system.cpu: T0 : 0x19842    : c_lui s11, 8               : IntAlu :  D=0x0000000000008000
7632000: system.cpu: T0 : 0x19844    : c_li s6, 1                 : IntAlu :  D=0x0000000000000001
7633000: system.cpu: T0 : 0x19846    : sub s1, s1, s2             : IntAlu :  D=0x00000000000005e8
7634000: system.cpu: T0 : 0x1984a    : sd s0, -1456(gp)           : MemWrite :  D=0x000000000006f000 A=0x70aa8
7635000: system.cpu: T0 : 0x1984e    : beq s9, zero, 54           : IntAlu : 
7635500: system.cpu: T0 : 0x19884    : lw a5, 192(s0)             : MemRead :  D=0x0000000000000000 A=0x6f0c0
7636000: system.cpu: T0 : 0x19888    : bge zero, a5, 150          : IntAlu : 
7636500: system.cpu: T0 : 0x1991e    : c_ld a3, 40(s0)            : MemRead :  D=0x0000000000000000 A=0x6f028
7637000: system.cpu: T0 : 0x19920    : c_ld a5, 32(s0)            : MemRead :  D=0x0000000000000000 A=0x6f020
7638000: system.cpu: T0 : 0x19922    : bgeu a5, a3, -116          : IntAlu : 
7639000: system.cpu: T0 : 0x198ae    : beq s9, zero, 28           : IntAlu : 
7639500: system.cpu: T0 : 0x198ca    : c_ld s0, 104(s0)           : MemRead :  D=0x000000000006f1c8 A=0x6f068
7640000: system.cpu: T0 : 0x198cc    : sd zero, -1456(gp)         : MemWrite :  D=0x0000000000000000 A=0x70aa8
7640500: system.cpu: T0 : 0x198d0    : c_bnez s0, -134            : IntAlu : 
7641500: system.cpu: T0 : 0x1984a    : sd s0, -1456(gp)           : MemWrite :  D=0x000000000006f1c8 A=0x70aa8
7642500: system.cpu: T0 : 0x1984e    : beq s9, zero, 54           : IntAlu : 
7643000: system.cpu: T0 : 0x19884    : lw a5, 192(s0)             : MemRead :  D=0x0000000000000000 A=0x6f288
7643500: system.cpu: T0 : 0x19888    : bge zero, a5, 150          : IntAlu : 
7644000: system.cpu: T0 : 0x1991e    : c_ld a3, 40(s0)            : MemRead :  D=0x0000000000000000 A=0x6f1f0
7644500: system.cpu: T0 : 0x19920    : c_ld a5, 32(s0)            : MemRead :  D=0x0000000000000000 A=0x6f1e8
7645500: system.cpu: T0 : 0x19922    : bgeu a5, a3, -116          : IntAlu : 
7646500: system.cpu: T0 : 0x198ae    : beq s9, zero, 28           : IntAlu : 
7647000: system.cpu: T0 : 0x198ca    : c_ld s0, 104(s0)           : MemRead :  D=0x000000000006f390 A=0x6f230
7647500: system.cpu: T0 : 0x198cc    : sd zero, -1456(gp)         : MemWrite :  D=0x0000000000000000 A=0x70aa8
7648000: system.cpu: T0 : 0x198d0    : c_bnez s0, -134            : IntAlu : 
7649000: system.cpu: T0 : 0x1984a    : sd s0, -1456(gp)           : MemWrite :  D=0x000000000006f390 A=0x70aa8
7650000: system.cpu: T0 : 0x1984e    : beq s9, zero, 54           : IntAlu : 
7650500: system.cpu: T0 : 0x19884    : lw a5, 192(s0)             : MemRead :  D=0x0000000000000000 A=0x6f450
7651000: system.cpu: T0 : 0x19888    : bge zero, a5, 150          : IntAlu : 
7651500: system.cpu: T0 : 0x1991e    : c_ld a3, 40(s0)            : MemRead :  D=0x0000000000000000 A=0x6f3b8
7652000: system.cpu: T0 : 0x19920    : c_ld a5, 32(s0)            : MemRead :  D=0x0000000000000000 A=0x6f3b0
7653000: system.cpu: T0 : 0x19922    : bgeu a5, a3, -116          : IntAlu : 
7654000: system.cpu: T0 : 0x198ae    : beq s9, zero, 28           : IntAlu : 
7654500: system.cpu: T0 : 0x198ca    : c_ld s0, 104(s0)           : MemRead :  D=0x0000000000000000 A=0x6f3f8
7655000: system.cpu: T0 : 0x198cc    : sd zero, -1456(gp)         : MemWrite :  D=0x0000000000000000 A=0x70aa8
7655500: system.cpu: T0 : 0x198d0    : c_bnez s0, -134            : IntAlu : 
7656500: system.cpu: T0 : 0x198d2    : lw a5, 4(s8)               : MemRead :  D=0x0000000000000001 A=0x71584
7657500: system.cpu: T0 : 0x198d6    : addiw a4, a5, -1           : IntAlu :  D=0x0000000000000000
7658500: system.cpu: T0 : 0x198da    : sw a4, 4(s8)               : MemWrite :  D=0x0000000000000000 A=0x71584
7659000: system.cpu: T0 : 0x198de    : c_beqz a4, 128             : IntAlu : 
7660000: system.cpu: T0 : 0x1995e    : sd zero, 8(s8)             : MemWrite :  D=0x0000000000000000 A=0x71588
7660500: system.cpu: T0 : 0x19962    : c_mv a5, a4                : IntAlu :  D=0x0000000000000000
7661000: system.cpu: T0 : 0x19964    : fence iorw, ow             : No_OpClass : 
7661500: system.cpu: T0 : 0x19968    : amoswap_w a5, a5, (s8)    
7661500: system.cpu: T0 : 0x19968. 0 : amoswap_w[l] a5, a5, (s8)  : MemRead :  D=0x0000000000000001 A=0x71580
7662000: system.cpu: T0 : 0x1996c    : c_addiw a5, 0              : IntAlu :  D=0x0000000000000001
7662500: system.cpu: T0 : 0x1996e    : c_li a4, 1                 : IntAlu :  D=0x0000000000000001
7663000: system.cpu: T0 : 0x19970    : bge a4, a5, -144           : IntAlu : 
7663500: system.cpu: T0 : 0x198e0    : beq s3, zero, 16           : IntAlu : 
7664000: system.cpu: T0 : 0x198f0    : c_ldsp a4, 56(sp)          : MemRead :  D=0x2e2e000000000000 A=0x7ffffffffffffc38
7665000: system.cpu: T0 : 0x198f2    : ld a5, -1264(s5)           : MemRead :  D=0x2e2e000000000000 A=0x6eb10
7666000: system.cpu: T0 : 0x198f6    : bne a4, a5, 184            : IntAlu : 
7666500: system.cpu: T0 : 0x198fa    : c_ldsp ra, 168(sp)         : MemRead :  D=0x00000000000199e2 A=0x7ffffffffffffca8
7667000: system.cpu: T0 : 0x198fc    : c_ldsp s0, 160(sp)         : MemRead :  D=0x000000000006a328 A=0x7ffffffffffffca0
7667500: system.cpu: T0 : 0x198fe    : c_ldsp s1, 152(sp)         : MemRead :  D=0x000000000006a328 A=0x7ffffffffffffc98
7668000: system.cpu: T0 : 0x19900    : c_ldsp s2, 144(sp)         : MemRead :  D=0x0000000000000004 A=0x7ffffffffffffc90
7668500: system.cpu: T0 : 0x19902    : c_ldsp s3, 136(sp)         : MemRead :  D=0x0000000000000000 A=0x7ffffffffffffc88
7669000: system.cpu: T0 : 0x19904    : c_ldsp s5, 120(sp)         : MemRead :  D=0x0000000000000003 A=0x7ffffffffffffc78
7669500: system.cpu: T0 : 0x19906    : c_ldsp s6, 112(sp)         : MemRead :  D=0x000000000006f000 A=0x7ffffffffffffc70
7670000: system.cpu: T0 : 0x19908    : c_ldsp s7, 104(sp)         : MemRead :  D=0x00000000000708c8 A=0x7ffffffffffffc68
7670500: system.cpu: T0 : 0x1990a    : c_ldsp s8, 96(sp)          : MemRead :  D=0x0000000000000001 A=0x7ffffffffffffc60
7671000: system.cpu: T0 : 0x1990c    : c_ldsp s9, 88(sp)          : MemRead :  D=0x0000000000072000 A=0x7ffffffffffffc58
7671500: system.cpu: T0 : 0x1990e    : c_ldsp s10, 80(sp)         : MemRead :  D=0x0000000000000000 A=0x7ffffffffffffc50
7672000: system.cpu: T0 : 0x19910    : c_ldsp s11, 72(sp)         : MemRead :  D=0x0000000000072000 A=0x7ffffffffffffc48
7672500: system.cpu: T0 : 0x19912    : c_mv a0, s4                : IntAlu :  D=0x0000000000000000
7673000: system.cpu: T0 : 0x19914    : c_ldsp s4, 128(sp)         : MemRead :  D=0x0000000000000000 A=0x7ffffffffffffc80
7673500: system.cpu: T0 : 0x19916    : c_addi16sp sp, 176         : IntAlu :  D=0x7ffffffffffffcb0
7674000: system.cpu: T0 : 0x19918    : c_jr ra                    : IntAlu : 
7674500: system.cpu: T0 : 0x199e2    : c_mv s5, a0                : IntAlu :  D=0x0000000000000000
7675000: system.cpu: T0 : 0x199e4    : beq s3, zero, 482          : IntAlu : 
7675500: system.cpu: T0 : 0x19bc6    : c_lui a5, 25               : IntAlu :  D=0x0000000000019000
7676000: system.cpu: T0 : 0x19bc8    : addi a5, a5, -1528         : IntAlu :  D=0x0000000000018a08
7676500: system.cpu: T0 : 0x19bcc    : c_sdsp a5, 24(sp)          : MemWrite :  D=0x0000000000018a08 A=0x7ffffffffffffcc8
7677000: system.cpu: T0 : 0x19bce    : c_sdsp zero, 32(sp)        : MemWrite :  D=0x0000000000000000 A=0x7ffffffffffffcd0
7677500: system.cpu: T0 : 0x19bd0    : c_j -470                   : IntAlu : 
7678500: system.cpu: T0 : 0x199fa    : addi s1, gp, 1320          : IntAlu :  D=0x0000000000071580
7679000: system.cpu: T0 : 0x199fe    : c_ld a5, 8(s1)             : MemRead :  D=0x0000000000000000 A=0x71588
7679500: system.cpu: T0 : 0x19a00    : addi s0, tp, -1808         : IntAlu :  D=0x0000000000073000
7680000: system.cpu: T0 : 0x19a04    : beq s0, a5, 26             : IntAlu : 
7680500: system.cpu: T0 : 0x19a08    : c_li a4, 1                 : IntAlu :  D=0x0000000000000001
7681500: system.cpu: T0 : 0x19a0a    : lr_w a5, (s1)             
7681500: system.cpu: T0 : 0x19a0a. 0 : lr_w a5, (s1)              : MemRead :  D=0x0000000000000000 A=0x71580
7682000: system.cpu: T0 : 0x19a0e    : c_bnez a5, 8               : IntAlu : 
7682500: system.cpu: T0 : 0x19a10    : sc_w_aq a3, a4, (s1)      
7682500: system.cpu: T0 : 0x19a10. 0 : sc_w a3, a4, (s1)          : MemWrite :  D=0x0000000000000000 A=0x71580
7683000: system.cpu: T0 : 0x19a10. 1 : 0x1ce4a6af fence           : No_OpClass : 
7683500: system.cpu: T0 : 0x19a14    : c_bnez a3, -10             : IntAlu : 
7684000: system.cpu: T0 : 0x19a16    : c_addiw a5, 0              : IntAlu :  D=0x0000000000000000
7684500: system.cpu: T0 : 0x19a18    : bne a5, zero, 442          : IntAlu : 
7685000: system.cpu: T0 : 0x19a1c    : c_sd s0, 8(s1)             : MemWrite :  D=0x0000000000073000 A=0x71588
7685500: system.cpu: T0 : 0x19a1e    : c_lw a3, 4(s1)             : MemRead :  D=0x0000000000000000 A=0x71584
7686000: system.cpu: T0 : 0x19a20    : ld s0, -1920(gp)           : MemRead :  D=0x000000000006f000 A=0x708d8
7686500: system.cpu: T0 : 0x19a24    : addiw a4, a3, 1            : IntAlu :  D=0x0000000000000001
7687000: system.cpu: T0 : 0x19a28    : c_sw a4, 4(s1)             : MemWrite :  D=0x0000000000000001 A=0x71584
7687500: system.cpu: T0 : 0x19a2a    : c_beqz s0, 202             : IntAlu : 
7688000: system.cpu: T0 : 0x19a2c    : lui s2, 106                : IntAlu :  D=0x000000000006a000
7688500: system.cpu: T0 : 0x19a30    : lui s4, 106                : IntAlu :  D=0x000000000006a000
7689000: system.cpu: T0 : 0x19a34    : addi s4, s4, -712          : IntAlu :  D=0x0000000000069d38
7689500: system.cpu: T0 : 0x19a38    : addi s2, s2, 800           : IntAlu :  D=0x000000000006a320
7690000: system.cpu: T0 : 0x19a3c    : sub s2, s2, s4             : IntAlu :  D=0x00000000000005e8
7690500: system.cpu: T0 : 0x19a40    : c_li s9, 2                 : IntAlu :  D=0x0000000000000002
7691000: system.cpu: T0 : 0x19a42    : c_j 12                     : IntAlu : 
7691500: system.cpu: T0 : 0x19a4e    : c_lw a5, 0(s0)             : MemRead :  D=0xfffffffffbad2086 A=0x6f000
7692000: system.cpu: T0 : 0x19a50    : c_andi a5, 2               : IntAlu :  D=0x0000000000000002
7693000: system.cpu: T0 : 0x19a52    : addiw s8, a5, 0            : IntAlu :  D=0x0000000000000002
7693500: system.cpu: T0 : 0x19a56    : c_bnez a5, -18             : IntAlu : 
7694000: system.cpu: T0 : 0x19a44    : c_li a5, -1                : IntAlu :  D=0xffffffffffffffff
7695000: system.cpu: T0 : 0x19a46    : sw a5, 192(s0)             : MemWrite :  D=0x00000000ffffffff A=0x6f0c0
7695500: system.cpu: T0 : 0x19a4a    : c_ld s0, 104(s0)           : MemRead :  D=0x000000000006f1c8 A=0x6f068
7696000: system.cpu: T0 : 0x19a4c    : c_beqz s0, 162             : IntAlu : 
7696500: system.cpu: T0 : 0x19a4e    : c_lw a5, 0(s0)             : MemRead :  D=0xfffffffffbad2084 A=0x6f1c8
7697000: system.cpu: T0 : 0x19a50    : c_andi a5, 2               : IntAlu :  D=0x0000000000000000
7698000: system.cpu: T0 : 0x19a52    : addiw s8, a5, 0            : IntAlu :  D=0x0000000000000000
7698500: system.cpu: T0 : 0x19a56    : c_bnez a5, -18             : IntAlu : 
7699000: system.cpu: T0 : 0x19a58    : lw a5, 192(s0)             : MemRead :  D=0x0000000000000000 A=0x6f288
7699500: system.cpu: T0 : 0x19a5c    : c_beqz a5, -24             : IntAlu : 
7700000: system.cpu: T0 : 0x19a44    : c_li a5, -1                : IntAlu :  D=0xffffffffffffffff
7701000: system.cpu: T0 : 0x19a46    : sw a5, 192(s0)             : MemWrite :  D=0x00000000ffffffff A=0x6f288
7701500: system.cpu: T0 : 0x19a4a    : c_ld s0, 104(s0)           : MemRead :  D=0x000000000006f390 A=0x6f230
7702000: system.cpu: T0 : 0x19a4c    : c_beqz s0, 162             : IntAlu : 
7702500: system.cpu: T0 : 0x19a4e    : c_lw a5, 0(s0)             : MemRead :  D=0xfffffffffbad2088 A=0x6f390
7703000: system.cpu: T0 : 0x19a50    : c_andi a5, 2               : IntAlu :  D=0x0000000000000000
7704000: system.cpu: T0 : 0x19a52    : addiw s8, a5, 0            : IntAlu :  D=0x0000000000000000
7704500: system.cpu: T0 : 0x19a56    : c_bnez a5, -18             : IntAlu : 
7705000: system.cpu: T0 : 0x19a58    : lw a5, 192(s0)             : MemRead :  D=0x0000000000000000 A=0x6f450
7705500: system.cpu: T0 : 0x19a5c    : c_beqz a5, -24             : IntAlu : 
7706000: system.cpu: T0 : 0x19a44    : c_li a5, -1                : IntAlu :  D=0xffffffffffffffff
7707000: system.cpu: T0 : 0x19a46    : sw a5, 192(s0)             : MemWrite :  D=0x00000000ffffffff A=0x6f450
7707500: system.cpu: T0 : 0x19a4a    : c_ld s0, 104(s0)           : MemRead :  D=0x0000000000000000 A=0x6f3f8
7708000: system.cpu: T0 : 0x19a4c    : c_beqz s0, 162             : IntAlu : 
7708500: system.cpu: T0 : 0x19aee    : c_lw a5, 4(s1)             : MemRead :  D=0x0000000000000001 A=0x71584
7709000: system.cpu: T0 : 0x19af0    : addiw a3, a5, -1           : IntAlu :  D=0x0000000000000000
7709500: system.cpu: T0 : 0x19af4    : c_sw a3, 4(s1)             : MemWrite :  D=0x0000000000000000 A=0x71584
7710000: system.cpu: T0 : 0x19af6    : c_beqz a3, 126             : IntAlu : 
7710500: system.cpu: T0 : 0x19b74    : sd zero, 8(s1)             : MemWrite :  D=0x0000000000000000 A=0x71588
7711000: system.cpu: T0 : 0x19b78    : c_mv a5, a3                : IntAlu :  D=0x0000000000000000
7712000: system.cpu: T0 : 0x19b7a    : fence iorw, ow             : No_OpClass : 
7713000: system.cpu: T0 : 0x19b7e    : amoswap_w a5, a5, (s1)    
7713000: system.cpu: T0 : 0x19b7e. 0 : amoswap_w[l] a5, a5, (s1)  : MemRead :  D=0x0000000000000001 A=0x71580
7713500: system.cpu: T0 : 0x19b82    : c_addiw a5, 0              : IntAlu :  D=0x0000000000000001
7714000: system.cpu: T0 : 0x19b84    : c_li a4, 1                 : IntAlu :  D=0x0000000000000001
7715000: system.cpu: T0 : 0x19b86    : bge a4, a5, -142           : IntAlu : 
7715500: system.cpu: T0 : 0x19af8    : beq s3, zero, 16           : IntAlu : 
7716000: system.cpu: T0 : 0x19b08    : c_ldsp a4, 56(sp)          : MemRead :  D=0x2e2e000000000000 A=0x7ffffffffffffce8
7717000: system.cpu: T0 : 0x19b0a    : ld a5, -1264(s6)           : MemRead :  D=0x2e2e000000000000 A=0x6eb10
7718000: system.cpu: T0 : 0x19b0e    : bne a4, a5, 216            : IntAlu : 
7718500: system.cpu: T0 : 0x19b12    : c_ldsp ra, 168(sp)         : MemRead :  D=0x0000000000014a8c A=0x7ffffffffffffd58
7719000: system.cpu: T0 : 0x19b14    : c_ldsp s0, 160(sp)         : MemRead :  D=0x000000000006a328 A=0x7ffffffffffffd50
7719500: system.cpu: T0 : 0x19b16    : c_ldsp s1, 152(sp)         : MemRead :  D=0x000000000006a328 A=0x7ffffffffffffd48
7720000: system.cpu: T0 : 0x19b18    : c_ldsp s2, 144(sp)         : MemRead :  D=0x0000000000000004 A=0x7ffffffffffffd40
7720500: system.cpu: T0 : 0x19b1a    : c_ldsp s3, 136(sp)         : MemRead :  D=0x0000000000000001 A=0x7ffffffffffffd38
7721000: system.cpu: T0 : 0x19b1c    : c_ldsp s4, 128(sp)         : MemRead :  D=0x0000000000000000 A=0x7ffffffffffffd30
7721500: system.cpu: T0 : 0x19b1e    : c_ldsp s6, 112(sp)         : MemRead :  D=0x0000000000000001 A=0x7ffffffffffffd20
7722000: system.cpu: T0 : 0x19b20    : c_ldsp s7, 104(sp)         : MemRead :  D=0x00000000000708c8 A=0x7ffffffffffffd18
7722500: system.cpu: T0 : 0x19b22    : c_ldsp s8, 96(sp)          : MemRead :  D=0x0000000000000001 A=0x7ffffffffffffd10
7723000: system.cpu: T0 : 0x19b24    : c_ldsp s9, 88(sp)          : MemRead :  D=0x0000000000072000 A=0x7ffffffffffffd08
7723500: system.cpu: T0 : 0x19b26    : c_ldsp s10, 80(sp)         : MemRead :  D=0x0000000000000000 A=0x7ffffffffffffd00
7724000: system.cpu: T0 : 0x19b28    : c_ldsp s11, 72(sp)         : MemRead :  D=0x0000000000072000 A=0x7ffffffffffffcf8
7724500: system.cpu: T0 : 0x19b2a    : c_mv a0, s5                : IntAlu :  D=0x0000000000000000
7725000: system.cpu: T0 : 0x19b2c    : c_ldsp s5, 120(sp)         : MemRead :  D=0x0000000000000003 A=0x7ffffffffffffd28
7725500: system.cpu: T0 : 0x19b2e    : c_addi16sp sp, 176         : IntAlu :  D=0x7ffffffffffffd60
7726000: system.cpu: T0 : 0x19b30    : c_jr ra                    : IntAlu : 
7726500: system.cpu: T0 : 0x14a8c    : bne s1, s0, -6             : IntAlu : 
7727000: system.cpu: T0 : 0x14a90    : c_mv a0, s6                : IntAlu :  D=0x0000000000000001
7728000: system.cpu: T0 : 0x14a92    : jal ra, 47996              : IntAlu :  D=0x0000000000014a96
7728500: system.cpu: T0 : 0x2060e    : c_mv a4, a0                : IntAlu :  D=0x0000000000000001
7729000: system.cpu: T0 : 0x20610    : addi a7, zero, 94          : IntAlu :  D=0x000000000000005e
7729500: system.cpu: T0 : 0x20614    : ecall                      : No_OpClass : 
