      0: system.cpu: T0 : 0x10348    : jal ra, 46                 : IntAlu :  D=0x000000000001034c
   1000: system.cpu: T0 : 0x10376    : auipc gp, 97               : IntAlu :  D=0x0000000000071376
   2000: system.cpu: T0 : 0x1037a    : addi gp, gp, -718          : IntAlu :  D=0x00000000000710a8
   2500: system.cpu: T0 : 0x1037e    : c_jr ra                    : IntAlu : 
   3000: system.cpu: T0 : 0x1034c    : c_mv a5, a0                : IntAlu :  D=0x0000000000000000
   4000: system.cpu: T0 : 0x1034e    : auipc a0, 0                : IntAlu :  D=0x000000000001034e
   5000: system.cpu: T0 : 0x10352    : addi a0, a0, 226           : IntAlu :  D=0x0000000000010430
   5500: system.cpu: T0 : 0x10356    : c_ldsp a1, 0(sp)           : MemRead :  D=0x0000000000000001 A=0x7fffffffffffff30
   6000: system.cpu: T0 : 0x10358    : c_addi4spn a2, sp, 8       : IntAlu :  D=0x7fffffffffffff38
   7000: system.cpu: T0 : 0x1035a    : andi sp, sp, 18446744073709551600 : IntAlu :  D=0x7fffffffffffff30
   8000: system.cpu: T0 : 0x1035e    : auipc a3, 0                : IntAlu :  D=0x000000000001035e
   9000: system.cpu: T0 : 0x10362    : addi a3, a3, 1680          : IntAlu :  D=0x00000000000109ee
  10000: system.cpu: T0 : 0x10366    : auipc a4, 0                : IntAlu :  D=0x0000000000010366
  11000: system.cpu: T0 : 0x1036a    : addi a4, a4, 1816          : IntAlu :  D=0x0000000000010a7e
  11500: system.cpu: T0 : 0x1036e    : c_mv a6, sp                : IntAlu :  D=0x7fffffffffffff30
  12000: system.cpu: T0 : 0x10370    : jal ra, 434                : IntAlu :  D=0x0000000000010374
  12500: system.cpu: T0 : 0x10522    : c_addi16sp sp, -320        : IntAlu :  D=0x7ffffffffffffdf0
  13000: system.cpu: T0 : 0x10524    : c_sdsp s0, 304(sp)         : MemWrite :  D=0x0000000000000000 A=0x7fffffffffffff20
  13500: system.cpu: T0 : 0x10526    : c_sdsp s1, 296(sp)         : MemWrite :  D=0x0000000000000000 A=0x7fffffffffffff18
  14000: system.cpu: T0 : 0x10528    : c_sdsp s2, 288(sp)         : MemWrite :  D=0x0000000000000000 A=0x7fffffffffffff10
  14500: system.cpu: T0 : 0x1052a    : c_sdsp a2, 16(sp)          : MemWrite :  D=0x7fffffffffffff38 A=0x7ffffffffffffe00
  15000: system.cpu: T0 : 0x1052c    : c_sdsp ra, 312(sp)         : MemWrite :  D=0x0000000000010374 A=0x7fffffffffffff28
  16000: system.cpu: T0 : 0x1052e    : addi t1, zero, 0           : IntAlu :  D=0x0000000000000000
  16500: system.cpu: T0 : 0x10532    : c_sdsp a0, 24(sp)          : MemWrite :  D=0x0000000000010430 A=0x7ffffffffffffe08
  17000: system.cpu: T0 : 0x10534    : c_sdsp a1, 8(sp)           : MemWrite :  D=0x0000000000000001 A=0x7ffffffffffffdf8
  17500: system.cpu: T0 : 0x10536    : c_mv s0, a3                : IntAlu :  D=0x00000000000109ee
  18000: system.cpu: T0 : 0x10538    : c_mv s1, a4                : IntAlu :  D=0x0000000000010a7e
  18500: system.cpu: T0 : 0x1053a    : c_mv s2, a5                : IntAlu :  D=0x0000000000000000
  19000: system.cpu: T0 : 0x1053c    : c_li a2, 0                 : IntAlu :  D=0x0000000000000000
  20000: system.cpu: T0 : 0x1053e    : beq t1, zero, 12           : IntAlu : 
  20500: system.cpu: T0 : 0x1054a    : c_ldsp a5, 8(sp)           : MemRead :  D=0x0000000000000001 A=0x7ffffffffffffdf8
  21000: system.cpu: T0 : 0x1054c    : addi a0, a5, 1             : IntAlu :  D=0x0000000000000002
  21500: system.cpu: T0 : 0x10550    : c_ldsp a5, 16(sp)          : MemRead :  D=0x7fffffffffffff38 A=0x7ffffffffffffe00
  22000: system.cpu: T0 : 0x10552    : c_slli a0, 3               : IntAlu :  D=0x0000000000000010
  22500: system.cpu: T0 : 0x10554    : c_add a0, a5               : IntAlu :  D=0x7fffffffffffff48
  23500: system.cpu: T0 : 0x10556    : sw a2, -1728(gp)           : MemWrite :  D=0x0000000000000000 A=0x709e8
  24500: system.cpu: T0 : 0x1055a    : sd a0, -1360(gp)           : MemWrite :  D=0x7fffffffffffff48 A=0x70b58
  25500: system.cpu: T0 : 0x1055e    : lui a5, 111                : IntAlu :  D=0x000000000006f000
  26500: system.cpu: T0 : 0x10562    : sd a6, -80(a5)             : MemWrite :  D=0x7fffffffffffff30 A=0x6efb0
  27000: system.cpu: T0 : 0x10566    : c_ld a2, 0(a0)             : MemRead :  D=0x0000000000000000 A=0x7fffffffffffff48
  27500: system.cpu: T0 : 0x10568    : c_addi a0, 8               : IntAlu :  D=0x7fffffffffffff50
  28000: system.cpu: T0 : 0x1056a    : c_bnez a2, -4              : IntAlu : 
  28500: system.cpu: T0 : 0x1056c    : jal ra, 72964              : IntAlu :  D=0x0000000000010570
  29000: system.cpu: T0 : 0x22270    : c_ld a5, 0(a0)             : MemRead :  D=0x0000000000000009 A=0x7fffffffffffff50
  30000: system.cpu: T0 : 0x22272    : lui a4, 114                : IntAlu :  D=0x0000000000072000
  31000: system.cpu: T0 : 0x22276    : sd a0, -368(a4)            : MemWrite :  D=0x7fffffffffffff50 A=0x71e90
  32000: system.cpu: T0 : 0x2227a    : beq a5, zero, 618          : IntAlu : 
  32500: system.cpu: T0 : 0x2227e    : c_addi16sp sp, -224        : IntAlu :  D=0x7ffffffffffffd10
  33000: system.cpu: T0 : 0x22280    : c_sdsp s1, 208(sp)         : MemWrite :  D=0x0000000000010a7e A=0x7ffffffffffffde0
  34000: system.cpu: T0 : 0x22282    : lui s1, 114                : IntAlu :  D=0x0000000000072000
  35000: system.cpu: T0 : 0x22286    : ld a4, -296(s1)            : MemRead :  D=0x0000000000000000 A=0x71ed8
  35500: system.cpu: T0 : 0x2228a    : c_sdsp s3, 192(sp)         : MemWrite :  D=0x0000000000000000 A=0x7ffffffffffffdd0
  36000: system.cpu: T0 : 0x2228c    : c_sdsp a4, 64(sp)          : MemWrite :  D=0x0000000000000000 A=0x7ffffffffffffd50
  37000: system.cpu: T0 : 0x2228e    : ld a4, -1336(gp)           : MemRead :  D=0x0000000000000000 A=0x70b70
  38000: system.cpu: T0 : 0x22292    : lui a6, 111                : IntAlu :  D=0x000000000006f000
  39000: system.cpu: T0 : 0x22296    : addi a6, a6, -128          : IntAlu :  D=0x000000000006ef80
  39500: system.cpu: T0 : 0x2229a    : c_sdsp a4, 32(sp)          : MemWrite :  D=0x0000000000000000 A=0x7ffffffffffffd30
  40000: system.cpu: T0 : 0x2229c    : ld a4, 0(a6)               : MemRead :  D=0x0000000000000000 A=0x6ef80
  40500: system.cpu: T0 : 0x222a0    : lui t3, 111                : IntAlu :  D=0x000000000006f000
  41000: system.cpu: T0 : 0x222a4    : lui t1, 114                : IntAlu :  D=0x0000000000072000
  41500: system.cpu: T0 : 0x222a8    : c_sdsp a4, 104(sp)         : MemWrite :  D=0x0000000000000000 A=0x7ffffffffffffd78
  42500: system.cpu: T0 : 0x222aa    : lw a4, -72(t3)             : MemRead :  D=0x0000000000000001 A=0x6efb8
  43000: system.cpu: T0 : 0x222ae    : c_sdsp s2, 200(sp)         : MemWrite :  D=0x0000000000000000 A=0x7ffffffffffffdd8
  43500: system.cpu: T0 : 0x222b0    : c_sdsp a4, 80(sp)          : MemWrite :  D=0x0000000000000001 A=0x7ffffffffffffd60
  44500: system.cpu: T0 : 0x222b2    : lw a4, -224(t1)            : MemRead :  D=0x0000000000000000 A=0x71f20
  45000: system.cpu: T0 : 0x222b6    : c_sdsp s4, 184(sp)         : MemWrite :  D=0x0000000000000000 A=0x7ffffffffffffdc8
  45500: system.cpu: T0 : 0x222b8    : c_sdsp a4, 96(sp)          : MemWrite :  D=0x0000000000000000 A=0x7ffffffffffffd70
  46500: system.cpu: T0 : 0x222ba    : lw a4, -1344(gp)           : MemRead :  D=0x0000000000000000 A=0x70b68
  47000: system.cpu: T0 : 0x222be    : c_sdsp s0, 216(sp)         : MemWrite :  D=0x00000000000109ee A=0x7ffffffffffffde8
  47500: system.cpu: T0 : 0x222c0    : lui s0, 114                : IntAlu :  D=0x0000000000072000
  48000: system.cpu: T0 : 0x222c4    : c_sdsp a4, 48(sp)          : MemWrite :  D=0x0000000000000000 A=0x7ffffffffffffd40
  49000: system.cpu: T0 : 0x222c6    : ld a4, -1328(gp)           : MemRead :  D=0x0000000000000000 A=0x70b78
  50000: system.cpu: T0 : 0x222ca    : lui t6, 114                : IntAlu :  D=0x0000000000072000
  50500: system.cpu: T0 : 0x222ce    : c_sdsp a4, 24(sp)          : MemWrite :  D=0x0000000000000000 A=0x7ffffffffffffd28
  51000: system.cpu: T0 : 0x222d0    : ld a4, -360(s0)            : MemRead :  D=0x0000000000000000 A=0x71e98
  51500: system.cpu: T0 : 0x222d4    : lui t2, 114                : IntAlu :  D=0x0000000000072000
  52000: system.cpu: T0 : 0x222d8    : lui t0, 114                : IntAlu :  D=0x0000000000072000
  52500: system.cpu: T0 : 0x222dc    : c_sdsp a4, 8(sp)           : MemWrite :  D=0x0000000000000000 A=0x7ffffffffffffd18
  53500: system.cpu: T0 : 0x222de    : ld a4, -1784(gp)           : MemRead :  D=0x0000000000001000 A=0x709b0
  54500: system.cpu: T0 : 0x222e2    : lui a3, 80                 : IntAlu :  D=0x0000000000050000
  55000: system.cpu: T0 : 0x222e6    : c_sdsp s5, 176(sp)         : MemWrite :  D=0x0000000000000000 A=0x7ffffffffffffdc0
  55500: system.cpu: T0 : 0x222e8    : c_sdsp s6, 168(sp)         : MemWrite :  D=0x0000000000000000 A=0x7ffffffffffffdb8
  56000: system.cpu: T0 : 0x222ea    : c_sdsp s7, 160(sp)         : MemWrite :  D=0x0000000000000000 A=0x7ffffffffffffdb0
  56500: system.cpu: T0 : 0x222ec    : c_sdsp s8, 152(sp)         : MemWrite :  D=0x0000000000000000 A=0x7ffffffffffffda8
  57000: system.cpu: T0 : 0x222ee    : c_sdsp s10, 136(sp)        : MemWrite :  D=0x0000000000000000 A=0x7ffffffffffffd98
  57500: system.cpu: T0 : 0x222f0    : c_sdsp s11, 128(sp)        : MemWrite :  D=0x0000000000000000 A=0x7ffffffffffffd90
  58000: system.cpu: T0 : 0x222f2    : c_sdsp a4, 120(sp)         : MemWrite :  D=0x0000000000001000 A=0x7ffffffffffffd88
  58500: system.cpu: T0 : 0x222f4    : lw s7, -304(t6)            : MemRead :  D=0x0000000000000000 A=0x71ed0
  59000: system.cpu: T0 : 0x222f8    : ld s11, -272(t2)           : MemRead :  D=0x0000000000000000 A=0x71ef0
  59500: system.cpu: T0 : 0x222fc    : c_sdsp s9, 144(sp)         : MemWrite :  D=0x0000000000000000 A=0x7ffffffffffffda0
  60000: system.cpu: T0 : 0x222fe    : c_li s10, 0                : IntAlu :  D=0x0000000000000000
  60500: system.cpu: T0 : 0x22300    : ld s9, -328(t0)            : MemRead :  D=0x0000000000000000 A=0x71eb8
  61000: system.cpu: T0 : 0x22304    : c_li s8, 0                 : IntAlu :  D=0x0000000000000000
  61500: system.cpu: T0 : 0x22306    : c_sdsp zero, 112(sp)       : MemWrite :  D=0x0000000000000000 A=0x7ffffffffffffd80
  62000: system.cpu: T0 : 0x22308    : c_sdsp zero, 88(sp)        : MemWrite :  D=0x0000000000000000 A=0x7ffffffffffffd68
  62500: system.cpu: T0 : 0x2230a    : c_sdsp zero, 72(sp)        : MemWrite :  D=0x0000000000000000 A=0x7ffffffffffffd58
  63000: system.cpu: T0 : 0x2230c    : c_sdsp zero, 56(sp)        : MemWrite :  D=0x0000000000000000 A=0x7ffffffffffffd48
  63500: system.cpu: T0 : 0x2230e    : c_sdsp zero, 40(sp)        : MemWrite :  D=0x0000000000000000 A=0x7ffffffffffffd38
  64000: system.cpu: T0 : 0x22310    : c_sdsp zero, 16(sp)        : MemWrite :  D=0x0000000000000000 A=0x7ffffffffffffd20
  64500: system.cpu: T0 : 0x22312    : c_li s6, 0                 : IntAlu :  D=0x0000000000000000
  65000: system.cpu: T0 : 0x22314    : c_li s5, 0                 : IntAlu :  D=0x0000000000000000
  65500: system.cpu: T0 : 0x22316    : c_li t5, 0                 : IntAlu :  D=0x0000000000000000
  66000: system.cpu: T0 : 0x22318    : c_li a7, 0                 : IntAlu :  D=0x0000000000000000
  66500: system.cpu: T0 : 0x2231a    : c_li a1, 0                 : IntAlu :  D=0x0000000000000000
  67000: system.cpu: T0 : 0x2231c    : c_li a2, 0                 : IntAlu :  D=0x0000000000000000
  67500: system.cpu: T0 : 0x2231e    : c_li a4, 30                : IntAlu :  D=0x000000000000001e
  68000: system.cpu: T0 : 0x22320    : addi a3, a3, -1120         : IntAlu :  D=0x000000000004fba0
  68500: system.cpu: T0 : 0x22324    : c_addi a5, -3              : IntAlu :  D=0x0000000000000006
  69500: system.cpu: T0 : 0x22326    : bltu a4, a5, 20            : IntAlu : 
  70000: system.cpu: T0 : 0x2232a    : c_slli a5, 2               : IntAlu :  D=0x0000000000000018
  70500: system.cpu: T0 : 0x2232c    : c_add a5, a3               : IntAlu :  D=0x000000000004fbb8
  71000: system.cpu: T0 : 0x2232e    : c_lw a5, 0(a5)             : MemRead :  D=0x000000000002233a A=0x4fbb8
  71500: system.cpu: T0 : 0x22330    : c_jr a5                    : IntAlu : 
  72000: system.cpu: T0 : 0x2233a    : c_ld a5, 16(a0)            : MemRead :  D=0x0000000000000005 A=0x7fffffffffffff60
  72500: system.cpu: T0 : 0x2233c    : c_addi a0, 16              : IntAlu :  D=0x7fffffffffffff60
  73000: system.cpu: T0 : 0x2233e    : c_bnez a5, -26             : IntAlu : 
  73500: system.cpu: T0 : 0x22324    : c_addi a5, -3              : IntAlu :  D=0x0000000000000002
  74500: system.cpu: T0 : 0x22326    : bltu a4, a5, 20            : IntAlu : 
  75000: system.cpu: T0 : 0x2232a    : c_slli a5, 2               : IntAlu :  D=0x0000000000000008
  75500: system.cpu: T0 : 0x2232c    : c_add a5, a3               : IntAlu :  D=0x000000000004fba8
  76000: system.cpu: T0 : 0x2232e    : c_lw a5, 0(a5)             : MemRead :  D=0x00000000000224b8 A=0x4fba8
  76500: system.cpu: T0 : 0x22330    : c_jr a5                    : IntAlu : 
  77000: system.cpu: T0 : 0x224b8    : c_ld a5, 16(a0)            : MemRead :  D=0x0000000000000004 A=0x7fffffffffffff70
  78000: system.cpu: T0 : 0x224ba    : ld s11, 8(a0)              : MemRead :  D=0x0000000000000006 A=0x7fffffffffffff68
  78500: system.cpu: T0 : 0x224be    : c_li s8, 1                 : IntAlu :  D=0x0000000000000001
  79000: system.cpu: T0 : 0x224c0    : c_addi a0, 16              : IntAlu :  D=0x7fffffffffffff70
  80000: system.cpu: T0 : 0x224c2    : bne a5, zero, -414         : IntAlu : 
  80500: system.cpu: T0 : 0x22324    : c_addi a5, -3              : IntAlu :  D=0x0000000000000001
  81500: system.cpu: T0 : 0x22326    : bltu a4, a5, 20            : IntAlu : 
  82000: system.cpu: T0 : 0x2232a    : c_slli a5, 2               : IntAlu :  D=0x0000000000000004
  82500: system.cpu: T0 : 0x2232c    : c_add a5, a3               : IntAlu :  D=0x000000000004fba4
  83000: system.cpu: T0 : 0x2232e    : c_lw a5, 0(a5)             : MemRead :  D=0x000000000002233a A=0x4fba4
  83500: system.cpu: T0 : 0x22330    : c_jr a5                    : IntAlu : 
  84000: system.cpu: T0 : 0x2233a    : c_ld a5, 16(a0)            : MemRead :  D=0x0000000000000003 A=0x7fffffffffffff80
  84500: system.cpu: T0 : 0x2233c    : c_addi a0, 16              : IntAlu :  D=0x7fffffffffffff80
  85000: system.cpu: T0 : 0x2233e    : c_bnez a5, -26             : IntAlu : 
  85500: system.cpu: T0 : 0x22324    : c_addi a5, -3              : IntAlu :  D=0x0000000000000000
  86500: system.cpu: T0 : 0x22326    : bltu a4, a5, 20            : IntAlu : 
  87000: system.cpu: T0 : 0x2232a    : c_slli a5, 2               : IntAlu :  D=0x0000000000000000
  87500: system.cpu: T0 : 0x2232c    : c_add a5, a3               : IntAlu :  D=0x000000000004fba0
  88000: system.cpu: T0 : 0x2232e    : c_lw a5, 0(a5)             : MemRead :  D=0x00000000000224c8 A=0x4fba0
  88500: system.cpu: T0 : 0x22330    : c_jr a5                    : IntAlu : 
  89000: system.cpu: T0 : 0x224c8    : c_ld a5, 16(a0)            : MemRead :  D=0x0000000000000006 A=0x7fffffffffffff90
  90000: system.cpu: T0 : 0x224ca    : ld s9, 8(a0)               : MemRead :  D=0x0000000000010040 A=0x7fffffffffffff88
  90500: system.cpu: T0 : 0x224ce    : c_li s6, 1                 : IntAlu :  D=0x0000000000000001
  91000: system.cpu: T0 : 0x224d0    : c_addi a0, 16              : IntAlu :  D=0x7fffffffffffff90
  92000: system.cpu: T0 : 0x224d2    : bne a5, zero, -430         : IntAlu : 
  92500: system.cpu: T0 : 0x22324    : c_addi a5, -3              : IntAlu :  D=0x0000000000000003
  93500: system.cpu: T0 : 0x22326    : bltu a4, a5, 20            : IntAlu : 
  94000: system.cpu: T0 : 0x2232a    : c_slli a5, 2               : IntAlu :  D=0x000000000000000c
  94500: system.cpu: T0 : 0x2232c    : c_add a5, a3               : IntAlu :  D=0x000000000004fbac
  95000: system.cpu: T0 : 0x2232e    : c_lw a5, 0(a5)             : MemRead :  D=0x0000000000022332 A=0x4fbac
  95500: system.cpu: T0 : 0x22330    : c_jr a5                    : IntAlu : 
  96000: system.cpu: T0 : 0x22332    : c_ld a5, 8(a0)             : MemRead :  D=0x0000000000001000 A=0x7fffffffffffff98
  96500: system.cpu: T0 : 0x22334    : c_beqz a5, 6               : IntAlu : 
  97000: system.cpu: T0 : 0x22336    : c_sdsp a5, 120(sp)         : MemWrite :  D=0x0000000000001000 A=0x7ffffffffffffd88
  97500: system.cpu: T0 : 0x22338    : c_li t5, 1                 : IntAlu :  D=0x0000000000000001
  98000: system.cpu: T0 : 0x2233a    : c_ld a5, 16(a0)            : MemRead :  D=0x0000000000000017 A=0x7fffffffffffffa0
  98500: system.cpu: T0 : 0x2233c    : c_addi a0, 16              : IntAlu :  D=0x7fffffffffffffa0
  99000: system.cpu: T0 : 0x2233e    : c_bnez a5, -26             : IntAlu : 
  99500: system.cpu: T0 : 0x22324    : c_addi a5, -3              : IntAlu :  D=0x0000000000000014
 100500: system.cpu: T0 : 0x22326    : bltu a4, a5, 20            : IntAlu : 
 101000: system.cpu: T0 : 0x2232a    : c_slli a5, 2               : IntAlu :  D=0x0000000000000050
 101500: system.cpu: T0 : 0x2232c    : c_add a5, a3               : IntAlu :  D=0x000000000004fbf0
 102000: system.cpu: T0 : 0x2232e    : c_lw a5, 0(a5)             : MemRead :  D=0x000000000002240c A=0x4fbf0
 102500: system.cpu: T0 : 0x22330    : c_jr a5                    : IntAlu : 
 103000: system.cpu: T0 : 0x2240c    : c_lw a5, 8(a0)             : MemRead :  D=0x0000000000000000 A=0x7fffffffffffffa8
 103500: system.cpu: T0 : 0x2240e    : c_li a2, -1                : IntAlu :  D=0xffffffffffffffff
 104000: system.cpu: T0 : 0x22410    : c_addi a0, 16              : IntAlu :  D=0x7fffffffffffffb0
 104500: system.cpu: T0 : 0x22412    : c_sdsp a5, 80(sp)          : MemWrite :  D=0x0000000000000000 A=0x7ffffffffffffd60
 105000: system.cpu: T0 : 0x22414    : c_li a5, 1                 : IntAlu :  D=0x0000000000000001
 105500: system.cpu: T0 : 0x22416    : c_sdsp a5, 96(sp)          : MemWrite :  D=0x0000000000000001 A=0x7ffffffffffffd70
 106000: system.cpu: T0 : 0x22418    : c_sdsp a5, 88(sp)          : MemWrite :  D=0x0000000000000001 A=0x7ffffffffffffd68
 106500: system.cpu: T0 : 0x2241a    : c_ld a5, 0(a0)             : MemRead :  D=0x0000000000000019 A=0x7fffffffffffffb0
 107000: system.cpu: T0 : 0x2241c    : c_bnez a5, -248            : IntAlu : 
 107500: system.cpu: T0 : 0x22324    : c_addi a5, -3              : IntAlu :  D=0x0000000000000016
 108500: system.cpu: T0 : 0x22326    : bltu a4, a5, 20            : IntAlu : 
 109000: system.cpu: T0 : 0x2232a    : c_slli a5, 2               : IntAlu :  D=0x0000000000000058
 109500: system.cpu: T0 : 0x2232c    : c_add a5, a3               : IntAlu :  D=0x000000000004fbf8
 110000: system.cpu: T0 : 0x2232e    : c_lw a5, 0(a5)             : MemRead :  D=0x00000000000223fc A=0x4fbf8
 110500: system.cpu: T0 : 0x22330    : c_jr a5                    : IntAlu : 
 111000: system.cpu: T0 : 0x223fc    : c_ld a5, 8(a0)             : MemRead :  D=0x7fffffffffffffd8 A=0x7fffffffffffffb8
 111500: system.cpu: T0 : 0x223fe    : c_addi a0, 16              : IntAlu :  D=0x7fffffffffffffc0
 112000: system.cpu: T0 : 0x22400    : c_sdsp a5, 104(sp)         : MemWrite :  D=0x7fffffffffffffd8 A=0x7ffffffffffffd78
 112500: system.cpu: T0 : 0x22402    : c_li a5, 1                 : IntAlu :  D=0x0000000000000001
 113000: system.cpu: T0 : 0x22404    : c_sdsp a5, 112(sp)         : MemWrite :  D=0x0000000000000001 A=0x7ffffffffffffd80
 113500: system.cpu: T0 : 0x22406    : c_ld a5, 0(a0)             : MemRead :  D=0x0000000000000000 A=0x7fffffffffffffc0
 114000: system.cpu: T0 : 0x22408    : c_bnez a5, -228            : IntAlu : 
 114500: system.cpu: T0 : 0x2240a    : c_j -202                   : IntAlu : 
 115000: system.cpu: T0 : 0x22340    : bne t5, zero, 408          : IntAlu : 
 115500: system.cpu: T0 : 0x224d8    : c_ldsp a5, 120(sp)         : MemRead :  D=0x0000000000001000 A=0x7ffffffffffffd88
 116500: system.cpu: T0 : 0x224da    : sd a5, -1784(gp)           : MemWrite :  D=0x0000000000001000 A=0x709b0
 117500: system.cpu: T0 : 0x224de    : bne s5, zero, -406         : IntAlu : 
 118000: system.cpu: T0 : 0x224e2    : c_j -406                   : IntAlu : 
 118500: system.cpu: T0 : 0x2234c    : beq s6, zero, 8            : IntAlu : 
 119000: system.cpu: T0 : 0x22350    : sd s9, -328(t0)            : MemWrite :  D=0x0000000000010040 A=0x71eb8
 119500: system.cpu: T0 : 0x22354    : beq s8, zero, 8            : IntAlu : 
 120000: system.cpu: T0 : 0x22358    : sd s11, -272(t2)           : MemWrite :  D=0x0000000000000006 A=0x71ef0
 120500: system.cpu: T0 : 0x2235c    : beq s10, zero, 10          : IntAlu : 
 121000: system.cpu: T0 : 0x22366    : c_ldsp a5, 16(sp)          : MemRead :  D=0x0000000000000000 A=0x7ffffffffffffd20
 121500: system.cpu: T0 : 0x22368    : c_beqz a5, 8               : IntAlu : 
 122000: system.cpu: T0 : 0x22370    : c_ldsp a5, 40(sp)          : MemRead :  D=0x0000000000000000 A=0x7ffffffffffffd38
 122500: system.cpu: T0 : 0x22372    : c_beqz a5, 8               : IntAlu : 
 123000: system.cpu: T0 : 0x2237a    : c_ldsp a5, 56(sp)          : MemRead :  D=0x0000000000000000 A=0x7ffffffffffffd48
 123500: system.cpu: T0 : 0x2237c    : c_beqz a5, 8               : IntAlu : 
 124000: system.cpu: T0 : 0x22384    : c_ldsp a5, 72(sp)          : MemRead :  D=0x0000000000000000 A=0x7ffffffffffffd58
 124500: system.cpu: T0 : 0x22386    : c_beqz a5, 8               : IntAlu : 
 125000: system.cpu: T0 : 0x2238e    : c_ldsp a5, 88(sp)          : MemRead :  D=0x0000000000000001 A=0x7ffffffffffffd68
 125500: system.cpu: T0 : 0x22390    : c_beqz a5, 14              : IntAlu : 
 126000: system.cpu: T0 : 0x22392    : c_ldsp a5, 80(sp)          : MemRead :  D=0x0000000000000000 A=0x7ffffffffffffd60
 126500: system.cpu: T0 : 0x22394    : sw a5, -72(t3)             : MemWrite :  D=0x0000000000000000 A=0x6efb8
 127000: system.cpu: T0 : 0x22398    : c_ldsp a5, 96(sp)          : MemRead :  D=0x0000000000000001 A=0x7ffffffffffffd70
 128000: system.cpu: T0 : 0x2239a    : sw a5, -224(t1)            : MemWrite :  D=0x0000000000000001 A=0x71f20
 128500: system.cpu: T0 : 0x2239e    : c_ldsp a5, 112(sp)         : MemRead :  D=0x0000000000000001 A=0x7ffffffffffffd80
 129000: system.cpu: T0 : 0x223a0    : c_beqz a5, 8               : IntAlu : 
 129500: system.cpu: T0 : 0x223a2    : c_ldsp a5, 104(sp)         : MemRead :  D=0x7fffffffffffffd8 A=0x7ffffffffffffd78
 130000: system.cpu: T0 : 0x223a4    : sd a5, 0(a6)               : MemWrite :  D=0x7fffffffffffffd8 A=0x6ef80
 130500: system.cpu: T0 : 0x223a8    : c_li a5, 15                : IntAlu :  D=0x000000000000000f
 131500: system.cpu: T0 : 0x223aa    : bne a2, a5, 22             : IntAlu : 
 132000: system.cpu: T0 : 0x223c0    : c_ldsp s0, 216(sp)         : MemRead :  D=0x00000000000109ee A=0x7ffffffffffffde8
 132500: system.cpu: T0 : 0x223c2    : c_ldsp s1, 208(sp)         : MemRead :  D=0x0000000000010a7e A=0x7ffffffffffffde0
 133000: system.cpu: T0 : 0x223c4    : c_ldsp s2, 200(sp)         : MemRead :  D=0x0000000000000000 A=0x7ffffffffffffdd8
 133500: system.cpu: T0 : 0x223c6    : c_ldsp s3, 192(sp)         : MemRead :  D=0x0000000000000000 A=0x7ffffffffffffdd0
 134000: system.cpu: T0 : 0x223c8    : c_ldsp s4, 184(sp)         : MemRead :  D=0x0000000000000000 A=0x7ffffffffffffdc8
 134500: system.cpu: T0 : 0x223ca    : c_ldsp s5, 176(sp)         : MemRead :  D=0x0000000000000000 A=0x7ffffffffffffdc0
 135000: system.cpu: T0 : 0x223cc    : c_ldsp s6, 168(sp)         : MemRead :  D=0x0000000000000000 A=0x7ffffffffffffdb8
 135500: system.cpu: T0 : 0x223ce    : c_ldsp s7, 160(sp)         : MemRead :  D=0x0000000000000000 A=0x7ffffffffffffdb0
 136000: system.cpu: T0 : 0x223d0    : c_ldsp s8, 152(sp)         : MemRead :  D=0x0000000000000000 A=0x7ffffffffffffda8
 136500: system.cpu: T0 : 0x223d2    : c_ldsp s9, 144(sp)         : MemRead :  D=0x0000000000000000 A=0x7ffffffffffffda0
 137000: system.cpu: T0 : 0x223d4    : c_ldsp s10, 136(sp)        : MemRead :  D=0x0000000000000000 A=0x7ffffffffffffd98
 137500: system.cpu: T0 : 0x223d6    : c_ldsp s11, 128(sp)        : MemRead :  D=0x0000000000000000 A=0x7ffffffffffffd90
 138000: system.cpu: T0 : 0x223d8    : c_addi16sp sp, 224         : IntAlu :  D=0x7ffffffffffffdf0
 138500: system.cpu: T0 : 0x223da    : c_jr ra                    : IntAlu : 
 139000: system.cpu: T0 : 0x10570    : lui a5, 114                : IntAlu :  D=0x0000000000072000
 139500: system.cpu: T0 : 0x10574    : ld a4, -328(a5)            : MemRead :  D=0x0000000000010040 A=0x71eb8
 140000: system.cpu: T0 : 0x10578    : beq a4, zero, 320          : IntAlu : 
 140500: system.cpu: T0 : 0x1057c    : jal ra, 75470              : IntAlu :  D=0x0000000000010580
 141500: system.cpu: T0 : 0x22c4a    : lui a5, 114                : IntAlu :  D=0x0000000000072000
 142500: system.cpu: T0 : 0x22c4e    : lw a5, -224(a5)            : MemRead :  D=0x0000000000000001 A=0x71f20
 143000: system.cpu: T0 : 0x22c52    : c_beqz a5, 4               : IntAlu : 
 143500: system.cpu: T0 : 0x22c54    : c_jr ra                    : IntAlu : 
 144000: system.cpu: T0 : 0x10580    : ld a0, -1360(gp)           : MemRead :  D=0x7fffffffffffff48 A=0x70b58
 144500: system.cpu: T0 : 0x10584    : jal ra, 71968              : IntAlu :  D=0x0000000000010588
 145000: system.cpu: T0 : 0x21ea4    : c_addi16sp sp, -128        : IntAlu :  D=0x7ffffffffffffd70
 145500: system.cpu: T0 : 0x21ea6    : c_sdsp s4, 80(sp)          : MemWrite :  D=0x0000000000000000 A=0x7ffffffffffffdc0
 146000: system.cpu: T0 : 0x21ea8    : lui s4, 111                : IntAlu :  D=0x000000000006f000
 146500: system.cpu: T0 : 0x21eac    : lw a5, -72(s4)             : MemRead :  D=0x0000000000000000 A=0x6efb8
 147000: system.cpu: T0 : 0x21eb0    : c_sdsp s7, 56(sp)          : MemWrite :  D=0x0000000000000000 A=0x7ffffffffffffda8
 147500: system.cpu: T0 : 0x21eb2    : c_sdsp ra, 120(sp)         : MemWrite :  D=0x0000000000010588 A=0x7ffffffffffffde8
 148000: system.cpu: T0 : 0x21eb4    : c_sdsp s0, 112(sp)         : MemWrite :  D=0x00000000000109ee A=0x7ffffffffffffde0
 148500: system.cpu: T0 : 0x21eb6    : c_sdsp s1, 104(sp)         : MemWrite :  D=0x0000000000010a7e A=0x7ffffffffffffdd8
 149000: system.cpu: T0 : 0x21eb8    : c_sdsp s2, 96(sp)          : MemWrite :  D=0x0000000000000000 A=0x7ffffffffffffdd0
 149500: system.cpu: T0 : 0x21eba    : c_sdsp s3, 88(sp)          : MemWrite :  D=0x0000000000000000 A=0x7ffffffffffffdc8
 150000: system.cpu: T0 : 0x21ebc    : c_sdsp s5, 72(sp)          : MemWrite :  D=0x0000000000000000 A=0x7ffffffffffffdb8
 150500: system.cpu: T0 : 0x21ebe    : c_sdsp s6, 64(sp)          : MemWrite :  D=0x0000000000000000 A=0x7ffffffffffffdb0
 151000: system.cpu: T0 : 0x21ec0    : c_sdsp s8, 48(sp)          : MemWrite :  D=0x0000000000000000 A=0x7ffffffffffffda0
 151500: system.cpu: T0 : 0x21ec2    : c_sdsp s9, 40(sp)          : MemWrite :  D=0x0000000000000000 A=0x7ffffffffffffd98
 152000: system.cpu: T0 : 0x21ec4    : c_sdsp s10, 32(sp)         : MemWrite :  D=0x0000000000000000 A=0x7ffffffffffffd90
 152500: system.cpu: T0 : 0x21ec6    : c_sdsp s11, 24(sp)         : MemWrite :  D=0x0000000000000000 A=0x7ffffffffffffd88
 153000: system.cpu: T0 : 0x21ec8    : c_mv s7, a0                : IntAlu :  D=0x7fffffffffffff48
 154000: system.cpu: T0 : 0x21eca    : bne a5, zero, 750          : IntAlu : 
 155000: system.cpu: T0 : 0x21ece    : lui s0, 111                : IntAlu :  D=0x000000000006f000
 156000: system.cpu: T0 : 0x21ed2    : addi s3, zero, 61          : IntAlu :  D=0x000000000000003d
 157000: system.cpu: T0 : 0x21ed6    : lui s1, 80                 : IntAlu :  D=0x0000000000050000
 158000: system.cpu: T0 : 0x21eda    : addi s6, s0, -1248         : IntAlu :  D=0x000000000006eb20
 159000: system.cpu: T0 : 0x21ede    : beq s7, zero, 166          : IntAlu : 
 159500: system.cpu: T0 : 0x21ee2    : c_mv a3, s7                : IntAlu :  D=0x7fffffffffffff48
 160000: system.cpu: T0 : 0x21ee4    : ld s9, 0(a3)               : MemRead :  D=0x0000000000000000 A=0x7fffffffffffff48
 160500: system.cpu: T0 : 0x21ee8    : c_mv s5, a3                : IntAlu :  D=0x7fffffffffffff48
 161500: system.cpu: T0 : 0x21eea    : beq s9, zero, 154          : IntAlu : 
 162000: system.cpu: T0 : 0x21f84    : c_ldsp ra, 120(sp)         : MemRead :  D=0x0000000000010588 A=0x7ffffffffffffde8
 162500: system.cpu: T0 : 0x21f86    : c_ldsp s0, 112(sp)         : MemRead :  D=0x00000000000109ee A=0x7ffffffffffffde0
 163000: system.cpu: T0 : 0x21f88    : c_ldsp s1, 104(sp)         : MemRead :  D=0x0000000000010a7e A=0x7ffffffffffffdd8
 163500: system.cpu: T0 : 0x21f8a    : c_ldsp s2, 96(sp)          : MemRead :  D=0x0000000000000000 A=0x7ffffffffffffdd0
 164000: system.cpu: T0 : 0x21f8c    : c_ldsp s3, 88(sp)          : MemRead :  D=0x0000000000000000 A=0x7ffffffffffffdc8
 164500: system.cpu: T0 : 0x21f8e    : c_ldsp s4, 80(sp)          : MemRead :  D=0x0000000000000000 A=0x7ffffffffffffdc0
 165000: system.cpu: T0 : 0x21f90    : c_ldsp s5, 72(sp)          : MemRead :  D=0x0000000000000000 A=0x7ffffffffffffdb8
 165500: system.cpu: T0 : 0x21f92    : c_ldsp s6, 64(sp)          : MemRead :  D=0x0000000000000000 A=0x7ffffffffffffdb0
 166000: system.cpu: T0 : 0x21f94    : c_ldsp s7, 56(sp)          : MemRead :  D=0x0000000000000000 A=0x7ffffffffffffda8
 166500: system.cpu: T0 : 0x21f96    : c_ldsp s8, 48(sp)          : MemRead :  D=0x0000000000000000 A=0x7ffffffffffffda0
 167000: system.cpu: T0 : 0x21f98    : c_ldsp s9, 40(sp)          : MemRead :  D=0x0000000000000000 A=0x7ffffffffffffd98
 167500: system.cpu: T0 : 0x21f9a    : c_ldsp s10, 32(sp)         : MemRead :  D=0x0000000000000000 A=0x7ffffffffffffd90
 168000: system.cpu: T0 : 0x21f9c    : c_ldsp s11, 24(sp)         : MemRead :  D=0x0000000000000000 A=0x7ffffffffffffd88
 168500: system.cpu: T0 : 0x21f9e    : c_addi16sp sp, 128         : IntAlu :  D=0x7ffffffffffffdf0
 169000: system.cpu: T0 : 0x21fa0    : c_jr ra                    : IntAlu : 
 169500: system.cpu: T0 : 0x10588    : jal ra, 664                : IntAlu :  D=0x000000000001058c
 170000: system.cpu: T0 : 0x10820    : c_addi16sp sp, -128        : IntAlu :  D=0x7ffffffffffffd70
 171000: system.cpu: T0 : 0x10822    : lui a5, 114                : IntAlu :  D=0x0000000000072000
 171500: system.cpu: T0 : 0x10826    : c_sdsp s0, 112(sp)         : MemWrite :  D=0x00000000000109ee A=0x7ffffffffffffde0
 172000: system.cpu: T0 : 0x10828    : ld s0, -328(a5)            : MemRead :  D=0x0000000000010040 A=0x71eb8
 172500: system.cpu: T0 : 0x1082c    : c_sdsp s3, 88(sp)          : MemWrite :  D=0x0000000000000000 A=0x7ffffffffffffdc8
 173500: system.cpu: T0 : 0x1082e    : lui a5, 112                : IntAlu :  D=0x0000000000070000
 174000: system.cpu: T0 : 0x10832    : c_sdsp ra, 120(sp)         : MemWrite :  D=0x000000000001058c A=0x7ffffffffffffde8
 174500: system.cpu: T0 : 0x10834    : c_sdsp s1, 104(sp)         : MemWrite :  D=0x0000000000010a7e A=0x7ffffffffffffdd8
 175000: system.cpu: T0 : 0x10836    : c_sdsp s2, 96(sp)          : MemWrite :  D=0x0000000000000000 A=0x7ffffffffffffdd0
 175500: system.cpu: T0 : 0x10838    : c_sdsp s4, 80(sp)          : MemWrite :  D=0x0000000000000000 A=0x7ffffffffffffdc0
 176000: system.cpu: T0 : 0x1083a    : c_sdsp s5, 72(sp)          : MemWrite :  D=0x0000000000000000 A=0x7ffffffffffffdb8
 176500: system.cpu: T0 : 0x1083c    : c_sdsp s6, 64(sp)          : MemWrite :  D=0x0000000000000000 A=0x7ffffffffffffdb0
 177000: system.cpu: T0 : 0x1083e    : c_sdsp s7, 56(sp)          : MemWrite :  D=0x0000000000000000 A=0x7ffffffffffffda8
 177500: system.cpu: T0 : 0x10840    : c_sdsp s8, 48(sp)          : MemWrite :  D=0x0000000000000000 A=0x7ffffffffffffda0
 178000: system.cpu: T0 : 0x10842    : c_sdsp s9, 40(sp)          : MemWrite :  D=0x0000000000000000 A=0x7ffffffffffffd98
 178500: system.cpu: T0 : 0x10844    : c_sdsp s10, 32(sp)         : MemWrite :  D=0x0000000000000000 A=0x7ffffffffffffd90
 179000: system.cpu: T0 : 0x10846    : c_sdsp s11, 24(sp)         : MemWrite :  D=0x0000000000000000 A=0x7ffffffffffffd88
 179500: system.cpu: T0 : 0x10848    : ld s3, 936(a5)             : MemRead :  D=0x000000000006fed8 A=0x703a8
 180000: system.cpu: T0 : 0x1084c    : beq s0, zero, 368          : IntAlu : 
 180500: system.cpu: T0 : 0x10850    : lui a5, 114                : IntAlu :  D=0x0000000000072000
 181000: system.cpu: T0 : 0x10854    : ld a5, -272(a5)            : MemRead :  D=0x0000000000000006 A=0x71ef0
 181500: system.cpu: T0 : 0x10858    : slli a4, a5, 3             : IntAlu :  D=0x0000000000000030
 182000: system.cpu: T0 : 0x1085c    : c_sub a4, a5               : IntAlu :  D=0x000000000000002a
 182500: system.cpu: T0 : 0x1085e    : c_slli a4, 3               : IntAlu :  D=0x0000000000000150
 183000: system.cpu: T0 : 0x10860    : c_add a4, s0               : IntAlu :  D=0x0000000000010190
 184000: system.cpu: T0 : 0x10862    : bgeu s0, a4, 322           : IntAlu : 
 184500: system.cpu: T0 : 0x10866    : c_li a3, 7                 : IntAlu :  D=0x0000000000000007
 185000: system.cpu: T0 : 0x10868    : c_j 10                     : IntAlu : 
 185500: system.cpu: T0 : 0x10872    : c_lw a5, 0(s0)             : MemRead :  D=0x0000000000000001 A=0x10040
 186000: system.cpu: T0 : 0x10874    : bne a5, a3, -10            : IntAlu : 
 187000: system.cpu: T0 : 0x1086a    : addi s0, s0, 56            : IntAlu :  D=0x0000000000010078
 188000: system.cpu: T0 : 0x1086e    : bgeu s0, a4, 310           : IntAlu : 
 188500: system.cpu: T0 : 0x10872    : c_lw a5, 0(s0)             : MemRead :  D=0x0000000000000001 A=0x10078
 189000: system.cpu: T0 : 0x10874    : bne a5, a3, -10            : IntAlu : 
 190000: system.cpu: T0 : 0x1086a    : addi s0, s0, 56            : IntAlu :  D=0x00000000000100b0
 191000: system.cpu: T0 : 0x1086e    : bgeu s0, a4, 310           : IntAlu : 
 191500: system.cpu: T0 : 0x10872    : c_lw a5, 0(s0)             : MemRead :  D=0x0000000000000004 A=0x100b0
 192000: system.cpu: T0 : 0x10874    : bne a5, a3, -10            : IntAlu : 
 193000: system.cpu: T0 : 0x1086a    : addi s0, s0, 56            : IntAlu :  D=0x00000000000100e8
 194000: system.cpu: T0 : 0x1086e    : bgeu s0, a4, 310           : IntAlu : 
 194500: system.cpu: T0 : 0x10872    : c_lw a5, 0(s0)             : MemRead :  D=0x0000000000000007 A=0x100e8
 195000: system.cpu: T0 : 0x10874    : bne a5, a3, -10            : IntAlu : 
 195500: system.cpu: T0 : 0x10878    : ld s5, 48(s0)              : MemRead :  D=0x0000000000000008 A=0x10118
 196000: system.cpu: T0 : 0x1087c    : ld a1, 0(s3)               : MemRead :  D=0x0000000000000000 A=0x6fed8
 196500: system.cpu: T0 : 0x10880    : c_ld a4, 16(s0)            : MemRead :  D=0x000000000006ead0 A=0x100f8
 197000: system.cpu: T0 : 0x10882    : c_li a5, 16                : IntAlu :  D=0x0000000000000010
 197500: system.cpu: T0 : 0x10884    : ld s10, 40(s0)             : MemRead :  D=0x0000000000000060 A=0x10110
 198000: system.cpu: T0 : 0x10888    : ld s4, 32(s0)              : MemRead :  D=0x0000000000000020 A=0x10108
 198500: system.cpu: T0 : 0x1088c    : c_mv s8, s5                : IntAlu :  D=0x0000000000000008
 199500: system.cpu: T0 : 0x1088e    : add s0, a1, a4             : IntAlu :  D=0x000000000006ead0
 200500: system.cpu: T0 : 0x10892    : bltu s5, a5, 260           : IntAlu : 
 201000: system.cpu: T0 : 0x10996    : c_li s8, 16                : IntAlu :  D=0x0000000000000010
 201500: system.cpu: T0 : 0x10998    : addi a4, s8, -1            : IntAlu :  D=0x000000000000000f
 202000: system.cpu: T0 : 0x1099c    : c_mv s9, s5                : IntAlu :  D=0x0000000000000008
 203000: system.cpu: T0 : 0x1099e    : bne s5, zero, -254         : IntAlu : 
 203500: system.cpu: T0 : 0x108a0    : sub s11, zero, s8          : IntAlu :  D=0xfffffffffffffff0
 204000: system.cpu: T0 : 0x108a4    : beq s5, zero, 302          : IntAlu : 
 204500: system.cpu: T0 : 0x108a8    : addi s2, s5, -1            : IntAlu :  D=0x0000000000000007
 205000: system.cpu: T0 : 0x108ac    : divu a5, s2, s9            : IntDiv :  D=0x0000000000000000
 205500: system.cpu: T0 : 0x108b0    : c_add s2, s10              : IntAlu :  D=0x0000000000000067
 206500: system.cpu: T0 : 0x108b2    : mul s7, a5, s9             : IntMult :  D=0x0000000000000000
 207000: system.cpu: T0 : 0x108b6    : c_mv a5, s7                : IntAlu :  D=0x0000000000000000
 207500: system.cpu: T0 : 0x108b8    : ld a0, -1968(gp)           : MemRead :  D=0x0000000000000800 A=0x708f8
 208000: system.cpu: T0 : 0x108bc    : c_sdsp a5, 8(sp)           : MemWrite :  D=0x0000000000000000 A=0x7ffffffffffffd78
 208500: system.cpu: T0 : 0x108be    : c_sdsp a4, 0(sp)           : MemWrite :  D=0x000000000000000f A=0x7ffffffffffffd70
 209000: system.cpu: T0 : 0x108c0    : addi a0, a0, 1808          : IntAlu :  D=0x0000000000000f10
 209500: system.cpu: T0 : 0x108c4    : c_add a0, s10              : IntAlu :  D=0x0000000000000f70
 210000: system.cpu: T0 : 0x108c6    : c_add a0, s8               : IntAlu :  D=0x0000000000000f80
 210500: system.cpu: T0 : 0x108c8    : c_add a0, s7               : IntAlu :  D=0x0000000000000f80
 211500: system.cpu: T0 : 0x108ca    : jal ra, 67206              : IntAlu :  D=0x00000000000108ce
 212000: system.cpu: T0 : 0x20f50    : c_addi sp, -32             : IntAlu :  D=0x7ffffffffffffd50
 212500: system.cpu: T0 : 0x20f52    : c_sdsp s2, 0(sp)           : MemWrite :  D=0x0000000000000067 A=0x7ffffffffffffd50
 213000: system.cpu: T0 : 0x20f54    : c_sdsp s1, 8(sp)           : MemWrite :  D=0x0000000000010a7e A=0x7ffffffffffffd58
 214000: system.cpu: T0 : 0x20f56    : ld s1, -1200(gp)           : MemRead :  D=0x0000000000000000 A=0x70bf8
 214500: system.cpu: T0 : 0x20f5a    : c_sdsp s0, 16(sp)          : MemWrite :  D=0x000000000006ead0 A=0x7ffffffffffffd60
 215000: system.cpu: T0 : 0x20f5c    : c_sdsp ra, 24(sp)          : MemWrite :  D=0x00000000000108ce A=0x7ffffffffffffd68
 215500: system.cpu: T0 : 0x20f5e    : c_mv s0, a0                : IntAlu :  D=0x0000000000000f80
 216000: system.cpu: T0 : 0x20f60    : c_beqz s1, 46              : IntAlu : 
 216500: system.cpu: T0 : 0x20f8e    : c_li a0, 0                 : IntAlu :  D=0x0000000000000000
 217000: system.cpu: T0 : 0x20f90    : jal ra, 98418              : IntAlu :  D=0x0000000000020f94
 217500: system.cpu: T0 : 0x39002    : c_mv a5, a0                : IntAlu :  D=0x0000000000000000
 218000: system.cpu: T0 : 0x39004    : addi a7, zero, 214         : IntAlu :  D=0x00000000000000d6
 218500: system.cpu: T0 : 0x39008    : ecall                      : No_OpClass : 
 219000: system.cpu: T0 : 0x3900c    : sd a0, -1200(gp)           : MemWrite :  D=0x0000000000073000 A=0x70bf8
 219500: system.cpu: T0 : 0x39010    : bltu a0, a5, 8             : IntAlu : 
 220000: system.cpu: T0 : 0x39014    : c_li a0, 0                 : IntAlu :  D=0x0000000000000000
 220500: system.cpu: T0 : 0x39016    : c_jr ra                    : IntAlu : 
 221000: system.cpu: T0 : 0x20f94    : blt a0, zero, -22          : IntAlu : 
 221500: system.cpu: T0 : 0x20f98    : ld s1, -1200(gp)           : MemRead :  D=0x0000000000073000 A=0x70bf8
 222000: system.cpu: T0 : 0x20f9c    : c_j -52                    : IntAlu : 
 222500: system.cpu: T0 : 0x20f68    : c_beqz s0, 24              : IntAlu : 
 223500: system.cpu: T0 : 0x20f6a    : bge zero, s0, 52           : IntAlu : 
 224500: system.cpu: T0 : 0x20f6e    : add a5, s0, s1             : IntAlu :  D=0x0000000000073f80
 225500: system.cpu: T0 : 0x20f72    : sltu a5, a5, s1            : IntAlu :  D=0x0000000000000000
 226000: system.cpu: T0 : 0x20f76    : c_beqz a5, 50              : IntAlu : 
 226500: system.cpu: T0 : 0x20fa8    : add a0, s1, s0             : IntAlu :  D=0x0000000000073f80
 227000: system.cpu: T0 : 0x20fac    : jal ra, 98390              : IntAlu :  D=0x0000000000020fb0
 227500: system.cpu: T0 : 0x39002    : c_mv a5, a0                : IntAlu :  D=0x0000000000073f80
 228000: system.cpu: T0 : 0x39004    : addi a7, zero, 214         : IntAlu :  D=0x00000000000000d6
 228500: system.cpu: T0 : 0x39008    : ecall                      : No_OpClass : 
 229000: system.cpu: T0 : 0x3900c    : sd a0, -1200(gp)           : MemWrite :  D=0x0000000000073f80 A=0x70bf8
 229500: system.cpu: T0 : 0x39010    : bltu a0, a5, 8             : IntAlu : 
 230000: system.cpu: T0 : 0x39014    : c_li a0, 0                 : IntAlu :  D=0x0000000000000000
 230500: system.cpu: T0 : 0x39016    : c_jr ra                    : IntAlu : 
 231000: system.cpu: T0 : 0x20fb0    : blt a0, zero, -50          : IntAlu : 
 231500: system.cpu: T0 : 0x20fb4    : c_ldsp ra, 24(sp)          : MemRead :  D=0x00000000000108ce A=0x7ffffffffffffd68
 232000: system.cpu: T0 : 0x20fb6    : c_ldsp s0, 16(sp)          : MemRead :  D=0x000000000006ead0 A=0x7ffffffffffffd60
 232500: system.cpu: T0 : 0x20fb8    : c_ldsp s2, 0(sp)           : MemRead :  D=0x0000000000000067 A=0x7ffffffffffffd50
 233000: system.cpu: T0 : 0x20fba    : c_mv a0, s1                : IntAlu :  D=0x0000000000073000
 233500: system.cpu: T0 : 0x20fbc    : c_ldsp s1, 8(sp)           : MemRead :  D=0x0000000000010a7e A=0x7ffffffffffffd58
 234000: system.cpu: T0 : 0x20fbe    : c_addi16sp sp, 32          : IntAlu :  D=0x7ffffffffffffd70
 234500: system.cpu: T0 : 0x20fc0    : c_jr ra                    : IntAlu : 
 235500: system.cpu: T0 : 0x108ce    : divu s2, s2, s9            : IntDiv :  D=0x000000000000000c
 236000: system.cpu: T0 : 0x108d2    : c_ldsp a4, 0(sp)           : MemRead :  D=0x000000000000000f A=0x7ffffffffffffd70
 236500: system.cpu: T0 : 0x108d4    : c_ldsp a5, 8(sp)           : MemRead :  D=0x0000000000000000 A=0x7ffffffffffffd78
 237500: system.cpu: T0 : 0x108d6    : addi s1, a0, 1808          : IntAlu :  D=0x0000000000073710
 238000: system.cpu: T0 : 0x108da    : c_add s1, a4               : IntAlu :  D=0x000000000007371f
 238500: system.cpu: T0 : 0x108dc    : and s1, s1, s11            : IntAlu :  D=0x0000000000073710
 239000: system.cpu: T0 : 0x108e0    : lui a4, 114                : IntAlu :  D=0x0000000000072000
 239500: system.cpu: T0 : 0x108e4    : addi a4, a4, -1544         : IntAlu :  D=0x00000000000719f8
 240000: system.cpu: T0 : 0x108e8    : add a0, s1, s7             : IntAlu :  D=0x0000000000073710
 240500: system.cpu: T0 : 0x108ec    : sd a5, 1088(s3)            : MemWrite :  D=0x0000000000000000 A=0x70318
 241000: system.cpu: T0 : 0x108f0    : addi a5, zero, 62          : IntAlu :  D=0x000000000000003e
 241500: system.cpu: T0 : 0x108f4    : c_mv a2, s4                : IntAlu :  D=0x0000000000000020
 242000: system.cpu: T0 : 0x108f6    : c_sd a5, 0(a4)             : MemWrite :  D=0x000000000000003e A=0x719f8
 242500: system.cpu: T0 : 0x108f8    : c_mv a1, s0                : IntAlu :  D=0x000000000006ead0
 243000: system.cpu: T0 : 0x108fa    : c_sd a0, 32(a4)            : MemWrite :  D=0x0000000000073710 A=0x71a18
 243500: system.cpu: T0 : 0x108fc    : sd zero, 40(a4)            : MemWrite :  D=0x0000000000000000 A=0x71a20
 244000: system.cpu: T0 : 0x10900    : jal ra, 61668              : IntAlu :  D=0x0000000000010904
 244500: system.cpu: T0 : 0x1f9e4    : c_addi16sp sp, -48         : IntAlu :  D=0x7ffffffffffffd40
 245000: system.cpu: T0 : 0x1f9e6    : c_sdsp s0, 32(sp)          : MemWrite :  D=0x000000000006ead0 A=0x7ffffffffffffd60
 245500: system.cpu: T0 : 0x1f9e8    : c_sdsp s2, 16(sp)          : MemWrite :  D=0x000000000000000c A=0x7ffffffffffffd50
 246000: system.cpu: T0 : 0x1f9ea    : c_sdsp ra, 40(sp)          : MemWrite :  D=0x0000000000010904 A=0x7ffffffffffffd68
 246500: system.cpu: T0 : 0x1f9ec    : c_sdsp s1, 24(sp)          : MemWrite :  D=0x0000000000073710 A=0x7ffffffffffffd58
 247000: system.cpu: T0 : 0x1f9ee    : c_sdsp s3, 8(sp)           : MemWrite :  D=0x000000000006fed8 A=0x7ffffffffffffd48
 247500: system.cpu: T0 : 0x1f9f0    : c_li a5, 15                : IntAlu :  D=0x000000000000000f
 248000: system.cpu: T0 : 0x1f9f2    : c_mv s2, a0                : IntAlu :  D=0x0000000000073710
 248500: system.cpu: T0 : 0x1f9f4    : c_mv a4, a0                : IntAlu :  D=0x0000000000073710
 249000: system.cpu: T0 : 0x1f9f6    : c_mv s0, a1                : IntAlu :  D=0x000000000006ead0
 249500: system.cpu: T0 : 0x1f9f8    : bgeu a5, a2, 72            : IntAlu : 
 250000: system.cpu: T0 : 0x1f9fc    : sub a0, zero, a0           : IntAlu :  D=0xfffffffffff8c8f0
 250500: system.cpu: T0 : 0x1fa00    : c_andi a0, 7               : IntAlu :  D=0x0000000000000000
 251500: system.cpu: T0 : 0x1fa02    : sub s1, a2, a0             : IntAlu :  D=0x0000000000000020
 252000: system.cpu: T0 : 0x1fa06    : c_beqz a0, 110             : IntAlu : 
 252500: system.cpu: T0 : 0x1fa74    : c_mv s3, s2                : IntAlu :  D=0x0000000000073710
 253000: system.cpu: T0 : 0x1fa76    : c_j -84                    : IntAlu : 
 254000: system.cpu: T0 : 0x1fa22    : andi a5, s0, 7             : IntAlu :  D=0x0000000000000000
 255000: system.cpu: T0 : 0x1fa26    : srli a2, s1, 3             : IntAlu :  D=0x0000000000000004
 255500: system.cpu: T0 : 0x1fa2a    : c_mv a1, s0                : IntAlu :  D=0x000000000006ead0
 256000: system.cpu: T0 : 0x1fa2c    : c_mv a0, s3                : IntAlu :  D=0x0000000000073710
 256500: system.cpu: T0 : 0x1fa2e    : c_bnez a5, 64              : IntAlu : 
 257000: system.cpu: T0 : 0x1fa30    : jal ra, 72                 : IntAlu :  D=0x000000000001fa34
 257500: system.cpu: T0 : 0x1fa78    : andi a5, a2, 7             : IntAlu :  D=0x0000000000000004
 258000: system.cpu: T0 : 0x1fa7c    : lui a4, 79                 : IntAlu :  D=0x000000000004f000
 258500: system.cpu: T0 : 0x1fa80    : c_slli a5, 2               : IntAlu :  D=0x0000000000000010
 259500: system.cpu: T0 : 0x1fa82    : addi a4, a4, -72           : IntAlu :  D=0x000000000004efb8
 260000: system.cpu: T0 : 0x1fa86    : c_add a5, a4               : IntAlu :  D=0x000000000004efc8
 260500: system.cpu: T0 : 0x1fa88    : c_lw a5, 0(a5)             : MemRead :  D=0x000000000001fb22 A=0x4efc8
 261000: system.cpu: T0 : 0x1fa8a    : c_jr a5                    : IntAlu : 
 262000: system.cpu: T0 : 0x1fb22    : ld a6, 0(a1)               : MemRead :  D=0x00000000000706f0 A=0x6ead0
 262500: system.cpu: T0 : 0x1fb26    : c_mv a3, a0                : IntAlu :  D=0x0000000000073710
 263000: system.cpu: T0 : 0x1fb28    : c_addi a1, -32             : IntAlu :  D=0x000000000006eab0
 264000: system.cpu: T0 : 0x1fb2a    : addi a5, a0, -40           : IntAlu :  D=0x00000000000736e8
 264500: system.cpu: T0 : 0x1fb2e    : c_addi a2, 4               : IntAlu :  D=0x0000000000000008
 265000: system.cpu: T0 : 0x1fb30    : c_j -124                   : IntAlu : 
 265500: system.cpu: T0 : 0x1fab4    : c_ld a4, 40(a1)            : MemRead :  D=0x00000000000706f0 A=0x6ead8
 266500: system.cpu: T0 : 0x1fab6    : addi a0, a5, 48            : IntAlu :  D=0x0000000000073718
 267500: system.cpu: T0 : 0x1faba    : sd a6, 0(a3)               : MemWrite :  D=0x00000000000706f0 A=0x73710
 268500: system.cpu: T0 : 0x1faba    : sd a6, 0(a3)               : MemWrite :  D=0x00000000000706f0 A=0x73710
 269500: system.cpu: T0 : 0x1fabe    : ld a6, 48(a1)              : MemRead :  D=0x00000000000706f8 A=0x6eae0
 270500: system.cpu: T0 : 0x1fac2    : addi a3, a5, 56            : IntAlu :  D=0x0000000000073720
 271000: system.cpu: T0 : 0x1fac6    : c_sd a4, 0(a0)             : MemWrite :  D=0x00000000000706f0 A=0x73718
 271500: system.cpu: T0 : 0x1fac8    : c_ld a4, 56(a1)            : MemRead :  D=0x0000000000070710 A=0x6eae8
 272500: system.cpu: T0 : 0x1faca    : addi a5, a5, 64            : IntAlu :  D=0x0000000000073728
 273500: system.cpu: T0 : 0x1face    : sd a6, 0(a3)               : MemWrite :  D=0x00000000000706f8 A=0x73720
 274000: system.cpu: T0 : 0x1fad2    : c_addi a2, -8              : IntAlu :  D=0x0000000000000000
 274500: system.cpu: T0 : 0x1fad4    : c_mv a0, a5                : IntAlu :  D=0x0000000000073728
 275500: system.cpu: T0 : 0x1fad6    : addi a1, a1, 64            : IntAlu :  D=0x000000000006eaf0
 276000: system.cpu: T0 : 0x1fada    : c_beqz a2, 24              : IntAlu : 
 276500: system.cpu: T0 : 0x1faf2    : c_sd a4, 0(a0)             : MemWrite :  D=0x0000000000070710 A=0x73728
 277000: system.cpu: T0 : 0x1faf4    : c_jr ra                    : IntAlu : 
 277500: system.cpu: T0 : 0x1fa34    : andi a4, s1, 18446744073709551608 : IntAlu :  D=0x0000000000000020
 278000: system.cpu: T0 : 0x1fa38    : c_add s0, a4               : IntAlu :  D=0x000000000006eaf0
 279000: system.cpu: T0 : 0x1fa3a    : andi a2, s1, 7             : IntAlu :  D=0x0000000000000000
 279500: system.cpu: T0 : 0x1fa3e    : c_add a4, s3               : IntAlu :  D=0x0000000000073730
 280000: system.cpu: T0 : 0x1fa40    : c_addi a4, -1              : IntAlu :  D=0x000000000007372f
 280500: system.cpu: T0 : 0x1fa42    : c_mv a5, s0                : IntAlu :  D=0x000000000006eaf0
 281000: system.cpu: T0 : 0x1fa44    : add a1, a2, s0             : IntAlu :  D=0x000000000006eaf0
 281500: system.cpu: T0 : 0x1fa48    : c_sub a4, s0               : IntAlu :  D=0x0000000000004c3f
 282000: system.cpu: T0 : 0x1fa4a    : c_beqz a2, 20              : IntAlu : 
 282500: system.cpu: T0 : 0x1fa5e    : c_ldsp ra, 40(sp)          : MemRead :  D=0x0000000000010904 A=0x7ffffffffffffd68
 283000: system.cpu: T0 : 0x1fa60    : c_ldsp s0, 32(sp)          : MemRead :  D=0x000000000006ead0 A=0x7ffffffffffffd60
 283500: system.cpu: T0 : 0x1fa62    : c_ldsp s1, 24(sp)          : MemRead :  D=0x0000000000073710 A=0x7ffffffffffffd58
 284000: system.cpu: T0 : 0x1fa64    : c_ldsp s3, 8(sp)           : MemRead :  D=0x000000000006fed8 A=0x7ffffffffffffd48
 284500: system.cpu: T0 : 0x1fa66    : c_mv a0, s2                : IntAlu :  D=0x0000000000073710
 285000: system.cpu: T0 : 0x1fa68    : c_ldsp s2, 16(sp)          : MemRead :  D=0x000000000000000c A=0x7ffffffffffffd50
 285500: system.cpu: T0 : 0x1fa6a    : c_addi16sp sp, 48          : IntAlu :  D=0x7ffffffffffffd70
 286000: system.cpu: T0 : 0x1fa6c    : c_jr ra                    : IntAlu : 
 286500: system.cpu: T0 : 0x10904    : lui a5, 114                : IntAlu :  D=0x0000000000072000
 287000: system.cpu: T0 : 0x10908    : addi a5, a5, -1528         : IntAlu :  D=0x0000000000071a08
 287500: system.cpu: T0 : 0x1090c    : ld a4, -1968(gp)           : MemRead :  D=0x0000000000000800 A=0x708f8
 288000: system.cpu: T0 : 0x10910    : addi a3, gp, -960          : IntAlu :  D=0x0000000000070ce8
 288500: system.cpu: T0 : 0x10914    : sd a5, -16(s1)             : MemWrite :  D=0x0000000000071a08 A=0x73700
 289000: system.cpu: T0 : 0x10918    : addi a2, zero, 64          : IntAlu :  D=0x0000000000000040
 289500: system.cpu: T0 : 0x1091c    : c_li a5, 1                 : IntAlu :  D=0x0000000000000001
 290000: system.cpu: T0 : 0x1091e    : c_sd a2, 0(a3)             : MemWrite :  D=0x0000000000000040 A=0x70ce8
 290500: system.cpu: T0 : 0x10920    : lui a2, 114                : IntAlu :  D=0x0000000000072000
 291000: system.cpu: T0 : 0x10924    : sd a5, -1552(a2)           : MemWrite :  D=0x0000000000000001 A=0x719f0
 291500: system.cpu: T0 : 0x10928    : lui a2, 114                : IntAlu :  D=0x0000000000072000
 292000: system.cpu: T0 : 0x1092c    : sd s3, 40(a3)              : MemWrite :  D=0x000000000006fed8 A=0x70d10
 292500: system.cpu: T0 : 0x10930    : sd a3, -520(a2)            : MemWrite :  D=0x0000000000070ce8 A=0x71df8
 293000: system.cpu: T0 : 0x10934    : lui a3, 114                : IntAlu :  D=0x0000000000072000
 293500: system.cpu: T0 : 0x10938    : sd s8, -1560(a3)           : MemWrite :  D=0x0000000000000010 A=0x719e8
 294000: system.cpu: T0 : 0x1093c    : lui a3, 114                : IntAlu :  D=0x0000000000072000
 294500: system.cpu: T0 : 0x10940    : sd a5, 1096(s3)            : MemWrite :  D=0x0000000000000001 A=0x70320
 295000: system.cpu: T0 : 0x10944    : sd a5, -496(a3)            : MemWrite :  D=0x0000000000000001 A=0x71e10
 295500: system.cpu: T0 : 0x10948    : c_addi a4, 15              : IntAlu :  D=0x000000000000080f
 296500: system.cpu: T0 : 0x1094a    : sd s0, 1048(s3)            : MemWrite :  D=0x000000000006ead0 A=0x702f0
 297000: system.cpu: T0 : 0x1094e    : c_ldsp ra, 120(sp)         : MemRead :  D=0x000000000001058c A=0x7ffffffffffffde8
 297500: system.cpu: T0 : 0x10950    : c_ldsp s0, 112(sp)         : MemRead :  D=0x00000000000109ee A=0x7ffffffffffffde0
 298500: system.cpu: T0 : 0x10952    : sd s5, 1072(s3)            : MemWrite :  D=0x0000000000000008 A=0x70308
 299500: system.cpu: T0 : 0x10956    : sd s10, 1064(s3)           : MemWrite :  D=0x0000000000000060 A=0x70300
 300500: system.cpu: T0 : 0x1095a    : sd s4, 1056(s3)            : MemWrite :  D=0x0000000000000020 A=0x702f8
 301000: system.cpu: T0 : 0x1095e    : c_ldsp s5, 72(sp)          : MemRead :  D=0x0000000000000000 A=0x7ffffffffffffdb8
 301500: system.cpu: T0 : 0x10960    : c_ldsp s3, 88(sp)          : MemRead :  D=0x0000000000000000 A=0x7ffffffffffffdc8
 302000: system.cpu: T0 : 0x10962    : c_ldsp s4, 80(sp)          : MemRead :  D=0x0000000000000000 A=0x7ffffffffffffdc0
 302500: system.cpu: T0 : 0x10964    : c_ldsp s8, 48(sp)          : MemRead :  D=0x0000000000000000 A=0x7ffffffffffffda0
 303000: system.cpu: T0 : 0x10966    : c_ldsp s10, 32(sp)         : MemRead :  D=0x0000000000000000 A=0x7ffffffffffffd90
 303500: system.cpu: T0 : 0x10968    : c_ldsp s11, 24(sp)         : MemRead :  D=0x0000000000000000 A=0x7ffffffffffffd88
 304000: system.cpu: T0 : 0x1096a    : c_mv tp, s1                : IntAlu :  D=0x0000000000073710
 304500: system.cpu: T0 : 0x1096c    : c_ldsp s1, 104(sp)         : MemRead :  D=0x0000000000010a7e A=0x7ffffffffffffdd8
 305500: system.cpu: T0 : 0x1096e    : mul s2, s2, s9             : IntMult :  D=0x0000000000000060
 306000: system.cpu: T0 : 0x10972    : c_ldsp s9, 40(sp)          : MemRead :  D=0x0000000000000000 A=0x7ffffffffffffd98
 306500: system.cpu: T0 : 0x10974    : add a5, s2, s7             : IntAlu :  D=0x0000000000000060
 307000: system.cpu: T0 : 0x10978    : c_add a4, a5               : IntAlu :  D=0x000000000000086f
 307500: system.cpu: T0 : 0x1097a    : c_andi a4, 18446744073709551600 : IntAlu :  D=0x0000000000000860
 308000: system.cpu: T0 : 0x1097c    : sd a4, -1968(gp)           : MemWrite :  D=0x0000000000000860 A=0x708f8
 308500: system.cpu: T0 : 0x10980    : lui a4, 114                : IntAlu :  D=0x0000000000072000
 309000: system.cpu: T0 : 0x10984    : sd a5, -1568(a4)           : MemWrite :  D=0x0000000000000060 A=0x719e0
 309500: system.cpu: T0 : 0x10988    : c_ldsp s2, 96(sp)          : MemRead :  D=0x0000000000000000 A=0x7ffffffffffffdd0
 310000: system.cpu: T0 : 0x1098a    : c_ldsp s6, 64(sp)          : MemRead :  D=0x0000000000000000 A=0x7ffffffffffffdb0
 310500: system.cpu: T0 : 0x1098c    : c_ldsp s7, 56(sp)          : MemRead :  D=0x0000000000000000 A=0x7ffffffffffffda8
 311000: system.cpu: T0 : 0x1098e    : c_addi16sp sp, 128         : IntAlu :  D=0x7ffffffffffffdf0
 311500: system.cpu: T0 : 0x10990    : c_jr ra                    : IntAlu : 
 312000: system.cpu: T0 : 0x1058c    : lui a5, 111                : IntAlu :  D=0x000000000006f000
 312500: system.cpu: T0 : 0x10590    : ld a5, -128(a5)            : MemRead :  D=0x7fffffffffffffd8 A=0x6ef80
 313000: system.cpu: T0 : 0x10594    : lw a7, -1728(gp)           : MemRead :  D=0x0000000000000000 A=0x709e8
 313500: system.cpu: T0 : 0x10598    : lbu a6, 1(a5)              : MemRead :  D=0x0000000000000000 A=0x7fffffffffffffd9
 314000: system.cpu: T0 : 0x1059c    : lbu a4, 0(a5)              : MemRead :  D=0x0000000000000000 A=0x7fffffffffffffd8
 314500: system.cpu: T0 : 0x105a0    : lbu a0, 2(a5)              : MemRead :  D=0x0000000000000000 A=0x7fffffffffffffda
 315000: system.cpu: T0 : 0x105a4    : lbu a1, 3(a5)              : MemRead :  D=0x0000000000000000 A=0x7fffffffffffffdb
 315500: system.cpu: T0 : 0x105a8    : lbu a2, 4(a5)              : MemRead :  D=0x0000000000000000 A=0x7fffffffffffffdc
 316000: system.cpu: T0 : 0x105ac    : c_slli a6, 8               : IntAlu :  D=0x0000000000000000
 317000: system.cpu: T0 : 0x105ae    : lbu a3, 5(a5)              : MemRead :  D=0x0000000000000000 A=0x7fffffffffffffdd
 318000: system.cpu: T0 : 0x105b2    : or a6, a6, a4              : IntAlu :  D=0x0000000000000000
 318500: system.cpu: T0 : 0x105b6    : c_slli a0, 16              : IntAlu :  D=0x0000000000000000
 319000: system.cpu: T0 : 0x105b8    : lbu a4, 6(a5)              : MemRead :  D=0x0000000000000000 A=0x7fffffffffffffde
 319500: system.cpu: T0 : 0x105bc    : or a0, a0, a6              : IntAlu :  D=0x0000000000000000
 320000: system.cpu: T0 : 0x105c0    : c_slli a1, 24              : IntAlu :  D=0x0000000000000000
 321000: system.cpu: T0 : 0x105c2    : lbu a5, 7(a5)              : MemRead :  D=0x000000000000002e A=0x7fffffffffffffdf
 321500: system.cpu: T0 : 0x105c6    : c_or a1, a0                : IntAlu :  D=0x0000000000000000
 322000: system.cpu: T0 : 0x105c8    : c_slli a2, 32              : IntAlu :  D=0x0000000000000000
 322500: system.cpu: T0 : 0x105ca    : c_or a2, a1                : IntAlu :  D=0x0000000000000000
 323000: system.cpu: T0 : 0x105cc    : c_slli a3, 40              : IntAlu :  D=0x0000000000000000
 323500: system.cpu: T0 : 0x105ce    : c_or a3, a2                : IntAlu :  D=0x0000000000000000
 324000: system.cpu: T0 : 0x105d0    : c_slli a4, 48              : IntAlu :  D=0x0000000000000000
 324500: system.cpu: T0 : 0x105d2    : c_or a4, a3                : IntAlu :  D=0x0000000000000000
 325000: system.cpu: T0 : 0x105d4    : c_slli a5, 56              : IntAlu :  D=0x2e00000000000000
 325500: system.cpu: T0 : 0x105d6    : c_or a5, a4                : IntAlu :  D=0x2e00000000000000
 326000: system.cpu: T0 : 0x105d8    : andi a5, a5, 18446744073709551360 : IntAlu :  D=0x2e00000000000000
 326500: system.cpu: T0 : 0x105dc    : lui a4, 111                : IntAlu :  D=0x000000000006f000
 327000: system.cpu: T0 : 0x105e0    : sd a5, -1264(a4)           : MemWrite :  D=0x2e00000000000000 A=0x6eb10
 327500: system.cpu: T0 : 0x105e4    : beq a7, zero, 286          : IntAlu : 
 328500: system.cpu: T0 : 0x10702    : jal ra, 75208              : IntAlu :  D=0x0000000000010706
 329000: system.cpu: T0 : 0x22cca    : c_addi16sp sp, -496        : IntAlu :  D=0x7ffffffffffffc00
 329500: system.cpu: T0 : 0x22ccc    : c_addi4spn a0, sp, 72      : IntAlu :  D=0x7ffffffffffffc48
 330000: system.cpu: T0 : 0x22cce    : c_sdsp ra, 488(sp)         : MemWrite :  D=0x0000000000010706 A=0x7ffffffffffffde8
 330500: system.cpu: T0 : 0x22cd0    : c_sdsp s0, 480(sp)         : MemWrite :  D=0x00000000000109ee A=0x7ffffffffffffde0
 331000: system.cpu: T0 : 0x22cd2    : c_sdsp s1, 472(sp)         : MemWrite :  D=0x0000000000010a7e A=0x7ffffffffffffdd8
 331500: system.cpu: T0 : 0x22cd4    : jal ra, 90520              : IntAlu :  D=0x0000000000022cd8
 332000: system.cpu: T0 : 0x38e6c    : addi a7, zero, 160         : IntAlu :  D=0x00000000000000a0
 332500: system.cpu: T0 : 0x38e70    : ecall                      : No_OpClass : 
 333000: system.cpu: T0 : 0x38e74    : c_lui a7, 1048575          : IntAlu :  D=0xfffffffffffff000
 334000: system.cpu: T0 : 0x38e76    : bltu a7, a0, 6             : IntAlu : 
 334500: system.cpu: T0 : 0x38e7a    : c_jr ra                    : IntAlu : 
 335000: system.cpu: T0 : 0x22cd8    : addi a3, sp, 202           : IntAlu :  D=0x7ffffffffffffcca
 335500: system.cpu: T0 : 0x22cdc    : c_bnez a0, 140             : IntAlu : 
 336000: system.cpu: T0 : 0x22cde    : c_li t1, 0                 : IntAlu :  D=0x0000000000000000
 336500: system.cpu: T0 : 0x22ce0    : c_li a0, 0                 : IntAlu :  D=0x0000000000000000
 337000: system.cpu: T0 : 0x22ce2    : c_li a7, 9                 : IntAlu :  D=0x0000000000000009
 337500: system.cpu: T0 : 0x22ce4    : addi t3, zero, 46          : IntAlu :  D=0x000000000000002e
 338000: system.cpu: T0 : 0x22ce8    : c_li t4, 3                 : IntAlu :  D=0x0000000000000003
 339000: system.cpu: T0 : 0x22cea    : lbu a5, 0(a3)              : MemRead :  D=0x0000000000000035 A=0x7ffffffffffffcca
 340000: system.cpu: T0 : 0x22cee    : addiw a5, a5, -48          : IntAlu :  D=0x0000000000000005
 341000: system.cpu: T0 : 0x22cf2    : andi a4, a5, 255           : IntAlu :  D=0x0000000000000005
 342000: system.cpu: T0 : 0x22cf6    : bltu a7, a4, 98            : IntAlu : 
 343000: system.cpu: T0 : 0x22cfa    : lbu a1, 1(a3)              : MemRead :  D=0x000000000000002e A=0x7ffffffffffffccb
 344000: system.cpu: T0 : 0x22cfe    : addiw a4, a5, 0            : IntAlu :  D=0x0000000000000005
 344500: system.cpu: T0 : 0x22d02    : c_addi a3, 1               : IntAlu :  D=0x7ffffffffffffccb
 345000: system.cpu: T0 : 0x22d04    : addiw a2, a1, -48          : IntAlu :  D=0xfffffffffffffffe
 345500: system.cpu: T0 : 0x22d08    : andi a5, a2, 255           : IntAlu :  D=0x00000000000000fe
 346000: system.cpu: T0 : 0x22d0c    : bltu a7, a5, 36            : IntAlu : 
 346500: system.cpu: T0 : 0x22d30    : slliw a5, a0, 8            : IntAlu :  D=0x0000000000000000
 347000: system.cpu: T0 : 0x22d34    : c_or a5, a4                : IntAlu :  D=0x0000000000000005
 347500: system.cpu: T0 : 0x22d36    : c_addiw t1, 1              : IntAlu :  D=0x0000000000000001
 348000: system.cpu: T0 : 0x22d38    : addiw a0, a5, 0            : IntAlu :  D=0x0000000000000005
 348500: system.cpu: T0 : 0x22d3c    : c_addi a3, 1               : IntAlu :  D=0x7ffffffffffffccc
 349500: system.cpu: T0 : 0x22d3e    : bne a1, t3, 20             : IntAlu : 
 350500: system.cpu: T0 : 0x22d42    : bne t1, t4, -88            : IntAlu : 
 351500: system.cpu: T0 : 0x22cea    : lbu a5, 0(a3)              : MemRead :  D=0x0000000000000031 A=0x7ffffffffffffccc
 352500: system.cpu: T0 : 0x22cee    : addiw a5, a5, -48          : IntAlu :  D=0x0000000000000001
 353500: system.cpu: T0 : 0x22cf2    : andi a4, a5, 255           : IntAlu :  D=0x0000000000000001
 354500: system.cpu: T0 : 0x22cf6    : bltu a7, a4, 98            : IntAlu : 
 355500: system.cpu: T0 : 0x22cfa    : lbu a1, 1(a3)              : MemRead :  D=0x000000000000002e A=0x7ffffffffffffccd
 356500: system.cpu: T0 : 0x22cfe    : addiw a4, a5, 0            : IntAlu :  D=0x0000000000000001
 357000: system.cpu: T0 : 0x22d02    : c_addi a3, 1               : IntAlu :  D=0x7ffffffffffffccd
 357500: system.cpu: T0 : 0x22d04    : addiw a2, a1, -48          : IntAlu :  D=0xfffffffffffffffe
 358000: system.cpu: T0 : 0x22d08    : andi a5, a2, 255           : IntAlu :  D=0x00000000000000fe
 358500: system.cpu: T0 : 0x22d0c    : bltu a7, a5, 36            : IntAlu : 
 359000: system.cpu: T0 : 0x22d30    : slliw a5, a0, 8            : IntAlu :  D=0x0000000000000500
 359500: system.cpu: T0 : 0x22d34    : c_or a5, a4                : IntAlu :  D=0x0000000000000501
 360000: system.cpu: T0 : 0x22d36    : c_addiw t1, 1              : IntAlu :  D=0x0000000000000002
 360500: system.cpu: T0 : 0x22d38    : addiw a0, a5, 0            : IntAlu :  D=0x0000000000000501
 361000: system.cpu: T0 : 0x22d3c    : c_addi a3, 1               : IntAlu :  D=0x7ffffffffffffcce
 362000: system.cpu: T0 : 0x22d3e    : bne a1, t3, 20             : IntAlu : 
 363000: system.cpu: T0 : 0x22d42    : bne t1, t4, -88            : IntAlu : 
 364000: system.cpu: T0 : 0x22cea    : lbu a5, 0(a3)              : MemRead :  D=0x0000000000000030 A=0x7ffffffffffffcce
 365000: system.cpu: T0 : 0x22cee    : addiw a5, a5, -48          : IntAlu :  D=0x0000000000000000
 366000: system.cpu: T0 : 0x22cf2    : andi a4, a5, 255           : IntAlu :  D=0x0000000000000000
 367000: system.cpu: T0 : 0x22cf6    : bltu a7, a4, 98            : IntAlu : 
 368000: system.cpu: T0 : 0x22cfa    : lbu a1, 1(a3)              : MemRead :  D=0x0000000000000000 A=0x7ffffffffffffccf
 369000: system.cpu: T0 : 0x22cfe    : addiw a4, a5, 0            : IntAlu :  D=0x0000000000000000
 369500: system.cpu: T0 : 0x22d02    : c_addi a3, 1               : IntAlu :  D=0x7ffffffffffffccf
 370000: system.cpu: T0 : 0x22d04    : addiw a2, a1, -48          : IntAlu :  D=0xffffffffffffffd0
 370500: system.cpu: T0 : 0x22d08    : andi a5, a2, 255           : IntAlu :  D=0x00000000000000d0
 371000: system.cpu: T0 : 0x22d0c    : bltu a7, a5, 36            : IntAlu : 
 371500: system.cpu: T0 : 0x22d30    : slliw a5, a0, 8            : IntAlu :  D=0x0000000000050100
 372000: system.cpu: T0 : 0x22d34    : c_or a5, a4                : IntAlu :  D=0x0000000000050100
 372500: system.cpu: T0 : 0x22d36    : c_addiw t1, 1              : IntAlu :  D=0x0000000000000003
 373000: system.cpu: T0 : 0x22d38    : addiw a0, a5, 0            : IntAlu :  D=0x0000000000050100
 373500: system.cpu: T0 : 0x22d3c    : c_addi a3, 1               : IntAlu :  D=0x7ffffffffffffcd0
 374500: system.cpu: T0 : 0x22d3e    : bne a1, t3, 20             : IntAlu : 
 375000: system.cpu: T0 : 0x22d52    : c_li a5, 3                 : IntAlu :  D=0x0000000000000003
 375500: system.cpu: T0 : 0x22d54    : beq t1, a5, -14            : IntAlu : 
 376000: system.cpu: T0 : 0x22d46    : c_addiw a0, 0              : IntAlu :  D=0x0000000000050100
 376500: system.cpu: T0 : 0x22d48    : c_ldsp ra, 488(sp)         : MemRead :  D=0x0000000000010706 A=0x7ffffffffffffde8
 377000: system.cpu: T0 : 0x22d4a    : c_ldsp s0, 480(sp)         : MemRead :  D=0x00000000000109ee A=0x7ffffffffffffde0
 377500: system.cpu: T0 : 0x22d4c    : c_ldsp s1, 472(sp)         : MemRead :  D=0x0000000000010a7e A=0x7ffffffffffffdd8
 378000: system.cpu: T0 : 0x22d4e    : c_addi16sp sp, 496         : IntAlu :  D=0x7ffffffffffffdf0
 378500: system.cpu: T0 : 0x22d50    : c_jr ra                    : IntAlu : 
 379000: system.cpu: T0 : 0x10706    : c_mv a5, a0                : IntAlu :  D=0x0000000000050100
 379500: system.cpu: T0 : 0x10708    : blt a0, zero, 104          : IntAlu : 
 380000: system.cpu: T0 : 0x1070c    : lui a4, 114                : IntAlu :  D=0x0000000000072000
 380500: system.cpu: T0 : 0x10710    : lw a3, -240(a4)            : MemRead :  D=0x0000000000000000 A=0x71f10
 381000: system.cpu: T0 : 0x10714    : addiw a4, a0, 0            : IntAlu :  D=0x0000000000050100
 381500: system.cpu: T0 : 0x10718    : c_bnez a3, 82              : IntAlu : 
 382500: system.cpu: T0 : 0x1071a    : lui a3, 114                : IntAlu :  D=0x0000000000072000
 383500: system.cpu: T0 : 0x1071e    : sw a4, -240(a3)            : MemWrite :  D=0x0000000000050100 A=0x71f10
 384500: system.cpu: T0 : 0x10722    : lui a4, 65                 : IntAlu :  D=0x0000000000041000
 385500: system.cpu: T0 : 0x10726    : addi a4, a4, -257          : IntAlu :  D=0x0000000000040eff
 386500: system.cpu: T0 : 0x1072a    : blt a4, a5, -322           : IntAlu : 
 387000: system.cpu: T0 : 0x105e8    : addi a5, zero, 0           : IntAlu :  D=0x0000000000000000
 387500: system.cpu: T0 : 0x105ec    : c_beqz a5, 10              : IntAlu : 
 388500: system.cpu: T0 : 0x105f6    : lui a5, 111                : IntAlu :  D=0x000000000006f000
 389500: system.cpu: T0 : 0x105fa    : ld a5, -128(a5)            : MemRead :  D=0x7fffffffffffffd8 A=0x6ef80
 390500: system.cpu: T0 : 0x105fe    : lbu a4, 14(a5)             : MemRead :  D=0x000000000000006c A=0x7fffffffffffffe6
 391500: system.cpu: T0 : 0x10602    : lbu a7, 8(a5)              : MemRead :  D=0x000000000000002e A=0x7fffffffffffffe0
 392500: system.cpu: T0 : 0x10606    : lbu a6, 9(a5)              : MemRead :  D=0x000000000000002f A=0x7fffffffffffffe1
 393500: system.cpu: T0 : 0x1060a    : lbu a0, 10(a5)             : MemRead :  D=0x0000000000000044 A=0x7fffffffffffffe2
 394500: system.cpu: T0 : 0x1060e    : lbu a1, 11(a5)             : MemRead :  D=0x000000000000006f A=0x7fffffffffffffe3
 395500: system.cpu: T0 : 0x10612    : lbu a2, 12(a5)             : MemRead :  D=0x0000000000000077 A=0x7fffffffffffffe4
 396500: system.cpu: T0 : 0x10616    : lbu a3, 13(a5)             : MemRead :  D=0x000000000000006e A=0x7fffffffffffffe5
 397500: system.cpu: T0 : 0x1061a    : lbu a5, 15(a5)             : MemRead :  D=0x000000000000006f A=0x7fffffffffffffe7
 398500: system.cpu: T0 : 0x1061e    : sb a7, 40(sp)              : MemWrite :  D=0x000000000000002e A=0x7ffffffffffffe18
 399500: system.cpu: T0 : 0x10622    : sb a6, 41(sp)              : MemWrite :  D=0x000000000000002f A=0x7ffffffffffffe19
 400500: system.cpu: T0 : 0x10626    : sb a5, 47(sp)              : MemWrite :  D=0x000000000000006f A=0x7ffffffffffffe1f
 401500: system.cpu: T0 : 0x1062a    : sb a0, 42(sp)              : MemWrite :  D=0x0000000000000044 A=0x7ffffffffffffe1a
 402500: system.cpu: T0 : 0x1062e    : sb a1, 43(sp)              : MemWrite :  D=0x000000000000006f A=0x7ffffffffffffe1b
 403500: system.cpu: T0 : 0x10632    : sb a2, 44(sp)              : MemWrite :  D=0x0000000000000077 A=0x7ffffffffffffe1c
 404500: system.cpu: T0 : 0x10636    : sb a3, 45(sp)              : MemWrite :  D=0x000000000000006e A=0x7ffffffffffffe1d
 405500: system.cpu: T0 : 0x1063a    : sb a4, 46(sp)              : MemWrite :  D=0x000000000000006c A=0x7ffffffffffffe1e
 406000: system.cpu: T0 : 0x1063e    : c_ldsp a4, 40(sp)          : MemRead :  D=0x6f6c6e776f442f2e A=0x7ffffffffffffe18
 406500: system.cpu: T0 : 0x10640    : lui a5, 111                : IntAlu :  D=0x000000000006f000
 407000: system.cpu: T0 : 0x10644    : sd a4, -1256(a5)           : MemWrite :  D=0x6f6c6e776f442f2e A=0x6eb18
 407500: system.cpu: T0 : 0x10648    : beq s2, zero, 14           : IntAlu : 
 408500: system.cpu: T0 : 0x10656    : ld a2, -1360(gp)           : MemRead :  D=0x7fffffffffffff48 A=0x70b58
 409000: system.cpu: T0 : 0x1065a    : c_ldsp a1, 16(sp)          : MemRead :  D=0x7fffffffffffff38 A=0x7ffffffffffffe00
 409500: system.cpu: T0 : 0x1065c    : c_ldsp a0, 8(sp)           : MemRead :  D=0x0000000000000001 A=0x7ffffffffffffdf8
 410500: system.cpu: T0 : 0x1065e    : jal ra, 75612              : IntAlu :  D=0x0000000000010662
 411000: system.cpu: T0 : 0x22dba    : c_addi sp, -32             : IntAlu :  D=0x7ffffffffffffdd0
 411500: system.cpu: T0 : 0x22dbc    : c_sdsp s0, 16(sp)          : MemWrite :  D=0x00000000000109ee A=0x7ffffffffffffde0
 412000: system.cpu: T0 : 0x22dbe    : c_sdsp s1, 8(sp)           : MemWrite :  D=0x0000000000010a7e A=0x7ffffffffffffdd8
 412500: system.cpu: T0 : 0x22dc0    : c_sdsp s2, 0(sp)           : MemWrite :  D=0x0000000000000000 A=0x7ffffffffffffdd0
 413000: system.cpu: T0 : 0x22dc2    : c_sdsp ra, 24(sp)          : MemWrite :  D=0x0000000000010662 A=0x7ffffffffffffde8
 413500: system.cpu: T0 : 0x22dc4    : addi a4, zero, 0           : IntAlu :  D=0x0000000000000000
 414000: system.cpu: T0 : 0x22dc8    : c_mv s0, a0                : IntAlu :  D=0x0000000000000001
 414500: system.cpu: T0 : 0x22dca    : c_mv s1, a1                : IntAlu :  D=0x7fffffffffffff38
 415000: system.cpu: T0 : 0x22dcc    : c_mv s2, a2                : IntAlu :  D=0x7fffffffffffff48
 415500: system.cpu: T0 : 0x22dce    : c_beqz a4, 62              : IntAlu : 
 416000: system.cpu: T0 : 0x22e0c    : lw a0, -1248(gp)           : MemRead :  D=0x0000000000000000 A=0x70bc8
 416500: system.cpu: T0 : 0x22e10    : lw a5, -1344(gp)           : MemRead :  D=0x0000000000000000 A=0x70b68
 417000: system.cpu: T0 : 0x22e14    : sw zero, -1728(gp)         : MemWrite :  D=0x0000000000000000 A=0x709e8
 417500: system.cpu: T0 : 0x22e18    : beq a5, a0, -60            : IntAlu : 
 418000: system.cpu: T0 : 0x22ddc    : lui a5, 114                : IntAlu :  D=0x0000000000072000
 418500: system.cpu: T0 : 0x22de0    : sw s0, -216(a5)            : MemWrite :  D=0x0000000000000001 A=0x71f28
 419000: system.cpu: T0 : 0x22de4    : lui a5, 114                : IntAlu :  D=0x0000000000072000
 419500: system.cpu: T0 : 0x22de8    : sd s1, -208(a5)            : MemWrite :  D=0x7fffffffffffff38 A=0x71f30
 420000: system.cpu: T0 : 0x22dec    : sd s2, -1360(gp)           : MemWrite :  D=0x7fffffffffffff48 A=0x70b58
 420500: system.cpu: T0 : 0x22df0    : jal ra, -2314              : IntAlu :  D=0x0000000000022df4
 421000: system.cpu: T0 : 0x224e6    : c_addi16sp sp, -160        : IntAlu :  D=0x7ffffffffffffd30
 421500: system.cpu: T0 : 0x224e8    : c_sdsp ra, 152(sp)         : MemWrite :  D=0x0000000000022df4 A=0x7ffffffffffffdc8
 422000: system.cpu: T0 : 0x224ea    : c_sdsp s1, 136(sp)         : MemWrite :  D=0x7fffffffffffff38 A=0x7ffffffffffffdb8
 422500: system.cpu: T0 : 0x224ec    : c_sdsp s2, 128(sp)         : MemWrite :  D=0x7fffffffffffff48 A=0x7ffffffffffffdb0
 423000: system.cpu: T0 : 0x224ee    : c_sdsp s3, 120(sp)         : MemWrite :  D=0x0000000000000000 A=0x7ffffffffffffda8
 423500: system.cpu: T0 : 0x224f0    : c_sdsp s4, 112(sp)         : MemWrite :  D=0x0000000000000000 A=0x7ffffffffffffda0
 424000: system.cpu: T0 : 0x224f2    : c_sdsp s0, 144(sp)         : MemWrite :  D=0x0000000000000001 A=0x7ffffffffffffdc0
 424500: system.cpu: T0 : 0x224f4    : c_sdsp s5, 104(sp)         : MemWrite :  D=0x0000000000000000 A=0x7ffffffffffffd98
 425000: system.cpu: T0 : 0x224f6    : c_sdsp s6, 96(sp)          : MemWrite :  D=0x0000000000000000 A=0x7ffffffffffffd90
 425500: system.cpu: T0 : 0x224f8    : c_sdsp s7, 88(sp)          : MemWrite :  D=0x0000000000000000 A=0x7ffffffffffffd88
 426000: system.cpu: T0 : 0x224fa    : c_sdsp s8, 80(sp)          : MemWrite :  D=0x0000000000000000 A=0x7ffffffffffffd80
 426500: system.cpu: T0 : 0x224fc    : c_sdsp s9, 72(sp)          : MemWrite :  D=0x0000000000000000 A=0x7ffffffffffffd78
 427000: system.cpu: T0 : 0x224fe    : c_sdsp s10, 64(sp)         : MemWrite :  D=0x0000000000000000 A=0x7ffffffffffffd70
 427500: system.cpu: T0 : 0x22500    : lui s2, 114                : IntAlu :  D=0x0000000000072000
 428000: system.cpu: T0 : 0x22504    : jal ra, 116914             : IntAlu :  D=0x0000000000022508
 428500: system.cpu: T0 : 0x3edb6    : c_lui t1, 1048575          : IntAlu :  D=0xfffffffffffff000
 429000: system.cpu: T0 : 0x3edb8    : c_addi16sp sp, -48         : IntAlu :  D=0x7ffffffffffffd00
 429500: system.cpu: T0 : 0x3edba    : c_addi t1, 16              : IntAlu :  D=0xfffffffffffff010
 430000: system.cpu: T0 : 0x3edbc    : c_sdsp ra, 40(sp)          : MemWrite :  D=0x0000000000022508 A=0x7ffffffffffffd28
 430500: system.cpu: T0 : 0x3edbe    : c_sdsp s0, 32(sp)          : MemWrite :  D=0x0000000000000001 A=0x7ffffffffffffd20
 431000: system.cpu: T0 : 0x3edc0    : c_sdsp s1, 24(sp)          : MemWrite :  D=0x7fffffffffffff38 A=0x7ffffffffffffd18
 431500: system.cpu: T0 : 0x3edc2    : c_sdsp s2, 16(sp)          : MemWrite :  D=0x0000000000072000 A=0x7ffffffffffffd10
 432000: system.cpu: T0 : 0x3edc4    : lui a1, 98                 : IntAlu :  D=0x0000000000062000
 432500: system.cpu: T0 : 0x3edc8    : c_add sp, t1               : IntAlu :  D=0x7fffffffffffed10
 433000: system.cpu: T0 : 0x3edca    : c_lui a5, 1048575          : IntAlu :  D=0xfffffffffffff000
 433500: system.cpu: T0 : 0x3edcc    : addi a7, zero, 78          : IntAlu :  D=0x000000000000004e
 434000: system.cpu: T0 : 0x3edd0    : addi a0, zero, -100        : IntAlu :  D=0xffffffffffffff9c
 434500: system.cpu: T0 : 0x3edd4    : addi a1, a1, 432           : IntAlu :  D=0x00000000000621b0
 435000: system.cpu: T0 : 0x3edd8    : c_mv a2, sp                : IntAlu :  D=0x7fffffffffffed10
 435500: system.cpu: T0 : 0x3edda    : c_lui a3, 1                : IntAlu :  D=0x0000000000001000
 436000: system.cpu: T0 : 0x3eddc    : ecall                      : No_OpClass : 
 436500: system.cpu: T0 : 0x3ede0    : c_addiw a0, 0              : IntAlu :  D=0xfffffffffffffffe
 437500: system.cpu: T0 : 0x3ede2    : bltu a5, a0, 84            : IntAlu : 
 438500: system.cpu: T0 : 0x3ee36    : lui a5, 114                : IntAlu :  D=0x0000000000072000
 439500: system.cpu: T0 : 0x3ee3a    : ld s1, -312(a5)            : MemRead :  D=0x0000000000000000 A=0x71ec8
 440000: system.cpu: T0 : 0x3ee3e    : c_beqz s1, 62              : IntAlu : 
 440500: system.cpu: T0 : 0x3ee7c    : c_li s0, -1                : IntAlu :  D=0xffffffffffffffff
 441000: system.cpu: T0 : 0x3ee7e    : c_lui t1, 1                : IntAlu :  D=0x0000000000001000
 441500: system.cpu: T0 : 0x3ee80    : c_addi t1, -16             : IntAlu :  D=0x0000000000000ff0
 442000: system.cpu: T0 : 0x3ee82    : c_add sp, t1               : IntAlu :  D=0x7ffffffffffffd00
 442500: system.cpu: T0 : 0x3ee84    : c_ldsp ra, 40(sp)          : MemRead :  D=0x0000000000022508 A=0x7ffffffffffffd28
 443000: system.cpu: T0 : 0x3ee86    : c_mv a0, s0                : IntAlu :  D=0xffffffffffffffff
 443500: system.cpu: T0 : 0x3ee88    : c_ldsp s1, 24(sp)          : MemRead :  D=0x7fffffffffffff38 A=0x7ffffffffffffd18
 444000: system.cpu: T0 : 0x3ee8a    : c_ldsp s0, 32(sp)          : MemRead :  D=0x0000000000000001 A=0x7ffffffffffffd20
 444500: system.cpu: T0 : 0x3ee8c    : c_ldsp s2, 16(sp)          : MemRead :  D=0x0000000000072000 A=0x7ffffffffffffd10
 445000: system.cpu: T0 : 0x3ee8e    : c_addi16sp sp, 48          : IntAlu :  D=0x7ffffffffffffd30
 445500: system.cpu: T0 : 0x3ee90    : c_jr ra                    : IntAlu : 
 446000: system.cpu: T0 : 0x22508    : lui s3, 114                : IntAlu :  D=0x0000000000072000
 446500: system.cpu: T0 : 0x2250c    : ld a5, -272(s3)            : MemRead :  D=0x0000000000000006 A=0x71ef0
 447000: system.cpu: T0 : 0x22510    : ld a4, -328(s2)            : MemRead :  D=0x0000000000010040 A=0x71eb8
 447500: system.cpu: T0 : 0x22514    : c_mv a3, a0                : IntAlu :  D=0xffffffffffffffff
 448500: system.cpu: T0 : 0x22516    : lui s4, 112                : IntAlu :  D=0x0000000000070000
 449500: system.cpu: T0 : 0x2251a    : lui a0, 80                 : IntAlu :  D=0x0000000000050000
 450500: system.cpu: T0 : 0x2251e    : addi s1, s4, -296          : IntAlu :  D=0x000000000006fed8
 451500: system.cpu: T0 : 0x22522    : addi a0, a0, -688          : IntAlu :  D=0x000000000004fd50
 452500: system.cpu: T0 : 0x22526    : sh a5, 696(s1)             : MemWrite :  D=0x0000000000000006 A=0x70190
 453500: system.cpu: T0 : 0x2252a    : sd a3, 840(s1)             : MemWrite :  D=0xffffffffffffffff A=0x70220
 454500: system.cpu: T0 : 0x2252e    : sd a4, 680(s1)             : MemWrite :  D=0x0000000000010040 A=0x70180
 455500: system.cpu: T0 : 0x22532    : jal ra, -56890             : IntAlu :  D=0x0000000000022536
 456000: system.cpu: T0 : 0x146f8    : c_addi16sp sp, -64         : IntAlu :  D=0x7ffffffffffffcf0
 456500: system.cpu: T0 : 0x146fa    : c_sdsp s1, 40(sp)          : MemWrite :  D=0x000000000006fed8 A=0x7ffffffffffffd18
 457000: system.cpu: T0 : 0x146fc    : ld s1, -1360(gp)           : MemRead :  D=0x7fffffffffffff48 A=0x70b58
 457500: system.cpu: T0 : 0x14700    : c_sdsp ra, 56(sp)          : MemWrite :  D=0x0000000000022536 A=0x7ffffffffffffd28
 458000: system.cpu: T0 : 0x14702    : c_sdsp s0, 48(sp)          : MemWrite :  D=0x0000000000000001 A=0x7ffffffffffffd20
 458500: system.cpu: T0 : 0x14704    : c_sdsp s2, 32(sp)          : MemWrite :  D=0x0000000000072000 A=0x7ffffffffffffd10
 459000: system.cpu: T0 : 0x14706    : c_sdsp s3, 24(sp)          : MemWrite :  D=0x0000000000072000 A=0x7ffffffffffffd08
 459500: system.cpu: T0 : 0x14708    : c_sdsp s4, 16(sp)          : MemWrite :  D=0x0000000000070000 A=0x7ffffffffffffd00
 460000: system.cpu: T0 : 0x1470a    : c_sdsp s5, 8(sp)           : MemWrite :  D=0x0000000000000000 A=0x7ffffffffffffcf8
 460500: system.cpu: T0 : 0x1470c    : c_sdsp s6, 0(sp)           : MemWrite :  D=0x0000000000000000 A=0x7ffffffffffffcf0
 461000: system.cpu: T0 : 0x1470e    : c_beqz s1, 210             : IntAlu : 
 461500: system.cpu: T0 : 0x14710    : lbu a5, 0(a0)              : MemRead :  D=0x000000000000004c A=0x4fd50
 462000: system.cpu: T0 : 0x14714    : c_mv s4, a0                : IntAlu :  D=0x000000000004fd50
 462500: system.cpu: T0 : 0x14716    : c_beqz a5, 202             : IntAlu : 
 463000: system.cpu: T0 : 0x14718    : lbu s5, 1(a0)              : MemRead :  D=0x0000000000000044 A=0x4fd51
 463500: system.cpu: T0 : 0x1471c    : slliw s2, a5, 16           : IntAlu :  D=0x00000000004c0000
 464000: system.cpu: T0 : 0x14720    : c_ld s0, 0(s1)             : MemRead :  D=0x0000000000000000 A=0x7fffffffffffff48
 465000: system.cpu: T0 : 0x14722    : sraiw s2, s2, 16           : IntAlu :  D=0x000000000000004c
 466000: system.cpu: T0 : 0x14726    : bne s5, zero, 86           : IntAlu : 
 466500: system.cpu: T0 : 0x1477c    : jal ra, 42488              : IntAlu :  D=0x0000000000014780
 467000: system.cpu: T0 : 0x1ed74    : andi a5, a0, 7             : IntAlu :  D=0x0000000000000000
 467500: system.cpu: T0 : 0x1ed78    : c_beqz a5, 26              : IntAlu : 
 468000: system.cpu: T0 : 0x1ed92    : c_mv a5, a0                : IntAlu :  D=0x000000000004fd50
 468500: system.cpu: T0 : 0x1ed94    : ld a6, -2024(gp)           : MemRead :  D=0xfefefefefefefeff A=0x708c0
 469000: system.cpu: T0 : 0x1ed98    : ld a1, -2016(gp)           : MemRead :  D=0x8080808080808080 A=0x708c8
 469500: system.cpu: T0 : 0x1ed9c    : c_ld a2, 0(a5)             : MemRead :  D=0x004e5241575f444c A=0x4fd50
 470500: system.cpu: T0 : 0x1ed9e    : addi a3, a5, 8             : IntAlu :  D=0x000000000004fd58
 471500: system.cpu: T0 : 0x1eda2    : add a4, a2, a6             : IntAlu :  D=0xff4d5140565e434b
 472500: system.cpu: T0 : 0x1eda6    : xori a2, a2, 18446744073709551615 : IntAlu :  D=0xffb1adbea8a0bbb3
 473000: system.cpu: T0 : 0x1edaa    : c_and a4, a2               : IntAlu :  D=0xff01010000000303
 473500: system.cpu: T0 : 0x1edac    : c_and a4, a1               : IntAlu :  D=0x8000000000000000
 474000: system.cpu: T0 : 0x1edae    : c_beqz a4, 50              : IntAlu : 
 474500: system.cpu: T0 : 0x1edb0    : lbu a4, -8(a3)             : MemRead :  D=0x000000000000004c A=0x4fd50
 475000: system.cpu: T0 : 0x1edb4    : c_beqz a4, -40             : IntAlu : 
 476000: system.cpu: T0 : 0x1edb6    : lbu a4, -7(a3)             : MemRead :  D=0x0000000000000044 A=0x4fd51
 476500: system.cpu: T0 : 0x1edba    : c_beqz a4, 50              : IntAlu : 
 477000: system.cpu: T0 : 0x1edbc    : lbu a4, -6(a3)             : MemRead :  D=0x000000000000005f A=0x4fd52
 477500: system.cpu: T0 : 0x1edc0    : c_beqz a4, 52              : IntAlu : 
 478500: system.cpu: T0 : 0x1edc2    : lbu a4, -5(a3)             : MemRead :  D=0x0000000000000057 A=0x4fd53
 479000: system.cpu: T0 : 0x1edc6    : c_beqz a4, 54              : IntAlu : 
 479500: system.cpu: T0 : 0x1edc8    : lbu a4, -4(a3)             : MemRead :  D=0x0000000000000041 A=0x4fd54
 480000: system.cpu: T0 : 0x1edcc    : c_beqz a4, 56              : IntAlu : 
 481000: system.cpu: T0 : 0x1edce    : lbu a4, -3(a3)             : MemRead :  D=0x0000000000000052 A=0x4fd55
 481500: system.cpu: T0 : 0x1edd2    : c_beqz a4, 58              : IntAlu : 
 482000: system.cpu: T0 : 0x1edd4    : lbu a4, -2(a3)             : MemRead :  D=0x000000000000004e A=0x4fd56
 482500: system.cpu: T0 : 0x1edd8    : c_beqz a4, 60              : IntAlu : 
 483500: system.cpu: T0 : 0x1edda    : lbu a4, -1(a3)             : MemRead :  D=0x0000000000000000 A=0x4fd57
 484000: system.cpu: T0 : 0x1edde    : c_beqz a4, 6               : IntAlu : 
 484500: system.cpu: T0 : 0x1ede4    : c_sub a5, a0               : IntAlu :  D=0x0000000000000000
 485500: system.cpu: T0 : 0x1ede6    : addi a0, a5, 7             : IntAlu :  D=0x0000000000000007
 486000: system.cpu: T0 : 0x1edea    : c_jr ra                    : IntAlu : 
 486500: system.cpu: T0 : 0x14780    : slli a5, s5, 8             : IntAlu :  D=0x0000000000004400
 487000: system.cpu: T0 : 0x14784    : or a5, s2, a5              : IntAlu :  D=0x000000000000444c
 487500: system.cpu: T0 : 0x14788    : slliw s2, a5, 16           : IntAlu :  D=0x00000000444c0000
 488000: system.cpu: T0 : 0x1478c    : c_mv s3, a0                : IntAlu :  D=0x0000000000000007
 489000: system.cpu: T0 : 0x1478e    : sraiw s2, s2, 16           : IntAlu :  D=0x000000000000444c
 490000: system.cpu: T0 : 0x14792    : addi s5, a0, -2            : IntAlu :  D=0x0000000000000005
 490500: system.cpu: T0 : 0x14796    : c_addi s4, 2               : IntAlu :  D=0x000000000004fd52
 491000: system.cpu: T0 : 0x14798    : c_beqz s0, -50             : IntAlu : 
 491500: system.cpu: T0 : 0x14766    : c_ldsp ra, 56(sp)          : MemRead :  D=0x0000000000022536 A=0x7ffffffffffffd28
 492000: system.cpu: T0 : 0x14768    : c_mv a0, s0                : IntAlu :  D=0x0000000000000000
 492500: system.cpu: T0 : 0x1476a    : c_ldsp s0, 48(sp)          : MemRead :  D=0x0000000000000001 A=0x7ffffffffffffd20
 493000: system.cpu: T0 : 0x1476c    : c_ldsp s1, 40(sp)          : MemRead :  D=0x000000000006fed8 A=0x7ffffffffffffd18
 493500: system.cpu: T0 : 0x1476e    : c_ldsp s2, 32(sp)          : MemRead :  D=0x0000000000072000 A=0x7ffffffffffffd10
 494000: system.cpu: T0 : 0x14770    : c_ldsp s3, 24(sp)          : MemRead :  D=0x0000000000072000 A=0x7ffffffffffffd08
 494500: system.cpu: T0 : 0x14772    : c_ldsp s4, 16(sp)          : MemRead :  D=0x0000000000070000 A=0x7ffffffffffffd00
 495000: system.cpu: T0 : 0x14774    : c_ldsp s5, 8(sp)           : MemRead :  D=0x0000000000000000 A=0x7ffffffffffffcf8
 495500: system.cpu: T0 : 0x14776    : c_ldsp s6, 0(sp)           : MemRead :  D=0x0000000000000000 A=0x7ffffffffffffcf0
 496000: system.cpu: T0 : 0x14778    : c_addi16sp sp, 64          : IntAlu :  D=0x7ffffffffffffd30
 496500: system.cpu: T0 : 0x1477a    : c_jr ra                    : IntAlu : 
 497000: system.cpu: T0 : 0x22536    : c_li a5, 0                 : IntAlu :  D=0x0000000000000000
 497500: system.cpu: T0 : 0x22538    : c_beqz a0, 10              : IntAlu : 
 498500: system.cpu: T0 : 0x22542    : lui s5, 114                : IntAlu :  D=0x0000000000072000
 499500: system.cpu: T0 : 0x22546    : ld a4, -296(s5)            : MemRead :  D=0x0000000000000000 A=0x71ed8
 500500: system.cpu: T0 : 0x2254a    : lui a3, 114                : IntAlu :  D=0x0000000000072000
 501500: system.cpu: T0 : 0x2254e    : sw a5, -280(a3)            : MemWrite :  D=0x0000000000000000 A=0x71ee8
 502500: system.cpu: T0 : 0x22552    : beq a4, zero, 1518         : IntAlu : 
 503000: system.cpu: T0 : 0x22b40    : lui s6, 114                : IntAlu :  D=0x0000000000072000
 503500: system.cpu: T0 : 0x22b44    : ld s0, -344(s6)            : MemRead :  D=0x0000000000000000 A=0x71ea8
 504000: system.cpu: T0 : 0x22b48    : bne s0, zero, -1062        : IntAlu : 
 504500: system.cpu: T0 : 0x22b4c    : lui s0, 111                : IntAlu :  D=0x000000000006f000
 505000: system.cpu: T0 : 0x22b50    : addi s0, s0, -128          : IntAlu :  D=0x000000000006ef80
 505500: system.cpu: T0 : 0x22b54    : sd zero, 8(s0)             : MemWrite :  D=0x0000000000000000 A=0x6ef88
 506000: system.cpu: T0 : 0x22b58    : sd zero, 16(s0)            : MemWrite :  D=0x0000000000000000 A=0x6ef90
 506500: system.cpu: T0 : 0x22b5c    : sd zero, 24(s0)            : MemWrite :  D=0x0000000000000000 A=0x6ef98
 507000: system.cpu: T0 : 0x22b60    : c_li a5, 0                 : IntAlu :  D=0x0000000000000000
 507500: system.cpu: T0 : 0x22b62    : c_j -678                   : IntAlu : 
 508000: system.cpu: T0 : 0x228bc    : lui a0, 80                 : IntAlu :  D=0x0000000000050000
 508500: system.cpu: T0 : 0x228c0    : addi a0, a0, -336          : IntAlu :  D=0x000000000004feb0
 509000: system.cpu: T0 : 0x228c4    : c_sd a5, 32(s0)            : MemWrite :  D=0x0000000000000000 A=0x6efa0
 510000: system.cpu: T0 : 0x228c6    : jal ra, -57806             : IntAlu :  D=0x00000000000228ca
 510500: system.cpu: T0 : 0x146f8    : c_addi16sp sp, -64         : IntAlu :  D=0x7ffffffffffffcf0
 511000: system.cpu: T0 : 0x146fa    : c_sdsp s1, 40(sp)          : MemWrite :  D=0x000000000006fed8 A=0x7ffffffffffffd18
 511500: system.cpu: T0 : 0x146fc    : ld s1, -1360(gp)           : MemRead :  D=0x7fffffffffffff48 A=0x70b58
 512000: system.cpu: T0 : 0x14700    : c_sdsp ra, 56(sp)          : MemWrite :  D=0x00000000000228ca A=0x7ffffffffffffd28
 512500: system.cpu: T0 : 0x14702    : c_sdsp s0, 48(sp)          : MemWrite :  D=0x000000000006ef80 A=0x7ffffffffffffd20
 513000: system.cpu: T0 : 0x14704    : c_sdsp s2, 32(sp)          : MemWrite :  D=0x0000000000072000 A=0x7ffffffffffffd10
 513500: system.cpu: T0 : 0x14706    : c_sdsp s3, 24(sp)          : MemWrite :  D=0x0000000000072000 A=0x7ffffffffffffd08
 514000: system.cpu: T0 : 0x14708    : c_sdsp s4, 16(sp)          : MemWrite :  D=0x0000000000070000 A=0x7ffffffffffffd00
 514500: system.cpu: T0 : 0x1470a    : c_sdsp s5, 8(sp)           : MemWrite :  D=0x0000000000072000 A=0x7ffffffffffffcf8
 515000: system.cpu: T0 : 0x1470c    : c_sdsp s6, 0(sp)           : MemWrite :  D=0x0000000000072000 A=0x7ffffffffffffcf0
 515500: system.cpu: T0 : 0x1470e    : c_beqz s1, 210             : IntAlu : 
 516000: system.cpu: T0 : 0x14710    : lbu a5, 0(a0)              : MemRead :  D=0x000000000000004c A=0x4feb0
 516500: system.cpu: T0 : 0x14714    : c_mv s4, a0                : IntAlu :  D=0x000000000004feb0
 517000: system.cpu: T0 : 0x14716    : c_beqz a5, 202             : IntAlu : 
 517500: system.cpu: T0 : 0x14718    : lbu s5, 1(a0)              : MemRead :  D=0x0000000000000044 A=0x4feb1
 518000: system.cpu: T0 : 0x1471c    : slliw s2, a5, 16           : IntAlu :  D=0x00000000004c0000
 518500: system.cpu: T0 : 0x14720    : c_ld s0, 0(s1)             : MemRead :  D=0x0000000000000000 A=0x7fffffffffffff48
 519500: system.cpu: T0 : 0x14722    : sraiw s2, s2, 16           : IntAlu :  D=0x000000000000004c
 520500: system.cpu: T0 : 0x14726    : bne s5, zero, 86           : IntAlu : 
 521000: system.cpu: T0 : 0x1477c    : jal ra, 42488              : IntAlu :  D=0x0000000000014780
 521500: system.cpu: T0 : 0x1ed74    : andi a5, a0, 7             : IntAlu :  D=0x0000000000000000
 522000: system.cpu: T0 : 0x1ed78    : c_beqz a5, 26              : IntAlu : 
 522500: system.cpu: T0 : 0x1ed92    : c_mv a5, a0                : IntAlu :  D=0x000000000004feb0
 523000: system.cpu: T0 : 0x1ed94    : ld a6, -2024(gp)           : MemRead :  D=0xfefefefefefefeff A=0x708c0
 523500: system.cpu: T0 : 0x1ed98    : ld a1, -2016(gp)           : MemRead :  D=0x8080808080808080 A=0x708c8
 524000: system.cpu: T0 : 0x1ed9c    : c_ld a2, 0(a5)             : MemRead :  D=0x415242494c5f444c A=0x4feb0
 525000: system.cpu: T0 : 0x1ed9e    : addi a3, a5, 8             : IntAlu :  D=0x000000000004feb8
 526000: system.cpu: T0 : 0x1eda2    : add a4, a2, a6             : IntAlu :  D=0x405141484b5e434b
 527000: system.cpu: T0 : 0x1eda6    : xori a2, a2, 18446744073709551615 : IntAlu :  D=0xbeadbdb6b3a0bbb3
 527500: system.cpu: T0 : 0x1edaa    : c_and a4, a2               : IntAlu :  D=0x0001010003000303
 528000: system.cpu: T0 : 0x1edac    : c_and a4, a1               : IntAlu :  D=0x0000000000000000
 528500: system.cpu: T0 : 0x1edae    : c_beqz a4, 50              : IntAlu : 
 529000: system.cpu: T0 : 0x1ede0    : c_mv a5, a3                : IntAlu :  D=0x000000000004feb8
 529500: system.cpu: T0 : 0x1ede2    : c_j -70                    : IntAlu : 
 530000: system.cpu: T0 : 0x1ed9c    : c_ld a2, 0(a5)             : MemRead :  D=0x00485441505f5952 A=0x4feb8
 531000: system.cpu: T0 : 0x1ed9e    : addi a3, a5, 8             : IntAlu :  D=0x000000000004fec0
 532000: system.cpu: T0 : 0x1eda2    : add a4, a2, a6             : IntAlu :  D=0xff4753404f5e5851
 533000: system.cpu: T0 : 0x1eda6    : xori a2, a2, 18446744073709551615 : IntAlu :  D=0xffb7abbeafa0a6ad
 533500: system.cpu: T0 : 0x1edaa    : c_and a4, a2               : IntAlu :  D=0xff0703000f000001
 534000: system.cpu: T0 : 0x1edac    : c_and a4, a1               : IntAlu :  D=0x8000000000000000
 534500: system.cpu: T0 : 0x1edae    : c_beqz a4, 50              : IntAlu : 
 535000: system.cpu: T0 : 0x1edb0    : lbu a4, -8(a3)             : MemRead :  D=0x0000000000000052 A=0x4feb8
 535500: system.cpu: T0 : 0x1edb4    : c_beqz a4, -40             : IntAlu : 
 536500: system.cpu: T0 : 0x1edb6    : lbu a4, -7(a3)             : MemRead :  D=0x0000000000000059 A=0x4feb9
 537000: system.cpu: T0 : 0x1edba    : c_beqz a4, 50              : IntAlu : 
 537500: system.cpu: T0 : 0x1edbc    : lbu a4, -6(a3)             : MemRead :  D=0x000000000000005f A=0x4feba
 538000: system.cpu: T0 : 0x1edc0    : c_beqz a4, 52              : IntAlu : 
 539000: system.cpu: T0 : 0x1edc2    : lbu a4, -5(a3)             : MemRead :  D=0x0000000000000050 A=0x4febb
 539500: system.cpu: T0 : 0x1edc6    : c_beqz a4, 54              : IntAlu : 
 540000: system.cpu: T0 : 0x1edc8    : lbu a4, -4(a3)             : MemRead :  D=0x0000000000000041 A=0x4febc
 540500: system.cpu: T0 : 0x1edcc    : c_beqz a4, 56              : IntAlu : 
 541500: system.cpu: T0 : 0x1edce    : lbu a4, -3(a3)             : MemRead :  D=0x0000000000000054 A=0x4febd
 542000: system.cpu: T0 : 0x1edd2    : c_beqz a4, 58              : IntAlu : 
 542500: system.cpu: T0 : 0x1edd4    : lbu a4, -2(a3)             : MemRead :  D=0x0000000000000048 A=0x4febe
 543000: system.cpu: T0 : 0x1edd8    : c_beqz a4, 60              : IntAlu : 
 544000: system.cpu: T0 : 0x1edda    : lbu a4, -1(a3)             : MemRead :  D=0x0000000000000000 A=0x4febf
 544500: system.cpu: T0 : 0x1edde    : c_beqz a4, 6               : IntAlu : 
 545000: system.cpu: T0 : 0x1ede4    : c_sub a5, a0               : IntAlu :  D=0x0000000000000008
 546000: system.cpu: T0 : 0x1ede6    : addi a0, a5, 7             : IntAlu :  D=0x000000000000000f
 546500: system.cpu: T0 : 0x1edea    : c_jr ra                    : IntAlu : 
 547000: system.cpu: T0 : 0x14780    : slli a5, s5, 8             : IntAlu :  D=0x0000000000004400
 547500: system.cpu: T0 : 0x14784    : or a5, s2, a5              : IntAlu :  D=0x000000000000444c
 548000: system.cpu: T0 : 0x14788    : slliw s2, a5, 16           : IntAlu :  D=0x00000000444c0000
 548500: system.cpu: T0 : 0x1478c    : c_mv s3, a0                : IntAlu :  D=0x000000000000000f
 549500: system.cpu: T0 : 0x1478e    : sraiw s2, s2, 16           : IntAlu :  D=0x000000000000444c
 550500: system.cpu: T0 : 0x14792    : addi s5, a0, -2            : IntAlu :  D=0x000000000000000d
 551000: system.cpu: T0 : 0x14796    : c_addi s4, 2               : IntAlu :  D=0x000000000004feb2
 551500: system.cpu: T0 : 0x14798    : c_beqz s0, -50             : IntAlu : 
 552000: system.cpu: T0 : 0x14766    : c_ldsp ra, 56(sp)          : MemRead :  D=0x00000000000228ca A=0x7ffffffffffffd28
 552500: system.cpu: T0 : 0x14768    : c_mv a0, s0                : IntAlu :  D=0x0000000000000000
 553000: system.cpu: T0 : 0x1476a    : c_ldsp s0, 48(sp)          : MemRead :  D=0x000000000006ef80 A=0x7ffffffffffffd20
 553500: system.cpu: T0 : 0x1476c    : c_ldsp s1, 40(sp)          : MemRead :  D=0x000000000006fed8 A=0x7ffffffffffffd18
 554000: system.cpu: T0 : 0x1476e    : c_ldsp s2, 32(sp)          : MemRead :  D=0x0000000000072000 A=0x7ffffffffffffd10
 554500: system.cpu: T0 : 0x14770    : c_ldsp s3, 24(sp)          : MemRead :  D=0x0000000000072000 A=0x7ffffffffffffd08
 555000: system.cpu: T0 : 0x14772    : c_ldsp s4, 16(sp)          : MemRead :  D=0x0000000000070000 A=0x7ffffffffffffd00
 555500: system.cpu: T0 : 0x14774    : c_ldsp s5, 8(sp)           : MemRead :  D=0x0000000000072000 A=0x7ffffffffffffcf8
 556000: system.cpu: T0 : 0x14776    : c_ldsp s6, 0(sp)           : MemRead :  D=0x0000000000072000 A=0x7ffffffffffffcf0
 556500: system.cpu: T0 : 0x14778    : c_addi16sp sp, 64          : IntAlu :  D=0x7ffffffffffffd30
 557000: system.cpu: T0 : 0x1477a    : c_jr ra                    : IntAlu : 
 558000: system.cpu: T0 : 0x228ca    : jal ra, 99838              : IntAlu :  D=0x00000000000228ce
 558500: system.cpu: T0 : 0x3aec8    : c_addi16sp sp, -64         : IntAlu :  D=0x7ffffffffffffcf0
 559000: system.cpu: T0 : 0x3aeca    : c_sdsp ra, 56(sp)          : MemWrite :  D=0x00000000000228ce A=0x7ffffffffffffd28
 559500: system.cpu: T0 : 0x3aecc    : c_sdsp s0, 48(sp)          : MemWrite :  D=0x000000000006ef80 A=0x7ffffffffffffd20
 560000: system.cpu: T0 : 0x3aece    : c_sdsp s2, 32(sp)          : MemWrite :  D=0x0000000000072000 A=0x7ffffffffffffd10
 560500: system.cpu: T0 : 0x3aed0    : c_sdsp s3, 24(sp)          : MemWrite :  D=0x0000000000072000 A=0x7ffffffffffffd08
 561000: system.cpu: T0 : 0x3aed2    : c_addi4spn s0, sp, 64      : IntAlu :  D=0x7ffffffffffffd30
 561500: system.cpu: T0 : 0x3aed4    : c_sdsp s1, 40(sp)          : MemWrite :  D=0x000000000006fed8 A=0x7ffffffffffffd18
 562000: system.cpu: T0 : 0x3aed6    : c_sdsp s4, 16(sp)          : MemWrite :  D=0x0000000000070000 A=0x7ffffffffffffd00
 562500: system.cpu: T0 : 0x3aed8    : c_sdsp s5, 8(sp)           : MemWrite :  D=0x0000000000072000 A=0x7ffffffffffffcf8
 563500: system.cpu: T0 : 0x3aeda    : lui a5, 114                : IntAlu :  D=0x0000000000072000
 564500: system.cpu: T0 : 0x3aede    : ld a1, -408(a5)            : MemRead :  D=0x0000000000000000 A=0x71e68
 565500: system.cpu: T0 : 0x3aee2    : lui a5, 114                : IntAlu :  D=0x0000000000072000
 566000: system.cpu: T0 : 0x3aee6    : c_mv s2, a0                : IntAlu :  D=0x0000000000000000
 566500: system.cpu: T0 : 0x3aee8    : lui s3, 111                : IntAlu :  D=0x000000000006f000
 567000: system.cpu: T0 : 0x3aeec    : ld a0, -360(a5)            : MemRead :  D=0x0000000000000000 A=0x71e98
 567500: system.cpu: T0 : 0x3aef0    : addi s3, s3, -64           : IntAlu :  D=0x000000000006efc0
 568000: system.cpu: T0 : 0x3aef4    : addi a3, s3, 8             : IntAlu :  D=0x000000000006efc8
 568500: system.cpu: T0 : 0x3aef8    : addi a2, s3, 16            : IntAlu :  D=0x000000000006efd0
 569000: system.cpu: T0 : 0x3aefc    : jal ra, 9754               : IntAlu :  D=0x000000000003af00
 569500: system.cpu: T0 : 0x3d516    : c_addi16sp sp, -192        : IntAlu :  D=0x7ffffffffffffc30
 570000: system.cpu: T0 : 0x3d518    : c_sdsp s0, 176(sp)         : MemWrite :  D=0x7ffffffffffffd30 A=0x7ffffffffffffce0
 570500: system.cpu: T0 : 0x3d51a    : c_sdsp s3, 152(sp)         : MemWrite :  D=0x000000000006efc0 A=0x7ffffffffffffcc8
 571000: system.cpu: T0 : 0x3d51c    : c_addi4spn s0, sp, 192     : IntAlu :  D=0x7ffffffffffffcf0
 571500: system.cpu: T0 : 0x3d51e    : c_sdsp s4, 144(sp)         : MemWrite :  D=0x0000000000070000 A=0x7ffffffffffffcc0
 572000: system.cpu: T0 : 0x3d520    : c_sdsp s9, 104(sp)         : MemWrite :  D=0x0000000000000000 A=0x7ffffffffffffc98
 572500: system.cpu: T0 : 0x3d522    : c_sdsp s11, 88(sp)         : MemWrite :  D=0x0000000000000000 A=0x7ffffffffffffc88
 573000: system.cpu: T0 : 0x3d524    : c_sdsp ra, 184(sp)         : MemWrite :  D=0x000000000003af00 A=0x7ffffffffffffce8
 573500: system.cpu: T0 : 0x3d526    : c_sdsp s1, 168(sp)         : MemWrite :  D=0x000000000006fed8 A=0x7ffffffffffffcd8
 574000: system.cpu: T0 : 0x3d528    : c_sdsp s2, 160(sp)         : MemWrite :  D=0x0000000000000000 A=0x7ffffffffffffcd0
 574500: system.cpu: T0 : 0x3d52a    : c_sdsp s5, 136(sp)         : MemWrite :  D=0x0000000000072000 A=0x7ffffffffffffcb8
 575000: system.cpu: T0 : 0x3d52c    : c_sdsp s6, 128(sp)         : MemWrite :  D=0x0000000000072000 A=0x7ffffffffffffcb0
 575500: system.cpu: T0 : 0x3d52e    : c_sdsp s7, 120(sp)         : MemWrite :  D=0x0000000000000000 A=0x7ffffffffffffca8
 576000: system.cpu: T0 : 0x3d530    : c_sdsp s8, 112(sp)         : MemWrite :  D=0x0000000000000000 A=0x7ffffffffffffca0
 576500: system.cpu: T0 : 0x3d532    : c_sdsp s10, 96(sp)         : MemWrite :  D=0x0000000000000000 A=0x7ffffffffffffc90
 577000: system.cpu: T0 : 0x3d534    : c_mv a5, a2                : IntAlu :  D=0x000000000006efd0
 577500: system.cpu: T0 : 0x3d536    : c_mv a4, a1                : IntAlu :  D=0x0000000000000000
 578000: system.cpu: T0 : 0x3d538    : c_mv s4, a0                : IntAlu :  D=0x0000000000000000
 578500: system.cpu: T0 : 0x3d53a    : c_li a2, 0                 : IntAlu :  D=0x0000000000000000
 579000: system.cpu: T0 : 0x3d53c    : addi a1, s0, -120          : IntAlu :  D=0x7ffffffffffffc78
 579500: system.cpu: T0 : 0x3d540    : c_li a0, 8                 : IntAlu :  D=0x0000000000000008
 580500: system.cpu: T0 : 0x3d542    : sd a5, -136(s0)            : MemWrite :  D=0x000000000006efd0 A=0x7ffffffffffffc68
 581500: system.cpu: T0 : 0x3d546    : sd a3, -160(s0)            : MemWrite :  D=0x000000000006efc8 A=0x7ffffffffffffc50
 582500: system.cpu: T0 : 0x3d54a    : sd a4, -144(s0)            : MemWrite :  D=0x0000000000000000 A=0x7ffffffffffffc60
 583500: system.cpu: T0 : 0x3d54e    : jal ra, -111428            : IntAlu :  D=0x000000000003d552
 584000: system.cpu: T0 : 0x2220a    : c_slli a0, 32              : IntAlu :  D=0x0000000800000000
 584500: system.cpu: T0 : 0x2220c    : c_srli a0, 32              : IntAlu :  D=0x0000000000000008
 585500: system.cpu: T0 : 0x2220e    : slli a5, a0, 3             : IntAlu :  D=0x0000000000000040
 586000: system.cpu: T0 : 0x22212    : c_sub a5, a0               : IntAlu :  D=0x0000000000000038
 586500: system.cpu: T0 : 0x22214    : lui a4, 111                : IntAlu :  D=0x000000000006f000
 587000: system.cpu: T0 : 0x22218    : addi a4, a4, -1248         : IntAlu :  D=0x000000000006eb20
 587500: system.cpu: T0 : 0x2221c    : c_slli a5, 3               : IntAlu :  D=0x00000000000001c0
 588000: system.cpu: T0 : 0x2221e    : c_add a5, a4               : IntAlu :  D=0x000000000006ece0
 588500: system.cpu: T0 : 0x22220    : c_lw a3, 8(a5)             : MemRead :  D=0x0000000000000001 A=0x6ece8
 589000: system.cpu: T0 : 0x22222    : c_li a6, 2                 : IntAlu :  D=0x0000000000000002
 589500: system.cpu: T0 : 0x22224    : c_ld a5, 32(a5)            : MemRead :  D=0x0000000000000000 A=0x6ed00
 590500: system.cpu: T0 : 0x22226    : bltu a6, a3, 42            : IntAlu : 
 591000: system.cpu: T0 : 0x2222a    : c_bnez a3, 38              : IntAlu : 
 591500: system.cpu: T0 : 0x22250    : c_sd a5, 0(a1)             : MemWrite :  D=0x0000000000000000 A=0x7ffffffffffffc78
 592000: system.cpu: T0 : 0x22252    : c_j -36                    : IntAlu : 
 593000: system.cpu: T0 : 0x2222e    : slli a5, a0, 3             : IntAlu :  D=0x0000000000000040
 593500: system.cpu: T0 : 0x22232    : c_sub a5, a0               : IntAlu :  D=0x0000000000000038
 594000: system.cpu: T0 : 0x22234    : c_slli a5, 3               : IntAlu :  D=0x00000000000001c0
 595000: system.cpu: T0 : 0x22236    : add a3, a4, a5             : IntAlu :  D=0x000000000006ece0
 596000: system.cpu: T0 : 0x2223a    : lbu a3, 40(a3)             : MemRead :  D=0x0000000000000000 A=0x6ed08
 596500: system.cpu: T0 : 0x2223e    : c_beqz a3, 16              : IntAlu : 
 597000: system.cpu: T0 : 0x2224e    : c_jr ra                    : IntAlu : 
 598000: system.cpu: T0 : 0x3d552    : ld s11, -120(s0)           : MemRead :  D=0x0000000000000000 A=0x7ffffffffffffc78
 599000: system.cpu: T0 : 0x3d556    : ld s9, -1328(gp)           : MemRead :  D=0x0000000000000000 A=0x70b78
 600000: system.cpu: T0 : 0x3d55a    : sltu a3, zero, s4          : IntAlu :  D=0x0000000000000000
 601000: system.cpu: T0 : 0x3d55e    : and s3, s9, s11            : IntAlu :  D=0x0000000000000000
 602000: system.cpu: T0 : 0x3d562    : beq s3, zero, 1250         : IntAlu : 
 602500: system.cpu: T0 : 0x3da44    : addi s2, a3, 1             : IntAlu :  D=0x0000000000000001
 603000: system.cpu: T0 : 0x3da48    : c_j -1210                  : IntAlu : 
 604000: system.cpu: T0 : 0x3d58e    : lui a5, 114                : IntAlu :  D=0x0000000000072000
 605000: system.cpu: T0 : 0x3d592    : ld s5, -344(a5)            : MemRead :  D=0x0000000000000000 A=0x71ea8
 606000: system.cpu: T0 : 0x3d596    : beq s5, zero, 444          : IntAlu : 
 607000: system.cpu: T0 : 0x3d752    : slli a5, s2, 4             : IntAlu :  D=0x0000000000000010
 608000: system.cpu: T0 : 0x3d756    : sub sp, sp, a5             : IntAlu :  D=0x7ffffffffffffc20
 608500: system.cpu: T0 : 0x3d75a    : c_mv a3, sp                : IntAlu :  D=0x7ffffffffffffc20
 609000: system.cpu: T0 : 0x3d75c    : c_mv s1, a3                : IntAlu :  D=0x7ffffffffffffc20
 609500: system.cpu: T0 : 0x3d75e    : c_li a1, 1                 : IntAlu :  D=0x0000000000000001
 610000: system.cpu: T0 : 0x3d760    : c_li s9, 0                 : IntAlu :  D=0x0000000000000000
 611000: system.cpu: T0 : 0x3d762    : bne s3, zero, -118         : IntAlu : 
 612000: system.cpu: T0 : 0x3d766    : beq s4, zero, 24           : IntAlu : 
 613000: system.cpu: T0 : 0x3d77e    : lui a5, 98                 : IntAlu :  D=0x0000000000062000
 614000: system.cpu: T0 : 0x3d782    : addi a5, a5, -608          : IntAlu :  D=0x0000000000061da0
 614500: system.cpu: T0 : 0x3d786    : c_sd a5, 0(a3)             : MemWrite :  D=0x0000000000061da0 A=0x7ffffffffffffc20
 615000: system.cpu: T0 : 0x3d788    : c_li a5, 3                 : IntAlu :  D=0x0000000000000003
 615500: system.cpu: T0 : 0x3d78a    : c_sd a5, 8(a3)             : MemWrite :  D=0x0000000000000003 A=0x7ffffffffffffc28
 616000: system.cpu: T0 : 0x3d78c    : bne s2, a1, 706            : IntAlu : 
 616500: system.cpu: T0 : 0x3d790    : c_li a5, 1                 : IntAlu :  D=0x0000000000000001
 617500: system.cpu: T0 : 0x3d792    : ld s9, 8(s1)               : MemRead :  D=0x0000000000000003 A=0x7ffffffffffffc28
 618500: system.cpu: T0 : 0x3d796    : beq s2, a5, 542            : IntAlu : 
 619000: system.cpu: T0 : 0x3d9b4    : ld a5, -136(s0)            : MemRead :  D=0x000000000006efd0 A=0x7ffffffffffffc68
 619500: system.cpu: T0 : 0x3d9b8    : c_li s2, 2                 : IntAlu :  D=0x0000000000000002
 620500: system.cpu: T0 : 0x3d9ba    : addi a0, s9, 33            : IntAlu :  D=0x0000000000000024
 621500: system.cpu: T0 : 0x3d9be    : sd s2, 0(a5)               : MemWrite :  D=0x0000000000000002 A=0x6efd0
 622500: system.cpu: T0 : 0x3d9c2    : jal ra, -131280            : IntAlu :  D=0x000000000003d9c6
 623500: system.cpu: T0 : 0x1d8f2    : ld t1, -1848(gp)           : MemRead :  D=0x000000000001daf0 A=0x70970
 624500: system.cpu: T0 : 0x1d8f6    : bne t1, zero, 260          : IntAlu : 
 625000: system.cpu: T0 : 0x1d9fa    : c_mv a1, ra                : IntAlu :  D=0x000000000003d9c6
 625500: system.cpu: T0 : 0x1d9fc    : c_jr t1                    : IntAlu : 
 626000: system.cpu: T0 : 0x1daf0    : lw a5, -1876(gp)           : MemRead :  D=0xffffffffffffffff A=0x70954
 626500: system.cpu: T0 : 0x1daf4    : sd zero, -1848(gp)         : MemWrite :  D=0x0000000000000000 A=0x70970
 627000: system.cpu: T0 : 0x1daf8    : blt a5, zero, 6            : IntAlu : 
 627500: system.cpu: T0 : 0x1dafe    : c_addi sp, -32             : IntAlu :  D=0x7ffffffffffffc00
 628000: system.cpu: T0 : 0x1db00    : c_sdsp ra, 24(sp)          : MemWrite :  D=0x000000000003d9c6 A=0x7ffffffffffffc18
 628500: system.cpu: T0 : 0x1db02    : c_sdsp a0, 8(sp)           : MemWrite :  D=0x0000000000000024 A=0x7ffffffffffffc08
 629000: system.cpu: T0 : 0x1db04    : jal ra, -11948             : IntAlu :  D=0x000000000001db08
 629500: system.cpu: T0 : 0x1ac58    : c_addi16sp sp, -48         : IntAlu :  D=0x7ffffffffffffbd0
 630000: system.cpu: T0 : 0x1ac5a    : c_sdsp s1, 24(sp)          : MemWrite :  D=0x7ffffffffffffc20 A=0x7ffffffffffffbe8
 630500: system.cpu: T0 : 0x1ac5c    : lui s1, 111                : IntAlu :  D=0x000000000006f000
 631000: system.cpu: T0 : 0x1ac60    : ld a3, -1264(s1)           : MemRead :  D=0x2e00000000000000 A=0x6eb10
 631500: system.cpu: T0 : 0x1ac64    : lui a0, 111                : IntAlu :  D=0x000000000006f000
 632000: system.cpu: T0 : 0x1ac68    : addi a4, a0, 1600          : IntAlu :  D=0x000000000006f640
 632500: system.cpu: T0 : 0x1ac6c    : c_sdsp ra, 40(sp)          : MemWrite :  D=0x000000000001db08 A=0x7ffffffffffffbf8
 633000: system.cpu: T0 : 0x1ac6e    : c_sdsp s0, 32(sp)          : MemWrite :  D=0x7ffffffffffffcf0 A=0x7ffffffffffffbf0
 633500: system.cpu: T0 : 0x1ac70    : addi a0, a0, 1600          : IntAlu :  D=0x000000000006f640
 634000: system.cpu: T0 : 0x1ac74    : sd a4, 56(tp)              : MemWrite :  D=0x000000000006f640 A=0x73748
 634500: system.cpu: T0 : 0x1ac78    : c_sdsp a3, 8(sp)           : MemWrite :  D=0x2e00000000000000 A=0x7ffffffffffffbd8
 635500: system.cpu: T0 : 0x1ac7a    : sw zero, -1876(gp)         : MemWrite :  D=0x0000000000000000 A=0x70954
 636500: system.cpu: T0 : 0x1ac7e    : jal ra, -1026              : IntAlu :  D=0x000000000001ac82
 637000: system.cpu: T0 : 0x1a87c    : c_lui a4, 1                : IntAlu :  D=0x0000000000001000
 638000: system.cpu: T0 : 0x1a87e    : addi a3, a0, 96            : IntAlu :  D=0x000000000006f6a0
 639000: system.cpu: T0 : 0x1a882    : addi a4, a4, -1968         : IntAlu :  D=0x0000000000000850
 639500: system.cpu: T0 : 0x1a886    : c_mv a5, a3                : IntAlu :  D=0x000000000006f6a0
 640000: system.cpu: T0 : 0x1a888    : c_add a4, a0               : IntAlu :  D=0x000000000006fe90
 640500: system.cpu: T0 : 0x1a88a    : c_sd a5, 24(a5)            : MemWrite :  D=0x000000000006f6a0 A=0x6f6b8
 641000: system.cpu: T0 : 0x1a88c    : c_sd a5, 16(a5)            : MemWrite :  D=0x000000000006f6a0 A=0x6f6b0
 641500: system.cpu: T0 : 0x1a88e    : c_addi a5, 16              : IntAlu :  D=0x000000000006f6b0
 642000: system.cpu: T0 : 0x1a890    : bne a4, a5, -6             : IntAlu : 
 642500: system.cpu: T0 : 0x1a88a    : c_sd a5, 24(a5)            : MemWrite :  D=0x000000000006f6b0 A=0x6f6c8
 643000: system.cpu: T0 : 0x1a88c    : c_sd a5, 16(a5)            : MemWrite :  D=0x000000000006f6b0 A=0x6f6c0
 643500: system.cpu: T0 : 0x1a88e    : c_addi a5, 16              : IntAlu :  D=0x000000000006f6c0
 644000: system.cpu: T0 : 0x1a890    : bne a4, a5, -6             : IntAlu : 
 644500: system.cpu: T0 : 0x1a88a    : c_sd a5, 24(a5)            : MemWrite :  D=0x000000000006f6c0 A=0x6f6d8
 645000: system.cpu: T0 : 0x1a88c    : c_sd a5, 16(a5)            : MemWrite :  D=0x000000000006f6c0 A=0x6f6d0
 645500: system.cpu: T0 : 0x1a88e    : c_addi a5, 16              : IntAlu :  D=0x000000000006f6d0
 646000: system.cpu: T0 : 0x1a890    : bne a4, a5, -6             : IntAlu : 
 646500: system.cpu: T0 : 0x1a88a    : c_sd a5, 24(a5)            : MemWrite :  D=0x000000000006f6d0 A=0x6f6e8
 647000: system.cpu: T0 : 0x1a88c    : c_sd a5, 16(a5)            : MemWrite :  D=0x000000000006f6d0 A=0x6f6e0
 647500: system.cpu: T0 : 0x1a88e    : c_addi a5, 16              : IntAlu :  D=0x000000000006f6e0
 648000: system.cpu: T0 : 0x1a890    : bne a4, a5, -6             : IntAlu : 
 648500: system.cpu: T0 : 0x1a88a    : c_sd a5, 24(a5)            : MemWrite :  D=0x000000000006f6e0 A=0x6f6f8
 649000: system.cpu: T0 : 0x1a88c    : c_sd a5, 16(a5)            : MemWrite :  D=0x000000000006f6e0 A=0x6f6f0
 649500: system.cpu: T0 : 0x1a88e    : c_addi a5, 16              : IntAlu :  D=0x000000000006f6f0
 650000: system.cpu: T0 : 0x1a890    : bne a4, a5, -6             : IntAlu : 
 650500: system.cpu: T0 : 0x1a88a    : c_sd a5, 24(a5)            : MemWrite :  D=0x000000000006f6f0 A=0x6f708
 651000: system.cpu: T0 : 0x1a88c    : c_sd a5, 16(a5)            : MemWrite :  D=0x000000000006f6f0 A=0x6f700
 651500: system.cpu: T0 : 0x1a88e    : c_addi a5, 16              : IntAlu :  D=0x000000000006f700
 652000: system.cpu: T0 : 0x1a890    : bne a4, a5, -6             : IntAlu : 
 652500: system.cpu: T0 : 0x1a88a    : c_sd a5, 24(a5)            : MemWrite :  D=0x000000000006f700 A=0x6f718
 653000: system.cpu: T0 : 0x1a88c    : c_sd a5, 16(a5)            : MemWrite :  D=0x000000000006f700 A=0x6f710
 653500: system.cpu: T0 : 0x1a88e    : c_addi a5, 16              : IntAlu :  D=0x000000000006f710
 654000: system.cpu: T0 : 0x1a890    : bne a4, a5, -6             : IntAlu : 
 654500: system.cpu: T0 : 0x1a88a    : c_sd a5, 24(a5)            : MemWrite :  D=0x000000000006f710 A=0x6f728
 655000: system.cpu: T0 : 0x1a88c    : c_sd a5, 16(a5)            : MemWrite :  D=0x000000000006f710 A=0x6f720
 655500: system.cpu: T0 : 0x1a88e    : c_addi a5, 16              : IntAlu :  D=0x000000000006f720
 656000: system.cpu: T0 : 0x1a890    : bne a4, a5, -6             : IntAlu : 
 656500: system.cpu: T0 : 0x1a88a    : c_sd a5, 24(a5)            : MemWrite :  D=0x000000000006f720 A=0x6f738
 657000: system.cpu: T0 : 0x1a88c    : c_sd a5, 16(a5)            : MemWrite :  D=0x000000000006f720 A=0x6f730
 657500: system.cpu: T0 : 0x1a88e    : c_addi a5, 16              : IntAlu :  D=0x000000000006f730
 658000: system.cpu: T0 : 0x1a890    : bne a4, a5, -6             : IntAlu : 
 658500: system.cpu: T0 : 0x1a88a    : c_sd a5, 24(a5)            : MemWrite :  D=0x000000000006f730 A=0x6f748
 659000: system.cpu: T0 : 0x1a88c    : c_sd a5, 16(a5)            : MemWrite :  D=0x000000000006f730 A=0x6f740
 659500: system.cpu: T0 : 0x1a88e    : c_addi a5, 16              : IntAlu :  D=0x000000000006f740
 660000: system.cpu: T0 : 0x1a890    : bne a4, a5, -6             : IntAlu : 
 660500: system.cpu: T0 : 0x1a88a    : c_sd a5, 24(a5)            : MemWrite :  D=0x000000000006f740 A=0x6f758
 661000: system.cpu: T0 : 0x1a88c    : c_sd a5, 16(a5)            : MemWrite :  D=0x000000000006f740 A=0x6f750
 661500: system.cpu: T0 : 0x1a88e    : c_addi a5, 16              : IntAlu :  D=0x000000000006f750
 662000: system.cpu: T0 : 0x1a890    : bne a4, a5, -6             : IntAlu : 
 662500: system.cpu: T0 : 0x1a88a    : c_sd a5, 24(a5)            : MemWrite :  D=0x000000000006f750 A=0x6f768
 663000: system.cpu: T0 : 0x1a88c    : c_sd a5, 16(a5)            : MemWrite :  D=0x000000000006f750 A=0x6f760
 663500: system.cpu: T0 : 0x1a88e    : c_addi a5, 16              : IntAlu :  D=0x000000000006f760
 664000: system.cpu: T0 : 0x1a890    : bne a4, a5, -6             : IntAlu : 
 664500: system.cpu: T0 : 0x1a88a    : c_sd a5, 24(a5)            : MemWrite :  D=0x000000000006f760 A=0x6f778
 665000: system.cpu: T0 : 0x1a88c    : c_sd a5, 16(a5)            : MemWrite :  D=0x000000000006f760 A=0x6f770
 665500: system.cpu: T0 : 0x1a88e    : c_addi a5, 16              : IntAlu :  D=0x000000000006f770
 666000: system.cpu: T0 : 0x1a890    : bne a4, a5, -6             : IntAlu : 
 666500: system.cpu: T0 : 0x1a88a    : c_sd a5, 24(a5)            : MemWrite :  D=0x000000000006f770 A=0x6f788
 667000: system.cpu: T0 : 0x1a88c    : c_sd a5, 16(a5)            : MemWrite :  D=0x000000000006f770 A=0x6f780
 667500: system.cpu: T0 : 0x1a88e    : c_addi a5, 16              : IntAlu :  D=0x000000000006f780
 668000: system.cpu: T0 : 0x1a890    : bne a4, a5, -6             : IntAlu : 
 668500: system.cpu: T0 : 0x1a88a    : c_sd a5, 24(a5)            : MemWrite :  D=0x000000000006f780 A=0x6f798
 669000: system.cpu: T0 : 0x1a88c    : c_sd a5, 16(a5)            : MemWrite :  D=0x000000000006f780 A=0x6f790
 669500: system.cpu: T0 : 0x1a88e    : c_addi a5, 16              : IntAlu :  D=0x000000000006f790
 670000: system.cpu: T0 : 0x1a890    : bne a4, a5, -6             : IntAlu : 
 670500: system.cpu: T0 : 0x1a88a    : c_sd a5, 24(a5)            : MemWrite :  D=0x000000000006f790 A=0x6f7a8
 671000: system.cpu: T0 : 0x1a88c    : c_sd a5, 16(a5)            : MemWrite :  D=0x000000000006f790 A=0x6f7a0
 671500: system.cpu: T0 : 0x1a88e    : c_addi a5, 16              : IntAlu :  D=0x000000000006f7a0
 672000: system.cpu: T0 : 0x1a890    : bne a4, a5, -6             : IntAlu : 
 672500: system.cpu: T0 : 0x1a88a    : c_sd a5, 24(a5)            : MemWrite :  D=0x000000000006f7a0 A=0x6f7b8
 673000: system.cpu: T0 : 0x1a88c    : c_sd a5, 16(a5)            : MemWrite :  D=0x000000000006f7a0 A=0x6f7b0
 673500: system.cpu: T0 : 0x1a88e    : c_addi a5, 16              : IntAlu :  D=0x000000000006f7b0
 674000: system.cpu: T0 : 0x1a890    : bne a4, a5, -6             : IntAlu : 
 674500: system.cpu: T0 : 0x1a88a    : c_sd a5, 24(a5)            : MemWrite :  D=0x000000000006f7b0 A=0x6f7c8
 675000: system.cpu: T0 : 0x1a88c    : c_sd a5, 16(a5)            : MemWrite :  D=0x000000000006f7b0 A=0x6f7c0
 675500: system.cpu: T0 : 0x1a88e    : c_addi a5, 16              : IntAlu :  D=0x000000000006f7c0
 676000: system.cpu: T0 : 0x1a890    : bne a4, a5, -6             : IntAlu : 
 676500: system.cpu: T0 : 0x1a88a    : c_sd a5, 24(a5)            : MemWrite :  D=0x000000000006f7c0 A=0x6f7d8
 677000: system.cpu: T0 : 0x1a88c    : c_sd a5, 16(a5)            : MemWrite :  D=0x000000000006f7c0 A=0x6f7d0
 677500: system.cpu: T0 : 0x1a88e    : c_addi a5, 16              : IntAlu :  D=0x000000000006f7d0
 678000: system.cpu: T0 : 0x1a890    : bne a4, a5, -6             : IntAlu : 
 678500: system.cpu: T0 : 0x1a88a    : c_sd a5, 24(a5)            : MemWrite :  D=0x000000000006f7d0 A=0x6f7e8
 679000: system.cpu: T0 : 0x1a88c    : c_sd a5, 16(a5)            : MemWrite :  D=0x000000000006f7d0 A=0x6f7e0
 679500: system.cpu: T0 : 0x1a88e    : c_addi a5, 16              : IntAlu :  D=0x000000000006f7e0
 680000: system.cpu: T0 : 0x1a890    : bne a4, a5, -6             : IntAlu : 
 680500: system.cpu: T0 : 0x1a88a    : c_sd a5, 24(a5)            : MemWrite :  D=0x000000000006f7e0 A=0x6f7f8
 681000: system.cpu: T0 : 0x1a88c    : c_sd a5, 16(a5)            : MemWrite :  D=0x000000000006f7e0 A=0x6f7f0
 681500: system.cpu: T0 : 0x1a88e    : c_addi a5, 16              : IntAlu :  D=0x000000000006f7f0
 682000: system.cpu: T0 : 0x1a890    : bne a4, a5, -6             : IntAlu : 
 682500: system.cpu: T0 : 0x1a88a    : c_sd a5, 24(a5)            : MemWrite :  D=0x000000000006f7f0 A=0x6f808
 683000: system.cpu: T0 : 0x1a88c    : c_sd a5, 16(a5)            : MemWrite :  D=0x000000000006f7f0 A=0x6f800
 683500: system.cpu: T0 : 0x1a88e    : c_addi a5, 16              : IntAlu :  D=0x000000000006f800
 684000: system.cpu: T0 : 0x1a890    : bne a4, a5, -6             : IntAlu : 
 684500: system.cpu: T0 : 0x1a88a    : c_sd a5, 24(a5)            : MemWrite :  D=0x000000000006f800 A=0x6f818
 685000: system.cpu: T0 : 0x1a88c    : c_sd a5, 16(a5)            : MemWrite :  D=0x000000000006f800 A=0x6f810
 685500: system.cpu: T0 : 0x1a88e    : c_addi a5, 16              : IntAlu :  D=0x000000000006f810
 686000: system.cpu: T0 : 0x1a890    : bne a4, a5, -6             : IntAlu : 
 686500: system.cpu: T0 : 0x1a88a    : c_sd a5, 24(a5)            : MemWrite :  D=0x000000000006f810 A=0x6f828
 687000: system.cpu: T0 : 0x1a88c    : c_sd a5, 16(a5)            : MemWrite :  D=0x000000000006f810 A=0x6f820
 687500: system.cpu: T0 : 0x1a88e    : c_addi a5, 16              : IntAlu :  D=0x000000000006f820
 688000: system.cpu: T0 : 0x1a890    : bne a4, a5, -6             : IntAlu : 
 688500: system.cpu: T0 : 0x1a88a    : c_sd a5, 24(a5)            : MemWrite :  D=0x000000000006f820 A=0x6f838
 689000: system.cpu: T0 : 0x1a88c    : c_sd a5, 16(a5)            : MemWrite :  D=0x000000000006f820 A=0x6f830
 689500: system.cpu: T0 : 0x1a88e    : c_addi a5, 16              : IntAlu :  D=0x000000000006f830
 690000: system.cpu: T0 : 0x1a890    : bne a4, a5, -6             : IntAlu : 
 690500: system.cpu: T0 : 0x1a88a    : c_sd a5, 24(a5)            : MemWrite :  D=0x000000000006f830 A=0x6f848
 691000: system.cpu: T0 : 0x1a88c    : c_sd a5, 16(a5)            : MemWrite :  D=0x000000000006f830 A=0x6f840
 691500: system.cpu: T0 : 0x1a88e    : c_addi a5, 16              : IntAlu :  D=0x000000000006f840
 692000: system.cpu: T0 : 0x1a890    : bne a4, a5, -6             : IntAlu : 
 692500: system.cpu: T0 : 0x1a88a    : c_sd a5, 24(a5)            : MemWrite :  D=0x000000000006f840 A=0x6f858
 693000: system.cpu: T0 : 0x1a88c    : c_sd a5, 16(a5)            : MemWrite :  D=0x000000000006f840 A=0x6f850
 693500: system.cpu: T0 : 0x1a88e    : c_addi a5, 16              : IntAlu :  D=0x000000000006f850
 694000: system.cpu: T0 : 0x1a890    : bne a4, a5, -6             : IntAlu : 
 694500: system.cpu: T0 : 0x1a88a    : c_sd a5, 24(a5)            : MemWrite :  D=0x000000000006f850 A=0x6f868
 695000: system.cpu: T0 : 0x1a88c    : c_sd a5, 16(a5)            : MemWrite :  D=0x000000000006f850 A=0x6f860
 695500: system.cpu: T0 : 0x1a88e    : c_addi a5, 16              : IntAlu :  D=0x000000000006f860
 696000: system.cpu: T0 : 0x1a890    : bne a4, a5, -6             : IntAlu : 
 696500: system.cpu: T0 : 0x1a88a    : c_sd a5, 24(a5)            : MemWrite :  D=0x000000000006f860 A=0x6f878
 697000: system.cpu: T0 : 0x1a88c    : c_sd a5, 16(a5)            : MemWrite :  D=0x000000000006f860 A=0x6f870
 697500: system.cpu: T0 : 0x1a88e    : c_addi a5, 16              : IntAlu :  D=0x000000000006f870
 698000: system.cpu: T0 : 0x1a890    : bne a4, a5, -6             : IntAlu : 
 698500: system.cpu: T0 : 0x1a88a    : c_sd a5, 24(a5)            : MemWrite :  D=0x000000000006f870 A=0x6f888
 699000: system.cpu: T0 : 0x1a88c    : c_sd a5, 16(a5)            : MemWrite :  D=0x000000000006f870 A=0x6f880
 699500: system.cpu: T0 : 0x1a88e    : c_addi a5, 16              : IntAlu :  D=0x000000000006f880
 700000: system.cpu: T0 : 0x1a890    : bne a4, a5, -6             : IntAlu : 
 700500: system.cpu: T0 : 0x1a88a    : c_sd a5, 24(a5)            : MemWrite :  D=0x000000000006f880 A=0x6f898
 701000: system.cpu: T0 : 0x1a88c    : c_sd a5, 16(a5)            : MemWrite :  D=0x000000000006f880 A=0x6f890
 701500: system.cpu: T0 : 0x1a88e    : c_addi a5, 16              : IntAlu :  D=0x000000000006f890
 702000: system.cpu: T0 : 0x1a890    : bne a4, a5, -6             : IntAlu : 
 702500: system.cpu: T0 : 0x1a88a    : c_sd a5, 24(a5)            : MemWrite :  D=0x000000000006f890 A=0x6f8a8
 703000: system.cpu: T0 : 0x1a88c    : c_sd a5, 16(a5)            : MemWrite :  D=0x000000000006f890 A=0x6f8a0
 703500: system.cpu: T0 : 0x1a88e    : c_addi a5, 16              : IntAlu :  D=0x000000000006f8a0
 704000: system.cpu: T0 : 0x1a890    : bne a4, a5, -6             : IntAlu : 
 704500: system.cpu: T0 : 0x1a88a    : c_sd a5, 24(a5)            : MemWrite :  D=0x000000000006f8a0 A=0x6f8b8
 705000: system.cpu: T0 : 0x1a88c    : c_sd a5, 16(a5)            : MemWrite :  D=0x000000000006f8a0 A=0x6f8b0
 705500: system.cpu: T0 : 0x1a88e    : c_addi a5, 16              : IntAlu :  D=0x000000000006f8b0
 706000: system.cpu: T0 : 0x1a890    : bne a4, a5, -6             : IntAlu : 
 706500: system.cpu: T0 : 0x1a88a    : c_sd a5, 24(a5)            : MemWrite :  D=0x000000000006f8b0 A=0x6f8c8
 707000: system.cpu: T0 : 0x1a88c    : c_sd a5, 16(a5)            : MemWrite :  D=0x000000000006f8b0 A=0x6f8c0
 707500: system.cpu: T0 : 0x1a88e    : c_addi a5, 16              : IntAlu :  D=0x000000000006f8c0
 708000: system.cpu: T0 : 0x1a890    : bne a4, a5, -6             : IntAlu : 
 708500: system.cpu: T0 : 0x1a88a    : c_sd a5, 24(a5)            : MemWrite :  D=0x000000000006f8c0 A=0x6f8d8
 709000: system.cpu: T0 : 0x1a88c    : c_sd a5, 16(a5)            : MemWrite :  D=0x000000000006f8c0 A=0x6f8d0
 709500: system.cpu: T0 : 0x1a88e    : c_addi a5, 16              : IntAlu :  D=0x000000000006f8d0
 710000: system.cpu: T0 : 0x1a890    : bne a4, a5, -6             : IntAlu : 
 710500: system.cpu: T0 : 0x1a88a    : c_sd a5, 24(a5)            : MemWrite :  D=0x000000000006f8d0 A=0x6f8e8
 711000: system.cpu: T0 : 0x1a88c    : c_sd a5, 16(a5)            : MemWrite :  D=0x000000000006f8d0 A=0x6f8e0
 711500: system.cpu: T0 : 0x1a88e    : c_addi a5, 16              : IntAlu :  D=0x000000000006f8e0
 712000: system.cpu: T0 : 0x1a890    : bne a4, a5, -6             : IntAlu : 
 712500: system.cpu: T0 : 0x1a88a    : c_sd a5, 24(a5)            : MemWrite :  D=0x000000000006f8e0 A=0x6f8f8
 713000: system.cpu: T0 : 0x1a88c    : c_sd a5, 16(a5)            : MemWrite :  D=0x000000000006f8e0 A=0x6f8f0
 713500: system.cpu: T0 : 0x1a88e    : c_addi a5, 16              : IntAlu :  D=0x000000000006f8f0
 714000: system.cpu: T0 : 0x1a890    : bne a4, a5, -6             : IntAlu : 
 714500: system.cpu: T0 : 0x1a88a    : c_sd a5, 24(a5)            : MemWrite :  D=0x000000000006f8f0 A=0x6f908
 715000: system.cpu: T0 : 0x1a88c    : c_sd a5, 16(a5)            : MemWrite :  D=0x000000000006f8f0 A=0x6f900
 715500: system.cpu: T0 : 0x1a88e    : c_addi a5, 16              : IntAlu :  D=0x000000000006f900
 716000: system.cpu: T0 : 0x1a890    : bne a4, a5, -6             : IntAlu : 
 716500: system.cpu: T0 : 0x1a88a    : c_sd a5, 24(a5)            : MemWrite :  D=0x000000000006f900 A=0x6f918
 717000: system.cpu: T0 : 0x1a88c    : c_sd a5, 16(a5)            : MemWrite :  D=0x000000000006f900 A=0x6f910
 717500: system.cpu: T0 : 0x1a88e    : c_addi a5, 16              : IntAlu :  D=0x000000000006f910
 718000: system.cpu: T0 : 0x1a890    : bne a4, a5, -6             : IntAlu : 
 718500: system.cpu: T0 : 0x1a88a    : c_sd a5, 24(a5)            : MemWrite :  D=0x000000000006f910 A=0x6f928
 719000: system.cpu: T0 : 0x1a88c    : c_sd a5, 16(a5)            : MemWrite :  D=0x000000000006f910 A=0x6f920
 719500: system.cpu: T0 : 0x1a88e    : c_addi a5, 16              : IntAlu :  D=0x000000000006f920
 720000: system.cpu: T0 : 0x1a890    : bne a4, a5, -6             : IntAlu : 
 720500: system.cpu: T0 : 0x1a88a    : c_sd a5, 24(a5)            : MemWrite :  D=0x000000000006f920 A=0x6f938
 721000: system.cpu: T0 : 0x1a88c    : c_sd a5, 16(a5)            : MemWrite :  D=0x000000000006f920 A=0x6f930
 721500: system.cpu: T0 : 0x1a88e    : c_addi a5, 16              : IntAlu :  D=0x000000000006f930
 722000: system.cpu: T0 : 0x1a890    : bne a4, a5, -6             : IntAlu : 
 722500: system.cpu: T0 : 0x1a88a    : c_sd a5, 24(a5)            : MemWrite :  D=0x000000000006f930 A=0x6f948
 723000: system.cpu: T0 : 0x1a88c    : c_sd a5, 16(a5)            : MemWrite :  D=0x000000000006f930 A=0x6f940
 723500: system.cpu: T0 : 0x1a88e    : c_addi a5, 16              : IntAlu :  D=0x000000000006f940
 724000: system.cpu: T0 : 0x1a890    : bne a4, a5, -6             : IntAlu : 
 724500: system.cpu: T0 : 0x1a88a    : c_sd a5, 24(a5)            : MemWrite :  D=0x000000000006f940 A=0x6f958
 725000: system.cpu: T0 : 0x1a88c    : c_sd a5, 16(a5)            : MemWrite :  D=0x000000000006f940 A=0x6f950
 725500: system.cpu: T0 : 0x1a88e    : c_addi a5, 16              : IntAlu :  D=0x000000000006f950
 726000: system.cpu: T0 : 0x1a890    : bne a4, a5, -6             : IntAlu : 
 726500: system.cpu: T0 : 0x1a88a    : c_sd a5, 24(a5)            : MemWrite :  D=0x000000000006f950 A=0x6f968
 727000: system.cpu: T0 : 0x1a88c    : c_sd a5, 16(a5)            : MemWrite :  D=0x000000000006f950 A=0x6f960
 727500: system.cpu: T0 : 0x1a88e    : c_addi a5, 16              : IntAlu :  D=0x000000000006f960
 728000: system.cpu: T0 : 0x1a890    : bne a4, a5, -6             : IntAlu : 
 728500: system.cpu: T0 : 0x1a88a    : c_sd a5, 24(a5)            : MemWrite :  D=0x000000000006f960 A=0x6f978
 729000: system.cpu: T0 : 0x1a88c    : c_sd a5, 16(a5)            : MemWrite :  D=0x000000000006f960 A=0x6f970
 729500: system.cpu: T0 : 0x1a88e    : c_addi a5, 16              : IntAlu :  D=0x000000000006f970
 730000: system.cpu: T0 : 0x1a890    : bne a4, a5, -6             : IntAlu : 
 730500: system.cpu: T0 : 0x1a88a    : c_sd a5, 24(a5)            : MemWrite :  D=0x000000000006f970 A=0x6f988
 731000: system.cpu: T0 : 0x1a88c    : c_sd a5, 16(a5)            : MemWrite :  D=0x000000000006f970 A=0x6f980
 731500: system.cpu: T0 : 0x1a88e    : c_addi a5, 16              : IntAlu :  D=0x000000000006f980
 732000: system.cpu: T0 : 0x1a890    : bne a4, a5, -6             : IntAlu : 
 732500: system.cpu: T0 : 0x1a88a    : c_sd a5, 24(a5)            : MemWrite :  D=0x000000000006f980 A=0x6f998
 733000: system.cpu: T0 : 0x1a88c    : c_sd a5, 16(a5)            : MemWrite :  D=0x000000000006f980 A=0x6f990
 733500: system.cpu: T0 : 0x1a88e    : c_addi a5, 16              : IntAlu :  D=0x000000000006f990
 734000: system.cpu: T0 : 0x1a890    : bne a4, a5, -6             : IntAlu : 
 734500: system.cpu: T0 : 0x1a88a    : c_sd a5, 24(a5)            : MemWrite :  D=0x000000000006f990 A=0x6f9a8
 735000: system.cpu: T0 : 0x1a88c    : c_sd a5, 16(a5)            : MemWrite :  D=0x000000000006f990 A=0x6f9a0
 735500: system.cpu: T0 : 0x1a88e    : c_addi a5, 16              : IntAlu :  D=0x000000000006f9a0
 736000: system.cpu: T0 : 0x1a890    : bne a4, a5, -6             : IntAlu : 
 736500: system.cpu: T0 : 0x1a88a    : c_sd a5, 24(a5)            : MemWrite :  D=0x000000000006f9a0 A=0x6f9b8
 737000: system.cpu: T0 : 0x1a88c    : c_sd a5, 16(a5)            : MemWrite :  D=0x000000000006f9a0 A=0x6f9b0
 737500: system.cpu: T0 : 0x1a88e    : c_addi a5, 16              : IntAlu :  D=0x000000000006f9b0
 738000: system.cpu: T0 : 0x1a890    : bne a4, a5, -6             : IntAlu : 
 738500: system.cpu: T0 : 0x1a88a    : c_sd a5, 24(a5)            : MemWrite :  D=0x000000000006f9b0 A=0x6f9c8
 739000: system.cpu: T0 : 0x1a88c    : c_sd a5, 16(a5)            : MemWrite :  D=0x000000000006f9b0 A=0x6f9c0
 739500: system.cpu: T0 : 0x1a88e    : c_addi a5, 16              : IntAlu :  D=0x000000000006f9c0
 740000: system.cpu: T0 : 0x1a890    : bne a4, a5, -6             : IntAlu : 
 740500: system.cpu: T0 : 0x1a88a    : c_sd a5, 24(a5)            : MemWrite :  D=0x000000000006f9c0 A=0x6f9d8
 741000: system.cpu: T0 : 0x1a88c    : c_sd a5, 16(a5)            : MemWrite :  D=0x000000000006f9c0 A=0x6f9d0
 741500: system.cpu: T0 : 0x1a88e    : c_addi a5, 16              : IntAlu :  D=0x000000000006f9d0
 742000: system.cpu: T0 : 0x1a890    : bne a4, a5, -6             : IntAlu : 
 742500: system.cpu: T0 : 0x1a88a    : c_sd a5, 24(a5)            : MemWrite :  D=0x000000000006f9d0 A=0x6f9e8
 743000: system.cpu: T0 : 0x1a88c    : c_sd a5, 16(a5)            : MemWrite :  D=0x000000000006f9d0 A=0x6f9e0
 743500: system.cpu: T0 : 0x1a88e    : c_addi a5, 16              : IntAlu :  D=0x000000000006f9e0
 744000: system.cpu: T0 : 0x1a890    : bne a4, a5, -6             : IntAlu : 
 744500: system.cpu: T0 : 0x1a88a    : c_sd a5, 24(a5)            : MemWrite :  D=0x000000000006f9e0 A=0x6f9f8
 745000: system.cpu: T0 : 0x1a88c    : c_sd a5, 16(a5)            : MemWrite :  D=0x000000000006f9e0 A=0x6f9f0
 745500: system.cpu: T0 : 0x1a88e    : c_addi a5, 16              : IntAlu :  D=0x000000000006f9f0
 746000: system.cpu: T0 : 0x1a890    : bne a4, a5, -6             : IntAlu : 
 746500: system.cpu: T0 : 0x1a88a    : c_sd a5, 24(a5)            : MemWrite :  D=0x000000000006f9f0 A=0x6fa08
 747000: system.cpu: T0 : 0x1a88c    : c_sd a5, 16(a5)            : MemWrite :  D=0x000000000006f9f0 A=0x6fa00
 747500: system.cpu: T0 : 0x1a88e    : c_addi a5, 16              : IntAlu :  D=0x000000000006fa00
 748000: system.cpu: T0 : 0x1a890    : bne a4, a5, -6             : IntAlu : 
 748500: system.cpu: T0 : 0x1a88a    : c_sd a5, 24(a5)            : MemWrite :  D=0x000000000006fa00 A=0x6fa18
 749000: system.cpu: T0 : 0x1a88c    : c_sd a5, 16(a5)            : MemWrite :  D=0x000000000006fa00 A=0x6fa10
 749500: system.cpu: T0 : 0x1a88e    : c_addi a5, 16              : IntAlu :  D=0x000000000006fa10
 750000: system.cpu: T0 : 0x1a890    : bne a4, a5, -6             : IntAlu : 
 750500: system.cpu: T0 : 0x1a88a    : c_sd a5, 24(a5)            : MemWrite :  D=0x000000000006fa10 A=0x6fa28
 751000: system.cpu: T0 : 0x1a88c    : c_sd a5, 16(a5)            : MemWrite :  D=0x000000000006fa10 A=0x6fa20
 751500: system.cpu: T0 : 0x1a88e    : c_addi a5, 16              : IntAlu :  D=0x000000000006fa20
 752000: system.cpu: T0 : 0x1a890    : bne a4, a5, -6             : IntAlu : 
 752500: system.cpu: T0 : 0x1a88a    : c_sd a5, 24(a5)            : MemWrite :  D=0x000000000006fa20 A=0x6fa38
 753000: system.cpu: T0 : 0x1a88c    : c_sd a5, 16(a5)            : MemWrite :  D=0x000000000006fa20 A=0x6fa30
 753500: system.cpu: T0 : 0x1a88e    : c_addi a5, 16              : IntAlu :  D=0x000000000006fa30
 754000: system.cpu: T0 : 0x1a890    : bne a4, a5, -6             : IntAlu : 
 754500: system.cpu: T0 : 0x1a88a    : c_sd a5, 24(a5)            : MemWrite :  D=0x000000000006fa30 A=0x6fa48
 755000: system.cpu: T0 : 0x1a88c    : c_sd a5, 16(a5)            : MemWrite :  D=0x000000000006fa30 A=0x6fa40
 755500: system.cpu: T0 : 0x1a88e    : c_addi a5, 16              : IntAlu :  D=0x000000000006fa40
 756000: system.cpu: T0 : 0x1a890    : bne a4, a5, -6             : IntAlu : 
 756500: system.cpu: T0 : 0x1a88a    : c_sd a5, 24(a5)            : MemWrite :  D=0x000000000006fa40 A=0x6fa58
 757000: system.cpu: T0 : 0x1a88c    : c_sd a5, 16(a5)            : MemWrite :  D=0x000000000006fa40 A=0x6fa50
 757500: system.cpu: T0 : 0x1a88e    : c_addi a5, 16              : IntAlu :  D=0x000000000006fa50
 758000: system.cpu: T0 : 0x1a890    : bne a4, a5, -6             : IntAlu : 
 758500: system.cpu: T0 : 0x1a88a    : c_sd a5, 24(a5)            : MemWrite :  D=0x000000000006fa50 A=0x6fa68
 759000: system.cpu: T0 : 0x1a88c    : c_sd a5, 16(a5)            : MemWrite :  D=0x000000000006fa50 A=0x6fa60
 759500: system.cpu: T0 : 0x1a88e    : c_addi a5, 16              : IntAlu :  D=0x000000000006fa60
 760000: system.cpu: T0 : 0x1a890    : bne a4, a5, -6             : IntAlu : 
 760500: system.cpu: T0 : 0x1a88a    : c_sd a5, 24(a5)            : MemWrite :  D=0x000000000006fa60 A=0x6fa78
 761000: system.cpu: T0 : 0x1a88c    : c_sd a5, 16(a5)            : MemWrite :  D=0x000000000006fa60 A=0x6fa70
 761500: system.cpu: T0 : 0x1a88e    : c_addi a5, 16              : IntAlu :  D=0x000000000006fa70
 762000: system.cpu: T0 : 0x1a890    : bne a4, a5, -6             : IntAlu : 
 762500: system.cpu: T0 : 0x1a88a    : c_sd a5, 24(a5)            : MemWrite :  D=0x000000000006fa70 A=0x6fa88
 763000: system.cpu: T0 : 0x1a88c    : c_sd a5, 16(a5)            : MemWrite :  D=0x000000000006fa70 A=0x6fa80
 763500: system.cpu: T0 : 0x1a88e    : c_addi a5, 16              : IntAlu :  D=0x000000000006fa80
 764000: system.cpu: T0 : 0x1a890    : bne a4, a5, -6             : IntAlu : 
 764500: system.cpu: T0 : 0x1a88a    : c_sd a5, 24(a5)            : MemWrite :  D=0x000000000006fa80 A=0x6fa98
 765000: system.cpu: T0 : 0x1a88c    : c_sd a5, 16(a5)            : MemWrite :  D=0x000000000006fa80 A=0x6fa90
 765500: system.cpu: T0 : 0x1a88e    : c_addi a5, 16              : IntAlu :  D=0x000000000006fa90
 766000: system.cpu: T0 : 0x1a890    : bne a4, a5, -6             : IntAlu : 
 766500: system.cpu: T0 : 0x1a88a    : c_sd a5, 24(a5)            : MemWrite :  D=0x000000000006fa90 A=0x6faa8
 767000: system.cpu: T0 : 0x1a88c    : c_sd a5, 16(a5)            : MemWrite :  D=0x000000000006fa90 A=0x6faa0
 767500: system.cpu: T0 : 0x1a88e    : c_addi a5, 16              : IntAlu :  D=0x000000000006faa0
 768000: system.cpu: T0 : 0x1a890    : bne a4, a5, -6             : IntAlu : 
 768500: system.cpu: T0 : 0x1a88a    : c_sd a5, 24(a5)            : MemWrite :  D=0x000000000006faa0 A=0x6fab8
 769000: system.cpu: T0 : 0x1a88c    : c_sd a5, 16(a5)            : MemWrite :  D=0x000000000006faa0 A=0x6fab0
 769500: system.cpu: T0 : 0x1a88e    : c_addi a5, 16              : IntAlu :  D=0x000000000006fab0
 770000: system.cpu: T0 : 0x1a890    : bne a4, a5, -6             : IntAlu : 
 770500: system.cpu: T0 : 0x1a88a    : c_sd a5, 24(a5)            : MemWrite :  D=0x000000000006fab0 A=0x6fac8
 771000: system.cpu: T0 : 0x1a88c    : c_sd a5, 16(a5)            : MemWrite :  D=0x000000000006fab0 A=0x6fac0
 771500: system.cpu: T0 : 0x1a88e    : c_addi a5, 16              : IntAlu :  D=0x000000000006fac0
 772000: system.cpu: T0 : 0x1a890    : bne a4, a5, -6             : IntAlu : 
 772500: system.cpu: T0 : 0x1a88a    : c_sd a5, 24(a5)            : MemWrite :  D=0x000000000006fac0 A=0x6fad8
 773000: system.cpu: T0 : 0x1a88c    : c_sd a5, 16(a5)            : MemWrite :  D=0x000000000006fac0 A=0x6fad0
 773500: system.cpu: T0 : 0x1a88e    : c_addi a5, 16              : IntAlu :  D=0x000000000006fad0
 774000: system.cpu: T0 : 0x1a890    : bne a4, a5, -6             : IntAlu : 
 774500: system.cpu: T0 : 0x1a88a    : c_sd a5, 24(a5)            : MemWrite :  D=0x000000000006fad0 A=0x6fae8
 775000: system.cpu: T0 : 0x1a88c    : c_sd a5, 16(a5)            : MemWrite :  D=0x000000000006fad0 A=0x6fae0
 775500: system.cpu: T0 : 0x1a88e    : c_addi a5, 16              : IntAlu :  D=0x000000000006fae0
 776000: system.cpu: T0 : 0x1a890    : bne a4, a5, -6             : IntAlu : 
 776500: system.cpu: T0 : 0x1a88a    : c_sd a5, 24(a5)            : MemWrite :  D=0x000000000006fae0 A=0x6faf8
 777000: system.cpu: T0 : 0x1a88c    : c_sd a5, 16(a5)            : MemWrite :  D=0x000000000006fae0 A=0x6faf0
 777500: system.cpu: T0 : 0x1a88e    : c_addi a5, 16              : IntAlu :  D=0x000000000006faf0
 778000: system.cpu: T0 : 0x1a890    : bne a4, a5, -6             : IntAlu : 
 778500: system.cpu: T0 : 0x1a88a    : c_sd a5, 24(a5)            : MemWrite :  D=0x000000000006faf0 A=0x6fb08
 779000: system.cpu: T0 : 0x1a88c    : c_sd a5, 16(a5)            : MemWrite :  D=0x000000000006faf0 A=0x6fb00
 779500: system.cpu: T0 : 0x1a88e    : c_addi a5, 16              : IntAlu :  D=0x000000000006fb00
 780000: system.cpu: T0 : 0x1a890    : bne a4, a5, -6             : IntAlu : 
 780500: system.cpu: T0 : 0x1a88a    : c_sd a5, 24(a5)            : MemWrite :  D=0x000000000006fb00 A=0x6fb18
 781000: system.cpu: T0 : 0x1a88c    : c_sd a5, 16(a5)            : MemWrite :  D=0x000000000006fb00 A=0x6fb10
 781500: system.cpu: T0 : 0x1a88e    : c_addi a5, 16              : IntAlu :  D=0x000000000006fb10
 782000: system.cpu: T0 : 0x1a890    : bne a4, a5, -6             : IntAlu : 
 782500: system.cpu: T0 : 0x1a88a    : c_sd a5, 24(a5)            : MemWrite :  D=0x000000000006fb10 A=0x6fb28
 783000: system.cpu: T0 : 0x1a88c    : c_sd a5, 16(a5)            : MemWrite :  D=0x000000000006fb10 A=0x6fb20
 783500: system.cpu: T0 : 0x1a88e    : c_addi a5, 16              : IntAlu :  D=0x000000000006fb20
 784000: system.cpu: T0 : 0x1a890    : bne a4, a5, -6             : IntAlu : 
 784500: system.cpu: T0 : 0x1a88a    : c_sd a5, 24(a5)            : MemWrite :  D=0x000000000006fb20 A=0x6fb38
 785000: system.cpu: T0 : 0x1a88c    : c_sd a5, 16(a5)            : MemWrite :  D=0x000000000006fb20 A=0x6fb30
 785500: system.cpu: T0 : 0x1a88e    : c_addi a5, 16              : IntAlu :  D=0x000000000006fb30
 786000: system.cpu: T0 : 0x1a890    : bne a4, a5, -6             : IntAlu : 
 786500: system.cpu: T0 : 0x1a88a    : c_sd a5, 24(a5)            : MemWrite :  D=0x000000000006fb30 A=0x6fb48
 787000: system.cpu: T0 : 0x1a88c    : c_sd a5, 16(a5)            : MemWrite :  D=0x000000000006fb30 A=0x6fb40
 787500: system.cpu: T0 : 0x1a88e    : c_addi a5, 16              : IntAlu :  D=0x000000000006fb40
 788000: system.cpu: T0 : 0x1a890    : bne a4, a5, -6             : IntAlu : 
 788500: system.cpu: T0 : 0x1a88a    : c_sd a5, 24(a5)            : MemWrite :  D=0x000000000006fb40 A=0x6fb58
 789000: system.cpu: T0 : 0x1a88c    : c_sd a5, 16(a5)            : MemWrite :  D=0x000000000006fb40 A=0x6fb50
 789500: system.cpu: T0 : 0x1a88e    : c_addi a5, 16              : IntAlu :  D=0x000000000006fb50
 790000: system.cpu: T0 : 0x1a890    : bne a4, a5, -6             : IntAlu : 
 790500: system.cpu: T0 : 0x1a88a    : c_sd a5, 24(a5)            : MemWrite :  D=0x000000000006fb50 A=0x6fb68
 791000: system.cpu: T0 : 0x1a88c    : c_sd a5, 16(a5)            : MemWrite :  D=0x000000000006fb50 A=0x6fb60
 791500: system.cpu: T0 : 0x1a88e    : c_addi a5, 16              : IntAlu :  D=0x000000000006fb60
 792000: system.cpu: T0 : 0x1a890    : bne a4, a5, -6             : IntAlu : 
 792500: system.cpu: T0 : 0x1a88a    : c_sd a5, 24(a5)            : MemWrite :  D=0x000000000006fb60 A=0x6fb78
 793000: system.cpu: T0 : 0x1a88c    : c_sd a5, 16(a5)            : MemWrite :  D=0x000000000006fb60 A=0x6fb70
 793500: system.cpu: T0 : 0x1a88e    : c_addi a5, 16              : IntAlu :  D=0x000000000006fb70
 794000: system.cpu: T0 : 0x1a890    : bne a4, a5, -6             : IntAlu : 
 794500: system.cpu: T0 : 0x1a88a    : c_sd a5, 24(a5)            : MemWrite :  D=0x000000000006fb70 A=0x6fb88
 795000: system.cpu: T0 : 0x1a88c    : c_sd a5, 16(a5)            : MemWrite :  D=0x000000000006fb70 A=0x6fb80
 795500: system.cpu: T0 : 0x1a88e    : c_addi a5, 16              : IntAlu :  D=0x000000000006fb80
 796000: system.cpu: T0 : 0x1a890    : bne a4, a5, -6             : IntAlu : 
 796500: system.cpu: T0 : 0x1a88a    : c_sd a5, 24(a5)            : MemWrite :  D=0x000000000006fb80 A=0x6fb98
 797000: system.cpu: T0 : 0x1a88c    : c_sd a5, 16(a5)            : MemWrite :  D=0x000000000006fb80 A=0x6fb90
 797500: system.cpu: T0 : 0x1a88e    : c_addi a5, 16              : IntAlu :  D=0x000000000006fb90
 798000: system.cpu: T0 : 0x1a890    : bne a4, a5, -6             : IntAlu : 
 798500: system.cpu: T0 : 0x1a88a    : c_sd a5, 24(a5)            : MemWrite :  D=0x000000000006fb90 A=0x6fba8
 799000: system.cpu: T0 : 0x1a88c    : c_sd a5, 16(a5)            : MemWrite :  D=0x000000000006fb90 A=0x6fba0
 799500: system.cpu: T0 : 0x1a88e    : c_addi a5, 16              : IntAlu :  D=0x000000000006fba0
 800000: system.cpu: T0 : 0x1a890    : bne a4, a5, -6             : IntAlu : 
 800500: system.cpu: T0 : 0x1a88a    : c_sd a5, 24(a5)            : MemWrite :  D=0x000000000006fba0 A=0x6fbb8
 801000: system.cpu: T0 : 0x1a88c    : c_sd a5, 16(a5)            : MemWrite :  D=0x000000000006fba0 A=0x6fbb0
 801500: system.cpu: T0 : 0x1a88e    : c_addi a5, 16              : IntAlu :  D=0x000000000006fbb0
 802000: system.cpu: T0 : 0x1a890    : bne a4, a5, -6             : IntAlu : 
 802500: system.cpu: T0 : 0x1a88a    : c_sd a5, 24(a5)            : MemWrite :  D=0x000000000006fbb0 A=0x6fbc8
 803000: system.cpu: T0 : 0x1a88c    : c_sd a5, 16(a5)            : MemWrite :  D=0x000000000006fbb0 A=0x6fbc0
 803500: system.cpu: T0 : 0x1a88e    : c_addi a5, 16              : IntAlu :  D=0x000000000006fbc0
 804000: system.cpu: T0 : 0x1a890    : bne a4, a5, -6             : IntAlu : 
 804500: system.cpu: T0 : 0x1a88a    : c_sd a5, 24(a5)            : MemWrite :  D=0x000000000006fbc0 A=0x6fbd8
 805000: system.cpu: T0 : 0x1a88c    : c_sd a5, 16(a5)            : MemWrite :  D=0x000000000006fbc0 A=0x6fbd0
 805500: system.cpu: T0 : 0x1a88e    : c_addi a5, 16              : IntAlu :  D=0x000000000006fbd0
 806000: system.cpu: T0 : 0x1a890    : bne a4, a5, -6             : IntAlu : 
 806500: system.cpu: T0 : 0x1a88a    : c_sd a5, 24(a5)            : MemWrite :  D=0x000000000006fbd0 A=0x6fbe8
 807000: system.cpu: T0 : 0x1a88c    : c_sd a5, 16(a5)            : MemWrite :  D=0x000000000006fbd0 A=0x6fbe0
 807500: system.cpu: T0 : 0x1a88e    : c_addi a5, 16              : IntAlu :  D=0x000000000006fbe0
 808000: system.cpu: T0 : 0x1a890    : bne a4, a5, -6             : IntAlu : 
 808500: system.cpu: T0 : 0x1a88a    : c_sd a5, 24(a5)            : MemWrite :  D=0x000000000006fbe0 A=0x6fbf8
 809000: system.cpu: T0 : 0x1a88c    : c_sd a5, 16(a5)            : MemWrite :  D=0x000000000006fbe0 A=0x6fbf0
 809500: system.cpu: T0 : 0x1a88e    : c_addi a5, 16              : IntAlu :  D=0x000000000006fbf0
 810000: system.cpu: T0 : 0x1a890    : bne a4, a5, -6             : IntAlu : 
 810500: system.cpu: T0 : 0x1a88a    : c_sd a5, 24(a5)            : MemWrite :  D=0x000000000006fbf0 A=0x6fc08
 811000: system.cpu: T0 : 0x1a88c    : c_sd a5, 16(a5)            : MemWrite :  D=0x000000000006fbf0 A=0x6fc00
 811500: system.cpu: T0 : 0x1a88e    : c_addi a5, 16              : IntAlu :  D=0x000000000006fc00
 812000: system.cpu: T0 : 0x1a890    : bne a4, a5, -6             : IntAlu : 
 812500: system.cpu: T0 : 0x1a88a    : c_sd a5, 24(a5)            : MemWrite :  D=0x000000000006fc00 A=0x6fc18
 813000: system.cpu: T0 : 0x1a88c    : c_sd a5, 16(a5)            : MemWrite :  D=0x000000000006fc00 A=0x6fc10
 813500: system.cpu: T0 : 0x1a88e    : c_addi a5, 16              : IntAlu :  D=0x000000000006fc10
 814000: system.cpu: T0 : 0x1a890    : bne a4, a5, -6             : IntAlu : 
 814500: system.cpu: T0 : 0x1a88a    : c_sd a5, 24(a5)            : MemWrite :  D=0x000000000006fc10 A=0x6fc28
 815000: system.cpu: T0 : 0x1a88c    : c_sd a5, 16(a5)            : MemWrite :  D=0x000000000006fc10 A=0x6fc20
 815500: system.cpu: T0 : 0x1a88e    : c_addi a5, 16              : IntAlu :  D=0x000000000006fc20
 816000: system.cpu: T0 : 0x1a890    : bne a4, a5, -6             : IntAlu : 
 816500: system.cpu: T0 : 0x1a88a    : c_sd a5, 24(a5)            : MemWrite :  D=0x000000000006fc20 A=0x6fc38
 817000: system.cpu: T0 : 0x1a88c    : c_sd a5, 16(a5)            : MemWrite :  D=0x000000000006fc20 A=0x6fc30
 817500: system.cpu: T0 : 0x1a88e    : c_addi a5, 16              : IntAlu :  D=0x000000000006fc30
 818000: system.cpu: T0 : 0x1a890    : bne a4, a5, -6             : IntAlu : 
 818500: system.cpu: T0 : 0x1a88a    : c_sd a5, 24(a5)            : MemWrite :  D=0x000000000006fc30 A=0x6fc48
 819000: system.cpu: T0 : 0x1a88c    : c_sd a5, 16(a5)            : MemWrite :  D=0x000000000006fc30 A=0x6fc40
 819500: system.cpu: T0 : 0x1a88e    : c_addi a5, 16              : IntAlu :  D=0x000000000006fc40
 820000: system.cpu: T0 : 0x1a890    : bne a4, a5, -6             : IntAlu : 
 820500: system.cpu: T0 : 0x1a88a    : c_sd a5, 24(a5)            : MemWrite :  D=0x000000000006fc40 A=0x6fc58
 821000: system.cpu: T0 : 0x1a88c    : c_sd a5, 16(a5)            : MemWrite :  D=0x000000000006fc40 A=0x6fc50
 821500: system.cpu: T0 : 0x1a88e    : c_addi a5, 16              : IntAlu :  D=0x000000000006fc50
 822000: system.cpu: T0 : 0x1a890    : bne a4, a5, -6             : IntAlu : 
 822500: system.cpu: T0 : 0x1a88a    : c_sd a5, 24(a5)            : MemWrite :  D=0x000000000006fc50 A=0x6fc68
 823000: system.cpu: T0 : 0x1a88c    : c_sd a5, 16(a5)            : MemWrite :  D=0x000000000006fc50 A=0x6fc60
 823500: system.cpu: T0 : 0x1a88e    : c_addi a5, 16              : IntAlu :  D=0x000000000006fc60
 824000: system.cpu: T0 : 0x1a890    : bne a4, a5, -6             : IntAlu : 
 824500: system.cpu: T0 : 0x1a88a    : c_sd a5, 24(a5)            : MemWrite :  D=0x000000000006fc60 A=0x6fc78
 825000: system.cpu: T0 : 0x1a88c    : c_sd a5, 16(a5)            : MemWrite :  D=0x000000000006fc60 A=0x6fc70
 825500: system.cpu: T0 : 0x1a88e    : c_addi a5, 16              : IntAlu :  D=0x000000000006fc70
 826000: system.cpu: T0 : 0x1a890    : bne a4, a5, -6             : IntAlu : 
 826500: system.cpu: T0 : 0x1a88a    : c_sd a5, 24(a5)            : MemWrite :  D=0x000000000006fc70 A=0x6fc88
 827000: system.cpu: T0 : 0x1a88c    : c_sd a5, 16(a5)            : MemWrite :  D=0x000000000006fc70 A=0x6fc80
 827500: system.cpu: T0 : 0x1a88e    : c_addi a5, 16              : IntAlu :  D=0x000000000006fc80
 828000: system.cpu: T0 : 0x1a890    : bne a4, a5, -6             : IntAlu : 
 828500: system.cpu: T0 : 0x1a88a    : c_sd a5, 24(a5)            : MemWrite :  D=0x000000000006fc80 A=0x6fc98
 829000: system.cpu: T0 : 0x1a88c    : c_sd a5, 16(a5)            : MemWrite :  D=0x000000000006fc80 A=0x6fc90
 829500: system.cpu: T0 : 0x1a88e    : c_addi a5, 16              : IntAlu :  D=0x000000000006fc90
 830000: system.cpu: T0 : 0x1a890    : bne a4, a5, -6             : IntAlu : 
 830500: system.cpu: T0 : 0x1a88a    : c_sd a5, 24(a5)            : MemWrite :  D=0x000000000006fc90 A=0x6fca8
 831000: system.cpu: T0 : 0x1a88c    : c_sd a5, 16(a5)            : MemWrite :  D=0x000000000006fc90 A=0x6fca0
 831500: system.cpu: T0 : 0x1a88e    : c_addi a5, 16              : IntAlu :  D=0x000000000006fca0
 832000: system.cpu: T0 : 0x1a890    : bne a4, a5, -6             : IntAlu : 
 832500: system.cpu: T0 : 0x1a88a    : c_sd a5, 24(a5)            : MemWrite :  D=0x000000000006fca0 A=0x6fcb8
 833000: system.cpu: T0 : 0x1a88c    : c_sd a5, 16(a5)            : MemWrite :  D=0x000000000006fca0 A=0x6fcb0
 833500: system.cpu: T0 : 0x1a88e    : c_addi a5, 16              : IntAlu :  D=0x000000000006fcb0
 834000: system.cpu: T0 : 0x1a890    : bne a4, a5, -6             : IntAlu : 
 834500: system.cpu: T0 : 0x1a88a    : c_sd a5, 24(a5)            : MemWrite :  D=0x000000000006fcb0 A=0x6fcc8
 835000: system.cpu: T0 : 0x1a88c    : c_sd a5, 16(a5)            : MemWrite :  D=0x000000000006fcb0 A=0x6fcc0
 835500: system.cpu: T0 : 0x1a88e    : c_addi a5, 16              : IntAlu :  D=0x000000000006fcc0
 836000: system.cpu: T0 : 0x1a890    : bne a4, a5, -6             : IntAlu : 
 836500: system.cpu: T0 : 0x1a88a    : c_sd a5, 24(a5)            : MemWrite :  D=0x000000000006fcc0 A=0x6fcd8
 837000: system.cpu: T0 : 0x1a88c    : c_sd a5, 16(a5)            : MemWrite :  D=0x000000000006fcc0 A=0x6fcd0
 837500: system.cpu: T0 : 0x1a88e    : c_addi a5, 16              : IntAlu :  D=0x000000000006fcd0
 838000: system.cpu: T0 : 0x1a890    : bne a4, a5, -6             : IntAlu : 
 838500: system.cpu: T0 : 0x1a88a    : c_sd a5, 24(a5)            : MemWrite :  D=0x000000000006fcd0 A=0x6fce8
 839000: system.cpu: T0 : 0x1a88c    : c_sd a5, 16(a5)            : MemWrite :  D=0x000000000006fcd0 A=0x6fce0
 839500: system.cpu: T0 : 0x1a88e    : c_addi a5, 16              : IntAlu :  D=0x000000000006fce0
 840000: system.cpu: T0 : 0x1a890    : bne a4, a5, -6             : IntAlu : 
 840500: system.cpu: T0 : 0x1a88a    : c_sd a5, 24(a5)            : MemWrite :  D=0x000000000006fce0 A=0x6fcf8
 841000: system.cpu: T0 : 0x1a88c    : c_sd a5, 16(a5)            : MemWrite :  D=0x000000000006fce0 A=0x6fcf0
 841500: system.cpu: T0 : 0x1a88e    : c_addi a5, 16              : IntAlu :  D=0x000000000006fcf0
 842000: system.cpu: T0 : 0x1a890    : bne a4, a5, -6             : IntAlu : 
 842500: system.cpu: T0 : 0x1a88a    : c_sd a5, 24(a5)            : MemWrite :  D=0x000000000006fcf0 A=0x6fd08
 843000: system.cpu: T0 : 0x1a88c    : c_sd a5, 16(a5)            : MemWrite :  D=0x000000000006fcf0 A=0x6fd00
 843500: system.cpu: T0 : 0x1a88e    : c_addi a5, 16              : IntAlu :  D=0x000000000006fd00
 844000: system.cpu: T0 : 0x1a890    : bne a4, a5, -6             : IntAlu : 
 844500: system.cpu: T0 : 0x1a88a    : c_sd a5, 24(a5)            : MemWrite :  D=0x000000000006fd00 A=0x6fd18
 845000: system.cpu: T0 : 0x1a88c    : c_sd a5, 16(a5)            : MemWrite :  D=0x000000000006fd00 A=0x6fd10
 845500: system.cpu: T0 : 0x1a88e    : c_addi a5, 16              : IntAlu :  D=0x000000000006fd10
 846000: system.cpu: T0 : 0x1a890    : bne a4, a5, -6             : IntAlu : 
 846500: system.cpu: T0 : 0x1a88a    : c_sd a5, 24(a5)            : MemWrite :  D=0x000000000006fd10 A=0x6fd28
 847000: system.cpu: T0 : 0x1a88c    : c_sd a5, 16(a5)            : MemWrite :  D=0x000000000006fd10 A=0x6fd20
 847500: system.cpu: T0 : 0x1a88e    : c_addi a5, 16              : IntAlu :  D=0x000000000006fd20
 848000: system.cpu: T0 : 0x1a890    : bne a4, a5, -6             : IntAlu : 
 848500: system.cpu: T0 : 0x1a88a    : c_sd a5, 24(a5)            : MemWrite :  D=0x000000000006fd20 A=0x6fd38
 849000: system.cpu: T0 : 0x1a88c    : c_sd a5, 16(a5)            : MemWrite :  D=0x000000000006fd20 A=0x6fd30
 849500: system.cpu: T0 : 0x1a88e    : c_addi a5, 16              : IntAlu :  D=0x000000000006fd30
 850000: system.cpu: T0 : 0x1a890    : bne a4, a5, -6             : IntAlu : 
 850500: system.cpu: T0 : 0x1a88a    : c_sd a5, 24(a5)            : MemWrite :  D=0x000000000006fd30 A=0x6fd48
 851000: system.cpu: T0 : 0x1a88c    : c_sd a5, 16(a5)            : MemWrite :  D=0x000000000006fd30 A=0x6fd40
 851500: system.cpu: T0 : 0x1a88e    : c_addi a5, 16              : IntAlu :  D=0x000000000006fd40
 852000: system.cpu: T0 : 0x1a890    : bne a4, a5, -6             : IntAlu : 
 852500: system.cpu: T0 : 0x1a88a    : c_sd a5, 24(a5)            : MemWrite :  D=0x000000000006fd40 A=0x6fd58
 853000: system.cpu: T0 : 0x1a88c    : c_sd a5, 16(a5)            : MemWrite :  D=0x000000000006fd40 A=0x6fd50
 853500: system.cpu: T0 : 0x1a88e    : c_addi a5, 16              : IntAlu :  D=0x000000000006fd50
 854000: system.cpu: T0 : 0x1a890    : bne a4, a5, -6             : IntAlu : 
 854500: system.cpu: T0 : 0x1a88a    : c_sd a5, 24(a5)            : MemWrite :  D=0x000000000006fd50 A=0x6fd68
 855000: system.cpu: T0 : 0x1a88c    : c_sd a5, 16(a5)            : MemWrite :  D=0x000000000006fd50 A=0x6fd60
 855500: system.cpu: T0 : 0x1a88e    : c_addi a5, 16              : IntAlu :  D=0x000000000006fd60
 856000: system.cpu: T0 : 0x1a890    : bne a4, a5, -6             : IntAlu : 
 856500: system.cpu: T0 : 0x1a88a    : c_sd a5, 24(a5)            : MemWrite :  D=0x000000000006fd60 A=0x6fd78
 857000: system.cpu: T0 : 0x1a88c    : c_sd a5, 16(a5)            : MemWrite :  D=0x000000000006fd60 A=0x6fd70
 857500: system.cpu: T0 : 0x1a88e    : c_addi a5, 16              : IntAlu :  D=0x000000000006fd70
 858000: system.cpu: T0 : 0x1a890    : bne a4, a5, -6             : IntAlu : 
 858500: system.cpu: T0 : 0x1a88a    : c_sd a5, 24(a5)            : MemWrite :  D=0x000000000006fd70 A=0x6fd88
 859000: system.cpu: T0 : 0x1a88c    : c_sd a5, 16(a5)            : MemWrite :  D=0x000000000006fd70 A=0x6fd80
 859500: system.cpu: T0 : 0x1a88e    : c_addi a5, 16              : IntAlu :  D=0x000000000006fd80
 860000: system.cpu: T0 : 0x1a890    : bne a4, a5, -6             : IntAlu : 
 860500: system.cpu: T0 : 0x1a88a    : c_sd a5, 24(a5)            : MemWrite :  D=0x000000000006fd80 A=0x6fd98
 861000: system.cpu: T0 : 0x1a88c    : c_sd a5, 16(a5)            : MemWrite :  D=0x000000000006fd80 A=0x6fd90
 861500: system.cpu: T0 : 0x1a88e    : c_addi a5, 16              : IntAlu :  D=0x000000000006fd90
 862000: system.cpu: T0 : 0x1a890    : bne a4, a5, -6             : IntAlu : 
 862500: system.cpu: T0 : 0x1a88a    : c_sd a5, 24(a5)            : MemWrite :  D=0x000000000006fd90 A=0x6fda8
 863000: system.cpu: T0 : 0x1a88c    : c_sd a5, 16(a5)            : MemWrite :  D=0x000000000006fd90 A=0x6fda0
 863500: system.cpu: T0 : 0x1a88e    : c_addi a5, 16              : IntAlu :  D=0x000000000006fda0
 864000: system.cpu: T0 : 0x1a890    : bne a4, a5, -6             : IntAlu : 
 864500: system.cpu: T0 : 0x1a88a    : c_sd a5, 24(a5)            : MemWrite :  D=0x000000000006fda0 A=0x6fdb8
 865000: system.cpu: T0 : 0x1a88c    : c_sd a5, 16(a5)            : MemWrite :  D=0x000000000006fda0 A=0x6fdb0
 865500: system.cpu: T0 : 0x1a88e    : c_addi a5, 16              : IntAlu :  D=0x000000000006fdb0
 866000: system.cpu: T0 : 0x1a890    : bne a4, a5, -6             : IntAlu : 
 866500: system.cpu: T0 : 0x1a88a    : c_sd a5, 24(a5)            : MemWrite :  D=0x000000000006fdb0 A=0x6fdc8
 867000: system.cpu: T0 : 0x1a88c    : c_sd a5, 16(a5)            : MemWrite :  D=0x000000000006fdb0 A=0x6fdc0
 867500: system.cpu: T0 : 0x1a88e    : c_addi a5, 16              : IntAlu :  D=0x000000000006fdc0
 868000: system.cpu: T0 : 0x1a890    : bne a4, a5, -6             : IntAlu : 
 868500: system.cpu: T0 : 0x1a88a    : c_sd a5, 24(a5)            : MemWrite :  D=0x000000000006fdc0 A=0x6fdd8
 869000: system.cpu: T0 : 0x1a88c    : c_sd a5, 16(a5)            : MemWrite :  D=0x000000000006fdc0 A=0x6fdd0
 869500: system.cpu: T0 : 0x1a88e    : c_addi a5, 16              : IntAlu :  D=0x000000000006fdd0
 870000: system.cpu: T0 : 0x1a890    : bne a4, a5, -6             : IntAlu : 
 870500: system.cpu: T0 : 0x1a88a    : c_sd a5, 24(a5)            : MemWrite :  D=0x000000000006fdd0 A=0x6fde8
 871000: system.cpu: T0 : 0x1a88c    : c_sd a5, 16(a5)            : MemWrite :  D=0x000000000006fdd0 A=0x6fde0
 871500: system.cpu: T0 : 0x1a88e    : c_addi a5, 16              : IntAlu :  D=0x000000000006fde0
 872000: system.cpu: T0 : 0x1a890    : bne a4, a5, -6             : IntAlu : 
 872500: system.cpu: T0 : 0x1a88a    : c_sd a5, 24(a5)            : MemWrite :  D=0x000000000006fde0 A=0x6fdf8
 873000: system.cpu: T0 : 0x1a88c    : c_sd a5, 16(a5)            : MemWrite :  D=0x000000000006fde0 A=0x6fdf0
 873500: system.cpu: T0 : 0x1a88e    : c_addi a5, 16              : IntAlu :  D=0x000000000006fdf0
 874000: system.cpu: T0 : 0x1a890    : bne a4, a5, -6             : IntAlu : 
 874500: system.cpu: T0 : 0x1a88a    : c_sd a5, 24(a5)            : MemWrite :  D=0x000000000006fdf0 A=0x6fe08
 875000: system.cpu: T0 : 0x1a88c    : c_sd a5, 16(a5)            : MemWrite :  D=0x000000000006fdf0 A=0x6fe00
 875500: system.cpu: T0 : 0x1a88e    : c_addi a5, 16              : IntAlu :  D=0x000000000006fe00
 876000: system.cpu: T0 : 0x1a890    : bne a4, a5, -6             : IntAlu : 
 876500: system.cpu: T0 : 0x1a88a    : c_sd a5, 24(a5)            : MemWrite :  D=0x000000000006fe00 A=0x6fe18
 877000: system.cpu: T0 : 0x1a88c    : c_sd a5, 16(a5)            : MemWrite :  D=0x000000000006fe00 A=0x6fe10
 877500: system.cpu: T0 : 0x1a88e    : c_addi a5, 16              : IntAlu :  D=0x000000000006fe10
 878000: system.cpu: T0 : 0x1a890    : bne a4, a5, -6             : IntAlu : 
 878500: system.cpu: T0 : 0x1a88a    : c_sd a5, 24(a5)            : MemWrite :  D=0x000000000006fe10 A=0x6fe28
 879000: system.cpu: T0 : 0x1a88c    : c_sd a5, 16(a5)            : MemWrite :  D=0x000000000006fe10 A=0x6fe20
 879500: system.cpu: T0 : 0x1a88e    : c_addi a5, 16              : IntAlu :  D=0x000000000006fe20
 880000: system.cpu: T0 : 0x1a890    : bne a4, a5, -6             : IntAlu : 
 880500: system.cpu: T0 : 0x1a88a    : c_sd a5, 24(a5)            : MemWrite :  D=0x000000000006fe20 A=0x6fe38
 881000: system.cpu: T0 : 0x1a88c    : c_sd a5, 16(a5)            : MemWrite :  D=0x000000000006fe20 A=0x6fe30
 881500: system.cpu: T0 : 0x1a88e    : c_addi a5, 16              : IntAlu :  D=0x000000000006fe30
 882000: system.cpu: T0 : 0x1a890    : bne a4, a5, -6             : IntAlu : 
 882500: system.cpu: T0 : 0x1a88a    : c_sd a5, 24(a5)            : MemWrite :  D=0x000000000006fe30 A=0x6fe48
 883000: system.cpu: T0 : 0x1a88c    : c_sd a5, 16(a5)            : MemWrite :  D=0x000000000006fe30 A=0x6fe40
 883500: system.cpu: T0 : 0x1a88e    : c_addi a5, 16              : IntAlu :  D=0x000000000006fe40
 884000: system.cpu: T0 : 0x1a890    : bne a4, a5, -6             : IntAlu : 
 884500: system.cpu: T0 : 0x1a88a    : c_sd a5, 24(a5)            : MemWrite :  D=0x000000000006fe40 A=0x6fe58
 885000: system.cpu: T0 : 0x1a88c    : c_sd a5, 16(a5)            : MemWrite :  D=0x000000000006fe40 A=0x6fe50
 885500: system.cpu: T0 : 0x1a88e    : c_addi a5, 16              : IntAlu :  D=0x000000000006fe50
 886000: system.cpu: T0 : 0x1a890    : bne a4, a5, -6             : IntAlu : 
 886500: system.cpu: T0 : 0x1a88a    : c_sd a5, 24(a5)            : MemWrite :  D=0x000000000006fe50 A=0x6fe68
 887000: system.cpu: T0 : 0x1a88c    : c_sd a5, 16(a5)            : MemWrite :  D=0x000000000006fe50 A=0x6fe60
 887500: system.cpu: T0 : 0x1a88e    : c_addi a5, 16              : IntAlu :  D=0x000000000006fe60
 888000: system.cpu: T0 : 0x1a890    : bne a4, a5, -6             : IntAlu : 
 888500: system.cpu: T0 : 0x1a88a    : c_sd a5, 24(a5)            : MemWrite :  D=0x000000000006fe60 A=0x6fe78
 889000: system.cpu: T0 : 0x1a88c    : c_sd a5, 16(a5)            : MemWrite :  D=0x000000000006fe60 A=0x6fe70
 889500: system.cpu: T0 : 0x1a88e    : c_addi a5, 16              : IntAlu :  D=0x000000000006fe70
 890000: system.cpu: T0 : 0x1a890    : bne a4, a5, -6             : IntAlu : 
 890500: system.cpu: T0 : 0x1a88a    : c_sd a5, 24(a5)            : MemWrite :  D=0x000000000006fe70 A=0x6fe88
 891000: system.cpu: T0 : 0x1a88c    : c_sd a5, 16(a5)            : MemWrite :  D=0x000000000006fe70 A=0x6fe80
 891500: system.cpu: T0 : 0x1a88e    : c_addi a5, 16              : IntAlu :  D=0x000000000006fe80
 892000: system.cpu: T0 : 0x1a890    : bne a4, a5, -6             : IntAlu : 
 892500: system.cpu: T0 : 0x1a88a    : c_sd a5, 24(a5)            : MemWrite :  D=0x000000000006fe80 A=0x6fe98
 893000: system.cpu: T0 : 0x1a88c    : c_sd a5, 16(a5)            : MemWrite :  D=0x000000000006fe80 A=0x6fe90
 893500: system.cpu: T0 : 0x1a88e    : c_addi a5, 16              : IntAlu :  D=0x000000000006fe90
 894000: system.cpu: T0 : 0x1a890    : bne a4, a5, -6             : IntAlu : 
 894500: system.cpu: T0 : 0x1a894    : lui a5, 111                : IntAlu :  D=0x000000000006f000
 895000: system.cpu: T0 : 0x1a898    : addi a5, a5, 1600          : IntAlu :  D=0x000000000006f640
 895500: system.cpu: T0 : 0x1a89c    : beq a0, a5, 24             : IntAlu : 
 896000: system.cpu: T0 : 0x1a8b4    : addi a4, zero, 128         : IntAlu :  D=0x0000000000000080
 896500: system.cpu: T0 : 0x1a8b8    : sd a4, -1376(gp)           : MemWrite :  D=0x0000000000000080 A=0x70b48
 897000: system.cpu: T0 : 0x1a8bc    : addi a5, a0, 8             : IntAlu :  D=0x000000000006f648
 897500: system.cpu: T0 : 0x1a8c0    : amoswap_w zero, zero, (a5)
 897500: system.cpu: T0 : 0x1a8c0. 0 : amoswap_w[l] zero, zero, (a5) : MemRead :  D=0x0000000000000000 A=0x6f648
 898000: system.cpu: T0 : 0x1a8c4    : c_sd a3, 96(a0)            : MemWrite :  D=0x000000000006f6a0 A=0x6f6a0
 898500: system.cpu: T0 : 0x1a8c6    : c_jr ra                    : IntAlu : 
 899000: system.cpu: T0 : 0x1ac82    : c_lui a2, 27               : IntAlu :  D=0x000000000001b000
 899500: system.cpu: T0 : 0x1ac84    : addi a2, a2, 976           : IntAlu :  D=0x000000000001b3d0
 900000: system.cpu: T0 : 0x1ac88    : c_mv a1, sp                : IntAlu :  D=0x7ffffffffffffbd0
 900500: system.cpu: T0 : 0x1ac8a    : c_li a0, 19                : IntAlu :  D=0x0000000000000013
 901000: system.cpu: T0 : 0x1ac8c    : jal ra, 30078              : IntAlu :  D=0x000000000001ac90
 901500: system.cpu: T0 : 0x2220a    : c_slli a0, 32              : IntAlu :  D=0x0000001300000000
 902000: system.cpu: T0 : 0x2220c    : c_srli a0, 32              : IntAlu :  D=0x0000000000000013
 903000: system.cpu: T0 : 0x2220e    : slli a5, a0, 3             : IntAlu :  D=0x0000000000000098
 903500: system.cpu: T0 : 0x22212    : c_sub a5, a0               : IntAlu :  D=0x0000000000000085
 904000: system.cpu: T0 : 0x22214    : lui a4, 111                : IntAlu :  D=0x000000000006f000
 904500: system.cpu: T0 : 0x22218    : addi a4, a4, -1248         : IntAlu :  D=0x000000000006eb20
 905000: system.cpu: T0 : 0x2221c    : c_slli a5, 3               : IntAlu :  D=0x0000000000000428
 905500: system.cpu: T0 : 0x2221e    : c_add a5, a4               : IntAlu :  D=0x000000000006ef48
 906000: system.cpu: T0 : 0x22220    : c_lw a3, 8(a5)             : MemRead :  D=0x0000000000000000 A=0x6ef50
 906500: system.cpu: T0 : 0x22222    : c_li a6, 2                 : IntAlu :  D=0x0000000000000002
 907000: system.cpu: T0 : 0x22224    : c_ld a5, 32(a5)            : MemRead :  D=0x0000000000000000 A=0x6ef68
 908000: system.cpu: T0 : 0x22226    : bltu a6, a3, 42            : IntAlu : 
 908500: system.cpu: T0 : 0x2222a    : c_bnez a3, 38              : IntAlu : 
 909000: system.cpu: T0 : 0x2222c    : c_sw a5, 0(a1)             : MemWrite :  D=0x0000000000000000 A=0x7ffffffffffffbd0
 910000: system.cpu: T0 : 0x2222e    : slli a5, a0, 3             : IntAlu :  D=0x0000000000000098
 910500: system.cpu: T0 : 0x22232    : c_sub a5, a0               : IntAlu :  D=0x0000000000000085
 911000: system.cpu: T0 : 0x22234    : c_slli a5, 3               : IntAlu :  D=0x0000000000000428
 912000: system.cpu: T0 : 0x22236    : add a3, a4, a5             : IntAlu :  D=0x000000000006ef48
 913000: system.cpu: T0 : 0x2223a    : lbu a3, 40(a3)             : MemRead :  D=0x0000000000000000 A=0x6ef70
 913500: system.cpu: T0 : 0x2223e    : c_beqz a3, 16              : IntAlu : 
 914000: system.cpu: T0 : 0x2224e    : c_jr ra                    : IntAlu : 
 914500: system.cpu: T0 : 0x1ac90    : c_lui a2, 26               : IntAlu :  D=0x000000000001a000
 915500: system.cpu: T0 : 0x1ac92    : addi a2, a2, 1300          : IntAlu :  D=0x000000000001a514
 916000: system.cpu: T0 : 0x1ac96    : c_mv a1, sp                : IntAlu :  D=0x7ffffffffffffbd0
 916500: system.cpu: T0 : 0x1ac98    : c_li a0, 7                 : IntAlu :  D=0x0000000000000007
 917500: system.cpu: T0 : 0x1ac9a    : jal ra, 30064              : IntAlu :  D=0x000000000001ac9e
 918000: system.cpu: T0 : 0x2220a    : c_slli a0, 32              : IntAlu :  D=0x0000000700000000
 918500: system.cpu: T0 : 0x2220c    : c_srli a0, 32              : IntAlu :  D=0x0000000000000007
 919500: system.cpu: T0 : 0x2220e    : slli a5, a0, 3             : IntAlu :  D=0x0000000000000038
 920000: system.cpu: T0 : 0x22212    : c_sub a5, a0               : IntAlu :  D=0x0000000000000031
 920500: system.cpu: T0 : 0x22214    : lui a4, 111                : IntAlu :  D=0x000000000006f000
 921000: system.cpu: T0 : 0x22218    : addi a4, a4, -1248         : IntAlu :  D=0x000000000006eb20
 921500: system.cpu: T0 : 0x2221c    : c_slli a5, 3               : IntAlu :  D=0x0000000000000188
 922000: system.cpu: T0 : 0x2221e    : c_add a5, a4               : IntAlu :  D=0x000000000006eca8
 922500: system.cpu: T0 : 0x22220    : c_lw a3, 8(a5)             : MemRead :  D=0x0000000000000002 A=0x6ecb0
 923000: system.cpu: T0 : 0x22222    : c_li a6, 2                 : IntAlu :  D=0x0000000000000002
 923500: system.cpu: T0 : 0x22224    : c_ld a5, 32(a5)            : MemRead :  D=0x0000000000000000 A=0x6ecc8
 924500: system.cpu: T0 : 0x22226    : bltu a6, a3, 42            : IntAlu : 
 925000: system.cpu: T0 : 0x2222a    : c_bnez a3, 38              : IntAlu : 
 925500: system.cpu: T0 : 0x22250    : c_sd a5, 0(a1)             : MemWrite :  D=0x0000000000000000 A=0x7ffffffffffffbd0
 926000: system.cpu: T0 : 0x22252    : c_j -36                    : IntAlu : 
 927000: system.cpu: T0 : 0x2222e    : slli a5, a0, 3             : IntAlu :  D=0x0000000000000038
 927500: system.cpu: T0 : 0x22232    : c_sub a5, a0               : IntAlu :  D=0x0000000000000031
 928000: system.cpu: T0 : 0x22234    : c_slli a5, 3               : IntAlu :  D=0x0000000000000188
 929000: system.cpu: T0 : 0x22236    : add a3, a4, a5             : IntAlu :  D=0x000000000006eca8
 930000: system.cpu: T0 : 0x2223a    : lbu a3, 40(a3)             : MemRead :  D=0x0000000000000000 A=0x6ecd0
 930500: system.cpu: T0 : 0x2223e    : c_beqz a3, 16              : IntAlu : 
 931000: system.cpu: T0 : 0x2224e    : c_jr ra                    : IntAlu : 
 931500: system.cpu: T0 : 0x1ac9e    : c_lui a2, 26               : IntAlu :  D=0x000000000001a000
 932000: system.cpu: T0 : 0x1aca0    : addi a2, a2, 1318          : IntAlu :  D=0x000000000001a526
 932500: system.cpu: T0 : 0x1aca4    : c_mv a1, sp                : IntAlu :  D=0x7ffffffffffffbd0
 933000: system.cpu: T0 : 0x1aca6    : c_li a0, 2                 : IntAlu :  D=0x0000000000000002
 933500: system.cpu: T0 : 0x1aca8    : jal ra, 30050              : IntAlu :  D=0x000000000001acac
 934000: system.cpu: T0 : 0x2220a    : c_slli a0, 32              : IntAlu :  D=0x0000000200000000
 934500: system.cpu: T0 : 0x2220c    : c_srli a0, 32              : IntAlu :  D=0x0000000000000002
 935500: system.cpu: T0 : 0x2220e    : slli a5, a0, 3             : IntAlu :  D=0x0000000000000010
 936000: system.cpu: T0 : 0x22212    : c_sub a5, a0               : IntAlu :  D=0x000000000000000e
 936500: system.cpu: T0 : 0x22214    : lui a4, 111                : IntAlu :  D=0x000000000006f000
 937000: system.cpu: T0 : 0x22218    : addi a4, a4, -1248         : IntAlu :  D=0x000000000006eb20
 937500: system.cpu: T0 : 0x2221c    : c_slli a5, 3               : IntAlu :  D=0x0000000000000070
 938000: system.cpu: T0 : 0x2221e    : c_add a5, a4               : IntAlu :  D=0x000000000006eb90
 938500: system.cpu: T0 : 0x22220    : c_lw a3, 8(a5)             : MemRead :  D=0x0000000000000000 A=0x6eb98
 939000: system.cpu: T0 : 0x22222    : c_li a6, 2                 : IntAlu :  D=0x0000000000000002
 939500: system.cpu: T0 : 0x22224    : c_ld a5, 32(a5)            : MemRead :  D=0x0000000000000000 A=0x6ebb0
 940500: system.cpu: T0 : 0x22226    : bltu a6, a3, 42            : IntAlu : 
 941000: system.cpu: T0 : 0x2222a    : c_bnez a3, 38              : IntAlu : 
 941500: system.cpu: T0 : 0x2222c    : c_sw a5, 0(a1)             : MemWrite :  D=0x0000000000000000 A=0x7ffffffffffffbd0
 942500: system.cpu: T0 : 0x2222e    : slli a5, a0, 3             : IntAlu :  D=0x0000000000000010
 943000: system.cpu: T0 : 0x22232    : c_sub a5, a0               : IntAlu :  D=0x000000000000000e
 943500: system.cpu: T0 : 0x22234    : c_slli a5, 3               : IntAlu :  D=0x0000000000000070
 944500: system.cpu: T0 : 0x22236    : add a3, a4, a5             : IntAlu :  D=0x000000000006eb90
 945500: system.cpu: T0 : 0x2223a    : lbu a3, 40(a3)             : MemRead :  D=0x0000000000000000 A=0x6ebb8
 946000: system.cpu: T0 : 0x2223e    : c_beqz a3, 16              : IntAlu : 
 946500: system.cpu: T0 : 0x2224e    : c_jr ra                    : IntAlu : 
 947000: system.cpu: T0 : 0x1acac    : c_lui a2, 26               : IntAlu :  D=0x000000000001a000
 948000: system.cpu: T0 : 0x1acae    : addi a2, a2, 1254          : IntAlu :  D=0x000000000001a4e6
 948500: system.cpu: T0 : 0x1acb2    : c_mv a1, sp                : IntAlu :  D=0x7ffffffffffffbd0
 949000: system.cpu: T0 : 0x1acb4    : c_li a0, 14                : IntAlu :  D=0x000000000000000e
 950000: system.cpu: T0 : 0x1acb6    : jal ra, 30036              : IntAlu :  D=0x000000000001acba
 950500: system.cpu: T0 : 0x2220a    : c_slli a0, 32              : IntAlu :  D=0x0000000e00000000
 951000: system.cpu: T0 : 0x2220c    : c_srli a0, 32              : IntAlu :  D=0x000000000000000e
 952000: system.cpu: T0 : 0x2220e    : slli a5, a0, 3             : IntAlu :  D=0x0000000000000070
 952500: system.cpu: T0 : 0x22212    : c_sub a5, a0               : IntAlu :  D=0x0000000000000062
 953000: system.cpu: T0 : 0x22214    : lui a4, 111                : IntAlu :  D=0x000000000006f000
 953500: system.cpu: T0 : 0x22218    : addi a4, a4, -1248         : IntAlu :  D=0x000000000006eb20
 954000: system.cpu: T0 : 0x2221c    : c_slli a5, 3               : IntAlu :  D=0x0000000000000310
 954500: system.cpu: T0 : 0x2221e    : c_add a5, a4               : IntAlu :  D=0x000000000006ee30
 955000: system.cpu: T0 : 0x22220    : c_lw a3, 8(a5)             : MemRead :  D=0x0000000000000002 A=0x6ee38
 955500: system.cpu: T0 : 0x22222    : c_li a6, 2                 : IntAlu :  D=0x0000000000000002
 956000: system.cpu: T0 : 0x22224    : c_ld a5, 32(a5)            : MemRead :  D=0x0000000000000000 A=0x6ee50
 957000: system.cpu: T0 : 0x22226    : bltu a6, a3, 42            : IntAlu : 
 957500: system.cpu: T0 : 0x2222a    : c_bnez a3, 38              : IntAlu : 
 958000: system.cpu: T0 : 0x22250    : c_sd a5, 0(a1)             : MemWrite :  D=0x0000000000000000 A=0x7ffffffffffffbd0
 958500: system.cpu: T0 : 0x22252    : c_j -36                    : IntAlu : 
 959500: system.cpu: T0 : 0x2222e    : slli a5, a0, 3             : IntAlu :  D=0x0000000000000070
 960000: system.cpu: T0 : 0x22232    : c_sub a5, a0               : IntAlu :  D=0x0000000000000062
 960500: system.cpu: T0 : 0x22234    : c_slli a5, 3               : IntAlu :  D=0x0000000000000310
 961500: system.cpu: T0 : 0x22236    : add a3, a4, a5             : IntAlu :  D=0x000000000006ee30
 962500: system.cpu: T0 : 0x2223a    : lbu a3, 40(a3)             : MemRead :  D=0x0000000000000000 A=0x6ee58
 963000: system.cpu: T0 : 0x2223e    : c_beqz a3, 16              : IntAlu : 
 963500: system.cpu: T0 : 0x2224e    : c_jr ra                    : IntAlu : 
 964000: system.cpu: T0 : 0x1acba    : c_lui a2, 26               : IntAlu :  D=0x000000000001a000
 964500: system.cpu: T0 : 0x1acbc    : addi a2, a2, 1326          : IntAlu :  D=0x000000000001a52e
 965000: system.cpu: T0 : 0x1acc0    : c_mv a1, sp                : IntAlu :  D=0x7ffffffffffffbd0
 965500: system.cpu: T0 : 0x1acc2    : c_li a0, 1                 : IntAlu :  D=0x0000000000000001
 966000: system.cpu: T0 : 0x1acc4    : jal ra, 30022              : IntAlu :  D=0x000000000001acc8
 966500: system.cpu: T0 : 0x2220a    : c_slli a0, 32              : IntAlu :  D=0x0000000100000000
 967000: system.cpu: T0 : 0x2220c    : c_srli a0, 32              : IntAlu :  D=0x0000000000000001
 968000: system.cpu: T0 : 0x2220e    : slli a5, a0, 3             : IntAlu :  D=0x0000000000000008
 968500: system.cpu: T0 : 0x22212    : c_sub a5, a0               : IntAlu :  D=0x0000000000000007
 969000: system.cpu: T0 : 0x22214    : lui a4, 111                : IntAlu :  D=0x000000000006f000
 969500: system.cpu: T0 : 0x22218    : addi a4, a4, -1248         : IntAlu :  D=0x000000000006eb20
 970000: system.cpu: T0 : 0x2221c    : c_slli a5, 3               : IntAlu :  D=0x0000000000000038
 970500: system.cpu: T0 : 0x2221e    : c_add a5, a4               : IntAlu :  D=0x000000000006eb58
 971000: system.cpu: T0 : 0x22220    : c_lw a3, 8(a5)             : MemRead :  D=0x0000000000000002 A=0x6eb60
 971500: system.cpu: T0 : 0x22222    : c_li a6, 2                 : IntAlu :  D=0x0000000000000002
 972000: system.cpu: T0 : 0x22224    : c_ld a5, 32(a5)            : MemRead :  D=0x0000000000000000 A=0x6eb78
 973000: system.cpu: T0 : 0x22226    : bltu a6, a3, 42            : IntAlu : 
 973500: system.cpu: T0 : 0x2222a    : c_bnez a3, 38              : IntAlu : 
 974000: system.cpu: T0 : 0x22250    : c_sd a5, 0(a1)             : MemWrite :  D=0x0000000000000000 A=0x7ffffffffffffbd0
 974500: system.cpu: T0 : 0x22252    : c_j -36                    : IntAlu : 
 975500: system.cpu: T0 : 0x2222e    : slli a5, a0, 3             : IntAlu :  D=0x0000000000000008
 976000: system.cpu: T0 : 0x22232    : c_sub a5, a0               : IntAlu :  D=0x0000000000000007
 976500: system.cpu: T0 : 0x22234    : c_slli a5, 3               : IntAlu :  D=0x0000000000000038
 977500: system.cpu: T0 : 0x22236    : add a3, a4, a5             : IntAlu :  D=0x000000000006eb58
 978500: system.cpu: T0 : 0x2223a    : lbu a3, 40(a3)             : MemRead :  D=0x0000000000000000 A=0x6eb80
 979000: system.cpu: T0 : 0x2223e    : c_beqz a3, 16              : IntAlu : 
 979500: system.cpu: T0 : 0x2224e    : c_jr ra                    : IntAlu : 
 980000: system.cpu: T0 : 0x1acc8    : c_lui a2, 26               : IntAlu :  D=0x000000000001a000
 981000: system.cpu: T0 : 0x1acca    : addi a2, a2, 1282          : IntAlu :  D=0x000000000001a502
 981500: system.cpu: T0 : 0x1acce    : c_mv a1, sp                : IntAlu :  D=0x7ffffffffffffbd0
 982000: system.cpu: T0 : 0x1acd0    : c_li a0, 9                 : IntAlu :  D=0x0000000000000009
 983000: system.cpu: T0 : 0x1acd2    : jal ra, 30008              : IntAlu :  D=0x000000000001acd6
 983500: system.cpu: T0 : 0x2220a    : c_slli a0, 32              : IntAlu :  D=0x0000000900000000
 984000: system.cpu: T0 : 0x2220c    : c_srli a0, 32              : IntAlu :  D=0x0000000000000009
 985000: system.cpu: T0 : 0x2220e    : slli a5, a0, 3             : IntAlu :  D=0x0000000000000048
 985500: system.cpu: T0 : 0x22212    : c_sub a5, a0               : IntAlu :  D=0x000000000000003f
 986000: system.cpu: T0 : 0x22214    : lui a4, 111                : IntAlu :  D=0x000000000006f000
 986500: system.cpu: T0 : 0x22218    : addi a4, a4, -1248         : IntAlu :  D=0x000000000006eb20
 987000: system.cpu: T0 : 0x2221c    : c_slli a5, 3               : IntAlu :  D=0x00000000000001f8
 987500: system.cpu: T0 : 0x2221e    : c_add a5, a4               : IntAlu :  D=0x000000000006ed18
 988000: system.cpu: T0 : 0x22220    : c_lw a3, 8(a5)             : MemRead :  D=0x0000000000000000 A=0x6ed20
 988500: system.cpu: T0 : 0x22222    : c_li a6, 2                 : IntAlu :  D=0x0000000000000002
 989000: system.cpu: T0 : 0x22224    : c_ld a5, 32(a5)            : MemRead :  D=0x0000000000000000 A=0x6ed38
 990000: system.cpu: T0 : 0x22226    : bltu a6, a3, 42            : IntAlu : 
 990500: system.cpu: T0 : 0x2222a    : c_bnez a3, 38              : IntAlu : 
 991000: system.cpu: T0 : 0x2222c    : c_sw a5, 0(a1)             : MemWrite :  D=0x0000000000000000 A=0x7ffffffffffffbd0
 992000: system.cpu: T0 : 0x2222e    : slli a5, a0, 3             : IntAlu :  D=0x0000000000000048
 992500: system.cpu: T0 : 0x22232    : c_sub a5, a0               : IntAlu :  D=0x000000000000003f
 993000: system.cpu: T0 : 0x22234    : c_slli a5, 3               : IntAlu :  D=0x00000000000001f8
 994000: system.cpu: T0 : 0x22236    : add a3, a4, a5             : IntAlu :  D=0x000000000006ed18
 995000: system.cpu: T0 : 0x2223a    : lbu a3, 40(a3)             : MemRead :  D=0x0000000000000000 A=0x6ed40
 995500: system.cpu: T0 : 0x2223e    : c_beqz a3, 16              : IntAlu : 
 996000: system.cpu: T0 : 0x2224e    : c_jr ra                    : IntAlu : 
 996500: system.cpu: T0 : 0x1acd6    : c_lui a2, 26               : IntAlu :  D=0x000000000001a000
 997000: system.cpu: T0 : 0x1acd8    : addi a2, a2, 1344          : IntAlu :  D=0x000000000001a540
 997500: system.cpu: T0 : 0x1acdc    : c_mv a1, sp                : IntAlu :  D=0x7ffffffffffffbd0
 998000: system.cpu: T0 : 0x1acde    : c_li a0, 13                : IntAlu :  D=0x000000000000000d
 998500: system.cpu: T0 : 0x1ace0    : jal ra, 29994              : IntAlu :  D=0x000000000001ace4
 999000: system.cpu: T0 : 0x2220a    : c_slli a0, 32              : IntAlu :  D=0x0000000d00000000
 999500: system.cpu: T0 : 0x2220c    : c_srli a0, 32              : IntAlu :  D=0x000000000000000d
1000500: system.cpu: T0 : 0x2220e    : slli a5, a0, 3             : IntAlu :  D=0x0000000000000068
1001000: system.cpu: T0 : 0x22212    : c_sub a5, a0               : IntAlu :  D=0x000000000000005b
1001500: system.cpu: T0 : 0x22214    : lui a4, 111                : IntAlu :  D=0x000000000006f000
1002000: system.cpu: T0 : 0x22218    : addi a4, a4, -1248         : IntAlu :  D=0x000000000006eb20
1002500: system.cpu: T0 : 0x2221c    : c_slli a5, 3               : IntAlu :  D=0x00000000000002d8
1003000: system.cpu: T0 : 0x2221e    : c_add a5, a4               : IntAlu :  D=0x000000000006edf8
1003500: system.cpu: T0 : 0x22220    : c_lw a3, 8(a5)             : MemRead :  D=0x0000000000000002 A=0x6ee00
1004000: system.cpu: T0 : 0x22222    : c_li a6, 2                 : IntAlu :  D=0x0000000000000002
1004500: system.cpu: T0 : 0x22224    : c_ld a5, 32(a5)            : MemRead :  D=0x0000000000000000 A=0x6ee18
1005500: system.cpu: T0 : 0x22226    : bltu a6, a3, 42            : IntAlu : 
1006000: system.cpu: T0 : 0x2222a    : c_bnez a3, 38              : IntAlu : 
1006500: system.cpu: T0 : 0x22250    : c_sd a5, 0(a1)             : MemWrite :  D=0x0000000000000000 A=0x7ffffffffffffbd0
1007000: system.cpu: T0 : 0x22252    : c_j -36                    : IntAlu : 
1008000: system.cpu: T0 : 0x2222e    : slli a5, a0, 3             : IntAlu :  D=0x0000000000000068
1008500: system.cpu: T0 : 0x22232    : c_sub a5, a0               : IntAlu :  D=0x000000000000005b
1009000: system.cpu: T0 : 0x22234    : c_slli a5, 3               : IntAlu :  D=0x00000000000002d8
1010000: system.cpu: T0 : 0x22236    : add a3, a4, a5             : IntAlu :  D=0x000000000006edf8
1011000: system.cpu: T0 : 0x2223a    : lbu a3, 40(a3)             : MemRead :  D=0x0000000000000000 A=0x6ee20
1011500: system.cpu: T0 : 0x2223e    : c_beqz a3, 16              : IntAlu : 
1012000: system.cpu: T0 : 0x2224e    : c_jr ra                    : IntAlu : 
1012500: system.cpu: T0 : 0x1ace4    : c_lui a2, 26               : IntAlu :  D=0x000000000001a000
1013500: system.cpu: T0 : 0x1ace6    : addi a2, a2, 1356          : IntAlu :  D=0x000000000001a54c
1014000: system.cpu: T0 : 0x1acea    : c_mv a1, sp                : IntAlu :  D=0x7ffffffffffffbd0
1014500: system.cpu: T0 : 0x1acec    : c_li a0, 16                : IntAlu :  D=0x0000000000000010
1015500: system.cpu: T0 : 0x1acee    : jal ra, 29980              : IntAlu :  D=0x000000000001acf2
1016000: system.cpu: T0 : 0x2220a    : c_slli a0, 32              : IntAlu :  D=0x0000001000000000
1016500: system.cpu: T0 : 0x2220c    : c_srli a0, 32              : IntAlu :  D=0x0000000000000010
1017500: system.cpu: T0 : 0x2220e    : slli a5, a0, 3             : IntAlu :  D=0x0000000000000080
1018000: system.cpu: T0 : 0x22212    : c_sub a5, a0               : IntAlu :  D=0x0000000000000070
1018500: system.cpu: T0 : 0x22214    : lui a4, 111                : IntAlu :  D=0x000000000006f000
1019000: system.cpu: T0 : 0x22218    : addi a4, a4, -1248         : IntAlu :  D=0x000000000006eb20
1019500: system.cpu: T0 : 0x2221c    : c_slli a5, 3               : IntAlu :  D=0x0000000000000380
1020000: system.cpu: T0 : 0x2221e    : c_add a5, a4               : IntAlu :  D=0x000000000006eea0
1020500: system.cpu: T0 : 0x22220    : c_lw a3, 8(a5)             : MemRead :  D=0x0000000000000002 A=0x6eea8
1021000: system.cpu: T0 : 0x22222    : c_li a6, 2                 : IntAlu :  D=0x0000000000000002
1021500: system.cpu: T0 : 0x22224    : c_ld a5, 32(a5)            : MemRead :  D=0x0000000000000000 A=0x6eec0
1022500: system.cpu: T0 : 0x22226    : bltu a6, a3, 42            : IntAlu : 
1023000: system.cpu: T0 : 0x2222a    : c_bnez a3, 38              : IntAlu : 
1023500: system.cpu: T0 : 0x22250    : c_sd a5, 0(a1)             : MemWrite :  D=0x0000000000000000 A=0x7ffffffffffffbd0
1024000: system.cpu: T0 : 0x22252    : c_j -36                    : IntAlu : 
1025000: system.cpu: T0 : 0x2222e    : slli a5, a0, 3             : IntAlu :  D=0x0000000000000080
1025500: system.cpu: T0 : 0x22232    : c_sub a5, a0               : IntAlu :  D=0x0000000000000070
1026000: system.cpu: T0 : 0x22234    : c_slli a5, 3               : IntAlu :  D=0x0000000000000380
1027000: system.cpu: T0 : 0x22236    : add a3, a4, a5             : IntAlu :  D=0x000000000006eea0
1028000: system.cpu: T0 : 0x2223a    : lbu a3, 40(a3)             : MemRead :  D=0x0000000000000000 A=0x6eec8
1028500: system.cpu: T0 : 0x2223e    : c_beqz a3, 16              : IntAlu : 
1029000: system.cpu: T0 : 0x2224e    : c_jr ra                    : IntAlu : 
1029500: system.cpu: T0 : 0x1acf2    : c_lui a2, 26               : IntAlu :  D=0x000000000001a000
1030000: system.cpu: T0 : 0x1acf4    : addi a2, a2, 1368          : IntAlu :  D=0x000000000001a558
1030500: system.cpu: T0 : 0x1acf8    : c_mv a1, sp                : IntAlu :  D=0x7ffffffffffffbd0
1031000: system.cpu: T0 : 0x1acfa    : c_li a0, 18                : IntAlu :  D=0x0000000000000012
1031500: system.cpu: T0 : 0x1acfc    : jal ra, 29966              : IntAlu :  D=0x000000000001ad00
1032000: system.cpu: T0 : 0x2220a    : c_slli a0, 32              : IntAlu :  D=0x0000001200000000
1032500: system.cpu: T0 : 0x2220c    : c_srli a0, 32              : IntAlu :  D=0x0000000000000012
1033500: system.cpu: T0 : 0x2220e    : slli a5, a0, 3             : IntAlu :  D=0x0000000000000090
1034000: system.cpu: T0 : 0x22212    : c_sub a5, a0               : IntAlu :  D=0x000000000000007e
1034500: system.cpu: T0 : 0x22214    : lui a4, 111                : IntAlu :  D=0x000000000006f000
1035000: system.cpu: T0 : 0x22218    : addi a4, a4, -1248         : IntAlu :  D=0x000000000006eb20
1035500: system.cpu: T0 : 0x2221c    : c_slli a5, 3               : IntAlu :  D=0x00000000000003f0
1036000: system.cpu: T0 : 0x2221e    : c_add a5, a4               : IntAlu :  D=0x000000000006ef10
1036500: system.cpu: T0 : 0x22220    : c_lw a3, 8(a5)             : MemRead :  D=0x0000000000000002 A=0x6ef18
1037000: system.cpu: T0 : 0x22222    : c_li a6, 2                 : IntAlu :  D=0x0000000000000002
1037500: system.cpu: T0 : 0x22224    : c_ld a5, 32(a5)            : MemRead :  D=0x0000000000000000 A=0x6ef30
1038500: system.cpu: T0 : 0x22226    : bltu a6, a3, 42            : IntAlu : 
1039000: system.cpu: T0 : 0x2222a    : c_bnez a3, 38              : IntAlu : 
1039500: system.cpu: T0 : 0x22250    : c_sd a5, 0(a1)             : MemWrite :  D=0x0000000000000000 A=0x7ffffffffffffbd0
1040000: system.cpu: T0 : 0x22252    : c_j -36                    : IntAlu : 
1041000: system.cpu: T0 : 0x2222e    : slli a5, a0, 3             : IntAlu :  D=0x0000000000000090
1041500: system.cpu: T0 : 0x22232    : c_sub a5, a0               : IntAlu :  D=0x000000000000007e
1042000: system.cpu: T0 : 0x22234    : c_slli a5, 3               : IntAlu :  D=0x00000000000003f0
1043000: system.cpu: T0 : 0x22236    : add a3, a4, a5             : IntAlu :  D=0x000000000006ef10
1044000: system.cpu: T0 : 0x2223a    : lbu a3, 40(a3)             : MemRead :  D=0x0000000000000000 A=0x6ef38
1044500: system.cpu: T0 : 0x2223e    : c_beqz a3, 16              : IntAlu : 
1045000: system.cpu: T0 : 0x2224e    : c_jr ra                    : IntAlu : 
1045500: system.cpu: T0 : 0x1ad00    : c_lui a2, 26               : IntAlu :  D=0x000000000001a000
1046500: system.cpu: T0 : 0x1ad02    : addi a2, a2, 1414          : IntAlu :  D=0x000000000001a586
1047000: system.cpu: T0 : 0x1ad06    : c_mv a1, sp                : IntAlu :  D=0x7ffffffffffffbd0
1047500: system.cpu: T0 : 0x1ad08    : c_li a0, 15                : IntAlu :  D=0x000000000000000f
1048500: system.cpu: T0 : 0x1ad0a    : jal ra, 29952              : IntAlu :  D=0x000000000001ad0e
1049000: system.cpu: T0 : 0x2220a    : c_slli a0, 32              : IntAlu :  D=0x0000000f00000000
1049500: system.cpu: T0 : 0x2220c    : c_srli a0, 32              : IntAlu :  D=0x000000000000000f
1050500: system.cpu: T0 : 0x2220e    : slli a5, a0, 3             : IntAlu :  D=0x0000000000000078
1051000: system.cpu: T0 : 0x22212    : c_sub a5, a0               : IntAlu :  D=0x0000000000000069
1051500: system.cpu: T0 : 0x22214    : lui a4, 111                : IntAlu :  D=0x000000000006f000
1052000: system.cpu: T0 : 0x22218    : addi a4, a4, -1248         : IntAlu :  D=0x000000000006eb20
1052500: system.cpu: T0 : 0x2221c    : c_slli a5, 3               : IntAlu :  D=0x0000000000000348
1053000: system.cpu: T0 : 0x2221e    : c_add a5, a4               : IntAlu :  D=0x000000000006ee68
1053500: system.cpu: T0 : 0x22220    : c_lw a3, 8(a5)             : MemRead :  D=0x0000000000000002 A=0x6ee70
1054000: system.cpu: T0 : 0x22222    : c_li a6, 2                 : IntAlu :  D=0x0000000000000002
1054500: system.cpu: T0 : 0x22224    : c_ld a5, 32(a5)            : MemRead :  D=0x0000000000000000 A=0x6ee88
1055500: system.cpu: T0 : 0x22226    : bltu a6, a3, 42            : IntAlu : 
1056000: system.cpu: T0 : 0x2222a    : c_bnez a3, 38              : IntAlu : 
1056500: system.cpu: T0 : 0x22250    : c_sd a5, 0(a1)             : MemWrite :  D=0x0000000000000000 A=0x7ffffffffffffbd0
1057000: system.cpu: T0 : 0x22252    : c_j -36                    : IntAlu : 
1058000: system.cpu: T0 : 0x2222e    : slli a5, a0, 3             : IntAlu :  D=0x0000000000000078
1058500: system.cpu: T0 : 0x22232    : c_sub a5, a0               : IntAlu :  D=0x0000000000000069
1059000: system.cpu: T0 : 0x22234    : c_slli a5, 3               : IntAlu :  D=0x0000000000000348
1060000: system.cpu: T0 : 0x22236    : add a3, a4, a5             : IntAlu :  D=0x000000000006ee68
1061000: system.cpu: T0 : 0x2223a    : lbu a3, 40(a3)             : MemRead :  D=0x0000000000000000 A=0x6ee90
1061500: system.cpu: T0 : 0x2223e    : c_beqz a3, 16              : IntAlu : 
1062000: system.cpu: T0 : 0x2224e    : c_jr ra                    : IntAlu : 
1062500: system.cpu: T0 : 0x1ad0e    : c_lui a2, 26               : IntAlu :  D=0x000000000001a000
1063000: system.cpu: T0 : 0x1ad10    : addi a2, a2, 1434          : IntAlu :  D=0x000000000001a59a
1063500: system.cpu: T0 : 0x1ad14    : c_mv a1, sp                : IntAlu :  D=0x7ffffffffffffbd0
1064000: system.cpu: T0 : 0x1ad16    : c_li a0, 11                : IntAlu :  D=0x000000000000000b
1064500: system.cpu: T0 : 0x1ad18    : jal ra, 29938              : IntAlu :  D=0x000000000001ad1c
1065000: system.cpu: T0 : 0x2220a    : c_slli a0, 32              : IntAlu :  D=0x0000000b00000000
1065500: system.cpu: T0 : 0x2220c    : c_srli a0, 32              : IntAlu :  D=0x000000000000000b
1066500: system.cpu: T0 : 0x2220e    : slli a5, a0, 3             : IntAlu :  D=0x0000000000000058
1067000: system.cpu: T0 : 0x22212    : c_sub a5, a0               : IntAlu :  D=0x000000000000004d
1067500: system.cpu: T0 : 0x22214    : lui a4, 111                : IntAlu :  D=0x000000000006f000
1068000: system.cpu: T0 : 0x22218    : addi a4, a4, -1248         : IntAlu :  D=0x000000000006eb20
1068500: system.cpu: T0 : 0x2221c    : c_slli a5, 3               : IntAlu :  D=0x0000000000000268
1069000: system.cpu: T0 : 0x2221e    : c_add a5, a4               : IntAlu :  D=0x000000000006ed88
1069500: system.cpu: T0 : 0x22220    : c_lw a3, 8(a5)             : MemRead :  D=0x0000000000000002 A=0x6ed90
1070000: system.cpu: T0 : 0x22222    : c_li a6, 2                 : IntAlu :  D=0x0000000000000002
1070500: system.cpu: T0 : 0x22224    : c_ld a5, 32(a5)            : MemRead :  D=0x0000000000000000 A=0x6eda8
1071500: system.cpu: T0 : 0x22226    : bltu a6, a3, 42            : IntAlu : 
1072000: system.cpu: T0 : 0x2222a    : c_bnez a3, 38              : IntAlu : 
1072500: system.cpu: T0 : 0x22250    : c_sd a5, 0(a1)             : MemWrite :  D=0x0000000000000000 A=0x7ffffffffffffbd0
1073000: system.cpu: T0 : 0x22252    : c_j -36                    : IntAlu : 
1074000: system.cpu: T0 : 0x2222e    : slli a5, a0, 3             : IntAlu :  D=0x0000000000000058
1074500: system.cpu: T0 : 0x22232    : c_sub a5, a0               : IntAlu :  D=0x000000000000004d
1075000: system.cpu: T0 : 0x22234    : c_slli a5, 3               : IntAlu :  D=0x0000000000000268
1076000: system.cpu: T0 : 0x22236    : add a3, a4, a5             : IntAlu :  D=0x000000000006ed88
1077000: system.cpu: T0 : 0x2223a    : lbu a3, 40(a3)             : MemRead :  D=0x0000000000000000 A=0x6edb0
1077500: system.cpu: T0 : 0x2223e    : c_beqz a3, 16              : IntAlu : 
1078000: system.cpu: T0 : 0x2224e    : c_jr ra                    : IntAlu : 
1078500: system.cpu: T0 : 0x1ad1c    : c_lui a2, 26               : IntAlu :  D=0x000000000001a000
1079500: system.cpu: T0 : 0x1ad1e    : addi a2, a2, 1446          : IntAlu :  D=0x000000000001a5a6
1080000: system.cpu: T0 : 0x1ad22    : c_mv a1, sp                : IntAlu :  D=0x7ffffffffffffbd0
1080500: system.cpu: T0 : 0x1ad24    : c_li a0, 5                 : IntAlu :  D=0x0000000000000005
1081500: system.cpu: T0 : 0x1ad26    : jal ra, 29924              : IntAlu :  D=0x000000000001ad2a
1082000: system.cpu: T0 : 0x2220a    : c_slli a0, 32              : IntAlu :  D=0x0000000500000000
1082500: system.cpu: T0 : 0x2220c    : c_srli a0, 32              : IntAlu :  D=0x0000000000000005
1083500: system.cpu: T0 : 0x2220e    : slli a5, a0, 3             : IntAlu :  D=0x0000000000000028
1084000: system.cpu: T0 : 0x22212    : c_sub a5, a0               : IntAlu :  D=0x0000000000000023
1084500: system.cpu: T0 : 0x22214    : lui a4, 111                : IntAlu :  D=0x000000000006f000
1085000: system.cpu: T0 : 0x22218    : addi a4, a4, -1248         : IntAlu :  D=0x000000000006eb20
1085500: system.cpu: T0 : 0x2221c    : c_slli a5, 3               : IntAlu :  D=0x0000000000000118
1086000: system.cpu: T0 : 0x2221e    : c_add a5, a4               : IntAlu :  D=0x000000000006ec38
1086500: system.cpu: T0 : 0x22220    : c_lw a3, 8(a5)             : MemRead :  D=0x0000000000000002 A=0x6ec40
1087000: system.cpu: T0 : 0x22222    : c_li a6, 2                 : IntAlu :  D=0x0000000000000002
1087500: system.cpu: T0 : 0x22224    : c_ld a5, 32(a5)            : MemRead :  D=0x0000000000000000 A=0x6ec58
1088500: system.cpu: T0 : 0x22226    : bltu a6, a3, 42            : IntAlu : 
1089000: system.cpu: T0 : 0x2222a    : c_bnez a3, 38              : IntAlu : 
1089500: system.cpu: T0 : 0x22250    : c_sd a5, 0(a1)             : MemWrite :  D=0x0000000000000000 A=0x7ffffffffffffbd0
1090000: system.cpu: T0 : 0x22252    : c_j -36                    : IntAlu : 
1091000: system.cpu: T0 : 0x2222e    : slli a5, a0, 3             : IntAlu :  D=0x0000000000000028
1091500: system.cpu: T0 : 0x22232    : c_sub a5, a0               : IntAlu :  D=0x0000000000000023
1092000: system.cpu: T0 : 0x22234    : c_slli a5, 3               : IntAlu :  D=0x0000000000000118
1093000: system.cpu: T0 : 0x22236    : add a3, a4, a5             : IntAlu :  D=0x000000000006ec38
1094000: system.cpu: T0 : 0x2223a    : lbu a3, 40(a3)             : MemRead :  D=0x0000000000000000 A=0x6ec60
1094500: system.cpu: T0 : 0x2223e    : c_beqz a3, 16              : IntAlu : 
1095000: system.cpu: T0 : 0x2224e    : c_jr ra                    : IntAlu : 
1095500: system.cpu: T0 : 0x1ad2a    : c_ldsp a4, 8(sp)           : MemRead :  D=0x2e00000000000000 A=0x7ffffffffffffbd8
1096000: system.cpu: T0 : 0x1ad2c    : ld a5, -1264(s1)           : MemRead :  D=0x2e00000000000000 A=0x6eb10
1096500: system.cpu: T0 : 0x1ad30    : c_li a3, 1                 : IntAlu :  D=0x0000000000000001
1097500: system.cpu: T0 : 0x1ad32    : sw a3, -1876(gp)           : MemWrite :  D=0x0000000000000001 A=0x70954
1098500: system.cpu: T0 : 0x1ad36    : bne a4, a5, 14             : IntAlu : 
1099000: system.cpu: T0 : 0x1ad3a    : c_ldsp ra, 40(sp)          : MemRead :  D=0x000000000001db08 A=0x7ffffffffffffbf8
1099500: system.cpu: T0 : 0x1ad3c    : c_ldsp s0, 32(sp)          : MemRead :  D=0x7ffffffffffffcf0 A=0x7ffffffffffffbf0
1100000: system.cpu: T0 : 0x1ad3e    : c_ldsp s1, 24(sp)          : MemRead :  D=0x7ffffffffffffc20 A=0x7ffffffffffffbe8
1100500: system.cpu: T0 : 0x1ad40    : c_addi16sp sp, 48          : IntAlu :  D=0x7ffffffffffffc00
1101000: system.cpu: T0 : 0x1ad42    : c_jr ra                    : IntAlu : 
1101500: system.cpu: T0 : 0x1db08    : c_ldsp a0, 8(sp)           : MemRead :  D=0x0000000000000024 A=0x7ffffffffffffc08
1102000: system.cpu: T0 : 0x1db0a    : c_ldsp ra, 24(sp)          : MemRead :  D=0x000000000003d9c6 A=0x7ffffffffffffc18
1102500: system.cpu: T0 : 0x1db0c    : c_addi16sp sp, 32          : IntAlu :  D=0x7ffffffffffffc20
1103000: system.cpu: T0 : 0x1db0e    : c_j -540                   : IntAlu : 
1104000: system.cpu: T0 : 0x1d8f2    : ld t1, -1848(gp)           : MemRead :  D=0x0000000000000000 A=0x70970
1105000: system.cpu: T0 : 0x1d8f6    : bne t1, zero, 260          : IntAlu : 
1105500: system.cpu: T0 : 0x1d8fa    : c_addi sp, -32             : IntAlu :  D=0x7ffffffffffffc00
1106000: system.cpu: T0 : 0x1d8fc    : c_sdsp s0, 16(sp)          : MemWrite :  D=0x7ffffffffffffcf0 A=0x7ffffffffffffc10
1106500: system.cpu: T0 : 0x1d8fe    : c_sdsp ra, 24(sp)          : MemWrite :  D=0x000000000003d9c6 A=0x7ffffffffffffc18
1107000: system.cpu: T0 : 0x1d900    : c_sdsp s1, 8(sp)           : MemWrite :  D=0x7ffffffffffffc20 A=0x7ffffffffffffc08
1107500: system.cpu: T0 : 0x1d902    : c_sdsp s2, 0(sp)           : MemWrite :  D=0x0000000000000002 A=0x7ffffffffffffc00
1108000: system.cpu: T0 : 0x1d904    : c_mv s0, a0                : IntAlu :  D=0x0000000000000024
1109000: system.cpu: T0 : 0x1d906    : blt a0, zero, 222          : IntAlu : 
1110000: system.cpu: T0 : 0x1d90a    : addi a5, a0, 23            : IntAlu :  D=0x000000000000003b
1110500: system.cpu: T0 : 0x1d90e    : c_li a4, 31                : IntAlu :  D=0x000000000000001f
1111000: system.cpu: T0 : 0x1d910    : c_li s1, 0                 : IntAlu :  D=0x0000000000000000
1112000: system.cpu: T0 : 0x1d912    : bltu a4, a5, 94            : IntAlu : 
1112500: system.cpu: T0 : 0x1d970    : c_andi a5, 18446744073709551600 : IntAlu :  D=0x0000000000000030
1113000: system.cpu: T0 : 0x1d972    : c_addi a5, -17             : IntAlu :  D=0x000000000000001f
1113500: system.cpu: T0 : 0x1d974    : srli s1, a5, 4             : IntAlu :  D=0x0000000000000001
1114000: system.cpu: T0 : 0x1d978    : c_j -98                    : IntAlu : 
1115000: system.cpu: T0 : 0x1d916    : ld a4, 40(tp)              : MemRead :  D=0x0000000000000000 A=0x73738
1115500: system.cpu: T0 : 0x1d91a    : c_beqz a4, 96              : IntAlu : 
1116500: system.cpu: T0 : 0x1d97a    : lbu a5, 48(tp)             : MemRead :  D=0x0000000000000000 A=0x73740
1117000: system.cpu: T0 : 0x1d97e    : c_bnez a5, -86             : IntAlu : 
1117500: system.cpu: T0 : 0x1d980    : jal ra, -2478              : IntAlu :  D=0x000000000001d984
1118000: system.cpu: T0 : 0x1cfd2    : c_addi sp, -32             : IntAlu :  D=0x7ffffffffffffbe0
1118500: system.cpu: T0 : 0x1cfd4    : c_sdsp s0, 16(sp)          : MemWrite :  D=0x0000000000000024 A=0x7ffffffffffffbf0
1119500: system.cpu: T0 : 0x1cfd6    : ld s0, 56(tp)              : MemRead :  D=0x000000000006f640 A=0x73748
1120000: system.cpu: T0 : 0x1cfda    : c_sdsp ra, 24(sp)          : MemWrite :  D=0x000000000001d984 A=0x7ffffffffffffbf8
1120500: system.cpu: T0 : 0x1cfdc    : c_sdsp s1, 8(sp)           : MemWrite :  D=0x0000000000000001 A=0x7ffffffffffffbe8
1121000: system.cpu: T0 : 0x1cfde    : c_beqz s0, 78              : IntAlu : 
1121500: system.cpu: T0 : 0x1cfe0    : c_mv s1, s0                : IntAlu :  D=0x000000000006f640
1122000: system.cpu: T0 : 0x1cfe2    : c_li a4, 1                 : IntAlu :  D=0x0000000000000001
1122500: system.cpu: T0 : 0x1cfe4    : lr_w a5, (s0)             
1122500: system.cpu: T0 : 0x1cfe4. 0 : lr_w a5, (s0)              : MemRead :  D=0x0000000000000000 A=0x6f640
1123000: system.cpu: T0 : 0x1cfe8    : c_bnez a5, 8               : IntAlu : 
1124000: system.cpu: T0 : 0x1cfea    : sc_w_aq a3, a4, (s0)      
1124000: system.cpu: T0 : 0x1cfea. 0 : sc_w a3, a4, (s0)          : MemWrite :  D=0x0000000000000000 A=0x6f640
1124500: system.cpu: T0 : 0x1cfea. 1 : 0x1ce426af fence           : No_OpClass : 
1125000: system.cpu: T0 : 0x1cfee    : c_bnez a3, -10             : IntAlu : 
1125500: system.cpu: T0 : 0x1cff0    : c_addiw a5, 0              : IntAlu :  D=0x0000000000000000
1126000: system.cpu: T0 : 0x1cff2    : c_bnez a5, 162             : IntAlu : 
1126500: system.cpu: T0 : 0x1cff4    : addi a1, zero, 640         : IntAlu :  D=0x0000000000000280
1127000: system.cpu: T0 : 0x1cff8    : c_mv a0, s0                : IntAlu :  D=0x000000000006f640
1128000: system.cpu: T0 : 0x1cffa    : jal ra, -2862              : IntAlu :  D=0x000000000001cffe
1128500: system.cpu: T0 : 0x1c4cc    : c_addi16sp sp, -256        : IntAlu :  D=0x7ffffffffffffae0
1129000: system.cpu: T0 : 0x1c4ce    : c_sdsp ra, 248(sp)         : MemWrite :  D=0x000000000001cffe A=0x7ffffffffffffbd8
1129500: system.cpu: T0 : 0x1c4d0    : c_sdsp s0, 240(sp)         : MemWrite :  D=0x000000000006f640 A=0x7ffffffffffffbd0
1130000: system.cpu: T0 : 0x1c4d2    : c_sdsp s1, 232(sp)         : MemWrite :  D=0x000000000006f640 A=0x7ffffffffffffbc8
1130500: system.cpu: T0 : 0x1c4d4    : c_sdsp s2, 224(sp)         : MemWrite :  D=0x0000000000000002 A=0x7ffffffffffffbc0
1131000: system.cpu: T0 : 0x1c4d6    : c_sdsp s3, 216(sp)         : MemWrite :  D=0x0000000000000000 A=0x7ffffffffffffbb8
1131500: system.cpu: T0 : 0x1c4d8    : c_sdsp s4, 208(sp)         : MemWrite :  D=0x0000000000000000 A=0x7ffffffffffffbb0
1132000: system.cpu: T0 : 0x1c4da    : c_sdsp s5, 200(sp)         : MemWrite :  D=0x0000000000000000 A=0x7ffffffffffffba8
1132500: system.cpu: T0 : 0x1c4dc    : c_sdsp s6, 192(sp)         : MemWrite :  D=0x0000000000072000 A=0x7ffffffffffffba0
1133000: system.cpu: T0 : 0x1c4de    : c_sdsp s7, 184(sp)         : MemWrite :  D=0x0000000000000000 A=0x7ffffffffffffb98
1133500: system.cpu: T0 : 0x1c4e0    : c_sdsp s8, 176(sp)         : MemWrite :  D=0x0000000000000000 A=0x7ffffffffffffb90
1134000: system.cpu: T0 : 0x1c4e2    : c_sdsp s9, 168(sp)         : MemWrite :  D=0x0000000000000003 A=0x7ffffffffffffb88
1134500: system.cpu: T0 : 0x1c4e4    : c_sdsp s10, 160(sp)        : MemWrite :  D=0x0000000000000000 A=0x7ffffffffffffb80
1135000: system.cpu: T0 : 0x1c4e6    : c_sdsp s11, 152(sp)        : MemWrite :  D=0x0000000000000000 A=0x7ffffffffffffb78
1135500: system.cpu: T0 : 0x1c4e8    : blt a1, zero, 1198         : IntAlu : 
1136000: system.cpu: T0 : 0x1c4ec    : addi s0, a1, 23            : IntAlu :  D=0x0000000000000297
1136500: system.cpu: T0 : 0x1c4f0    : c_li a5, 31                : IntAlu :  D=0x000000000000001f
1137000: system.cpu: T0 : 0x1c4f2    : c_mv s3, a1                : IntAlu :  D=0x0000000000000280
1137500: system.cpu: T0 : 0x1c4f4    : c_mv s1, a0                : IntAlu :  D=0x000000000006f640
1138500: system.cpu: T0 : 0x1c4f6    : bltu a5, s0, 220           : IntAlu : 
1139000: system.cpu: T0 : 0x1c5d2    : c_andi s0, 18446744073709551600 : IntAlu :  D=0x0000000000000290
1139500: system.cpu: T0 : 0x1c5d4    : beq a0, zero, 988          : IntAlu : 
1140000: system.cpu: T0 : 0x1c5d8    : ld a4, -1376(gp)           : MemRead :  D=0x0000000000000080 A=0x70b48
1140500: system.cpu: T0 : 0x1c5dc    : srliw s9, s0, 4            : IntAlu :  D=0x0000000000000029
1141000: system.cpu: T0 : 0x1c5e0    : srliw a5, s0, 4            : IntAlu :  D=0x0000000000000029
1141500: system.cpu: T0 : 0x1c5e4    : bgeu a4, s0, 506           : IntAlu : 
1142000: system.cpu: T0 : 0x1c5e8    : addi a4, zero, 1023        : IntAlu :  D=0x00000000000003ff
1142500: system.cpu: T0 : 0x1c5ec    : bgeu a4, s0, 1722          : IntAlu : 
1143000: system.cpu: T0 : 0x1cca6    : c_addiw a5, -1             : IntAlu :  D=0x0000000000000028
1143500: system.cpu: T0 : 0x1cca8    : c_j -1406                  : IntAlu : 
1144500: system.cpu: T0 : 0x1c72a    : slliw a5, a5, 1            : IntAlu :  D=0x0000000000000050
1145000: system.cpu: T0 : 0x1c72e    : c_slli a5, 32              : IntAlu :  D=0x0000005000000000
1145500: system.cpu: T0 : 0x1c730    : c_srli a5, 32              : IntAlu :  D=0x0000000000000050
1146000: system.cpu: T0 : 0x1c732    : c_addi a5, 14              : IntAlu :  D=0x000000000000005e
1146500: system.cpu: T0 : 0x1c734    : c_slli a5, 3               : IntAlu :  D=0x00000000000002f0
1147000: system.cpu: T0 : 0x1c736    : c_j -550                   : IntAlu : 
1147500: system.cpu: T0 : 0x1c510    : c_add a5, s1               : IntAlu :  D=0x000000000006f930
1148500: system.cpu: T0 : 0x1c512    : ld s2, 8(a5)               : MemRead :  D=0x000000000006f920 A=0x6f938
1149500: system.cpu: T0 : 0x1c516    : addi a3, a5, -16           : IntAlu :  D=0x000000000006f920
1150500: system.cpu: T0 : 0x1c51a    : beq a3, s2, 748            : IntAlu : 
1151500: system.cpu: T0 : 0x1c806    : srli t1, s0, 9             : IntAlu :  D=0x0000000000000001
1152500: system.cpu: T0 : 0x1c80a    : addiw a5, t1, 91           : IntAlu :  D=0x000000000000005c
1153500: system.cpu: T0 : 0x1c80e    : srli s10, s0, 6            : IntAlu :  D=0x000000000000000a
1154000: system.cpu: T0 : 0x1c812    : c_sdsp a5, 96(sp)          : MemWrite :  D=0x000000000000005c A=0x7ffffffffffffb40
1154500: system.cpu: T0 : 0x1c814    : addiw a5, s10, 48          : IntAlu :  D=0x000000000000003a
1155000: system.cpu: T0 : 0x1c818    : c_sdsp a5, 88(sp)          : MemWrite :  D=0x000000000000003a A=0x7ffffffffffffb38
1156000: system.cpu: T0 : 0x1c81a    : addi a5, zero, 110         : IntAlu :  D=0x000000000000006e
1156500: system.cpu: T0 : 0x1c81e    : c_sdsp a5, 112(sp)         : MemWrite :  D=0x000000000000006e A=0x7ffffffffffffb50
1157000: system.cpu: T0 : 0x1c820    : addi a5, zero, 119         : IntAlu :  D=0x0000000000000077
1157500: system.cpu: T0 : 0x1c824    : c_sdsp a5, 104(sp)         : MemWrite :  D=0x0000000000000077 A=0x7ffffffffffffb48
1158500: system.cpu: T0 : 0x1c826    : addi a5, zero, 124         : IntAlu :  D=0x000000000000007c
1159000: system.cpu: T0 : 0x1c82a    : c_sdsp s9, 8(sp)           : MemWrite :  D=0x0000000000000029 A=0x7ffffffffffffae8
1159500: system.cpu: T0 : 0x1c82c    : c_sdsp a5, 120(sp)         : MemWrite :  D=0x000000000000007c A=0x7ffffffffffffb58
1160000: system.cpu: T0 : 0x1c82e    : c_sdsp zero, 128(sp)       : MemWrite :  D=0x0000000000000000 A=0x7ffffffffffffb60
1160500: system.cpu: T0 : 0x1c830    : c_sdsp zero, 136(sp)       : MemWrite :  D=0x0000000000000000 A=0x7ffffffffffffb68
1161500: system.cpu: T0 : 0x1c832    : ld a5, 40(tp)              : MemRead :  D=0x0000000000000000 A=0x73738
1162500: system.cpu: T0 : 0x1c836    : addi s6, s0, -17           : IntAlu :  D=0x000000000000027f
1163500: system.cpu: T0 : 0x1c83a    : srli s6, s6, 4             : IntAlu :  D=0x0000000000000027
1164000: system.cpu: T0 : 0x1c83e    : c_li s5, 0                 : IntAlu :  D=0x0000000000000000
1164500: system.cpu: T0 : 0x1c840    : c_beqz a5, 22              : IntAlu : 
1165500: system.cpu: T0 : 0x1c856    : lui a5, 111                : IntAlu :  D=0x000000000006f000
1166000: system.cpu: T0 : 0x1c85a    : c_lui s11, 1               : IntAlu :  D=0x0000000000001000
1166500: system.cpu: T0 : 0x1c85c    : lui s7, 111                : IntAlu :  D=0x000000000006f000
1167000: system.cpu: T0 : 0x1c860    : addi a5, a5, 1600          : IntAlu :  D=0x000000000006f640
1167500: system.cpu: T0 : 0x1c864    : addi s8, s1, 96            : IntAlu :  D=0x000000000006f6a0
1168000: system.cpu: T0 : 0x1c868    : c_li t5, 0                 : IntAlu :  D=0x0000000000000000
1169000: system.cpu: T0 : 0x1c86a    : addi s7, s7, 1488          : IntAlu :  D=0x000000000006f5d0
1170000: system.cpu: T0 : 0x1c86e    : add a7, s1, s11            : IntAlu :  D=0x0000000000070640
1170500: system.cpu: T0 : 0x1c872    : c_sdsp a5, 56(sp)          : MemWrite :  D=0x000000000006f640 A=0x7ffffffffffffb18
1171000: system.cpu: T0 : 0x1c874    : c_ld a5, 120(s1)           : MemRead :  D=0x000000000006f6a0 A=0x6f6b8
1172000: system.cpu: T0 : 0x1c876    : beq a5, s8, 532            : IntAlu : 
1173000: system.cpu: T0 : 0x1ca8a    : addi a5, zero, 1023        : IntAlu :  D=0x00000000000003ff
1174000: system.cpu: T0 : 0x1ca8e    : bgeu a5, s0, 38            : IntAlu : 
1174500: system.cpu: T0 : 0x1cab4    : c_ldsp a3, 8(sp)           : MemRead :  D=0x0000000000000029 A=0x7ffffffffffffae8
1175000: system.cpu: T0 : 0x1cab6    : c_li a0, 4                 : IntAlu :  D=0x0000000000000004
1175500: system.cpu: T0 : 0x1cab8    : addiw a5, a3, 1            : IntAlu :  D=0x000000000000002a
1176000: system.cpu: T0 : 0x1cabc    : srliw a4, a5, 5            : IntAlu :  D=0x0000000000000001
1176500: system.cpu: T0 : 0x1cac0    : slliw a3, a3, 1            : IntAlu :  D=0x0000000000000052
1177000: system.cpu: T0 : 0x1cac4    : addi a4, a4, 536           : IntAlu :  D=0x0000000000000219
1177500: system.cpu: T0 : 0x1cac8    : c_slli a3, 32              : IntAlu :  D=0x0000005200000000
1178000: system.cpu: T0 : 0x1caca    : c_slli a4, 2               : IntAlu :  D=0x0000000000000864
1178500: system.cpu: T0 : 0x1cacc    : c_srli a3, 32              : IntAlu :  D=0x0000000000000052
1179000: system.cpu: T0 : 0x1cace    : c_add a4, s1               : IntAlu :  D=0x000000000006fea4
1179500: system.cpu: T0 : 0x1cad0    : c_slli a3, 3               : IntAlu :  D=0x0000000000000290
1180000: system.cpu: T0 : 0x1cad2    : c_lw a2, 0(a4)             : MemRead :  D=0x0000000000000000 A=0x6fea4
1180500: system.cpu: T0 : 0x1cad4    : addi a3, a3, 96            : IntAlu :  D=0x00000000000002f0
1181000: system.cpu: T0 : 0x1cad8    : c_li a4, 1                 : IntAlu :  D=0x0000000000000001
1182000: system.cpu: T0 : 0x1cada    : srliw s2, a5, 5            : IntAlu :  D=0x0000000000000001
1182500: system.cpu: T0 : 0x1cade    : c_add a3, s1               : IntAlu :  D=0x000000000006f930
1183000: system.cpu: T0 : 0x1cae0    : sllw a5, a4, a5            : IntAlu :  D=0x0000000000000400
1183500: system.cpu: T0 : 0x1cae4    : bltu a2, a5, 144           : IntAlu : 
1184000: system.cpu: T0 : 0x1cb74    : addiw a5, s2, 1            : IntAlu :  D=0x0000000000000002
1184500: system.cpu: T0 : 0x1cb78    : addiw s2, a5, 0            : IntAlu :  D=0x0000000000000002
1185000: system.cpu: T0 : 0x1cb7c    : bne s2, a0, -26            : IntAlu : 
1185500: system.cpu: T0 : 0x1cb62    : c_slli a5, 32              : IntAlu :  D=0x0000000200000000
1186000: system.cpu: T0 : 0x1cb64    : c_srli a5, 32              : IntAlu :  D=0x0000000000000002
1187000: system.cpu: T0 : 0x1cb66    : addi a5, a5, 536           : IntAlu :  D=0x000000000000021a
1187500: system.cpu: T0 : 0x1cb6a    : c_slli a5, 2               : IntAlu :  D=0x0000000000000868
1188000: system.cpu: T0 : 0x1cb6c    : c_add a5, s1               : IntAlu :  D=0x000000000006fea8
1188500: system.cpu: T0 : 0x1cb6e    : c_lw a2, 0(a5)             : MemRead :  D=0x0000000000000000 A=0x6fea8
1189000: system.cpu: T0 : 0x1cb70    : bne a2, zero, 384          : IntAlu : 
1189500: system.cpu: T0 : 0x1cb74    : addiw a5, s2, 1            : IntAlu :  D=0x0000000000000003
1190000: system.cpu: T0 : 0x1cb78    : addiw s2, a5, 0            : IntAlu :  D=0x0000000000000003
1190500: system.cpu: T0 : 0x1cb7c    : bne s2, a0, -26            : IntAlu : 
1191000: system.cpu: T0 : 0x1cb62    : c_slli a5, 32              : IntAlu :  D=0x0000000300000000
1191500: system.cpu: T0 : 0x1cb64    : c_srli a5, 32              : IntAlu :  D=0x0000000000000003
1192500: system.cpu: T0 : 0x1cb66    : addi a5, a5, 536           : IntAlu :  D=0x000000000000021b
1193000: system.cpu: T0 : 0x1cb6a    : c_slli a5, 2               : IntAlu :  D=0x000000000000086c
1193500: system.cpu: T0 : 0x1cb6c    : c_add a5, s1               : IntAlu :  D=0x000000000006feac
1194000: system.cpu: T0 : 0x1cb6e    : c_lw a2, 0(a5)             : MemRead :  D=0x0000000000000000 A=0x6feac
1194500: system.cpu: T0 : 0x1cb70    : bne a2, zero, 384          : IntAlu : 
1195000: system.cpu: T0 : 0x1cb74    : addiw a5, s2, 1            : IntAlu :  D=0x0000000000000004
1195500: system.cpu: T0 : 0x1cb78    : addiw s2, a5, 0            : IntAlu :  D=0x0000000000000004
1196000: system.cpu: T0 : 0x1cb7c    : bne s2, a0, -26            : IntAlu : 
1196500: system.cpu: T0 : 0x1cb80    : c_ld a4, 96(s1)            : MemRead :  D=0x000000000006f6a0 A=0x6f6a0
1197500: system.cpu: T0 : 0x1cb82    : ld a3, -1912(a7)           : MemRead :  D=0x0000000000000000 A=0x6fec8
1198000: system.cpu: T0 : 0x1cb86    : c_ld a5, 8(a4)             : MemRead :  D=0x0000000000000000 A=0x6f6a8
1198500: system.cpu: T0 : 0x1cb88    : c_andi a5, 18446744073709551608 : IntAlu :  D=0x0000000000000000
1199500: system.cpu: T0 : 0x1cb8a    : bltu a3, a5, 548           : IntAlu : 
1200500: system.cpu: T0 : 0x1cb8e    : addi a3, s0, 32            : IntAlu :  D=0x00000000000002b0
1201500: system.cpu: T0 : 0x1cb92    : bgeu a5, a3, 640           : IntAlu : 
1202000: system.cpu: T0 : 0x1cb96    : c_sdsp a7, 32(sp)          : MemWrite :  D=0x0000000000070640 A=0x7ffffffffffffb00
1202500: system.cpu: T0 : 0x1cb98    : c_sdsp t1, 24(sp)          : MemWrite :  D=0x0000000000000001 A=0x7ffffffffffffaf8
1203000: system.cpu: T0 : 0x1cb9a    : c_sdsp t5, 16(sp)          : MemWrite :  D=0x0000000000000000 A=0x7ffffffffffffaf0
1203500: system.cpu: T0 : 0x1cb9c    : c_lw a5, 8(s1)             : MemRead :  D=0x0000000000000000 A=0x6f648
1204000: system.cpu: T0 : 0x1cb9e    : c_addiw a5, 0              : IntAlu :  D=0x0000000000000000
1204500: system.cpu: T0 : 0x1cba0    : c_beqz a5, 180             : IntAlu : 
1205000: system.cpu: T0 : 0x1cc54    : c_mv a1, s1                : IntAlu :  D=0x000000000006f640
1205500: system.cpu: T0 : 0x1cc56    : c_mv a0, s0                : IntAlu :  D=0x0000000000000290
1206000: system.cpu: T0 : 0x1cc58    : jal ra, -3372              : IntAlu :  D=0x000000000001cc5c
1206500: system.cpu: T0 : 0x1bf2c    : c_addi16sp sp, -160        : IntAlu :  D=0x7ffffffffffffa40
1207000: system.cpu: T0 : 0x1bf2e    : c_sdsp s1, 136(sp)         : MemWrite :  D=0x000000000006f640 A=0x7ffffffffffffac8
1207500: system.cpu: T0 : 0x1bf30    : c_sdsp s2, 128(sp)         : MemWrite :  D=0x0000000000000004 A=0x7ffffffffffffac0
1208000: system.cpu: T0 : 0x1bf32    : c_sdsp s10, 64(sp)         : MemWrite :  D=0x000000000000000a A=0x7ffffffffffffa80
1208500: system.cpu: T0 : 0x1bf34    : c_sdsp ra, 152(sp)         : MemWrite :  D=0x000000000001cc5c A=0x7ffffffffffffad8
1209000: system.cpu: T0 : 0x1bf36    : c_sdsp s0, 144(sp)         : MemWrite :  D=0x0000000000000290 A=0x7ffffffffffffad0
1209500: system.cpu: T0 : 0x1bf38    : c_sdsp s3, 120(sp)         : MemWrite :  D=0x0000000000000280 A=0x7ffffffffffffab8
1210000: system.cpu: T0 : 0x1bf3a    : c_sdsp s4, 112(sp)         : MemWrite :  D=0x0000000000000000 A=0x7ffffffffffffab0
1210500: system.cpu: T0 : 0x1bf3c    : c_sdsp s5, 104(sp)         : MemWrite :  D=0x0000000000000000 A=0x7ffffffffffffaa8
1211000: system.cpu: T0 : 0x1bf3e    : c_sdsp s6, 96(sp)          : MemWrite :  D=0x0000000000000027 A=0x7ffffffffffffaa0
1211500: system.cpu: T0 : 0x1bf40    : c_sdsp s7, 88(sp)          : MemWrite :  D=0x000000000006f5d0 A=0x7ffffffffffffa98
1212000: system.cpu: T0 : 0x1bf42    : c_sdsp s8, 80(sp)          : MemWrite :  D=0x000000000006f6a0 A=0x7ffffffffffffa90
1212500: system.cpu: T0 : 0x1bf44    : c_sdsp s9, 72(sp)          : MemWrite :  D=0x0000000000000029 A=0x7ffffffffffffa88
1213000: system.cpu: T0 : 0x1bf46    : c_sdsp s11, 56(sp)         : MemWrite :  D=0x0000000000001000 A=0x7ffffffffffffa78
1213500: system.cpu: T0 : 0x1bf48    : ld s2, -1784(gp)           : MemRead :  D=0x0000000000001000 A=0x709b0
1214000: system.cpu: T0 : 0x1bf4c    : c_mv s1, a0                : IntAlu :  D=0x0000000000000290
1215000: system.cpu: T0 : 0x1bf4e    : beq a1, zero, 534          : IntAlu : 
1216000: system.cpu: T0 : 0x1bf52    : lui s11, 111               : IntAlu :  D=0x000000000006f000
1217000: system.cpu: T0 : 0x1bf56    : addi s11, s11, 1488        : IntAlu :  D=0x000000000006f5d0
1218000: system.cpu: T0 : 0x1bf5a    : ld a5, 16(s11)             : MemRead :  D=0x0000000000020000 A=0x6f5e0
1218500: system.cpu: T0 : 0x1bf5e    : c_mv s0, a1                : IntAlu :  D=0x000000000006f640
1219000: system.cpu: T0 : 0x1bf60    : bgeu a0, a5, 276           : IntAlu : 
1219500: system.cpu: T0 : 0x1bf64    : c_sdsp zero, 8(sp)         : MemWrite :  D=0x0000000000000000 A=0x7ffffffffffffa48
1220500: system.cpu: T0 : 0x1bf66    : addi s5, s2, 7             : IntAlu :  D=0x0000000000001007
1221500: system.cpu: T0 : 0x1bf6a    : add a5, s5, s1             : IntAlu :  D=0x0000000000001297
1222500: system.cpu: T0 : 0x1bf6e    : lui s6, 111                : IntAlu :  D=0x000000000006f000
1223500: system.cpu: T0 : 0x1bf72    : sub s5, zero, s2           : IntAlu :  D=0xfffffffffffff000
1224500: system.cpu: T0 : 0x1bf76    : addi a7, s0, 96            : IntAlu :  D=0x000000000006f6a0
1225500: system.cpu: T0 : 0x1bf7a    : addi t1, s2, -1            : IntAlu :  D=0x0000000000000fff
1226500: system.cpu: T0 : 0x1bf7e    : addi s8, s1, 32            : IntAlu :  D=0x00000000000002b0
1227500: system.cpu: T0 : 0x1bf82    : addi s7, s6, 1600          : IntAlu :  D=0x000000000006f640
1228500: system.cpu: T0 : 0x1bf86    : and s5, a5, s5             : IntAlu :  D=0x0000000000001000
1229500: system.cpu: T0 : 0x1bf8a    : ld s4, 96(s0)              : MemRead :  D=0x000000000006f6a0 A=0x6f6a0
1230500: system.cpu: T0 : 0x1bf8e    : ld a5, 8(s4)               : MemRead :  D=0x0000000000000000 A=0x6f6a8
1231500: system.cpu: T0 : 0x1bf92    : andi s3, a5, 18446744073709551608 : IntAlu :  D=0x0000000000000000
1232500: system.cpu: T0 : 0x1bf96    : add s9, s4, s3             : IntAlu :  D=0x000000000006f6a0
1233500: system.cpu: T0 : 0x1bf9a    : beq s4, a7, 506            : IntAlu : 
1234000: system.cpu: T0 : 0x1c194    : beq s3, zero, -482         : IntAlu : 
1235000: system.cpu: T0 : 0x1bfb2    : bgeu s3, s8, 1112          : IntAlu : 
1236000: system.cpu: T0 : 0x1bfb6    : beq s0, s7, 484            : IntAlu : 
1237000: system.cpu: T0 : 0x1c19a    : ld s5, 8(s11)              : MemRead :  D=0x0000000000020000 A=0x6f5d8
1237500: system.cpu: T0 : 0x1c19e    : c_lw a5, 4(s0)             : MemRead :  D=0x0000000000000000 A=0x6f644
1238000: system.cpu: T0 : 0x1c1a0    : addi s10, s2, -1           : IntAlu :  D=0x0000000000000fff
1238500: system.cpu: T0 : 0x1c1a4    : addi s5, s5, 32            : IntAlu :  D=0x0000000000020020
1239000: system.cpu: T0 : 0x1c1a8    : c_add s5, s10              : IntAlu :  D=0x000000000002101f
1239500: system.cpu: T0 : 0x1c1aa    : c_andi a5, 2               : IntAlu :  D=0x0000000000000000
1240000: system.cpu: T0 : 0x1c1ac    : c_add s5, s1               : IntAlu :  D=0x00000000000212af
1241000: system.cpu: T0 : 0x1c1ae    : sub a6, zero, s2           : IntAlu :  D=0xfffffffffffff000
1241500: system.cpu: T0 : 0x1c1b2    : c_beqz a5, 158             : IntAlu : 
1242000: system.cpu: T0 : 0x1c250    : sub s5, s5, s3             : IntAlu :  D=0x00000000000212af
1242500: system.cpu: T0 : 0x1c254    : and s5, s5, a6             : IntAlu :  D=0x0000000000021000
1243000: system.cpu: T0 : 0x1c258    : blt zero, s5, -156         : IntAlu : 
1243500: system.cpu: T0 : 0x1c1bc    : ld a5, -1840(gp)           : MemRead :  D=0x000000000001eae6 A=0x70978
1244000: system.cpu: T0 : 0x1c1c0    : c_mv a0, s5                : IntAlu :  D=0x0000000000021000
1244500: system.cpu: T0 : 0x1c1c2    : c_sdsp a6, 8(sp)           : MemWrite :  D=0xfffffffffffff000 A=0x7ffffffffffffa48
1245000: system.cpu: T0 : 0x1c1c4    : c_jalr a5                  : IntAlu :  D=0x000000000001c1c6
1245500: system.cpu: T0 : 0x1eae6    : c_addi sp, -16             : IntAlu :  D=0x7ffffffffffffa30
1246000: system.cpu: T0 : 0x1eae8    : c_sdsp ra, 8(sp)           : MemWrite :  D=0x000000000001c1c6 A=0x7ffffffffffffa38
1247000: system.cpu: T0 : 0x1eaea    : jal ra, 9318               : IntAlu :  D=0x000000000001eaee
1247500: system.cpu: T0 : 0x20f50    : c_addi sp, -32             : IntAlu :  D=0x7ffffffffffffa10
1248000: system.cpu: T0 : 0x20f52    : c_sdsp s2, 0(sp)           : MemWrite :  D=0x0000000000001000 A=0x7ffffffffffffa10
1248500: system.cpu: T0 : 0x20f54    : c_sdsp s1, 8(sp)           : MemWrite :  D=0x0000000000000290 A=0x7ffffffffffffa18
1249500: system.cpu: T0 : 0x20f56    : ld s1, -1200(gp)           : MemRead :  D=0x0000000000073f80 A=0x70bf8
1250000: system.cpu: T0 : 0x20f5a    : c_sdsp s0, 16(sp)          : MemWrite :  D=0x000000000006f640 A=0x7ffffffffffffa20
1250500: system.cpu: T0 : 0x20f5c    : c_sdsp ra, 24(sp)          : MemWrite :  D=0x000000000001eaee A=0x7ffffffffffffa28
1251000: system.cpu: T0 : 0x20f5e    : c_mv s0, a0                : IntAlu :  D=0x0000000000021000
1251500: system.cpu: T0 : 0x20f60    : c_beqz s1, 46              : IntAlu : 
1252500: system.cpu: T0 : 0x20f62    : lw a5, -1728(gp)           : MemRead :  D=0x0000000000000000 A=0x709e8
1253000: system.cpu: T0 : 0x20f66    : c_bnez a5, 40              : IntAlu : 
1253500: system.cpu: T0 : 0x20f68    : c_beqz s0, 24              : IntAlu : 
1254500: system.cpu: T0 : 0x20f6a    : bge zero, s0, 52           : IntAlu : 
1255500: system.cpu: T0 : 0x20f6e    : add a5, s0, s1             : IntAlu :  D=0x0000000000094f80
1256500: system.cpu: T0 : 0x20f72    : sltu a5, a5, s1            : IntAlu :  D=0x0000000000000000
1257000: system.cpu: T0 : 0x20f76    : c_beqz a5, 50              : IntAlu : 
1257500: system.cpu: T0 : 0x20fa8    : add a0, s1, s0             : IntAlu :  D=0x0000000000094f80
1258000: system.cpu: T0 : 0x20fac    : jal ra, 98390              : IntAlu :  D=0x0000000000020fb0
1258500: system.cpu: T0 : 0x39002    : c_mv a5, a0                : IntAlu :  D=0x0000000000094f80
1259000: system.cpu: T0 : 0x39004    : addi a7, zero, 214         : IntAlu :  D=0x00000000000000d6
1259500: system.cpu: T0 : 0x39008    : ecall                      : No_OpClass : 
1260000: system.cpu: T0 : 0x3900c    : sd a0, -1200(gp)           : MemWrite :  D=0x0000000000094f80 A=0x70bf8
1260500: system.cpu: T0 : 0x39010    : bltu a0, a5, 8             : IntAlu : 
1261000: system.cpu: T0 : 0x39014    : c_li a0, 0                 : IntAlu :  D=0x0000000000000000
1261500: system.cpu: T0 : 0x39016    : c_jr ra                    : IntAlu : 
1262000: system.cpu: T0 : 0x20fb0    : blt a0, zero, -50          : IntAlu : 
1262500: system.cpu: T0 : 0x20fb4    : c_ldsp ra, 24(sp)          : MemRead :  D=0x000000000001eaee A=0x7ffffffffffffa28
1263000: system.cpu: T0 : 0x20fb6    : c_ldsp s0, 16(sp)          : MemRead :  D=0x000000000006f640 A=0x7ffffffffffffa20
1263500: system.cpu: T0 : 0x20fb8    : c_ldsp s2, 0(sp)           : MemRead :  D=0x0000000000001000 A=0x7ffffffffffffa10
1264000: system.cpu: T0 : 0x20fba    : c_mv a0, s1                : IntAlu :  D=0x0000000000073f80
1264500: system.cpu: T0 : 0x20fbc    : c_ldsp s1, 8(sp)           : MemRead :  D=0x0000000000000290 A=0x7ffffffffffffa18
1265000: system.cpu: T0 : 0x20fbe    : c_addi16sp sp, 32          : IntAlu :  D=0x7ffffffffffffa30
1265500: system.cpu: T0 : 0x20fc0    : c_jr ra                    : IntAlu : 
1266000: system.cpu: T0 : 0x1eaee    : c_li a5, -1                : IntAlu :  D=0xffffffffffffffff
1266500: system.cpu: T0 : 0x1eaf0    : beq a0, a5, 10             : IntAlu : 
1267000: system.cpu: T0 : 0x1eaf4    : c_ldsp ra, 8(sp)           : MemRead :  D=0x000000000001c1c6 A=0x7ffffffffffffa38
1267500: system.cpu: T0 : 0x1eaf6    : c_addi sp, 16              : IntAlu :  D=0x7ffffffffffffa40
1268000: system.cpu: T0 : 0x1eaf8    : c_jr ra                    : IntAlu : 
1268500: system.cpu: T0 : 0x1c1c6    : c_ldsp a6, 8(sp)           : MemRead :  D=0xfffffffffffff000 A=0x7ffffffffffffa48
1269000: system.cpu: T0 : 0x1c1c8    : c_mv s2, a0                : IntAlu :  D=0x0000000000073f80
1270000: system.cpu: T0 : 0x1c1ca    : beq a0, zero, 502          : IntAlu : 
1271000: system.cpu: T0 : 0x1c1ce    : ld a5, -1392(gp)           : MemRead :  D=0x0000000000000000 A=0x70b38
1271500: system.cpu: T0 : 0x1c1d2    : c_li a4, 0                 : IntAlu :  D=0x0000000000000000
1272000: system.cpu: T0 : 0x1c1d4    : bne a5, zero, 538          : IntAlu : 
1272500: system.cpu: T0 : 0x1c1d8    : ld a5, 72(s11)             : MemRead :  D=0x0000000000000000 A=0x6f618
1273000: system.cpu: T0 : 0x1c1dc    : beq a5, zero, 380          : IntAlu : 
1273500: system.cpu: T0 : 0x1c358    : sd s2, 72(s11)             : MemWrite :  D=0x0000000000073f80 A=0x6f618
1274000: system.cpu: T0 : 0x1c35c    : c_j -380                   : IntAlu : 
1274500: system.cpu: T0 : 0x1c1e0    : c_lui s11, 1               : IntAlu :  D=0x0000000000001000
1275000: system.cpu: T0 : 0x1c1e2    : c_add s11, s7              : IntAlu :  D=0x0000000000070640
1275500: system.cpu: T0 : 0x1c1e4    : ld a5, -1912(s11)          : MemRead :  D=0x0000000000000000 A=0x6fec8
1276000: system.cpu: T0 : 0x1c1e8    : c_add a5, s5               : IntAlu :  D=0x0000000000021000
1277000: system.cpu: T0 : 0x1c1ea    : sd a5, -1912(s11)          : MemWrite :  D=0x0000000000021000 A=0x6fec8
1278000: system.cpu: T0 : 0x1c1ee    : beq s9, s2, 342            : IntAlu : 
1279000: system.cpu: T0 : 0x1c1f2    : lw a3, 4(s7)               : MemRead :  D=0x0000000000000000 A=0x6f644
1279500: system.cpu: T0 : 0x1c1f6    : c_andi a3, 2               : IntAlu :  D=0x0000000000000000
1280000: system.cpu: T0 : 0x1c1f8    : bne a3, zero, 242          : IntAlu : 
1280500: system.cpu: T0 : 0x1c1fc    : beq s3, zero, 18           : IntAlu : 
1281500: system.cpu: T0 : 0x1c20e    : andi a5, s2, 15            : IntAlu :  D=0x0000000000000000
1282500: system.cpu: T0 : 0x1c212    : bne a5, zero, 332          : IntAlu : 
1283000: system.cpu: T0 : 0x1c216    : c_mv a4, s3                : IntAlu :  D=0x0000000000000000
1283500: system.cpu: T0 : 0x1c218    : c_mv s9, s2                : IntAlu :  D=0x0000000000073f80
1284000: system.cpu: T0 : 0x1c21a    : c_add s5, a4               : IntAlu :  D=0x0000000000021000
1284500: system.cpu: T0 : 0x1c21c    : add a0, s2, s5             : IntAlu :  D=0x0000000000094f80
1285000: system.cpu: T0 : 0x1c220    : c_add s10, a0              : IntAlu :  D=0x0000000000095f7f
1286000: system.cpu: T0 : 0x1c222    : and a6, s10, a6            : IntAlu :  D=0x0000000000095000
1286500: system.cpu: T0 : 0x1c226    : c_sub a4, a0               : IntAlu :  D=0xfffffffffff6b080
1287000: system.cpu: T0 : 0x1c228    : add s5, a6, a4             : IntAlu :  D=0x0000000000000080
1287500: system.cpu: T0 : 0x1c22c    : blt s5, zero, 626          : IntAlu : 
1288000: system.cpu: T0 : 0x1c230    : ld a5, -1840(gp)           : MemRead :  D=0x000000000001eae6 A=0x70978
1288500: system.cpu: T0 : 0x1c234    : c_mv a0, s5                : IntAlu :  D=0x0000000000000080
1289000: system.cpu: T0 : 0x1c236    : c_jalr a5                  : IntAlu :  D=0x000000000001c238
1289500: system.cpu: T0 : 0x1eae6    : c_addi sp, -16             : IntAlu :  D=0x7ffffffffffffa30
1290000: system.cpu: T0 : 0x1eae8    : c_sdsp ra, 8(sp)           : MemWrite :  D=0x000000000001c238 A=0x7ffffffffffffa38
1291000: system.cpu: T0 : 0x1eaea    : jal ra, 9318               : IntAlu :  D=0x000000000001eaee
1291500: system.cpu: T0 : 0x20f50    : c_addi sp, -32             : IntAlu :  D=0x7ffffffffffffa10
1292000: system.cpu: T0 : 0x20f52    : c_sdsp s2, 0(sp)           : MemWrite :  D=0x0000000000073f80 A=0x7ffffffffffffa10
1292500: system.cpu: T0 : 0x20f54    : c_sdsp s1, 8(sp)           : MemWrite :  D=0x0000000000000290 A=0x7ffffffffffffa18
1293500: system.cpu: T0 : 0x20f56    : ld s1, -1200(gp)           : MemRead :  D=0x0000000000094f80 A=0x70bf8
1294000: system.cpu: T0 : 0x20f5a    : c_sdsp s0, 16(sp)          : MemWrite :  D=0x000000000006f640 A=0x7ffffffffffffa20
1294500: system.cpu: T0 : 0x20f5c    : c_sdsp ra, 24(sp)          : MemWrite :  D=0x000000000001eaee A=0x7ffffffffffffa28
1295000: system.cpu: T0 : 0x20f5e    : c_mv s0, a0                : IntAlu :  D=0x0000000000000080
1295500: system.cpu: T0 : 0x20f60    : c_beqz s1, 46              : IntAlu : 
1296500: system.cpu: T0 : 0x20f62    : lw a5, -1728(gp)           : MemRead :  D=0x0000000000000000 A=0x709e8
1297000: system.cpu: T0 : 0x20f66    : c_bnez a5, 40              : IntAlu : 
1297500: system.cpu: T0 : 0x20f68    : c_beqz s0, 24              : IntAlu : 
1298500: system.cpu: T0 : 0x20f6a    : bge zero, s0, 52           : IntAlu : 
1299500: system.cpu: T0 : 0x20f6e    : add a5, s0, s1             : IntAlu :  D=0x0000000000095000
1300500: system.cpu: T0 : 0x20f72    : sltu a5, a5, s1            : IntAlu :  D=0x0000000000000000
1301000: system.cpu: T0 : 0x20f76    : c_beqz a5, 50              : IntAlu : 
1301500: system.cpu: T0 : 0x20fa8    : add a0, s1, s0             : IntAlu :  D=0x0000000000095000
1302000: system.cpu: T0 : 0x20fac    : jal ra, 98390              : IntAlu :  D=0x0000000000020fb0
1302500: system.cpu: T0 : 0x39002    : c_mv a5, a0                : IntAlu :  D=0x0000000000095000
1303000: system.cpu: T0 : 0x39004    : addi a7, zero, 214         : IntAlu :  D=0x00000000000000d6
1303500: system.cpu: T0 : 0x39008    : ecall                      : No_OpClass : 
1304000: system.cpu: T0 : 0x3900c    : sd a0, -1200(gp)           : MemWrite :  D=0x0000000000095000 A=0x70bf8
1304500: system.cpu: T0 : 0x39010    : bltu a0, a5, 8             : IntAlu : 
1305000: system.cpu: T0 : 0x39014    : c_li a0, 0                 : IntAlu :  D=0x0000000000000000
1305500: system.cpu: T0 : 0x39016    : c_jr ra                    : IntAlu : 
1306000: system.cpu: T0 : 0x20fb0    : blt a0, zero, -50          : IntAlu : 
1306500: system.cpu: T0 : 0x20fb4    : c_ldsp ra, 24(sp)          : MemRead :  D=0x000000000001eaee A=0x7ffffffffffffa28
1307000: system.cpu: T0 : 0x20fb6    : c_ldsp s0, 16(sp)          : MemRead :  D=0x000000000006f640 A=0x7ffffffffffffa20
1307500: system.cpu: T0 : 0x20fb8    : c_ldsp s2, 0(sp)           : MemRead :  D=0x0000000000073f80 A=0x7ffffffffffffa10
1308000: system.cpu: T0 : 0x20fba    : c_mv a0, s1                : IntAlu :  D=0x0000000000094f80
1308500: system.cpu: T0 : 0x20fbc    : c_ldsp s1, 8(sp)           : MemRead :  D=0x0000000000000290 A=0x7ffffffffffffa18
1309000: system.cpu: T0 : 0x20fbe    : c_addi16sp sp, 32          : IntAlu :  D=0x7ffffffffffffa30
1309500: system.cpu: T0 : 0x20fc0    : c_jr ra                    : IntAlu : 
1310000: system.cpu: T0 : 0x1eaee    : c_li a5, -1                : IntAlu :  D=0xffffffffffffffff
1310500: system.cpu: T0 : 0x1eaf0    : beq a0, a5, 10             : IntAlu : 
1311000: system.cpu: T0 : 0x1eaf4    : c_ldsp ra, 8(sp)           : MemRead :  D=0x000000000001c238 A=0x7ffffffffffffa38
1311500: system.cpu: T0 : 0x1eaf6    : c_addi sp, 16              : IntAlu :  D=0x7ffffffffffffa40
1312000: system.cpu: T0 : 0x1eaf8    : c_jr ra                    : IntAlu : 
1312500: system.cpu: T0 : 0x1c238    : c_mv a4, a0                : IntAlu :  D=0x0000000000094f80
1313500: system.cpu: T0 : 0x1c23a    : beq a0, zero, 426          : IntAlu : 
1314500: system.cpu: T0 : 0x1c23e    : ld a5, -1392(gp)           : MemRead :  D=0x0000000000000000 A=0x70b38
1315500: system.cpu: T0 : 0x1c242    : bne a5, zero, 440          : IntAlu : 
1316500: system.cpu: T0 : 0x1c246    : ld a5, -1912(s11)          : MemRead :  D=0x0000000000021000 A=0x6fec8
1317000: system.cpu: T0 : 0x1c24a    : c_mv s2, s9                : IntAlu :  D=0x0000000000073f80
1317500: system.cpu: T0 : 0x1c24c    : c_add a5, s5               : IntAlu :  D=0x0000000000021080
1318000: system.cpu: T0 : 0x1c24e    : c_j 168                    : IntAlu : 
1319000: system.cpu: T0 : 0x1c2f6    : sub a4, a4, s2             : IntAlu :  D=0x0000000000021000
1319500: system.cpu: T0 : 0x1c2fa    : c_add a4, s5               : IntAlu :  D=0x0000000000021080
1320000: system.cpu: T0 : 0x1c2fc    : sd s2, 96(s7)              : MemWrite :  D=0x0000000000073f80 A=0x6f6a0
1320500: system.cpu: T0 : 0x1c300    : ori a4, a4, 1              : IntAlu :  D=0x0000000000021081
1321000: system.cpu: T0 : 0x1c304    : sd a4, 8(s2)               : MemWrite :  D=0x0000000000021081 A=0x73f88
1321500: system.cpu: T0 : 0x1c308    : sd a5, -1912(s11)          : MemWrite :  D=0x0000000000021080 A=0x6fec8
1322000: system.cpu: T0 : 0x1c30c    : beq s3, zero, -754         : IntAlu : 
1322500: system.cpu: T0 : 0x1c01a    : c_lui a4, 1                : IntAlu :  D=0x0000000000001000
1323000: system.cpu: T0 : 0x1c01c    : c_add a4, s0               : IntAlu :  D=0x0000000000070640
1324000: system.cpu: T0 : 0x1c01e    : ld a3, -1904(a4)           : MemRead :  D=0x0000000000000000 A=0x6fed0
1325000: system.cpu: T0 : 0x1c022    : bgeu a3, a5, 8             : IntAlu : 
1326000: system.cpu: T0 : 0x1c026    : sd a5, -1904(a4)           : MemWrite :  D=0x0000000000021080 A=0x6fed0
1327000: system.cpu: T0 : 0x1c02a    : ld a5, 8(s2)               : MemRead :  D=0x0000000000021081 A=0x73f88
1327500: system.cpu: T0 : 0x1c02e    : c_andi a5, 18446744073709551608 : IntAlu :  D=0x0000000000021080
1328000: system.cpu: T0 : 0x1c030    : bltu a5, s8, 298           : IntAlu : 
1328500: system.cpu: T0 : 0x1c034    : add a4, s2, s1             : IntAlu :  D=0x0000000000074210
1329000: system.cpu: T0 : 0x1c038    : c_sd a4, 96(s0)            : MemWrite :  D=0x0000000000074210 A=0x6f6a0
1329500: system.cpu: T0 : 0x1c03a    : c_sub a5, s1               : IntAlu :  D=0x0000000000020df0
1330000: system.cpu: T0 : 0x1c03c    : beq s0, s7, 8              : IntAlu : 
1330500: system.cpu: T0 : 0x1c044    : ori s1, s1, 1              : IntAlu :  D=0x0000000000000291
1331000: system.cpu: T0 : 0x1c048    : sd s1, 8(s2)               : MemWrite :  D=0x0000000000000291 A=0x73f88
1331500: system.cpu: T0 : 0x1c04c    : ori a5, a5, 1              : IntAlu :  D=0x0000000000020df1
1332000: system.cpu: T0 : 0x1c050    : c_sd a5, 8(a4)             : MemWrite :  D=0x0000000000020df1 A=0x74218
1332500: system.cpu: T0 : 0x1c050    : c_sd a5, 8(a4)             : MemWrite :  D=0x0000000000020df1 A=0x74218
1333500: system.cpu: T0 : 0x1c052    : addi a0, s2, 16            : IntAlu :  D=0x0000000000073f90
1334000: system.cpu: T0 : 0x1c056    : c_ldsp ra, 152(sp)         : MemRead :  D=0x000000000001cc5c A=0x7ffffffffffffad8
1334500: system.cpu: T0 : 0x1c058    : c_ldsp s0, 144(sp)         : MemRead :  D=0x0000000000000290 A=0x7ffffffffffffad0
1335000: system.cpu: T0 : 0x1c05a    : c_ldsp s1, 136(sp)         : MemRead :  D=0x000000000006f640 A=0x7ffffffffffffac8
1335500: system.cpu: T0 : 0x1c05c    : c_ldsp s2, 128(sp)         : MemRead :  D=0x0000000000000004 A=0x7ffffffffffffac0
1336000: system.cpu: T0 : 0x1c05e    : c_ldsp s3, 120(sp)         : MemRead :  D=0x0000000000000280 A=0x7ffffffffffffab8
1336500: system.cpu: T0 : 0x1c060    : c_ldsp s4, 112(sp)         : MemRead :  D=0x0000000000000000 A=0x7ffffffffffffab0
1337000: system.cpu: T0 : 0x1c062    : c_ldsp s5, 104(sp)         : MemRead :  D=0x0000000000000000 A=0x7ffffffffffffaa8
1337500: system.cpu: T0 : 0x1c064    : c_ldsp s6, 96(sp)          : MemRead :  D=0x0000000000000027 A=0x7ffffffffffffaa0
1338000: system.cpu: T0 : 0x1c066    : c_ldsp s7, 88(sp)          : MemRead :  D=0x000000000006f5d0 A=0x7ffffffffffffa98
1338500: system.cpu: T0 : 0x1c068    : c_ldsp s8, 80(sp)          : MemRead :  D=0x000000000006f6a0 A=0x7ffffffffffffa90
1339000: system.cpu: T0 : 0x1c06a    : c_ldsp s9, 72(sp)          : MemRead :  D=0x0000000000000029 A=0x7ffffffffffffa88
1339500: system.cpu: T0 : 0x1c06c    : c_ldsp s10, 64(sp)         : MemRead :  D=0x000000000000000a A=0x7ffffffffffffa80
1340000: system.cpu: T0 : 0x1c06e    : c_ldsp s11, 56(sp)         : MemRead :  D=0x0000000000001000 A=0x7ffffffffffffa78
1340500: system.cpu: T0 : 0x1c070    : c_addi16sp sp, 160         : IntAlu :  D=0x7ffffffffffffae0
1341000: system.cpu: T0 : 0x1c072    : c_jr ra                    : IntAlu : 
1341500: system.cpu: T0 : 0x1cc5c    : c_mv s2, a0                : IntAlu :  D=0x0000000000073f90
1342500: system.cpu: T0 : 0x1cc5e    : bne a0, zero, -672         : IntAlu : 
1343500: system.cpu: T0 : 0x1c9be    : lw a1, -1396(gp)           : MemRead :  D=0x0000000000000000 A=0x70b34
1344500: system.cpu: T0 : 0x1c9c2    : beq a1, zero, -516         : IntAlu : 
1345000: system.cpu: T0 : 0x1c7be    : c_ldsp ra, 248(sp)         : MemRead :  D=0x000000000001cffe A=0x7ffffffffffffbd8
1345500: system.cpu: T0 : 0x1c7c0    : c_ldsp s0, 240(sp)         : MemRead :  D=0x000000000006f640 A=0x7ffffffffffffbd0
1346000: system.cpu: T0 : 0x1c7c2    : c_ldsp s1, 232(sp)         : MemRead :  D=0x000000000006f640 A=0x7ffffffffffffbc8
1346500: system.cpu: T0 : 0x1c7c4    : c_ldsp s3, 216(sp)         : MemRead :  D=0x0000000000000000 A=0x7ffffffffffffbb8
1347000: system.cpu: T0 : 0x1c7c6    : c_ldsp s4, 208(sp)         : MemRead :  D=0x0000000000000000 A=0x7ffffffffffffbb0
1347500: system.cpu: T0 : 0x1c7c8    : c_ldsp s5, 200(sp)         : MemRead :  D=0x0000000000000000 A=0x7ffffffffffffba8
1348000: system.cpu: T0 : 0x1c7ca    : c_ldsp s6, 192(sp)         : MemRead :  D=0x0000000000072000 A=0x7ffffffffffffba0
1348500: system.cpu: T0 : 0x1c7cc    : c_ldsp s7, 184(sp)         : MemRead :  D=0x0000000000000000 A=0x7ffffffffffffb98
1349000: system.cpu: T0 : 0x1c7ce    : c_ldsp s8, 176(sp)         : MemRead :  D=0x0000000000000000 A=0x7ffffffffffffb90
1349500: system.cpu: T0 : 0x1c7d0    : c_ldsp s9, 168(sp)         : MemRead :  D=0x0000000000000003 A=0x7ffffffffffffb88
1350000: system.cpu: T0 : 0x1c7d2    : c_ldsp s10, 160(sp)        : MemRead :  D=0x0000000000000000 A=0x7ffffffffffffb80
1350500: system.cpu: T0 : 0x1c7d4    : c_ldsp s11, 152(sp)        : MemRead :  D=0x0000000000000000 A=0x7ffffffffffffb78
1351000: system.cpu: T0 : 0x1c7d6    : c_mv a0, s2                : IntAlu :  D=0x0000000000073f90
1351500: system.cpu: T0 : 0x1c7d8    : c_ldsp s2, 224(sp)         : MemRead :  D=0x0000000000000002 A=0x7ffffffffffffbc0
1352000: system.cpu: T0 : 0x1c7da    : c_addi16sp sp, 256         : IntAlu :  D=0x7ffffffffffffbe0
1352500: system.cpu: T0 : 0x1c7dc    : c_jr ra                    : IntAlu : 
1353000: system.cpu: T0 : 0x1cffe    : c_mv a5, a0                : IntAlu :  D=0x0000000000073f90
1353500: system.cpu: T0 : 0x1d000    : c_beqz a0, 70              : IntAlu : 
1354000: system.cpu: T0 : 0x1d002    : c_li a4, 0                 : IntAlu :  D=0x0000000000000000
1354500: system.cpu: T0 : 0x1d004    : fence iorw, ow             : No_OpClass : 
1355000: system.cpu: T0 : 0x1d008    : amoswap_w a4, a4, (s0)    
1355000: system.cpu: T0 : 0x1d008. 0 : amoswap_w[l] a4, a4, (s0)  : MemRead :  D=0x0000000000000001 A=0x6f640
1355500: system.cpu: T0 : 0x1d00c    : c_addiw a4, 0              : IntAlu :  D=0x0000000000000001
1356000: system.cpu: T0 : 0x1d00e    : c_li a3, 1                 : IntAlu :  D=0x0000000000000001
1356500: system.cpu: T0 : 0x1d010    : blt a3, a4, 96             : IntAlu : 
1357000: system.cpu: T0 : 0x1d014    : c_ldsp s0, 16(sp)          : MemRead :  D=0x0000000000000024 A=0x7ffffffffffffbf0
1357500: system.cpu: T0 : 0x1d016    : c_ldsp ra, 24(sp)          : MemRead :  D=0x000000000001d984 A=0x7ffffffffffffbf8
1358000: system.cpu: T0 : 0x1d018    : c_ldsp s1, 8(sp)           : MemRead :  D=0x0000000000000001 A=0x7ffffffffffffbe8
1359000: system.cpu: T0 : 0x1d01a    : sd a5, 40(tp)              : MemWrite :  D=0x0000000000073f90 A=0x73738
1360000: system.cpu: T0 : 0x1d01e    : addi a2, zero, 640         : IntAlu :  D=0x0000000000000280
1360500: system.cpu: T0 : 0x1d022    : c_li a1, 0                 : IntAlu :  D=0x0000000000000000
1361000: system.cpu: T0 : 0x1d024    : c_mv a0, a5                : IntAlu :  D=0x0000000000073f90
1361500: system.cpu: T0 : 0x1d026    : c_addi16sp sp, 32          : IntAlu :  D=0x7ffffffffffffc00
1362000: system.cpu: T0 : 0x1d028    : jal zero, 10394            : IntAlu :  D=0x000000000001d02c
1362500: system.cpu: T0 : 0x1f8c2    : c_li a4, 7                 : IntAlu :  D=0x0000000000000007
1363000: system.cpu: T0 : 0x1f8c4    : c_mv a5, a0                : IntAlu :  D=0x0000000000073f90
1364000: system.cpu: T0 : 0x1f8c6    : bgeu a4, a2, 140           : IntAlu : 
1365000: system.cpu: T0 : 0x1f8ca    : andi a7, a1, 255           : IntAlu :  D=0x0000000000000000
1366000: system.cpu: T0 : 0x1f8ce    : slli a3, a7, 8             : IntAlu :  D=0x0000000000000000
1367000: system.cpu: T0 : 0x1f8d2    : or a3, a3, a7              : IntAlu :  D=0x0000000000000000
1368000: system.cpu: T0 : 0x1f8d6    : slli a4, a3, 16            : IntAlu :  D=0x0000000000000000
1368500: system.cpu: T0 : 0x1f8da    : c_or a3, a4                : IntAlu :  D=0x0000000000000000
1369000: system.cpu: T0 : 0x1f8dc    : slli a4, a3, 32            : IntAlu :  D=0x0000000000000000
1369500: system.cpu: T0 : 0x1f8e0    : andi a6, a0, 7             : IntAlu :  D=0x0000000000000000
1370000: system.cpu: T0 : 0x1f8e4    : c_or a4, a3                : IntAlu :  D=0x0000000000000000
1371000: system.cpu: T0 : 0x1f8e6    : beq a6, zero, 130          : IntAlu : 
1371500: system.cpu: T0 : 0x1f968    : c_mv a3, a2                : IntAlu :  D=0x0000000000000280
1372000: system.cpu: T0 : 0x1f96a    : c_j -108                   : IntAlu : 
1373000: system.cpu: T0 : 0x1f8fe    : srli a6, a3, 6             : IntAlu :  D=0x000000000000000a
1374000: system.cpu: T0 : 0x1f902    : beq a6, zero, 42           : IntAlu : 
1375000: system.cpu: T0 : 0x1f906    : slli a2, a6, 6             : IntAlu :  D=0x0000000000000280
1375500: system.cpu: T0 : 0x1f90a    : c_mv a7, a5                : IntAlu :  D=0x0000000000073f90
1376000: system.cpu: T0 : 0x1f90c    : c_add a2, a5               : IntAlu :  D=0x0000000000074210
1376500: system.cpu: T0 : 0x1f90e    : c_sd a4, 0(a5)             : MemWrite :  D=0x0000000000000000 A=0x73f90
1377000: system.cpu: T0 : 0x1f910    : c_sd a4, 8(a5)             : MemWrite :  D=0x0000000000000000 A=0x73f98
1377500: system.cpu: T0 : 0x1f912    : c_sd a4, 16(a5)            : MemWrite :  D=0x0000000000000000 A=0x73fa0
1378000: system.cpu: T0 : 0x1f914    : c_sd a4, 24(a5)            : MemWrite :  D=0x0000000000000000 A=0x73fa8
1378500: system.cpu: T0 : 0x1f916    : c_sd a4, 32(a5)            : MemWrite :  D=0x0000000000000000 A=0x73fb0
1379000: system.cpu: T0 : 0x1f918    : c_sd a4, 40(a5)            : MemWrite :  D=0x0000000000000000 A=0x73fb8
1379500: system.cpu: T0 : 0x1f91a    : c_sd a4, 48(a5)            : MemWrite :  D=0x0000000000000000 A=0x73fc0
1380000: system.cpu: T0 : 0x1f91c    : c_sd a4, 56(a5)            : MemWrite :  D=0x0000000000000000 A=0x73fc8
1381000: system.cpu: T0 : 0x1f91e    : addi a5, a5, 64            : IntAlu :  D=0x0000000000073fd0
1382000: system.cpu: T0 : 0x1f922    : bne a2, a5, -20            : IntAlu : 
1382500: system.cpu: T0 : 0x1f90e    : c_sd a4, 0(a5)             : MemWrite :  D=0x0000000000000000 A=0x73fd0
1383000: system.cpu: T0 : 0x1f910    : c_sd a4, 8(a5)             : MemWrite :  D=0x0000000000000000 A=0x73fd8
1383500: system.cpu: T0 : 0x1f912    : c_sd a4, 16(a5)            : MemWrite :  D=0x0000000000000000 A=0x73fe0
1384000: system.cpu: T0 : 0x1f914    : c_sd a4, 24(a5)            : MemWrite :  D=0x0000000000000000 A=0x73fe8
1384500: system.cpu: T0 : 0x1f916    : c_sd a4, 32(a5)            : MemWrite :  D=0x0000000000000000 A=0x73ff0
1385000: system.cpu: T0 : 0x1f918    : c_sd a4, 40(a5)            : MemWrite :  D=0x0000000000000000 A=0x73ff8
1385500: system.cpu: T0 : 0x1f91a    : c_sd a4, 48(a5)            : MemWrite :  D=0x0000000000000000 A=0x74000
1386000: system.cpu: T0 : 0x1f91c    : c_sd a4, 56(a5)            : MemWrite :  D=0x0000000000000000 A=0x74008
1387000: system.cpu: T0 : 0x1f91e    : addi a5, a5, 64            : IntAlu :  D=0x0000000000074010
1388000: system.cpu: T0 : 0x1f922    : bne a2, a5, -20            : IntAlu : 
1388500: system.cpu: T0 : 0x1f90e    : c_sd a4, 0(a5)             : MemWrite :  D=0x0000000000000000 A=0x74010
1389000: system.cpu: T0 : 0x1f910    : c_sd a4, 8(a5)             : MemWrite :  D=0x0000000000000000 A=0x74018
1389500: system.cpu: T0 : 0x1f912    : c_sd a4, 16(a5)            : MemWrite :  D=0x0000000000000000 A=0x74020
1390000: system.cpu: T0 : 0x1f914    : c_sd a4, 24(a5)            : MemWrite :  D=0x0000000000000000 A=0x74028
1390500: system.cpu: T0 : 0x1f916    : c_sd a4, 32(a5)            : MemWrite :  D=0x0000000000000000 A=0x74030
1391000: system.cpu: T0 : 0x1f918    : c_sd a4, 40(a5)            : MemWrite :  D=0x0000000000000000 A=0x74038
1391500: system.cpu: T0 : 0x1f91a    : c_sd a4, 48(a5)            : MemWrite :  D=0x0000000000000000 A=0x74040
1392000: system.cpu: T0 : 0x1f91c    : c_sd a4, 56(a5)            : MemWrite :  D=0x0000000000000000 A=0x74048
1393000: system.cpu: T0 : 0x1f91e    : addi a5, a5, 64            : IntAlu :  D=0x0000000000074050
1394000: system.cpu: T0 : 0x1f922    : bne a2, a5, -20            : IntAlu : 
1394500: system.cpu: T0 : 0x1f90e    : c_sd a4, 0(a5)             : MemWrite :  D=0x0000000000000000 A=0x74050
1395000: system.cpu: T0 : 0x1f910    : c_sd a4, 8(a5)             : MemWrite :  D=0x0000000000000000 A=0x74058
1395500: system.cpu: T0 : 0x1f912    : c_sd a4, 16(a5)            : MemWrite :  D=0x0000000000000000 A=0x74060
1396000: system.cpu: T0 : 0x1f914    : c_sd a4, 24(a5)            : MemWrite :  D=0x0000000000000000 A=0x74068
1396500: system.cpu: T0 : 0x1f916    : c_sd a4, 32(a5)            : MemWrite :  D=0x0000000000000000 A=0x74070
1397000: system.cpu: T0 : 0x1f918    : c_sd a4, 40(a5)            : MemWrite :  D=0x0000000000000000 A=0x74078
1397500: system.cpu: T0 : 0x1f91a    : c_sd a4, 48(a5)            : MemWrite :  D=0x0000000000000000 A=0x74080
1398000: system.cpu: T0 : 0x1f91c    : c_sd a4, 56(a5)            : MemWrite :  D=0x0000000000000000 A=0x74088
1399000: system.cpu: T0 : 0x1f91e    : addi a5, a5, 64            : IntAlu :  D=0x0000000000074090
1400000: system.cpu: T0 : 0x1f922    : bne a2, a5, -20            : IntAlu : 
1400500: system.cpu: T0 : 0x1f90e    : c_sd a4, 0(a5)             : MemWrite :  D=0x0000000000000000 A=0x74090
1401000: system.cpu: T0 : 0x1f910    : c_sd a4, 8(a5)             : MemWrite :  D=0x0000000000000000 A=0x74098
1401500: system.cpu: T0 : 0x1f912    : c_sd a4, 16(a5)            : MemWrite :  D=0x0000000000000000 A=0x740a0
1402000: system.cpu: T0 : 0x1f914    : c_sd a4, 24(a5)            : MemWrite :  D=0x0000000000000000 A=0x740a8
1402500: system.cpu: T0 : 0x1f916    : c_sd a4, 32(a5)            : MemWrite :  D=0x0000000000000000 A=0x740b0
1403000: system.cpu: T0 : 0x1f918    : c_sd a4, 40(a5)            : MemWrite :  D=0x0000000000000000 A=0x740b8
1403500: system.cpu: T0 : 0x1f91a    : c_sd a4, 48(a5)            : MemWrite :  D=0x0000000000000000 A=0x740c0
1404000: system.cpu: T0 : 0x1f91c    : c_sd a4, 56(a5)            : MemWrite :  D=0x0000000000000000 A=0x740c8
1405000: system.cpu: T0 : 0x1f91e    : addi a5, a5, 64            : IntAlu :  D=0x00000000000740d0
1406000: system.cpu: T0 : 0x1f922    : bne a2, a5, -20            : IntAlu : 
1406500: system.cpu: T0 : 0x1f90e    : c_sd a4, 0(a5)             : MemWrite :  D=0x0000000000000000 A=0x740d0
1407000: system.cpu: T0 : 0x1f910    : c_sd a4, 8(a5)             : MemWrite :  D=0x0000000000000000 A=0x740d8
1407500: system.cpu: T0 : 0x1f912    : c_sd a4, 16(a5)            : MemWrite :  D=0x0000000000000000 A=0x740e0
1408000: system.cpu: T0 : 0x1f914    : c_sd a4, 24(a5)            : MemWrite :  D=0x0000000000000000 A=0x740e8
1408500: system.cpu: T0 : 0x1f916    : c_sd a4, 32(a5)            : MemWrite :  D=0x0000000000000000 A=0x740f0
1409000: system.cpu: T0 : 0x1f918    : c_sd a4, 40(a5)            : MemWrite :  D=0x0000000000000000 A=0x740f8
1409500: system.cpu: T0 : 0x1f91a    : c_sd a4, 48(a5)            : MemWrite :  D=0x0000000000000000 A=0x74100
1410000: system.cpu: T0 : 0x1f91c    : c_sd a4, 56(a5)            : MemWrite :  D=0x0000000000000000 A=0x74108
1411000: system.cpu: T0 : 0x1f91e    : addi a5, a5, 64            : IntAlu :  D=0x0000000000074110
1412000: system.cpu: T0 : 0x1f922    : bne a2, a5, -20            : IntAlu : 
1412500: system.cpu: T0 : 0x1f90e    : c_sd a4, 0(a5)             : MemWrite :  D=0x0000000000000000 A=0x74110
1413000: system.cpu: T0 : 0x1f910    : c_sd a4, 8(a5)             : MemWrite :  D=0x0000000000000000 A=0x74118
1413500: system.cpu: T0 : 0x1f912    : c_sd a4, 16(a5)            : MemWrite :  D=0x0000000000000000 A=0x74120
1414000: system.cpu: T0 : 0x1f914    : c_sd a4, 24(a5)            : MemWrite :  D=0x0000000000000000 A=0x74128
1414500: system.cpu: T0 : 0x1f916    : c_sd a4, 32(a5)            : MemWrite :  D=0x0000000000000000 A=0x74130
1415000: system.cpu: T0 : 0x1f918    : c_sd a4, 40(a5)            : MemWrite :  D=0x0000000000000000 A=0x74138
1415500: system.cpu: T0 : 0x1f91a    : c_sd a4, 48(a5)            : MemWrite :  D=0x0000000000000000 A=0x74140
1416000: system.cpu: T0 : 0x1f91c    : c_sd a4, 56(a5)            : MemWrite :  D=0x0000000000000000 A=0x74148
1417000: system.cpu: T0 : 0x1f91e    : addi a5, a5, 64            : IntAlu :  D=0x0000000000074150
1418000: system.cpu: T0 : 0x1f922    : bne a2, a5, -20            : IntAlu : 
1418500: system.cpu: T0 : 0x1f90e    : c_sd a4, 0(a5)             : MemWrite :  D=0x0000000000000000 A=0x74150
1419000: system.cpu: T0 : 0x1f910    : c_sd a4, 8(a5)             : MemWrite :  D=0x0000000000000000 A=0x74158
1419500: system.cpu: T0 : 0x1f912    : c_sd a4, 16(a5)            : MemWrite :  D=0x0000000000000000 A=0x74160
1420000: system.cpu: T0 : 0x1f914    : c_sd a4, 24(a5)            : MemWrite :  D=0x0000000000000000 A=0x74168
1420500: system.cpu: T0 : 0x1f916    : c_sd a4, 32(a5)            : MemWrite :  D=0x0000000000000000 A=0x74170
1421000: system.cpu: T0 : 0x1f918    : c_sd a4, 40(a5)            : MemWrite :  D=0x0000000000000000 A=0x74178
1421500: system.cpu: T0 : 0x1f91a    : c_sd a4, 48(a5)            : MemWrite :  D=0x0000000000000000 A=0x74180
1422000: system.cpu: T0 : 0x1f91c    : c_sd a4, 56(a5)            : MemWrite :  D=0x0000000000000000 A=0x74188
1423000: system.cpu: T0 : 0x1f91e    : addi a5, a5, 64            : IntAlu :  D=0x0000000000074190
1424000: system.cpu: T0 : 0x1f922    : bne a2, a5, -20            : IntAlu : 
1424500: system.cpu: T0 : 0x1f90e    : c_sd a4, 0(a5)             : MemWrite :  D=0x0000000000000000 A=0x74190
1425000: system.cpu: T0 : 0x1f910    : c_sd a4, 8(a5)             : MemWrite :  D=0x0000000000000000 A=0x74198
1425500: system.cpu: T0 : 0x1f912    : c_sd a4, 16(a5)            : MemWrite :  D=0x0000000000000000 A=0x741a0
1426000: system.cpu: T0 : 0x1f914    : c_sd a4, 24(a5)            : MemWrite :  D=0x0000000000000000 A=0x741a8
1426500: system.cpu: T0 : 0x1f916    : c_sd a4, 32(a5)            : MemWrite :  D=0x0000000000000000 A=0x741b0
1427000: system.cpu: T0 : 0x1f918    : c_sd a4, 40(a5)            : MemWrite :  D=0x0000000000000000 A=0x741b8
1427500: system.cpu: T0 : 0x1f91a    : c_sd a4, 48(a5)            : MemWrite :  D=0x0000000000000000 A=0x741c0
1428000: system.cpu: T0 : 0x1f91c    : c_sd a4, 56(a5)            : MemWrite :  D=0x0000000000000000 A=0x741c8
1429000: system.cpu: T0 : 0x1f91e    : addi a5, a5, 64            : IntAlu :  D=0x00000000000741d0
1430000: system.cpu: T0 : 0x1f922    : bne a2, a5, -20            : IntAlu : 
1430500: system.cpu: T0 : 0x1f90e    : c_sd a4, 0(a5)             : MemWrite :  D=0x0000000000000000 A=0x741d0
1431000: system.cpu: T0 : 0x1f910    : c_sd a4, 8(a5)             : MemWrite :  D=0x0000000000000000 A=0x741d8
1431500: system.cpu: T0 : 0x1f912    : c_sd a4, 16(a5)            : MemWrite :  D=0x0000000000000000 A=0x741e0
1432000: system.cpu: T0 : 0x1f914    : c_sd a4, 24(a5)            : MemWrite :  D=0x0000000000000000 A=0x741e8
1432500: system.cpu: T0 : 0x1f916    : c_sd a4, 32(a5)            : MemWrite :  D=0x0000000000000000 A=0x741f0
1433000: system.cpu: T0 : 0x1f918    : c_sd a4, 40(a5)            : MemWrite :  D=0x0000000000000000 A=0x741f8
1433500: system.cpu: T0 : 0x1f91a    : c_sd a4, 48(a5)            : MemWrite :  D=0x0000000000000000 A=0x74200
1434000: system.cpu: T0 : 0x1f91c    : c_sd a4, 56(a5)            : MemWrite :  D=0x0000000000000000 A=0x74208
1435000: system.cpu: T0 : 0x1f91e    : addi a5, a5, 64            : IntAlu :  D=0x0000000000074210
1436000: system.cpu: T0 : 0x1f922    : bne a2, a5, -20            : IntAlu : 
1437000: system.cpu: T0 : 0x1f926    : slli a5, a6, 6             : IntAlu :  D=0x0000000000000280
1437500: system.cpu: T0 : 0x1f92a    : c_add a5, a7               : IntAlu :  D=0x0000000000074210
1438000: system.cpu: T0 : 0x1f92c    : srli a6, a3, 3             : IntAlu :  D=0x0000000000000050
1438500: system.cpu: T0 : 0x1f930    : andi a6, a6, 7             : IntAlu :  D=0x0000000000000000
1439000: system.cpu: T0 : 0x1f934    : beq a6, zero, 26           : IntAlu : 
1440000: system.cpu: T0 : 0x1f94e    : andi a2, a3, 7             : IntAlu :  D=0x0000000000000000
1441000: system.cpu: T0 : 0x1f952    : andi a1, a1, 255           : IntAlu :  D=0x0000000000000000
1442000: system.cpu: T0 : 0x1f956    : add a4, a5, a2             : IntAlu :  D=0x0000000000074210
1442500: system.cpu: T0 : 0x1f95a    : c_beqz a2, 12              : IntAlu : 
1443000: system.cpu: T0 : 0x1f966    : c_jr ra                    : IntAlu : 
1443500: system.cpu: T0 : 0x1d984    : lui a5, 111                : IntAlu :  D=0x000000000006f000
1444000: system.cpu: T0 : 0x1d988    : ld a5, 1568(a5)            : MemRead :  D=0x0000000000000040 A=0x6f620
1444500: system.cpu: T0 : 0x1d98c    : bgeu s1, a5, -100          : IntAlu : 
1445000: system.cpu: T0 : 0x1d990    : ld a4, 40(tp)              : MemRead :  D=0x0000000000073f90 A=0x73738
1445500: system.cpu: T0 : 0x1d994    : c_beqz a4, -108            : IntAlu : 
1446500: system.cpu: T0 : 0x1d996    : slli a3, s1, 1             : IntAlu :  D=0x0000000000000002
1447000: system.cpu: T0 : 0x1d99a    : c_add a3, a4               : IntAlu :  D=0x0000000000073f92
1447500: system.cpu: T0 : 0x1d99c    : lhu a2, 0(a3)              : MemRead :  D=0x0000000000000000 A=0x73f92
1448000: system.cpu: T0 : 0x1d9a0    : c_beqz a2, -120            : IntAlu : 
1448500: system.cpu: T0 : 0x1d928    : lw a5, -1808(tp)           : MemRead :  D=0x0000000000000000 A=0x73000
1449000: system.cpu: T0 : 0x1d92c    : c_bnez a5, 210             : IntAlu : 
1450000: system.cpu: T0 : 0x1d92e    : lui s1, 111                : IntAlu :  D=0x000000000006f000
1450500: system.cpu: T0 : 0x1d932    : c_mv a1, s0                : IntAlu :  D=0x0000000000000024
1451000: system.cpu: T0 : 0x1d934    : addi a0, s1, 1600          : IntAlu :  D=0x000000000006f640
1451500: system.cpu: T0 : 0x1d938    : jal ra, -5228              : IntAlu :  D=0x000000000001d93c
1452000: system.cpu: T0 : 0x1c4cc    : c_addi16sp sp, -256        : IntAlu :  D=0x7ffffffffffffb00
1452500: system.cpu: T0 : 0x1c4ce    : c_sdsp ra, 248(sp)         : MemWrite :  D=0x000000000001d93c A=0x7ffffffffffffbf8
1453000: system.cpu: T0 : 0x1c4d0    : c_sdsp s0, 240(sp)         : MemWrite :  D=0x0000000000000024 A=0x7ffffffffffffbf0
1453500: system.cpu: T0 : 0x1c4d2    : c_sdsp s1, 232(sp)         : MemWrite :  D=0x000000000006f000 A=0x7ffffffffffffbe8
1454000: system.cpu: T0 : 0x1c4d4    : c_sdsp s2, 224(sp)         : MemWrite :  D=0x0000000000000002 A=0x7ffffffffffffbe0
1454500: system.cpu: T0 : 0x1c4d6    : c_sdsp s3, 216(sp)         : MemWrite :  D=0x0000000000000000 A=0x7ffffffffffffbd8
1455000: system.cpu: T0 : 0x1c4d8    : c_sdsp s4, 208(sp)         : MemWrite :  D=0x0000000000000000 A=0x7ffffffffffffbd0
1455500: system.cpu: T0 : 0x1c4da    : c_sdsp s5, 200(sp)         : MemWrite :  D=0x0000000000000000 A=0x7ffffffffffffbc8
1456000: system.cpu: T0 : 0x1c4dc    : c_sdsp s6, 192(sp)         : MemWrite :  D=0x0000000000072000 A=0x7ffffffffffffbc0
1456500: system.cpu: T0 : 0x1c4de    : c_sdsp s7, 184(sp)         : MemWrite :  D=0x0000000000000000 A=0x7ffffffffffffbb8
1457000: system.cpu: T0 : 0x1c4e0    : c_sdsp s8, 176(sp)         : MemWrite :  D=0x0000000000000000 A=0x7ffffffffffffbb0
1457500: system.cpu: T0 : 0x1c4e2    : c_sdsp s9, 168(sp)         : MemWrite :  D=0x0000000000000003 A=0x7ffffffffffffba8
1458000: system.cpu: T0 : 0x1c4e4    : c_sdsp s10, 160(sp)        : MemWrite :  D=0x0000000000000000 A=0x7ffffffffffffba0
1458500: system.cpu: T0 : 0x1c4e6    : c_sdsp s11, 152(sp)        : MemWrite :  D=0x0000000000000000 A=0x7ffffffffffffb98
1459000: system.cpu: T0 : 0x1c4e8    : blt a1, zero, 1198         : IntAlu : 
1459500: system.cpu: T0 : 0x1c4ec    : addi s0, a1, 23            : IntAlu :  D=0x000000000000003b
1460000: system.cpu: T0 : 0x1c4f0    : c_li a5, 31                : IntAlu :  D=0x000000000000001f
1460500: system.cpu: T0 : 0x1c4f2    : c_mv s3, a1                : IntAlu :  D=0x0000000000000024
1461000: system.cpu: T0 : 0x1c4f4    : c_mv s1, a0                : IntAlu :  D=0x000000000006f640
1462000: system.cpu: T0 : 0x1c4f6    : bltu a5, s0, 220           : IntAlu : 
1462500: system.cpu: T0 : 0x1c5d2    : c_andi s0, 18446744073709551600 : IntAlu :  D=0x0000000000000030
1463000: system.cpu: T0 : 0x1c5d4    : beq a0, zero, 988          : IntAlu : 
1463500: system.cpu: T0 : 0x1c5d8    : ld a4, -1376(gp)           : MemRead :  D=0x0000000000000080 A=0x70b48
1464000: system.cpu: T0 : 0x1c5dc    : srliw s9, s0, 4            : IntAlu :  D=0x0000000000000003
1464500: system.cpu: T0 : 0x1c5e0    : srliw a5, s0, 4            : IntAlu :  D=0x0000000000000003
1465000: system.cpu: T0 : 0x1c5e4    : bgeu a4, s0, 506           : IntAlu : 
1465500: system.cpu: T0 : 0x1c7de    : c_addiw a5, -2             : IntAlu :  D=0x0000000000000001
1466000: system.cpu: T0 : 0x1c7e0    : slli a2, a5, 32            : IntAlu :  D=0x0000000100000000
1466500: system.cpu: T0 : 0x1c7e4    : c_srli a2, 32              : IntAlu :  D=0x0000000000000001
1467000: system.cpu: T0 : 0x1c7e6    : c_addi a2, 2               : IntAlu :  D=0x0000000000000003
1467500: system.cpu: T0 : 0x1c7e8    : c_slli a2, 3               : IntAlu :  D=0x0000000000000018
1468000: system.cpu: T0 : 0x1c7ea    : c_j -376                   : IntAlu : 
1468500: system.cpu: T0 : 0x1c672    : c_slli a5, 32              : IntAlu :  D=0x0000000100000000
1469000: system.cpu: T0 : 0x1c674    : c_srli a5, 29              : IntAlu :  D=0x0000000000000008
1469500: system.cpu: T0 : 0x1c676    : c_add a5, s1               : IntAlu :  D=0x000000000006f648
1470000: system.cpu: T0 : 0x1c678    : ld s2, 16(a5)              : MemRead :  D=0x0000000000000000 A=0x6f658
1470500: system.cpu: T0 : 0x1c67c    : beq s2, zero, 170          : IntAlu : 
1471500: system.cpu: T0 : 0x1c726    : addiw a5, s9, -1           : IntAlu :  D=0x0000000000000002
1472500: system.cpu: T0 : 0x1c72a    : slliw a5, a5, 1            : IntAlu :  D=0x0000000000000004
1473000: system.cpu: T0 : 0x1c72e    : c_slli a5, 32              : IntAlu :  D=0x0000000400000000
1473500: system.cpu: T0 : 0x1c730    : c_srli a5, 32              : IntAlu :  D=0x0000000000000004
1474000: system.cpu: T0 : 0x1c732    : c_addi a5, 14              : IntAlu :  D=0x0000000000000012
1474500: system.cpu: T0 : 0x1c734    : c_slli a5, 3               : IntAlu :  D=0x0000000000000090
1475000: system.cpu: T0 : 0x1c736    : c_j -550                   : IntAlu : 
1475500: system.cpu: T0 : 0x1c510    : c_add a5, s1               : IntAlu :  D=0x000000000006f6d0
1476500: system.cpu: T0 : 0x1c512    : ld s2, 8(a5)               : MemRead :  D=0x000000000006f6c0 A=0x6f6d8
1477500: system.cpu: T0 : 0x1c516    : addi a3, a5, -16           : IntAlu :  D=0x000000000006f6c0
1478500: system.cpu: T0 : 0x1c51a    : beq a3, s2, 748            : IntAlu : 
1479500: system.cpu: T0 : 0x1c806    : srli t1, s0, 9             : IntAlu :  D=0x0000000000000000
1480500: system.cpu: T0 : 0x1c80a    : addiw a5, t1, 91           : IntAlu :  D=0x000000000000005b
1481500: system.cpu: T0 : 0x1c80e    : srli s10, s0, 6            : IntAlu :  D=0x0000000000000000
1482000: system.cpu: T0 : 0x1c812    : c_sdsp a5, 96(sp)          : MemWrite :  D=0x000000000000005b A=0x7ffffffffffffb60
1482500: system.cpu: T0 : 0x1c814    : addiw a5, s10, 48          : IntAlu :  D=0x0000000000000030
1483000: system.cpu: T0 : 0x1c818    : c_sdsp a5, 88(sp)          : MemWrite :  D=0x0000000000000030 A=0x7ffffffffffffb58
1484000: system.cpu: T0 : 0x1c81a    : addi a5, zero, 110         : IntAlu :  D=0x000000000000006e
1484500: system.cpu: T0 : 0x1c81e    : c_sdsp a5, 112(sp)         : MemWrite :  D=0x000000000000006e A=0x7ffffffffffffb70
1485000: system.cpu: T0 : 0x1c820    : addi a5, zero, 119         : IntAlu :  D=0x0000000000000077
1485500: system.cpu: T0 : 0x1c824    : c_sdsp a5, 104(sp)         : MemWrite :  D=0x0000000000000077 A=0x7ffffffffffffb68
1486500: system.cpu: T0 : 0x1c826    : addi a5, zero, 124         : IntAlu :  D=0x000000000000007c
1487000: system.cpu: T0 : 0x1c82a    : c_sdsp s9, 8(sp)           : MemWrite :  D=0x0000000000000003 A=0x7ffffffffffffb08
1487500: system.cpu: T0 : 0x1c82c    : c_sdsp a5, 120(sp)         : MemWrite :  D=0x000000000000007c A=0x7ffffffffffffb78
1488000: system.cpu: T0 : 0x1c82e    : c_sdsp zero, 128(sp)       : MemWrite :  D=0x0000000000000000 A=0x7ffffffffffffb80
1488500: system.cpu: T0 : 0x1c830    : c_sdsp zero, 136(sp)       : MemWrite :  D=0x0000000000000000 A=0x7ffffffffffffb88
1489500: system.cpu: T0 : 0x1c832    : ld a5, 40(tp)              : MemRead :  D=0x0000000000073f90 A=0x73738
1490500: system.cpu: T0 : 0x1c836    : addi s6, s0, -17           : IntAlu :  D=0x000000000000001f
1491500: system.cpu: T0 : 0x1c83a    : srli s6, s6, 4             : IntAlu :  D=0x0000000000000001
1492000: system.cpu: T0 : 0x1c83e    : c_li s5, 0                 : IntAlu :  D=0x0000000000000000
1492500: system.cpu: T0 : 0x1c840    : c_beqz a5, 22              : IntAlu : 
1493500: system.cpu: T0 : 0x1c842    : lui a5, 111                : IntAlu :  D=0x000000000006f000
1494500: system.cpu: T0 : 0x1c846    : ld s5, 1568(a5)            : MemRead :  D=0x0000000000000040 A=0x6f620
1495500: system.cpu: T0 : 0x1c84a    : sltu s5, s6, s5            : IntAlu :  D=0x0000000000000001
1496500: system.cpu: T0 : 0x1c84e    : sub s5, zero, s5           : IntAlu :  D=0xffffffffffffffff
1497500: system.cpu: T0 : 0x1c852    : and s5, s0, s5             : IntAlu :  D=0x0000000000000030
1498500: system.cpu: T0 : 0x1c856    : lui a5, 111                : IntAlu :  D=0x000000000006f000
1499000: system.cpu: T0 : 0x1c85a    : c_lui s11, 1               : IntAlu :  D=0x0000000000001000
1499500: system.cpu: T0 : 0x1c85c    : lui s7, 111                : IntAlu :  D=0x000000000006f000
1500000: system.cpu: T0 : 0x1c860    : addi a5, a5, 1600          : IntAlu :  D=0x000000000006f640
1500500: system.cpu: T0 : 0x1c864    : addi s8, s1, 96            : IntAlu :  D=0x000000000006f6a0
1501000: system.cpu: T0 : 0x1c868    : c_li t5, 0                 : IntAlu :  D=0x0000000000000000
1502000: system.cpu: T0 : 0x1c86a    : addi s7, s7, 1488          : IntAlu :  D=0x000000000006f5d0
1503000: system.cpu: T0 : 0x1c86e    : add a7, s1, s11            : IntAlu :  D=0x0000000000070640
1503500: system.cpu: T0 : 0x1c872    : c_sdsp a5, 56(sp)          : MemWrite :  D=0x000000000006f640 A=0x7ffffffffffffb38
1504000: system.cpu: T0 : 0x1c874    : c_ld a5, 120(s1)           : MemRead :  D=0x000000000006f6a0 A=0x6f6b8
1505000: system.cpu: T0 : 0x1c876    : beq a5, s8, 532            : IntAlu : 
1506000: system.cpu: T0 : 0x1ca8a    : addi a5, zero, 1023        : IntAlu :  D=0x00000000000003ff
1507000: system.cpu: T0 : 0x1ca8e    : bgeu a5, s0, 38            : IntAlu : 
1507500: system.cpu: T0 : 0x1cab4    : c_ldsp a3, 8(sp)           : MemRead :  D=0x0000000000000003 A=0x7ffffffffffffb08
1508000: system.cpu: T0 : 0x1cab6    : c_li a0, 4                 : IntAlu :  D=0x0000000000000004
1508500: system.cpu: T0 : 0x1cab8    : addiw a5, a3, 1            : IntAlu :  D=0x0000000000000004
1509000: system.cpu: T0 : 0x1cabc    : srliw a4, a5, 5            : IntAlu :  D=0x0000000000000000
1509500: system.cpu: T0 : 0x1cac0    : slliw a3, a3, 1            : IntAlu :  D=0x0000000000000006
1510000: system.cpu: T0 : 0x1cac4    : addi a4, a4, 536           : IntAlu :  D=0x0000000000000218
1510500: system.cpu: T0 : 0x1cac8    : c_slli a3, 32              : IntAlu :  D=0x0000000600000000
1511000: system.cpu: T0 : 0x1caca    : c_slli a4, 2               : IntAlu :  D=0x0000000000000860
1511500: system.cpu: T0 : 0x1cacc    : c_srli a3, 32              : IntAlu :  D=0x0000000000000006
1512000: system.cpu: T0 : 0x1cace    : c_add a4, s1               : IntAlu :  D=0x000000000006fea0
1512500: system.cpu: T0 : 0x1cad0    : c_slli a3, 3               : IntAlu :  D=0x0000000000000030
1513000: system.cpu: T0 : 0x1cad2    : c_lw a2, 0(a4)             : MemRead :  D=0x0000000000000000 A=0x6fea0
1513500: system.cpu: T0 : 0x1cad4    : addi a3, a3, 96            : IntAlu :  D=0x0000000000000090
1514000: system.cpu: T0 : 0x1cad8    : c_li a4, 1                 : IntAlu :  D=0x0000000000000001
1515000: system.cpu: T0 : 0x1cada    : srliw s2, a5, 5            : IntAlu :  D=0x0000000000000000
1515500: system.cpu: T0 : 0x1cade    : c_add a3, s1               : IntAlu :  D=0x000000000006f6d0
1516000: system.cpu: T0 : 0x1cae0    : sllw a5, a4, a5            : IntAlu :  D=0x0000000000000010
1516500: system.cpu: T0 : 0x1cae4    : bltu a2, a5, 144           : IntAlu : 
1517000: system.cpu: T0 : 0x1cb74    : addiw a5, s2, 1            : IntAlu :  D=0x0000000000000001
1517500: system.cpu: T0 : 0x1cb78    : addiw s2, a5, 0            : IntAlu :  D=0x0000000000000001
1518000: system.cpu: T0 : 0x1cb7c    : bne s2, a0, -26            : IntAlu : 
1518500: system.cpu: T0 : 0x1cb62    : c_slli a5, 32              : IntAlu :  D=0x0000000100000000
1519000: system.cpu: T0 : 0x1cb64    : c_srli a5, 32              : IntAlu :  D=0x0000000000000001
1520000: system.cpu: T0 : 0x1cb66    : addi a5, a5, 536           : IntAlu :  D=0x0000000000000219
1520500: system.cpu: T0 : 0x1cb6a    : c_slli a5, 2               : IntAlu :  D=0x0000000000000864
1521000: system.cpu: T0 : 0x1cb6c    : c_add a5, s1               : IntAlu :  D=0x000000000006fea4
1521500: system.cpu: T0 : 0x1cb6e    : c_lw a2, 0(a5)             : MemRead :  D=0x0000000000000000 A=0x6fea4
1522000: system.cpu: T0 : 0x1cb70    : bne a2, zero, 384          : IntAlu : 
1522500: system.cpu: T0 : 0x1cb74    : addiw a5, s2, 1            : IntAlu :  D=0x0000000000000002
1523000: system.cpu: T0 : 0x1cb78    : addiw s2, a5, 0            : IntAlu :  D=0x0000000000000002
1523500: system.cpu: T0 : 0x1cb7c    : bne s2, a0, -26            : IntAlu : 
1524000: system.cpu: T0 : 0x1cb62    : c_slli a5, 32              : IntAlu :  D=0x0000000200000000
1524500: system.cpu: T0 : 0x1cb64    : c_srli a5, 32              : IntAlu :  D=0x0000000000000002
1525500: system.cpu: T0 : 0x1cb66    : addi a5, a5, 536           : IntAlu :  D=0x000000000000021a
1526000: system.cpu: T0 : 0x1cb6a    : c_slli a5, 2               : IntAlu :  D=0x0000000000000868
1526500: system.cpu: T0 : 0x1cb6c    : c_add a5, s1               : IntAlu :  D=0x000000000006fea8
1527000: system.cpu: T0 : 0x1cb6e    : c_lw a2, 0(a5)             : MemRead :  D=0x0000000000000000 A=0x6fea8
1527500: system.cpu: T0 : 0x1cb70    : bne a2, zero, 384          : IntAlu : 
1528000: system.cpu: T0 : 0x1cb74    : addiw a5, s2, 1            : IntAlu :  D=0x0000000000000003
1528500: system.cpu: T0 : 0x1cb78    : addiw s2, a5, 0            : IntAlu :  D=0x0000000000000003
1529000: system.cpu: T0 : 0x1cb7c    : bne s2, a0, -26            : IntAlu : 
1529500: system.cpu: T0 : 0x1cb62    : c_slli a5, 32              : IntAlu :  D=0x0000000300000000
1530000: system.cpu: T0 : 0x1cb64    : c_srli a5, 32              : IntAlu :  D=0x0000000000000003
1531000: system.cpu: T0 : 0x1cb66    : addi a5, a5, 536           : IntAlu :  D=0x000000000000021b
1531500: system.cpu: T0 : 0x1cb6a    : c_slli a5, 2               : IntAlu :  D=0x000000000000086c
1532000: system.cpu: T0 : 0x1cb6c    : c_add a5, s1               : IntAlu :  D=0x000000000006feac
1532500: system.cpu: T0 : 0x1cb6e    : c_lw a2, 0(a5)             : MemRead :  D=0x0000000000000000 A=0x6feac
1533000: system.cpu: T0 : 0x1cb70    : bne a2, zero, 384          : IntAlu : 
1533500: system.cpu: T0 : 0x1cb74    : addiw a5, s2, 1            : IntAlu :  D=0x0000000000000004
1534000: system.cpu: T0 : 0x1cb78    : addiw s2, a5, 0            : IntAlu :  D=0x0000000000000004
1534500: system.cpu: T0 : 0x1cb7c    : bne s2, a0, -26            : IntAlu : 
1535000: system.cpu: T0 : 0x1cb80    : c_ld a4, 96(s1)            : MemRead :  D=0x0000000000074210 A=0x6f6a0
1536000: system.cpu: T0 : 0x1cb82    : ld a3, -1912(a7)           : MemRead :  D=0x0000000000021080 A=0x6fec8
1536500: system.cpu: T0 : 0x1cb86    : c_ld a5, 8(a4)             : MemRead :  D=0x0000000000020df1 A=0x74218
1537000: system.cpu: T0 : 0x1cb88    : c_andi a5, 18446744073709551608 : IntAlu :  D=0x0000000000020df0
1538000: system.cpu: T0 : 0x1cb8a    : bltu a3, a5, 548           : IntAlu : 
1539000: system.cpu: T0 : 0x1cb8e    : addi a3, s0, 32            : IntAlu :  D=0x0000000000000050
1540000: system.cpu: T0 : 0x1cb92    : bgeu a5, a3, 640           : IntAlu : 
1541000: system.cpu: T0 : 0x1ce12    : add a0, a4, s0             : IntAlu :  D=0x0000000000074240
1542000: system.cpu: T0 : 0x1ce16    : lui a2, 111                : IntAlu :  D=0x000000000006f000
1542500: system.cpu: T0 : 0x1ce1a    : c_sd a0, 96(s1)            : MemWrite :  D=0x0000000000074240 A=0x6f6a0
1543000: system.cpu: T0 : 0x1ce1c    : addi a2, a2, 1600          : IntAlu :  D=0x000000000006f640
1543500: system.cpu: T0 : 0x1ce20    : c_sub a5, s0               : IntAlu :  D=0x0000000000020dc0
1544000: system.cpu: T0 : 0x1ce22    : c_li a3, 4                 : IntAlu :  D=0x0000000000000004
1544500: system.cpu: T0 : 0x1ce24    : beq s1, a2, 116            : IntAlu : 
1545000: system.cpu: T0 : 0x1ce98    : c_li a3, 0                 : IntAlu :  D=0x0000000000000000
1545500: system.cpu: T0 : 0x1ce9a    : c_j -114                   : IntAlu : 
1546000: system.cpu: T0 : 0x1ce28    : c_or a3, s0                : IntAlu :  D=0x0000000000000030
1547000: system.cpu: T0 : 0x1ce2a    : ori a3, a3, 1              : IntAlu :  D=0x0000000000000031
1548000: system.cpu: T0 : 0x1ce2e    : lw a1, -1396(gp)           : MemRead :  D=0x0000000000000000 A=0x70b34
1548500: system.cpu: T0 : 0x1ce32    : c_sd a3, 8(a4)             : MemWrite :  D=0x0000000000000031 A=0x74218
1549000: system.cpu: T0 : 0x1ce34    : ori a5, a5, 1              : IntAlu :  D=0x0000000000020dc1
1549500: system.cpu: T0 : 0x1ce38    : c_sd a5, 8(a0)             : MemWrite :  D=0x0000000000020dc1 A=0x74248
1550500: system.cpu: T0 : 0x1ce3a    : addi s2, a4, 16            : IntAlu :  D=0x0000000000074220
1551500: system.cpu: T0 : 0x1ce3e    : beq a1, zero, -1664        : IntAlu : 
1552000: system.cpu: T0 : 0x1c7be    : c_ldsp ra, 248(sp)         : MemRead :  D=0x000000000001d93c A=0x7ffffffffffffbf8
1552500: system.cpu: T0 : 0x1c7c0    : c_ldsp s0, 240(sp)         : MemRead :  D=0x0000000000000024 A=0x7ffffffffffffbf0
1553000: system.cpu: T0 : 0x1c7c2    : c_ldsp s1, 232(sp)         : MemRead :  D=0x000000000006f000 A=0x7ffffffffffffbe8
1553500: system.cpu: T0 : 0x1c7c4    : c_ldsp s3, 216(sp)         : MemRead :  D=0x0000000000000000 A=0x7ffffffffffffbd8
1554000: system.cpu: T0 : 0x1c7c6    : c_ldsp s4, 208(sp)         : MemRead :  D=0x0000000000000000 A=0x7ffffffffffffbd0
1554500: system.cpu: T0 : 0x1c7c8    : c_ldsp s5, 200(sp)         : MemRead :  D=0x0000000000000000 A=0x7ffffffffffffbc8
1555000: system.cpu: T0 : 0x1c7ca    : c_ldsp s6, 192(sp)         : MemRead :  D=0x0000000000072000 A=0x7ffffffffffffbc0
1555500: system.cpu: T0 : 0x1c7cc    : c_ldsp s7, 184(sp)         : MemRead :  D=0x0000000000000000 A=0x7ffffffffffffbb8
1556000: system.cpu: T0 : 0x1c7ce    : c_ldsp s8, 176(sp)         : MemRead :  D=0x0000000000000000 A=0x7ffffffffffffbb0
1556500: system.cpu: T0 : 0x1c7d0    : c_ldsp s9, 168(sp)         : MemRead :  D=0x0000000000000003 A=0x7ffffffffffffba8
1557000: system.cpu: T0 : 0x1c7d2    : c_ldsp s10, 160(sp)        : MemRead :  D=0x0000000000000000 A=0x7ffffffffffffba0
1557500: system.cpu: T0 : 0x1c7d4    : c_ldsp s11, 152(sp)        : MemRead :  D=0x0000000000000000 A=0x7ffffffffffffb98
1558000: system.cpu: T0 : 0x1c7d6    : c_mv a0, s2                : IntAlu :  D=0x0000000000074220
1558500: system.cpu: T0 : 0x1c7d8    : c_ldsp s2, 224(sp)         : MemRead :  D=0x0000000000000002 A=0x7ffffffffffffbe0
1559000: system.cpu: T0 : 0x1c7da    : c_addi16sp sp, 256         : IntAlu :  D=0x7ffffffffffffc00
1559500: system.cpu: T0 : 0x1c7dc    : c_jr ra                    : IntAlu : 
1560000: system.cpu: T0 : 0x1d93c    : c_mv a5, a0                : IntAlu :  D=0x0000000000074220
1560500: system.cpu: T0 : 0x1d93e    : c_beqz a0, 150             : IntAlu : 
1561000: system.cpu: T0 : 0x1d940    : ld a4, -8(a0)              : MemRead :  D=0x0000000000000031 A=0x74218
1561500: system.cpu: T0 : 0x1d944    : andi a3, a4, 2             : IntAlu :  D=0x0000000000000000
1562000: system.cpu: T0 : 0x1d948    : c_bnez a3, 26              : IntAlu : 
1562500: system.cpu: T0 : 0x1d94a    : c_andi a4, 4               : IntAlu :  D=0x0000000000000000
1563000: system.cpu: T0 : 0x1d94c    : c_beqz a4, 22              : IntAlu : 
1563500: system.cpu: T0 : 0x1d962    : c_ldsp ra, 24(sp)          : MemRead :  D=0x000000000003d9c6 A=0x7ffffffffffffc18
1564000: system.cpu: T0 : 0x1d964    : c_ldsp s0, 16(sp)          : MemRead :  D=0x7ffffffffffffcf0 A=0x7ffffffffffffc10
1564500: system.cpu: T0 : 0x1d966    : c_ldsp s1, 8(sp)           : MemRead :  D=0x7ffffffffffffc20 A=0x7ffffffffffffc08
1565000: system.cpu: T0 : 0x1d968    : c_ldsp s2, 0(sp)           : MemRead :  D=0x0000000000000002 A=0x7ffffffffffffc00
1565500: system.cpu: T0 : 0x1d96a    : c_mv a0, a5                : IntAlu :  D=0x0000000000074220
1566000: system.cpu: T0 : 0x1d96c    : c_addi16sp sp, 32          : IntAlu :  D=0x7ffffffffffffc20
1566500: system.cpu: T0 : 0x1d96e    : c_jr ra                    : IntAlu : 
1567000: system.cpu: T0 : 0x3d9c6    : c_mv s6, a0                : IntAlu :  D=0x0000000000074220
1567500: system.cpu: T0 : 0x3d9c8    : addi a5, s9, 1             : IntAlu :  D=0x0000000000000004
1568000: system.cpu: T0 : 0x3d9cc    : c_bnez a0, 64              : IntAlu : 
1568500: system.cpu: T0 : 0x3da0c    : c_ld a1, 0(s1)             : MemRead :  D=0x0000000000061da0 A=0x7ffffffffffffc20
1569500: system.cpu: T0 : 0x3da0e    : addi a0, a0, 32            : IntAlu :  D=0x0000000000074240
1570500: system.cpu: T0 : 0x3da12    : sd a5, 8(s6)               : MemWrite :  D=0x0000000000000004 A=0x74228
1571500: system.cpu: T0 : 0x3da16    : sd a0, 0(s6)               : MemWrite :  D=0x0000000000074240 A=0x74220
1572500: system.cpu: T0 : 0x3da1a    : sd a0, 16(s6)              : MemWrite :  D=0x0000000000074240 A=0x74230
1573500: system.cpu: T0 : 0x3da1e    : sd zero, 24(s6)            : MemWrite :  D=0x0000000000000000 A=0x74238
1574000: system.cpu: T0 : 0x3da22    : c_mv a2, s9                : IntAlu :  D=0x0000000000000003
1574500: system.cpu: T0 : 0x3da24    : jal ra, -123064            : IntAlu :  D=0x000000000003da28
1575000: system.cpu: T0 : 0x1f96c    : c_addi sp, -16             : IntAlu :  D=0x7ffffffffffffc10
1575500: system.cpu: T0 : 0x1f96e    : c_sdsp s0, 0(sp)           : MemWrite :  D=0x7ffffffffffffcf0 A=0x7ffffffffffffc10
1576000: system.cpu: T0 : 0x1f970    : c_sdsp ra, 8(sp)           : MemWrite :  D=0x000000000003da28 A=0x7ffffffffffffc18
1576500: system.cpu: T0 : 0x1f972    : c_mv s0, a2                : IntAlu :  D=0x0000000000000003
1577000: system.cpu: T0 : 0x1f974    : jal ra, 112                : IntAlu :  D=0x000000000001f978
1577500: system.cpu: T0 : 0x1f9e4    : c_addi16sp sp, -48         : IntAlu :  D=0x7ffffffffffffbe0
1578000: system.cpu: T0 : 0x1f9e6    : c_sdsp s0, 32(sp)          : MemWrite :  D=0x0000000000000003 A=0x7ffffffffffffc00
1578500: system.cpu: T0 : 0x1f9e8    : c_sdsp s2, 16(sp)          : MemWrite :  D=0x0000000000000002 A=0x7ffffffffffffbf0
1579000: system.cpu: T0 : 0x1f9ea    : c_sdsp ra, 40(sp)          : MemWrite :  D=0x000000000001f978 A=0x7ffffffffffffc08
1579500: system.cpu: T0 : 0x1f9ec    : c_sdsp s1, 24(sp)          : MemWrite :  D=0x7ffffffffffffc20 A=0x7ffffffffffffbf8
1580000: system.cpu: T0 : 0x1f9ee    : c_sdsp s3, 8(sp)           : MemWrite :  D=0x0000000000000000 A=0x7ffffffffffffbe8
1580500: system.cpu: T0 : 0x1f9f0    : c_li a5, 15                : IntAlu :  D=0x000000000000000f
1581000: system.cpu: T0 : 0x1f9f2    : c_mv s2, a0                : IntAlu :  D=0x0000000000074240
1581500: system.cpu: T0 : 0x1f9f4    : c_mv a4, a0                : IntAlu :  D=0x0000000000074240
1582000: system.cpu: T0 : 0x1f9f6    : c_mv s0, a1                : IntAlu :  D=0x0000000000061da0
1582500: system.cpu: T0 : 0x1f9f8    : bgeu a5, a2, 72            : IntAlu : 
1583000: system.cpu: T0 : 0x1fa40    : c_addi a4, -1              : IntAlu :  D=0x000000000007423f
1583500: system.cpu: T0 : 0x1fa42    : c_mv a5, s0                : IntAlu :  D=0x0000000000061da0
1584000: system.cpu: T0 : 0x1fa44    : add a1, a2, s0             : IntAlu :  D=0x0000000000061da3
1584500: system.cpu: T0 : 0x1fa48    : c_sub a4, s0               : IntAlu :  D=0x000000000001249f
1585000: system.cpu: T0 : 0x1fa4a    : c_beqz a2, 20              : IntAlu : 
1585500: system.cpu: T0 : 0x1fa4c    : lbu a2, 0(a5)              : MemRead :  D=0x0000000000000074 A=0x61da0
1586000: system.cpu: T0 : 0x1fa50    : c_addi a5, 1               : IntAlu :  D=0x0000000000061da1
1587000: system.cpu: T0 : 0x1fa52    : add a3, a4, a5             : IntAlu :  D=0x0000000000074240
1588000: system.cpu: T0 : 0x1fa56    : sb a2, 0(a3)               : MemWrite :  D=0x0000000000000074 A=0x74240
1589000: system.cpu: T0 : 0x1fa5a    : bne a1, a5, -14            : IntAlu : 
1589500: system.cpu: T0 : 0x1fa4c    : lbu a2, 0(a5)              : MemRead :  D=0x000000000000006c A=0x61da1
1590000: system.cpu: T0 : 0x1fa50    : c_addi a5, 1               : IntAlu :  D=0x0000000000061da2
1591000: system.cpu: T0 : 0x1fa52    : add a3, a4, a5             : IntAlu :  D=0x0000000000074241
1592000: system.cpu: T0 : 0x1fa56    : sb a2, 0(a3)               : MemWrite :  D=0x000000000000006c A=0x74241
1593000: system.cpu: T0 : 0x1fa5a    : bne a1, a5, -14            : IntAlu : 
1593500: system.cpu: T0 : 0x1fa4c    : lbu a2, 0(a5)              : MemRead :  D=0x0000000000000073 A=0x61da2
1594000: system.cpu: T0 : 0x1fa50    : c_addi a5, 1               : IntAlu :  D=0x0000000000061da3
1595000: system.cpu: T0 : 0x1fa52    : add a3, a4, a5             : IntAlu :  D=0x0000000000074242
1596000: system.cpu: T0 : 0x1fa56    : sb a2, 0(a3)               : MemWrite :  D=0x0000000000000073 A=0x74242
1597000: system.cpu: T0 : 0x1fa5a    : bne a1, a5, -14            : IntAlu : 
1597500: system.cpu: T0 : 0x1fa5e    : c_ldsp ra, 40(sp)          : MemRead :  D=0x000000000001f978 A=0x7ffffffffffffc08
1598000: system.cpu: T0 : 0x1fa60    : c_ldsp s0, 32(sp)          : MemRead :  D=0x0000000000000003 A=0x7ffffffffffffc00
1598500: system.cpu: T0 : 0x1fa62    : c_ldsp s1, 24(sp)          : MemRead :  D=0x7ffffffffffffc20 A=0x7ffffffffffffbf8
1599000: system.cpu: T0 : 0x1fa64    : c_ldsp s3, 8(sp)           : MemRead :  D=0x0000000000000000 A=0x7ffffffffffffbe8
1599500: system.cpu: T0 : 0x1fa66    : c_mv a0, s2                : IntAlu :  D=0x0000000000074240
1600000: system.cpu: T0 : 0x1fa68    : c_ldsp s2, 16(sp)          : MemRead :  D=0x0000000000000002 A=0x7ffffffffffffbf0
1600500: system.cpu: T0 : 0x1fa6a    : c_addi16sp sp, 48          : IntAlu :  D=0x7ffffffffffffc10
1601000: system.cpu: T0 : 0x1fa6c    : c_jr ra                    : IntAlu : 
1601500: system.cpu: T0 : 0x1f978    : c_ldsp ra, 8(sp)           : MemRead :  D=0x000000000003da28 A=0x7ffffffffffffc18
1602000: system.cpu: T0 : 0x1f97a    : c_add a0, s0               : IntAlu :  D=0x0000000000074243
1602500: system.cpu: T0 : 0x1f97c    : c_ldsp s0, 0(sp)           : MemRead :  D=0x7ffffffffffffcf0 A=0x7ffffffffffffc10
1603000: system.cpu: T0 : 0x1f97e    : c_addi sp, 16              : IntAlu :  D=0x7ffffffffffffc20
1603500: system.cpu: T0 : 0x1f980    : c_jr ra                    : IntAlu : 
1604000: system.cpu: T0 : 0x3da28    : ld a4, -136(s0)            : MemRead :  D=0x000000000006efd0 A=0x7ffffffffffffc68
1604500: system.cpu: T0 : 0x3da2c    : addi a5, zero, 47          : IntAlu :  D=0x000000000000002f
1605000: system.cpu: T0 : 0x3da30    : sb a5, 0(a0)               : MemWrite :  D=0x000000000000002f A=0x74243
1605500: system.cpu: T0 : 0x3da34    : sd s2, 0(a4)               : MemWrite :  D=0x0000000000000002 A=0x6efd0
1606000: system.cpu: T0 : 0x3da38    : ld a5, 8(s6)               : MemRead :  D=0x0000000000000004 A=0x74228
1606500: system.cpu: T0 : 0x3da3c    : ld a4, -160(s0)            : MemRead :  D=0x000000000006efc8 A=0x7ffffffffffffc50
1607000: system.cpu: T0 : 0x3da40    : c_sd a5, 0(a4)             : MemWrite :  D=0x0000000000000004 A=0x6efc8
1607500: system.cpu: T0 : 0x3da42    : c_j -178                   : IntAlu : 
1608000: system.cpu: T0 : 0x3d990    : addi sp, s0, -192          : IntAlu :  D=0x7ffffffffffffc30
1608500: system.cpu: T0 : 0x3d994    : c_ldsp ra, 184(sp)         : MemRead :  D=0x000000000003af00 A=0x7ffffffffffffce8
1609000: system.cpu: T0 : 0x3d996    : c_mv a0, s6                : IntAlu :  D=0x0000000000074220
1609500: system.cpu: T0 : 0x3d998    : c_ldsp s0, 176(sp)         : MemRead :  D=0x7ffffffffffffd30 A=0x7ffffffffffffce0
1610000: system.cpu: T0 : 0x3d99a    : c_ldsp s1, 168(sp)         : MemRead :  D=0x000000000006fed8 A=0x7ffffffffffffcd8
1610500: system.cpu: T0 : 0x3d99c    : c_ldsp s2, 160(sp)         : MemRead :  D=0x0000000000000000 A=0x7ffffffffffffcd0
1611000: system.cpu: T0 : 0x3d99e    : c_ldsp s3, 152(sp)         : MemRead :  D=0x000000000006efc0 A=0x7ffffffffffffcc8
1611500: system.cpu: T0 : 0x3d9a0    : c_ldsp s4, 144(sp)         : MemRead :  D=0x0000000000070000 A=0x7ffffffffffffcc0
1612000: system.cpu: T0 : 0x3d9a2    : c_ldsp s5, 136(sp)         : MemRead :  D=0x0000000000072000 A=0x7ffffffffffffcb8
1612500: system.cpu: T0 : 0x3d9a4    : c_ldsp s6, 128(sp)         : MemRead :  D=0x0000000000072000 A=0x7ffffffffffffcb0
1613000: system.cpu: T0 : 0x3d9a6    : c_ldsp s7, 120(sp)         : MemRead :  D=0x0000000000000000 A=0x7ffffffffffffca8
1613500: system.cpu: T0 : 0x3d9a8    : c_ldsp s8, 112(sp)         : MemRead :  D=0x0000000000000000 A=0x7ffffffffffffca0
1614000: system.cpu: T0 : 0x3d9aa    : c_ldsp s9, 104(sp)         : MemRead :  D=0x0000000000000000 A=0x7ffffffffffffc98
1614500: system.cpu: T0 : 0x3d9ac    : c_ldsp s10, 96(sp)         : MemRead :  D=0x0000000000000000 A=0x7ffffffffffffc90
1615000: system.cpu: T0 : 0x3d9ae    : c_ldsp s11, 88(sp)         : MemRead :  D=0x0000000000000000 A=0x7ffffffffffffc88
1615500: system.cpu: T0 : 0x3d9b0    : c_addi16sp sp, 192         : IntAlu :  D=0x7ffffffffffffcf0
1616000: system.cpu: T0 : 0x3d9b2    : c_jr ra                    : IntAlu : 
1616500: system.cpu: T0 : 0x3af00    : c_mv a5, a0                : IntAlu :  D=0x0000000000074220
1617500: system.cpu: T0 : 0x3af02    : addi a0, zero, 40          : IntAlu :  D=0x0000000000000028
1618500: system.cpu: T0 : 0x3af06    : sd a5, 24(s3)              : MemWrite :  D=0x0000000000074220 A=0x6efd8
1619500: system.cpu: T0 : 0x3af0a    : jal ra, -120344            : IntAlu :  D=0x000000000003af0e
1620500: system.cpu: T0 : 0x1d8f2    : ld t1, -1848(gp)           : MemRead :  D=0x0000000000000000 A=0x70970
1621500: system.cpu: T0 : 0x1d8f6    : bne t1, zero, 260          : IntAlu : 
1622000: system.cpu: T0 : 0x1d8fa    : c_addi sp, -32             : IntAlu :  D=0x7ffffffffffffcd0
1622500: system.cpu: T0 : 0x1d8fc    : c_sdsp s0, 16(sp)          : MemWrite :  D=0x7ffffffffffffd30 A=0x7ffffffffffffce0
1623000: system.cpu: T0 : 0x1d8fe    : c_sdsp ra, 24(sp)          : MemWrite :  D=0x000000000003af0e A=0x7ffffffffffffce8
1623500: system.cpu: T0 : 0x1d900    : c_sdsp s1, 8(sp)           : MemWrite :  D=0x000000000006fed8 A=0x7ffffffffffffcd8
1624000: system.cpu: T0 : 0x1d902    : c_sdsp s2, 0(sp)           : MemWrite :  D=0x0000000000000000 A=0x7ffffffffffffcd0
1624500: system.cpu: T0 : 0x1d904    : c_mv s0, a0                : IntAlu :  D=0x0000000000000028
1625500: system.cpu: T0 : 0x1d906    : blt a0, zero, 222          : IntAlu : 
1626500: system.cpu: T0 : 0x1d90a    : addi a5, a0, 23            : IntAlu :  D=0x000000000000003f
1627000: system.cpu: T0 : 0x1d90e    : c_li a4, 31                : IntAlu :  D=0x000000000000001f
1627500: system.cpu: T0 : 0x1d910    : c_li s1, 0                 : IntAlu :  D=0x0000000000000000
1628500: system.cpu: T0 : 0x1d912    : bltu a4, a5, 94            : IntAlu : 
1629000: system.cpu: T0 : 0x1d970    : c_andi a5, 18446744073709551600 : IntAlu :  D=0x0000000000000030
1629500: system.cpu: T0 : 0x1d972    : c_addi a5, -17             : IntAlu :  D=0x000000000000001f
1630000: system.cpu: T0 : 0x1d974    : srli s1, a5, 4             : IntAlu :  D=0x0000000000000001
1630500: system.cpu: T0 : 0x1d978    : c_j -98                    : IntAlu : 
1631500: system.cpu: T0 : 0x1d916    : ld a4, 40(tp)              : MemRead :  D=0x0000000000073f90 A=0x73738
1632000: system.cpu: T0 : 0x1d91a    : c_beqz a4, 96              : IntAlu : 
1632500: system.cpu: T0 : 0x1d91c    : lui a5, 111                : IntAlu :  D=0x000000000006f000
1633000: system.cpu: T0 : 0x1d920    : ld a5, 1568(a5)            : MemRead :  D=0x0000000000000040 A=0x6f620
1633500: system.cpu: T0 : 0x1d924    : bltu s1, a5, 114           : IntAlu : 
1634500: system.cpu: T0 : 0x1d996    : slli a3, s1, 1             : IntAlu :  D=0x0000000000000002
1635000: system.cpu: T0 : 0x1d99a    : c_add a3, a4               : IntAlu :  D=0x0000000000073f92
1635500: system.cpu: T0 : 0x1d99c    : lhu a2, 0(a3)              : MemRead :  D=0x0000000000000000 A=0x73f92
1636000: system.cpu: T0 : 0x1d9a0    : c_beqz a2, -120            : IntAlu : 
1636500: system.cpu: T0 : 0x1d928    : lw a5, -1808(tp)           : MemRead :  D=0x0000000000000000 A=0x73000
1637000: system.cpu: T0 : 0x1d92c    : c_bnez a5, 210             : IntAlu : 
1638000: system.cpu: T0 : 0x1d92e    : lui s1, 111                : IntAlu :  D=0x000000000006f000
1638500: system.cpu: T0 : 0x1d932    : c_mv a1, s0                : IntAlu :  D=0x0000000000000028
1639000: system.cpu: T0 : 0x1d934    : addi a0, s1, 1600          : IntAlu :  D=0x000000000006f640
1639500: system.cpu: T0 : 0x1d938    : jal ra, -5228              : IntAlu :  D=0x000000000001d93c
1640000: system.cpu: T0 : 0x1c4cc    : c_addi16sp sp, -256        : IntAlu :  D=0x7ffffffffffffbd0
1640500: system.cpu: T0 : 0x1c4ce    : c_sdsp ra, 248(sp)         : MemWrite :  D=0x000000000001d93c A=0x7ffffffffffffcc8
1641000: system.cpu: T0 : 0x1c4d0    : c_sdsp s0, 240(sp)         : MemWrite :  D=0x0000000000000028 A=0x7ffffffffffffcc0
1641500: system.cpu: T0 : 0x1c4d2    : c_sdsp s1, 232(sp)         : MemWrite :  D=0x000000000006f000 A=0x7ffffffffffffcb8
1642000: system.cpu: T0 : 0x1c4d4    : c_sdsp s2, 224(sp)         : MemWrite :  D=0x0000000000000000 A=0x7ffffffffffffcb0
1642500: system.cpu: T0 : 0x1c4d6    : c_sdsp s3, 216(sp)         : MemWrite :  D=0x000000000006efc0 A=0x7ffffffffffffca8
1643000: system.cpu: T0 : 0x1c4d8    : c_sdsp s4, 208(sp)         : MemWrite :  D=0x0000000000070000 A=0x7ffffffffffffca0
1643500: system.cpu: T0 : 0x1c4da    : c_sdsp s5, 200(sp)         : MemWrite :  D=0x0000000000072000 A=0x7ffffffffffffc98
1644000: system.cpu: T0 : 0x1c4dc    : c_sdsp s6, 192(sp)         : MemWrite :  D=0x0000000000072000 A=0x7ffffffffffffc90
1644500: system.cpu: T0 : 0x1c4de    : c_sdsp s7, 184(sp)         : MemWrite :  D=0x0000000000000000 A=0x7ffffffffffffc88
1645000: system.cpu: T0 : 0x1c4e0    : c_sdsp s8, 176(sp)         : MemWrite :  D=0x0000000000000000 A=0x7ffffffffffffc80
1645500: system.cpu: T0 : 0x1c4e2    : c_sdsp s9, 168(sp)         : MemWrite :  D=0x0000000000000000 A=0x7ffffffffffffc78
1646000: system.cpu: T0 : 0x1c4e4    : c_sdsp s10, 160(sp)        : MemWrite :  D=0x0000000000000000 A=0x7ffffffffffffc70
1646500: system.cpu: T0 : 0x1c4e6    : c_sdsp s11, 152(sp)        : MemWrite :  D=0x0000000000000000 A=0x7ffffffffffffc68
1647000: system.cpu: T0 : 0x1c4e8    : blt a1, zero, 1198         : IntAlu : 
1647500: system.cpu: T0 : 0x1c4ec    : addi s0, a1, 23            : IntAlu :  D=0x000000000000003f
1648000: system.cpu: T0 : 0x1c4f0    : c_li a5, 31                : IntAlu :  D=0x000000000000001f
1648500: system.cpu: T0 : 0x1c4f2    : c_mv s3, a1                : IntAlu :  D=0x0000000000000028
1649000: system.cpu: T0 : 0x1c4f4    : c_mv s1, a0                : IntAlu :  D=0x000000000006f640
1650000: system.cpu: T0 : 0x1c4f6    : bltu a5, s0, 220           : IntAlu : 
1650500: system.cpu: T0 : 0x1c5d2    : c_andi s0, 18446744073709551600 : IntAlu :  D=0x0000000000000030
1651000: system.cpu: T0 : 0x1c5d4    : beq a0, zero, 988          : IntAlu : 
1651500: system.cpu: T0 : 0x1c5d8    : ld a4, -1376(gp)           : MemRead :  D=0x0000000000000080 A=0x70b48
1652000: system.cpu: T0 : 0x1c5dc    : srliw s9, s0, 4            : IntAlu :  D=0x0000000000000003
1652500: system.cpu: T0 : 0x1c5e0    : srliw a5, s0, 4            : IntAlu :  D=0x0000000000000003
1653000: system.cpu: T0 : 0x1c5e4    : bgeu a4, s0, 506           : IntAlu : 
1653500: system.cpu: T0 : 0x1c7de    : c_addiw a5, -2             : IntAlu :  D=0x0000000000000001
1654000: system.cpu: T0 : 0x1c7e0    : slli a2, a5, 32            : IntAlu :  D=0x0000000100000000
1654500: system.cpu: T0 : 0x1c7e4    : c_srli a2, 32              : IntAlu :  D=0x0000000000000001
1655000: system.cpu: T0 : 0x1c7e6    : c_addi a2, 2               : IntAlu :  D=0x0000000000000003
1655500: system.cpu: T0 : 0x1c7e8    : c_slli a2, 3               : IntAlu :  D=0x0000000000000018
1656000: system.cpu: T0 : 0x1c7ea    : c_j -376                   : IntAlu : 
1656500: system.cpu: T0 : 0x1c672    : c_slli a5, 32              : IntAlu :  D=0x0000000100000000
1657000: system.cpu: T0 : 0x1c674    : c_srli a5, 29              : IntAlu :  D=0x0000000000000008
1657500: system.cpu: T0 : 0x1c676    : c_add a5, s1               : IntAlu :  D=0x000000000006f648
1658000: system.cpu: T0 : 0x1c678    : ld s2, 16(a5)              : MemRead :  D=0x0000000000000000 A=0x6f658
1658500: system.cpu: T0 : 0x1c67c    : beq s2, zero, 170          : IntAlu : 
1659500: system.cpu: T0 : 0x1c726    : addiw a5, s9, -1           : IntAlu :  D=0x0000000000000002
1660500: system.cpu: T0 : 0x1c72a    : slliw a5, a5, 1            : IntAlu :  D=0x0000000000000004
1661000: system.cpu: T0 : 0x1c72e    : c_slli a5, 32              : IntAlu :  D=0x0000000400000000
1661500: system.cpu: T0 : 0x1c730    : c_srli a5, 32              : IntAlu :  D=0x0000000000000004
1662000: system.cpu: T0 : 0x1c732    : c_addi a5, 14              : IntAlu :  D=0x0000000000000012
1662500: system.cpu: T0 : 0x1c734    : c_slli a5, 3               : IntAlu :  D=0x0000000000000090
1663000: system.cpu: T0 : 0x1c736    : c_j -550                   : IntAlu : 
1663500: system.cpu: T0 : 0x1c510    : c_add a5, s1               : IntAlu :  D=0x000000000006f6d0
1664500: system.cpu: T0 : 0x1c512    : ld s2, 8(a5)               : MemRead :  D=0x000000000006f6c0 A=0x6f6d8
1665500: system.cpu: T0 : 0x1c516    : addi a3, a5, -16           : IntAlu :  D=0x000000000006f6c0
1666500: system.cpu: T0 : 0x1c51a    : beq a3, s2, 748            : IntAlu : 
1667500: system.cpu: T0 : 0x1c806    : srli t1, s0, 9             : IntAlu :  D=0x0000000000000000
1668500: system.cpu: T0 : 0x1c80a    : addiw a5, t1, 91           : IntAlu :  D=0x000000000000005b
1669500: system.cpu: T0 : 0x1c80e    : srli s10, s0, 6            : IntAlu :  D=0x0000000000000000
1670000: system.cpu: T0 : 0x1c812    : c_sdsp a5, 96(sp)          : MemWrite :  D=0x000000000000005b A=0x7ffffffffffffc30
1670500: system.cpu: T0 : 0x1c814    : addiw a5, s10, 48          : IntAlu :  D=0x0000000000000030
1671000: system.cpu: T0 : 0x1c818    : c_sdsp a5, 88(sp)          : MemWrite :  D=0x0000000000000030 A=0x7ffffffffffffc28
1672000: system.cpu: T0 : 0x1c81a    : addi a5, zero, 110         : IntAlu :  D=0x000000000000006e
1672500: system.cpu: T0 : 0x1c81e    : c_sdsp a5, 112(sp)         : MemWrite :  D=0x000000000000006e A=0x7ffffffffffffc40
1673000: system.cpu: T0 : 0x1c820    : addi a5, zero, 119         : IntAlu :  D=0x0000000000000077
1673500: system.cpu: T0 : 0x1c824    : c_sdsp a5, 104(sp)         : MemWrite :  D=0x0000000000000077 A=0x7ffffffffffffc38
1674500: system.cpu: T0 : 0x1c826    : addi a5, zero, 124         : IntAlu :  D=0x000000000000007c
1675000: system.cpu: T0 : 0x1c82a    : c_sdsp s9, 8(sp)           : MemWrite :  D=0x0000000000000003 A=0x7ffffffffffffbd8
1675500: system.cpu: T0 : 0x1c82c    : c_sdsp a5, 120(sp)         : MemWrite :  D=0x000000000000007c A=0x7ffffffffffffc48
1676000: system.cpu: T0 : 0x1c82e    : c_sdsp zero, 128(sp)       : MemWrite :  D=0x0000000000000000 A=0x7ffffffffffffc50
1676500: system.cpu: T0 : 0x1c830    : c_sdsp zero, 136(sp)       : MemWrite :  D=0x0000000000000000 A=0x7ffffffffffffc58
1677500: system.cpu: T0 : 0x1c832    : ld a5, 40(tp)              : MemRead :  D=0x0000000000073f90 A=0x73738
1678500: system.cpu: T0 : 0x1c836    : addi s6, s0, -17           : IntAlu :  D=0x000000000000001f
1679500: system.cpu: T0 : 0x1c83a    : srli s6, s6, 4             : IntAlu :  D=0x0000000000000001
1680000: system.cpu: T0 : 0x1c83e    : c_li s5, 0                 : IntAlu :  D=0x0000000000000000
1680500: system.cpu: T0 : 0x1c840    : c_beqz a5, 22              : IntAlu : 
1681500: system.cpu: T0 : 0x1c842    : lui a5, 111                : IntAlu :  D=0x000000000006f000
1682500: system.cpu: T0 : 0x1c846    : ld s5, 1568(a5)            : MemRead :  D=0x0000000000000040 A=0x6f620
1683500: system.cpu: T0 : 0x1c84a    : sltu s5, s6, s5            : IntAlu :  D=0x0000000000000001
1684500: system.cpu: T0 : 0x1c84e    : sub s5, zero, s5           : IntAlu :  D=0xffffffffffffffff
1685500: system.cpu: T0 : 0x1c852    : and s5, s0, s5             : IntAlu :  D=0x0000000000000030
1686500: system.cpu: T0 : 0x1c856    : lui a5, 111                : IntAlu :  D=0x000000000006f000
1687000: system.cpu: T0 : 0x1c85a    : c_lui s11, 1               : IntAlu :  D=0x0000000000001000
1687500: system.cpu: T0 : 0x1c85c    : lui s7, 111                : IntAlu :  D=0x000000000006f000
1688000: system.cpu: T0 : 0x1c860    : addi a5, a5, 1600          : IntAlu :  D=0x000000000006f640
1688500: system.cpu: T0 : 0x1c864    : addi s8, s1, 96            : IntAlu :  D=0x000000000006f6a0
1689000: system.cpu: T0 : 0x1c868    : c_li t5, 0                 : IntAlu :  D=0x0000000000000000
1690000: system.cpu: T0 : 0x1c86a    : addi s7, s7, 1488          : IntAlu :  D=0x000000000006f5d0
1691000: system.cpu: T0 : 0x1c86e    : add a7, s1, s11            : IntAlu :  D=0x0000000000070640
1691500: system.cpu: T0 : 0x1c872    : c_sdsp a5, 56(sp)          : MemWrite :  D=0x000000000006f640 A=0x7ffffffffffffc08
1692000: system.cpu: T0 : 0x1c874    : c_ld a5, 120(s1)           : MemRead :  D=0x000000000006f6a0 A=0x6f6b8
1693000: system.cpu: T0 : 0x1c876    : beq a5, s8, 532            : IntAlu : 
1694000: system.cpu: T0 : 0x1ca8a    : addi a5, zero, 1023        : IntAlu :  D=0x00000000000003ff
1695000: system.cpu: T0 : 0x1ca8e    : bgeu a5, s0, 38            : IntAlu : 
1695500: system.cpu: T0 : 0x1cab4    : c_ldsp a3, 8(sp)           : MemRead :  D=0x0000000000000003 A=0x7ffffffffffffbd8
1696000: system.cpu: T0 : 0x1cab6    : c_li a0, 4                 : IntAlu :  D=0x0000000000000004
1696500: system.cpu: T0 : 0x1cab8    : addiw a5, a3, 1            : IntAlu :  D=0x0000000000000004
1697000: system.cpu: T0 : 0x1cabc    : srliw a4, a5, 5            : IntAlu :  D=0x0000000000000000
1697500: system.cpu: T0 : 0x1cac0    : slliw a3, a3, 1            : IntAlu :  D=0x0000000000000006
1698000: system.cpu: T0 : 0x1cac4    : addi a4, a4, 536           : IntAlu :  D=0x0000000000000218
1698500: system.cpu: T0 : 0x1cac8    : c_slli a3, 32              : IntAlu :  D=0x0000000600000000
1699000: system.cpu: T0 : 0x1caca    : c_slli a4, 2               : IntAlu :  D=0x0000000000000860
1699500: system.cpu: T0 : 0x1cacc    : c_srli a3, 32              : IntAlu :  D=0x0000000000000006
1700000: system.cpu: T0 : 0x1cace    : c_add a4, s1               : IntAlu :  D=0x000000000006fea0
1700500: system.cpu: T0 : 0x1cad0    : c_slli a3, 3               : IntAlu :  D=0x0000000000000030
1701000: system.cpu: T0 : 0x1cad2    : c_lw a2, 0(a4)             : MemRead :  D=0x0000000000000000 A=0x6fea0
1701500: system.cpu: T0 : 0x1cad4    : addi a3, a3, 96            : IntAlu :  D=0x0000000000000090
1702000: system.cpu: T0 : 0x1cad8    : c_li a4, 1                 : IntAlu :  D=0x0000000000000001
1703000: system.cpu: T0 : 0x1cada    : srliw s2, a5, 5            : IntAlu :  D=0x0000000000000000
1703500: system.cpu: T0 : 0x1cade    : c_add a3, s1               : IntAlu :  D=0x000000000006f6d0
1704000: system.cpu: T0 : 0x1cae0    : sllw a5, a4, a5            : IntAlu :  D=0x0000000000000010
1704500: system.cpu: T0 : 0x1cae4    : bltu a2, a5, 144           : IntAlu : 
1705000: system.cpu: T0 : 0x1cb74    : addiw a5, s2, 1            : IntAlu :  D=0x0000000000000001
1705500: system.cpu: T0 : 0x1cb78    : addiw s2, a5, 0            : IntAlu :  D=0x0000000000000001
1706000: system.cpu: T0 : 0x1cb7c    : bne s2, a0, -26            : IntAlu : 
1706500: system.cpu: T0 : 0x1cb62    : c_slli a5, 32              : IntAlu :  D=0x0000000100000000
1707000: system.cpu: T0 : 0x1cb64    : c_srli a5, 32              : IntAlu :  D=0x0000000000000001
1708000: system.cpu: T0 : 0x1cb66    : addi a5, a5, 536           : IntAlu :  D=0x0000000000000219
1708500: system.cpu: T0 : 0x1cb6a    : c_slli a5, 2               : IntAlu :  D=0x0000000000000864
1709000: system.cpu: T0 : 0x1cb6c    : c_add a5, s1               : IntAlu :  D=0x000000000006fea4
1709500: system.cpu: T0 : 0x1cb6e    : c_lw a2, 0(a5)             : MemRead :  D=0x0000000000000000 A=0x6fea4
1710000: system.cpu: T0 : 0x1cb70    : bne a2, zero, 384          : IntAlu : 
1710500: system.cpu: T0 : 0x1cb74    : addiw a5, s2, 1            : IntAlu :  D=0x0000000000000002
1711000: system.cpu: T0 : 0x1cb78    : addiw s2, a5, 0            : IntAlu :  D=0x0000000000000002
1711500: system.cpu: T0 : 0x1cb7c    : bne s2, a0, -26            : IntAlu : 
1712000: system.cpu: T0 : 0x1cb62    : c_slli a5, 32              : IntAlu :  D=0x0000000200000000
1712500: system.cpu: T0 : 0x1cb64    : c_srli a5, 32              : IntAlu :  D=0x0000000000000002
1713500: system.cpu: T0 : 0x1cb66    : addi a5, a5, 536           : IntAlu :  D=0x000000000000021a
1714000: system.cpu: T0 : 0x1cb6a    : c_slli a5, 2               : IntAlu :  D=0x0000000000000868
1714500: system.cpu: T0 : 0x1cb6c    : c_add a5, s1               : IntAlu :  D=0x000000000006fea8
1715000: system.cpu: T0 : 0x1cb6e    : c_lw a2, 0(a5)             : MemRead :  D=0x0000000000000000 A=0x6fea8
1715500: system.cpu: T0 : 0x1cb70    : bne a2, zero, 384          : IntAlu : 
1716000: system.cpu: T0 : 0x1cb74    : addiw a5, s2, 1            : IntAlu :  D=0x0000000000000003
1716500: system.cpu: T0 : 0x1cb78    : addiw s2, a5, 0            : IntAlu :  D=0x0000000000000003
1717000: system.cpu: T0 : 0x1cb7c    : bne s2, a0, -26            : IntAlu : 
1717500: system.cpu: T0 : 0x1cb62    : c_slli a5, 32              : IntAlu :  D=0x0000000300000000
1718000: system.cpu: T0 : 0x1cb64    : c_srli a5, 32              : IntAlu :  D=0x0000000000000003
1719000: system.cpu: T0 : 0x1cb66    : addi a5, a5, 536           : IntAlu :  D=0x000000000000021b
1719500: system.cpu: T0 : 0x1cb6a    : c_slli a5, 2               : IntAlu :  D=0x000000000000086c
1720000: system.cpu: T0 : 0x1cb6c    : c_add a5, s1               : IntAlu :  D=0x000000000006feac
1720500: system.cpu: T0 : 0x1cb6e    : c_lw a2, 0(a5)             : MemRead :  D=0x0000000000000000 A=0x6feac
1721000: system.cpu: T0 : 0x1cb70    : bne a2, zero, 384          : IntAlu : 
1721500: system.cpu: T0 : 0x1cb74    : addiw a5, s2, 1            : IntAlu :  D=0x0000000000000004
1722000: system.cpu: T0 : 0x1cb78    : addiw s2, a5, 0            : IntAlu :  D=0x0000000000000004
1722500: system.cpu: T0 : 0x1cb7c    : bne s2, a0, -26            : IntAlu : 
1723000: system.cpu: T0 : 0x1cb80    : c_ld a4, 96(s1)            : MemRead :  D=0x0000000000074240 A=0x6f6a0
1724000: system.cpu: T0 : 0x1cb82    : ld a3, -1912(a7)           : MemRead :  D=0x0000000000021080 A=0x6fec8
1724500: system.cpu: T0 : 0x1cb86    : c_ld a5, 8(a4)             : MemRead :  D=0x0000000000020dc1 A=0x74248
1725000: system.cpu: T0 : 0x1cb88    : c_andi a5, 18446744073709551608 : IntAlu :  D=0x0000000000020dc0
1726000: system.cpu: T0 : 0x1cb8a    : bltu a3, a5, 548           : IntAlu : 
1727000: system.cpu: T0 : 0x1cb8e    : addi a3, s0, 32            : IntAlu :  D=0x0000000000000050
1728000: system.cpu: T0 : 0x1cb92    : bgeu a5, a3, 640           : IntAlu : 
1729000: system.cpu: T0 : 0x1ce12    : add a0, a4, s0             : IntAlu :  D=0x0000000000074270
1730000: system.cpu: T0 : 0x1ce16    : lui a2, 111                : IntAlu :  D=0x000000000006f000
1730500: system.cpu: T0 : 0x1ce1a    : c_sd a0, 96(s1)            : MemWrite :  D=0x0000000000074270 A=0x6f6a0
1731000: system.cpu: T0 : 0x1ce1c    : addi a2, a2, 1600          : IntAlu :  D=0x000000000006f640
1731500: system.cpu: T0 : 0x1ce20    : c_sub a5, s0               : IntAlu :  D=0x0000000000020d90
1732000: system.cpu: T0 : 0x1ce22    : c_li a3, 4                 : IntAlu :  D=0x0000000000000004
1732500: system.cpu: T0 : 0x1ce24    : beq s1, a2, 116            : IntAlu : 
1733000: system.cpu: T0 : 0x1ce98    : c_li a3, 0                 : IntAlu :  D=0x0000000000000000
1733500: system.cpu: T0 : 0x1ce9a    : c_j -114                   : IntAlu : 
1734000: system.cpu: T0 : 0x1ce28    : c_or a3, s0                : IntAlu :  D=0x0000000000000030
1735000: system.cpu: T0 : 0x1ce2a    : ori a3, a3, 1              : IntAlu :  D=0x0000000000000031
1736000: system.cpu: T0 : 0x1ce2e    : lw a1, -1396(gp)           : MemRead :  D=0x0000000000000000 A=0x70b34
1736500: system.cpu: T0 : 0x1ce32    : c_sd a3, 8(a4)             : MemWrite :  D=0x0000000000000031 A=0x74248
1737000: system.cpu: T0 : 0x1ce34    : ori a5, a5, 1              : IntAlu :  D=0x0000000000020d91
1737500: system.cpu: T0 : 0x1ce38    : c_sd a5, 8(a0)             : MemWrite :  D=0x0000000000020d91 A=0x74278
1738500: system.cpu: T0 : 0x1ce3a    : addi s2, a4, 16            : IntAlu :  D=0x0000000000074250
1739500: system.cpu: T0 : 0x1ce3e    : beq a1, zero, -1664        : IntAlu : 
1740000: system.cpu: T0 : 0x1c7be    : c_ldsp ra, 248(sp)         : MemRead :  D=0x000000000001d93c A=0x7ffffffffffffcc8
1740500: system.cpu: T0 : 0x1c7c0    : c_ldsp s0, 240(sp)         : MemRead :  D=0x0000000000000028 A=0x7ffffffffffffcc0
1741000: system.cpu: T0 : 0x1c7c2    : c_ldsp s1, 232(sp)         : MemRead :  D=0x000000000006f000 A=0x7ffffffffffffcb8
1741500: system.cpu: T0 : 0x1c7c4    : c_ldsp s3, 216(sp)         : MemRead :  D=0x000000000006efc0 A=0x7ffffffffffffca8
1742000: system.cpu: T0 : 0x1c7c6    : c_ldsp s4, 208(sp)         : MemRead :  D=0x0000000000070000 A=0x7ffffffffffffca0
1742500: system.cpu: T0 : 0x1c7c8    : c_ldsp s5, 200(sp)         : MemRead :  D=0x0000000000072000 A=0x7ffffffffffffc98
1743000: system.cpu: T0 : 0x1c7ca    : c_ldsp s6, 192(sp)         : MemRead :  D=0x0000000000072000 A=0x7ffffffffffffc90
1743500: system.cpu: T0 : 0x1c7cc    : c_ldsp s7, 184(sp)         : MemRead :  D=0x0000000000000000 A=0x7ffffffffffffc88
1744000: system.cpu: T0 : 0x1c7ce    : c_ldsp s8, 176(sp)         : MemRead :  D=0x0000000000000000 A=0x7ffffffffffffc80
1744500: system.cpu: T0 : 0x1c7d0    : c_ldsp s9, 168(sp)         : MemRead :  D=0x0000000000000000 A=0x7ffffffffffffc78
1745000: system.cpu: T0 : 0x1c7d2    : c_ldsp s10, 160(sp)        : MemRead :  D=0x0000000000000000 A=0x7ffffffffffffc70
1745500: system.cpu: T0 : 0x1c7d4    : c_ldsp s11, 152(sp)        : MemRead :  D=0x0000000000000000 A=0x7ffffffffffffc68
1746000: system.cpu: T0 : 0x1c7d6    : c_mv a0, s2                : IntAlu :  D=0x0000000000074250
1746500: system.cpu: T0 : 0x1c7d8    : c_ldsp s2, 224(sp)         : MemRead :  D=0x0000000000000000 A=0x7ffffffffffffcb0
1747000: system.cpu: T0 : 0x1c7da    : c_addi16sp sp, 256         : IntAlu :  D=0x7ffffffffffffcd0
1747500: system.cpu: T0 : 0x1c7dc    : c_jr ra                    : IntAlu : 
1748000: system.cpu: T0 : 0x1d93c    : c_mv a5, a0                : IntAlu :  D=0x0000000000074250
1748500: system.cpu: T0 : 0x1d93e    : c_beqz a0, 150             : IntAlu : 
1749000: system.cpu: T0 : 0x1d940    : ld a4, -8(a0)              : MemRead :  D=0x0000000000000031 A=0x74248
1749500: system.cpu: T0 : 0x1d944    : andi a3, a4, 2             : IntAlu :  D=0x0000000000000000
1750000: system.cpu: T0 : 0x1d948    : c_bnez a3, 26              : IntAlu : 
1750500: system.cpu: T0 : 0x1d94a    : c_andi a4, 4               : IntAlu :  D=0x0000000000000000
1751000: system.cpu: T0 : 0x1d94c    : c_beqz a4, 22              : IntAlu : 
1751500: system.cpu: T0 : 0x1d962    : c_ldsp ra, 24(sp)          : MemRead :  D=0x000000000003af0e A=0x7ffffffffffffce8
1752000: system.cpu: T0 : 0x1d964    : c_ldsp s0, 16(sp)          : MemRead :  D=0x7ffffffffffffd30 A=0x7ffffffffffffce0
1752500: system.cpu: T0 : 0x1d966    : c_ldsp s1, 8(sp)           : MemRead :  D=0x000000000006fed8 A=0x7ffffffffffffcd8
1753000: system.cpu: T0 : 0x1d968    : c_ldsp s2, 0(sp)           : MemRead :  D=0x0000000000000000 A=0x7ffffffffffffcd0
1753500: system.cpu: T0 : 0x1d96a    : c_mv a0, a5                : IntAlu :  D=0x0000000000074250
1754000: system.cpu: T0 : 0x1d96c    : c_addi16sp sp, 32          : IntAlu :  D=0x7ffffffffffffcf0
1754500: system.cpu: T0 : 0x1d96e    : c_jr ra                    : IntAlu : 
1755500: system.cpu: T0 : 0x3af0e    : sd a0, 32(s3)              : MemWrite :  D=0x0000000000074250 A=0x6efe0
1756500: system.cpu: T0 : 0x3af12    : beq a0, zero, 382          : IntAlu : 
1757500: system.cpu: T0 : 0x3af16    : ld s1, 16(s3)              : MemRead :  D=0x0000000000000002 A=0x6efd0
1758500: system.cpu: T0 : 0x3af1a    : addi a7, zero, 40          : IntAlu :  D=0x0000000000000028
1759000: system.cpu: T0 : 0x3af1e    : c_mv s5, a0                : IntAlu :  D=0x0000000000074250
1759500: system.cpu: T0 : 0x3af20    : slli s4, s1, 2             : IntAlu :  D=0x0000000000000008
1760000: system.cpu: T0 : 0x3af24    : addi s4, s4, 79            : IntAlu :  D=0x0000000000000057
1760500: system.cpu: T0 : 0x3af28    : divu s4, s4, a7            : IntDiv :  D=0x0000000000000002
1761000: system.cpu: T0 : 0x3af2c    : slli a7, s4, 2             : IntAlu :  D=0x0000000000000008
1761500: system.cpu: T0 : 0x3af30    : c_add s4, a7               : IntAlu :  D=0x000000000000000a
1762500: system.cpu: T0 : 0x3af32    : slli a0, s4, 5             : IntAlu :  D=0x0000000000000140
1763500: system.cpu: T0 : 0x3af36    : jal ra, -120388            : IntAlu :  D=0x000000000003af3a
1764500: system.cpu: T0 : 0x1d8f2    : ld t1, -1848(gp)           : MemRead :  D=0x0000000000000000 A=0x70970
1765500: system.cpu: T0 : 0x1d8f6    : bne t1, zero, 260          : IntAlu : 
1766000: system.cpu: T0 : 0x1d8fa    : c_addi sp, -32             : IntAlu :  D=0x7ffffffffffffcd0
1766500: system.cpu: T0 : 0x1d8fc    : c_sdsp s0, 16(sp)          : MemWrite :  D=0x7ffffffffffffd30 A=0x7ffffffffffffce0
1767000: system.cpu: T0 : 0x1d8fe    : c_sdsp ra, 24(sp)          : MemWrite :  D=0x000000000003af3a A=0x7ffffffffffffce8
1767500: system.cpu: T0 : 0x1d900    : c_sdsp s1, 8(sp)           : MemWrite :  D=0x0000000000000002 A=0x7ffffffffffffcd8
1768000: system.cpu: T0 : 0x1d902    : c_sdsp s2, 0(sp)           : MemWrite :  D=0x0000000000000000 A=0x7ffffffffffffcd0
1768500: system.cpu: T0 : 0x1d904    : c_mv s0, a0                : IntAlu :  D=0x0000000000000140
1769500: system.cpu: T0 : 0x1d906    : blt a0, zero, 222          : IntAlu : 
1770500: system.cpu: T0 : 0x1d90a    : addi a5, a0, 23            : IntAlu :  D=0x0000000000000157
1771000: system.cpu: T0 : 0x1d90e    : c_li a4, 31                : IntAlu :  D=0x000000000000001f
1771500: system.cpu: T0 : 0x1d910    : c_li s1, 0                 : IntAlu :  D=0x0000000000000000
1772500: system.cpu: T0 : 0x1d912    : bltu a4, a5, 94            : IntAlu : 
1773000: system.cpu: T0 : 0x1d970    : c_andi a5, 18446744073709551600 : IntAlu :  D=0x0000000000000150
1773500: system.cpu: T0 : 0x1d972    : c_addi a5, -17             : IntAlu :  D=0x000000000000013f
1774000: system.cpu: T0 : 0x1d974    : srli s1, a5, 4             : IntAlu :  D=0x0000000000000013
1774500: system.cpu: T0 : 0x1d978    : c_j -98                    : IntAlu : 
1775500: system.cpu: T0 : 0x1d916    : ld a4, 40(tp)              : MemRead :  D=0x0000000000073f90 A=0x73738
1776000: system.cpu: T0 : 0x1d91a    : c_beqz a4, 96              : IntAlu : 
1776500: system.cpu: T0 : 0x1d91c    : lui a5, 111                : IntAlu :  D=0x000000000006f000
1777000: system.cpu: T0 : 0x1d920    : ld a5, 1568(a5)            : MemRead :  D=0x0000000000000040 A=0x6f620
1777500: system.cpu: T0 : 0x1d924    : bltu s1, a5, 114           : IntAlu : 
1778500: system.cpu: T0 : 0x1d996    : slli a3, s1, 1             : IntAlu :  D=0x0000000000000026
1779000: system.cpu: T0 : 0x1d99a    : c_add a3, a4               : IntAlu :  D=0x0000000000073fb6
1779500: system.cpu: T0 : 0x1d99c    : lhu a2, 0(a3)              : MemRead :  D=0x0000000000000000 A=0x73fb6
1780000: system.cpu: T0 : 0x1d9a0    : c_beqz a2, -120            : IntAlu : 
1780500: system.cpu: T0 : 0x1d928    : lw a5, -1808(tp)           : MemRead :  D=0x0000000000000000 A=0x73000
1781000: system.cpu: T0 : 0x1d92c    : c_bnez a5, 210             : IntAlu : 
1782000: system.cpu: T0 : 0x1d92e    : lui s1, 111                : IntAlu :  D=0x000000000006f000
1782500: system.cpu: T0 : 0x1d932    : c_mv a1, s0                : IntAlu :  D=0x0000000000000140
1783000: system.cpu: T0 : 0x1d934    : addi a0, s1, 1600          : IntAlu :  D=0x000000000006f640
1783500: system.cpu: T0 : 0x1d938    : jal ra, -5228              : IntAlu :  D=0x000000000001d93c
1784000: system.cpu: T0 : 0x1c4cc    : c_addi16sp sp, -256        : IntAlu :  D=0x7ffffffffffffbd0
1784500: system.cpu: T0 : 0x1c4ce    : c_sdsp ra, 248(sp)         : MemWrite :  D=0x000000000001d93c A=0x7ffffffffffffcc8
1785000: system.cpu: T0 : 0x1c4d0    : c_sdsp s0, 240(sp)         : MemWrite :  D=0x0000000000000140 A=0x7ffffffffffffcc0
1785500: system.cpu: T0 : 0x1c4d2    : c_sdsp s1, 232(sp)         : MemWrite :  D=0x000000000006f000 A=0x7ffffffffffffcb8
1786000: system.cpu: T0 : 0x1c4d4    : c_sdsp s2, 224(sp)         : MemWrite :  D=0x0000000000000000 A=0x7ffffffffffffcb0
1786500: system.cpu: T0 : 0x1c4d6    : c_sdsp s3, 216(sp)         : MemWrite :  D=0x000000000006efc0 A=0x7ffffffffffffca8
1787000: system.cpu: T0 : 0x1c4d8    : c_sdsp s4, 208(sp)         : MemWrite :  D=0x000000000000000a A=0x7ffffffffffffca0
1787500: system.cpu: T0 : 0x1c4da    : c_sdsp s5, 200(sp)         : MemWrite :  D=0x0000000000074250 A=0x7ffffffffffffc98
1788000: system.cpu: T0 : 0x1c4dc    : c_sdsp s6, 192(sp)         : MemWrite :  D=0x0000000000072000 A=0x7ffffffffffffc90
1788500: system.cpu: T0 : 0x1c4de    : c_sdsp s7, 184(sp)         : MemWrite :  D=0x0000000000000000 A=0x7ffffffffffffc88
1789000: system.cpu: T0 : 0x1c4e0    : c_sdsp s8, 176(sp)         : MemWrite :  D=0x0000000000000000 A=0x7ffffffffffffc80
1789500: system.cpu: T0 : 0x1c4e2    : c_sdsp s9, 168(sp)         : MemWrite :  D=0x0000000000000000 A=0x7ffffffffffffc78
1790000: system.cpu: T0 : 0x1c4e4    : c_sdsp s10, 160(sp)        : MemWrite :  D=0x0000000000000000 A=0x7ffffffffffffc70
1790500: system.cpu: T0 : 0x1c4e6    : c_sdsp s11, 152(sp)        : MemWrite :  D=0x0000000000000000 A=0x7ffffffffffffc68
1791000: system.cpu: T0 : 0x1c4e8    : blt a1, zero, 1198         : IntAlu : 
1791500: system.cpu: T0 : 0x1c4ec    : addi s0, a1, 23            : IntAlu :  D=0x0000000000000157
1792000: system.cpu: T0 : 0x1c4f0    : c_li a5, 31                : IntAlu :  D=0x000000000000001f
1792500: system.cpu: T0 : 0x1c4f2    : c_mv s3, a1                : IntAlu :  D=0x0000000000000140
1793000: system.cpu: T0 : 0x1c4f4    : c_mv s1, a0                : IntAlu :  D=0x000000000006f640
1794000: system.cpu: T0 : 0x1c4f6    : bltu a5, s0, 220           : IntAlu : 
1794500: system.cpu: T0 : 0x1c5d2    : c_andi s0, 18446744073709551600 : IntAlu :  D=0x0000000000000150
1795000: system.cpu: T0 : 0x1c5d4    : beq a0, zero, 988          : IntAlu : 
1795500: system.cpu: T0 : 0x1c5d8    : ld a4, -1376(gp)           : MemRead :  D=0x0000000000000080 A=0x70b48
1796000: system.cpu: T0 : 0x1c5dc    : srliw s9, s0, 4            : IntAlu :  D=0x0000000000000015
1796500: system.cpu: T0 : 0x1c5e0    : srliw a5, s0, 4            : IntAlu :  D=0x0000000000000015
1797000: system.cpu: T0 : 0x1c5e4    : bgeu a4, s0, 506           : IntAlu : 
1797500: system.cpu: T0 : 0x1c5e8    : addi a4, zero, 1023        : IntAlu :  D=0x00000000000003ff
1798000: system.cpu: T0 : 0x1c5ec    : bgeu a4, s0, 1722          : IntAlu : 
1798500: system.cpu: T0 : 0x1cca6    : c_addiw a5, -1             : IntAlu :  D=0x0000000000000014
1799000: system.cpu: T0 : 0x1cca8    : c_j -1406                  : IntAlu : 
1800000: system.cpu: T0 : 0x1c72a    : slliw a5, a5, 1            : IntAlu :  D=0x0000000000000028
1800500: system.cpu: T0 : 0x1c72e    : c_slli a5, 32              : IntAlu :  D=0x0000002800000000
1801000: system.cpu: T0 : 0x1c730    : c_srli a5, 32              : IntAlu :  D=0x0000000000000028
1801500: system.cpu: T0 : 0x1c732    : c_addi a5, 14              : IntAlu :  D=0x0000000000000036
1802000: system.cpu: T0 : 0x1c734    : c_slli a5, 3               : IntAlu :  D=0x00000000000001b0
1802500: system.cpu: T0 : 0x1c736    : c_j -550                   : IntAlu : 
1803000: system.cpu: T0 : 0x1c510    : c_add a5, s1               : IntAlu :  D=0x000000000006f7f0
1804000: system.cpu: T0 : 0x1c512    : ld s2, 8(a5)               : MemRead :  D=0x000000000006f7e0 A=0x6f7f8
1805000: system.cpu: T0 : 0x1c516    : addi a3, a5, -16           : IntAlu :  D=0x000000000006f7e0
1806000: system.cpu: T0 : 0x1c51a    : beq a3, s2, 748            : IntAlu : 
1807000: system.cpu: T0 : 0x1c806    : srli t1, s0, 9             : IntAlu :  D=0x0000000000000000
1808000: system.cpu: T0 : 0x1c80a    : addiw a5, t1, 91           : IntAlu :  D=0x000000000000005b
1809000: system.cpu: T0 : 0x1c80e    : srli s10, s0, 6            : IntAlu :  D=0x0000000000000005
1809500: system.cpu: T0 : 0x1c812    : c_sdsp a5, 96(sp)          : MemWrite :  D=0x000000000000005b A=0x7ffffffffffffc30
1810000: system.cpu: T0 : 0x1c814    : addiw a5, s10, 48          : IntAlu :  D=0x0000000000000035
1810500: system.cpu: T0 : 0x1c818    : c_sdsp a5, 88(sp)          : MemWrite :  D=0x0000000000000035 A=0x7ffffffffffffc28
1811500: system.cpu: T0 : 0x1c81a    : addi a5, zero, 110         : IntAlu :  D=0x000000000000006e
1812000: system.cpu: T0 : 0x1c81e    : c_sdsp a5, 112(sp)         : MemWrite :  D=0x000000000000006e A=0x7ffffffffffffc40
1812500: system.cpu: T0 : 0x1c820    : addi a5, zero, 119         : IntAlu :  D=0x0000000000000077
1813000: system.cpu: T0 : 0x1c824    : c_sdsp a5, 104(sp)         : MemWrite :  D=0x0000000000000077 A=0x7ffffffffffffc38
1814000: system.cpu: T0 : 0x1c826    : addi a5, zero, 124         : IntAlu :  D=0x000000000000007c
1814500: system.cpu: T0 : 0x1c82a    : c_sdsp s9, 8(sp)           : MemWrite :  D=0x0000000000000015 A=0x7ffffffffffffbd8
1815000: system.cpu: T0 : 0x1c82c    : c_sdsp a5, 120(sp)         : MemWrite :  D=0x000000000000007c A=0x7ffffffffffffc48
1815500: system.cpu: T0 : 0x1c82e    : c_sdsp zero, 128(sp)       : MemWrite :  D=0x0000000000000000 A=0x7ffffffffffffc50
1816000: system.cpu: T0 : 0x1c830    : c_sdsp zero, 136(sp)       : MemWrite :  D=0x0000000000000000 A=0x7ffffffffffffc58
1817000: system.cpu: T0 : 0x1c832    : ld a5, 40(tp)              : MemRead :  D=0x0000000000073f90 A=0x73738
1818000: system.cpu: T0 : 0x1c836    : addi s6, s0, -17           : IntAlu :  D=0x000000000000013f
1819000: system.cpu: T0 : 0x1c83a    : srli s6, s6, 4             : IntAlu :  D=0x0000000000000013
1819500: system.cpu: T0 : 0x1c83e    : c_li s5, 0                 : IntAlu :  D=0x0000000000000000
1820000: system.cpu: T0 : 0x1c840    : c_beqz a5, 22              : IntAlu : 
1821000: system.cpu: T0 : 0x1c842    : lui a5, 111                : IntAlu :  D=0x000000000006f000
1822000: system.cpu: T0 : 0x1c846    : ld s5, 1568(a5)            : MemRead :  D=0x0000000000000040 A=0x6f620
1823000: system.cpu: T0 : 0x1c84a    : sltu s5, s6, s5            : IntAlu :  D=0x0000000000000001
1824000: system.cpu: T0 : 0x1c84e    : sub s5, zero, s5           : IntAlu :  D=0xffffffffffffffff
1825000: system.cpu: T0 : 0x1c852    : and s5, s0, s5             : IntAlu :  D=0x0000000000000150
1826000: system.cpu: T0 : 0x1c856    : lui a5, 111                : IntAlu :  D=0x000000000006f000
1826500: system.cpu: T0 : 0x1c85a    : c_lui s11, 1               : IntAlu :  D=0x0000000000001000
1827000: system.cpu: T0 : 0x1c85c    : lui s7, 111                : IntAlu :  D=0x000000000006f000
1827500: system.cpu: T0 : 0x1c860    : addi a5, a5, 1600          : IntAlu :  D=0x000000000006f640
1828000: system.cpu: T0 : 0x1c864    : addi s8, s1, 96            : IntAlu :  D=0x000000000006f6a0
1828500: system.cpu: T0 : 0x1c868    : c_li t5, 0                 : IntAlu :  D=0x0000000000000000
1829500: system.cpu: T0 : 0x1c86a    : addi s7, s7, 1488          : IntAlu :  D=0x000000000006f5d0
1830500: system.cpu: T0 : 0x1c86e    : add a7, s1, s11            : IntAlu :  D=0x0000000000070640
1831000: system.cpu: T0 : 0x1c872    : c_sdsp a5, 56(sp)          : MemWrite :  D=0x000000000006f640 A=0x7ffffffffffffc08
1831500: system.cpu: T0 : 0x1c874    : c_ld a5, 120(s1)           : MemRead :  D=0x000000000006f6a0 A=0x6f6b8
1832500: system.cpu: T0 : 0x1c876    : beq a5, s8, 532            : IntAlu : 
1833500: system.cpu: T0 : 0x1ca8a    : addi a5, zero, 1023        : IntAlu :  D=0x00000000000003ff
1834500: system.cpu: T0 : 0x1ca8e    : bgeu a5, s0, 38            : IntAlu : 
1835000: system.cpu: T0 : 0x1cab4    : c_ldsp a3, 8(sp)           : MemRead :  D=0x0000000000000015 A=0x7ffffffffffffbd8
1835500: system.cpu: T0 : 0x1cab6    : c_li a0, 4                 : IntAlu :  D=0x0000000000000004
1836000: system.cpu: T0 : 0x1cab8    : addiw a5, a3, 1            : IntAlu :  D=0x0000000000000016
1836500: system.cpu: T0 : 0x1cabc    : srliw a4, a5, 5            : IntAlu :  D=0x0000000000000000
1837000: system.cpu: T0 : 0x1cac0    : slliw a3, a3, 1            : IntAlu :  D=0x000000000000002a
1837500: system.cpu: T0 : 0x1cac4    : addi a4, a4, 536           : IntAlu :  D=0x0000000000000218
1838000: system.cpu: T0 : 0x1cac8    : c_slli a3, 32              : IntAlu :  D=0x0000002a00000000
1838500: system.cpu: T0 : 0x1caca    : c_slli a4, 2               : IntAlu :  D=0x0000000000000860
1839000: system.cpu: T0 : 0x1cacc    : c_srli a3, 32              : IntAlu :  D=0x000000000000002a
1839500: system.cpu: T0 : 0x1cace    : c_add a4, s1               : IntAlu :  D=0x000000000006fea0
1840000: system.cpu: T0 : 0x1cad0    : c_slli a3, 3               : IntAlu :  D=0x0000000000000150
1840500: system.cpu: T0 : 0x1cad2    : c_lw a2, 0(a4)             : MemRead :  D=0x0000000000000000 A=0x6fea0
1841000: system.cpu: T0 : 0x1cad4    : addi a3, a3, 96            : IntAlu :  D=0x00000000000001b0
1841500: system.cpu: T0 : 0x1cad8    : c_li a4, 1                 : IntAlu :  D=0x0000000000000001
1842500: system.cpu: T0 : 0x1cada    : srliw s2, a5, 5            : IntAlu :  D=0x0000000000000000
1843000: system.cpu: T0 : 0x1cade    : c_add a3, s1               : IntAlu :  D=0x000000000006f7f0
1843500: system.cpu: T0 : 0x1cae0    : sllw a5, a4, a5            : IntAlu :  D=0x0000000000400000
1844000: system.cpu: T0 : 0x1cae4    : bltu a2, a5, 144           : IntAlu : 
1844500: system.cpu: T0 : 0x1cb74    : addiw a5, s2, 1            : IntAlu :  D=0x0000000000000001
1845000: system.cpu: T0 : 0x1cb78    : addiw s2, a5, 0            : IntAlu :  D=0x0000000000000001
1845500: system.cpu: T0 : 0x1cb7c    : bne s2, a0, -26            : IntAlu : 
1846000: system.cpu: T0 : 0x1cb62    : c_slli a5, 32              : IntAlu :  D=0x0000000100000000
1846500: system.cpu: T0 : 0x1cb64    : c_srli a5, 32              : IntAlu :  D=0x0000000000000001
1847500: system.cpu: T0 : 0x1cb66    : addi a5, a5, 536           : IntAlu :  D=0x0000000000000219
1848000: system.cpu: T0 : 0x1cb6a    : c_slli a5, 2               : IntAlu :  D=0x0000000000000864
1848500: system.cpu: T0 : 0x1cb6c    : c_add a5, s1               : IntAlu :  D=0x000000000006fea4
1849000: system.cpu: T0 : 0x1cb6e    : c_lw a2, 0(a5)             : MemRead :  D=0x0000000000000000 A=0x6fea4
1849500: system.cpu: T0 : 0x1cb70    : bne a2, zero, 384          : IntAlu : 
1850000: system.cpu: T0 : 0x1cb74    : addiw a5, s2, 1            : IntAlu :  D=0x0000000000000002
1850500: system.cpu: T0 : 0x1cb78    : addiw s2, a5, 0            : IntAlu :  D=0x0000000000000002
1851000: system.cpu: T0 : 0x1cb7c    : bne s2, a0, -26            : IntAlu : 
1851500: system.cpu: T0 : 0x1cb62    : c_slli a5, 32              : IntAlu :  D=0x0000000200000000
1852000: system.cpu: T0 : 0x1cb64    : c_srli a5, 32              : IntAlu :  D=0x0000000000000002
1853000: system.cpu: T0 : 0x1cb66    : addi a5, a5, 536           : IntAlu :  D=0x000000000000021a
1853500: system.cpu: T0 : 0x1cb6a    : c_slli a5, 2               : IntAlu :  D=0x0000000000000868
1854000: system.cpu: T0 : 0x1cb6c    : c_add a5, s1               : IntAlu :  D=0x000000000006fea8
1854500: system.cpu: T0 : 0x1cb6e    : c_lw a2, 0(a5)             : MemRead :  D=0x0000000000000000 A=0x6fea8
1855000: system.cpu: T0 : 0x1cb70    : bne a2, zero, 384          : IntAlu : 
1855500: system.cpu: T0 : 0x1cb74    : addiw a5, s2, 1            : IntAlu :  D=0x0000000000000003
1856000: system.cpu: T0 : 0x1cb78    : addiw s2, a5, 0            : IntAlu :  D=0x0000000000000003
1856500: system.cpu: T0 : 0x1cb7c    : bne s2, a0, -26            : IntAlu : 
1857000: system.cpu: T0 : 0x1cb62    : c_slli a5, 32              : IntAlu :  D=0x0000000300000000
1857500: system.cpu: T0 : 0x1cb64    : c_srli a5, 32              : IntAlu :  D=0x0000000000000003
1858500: system.cpu: T0 : 0x1cb66    : addi a5, a5, 536           : IntAlu :  D=0x000000000000021b
1859000: system.cpu: T0 : 0x1cb6a    : c_slli a5, 2               : IntAlu :  D=0x000000000000086c
1859500: system.cpu: T0 : 0x1cb6c    : c_add a5, s1               : IntAlu :  D=0x000000000006feac
1860000: system.cpu: T0 : 0x1cb6e    : c_lw a2, 0(a5)             : MemRead :  D=0x0000000000000000 A=0x6feac
1860500: system.cpu: T0 : 0x1cb70    : bne a2, zero, 384          : IntAlu : 
1861000: system.cpu: T0 : 0x1cb74    : addiw a5, s2, 1            : IntAlu :  D=0x0000000000000004
1861500: system.cpu: T0 : 0x1cb78    : addiw s2, a5, 0            : IntAlu :  D=0x0000000000000004
1862000: system.cpu: T0 : 0x1cb7c    : bne s2, a0, -26            : IntAlu : 
1862500: system.cpu: T0 : 0x1cb80    : c_ld a4, 96(s1)            : MemRead :  D=0x0000000000074270 A=0x6f6a0
1863500: system.cpu: T0 : 0x1cb82    : ld a3, -1912(a7)           : MemRead :  D=0x0000000000021080 A=0x6fec8
1864000: system.cpu: T0 : 0x1cb86    : c_ld a5, 8(a4)             : MemRead :  D=0x0000000000020d91 A=0x74278
1864500: system.cpu: T0 : 0x1cb88    : c_andi a5, 18446744073709551608 : IntAlu :  D=0x0000000000020d90
1865500: system.cpu: T0 : 0x1cb8a    : bltu a3, a5, 548           : IntAlu : 
1866500: system.cpu: T0 : 0x1cb8e    : addi a3, s0, 32            : IntAlu :  D=0x0000000000000170
1867500: system.cpu: T0 : 0x1cb92    : bgeu a5, a3, 640           : IntAlu : 
1868500: system.cpu: T0 : 0x1ce12    : add a0, a4, s0             : IntAlu :  D=0x00000000000743c0
1869500: system.cpu: T0 : 0x1ce16    : lui a2, 111                : IntAlu :  D=0x000000000006f000
1870000: system.cpu: T0 : 0x1ce1a    : c_sd a0, 96(s1)            : MemWrite :  D=0x00000000000743c0 A=0x6f6a0
1870500: system.cpu: T0 : 0x1ce1c    : addi a2, a2, 1600          : IntAlu :  D=0x000000000006f640
1871000: system.cpu: T0 : 0x1ce20    : c_sub a5, s0               : IntAlu :  D=0x0000000000020c40
1871500: system.cpu: T0 : 0x1ce22    : c_li a3, 4                 : IntAlu :  D=0x0000000000000004
1872000: system.cpu: T0 : 0x1ce24    : beq s1, a2, 116            : IntAlu : 
1872500: system.cpu: T0 : 0x1ce98    : c_li a3, 0                 : IntAlu :  D=0x0000000000000000
1873000: system.cpu: T0 : 0x1ce9a    : c_j -114                   : IntAlu : 
1873500: system.cpu: T0 : 0x1ce28    : c_or a3, s0                : IntAlu :  D=0x0000000000000150
1874500: system.cpu: T0 : 0x1ce2a    : ori a3, a3, 1              : IntAlu :  D=0x0000000000000151
1875500: system.cpu: T0 : 0x1ce2e    : lw a1, -1396(gp)           : MemRead :  D=0x0000000000000000 A=0x70b34
1876000: system.cpu: T0 : 0x1ce32    : c_sd a3, 8(a4)             : MemWrite :  D=0x0000000000000151 A=0x74278
1876500: system.cpu: T0 : 0x1ce34    : ori a5, a5, 1              : IntAlu :  D=0x0000000000020c41
1877000: system.cpu: T0 : 0x1ce38    : c_sd a5, 8(a0)             : MemWrite :  D=0x0000000000020c41 A=0x743c8
1878000: system.cpu: T0 : 0x1ce3a    : addi s2, a4, 16            : IntAlu :  D=0x0000000000074280
1879000: system.cpu: T0 : 0x1ce3e    : beq a1, zero, -1664        : IntAlu : 
1879500: system.cpu: T0 : 0x1c7be    : c_ldsp ra, 248(sp)         : MemRead :  D=0x000000000001d93c A=0x7ffffffffffffcc8
1880000: system.cpu: T0 : 0x1c7c0    : c_ldsp s0, 240(sp)         : MemRead :  D=0x0000000000000140 A=0x7ffffffffffffcc0
1880500: system.cpu: T0 : 0x1c7c2    : c_ldsp s1, 232(sp)         : MemRead :  D=0x000000000006f000 A=0x7ffffffffffffcb8
1881000: system.cpu: T0 : 0x1c7c4    : c_ldsp s3, 216(sp)         : MemRead :  D=0x000000000006efc0 A=0x7ffffffffffffca8
1881500: system.cpu: T0 : 0x1c7c6    : c_ldsp s4, 208(sp)         : MemRead :  D=0x000000000000000a A=0x7ffffffffffffca0
1882000: system.cpu: T0 : 0x1c7c8    : c_ldsp s5, 200(sp)         : MemRead :  D=0x0000000000074250 A=0x7ffffffffffffc98
1882500: system.cpu: T0 : 0x1c7ca    : c_ldsp s6, 192(sp)         : MemRead :  D=0x0000000000072000 A=0x7ffffffffffffc90
1883000: system.cpu: T0 : 0x1c7cc    : c_ldsp s7, 184(sp)         : MemRead :  D=0x0000000000000000 A=0x7ffffffffffffc88
1883500: system.cpu: T0 : 0x1c7ce    : c_ldsp s8, 176(sp)         : MemRead :  D=0x0000000000000000 A=0x7ffffffffffffc80
1884000: system.cpu: T0 : 0x1c7d0    : c_ldsp s9, 168(sp)         : MemRead :  D=0x0000000000000000 A=0x7ffffffffffffc78
1884500: system.cpu: T0 : 0x1c7d2    : c_ldsp s10, 160(sp)        : MemRead :  D=0x0000000000000000 A=0x7ffffffffffffc70
1885000: system.cpu: T0 : 0x1c7d4    : c_ldsp s11, 152(sp)        : MemRead :  D=0x0000000000000000 A=0x7ffffffffffffc68
1885500: system.cpu: T0 : 0x1c7d6    : c_mv a0, s2                : IntAlu :  D=0x0000000000074280
1886000: system.cpu: T0 : 0x1c7d8    : c_ldsp s2, 224(sp)         : MemRead :  D=0x0000000000000000 A=0x7ffffffffffffcb0
1886500: system.cpu: T0 : 0x1c7da    : c_addi16sp sp, 256         : IntAlu :  D=0x7ffffffffffffcd0
1887000: system.cpu: T0 : 0x1c7dc    : c_jr ra                    : IntAlu : 
1887500: system.cpu: T0 : 0x1d93c    : c_mv a5, a0                : IntAlu :  D=0x0000000000074280
1888000: system.cpu: T0 : 0x1d93e    : c_beqz a0, 150             : IntAlu : 
1888500: system.cpu: T0 : 0x1d940    : ld a4, -8(a0)              : MemRead :  D=0x0000000000000151 A=0x74278
1889000: system.cpu: T0 : 0x1d944    : andi a3, a4, 2             : IntAlu :  D=0x0000000000000000
1889500: system.cpu: T0 : 0x1d948    : c_bnez a3, 26              : IntAlu : 
1890000: system.cpu: T0 : 0x1d94a    : c_andi a4, 4               : IntAlu :  D=0x0000000000000000
1890500: system.cpu: T0 : 0x1d94c    : c_beqz a4, 22              : IntAlu : 
1891000: system.cpu: T0 : 0x1d962    : c_ldsp ra, 24(sp)          : MemRead :  D=0x000000000003af3a A=0x7ffffffffffffce8
1891500: system.cpu: T0 : 0x1d964    : c_ldsp s0, 16(sp)          : MemRead :  D=0x7ffffffffffffd30 A=0x7ffffffffffffce0
1892000: system.cpu: T0 : 0x1d966    : c_ldsp s1, 8(sp)           : MemRead :  D=0x0000000000000002 A=0x7ffffffffffffcd8
1892500: system.cpu: T0 : 0x1d968    : c_ldsp s2, 0(sp)           : MemRead :  D=0x0000000000000000 A=0x7ffffffffffffcd0
1893000: system.cpu: T0 : 0x1d96a    : c_mv a0, a5                : IntAlu :  D=0x0000000000074280
1893500: system.cpu: T0 : 0x1d96c    : c_addi16sp sp, 32          : IntAlu :  D=0x7ffffffffffffcf0
1894000: system.cpu: T0 : 0x1d96e    : c_jr ra                    : IntAlu : 
1895000: system.cpu: T0 : 0x3af3a    : sd a0, 0(s5)               : MemWrite :  D=0x0000000000074280 A=0x74250
1895500: system.cpu: T0 : 0x3af3e    : c_mv a2, a0                : IntAlu :  D=0x0000000000074280
1896000: system.cpu: T0 : 0x3af40    : beq a0, zero, 386          : IntAlu : 
1896500: system.cpu: T0 : 0x3af44    : lui a5, 114                : IntAlu :  D=0x0000000000072000
1897000: system.cpu: T0 : 0x3af48    : lui a3, 97                 : IntAlu :  D=0x0000000000061000
1897500: system.cpu: T0 : 0x3af4c    : lui a0, 97                 : IntAlu :  D=0x0000000000061000
1898000: system.cpu: T0 : 0x3af50    : addi a3, a3, 2000          : IntAlu :  D=0x00000000000617d0
1898500: system.cpu: T0 : 0x3af54    : addi a0, a0, 1552          : IntAlu :  D=0x0000000000061610
1899000: system.cpu: T0 : 0x3af58    : sd a2, -248(a5)            : MemWrite :  D=0x0000000000074280 A=0x71f08
1899500: system.cpu: T0 : 0x3af5c    : c_li a5, 23                : IntAlu :  D=0x0000000000000017
1900000: system.cpu: T0 : 0x3af5e    : c_sd a3, 24(a2)            : MemWrite :  D=0x00000000000617d0 A=0x74298
1900500: system.cpu: T0 : 0x3af60    : addi a6, a3, 72            : IntAlu :  D=0x0000000000061818
1901000: system.cpu: T0 : 0x3af64    : sw zero, 40(s3)            : MemWrite :  D=0x0000000000000000 A=0x6efe8
1901500: system.cpu: T0 : 0x3af68    : addi a1, s5, 8             : IntAlu :  D=0x0000000000074258
1902000: system.cpu: T0 : 0x3af6c    : c_sd a0, 8(a2)             : MemWrite :  D=0x0000000000061610 A=0x74288
1903000: system.cpu: T0 : 0x3af6e    : sd zero, 16(a2)            : MemWrite :  D=0x0000000000000000 A=0x74290
1903500: system.cpu: T0 : 0x3af72    : c_sd a5, 32(a2)            : MemWrite :  D=0x0000000000000017 A=0x742a0
1904000: system.cpu: T0 : 0x3af74    : slli a7, s4, 3             : IntAlu :  D=0x0000000000000050
1904500: system.cpu: T0 : 0x3af78    : addi t3, s5, 32            : IntAlu :  D=0x0000000000074270
1905000: system.cpu: T0 : 0x3af7c    : c_addi a3, 24              : IntAlu :  D=0x00000000000617e8
1906000: system.cpu: T0 : 0x3af7e    : addi t4, zero, 47          : IntAlu :  D=0x000000000000002f
1907000: system.cpu: T0 : 0x3af82    : addi a4, a2, 40            : IntAlu :  D=0x00000000000742a8
1907500: system.cpu: T0 : 0x3af86    : c_li a5, 0                 : IntAlu :  D=0x0000000000000000
1908000: system.cpu: T0 : 0x3af88    : c_beqz s1, 14              : IntAlu : 
1909000: system.cpu: T0 : 0x3af8a    : sw zero, 0(a4)             : MemWrite :  D=0x0000000000000000 A=0x742a8
1909500: system.cpu: T0 : 0x3af8e    : c_addi a5, 1               : IntAlu :  D=0x0000000000000001
1910000: system.cpu: T0 : 0x3af90    : c_addi a4, 4               : IntAlu :  D=0x00000000000742ac
1911000: system.cpu: T0 : 0x3af92    : bne s1, a5, -8             : IntAlu : 
1912000: system.cpu: T0 : 0x3af8a    : sw zero, 0(a4)             : MemWrite :  D=0x0000000000000000 A=0x742ac
1912500: system.cpu: T0 : 0x3af8e    : c_addi a5, 1               : IntAlu :  D=0x0000000000000002
1913000: system.cpu: T0 : 0x3af90    : c_addi a4, 4               : IntAlu :  D=0x00000000000742b0
1914000: system.cpu: T0 : 0x3af92    : bne s1, a5, -8             : IntAlu : 
1915000: system.cpu: T0 : 0x3af96    : beq t3, a1, 48             : IntAlu : 
1916000: system.cpu: T0 : 0x3af9a    : ld a4, 8(a6)               : MemRead :  D=0x000000000000001b A=0x61820
1917000: system.cpu: T0 : 0x3af9e    : add a5, a2, a7             : IntAlu :  D=0x00000000000742d0
1918000: system.cpu: T0 : 0x3afa2    : lbu t1, 0(a3)              : MemRead :  D=0x000000000000002f A=0x617e8
1918500: system.cpu: T0 : 0x3afa6    : c_sd a5, 0(a2)             : MemWrite :  D=0x00000000000742d0 A=0x74280
1919000: system.cpu: T0 : 0x3afa8    : c_sd a3, 24(a5)            : MemWrite :  D=0x00000000000617e8 A=0x742e8
1920000: system.cpu: T0 : 0x3afaa    : addi a2, a4, 1             : IntAlu :  D=0x000000000000001c
1920500: system.cpu: T0 : 0x3afae    : c_sd a5, 0(a1)             : MemWrite :  D=0x00000000000742d0 A=0x74258
1921000: system.cpu: T0 : 0x3afb0    : c_sd a0, 8(a5)             : MemWrite :  D=0x0000000000061610 A=0x742d8
1922000: system.cpu: T0 : 0x3afb2    : sd zero, 16(a5)            : MemWrite :  D=0x0000000000000000 A=0x742e0
1922500: system.cpu: T0 : 0x3afb6    : c_sd a4, 32(a5)            : MemWrite :  D=0x000000000000001b A=0x742f0
1923000: system.cpu: T0 : 0x3afb8    : c_addi a1, 8               : IntAlu :  D=0x0000000000074260
1923500: system.cpu: T0 : 0x3afba    : c_add a3, a2               : IntAlu :  D=0x0000000000061804
1924000: system.cpu: T0 : 0x3afbc    : c_addi a6, 8               : IntAlu :  D=0x0000000000061820
1925000: system.cpu: T0 : 0x3afbe    : bne t1, t4, 228            : IntAlu : 
1925500: system.cpu: T0 : 0x3afc2    : c_mv a2, a5                : IntAlu :  D=0x00000000000742d0
1926000: system.cpu: T0 : 0x3afc4    : c_j -66                    : IntAlu : 
1927000: system.cpu: T0 : 0x3af82    : addi a4, a2, 40            : IntAlu :  D=0x00000000000742f8
1927500: system.cpu: T0 : 0x3af86    : c_li a5, 0                 : IntAlu :  D=0x0000000000000000
1928000: system.cpu: T0 : 0x3af88    : c_beqz s1, 14              : IntAlu : 
1929000: system.cpu: T0 : 0x3af8a    : sw zero, 0(a4)             : MemWrite :  D=0x0000000000000000 A=0x742f8
1929500: system.cpu: T0 : 0x3af8e    : c_addi a5, 1               : IntAlu :  D=0x0000000000000001
1930000: system.cpu: T0 : 0x3af90    : c_addi a4, 4               : IntAlu :  D=0x00000000000742fc
1931000: system.cpu: T0 : 0x3af92    : bne s1, a5, -8             : IntAlu : 
1932000: system.cpu: T0 : 0x3af8a    : sw zero, 0(a4)             : MemWrite :  D=0x0000000000000000 A=0x742fc
1932500: system.cpu: T0 : 0x3af8e    : c_addi a5, 1               : IntAlu :  D=0x0000000000000002
1933000: system.cpu: T0 : 0x3af90    : c_addi a4, 4               : IntAlu :  D=0x0000000000074300
1934000: system.cpu: T0 : 0x3af92    : bne s1, a5, -8             : IntAlu : 
1935000: system.cpu: T0 : 0x3af96    : beq t3, a1, 48             : IntAlu : 
1936000: system.cpu: T0 : 0x3af9a    : ld a4, 8(a6)               : MemRead :  D=0x0000000000000005 A=0x61828
1937000: system.cpu: T0 : 0x3af9e    : add a5, a2, a7             : IntAlu :  D=0x0000000000074320
1938000: system.cpu: T0 : 0x3afa2    : lbu t1, 0(a3)              : MemRead :  D=0x000000000000002f A=0x61804
1938500: system.cpu: T0 : 0x3afa6    : c_sd a5, 0(a2)             : MemWrite :  D=0x0000000000074320 A=0x742d0
1939000: system.cpu: T0 : 0x3afa8    : c_sd a3, 24(a5)            : MemWrite :  D=0x0000000000061804 A=0x74338
1940000: system.cpu: T0 : 0x3afaa    : addi a2, a4, 1             : IntAlu :  D=0x0000000000000006
1940500: system.cpu: T0 : 0x3afae    : c_sd a5, 0(a1)             : MemWrite :  D=0x0000000000074320 A=0x74260
1941000: system.cpu: T0 : 0x3afb0    : c_sd a0, 8(a5)             : MemWrite :  D=0x0000000000061610 A=0x74328
1942000: system.cpu: T0 : 0x3afb2    : sd zero, 16(a5)            : MemWrite :  D=0x0000000000000000 A=0x74330
1942500: system.cpu: T0 : 0x3afb6    : c_sd a4, 32(a5)            : MemWrite :  D=0x0000000000000005 A=0x74340
1943000: system.cpu: T0 : 0x3afb8    : c_addi a1, 8               : IntAlu :  D=0x0000000000074268
1943500: system.cpu: T0 : 0x3afba    : c_add a3, a2               : IntAlu :  D=0x000000000006180a
1944000: system.cpu: T0 : 0x3afbc    : c_addi a6, 8               : IntAlu :  D=0x0000000000061828
1945000: system.cpu: T0 : 0x3afbe    : bne t1, t4, 228            : IntAlu : 
1945500: system.cpu: T0 : 0x3afc2    : c_mv a2, a5                : IntAlu :  D=0x0000000000074320
1946000: system.cpu: T0 : 0x3afc4    : c_j -66                    : IntAlu : 
1947000: system.cpu: T0 : 0x3af82    : addi a4, a2, 40            : IntAlu :  D=0x0000000000074348
1947500: system.cpu: T0 : 0x3af86    : c_li a5, 0                 : IntAlu :  D=0x0000000000000000
1948000: system.cpu: T0 : 0x3af88    : c_beqz s1, 14              : IntAlu : 
1949000: system.cpu: T0 : 0x3af8a    : sw zero, 0(a4)             : MemWrite :  D=0x0000000000000000 A=0x74348
1949500: system.cpu: T0 : 0x3af8e    : c_addi a5, 1               : IntAlu :  D=0x0000000000000001
1950000: system.cpu: T0 : 0x3af90    : c_addi a4, 4               : IntAlu :  D=0x000000000007434c
1951000: system.cpu: T0 : 0x3af92    : bne s1, a5, -8             : IntAlu : 
1952000: system.cpu: T0 : 0x3af8a    : sw zero, 0(a4)             : MemWrite :  D=0x0000000000000000 A=0x7434c
1952500: system.cpu: T0 : 0x3af8e    : c_addi a5, 1               : IntAlu :  D=0x0000000000000002
1953000: system.cpu: T0 : 0x3af90    : c_addi a4, 4               : IntAlu :  D=0x0000000000074350
1954000: system.cpu: T0 : 0x3af92    : bne s1, a5, -8             : IntAlu : 
1955000: system.cpu: T0 : 0x3af96    : beq t3, a1, 48             : IntAlu : 
1956000: system.cpu: T0 : 0x3af9a    : ld a4, 8(a6)               : MemRead :  D=0x0000000000000009 A=0x61830
1957000: system.cpu: T0 : 0x3af9e    : add a5, a2, a7             : IntAlu :  D=0x0000000000074370
1958000: system.cpu: T0 : 0x3afa2    : lbu t1, 0(a3)              : MemRead :  D=0x000000000000002f A=0x6180a
1958500: system.cpu: T0 : 0x3afa6    : c_sd a5, 0(a2)             : MemWrite :  D=0x0000000000074370 A=0x74320
1959000: system.cpu: T0 : 0x3afa8    : c_sd a3, 24(a5)            : MemWrite :  D=0x000000000006180a A=0x74388
1960000: system.cpu: T0 : 0x3afaa    : addi a2, a4, 1             : IntAlu :  D=0x000000000000000a
1960500: system.cpu: T0 : 0x3afae    : c_sd a5, 0(a1)             : MemWrite :  D=0x0000000000074370 A=0x74268
1961000: system.cpu: T0 : 0x3afb0    : c_sd a0, 8(a5)             : MemWrite :  D=0x0000000000061610 A=0x74378
1962000: system.cpu: T0 : 0x3afb2    : sd zero, 16(a5)            : MemWrite :  D=0x0000000000000000 A=0x74380
1962500: system.cpu: T0 : 0x3afb6    : c_sd a4, 32(a5)            : MemWrite :  D=0x0000000000000009 A=0x74390
1963000: system.cpu: T0 : 0x3afb8    : c_addi a1, 8               : IntAlu :  D=0x0000000000074270
1963500: system.cpu: T0 : 0x3afba    : c_add a3, a2               : IntAlu :  D=0x0000000000061814
1964000: system.cpu: T0 : 0x3afbc    : c_addi a6, 8               : IntAlu :  D=0x0000000000061830
1965000: system.cpu: T0 : 0x3afbe    : bne t1, t4, 228            : IntAlu : 
1965500: system.cpu: T0 : 0x3afc2    : c_mv a2, a5                : IntAlu :  D=0x0000000000074370
1966000: system.cpu: T0 : 0x3afc4    : c_j -66                    : IntAlu : 
1967000: system.cpu: T0 : 0x3af82    : addi a4, a2, 40            : IntAlu :  D=0x0000000000074398
1967500: system.cpu: T0 : 0x3af86    : c_li a5, 0                 : IntAlu :  D=0x0000000000000000
1968000: system.cpu: T0 : 0x3af88    : c_beqz s1, 14              : IntAlu : 
1969000: system.cpu: T0 : 0x3af8a    : sw zero, 0(a4)             : MemWrite :  D=0x0000000000000000 A=0x74398
1969500: system.cpu: T0 : 0x3af8e    : c_addi a5, 1               : IntAlu :  D=0x0000000000000001
1970000: system.cpu: T0 : 0x3af90    : c_addi a4, 4               : IntAlu :  D=0x000000000007439c
1971000: system.cpu: T0 : 0x3af92    : bne s1, a5, -8             : IntAlu : 
1972000: system.cpu: T0 : 0x3af8a    : sw zero, 0(a4)             : MemWrite :  D=0x0000000000000000 A=0x7439c
1972500: system.cpu: T0 : 0x3af8e    : c_addi a5, 1               : IntAlu :  D=0x0000000000000002
1973000: system.cpu: T0 : 0x3af90    : c_addi a4, 4               : IntAlu :  D=0x00000000000743a0
1974000: system.cpu: T0 : 0x3af92    : bne s1, a5, -8             : IntAlu : 
1975000: system.cpu: T0 : 0x3af96    : beq t3, a1, 48             : IntAlu : 
1975500: system.cpu: T0 : 0x3afc6    : c_li a4, 27                : IntAlu :  D=0x000000000000001b
1976000: system.cpu: T0 : 0x3afc8    : sd zero, 0(a2)             : MemWrite :  D=0x0000000000000000 A=0x74370
1976500: system.cpu: T0 : 0x3afcc    : sd a4, -1192(gp)           : MemWrite :  D=0x000000000000001b A=0x70c00
1977000: system.cpu: T0 : 0x3afd0    : sd zero, 32(s5)            : MemWrite :  D=0x0000000000000000 A=0x74270
1977500: system.cpu: T0 : 0x3afd4    : beq s2, zero, 10           : IntAlu : 
1978000: system.cpu: T0 : 0x3afde    : c_li a5, -1                : IntAlu :  D=0xffffffffffffffff
1978500: system.cpu: T0 : 0x3afe0    : sd a5, 48(s3)              : MemWrite :  D=0xffffffffffffffff A=0x6eff0
1979000: system.cpu: T0 : 0x3afe4    : addi sp, s0, -64           : IntAlu :  D=0x7ffffffffffffcf0
1979500: system.cpu: T0 : 0x3afe8    : c_ldsp ra, 56(sp)          : MemRead :  D=0x00000000000228ce A=0x7ffffffffffffd28
1980000: system.cpu: T0 : 0x3afea    : c_ldsp s0, 48(sp)          : MemRead :  D=0x000000000006ef80 A=0x7ffffffffffffd20
1980500: system.cpu: T0 : 0x3afec    : c_ldsp s1, 40(sp)          : MemRead :  D=0x000000000006fed8 A=0x7ffffffffffffd18
1981000: system.cpu: T0 : 0x3afee    : c_ldsp s2, 32(sp)          : MemRead :  D=0x0000000000072000 A=0x7ffffffffffffd10
1981500: system.cpu: T0 : 0x3aff0    : c_ldsp s3, 24(sp)          : MemRead :  D=0x0000000000072000 A=0x7ffffffffffffd08
1982000: system.cpu: T0 : 0x3aff2    : c_ldsp s4, 16(sp)          : MemRead :  D=0x0000000000070000 A=0x7ffffffffffffd00
1982500: system.cpu: T0 : 0x3aff4    : c_ldsp s5, 8(sp)           : MemRead :  D=0x0000000000072000 A=0x7ffffffffffffcf8
1983000: system.cpu: T0 : 0x3aff6    : c_addi16sp sp, 64          : IntAlu :  D=0x7ffffffffffffd30
1983500: system.cpu: T0 : 0x3aff8    : c_jr ra                    : IntAlu : 
1984500: system.cpu: T0 : 0x228ce    : lui a5, 114                : IntAlu :  D=0x0000000000072000
1985500: system.cpu: T0 : 0x228d2    : ld a4, -248(a5)            : MemRead :  D=0x0000000000074280 A=0x71f08
1986500: system.cpu: T0 : 0x228d6    : lui a0, 80                 : IntAlu :  D=0x0000000000050000
1987500: system.cpu: T0 : 0x228da    : lui a5, 114                : IntAlu :  D=0x0000000000072000
1988500: system.cpu: T0 : 0x228de    : addi a0, a0, -320          : IntAlu :  D=0x000000000004fec0
1989500: system.cpu: T0 : 0x228e2    : sd a4, -288(a5)            : MemWrite :  D=0x0000000000074280 A=0x71ee0
1990500: system.cpu: T0 : 0x228e6    : jal ra, -57838             : IntAlu :  D=0x00000000000228ea
1991000: system.cpu: T0 : 0x146f8    : c_addi16sp sp, -64         : IntAlu :  D=0x7ffffffffffffcf0
1991500: system.cpu: T0 : 0x146fa    : c_sdsp s1, 40(sp)          : MemWrite :  D=0x000000000006fed8 A=0x7ffffffffffffd18
1992000: system.cpu: T0 : 0x146fc    : ld s1, -1360(gp)           : MemRead :  D=0x7fffffffffffff48 A=0x70b58
1992500: system.cpu: T0 : 0x14700    : c_sdsp ra, 56(sp)          : MemWrite :  D=0x00000000000228ea A=0x7ffffffffffffd28
1993000: system.cpu: T0 : 0x14702    : c_sdsp s0, 48(sp)          : MemWrite :  D=0x000000000006ef80 A=0x7ffffffffffffd20
1993500: system.cpu: T0 : 0x14704    : c_sdsp s2, 32(sp)          : MemWrite :  D=0x0000000000072000 A=0x7ffffffffffffd10
1994000: system.cpu: T0 : 0x14706    : c_sdsp s3, 24(sp)          : MemWrite :  D=0x0000000000072000 A=0x7ffffffffffffd08
1994500: system.cpu: T0 : 0x14708    : c_sdsp s4, 16(sp)          : MemWrite :  D=0x0000000000070000 A=0x7ffffffffffffd00
1995000: system.cpu: T0 : 0x1470a    : c_sdsp s5, 8(sp)           : MemWrite :  D=0x0000000000072000 A=0x7ffffffffffffcf8
1995500: system.cpu: T0 : 0x1470c    : c_sdsp s6, 0(sp)           : MemWrite :  D=0x0000000000072000 A=0x7ffffffffffffcf0
1996000: system.cpu: T0 : 0x1470e    : c_beqz s1, 210             : IntAlu : 
1996500: system.cpu: T0 : 0x14710    : lbu a5, 0(a0)              : MemRead :  D=0x000000000000004c A=0x4fec0
1997000: system.cpu: T0 : 0x14714    : c_mv s4, a0                : IntAlu :  D=0x000000000004fec0
1997500: system.cpu: T0 : 0x14716    : c_beqz a5, 202             : IntAlu : 
1998000: system.cpu: T0 : 0x14718    : lbu s5, 1(a0)              : MemRead :  D=0x0000000000000044 A=0x4fec1
1998500: system.cpu: T0 : 0x1471c    : slliw s2, a5, 16           : IntAlu :  D=0x00000000004c0000
1999000: system.cpu: T0 : 0x14720    : c_ld s0, 0(s1)             : MemRead :  D=0x0000000000000000 A=0x7fffffffffffff48
2000000: system.cpu: T0 : 0x14722    : sraiw s2, s2, 16           : IntAlu :  D=0x000000000000004c
2001000: system.cpu: T0 : 0x14726    : bne s5, zero, 86           : IntAlu : 
2001500: system.cpu: T0 : 0x1477c    : jal ra, 42488              : IntAlu :  D=0x0000000000014780
2002000: system.cpu: T0 : 0x1ed74    : andi a5, a0, 7             : IntAlu :  D=0x0000000000000000
2002500: system.cpu: T0 : 0x1ed78    : c_beqz a5, 26              : IntAlu : 
2003000: system.cpu: T0 : 0x1ed92    : c_mv a5, a0                : IntAlu :  D=0x000000000004fec0
2003500: system.cpu: T0 : 0x1ed94    : ld a6, -2024(gp)           : MemRead :  D=0xfefefefefefefeff A=0x708c0
2004000: system.cpu: T0 : 0x1ed98    : ld a1, -2016(gp)           : MemRead :  D=0x8080808080808080 A=0x708c8
2004500: system.cpu: T0 : 0x1ed9c    : c_ld a2, 0(a5)             : MemRead :  D=0x5f444e49425f444c A=0x4fec0
2005500: system.cpu: T0 : 0x1ed9e    : addi a3, a5, 8             : IntAlu :  D=0x000000000004fec8
2006500: system.cpu: T0 : 0x1eda2    : add a4, a2, a6             : IntAlu :  D=0x5e434d48415e434b
2007500: system.cpu: T0 : 0x1eda6    : xori a2, a2, 18446744073709551615 : IntAlu :  D=0xa0bbb1b6bda0bbb3
2008000: system.cpu: T0 : 0x1edaa    : c_and a4, a2               : IntAlu :  D=0x0003010001000303
2008500: system.cpu: T0 : 0x1edac    : c_and a4, a1               : IntAlu :  D=0x0000000000000000
2009000: system.cpu: T0 : 0x1edae    : c_beqz a4, 50              : IntAlu : 
2009500: system.cpu: T0 : 0x1ede0    : c_mv a5, a3                : IntAlu :  D=0x000000000004fec8
2010000: system.cpu: T0 : 0x1ede2    : c_j -70                    : IntAlu : 
2010500: system.cpu: T0 : 0x1ed9c    : c_ld a2, 0(a5)             : MemRead :  D=0x0000000000574f4e A=0x4fec8
2011500: system.cpu: T0 : 0x1ed9e    : addi a3, a5, 8             : IntAlu :  D=0x000000000004fed0
2012500: system.cpu: T0 : 0x1eda2    : add a4, a2, a6             : IntAlu :  D=0xfefefefeff564e4d
2013500: system.cpu: T0 : 0x1eda6    : xori a2, a2, 18446744073709551615 : IntAlu :  D=0xffffffffffa8b0b1
2014000: system.cpu: T0 : 0x1edaa    : c_and a4, a2               : IntAlu :  D=0xfefefefeff000001
2014500: system.cpu: T0 : 0x1edac    : c_and a4, a1               : IntAlu :  D=0x8080808080000000
2015000: system.cpu: T0 : 0x1edae    : c_beqz a4, 50              : IntAlu : 
2015500: system.cpu: T0 : 0x1edb0    : lbu a4, -8(a3)             : MemRead :  D=0x000000000000004e A=0x4fec8
2016000: system.cpu: T0 : 0x1edb4    : c_beqz a4, -40             : IntAlu : 
2017000: system.cpu: T0 : 0x1edb6    : lbu a4, -7(a3)             : MemRead :  D=0x000000000000004f A=0x4fec9
2017500: system.cpu: T0 : 0x1edba    : c_beqz a4, 50              : IntAlu : 
2018000: system.cpu: T0 : 0x1edbc    : lbu a4, -6(a3)             : MemRead :  D=0x0000000000000057 A=0x4feca
2018500: system.cpu: T0 : 0x1edc0    : c_beqz a4, 52              : IntAlu : 
2019500: system.cpu: T0 : 0x1edc2    : lbu a4, -5(a3)             : MemRead :  D=0x0000000000000000 A=0x4fecb
2020000: system.cpu: T0 : 0x1edc6    : c_beqz a4, 54              : IntAlu : 
2020500: system.cpu: T0 : 0x1edfc    : c_sub a5, a0               : IntAlu :  D=0x0000000000000008
2021500: system.cpu: T0 : 0x1edfe    : addi a0, a5, 3             : IntAlu :  D=0x000000000000000b
2022000: system.cpu: T0 : 0x1ee02    : c_jr ra                    : IntAlu : 
2022500: system.cpu: T0 : 0x14780    : slli a5, s5, 8             : IntAlu :  D=0x0000000000004400
2023000: system.cpu: T0 : 0x14784    : or a5, s2, a5              : IntAlu :  D=0x000000000000444c
2023500: system.cpu: T0 : 0x14788    : slliw s2, a5, 16           : IntAlu :  D=0x00000000444c0000
2024000: system.cpu: T0 : 0x1478c    : c_mv s3, a0                : IntAlu :  D=0x000000000000000b
2025000: system.cpu: T0 : 0x1478e    : sraiw s2, s2, 16           : IntAlu :  D=0x000000000000444c
2026000: system.cpu: T0 : 0x14792    : addi s5, a0, -2            : IntAlu :  D=0x0000000000000009
2026500: system.cpu: T0 : 0x14796    : c_addi s4, 2               : IntAlu :  D=0x000000000004fec2
2027000: system.cpu: T0 : 0x14798    : c_beqz s0, -50             : IntAlu : 
2027500: system.cpu: T0 : 0x14766    : c_ldsp ra, 56(sp)          : MemRead :  D=0x00000000000228ea A=0x7ffffffffffffd28
2028000: system.cpu: T0 : 0x14768    : c_mv a0, s0                : IntAlu :  D=0x0000000000000000
2028500: system.cpu: T0 : 0x1476a    : c_ldsp s0, 48(sp)          : MemRead :  D=0x000000000006ef80 A=0x7ffffffffffffd20
2029000: system.cpu: T0 : 0x1476c    : c_ldsp s1, 40(sp)          : MemRead :  D=0x000000000006fed8 A=0x7ffffffffffffd18
2029500: system.cpu: T0 : 0x1476e    : c_ldsp s2, 32(sp)          : MemRead :  D=0x0000000000072000 A=0x7ffffffffffffd10
2030000: system.cpu: T0 : 0x14770    : c_ldsp s3, 24(sp)          : MemRead :  D=0x0000000000072000 A=0x7ffffffffffffd08
2030500: system.cpu: T0 : 0x14772    : c_ldsp s4, 16(sp)          : MemRead :  D=0x0000000000070000 A=0x7ffffffffffffd00
2031000: system.cpu: T0 : 0x14774    : c_ldsp s5, 8(sp)           : MemRead :  D=0x0000000000072000 A=0x7ffffffffffffcf8
2031500: system.cpu: T0 : 0x14776    : c_ldsp s6, 0(sp)           : MemRead :  D=0x0000000000072000 A=0x7ffffffffffffcf0
2032000: system.cpu: T0 : 0x14778    : c_addi16sp sp, 64          : IntAlu :  D=0x7ffffffffffffd30
2032500: system.cpu: T0 : 0x1477a    : c_jr ra                    : IntAlu : 
2033000: system.cpu: T0 : 0x228ea    : c_li a5, 1                 : IntAlu :  D=0x0000000000000001
2033500: system.cpu: T0 : 0x228ec    : c_beqz a0, 10              : IntAlu : 
2034500: system.cpu: T0 : 0x228f6    : lui a0, 80                 : IntAlu :  D=0x0000000000050000
2035500: system.cpu: T0 : 0x228fa    : lui a4, 114                : IntAlu :  D=0x0000000000072000
2036500: system.cpu: T0 : 0x228fe    : addi a0, a0, -304          : IntAlu :  D=0x000000000004fed0
2037500: system.cpu: T0 : 0x22902    : sw a5, -352(a4)            : MemWrite :  D=0x0000000000000001 A=0x71ea0
2038500: system.cpu: T0 : 0x22906    : jal ra, -57870             : IntAlu :  D=0x000000000002290a
2039000: system.cpu: T0 : 0x146f8    : c_addi16sp sp, -64         : IntAlu :  D=0x7ffffffffffffcf0
2039500: system.cpu: T0 : 0x146fa    : c_sdsp s1, 40(sp)          : MemWrite :  D=0x000000000006fed8 A=0x7ffffffffffffd18
2040000: system.cpu: T0 : 0x146fc    : ld s1, -1360(gp)           : MemRead :  D=0x7fffffffffffff48 A=0x70b58
2040500: system.cpu: T0 : 0x14700    : c_sdsp ra, 56(sp)          : MemWrite :  D=0x000000000002290a A=0x7ffffffffffffd28
2041000: system.cpu: T0 : 0x14702    : c_sdsp s0, 48(sp)          : MemWrite :  D=0x000000000006ef80 A=0x7ffffffffffffd20
2041500: system.cpu: T0 : 0x14704    : c_sdsp s2, 32(sp)          : MemWrite :  D=0x0000000000072000 A=0x7ffffffffffffd10
2042000: system.cpu: T0 : 0x14706    : c_sdsp s3, 24(sp)          : MemWrite :  D=0x0000000000072000 A=0x7ffffffffffffd08
2042500: system.cpu: T0 : 0x14708    : c_sdsp s4, 16(sp)          : MemWrite :  D=0x0000000000070000 A=0x7ffffffffffffd00
2043000: system.cpu: T0 : 0x1470a    : c_sdsp s5, 8(sp)           : MemWrite :  D=0x0000000000072000 A=0x7ffffffffffffcf8
2043500: system.cpu: T0 : 0x1470c    : c_sdsp s6, 0(sp)           : MemWrite :  D=0x0000000000072000 A=0x7ffffffffffffcf0
2044000: system.cpu: T0 : 0x1470e    : c_beqz s1, 210             : IntAlu : 
2044500: system.cpu: T0 : 0x14710    : lbu a5, 0(a0)              : MemRead :  D=0x000000000000004c A=0x4fed0
2045000: system.cpu: T0 : 0x14714    : c_mv s4, a0                : IntAlu :  D=0x000000000004fed0
2045500: system.cpu: T0 : 0x14716    : c_beqz a5, 202             : IntAlu : 
2046000: system.cpu: T0 : 0x14718    : lbu s5, 1(a0)              : MemRead :  D=0x0000000000000044 A=0x4fed1
2046500: system.cpu: T0 : 0x1471c    : slliw s2, a5, 16           : IntAlu :  D=0x00000000004c0000
2047000: system.cpu: T0 : 0x14720    : c_ld s0, 0(s1)             : MemRead :  D=0x0000000000000000 A=0x7fffffffffffff48
2048000: system.cpu: T0 : 0x14722    : sraiw s2, s2, 16           : IntAlu :  D=0x000000000000004c
2049000: system.cpu: T0 : 0x14726    : bne s5, zero, 86           : IntAlu : 
2049500: system.cpu: T0 : 0x1477c    : jal ra, 42488              : IntAlu :  D=0x0000000000014780
2050000: system.cpu: T0 : 0x1ed74    : andi a5, a0, 7             : IntAlu :  D=0x0000000000000000
2050500: system.cpu: T0 : 0x1ed78    : c_beqz a5, 26              : IntAlu : 
2051000: system.cpu: T0 : 0x1ed92    : c_mv a5, a0                : IntAlu :  D=0x000000000004fed0
2051500: system.cpu: T0 : 0x1ed94    : ld a6, -2024(gp)           : MemRead :  D=0xfefefefefefefeff A=0x708c0
2052000: system.cpu: T0 : 0x1ed98    : ld a1, -2016(gp)           : MemRead :  D=0x8080808080808080 A=0x708c8
2052500: system.cpu: T0 : 0x1ed9c    : c_ld a2, 0(a5)             : MemRead :  D=0x5f444e49425f444c A=0x4fed0
2053500: system.cpu: T0 : 0x1ed9e    : addi a3, a5, 8             : IntAlu :  D=0x000000000004fed8
2054500: system.cpu: T0 : 0x1eda2    : add a4, a2, a6             : IntAlu :  D=0x5e434d48415e434b
2055500: system.cpu: T0 : 0x1eda6    : xori a2, a2, 18446744073709551615 : IntAlu :  D=0xa0bbb1b6bda0bbb3
2056000: system.cpu: T0 : 0x1edaa    : c_and a4, a2               : IntAlu :  D=0x0003010001000303
2056500: system.cpu: T0 : 0x1edac    : c_and a4, a1               : IntAlu :  D=0x0000000000000000
2057000: system.cpu: T0 : 0x1edae    : c_beqz a4, 50              : IntAlu : 
2057500: system.cpu: T0 : 0x1ede0    : c_mv a5, a3                : IntAlu :  D=0x000000000004fed8
2058000: system.cpu: T0 : 0x1ede2    : c_j -70                    : IntAlu : 
2058500: system.cpu: T0 : 0x1ed9c    : c_ld a2, 0(a5)             : MemRead :  D=0x0000000000544f4e A=0x4fed8
2059500: system.cpu: T0 : 0x1ed9e    : addi a3, a5, 8             : IntAlu :  D=0x000000000004fee0
2060500: system.cpu: T0 : 0x1eda2    : add a4, a2, a6             : IntAlu :  D=0xfefefefeff534e4d
2061500: system.cpu: T0 : 0x1eda6    : xori a2, a2, 18446744073709551615 : IntAlu :  D=0xffffffffffabb0b1
2062000: system.cpu: T0 : 0x1edaa    : c_and a4, a2               : IntAlu :  D=0xfefefefeff030001
2062500: system.cpu: T0 : 0x1edac    : c_and a4, a1               : IntAlu :  D=0x8080808080000000
2063000: system.cpu: T0 : 0x1edae    : c_beqz a4, 50              : IntAlu : 
2063500: system.cpu: T0 : 0x1edb0    : lbu a4, -8(a3)             : MemRead :  D=0x000000000000004e A=0x4fed8
2064000: system.cpu: T0 : 0x1edb4    : c_beqz a4, -40             : IntAlu : 
2065000: system.cpu: T0 : 0x1edb6    : lbu a4, -7(a3)             : MemRead :  D=0x000000000000004f A=0x4fed9
2065500: system.cpu: T0 : 0x1edba    : c_beqz a4, 50              : IntAlu : 
2066000: system.cpu: T0 : 0x1edbc    : lbu a4, -6(a3)             : MemRead :  D=0x0000000000000054 A=0x4feda
2066500: system.cpu: T0 : 0x1edc0    : c_beqz a4, 52              : IntAlu : 
2067500: system.cpu: T0 : 0x1edc2    : lbu a4, -5(a3)             : MemRead :  D=0x0000000000000000 A=0x4fedb
2068000: system.cpu: T0 : 0x1edc6    : c_beqz a4, 54              : IntAlu : 
2068500: system.cpu: T0 : 0x1edfc    : c_sub a5, a0               : IntAlu :  D=0x0000000000000008
2069500: system.cpu: T0 : 0x1edfe    : addi a0, a5, 3             : IntAlu :  D=0x000000000000000b
2070000: system.cpu: T0 : 0x1ee02    : c_jr ra                    : IntAlu : 
2070500: system.cpu: T0 : 0x14780    : slli a5, s5, 8             : IntAlu :  D=0x0000000000004400
2071000: system.cpu: T0 : 0x14784    : or a5, s2, a5              : IntAlu :  D=0x000000000000444c
2071500: system.cpu: T0 : 0x14788    : slliw s2, a5, 16           : IntAlu :  D=0x00000000444c0000
2072000: system.cpu: T0 : 0x1478c    : c_mv s3, a0                : IntAlu :  D=0x000000000000000b
2073000: system.cpu: T0 : 0x1478e    : sraiw s2, s2, 16           : IntAlu :  D=0x000000000000444c
2074000: system.cpu: T0 : 0x14792    : addi s5, a0, -2            : IntAlu :  D=0x0000000000000009
2074500: system.cpu: T0 : 0x14796    : c_addi s4, 2               : IntAlu :  D=0x000000000004fed2
2075000: system.cpu: T0 : 0x14798    : c_beqz s0, -50             : IntAlu : 
2075500: system.cpu: T0 : 0x14766    : c_ldsp ra, 56(sp)          : MemRead :  D=0x000000000002290a A=0x7ffffffffffffd28
2076000: system.cpu: T0 : 0x14768    : c_mv a0, s0                : IntAlu :  D=0x0000000000000000
2076500: system.cpu: T0 : 0x1476a    : c_ldsp s0, 48(sp)          : MemRead :  D=0x000000000006ef80 A=0x7ffffffffffffd20
2077000: system.cpu: T0 : 0x1476c    : c_ldsp s1, 40(sp)          : MemRead :  D=0x000000000006fed8 A=0x7ffffffffffffd18
2077500: system.cpu: T0 : 0x1476e    : c_ldsp s2, 32(sp)          : MemRead :  D=0x0000000000072000 A=0x7ffffffffffffd10
2078000: system.cpu: T0 : 0x14770    : c_ldsp s3, 24(sp)          : MemRead :  D=0x0000000000072000 A=0x7ffffffffffffd08
2078500: system.cpu: T0 : 0x14772    : c_ldsp s4, 16(sp)          : MemRead :  D=0x0000000000070000 A=0x7ffffffffffffd00
2079000: system.cpu: T0 : 0x14774    : c_ldsp s5, 8(sp)           : MemRead :  D=0x0000000000072000 A=0x7ffffffffffffcf8
2079500: system.cpu: T0 : 0x14776    : c_ldsp s6, 0(sp)           : MemRead :  D=0x0000000000072000 A=0x7ffffffffffffcf0
2080000: system.cpu: T0 : 0x14778    : c_addi16sp sp, 64          : IntAlu :  D=0x7ffffffffffffd30
2080500: system.cpu: T0 : 0x1477a    : c_jr ra                    : IntAlu : 
2081000: system.cpu: T0 : 0x2290a    : c_li a5, 0                 : IntAlu :  D=0x0000000000000000
2081500: system.cpu: T0 : 0x2290c    : c_beqz a0, 10              : IntAlu : 
2082500: system.cpu: T0 : 0x22916    : lui a0, 80                 : IntAlu :  D=0x0000000000050000
2083500: system.cpu: T0 : 0x2291a    : lui a4, 114                : IntAlu :  D=0x0000000000072000
2084500: system.cpu: T0 : 0x2291e    : addi a0, a0, -288          : IntAlu :  D=0x000000000004fee0
2085500: system.cpu: T0 : 0x22922    : sw a5, -376(a4)            : MemWrite :  D=0x0000000000000000 A=0x71e88
2086500: system.cpu: T0 : 0x22926    : jal ra, -57902             : IntAlu :  D=0x000000000002292a
2087000: system.cpu: T0 : 0x146f8    : c_addi16sp sp, -64         : IntAlu :  D=0x7ffffffffffffcf0
2087500: system.cpu: T0 : 0x146fa    : c_sdsp s1, 40(sp)          : MemWrite :  D=0x000000000006fed8 A=0x7ffffffffffffd18
2088000: system.cpu: T0 : 0x146fc    : ld s1, -1360(gp)           : MemRead :  D=0x7fffffffffffff48 A=0x70b58
2088500: system.cpu: T0 : 0x14700    : c_sdsp ra, 56(sp)          : MemWrite :  D=0x000000000002292a A=0x7ffffffffffffd28
2089000: system.cpu: T0 : 0x14702    : c_sdsp s0, 48(sp)          : MemWrite :  D=0x000000000006ef80 A=0x7ffffffffffffd20
2089500: system.cpu: T0 : 0x14704    : c_sdsp s2, 32(sp)          : MemWrite :  D=0x0000000000072000 A=0x7ffffffffffffd10
2090000: system.cpu: T0 : 0x14706    : c_sdsp s3, 24(sp)          : MemWrite :  D=0x0000000000072000 A=0x7ffffffffffffd08
2090500: system.cpu: T0 : 0x14708    : c_sdsp s4, 16(sp)          : MemWrite :  D=0x0000000000070000 A=0x7ffffffffffffd00
2091000: system.cpu: T0 : 0x1470a    : c_sdsp s5, 8(sp)           : MemWrite :  D=0x0000000000072000 A=0x7ffffffffffffcf8
2091500: system.cpu: T0 : 0x1470c    : c_sdsp s6, 0(sp)           : MemWrite :  D=0x0000000000072000 A=0x7ffffffffffffcf0
2092000: system.cpu: T0 : 0x1470e    : c_beqz s1, 210             : IntAlu : 
2092500: system.cpu: T0 : 0x14710    : lbu a5, 0(a0)              : MemRead :  D=0x000000000000004c A=0x4fee0
2093000: system.cpu: T0 : 0x14714    : c_mv s4, a0                : IntAlu :  D=0x000000000004fee0
2093500: system.cpu: T0 : 0x14716    : c_beqz a5, 202             : IntAlu : 
2094000: system.cpu: T0 : 0x14718    : lbu s5, 1(a0)              : MemRead :  D=0x0000000000000044 A=0x4fee1
2094500: system.cpu: T0 : 0x1471c    : slliw s2, a5, 16           : IntAlu :  D=0x00000000004c0000
2095000: system.cpu: T0 : 0x14720    : c_ld s0, 0(s1)             : MemRead :  D=0x0000000000000000 A=0x7fffffffffffff48
2096000: system.cpu: T0 : 0x14722    : sraiw s2, s2, 16           : IntAlu :  D=0x000000000000004c
2097000: system.cpu: T0 : 0x14726    : bne s5, zero, 86           : IntAlu : 
2097500: system.cpu: T0 : 0x1477c    : jal ra, 42488              : IntAlu :  D=0x0000000000014780
2098000: system.cpu: T0 : 0x1ed74    : andi a5, a0, 7             : IntAlu :  D=0x0000000000000000
2098500: system.cpu: T0 : 0x1ed78    : c_beqz a5, 26              : IntAlu : 
2099000: system.cpu: T0 : 0x1ed92    : c_mv a5, a0                : IntAlu :  D=0x000000000004fee0
2099500: system.cpu: T0 : 0x1ed94    : ld a6, -2024(gp)           : MemRead :  D=0xfefefefefefefeff A=0x708c0
2100000: system.cpu: T0 : 0x1ed98    : ld a1, -2016(gp)           : MemRead :  D=0x8080808080808080 A=0x708c8
2100500: system.cpu: T0 : 0x1ed9c    : c_ld a2, 0(a5)             : MemRead :  D=0x4d414e59445f444c A=0x4fee0
2101500: system.cpu: T0 : 0x1ed9e    : addi a3, a5, 8             : IntAlu :  D=0x000000000004fee8
2102500: system.cpu: T0 : 0x1eda2    : add a4, a2, a6             : IntAlu :  D=0x4c404d58435e434b
2103500: system.cpu: T0 : 0x1eda6    : xori a2, a2, 18446744073709551615 : IntAlu :  D=0xb2beb1a6bba0bbb3
2104000: system.cpu: T0 : 0x1edaa    : c_and a4, a2               : IntAlu :  D=0x0000010003000303
2104500: system.cpu: T0 : 0x1edac    : c_and a4, a1               : IntAlu :  D=0x0000000000000000
2105000: system.cpu: T0 : 0x1edae    : c_beqz a4, 50              : IntAlu : 
2105500: system.cpu: T0 : 0x1ede0    : c_mv a5, a3                : IntAlu :  D=0x000000000004fee8
2106000: system.cpu: T0 : 0x1ede2    : c_j -70                    : IntAlu : 
2106500: system.cpu: T0 : 0x1ed9c    : c_ld a2, 0(a5)             : MemRead :  D=0x004b4145575f4349 A=0x4fee8
2107500: system.cpu: T0 : 0x1ed9e    : addi a3, a5, 8             : IntAlu :  D=0x000000000004fef0
2108500: system.cpu: T0 : 0x1eda2    : add a4, a2, a6             : IntAlu :  D=0xff4a4044565e4248
2109500: system.cpu: T0 : 0x1eda6    : xori a2, a2, 18446744073709551615 : IntAlu :  D=0xffb4bebaa8a0bcb6
2110000: system.cpu: T0 : 0x1edaa    : c_and a4, a2               : IntAlu :  D=0xff00000000000000
2110500: system.cpu: T0 : 0x1edac    : c_and a4, a1               : IntAlu :  D=0x8000000000000000
2111000: system.cpu: T0 : 0x1edae    : c_beqz a4, 50              : IntAlu : 
2111500: system.cpu: T0 : 0x1edb0    : lbu a4, -8(a3)             : MemRead :  D=0x0000000000000049 A=0x4fee8
2112000: system.cpu: T0 : 0x1edb4    : c_beqz a4, -40             : IntAlu : 
2113000: system.cpu: T0 : 0x1edb6    : lbu a4, -7(a3)             : MemRead :  D=0x0000000000000043 A=0x4fee9
2113500: system.cpu: T0 : 0x1edba    : c_beqz a4, 50              : IntAlu : 
2114000: system.cpu: T0 : 0x1edbc    : lbu a4, -6(a3)             : MemRead :  D=0x000000000000005f A=0x4feea
2114500: system.cpu: T0 : 0x1edc0    : c_beqz a4, 52              : IntAlu : 
2115500: system.cpu: T0 : 0x1edc2    : lbu a4, -5(a3)             : MemRead :  D=0x0000000000000057 A=0x4feeb
2116000: system.cpu: T0 : 0x1edc6    : c_beqz a4, 54              : IntAlu : 
2116500: system.cpu: T0 : 0x1edc8    : lbu a4, -4(a3)             : MemRead :  D=0x0000000000000045 A=0x4feec
2117000: system.cpu: T0 : 0x1edcc    : c_beqz a4, 56              : IntAlu : 
2118000: system.cpu: T0 : 0x1edce    : lbu a4, -3(a3)             : MemRead :  D=0x0000000000000041 A=0x4feed
2118500: system.cpu: T0 : 0x1edd2    : c_beqz a4, 58              : IntAlu : 
2119000: system.cpu: T0 : 0x1edd4    : lbu a4, -2(a3)             : MemRead :  D=0x000000000000004b A=0x4feee
2119500: system.cpu: T0 : 0x1edd8    : c_beqz a4, 60              : IntAlu : 
2120500: system.cpu: T0 : 0x1edda    : lbu a4, -1(a3)             : MemRead :  D=0x0000000000000000 A=0x4feef
2121000: system.cpu: T0 : 0x1edde    : c_beqz a4, 6               : IntAlu : 
2121500: system.cpu: T0 : 0x1ede4    : c_sub a5, a0               : IntAlu :  D=0x0000000000000008
2122500: system.cpu: T0 : 0x1ede6    : addi a0, a5, 7             : IntAlu :  D=0x000000000000000f
2123000: system.cpu: T0 : 0x1edea    : c_jr ra                    : IntAlu : 
2123500: system.cpu: T0 : 0x14780    : slli a5, s5, 8             : IntAlu :  D=0x0000000000004400
2124000: system.cpu: T0 : 0x14784    : or a5, s2, a5              : IntAlu :  D=0x000000000000444c
2124500: system.cpu: T0 : 0x14788    : slliw s2, a5, 16           : IntAlu :  D=0x00000000444c0000
2125000: system.cpu: T0 : 0x1478c    : c_mv s3, a0                : IntAlu :  D=0x000000000000000f
2126000: system.cpu: T0 : 0x1478e    : sraiw s2, s2, 16           : IntAlu :  D=0x000000000000444c
2127000: system.cpu: T0 : 0x14792    : addi s5, a0, -2            : IntAlu :  D=0x000000000000000d
2127500: system.cpu: T0 : 0x14796    : c_addi s4, 2               : IntAlu :  D=0x000000000004fee2
2128000: system.cpu: T0 : 0x14798    : c_beqz s0, -50             : IntAlu : 
2128500: system.cpu: T0 : 0x14766    : c_ldsp ra, 56(sp)          : MemRead :  D=0x000000000002292a A=0x7ffffffffffffd28
2129000: system.cpu: T0 : 0x14768    : c_mv a0, s0                : IntAlu :  D=0x0000000000000000
2129500: system.cpu: T0 : 0x1476a    : c_ldsp s0, 48(sp)          : MemRead :  D=0x000000000006ef80 A=0x7ffffffffffffd20
2130000: system.cpu: T0 : 0x1476c    : c_ldsp s1, 40(sp)          : MemRead :  D=0x000000000006fed8 A=0x7ffffffffffffd18
2130500: system.cpu: T0 : 0x1476e    : c_ldsp s2, 32(sp)          : MemRead :  D=0x0000000000072000 A=0x7ffffffffffffd10
2131000: system.cpu: T0 : 0x14770    : c_ldsp s3, 24(sp)          : MemRead :  D=0x0000000000072000 A=0x7ffffffffffffd08
2131500: system.cpu: T0 : 0x14772    : c_ldsp s4, 16(sp)          : MemRead :  D=0x0000000000070000 A=0x7ffffffffffffd00
2132000: system.cpu: T0 : 0x14774    : c_ldsp s5, 8(sp)           : MemRead :  D=0x0000000000072000 A=0x7ffffffffffffcf8
2132500: system.cpu: T0 : 0x14776    : c_ldsp s6, 0(sp)           : MemRead :  D=0x0000000000072000 A=0x7ffffffffffffcf0
2133000: system.cpu: T0 : 0x14778    : c_addi16sp sp, 64          : IntAlu :  D=0x7ffffffffffffd30
2133500: system.cpu: T0 : 0x1477a    : c_jr ra                    : IntAlu : 
2134000: system.cpu: T0 : 0x2292a    : c_li a5, 1                 : IntAlu :  D=0x0000000000000001
2134500: system.cpu: T0 : 0x2292c    : c_beqz a0, 10              : IntAlu : 
2135500: system.cpu: T0 : 0x22936    : lui a0, 80                 : IntAlu :  D=0x0000000000050000
2136500: system.cpu: T0 : 0x2293a    : lui a4, 114                : IntAlu :  D=0x0000000000072000
2137500: system.cpu: T0 : 0x2293e    : addi a0, a0, -272          : IntAlu :  D=0x000000000004fef0
2138500: system.cpu: T0 : 0x22942    : sw a5, -300(a4)            : MemWrite :  D=0x0000000000000001 A=0x71ed4
2139500: system.cpu: T0 : 0x22946    : jal ra, -57934             : IntAlu :  D=0x000000000002294a
2140000: system.cpu: T0 : 0x146f8    : c_addi16sp sp, -64         : IntAlu :  D=0x7ffffffffffffcf0
2140500: system.cpu: T0 : 0x146fa    : c_sdsp s1, 40(sp)          : MemWrite :  D=0x000000000006fed8 A=0x7ffffffffffffd18
2141000: system.cpu: T0 : 0x146fc    : ld s1, -1360(gp)           : MemRead :  D=0x7fffffffffffff48 A=0x70b58
2141500: system.cpu: T0 : 0x14700    : c_sdsp ra, 56(sp)          : MemWrite :  D=0x000000000002294a A=0x7ffffffffffffd28
2142000: system.cpu: T0 : 0x14702    : c_sdsp s0, 48(sp)          : MemWrite :  D=0x000000000006ef80 A=0x7ffffffffffffd20
2142500: system.cpu: T0 : 0x14704    : c_sdsp s2, 32(sp)          : MemWrite :  D=0x0000000000072000 A=0x7ffffffffffffd10
2143000: system.cpu: T0 : 0x14706    : c_sdsp s3, 24(sp)          : MemWrite :  D=0x0000000000072000 A=0x7ffffffffffffd08
2143500: system.cpu: T0 : 0x14708    : c_sdsp s4, 16(sp)          : MemWrite :  D=0x0000000000070000 A=0x7ffffffffffffd00
2144000: system.cpu: T0 : 0x1470a    : c_sdsp s5, 8(sp)           : MemWrite :  D=0x0000000000072000 A=0x7ffffffffffffcf8
2144500: system.cpu: T0 : 0x1470c    : c_sdsp s6, 0(sp)           : MemWrite :  D=0x0000000000072000 A=0x7ffffffffffffcf0
2145000: system.cpu: T0 : 0x1470e    : c_beqz s1, 210             : IntAlu : 
2145500: system.cpu: T0 : 0x14710    : lbu a5, 0(a0)              : MemRead :  D=0x000000000000004c A=0x4fef0
2146000: system.cpu: T0 : 0x14714    : c_mv s4, a0                : IntAlu :  D=0x000000000004fef0
2146500: system.cpu: T0 : 0x14716    : c_beqz a5, 202             : IntAlu : 
2147000: system.cpu: T0 : 0x14718    : lbu s5, 1(a0)              : MemRead :  D=0x0000000000000044 A=0x4fef1
2147500: system.cpu: T0 : 0x1471c    : slliw s2, a5, 16           : IntAlu :  D=0x00000000004c0000
2148000: system.cpu: T0 : 0x14720    : c_ld s0, 0(s1)             : MemRead :  D=0x0000000000000000 A=0x7fffffffffffff48
2149000: system.cpu: T0 : 0x14722    : sraiw s2, s2, 16           : IntAlu :  D=0x000000000000004c
2150000: system.cpu: T0 : 0x14726    : bne s5, zero, 86           : IntAlu : 
2150500: system.cpu: T0 : 0x1477c    : jal ra, 42488              : IntAlu :  D=0x0000000000014780
2151000: system.cpu: T0 : 0x1ed74    : andi a5, a0, 7             : IntAlu :  D=0x0000000000000000
2151500: system.cpu: T0 : 0x1ed78    : c_beqz a5, 26              : IntAlu : 
2152000: system.cpu: T0 : 0x1ed92    : c_mv a5, a0                : IntAlu :  D=0x000000000004fef0
2152500: system.cpu: T0 : 0x1ed94    : ld a6, -2024(gp)           : MemRead :  D=0xfefefefefefefeff A=0x708c0
2153000: system.cpu: T0 : 0x1ed98    : ld a1, -2016(gp)           : MemRead :  D=0x8080808080808080 A=0x708c8
2153500: system.cpu: T0 : 0x1ed9c    : c_ld a2, 0(a5)             : MemRead :  D=0x49464f52505f444c A=0x4fef0
2154500: system.cpu: T0 : 0x1ed9e    : addi a3, a5, 8             : IntAlu :  D=0x000000000004fef8
2155500: system.cpu: T0 : 0x1eda2    : add a4, a2, a6             : IntAlu :  D=0x48454e514f5e434b
2156500: system.cpu: T0 : 0x1eda6    : xori a2, a2, 18446744073709551615 : IntAlu :  D=0xb6b9b0adafa0bbb3
2157000: system.cpu: T0 : 0x1edaa    : c_and a4, a2               : IntAlu :  D=0x000100010f000303
2157500: system.cpu: T0 : 0x1edac    : c_and a4, a1               : IntAlu :  D=0x0000000000000000
2158000: system.cpu: T0 : 0x1edae    : c_beqz a4, 50              : IntAlu : 
2158500: system.cpu: T0 : 0x1ede0    : c_mv a5, a3                : IntAlu :  D=0x000000000004fef8
2159000: system.cpu: T0 : 0x1ede2    : c_j -70                    : IntAlu : 
2159500: system.cpu: T0 : 0x1ed9c    : c_ld a2, 0(a5)             : MemRead :  D=0x555054554f5f454c A=0x4fef8
2160500: system.cpu: T0 : 0x1ed9e    : addi a3, a5, 8             : IntAlu :  D=0x000000000004ff00
2161500: system.cpu: T0 : 0x1eda2    : add a4, a2, a6             : IntAlu :  D=0x544f53544e5e444b
2162500: system.cpu: T0 : 0x1eda6    : xori a2, a2, 18446744073709551615 : IntAlu :  D=0xaaafabaab0a0bab3
2163000: system.cpu: T0 : 0x1edaa    : c_and a4, a2               : IntAlu :  D=0x000f030000000003
2163500: system.cpu: T0 : 0x1edac    : c_and a4, a1               : IntAlu :  D=0x0000000000000000
2164000: system.cpu: T0 : 0x1edae    : c_beqz a4, 50              : IntAlu : 
2164500: system.cpu: T0 : 0x1ede0    : c_mv a5, a3                : IntAlu :  D=0x000000000004ff00
2165000: system.cpu: T0 : 0x1ede2    : c_j -70                    : IntAlu : 
2165500: system.cpu: T0 : 0x1ed9c    : c_ld a2, 0(a5)             : MemRead :  D=0x0000000000000054 A=0x4ff00
2166500: system.cpu: T0 : 0x1ed9e    : addi a3, a5, 8             : IntAlu :  D=0x000000000004ff08
2167500: system.cpu: T0 : 0x1eda2    : add a4, a2, a6             : IntAlu :  D=0xfefefefefefeff53
2168500: system.cpu: T0 : 0x1eda6    : xori a2, a2, 18446744073709551615 : IntAlu :  D=0xffffffffffffffab
2169000: system.cpu: T0 : 0x1edaa    : c_and a4, a2               : IntAlu :  D=0xfefefefefefeff03
2169500: system.cpu: T0 : 0x1edac    : c_and a4, a1               : IntAlu :  D=0x8080808080808000
2170000: system.cpu: T0 : 0x1edae    : c_beqz a4, 50              : IntAlu : 
2170500: system.cpu: T0 : 0x1edb0    : lbu a4, -8(a3)             : MemRead :  D=0x0000000000000054 A=0x4ff00
2171000: system.cpu: T0 : 0x1edb4    : c_beqz a4, -40             : IntAlu : 
2172000: system.cpu: T0 : 0x1edb6    : lbu a4, -7(a3)             : MemRead :  D=0x0000000000000000 A=0x4ff01
2172500: system.cpu: T0 : 0x1edba    : c_beqz a4, 50              : IntAlu : 
2173000: system.cpu: T0 : 0x1edec    : c_sub a5, a0               : IntAlu :  D=0x0000000000000010
2174000: system.cpu: T0 : 0x1edee    : addi a0, a5, 1             : IntAlu :  D=0x0000000000000011
2174500: system.cpu: T0 : 0x1edf2    : c_jr ra                    : IntAlu : 
2175000: system.cpu: T0 : 0x14780    : slli a5, s5, 8             : IntAlu :  D=0x0000000000004400
2175500: system.cpu: T0 : 0x14784    : or a5, s2, a5              : IntAlu :  D=0x000000000000444c
2176000: system.cpu: T0 : 0x14788    : slliw s2, a5, 16           : IntAlu :  D=0x00000000444c0000
2176500: system.cpu: T0 : 0x1478c    : c_mv s3, a0                : IntAlu :  D=0x0000000000000011
2177500: system.cpu: T0 : 0x1478e    : sraiw s2, s2, 16           : IntAlu :  D=0x000000000000444c
2178500: system.cpu: T0 : 0x14792    : addi s5, a0, -2            : IntAlu :  D=0x000000000000000f
2179000: system.cpu: T0 : 0x14796    : c_addi s4, 2               : IntAlu :  D=0x000000000004fef2
2179500: system.cpu: T0 : 0x14798    : c_beqz s0, -50             : IntAlu : 
2180000: system.cpu: T0 : 0x14766    : c_ldsp ra, 56(sp)          : MemRead :  D=0x000000000002294a A=0x7ffffffffffffd28
2180500: system.cpu: T0 : 0x14768    : c_mv a0, s0                : IntAlu :  D=0x0000000000000000
2181000: system.cpu: T0 : 0x1476a    : c_ldsp s0, 48(sp)          : MemRead :  D=0x000000000006ef80 A=0x7ffffffffffffd20
2181500: system.cpu: T0 : 0x1476c    : c_ldsp s1, 40(sp)          : MemRead :  D=0x000000000006fed8 A=0x7ffffffffffffd18
2182000: system.cpu: T0 : 0x1476e    : c_ldsp s2, 32(sp)          : MemRead :  D=0x0000000000072000 A=0x7ffffffffffffd10
2182500: system.cpu: T0 : 0x14770    : c_ldsp s3, 24(sp)          : MemRead :  D=0x0000000000072000 A=0x7ffffffffffffd08
2183000: system.cpu: T0 : 0x14772    : c_ldsp s4, 16(sp)          : MemRead :  D=0x0000000000070000 A=0x7ffffffffffffd00
2183500: system.cpu: T0 : 0x14774    : c_ldsp s5, 8(sp)           : MemRead :  D=0x0000000000072000 A=0x7ffffffffffffcf8
2184000: system.cpu: T0 : 0x14776    : c_ldsp s6, 0(sp)           : MemRead :  D=0x0000000000072000 A=0x7ffffffffffffcf0
2184500: system.cpu: T0 : 0x14778    : c_addi16sp sp, 64          : IntAlu :  D=0x7ffffffffffffd30
2185000: system.cpu: T0 : 0x1477a    : c_jr ra                    : IntAlu : 
2186000: system.cpu: T0 : 0x2294a    : lui a4, 114                : IntAlu :  D=0x0000000000072000
2187000: system.cpu: T0 : 0x2294e    : sd a0, -416(a4)            : MemWrite :  D=0x0000000000000000 A=0x71e60
2188000: system.cpu: T0 : 0x22952    : beq a0, zero, 550          : IntAlu : 
2188500: system.cpu: T0 : 0x22b78    : lui a5, 111                : IntAlu :  D=0x000000000006f000
2189000: system.cpu: T0 : 0x22b7c    : lw a5, -72(a5)             : MemRead :  D=0x0000000000000000 A=0x6efb8
2189500: system.cpu: T0 : 0x22b80    : c_beqz a5, -140            : IntAlu : 
2190000: system.cpu: T0 : 0x22af4    : lui a3, 80                 : IntAlu :  D=0x0000000000050000
2190500: system.cpu: T0 : 0x22af8    : addi a3, a3, -992          : IntAlu :  D=0x000000000004fc20
2191000: system.cpu: T0 : 0x22afc    : c_j -396                   : IntAlu : 
2191500: system.cpu: T0 : 0x22970    : sd a3, -416(a4)            : MemWrite :  D=0x000000000004fc20 A=0x71e60
2192000: system.cpu: T0 : 0x22974    : bne a5, zero, 344          : IntAlu : 
2192500: system.cpu: T0 : 0x22978    : lui a0, 80                 : IntAlu :  D=0x0000000000050000
2193000: system.cpu: T0 : 0x2297c    : addi a0, a0, -248          : IntAlu :  D=0x000000000004ff08
2193500: system.cpu: T0 : 0x22980    : jal ra, -57992             : IntAlu :  D=0x0000000000022984
2194000: system.cpu: T0 : 0x146f8    : c_addi16sp sp, -64         : IntAlu :  D=0x7ffffffffffffcf0
2194500: system.cpu: T0 : 0x146fa    : c_sdsp s1, 40(sp)          : MemWrite :  D=0x000000000006fed8 A=0x7ffffffffffffd18
2195000: system.cpu: T0 : 0x146fc    : ld s1, -1360(gp)           : MemRead :  D=0x7fffffffffffff48 A=0x70b58
2195500: system.cpu: T0 : 0x14700    : c_sdsp ra, 56(sp)          : MemWrite :  D=0x0000000000022984 A=0x7ffffffffffffd28
2196000: system.cpu: T0 : 0x14702    : c_sdsp s0, 48(sp)          : MemWrite :  D=0x000000000006ef80 A=0x7ffffffffffffd20
2196500: system.cpu: T0 : 0x14704    : c_sdsp s2, 32(sp)          : MemWrite :  D=0x0000000000072000 A=0x7ffffffffffffd10
2197000: system.cpu: T0 : 0x14706    : c_sdsp s3, 24(sp)          : MemWrite :  D=0x0000000000072000 A=0x7ffffffffffffd08
2197500: system.cpu: T0 : 0x14708    : c_sdsp s4, 16(sp)          : MemWrite :  D=0x0000000000070000 A=0x7ffffffffffffd00
2198000: system.cpu: T0 : 0x1470a    : c_sdsp s5, 8(sp)           : MemWrite :  D=0x0000000000072000 A=0x7ffffffffffffcf8
2198500: system.cpu: T0 : 0x1470c    : c_sdsp s6, 0(sp)           : MemWrite :  D=0x0000000000072000 A=0x7ffffffffffffcf0
2199000: system.cpu: T0 : 0x1470e    : c_beqz s1, 210             : IntAlu : 
2199500: system.cpu: T0 : 0x14710    : lbu a5, 0(a0)              : MemRead :  D=0x000000000000004c A=0x4ff08
2200000: system.cpu: T0 : 0x14714    : c_mv s4, a0                : IntAlu :  D=0x000000000004ff08
2200500: system.cpu: T0 : 0x14716    : c_beqz a5, 202             : IntAlu : 
2201000: system.cpu: T0 : 0x14718    : lbu s5, 1(a0)              : MemRead :  D=0x0000000000000044 A=0x4ff09
2201500: system.cpu: T0 : 0x1471c    : slliw s2, a5, 16           : IntAlu :  D=0x00000000004c0000
2202000: system.cpu: T0 : 0x14720    : c_ld s0, 0(s1)             : MemRead :  D=0x0000000000000000 A=0x7fffffffffffff48
2203000: system.cpu: T0 : 0x14722    : sraiw s2, s2, 16           : IntAlu :  D=0x000000000000004c
2204000: system.cpu: T0 : 0x14726    : bne s5, zero, 86           : IntAlu : 
2204500: system.cpu: T0 : 0x1477c    : jal ra, 42488              : IntAlu :  D=0x0000000000014780
2205000: system.cpu: T0 : 0x1ed74    : andi a5, a0, 7             : IntAlu :  D=0x0000000000000000
2205500: system.cpu: T0 : 0x1ed78    : c_beqz a5, 26              : IntAlu : 
2206000: system.cpu: T0 : 0x1ed92    : c_mv a5, a0                : IntAlu :  D=0x000000000004ff08
2206500: system.cpu: T0 : 0x1ed94    : ld a6, -2024(gp)           : MemRead :  D=0xfefefefefefefeff A=0x708c0
2207000: system.cpu: T0 : 0x1ed98    : ld a1, -2016(gp)           : MemRead :  D=0x8080808080808080 A=0x708c8
2207500: system.cpu: T0 : 0x1ed9c    : c_ld a2, 0(a5)             : MemRead :  D=0x4d555353415f444c A=0x4ff08
2208500: system.cpu: T0 : 0x1ed9e    : addi a3, a5, 8             : IntAlu :  D=0x000000000004ff10
2209500: system.cpu: T0 : 0x1eda2    : add a4, a2, a6             : IntAlu :  D=0x4c545252405e434b
2210500: system.cpu: T0 : 0x1eda6    : xori a2, a2, 18446744073709551615 : IntAlu :  D=0xb2aaacacbea0bbb3
2211000: system.cpu: T0 : 0x1edaa    : c_and a4, a2               : IntAlu :  D=0x0000000000000303
2211500: system.cpu: T0 : 0x1edac    : c_and a4, a1               : IntAlu :  D=0x0000000000000000
2212000: system.cpu: T0 : 0x1edae    : c_beqz a4, 50              : IntAlu : 
2212500: system.cpu: T0 : 0x1ede0    : c_mv a5, a3                : IntAlu :  D=0x000000000004ff10
2213000: system.cpu: T0 : 0x1ede2    : c_j -70                    : IntAlu : 
2213500: system.cpu: T0 : 0x1ed9c    : c_ld a2, 0(a5)             : MemRead :  D=0x4c454e52454b5f45 A=0x4ff10
2214500: system.cpu: T0 : 0x1ed9e    : addi a3, a5, 8             : IntAlu :  D=0x000000000004ff18
2215500: system.cpu: T0 : 0x1eda2    : add a4, a2, a6             : IntAlu :  D=0x4b444d51444a5e44
2216500: system.cpu: T0 : 0x1eda6    : xori a2, a2, 18446744073709551615 : IntAlu :  D=0xb3bab1adbab4a0ba
2217000: system.cpu: T0 : 0x1edaa    : c_and a4, a2               : IntAlu :  D=0x0300010100000000
2217500: system.cpu: T0 : 0x1edac    : c_and a4, a1               : IntAlu :  D=0x0000000000000000
2218000: system.cpu: T0 : 0x1edae    : c_beqz a4, 50              : IntAlu : 
2218500: system.cpu: T0 : 0x1ede0    : c_mv a5, a3                : IntAlu :  D=0x000000000004ff18
2219000: system.cpu: T0 : 0x1ede2    : c_j -70                    : IntAlu : 
2219500: system.cpu: T0 : 0x1ed9c    : c_ld a2, 0(a5)             : MemRead :  D=0x0000000000000000 A=0x4ff18
2220500: system.cpu: T0 : 0x1ed9e    : addi a3, a5, 8             : IntAlu :  D=0x000000000004ff20
2221500: system.cpu: T0 : 0x1eda2    : add a4, a2, a6             : IntAlu :  D=0xfefefefefefefeff
2222500: system.cpu: T0 : 0x1eda6    : xori a2, a2, 18446744073709551615 : IntAlu :  D=0xffffffffffffffff
2223000: system.cpu: T0 : 0x1edaa    : c_and a4, a2               : IntAlu :  D=0xfefefefefefefeff
2223500: system.cpu: T0 : 0x1edac    : c_and a4, a1               : IntAlu :  D=0x8080808080808080
2224000: system.cpu: T0 : 0x1edae    : c_beqz a4, 50              : IntAlu : 
2224500: system.cpu: T0 : 0x1edb0    : lbu a4, -8(a3)             : MemRead :  D=0x0000000000000000 A=0x4ff18
2225000: system.cpu: T0 : 0x1edb4    : c_beqz a4, -40             : IntAlu : 
2225500: system.cpu: T0 : 0x1ed8c    : sub a0, a5, a0             : IntAlu :  D=0x0000000000000010
2226000: system.cpu: T0 : 0x1ed90    : c_jr ra                    : IntAlu : 
2226500: system.cpu: T0 : 0x14780    : slli a5, s5, 8             : IntAlu :  D=0x0000000000004400
2227000: system.cpu: T0 : 0x14784    : or a5, s2, a5              : IntAlu :  D=0x000000000000444c
2227500: system.cpu: T0 : 0x14788    : slliw s2, a5, 16           : IntAlu :  D=0x00000000444c0000
2228000: system.cpu: T0 : 0x1478c    : c_mv s3, a0                : IntAlu :  D=0x0000000000000010
2229000: system.cpu: T0 : 0x1478e    : sraiw s2, s2, 16           : IntAlu :  D=0x000000000000444c
2230000: system.cpu: T0 : 0x14792    : addi s5, a0, -2            : IntAlu :  D=0x000000000000000e
2230500: system.cpu: T0 : 0x14796    : c_addi s4, 2               : IntAlu :  D=0x000000000004ff0a
2231000: system.cpu: T0 : 0x14798    : c_beqz s0, -50             : IntAlu : 
2231500: system.cpu: T0 : 0x14766    : c_ldsp ra, 56(sp)          : MemRead :  D=0x0000000000022984 A=0x7ffffffffffffd28
2232000: system.cpu: T0 : 0x14768    : c_mv a0, s0                : IntAlu :  D=0x0000000000000000
2232500: system.cpu: T0 : 0x1476a    : c_ldsp s0, 48(sp)          : MemRead :  D=0x000000000006ef80 A=0x7ffffffffffffd20
2233000: system.cpu: T0 : 0x1476c    : c_ldsp s1, 40(sp)          : MemRead :  D=0x000000000006fed8 A=0x7ffffffffffffd18
2233500: system.cpu: T0 : 0x1476e    : c_ldsp s2, 32(sp)          : MemRead :  D=0x0000000000072000 A=0x7ffffffffffffd10
2234000: system.cpu: T0 : 0x14770    : c_ldsp s3, 24(sp)          : MemRead :  D=0x0000000000072000 A=0x7ffffffffffffd08
2234500: system.cpu: T0 : 0x14772    : c_ldsp s4, 16(sp)          : MemRead :  D=0x0000000000070000 A=0x7ffffffffffffd00
2235000: system.cpu: T0 : 0x14774    : c_ldsp s5, 8(sp)           : MemRead :  D=0x0000000000072000 A=0x7ffffffffffffcf8
2235500: system.cpu: T0 : 0x14776    : c_ldsp s6, 0(sp)           : MemRead :  D=0x0000000000072000 A=0x7ffffffffffffcf0
2236000: system.cpu: T0 : 0x14778    : c_addi16sp sp, 64          : IntAlu :  D=0x7ffffffffffffd30
2236500: system.cpu: T0 : 0x1477a    : c_jr ra                    : IntAlu : 
2237000: system.cpu: T0 : 0x22984    : c_mv s0, a0                : IntAlu :  D=0x0000000000000000
2237500: system.cpu: T0 : 0x22986    : c_beqz a0, 76              : IntAlu : 
2238500: system.cpu: T0 : 0x229d2    : lui a5, 114                : IntAlu :  D=0x0000000000072000
2239500: system.cpu: T0 : 0x229d6    : ld a0, -360(a5)            : MemRead :  D=0x0000000000000000 A=0x71e98
2240000: system.cpu: T0 : 0x229da    : c_beqz a0, 14              : IntAlu : 
2240500: system.cpu: T0 : 0x229e8    : ld a5, -328(s2)            : MemRead :  D=0x0000000000010040 A=0x71eb8
2241000: system.cpu: T0 : 0x229ec    : ld t3, 1120(s1)            : MemRead :  D=0x0000000000000000 A=0x70338
2241500: system.cpu: T0 : 0x229f0    : c_beqz a5, 110             : IntAlu : 
2242500: system.cpu: T0 : 0x229f2    : ld a4, -272(s3)            : MemRead :  D=0x0000000000000006 A=0x71ef0
2243500: system.cpu: T0 : 0x229f6    : slli a3, a4, 3             : IntAlu :  D=0x0000000000000030
2244000: system.cpu: T0 : 0x229fa    : c_sub a3, a4               : IntAlu :  D=0x000000000000002a
2244500: system.cpu: T0 : 0x229fc    : c_slli a3, 3               : IntAlu :  D=0x0000000000000150
2245000: system.cpu: T0 : 0x229fe    : c_add a3, a5               : IntAlu :  D=0x0000000000010190
2245500: system.cpu: T0 : 0x22a00    : bgeu a5, a3, 94            : IntAlu : 
2246000: system.cpu: T0 : 0x22a04    : lui a2, 411470             : IntAlu :  D=0x000000006474e000
2246500: system.cpu: T0 : 0x22a08    : addi a1, a2, 1361          : IntAlu :  D=0x000000006474e551
2247000: system.cpu: T0 : 0x22a0c    : ld t4, 1112(s1)            : MemRead :  D=0x0000000000000000 A=0x70330
2247500: system.cpu: T0 : 0x22a10    : lw t1, -1800(gp)           : MemRead :  D=0x0000000000000006 A=0x709a0
2248000: system.cpu: T0 : 0x22a14    : c_mv a6, t3                : IntAlu :  D=0x0000000000000000
2248500: system.cpu: T0 : 0x22a16    : c_li a7, 0                 : IntAlu :  D=0x0000000000000000
2249000: system.cpu: T0 : 0x22a18    : c_li a0, 0                 : IntAlu :  D=0x0000000000000000
2250000: system.cpu: T0 : 0x22a1a    : addi a2, a2, 1362          : IntAlu :  D=0x000000006474e552
2250500: system.cpu: T0 : 0x22a1e    : c_j 24                     : IntAlu : 
2251000: system.cpu: T0 : 0x22a36    : c_lw a4, 0(a5)             : MemRead :  D=0x0000000000000001 A=0x10040
2251500: system.cpu: T0 : 0x22a38    : bne a4, a1, -24            : IntAlu : 
2252000: system.cpu: T0 : 0x22a20    : bne a4, a2, 14             : IntAlu : 
2253000: system.cpu: T0 : 0x22a2e    : addi a5, a5, 56            : IntAlu :  D=0x0000000000010078
2254000: system.cpu: T0 : 0x22a32    : bgeu a5, a3, 24            : IntAlu : 
2254500: system.cpu: T0 : 0x22a36    : c_lw a4, 0(a5)             : MemRead :  D=0x0000000000000001 A=0x10078
2255000: system.cpu: T0 : 0x22a38    : bne a4, a1, -24            : IntAlu : 
2255500: system.cpu: T0 : 0x22a20    : bne a4, a2, 14             : IntAlu : 
2256500: system.cpu: T0 : 0x22a2e    : addi a5, a5, 56            : IntAlu :  D=0x00000000000100b0
2257500: system.cpu: T0 : 0x22a32    : bgeu a5, a3, 24            : IntAlu : 
2258000: system.cpu: T0 : 0x22a36    : c_lw a4, 0(a5)             : MemRead :  D=0x0000000000000004 A=0x100b0
2258500: system.cpu: T0 : 0x22a38    : bne a4, a1, -24            : IntAlu : 
2259000: system.cpu: T0 : 0x22a20    : bne a4, a2, 14             : IntAlu : 
2260000: system.cpu: T0 : 0x22a2e    : addi a5, a5, 56            : IntAlu :  D=0x00000000000100e8
2261000: system.cpu: T0 : 0x22a32    : bgeu a5, a3, 24            : IntAlu : 
2261500: system.cpu: T0 : 0x22a36    : c_lw a4, 0(a5)             : MemRead :  D=0x0000000000000007 A=0x100e8
2262000: system.cpu: T0 : 0x22a38    : bne a4, a1, -24            : IntAlu : 
2262500: system.cpu: T0 : 0x22a20    : bne a4, a2, 14             : IntAlu : 
2263500: system.cpu: T0 : 0x22a2e    : addi a5, a5, 56            : IntAlu :  D=0x0000000000010120
2264500: system.cpu: T0 : 0x22a32    : bgeu a5, a3, 24            : IntAlu : 
2265000: system.cpu: T0 : 0x22a36    : c_lw a4, 0(a5)             : MemRead :  D=0x000000006474e551 A=0x10120
2265500: system.cpu: T0 : 0x22a38    : bne a4, a1, -24            : IntAlu : 
2266000: system.cpu: T0 : 0x22a3c    : lw t1, 4(a5)               : MemRead :  D=0x0000000000000006 A=0x10124
2266500: system.cpu: T0 : 0x22a40    : addi a5, a5, 56            : IntAlu :  D=0x0000000000010158
2267000: system.cpu: T0 : 0x22a44    : c_li a0, 1                 : IntAlu :  D=0x0000000000000001
2268000: system.cpu: T0 : 0x22a46    : bltu a5, a3, -16           : IntAlu : 
2268500: system.cpu: T0 : 0x22a36    : c_lw a4, 0(a5)             : MemRead :  D=0x000000006474e552 A=0x10158
2269000: system.cpu: T0 : 0x22a38    : bne a4, a1, -24            : IntAlu : 
2269500: system.cpu: T0 : 0x22a20    : bne a4, a2, 14             : IntAlu : 
2270000: system.cpu: T0 : 0x22a24    : ld t4, 16(a5)              : MemRead :  D=0x000000000006ead0 A=0x10168
2270500: system.cpu: T0 : 0x22a28    : ld a6, 40(a5)              : MemRead :  D=0x0000000000000530 A=0x10180
2271000: system.cpu: T0 : 0x22a2c    : c_li a7, 1                 : IntAlu :  D=0x0000000000000001
2272000: system.cpu: T0 : 0x22a2e    : addi a5, a5, 56            : IntAlu :  D=0x0000000000010190
2273000: system.cpu: T0 : 0x22a32    : bgeu a5, a3, 24            : IntAlu : 
2273500: system.cpu: T0 : 0x22a4a    : c_beqz a0, 6               : IntAlu : 
2274000: system.cpu: T0 : 0x22a4c    : sw t1, -1800(gp)           : MemWrite :  D=0x0000000000000006 A=0x709a0
2274500: system.cpu: T0 : 0x22a50    : beq a7, zero, 14           : IntAlu : 
2275000: system.cpu: T0 : 0x22a54    : sd t4, 1112(s1)            : MemWrite :  D=0x000000000006ead0 A=0x70330
2275500: system.cpu: T0 : 0x22a58    : sd a6, 1120(s1)            : MemWrite :  D=0x0000000000000530 A=0x70338
2276000: system.cpu: T0 : 0x22a5c    : c_mv t3, a6                : IntAlu :  D=0x0000000000000530
2277000: system.cpu: T0 : 0x22a5e    : bne t3, zero, 272          : IntAlu : 
2278000: system.cpu: T0 : 0x22b6e    : addi a0, s4, -296          : IntAlu :  D=0x000000000006fed8
2279000: system.cpu: T0 : 0x22b72    : jal ra, 106388             : IntAlu :  D=0x0000000000022b76
2279500: system.cpu: T0 : 0x3cb06    : c_addi sp, -16             : IntAlu :  D=0x7ffffffffffffd20
2280000: system.cpu: T0 : 0x3cb08    : c_ld a5, 0(a0)             : MemRead :  D=0x0000000000000000 A=0x6fed8
2280500: system.cpu: T0 : 0x3cb0a    : c_sdsp s0, 0(sp)           : MemWrite :  D=0x0000000000000000 A=0x7ffffffffffffd20
2281000: system.cpu: T0 : 0x3cb0c    : c_mv s0, a0                : IntAlu :  D=0x000000000006fed8
2282000: system.cpu: T0 : 0x3cb0e    : ld a0, 1112(a0)            : MemRead :  D=0x000000000006ead0 A=0x70330
2283000: system.cpu: T0 : 0x3cb12    : ld a4, -1784(gp)           : MemRead :  D=0x0000000000001000 A=0x709b0
2284000: system.cpu: T0 : 0x3cb16    : ld a1, 1120(s0)            : MemRead :  D=0x0000000000000530 A=0x70338
2284500: system.cpu: T0 : 0x3cb1a    : c_add a5, a0               : IntAlu :  D=0x000000000006ead0
2285000: system.cpu: T0 : 0x3cb1c    : sub a4, zero, a4           : IntAlu :  D=0xfffffffffffff000
2285500: system.cpu: T0 : 0x3cb20    : c_add a1, a5               : IntAlu :  D=0x000000000006f000
2286000: system.cpu: T0 : 0x3cb22    : c_sdsp ra, 8(sp)           : MemWrite :  D=0x0000000000022b76 A=0x7ffffffffffffd28
2286500: system.cpu: T0 : 0x3cb24    : and a0, a5, a4             : IntAlu :  D=0x000000000006e000
2287000: system.cpu: T0 : 0x3cb28    : c_and a1, a4               : IntAlu :  D=0x000000000006f000
2288000: system.cpu: T0 : 0x3cb2a    : bne a0, a1, 12             : IntAlu : 
2288500: system.cpu: T0 : 0x3cb36    : c_li a2, 1                 : IntAlu :  D=0x0000000000000001
2289000: system.cpu: T0 : 0x3cb38    : c_sub a1, a0               : IntAlu :  D=0x0000000000001000
2290000: system.cpu: T0 : 0x3cb3a    : jal ra, -113354            : IntAlu :  D=0x000000000003cb3e
2290500: system.cpu: T0 : 0x21070    : addi a7, zero, 226         : IntAlu :  D=0x00000000000000e2
2291000: system.cpu: T0 : 0x21074    : ecall                      : No_OpClass : 
2291500: system.cpu: T0 : 0x21078    : c_lui a7, 1048575          : IntAlu :  D=0xfffffffffffff000
2292500: system.cpu: T0 : 0x2107a    : bltu a7, a0, 6             : IntAlu : 
2293000: system.cpu: T0 : 0x2107e    : c_jr ra                    : IntAlu : 
2294000: system.cpu: T0 : 0x3cb3e    : bge a0, zero, -16          : IntAlu : 
2294500: system.cpu: T0 : 0x3cb2e    : c_ldsp ra, 8(sp)           : MemRead :  D=0x0000000000022b76 A=0x7ffffffffffffd28
2295000: system.cpu: T0 : 0x3cb30    : c_ldsp s0, 0(sp)           : MemRead :  D=0x0000000000000000 A=0x7ffffffffffffd20
2295500: system.cpu: T0 : 0x3cb32    : c_addi sp, 16              : IntAlu :  D=0x7ffffffffffffd30
2296000: system.cpu: T0 : 0x3cb34    : c_jr ra                    : IntAlu : 
2296500: system.cpu: T0 : 0x22b76    : c_j -276                   : IntAlu : 
2297000: system.cpu: T0 : 0x22a62    : c_ldsp ra, 152(sp)         : MemRead :  D=0x0000000000022df4 A=0x7ffffffffffffdc8
2297500: system.cpu: T0 : 0x22a64    : c_ldsp s0, 144(sp)         : MemRead :  D=0x0000000000000001 A=0x7ffffffffffffdc0
2298000: system.cpu: T0 : 0x22a66    : c_ldsp s1, 136(sp)         : MemRead :  D=0x7fffffffffffff38 A=0x7ffffffffffffdb8
2298500: system.cpu: T0 : 0x22a68    : c_ldsp s2, 128(sp)         : MemRead :  D=0x7fffffffffffff48 A=0x7ffffffffffffdb0
2299000: system.cpu: T0 : 0x22a6a    : c_ldsp s3, 120(sp)         : MemRead :  D=0x0000000000000000 A=0x7ffffffffffffda8
2299500: system.cpu: T0 : 0x22a6c    : c_ldsp s4, 112(sp)         : MemRead :  D=0x0000000000000000 A=0x7ffffffffffffda0
2300000: system.cpu: T0 : 0x22a6e    : c_ldsp s5, 104(sp)         : MemRead :  D=0x0000000000000000 A=0x7ffffffffffffd98
2300500: system.cpu: T0 : 0x22a70    : c_ldsp s6, 96(sp)          : MemRead :  D=0x0000000000000000 A=0x7ffffffffffffd90
2301000: system.cpu: T0 : 0x22a72    : c_ldsp s7, 88(sp)          : MemRead :  D=0x0000000000000000 A=0x7ffffffffffffd88
2301500: system.cpu: T0 : 0x22a74    : c_ldsp s8, 80(sp)          : MemRead :  D=0x0000000000000000 A=0x7ffffffffffffd80
2302000: system.cpu: T0 : 0x22a76    : c_ldsp s9, 72(sp)          : MemRead :  D=0x0000000000000000 A=0x7ffffffffffffd78
2302500: system.cpu: T0 : 0x22a78    : c_ldsp s10, 64(sp)         : MemRead :  D=0x0000000000000000 A=0x7ffffffffffffd70
2303000: system.cpu: T0 : 0x22a7a    : c_addi16sp sp, 160         : IntAlu :  D=0x7ffffffffffffdd0
2303500: system.cpu: T0 : 0x22a7c    : c_jr ra                    : IntAlu : 
2304000: system.cpu: T0 : 0x22df4    : c_mv a2, s2                : IntAlu :  D=0x7fffffffffffff48
2304500: system.cpu: T0 : 0x22df6    : c_mv a1, s1                : IntAlu :  D=0x7fffffffffffff38
2305000: system.cpu: T0 : 0x22df8    : c_mv a0, s0                : IntAlu :  D=0x0000000000000001
2306000: system.cpu: T0 : 0x22dfa    : jal ra, -4344              : IntAlu :  D=0x0000000000022dfe
2306500: system.cpu: T0 : 0x21d02    : c_beqz a1, 50              : IntAlu : 
2307000: system.cpu: T0 : 0x21d04    : c_addi sp, -32             : IntAlu :  D=0x7ffffffffffffdb0
2307500: system.cpu: T0 : 0x21d06    : c_sdsp s1, 8(sp)           : MemWrite :  D=0x7fffffffffffff38 A=0x7ffffffffffffdb8
2308000: system.cpu: T0 : 0x21d08    : c_ld s1, 0(a1)             : MemRead :  D=0x7fffffffffffffdf A=0x7fffffffffffff38
2308500: system.cpu: T0 : 0x21d0a    : c_sdsp s0, 16(sp)          : MemWrite :  D=0x0000000000000001 A=0x7ffffffffffffdc0
2309000: system.cpu: T0 : 0x21d0c    : c_sdsp ra, 24(sp)          : MemWrite :  D=0x0000000000022dfe A=0x7ffffffffffffdc8
2309500: system.cpu: T0 : 0x21d0e    : c_mv s0, a1                : IntAlu :  D=0x7fffffffffffff38
2310000: system.cpu: T0 : 0x21d10    : c_beqz s1, 26              : IntAlu : 
2311000: system.cpu: T0 : 0x21d12    : addi a1, zero, 47          : IntAlu :  D=0x000000000000002f
2311500: system.cpu: T0 : 0x21d16    : c_mv a0, s1                : IntAlu :  D=0x7fffffffffffffdf
2312000: system.cpu: T0 : 0x21d18    : jal ra, 90482              : IntAlu :  D=0x0000000000021d1c
2312500: system.cpu: T0 : 0x37e8a    : c_addi sp, -32             : IntAlu :  D=0x7ffffffffffffd90
2313000: system.cpu: T0 : 0x37e8c    : c_sdsp s0, 16(sp)          : MemWrite :  D=0x7fffffffffffff38 A=0x7ffffffffffffda0
2313500: system.cpu: T0 : 0x37e8e    : c_sdsp s1, 8(sp)           : MemWrite :  D=0x7fffffffffffffdf A=0x7ffffffffffffd98
2314000: system.cpu: T0 : 0x37e90    : c_sdsp s2, 0(sp)           : MemWrite :  D=0x7fffffffffffff48 A=0x7ffffffffffffd90
2314500: system.cpu: T0 : 0x37e92    : c_sdsp ra, 24(sp)          : MemWrite :  D=0x0000000000021d1c A=0x7ffffffffffffda8
2315000: system.cpu: T0 : 0x37e94    : andi s1, a1, 255           : IntAlu :  D=0x000000000000002f
2315500: system.cpu: T0 : 0x37e98    : c_mv s0, a0                : IntAlu :  D=0x7fffffffffffffdf
2316000: system.cpu: T0 : 0x37e9a    : c_li s2, 0                 : IntAlu :  D=0x0000000000000000
2316500: system.cpu: T0 : 0x37e9c    : c_bnez s1, 10              : IntAlu : 
2317000: system.cpu: T0 : 0x37ea6    : c_mv a0, s0                : IntAlu :  D=0x7fffffffffffffdf
2317500: system.cpu: T0 : 0x37ea8    : c_mv a1, s1                : IntAlu :  D=0x000000000000002f
2318500: system.cpu: T0 : 0x37eaa    : jal ra, -103340            : IntAlu :  D=0x0000000000037eae
2319500: system.cpu: T0 : 0x1eafe    : andi a5, a0, 7             : IntAlu :  D=0x0000000000000007
2320500: system.cpu: T0 : 0x1eb02    : andi a4, a1, 255           : IntAlu :  D=0x000000000000002f
2321000: system.cpu: T0 : 0x1eb06    : c_bnez a5, 14              : IntAlu : 
2321500: system.cpu: T0 : 0x1eb14    : lbu a5, 0(a0)              : MemRead :  D=0x000000000000002e A=0x7fffffffffffffdf
2322000: system.cpu: T0 : 0x1eb18    : bne a5, a4, -14            : IntAlu : 
2322500: system.cpu: T0 : 0x1eb0a    : c_addi a0, 1               : IntAlu :  D=0x7fffffffffffffe0
2323000: system.cpu: T0 : 0x1eb0c    : andi a3, a0, 7             : IntAlu :  D=0x0000000000000000
2323500: system.cpu: T0 : 0x1eb10    : c_beqz a5, 168             : IntAlu : 
2324000: system.cpu: T0 : 0x1eb12    : c_beqz a3, 12              : IntAlu : 
2324500: system.cpu: T0 : 0x1eb1e    : c_lui a3, 16               : IntAlu :  D=0x0000000000010000
2325000: system.cpu: T0 : 0x1eb20    : slliw a5, a1, 8            : IntAlu :  D=0x0000000000002f00
2325500: system.cpu: T0 : 0x1eb24    : c_addi a3, -1              : IntAlu :  D=0x000000000000ffff
2326000: system.cpu: T0 : 0x1eb26    : c_and a5, a3               : IntAlu :  D=0x0000000000002f00
2326500: system.cpu: T0 : 0x1eb28    : andi a1, a1, 255           : IntAlu :  D=0x000000000000002f
2327000: system.cpu: T0 : 0x1eb2c    : c_or a1, a5                : IntAlu :  D=0x0000000000002f2f
2327500: system.cpu: T0 : 0x1eb2e    : c_addiw a1, 0              : IntAlu :  D=0x0000000000002f2f
2328000: system.cpu: T0 : 0x1eb30    : slli t1, a1, 16            : IntAlu :  D=0x000000002f2f0000
2328500: system.cpu: T0 : 0x1eb34    : or a1, t1, a1              : IntAlu :  D=0x000000002f2f2f2f
2329000: system.cpu: T0 : 0x1eb38    : ld a6, -2032(gp)           : MemRead :  D=0x7efefefefefefeff A=0x708b8
2329500: system.cpu: T0 : 0x1eb3c    : slli t1, a1, 32            : IntAlu :  D=0x2f2f2f2f00000000
2330000: system.cpu: T0 : 0x1eb40    : or t1, t1, a1              : IntAlu :  D=0x2f2f2f2f2f2f2f2f
2330500: system.cpu: T0 : 0x1eb44    : c_li t3, -1                : IntAlu :  D=0xffffffffffffffff
2331000: system.cpu: T0 : 0x1eb46    : c_ld a1, 0(a0)             : MemRead :  D=0x6f6c6e776f442f2e A=0x7fffffffffffffe0
2331500: system.cpu: T0 : 0x1eb48    : addi a5, a0, 8             : IntAlu :  D=0x7fffffffffffffe8
2332000: system.cpu: T0 : 0x1eb4c    : xor a7, t1, a1             : IntAlu :  D=0x40434158406b0001
2332500: system.cpu: T0 : 0x1eb50    : add a3, a1, a6             : IntAlu :  D=0xee6b6d766e432e2d
2333000: system.cpu: T0 : 0x1eb54    : add a2, a7, a6             : IntAlu :  D=0xbf4240573f69ff00
2333500: system.cpu: T0 : 0x1eb58    : c_xor a3, a1               : IntAlu :  D=0x8107030101070103
2334500: system.cpu: T0 : 0x1eb5a    : xor a2, a2, a7             : IntAlu :  D=0xff01010f7f02ff01
2335000: system.cpu: T0 : 0x1eb5e    : c_and a3, a2               : IntAlu :  D=0x8101010101020101
2335500: system.cpu: T0 : 0x1eb60    : or a3, a3, a6              : IntAlu :  D=0xfffffffffffeffff
2336000: system.cpu: T0 : 0x1eb64    : beq a3, t3, 88             : IntAlu : 
2336500: system.cpu: T0 : 0x1eb68    : lbu a3, -8(a5)             : MemRead :  D=0x000000000000002e A=0x7fffffffffffffe0
2337000: system.cpu: T0 : 0x1eb6c    : beq a3, a4, -80            : IntAlu : 
2337500: system.cpu: T0 : 0x1eb70    : c_beqz a3, 72              : IntAlu : 
2338500: system.cpu: T0 : 0x1eb72    : lbu a3, -7(a5)             : MemRead :  D=0x000000000000002f A=0x7fffffffffffffe1
2339500: system.cpu: T0 : 0x1eb76    : beq a3, a4, 74             : IntAlu : 
2340000: system.cpu: T0 : 0x1ebc0    : c_addi a0, 1               : IntAlu :  D=0x7fffffffffffffe1
2340500: system.cpu: T0 : 0x1ebc2    : c_jr ra                    : IntAlu : 
2341000: system.cpu: T0 : 0x37eae    : c_bnez a0, -14             : IntAlu : 
2341500: system.cpu: T0 : 0x37ea0    : addi s0, a0, 1             : IntAlu :  D=0x7fffffffffffffe2
2342000: system.cpu: T0 : 0x37ea4    : c_mv s2, a0                : IntAlu :  D=0x7fffffffffffffe1
2342500: system.cpu: T0 : 0x37ea6    : c_mv a0, s0                : IntAlu :  D=0x7fffffffffffffe2
2343000: system.cpu: T0 : 0x37ea8    : c_mv a1, s1                : IntAlu :  D=0x000000000000002f
2344000: system.cpu: T0 : 0x37eaa    : jal ra, -103340            : IntAlu :  D=0x0000000000037eae
2345000: system.cpu: T0 : 0x1eafe    : andi a5, a0, 7             : IntAlu :  D=0x0000000000000002
2346000: system.cpu: T0 : 0x1eb02    : andi a4, a1, 255           : IntAlu :  D=0x000000000000002f
2346500: system.cpu: T0 : 0x1eb06    : c_bnez a5, 14              : IntAlu : 
2347000: system.cpu: T0 : 0x1eb14    : lbu a5, 0(a0)              : MemRead :  D=0x0000000000000044 A=0x7fffffffffffffe2
2347500: system.cpu: T0 : 0x1eb18    : bne a5, a4, -14            : IntAlu : 
2348000: system.cpu: T0 : 0x1eb0a    : c_addi a0, 1               : IntAlu :  D=0x7fffffffffffffe3
2348500: system.cpu: T0 : 0x1eb0c    : andi a3, a0, 7             : IntAlu :  D=0x0000000000000003
2349000: system.cpu: T0 : 0x1eb10    : c_beqz a5, 168             : IntAlu : 
2349500: system.cpu: T0 : 0x1eb12    : c_beqz a3, 12              : IntAlu : 
2350000: system.cpu: T0 : 0x1eb14    : lbu a5, 0(a0)              : MemRead :  D=0x000000000000006f A=0x7fffffffffffffe3
2350500: system.cpu: T0 : 0x1eb18    : bne a5, a4, -14            : IntAlu : 
2351000: system.cpu: T0 : 0x1eb0a    : c_addi a0, 1               : IntAlu :  D=0x7fffffffffffffe4
2351500: system.cpu: T0 : 0x1eb0c    : andi a3, a0, 7             : IntAlu :  D=0x0000000000000004
2352000: system.cpu: T0 : 0x1eb10    : c_beqz a5, 168             : IntAlu : 
2352500: system.cpu: T0 : 0x1eb12    : c_beqz a3, 12              : IntAlu : 
2353000: system.cpu: T0 : 0x1eb14    : lbu a5, 0(a0)              : MemRead :  D=0x0000000000000077 A=0x7fffffffffffffe4
2353500: system.cpu: T0 : 0x1eb18    : bne a5, a4, -14            : IntAlu : 
2354000: system.cpu: T0 : 0x1eb0a    : c_addi a0, 1               : IntAlu :  D=0x7fffffffffffffe5
2354500: system.cpu: T0 : 0x1eb0c    : andi a3, a0, 7             : IntAlu :  D=0x0000000000000005
2355000: system.cpu: T0 : 0x1eb10    : c_beqz a5, 168             : IntAlu : 
2355500: system.cpu: T0 : 0x1eb12    : c_beqz a3, 12              : IntAlu : 
2356000: system.cpu: T0 : 0x1eb14    : lbu a5, 0(a0)              : MemRead :  D=0x000000000000006e A=0x7fffffffffffffe5
2356500: system.cpu: T0 : 0x1eb18    : bne a5, a4, -14            : IntAlu : 
2357000: system.cpu: T0 : 0x1eb0a    : c_addi a0, 1               : IntAlu :  D=0x7fffffffffffffe6
2357500: system.cpu: T0 : 0x1eb0c    : andi a3, a0, 7             : IntAlu :  D=0x0000000000000006
2358000: system.cpu: T0 : 0x1eb10    : c_beqz a5, 168             : IntAlu : 
2358500: system.cpu: T0 : 0x1eb12    : c_beqz a3, 12              : IntAlu : 
2359000: system.cpu: T0 : 0x1eb14    : lbu a5, 0(a0)              : MemRead :  D=0x000000000000006c A=0x7fffffffffffffe6
2359500: system.cpu: T0 : 0x1eb18    : bne a5, a4, -14            : IntAlu : 
2360000: system.cpu: T0 : 0x1eb0a    : c_addi a0, 1               : IntAlu :  D=0x7fffffffffffffe7
2360500: system.cpu: T0 : 0x1eb0c    : andi a3, a0, 7             : IntAlu :  D=0x0000000000000007
2361000: system.cpu: T0 : 0x1eb10    : c_beqz a5, 168             : IntAlu : 
2361500: system.cpu: T0 : 0x1eb12    : c_beqz a3, 12              : IntAlu : 
2362000: system.cpu: T0 : 0x1eb14    : lbu a5, 0(a0)              : MemRead :  D=0x000000000000006f A=0x7fffffffffffffe7
2362500: system.cpu: T0 : 0x1eb18    : bne a5, a4, -14            : IntAlu : 
2363000: system.cpu: T0 : 0x1eb0a    : c_addi a0, 1               : IntAlu :  D=0x7fffffffffffffe8
2363500: system.cpu: T0 : 0x1eb0c    : andi a3, a0, 7             : IntAlu :  D=0x0000000000000000
2364000: system.cpu: T0 : 0x1eb10    : c_beqz a5, 168             : IntAlu : 
2364500: system.cpu: T0 : 0x1eb12    : c_beqz a3, 12              : IntAlu : 
2365000: system.cpu: T0 : 0x1eb1e    : c_lui a3, 16               : IntAlu :  D=0x0000000000010000
2365500: system.cpu: T0 : 0x1eb20    : slliw a5, a1, 8            : IntAlu :  D=0x0000000000002f00
2366000: system.cpu: T0 : 0x1eb24    : c_addi a3, -1              : IntAlu :  D=0x000000000000ffff
2366500: system.cpu: T0 : 0x1eb26    : c_and a5, a3               : IntAlu :  D=0x0000000000002f00
2367000: system.cpu: T0 : 0x1eb28    : andi a1, a1, 255           : IntAlu :  D=0x000000000000002f
2367500: system.cpu: T0 : 0x1eb2c    : c_or a1, a5                : IntAlu :  D=0x0000000000002f2f
2368000: system.cpu: T0 : 0x1eb2e    : c_addiw a1, 0              : IntAlu :  D=0x0000000000002f2f
2368500: system.cpu: T0 : 0x1eb30    : slli t1, a1, 16            : IntAlu :  D=0x000000002f2f0000
2369000: system.cpu: T0 : 0x1eb34    : or a1, t1, a1              : IntAlu :  D=0x000000002f2f2f2f
2369500: system.cpu: T0 : 0x1eb38    : ld a6, -2032(gp)           : MemRead :  D=0x7efefefefefefeff A=0x708b8
2370000: system.cpu: T0 : 0x1eb3c    : slli t1, a1, 32            : IntAlu :  D=0x2f2f2f2f00000000
2370500: system.cpu: T0 : 0x1eb40    : or t1, t1, a1              : IntAlu :  D=0x2f2f2f2f2f2f2f2f
2371000: system.cpu: T0 : 0x1eb44    : c_li t3, -1                : IntAlu :  D=0xffffffffffffffff
2371500: system.cpu: T0 : 0x1eb46    : c_ld a1, 0(a0)             : MemRead :  D=0xc90073622f736461 A=0x7fffffffffffffe8
2372000: system.cpu: T0 : 0x1eb48    : addi a5, a0, 8             : IntAlu :  D=0x7ffffffffffffff0
2372500: system.cpu: T0 : 0x1eb4c    : xor a7, t1, a1             : IntAlu :  D=0xe62f5c4d005c4b4e
2373000: system.cpu: T0 : 0x1eb50    : add a3, a1, a6             : IntAlu :  D=0x47ff72612e726360
2373500: system.cpu: T0 : 0x1eb54    : add a2, a7, a6             : IntAlu :  D=0x652e5b4bff5b4a4d
2374000: system.cpu: T0 : 0x1eb58    : c_xor a3, a1               : IntAlu :  D=0x8eff010301010701
2375000: system.cpu: T0 : 0x1eb5a    : xor a2, a2, a7             : IntAlu :  D=0x83010706ff070103
2375500: system.cpu: T0 : 0x1eb5e    : c_and a3, a2               : IntAlu :  D=0x8201010201010101
2376000: system.cpu: T0 : 0x1eb60    : or a3, a3, a6              : IntAlu :  D=0xfefffffeffffffff
2376500: system.cpu: T0 : 0x1eb64    : beq a3, t3, 88             : IntAlu : 
2377000: system.cpu: T0 : 0x1eb68    : lbu a3, -8(a5)             : MemRead :  D=0x0000000000000061 A=0x7fffffffffffffe8
2377500: system.cpu: T0 : 0x1eb6c    : beq a3, a4, -80            : IntAlu : 
2378000: system.cpu: T0 : 0x1eb70    : c_beqz a3, 72              : IntAlu : 
2379000: system.cpu: T0 : 0x1eb72    : lbu a3, -7(a5)             : MemRead :  D=0x0000000000000064 A=0x7fffffffffffffe9
2380000: system.cpu: T0 : 0x1eb76    : beq a3, a4, 74             : IntAlu : 
2380500: system.cpu: T0 : 0x1eb7a    : c_beqz a3, 62              : IntAlu : 
2381000: system.cpu: T0 : 0x1eb7c    : lbu a3, -6(a5)             : MemRead :  D=0x0000000000000073 A=0x7fffffffffffffea
2381500: system.cpu: T0 : 0x1eb80    : beq a3, a4, 68             : IntAlu : 
2382000: system.cpu: T0 : 0x1eb84    : c_beqz a3, 52              : IntAlu : 
2383000: system.cpu: T0 : 0x1eb86    : lbu a3, -5(a5)             : MemRead :  D=0x000000000000002f A=0x7fffffffffffffeb
2384000: system.cpu: T0 : 0x1eb8a    : beq a3, a4, 62             : IntAlu : 
2384500: system.cpu: T0 : 0x1ebc8    : c_addi a0, 3               : IntAlu :  D=0x7fffffffffffffeb
2385000: system.cpu: T0 : 0x1ebca    : c_jr ra                    : IntAlu : 
2385500: system.cpu: T0 : 0x37eae    : c_bnez a0, -14             : IntAlu : 
2386000: system.cpu: T0 : 0x37ea0    : addi s0, a0, 1             : IntAlu :  D=0x7fffffffffffffec
2386500: system.cpu: T0 : 0x37ea4    : c_mv s2, a0                : IntAlu :  D=0x7fffffffffffffeb
2387000: system.cpu: T0 : 0x37ea6    : c_mv a0, s0                : IntAlu :  D=0x7fffffffffffffec
2387500: system.cpu: T0 : 0x37ea8    : c_mv a1, s1                : IntAlu :  D=0x000000000000002f
2388500: system.cpu: T0 : 0x37eaa    : jal ra, -103340            : IntAlu :  D=0x0000000000037eae
2389500: system.cpu: T0 : 0x1eafe    : andi a5, a0, 7             : IntAlu :  D=0x0000000000000004
2390500: system.cpu: T0 : 0x1eb02    : andi a4, a1, 255           : IntAlu :  D=0x000000000000002f
2391000: system.cpu: T0 : 0x1eb06    : c_bnez a5, 14              : IntAlu : 
2391500: system.cpu: T0 : 0x1eb14    : lbu a5, 0(a0)              : MemRead :  D=0x0000000000000062 A=0x7fffffffffffffec
2392000: system.cpu: T0 : 0x1eb18    : bne a5, a4, -14            : IntAlu : 
2392500: system.cpu: T0 : 0x1eb0a    : c_addi a0, 1               : IntAlu :  D=0x7fffffffffffffed
2393000: system.cpu: T0 : 0x1eb0c    : andi a3, a0, 7             : IntAlu :  D=0x0000000000000005
2393500: system.cpu: T0 : 0x1eb10    : c_beqz a5, 168             : IntAlu : 
2394000: system.cpu: T0 : 0x1eb12    : c_beqz a3, 12              : IntAlu : 
2394500: system.cpu: T0 : 0x1eb14    : lbu a5, 0(a0)              : MemRead :  D=0x0000000000000073 A=0x7fffffffffffffed
2395000: system.cpu: T0 : 0x1eb18    : bne a5, a4, -14            : IntAlu : 
2395500: system.cpu: T0 : 0x1eb0a    : c_addi a0, 1               : IntAlu :  D=0x7fffffffffffffee
2396000: system.cpu: T0 : 0x1eb0c    : andi a3, a0, 7             : IntAlu :  D=0x0000000000000006
2396500: system.cpu: T0 : 0x1eb10    : c_beqz a5, 168             : IntAlu : 
2397000: system.cpu: T0 : 0x1eb12    : c_beqz a3, 12              : IntAlu : 
2397500: system.cpu: T0 : 0x1eb14    : lbu a5, 0(a0)              : MemRead :  D=0x0000000000000000 A=0x7fffffffffffffee
2398000: system.cpu: T0 : 0x1eb18    : bne a5, a4, -14            : IntAlu : 
2398500: system.cpu: T0 : 0x1eb0a    : c_addi a0, 1               : IntAlu :  D=0x7fffffffffffffef
2399000: system.cpu: T0 : 0x1eb0c    : andi a3, a0, 7             : IntAlu :  D=0x0000000000000007
2399500: system.cpu: T0 : 0x1eb10    : c_beqz a5, 168             : IntAlu : 
2400000: system.cpu: T0 : 0x1ebb8    : c_li a0, 0                 : IntAlu :  D=0x0000000000000000
2400500: system.cpu: T0 : 0x1ebba    : c_jr ra                    : IntAlu : 
2401000: system.cpu: T0 : 0x37eae    : c_bnez a0, -14             : IntAlu : 
2401500: system.cpu: T0 : 0x37eb0    : c_ldsp ra, 24(sp)          : MemRead :  D=0x0000000000021d1c A=0x7ffffffffffffda8
2402000: system.cpu: T0 : 0x37eb2    : c_ldsp s0, 16(sp)          : MemRead :  D=0x7fffffffffffff38 A=0x7ffffffffffffda0
2402500: system.cpu: T0 : 0x37eb4    : c_ldsp s1, 8(sp)           : MemRead :  D=0x7fffffffffffffdf A=0x7ffffffffffffd98
2403000: system.cpu: T0 : 0x37eb6    : c_mv a0, s2                : IntAlu :  D=0x7fffffffffffffeb
2403500: system.cpu: T0 : 0x37eb8    : c_ldsp s2, 0(sp)           : MemRead :  D=0x7fffffffffffff48 A=0x7ffffffffffffd90
2404000: system.cpu: T0 : 0x37eba    : c_addi16sp sp, 32          : IntAlu :  D=0x7ffffffffffffdb0
2404500: system.cpu: T0 : 0x37ebc    : c_jr ra                    : IntAlu : 
2405000: system.cpu: T0 : 0x21d1c    : c_beqz a0, 26              : IntAlu : 
2405500: system.cpu: T0 : 0x21d1e    : c_addi a0, 1               : IntAlu :  D=0x7fffffffffffffec
2406000: system.cpu: T0 : 0x21d20    : sd a0, -1824(gp)           : MemWrite :  D=0x7fffffffffffffec A=0x70988
2406500: system.cpu: T0 : 0x21d24    : c_ld a4, 0(s0)             : MemRead :  D=0x7fffffffffffffdf A=0x7fffffffffffff38
2407500: system.cpu: T0 : 0x21d26    : sd a4, -1816(gp)           : MemWrite :  D=0x7fffffffffffffdf A=0x70990
2408000: system.cpu: T0 : 0x21d2a    : c_ldsp ra, 24(sp)          : MemRead :  D=0x0000000000022dfe A=0x7ffffffffffffdc8
2408500: system.cpu: T0 : 0x21d2c    : c_ldsp s0, 16(sp)          : MemRead :  D=0x0000000000000001 A=0x7ffffffffffffdc0
2409000: system.cpu: T0 : 0x21d2e    : c_ldsp s1, 8(sp)           : MemRead :  D=0x7fffffffffffff38 A=0x7ffffffffffffdb8
2409500: system.cpu: T0 : 0x21d30    : c_addi16sp sp, 32          : IntAlu :  D=0x7ffffffffffffdd0
2410000: system.cpu: T0 : 0x21d32    : c_jr ra                    : IntAlu : 
2410500: system.cpu: T0 : 0x22dfe    : c_ldsp s0, 16(sp)          : MemRead :  D=0x00000000000109ee A=0x7ffffffffffffde0
2411000: system.cpu: T0 : 0x22e00    : c_ldsp ra, 24(sp)          : MemRead :  D=0x0000000000010662 A=0x7ffffffffffffde8
2411500: system.cpu: T0 : 0x22e02    : c_ldsp s1, 8(sp)           : MemRead :  D=0x0000000000010a7e A=0x7ffffffffffffdd8
2412000: system.cpu: T0 : 0x22e04    : c_ldsp s2, 0(sp)           : MemRead :  D=0x0000000000000000 A=0x7ffffffffffffdd0
2412500: system.cpu: T0 : 0x22e06    : c_addi16sp sp, 32          : IntAlu :  D=0x7ffffffffffffdf0
2413000: system.cpu: T0 : 0x22e08    : jal zero, 35004            : IntAlu :  D=0x0000000000022e0c
2413500: system.cpu: T0 : 0x2b6c4    : ld a5, 0(tp)               : MemRead :  D=0x00000000000706f0 A=0x73710
2414000: system.cpu: T0 : 0x2b6c8    : c_ld a5, 0(a5)             : MemRead :  D=0x0000000000051890 A=0x706f0
2414500: system.cpu: T0 : 0x2b6ca    : c_ld a0, 64(a5)            : MemRead :  D=0x00000000000530c0 A=0x518d0
2415000: system.cpu: T0 : 0x2b6cc    : c_ld a2, 72(a5)            : MemRead :  D=0x00000000000526c0 A=0x518d8
2415500: system.cpu: T0 : 0x2b6ce    : c_ld a4, 88(a5)            : MemRead :  D=0x00000000000520c0 A=0x518e8
2416000: system.cpu: T0 : 0x2b6d0    : addi a0, a0, 256           : IntAlu :  D=0x00000000000531c0
2416500: system.cpu: T0 : 0x2b6d4    : addi a2, a2, 512           : IntAlu :  D=0x00000000000528c0
2417000: system.cpu: T0 : 0x2b6d8    : addi a4, a4, 512           : IntAlu :  D=0x00000000000522c0
2417500: system.cpu: T0 : 0x2b6dc    : sd a0, 80(tp)              : MemWrite :  D=0x00000000000531c0 A=0x73760
2418000: system.cpu: T0 : 0x2b6e0    : sd a2, 72(tp)              : MemWrite :  D=0x00000000000528c0 A=0x73758
2418500: system.cpu: T0 : 0x2b6e4    : sd a4, 64(tp)              : MemWrite :  D=0x00000000000522c0 A=0x73750
2419000: system.cpu: T0 : 0x2b6e8    : c_jr ra                    : IntAlu : 
2419500: system.cpu: T0 : 0x10662    : c_beqz s1, 12              : IntAlu : 
2420000: system.cpu: T0 : 0x10664    : c_li a2, 0                 : IntAlu :  D=0x0000000000000000
2420500: system.cpu: T0 : 0x10666    : c_li a1, 0                 : IntAlu :  D=0x0000000000000000
2421000: system.cpu: T0 : 0x10668    : c_mv a0, s1                : IntAlu :  D=0x0000000000010a7e
2422000: system.cpu: T0 : 0x1066a    : jal ra, 17628              : IntAlu :  D=0x000000000001066e
2423000: system.cpu: T0 : 0x14b46    : addi a3, gp, -1936         : IntAlu :  D=0x0000000000070918
2423500: system.cpu: T0 : 0x14b4a    : c_j -204                   : IntAlu : 
2424000: system.cpu: T0 : 0x14a7e    : c_addi16sp sp, -64         : IntAlu :  D=0x7ffffffffffffdb0
2424500: system.cpu: T0 : 0x14a80    : c_sdsp ra, 56(sp)          : MemWrite :  D=0x000000000001066e A=0x7ffffffffffffde8
2425000: system.cpu: T0 : 0x14a82    : c_sdsp s0, 48(sp)          : MemWrite :  D=0x00000000000109ee A=0x7ffffffffffffde0
2425500: system.cpu: T0 : 0x14a84    : c_sdsp s1, 40(sp)          : MemWrite :  D=0x0000000000010a7e A=0x7ffffffffffffdd8
2426000: system.cpu: T0 : 0x14a86    : c_sdsp s2, 32(sp)          : MemWrite :  D=0x0000000000000000 A=0x7ffffffffffffdd0
2426500: system.cpu: T0 : 0x14a88    : c_sdsp s3, 24(sp)          : MemWrite :  D=0x0000000000000000 A=0x7ffffffffffffdc8
2427000: system.cpu: T0 : 0x14a8a    : c_beqz a0, 156             : IntAlu : 
2427500: system.cpu: T0 : 0x14a8c    : lui s0, 114                : IntAlu :  D=0x0000000000072000
2428000: system.cpu: T0 : 0x14a90    : c_mv s2, a2                : IntAlu :  D=0x0000000000000000
2428500: system.cpu: T0 : 0x14a92    : c_mv s1, a0                : IntAlu :  D=0x0000000000010a7e
2429000: system.cpu: T0 : 0x14a94    : c_mv s3, a1                : IntAlu :  D=0x0000000000000000
2429500: system.cpu: T0 : 0x14a96    : c_li a4, 1                 : IntAlu :  D=0x0000000000000001
2430000: system.cpu: T0 : 0x14a98    : addi a2, s0, -472          : IntAlu :  D=0x0000000000071e28
2430500: system.cpu: T0 : 0x14a9c    : lr_w a5, (a2)             
2430500: system.cpu: T0 : 0x14a9c. 0 : lr_w a5, (a2)              : MemRead :  D=0x0000000000000000 A=0x71e28
2431000: system.cpu: T0 : 0x14aa0    : c_bnez a5, 8               : IntAlu : 
2432000: system.cpu: T0 : 0x14aa2    : sc_w_aq a1, a4, (a2)      
2432000: system.cpu: T0 : 0x14aa2. 0 : sc_w a1, a4, (a2)          : MemWrite :  D=0x0000000000000000 A=0x71e28
2432500: system.cpu: T0 : 0x14aa2. 1 : 0x1ce625af fence           : No_OpClass : 
2433000: system.cpu: T0 : 0x14aa6    : c_bnez a1, -10             : IntAlu : 
2433500: system.cpu: T0 : 0x14aa8    : c_addiw a5, 0              : IntAlu :  D=0x0000000000000000
2434000: system.cpu: T0 : 0x14aaa    : c_bnez a5, 64              : IntAlu : 
2434500: system.cpu: T0 : 0x14aac    : c_mv a0, a3                : IntAlu :  D=0x0000000000070918
2435500: system.cpu: T0 : 0x14aae    : jal ra, -242               : IntAlu :  D=0x0000000000014ab2
2436000: system.cpu: T0 : 0x149bc    : lbu a5, -1476(gp)          : MemRead :  D=0x0000000000000000 A=0x70ae4
2436500: system.cpu: T0 : 0x149c0    : c_bnez a5, 186             : IntAlu : 
2437000: system.cpu: T0 : 0x149c2    : c_addi sp, -32             : IntAlu :  D=0x7ffffffffffffd90
2437500: system.cpu: T0 : 0x149c4    : c_sdsp s1, 8(sp)           : MemWrite :  D=0x0000000000010a7e A=0x7ffffffffffffd98
2438000: system.cpu: T0 : 0x149c6    : c_ld s1, 0(a0)             : MemRead :  D=0x00000000000711c0 A=0x70918
2438500: system.cpu: T0 : 0x149c8    : c_sdsp s0, 16(sp)          : MemWrite :  D=0x0000000000072000 A=0x7ffffffffffffda0
2439000: system.cpu: T0 : 0x149ca    : c_sdsp ra, 24(sp)          : MemWrite :  D=0x0000000000014ab2 A=0x7ffffffffffffda8
2439500: system.cpu: T0 : 0x149cc    : c_mv s0, a0                : IntAlu :  D=0x0000000000070918
2440000: system.cpu: T0 : 0x149ce    : c_beqz s1, 140             : IntAlu : 
2440500: system.cpu: T0 : 0x149d0    : c_mv a1, s1                : IntAlu :  D=0x00000000000711c0
2441000: system.cpu: T0 : 0x149d2    : c_li a6, 0                 : IntAlu :  D=0x0000000000000000
2441500: system.cpu: T0 : 0x149d4    : c_ld a4, 8(a1)             : MemRead :  D=0x0000000000000000 A=0x711c8
2442500: system.cpu: T0 : 0x149d6    : slli a5, a4, 5             : IntAlu :  D=0x0000000000000000
2443000: system.cpu: T0 : 0x149da    : c_add a5, a1               : IntAlu :  D=0x00000000000711c0
2443500: system.cpu: T0 : 0x149dc    : c_beqz a4, 18              : IntAlu : 
2444000: system.cpu: T0 : 0x149ee    : c_ld a5, 0(a1)             : MemRead :  D=0x0000000000000000 A=0x711c0
2444500: system.cpu: T0 : 0x149f0    : sd zero, 8(a1)             : MemWrite :  D=0x0000000000000000 A=0x711c8
2445000: system.cpu: T0 : 0x149f4    : c_mv a6, a1                : IntAlu :  D=0x00000000000711c0
2445500: system.cpu: T0 : 0x149f6    : c_beqz a5, 78              : IntAlu : 
2446000: system.cpu: T0 : 0x14a44    : c_li a5, 1                 : IntAlu :  D=0x0000000000000001
2447000: system.cpu: T0 : 0x14a46    : addi a0, a1, 16            : IntAlu :  D=0x00000000000711d0
2447500: system.cpu: T0 : 0x14a4a    : c_sd a5, 8(a1)             : MemWrite :  D=0x0000000000000001 A=0x711c8
2448000: system.cpu: T0 : 0x14a4c    : c_j -60                    : IntAlu : 
2448500: system.cpu: T0 : 0x14a10    : lui a4, 114                : IntAlu :  D=0x0000000000072000
2449000: system.cpu: T0 : 0x14a14    : ld a5, -464(a4)            : MemRead :  D=0x0000000000000000 A=0x71e30
2449500: system.cpu: T0 : 0x14a18    : c_ldsp ra, 24(sp)          : MemRead :  D=0x0000000000014ab2 A=0x7ffffffffffffda8
2450000: system.cpu: T0 : 0x14a1a    : c_ldsp s0, 16(sp)          : MemRead :  D=0x0000000000072000 A=0x7ffffffffffffda0
2450500: system.cpu: T0 : 0x14a1c    : c_li a3, 1                 : IntAlu :  D=0x0000000000000001
2451000: system.cpu: T0 : 0x14a1e    : c_sd a3, 0(a0)             : MemWrite :  D=0x0000000000000001 A=0x711d0
2451500: system.cpu: T0 : 0x14a20    : c_addi a5, 1               : IntAlu :  D=0x0000000000000001
2452500: system.cpu: T0 : 0x14a22    : sd a5, -464(a4)            : MemWrite :  D=0x0000000000000001 A=0x71e30
2453000: system.cpu: T0 : 0x14a26    : c_ldsp s1, 8(sp)           : MemRead :  D=0x0000000000010a7e A=0x7ffffffffffffd98
2453500: system.cpu: T0 : 0x14a28    : c_addi16sp sp, 32          : IntAlu :  D=0x7ffffffffffffdb0
2454000: system.cpu: T0 : 0x14a2a    : c_jr ra                    : IntAlu : 
2454500: system.cpu: T0 : 0x14ab2    : c_beqz a0, 70              : IntAlu : 
2455000: system.cpu: T0 : 0x14ab4    : c_li a5, 4                 : IntAlu :  D=0x0000000000000004
2455500: system.cpu: T0 : 0x14ab6    : c_sd a5, 0(a0)             : MemWrite :  D=0x0000000000000004 A=0x711d0
2456000: system.cpu: T0 : 0x14ab8    : c_sd s1, 8(a0)             : MemWrite :  D=0x0000000000010a7e A=0x711d8
2457000: system.cpu: T0 : 0x14aba    : sd s3, 16(a0)              : MemWrite :  D=0x0000000000000000 A=0x711e0
2458000: system.cpu: T0 : 0x14abe    : sd s2, 24(a0)              : MemWrite :  D=0x0000000000000000 A=0x711e8
2458500: system.cpu: T0 : 0x14ac2    : c_li a5, 0                 : IntAlu :  D=0x0000000000000000
2459000: system.cpu: T0 : 0x14ac4    : addi a4, s0, -472          : IntAlu :  D=0x0000000000071e28
2459500: system.cpu: T0 : 0x14ac8    : fence iorw, ow             : No_OpClass : 
2460000: system.cpu: T0 : 0x14acc    : amoswap_w a5, a5, (a4)    
2460000: system.cpu: T0 : 0x14acc. 0 : amoswap_w[l] a5, a5, (a4)  : MemRead :  D=0x0000000000000001 A=0x71e28
2460500: system.cpu: T0 : 0x14ad0    : c_addiw a5, 0              : IntAlu :  D=0x0000000000000001
2461000: system.cpu: T0 : 0x14ad2    : c_li a3, 1                 : IntAlu :  D=0x0000000000000001
2461500: system.cpu: T0 : 0x14ad4    : c_li a4, 0                 : IntAlu :  D=0x0000000000000000
2462500: system.cpu: T0 : 0x14ad6    : blt a3, a5, 58             : IntAlu : 
2463000: system.cpu: T0 : 0x14ada    : c_ldsp ra, 56(sp)          : MemRead :  D=0x000000000001066e A=0x7ffffffffffffde8
2463500: system.cpu: T0 : 0x14adc    : c_ldsp s0, 48(sp)          : MemRead :  D=0x00000000000109ee A=0x7ffffffffffffde0
2464000: system.cpu: T0 : 0x14ade    : c_ldsp s1, 40(sp)          : MemRead :  D=0x0000000000010a7e A=0x7ffffffffffffdd8
2464500: system.cpu: T0 : 0x14ae0    : c_ldsp s2, 32(sp)          : MemRead :  D=0x0000000000000000 A=0x7ffffffffffffdd0
2465000: system.cpu: T0 : 0x14ae2    : c_ldsp s3, 24(sp)          : MemRead :  D=0x0000000000000000 A=0x7ffffffffffffdc8
2465500: system.cpu: T0 : 0x14ae4    : c_mv a0, a4                : IntAlu :  D=0x0000000000000000
2466000: system.cpu: T0 : 0x14ae6    : c_addi16sp sp, 64          : IntAlu :  D=0x7ffffffffffffdf0
2466500: system.cpu: T0 : 0x14ae8    : c_jr ra                    : IntAlu : 
2467500: system.cpu: T0 : 0x1066e    : lui a5, 111                : IntAlu :  D=0x000000000006f000
2468500: system.cpu: T0 : 0x10672    : lw a5, -72(a5)             : MemRead :  D=0x0000000000000000 A=0x6efb8
2469500: system.cpu: T0 : 0x10676    : bne a5, zero, 238          : IntAlu : 
2470000: system.cpu: T0 : 0x1067a    : c_beqz s0, 12              : IntAlu : 
2470500: system.cpu: T0 : 0x1067c    : ld a2, -1360(gp)           : MemRead :  D=0x7fffffffffffff48 A=0x70b58
2471000: system.cpu: T0 : 0x10680    : c_ldsp a1, 16(sp)          : MemRead :  D=0x7fffffffffffff38 A=0x7ffffffffffffe00
2471500: system.cpu: T0 : 0x10682    : c_ldsp a0, 8(sp)           : MemRead :  D=0x0000000000000001 A=0x7ffffffffffffdf8
2472000: system.cpu: T0 : 0x10684    : c_jalr s0                  : IntAlu :  D=0x0000000000010686
2472500: system.cpu: T0 : 0x109ee    : c_addi16sp sp, -64         : IntAlu :  D=0x7ffffffffffffdb0
2473000: system.cpu: T0 : 0x109f0    : c_sdsp s0, 48(sp)          : MemWrite :  D=0x00000000000109ee A=0x7ffffffffffffde0
2473500: system.cpu: T0 : 0x109f2    : c_sdsp s5, 8(sp)           : MemWrite :  D=0x0000000000000000 A=0x7ffffffffffffdb8
2474000: system.cpu: T0 : 0x109f4    : lui s0, 111                : IntAlu :  D=0x000000000006f000
2474500: system.cpu: T0 : 0x109f8    : lui s5, 111                : IntAlu :  D=0x000000000006f000
2475000: system.cpu: T0 : 0x109fc    : addi a5, s0, -1296         : IntAlu :  D=0x000000000006eaf0
2475500: system.cpu: T0 : 0x10a00    : addi s5, s5, -1288         : IntAlu :  D=0x000000000006eaf8
2476000: system.cpu: T0 : 0x10a04    : sub s5, s5, a5             : IntAlu :  D=0x0000000000000008
2476500: system.cpu: T0 : 0x10a08    : c_sdsp s2, 32(sp)          : MemWrite :  D=0x0000000000000000 A=0x7ffffffffffffdd0
2477000: system.cpu: T0 : 0x10a0a    : c_sdsp s3, 24(sp)          : MemWrite :  D=0x0000000000000000 A=0x7ffffffffffffdc8
2477500: system.cpu: T0 : 0x10a0c    : c_sdsp s4, 16(sp)          : MemWrite :  D=0x0000000000000000 A=0x7ffffffffffffdc0
2478000: system.cpu: T0 : 0x10a0e    : c_sdsp ra, 56(sp)          : MemWrite :  D=0x0000000000010686 A=0x7ffffffffffffde8
2478500: system.cpu: T0 : 0x10a10    : c_sdsp s1, 40(sp)          : MemWrite :  D=0x0000000000010a7e A=0x7ffffffffffffdd8
2479500: system.cpu: T0 : 0x10a12    : srai s5, s5, 3             : IntAlu :  D=0x0000000000000001
2480000: system.cpu: T0 : 0x10a16    : c_mv s2, a0                : IntAlu :  D=0x0000000000000001
2480500: system.cpu: T0 : 0x10a18    : c_mv s3, a1                : IntAlu :  D=0x7fffffffffffff38
2481000: system.cpu: T0 : 0x10a1a    : c_mv s4, a2                : IntAlu :  D=0x7fffffffffffff48
2481500: system.cpu: T0 : 0x10a1c    : beq s5, zero, 28           : IntAlu : 
2482000: system.cpu: T0 : 0x10a20    : addi s0, s0, -1296         : IntAlu :  D=0x000000000006eaf0
2482500: system.cpu: T0 : 0x10a24    : c_li s1, 0                 : IntAlu :  D=0x0000000000000000
2483000: system.cpu: T0 : 0x10a26    : c_ld a5, 0(s0)             : MemRead :  D=0x0000000000010376 A=0x6eaf0
2483500: system.cpu: T0 : 0x10a28    : c_mv a2, s4                : IntAlu :  D=0x7fffffffffffff48
2484000: system.cpu: T0 : 0x10a2a    : c_mv a1, s3                : IntAlu :  D=0x7fffffffffffff38
2484500: system.cpu: T0 : 0x10a2c    : c_mv a0, s2                : IntAlu :  D=0x0000000000000001
2485000: system.cpu: T0 : 0x10a2e    : c_addi s1, 1               : IntAlu :  D=0x0000000000000001
2485500: system.cpu: T0 : 0x10a30    : c_jalr a5                  : IntAlu :  D=0x0000000000010a32
2486500: system.cpu: T0 : 0x10376    : auipc gp, 97               : IntAlu :  D=0x0000000000071376
2487500: system.cpu: T0 : 0x1037a    : addi gp, gp, -718          : IntAlu :  D=0x00000000000710a8
2488000: system.cpu: T0 : 0x1037e    : c_jr ra                    : IntAlu : 
2488500: system.cpu: T0 : 0x10a32    : c_addi s0, 8               : IntAlu :  D=0x000000000006eaf8
2489000: system.cpu: T0 : 0x10a34    : bne s5, s1, -14            : IntAlu : 
2489500: system.cpu: T0 : 0x10a38    : lui s0, 111                : IntAlu :  D=0x000000000006f000
2490000: system.cpu: T0 : 0x10a3c    : lui s5, 111                : IntAlu :  D=0x000000000006f000
2490500: system.cpu: T0 : 0x10a40    : addi a5, s0, -1288         : IntAlu :  D=0x000000000006eaf8
2491000: system.cpu: T0 : 0x10a44    : addi s5, s5, -1280         : IntAlu :  D=0x000000000006eb00
2491500: system.cpu: T0 : 0x10a48    : sub s5, s5, a5             : IntAlu :  D=0x0000000000000008
2492000: system.cpu: T0 : 0x10a4c    : srai s5, s5, 3             : IntAlu :  D=0x0000000000000001
2492500: system.cpu: T0 : 0x10a50    : beq s5, zero, 28           : IntAlu : 
2493000: system.cpu: T0 : 0x10a54    : addi s0, s0, -1288         : IntAlu :  D=0x000000000006eaf8
2493500: system.cpu: T0 : 0x10a58    : c_li s1, 0                 : IntAlu :  D=0x0000000000000000
2494000: system.cpu: T0 : 0x10a5a    : c_ld a5, 0(s0)             : MemRead :  D=0x000000000001040a A=0x6eaf8
2494500: system.cpu: T0 : 0x10a5c    : c_mv a2, s4                : IntAlu :  D=0x7fffffffffffff48
2495000: system.cpu: T0 : 0x10a5e    : c_mv a1, s3                : IntAlu :  D=0x7fffffffffffff38
2495500: system.cpu: T0 : 0x10a60    : c_mv a0, s2                : IntAlu :  D=0x0000000000000001
2496000: system.cpu: T0 : 0x10a62    : c_addi s1, 1               : IntAlu :  D=0x0000000000000001
2496500: system.cpu: T0 : 0x10a64    : c_jalr a5                  : IntAlu :  D=0x0000000000010a66
2497500: system.cpu: T0 : 0x1040a    : lui a5, 76                 : IntAlu :  D=0x000000000004c000
2498500: system.cpu: T0 : 0x1040e    : addi a5, a5, 1216          : IntAlu :  D=0x000000000004c4c0
2499000: system.cpu: T0 : 0x10412    : c_beqz a5, 28              : IntAlu : 
2499500: system.cpu: T0 : 0x10414    : lui a0, 106                : IntAlu :  D=0x000000000006a000
2500000: system.cpu: T0 : 0x10418    : c_addi sp, -16             : IntAlu :  D=0x7ffffffffffffda0
2501000: system.cpu: T0 : 0x1041a    : addi a1, gp, -1008         : IntAlu :  D=0x0000000000070cb8
2502000: system.cpu: T0 : 0x1041e    : addi a0, a0, 464           : IntAlu :  D=0x000000000006a1d0
2502500: system.cpu: T0 : 0x10422    : c_sdsp ra, 8(sp)           : MemWrite :  D=0x0000000000010a66 A=0x7ffffffffffffda8
2503000: system.cpu: T0 : 0x10424    : jal ra, 245916             : IntAlu :  D=0x0000000000010428
2503500: system.cpu: T0 : 0x4c4c0    : c_beqz a0, 12              : IntAlu : 
2504000: system.cpu: T0 : 0x4c4c2    : c_lw a5, 0(a0)             : MemRead :  D=0x000000000000001c A=0x6a1d0
2504500: system.cpu: T0 : 0x4c4c4    : c_beqz a5, 8               : IntAlu : 
2505000: system.cpu: T0 : 0x4c4c6    : c_li a3, 0                 : IntAlu :  D=0x0000000000000000
2505500: system.cpu: T0 : 0x4c4c8    : c_li a2, 0                 : IntAlu :  D=0x0000000000000000
2506000: system.cpu: T0 : 0x4c4ca    : c_j -144                   : IntAlu : 
2506500: system.cpu: T0 : 0x4c43a    : c_li a5, -1                : IntAlu :  D=0xffffffffffffffff
2507000: system.cpu: T0 : 0x4c43c    : c_addi sp, -32             : IntAlu :  D=0x7ffffffffffffd80
2507500: system.cpu: T0 : 0x4c43e    : c_sd a5, 0(a1)             : MemWrite :  D=0xffffffffffffffff A=0x70cb8
2508000: system.cpu: T0 : 0x4c440    : addi a5, zero, 2040        : IntAlu :  D=0x00000000000007f8
2508500: system.cpu: T0 : 0x4c444    : c_sdsp s0, 16(sp)          : MemWrite :  D=0x000000000006eaf8 A=0x7ffffffffffffd90
2509000: system.cpu: T0 : 0x4c446    : c_sdsp s1, 8(sp)           : MemWrite :  D=0x0000000000000001 A=0x7ffffffffffffd88
2509500: system.cpu: T0 : 0x4c448    : c_sdsp ra, 24(sp)          : MemWrite :  D=0x0000000000010428 A=0x7ffffffffffffd98
2510000: system.cpu: T0 : 0x4c44a    : c_sd a2, 8(a1)             : MemWrite :  D=0x0000000000000000 A=0x70cc0
2510500: system.cpu: T0 : 0x4c44c    : c_sd a3, 16(a1)            : MemWrite :  D=0x0000000000000000 A=0x70cc8
2511000: system.cpu: T0 : 0x4c44e    : c_sd a0, 24(a1)            : MemWrite :  D=0x000000000006a1d0 A=0x70cd0
2511500: system.cpu: T0 : 0x4c450    : c_sd a5, 32(a1)            : MemWrite :  D=0x00000000000007f8 A=0x70cd8
2512500: system.cpu: T0 : 0x4c452    : auipc s1, 36               : IntAlu :  D=0x0000000000070452
2513500: system.cpu: T0 : 0x4c456    : ld s1, 1070(s1)            : MemRead :  D=0x0000000000000000 A=0x70880
2514000: system.cpu: T0 : 0x4c45a    : c_mv s0, a1                : IntAlu :  D=0x0000000000070cb8
2514500: system.cpu: T0 : 0x4c45c    : c_beqz s1, 20              : IntAlu : 
2515000: system.cpu: T0 : 0x4c470    : addi a5, gp, 1880          : IntAlu :  D=0x0000000000071800
2515500: system.cpu: T0 : 0x4c474    : ld a3, 448(a5)             : MemRead :  D=0x0000000000000000 A=0x719c0
2516000: system.cpu: T0 : 0x4c478    : lw a4, 456(a5)             : MemRead :  D=0x0000000000000000 A=0x719c8
2516500: system.cpu: T0 : 0x4c47c    : sd s0, 448(a5)             : MemWrite :  D=0x0000000000070cb8 A=0x719c0
2517000: system.cpu: T0 : 0x4c480    : c_sd a3, 40(s0)            : MemWrite :  D=0x0000000000000000 A=0x70ce0
2517500: system.cpu: T0 : 0x4c482    : c_beqz a4, 30              : IntAlu : 
2518000: system.cpu: T0 : 0x4c4a0    : c_li a4, 1                 : IntAlu :  D=0x0000000000000001
2519000: system.cpu: T0 : 0x4c4a2    : addi a5, a5, 456           : IntAlu :  D=0x00000000000719c8
2520000: system.cpu: T0 : 0x4c4a6    : amoswap_w zero, a4, (a5)  
2520000: system.cpu: T0 : 0x4c4a6. 0 : amoswap_w[l] zero, a4, (a5) : MemRead :  D=0x0000000000000000 A=0x719c8
2520500: system.cpu: T0 : 0x4c4aa    : c_bnez s1, -36             : IntAlu : 
2521000: system.cpu: T0 : 0x4c4ac    : c_ldsp ra, 24(sp)          : MemRead :  D=0x0000000000010428 A=0x7ffffffffffffd98
2521500: system.cpu: T0 : 0x4c4ae    : c_ldsp s0, 16(sp)          : MemRead :  D=0x000000000006eaf8 A=0x7ffffffffffffd90
2522000: system.cpu: T0 : 0x4c4b0    : c_ldsp s1, 8(sp)           : MemRead :  D=0x0000000000000001 A=0x7ffffffffffffd88
2522500: system.cpu: T0 : 0x4c4b2    : c_addi16sp sp, 32          : IntAlu :  D=0x7ffffffffffffda0
2523000: system.cpu: T0 : 0x4c4b4    : c_jr ra                    : IntAlu : 
2523500: system.cpu: T0 : 0x10428    : c_ldsp ra, 8(sp)           : MemRead :  D=0x0000000000010a66 A=0x7ffffffffffffda8
2524000: system.cpu: T0 : 0x1042a    : c_addi sp, 16              : IntAlu :  D=0x7ffffffffffffdb0
2524500: system.cpu: T0 : 0x1042c    : c_j -134                   : IntAlu : 
2525500: system.cpu: T0 : 0x103a6    : lui a0, 113                : IntAlu :  D=0x0000000000071000
2526500: system.cpu: T0 : 0x103aa    : addi a1, a0, -1944         : IntAlu :  D=0x0000000000070868
2527500: system.cpu: T0 : 0x103ae    : lui a5, 113                : IntAlu :  D=0x0000000000071000
2528500: system.cpu: T0 : 0x103b2    : addi a5, a5, -1944         : IntAlu :  D=0x0000000000070868
2529000: system.cpu: T0 : 0x103b6    : c_sub a5, a1               : IntAlu :  D=0x0000000000000000
2529500: system.cpu: T0 : 0x103b8    : srai a4, a5, 3             : IntAlu :  D=0x0000000000000000
2530000: system.cpu: T0 : 0x103bc    : srli a1, a5, 63            : IntAlu :  D=0x0000000000000000
2530500: system.cpu: T0 : 0x103c0    : c_add a1, a4               : IntAlu :  D=0x0000000000000000
2531000: system.cpu: T0 : 0x103c2    : c_srai a1, 1               : IntAlu :  D=0x0000000000000000
2531500: system.cpu: T0 : 0x103c4    : c_beqz a1, 16              : IntAlu : 
2532000: system.cpu: T0 : 0x103d4    : c_jr ra                    : IntAlu : 
2532500: system.cpu: T0 : 0x10a66    : c_addi s0, 8               : IntAlu :  D=0x000000000006eb00
2533000: system.cpu: T0 : 0x10a68    : bne s5, s1, -14            : IntAlu : 
2533500: system.cpu: T0 : 0x10a6c    : c_ldsp ra, 56(sp)          : MemRead :  D=0x0000000000010686 A=0x7ffffffffffffde8
2534000: system.cpu: T0 : 0x10a6e    : c_ldsp s0, 48(sp)          : MemRead :  D=0x00000000000109ee A=0x7ffffffffffffde0
2534500: system.cpu: T0 : 0x10a70    : c_ldsp s1, 40(sp)          : MemRead :  D=0x0000000000010a7e A=0x7ffffffffffffdd8
2535000: system.cpu: T0 : 0x10a72    : c_ldsp s2, 32(sp)          : MemRead :  D=0x0000000000000000 A=0x7ffffffffffffdd0
2535500: system.cpu: T0 : 0x10a74    : c_ldsp s3, 24(sp)          : MemRead :  D=0x0000000000000000 A=0x7ffffffffffffdc8
2536000: system.cpu: T0 : 0x10a76    : c_ldsp s4, 16(sp)          : MemRead :  D=0x0000000000000000 A=0x7ffffffffffffdc0
2536500: system.cpu: T0 : 0x10a78    : c_ldsp s5, 8(sp)           : MemRead :  D=0x0000000000000000 A=0x7ffffffffffffdb8
2537000: system.cpu: T0 : 0x10a7a    : c_addi16sp sp, 64          : IntAlu :  D=0x7ffffffffffffdf0
2537500: system.cpu: T0 : 0x10a7c    : c_jr ra                    : IntAlu : 
2538000: system.cpu: T0 : 0x10686    : c_li a1, 0                 : IntAlu :  D=0x0000000000000000
2538500: system.cpu: T0 : 0x10688    : c_li a0, 0                 : IntAlu :  D=0x0000000000000000
2539500: system.cpu: T0 : 0x1068a    : jal ra, 71440              : IntAlu :  D=0x000000000001068e
2540000: system.cpu: T0 : 0x21d9a    : c_mv a4, a0                : IntAlu :  D=0x0000000000000000
2540500: system.cpu: T0 : 0x21d9c    : c_beqz a1, 70              : IntAlu : 
2541500: system.cpu: T0 : 0x21de2    : lui a5, 114                : IntAlu :  D=0x0000000000072000
2542500: system.cpu: T0 : 0x21de6    : addi a0, a5, -456          : IntAlu :  D=0x0000000000071e38
2543000: system.cpu: T0 : 0x21dea    : c_ld a5, 8(a0)             : MemRead :  D=0x0000000000000000 A=0x71e40
2543500: system.cpu: T0 : 0x21dec    : c_bnez a5, -52             : IntAlu : 
2544000: system.cpu: T0 : 0x21dee    : c_li a5, 1                 : IntAlu :  D=0x0000000000000001
2544500: system.cpu: T0 : 0x21df0    : c_sw a5, 0(a0)             : MemWrite :  D=0x0000000000000001 A=0x71e38
2545000: system.cpu: T0 : 0x21df2    : c_bnez a4, -52             : IntAlu : 
2545500: system.cpu: T0 : 0x21df4    : lui a5, 114                : IntAlu :  D=0x0000000000072000
2546000: system.cpu: T0 : 0x21df8    : ld a4, -424(a5)            : MemRead :  D=0x0000000000000000 A=0x71e58
2546500: system.cpu: T0 : 0x21dfc    : c_j -62                    : IntAlu : 
2547500: system.cpu: T0 : 0x21dbe    : slli a5, a1, 3             : IntAlu :  D=0x0000000000000000
2548000: system.cpu: T0 : 0x21dc2    : c_add a5, a1               : IntAlu :  D=0x0000000000000000
2548500: system.cpu: T0 : 0x21dc4    : lui a1, 112                : IntAlu :  D=0x0000000000070000
2549000: system.cpu: T0 : 0x21dc8    : c_slli a5, 4               : IntAlu :  D=0x0000000000000000
2550000: system.cpu: T0 : 0x21dca    : addi a1, a1, 936           : IntAlu :  D=0x00000000000703a8
2550500: system.cpu: T0 : 0x21dce    : c_add a1, a5               : IntAlu :  D=0x00000000000703a8
2551000: system.cpu: T0 : 0x21dd0    : c_ld a5, 0(a1)             : MemRead :  D=0x000000000006fed8 A=0x703a8
2551500: system.cpu: T0 : 0x21dd2    : c_sd a4, 32(a0)            : MemWrite :  D=0x0000000000000000 A=0x71e58
2552000: system.cpu: T0 : 0x21dd4    : c_sd a5, 8(a0)             : MemWrite :  D=0x000000000006fed8 A=0x71e40
2553000: system.cpu: T0 : 0x21dd6    : lui a5, 34                 : IntAlu :  D=0x0000000000022000
2554000: system.cpu: T0 : 0x21dda    : addi a5, a5, -616          : IntAlu :  D=0x0000000000021d98
2554500: system.cpu: T0 : 0x21dde    : c_sd a5, 16(a0)            : MemWrite :  D=0x0000000000021d98 A=0x71e48
2555000: system.cpu: T0 : 0x21de0    : c_jr ra                    : IntAlu : 
2555500: system.cpu: T0 : 0x1068e    : c_addi4spn a0, sp, 40      : IntAlu :  D=0x7ffffffffffffe18
2556000: system.cpu: T0 : 0x10690    : jal ra, 14940              : IntAlu :  D=0x0000000000010694
2556500: system.cpu: T0 : 0x140ec    : c_li a1, 0                 : IntAlu :  D=0x0000000000000000
2557000: system.cpu: T0 : 0x140ee    : c_j 6                      : IntAlu : 
2557500: system.cpu: T0 : 0x140f4    : sd ra, 0(a0)               : MemWrite :  D=0x0000000000010694 A=0x7ffffffffffffe18
2558000: system.cpu: T0 : 0x140f8    : c_sd s0, 8(a0)             : MemWrite :  D=0x00000000000109ee A=0x7ffffffffffffe20
2558500: system.cpu: T0 : 0x140fa    : c_sd s1, 16(a0)            : MemWrite :  D=0x0000000000010a7e A=0x7ffffffffffffe28
2559000: system.cpu: T0 : 0x140fc    : sd s2, 24(a0)              : MemWrite :  D=0x0000000000000000 A=0x7ffffffffffffe30
2559500: system.cpu: T0 : 0x14100    : sd s3, 32(a0)              : MemWrite :  D=0x0000000000000000 A=0x7ffffffffffffe38
2560000: system.cpu: T0 : 0x14104    : sd s4, 40(a0)              : MemWrite :  D=0x0000000000000000 A=0x7ffffffffffffe40
2560500: system.cpu: T0 : 0x14108    : sd s5, 48(a0)              : MemWrite :  D=0x0000000000000000 A=0x7ffffffffffffe48
2561000: system.cpu: T0 : 0x1410c    : sd s6, 56(a0)              : MemWrite :  D=0x0000000000000000 A=0x7ffffffffffffe50
2561500: system.cpu: T0 : 0x14110    : sd s7, 64(a0)              : MemWrite :  D=0x0000000000000000 A=0x7ffffffffffffe58
2562000: system.cpu: T0 : 0x14114    : sd s8, 72(a0)              : MemWrite :  D=0x0000000000000000 A=0x7ffffffffffffe60
2562500: system.cpu: T0 : 0x14118    : sd s9, 80(a0)              : MemWrite :  D=0x0000000000000000 A=0x7ffffffffffffe68
2563000: system.cpu: T0 : 0x1411c    : sd s10, 88(a0)             : MemWrite :  D=0x0000000000000000 A=0x7ffffffffffffe70
2563500: system.cpu: T0 : 0x14120    : sd s11, 96(a0)             : MemWrite :  D=0x0000000000000000 A=0x7ffffffffffffe78
2564000: system.cpu: T0 : 0x14124    : sd sp, 104(a0)             : MemWrite :  D=0x7ffffffffffffdf0 A=0x7ffffffffffffe80
2564500: system.cpu: T0 : 0x14128    : c_fsd fs0, 112(a0)         : FloatMemWrite :  D=0x0000000000000000 A=0x7ffffffffffffe88
2565000: system.cpu: T0 : 0x1412a    : c_fsd fs1, 120(a0)         : FloatMemWrite :  D=0x0000000000000000 A=0x7ffffffffffffe90
2565500: system.cpu: T0 : 0x1412c    : fsd fs2, 128(a0)           : FloatMemWrite :  D=0x0000000000000000 A=0x7ffffffffffffe98
2566000: system.cpu: T0 : 0x14130    : fsd fs3, 136(a0)           : FloatMemWrite :  D=0x0000000000000000 A=0x7ffffffffffffea0
2566500: system.cpu: T0 : 0x14134    : fsd fs4, 144(a0)           : FloatMemWrite :  D=0x0000000000000000 A=0x7ffffffffffffea8
2567000: system.cpu: T0 : 0x14138    : fsd fs5, 152(a0)           : FloatMemWrite :  D=0x0000000000000000 A=0x7ffffffffffffeb0
2567500: system.cpu: T0 : 0x1413c    : fsd fs6, 160(a0)           : FloatMemWrite :  D=0x0000000000000000 A=0x7ffffffffffffeb8
2568000: system.cpu: T0 : 0x14140    : fsd fs7, 168(a0)           : FloatMemWrite :  D=0x0000000000000000 A=0x7ffffffffffffec0
2568500: system.cpu: T0 : 0x14144    : fsd fs8, 176(a0)           : FloatMemWrite :  D=0x0000000000000000 A=0x7ffffffffffffec8
2569000: system.cpu: T0 : 0x14148    : fsd fs9, 184(a0)           : FloatMemWrite :  D=0x0000000000000000 A=0x7ffffffffffffed0
2569500: system.cpu: T0 : 0x1414c    : fsd fs10, 192(a0)          : FloatMemWrite :  D=0x0000000000000000 A=0x7ffffffffffffed8
2570000: system.cpu: T0 : 0x14150    : fsd fs11, 200(a0)          : FloatMemWrite :  D=0x0000000000000000 A=0x7ffffffffffffee0
2570500: system.cpu: T0 : 0x14154    : jal zero, 4                : IntAlu :  D=0x0000000000014158
2571000: system.cpu: T0 : 0x14158    : c_addi sp, -16             : IntAlu :  D=0x7ffffffffffffde0
2571500: system.cpu: T0 : 0x1415a    : c_sdsp s0, 0(sp)           : MemWrite :  D=0x00000000000109ee A=0x7ffffffffffffde0
2572000: system.cpu: T0 : 0x1415c    : c_sdsp ra, 8(sp)           : MemWrite :  D=0x0000000000010694 A=0x7ffffffffffffde8
2572500: system.cpu: T0 : 0x1415e    : c_mv s0, a0                : IntAlu :  D=0x7ffffffffffffe18
2573000: system.cpu: T0 : 0x14160    : c_bnez a1, 16              : IntAlu : 
2573500: system.cpu: T0 : 0x14162    : c_ldsp ra, 8(sp)           : MemRead :  D=0x0000000000010694 A=0x7ffffffffffffde8
2574000: system.cpu: T0 : 0x14164    : sw a1, 208(s0)             : MemWrite :  D=0x0000000000000000 A=0x7ffffffffffffee8
2574500: system.cpu: T0 : 0x14168    : c_ldsp s0, 0(sp)           : MemRead :  D=0x00000000000109ee A=0x7ffffffffffffde0
2575000: system.cpu: T0 : 0x1416a    : c_li a0, 0                 : IntAlu :  D=0x0000000000000000
2575500: system.cpu: T0 : 0x1416c    : c_addi sp, 16              : IntAlu :  D=0x7ffffffffffffdf0
2576000: system.cpu: T0 : 0x1416e    : c_jr ra                    : IntAlu : 
2576500: system.cpu: T0 : 0x10694    : c_bnez a0, 166             : IntAlu : 
2577500: system.cpu: T0 : 0x10696    : ld a3, -1552(tp)           : MemRead :  D=0x0000000000000000 A=0x73100
2578500: system.cpu: T0 : 0x1069a    : ld a4, -1560(tp)           : MemRead :  D=0x0000000000000000 A=0x730f8
2579500: system.cpu: T0 : 0x1069e    : ld a2, -1360(gp)           : MemRead :  D=0x7fffffffffffff48 A=0x70b58
2580000: system.cpu: T0 : 0x106a2    : c_ldsp a1, 16(sp)          : MemRead :  D=0x7fffffffffffff38 A=0x7ffffffffffffe00
2580500: system.cpu: T0 : 0x106a4    : c_ldsp a0, 8(sp)           : MemRead :  D=0x0000000000000001 A=0x7ffffffffffffdf8
2581000: system.cpu: T0 : 0x106a6    : c_ldsp a5, 24(sp)          : MemRead :  D=0x0000000000010430 A=0x7ffffffffffffe08
2581500: system.cpu: T0 : 0x106a8    : c_sdsp a4, 264(sp)         : MemWrite :  D=0x0000000000000000 A=0x7ffffffffffffef8
2582000: system.cpu: T0 : 0x106aa    : c_sdsp a3, 256(sp)         : MemWrite :  D=0x0000000000000000 A=0x7ffffffffffffef0
2582500: system.cpu: T0 : 0x106ac    : c_addi4spn a4, sp, 40      : IntAlu :  D=0x7ffffffffffffe18
2583500: system.cpu: T0 : 0x106ae    : sd a4, -1552(tp)           : MemWrite :  D=0x7ffffffffffffe18 A=0x73100
2584000: system.cpu: T0 : 0x106b2    : c_jalr a5                  : IntAlu :  D=0x00000000000106b4
2584500: system.cpu: T0 : 0x10430    : c_addi sp, -16             : IntAlu :  D=0x7ffffffffffffde0
2585000: system.cpu: T0 : 0x10432    : c_sdsp ra, 8(sp)           : MemWrite :  D=0x00000000000106b4 A=0x7ffffffffffffde8
2585500: system.cpu: T0 : 0x10434    : c_sdsp s0, 0(sp)           : MemWrite :  D=0x00000000000109ee A=0x7ffffffffffffde0
2586000: system.cpu: T0 : 0x10436    : c_addi4spn s0, sp, 16      : IntAlu :  D=0x7ffffffffffffdf0
2586500: system.cpu: T0 : 0x10438    : c_li a0, 8                 : IntAlu :  D=0x0000000000000008
2587500: system.cpu: T0 : 0x1043a    : jal ra, 16                 : IntAlu :  D=0x000000000001043e
2588000: system.cpu: T0 : 0x1044a    : c_addi16sp sp, -48         : IntAlu :  D=0x7ffffffffffffdb0
2588500: system.cpu: T0 : 0x1044c    : c_sdsp s0, 40(sp)          : MemWrite :  D=0x7ffffffffffffdf0 A=0x7ffffffffffffdd8
2589000: system.cpu: T0 : 0x1044e    : c_addi4spn s0, sp, 48      : IntAlu :  D=0x7ffffffffffffde0
2589500: system.cpu: T0 : 0x10450    : c_mv a5, a0                : IntAlu :  D=0x0000000000000008
2590500: system.cpu: T0 : 0x10452    : sw a5, -36(s0)             : MemWrite :  D=0x0000000000000008 A=0x7ffffffffffffdbc
2591500: system.cpu: T0 : 0x10456    : sw zero, -24(s0)           : MemWrite :  D=0x0000000000000000 A=0x7ffffffffffffdc8
2592000: system.cpu: T0 : 0x1045a    : c_li a5, 14                : IntAlu :  D=0x000000000000000e
2592500: system.cpu: T0 : 0x1045c    : sw a5, -28(s0)             : MemWrite :  D=0x000000000000000e A=0x7ffffffffffffdc4
2593000: system.cpu: T0 : 0x10460    : c_li a5, -1                : IntAlu :  D=0xffffffffffffffff
2594000: system.cpu: T0 : 0x10462    : sw a5, -32(s0)             : MemWrite :  D=0x00000000ffffffff A=0x7ffffffffffffdc0
2594500: system.cpu: T0 : 0x10466    : c_j 160                    : IntAlu : 
2595500: system.cpu: T0 : 0x10506    : lw a4, -24(s0)             : MemRead :  D=0x0000000000000000 A=0x7ffffffffffffdc8
2596500: system.cpu: T0 : 0x1050a    : lw a5, -28(s0)             : MemRead :  D=0x000000000000000e A=0x7ffffffffffffdc4
2597000: system.cpu: T0 : 0x1050e    : c_addiw a4, 0              : IntAlu :  D=0x0000000000000000
2597500: system.cpu: T0 : 0x10510    : c_addiw a5, 0              : IntAlu :  D=0x000000000000000e
2598500: system.cpu: T0 : 0x10512    : bge a5, a4, -170           : IntAlu : 
2599000: system.cpu: T0 : 0x10468    : lw a4, -24(s0)             : MemRead :  D=0x0000000000000000 A=0x7ffffffffffffdc8
2599500: system.cpu: T0 : 0x1046c    : lw a5, -28(s0)             : MemRead :  D=0x000000000000000e A=0x7ffffffffffffdc4
2600000: system.cpu: T0 : 0x10470    : c_addw a5, a4              : IntAlu :  D=0x000000000000000e
2600500: system.cpu: T0 : 0x10472    : c_addiw a5, 0              : IntAlu :  D=0x000000000000000e
2601000: system.cpu: T0 : 0x10474    : sraiw a5, a5, 1            : IntAlu :  D=0x0000000000000007
2601500: system.cpu: T0 : 0x10478    : sw a5, -20(s0)             : MemWrite :  D=0x0000000000000007 A=0x7ffffffffffffdcc
2602000: system.cpu: T0 : 0x1047c    : auipc a4, 95               : IntAlu :  D=0x000000000006f47c
2602500: system.cpu: T0 : 0x10480    : addi a4, a4, -1148         : IntAlu :  D=0x000000000006f000
2603000: system.cpu: T0 : 0x10484    : lw a5, -20(s0)             : MemRead :  D=0x0000000000000007 A=0x7ffffffffffffdcc
2603500: system.cpu: T0 : 0x10488    : c_slli a5, 3               : IntAlu :  D=0x0000000000000038
2604000: system.cpu: T0 : 0x1048a    : c_add a5, a4               : IntAlu :  D=0x000000000006f038
2604500: system.cpu: T0 : 0x1048c    : c_lw a4, 0(a5)             : MemRead :  D=0x000000000000000b A=0x6f038
2605500: system.cpu: T0 : 0x1048e    : lw a5, -36(s0)             : MemRead :  D=0x0000000000000008 A=0x7ffffffffffffdbc
2606000: system.cpu: T0 : 0x10492    : c_addiw a5, 0              : IntAlu :  D=0x0000000000000008
2606500: system.cpu: T0 : 0x10494    : bne a5, a4, 38             : IntAlu : 
2607500: system.cpu: T0 : 0x104ba    : auipc a4, 95               : IntAlu :  D=0x000000000006f4ba
2608500: system.cpu: T0 : 0x104be    : addi a4, a4, -1210         : IntAlu :  D=0x000000000006f000
2609500: system.cpu: T0 : 0x104c2    : lw a5, -20(s0)             : MemRead :  D=0x0000000000000007 A=0x7ffffffffffffdcc
2610000: system.cpu: T0 : 0x104c6    : c_slli a5, 3               : IntAlu :  D=0x0000000000000038
2610500: system.cpu: T0 : 0x104c8    : c_add a5, a4               : IntAlu :  D=0x000000000006f038
2611000: system.cpu: T0 : 0x104ca    : c_lw a4, 0(a5)             : MemRead :  D=0x000000000000000b A=0x6f038
2611500: system.cpu: T0 : 0x104cc    : lw a5, -36(s0)             : MemRead :  D=0x0000000000000008 A=0x7ffffffffffffdbc
2612000: system.cpu: T0 : 0x104d0    : c_addiw a5, 0              : IntAlu :  D=0x0000000000000008
2613000: system.cpu: T0 : 0x104d2    : bge a5, a4, 16             : IntAlu : 
2614000: system.cpu: T0 : 0x104d6    : lw a5, -20(s0)             : MemRead :  D=0x0000000000000007 A=0x7ffffffffffffdcc
2614500: system.cpu: T0 : 0x104da    : c_addiw a5, -1             : IntAlu :  D=0x0000000000000006
2615000: system.cpu: T0 : 0x104dc    : sw a5, -28(s0)             : MemWrite :  D=0x0000000000000006 A=0x7ffffffffffffdc4
2615500: system.cpu: T0 : 0x104e0    : c_j 12                     : IntAlu : 
2616000: system.cpu: T0 : 0x104ec    : auipc a5, 96               : IntAlu :  D=0x00000000000704ec
2616500: system.cpu: T0 : 0x104f0    : ld a5, 948(a5)             : MemRead :  D=0x00000000000719d8 A=0x708a0
2617000: system.cpu: T0 : 0x104f4    : c_lw a5, 0(a5)             : MemRead :  D=0x0000000000000000 A=0x719d8
2617500: system.cpu: T0 : 0x104f6    : c_addiw a5, 1              : IntAlu :  D=0x0000000000000001
2618000: system.cpu: T0 : 0x104f8    : addiw a4, a5, 0            : IntAlu :  D=0x0000000000000001
2618500: system.cpu: T0 : 0x104fc    : auipc a5, 96               : IntAlu :  D=0x00000000000704fc
2619000: system.cpu: T0 : 0x10500    : ld a5, 932(a5)             : MemRead :  D=0x00000000000719d8 A=0x708a0
2619500: system.cpu: T0 : 0x10504    : c_sw a4, 0(a5)             : MemWrite :  D=0x0000000000000001 A=0x719d8
2620500: system.cpu: T0 : 0x10506    : lw a4, -24(s0)             : MemRead :  D=0x0000000000000000 A=0x7ffffffffffffdc8
2621500: system.cpu: T0 : 0x1050a    : lw a5, -28(s0)             : MemRead :  D=0x0000000000000006 A=0x7ffffffffffffdc4
2622000: system.cpu: T0 : 0x1050e    : c_addiw a4, 0              : IntAlu :  D=0x0000000000000000
2622500: system.cpu: T0 : 0x10510    : c_addiw a5, 0              : IntAlu :  D=0x0000000000000006
2623500: system.cpu: T0 : 0x10512    : bge a5, a4, -170           : IntAlu : 
2624000: system.cpu: T0 : 0x10468    : lw a4, -24(s0)             : MemRead :  D=0x0000000000000000 A=0x7ffffffffffffdc8
2624500: system.cpu: T0 : 0x1046c    : lw a5, -28(s0)             : MemRead :  D=0x0000000000000006 A=0x7ffffffffffffdc4
2625000: system.cpu: T0 : 0x10470    : c_addw a5, a4              : IntAlu :  D=0x0000000000000006
2625500: system.cpu: T0 : 0x10472    : c_addiw a5, 0              : IntAlu :  D=0x0000000000000006
2626000: system.cpu: T0 : 0x10474    : sraiw a5, a5, 1            : IntAlu :  D=0x0000000000000003
2626500: system.cpu: T0 : 0x10478    : sw a5, -20(s0)             : MemWrite :  D=0x0000000000000003 A=0x7ffffffffffffdcc
2627000: system.cpu: T0 : 0x1047c    : auipc a4, 95               : IntAlu :  D=0x000000000006f47c
2627500: system.cpu: T0 : 0x10480    : addi a4, a4, -1148         : IntAlu :  D=0x000000000006f000
2628000: system.cpu: T0 : 0x10484    : lw a5, -20(s0)             : MemRead :  D=0x0000000000000003 A=0x7ffffffffffffdcc
2628500: system.cpu: T0 : 0x10488    : c_slli a5, 3               : IntAlu :  D=0x0000000000000018
2629000: system.cpu: T0 : 0x1048a    : c_add a5, a4               : IntAlu :  D=0x000000000006f018
2629500: system.cpu: T0 : 0x1048c    : c_lw a4, 0(a5)             : MemRead :  D=0x0000000000000007 A=0x6f018
2630500: system.cpu: T0 : 0x1048e    : lw a5, -36(s0)             : MemRead :  D=0x0000000000000008 A=0x7ffffffffffffdbc
2631000: system.cpu: T0 : 0x10492    : c_addiw a5, 0              : IntAlu :  D=0x0000000000000008
2631500: system.cpu: T0 : 0x10494    : bne a5, a4, 38             : IntAlu : 
2632500: system.cpu: T0 : 0x104ba    : auipc a4, 95               : IntAlu :  D=0x000000000006f4ba
2633500: system.cpu: T0 : 0x104be    : addi a4, a4, -1210         : IntAlu :  D=0x000000000006f000
2634500: system.cpu: T0 : 0x104c2    : lw a5, -20(s0)             : MemRead :  D=0x0000000000000003 A=0x7ffffffffffffdcc
2635000: system.cpu: T0 : 0x104c6    : c_slli a5, 3               : IntAlu :  D=0x0000000000000018
2635500: system.cpu: T0 : 0x104c8    : c_add a5, a4               : IntAlu :  D=0x000000000006f018
2636000: system.cpu: T0 : 0x104ca    : c_lw a4, 0(a5)             : MemRead :  D=0x0000000000000007 A=0x6f018
2636500: system.cpu: T0 : 0x104cc    : lw a5, -36(s0)             : MemRead :  D=0x0000000000000008 A=0x7ffffffffffffdbc
2637000: system.cpu: T0 : 0x104d0    : c_addiw a5, 0              : IntAlu :  D=0x0000000000000008
2638000: system.cpu: T0 : 0x104d2    : bge a5, a4, 16             : IntAlu : 
2639000: system.cpu: T0 : 0x104e2    : lw a5, -20(s0)             : MemRead :  D=0x0000000000000003 A=0x7ffffffffffffdcc
2639500: system.cpu: T0 : 0x104e6    : c_addiw a5, 1              : IntAlu :  D=0x0000000000000004
2640000: system.cpu: T0 : 0x104e8    : sw a5, -24(s0)             : MemWrite :  D=0x0000000000000004 A=0x7ffffffffffffdc8
2640500: system.cpu: T0 : 0x104ec    : auipc a5, 96               : IntAlu :  D=0x00000000000704ec
2641000: system.cpu: T0 : 0x104f0    : ld a5, 948(a5)             : MemRead :  D=0x00000000000719d8 A=0x708a0
2641500: system.cpu: T0 : 0x104f4    : c_lw a5, 0(a5)             : MemRead :  D=0x0000000000000001 A=0x719d8
2642000: system.cpu: T0 : 0x104f6    : c_addiw a5, 1              : IntAlu :  D=0x0000000000000002
2642500: system.cpu: T0 : 0x104f8    : addiw a4, a5, 0            : IntAlu :  D=0x0000000000000002
2643000: system.cpu: T0 : 0x104fc    : auipc a5, 96               : IntAlu :  D=0x00000000000704fc
2643500: system.cpu: T0 : 0x10500    : ld a5, 932(a5)             : MemRead :  D=0x00000000000719d8 A=0x708a0
2644000: system.cpu: T0 : 0x10504    : c_sw a4, 0(a5)             : MemWrite :  D=0x0000000000000002 A=0x719d8
2645000: system.cpu: T0 : 0x10506    : lw a4, -24(s0)             : MemRead :  D=0x0000000000000004 A=0x7ffffffffffffdc8
2646000: system.cpu: T0 : 0x1050a    : lw a5, -28(s0)             : MemRead :  D=0x0000000000000006 A=0x7ffffffffffffdc4
2646500: system.cpu: T0 : 0x1050e    : c_addiw a4, 0              : IntAlu :  D=0x0000000000000004
2647000: system.cpu: T0 : 0x10510    : c_addiw a5, 0              : IntAlu :  D=0x0000000000000006
2648000: system.cpu: T0 : 0x10512    : bge a5, a4, -170           : IntAlu : 
2648500: system.cpu: T0 : 0x10468    : lw a4, -24(s0)             : MemRead :  D=0x0000000000000004 A=0x7ffffffffffffdc8
2649000: system.cpu: T0 : 0x1046c    : lw a5, -28(s0)             : MemRead :  D=0x0000000000000006 A=0x7ffffffffffffdc4
2649500: system.cpu: T0 : 0x10470    : c_addw a5, a4              : IntAlu :  D=0x000000000000000a
2650000: system.cpu: T0 : 0x10472    : c_addiw a5, 0              : IntAlu :  D=0x000000000000000a
2650500: system.cpu: T0 : 0x10474    : sraiw a5, a5, 1            : IntAlu :  D=0x0000000000000005
2651000: system.cpu: T0 : 0x10478    : sw a5, -20(s0)             : MemWrite :  D=0x0000000000000005 A=0x7ffffffffffffdcc
2651500: system.cpu: T0 : 0x1047c    : auipc a4, 95               : IntAlu :  D=0x000000000006f47c
2652000: system.cpu: T0 : 0x10480    : addi a4, a4, -1148         : IntAlu :  D=0x000000000006f000
2652500: system.cpu: T0 : 0x10484    : lw a5, -20(s0)             : MemRead :  D=0x0000000000000005 A=0x7ffffffffffffdcc
2653000: system.cpu: T0 : 0x10488    : c_slli a5, 3               : IntAlu :  D=0x0000000000000028
2653500: system.cpu: T0 : 0x1048a    : c_add a5, a4               : IntAlu :  D=0x000000000006f028
2654000: system.cpu: T0 : 0x1048c    : c_lw a4, 0(a5)             : MemRead :  D=0x0000000000000009 A=0x6f028
2655000: system.cpu: T0 : 0x1048e    : lw a5, -36(s0)             : MemRead :  D=0x0000000000000008 A=0x7ffffffffffffdbc
2655500: system.cpu: T0 : 0x10492    : c_addiw a5, 0              : IntAlu :  D=0x0000000000000008
2656000: system.cpu: T0 : 0x10494    : bne a5, a4, 38             : IntAlu : 
2657000: system.cpu: T0 : 0x104ba    : auipc a4, 95               : IntAlu :  D=0x000000000006f4ba
2658000: system.cpu: T0 : 0x104be    : addi a4, a4, -1210         : IntAlu :  D=0x000000000006f000
2659000: system.cpu: T0 : 0x104c2    : lw a5, -20(s0)             : MemRead :  D=0x0000000000000005 A=0x7ffffffffffffdcc
2659500: system.cpu: T0 : 0x104c6    : c_slli a5, 3               : IntAlu :  D=0x0000000000000028
2660000: system.cpu: T0 : 0x104c8    : c_add a5, a4               : IntAlu :  D=0x000000000006f028
2660500: system.cpu: T0 : 0x104ca    : c_lw a4, 0(a5)             : MemRead :  D=0x0000000000000009 A=0x6f028
2661000: system.cpu: T0 : 0x104cc    : lw a5, -36(s0)             : MemRead :  D=0x0000000000000008 A=0x7ffffffffffffdbc
2661500: system.cpu: T0 : 0x104d0    : c_addiw a5, 0              : IntAlu :  D=0x0000000000000008
2662500: system.cpu: T0 : 0x104d2    : bge a5, a4, 16             : IntAlu : 
2663500: system.cpu: T0 : 0x104d6    : lw a5, -20(s0)             : MemRead :  D=0x0000000000000005 A=0x7ffffffffffffdcc
2664000: system.cpu: T0 : 0x104da    : c_addiw a5, -1             : IntAlu :  D=0x0000000000000004
2664500: system.cpu: T0 : 0x104dc    : sw a5, -28(s0)             : MemWrite :  D=0x0000000000000004 A=0x7ffffffffffffdc4
2665000: system.cpu: T0 : 0x104e0    : c_j 12                     : IntAlu : 
2665500: system.cpu: T0 : 0x104ec    : auipc a5, 96               : IntAlu :  D=0x00000000000704ec
2666000: system.cpu: T0 : 0x104f0    : ld a5, 948(a5)             : MemRead :  D=0x00000000000719d8 A=0x708a0
2666500: system.cpu: T0 : 0x104f4    : c_lw a5, 0(a5)             : MemRead :  D=0x0000000000000002 A=0x719d8
2667000: system.cpu: T0 : 0x104f6    : c_addiw a5, 1              : IntAlu :  D=0x0000000000000003
2667500: system.cpu: T0 : 0x104f8    : addiw a4, a5, 0            : IntAlu :  D=0x0000000000000003
2668000: system.cpu: T0 : 0x104fc    : auipc a5, 96               : IntAlu :  D=0x00000000000704fc
2668500: system.cpu: T0 : 0x10500    : ld a5, 932(a5)             : MemRead :  D=0x00000000000719d8 A=0x708a0
2669000: system.cpu: T0 : 0x10504    : c_sw a4, 0(a5)             : MemWrite :  D=0x0000000000000003 A=0x719d8
2670000: system.cpu: T0 : 0x10506    : lw a4, -24(s0)             : MemRead :  D=0x0000000000000004 A=0x7ffffffffffffdc8
2671000: system.cpu: T0 : 0x1050a    : lw a5, -28(s0)             : MemRead :  D=0x0000000000000004 A=0x7ffffffffffffdc4
2671500: system.cpu: T0 : 0x1050e    : c_addiw a4, 0              : IntAlu :  D=0x0000000000000004
2672000: system.cpu: T0 : 0x10510    : c_addiw a5, 0              : IntAlu :  D=0x0000000000000004
2673000: system.cpu: T0 : 0x10512    : bge a5, a4, -170           : IntAlu : 
2673500: system.cpu: T0 : 0x10468    : lw a4, -24(s0)             : MemRead :  D=0x0000000000000004 A=0x7ffffffffffffdc8
2674000: system.cpu: T0 : 0x1046c    : lw a5, -28(s0)             : MemRead :  D=0x0000000000000004 A=0x7ffffffffffffdc4
2674500: system.cpu: T0 : 0x10470    : c_addw a5, a4              : IntAlu :  D=0x0000000000000008
2675000: system.cpu: T0 : 0x10472    : c_addiw a5, 0              : IntAlu :  D=0x0000000000000008
2675500: system.cpu: T0 : 0x10474    : sraiw a5, a5, 1            : IntAlu :  D=0x0000000000000004
2676000: system.cpu: T0 : 0x10478    : sw a5, -20(s0)             : MemWrite :  D=0x0000000000000004 A=0x7ffffffffffffdcc
2676500: system.cpu: T0 : 0x1047c    : auipc a4, 95               : IntAlu :  D=0x000000000006f47c
2677000: system.cpu: T0 : 0x10480    : addi a4, a4, -1148         : IntAlu :  D=0x000000000006f000
2677500: system.cpu: T0 : 0x10484    : lw a5, -20(s0)             : MemRead :  D=0x0000000000000004 A=0x7ffffffffffffdcc
2678000: system.cpu: T0 : 0x10488    : c_slli a5, 3               : IntAlu :  D=0x0000000000000020
2678500: system.cpu: T0 : 0x1048a    : c_add a5, a4               : IntAlu :  D=0x000000000006f020
2679000: system.cpu: T0 : 0x1048c    : c_lw a4, 0(a5)             : MemRead :  D=0x0000000000000008 A=0x6f020
2680000: system.cpu: T0 : 0x1048e    : lw a5, -36(s0)             : MemRead :  D=0x0000000000000008 A=0x7ffffffffffffdbc
2680500: system.cpu: T0 : 0x10492    : c_addiw a5, 0              : IntAlu :  D=0x0000000000000008
2681000: system.cpu: T0 : 0x10494    : bne a5, a4, 38             : IntAlu : 
2681500: system.cpu: T0 : 0x10498    : lw a5, -24(s0)             : MemRead :  D=0x0000000000000004 A=0x7ffffffffffffdc8
2682000: system.cpu: T0 : 0x1049c    : c_addiw a5, -1             : IntAlu :  D=0x0000000000000003
2683000: system.cpu: T0 : 0x1049e    : sw a5, -28(s0)             : MemWrite :  D=0x0000000000000003 A=0x7ffffffffffffdc4
2684000: system.cpu: T0 : 0x104a2    : auipc a4, 95               : IntAlu :  D=0x000000000006f4a2
2685000: system.cpu: T0 : 0x104a6    : addi a4, a4, -1186         : IntAlu :  D=0x000000000006f000
2686000: system.cpu: T0 : 0x104aa    : lw a5, -20(s0)             : MemRead :  D=0x0000000000000004 A=0x7ffffffffffffdcc
2686500: system.cpu: T0 : 0x104ae    : c_slli a5, 3               : IntAlu :  D=0x0000000000000020
2687000: system.cpu: T0 : 0x104b0    : c_add a5, a4               : IntAlu :  D=0x000000000006f020
2687500: system.cpu: T0 : 0x104b2    : c_lw a5, 4(a5)             : MemRead :  D=0x0000000000000384 A=0x6f024
2688000: system.cpu: T0 : 0x104b4    : sw a5, -32(s0)             : MemWrite :  D=0x0000000000000384 A=0x7ffffffffffffdc0
2688500: system.cpu: T0 : 0x104b8    : c_j 52                     : IntAlu : 
2689000: system.cpu: T0 : 0x104ec    : auipc a5, 96               : IntAlu :  D=0x00000000000704ec
2689500: system.cpu: T0 : 0x104f0    : ld a5, 948(a5)             : MemRead :  D=0x00000000000719d8 A=0x708a0
2690000: system.cpu: T0 : 0x104f4    : c_lw a5, 0(a5)             : MemRead :  D=0x0000000000000003 A=0x719d8
2690500: system.cpu: T0 : 0x104f6    : c_addiw a5, 1              : IntAlu :  D=0x0000000000000004
2691000: system.cpu: T0 : 0x104f8    : addiw a4, a5, 0            : IntAlu :  D=0x0000000000000004
2691500: system.cpu: T0 : 0x104fc    : auipc a5, 96               : IntAlu :  D=0x00000000000704fc
2692000: system.cpu: T0 : 0x10500    : ld a5, 932(a5)             : MemRead :  D=0x00000000000719d8 A=0x708a0
2692500: system.cpu: T0 : 0x10504    : c_sw a4, 0(a5)             : MemWrite :  D=0x0000000000000004 A=0x719d8
2693500: system.cpu: T0 : 0x10506    : lw a4, -24(s0)             : MemRead :  D=0x0000000000000004 A=0x7ffffffffffffdc8
2694500: system.cpu: T0 : 0x1050a    : lw a5, -28(s0)             : MemRead :  D=0x0000000000000003 A=0x7ffffffffffffdc4
2695000: system.cpu: T0 : 0x1050e    : c_addiw a4, 0              : IntAlu :  D=0x0000000000000004
2695500: system.cpu: T0 : 0x10510    : c_addiw a5, 0              : IntAlu :  D=0x0000000000000003
2696500: system.cpu: T0 : 0x10512    : bge a5, a4, -170           : IntAlu : 
2697500: system.cpu: T0 : 0x10516    : lw a5, -32(s0)             : MemRead :  D=0x0000000000000384 A=0x7ffffffffffffdc0
2698000: system.cpu: T0 : 0x1051a    : c_mv a0, a5                : IntAlu :  D=0x0000000000000384
2698500: system.cpu: T0 : 0x1051c    : c_ldsp s0, 40(sp)          : MemRead :  D=0x7ffffffffffffdf0 A=0x7ffffffffffffdd8
2699000: system.cpu: T0 : 0x1051e    : c_addi16sp sp, 48          : IntAlu :  D=0x7ffffffffffffde0
2699500: system.cpu: T0 : 0x10520    : c_jr ra                    : IntAlu : 
2700000: system.cpu: T0 : 0x1043e    : c_li a5, 0                 : IntAlu :  D=0x0000000000000000
2700500: system.cpu: T0 : 0x10440    : c_mv a0, a5                : IntAlu :  D=0x0000000000000000
2701000: system.cpu: T0 : 0x10442    : c_ldsp ra, 8(sp)           : MemRead :  D=0x00000000000106b4 A=0x7ffffffffffffde8
2701500: system.cpu: T0 : 0x10444    : c_ldsp s0, 0(sp)           : MemRead :  D=0x00000000000109ee A=0x7ffffffffffffde0
2702000: system.cpu: T0 : 0x10446    : c_addi sp, 16              : IntAlu :  D=0x7ffffffffffffdf0
2702500: system.cpu: T0 : 0x10448    : c_jr ra                    : IntAlu : 
2703000: system.cpu: T0 : 0x106b4    : jal ra, 17144              : IntAlu :  D=0x00000000000106b8
2703500: system.cpu: T0 : 0x149ac    : c_addi sp, -16             : IntAlu :  D=0x7ffffffffffffde0
2704000: system.cpu: T0 : 0x149ae    : c_li a3, 1                 : IntAlu :  D=0x0000000000000001
2704500: system.cpu: T0 : 0x149b0    : c_li a2, 1                 : IntAlu :  D=0x0000000000000001
2705500: system.cpu: T0 : 0x149b2    : addi a1, gp, -1936         : IntAlu :  D=0x0000000000070918
2706000: system.cpu: T0 : 0x149b6    : c_sdsp ra, 8(sp)           : MemWrite :  D=0x00000000000106b8 A=0x7ffffffffffffde8
2706500: system.cpu: T0 : 0x149b8    : jal ra, -468               : IntAlu :  D=0x00000000000149bc
2707000: system.cpu: T0 : 0x147e4    : c_addi16sp sp, -128        : IntAlu :  D=0x7ffffffffffffd60
2707500: system.cpu: T0 : 0x147e6    : c_sdsp s6, 64(sp)          : MemWrite :  D=0x0000000000000000 A=0x7ffffffffffffda0
2708000: system.cpu: T0 : 0x147e8    : c_sdsp s7, 56(sp)          : MemWrite :  D=0x0000000000000000 A=0x7ffffffffffffd98
2708500: system.cpu: T0 : 0x147ea    : c_sdsp ra, 120(sp)         : MemWrite :  D=0x00000000000149bc A=0x7ffffffffffffdd8
2709000: system.cpu: T0 : 0x147ec    : c_sdsp s0, 112(sp)         : MemWrite :  D=0x00000000000109ee A=0x7ffffffffffffdd0
2709500: system.cpu: T0 : 0x147ee    : c_sdsp s1, 104(sp)         : MemWrite :  D=0x0000000000010a7e A=0x7ffffffffffffdc8
2710000: system.cpu: T0 : 0x147f0    : c_sdsp s2, 96(sp)          : MemWrite :  D=0x0000000000000000 A=0x7ffffffffffffdc0
2710500: system.cpu: T0 : 0x147f2    : c_sdsp s3, 88(sp)          : MemWrite :  D=0x0000000000000000 A=0x7ffffffffffffdb8
2711000: system.cpu: T0 : 0x147f4    : c_sdsp s4, 80(sp)          : MemWrite :  D=0x0000000000000000 A=0x7ffffffffffffdb0
2711500: system.cpu: T0 : 0x147f6    : c_sdsp s5, 72(sp)          : MemWrite :  D=0x0000000000000000 A=0x7ffffffffffffda8
2712000: system.cpu: T0 : 0x147f8    : c_sdsp s8, 48(sp)          : MemWrite :  D=0x0000000000000000 A=0x7ffffffffffffd90
2712500: system.cpu: T0 : 0x147fa    : c_sdsp s9, 40(sp)          : MemWrite :  D=0x0000000000000000 A=0x7ffffffffffffd88
2713000: system.cpu: T0 : 0x147fc    : c_sdsp s10, 32(sp)         : MemWrite :  D=0x0000000000000000 A=0x7ffffffffffffd80
2713500: system.cpu: T0 : 0x147fe    : c_sdsp s11, 24(sp)         : MemWrite :  D=0x0000000000000000 A=0x7ffffffffffffd78
2714000: system.cpu: T0 : 0x14800    : addi a5, zero, 0           : IntAlu :  D=0x0000000000000000
2714500: system.cpu: T0 : 0x14804    : c_sdsp a2, 8(sp)           : MemWrite :  D=0x0000000000000001 A=0x7ffffffffffffd68
2715000: system.cpu: T0 : 0x14806    : c_mv s6, a0                : IntAlu :  D=0x0000000000000000
2715500: system.cpu: T0 : 0x14808    : c_mv s7, a1                : IntAlu :  D=0x0000000000070918
2716000: system.cpu: T0 : 0x1480a    : c_beqz a5, 6               : IntAlu : 
2716500: system.cpu: T0 : 0x14810    : lui s9, 114                : IntAlu :  D=0x0000000000072000
2717000: system.cpu: T0 : 0x14814    : lui s11, 114               : IntAlu :  D=0x0000000000072000
2717500: system.cpu: T0 : 0x14818    : c_li s4, 0                 : IntAlu :  D=0x0000000000000000
2718000: system.cpu: T0 : 0x1481a    : c_li s3, 1                 : IntAlu :  D=0x0000000000000001
2718500: system.cpu: T0 : 0x1481c    : c_li a4, 1                 : IntAlu :  D=0x0000000000000001
2719500: system.cpu: T0 : 0x1481e    : addi a3, s9, -472          : IntAlu :  D=0x0000000000071e28
2720500: system.cpu: T0 : 0x14822    : lr_w a5, (a3)             
2720500: system.cpu: T0 : 0x14822. 0 : lr_w a5, (a3)              : MemRead :  D=0x0000000000000000 A=0x71e28
2721000: system.cpu: T0 : 0x14826    : c_bnez a5, 8               : IntAlu : 
2721500: system.cpu: T0 : 0x14828    : sc_w_aq a2, a4, (a3)      
2721500: system.cpu: T0 : 0x14828. 0 : sc_w a2, a4, (a3)          : MemWrite :  D=0x0000000000000000 A=0x71e28
2722000: system.cpu: T0 : 0x14828. 1 : 0x1ce6a62f fence           : No_OpClass : 
2722500: system.cpu: T0 : 0x1482c    : c_bnez a2, -10             : IntAlu : 
2723000: system.cpu: T0 : 0x1482e    : c_addiw a5, 0              : IntAlu :  D=0x0000000000000000
2723500: system.cpu: T0 : 0x14830    : bne a5, zero, 338          : IntAlu : 
2724000: system.cpu: T0 : 0x14834    : ld s10, 0(s7)              : MemRead :  D=0x00000000000711c0 A=0x70918
2724500: system.cpu: T0 : 0x14838    : beq s10, zero, 152         : IntAlu : 
2725000: system.cpu: T0 : 0x1483c    : c_li s5, 3                 : IntAlu :  D=0x0000000000000003
2725500: system.cpu: T0 : 0x1483e    : c_li s2, 4                 : IntAlu :  D=0x0000000000000004
2726000: system.cpu: T0 : 0x14840    : c_li s1, 2                 : IntAlu :  D=0x0000000000000002
2726500: system.cpu: T0 : 0x14842    : c_li s0, 1                 : IntAlu :  D=0x0000000000000001
2727000: system.cpu: T0 : 0x14844    : c_j 34                     : IntAlu : 
2728000: system.cpu: T0 : 0x14866    : ld a5, 8(s10)              : MemRead :  D=0x0000000000000001 A=0x711c8
2728500: system.cpu: T0 : 0x1486a    : c_beqz a5, 222             : IntAlu : 
2729000: system.cpu: T0 : 0x1486c    : ld s8, -464(s11)           : MemRead :  D=0x0000000000000001 A=0x71e30
2729500: system.cpu: T0 : 0x14870    : c_addi a5, -1              : IntAlu :  D=0x0000000000000000
2730500: system.cpu: T0 : 0x14872    : sd a5, 8(s10)              : MemWrite :  D=0x0000000000000000 A=0x711c8
2731000: system.cpu: T0 : 0x14876    : c_mv a4, s4                : IntAlu :  D=0x0000000000000000
2731500: system.cpu: T0 : 0x14878    : addi a3, s9, -472          : IntAlu :  D=0x0000000000071e28
2732000: system.cpu: T0 : 0x1487c    : fence iorw, ow             : No_OpClass : 
2732500: system.cpu: T0 : 0x14880    : amoswap_w a4, a4, (a3)    
2732500: system.cpu: T0 : 0x14880. 0 : amoswap_w[l] a4, a4, (a3)  : MemRead :  D=0x0000000000000001 A=0x71e28
2733000: system.cpu: T0 : 0x14884    : c_addiw a4, 0              : IntAlu :  D=0x0000000000000001
2734000: system.cpu: T0 : 0x14886    : blt s3, a4, 172            : IntAlu : 
2734500: system.cpu: T0 : 0x1488a    : c_slli a5, 5               : IntAlu :  D=0x0000000000000000
2735000: system.cpu: T0 : 0x1488c    : c_add a5, s10              : IntAlu :  D=0x00000000000711c0
2735500: system.cpu: T0 : 0x1488e    : c_ld a4, 16(a5)            : MemRead :  D=0x0000000000000004 A=0x711d0
2736000: system.cpu: T0 : 0x14890    : beq a4, s5, 146            : IntAlu : 
2736500: system.cpu: T0 : 0x14894    : bne a4, s2, -78            : IntAlu : 
2737000: system.cpu: T0 : 0x14898    : c_ld a4, 24(a5)            : MemRead :  D=0x0000000000010a7e A=0x711d8
2737500: system.cpu: T0 : 0x1489a    : c_ld a0, 32(a5)            : MemRead :  D=0x0000000000000000 A=0x711e0
2738000: system.cpu: T0 : 0x1489c    : sd zero, 16(a5)            : MemWrite :  D=0x0000000000000000 A=0x711d0
2738500: system.cpu: T0 : 0x148a0    : c_mv a1, s6                : IntAlu :  D=0x0000000000000000
2739000: system.cpu: T0 : 0x148a2    : c_jalr a4                  : IntAlu :  D=0x00000000000148a4
2739500: system.cpu: T0 : 0x10a7e    : c_addi sp, -32             : IntAlu :  D=0x7ffffffffffffd40
2740000: system.cpu: T0 : 0x10a80    : c_sdsp s0, 16(sp)          : MemWrite :  D=0x0000000000000001 A=0x7ffffffffffffd50
2741000: system.cpu: T0 : 0x10a82    : lui a5, 111                : IntAlu :  D=0x000000000006f000
2742000: system.cpu: T0 : 0x10a86    : lui s0, 111                : IntAlu :  D=0x000000000006f000
2743000: system.cpu: T0 : 0x10a8a    : addi s0, s0, -1280         : IntAlu :  D=0x000000000006eb00
2744000: system.cpu: T0 : 0x10a8e    : addi a5, a5, -1264         : IntAlu :  D=0x000000000006eb10
2744500: system.cpu: T0 : 0x10a92    : c_sub a5, s0               : IntAlu :  D=0x0000000000000010
2745000: system.cpu: T0 : 0x10a94    : c_sdsp ra, 24(sp)          : MemWrite :  D=0x00000000000148a4 A=0x7ffffffffffffd58
2745500: system.cpu: T0 : 0x10a96    : c_sdsp s1, 8(sp)           : MemWrite :  D=0x0000000000000002 A=0x7ffffffffffffd48
2746000: system.cpu: T0 : 0x10a98    : c_sdsp s2, 0(sp)           : MemWrite :  D=0x0000000000000004 A=0x7ffffffffffffd40
2747000: system.cpu: T0 : 0x10a9a    : srai a4, a5, 3             : IntAlu :  D=0x0000000000000002
2747500: system.cpu: T0 : 0x10a9e    : c_beqz a4, 24              : IntAlu : 
2748000: system.cpu: T0 : 0x10aa0    : c_addi a5, -8              : IntAlu :  D=0x0000000000000008
2749000: system.cpu: T0 : 0x10aa2    : addi s1, a4, -1            : IntAlu :  D=0x0000000000000001
2749500: system.cpu: T0 : 0x10aa6    : c_add s0, a5               : IntAlu :  D=0x000000000006eb08
2750000: system.cpu: T0 : 0x10aa8    : c_li s2, -1                : IntAlu :  D=0xffffffffffffffff
2750500: system.cpu: T0 : 0x10aaa    : c_ld a5, 0(s0)             : MemRead :  D=0x0000000000010340 A=0x6eb08
2751000: system.cpu: T0 : 0x10aac    : c_addi s1, -1              : IntAlu :  D=0x0000000000000000
2751500: system.cpu: T0 : 0x10aae    : c_addi s0, -8              : IntAlu :  D=0x000000000006eb00
2752000: system.cpu: T0 : 0x10ab0    : c_jalr a5                  : IntAlu :  D=0x0000000000010ab2
2752500: system.cpu: T0 : 0x10340    : addi a0, gp, 1616          : IntAlu :  D=0x00000000000716f8
2753000: system.cpu: T0 : 0x10344    : jal zero, 209094           : IntAlu :  D=0x0000000000010348
2753500: system.cpu: T0 : 0x4340a    : c_addi sp, -32             : IntAlu :  D=0x7ffffffffffffd20
2754000: system.cpu: T0 : 0x4340c    : c_sdsp s1, 8(sp)           : MemWrite :  D=0x0000000000000000 A=0x7ffffffffffffd28
2754500: system.cpu: T0 : 0x4340e    : c_ld s1, 0(a0)             : MemRead :  D=0x0000000000000000 A=0x716f8
2755000: system.cpu: T0 : 0x43410    : c_sdsp ra, 24(sp)          : MemWrite :  D=0x0000000000010ab2 A=0x7ffffffffffffd38
2755500: system.cpu: T0 : 0x43412    : c_sdsp s0, 16(sp)          : MemWrite :  D=0x000000000006eb00 A=0x7ffffffffffffd30
2756000: system.cpu: T0 : 0x43414    : c_beqz s1, 20              : IntAlu : 
2756500: system.cpu: T0 : 0x43428    : c_ldsp ra, 24(sp)          : MemRead :  D=0x0000000000010ab2 A=0x7ffffffffffffd38
2757000: system.cpu: T0 : 0x4342a    : c_ldsp s0, 16(sp)          : MemRead :  D=0x000000000006eb00 A=0x7ffffffffffffd30
2757500: system.cpu: T0 : 0x4342c    : c_ldsp s1, 8(sp)           : MemRead :  D=0x0000000000000000 A=0x7ffffffffffffd28
2758000: system.cpu: T0 : 0x4342e    : c_addi16sp sp, 32          : IntAlu :  D=0x7ffffffffffffd40
2758500: system.cpu: T0 : 0x43430    : c_jr ra                    : IntAlu : 
2759500: system.cpu: T0 : 0x10ab2    : bne s1, s2, -8             : IntAlu : 
2760000: system.cpu: T0 : 0x10aaa    : c_ld a5, 0(s0)             : MemRead :  D=0x00000000000103d6 A=0x6eb00
2760500: system.cpu: T0 : 0x10aac    : c_addi s1, -1              : IntAlu :  D=0xffffffffffffffff
2761000: system.cpu: T0 : 0x10aae    : c_addi s0, -8              : IntAlu :  D=0x000000000006eaf8
2761500: system.cpu: T0 : 0x10ab0    : c_jalr a5                  : IntAlu :  D=0x0000000000010ab2
2762000: system.cpu: T0 : 0x103d6    : c_addi sp, -16             : IntAlu :  D=0x7ffffffffffffd30
2762500: system.cpu: T0 : 0x103d8    : c_sdsp s0, 0(sp)           : MemWrite :  D=0x000000000006eaf8 A=0x7ffffffffffffd30
2763500: system.cpu: T0 : 0x103da    : lbu a5, -1016(gp)          : MemRead :  D=0x0000000000000000 A=0x70cb0
2764000: system.cpu: T0 : 0x103de    : c_sdsp ra, 8(sp)           : MemWrite :  D=0x0000000000010ab2 A=0x7ffffffffffffd38
2764500: system.cpu: T0 : 0x103e0    : c_bnez a5, 34              : IntAlu : 
2765500: system.cpu: T0 : 0x103e2    : jal ra, -96                : IntAlu :  D=0x00000000000103e6
2766500: system.cpu: T0 : 0x10382    : lui a0, 113                : IntAlu :  D=0x0000000000071000
2767500: system.cpu: T0 : 0x10386    : lui a4, 113                : IntAlu :  D=0x0000000000071000
2768500: system.cpu: T0 : 0x1038a    : addi a5, a0, -1944         : IntAlu :  D=0x0000000000070868
2769500: system.cpu: T0 : 0x1038e    : addi a4, a4, -1944         : IntAlu :  D=0x0000000000070868
2770500: system.cpu: T0 : 0x10392    : beq a4, a5, 18             : IntAlu : 
2771000: system.cpu: T0 : 0x103a4    : c_jr ra                    : IntAlu : 
2772000: system.cpu: T0 : 0x103e6    : lui a5, 76                 : IntAlu :  D=0x000000000004c000
2773000: system.cpu: T0 : 0x103ea    : addi a5, a5, 1652          : IntAlu :  D=0x000000000004c674
2773500: system.cpu: T0 : 0x103ee    : c_beqz a5, 14              : IntAlu : 
2774000: system.cpu: T0 : 0x103f0    : lui a0, 106                : IntAlu :  D=0x000000000006a000
2774500: system.cpu: T0 : 0x103f4    : addi a0, a0, 464           : IntAlu :  D=0x000000000006a1d0
2775000: system.cpu: T0 : 0x103f8    : jal ra, 246396             : IntAlu :  D=0x00000000000103fc
2775500: system.cpu: T0 : 0x4c674    : c_j -222                   : IntAlu : 
2776000: system.cpu: T0 : 0x4c596    : c_addi sp, -32             : IntAlu :  D=0x7ffffffffffffd10
2776500: system.cpu: T0 : 0x4c598    : c_sdsp ra, 24(sp)          : MemWrite :  D=0x00000000000103fc A=0x7ffffffffffffd28
2777000: system.cpu: T0 : 0x4c59a    : c_sdsp s0, 16(sp)          : MemWrite :  D=0x000000000006eaf8 A=0x7ffffffffffffd20
2777500: system.cpu: T0 : 0x4c59c    : c_sdsp s1, 8(sp)           : MemWrite :  D=0xffffffffffffffff A=0x7ffffffffffffd18
2778000: system.cpu: T0 : 0x4c59e    : c_sdsp s2, 0(sp)           : MemWrite :  D=0xffffffffffffffff A=0x7ffffffffffffd10
2778500: system.cpu: T0 : 0x4c5a0    : c_beqz a0, 160             : IntAlu : 
2779000: system.cpu: T0 : 0x4c5a2    : c_lw a5, 0(a0)             : MemRead :  D=0x000000000000001c A=0x6a1d0
2779500: system.cpu: T0 : 0x4c5a4    : c_mv s1, a0                : IntAlu :  D=0x000000000006a1d0
2780000: system.cpu: T0 : 0x4c5a6    : c_beqz a5, 154             : IntAlu : 
2780500: system.cpu: T0 : 0x4c5a8    : auipc s2, 36               : IntAlu :  D=0x00000000000705a8
2781000: system.cpu: T0 : 0x4c5ac    : ld s2, 728(s2)             : MemRead :  D=0x0000000000000000 A=0x70880
2781500: system.cpu: T0 : 0x4c5b0    : beq s2, zero, 22           : IntAlu : 
2782500: system.cpu: T0 : 0x4c5c6    : addi a2, gp, 1880          : IntAlu :  D=0x0000000000071800
2783500: system.cpu: T0 : 0x4c5ca    : ld a5, 448(a2)             : MemRead :  D=0x0000000000070cb8 A=0x719c0
2784000: system.cpu: T0 : 0x4c5ce    : c_beqz a5, 66              : IntAlu : 
2784500: system.cpu: T0 : 0x4c5d0    : auipc a3, 37               : IntAlu :  D=0x00000000000715d0
2785000: system.cpu: T0 : 0x4c5d4    : addi a3, a3, 1008          : IntAlu :  D=0x00000000000719c0
2785500: system.cpu: T0 : 0x4c5d8    : c_j 8                      : IntAlu : 
2786000: system.cpu: T0 : 0x4c5e0    : c_ld a4, 24(a5)            : MemRead :  D=0x000000000006a1d0 A=0x70cd0
2786500: system.cpu: T0 : 0x4c5e2    : c_mv s0, a5                : IntAlu :  D=0x0000000000070cb8
2787000: system.cpu: T0 : 0x4c5e4    : c_ld a5, 40(a5)            : MemRead :  D=0x0000000000000000 A=0x70ce0
2788000: system.cpu: T0 : 0x4c5e6    : bne s1, a4, -12            : IntAlu : 
2788500: system.cpu: T0 : 0x4c5ea    : c_sd a5, 0(a3)             : MemWrite :  D=0x0000000000000000 A=0x719c0
2789000: system.cpu: T0 : 0x4c5ec    : beq s2, zero, 22           : IntAlu : 
2789500: system.cpu: T0 : 0x4c602    : c_ldsp ra, 24(sp)          : MemRead :  D=0x00000000000103fc A=0x7ffffffffffffd28
2790000: system.cpu: T0 : 0x4c604    : c_mv a0, s0                : IntAlu :  D=0x0000000000070cb8
2790500: system.cpu: T0 : 0x4c606    : c_ldsp s0, 16(sp)          : MemRead :  D=0x000000000006eaf8 A=0x7ffffffffffffd20
2791000: system.cpu: T0 : 0x4c608    : c_ldsp s1, 8(sp)           : MemRead :  D=0xffffffffffffffff A=0x7ffffffffffffd18
2791500: system.cpu: T0 : 0x4c60a    : c_ldsp s2, 0(sp)           : MemRead :  D=0xffffffffffffffff A=0x7ffffffffffffd10
2792000: system.cpu: T0 : 0x4c60c    : c_addi16sp sp, 32          : IntAlu :  D=0x7ffffffffffffd30
2792500: system.cpu: T0 : 0x4c60e    : c_jr ra                    : IntAlu : 
2793000: system.cpu: T0 : 0x103fc    : c_li a5, 1                 : IntAlu :  D=0x0000000000000001
2794000: system.cpu: T0 : 0x103fe    : sb a5, -1016(gp)           : MemWrite :  D=0x0000000000000001 A=0x70cb0
2794500: system.cpu: T0 : 0x10402    : c_ldsp ra, 8(sp)           : MemRead :  D=0x0000000000010ab2 A=0x7ffffffffffffd38
2795000: system.cpu: T0 : 0x10404    : c_ldsp s0, 0(sp)           : MemRead :  D=0x000000000006eaf8 A=0x7ffffffffffffd30
2795500: system.cpu: T0 : 0x10406    : c_addi sp, 16              : IntAlu :  D=0x7ffffffffffffd40
2796000: system.cpu: T0 : 0x10408    : c_jr ra                    : IntAlu : 
2797000: system.cpu: T0 : 0x10ab2    : bne s1, s2, -8             : IntAlu : 
2797500: system.cpu: T0 : 0x10ab6    : c_ldsp ra, 24(sp)          : MemRead :  D=0x00000000000148a4 A=0x7ffffffffffffd58
2798000: system.cpu: T0 : 0x10ab8    : c_ldsp s0, 16(sp)          : MemRead :  D=0x0000000000000001 A=0x7ffffffffffffd50
2798500: system.cpu: T0 : 0x10aba    : c_ldsp s1, 8(sp)           : MemRead :  D=0x0000000000000002 A=0x7ffffffffffffd48
2799000: system.cpu: T0 : 0x10abc    : c_ldsp s2, 0(sp)           : MemRead :  D=0x0000000000000004 A=0x7ffffffffffffd40
2799500: system.cpu: T0 : 0x10abe    : c_addi16sp sp, 32          : IntAlu :  D=0x7ffffffffffffd60
2800000: system.cpu: T0 : 0x10ac0    : c_jr ra                    : IntAlu : 
2800500: system.cpu: T0 : 0x148a4    : addi a4, s9, -472          : IntAlu :  D=0x0000000000071e28
2801000: system.cpu: T0 : 0x148a8    : lr_w a5, (a4)             
2801000: system.cpu: T0 : 0x148a8. 0 : lr_w a5, (a4)              : MemRead :  D=0x0000000000000000 A=0x71e28
2801500: system.cpu: T0 : 0x148ac    : c_bnez a5, 8               : IntAlu : 
2802500: system.cpu: T0 : 0x148ae    : sc_w_aq a3, s0, (a4)      
2802500: system.cpu: T0 : 0x148ae. 0 : sc_w a3, s0, (a4)          : MemWrite :  D=0x0000000000000000 A=0x71e28
2803000: system.cpu: T0 : 0x148ae. 1 : 0x1c8726af fence           : No_OpClass : 
2803500: system.cpu: T0 : 0x148b2    : c_bnez a3, -10             : IntAlu : 
2804000: system.cpu: T0 : 0x148b4    : c_addiw a5, 0              : IntAlu :  D=0x0000000000000000
2804500: system.cpu: T0 : 0x148b6    : c_beqz a5, -88             : IntAlu : 
2805500: system.cpu: T0 : 0x1485e    : ld a5, -464(s11)           : MemRead :  D=0x0000000000000001 A=0x71e30
2806500: system.cpu: T0 : 0x14862    : bne a5, s8, 102            : IntAlu : 
2807500: system.cpu: T0 : 0x14866    : ld a5, 8(s10)              : MemRead :  D=0x0000000000000000 A=0x711c8
2808000: system.cpu: T0 : 0x1486a    : c_beqz a5, 222             : IntAlu : 
2808500: system.cpu: T0 : 0x14948    : ld a5, 0(s10)              : MemRead :  D=0x0000000000000000 A=0x711c0
2809000: system.cpu: T0 : 0x1494c    : sd a5, 0(s7)               : MemWrite :  D=0x0000000000000000 A=0x70918
2809500: system.cpu: T0 : 0x14950    : c_beqz a5, 8               : IntAlu : 
2810000: system.cpu: T0 : 0x14958    : c_mv a5, s4                : IntAlu :  D=0x0000000000000000
2811000: system.cpu: T0 : 0x1495a    : addi a4, s9, -472          : IntAlu :  D=0x0000000000071e28
2812000: system.cpu: T0 : 0x1495e    : fence iorw, ow             : No_OpClass : 
2813000: system.cpu: T0 : 0x14962    : amoswap_w a5, a5, (a4)    
2813000: system.cpu: T0 : 0x14962. 0 : amoswap_w[l] a5, a5, (a4)  : MemRead :  D=0x0000000000000001 A=0x71e28
2813500: system.cpu: T0 : 0x14966    : c_addiw a5, 0              : IntAlu :  D=0x0000000000000001
2814000: system.cpu: T0 : 0x14968    : bge s3, a5, -332           : IntAlu : 
2814500: system.cpu: T0 : 0x1481c    : c_li a4, 1                 : IntAlu :  D=0x0000000000000001
2815500: system.cpu: T0 : 0x1481e    : addi a3, s9, -472          : IntAlu :  D=0x0000000000071e28
2816500: system.cpu: T0 : 0x14822    : lr_w a5, (a3)             
2816500: system.cpu: T0 : 0x14822. 0 : lr_w a5, (a3)              : MemRead :  D=0x0000000000000000 A=0x71e28
2817000: system.cpu: T0 : 0x14826    : c_bnez a5, 8               : IntAlu : 
2817500: system.cpu: T0 : 0x14828    : sc_w_aq a2, a4, (a3)      
2817500: system.cpu: T0 : 0x14828. 0 : sc_w a2, a4, (a3)          : MemWrite :  D=0x0000000000000000 A=0x71e28
2818000: system.cpu: T0 : 0x14828. 1 : 0x1ce6a62f fence           : No_OpClass : 
2818500: system.cpu: T0 : 0x1482c    : c_bnez a2, -10             : IntAlu : 
2819000: system.cpu: T0 : 0x1482e    : c_addiw a5, 0              : IntAlu :  D=0x0000000000000000
2819500: system.cpu: T0 : 0x14830    : bne a5, zero, 338          : IntAlu : 
2820000: system.cpu: T0 : 0x14834    : ld s10, 0(s7)              : MemRead :  D=0x0000000000000000 A=0x70918
2820500: system.cpu: T0 : 0x14838    : beq s10, zero, 152         : IntAlu : 
2821000: system.cpu: T0 : 0x148d0    : c_li a4, 1                 : IntAlu :  D=0x0000000000000001
2822000: system.cpu: T0 : 0x148d2    : sb a4, -1476(gp)           : MemWrite :  D=0x0000000000000001 A=0x70ae4
2822500: system.cpu: T0 : 0x148d6    : c_li a5, 0                 : IntAlu :  D=0x0000000000000000
2823000: system.cpu: T0 : 0x148d8    : addi a4, s9, -472          : IntAlu :  D=0x0000000000071e28
2823500: system.cpu: T0 : 0x148dc    : fence iorw, ow             : No_OpClass : 
2824000: system.cpu: T0 : 0x148e0    : amoswap_w a5, a5, (a4)    
2824000: system.cpu: T0 : 0x148e0. 0 : amoswap_w[l] a5, a5, (a4)  : MemRead :  D=0x0000000000000001 A=0x71e28
2824500: system.cpu: T0 : 0x148e4    : c_addiw a5, 0              : IntAlu :  D=0x0000000000000001
2825000: system.cpu: T0 : 0x148e6    : c_li a4, 1                 : IntAlu :  D=0x0000000000000001
2825500: system.cpu: T0 : 0x148e8    : blt a4, a5, 174            : IntAlu : 
2826000: system.cpu: T0 : 0x148ec    : c_ldsp a5, 8(sp)           : MemRead :  D=0x0000000000000001 A=0x7ffffffffffffd68
2826500: system.cpu: T0 : 0x148ee    : c_beqz a5, 46              : IntAlu : 
2827000: system.cpu: T0 : 0x148f0    : lui s0, 106                : IntAlu :  D=0x000000000006a000
2827500: system.cpu: T0 : 0x148f4    : lui a5, 106                : IntAlu :  D=0x000000000006a000
2828000: system.cpu: T0 : 0x148f8    : addi s1, s0, 416           : IntAlu :  D=0x000000000006a1a0
2828500: system.cpu: T0 : 0x148fc    : addi a5, a5, 424           : IntAlu :  D=0x000000000006a1a8
2829000: system.cpu: T0 : 0x14900    : bgeu s1, a5, 28            : IntAlu : 
2829500: system.cpu: T0 : 0x14904    : c_addi a5, -1              : IntAlu :  D=0x000000000006a1a7
2830000: system.cpu: T0 : 0x14906    : c_sub a5, s1               : IntAlu :  D=0x0000000000000007
2830500: system.cpu: T0 : 0x14908    : c_andi a5, 18446744073709551608 : IntAlu :  D=0x0000000000000000
2831000: system.cpu: T0 : 0x1490a    : c_addi a5, 8               : IntAlu :  D=0x0000000000000008
2831500: system.cpu: T0 : 0x1490c    : c_add s1, a5               : IntAlu :  D=0x000000000006a1a8
2832500: system.cpu: T0 : 0x1490e    : addi s0, s0, 416           : IntAlu :  D=0x000000000006a1a0
2833000: system.cpu: T0 : 0x14912    : c_ld a5, 0(s0)             : MemRead :  D=0x000000000001983e A=0x6a1a0
2833500: system.cpu: T0 : 0x14914    : c_addi s0, 8               : IntAlu :  D=0x000000000006a1a8
2834000: system.cpu: T0 : 0x14916    : c_jalr a5                  : IntAlu :  D=0x0000000000014918
2834500: system.cpu: T0 : 0x1983e    : c_addi16sp sp, -176        : IntAlu :  D=0x7ffffffffffffcb0
2835000: system.cpu: T0 : 0x19840    : c_sdsp s6, 112(sp)         : MemWrite :  D=0x0000000000000000 A=0x7ffffffffffffd20
2836000: system.cpu: T0 : 0x19842    : lui s6, 111                : IntAlu :  D=0x000000000006f000
2837000: system.cpu: T0 : 0x19846    : ld a5, -1264(s6)           : MemRead :  D=0x2e00000000000000 A=0x6eb10
2837500: system.cpu: T0 : 0x1984a    : c_sdsp s3, 136(sp)         : MemWrite :  D=0x0000000000000001 A=0x7ffffffffffffd38
2838000: system.cpu: T0 : 0x1984c    : c_li a0, 0                 : IntAlu :  D=0x0000000000000000
2838500: system.cpu: T0 : 0x1984e    : c_sdsp s5, 120(sp)         : MemWrite :  D=0x0000000000000003 A=0x7ffffffffffffd28
2839000: system.cpu: T0 : 0x19850    : c_sdsp ra, 168(sp)         : MemWrite :  D=0x0000000000014918 A=0x7ffffffffffffd58
2839500: system.cpu: T0 : 0x19852    : c_sdsp s0, 160(sp)         : MemWrite :  D=0x000000000006a1a8 A=0x7ffffffffffffd50
2840000: system.cpu: T0 : 0x19854    : c_sdsp s1, 152(sp)         : MemWrite :  D=0x000000000006a1a8 A=0x7ffffffffffffd48
2840500: system.cpu: T0 : 0x19856    : c_sdsp s2, 144(sp)         : MemWrite :  D=0x0000000000000004 A=0x7ffffffffffffd40
2841000: system.cpu: T0 : 0x19858    : c_sdsp s4, 128(sp)         : MemWrite :  D=0x0000000000000000 A=0x7ffffffffffffd30
2841500: system.cpu: T0 : 0x1985a    : c_sdsp s7, 104(sp)         : MemWrite :  D=0x0000000000070918 A=0x7ffffffffffffd18
2842000: system.cpu: T0 : 0x1985c    : c_sdsp s8, 96(sp)          : MemWrite :  D=0x0000000000000001 A=0x7ffffffffffffd10
2842500: system.cpu: T0 : 0x1985e    : c_sdsp s9, 88(sp)          : MemWrite :  D=0x0000000000072000 A=0x7ffffffffffffd08
2843000: system.cpu: T0 : 0x19860    : c_sdsp s10, 80(sp)         : MemWrite :  D=0x0000000000000000 A=0x7ffffffffffffd00
2843500: system.cpu: T0 : 0x19862    : c_sdsp s11, 72(sp)         : MemWrite :  D=0x0000000000072000 A=0x7ffffffffffffcf8
2844000: system.cpu: T0 : 0x19864    : c_sdsp a5, 56(sp)          : MemWrite :  D=0x2e00000000000000 A=0x7ffffffffffffce8
2845000: system.cpu: T0 : 0x19866    : addi s3, zero, 0           : IntAlu :  D=0x0000000000000000
2846000: system.cpu: T0 : 0x1986a    : jal ra, -556               : IntAlu :  D=0x000000000001986e
2846500: system.cpu: T0 : 0x1963e    : c_addi16sp sp, -176        : IntAlu :  D=0x7ffffffffffffc00
2847000: system.cpu: T0 : 0x19640    : c_sdsp s5, 120(sp)         : MemWrite :  D=0x0000000000000003 A=0x7ffffffffffffc78
2848000: system.cpu: T0 : 0x19642    : lui s5, 111                : IntAlu :  D=0x000000000006f000
2849000: system.cpu: T0 : 0x19646    : ld a5, -1264(s5)           : MemRead :  D=0x2e00000000000000 A=0x6eb10
2849500: system.cpu: T0 : 0x1964a    : c_sdsp s3, 136(sp)         : MemWrite :  D=0x0000000000000000 A=0x7ffffffffffffc88
2850000: system.cpu: T0 : 0x1964c    : c_sdsp s9, 88(sp)          : MemWrite :  D=0x0000000000072000 A=0x7ffffffffffffc58
2850500: system.cpu: T0 : 0x1964e    : c_sdsp ra, 168(sp)         : MemWrite :  D=0x000000000001986e A=0x7ffffffffffffca8
2851000: system.cpu: T0 : 0x19650    : c_sdsp s0, 160(sp)         : MemWrite :  D=0x000000000006a1a8 A=0x7ffffffffffffca0
2851500: system.cpu: T0 : 0x19652    : c_sdsp s1, 152(sp)         : MemWrite :  D=0x000000000006a1a8 A=0x7ffffffffffffc98
2852000: system.cpu: T0 : 0x19654    : c_sdsp s2, 144(sp)         : MemWrite :  D=0x0000000000000004 A=0x7ffffffffffffc90
2852500: system.cpu: T0 : 0x19656    : c_sdsp s4, 128(sp)         : MemWrite :  D=0x0000000000000000 A=0x7ffffffffffffc80
2853000: system.cpu: T0 : 0x19658    : c_sdsp s6, 112(sp)         : MemWrite :  D=0x000000000006f000 A=0x7ffffffffffffc70
2853500: system.cpu: T0 : 0x1965a    : c_sdsp s7, 104(sp)         : MemWrite :  D=0x0000000000070918 A=0x7ffffffffffffc68
2854000: system.cpu: T0 : 0x1965c    : c_sdsp s8, 96(sp)          : MemWrite :  D=0x0000000000000001 A=0x7ffffffffffffc60
2854500: system.cpu: T0 : 0x1965e    : c_sdsp s10, 80(sp)         : MemWrite :  D=0x0000000000000000 A=0x7ffffffffffffc50
2855000: system.cpu: T0 : 0x19660    : c_sdsp s11, 72(sp)         : MemWrite :  D=0x0000000000072000 A=0x7ffffffffffffc48
2855500: system.cpu: T0 : 0x19662    : c_sdsp a5, 56(sp)          : MemWrite :  D=0x2e00000000000000 A=0x7ffffffffffffc38
2856000: system.cpu: T0 : 0x19664    : addi s3, zero, 0           : IntAlu :  D=0x0000000000000000
2856500: system.cpu: T0 : 0x19668    : c_mv s9, a0                : IntAlu :  D=0x0000000000000000
2857500: system.cpu: T0 : 0x1966a    : beq s3, zero, 428          : IntAlu : 
2858000: system.cpu: T0 : 0x19816    : c_lui a5, 25               : IntAlu :  D=0x0000000000019000
2858500: system.cpu: T0 : 0x19818    : addi a5, a5, -1900         : IntAlu :  D=0x0000000000018894
2859000: system.cpu: T0 : 0x1981c    : c_sdsp a5, 24(sp)          : MemWrite :  D=0x0000000000018894 A=0x7ffffffffffffc18
2859500: system.cpu: T0 : 0x1981e    : c_sdsp zero, 32(sp)        : MemWrite :  D=0x0000000000000000 A=0x7ffffffffffffc20
2860000: system.cpu: T0 : 0x19820    : c_j -416                   : IntAlu : 
2860500: system.cpu: T0 : 0x19680    : addi s8, gp, 1320          : IntAlu :  D=0x00000000000715d0
2861000: system.cpu: T0 : 0x19684    : ld a5, 8(s8)               : MemRead :  D=0x0000000000000000 A=0x715d8
2861500: system.cpu: T0 : 0x19688    : addi s0, tp, -1808         : IntAlu :  D=0x0000000000073000
2862000: system.cpu: T0 : 0x1968c    : beq a5, s0, 28             : IntAlu : 
2862500: system.cpu: T0 : 0x19690    : c_li a3, 1                 : IntAlu :  D=0x0000000000000001
2863500: system.cpu: T0 : 0x19692    : lr_w a5, (s8)             
2863500: system.cpu: T0 : 0x19692. 0 : lr_w a5, (s8)              : MemRead :  D=0x0000000000000000 A=0x715d0
2864000: system.cpu: T0 : 0x19696    : c_bnez a5, 8               : IntAlu : 
2864500: system.cpu: T0 : 0x19698    : sc_w_aq a4, a3, (s8)      
2864500: system.cpu: T0 : 0x19698. 0 : sc_w a4, a3, (s8)          : MemWrite :  D=0x0000000000000000 A=0x715d0
2865000: system.cpu: T0 : 0x19698. 1 : 0x1cdc272f fence           : No_OpClass : 
2865500: system.cpu: T0 : 0x1969c    : c_bnez a4, -10             : IntAlu : 
2866000: system.cpu: T0 : 0x1969e    : c_addiw a5, 0              : IntAlu :  D=0x0000000000000000
2866500: system.cpu: T0 : 0x196a0    : bne a5, zero, 386          : IntAlu : 
2867000: system.cpu: T0 : 0x196a4    : sd s0, 8(s8)               : MemWrite :  D=0x0000000000073000 A=0x715d8
2867500: system.cpu: T0 : 0x196a8    : lw a4, 4(s8)               : MemRead :  D=0x0000000000000000 A=0x715d4
2868000: system.cpu: T0 : 0x196ac    : ld s0, -1920(gp)           : MemRead :  D=0x000000000006f078 A=0x70928
2868500: system.cpu: T0 : 0x196b0    : addiw a3, a4, 1            : IntAlu :  D=0x0000000000000001
2869000: system.cpu: T0 : 0x196b4    : sw a3, 4(s8)               : MemWrite :  D=0x0000000000000001 A=0x715d4
2869500: system.cpu: T0 : 0x196b8    : beq s0, zero, 382          : IntAlu : 
2870000: system.cpu: T0 : 0x196bc    : lui s1, 106                : IntAlu :  D=0x000000000006a000
2870500: system.cpu: T0 : 0x196c0    : lui s2, 106                : IntAlu :  D=0x000000000006a000
2871000: system.cpu: T0 : 0x196c4    : addi s2, s2, -1096         : IntAlu :  D=0x0000000000069bb8
2871500: system.cpu: T0 : 0x196c8    : addi s1, s1, 416           : IntAlu :  D=0x000000000006a1a0
2872000: system.cpu: T0 : 0x196cc    : c_li s4, 0                 : IntAlu :  D=0x0000000000000000
2872500: system.cpu: T0 : 0x196ce    : c_lui s11, 8               : IntAlu :  D=0x0000000000008000
2873000: system.cpu: T0 : 0x196d0    : c_li s6, 1                 : IntAlu :  D=0x0000000000000001
2874000: system.cpu: T0 : 0x196d2    : sub s1, s1, s2             : IntAlu :  D=0x00000000000005e8
2875000: system.cpu: T0 : 0x196d6    : sd s0, -1456(gp)           : MemWrite :  D=0x000000000006f078 A=0x70af8
2876000: system.cpu: T0 : 0x196da    : beq s9, zero, 54           : IntAlu : 
2876500: system.cpu: T0 : 0x19710    : lw a5, 192(s0)             : MemRead :  D=0x0000000000000000 A=0x6f138
2877000: system.cpu: T0 : 0x19714    : bge zero, a5, 150          : IntAlu : 
2877500: system.cpu: T0 : 0x197aa    : c_ld a3, 40(s0)            : MemRead :  D=0x0000000000000000 A=0x6f0a0
2878000: system.cpu: T0 : 0x197ac    : c_ld a5, 32(s0)            : MemRead :  D=0x0000000000000000 A=0x6f098
2879000: system.cpu: T0 : 0x197ae    : bgeu a5, a3, -116          : IntAlu : 
2880000: system.cpu: T0 : 0x1973a    : beq s9, zero, 28           : IntAlu : 
2880500: system.cpu: T0 : 0x19756    : c_ld s0, 104(s0)           : MemRead :  D=0x000000000006f240 A=0x6f0e0
2881000: system.cpu: T0 : 0x19758    : sd zero, -1456(gp)         : MemWrite :  D=0x0000000000000000 A=0x70af8
2881500: system.cpu: T0 : 0x1975c    : c_bnez s0, -134            : IntAlu : 
2882500: system.cpu: T0 : 0x196d6    : sd s0, -1456(gp)           : MemWrite :  D=0x000000000006f240 A=0x70af8
2883500: system.cpu: T0 : 0x196da    : beq s9, zero, 54           : IntAlu : 
2884000: system.cpu: T0 : 0x19710    : lw a5, 192(s0)             : MemRead :  D=0x0000000000000000 A=0x6f300
2884500: system.cpu: T0 : 0x19714    : bge zero, a5, 150          : IntAlu : 
2885000: system.cpu: T0 : 0x197aa    : c_ld a3, 40(s0)            : MemRead :  D=0x0000000000000000 A=0x6f268
2885500: system.cpu: T0 : 0x197ac    : c_ld a5, 32(s0)            : MemRead :  D=0x0000000000000000 A=0x6f260
2886500: system.cpu: T0 : 0x197ae    : bgeu a5, a3, -116          : IntAlu : 
2887500: system.cpu: T0 : 0x1973a    : beq s9, zero, 28           : IntAlu : 
2888000: system.cpu: T0 : 0x19756    : c_ld s0, 104(s0)           : MemRead :  D=0x000000000006f408 A=0x6f2a8
2888500: system.cpu: T0 : 0x19758    : sd zero, -1456(gp)         : MemWrite :  D=0x0000000000000000 A=0x70af8
2889000: system.cpu: T0 : 0x1975c    : c_bnez s0, -134            : IntAlu : 
2890000: system.cpu: T0 : 0x196d6    : sd s0, -1456(gp)           : MemWrite :  D=0x000000000006f408 A=0x70af8
2891000: system.cpu: T0 : 0x196da    : beq s9, zero, 54           : IntAlu : 
2891500: system.cpu: T0 : 0x19710    : lw a5, 192(s0)             : MemRead :  D=0x0000000000000000 A=0x6f4c8
2892000: system.cpu: T0 : 0x19714    : bge zero, a5, 150          : IntAlu : 
2892500: system.cpu: T0 : 0x197aa    : c_ld a3, 40(s0)            : MemRead :  D=0x0000000000000000 A=0x6f430
2893000: system.cpu: T0 : 0x197ac    : c_ld a5, 32(s0)            : MemRead :  D=0x0000000000000000 A=0x6f428
2894000: system.cpu: T0 : 0x197ae    : bgeu a5, a3, -116          : IntAlu : 
2895000: system.cpu: T0 : 0x1973a    : beq s9, zero, 28           : IntAlu : 
2895500: system.cpu: T0 : 0x19756    : c_ld s0, 104(s0)           : MemRead :  D=0x0000000000000000 A=0x6f470
2896000: system.cpu: T0 : 0x19758    : sd zero, -1456(gp)         : MemWrite :  D=0x0000000000000000 A=0x70af8
2896500: system.cpu: T0 : 0x1975c    : c_bnez s0, -134            : IntAlu : 
2897500: system.cpu: T0 : 0x1975e    : lw a5, 4(s8)               : MemRead :  D=0x0000000000000001 A=0x715d4
2898500: system.cpu: T0 : 0x19762    : addiw a4, a5, -1           : IntAlu :  D=0x0000000000000000
2899500: system.cpu: T0 : 0x19766    : sw a4, 4(s8)               : MemWrite :  D=0x0000000000000000 A=0x715d4
2900000: system.cpu: T0 : 0x1976a    : c_beqz a4, 128             : IntAlu : 
2901000: system.cpu: T0 : 0x197ea    : sd zero, 8(s8)             : MemWrite :  D=0x0000000000000000 A=0x715d8
2901500: system.cpu: T0 : 0x197ee    : c_mv a5, a4                : IntAlu :  D=0x0000000000000000
2902000: system.cpu: T0 : 0x197f0    : fence iorw, ow             : No_OpClass : 
2902500: system.cpu: T0 : 0x197f4    : amoswap_w a5, a5, (s8)    
2902500: system.cpu: T0 : 0x197f4. 0 : amoswap_w[l] a5, a5, (s8)  : MemRead :  D=0x0000000000000001 A=0x715d0
2903000: system.cpu: T0 : 0x197f8    : c_addiw a5, 0              : IntAlu :  D=0x0000000000000001
2903500: system.cpu: T0 : 0x197fa    : c_li a4, 1                 : IntAlu :  D=0x0000000000000001
2904000: system.cpu: T0 : 0x197fc    : bge a4, a5, -144           : IntAlu : 
2904500: system.cpu: T0 : 0x1976c    : beq s3, zero, 16           : IntAlu : 
2905000: system.cpu: T0 : 0x1977c    : c_ldsp a4, 56(sp)          : MemRead :  D=0x2e00000000000000 A=0x7ffffffffffffc38
2906000: system.cpu: T0 : 0x1977e    : ld a5, -1264(s5)           : MemRead :  D=0x2e00000000000000 A=0x6eb10
2907000: system.cpu: T0 : 0x19782    : bne a4, a5, 184            : IntAlu : 
2907500: system.cpu: T0 : 0x19786    : c_ldsp ra, 168(sp)         : MemRead :  D=0x000000000001986e A=0x7ffffffffffffca8
2908000: system.cpu: T0 : 0x19788    : c_ldsp s0, 160(sp)         : MemRead :  D=0x000000000006a1a8 A=0x7ffffffffffffca0
2908500: system.cpu: T0 : 0x1978a    : c_ldsp s1, 152(sp)         : MemRead :  D=0x000000000006a1a8 A=0x7ffffffffffffc98
2909000: system.cpu: T0 : 0x1978c    : c_ldsp s2, 144(sp)         : MemRead :  D=0x0000000000000004 A=0x7ffffffffffffc90
2909500: system.cpu: T0 : 0x1978e    : c_ldsp s3, 136(sp)         : MemRead :  D=0x0000000000000000 A=0x7ffffffffffffc88
2910000: system.cpu: T0 : 0x19790    : c_ldsp s5, 120(sp)         : MemRead :  D=0x0000000000000003 A=0x7ffffffffffffc78
2910500: system.cpu: T0 : 0x19792    : c_ldsp s6, 112(sp)         : MemRead :  D=0x000000000006f000 A=0x7ffffffffffffc70
2911000: system.cpu: T0 : 0x19794    : c_ldsp s7, 104(sp)         : MemRead :  D=0x0000000000070918 A=0x7ffffffffffffc68
2911500: system.cpu: T0 : 0x19796    : c_ldsp s8, 96(sp)          : MemRead :  D=0x0000000000000001 A=0x7ffffffffffffc60
2912000: system.cpu: T0 : 0x19798    : c_ldsp s9, 88(sp)          : MemRead :  D=0x0000000000072000 A=0x7ffffffffffffc58
2912500: system.cpu: T0 : 0x1979a    : c_ldsp s10, 80(sp)         : MemRead :  D=0x0000000000000000 A=0x7ffffffffffffc50
2913000: system.cpu: T0 : 0x1979c    : c_ldsp s11, 72(sp)         : MemRead :  D=0x0000000000072000 A=0x7ffffffffffffc48
2913500: system.cpu: T0 : 0x1979e    : c_mv a0, s4                : IntAlu :  D=0x0000000000000000
2914000: system.cpu: T0 : 0x197a0    : c_ldsp s4, 128(sp)         : MemRead :  D=0x0000000000000000 A=0x7ffffffffffffc80
2914500: system.cpu: T0 : 0x197a2    : c_addi16sp sp, 176         : IntAlu :  D=0x7ffffffffffffcb0
2915000: system.cpu: T0 : 0x197a4    : c_jr ra                    : IntAlu : 
2915500: system.cpu: T0 : 0x1986e    : c_mv s5, a0                : IntAlu :  D=0x0000000000000000
2916000: system.cpu: T0 : 0x19870    : beq s3, zero, 482          : IntAlu : 
2916500: system.cpu: T0 : 0x19a52    : c_lui a5, 25               : IntAlu :  D=0x0000000000019000
2917000: system.cpu: T0 : 0x19a54    : addi a5, a5, -1900         : IntAlu :  D=0x0000000000018894
2917500: system.cpu: T0 : 0x19a58    : c_sdsp a5, 24(sp)          : MemWrite :  D=0x0000000000018894 A=0x7ffffffffffffcc8
2918000: system.cpu: T0 : 0x19a5a    : c_sdsp zero, 32(sp)        : MemWrite :  D=0x0000000000000000 A=0x7ffffffffffffcd0
2918500: system.cpu: T0 : 0x19a5c    : c_j -470                   : IntAlu : 
2919500: system.cpu: T0 : 0x19886    : addi s1, gp, 1320          : IntAlu :  D=0x00000000000715d0
2920000: system.cpu: T0 : 0x1988a    : c_ld a5, 8(s1)             : MemRead :  D=0x0000000000000000 A=0x715d8
2920500: system.cpu: T0 : 0x1988c    : addi s0, tp, -1808         : IntAlu :  D=0x0000000000073000
2921000: system.cpu: T0 : 0x19890    : beq s0, a5, 26             : IntAlu : 
2921500: system.cpu: T0 : 0x19894    : c_li a4, 1                 : IntAlu :  D=0x0000000000000001
2922500: system.cpu: T0 : 0x19896    : lr_w a5, (s1)             
2922500: system.cpu: T0 : 0x19896. 0 : lr_w a5, (s1)              : MemRead :  D=0x0000000000000000 A=0x715d0
2923000: system.cpu: T0 : 0x1989a    : c_bnez a5, 8               : IntAlu : 
2923500: system.cpu: T0 : 0x1989c    : sc_w_aq a3, a4, (s1)      
2923500: system.cpu: T0 : 0x1989c. 0 : sc_w a3, a4, (s1)          : MemWrite :  D=0x0000000000000000 A=0x715d0
2924000: system.cpu: T0 : 0x1989c. 1 : 0x1ce4a6af fence           : No_OpClass : 
2924500: system.cpu: T0 : 0x198a0    : c_bnez a3, -10             : IntAlu : 
2925000: system.cpu: T0 : 0x198a2    : c_addiw a5, 0              : IntAlu :  D=0x0000000000000000
2925500: system.cpu: T0 : 0x198a4    : bne a5, zero, 442          : IntAlu : 
2926000: system.cpu: T0 : 0x198a8    : c_sd s0, 8(s1)             : MemWrite :  D=0x0000000000073000 A=0x715d8
2926500: system.cpu: T0 : 0x198aa    : c_lw a3, 4(s1)             : MemRead :  D=0x0000000000000000 A=0x715d4
2927000: system.cpu: T0 : 0x198ac    : ld s0, -1920(gp)           : MemRead :  D=0x000000000006f078 A=0x70928
2927500: system.cpu: T0 : 0x198b0    : addiw a4, a3, 1            : IntAlu :  D=0x0000000000000001
2928000: system.cpu: T0 : 0x198b4    : c_sw a4, 4(s1)             : MemWrite :  D=0x0000000000000001 A=0x715d4
2928500: system.cpu: T0 : 0x198b6    : c_beqz s0, 202             : IntAlu : 
2929000: system.cpu: T0 : 0x198b8    : lui s2, 106                : IntAlu :  D=0x000000000006a000
2929500: system.cpu: T0 : 0x198bc    : lui s4, 106                : IntAlu :  D=0x000000000006a000
2930000: system.cpu: T0 : 0x198c0    : addi s4, s4, -1096         : IntAlu :  D=0x0000000000069bb8
2930500: system.cpu: T0 : 0x198c4    : addi s2, s2, 416           : IntAlu :  D=0x000000000006a1a0
2931000: system.cpu: T0 : 0x198c8    : sub s2, s2, s4             : IntAlu :  D=0x00000000000005e8
2931500: system.cpu: T0 : 0x198cc    : c_li s9, 2                 : IntAlu :  D=0x0000000000000002
2932000: system.cpu: T0 : 0x198ce    : c_j 12                     : IntAlu : 
2932500: system.cpu: T0 : 0x198da    : c_lw a5, 0(s0)             : MemRead :  D=0xfffffffffbad2086 A=0x6f078
2933000: system.cpu: T0 : 0x198dc    : c_andi a5, 2               : IntAlu :  D=0x0000000000000002
2934000: system.cpu: T0 : 0x198de    : addiw s8, a5, 0            : IntAlu :  D=0x0000000000000002
2934500: system.cpu: T0 : 0x198e2    : c_bnez a5, -18             : IntAlu : 
2935000: system.cpu: T0 : 0x198d0    : c_li a5, -1                : IntAlu :  D=0xffffffffffffffff
2936000: system.cpu: T0 : 0x198d2    : sw a5, 192(s0)             : MemWrite :  D=0x00000000ffffffff A=0x6f138
2936500: system.cpu: T0 : 0x198d6    : c_ld s0, 104(s0)           : MemRead :  D=0x000000000006f240 A=0x6f0e0
2937000: system.cpu: T0 : 0x198d8    : c_beqz s0, 162             : IntAlu : 
2937500: system.cpu: T0 : 0x198da    : c_lw a5, 0(s0)             : MemRead :  D=0xfffffffffbad2084 A=0x6f240
2938000: system.cpu: T0 : 0x198dc    : c_andi a5, 2               : IntAlu :  D=0x0000000000000000
2939000: system.cpu: T0 : 0x198de    : addiw s8, a5, 0            : IntAlu :  D=0x0000000000000000
2939500: system.cpu: T0 : 0x198e2    : c_bnez a5, -18             : IntAlu : 
2940000: system.cpu: T0 : 0x198e4    : lw a5, 192(s0)             : MemRead :  D=0x0000000000000000 A=0x6f300
2940500: system.cpu: T0 : 0x198e8    : c_beqz a5, -24             : IntAlu : 
2941000: system.cpu: T0 : 0x198d0    : c_li a5, -1                : IntAlu :  D=0xffffffffffffffff
2942000: system.cpu: T0 : 0x198d2    : sw a5, 192(s0)             : MemWrite :  D=0x00000000ffffffff A=0x6f300
2942500: system.cpu: T0 : 0x198d6    : c_ld s0, 104(s0)           : MemRead :  D=0x000000000006f408 A=0x6f2a8
2943000: system.cpu: T0 : 0x198d8    : c_beqz s0, 162             : IntAlu : 
2943500: system.cpu: T0 : 0x198da    : c_lw a5, 0(s0)             : MemRead :  D=0xfffffffffbad2088 A=0x6f408
2944000: system.cpu: T0 : 0x198dc    : c_andi a5, 2               : IntAlu :  D=0x0000000000000000
2945000: system.cpu: T0 : 0x198de    : addiw s8, a5, 0            : IntAlu :  D=0x0000000000000000
2945500: system.cpu: T0 : 0x198e2    : c_bnez a5, -18             : IntAlu : 
2946000: system.cpu: T0 : 0x198e4    : lw a5, 192(s0)             : MemRead :  D=0x0000000000000000 A=0x6f4c8
2946500: system.cpu: T0 : 0x198e8    : c_beqz a5, -24             : IntAlu : 
2947000: system.cpu: T0 : 0x198d0    : c_li a5, -1                : IntAlu :  D=0xffffffffffffffff
2948000: system.cpu: T0 : 0x198d2    : sw a5, 192(s0)             : MemWrite :  D=0x00000000ffffffff A=0x6f4c8
2948500: system.cpu: T0 : 0x198d6    : c_ld s0, 104(s0)           : MemRead :  D=0x0000000000000000 A=0x6f470
2949000: system.cpu: T0 : 0x198d8    : c_beqz s0, 162             : IntAlu : 
2949500: system.cpu: T0 : 0x1997a    : c_lw a5, 4(s1)             : MemRead :  D=0x0000000000000001 A=0x715d4
2950000: system.cpu: T0 : 0x1997c    : addiw a3, a5, -1           : IntAlu :  D=0x0000000000000000
2950500: system.cpu: T0 : 0x19980    : c_sw a3, 4(s1)             : MemWrite :  D=0x0000000000000000 A=0x715d4
2951000: system.cpu: T0 : 0x19982    : c_beqz a3, 126             : IntAlu : 
2951500: system.cpu: T0 : 0x19a00    : sd zero, 8(s1)             : MemWrite :  D=0x0000000000000000 A=0x715d8
2952000: system.cpu: T0 : 0x19a04    : c_mv a5, a3                : IntAlu :  D=0x0000000000000000
2953000: system.cpu: T0 : 0x19a06    : fence iorw, ow             : No_OpClass : 
2954000: system.cpu: T0 : 0x19a0a    : amoswap_w a5, a5, (s1)    
2954000: system.cpu: T0 : 0x19a0a. 0 : amoswap_w[l] a5, a5, (s1)  : MemRead :  D=0x0000000000000001 A=0x715d0
2954500: system.cpu: T0 : 0x19a0e    : c_addiw a5, 0              : IntAlu :  D=0x0000000000000001
2955000: system.cpu: T0 : 0x19a10    : c_li a4, 1                 : IntAlu :  D=0x0000000000000001
2956000: system.cpu: T0 : 0x19a12    : bge a4, a5, -142           : IntAlu : 
2956500: system.cpu: T0 : 0x19984    : beq s3, zero, 16           : IntAlu : 
2957000: system.cpu: T0 : 0x19994    : c_ldsp a4, 56(sp)          : MemRead :  D=0x2e00000000000000 A=0x7ffffffffffffce8
2958000: system.cpu: T0 : 0x19996    : ld a5, -1264(s6)           : MemRead :  D=0x2e00000000000000 A=0x6eb10
2959000: system.cpu: T0 : 0x1999a    : bne a4, a5, 216            : IntAlu : 
2959500: system.cpu: T0 : 0x1999e    : c_ldsp ra, 168(sp)         : MemRead :  D=0x0000000000014918 A=0x7ffffffffffffd58
2960000: system.cpu: T0 : 0x199a0    : c_ldsp s0, 160(sp)         : MemRead :  D=0x000000000006a1a8 A=0x7ffffffffffffd50
2960500: system.cpu: T0 : 0x199a2    : c_ldsp s1, 152(sp)         : MemRead :  D=0x000000000006a1a8 A=0x7ffffffffffffd48
2961000: system.cpu: T0 : 0x199a4    : c_ldsp s2, 144(sp)         : MemRead :  D=0x0000000000000004 A=0x7ffffffffffffd40
2961500: system.cpu: T0 : 0x199a6    : c_ldsp s3, 136(sp)         : MemRead :  D=0x0000000000000001 A=0x7ffffffffffffd38
2962000: system.cpu: T0 : 0x199a8    : c_ldsp s4, 128(sp)         : MemRead :  D=0x0000000000000000 A=0x7ffffffffffffd30
2962500: system.cpu: T0 : 0x199aa    : c_ldsp s6, 112(sp)         : MemRead :  D=0x0000000000000000 A=0x7ffffffffffffd20
2963000: system.cpu: T0 : 0x199ac    : c_ldsp s7, 104(sp)         : MemRead :  D=0x0000000000070918 A=0x7ffffffffffffd18
2963500: system.cpu: T0 : 0x199ae    : c_ldsp s8, 96(sp)          : MemRead :  D=0x0000000000000001 A=0x7ffffffffffffd10
2964000: system.cpu: T0 : 0x199b0    : c_ldsp s9, 88(sp)          : MemRead :  D=0x0000000000072000 A=0x7ffffffffffffd08
2964500: system.cpu: T0 : 0x199b2    : c_ldsp s10, 80(sp)         : MemRead :  D=0x0000000000000000 A=0x7ffffffffffffd00
2965000: system.cpu: T0 : 0x199b4    : c_ldsp s11, 72(sp)         : MemRead :  D=0x0000000000072000 A=0x7ffffffffffffcf8
2965500: system.cpu: T0 : 0x199b6    : c_mv a0, s5                : IntAlu :  D=0x0000000000000000
2966000: system.cpu: T0 : 0x199b8    : c_ldsp s5, 120(sp)         : MemRead :  D=0x0000000000000003 A=0x7ffffffffffffd28
2966500: system.cpu: T0 : 0x199ba    : c_addi16sp sp, 176         : IntAlu :  D=0x7ffffffffffffd60
2967000: system.cpu: T0 : 0x199bc    : c_jr ra                    : IntAlu : 
2967500: system.cpu: T0 : 0x14918    : bne s1, s0, -6             : IntAlu : 
2968000: system.cpu: T0 : 0x1491c    : c_mv a0, s6                : IntAlu :  D=0x0000000000000000
2969000: system.cpu: T0 : 0x1491e    : jal ra, 47996              : IntAlu :  D=0x0000000000014922
2969500: system.cpu: T0 : 0x2049a    : c_mv a4, a0                : IntAlu :  D=0x0000000000000000
2970000: system.cpu: T0 : 0x2049c    : addi a7, zero, 94          : IntAlu :  D=0x000000000000005e
2970500: system.cpu: T0 : 0x204a0    : ecall                      : No_OpClass : 
