      0: system.cpu: T0 : 0x10348    : jal ra, 46                 : IntAlu :  D=0x000000000001034c
   1000: system.cpu: T0 : 0x10376    : auipc gp, 97               : IntAlu :  D=0x0000000000071376
   2000: system.cpu: T0 : 0x1037a    : addi gp, gp, -846          : IntAlu :  D=0x0000000000071028
   2500: system.cpu: T0 : 0x1037e    : c_jr ra                    : IntAlu : 
   3000: system.cpu: T0 : 0x1034c    : c_mv a5, a0                : IntAlu :  D=0x0000000000000000
   4000: system.cpu: T0 : 0x1034e    : auipc a0, 0                : IntAlu :  D=0x000000000001034e
   5000: system.cpu: T0 : 0x10352    : addi a0, a0, 226           : IntAlu :  D=0x0000000000010430
   5500: system.cpu: T0 : 0x10356    : c_ldsp a1, 0(sp)           : MemRead :  D=0x0000000000000001 A=0x7fffffffffffff40
   6000: system.cpu: T0 : 0x10358    : c_addi4spn a2, sp, 8       : IntAlu :  D=0x7fffffffffffff48
   7000: system.cpu: T0 : 0x1035a    : andi sp, sp, 18446744073709551600 : IntAlu :  D=0x7fffffffffffff40
   8000: system.cpu: T0 : 0x1035e    : auipc a3, 0                : IntAlu :  D=0x000000000001035e
   9000: system.cpu: T0 : 0x10362    : addi a3, a3, 1500          : IntAlu :  D=0x000000000001093a
  10000: system.cpu: T0 : 0x10366    : auipc a4, 0                : IntAlu :  D=0x0000000000010366
  11000: system.cpu: T0 : 0x1036a    : addi a4, a4, 1636          : IntAlu :  D=0x00000000000109ca
  11500: system.cpu: T0 : 0x1036e    : c_mv a6, sp                : IntAlu :  D=0x7fffffffffffff40
  12000: system.cpu: T0 : 0x10370    : jal ra, 254                : IntAlu :  D=0x0000000000010374
  12500: system.cpu: T0 : 0x1046e    : c_addi16sp sp, -320        : IntAlu :  D=0x7ffffffffffffe00
  13000: system.cpu: T0 : 0x10470    : c_sdsp s0, 304(sp)         : MemWrite :  D=0x0000000000000000 A=0x7fffffffffffff30
  13500: system.cpu: T0 : 0x10472    : c_sdsp s1, 296(sp)         : MemWrite :  D=0x0000000000000000 A=0x7fffffffffffff28
  14000: system.cpu: T0 : 0x10474    : c_sdsp s2, 288(sp)         : MemWrite :  D=0x0000000000000000 A=0x7fffffffffffff20
  14500: system.cpu: T0 : 0x10476    : c_sdsp a2, 16(sp)          : MemWrite :  D=0x7fffffffffffff48 A=0x7ffffffffffffe10
  15000: system.cpu: T0 : 0x10478    : c_sdsp ra, 312(sp)         : MemWrite :  D=0x0000000000010374 A=0x7fffffffffffff38
  16000: system.cpu: T0 : 0x1047a    : addi t1, zero, 0           : IntAlu :  D=0x0000000000000000
  16500: system.cpu: T0 : 0x1047e    : c_sdsp a0, 24(sp)          : MemWrite :  D=0x0000000000010430 A=0x7ffffffffffffe18
  17000: system.cpu: T0 : 0x10480    : c_sdsp a1, 8(sp)           : MemWrite :  D=0x0000000000000001 A=0x7ffffffffffffe08
  17500: system.cpu: T0 : 0x10482    : c_mv s0, a3                : IntAlu :  D=0x000000000001093a
  18000: system.cpu: T0 : 0x10484    : c_mv s1, a4                : IntAlu :  D=0x00000000000109ca
  18500: system.cpu: T0 : 0x10486    : c_mv s2, a5                : IntAlu :  D=0x0000000000000000
  19000: system.cpu: T0 : 0x10488    : c_li a2, 0                 : IntAlu :  D=0x0000000000000000
  20000: system.cpu: T0 : 0x1048a    : beq t1, zero, 12           : IntAlu : 
  20500: system.cpu: T0 : 0x10496    : c_ldsp a5, 8(sp)           : MemRead :  D=0x0000000000000001 A=0x7ffffffffffffe08
  21000: system.cpu: T0 : 0x10498    : addi a0, a5, 1             : IntAlu :  D=0x0000000000000002
  21500: system.cpu: T0 : 0x1049c    : c_ldsp a5, 16(sp)          : MemRead :  D=0x7fffffffffffff48 A=0x7ffffffffffffe10
  22000: system.cpu: T0 : 0x1049e    : c_slli a0, 3               : IntAlu :  D=0x0000000000000010
  22500: system.cpu: T0 : 0x104a0    : c_add a0, a5               : IntAlu :  D=0x7fffffffffffff58
  23500: system.cpu: T0 : 0x104a2    : sw a2, -1728(gp)           : MemWrite :  D=0x0000000000000000 A=0x70968
  24500: system.cpu: T0 : 0x104a6    : sd a0, -1360(gp)           : MemWrite :  D=0x7fffffffffffff58 A=0x70ad8
  25500: system.cpu: T0 : 0x104aa    : lui a5, 111                : IntAlu :  D=0x000000000006f000
  26500: system.cpu: T0 : 0x104ae    : sd a6, -80(a5)             : MemWrite :  D=0x7fffffffffffff40 A=0x6efb0
  27000: system.cpu: T0 : 0x104b2    : c_ld a2, 0(a0)             : MemRead :  D=0x0000000000000000 A=0x7fffffffffffff58
  27500: system.cpu: T0 : 0x104b4    : c_addi a0, 8               : IntAlu :  D=0x7fffffffffffff60
  28000: system.cpu: T0 : 0x104b6    : c_bnez a2, -4              : IntAlu : 
  28500: system.cpu: T0 : 0x104b8    : jal ra, 72964              : IntAlu :  D=0x00000000000104bc
  29000: system.cpu: T0 : 0x221bc    : c_ld a5, 0(a0)             : MemRead :  D=0x0000000000000009 A=0x7fffffffffffff60
  30000: system.cpu: T0 : 0x221be    : lui a4, 114                : IntAlu :  D=0x0000000000072000
  31000: system.cpu: T0 : 0x221c2    : sd a0, -504(a4)            : MemWrite :  D=0x7fffffffffffff60 A=0x71e08
  32000: system.cpu: T0 : 0x221c6    : beq a5, zero, 618          : IntAlu : 
  32500: system.cpu: T0 : 0x221ca    : c_addi16sp sp, -224        : IntAlu :  D=0x7ffffffffffffd20
  33000: system.cpu: T0 : 0x221cc    : c_sdsp s1, 208(sp)         : MemWrite :  D=0x00000000000109ca A=0x7ffffffffffffdf0
  34000: system.cpu: T0 : 0x221ce    : lui s1, 114                : IntAlu :  D=0x0000000000072000
  35000: system.cpu: T0 : 0x221d2    : ld a4, -432(s1)            : MemRead :  D=0x0000000000000000 A=0x71e50
  35500: system.cpu: T0 : 0x221d6    : c_sdsp s3, 192(sp)         : MemWrite :  D=0x0000000000000000 A=0x7ffffffffffffde0
  36000: system.cpu: T0 : 0x221d8    : c_sdsp a4, 64(sp)          : MemWrite :  D=0x0000000000000000 A=0x7ffffffffffffd60
  37000: system.cpu: T0 : 0x221da    : ld a4, -1336(gp)           : MemRead :  D=0x0000000000000000 A=0x70af0
  38000: system.cpu: T0 : 0x221de    : lui a6, 111                : IntAlu :  D=0x000000000006f000
  39000: system.cpu: T0 : 0x221e2    : addi a6, a6, -128          : IntAlu :  D=0x000000000006ef80
  39500: system.cpu: T0 : 0x221e6    : c_sdsp a4, 32(sp)          : MemWrite :  D=0x0000000000000000 A=0x7ffffffffffffd40
  40000: system.cpu: T0 : 0x221e8    : ld a4, 0(a6)               : MemRead :  D=0x0000000000000000 A=0x6ef80
  40500: system.cpu: T0 : 0x221ec    : lui t3, 111                : IntAlu :  D=0x000000000006f000
  41000: system.cpu: T0 : 0x221f0    : lui t1, 114                : IntAlu :  D=0x0000000000072000
  41500: system.cpu: T0 : 0x221f4    : c_sdsp a4, 104(sp)         : MemWrite :  D=0x0000000000000000 A=0x7ffffffffffffd88
  42500: system.cpu: T0 : 0x221f6    : lw a4, -72(t3)             : MemRead :  D=0x0000000000000001 A=0x6efb8
  43000: system.cpu: T0 : 0x221fa    : c_sdsp s2, 200(sp)         : MemWrite :  D=0x0000000000000000 A=0x7ffffffffffffde8
  43500: system.cpu: T0 : 0x221fc    : c_sdsp a4, 80(sp)          : MemWrite :  D=0x0000000000000001 A=0x7ffffffffffffd70
  44500: system.cpu: T0 : 0x221fe    : lw a4, -360(t1)            : MemRead :  D=0x0000000000000000 A=0x71e98
  45000: system.cpu: T0 : 0x22202    : c_sdsp s4, 184(sp)         : MemWrite :  D=0x0000000000000000 A=0x7ffffffffffffdd8
  45500: system.cpu: T0 : 0x22204    : c_sdsp a4, 96(sp)          : MemWrite :  D=0x0000000000000000 A=0x7ffffffffffffd80
  46500: system.cpu: T0 : 0x22206    : lw a4, -1344(gp)           : MemRead :  D=0x0000000000000000 A=0x70ae8
  47000: system.cpu: T0 : 0x2220a    : c_sdsp s0, 216(sp)         : MemWrite :  D=0x000000000001093a A=0x7ffffffffffffdf8
  47500: system.cpu: T0 : 0x2220c    : lui s0, 114                : IntAlu :  D=0x0000000000072000
  48000: system.cpu: T0 : 0x22210    : c_sdsp a4, 48(sp)          : MemWrite :  D=0x0000000000000000 A=0x7ffffffffffffd50
  49000: system.cpu: T0 : 0x22212    : ld a4, -1328(gp)           : MemRead :  D=0x0000000000000000 A=0x70af8
  50000: system.cpu: T0 : 0x22216    : lui t6, 114                : IntAlu :  D=0x0000000000072000
  50500: system.cpu: T0 : 0x2221a    : c_sdsp a4, 24(sp)          : MemWrite :  D=0x0000000000000000 A=0x7ffffffffffffd38
  51000: system.cpu: T0 : 0x2221c    : ld a4, -496(s0)            : MemRead :  D=0x0000000000000000 A=0x71e10
  51500: system.cpu: T0 : 0x22220    : lui t2, 114                : IntAlu :  D=0x0000000000072000
  52000: system.cpu: T0 : 0x22224    : lui t0, 114                : IntAlu :  D=0x0000000000072000
  52500: system.cpu: T0 : 0x22228    : c_sdsp a4, 8(sp)           : MemWrite :  D=0x0000000000000000 A=0x7ffffffffffffd28
  53500: system.cpu: T0 : 0x2222a    : ld a4, -1784(gp)           : MemRead :  D=0x0000000000001000 A=0x70930
  54500: system.cpu: T0 : 0x2222e    : lui a3, 80                 : IntAlu :  D=0x0000000000050000
  55000: system.cpu: T0 : 0x22232    : c_sdsp s5, 176(sp)         : MemWrite :  D=0x0000000000000000 A=0x7ffffffffffffdd0
  55500: system.cpu: T0 : 0x22234    : c_sdsp s6, 168(sp)         : MemWrite :  D=0x0000000000000000 A=0x7ffffffffffffdc8
  56000: system.cpu: T0 : 0x22236    : c_sdsp s7, 160(sp)         : MemWrite :  D=0x0000000000000000 A=0x7ffffffffffffdc0
  56500: system.cpu: T0 : 0x22238    : c_sdsp s8, 152(sp)         : MemWrite :  D=0x0000000000000000 A=0x7ffffffffffffdb8
  57000: system.cpu: T0 : 0x2223a    : c_sdsp s10, 136(sp)        : MemWrite :  D=0x0000000000000000 A=0x7ffffffffffffda8
  57500: system.cpu: T0 : 0x2223c    : c_sdsp s11, 128(sp)        : MemWrite :  D=0x0000000000000000 A=0x7ffffffffffffda0
  58000: system.cpu: T0 : 0x2223e    : c_sdsp a4, 120(sp)         : MemWrite :  D=0x0000000000001000 A=0x7ffffffffffffd98
  58500: system.cpu: T0 : 0x22240    : lw s7, -440(t6)            : MemRead :  D=0x0000000000000000 A=0x71e48
  59000: system.cpu: T0 : 0x22244    : ld s11, -408(t2)           : MemRead :  D=0x0000000000000000 A=0x71e68
  59500: system.cpu: T0 : 0x22248    : c_sdsp s9, 144(sp)         : MemWrite :  D=0x0000000000000000 A=0x7ffffffffffffdb0
  60000: system.cpu: T0 : 0x2224a    : c_li s10, 0                : IntAlu :  D=0x0000000000000000
  60500: system.cpu: T0 : 0x2224c    : ld s9, -464(t0)            : MemRead :  D=0x0000000000000000 A=0x71e30
  61000: system.cpu: T0 : 0x22250    : c_li s8, 0                 : IntAlu :  D=0x0000000000000000
  61500: system.cpu: T0 : 0x22252    : c_sdsp zero, 112(sp)       : MemWrite :  D=0x0000000000000000 A=0x7ffffffffffffd90
  62000: system.cpu: T0 : 0x22254    : c_sdsp zero, 88(sp)        : MemWrite :  D=0x0000000000000000 A=0x7ffffffffffffd78
  62500: system.cpu: T0 : 0x22256    : c_sdsp zero, 72(sp)        : MemWrite :  D=0x0000000000000000 A=0x7ffffffffffffd68
  63000: system.cpu: T0 : 0x22258    : c_sdsp zero, 56(sp)        : MemWrite :  D=0x0000000000000000 A=0x7ffffffffffffd58
  63500: system.cpu: T0 : 0x2225a    : c_sdsp zero, 40(sp)        : MemWrite :  D=0x0000000000000000 A=0x7ffffffffffffd48
  64000: system.cpu: T0 : 0x2225c    : c_sdsp zero, 16(sp)        : MemWrite :  D=0x0000000000000000 A=0x7ffffffffffffd30
  64500: system.cpu: T0 : 0x2225e    : c_li s6, 0                 : IntAlu :  D=0x0000000000000000
  65000: system.cpu: T0 : 0x22260    : c_li s5, 0                 : IntAlu :  D=0x0000000000000000
  65500: system.cpu: T0 : 0x22262    : c_li t5, 0                 : IntAlu :  D=0x0000000000000000
  66000: system.cpu: T0 : 0x22264    : c_li a7, 0                 : IntAlu :  D=0x0000000000000000
  66500: system.cpu: T0 : 0x22266    : c_li a1, 0                 : IntAlu :  D=0x0000000000000000
  67000: system.cpu: T0 : 0x22268    : c_li a2, 0                 : IntAlu :  D=0x0000000000000000
  67500: system.cpu: T0 : 0x2226a    : c_li a4, 30                : IntAlu :  D=0x000000000000001e
  68000: system.cpu: T0 : 0x2226c    : addi a3, a3, -1296         : IntAlu :  D=0x000000000004faf0
  68500: system.cpu: T0 : 0x22270    : c_addi a5, -3              : IntAlu :  D=0x0000000000000006
  69500: system.cpu: T0 : 0x22272    : bltu a4, a5, 20            : IntAlu : 
  70000: system.cpu: T0 : 0x22276    : c_slli a5, 2               : IntAlu :  D=0x0000000000000018
  70500: system.cpu: T0 : 0x22278    : c_add a5, a3               : IntAlu :  D=0x000000000004fb08
  71000: system.cpu: T0 : 0x2227a    : c_lw a5, 0(a5)             : MemRead :  D=0x0000000000022286 A=0x4fb08
  71500: system.cpu: T0 : 0x2227c    : c_jr a5                    : IntAlu : 
  72000: system.cpu: T0 : 0x22286    : c_ld a5, 16(a0)            : MemRead :  D=0x0000000000000005 A=0x7fffffffffffff70
  72500: system.cpu: T0 : 0x22288    : c_addi a0, 16              : IntAlu :  D=0x7fffffffffffff70
  73000: system.cpu: T0 : 0x2228a    : c_bnez a5, -26             : IntAlu : 
  73500: system.cpu: T0 : 0x22270    : c_addi a5, -3              : IntAlu :  D=0x0000000000000002
  74500: system.cpu: T0 : 0x22272    : bltu a4, a5, 20            : IntAlu : 
  75000: system.cpu: T0 : 0x22276    : c_slli a5, 2               : IntAlu :  D=0x0000000000000008
  75500: system.cpu: T0 : 0x22278    : c_add a5, a3               : IntAlu :  D=0x000000000004faf8
  76000: system.cpu: T0 : 0x2227a    : c_lw a5, 0(a5)             : MemRead :  D=0x0000000000022404 A=0x4faf8
  76500: system.cpu: T0 : 0x2227c    : c_jr a5                    : IntAlu : 
  77000: system.cpu: T0 : 0x22404    : c_ld a5, 16(a0)            : MemRead :  D=0x0000000000000004 A=0x7fffffffffffff80
  78000: system.cpu: T0 : 0x22406    : ld s11, 8(a0)              : MemRead :  D=0x0000000000000006 A=0x7fffffffffffff78
  78500: system.cpu: T0 : 0x2240a    : c_li s8, 1                 : IntAlu :  D=0x0000000000000001
  79000: system.cpu: T0 : 0x2240c    : c_addi a0, 16              : IntAlu :  D=0x7fffffffffffff80
  80000: system.cpu: T0 : 0x2240e    : bne a5, zero, -414         : IntAlu : 
  80500: system.cpu: T0 : 0x22270    : c_addi a5, -3              : IntAlu :  D=0x0000000000000001
  81500: system.cpu: T0 : 0x22272    : bltu a4, a5, 20            : IntAlu : 
  82000: system.cpu: T0 : 0x22276    : c_slli a5, 2               : IntAlu :  D=0x0000000000000004
  82500: system.cpu: T0 : 0x22278    : c_add a5, a3               : IntAlu :  D=0x000000000004faf4
  83000: system.cpu: T0 : 0x2227a    : c_lw a5, 0(a5)             : MemRead :  D=0x0000000000022286 A=0x4faf4
  83500: system.cpu: T0 : 0x2227c    : c_jr a5                    : IntAlu : 
  84000: system.cpu: T0 : 0x22286    : c_ld a5, 16(a0)            : MemRead :  D=0x0000000000000003 A=0x7fffffffffffff90
  84500: system.cpu: T0 : 0x22288    : c_addi a0, 16              : IntAlu :  D=0x7fffffffffffff90
  85000: system.cpu: T0 : 0x2228a    : c_bnez a5, -26             : IntAlu : 
  85500: system.cpu: T0 : 0x22270    : c_addi a5, -3              : IntAlu :  D=0x0000000000000000
  86500: system.cpu: T0 : 0x22272    : bltu a4, a5, 20            : IntAlu : 
  87000: system.cpu: T0 : 0x22276    : c_slli a5, 2               : IntAlu :  D=0x0000000000000000
  87500: system.cpu: T0 : 0x22278    : c_add a5, a3               : IntAlu :  D=0x000000000004faf0
  88000: system.cpu: T0 : 0x2227a    : c_lw a5, 0(a5)             : MemRead :  D=0x0000000000022414 A=0x4faf0
  88500: system.cpu: T0 : 0x2227c    : c_jr a5                    : IntAlu : 
  89000: system.cpu: T0 : 0x22414    : c_ld a5, 16(a0)            : MemRead :  D=0x0000000000000006 A=0x7fffffffffffffa0
  90000: system.cpu: T0 : 0x22416    : ld s9, 8(a0)               : MemRead :  D=0x0000000000010040 A=0x7fffffffffffff98
  90500: system.cpu: T0 : 0x2241a    : c_li s6, 1                 : IntAlu :  D=0x0000000000000001
  91000: system.cpu: T0 : 0x2241c    : c_addi a0, 16              : IntAlu :  D=0x7fffffffffffffa0
  92000: system.cpu: T0 : 0x2241e    : bne a5, zero, -430         : IntAlu : 
  92500: system.cpu: T0 : 0x22270    : c_addi a5, -3              : IntAlu :  D=0x0000000000000003
  93500: system.cpu: T0 : 0x22272    : bltu a4, a5, 20            : IntAlu : 
  94000: system.cpu: T0 : 0x22276    : c_slli a5, 2               : IntAlu :  D=0x000000000000000c
  94500: system.cpu: T0 : 0x22278    : c_add a5, a3               : IntAlu :  D=0x000000000004fafc
  95000: system.cpu: T0 : 0x2227a    : c_lw a5, 0(a5)             : MemRead :  D=0x000000000002227e A=0x4fafc
  95500: system.cpu: T0 : 0x2227c    : c_jr a5                    : IntAlu : 
  96000: system.cpu: T0 : 0x2227e    : c_ld a5, 8(a0)             : MemRead :  D=0x0000000000001000 A=0x7fffffffffffffa8
  96500: system.cpu: T0 : 0x22280    : c_beqz a5, 6               : IntAlu : 
  97000: system.cpu: T0 : 0x22282    : c_sdsp a5, 120(sp)         : MemWrite :  D=0x0000000000001000 A=0x7ffffffffffffd98
  97500: system.cpu: T0 : 0x22284    : c_li t5, 1                 : IntAlu :  D=0x0000000000000001
  98000: system.cpu: T0 : 0x22286    : c_ld a5, 16(a0)            : MemRead :  D=0x0000000000000017 A=0x7fffffffffffffb0
  98500: system.cpu: T0 : 0x22288    : c_addi a0, 16              : IntAlu :  D=0x7fffffffffffffb0
  99000: system.cpu: T0 : 0x2228a    : c_bnez a5, -26             : IntAlu : 
  99500: system.cpu: T0 : 0x22270    : c_addi a5, -3              : IntAlu :  D=0x0000000000000014
 100500: system.cpu: T0 : 0x22272    : bltu a4, a5, 20            : IntAlu : 
 101000: system.cpu: T0 : 0x22276    : c_slli a5, 2               : IntAlu :  D=0x0000000000000050
 101500: system.cpu: T0 : 0x22278    : c_add a5, a3               : IntAlu :  D=0x000000000004fb40
 102000: system.cpu: T0 : 0x2227a    : c_lw a5, 0(a5)             : MemRead :  D=0x0000000000022358 A=0x4fb40
 102500: system.cpu: T0 : 0x2227c    : c_jr a5                    : IntAlu : 
 103000: system.cpu: T0 : 0x22358    : c_lw a5, 8(a0)             : MemRead :  D=0x0000000000000000 A=0x7fffffffffffffb8
 103500: system.cpu: T0 : 0x2235a    : c_li a2, -1                : IntAlu :  D=0xffffffffffffffff
 104000: system.cpu: T0 : 0x2235c    : c_addi a0, 16              : IntAlu :  D=0x7fffffffffffffc0
 104500: system.cpu: T0 : 0x2235e    : c_sdsp a5, 80(sp)          : MemWrite :  D=0x0000000000000000 A=0x7ffffffffffffd70
 105000: system.cpu: T0 : 0x22360    : c_li a5, 1                 : IntAlu :  D=0x0000000000000001
 105500: system.cpu: T0 : 0x22362    : c_sdsp a5, 96(sp)          : MemWrite :  D=0x0000000000000001 A=0x7ffffffffffffd80
 106000: system.cpu: T0 : 0x22364    : c_sdsp a5, 88(sp)          : MemWrite :  D=0x0000000000000001 A=0x7ffffffffffffd78
 106500: system.cpu: T0 : 0x22366    : c_ld a5, 0(a0)             : MemRead :  D=0x0000000000000019 A=0x7fffffffffffffc0
 107000: system.cpu: T0 : 0x22368    : c_bnez a5, -248            : IntAlu : 
 107500: system.cpu: T0 : 0x22270    : c_addi a5, -3              : IntAlu :  D=0x0000000000000016
 108500: system.cpu: T0 : 0x22272    : bltu a4, a5, 20            : IntAlu : 
 109000: system.cpu: T0 : 0x22276    : c_slli a5, 2               : IntAlu :  D=0x0000000000000058
 109500: system.cpu: T0 : 0x22278    : c_add a5, a3               : IntAlu :  D=0x000000000004fb48
 110000: system.cpu: T0 : 0x2227a    : c_lw a5, 0(a5)             : MemRead :  D=0x0000000000022348 A=0x4fb48
 110500: system.cpu: T0 : 0x2227c    : c_jr a5                    : IntAlu : 
 111000: system.cpu: T0 : 0x22348    : c_ld a5, 8(a0)             : MemRead :  D=0x7fffffffffffffe0 A=0x7fffffffffffffc8
 111500: system.cpu: T0 : 0x2234a    : c_addi a0, 16              : IntAlu :  D=0x7fffffffffffffd0
 112000: system.cpu: T0 : 0x2234c    : c_sdsp a5, 104(sp)         : MemWrite :  D=0x7fffffffffffffe0 A=0x7ffffffffffffd88
 112500: system.cpu: T0 : 0x2234e    : c_li a5, 1                 : IntAlu :  D=0x0000000000000001
 113000: system.cpu: T0 : 0x22350    : c_sdsp a5, 112(sp)         : MemWrite :  D=0x0000000000000001 A=0x7ffffffffffffd90
 113500: system.cpu: T0 : 0x22352    : c_ld a5, 0(a0)             : MemRead :  D=0x0000000000000000 A=0x7fffffffffffffd0
 114000: system.cpu: T0 : 0x22354    : c_bnez a5, -228            : IntAlu : 
 114500: system.cpu: T0 : 0x22356    : c_j -202                   : IntAlu : 
 115000: system.cpu: T0 : 0x2228c    : bne t5, zero, 408          : IntAlu : 
 115500: system.cpu: T0 : 0x22424    : c_ldsp a5, 120(sp)         : MemRead :  D=0x0000000000001000 A=0x7ffffffffffffd98
 116500: system.cpu: T0 : 0x22426    : sd a5, -1784(gp)           : MemWrite :  D=0x0000000000001000 A=0x70930
 117500: system.cpu: T0 : 0x2242a    : bne s5, zero, -406         : IntAlu : 
 118000: system.cpu: T0 : 0x2242e    : c_j -406                   : IntAlu : 
 118500: system.cpu: T0 : 0x22298    : beq s6, zero, 8            : IntAlu : 
 119000: system.cpu: T0 : 0x2229c    : sd s9, -464(t0)            : MemWrite :  D=0x0000000000010040 A=0x71e30
 119500: system.cpu: T0 : 0x222a0    : beq s8, zero, 8            : IntAlu : 
 120000: system.cpu: T0 : 0x222a4    : sd s11, -408(t2)           : MemWrite :  D=0x0000000000000006 A=0x71e68
 120500: system.cpu: T0 : 0x222a8    : beq s10, zero, 10          : IntAlu : 
 121000: system.cpu: T0 : 0x222b2    : c_ldsp a5, 16(sp)          : MemRead :  D=0x0000000000000000 A=0x7ffffffffffffd30
 121500: system.cpu: T0 : 0x222b4    : c_beqz a5, 8               : IntAlu : 
 122000: system.cpu: T0 : 0x222bc    : c_ldsp a5, 40(sp)          : MemRead :  D=0x0000000000000000 A=0x7ffffffffffffd48
 122500: system.cpu: T0 : 0x222be    : c_beqz a5, 8               : IntAlu : 
 123000: system.cpu: T0 : 0x222c6    : c_ldsp a5, 56(sp)          : MemRead :  D=0x0000000000000000 A=0x7ffffffffffffd58
 123500: system.cpu: T0 : 0x222c8    : c_beqz a5, 8               : IntAlu : 
 124000: system.cpu: T0 : 0x222d0    : c_ldsp a5, 72(sp)          : MemRead :  D=0x0000000000000000 A=0x7ffffffffffffd68
 124500: system.cpu: T0 : 0x222d2    : c_beqz a5, 8               : IntAlu : 
 125000: system.cpu: T0 : 0x222da    : c_ldsp a5, 88(sp)          : MemRead :  D=0x0000000000000001 A=0x7ffffffffffffd78
 125500: system.cpu: T0 : 0x222dc    : c_beqz a5, 14              : IntAlu : 
 126000: system.cpu: T0 : 0x222de    : c_ldsp a5, 80(sp)          : MemRead :  D=0x0000000000000000 A=0x7ffffffffffffd70
 126500: system.cpu: T0 : 0x222e0    : sw a5, -72(t3)             : MemWrite :  D=0x0000000000000000 A=0x6efb8
 127000: system.cpu: T0 : 0x222e4    : c_ldsp a5, 96(sp)          : MemRead :  D=0x0000000000000001 A=0x7ffffffffffffd80
 128000: system.cpu: T0 : 0x222e6    : sw a5, -360(t1)            : MemWrite :  D=0x0000000000000001 A=0x71e98
 128500: system.cpu: T0 : 0x222ea    : c_ldsp a5, 112(sp)         : MemRead :  D=0x0000000000000001 A=0x7ffffffffffffd90
 129000: system.cpu: T0 : 0x222ec    : c_beqz a5, 8               : IntAlu : 
 129500: system.cpu: T0 : 0x222ee    : c_ldsp a5, 104(sp)         : MemRead :  D=0x7fffffffffffffe0 A=0x7ffffffffffffd88
 130000: system.cpu: T0 : 0x222f0    : sd a5, 0(a6)               : MemWrite :  D=0x7fffffffffffffe0 A=0x6ef80
 130500: system.cpu: T0 : 0x222f4    : c_li a5, 15                : IntAlu :  D=0x000000000000000f
 131500: system.cpu: T0 : 0x222f6    : bne a2, a5, 22             : IntAlu : 
 132000: system.cpu: T0 : 0x2230c    : c_ldsp s0, 216(sp)         : MemRead :  D=0x000000000001093a A=0x7ffffffffffffdf8
 132500: system.cpu: T0 : 0x2230e    : c_ldsp s1, 208(sp)         : MemRead :  D=0x00000000000109ca A=0x7ffffffffffffdf0
 133000: system.cpu: T0 : 0x22310    : c_ldsp s2, 200(sp)         : MemRead :  D=0x0000000000000000 A=0x7ffffffffffffde8
 133500: system.cpu: T0 : 0x22312    : c_ldsp s3, 192(sp)         : MemRead :  D=0x0000000000000000 A=0x7ffffffffffffde0
 134000: system.cpu: T0 : 0x22314    : c_ldsp s4, 184(sp)         : MemRead :  D=0x0000000000000000 A=0x7ffffffffffffdd8
 134500: system.cpu: T0 : 0x22316    : c_ldsp s5, 176(sp)         : MemRead :  D=0x0000000000000000 A=0x7ffffffffffffdd0
 135000: system.cpu: T0 : 0x22318    : c_ldsp s6, 168(sp)         : MemRead :  D=0x0000000000000000 A=0x7ffffffffffffdc8
 135500: system.cpu: T0 : 0x2231a    : c_ldsp s7, 160(sp)         : MemRead :  D=0x0000000000000000 A=0x7ffffffffffffdc0
 136000: system.cpu: T0 : 0x2231c    : c_ldsp s8, 152(sp)         : MemRead :  D=0x0000000000000000 A=0x7ffffffffffffdb8
 136500: system.cpu: T0 : 0x2231e    : c_ldsp s9, 144(sp)         : MemRead :  D=0x0000000000000000 A=0x7ffffffffffffdb0
 137000: system.cpu: T0 : 0x22320    : c_ldsp s10, 136(sp)        : MemRead :  D=0x0000000000000000 A=0x7ffffffffffffda8
 137500: system.cpu: T0 : 0x22322    : c_ldsp s11, 128(sp)        : MemRead :  D=0x0000000000000000 A=0x7ffffffffffffda0
 138000: system.cpu: T0 : 0x22324    : c_addi16sp sp, 224         : IntAlu :  D=0x7ffffffffffffe00
 138500: system.cpu: T0 : 0x22326    : c_jr ra                    : IntAlu : 
 139000: system.cpu: T0 : 0x104bc    : lui a5, 114                : IntAlu :  D=0x0000000000072000
 139500: system.cpu: T0 : 0x104c0    : ld a4, -464(a5)            : MemRead :  D=0x0000000000010040 A=0x71e30
 140000: system.cpu: T0 : 0x104c4    : beq a4, zero, 320          : IntAlu : 
 140500: system.cpu: T0 : 0x104c8    : jal ra, 75470              : IntAlu :  D=0x00000000000104cc
 141500: system.cpu: T0 : 0x22b96    : lui a5, 114                : IntAlu :  D=0x0000000000072000
 142500: system.cpu: T0 : 0x22b9a    : lw a5, -360(a5)            : MemRead :  D=0x0000000000000001 A=0x71e98
 143000: system.cpu: T0 : 0x22b9e    : c_beqz a5, 4               : IntAlu : 
 143500: system.cpu: T0 : 0x22ba0    : c_jr ra                    : IntAlu : 
 144000: system.cpu: T0 : 0x104cc    : ld a0, -1360(gp)           : MemRead :  D=0x7fffffffffffff58 A=0x70ad8
 144500: system.cpu: T0 : 0x104d0    : jal ra, 71968              : IntAlu :  D=0x00000000000104d4
 145000: system.cpu: T0 : 0x21df0    : c_addi16sp sp, -128        : IntAlu :  D=0x7ffffffffffffd80
 145500: system.cpu: T0 : 0x21df2    : c_sdsp s4, 80(sp)          : MemWrite :  D=0x0000000000000000 A=0x7ffffffffffffdd0
 146000: system.cpu: T0 : 0x21df4    : lui s4, 111                : IntAlu :  D=0x000000000006f000
 146500: system.cpu: T0 : 0x21df8    : lw a5, -72(s4)             : MemRead :  D=0x0000000000000000 A=0x6efb8
 147000: system.cpu: T0 : 0x21dfc    : c_sdsp s7, 56(sp)          : MemWrite :  D=0x0000000000000000 A=0x7ffffffffffffdb8
 147500: system.cpu: T0 : 0x21dfe    : c_sdsp ra, 120(sp)         : MemWrite :  D=0x00000000000104d4 A=0x7ffffffffffffdf8
 148000: system.cpu: T0 : 0x21e00    : c_sdsp s0, 112(sp)         : MemWrite :  D=0x000000000001093a A=0x7ffffffffffffdf0
 148500: system.cpu: T0 : 0x21e02    : c_sdsp s1, 104(sp)         : MemWrite :  D=0x00000000000109ca A=0x7ffffffffffffde8
 149000: system.cpu: T0 : 0x21e04    : c_sdsp s2, 96(sp)          : MemWrite :  D=0x0000000000000000 A=0x7ffffffffffffde0
 149500: system.cpu: T0 : 0x21e06    : c_sdsp s3, 88(sp)          : MemWrite :  D=0x0000000000000000 A=0x7ffffffffffffdd8
 150000: system.cpu: T0 : 0x21e08    : c_sdsp s5, 72(sp)          : MemWrite :  D=0x0000000000000000 A=0x7ffffffffffffdc8
 150500: system.cpu: T0 : 0x21e0a    : c_sdsp s6, 64(sp)          : MemWrite :  D=0x0000000000000000 A=0x7ffffffffffffdc0
 151000: system.cpu: T0 : 0x21e0c    : c_sdsp s8, 48(sp)          : MemWrite :  D=0x0000000000000000 A=0x7ffffffffffffdb0
 151500: system.cpu: T0 : 0x21e0e    : c_sdsp s9, 40(sp)          : MemWrite :  D=0x0000000000000000 A=0x7ffffffffffffda8
 152000: system.cpu: T0 : 0x21e10    : c_sdsp s10, 32(sp)         : MemWrite :  D=0x0000000000000000 A=0x7ffffffffffffda0
 152500: system.cpu: T0 : 0x21e12    : c_sdsp s11, 24(sp)         : MemWrite :  D=0x0000000000000000 A=0x7ffffffffffffd98
 153000: system.cpu: T0 : 0x21e14    : c_mv s7, a0                : IntAlu :  D=0x7fffffffffffff58
 154000: system.cpu: T0 : 0x21e16    : bne a5, zero, 750          : IntAlu : 
 155000: system.cpu: T0 : 0x21e1a    : lui s0, 111                : IntAlu :  D=0x000000000006f000
 156000: system.cpu: T0 : 0x21e1e    : addi s3, zero, 61          : IntAlu :  D=0x000000000000003d
 157000: system.cpu: T0 : 0x21e22    : lui s1, 79                 : IntAlu :  D=0x000000000004f000
 158000: system.cpu: T0 : 0x21e26    : addi s6, s0, -1248         : IntAlu :  D=0x000000000006eb20
 159000: system.cpu: T0 : 0x21e2a    : beq s7, zero, 166          : IntAlu : 
 159500: system.cpu: T0 : 0x21e2e    : c_mv a3, s7                : IntAlu :  D=0x7fffffffffffff58
 160000: system.cpu: T0 : 0x21e30    : ld s9, 0(a3)               : MemRead :  D=0x0000000000000000 A=0x7fffffffffffff58
 160500: system.cpu: T0 : 0x21e34    : c_mv s5, a3                : IntAlu :  D=0x7fffffffffffff58
 161500: system.cpu: T0 : 0x21e36    : beq s9, zero, 154          : IntAlu : 
 162000: system.cpu: T0 : 0x21ed0    : c_ldsp ra, 120(sp)         : MemRead :  D=0x00000000000104d4 A=0x7ffffffffffffdf8
 162500: system.cpu: T0 : 0x21ed2    : c_ldsp s0, 112(sp)         : MemRead :  D=0x000000000001093a A=0x7ffffffffffffdf0
 163000: system.cpu: T0 : 0x21ed4    : c_ldsp s1, 104(sp)         : MemRead :  D=0x00000000000109ca A=0x7ffffffffffffde8
 163500: system.cpu: T0 : 0x21ed6    : c_ldsp s2, 96(sp)          : MemRead :  D=0x0000000000000000 A=0x7ffffffffffffde0
 164000: system.cpu: T0 : 0x21ed8    : c_ldsp s3, 88(sp)          : MemRead :  D=0x0000000000000000 A=0x7ffffffffffffdd8
 164500: system.cpu: T0 : 0x21eda    : c_ldsp s4, 80(sp)          : MemRead :  D=0x0000000000000000 A=0x7ffffffffffffdd0
 165000: system.cpu: T0 : 0x21edc    : c_ldsp s5, 72(sp)          : MemRead :  D=0x0000000000000000 A=0x7ffffffffffffdc8
 165500: system.cpu: T0 : 0x21ede    : c_ldsp s6, 64(sp)          : MemRead :  D=0x0000000000000000 A=0x7ffffffffffffdc0
 166000: system.cpu: T0 : 0x21ee0    : c_ldsp s7, 56(sp)          : MemRead :  D=0x0000000000000000 A=0x7ffffffffffffdb8
 166500: system.cpu: T0 : 0x21ee2    : c_ldsp s8, 48(sp)          : MemRead :  D=0x0000000000000000 A=0x7ffffffffffffdb0
 167000: system.cpu: T0 : 0x21ee4    : c_ldsp s9, 40(sp)          : MemRead :  D=0x0000000000000000 A=0x7ffffffffffffda8
 167500: system.cpu: T0 : 0x21ee6    : c_ldsp s10, 32(sp)         : MemRead :  D=0x0000000000000000 A=0x7ffffffffffffda0
 168000: system.cpu: T0 : 0x21ee8    : c_ldsp s11, 24(sp)         : MemRead :  D=0x0000000000000000 A=0x7ffffffffffffd98
 168500: system.cpu: T0 : 0x21eea    : c_addi16sp sp, 128         : IntAlu :  D=0x7ffffffffffffe00
 169000: system.cpu: T0 : 0x21eec    : c_jr ra                    : IntAlu : 
 169500: system.cpu: T0 : 0x104d4    : jal ra, 664                : IntAlu :  D=0x00000000000104d8
 170000: system.cpu: T0 : 0x1076c    : c_addi16sp sp, -128        : IntAlu :  D=0x7ffffffffffffd80
 171000: system.cpu: T0 : 0x1076e    : lui a5, 114                : IntAlu :  D=0x0000000000072000
 171500: system.cpu: T0 : 0x10772    : c_sdsp s0, 112(sp)         : MemWrite :  D=0x000000000001093a A=0x7ffffffffffffdf0
 172000: system.cpu: T0 : 0x10774    : ld s0, -464(a5)            : MemRead :  D=0x0000000000010040 A=0x71e30
 172500: system.cpu: T0 : 0x10778    : c_sdsp s3, 88(sp)          : MemWrite :  D=0x0000000000000000 A=0x7ffffffffffffdd8
 173500: system.cpu: T0 : 0x1077a    : lui a5, 112                : IntAlu :  D=0x0000000000070000
 174000: system.cpu: T0 : 0x1077e    : c_sdsp ra, 120(sp)         : MemWrite :  D=0x00000000000104d8 A=0x7ffffffffffffdf8
 174500: system.cpu: T0 : 0x10780    : c_sdsp s1, 104(sp)         : MemWrite :  D=0x00000000000109ca A=0x7ffffffffffffde8
 175000: system.cpu: T0 : 0x10782    : c_sdsp s2, 96(sp)          : MemWrite :  D=0x0000000000000000 A=0x7ffffffffffffde0
 175500: system.cpu: T0 : 0x10784    : c_sdsp s4, 80(sp)          : MemWrite :  D=0x0000000000000000 A=0x7ffffffffffffdd0
 176000: system.cpu: T0 : 0x10786    : c_sdsp s5, 72(sp)          : MemWrite :  D=0x0000000000000000 A=0x7ffffffffffffdc8
 176500: system.cpu: T0 : 0x10788    : c_sdsp s6, 64(sp)          : MemWrite :  D=0x0000000000000000 A=0x7ffffffffffffdc0
 177000: system.cpu: T0 : 0x1078a    : c_sdsp s7, 56(sp)          : MemWrite :  D=0x0000000000000000 A=0x7ffffffffffffdb8
 177500: system.cpu: T0 : 0x1078c    : c_sdsp s8, 48(sp)          : MemWrite :  D=0x0000000000000000 A=0x7ffffffffffffdb0
 178000: system.cpu: T0 : 0x1078e    : c_sdsp s9, 40(sp)          : MemWrite :  D=0x0000000000000000 A=0x7ffffffffffffda8
 178500: system.cpu: T0 : 0x10790    : c_sdsp s10, 32(sp)         : MemWrite :  D=0x0000000000000000 A=0x7ffffffffffffda0
 179000: system.cpu: T0 : 0x10792    : c_sdsp s11, 24(sp)         : MemWrite :  D=0x0000000000000000 A=0x7ffffffffffffd98
 179500: system.cpu: T0 : 0x10794    : ld s3, 816(a5)             : MemRead :  D=0x000000000006fe60 A=0x70330
 180000: system.cpu: T0 : 0x10798    : beq s0, zero, 368          : IntAlu : 
 180500: system.cpu: T0 : 0x1079c    : lui a5, 114                : IntAlu :  D=0x0000000000072000
 181000: system.cpu: T0 : 0x107a0    : ld a5, -408(a5)            : MemRead :  D=0x0000000000000006 A=0x71e68
 181500: system.cpu: T0 : 0x107a4    : slli a4, a5, 3             : IntAlu :  D=0x0000000000000030
 182000: system.cpu: T0 : 0x107a8    : c_sub a4, a5               : IntAlu :  D=0x000000000000002a
 182500: system.cpu: T0 : 0x107aa    : c_slli a4, 3               : IntAlu :  D=0x0000000000000150
 183000: system.cpu: T0 : 0x107ac    : c_add a4, s0               : IntAlu :  D=0x0000000000010190
 184000: system.cpu: T0 : 0x107ae    : bgeu s0, a4, 322           : IntAlu : 
 184500: system.cpu: T0 : 0x107b2    : c_li a3, 7                 : IntAlu :  D=0x0000000000000007
 185000: system.cpu: T0 : 0x107b4    : c_j 10                     : IntAlu : 
 185500: system.cpu: T0 : 0x107be    : c_lw a5, 0(s0)             : MemRead :  D=0x0000000000000001 A=0x10040
 186000: system.cpu: T0 : 0x107c0    : bne a5, a3, -10            : IntAlu : 
 187000: system.cpu: T0 : 0x107b6    : addi s0, s0, 56            : IntAlu :  D=0x0000000000010078
 188000: system.cpu: T0 : 0x107ba    : bgeu s0, a4, 310           : IntAlu : 
 188500: system.cpu: T0 : 0x107be    : c_lw a5, 0(s0)             : MemRead :  D=0x0000000000000001 A=0x10078
 189000: system.cpu: T0 : 0x107c0    : bne a5, a3, -10            : IntAlu : 
 190000: system.cpu: T0 : 0x107b6    : addi s0, s0, 56            : IntAlu :  D=0x00000000000100b0
 191000: system.cpu: T0 : 0x107ba    : bgeu s0, a4, 310           : IntAlu : 
 191500: system.cpu: T0 : 0x107be    : c_lw a5, 0(s0)             : MemRead :  D=0x0000000000000004 A=0x100b0
 192000: system.cpu: T0 : 0x107c0    : bne a5, a3, -10            : IntAlu : 
 193000: system.cpu: T0 : 0x107b6    : addi s0, s0, 56            : IntAlu :  D=0x00000000000100e8
 194000: system.cpu: T0 : 0x107ba    : bgeu s0, a4, 310           : IntAlu : 
 194500: system.cpu: T0 : 0x107be    : c_lw a5, 0(s0)             : MemRead :  D=0x0000000000000007 A=0x100e8
 195000: system.cpu: T0 : 0x107c0    : bne a5, a3, -10            : IntAlu : 
 195500: system.cpu: T0 : 0x107c4    : ld s5, 48(s0)              : MemRead :  D=0x0000000000000008 A=0x10118
 196000: system.cpu: T0 : 0x107c8    : ld a1, 0(s3)               : MemRead :  D=0x0000000000000000 A=0x6fe60
 196500: system.cpu: T0 : 0x107cc    : c_ld a4, 16(s0)            : MemRead :  D=0x000000000006ead0 A=0x100f8
 197000: system.cpu: T0 : 0x107ce    : c_li a5, 16                : IntAlu :  D=0x0000000000000010
 197500: system.cpu: T0 : 0x107d0    : ld s10, 40(s0)             : MemRead :  D=0x0000000000000060 A=0x10110
 198000: system.cpu: T0 : 0x107d4    : ld s4, 32(s0)              : MemRead :  D=0x0000000000000020 A=0x10108
 198500: system.cpu: T0 : 0x107d8    : c_mv s8, s5                : IntAlu :  D=0x0000000000000008
 199500: system.cpu: T0 : 0x107da    : add s0, a1, a4             : IntAlu :  D=0x000000000006ead0
 200500: system.cpu: T0 : 0x107de    : bltu s5, a5, 260           : IntAlu : 
 201000: system.cpu: T0 : 0x108e2    : c_li s8, 16                : IntAlu :  D=0x0000000000000010
 201500: system.cpu: T0 : 0x108e4    : addi a4, s8, -1            : IntAlu :  D=0x000000000000000f
 202000: system.cpu: T0 : 0x108e8    : c_mv s9, s5                : IntAlu :  D=0x0000000000000008
 203000: system.cpu: T0 : 0x108ea    : bne s5, zero, -254         : IntAlu : 
 203500: system.cpu: T0 : 0x107ec    : sub s11, zero, s8          : IntAlu :  D=0xfffffffffffffff0
 204000: system.cpu: T0 : 0x107f0    : beq s5, zero, 302          : IntAlu : 
 204500: system.cpu: T0 : 0x107f4    : addi s2, s5, -1            : IntAlu :  D=0x0000000000000007
 205000: system.cpu: T0 : 0x107f8    : divu a5, s2, s9            : IntDiv :  D=0x0000000000000000
 205500: system.cpu: T0 : 0x107fc    : c_add s2, s10              : IntAlu :  D=0x0000000000000067
 206500: system.cpu: T0 : 0x107fe    : mul s7, a5, s9             : IntMult :  D=0x0000000000000000
 207000: system.cpu: T0 : 0x10802    : c_mv a5, s7                : IntAlu :  D=0x0000000000000000
 207500: system.cpu: T0 : 0x10804    : ld a0, -1968(gp)           : MemRead :  D=0x0000000000000800 A=0x70878
 208000: system.cpu: T0 : 0x10808    : c_sdsp a5, 8(sp)           : MemWrite :  D=0x0000000000000000 A=0x7ffffffffffffd88
 208500: system.cpu: T0 : 0x1080a    : c_sdsp a4, 0(sp)           : MemWrite :  D=0x000000000000000f A=0x7ffffffffffffd80
 209000: system.cpu: T0 : 0x1080c    : addi a0, a0, 1808          : IntAlu :  D=0x0000000000000f10
 209500: system.cpu: T0 : 0x10810    : c_add a0, s10              : IntAlu :  D=0x0000000000000f70
 210000: system.cpu: T0 : 0x10812    : c_add a0, s8               : IntAlu :  D=0x0000000000000f80
 210500: system.cpu: T0 : 0x10814    : c_add a0, s7               : IntAlu :  D=0x0000000000000f80
 211500: system.cpu: T0 : 0x10816    : jal ra, 67206              : IntAlu :  D=0x000000000001081a
 212000: system.cpu: T0 : 0x20e9c    : c_addi sp, -32             : IntAlu :  D=0x7ffffffffffffd60
 212500: system.cpu: T0 : 0x20e9e    : c_sdsp s2, 0(sp)           : MemWrite :  D=0x0000000000000067 A=0x7ffffffffffffd60
 213000: system.cpu: T0 : 0x20ea0    : c_sdsp s1, 8(sp)           : MemWrite :  D=0x00000000000109ca A=0x7ffffffffffffd68
 214000: system.cpu: T0 : 0x20ea2    : ld s1, -1200(gp)           : MemRead :  D=0x0000000000000000 A=0x70b78
 214500: system.cpu: T0 : 0x20ea6    : c_sdsp s0, 16(sp)          : MemWrite :  D=0x000000000006ead0 A=0x7ffffffffffffd70
 215000: system.cpu: T0 : 0x20ea8    : c_sdsp ra, 24(sp)          : MemWrite :  D=0x000000000001081a A=0x7ffffffffffffd78
 215500: system.cpu: T0 : 0x20eaa    : c_mv s0, a0                : IntAlu :  D=0x0000000000000f80
 216000: system.cpu: T0 : 0x20eac    : c_beqz s1, 46              : IntAlu : 
 216500: system.cpu: T0 : 0x20eda    : c_li a0, 0                 : IntAlu :  D=0x0000000000000000
 217000: system.cpu: T0 : 0x20edc    : jal ra, 98418              : IntAlu :  D=0x0000000000020ee0
 217500: system.cpu: T0 : 0x38f4e    : c_mv a5, a0                : IntAlu :  D=0x0000000000000000
 218000: system.cpu: T0 : 0x38f50    : addi a7, zero, 214         : IntAlu :  D=0x00000000000000d6
 218500: system.cpu: T0 : 0x38f54    : ecall                      : No_OpClass : 
 219000: system.cpu: T0 : 0x38f58    : sd a0, -1200(gp)           : MemWrite :  D=0x0000000000072000 A=0x70b78
 219500: system.cpu: T0 : 0x38f5c    : bltu a0, a5, 8             : IntAlu : 
 220000: system.cpu: T0 : 0x38f60    : c_li a0, 0                 : IntAlu :  D=0x0000000000000000
 220500: system.cpu: T0 : 0x38f62    : c_jr ra                    : IntAlu : 
 221000: system.cpu: T0 : 0x20ee0    : blt a0, zero, -22          : IntAlu : 
 221500: system.cpu: T0 : 0x20ee4    : ld s1, -1200(gp)           : MemRead :  D=0x0000000000072000 A=0x70b78
 222000: system.cpu: T0 : 0x20ee8    : c_j -52                    : IntAlu : 
 222500: system.cpu: T0 : 0x20eb4    : c_beqz s0, 24              : IntAlu : 
 223500: system.cpu: T0 : 0x20eb6    : bge zero, s0, 52           : IntAlu : 
 224500: system.cpu: T0 : 0x20eba    : add a5, s0, s1             : IntAlu :  D=0x0000000000072f80
 225500: system.cpu: T0 : 0x20ebe    : sltu a5, a5, s1            : IntAlu :  D=0x0000000000000000
 226000: system.cpu: T0 : 0x20ec2    : c_beqz a5, 50              : IntAlu : 
 226500: system.cpu: T0 : 0x20ef4    : add a0, s1, s0             : IntAlu :  D=0x0000000000072f80
 227000: system.cpu: T0 : 0x20ef8    : jal ra, 98390              : IntAlu :  D=0x0000000000020efc
 227500: system.cpu: T0 : 0x38f4e    : c_mv a5, a0                : IntAlu :  D=0x0000000000072f80
 228000: system.cpu: T0 : 0x38f50    : addi a7, zero, 214         : IntAlu :  D=0x00000000000000d6
 228500: system.cpu: T0 : 0x38f54    : ecall                      : No_OpClass : 
 229000: system.cpu: T0 : 0x38f58    : sd a0, -1200(gp)           : MemWrite :  D=0x0000000000072f80 A=0x70b78
 229500: system.cpu: T0 : 0x38f5c    : bltu a0, a5, 8             : IntAlu : 
 230000: system.cpu: T0 : 0x38f60    : c_li a0, 0                 : IntAlu :  D=0x0000000000000000
 230500: system.cpu: T0 : 0x38f62    : c_jr ra                    : IntAlu : 
 231000: system.cpu: T0 : 0x20efc    : blt a0, zero, -50          : IntAlu : 
 231500: system.cpu: T0 : 0x20f00    : c_ldsp ra, 24(sp)          : MemRead :  D=0x000000000001081a A=0x7ffffffffffffd78
 232000: system.cpu: T0 : 0x20f02    : c_ldsp s0, 16(sp)          : MemRead :  D=0x000000000006ead0 A=0x7ffffffffffffd70
 232500: system.cpu: T0 : 0x20f04    : c_ldsp s2, 0(sp)           : MemRead :  D=0x0000000000000067 A=0x7ffffffffffffd60
 233000: system.cpu: T0 : 0x20f06    : c_mv a0, s1                : IntAlu :  D=0x0000000000072000
 233500: system.cpu: T0 : 0x20f08    : c_ldsp s1, 8(sp)           : MemRead :  D=0x00000000000109ca A=0x7ffffffffffffd68
 234000: system.cpu: T0 : 0x20f0a    : c_addi16sp sp, 32          : IntAlu :  D=0x7ffffffffffffd80
 234500: system.cpu: T0 : 0x20f0c    : c_jr ra                    : IntAlu : 
 235500: system.cpu: T0 : 0x1081a    : divu s2, s2, s9            : IntDiv :  D=0x000000000000000c
 236000: system.cpu: T0 : 0x1081e    : c_ldsp a4, 0(sp)           : MemRead :  D=0x000000000000000f A=0x7ffffffffffffd80
 236500: system.cpu: T0 : 0x10820    : c_ldsp a5, 8(sp)           : MemRead :  D=0x0000000000000000 A=0x7ffffffffffffd88
 237500: system.cpu: T0 : 0x10822    : addi s1, a0, 1808          : IntAlu :  D=0x0000000000072710
 238000: system.cpu: T0 : 0x10826    : c_add s1, a4               : IntAlu :  D=0x000000000007271f
 238500: system.cpu: T0 : 0x10828    : and s1, s1, s11            : IntAlu :  D=0x0000000000072710
 239000: system.cpu: T0 : 0x1082c    : lui a4, 114                : IntAlu :  D=0x0000000000072000
 239500: system.cpu: T0 : 0x10830    : addi a4, a4, -1680         : IntAlu :  D=0x0000000000071970
 240000: system.cpu: T0 : 0x10834    : add a0, s1, s7             : IntAlu :  D=0x0000000000072710
 240500: system.cpu: T0 : 0x10838    : sd a5, 1088(s3)            : MemWrite :  D=0x0000000000000000 A=0x702a0
 241000: system.cpu: T0 : 0x1083c    : addi a5, zero, 62          : IntAlu :  D=0x000000000000003e
 241500: system.cpu: T0 : 0x10840    : c_mv a2, s4                : IntAlu :  D=0x0000000000000020
 242000: system.cpu: T0 : 0x10842    : c_sd a5, 0(a4)             : MemWrite :  D=0x000000000000003e A=0x71970
 242500: system.cpu: T0 : 0x10844    : c_mv a1, s0                : IntAlu :  D=0x000000000006ead0
 243000: system.cpu: T0 : 0x10846    : c_sd a0, 32(a4)            : MemWrite :  D=0x0000000000072710 A=0x71990
 243500: system.cpu: T0 : 0x10848    : sd zero, 40(a4)            : MemWrite :  D=0x0000000000000000 A=0x71998
 244000: system.cpu: T0 : 0x1084c    : jal ra, 61668              : IntAlu :  D=0x0000000000010850
 244500: system.cpu: T0 : 0x1f930    : c_addi16sp sp, -48         : IntAlu :  D=0x7ffffffffffffd50
 245000: system.cpu: T0 : 0x1f932    : c_sdsp s0, 32(sp)          : MemWrite :  D=0x000000000006ead0 A=0x7ffffffffffffd70
 245500: system.cpu: T0 : 0x1f934    : c_sdsp s2, 16(sp)          : MemWrite :  D=0x000000000000000c A=0x7ffffffffffffd60
 246000: system.cpu: T0 : 0x1f936    : c_sdsp ra, 40(sp)          : MemWrite :  D=0x0000000000010850 A=0x7ffffffffffffd78
 246500: system.cpu: T0 : 0x1f938    : c_sdsp s1, 24(sp)          : MemWrite :  D=0x0000000000072710 A=0x7ffffffffffffd68
 247000: system.cpu: T0 : 0x1f93a    : c_sdsp s3, 8(sp)           : MemWrite :  D=0x000000000006fe60 A=0x7ffffffffffffd58
 247500: system.cpu: T0 : 0x1f93c    : c_li a5, 15                : IntAlu :  D=0x000000000000000f
 248000: system.cpu: T0 : 0x1f93e    : c_mv s2, a0                : IntAlu :  D=0x0000000000072710
 248500: system.cpu: T0 : 0x1f940    : c_mv a4, a0                : IntAlu :  D=0x0000000000072710
 249000: system.cpu: T0 : 0x1f942    : c_mv s0, a1                : IntAlu :  D=0x000000000006ead0
 249500: system.cpu: T0 : 0x1f944    : bgeu a5, a2, 72            : IntAlu : 
 250000: system.cpu: T0 : 0x1f948    : sub a0, zero, a0           : IntAlu :  D=0xfffffffffff8d8f0
 250500: system.cpu: T0 : 0x1f94c    : c_andi a0, 7               : IntAlu :  D=0x0000000000000000
 251500: system.cpu: T0 : 0x1f94e    : sub s1, a2, a0             : IntAlu :  D=0x0000000000000020
 252000: system.cpu: T0 : 0x1f952    : c_beqz a0, 110             : IntAlu : 
 252500: system.cpu: T0 : 0x1f9c0    : c_mv s3, s2                : IntAlu :  D=0x0000000000072710
 253000: system.cpu: T0 : 0x1f9c2    : c_j -84                    : IntAlu : 
 254000: system.cpu: T0 : 0x1f96e    : andi a5, s0, 7             : IntAlu :  D=0x0000000000000000
 255000: system.cpu: T0 : 0x1f972    : srli a2, s1, 3             : IntAlu :  D=0x0000000000000004
 255500: system.cpu: T0 : 0x1f976    : c_mv a1, s0                : IntAlu :  D=0x000000000006ead0
 256000: system.cpu: T0 : 0x1f978    : c_mv a0, s3                : IntAlu :  D=0x0000000000072710
 256500: system.cpu: T0 : 0x1f97a    : c_bnez a5, 64              : IntAlu : 
 257000: system.cpu: T0 : 0x1f97c    : jal ra, 72                 : IntAlu :  D=0x000000000001f980
 257500: system.cpu: T0 : 0x1f9c4    : andi a5, a2, 7             : IntAlu :  D=0x0000000000000004
 258000: system.cpu: T0 : 0x1f9c8    : lui a4, 79                 : IntAlu :  D=0x000000000004f000
 258500: system.cpu: T0 : 0x1f9cc    : c_slli a5, 2               : IntAlu :  D=0x0000000000000010
 259500: system.cpu: T0 : 0x1f9ce    : addi a4, a4, -248          : IntAlu :  D=0x000000000004ef08
 260000: system.cpu: T0 : 0x1f9d2    : c_add a5, a4               : IntAlu :  D=0x000000000004ef18
 260500: system.cpu: T0 : 0x1f9d4    : c_lw a5, 0(a5)             : MemRead :  D=0x000000000001fa6e A=0x4ef18
 261000: system.cpu: T0 : 0x1f9d6    : c_jr a5                    : IntAlu : 
 262000: system.cpu: T0 : 0x1fa6e    : ld a6, 0(a1)               : MemRead :  D=0x0000000000070678 A=0x6ead0
 262500: system.cpu: T0 : 0x1fa72    : c_mv a3, a0                : IntAlu :  D=0x0000000000072710
 263000: system.cpu: T0 : 0x1fa74    : c_addi a1, -32             : IntAlu :  D=0x000000000006eab0
 264000: system.cpu: T0 : 0x1fa76    : addi a5, a0, -40           : IntAlu :  D=0x00000000000726e8
 264500: system.cpu: T0 : 0x1fa7a    : c_addi a2, 4               : IntAlu :  D=0x0000000000000008
 265000: system.cpu: T0 : 0x1fa7c    : c_j -124                   : IntAlu : 
 265500: system.cpu: T0 : 0x1fa00    : c_ld a4, 40(a1)            : MemRead :  D=0x0000000000070678 A=0x6ead8
 266500: system.cpu: T0 : 0x1fa02    : addi a0, a5, 48            : IntAlu :  D=0x0000000000072718
 267500: system.cpu: T0 : 0x1fa06    : sd a6, 0(a3)               : MemWrite :  D=0x0000000000070678 A=0x72710
 268500: system.cpu: T0 : 0x1fa06    : sd a6, 0(a3)               : MemWrite :  D=0x0000000000070678 A=0x72710
 269500: system.cpu: T0 : 0x1fa0a    : ld a6, 48(a1)              : MemRead :  D=0x0000000000070680 A=0x6eae0
 270500: system.cpu: T0 : 0x1fa0e    : addi a3, a5, 56            : IntAlu :  D=0x0000000000072720
 271000: system.cpu: T0 : 0x1fa12    : c_sd a4, 0(a0)             : MemWrite :  D=0x0000000000070678 A=0x72718
 271500: system.cpu: T0 : 0x1fa14    : c_ld a4, 56(a1)            : MemRead :  D=0x0000000000070698 A=0x6eae8
 272500: system.cpu: T0 : 0x1fa16    : addi a5, a5, 64            : IntAlu :  D=0x0000000000072728
 273500: system.cpu: T0 : 0x1fa1a    : sd a6, 0(a3)               : MemWrite :  D=0x0000000000070680 A=0x72720
 274000: system.cpu: T0 : 0x1fa1e    : c_addi a2, -8              : IntAlu :  D=0x0000000000000000
 274500: system.cpu: T0 : 0x1fa20    : c_mv a0, a5                : IntAlu :  D=0x0000000000072728
 275500: system.cpu: T0 : 0x1fa22    : addi a1, a1, 64            : IntAlu :  D=0x000000000006eaf0
 276000: system.cpu: T0 : 0x1fa26    : c_beqz a2, 24              : IntAlu : 
 276500: system.cpu: T0 : 0x1fa3e    : c_sd a4, 0(a0)             : MemWrite :  D=0x0000000000070698 A=0x72728
 277000: system.cpu: T0 : 0x1fa40    : c_jr ra                    : IntAlu : 
 277500: system.cpu: T0 : 0x1f980    : andi a4, s1, 18446744073709551608 : IntAlu :  D=0x0000000000000020
 278000: system.cpu: T0 : 0x1f984    : c_add s0, a4               : IntAlu :  D=0x000000000006eaf0
 279000: system.cpu: T0 : 0x1f986    : andi a2, s1, 7             : IntAlu :  D=0x0000000000000000
 279500: system.cpu: T0 : 0x1f98a    : c_add a4, s3               : IntAlu :  D=0x0000000000072730
 280000: system.cpu: T0 : 0x1f98c    : c_addi a4, -1              : IntAlu :  D=0x000000000007272f
 280500: system.cpu: T0 : 0x1f98e    : c_mv a5, s0                : IntAlu :  D=0x000000000006eaf0
 281000: system.cpu: T0 : 0x1f990    : add a1, a2, s0             : IntAlu :  D=0x000000000006eaf0
 281500: system.cpu: T0 : 0x1f994    : c_sub a4, s0               : IntAlu :  D=0x0000000000003c3f
 282000: system.cpu: T0 : 0x1f996    : c_beqz a2, 20              : IntAlu : 
 282500: system.cpu: T0 : 0x1f9aa    : c_ldsp ra, 40(sp)          : MemRead :  D=0x0000000000010850 A=0x7ffffffffffffd78
 283000: system.cpu: T0 : 0x1f9ac    : c_ldsp s0, 32(sp)          : MemRead :  D=0x000000000006ead0 A=0x7ffffffffffffd70
 283500: system.cpu: T0 : 0x1f9ae    : c_ldsp s1, 24(sp)          : MemRead :  D=0x0000000000072710 A=0x7ffffffffffffd68
 284000: system.cpu: T0 : 0x1f9b0    : c_ldsp s3, 8(sp)           : MemRead :  D=0x000000000006fe60 A=0x7ffffffffffffd58
 284500: system.cpu: T0 : 0x1f9b2    : c_mv a0, s2                : IntAlu :  D=0x0000000000072710
 285000: system.cpu: T0 : 0x1f9b4    : c_ldsp s2, 16(sp)          : MemRead :  D=0x000000000000000c A=0x7ffffffffffffd60
 285500: system.cpu: T0 : 0x1f9b6    : c_addi16sp sp, 48          : IntAlu :  D=0x7ffffffffffffd80
 286000: system.cpu: T0 : 0x1f9b8    : c_jr ra                    : IntAlu : 
 286500: system.cpu: T0 : 0x10850    : lui a5, 114                : IntAlu :  D=0x0000000000072000
 287000: system.cpu: T0 : 0x10854    : addi a5, a5, -1664         : IntAlu :  D=0x0000000000071980
 287500: system.cpu: T0 : 0x10858    : ld a4, -1968(gp)           : MemRead :  D=0x0000000000000800 A=0x70878
 288000: system.cpu: T0 : 0x1085c    : addi a3, gp, -960          : IntAlu :  D=0x0000000000070c68
 288500: system.cpu: T0 : 0x10860    : sd a5, -16(s1)             : MemWrite :  D=0x0000000000071980 A=0x72700
 289000: system.cpu: T0 : 0x10864    : addi a2, zero, 64          : IntAlu :  D=0x0000000000000040
 289500: system.cpu: T0 : 0x10868    : c_li a5, 1                 : IntAlu :  D=0x0000000000000001
 290000: system.cpu: T0 : 0x1086a    : c_sd a2, 0(a3)             : MemWrite :  D=0x0000000000000040 A=0x70c68
 290500: system.cpu: T0 : 0x1086c    : lui a2, 114                : IntAlu :  D=0x0000000000072000
 291000: system.cpu: T0 : 0x10870    : sd a5, -1688(a2)           : MemWrite :  D=0x0000000000000001 A=0x71968
 291500: system.cpu: T0 : 0x10874    : lui a2, 114                : IntAlu :  D=0x0000000000072000
 292000: system.cpu: T0 : 0x10878    : sd s3, 40(a3)              : MemWrite :  D=0x000000000006fe60 A=0x70c90
 292500: system.cpu: T0 : 0x1087c    : sd a3, -656(a2)            : MemWrite :  D=0x0000000000070c68 A=0x71d70
 293000: system.cpu: T0 : 0x10880    : lui a3, 114                : IntAlu :  D=0x0000000000072000
 293500: system.cpu: T0 : 0x10884    : sd s8, -1696(a3)           : MemWrite :  D=0x0000000000000010 A=0x71960
 294000: system.cpu: T0 : 0x10888    : lui a3, 114                : IntAlu :  D=0x0000000000072000
 294500: system.cpu: T0 : 0x1088c    : sd a5, 1096(s3)            : MemWrite :  D=0x0000000000000001 A=0x702a8
 295000: system.cpu: T0 : 0x10890    : sd a5, -632(a3)            : MemWrite :  D=0x0000000000000001 A=0x71d88
 295500: system.cpu: T0 : 0x10894    : c_addi a4, 15              : IntAlu :  D=0x000000000000080f
 296500: system.cpu: T0 : 0x10896    : sd s0, 1048(s3)            : MemWrite :  D=0x000000000006ead0 A=0x70278
 297000: system.cpu: T0 : 0x1089a    : c_ldsp ra, 120(sp)         : MemRead :  D=0x00000000000104d8 A=0x7ffffffffffffdf8
 297500: system.cpu: T0 : 0x1089c    : c_ldsp s0, 112(sp)         : MemRead :  D=0x000000000001093a A=0x7ffffffffffffdf0
 298500: system.cpu: T0 : 0x1089e    : sd s5, 1072(s3)            : MemWrite :  D=0x0000000000000008 A=0x70290
 299500: system.cpu: T0 : 0x108a2    : sd s10, 1064(s3)           : MemWrite :  D=0x0000000000000060 A=0x70288
 300500: system.cpu: T0 : 0x108a6    : sd s4, 1056(s3)            : MemWrite :  D=0x0000000000000020 A=0x70280
 301000: system.cpu: T0 : 0x108aa    : c_ldsp s5, 72(sp)          : MemRead :  D=0x0000000000000000 A=0x7ffffffffffffdc8
 301500: system.cpu: T0 : 0x108ac    : c_ldsp s3, 88(sp)          : MemRead :  D=0x0000000000000000 A=0x7ffffffffffffdd8
 302000: system.cpu: T0 : 0x108ae    : c_ldsp s4, 80(sp)          : MemRead :  D=0x0000000000000000 A=0x7ffffffffffffdd0
 302500: system.cpu: T0 : 0x108b0    : c_ldsp s8, 48(sp)          : MemRead :  D=0x0000000000000000 A=0x7ffffffffffffdb0
 303000: system.cpu: T0 : 0x108b2    : c_ldsp s10, 32(sp)         : MemRead :  D=0x0000000000000000 A=0x7ffffffffffffda0
 303500: system.cpu: T0 : 0x108b4    : c_ldsp s11, 24(sp)         : MemRead :  D=0x0000000000000000 A=0x7ffffffffffffd98
 304000: system.cpu: T0 : 0x108b6    : c_mv tp, s1                : IntAlu :  D=0x0000000000072710
 304500: system.cpu: T0 : 0x108b8    : c_ldsp s1, 104(sp)         : MemRead :  D=0x00000000000109ca A=0x7ffffffffffffde8
 305500: system.cpu: T0 : 0x108ba    : mul s2, s2, s9             : IntMult :  D=0x0000000000000060
 306000: system.cpu: T0 : 0x108be    : c_ldsp s9, 40(sp)          : MemRead :  D=0x0000000000000000 A=0x7ffffffffffffda8
 306500: system.cpu: T0 : 0x108c0    : add a5, s2, s7             : IntAlu :  D=0x0000000000000060
 307000: system.cpu: T0 : 0x108c4    : c_add a4, a5               : IntAlu :  D=0x000000000000086f
 307500: system.cpu: T0 : 0x108c6    : c_andi a4, 18446744073709551600 : IntAlu :  D=0x0000000000000860
 308000: system.cpu: T0 : 0x108c8    : sd a4, -1968(gp)           : MemWrite :  D=0x0000000000000860 A=0x70878
 308500: system.cpu: T0 : 0x108cc    : lui a4, 114                : IntAlu :  D=0x0000000000072000
 309000: system.cpu: T0 : 0x108d0    : sd a5, -1704(a4)           : MemWrite :  D=0x0000000000000060 A=0x71958
 309500: system.cpu: T0 : 0x108d4    : c_ldsp s2, 96(sp)          : MemRead :  D=0x0000000000000000 A=0x7ffffffffffffde0
 310000: system.cpu: T0 : 0x108d6    : c_ldsp s6, 64(sp)          : MemRead :  D=0x0000000000000000 A=0x7ffffffffffffdc0
 310500: system.cpu: T0 : 0x108d8    : c_ldsp s7, 56(sp)          : MemRead :  D=0x0000000000000000 A=0x7ffffffffffffdb8
 311000: system.cpu: T0 : 0x108da    : c_addi16sp sp, 128         : IntAlu :  D=0x7ffffffffffffe00
 311500: system.cpu: T0 : 0x108dc    : c_jr ra                    : IntAlu : 
 312000: system.cpu: T0 : 0x104d8    : lui a5, 111                : IntAlu :  D=0x000000000006f000
 312500: system.cpu: T0 : 0x104dc    : ld a5, -128(a5)            : MemRead :  D=0x7fffffffffffffe0 A=0x6ef80
 313000: system.cpu: T0 : 0x104e0    : lw a7, -1728(gp)           : MemRead :  D=0x0000000000000000 A=0x70968
 313500: system.cpu: T0 : 0x104e4    : lbu a6, 1(a5)              : MemRead :  D=0x0000000000000000 A=0x7fffffffffffffe1
 314000: system.cpu: T0 : 0x104e8    : lbu a4, 0(a5)              : MemRead :  D=0x0000000000000000 A=0x7fffffffffffffe0
 314500: system.cpu: T0 : 0x104ec    : lbu a0, 2(a5)              : MemRead :  D=0x0000000000000000 A=0x7fffffffffffffe2
 315000: system.cpu: T0 : 0x104f0    : lbu a1, 3(a5)              : MemRead :  D=0x0000000000000000 A=0x7fffffffffffffe3
 315500: system.cpu: T0 : 0x104f4    : lbu a2, 4(a5)              : MemRead :  D=0x0000000000000000 A=0x7fffffffffffffe4
 316000: system.cpu: T0 : 0x104f8    : c_slli a6, 8               : IntAlu :  D=0x0000000000000000
 317000: system.cpu: T0 : 0x104fa    : lbu a3, 5(a5)              : MemRead :  D=0x0000000000000000 A=0x7fffffffffffffe5
 318000: system.cpu: T0 : 0x104fe    : or a6, a6, a4              : IntAlu :  D=0x0000000000000000
 318500: system.cpu: T0 : 0x10502    : c_slli a0, 16              : IntAlu :  D=0x0000000000000000
 319000: system.cpu: T0 : 0x10504    : lbu a4, 6(a5)              : MemRead :  D=0x0000000000000000 A=0x7fffffffffffffe6
 319500: system.cpu: T0 : 0x10508    : or a0, a0, a6              : IntAlu :  D=0x0000000000000000
 320000: system.cpu: T0 : 0x1050c    : c_slli a1, 24              : IntAlu :  D=0x0000000000000000
 321000: system.cpu: T0 : 0x1050e    : lbu a5, 7(a5)              : MemRead :  D=0x000000000000002e A=0x7fffffffffffffe7
 321500: system.cpu: T0 : 0x10512    : c_or a1, a0                : IntAlu :  D=0x0000000000000000
 322000: system.cpu: T0 : 0x10514    : c_slli a2, 32              : IntAlu :  D=0x0000000000000000
 322500: system.cpu: T0 : 0x10516    : c_or a2, a1                : IntAlu :  D=0x0000000000000000
 323000: system.cpu: T0 : 0x10518    : c_slli a3, 40              : IntAlu :  D=0x0000000000000000
 323500: system.cpu: T0 : 0x1051a    : c_or a3, a2                : IntAlu :  D=0x0000000000000000
 324000: system.cpu: T0 : 0x1051c    : c_slli a4, 48              : IntAlu :  D=0x0000000000000000
 324500: system.cpu: T0 : 0x1051e    : c_or a4, a3                : IntAlu :  D=0x0000000000000000
 325000: system.cpu: T0 : 0x10520    : c_slli a5, 56              : IntAlu :  D=0x2e00000000000000
 325500: system.cpu: T0 : 0x10522    : c_or a5, a4                : IntAlu :  D=0x2e00000000000000
 326000: system.cpu: T0 : 0x10524    : andi a5, a5, 18446744073709551360 : IntAlu :  D=0x2e00000000000000
 326500: system.cpu: T0 : 0x10528    : lui a4, 111                : IntAlu :  D=0x000000000006f000
 327000: system.cpu: T0 : 0x1052c    : sd a5, -1264(a4)           : MemWrite :  D=0x2e00000000000000 A=0x6eb10
 327500: system.cpu: T0 : 0x10530    : beq a7, zero, 286          : IntAlu : 
 328500: system.cpu: T0 : 0x1064e    : jal ra, 75208              : IntAlu :  D=0x0000000000010652
 329000: system.cpu: T0 : 0x22c16    : c_addi16sp sp, -496        : IntAlu :  D=0x7ffffffffffffc10
 329500: system.cpu: T0 : 0x22c18    : c_addi4spn a0, sp, 72      : IntAlu :  D=0x7ffffffffffffc58
 330000: system.cpu: T0 : 0x22c1a    : c_sdsp ra, 488(sp)         : MemWrite :  D=0x0000000000010652 A=0x7ffffffffffffdf8
 330500: system.cpu: T0 : 0x22c1c    : c_sdsp s0, 480(sp)         : MemWrite :  D=0x000000000001093a A=0x7ffffffffffffdf0
 331000: system.cpu: T0 : 0x22c1e    : c_sdsp s1, 472(sp)         : MemWrite :  D=0x00000000000109ca A=0x7ffffffffffffde8
 331500: system.cpu: T0 : 0x22c20    : jal ra, 90520              : IntAlu :  D=0x0000000000022c24
 332000: system.cpu: T0 : 0x38db8    : addi a7, zero, 160         : IntAlu :  D=0x00000000000000a0
 332500: system.cpu: T0 : 0x38dbc    : ecall                      : No_OpClass : 
 333000: system.cpu: T0 : 0x38dc0    : c_lui a7, 1048575          : IntAlu :  D=0xfffffffffffff000
 334000: system.cpu: T0 : 0x38dc2    : bltu a7, a0, 6             : IntAlu : 
 334500: system.cpu: T0 : 0x38dc6    : c_jr ra                    : IntAlu : 
 335000: system.cpu: T0 : 0x22c24    : addi a3, sp, 202           : IntAlu :  D=0x7ffffffffffffcda
 335500: system.cpu: T0 : 0x22c28    : c_bnez a0, 140             : IntAlu : 
 336000: system.cpu: T0 : 0x22c2a    : c_li t1, 0                 : IntAlu :  D=0x0000000000000000
 336500: system.cpu: T0 : 0x22c2c    : c_li a0, 0                 : IntAlu :  D=0x0000000000000000
 337000: system.cpu: T0 : 0x22c2e    : c_li a7, 9                 : IntAlu :  D=0x0000000000000009
 337500: system.cpu: T0 : 0x22c30    : addi t3, zero, 46          : IntAlu :  D=0x000000000000002e
 338000: system.cpu: T0 : 0x22c34    : c_li t4, 3                 : IntAlu :  D=0x0000000000000003
 339000: system.cpu: T0 : 0x22c36    : lbu a5, 0(a3)              : MemRead :  D=0x0000000000000035 A=0x7ffffffffffffcda
 340000: system.cpu: T0 : 0x22c3a    : addiw a5, a5, -48          : IntAlu :  D=0x0000000000000005
 341000: system.cpu: T0 : 0x22c3e    : andi a4, a5, 255           : IntAlu :  D=0x0000000000000005
 342000: system.cpu: T0 : 0x22c42    : bltu a7, a4, 98            : IntAlu : 
 343000: system.cpu: T0 : 0x22c46    : lbu a1, 1(a3)              : MemRead :  D=0x000000000000002e A=0x7ffffffffffffcdb
 344000: system.cpu: T0 : 0x22c4a    : addiw a4, a5, 0            : IntAlu :  D=0x0000000000000005
 344500: system.cpu: T0 : 0x22c4e    : c_addi a3, 1               : IntAlu :  D=0x7ffffffffffffcdb
 345000: system.cpu: T0 : 0x22c50    : addiw a2, a1, -48          : IntAlu :  D=0xfffffffffffffffe
 345500: system.cpu: T0 : 0x22c54    : andi a5, a2, 255           : IntAlu :  D=0x00000000000000fe
 346000: system.cpu: T0 : 0x22c58    : bltu a7, a5, 36            : IntAlu : 
 346500: system.cpu: T0 : 0x22c7c    : slliw a5, a0, 8            : IntAlu :  D=0x0000000000000000
 347000: system.cpu: T0 : 0x22c80    : c_or a5, a4                : IntAlu :  D=0x0000000000000005
 347500: system.cpu: T0 : 0x22c82    : c_addiw t1, 1              : IntAlu :  D=0x0000000000000001
 348000: system.cpu: T0 : 0x22c84    : addiw a0, a5, 0            : IntAlu :  D=0x0000000000000005
 348500: system.cpu: T0 : 0x22c88    : c_addi a3, 1               : IntAlu :  D=0x7ffffffffffffcdc
 349500: system.cpu: T0 : 0x22c8a    : bne a1, t3, 20             : IntAlu : 
 350500: system.cpu: T0 : 0x22c8e    : bne t1, t4, -88            : IntAlu : 
 351500: system.cpu: T0 : 0x22c36    : lbu a5, 0(a3)              : MemRead :  D=0x0000000000000031 A=0x7ffffffffffffcdc
 352500: system.cpu: T0 : 0x22c3a    : addiw a5, a5, -48          : IntAlu :  D=0x0000000000000001
 353500: system.cpu: T0 : 0x22c3e    : andi a4, a5, 255           : IntAlu :  D=0x0000000000000001
 354500: system.cpu: T0 : 0x22c42    : bltu a7, a4, 98            : IntAlu : 
 355500: system.cpu: T0 : 0x22c46    : lbu a1, 1(a3)              : MemRead :  D=0x000000000000002e A=0x7ffffffffffffcdd
 356500: system.cpu: T0 : 0x22c4a    : addiw a4, a5, 0            : IntAlu :  D=0x0000000000000001
 357000: system.cpu: T0 : 0x22c4e    : c_addi a3, 1               : IntAlu :  D=0x7ffffffffffffcdd
 357500: system.cpu: T0 : 0x22c50    : addiw a2, a1, -48          : IntAlu :  D=0xfffffffffffffffe
 358000: system.cpu: T0 : 0x22c54    : andi a5, a2, 255           : IntAlu :  D=0x00000000000000fe
 358500: system.cpu: T0 : 0x22c58    : bltu a7, a5, 36            : IntAlu : 
 359000: system.cpu: T0 : 0x22c7c    : slliw a5, a0, 8            : IntAlu :  D=0x0000000000000500
 359500: system.cpu: T0 : 0x22c80    : c_or a5, a4                : IntAlu :  D=0x0000000000000501
 360000: system.cpu: T0 : 0x22c82    : c_addiw t1, 1              : IntAlu :  D=0x0000000000000002
 360500: system.cpu: T0 : 0x22c84    : addiw a0, a5, 0            : IntAlu :  D=0x0000000000000501
 361000: system.cpu: T0 : 0x22c88    : c_addi a3, 1               : IntAlu :  D=0x7ffffffffffffcde
 362000: system.cpu: T0 : 0x22c8a    : bne a1, t3, 20             : IntAlu : 
 363000: system.cpu: T0 : 0x22c8e    : bne t1, t4, -88            : IntAlu : 
 364000: system.cpu: T0 : 0x22c36    : lbu a5, 0(a3)              : MemRead :  D=0x0000000000000030 A=0x7ffffffffffffcde
 365000: system.cpu: T0 : 0x22c3a    : addiw a5, a5, -48          : IntAlu :  D=0x0000000000000000
 366000: system.cpu: T0 : 0x22c3e    : andi a4, a5, 255           : IntAlu :  D=0x0000000000000000
 367000: system.cpu: T0 : 0x22c42    : bltu a7, a4, 98            : IntAlu : 
 368000: system.cpu: T0 : 0x22c46    : lbu a1, 1(a3)              : MemRead :  D=0x0000000000000000 A=0x7ffffffffffffcdf
 369000: system.cpu: T0 : 0x22c4a    : addiw a4, a5, 0            : IntAlu :  D=0x0000000000000000
 369500: system.cpu: T0 : 0x22c4e    : c_addi a3, 1               : IntAlu :  D=0x7ffffffffffffcdf
 370000: system.cpu: T0 : 0x22c50    : addiw a2, a1, -48          : IntAlu :  D=0xffffffffffffffd0
 370500: system.cpu: T0 : 0x22c54    : andi a5, a2, 255           : IntAlu :  D=0x00000000000000d0
 371000: system.cpu: T0 : 0x22c58    : bltu a7, a5, 36            : IntAlu : 
 371500: system.cpu: T0 : 0x22c7c    : slliw a5, a0, 8            : IntAlu :  D=0x0000000000050100
 372000: system.cpu: T0 : 0x22c80    : c_or a5, a4                : IntAlu :  D=0x0000000000050100
 372500: system.cpu: T0 : 0x22c82    : c_addiw t1, 1              : IntAlu :  D=0x0000000000000003
 373000: system.cpu: T0 : 0x22c84    : addiw a0, a5, 0            : IntAlu :  D=0x0000000000050100
 373500: system.cpu: T0 : 0x22c88    : c_addi a3, 1               : IntAlu :  D=0x7ffffffffffffce0
 374500: system.cpu: T0 : 0x22c8a    : bne a1, t3, 20             : IntAlu : 
 375000: system.cpu: T0 : 0x22c9e    : c_li a5, 3                 : IntAlu :  D=0x0000000000000003
 375500: system.cpu: T0 : 0x22ca0    : beq t1, a5, -14            : IntAlu : 
 376000: system.cpu: T0 : 0x22c92    : c_addiw a0, 0              : IntAlu :  D=0x0000000000050100
 376500: system.cpu: T0 : 0x22c94    : c_ldsp ra, 488(sp)         : MemRead :  D=0x0000000000010652 A=0x7ffffffffffffdf8
 377000: system.cpu: T0 : 0x22c96    : c_ldsp s0, 480(sp)         : MemRead :  D=0x000000000001093a A=0x7ffffffffffffdf0
 377500: system.cpu: T0 : 0x22c98    : c_ldsp s1, 472(sp)         : MemRead :  D=0x00000000000109ca A=0x7ffffffffffffde8
 378000: system.cpu: T0 : 0x22c9a    : c_addi16sp sp, 496         : IntAlu :  D=0x7ffffffffffffe00
 378500: system.cpu: T0 : 0x22c9c    : c_jr ra                    : IntAlu : 
 379000: system.cpu: T0 : 0x10652    : c_mv a5, a0                : IntAlu :  D=0x0000000000050100
 379500: system.cpu: T0 : 0x10654    : blt a0, zero, 104          : IntAlu : 
 380000: system.cpu: T0 : 0x10658    : lui a4, 114                : IntAlu :  D=0x0000000000072000
 380500: system.cpu: T0 : 0x1065c    : lw a3, -376(a4)            : MemRead :  D=0x0000000000000000 A=0x71e88
 381000: system.cpu: T0 : 0x10660    : addiw a4, a0, 0            : IntAlu :  D=0x0000000000050100
 381500: system.cpu: T0 : 0x10664    : c_bnez a3, 82              : IntAlu : 
 382500: system.cpu: T0 : 0x10666    : lui a3, 114                : IntAlu :  D=0x0000000000072000
 383500: system.cpu: T0 : 0x1066a    : sw a4, -376(a3)            : MemWrite :  D=0x0000000000050100 A=0x71e88
 384500: system.cpu: T0 : 0x1066e    : lui a4, 65                 : IntAlu :  D=0x0000000000041000
 385500: system.cpu: T0 : 0x10672    : addi a4, a4, -257          : IntAlu :  D=0x0000000000040eff
 386500: system.cpu: T0 : 0x10676    : blt a4, a5, -322           : IntAlu : 
 387000: system.cpu: T0 : 0x10534    : addi a5, zero, 0           : IntAlu :  D=0x0000000000000000
 387500: system.cpu: T0 : 0x10538    : c_beqz a5, 10              : IntAlu : 
 388500: system.cpu: T0 : 0x10542    : lui a5, 111                : IntAlu :  D=0x000000000006f000
 389500: system.cpu: T0 : 0x10546    : ld a5, -128(a5)            : MemRead :  D=0x7fffffffffffffe0 A=0x6ef80
 390500: system.cpu: T0 : 0x1054a    : lbu a4, 14(a5)             : MemRead :  D=0x0000000000000000 A=0x7fffffffffffffee
 391500: system.cpu: T0 : 0x1054e    : lbu a7, 8(a5)              : MemRead :  D=0x000000000000002e A=0x7fffffffffffffe8
 392500: system.cpu: T0 : 0x10552    : lbu a6, 9(a5)              : MemRead :  D=0x000000000000002f A=0x7fffffffffffffe9
 393500: system.cpu: T0 : 0x10556    : lbu a0, 10(a5)             : MemRead :  D=0x0000000000000074 A=0x7fffffffffffffea
 394500: system.cpu: T0 : 0x1055a    : lbu a1, 11(a5)             : MemRead :  D=0x0000000000000030 A=0x7fffffffffffffeb
 395500: system.cpu: T0 : 0x1055e    : lbu a2, 12(a5)             : MemRead :  D=0x0000000000000030 A=0x7fffffffffffffec
 396500: system.cpu: T0 : 0x10562    : lbu a3, 13(a5)             : MemRead :  D=0x0000000000000032 A=0x7fffffffffffffed
 397500: system.cpu: T0 : 0x10566    : lbu a5, 15(a5)             : MemRead :  D=0x00000000000000c9 A=0x7fffffffffffffef
 398500: system.cpu: T0 : 0x1056a    : sb a7, 40(sp)              : MemWrite :  D=0x000000000000002e A=0x7ffffffffffffe28
 399500: system.cpu: T0 : 0x1056e    : sb a6, 41(sp)              : MemWrite :  D=0x000000000000002f A=0x7ffffffffffffe29
 400500: system.cpu: T0 : 0x10572    : sb a5, 47(sp)              : MemWrite :  D=0x00000000000000c9 A=0x7ffffffffffffe2f
 401500: system.cpu: T0 : 0x10576    : sb a0, 42(sp)              : MemWrite :  D=0x0000000000000074 A=0x7ffffffffffffe2a
 402500: system.cpu: T0 : 0x1057a    : sb a1, 43(sp)              : MemWrite :  D=0x0000000000000030 A=0x7ffffffffffffe2b
 403500: system.cpu: T0 : 0x1057e    : sb a2, 44(sp)              : MemWrite :  D=0x0000000000000030 A=0x7ffffffffffffe2c
 404500: system.cpu: T0 : 0x10582    : sb a3, 45(sp)              : MemWrite :  D=0x0000000000000032 A=0x7ffffffffffffe2d
 405500: system.cpu: T0 : 0x10586    : sb a4, 46(sp)              : MemWrite :  D=0x0000000000000000 A=0x7ffffffffffffe2e
 406000: system.cpu: T0 : 0x1058a    : c_ldsp a4, 40(sp)          : MemRead :  D=0xc900323030742f2e A=0x7ffffffffffffe28
 406500: system.cpu: T0 : 0x1058c    : lui a5, 111                : IntAlu :  D=0x000000000006f000
 407000: system.cpu: T0 : 0x10590    : sd a4, -1256(a5)           : MemWrite :  D=0xc900323030742f2e A=0x6eb18
 407500: system.cpu: T0 : 0x10594    : beq s2, zero, 14           : IntAlu : 
 408500: system.cpu: T0 : 0x105a2    : ld a2, -1360(gp)           : MemRead :  D=0x7fffffffffffff58 A=0x70ad8
 409000: system.cpu: T0 : 0x105a6    : c_ldsp a1, 16(sp)          : MemRead :  D=0x7fffffffffffff48 A=0x7ffffffffffffe10
 409500: system.cpu: T0 : 0x105a8    : c_ldsp a0, 8(sp)           : MemRead :  D=0x0000000000000001 A=0x7ffffffffffffe08
 410500: system.cpu: T0 : 0x105aa    : jal ra, 75612              : IntAlu :  D=0x00000000000105ae
 411000: system.cpu: T0 : 0x22d06    : c_addi sp, -32             : IntAlu :  D=0x7ffffffffffffde0
 411500: system.cpu: T0 : 0x22d08    : c_sdsp s0, 16(sp)          : MemWrite :  D=0x000000000001093a A=0x7ffffffffffffdf0
 412000: system.cpu: T0 : 0x22d0a    : c_sdsp s1, 8(sp)           : MemWrite :  D=0x00000000000109ca A=0x7ffffffffffffde8
 412500: system.cpu: T0 : 0x22d0c    : c_sdsp s2, 0(sp)           : MemWrite :  D=0x0000000000000000 A=0x7ffffffffffffde0
 413000: system.cpu: T0 : 0x22d0e    : c_sdsp ra, 24(sp)          : MemWrite :  D=0x00000000000105ae A=0x7ffffffffffffdf8
 413500: system.cpu: T0 : 0x22d10    : addi a4, zero, 0           : IntAlu :  D=0x0000000000000000
 414000: system.cpu: T0 : 0x22d14    : c_mv s0, a0                : IntAlu :  D=0x0000000000000001
 414500: system.cpu: T0 : 0x22d16    : c_mv s1, a1                : IntAlu :  D=0x7fffffffffffff48
 415000: system.cpu: T0 : 0x22d18    : c_mv s2, a2                : IntAlu :  D=0x7fffffffffffff58
 415500: system.cpu: T0 : 0x22d1a    : c_beqz a4, 62              : IntAlu : 
 416000: system.cpu: T0 : 0x22d58    : lw a0, -1248(gp)           : MemRead :  D=0x0000000000000000 A=0x70b48
 416500: system.cpu: T0 : 0x22d5c    : lw a5, -1344(gp)           : MemRead :  D=0x0000000000000000 A=0x70ae8
 417000: system.cpu: T0 : 0x22d60    : sw zero, -1728(gp)         : MemWrite :  D=0x0000000000000000 A=0x70968
 417500: system.cpu: T0 : 0x22d64    : beq a5, a0, -60            : IntAlu : 
 418000: system.cpu: T0 : 0x22d28    : lui a5, 114                : IntAlu :  D=0x0000000000072000
 418500: system.cpu: T0 : 0x22d2c    : sw s0, -352(a5)            : MemWrite :  D=0x0000000000000001 A=0x71ea0
 419000: system.cpu: T0 : 0x22d30    : lui a5, 114                : IntAlu :  D=0x0000000000072000
 419500: system.cpu: T0 : 0x22d34    : sd s1, -344(a5)            : MemWrite :  D=0x7fffffffffffff48 A=0x71ea8
 420000: system.cpu: T0 : 0x22d38    : sd s2, -1360(gp)           : MemWrite :  D=0x7fffffffffffff58 A=0x70ad8
 420500: system.cpu: T0 : 0x22d3c    : jal ra, -2314              : IntAlu :  D=0x0000000000022d40
 421000: system.cpu: T0 : 0x22432    : c_addi16sp sp, -160        : IntAlu :  D=0x7ffffffffffffd40
 421500: system.cpu: T0 : 0x22434    : c_sdsp ra, 152(sp)         : MemWrite :  D=0x0000000000022d40 A=0x7ffffffffffffdd8
 422000: system.cpu: T0 : 0x22436    : c_sdsp s1, 136(sp)         : MemWrite :  D=0x7fffffffffffff48 A=0x7ffffffffffffdc8
 422500: system.cpu: T0 : 0x22438    : c_sdsp s2, 128(sp)         : MemWrite :  D=0x7fffffffffffff58 A=0x7ffffffffffffdc0
 423000: system.cpu: T0 : 0x2243a    : c_sdsp s3, 120(sp)         : MemWrite :  D=0x0000000000000000 A=0x7ffffffffffffdb8
 423500: system.cpu: T0 : 0x2243c    : c_sdsp s4, 112(sp)         : MemWrite :  D=0x0000000000000000 A=0x7ffffffffffffdb0
 424000: system.cpu: T0 : 0x2243e    : c_sdsp s0, 144(sp)         : MemWrite :  D=0x0000000000000001 A=0x7ffffffffffffdd0
 424500: system.cpu: T0 : 0x22440    : c_sdsp s5, 104(sp)         : MemWrite :  D=0x0000000000000000 A=0x7ffffffffffffda8
 425000: system.cpu: T0 : 0x22442    : c_sdsp s6, 96(sp)          : MemWrite :  D=0x0000000000000000 A=0x7ffffffffffffda0
 425500: system.cpu: T0 : 0x22444    : c_sdsp s7, 88(sp)          : MemWrite :  D=0x0000000000000000 A=0x7ffffffffffffd98
 426000: system.cpu: T0 : 0x22446    : c_sdsp s8, 80(sp)          : MemWrite :  D=0x0000000000000000 A=0x7ffffffffffffd90
 426500: system.cpu: T0 : 0x22448    : c_sdsp s9, 72(sp)          : MemWrite :  D=0x0000000000000000 A=0x7ffffffffffffd88
 427000: system.cpu: T0 : 0x2244a    : c_sdsp s10, 64(sp)         : MemWrite :  D=0x0000000000000000 A=0x7ffffffffffffd80
 427500: system.cpu: T0 : 0x2244c    : lui s2, 114                : IntAlu :  D=0x0000000000072000
 428000: system.cpu: T0 : 0x22450    : jal ra, 116914             : IntAlu :  D=0x0000000000022454
 428500: system.cpu: T0 : 0x3ed02    : c_lui t1, 1048575          : IntAlu :  D=0xfffffffffffff000
 429000: system.cpu: T0 : 0x3ed04    : c_addi16sp sp, -48         : IntAlu :  D=0x7ffffffffffffd10
 429500: system.cpu: T0 : 0x3ed06    : c_addi t1, 16              : IntAlu :  D=0xfffffffffffff010
 430000: system.cpu: T0 : 0x3ed08    : c_sdsp ra, 40(sp)          : MemWrite :  D=0x0000000000022454 A=0x7ffffffffffffd38
 430500: system.cpu: T0 : 0x3ed0a    : c_sdsp s0, 32(sp)          : MemWrite :  D=0x0000000000000001 A=0x7ffffffffffffd30
 431000: system.cpu: T0 : 0x3ed0c    : c_sdsp s1, 24(sp)          : MemWrite :  D=0x7fffffffffffff48 A=0x7ffffffffffffd28
 431500: system.cpu: T0 : 0x3ed0e    : c_sdsp s2, 16(sp)          : MemWrite :  D=0x0000000000072000 A=0x7ffffffffffffd20
 432000: system.cpu: T0 : 0x3ed10    : lui a1, 98                 : IntAlu :  D=0x0000000000062000
 432500: system.cpu: T0 : 0x3ed14    : c_add sp, t1               : IntAlu :  D=0x7fffffffffffed20
 433000: system.cpu: T0 : 0x3ed16    : c_lui a5, 1048575          : IntAlu :  D=0xfffffffffffff000
 433500: system.cpu: T0 : 0x3ed18    : addi a7, zero, 78          : IntAlu :  D=0x000000000000004e
 434000: system.cpu: T0 : 0x3ed1c    : addi a0, zero, -100        : IntAlu :  D=0xffffffffffffff9c
 434500: system.cpu: T0 : 0x3ed20    : addi a1, a1, 256           : IntAlu :  D=0x0000000000062100
 435000: system.cpu: T0 : 0x3ed24    : c_mv a2, sp                : IntAlu :  D=0x7fffffffffffed20
 435500: system.cpu: T0 : 0x3ed26    : c_lui a3, 1                : IntAlu :  D=0x0000000000001000
 436000: system.cpu: T0 : 0x3ed28    : ecall                      : No_OpClass : 
 436500: system.cpu: T0 : 0x3ed2c    : c_addiw a0, 0              : IntAlu :  D=0xfffffffffffffffe
 437500: system.cpu: T0 : 0x3ed2e    : bltu a5, a0, 84            : IntAlu : 
 438500: system.cpu: T0 : 0x3ed82    : lui a5, 114                : IntAlu :  D=0x0000000000072000
 439500: system.cpu: T0 : 0x3ed86    : ld s1, -448(a5)            : MemRead :  D=0x0000000000000000 A=0x71e40
 440000: system.cpu: T0 : 0x3ed8a    : c_beqz s1, 62              : IntAlu : 
 440500: system.cpu: T0 : 0x3edc8    : c_li s0, -1                : IntAlu :  D=0xffffffffffffffff
 441000: system.cpu: T0 : 0x3edca    : c_lui t1, 1                : IntAlu :  D=0x0000000000001000
 441500: system.cpu: T0 : 0x3edcc    : c_addi t1, -16             : IntAlu :  D=0x0000000000000ff0
 442000: system.cpu: T0 : 0x3edce    : c_add sp, t1               : IntAlu :  D=0x7ffffffffffffd10
 442500: system.cpu: T0 : 0x3edd0    : c_ldsp ra, 40(sp)          : MemRead :  D=0x0000000000022454 A=0x7ffffffffffffd38
 443000: system.cpu: T0 : 0x3edd2    : c_mv a0, s0                : IntAlu :  D=0xffffffffffffffff
 443500: system.cpu: T0 : 0x3edd4    : c_ldsp s1, 24(sp)          : MemRead :  D=0x7fffffffffffff48 A=0x7ffffffffffffd28
 444000: system.cpu: T0 : 0x3edd6    : c_ldsp s0, 32(sp)          : MemRead :  D=0x0000000000000001 A=0x7ffffffffffffd30
 444500: system.cpu: T0 : 0x3edd8    : c_ldsp s2, 16(sp)          : MemRead :  D=0x0000000000072000 A=0x7ffffffffffffd20
 445000: system.cpu: T0 : 0x3edda    : c_addi16sp sp, 48          : IntAlu :  D=0x7ffffffffffffd40
 445500: system.cpu: T0 : 0x3eddc    : c_jr ra                    : IntAlu : 
 446000: system.cpu: T0 : 0x22454    : lui s3, 114                : IntAlu :  D=0x0000000000072000
 446500: system.cpu: T0 : 0x22458    : ld a5, -408(s3)            : MemRead :  D=0x0000000000000006 A=0x71e68
 447000: system.cpu: T0 : 0x2245c    : ld a4, -464(s2)            : MemRead :  D=0x0000000000010040 A=0x71e30
 447500: system.cpu: T0 : 0x22460    : c_mv a3, a0                : IntAlu :  D=0xffffffffffffffff
 448500: system.cpu: T0 : 0x22462    : lui s4, 112                : IntAlu :  D=0x0000000000070000
 449500: system.cpu: T0 : 0x22466    : lui a0, 80                 : IntAlu :  D=0x0000000000050000
 450500: system.cpu: T0 : 0x2246a    : addi s1, s4, -416          : IntAlu :  D=0x000000000006fe60
 451500: system.cpu: T0 : 0x2246e    : addi a0, a0, -864          : IntAlu :  D=0x000000000004fca0
 452500: system.cpu: T0 : 0x22472    : sh a5, 696(s1)             : MemWrite :  D=0x0000000000000006 A=0x70118
 453500: system.cpu: T0 : 0x22476    : sd a3, 840(s1)             : MemWrite :  D=0xffffffffffffffff A=0x701a8
 454500: system.cpu: T0 : 0x2247a    : sd a4, 680(s1)             : MemWrite :  D=0x0000000000010040 A=0x70108
 455500: system.cpu: T0 : 0x2247e    : jal ra, -56890             : IntAlu :  D=0x0000000000022482
 456000: system.cpu: T0 : 0x14644    : c_addi16sp sp, -64         : IntAlu :  D=0x7ffffffffffffd00
 456500: system.cpu: T0 : 0x14646    : c_sdsp s1, 40(sp)          : MemWrite :  D=0x000000000006fe60 A=0x7ffffffffffffd28
 457000: system.cpu: T0 : 0x14648    : ld s1, -1360(gp)           : MemRead :  D=0x7fffffffffffff58 A=0x70ad8
 457500: system.cpu: T0 : 0x1464c    : c_sdsp ra, 56(sp)          : MemWrite :  D=0x0000000000022482 A=0x7ffffffffffffd38
 458000: system.cpu: T0 : 0x1464e    : c_sdsp s0, 48(sp)          : MemWrite :  D=0x0000000000000001 A=0x7ffffffffffffd30
 458500: system.cpu: T0 : 0x14650    : c_sdsp s2, 32(sp)          : MemWrite :  D=0x0000000000072000 A=0x7ffffffffffffd20
 459000: system.cpu: T0 : 0x14652    : c_sdsp s3, 24(sp)          : MemWrite :  D=0x0000000000072000 A=0x7ffffffffffffd18
 459500: system.cpu: T0 : 0x14654    : c_sdsp s4, 16(sp)          : MemWrite :  D=0x0000000000070000 A=0x7ffffffffffffd10
 460000: system.cpu: T0 : 0x14656    : c_sdsp s5, 8(sp)           : MemWrite :  D=0x0000000000000000 A=0x7ffffffffffffd08
 460500: system.cpu: T0 : 0x14658    : c_sdsp s6, 0(sp)           : MemWrite :  D=0x0000000000000000 A=0x7ffffffffffffd00
 461000: system.cpu: T0 : 0x1465a    : c_beqz s1, 210             : IntAlu : 
 461500: system.cpu: T0 : 0x1465c    : lbu a5, 0(a0)              : MemRead :  D=0x000000000000004c A=0x4fca0
 462000: system.cpu: T0 : 0x14660    : c_mv s4, a0                : IntAlu :  D=0x000000000004fca0
 462500: system.cpu: T0 : 0x14662    : c_beqz a5, 202             : IntAlu : 
 463000: system.cpu: T0 : 0x14664    : lbu s5, 1(a0)              : MemRead :  D=0x0000000000000044 A=0x4fca1
 463500: system.cpu: T0 : 0x14668    : slliw s2, a5, 16           : IntAlu :  D=0x00000000004c0000
 464000: system.cpu: T0 : 0x1466c    : c_ld s0, 0(s1)             : MemRead :  D=0x0000000000000000 A=0x7fffffffffffff58
 465000: system.cpu: T0 : 0x1466e    : sraiw s2, s2, 16           : IntAlu :  D=0x000000000000004c
 466000: system.cpu: T0 : 0x14672    : bne s5, zero, 86           : IntAlu : 
 466500: system.cpu: T0 : 0x146c8    : jal ra, 42488              : IntAlu :  D=0x00000000000146cc
 467000: system.cpu: T0 : 0x1ecc0    : andi a5, a0, 7             : IntAlu :  D=0x0000000000000000
 467500: system.cpu: T0 : 0x1ecc4    : c_beqz a5, 26              : IntAlu : 
 468000: system.cpu: T0 : 0x1ecde    : c_mv a5, a0                : IntAlu :  D=0x000000000004fca0
 468500: system.cpu: T0 : 0x1ece0    : ld a6, -2024(gp)           : MemRead :  D=0xfefefefefefefeff A=0x70840
 469000: system.cpu: T0 : 0x1ece4    : ld a1, -2016(gp)           : MemRead :  D=0x8080808080808080 A=0x70848
 469500: system.cpu: T0 : 0x1ece8    : c_ld a2, 0(a5)             : MemRead :  D=0x004e5241575f444c A=0x4fca0
 470500: system.cpu: T0 : 0x1ecea    : addi a3, a5, 8             : IntAlu :  D=0x000000000004fca8
 471500: system.cpu: T0 : 0x1ecee    : add a4, a2, a6             : IntAlu :  D=0xff4d5140565e434b
 472500: system.cpu: T0 : 0x1ecf2    : xori a2, a2, 18446744073709551615 : IntAlu :  D=0xffb1adbea8a0bbb3
 473000: system.cpu: T0 : 0x1ecf6    : c_and a4, a2               : IntAlu :  D=0xff01010000000303
 473500: system.cpu: T0 : 0x1ecf8    : c_and a4, a1               : IntAlu :  D=0x8000000000000000
 474000: system.cpu: T0 : 0x1ecfa    : c_beqz a4, 50              : IntAlu : 
 474500: system.cpu: T0 : 0x1ecfc    : lbu a4, -8(a3)             : MemRead :  D=0x000000000000004c A=0x4fca0
 475000: system.cpu: T0 : 0x1ed00    : c_beqz a4, -40             : IntAlu : 
 476000: system.cpu: T0 : 0x1ed02    : lbu a4, -7(a3)             : MemRead :  D=0x0000000000000044 A=0x4fca1
 476500: system.cpu: T0 : 0x1ed06    : c_beqz a4, 50              : IntAlu : 
 477000: system.cpu: T0 : 0x1ed08    : lbu a4, -6(a3)             : MemRead :  D=0x000000000000005f A=0x4fca2
 477500: system.cpu: T0 : 0x1ed0c    : c_beqz a4, 52              : IntAlu : 
 478500: system.cpu: T0 : 0x1ed0e    : lbu a4, -5(a3)             : MemRead :  D=0x0000000000000057 A=0x4fca3
 479000: system.cpu: T0 : 0x1ed12    : c_beqz a4, 54              : IntAlu : 
 479500: system.cpu: T0 : 0x1ed14    : lbu a4, -4(a3)             : MemRead :  D=0x0000000000000041 A=0x4fca4
 480000: system.cpu: T0 : 0x1ed18    : c_beqz a4, 56              : IntAlu : 
 481000: system.cpu: T0 : 0x1ed1a    : lbu a4, -3(a3)             : MemRead :  D=0x0000000000000052 A=0x4fca5
 481500: system.cpu: T0 : 0x1ed1e    : c_beqz a4, 58              : IntAlu : 
 482000: system.cpu: T0 : 0x1ed20    : lbu a4, -2(a3)             : MemRead :  D=0x000000000000004e A=0x4fca6
 482500: system.cpu: T0 : 0x1ed24    : c_beqz a4, 60              : IntAlu : 
 483500: system.cpu: T0 : 0x1ed26    : lbu a4, -1(a3)             : MemRead :  D=0x0000000000000000 A=0x4fca7
 484000: system.cpu: T0 : 0x1ed2a    : c_beqz a4, 6               : IntAlu : 
 484500: system.cpu: T0 : 0x1ed30    : c_sub a5, a0               : IntAlu :  D=0x0000000000000000
 485500: system.cpu: T0 : 0x1ed32    : addi a0, a5, 7             : IntAlu :  D=0x0000000000000007
 486000: system.cpu: T0 : 0x1ed36    : c_jr ra                    : IntAlu : 
 486500: system.cpu: T0 : 0x146cc    : slli a5, s5, 8             : IntAlu :  D=0x0000000000004400
 487000: system.cpu: T0 : 0x146d0    : or a5, s2, a5              : IntAlu :  D=0x000000000000444c
 487500: system.cpu: T0 : 0x146d4    : slliw s2, a5, 16           : IntAlu :  D=0x00000000444c0000
 488000: system.cpu: T0 : 0x146d8    : c_mv s3, a0                : IntAlu :  D=0x0000000000000007
 489000: system.cpu: T0 : 0x146da    : sraiw s2, s2, 16           : IntAlu :  D=0x000000000000444c
 490000: system.cpu: T0 : 0x146de    : addi s5, a0, -2            : IntAlu :  D=0x0000000000000005
 490500: system.cpu: T0 : 0x146e2    : c_addi s4, 2               : IntAlu :  D=0x000000000004fca2
 491000: system.cpu: T0 : 0x146e4    : c_beqz s0, -50             : IntAlu : 
 491500: system.cpu: T0 : 0x146b2    : c_ldsp ra, 56(sp)          : MemRead :  D=0x0000000000022482 A=0x7ffffffffffffd38
 492000: system.cpu: T0 : 0x146b4    : c_mv a0, s0                : IntAlu :  D=0x0000000000000000
 492500: system.cpu: T0 : 0x146b6    : c_ldsp s0, 48(sp)          : MemRead :  D=0x0000000000000001 A=0x7ffffffffffffd30
 493000: system.cpu: T0 : 0x146b8    : c_ldsp s1, 40(sp)          : MemRead :  D=0x000000000006fe60 A=0x7ffffffffffffd28
 493500: system.cpu: T0 : 0x146ba    : c_ldsp s2, 32(sp)          : MemRead :  D=0x0000000000072000 A=0x7ffffffffffffd20
 494000: system.cpu: T0 : 0x146bc    : c_ldsp s3, 24(sp)          : MemRead :  D=0x0000000000072000 A=0x7ffffffffffffd18
 494500: system.cpu: T0 : 0x146be    : c_ldsp s4, 16(sp)          : MemRead :  D=0x0000000000070000 A=0x7ffffffffffffd10
 495000: system.cpu: T0 : 0x146c0    : c_ldsp s5, 8(sp)           : MemRead :  D=0x0000000000000000 A=0x7ffffffffffffd08
 495500: system.cpu: T0 : 0x146c2    : c_ldsp s6, 0(sp)           : MemRead :  D=0x0000000000000000 A=0x7ffffffffffffd00
 496000: system.cpu: T0 : 0x146c4    : c_addi16sp sp, 64          : IntAlu :  D=0x7ffffffffffffd40
 496500: system.cpu: T0 : 0x146c6    : c_jr ra                    : IntAlu : 
 497000: system.cpu: T0 : 0x22482    : c_li a5, 0                 : IntAlu :  D=0x0000000000000000
 497500: system.cpu: T0 : 0x22484    : c_beqz a0, 10              : IntAlu : 
 498500: system.cpu: T0 : 0x2248e    : lui s5, 114                : IntAlu :  D=0x0000000000072000
 499500: system.cpu: T0 : 0x22492    : ld a4, -432(s5)            : MemRead :  D=0x0000000000000000 A=0x71e50
 500500: system.cpu: T0 : 0x22496    : lui a3, 114                : IntAlu :  D=0x0000000000072000
 501500: system.cpu: T0 : 0x2249a    : sw a5, -416(a3)            : MemWrite :  D=0x0000000000000000 A=0x71e60
 502500: system.cpu: T0 : 0x2249e    : beq a4, zero, 1518         : IntAlu : 
 503000: system.cpu: T0 : 0x22a8c    : lui s6, 114                : IntAlu :  D=0x0000000000072000
 503500: system.cpu: T0 : 0x22a90    : ld s0, -480(s6)            : MemRead :  D=0x0000000000000000 A=0x71e20
 504000: system.cpu: T0 : 0x22a94    : bne s0, zero, -1062        : IntAlu : 
 504500: system.cpu: T0 : 0x22a98    : lui s0, 111                : IntAlu :  D=0x000000000006f000
 505000: system.cpu: T0 : 0x22a9c    : addi s0, s0, -128          : IntAlu :  D=0x000000000006ef80
 505500: system.cpu: T0 : 0x22aa0    : sd zero, 8(s0)             : MemWrite :  D=0x0000000000000000 A=0x6ef88
 506000: system.cpu: T0 : 0x22aa4    : sd zero, 16(s0)            : MemWrite :  D=0x0000000000000000 A=0x6ef90
 506500: system.cpu: T0 : 0x22aa8    : sd zero, 24(s0)            : MemWrite :  D=0x0000000000000000 A=0x6ef98
 507000: system.cpu: T0 : 0x22aac    : c_li a5, 0                 : IntAlu :  D=0x0000000000000000
 507500: system.cpu: T0 : 0x22aae    : c_j -678                   : IntAlu : 
 508000: system.cpu: T0 : 0x22808    : lui a0, 80                 : IntAlu :  D=0x0000000000050000
 508500: system.cpu: T0 : 0x2280c    : addi a0, a0, -512          : IntAlu :  D=0x000000000004fe00
 509000: system.cpu: T0 : 0x22810    : c_sd a5, 32(s0)            : MemWrite :  D=0x0000000000000000 A=0x6efa0
 510000: system.cpu: T0 : 0x22812    : jal ra, -57806             : IntAlu :  D=0x0000000000022816
 510500: system.cpu: T0 : 0x14644    : c_addi16sp sp, -64         : IntAlu :  D=0x7ffffffffffffd00
 511000: system.cpu: T0 : 0x14646    : c_sdsp s1, 40(sp)          : MemWrite :  D=0x000000000006fe60 A=0x7ffffffffffffd28
 511500: system.cpu: T0 : 0x14648    : ld s1, -1360(gp)           : MemRead :  D=0x7fffffffffffff58 A=0x70ad8
 512000: system.cpu: T0 : 0x1464c    : c_sdsp ra, 56(sp)          : MemWrite :  D=0x0000000000022816 A=0x7ffffffffffffd38
 512500: system.cpu: T0 : 0x1464e    : c_sdsp s0, 48(sp)          : MemWrite :  D=0x000000000006ef80 A=0x7ffffffffffffd30
 513000: system.cpu: T0 : 0x14650    : c_sdsp s2, 32(sp)          : MemWrite :  D=0x0000000000072000 A=0x7ffffffffffffd20
 513500: system.cpu: T0 : 0x14652    : c_sdsp s3, 24(sp)          : MemWrite :  D=0x0000000000072000 A=0x7ffffffffffffd18
 514000: system.cpu: T0 : 0x14654    : c_sdsp s4, 16(sp)          : MemWrite :  D=0x0000000000070000 A=0x7ffffffffffffd10
 514500: system.cpu: T0 : 0x14656    : c_sdsp s5, 8(sp)           : MemWrite :  D=0x0000000000072000 A=0x7ffffffffffffd08
 515000: system.cpu: T0 : 0x14658    : c_sdsp s6, 0(sp)           : MemWrite :  D=0x0000000000072000 A=0x7ffffffffffffd00
 515500: system.cpu: T0 : 0x1465a    : c_beqz s1, 210             : IntAlu : 
 516000: system.cpu: T0 : 0x1465c    : lbu a5, 0(a0)              : MemRead :  D=0x000000000000004c A=0x4fe00
 516500: system.cpu: T0 : 0x14660    : c_mv s4, a0                : IntAlu :  D=0x000000000004fe00
 517000: system.cpu: T0 : 0x14662    : c_beqz a5, 202             : IntAlu : 
 517500: system.cpu: T0 : 0x14664    : lbu s5, 1(a0)              : MemRead :  D=0x0000000000000044 A=0x4fe01
 518000: system.cpu: T0 : 0x14668    : slliw s2, a5, 16           : IntAlu :  D=0x00000000004c0000
 518500: system.cpu: T0 : 0x1466c    : c_ld s0, 0(s1)             : MemRead :  D=0x0000000000000000 A=0x7fffffffffffff58
 519500: system.cpu: T0 : 0x1466e    : sraiw s2, s2, 16           : IntAlu :  D=0x000000000000004c
 520500: system.cpu: T0 : 0x14672    : bne s5, zero, 86           : IntAlu : 
 521000: system.cpu: T0 : 0x146c8    : jal ra, 42488              : IntAlu :  D=0x00000000000146cc
 521500: system.cpu: T0 : 0x1ecc0    : andi a5, a0, 7             : IntAlu :  D=0x0000000000000000
 522000: system.cpu: T0 : 0x1ecc4    : c_beqz a5, 26              : IntAlu : 
 522500: system.cpu: T0 : 0x1ecde    : c_mv a5, a0                : IntAlu :  D=0x000000000004fe00
 523000: system.cpu: T0 : 0x1ece0    : ld a6, -2024(gp)           : MemRead :  D=0xfefefefefefefeff A=0x70840
 523500: system.cpu: T0 : 0x1ece4    : ld a1, -2016(gp)           : MemRead :  D=0x8080808080808080 A=0x70848
 524000: system.cpu: T0 : 0x1ece8    : c_ld a2, 0(a5)             : MemRead :  D=0x415242494c5f444c A=0x4fe00
 525000: system.cpu: T0 : 0x1ecea    : addi a3, a5, 8             : IntAlu :  D=0x000000000004fe08
 526000: system.cpu: T0 : 0x1ecee    : add a4, a2, a6             : IntAlu :  D=0x405141484b5e434b
 527000: system.cpu: T0 : 0x1ecf2    : xori a2, a2, 18446744073709551615 : IntAlu :  D=0xbeadbdb6b3a0bbb3
 527500: system.cpu: T0 : 0x1ecf6    : c_and a4, a2               : IntAlu :  D=0x0001010003000303
 528000: system.cpu: T0 : 0x1ecf8    : c_and a4, a1               : IntAlu :  D=0x0000000000000000
 528500: system.cpu: T0 : 0x1ecfa    : c_beqz a4, 50              : IntAlu : 
 529000: system.cpu: T0 : 0x1ed2c    : c_mv a5, a3                : IntAlu :  D=0x000000000004fe08
 529500: system.cpu: T0 : 0x1ed2e    : c_j -70                    : IntAlu : 
 530000: system.cpu: T0 : 0x1ece8    : c_ld a2, 0(a5)             : MemRead :  D=0x00485441505f5952 A=0x4fe08
 531000: system.cpu: T0 : 0x1ecea    : addi a3, a5, 8             : IntAlu :  D=0x000000000004fe10
 532000: system.cpu: T0 : 0x1ecee    : add a4, a2, a6             : IntAlu :  D=0xff4753404f5e5851
 533000: system.cpu: T0 : 0x1ecf2    : xori a2, a2, 18446744073709551615 : IntAlu :  D=0xffb7abbeafa0a6ad
 533500: system.cpu: T0 : 0x1ecf6    : c_and a4, a2               : IntAlu :  D=0xff0703000f000001
 534000: system.cpu: T0 : 0x1ecf8    : c_and a4, a1               : IntAlu :  D=0x8000000000000000
 534500: system.cpu: T0 : 0x1ecfa    : c_beqz a4, 50              : IntAlu : 
 535000: system.cpu: T0 : 0x1ecfc    : lbu a4, -8(a3)             : MemRead :  D=0x0000000000000052 A=0x4fe08
 535500: system.cpu: T0 : 0x1ed00    : c_beqz a4, -40             : IntAlu : 
 536500: system.cpu: T0 : 0x1ed02    : lbu a4, -7(a3)             : MemRead :  D=0x0000000000000059 A=0x4fe09
 537000: system.cpu: T0 : 0x1ed06    : c_beqz a4, 50              : IntAlu : 
 537500: system.cpu: T0 : 0x1ed08    : lbu a4, -6(a3)             : MemRead :  D=0x000000000000005f A=0x4fe0a
 538000: system.cpu: T0 : 0x1ed0c    : c_beqz a4, 52              : IntAlu : 
 539000: system.cpu: T0 : 0x1ed0e    : lbu a4, -5(a3)             : MemRead :  D=0x0000000000000050 A=0x4fe0b
 539500: system.cpu: T0 : 0x1ed12    : c_beqz a4, 54              : IntAlu : 
 540000: system.cpu: T0 : 0x1ed14    : lbu a4, -4(a3)             : MemRead :  D=0x0000000000000041 A=0x4fe0c
 540500: system.cpu: T0 : 0x1ed18    : c_beqz a4, 56              : IntAlu : 
 541500: system.cpu: T0 : 0x1ed1a    : lbu a4, -3(a3)             : MemRead :  D=0x0000000000000054 A=0x4fe0d
 542000: system.cpu: T0 : 0x1ed1e    : c_beqz a4, 58              : IntAlu : 
 542500: system.cpu: T0 : 0x1ed20    : lbu a4, -2(a3)             : MemRead :  D=0x0000000000000048 A=0x4fe0e
 543000: system.cpu: T0 : 0x1ed24    : c_beqz a4, 60              : IntAlu : 
 544000: system.cpu: T0 : 0x1ed26    : lbu a4, -1(a3)             : MemRead :  D=0x0000000000000000 A=0x4fe0f
 544500: system.cpu: T0 : 0x1ed2a    : c_beqz a4, 6               : IntAlu : 
 545000: system.cpu: T0 : 0x1ed30    : c_sub a5, a0               : IntAlu :  D=0x0000000000000008
 546000: system.cpu: T0 : 0x1ed32    : addi a0, a5, 7             : IntAlu :  D=0x000000000000000f
 546500: system.cpu: T0 : 0x1ed36    : c_jr ra                    : IntAlu : 
 547000: system.cpu: T0 : 0x146cc    : slli a5, s5, 8             : IntAlu :  D=0x0000000000004400
 547500: system.cpu: T0 : 0x146d0    : or a5, s2, a5              : IntAlu :  D=0x000000000000444c
 548000: system.cpu: T0 : 0x146d4    : slliw s2, a5, 16           : IntAlu :  D=0x00000000444c0000
 548500: system.cpu: T0 : 0x146d8    : c_mv s3, a0                : IntAlu :  D=0x000000000000000f
 549500: system.cpu: T0 : 0x146da    : sraiw s2, s2, 16           : IntAlu :  D=0x000000000000444c
 550500: system.cpu: T0 : 0x146de    : addi s5, a0, -2            : IntAlu :  D=0x000000000000000d
 551000: system.cpu: T0 : 0x146e2    : c_addi s4, 2               : IntAlu :  D=0x000000000004fe02
 551500: system.cpu: T0 : 0x146e4    : c_beqz s0, -50             : IntAlu : 
 552000: system.cpu: T0 : 0x146b2    : c_ldsp ra, 56(sp)          : MemRead :  D=0x0000000000022816 A=0x7ffffffffffffd38
 552500: system.cpu: T0 : 0x146b4    : c_mv a0, s0                : IntAlu :  D=0x0000000000000000
 553000: system.cpu: T0 : 0x146b6    : c_ldsp s0, 48(sp)          : MemRead :  D=0x000000000006ef80 A=0x7ffffffffffffd30
 553500: system.cpu: T0 : 0x146b8    : c_ldsp s1, 40(sp)          : MemRead :  D=0x000000000006fe60 A=0x7ffffffffffffd28
 554000: system.cpu: T0 : 0x146ba    : c_ldsp s2, 32(sp)          : MemRead :  D=0x0000000000072000 A=0x7ffffffffffffd20
 554500: system.cpu: T0 : 0x146bc    : c_ldsp s3, 24(sp)          : MemRead :  D=0x0000000000072000 A=0x7ffffffffffffd18
 555000: system.cpu: T0 : 0x146be    : c_ldsp s4, 16(sp)          : MemRead :  D=0x0000000000070000 A=0x7ffffffffffffd10
 555500: system.cpu: T0 : 0x146c0    : c_ldsp s5, 8(sp)           : MemRead :  D=0x0000000000072000 A=0x7ffffffffffffd08
 556000: system.cpu: T0 : 0x146c2    : c_ldsp s6, 0(sp)           : MemRead :  D=0x0000000000072000 A=0x7ffffffffffffd00
 556500: system.cpu: T0 : 0x146c4    : c_addi16sp sp, 64          : IntAlu :  D=0x7ffffffffffffd40
 557000: system.cpu: T0 : 0x146c6    : c_jr ra                    : IntAlu : 
 558000: system.cpu: T0 : 0x22816    : jal ra, 99838              : IntAlu :  D=0x000000000002281a
 558500: system.cpu: T0 : 0x3ae14    : c_addi16sp sp, -64         : IntAlu :  D=0x7ffffffffffffd00
 559000: system.cpu: T0 : 0x3ae16    : c_sdsp ra, 56(sp)          : MemWrite :  D=0x000000000002281a A=0x7ffffffffffffd38
 559500: system.cpu: T0 : 0x3ae18    : c_sdsp s0, 48(sp)          : MemWrite :  D=0x000000000006ef80 A=0x7ffffffffffffd30
 560000: system.cpu: T0 : 0x3ae1a    : c_sdsp s2, 32(sp)          : MemWrite :  D=0x0000000000072000 A=0x7ffffffffffffd20
 560500: system.cpu: T0 : 0x3ae1c    : c_sdsp s3, 24(sp)          : MemWrite :  D=0x0000000000072000 A=0x7ffffffffffffd18
 561000: system.cpu: T0 : 0x3ae1e    : c_addi4spn s0, sp, 64      : IntAlu :  D=0x7ffffffffffffd40
 561500: system.cpu: T0 : 0x3ae20    : c_sdsp s1, 40(sp)          : MemWrite :  D=0x000000000006fe60 A=0x7ffffffffffffd28
 562000: system.cpu: T0 : 0x3ae22    : c_sdsp s4, 16(sp)          : MemWrite :  D=0x0000000000070000 A=0x7ffffffffffffd10
 562500: system.cpu: T0 : 0x3ae24    : c_sdsp s5, 8(sp)           : MemWrite :  D=0x0000000000072000 A=0x7ffffffffffffd08
 563500: system.cpu: T0 : 0x3ae26    : lui a5, 114                : IntAlu :  D=0x0000000000072000
 564500: system.cpu: T0 : 0x3ae2a    : ld a1, -544(a5)            : MemRead :  D=0x0000000000000000 A=0x71de0
 565500: system.cpu: T0 : 0x3ae2e    : lui a5, 114                : IntAlu :  D=0x0000000000072000
 566000: system.cpu: T0 : 0x3ae32    : c_mv s2, a0                : IntAlu :  D=0x0000000000000000
 566500: system.cpu: T0 : 0x3ae34    : lui s3, 111                : IntAlu :  D=0x000000000006f000
 567000: system.cpu: T0 : 0x3ae38    : ld a0, -496(a5)            : MemRead :  D=0x0000000000000000 A=0x71e10
 567500: system.cpu: T0 : 0x3ae3c    : addi s3, s3, -64           : IntAlu :  D=0x000000000006efc0
 568000: system.cpu: T0 : 0x3ae40    : addi a3, s3, 8             : IntAlu :  D=0x000000000006efc8
 568500: system.cpu: T0 : 0x3ae44    : addi a2, s3, 16            : IntAlu :  D=0x000000000006efd0
 569000: system.cpu: T0 : 0x3ae48    : jal ra, 9754               : IntAlu :  D=0x000000000003ae4c
 569500: system.cpu: T0 : 0x3d462    : c_addi16sp sp, -192        : IntAlu :  D=0x7ffffffffffffc40
 570000: system.cpu: T0 : 0x3d464    : c_sdsp s0, 176(sp)         : MemWrite :  D=0x7ffffffffffffd40 A=0x7ffffffffffffcf0
 570500: system.cpu: T0 : 0x3d466    : c_sdsp s3, 152(sp)         : MemWrite :  D=0x000000000006efc0 A=0x7ffffffffffffcd8
 571000: system.cpu: T0 : 0x3d468    : c_addi4spn s0, sp, 192     : IntAlu :  D=0x7ffffffffffffd00
 571500: system.cpu: T0 : 0x3d46a    : c_sdsp s4, 144(sp)         : MemWrite :  D=0x0000000000070000 A=0x7ffffffffffffcd0
 572000: system.cpu: T0 : 0x3d46c    : c_sdsp s9, 104(sp)         : MemWrite :  D=0x0000000000000000 A=0x7ffffffffffffca8
 572500: system.cpu: T0 : 0x3d46e    : c_sdsp s11, 88(sp)         : MemWrite :  D=0x0000000000000000 A=0x7ffffffffffffc98
 573000: system.cpu: T0 : 0x3d470    : c_sdsp ra, 184(sp)         : MemWrite :  D=0x000000000003ae4c A=0x7ffffffffffffcf8
 573500: system.cpu: T0 : 0x3d472    : c_sdsp s1, 168(sp)         : MemWrite :  D=0x000000000006fe60 A=0x7ffffffffffffce8
 574000: system.cpu: T0 : 0x3d474    : c_sdsp s2, 160(sp)         : MemWrite :  D=0x0000000000000000 A=0x7ffffffffffffce0
 574500: system.cpu: T0 : 0x3d476    : c_sdsp s5, 136(sp)         : MemWrite :  D=0x0000000000072000 A=0x7ffffffffffffcc8
 575000: system.cpu: T0 : 0x3d478    : c_sdsp s6, 128(sp)         : MemWrite :  D=0x0000000000072000 A=0x7ffffffffffffcc0
 575500: system.cpu: T0 : 0x3d47a    : c_sdsp s7, 120(sp)         : MemWrite :  D=0x0000000000000000 A=0x7ffffffffffffcb8
 576000: system.cpu: T0 : 0x3d47c    : c_sdsp s8, 112(sp)         : MemWrite :  D=0x0000000000000000 A=0x7ffffffffffffcb0
 576500: system.cpu: T0 : 0x3d47e    : c_sdsp s10, 96(sp)         : MemWrite :  D=0x0000000000000000 A=0x7ffffffffffffca0
 577000: system.cpu: T0 : 0x3d480    : c_mv a5, a2                : IntAlu :  D=0x000000000006efd0
 577500: system.cpu: T0 : 0x3d482    : c_mv a4, a1                : IntAlu :  D=0x0000000000000000
 578000: system.cpu: T0 : 0x3d484    : c_mv s4, a0                : IntAlu :  D=0x0000000000000000
 578500: system.cpu: T0 : 0x3d486    : c_li a2, 0                 : IntAlu :  D=0x0000000000000000
 579000: system.cpu: T0 : 0x3d488    : addi a1, s0, -120          : IntAlu :  D=0x7ffffffffffffc88
 579500: system.cpu: T0 : 0x3d48c    : c_li a0, 8                 : IntAlu :  D=0x0000000000000008
 580500: system.cpu: T0 : 0x3d48e    : sd a5, -136(s0)            : MemWrite :  D=0x000000000006efd0 A=0x7ffffffffffffc78
 581500: system.cpu: T0 : 0x3d492    : sd a3, -160(s0)            : MemWrite :  D=0x000000000006efc8 A=0x7ffffffffffffc60
 582500: system.cpu: T0 : 0x3d496    : sd a4, -144(s0)            : MemWrite :  D=0x0000000000000000 A=0x7ffffffffffffc70
 583500: system.cpu: T0 : 0x3d49a    : jal ra, -111428            : IntAlu :  D=0x000000000003d49e
 584000: system.cpu: T0 : 0x22156    : c_slli a0, 32              : IntAlu :  D=0x0000000800000000
 584500: system.cpu: T0 : 0x22158    : c_srli a0, 32              : IntAlu :  D=0x0000000000000008
 585500: system.cpu: T0 : 0x2215a    : slli a5, a0, 3             : IntAlu :  D=0x0000000000000040
 586000: system.cpu: T0 : 0x2215e    : c_sub a5, a0               : IntAlu :  D=0x0000000000000038
 586500: system.cpu: T0 : 0x22160    : lui a4, 111                : IntAlu :  D=0x000000000006f000
 587000: system.cpu: T0 : 0x22164    : addi a4, a4, -1248         : IntAlu :  D=0x000000000006eb20
 587500: system.cpu: T0 : 0x22168    : c_slli a5, 3               : IntAlu :  D=0x00000000000001c0
 588000: system.cpu: T0 : 0x2216a    : c_add a5, a4               : IntAlu :  D=0x000000000006ece0
 588500: system.cpu: T0 : 0x2216c    : c_lw a3, 8(a5)             : MemRead :  D=0x0000000000000001 A=0x6ece8
 589000: system.cpu: T0 : 0x2216e    : c_li a6, 2                 : IntAlu :  D=0x0000000000000002
 589500: system.cpu: T0 : 0x22170    : c_ld a5, 32(a5)            : MemRead :  D=0x0000000000000000 A=0x6ed00
 590500: system.cpu: T0 : 0x22172    : bltu a6, a3, 42            : IntAlu : 
 591000: system.cpu: T0 : 0x22176    : c_bnez a3, 38              : IntAlu : 
 591500: system.cpu: T0 : 0x2219c    : c_sd a5, 0(a1)             : MemWrite :  D=0x0000000000000000 A=0x7ffffffffffffc88
 592000: system.cpu: T0 : 0x2219e    : c_j -36                    : IntAlu : 
 593000: system.cpu: T0 : 0x2217a    : slli a5, a0, 3             : IntAlu :  D=0x0000000000000040
 593500: system.cpu: T0 : 0x2217e    : c_sub a5, a0               : IntAlu :  D=0x0000000000000038
 594000: system.cpu: T0 : 0x22180    : c_slli a5, 3               : IntAlu :  D=0x00000000000001c0
 595000: system.cpu: T0 : 0x22182    : add a3, a4, a5             : IntAlu :  D=0x000000000006ece0
 596000: system.cpu: T0 : 0x22186    : lbu a3, 40(a3)             : MemRead :  D=0x0000000000000000 A=0x6ed08
 596500: system.cpu: T0 : 0x2218a    : c_beqz a3, 16              : IntAlu : 
 597000: system.cpu: T0 : 0x2219a    : c_jr ra                    : IntAlu : 
 598000: system.cpu: T0 : 0x3d49e    : ld s11, -120(s0)           : MemRead :  D=0x0000000000000000 A=0x7ffffffffffffc88
 599000: system.cpu: T0 : 0x3d4a2    : ld s9, -1328(gp)           : MemRead :  D=0x0000000000000000 A=0x70af8
 600000: system.cpu: T0 : 0x3d4a6    : sltu a3, zero, s4          : IntAlu :  D=0x0000000000000000
 601000: system.cpu: T0 : 0x3d4aa    : and s3, s9, s11            : IntAlu :  D=0x0000000000000000
 602000: system.cpu: T0 : 0x3d4ae    : beq s3, zero, 1250         : IntAlu : 
 602500: system.cpu: T0 : 0x3d990    : addi s2, a3, 1             : IntAlu :  D=0x0000000000000001
 603000: system.cpu: T0 : 0x3d994    : c_j -1210                  : IntAlu : 
 604000: system.cpu: T0 : 0x3d4da    : lui a5, 114                : IntAlu :  D=0x0000000000072000
 605000: system.cpu: T0 : 0x3d4de    : ld s5, -480(a5)            : MemRead :  D=0x0000000000000000 A=0x71e20
 606000: system.cpu: T0 : 0x3d4e2    : beq s5, zero, 444          : IntAlu : 
 607000: system.cpu: T0 : 0x3d69e    : slli a5, s2, 4             : IntAlu :  D=0x0000000000000010
 608000: system.cpu: T0 : 0x3d6a2    : sub sp, sp, a5             : IntAlu :  D=0x7ffffffffffffc30
 608500: system.cpu: T0 : 0x3d6a6    : c_mv a3, sp                : IntAlu :  D=0x7ffffffffffffc30
 609000: system.cpu: T0 : 0x3d6a8    : c_mv s1, a3                : IntAlu :  D=0x7ffffffffffffc30
 609500: system.cpu: T0 : 0x3d6aa    : c_li a1, 1                 : IntAlu :  D=0x0000000000000001
 610000: system.cpu: T0 : 0x3d6ac    : c_li s9, 0                 : IntAlu :  D=0x0000000000000000
 611000: system.cpu: T0 : 0x3d6ae    : bne s3, zero, -118         : IntAlu : 
 612000: system.cpu: T0 : 0x3d6b2    : beq s4, zero, 24           : IntAlu : 
 613000: system.cpu: T0 : 0x3d6ca    : lui a5, 98                 : IntAlu :  D=0x0000000000062000
 614000: system.cpu: T0 : 0x3d6ce    : addi a5, a5, -784          : IntAlu :  D=0x0000000000061cf0
 614500: system.cpu: T0 : 0x3d6d2    : c_sd a5, 0(a3)             : MemWrite :  D=0x0000000000061cf0 A=0x7ffffffffffffc30
 615000: system.cpu: T0 : 0x3d6d4    : c_li a5, 3                 : IntAlu :  D=0x0000000000000003
 615500: system.cpu: T0 : 0x3d6d6    : c_sd a5, 8(a3)             : MemWrite :  D=0x0000000000000003 A=0x7ffffffffffffc38
 616000: system.cpu: T0 : 0x3d6d8    : bne s2, a1, 706            : IntAlu : 
 616500: system.cpu: T0 : 0x3d6dc    : c_li a5, 1                 : IntAlu :  D=0x0000000000000001
 617500: system.cpu: T0 : 0x3d6de    : ld s9, 8(s1)               : MemRead :  D=0x0000000000000003 A=0x7ffffffffffffc38
 618500: system.cpu: T0 : 0x3d6e2    : beq s2, a5, 542            : IntAlu : 
 619000: system.cpu: T0 : 0x3d900    : ld a5, -136(s0)            : MemRead :  D=0x000000000006efd0 A=0x7ffffffffffffc78
 619500: system.cpu: T0 : 0x3d904    : c_li s2, 2                 : IntAlu :  D=0x0000000000000002
 620500: system.cpu: T0 : 0x3d906    : addi a0, s9, 33            : IntAlu :  D=0x0000000000000024
 621500: system.cpu: T0 : 0x3d90a    : sd s2, 0(a5)               : MemWrite :  D=0x0000000000000002 A=0x6efd0
 622500: system.cpu: T0 : 0x3d90e    : jal ra, -131280            : IntAlu :  D=0x000000000003d912
 623500: system.cpu: T0 : 0x1d83e    : ld t1, -1848(gp)           : MemRead :  D=0x000000000001da3c A=0x708f0
 624500: system.cpu: T0 : 0x1d842    : bne t1, zero, 260          : IntAlu : 
 625000: system.cpu: T0 : 0x1d946    : c_mv a1, ra                : IntAlu :  D=0x000000000003d912
 625500: system.cpu: T0 : 0x1d948    : c_jr t1                    : IntAlu : 
 626000: system.cpu: T0 : 0x1da3c    : lw a5, -1876(gp)           : MemRead :  D=0xffffffffffffffff A=0x708d4
 626500: system.cpu: T0 : 0x1da40    : sd zero, -1848(gp)         : MemWrite :  D=0x0000000000000000 A=0x708f0
 627000: system.cpu: T0 : 0x1da44    : blt a5, zero, 6            : IntAlu : 
 627500: system.cpu: T0 : 0x1da4a    : c_addi sp, -32             : IntAlu :  D=0x7ffffffffffffc10
 628000: system.cpu: T0 : 0x1da4c    : c_sdsp ra, 24(sp)          : MemWrite :  D=0x000000000003d912 A=0x7ffffffffffffc28
 628500: system.cpu: T0 : 0x1da4e    : c_sdsp a0, 8(sp)           : MemWrite :  D=0x0000000000000024 A=0x7ffffffffffffc18
 629000: system.cpu: T0 : 0x1da50    : jal ra, -11948             : IntAlu :  D=0x000000000001da54
 629500: system.cpu: T0 : 0x1aba4    : c_addi16sp sp, -48         : IntAlu :  D=0x7ffffffffffffbe0
 630000: system.cpu: T0 : 0x1aba6    : c_sdsp s1, 24(sp)          : MemWrite :  D=0x7ffffffffffffc30 A=0x7ffffffffffffbf8
 630500: system.cpu: T0 : 0x1aba8    : lui s1, 111                : IntAlu :  D=0x000000000006f000
 631000: system.cpu: T0 : 0x1abac    : ld a3, -1264(s1)           : MemRead :  D=0x2e00000000000000 A=0x6eb10
 631500: system.cpu: T0 : 0x1abb0    : lui a0, 111                : IntAlu :  D=0x000000000006f000
 632000: system.cpu: T0 : 0x1abb4    : addi a4, a0, 1480          : IntAlu :  D=0x000000000006f5c8
 632500: system.cpu: T0 : 0x1abb8    : c_sdsp ra, 40(sp)          : MemWrite :  D=0x000000000001da54 A=0x7ffffffffffffc08
 633000: system.cpu: T0 : 0x1abba    : c_sdsp s0, 32(sp)          : MemWrite :  D=0x7ffffffffffffd00 A=0x7ffffffffffffc00
 633500: system.cpu: T0 : 0x1abbc    : addi a0, a0, 1480          : IntAlu :  D=0x000000000006f5c8
 634000: system.cpu: T0 : 0x1abc0    : sd a4, 56(tp)              : MemWrite :  D=0x000000000006f5c8 A=0x72748
 634500: system.cpu: T0 : 0x1abc4    : c_sdsp a3, 8(sp)           : MemWrite :  D=0x2e00000000000000 A=0x7ffffffffffffbe8
 635500: system.cpu: T0 : 0x1abc6    : sw zero, -1876(gp)         : MemWrite :  D=0x0000000000000000 A=0x708d4
 636500: system.cpu: T0 : 0x1abca    : jal ra, -1026              : IntAlu :  D=0x000000000001abce
 637000: system.cpu: T0 : 0x1a7c8    : c_lui a4, 1                : IntAlu :  D=0x0000000000001000
 638000: system.cpu: T0 : 0x1a7ca    : addi a3, a0, 96            : IntAlu :  D=0x000000000006f628
 639000: system.cpu: T0 : 0x1a7ce    : addi a4, a4, -1968         : IntAlu :  D=0x0000000000000850
 639500: system.cpu: T0 : 0x1a7d2    : c_mv a5, a3                : IntAlu :  D=0x000000000006f628
 640000: system.cpu: T0 : 0x1a7d4    : c_add a4, a0               : IntAlu :  D=0x000000000006fe18
 640500: system.cpu: T0 : 0x1a7d6    : c_sd a5, 24(a5)            : MemWrite :  D=0x000000000006f628 A=0x6f640
 641000: system.cpu: T0 : 0x1a7d8    : c_sd a5, 16(a5)            : MemWrite :  D=0x000000000006f628 A=0x6f638
 641500: system.cpu: T0 : 0x1a7da    : c_addi a5, 16              : IntAlu :  D=0x000000000006f638
 642000: system.cpu: T0 : 0x1a7dc    : bne a4, a5, -6             : IntAlu : 
 642500: system.cpu: T0 : 0x1a7d6    : c_sd a5, 24(a5)            : MemWrite :  D=0x000000000006f638 A=0x6f650
 643000: system.cpu: T0 : 0x1a7d8    : c_sd a5, 16(a5)            : MemWrite :  D=0x000000000006f638 A=0x6f648
 643500: system.cpu: T0 : 0x1a7da    : c_addi a5, 16              : IntAlu :  D=0x000000000006f648
 644000: system.cpu: T0 : 0x1a7dc    : bne a4, a5, -6             : IntAlu : 
 644500: system.cpu: T0 : 0x1a7d6    : c_sd a5, 24(a5)            : MemWrite :  D=0x000000000006f648 A=0x6f660
 645000: system.cpu: T0 : 0x1a7d8    : c_sd a5, 16(a5)            : MemWrite :  D=0x000000000006f648 A=0x6f658
 645500: system.cpu: T0 : 0x1a7da    : c_addi a5, 16              : IntAlu :  D=0x000000000006f658
 646000: system.cpu: T0 : 0x1a7dc    : bne a4, a5, -6             : IntAlu : 
 646500: system.cpu: T0 : 0x1a7d6    : c_sd a5, 24(a5)            : MemWrite :  D=0x000000000006f658 A=0x6f670
 647000: system.cpu: T0 : 0x1a7d8    : c_sd a5, 16(a5)            : MemWrite :  D=0x000000000006f658 A=0x6f668
 647500: system.cpu: T0 : 0x1a7da    : c_addi a5, 16              : IntAlu :  D=0x000000000006f668
 648000: system.cpu: T0 : 0x1a7dc    : bne a4, a5, -6             : IntAlu : 
 648500: system.cpu: T0 : 0x1a7d6    : c_sd a5, 24(a5)            : MemWrite :  D=0x000000000006f668 A=0x6f680
 649000: system.cpu: T0 : 0x1a7d8    : c_sd a5, 16(a5)            : MemWrite :  D=0x000000000006f668 A=0x6f678
 649500: system.cpu: T0 : 0x1a7da    : c_addi a5, 16              : IntAlu :  D=0x000000000006f678
 650000: system.cpu: T0 : 0x1a7dc    : bne a4, a5, -6             : IntAlu : 
 650500: system.cpu: T0 : 0x1a7d6    : c_sd a5, 24(a5)            : MemWrite :  D=0x000000000006f678 A=0x6f690
 651000: system.cpu: T0 : 0x1a7d8    : c_sd a5, 16(a5)            : MemWrite :  D=0x000000000006f678 A=0x6f688
 651500: system.cpu: T0 : 0x1a7da    : c_addi a5, 16              : IntAlu :  D=0x000000000006f688
 652000: system.cpu: T0 : 0x1a7dc    : bne a4, a5, -6             : IntAlu : 
 652500: system.cpu: T0 : 0x1a7d6    : c_sd a5, 24(a5)            : MemWrite :  D=0x000000000006f688 A=0x6f6a0
 653000: system.cpu: T0 : 0x1a7d8    : c_sd a5, 16(a5)            : MemWrite :  D=0x000000000006f688 A=0x6f698
 653500: system.cpu: T0 : 0x1a7da    : c_addi a5, 16              : IntAlu :  D=0x000000000006f698
 654000: system.cpu: T0 : 0x1a7dc    : bne a4, a5, -6             : IntAlu : 
 654500: system.cpu: T0 : 0x1a7d6    : c_sd a5, 24(a5)            : MemWrite :  D=0x000000000006f698 A=0x6f6b0
 655000: system.cpu: T0 : 0x1a7d8    : c_sd a5, 16(a5)            : MemWrite :  D=0x000000000006f698 A=0x6f6a8
 655500: system.cpu: T0 : 0x1a7da    : c_addi a5, 16              : IntAlu :  D=0x000000000006f6a8
 656000: system.cpu: T0 : 0x1a7dc    : bne a4, a5, -6             : IntAlu : 
 656500: system.cpu: T0 : 0x1a7d6    : c_sd a5, 24(a5)            : MemWrite :  D=0x000000000006f6a8 A=0x6f6c0
 657000: system.cpu: T0 : 0x1a7d8    : c_sd a5, 16(a5)            : MemWrite :  D=0x000000000006f6a8 A=0x6f6b8
 657500: system.cpu: T0 : 0x1a7da    : c_addi a5, 16              : IntAlu :  D=0x000000000006f6b8
 658000: system.cpu: T0 : 0x1a7dc    : bne a4, a5, -6             : IntAlu : 
 658500: system.cpu: T0 : 0x1a7d6    : c_sd a5, 24(a5)            : MemWrite :  D=0x000000000006f6b8 A=0x6f6d0
 659000: system.cpu: T0 : 0x1a7d8    : c_sd a5, 16(a5)            : MemWrite :  D=0x000000000006f6b8 A=0x6f6c8
 659500: system.cpu: T0 : 0x1a7da    : c_addi a5, 16              : IntAlu :  D=0x000000000006f6c8
 660000: system.cpu: T0 : 0x1a7dc    : bne a4, a5, -6             : IntAlu : 
 660500: system.cpu: T0 : 0x1a7d6    : c_sd a5, 24(a5)            : MemWrite :  D=0x000000000006f6c8 A=0x6f6e0
 661000: system.cpu: T0 : 0x1a7d8    : c_sd a5, 16(a5)            : MemWrite :  D=0x000000000006f6c8 A=0x6f6d8
 661500: system.cpu: T0 : 0x1a7da    : c_addi a5, 16              : IntAlu :  D=0x000000000006f6d8
 662000: system.cpu: T0 : 0x1a7dc    : bne a4, a5, -6             : IntAlu : 
 662500: system.cpu: T0 : 0x1a7d6    : c_sd a5, 24(a5)            : MemWrite :  D=0x000000000006f6d8 A=0x6f6f0
 663000: system.cpu: T0 : 0x1a7d8    : c_sd a5, 16(a5)            : MemWrite :  D=0x000000000006f6d8 A=0x6f6e8
 663500: system.cpu: T0 : 0x1a7da    : c_addi a5, 16              : IntAlu :  D=0x000000000006f6e8
 664000: system.cpu: T0 : 0x1a7dc    : bne a4, a5, -6             : IntAlu : 
 664500: system.cpu: T0 : 0x1a7d6    : c_sd a5, 24(a5)            : MemWrite :  D=0x000000000006f6e8 A=0x6f700
 665000: system.cpu: T0 : 0x1a7d8    : c_sd a5, 16(a5)            : MemWrite :  D=0x000000000006f6e8 A=0x6f6f8
 665500: system.cpu: T0 : 0x1a7da    : c_addi a5, 16              : IntAlu :  D=0x000000000006f6f8
 666000: system.cpu: T0 : 0x1a7dc    : bne a4, a5, -6             : IntAlu : 
 666500: system.cpu: T0 : 0x1a7d6    : c_sd a5, 24(a5)            : MemWrite :  D=0x000000000006f6f8 A=0x6f710
 667000: system.cpu: T0 : 0x1a7d8    : c_sd a5, 16(a5)            : MemWrite :  D=0x000000000006f6f8 A=0x6f708
 667500: system.cpu: T0 : 0x1a7da    : c_addi a5, 16              : IntAlu :  D=0x000000000006f708
 668000: system.cpu: T0 : 0x1a7dc    : bne a4, a5, -6             : IntAlu : 
 668500: system.cpu: T0 : 0x1a7d6    : c_sd a5, 24(a5)            : MemWrite :  D=0x000000000006f708 A=0x6f720
 669000: system.cpu: T0 : 0x1a7d8    : c_sd a5, 16(a5)            : MemWrite :  D=0x000000000006f708 A=0x6f718
 669500: system.cpu: T0 : 0x1a7da    : c_addi a5, 16              : IntAlu :  D=0x000000000006f718
 670000: system.cpu: T0 : 0x1a7dc    : bne a4, a5, -6             : IntAlu : 
 670500: system.cpu: T0 : 0x1a7d6    : c_sd a5, 24(a5)            : MemWrite :  D=0x000000000006f718 A=0x6f730
 671000: system.cpu: T0 : 0x1a7d8    : c_sd a5, 16(a5)            : MemWrite :  D=0x000000000006f718 A=0x6f728
 671500: system.cpu: T0 : 0x1a7da    : c_addi a5, 16              : IntAlu :  D=0x000000000006f728
 672000: system.cpu: T0 : 0x1a7dc    : bne a4, a5, -6             : IntAlu : 
 672500: system.cpu: T0 : 0x1a7d6    : c_sd a5, 24(a5)            : MemWrite :  D=0x000000000006f728 A=0x6f740
 673000: system.cpu: T0 : 0x1a7d8    : c_sd a5, 16(a5)            : MemWrite :  D=0x000000000006f728 A=0x6f738
 673500: system.cpu: T0 : 0x1a7da    : c_addi a5, 16              : IntAlu :  D=0x000000000006f738
 674000: system.cpu: T0 : 0x1a7dc    : bne a4, a5, -6             : IntAlu : 
 674500: system.cpu: T0 : 0x1a7d6    : c_sd a5, 24(a5)            : MemWrite :  D=0x000000000006f738 A=0x6f750
 675000: system.cpu: T0 : 0x1a7d8    : c_sd a5, 16(a5)            : MemWrite :  D=0x000000000006f738 A=0x6f748
 675500: system.cpu: T0 : 0x1a7da    : c_addi a5, 16              : IntAlu :  D=0x000000000006f748
 676000: system.cpu: T0 : 0x1a7dc    : bne a4, a5, -6             : IntAlu : 
 676500: system.cpu: T0 : 0x1a7d6    : c_sd a5, 24(a5)            : MemWrite :  D=0x000000000006f748 A=0x6f760
 677000: system.cpu: T0 : 0x1a7d8    : c_sd a5, 16(a5)            : MemWrite :  D=0x000000000006f748 A=0x6f758
 677500: system.cpu: T0 : 0x1a7da    : c_addi a5, 16              : IntAlu :  D=0x000000000006f758
 678000: system.cpu: T0 : 0x1a7dc    : bne a4, a5, -6             : IntAlu : 
 678500: system.cpu: T0 : 0x1a7d6    : c_sd a5, 24(a5)            : MemWrite :  D=0x000000000006f758 A=0x6f770
 679000: system.cpu: T0 : 0x1a7d8    : c_sd a5, 16(a5)            : MemWrite :  D=0x000000000006f758 A=0x6f768
 679500: system.cpu: T0 : 0x1a7da    : c_addi a5, 16              : IntAlu :  D=0x000000000006f768
 680000: system.cpu: T0 : 0x1a7dc    : bne a4, a5, -6             : IntAlu : 
 680500: system.cpu: T0 : 0x1a7d6    : c_sd a5, 24(a5)            : MemWrite :  D=0x000000000006f768 A=0x6f780
 681000: system.cpu: T0 : 0x1a7d8    : c_sd a5, 16(a5)            : MemWrite :  D=0x000000000006f768 A=0x6f778
 681500: system.cpu: T0 : 0x1a7da    : c_addi a5, 16              : IntAlu :  D=0x000000000006f778
 682000: system.cpu: T0 : 0x1a7dc    : bne a4, a5, -6             : IntAlu : 
 682500: system.cpu: T0 : 0x1a7d6    : c_sd a5, 24(a5)            : MemWrite :  D=0x000000000006f778 A=0x6f790
 683000: system.cpu: T0 : 0x1a7d8    : c_sd a5, 16(a5)            : MemWrite :  D=0x000000000006f778 A=0x6f788
 683500: system.cpu: T0 : 0x1a7da    : c_addi a5, 16              : IntAlu :  D=0x000000000006f788
 684000: system.cpu: T0 : 0x1a7dc    : bne a4, a5, -6             : IntAlu : 
 684500: system.cpu: T0 : 0x1a7d6    : c_sd a5, 24(a5)            : MemWrite :  D=0x000000000006f788 A=0x6f7a0
 685000: system.cpu: T0 : 0x1a7d8    : c_sd a5, 16(a5)            : MemWrite :  D=0x000000000006f788 A=0x6f798
 685500: system.cpu: T0 : 0x1a7da    : c_addi a5, 16              : IntAlu :  D=0x000000000006f798
 686000: system.cpu: T0 : 0x1a7dc    : bne a4, a5, -6             : IntAlu : 
 686500: system.cpu: T0 : 0x1a7d6    : c_sd a5, 24(a5)            : MemWrite :  D=0x000000000006f798 A=0x6f7b0
 687000: system.cpu: T0 : 0x1a7d8    : c_sd a5, 16(a5)            : MemWrite :  D=0x000000000006f798 A=0x6f7a8
 687500: system.cpu: T0 : 0x1a7da    : c_addi a5, 16              : IntAlu :  D=0x000000000006f7a8
 688000: system.cpu: T0 : 0x1a7dc    : bne a4, a5, -6             : IntAlu : 
 688500: system.cpu: T0 : 0x1a7d6    : c_sd a5, 24(a5)            : MemWrite :  D=0x000000000006f7a8 A=0x6f7c0
 689000: system.cpu: T0 : 0x1a7d8    : c_sd a5, 16(a5)            : MemWrite :  D=0x000000000006f7a8 A=0x6f7b8
 689500: system.cpu: T0 : 0x1a7da    : c_addi a5, 16              : IntAlu :  D=0x000000000006f7b8
 690000: system.cpu: T0 : 0x1a7dc    : bne a4, a5, -6             : IntAlu : 
 690500: system.cpu: T0 : 0x1a7d6    : c_sd a5, 24(a5)            : MemWrite :  D=0x000000000006f7b8 A=0x6f7d0
 691000: system.cpu: T0 : 0x1a7d8    : c_sd a5, 16(a5)            : MemWrite :  D=0x000000000006f7b8 A=0x6f7c8
 691500: system.cpu: T0 : 0x1a7da    : c_addi a5, 16              : IntAlu :  D=0x000000000006f7c8
 692000: system.cpu: T0 : 0x1a7dc    : bne a4, a5, -6             : IntAlu : 
 692500: system.cpu: T0 : 0x1a7d6    : c_sd a5, 24(a5)            : MemWrite :  D=0x000000000006f7c8 A=0x6f7e0
 693000: system.cpu: T0 : 0x1a7d8    : c_sd a5, 16(a5)            : MemWrite :  D=0x000000000006f7c8 A=0x6f7d8
 693500: system.cpu: T0 : 0x1a7da    : c_addi a5, 16              : IntAlu :  D=0x000000000006f7d8
 694000: system.cpu: T0 : 0x1a7dc    : bne a4, a5, -6             : IntAlu : 
 694500: system.cpu: T0 : 0x1a7d6    : c_sd a5, 24(a5)            : MemWrite :  D=0x000000000006f7d8 A=0x6f7f0
 695000: system.cpu: T0 : 0x1a7d8    : c_sd a5, 16(a5)            : MemWrite :  D=0x000000000006f7d8 A=0x6f7e8
 695500: system.cpu: T0 : 0x1a7da    : c_addi a5, 16              : IntAlu :  D=0x000000000006f7e8
 696000: system.cpu: T0 : 0x1a7dc    : bne a4, a5, -6             : IntAlu : 
 696500: system.cpu: T0 : 0x1a7d6    : c_sd a5, 24(a5)            : MemWrite :  D=0x000000000006f7e8 A=0x6f800
 697000: system.cpu: T0 : 0x1a7d8    : c_sd a5, 16(a5)            : MemWrite :  D=0x000000000006f7e8 A=0x6f7f8
 697500: system.cpu: T0 : 0x1a7da    : c_addi a5, 16              : IntAlu :  D=0x000000000006f7f8
 698000: system.cpu: T0 : 0x1a7dc    : bne a4, a5, -6             : IntAlu : 
 698500: system.cpu: T0 : 0x1a7d6    : c_sd a5, 24(a5)            : MemWrite :  D=0x000000000006f7f8 A=0x6f810
 699000: system.cpu: T0 : 0x1a7d8    : c_sd a5, 16(a5)            : MemWrite :  D=0x000000000006f7f8 A=0x6f808
 699500: system.cpu: T0 : 0x1a7da    : c_addi a5, 16              : IntAlu :  D=0x000000000006f808
 700000: system.cpu: T0 : 0x1a7dc    : bne a4, a5, -6             : IntAlu : 
 700500: system.cpu: T0 : 0x1a7d6    : c_sd a5, 24(a5)            : MemWrite :  D=0x000000000006f808 A=0x6f820
 701000: system.cpu: T0 : 0x1a7d8    : c_sd a5, 16(a5)            : MemWrite :  D=0x000000000006f808 A=0x6f818
 701500: system.cpu: T0 : 0x1a7da    : c_addi a5, 16              : IntAlu :  D=0x000000000006f818
 702000: system.cpu: T0 : 0x1a7dc    : bne a4, a5, -6             : IntAlu : 
 702500: system.cpu: T0 : 0x1a7d6    : c_sd a5, 24(a5)            : MemWrite :  D=0x000000000006f818 A=0x6f830
 703000: system.cpu: T0 : 0x1a7d8    : c_sd a5, 16(a5)            : MemWrite :  D=0x000000000006f818 A=0x6f828
 703500: system.cpu: T0 : 0x1a7da    : c_addi a5, 16              : IntAlu :  D=0x000000000006f828
 704000: system.cpu: T0 : 0x1a7dc    : bne a4, a5, -6             : IntAlu : 
 704500: system.cpu: T0 : 0x1a7d6    : c_sd a5, 24(a5)            : MemWrite :  D=0x000000000006f828 A=0x6f840
 705000: system.cpu: T0 : 0x1a7d8    : c_sd a5, 16(a5)            : MemWrite :  D=0x000000000006f828 A=0x6f838
 705500: system.cpu: T0 : 0x1a7da    : c_addi a5, 16              : IntAlu :  D=0x000000000006f838
 706000: system.cpu: T0 : 0x1a7dc    : bne a4, a5, -6             : IntAlu : 
 706500: system.cpu: T0 : 0x1a7d6    : c_sd a5, 24(a5)            : MemWrite :  D=0x000000000006f838 A=0x6f850
 707000: system.cpu: T0 : 0x1a7d8    : c_sd a5, 16(a5)            : MemWrite :  D=0x000000000006f838 A=0x6f848
 707500: system.cpu: T0 : 0x1a7da    : c_addi a5, 16              : IntAlu :  D=0x000000000006f848
 708000: system.cpu: T0 : 0x1a7dc    : bne a4, a5, -6             : IntAlu : 
 708500: system.cpu: T0 : 0x1a7d6    : c_sd a5, 24(a5)            : MemWrite :  D=0x000000000006f848 A=0x6f860
 709000: system.cpu: T0 : 0x1a7d8    : c_sd a5, 16(a5)            : MemWrite :  D=0x000000000006f848 A=0x6f858
 709500: system.cpu: T0 : 0x1a7da    : c_addi a5, 16              : IntAlu :  D=0x000000000006f858
 710000: system.cpu: T0 : 0x1a7dc    : bne a4, a5, -6             : IntAlu : 
 710500: system.cpu: T0 : 0x1a7d6    : c_sd a5, 24(a5)            : MemWrite :  D=0x000000000006f858 A=0x6f870
 711000: system.cpu: T0 : 0x1a7d8    : c_sd a5, 16(a5)            : MemWrite :  D=0x000000000006f858 A=0x6f868
 711500: system.cpu: T0 : 0x1a7da    : c_addi a5, 16              : IntAlu :  D=0x000000000006f868
 712000: system.cpu: T0 : 0x1a7dc    : bne a4, a5, -6             : IntAlu : 
 712500: system.cpu: T0 : 0x1a7d6    : c_sd a5, 24(a5)            : MemWrite :  D=0x000000000006f868 A=0x6f880
 713000: system.cpu: T0 : 0x1a7d8    : c_sd a5, 16(a5)            : MemWrite :  D=0x000000000006f868 A=0x6f878
 713500: system.cpu: T0 : 0x1a7da    : c_addi a5, 16              : IntAlu :  D=0x000000000006f878
 714000: system.cpu: T0 : 0x1a7dc    : bne a4, a5, -6             : IntAlu : 
 714500: system.cpu: T0 : 0x1a7d6    : c_sd a5, 24(a5)            : MemWrite :  D=0x000000000006f878 A=0x6f890
 715000: system.cpu: T0 : 0x1a7d8    : c_sd a5, 16(a5)            : MemWrite :  D=0x000000000006f878 A=0x6f888
 715500: system.cpu: T0 : 0x1a7da    : c_addi a5, 16              : IntAlu :  D=0x000000000006f888
 716000: system.cpu: T0 : 0x1a7dc    : bne a4, a5, -6             : IntAlu : 
 716500: system.cpu: T0 : 0x1a7d6    : c_sd a5, 24(a5)            : MemWrite :  D=0x000000000006f888 A=0x6f8a0
 717000: system.cpu: T0 : 0x1a7d8    : c_sd a5, 16(a5)            : MemWrite :  D=0x000000000006f888 A=0x6f898
 717500: system.cpu: T0 : 0x1a7da    : c_addi a5, 16              : IntAlu :  D=0x000000000006f898
 718000: system.cpu: T0 : 0x1a7dc    : bne a4, a5, -6             : IntAlu : 
 718500: system.cpu: T0 : 0x1a7d6    : c_sd a5, 24(a5)            : MemWrite :  D=0x000000000006f898 A=0x6f8b0
 719000: system.cpu: T0 : 0x1a7d8    : c_sd a5, 16(a5)            : MemWrite :  D=0x000000000006f898 A=0x6f8a8
 719500: system.cpu: T0 : 0x1a7da    : c_addi a5, 16              : IntAlu :  D=0x000000000006f8a8
 720000: system.cpu: T0 : 0x1a7dc    : bne a4, a5, -6             : IntAlu : 
 720500: system.cpu: T0 : 0x1a7d6    : c_sd a5, 24(a5)            : MemWrite :  D=0x000000000006f8a8 A=0x6f8c0
 721000: system.cpu: T0 : 0x1a7d8    : c_sd a5, 16(a5)            : MemWrite :  D=0x000000000006f8a8 A=0x6f8b8
 721500: system.cpu: T0 : 0x1a7da    : c_addi a5, 16              : IntAlu :  D=0x000000000006f8b8
 722000: system.cpu: T0 : 0x1a7dc    : bne a4, a5, -6             : IntAlu : 
 722500: system.cpu: T0 : 0x1a7d6    : c_sd a5, 24(a5)            : MemWrite :  D=0x000000000006f8b8 A=0x6f8d0
 723000: system.cpu: T0 : 0x1a7d8    : c_sd a5, 16(a5)            : MemWrite :  D=0x000000000006f8b8 A=0x6f8c8
 723500: system.cpu: T0 : 0x1a7da    : c_addi a5, 16              : IntAlu :  D=0x000000000006f8c8
 724000: system.cpu: T0 : 0x1a7dc    : bne a4, a5, -6             : IntAlu : 
 724500: system.cpu: T0 : 0x1a7d6    : c_sd a5, 24(a5)            : MemWrite :  D=0x000000000006f8c8 A=0x6f8e0
 725000: system.cpu: T0 : 0x1a7d8    : c_sd a5, 16(a5)            : MemWrite :  D=0x000000000006f8c8 A=0x6f8d8
 725500: system.cpu: T0 : 0x1a7da    : c_addi a5, 16              : IntAlu :  D=0x000000000006f8d8
 726000: system.cpu: T0 : 0x1a7dc    : bne a4, a5, -6             : IntAlu : 
 726500: system.cpu: T0 : 0x1a7d6    : c_sd a5, 24(a5)            : MemWrite :  D=0x000000000006f8d8 A=0x6f8f0
 727000: system.cpu: T0 : 0x1a7d8    : c_sd a5, 16(a5)            : MemWrite :  D=0x000000000006f8d8 A=0x6f8e8
 727500: system.cpu: T0 : 0x1a7da    : c_addi a5, 16              : IntAlu :  D=0x000000000006f8e8
 728000: system.cpu: T0 : 0x1a7dc    : bne a4, a5, -6             : IntAlu : 
 728500: system.cpu: T0 : 0x1a7d6    : c_sd a5, 24(a5)            : MemWrite :  D=0x000000000006f8e8 A=0x6f900
 729000: system.cpu: T0 : 0x1a7d8    : c_sd a5, 16(a5)            : MemWrite :  D=0x000000000006f8e8 A=0x6f8f8
 729500: system.cpu: T0 : 0x1a7da    : c_addi a5, 16              : IntAlu :  D=0x000000000006f8f8
 730000: system.cpu: T0 : 0x1a7dc    : bne a4, a5, -6             : IntAlu : 
 730500: system.cpu: T0 : 0x1a7d6    : c_sd a5, 24(a5)            : MemWrite :  D=0x000000000006f8f8 A=0x6f910
 731000: system.cpu: T0 : 0x1a7d8    : c_sd a5, 16(a5)            : MemWrite :  D=0x000000000006f8f8 A=0x6f908
 731500: system.cpu: T0 : 0x1a7da    : c_addi a5, 16              : IntAlu :  D=0x000000000006f908
 732000: system.cpu: T0 : 0x1a7dc    : bne a4, a5, -6             : IntAlu : 
 732500: system.cpu: T0 : 0x1a7d6    : c_sd a5, 24(a5)            : MemWrite :  D=0x000000000006f908 A=0x6f920
 733000: system.cpu: T0 : 0x1a7d8    : c_sd a5, 16(a5)            : MemWrite :  D=0x000000000006f908 A=0x6f918
 733500: system.cpu: T0 : 0x1a7da    : c_addi a5, 16              : IntAlu :  D=0x000000000006f918
 734000: system.cpu: T0 : 0x1a7dc    : bne a4, a5, -6             : IntAlu : 
 734500: system.cpu: T0 : 0x1a7d6    : c_sd a5, 24(a5)            : MemWrite :  D=0x000000000006f918 A=0x6f930
 735000: system.cpu: T0 : 0x1a7d8    : c_sd a5, 16(a5)            : MemWrite :  D=0x000000000006f918 A=0x6f928
 735500: system.cpu: T0 : 0x1a7da    : c_addi a5, 16              : IntAlu :  D=0x000000000006f928
 736000: system.cpu: T0 : 0x1a7dc    : bne a4, a5, -6             : IntAlu : 
 736500: system.cpu: T0 : 0x1a7d6    : c_sd a5, 24(a5)            : MemWrite :  D=0x000000000006f928 A=0x6f940
 737000: system.cpu: T0 : 0x1a7d8    : c_sd a5, 16(a5)            : MemWrite :  D=0x000000000006f928 A=0x6f938
 737500: system.cpu: T0 : 0x1a7da    : c_addi a5, 16              : IntAlu :  D=0x000000000006f938
 738000: system.cpu: T0 : 0x1a7dc    : bne a4, a5, -6             : IntAlu : 
 738500: system.cpu: T0 : 0x1a7d6    : c_sd a5, 24(a5)            : MemWrite :  D=0x000000000006f938 A=0x6f950
 739000: system.cpu: T0 : 0x1a7d8    : c_sd a5, 16(a5)            : MemWrite :  D=0x000000000006f938 A=0x6f948
 739500: system.cpu: T0 : 0x1a7da    : c_addi a5, 16              : IntAlu :  D=0x000000000006f948
 740000: system.cpu: T0 : 0x1a7dc    : bne a4, a5, -6             : IntAlu : 
 740500: system.cpu: T0 : 0x1a7d6    : c_sd a5, 24(a5)            : MemWrite :  D=0x000000000006f948 A=0x6f960
 741000: system.cpu: T0 : 0x1a7d8    : c_sd a5, 16(a5)            : MemWrite :  D=0x000000000006f948 A=0x6f958
 741500: system.cpu: T0 : 0x1a7da    : c_addi a5, 16              : IntAlu :  D=0x000000000006f958
 742000: system.cpu: T0 : 0x1a7dc    : bne a4, a5, -6             : IntAlu : 
 742500: system.cpu: T0 : 0x1a7d6    : c_sd a5, 24(a5)            : MemWrite :  D=0x000000000006f958 A=0x6f970
 743000: system.cpu: T0 : 0x1a7d8    : c_sd a5, 16(a5)            : MemWrite :  D=0x000000000006f958 A=0x6f968
 743500: system.cpu: T0 : 0x1a7da    : c_addi a5, 16              : IntAlu :  D=0x000000000006f968
 744000: system.cpu: T0 : 0x1a7dc    : bne a4, a5, -6             : IntAlu : 
 744500: system.cpu: T0 : 0x1a7d6    : c_sd a5, 24(a5)            : MemWrite :  D=0x000000000006f968 A=0x6f980
 745000: system.cpu: T0 : 0x1a7d8    : c_sd a5, 16(a5)            : MemWrite :  D=0x000000000006f968 A=0x6f978
 745500: system.cpu: T0 : 0x1a7da    : c_addi a5, 16              : IntAlu :  D=0x000000000006f978
 746000: system.cpu: T0 : 0x1a7dc    : bne a4, a5, -6             : IntAlu : 
 746500: system.cpu: T0 : 0x1a7d6    : c_sd a5, 24(a5)            : MemWrite :  D=0x000000000006f978 A=0x6f990
 747000: system.cpu: T0 : 0x1a7d8    : c_sd a5, 16(a5)            : MemWrite :  D=0x000000000006f978 A=0x6f988
 747500: system.cpu: T0 : 0x1a7da    : c_addi a5, 16              : IntAlu :  D=0x000000000006f988
 748000: system.cpu: T0 : 0x1a7dc    : bne a4, a5, -6             : IntAlu : 
 748500: system.cpu: T0 : 0x1a7d6    : c_sd a5, 24(a5)            : MemWrite :  D=0x000000000006f988 A=0x6f9a0
 749000: system.cpu: T0 : 0x1a7d8    : c_sd a5, 16(a5)            : MemWrite :  D=0x000000000006f988 A=0x6f998
 749500: system.cpu: T0 : 0x1a7da    : c_addi a5, 16              : IntAlu :  D=0x000000000006f998
 750000: system.cpu: T0 : 0x1a7dc    : bne a4, a5, -6             : IntAlu : 
 750500: system.cpu: T0 : 0x1a7d6    : c_sd a5, 24(a5)            : MemWrite :  D=0x000000000006f998 A=0x6f9b0
 751000: system.cpu: T0 : 0x1a7d8    : c_sd a5, 16(a5)            : MemWrite :  D=0x000000000006f998 A=0x6f9a8
 751500: system.cpu: T0 : 0x1a7da    : c_addi a5, 16              : IntAlu :  D=0x000000000006f9a8
 752000: system.cpu: T0 : 0x1a7dc    : bne a4, a5, -6             : IntAlu : 
 752500: system.cpu: T0 : 0x1a7d6    : c_sd a5, 24(a5)            : MemWrite :  D=0x000000000006f9a8 A=0x6f9c0
 753000: system.cpu: T0 : 0x1a7d8    : c_sd a5, 16(a5)            : MemWrite :  D=0x000000000006f9a8 A=0x6f9b8
 753500: system.cpu: T0 : 0x1a7da    : c_addi a5, 16              : IntAlu :  D=0x000000000006f9b8
 754000: system.cpu: T0 : 0x1a7dc    : bne a4, a5, -6             : IntAlu : 
 754500: system.cpu: T0 : 0x1a7d6    : c_sd a5, 24(a5)            : MemWrite :  D=0x000000000006f9b8 A=0x6f9d0
 755000: system.cpu: T0 : 0x1a7d8    : c_sd a5, 16(a5)            : MemWrite :  D=0x000000000006f9b8 A=0x6f9c8
 755500: system.cpu: T0 : 0x1a7da    : c_addi a5, 16              : IntAlu :  D=0x000000000006f9c8
 756000: system.cpu: T0 : 0x1a7dc    : bne a4, a5, -6             : IntAlu : 
 756500: system.cpu: T0 : 0x1a7d6    : c_sd a5, 24(a5)            : MemWrite :  D=0x000000000006f9c8 A=0x6f9e0
 757000: system.cpu: T0 : 0x1a7d8    : c_sd a5, 16(a5)            : MemWrite :  D=0x000000000006f9c8 A=0x6f9d8
 757500: system.cpu: T0 : 0x1a7da    : c_addi a5, 16              : IntAlu :  D=0x000000000006f9d8
 758000: system.cpu: T0 : 0x1a7dc    : bne a4, a5, -6             : IntAlu : 
 758500: system.cpu: T0 : 0x1a7d6    : c_sd a5, 24(a5)            : MemWrite :  D=0x000000000006f9d8 A=0x6f9f0
 759000: system.cpu: T0 : 0x1a7d8    : c_sd a5, 16(a5)            : MemWrite :  D=0x000000000006f9d8 A=0x6f9e8
 759500: system.cpu: T0 : 0x1a7da    : c_addi a5, 16              : IntAlu :  D=0x000000000006f9e8
 760000: system.cpu: T0 : 0x1a7dc    : bne a4, a5, -6             : IntAlu : 
 760500: system.cpu: T0 : 0x1a7d6    : c_sd a5, 24(a5)            : MemWrite :  D=0x000000000006f9e8 A=0x6fa00
 761000: system.cpu: T0 : 0x1a7d8    : c_sd a5, 16(a5)            : MemWrite :  D=0x000000000006f9e8 A=0x6f9f8
 761500: system.cpu: T0 : 0x1a7da    : c_addi a5, 16              : IntAlu :  D=0x000000000006f9f8
 762000: system.cpu: T0 : 0x1a7dc    : bne a4, a5, -6             : IntAlu : 
 762500: system.cpu: T0 : 0x1a7d6    : c_sd a5, 24(a5)            : MemWrite :  D=0x000000000006f9f8 A=0x6fa10
 763000: system.cpu: T0 : 0x1a7d8    : c_sd a5, 16(a5)            : MemWrite :  D=0x000000000006f9f8 A=0x6fa08
 763500: system.cpu: T0 : 0x1a7da    : c_addi a5, 16              : IntAlu :  D=0x000000000006fa08
 764000: system.cpu: T0 : 0x1a7dc    : bne a4, a5, -6             : IntAlu : 
 764500: system.cpu: T0 : 0x1a7d6    : c_sd a5, 24(a5)            : MemWrite :  D=0x000000000006fa08 A=0x6fa20
 765000: system.cpu: T0 : 0x1a7d8    : c_sd a5, 16(a5)            : MemWrite :  D=0x000000000006fa08 A=0x6fa18
 765500: system.cpu: T0 : 0x1a7da    : c_addi a5, 16              : IntAlu :  D=0x000000000006fa18
 766000: system.cpu: T0 : 0x1a7dc    : bne a4, a5, -6             : IntAlu : 
 766500: system.cpu: T0 : 0x1a7d6    : c_sd a5, 24(a5)            : MemWrite :  D=0x000000000006fa18 A=0x6fa30
 767000: system.cpu: T0 : 0x1a7d8    : c_sd a5, 16(a5)            : MemWrite :  D=0x000000000006fa18 A=0x6fa28
 767500: system.cpu: T0 : 0x1a7da    : c_addi a5, 16              : IntAlu :  D=0x000000000006fa28
 768000: system.cpu: T0 : 0x1a7dc    : bne a4, a5, -6             : IntAlu : 
 768500: system.cpu: T0 : 0x1a7d6    : c_sd a5, 24(a5)            : MemWrite :  D=0x000000000006fa28 A=0x6fa40
 769000: system.cpu: T0 : 0x1a7d8    : c_sd a5, 16(a5)            : MemWrite :  D=0x000000000006fa28 A=0x6fa38
 769500: system.cpu: T0 : 0x1a7da    : c_addi a5, 16              : IntAlu :  D=0x000000000006fa38
 770000: system.cpu: T0 : 0x1a7dc    : bne a4, a5, -6             : IntAlu : 
 770500: system.cpu: T0 : 0x1a7d6    : c_sd a5, 24(a5)            : MemWrite :  D=0x000000000006fa38 A=0x6fa50
 771000: system.cpu: T0 : 0x1a7d8    : c_sd a5, 16(a5)            : MemWrite :  D=0x000000000006fa38 A=0x6fa48
 771500: system.cpu: T0 : 0x1a7da    : c_addi a5, 16              : IntAlu :  D=0x000000000006fa48
 772000: system.cpu: T0 : 0x1a7dc    : bne a4, a5, -6             : IntAlu : 
 772500: system.cpu: T0 : 0x1a7d6    : c_sd a5, 24(a5)            : MemWrite :  D=0x000000000006fa48 A=0x6fa60
 773000: system.cpu: T0 : 0x1a7d8    : c_sd a5, 16(a5)            : MemWrite :  D=0x000000000006fa48 A=0x6fa58
 773500: system.cpu: T0 : 0x1a7da    : c_addi a5, 16              : IntAlu :  D=0x000000000006fa58
 774000: system.cpu: T0 : 0x1a7dc    : bne a4, a5, -6             : IntAlu : 
 774500: system.cpu: T0 : 0x1a7d6    : c_sd a5, 24(a5)            : MemWrite :  D=0x000000000006fa58 A=0x6fa70
 775000: system.cpu: T0 : 0x1a7d8    : c_sd a5, 16(a5)            : MemWrite :  D=0x000000000006fa58 A=0x6fa68
 775500: system.cpu: T0 : 0x1a7da    : c_addi a5, 16              : IntAlu :  D=0x000000000006fa68
 776000: system.cpu: T0 : 0x1a7dc    : bne a4, a5, -6             : IntAlu : 
 776500: system.cpu: T0 : 0x1a7d6    : c_sd a5, 24(a5)            : MemWrite :  D=0x000000000006fa68 A=0x6fa80
 777000: system.cpu: T0 : 0x1a7d8    : c_sd a5, 16(a5)            : MemWrite :  D=0x000000000006fa68 A=0x6fa78
 777500: system.cpu: T0 : 0x1a7da    : c_addi a5, 16              : IntAlu :  D=0x000000000006fa78
 778000: system.cpu: T0 : 0x1a7dc    : bne a4, a5, -6             : IntAlu : 
 778500: system.cpu: T0 : 0x1a7d6    : c_sd a5, 24(a5)            : MemWrite :  D=0x000000000006fa78 A=0x6fa90
 779000: system.cpu: T0 : 0x1a7d8    : c_sd a5, 16(a5)            : MemWrite :  D=0x000000000006fa78 A=0x6fa88
 779500: system.cpu: T0 : 0x1a7da    : c_addi a5, 16              : IntAlu :  D=0x000000000006fa88
 780000: system.cpu: T0 : 0x1a7dc    : bne a4, a5, -6             : IntAlu : 
 780500: system.cpu: T0 : 0x1a7d6    : c_sd a5, 24(a5)            : MemWrite :  D=0x000000000006fa88 A=0x6faa0
 781000: system.cpu: T0 : 0x1a7d8    : c_sd a5, 16(a5)            : MemWrite :  D=0x000000000006fa88 A=0x6fa98
 781500: system.cpu: T0 : 0x1a7da    : c_addi a5, 16              : IntAlu :  D=0x000000000006fa98
 782000: system.cpu: T0 : 0x1a7dc    : bne a4, a5, -6             : IntAlu : 
 782500: system.cpu: T0 : 0x1a7d6    : c_sd a5, 24(a5)            : MemWrite :  D=0x000000000006fa98 A=0x6fab0
 783000: system.cpu: T0 : 0x1a7d8    : c_sd a5, 16(a5)            : MemWrite :  D=0x000000000006fa98 A=0x6faa8
 783500: system.cpu: T0 : 0x1a7da    : c_addi a5, 16              : IntAlu :  D=0x000000000006faa8
 784000: system.cpu: T0 : 0x1a7dc    : bne a4, a5, -6             : IntAlu : 
 784500: system.cpu: T0 : 0x1a7d6    : c_sd a5, 24(a5)            : MemWrite :  D=0x000000000006faa8 A=0x6fac0
 785000: system.cpu: T0 : 0x1a7d8    : c_sd a5, 16(a5)            : MemWrite :  D=0x000000000006faa8 A=0x6fab8
 785500: system.cpu: T0 : 0x1a7da    : c_addi a5, 16              : IntAlu :  D=0x000000000006fab8
 786000: system.cpu: T0 : 0x1a7dc    : bne a4, a5, -6             : IntAlu : 
 786500: system.cpu: T0 : 0x1a7d6    : c_sd a5, 24(a5)            : MemWrite :  D=0x000000000006fab8 A=0x6fad0
 787000: system.cpu: T0 : 0x1a7d8    : c_sd a5, 16(a5)            : MemWrite :  D=0x000000000006fab8 A=0x6fac8
 787500: system.cpu: T0 : 0x1a7da    : c_addi a5, 16              : IntAlu :  D=0x000000000006fac8
 788000: system.cpu: T0 : 0x1a7dc    : bne a4, a5, -6             : IntAlu : 
 788500: system.cpu: T0 : 0x1a7d6    : c_sd a5, 24(a5)            : MemWrite :  D=0x000000000006fac8 A=0x6fae0
 789000: system.cpu: T0 : 0x1a7d8    : c_sd a5, 16(a5)            : MemWrite :  D=0x000000000006fac8 A=0x6fad8
 789500: system.cpu: T0 : 0x1a7da    : c_addi a5, 16              : IntAlu :  D=0x000000000006fad8
 790000: system.cpu: T0 : 0x1a7dc    : bne a4, a5, -6             : IntAlu : 
 790500: system.cpu: T0 : 0x1a7d6    : c_sd a5, 24(a5)            : MemWrite :  D=0x000000000006fad8 A=0x6faf0
 791000: system.cpu: T0 : 0x1a7d8    : c_sd a5, 16(a5)            : MemWrite :  D=0x000000000006fad8 A=0x6fae8
 791500: system.cpu: T0 : 0x1a7da    : c_addi a5, 16              : IntAlu :  D=0x000000000006fae8
 792000: system.cpu: T0 : 0x1a7dc    : bne a4, a5, -6             : IntAlu : 
 792500: system.cpu: T0 : 0x1a7d6    : c_sd a5, 24(a5)            : MemWrite :  D=0x000000000006fae8 A=0x6fb00
 793000: system.cpu: T0 : 0x1a7d8    : c_sd a5, 16(a5)            : MemWrite :  D=0x000000000006fae8 A=0x6faf8
 793500: system.cpu: T0 : 0x1a7da    : c_addi a5, 16              : IntAlu :  D=0x000000000006faf8
 794000: system.cpu: T0 : 0x1a7dc    : bne a4, a5, -6             : IntAlu : 
 794500: system.cpu: T0 : 0x1a7d6    : c_sd a5, 24(a5)            : MemWrite :  D=0x000000000006faf8 A=0x6fb10
 795000: system.cpu: T0 : 0x1a7d8    : c_sd a5, 16(a5)            : MemWrite :  D=0x000000000006faf8 A=0x6fb08
 795500: system.cpu: T0 : 0x1a7da    : c_addi a5, 16              : IntAlu :  D=0x000000000006fb08
 796000: system.cpu: T0 : 0x1a7dc    : bne a4, a5, -6             : IntAlu : 
 796500: system.cpu: T0 : 0x1a7d6    : c_sd a5, 24(a5)            : MemWrite :  D=0x000000000006fb08 A=0x6fb20
 797000: system.cpu: T0 : 0x1a7d8    : c_sd a5, 16(a5)            : MemWrite :  D=0x000000000006fb08 A=0x6fb18
 797500: system.cpu: T0 : 0x1a7da    : c_addi a5, 16              : IntAlu :  D=0x000000000006fb18
 798000: system.cpu: T0 : 0x1a7dc    : bne a4, a5, -6             : IntAlu : 
 798500: system.cpu: T0 : 0x1a7d6    : c_sd a5, 24(a5)            : MemWrite :  D=0x000000000006fb18 A=0x6fb30
 799000: system.cpu: T0 : 0x1a7d8    : c_sd a5, 16(a5)            : MemWrite :  D=0x000000000006fb18 A=0x6fb28
 799500: system.cpu: T0 : 0x1a7da    : c_addi a5, 16              : IntAlu :  D=0x000000000006fb28
 800000: system.cpu: T0 : 0x1a7dc    : bne a4, a5, -6             : IntAlu : 
 800500: system.cpu: T0 : 0x1a7d6    : c_sd a5, 24(a5)            : MemWrite :  D=0x000000000006fb28 A=0x6fb40
 801000: system.cpu: T0 : 0x1a7d8    : c_sd a5, 16(a5)            : MemWrite :  D=0x000000000006fb28 A=0x6fb38
 801500: system.cpu: T0 : 0x1a7da    : c_addi a5, 16              : IntAlu :  D=0x000000000006fb38
 802000: system.cpu: T0 : 0x1a7dc    : bne a4, a5, -6             : IntAlu : 
 802500: system.cpu: T0 : 0x1a7d6    : c_sd a5, 24(a5)            : MemWrite :  D=0x000000000006fb38 A=0x6fb50
 803000: system.cpu: T0 : 0x1a7d8    : c_sd a5, 16(a5)            : MemWrite :  D=0x000000000006fb38 A=0x6fb48
 803500: system.cpu: T0 : 0x1a7da    : c_addi a5, 16              : IntAlu :  D=0x000000000006fb48
 804000: system.cpu: T0 : 0x1a7dc    : bne a4, a5, -6             : IntAlu : 
 804500: system.cpu: T0 : 0x1a7d6    : c_sd a5, 24(a5)            : MemWrite :  D=0x000000000006fb48 A=0x6fb60
 805000: system.cpu: T0 : 0x1a7d8    : c_sd a5, 16(a5)            : MemWrite :  D=0x000000000006fb48 A=0x6fb58
 805500: system.cpu: T0 : 0x1a7da    : c_addi a5, 16              : IntAlu :  D=0x000000000006fb58
 806000: system.cpu: T0 : 0x1a7dc    : bne a4, a5, -6             : IntAlu : 
 806500: system.cpu: T0 : 0x1a7d6    : c_sd a5, 24(a5)            : MemWrite :  D=0x000000000006fb58 A=0x6fb70
 807000: system.cpu: T0 : 0x1a7d8    : c_sd a5, 16(a5)            : MemWrite :  D=0x000000000006fb58 A=0x6fb68
 807500: system.cpu: T0 : 0x1a7da    : c_addi a5, 16              : IntAlu :  D=0x000000000006fb68
 808000: system.cpu: T0 : 0x1a7dc    : bne a4, a5, -6             : IntAlu : 
 808500: system.cpu: T0 : 0x1a7d6    : c_sd a5, 24(a5)            : MemWrite :  D=0x000000000006fb68 A=0x6fb80
 809000: system.cpu: T0 : 0x1a7d8    : c_sd a5, 16(a5)            : MemWrite :  D=0x000000000006fb68 A=0x6fb78
 809500: system.cpu: T0 : 0x1a7da    : c_addi a5, 16              : IntAlu :  D=0x000000000006fb78
 810000: system.cpu: T0 : 0x1a7dc    : bne a4, a5, -6             : IntAlu : 
 810500: system.cpu: T0 : 0x1a7d6    : c_sd a5, 24(a5)            : MemWrite :  D=0x000000000006fb78 A=0x6fb90
 811000: system.cpu: T0 : 0x1a7d8    : c_sd a5, 16(a5)            : MemWrite :  D=0x000000000006fb78 A=0x6fb88
 811500: system.cpu: T0 : 0x1a7da    : c_addi a5, 16              : IntAlu :  D=0x000000000006fb88
 812000: system.cpu: T0 : 0x1a7dc    : bne a4, a5, -6             : IntAlu : 
 812500: system.cpu: T0 : 0x1a7d6    : c_sd a5, 24(a5)            : MemWrite :  D=0x000000000006fb88 A=0x6fba0
 813000: system.cpu: T0 : 0x1a7d8    : c_sd a5, 16(a5)            : MemWrite :  D=0x000000000006fb88 A=0x6fb98
 813500: system.cpu: T0 : 0x1a7da    : c_addi a5, 16              : IntAlu :  D=0x000000000006fb98
 814000: system.cpu: T0 : 0x1a7dc    : bne a4, a5, -6             : IntAlu : 
 814500: system.cpu: T0 : 0x1a7d6    : c_sd a5, 24(a5)            : MemWrite :  D=0x000000000006fb98 A=0x6fbb0
 815000: system.cpu: T0 : 0x1a7d8    : c_sd a5, 16(a5)            : MemWrite :  D=0x000000000006fb98 A=0x6fba8
 815500: system.cpu: T0 : 0x1a7da    : c_addi a5, 16              : IntAlu :  D=0x000000000006fba8
 816000: system.cpu: T0 : 0x1a7dc    : bne a4, a5, -6             : IntAlu : 
 816500: system.cpu: T0 : 0x1a7d6    : c_sd a5, 24(a5)            : MemWrite :  D=0x000000000006fba8 A=0x6fbc0
 817000: system.cpu: T0 : 0x1a7d8    : c_sd a5, 16(a5)            : MemWrite :  D=0x000000000006fba8 A=0x6fbb8
 817500: system.cpu: T0 : 0x1a7da    : c_addi a5, 16              : IntAlu :  D=0x000000000006fbb8
 818000: system.cpu: T0 : 0x1a7dc    : bne a4, a5, -6             : IntAlu : 
 818500: system.cpu: T0 : 0x1a7d6    : c_sd a5, 24(a5)            : MemWrite :  D=0x000000000006fbb8 A=0x6fbd0
 819000: system.cpu: T0 : 0x1a7d8    : c_sd a5, 16(a5)            : MemWrite :  D=0x000000000006fbb8 A=0x6fbc8
 819500: system.cpu: T0 : 0x1a7da    : c_addi a5, 16              : IntAlu :  D=0x000000000006fbc8
 820000: system.cpu: T0 : 0x1a7dc    : bne a4, a5, -6             : IntAlu : 
 820500: system.cpu: T0 : 0x1a7d6    : c_sd a5, 24(a5)            : MemWrite :  D=0x000000000006fbc8 A=0x6fbe0
 821000: system.cpu: T0 : 0x1a7d8    : c_sd a5, 16(a5)            : MemWrite :  D=0x000000000006fbc8 A=0x6fbd8
 821500: system.cpu: T0 : 0x1a7da    : c_addi a5, 16              : IntAlu :  D=0x000000000006fbd8
 822000: system.cpu: T0 : 0x1a7dc    : bne a4, a5, -6             : IntAlu : 
 822500: system.cpu: T0 : 0x1a7d6    : c_sd a5, 24(a5)            : MemWrite :  D=0x000000000006fbd8 A=0x6fbf0
 823000: system.cpu: T0 : 0x1a7d8    : c_sd a5, 16(a5)            : MemWrite :  D=0x000000000006fbd8 A=0x6fbe8
 823500: system.cpu: T0 : 0x1a7da    : c_addi a5, 16              : IntAlu :  D=0x000000000006fbe8
 824000: system.cpu: T0 : 0x1a7dc    : bne a4, a5, -6             : IntAlu : 
 824500: system.cpu: T0 : 0x1a7d6    : c_sd a5, 24(a5)            : MemWrite :  D=0x000000000006fbe8 A=0x6fc00
 825000: system.cpu: T0 : 0x1a7d8    : c_sd a5, 16(a5)            : MemWrite :  D=0x000000000006fbe8 A=0x6fbf8
 825500: system.cpu: T0 : 0x1a7da    : c_addi a5, 16              : IntAlu :  D=0x000000000006fbf8
 826000: system.cpu: T0 : 0x1a7dc    : bne a4, a5, -6             : IntAlu : 
 826500: system.cpu: T0 : 0x1a7d6    : c_sd a5, 24(a5)            : MemWrite :  D=0x000000000006fbf8 A=0x6fc10
 827000: system.cpu: T0 : 0x1a7d8    : c_sd a5, 16(a5)            : MemWrite :  D=0x000000000006fbf8 A=0x6fc08
 827500: system.cpu: T0 : 0x1a7da    : c_addi a5, 16              : IntAlu :  D=0x000000000006fc08
 828000: system.cpu: T0 : 0x1a7dc    : bne a4, a5, -6             : IntAlu : 
 828500: system.cpu: T0 : 0x1a7d6    : c_sd a5, 24(a5)            : MemWrite :  D=0x000000000006fc08 A=0x6fc20
 829000: system.cpu: T0 : 0x1a7d8    : c_sd a5, 16(a5)            : MemWrite :  D=0x000000000006fc08 A=0x6fc18
 829500: system.cpu: T0 : 0x1a7da    : c_addi a5, 16              : IntAlu :  D=0x000000000006fc18
 830000: system.cpu: T0 : 0x1a7dc    : bne a4, a5, -6             : IntAlu : 
 830500: system.cpu: T0 : 0x1a7d6    : c_sd a5, 24(a5)            : MemWrite :  D=0x000000000006fc18 A=0x6fc30
 831000: system.cpu: T0 : 0x1a7d8    : c_sd a5, 16(a5)            : MemWrite :  D=0x000000000006fc18 A=0x6fc28
 831500: system.cpu: T0 : 0x1a7da    : c_addi a5, 16              : IntAlu :  D=0x000000000006fc28
 832000: system.cpu: T0 : 0x1a7dc    : bne a4, a5, -6             : IntAlu : 
 832500: system.cpu: T0 : 0x1a7d6    : c_sd a5, 24(a5)            : MemWrite :  D=0x000000000006fc28 A=0x6fc40
 833000: system.cpu: T0 : 0x1a7d8    : c_sd a5, 16(a5)            : MemWrite :  D=0x000000000006fc28 A=0x6fc38
 833500: system.cpu: T0 : 0x1a7da    : c_addi a5, 16              : IntAlu :  D=0x000000000006fc38
 834000: system.cpu: T0 : 0x1a7dc    : bne a4, a5, -6             : IntAlu : 
 834500: system.cpu: T0 : 0x1a7d6    : c_sd a5, 24(a5)            : MemWrite :  D=0x000000000006fc38 A=0x6fc50
 835000: system.cpu: T0 : 0x1a7d8    : c_sd a5, 16(a5)            : MemWrite :  D=0x000000000006fc38 A=0x6fc48
 835500: system.cpu: T0 : 0x1a7da    : c_addi a5, 16              : IntAlu :  D=0x000000000006fc48
 836000: system.cpu: T0 : 0x1a7dc    : bne a4, a5, -6             : IntAlu : 
 836500: system.cpu: T0 : 0x1a7d6    : c_sd a5, 24(a5)            : MemWrite :  D=0x000000000006fc48 A=0x6fc60
 837000: system.cpu: T0 : 0x1a7d8    : c_sd a5, 16(a5)            : MemWrite :  D=0x000000000006fc48 A=0x6fc58
 837500: system.cpu: T0 : 0x1a7da    : c_addi a5, 16              : IntAlu :  D=0x000000000006fc58
 838000: system.cpu: T0 : 0x1a7dc    : bne a4, a5, -6             : IntAlu : 
 838500: system.cpu: T0 : 0x1a7d6    : c_sd a5, 24(a5)            : MemWrite :  D=0x000000000006fc58 A=0x6fc70
 839000: system.cpu: T0 : 0x1a7d8    : c_sd a5, 16(a5)            : MemWrite :  D=0x000000000006fc58 A=0x6fc68
 839500: system.cpu: T0 : 0x1a7da    : c_addi a5, 16              : IntAlu :  D=0x000000000006fc68
 840000: system.cpu: T0 : 0x1a7dc    : bne a4, a5, -6             : IntAlu : 
 840500: system.cpu: T0 : 0x1a7d6    : c_sd a5, 24(a5)            : MemWrite :  D=0x000000000006fc68 A=0x6fc80
 841000: system.cpu: T0 : 0x1a7d8    : c_sd a5, 16(a5)            : MemWrite :  D=0x000000000006fc68 A=0x6fc78
 841500: system.cpu: T0 : 0x1a7da    : c_addi a5, 16              : IntAlu :  D=0x000000000006fc78
 842000: system.cpu: T0 : 0x1a7dc    : bne a4, a5, -6             : IntAlu : 
 842500: system.cpu: T0 : 0x1a7d6    : c_sd a5, 24(a5)            : MemWrite :  D=0x000000000006fc78 A=0x6fc90
 843000: system.cpu: T0 : 0x1a7d8    : c_sd a5, 16(a5)            : MemWrite :  D=0x000000000006fc78 A=0x6fc88
 843500: system.cpu: T0 : 0x1a7da    : c_addi a5, 16              : IntAlu :  D=0x000000000006fc88
 844000: system.cpu: T0 : 0x1a7dc    : bne a4, a5, -6             : IntAlu : 
 844500: system.cpu: T0 : 0x1a7d6    : c_sd a5, 24(a5)            : MemWrite :  D=0x000000000006fc88 A=0x6fca0
 845000: system.cpu: T0 : 0x1a7d8    : c_sd a5, 16(a5)            : MemWrite :  D=0x000000000006fc88 A=0x6fc98
 845500: system.cpu: T0 : 0x1a7da    : c_addi a5, 16              : IntAlu :  D=0x000000000006fc98
 846000: system.cpu: T0 : 0x1a7dc    : bne a4, a5, -6             : IntAlu : 
 846500: system.cpu: T0 : 0x1a7d6    : c_sd a5, 24(a5)            : MemWrite :  D=0x000000000006fc98 A=0x6fcb0
 847000: system.cpu: T0 : 0x1a7d8    : c_sd a5, 16(a5)            : MemWrite :  D=0x000000000006fc98 A=0x6fca8
 847500: system.cpu: T0 : 0x1a7da    : c_addi a5, 16              : IntAlu :  D=0x000000000006fca8
 848000: system.cpu: T0 : 0x1a7dc    : bne a4, a5, -6             : IntAlu : 
 848500: system.cpu: T0 : 0x1a7d6    : c_sd a5, 24(a5)            : MemWrite :  D=0x000000000006fca8 A=0x6fcc0
 849000: system.cpu: T0 : 0x1a7d8    : c_sd a5, 16(a5)            : MemWrite :  D=0x000000000006fca8 A=0x6fcb8
 849500: system.cpu: T0 : 0x1a7da    : c_addi a5, 16              : IntAlu :  D=0x000000000006fcb8
 850000: system.cpu: T0 : 0x1a7dc    : bne a4, a5, -6             : IntAlu : 
 850500: system.cpu: T0 : 0x1a7d6    : c_sd a5, 24(a5)            : MemWrite :  D=0x000000000006fcb8 A=0x6fcd0
 851000: system.cpu: T0 : 0x1a7d8    : c_sd a5, 16(a5)            : MemWrite :  D=0x000000000006fcb8 A=0x6fcc8
 851500: system.cpu: T0 : 0x1a7da    : c_addi a5, 16              : IntAlu :  D=0x000000000006fcc8
 852000: system.cpu: T0 : 0x1a7dc    : bne a4, a5, -6             : IntAlu : 
 852500: system.cpu: T0 : 0x1a7d6    : c_sd a5, 24(a5)            : MemWrite :  D=0x000000000006fcc8 A=0x6fce0
 853000: system.cpu: T0 : 0x1a7d8    : c_sd a5, 16(a5)            : MemWrite :  D=0x000000000006fcc8 A=0x6fcd8
 853500: system.cpu: T0 : 0x1a7da    : c_addi a5, 16              : IntAlu :  D=0x000000000006fcd8
 854000: system.cpu: T0 : 0x1a7dc    : bne a4, a5, -6             : IntAlu : 
 854500: system.cpu: T0 : 0x1a7d6    : c_sd a5, 24(a5)            : MemWrite :  D=0x000000000006fcd8 A=0x6fcf0
 855000: system.cpu: T0 : 0x1a7d8    : c_sd a5, 16(a5)            : MemWrite :  D=0x000000000006fcd8 A=0x6fce8
 855500: system.cpu: T0 : 0x1a7da    : c_addi a5, 16              : IntAlu :  D=0x000000000006fce8
 856000: system.cpu: T0 : 0x1a7dc    : bne a4, a5, -6             : IntAlu : 
 856500: system.cpu: T0 : 0x1a7d6    : c_sd a5, 24(a5)            : MemWrite :  D=0x000000000006fce8 A=0x6fd00
 857000: system.cpu: T0 : 0x1a7d8    : c_sd a5, 16(a5)            : MemWrite :  D=0x000000000006fce8 A=0x6fcf8
 857500: system.cpu: T0 : 0x1a7da    : c_addi a5, 16              : IntAlu :  D=0x000000000006fcf8
 858000: system.cpu: T0 : 0x1a7dc    : bne a4, a5, -6             : IntAlu : 
 858500: system.cpu: T0 : 0x1a7d6    : c_sd a5, 24(a5)            : MemWrite :  D=0x000000000006fcf8 A=0x6fd10
 859000: system.cpu: T0 : 0x1a7d8    : c_sd a5, 16(a5)            : MemWrite :  D=0x000000000006fcf8 A=0x6fd08
 859500: system.cpu: T0 : 0x1a7da    : c_addi a5, 16              : IntAlu :  D=0x000000000006fd08
 860000: system.cpu: T0 : 0x1a7dc    : bne a4, a5, -6             : IntAlu : 
 860500: system.cpu: T0 : 0x1a7d6    : c_sd a5, 24(a5)            : MemWrite :  D=0x000000000006fd08 A=0x6fd20
 861000: system.cpu: T0 : 0x1a7d8    : c_sd a5, 16(a5)            : MemWrite :  D=0x000000000006fd08 A=0x6fd18
 861500: system.cpu: T0 : 0x1a7da    : c_addi a5, 16              : IntAlu :  D=0x000000000006fd18
 862000: system.cpu: T0 : 0x1a7dc    : bne a4, a5, -6             : IntAlu : 
 862500: system.cpu: T0 : 0x1a7d6    : c_sd a5, 24(a5)            : MemWrite :  D=0x000000000006fd18 A=0x6fd30
 863000: system.cpu: T0 : 0x1a7d8    : c_sd a5, 16(a5)            : MemWrite :  D=0x000000000006fd18 A=0x6fd28
 863500: system.cpu: T0 : 0x1a7da    : c_addi a5, 16              : IntAlu :  D=0x000000000006fd28
 864000: system.cpu: T0 : 0x1a7dc    : bne a4, a5, -6             : IntAlu : 
 864500: system.cpu: T0 : 0x1a7d6    : c_sd a5, 24(a5)            : MemWrite :  D=0x000000000006fd28 A=0x6fd40
 865000: system.cpu: T0 : 0x1a7d8    : c_sd a5, 16(a5)            : MemWrite :  D=0x000000000006fd28 A=0x6fd38
 865500: system.cpu: T0 : 0x1a7da    : c_addi a5, 16              : IntAlu :  D=0x000000000006fd38
 866000: system.cpu: T0 : 0x1a7dc    : bne a4, a5, -6             : IntAlu : 
 866500: system.cpu: T0 : 0x1a7d6    : c_sd a5, 24(a5)            : MemWrite :  D=0x000000000006fd38 A=0x6fd50
 867000: system.cpu: T0 : 0x1a7d8    : c_sd a5, 16(a5)            : MemWrite :  D=0x000000000006fd38 A=0x6fd48
 867500: system.cpu: T0 : 0x1a7da    : c_addi a5, 16              : IntAlu :  D=0x000000000006fd48
 868000: system.cpu: T0 : 0x1a7dc    : bne a4, a5, -6             : IntAlu : 
 868500: system.cpu: T0 : 0x1a7d6    : c_sd a5, 24(a5)            : MemWrite :  D=0x000000000006fd48 A=0x6fd60
 869000: system.cpu: T0 : 0x1a7d8    : c_sd a5, 16(a5)            : MemWrite :  D=0x000000000006fd48 A=0x6fd58
 869500: system.cpu: T0 : 0x1a7da    : c_addi a5, 16              : IntAlu :  D=0x000000000006fd58
 870000: system.cpu: T0 : 0x1a7dc    : bne a4, a5, -6             : IntAlu : 
 870500: system.cpu: T0 : 0x1a7d6    : c_sd a5, 24(a5)            : MemWrite :  D=0x000000000006fd58 A=0x6fd70
 871000: system.cpu: T0 : 0x1a7d8    : c_sd a5, 16(a5)            : MemWrite :  D=0x000000000006fd58 A=0x6fd68
 871500: system.cpu: T0 : 0x1a7da    : c_addi a5, 16              : IntAlu :  D=0x000000000006fd68
 872000: system.cpu: T0 : 0x1a7dc    : bne a4, a5, -6             : IntAlu : 
 872500: system.cpu: T0 : 0x1a7d6    : c_sd a5, 24(a5)            : MemWrite :  D=0x000000000006fd68 A=0x6fd80
 873000: system.cpu: T0 : 0x1a7d8    : c_sd a5, 16(a5)            : MemWrite :  D=0x000000000006fd68 A=0x6fd78
 873500: system.cpu: T0 : 0x1a7da    : c_addi a5, 16              : IntAlu :  D=0x000000000006fd78
 874000: system.cpu: T0 : 0x1a7dc    : bne a4, a5, -6             : IntAlu : 
 874500: system.cpu: T0 : 0x1a7d6    : c_sd a5, 24(a5)            : MemWrite :  D=0x000000000006fd78 A=0x6fd90
 875000: system.cpu: T0 : 0x1a7d8    : c_sd a5, 16(a5)            : MemWrite :  D=0x000000000006fd78 A=0x6fd88
 875500: system.cpu: T0 : 0x1a7da    : c_addi a5, 16              : IntAlu :  D=0x000000000006fd88
 876000: system.cpu: T0 : 0x1a7dc    : bne a4, a5, -6             : IntAlu : 
 876500: system.cpu: T0 : 0x1a7d6    : c_sd a5, 24(a5)            : MemWrite :  D=0x000000000006fd88 A=0x6fda0
 877000: system.cpu: T0 : 0x1a7d8    : c_sd a5, 16(a5)            : MemWrite :  D=0x000000000006fd88 A=0x6fd98
 877500: system.cpu: T0 : 0x1a7da    : c_addi a5, 16              : IntAlu :  D=0x000000000006fd98
 878000: system.cpu: T0 : 0x1a7dc    : bne a4, a5, -6             : IntAlu : 
 878500: system.cpu: T0 : 0x1a7d6    : c_sd a5, 24(a5)            : MemWrite :  D=0x000000000006fd98 A=0x6fdb0
 879000: system.cpu: T0 : 0x1a7d8    : c_sd a5, 16(a5)            : MemWrite :  D=0x000000000006fd98 A=0x6fda8
 879500: system.cpu: T0 : 0x1a7da    : c_addi a5, 16              : IntAlu :  D=0x000000000006fda8
 880000: system.cpu: T0 : 0x1a7dc    : bne a4, a5, -6             : IntAlu : 
 880500: system.cpu: T0 : 0x1a7d6    : c_sd a5, 24(a5)            : MemWrite :  D=0x000000000006fda8 A=0x6fdc0
 881000: system.cpu: T0 : 0x1a7d8    : c_sd a5, 16(a5)            : MemWrite :  D=0x000000000006fda8 A=0x6fdb8
 881500: system.cpu: T0 : 0x1a7da    : c_addi a5, 16              : IntAlu :  D=0x000000000006fdb8
 882000: system.cpu: T0 : 0x1a7dc    : bne a4, a5, -6             : IntAlu : 
 882500: system.cpu: T0 : 0x1a7d6    : c_sd a5, 24(a5)            : MemWrite :  D=0x000000000006fdb8 A=0x6fdd0
 883000: system.cpu: T0 : 0x1a7d8    : c_sd a5, 16(a5)            : MemWrite :  D=0x000000000006fdb8 A=0x6fdc8
 883500: system.cpu: T0 : 0x1a7da    : c_addi a5, 16              : IntAlu :  D=0x000000000006fdc8
 884000: system.cpu: T0 : 0x1a7dc    : bne a4, a5, -6             : IntAlu : 
 884500: system.cpu: T0 : 0x1a7d6    : c_sd a5, 24(a5)            : MemWrite :  D=0x000000000006fdc8 A=0x6fde0
 885000: system.cpu: T0 : 0x1a7d8    : c_sd a5, 16(a5)            : MemWrite :  D=0x000000000006fdc8 A=0x6fdd8
 885500: system.cpu: T0 : 0x1a7da    : c_addi a5, 16              : IntAlu :  D=0x000000000006fdd8
 886000: system.cpu: T0 : 0x1a7dc    : bne a4, a5, -6             : IntAlu : 
 886500: system.cpu: T0 : 0x1a7d6    : c_sd a5, 24(a5)            : MemWrite :  D=0x000000000006fdd8 A=0x6fdf0
 887000: system.cpu: T0 : 0x1a7d8    : c_sd a5, 16(a5)            : MemWrite :  D=0x000000000006fdd8 A=0x6fde8
 887500: system.cpu: T0 : 0x1a7da    : c_addi a5, 16              : IntAlu :  D=0x000000000006fde8
 888000: system.cpu: T0 : 0x1a7dc    : bne a4, a5, -6             : IntAlu : 
 888500: system.cpu: T0 : 0x1a7d6    : c_sd a5, 24(a5)            : MemWrite :  D=0x000000000006fde8 A=0x6fe00
 889000: system.cpu: T0 : 0x1a7d8    : c_sd a5, 16(a5)            : MemWrite :  D=0x000000000006fde8 A=0x6fdf8
 889500: system.cpu: T0 : 0x1a7da    : c_addi a5, 16              : IntAlu :  D=0x000000000006fdf8
 890000: system.cpu: T0 : 0x1a7dc    : bne a4, a5, -6             : IntAlu : 
 890500: system.cpu: T0 : 0x1a7d6    : c_sd a5, 24(a5)            : MemWrite :  D=0x000000000006fdf8 A=0x6fe10
 891000: system.cpu: T0 : 0x1a7d8    : c_sd a5, 16(a5)            : MemWrite :  D=0x000000000006fdf8 A=0x6fe08
 891500: system.cpu: T0 : 0x1a7da    : c_addi a5, 16              : IntAlu :  D=0x000000000006fe08
 892000: system.cpu: T0 : 0x1a7dc    : bne a4, a5, -6             : IntAlu : 
 892500: system.cpu: T0 : 0x1a7d6    : c_sd a5, 24(a5)            : MemWrite :  D=0x000000000006fe08 A=0x6fe20
 893000: system.cpu: T0 : 0x1a7d8    : c_sd a5, 16(a5)            : MemWrite :  D=0x000000000006fe08 A=0x6fe18
 893500: system.cpu: T0 : 0x1a7da    : c_addi a5, 16              : IntAlu :  D=0x000000000006fe18
 894000: system.cpu: T0 : 0x1a7dc    : bne a4, a5, -6             : IntAlu : 
 894500: system.cpu: T0 : 0x1a7e0    : lui a5, 111                : IntAlu :  D=0x000000000006f000
 895000: system.cpu: T0 : 0x1a7e4    : addi a5, a5, 1480          : IntAlu :  D=0x000000000006f5c8
 895500: system.cpu: T0 : 0x1a7e8    : beq a0, a5, 24             : IntAlu : 
 896000: system.cpu: T0 : 0x1a800    : addi a4, zero, 128         : IntAlu :  D=0x0000000000000080
 896500: system.cpu: T0 : 0x1a804    : sd a4, -1376(gp)           : MemWrite :  D=0x0000000000000080 A=0x70ac8
 897000: system.cpu: T0 : 0x1a808    : addi a5, a0, 8             : IntAlu :  D=0x000000000006f5d0
 897500: system.cpu: T0 : 0x1a80c    : amoswap_w zero, zero, (a5)
 897500: system.cpu: T0 : 0x1a80c. 0 : amoswap_w[l] zero, zero, (a5) : MemRead :  D=0x0000000000000000 A=0x6f5d0
 898000: system.cpu: T0 : 0x1a810    : c_sd a3, 96(a0)            : MemWrite :  D=0x000000000006f628 A=0x6f628
 898500: system.cpu: T0 : 0x1a812    : c_jr ra                    : IntAlu : 
 899000: system.cpu: T0 : 0x1abce    : c_lui a2, 27               : IntAlu :  D=0x000000000001b000
 899500: system.cpu: T0 : 0x1abd0    : addi a2, a2, 796           : IntAlu :  D=0x000000000001b31c
 900000: system.cpu: T0 : 0x1abd4    : c_mv a1, sp                : IntAlu :  D=0x7ffffffffffffbe0
 900500: system.cpu: T0 : 0x1abd6    : c_li a0, 19                : IntAlu :  D=0x0000000000000013
 901000: system.cpu: T0 : 0x1abd8    : jal ra, 30078              : IntAlu :  D=0x000000000001abdc
 901500: system.cpu: T0 : 0x22156    : c_slli a0, 32              : IntAlu :  D=0x0000001300000000
 902000: system.cpu: T0 : 0x22158    : c_srli a0, 32              : IntAlu :  D=0x0000000000000013
 903000: system.cpu: T0 : 0x2215a    : slli a5, a0, 3             : IntAlu :  D=0x0000000000000098
 903500: system.cpu: T0 : 0x2215e    : c_sub a5, a0               : IntAlu :  D=0x0000000000000085
 904000: system.cpu: T0 : 0x22160    : lui a4, 111                : IntAlu :  D=0x000000000006f000
 904500: system.cpu: T0 : 0x22164    : addi a4, a4, -1248         : IntAlu :  D=0x000000000006eb20
 905000: system.cpu: T0 : 0x22168    : c_slli a5, 3               : IntAlu :  D=0x0000000000000428
 905500: system.cpu: T0 : 0x2216a    : c_add a5, a4               : IntAlu :  D=0x000000000006ef48
 906000: system.cpu: T0 : 0x2216c    : c_lw a3, 8(a5)             : MemRead :  D=0x0000000000000000 A=0x6ef50
 906500: system.cpu: T0 : 0x2216e    : c_li a6, 2                 : IntAlu :  D=0x0000000000000002
 907000: system.cpu: T0 : 0x22170    : c_ld a5, 32(a5)            : MemRead :  D=0x0000000000000000 A=0x6ef68
 908000: system.cpu: T0 : 0x22172    : bltu a6, a3, 42            : IntAlu : 
 908500: system.cpu: T0 : 0x22176    : c_bnez a3, 38              : IntAlu : 
 909000: system.cpu: T0 : 0x22178    : c_sw a5, 0(a1)             : MemWrite :  D=0x0000000000000000 A=0x7ffffffffffffbe0
 910000: system.cpu: T0 : 0x2217a    : slli a5, a0, 3             : IntAlu :  D=0x0000000000000098
 910500: system.cpu: T0 : 0x2217e    : c_sub a5, a0               : IntAlu :  D=0x0000000000000085
 911000: system.cpu: T0 : 0x22180    : c_slli a5, 3               : IntAlu :  D=0x0000000000000428
 912000: system.cpu: T0 : 0x22182    : add a3, a4, a5             : IntAlu :  D=0x000000000006ef48
 913000: system.cpu: T0 : 0x22186    : lbu a3, 40(a3)             : MemRead :  D=0x0000000000000000 A=0x6ef70
 913500: system.cpu: T0 : 0x2218a    : c_beqz a3, 16              : IntAlu : 
 914000: system.cpu: T0 : 0x2219a    : c_jr ra                    : IntAlu : 
 914500: system.cpu: T0 : 0x1abdc    : c_lui a2, 26               : IntAlu :  D=0x000000000001a000
 915500: system.cpu: T0 : 0x1abde    : addi a2, a2, 1120          : IntAlu :  D=0x000000000001a460
 916000: system.cpu: T0 : 0x1abe2    : c_mv a1, sp                : IntAlu :  D=0x7ffffffffffffbe0
 916500: system.cpu: T0 : 0x1abe4    : c_li a0, 7                 : IntAlu :  D=0x0000000000000007
 917500: system.cpu: T0 : 0x1abe6    : jal ra, 30064              : IntAlu :  D=0x000000000001abea
 918000: system.cpu: T0 : 0x22156    : c_slli a0, 32              : IntAlu :  D=0x0000000700000000
 918500: system.cpu: T0 : 0x22158    : c_srli a0, 32              : IntAlu :  D=0x0000000000000007
 919500: system.cpu: T0 : 0x2215a    : slli a5, a0, 3             : IntAlu :  D=0x0000000000000038
 920000: system.cpu: T0 : 0x2215e    : c_sub a5, a0               : IntAlu :  D=0x0000000000000031
 920500: system.cpu: T0 : 0x22160    : lui a4, 111                : IntAlu :  D=0x000000000006f000
 921000: system.cpu: T0 : 0x22164    : addi a4, a4, -1248         : IntAlu :  D=0x000000000006eb20
 921500: system.cpu: T0 : 0x22168    : c_slli a5, 3               : IntAlu :  D=0x0000000000000188
 922000: system.cpu: T0 : 0x2216a    : c_add a5, a4               : IntAlu :  D=0x000000000006eca8
 922500: system.cpu: T0 : 0x2216c    : c_lw a3, 8(a5)             : MemRead :  D=0x0000000000000002 A=0x6ecb0
 923000: system.cpu: T0 : 0x2216e    : c_li a6, 2                 : IntAlu :  D=0x0000000000000002
 923500: system.cpu: T0 : 0x22170    : c_ld a5, 32(a5)            : MemRead :  D=0x0000000000000000 A=0x6ecc8
 924500: system.cpu: T0 : 0x22172    : bltu a6, a3, 42            : IntAlu : 
 925000: system.cpu: T0 : 0x22176    : c_bnez a3, 38              : IntAlu : 
 925500: system.cpu: T0 : 0x2219c    : c_sd a5, 0(a1)             : MemWrite :  D=0x0000000000000000 A=0x7ffffffffffffbe0
 926000: system.cpu: T0 : 0x2219e    : c_j -36                    : IntAlu : 
 927000: system.cpu: T0 : 0x2217a    : slli a5, a0, 3             : IntAlu :  D=0x0000000000000038
 927500: system.cpu: T0 : 0x2217e    : c_sub a5, a0               : IntAlu :  D=0x0000000000000031
 928000: system.cpu: T0 : 0x22180    : c_slli a5, 3               : IntAlu :  D=0x0000000000000188
 929000: system.cpu: T0 : 0x22182    : add a3, a4, a5             : IntAlu :  D=0x000000000006eca8
 930000: system.cpu: T0 : 0x22186    : lbu a3, 40(a3)             : MemRead :  D=0x0000000000000000 A=0x6ecd0
 930500: system.cpu: T0 : 0x2218a    : c_beqz a3, 16              : IntAlu : 
 931000: system.cpu: T0 : 0x2219a    : c_jr ra                    : IntAlu : 
 931500: system.cpu: T0 : 0x1abea    : c_lui a2, 26               : IntAlu :  D=0x000000000001a000
 932000: system.cpu: T0 : 0x1abec    : addi a2, a2, 1138          : IntAlu :  D=0x000000000001a472
 932500: system.cpu: T0 : 0x1abf0    : c_mv a1, sp                : IntAlu :  D=0x7ffffffffffffbe0
 933000: system.cpu: T0 : 0x1abf2    : c_li a0, 2                 : IntAlu :  D=0x0000000000000002
 933500: system.cpu: T0 : 0x1abf4    : jal ra, 30050              : IntAlu :  D=0x000000000001abf8
 934000: system.cpu: T0 : 0x22156    : c_slli a0, 32              : IntAlu :  D=0x0000000200000000
 934500: system.cpu: T0 : 0x22158    : c_srli a0, 32              : IntAlu :  D=0x0000000000000002
 935500: system.cpu: T0 : 0x2215a    : slli a5, a0, 3             : IntAlu :  D=0x0000000000000010
 936000: system.cpu: T0 : 0x2215e    : c_sub a5, a0               : IntAlu :  D=0x000000000000000e
 936500: system.cpu: T0 : 0x22160    : lui a4, 111                : IntAlu :  D=0x000000000006f000
 937000: system.cpu: T0 : 0x22164    : addi a4, a4, -1248         : IntAlu :  D=0x000000000006eb20
 937500: system.cpu: T0 : 0x22168    : c_slli a5, 3               : IntAlu :  D=0x0000000000000070
 938000: system.cpu: T0 : 0x2216a    : c_add a5, a4               : IntAlu :  D=0x000000000006eb90
 938500: system.cpu: T0 : 0x2216c    : c_lw a3, 8(a5)             : MemRead :  D=0x0000000000000000 A=0x6eb98
 939000: system.cpu: T0 : 0x2216e    : c_li a6, 2                 : IntAlu :  D=0x0000000000000002
 939500: system.cpu: T0 : 0x22170    : c_ld a5, 32(a5)            : MemRead :  D=0x0000000000000000 A=0x6ebb0
 940500: system.cpu: T0 : 0x22172    : bltu a6, a3, 42            : IntAlu : 
 941000: system.cpu: T0 : 0x22176    : c_bnez a3, 38              : IntAlu : 
 941500: system.cpu: T0 : 0x22178    : c_sw a5, 0(a1)             : MemWrite :  D=0x0000000000000000 A=0x7ffffffffffffbe0
 942500: system.cpu: T0 : 0x2217a    : slli a5, a0, 3             : IntAlu :  D=0x0000000000000010
 943000: system.cpu: T0 : 0x2217e    : c_sub a5, a0               : IntAlu :  D=0x000000000000000e
 943500: system.cpu: T0 : 0x22180    : c_slli a5, 3               : IntAlu :  D=0x0000000000000070
 944500: system.cpu: T0 : 0x22182    : add a3, a4, a5             : IntAlu :  D=0x000000000006eb90
 945500: system.cpu: T0 : 0x22186    : lbu a3, 40(a3)             : MemRead :  D=0x0000000000000000 A=0x6ebb8
 946000: system.cpu: T0 : 0x2218a    : c_beqz a3, 16              : IntAlu : 
 946500: system.cpu: T0 : 0x2219a    : c_jr ra                    : IntAlu : 
 947000: system.cpu: T0 : 0x1abf8    : c_lui a2, 26               : IntAlu :  D=0x000000000001a000
 948000: system.cpu: T0 : 0x1abfa    : addi a2, a2, 1074          : IntAlu :  D=0x000000000001a432
 948500: system.cpu: T0 : 0x1abfe    : c_mv a1, sp                : IntAlu :  D=0x7ffffffffffffbe0
 949000: system.cpu: T0 : 0x1ac00    : c_li a0, 14                : IntAlu :  D=0x000000000000000e
 950000: system.cpu: T0 : 0x1ac02    : jal ra, 30036              : IntAlu :  D=0x000000000001ac06
 950500: system.cpu: T0 : 0x22156    : c_slli a0, 32              : IntAlu :  D=0x0000000e00000000
 951000: system.cpu: T0 : 0x22158    : c_srli a0, 32              : IntAlu :  D=0x000000000000000e
 952000: system.cpu: T0 : 0x2215a    : slli a5, a0, 3             : IntAlu :  D=0x0000000000000070
 952500: system.cpu: T0 : 0x2215e    : c_sub a5, a0               : IntAlu :  D=0x0000000000000062
 953000: system.cpu: T0 : 0x22160    : lui a4, 111                : IntAlu :  D=0x000000000006f000
 953500: system.cpu: T0 : 0x22164    : addi a4, a4, -1248         : IntAlu :  D=0x000000000006eb20
 954000: system.cpu: T0 : 0x22168    : c_slli a5, 3               : IntAlu :  D=0x0000000000000310
 954500: system.cpu: T0 : 0x2216a    : c_add a5, a4               : IntAlu :  D=0x000000000006ee30
 955000: system.cpu: T0 : 0x2216c    : c_lw a3, 8(a5)             : MemRead :  D=0x0000000000000002 A=0x6ee38
 955500: system.cpu: T0 : 0x2216e    : c_li a6, 2                 : IntAlu :  D=0x0000000000000002
 956000: system.cpu: T0 : 0x22170    : c_ld a5, 32(a5)            : MemRead :  D=0x0000000000000000 A=0x6ee50
 957000: system.cpu: T0 : 0x22172    : bltu a6, a3, 42            : IntAlu : 
 957500: system.cpu: T0 : 0x22176    : c_bnez a3, 38              : IntAlu : 
 958000: system.cpu: T0 : 0x2219c    : c_sd a5, 0(a1)             : MemWrite :  D=0x0000000000000000 A=0x7ffffffffffffbe0
 958500: system.cpu: T0 : 0x2219e    : c_j -36                    : IntAlu : 
 959500: system.cpu: T0 : 0x2217a    : slli a5, a0, 3             : IntAlu :  D=0x0000000000000070
 960000: system.cpu: T0 : 0x2217e    : c_sub a5, a0               : IntAlu :  D=0x0000000000000062
 960500: system.cpu: T0 : 0x22180    : c_slli a5, 3               : IntAlu :  D=0x0000000000000310
 961500: system.cpu: T0 : 0x22182    : add a3, a4, a5             : IntAlu :  D=0x000000000006ee30
 962500: system.cpu: T0 : 0x22186    : lbu a3, 40(a3)             : MemRead :  D=0x0000000000000000 A=0x6ee58
 963000: system.cpu: T0 : 0x2218a    : c_beqz a3, 16              : IntAlu : 
 963500: system.cpu: T0 : 0x2219a    : c_jr ra                    : IntAlu : 
 964000: system.cpu: T0 : 0x1ac06    : c_lui a2, 26               : IntAlu :  D=0x000000000001a000
 964500: system.cpu: T0 : 0x1ac08    : addi a2, a2, 1146          : IntAlu :  D=0x000000000001a47a
 965000: system.cpu: T0 : 0x1ac0c    : c_mv a1, sp                : IntAlu :  D=0x7ffffffffffffbe0
 965500: system.cpu: T0 : 0x1ac0e    : c_li a0, 1                 : IntAlu :  D=0x0000000000000001
 966000: system.cpu: T0 : 0x1ac10    : jal ra, 30022              : IntAlu :  D=0x000000000001ac14
 966500: system.cpu: T0 : 0x22156    : c_slli a0, 32              : IntAlu :  D=0x0000000100000000
 967000: system.cpu: T0 : 0x22158    : c_srli a0, 32              : IntAlu :  D=0x0000000000000001
 968000: system.cpu: T0 : 0x2215a    : slli a5, a0, 3             : IntAlu :  D=0x0000000000000008
 968500: system.cpu: T0 : 0x2215e    : c_sub a5, a0               : IntAlu :  D=0x0000000000000007
 969000: system.cpu: T0 : 0x22160    : lui a4, 111                : IntAlu :  D=0x000000000006f000
 969500: system.cpu: T0 : 0x22164    : addi a4, a4, -1248         : IntAlu :  D=0x000000000006eb20
 970000: system.cpu: T0 : 0x22168    : c_slli a5, 3               : IntAlu :  D=0x0000000000000038
 970500: system.cpu: T0 : 0x2216a    : c_add a5, a4               : IntAlu :  D=0x000000000006eb58
 971000: system.cpu: T0 : 0x2216c    : c_lw a3, 8(a5)             : MemRead :  D=0x0000000000000002 A=0x6eb60
 971500: system.cpu: T0 : 0x2216e    : c_li a6, 2                 : IntAlu :  D=0x0000000000000002
 972000: system.cpu: T0 : 0x22170    : c_ld a5, 32(a5)            : MemRead :  D=0x0000000000000000 A=0x6eb78
 973000: system.cpu: T0 : 0x22172    : bltu a6, a3, 42            : IntAlu : 
 973500: system.cpu: T0 : 0x22176    : c_bnez a3, 38              : IntAlu : 
 974000: system.cpu: T0 : 0x2219c    : c_sd a5, 0(a1)             : MemWrite :  D=0x0000000000000000 A=0x7ffffffffffffbe0
 974500: system.cpu: T0 : 0x2219e    : c_j -36                    : IntAlu : 
 975500: system.cpu: T0 : 0x2217a    : slli a5, a0, 3             : IntAlu :  D=0x0000000000000008
 976000: system.cpu: T0 : 0x2217e    : c_sub a5, a0               : IntAlu :  D=0x0000000000000007
 976500: system.cpu: T0 : 0x22180    : c_slli a5, 3               : IntAlu :  D=0x0000000000000038
 977500: system.cpu: T0 : 0x22182    : add a3, a4, a5             : IntAlu :  D=0x000000000006eb58
 978500: system.cpu: T0 : 0x22186    : lbu a3, 40(a3)             : MemRead :  D=0x0000000000000000 A=0x6eb80
 979000: system.cpu: T0 : 0x2218a    : c_beqz a3, 16              : IntAlu : 
 979500: system.cpu: T0 : 0x2219a    : c_jr ra                    : IntAlu : 
 980000: system.cpu: T0 : 0x1ac14    : c_lui a2, 26               : IntAlu :  D=0x000000000001a000
 981000: system.cpu: T0 : 0x1ac16    : addi a2, a2, 1102          : IntAlu :  D=0x000000000001a44e
 981500: system.cpu: T0 : 0x1ac1a    : c_mv a1, sp                : IntAlu :  D=0x7ffffffffffffbe0
 982000: system.cpu: T0 : 0x1ac1c    : c_li a0, 9                 : IntAlu :  D=0x0000000000000009
 983000: system.cpu: T0 : 0x1ac1e    : jal ra, 30008              : IntAlu :  D=0x000000000001ac22
 983500: system.cpu: T0 : 0x22156    : c_slli a0, 32              : IntAlu :  D=0x0000000900000000
 984000: system.cpu: T0 : 0x22158    : c_srli a0, 32              : IntAlu :  D=0x0000000000000009
 985000: system.cpu: T0 : 0x2215a    : slli a5, a0, 3             : IntAlu :  D=0x0000000000000048
 985500: system.cpu: T0 : 0x2215e    : c_sub a5, a0               : IntAlu :  D=0x000000000000003f
 986000: system.cpu: T0 : 0x22160    : lui a4, 111                : IntAlu :  D=0x000000000006f000
 986500: system.cpu: T0 : 0x22164    : addi a4, a4, -1248         : IntAlu :  D=0x000000000006eb20
 987000: system.cpu: T0 : 0x22168    : c_slli a5, 3               : IntAlu :  D=0x00000000000001f8
 987500: system.cpu: T0 : 0x2216a    : c_add a5, a4               : IntAlu :  D=0x000000000006ed18
 988000: system.cpu: T0 : 0x2216c    : c_lw a3, 8(a5)             : MemRead :  D=0x0000000000000000 A=0x6ed20
 988500: system.cpu: T0 : 0x2216e    : c_li a6, 2                 : IntAlu :  D=0x0000000000000002
 989000: system.cpu: T0 : 0x22170    : c_ld a5, 32(a5)            : MemRead :  D=0x0000000000000000 A=0x6ed38
 990000: system.cpu: T0 : 0x22172    : bltu a6, a3, 42            : IntAlu : 
 990500: system.cpu: T0 : 0x22176    : c_bnez a3, 38              : IntAlu : 
 991000: system.cpu: T0 : 0x22178    : c_sw a5, 0(a1)             : MemWrite :  D=0x0000000000000000 A=0x7ffffffffffffbe0
 992000: system.cpu: T0 : 0x2217a    : slli a5, a0, 3             : IntAlu :  D=0x0000000000000048
 992500: system.cpu: T0 : 0x2217e    : c_sub a5, a0               : IntAlu :  D=0x000000000000003f
 993000: system.cpu: T0 : 0x22180    : c_slli a5, 3               : IntAlu :  D=0x00000000000001f8
 994000: system.cpu: T0 : 0x22182    : add a3, a4, a5             : IntAlu :  D=0x000000000006ed18
 995000: system.cpu: T0 : 0x22186    : lbu a3, 40(a3)             : MemRead :  D=0x0000000000000000 A=0x6ed40
 995500: system.cpu: T0 : 0x2218a    : c_beqz a3, 16              : IntAlu : 
 996000: system.cpu: T0 : 0x2219a    : c_jr ra                    : IntAlu : 
 996500: system.cpu: T0 : 0x1ac22    : c_lui a2, 26               : IntAlu :  D=0x000000000001a000
 997000: system.cpu: T0 : 0x1ac24    : addi a2, a2, 1164          : IntAlu :  D=0x000000000001a48c
 997500: system.cpu: T0 : 0x1ac28    : c_mv a1, sp                : IntAlu :  D=0x7ffffffffffffbe0
 998000: system.cpu: T0 : 0x1ac2a    : c_li a0, 13                : IntAlu :  D=0x000000000000000d
 998500: system.cpu: T0 : 0x1ac2c    : jal ra, 29994              : IntAlu :  D=0x000000000001ac30
 999000: system.cpu: T0 : 0x22156    : c_slli a0, 32              : IntAlu :  D=0x0000000d00000000
 999500: system.cpu: T0 : 0x22158    : c_srli a0, 32              : IntAlu :  D=0x000000000000000d
1000500: system.cpu: T0 : 0x2215a    : slli a5, a0, 3             : IntAlu :  D=0x0000000000000068
1001000: system.cpu: T0 : 0x2215e    : c_sub a5, a0               : IntAlu :  D=0x000000000000005b
1001500: system.cpu: T0 : 0x22160    : lui a4, 111                : IntAlu :  D=0x000000000006f000
1002000: system.cpu: T0 : 0x22164    : addi a4, a4, -1248         : IntAlu :  D=0x000000000006eb20
1002500: system.cpu: T0 : 0x22168    : c_slli a5, 3               : IntAlu :  D=0x00000000000002d8
1003000: system.cpu: T0 : 0x2216a    : c_add a5, a4               : IntAlu :  D=0x000000000006edf8
1003500: system.cpu: T0 : 0x2216c    : c_lw a3, 8(a5)             : MemRead :  D=0x0000000000000002 A=0x6ee00
1004000: system.cpu: T0 : 0x2216e    : c_li a6, 2                 : IntAlu :  D=0x0000000000000002
1004500: system.cpu: T0 : 0x22170    : c_ld a5, 32(a5)            : MemRead :  D=0x0000000000000000 A=0x6ee18
1005500: system.cpu: T0 : 0x22172    : bltu a6, a3, 42            : IntAlu : 
1006000: system.cpu: T0 : 0x22176    : c_bnez a3, 38              : IntAlu : 
1006500: system.cpu: T0 : 0x2219c    : c_sd a5, 0(a1)             : MemWrite :  D=0x0000000000000000 A=0x7ffffffffffffbe0
1007000: system.cpu: T0 : 0x2219e    : c_j -36                    : IntAlu : 
1008000: system.cpu: T0 : 0x2217a    : slli a5, a0, 3             : IntAlu :  D=0x0000000000000068
1008500: system.cpu: T0 : 0x2217e    : c_sub a5, a0               : IntAlu :  D=0x000000000000005b
1009000: system.cpu: T0 : 0x22180    : c_slli a5, 3               : IntAlu :  D=0x00000000000002d8
1010000: system.cpu: T0 : 0x22182    : add a3, a4, a5             : IntAlu :  D=0x000000000006edf8
1011000: system.cpu: T0 : 0x22186    : lbu a3, 40(a3)             : MemRead :  D=0x0000000000000000 A=0x6ee20
1011500: system.cpu: T0 : 0x2218a    : c_beqz a3, 16              : IntAlu : 
1012000: system.cpu: T0 : 0x2219a    : c_jr ra                    : IntAlu : 
1012500: system.cpu: T0 : 0x1ac30    : c_lui a2, 26               : IntAlu :  D=0x000000000001a000
1013500: system.cpu: T0 : 0x1ac32    : addi a2, a2, 1176          : IntAlu :  D=0x000000000001a498
1014000: system.cpu: T0 : 0x1ac36    : c_mv a1, sp                : IntAlu :  D=0x7ffffffffffffbe0
1014500: system.cpu: T0 : 0x1ac38    : c_li a0, 16                : IntAlu :  D=0x0000000000000010
1015500: system.cpu: T0 : 0x1ac3a    : jal ra, 29980              : IntAlu :  D=0x000000000001ac3e
1016000: system.cpu: T0 : 0x22156    : c_slli a0, 32              : IntAlu :  D=0x0000001000000000
1016500: system.cpu: T0 : 0x22158    : c_srli a0, 32              : IntAlu :  D=0x0000000000000010
1017500: system.cpu: T0 : 0x2215a    : slli a5, a0, 3             : IntAlu :  D=0x0000000000000080
1018000: system.cpu: T0 : 0x2215e    : c_sub a5, a0               : IntAlu :  D=0x0000000000000070
1018500: system.cpu: T0 : 0x22160    : lui a4, 111                : IntAlu :  D=0x000000000006f000
1019000: system.cpu: T0 : 0x22164    : addi a4, a4, -1248         : IntAlu :  D=0x000000000006eb20
1019500: system.cpu: T0 : 0x22168    : c_slli a5, 3               : IntAlu :  D=0x0000000000000380
1020000: system.cpu: T0 : 0x2216a    : c_add a5, a4               : IntAlu :  D=0x000000000006eea0
1020500: system.cpu: T0 : 0x2216c    : c_lw a3, 8(a5)             : MemRead :  D=0x0000000000000002 A=0x6eea8
1021000: system.cpu: T0 : 0x2216e    : c_li a6, 2                 : IntAlu :  D=0x0000000000000002
1021500: system.cpu: T0 : 0x22170    : c_ld a5, 32(a5)            : MemRead :  D=0x0000000000000000 A=0x6eec0
1022500: system.cpu: T0 : 0x22172    : bltu a6, a3, 42            : IntAlu : 
1023000: system.cpu: T0 : 0x22176    : c_bnez a3, 38              : IntAlu : 
1023500: system.cpu: T0 : 0x2219c    : c_sd a5, 0(a1)             : MemWrite :  D=0x0000000000000000 A=0x7ffffffffffffbe0
1024000: system.cpu: T0 : 0x2219e    : c_j -36                    : IntAlu : 
1025000: system.cpu: T0 : 0x2217a    : slli a5, a0, 3             : IntAlu :  D=0x0000000000000080
1025500: system.cpu: T0 : 0x2217e    : c_sub a5, a0               : IntAlu :  D=0x0000000000000070
1026000: system.cpu: T0 : 0x22180    : c_slli a5, 3               : IntAlu :  D=0x0000000000000380
1027000: system.cpu: T0 : 0x22182    : add a3, a4, a5             : IntAlu :  D=0x000000000006eea0
1028000: system.cpu: T0 : 0x22186    : lbu a3, 40(a3)             : MemRead :  D=0x0000000000000000 A=0x6eec8
1028500: system.cpu: T0 : 0x2218a    : c_beqz a3, 16              : IntAlu : 
1029000: system.cpu: T0 : 0x2219a    : c_jr ra                    : IntAlu : 
1029500: system.cpu: T0 : 0x1ac3e    : c_lui a2, 26               : IntAlu :  D=0x000000000001a000
1030000: system.cpu: T0 : 0x1ac40    : addi a2, a2, 1188          : IntAlu :  D=0x000000000001a4a4
1030500: system.cpu: T0 : 0x1ac44    : c_mv a1, sp                : IntAlu :  D=0x7ffffffffffffbe0
1031000: system.cpu: T0 : 0x1ac46    : c_li a0, 18                : IntAlu :  D=0x0000000000000012
1031500: system.cpu: T0 : 0x1ac48    : jal ra, 29966              : IntAlu :  D=0x000000000001ac4c
1032000: system.cpu: T0 : 0x22156    : c_slli a0, 32              : IntAlu :  D=0x0000001200000000
1032500: system.cpu: T0 : 0x22158    : c_srli a0, 32              : IntAlu :  D=0x0000000000000012
1033500: system.cpu: T0 : 0x2215a    : slli a5, a0, 3             : IntAlu :  D=0x0000000000000090
1034000: system.cpu: T0 : 0x2215e    : c_sub a5, a0               : IntAlu :  D=0x000000000000007e
1034500: system.cpu: T0 : 0x22160    : lui a4, 111                : IntAlu :  D=0x000000000006f000
1035000: system.cpu: T0 : 0x22164    : addi a4, a4, -1248         : IntAlu :  D=0x000000000006eb20
1035500: system.cpu: T0 : 0x22168    : c_slli a5, 3               : IntAlu :  D=0x00000000000003f0
1036000: system.cpu: T0 : 0x2216a    : c_add a5, a4               : IntAlu :  D=0x000000000006ef10
1036500: system.cpu: T0 : 0x2216c    : c_lw a3, 8(a5)             : MemRead :  D=0x0000000000000002 A=0x6ef18
1037000: system.cpu: T0 : 0x2216e    : c_li a6, 2                 : IntAlu :  D=0x0000000000000002
1037500: system.cpu: T0 : 0x22170    : c_ld a5, 32(a5)            : MemRead :  D=0x0000000000000000 A=0x6ef30
1038500: system.cpu: T0 : 0x22172    : bltu a6, a3, 42            : IntAlu : 
1039000: system.cpu: T0 : 0x22176    : c_bnez a3, 38              : IntAlu : 
1039500: system.cpu: T0 : 0x2219c    : c_sd a5, 0(a1)             : MemWrite :  D=0x0000000000000000 A=0x7ffffffffffffbe0
1040000: system.cpu: T0 : 0x2219e    : c_j -36                    : IntAlu : 
1041000: system.cpu: T0 : 0x2217a    : slli a5, a0, 3             : IntAlu :  D=0x0000000000000090
1041500: system.cpu: T0 : 0x2217e    : c_sub a5, a0               : IntAlu :  D=0x000000000000007e
1042000: system.cpu: T0 : 0x22180    : c_slli a5, 3               : IntAlu :  D=0x00000000000003f0
1043000: system.cpu: T0 : 0x22182    : add a3, a4, a5             : IntAlu :  D=0x000000000006ef10
1044000: system.cpu: T0 : 0x22186    : lbu a3, 40(a3)             : MemRead :  D=0x0000000000000000 A=0x6ef38
1044500: system.cpu: T0 : 0x2218a    : c_beqz a3, 16              : IntAlu : 
1045000: system.cpu: T0 : 0x2219a    : c_jr ra                    : IntAlu : 
1045500: system.cpu: T0 : 0x1ac4c    : c_lui a2, 26               : IntAlu :  D=0x000000000001a000
1046500: system.cpu: T0 : 0x1ac4e    : addi a2, a2, 1234          : IntAlu :  D=0x000000000001a4d2
1047000: system.cpu: T0 : 0x1ac52    : c_mv a1, sp                : IntAlu :  D=0x7ffffffffffffbe0
1047500: system.cpu: T0 : 0x1ac54    : c_li a0, 15                : IntAlu :  D=0x000000000000000f
1048500: system.cpu: T0 : 0x1ac56    : jal ra, 29952              : IntAlu :  D=0x000000000001ac5a
1049000: system.cpu: T0 : 0x22156    : c_slli a0, 32              : IntAlu :  D=0x0000000f00000000
1049500: system.cpu: T0 : 0x22158    : c_srli a0, 32              : IntAlu :  D=0x000000000000000f
1050500: system.cpu: T0 : 0x2215a    : slli a5, a0, 3             : IntAlu :  D=0x0000000000000078
1051000: system.cpu: T0 : 0x2215e    : c_sub a5, a0               : IntAlu :  D=0x0000000000000069
1051500: system.cpu: T0 : 0x22160    : lui a4, 111                : IntAlu :  D=0x000000000006f000
1052000: system.cpu: T0 : 0x22164    : addi a4, a4, -1248         : IntAlu :  D=0x000000000006eb20
1052500: system.cpu: T0 : 0x22168    : c_slli a5, 3               : IntAlu :  D=0x0000000000000348
1053000: system.cpu: T0 : 0x2216a    : c_add a5, a4               : IntAlu :  D=0x000000000006ee68
1053500: system.cpu: T0 : 0x2216c    : c_lw a3, 8(a5)             : MemRead :  D=0x0000000000000002 A=0x6ee70
1054000: system.cpu: T0 : 0x2216e    : c_li a6, 2                 : IntAlu :  D=0x0000000000000002
1054500: system.cpu: T0 : 0x22170    : c_ld a5, 32(a5)            : MemRead :  D=0x0000000000000000 A=0x6ee88
1055500: system.cpu: T0 : 0x22172    : bltu a6, a3, 42            : IntAlu : 
1056000: system.cpu: T0 : 0x22176    : c_bnez a3, 38              : IntAlu : 
1056500: system.cpu: T0 : 0x2219c    : c_sd a5, 0(a1)             : MemWrite :  D=0x0000000000000000 A=0x7ffffffffffffbe0
1057000: system.cpu: T0 : 0x2219e    : c_j -36                    : IntAlu : 
1058000: system.cpu: T0 : 0x2217a    : slli a5, a0, 3             : IntAlu :  D=0x0000000000000078
1058500: system.cpu: T0 : 0x2217e    : c_sub a5, a0               : IntAlu :  D=0x0000000000000069
1059000: system.cpu: T0 : 0x22180    : c_slli a5, 3               : IntAlu :  D=0x0000000000000348
1060000: system.cpu: T0 : 0x22182    : add a3, a4, a5             : IntAlu :  D=0x000000000006ee68
1061000: system.cpu: T0 : 0x22186    : lbu a3, 40(a3)             : MemRead :  D=0x0000000000000000 A=0x6ee90
1061500: system.cpu: T0 : 0x2218a    : c_beqz a3, 16              : IntAlu : 
1062000: system.cpu: T0 : 0x2219a    : c_jr ra                    : IntAlu : 
1062500: system.cpu: T0 : 0x1ac5a    : c_lui a2, 26               : IntAlu :  D=0x000000000001a000
1063000: system.cpu: T0 : 0x1ac5c    : addi a2, a2, 1254          : IntAlu :  D=0x000000000001a4e6
1063500: system.cpu: T0 : 0x1ac60    : c_mv a1, sp                : IntAlu :  D=0x7ffffffffffffbe0
1064000: system.cpu: T0 : 0x1ac62    : c_li a0, 11                : IntAlu :  D=0x000000000000000b
1064500: system.cpu: T0 : 0x1ac64    : jal ra, 29938              : IntAlu :  D=0x000000000001ac68
1065000: system.cpu: T0 : 0x22156    : c_slli a0, 32              : IntAlu :  D=0x0000000b00000000
1065500: system.cpu: T0 : 0x22158    : c_srli a0, 32              : IntAlu :  D=0x000000000000000b
1066500: system.cpu: T0 : 0x2215a    : slli a5, a0, 3             : IntAlu :  D=0x0000000000000058
1067000: system.cpu: T0 : 0x2215e    : c_sub a5, a0               : IntAlu :  D=0x000000000000004d
1067500: system.cpu: T0 : 0x22160    : lui a4, 111                : IntAlu :  D=0x000000000006f000
1068000: system.cpu: T0 : 0x22164    : addi a4, a4, -1248         : IntAlu :  D=0x000000000006eb20
1068500: system.cpu: T0 : 0x22168    : c_slli a5, 3               : IntAlu :  D=0x0000000000000268
1069000: system.cpu: T0 : 0x2216a    : c_add a5, a4               : IntAlu :  D=0x000000000006ed88
1069500: system.cpu: T0 : 0x2216c    : c_lw a3, 8(a5)             : MemRead :  D=0x0000000000000002 A=0x6ed90
1070000: system.cpu: T0 : 0x2216e    : c_li a6, 2                 : IntAlu :  D=0x0000000000000002
1070500: system.cpu: T0 : 0x22170    : c_ld a5, 32(a5)            : MemRead :  D=0x0000000000000000 A=0x6eda8
1071500: system.cpu: T0 : 0x22172    : bltu a6, a3, 42            : IntAlu : 
1072000: system.cpu: T0 : 0x22176    : c_bnez a3, 38              : IntAlu : 
1072500: system.cpu: T0 : 0x2219c    : c_sd a5, 0(a1)             : MemWrite :  D=0x0000000000000000 A=0x7ffffffffffffbe0
1073000: system.cpu: T0 : 0x2219e    : c_j -36                    : IntAlu : 
1074000: system.cpu: T0 : 0x2217a    : slli a5, a0, 3             : IntAlu :  D=0x0000000000000058
1074500: system.cpu: T0 : 0x2217e    : c_sub a5, a0               : IntAlu :  D=0x000000000000004d
1075000: system.cpu: T0 : 0x22180    : c_slli a5, 3               : IntAlu :  D=0x0000000000000268
1076000: system.cpu: T0 : 0x22182    : add a3, a4, a5             : IntAlu :  D=0x000000000006ed88
1077000: system.cpu: T0 : 0x22186    : lbu a3, 40(a3)             : MemRead :  D=0x0000000000000000 A=0x6edb0
1077500: system.cpu: T0 : 0x2218a    : c_beqz a3, 16              : IntAlu : 
1078000: system.cpu: T0 : 0x2219a    : c_jr ra                    : IntAlu : 
1078500: system.cpu: T0 : 0x1ac68    : c_lui a2, 26               : IntAlu :  D=0x000000000001a000
1079500: system.cpu: T0 : 0x1ac6a    : addi a2, a2, 1266          : IntAlu :  D=0x000000000001a4f2
1080000: system.cpu: T0 : 0x1ac6e    : c_mv a1, sp                : IntAlu :  D=0x7ffffffffffffbe0
1080500: system.cpu: T0 : 0x1ac70    : c_li a0, 5                 : IntAlu :  D=0x0000000000000005
1081500: system.cpu: T0 : 0x1ac72    : jal ra, 29924              : IntAlu :  D=0x000000000001ac76
1082000: system.cpu: T0 : 0x22156    : c_slli a0, 32              : IntAlu :  D=0x0000000500000000
1082500: system.cpu: T0 : 0x22158    : c_srli a0, 32              : IntAlu :  D=0x0000000000000005
1083500: system.cpu: T0 : 0x2215a    : slli a5, a0, 3             : IntAlu :  D=0x0000000000000028
1084000: system.cpu: T0 : 0x2215e    : c_sub a5, a0               : IntAlu :  D=0x0000000000000023
1084500: system.cpu: T0 : 0x22160    : lui a4, 111                : IntAlu :  D=0x000000000006f000
1085000: system.cpu: T0 : 0x22164    : addi a4, a4, -1248         : IntAlu :  D=0x000000000006eb20
1085500: system.cpu: T0 : 0x22168    : c_slli a5, 3               : IntAlu :  D=0x0000000000000118
1086000: system.cpu: T0 : 0x2216a    : c_add a5, a4               : IntAlu :  D=0x000000000006ec38
1086500: system.cpu: T0 : 0x2216c    : c_lw a3, 8(a5)             : MemRead :  D=0x0000000000000002 A=0x6ec40
1087000: system.cpu: T0 : 0x2216e    : c_li a6, 2                 : IntAlu :  D=0x0000000000000002
1087500: system.cpu: T0 : 0x22170    : c_ld a5, 32(a5)            : MemRead :  D=0x0000000000000000 A=0x6ec58
1088500: system.cpu: T0 : 0x22172    : bltu a6, a3, 42            : IntAlu : 
1089000: system.cpu: T0 : 0x22176    : c_bnez a3, 38              : IntAlu : 
1089500: system.cpu: T0 : 0x2219c    : c_sd a5, 0(a1)             : MemWrite :  D=0x0000000000000000 A=0x7ffffffffffffbe0
1090000: system.cpu: T0 : 0x2219e    : c_j -36                    : IntAlu : 
1091000: system.cpu: T0 : 0x2217a    : slli a5, a0, 3             : IntAlu :  D=0x0000000000000028
1091500: system.cpu: T0 : 0x2217e    : c_sub a5, a0               : IntAlu :  D=0x0000000000000023
1092000: system.cpu: T0 : 0x22180    : c_slli a5, 3               : IntAlu :  D=0x0000000000000118
1093000: system.cpu: T0 : 0x22182    : add a3, a4, a5             : IntAlu :  D=0x000000000006ec38
1094000: system.cpu: T0 : 0x22186    : lbu a3, 40(a3)             : MemRead :  D=0x0000000000000000 A=0x6ec60
1094500: system.cpu: T0 : 0x2218a    : c_beqz a3, 16              : IntAlu : 
1095000: system.cpu: T0 : 0x2219a    : c_jr ra                    : IntAlu : 
1095500: system.cpu: T0 : 0x1ac76    : c_ldsp a4, 8(sp)           : MemRead :  D=0x2e00000000000000 A=0x7ffffffffffffbe8
1096000: system.cpu: T0 : 0x1ac78    : ld a5, -1264(s1)           : MemRead :  D=0x2e00000000000000 A=0x6eb10
1096500: system.cpu: T0 : 0x1ac7c    : c_li a3, 1                 : IntAlu :  D=0x0000000000000001
1097500: system.cpu: T0 : 0x1ac7e    : sw a3, -1876(gp)           : MemWrite :  D=0x0000000000000001 A=0x708d4
1098500: system.cpu: T0 : 0x1ac82    : bne a4, a5, 14             : IntAlu : 
1099000: system.cpu: T0 : 0x1ac86    : c_ldsp ra, 40(sp)          : MemRead :  D=0x000000000001da54 A=0x7ffffffffffffc08
1099500: system.cpu: T0 : 0x1ac88    : c_ldsp s0, 32(sp)          : MemRead :  D=0x7ffffffffffffd00 A=0x7ffffffffffffc00
1100000: system.cpu: T0 : 0x1ac8a    : c_ldsp s1, 24(sp)          : MemRead :  D=0x7ffffffffffffc30 A=0x7ffffffffffffbf8
1100500: system.cpu: T0 : 0x1ac8c    : c_addi16sp sp, 48          : IntAlu :  D=0x7ffffffffffffc10
1101000: system.cpu: T0 : 0x1ac8e    : c_jr ra                    : IntAlu : 
1101500: system.cpu: T0 : 0x1da54    : c_ldsp a0, 8(sp)           : MemRead :  D=0x0000000000000024 A=0x7ffffffffffffc18
1102000: system.cpu: T0 : 0x1da56    : c_ldsp ra, 24(sp)          : MemRead :  D=0x000000000003d912 A=0x7ffffffffffffc28
1102500: system.cpu: T0 : 0x1da58    : c_addi16sp sp, 32          : IntAlu :  D=0x7ffffffffffffc30
1103000: system.cpu: T0 : 0x1da5a    : c_j -540                   : IntAlu : 
1104000: system.cpu: T0 : 0x1d83e    : ld t1, -1848(gp)           : MemRead :  D=0x0000000000000000 A=0x708f0
1105000: system.cpu: T0 : 0x1d842    : bne t1, zero, 260          : IntAlu : 
1105500: system.cpu: T0 : 0x1d846    : c_addi sp, -32             : IntAlu :  D=0x7ffffffffffffc10
1106000: system.cpu: T0 : 0x1d848    : c_sdsp s0, 16(sp)          : MemWrite :  D=0x7ffffffffffffd00 A=0x7ffffffffffffc20
1106500: system.cpu: T0 : 0x1d84a    : c_sdsp ra, 24(sp)          : MemWrite :  D=0x000000000003d912 A=0x7ffffffffffffc28
1107000: system.cpu: T0 : 0x1d84c    : c_sdsp s1, 8(sp)           : MemWrite :  D=0x7ffffffffffffc30 A=0x7ffffffffffffc18
1107500: system.cpu: T0 : 0x1d84e    : c_sdsp s2, 0(sp)           : MemWrite :  D=0x0000000000000002 A=0x7ffffffffffffc10
1108000: system.cpu: T0 : 0x1d850    : c_mv s0, a0                : IntAlu :  D=0x0000000000000024
1109000: system.cpu: T0 : 0x1d852    : blt a0, zero, 222          : IntAlu : 
1110000: system.cpu: T0 : 0x1d856    : addi a5, a0, 23            : IntAlu :  D=0x000000000000003b
1110500: system.cpu: T0 : 0x1d85a    : c_li a4, 31                : IntAlu :  D=0x000000000000001f
1111000: system.cpu: T0 : 0x1d85c    : c_li s1, 0                 : IntAlu :  D=0x0000000000000000
1112000: system.cpu: T0 : 0x1d85e    : bltu a4, a5, 94            : IntAlu : 
1112500: system.cpu: T0 : 0x1d8bc    : c_andi a5, 18446744073709551600 : IntAlu :  D=0x0000000000000030
1113000: system.cpu: T0 : 0x1d8be    : c_addi a5, -17             : IntAlu :  D=0x000000000000001f
1113500: system.cpu: T0 : 0x1d8c0    : srli s1, a5, 4             : IntAlu :  D=0x0000000000000001
1114000: system.cpu: T0 : 0x1d8c4    : c_j -98                    : IntAlu : 
1115000: system.cpu: T0 : 0x1d862    : ld a4, 40(tp)              : MemRead :  D=0x0000000000000000 A=0x72738
1115500: system.cpu: T0 : 0x1d866    : c_beqz a4, 96              : IntAlu : 
1116500: system.cpu: T0 : 0x1d8c6    : lbu a5, 48(tp)             : MemRead :  D=0x0000000000000000 A=0x72740
1117000: system.cpu: T0 : 0x1d8ca    : c_bnez a5, -86             : IntAlu : 
1117500: system.cpu: T0 : 0x1d8cc    : jal ra, -2478              : IntAlu :  D=0x000000000001d8d0
1118000: system.cpu: T0 : 0x1cf1e    : c_addi sp, -32             : IntAlu :  D=0x7ffffffffffffbf0
1118500: system.cpu: T0 : 0x1cf20    : c_sdsp s0, 16(sp)          : MemWrite :  D=0x0000000000000024 A=0x7ffffffffffffc00
1119500: system.cpu: T0 : 0x1cf22    : ld s0, 56(tp)              : MemRead :  D=0x000000000006f5c8 A=0x72748
1120000: system.cpu: T0 : 0x1cf26    : c_sdsp ra, 24(sp)          : MemWrite :  D=0x000000000001d8d0 A=0x7ffffffffffffc08
1120500: system.cpu: T0 : 0x1cf28    : c_sdsp s1, 8(sp)           : MemWrite :  D=0x0000000000000001 A=0x7ffffffffffffbf8
1121000: system.cpu: T0 : 0x1cf2a    : c_beqz s0, 78              : IntAlu : 
1121500: system.cpu: T0 : 0x1cf2c    : c_mv s1, s0                : IntAlu :  D=0x000000000006f5c8
1122000: system.cpu: T0 : 0x1cf2e    : c_li a4, 1                 : IntAlu :  D=0x0000000000000001
1122500: system.cpu: T0 : 0x1cf30    : lr_w a5, (s0)             
1122500: system.cpu: T0 : 0x1cf30. 0 : lr_w a5, (s0)              : MemRead :  D=0x0000000000000000 A=0x6f5c8
1123000: system.cpu: T0 : 0x1cf34    : c_bnez a5, 8               : IntAlu : 
1124000: system.cpu: T0 : 0x1cf36    : sc_w_aq a3, a4, (s0)      
1124000: system.cpu: T0 : 0x1cf36. 0 : sc_w a3, a4, (s0)          : MemWrite :  D=0x0000000000000000 A=0x6f5c8
1124500: system.cpu: T0 : 0x1cf36. 1 : 0x1ce426af fence           : No_OpClass : 
1125000: system.cpu: T0 : 0x1cf3a    : c_bnez a3, -10             : IntAlu : 
1125500: system.cpu: T0 : 0x1cf3c    : c_addiw a5, 0              : IntAlu :  D=0x0000000000000000
1126000: system.cpu: T0 : 0x1cf3e    : c_bnez a5, 162             : IntAlu : 
1126500: system.cpu: T0 : 0x1cf40    : addi a1, zero, 640         : IntAlu :  D=0x0000000000000280
1127000: system.cpu: T0 : 0x1cf44    : c_mv a0, s0                : IntAlu :  D=0x000000000006f5c8
1128000: system.cpu: T0 : 0x1cf46    : jal ra, -2862              : IntAlu :  D=0x000000000001cf4a
1128500: system.cpu: T0 : 0x1c418    : c_addi16sp sp, -256        : IntAlu :  D=0x7ffffffffffffaf0
1129000: system.cpu: T0 : 0x1c41a    : c_sdsp ra, 248(sp)         : MemWrite :  D=0x000000000001cf4a A=0x7ffffffffffffbe8
1129500: system.cpu: T0 : 0x1c41c    : c_sdsp s0, 240(sp)         : MemWrite :  D=0x000000000006f5c8 A=0x7ffffffffffffbe0
1130000: system.cpu: T0 : 0x1c41e    : c_sdsp s1, 232(sp)         : MemWrite :  D=0x000000000006f5c8 A=0x7ffffffffffffbd8
1130500: system.cpu: T0 : 0x1c420    : c_sdsp s2, 224(sp)         : MemWrite :  D=0x0000000000000002 A=0x7ffffffffffffbd0
1131000: system.cpu: T0 : 0x1c422    : c_sdsp s3, 216(sp)         : MemWrite :  D=0x0000000000000000 A=0x7ffffffffffffbc8
1131500: system.cpu: T0 : 0x1c424    : c_sdsp s4, 208(sp)         : MemWrite :  D=0x0000000000000000 A=0x7ffffffffffffbc0
1132000: system.cpu: T0 : 0x1c426    : c_sdsp s5, 200(sp)         : MemWrite :  D=0x0000000000000000 A=0x7ffffffffffffbb8
1132500: system.cpu: T0 : 0x1c428    : c_sdsp s6, 192(sp)         : MemWrite :  D=0x0000000000072000 A=0x7ffffffffffffbb0
1133000: system.cpu: T0 : 0x1c42a    : c_sdsp s7, 184(sp)         : MemWrite :  D=0x0000000000000000 A=0x7ffffffffffffba8
1133500: system.cpu: T0 : 0x1c42c    : c_sdsp s8, 176(sp)         : MemWrite :  D=0x0000000000000000 A=0x7ffffffffffffba0
1134000: system.cpu: T0 : 0x1c42e    : c_sdsp s9, 168(sp)         : MemWrite :  D=0x0000000000000003 A=0x7ffffffffffffb98
1134500: system.cpu: T0 : 0x1c430    : c_sdsp s10, 160(sp)        : MemWrite :  D=0x0000000000000000 A=0x7ffffffffffffb90
1135000: system.cpu: T0 : 0x1c432    : c_sdsp s11, 152(sp)        : MemWrite :  D=0x0000000000000000 A=0x7ffffffffffffb88
1135500: system.cpu: T0 : 0x1c434    : blt a1, zero, 1198         : IntAlu : 
1136000: system.cpu: T0 : 0x1c438    : addi s0, a1, 23            : IntAlu :  D=0x0000000000000297
1136500: system.cpu: T0 : 0x1c43c    : c_li a5, 31                : IntAlu :  D=0x000000000000001f
1137000: system.cpu: T0 : 0x1c43e    : c_mv s3, a1                : IntAlu :  D=0x0000000000000280
1137500: system.cpu: T0 : 0x1c440    : c_mv s1, a0                : IntAlu :  D=0x000000000006f5c8
1138500: system.cpu: T0 : 0x1c442    : bltu a5, s0, 220           : IntAlu : 
1139000: system.cpu: T0 : 0x1c51e    : c_andi s0, 18446744073709551600 : IntAlu :  D=0x0000000000000290
1139500: system.cpu: T0 : 0x1c520    : beq a0, zero, 988          : IntAlu : 
1140000: system.cpu: T0 : 0x1c524    : ld a4, -1376(gp)           : MemRead :  D=0x0000000000000080 A=0x70ac8
1140500: system.cpu: T0 : 0x1c528    : srliw s9, s0, 4            : IntAlu :  D=0x0000000000000029
1141000: system.cpu: T0 : 0x1c52c    : srliw a5, s0, 4            : IntAlu :  D=0x0000000000000029
1141500: system.cpu: T0 : 0x1c530    : bgeu a4, s0, 506           : IntAlu : 
1142000: system.cpu: T0 : 0x1c534    : addi a4, zero, 1023        : IntAlu :  D=0x00000000000003ff
1142500: system.cpu: T0 : 0x1c538    : bgeu a4, s0, 1722          : IntAlu : 
1143000: system.cpu: T0 : 0x1cbf2    : c_addiw a5, -1             : IntAlu :  D=0x0000000000000028
1143500: system.cpu: T0 : 0x1cbf4    : c_j -1406                  : IntAlu : 
1144500: system.cpu: T0 : 0x1c676    : slliw a5, a5, 1            : IntAlu :  D=0x0000000000000050
1145000: system.cpu: T0 : 0x1c67a    : c_slli a5, 32              : IntAlu :  D=0x0000005000000000
1145500: system.cpu: T0 : 0x1c67c    : c_srli a5, 32              : IntAlu :  D=0x0000000000000050
1146000: system.cpu: T0 : 0x1c67e    : c_addi a5, 14              : IntAlu :  D=0x000000000000005e
1146500: system.cpu: T0 : 0x1c680    : c_slli a5, 3               : IntAlu :  D=0x00000000000002f0
1147000: system.cpu: T0 : 0x1c682    : c_j -550                   : IntAlu : 
1147500: system.cpu: T0 : 0x1c45c    : c_add a5, s1               : IntAlu :  D=0x000000000006f8b8
1148500: system.cpu: T0 : 0x1c45e    : ld s2, 8(a5)               : MemRead :  D=0x000000000006f8a8 A=0x6f8c0
1149500: system.cpu: T0 : 0x1c462    : addi a3, a5, -16           : IntAlu :  D=0x000000000006f8a8
1150500: system.cpu: T0 : 0x1c466    : beq a3, s2, 748            : IntAlu : 
1151500: system.cpu: T0 : 0x1c752    : srli t1, s0, 9             : IntAlu :  D=0x0000000000000001
1152500: system.cpu: T0 : 0x1c756    : addiw a5, t1, 91           : IntAlu :  D=0x000000000000005c
1153500: system.cpu: T0 : 0x1c75a    : srli s10, s0, 6            : IntAlu :  D=0x000000000000000a
1154000: system.cpu: T0 : 0x1c75e    : c_sdsp a5, 96(sp)          : MemWrite :  D=0x000000000000005c A=0x7ffffffffffffb50
1154500: system.cpu: T0 : 0x1c760    : addiw a5, s10, 48          : IntAlu :  D=0x000000000000003a
1155000: system.cpu: T0 : 0x1c764    : c_sdsp a5, 88(sp)          : MemWrite :  D=0x000000000000003a A=0x7ffffffffffffb48
1156000: system.cpu: T0 : 0x1c766    : addi a5, zero, 110         : IntAlu :  D=0x000000000000006e
1156500: system.cpu: T0 : 0x1c76a    : c_sdsp a5, 112(sp)         : MemWrite :  D=0x000000000000006e A=0x7ffffffffffffb60
1157000: system.cpu: T0 : 0x1c76c    : addi a5, zero, 119         : IntAlu :  D=0x0000000000000077
1157500: system.cpu: T0 : 0x1c770    : c_sdsp a5, 104(sp)         : MemWrite :  D=0x0000000000000077 A=0x7ffffffffffffb58
1158500: system.cpu: T0 : 0x1c772    : addi a5, zero, 124         : IntAlu :  D=0x000000000000007c
1159000: system.cpu: T0 : 0x1c776    : c_sdsp s9, 8(sp)           : MemWrite :  D=0x0000000000000029 A=0x7ffffffffffffaf8
1159500: system.cpu: T0 : 0x1c778    : c_sdsp a5, 120(sp)         : MemWrite :  D=0x000000000000007c A=0x7ffffffffffffb68
1160000: system.cpu: T0 : 0x1c77a    : c_sdsp zero, 128(sp)       : MemWrite :  D=0x0000000000000000 A=0x7ffffffffffffb70
1160500: system.cpu: T0 : 0x1c77c    : c_sdsp zero, 136(sp)       : MemWrite :  D=0x0000000000000000 A=0x7ffffffffffffb78
1161500: system.cpu: T0 : 0x1c77e    : ld a5, 40(tp)              : MemRead :  D=0x0000000000000000 A=0x72738
1162500: system.cpu: T0 : 0x1c782    : addi s6, s0, -17           : IntAlu :  D=0x000000000000027f
1163500: system.cpu: T0 : 0x1c786    : srli s6, s6, 4             : IntAlu :  D=0x0000000000000027
1164000: system.cpu: T0 : 0x1c78a    : c_li s5, 0                 : IntAlu :  D=0x0000000000000000
1164500: system.cpu: T0 : 0x1c78c    : c_beqz a5, 22              : IntAlu : 
1165500: system.cpu: T0 : 0x1c7a2    : lui a5, 111                : IntAlu :  D=0x000000000006f000
1166000: system.cpu: T0 : 0x1c7a6    : c_lui s11, 1               : IntAlu :  D=0x0000000000001000
1166500: system.cpu: T0 : 0x1c7a8    : lui s7, 111                : IntAlu :  D=0x000000000006f000
1167000: system.cpu: T0 : 0x1c7ac    : addi a5, a5, 1480          : IntAlu :  D=0x000000000006f5c8
1167500: system.cpu: T0 : 0x1c7b0    : addi s8, s1, 96            : IntAlu :  D=0x000000000006f628
1168000: system.cpu: T0 : 0x1c7b4    : c_li t5, 0                 : IntAlu :  D=0x0000000000000000
1169000: system.cpu: T0 : 0x1c7b6    : addi s7, s7, 1368          : IntAlu :  D=0x000000000006f558
1170000: system.cpu: T0 : 0x1c7ba    : add a7, s1, s11            : IntAlu :  D=0x00000000000705c8
1170500: system.cpu: T0 : 0x1c7be    : c_sdsp a5, 56(sp)          : MemWrite :  D=0x000000000006f5c8 A=0x7ffffffffffffb28
1171000: system.cpu: T0 : 0x1c7c0    : c_ld a5, 120(s1)           : MemRead :  D=0x000000000006f628 A=0x6f640
1172000: system.cpu: T0 : 0x1c7c2    : beq a5, s8, 532            : IntAlu : 
1173000: system.cpu: T0 : 0x1c9d6    : addi a5, zero, 1023        : IntAlu :  D=0x00000000000003ff
1174000: system.cpu: T0 : 0x1c9da    : bgeu a5, s0, 38            : IntAlu : 
1174500: system.cpu: T0 : 0x1ca00    : c_ldsp a3, 8(sp)           : MemRead :  D=0x0000000000000029 A=0x7ffffffffffffaf8
1175000: system.cpu: T0 : 0x1ca02    : c_li a0, 4                 : IntAlu :  D=0x0000000000000004
1175500: system.cpu: T0 : 0x1ca04    : addiw a5, a3, 1            : IntAlu :  D=0x000000000000002a
1176000: system.cpu: T0 : 0x1ca08    : srliw a4, a5, 5            : IntAlu :  D=0x0000000000000001
1176500: system.cpu: T0 : 0x1ca0c    : slliw a3, a3, 1            : IntAlu :  D=0x0000000000000052
1177000: system.cpu: T0 : 0x1ca10    : addi a4, a4, 536           : IntAlu :  D=0x0000000000000219
1177500: system.cpu: T0 : 0x1ca14    : c_slli a3, 32              : IntAlu :  D=0x0000005200000000
1178000: system.cpu: T0 : 0x1ca16    : c_slli a4, 2               : IntAlu :  D=0x0000000000000864
1178500: system.cpu: T0 : 0x1ca18    : c_srli a3, 32              : IntAlu :  D=0x0000000000000052
1179000: system.cpu: T0 : 0x1ca1a    : c_add a4, s1               : IntAlu :  D=0x000000000006fe2c
1179500: system.cpu: T0 : 0x1ca1c    : c_slli a3, 3               : IntAlu :  D=0x0000000000000290
1180000: system.cpu: T0 : 0x1ca1e    : c_lw a2, 0(a4)             : MemRead :  D=0x0000000000000000 A=0x6fe2c
1180500: system.cpu: T0 : 0x1ca20    : addi a3, a3, 96            : IntAlu :  D=0x00000000000002f0
1181000: system.cpu: T0 : 0x1ca24    : c_li a4, 1                 : IntAlu :  D=0x0000000000000001
1182000: system.cpu: T0 : 0x1ca26    : srliw s2, a5, 5            : IntAlu :  D=0x0000000000000001
1182500: system.cpu: T0 : 0x1ca2a    : c_add a3, s1               : IntAlu :  D=0x000000000006f8b8
1183000: system.cpu: T0 : 0x1ca2c    : sllw a5, a4, a5            : IntAlu :  D=0x0000000000000400
1183500: system.cpu: T0 : 0x1ca30    : bltu a2, a5, 144           : IntAlu : 
1184000: system.cpu: T0 : 0x1cac0    : addiw a5, s2, 1            : IntAlu :  D=0x0000000000000002
1184500: system.cpu: T0 : 0x1cac4    : addiw s2, a5, 0            : IntAlu :  D=0x0000000000000002
1185000: system.cpu: T0 : 0x1cac8    : bne s2, a0, -26            : IntAlu : 
1185500: system.cpu: T0 : 0x1caae    : c_slli a5, 32              : IntAlu :  D=0x0000000200000000
1186000: system.cpu: T0 : 0x1cab0    : c_srli a5, 32              : IntAlu :  D=0x0000000000000002
1187000: system.cpu: T0 : 0x1cab2    : addi a5, a5, 536           : IntAlu :  D=0x000000000000021a
1187500: system.cpu: T0 : 0x1cab6    : c_slli a5, 2               : IntAlu :  D=0x0000000000000868
1188000: system.cpu: T0 : 0x1cab8    : c_add a5, s1               : IntAlu :  D=0x000000000006fe30
1188500: system.cpu: T0 : 0x1caba    : c_lw a2, 0(a5)             : MemRead :  D=0x0000000000000000 A=0x6fe30
1189000: system.cpu: T0 : 0x1cabc    : bne a2, zero, 384          : IntAlu : 
1189500: system.cpu: T0 : 0x1cac0    : addiw a5, s2, 1            : IntAlu :  D=0x0000000000000003
1190000: system.cpu: T0 : 0x1cac4    : addiw s2, a5, 0            : IntAlu :  D=0x0000000000000003
1190500: system.cpu: T0 : 0x1cac8    : bne s2, a0, -26            : IntAlu : 
1191000: system.cpu: T0 : 0x1caae    : c_slli a5, 32              : IntAlu :  D=0x0000000300000000
1191500: system.cpu: T0 : 0x1cab0    : c_srli a5, 32              : IntAlu :  D=0x0000000000000003
1192500: system.cpu: T0 : 0x1cab2    : addi a5, a5, 536           : IntAlu :  D=0x000000000000021b
1193000: system.cpu: T0 : 0x1cab6    : c_slli a5, 2               : IntAlu :  D=0x000000000000086c
1193500: system.cpu: T0 : 0x1cab8    : c_add a5, s1               : IntAlu :  D=0x000000000006fe34
1194000: system.cpu: T0 : 0x1caba    : c_lw a2, 0(a5)             : MemRead :  D=0x0000000000000000 A=0x6fe34
1194500: system.cpu: T0 : 0x1cabc    : bne a2, zero, 384          : IntAlu : 
1195000: system.cpu: T0 : 0x1cac0    : addiw a5, s2, 1            : IntAlu :  D=0x0000000000000004
1195500: system.cpu: T0 : 0x1cac4    : addiw s2, a5, 0            : IntAlu :  D=0x0000000000000004
1196000: system.cpu: T0 : 0x1cac8    : bne s2, a0, -26            : IntAlu : 
1196500: system.cpu: T0 : 0x1cacc    : c_ld a4, 96(s1)            : MemRead :  D=0x000000000006f628 A=0x6f628
1197500: system.cpu: T0 : 0x1cace    : ld a3, -1912(a7)           : MemRead :  D=0x0000000000000000 A=0x6fe50
1198000: system.cpu: T0 : 0x1cad2    : c_ld a5, 8(a4)             : MemRead :  D=0x0000000000000000 A=0x6f630
1198500: system.cpu: T0 : 0x1cad4    : c_andi a5, 18446744073709551608 : IntAlu :  D=0x0000000000000000
1199500: system.cpu: T0 : 0x1cad6    : bltu a3, a5, 548           : IntAlu : 
1200500: system.cpu: T0 : 0x1cada    : addi a3, s0, 32            : IntAlu :  D=0x00000000000002b0
1201500: system.cpu: T0 : 0x1cade    : bgeu a5, a3, 640           : IntAlu : 
1202000: system.cpu: T0 : 0x1cae2    : c_sdsp a7, 32(sp)          : MemWrite :  D=0x00000000000705c8 A=0x7ffffffffffffb10
1202500: system.cpu: T0 : 0x1cae4    : c_sdsp t1, 24(sp)          : MemWrite :  D=0x0000000000000001 A=0x7ffffffffffffb08
1203000: system.cpu: T0 : 0x1cae6    : c_sdsp t5, 16(sp)          : MemWrite :  D=0x0000000000000000 A=0x7ffffffffffffb00
1203500: system.cpu: T0 : 0x1cae8    : c_lw a5, 8(s1)             : MemRead :  D=0x0000000000000000 A=0x6f5d0
1204000: system.cpu: T0 : 0x1caea    : c_addiw a5, 0              : IntAlu :  D=0x0000000000000000
1204500: system.cpu: T0 : 0x1caec    : c_beqz a5, 180             : IntAlu : 
1205000: system.cpu: T0 : 0x1cba0    : c_mv a1, s1                : IntAlu :  D=0x000000000006f5c8
1205500: system.cpu: T0 : 0x1cba2    : c_mv a0, s0                : IntAlu :  D=0x0000000000000290
1206000: system.cpu: T0 : 0x1cba4    : jal ra, -3372              : IntAlu :  D=0x000000000001cba8
1206500: system.cpu: T0 : 0x1be78    : c_addi16sp sp, -160        : IntAlu :  D=0x7ffffffffffffa50
1207000: system.cpu: T0 : 0x1be7a    : c_sdsp s1, 136(sp)         : MemWrite :  D=0x000000000006f5c8 A=0x7ffffffffffffad8
1207500: system.cpu: T0 : 0x1be7c    : c_sdsp s2, 128(sp)         : MemWrite :  D=0x0000000000000004 A=0x7ffffffffffffad0
1208000: system.cpu: T0 : 0x1be7e    : c_sdsp s10, 64(sp)         : MemWrite :  D=0x000000000000000a A=0x7ffffffffffffa90
1208500: system.cpu: T0 : 0x1be80    : c_sdsp ra, 152(sp)         : MemWrite :  D=0x000000000001cba8 A=0x7ffffffffffffae8
1209000: system.cpu: T0 : 0x1be82    : c_sdsp s0, 144(sp)         : MemWrite :  D=0x0000000000000290 A=0x7ffffffffffffae0
1209500: system.cpu: T0 : 0x1be84    : c_sdsp s3, 120(sp)         : MemWrite :  D=0x0000000000000280 A=0x7ffffffffffffac8
1210000: system.cpu: T0 : 0x1be86    : c_sdsp s4, 112(sp)         : MemWrite :  D=0x0000000000000000 A=0x7ffffffffffffac0
1210500: system.cpu: T0 : 0x1be88    : c_sdsp s5, 104(sp)         : MemWrite :  D=0x0000000000000000 A=0x7ffffffffffffab8
1211000: system.cpu: T0 : 0x1be8a    : c_sdsp s6, 96(sp)          : MemWrite :  D=0x0000000000000027 A=0x7ffffffffffffab0
1211500: system.cpu: T0 : 0x1be8c    : c_sdsp s7, 88(sp)          : MemWrite :  D=0x000000000006f558 A=0x7ffffffffffffaa8
1212000: system.cpu: T0 : 0x1be8e    : c_sdsp s8, 80(sp)          : MemWrite :  D=0x000000000006f628 A=0x7ffffffffffffaa0
1212500: system.cpu: T0 : 0x1be90    : c_sdsp s9, 72(sp)          : MemWrite :  D=0x0000000000000029 A=0x7ffffffffffffa98
1213000: system.cpu: T0 : 0x1be92    : c_sdsp s11, 56(sp)         : MemWrite :  D=0x0000000000001000 A=0x7ffffffffffffa88
1213500: system.cpu: T0 : 0x1be94    : ld s2, -1784(gp)           : MemRead :  D=0x0000000000001000 A=0x70930
1214000: system.cpu: T0 : 0x1be98    : c_mv s1, a0                : IntAlu :  D=0x0000000000000290
1215000: system.cpu: T0 : 0x1be9a    : beq a1, zero, 534          : IntAlu : 
1216000: system.cpu: T0 : 0x1be9e    : lui s11, 111               : IntAlu :  D=0x000000000006f000
1217000: system.cpu: T0 : 0x1bea2    : addi s11, s11, 1368        : IntAlu :  D=0x000000000006f558
1218000: system.cpu: T0 : 0x1bea6    : ld a5, 16(s11)             : MemRead :  D=0x0000000000020000 A=0x6f568
1218500: system.cpu: T0 : 0x1beaa    : c_mv s0, a1                : IntAlu :  D=0x000000000006f5c8
1219000: system.cpu: T0 : 0x1beac    : bgeu a0, a5, 276           : IntAlu : 
1219500: system.cpu: T0 : 0x1beb0    : c_sdsp zero, 8(sp)         : MemWrite :  D=0x0000000000000000 A=0x7ffffffffffffa58
1220500: system.cpu: T0 : 0x1beb2    : addi s5, s2, 7             : IntAlu :  D=0x0000000000001007
1221500: system.cpu: T0 : 0x1beb6    : add a5, s5, s1             : IntAlu :  D=0x0000000000001297
1222500: system.cpu: T0 : 0x1beba    : lui s6, 111                : IntAlu :  D=0x000000000006f000
1223500: system.cpu: T0 : 0x1bebe    : sub s5, zero, s2           : IntAlu :  D=0xfffffffffffff000
1224500: system.cpu: T0 : 0x1bec2    : addi a7, s0, 96            : IntAlu :  D=0x000000000006f628
1225500: system.cpu: T0 : 0x1bec6    : addi t1, s2, -1            : IntAlu :  D=0x0000000000000fff
1226500: system.cpu: T0 : 0x1beca    : addi s8, s1, 32            : IntAlu :  D=0x00000000000002b0
1227500: system.cpu: T0 : 0x1bece    : addi s7, s6, 1480          : IntAlu :  D=0x000000000006f5c8
1228500: system.cpu: T0 : 0x1bed2    : and s5, a5, s5             : IntAlu :  D=0x0000000000001000
1229500: system.cpu: T0 : 0x1bed6    : ld s4, 96(s0)              : MemRead :  D=0x000000000006f628 A=0x6f628
1230500: system.cpu: T0 : 0x1beda    : ld a5, 8(s4)               : MemRead :  D=0x0000000000000000 A=0x6f630
1231500: system.cpu: T0 : 0x1bede    : andi s3, a5, 18446744073709551608 : IntAlu :  D=0x0000000000000000
1232500: system.cpu: T0 : 0x1bee2    : add s9, s4, s3             : IntAlu :  D=0x000000000006f628
1233500: system.cpu: T0 : 0x1bee6    : beq s4, a7, 506            : IntAlu : 
1234000: system.cpu: T0 : 0x1c0e0    : beq s3, zero, -482         : IntAlu : 
1235000: system.cpu: T0 : 0x1befe    : bgeu s3, s8, 1112          : IntAlu : 
1236000: system.cpu: T0 : 0x1bf02    : beq s0, s7, 484            : IntAlu : 
1237000: system.cpu: T0 : 0x1c0e6    : ld s5, 8(s11)              : MemRead :  D=0x0000000000020000 A=0x6f560
1237500: system.cpu: T0 : 0x1c0ea    : c_lw a5, 4(s0)             : MemRead :  D=0x0000000000000000 A=0x6f5cc
1238000: system.cpu: T0 : 0x1c0ec    : addi s10, s2, -1           : IntAlu :  D=0x0000000000000fff
1238500: system.cpu: T0 : 0x1c0f0    : addi s5, s5, 32            : IntAlu :  D=0x0000000000020020
1239000: system.cpu: T0 : 0x1c0f4    : c_add s5, s10              : IntAlu :  D=0x000000000002101f
1239500: system.cpu: T0 : 0x1c0f6    : c_andi a5, 2               : IntAlu :  D=0x0000000000000000
1240000: system.cpu: T0 : 0x1c0f8    : c_add s5, s1               : IntAlu :  D=0x00000000000212af
1241000: system.cpu: T0 : 0x1c0fa    : sub a6, zero, s2           : IntAlu :  D=0xfffffffffffff000
1241500: system.cpu: T0 : 0x1c0fe    : c_beqz a5, 158             : IntAlu : 
1242000: system.cpu: T0 : 0x1c19c    : sub s5, s5, s3             : IntAlu :  D=0x00000000000212af
1242500: system.cpu: T0 : 0x1c1a0    : and s5, s5, a6             : IntAlu :  D=0x0000000000021000
1243000: system.cpu: T0 : 0x1c1a4    : blt zero, s5, -156         : IntAlu : 
1243500: system.cpu: T0 : 0x1c108    : ld a5, -1840(gp)           : MemRead :  D=0x000000000001ea32 A=0x708f8
1244000: system.cpu: T0 : 0x1c10c    : c_mv a0, s5                : IntAlu :  D=0x0000000000021000
1244500: system.cpu: T0 : 0x1c10e    : c_sdsp a6, 8(sp)           : MemWrite :  D=0xfffffffffffff000 A=0x7ffffffffffffa58
1245000: system.cpu: T0 : 0x1c110    : c_jalr a5                  : IntAlu :  D=0x000000000001c112
1245500: system.cpu: T0 : 0x1ea32    : c_addi sp, -16             : IntAlu :  D=0x7ffffffffffffa40
1246000: system.cpu: T0 : 0x1ea34    : c_sdsp ra, 8(sp)           : MemWrite :  D=0x000000000001c112 A=0x7ffffffffffffa48
1247000: system.cpu: T0 : 0x1ea36    : jal ra, 9318               : IntAlu :  D=0x000000000001ea3a
1247500: system.cpu: T0 : 0x20e9c    : c_addi sp, -32             : IntAlu :  D=0x7ffffffffffffa20
1248000: system.cpu: T0 : 0x20e9e    : c_sdsp s2, 0(sp)           : MemWrite :  D=0x0000000000001000 A=0x7ffffffffffffa20
1248500: system.cpu: T0 : 0x20ea0    : c_sdsp s1, 8(sp)           : MemWrite :  D=0x0000000000000290 A=0x7ffffffffffffa28
1249500: system.cpu: T0 : 0x20ea2    : ld s1, -1200(gp)           : MemRead :  D=0x0000000000072f80 A=0x70b78
1250000: system.cpu: T0 : 0x20ea6    : c_sdsp s0, 16(sp)          : MemWrite :  D=0x000000000006f5c8 A=0x7ffffffffffffa30
1250500: system.cpu: T0 : 0x20ea8    : c_sdsp ra, 24(sp)          : MemWrite :  D=0x000000000001ea3a A=0x7ffffffffffffa38
1251000: system.cpu: T0 : 0x20eaa    : c_mv s0, a0                : IntAlu :  D=0x0000000000021000
1251500: system.cpu: T0 : 0x20eac    : c_beqz s1, 46              : IntAlu : 
1252500: system.cpu: T0 : 0x20eae    : lw a5, -1728(gp)           : MemRead :  D=0x0000000000000000 A=0x70968
1253000: system.cpu: T0 : 0x20eb2    : c_bnez a5, 40              : IntAlu : 
1253500: system.cpu: T0 : 0x20eb4    : c_beqz s0, 24              : IntAlu : 
1254500: system.cpu: T0 : 0x20eb6    : bge zero, s0, 52           : IntAlu : 
1255500: system.cpu: T0 : 0x20eba    : add a5, s0, s1             : IntAlu :  D=0x0000000000093f80
1256500: system.cpu: T0 : 0x20ebe    : sltu a5, a5, s1            : IntAlu :  D=0x0000000000000000
1257000: system.cpu: T0 : 0x20ec2    : c_beqz a5, 50              : IntAlu : 
1257500: system.cpu: T0 : 0x20ef4    : add a0, s1, s0             : IntAlu :  D=0x0000000000093f80
1258000: system.cpu: T0 : 0x20ef8    : jal ra, 98390              : IntAlu :  D=0x0000000000020efc
1258500: system.cpu: T0 : 0x38f4e    : c_mv a5, a0                : IntAlu :  D=0x0000000000093f80
1259000: system.cpu: T0 : 0x38f50    : addi a7, zero, 214         : IntAlu :  D=0x00000000000000d6
1259500: system.cpu: T0 : 0x38f54    : ecall                      : No_OpClass : 
1260000: system.cpu: T0 : 0x38f58    : sd a0, -1200(gp)           : MemWrite :  D=0x0000000000093f80 A=0x70b78
1260500: system.cpu: T0 : 0x38f5c    : bltu a0, a5, 8             : IntAlu : 
1261000: system.cpu: T0 : 0x38f60    : c_li a0, 0                 : IntAlu :  D=0x0000000000000000
1261500: system.cpu: T0 : 0x38f62    : c_jr ra                    : IntAlu : 
1262000: system.cpu: T0 : 0x20efc    : blt a0, zero, -50          : IntAlu : 
1262500: system.cpu: T0 : 0x20f00    : c_ldsp ra, 24(sp)          : MemRead :  D=0x000000000001ea3a A=0x7ffffffffffffa38
1263000: system.cpu: T0 : 0x20f02    : c_ldsp s0, 16(sp)          : MemRead :  D=0x000000000006f5c8 A=0x7ffffffffffffa30
1263500: system.cpu: T0 : 0x20f04    : c_ldsp s2, 0(sp)           : MemRead :  D=0x0000000000001000 A=0x7ffffffffffffa20
1264000: system.cpu: T0 : 0x20f06    : c_mv a0, s1                : IntAlu :  D=0x0000000000072f80
1264500: system.cpu: T0 : 0x20f08    : c_ldsp s1, 8(sp)           : MemRead :  D=0x0000000000000290 A=0x7ffffffffffffa28
1265000: system.cpu: T0 : 0x20f0a    : c_addi16sp sp, 32          : IntAlu :  D=0x7ffffffffffffa40
1265500: system.cpu: T0 : 0x20f0c    : c_jr ra                    : IntAlu : 
1266000: system.cpu: T0 : 0x1ea3a    : c_li a5, -1                : IntAlu :  D=0xffffffffffffffff
1266500: system.cpu: T0 : 0x1ea3c    : beq a0, a5, 10             : IntAlu : 
1267000: system.cpu: T0 : 0x1ea40    : c_ldsp ra, 8(sp)           : MemRead :  D=0x000000000001c112 A=0x7ffffffffffffa48
1267500: system.cpu: T0 : 0x1ea42    : c_addi sp, 16              : IntAlu :  D=0x7ffffffffffffa50
1268000: system.cpu: T0 : 0x1ea44    : c_jr ra                    : IntAlu : 
1268500: system.cpu: T0 : 0x1c112    : c_ldsp a6, 8(sp)           : MemRead :  D=0xfffffffffffff000 A=0x7ffffffffffffa58
1269000: system.cpu: T0 : 0x1c114    : c_mv s2, a0                : IntAlu :  D=0x0000000000072f80
1270000: system.cpu: T0 : 0x1c116    : beq a0, zero, 502          : IntAlu : 
1271000: system.cpu: T0 : 0x1c11a    : ld a5, -1392(gp)           : MemRead :  D=0x0000000000000000 A=0x70ab8
1271500: system.cpu: T0 : 0x1c11e    : c_li a4, 0                 : IntAlu :  D=0x0000000000000000
1272000: system.cpu: T0 : 0x1c120    : bne a5, zero, 538          : IntAlu : 
1272500: system.cpu: T0 : 0x1c124    : ld a5, 72(s11)             : MemRead :  D=0x0000000000000000 A=0x6f5a0
1273000: system.cpu: T0 : 0x1c128    : beq a5, zero, 380          : IntAlu : 
1273500: system.cpu: T0 : 0x1c2a4    : sd s2, 72(s11)             : MemWrite :  D=0x0000000000072f80 A=0x6f5a0
1274000: system.cpu: T0 : 0x1c2a8    : c_j -380                   : IntAlu : 
1274500: system.cpu: T0 : 0x1c12c    : c_lui s11, 1               : IntAlu :  D=0x0000000000001000
1275000: system.cpu: T0 : 0x1c12e    : c_add s11, s7              : IntAlu :  D=0x00000000000705c8
1275500: system.cpu: T0 : 0x1c130    : ld a5, -1912(s11)          : MemRead :  D=0x0000000000000000 A=0x6fe50
1276000: system.cpu: T0 : 0x1c134    : c_add a5, s5               : IntAlu :  D=0x0000000000021000
1277000: system.cpu: T0 : 0x1c136    : sd a5, -1912(s11)          : MemWrite :  D=0x0000000000021000 A=0x6fe50
1278000: system.cpu: T0 : 0x1c13a    : beq s9, s2, 342            : IntAlu : 
1279000: system.cpu: T0 : 0x1c13e    : lw a3, 4(s7)               : MemRead :  D=0x0000000000000000 A=0x6f5cc
1279500: system.cpu: T0 : 0x1c142    : c_andi a3, 2               : IntAlu :  D=0x0000000000000000
1280000: system.cpu: T0 : 0x1c144    : bne a3, zero, 242          : IntAlu : 
1280500: system.cpu: T0 : 0x1c148    : beq s3, zero, 18           : IntAlu : 
1281500: system.cpu: T0 : 0x1c15a    : andi a5, s2, 15            : IntAlu :  D=0x0000000000000000
1282500: system.cpu: T0 : 0x1c15e    : bne a5, zero, 332          : IntAlu : 
1283000: system.cpu: T0 : 0x1c162    : c_mv a4, s3                : IntAlu :  D=0x0000000000000000
1283500: system.cpu: T0 : 0x1c164    : c_mv s9, s2                : IntAlu :  D=0x0000000000072f80
1284000: system.cpu: T0 : 0x1c166    : c_add s5, a4               : IntAlu :  D=0x0000000000021000
1284500: system.cpu: T0 : 0x1c168    : add a0, s2, s5             : IntAlu :  D=0x0000000000093f80
1285000: system.cpu: T0 : 0x1c16c    : c_add s10, a0              : IntAlu :  D=0x0000000000094f7f
1286000: system.cpu: T0 : 0x1c16e    : and a6, s10, a6            : IntAlu :  D=0x0000000000094000
1286500: system.cpu: T0 : 0x1c172    : c_sub a4, a0               : IntAlu :  D=0xfffffffffff6c080
1287000: system.cpu: T0 : 0x1c174    : add s5, a6, a4             : IntAlu :  D=0x0000000000000080
1287500: system.cpu: T0 : 0x1c178    : blt s5, zero, 626          : IntAlu : 
1288000: system.cpu: T0 : 0x1c17c    : ld a5, -1840(gp)           : MemRead :  D=0x000000000001ea32 A=0x708f8
1288500: system.cpu: T0 : 0x1c180    : c_mv a0, s5                : IntAlu :  D=0x0000000000000080
1289000: system.cpu: T0 : 0x1c182    : c_jalr a5                  : IntAlu :  D=0x000000000001c184
1289500: system.cpu: T0 : 0x1ea32    : c_addi sp, -16             : IntAlu :  D=0x7ffffffffffffa40
1290000: system.cpu: T0 : 0x1ea34    : c_sdsp ra, 8(sp)           : MemWrite :  D=0x000000000001c184 A=0x7ffffffffffffa48
1291000: system.cpu: T0 : 0x1ea36    : jal ra, 9318               : IntAlu :  D=0x000000000001ea3a
1291500: system.cpu: T0 : 0x20e9c    : c_addi sp, -32             : IntAlu :  D=0x7ffffffffffffa20
1292000: system.cpu: T0 : 0x20e9e    : c_sdsp s2, 0(sp)           : MemWrite :  D=0x0000000000072f80 A=0x7ffffffffffffa20
1292500: system.cpu: T0 : 0x20ea0    : c_sdsp s1, 8(sp)           : MemWrite :  D=0x0000000000000290 A=0x7ffffffffffffa28
1293500: system.cpu: T0 : 0x20ea2    : ld s1, -1200(gp)           : MemRead :  D=0x0000000000093f80 A=0x70b78
1294000: system.cpu: T0 : 0x20ea6    : c_sdsp s0, 16(sp)          : MemWrite :  D=0x000000000006f5c8 A=0x7ffffffffffffa30
1294500: system.cpu: T0 : 0x20ea8    : c_sdsp ra, 24(sp)          : MemWrite :  D=0x000000000001ea3a A=0x7ffffffffffffa38
1295000: system.cpu: T0 : 0x20eaa    : c_mv s0, a0                : IntAlu :  D=0x0000000000000080
1295500: system.cpu: T0 : 0x20eac    : c_beqz s1, 46              : IntAlu : 
1296500: system.cpu: T0 : 0x20eae    : lw a5, -1728(gp)           : MemRead :  D=0x0000000000000000 A=0x70968
1297000: system.cpu: T0 : 0x20eb2    : c_bnez a5, 40              : IntAlu : 
1297500: system.cpu: T0 : 0x20eb4    : c_beqz s0, 24              : IntAlu : 
1298500: system.cpu: T0 : 0x20eb6    : bge zero, s0, 52           : IntAlu : 
1299500: system.cpu: T0 : 0x20eba    : add a5, s0, s1             : IntAlu :  D=0x0000000000094000
1300500: system.cpu: T0 : 0x20ebe    : sltu a5, a5, s1            : IntAlu :  D=0x0000000000000000
1301000: system.cpu: T0 : 0x20ec2    : c_beqz a5, 50              : IntAlu : 
1301500: system.cpu: T0 : 0x20ef4    : add a0, s1, s0             : IntAlu :  D=0x0000000000094000
1302000: system.cpu: T0 : 0x20ef8    : jal ra, 98390              : IntAlu :  D=0x0000000000020efc
1302500: system.cpu: T0 : 0x38f4e    : c_mv a5, a0                : IntAlu :  D=0x0000000000094000
1303000: system.cpu: T0 : 0x38f50    : addi a7, zero, 214         : IntAlu :  D=0x00000000000000d6
1303500: system.cpu: T0 : 0x38f54    : ecall                      : No_OpClass : 
1304000: system.cpu: T0 : 0x38f58    : sd a0, -1200(gp)           : MemWrite :  D=0x0000000000094000 A=0x70b78
1304500: system.cpu: T0 : 0x38f5c    : bltu a0, a5, 8             : IntAlu : 
1305000: system.cpu: T0 : 0x38f60    : c_li a0, 0                 : IntAlu :  D=0x0000000000000000
1305500: system.cpu: T0 : 0x38f62    : c_jr ra                    : IntAlu : 
1306000: system.cpu: T0 : 0x20efc    : blt a0, zero, -50          : IntAlu : 
1306500: system.cpu: T0 : 0x20f00    : c_ldsp ra, 24(sp)          : MemRead :  D=0x000000000001ea3a A=0x7ffffffffffffa38
1307000: system.cpu: T0 : 0x20f02    : c_ldsp s0, 16(sp)          : MemRead :  D=0x000000000006f5c8 A=0x7ffffffffffffa30
1307500: system.cpu: T0 : 0x20f04    : c_ldsp s2, 0(sp)           : MemRead :  D=0x0000000000072f80 A=0x7ffffffffffffa20
1308000: system.cpu: T0 : 0x20f06    : c_mv a0, s1                : IntAlu :  D=0x0000000000093f80
1308500: system.cpu: T0 : 0x20f08    : c_ldsp s1, 8(sp)           : MemRead :  D=0x0000000000000290 A=0x7ffffffffffffa28
1309000: system.cpu: T0 : 0x20f0a    : c_addi16sp sp, 32          : IntAlu :  D=0x7ffffffffffffa40
1309500: system.cpu: T0 : 0x20f0c    : c_jr ra                    : IntAlu : 
1310000: system.cpu: T0 : 0x1ea3a    : c_li a5, -1                : IntAlu :  D=0xffffffffffffffff
1310500: system.cpu: T0 : 0x1ea3c    : beq a0, a5, 10             : IntAlu : 
1311000: system.cpu: T0 : 0x1ea40    : c_ldsp ra, 8(sp)           : MemRead :  D=0x000000000001c184 A=0x7ffffffffffffa48
1311500: system.cpu: T0 : 0x1ea42    : c_addi sp, 16              : IntAlu :  D=0x7ffffffffffffa50
1312000: system.cpu: T0 : 0x1ea44    : c_jr ra                    : IntAlu : 
1312500: system.cpu: T0 : 0x1c184    : c_mv a4, a0                : IntAlu :  D=0x0000000000093f80
1313500: system.cpu: T0 : 0x1c186    : beq a0, zero, 426          : IntAlu : 
1314500: system.cpu: T0 : 0x1c18a    : ld a5, -1392(gp)           : MemRead :  D=0x0000000000000000 A=0x70ab8
1315500: system.cpu: T0 : 0x1c18e    : bne a5, zero, 440          : IntAlu : 
1316500: system.cpu: T0 : 0x1c192    : ld a5, -1912(s11)          : MemRead :  D=0x0000000000021000 A=0x6fe50
1317000: system.cpu: T0 : 0x1c196    : c_mv s2, s9                : IntAlu :  D=0x0000000000072f80
1317500: system.cpu: T0 : 0x1c198    : c_add a5, s5               : IntAlu :  D=0x0000000000021080
1318000: system.cpu: T0 : 0x1c19a    : c_j 168                    : IntAlu : 
1319000: system.cpu: T0 : 0x1c242    : sub a4, a4, s2             : IntAlu :  D=0x0000000000021000
1319500: system.cpu: T0 : 0x1c246    : c_add a4, s5               : IntAlu :  D=0x0000000000021080
1320000: system.cpu: T0 : 0x1c248    : sd s2, 96(s7)              : MemWrite :  D=0x0000000000072f80 A=0x6f628
1320500: system.cpu: T0 : 0x1c24c    : ori a4, a4, 1              : IntAlu :  D=0x0000000000021081
1321000: system.cpu: T0 : 0x1c250    : sd a4, 8(s2)               : MemWrite :  D=0x0000000000021081 A=0x72f88
1321500: system.cpu: T0 : 0x1c254    : sd a5, -1912(s11)          : MemWrite :  D=0x0000000000021080 A=0x6fe50
1322000: system.cpu: T0 : 0x1c258    : beq s3, zero, -754         : IntAlu : 
1322500: system.cpu: T0 : 0x1bf66    : c_lui a4, 1                : IntAlu :  D=0x0000000000001000
1323000: system.cpu: T0 : 0x1bf68    : c_add a4, s0               : IntAlu :  D=0x00000000000705c8
1324000: system.cpu: T0 : 0x1bf6a    : ld a3, -1904(a4)           : MemRead :  D=0x0000000000000000 A=0x6fe58
1325000: system.cpu: T0 : 0x1bf6e    : bgeu a3, a5, 8             : IntAlu : 
1326000: system.cpu: T0 : 0x1bf72    : sd a5, -1904(a4)           : MemWrite :  D=0x0000000000021080 A=0x6fe58
1327000: system.cpu: T0 : 0x1bf76    : ld a5, 8(s2)               : MemRead :  D=0x0000000000021081 A=0x72f88
1327500: system.cpu: T0 : 0x1bf7a    : c_andi a5, 18446744073709551608 : IntAlu :  D=0x0000000000021080
1328000: system.cpu: T0 : 0x1bf7c    : bltu a5, s8, 298           : IntAlu : 
1328500: system.cpu: T0 : 0x1bf80    : add a4, s2, s1             : IntAlu :  D=0x0000000000073210
1329000: system.cpu: T0 : 0x1bf84    : c_sd a4, 96(s0)            : MemWrite :  D=0x0000000000073210 A=0x6f628
1329500: system.cpu: T0 : 0x1bf86    : c_sub a5, s1               : IntAlu :  D=0x0000000000020df0
1330000: system.cpu: T0 : 0x1bf88    : beq s0, s7, 8              : IntAlu : 
1330500: system.cpu: T0 : 0x1bf90    : ori s1, s1, 1              : IntAlu :  D=0x0000000000000291
1331000: system.cpu: T0 : 0x1bf94    : sd s1, 8(s2)               : MemWrite :  D=0x0000000000000291 A=0x72f88
1331500: system.cpu: T0 : 0x1bf98    : ori a5, a5, 1              : IntAlu :  D=0x0000000000020df1
1332000: system.cpu: T0 : 0x1bf9c    : c_sd a5, 8(a4)             : MemWrite :  D=0x0000000000020df1 A=0x73218
1332500: system.cpu: T0 : 0x1bf9c    : c_sd a5, 8(a4)             : MemWrite :  D=0x0000000000020df1 A=0x73218
1333500: system.cpu: T0 : 0x1bf9e    : addi a0, s2, 16            : IntAlu :  D=0x0000000000072f90
1334000: system.cpu: T0 : 0x1bfa2    : c_ldsp ra, 152(sp)         : MemRead :  D=0x000000000001cba8 A=0x7ffffffffffffae8
1334500: system.cpu: T0 : 0x1bfa4    : c_ldsp s0, 144(sp)         : MemRead :  D=0x0000000000000290 A=0x7ffffffffffffae0
1335000: system.cpu: T0 : 0x1bfa6    : c_ldsp s1, 136(sp)         : MemRead :  D=0x000000000006f5c8 A=0x7ffffffffffffad8
1335500: system.cpu: T0 : 0x1bfa8    : c_ldsp s2, 128(sp)         : MemRead :  D=0x0000000000000004 A=0x7ffffffffffffad0
1336000: system.cpu: T0 : 0x1bfaa    : c_ldsp s3, 120(sp)         : MemRead :  D=0x0000000000000280 A=0x7ffffffffffffac8
1336500: system.cpu: T0 : 0x1bfac    : c_ldsp s4, 112(sp)         : MemRead :  D=0x0000000000000000 A=0x7ffffffffffffac0
1337000: system.cpu: T0 : 0x1bfae    : c_ldsp s5, 104(sp)         : MemRead :  D=0x0000000000000000 A=0x7ffffffffffffab8
1337500: system.cpu: T0 : 0x1bfb0    : c_ldsp s6, 96(sp)          : MemRead :  D=0x0000000000000027 A=0x7ffffffffffffab0
1338000: system.cpu: T0 : 0x1bfb2    : c_ldsp s7, 88(sp)          : MemRead :  D=0x000000000006f558 A=0x7ffffffffffffaa8
1338500: system.cpu: T0 : 0x1bfb4    : c_ldsp s8, 80(sp)          : MemRead :  D=0x000000000006f628 A=0x7ffffffffffffaa0
1339000: system.cpu: T0 : 0x1bfb6    : c_ldsp s9, 72(sp)          : MemRead :  D=0x0000000000000029 A=0x7ffffffffffffa98
1339500: system.cpu: T0 : 0x1bfb8    : c_ldsp s10, 64(sp)         : MemRead :  D=0x000000000000000a A=0x7ffffffffffffa90
1340000: system.cpu: T0 : 0x1bfba    : c_ldsp s11, 56(sp)         : MemRead :  D=0x0000000000001000 A=0x7ffffffffffffa88
1340500: system.cpu: T0 : 0x1bfbc    : c_addi16sp sp, 160         : IntAlu :  D=0x7ffffffffffffaf0
1341000: system.cpu: T0 : 0x1bfbe    : c_jr ra                    : IntAlu : 
1341500: system.cpu: T0 : 0x1cba8    : c_mv s2, a0                : IntAlu :  D=0x0000000000072f90
1342500: system.cpu: T0 : 0x1cbaa    : bne a0, zero, -672         : IntAlu : 
1343500: system.cpu: T0 : 0x1c90a    : lw a1, -1396(gp)           : MemRead :  D=0x0000000000000000 A=0x70ab4
1344500: system.cpu: T0 : 0x1c90e    : beq a1, zero, -516         : IntAlu : 
1345000: system.cpu: T0 : 0x1c70a    : c_ldsp ra, 248(sp)         : MemRead :  D=0x000000000001cf4a A=0x7ffffffffffffbe8
1345500: system.cpu: T0 : 0x1c70c    : c_ldsp s0, 240(sp)         : MemRead :  D=0x000000000006f5c8 A=0x7ffffffffffffbe0
1346000: system.cpu: T0 : 0x1c70e    : c_ldsp s1, 232(sp)         : MemRead :  D=0x000000000006f5c8 A=0x7ffffffffffffbd8
1346500: system.cpu: T0 : 0x1c710    : c_ldsp s3, 216(sp)         : MemRead :  D=0x0000000000000000 A=0x7ffffffffffffbc8
1347000: system.cpu: T0 : 0x1c712    : c_ldsp s4, 208(sp)         : MemRead :  D=0x0000000000000000 A=0x7ffffffffffffbc0
1347500: system.cpu: T0 : 0x1c714    : c_ldsp s5, 200(sp)         : MemRead :  D=0x0000000000000000 A=0x7ffffffffffffbb8
1348000: system.cpu: T0 : 0x1c716    : c_ldsp s6, 192(sp)         : MemRead :  D=0x0000000000072000 A=0x7ffffffffffffbb0
1348500: system.cpu: T0 : 0x1c718    : c_ldsp s7, 184(sp)         : MemRead :  D=0x0000000000000000 A=0x7ffffffffffffba8
1349000: system.cpu: T0 : 0x1c71a    : c_ldsp s8, 176(sp)         : MemRead :  D=0x0000000000000000 A=0x7ffffffffffffba0
1349500: system.cpu: T0 : 0x1c71c    : c_ldsp s9, 168(sp)         : MemRead :  D=0x0000000000000003 A=0x7ffffffffffffb98
1350000: system.cpu: T0 : 0x1c71e    : c_ldsp s10, 160(sp)        : MemRead :  D=0x0000000000000000 A=0x7ffffffffffffb90
1350500: system.cpu: T0 : 0x1c720    : c_ldsp s11, 152(sp)        : MemRead :  D=0x0000000000000000 A=0x7ffffffffffffb88
1351000: system.cpu: T0 : 0x1c722    : c_mv a0, s2                : IntAlu :  D=0x0000000000072f90
1351500: system.cpu: T0 : 0x1c724    : c_ldsp s2, 224(sp)         : MemRead :  D=0x0000000000000002 A=0x7ffffffffffffbd0
1352000: system.cpu: T0 : 0x1c726    : c_addi16sp sp, 256         : IntAlu :  D=0x7ffffffffffffbf0
1352500: system.cpu: T0 : 0x1c728    : c_jr ra                    : IntAlu : 
1353000: system.cpu: T0 : 0x1cf4a    : c_mv a5, a0                : IntAlu :  D=0x0000000000072f90
1353500: system.cpu: T0 : 0x1cf4c    : c_beqz a0, 70              : IntAlu : 
1354000: system.cpu: T0 : 0x1cf4e    : c_li a4, 0                 : IntAlu :  D=0x0000000000000000
1354500: system.cpu: T0 : 0x1cf50    : fence iorw, ow             : No_OpClass : 
1355000: system.cpu: T0 : 0x1cf54    : amoswap_w a4, a4, (s0)    
1355000: system.cpu: T0 : 0x1cf54. 0 : amoswap_w[l] a4, a4, (s0)  : MemRead :  D=0x0000000000000001 A=0x6f5c8
1355500: system.cpu: T0 : 0x1cf58    : c_addiw a4, 0              : IntAlu :  D=0x0000000000000001
1356000: system.cpu: T0 : 0x1cf5a    : c_li a3, 1                 : IntAlu :  D=0x0000000000000001
1356500: system.cpu: T0 : 0x1cf5c    : blt a3, a4, 96             : IntAlu : 
1357000: system.cpu: T0 : 0x1cf60    : c_ldsp s0, 16(sp)          : MemRead :  D=0x0000000000000024 A=0x7ffffffffffffc00
1357500: system.cpu: T0 : 0x1cf62    : c_ldsp ra, 24(sp)          : MemRead :  D=0x000000000001d8d0 A=0x7ffffffffffffc08
1358000: system.cpu: T0 : 0x1cf64    : c_ldsp s1, 8(sp)           : MemRead :  D=0x0000000000000001 A=0x7ffffffffffffbf8
1359000: system.cpu: T0 : 0x1cf66    : sd a5, 40(tp)              : MemWrite :  D=0x0000000000072f90 A=0x72738
1360000: system.cpu: T0 : 0x1cf6a    : addi a2, zero, 640         : IntAlu :  D=0x0000000000000280
1360500: system.cpu: T0 : 0x1cf6e    : c_li a1, 0                 : IntAlu :  D=0x0000000000000000
1361000: system.cpu: T0 : 0x1cf70    : c_mv a0, a5                : IntAlu :  D=0x0000000000072f90
1361500: system.cpu: T0 : 0x1cf72    : c_addi16sp sp, 32          : IntAlu :  D=0x7ffffffffffffc10
1362000: system.cpu: T0 : 0x1cf74    : jal zero, 10394            : IntAlu :  D=0x000000000001cf78
1362500: system.cpu: T0 : 0x1f80e    : c_li a4, 7                 : IntAlu :  D=0x0000000000000007
1363000: system.cpu: T0 : 0x1f810    : c_mv a5, a0                : IntAlu :  D=0x0000000000072f90
1364000: system.cpu: T0 : 0x1f812    : bgeu a4, a2, 140           : IntAlu : 
1365000: system.cpu: T0 : 0x1f816    : andi a7, a1, 255           : IntAlu :  D=0x0000000000000000
1366000: system.cpu: T0 : 0x1f81a    : slli a3, a7, 8             : IntAlu :  D=0x0000000000000000
1367000: system.cpu: T0 : 0x1f81e    : or a3, a3, a7              : IntAlu :  D=0x0000000000000000
1368000: system.cpu: T0 : 0x1f822    : slli a4, a3, 16            : IntAlu :  D=0x0000000000000000
1368500: system.cpu: T0 : 0x1f826    : c_or a3, a4                : IntAlu :  D=0x0000000000000000
1369000: system.cpu: T0 : 0x1f828    : slli a4, a3, 32            : IntAlu :  D=0x0000000000000000
1369500: system.cpu: T0 : 0x1f82c    : andi a6, a0, 7             : IntAlu :  D=0x0000000000000000
1370000: system.cpu: T0 : 0x1f830    : c_or a4, a3                : IntAlu :  D=0x0000000000000000
1371000: system.cpu: T0 : 0x1f832    : beq a6, zero, 130          : IntAlu : 
1371500: system.cpu: T0 : 0x1f8b4    : c_mv a3, a2                : IntAlu :  D=0x0000000000000280
1372000: system.cpu: T0 : 0x1f8b6    : c_j -108                   : IntAlu : 
1373000: system.cpu: T0 : 0x1f84a    : srli a6, a3, 6             : IntAlu :  D=0x000000000000000a
1374000: system.cpu: T0 : 0x1f84e    : beq a6, zero, 42           : IntAlu : 
1375000: system.cpu: T0 : 0x1f852    : slli a2, a6, 6             : IntAlu :  D=0x0000000000000280
1375500: system.cpu: T0 : 0x1f856    : c_mv a7, a5                : IntAlu :  D=0x0000000000072f90
1376000: system.cpu: T0 : 0x1f858    : c_add a2, a5               : IntAlu :  D=0x0000000000073210
1376500: system.cpu: T0 : 0x1f85a    : c_sd a4, 0(a5)             : MemWrite :  D=0x0000000000000000 A=0x72f90
1377000: system.cpu: T0 : 0x1f85c    : c_sd a4, 8(a5)             : MemWrite :  D=0x0000000000000000 A=0x72f98
1377500: system.cpu: T0 : 0x1f85e    : c_sd a4, 16(a5)            : MemWrite :  D=0x0000000000000000 A=0x72fa0
1378000: system.cpu: T0 : 0x1f860    : c_sd a4, 24(a5)            : MemWrite :  D=0x0000000000000000 A=0x72fa8
1378500: system.cpu: T0 : 0x1f862    : c_sd a4, 32(a5)            : MemWrite :  D=0x0000000000000000 A=0x72fb0
1379000: system.cpu: T0 : 0x1f864    : c_sd a4, 40(a5)            : MemWrite :  D=0x0000000000000000 A=0x72fb8
1379500: system.cpu: T0 : 0x1f866    : c_sd a4, 48(a5)            : MemWrite :  D=0x0000000000000000 A=0x72fc0
1380000: system.cpu: T0 : 0x1f868    : c_sd a4, 56(a5)            : MemWrite :  D=0x0000000000000000 A=0x72fc8
1381000: system.cpu: T0 : 0x1f86a    : addi a5, a5, 64            : IntAlu :  D=0x0000000000072fd0
1382000: system.cpu: T0 : 0x1f86e    : bne a2, a5, -20            : IntAlu : 
1382500: system.cpu: T0 : 0x1f85a    : c_sd a4, 0(a5)             : MemWrite :  D=0x0000000000000000 A=0x72fd0
1383000: system.cpu: T0 : 0x1f85c    : c_sd a4, 8(a5)             : MemWrite :  D=0x0000000000000000 A=0x72fd8
1383500: system.cpu: T0 : 0x1f85e    : c_sd a4, 16(a5)            : MemWrite :  D=0x0000000000000000 A=0x72fe0
1384000: system.cpu: T0 : 0x1f860    : c_sd a4, 24(a5)            : MemWrite :  D=0x0000000000000000 A=0x72fe8
1384500: system.cpu: T0 : 0x1f862    : c_sd a4, 32(a5)            : MemWrite :  D=0x0000000000000000 A=0x72ff0
1385000: system.cpu: T0 : 0x1f864    : c_sd a4, 40(a5)            : MemWrite :  D=0x0000000000000000 A=0x72ff8
1385500: system.cpu: T0 : 0x1f866    : c_sd a4, 48(a5)            : MemWrite :  D=0x0000000000000000 A=0x73000
1386000: system.cpu: T0 : 0x1f868    : c_sd a4, 56(a5)            : MemWrite :  D=0x0000000000000000 A=0x73008
1387000: system.cpu: T0 : 0x1f86a    : addi a5, a5, 64            : IntAlu :  D=0x0000000000073010
1388000: system.cpu: T0 : 0x1f86e    : bne a2, a5, -20            : IntAlu : 
1388500: system.cpu: T0 : 0x1f85a    : c_sd a4, 0(a5)             : MemWrite :  D=0x0000000000000000 A=0x73010
1389000: system.cpu: T0 : 0x1f85c    : c_sd a4, 8(a5)             : MemWrite :  D=0x0000000000000000 A=0x73018
1389500: system.cpu: T0 : 0x1f85e    : c_sd a4, 16(a5)            : MemWrite :  D=0x0000000000000000 A=0x73020
1390000: system.cpu: T0 : 0x1f860    : c_sd a4, 24(a5)            : MemWrite :  D=0x0000000000000000 A=0x73028
1390500: system.cpu: T0 : 0x1f862    : c_sd a4, 32(a5)            : MemWrite :  D=0x0000000000000000 A=0x73030
1391000: system.cpu: T0 : 0x1f864    : c_sd a4, 40(a5)            : MemWrite :  D=0x0000000000000000 A=0x73038
1391500: system.cpu: T0 : 0x1f866    : c_sd a4, 48(a5)            : MemWrite :  D=0x0000000000000000 A=0x73040
1392000: system.cpu: T0 : 0x1f868    : c_sd a4, 56(a5)            : MemWrite :  D=0x0000000000000000 A=0x73048
1393000: system.cpu: T0 : 0x1f86a    : addi a5, a5, 64            : IntAlu :  D=0x0000000000073050
1394000: system.cpu: T0 : 0x1f86e    : bne a2, a5, -20            : IntAlu : 
1394500: system.cpu: T0 : 0x1f85a    : c_sd a4, 0(a5)             : MemWrite :  D=0x0000000000000000 A=0x73050
1395000: system.cpu: T0 : 0x1f85c    : c_sd a4, 8(a5)             : MemWrite :  D=0x0000000000000000 A=0x73058
1395500: system.cpu: T0 : 0x1f85e    : c_sd a4, 16(a5)            : MemWrite :  D=0x0000000000000000 A=0x73060
1396000: system.cpu: T0 : 0x1f860    : c_sd a4, 24(a5)            : MemWrite :  D=0x0000000000000000 A=0x73068
1396500: system.cpu: T0 : 0x1f862    : c_sd a4, 32(a5)            : MemWrite :  D=0x0000000000000000 A=0x73070
1397000: system.cpu: T0 : 0x1f864    : c_sd a4, 40(a5)            : MemWrite :  D=0x0000000000000000 A=0x73078
1397500: system.cpu: T0 : 0x1f866    : c_sd a4, 48(a5)            : MemWrite :  D=0x0000000000000000 A=0x73080
1398000: system.cpu: T0 : 0x1f868    : c_sd a4, 56(a5)            : MemWrite :  D=0x0000000000000000 A=0x73088
1399000: system.cpu: T0 : 0x1f86a    : addi a5, a5, 64            : IntAlu :  D=0x0000000000073090
1400000: system.cpu: T0 : 0x1f86e    : bne a2, a5, -20            : IntAlu : 
1400500: system.cpu: T0 : 0x1f85a    : c_sd a4, 0(a5)             : MemWrite :  D=0x0000000000000000 A=0x73090
1401000: system.cpu: T0 : 0x1f85c    : c_sd a4, 8(a5)             : MemWrite :  D=0x0000000000000000 A=0x73098
1401500: system.cpu: T0 : 0x1f85e    : c_sd a4, 16(a5)            : MemWrite :  D=0x0000000000000000 A=0x730a0
1402000: system.cpu: T0 : 0x1f860    : c_sd a4, 24(a5)            : MemWrite :  D=0x0000000000000000 A=0x730a8
1402500: system.cpu: T0 : 0x1f862    : c_sd a4, 32(a5)            : MemWrite :  D=0x0000000000000000 A=0x730b0
1403000: system.cpu: T0 : 0x1f864    : c_sd a4, 40(a5)            : MemWrite :  D=0x0000000000000000 A=0x730b8
1403500: system.cpu: T0 : 0x1f866    : c_sd a4, 48(a5)            : MemWrite :  D=0x0000000000000000 A=0x730c0
1404000: system.cpu: T0 : 0x1f868    : c_sd a4, 56(a5)            : MemWrite :  D=0x0000000000000000 A=0x730c8
1405000: system.cpu: T0 : 0x1f86a    : addi a5, a5, 64            : IntAlu :  D=0x00000000000730d0
1406000: system.cpu: T0 : 0x1f86e    : bne a2, a5, -20            : IntAlu : 
1406500: system.cpu: T0 : 0x1f85a    : c_sd a4, 0(a5)             : MemWrite :  D=0x0000000000000000 A=0x730d0
1407000: system.cpu: T0 : 0x1f85c    : c_sd a4, 8(a5)             : MemWrite :  D=0x0000000000000000 A=0x730d8
1407500: system.cpu: T0 : 0x1f85e    : c_sd a4, 16(a5)            : MemWrite :  D=0x0000000000000000 A=0x730e0
1408000: system.cpu: T0 : 0x1f860    : c_sd a4, 24(a5)            : MemWrite :  D=0x0000000000000000 A=0x730e8
1408500: system.cpu: T0 : 0x1f862    : c_sd a4, 32(a5)            : MemWrite :  D=0x0000000000000000 A=0x730f0
1409000: system.cpu: T0 : 0x1f864    : c_sd a4, 40(a5)            : MemWrite :  D=0x0000000000000000 A=0x730f8
1409500: system.cpu: T0 : 0x1f866    : c_sd a4, 48(a5)            : MemWrite :  D=0x0000000000000000 A=0x73100
1410000: system.cpu: T0 : 0x1f868    : c_sd a4, 56(a5)            : MemWrite :  D=0x0000000000000000 A=0x73108
1411000: system.cpu: T0 : 0x1f86a    : addi a5, a5, 64            : IntAlu :  D=0x0000000000073110
1412000: system.cpu: T0 : 0x1f86e    : bne a2, a5, -20            : IntAlu : 
1412500: system.cpu: T0 : 0x1f85a    : c_sd a4, 0(a5)             : MemWrite :  D=0x0000000000000000 A=0x73110
1413000: system.cpu: T0 : 0x1f85c    : c_sd a4, 8(a5)             : MemWrite :  D=0x0000000000000000 A=0x73118
1413500: system.cpu: T0 : 0x1f85e    : c_sd a4, 16(a5)            : MemWrite :  D=0x0000000000000000 A=0x73120
1414000: system.cpu: T0 : 0x1f860    : c_sd a4, 24(a5)            : MemWrite :  D=0x0000000000000000 A=0x73128
1414500: system.cpu: T0 : 0x1f862    : c_sd a4, 32(a5)            : MemWrite :  D=0x0000000000000000 A=0x73130
1415000: system.cpu: T0 : 0x1f864    : c_sd a4, 40(a5)            : MemWrite :  D=0x0000000000000000 A=0x73138
1415500: system.cpu: T0 : 0x1f866    : c_sd a4, 48(a5)            : MemWrite :  D=0x0000000000000000 A=0x73140
1416000: system.cpu: T0 : 0x1f868    : c_sd a4, 56(a5)            : MemWrite :  D=0x0000000000000000 A=0x73148
1417000: system.cpu: T0 : 0x1f86a    : addi a5, a5, 64            : IntAlu :  D=0x0000000000073150
1418000: system.cpu: T0 : 0x1f86e    : bne a2, a5, -20            : IntAlu : 
1418500: system.cpu: T0 : 0x1f85a    : c_sd a4, 0(a5)             : MemWrite :  D=0x0000000000000000 A=0x73150
1419000: system.cpu: T0 : 0x1f85c    : c_sd a4, 8(a5)             : MemWrite :  D=0x0000000000000000 A=0x73158
1419500: system.cpu: T0 : 0x1f85e    : c_sd a4, 16(a5)            : MemWrite :  D=0x0000000000000000 A=0x73160
1420000: system.cpu: T0 : 0x1f860    : c_sd a4, 24(a5)            : MemWrite :  D=0x0000000000000000 A=0x73168
1420500: system.cpu: T0 : 0x1f862    : c_sd a4, 32(a5)            : MemWrite :  D=0x0000000000000000 A=0x73170
1421000: system.cpu: T0 : 0x1f864    : c_sd a4, 40(a5)            : MemWrite :  D=0x0000000000000000 A=0x73178
1421500: system.cpu: T0 : 0x1f866    : c_sd a4, 48(a5)            : MemWrite :  D=0x0000000000000000 A=0x73180
1422000: system.cpu: T0 : 0x1f868    : c_sd a4, 56(a5)            : MemWrite :  D=0x0000000000000000 A=0x73188
1423000: system.cpu: T0 : 0x1f86a    : addi a5, a5, 64            : IntAlu :  D=0x0000000000073190
1424000: system.cpu: T0 : 0x1f86e    : bne a2, a5, -20            : IntAlu : 
1424500: system.cpu: T0 : 0x1f85a    : c_sd a4, 0(a5)             : MemWrite :  D=0x0000000000000000 A=0x73190
1425000: system.cpu: T0 : 0x1f85c    : c_sd a4, 8(a5)             : MemWrite :  D=0x0000000000000000 A=0x73198
1425500: system.cpu: T0 : 0x1f85e    : c_sd a4, 16(a5)            : MemWrite :  D=0x0000000000000000 A=0x731a0
1426000: system.cpu: T0 : 0x1f860    : c_sd a4, 24(a5)            : MemWrite :  D=0x0000000000000000 A=0x731a8
1426500: system.cpu: T0 : 0x1f862    : c_sd a4, 32(a5)            : MemWrite :  D=0x0000000000000000 A=0x731b0
1427000: system.cpu: T0 : 0x1f864    : c_sd a4, 40(a5)            : MemWrite :  D=0x0000000000000000 A=0x731b8
1427500: system.cpu: T0 : 0x1f866    : c_sd a4, 48(a5)            : MemWrite :  D=0x0000000000000000 A=0x731c0
1428000: system.cpu: T0 : 0x1f868    : c_sd a4, 56(a5)            : MemWrite :  D=0x0000000000000000 A=0x731c8
1429000: system.cpu: T0 : 0x1f86a    : addi a5, a5, 64            : IntAlu :  D=0x00000000000731d0
1430000: system.cpu: T0 : 0x1f86e    : bne a2, a5, -20            : IntAlu : 
1430500: system.cpu: T0 : 0x1f85a    : c_sd a4, 0(a5)             : MemWrite :  D=0x0000000000000000 A=0x731d0
1431000: system.cpu: T0 : 0x1f85c    : c_sd a4, 8(a5)             : MemWrite :  D=0x0000000000000000 A=0x731d8
1431500: system.cpu: T0 : 0x1f85e    : c_sd a4, 16(a5)            : MemWrite :  D=0x0000000000000000 A=0x731e0
1432000: system.cpu: T0 : 0x1f860    : c_sd a4, 24(a5)            : MemWrite :  D=0x0000000000000000 A=0x731e8
1432500: system.cpu: T0 : 0x1f862    : c_sd a4, 32(a5)            : MemWrite :  D=0x0000000000000000 A=0x731f0
1433000: system.cpu: T0 : 0x1f864    : c_sd a4, 40(a5)            : MemWrite :  D=0x0000000000000000 A=0x731f8
1433500: system.cpu: T0 : 0x1f866    : c_sd a4, 48(a5)            : MemWrite :  D=0x0000000000000000 A=0x73200
1434000: system.cpu: T0 : 0x1f868    : c_sd a4, 56(a5)            : MemWrite :  D=0x0000000000000000 A=0x73208
1435000: system.cpu: T0 : 0x1f86a    : addi a5, a5, 64            : IntAlu :  D=0x0000000000073210
1436000: system.cpu: T0 : 0x1f86e    : bne a2, a5, -20            : IntAlu : 
1437000: system.cpu: T0 : 0x1f872    : slli a5, a6, 6             : IntAlu :  D=0x0000000000000280
1437500: system.cpu: T0 : 0x1f876    : c_add a5, a7               : IntAlu :  D=0x0000000000073210
1438000: system.cpu: T0 : 0x1f878    : srli a6, a3, 3             : IntAlu :  D=0x0000000000000050
1438500: system.cpu: T0 : 0x1f87c    : andi a6, a6, 7             : IntAlu :  D=0x0000000000000000
1439000: system.cpu: T0 : 0x1f880    : beq a6, zero, 26           : IntAlu : 
1440000: system.cpu: T0 : 0x1f89a    : andi a2, a3, 7             : IntAlu :  D=0x0000000000000000
1441000: system.cpu: T0 : 0x1f89e    : andi a1, a1, 255           : IntAlu :  D=0x0000000000000000
1442000: system.cpu: T0 : 0x1f8a2    : add a4, a5, a2             : IntAlu :  D=0x0000000000073210
1442500: system.cpu: T0 : 0x1f8a6    : c_beqz a2, 12              : IntAlu : 
1443000: system.cpu: T0 : 0x1f8b2    : c_jr ra                    : IntAlu : 
1443500: system.cpu: T0 : 0x1d8d0    : lui a5, 111                : IntAlu :  D=0x000000000006f000
1444000: system.cpu: T0 : 0x1d8d4    : ld a5, 1448(a5)            : MemRead :  D=0x0000000000000040 A=0x6f5a8
1444500: system.cpu: T0 : 0x1d8d8    : bgeu s1, a5, -100          : IntAlu : 
1445000: system.cpu: T0 : 0x1d8dc    : ld a4, 40(tp)              : MemRead :  D=0x0000000000072f90 A=0x72738
1445500: system.cpu: T0 : 0x1d8e0    : c_beqz a4, -108            : IntAlu : 
1446500: system.cpu: T0 : 0x1d8e2    : slli a3, s1, 1             : IntAlu :  D=0x0000000000000002
1447000: system.cpu: T0 : 0x1d8e6    : c_add a3, a4               : IntAlu :  D=0x0000000000072f92
1447500: system.cpu: T0 : 0x1d8e8    : lhu a2, 0(a3)              : MemRead :  D=0x0000000000000000 A=0x72f92
1448000: system.cpu: T0 : 0x1d8ec    : c_beqz a2, -120            : IntAlu : 
1448500: system.cpu: T0 : 0x1d874    : lw a5, -1808(tp)           : MemRead :  D=0x0000000000000000 A=0x72000
1449000: system.cpu: T0 : 0x1d878    : c_bnez a5, 210             : IntAlu : 
1450000: system.cpu: T0 : 0x1d87a    : lui s1, 111                : IntAlu :  D=0x000000000006f000
1450500: system.cpu: T0 : 0x1d87e    : c_mv a1, s0                : IntAlu :  D=0x0000000000000024
1451000: system.cpu: T0 : 0x1d880    : addi a0, s1, 1480          : IntAlu :  D=0x000000000006f5c8
1451500: system.cpu: T0 : 0x1d884    : jal ra, -5228              : IntAlu :  D=0x000000000001d888
1452000: system.cpu: T0 : 0x1c418    : c_addi16sp sp, -256        : IntAlu :  D=0x7ffffffffffffb10
1452500: system.cpu: T0 : 0x1c41a    : c_sdsp ra, 248(sp)         : MemWrite :  D=0x000000000001d888 A=0x7ffffffffffffc08
1453000: system.cpu: T0 : 0x1c41c    : c_sdsp s0, 240(sp)         : MemWrite :  D=0x0000000000000024 A=0x7ffffffffffffc00
1453500: system.cpu: T0 : 0x1c41e    : c_sdsp s1, 232(sp)         : MemWrite :  D=0x000000000006f000 A=0x7ffffffffffffbf8
1454000: system.cpu: T0 : 0x1c420    : c_sdsp s2, 224(sp)         : MemWrite :  D=0x0000000000000002 A=0x7ffffffffffffbf0
1454500: system.cpu: T0 : 0x1c422    : c_sdsp s3, 216(sp)         : MemWrite :  D=0x0000000000000000 A=0x7ffffffffffffbe8
1455000: system.cpu: T0 : 0x1c424    : c_sdsp s4, 208(sp)         : MemWrite :  D=0x0000000000000000 A=0x7ffffffffffffbe0
1455500: system.cpu: T0 : 0x1c426    : c_sdsp s5, 200(sp)         : MemWrite :  D=0x0000000000000000 A=0x7ffffffffffffbd8
1456000: system.cpu: T0 : 0x1c428    : c_sdsp s6, 192(sp)         : MemWrite :  D=0x0000000000072000 A=0x7ffffffffffffbd0
1456500: system.cpu: T0 : 0x1c42a    : c_sdsp s7, 184(sp)         : MemWrite :  D=0x0000000000000000 A=0x7ffffffffffffbc8
1457000: system.cpu: T0 : 0x1c42c    : c_sdsp s8, 176(sp)         : MemWrite :  D=0x0000000000000000 A=0x7ffffffffffffbc0
1457500: system.cpu: T0 : 0x1c42e    : c_sdsp s9, 168(sp)         : MemWrite :  D=0x0000000000000003 A=0x7ffffffffffffbb8
1458000: system.cpu: T0 : 0x1c430    : c_sdsp s10, 160(sp)        : MemWrite :  D=0x0000000000000000 A=0x7ffffffffffffbb0
1458500: system.cpu: T0 : 0x1c432    : c_sdsp s11, 152(sp)        : MemWrite :  D=0x0000000000000000 A=0x7ffffffffffffba8
1459000: system.cpu: T0 : 0x1c434    : blt a1, zero, 1198         : IntAlu : 
1459500: system.cpu: T0 : 0x1c438    : addi s0, a1, 23            : IntAlu :  D=0x000000000000003b
1460000: system.cpu: T0 : 0x1c43c    : c_li a5, 31                : IntAlu :  D=0x000000000000001f
1460500: system.cpu: T0 : 0x1c43e    : c_mv s3, a1                : IntAlu :  D=0x0000000000000024
1461000: system.cpu: T0 : 0x1c440    : c_mv s1, a0                : IntAlu :  D=0x000000000006f5c8
1462000: system.cpu: T0 : 0x1c442    : bltu a5, s0, 220           : IntAlu : 
1462500: system.cpu: T0 : 0x1c51e    : c_andi s0, 18446744073709551600 : IntAlu :  D=0x0000000000000030
1463000: system.cpu: T0 : 0x1c520    : beq a0, zero, 988          : IntAlu : 
1463500: system.cpu: T0 : 0x1c524    : ld a4, -1376(gp)           : MemRead :  D=0x0000000000000080 A=0x70ac8
1464000: system.cpu: T0 : 0x1c528    : srliw s9, s0, 4            : IntAlu :  D=0x0000000000000003
1464500: system.cpu: T0 : 0x1c52c    : srliw a5, s0, 4            : IntAlu :  D=0x0000000000000003
1465000: system.cpu: T0 : 0x1c530    : bgeu a4, s0, 506           : IntAlu : 
1465500: system.cpu: T0 : 0x1c72a    : c_addiw a5, -2             : IntAlu :  D=0x0000000000000001
1466000: system.cpu: T0 : 0x1c72c    : slli a2, a5, 32            : IntAlu :  D=0x0000000100000000
1466500: system.cpu: T0 : 0x1c730    : c_srli a2, 32              : IntAlu :  D=0x0000000000000001
1467000: system.cpu: T0 : 0x1c732    : c_addi a2, 2               : IntAlu :  D=0x0000000000000003
1467500: system.cpu: T0 : 0x1c734    : c_slli a2, 3               : IntAlu :  D=0x0000000000000018
1468000: system.cpu: T0 : 0x1c736    : c_j -376                   : IntAlu : 
1468500: system.cpu: T0 : 0x1c5be    : c_slli a5, 32              : IntAlu :  D=0x0000000100000000
1469000: system.cpu: T0 : 0x1c5c0    : c_srli a5, 29              : IntAlu :  D=0x0000000000000008
1469500: system.cpu: T0 : 0x1c5c2    : c_add a5, s1               : IntAlu :  D=0x000000000006f5d0
1470000: system.cpu: T0 : 0x1c5c4    : ld s2, 16(a5)              : MemRead :  D=0x0000000000000000 A=0x6f5e0
1470500: system.cpu: T0 : 0x1c5c8    : beq s2, zero, 170          : IntAlu : 
1471500: system.cpu: T0 : 0x1c672    : addiw a5, s9, -1           : IntAlu :  D=0x0000000000000002
1472500: system.cpu: T0 : 0x1c676    : slliw a5, a5, 1            : IntAlu :  D=0x0000000000000004
1473000: system.cpu: T0 : 0x1c67a    : c_slli a5, 32              : IntAlu :  D=0x0000000400000000
1473500: system.cpu: T0 : 0x1c67c    : c_srli a5, 32              : IntAlu :  D=0x0000000000000004
1474000: system.cpu: T0 : 0x1c67e    : c_addi a5, 14              : IntAlu :  D=0x0000000000000012
1474500: system.cpu: T0 : 0x1c680    : c_slli a5, 3               : IntAlu :  D=0x0000000000000090
1475000: system.cpu: T0 : 0x1c682    : c_j -550                   : IntAlu : 
1475500: system.cpu: T0 : 0x1c45c    : c_add a5, s1               : IntAlu :  D=0x000000000006f658
1476500: system.cpu: T0 : 0x1c45e    : ld s2, 8(a5)               : MemRead :  D=0x000000000006f648 A=0x6f660
1477500: system.cpu: T0 : 0x1c462    : addi a3, a5, -16           : IntAlu :  D=0x000000000006f648
1478500: system.cpu: T0 : 0x1c466    : beq a3, s2, 748            : IntAlu : 
1479500: system.cpu: T0 : 0x1c752    : srli t1, s0, 9             : IntAlu :  D=0x0000000000000000
1480500: system.cpu: T0 : 0x1c756    : addiw a5, t1, 91           : IntAlu :  D=0x000000000000005b
1481500: system.cpu: T0 : 0x1c75a    : srli s10, s0, 6            : IntAlu :  D=0x0000000000000000
1482000: system.cpu: T0 : 0x1c75e    : c_sdsp a5, 96(sp)          : MemWrite :  D=0x000000000000005b A=0x7ffffffffffffb70
1482500: system.cpu: T0 : 0x1c760    : addiw a5, s10, 48          : IntAlu :  D=0x0000000000000030
1483000: system.cpu: T0 : 0x1c764    : c_sdsp a5, 88(sp)          : MemWrite :  D=0x0000000000000030 A=0x7ffffffffffffb68
1484000: system.cpu: T0 : 0x1c766    : addi a5, zero, 110         : IntAlu :  D=0x000000000000006e
1484500: system.cpu: T0 : 0x1c76a    : c_sdsp a5, 112(sp)         : MemWrite :  D=0x000000000000006e A=0x7ffffffffffffb80
1485000: system.cpu: T0 : 0x1c76c    : addi a5, zero, 119         : IntAlu :  D=0x0000000000000077
1485500: system.cpu: T0 : 0x1c770    : c_sdsp a5, 104(sp)         : MemWrite :  D=0x0000000000000077 A=0x7ffffffffffffb78
1486500: system.cpu: T0 : 0x1c772    : addi a5, zero, 124         : IntAlu :  D=0x000000000000007c
1487000: system.cpu: T0 : 0x1c776    : c_sdsp s9, 8(sp)           : MemWrite :  D=0x0000000000000003 A=0x7ffffffffffffb18
1487500: system.cpu: T0 : 0x1c778    : c_sdsp a5, 120(sp)         : MemWrite :  D=0x000000000000007c A=0x7ffffffffffffb88
1488000: system.cpu: T0 : 0x1c77a    : c_sdsp zero, 128(sp)       : MemWrite :  D=0x0000000000000000 A=0x7ffffffffffffb90
1488500: system.cpu: T0 : 0x1c77c    : c_sdsp zero, 136(sp)       : MemWrite :  D=0x0000000000000000 A=0x7ffffffffffffb98
1489500: system.cpu: T0 : 0x1c77e    : ld a5, 40(tp)              : MemRead :  D=0x0000000000072f90 A=0x72738
1490500: system.cpu: T0 : 0x1c782    : addi s6, s0, -17           : IntAlu :  D=0x000000000000001f
1491500: system.cpu: T0 : 0x1c786    : srli s6, s6, 4             : IntAlu :  D=0x0000000000000001
1492000: system.cpu: T0 : 0x1c78a    : c_li s5, 0                 : IntAlu :  D=0x0000000000000000
1492500: system.cpu: T0 : 0x1c78c    : c_beqz a5, 22              : IntAlu : 
1493500: system.cpu: T0 : 0x1c78e    : lui a5, 111                : IntAlu :  D=0x000000000006f000
1494500: system.cpu: T0 : 0x1c792    : ld s5, 1448(a5)            : MemRead :  D=0x0000000000000040 A=0x6f5a8
1495500: system.cpu: T0 : 0x1c796    : sltu s5, s6, s5            : IntAlu :  D=0x0000000000000001
1496500: system.cpu: T0 : 0x1c79a    : sub s5, zero, s5           : IntAlu :  D=0xffffffffffffffff
1497500: system.cpu: T0 : 0x1c79e    : and s5, s0, s5             : IntAlu :  D=0x0000000000000030
1498500: system.cpu: T0 : 0x1c7a2    : lui a5, 111                : IntAlu :  D=0x000000000006f000
1499000: system.cpu: T0 : 0x1c7a6    : c_lui s11, 1               : IntAlu :  D=0x0000000000001000
1499500: system.cpu: T0 : 0x1c7a8    : lui s7, 111                : IntAlu :  D=0x000000000006f000
1500000: system.cpu: T0 : 0x1c7ac    : addi a5, a5, 1480          : IntAlu :  D=0x000000000006f5c8
1500500: system.cpu: T0 : 0x1c7b0    : addi s8, s1, 96            : IntAlu :  D=0x000000000006f628
1501000: system.cpu: T0 : 0x1c7b4    : c_li t5, 0                 : IntAlu :  D=0x0000000000000000
1502000: system.cpu: T0 : 0x1c7b6    : addi s7, s7, 1368          : IntAlu :  D=0x000000000006f558
1503000: system.cpu: T0 : 0x1c7ba    : add a7, s1, s11            : IntAlu :  D=0x00000000000705c8
1503500: system.cpu: T0 : 0x1c7be    : c_sdsp a5, 56(sp)          : MemWrite :  D=0x000000000006f5c8 A=0x7ffffffffffffb48
1504000: system.cpu: T0 : 0x1c7c0    : c_ld a5, 120(s1)           : MemRead :  D=0x000000000006f628 A=0x6f640
1505000: system.cpu: T0 : 0x1c7c2    : beq a5, s8, 532            : IntAlu : 
1506000: system.cpu: T0 : 0x1c9d6    : addi a5, zero, 1023        : IntAlu :  D=0x00000000000003ff
1507000: system.cpu: T0 : 0x1c9da    : bgeu a5, s0, 38            : IntAlu : 
1507500: system.cpu: T0 : 0x1ca00    : c_ldsp a3, 8(sp)           : MemRead :  D=0x0000000000000003 A=0x7ffffffffffffb18
1508000: system.cpu: T0 : 0x1ca02    : c_li a0, 4                 : IntAlu :  D=0x0000000000000004
1508500: system.cpu: T0 : 0x1ca04    : addiw a5, a3, 1            : IntAlu :  D=0x0000000000000004
1509000: system.cpu: T0 : 0x1ca08    : srliw a4, a5, 5            : IntAlu :  D=0x0000000000000000
1509500: system.cpu: T0 : 0x1ca0c    : slliw a3, a3, 1            : IntAlu :  D=0x0000000000000006
1510000: system.cpu: T0 : 0x1ca10    : addi a4, a4, 536           : IntAlu :  D=0x0000000000000218
1510500: system.cpu: T0 : 0x1ca14    : c_slli a3, 32              : IntAlu :  D=0x0000000600000000
1511000: system.cpu: T0 : 0x1ca16    : c_slli a4, 2               : IntAlu :  D=0x0000000000000860
1511500: system.cpu: T0 : 0x1ca18    : c_srli a3, 32              : IntAlu :  D=0x0000000000000006
1512000: system.cpu: T0 : 0x1ca1a    : c_add a4, s1               : IntAlu :  D=0x000000000006fe28
1512500: system.cpu: T0 : 0x1ca1c    : c_slli a3, 3               : IntAlu :  D=0x0000000000000030
1513000: system.cpu: T0 : 0x1ca1e    : c_lw a2, 0(a4)             : MemRead :  D=0x0000000000000000 A=0x6fe28
1513500: system.cpu: T0 : 0x1ca20    : addi a3, a3, 96            : IntAlu :  D=0x0000000000000090
1514000: system.cpu: T0 : 0x1ca24    : c_li a4, 1                 : IntAlu :  D=0x0000000000000001
1515000: system.cpu: T0 : 0x1ca26    : srliw s2, a5, 5            : IntAlu :  D=0x0000000000000000
1515500: system.cpu: T0 : 0x1ca2a    : c_add a3, s1               : IntAlu :  D=0x000000000006f658
1516000: system.cpu: T0 : 0x1ca2c    : sllw a5, a4, a5            : IntAlu :  D=0x0000000000000010
1516500: system.cpu: T0 : 0x1ca30    : bltu a2, a5, 144           : IntAlu : 
1517000: system.cpu: T0 : 0x1cac0    : addiw a5, s2, 1            : IntAlu :  D=0x0000000000000001
1517500: system.cpu: T0 : 0x1cac4    : addiw s2, a5, 0            : IntAlu :  D=0x0000000000000001
1518000: system.cpu: T0 : 0x1cac8    : bne s2, a0, -26            : IntAlu : 
1518500: system.cpu: T0 : 0x1caae    : c_slli a5, 32              : IntAlu :  D=0x0000000100000000
1519000: system.cpu: T0 : 0x1cab0    : c_srli a5, 32              : IntAlu :  D=0x0000000000000001
1520000: system.cpu: T0 : 0x1cab2    : addi a5, a5, 536           : IntAlu :  D=0x0000000000000219
1520500: system.cpu: T0 : 0x1cab6    : c_slli a5, 2               : IntAlu :  D=0x0000000000000864
1521000: system.cpu: T0 : 0x1cab8    : c_add a5, s1               : IntAlu :  D=0x000000000006fe2c
1521500: system.cpu: T0 : 0x1caba    : c_lw a2, 0(a5)             : MemRead :  D=0x0000000000000000 A=0x6fe2c
1522000: system.cpu: T0 : 0x1cabc    : bne a2, zero, 384          : IntAlu : 
1522500: system.cpu: T0 : 0x1cac0    : addiw a5, s2, 1            : IntAlu :  D=0x0000000000000002
1523000: system.cpu: T0 : 0x1cac4    : addiw s2, a5, 0            : IntAlu :  D=0x0000000000000002
1523500: system.cpu: T0 : 0x1cac8    : bne s2, a0, -26            : IntAlu : 
1524000: system.cpu: T0 : 0x1caae    : c_slli a5, 32              : IntAlu :  D=0x0000000200000000
1524500: system.cpu: T0 : 0x1cab0    : c_srli a5, 32              : IntAlu :  D=0x0000000000000002
1525500: system.cpu: T0 : 0x1cab2    : addi a5, a5, 536           : IntAlu :  D=0x000000000000021a
1526000: system.cpu: T0 : 0x1cab6    : c_slli a5, 2               : IntAlu :  D=0x0000000000000868
1526500: system.cpu: T0 : 0x1cab8    : c_add a5, s1               : IntAlu :  D=0x000000000006fe30
1527000: system.cpu: T0 : 0x1caba    : c_lw a2, 0(a5)             : MemRead :  D=0x0000000000000000 A=0x6fe30
1527500: system.cpu: T0 : 0x1cabc    : bne a2, zero, 384          : IntAlu : 
1528000: system.cpu: T0 : 0x1cac0    : addiw a5, s2, 1            : IntAlu :  D=0x0000000000000003
1528500: system.cpu: T0 : 0x1cac4    : addiw s2, a5, 0            : IntAlu :  D=0x0000000000000003
1529000: system.cpu: T0 : 0x1cac8    : bne s2, a0, -26            : IntAlu : 
1529500: system.cpu: T0 : 0x1caae    : c_slli a5, 32              : IntAlu :  D=0x0000000300000000
1530000: system.cpu: T0 : 0x1cab0    : c_srli a5, 32              : IntAlu :  D=0x0000000000000003
1531000: system.cpu: T0 : 0x1cab2    : addi a5, a5, 536           : IntAlu :  D=0x000000000000021b
1531500: system.cpu: T0 : 0x1cab6    : c_slli a5, 2               : IntAlu :  D=0x000000000000086c
1532000: system.cpu: T0 : 0x1cab8    : c_add a5, s1               : IntAlu :  D=0x000000000006fe34
1532500: system.cpu: T0 : 0x1caba    : c_lw a2, 0(a5)             : MemRead :  D=0x0000000000000000 A=0x6fe34
1533000: system.cpu: T0 : 0x1cabc    : bne a2, zero, 384          : IntAlu : 
1533500: system.cpu: T0 : 0x1cac0    : addiw a5, s2, 1            : IntAlu :  D=0x0000000000000004
1534000: system.cpu: T0 : 0x1cac4    : addiw s2, a5, 0            : IntAlu :  D=0x0000000000000004
1534500: system.cpu: T0 : 0x1cac8    : bne s2, a0, -26            : IntAlu : 
1535000: system.cpu: T0 : 0x1cacc    : c_ld a4, 96(s1)            : MemRead :  D=0x0000000000073210 A=0x6f628
1536000: system.cpu: T0 : 0x1cace    : ld a3, -1912(a7)           : MemRead :  D=0x0000000000021080 A=0x6fe50
1536500: system.cpu: T0 : 0x1cad2    : c_ld a5, 8(a4)             : MemRead :  D=0x0000000000020df1 A=0x73218
1537000: system.cpu: T0 : 0x1cad4    : c_andi a5, 18446744073709551608 : IntAlu :  D=0x0000000000020df0
1538000: system.cpu: T0 : 0x1cad6    : bltu a3, a5, 548           : IntAlu : 
1539000: system.cpu: T0 : 0x1cada    : addi a3, s0, 32            : IntAlu :  D=0x0000000000000050
1540000: system.cpu: T0 : 0x1cade    : bgeu a5, a3, 640           : IntAlu : 
1541000: system.cpu: T0 : 0x1cd5e    : add a0, a4, s0             : IntAlu :  D=0x0000000000073240
1542000: system.cpu: T0 : 0x1cd62    : lui a2, 111                : IntAlu :  D=0x000000000006f000
1542500: system.cpu: T0 : 0x1cd66    : c_sd a0, 96(s1)            : MemWrite :  D=0x0000000000073240 A=0x6f628
1543000: system.cpu: T0 : 0x1cd68    : addi a2, a2, 1480          : IntAlu :  D=0x000000000006f5c8
1543500: system.cpu: T0 : 0x1cd6c    : c_sub a5, s0               : IntAlu :  D=0x0000000000020dc0
1544000: system.cpu: T0 : 0x1cd6e    : c_li a3, 4                 : IntAlu :  D=0x0000000000000004
1544500: system.cpu: T0 : 0x1cd70    : beq s1, a2, 116            : IntAlu : 
1545000: system.cpu: T0 : 0x1cde4    : c_li a3, 0                 : IntAlu :  D=0x0000000000000000
1545500: system.cpu: T0 : 0x1cde6    : c_j -114                   : IntAlu : 
1546000: system.cpu: T0 : 0x1cd74    : c_or a3, s0                : IntAlu :  D=0x0000000000000030
1547000: system.cpu: T0 : 0x1cd76    : ori a3, a3, 1              : IntAlu :  D=0x0000000000000031
1548000: system.cpu: T0 : 0x1cd7a    : lw a1, -1396(gp)           : MemRead :  D=0x0000000000000000 A=0x70ab4
1548500: system.cpu: T0 : 0x1cd7e    : c_sd a3, 8(a4)             : MemWrite :  D=0x0000000000000031 A=0x73218
1549000: system.cpu: T0 : 0x1cd80    : ori a5, a5, 1              : IntAlu :  D=0x0000000000020dc1
1549500: system.cpu: T0 : 0x1cd84    : c_sd a5, 8(a0)             : MemWrite :  D=0x0000000000020dc1 A=0x73248
1550500: system.cpu: T0 : 0x1cd86    : addi s2, a4, 16            : IntAlu :  D=0x0000000000073220
1551500: system.cpu: T0 : 0x1cd8a    : beq a1, zero, -1664        : IntAlu : 
1552000: system.cpu: T0 : 0x1c70a    : c_ldsp ra, 248(sp)         : MemRead :  D=0x000000000001d888 A=0x7ffffffffffffc08
1552500: system.cpu: T0 : 0x1c70c    : c_ldsp s0, 240(sp)         : MemRead :  D=0x0000000000000024 A=0x7ffffffffffffc00
1553000: system.cpu: T0 : 0x1c70e    : c_ldsp s1, 232(sp)         : MemRead :  D=0x000000000006f000 A=0x7ffffffffffffbf8
1553500: system.cpu: T0 : 0x1c710    : c_ldsp s3, 216(sp)         : MemRead :  D=0x0000000000000000 A=0x7ffffffffffffbe8
1554000: system.cpu: T0 : 0x1c712    : c_ldsp s4, 208(sp)         : MemRead :  D=0x0000000000000000 A=0x7ffffffffffffbe0
1554500: system.cpu: T0 : 0x1c714    : c_ldsp s5, 200(sp)         : MemRead :  D=0x0000000000000000 A=0x7ffffffffffffbd8
1555000: system.cpu: T0 : 0x1c716    : c_ldsp s6, 192(sp)         : MemRead :  D=0x0000000000072000 A=0x7ffffffffffffbd0
1555500: system.cpu: T0 : 0x1c718    : c_ldsp s7, 184(sp)         : MemRead :  D=0x0000000000000000 A=0x7ffffffffffffbc8
1556000: system.cpu: T0 : 0x1c71a    : c_ldsp s8, 176(sp)         : MemRead :  D=0x0000000000000000 A=0x7ffffffffffffbc0
1556500: system.cpu: T0 : 0x1c71c    : c_ldsp s9, 168(sp)         : MemRead :  D=0x0000000000000003 A=0x7ffffffffffffbb8
1557000: system.cpu: T0 : 0x1c71e    : c_ldsp s10, 160(sp)        : MemRead :  D=0x0000000000000000 A=0x7ffffffffffffbb0
1557500: system.cpu: T0 : 0x1c720    : c_ldsp s11, 152(sp)        : MemRead :  D=0x0000000000000000 A=0x7ffffffffffffba8
1558000: system.cpu: T0 : 0x1c722    : c_mv a0, s2                : IntAlu :  D=0x0000000000073220
1558500: system.cpu: T0 : 0x1c724    : c_ldsp s2, 224(sp)         : MemRead :  D=0x0000000000000002 A=0x7ffffffffffffbf0
1559000: system.cpu: T0 : 0x1c726    : c_addi16sp sp, 256         : IntAlu :  D=0x7ffffffffffffc10
1559500: system.cpu: T0 : 0x1c728    : c_jr ra                    : IntAlu : 
1560000: system.cpu: T0 : 0x1d888    : c_mv a5, a0                : IntAlu :  D=0x0000000000073220
1560500: system.cpu: T0 : 0x1d88a    : c_beqz a0, 150             : IntAlu : 
1561000: system.cpu: T0 : 0x1d88c    : ld a4, -8(a0)              : MemRead :  D=0x0000000000000031 A=0x73218
1561500: system.cpu: T0 : 0x1d890    : andi a3, a4, 2             : IntAlu :  D=0x0000000000000000
1562000: system.cpu: T0 : 0x1d894    : c_bnez a3, 26              : IntAlu : 
1562500: system.cpu: T0 : 0x1d896    : c_andi a4, 4               : IntAlu :  D=0x0000000000000000
1563000: system.cpu: T0 : 0x1d898    : c_beqz a4, 22              : IntAlu : 
1563500: system.cpu: T0 : 0x1d8ae    : c_ldsp ra, 24(sp)          : MemRead :  D=0x000000000003d912 A=0x7ffffffffffffc28
1564000: system.cpu: T0 : 0x1d8b0    : c_ldsp s0, 16(sp)          : MemRead :  D=0x7ffffffffffffd00 A=0x7ffffffffffffc20
1564500: system.cpu: T0 : 0x1d8b2    : c_ldsp s1, 8(sp)           : MemRead :  D=0x7ffffffffffffc30 A=0x7ffffffffffffc18
1565000: system.cpu: T0 : 0x1d8b4    : c_ldsp s2, 0(sp)           : MemRead :  D=0x0000000000000002 A=0x7ffffffffffffc10
1565500: system.cpu: T0 : 0x1d8b6    : c_mv a0, a5                : IntAlu :  D=0x0000000000073220
1566000: system.cpu: T0 : 0x1d8b8    : c_addi16sp sp, 32          : IntAlu :  D=0x7ffffffffffffc30
1566500: system.cpu: T0 : 0x1d8ba    : c_jr ra                    : IntAlu : 
1567000: system.cpu: T0 : 0x3d912    : c_mv s6, a0                : IntAlu :  D=0x0000000000073220
1567500: system.cpu: T0 : 0x3d914    : addi a5, s9, 1             : IntAlu :  D=0x0000000000000004
1568000: system.cpu: T0 : 0x3d918    : c_bnez a0, 64              : IntAlu : 
1568500: system.cpu: T0 : 0x3d958    : c_ld a1, 0(s1)             : MemRead :  D=0x0000000000061cf0 A=0x7ffffffffffffc30
1569500: system.cpu: T0 : 0x3d95a    : addi a0, a0, 32            : IntAlu :  D=0x0000000000073240
1570500: system.cpu: T0 : 0x3d95e    : sd a5, 8(s6)               : MemWrite :  D=0x0000000000000004 A=0x73228
1571500: system.cpu: T0 : 0x3d962    : sd a0, 0(s6)               : MemWrite :  D=0x0000000000073240 A=0x73220
1572500: system.cpu: T0 : 0x3d966    : sd a0, 16(s6)              : MemWrite :  D=0x0000000000073240 A=0x73230
1573500: system.cpu: T0 : 0x3d96a    : sd zero, 24(s6)            : MemWrite :  D=0x0000000000000000 A=0x73238
1574000: system.cpu: T0 : 0x3d96e    : c_mv a2, s9                : IntAlu :  D=0x0000000000000003
1574500: system.cpu: T0 : 0x3d970    : jal ra, -123064            : IntAlu :  D=0x000000000003d974
1575000: system.cpu: T0 : 0x1f8b8    : c_addi sp, -16             : IntAlu :  D=0x7ffffffffffffc20
1575500: system.cpu: T0 : 0x1f8ba    : c_sdsp s0, 0(sp)           : MemWrite :  D=0x7ffffffffffffd00 A=0x7ffffffffffffc20
1576000: system.cpu: T0 : 0x1f8bc    : c_sdsp ra, 8(sp)           : MemWrite :  D=0x000000000003d974 A=0x7ffffffffffffc28
1576500: system.cpu: T0 : 0x1f8be    : c_mv s0, a2                : IntAlu :  D=0x0000000000000003
1577000: system.cpu: T0 : 0x1f8c0    : jal ra, 112                : IntAlu :  D=0x000000000001f8c4
1577500: system.cpu: T0 : 0x1f930    : c_addi16sp sp, -48         : IntAlu :  D=0x7ffffffffffffbf0
1578000: system.cpu: T0 : 0x1f932    : c_sdsp s0, 32(sp)          : MemWrite :  D=0x0000000000000003 A=0x7ffffffffffffc10
1578500: system.cpu: T0 : 0x1f934    : c_sdsp s2, 16(sp)          : MemWrite :  D=0x0000000000000002 A=0x7ffffffffffffc00
1579000: system.cpu: T0 : 0x1f936    : c_sdsp ra, 40(sp)          : MemWrite :  D=0x000000000001f8c4 A=0x7ffffffffffffc18
1579500: system.cpu: T0 : 0x1f938    : c_sdsp s1, 24(sp)          : MemWrite :  D=0x7ffffffffffffc30 A=0x7ffffffffffffc08
1580000: system.cpu: T0 : 0x1f93a    : c_sdsp s3, 8(sp)           : MemWrite :  D=0x0000000000000000 A=0x7ffffffffffffbf8
1580500: system.cpu: T0 : 0x1f93c    : c_li a5, 15                : IntAlu :  D=0x000000000000000f
1581000: system.cpu: T0 : 0x1f93e    : c_mv s2, a0                : IntAlu :  D=0x0000000000073240
1581500: system.cpu: T0 : 0x1f940    : c_mv a4, a0                : IntAlu :  D=0x0000000000073240
1582000: system.cpu: T0 : 0x1f942    : c_mv s0, a1                : IntAlu :  D=0x0000000000061cf0
1582500: system.cpu: T0 : 0x1f944    : bgeu a5, a2, 72            : IntAlu : 
1583000: system.cpu: T0 : 0x1f98c    : c_addi a4, -1              : IntAlu :  D=0x000000000007323f
1583500: system.cpu: T0 : 0x1f98e    : c_mv a5, s0                : IntAlu :  D=0x0000000000061cf0
1584000: system.cpu: T0 : 0x1f990    : add a1, a2, s0             : IntAlu :  D=0x0000000000061cf3
1584500: system.cpu: T0 : 0x1f994    : c_sub a4, s0               : IntAlu :  D=0x000000000001154f
1585000: system.cpu: T0 : 0x1f996    : c_beqz a2, 20              : IntAlu : 
1585500: system.cpu: T0 : 0x1f998    : lbu a2, 0(a5)              : MemRead :  D=0x0000000000000074 A=0x61cf0
1586000: system.cpu: T0 : 0x1f99c    : c_addi a5, 1               : IntAlu :  D=0x0000000000061cf1
1587000: system.cpu: T0 : 0x1f99e    : add a3, a4, a5             : IntAlu :  D=0x0000000000073240
1588000: system.cpu: T0 : 0x1f9a2    : sb a2, 0(a3)               : MemWrite :  D=0x0000000000000074 A=0x73240
1589000: system.cpu: T0 : 0x1f9a6    : bne a1, a5, -14            : IntAlu : 
1589500: system.cpu: T0 : 0x1f998    : lbu a2, 0(a5)              : MemRead :  D=0x000000000000006c A=0x61cf1
1590000: system.cpu: T0 : 0x1f99c    : c_addi a5, 1               : IntAlu :  D=0x0000000000061cf2
1591000: system.cpu: T0 : 0x1f99e    : add a3, a4, a5             : IntAlu :  D=0x0000000000073241
1592000: system.cpu: T0 : 0x1f9a2    : sb a2, 0(a3)               : MemWrite :  D=0x000000000000006c A=0x73241
1593000: system.cpu: T0 : 0x1f9a6    : bne a1, a5, -14            : IntAlu : 
1593500: system.cpu: T0 : 0x1f998    : lbu a2, 0(a5)              : MemRead :  D=0x0000000000000073 A=0x61cf2
1594000: system.cpu: T0 : 0x1f99c    : c_addi a5, 1               : IntAlu :  D=0x0000000000061cf3
1595000: system.cpu: T0 : 0x1f99e    : add a3, a4, a5             : IntAlu :  D=0x0000000000073242
1596000: system.cpu: T0 : 0x1f9a2    : sb a2, 0(a3)               : MemWrite :  D=0x0000000000000073 A=0x73242
1597000: system.cpu: T0 : 0x1f9a6    : bne a1, a5, -14            : IntAlu : 
1597500: system.cpu: T0 : 0x1f9aa    : c_ldsp ra, 40(sp)          : MemRead :  D=0x000000000001f8c4 A=0x7ffffffffffffc18
1598000: system.cpu: T0 : 0x1f9ac    : c_ldsp s0, 32(sp)          : MemRead :  D=0x0000000000000003 A=0x7ffffffffffffc10
1598500: system.cpu: T0 : 0x1f9ae    : c_ldsp s1, 24(sp)          : MemRead :  D=0x7ffffffffffffc30 A=0x7ffffffffffffc08
1599000: system.cpu: T0 : 0x1f9b0    : c_ldsp s3, 8(sp)           : MemRead :  D=0x0000000000000000 A=0x7ffffffffffffbf8
1599500: system.cpu: T0 : 0x1f9b2    : c_mv a0, s2                : IntAlu :  D=0x0000000000073240
1600000: system.cpu: T0 : 0x1f9b4    : c_ldsp s2, 16(sp)          : MemRead :  D=0x0000000000000002 A=0x7ffffffffffffc00
1600500: system.cpu: T0 : 0x1f9b6    : c_addi16sp sp, 48          : IntAlu :  D=0x7ffffffffffffc20
1601000: system.cpu: T0 : 0x1f9b8    : c_jr ra                    : IntAlu : 
1601500: system.cpu: T0 : 0x1f8c4    : c_ldsp ra, 8(sp)           : MemRead :  D=0x000000000003d974 A=0x7ffffffffffffc28
1602000: system.cpu: T0 : 0x1f8c6    : c_add a0, s0               : IntAlu :  D=0x0000000000073243
1602500: system.cpu: T0 : 0x1f8c8    : c_ldsp s0, 0(sp)           : MemRead :  D=0x7ffffffffffffd00 A=0x7ffffffffffffc20
1603000: system.cpu: T0 : 0x1f8ca    : c_addi sp, 16              : IntAlu :  D=0x7ffffffffffffc30
1603500: system.cpu: T0 : 0x1f8cc    : c_jr ra                    : IntAlu : 
1604000: system.cpu: T0 : 0x3d974    : ld a4, -136(s0)            : MemRead :  D=0x000000000006efd0 A=0x7ffffffffffffc78
1604500: system.cpu: T0 : 0x3d978    : addi a5, zero, 47          : IntAlu :  D=0x000000000000002f
1605000: system.cpu: T0 : 0x3d97c    : sb a5, 0(a0)               : MemWrite :  D=0x000000000000002f A=0x73243
1605500: system.cpu: T0 : 0x3d980    : sd s2, 0(a4)               : MemWrite :  D=0x0000000000000002 A=0x6efd0
1606000: system.cpu: T0 : 0x3d984    : ld a5, 8(s6)               : MemRead :  D=0x0000000000000004 A=0x73228
1606500: system.cpu: T0 : 0x3d988    : ld a4, -160(s0)            : MemRead :  D=0x000000000006efc8 A=0x7ffffffffffffc60
1607000: system.cpu: T0 : 0x3d98c    : c_sd a5, 0(a4)             : MemWrite :  D=0x0000000000000004 A=0x6efc8
1607500: system.cpu: T0 : 0x3d98e    : c_j -178                   : IntAlu : 
1608000: system.cpu: T0 : 0x3d8dc    : addi sp, s0, -192          : IntAlu :  D=0x7ffffffffffffc40
1608500: system.cpu: T0 : 0x3d8e0    : c_ldsp ra, 184(sp)         : MemRead :  D=0x000000000003ae4c A=0x7ffffffffffffcf8
1609000: system.cpu: T0 : 0x3d8e2    : c_mv a0, s6                : IntAlu :  D=0x0000000000073220
1609500: system.cpu: T0 : 0x3d8e4    : c_ldsp s0, 176(sp)         : MemRead :  D=0x7ffffffffffffd40 A=0x7ffffffffffffcf0
1610000: system.cpu: T0 : 0x3d8e6    : c_ldsp s1, 168(sp)         : MemRead :  D=0x000000000006fe60 A=0x7ffffffffffffce8
1610500: system.cpu: T0 : 0x3d8e8    : c_ldsp s2, 160(sp)         : MemRead :  D=0x0000000000000000 A=0x7ffffffffffffce0
1611000: system.cpu: T0 : 0x3d8ea    : c_ldsp s3, 152(sp)         : MemRead :  D=0x000000000006efc0 A=0x7ffffffffffffcd8
1611500: system.cpu: T0 : 0x3d8ec    : c_ldsp s4, 144(sp)         : MemRead :  D=0x0000000000070000 A=0x7ffffffffffffcd0
1612000: system.cpu: T0 : 0x3d8ee    : c_ldsp s5, 136(sp)         : MemRead :  D=0x0000000000072000 A=0x7ffffffffffffcc8
1612500: system.cpu: T0 : 0x3d8f0    : c_ldsp s6, 128(sp)         : MemRead :  D=0x0000000000072000 A=0x7ffffffffffffcc0
1613000: system.cpu: T0 : 0x3d8f2    : c_ldsp s7, 120(sp)         : MemRead :  D=0x0000000000000000 A=0x7ffffffffffffcb8
1613500: system.cpu: T0 : 0x3d8f4    : c_ldsp s8, 112(sp)         : MemRead :  D=0x0000000000000000 A=0x7ffffffffffffcb0
1614000: system.cpu: T0 : 0x3d8f6    : c_ldsp s9, 104(sp)         : MemRead :  D=0x0000000000000000 A=0x7ffffffffffffca8
1614500: system.cpu: T0 : 0x3d8f8    : c_ldsp s10, 96(sp)         : MemRead :  D=0x0000000000000000 A=0x7ffffffffffffca0
1615000: system.cpu: T0 : 0x3d8fa    : c_ldsp s11, 88(sp)         : MemRead :  D=0x0000000000000000 A=0x7ffffffffffffc98
1615500: system.cpu: T0 : 0x3d8fc    : c_addi16sp sp, 192         : IntAlu :  D=0x7ffffffffffffd00
1616000: system.cpu: T0 : 0x3d8fe    : c_jr ra                    : IntAlu : 
1616500: system.cpu: T0 : 0x3ae4c    : c_mv a5, a0                : IntAlu :  D=0x0000000000073220
1617500: system.cpu: T0 : 0x3ae4e    : addi a0, zero, 40          : IntAlu :  D=0x0000000000000028
1618500: system.cpu: T0 : 0x3ae52    : sd a5, 24(s3)              : MemWrite :  D=0x0000000000073220 A=0x6efd8
1619500: system.cpu: T0 : 0x3ae56    : jal ra, -120344            : IntAlu :  D=0x000000000003ae5a
1620500: system.cpu: T0 : 0x1d83e    : ld t1, -1848(gp)           : MemRead :  D=0x0000000000000000 A=0x708f0
1621500: system.cpu: T0 : 0x1d842    : bne t1, zero, 260          : IntAlu : 
1622000: system.cpu: T0 : 0x1d846    : c_addi sp, -32             : IntAlu :  D=0x7ffffffffffffce0
1622500: system.cpu: T0 : 0x1d848    : c_sdsp s0, 16(sp)          : MemWrite :  D=0x7ffffffffffffd40 A=0x7ffffffffffffcf0
1623000: system.cpu: T0 : 0x1d84a    : c_sdsp ra, 24(sp)          : MemWrite :  D=0x000000000003ae5a A=0x7ffffffffffffcf8
1623500: system.cpu: T0 : 0x1d84c    : c_sdsp s1, 8(sp)           : MemWrite :  D=0x000000000006fe60 A=0x7ffffffffffffce8
1624000: system.cpu: T0 : 0x1d84e    : c_sdsp s2, 0(sp)           : MemWrite :  D=0x0000000000000000 A=0x7ffffffffffffce0
1624500: system.cpu: T0 : 0x1d850    : c_mv s0, a0                : IntAlu :  D=0x0000000000000028
1625500: system.cpu: T0 : 0x1d852    : blt a0, zero, 222          : IntAlu : 
1626500: system.cpu: T0 : 0x1d856    : addi a5, a0, 23            : IntAlu :  D=0x000000000000003f
1627000: system.cpu: T0 : 0x1d85a    : c_li a4, 31                : IntAlu :  D=0x000000000000001f
1627500: system.cpu: T0 : 0x1d85c    : c_li s1, 0                 : IntAlu :  D=0x0000000000000000
1628500: system.cpu: T0 : 0x1d85e    : bltu a4, a5, 94            : IntAlu : 
1629000: system.cpu: T0 : 0x1d8bc    : c_andi a5, 18446744073709551600 : IntAlu :  D=0x0000000000000030
1629500: system.cpu: T0 : 0x1d8be    : c_addi a5, -17             : IntAlu :  D=0x000000000000001f
1630000: system.cpu: T0 : 0x1d8c0    : srli s1, a5, 4             : IntAlu :  D=0x0000000000000001
1630500: system.cpu: T0 : 0x1d8c4    : c_j -98                    : IntAlu : 
1631500: system.cpu: T0 : 0x1d862    : ld a4, 40(tp)              : MemRead :  D=0x0000000000072f90 A=0x72738
1632000: system.cpu: T0 : 0x1d866    : c_beqz a4, 96              : IntAlu : 
1632500: system.cpu: T0 : 0x1d868    : lui a5, 111                : IntAlu :  D=0x000000000006f000
1633000: system.cpu: T0 : 0x1d86c    : ld a5, 1448(a5)            : MemRead :  D=0x0000000000000040 A=0x6f5a8
1633500: system.cpu: T0 : 0x1d870    : bltu s1, a5, 114           : IntAlu : 
1634500: system.cpu: T0 : 0x1d8e2    : slli a3, s1, 1             : IntAlu :  D=0x0000000000000002
1635000: system.cpu: T0 : 0x1d8e6    : c_add a3, a4               : IntAlu :  D=0x0000000000072f92
1635500: system.cpu: T0 : 0x1d8e8    : lhu a2, 0(a3)              : MemRead :  D=0x0000000000000000 A=0x72f92
1636000: system.cpu: T0 : 0x1d8ec    : c_beqz a2, -120            : IntAlu : 
1636500: system.cpu: T0 : 0x1d874    : lw a5, -1808(tp)           : MemRead :  D=0x0000000000000000 A=0x72000
1637000: system.cpu: T0 : 0x1d878    : c_bnez a5, 210             : IntAlu : 
1638000: system.cpu: T0 : 0x1d87a    : lui s1, 111                : IntAlu :  D=0x000000000006f000
1638500: system.cpu: T0 : 0x1d87e    : c_mv a1, s0                : IntAlu :  D=0x0000000000000028
1639000: system.cpu: T0 : 0x1d880    : addi a0, s1, 1480          : IntAlu :  D=0x000000000006f5c8
1639500: system.cpu: T0 : 0x1d884    : jal ra, -5228              : IntAlu :  D=0x000000000001d888
1640000: system.cpu: T0 : 0x1c418    : c_addi16sp sp, -256        : IntAlu :  D=0x7ffffffffffffbe0
1640500: system.cpu: T0 : 0x1c41a    : c_sdsp ra, 248(sp)         : MemWrite :  D=0x000000000001d888 A=0x7ffffffffffffcd8
1641000: system.cpu: T0 : 0x1c41c    : c_sdsp s0, 240(sp)         : MemWrite :  D=0x0000000000000028 A=0x7ffffffffffffcd0
1641500: system.cpu: T0 : 0x1c41e    : c_sdsp s1, 232(sp)         : MemWrite :  D=0x000000000006f000 A=0x7ffffffffffffcc8
1642000: system.cpu: T0 : 0x1c420    : c_sdsp s2, 224(sp)         : MemWrite :  D=0x0000000000000000 A=0x7ffffffffffffcc0
1642500: system.cpu: T0 : 0x1c422    : c_sdsp s3, 216(sp)         : MemWrite :  D=0x000000000006efc0 A=0x7ffffffffffffcb8
1643000: system.cpu: T0 : 0x1c424    : c_sdsp s4, 208(sp)         : MemWrite :  D=0x0000000000070000 A=0x7ffffffffffffcb0
1643500: system.cpu: T0 : 0x1c426    : c_sdsp s5, 200(sp)         : MemWrite :  D=0x0000000000072000 A=0x7ffffffffffffca8
1644000: system.cpu: T0 : 0x1c428    : c_sdsp s6, 192(sp)         : MemWrite :  D=0x0000000000072000 A=0x7ffffffffffffca0
1644500: system.cpu: T0 : 0x1c42a    : c_sdsp s7, 184(sp)         : MemWrite :  D=0x0000000000000000 A=0x7ffffffffffffc98
1645000: system.cpu: T0 : 0x1c42c    : c_sdsp s8, 176(sp)         : MemWrite :  D=0x0000000000000000 A=0x7ffffffffffffc90
1645500: system.cpu: T0 : 0x1c42e    : c_sdsp s9, 168(sp)         : MemWrite :  D=0x0000000000000000 A=0x7ffffffffffffc88
1646000: system.cpu: T0 : 0x1c430    : c_sdsp s10, 160(sp)        : MemWrite :  D=0x0000000000000000 A=0x7ffffffffffffc80
1646500: system.cpu: T0 : 0x1c432    : c_sdsp s11, 152(sp)        : MemWrite :  D=0x0000000000000000 A=0x7ffffffffffffc78
1647000: system.cpu: T0 : 0x1c434    : blt a1, zero, 1198         : IntAlu : 
1647500: system.cpu: T0 : 0x1c438    : addi s0, a1, 23            : IntAlu :  D=0x000000000000003f
1648000: system.cpu: T0 : 0x1c43c    : c_li a5, 31                : IntAlu :  D=0x000000000000001f
1648500: system.cpu: T0 : 0x1c43e    : c_mv s3, a1                : IntAlu :  D=0x0000000000000028
1649000: system.cpu: T0 : 0x1c440    : c_mv s1, a0                : IntAlu :  D=0x000000000006f5c8
1650000: system.cpu: T0 : 0x1c442    : bltu a5, s0, 220           : IntAlu : 
1650500: system.cpu: T0 : 0x1c51e    : c_andi s0, 18446744073709551600 : IntAlu :  D=0x0000000000000030
1651000: system.cpu: T0 : 0x1c520    : beq a0, zero, 988          : IntAlu : 
1651500: system.cpu: T0 : 0x1c524    : ld a4, -1376(gp)           : MemRead :  D=0x0000000000000080 A=0x70ac8
1652000: system.cpu: T0 : 0x1c528    : srliw s9, s0, 4            : IntAlu :  D=0x0000000000000003
1652500: system.cpu: T0 : 0x1c52c    : srliw a5, s0, 4            : IntAlu :  D=0x0000000000000003
1653000: system.cpu: T0 : 0x1c530    : bgeu a4, s0, 506           : IntAlu : 
1653500: system.cpu: T0 : 0x1c72a    : c_addiw a5, -2             : IntAlu :  D=0x0000000000000001
1654000: system.cpu: T0 : 0x1c72c    : slli a2, a5, 32            : IntAlu :  D=0x0000000100000000
1654500: system.cpu: T0 : 0x1c730    : c_srli a2, 32              : IntAlu :  D=0x0000000000000001
1655000: system.cpu: T0 : 0x1c732    : c_addi a2, 2               : IntAlu :  D=0x0000000000000003
1655500: system.cpu: T0 : 0x1c734    : c_slli a2, 3               : IntAlu :  D=0x0000000000000018
1656000: system.cpu: T0 : 0x1c736    : c_j -376                   : IntAlu : 
1656500: system.cpu: T0 : 0x1c5be    : c_slli a5, 32              : IntAlu :  D=0x0000000100000000
1657000: system.cpu: T0 : 0x1c5c0    : c_srli a5, 29              : IntAlu :  D=0x0000000000000008
1657500: system.cpu: T0 : 0x1c5c2    : c_add a5, s1               : IntAlu :  D=0x000000000006f5d0
1658000: system.cpu: T0 : 0x1c5c4    : ld s2, 16(a5)              : MemRead :  D=0x0000000000000000 A=0x6f5e0
1658500: system.cpu: T0 : 0x1c5c8    : beq s2, zero, 170          : IntAlu : 
1659500: system.cpu: T0 : 0x1c672    : addiw a5, s9, -1           : IntAlu :  D=0x0000000000000002
1660500: system.cpu: T0 : 0x1c676    : slliw a5, a5, 1            : IntAlu :  D=0x0000000000000004
1661000: system.cpu: T0 : 0x1c67a    : c_slli a5, 32              : IntAlu :  D=0x0000000400000000
1661500: system.cpu: T0 : 0x1c67c    : c_srli a5, 32              : IntAlu :  D=0x0000000000000004
1662000: system.cpu: T0 : 0x1c67e    : c_addi a5, 14              : IntAlu :  D=0x0000000000000012
1662500: system.cpu: T0 : 0x1c680    : c_slli a5, 3               : IntAlu :  D=0x0000000000000090
1663000: system.cpu: T0 : 0x1c682    : c_j -550                   : IntAlu : 
1663500: system.cpu: T0 : 0x1c45c    : c_add a5, s1               : IntAlu :  D=0x000000000006f658
1664500: system.cpu: T0 : 0x1c45e    : ld s2, 8(a5)               : MemRead :  D=0x000000000006f648 A=0x6f660
1665500: system.cpu: T0 : 0x1c462    : addi a3, a5, -16           : IntAlu :  D=0x000000000006f648
1666500: system.cpu: T0 : 0x1c466    : beq a3, s2, 748            : IntAlu : 
1667500: system.cpu: T0 : 0x1c752    : srli t1, s0, 9             : IntAlu :  D=0x0000000000000000
1668500: system.cpu: T0 : 0x1c756    : addiw a5, t1, 91           : IntAlu :  D=0x000000000000005b
1669500: system.cpu: T0 : 0x1c75a    : srli s10, s0, 6            : IntAlu :  D=0x0000000000000000
1670000: system.cpu: T0 : 0x1c75e    : c_sdsp a5, 96(sp)          : MemWrite :  D=0x000000000000005b A=0x7ffffffffffffc40
1670500: system.cpu: T0 : 0x1c760    : addiw a5, s10, 48          : IntAlu :  D=0x0000000000000030
1671000: system.cpu: T0 : 0x1c764    : c_sdsp a5, 88(sp)          : MemWrite :  D=0x0000000000000030 A=0x7ffffffffffffc38
1672000: system.cpu: T0 : 0x1c766    : addi a5, zero, 110         : IntAlu :  D=0x000000000000006e
1672500: system.cpu: T0 : 0x1c76a    : c_sdsp a5, 112(sp)         : MemWrite :  D=0x000000000000006e A=0x7ffffffffffffc50
1673000: system.cpu: T0 : 0x1c76c    : addi a5, zero, 119         : IntAlu :  D=0x0000000000000077
1673500: system.cpu: T0 : 0x1c770    : c_sdsp a5, 104(sp)         : MemWrite :  D=0x0000000000000077 A=0x7ffffffffffffc48
1674500: system.cpu: T0 : 0x1c772    : addi a5, zero, 124         : IntAlu :  D=0x000000000000007c
1675000: system.cpu: T0 : 0x1c776    : c_sdsp s9, 8(sp)           : MemWrite :  D=0x0000000000000003 A=0x7ffffffffffffbe8
1675500: system.cpu: T0 : 0x1c778    : c_sdsp a5, 120(sp)         : MemWrite :  D=0x000000000000007c A=0x7ffffffffffffc58
1676000: system.cpu: T0 : 0x1c77a    : c_sdsp zero, 128(sp)       : MemWrite :  D=0x0000000000000000 A=0x7ffffffffffffc60
1676500: system.cpu: T0 : 0x1c77c    : c_sdsp zero, 136(sp)       : MemWrite :  D=0x0000000000000000 A=0x7ffffffffffffc68
1677500: system.cpu: T0 : 0x1c77e    : ld a5, 40(tp)              : MemRead :  D=0x0000000000072f90 A=0x72738
1678500: system.cpu: T0 : 0x1c782    : addi s6, s0, -17           : IntAlu :  D=0x000000000000001f
1679500: system.cpu: T0 : 0x1c786    : srli s6, s6, 4             : IntAlu :  D=0x0000000000000001
1680000: system.cpu: T0 : 0x1c78a    : c_li s5, 0                 : IntAlu :  D=0x0000000000000000
1680500: system.cpu: T0 : 0x1c78c    : c_beqz a5, 22              : IntAlu : 
1681500: system.cpu: T0 : 0x1c78e    : lui a5, 111                : IntAlu :  D=0x000000000006f000
1682500: system.cpu: T0 : 0x1c792    : ld s5, 1448(a5)            : MemRead :  D=0x0000000000000040 A=0x6f5a8
1683500: system.cpu: T0 : 0x1c796    : sltu s5, s6, s5            : IntAlu :  D=0x0000000000000001
1684500: system.cpu: T0 : 0x1c79a    : sub s5, zero, s5           : IntAlu :  D=0xffffffffffffffff
1685500: system.cpu: T0 : 0x1c79e    : and s5, s0, s5             : IntAlu :  D=0x0000000000000030
1686500: system.cpu: T0 : 0x1c7a2    : lui a5, 111                : IntAlu :  D=0x000000000006f000
1687000: system.cpu: T0 : 0x1c7a6    : c_lui s11, 1               : IntAlu :  D=0x0000000000001000
1687500: system.cpu: T0 : 0x1c7a8    : lui s7, 111                : IntAlu :  D=0x000000000006f000
1688000: system.cpu: T0 : 0x1c7ac    : addi a5, a5, 1480          : IntAlu :  D=0x000000000006f5c8
1688500: system.cpu: T0 : 0x1c7b0    : addi s8, s1, 96            : IntAlu :  D=0x000000000006f628
1689000: system.cpu: T0 : 0x1c7b4    : c_li t5, 0                 : IntAlu :  D=0x0000000000000000
1690000: system.cpu: T0 : 0x1c7b6    : addi s7, s7, 1368          : IntAlu :  D=0x000000000006f558
1691000: system.cpu: T0 : 0x1c7ba    : add a7, s1, s11            : IntAlu :  D=0x00000000000705c8
1691500: system.cpu: T0 : 0x1c7be    : c_sdsp a5, 56(sp)          : MemWrite :  D=0x000000000006f5c8 A=0x7ffffffffffffc18
1692000: system.cpu: T0 : 0x1c7c0    : c_ld a5, 120(s1)           : MemRead :  D=0x000000000006f628 A=0x6f640
1693000: system.cpu: T0 : 0x1c7c2    : beq a5, s8, 532            : IntAlu : 
1694000: system.cpu: T0 : 0x1c9d6    : addi a5, zero, 1023        : IntAlu :  D=0x00000000000003ff
1695000: system.cpu: T0 : 0x1c9da    : bgeu a5, s0, 38            : IntAlu : 
1695500: system.cpu: T0 : 0x1ca00    : c_ldsp a3, 8(sp)           : MemRead :  D=0x0000000000000003 A=0x7ffffffffffffbe8
1696000: system.cpu: T0 : 0x1ca02    : c_li a0, 4                 : IntAlu :  D=0x0000000000000004
1696500: system.cpu: T0 : 0x1ca04    : addiw a5, a3, 1            : IntAlu :  D=0x0000000000000004
1697000: system.cpu: T0 : 0x1ca08    : srliw a4, a5, 5            : IntAlu :  D=0x0000000000000000
1697500: system.cpu: T0 : 0x1ca0c    : slliw a3, a3, 1            : IntAlu :  D=0x0000000000000006
1698000: system.cpu: T0 : 0x1ca10    : addi a4, a4, 536           : IntAlu :  D=0x0000000000000218
1698500: system.cpu: T0 : 0x1ca14    : c_slli a3, 32              : IntAlu :  D=0x0000000600000000
1699000: system.cpu: T0 : 0x1ca16    : c_slli a4, 2               : IntAlu :  D=0x0000000000000860
1699500: system.cpu: T0 : 0x1ca18    : c_srli a3, 32              : IntAlu :  D=0x0000000000000006
1700000: system.cpu: T0 : 0x1ca1a    : c_add a4, s1               : IntAlu :  D=0x000000000006fe28
1700500: system.cpu: T0 : 0x1ca1c    : c_slli a3, 3               : IntAlu :  D=0x0000000000000030
1701000: system.cpu: T0 : 0x1ca1e    : c_lw a2, 0(a4)             : MemRead :  D=0x0000000000000000 A=0x6fe28
1701500: system.cpu: T0 : 0x1ca20    : addi a3, a3, 96            : IntAlu :  D=0x0000000000000090
1702000: system.cpu: T0 : 0x1ca24    : c_li a4, 1                 : IntAlu :  D=0x0000000000000001
1703000: system.cpu: T0 : 0x1ca26    : srliw s2, a5, 5            : IntAlu :  D=0x0000000000000000
1703500: system.cpu: T0 : 0x1ca2a    : c_add a3, s1               : IntAlu :  D=0x000000000006f658
1704000: system.cpu: T0 : 0x1ca2c    : sllw a5, a4, a5            : IntAlu :  D=0x0000000000000010
1704500: system.cpu: T0 : 0x1ca30    : bltu a2, a5, 144           : IntAlu : 
1705000: system.cpu: T0 : 0x1cac0    : addiw a5, s2, 1            : IntAlu :  D=0x0000000000000001
1705500: system.cpu: T0 : 0x1cac4    : addiw s2, a5, 0            : IntAlu :  D=0x0000000000000001
1706000: system.cpu: T0 : 0x1cac8    : bne s2, a0, -26            : IntAlu : 
1706500: system.cpu: T0 : 0x1caae    : c_slli a5, 32              : IntAlu :  D=0x0000000100000000
1707000: system.cpu: T0 : 0x1cab0    : c_srli a5, 32              : IntAlu :  D=0x0000000000000001
1708000: system.cpu: T0 : 0x1cab2    : addi a5, a5, 536           : IntAlu :  D=0x0000000000000219
1708500: system.cpu: T0 : 0x1cab6    : c_slli a5, 2               : IntAlu :  D=0x0000000000000864
1709000: system.cpu: T0 : 0x1cab8    : c_add a5, s1               : IntAlu :  D=0x000000000006fe2c
1709500: system.cpu: T0 : 0x1caba    : c_lw a2, 0(a5)             : MemRead :  D=0x0000000000000000 A=0x6fe2c
1710000: system.cpu: T0 : 0x1cabc    : bne a2, zero, 384          : IntAlu : 
1710500: system.cpu: T0 : 0x1cac0    : addiw a5, s2, 1            : IntAlu :  D=0x0000000000000002
1711000: system.cpu: T0 : 0x1cac4    : addiw s2, a5, 0            : IntAlu :  D=0x0000000000000002
1711500: system.cpu: T0 : 0x1cac8    : bne s2, a0, -26            : IntAlu : 
1712000: system.cpu: T0 : 0x1caae    : c_slli a5, 32              : IntAlu :  D=0x0000000200000000
1712500: system.cpu: T0 : 0x1cab0    : c_srli a5, 32              : IntAlu :  D=0x0000000000000002
1713500: system.cpu: T0 : 0x1cab2    : addi a5, a5, 536           : IntAlu :  D=0x000000000000021a
1714000: system.cpu: T0 : 0x1cab6    : c_slli a5, 2               : IntAlu :  D=0x0000000000000868
1714500: system.cpu: T0 : 0x1cab8    : c_add a5, s1               : IntAlu :  D=0x000000000006fe30
1715000: system.cpu: T0 : 0x1caba    : c_lw a2, 0(a5)             : MemRead :  D=0x0000000000000000 A=0x6fe30
1715500: system.cpu: T0 : 0x1cabc    : bne a2, zero, 384          : IntAlu : 
1716000: system.cpu: T0 : 0x1cac0    : addiw a5, s2, 1            : IntAlu :  D=0x0000000000000003
1716500: system.cpu: T0 : 0x1cac4    : addiw s2, a5, 0            : IntAlu :  D=0x0000000000000003
1717000: system.cpu: T0 : 0x1cac8    : bne s2, a0, -26            : IntAlu : 
1717500: system.cpu: T0 : 0x1caae    : c_slli a5, 32              : IntAlu :  D=0x0000000300000000
1718000: system.cpu: T0 : 0x1cab0    : c_srli a5, 32              : IntAlu :  D=0x0000000000000003
1719000: system.cpu: T0 : 0x1cab2    : addi a5, a5, 536           : IntAlu :  D=0x000000000000021b
1719500: system.cpu: T0 : 0x1cab6    : c_slli a5, 2               : IntAlu :  D=0x000000000000086c
1720000: system.cpu: T0 : 0x1cab8    : c_add a5, s1               : IntAlu :  D=0x000000000006fe34
1720500: system.cpu: T0 : 0x1caba    : c_lw a2, 0(a5)             : MemRead :  D=0x0000000000000000 A=0x6fe34
1721000: system.cpu: T0 : 0x1cabc    : bne a2, zero, 384          : IntAlu : 
1721500: system.cpu: T0 : 0x1cac0    : addiw a5, s2, 1            : IntAlu :  D=0x0000000000000004
1722000: system.cpu: T0 : 0x1cac4    : addiw s2, a5, 0            : IntAlu :  D=0x0000000000000004
1722500: system.cpu: T0 : 0x1cac8    : bne s2, a0, -26            : IntAlu : 
1723000: system.cpu: T0 : 0x1cacc    : c_ld a4, 96(s1)            : MemRead :  D=0x0000000000073240 A=0x6f628
1724000: system.cpu: T0 : 0x1cace    : ld a3, -1912(a7)           : MemRead :  D=0x0000000000021080 A=0x6fe50
1724500: system.cpu: T0 : 0x1cad2    : c_ld a5, 8(a4)             : MemRead :  D=0x0000000000020dc1 A=0x73248
1725000: system.cpu: T0 : 0x1cad4    : c_andi a5, 18446744073709551608 : IntAlu :  D=0x0000000000020dc0
1726000: system.cpu: T0 : 0x1cad6    : bltu a3, a5, 548           : IntAlu : 
1727000: system.cpu: T0 : 0x1cada    : addi a3, s0, 32            : IntAlu :  D=0x0000000000000050
1728000: system.cpu: T0 : 0x1cade    : bgeu a5, a3, 640           : IntAlu : 
1729000: system.cpu: T0 : 0x1cd5e    : add a0, a4, s0             : IntAlu :  D=0x0000000000073270
1730000: system.cpu: T0 : 0x1cd62    : lui a2, 111                : IntAlu :  D=0x000000000006f000
1730500: system.cpu: T0 : 0x1cd66    : c_sd a0, 96(s1)            : MemWrite :  D=0x0000000000073270 A=0x6f628
1731000: system.cpu: T0 : 0x1cd68    : addi a2, a2, 1480          : IntAlu :  D=0x000000000006f5c8
1731500: system.cpu: T0 : 0x1cd6c    : c_sub a5, s0               : IntAlu :  D=0x0000000000020d90
1732000: system.cpu: T0 : 0x1cd6e    : c_li a3, 4                 : IntAlu :  D=0x0000000000000004
1732500: system.cpu: T0 : 0x1cd70    : beq s1, a2, 116            : IntAlu : 
1733000: system.cpu: T0 : 0x1cde4    : c_li a3, 0                 : IntAlu :  D=0x0000000000000000
1733500: system.cpu: T0 : 0x1cde6    : c_j -114                   : IntAlu : 
1734000: system.cpu: T0 : 0x1cd74    : c_or a3, s0                : IntAlu :  D=0x0000000000000030
1735000: system.cpu: T0 : 0x1cd76    : ori a3, a3, 1              : IntAlu :  D=0x0000000000000031
1736000: system.cpu: T0 : 0x1cd7a    : lw a1, -1396(gp)           : MemRead :  D=0x0000000000000000 A=0x70ab4
1736500: system.cpu: T0 : 0x1cd7e    : c_sd a3, 8(a4)             : MemWrite :  D=0x0000000000000031 A=0x73248
1737000: system.cpu: T0 : 0x1cd80    : ori a5, a5, 1              : IntAlu :  D=0x0000000000020d91
1737500: system.cpu: T0 : 0x1cd84    : c_sd a5, 8(a0)             : MemWrite :  D=0x0000000000020d91 A=0x73278
1738500: system.cpu: T0 : 0x1cd86    : addi s2, a4, 16            : IntAlu :  D=0x0000000000073250
1739500: system.cpu: T0 : 0x1cd8a    : beq a1, zero, -1664        : IntAlu : 
1740000: system.cpu: T0 : 0x1c70a    : c_ldsp ra, 248(sp)         : MemRead :  D=0x000000000001d888 A=0x7ffffffffffffcd8
1740500: system.cpu: T0 : 0x1c70c    : c_ldsp s0, 240(sp)         : MemRead :  D=0x0000000000000028 A=0x7ffffffffffffcd0
1741000: system.cpu: T0 : 0x1c70e    : c_ldsp s1, 232(sp)         : MemRead :  D=0x000000000006f000 A=0x7ffffffffffffcc8
1741500: system.cpu: T0 : 0x1c710    : c_ldsp s3, 216(sp)         : MemRead :  D=0x000000000006efc0 A=0x7ffffffffffffcb8
1742000: system.cpu: T0 : 0x1c712    : c_ldsp s4, 208(sp)         : MemRead :  D=0x0000000000070000 A=0x7ffffffffffffcb0
1742500: system.cpu: T0 : 0x1c714    : c_ldsp s5, 200(sp)         : MemRead :  D=0x0000000000072000 A=0x7ffffffffffffca8
1743000: system.cpu: T0 : 0x1c716    : c_ldsp s6, 192(sp)         : MemRead :  D=0x0000000000072000 A=0x7ffffffffffffca0
1743500: system.cpu: T0 : 0x1c718    : c_ldsp s7, 184(sp)         : MemRead :  D=0x0000000000000000 A=0x7ffffffffffffc98
1744000: system.cpu: T0 : 0x1c71a    : c_ldsp s8, 176(sp)         : MemRead :  D=0x0000000000000000 A=0x7ffffffffffffc90
1744500: system.cpu: T0 : 0x1c71c    : c_ldsp s9, 168(sp)         : MemRead :  D=0x0000000000000000 A=0x7ffffffffffffc88
1745000: system.cpu: T0 : 0x1c71e    : c_ldsp s10, 160(sp)        : MemRead :  D=0x0000000000000000 A=0x7ffffffffffffc80
1745500: system.cpu: T0 : 0x1c720    : c_ldsp s11, 152(sp)        : MemRead :  D=0x0000000000000000 A=0x7ffffffffffffc78
1746000: system.cpu: T0 : 0x1c722    : c_mv a0, s2                : IntAlu :  D=0x0000000000073250
1746500: system.cpu: T0 : 0x1c724    : c_ldsp s2, 224(sp)         : MemRead :  D=0x0000000000000000 A=0x7ffffffffffffcc0
1747000: system.cpu: T0 : 0x1c726    : c_addi16sp sp, 256         : IntAlu :  D=0x7ffffffffffffce0
1747500: system.cpu: T0 : 0x1c728    : c_jr ra                    : IntAlu : 
1748000: system.cpu: T0 : 0x1d888    : c_mv a5, a0                : IntAlu :  D=0x0000000000073250
1748500: system.cpu: T0 : 0x1d88a    : c_beqz a0, 150             : IntAlu : 
1749000: system.cpu: T0 : 0x1d88c    : ld a4, -8(a0)              : MemRead :  D=0x0000000000000031 A=0x73248
1749500: system.cpu: T0 : 0x1d890    : andi a3, a4, 2             : IntAlu :  D=0x0000000000000000
1750000: system.cpu: T0 : 0x1d894    : c_bnez a3, 26              : IntAlu : 
1750500: system.cpu: T0 : 0x1d896    : c_andi a4, 4               : IntAlu :  D=0x0000000000000000
1751000: system.cpu: T0 : 0x1d898    : c_beqz a4, 22              : IntAlu : 
1751500: system.cpu: T0 : 0x1d8ae    : c_ldsp ra, 24(sp)          : MemRead :  D=0x000000000003ae5a A=0x7ffffffffffffcf8
1752000: system.cpu: T0 : 0x1d8b0    : c_ldsp s0, 16(sp)          : MemRead :  D=0x7ffffffffffffd40 A=0x7ffffffffffffcf0
1752500: system.cpu: T0 : 0x1d8b2    : c_ldsp s1, 8(sp)           : MemRead :  D=0x000000000006fe60 A=0x7ffffffffffffce8
1753000: system.cpu: T0 : 0x1d8b4    : c_ldsp s2, 0(sp)           : MemRead :  D=0x0000000000000000 A=0x7ffffffffffffce0
1753500: system.cpu: T0 : 0x1d8b6    : c_mv a0, a5                : IntAlu :  D=0x0000000000073250
1754000: system.cpu: T0 : 0x1d8b8    : c_addi16sp sp, 32          : IntAlu :  D=0x7ffffffffffffd00
1754500: system.cpu: T0 : 0x1d8ba    : c_jr ra                    : IntAlu : 
1755500: system.cpu: T0 : 0x3ae5a    : sd a0, 32(s3)              : MemWrite :  D=0x0000000000073250 A=0x6efe0
1756500: system.cpu: T0 : 0x3ae5e    : beq a0, zero, 382          : IntAlu : 
1757500: system.cpu: T0 : 0x3ae62    : ld s1, 16(s3)              : MemRead :  D=0x0000000000000002 A=0x6efd0
1758500: system.cpu: T0 : 0x3ae66    : addi a7, zero, 40          : IntAlu :  D=0x0000000000000028
1759000: system.cpu: T0 : 0x3ae6a    : c_mv s5, a0                : IntAlu :  D=0x0000000000073250
1759500: system.cpu: T0 : 0x3ae6c    : slli s4, s1, 2             : IntAlu :  D=0x0000000000000008
1760000: system.cpu: T0 : 0x3ae70    : addi s4, s4, 79            : IntAlu :  D=0x0000000000000057
1760500: system.cpu: T0 : 0x3ae74    : divu s4, s4, a7            : IntDiv :  D=0x0000000000000002
1761000: system.cpu: T0 : 0x3ae78    : slli a7, s4, 2             : IntAlu :  D=0x0000000000000008
1761500: system.cpu: T0 : 0x3ae7c    : c_add s4, a7               : IntAlu :  D=0x000000000000000a
1762500: system.cpu: T0 : 0x3ae7e    : slli a0, s4, 5             : IntAlu :  D=0x0000000000000140
1763500: system.cpu: T0 : 0x3ae82    : jal ra, -120388            : IntAlu :  D=0x000000000003ae86
1764500: system.cpu: T0 : 0x1d83e    : ld t1, -1848(gp)           : MemRead :  D=0x0000000000000000 A=0x708f0
1765500: system.cpu: T0 : 0x1d842    : bne t1, zero, 260          : IntAlu : 
1766000: system.cpu: T0 : 0x1d846    : c_addi sp, -32             : IntAlu :  D=0x7ffffffffffffce0
1766500: system.cpu: T0 : 0x1d848    : c_sdsp s0, 16(sp)          : MemWrite :  D=0x7ffffffffffffd40 A=0x7ffffffffffffcf0
1767000: system.cpu: T0 : 0x1d84a    : c_sdsp ra, 24(sp)          : MemWrite :  D=0x000000000003ae86 A=0x7ffffffffffffcf8
1767500: system.cpu: T0 : 0x1d84c    : c_sdsp s1, 8(sp)           : MemWrite :  D=0x0000000000000002 A=0x7ffffffffffffce8
1768000: system.cpu: T0 : 0x1d84e    : c_sdsp s2, 0(sp)           : MemWrite :  D=0x0000000000000000 A=0x7ffffffffffffce0
1768500: system.cpu: T0 : 0x1d850    : c_mv s0, a0                : IntAlu :  D=0x0000000000000140
1769500: system.cpu: T0 : 0x1d852    : blt a0, zero, 222          : IntAlu : 
1770500: system.cpu: T0 : 0x1d856    : addi a5, a0, 23            : IntAlu :  D=0x0000000000000157
1771000: system.cpu: T0 : 0x1d85a    : c_li a4, 31                : IntAlu :  D=0x000000000000001f
1771500: system.cpu: T0 : 0x1d85c    : c_li s1, 0                 : IntAlu :  D=0x0000000000000000
1772500: system.cpu: T0 : 0x1d85e    : bltu a4, a5, 94            : IntAlu : 
1773000: system.cpu: T0 : 0x1d8bc    : c_andi a5, 18446744073709551600 : IntAlu :  D=0x0000000000000150
1773500: system.cpu: T0 : 0x1d8be    : c_addi a5, -17             : IntAlu :  D=0x000000000000013f
1774000: system.cpu: T0 : 0x1d8c0    : srli s1, a5, 4             : IntAlu :  D=0x0000000000000013
1774500: system.cpu: T0 : 0x1d8c4    : c_j -98                    : IntAlu : 
1775500: system.cpu: T0 : 0x1d862    : ld a4, 40(tp)              : MemRead :  D=0x0000000000072f90 A=0x72738
1776000: system.cpu: T0 : 0x1d866    : c_beqz a4, 96              : IntAlu : 
1776500: system.cpu: T0 : 0x1d868    : lui a5, 111                : IntAlu :  D=0x000000000006f000
1777000: system.cpu: T0 : 0x1d86c    : ld a5, 1448(a5)            : MemRead :  D=0x0000000000000040 A=0x6f5a8
1777500: system.cpu: T0 : 0x1d870    : bltu s1, a5, 114           : IntAlu : 
1778500: system.cpu: T0 : 0x1d8e2    : slli a3, s1, 1             : IntAlu :  D=0x0000000000000026
1779000: system.cpu: T0 : 0x1d8e6    : c_add a3, a4               : IntAlu :  D=0x0000000000072fb6
1779500: system.cpu: T0 : 0x1d8e8    : lhu a2, 0(a3)              : MemRead :  D=0x0000000000000000 A=0x72fb6
1780000: system.cpu: T0 : 0x1d8ec    : c_beqz a2, -120            : IntAlu : 
1780500: system.cpu: T0 : 0x1d874    : lw a5, -1808(tp)           : MemRead :  D=0x0000000000000000 A=0x72000
1781000: system.cpu: T0 : 0x1d878    : c_bnez a5, 210             : IntAlu : 
1782000: system.cpu: T0 : 0x1d87a    : lui s1, 111                : IntAlu :  D=0x000000000006f000
1782500: system.cpu: T0 : 0x1d87e    : c_mv a1, s0                : IntAlu :  D=0x0000000000000140
1783000: system.cpu: T0 : 0x1d880    : addi a0, s1, 1480          : IntAlu :  D=0x000000000006f5c8
1783500: system.cpu: T0 : 0x1d884    : jal ra, -5228              : IntAlu :  D=0x000000000001d888
1784000: system.cpu: T0 : 0x1c418    : c_addi16sp sp, -256        : IntAlu :  D=0x7ffffffffffffbe0
1784500: system.cpu: T0 : 0x1c41a    : c_sdsp ra, 248(sp)         : MemWrite :  D=0x000000000001d888 A=0x7ffffffffffffcd8
1785000: system.cpu: T0 : 0x1c41c    : c_sdsp s0, 240(sp)         : MemWrite :  D=0x0000000000000140 A=0x7ffffffffffffcd0
1785500: system.cpu: T0 : 0x1c41e    : c_sdsp s1, 232(sp)         : MemWrite :  D=0x000000000006f000 A=0x7ffffffffffffcc8
1786000: system.cpu: T0 : 0x1c420    : c_sdsp s2, 224(sp)         : MemWrite :  D=0x0000000000000000 A=0x7ffffffffffffcc0
1786500: system.cpu: T0 : 0x1c422    : c_sdsp s3, 216(sp)         : MemWrite :  D=0x000000000006efc0 A=0x7ffffffffffffcb8
1787000: system.cpu: T0 : 0x1c424    : c_sdsp s4, 208(sp)         : MemWrite :  D=0x000000000000000a A=0x7ffffffffffffcb0
1787500: system.cpu: T0 : 0x1c426    : c_sdsp s5, 200(sp)         : MemWrite :  D=0x0000000000073250 A=0x7ffffffffffffca8
1788000: system.cpu: T0 : 0x1c428    : c_sdsp s6, 192(sp)         : MemWrite :  D=0x0000000000072000 A=0x7ffffffffffffca0
1788500: system.cpu: T0 : 0x1c42a    : c_sdsp s7, 184(sp)         : MemWrite :  D=0x0000000000000000 A=0x7ffffffffffffc98
1789000: system.cpu: T0 : 0x1c42c    : c_sdsp s8, 176(sp)         : MemWrite :  D=0x0000000000000000 A=0x7ffffffffffffc90
1789500: system.cpu: T0 : 0x1c42e    : c_sdsp s9, 168(sp)         : MemWrite :  D=0x0000000000000000 A=0x7ffffffffffffc88
1790000: system.cpu: T0 : 0x1c430    : c_sdsp s10, 160(sp)        : MemWrite :  D=0x0000000000000000 A=0x7ffffffffffffc80
1790500: system.cpu: T0 : 0x1c432    : c_sdsp s11, 152(sp)        : MemWrite :  D=0x0000000000000000 A=0x7ffffffffffffc78
1791000: system.cpu: T0 : 0x1c434    : blt a1, zero, 1198         : IntAlu : 
1791500: system.cpu: T0 : 0x1c438    : addi s0, a1, 23            : IntAlu :  D=0x0000000000000157
1792000: system.cpu: T0 : 0x1c43c    : c_li a5, 31                : IntAlu :  D=0x000000000000001f
1792500: system.cpu: T0 : 0x1c43e    : c_mv s3, a1                : IntAlu :  D=0x0000000000000140
1793000: system.cpu: T0 : 0x1c440    : c_mv s1, a0                : IntAlu :  D=0x000000000006f5c8
1794000: system.cpu: T0 : 0x1c442    : bltu a5, s0, 220           : IntAlu : 
1794500: system.cpu: T0 : 0x1c51e    : c_andi s0, 18446744073709551600 : IntAlu :  D=0x0000000000000150
1795000: system.cpu: T0 : 0x1c520    : beq a0, zero, 988          : IntAlu : 
1795500: system.cpu: T0 : 0x1c524    : ld a4, -1376(gp)           : MemRead :  D=0x0000000000000080 A=0x70ac8
1796000: system.cpu: T0 : 0x1c528    : srliw s9, s0, 4            : IntAlu :  D=0x0000000000000015
1796500: system.cpu: T0 : 0x1c52c    : srliw a5, s0, 4            : IntAlu :  D=0x0000000000000015
1797000: system.cpu: T0 : 0x1c530    : bgeu a4, s0, 506           : IntAlu : 
1797500: system.cpu: T0 : 0x1c534    : addi a4, zero, 1023        : IntAlu :  D=0x00000000000003ff
1798000: system.cpu: T0 : 0x1c538    : bgeu a4, s0, 1722          : IntAlu : 
1798500: system.cpu: T0 : 0x1cbf2    : c_addiw a5, -1             : IntAlu :  D=0x0000000000000014
1799000: system.cpu: T0 : 0x1cbf4    : c_j -1406                  : IntAlu : 
1800000: system.cpu: T0 : 0x1c676    : slliw a5, a5, 1            : IntAlu :  D=0x0000000000000028
1800500: system.cpu: T0 : 0x1c67a    : c_slli a5, 32              : IntAlu :  D=0x0000002800000000
1801000: system.cpu: T0 : 0x1c67c    : c_srli a5, 32              : IntAlu :  D=0x0000000000000028
1801500: system.cpu: T0 : 0x1c67e    : c_addi a5, 14              : IntAlu :  D=0x0000000000000036
1802000: system.cpu: T0 : 0x1c680    : c_slli a5, 3               : IntAlu :  D=0x00000000000001b0
1802500: system.cpu: T0 : 0x1c682    : c_j -550                   : IntAlu : 
1803000: system.cpu: T0 : 0x1c45c    : c_add a5, s1               : IntAlu :  D=0x000000000006f778
1804000: system.cpu: T0 : 0x1c45e    : ld s2, 8(a5)               : MemRead :  D=0x000000000006f768 A=0x6f780
1805000: system.cpu: T0 : 0x1c462    : addi a3, a5, -16           : IntAlu :  D=0x000000000006f768
1806000: system.cpu: T0 : 0x1c466    : beq a3, s2, 748            : IntAlu : 
1807000: system.cpu: T0 : 0x1c752    : srli t1, s0, 9             : IntAlu :  D=0x0000000000000000
1808000: system.cpu: T0 : 0x1c756    : addiw a5, t1, 91           : IntAlu :  D=0x000000000000005b
1809000: system.cpu: T0 : 0x1c75a    : srli s10, s0, 6            : IntAlu :  D=0x0000000000000005
1809500: system.cpu: T0 : 0x1c75e    : c_sdsp a5, 96(sp)          : MemWrite :  D=0x000000000000005b A=0x7ffffffffffffc40
1810000: system.cpu: T0 : 0x1c760    : addiw a5, s10, 48          : IntAlu :  D=0x0000000000000035
1810500: system.cpu: T0 : 0x1c764    : c_sdsp a5, 88(sp)          : MemWrite :  D=0x0000000000000035 A=0x7ffffffffffffc38
1811500: system.cpu: T0 : 0x1c766    : addi a5, zero, 110         : IntAlu :  D=0x000000000000006e
1812000: system.cpu: T0 : 0x1c76a    : c_sdsp a5, 112(sp)         : MemWrite :  D=0x000000000000006e A=0x7ffffffffffffc50
1812500: system.cpu: T0 : 0x1c76c    : addi a5, zero, 119         : IntAlu :  D=0x0000000000000077
1813000: system.cpu: T0 : 0x1c770    : c_sdsp a5, 104(sp)         : MemWrite :  D=0x0000000000000077 A=0x7ffffffffffffc48
1814000: system.cpu: T0 : 0x1c772    : addi a5, zero, 124         : IntAlu :  D=0x000000000000007c
1814500: system.cpu: T0 : 0x1c776    : c_sdsp s9, 8(sp)           : MemWrite :  D=0x0000000000000015 A=0x7ffffffffffffbe8
1815000: system.cpu: T0 : 0x1c778    : c_sdsp a5, 120(sp)         : MemWrite :  D=0x000000000000007c A=0x7ffffffffffffc58
1815500: system.cpu: T0 : 0x1c77a    : c_sdsp zero, 128(sp)       : MemWrite :  D=0x0000000000000000 A=0x7ffffffffffffc60
1816000: system.cpu: T0 : 0x1c77c    : c_sdsp zero, 136(sp)       : MemWrite :  D=0x0000000000000000 A=0x7ffffffffffffc68
1817000: system.cpu: T0 : 0x1c77e    : ld a5, 40(tp)              : MemRead :  D=0x0000000000072f90 A=0x72738
1818000: system.cpu: T0 : 0x1c782    : addi s6, s0, -17           : IntAlu :  D=0x000000000000013f
1819000: system.cpu: T0 : 0x1c786    : srli s6, s6, 4             : IntAlu :  D=0x0000000000000013
1819500: system.cpu: T0 : 0x1c78a    : c_li s5, 0                 : IntAlu :  D=0x0000000000000000
1820000: system.cpu: T0 : 0x1c78c    : c_beqz a5, 22              : IntAlu : 
1821000: system.cpu: T0 : 0x1c78e    : lui a5, 111                : IntAlu :  D=0x000000000006f000
1822000: system.cpu: T0 : 0x1c792    : ld s5, 1448(a5)            : MemRead :  D=0x0000000000000040 A=0x6f5a8
1823000: system.cpu: T0 : 0x1c796    : sltu s5, s6, s5            : IntAlu :  D=0x0000000000000001
1824000: system.cpu: T0 : 0x1c79a    : sub s5, zero, s5           : IntAlu :  D=0xffffffffffffffff
1825000: system.cpu: T0 : 0x1c79e    : and s5, s0, s5             : IntAlu :  D=0x0000000000000150
1826000: system.cpu: T0 : 0x1c7a2    : lui a5, 111                : IntAlu :  D=0x000000000006f000
1826500: system.cpu: T0 : 0x1c7a6    : c_lui s11, 1               : IntAlu :  D=0x0000000000001000
1827000: system.cpu: T0 : 0x1c7a8    : lui s7, 111                : IntAlu :  D=0x000000000006f000
1827500: system.cpu: T0 : 0x1c7ac    : addi a5, a5, 1480          : IntAlu :  D=0x000000000006f5c8
1828000: system.cpu: T0 : 0x1c7b0    : addi s8, s1, 96            : IntAlu :  D=0x000000000006f628
1828500: system.cpu: T0 : 0x1c7b4    : c_li t5, 0                 : IntAlu :  D=0x0000000000000000
1829500: system.cpu: T0 : 0x1c7b6    : addi s7, s7, 1368          : IntAlu :  D=0x000000000006f558
1830500: system.cpu: T0 : 0x1c7ba    : add a7, s1, s11            : IntAlu :  D=0x00000000000705c8
1831000: system.cpu: T0 : 0x1c7be    : c_sdsp a5, 56(sp)          : MemWrite :  D=0x000000000006f5c8 A=0x7ffffffffffffc18
1831500: system.cpu: T0 : 0x1c7c0    : c_ld a5, 120(s1)           : MemRead :  D=0x000000000006f628 A=0x6f640
1832500: system.cpu: T0 : 0x1c7c2    : beq a5, s8, 532            : IntAlu : 
1833500: system.cpu: T0 : 0x1c9d6    : addi a5, zero, 1023        : IntAlu :  D=0x00000000000003ff
1834500: system.cpu: T0 : 0x1c9da    : bgeu a5, s0, 38            : IntAlu : 
1835000: system.cpu: T0 : 0x1ca00    : c_ldsp a3, 8(sp)           : MemRead :  D=0x0000000000000015 A=0x7ffffffffffffbe8
1835500: system.cpu: T0 : 0x1ca02    : c_li a0, 4                 : IntAlu :  D=0x0000000000000004
1836000: system.cpu: T0 : 0x1ca04    : addiw a5, a3, 1            : IntAlu :  D=0x0000000000000016
1836500: system.cpu: T0 : 0x1ca08    : srliw a4, a5, 5            : IntAlu :  D=0x0000000000000000
1837000: system.cpu: T0 : 0x1ca0c    : slliw a3, a3, 1            : IntAlu :  D=0x000000000000002a
1837500: system.cpu: T0 : 0x1ca10    : addi a4, a4, 536           : IntAlu :  D=0x0000000000000218
1838000: system.cpu: T0 : 0x1ca14    : c_slli a3, 32              : IntAlu :  D=0x0000002a00000000
1838500: system.cpu: T0 : 0x1ca16    : c_slli a4, 2               : IntAlu :  D=0x0000000000000860
1839000: system.cpu: T0 : 0x1ca18    : c_srli a3, 32              : IntAlu :  D=0x000000000000002a
1839500: system.cpu: T0 : 0x1ca1a    : c_add a4, s1               : IntAlu :  D=0x000000000006fe28
1840000: system.cpu: T0 : 0x1ca1c    : c_slli a3, 3               : IntAlu :  D=0x0000000000000150
1840500: system.cpu: T0 : 0x1ca1e    : c_lw a2, 0(a4)             : MemRead :  D=0x0000000000000000 A=0x6fe28
1841000: system.cpu: T0 : 0x1ca20    : addi a3, a3, 96            : IntAlu :  D=0x00000000000001b0
1841500: system.cpu: T0 : 0x1ca24    : c_li a4, 1                 : IntAlu :  D=0x0000000000000001
1842500: system.cpu: T0 : 0x1ca26    : srliw s2, a5, 5            : IntAlu :  D=0x0000000000000000
1843000: system.cpu: T0 : 0x1ca2a    : c_add a3, s1               : IntAlu :  D=0x000000000006f778
1843500: system.cpu: T0 : 0x1ca2c    : sllw a5, a4, a5            : IntAlu :  D=0x0000000000400000
1844000: system.cpu: T0 : 0x1ca30    : bltu a2, a5, 144           : IntAlu : 
1844500: system.cpu: T0 : 0x1cac0    : addiw a5, s2, 1            : IntAlu :  D=0x0000000000000001
1845000: system.cpu: T0 : 0x1cac4    : addiw s2, a5, 0            : IntAlu :  D=0x0000000000000001
1845500: system.cpu: T0 : 0x1cac8    : bne s2, a0, -26            : IntAlu : 
1846000: system.cpu: T0 : 0x1caae    : c_slli a5, 32              : IntAlu :  D=0x0000000100000000
1846500: system.cpu: T0 : 0x1cab0    : c_srli a5, 32              : IntAlu :  D=0x0000000000000001
1847500: system.cpu: T0 : 0x1cab2    : addi a5, a5, 536           : IntAlu :  D=0x0000000000000219
1848000: system.cpu: T0 : 0x1cab6    : c_slli a5, 2               : IntAlu :  D=0x0000000000000864
1848500: system.cpu: T0 : 0x1cab8    : c_add a5, s1               : IntAlu :  D=0x000000000006fe2c
1849000: system.cpu: T0 : 0x1caba    : c_lw a2, 0(a5)             : MemRead :  D=0x0000000000000000 A=0x6fe2c
1849500: system.cpu: T0 : 0x1cabc    : bne a2, zero, 384          : IntAlu : 
1850000: system.cpu: T0 : 0x1cac0    : addiw a5, s2, 1            : IntAlu :  D=0x0000000000000002
1850500: system.cpu: T0 : 0x1cac4    : addiw s2, a5, 0            : IntAlu :  D=0x0000000000000002
1851000: system.cpu: T0 : 0x1cac8    : bne s2, a0, -26            : IntAlu : 
1851500: system.cpu: T0 : 0x1caae    : c_slli a5, 32              : IntAlu :  D=0x0000000200000000
1852000: system.cpu: T0 : 0x1cab0    : c_srli a5, 32              : IntAlu :  D=0x0000000000000002
1853000: system.cpu: T0 : 0x1cab2    : addi a5, a5, 536           : IntAlu :  D=0x000000000000021a
1853500: system.cpu: T0 : 0x1cab6    : c_slli a5, 2               : IntAlu :  D=0x0000000000000868
1854000: system.cpu: T0 : 0x1cab8    : c_add a5, s1               : IntAlu :  D=0x000000000006fe30
1854500: system.cpu: T0 : 0x1caba    : c_lw a2, 0(a5)             : MemRead :  D=0x0000000000000000 A=0x6fe30
1855000: system.cpu: T0 : 0x1cabc    : bne a2, zero, 384          : IntAlu : 
1855500: system.cpu: T0 : 0x1cac0    : addiw a5, s2, 1            : IntAlu :  D=0x0000000000000003
1856000: system.cpu: T0 : 0x1cac4    : addiw s2, a5, 0            : IntAlu :  D=0x0000000000000003
1856500: system.cpu: T0 : 0x1cac8    : bne s2, a0, -26            : IntAlu : 
1857000: system.cpu: T0 : 0x1caae    : c_slli a5, 32              : IntAlu :  D=0x0000000300000000
1857500: system.cpu: T0 : 0x1cab0    : c_srli a5, 32              : IntAlu :  D=0x0000000000000003
1858500: system.cpu: T0 : 0x1cab2    : addi a5, a5, 536           : IntAlu :  D=0x000000000000021b
1859000: system.cpu: T0 : 0x1cab6    : c_slli a5, 2               : IntAlu :  D=0x000000000000086c
1859500: system.cpu: T0 : 0x1cab8    : c_add a5, s1               : IntAlu :  D=0x000000000006fe34
1860000: system.cpu: T0 : 0x1caba    : c_lw a2, 0(a5)             : MemRead :  D=0x0000000000000000 A=0x6fe34
1860500: system.cpu: T0 : 0x1cabc    : bne a2, zero, 384          : IntAlu : 
1861000: system.cpu: T0 : 0x1cac0    : addiw a5, s2, 1            : IntAlu :  D=0x0000000000000004
1861500: system.cpu: T0 : 0x1cac4    : addiw s2, a5, 0            : IntAlu :  D=0x0000000000000004
1862000: system.cpu: T0 : 0x1cac8    : bne s2, a0, -26            : IntAlu : 
1862500: system.cpu: T0 : 0x1cacc    : c_ld a4, 96(s1)            : MemRead :  D=0x0000000000073270 A=0x6f628
1863500: system.cpu: T0 : 0x1cace    : ld a3, -1912(a7)           : MemRead :  D=0x0000000000021080 A=0x6fe50
1864000: system.cpu: T0 : 0x1cad2    : c_ld a5, 8(a4)             : MemRead :  D=0x0000000000020d91 A=0x73278
1864500: system.cpu: T0 : 0x1cad4    : c_andi a5, 18446744073709551608 : IntAlu :  D=0x0000000000020d90
1865500: system.cpu: T0 : 0x1cad6    : bltu a3, a5, 548           : IntAlu : 
1866500: system.cpu: T0 : 0x1cada    : addi a3, s0, 32            : IntAlu :  D=0x0000000000000170
1867500: system.cpu: T0 : 0x1cade    : bgeu a5, a3, 640           : IntAlu : 
1868500: system.cpu: T0 : 0x1cd5e    : add a0, a4, s0             : IntAlu :  D=0x00000000000733c0
1869500: system.cpu: T0 : 0x1cd62    : lui a2, 111                : IntAlu :  D=0x000000000006f000
1870000: system.cpu: T0 : 0x1cd66    : c_sd a0, 96(s1)            : MemWrite :  D=0x00000000000733c0 A=0x6f628
1870500: system.cpu: T0 : 0x1cd68    : addi a2, a2, 1480          : IntAlu :  D=0x000000000006f5c8
1871000: system.cpu: T0 : 0x1cd6c    : c_sub a5, s0               : IntAlu :  D=0x0000000000020c40
1871500: system.cpu: T0 : 0x1cd6e    : c_li a3, 4                 : IntAlu :  D=0x0000000000000004
1872000: system.cpu: T0 : 0x1cd70    : beq s1, a2, 116            : IntAlu : 
1872500: system.cpu: T0 : 0x1cde4    : c_li a3, 0                 : IntAlu :  D=0x0000000000000000
1873000: system.cpu: T0 : 0x1cde6    : c_j -114                   : IntAlu : 
1873500: system.cpu: T0 : 0x1cd74    : c_or a3, s0                : IntAlu :  D=0x0000000000000150
1874500: system.cpu: T0 : 0x1cd76    : ori a3, a3, 1              : IntAlu :  D=0x0000000000000151
1875500: system.cpu: T0 : 0x1cd7a    : lw a1, -1396(gp)           : MemRead :  D=0x0000000000000000 A=0x70ab4
1876000: system.cpu: T0 : 0x1cd7e    : c_sd a3, 8(a4)             : MemWrite :  D=0x0000000000000151 A=0x73278
1876500: system.cpu: T0 : 0x1cd80    : ori a5, a5, 1              : IntAlu :  D=0x0000000000020c41
1877000: system.cpu: T0 : 0x1cd84    : c_sd a5, 8(a0)             : MemWrite :  D=0x0000000000020c41 A=0x733c8
1878000: system.cpu: T0 : 0x1cd86    : addi s2, a4, 16            : IntAlu :  D=0x0000000000073280
1879000: system.cpu: T0 : 0x1cd8a    : beq a1, zero, -1664        : IntAlu : 
1879500: system.cpu: T0 : 0x1c70a    : c_ldsp ra, 248(sp)         : MemRead :  D=0x000000000001d888 A=0x7ffffffffffffcd8
1880000: system.cpu: T0 : 0x1c70c    : c_ldsp s0, 240(sp)         : MemRead :  D=0x0000000000000140 A=0x7ffffffffffffcd0
1880500: system.cpu: T0 : 0x1c70e    : c_ldsp s1, 232(sp)         : MemRead :  D=0x000000000006f000 A=0x7ffffffffffffcc8
1881000: system.cpu: T0 : 0x1c710    : c_ldsp s3, 216(sp)         : MemRead :  D=0x000000000006efc0 A=0x7ffffffffffffcb8
1881500: system.cpu: T0 : 0x1c712    : c_ldsp s4, 208(sp)         : MemRead :  D=0x000000000000000a A=0x7ffffffffffffcb0
1882000: system.cpu: T0 : 0x1c714    : c_ldsp s5, 200(sp)         : MemRead :  D=0x0000000000073250 A=0x7ffffffffffffca8
1882500: system.cpu: T0 : 0x1c716    : c_ldsp s6, 192(sp)         : MemRead :  D=0x0000000000072000 A=0x7ffffffffffffca0
1883000: system.cpu: T0 : 0x1c718    : c_ldsp s7, 184(sp)         : MemRead :  D=0x0000000000000000 A=0x7ffffffffffffc98
1883500: system.cpu: T0 : 0x1c71a    : c_ldsp s8, 176(sp)         : MemRead :  D=0x0000000000000000 A=0x7ffffffffffffc90
1884000: system.cpu: T0 : 0x1c71c    : c_ldsp s9, 168(sp)         : MemRead :  D=0x0000000000000000 A=0x7ffffffffffffc88
1884500: system.cpu: T0 : 0x1c71e    : c_ldsp s10, 160(sp)        : MemRead :  D=0x0000000000000000 A=0x7ffffffffffffc80
1885000: system.cpu: T0 : 0x1c720    : c_ldsp s11, 152(sp)        : MemRead :  D=0x0000000000000000 A=0x7ffffffffffffc78
1885500: system.cpu: T0 : 0x1c722    : c_mv a0, s2                : IntAlu :  D=0x0000000000073280
1886000: system.cpu: T0 : 0x1c724    : c_ldsp s2, 224(sp)         : MemRead :  D=0x0000000000000000 A=0x7ffffffffffffcc0
1886500: system.cpu: T0 : 0x1c726    : c_addi16sp sp, 256         : IntAlu :  D=0x7ffffffffffffce0
1887000: system.cpu: T0 : 0x1c728    : c_jr ra                    : IntAlu : 
1887500: system.cpu: T0 : 0x1d888    : c_mv a5, a0                : IntAlu :  D=0x0000000000073280
1888000: system.cpu: T0 : 0x1d88a    : c_beqz a0, 150             : IntAlu : 
1888500: system.cpu: T0 : 0x1d88c    : ld a4, -8(a0)              : MemRead :  D=0x0000000000000151 A=0x73278
1889000: system.cpu: T0 : 0x1d890    : andi a3, a4, 2             : IntAlu :  D=0x0000000000000000
1889500: system.cpu: T0 : 0x1d894    : c_bnez a3, 26              : IntAlu : 
1890000: system.cpu: T0 : 0x1d896    : c_andi a4, 4               : IntAlu :  D=0x0000000000000000
1890500: system.cpu: T0 : 0x1d898    : c_beqz a4, 22              : IntAlu : 
1891000: system.cpu: T0 : 0x1d8ae    : c_ldsp ra, 24(sp)          : MemRead :  D=0x000000000003ae86 A=0x7ffffffffffffcf8
1891500: system.cpu: T0 : 0x1d8b0    : c_ldsp s0, 16(sp)          : MemRead :  D=0x7ffffffffffffd40 A=0x7ffffffffffffcf0
1892000: system.cpu: T0 : 0x1d8b2    : c_ldsp s1, 8(sp)           : MemRead :  D=0x0000000000000002 A=0x7ffffffffffffce8
1892500: system.cpu: T0 : 0x1d8b4    : c_ldsp s2, 0(sp)           : MemRead :  D=0x0000000000000000 A=0x7ffffffffffffce0
1893000: system.cpu: T0 : 0x1d8b6    : c_mv a0, a5                : IntAlu :  D=0x0000000000073280
1893500: system.cpu: T0 : 0x1d8b8    : c_addi16sp sp, 32          : IntAlu :  D=0x7ffffffffffffd00
1894000: system.cpu: T0 : 0x1d8ba    : c_jr ra                    : IntAlu : 
1895000: system.cpu: T0 : 0x3ae86    : sd a0, 0(s5)               : MemWrite :  D=0x0000000000073280 A=0x73250
1895500: system.cpu: T0 : 0x3ae8a    : c_mv a2, a0                : IntAlu :  D=0x0000000000073280
1896000: system.cpu: T0 : 0x3ae8c    : beq a0, zero, 386          : IntAlu : 
1896500: system.cpu: T0 : 0x3ae90    : lui a5, 114                : IntAlu :  D=0x0000000000072000
1897000: system.cpu: T0 : 0x3ae94    : lui a3, 97                 : IntAlu :  D=0x0000000000061000
1897500: system.cpu: T0 : 0x3ae98    : lui a0, 97                 : IntAlu :  D=0x0000000000061000
1898000: system.cpu: T0 : 0x3ae9c    : addi a3, a3, 1824          : IntAlu :  D=0x0000000000061720
1898500: system.cpu: T0 : 0x3aea0    : addi a0, a0, 1376          : IntAlu :  D=0x0000000000061560
1899000: system.cpu: T0 : 0x3aea4    : sd a2, -384(a5)            : MemWrite :  D=0x0000000000073280 A=0x71e80
1899500: system.cpu: T0 : 0x3aea8    : c_li a5, 23                : IntAlu :  D=0x0000000000000017
1900000: system.cpu: T0 : 0x3aeaa    : c_sd a3, 24(a2)            : MemWrite :  D=0x0000000000061720 A=0x73298
1900500: system.cpu: T0 : 0x3aeac    : addi a6, a3, 72            : IntAlu :  D=0x0000000000061768
1901000: system.cpu: T0 : 0x3aeb0    : sw zero, 40(s3)            : MemWrite :  D=0x0000000000000000 A=0x6efe8
1901500: system.cpu: T0 : 0x3aeb4    : addi a1, s5, 8             : IntAlu :  D=0x0000000000073258
1902000: system.cpu: T0 : 0x3aeb8    : c_sd a0, 8(a2)             : MemWrite :  D=0x0000000000061560 A=0x73288
1903000: system.cpu: T0 : 0x3aeba    : sd zero, 16(a2)            : MemWrite :  D=0x0000000000000000 A=0x73290
1903500: system.cpu: T0 : 0x3aebe    : c_sd a5, 32(a2)            : MemWrite :  D=0x0000000000000017 A=0x732a0
1904000: system.cpu: T0 : 0x3aec0    : slli a7, s4, 3             : IntAlu :  D=0x0000000000000050
1904500: system.cpu: T0 : 0x3aec4    : addi t3, s5, 32            : IntAlu :  D=0x0000000000073270
1905000: system.cpu: T0 : 0x3aec8    : c_addi a3, 24              : IntAlu :  D=0x0000000000061738
1906000: system.cpu: T0 : 0x3aeca    : addi t4, zero, 47          : IntAlu :  D=0x000000000000002f
1907000: system.cpu: T0 : 0x3aece    : addi a4, a2, 40            : IntAlu :  D=0x00000000000732a8
1907500: system.cpu: T0 : 0x3aed2    : c_li a5, 0                 : IntAlu :  D=0x0000000000000000
1908000: system.cpu: T0 : 0x3aed4    : c_beqz s1, 14              : IntAlu : 
1909000: system.cpu: T0 : 0x3aed6    : sw zero, 0(a4)             : MemWrite :  D=0x0000000000000000 A=0x732a8
1909500: system.cpu: T0 : 0x3aeda    : c_addi a5, 1               : IntAlu :  D=0x0000000000000001
1910000: system.cpu: T0 : 0x3aedc    : c_addi a4, 4               : IntAlu :  D=0x00000000000732ac
1911000: system.cpu: T0 : 0x3aede    : bne s1, a5, -8             : IntAlu : 
1912000: system.cpu: T0 : 0x3aed6    : sw zero, 0(a4)             : MemWrite :  D=0x0000000000000000 A=0x732ac
1912500: system.cpu: T0 : 0x3aeda    : c_addi a5, 1               : IntAlu :  D=0x0000000000000002
1913000: system.cpu: T0 : 0x3aedc    : c_addi a4, 4               : IntAlu :  D=0x00000000000732b0
1914000: system.cpu: T0 : 0x3aede    : bne s1, a5, -8             : IntAlu : 
1915000: system.cpu: T0 : 0x3aee2    : beq t3, a1, 48             : IntAlu : 
1916000: system.cpu: T0 : 0x3aee6    : ld a4, 8(a6)               : MemRead :  D=0x000000000000001b A=0x61770
1917000: system.cpu: T0 : 0x3aeea    : add a5, a2, a7             : IntAlu :  D=0x00000000000732d0
1918000: system.cpu: T0 : 0x3aeee    : lbu t1, 0(a3)              : MemRead :  D=0x000000000000002f A=0x61738
1918500: system.cpu: T0 : 0x3aef2    : c_sd a5, 0(a2)             : MemWrite :  D=0x00000000000732d0 A=0x73280
1919000: system.cpu: T0 : 0x3aef4    : c_sd a3, 24(a5)            : MemWrite :  D=0x0000000000061738 A=0x732e8
1920000: system.cpu: T0 : 0x3aef6    : addi a2, a4, 1             : IntAlu :  D=0x000000000000001c
1920500: system.cpu: T0 : 0x3aefa    : c_sd a5, 0(a1)             : MemWrite :  D=0x00000000000732d0 A=0x73258
1921000: system.cpu: T0 : 0x3aefc    : c_sd a0, 8(a5)             : MemWrite :  D=0x0000000000061560 A=0x732d8
1922000: system.cpu: T0 : 0x3aefe    : sd zero, 16(a5)            : MemWrite :  D=0x0000000000000000 A=0x732e0
1922500: system.cpu: T0 : 0x3af02    : c_sd a4, 32(a5)            : MemWrite :  D=0x000000000000001b A=0x732f0
1923000: system.cpu: T0 : 0x3af04    : c_addi a1, 8               : IntAlu :  D=0x0000000000073260
1923500: system.cpu: T0 : 0x3af06    : c_add a3, a2               : IntAlu :  D=0x0000000000061754
1924000: system.cpu: T0 : 0x3af08    : c_addi a6, 8               : IntAlu :  D=0x0000000000061770
1925000: system.cpu: T0 : 0x3af0a    : bne t1, t4, 228            : IntAlu : 
1925500: system.cpu: T0 : 0x3af0e    : c_mv a2, a5                : IntAlu :  D=0x00000000000732d0
1926000: system.cpu: T0 : 0x3af10    : c_j -66                    : IntAlu : 
1927000: system.cpu: T0 : 0x3aece    : addi a4, a2, 40            : IntAlu :  D=0x00000000000732f8
1927500: system.cpu: T0 : 0x3aed2    : c_li a5, 0                 : IntAlu :  D=0x0000000000000000
1928000: system.cpu: T0 : 0x3aed4    : c_beqz s1, 14              : IntAlu : 
1929000: system.cpu: T0 : 0x3aed6    : sw zero, 0(a4)             : MemWrite :  D=0x0000000000000000 A=0x732f8
1929500: system.cpu: T0 : 0x3aeda    : c_addi a5, 1               : IntAlu :  D=0x0000000000000001
1930000: system.cpu: T0 : 0x3aedc    : c_addi a4, 4               : IntAlu :  D=0x00000000000732fc
1931000: system.cpu: T0 : 0x3aede    : bne s1, a5, -8             : IntAlu : 
1932000: system.cpu: T0 : 0x3aed6    : sw zero, 0(a4)             : MemWrite :  D=0x0000000000000000 A=0x732fc
1932500: system.cpu: T0 : 0x3aeda    : c_addi a5, 1               : IntAlu :  D=0x0000000000000002
1933000: system.cpu: T0 : 0x3aedc    : c_addi a4, 4               : IntAlu :  D=0x0000000000073300
1934000: system.cpu: T0 : 0x3aede    : bne s1, a5, -8             : IntAlu : 
1935000: system.cpu: T0 : 0x3aee2    : beq t3, a1, 48             : IntAlu : 
1936000: system.cpu: T0 : 0x3aee6    : ld a4, 8(a6)               : MemRead :  D=0x0000000000000005 A=0x61778
1937000: system.cpu: T0 : 0x3aeea    : add a5, a2, a7             : IntAlu :  D=0x0000000000073320
1938000: system.cpu: T0 : 0x3aeee    : lbu t1, 0(a3)              : MemRead :  D=0x000000000000002f A=0x61754
1938500: system.cpu: T0 : 0x3aef2    : c_sd a5, 0(a2)             : MemWrite :  D=0x0000000000073320 A=0x732d0
1939000: system.cpu: T0 : 0x3aef4    : c_sd a3, 24(a5)            : MemWrite :  D=0x0000000000061754 A=0x73338
1940000: system.cpu: T0 : 0x3aef6    : addi a2, a4, 1             : IntAlu :  D=0x0000000000000006
1940500: system.cpu: T0 : 0x3aefa    : c_sd a5, 0(a1)             : MemWrite :  D=0x0000000000073320 A=0x73260
1941000: system.cpu: T0 : 0x3aefc    : c_sd a0, 8(a5)             : MemWrite :  D=0x0000000000061560 A=0x73328
1942000: system.cpu: T0 : 0x3aefe    : sd zero, 16(a5)            : MemWrite :  D=0x0000000000000000 A=0x73330
1942500: system.cpu: T0 : 0x3af02    : c_sd a4, 32(a5)            : MemWrite :  D=0x0000000000000005 A=0x73340
1943000: system.cpu: T0 : 0x3af04    : c_addi a1, 8               : IntAlu :  D=0x0000000000073268
1943500: system.cpu: T0 : 0x3af06    : c_add a3, a2               : IntAlu :  D=0x000000000006175a
1944000: system.cpu: T0 : 0x3af08    : c_addi a6, 8               : IntAlu :  D=0x0000000000061778
1945000: system.cpu: T0 : 0x3af0a    : bne t1, t4, 228            : IntAlu : 
1945500: system.cpu: T0 : 0x3af0e    : c_mv a2, a5                : IntAlu :  D=0x0000000000073320
1946000: system.cpu: T0 : 0x3af10    : c_j -66                    : IntAlu : 
1947000: system.cpu: T0 : 0x3aece    : addi a4, a2, 40            : IntAlu :  D=0x0000000000073348
1947500: system.cpu: T0 : 0x3aed2    : c_li a5, 0                 : IntAlu :  D=0x0000000000000000
1948000: system.cpu: T0 : 0x3aed4    : c_beqz s1, 14              : IntAlu : 
1949000: system.cpu: T0 : 0x3aed6    : sw zero, 0(a4)             : MemWrite :  D=0x0000000000000000 A=0x73348
1949500: system.cpu: T0 : 0x3aeda    : c_addi a5, 1               : IntAlu :  D=0x0000000000000001
1950000: system.cpu: T0 : 0x3aedc    : c_addi a4, 4               : IntAlu :  D=0x000000000007334c
1951000: system.cpu: T0 : 0x3aede    : bne s1, a5, -8             : IntAlu : 
1952000: system.cpu: T0 : 0x3aed6    : sw zero, 0(a4)             : MemWrite :  D=0x0000000000000000 A=0x7334c
1952500: system.cpu: T0 : 0x3aeda    : c_addi a5, 1               : IntAlu :  D=0x0000000000000002
1953000: system.cpu: T0 : 0x3aedc    : c_addi a4, 4               : IntAlu :  D=0x0000000000073350
1954000: system.cpu: T0 : 0x3aede    : bne s1, a5, -8             : IntAlu : 
1955000: system.cpu: T0 : 0x3aee2    : beq t3, a1, 48             : IntAlu : 
1956000: system.cpu: T0 : 0x3aee6    : ld a4, 8(a6)               : MemRead :  D=0x0000000000000009 A=0x61780
1957000: system.cpu: T0 : 0x3aeea    : add a5, a2, a7             : IntAlu :  D=0x0000000000073370
1958000: system.cpu: T0 : 0x3aeee    : lbu t1, 0(a3)              : MemRead :  D=0x000000000000002f A=0x6175a
1958500: system.cpu: T0 : 0x3aef2    : c_sd a5, 0(a2)             : MemWrite :  D=0x0000000000073370 A=0x73320
1959000: system.cpu: T0 : 0x3aef4    : c_sd a3, 24(a5)            : MemWrite :  D=0x000000000006175a A=0x73388
1960000: system.cpu: T0 : 0x3aef6    : addi a2, a4, 1             : IntAlu :  D=0x000000000000000a
1960500: system.cpu: T0 : 0x3aefa    : c_sd a5, 0(a1)             : MemWrite :  D=0x0000000000073370 A=0x73268
1961000: system.cpu: T0 : 0x3aefc    : c_sd a0, 8(a5)             : MemWrite :  D=0x0000000000061560 A=0x73378
1962000: system.cpu: T0 : 0x3aefe    : sd zero, 16(a5)            : MemWrite :  D=0x0000000000000000 A=0x73380
1962500: system.cpu: T0 : 0x3af02    : c_sd a4, 32(a5)            : MemWrite :  D=0x0000000000000009 A=0x73390
1963000: system.cpu: T0 : 0x3af04    : c_addi a1, 8               : IntAlu :  D=0x0000000000073270
1963500: system.cpu: T0 : 0x3af06    : c_add a3, a2               : IntAlu :  D=0x0000000000061764
1964000: system.cpu: T0 : 0x3af08    : c_addi a6, 8               : IntAlu :  D=0x0000000000061780
1965000: system.cpu: T0 : 0x3af0a    : bne t1, t4, 228            : IntAlu : 
1965500: system.cpu: T0 : 0x3af0e    : c_mv a2, a5                : IntAlu :  D=0x0000000000073370
1966000: system.cpu: T0 : 0x3af10    : c_j -66                    : IntAlu : 
1967000: system.cpu: T0 : 0x3aece    : addi a4, a2, 40            : IntAlu :  D=0x0000000000073398
1967500: system.cpu: T0 : 0x3aed2    : c_li a5, 0                 : IntAlu :  D=0x0000000000000000
1968000: system.cpu: T0 : 0x3aed4    : c_beqz s1, 14              : IntAlu : 
1969000: system.cpu: T0 : 0x3aed6    : sw zero, 0(a4)             : MemWrite :  D=0x0000000000000000 A=0x73398
1969500: system.cpu: T0 : 0x3aeda    : c_addi a5, 1               : IntAlu :  D=0x0000000000000001
1970000: system.cpu: T0 : 0x3aedc    : c_addi a4, 4               : IntAlu :  D=0x000000000007339c
1971000: system.cpu: T0 : 0x3aede    : bne s1, a5, -8             : IntAlu : 
1972000: system.cpu: T0 : 0x3aed6    : sw zero, 0(a4)             : MemWrite :  D=0x0000000000000000 A=0x7339c
1972500: system.cpu: T0 : 0x3aeda    : c_addi a5, 1               : IntAlu :  D=0x0000000000000002
1973000: system.cpu: T0 : 0x3aedc    : c_addi a4, 4               : IntAlu :  D=0x00000000000733a0
1974000: system.cpu: T0 : 0x3aede    : bne s1, a5, -8             : IntAlu : 
1975000: system.cpu: T0 : 0x3aee2    : beq t3, a1, 48             : IntAlu : 
1975500: system.cpu: T0 : 0x3af12    : c_li a4, 27                : IntAlu :  D=0x000000000000001b
1976000: system.cpu: T0 : 0x3af14    : sd zero, 0(a2)             : MemWrite :  D=0x0000000000000000 A=0x73370
1976500: system.cpu: T0 : 0x3af18    : sd a4, -1192(gp)           : MemWrite :  D=0x000000000000001b A=0x70b80
1977000: system.cpu: T0 : 0x3af1c    : sd zero, 32(s5)            : MemWrite :  D=0x0000000000000000 A=0x73270
1977500: system.cpu: T0 : 0x3af20    : beq s2, zero, 10           : IntAlu : 
1978000: system.cpu: T0 : 0x3af2a    : c_li a5, -1                : IntAlu :  D=0xffffffffffffffff
1978500: system.cpu: T0 : 0x3af2c    : sd a5, 48(s3)              : MemWrite :  D=0xffffffffffffffff A=0x6eff0
1979000: system.cpu: T0 : 0x3af30    : addi sp, s0, -64           : IntAlu :  D=0x7ffffffffffffd00
1979500: system.cpu: T0 : 0x3af34    : c_ldsp ra, 56(sp)          : MemRead :  D=0x000000000002281a A=0x7ffffffffffffd38
1980000: system.cpu: T0 : 0x3af36    : c_ldsp s0, 48(sp)          : MemRead :  D=0x000000000006ef80 A=0x7ffffffffffffd30
1980500: system.cpu: T0 : 0x3af38    : c_ldsp s1, 40(sp)          : MemRead :  D=0x000000000006fe60 A=0x7ffffffffffffd28
1981000: system.cpu: T0 : 0x3af3a    : c_ldsp s2, 32(sp)          : MemRead :  D=0x0000000000072000 A=0x7ffffffffffffd20
1981500: system.cpu: T0 : 0x3af3c    : c_ldsp s3, 24(sp)          : MemRead :  D=0x0000000000072000 A=0x7ffffffffffffd18
1982000: system.cpu: T0 : 0x3af3e    : c_ldsp s4, 16(sp)          : MemRead :  D=0x0000000000070000 A=0x7ffffffffffffd10
1982500: system.cpu: T0 : 0x3af40    : c_ldsp s5, 8(sp)           : MemRead :  D=0x0000000000072000 A=0x7ffffffffffffd08
1983000: system.cpu: T0 : 0x3af42    : c_addi16sp sp, 64          : IntAlu :  D=0x7ffffffffffffd40
1983500: system.cpu: T0 : 0x3af44    : c_jr ra                    : IntAlu : 
1984500: system.cpu: T0 : 0x2281a    : lui a5, 114                : IntAlu :  D=0x0000000000072000
1985500: system.cpu: T0 : 0x2281e    : ld a4, -384(a5)            : MemRead :  D=0x0000000000073280 A=0x71e80
1986500: system.cpu: T0 : 0x22822    : lui a0, 80                 : IntAlu :  D=0x0000000000050000
1987500: system.cpu: T0 : 0x22826    : lui a5, 114                : IntAlu :  D=0x0000000000072000
1988500: system.cpu: T0 : 0x2282a    : addi a0, a0, -496          : IntAlu :  D=0x000000000004fe10
1989500: system.cpu: T0 : 0x2282e    : sd a4, -424(a5)            : MemWrite :  D=0x0000000000073280 A=0x71e58
1990500: system.cpu: T0 : 0x22832    : jal ra, -57838             : IntAlu :  D=0x0000000000022836
1991000: system.cpu: T0 : 0x14644    : c_addi16sp sp, -64         : IntAlu :  D=0x7ffffffffffffd00
1991500: system.cpu: T0 : 0x14646    : c_sdsp s1, 40(sp)          : MemWrite :  D=0x000000000006fe60 A=0x7ffffffffffffd28
1992000: system.cpu: T0 : 0x14648    : ld s1, -1360(gp)           : MemRead :  D=0x7fffffffffffff58 A=0x70ad8
1992500: system.cpu: T0 : 0x1464c    : c_sdsp ra, 56(sp)          : MemWrite :  D=0x0000000000022836 A=0x7ffffffffffffd38
1993000: system.cpu: T0 : 0x1464e    : c_sdsp s0, 48(sp)          : MemWrite :  D=0x000000000006ef80 A=0x7ffffffffffffd30
1993500: system.cpu: T0 : 0x14650    : c_sdsp s2, 32(sp)          : MemWrite :  D=0x0000000000072000 A=0x7ffffffffffffd20
1994000: system.cpu: T0 : 0x14652    : c_sdsp s3, 24(sp)          : MemWrite :  D=0x0000000000072000 A=0x7ffffffffffffd18
1994500: system.cpu: T0 : 0x14654    : c_sdsp s4, 16(sp)          : MemWrite :  D=0x0000000000070000 A=0x7ffffffffffffd10
1995000: system.cpu: T0 : 0x14656    : c_sdsp s5, 8(sp)           : MemWrite :  D=0x0000000000072000 A=0x7ffffffffffffd08
1995500: system.cpu: T0 : 0x14658    : c_sdsp s6, 0(sp)           : MemWrite :  D=0x0000000000072000 A=0x7ffffffffffffd00
1996000: system.cpu: T0 : 0x1465a    : c_beqz s1, 210             : IntAlu : 
1996500: system.cpu: T0 : 0x1465c    : lbu a5, 0(a0)              : MemRead :  D=0x000000000000004c A=0x4fe10
1997000: system.cpu: T0 : 0x14660    : c_mv s4, a0                : IntAlu :  D=0x000000000004fe10
1997500: system.cpu: T0 : 0x14662    : c_beqz a5, 202             : IntAlu : 
1998000: system.cpu: T0 : 0x14664    : lbu s5, 1(a0)              : MemRead :  D=0x0000000000000044 A=0x4fe11
1998500: system.cpu: T0 : 0x14668    : slliw s2, a5, 16           : IntAlu :  D=0x00000000004c0000
1999000: system.cpu: T0 : 0x1466c    : c_ld s0, 0(s1)             : MemRead :  D=0x0000000000000000 A=0x7fffffffffffff58
2000000: system.cpu: T0 : 0x1466e    : sraiw s2, s2, 16           : IntAlu :  D=0x000000000000004c
2001000: system.cpu: T0 : 0x14672    : bne s5, zero, 86           : IntAlu : 
2001500: system.cpu: T0 : 0x146c8    : jal ra, 42488              : IntAlu :  D=0x00000000000146cc
2002000: system.cpu: T0 : 0x1ecc0    : andi a5, a0, 7             : IntAlu :  D=0x0000000000000000
2002500: system.cpu: T0 : 0x1ecc4    : c_beqz a5, 26              : IntAlu : 
2003000: system.cpu: T0 : 0x1ecde    : c_mv a5, a0                : IntAlu :  D=0x000000000004fe10
2003500: system.cpu: T0 : 0x1ece0    : ld a6, -2024(gp)           : MemRead :  D=0xfefefefefefefeff A=0x70840
2004000: system.cpu: T0 : 0x1ece4    : ld a1, -2016(gp)           : MemRead :  D=0x8080808080808080 A=0x70848
2004500: system.cpu: T0 : 0x1ece8    : c_ld a2, 0(a5)             : MemRead :  D=0x5f444e49425f444c A=0x4fe10
2005500: system.cpu: T0 : 0x1ecea    : addi a3, a5, 8             : IntAlu :  D=0x000000000004fe18
2006500: system.cpu: T0 : 0x1ecee    : add a4, a2, a6             : IntAlu :  D=0x5e434d48415e434b
2007500: system.cpu: T0 : 0x1ecf2    : xori a2, a2, 18446744073709551615 : IntAlu :  D=0xa0bbb1b6bda0bbb3
2008000: system.cpu: T0 : 0x1ecf6    : c_and a4, a2               : IntAlu :  D=0x0003010001000303
2008500: system.cpu: T0 : 0x1ecf8    : c_and a4, a1               : IntAlu :  D=0x0000000000000000
2009000: system.cpu: T0 : 0x1ecfa    : c_beqz a4, 50              : IntAlu : 
2009500: system.cpu: T0 : 0x1ed2c    : c_mv a5, a3                : IntAlu :  D=0x000000000004fe18
2010000: system.cpu: T0 : 0x1ed2e    : c_j -70                    : IntAlu : 
2010500: system.cpu: T0 : 0x1ece8    : c_ld a2, 0(a5)             : MemRead :  D=0x0000000000574f4e A=0x4fe18
2011500: system.cpu: T0 : 0x1ecea    : addi a3, a5, 8             : IntAlu :  D=0x000000000004fe20
2012500: system.cpu: T0 : 0x1ecee    : add a4, a2, a6             : IntAlu :  D=0xfefefefeff564e4d
2013500: system.cpu: T0 : 0x1ecf2    : xori a2, a2, 18446744073709551615 : IntAlu :  D=0xffffffffffa8b0b1
2014000: system.cpu: T0 : 0x1ecf6    : c_and a4, a2               : IntAlu :  D=0xfefefefeff000001
2014500: system.cpu: T0 : 0x1ecf8    : c_and a4, a1               : IntAlu :  D=0x8080808080000000
2015000: system.cpu: T0 : 0x1ecfa    : c_beqz a4, 50              : IntAlu : 
2015500: system.cpu: T0 : 0x1ecfc    : lbu a4, -8(a3)             : MemRead :  D=0x000000000000004e A=0x4fe18
2016000: system.cpu: T0 : 0x1ed00    : c_beqz a4, -40             : IntAlu : 
2017000: system.cpu: T0 : 0x1ed02    : lbu a4, -7(a3)             : MemRead :  D=0x000000000000004f A=0x4fe19
2017500: system.cpu: T0 : 0x1ed06    : c_beqz a4, 50              : IntAlu : 
2018000: system.cpu: T0 : 0x1ed08    : lbu a4, -6(a3)             : MemRead :  D=0x0000000000000057 A=0x4fe1a
2018500: system.cpu: T0 : 0x1ed0c    : c_beqz a4, 52              : IntAlu : 
2019500: system.cpu: T0 : 0x1ed0e    : lbu a4, -5(a3)             : MemRead :  D=0x0000000000000000 A=0x4fe1b
2020000: system.cpu: T0 : 0x1ed12    : c_beqz a4, 54              : IntAlu : 
2020500: system.cpu: T0 : 0x1ed48    : c_sub a5, a0               : IntAlu :  D=0x0000000000000008
2021500: system.cpu: T0 : 0x1ed4a    : addi a0, a5, 3             : IntAlu :  D=0x000000000000000b
2022000: system.cpu: T0 : 0x1ed4e    : c_jr ra                    : IntAlu : 
2022500: system.cpu: T0 : 0x146cc    : slli a5, s5, 8             : IntAlu :  D=0x0000000000004400
2023000: system.cpu: T0 : 0x146d0    : or a5, s2, a5              : IntAlu :  D=0x000000000000444c
2023500: system.cpu: T0 : 0x146d4    : slliw s2, a5, 16           : IntAlu :  D=0x00000000444c0000
2024000: system.cpu: T0 : 0x146d8    : c_mv s3, a0                : IntAlu :  D=0x000000000000000b
2025000: system.cpu: T0 : 0x146da    : sraiw s2, s2, 16           : IntAlu :  D=0x000000000000444c
2026000: system.cpu: T0 : 0x146de    : addi s5, a0, -2            : IntAlu :  D=0x0000000000000009
2026500: system.cpu: T0 : 0x146e2    : c_addi s4, 2               : IntAlu :  D=0x000000000004fe12
2027000: system.cpu: T0 : 0x146e4    : c_beqz s0, -50             : IntAlu : 
2027500: system.cpu: T0 : 0x146b2    : c_ldsp ra, 56(sp)          : MemRead :  D=0x0000000000022836 A=0x7ffffffffffffd38
2028000: system.cpu: T0 : 0x146b4    : c_mv a0, s0                : IntAlu :  D=0x0000000000000000
2028500: system.cpu: T0 : 0x146b6    : c_ldsp s0, 48(sp)          : MemRead :  D=0x000000000006ef80 A=0x7ffffffffffffd30
2029000: system.cpu: T0 : 0x146b8    : c_ldsp s1, 40(sp)          : MemRead :  D=0x000000000006fe60 A=0x7ffffffffffffd28
2029500: system.cpu: T0 : 0x146ba    : c_ldsp s2, 32(sp)          : MemRead :  D=0x0000000000072000 A=0x7ffffffffffffd20
2030000: system.cpu: T0 : 0x146bc    : c_ldsp s3, 24(sp)          : MemRead :  D=0x0000000000072000 A=0x7ffffffffffffd18
2030500: system.cpu: T0 : 0x146be    : c_ldsp s4, 16(sp)          : MemRead :  D=0x0000000000070000 A=0x7ffffffffffffd10
2031000: system.cpu: T0 : 0x146c0    : c_ldsp s5, 8(sp)           : MemRead :  D=0x0000000000072000 A=0x7ffffffffffffd08
2031500: system.cpu: T0 : 0x146c2    : c_ldsp s6, 0(sp)           : MemRead :  D=0x0000000000072000 A=0x7ffffffffffffd00
2032000: system.cpu: T0 : 0x146c4    : c_addi16sp sp, 64          : IntAlu :  D=0x7ffffffffffffd40
2032500: system.cpu: T0 : 0x146c6    : c_jr ra                    : IntAlu : 
2033000: system.cpu: T0 : 0x22836    : c_li a5, 1                 : IntAlu :  D=0x0000000000000001
2033500: system.cpu: T0 : 0x22838    : c_beqz a0, 10              : IntAlu : 
2034500: system.cpu: T0 : 0x22842    : lui a0, 80                 : IntAlu :  D=0x0000000000050000
2035500: system.cpu: T0 : 0x22846    : lui a4, 114                : IntAlu :  D=0x0000000000072000
2036500: system.cpu: T0 : 0x2284a    : addi a0, a0, -480          : IntAlu :  D=0x000000000004fe20
2037500: system.cpu: T0 : 0x2284e    : sw a5, -488(a4)            : MemWrite :  D=0x0000000000000001 A=0x71e18
2038500: system.cpu: T0 : 0x22852    : jal ra, -57870             : IntAlu :  D=0x0000000000022856
2039000: system.cpu: T0 : 0x14644    : c_addi16sp sp, -64         : IntAlu :  D=0x7ffffffffffffd00
2039500: system.cpu: T0 : 0x14646    : c_sdsp s1, 40(sp)          : MemWrite :  D=0x000000000006fe60 A=0x7ffffffffffffd28
2040000: system.cpu: T0 : 0x14648    : ld s1, -1360(gp)           : MemRead :  D=0x7fffffffffffff58 A=0x70ad8
2040500: system.cpu: T0 : 0x1464c    : c_sdsp ra, 56(sp)          : MemWrite :  D=0x0000000000022856 A=0x7ffffffffffffd38
2041000: system.cpu: T0 : 0x1464e    : c_sdsp s0, 48(sp)          : MemWrite :  D=0x000000000006ef80 A=0x7ffffffffffffd30
2041500: system.cpu: T0 : 0x14650    : c_sdsp s2, 32(sp)          : MemWrite :  D=0x0000000000072000 A=0x7ffffffffffffd20
2042000: system.cpu: T0 : 0x14652    : c_sdsp s3, 24(sp)          : MemWrite :  D=0x0000000000072000 A=0x7ffffffffffffd18
2042500: system.cpu: T0 : 0x14654    : c_sdsp s4, 16(sp)          : MemWrite :  D=0x0000000000070000 A=0x7ffffffffffffd10
2043000: system.cpu: T0 : 0x14656    : c_sdsp s5, 8(sp)           : MemWrite :  D=0x0000000000072000 A=0x7ffffffffffffd08
2043500: system.cpu: T0 : 0x14658    : c_sdsp s6, 0(sp)           : MemWrite :  D=0x0000000000072000 A=0x7ffffffffffffd00
2044000: system.cpu: T0 : 0x1465a    : c_beqz s1, 210             : IntAlu : 
2044500: system.cpu: T0 : 0x1465c    : lbu a5, 0(a0)              : MemRead :  D=0x000000000000004c A=0x4fe20
2045000: system.cpu: T0 : 0x14660    : c_mv s4, a0                : IntAlu :  D=0x000000000004fe20
2045500: system.cpu: T0 : 0x14662    : c_beqz a5, 202             : IntAlu : 
2046000: system.cpu: T0 : 0x14664    : lbu s5, 1(a0)              : MemRead :  D=0x0000000000000044 A=0x4fe21
2046500: system.cpu: T0 : 0x14668    : slliw s2, a5, 16           : IntAlu :  D=0x00000000004c0000
2047000: system.cpu: T0 : 0x1466c    : c_ld s0, 0(s1)             : MemRead :  D=0x0000000000000000 A=0x7fffffffffffff58
2048000: system.cpu: T0 : 0x1466e    : sraiw s2, s2, 16           : IntAlu :  D=0x000000000000004c
2049000: system.cpu: T0 : 0x14672    : bne s5, zero, 86           : IntAlu : 
2049500: system.cpu: T0 : 0x146c8    : jal ra, 42488              : IntAlu :  D=0x00000000000146cc
2050000: system.cpu: T0 : 0x1ecc0    : andi a5, a0, 7             : IntAlu :  D=0x0000000000000000
2050500: system.cpu: T0 : 0x1ecc4    : c_beqz a5, 26              : IntAlu : 
2051000: system.cpu: T0 : 0x1ecde    : c_mv a5, a0                : IntAlu :  D=0x000000000004fe20
2051500: system.cpu: T0 : 0x1ece0    : ld a6, -2024(gp)           : MemRead :  D=0xfefefefefefefeff A=0x70840
2052000: system.cpu: T0 : 0x1ece4    : ld a1, -2016(gp)           : MemRead :  D=0x8080808080808080 A=0x70848
2052500: system.cpu: T0 : 0x1ece8    : c_ld a2, 0(a5)             : MemRead :  D=0x5f444e49425f444c A=0x4fe20
2053500: system.cpu: T0 : 0x1ecea    : addi a3, a5, 8             : IntAlu :  D=0x000000000004fe28
2054500: system.cpu: T0 : 0x1ecee    : add a4, a2, a6             : IntAlu :  D=0x5e434d48415e434b
2055500: system.cpu: T0 : 0x1ecf2    : xori a2, a2, 18446744073709551615 : IntAlu :  D=0xa0bbb1b6bda0bbb3
2056000: system.cpu: T0 : 0x1ecf6    : c_and a4, a2               : IntAlu :  D=0x0003010001000303
2056500: system.cpu: T0 : 0x1ecf8    : c_and a4, a1               : IntAlu :  D=0x0000000000000000
2057000: system.cpu: T0 : 0x1ecfa    : c_beqz a4, 50              : IntAlu : 
2057500: system.cpu: T0 : 0x1ed2c    : c_mv a5, a3                : IntAlu :  D=0x000000000004fe28
2058000: system.cpu: T0 : 0x1ed2e    : c_j -70                    : IntAlu : 
2058500: system.cpu: T0 : 0x1ece8    : c_ld a2, 0(a5)             : MemRead :  D=0x0000000000544f4e A=0x4fe28
2059500: system.cpu: T0 : 0x1ecea    : addi a3, a5, 8             : IntAlu :  D=0x000000000004fe30
2060500: system.cpu: T0 : 0x1ecee    : add a4, a2, a6             : IntAlu :  D=0xfefefefeff534e4d
2061500: system.cpu: T0 : 0x1ecf2    : xori a2, a2, 18446744073709551615 : IntAlu :  D=0xffffffffffabb0b1
2062000: system.cpu: T0 : 0x1ecf6    : c_and a4, a2               : IntAlu :  D=0xfefefefeff030001
2062500: system.cpu: T0 : 0x1ecf8    : c_and a4, a1               : IntAlu :  D=0x8080808080000000
2063000: system.cpu: T0 : 0x1ecfa    : c_beqz a4, 50              : IntAlu : 
2063500: system.cpu: T0 : 0x1ecfc    : lbu a4, -8(a3)             : MemRead :  D=0x000000000000004e A=0x4fe28
2064000: system.cpu: T0 : 0x1ed00    : c_beqz a4, -40             : IntAlu : 
2065000: system.cpu: T0 : 0x1ed02    : lbu a4, -7(a3)             : MemRead :  D=0x000000000000004f A=0x4fe29
2065500: system.cpu: T0 : 0x1ed06    : c_beqz a4, 50              : IntAlu : 
2066000: system.cpu: T0 : 0x1ed08    : lbu a4, -6(a3)             : MemRead :  D=0x0000000000000054 A=0x4fe2a
2066500: system.cpu: T0 : 0x1ed0c    : c_beqz a4, 52              : IntAlu : 
2067500: system.cpu: T0 : 0x1ed0e    : lbu a4, -5(a3)             : MemRead :  D=0x0000000000000000 A=0x4fe2b
2068000: system.cpu: T0 : 0x1ed12    : c_beqz a4, 54              : IntAlu : 
2068500: system.cpu: T0 : 0x1ed48    : c_sub a5, a0               : IntAlu :  D=0x0000000000000008
2069500: system.cpu: T0 : 0x1ed4a    : addi a0, a5, 3             : IntAlu :  D=0x000000000000000b
2070000: system.cpu: T0 : 0x1ed4e    : c_jr ra                    : IntAlu : 
2070500: system.cpu: T0 : 0x146cc    : slli a5, s5, 8             : IntAlu :  D=0x0000000000004400
2071000: system.cpu: T0 : 0x146d0    : or a5, s2, a5              : IntAlu :  D=0x000000000000444c
2071500: system.cpu: T0 : 0x146d4    : slliw s2, a5, 16           : IntAlu :  D=0x00000000444c0000
2072000: system.cpu: T0 : 0x146d8    : c_mv s3, a0                : IntAlu :  D=0x000000000000000b
2073000: system.cpu: T0 : 0x146da    : sraiw s2, s2, 16           : IntAlu :  D=0x000000000000444c
2074000: system.cpu: T0 : 0x146de    : addi s5, a0, -2            : IntAlu :  D=0x0000000000000009
2074500: system.cpu: T0 : 0x146e2    : c_addi s4, 2               : IntAlu :  D=0x000000000004fe22
2075000: system.cpu: T0 : 0x146e4    : c_beqz s0, -50             : IntAlu : 
2075500: system.cpu: T0 : 0x146b2    : c_ldsp ra, 56(sp)          : MemRead :  D=0x0000000000022856 A=0x7ffffffffffffd38
2076000: system.cpu: T0 : 0x146b4    : c_mv a0, s0                : IntAlu :  D=0x0000000000000000
2076500: system.cpu: T0 : 0x146b6    : c_ldsp s0, 48(sp)          : MemRead :  D=0x000000000006ef80 A=0x7ffffffffffffd30
2077000: system.cpu: T0 : 0x146b8    : c_ldsp s1, 40(sp)          : MemRead :  D=0x000000000006fe60 A=0x7ffffffffffffd28
2077500: system.cpu: T0 : 0x146ba    : c_ldsp s2, 32(sp)          : MemRead :  D=0x0000000000072000 A=0x7ffffffffffffd20
2078000: system.cpu: T0 : 0x146bc    : c_ldsp s3, 24(sp)          : MemRead :  D=0x0000000000072000 A=0x7ffffffffffffd18
2078500: system.cpu: T0 : 0x146be    : c_ldsp s4, 16(sp)          : MemRead :  D=0x0000000000070000 A=0x7ffffffffffffd10
2079000: system.cpu: T0 : 0x146c0    : c_ldsp s5, 8(sp)           : MemRead :  D=0x0000000000072000 A=0x7ffffffffffffd08
2079500: system.cpu: T0 : 0x146c2    : c_ldsp s6, 0(sp)           : MemRead :  D=0x0000000000072000 A=0x7ffffffffffffd00
2080000: system.cpu: T0 : 0x146c4    : c_addi16sp sp, 64          : IntAlu :  D=0x7ffffffffffffd40
2080500: system.cpu: T0 : 0x146c6    : c_jr ra                    : IntAlu : 
2081000: system.cpu: T0 : 0x22856    : c_li a5, 0                 : IntAlu :  D=0x0000000000000000
2081500: system.cpu: T0 : 0x22858    : c_beqz a0, 10              : IntAlu : 
2082500: system.cpu: T0 : 0x22862    : lui a0, 80                 : IntAlu :  D=0x0000000000050000
2083500: system.cpu: T0 : 0x22866    : lui a4, 114                : IntAlu :  D=0x0000000000072000
2084500: system.cpu: T0 : 0x2286a    : addi a0, a0, -464          : IntAlu :  D=0x000000000004fe30
2085500: system.cpu: T0 : 0x2286e    : sw a5, -512(a4)            : MemWrite :  D=0x0000000000000000 A=0x71e00
2086500: system.cpu: T0 : 0x22872    : jal ra, -57902             : IntAlu :  D=0x0000000000022876
2087000: system.cpu: T0 : 0x14644    : c_addi16sp sp, -64         : IntAlu :  D=0x7ffffffffffffd00
2087500: system.cpu: T0 : 0x14646    : c_sdsp s1, 40(sp)          : MemWrite :  D=0x000000000006fe60 A=0x7ffffffffffffd28
2088000: system.cpu: T0 : 0x14648    : ld s1, -1360(gp)           : MemRead :  D=0x7fffffffffffff58 A=0x70ad8
2088500: system.cpu: T0 : 0x1464c    : c_sdsp ra, 56(sp)          : MemWrite :  D=0x0000000000022876 A=0x7ffffffffffffd38
2089000: system.cpu: T0 : 0x1464e    : c_sdsp s0, 48(sp)          : MemWrite :  D=0x000000000006ef80 A=0x7ffffffffffffd30
2089500: system.cpu: T0 : 0x14650    : c_sdsp s2, 32(sp)          : MemWrite :  D=0x0000000000072000 A=0x7ffffffffffffd20
2090000: system.cpu: T0 : 0x14652    : c_sdsp s3, 24(sp)          : MemWrite :  D=0x0000000000072000 A=0x7ffffffffffffd18
2090500: system.cpu: T0 : 0x14654    : c_sdsp s4, 16(sp)          : MemWrite :  D=0x0000000000070000 A=0x7ffffffffffffd10
2091000: system.cpu: T0 : 0x14656    : c_sdsp s5, 8(sp)           : MemWrite :  D=0x0000000000072000 A=0x7ffffffffffffd08
2091500: system.cpu: T0 : 0x14658    : c_sdsp s6, 0(sp)           : MemWrite :  D=0x0000000000072000 A=0x7ffffffffffffd00
2092000: system.cpu: T0 : 0x1465a    : c_beqz s1, 210             : IntAlu : 
2092500: system.cpu: T0 : 0x1465c    : lbu a5, 0(a0)              : MemRead :  D=0x000000000000004c A=0x4fe30
2093000: system.cpu: T0 : 0x14660    : c_mv s4, a0                : IntAlu :  D=0x000000000004fe30
2093500: system.cpu: T0 : 0x14662    : c_beqz a5, 202             : IntAlu : 
2094000: system.cpu: T0 : 0x14664    : lbu s5, 1(a0)              : MemRead :  D=0x0000000000000044 A=0x4fe31
2094500: system.cpu: T0 : 0x14668    : slliw s2, a5, 16           : IntAlu :  D=0x00000000004c0000
2095000: system.cpu: T0 : 0x1466c    : c_ld s0, 0(s1)             : MemRead :  D=0x0000000000000000 A=0x7fffffffffffff58
2096000: system.cpu: T0 : 0x1466e    : sraiw s2, s2, 16           : IntAlu :  D=0x000000000000004c
2097000: system.cpu: T0 : 0x14672    : bne s5, zero, 86           : IntAlu : 
2097500: system.cpu: T0 : 0x146c8    : jal ra, 42488              : IntAlu :  D=0x00000000000146cc
2098000: system.cpu: T0 : 0x1ecc0    : andi a5, a0, 7             : IntAlu :  D=0x0000000000000000
2098500: system.cpu: T0 : 0x1ecc4    : c_beqz a5, 26              : IntAlu : 
2099000: system.cpu: T0 : 0x1ecde    : c_mv a5, a0                : IntAlu :  D=0x000000000004fe30
2099500: system.cpu: T0 : 0x1ece0    : ld a6, -2024(gp)           : MemRead :  D=0xfefefefefefefeff A=0x70840
2100000: system.cpu: T0 : 0x1ece4    : ld a1, -2016(gp)           : MemRead :  D=0x8080808080808080 A=0x70848
2100500: system.cpu: T0 : 0x1ece8    : c_ld a2, 0(a5)             : MemRead :  D=0x4d414e59445f444c A=0x4fe30
2101500: system.cpu: T0 : 0x1ecea    : addi a3, a5, 8             : IntAlu :  D=0x000000000004fe38
2102500: system.cpu: T0 : 0x1ecee    : add a4, a2, a6             : IntAlu :  D=0x4c404d58435e434b
2103500: system.cpu: T0 : 0x1ecf2    : xori a2, a2, 18446744073709551615 : IntAlu :  D=0xb2beb1a6bba0bbb3
2104000: system.cpu: T0 : 0x1ecf6    : c_and a4, a2               : IntAlu :  D=0x0000010003000303
2104500: system.cpu: T0 : 0x1ecf8    : c_and a4, a1               : IntAlu :  D=0x0000000000000000
2105000: system.cpu: T0 : 0x1ecfa    : c_beqz a4, 50              : IntAlu : 
2105500: system.cpu: T0 : 0x1ed2c    : c_mv a5, a3                : IntAlu :  D=0x000000000004fe38
2106000: system.cpu: T0 : 0x1ed2e    : c_j -70                    : IntAlu : 
2106500: system.cpu: T0 : 0x1ece8    : c_ld a2, 0(a5)             : MemRead :  D=0x004b4145575f4349 A=0x4fe38
2107500: system.cpu: T0 : 0x1ecea    : addi a3, a5, 8             : IntAlu :  D=0x000000000004fe40
2108500: system.cpu: T0 : 0x1ecee    : add a4, a2, a6             : IntAlu :  D=0xff4a4044565e4248
2109500: system.cpu: T0 : 0x1ecf2    : xori a2, a2, 18446744073709551615 : IntAlu :  D=0xffb4bebaa8a0bcb6
2110000: system.cpu: T0 : 0x1ecf6    : c_and a4, a2               : IntAlu :  D=0xff00000000000000
2110500: system.cpu: T0 : 0x1ecf8    : c_and a4, a1               : IntAlu :  D=0x8000000000000000
2111000: system.cpu: T0 : 0x1ecfa    : c_beqz a4, 50              : IntAlu : 
2111500: system.cpu: T0 : 0x1ecfc    : lbu a4, -8(a3)             : MemRead :  D=0x0000000000000049 A=0x4fe38
2112000: system.cpu: T0 : 0x1ed00    : c_beqz a4, -40             : IntAlu : 
2113000: system.cpu: T0 : 0x1ed02    : lbu a4, -7(a3)             : MemRead :  D=0x0000000000000043 A=0x4fe39
2113500: system.cpu: T0 : 0x1ed06    : c_beqz a4, 50              : IntAlu : 
2114000: system.cpu: T0 : 0x1ed08    : lbu a4, -6(a3)             : MemRead :  D=0x000000000000005f A=0x4fe3a
2114500: system.cpu: T0 : 0x1ed0c    : c_beqz a4, 52              : IntAlu : 
2115500: system.cpu: T0 : 0x1ed0e    : lbu a4, -5(a3)             : MemRead :  D=0x0000000000000057 A=0x4fe3b
2116000: system.cpu: T0 : 0x1ed12    : c_beqz a4, 54              : IntAlu : 
2116500: system.cpu: T0 : 0x1ed14    : lbu a4, -4(a3)             : MemRead :  D=0x0000000000000045 A=0x4fe3c
2117000: system.cpu: T0 : 0x1ed18    : c_beqz a4, 56              : IntAlu : 
2118000: system.cpu: T0 : 0x1ed1a    : lbu a4, -3(a3)             : MemRead :  D=0x0000000000000041 A=0x4fe3d
2118500: system.cpu: T0 : 0x1ed1e    : c_beqz a4, 58              : IntAlu : 
2119000: system.cpu: T0 : 0x1ed20    : lbu a4, -2(a3)             : MemRead :  D=0x000000000000004b A=0x4fe3e
2119500: system.cpu: T0 : 0x1ed24    : c_beqz a4, 60              : IntAlu : 
2120500: system.cpu: T0 : 0x1ed26    : lbu a4, -1(a3)             : MemRead :  D=0x0000000000000000 A=0x4fe3f
2121000: system.cpu: T0 : 0x1ed2a    : c_beqz a4, 6               : IntAlu : 
2121500: system.cpu: T0 : 0x1ed30    : c_sub a5, a0               : IntAlu :  D=0x0000000000000008
2122500: system.cpu: T0 : 0x1ed32    : addi a0, a5, 7             : IntAlu :  D=0x000000000000000f
2123000: system.cpu: T0 : 0x1ed36    : c_jr ra                    : IntAlu : 
2123500: system.cpu: T0 : 0x146cc    : slli a5, s5, 8             : IntAlu :  D=0x0000000000004400
2124000: system.cpu: T0 : 0x146d0    : or a5, s2, a5              : IntAlu :  D=0x000000000000444c
2124500: system.cpu: T0 : 0x146d4    : slliw s2, a5, 16           : IntAlu :  D=0x00000000444c0000
2125000: system.cpu: T0 : 0x146d8    : c_mv s3, a0                : IntAlu :  D=0x000000000000000f
2126000: system.cpu: T0 : 0x146da    : sraiw s2, s2, 16           : IntAlu :  D=0x000000000000444c
2127000: system.cpu: T0 : 0x146de    : addi s5, a0, -2            : IntAlu :  D=0x000000000000000d
2127500: system.cpu: T0 : 0x146e2    : c_addi s4, 2               : IntAlu :  D=0x000000000004fe32
2128000: system.cpu: T0 : 0x146e4    : c_beqz s0, -50             : IntAlu : 
2128500: system.cpu: T0 : 0x146b2    : c_ldsp ra, 56(sp)          : MemRead :  D=0x0000000000022876 A=0x7ffffffffffffd38
2129000: system.cpu: T0 : 0x146b4    : c_mv a0, s0                : IntAlu :  D=0x0000000000000000
2129500: system.cpu: T0 : 0x146b6    : c_ldsp s0, 48(sp)          : MemRead :  D=0x000000000006ef80 A=0x7ffffffffffffd30
2130000: system.cpu: T0 : 0x146b8    : c_ldsp s1, 40(sp)          : MemRead :  D=0x000000000006fe60 A=0x7ffffffffffffd28
2130500: system.cpu: T0 : 0x146ba    : c_ldsp s2, 32(sp)          : MemRead :  D=0x0000000000072000 A=0x7ffffffffffffd20
2131000: system.cpu: T0 : 0x146bc    : c_ldsp s3, 24(sp)          : MemRead :  D=0x0000000000072000 A=0x7ffffffffffffd18
2131500: system.cpu: T0 : 0x146be    : c_ldsp s4, 16(sp)          : MemRead :  D=0x0000000000070000 A=0x7ffffffffffffd10
2132000: system.cpu: T0 : 0x146c0    : c_ldsp s5, 8(sp)           : MemRead :  D=0x0000000000072000 A=0x7ffffffffffffd08
2132500: system.cpu: T0 : 0x146c2    : c_ldsp s6, 0(sp)           : MemRead :  D=0x0000000000072000 A=0x7ffffffffffffd00
2133000: system.cpu: T0 : 0x146c4    : c_addi16sp sp, 64          : IntAlu :  D=0x7ffffffffffffd40
2133500: system.cpu: T0 : 0x146c6    : c_jr ra                    : IntAlu : 
2134000: system.cpu: T0 : 0x22876    : c_li a5, 1                 : IntAlu :  D=0x0000000000000001
2134500: system.cpu: T0 : 0x22878    : c_beqz a0, 10              : IntAlu : 
2135500: system.cpu: T0 : 0x22882    : lui a0, 80                 : IntAlu :  D=0x0000000000050000
2136500: system.cpu: T0 : 0x22886    : lui a4, 114                : IntAlu :  D=0x0000000000072000
2137500: system.cpu: T0 : 0x2288a    : addi a0, a0, -448          : IntAlu :  D=0x000000000004fe40
2138500: system.cpu: T0 : 0x2288e    : sw a5, -436(a4)            : MemWrite :  D=0x0000000000000001 A=0x71e4c
2139500: system.cpu: T0 : 0x22892    : jal ra, -57934             : IntAlu :  D=0x0000000000022896
2140000: system.cpu: T0 : 0x14644    : c_addi16sp sp, -64         : IntAlu :  D=0x7ffffffffffffd00
2140500: system.cpu: T0 : 0x14646    : c_sdsp s1, 40(sp)          : MemWrite :  D=0x000000000006fe60 A=0x7ffffffffffffd28
2141000: system.cpu: T0 : 0x14648    : ld s1, -1360(gp)           : MemRead :  D=0x7fffffffffffff58 A=0x70ad8
2141500: system.cpu: T0 : 0x1464c    : c_sdsp ra, 56(sp)          : MemWrite :  D=0x0000000000022896 A=0x7ffffffffffffd38
2142000: system.cpu: T0 : 0x1464e    : c_sdsp s0, 48(sp)          : MemWrite :  D=0x000000000006ef80 A=0x7ffffffffffffd30
2142500: system.cpu: T0 : 0x14650    : c_sdsp s2, 32(sp)          : MemWrite :  D=0x0000000000072000 A=0x7ffffffffffffd20
2143000: system.cpu: T0 : 0x14652    : c_sdsp s3, 24(sp)          : MemWrite :  D=0x0000000000072000 A=0x7ffffffffffffd18
2143500: system.cpu: T0 : 0x14654    : c_sdsp s4, 16(sp)          : MemWrite :  D=0x0000000000070000 A=0x7ffffffffffffd10
2144000: system.cpu: T0 : 0x14656    : c_sdsp s5, 8(sp)           : MemWrite :  D=0x0000000000072000 A=0x7ffffffffffffd08
2144500: system.cpu: T0 : 0x14658    : c_sdsp s6, 0(sp)           : MemWrite :  D=0x0000000000072000 A=0x7ffffffffffffd00
2145000: system.cpu: T0 : 0x1465a    : c_beqz s1, 210             : IntAlu : 
2145500: system.cpu: T0 : 0x1465c    : lbu a5, 0(a0)              : MemRead :  D=0x000000000000004c A=0x4fe40
2146000: system.cpu: T0 : 0x14660    : c_mv s4, a0                : IntAlu :  D=0x000000000004fe40
2146500: system.cpu: T0 : 0x14662    : c_beqz a5, 202             : IntAlu : 
2147000: system.cpu: T0 : 0x14664    : lbu s5, 1(a0)              : MemRead :  D=0x0000000000000044 A=0x4fe41
2147500: system.cpu: T0 : 0x14668    : slliw s2, a5, 16           : IntAlu :  D=0x00000000004c0000
2148000: system.cpu: T0 : 0x1466c    : c_ld s0, 0(s1)             : MemRead :  D=0x0000000000000000 A=0x7fffffffffffff58
2149000: system.cpu: T0 : 0x1466e    : sraiw s2, s2, 16           : IntAlu :  D=0x000000000000004c
2150000: system.cpu: T0 : 0x14672    : bne s5, zero, 86           : IntAlu : 
2150500: system.cpu: T0 : 0x146c8    : jal ra, 42488              : IntAlu :  D=0x00000000000146cc
2151000: system.cpu: T0 : 0x1ecc0    : andi a5, a0, 7             : IntAlu :  D=0x0000000000000000
2151500: system.cpu: T0 : 0x1ecc4    : c_beqz a5, 26              : IntAlu : 
2152000: system.cpu: T0 : 0x1ecde    : c_mv a5, a0                : IntAlu :  D=0x000000000004fe40
2152500: system.cpu: T0 : 0x1ece0    : ld a6, -2024(gp)           : MemRead :  D=0xfefefefefefefeff A=0x70840
2153000: system.cpu: T0 : 0x1ece4    : ld a1, -2016(gp)           : MemRead :  D=0x8080808080808080 A=0x70848
2153500: system.cpu: T0 : 0x1ece8    : c_ld a2, 0(a5)             : MemRead :  D=0x49464f52505f444c A=0x4fe40
2154500: system.cpu: T0 : 0x1ecea    : addi a3, a5, 8             : IntAlu :  D=0x000000000004fe48
2155500: system.cpu: T0 : 0x1ecee    : add a4, a2, a6             : IntAlu :  D=0x48454e514f5e434b
2156500: system.cpu: T0 : 0x1ecf2    : xori a2, a2, 18446744073709551615 : IntAlu :  D=0xb6b9b0adafa0bbb3
2157000: system.cpu: T0 : 0x1ecf6    : c_and a4, a2               : IntAlu :  D=0x000100010f000303
2157500: system.cpu: T0 : 0x1ecf8    : c_and a4, a1               : IntAlu :  D=0x0000000000000000
2158000: system.cpu: T0 : 0x1ecfa    : c_beqz a4, 50              : IntAlu : 
2158500: system.cpu: T0 : 0x1ed2c    : c_mv a5, a3                : IntAlu :  D=0x000000000004fe48
2159000: system.cpu: T0 : 0x1ed2e    : c_j -70                    : IntAlu : 
2159500: system.cpu: T0 : 0x1ece8    : c_ld a2, 0(a5)             : MemRead :  D=0x555054554f5f454c A=0x4fe48
2160500: system.cpu: T0 : 0x1ecea    : addi a3, a5, 8             : IntAlu :  D=0x000000000004fe50
2161500: system.cpu: T0 : 0x1ecee    : add a4, a2, a6             : IntAlu :  D=0x544f53544e5e444b
2162500: system.cpu: T0 : 0x1ecf2    : xori a2, a2, 18446744073709551615 : IntAlu :  D=0xaaafabaab0a0bab3
2163000: system.cpu: T0 : 0x1ecf6    : c_and a4, a2               : IntAlu :  D=0x000f030000000003
2163500: system.cpu: T0 : 0x1ecf8    : c_and a4, a1               : IntAlu :  D=0x0000000000000000
2164000: system.cpu: T0 : 0x1ecfa    : c_beqz a4, 50              : IntAlu : 
2164500: system.cpu: T0 : 0x1ed2c    : c_mv a5, a3                : IntAlu :  D=0x000000000004fe50
2165000: system.cpu: T0 : 0x1ed2e    : c_j -70                    : IntAlu : 
2165500: system.cpu: T0 : 0x1ece8    : c_ld a2, 0(a5)             : MemRead :  D=0x0000000000000054 A=0x4fe50
2166500: system.cpu: T0 : 0x1ecea    : addi a3, a5, 8             : IntAlu :  D=0x000000000004fe58
2167500: system.cpu: T0 : 0x1ecee    : add a4, a2, a6             : IntAlu :  D=0xfefefefefefeff53
2168500: system.cpu: T0 : 0x1ecf2    : xori a2, a2, 18446744073709551615 : IntAlu :  D=0xffffffffffffffab
2169000: system.cpu: T0 : 0x1ecf6    : c_and a4, a2               : IntAlu :  D=0xfefefefefefeff03
2169500: system.cpu: T0 : 0x1ecf8    : c_and a4, a1               : IntAlu :  D=0x8080808080808000
2170000: system.cpu: T0 : 0x1ecfa    : c_beqz a4, 50              : IntAlu : 
2170500: system.cpu: T0 : 0x1ecfc    : lbu a4, -8(a3)             : MemRead :  D=0x0000000000000054 A=0x4fe50
2171000: system.cpu: T0 : 0x1ed00    : c_beqz a4, -40             : IntAlu : 
2172000: system.cpu: T0 : 0x1ed02    : lbu a4, -7(a3)             : MemRead :  D=0x0000000000000000 A=0x4fe51
2172500: system.cpu: T0 : 0x1ed06    : c_beqz a4, 50              : IntAlu : 
2173000: system.cpu: T0 : 0x1ed38    : c_sub a5, a0               : IntAlu :  D=0x0000000000000010
2174000: system.cpu: T0 : 0x1ed3a    : addi a0, a5, 1             : IntAlu :  D=0x0000000000000011
2174500: system.cpu: T0 : 0x1ed3e    : c_jr ra                    : IntAlu : 
2175000: system.cpu: T0 : 0x146cc    : slli a5, s5, 8             : IntAlu :  D=0x0000000000004400
2175500: system.cpu: T0 : 0x146d0    : or a5, s2, a5              : IntAlu :  D=0x000000000000444c
2176000: system.cpu: T0 : 0x146d4    : slliw s2, a5, 16           : IntAlu :  D=0x00000000444c0000
2176500: system.cpu: T0 : 0x146d8    : c_mv s3, a0                : IntAlu :  D=0x0000000000000011
2177500: system.cpu: T0 : 0x146da    : sraiw s2, s2, 16           : IntAlu :  D=0x000000000000444c
2178500: system.cpu: T0 : 0x146de    : addi s5, a0, -2            : IntAlu :  D=0x000000000000000f
2179000: system.cpu: T0 : 0x146e2    : c_addi s4, 2               : IntAlu :  D=0x000000000004fe42
2179500: system.cpu: T0 : 0x146e4    : c_beqz s0, -50             : IntAlu : 
2180000: system.cpu: T0 : 0x146b2    : c_ldsp ra, 56(sp)          : MemRead :  D=0x0000000000022896 A=0x7ffffffffffffd38
2180500: system.cpu: T0 : 0x146b4    : c_mv a0, s0                : IntAlu :  D=0x0000000000000000
2181000: system.cpu: T0 : 0x146b6    : c_ldsp s0, 48(sp)          : MemRead :  D=0x000000000006ef80 A=0x7ffffffffffffd30
2181500: system.cpu: T0 : 0x146b8    : c_ldsp s1, 40(sp)          : MemRead :  D=0x000000000006fe60 A=0x7ffffffffffffd28
2182000: system.cpu: T0 : 0x146ba    : c_ldsp s2, 32(sp)          : MemRead :  D=0x0000000000072000 A=0x7ffffffffffffd20
2182500: system.cpu: T0 : 0x146bc    : c_ldsp s3, 24(sp)          : MemRead :  D=0x0000000000072000 A=0x7ffffffffffffd18
2183000: system.cpu: T0 : 0x146be    : c_ldsp s4, 16(sp)          : MemRead :  D=0x0000000000070000 A=0x7ffffffffffffd10
2183500: system.cpu: T0 : 0x146c0    : c_ldsp s5, 8(sp)           : MemRead :  D=0x0000000000072000 A=0x7ffffffffffffd08
2184000: system.cpu: T0 : 0x146c2    : c_ldsp s6, 0(sp)           : MemRead :  D=0x0000000000072000 A=0x7ffffffffffffd00
2184500: system.cpu: T0 : 0x146c4    : c_addi16sp sp, 64          : IntAlu :  D=0x7ffffffffffffd40
2185000: system.cpu: T0 : 0x146c6    : c_jr ra                    : IntAlu : 
2186000: system.cpu: T0 : 0x22896    : lui a4, 114                : IntAlu :  D=0x0000000000072000
2187000: system.cpu: T0 : 0x2289a    : sd a0, -552(a4)            : MemWrite :  D=0x0000000000000000 A=0x71dd8
2188000: system.cpu: T0 : 0x2289e    : beq a0, zero, 550          : IntAlu : 
2188500: system.cpu: T0 : 0x22ac4    : lui a5, 111                : IntAlu :  D=0x000000000006f000
2189000: system.cpu: T0 : 0x22ac8    : lw a5, -72(a5)             : MemRead :  D=0x0000000000000000 A=0x6efb8
2189500: system.cpu: T0 : 0x22acc    : c_beqz a5, -140            : IntAlu : 
2190000: system.cpu: T0 : 0x22a40    : lui a3, 80                 : IntAlu :  D=0x0000000000050000
2190500: system.cpu: T0 : 0x22a44    : addi a3, a3, -1168         : IntAlu :  D=0x000000000004fb70
2191000: system.cpu: T0 : 0x22a48    : c_j -396                   : IntAlu : 
2191500: system.cpu: T0 : 0x228bc    : sd a3, -552(a4)            : MemWrite :  D=0x000000000004fb70 A=0x71dd8
2192000: system.cpu: T0 : 0x228c0    : bne a5, zero, 344          : IntAlu : 
2192500: system.cpu: T0 : 0x228c4    : lui a0, 80                 : IntAlu :  D=0x0000000000050000
2193000: system.cpu: T0 : 0x228c8    : addi a0, a0, -424          : IntAlu :  D=0x000000000004fe58
2193500: system.cpu: T0 : 0x228cc    : jal ra, -57992             : IntAlu :  D=0x00000000000228d0
2194000: system.cpu: T0 : 0x14644    : c_addi16sp sp, -64         : IntAlu :  D=0x7ffffffffffffd00
2194500: system.cpu: T0 : 0x14646    : c_sdsp s1, 40(sp)          : MemWrite :  D=0x000000000006fe60 A=0x7ffffffffffffd28
2195000: system.cpu: T0 : 0x14648    : ld s1, -1360(gp)           : MemRead :  D=0x7fffffffffffff58 A=0x70ad8
2195500: system.cpu: T0 : 0x1464c    : c_sdsp ra, 56(sp)          : MemWrite :  D=0x00000000000228d0 A=0x7ffffffffffffd38
2196000: system.cpu: T0 : 0x1464e    : c_sdsp s0, 48(sp)          : MemWrite :  D=0x000000000006ef80 A=0x7ffffffffffffd30
2196500: system.cpu: T0 : 0x14650    : c_sdsp s2, 32(sp)          : MemWrite :  D=0x0000000000072000 A=0x7ffffffffffffd20
2197000: system.cpu: T0 : 0x14652    : c_sdsp s3, 24(sp)          : MemWrite :  D=0x0000000000072000 A=0x7ffffffffffffd18
2197500: system.cpu: T0 : 0x14654    : c_sdsp s4, 16(sp)          : MemWrite :  D=0x0000000000070000 A=0x7ffffffffffffd10
2198000: system.cpu: T0 : 0x14656    : c_sdsp s5, 8(sp)           : MemWrite :  D=0x0000000000072000 A=0x7ffffffffffffd08
2198500: system.cpu: T0 : 0x14658    : c_sdsp s6, 0(sp)           : MemWrite :  D=0x0000000000072000 A=0x7ffffffffffffd00
2199000: system.cpu: T0 : 0x1465a    : c_beqz s1, 210             : IntAlu : 
2199500: system.cpu: T0 : 0x1465c    : lbu a5, 0(a0)              : MemRead :  D=0x000000000000004c A=0x4fe58
2200000: system.cpu: T0 : 0x14660    : c_mv s4, a0                : IntAlu :  D=0x000000000004fe58
2200500: system.cpu: T0 : 0x14662    : c_beqz a5, 202             : IntAlu : 
2201000: system.cpu: T0 : 0x14664    : lbu s5, 1(a0)              : MemRead :  D=0x0000000000000044 A=0x4fe59
2201500: system.cpu: T0 : 0x14668    : slliw s2, a5, 16           : IntAlu :  D=0x00000000004c0000
2202000: system.cpu: T0 : 0x1466c    : c_ld s0, 0(s1)             : MemRead :  D=0x0000000000000000 A=0x7fffffffffffff58
2203000: system.cpu: T0 : 0x1466e    : sraiw s2, s2, 16           : IntAlu :  D=0x000000000000004c
2204000: system.cpu: T0 : 0x14672    : bne s5, zero, 86           : IntAlu : 
2204500: system.cpu: T0 : 0x146c8    : jal ra, 42488              : IntAlu :  D=0x00000000000146cc
2205000: system.cpu: T0 : 0x1ecc0    : andi a5, a0, 7             : IntAlu :  D=0x0000000000000000
2205500: system.cpu: T0 : 0x1ecc4    : c_beqz a5, 26              : IntAlu : 
2206000: system.cpu: T0 : 0x1ecde    : c_mv a5, a0                : IntAlu :  D=0x000000000004fe58
2206500: system.cpu: T0 : 0x1ece0    : ld a6, -2024(gp)           : MemRead :  D=0xfefefefefefefeff A=0x70840
2207000: system.cpu: T0 : 0x1ece4    : ld a1, -2016(gp)           : MemRead :  D=0x8080808080808080 A=0x70848
2207500: system.cpu: T0 : 0x1ece8    : c_ld a2, 0(a5)             : MemRead :  D=0x4d555353415f444c A=0x4fe58
2208500: system.cpu: T0 : 0x1ecea    : addi a3, a5, 8             : IntAlu :  D=0x000000000004fe60
2209500: system.cpu: T0 : 0x1ecee    : add a4, a2, a6             : IntAlu :  D=0x4c545252405e434b
2210500: system.cpu: T0 : 0x1ecf2    : xori a2, a2, 18446744073709551615 : IntAlu :  D=0xb2aaacacbea0bbb3
2211000: system.cpu: T0 : 0x1ecf6    : c_and a4, a2               : IntAlu :  D=0x0000000000000303
2211500: system.cpu: T0 : 0x1ecf8    : c_and a4, a1               : IntAlu :  D=0x0000000000000000
2212000: system.cpu: T0 : 0x1ecfa    : c_beqz a4, 50              : IntAlu : 
2212500: system.cpu: T0 : 0x1ed2c    : c_mv a5, a3                : IntAlu :  D=0x000000000004fe60
2213000: system.cpu: T0 : 0x1ed2e    : c_j -70                    : IntAlu : 
2213500: system.cpu: T0 : 0x1ece8    : c_ld a2, 0(a5)             : MemRead :  D=0x4c454e52454b5f45 A=0x4fe60
2214500: system.cpu: T0 : 0x1ecea    : addi a3, a5, 8             : IntAlu :  D=0x000000000004fe68
2215500: system.cpu: T0 : 0x1ecee    : add a4, a2, a6             : IntAlu :  D=0x4b444d51444a5e44
2216500: system.cpu: T0 : 0x1ecf2    : xori a2, a2, 18446744073709551615 : IntAlu :  D=0xb3bab1adbab4a0ba
2217000: system.cpu: T0 : 0x1ecf6    : c_and a4, a2               : IntAlu :  D=0x0300010100000000
2217500: system.cpu: T0 : 0x1ecf8    : c_and a4, a1               : IntAlu :  D=0x0000000000000000
2218000: system.cpu: T0 : 0x1ecfa    : c_beqz a4, 50              : IntAlu : 
2218500: system.cpu: T0 : 0x1ed2c    : c_mv a5, a3                : IntAlu :  D=0x000000000004fe68
2219000: system.cpu: T0 : 0x1ed2e    : c_j -70                    : IntAlu : 
2219500: system.cpu: T0 : 0x1ece8    : c_ld a2, 0(a5)             : MemRead :  D=0x0000000000000000 A=0x4fe68
2220500: system.cpu: T0 : 0x1ecea    : addi a3, a5, 8             : IntAlu :  D=0x000000000004fe70
2221500: system.cpu: T0 : 0x1ecee    : add a4, a2, a6             : IntAlu :  D=0xfefefefefefefeff
2222500: system.cpu: T0 : 0x1ecf2    : xori a2, a2, 18446744073709551615 : IntAlu :  D=0xffffffffffffffff
2223000: system.cpu: T0 : 0x1ecf6    : c_and a4, a2               : IntAlu :  D=0xfefefefefefefeff
2223500: system.cpu: T0 : 0x1ecf8    : c_and a4, a1               : IntAlu :  D=0x8080808080808080
2224000: system.cpu: T0 : 0x1ecfa    : c_beqz a4, 50              : IntAlu : 
2224500: system.cpu: T0 : 0x1ecfc    : lbu a4, -8(a3)             : MemRead :  D=0x0000000000000000 A=0x4fe68
2225000: system.cpu: T0 : 0x1ed00    : c_beqz a4, -40             : IntAlu : 
2225500: system.cpu: T0 : 0x1ecd8    : sub a0, a5, a0             : IntAlu :  D=0x0000000000000010
2226000: system.cpu: T0 : 0x1ecdc    : c_jr ra                    : IntAlu : 
2226500: system.cpu: T0 : 0x146cc    : slli a5, s5, 8             : IntAlu :  D=0x0000000000004400
2227000: system.cpu: T0 : 0x146d0    : or a5, s2, a5              : IntAlu :  D=0x000000000000444c
2227500: system.cpu: T0 : 0x146d4    : slliw s2, a5, 16           : IntAlu :  D=0x00000000444c0000
2228000: system.cpu: T0 : 0x146d8    : c_mv s3, a0                : IntAlu :  D=0x0000000000000010
2229000: system.cpu: T0 : 0x146da    : sraiw s2, s2, 16           : IntAlu :  D=0x000000000000444c
2230000: system.cpu: T0 : 0x146de    : addi s5, a0, -2            : IntAlu :  D=0x000000000000000e
2230500: system.cpu: T0 : 0x146e2    : c_addi s4, 2               : IntAlu :  D=0x000000000004fe5a
2231000: system.cpu: T0 : 0x146e4    : c_beqz s0, -50             : IntAlu : 
2231500: system.cpu: T0 : 0x146b2    : c_ldsp ra, 56(sp)          : MemRead :  D=0x00000000000228d0 A=0x7ffffffffffffd38
2232000: system.cpu: T0 : 0x146b4    : c_mv a0, s0                : IntAlu :  D=0x0000000000000000
2232500: system.cpu: T0 : 0x146b6    : c_ldsp s0, 48(sp)          : MemRead :  D=0x000000000006ef80 A=0x7ffffffffffffd30
2233000: system.cpu: T0 : 0x146b8    : c_ldsp s1, 40(sp)          : MemRead :  D=0x000000000006fe60 A=0x7ffffffffffffd28
2233500: system.cpu: T0 : 0x146ba    : c_ldsp s2, 32(sp)          : MemRead :  D=0x0000000000072000 A=0x7ffffffffffffd20
2234000: system.cpu: T0 : 0x146bc    : c_ldsp s3, 24(sp)          : MemRead :  D=0x0000000000072000 A=0x7ffffffffffffd18
2234500: system.cpu: T0 : 0x146be    : c_ldsp s4, 16(sp)          : MemRead :  D=0x0000000000070000 A=0x7ffffffffffffd10
2235000: system.cpu: T0 : 0x146c0    : c_ldsp s5, 8(sp)           : MemRead :  D=0x0000000000072000 A=0x7ffffffffffffd08
2235500: system.cpu: T0 : 0x146c2    : c_ldsp s6, 0(sp)           : MemRead :  D=0x0000000000072000 A=0x7ffffffffffffd00
2236000: system.cpu: T0 : 0x146c4    : c_addi16sp sp, 64          : IntAlu :  D=0x7ffffffffffffd40
2236500: system.cpu: T0 : 0x146c6    : c_jr ra                    : IntAlu : 
2237000: system.cpu: T0 : 0x228d0    : c_mv s0, a0                : IntAlu :  D=0x0000000000000000
2237500: system.cpu: T0 : 0x228d2    : c_beqz a0, 76              : IntAlu : 
2238500: system.cpu: T0 : 0x2291e    : lui a5, 114                : IntAlu :  D=0x0000000000072000
2239500: system.cpu: T0 : 0x22922    : ld a0, -496(a5)            : MemRead :  D=0x0000000000000000 A=0x71e10
2240000: system.cpu: T0 : 0x22926    : c_beqz a0, 14              : IntAlu : 
2240500: system.cpu: T0 : 0x22934    : ld a5, -464(s2)            : MemRead :  D=0x0000000000010040 A=0x71e30
2241000: system.cpu: T0 : 0x22938    : ld t3, 1120(s1)            : MemRead :  D=0x0000000000000000 A=0x702c0
2241500: system.cpu: T0 : 0x2293c    : c_beqz a5, 110             : IntAlu : 
2242500: system.cpu: T0 : 0x2293e    : ld a4, -408(s3)            : MemRead :  D=0x0000000000000006 A=0x71e68
2243500: system.cpu: T0 : 0x22942    : slli a3, a4, 3             : IntAlu :  D=0x0000000000000030
2244000: system.cpu: T0 : 0x22946    : c_sub a3, a4               : IntAlu :  D=0x000000000000002a
2244500: system.cpu: T0 : 0x22948    : c_slli a3, 3               : IntAlu :  D=0x0000000000000150
2245000: system.cpu: T0 : 0x2294a    : c_add a3, a5               : IntAlu :  D=0x0000000000010190
2245500: system.cpu: T0 : 0x2294c    : bgeu a5, a3, 94            : IntAlu : 
2246000: system.cpu: T0 : 0x22950    : lui a2, 411470             : IntAlu :  D=0x000000006474e000
2246500: system.cpu: T0 : 0x22954    : addi a1, a2, 1361          : IntAlu :  D=0x000000006474e551
2247000: system.cpu: T0 : 0x22958    : ld t4, 1112(s1)            : MemRead :  D=0x0000000000000000 A=0x702b8
2247500: system.cpu: T0 : 0x2295c    : lw t1, -1800(gp)           : MemRead :  D=0x0000000000000006 A=0x70920
2248000: system.cpu: T0 : 0x22960    : c_mv a6, t3                : IntAlu :  D=0x0000000000000000
2248500: system.cpu: T0 : 0x22962    : c_li a7, 0                 : IntAlu :  D=0x0000000000000000
2249000: system.cpu: T0 : 0x22964    : c_li a0, 0                 : IntAlu :  D=0x0000000000000000
2250000: system.cpu: T0 : 0x22966    : addi a2, a2, 1362          : IntAlu :  D=0x000000006474e552
2250500: system.cpu: T0 : 0x2296a    : c_j 24                     : IntAlu : 
2251000: system.cpu: T0 : 0x22982    : c_lw a4, 0(a5)             : MemRead :  D=0x0000000000000001 A=0x10040
2251500: system.cpu: T0 : 0x22984    : bne a4, a1, -24            : IntAlu : 
2252000: system.cpu: T0 : 0x2296c    : bne a4, a2, 14             : IntAlu : 
2253000: system.cpu: T0 : 0x2297a    : addi a5, a5, 56            : IntAlu :  D=0x0000000000010078
2254000: system.cpu: T0 : 0x2297e    : bgeu a5, a3, 24            : IntAlu : 
2254500: system.cpu: T0 : 0x22982    : c_lw a4, 0(a5)             : MemRead :  D=0x0000000000000001 A=0x10078
2255000: system.cpu: T0 : 0x22984    : bne a4, a1, -24            : IntAlu : 
2255500: system.cpu: T0 : 0x2296c    : bne a4, a2, 14             : IntAlu : 
2256500: system.cpu: T0 : 0x2297a    : addi a5, a5, 56            : IntAlu :  D=0x00000000000100b0
2257500: system.cpu: T0 : 0x2297e    : bgeu a5, a3, 24            : IntAlu : 
2258000: system.cpu: T0 : 0x22982    : c_lw a4, 0(a5)             : MemRead :  D=0x0000000000000004 A=0x100b0
2258500: system.cpu: T0 : 0x22984    : bne a4, a1, -24            : IntAlu : 
2259000: system.cpu: T0 : 0x2296c    : bne a4, a2, 14             : IntAlu : 
2260000: system.cpu: T0 : 0x2297a    : addi a5, a5, 56            : IntAlu :  D=0x00000000000100e8
2261000: system.cpu: T0 : 0x2297e    : bgeu a5, a3, 24            : IntAlu : 
2261500: system.cpu: T0 : 0x22982    : c_lw a4, 0(a5)             : MemRead :  D=0x0000000000000007 A=0x100e8
2262000: system.cpu: T0 : 0x22984    : bne a4, a1, -24            : IntAlu : 
2262500: system.cpu: T0 : 0x2296c    : bne a4, a2, 14             : IntAlu : 
2263500: system.cpu: T0 : 0x2297a    : addi a5, a5, 56            : IntAlu :  D=0x0000000000010120
2264500: system.cpu: T0 : 0x2297e    : bgeu a5, a3, 24            : IntAlu : 
2265000: system.cpu: T0 : 0x22982    : c_lw a4, 0(a5)             : MemRead :  D=0x000000006474e551 A=0x10120
2265500: system.cpu: T0 : 0x22984    : bne a4, a1, -24            : IntAlu : 
2266000: system.cpu: T0 : 0x22988    : lw t1, 4(a5)               : MemRead :  D=0x0000000000000006 A=0x10124
2266500: system.cpu: T0 : 0x2298c    : addi a5, a5, 56            : IntAlu :  D=0x0000000000010158
2267000: system.cpu: T0 : 0x22990    : c_li a0, 1                 : IntAlu :  D=0x0000000000000001
2268000: system.cpu: T0 : 0x22992    : bltu a5, a3, -16           : IntAlu : 
2268500: system.cpu: T0 : 0x22982    : c_lw a4, 0(a5)             : MemRead :  D=0x000000006474e552 A=0x10158
2269000: system.cpu: T0 : 0x22984    : bne a4, a1, -24            : IntAlu : 
2269500: system.cpu: T0 : 0x2296c    : bne a4, a2, 14             : IntAlu : 
2270000: system.cpu: T0 : 0x22970    : ld t4, 16(a5)              : MemRead :  D=0x000000000006ead0 A=0x10168
2270500: system.cpu: T0 : 0x22974    : ld a6, 40(a5)              : MemRead :  D=0x0000000000000530 A=0x10180
2271000: system.cpu: T0 : 0x22978    : c_li a7, 1                 : IntAlu :  D=0x0000000000000001
2272000: system.cpu: T0 : 0x2297a    : addi a5, a5, 56            : IntAlu :  D=0x0000000000010190
2273000: system.cpu: T0 : 0x2297e    : bgeu a5, a3, 24            : IntAlu : 
2273500: system.cpu: T0 : 0x22996    : c_beqz a0, 6               : IntAlu : 
2274000: system.cpu: T0 : 0x22998    : sw t1, -1800(gp)           : MemWrite :  D=0x0000000000000006 A=0x70920
2274500: system.cpu: T0 : 0x2299c    : beq a7, zero, 14           : IntAlu : 
2275000: system.cpu: T0 : 0x229a0    : sd t4, 1112(s1)            : MemWrite :  D=0x000000000006ead0 A=0x702b8
2275500: system.cpu: T0 : 0x229a4    : sd a6, 1120(s1)            : MemWrite :  D=0x0000000000000530 A=0x702c0
2276000: system.cpu: T0 : 0x229a8    : c_mv t3, a6                : IntAlu :  D=0x0000000000000530
2277000: system.cpu: T0 : 0x229aa    : bne t3, zero, 272          : IntAlu : 
2278000: system.cpu: T0 : 0x22aba    : addi a0, s4, -416          : IntAlu :  D=0x000000000006fe60
2279000: system.cpu: T0 : 0x22abe    : jal ra, 106388             : IntAlu :  D=0x0000000000022ac2
2279500: system.cpu: T0 : 0x3ca52    : c_addi sp, -16             : IntAlu :  D=0x7ffffffffffffd30
2280000: system.cpu: T0 : 0x3ca54    : c_ld a5, 0(a0)             : MemRead :  D=0x0000000000000000 A=0x6fe60
2280500: system.cpu: T0 : 0x3ca56    : c_sdsp s0, 0(sp)           : MemWrite :  D=0x0000000000000000 A=0x7ffffffffffffd30
2281000: system.cpu: T0 : 0x3ca58    : c_mv s0, a0                : IntAlu :  D=0x000000000006fe60
2282000: system.cpu: T0 : 0x3ca5a    : ld a0, 1112(a0)            : MemRead :  D=0x000000000006ead0 A=0x702b8
2283000: system.cpu: T0 : 0x3ca5e    : ld a4, -1784(gp)           : MemRead :  D=0x0000000000001000 A=0x70930
2284000: system.cpu: T0 : 0x3ca62    : ld a1, 1120(s0)            : MemRead :  D=0x0000000000000530 A=0x702c0
2284500: system.cpu: T0 : 0x3ca66    : c_add a5, a0               : IntAlu :  D=0x000000000006ead0
2285000: system.cpu: T0 : 0x3ca68    : sub a4, zero, a4           : IntAlu :  D=0xfffffffffffff000
2285500: system.cpu: T0 : 0x3ca6c    : c_add a1, a5               : IntAlu :  D=0x000000000006f000
2286000: system.cpu: T0 : 0x3ca6e    : c_sdsp ra, 8(sp)           : MemWrite :  D=0x0000000000022ac2 A=0x7ffffffffffffd38
2286500: system.cpu: T0 : 0x3ca70    : and a0, a5, a4             : IntAlu :  D=0x000000000006e000
2287000: system.cpu: T0 : 0x3ca74    : c_and a1, a4               : IntAlu :  D=0x000000000006f000
2288000: system.cpu: T0 : 0x3ca76    : bne a0, a1, 12             : IntAlu : 
2288500: system.cpu: T0 : 0x3ca82    : c_li a2, 1                 : IntAlu :  D=0x0000000000000001
2289000: system.cpu: T0 : 0x3ca84    : c_sub a1, a0               : IntAlu :  D=0x0000000000001000
2290000: system.cpu: T0 : 0x3ca86    : jal ra, -113354            : IntAlu :  D=0x000000000003ca8a
2290500: system.cpu: T0 : 0x20fbc    : addi a7, zero, 226         : IntAlu :  D=0x00000000000000e2
2291000: system.cpu: T0 : 0x20fc0    : ecall                      : No_OpClass : 
2291500: system.cpu: T0 : 0x20fc4    : c_lui a7, 1048575          : IntAlu :  D=0xfffffffffffff000
2292500: system.cpu: T0 : 0x20fc6    : bltu a7, a0, 6             : IntAlu : 
2293000: system.cpu: T0 : 0x20fca    : c_jr ra                    : IntAlu : 
2294000: system.cpu: T0 : 0x3ca8a    : bge a0, zero, -16          : IntAlu : 
2294500: system.cpu: T0 : 0x3ca7a    : c_ldsp ra, 8(sp)           : MemRead :  D=0x0000000000022ac2 A=0x7ffffffffffffd38
2295000: system.cpu: T0 : 0x3ca7c    : c_ldsp s0, 0(sp)           : MemRead :  D=0x0000000000000000 A=0x7ffffffffffffd30
2295500: system.cpu: T0 : 0x3ca7e    : c_addi sp, 16              : IntAlu :  D=0x7ffffffffffffd40
2296000: system.cpu: T0 : 0x3ca80    : c_jr ra                    : IntAlu : 
2296500: system.cpu: T0 : 0x22ac2    : c_j -276                   : IntAlu : 
2297000: system.cpu: T0 : 0x229ae    : c_ldsp ra, 152(sp)         : MemRead :  D=0x0000000000022d40 A=0x7ffffffffffffdd8
2297500: system.cpu: T0 : 0x229b0    : c_ldsp s0, 144(sp)         : MemRead :  D=0x0000000000000001 A=0x7ffffffffffffdd0
2298000: system.cpu: T0 : 0x229b2    : c_ldsp s1, 136(sp)         : MemRead :  D=0x7fffffffffffff48 A=0x7ffffffffffffdc8
2298500: system.cpu: T0 : 0x229b4    : c_ldsp s2, 128(sp)         : MemRead :  D=0x7fffffffffffff58 A=0x7ffffffffffffdc0
2299000: system.cpu: T0 : 0x229b6    : c_ldsp s3, 120(sp)         : MemRead :  D=0x0000000000000000 A=0x7ffffffffffffdb8
2299500: system.cpu: T0 : 0x229b8    : c_ldsp s4, 112(sp)         : MemRead :  D=0x0000000000000000 A=0x7ffffffffffffdb0
2300000: system.cpu: T0 : 0x229ba    : c_ldsp s5, 104(sp)         : MemRead :  D=0x0000000000000000 A=0x7ffffffffffffda8
2300500: system.cpu: T0 : 0x229bc    : c_ldsp s6, 96(sp)          : MemRead :  D=0x0000000000000000 A=0x7ffffffffffffda0
2301000: system.cpu: T0 : 0x229be    : c_ldsp s7, 88(sp)          : MemRead :  D=0x0000000000000000 A=0x7ffffffffffffd98
2301500: system.cpu: T0 : 0x229c0    : c_ldsp s8, 80(sp)          : MemRead :  D=0x0000000000000000 A=0x7ffffffffffffd90
2302000: system.cpu: T0 : 0x229c2    : c_ldsp s9, 72(sp)          : MemRead :  D=0x0000000000000000 A=0x7ffffffffffffd88
2302500: system.cpu: T0 : 0x229c4    : c_ldsp s10, 64(sp)         : MemRead :  D=0x0000000000000000 A=0x7ffffffffffffd80
2303000: system.cpu: T0 : 0x229c6    : c_addi16sp sp, 160         : IntAlu :  D=0x7ffffffffffffde0
2303500: system.cpu: T0 : 0x229c8    : c_jr ra                    : IntAlu : 
2304000: system.cpu: T0 : 0x22d40    : c_mv a2, s2                : IntAlu :  D=0x7fffffffffffff58
2304500: system.cpu: T0 : 0x22d42    : c_mv a1, s1                : IntAlu :  D=0x7fffffffffffff48
2305000: system.cpu: T0 : 0x22d44    : c_mv a0, s0                : IntAlu :  D=0x0000000000000001
2306000: system.cpu: T0 : 0x22d46    : jal ra, -4344              : IntAlu :  D=0x0000000000022d4a
2306500: system.cpu: T0 : 0x21c4e    : c_beqz a1, 50              : IntAlu : 
2307000: system.cpu: T0 : 0x21c50    : c_addi sp, -32             : IntAlu :  D=0x7ffffffffffffdc0
2307500: system.cpu: T0 : 0x21c52    : c_sdsp s1, 8(sp)           : MemWrite :  D=0x7fffffffffffff48 A=0x7ffffffffffffdc8
2308000: system.cpu: T0 : 0x21c54    : c_ld s1, 0(a1)             : MemRead :  D=0x7fffffffffffffe7 A=0x7fffffffffffff48
2308500: system.cpu: T0 : 0x21c56    : c_sdsp s0, 16(sp)          : MemWrite :  D=0x0000000000000001 A=0x7ffffffffffffdd0
2309000: system.cpu: T0 : 0x21c58    : c_sdsp ra, 24(sp)          : MemWrite :  D=0x0000000000022d4a A=0x7ffffffffffffdd8
2309500: system.cpu: T0 : 0x21c5a    : c_mv s0, a1                : IntAlu :  D=0x7fffffffffffff48
2310000: system.cpu: T0 : 0x21c5c    : c_beqz s1, 26              : IntAlu : 
2311000: system.cpu: T0 : 0x21c5e    : addi a1, zero, 47          : IntAlu :  D=0x000000000000002f
2311500: system.cpu: T0 : 0x21c62    : c_mv a0, s1                : IntAlu :  D=0x7fffffffffffffe7
2312000: system.cpu: T0 : 0x21c64    : jal ra, 90482              : IntAlu :  D=0x0000000000021c68
2312500: system.cpu: T0 : 0x37dd6    : c_addi sp, -32             : IntAlu :  D=0x7ffffffffffffda0
2313000: system.cpu: T0 : 0x37dd8    : c_sdsp s0, 16(sp)          : MemWrite :  D=0x7fffffffffffff48 A=0x7ffffffffffffdb0
2313500: system.cpu: T0 : 0x37dda    : c_sdsp s1, 8(sp)           : MemWrite :  D=0x7fffffffffffffe7 A=0x7ffffffffffffda8
2314000: system.cpu: T0 : 0x37ddc    : c_sdsp s2, 0(sp)           : MemWrite :  D=0x7fffffffffffff58 A=0x7ffffffffffffda0
2314500: system.cpu: T0 : 0x37dde    : c_sdsp ra, 24(sp)          : MemWrite :  D=0x0000000000021c68 A=0x7ffffffffffffdb8
2315000: system.cpu: T0 : 0x37de0    : andi s1, a1, 255           : IntAlu :  D=0x000000000000002f
2315500: system.cpu: T0 : 0x37de4    : c_mv s0, a0                : IntAlu :  D=0x7fffffffffffffe7
2316000: system.cpu: T0 : 0x37de6    : c_li s2, 0                 : IntAlu :  D=0x0000000000000000
2316500: system.cpu: T0 : 0x37de8    : c_bnez s1, 10              : IntAlu : 
2317000: system.cpu: T0 : 0x37df2    : c_mv a0, s0                : IntAlu :  D=0x7fffffffffffffe7
2317500: system.cpu: T0 : 0x37df4    : c_mv a1, s1                : IntAlu :  D=0x000000000000002f
2318500: system.cpu: T0 : 0x37df6    : jal ra, -103340            : IntAlu :  D=0x0000000000037dfa
2319500: system.cpu: T0 : 0x1ea4a    : andi a5, a0, 7             : IntAlu :  D=0x0000000000000007
2320500: system.cpu: T0 : 0x1ea4e    : andi a4, a1, 255           : IntAlu :  D=0x000000000000002f
2321000: system.cpu: T0 : 0x1ea52    : c_bnez a5, 14              : IntAlu : 
2321500: system.cpu: T0 : 0x1ea60    : lbu a5, 0(a0)              : MemRead :  D=0x000000000000002e A=0x7fffffffffffffe7
2322000: system.cpu: T0 : 0x1ea64    : bne a5, a4, -14            : IntAlu : 
2322500: system.cpu: T0 : 0x1ea56    : c_addi a0, 1               : IntAlu :  D=0x7fffffffffffffe8
2323000: system.cpu: T0 : 0x1ea58    : andi a3, a0, 7             : IntAlu :  D=0x0000000000000000
2323500: system.cpu: T0 : 0x1ea5c    : c_beqz a5, 168             : IntAlu : 
2324000: system.cpu: T0 : 0x1ea5e    : c_beqz a3, 12              : IntAlu : 
2324500: system.cpu: T0 : 0x1ea6a    : c_lui a3, 16               : IntAlu :  D=0x0000000000010000
2325000: system.cpu: T0 : 0x1ea6c    : slliw a5, a1, 8            : IntAlu :  D=0x0000000000002f00
2325500: system.cpu: T0 : 0x1ea70    : c_addi a3, -1              : IntAlu :  D=0x000000000000ffff
2326000: system.cpu: T0 : 0x1ea72    : c_and a5, a3               : IntAlu :  D=0x0000000000002f00
2326500: system.cpu: T0 : 0x1ea74    : andi a1, a1, 255           : IntAlu :  D=0x000000000000002f
2327000: system.cpu: T0 : 0x1ea78    : c_or a1, a5                : IntAlu :  D=0x0000000000002f2f
2327500: system.cpu: T0 : 0x1ea7a    : c_addiw a1, 0              : IntAlu :  D=0x0000000000002f2f
2328000: system.cpu: T0 : 0x1ea7c    : slli t1, a1, 16            : IntAlu :  D=0x000000002f2f0000
2328500: system.cpu: T0 : 0x1ea80    : or a1, t1, a1              : IntAlu :  D=0x000000002f2f2f2f
2329000: system.cpu: T0 : 0x1ea84    : ld a6, -2032(gp)           : MemRead :  D=0x7efefefefefefeff A=0x70838
2329500: system.cpu: T0 : 0x1ea88    : slli t1, a1, 32            : IntAlu :  D=0x2f2f2f2f00000000
2330000: system.cpu: T0 : 0x1ea8c    : or t1, t1, a1              : IntAlu :  D=0x2f2f2f2f2f2f2f2f
2330500: system.cpu: T0 : 0x1ea90    : c_li t3, -1                : IntAlu :  D=0xffffffffffffffff
2331000: system.cpu: T0 : 0x1ea92    : c_ld a1, 0(a0)             : MemRead :  D=0xc900323030742f2e A=0x7fffffffffffffe8
2331500: system.cpu: T0 : 0x1ea94    : addi a5, a0, 8             : IntAlu :  D=0x7ffffffffffffff0
2332000: system.cpu: T0 : 0x1ea98    : xor a7, t1, a1             : IntAlu :  D=0xe62f1d1f1f5b0001
2332500: system.cpu: T0 : 0x1ea9c    : add a3, a1, a6             : IntAlu :  D=0x47ff312f2f732e2d
2333000: system.cpu: T0 : 0x1eaa0    : add a2, a7, a6             : IntAlu :  D=0x652e1c1e1e59ff00
2333500: system.cpu: T0 : 0x1eaa4    : c_xor a3, a1               : IntAlu :  D=0x8eff031f1f070103
2334500: system.cpu: T0 : 0x1eaa6    : xor a2, a2, a7             : IntAlu :  D=0x830101010102ff01
2335000: system.cpu: T0 : 0x1eaaa    : c_and a3, a2               : IntAlu :  D=0x8201010101020101
2335500: system.cpu: T0 : 0x1eaac    : or a3, a3, a6              : IntAlu :  D=0xfefffffffffeffff
2336000: system.cpu: T0 : 0x1eab0    : beq a3, t3, 88             : IntAlu : 
2336500: system.cpu: T0 : 0x1eab4    : lbu a3, -8(a5)             : MemRead :  D=0x000000000000002e A=0x7fffffffffffffe8
2337000: system.cpu: T0 : 0x1eab8    : beq a3, a4, -80            : IntAlu : 
2337500: system.cpu: T0 : 0x1eabc    : c_beqz a3, 72              : IntAlu : 
2338500: system.cpu: T0 : 0x1eabe    : lbu a3, -7(a5)             : MemRead :  D=0x000000000000002f A=0x7fffffffffffffe9
2339500: system.cpu: T0 : 0x1eac2    : beq a3, a4, 74             : IntAlu : 
2340000: system.cpu: T0 : 0x1eb0c    : c_addi a0, 1               : IntAlu :  D=0x7fffffffffffffe9
2340500: system.cpu: T0 : 0x1eb0e    : c_jr ra                    : IntAlu : 
2341000: system.cpu: T0 : 0x37dfa    : c_bnez a0, -14             : IntAlu : 
2341500: system.cpu: T0 : 0x37dec    : addi s0, a0, 1             : IntAlu :  D=0x7fffffffffffffea
2342000: system.cpu: T0 : 0x37df0    : c_mv s2, a0                : IntAlu :  D=0x7fffffffffffffe9
2342500: system.cpu: T0 : 0x37df2    : c_mv a0, s0                : IntAlu :  D=0x7fffffffffffffea
2343000: system.cpu: T0 : 0x37df4    : c_mv a1, s1                : IntAlu :  D=0x000000000000002f
2344000: system.cpu: T0 : 0x37df6    : jal ra, -103340            : IntAlu :  D=0x0000000000037dfa
2345000: system.cpu: T0 : 0x1ea4a    : andi a5, a0, 7             : IntAlu :  D=0x0000000000000002
2346000: system.cpu: T0 : 0x1ea4e    : andi a4, a1, 255           : IntAlu :  D=0x000000000000002f
2346500: system.cpu: T0 : 0x1ea52    : c_bnez a5, 14              : IntAlu : 
2347000: system.cpu: T0 : 0x1ea60    : lbu a5, 0(a0)              : MemRead :  D=0x0000000000000074 A=0x7fffffffffffffea
2347500: system.cpu: T0 : 0x1ea64    : bne a5, a4, -14            : IntAlu : 
2348000: system.cpu: T0 : 0x1ea56    : c_addi a0, 1               : IntAlu :  D=0x7fffffffffffffeb
2348500: system.cpu: T0 : 0x1ea58    : andi a3, a0, 7             : IntAlu :  D=0x0000000000000003
2349000: system.cpu: T0 : 0x1ea5c    : c_beqz a5, 168             : IntAlu : 
2349500: system.cpu: T0 : 0x1ea5e    : c_beqz a3, 12              : IntAlu : 
2350000: system.cpu: T0 : 0x1ea60    : lbu a5, 0(a0)              : MemRead :  D=0x0000000000000030 A=0x7fffffffffffffeb
2350500: system.cpu: T0 : 0x1ea64    : bne a5, a4, -14            : IntAlu : 
2351000: system.cpu: T0 : 0x1ea56    : c_addi a0, 1               : IntAlu :  D=0x7fffffffffffffec
2351500: system.cpu: T0 : 0x1ea58    : andi a3, a0, 7             : IntAlu :  D=0x0000000000000004
2352000: system.cpu: T0 : 0x1ea5c    : c_beqz a5, 168             : IntAlu : 
2352500: system.cpu: T0 : 0x1ea5e    : c_beqz a3, 12              : IntAlu : 
2353000: system.cpu: T0 : 0x1ea60    : lbu a5, 0(a0)              : MemRead :  D=0x0000000000000030 A=0x7fffffffffffffec
2353500: system.cpu: T0 : 0x1ea64    : bne a5, a4, -14            : IntAlu : 
2354000: system.cpu: T0 : 0x1ea56    : c_addi a0, 1               : IntAlu :  D=0x7fffffffffffffed
2354500: system.cpu: T0 : 0x1ea58    : andi a3, a0, 7             : IntAlu :  D=0x0000000000000005
2355000: system.cpu: T0 : 0x1ea5c    : c_beqz a5, 168             : IntAlu : 
2355500: system.cpu: T0 : 0x1ea5e    : c_beqz a3, 12              : IntAlu : 
2356000: system.cpu: T0 : 0x1ea60    : lbu a5, 0(a0)              : MemRead :  D=0x0000000000000032 A=0x7fffffffffffffed
2356500: system.cpu: T0 : 0x1ea64    : bne a5, a4, -14            : IntAlu : 
2357000: system.cpu: T0 : 0x1ea56    : c_addi a0, 1               : IntAlu :  D=0x7fffffffffffffee
2357500: system.cpu: T0 : 0x1ea58    : andi a3, a0, 7             : IntAlu :  D=0x0000000000000006
2358000: system.cpu: T0 : 0x1ea5c    : c_beqz a5, 168             : IntAlu : 
2358500: system.cpu: T0 : 0x1ea5e    : c_beqz a3, 12              : IntAlu : 
2359000: system.cpu: T0 : 0x1ea60    : lbu a5, 0(a0)              : MemRead :  D=0x0000000000000000 A=0x7fffffffffffffee
2359500: system.cpu: T0 : 0x1ea64    : bne a5, a4, -14            : IntAlu : 
2360000: system.cpu: T0 : 0x1ea56    : c_addi a0, 1               : IntAlu :  D=0x7fffffffffffffef
2360500: system.cpu: T0 : 0x1ea58    : andi a3, a0, 7             : IntAlu :  D=0x0000000000000007
2361000: system.cpu: T0 : 0x1ea5c    : c_beqz a5, 168             : IntAlu : 
2361500: system.cpu: T0 : 0x1eb04    : c_li a0, 0                 : IntAlu :  D=0x0000000000000000
2362000: system.cpu: T0 : 0x1eb06    : c_jr ra                    : IntAlu : 
2362500: system.cpu: T0 : 0x37dfa    : c_bnez a0, -14             : IntAlu : 
2363000: system.cpu: T0 : 0x37dfc    : c_ldsp ra, 24(sp)          : MemRead :  D=0x0000000000021c68 A=0x7ffffffffffffdb8
2363500: system.cpu: T0 : 0x37dfe    : c_ldsp s0, 16(sp)          : MemRead :  D=0x7fffffffffffff48 A=0x7ffffffffffffdb0
2364000: system.cpu: T0 : 0x37e00    : c_ldsp s1, 8(sp)           : MemRead :  D=0x7fffffffffffffe7 A=0x7ffffffffffffda8
2364500: system.cpu: T0 : 0x37e02    : c_mv a0, s2                : IntAlu :  D=0x7fffffffffffffe9
2365000: system.cpu: T0 : 0x37e04    : c_ldsp s2, 0(sp)           : MemRead :  D=0x7fffffffffffff58 A=0x7ffffffffffffda0
2365500: system.cpu: T0 : 0x37e06    : c_addi16sp sp, 32          : IntAlu :  D=0x7ffffffffffffdc0
2366000: system.cpu: T0 : 0x37e08    : c_jr ra                    : IntAlu : 
2366500: system.cpu: T0 : 0x21c68    : c_beqz a0, 26              : IntAlu : 
2367000: system.cpu: T0 : 0x21c6a    : c_addi a0, 1               : IntAlu :  D=0x7fffffffffffffea
2367500: system.cpu: T0 : 0x21c6c    : sd a0, -1824(gp)           : MemWrite :  D=0x7fffffffffffffea A=0x70908
2368000: system.cpu: T0 : 0x21c70    : c_ld a4, 0(s0)             : MemRead :  D=0x7fffffffffffffe7 A=0x7fffffffffffff48
2369000: system.cpu: T0 : 0x21c72    : sd a4, -1816(gp)           : MemWrite :  D=0x7fffffffffffffe7 A=0x70910
2369500: system.cpu: T0 : 0x21c76    : c_ldsp ra, 24(sp)          : MemRead :  D=0x0000000000022d4a A=0x7ffffffffffffdd8
2370000: system.cpu: T0 : 0x21c78    : c_ldsp s0, 16(sp)          : MemRead :  D=0x0000000000000001 A=0x7ffffffffffffdd0
2370500: system.cpu: T0 : 0x21c7a    : c_ldsp s1, 8(sp)           : MemRead :  D=0x7fffffffffffff48 A=0x7ffffffffffffdc8
2371000: system.cpu: T0 : 0x21c7c    : c_addi16sp sp, 32          : IntAlu :  D=0x7ffffffffffffde0
2371500: system.cpu: T0 : 0x21c7e    : c_jr ra                    : IntAlu : 
2372000: system.cpu: T0 : 0x22d4a    : c_ldsp s0, 16(sp)          : MemRead :  D=0x000000000001093a A=0x7ffffffffffffdf0
2372500: system.cpu: T0 : 0x22d4c    : c_ldsp ra, 24(sp)          : MemRead :  D=0x00000000000105ae A=0x7ffffffffffffdf8
2373000: system.cpu: T0 : 0x22d4e    : c_ldsp s1, 8(sp)           : MemRead :  D=0x00000000000109ca A=0x7ffffffffffffde8
2373500: system.cpu: T0 : 0x22d50    : c_ldsp s2, 0(sp)           : MemRead :  D=0x0000000000000000 A=0x7ffffffffffffde0
2374000: system.cpu: T0 : 0x22d52    : c_addi16sp sp, 32          : IntAlu :  D=0x7ffffffffffffe00
2374500: system.cpu: T0 : 0x22d54    : jal zero, 35004            : IntAlu :  D=0x0000000000022d58
2375000: system.cpu: T0 : 0x2b610    : ld a5, 0(tp)               : MemRead :  D=0x0000000000070678 A=0x72710
2375500: system.cpu: T0 : 0x2b614    : c_ld a5, 0(a5)             : MemRead :  D=0x00000000000517e0 A=0x70678
2376000: system.cpu: T0 : 0x2b616    : c_ld a0, 64(a5)            : MemRead :  D=0x0000000000053010 A=0x51820
2376500: system.cpu: T0 : 0x2b618    : c_ld a2, 72(a5)            : MemRead :  D=0x0000000000052610 A=0x51828
2377000: system.cpu: T0 : 0x2b61a    : c_ld a4, 88(a5)            : MemRead :  D=0x0000000000052010 A=0x51838
2377500: system.cpu: T0 : 0x2b61c    : addi a0, a0, 256           : IntAlu :  D=0x0000000000053110
2378000: system.cpu: T0 : 0x2b620    : addi a2, a2, 512           : IntAlu :  D=0x0000000000052810
2378500: system.cpu: T0 : 0x2b624    : addi a4, a4, 512           : IntAlu :  D=0x0000000000052210
2379000: system.cpu: T0 : 0x2b628    : sd a0, 80(tp)              : MemWrite :  D=0x0000000000053110 A=0x72760
2379500: system.cpu: T0 : 0x2b62c    : sd a2, 72(tp)              : MemWrite :  D=0x0000000000052810 A=0x72758
2380000: system.cpu: T0 : 0x2b630    : sd a4, 64(tp)              : MemWrite :  D=0x0000000000052210 A=0x72750
2380500: system.cpu: T0 : 0x2b634    : c_jr ra                    : IntAlu : 
2381000: system.cpu: T0 : 0x105ae    : c_beqz s1, 12              : IntAlu : 
2381500: system.cpu: T0 : 0x105b0    : c_li a2, 0                 : IntAlu :  D=0x0000000000000000
2382000: system.cpu: T0 : 0x105b2    : c_li a1, 0                 : IntAlu :  D=0x0000000000000000
2382500: system.cpu: T0 : 0x105b4    : c_mv a0, s1                : IntAlu :  D=0x00000000000109ca
2383500: system.cpu: T0 : 0x105b6    : jal ra, 17628              : IntAlu :  D=0x00000000000105ba
2384500: system.cpu: T0 : 0x14a92    : addi a3, gp, -1936         : IntAlu :  D=0x0000000000070898
2385000: system.cpu: T0 : 0x14a96    : c_j -204                   : IntAlu : 
2385500: system.cpu: T0 : 0x149ca    : c_addi16sp sp, -64         : IntAlu :  D=0x7ffffffffffffdc0
2386000: system.cpu: T0 : 0x149cc    : c_sdsp ra, 56(sp)          : MemWrite :  D=0x00000000000105ba A=0x7ffffffffffffdf8
2386500: system.cpu: T0 : 0x149ce    : c_sdsp s0, 48(sp)          : MemWrite :  D=0x000000000001093a A=0x7ffffffffffffdf0
2387000: system.cpu: T0 : 0x149d0    : c_sdsp s1, 40(sp)          : MemWrite :  D=0x00000000000109ca A=0x7ffffffffffffde8
2387500: system.cpu: T0 : 0x149d2    : c_sdsp s2, 32(sp)          : MemWrite :  D=0x0000000000000000 A=0x7ffffffffffffde0
2388000: system.cpu: T0 : 0x149d4    : c_sdsp s3, 24(sp)          : MemWrite :  D=0x0000000000000000 A=0x7ffffffffffffdd8
2388500: system.cpu: T0 : 0x149d6    : c_beqz a0, 156             : IntAlu : 
2389000: system.cpu: T0 : 0x149d8    : lui s0, 114                : IntAlu :  D=0x0000000000072000
2389500: system.cpu: T0 : 0x149dc    : c_mv s2, a2                : IntAlu :  D=0x0000000000000000
2390000: system.cpu: T0 : 0x149de    : c_mv s1, a0                : IntAlu :  D=0x00000000000109ca
2390500: system.cpu: T0 : 0x149e0    : c_mv s3, a1                : IntAlu :  D=0x0000000000000000
2391000: system.cpu: T0 : 0x149e2    : c_li a4, 1                 : IntAlu :  D=0x0000000000000001
2391500: system.cpu: T0 : 0x149e4    : addi a2, s0, -608          : IntAlu :  D=0x0000000000071da0
2392000: system.cpu: T0 : 0x149e8    : lr_w a5, (a2)             
2392000: system.cpu: T0 : 0x149e8. 0 : lr_w a5, (a2)              : MemRead :  D=0x0000000000000000 A=0x71da0
2392500: system.cpu: T0 : 0x149ec    : c_bnez a5, 8               : IntAlu : 
2393500: system.cpu: T0 : 0x149ee    : sc_w_aq a1, a4, (a2)      
2393500: system.cpu: T0 : 0x149ee. 0 : sc_w a1, a4, (a2)          : MemWrite :  D=0x0000000000000000 A=0x71da0
2394000: system.cpu: T0 : 0x149ee. 1 : 0x1ce625af fence           : No_OpClass : 
2394500: system.cpu: T0 : 0x149f2    : c_bnez a1, -10             : IntAlu : 
2395000: system.cpu: T0 : 0x149f4    : c_addiw a5, 0              : IntAlu :  D=0x0000000000000000
2395500: system.cpu: T0 : 0x149f6    : c_bnez a5, 64              : IntAlu : 
2396000: system.cpu: T0 : 0x149f8    : c_mv a0, a3                : IntAlu :  D=0x0000000000070898
2397000: system.cpu: T0 : 0x149fa    : jal ra, -242               : IntAlu :  D=0x00000000000149fe
2397500: system.cpu: T0 : 0x14908    : lbu a5, -1476(gp)          : MemRead :  D=0x0000000000000000 A=0x70a64
2398000: system.cpu: T0 : 0x1490c    : c_bnez a5, 186             : IntAlu : 
2398500: system.cpu: T0 : 0x1490e    : c_addi sp, -32             : IntAlu :  D=0x7ffffffffffffda0
2399000: system.cpu: T0 : 0x14910    : c_sdsp s1, 8(sp)           : MemWrite :  D=0x00000000000109ca A=0x7ffffffffffffda8
2399500: system.cpu: T0 : 0x14912    : c_ld s1, 0(a0)             : MemRead :  D=0x0000000000071140 A=0x70898
2400000: system.cpu: T0 : 0x14914    : c_sdsp s0, 16(sp)          : MemWrite :  D=0x0000000000072000 A=0x7ffffffffffffdb0
2400500: system.cpu: T0 : 0x14916    : c_sdsp ra, 24(sp)          : MemWrite :  D=0x00000000000149fe A=0x7ffffffffffffdb8
2401000: system.cpu: T0 : 0x14918    : c_mv s0, a0                : IntAlu :  D=0x0000000000070898
2401500: system.cpu: T0 : 0x1491a    : c_beqz s1, 140             : IntAlu : 
2402000: system.cpu: T0 : 0x1491c    : c_mv a1, s1                : IntAlu :  D=0x0000000000071140
2402500: system.cpu: T0 : 0x1491e    : c_li a6, 0                 : IntAlu :  D=0x0000000000000000
2403000: system.cpu: T0 : 0x14920    : c_ld a4, 8(a1)             : MemRead :  D=0x0000000000000000 A=0x71148
2404000: system.cpu: T0 : 0x14922    : slli a5, a4, 5             : IntAlu :  D=0x0000000000000000
2404500: system.cpu: T0 : 0x14926    : c_add a5, a1               : IntAlu :  D=0x0000000000071140
2405000: system.cpu: T0 : 0x14928    : c_beqz a4, 18              : IntAlu : 
2405500: system.cpu: T0 : 0x1493a    : c_ld a5, 0(a1)             : MemRead :  D=0x0000000000000000 A=0x71140
2406000: system.cpu: T0 : 0x1493c    : sd zero, 8(a1)             : MemWrite :  D=0x0000000000000000 A=0x71148
2406500: system.cpu: T0 : 0x14940    : c_mv a6, a1                : IntAlu :  D=0x0000000000071140
2407000: system.cpu: T0 : 0x14942    : c_beqz a5, 78              : IntAlu : 
2407500: system.cpu: T0 : 0x14990    : c_li a5, 1                 : IntAlu :  D=0x0000000000000001
2408500: system.cpu: T0 : 0x14992    : addi a0, a1, 16            : IntAlu :  D=0x0000000000071150
2409000: system.cpu: T0 : 0x14996    : c_sd a5, 8(a1)             : MemWrite :  D=0x0000000000000001 A=0x71148
2409500: system.cpu: T0 : 0x14998    : c_j -60                    : IntAlu : 
2410000: system.cpu: T0 : 0x1495c    : lui a4, 114                : IntAlu :  D=0x0000000000072000
2410500: system.cpu: T0 : 0x14960    : ld a5, -600(a4)            : MemRead :  D=0x0000000000000000 A=0x71da8
2411000: system.cpu: T0 : 0x14964    : c_ldsp ra, 24(sp)          : MemRead :  D=0x00000000000149fe A=0x7ffffffffffffdb8
2411500: system.cpu: T0 : 0x14966    : c_ldsp s0, 16(sp)          : MemRead :  D=0x0000000000072000 A=0x7ffffffffffffdb0
2412000: system.cpu: T0 : 0x14968    : c_li a3, 1                 : IntAlu :  D=0x0000000000000001
2412500: system.cpu: T0 : 0x1496a    : c_sd a3, 0(a0)             : MemWrite :  D=0x0000000000000001 A=0x71150
2413000: system.cpu: T0 : 0x1496c    : c_addi a5, 1               : IntAlu :  D=0x0000000000000001
2414000: system.cpu: T0 : 0x1496e    : sd a5, -600(a4)            : MemWrite :  D=0x0000000000000001 A=0x71da8
2414500: system.cpu: T0 : 0x14972    : c_ldsp s1, 8(sp)           : MemRead :  D=0x00000000000109ca A=0x7ffffffffffffda8
2415000: system.cpu: T0 : 0x14974    : c_addi16sp sp, 32          : IntAlu :  D=0x7ffffffffffffdc0
2415500: system.cpu: T0 : 0x14976    : c_jr ra                    : IntAlu : 
2416000: system.cpu: T0 : 0x149fe    : c_beqz a0, 70              : IntAlu : 
2416500: system.cpu: T0 : 0x14a00    : c_li a5, 4                 : IntAlu :  D=0x0000000000000004
2417000: system.cpu: T0 : 0x14a02    : c_sd a5, 0(a0)             : MemWrite :  D=0x0000000000000004 A=0x71150
2417500: system.cpu: T0 : 0x14a04    : c_sd s1, 8(a0)             : MemWrite :  D=0x00000000000109ca A=0x71158
2418500: system.cpu: T0 : 0x14a06    : sd s3, 16(a0)              : MemWrite :  D=0x0000000000000000 A=0x71160
2419500: system.cpu: T0 : 0x14a0a    : sd s2, 24(a0)              : MemWrite :  D=0x0000000000000000 A=0x71168
2420000: system.cpu: T0 : 0x14a0e    : c_li a5, 0                 : IntAlu :  D=0x0000000000000000
2420500: system.cpu: T0 : 0x14a10    : addi a4, s0, -608          : IntAlu :  D=0x0000000000071da0
2421000: system.cpu: T0 : 0x14a14    : fence iorw, ow             : No_OpClass : 
2421500: system.cpu: T0 : 0x14a18    : amoswap_w a5, a5, (a4)    
2421500: system.cpu: T0 : 0x14a18. 0 : amoswap_w[l] a5, a5, (a4)  : MemRead :  D=0x0000000000000001 A=0x71da0
2422000: system.cpu: T0 : 0x14a1c    : c_addiw a5, 0              : IntAlu :  D=0x0000000000000001
2422500: system.cpu: T0 : 0x14a1e    : c_li a3, 1                 : IntAlu :  D=0x0000000000000001
2423000: system.cpu: T0 : 0x14a20    : c_li a4, 0                 : IntAlu :  D=0x0000000000000000
2424000: system.cpu: T0 : 0x14a22    : blt a3, a5, 58             : IntAlu : 
2424500: system.cpu: T0 : 0x14a26    : c_ldsp ra, 56(sp)          : MemRead :  D=0x00000000000105ba A=0x7ffffffffffffdf8
2425000: system.cpu: T0 : 0x14a28    : c_ldsp s0, 48(sp)          : MemRead :  D=0x000000000001093a A=0x7ffffffffffffdf0
2425500: system.cpu: T0 : 0x14a2a    : c_ldsp s1, 40(sp)          : MemRead :  D=0x00000000000109ca A=0x7ffffffffffffde8
2426000: system.cpu: T0 : 0x14a2c    : c_ldsp s2, 32(sp)          : MemRead :  D=0x0000000000000000 A=0x7ffffffffffffde0
2426500: system.cpu: T0 : 0x14a2e    : c_ldsp s3, 24(sp)          : MemRead :  D=0x0000000000000000 A=0x7ffffffffffffdd8
2427000: system.cpu: T0 : 0x14a30    : c_mv a0, a4                : IntAlu :  D=0x0000000000000000
2427500: system.cpu: T0 : 0x14a32    : c_addi16sp sp, 64          : IntAlu :  D=0x7ffffffffffffe00
2428000: system.cpu: T0 : 0x14a34    : c_jr ra                    : IntAlu : 
2429000: system.cpu: T0 : 0x105ba    : lui a5, 111                : IntAlu :  D=0x000000000006f000
2430000: system.cpu: T0 : 0x105be    : lw a5, -72(a5)             : MemRead :  D=0x0000000000000000 A=0x6efb8
2431000: system.cpu: T0 : 0x105c2    : bne a5, zero, 238          : IntAlu : 
2431500: system.cpu: T0 : 0x105c6    : c_beqz s0, 12              : IntAlu : 
2432000: system.cpu: T0 : 0x105c8    : ld a2, -1360(gp)           : MemRead :  D=0x7fffffffffffff58 A=0x70ad8
2432500: system.cpu: T0 : 0x105cc    : c_ldsp a1, 16(sp)          : MemRead :  D=0x7fffffffffffff48 A=0x7ffffffffffffe10
2433000: system.cpu: T0 : 0x105ce    : c_ldsp a0, 8(sp)           : MemRead :  D=0x0000000000000001 A=0x7ffffffffffffe08
2433500: system.cpu: T0 : 0x105d0    : c_jalr s0                  : IntAlu :  D=0x00000000000105d2
2434000: system.cpu: T0 : 0x1093a    : c_addi16sp sp, -64         : IntAlu :  D=0x7ffffffffffffdc0
2434500: system.cpu: T0 : 0x1093c    : c_sdsp s0, 48(sp)          : MemWrite :  D=0x000000000001093a A=0x7ffffffffffffdf0
2435000: system.cpu: T0 : 0x1093e    : c_sdsp s5, 8(sp)           : MemWrite :  D=0x0000000000000000 A=0x7ffffffffffffdc8
2435500: system.cpu: T0 : 0x10940    : lui s0, 111                : IntAlu :  D=0x000000000006f000
2436000: system.cpu: T0 : 0x10944    : lui s5, 111                : IntAlu :  D=0x000000000006f000
2436500: system.cpu: T0 : 0x10948    : addi a5, s0, -1296         : IntAlu :  D=0x000000000006eaf0
2437000: system.cpu: T0 : 0x1094c    : addi s5, s5, -1288         : IntAlu :  D=0x000000000006eaf8
2437500: system.cpu: T0 : 0x10950    : sub s5, s5, a5             : IntAlu :  D=0x0000000000000008
2438000: system.cpu: T0 : 0x10954    : c_sdsp s2, 32(sp)          : MemWrite :  D=0x0000000000000000 A=0x7ffffffffffffde0
2438500: system.cpu: T0 : 0x10956    : c_sdsp s3, 24(sp)          : MemWrite :  D=0x0000000000000000 A=0x7ffffffffffffdd8
2439000: system.cpu: T0 : 0x10958    : c_sdsp s4, 16(sp)          : MemWrite :  D=0x0000000000000000 A=0x7ffffffffffffdd0
2439500: system.cpu: T0 : 0x1095a    : c_sdsp ra, 56(sp)          : MemWrite :  D=0x00000000000105d2 A=0x7ffffffffffffdf8
2440000: system.cpu: T0 : 0x1095c    : c_sdsp s1, 40(sp)          : MemWrite :  D=0x00000000000109ca A=0x7ffffffffffffde8
2441000: system.cpu: T0 : 0x1095e    : srai s5, s5, 3             : IntAlu :  D=0x0000000000000001
2441500: system.cpu: T0 : 0x10962    : c_mv s2, a0                : IntAlu :  D=0x0000000000000001
2442000: system.cpu: T0 : 0x10964    : c_mv s3, a1                : IntAlu :  D=0x7fffffffffffff48
2442500: system.cpu: T0 : 0x10966    : c_mv s4, a2                : IntAlu :  D=0x7fffffffffffff58
2443000: system.cpu: T0 : 0x10968    : beq s5, zero, 28           : IntAlu : 
2443500: system.cpu: T0 : 0x1096c    : addi s0, s0, -1296         : IntAlu :  D=0x000000000006eaf0
2444000: system.cpu: T0 : 0x10970    : c_li s1, 0                 : IntAlu :  D=0x0000000000000000
2444500: system.cpu: T0 : 0x10972    : c_ld a5, 0(s0)             : MemRead :  D=0x0000000000010376 A=0x6eaf0
2445000: system.cpu: T0 : 0x10974    : c_mv a2, s4                : IntAlu :  D=0x7fffffffffffff58
2445500: system.cpu: T0 : 0x10976    : c_mv a1, s3                : IntAlu :  D=0x7fffffffffffff48
2446000: system.cpu: T0 : 0x10978    : c_mv a0, s2                : IntAlu :  D=0x0000000000000001
2446500: system.cpu: T0 : 0x1097a    : c_addi s1, 1               : IntAlu :  D=0x0000000000000001
2447000: system.cpu: T0 : 0x1097c    : c_jalr a5                  : IntAlu :  D=0x000000000001097e
2448000: system.cpu: T0 : 0x10376    : auipc gp, 97               : IntAlu :  D=0x0000000000071376
2449000: system.cpu: T0 : 0x1037a    : addi gp, gp, -846          : IntAlu :  D=0x0000000000071028
2449500: system.cpu: T0 : 0x1037e    : c_jr ra                    : IntAlu : 
2450000: system.cpu: T0 : 0x1097e    : c_addi s0, 8               : IntAlu :  D=0x000000000006eaf8
2450500: system.cpu: T0 : 0x10980    : bne s5, s1, -14            : IntAlu : 
2451000: system.cpu: T0 : 0x10984    : lui s0, 111                : IntAlu :  D=0x000000000006f000
2451500: system.cpu: T0 : 0x10988    : lui s5, 111                : IntAlu :  D=0x000000000006f000
2452000: system.cpu: T0 : 0x1098c    : addi a5, s0, -1288         : IntAlu :  D=0x000000000006eaf8
2452500: system.cpu: T0 : 0x10990    : addi s5, s5, -1280         : IntAlu :  D=0x000000000006eb00
2453000: system.cpu: T0 : 0x10994    : sub s5, s5, a5             : IntAlu :  D=0x0000000000000008
2453500: system.cpu: T0 : 0x10998    : srai s5, s5, 3             : IntAlu :  D=0x0000000000000001
2454000: system.cpu: T0 : 0x1099c    : beq s5, zero, 28           : IntAlu : 
2454500: system.cpu: T0 : 0x109a0    : addi s0, s0, -1288         : IntAlu :  D=0x000000000006eaf8
2455000: system.cpu: T0 : 0x109a4    : c_li s1, 0                 : IntAlu :  D=0x0000000000000000
2455500: system.cpu: T0 : 0x109a6    : c_ld a5, 0(s0)             : MemRead :  D=0x000000000001040a A=0x6eaf8
2456000: system.cpu: T0 : 0x109a8    : c_mv a2, s4                : IntAlu :  D=0x7fffffffffffff58
2456500: system.cpu: T0 : 0x109aa    : c_mv a1, s3                : IntAlu :  D=0x7fffffffffffff48
2457000: system.cpu: T0 : 0x109ac    : c_mv a0, s2                : IntAlu :  D=0x0000000000000001
2457500: system.cpu: T0 : 0x109ae    : c_addi s1, 1               : IntAlu :  D=0x0000000000000001
2458000: system.cpu: T0 : 0x109b0    : c_jalr a5                  : IntAlu :  D=0x00000000000109b2
2459000: system.cpu: T0 : 0x1040a    : lui a5, 76                 : IntAlu :  D=0x000000000004c000
2460000: system.cpu: T0 : 0x1040e    : addi a5, a5, 1036          : IntAlu :  D=0x000000000004c40c
2460500: system.cpu: T0 : 0x10412    : c_beqz a5, 28              : IntAlu : 
2461000: system.cpu: T0 : 0x10414    : lui a0, 106                : IntAlu :  D=0x000000000006a000
2461500: system.cpu: T0 : 0x10418    : c_addi sp, -16             : IntAlu :  D=0x7ffffffffffffdb0
2462500: system.cpu: T0 : 0x1041a    : addi a1, gp, -1008         : IntAlu :  D=0x0000000000070c38
2463500: system.cpu: T0 : 0x1041e    : addi a0, a0, 288           : IntAlu :  D=0x000000000006a120
2464000: system.cpu: T0 : 0x10422    : c_sdsp ra, 8(sp)           : MemWrite :  D=0x00000000000109b2 A=0x7ffffffffffffdb8
2464500: system.cpu: T0 : 0x10424    : jal ra, 245736             : IntAlu :  D=0x0000000000010428
2465000: system.cpu: T0 : 0x4c40c    : c_beqz a0, 12              : IntAlu : 
2465500: system.cpu: T0 : 0x4c40e    : c_lw a5, 0(a0)             : MemRead :  D=0x000000000000001c A=0x6a120
2466000: system.cpu: T0 : 0x4c410    : c_beqz a5, 8               : IntAlu : 
2466500: system.cpu: T0 : 0x4c412    : c_li a3, 0                 : IntAlu :  D=0x0000000000000000
2467000: system.cpu: T0 : 0x4c414    : c_li a2, 0                 : IntAlu :  D=0x0000000000000000
2467500: system.cpu: T0 : 0x4c416    : c_j -144                   : IntAlu : 
2468000: system.cpu: T0 : 0x4c386    : c_li a5, -1                : IntAlu :  D=0xffffffffffffffff
2468500: system.cpu: T0 : 0x4c388    : c_addi sp, -32             : IntAlu :  D=0x7ffffffffffffd90
2469000: system.cpu: T0 : 0x4c38a    : c_sd a5, 0(a1)             : MemWrite :  D=0xffffffffffffffff A=0x70c38
2469500: system.cpu: T0 : 0x4c38c    : addi a5, zero, 2040        : IntAlu :  D=0x00000000000007f8
2470000: system.cpu: T0 : 0x4c390    : c_sdsp s0, 16(sp)          : MemWrite :  D=0x000000000006eaf8 A=0x7ffffffffffffda0
2470500: system.cpu: T0 : 0x4c392    : c_sdsp s1, 8(sp)           : MemWrite :  D=0x0000000000000001 A=0x7ffffffffffffd98
2471000: system.cpu: T0 : 0x4c394    : c_sdsp ra, 24(sp)          : MemWrite :  D=0x0000000000010428 A=0x7ffffffffffffda8
2471500: system.cpu: T0 : 0x4c396    : c_sd a2, 8(a1)             : MemWrite :  D=0x0000000000000000 A=0x70c40
2472000: system.cpu: T0 : 0x4c398    : c_sd a3, 16(a1)            : MemWrite :  D=0x0000000000000000 A=0x70c48
2472500: system.cpu: T0 : 0x4c39a    : c_sd a0, 24(a1)            : MemWrite :  D=0x000000000006a120 A=0x70c50
2473000: system.cpu: T0 : 0x4c39c    : c_sd a5, 32(a1)            : MemWrite :  D=0x00000000000007f8 A=0x70c58
2474000: system.cpu: T0 : 0x4c39e    : auipc s1, 36               : IntAlu :  D=0x000000000007039e
2475000: system.cpu: T0 : 0x4c3a2    : ld s1, 1130(s1)            : MemRead :  D=0x0000000000000000 A=0x70808
2475500: system.cpu: T0 : 0x4c3a6    : c_mv s0, a1                : IntAlu :  D=0x0000000000070c38
2476000: system.cpu: T0 : 0x4c3a8    : c_beqz s1, 20              : IntAlu : 
2476500: system.cpu: T0 : 0x4c3bc    : addi a5, gp, 1880          : IntAlu :  D=0x0000000000071780
2477000: system.cpu: T0 : 0x4c3c0    : ld a3, 448(a5)             : MemRead :  D=0x0000000000000000 A=0x71940
2477500: system.cpu: T0 : 0x4c3c4    : lw a4, 456(a5)             : MemRead :  D=0x0000000000000000 A=0x71948
2478000: system.cpu: T0 : 0x4c3c8    : sd s0, 448(a5)             : MemWrite :  D=0x0000000000070c38 A=0x71940
2478500: system.cpu: T0 : 0x4c3cc    : c_sd a3, 40(s0)            : MemWrite :  D=0x0000000000000000 A=0x70c60
2479000: system.cpu: T0 : 0x4c3ce    : c_beqz a4, 30              : IntAlu : 
2479500: system.cpu: T0 : 0x4c3ec    : c_li a4, 1                 : IntAlu :  D=0x0000000000000001
2480500: system.cpu: T0 : 0x4c3ee    : addi a5, a5, 456           : IntAlu :  D=0x0000000000071948
2481500: system.cpu: T0 : 0x4c3f2    : amoswap_w zero, a4, (a5)  
2481500: system.cpu: T0 : 0x4c3f2. 0 : amoswap_w[l] zero, a4, (a5) : MemRead :  D=0x0000000000000000 A=0x71948
2482000: system.cpu: T0 : 0x4c3f6    : c_bnez s1, -36             : IntAlu : 
2482500: system.cpu: T0 : 0x4c3f8    : c_ldsp ra, 24(sp)          : MemRead :  D=0x0000000000010428 A=0x7ffffffffffffda8
2483000: system.cpu: T0 : 0x4c3fa    : c_ldsp s0, 16(sp)          : MemRead :  D=0x000000000006eaf8 A=0x7ffffffffffffda0
2483500: system.cpu: T0 : 0x4c3fc    : c_ldsp s1, 8(sp)           : MemRead :  D=0x0000000000000001 A=0x7ffffffffffffd98
2484000: system.cpu: T0 : 0x4c3fe    : c_addi16sp sp, 32          : IntAlu :  D=0x7ffffffffffffdb0
2484500: system.cpu: T0 : 0x4c400    : c_jr ra                    : IntAlu : 
2485000: system.cpu: T0 : 0x10428    : c_ldsp ra, 8(sp)           : MemRead :  D=0x00000000000109b2 A=0x7ffffffffffffdb8
2485500: system.cpu: T0 : 0x1042a    : c_addi sp, 16              : IntAlu :  D=0x7ffffffffffffdc0
2486000: system.cpu: T0 : 0x1042c    : c_j -134                   : IntAlu : 
2487000: system.cpu: T0 : 0x103a6    : lui a0, 112                : IntAlu :  D=0x0000000000070000
2488000: system.cpu: T0 : 0x103aa    : addi a1, a0, 2032          : IntAlu :  D=0x00000000000707f0
2489000: system.cpu: T0 : 0x103ae    : lui a5, 112                : IntAlu :  D=0x0000000000070000
2490000: system.cpu: T0 : 0x103b2    : addi a5, a5, 2032          : IntAlu :  D=0x00000000000707f0
2490500: system.cpu: T0 : 0x103b6    : c_sub a5, a1               : IntAlu :  D=0x0000000000000000
2491000: system.cpu: T0 : 0x103b8    : srai a4, a5, 3             : IntAlu :  D=0x0000000000000000
2491500: system.cpu: T0 : 0x103bc    : srli a1, a5, 63            : IntAlu :  D=0x0000000000000000
2492000: system.cpu: T0 : 0x103c0    : c_add a1, a4               : IntAlu :  D=0x0000000000000000
2492500: system.cpu: T0 : 0x103c2    : c_srai a1, 1               : IntAlu :  D=0x0000000000000000
2493000: system.cpu: T0 : 0x103c4    : c_beqz a1, 16              : IntAlu : 
2493500: system.cpu: T0 : 0x103d4    : c_jr ra                    : IntAlu : 
2494000: system.cpu: T0 : 0x109b2    : c_addi s0, 8               : IntAlu :  D=0x000000000006eb00
2494500: system.cpu: T0 : 0x109b4    : bne s5, s1, -14            : IntAlu : 
2495000: system.cpu: T0 : 0x109b8    : c_ldsp ra, 56(sp)          : MemRead :  D=0x00000000000105d2 A=0x7ffffffffffffdf8
2495500: system.cpu: T0 : 0x109ba    : c_ldsp s0, 48(sp)          : MemRead :  D=0x000000000001093a A=0x7ffffffffffffdf0
2496000: system.cpu: T0 : 0x109bc    : c_ldsp s1, 40(sp)          : MemRead :  D=0x00000000000109ca A=0x7ffffffffffffde8
2496500: system.cpu: T0 : 0x109be    : c_ldsp s2, 32(sp)          : MemRead :  D=0x0000000000000000 A=0x7ffffffffffffde0
2497000: system.cpu: T0 : 0x109c0    : c_ldsp s3, 24(sp)          : MemRead :  D=0x0000000000000000 A=0x7ffffffffffffdd8
2497500: system.cpu: T0 : 0x109c2    : c_ldsp s4, 16(sp)          : MemRead :  D=0x0000000000000000 A=0x7ffffffffffffdd0
2498000: system.cpu: T0 : 0x109c4    : c_ldsp s5, 8(sp)           : MemRead :  D=0x0000000000000000 A=0x7ffffffffffffdc8
2498500: system.cpu: T0 : 0x109c6    : c_addi16sp sp, 64          : IntAlu :  D=0x7ffffffffffffe00
2499000: system.cpu: T0 : 0x109c8    : c_jr ra                    : IntAlu : 
2499500: system.cpu: T0 : 0x105d2    : c_li a1, 0                 : IntAlu :  D=0x0000000000000000
2500000: system.cpu: T0 : 0x105d4    : c_li a0, 0                 : IntAlu :  D=0x0000000000000000
2501000: system.cpu: T0 : 0x105d6    : jal ra, 71440              : IntAlu :  D=0x00000000000105da
2501500: system.cpu: T0 : 0x21ce6    : c_mv a4, a0                : IntAlu :  D=0x0000000000000000
2502000: system.cpu: T0 : 0x21ce8    : c_beqz a1, 70              : IntAlu : 
2503000: system.cpu: T0 : 0x21d2e    : lui a5, 114                : IntAlu :  D=0x0000000000072000
2504000: system.cpu: T0 : 0x21d32    : addi a0, a5, -592          : IntAlu :  D=0x0000000000071db0
2504500: system.cpu: T0 : 0x21d36    : c_ld a5, 8(a0)             : MemRead :  D=0x0000000000000000 A=0x71db8
2505000: system.cpu: T0 : 0x21d38    : c_bnez a5, -52             : IntAlu : 
2505500: system.cpu: T0 : 0x21d3a    : c_li a5, 1                 : IntAlu :  D=0x0000000000000001
2506000: system.cpu: T0 : 0x21d3c    : c_sw a5, 0(a0)             : MemWrite :  D=0x0000000000000001 A=0x71db0
2506500: system.cpu: T0 : 0x21d3e    : c_bnez a4, -52             : IntAlu : 
2507000: system.cpu: T0 : 0x21d40    : lui a5, 114                : IntAlu :  D=0x0000000000072000
2507500: system.cpu: T0 : 0x21d44    : ld a4, -560(a5)            : MemRead :  D=0x0000000000000000 A=0x71dd0
2508000: system.cpu: T0 : 0x21d48    : c_j -62                    : IntAlu : 
2509000: system.cpu: T0 : 0x21d0a    : slli a5, a1, 3             : IntAlu :  D=0x0000000000000000
2509500: system.cpu: T0 : 0x21d0e    : c_add a5, a1               : IntAlu :  D=0x0000000000000000
2510000: system.cpu: T0 : 0x21d10    : lui a1, 112                : IntAlu :  D=0x0000000000070000
2510500: system.cpu: T0 : 0x21d14    : c_slli a5, 4               : IntAlu :  D=0x0000000000000000
2511500: system.cpu: T0 : 0x21d16    : addi a1, a1, 816           : IntAlu :  D=0x0000000000070330
2512000: system.cpu: T0 : 0x21d1a    : c_add a1, a5               : IntAlu :  D=0x0000000000070330
2512500: system.cpu: T0 : 0x21d1c    : c_ld a5, 0(a1)             : MemRead :  D=0x000000000006fe60 A=0x70330
2513000: system.cpu: T0 : 0x21d1e    : c_sd a4, 32(a0)            : MemWrite :  D=0x0000000000000000 A=0x71dd0
2513500: system.cpu: T0 : 0x21d20    : c_sd a5, 8(a0)             : MemWrite :  D=0x000000000006fe60 A=0x71db8
2514500: system.cpu: T0 : 0x21d22    : lui a5, 34                 : IntAlu :  D=0x0000000000022000
2515500: system.cpu: T0 : 0x21d26    : addi a5, a5, -796          : IntAlu :  D=0x0000000000021ce4
2516000: system.cpu: T0 : 0x21d2a    : c_sd a5, 16(a0)            : MemWrite :  D=0x0000000000021ce4 A=0x71dc0
2516500: system.cpu: T0 : 0x21d2c    : c_jr ra                    : IntAlu : 
2517000: system.cpu: T0 : 0x105da    : c_addi4spn a0, sp, 40      : IntAlu :  D=0x7ffffffffffffe28
2517500: system.cpu: T0 : 0x105dc    : jal ra, 14940              : IntAlu :  D=0x00000000000105e0
2518000: system.cpu: T0 : 0x14038    : c_li a1, 0                 : IntAlu :  D=0x0000000000000000
2518500: system.cpu: T0 : 0x1403a    : c_j 6                      : IntAlu : 
2519000: system.cpu: T0 : 0x14040    : sd ra, 0(a0)               : MemWrite :  D=0x00000000000105e0 A=0x7ffffffffffffe28
2519500: system.cpu: T0 : 0x14044    : c_sd s0, 8(a0)             : MemWrite :  D=0x000000000001093a A=0x7ffffffffffffe30
2520000: system.cpu: T0 : 0x14046    : c_sd s1, 16(a0)            : MemWrite :  D=0x00000000000109ca A=0x7ffffffffffffe38
2520500: system.cpu: T0 : 0x14048    : sd s2, 24(a0)              : MemWrite :  D=0x0000000000000000 A=0x7ffffffffffffe40
2521000: system.cpu: T0 : 0x1404c    : sd s3, 32(a0)              : MemWrite :  D=0x0000000000000000 A=0x7ffffffffffffe48
2521500: system.cpu: T0 : 0x14050    : sd s4, 40(a0)              : MemWrite :  D=0x0000000000000000 A=0x7ffffffffffffe50
2522000: system.cpu: T0 : 0x14054    : sd s5, 48(a0)              : MemWrite :  D=0x0000000000000000 A=0x7ffffffffffffe58
2522500: system.cpu: T0 : 0x14058    : sd s6, 56(a0)              : MemWrite :  D=0x0000000000000000 A=0x7ffffffffffffe60
2523000: system.cpu: T0 : 0x1405c    : sd s7, 64(a0)              : MemWrite :  D=0x0000000000000000 A=0x7ffffffffffffe68
2523500: system.cpu: T0 : 0x14060    : sd s8, 72(a0)              : MemWrite :  D=0x0000000000000000 A=0x7ffffffffffffe70
2524000: system.cpu: T0 : 0x14064    : sd s9, 80(a0)              : MemWrite :  D=0x0000000000000000 A=0x7ffffffffffffe78
2524500: system.cpu: T0 : 0x14068    : sd s10, 88(a0)             : MemWrite :  D=0x0000000000000000 A=0x7ffffffffffffe80
2525000: system.cpu: T0 : 0x1406c    : sd s11, 96(a0)             : MemWrite :  D=0x0000000000000000 A=0x7ffffffffffffe88
2525500: system.cpu: T0 : 0x14070    : sd sp, 104(a0)             : MemWrite :  D=0x7ffffffffffffe00 A=0x7ffffffffffffe90
2526000: system.cpu: T0 : 0x14074    : c_fsd fs0, 112(a0)         : FloatMemWrite :  D=0x0000000000000000 A=0x7ffffffffffffe98
2526500: system.cpu: T0 : 0x14076    : c_fsd fs1, 120(a0)         : FloatMemWrite :  D=0x0000000000000000 A=0x7ffffffffffffea0
2527000: system.cpu: T0 : 0x14078    : fsd fs2, 128(a0)           : FloatMemWrite :  D=0x0000000000000000 A=0x7ffffffffffffea8
2527500: system.cpu: T0 : 0x1407c    : fsd fs3, 136(a0)           : FloatMemWrite :  D=0x0000000000000000 A=0x7ffffffffffffeb0
2528000: system.cpu: T0 : 0x14080    : fsd fs4, 144(a0)           : FloatMemWrite :  D=0x0000000000000000 A=0x7ffffffffffffeb8
2528500: system.cpu: T0 : 0x14084    : fsd fs5, 152(a0)           : FloatMemWrite :  D=0x0000000000000000 A=0x7ffffffffffffec0
2529000: system.cpu: T0 : 0x14088    : fsd fs6, 160(a0)           : FloatMemWrite :  D=0x0000000000000000 A=0x7ffffffffffffec8
2529500: system.cpu: T0 : 0x1408c    : fsd fs7, 168(a0)           : FloatMemWrite :  D=0x0000000000000000 A=0x7ffffffffffffed0
2530000: system.cpu: T0 : 0x14090    : fsd fs8, 176(a0)           : FloatMemWrite :  D=0x0000000000000000 A=0x7ffffffffffffed8
2530500: system.cpu: T0 : 0x14094    : fsd fs9, 184(a0)           : FloatMemWrite :  D=0x0000000000000000 A=0x7ffffffffffffee0
2531000: system.cpu: T0 : 0x14098    : fsd fs10, 192(a0)          : FloatMemWrite :  D=0x0000000000000000 A=0x7ffffffffffffee8
2531500: system.cpu: T0 : 0x1409c    : fsd fs11, 200(a0)          : FloatMemWrite :  D=0x0000000000000000 A=0x7ffffffffffffef0
2532000: system.cpu: T0 : 0x140a0    : jal zero, 4                : IntAlu :  D=0x00000000000140a4
2532500: system.cpu: T0 : 0x140a4    : c_addi sp, -16             : IntAlu :  D=0x7ffffffffffffdf0
2533000: system.cpu: T0 : 0x140a6    : c_sdsp s0, 0(sp)           : MemWrite :  D=0x000000000001093a A=0x7ffffffffffffdf0
2533500: system.cpu: T0 : 0x140a8    : c_sdsp ra, 8(sp)           : MemWrite :  D=0x00000000000105e0 A=0x7ffffffffffffdf8
2534000: system.cpu: T0 : 0x140aa    : c_mv s0, a0                : IntAlu :  D=0x7ffffffffffffe28
2534500: system.cpu: T0 : 0x140ac    : c_bnez a1, 16              : IntAlu : 
2535000: system.cpu: T0 : 0x140ae    : c_ldsp ra, 8(sp)           : MemRead :  D=0x00000000000105e0 A=0x7ffffffffffffdf8
2535500: system.cpu: T0 : 0x140b0    : sw a1, 208(s0)             : MemWrite :  D=0x0000000000000000 A=0x7ffffffffffffef8
2536000: system.cpu: T0 : 0x140b4    : c_ldsp s0, 0(sp)           : MemRead :  D=0x000000000001093a A=0x7ffffffffffffdf0
2536500: system.cpu: T0 : 0x140b6    : c_li a0, 0                 : IntAlu :  D=0x0000000000000000
2537000: system.cpu: T0 : 0x140b8    : c_addi sp, 16              : IntAlu :  D=0x7ffffffffffffe00
2537500: system.cpu: T0 : 0x140ba    : c_jr ra                    : IntAlu : 
2538000: system.cpu: T0 : 0x105e0    : c_bnez a0, 166             : IntAlu : 
2539000: system.cpu: T0 : 0x105e2    : ld a3, -1552(tp)           : MemRead :  D=0x0000000000000000 A=0x72100
2540000: system.cpu: T0 : 0x105e6    : ld a4, -1560(tp)           : MemRead :  D=0x0000000000000000 A=0x720f8
2541000: system.cpu: T0 : 0x105ea    : ld a2, -1360(gp)           : MemRead :  D=0x7fffffffffffff58 A=0x70ad8
2541500: system.cpu: T0 : 0x105ee    : c_ldsp a1, 16(sp)          : MemRead :  D=0x7fffffffffffff48 A=0x7ffffffffffffe10
2542000: system.cpu: T0 : 0x105f0    : c_ldsp a0, 8(sp)           : MemRead :  D=0x0000000000000001 A=0x7ffffffffffffe08
2542500: system.cpu: T0 : 0x105f2    : c_ldsp a5, 24(sp)          : MemRead :  D=0x0000000000010430 A=0x7ffffffffffffe18
2543000: system.cpu: T0 : 0x105f4    : c_sdsp a4, 264(sp)         : MemWrite :  D=0x0000000000000000 A=0x7fffffffffffff08
2543500: system.cpu: T0 : 0x105f6    : c_sdsp a3, 256(sp)         : MemWrite :  D=0x0000000000000000 A=0x7fffffffffffff00
2544000: system.cpu: T0 : 0x105f8    : c_addi4spn a4, sp, 40      : IntAlu :  D=0x7ffffffffffffe28
2545000: system.cpu: T0 : 0x105fa    : sd a4, -1552(tp)           : MemWrite :  D=0x7ffffffffffffe28 A=0x72100
2545500: system.cpu: T0 : 0x105fe    : c_jalr a5                  : IntAlu :  D=0x0000000000010600
2546000: system.cpu: T0 : 0x10430    : c_addi sp, -32             : IntAlu :  D=0x7ffffffffffffde0
2546500: system.cpu: T0 : 0x10432    : c_sdsp s0, 24(sp)          : MemWrite :  D=0x000000000001093a A=0x7ffffffffffffdf8
2547000: system.cpu: T0 : 0x10434    : c_addi4spn s0, sp, 32      : IntAlu :  D=0x7ffffffffffffe00
2547500: system.cpu: T0 : 0x10436    : c_li a5, 5                 : IntAlu :  D=0x0000000000000005
2548000: system.cpu: T0 : 0x10438    : sw a5, -24(s0)             : MemWrite :  D=0x0000000000000005 A=0x7ffffffffffffde8
2548500: system.cpu: T0 : 0x1043c    : sw zero, -20(s0)           : MemWrite :  D=0x0000000000000000 A=0x7ffffffffffffdec
2549000: system.cpu: T0 : 0x10440    : c_j 22                     : IntAlu : 
2550000: system.cpu: T0 : 0x10456    : lw a5, -20(s0)             : MemRead :  D=0x0000000000000000 A=0x7ffffffffffffdec
2551000: system.cpu: T0 : 0x1045a    : addiw a4, a5, 0            : IntAlu :  D=0x0000000000000000
2551500: system.cpu: T0 : 0x1045e    : c_li a5, 4                 : IntAlu :  D=0x0000000000000004
2552000: system.cpu: T0 : 0x10460    : bge a5, a4, -30            : IntAlu : 
2553000: system.cpu: T0 : 0x10442    : lw a5, -24(s0)             : MemRead :  D=0x0000000000000005 A=0x7ffffffffffffde8
2553500: system.cpu: T0 : 0x10446    : c_addiw a5, 1              : IntAlu :  D=0x0000000000000006
2554000: system.cpu: T0 : 0x10448    : sw a5, -24(s0)             : MemWrite :  D=0x0000000000000006 A=0x7ffffffffffffde8
2554500: system.cpu: T0 : 0x1044c    : lw a5, -20(s0)             : MemRead :  D=0x0000000000000000 A=0x7ffffffffffffdec
2555000: system.cpu: T0 : 0x10450    : c_addiw a5, 1              : IntAlu :  D=0x0000000000000001
2556000: system.cpu: T0 : 0x10452    : sw a5, -20(s0)             : MemWrite :  D=0x0000000000000001 A=0x7ffffffffffffdec
2557000: system.cpu: T0 : 0x10456    : lw a5, -20(s0)             : MemRead :  D=0x0000000000000001 A=0x7ffffffffffffdec
2558000: system.cpu: T0 : 0x1045a    : addiw a4, a5, 0            : IntAlu :  D=0x0000000000000001
2558500: system.cpu: T0 : 0x1045e    : c_li a5, 4                 : IntAlu :  D=0x0000000000000004
2559000: system.cpu: T0 : 0x10460    : bge a5, a4, -30            : IntAlu : 
2560000: system.cpu: T0 : 0x10442    : lw a5, -24(s0)             : MemRead :  D=0x0000000000000006 A=0x7ffffffffffffde8
2560500: system.cpu: T0 : 0x10446    : c_addiw a5, 1              : IntAlu :  D=0x0000000000000007
2561000: system.cpu: T0 : 0x10448    : sw a5, -24(s0)             : MemWrite :  D=0x0000000000000007 A=0x7ffffffffffffde8
2561500: system.cpu: T0 : 0x1044c    : lw a5, -20(s0)             : MemRead :  D=0x0000000000000001 A=0x7ffffffffffffdec
2562000: system.cpu: T0 : 0x10450    : c_addiw a5, 1              : IntAlu :  D=0x0000000000000002
2563000: system.cpu: T0 : 0x10452    : sw a5, -20(s0)             : MemWrite :  D=0x0000000000000002 A=0x7ffffffffffffdec
2564000: system.cpu: T0 : 0x10456    : lw a5, -20(s0)             : MemRead :  D=0x0000000000000002 A=0x7ffffffffffffdec
2565000: system.cpu: T0 : 0x1045a    : addiw a4, a5, 0            : IntAlu :  D=0x0000000000000002
2565500: system.cpu: T0 : 0x1045e    : c_li a5, 4                 : IntAlu :  D=0x0000000000000004
2566000: system.cpu: T0 : 0x10460    : bge a5, a4, -30            : IntAlu : 
2567000: system.cpu: T0 : 0x10442    : lw a5, -24(s0)             : MemRead :  D=0x0000000000000007 A=0x7ffffffffffffde8
2567500: system.cpu: T0 : 0x10446    : c_addiw a5, 1              : IntAlu :  D=0x0000000000000008
2568000: system.cpu: T0 : 0x10448    : sw a5, -24(s0)             : MemWrite :  D=0x0000000000000008 A=0x7ffffffffffffde8
2568500: system.cpu: T0 : 0x1044c    : lw a5, -20(s0)             : MemRead :  D=0x0000000000000002 A=0x7ffffffffffffdec
2569000: system.cpu: T0 : 0x10450    : c_addiw a5, 1              : IntAlu :  D=0x0000000000000003
2570000: system.cpu: T0 : 0x10452    : sw a5, -20(s0)             : MemWrite :  D=0x0000000000000003 A=0x7ffffffffffffdec
2571000: system.cpu: T0 : 0x10456    : lw a5, -20(s0)             : MemRead :  D=0x0000000000000003 A=0x7ffffffffffffdec
2572000: system.cpu: T0 : 0x1045a    : addiw a4, a5, 0            : IntAlu :  D=0x0000000000000003
2572500: system.cpu: T0 : 0x1045e    : c_li a5, 4                 : IntAlu :  D=0x0000000000000004
2573000: system.cpu: T0 : 0x10460    : bge a5, a4, -30            : IntAlu : 
2574000: system.cpu: T0 : 0x10442    : lw a5, -24(s0)             : MemRead :  D=0x0000000000000008 A=0x7ffffffffffffde8
2574500: system.cpu: T0 : 0x10446    : c_addiw a5, 1              : IntAlu :  D=0x0000000000000009
2575000: system.cpu: T0 : 0x10448    : sw a5, -24(s0)             : MemWrite :  D=0x0000000000000009 A=0x7ffffffffffffde8
2575500: system.cpu: T0 : 0x1044c    : lw a5, -20(s0)             : MemRead :  D=0x0000000000000003 A=0x7ffffffffffffdec
2576000: system.cpu: T0 : 0x10450    : c_addiw a5, 1              : IntAlu :  D=0x0000000000000004
2577000: system.cpu: T0 : 0x10452    : sw a5, -20(s0)             : MemWrite :  D=0x0000000000000004 A=0x7ffffffffffffdec
2578000: system.cpu: T0 : 0x10456    : lw a5, -20(s0)             : MemRead :  D=0x0000000000000004 A=0x7ffffffffffffdec
2579000: system.cpu: T0 : 0x1045a    : addiw a4, a5, 0            : IntAlu :  D=0x0000000000000004
2579500: system.cpu: T0 : 0x1045e    : c_li a5, 4                 : IntAlu :  D=0x0000000000000004
2580000: system.cpu: T0 : 0x10460    : bge a5, a4, -30            : IntAlu : 
2581000: system.cpu: T0 : 0x10442    : lw a5, -24(s0)             : MemRead :  D=0x0000000000000009 A=0x7ffffffffffffde8
2581500: system.cpu: T0 : 0x10446    : c_addiw a5, 1              : IntAlu :  D=0x000000000000000a
2582000: system.cpu: T0 : 0x10448    : sw a5, -24(s0)             : MemWrite :  D=0x000000000000000a A=0x7ffffffffffffde8
2582500: system.cpu: T0 : 0x1044c    : lw a5, -20(s0)             : MemRead :  D=0x0000000000000004 A=0x7ffffffffffffdec
2583000: system.cpu: T0 : 0x10450    : c_addiw a5, 1              : IntAlu :  D=0x0000000000000005
2584000: system.cpu: T0 : 0x10452    : sw a5, -20(s0)             : MemWrite :  D=0x0000000000000005 A=0x7ffffffffffffdec
2585000: system.cpu: T0 : 0x10456    : lw a5, -20(s0)             : MemRead :  D=0x0000000000000005 A=0x7ffffffffffffdec
2586000: system.cpu: T0 : 0x1045a    : addiw a4, a5, 0            : IntAlu :  D=0x0000000000000005
2586500: system.cpu: T0 : 0x1045e    : c_li a5, 4                 : IntAlu :  D=0x0000000000000004
2587000: system.cpu: T0 : 0x10460    : bge a5, a4, -30            : IntAlu : 
2587500: system.cpu: T0 : 0x10464    : c_li a5, 0                 : IntAlu :  D=0x0000000000000000
2588000: system.cpu: T0 : 0x10466    : c_mv a0, a5                : IntAlu :  D=0x0000000000000000
2588500: system.cpu: T0 : 0x10468    : c_ldsp s0, 24(sp)          : MemRead :  D=0x000000000001093a A=0x7ffffffffffffdf8
2589000: system.cpu: T0 : 0x1046a    : c_addi16sp sp, 32          : IntAlu :  D=0x7ffffffffffffe00
2589500: system.cpu: T0 : 0x1046c    : c_jr ra                    : IntAlu : 
2590000: system.cpu: T0 : 0x10600    : jal ra, 17144              : IntAlu :  D=0x0000000000010604
2590500: system.cpu: T0 : 0x148f8    : c_addi sp, -16             : IntAlu :  D=0x7ffffffffffffdf0
2591000: system.cpu: T0 : 0x148fa    : c_li a3, 1                 : IntAlu :  D=0x0000000000000001
2591500: system.cpu: T0 : 0x148fc    : c_li a2, 1                 : IntAlu :  D=0x0000000000000001
2592500: system.cpu: T0 : 0x148fe    : addi a1, gp, -1936         : IntAlu :  D=0x0000000000070898
2593000: system.cpu: T0 : 0x14902    : c_sdsp ra, 8(sp)           : MemWrite :  D=0x0000000000010604 A=0x7ffffffffffffdf8
2593500: system.cpu: T0 : 0x14904    : jal ra, -468               : IntAlu :  D=0x0000000000014908
2594000: system.cpu: T0 : 0x14730    : c_addi16sp sp, -128        : IntAlu :  D=0x7ffffffffffffd70
2594500: system.cpu: T0 : 0x14732    : c_sdsp s6, 64(sp)          : MemWrite :  D=0x0000000000000000 A=0x7ffffffffffffdb0
2595000: system.cpu: T0 : 0x14734    : c_sdsp s7, 56(sp)          : MemWrite :  D=0x0000000000000000 A=0x7ffffffffffffda8
2595500: system.cpu: T0 : 0x14736    : c_sdsp ra, 120(sp)         : MemWrite :  D=0x0000000000014908 A=0x7ffffffffffffde8
2596000: system.cpu: T0 : 0x14738    : c_sdsp s0, 112(sp)         : MemWrite :  D=0x000000000001093a A=0x7ffffffffffffde0
2596500: system.cpu: T0 : 0x1473a    : c_sdsp s1, 104(sp)         : MemWrite :  D=0x00000000000109ca A=0x7ffffffffffffdd8
2597000: system.cpu: T0 : 0x1473c    : c_sdsp s2, 96(sp)          : MemWrite :  D=0x0000000000000000 A=0x7ffffffffffffdd0
2597500: system.cpu: T0 : 0x1473e    : c_sdsp s3, 88(sp)          : MemWrite :  D=0x0000000000000000 A=0x7ffffffffffffdc8
2598000: system.cpu: T0 : 0x14740    : c_sdsp s4, 80(sp)          : MemWrite :  D=0x0000000000000000 A=0x7ffffffffffffdc0
2598500: system.cpu: T0 : 0x14742    : c_sdsp s5, 72(sp)          : MemWrite :  D=0x0000000000000000 A=0x7ffffffffffffdb8
2599000: system.cpu: T0 : 0x14744    : c_sdsp s8, 48(sp)          : MemWrite :  D=0x0000000000000000 A=0x7ffffffffffffda0
2599500: system.cpu: T0 : 0x14746    : c_sdsp s9, 40(sp)          : MemWrite :  D=0x0000000000000000 A=0x7ffffffffffffd98
2600000: system.cpu: T0 : 0x14748    : c_sdsp s10, 32(sp)         : MemWrite :  D=0x0000000000000000 A=0x7ffffffffffffd90
2600500: system.cpu: T0 : 0x1474a    : c_sdsp s11, 24(sp)         : MemWrite :  D=0x0000000000000000 A=0x7ffffffffffffd88
2601000: system.cpu: T0 : 0x1474c    : addi a5, zero, 0           : IntAlu :  D=0x0000000000000000
2601500: system.cpu: T0 : 0x14750    : c_sdsp a2, 8(sp)           : MemWrite :  D=0x0000000000000001 A=0x7ffffffffffffd78
2602000: system.cpu: T0 : 0x14752    : c_mv s6, a0                : IntAlu :  D=0x0000000000000000
2602500: system.cpu: T0 : 0x14754    : c_mv s7, a1                : IntAlu :  D=0x0000000000070898
2603000: system.cpu: T0 : 0x14756    : c_beqz a5, 6               : IntAlu : 
2603500: system.cpu: T0 : 0x1475c    : lui s9, 114                : IntAlu :  D=0x0000000000072000
2604000: system.cpu: T0 : 0x14760    : lui s11, 114               : IntAlu :  D=0x0000000000072000
2604500: system.cpu: T0 : 0x14764    : c_li s4, 0                 : IntAlu :  D=0x0000000000000000
2605000: system.cpu: T0 : 0x14766    : c_li s3, 1                 : IntAlu :  D=0x0000000000000001
2605500: system.cpu: T0 : 0x14768    : c_li a4, 1                 : IntAlu :  D=0x0000000000000001
2606500: system.cpu: T0 : 0x1476a    : addi a3, s9, -608          : IntAlu :  D=0x0000000000071da0
2607500: system.cpu: T0 : 0x1476e    : lr_w a5, (a3)             
2607500: system.cpu: T0 : 0x1476e. 0 : lr_w a5, (a3)              : MemRead :  D=0x0000000000000000 A=0x71da0
2608000: system.cpu: T0 : 0x14772    : c_bnez a5, 8               : IntAlu : 
2608500: system.cpu: T0 : 0x14774    : sc_w_aq a2, a4, (a3)      
2608500: system.cpu: T0 : 0x14774. 0 : sc_w a2, a4, (a3)          : MemWrite :  D=0x0000000000000000 A=0x71da0
2609000: system.cpu: T0 : 0x14774. 1 : 0x1ce6a62f fence           : No_OpClass : 
2609500: system.cpu: T0 : 0x14778    : c_bnez a2, -10             : IntAlu : 
2610000: system.cpu: T0 : 0x1477a    : c_addiw a5, 0              : IntAlu :  D=0x0000000000000000
2610500: system.cpu: T0 : 0x1477c    : bne a5, zero, 338          : IntAlu : 
2611000: system.cpu: T0 : 0x14780    : ld s10, 0(s7)              : MemRead :  D=0x0000000000071140 A=0x70898
2611500: system.cpu: T0 : 0x14784    : beq s10, zero, 152         : IntAlu : 
2612000: system.cpu: T0 : 0x14788    : c_li s5, 3                 : IntAlu :  D=0x0000000000000003
2612500: system.cpu: T0 : 0x1478a    : c_li s2, 4                 : IntAlu :  D=0x0000000000000004
2613000: system.cpu: T0 : 0x1478c    : c_li s1, 2                 : IntAlu :  D=0x0000000000000002
2613500: system.cpu: T0 : 0x1478e    : c_li s0, 1                 : IntAlu :  D=0x0000000000000001
2614000: system.cpu: T0 : 0x14790    : c_j 34                     : IntAlu : 
2615000: system.cpu: T0 : 0x147b2    : ld a5, 8(s10)              : MemRead :  D=0x0000000000000001 A=0x71148
2615500: system.cpu: T0 : 0x147b6    : c_beqz a5, 222             : IntAlu : 
2616000: system.cpu: T0 : 0x147b8    : ld s8, -600(s11)           : MemRead :  D=0x0000000000000001 A=0x71da8
2616500: system.cpu: T0 : 0x147bc    : c_addi a5, -1              : IntAlu :  D=0x0000000000000000
2617500: system.cpu: T0 : 0x147be    : sd a5, 8(s10)              : MemWrite :  D=0x0000000000000000 A=0x71148
2618000: system.cpu: T0 : 0x147c2    : c_mv a4, s4                : IntAlu :  D=0x0000000000000000
2618500: system.cpu: T0 : 0x147c4    : addi a3, s9, -608          : IntAlu :  D=0x0000000000071da0
2619000: system.cpu: T0 : 0x147c8    : fence iorw, ow             : No_OpClass : 
2619500: system.cpu: T0 : 0x147cc    : amoswap_w a4, a4, (a3)    
2619500: system.cpu: T0 : 0x147cc. 0 : amoswap_w[l] a4, a4, (a3)  : MemRead :  D=0x0000000000000001 A=0x71da0
2620000: system.cpu: T0 : 0x147d0    : c_addiw a4, 0              : IntAlu :  D=0x0000000000000001
2621000: system.cpu: T0 : 0x147d2    : blt s3, a4, 172            : IntAlu : 
2621500: system.cpu: T0 : 0x147d6    : c_slli a5, 5               : IntAlu :  D=0x0000000000000000
2622000: system.cpu: T0 : 0x147d8    : c_add a5, s10              : IntAlu :  D=0x0000000000071140
2622500: system.cpu: T0 : 0x147da    : c_ld a4, 16(a5)            : MemRead :  D=0x0000000000000004 A=0x71150
2623000: system.cpu: T0 : 0x147dc    : beq a4, s5, 146            : IntAlu : 
2623500: system.cpu: T0 : 0x147e0    : bne a4, s2, -78            : IntAlu : 
2624000: system.cpu: T0 : 0x147e4    : c_ld a4, 24(a5)            : MemRead :  D=0x00000000000109ca A=0x71158
2624500: system.cpu: T0 : 0x147e6    : c_ld a0, 32(a5)            : MemRead :  D=0x0000000000000000 A=0x71160
2625000: system.cpu: T0 : 0x147e8    : sd zero, 16(a5)            : MemWrite :  D=0x0000000000000000 A=0x71150
2625500: system.cpu: T0 : 0x147ec    : c_mv a1, s6                : IntAlu :  D=0x0000000000000000
2626000: system.cpu: T0 : 0x147ee    : c_jalr a4                  : IntAlu :  D=0x00000000000147f0
2626500: system.cpu: T0 : 0x109ca    : c_addi sp, -32             : IntAlu :  D=0x7ffffffffffffd50
2627000: system.cpu: T0 : 0x109cc    : c_sdsp s0, 16(sp)          : MemWrite :  D=0x0000000000000001 A=0x7ffffffffffffd60
2628000: system.cpu: T0 : 0x109ce    : lui a5, 111                : IntAlu :  D=0x000000000006f000
2629000: system.cpu: T0 : 0x109d2    : lui s0, 111                : IntAlu :  D=0x000000000006f000
2630000: system.cpu: T0 : 0x109d6    : addi s0, s0, -1280         : IntAlu :  D=0x000000000006eb00
2631000: system.cpu: T0 : 0x109da    : addi a5, a5, -1264         : IntAlu :  D=0x000000000006eb10
2631500: system.cpu: T0 : 0x109de    : c_sub a5, s0               : IntAlu :  D=0x0000000000000010
2632000: system.cpu: T0 : 0x109e0    : c_sdsp ra, 24(sp)          : MemWrite :  D=0x00000000000147f0 A=0x7ffffffffffffd68
2632500: system.cpu: T0 : 0x109e2    : c_sdsp s1, 8(sp)           : MemWrite :  D=0x0000000000000002 A=0x7ffffffffffffd58
2633000: system.cpu: T0 : 0x109e4    : c_sdsp s2, 0(sp)           : MemWrite :  D=0x0000000000000004 A=0x7ffffffffffffd50
2634000: system.cpu: T0 : 0x109e6    : srai a4, a5, 3             : IntAlu :  D=0x0000000000000002
2634500: system.cpu: T0 : 0x109ea    : c_beqz a4, 24              : IntAlu : 
2635000: system.cpu: T0 : 0x109ec    : c_addi a5, -8              : IntAlu :  D=0x0000000000000008
2636000: system.cpu: T0 : 0x109ee    : addi s1, a4, -1            : IntAlu :  D=0x0000000000000001
2636500: system.cpu: T0 : 0x109f2    : c_add s0, a5               : IntAlu :  D=0x000000000006eb08
2637000: system.cpu: T0 : 0x109f4    : c_li s2, -1                : IntAlu :  D=0xffffffffffffffff
2637500: system.cpu: T0 : 0x109f6    : c_ld a5, 0(s0)             : MemRead :  D=0x0000000000010340 A=0x6eb08
2638000: system.cpu: T0 : 0x109f8    : c_addi s1, -1              : IntAlu :  D=0x0000000000000000
2638500: system.cpu: T0 : 0x109fa    : c_addi s0, -8              : IntAlu :  D=0x000000000006eb00
2639000: system.cpu: T0 : 0x109fc    : c_jalr a5                  : IntAlu :  D=0x00000000000109fe
2639500: system.cpu: T0 : 0x10340    : addi a0, gp, 1616          : IntAlu :  D=0x0000000000071678
2640000: system.cpu: T0 : 0x10344    : jal zero, 208914           : IntAlu :  D=0x0000000000010348
2640500: system.cpu: T0 : 0x43356    : c_addi sp, -32             : IntAlu :  D=0x7ffffffffffffd30
2641000: system.cpu: T0 : 0x43358    : c_sdsp s1, 8(sp)           : MemWrite :  D=0x0000000000000000 A=0x7ffffffffffffd38
2641500: system.cpu: T0 : 0x4335a    : c_ld s1, 0(a0)             : MemRead :  D=0x0000000000000000 A=0x71678
2642000: system.cpu: T0 : 0x4335c    : c_sdsp ra, 24(sp)          : MemWrite :  D=0x00000000000109fe A=0x7ffffffffffffd48
2642500: system.cpu: T0 : 0x4335e    : c_sdsp s0, 16(sp)          : MemWrite :  D=0x000000000006eb00 A=0x7ffffffffffffd40
2643000: system.cpu: T0 : 0x43360    : c_beqz s1, 20              : IntAlu : 
2643500: system.cpu: T0 : 0x43374    : c_ldsp ra, 24(sp)          : MemRead :  D=0x00000000000109fe A=0x7ffffffffffffd48
2644000: system.cpu: T0 : 0x43376    : c_ldsp s0, 16(sp)          : MemRead :  D=0x000000000006eb00 A=0x7ffffffffffffd40
2644500: system.cpu: T0 : 0x43378    : c_ldsp s1, 8(sp)           : MemRead :  D=0x0000000000000000 A=0x7ffffffffffffd38
2645000: system.cpu: T0 : 0x4337a    : c_addi16sp sp, 32          : IntAlu :  D=0x7ffffffffffffd50
2645500: system.cpu: T0 : 0x4337c    : c_jr ra                    : IntAlu : 
2646500: system.cpu: T0 : 0x109fe    : bne s1, s2, -8             : IntAlu : 
2647000: system.cpu: T0 : 0x109f6    : c_ld a5, 0(s0)             : MemRead :  D=0x00000000000103d6 A=0x6eb00
2647500: system.cpu: T0 : 0x109f8    : c_addi s1, -1              : IntAlu :  D=0xffffffffffffffff
2648000: system.cpu: T0 : 0x109fa    : c_addi s0, -8              : IntAlu :  D=0x000000000006eaf8
2648500: system.cpu: T0 : 0x109fc    : c_jalr a5                  : IntAlu :  D=0x00000000000109fe
2649000: system.cpu: T0 : 0x103d6    : c_addi sp, -16             : IntAlu :  D=0x7ffffffffffffd40
2649500: system.cpu: T0 : 0x103d8    : c_sdsp s0, 0(sp)           : MemWrite :  D=0x000000000006eaf8 A=0x7ffffffffffffd40
2650500: system.cpu: T0 : 0x103da    : lbu a5, -1016(gp)          : MemRead :  D=0x0000000000000000 A=0x70c30
2651000: system.cpu: T0 : 0x103de    : c_sdsp ra, 8(sp)           : MemWrite :  D=0x00000000000109fe A=0x7ffffffffffffd48
2651500: system.cpu: T0 : 0x103e0    : c_bnez a5, 34              : IntAlu : 
2652500: system.cpu: T0 : 0x103e2    : jal ra, -96                : IntAlu :  D=0x00000000000103e6
2653500: system.cpu: T0 : 0x10382    : lui a0, 112                : IntAlu :  D=0x0000000000070000
2654500: system.cpu: T0 : 0x10386    : lui a4, 112                : IntAlu :  D=0x0000000000070000
2655500: system.cpu: T0 : 0x1038a    : addi a5, a0, 2032          : IntAlu :  D=0x00000000000707f0
2656500: system.cpu: T0 : 0x1038e    : addi a4, a4, 2032          : IntAlu :  D=0x00000000000707f0
2657500: system.cpu: T0 : 0x10392    : beq a4, a5, 18             : IntAlu : 
2658000: system.cpu: T0 : 0x103a4    : c_jr ra                    : IntAlu : 
2659000: system.cpu: T0 : 0x103e6    : lui a5, 76                 : IntAlu :  D=0x000000000004c000
2660000: system.cpu: T0 : 0x103ea    : addi a5, a5, 1472          : IntAlu :  D=0x000000000004c5c0
2660500: system.cpu: T0 : 0x103ee    : c_beqz a5, 14              : IntAlu : 
2661000: system.cpu: T0 : 0x103f0    : lui a0, 106                : IntAlu :  D=0x000000000006a000
2661500: system.cpu: T0 : 0x103f4    : addi a0, a0, 288           : IntAlu :  D=0x000000000006a120
2662000: system.cpu: T0 : 0x103f8    : jal ra, 246216             : IntAlu :  D=0x00000000000103fc
2662500: system.cpu: T0 : 0x4c5c0    : c_j -222                   : IntAlu : 
2663000: system.cpu: T0 : 0x4c4e2    : c_addi sp, -32             : IntAlu :  D=0x7ffffffffffffd20
2663500: system.cpu: T0 : 0x4c4e4    : c_sdsp ra, 24(sp)          : MemWrite :  D=0x00000000000103fc A=0x7ffffffffffffd38
2664000: system.cpu: T0 : 0x4c4e6    : c_sdsp s0, 16(sp)          : MemWrite :  D=0x000000000006eaf8 A=0x7ffffffffffffd30
2664500: system.cpu: T0 : 0x4c4e8    : c_sdsp s1, 8(sp)           : MemWrite :  D=0xffffffffffffffff A=0x7ffffffffffffd28
2665000: system.cpu: T0 : 0x4c4ea    : c_sdsp s2, 0(sp)           : MemWrite :  D=0xffffffffffffffff A=0x7ffffffffffffd20
2665500: system.cpu: T0 : 0x4c4ec    : c_beqz a0, 160             : IntAlu : 
2666000: system.cpu: T0 : 0x4c4ee    : c_lw a5, 0(a0)             : MemRead :  D=0x000000000000001c A=0x6a120
2666500: system.cpu: T0 : 0x4c4f0    : c_mv s1, a0                : IntAlu :  D=0x000000000006a120
2667000: system.cpu: T0 : 0x4c4f2    : c_beqz a5, 154             : IntAlu : 
2667500: system.cpu: T0 : 0x4c4f4    : auipc s2, 36               : IntAlu :  D=0x00000000000704f4
2668000: system.cpu: T0 : 0x4c4f8    : ld s2, 788(s2)             : MemRead :  D=0x0000000000000000 A=0x70808
2668500: system.cpu: T0 : 0x4c4fc    : beq s2, zero, 22           : IntAlu : 
2669500: system.cpu: T0 : 0x4c512    : addi a2, gp, 1880          : IntAlu :  D=0x0000000000071780
2670500: system.cpu: T0 : 0x4c516    : ld a5, 448(a2)             : MemRead :  D=0x0000000000070c38 A=0x71940
2671000: system.cpu: T0 : 0x4c51a    : c_beqz a5, 66              : IntAlu : 
2671500: system.cpu: T0 : 0x4c51c    : auipc a3, 37               : IntAlu :  D=0x000000000007151c
2672000: system.cpu: T0 : 0x4c520    : addi a3, a3, 1060          : IntAlu :  D=0x0000000000071940
2672500: system.cpu: T0 : 0x4c524    : c_j 8                      : IntAlu : 
2673000: system.cpu: T0 : 0x4c52c    : c_ld a4, 24(a5)            : MemRead :  D=0x000000000006a120 A=0x70c50
2673500: system.cpu: T0 : 0x4c52e    : c_mv s0, a5                : IntAlu :  D=0x0000000000070c38
2674000: system.cpu: T0 : 0x4c530    : c_ld a5, 40(a5)            : MemRead :  D=0x0000000000000000 A=0x70c60
2675000: system.cpu: T0 : 0x4c532    : bne s1, a4, -12            : IntAlu : 
2675500: system.cpu: T0 : 0x4c536    : c_sd a5, 0(a3)             : MemWrite :  D=0x0000000000000000 A=0x71940
2676000: system.cpu: T0 : 0x4c538    : beq s2, zero, 22           : IntAlu : 
2676500: system.cpu: T0 : 0x4c54e    : c_ldsp ra, 24(sp)          : MemRead :  D=0x00000000000103fc A=0x7ffffffffffffd38
2677000: system.cpu: T0 : 0x4c550    : c_mv a0, s0                : IntAlu :  D=0x0000000000070c38
2677500: system.cpu: T0 : 0x4c552    : c_ldsp s0, 16(sp)          : MemRead :  D=0x000000000006eaf8 A=0x7ffffffffffffd30
2678000: system.cpu: T0 : 0x4c554    : c_ldsp s1, 8(sp)           : MemRead :  D=0xffffffffffffffff A=0x7ffffffffffffd28
2678500: system.cpu: T0 : 0x4c556    : c_ldsp s2, 0(sp)           : MemRead :  D=0xffffffffffffffff A=0x7ffffffffffffd20
2679000: system.cpu: T0 : 0x4c558    : c_addi16sp sp, 32          : IntAlu :  D=0x7ffffffffffffd40
2679500: system.cpu: T0 : 0x4c55a    : c_jr ra                    : IntAlu : 
2680000: system.cpu: T0 : 0x103fc    : c_li a5, 1                 : IntAlu :  D=0x0000000000000001
2681000: system.cpu: T0 : 0x103fe    : sb a5, -1016(gp)           : MemWrite :  D=0x0000000000000001 A=0x70c30
2681500: system.cpu: T0 : 0x10402    : c_ldsp ra, 8(sp)           : MemRead :  D=0x00000000000109fe A=0x7ffffffffffffd48
2682000: system.cpu: T0 : 0x10404    : c_ldsp s0, 0(sp)           : MemRead :  D=0x000000000006eaf8 A=0x7ffffffffffffd40
2682500: system.cpu: T0 : 0x10406    : c_addi sp, 16              : IntAlu :  D=0x7ffffffffffffd50
2683000: system.cpu: T0 : 0x10408    : c_jr ra                    : IntAlu : 
2684000: system.cpu: T0 : 0x109fe    : bne s1, s2, -8             : IntAlu : 
2684500: system.cpu: T0 : 0x10a02    : c_ldsp ra, 24(sp)          : MemRead :  D=0x00000000000147f0 A=0x7ffffffffffffd68
2685000: system.cpu: T0 : 0x10a04    : c_ldsp s0, 16(sp)          : MemRead :  D=0x0000000000000001 A=0x7ffffffffffffd60
2685500: system.cpu: T0 : 0x10a06    : c_ldsp s1, 8(sp)           : MemRead :  D=0x0000000000000002 A=0x7ffffffffffffd58
2686000: system.cpu: T0 : 0x10a08    : c_ldsp s2, 0(sp)           : MemRead :  D=0x0000000000000004 A=0x7ffffffffffffd50
2686500: system.cpu: T0 : 0x10a0a    : c_addi16sp sp, 32          : IntAlu :  D=0x7ffffffffffffd70
2687000: system.cpu: T0 : 0x10a0c    : c_jr ra                    : IntAlu : 
2687500: system.cpu: T0 : 0x147f0    : addi a4, s9, -608          : IntAlu :  D=0x0000000000071da0
2688000: system.cpu: T0 : 0x147f4    : lr_w a5, (a4)             
2688000: system.cpu: T0 : 0x147f4. 0 : lr_w a5, (a4)              : MemRead :  D=0x0000000000000000 A=0x71da0
2688500: system.cpu: T0 : 0x147f8    : c_bnez a5, 8               : IntAlu : 
2689500: system.cpu: T0 : 0x147fa    : sc_w_aq a3, s0, (a4)      
2689500: system.cpu: T0 : 0x147fa. 0 : sc_w a3, s0, (a4)          : MemWrite :  D=0x0000000000000000 A=0x71da0
2690000: system.cpu: T0 : 0x147fa. 1 : 0x1c8726af fence           : No_OpClass : 
2690500: system.cpu: T0 : 0x147fe    : c_bnez a3, -10             : IntAlu : 
2691000: system.cpu: T0 : 0x14800    : c_addiw a5, 0              : IntAlu :  D=0x0000000000000000
2691500: system.cpu: T0 : 0x14802    : c_beqz a5, -88             : IntAlu : 
2692500: system.cpu: T0 : 0x147aa    : ld a5, -600(s11)           : MemRead :  D=0x0000000000000001 A=0x71da8
2693500: system.cpu: T0 : 0x147ae    : bne a5, s8, 102            : IntAlu : 
2694500: system.cpu: T0 : 0x147b2    : ld a5, 8(s10)              : MemRead :  D=0x0000000000000000 A=0x71148
2695000: system.cpu: T0 : 0x147b6    : c_beqz a5, 222             : IntAlu : 
2695500: system.cpu: T0 : 0x14894    : ld a5, 0(s10)              : MemRead :  D=0x0000000000000000 A=0x71140
2696000: system.cpu: T0 : 0x14898    : sd a5, 0(s7)               : MemWrite :  D=0x0000000000000000 A=0x70898
2696500: system.cpu: T0 : 0x1489c    : c_beqz a5, 8               : IntAlu : 
2697000: system.cpu: T0 : 0x148a4    : c_mv a5, s4                : IntAlu :  D=0x0000000000000000
2698000: system.cpu: T0 : 0x148a6    : addi a4, s9, -608          : IntAlu :  D=0x0000000000071da0
2699000: system.cpu: T0 : 0x148aa    : fence iorw, ow             : No_OpClass : 
2700000: system.cpu: T0 : 0x148ae    : amoswap_w a5, a5, (a4)    
2700000: system.cpu: T0 : 0x148ae. 0 : amoswap_w[l] a5, a5, (a4)  : MemRead :  D=0x0000000000000001 A=0x71da0
2700500: system.cpu: T0 : 0x148b2    : c_addiw a5, 0              : IntAlu :  D=0x0000000000000001
2701000: system.cpu: T0 : 0x148b4    : bge s3, a5, -332           : IntAlu : 
2701500: system.cpu: T0 : 0x14768    : c_li a4, 1                 : IntAlu :  D=0x0000000000000001
2702500: system.cpu: T0 : 0x1476a    : addi a3, s9, -608          : IntAlu :  D=0x0000000000071da0
2703500: system.cpu: T0 : 0x1476e    : lr_w a5, (a3)             
2703500: system.cpu: T0 : 0x1476e. 0 : lr_w a5, (a3)              : MemRead :  D=0x0000000000000000 A=0x71da0
2704000: system.cpu: T0 : 0x14772    : c_bnez a5, 8               : IntAlu : 
2704500: system.cpu: T0 : 0x14774    : sc_w_aq a2, a4, (a3)      
2704500: system.cpu: T0 : 0x14774. 0 : sc_w a2, a4, (a3)          : MemWrite :  D=0x0000000000000000 A=0x71da0
2705000: system.cpu: T0 : 0x14774. 1 : 0x1ce6a62f fence           : No_OpClass : 
2705500: system.cpu: T0 : 0x14778    : c_bnez a2, -10             : IntAlu : 
2706000: system.cpu: T0 : 0x1477a    : c_addiw a5, 0              : IntAlu :  D=0x0000000000000000
2706500: system.cpu: T0 : 0x1477c    : bne a5, zero, 338          : IntAlu : 
2707000: system.cpu: T0 : 0x14780    : ld s10, 0(s7)              : MemRead :  D=0x0000000000000000 A=0x70898
2707500: system.cpu: T0 : 0x14784    : beq s10, zero, 152         : IntAlu : 
2708000: system.cpu: T0 : 0x1481c    : c_li a4, 1                 : IntAlu :  D=0x0000000000000001
2709000: system.cpu: T0 : 0x1481e    : sb a4, -1476(gp)           : MemWrite :  D=0x0000000000000001 A=0x70a64
2709500: system.cpu: T0 : 0x14822    : c_li a5, 0                 : IntAlu :  D=0x0000000000000000
2710000: system.cpu: T0 : 0x14824    : addi a4, s9, -608          : IntAlu :  D=0x0000000000071da0
2710500: system.cpu: T0 : 0x14828    : fence iorw, ow             : No_OpClass : 
2711000: system.cpu: T0 : 0x1482c    : amoswap_w a5, a5, (a4)    
2711000: system.cpu: T0 : 0x1482c. 0 : amoswap_w[l] a5, a5, (a4)  : MemRead :  D=0x0000000000000001 A=0x71da0
2711500: system.cpu: T0 : 0x14830    : c_addiw a5, 0              : IntAlu :  D=0x0000000000000001
2712000: system.cpu: T0 : 0x14832    : c_li a4, 1                 : IntAlu :  D=0x0000000000000001
2712500: system.cpu: T0 : 0x14834    : blt a4, a5, 174            : IntAlu : 
2713000: system.cpu: T0 : 0x14838    : c_ldsp a5, 8(sp)           : MemRead :  D=0x0000000000000001 A=0x7ffffffffffffd78
2713500: system.cpu: T0 : 0x1483a    : c_beqz a5, 46              : IntAlu : 
2714000: system.cpu: T0 : 0x1483c    : lui s0, 106                : IntAlu :  D=0x000000000006a000
2714500: system.cpu: T0 : 0x14840    : lui a5, 106                : IntAlu :  D=0x000000000006a000
2715000: system.cpu: T0 : 0x14844    : addi s1, s0, 240           : IntAlu :  D=0x000000000006a0f0
2715500: system.cpu: T0 : 0x14848    : addi a5, a5, 248           : IntAlu :  D=0x000000000006a0f8
2716000: system.cpu: T0 : 0x1484c    : bgeu s1, a5, 28            : IntAlu : 
2716500: system.cpu: T0 : 0x14850    : c_addi a5, -1              : IntAlu :  D=0x000000000006a0f7
2717000: system.cpu: T0 : 0x14852    : c_sub a5, s1               : IntAlu :  D=0x0000000000000007
2717500: system.cpu: T0 : 0x14854    : c_andi a5, 18446744073709551608 : IntAlu :  D=0x0000000000000000
2718000: system.cpu: T0 : 0x14856    : c_addi a5, 8               : IntAlu :  D=0x0000000000000008
2718500: system.cpu: T0 : 0x14858    : c_add s1, a5               : IntAlu :  D=0x000000000006a0f8
2719500: system.cpu: T0 : 0x1485a    : addi s0, s0, 240           : IntAlu :  D=0x000000000006a0f0
2720000: system.cpu: T0 : 0x1485e    : c_ld a5, 0(s0)             : MemRead :  D=0x000000000001978a A=0x6a0f0
2720500: system.cpu: T0 : 0x14860    : c_addi s0, 8               : IntAlu :  D=0x000000000006a0f8
2721000: system.cpu: T0 : 0x14862    : c_jalr a5                  : IntAlu :  D=0x0000000000014864
2721500: system.cpu: T0 : 0x1978a    : c_addi16sp sp, -176        : IntAlu :  D=0x7ffffffffffffcc0
2722000: system.cpu: T0 : 0x1978c    : c_sdsp s6, 112(sp)         : MemWrite :  D=0x0000000000000000 A=0x7ffffffffffffd30
2723000: system.cpu: T0 : 0x1978e    : lui s6, 111                : IntAlu :  D=0x000000000006f000
2724000: system.cpu: T0 : 0x19792    : ld a5, -1264(s6)           : MemRead :  D=0x2e00000000000000 A=0x6eb10
2724500: system.cpu: T0 : 0x19796    : c_sdsp s3, 136(sp)         : MemWrite :  D=0x0000000000000001 A=0x7ffffffffffffd48
2725000: system.cpu: T0 : 0x19798    : c_li a0, 0                 : IntAlu :  D=0x0000000000000000
2725500: system.cpu: T0 : 0x1979a    : c_sdsp s5, 120(sp)         : MemWrite :  D=0x0000000000000003 A=0x7ffffffffffffd38
2726000: system.cpu: T0 : 0x1979c    : c_sdsp ra, 168(sp)         : MemWrite :  D=0x0000000000014864 A=0x7ffffffffffffd68
2726500: system.cpu: T0 : 0x1979e    : c_sdsp s0, 160(sp)         : MemWrite :  D=0x000000000006a0f8 A=0x7ffffffffffffd60
2727000: system.cpu: T0 : 0x197a0    : c_sdsp s1, 152(sp)         : MemWrite :  D=0x000000000006a0f8 A=0x7ffffffffffffd58
2727500: system.cpu: T0 : 0x197a2    : c_sdsp s2, 144(sp)         : MemWrite :  D=0x0000000000000004 A=0x7ffffffffffffd50
2728000: system.cpu: T0 : 0x197a4    : c_sdsp s4, 128(sp)         : MemWrite :  D=0x0000000000000000 A=0x7ffffffffffffd40
2728500: system.cpu: T0 : 0x197a6    : c_sdsp s7, 104(sp)         : MemWrite :  D=0x0000000000070898 A=0x7ffffffffffffd28
2729000: system.cpu: T0 : 0x197a8    : c_sdsp s8, 96(sp)          : MemWrite :  D=0x0000000000000001 A=0x7ffffffffffffd20
2729500: system.cpu: T0 : 0x197aa    : c_sdsp s9, 88(sp)          : MemWrite :  D=0x0000000000072000 A=0x7ffffffffffffd18
2730000: system.cpu: T0 : 0x197ac    : c_sdsp s10, 80(sp)         : MemWrite :  D=0x0000000000000000 A=0x7ffffffffffffd10
2730500: system.cpu: T0 : 0x197ae    : c_sdsp s11, 72(sp)         : MemWrite :  D=0x0000000000072000 A=0x7ffffffffffffd08
2731000: system.cpu: T0 : 0x197b0    : c_sdsp a5, 56(sp)          : MemWrite :  D=0x2e00000000000000 A=0x7ffffffffffffcf8
2732000: system.cpu: T0 : 0x197b2    : addi s3, zero, 0           : IntAlu :  D=0x0000000000000000
2733000: system.cpu: T0 : 0x197b6    : jal ra, -556               : IntAlu :  D=0x00000000000197ba
2733500: system.cpu: T0 : 0x1958a    : c_addi16sp sp, -176        : IntAlu :  D=0x7ffffffffffffc10
2734000: system.cpu: T0 : 0x1958c    : c_sdsp s5, 120(sp)         : MemWrite :  D=0x0000000000000003 A=0x7ffffffffffffc88
2735000: system.cpu: T0 : 0x1958e    : lui s5, 111                : IntAlu :  D=0x000000000006f000
2736000: system.cpu: T0 : 0x19592    : ld a5, -1264(s5)           : MemRead :  D=0x2e00000000000000 A=0x6eb10
2736500: system.cpu: T0 : 0x19596    : c_sdsp s3, 136(sp)         : MemWrite :  D=0x0000000000000000 A=0x7ffffffffffffc98
2737000: system.cpu: T0 : 0x19598    : c_sdsp s9, 88(sp)          : MemWrite :  D=0x0000000000072000 A=0x7ffffffffffffc68
2737500: system.cpu: T0 : 0x1959a    : c_sdsp ra, 168(sp)         : MemWrite :  D=0x00000000000197ba A=0x7ffffffffffffcb8
2738000: system.cpu: T0 : 0x1959c    : c_sdsp s0, 160(sp)         : MemWrite :  D=0x000000000006a0f8 A=0x7ffffffffffffcb0
2738500: system.cpu: T0 : 0x1959e    : c_sdsp s1, 152(sp)         : MemWrite :  D=0x000000000006a0f8 A=0x7ffffffffffffca8
2739000: system.cpu: T0 : 0x195a0    : c_sdsp s2, 144(sp)         : MemWrite :  D=0x0000000000000004 A=0x7ffffffffffffca0
2739500: system.cpu: T0 : 0x195a2    : c_sdsp s4, 128(sp)         : MemWrite :  D=0x0000000000000000 A=0x7ffffffffffffc90
2740000: system.cpu: T0 : 0x195a4    : c_sdsp s6, 112(sp)         : MemWrite :  D=0x000000000006f000 A=0x7ffffffffffffc80
2740500: system.cpu: T0 : 0x195a6    : c_sdsp s7, 104(sp)         : MemWrite :  D=0x0000000000070898 A=0x7ffffffffffffc78
2741000: system.cpu: T0 : 0x195a8    : c_sdsp s8, 96(sp)          : MemWrite :  D=0x0000000000000001 A=0x7ffffffffffffc70
2741500: system.cpu: T0 : 0x195aa    : c_sdsp s10, 80(sp)         : MemWrite :  D=0x0000000000000000 A=0x7ffffffffffffc60
2742000: system.cpu: T0 : 0x195ac    : c_sdsp s11, 72(sp)         : MemWrite :  D=0x0000000000072000 A=0x7ffffffffffffc58
2742500: system.cpu: T0 : 0x195ae    : c_sdsp a5, 56(sp)          : MemWrite :  D=0x2e00000000000000 A=0x7ffffffffffffc48
2743000: system.cpu: T0 : 0x195b0    : addi s3, zero, 0           : IntAlu :  D=0x0000000000000000
2743500: system.cpu: T0 : 0x195b4    : c_mv s9, a0                : IntAlu :  D=0x0000000000000000
2744500: system.cpu: T0 : 0x195b6    : beq s3, zero, 428          : IntAlu : 
2745000: system.cpu: T0 : 0x19762    : c_lui a5, 24               : IntAlu :  D=0x0000000000018000
2745500: system.cpu: T0 : 0x19764    : addi a5, a5, 2016          : IntAlu :  D=0x00000000000187e0
2746000: system.cpu: T0 : 0x19768    : c_sdsp a5, 24(sp)          : MemWrite :  D=0x00000000000187e0 A=0x7ffffffffffffc28
2746500: system.cpu: T0 : 0x1976a    : c_sdsp zero, 32(sp)        : MemWrite :  D=0x0000000000000000 A=0x7ffffffffffffc30
2747000: system.cpu: T0 : 0x1976c    : c_j -416                   : IntAlu : 
2747500: system.cpu: T0 : 0x195cc    : addi s8, gp, 1320          : IntAlu :  D=0x0000000000071550
2748000: system.cpu: T0 : 0x195d0    : ld a5, 8(s8)               : MemRead :  D=0x0000000000000000 A=0x71558
2748500: system.cpu: T0 : 0x195d4    : addi s0, tp, -1808         : IntAlu :  D=0x0000000000072000
2749000: system.cpu: T0 : 0x195d8    : beq a5, s0, 28             : IntAlu : 
2749500: system.cpu: T0 : 0x195dc    : c_li a3, 1                 : IntAlu :  D=0x0000000000000001
2750500: system.cpu: T0 : 0x195de    : lr_w a5, (s8)             
2750500: system.cpu: T0 : 0x195de. 0 : lr_w a5, (s8)              : MemRead :  D=0x0000000000000000 A=0x71550
2751000: system.cpu: T0 : 0x195e2    : c_bnez a5, 8               : IntAlu : 
2751500: system.cpu: T0 : 0x195e4    : sc_w_aq a4, a3, (s8)      
2751500: system.cpu: T0 : 0x195e4. 0 : sc_w a4, a3, (s8)          : MemWrite :  D=0x0000000000000000 A=0x71550
2752000: system.cpu: T0 : 0x195e4. 1 : 0x1cdc272f fence           : No_OpClass : 
2752500: system.cpu: T0 : 0x195e8    : c_bnez a4, -10             : IntAlu : 
2753000: system.cpu: T0 : 0x195ea    : c_addiw a5, 0              : IntAlu :  D=0x0000000000000000
2753500: system.cpu: T0 : 0x195ec    : bne a5, zero, 386          : IntAlu : 
2754000: system.cpu: T0 : 0x195f0    : sd s0, 8(s8)               : MemWrite :  D=0x0000000000072000 A=0x71558
2754500: system.cpu: T0 : 0x195f4    : lw a4, 4(s8)               : MemRead :  D=0x0000000000000000 A=0x71554
2755000: system.cpu: T0 : 0x195f8    : ld s0, -1920(gp)           : MemRead :  D=0x000000000006f000 A=0x708a8
2755500: system.cpu: T0 : 0x195fc    : addiw a3, a4, 1            : IntAlu :  D=0x0000000000000001
2756000: system.cpu: T0 : 0x19600    : sw a3, 4(s8)               : MemWrite :  D=0x0000000000000001 A=0x71554
2756500: system.cpu: T0 : 0x19604    : beq s0, zero, 382          : IntAlu : 
2757000: system.cpu: T0 : 0x19608    : lui s1, 106                : IntAlu :  D=0x000000000006a000
2757500: system.cpu: T0 : 0x1960c    : lui s2, 106                : IntAlu :  D=0x000000000006a000
2758000: system.cpu: T0 : 0x19610    : addi s2, s2, -1272         : IntAlu :  D=0x0000000000069b08
2758500: system.cpu: T0 : 0x19614    : addi s1, s1, 240           : IntAlu :  D=0x000000000006a0f0
2759000: system.cpu: T0 : 0x19618    : c_li s4, 0                 : IntAlu :  D=0x0000000000000000
2759500: system.cpu: T0 : 0x1961a    : c_lui s11, 8               : IntAlu :  D=0x0000000000008000
2760000: system.cpu: T0 : 0x1961c    : c_li s6, 1                 : IntAlu :  D=0x0000000000000001
2761000: system.cpu: T0 : 0x1961e    : sub s1, s1, s2             : IntAlu :  D=0x00000000000005e8
2762000: system.cpu: T0 : 0x19622    : sd s0, -1456(gp)           : MemWrite :  D=0x000000000006f000 A=0x70a78
2763000: system.cpu: T0 : 0x19626    : beq s9, zero, 54           : IntAlu : 
2763500: system.cpu: T0 : 0x1965c    : lw a5, 192(s0)             : MemRead :  D=0x0000000000000000 A=0x6f0c0
2764000: system.cpu: T0 : 0x19660    : bge zero, a5, 150          : IntAlu : 
2764500: system.cpu: T0 : 0x196f6    : c_ld a3, 40(s0)            : MemRead :  D=0x0000000000000000 A=0x6f028
2765000: system.cpu: T0 : 0x196f8    : c_ld a5, 32(s0)            : MemRead :  D=0x0000000000000000 A=0x6f020
2766000: system.cpu: T0 : 0x196fa    : bgeu a5, a3, -116          : IntAlu : 
2767000: system.cpu: T0 : 0x19686    : beq s9, zero, 28           : IntAlu : 
2767500: system.cpu: T0 : 0x196a2    : c_ld s0, 104(s0)           : MemRead :  D=0x000000000006f1c8 A=0x6f068
2768000: system.cpu: T0 : 0x196a4    : sd zero, -1456(gp)         : MemWrite :  D=0x0000000000000000 A=0x70a78
2768500: system.cpu: T0 : 0x196a8    : c_bnez s0, -134            : IntAlu : 
2769500: system.cpu: T0 : 0x19622    : sd s0, -1456(gp)           : MemWrite :  D=0x000000000006f1c8 A=0x70a78
2770500: system.cpu: T0 : 0x19626    : beq s9, zero, 54           : IntAlu : 
2771000: system.cpu: T0 : 0x1965c    : lw a5, 192(s0)             : MemRead :  D=0x0000000000000000 A=0x6f288
2771500: system.cpu: T0 : 0x19660    : bge zero, a5, 150          : IntAlu : 
2772000: system.cpu: T0 : 0x196f6    : c_ld a3, 40(s0)            : MemRead :  D=0x0000000000000000 A=0x6f1f0
2772500: system.cpu: T0 : 0x196f8    : c_ld a5, 32(s0)            : MemRead :  D=0x0000000000000000 A=0x6f1e8
2773500: system.cpu: T0 : 0x196fa    : bgeu a5, a3, -116          : IntAlu : 
2774500: system.cpu: T0 : 0x19686    : beq s9, zero, 28           : IntAlu : 
2775000: system.cpu: T0 : 0x196a2    : c_ld s0, 104(s0)           : MemRead :  D=0x000000000006f390 A=0x6f230
2775500: system.cpu: T0 : 0x196a4    : sd zero, -1456(gp)         : MemWrite :  D=0x0000000000000000 A=0x70a78
2776000: system.cpu: T0 : 0x196a8    : c_bnez s0, -134            : IntAlu : 
2777000: system.cpu: T0 : 0x19622    : sd s0, -1456(gp)           : MemWrite :  D=0x000000000006f390 A=0x70a78
2778000: system.cpu: T0 : 0x19626    : beq s9, zero, 54           : IntAlu : 
2778500: system.cpu: T0 : 0x1965c    : lw a5, 192(s0)             : MemRead :  D=0x0000000000000000 A=0x6f450
2779000: system.cpu: T0 : 0x19660    : bge zero, a5, 150          : IntAlu : 
2779500: system.cpu: T0 : 0x196f6    : c_ld a3, 40(s0)            : MemRead :  D=0x0000000000000000 A=0x6f3b8
2780000: system.cpu: T0 : 0x196f8    : c_ld a5, 32(s0)            : MemRead :  D=0x0000000000000000 A=0x6f3b0
2781000: system.cpu: T0 : 0x196fa    : bgeu a5, a3, -116          : IntAlu : 
2782000: system.cpu: T0 : 0x19686    : beq s9, zero, 28           : IntAlu : 
2782500: system.cpu: T0 : 0x196a2    : c_ld s0, 104(s0)           : MemRead :  D=0x0000000000000000 A=0x6f3f8
2783000: system.cpu: T0 : 0x196a4    : sd zero, -1456(gp)         : MemWrite :  D=0x0000000000000000 A=0x70a78
2783500: system.cpu: T0 : 0x196a8    : c_bnez s0, -134            : IntAlu : 
2784500: system.cpu: T0 : 0x196aa    : lw a5, 4(s8)               : MemRead :  D=0x0000000000000001 A=0x71554
2785500: system.cpu: T0 : 0x196ae    : addiw a4, a5, -1           : IntAlu :  D=0x0000000000000000
2786500: system.cpu: T0 : 0x196b2    : sw a4, 4(s8)               : MemWrite :  D=0x0000000000000000 A=0x71554
2787000: system.cpu: T0 : 0x196b6    : c_beqz a4, 128             : IntAlu : 
2788000: system.cpu: T0 : 0x19736    : sd zero, 8(s8)             : MemWrite :  D=0x0000000000000000 A=0x71558
2788500: system.cpu: T0 : 0x1973a    : c_mv a5, a4                : IntAlu :  D=0x0000000000000000
2789000: system.cpu: T0 : 0x1973c    : fence iorw, ow             : No_OpClass : 
2789500: system.cpu: T0 : 0x19740    : amoswap_w a5, a5, (s8)    
2789500: system.cpu: T0 : 0x19740. 0 : amoswap_w[l] a5, a5, (s8)  : MemRead :  D=0x0000000000000001 A=0x71550
2790000: system.cpu: T0 : 0x19744    : c_addiw a5, 0              : IntAlu :  D=0x0000000000000001
2790500: system.cpu: T0 : 0x19746    : c_li a4, 1                 : IntAlu :  D=0x0000000000000001
2791000: system.cpu: T0 : 0x19748    : bge a4, a5, -144           : IntAlu : 
2791500: system.cpu: T0 : 0x196b8    : beq s3, zero, 16           : IntAlu : 
2792000: system.cpu: T0 : 0x196c8    : c_ldsp a4, 56(sp)          : MemRead :  D=0x2e00000000000000 A=0x7ffffffffffffc48
2793000: system.cpu: T0 : 0x196ca    : ld a5, -1264(s5)           : MemRead :  D=0x2e00000000000000 A=0x6eb10
2794000: system.cpu: T0 : 0x196ce    : bne a4, a5, 184            : IntAlu : 
2794500: system.cpu: T0 : 0x196d2    : c_ldsp ra, 168(sp)         : MemRead :  D=0x00000000000197ba A=0x7ffffffffffffcb8
2795000: system.cpu: T0 : 0x196d4    : c_ldsp s0, 160(sp)         : MemRead :  D=0x000000000006a0f8 A=0x7ffffffffffffcb0
2795500: system.cpu: T0 : 0x196d6    : c_ldsp s1, 152(sp)         : MemRead :  D=0x000000000006a0f8 A=0x7ffffffffffffca8
2796000: system.cpu: T0 : 0x196d8    : c_ldsp s2, 144(sp)         : MemRead :  D=0x0000000000000004 A=0x7ffffffffffffca0
2796500: system.cpu: T0 : 0x196da    : c_ldsp s3, 136(sp)         : MemRead :  D=0x0000000000000000 A=0x7ffffffffffffc98
2797000: system.cpu: T0 : 0x196dc    : c_ldsp s5, 120(sp)         : MemRead :  D=0x0000000000000003 A=0x7ffffffffffffc88
2797500: system.cpu: T0 : 0x196de    : c_ldsp s6, 112(sp)         : MemRead :  D=0x000000000006f000 A=0x7ffffffffffffc80
2798000: system.cpu: T0 : 0x196e0    : c_ldsp s7, 104(sp)         : MemRead :  D=0x0000000000070898 A=0x7ffffffffffffc78
2798500: system.cpu: T0 : 0x196e2    : c_ldsp s8, 96(sp)          : MemRead :  D=0x0000000000000001 A=0x7ffffffffffffc70
2799000: system.cpu: T0 : 0x196e4    : c_ldsp s9, 88(sp)          : MemRead :  D=0x0000000000072000 A=0x7ffffffffffffc68
2799500: system.cpu: T0 : 0x196e6    : c_ldsp s10, 80(sp)         : MemRead :  D=0x0000000000000000 A=0x7ffffffffffffc60
2800000: system.cpu: T0 : 0x196e8    : c_ldsp s11, 72(sp)         : MemRead :  D=0x0000000000072000 A=0x7ffffffffffffc58
2800500: system.cpu: T0 : 0x196ea    : c_mv a0, s4                : IntAlu :  D=0x0000000000000000
2801000: system.cpu: T0 : 0x196ec    : c_ldsp s4, 128(sp)         : MemRead :  D=0x0000000000000000 A=0x7ffffffffffffc90
2801500: system.cpu: T0 : 0x196ee    : c_addi16sp sp, 176         : IntAlu :  D=0x7ffffffffffffcc0
2802000: system.cpu: T0 : 0x196f0    : c_jr ra                    : IntAlu : 
2802500: system.cpu: T0 : 0x197ba    : c_mv s5, a0                : IntAlu :  D=0x0000000000000000
2803000: system.cpu: T0 : 0x197bc    : beq s3, zero, 482          : IntAlu : 
2803500: system.cpu: T0 : 0x1999e    : c_lui a5, 24               : IntAlu :  D=0x0000000000018000
2804000: system.cpu: T0 : 0x199a0    : addi a5, a5, 2016          : IntAlu :  D=0x00000000000187e0
2804500: system.cpu: T0 : 0x199a4    : c_sdsp a5, 24(sp)          : MemWrite :  D=0x00000000000187e0 A=0x7ffffffffffffcd8
2805000: system.cpu: T0 : 0x199a6    : c_sdsp zero, 32(sp)        : MemWrite :  D=0x0000000000000000 A=0x7ffffffffffffce0
2805500: system.cpu: T0 : 0x199a8    : c_j -470                   : IntAlu : 
2806500: system.cpu: T0 : 0x197d2    : addi s1, gp, 1320          : IntAlu :  D=0x0000000000071550
2807000: system.cpu: T0 : 0x197d6    : c_ld a5, 8(s1)             : MemRead :  D=0x0000000000000000 A=0x71558
2807500: system.cpu: T0 : 0x197d8    : addi s0, tp, -1808         : IntAlu :  D=0x0000000000072000
2808000: system.cpu: T0 : 0x197dc    : beq s0, a5, 26             : IntAlu : 
2808500: system.cpu: T0 : 0x197e0    : c_li a4, 1                 : IntAlu :  D=0x0000000000000001
2809500: system.cpu: T0 : 0x197e2    : lr_w a5, (s1)             
2809500: system.cpu: T0 : 0x197e2. 0 : lr_w a5, (s1)              : MemRead :  D=0x0000000000000000 A=0x71550
2810000: system.cpu: T0 : 0x197e6    : c_bnez a5, 8               : IntAlu : 
2810500: system.cpu: T0 : 0x197e8    : sc_w_aq a3, a4, (s1)      
2810500: system.cpu: T0 : 0x197e8. 0 : sc_w a3, a4, (s1)          : MemWrite :  D=0x0000000000000000 A=0x71550
2811000: system.cpu: T0 : 0x197e8. 1 : 0x1ce4a6af fence           : No_OpClass : 
2811500: system.cpu: T0 : 0x197ec    : c_bnez a3, -10             : IntAlu : 
2812000: system.cpu: T0 : 0x197ee    : c_addiw a5, 0              : IntAlu :  D=0x0000000000000000
2812500: system.cpu: T0 : 0x197f0    : bne a5, zero, 442          : IntAlu : 
2813000: system.cpu: T0 : 0x197f4    : c_sd s0, 8(s1)             : MemWrite :  D=0x0000000000072000 A=0x71558
2813500: system.cpu: T0 : 0x197f6    : c_lw a3, 4(s1)             : MemRead :  D=0x0000000000000000 A=0x71554
2814000: system.cpu: T0 : 0x197f8    : ld s0, -1920(gp)           : MemRead :  D=0x000000000006f000 A=0x708a8
2814500: system.cpu: T0 : 0x197fc    : addiw a4, a3, 1            : IntAlu :  D=0x0000000000000001
2815000: system.cpu: T0 : 0x19800    : c_sw a4, 4(s1)             : MemWrite :  D=0x0000000000000001 A=0x71554
2815500: system.cpu: T0 : 0x19802    : c_beqz s0, 202             : IntAlu : 
2816000: system.cpu: T0 : 0x19804    : lui s2, 106                : IntAlu :  D=0x000000000006a000
2816500: system.cpu: T0 : 0x19808    : lui s4, 106                : IntAlu :  D=0x000000000006a000
2817000: system.cpu: T0 : 0x1980c    : addi s4, s4, -1272         : IntAlu :  D=0x0000000000069b08
2817500: system.cpu: T0 : 0x19810    : addi s2, s2, 240           : IntAlu :  D=0x000000000006a0f0
2818000: system.cpu: T0 : 0x19814    : sub s2, s2, s4             : IntAlu :  D=0x00000000000005e8
2818500: system.cpu: T0 : 0x19818    : c_li s9, 2                 : IntAlu :  D=0x0000000000000002
2819000: system.cpu: T0 : 0x1981a    : c_j 12                     : IntAlu : 
2819500: system.cpu: T0 : 0x19826    : c_lw a5, 0(s0)             : MemRead :  D=0xfffffffffbad2086 A=0x6f000
2820000: system.cpu: T0 : 0x19828    : c_andi a5, 2               : IntAlu :  D=0x0000000000000002
2821000: system.cpu: T0 : 0x1982a    : addiw s8, a5, 0            : IntAlu :  D=0x0000000000000002
2821500: system.cpu: T0 : 0x1982e    : c_bnez a5, -18             : IntAlu : 
2822000: system.cpu: T0 : 0x1981c    : c_li a5, -1                : IntAlu :  D=0xffffffffffffffff
2823000: system.cpu: T0 : 0x1981e    : sw a5, 192(s0)             : MemWrite :  D=0x00000000ffffffff A=0x6f0c0
2823500: system.cpu: T0 : 0x19822    : c_ld s0, 104(s0)           : MemRead :  D=0x000000000006f1c8 A=0x6f068
2824000: system.cpu: T0 : 0x19824    : c_beqz s0, 162             : IntAlu : 
2824500: system.cpu: T0 : 0x19826    : c_lw a5, 0(s0)             : MemRead :  D=0xfffffffffbad2084 A=0x6f1c8
2825000: system.cpu: T0 : 0x19828    : c_andi a5, 2               : IntAlu :  D=0x0000000000000000
2826000: system.cpu: T0 : 0x1982a    : addiw s8, a5, 0            : IntAlu :  D=0x0000000000000000
2826500: system.cpu: T0 : 0x1982e    : c_bnez a5, -18             : IntAlu : 
2827000: system.cpu: T0 : 0x19830    : lw a5, 192(s0)             : MemRead :  D=0x0000000000000000 A=0x6f288
2827500: system.cpu: T0 : 0x19834    : c_beqz a5, -24             : IntAlu : 
2828000: system.cpu: T0 : 0x1981c    : c_li a5, -1                : IntAlu :  D=0xffffffffffffffff
2829000: system.cpu: T0 : 0x1981e    : sw a5, 192(s0)             : MemWrite :  D=0x00000000ffffffff A=0x6f288
2829500: system.cpu: T0 : 0x19822    : c_ld s0, 104(s0)           : MemRead :  D=0x000000000006f390 A=0x6f230
2830000: system.cpu: T0 : 0x19824    : c_beqz s0, 162             : IntAlu : 
2830500: system.cpu: T0 : 0x19826    : c_lw a5, 0(s0)             : MemRead :  D=0xfffffffffbad2088 A=0x6f390
2831000: system.cpu: T0 : 0x19828    : c_andi a5, 2               : IntAlu :  D=0x0000000000000000
2832000: system.cpu: T0 : 0x1982a    : addiw s8, a5, 0            : IntAlu :  D=0x0000000000000000
2832500: system.cpu: T0 : 0x1982e    : c_bnez a5, -18             : IntAlu : 
2833000: system.cpu: T0 : 0x19830    : lw a5, 192(s0)             : MemRead :  D=0x0000000000000000 A=0x6f450
2833500: system.cpu: T0 : 0x19834    : c_beqz a5, -24             : IntAlu : 
2834000: system.cpu: T0 : 0x1981c    : c_li a5, -1                : IntAlu :  D=0xffffffffffffffff
2835000: system.cpu: T0 : 0x1981e    : sw a5, 192(s0)             : MemWrite :  D=0x00000000ffffffff A=0x6f450
2835500: system.cpu: T0 : 0x19822    : c_ld s0, 104(s0)           : MemRead :  D=0x0000000000000000 A=0x6f3f8
2836000: system.cpu: T0 : 0x19824    : c_beqz s0, 162             : IntAlu : 
2836500: system.cpu: T0 : 0x198c6    : c_lw a5, 4(s1)             : MemRead :  D=0x0000000000000001 A=0x71554
2837000: system.cpu: T0 : 0x198c8    : addiw a3, a5, -1           : IntAlu :  D=0x0000000000000000
2837500: system.cpu: T0 : 0x198cc    : c_sw a3, 4(s1)             : MemWrite :  D=0x0000000000000000 A=0x71554
2838000: system.cpu: T0 : 0x198ce    : c_beqz a3, 126             : IntAlu : 
2838500: system.cpu: T0 : 0x1994c    : sd zero, 8(s1)             : MemWrite :  D=0x0000000000000000 A=0x71558
2839000: system.cpu: T0 : 0x19950    : c_mv a5, a3                : IntAlu :  D=0x0000000000000000
2840000: system.cpu: T0 : 0x19952    : fence iorw, ow             : No_OpClass : 
2841000: system.cpu: T0 : 0x19956    : amoswap_w a5, a5, (s1)    
2841000: system.cpu: T0 : 0x19956. 0 : amoswap_w[l] a5, a5, (s1)  : MemRead :  D=0x0000000000000001 A=0x71550
2841500: system.cpu: T0 : 0x1995a    : c_addiw a5, 0              : IntAlu :  D=0x0000000000000001
2842000: system.cpu: T0 : 0x1995c    : c_li a4, 1                 : IntAlu :  D=0x0000000000000001
2843000: system.cpu: T0 : 0x1995e    : bge a4, a5, -142           : IntAlu : 
2843500: system.cpu: T0 : 0x198d0    : beq s3, zero, 16           : IntAlu : 
2844000: system.cpu: T0 : 0x198e0    : c_ldsp a4, 56(sp)          : MemRead :  D=0x2e00000000000000 A=0x7ffffffffffffcf8
2845000: system.cpu: T0 : 0x198e2    : ld a5, -1264(s6)           : MemRead :  D=0x2e00000000000000 A=0x6eb10
2846000: system.cpu: T0 : 0x198e6    : bne a4, a5, 216            : IntAlu : 
2846500: system.cpu: T0 : 0x198ea    : c_ldsp ra, 168(sp)         : MemRead :  D=0x0000000000014864 A=0x7ffffffffffffd68
2847000: system.cpu: T0 : 0x198ec    : c_ldsp s0, 160(sp)         : MemRead :  D=0x000000000006a0f8 A=0x7ffffffffffffd60
2847500: system.cpu: T0 : 0x198ee    : c_ldsp s1, 152(sp)         : MemRead :  D=0x000000000006a0f8 A=0x7ffffffffffffd58
2848000: system.cpu: T0 : 0x198f0    : c_ldsp s2, 144(sp)         : MemRead :  D=0x0000000000000004 A=0x7ffffffffffffd50
2848500: system.cpu: T0 : 0x198f2    : c_ldsp s3, 136(sp)         : MemRead :  D=0x0000000000000001 A=0x7ffffffffffffd48
2849000: system.cpu: T0 : 0x198f4    : c_ldsp s4, 128(sp)         : MemRead :  D=0x0000000000000000 A=0x7ffffffffffffd40
2849500: system.cpu: T0 : 0x198f6    : c_ldsp s6, 112(sp)         : MemRead :  D=0x0000000000000000 A=0x7ffffffffffffd30
2850000: system.cpu: T0 : 0x198f8    : c_ldsp s7, 104(sp)         : MemRead :  D=0x0000000000070898 A=0x7ffffffffffffd28
2850500: system.cpu: T0 : 0x198fa    : c_ldsp s8, 96(sp)          : MemRead :  D=0x0000000000000001 A=0x7ffffffffffffd20
2851000: system.cpu: T0 : 0x198fc    : c_ldsp s9, 88(sp)          : MemRead :  D=0x0000000000072000 A=0x7ffffffffffffd18
2851500: system.cpu: T0 : 0x198fe    : c_ldsp s10, 80(sp)         : MemRead :  D=0x0000000000000000 A=0x7ffffffffffffd10
2852000: system.cpu: T0 : 0x19900    : c_ldsp s11, 72(sp)         : MemRead :  D=0x0000000000072000 A=0x7ffffffffffffd08
2852500: system.cpu: T0 : 0x19902    : c_mv a0, s5                : IntAlu :  D=0x0000000000000000
2853000: system.cpu: T0 : 0x19904    : c_ldsp s5, 120(sp)         : MemRead :  D=0x0000000000000003 A=0x7ffffffffffffd38
2853500: system.cpu: T0 : 0x19906    : c_addi16sp sp, 176         : IntAlu :  D=0x7ffffffffffffd70
2854000: system.cpu: T0 : 0x19908    : c_jr ra                    : IntAlu : 
2854500: system.cpu: T0 : 0x14864    : bne s1, s0, -6             : IntAlu : 
2855000: system.cpu: T0 : 0x14868    : c_mv a0, s6                : IntAlu :  D=0x0000000000000000
2856000: system.cpu: T0 : 0x1486a    : jal ra, 47996              : IntAlu :  D=0x000000000001486e
2856500: system.cpu: T0 : 0x203e6    : c_mv a4, a0                : IntAlu :  D=0x0000000000000000
2857000: system.cpu: T0 : 0x203e8    : addi a7, zero, 94          : IntAlu :  D=0x000000000000005e
2857500: system.cpu: T0 : 0x203ec    : ecall                      : No_OpClass : 
