      0: system.cpu: T0 : 0x10348    : jal ra, 46                 : IntAlu :  D=0x000000000001034c
   1000: system.cpu: T0 : 0x10376    : auipc gp, 97               : IntAlu :  D=0x0000000000071376
   2000: system.cpu: T0 : 0x1037a    : addi gp, gp, -718          : IntAlu :  D=0x00000000000710a8
   2500: system.cpu: T0 : 0x1037e    : c_jr ra                    : IntAlu : 
   3000: system.cpu: T0 : 0x1034c    : c_mv a5, a0                : IntAlu :  D=0x0000000000000000
   4000: system.cpu: T0 : 0x1034e    : auipc a0, 1                : IntAlu :  D=0x000000000001134e
   5000: system.cpu: T0 : 0x10352    : addi a0, a0, -1344         : IntAlu :  D=0x0000000000010e0e
   5500: system.cpu: T0 : 0x10356    : c_ldsp a1, 0(sp)           : MemRead :  D=0x0000000000000001 A=0x7fffffffffffff30
   6000: system.cpu: T0 : 0x10358    : c_addi4spn a2, sp, 8       : IntAlu :  D=0x7fffffffffffff38
   7000: system.cpu: T0 : 0x1035a    : andi sp, sp, 18446744073709551600 : IntAlu :  D=0x7fffffffffffff30
   8000: system.cpu: T0 : 0x1035e    : auipc a3, 1                : IntAlu :  D=0x000000000001135e
   9000: system.cpu: T0 : 0x10362    : addi a3, a3, -86           : IntAlu :  D=0x0000000000011308
  10000: system.cpu: T0 : 0x10366    : auipc a4, 1                : IntAlu :  D=0x0000000000011366
  11000: system.cpu: T0 : 0x1036a    : addi a4, a4, 50            : IntAlu :  D=0x0000000000011398
  11500: system.cpu: T0 : 0x1036e    : c_mv a6, sp                : IntAlu :  D=0x7fffffffffffff30
  12000: system.cpu: T0 : 0x10370    : jal ra, 2764               : IntAlu :  D=0x0000000000010374
  12500: system.cpu: T0 : 0x10e3c    : c_addi16sp sp, -320        : IntAlu :  D=0x7ffffffffffffdf0
  13000: system.cpu: T0 : 0x10e3e    : c_sdsp s0, 304(sp)         : MemWrite :  D=0x0000000000000000 A=0x7fffffffffffff20
  13500: system.cpu: T0 : 0x10e40    : c_sdsp s1, 296(sp)         : MemWrite :  D=0x0000000000000000 A=0x7fffffffffffff18
  14000: system.cpu: T0 : 0x10e42    : c_sdsp s2, 288(sp)         : MemWrite :  D=0x0000000000000000 A=0x7fffffffffffff10
  14500: system.cpu: T0 : 0x10e44    : c_sdsp a2, 16(sp)          : MemWrite :  D=0x7fffffffffffff38 A=0x7ffffffffffffe00
  15000: system.cpu: T0 : 0x10e46    : c_sdsp ra, 312(sp)         : MemWrite :  D=0x0000000000010374 A=0x7fffffffffffff28
  15500: system.cpu: T0 : 0x10e48    : addi t1, zero, 0           : IntAlu :  D=0x0000000000000000
  16000: system.cpu: T0 : 0x10e4c    : c_sdsp a0, 24(sp)          : MemWrite :  D=0x0000000000010e0e A=0x7ffffffffffffe08
  16500: system.cpu: T0 : 0x10e4e    : c_sdsp a1, 8(sp)           : MemWrite :  D=0x0000000000000001 A=0x7ffffffffffffdf8
  17000: system.cpu: T0 : 0x10e50    : c_mv s0, a3                : IntAlu :  D=0x0000000000011308
  17500: system.cpu: T0 : 0x10e52    : c_mv s1, a4                : IntAlu :  D=0x0000000000011398
  18000: system.cpu: T0 : 0x10e54    : c_mv s2, a5                : IntAlu :  D=0x0000000000000000
  18500: system.cpu: T0 : 0x10e56    : c_li a2, 0                 : IntAlu :  D=0x0000000000000000
  19000: system.cpu: T0 : 0x10e58    : beq t1, zero, 12           : IntAlu : 
  19500: system.cpu: T0 : 0x10e64    : c_ldsp a5, 8(sp)           : MemRead :  D=0x0000000000000001 A=0x7ffffffffffffdf8
  20500: system.cpu: T0 : 0x10e66    : addi a0, a5, 1             : IntAlu :  D=0x0000000000000002
  21000: system.cpu: T0 : 0x10e6a    : c_ldsp a5, 16(sp)          : MemRead :  D=0x7fffffffffffff38 A=0x7ffffffffffffe00
  21500: system.cpu: T0 : 0x10e6c    : c_slli a0, 3               : IntAlu :  D=0x0000000000000010
  22000: system.cpu: T0 : 0x10e6e    : c_add a0, a5               : IntAlu :  D=0x7fffffffffffff48
  22500: system.cpu: T0 : 0x10e70    : sw a2, -1728(gp)           : MemWrite :  D=0x0000000000000000 A=0x709e8
  23000: system.cpu: T0 : 0x10e74    : sd a0, -1360(gp)           : MemWrite :  D=0x7fffffffffffff48 A=0x70b58
  23500: system.cpu: T0 : 0x10e78    : lui a5, 111                : IntAlu :  D=0x000000000006f000
  24000: system.cpu: T0 : 0x10e7c    : sd a6, -80(a5)             : MemWrite :  D=0x7fffffffffffff30 A=0x6efb0
  24500: system.cpu: T0 : 0x10e80    : c_ld a2, 0(a0)             : MemRead :  D=0x0000000000000000 A=0x7fffffffffffff48
  25000: system.cpu: T0 : 0x10e82    : c_addi a0, 8               : IntAlu :  D=0x7fffffffffffff50
  25500: system.cpu: T0 : 0x10e84    : c_bnez a2, -4              : IntAlu : 
  26500: system.cpu: T0 : 0x10e86    : jal ra, 72978              : IntAlu :  D=0x0000000000010e8a
  27000: system.cpu: T0 : 0x22b98    : c_ld a5, 0(a0)             : MemRead :  D=0x0000000000000009 A=0x7fffffffffffff50
  28000: system.cpu: T0 : 0x22b9a    : lui a4, 114                : IntAlu :  D=0x0000000000072000
  29000: system.cpu: T0 : 0x22b9e    : sd a0, -368(a4)            : MemWrite :  D=0x7fffffffffffff50 A=0x71e90
  30000: system.cpu: T0 : 0x22ba2    : beq a5, zero, 618          : IntAlu : 
  30500: system.cpu: T0 : 0x22ba6    : c_addi16sp sp, -224        : IntAlu :  D=0x7ffffffffffffd10
  31000: system.cpu: T0 : 0x22ba8    : c_sdsp s1, 208(sp)         : MemWrite :  D=0x0000000000011398 A=0x7ffffffffffffde0
  32000: system.cpu: T0 : 0x22baa    : lui s1, 114                : IntAlu :  D=0x0000000000072000
  33000: system.cpu: T0 : 0x22bae    : ld a4, -296(s1)            : MemRead :  D=0x0000000000000000 A=0x71ed8
  33500: system.cpu: T0 : 0x22bb2    : c_sdsp s3, 192(sp)         : MemWrite :  D=0x0000000000000000 A=0x7ffffffffffffdd0
  34000: system.cpu: T0 : 0x22bb4    : c_sdsp a4, 64(sp)          : MemWrite :  D=0x0000000000000000 A=0x7ffffffffffffd50
  35000: system.cpu: T0 : 0x22bb6    : ld a4, -1336(gp)           : MemRead :  D=0x0000000000000000 A=0x70b70
  36000: system.cpu: T0 : 0x22bba    : lui a6, 111                : IntAlu :  D=0x000000000006f000
  37000: system.cpu: T0 : 0x22bbe    : addi a6, a6, -128          : IntAlu :  D=0x000000000006ef80
  37500: system.cpu: T0 : 0x22bc2    : c_sdsp a4, 32(sp)          : MemWrite :  D=0x0000000000000000 A=0x7ffffffffffffd30
  38000: system.cpu: T0 : 0x22bc4    : ld a4, 0(a6)               : MemRead :  D=0x0000000000000000 A=0x6ef80
  38500: system.cpu: T0 : 0x22bc8    : lui t3, 111                : IntAlu :  D=0x000000000006f000
  39000: system.cpu: T0 : 0x22bcc    : lui t1, 114                : IntAlu :  D=0x0000000000072000
  39500: system.cpu: T0 : 0x22bd0    : c_sdsp a4, 104(sp)         : MemWrite :  D=0x0000000000000000 A=0x7ffffffffffffd78
  40500: system.cpu: T0 : 0x22bd2    : lw a4, -72(t3)             : MemRead :  D=0x0000000000000001 A=0x6efb8
  41000: system.cpu: T0 : 0x22bd6    : c_sdsp s2, 200(sp)         : MemWrite :  D=0x0000000000000000 A=0x7ffffffffffffdd8
  41500: system.cpu: T0 : 0x22bd8    : c_sdsp a4, 80(sp)          : MemWrite :  D=0x0000000000000001 A=0x7ffffffffffffd60
  42500: system.cpu: T0 : 0x22bda    : lw a4, -224(t1)            : MemRead :  D=0x0000000000000000 A=0x71f20
  43000: system.cpu: T0 : 0x22bde    : c_sdsp s4, 184(sp)         : MemWrite :  D=0x0000000000000000 A=0x7ffffffffffffdc8
  43500: system.cpu: T0 : 0x22be0    : c_sdsp a4, 96(sp)          : MemWrite :  D=0x0000000000000000 A=0x7ffffffffffffd70
  44500: system.cpu: T0 : 0x22be2    : lw a4, -1344(gp)           : MemRead :  D=0x0000000000000000 A=0x70b68
  45000: system.cpu: T0 : 0x22be6    : c_sdsp s0, 216(sp)         : MemWrite :  D=0x0000000000011308 A=0x7ffffffffffffde8
  45500: system.cpu: T0 : 0x22be8    : lui s0, 114                : IntAlu :  D=0x0000000000072000
  46000: system.cpu: T0 : 0x22bec    : c_sdsp a4, 48(sp)          : MemWrite :  D=0x0000000000000000 A=0x7ffffffffffffd40
  47000: system.cpu: T0 : 0x22bee    : ld a4, -1328(gp)           : MemRead :  D=0x0000000000000000 A=0x70b78
  48000: system.cpu: T0 : 0x22bf2    : lui t6, 114                : IntAlu :  D=0x0000000000072000
  48500: system.cpu: T0 : 0x22bf6    : c_sdsp a4, 24(sp)          : MemWrite :  D=0x0000000000000000 A=0x7ffffffffffffd28
  49000: system.cpu: T0 : 0x22bf8    : ld a4, -360(s0)            : MemRead :  D=0x0000000000000000 A=0x71e98
  49500: system.cpu: T0 : 0x22bfc    : lui t2, 114                : IntAlu :  D=0x0000000000072000
  50000: system.cpu: T0 : 0x22c00    : lui t0, 114                : IntAlu :  D=0x0000000000072000
  50500: system.cpu: T0 : 0x22c04    : c_sdsp a4, 8(sp)           : MemWrite :  D=0x0000000000000000 A=0x7ffffffffffffd18
  51500: system.cpu: T0 : 0x22c06    : ld a4, -1784(gp)           : MemRead :  D=0x0000000000001000 A=0x709b0
  52500: system.cpu: T0 : 0x22c0a    : lui a3, 80                 : IntAlu :  D=0x0000000000050000
  53000: system.cpu: T0 : 0x22c0e    : c_sdsp s5, 176(sp)         : MemWrite :  D=0x0000000000000000 A=0x7ffffffffffffdc0
  53500: system.cpu: T0 : 0x22c10    : c_sdsp s6, 168(sp)         : MemWrite :  D=0x0000000000000000 A=0x7ffffffffffffdb8
  54000: system.cpu: T0 : 0x22c12    : c_sdsp s7, 160(sp)         : MemWrite :  D=0x0000000000000000 A=0x7ffffffffffffdb0
  54500: system.cpu: T0 : 0x22c14    : c_sdsp s8, 152(sp)         : MemWrite :  D=0x0000000000000000 A=0x7ffffffffffffda8
  55000: system.cpu: T0 : 0x22c16    : c_sdsp s10, 136(sp)        : MemWrite :  D=0x0000000000000000 A=0x7ffffffffffffd98
  55500: system.cpu: T0 : 0x22c18    : c_sdsp s11, 128(sp)        : MemWrite :  D=0x0000000000000000 A=0x7ffffffffffffd90
  56000: system.cpu: T0 : 0x22c1a    : c_sdsp a4, 120(sp)         : MemWrite :  D=0x0000000000001000 A=0x7ffffffffffffd88
  56500: system.cpu: T0 : 0x22c1c    : lw s7, -304(t6)            : MemRead :  D=0x0000000000000000 A=0x71ed0
  57000: system.cpu: T0 : 0x22c20    : ld s11, -272(t2)           : MemRead :  D=0x0000000000000000 A=0x71ef0
  57500: system.cpu: T0 : 0x22c24    : c_sdsp s9, 144(sp)         : MemWrite :  D=0x0000000000000000 A=0x7ffffffffffffda0
  58000: system.cpu: T0 : 0x22c26    : c_li s10, 0                : IntAlu :  D=0x0000000000000000
  58500: system.cpu: T0 : 0x22c28    : ld s9, -328(t0)            : MemRead :  D=0x0000000000000000 A=0x71eb8
  59000: system.cpu: T0 : 0x22c2c    : c_li s8, 0                 : IntAlu :  D=0x0000000000000000
  59500: system.cpu: T0 : 0x22c2e    : c_sdsp zero, 112(sp)       : MemWrite :  D=0x0000000000000000 A=0x7ffffffffffffd80
  60000: system.cpu: T0 : 0x22c30    : c_sdsp zero, 88(sp)        : MemWrite :  D=0x0000000000000000 A=0x7ffffffffffffd68
  60500: system.cpu: T0 : 0x22c32    : c_sdsp zero, 72(sp)        : MemWrite :  D=0x0000000000000000 A=0x7ffffffffffffd58
  61000: system.cpu: T0 : 0x22c34    : c_sdsp zero, 56(sp)        : MemWrite :  D=0x0000000000000000 A=0x7ffffffffffffd48
  61500: system.cpu: T0 : 0x22c36    : c_sdsp zero, 40(sp)        : MemWrite :  D=0x0000000000000000 A=0x7ffffffffffffd38
  62000: system.cpu: T0 : 0x22c38    : c_sdsp zero, 16(sp)        : MemWrite :  D=0x0000000000000000 A=0x7ffffffffffffd20
  62500: system.cpu: T0 : 0x22c3a    : c_li s6, 0                 : IntAlu :  D=0x0000000000000000
  63000: system.cpu: T0 : 0x22c3c    : c_li s5, 0                 : IntAlu :  D=0x0000000000000000
  63500: system.cpu: T0 : 0x22c3e    : c_li t5, 0                 : IntAlu :  D=0x0000000000000000
  64000: system.cpu: T0 : 0x22c40    : c_li a7, 0                 : IntAlu :  D=0x0000000000000000
  64500: system.cpu: T0 : 0x22c42    : c_li a1, 0                 : IntAlu :  D=0x0000000000000000
  65000: system.cpu: T0 : 0x22c44    : c_li a2, 0                 : IntAlu :  D=0x0000000000000000
  65500: system.cpu: T0 : 0x22c46    : c_li a4, 30                : IntAlu :  D=0x000000000000001e
  66000: system.cpu: T0 : 0x22c48    : addi a3, a3, 1232          : IntAlu :  D=0x00000000000504d0
  66500: system.cpu: T0 : 0x22c4c    : c_addi a5, -3              : IntAlu :  D=0x0000000000000006
  67500: system.cpu: T0 : 0x22c4e    : bltu a4, a5, 20            : IntAlu : 
  68000: system.cpu: T0 : 0x22c52    : c_slli a5, 2               : IntAlu :  D=0x0000000000000018
  68500: system.cpu: T0 : 0x22c54    : c_add a5, a3               : IntAlu :  D=0x00000000000504e8
  69000: system.cpu: T0 : 0x22c56    : c_lw a5, 0(a5)             : MemRead :  D=0x0000000000022c62 A=0x504e8
  69500: system.cpu: T0 : 0x22c58    : c_jr a5                    : IntAlu : 
  70000: system.cpu: T0 : 0x22c62    : c_ld a5, 16(a0)            : MemRead :  D=0x0000000000000005 A=0x7fffffffffffff60
  70500: system.cpu: T0 : 0x22c64    : c_addi a0, 16              : IntAlu :  D=0x7fffffffffffff60
  71000: system.cpu: T0 : 0x22c66    : c_bnez a5, -26             : IntAlu : 
  71500: system.cpu: T0 : 0x22c4c    : c_addi a5, -3              : IntAlu :  D=0x0000000000000002
  72500: system.cpu: T0 : 0x22c4e    : bltu a4, a5, 20            : IntAlu : 
  73000: system.cpu: T0 : 0x22c52    : c_slli a5, 2               : IntAlu :  D=0x0000000000000008
  73500: system.cpu: T0 : 0x22c54    : c_add a5, a3               : IntAlu :  D=0x00000000000504d8
  74000: system.cpu: T0 : 0x22c56    : c_lw a5, 0(a5)             : MemRead :  D=0x0000000000022de0 A=0x504d8
  74500: system.cpu: T0 : 0x22c58    : c_jr a5                    : IntAlu : 
  75000: system.cpu: T0 : 0x22de0    : c_ld a5, 16(a0)            : MemRead :  D=0x0000000000000004 A=0x7fffffffffffff70
  76000: system.cpu: T0 : 0x22de2    : ld s11, 8(a0)              : MemRead :  D=0x0000000000000006 A=0x7fffffffffffff68
  76500: system.cpu: T0 : 0x22de6    : c_li s8, 1                 : IntAlu :  D=0x0000000000000001
  77000: system.cpu: T0 : 0x22de8    : c_addi a0, 16              : IntAlu :  D=0x7fffffffffffff70
  78000: system.cpu: T0 : 0x22dea    : bne a5, zero, -414         : IntAlu : 
  78500: system.cpu: T0 : 0x22c4c    : c_addi a5, -3              : IntAlu :  D=0x0000000000000001
  79500: system.cpu: T0 : 0x22c4e    : bltu a4, a5, 20            : IntAlu : 
  80000: system.cpu: T0 : 0x22c52    : c_slli a5, 2               : IntAlu :  D=0x0000000000000004
  80500: system.cpu: T0 : 0x22c54    : c_add a5, a3               : IntAlu :  D=0x00000000000504d4
  81000: system.cpu: T0 : 0x22c56    : c_lw a5, 0(a5)             : MemRead :  D=0x0000000000022c62 A=0x504d4
  81500: system.cpu: T0 : 0x22c58    : c_jr a5                    : IntAlu : 
  82000: system.cpu: T0 : 0x22c62    : c_ld a5, 16(a0)            : MemRead :  D=0x0000000000000003 A=0x7fffffffffffff80
  82500: system.cpu: T0 : 0x22c64    : c_addi a0, 16              : IntAlu :  D=0x7fffffffffffff80
  83000: system.cpu: T0 : 0x22c66    : c_bnez a5, -26             : IntAlu : 
  83500: system.cpu: T0 : 0x22c4c    : c_addi a5, -3              : IntAlu :  D=0x0000000000000000
  84500: system.cpu: T0 : 0x22c4e    : bltu a4, a5, 20            : IntAlu : 
  85000: system.cpu: T0 : 0x22c52    : c_slli a5, 2               : IntAlu :  D=0x0000000000000000
  85500: system.cpu: T0 : 0x22c54    : c_add a5, a3               : IntAlu :  D=0x00000000000504d0
  86000: system.cpu: T0 : 0x22c56    : c_lw a5, 0(a5)             : MemRead :  D=0x0000000000022df0 A=0x504d0
  86500: system.cpu: T0 : 0x22c58    : c_jr a5                    : IntAlu : 
  87000: system.cpu: T0 : 0x22df0    : c_ld a5, 16(a0)            : MemRead :  D=0x0000000000000006 A=0x7fffffffffffff90
  88000: system.cpu: T0 : 0x22df2    : ld s9, 8(a0)               : MemRead :  D=0x0000000000010040 A=0x7fffffffffffff88
  88500: system.cpu: T0 : 0x22df6    : c_li s6, 1                 : IntAlu :  D=0x0000000000000001
  89000: system.cpu: T0 : 0x22df8    : c_addi a0, 16              : IntAlu :  D=0x7fffffffffffff90
  90000: system.cpu: T0 : 0x22dfa    : bne a5, zero, -430         : IntAlu : 
  90500: system.cpu: T0 : 0x22c4c    : c_addi a5, -3              : IntAlu :  D=0x0000000000000003
  91500: system.cpu: T0 : 0x22c4e    : bltu a4, a5, 20            : IntAlu : 
  92000: system.cpu: T0 : 0x22c52    : c_slli a5, 2               : IntAlu :  D=0x000000000000000c
  92500: system.cpu: T0 : 0x22c54    : c_add a5, a3               : IntAlu :  D=0x00000000000504dc
  93000: system.cpu: T0 : 0x22c56    : c_lw a5, 0(a5)             : MemRead :  D=0x0000000000022c5a A=0x504dc
  93500: system.cpu: T0 : 0x22c58    : c_jr a5                    : IntAlu : 
  94000: system.cpu: T0 : 0x22c5a    : c_ld a5, 8(a0)             : MemRead :  D=0x0000000000001000 A=0x7fffffffffffff98
  94500: system.cpu: T0 : 0x22c5c    : c_beqz a5, 6               : IntAlu : 
  95000: system.cpu: T0 : 0x22c5e    : c_sdsp a5, 120(sp)         : MemWrite :  D=0x0000000000001000 A=0x7ffffffffffffd88
  95500: system.cpu: T0 : 0x22c60    : c_li t5, 1                 : IntAlu :  D=0x0000000000000001
  96000: system.cpu: T0 : 0x22c62    : c_ld a5, 16(a0)            : MemRead :  D=0x0000000000000017 A=0x7fffffffffffffa0
  96500: system.cpu: T0 : 0x22c64    : c_addi a0, 16              : IntAlu :  D=0x7fffffffffffffa0
  97000: system.cpu: T0 : 0x22c66    : c_bnez a5, -26             : IntAlu : 
  97500: system.cpu: T0 : 0x22c4c    : c_addi a5, -3              : IntAlu :  D=0x0000000000000014
  98500: system.cpu: T0 : 0x22c4e    : bltu a4, a5, 20            : IntAlu : 
  99000: system.cpu: T0 : 0x22c52    : c_slli a5, 2               : IntAlu :  D=0x0000000000000050
  99500: system.cpu: T0 : 0x22c54    : c_add a5, a3               : IntAlu :  D=0x0000000000050520
 100000: system.cpu: T0 : 0x22c56    : c_lw a5, 0(a5)             : MemRead :  D=0x0000000000022d34 A=0x50520
 100500: system.cpu: T0 : 0x22c58    : c_jr a5                    : IntAlu : 
 101000: system.cpu: T0 : 0x22d34    : c_lw a5, 8(a0)             : MemRead :  D=0x0000000000000000 A=0x7fffffffffffffa8
 101500: system.cpu: T0 : 0x22d36    : c_li a2, -1                : IntAlu :  D=0xffffffffffffffff
 102000: system.cpu: T0 : 0x22d38    : c_addi a0, 16              : IntAlu :  D=0x7fffffffffffffb0
 102500: system.cpu: T0 : 0x22d3a    : c_sdsp a5, 80(sp)          : MemWrite :  D=0x0000000000000000 A=0x7ffffffffffffd60
 103000: system.cpu: T0 : 0x22d3c    : c_li a5, 1                 : IntAlu :  D=0x0000000000000001
 103500: system.cpu: T0 : 0x22d3e    : c_sdsp a5, 96(sp)          : MemWrite :  D=0x0000000000000001 A=0x7ffffffffffffd70
 104000: system.cpu: T0 : 0x22d40    : c_sdsp a5, 88(sp)          : MemWrite :  D=0x0000000000000001 A=0x7ffffffffffffd68
 104500: system.cpu: T0 : 0x22d42    : c_ld a5, 0(a0)             : MemRead :  D=0x0000000000000019 A=0x7fffffffffffffb0
 105000: system.cpu: T0 : 0x22d44    : c_bnez a5, -248            : IntAlu : 
 105500: system.cpu: T0 : 0x22c4c    : c_addi a5, -3              : IntAlu :  D=0x0000000000000016
 106500: system.cpu: T0 : 0x22c4e    : bltu a4, a5, 20            : IntAlu : 
 107000: system.cpu: T0 : 0x22c52    : c_slli a5, 2               : IntAlu :  D=0x0000000000000058
 107500: system.cpu: T0 : 0x22c54    : c_add a5, a3               : IntAlu :  D=0x0000000000050528
 108000: system.cpu: T0 : 0x22c56    : c_lw a5, 0(a5)             : MemRead :  D=0x0000000000022d24 A=0x50528
 108500: system.cpu: T0 : 0x22c58    : c_jr a5                    : IntAlu : 
 109000: system.cpu: T0 : 0x22d24    : c_ld a5, 8(a0)             : MemRead :  D=0x7fffffffffffffd8 A=0x7fffffffffffffb8
 109500: system.cpu: T0 : 0x22d26    : c_addi a0, 16              : IntAlu :  D=0x7fffffffffffffc0
 110000: system.cpu: T0 : 0x22d28    : c_sdsp a5, 104(sp)         : MemWrite :  D=0x7fffffffffffffd8 A=0x7ffffffffffffd78
 110500: system.cpu: T0 : 0x22d2a    : c_li a5, 1                 : IntAlu :  D=0x0000000000000001
 111000: system.cpu: T0 : 0x22d2c    : c_sdsp a5, 112(sp)         : MemWrite :  D=0x0000000000000001 A=0x7ffffffffffffd80
 111500: system.cpu: T0 : 0x22d2e    : c_ld a5, 0(a0)             : MemRead :  D=0x0000000000000000 A=0x7fffffffffffffc0
 112000: system.cpu: T0 : 0x22d30    : c_bnez a5, -228            : IntAlu : 
 112500: system.cpu: T0 : 0x22d32    : c_j -202                   : IntAlu : 
 113000: system.cpu: T0 : 0x22c68    : bne t5, zero, 408          : IntAlu : 
 113500: system.cpu: T0 : 0x22e00    : c_ldsp a5, 120(sp)         : MemRead :  D=0x0000000000001000 A=0x7ffffffffffffd88
 114500: system.cpu: T0 : 0x22e02    : sd a5, -1784(gp)           : MemWrite :  D=0x0000000000001000 A=0x709b0
 115500: system.cpu: T0 : 0x22e06    : bne s5, zero, -406         : IntAlu : 
 116000: system.cpu: T0 : 0x22e0a    : c_j -406                   : IntAlu : 
 116500: system.cpu: T0 : 0x22c74    : beq s6, zero, 8            : IntAlu : 
 117000: system.cpu: T0 : 0x22c78    : sd s9, -328(t0)            : MemWrite :  D=0x0000000000010040 A=0x71eb8
 117500: system.cpu: T0 : 0x22c7c    : beq s8, zero, 8            : IntAlu : 
 118000: system.cpu: T0 : 0x22c80    : sd s11, -272(t2)           : MemWrite :  D=0x0000000000000006 A=0x71ef0
 118500: system.cpu: T0 : 0x22c84    : beq s10, zero, 10          : IntAlu : 
 119000: system.cpu: T0 : 0x22c8e    : c_ldsp a5, 16(sp)          : MemRead :  D=0x0000000000000000 A=0x7ffffffffffffd20
 119500: system.cpu: T0 : 0x22c90    : c_beqz a5, 8               : IntAlu : 
 120000: system.cpu: T0 : 0x22c98    : c_ldsp a5, 40(sp)          : MemRead :  D=0x0000000000000000 A=0x7ffffffffffffd38
 120500: system.cpu: T0 : 0x22c9a    : c_beqz a5, 8               : IntAlu : 
 121000: system.cpu: T0 : 0x22ca2    : c_ldsp a5, 56(sp)          : MemRead :  D=0x0000000000000000 A=0x7ffffffffffffd48
 121500: system.cpu: T0 : 0x22ca4    : c_beqz a5, 8               : IntAlu : 
 122000: system.cpu: T0 : 0x22cac    : c_ldsp a5, 72(sp)          : MemRead :  D=0x0000000000000000 A=0x7ffffffffffffd58
 122500: system.cpu: T0 : 0x22cae    : c_beqz a5, 8               : IntAlu : 
 123000: system.cpu: T0 : 0x22cb6    : c_ldsp a5, 88(sp)          : MemRead :  D=0x0000000000000001 A=0x7ffffffffffffd68
 123500: system.cpu: T0 : 0x22cb8    : c_beqz a5, 14              : IntAlu : 
 124000: system.cpu: T0 : 0x22cba    : c_ldsp a5, 80(sp)          : MemRead :  D=0x0000000000000000 A=0x7ffffffffffffd60
 124500: system.cpu: T0 : 0x22cbc    : sw a5, -72(t3)             : MemWrite :  D=0x0000000000000000 A=0x6efb8
 125000: system.cpu: T0 : 0x22cc0    : c_ldsp a5, 96(sp)          : MemRead :  D=0x0000000000000001 A=0x7ffffffffffffd70
 126000: system.cpu: T0 : 0x22cc2    : sw a5, -224(t1)            : MemWrite :  D=0x0000000000000001 A=0x71f20
 126500: system.cpu: T0 : 0x22cc6    : c_ldsp a5, 112(sp)         : MemRead :  D=0x0000000000000001 A=0x7ffffffffffffd80
 127000: system.cpu: T0 : 0x22cc8    : c_beqz a5, 8               : IntAlu : 
 127500: system.cpu: T0 : 0x22cca    : c_ldsp a5, 104(sp)         : MemRead :  D=0x7fffffffffffffd8 A=0x7ffffffffffffd78
 128000: system.cpu: T0 : 0x22ccc    : sd a5, 0(a6)               : MemWrite :  D=0x7fffffffffffffd8 A=0x6ef80
 128500: system.cpu: T0 : 0x22cd0    : c_li a5, 15                : IntAlu :  D=0x000000000000000f
 129500: system.cpu: T0 : 0x22cd2    : bne a2, a5, 22             : IntAlu : 
 130000: system.cpu: T0 : 0x22ce8    : c_ldsp s0, 216(sp)         : MemRead :  D=0x0000000000011308 A=0x7ffffffffffffde8
 130500: system.cpu: T0 : 0x22cea    : c_ldsp s1, 208(sp)         : MemRead :  D=0x0000000000011398 A=0x7ffffffffffffde0
 131000: system.cpu: T0 : 0x22cec    : c_ldsp s2, 200(sp)         : MemRead :  D=0x0000000000000000 A=0x7ffffffffffffdd8
 131500: system.cpu: T0 : 0x22cee    : c_ldsp s3, 192(sp)         : MemRead :  D=0x0000000000000000 A=0x7ffffffffffffdd0
 132000: system.cpu: T0 : 0x22cf0    : c_ldsp s4, 184(sp)         : MemRead :  D=0x0000000000000000 A=0x7ffffffffffffdc8
 132500: system.cpu: T0 : 0x22cf2    : c_ldsp s5, 176(sp)         : MemRead :  D=0x0000000000000000 A=0x7ffffffffffffdc0
 133000: system.cpu: T0 : 0x22cf4    : c_ldsp s6, 168(sp)         : MemRead :  D=0x0000000000000000 A=0x7ffffffffffffdb8
 133500: system.cpu: T0 : 0x22cf6    : c_ldsp s7, 160(sp)         : MemRead :  D=0x0000000000000000 A=0x7ffffffffffffdb0
 134000: system.cpu: T0 : 0x22cf8    : c_ldsp s8, 152(sp)         : MemRead :  D=0x0000000000000000 A=0x7ffffffffffffda8
 134500: system.cpu: T0 : 0x22cfa    : c_ldsp s9, 144(sp)         : MemRead :  D=0x0000000000000000 A=0x7ffffffffffffda0
 135000: system.cpu: T0 : 0x22cfc    : c_ldsp s10, 136(sp)        : MemRead :  D=0x0000000000000000 A=0x7ffffffffffffd98
 135500: system.cpu: T0 : 0x22cfe    : c_ldsp s11, 128(sp)        : MemRead :  D=0x0000000000000000 A=0x7ffffffffffffd90
 136000: system.cpu: T0 : 0x22d00    : c_addi16sp sp, 224         : IntAlu :  D=0x7ffffffffffffdf0
 136500: system.cpu: T0 : 0x22d02    : c_jr ra                    : IntAlu : 
 137500: system.cpu: T0 : 0x10e8a    : lui a5, 114                : IntAlu :  D=0x0000000000072000
 138500: system.cpu: T0 : 0x10e8e    : ld a4, -328(a5)            : MemRead :  D=0x0000000000010040 A=0x71eb8
 139500: system.cpu: T0 : 0x10e92    : beq a4, zero, 320          : IntAlu : 
 140500: system.cpu: T0 : 0x10e96    : jal ra, 75484              : IntAlu :  D=0x0000000000010e9a
 141500: system.cpu: T0 : 0x23572    : lui a5, 114                : IntAlu :  D=0x0000000000072000
 142500: system.cpu: T0 : 0x23576    : lw a5, -224(a5)            : MemRead :  D=0x0000000000000001 A=0x71f20
 143000: system.cpu: T0 : 0x2357a    : c_beqz a5, 4               : IntAlu : 
 143500: system.cpu: T0 : 0x2357c    : c_jr ra                    : IntAlu : 
 144500: system.cpu: T0 : 0x10e9a    : ld a0, -1360(gp)           : MemRead :  D=0x7fffffffffffff48 A=0x70b58
 145500: system.cpu: T0 : 0x10e9e    : jal ra, 71982              : IntAlu :  D=0x0000000000010ea2
 146000: system.cpu: T0 : 0x227cc    : c_addi16sp sp, -128        : IntAlu :  D=0x7ffffffffffffd70
 146500: system.cpu: T0 : 0x227ce    : c_sdsp s4, 80(sp)          : MemWrite :  D=0x0000000000000000 A=0x7ffffffffffffdc0
 147000: system.cpu: T0 : 0x227d0    : lui s4, 111                : IntAlu :  D=0x000000000006f000
 147500: system.cpu: T0 : 0x227d4    : lw a5, -72(s4)             : MemRead :  D=0x0000000000000000 A=0x6efb8
 148000: system.cpu: T0 : 0x227d8    : c_sdsp s7, 56(sp)          : MemWrite :  D=0x0000000000000000 A=0x7ffffffffffffda8
 148500: system.cpu: T0 : 0x227da    : c_sdsp ra, 120(sp)         : MemWrite :  D=0x0000000000010ea2 A=0x7ffffffffffffde8
 149000: system.cpu: T0 : 0x227dc    : c_sdsp s0, 112(sp)         : MemWrite :  D=0x0000000000011308 A=0x7ffffffffffffde0
 149500: system.cpu: T0 : 0x227de    : c_sdsp s1, 104(sp)         : MemWrite :  D=0x0000000000011398 A=0x7ffffffffffffdd8
 150000: system.cpu: T0 : 0x227e0    : c_sdsp s2, 96(sp)          : MemWrite :  D=0x0000000000000000 A=0x7ffffffffffffdd0
 150500: system.cpu: T0 : 0x227e2    : c_sdsp s3, 88(sp)          : MemWrite :  D=0x0000000000000000 A=0x7ffffffffffffdc8
 151000: system.cpu: T0 : 0x227e4    : c_sdsp s5, 72(sp)          : MemWrite :  D=0x0000000000000000 A=0x7ffffffffffffdb8
 151500: system.cpu: T0 : 0x227e6    : c_sdsp s6, 64(sp)          : MemWrite :  D=0x0000000000000000 A=0x7ffffffffffffdb0
 152000: system.cpu: T0 : 0x227e8    : c_sdsp s8, 48(sp)          : MemWrite :  D=0x0000000000000000 A=0x7ffffffffffffda0
 152500: system.cpu: T0 : 0x227ea    : c_sdsp s9, 40(sp)          : MemWrite :  D=0x0000000000000000 A=0x7ffffffffffffd98
 153000: system.cpu: T0 : 0x227ec    : c_sdsp s10, 32(sp)         : MemWrite :  D=0x0000000000000000 A=0x7ffffffffffffd90
 153500: system.cpu: T0 : 0x227ee    : c_sdsp s11, 24(sp)         : MemWrite :  D=0x0000000000000000 A=0x7ffffffffffffd88
 154000: system.cpu: T0 : 0x227f0    : c_mv s7, a0                : IntAlu :  D=0x7fffffffffffff48
 155000: system.cpu: T0 : 0x227f2    : bne a5, zero, 750          : IntAlu : 
 156000: system.cpu: T0 : 0x227f6    : lui s0, 111                : IntAlu :  D=0x000000000006f000
 157000: system.cpu: T0 : 0x227fa    : addi s3, zero, 61          : IntAlu :  D=0x000000000000003d
 158000: system.cpu: T0 : 0x227fe    : lui s1, 80                 : IntAlu :  D=0x0000000000050000
 159000: system.cpu: T0 : 0x22802    : addi s6, s0, -1248         : IntAlu :  D=0x000000000006eb20
 160000: system.cpu: T0 : 0x22806    : beq s7, zero, 166          : IntAlu : 
 160500: system.cpu: T0 : 0x2280a    : c_mv a3, s7                : IntAlu :  D=0x7fffffffffffff48
 161000: system.cpu: T0 : 0x2280c    : ld s9, 0(a3)               : MemRead :  D=0x0000000000000000 A=0x7fffffffffffff48
 161500: system.cpu: T0 : 0x22810    : c_mv s5, a3                : IntAlu :  D=0x7fffffffffffff48
 162500: system.cpu: T0 : 0x22812    : beq s9, zero, 154          : IntAlu : 
 163000: system.cpu: T0 : 0x228ac    : c_ldsp ra, 120(sp)         : MemRead :  D=0x0000000000010ea2 A=0x7ffffffffffffde8
 163500: system.cpu: T0 : 0x228ae    : c_ldsp s0, 112(sp)         : MemRead :  D=0x0000000000011308 A=0x7ffffffffffffde0
 164000: system.cpu: T0 : 0x228b0    : c_ldsp s1, 104(sp)         : MemRead :  D=0x0000000000011398 A=0x7ffffffffffffdd8
 164500: system.cpu: T0 : 0x228b2    : c_ldsp s2, 96(sp)          : MemRead :  D=0x0000000000000000 A=0x7ffffffffffffdd0
 165000: system.cpu: T0 : 0x228b4    : c_ldsp s3, 88(sp)          : MemRead :  D=0x0000000000000000 A=0x7ffffffffffffdc8
 165500: system.cpu: T0 : 0x228b6    : c_ldsp s4, 80(sp)          : MemRead :  D=0x0000000000000000 A=0x7ffffffffffffdc0
 166000: system.cpu: T0 : 0x228b8    : c_ldsp s5, 72(sp)          : MemRead :  D=0x0000000000000000 A=0x7ffffffffffffdb8
 166500: system.cpu: T0 : 0x228ba    : c_ldsp s6, 64(sp)          : MemRead :  D=0x0000000000000000 A=0x7ffffffffffffdb0
 167000: system.cpu: T0 : 0x228bc    : c_ldsp s7, 56(sp)          : MemRead :  D=0x0000000000000000 A=0x7ffffffffffffda8
 167500: system.cpu: T0 : 0x228be    : c_ldsp s8, 48(sp)          : MemRead :  D=0x0000000000000000 A=0x7ffffffffffffda0
 168000: system.cpu: T0 : 0x228c0    : c_ldsp s9, 40(sp)          : MemRead :  D=0x0000000000000000 A=0x7ffffffffffffd98
 168500: system.cpu: T0 : 0x228c2    : c_ldsp s10, 32(sp)         : MemRead :  D=0x0000000000000000 A=0x7ffffffffffffd90
 169000: system.cpu: T0 : 0x228c4    : c_ldsp s11, 24(sp)         : MemRead :  D=0x0000000000000000 A=0x7ffffffffffffd88
 169500: system.cpu: T0 : 0x228c6    : c_addi16sp sp, 128         : IntAlu :  D=0x7ffffffffffffdf0
 170000: system.cpu: T0 : 0x228c8    : c_jr ra                    : IntAlu : 
 171000: system.cpu: T0 : 0x10ea2    : jal ra, 664                : IntAlu :  D=0x0000000000010ea6
 171500: system.cpu: T0 : 0x1113a    : c_addi16sp sp, -128        : IntAlu :  D=0x7ffffffffffffd70
 172000: system.cpu: T0 : 0x1113c    : lui a5, 114                : IntAlu :  D=0x0000000000072000
 172500: system.cpu: T0 : 0x11140    : c_sdsp s0, 112(sp)         : MemWrite :  D=0x0000000000011308 A=0x7ffffffffffffde0
 173500: system.cpu: T0 : 0x11142    : ld s0, -328(a5)            : MemRead :  D=0x0000000000010040 A=0x71eb8
 174000: system.cpu: T0 : 0x11146    : c_sdsp s3, 88(sp)          : MemWrite :  D=0x0000000000000000 A=0x7ffffffffffffdc8
 174500: system.cpu: T0 : 0x11148    : lui a5, 112                : IntAlu :  D=0x0000000000070000
 175000: system.cpu: T0 : 0x1114c    : c_sdsp ra, 120(sp)         : MemWrite :  D=0x0000000000010ea6 A=0x7ffffffffffffde8
 175500: system.cpu: T0 : 0x1114e    : c_sdsp s1, 104(sp)         : MemWrite :  D=0x0000000000011398 A=0x7ffffffffffffdd8
 176000: system.cpu: T0 : 0x11150    : c_sdsp s2, 96(sp)          : MemWrite :  D=0x0000000000000000 A=0x7ffffffffffffdd0
 176500: system.cpu: T0 : 0x11152    : c_sdsp s4, 80(sp)          : MemWrite :  D=0x0000000000000000 A=0x7ffffffffffffdc0
 177000: system.cpu: T0 : 0x11154    : c_sdsp s5, 72(sp)          : MemWrite :  D=0x0000000000000000 A=0x7ffffffffffffdb8
 177500: system.cpu: T0 : 0x11156    : c_sdsp s6, 64(sp)          : MemWrite :  D=0x0000000000000000 A=0x7ffffffffffffdb0
 178000: system.cpu: T0 : 0x11158    : c_sdsp s7, 56(sp)          : MemWrite :  D=0x0000000000000000 A=0x7ffffffffffffda8
 178500: system.cpu: T0 : 0x1115a    : c_sdsp s8, 48(sp)          : MemWrite :  D=0x0000000000000000 A=0x7ffffffffffffda0
 179000: system.cpu: T0 : 0x1115c    : c_sdsp s9, 40(sp)          : MemWrite :  D=0x0000000000000000 A=0x7ffffffffffffd98
 179500: system.cpu: T0 : 0x1115e    : c_sdsp s10, 32(sp)         : MemWrite :  D=0x0000000000000000 A=0x7ffffffffffffd90
 180000: system.cpu: T0 : 0x11160    : c_sdsp s11, 24(sp)         : MemWrite :  D=0x0000000000000000 A=0x7ffffffffffffd88
 181000: system.cpu: T0 : 0x11162    : ld s3, 944(a5)             : MemRead :  D=0x000000000006fee0 A=0x703b0
 182000: system.cpu: T0 : 0x11166    : beq s0, zero, 368          : IntAlu : 
 183000: system.cpu: T0 : 0x1116a    : lui a5, 114                : IntAlu :  D=0x0000000000072000
 184000: system.cpu: T0 : 0x1116e    : ld a5, -272(a5)            : MemRead :  D=0x0000000000000006 A=0x71ef0
 185000: system.cpu: T0 : 0x11172    : slli a4, a5, 3             : IntAlu :  D=0x0000000000000030
 185500: system.cpu: T0 : 0x11176    : c_sub a4, a5               : IntAlu :  D=0x000000000000002a
 186000: system.cpu: T0 : 0x11178    : c_slli a4, 3               : IntAlu :  D=0x0000000000000150
 186500: system.cpu: T0 : 0x1117a    : c_add a4, s0               : IntAlu :  D=0x0000000000010190
 187000: system.cpu: T0 : 0x1117c    : bgeu s0, a4, 322           : IntAlu : 
 187500: system.cpu: T0 : 0x11180    : c_li a3, 7                 : IntAlu :  D=0x0000000000000007
 188000: system.cpu: T0 : 0x11182    : c_j 10                     : IntAlu : 
 188500: system.cpu: T0 : 0x1118c    : c_lw a5, 0(s0)             : MemRead :  D=0x0000000000000001 A=0x10040
 189500: system.cpu: T0 : 0x1118e    : bne a5, a3, -10            : IntAlu : 
 190000: system.cpu: T0 : 0x11184    : addi s0, s0, 56            : IntAlu :  D=0x0000000000010078
 190500: system.cpu: T0 : 0x11188    : bgeu s0, a4, 310           : IntAlu : 
 191000: system.cpu: T0 : 0x1118c    : c_lw a5, 0(s0)             : MemRead :  D=0x0000000000000001 A=0x10078
 192000: system.cpu: T0 : 0x1118e    : bne a5, a3, -10            : IntAlu : 
 192500: system.cpu: T0 : 0x11184    : addi s0, s0, 56            : IntAlu :  D=0x00000000000100b0
 193000: system.cpu: T0 : 0x11188    : bgeu s0, a4, 310           : IntAlu : 
 193500: system.cpu: T0 : 0x1118c    : c_lw a5, 0(s0)             : MemRead :  D=0x0000000000000004 A=0x100b0
 194500: system.cpu: T0 : 0x1118e    : bne a5, a3, -10            : IntAlu : 
 195000: system.cpu: T0 : 0x11184    : addi s0, s0, 56            : IntAlu :  D=0x00000000000100e8
 195500: system.cpu: T0 : 0x11188    : bgeu s0, a4, 310           : IntAlu : 
 196000: system.cpu: T0 : 0x1118c    : c_lw a5, 0(s0)             : MemRead :  D=0x0000000000000007 A=0x100e8
 197000: system.cpu: T0 : 0x1118e    : bne a5, a3, -10            : IntAlu : 
 198000: system.cpu: T0 : 0x11192    : ld s5, 48(s0)              : MemRead :  D=0x0000000000000008 A=0x10118
 199000: system.cpu: T0 : 0x11196    : ld a1, 0(s3)               : MemRead :  D=0x0000000000000000 A=0x6fee0
 199500: system.cpu: T0 : 0x1119a    : c_ld a4, 16(s0)            : MemRead :  D=0x000000000006ead0 A=0x100f8
 200000: system.cpu: T0 : 0x1119c    : c_li a5, 16                : IntAlu :  D=0x0000000000000010
 201000: system.cpu: T0 : 0x1119e    : ld s10, 40(s0)             : MemRead :  D=0x0000000000000060 A=0x10110
 202000: system.cpu: T0 : 0x111a2    : ld s4, 32(s0)              : MemRead :  D=0x0000000000000020 A=0x10108
 202500: system.cpu: T0 : 0x111a6    : c_mv s8, s5                : IntAlu :  D=0x0000000000000008
 203000: system.cpu: T0 : 0x111a8    : add s0, a1, a4             : IntAlu :  D=0x000000000006ead0
 203500: system.cpu: T0 : 0x111ac    : bltu s5, a5, 260           : IntAlu : 
 204000: system.cpu: T0 : 0x112b0    : c_li s8, 16                : IntAlu :  D=0x0000000000000010
 205000: system.cpu: T0 : 0x112b2    : addi a4, s8, -1            : IntAlu :  D=0x000000000000000f
 205500: system.cpu: T0 : 0x112b6    : c_mv s9, s5                : IntAlu :  D=0x0000000000000008
 206000: system.cpu: T0 : 0x112b8    : bne s5, zero, -254         : IntAlu : 
 207000: system.cpu: T0 : 0x111ba    : sub s11, zero, s8          : IntAlu :  D=0xfffffffffffffff0
 208000: system.cpu: T0 : 0x111be    : beq s5, zero, 302          : IntAlu : 
 209000: system.cpu: T0 : 0x111c2    : addi s2, s5, -1            : IntAlu :  D=0x0000000000000007
 210000: system.cpu: T0 : 0x111c6    : divu a5, s2, s9            : IntDiv :  D=0x0000000000000000
 210500: system.cpu: T0 : 0x111ca    : c_add s2, s10              : IntAlu :  D=0x0000000000000067
 211000: system.cpu: T0 : 0x111cc    : mul s7, a5, s9             : IntMult :  D=0x0000000000000000
 211500: system.cpu: T0 : 0x111d0    : c_mv a5, s7                : IntAlu :  D=0x0000000000000000
 212500: system.cpu: T0 : 0x111d2    : ld a0, -1968(gp)           : MemRead :  D=0x0000000000000800 A=0x708f8
 213000: system.cpu: T0 : 0x111d6    : c_sdsp a5, 8(sp)           : MemWrite :  D=0x0000000000000000 A=0x7ffffffffffffd78
 213500: system.cpu: T0 : 0x111d8    : c_sdsp a4, 0(sp)           : MemWrite :  D=0x000000000000000f A=0x7ffffffffffffd70
 214500: system.cpu: T0 : 0x111da    : addi a0, a0, 1808          : IntAlu :  D=0x0000000000000f10
 215000: system.cpu: T0 : 0x111de    : c_add a0, s10              : IntAlu :  D=0x0000000000000f70
 215500: system.cpu: T0 : 0x111e0    : c_add a0, s8               : IntAlu :  D=0x0000000000000f80
 216000: system.cpu: T0 : 0x111e2    : c_add a0, s7               : IntAlu :  D=0x0000000000000f80
 216500: system.cpu: T0 : 0x111e4    : jal ra, 67220              : IntAlu :  D=0x00000000000111e8
 217000: system.cpu: T0 : 0x21878    : c_addi sp, -32             : IntAlu :  D=0x7ffffffffffffd50
 217500: system.cpu: T0 : 0x2187a    : c_sdsp s2, 0(sp)           : MemWrite :  D=0x0000000000000067 A=0x7ffffffffffffd50
 218000: system.cpu: T0 : 0x2187c    : c_sdsp s1, 8(sp)           : MemWrite :  D=0x0000000000011398 A=0x7ffffffffffffd58
 219000: system.cpu: T0 : 0x2187e    : ld s1, -1200(gp)           : MemRead :  D=0x0000000000000000 A=0x70bf8
 219500: system.cpu: T0 : 0x21882    : c_sdsp s0, 16(sp)          : MemWrite :  D=0x000000000006ead0 A=0x7ffffffffffffd60
 220000: system.cpu: T0 : 0x21884    : c_sdsp ra, 24(sp)          : MemWrite :  D=0x00000000000111e8 A=0x7ffffffffffffd68
 220500: system.cpu: T0 : 0x21886    : c_mv s0, a0                : IntAlu :  D=0x0000000000000f80
 221000: system.cpu: T0 : 0x21888    : c_beqz s1, 46              : IntAlu : 
 221500: system.cpu: T0 : 0x218b6    : c_li a0, 0                 : IntAlu :  D=0x0000000000000000
 222000: system.cpu: T0 : 0x218b8    : jal ra, 98418              : IntAlu :  D=0x00000000000218bc
 222500: system.cpu: T0 : 0x3992a    : c_mv a5, a0                : IntAlu :  D=0x0000000000000000
 223000: system.cpu: T0 : 0x3992c    : addi a7, zero, 214         : IntAlu :  D=0x00000000000000d6
 223500: system.cpu: T0 : 0x39930    : ecall                      : No_OpClass : 
 224000: system.cpu: T0 : 0x39934    : sd a0, -1200(gp)           : MemWrite :  D=0x0000000000073000 A=0x70bf8
 224500: system.cpu: T0 : 0x39938    : bltu a0, a5, 8             : IntAlu : 
 225000: system.cpu: T0 : 0x3993c    : c_li a0, 0                 : IntAlu :  D=0x0000000000000000
 225500: system.cpu: T0 : 0x3993e    : c_jr ra                    : IntAlu : 
 226000: system.cpu: T0 : 0x218bc    : blt a0, zero, -22          : IntAlu : 
 226500: system.cpu: T0 : 0x218c0    : ld s1, -1200(gp)           : MemRead :  D=0x0000000000073000 A=0x70bf8
 227000: system.cpu: T0 : 0x218c4    : c_j -52                    : IntAlu : 
 227500: system.cpu: T0 : 0x21890    : c_beqz s0, 24              : IntAlu : 
 228500: system.cpu: T0 : 0x21892    : bge zero, s0, 52           : IntAlu : 
 229500: system.cpu: T0 : 0x21896    : add a5, s0, s1             : IntAlu :  D=0x0000000000073f80
 230500: system.cpu: T0 : 0x2189a    : sltu a5, a5, s1            : IntAlu :  D=0x0000000000000000
 231000: system.cpu: T0 : 0x2189e    : c_beqz a5, 50              : IntAlu : 
 231500: system.cpu: T0 : 0x218d0    : add a0, s1, s0             : IntAlu :  D=0x0000000000073f80
 232000: system.cpu: T0 : 0x218d4    : jal ra, 98390              : IntAlu :  D=0x00000000000218d8
 232500: system.cpu: T0 : 0x3992a    : c_mv a5, a0                : IntAlu :  D=0x0000000000073f80
 233000: system.cpu: T0 : 0x3992c    : addi a7, zero, 214         : IntAlu :  D=0x00000000000000d6
 233500: system.cpu: T0 : 0x39930    : ecall                      : No_OpClass : 
 234000: system.cpu: T0 : 0x39934    : sd a0, -1200(gp)           : MemWrite :  D=0x0000000000073f80 A=0x70bf8
 234500: system.cpu: T0 : 0x39938    : bltu a0, a5, 8             : IntAlu : 
 235000: system.cpu: T0 : 0x3993c    : c_li a0, 0                 : IntAlu :  D=0x0000000000000000
 235500: system.cpu: T0 : 0x3993e    : c_jr ra                    : IntAlu : 
 236000: system.cpu: T0 : 0x218d8    : blt a0, zero, -50          : IntAlu : 
 236500: system.cpu: T0 : 0x218dc    : c_ldsp ra, 24(sp)          : MemRead :  D=0x00000000000111e8 A=0x7ffffffffffffd68
 237000: system.cpu: T0 : 0x218de    : c_ldsp s0, 16(sp)          : MemRead :  D=0x000000000006ead0 A=0x7ffffffffffffd60
 237500: system.cpu: T0 : 0x218e0    : c_ldsp s2, 0(sp)           : MemRead :  D=0x0000000000000067 A=0x7ffffffffffffd50
 238000: system.cpu: T0 : 0x218e2    : c_mv a0, s1                : IntAlu :  D=0x0000000000073000
 238500: system.cpu: T0 : 0x218e4    : c_ldsp s1, 8(sp)           : MemRead :  D=0x0000000000011398 A=0x7ffffffffffffd58
 239000: system.cpu: T0 : 0x218e6    : c_addi16sp sp, 32          : IntAlu :  D=0x7ffffffffffffd70
 239500: system.cpu: T0 : 0x218e8    : c_jr ra                    : IntAlu : 
 240000: system.cpu: T0 : 0x111e8    : divu s2, s2, s9            : IntDiv :  D=0x000000000000000c
 240500: system.cpu: T0 : 0x111ec    : c_ldsp a4, 0(sp)           : MemRead :  D=0x000000000000000f A=0x7ffffffffffffd70
 241000: system.cpu: T0 : 0x111ee    : c_ldsp a5, 8(sp)           : MemRead :  D=0x0000000000000000 A=0x7ffffffffffffd78
 241500: system.cpu: T0 : 0x111f0    : addi s1, a0, 1808          : IntAlu :  D=0x0000000000073710
 242000: system.cpu: T0 : 0x111f4    : c_add s1, a4               : IntAlu :  D=0x000000000007371f
 243000: system.cpu: T0 : 0x111f6    : and s1, s1, s11            : IntAlu :  D=0x0000000000073710
 244000: system.cpu: T0 : 0x111fa    : lui a4, 114                : IntAlu :  D=0x0000000000072000
 245000: system.cpu: T0 : 0x111fe    : addi a4, a4, -1544         : IntAlu :  D=0x00000000000719f8
 246000: system.cpu: T0 : 0x11202    : add a0, s1, s7             : IntAlu :  D=0x0000000000073710
 247000: system.cpu: T0 : 0x11206    : sd a5, 1088(s3)            : MemWrite :  D=0x0000000000000000 A=0x70320
 248000: system.cpu: T0 : 0x1120a    : addi a5, zero, 62          : IntAlu :  D=0x000000000000003e
 248500: system.cpu: T0 : 0x1120e    : c_mv a2, s4                : IntAlu :  D=0x0000000000000020
 249000: system.cpu: T0 : 0x11210    : c_sd a5, 0(a4)             : MemWrite :  D=0x000000000000003e A=0x719f8
 249500: system.cpu: T0 : 0x11212    : c_mv a1, s0                : IntAlu :  D=0x000000000006ead0
 250000: system.cpu: T0 : 0x11214    : c_sd a0, 32(a4)            : MemWrite :  D=0x0000000000073710 A=0x71a18
 251000: system.cpu: T0 : 0x11216    : sd zero, 40(a4)            : MemWrite :  D=0x0000000000000000 A=0x71a20
 252000: system.cpu: T0 : 0x1121a    : jal ra, 61682              : IntAlu :  D=0x000000000001121e
 252500: system.cpu: T0 : 0x2030c    : c_addi16sp sp, -48         : IntAlu :  D=0x7ffffffffffffd40
 253000: system.cpu: T0 : 0x2030e    : c_sdsp s0, 32(sp)          : MemWrite :  D=0x000000000006ead0 A=0x7ffffffffffffd60
 253500: system.cpu: T0 : 0x20310    : c_sdsp s2, 16(sp)          : MemWrite :  D=0x000000000000000c A=0x7ffffffffffffd50
 254000: system.cpu: T0 : 0x20312    : c_sdsp ra, 40(sp)          : MemWrite :  D=0x000000000001121e A=0x7ffffffffffffd68
 254500: system.cpu: T0 : 0x20314    : c_sdsp s1, 24(sp)          : MemWrite :  D=0x0000000000073710 A=0x7ffffffffffffd58
 255000: system.cpu: T0 : 0x20316    : c_sdsp s3, 8(sp)           : MemWrite :  D=0x000000000006fee0 A=0x7ffffffffffffd48
 255500: system.cpu: T0 : 0x20318    : c_li a5, 15                : IntAlu :  D=0x000000000000000f
 256000: system.cpu: T0 : 0x2031a    : c_mv s2, a0                : IntAlu :  D=0x0000000000073710
 256500: system.cpu: T0 : 0x2031c    : c_mv a4, a0                : IntAlu :  D=0x0000000000073710
 257000: system.cpu: T0 : 0x2031e    : c_mv s0, a1                : IntAlu :  D=0x000000000006ead0
 257500: system.cpu: T0 : 0x20320    : bgeu a5, a2, 72            : IntAlu : 
 258000: system.cpu: T0 : 0x20324    : sub a0, zero, a0           : IntAlu :  D=0xfffffffffff8c8f0
 258500: system.cpu: T0 : 0x20328    : c_andi a0, 7               : IntAlu :  D=0x0000000000000000
 259500: system.cpu: T0 : 0x2032a    : sub s1, a2, a0             : IntAlu :  D=0x0000000000000020
 260000: system.cpu: T0 : 0x2032e    : c_beqz a0, 110             : IntAlu : 
 260500: system.cpu: T0 : 0x2039c    : c_mv s3, s2                : IntAlu :  D=0x0000000000073710
 261000: system.cpu: T0 : 0x2039e    : c_j -84                    : IntAlu : 
 262000: system.cpu: T0 : 0x2034a    : andi a5, s0, 7             : IntAlu :  D=0x0000000000000000
 263000: system.cpu: T0 : 0x2034e    : srli a2, s1, 3             : IntAlu :  D=0x0000000000000004
 263500: system.cpu: T0 : 0x20352    : c_mv a1, s0                : IntAlu :  D=0x000000000006ead0
 264000: system.cpu: T0 : 0x20354    : c_mv a0, s3                : IntAlu :  D=0x0000000000073710
 264500: system.cpu: T0 : 0x20356    : c_bnez a5, 64              : IntAlu : 
 265000: system.cpu: T0 : 0x20358    : jal ra, 72                 : IntAlu :  D=0x000000000002035c
 265500: system.cpu: T0 : 0x203a0    : andi a5, a2, 7             : IntAlu :  D=0x0000000000000004
 266000: system.cpu: T0 : 0x203a4    : lui a4, 80                 : IntAlu :  D=0x0000000000050000
 266500: system.cpu: T0 : 0x203a8    : c_slli a5, 2               : IntAlu :  D=0x0000000000000010
 267500: system.cpu: T0 : 0x203aa    : addi a4, a4, -1816         : IntAlu :  D=0x000000000004f8e8
 268000: system.cpu: T0 : 0x203ae    : c_add a5, a4               : IntAlu :  D=0x000000000004f8f8
 268500: system.cpu: T0 : 0x203b0    : c_lw a5, 0(a5)             : MemRead :  D=0x000000000002044a A=0x4f8f8
 269000: system.cpu: T0 : 0x203b2    : c_jr a5                    : IntAlu : 
 270000: system.cpu: T0 : 0x2044a    : ld a6, 0(a1)               : MemRead :  D=0x00000000000706f8 A=0x6ead0
 270500: system.cpu: T0 : 0x2044e    : c_mv a3, a0                : IntAlu :  D=0x0000000000073710
 271000: system.cpu: T0 : 0x20450    : c_addi a1, -32             : IntAlu :  D=0x000000000006eab0
 272000: system.cpu: T0 : 0x20452    : addi a5, a0, -40           : IntAlu :  D=0x00000000000736e8
 272500: system.cpu: T0 : 0x20456    : c_addi a2, 4               : IntAlu :  D=0x0000000000000008
 273000: system.cpu: T0 : 0x20458    : c_j -124                   : IntAlu : 
 273500: system.cpu: T0 : 0x203dc    : c_ld a4, 40(a1)            : MemRead :  D=0x00000000000706f8 A=0x6ead8
 274500: system.cpu: T0 : 0x203de    : addi a0, a5, 48            : IntAlu :  D=0x0000000000073718
 275500: system.cpu: T0 : 0x203e2    : sd a6, 0(a3)               : MemWrite :  D=0x00000000000706f8 A=0x73710
 276500: system.cpu: T0 : 0x203e2    : sd a6, 0(a3)               : MemWrite :  D=0x00000000000706f8 A=0x73710
 277500: system.cpu: T0 : 0x203e6    : ld a6, 48(a1)              : MemRead :  D=0x0000000000070700 A=0x6eae0
 278500: system.cpu: T0 : 0x203ea    : addi a3, a5, 56            : IntAlu :  D=0x0000000000073720
 279000: system.cpu: T0 : 0x203ee    : c_sd a4, 0(a0)             : MemWrite :  D=0x00000000000706f8 A=0x73718
 279500: system.cpu: T0 : 0x203f0    : c_ld a4, 56(a1)            : MemRead :  D=0x0000000000070718 A=0x6eae8
 280500: system.cpu: T0 : 0x203f2    : addi a5, a5, 64            : IntAlu :  D=0x0000000000073728
 281500: system.cpu: T0 : 0x203f6    : sd a6, 0(a3)               : MemWrite :  D=0x0000000000070700 A=0x73720
 282000: system.cpu: T0 : 0x203fa    : c_addi a2, -8              : IntAlu :  D=0x0000000000000000
 282500: system.cpu: T0 : 0x203fc    : c_mv a0, a5                : IntAlu :  D=0x0000000000073728
 283500: system.cpu: T0 : 0x203fe    : addi a1, a1, 64            : IntAlu :  D=0x000000000006eaf0
 284000: system.cpu: T0 : 0x20402    : c_beqz a2, 24              : IntAlu : 
 284500: system.cpu: T0 : 0x2041a    : c_sd a4, 0(a0)             : MemWrite :  D=0x0000000000070718 A=0x73728
 285000: system.cpu: T0 : 0x2041c    : c_jr ra                    : IntAlu : 
 285500: system.cpu: T0 : 0x2035c    : andi a4, s1, 18446744073709551608 : IntAlu :  D=0x0000000000000020
 286000: system.cpu: T0 : 0x20360    : c_add s0, a4               : IntAlu :  D=0x000000000006eaf0
 287000: system.cpu: T0 : 0x20362    : andi a2, s1, 7             : IntAlu :  D=0x0000000000000000
 287500: system.cpu: T0 : 0x20366    : c_add a4, s3               : IntAlu :  D=0x0000000000073730
 288000: system.cpu: T0 : 0x20368    : c_addi a4, -1              : IntAlu :  D=0x000000000007372f
 288500: system.cpu: T0 : 0x2036a    : c_mv a5, s0                : IntAlu :  D=0x000000000006eaf0
 289000: system.cpu: T0 : 0x2036c    : add a1, a2, s0             : IntAlu :  D=0x000000000006eaf0
 289500: system.cpu: T0 : 0x20370    : c_sub a4, s0               : IntAlu :  D=0x0000000000004c3f
 290000: system.cpu: T0 : 0x20372    : c_beqz a2, 20              : IntAlu : 
 290500: system.cpu: T0 : 0x20386    : c_ldsp ra, 40(sp)          : MemRead :  D=0x000000000001121e A=0x7ffffffffffffd68
 291000: system.cpu: T0 : 0x20388    : c_ldsp s0, 32(sp)          : MemRead :  D=0x000000000006ead0 A=0x7ffffffffffffd60
 291500: system.cpu: T0 : 0x2038a    : c_ldsp s1, 24(sp)          : MemRead :  D=0x0000000000073710 A=0x7ffffffffffffd58
 292000: system.cpu: T0 : 0x2038c    : c_ldsp s3, 8(sp)           : MemRead :  D=0x000000000006fee0 A=0x7ffffffffffffd48
 292500: system.cpu: T0 : 0x2038e    : c_mv a0, s2                : IntAlu :  D=0x0000000000073710
 293000: system.cpu: T0 : 0x20390    : c_ldsp s2, 16(sp)          : MemRead :  D=0x000000000000000c A=0x7ffffffffffffd50
 293500: system.cpu: T0 : 0x20392    : c_addi16sp sp, 48          : IntAlu :  D=0x7ffffffffffffd70
 294000: system.cpu: T0 : 0x20394    : c_jr ra                    : IntAlu : 
 295000: system.cpu: T0 : 0x1121e    : lui a5, 114                : IntAlu :  D=0x0000000000072000
 296000: system.cpu: T0 : 0x11222    : addi a5, a5, -1528         : IntAlu :  D=0x0000000000071a08
 297000: system.cpu: T0 : 0x11226    : ld a4, -1968(gp)           : MemRead :  D=0x0000000000000800 A=0x708f8
 298000: system.cpu: T0 : 0x1122a    : addi a3, gp, -960          : IntAlu :  D=0x0000000000070ce8
 299000: system.cpu: T0 : 0x1122e    : sd a5, -16(s1)             : MemWrite :  D=0x0000000000071a08 A=0x73700
 300000: system.cpu: T0 : 0x11232    : addi a2, zero, 64          : IntAlu :  D=0x0000000000000040
 300500: system.cpu: T0 : 0x11236    : c_li a5, 1                 : IntAlu :  D=0x0000000000000001
 301000: system.cpu: T0 : 0x11238    : c_sd a2, 0(a3)             : MemWrite :  D=0x0000000000000040 A=0x70ce8
 302000: system.cpu: T0 : 0x1123a    : lui a2, 114                : IntAlu :  D=0x0000000000072000
 303000: system.cpu: T0 : 0x1123e    : sd a5, -1552(a2)           : MemWrite :  D=0x0000000000000001 A=0x719f0
 304000: system.cpu: T0 : 0x11242    : lui a2, 114                : IntAlu :  D=0x0000000000072000
 305000: system.cpu: T0 : 0x11246    : sd s3, 40(a3)              : MemWrite :  D=0x000000000006fee0 A=0x70d10
 306000: system.cpu: T0 : 0x1124a    : sd a3, -520(a2)            : MemWrite :  D=0x0000000000070ce8 A=0x71df8
 307000: system.cpu: T0 : 0x1124e    : lui a3, 114                : IntAlu :  D=0x0000000000072000
 308000: system.cpu: T0 : 0x11252    : sd s8, -1560(a3)           : MemWrite :  D=0x0000000000000010 A=0x719e8
 309000: system.cpu: T0 : 0x11256    : lui a3, 114                : IntAlu :  D=0x0000000000072000
 310000: system.cpu: T0 : 0x1125a    : sd a5, 1096(s3)            : MemWrite :  D=0x0000000000000001 A=0x70328
 311000: system.cpu: T0 : 0x1125e    : sd a5, -496(a3)            : MemWrite :  D=0x0000000000000001 A=0x71e10
 311500: system.cpu: T0 : 0x11262    : c_addi a4, 15              : IntAlu :  D=0x000000000000080f
 312000: system.cpu: T0 : 0x11264    : sd s0, 1048(s3)            : MemWrite :  D=0x000000000006ead0 A=0x702f8
 312500: system.cpu: T0 : 0x11268    : c_ldsp ra, 120(sp)         : MemRead :  D=0x0000000000010ea6 A=0x7ffffffffffffde8
 313000: system.cpu: T0 : 0x1126a    : c_ldsp s0, 112(sp)         : MemRead :  D=0x0000000000011308 A=0x7ffffffffffffde0
 313500: system.cpu: T0 : 0x1126c    : sd s5, 1072(s3)            : MemWrite :  D=0x0000000000000008 A=0x70310
 314000: system.cpu: T0 : 0x11270    : sd s10, 1064(s3)           : MemWrite :  D=0x0000000000000060 A=0x70308
 314500: system.cpu: T0 : 0x11274    : sd s4, 1056(s3)            : MemWrite :  D=0x0000000000000020 A=0x70300
 315000: system.cpu: T0 : 0x11278    : c_ldsp s5, 72(sp)          : MemRead :  D=0x0000000000000000 A=0x7ffffffffffffdb8
 315500: system.cpu: T0 : 0x1127a    : c_ldsp s3, 88(sp)          : MemRead :  D=0x0000000000000000 A=0x7ffffffffffffdc8
 316000: system.cpu: T0 : 0x1127c    : c_ldsp s4, 80(sp)          : MemRead :  D=0x0000000000000000 A=0x7ffffffffffffdc0
 316500: system.cpu: T0 : 0x1127e    : c_ldsp s8, 48(sp)          : MemRead :  D=0x0000000000000000 A=0x7ffffffffffffda0
 317000: system.cpu: T0 : 0x11280    : c_ldsp s10, 32(sp)         : MemRead :  D=0x0000000000000000 A=0x7ffffffffffffd90
 317500: system.cpu: T0 : 0x11282    : c_ldsp s11, 24(sp)         : MemRead :  D=0x0000000000000000 A=0x7ffffffffffffd88
 318000: system.cpu: T0 : 0x11284    : c_mv tp, s1                : IntAlu :  D=0x0000000000073710
 318500: system.cpu: T0 : 0x11286    : c_ldsp s1, 104(sp)         : MemRead :  D=0x0000000000011398 A=0x7ffffffffffffdd8
 319000: system.cpu: T0 : 0x11288    : mul s2, s2, s9             : IntMult :  D=0x0000000000000060
 319500: system.cpu: T0 : 0x1128c    : c_ldsp s9, 40(sp)          : MemRead :  D=0x0000000000000000 A=0x7ffffffffffffd98
 320500: system.cpu: T0 : 0x1128e    : add a5, s2, s7             : IntAlu :  D=0x0000000000000060
 321000: system.cpu: T0 : 0x11292    : c_add a4, a5               : IntAlu :  D=0x000000000000086f
 321500: system.cpu: T0 : 0x11294    : c_andi a4, 18446744073709551600 : IntAlu :  D=0x0000000000000860
 322500: system.cpu: T0 : 0x11296    : sd a4, -1968(gp)           : MemWrite :  D=0x0000000000000860 A=0x708f8
 323500: system.cpu: T0 : 0x1129a    : lui a4, 114                : IntAlu :  D=0x0000000000072000
 324500: system.cpu: T0 : 0x1129e    : sd a5, -1568(a4)           : MemWrite :  D=0x0000000000000060 A=0x719e0
 325000: system.cpu: T0 : 0x112a2    : c_ldsp s2, 96(sp)          : MemRead :  D=0x0000000000000000 A=0x7ffffffffffffdd0
 325500: system.cpu: T0 : 0x112a4    : c_ldsp s6, 64(sp)          : MemRead :  D=0x0000000000000000 A=0x7ffffffffffffdb0
 326000: system.cpu: T0 : 0x112a6    : c_ldsp s7, 56(sp)          : MemRead :  D=0x0000000000000000 A=0x7ffffffffffffda8
 326500: system.cpu: T0 : 0x112a8    : c_addi16sp sp, 128         : IntAlu :  D=0x7ffffffffffffdf0
 327000: system.cpu: T0 : 0x112aa    : c_jr ra                    : IntAlu : 
 328000: system.cpu: T0 : 0x10ea6    : lui a5, 111                : IntAlu :  D=0x000000000006f000
 329000: system.cpu: T0 : 0x10eaa    : ld a5, -128(a5)            : MemRead :  D=0x7fffffffffffffd8 A=0x6ef80
 330000: system.cpu: T0 : 0x10eae    : lw a7, -1728(gp)           : MemRead :  D=0x0000000000000000 A=0x709e8
 331000: system.cpu: T0 : 0x10eb2    : lbu a6, 1(a5)              : MemRead :  D=0x0000000000000000 A=0x7fffffffffffffd9
 332000: system.cpu: T0 : 0x10eb6    : lbu a4, 0(a5)              : MemRead :  D=0x0000000000000000 A=0x7fffffffffffffd8
 333000: system.cpu: T0 : 0x10eba    : lbu a0, 2(a5)              : MemRead :  D=0x0000000000000000 A=0x7fffffffffffffda
 334000: system.cpu: T0 : 0x10ebe    : lbu a1, 3(a5)              : MemRead :  D=0x0000000000000000 A=0x7fffffffffffffdb
 335000: system.cpu: T0 : 0x10ec2    : lbu a2, 4(a5)              : MemRead :  D=0x0000000000000000 A=0x7fffffffffffffdc
 335500: system.cpu: T0 : 0x10ec6    : c_slli a6, 8               : IntAlu :  D=0x0000000000000000
 336000: system.cpu: T0 : 0x10ec8    : lbu a3, 5(a5)              : MemRead :  D=0x000000000000002e A=0x7fffffffffffffdd
 336500: system.cpu: T0 : 0x10ecc    : or a6, a6, a4              : IntAlu :  D=0x0000000000000000
 337000: system.cpu: T0 : 0x10ed0    : c_slli a0, 16              : IntAlu :  D=0x0000000000000000
 338000: system.cpu: T0 : 0x10ed2    : lbu a4, 6(a5)              : MemRead :  D=0x000000000000002e A=0x7fffffffffffffde
 339000: system.cpu: T0 : 0x10ed6    : or a0, a0, a6              : IntAlu :  D=0x0000000000000000
 339500: system.cpu: T0 : 0x10eda    : c_slli a1, 24              : IntAlu :  D=0x0000000000000000
 340000: system.cpu: T0 : 0x10edc    : lbu a5, 7(a5)              : MemRead :  D=0x000000000000002f A=0x7fffffffffffffdf
 340500: system.cpu: T0 : 0x10ee0    : c_or a1, a0                : IntAlu :  D=0x0000000000000000
 341000: system.cpu: T0 : 0x10ee2    : c_slli a2, 32              : IntAlu :  D=0x0000000000000000
 341500: system.cpu: T0 : 0x10ee4    : c_or a2, a1                : IntAlu :  D=0x0000000000000000
 342000: system.cpu: T0 : 0x10ee6    : c_slli a3, 40              : IntAlu :  D=0x00002e0000000000
 342500: system.cpu: T0 : 0x10ee8    : c_or a3, a2                : IntAlu :  D=0x00002e0000000000
 343000: system.cpu: T0 : 0x10eea    : c_slli a4, 48              : IntAlu :  D=0x002e000000000000
 343500: system.cpu: T0 : 0x10eec    : c_or a4, a3                : IntAlu :  D=0x002e2e0000000000
 344000: system.cpu: T0 : 0x10eee    : c_slli a5, 56              : IntAlu :  D=0x2f00000000000000
 344500: system.cpu: T0 : 0x10ef0    : c_or a5, a4                : IntAlu :  D=0x2f2e2e0000000000
 345500: system.cpu: T0 : 0x10ef2    : andi a5, a5, 18446744073709551360 : IntAlu :  D=0x2f2e2e0000000000
 346500: system.cpu: T0 : 0x10ef6    : lui a4, 111                : IntAlu :  D=0x000000000006f000
 347500: system.cpu: T0 : 0x10efa    : sd a5, -1264(a4)           : MemWrite :  D=0x2f2e2e0000000000 A=0x6eb10
 348500: system.cpu: T0 : 0x10efe    : beq a7, zero, 286          : IntAlu : 
 349000: system.cpu: T0 : 0x1101c    : jal ra, 75222              : IntAlu :  D=0x0000000000011020
 349500: system.cpu: T0 : 0x235f2    : c_addi16sp sp, -496        : IntAlu :  D=0x7ffffffffffffc00
 350000: system.cpu: T0 : 0x235f4    : c_addi4spn a0, sp, 72      : IntAlu :  D=0x7ffffffffffffc48
 350500: system.cpu: T0 : 0x235f6    : c_sdsp ra, 488(sp)         : MemWrite :  D=0x0000000000011020 A=0x7ffffffffffffde8
 351000: system.cpu: T0 : 0x235f8    : c_sdsp s0, 480(sp)         : MemWrite :  D=0x0000000000011308 A=0x7ffffffffffffde0
 351500: system.cpu: T0 : 0x235fa    : c_sdsp s1, 472(sp)         : MemWrite :  D=0x0000000000011398 A=0x7ffffffffffffdd8
 352000: system.cpu: T0 : 0x235fc    : jal ra, 90520              : IntAlu :  D=0x0000000000023600
 352500: system.cpu: T0 : 0x39794    : addi a7, zero, 160         : IntAlu :  D=0x00000000000000a0
 353000: system.cpu: T0 : 0x39798    : ecall                      : No_OpClass : 
 353500: system.cpu: T0 : 0x3979c    : c_lui a7, 1048575          : IntAlu :  D=0xfffffffffffff000
 354500: system.cpu: T0 : 0x3979e    : bltu a7, a0, 6             : IntAlu : 
 355000: system.cpu: T0 : 0x397a2    : c_jr ra                    : IntAlu : 
 355500: system.cpu: T0 : 0x23600    : addi a3, sp, 202           : IntAlu :  D=0x7ffffffffffffcca
 356000: system.cpu: T0 : 0x23604    : c_bnez a0, 140             : IntAlu : 
 356500: system.cpu: T0 : 0x23606    : c_li t1, 0                 : IntAlu :  D=0x0000000000000000
 357000: system.cpu: T0 : 0x23608    : c_li a0, 0                 : IntAlu :  D=0x0000000000000000
 357500: system.cpu: T0 : 0x2360a    : c_li a7, 9                 : IntAlu :  D=0x0000000000000009
 358000: system.cpu: T0 : 0x2360c    : addi t3, zero, 46          : IntAlu :  D=0x000000000000002e
 358500: system.cpu: T0 : 0x23610    : c_li t4, 3                 : IntAlu :  D=0x0000000000000003
 359500: system.cpu: T0 : 0x23612    : lbu a5, 0(a3)              : MemRead :  D=0x0000000000000035 A=0x7ffffffffffffcca
 360500: system.cpu: T0 : 0x23616    : addiw a5, a5, -48          : IntAlu :  D=0x0000000000000005
 361500: system.cpu: T0 : 0x2361a    : andi a4, a5, 255           : IntAlu :  D=0x0000000000000005
 362500: system.cpu: T0 : 0x2361e    : bltu a7, a4, 98            : IntAlu : 
 363500: system.cpu: T0 : 0x23622    : lbu a1, 1(a3)              : MemRead :  D=0x000000000000002e A=0x7ffffffffffffccb
 364500: system.cpu: T0 : 0x23626    : addiw a4, a5, 0            : IntAlu :  D=0x0000000000000005
 365000: system.cpu: T0 : 0x2362a    : c_addi a3, 1               : IntAlu :  D=0x7ffffffffffffccb
 365500: system.cpu: T0 : 0x2362c    : addiw a2, a1, -48          : IntAlu :  D=0xfffffffffffffffe
 366000: system.cpu: T0 : 0x23630    : andi a5, a2, 255           : IntAlu :  D=0x00000000000000fe
 366500: system.cpu: T0 : 0x23634    : bltu a7, a5, 36            : IntAlu : 
 367000: system.cpu: T0 : 0x23658    : slliw a5, a0, 8            : IntAlu :  D=0x0000000000000000
 367500: system.cpu: T0 : 0x2365c    : c_or a5, a4                : IntAlu :  D=0x0000000000000005
 368000: system.cpu: T0 : 0x2365e    : c_addiw t1, 1              : IntAlu :  D=0x0000000000000001
 368500: system.cpu: T0 : 0x23660    : addiw a0, a5, 0            : IntAlu :  D=0x0000000000000005
 369000: system.cpu: T0 : 0x23664    : c_addi a3, 1               : IntAlu :  D=0x7ffffffffffffccc
 370000: system.cpu: T0 : 0x23666    : bne a1, t3, 20             : IntAlu : 
 371000: system.cpu: T0 : 0x2366a    : bne t1, t4, -88            : IntAlu : 
 372000: system.cpu: T0 : 0x23612    : lbu a5, 0(a3)              : MemRead :  D=0x0000000000000031 A=0x7ffffffffffffccc
 373000: system.cpu: T0 : 0x23616    : addiw a5, a5, -48          : IntAlu :  D=0x0000000000000001
 374000: system.cpu: T0 : 0x2361a    : andi a4, a5, 255           : IntAlu :  D=0x0000000000000001
 375000: system.cpu: T0 : 0x2361e    : bltu a7, a4, 98            : IntAlu : 
 376000: system.cpu: T0 : 0x23622    : lbu a1, 1(a3)              : MemRead :  D=0x000000000000002e A=0x7ffffffffffffccd
 377000: system.cpu: T0 : 0x23626    : addiw a4, a5, 0            : IntAlu :  D=0x0000000000000001
 377500: system.cpu: T0 : 0x2362a    : c_addi a3, 1               : IntAlu :  D=0x7ffffffffffffccd
 378000: system.cpu: T0 : 0x2362c    : addiw a2, a1, -48          : IntAlu :  D=0xfffffffffffffffe
 378500: system.cpu: T0 : 0x23630    : andi a5, a2, 255           : IntAlu :  D=0x00000000000000fe
 379000: system.cpu: T0 : 0x23634    : bltu a7, a5, 36            : IntAlu : 
 379500: system.cpu: T0 : 0x23658    : slliw a5, a0, 8            : IntAlu :  D=0x0000000000000500
 380000: system.cpu: T0 : 0x2365c    : c_or a5, a4                : IntAlu :  D=0x0000000000000501
 380500: system.cpu: T0 : 0x2365e    : c_addiw t1, 1              : IntAlu :  D=0x0000000000000002
 381000: system.cpu: T0 : 0x23660    : addiw a0, a5, 0            : IntAlu :  D=0x0000000000000501
 381500: system.cpu: T0 : 0x23664    : c_addi a3, 1               : IntAlu :  D=0x7ffffffffffffcce
 382500: system.cpu: T0 : 0x23666    : bne a1, t3, 20             : IntAlu : 
 383500: system.cpu: T0 : 0x2366a    : bne t1, t4, -88            : IntAlu : 
 384500: system.cpu: T0 : 0x23612    : lbu a5, 0(a3)              : MemRead :  D=0x0000000000000030 A=0x7ffffffffffffcce
 385500: system.cpu: T0 : 0x23616    : addiw a5, a5, -48          : IntAlu :  D=0x0000000000000000
 386500: system.cpu: T0 : 0x2361a    : andi a4, a5, 255           : IntAlu :  D=0x0000000000000000
 387500: system.cpu: T0 : 0x2361e    : bltu a7, a4, 98            : IntAlu : 
 388500: system.cpu: T0 : 0x23622    : lbu a1, 1(a3)              : MemRead :  D=0x0000000000000000 A=0x7ffffffffffffccf
 389500: system.cpu: T0 : 0x23626    : addiw a4, a5, 0            : IntAlu :  D=0x0000000000000000
 390000: system.cpu: T0 : 0x2362a    : c_addi a3, 1               : IntAlu :  D=0x7ffffffffffffccf
 390500: system.cpu: T0 : 0x2362c    : addiw a2, a1, -48          : IntAlu :  D=0xffffffffffffffd0
 391000: system.cpu: T0 : 0x23630    : andi a5, a2, 255           : IntAlu :  D=0x00000000000000d0
 391500: system.cpu: T0 : 0x23634    : bltu a7, a5, 36            : IntAlu : 
 392000: system.cpu: T0 : 0x23658    : slliw a5, a0, 8            : IntAlu :  D=0x0000000000050100
 392500: system.cpu: T0 : 0x2365c    : c_or a5, a4                : IntAlu :  D=0x0000000000050100
 393000: system.cpu: T0 : 0x2365e    : c_addiw t1, 1              : IntAlu :  D=0x0000000000000003
 393500: system.cpu: T0 : 0x23660    : addiw a0, a5, 0            : IntAlu :  D=0x0000000000050100
 394000: system.cpu: T0 : 0x23664    : c_addi a3, 1               : IntAlu :  D=0x7ffffffffffffcd0
 395000: system.cpu: T0 : 0x23666    : bne a1, t3, 20             : IntAlu : 
 395500: system.cpu: T0 : 0x2367a    : c_li a5, 3                 : IntAlu :  D=0x0000000000000003
 396000: system.cpu: T0 : 0x2367c    : beq t1, a5, -14            : IntAlu : 
 396500: system.cpu: T0 : 0x2366e    : c_addiw a0, 0              : IntAlu :  D=0x0000000000050100
 397000: system.cpu: T0 : 0x23670    : c_ldsp ra, 488(sp)         : MemRead :  D=0x0000000000011020 A=0x7ffffffffffffde8
 397500: system.cpu: T0 : 0x23672    : c_ldsp s0, 480(sp)         : MemRead :  D=0x0000000000011308 A=0x7ffffffffffffde0
 398000: system.cpu: T0 : 0x23674    : c_ldsp s1, 472(sp)         : MemRead :  D=0x0000000000011398 A=0x7ffffffffffffdd8
 398500: system.cpu: T0 : 0x23676    : c_addi16sp sp, 496         : IntAlu :  D=0x7ffffffffffffdf0
 399000: system.cpu: T0 : 0x23678    : c_jr ra                    : IntAlu : 
 399500: system.cpu: T0 : 0x11020    : c_mv a5, a0                : IntAlu :  D=0x0000000000050100
 400500: system.cpu: T0 : 0x11022    : blt a0, zero, 104          : IntAlu : 
 401500: system.cpu: T0 : 0x11026    : lui a4, 114                : IntAlu :  D=0x0000000000072000
 402500: system.cpu: T0 : 0x1102a    : lw a3, -240(a4)            : MemRead :  D=0x0000000000000000 A=0x71f10
 403500: system.cpu: T0 : 0x1102e    : addiw a4, a0, 0            : IntAlu :  D=0x0000000000050100
 404000: system.cpu: T0 : 0x11032    : c_bnez a3, 82              : IntAlu : 
 404500: system.cpu: T0 : 0x11034    : lui a3, 114                : IntAlu :  D=0x0000000000072000
 405000: system.cpu: T0 : 0x11038    : sw a4, -240(a3)            : MemWrite :  D=0x0000000000050100 A=0x71f10
 405500: system.cpu: T0 : 0x1103c    : lui a4, 65                 : IntAlu :  D=0x0000000000041000
 406000: system.cpu: T0 : 0x11040    : addi a4, a4, -257          : IntAlu :  D=0x0000000000040eff
 406500: system.cpu: T0 : 0x11044    : blt a4, a5, -322           : IntAlu : 
 407500: system.cpu: T0 : 0x10f02    : addi a5, zero, 0           : IntAlu :  D=0x0000000000000000
 408000: system.cpu: T0 : 0x10f06    : c_beqz a5, 10              : IntAlu : 
 408500: system.cpu: T0 : 0x10f10    : lui a5, 111                : IntAlu :  D=0x000000000006f000
 409000: system.cpu: T0 : 0x10f14    : ld a5, -128(a5)            : MemRead :  D=0x7fffffffffffffd8 A=0x6ef80
 409500: system.cpu: T0 : 0x10f18    : lbu a4, 14(a5)             : MemRead :  D=0x0000000000000061 A=0x7fffffffffffffe6
 410000: system.cpu: T0 : 0x10f1c    : lbu a7, 8(a5)              : MemRead :  D=0x0000000000000044 A=0x7fffffffffffffe0
 410500: system.cpu: T0 : 0x10f20    : lbu a6, 9(a5)              : MemRead :  D=0x000000000000006f A=0x7fffffffffffffe1
 411000: system.cpu: T0 : 0x10f24    : lbu a0, 10(a5)             : MemRead :  D=0x0000000000000077 A=0x7fffffffffffffe2
 411500: system.cpu: T0 : 0x10f28    : lbu a1, 11(a5)             : MemRead :  D=0x000000000000006e A=0x7fffffffffffffe3
 412000: system.cpu: T0 : 0x10f2c    : lbu a2, 12(a5)             : MemRead :  D=0x000000000000006c A=0x7fffffffffffffe4
 412500: system.cpu: T0 : 0x10f30    : lbu a3, 13(a5)             : MemRead :  D=0x000000000000006f A=0x7fffffffffffffe5
 413000: system.cpu: T0 : 0x10f34    : lbu a5, 15(a5)             : MemRead :  D=0x0000000000000064 A=0x7fffffffffffffe7
 413500: system.cpu: T0 : 0x10f38    : sb a7, 40(sp)              : MemWrite :  D=0x0000000000000044 A=0x7ffffffffffffe18
 414000: system.cpu: T0 : 0x10f3c    : sb a6, 41(sp)              : MemWrite :  D=0x000000000000006f A=0x7ffffffffffffe19
 414500: system.cpu: T0 : 0x10f40    : sb a5, 47(sp)              : MemWrite :  D=0x0000000000000064 A=0x7ffffffffffffe1f
 415000: system.cpu: T0 : 0x10f44    : sb a0, 42(sp)              : MemWrite :  D=0x0000000000000077 A=0x7ffffffffffffe1a
 415500: system.cpu: T0 : 0x10f48    : sb a1, 43(sp)              : MemWrite :  D=0x000000000000006e A=0x7ffffffffffffe1b
 416000: system.cpu: T0 : 0x10f4c    : sb a2, 44(sp)              : MemWrite :  D=0x000000000000006c A=0x7ffffffffffffe1c
 416500: system.cpu: T0 : 0x10f50    : sb a3, 45(sp)              : MemWrite :  D=0x000000000000006f A=0x7ffffffffffffe1d
 417000: system.cpu: T0 : 0x10f54    : sb a4, 46(sp)              : MemWrite :  D=0x0000000000000061 A=0x7ffffffffffffe1e
 417500: system.cpu: T0 : 0x10f58    : c_ldsp a4, 40(sp)          : MemRead :  D=0x64616f6c6e776f44 A=0x7ffffffffffffe18
 418500: system.cpu: T0 : 0x10f5a    : lui a5, 111                : IntAlu :  D=0x000000000006f000
 419500: system.cpu: T0 : 0x10f5e    : sd a4, -1256(a5)           : MemWrite :  D=0x64616f6c6e776f44 A=0x6eb18
 420500: system.cpu: T0 : 0x10f62    : beq s2, zero, 14           : IntAlu : 
 421000: system.cpu: T0 : 0x10f70    : ld a2, -1360(gp)           : MemRead :  D=0x7fffffffffffff48 A=0x70b58
 421500: system.cpu: T0 : 0x10f74    : c_ldsp a1, 16(sp)          : MemRead :  D=0x7fffffffffffff38 A=0x7ffffffffffffe00
 422000: system.cpu: T0 : 0x10f76    : c_ldsp a0, 8(sp)           : MemRead :  D=0x0000000000000001 A=0x7ffffffffffffdf8
 422500: system.cpu: T0 : 0x10f78    : jal ra, 75626              : IntAlu :  D=0x0000000000010f7c
 423000: system.cpu: T0 : 0x236e2    : c_addi sp, -32             : IntAlu :  D=0x7ffffffffffffdd0
 423500: system.cpu: T0 : 0x236e4    : c_sdsp s0, 16(sp)          : MemWrite :  D=0x0000000000011308 A=0x7ffffffffffffde0
 424000: system.cpu: T0 : 0x236e6    : c_sdsp s1, 8(sp)           : MemWrite :  D=0x0000000000011398 A=0x7ffffffffffffdd8
 424500: system.cpu: T0 : 0x236e8    : c_sdsp s2, 0(sp)           : MemWrite :  D=0x0000000000000000 A=0x7ffffffffffffdd0
 425000: system.cpu: T0 : 0x236ea    : c_sdsp ra, 24(sp)          : MemWrite :  D=0x0000000000010f7c A=0x7ffffffffffffde8
 425500: system.cpu: T0 : 0x236ec    : addi a4, zero, 0           : IntAlu :  D=0x0000000000000000
 426000: system.cpu: T0 : 0x236f0    : c_mv s0, a0                : IntAlu :  D=0x0000000000000001
 426500: system.cpu: T0 : 0x236f2    : c_mv s1, a1                : IntAlu :  D=0x7fffffffffffff38
 427000: system.cpu: T0 : 0x236f4    : c_mv s2, a2                : IntAlu :  D=0x7fffffffffffff48
 427500: system.cpu: T0 : 0x236f6    : c_beqz a4, 62              : IntAlu : 
 428000: system.cpu: T0 : 0x23734    : lw a0, -1248(gp)           : MemRead :  D=0x0000000000000000 A=0x70bc8
 428500: system.cpu: T0 : 0x23738    : lw a5, -1344(gp)           : MemRead :  D=0x0000000000000000 A=0x70b68
 429000: system.cpu: T0 : 0x2373c    : sw zero, -1728(gp)         : MemWrite :  D=0x0000000000000000 A=0x709e8
 429500: system.cpu: T0 : 0x23740    : beq a5, a0, -60            : IntAlu : 
 430000: system.cpu: T0 : 0x23704    : lui a5, 114                : IntAlu :  D=0x0000000000072000
 430500: system.cpu: T0 : 0x23708    : sw s0, -216(a5)            : MemWrite :  D=0x0000000000000001 A=0x71f28
 431000: system.cpu: T0 : 0x2370c    : lui a5, 114                : IntAlu :  D=0x0000000000072000
 431500: system.cpu: T0 : 0x23710    : sd s1, -208(a5)            : MemWrite :  D=0x7fffffffffffff38 A=0x71f30
 432000: system.cpu: T0 : 0x23714    : sd s2, -1360(gp)           : MemWrite :  D=0x7fffffffffffff48 A=0x70b58
 432500: system.cpu: T0 : 0x23718    : jal ra, -2314              : IntAlu :  D=0x000000000002371c
 433000: system.cpu: T0 : 0x22e0e    : c_addi16sp sp, -160        : IntAlu :  D=0x7ffffffffffffd30
 433500: system.cpu: T0 : 0x22e10    : c_sdsp ra, 152(sp)         : MemWrite :  D=0x000000000002371c A=0x7ffffffffffffdc8
 434000: system.cpu: T0 : 0x22e12    : c_sdsp s1, 136(sp)         : MemWrite :  D=0x7fffffffffffff38 A=0x7ffffffffffffdb8
 434500: system.cpu: T0 : 0x22e14    : c_sdsp s2, 128(sp)         : MemWrite :  D=0x7fffffffffffff48 A=0x7ffffffffffffdb0
 435000: system.cpu: T0 : 0x22e16    : c_sdsp s3, 120(sp)         : MemWrite :  D=0x0000000000000000 A=0x7ffffffffffffda8
 435500: system.cpu: T0 : 0x22e18    : c_sdsp s4, 112(sp)         : MemWrite :  D=0x0000000000000000 A=0x7ffffffffffffda0
 436000: system.cpu: T0 : 0x22e1a    : c_sdsp s0, 144(sp)         : MemWrite :  D=0x0000000000000001 A=0x7ffffffffffffdc0
 436500: system.cpu: T0 : 0x22e1c    : c_sdsp s5, 104(sp)         : MemWrite :  D=0x0000000000000000 A=0x7ffffffffffffd98
 437000: system.cpu: T0 : 0x22e1e    : c_sdsp s6, 96(sp)          : MemWrite :  D=0x0000000000000000 A=0x7ffffffffffffd90
 437500: system.cpu: T0 : 0x22e20    : c_sdsp s7, 88(sp)          : MemWrite :  D=0x0000000000000000 A=0x7ffffffffffffd88
 438000: system.cpu: T0 : 0x22e22    : c_sdsp s8, 80(sp)          : MemWrite :  D=0x0000000000000000 A=0x7ffffffffffffd80
 438500: system.cpu: T0 : 0x22e24    : c_sdsp s9, 72(sp)          : MemWrite :  D=0x0000000000000000 A=0x7ffffffffffffd78
 439000: system.cpu: T0 : 0x22e26    : c_sdsp s10, 64(sp)         : MemWrite :  D=0x0000000000000000 A=0x7ffffffffffffd70
 439500: system.cpu: T0 : 0x22e28    : lui s2, 114                : IntAlu :  D=0x0000000000072000
 440000: system.cpu: T0 : 0x22e2c    : jal ra, 116914             : IntAlu :  D=0x0000000000022e30
 440500: system.cpu: T0 : 0x3f6de    : c_lui t1, 1048575          : IntAlu :  D=0xfffffffffffff000
 441000: system.cpu: T0 : 0x3f6e0    : c_addi16sp sp, -48         : IntAlu :  D=0x7ffffffffffffd00
 441500: system.cpu: T0 : 0x3f6e2    : c_addi t1, 16              : IntAlu :  D=0xfffffffffffff010
 442000: system.cpu: T0 : 0x3f6e4    : c_sdsp ra, 40(sp)          : MemWrite :  D=0x0000000000022e30 A=0x7ffffffffffffd28
 442500: system.cpu: T0 : 0x3f6e6    : c_sdsp s0, 32(sp)          : MemWrite :  D=0x0000000000000001 A=0x7ffffffffffffd20
 443000: system.cpu: T0 : 0x3f6e8    : c_sdsp s1, 24(sp)          : MemWrite :  D=0x7fffffffffffff38 A=0x7ffffffffffffd18
 443500: system.cpu: T0 : 0x3f6ea    : c_sdsp s2, 16(sp)          : MemWrite :  D=0x0000000000072000 A=0x7ffffffffffffd10
 444000: system.cpu: T0 : 0x3f6ec    : lui a1, 99                 : IntAlu :  D=0x0000000000063000
 444500: system.cpu: T0 : 0x3f6f0    : c_add sp, t1               : IntAlu :  D=0x7fffffffffffed10
 445000: system.cpu: T0 : 0x3f6f2    : c_lui a5, 1048575          : IntAlu :  D=0xfffffffffffff000
 445500: system.cpu: T0 : 0x3f6f4    : addi a7, zero, 78          : IntAlu :  D=0x000000000000004e
 446000: system.cpu: T0 : 0x3f6f8    : addi a0, zero, -100        : IntAlu :  D=0xffffffffffffff9c
 446500: system.cpu: T0 : 0x3f6fc    : addi a1, a1, -1312         : IntAlu :  D=0x0000000000062ae0
 447000: system.cpu: T0 : 0x3f700    : c_mv a2, sp                : IntAlu :  D=0x7fffffffffffed10
 447500: system.cpu: T0 : 0x3f702    : c_lui a3, 1                : IntAlu :  D=0x0000000000001000
 448000: system.cpu: T0 : 0x3f704    : ecall                      : No_OpClass : 
 448500: system.cpu: T0 : 0x3f708    : c_addiw a0, 0              : IntAlu :  D=0xfffffffffffffffe
 449500: system.cpu: T0 : 0x3f70a    : bltu a5, a0, 84            : IntAlu : 
 450500: system.cpu: T0 : 0x3f75e    : lui a5, 114                : IntAlu :  D=0x0000000000072000
 451500: system.cpu: T0 : 0x3f762    : ld s1, -312(a5)            : MemRead :  D=0x0000000000000000 A=0x71ec8
 452000: system.cpu: T0 : 0x3f766    : c_beqz s1, 62              : IntAlu : 
 452500: system.cpu: T0 : 0x3f7a4    : c_li s0, -1                : IntAlu :  D=0xffffffffffffffff
 453000: system.cpu: T0 : 0x3f7a6    : c_lui t1, 1                : IntAlu :  D=0x0000000000001000
 453500: system.cpu: T0 : 0x3f7a8    : c_addi t1, -16             : IntAlu :  D=0x0000000000000ff0
 454000: system.cpu: T0 : 0x3f7aa    : c_add sp, t1               : IntAlu :  D=0x7ffffffffffffd00
 454500: system.cpu: T0 : 0x3f7ac    : c_ldsp ra, 40(sp)          : MemRead :  D=0x0000000000022e30 A=0x7ffffffffffffd28
 455000: system.cpu: T0 : 0x3f7ae    : c_mv a0, s0                : IntAlu :  D=0xffffffffffffffff
 455500: system.cpu: T0 : 0x3f7b0    : c_ldsp s1, 24(sp)          : MemRead :  D=0x7fffffffffffff38 A=0x7ffffffffffffd18
 456000: system.cpu: T0 : 0x3f7b2    : c_ldsp s0, 32(sp)          : MemRead :  D=0x0000000000000001 A=0x7ffffffffffffd20
 456500: system.cpu: T0 : 0x3f7b4    : c_ldsp s2, 16(sp)          : MemRead :  D=0x0000000000072000 A=0x7ffffffffffffd10
 457000: system.cpu: T0 : 0x3f7b6    : c_addi16sp sp, 48          : IntAlu :  D=0x7ffffffffffffd30
 457500: system.cpu: T0 : 0x3f7b8    : c_jr ra                    : IntAlu : 
 458000: system.cpu: T0 : 0x22e30    : lui s3, 114                : IntAlu :  D=0x0000000000072000
 458500: system.cpu: T0 : 0x22e34    : ld a5, -272(s3)            : MemRead :  D=0x0000000000000006 A=0x71ef0
 459000: system.cpu: T0 : 0x22e38    : ld a4, -328(s2)            : MemRead :  D=0x0000000000010040 A=0x71eb8
 459500: system.cpu: T0 : 0x22e3c    : c_mv a3, a0                : IntAlu :  D=0xffffffffffffffff
 460500: system.cpu: T0 : 0x22e3e    : lui s4, 112                : IntAlu :  D=0x0000000000070000
 461500: system.cpu: T0 : 0x22e42    : lui a0, 80                 : IntAlu :  D=0x0000000000050000
 462500: system.cpu: T0 : 0x22e46    : addi s1, s4, -288          : IntAlu :  D=0x000000000006fee0
 463500: system.cpu: T0 : 0x22e4a    : addi a0, a0, 1664          : IntAlu :  D=0x0000000000050680
 464500: system.cpu: T0 : 0x22e4e    : sh a5, 696(s1)             : MemWrite :  D=0x0000000000000006 A=0x70198
 465500: system.cpu: T0 : 0x22e52    : sd a3, 840(s1)             : MemWrite :  D=0xffffffffffffffff A=0x70228
 466500: system.cpu: T0 : 0x22e56    : sd a4, 680(s1)             : MemWrite :  D=0x0000000000010040 A=0x70188
 467500: system.cpu: T0 : 0x22e5a    : jal ra, -56906             : IntAlu :  D=0x0000000000022e5e
 468000: system.cpu: T0 : 0x15010    : c_addi16sp sp, -64         : IntAlu :  D=0x7ffffffffffffcf0
 468500: system.cpu: T0 : 0x15012    : c_sdsp s1, 40(sp)          : MemWrite :  D=0x000000000006fee0 A=0x7ffffffffffffd18
 469000: system.cpu: T0 : 0x15014    : ld s1, -1360(gp)           : MemRead :  D=0x7fffffffffffff48 A=0x70b58
 469500: system.cpu: T0 : 0x15018    : c_sdsp ra, 56(sp)          : MemWrite :  D=0x0000000000022e5e A=0x7ffffffffffffd28
 470000: system.cpu: T0 : 0x1501a    : c_sdsp s0, 48(sp)          : MemWrite :  D=0x0000000000000001 A=0x7ffffffffffffd20
 470500: system.cpu: T0 : 0x1501c    : c_sdsp s2, 32(sp)          : MemWrite :  D=0x0000000000072000 A=0x7ffffffffffffd10
 471000: system.cpu: T0 : 0x1501e    : c_sdsp s3, 24(sp)          : MemWrite :  D=0x0000000000072000 A=0x7ffffffffffffd08
 471500: system.cpu: T0 : 0x15020    : c_sdsp s4, 16(sp)          : MemWrite :  D=0x0000000000070000 A=0x7ffffffffffffd00
 472000: system.cpu: T0 : 0x15022    : c_sdsp s5, 8(sp)           : MemWrite :  D=0x0000000000000000 A=0x7ffffffffffffcf8
 472500: system.cpu: T0 : 0x15024    : c_sdsp s6, 0(sp)           : MemWrite :  D=0x0000000000000000 A=0x7ffffffffffffcf0
 473000: system.cpu: T0 : 0x15026    : c_beqz s1, 210             : IntAlu : 
 473500: system.cpu: T0 : 0x15028    : lbu a5, 0(a0)              : MemRead :  D=0x000000000000004c A=0x50680
 474000: system.cpu: T0 : 0x1502c    : c_mv s4, a0                : IntAlu :  D=0x0000000000050680
 474500: system.cpu: T0 : 0x1502e    : c_beqz a5, 202             : IntAlu : 
 475000: system.cpu: T0 : 0x15030    : lbu s5, 1(a0)              : MemRead :  D=0x0000000000000044 A=0x50681
 475500: system.cpu: T0 : 0x15034    : slliw s2, a5, 16           : IntAlu :  D=0x00000000004c0000
 476000: system.cpu: T0 : 0x15038    : c_ld s0, 0(s1)             : MemRead :  D=0x0000000000000000 A=0x7fffffffffffff48
 477000: system.cpu: T0 : 0x1503a    : sraiw s2, s2, 16           : IntAlu :  D=0x000000000000004c
 478000: system.cpu: T0 : 0x1503e    : bne s5, zero, 86           : IntAlu : 
 478500: system.cpu: T0 : 0x15094    : jal ra, 42504              : IntAlu :  D=0x0000000000015098
 479000: system.cpu: T0 : 0x1f69c    : andi a5, a0, 7             : IntAlu :  D=0x0000000000000000
 479500: system.cpu: T0 : 0x1f6a0    : c_beqz a5, 26              : IntAlu : 
 480000: system.cpu: T0 : 0x1f6ba    : c_mv a5, a0                : IntAlu :  D=0x0000000000050680
 480500: system.cpu: T0 : 0x1f6bc    : ld a6, -2024(gp)           : MemRead :  D=0xfefefefefefefeff A=0x708c0
 481000: system.cpu: T0 : 0x1f6c0    : ld a1, -2016(gp)           : MemRead :  D=0x8080808080808080 A=0x708c8
 481500: system.cpu: T0 : 0x1f6c4    : c_ld a2, 0(a5)             : MemRead :  D=0x004e5241575f444c A=0x50680
 482500: system.cpu: T0 : 0x1f6c6    : addi a3, a5, 8             : IntAlu :  D=0x0000000000050688
 483500: system.cpu: T0 : 0x1f6ca    : add a4, a2, a6             : IntAlu :  D=0xff4d5140565e434b
 484500: system.cpu: T0 : 0x1f6ce    : xori a2, a2, 18446744073709551615 : IntAlu :  D=0xffb1adbea8a0bbb3
 485000: system.cpu: T0 : 0x1f6d2    : c_and a4, a2               : IntAlu :  D=0xff01010000000303
 485500: system.cpu: T0 : 0x1f6d4    : c_and a4, a1               : IntAlu :  D=0x8000000000000000
 486000: system.cpu: T0 : 0x1f6d6    : c_beqz a4, 50              : IntAlu : 
 486500: system.cpu: T0 : 0x1f6d8    : lbu a4, -8(a3)             : MemRead :  D=0x000000000000004c A=0x50680
 487000: system.cpu: T0 : 0x1f6dc    : c_beqz a4, -40             : IntAlu : 
 488000: system.cpu: T0 : 0x1f6de    : lbu a4, -7(a3)             : MemRead :  D=0x0000000000000044 A=0x50681
 488500: system.cpu: T0 : 0x1f6e2    : c_beqz a4, 50              : IntAlu : 
 489000: system.cpu: T0 : 0x1f6e4    : lbu a4, -6(a3)             : MemRead :  D=0x000000000000005f A=0x50682
 489500: system.cpu: T0 : 0x1f6e8    : c_beqz a4, 52              : IntAlu : 
 490500: system.cpu: T0 : 0x1f6ea    : lbu a4, -5(a3)             : MemRead :  D=0x0000000000000057 A=0x50683
 491000: system.cpu: T0 : 0x1f6ee    : c_beqz a4, 54              : IntAlu : 
 491500: system.cpu: T0 : 0x1f6f0    : lbu a4, -4(a3)             : MemRead :  D=0x0000000000000041 A=0x50684
 492000: system.cpu: T0 : 0x1f6f4    : c_beqz a4, 56              : IntAlu : 
 493000: system.cpu: T0 : 0x1f6f6    : lbu a4, -3(a3)             : MemRead :  D=0x0000000000000052 A=0x50685
 493500: system.cpu: T0 : 0x1f6fa    : c_beqz a4, 58              : IntAlu : 
 494000: system.cpu: T0 : 0x1f6fc    : lbu a4, -2(a3)             : MemRead :  D=0x000000000000004e A=0x50686
 494500: system.cpu: T0 : 0x1f700    : c_beqz a4, 60              : IntAlu : 
 495500: system.cpu: T0 : 0x1f702    : lbu a4, -1(a3)             : MemRead :  D=0x0000000000000000 A=0x50687
 496000: system.cpu: T0 : 0x1f706    : c_beqz a4, 6               : IntAlu : 
 496500: system.cpu: T0 : 0x1f70c    : c_sub a5, a0               : IntAlu :  D=0x0000000000000000
 497500: system.cpu: T0 : 0x1f70e    : addi a0, a5, 7             : IntAlu :  D=0x0000000000000007
 498000: system.cpu: T0 : 0x1f712    : c_jr ra                    : IntAlu : 
 498500: system.cpu: T0 : 0x15098    : slli a5, s5, 8             : IntAlu :  D=0x0000000000004400
 499000: system.cpu: T0 : 0x1509c    : or a5, s2, a5              : IntAlu :  D=0x000000000000444c
 499500: system.cpu: T0 : 0x150a0    : slliw s2, a5, 16           : IntAlu :  D=0x00000000444c0000
 500000: system.cpu: T0 : 0x150a4    : c_mv s3, a0                : IntAlu :  D=0x0000000000000007
 501000: system.cpu: T0 : 0x150a6    : sraiw s2, s2, 16           : IntAlu :  D=0x000000000000444c
 502000: system.cpu: T0 : 0x150aa    : addi s5, a0, -2            : IntAlu :  D=0x0000000000000005
 502500: system.cpu: T0 : 0x150ae    : c_addi s4, 2               : IntAlu :  D=0x0000000000050682
 503000: system.cpu: T0 : 0x150b0    : c_beqz s0, -50             : IntAlu : 
 503500: system.cpu: T0 : 0x1507e    : c_ldsp ra, 56(sp)          : MemRead :  D=0x0000000000022e5e A=0x7ffffffffffffd28
 504000: system.cpu: T0 : 0x15080    : c_mv a0, s0                : IntAlu :  D=0x0000000000000000
 504500: system.cpu: T0 : 0x15082    : c_ldsp s0, 48(sp)          : MemRead :  D=0x0000000000000001 A=0x7ffffffffffffd20
 505000: system.cpu: T0 : 0x15084    : c_ldsp s1, 40(sp)          : MemRead :  D=0x000000000006fee0 A=0x7ffffffffffffd18
 505500: system.cpu: T0 : 0x15086    : c_ldsp s2, 32(sp)          : MemRead :  D=0x0000000000072000 A=0x7ffffffffffffd10
 506000: system.cpu: T0 : 0x15088    : c_ldsp s3, 24(sp)          : MemRead :  D=0x0000000000072000 A=0x7ffffffffffffd08
 506500: system.cpu: T0 : 0x1508a    : c_ldsp s4, 16(sp)          : MemRead :  D=0x0000000000070000 A=0x7ffffffffffffd00
 507000: system.cpu: T0 : 0x1508c    : c_ldsp s5, 8(sp)           : MemRead :  D=0x0000000000000000 A=0x7ffffffffffffcf8
 507500: system.cpu: T0 : 0x1508e    : c_ldsp s6, 0(sp)           : MemRead :  D=0x0000000000000000 A=0x7ffffffffffffcf0
 508000: system.cpu: T0 : 0x15090    : c_addi16sp sp, 64          : IntAlu :  D=0x7ffffffffffffd30
 508500: system.cpu: T0 : 0x15092    : c_jr ra                    : IntAlu : 
 509000: system.cpu: T0 : 0x22e5e    : c_li a5, 0                 : IntAlu :  D=0x0000000000000000
 509500: system.cpu: T0 : 0x22e60    : c_beqz a0, 10              : IntAlu : 
 510500: system.cpu: T0 : 0x22e6a    : lui s5, 114                : IntAlu :  D=0x0000000000072000
 511500: system.cpu: T0 : 0x22e6e    : ld a4, -296(s5)            : MemRead :  D=0x0000000000000000 A=0x71ed8
 512500: system.cpu: T0 : 0x22e72    : lui a3, 114                : IntAlu :  D=0x0000000000072000
 513500: system.cpu: T0 : 0x22e76    : sw a5, -280(a3)            : MemWrite :  D=0x0000000000000000 A=0x71ee8
 514500: system.cpu: T0 : 0x22e7a    : beq a4, zero, 1518         : IntAlu : 
 515000: system.cpu: T0 : 0x23468    : lui s6, 114                : IntAlu :  D=0x0000000000072000
 515500: system.cpu: T0 : 0x2346c    : ld s0, -344(s6)            : MemRead :  D=0x0000000000000000 A=0x71ea8
 516000: system.cpu: T0 : 0x23470    : bne s0, zero, -1062        : IntAlu : 
 516500: system.cpu: T0 : 0x23474    : lui s0, 111                : IntAlu :  D=0x000000000006f000
 517000: system.cpu: T0 : 0x23478    : addi s0, s0, -128          : IntAlu :  D=0x000000000006ef80
 517500: system.cpu: T0 : 0x2347c    : sd zero, 8(s0)             : MemWrite :  D=0x0000000000000000 A=0x6ef88
 518000: system.cpu: T0 : 0x23480    : sd zero, 16(s0)            : MemWrite :  D=0x0000000000000000 A=0x6ef90
 518500: system.cpu: T0 : 0x23484    : sd zero, 24(s0)            : MemWrite :  D=0x0000000000000000 A=0x6ef98
 519000: system.cpu: T0 : 0x23488    : c_li a5, 0                 : IntAlu :  D=0x0000000000000000
 519500: system.cpu: T0 : 0x2348a    : c_j -678                   : IntAlu : 
 520000: system.cpu: T0 : 0x231e4    : lui a0, 80                 : IntAlu :  D=0x0000000000050000
 520500: system.cpu: T0 : 0x231e8    : addi a0, a0, 2016          : IntAlu :  D=0x00000000000507e0
 521000: system.cpu: T0 : 0x231ec    : c_sd a5, 32(s0)            : MemWrite :  D=0x0000000000000000 A=0x6efa0
 522000: system.cpu: T0 : 0x231ee    : jal ra, -57822             : IntAlu :  D=0x00000000000231f2
 522500: system.cpu: T0 : 0x15010    : c_addi16sp sp, -64         : IntAlu :  D=0x7ffffffffffffcf0
 523000: system.cpu: T0 : 0x15012    : c_sdsp s1, 40(sp)          : MemWrite :  D=0x000000000006fee0 A=0x7ffffffffffffd18
 523500: system.cpu: T0 : 0x15014    : ld s1, -1360(gp)           : MemRead :  D=0x7fffffffffffff48 A=0x70b58
 524000: system.cpu: T0 : 0x15018    : c_sdsp ra, 56(sp)          : MemWrite :  D=0x00000000000231f2 A=0x7ffffffffffffd28
 524500: system.cpu: T0 : 0x1501a    : c_sdsp s0, 48(sp)          : MemWrite :  D=0x000000000006ef80 A=0x7ffffffffffffd20
 525000: system.cpu: T0 : 0x1501c    : c_sdsp s2, 32(sp)          : MemWrite :  D=0x0000000000072000 A=0x7ffffffffffffd10
 525500: system.cpu: T0 : 0x1501e    : c_sdsp s3, 24(sp)          : MemWrite :  D=0x0000000000072000 A=0x7ffffffffffffd08
 526000: system.cpu: T0 : 0x15020    : c_sdsp s4, 16(sp)          : MemWrite :  D=0x0000000000070000 A=0x7ffffffffffffd00
 526500: system.cpu: T0 : 0x15022    : c_sdsp s5, 8(sp)           : MemWrite :  D=0x0000000000072000 A=0x7ffffffffffffcf8
 527000: system.cpu: T0 : 0x15024    : c_sdsp s6, 0(sp)           : MemWrite :  D=0x0000000000072000 A=0x7ffffffffffffcf0
 527500: system.cpu: T0 : 0x15026    : c_beqz s1, 210             : IntAlu : 
 528000: system.cpu: T0 : 0x15028    : lbu a5, 0(a0)              : MemRead :  D=0x000000000000004c A=0x507e0
 528500: system.cpu: T0 : 0x1502c    : c_mv s4, a0                : IntAlu :  D=0x00000000000507e0
 529000: system.cpu: T0 : 0x1502e    : c_beqz a5, 202             : IntAlu : 
 529500: system.cpu: T0 : 0x15030    : lbu s5, 1(a0)              : MemRead :  D=0x0000000000000044 A=0x507e1
 530000: system.cpu: T0 : 0x15034    : slliw s2, a5, 16           : IntAlu :  D=0x00000000004c0000
 530500: system.cpu: T0 : 0x15038    : c_ld s0, 0(s1)             : MemRead :  D=0x0000000000000000 A=0x7fffffffffffff48
 531500: system.cpu: T0 : 0x1503a    : sraiw s2, s2, 16           : IntAlu :  D=0x000000000000004c
 532500: system.cpu: T0 : 0x1503e    : bne s5, zero, 86           : IntAlu : 
 533000: system.cpu: T0 : 0x15094    : jal ra, 42504              : IntAlu :  D=0x0000000000015098
 533500: system.cpu: T0 : 0x1f69c    : andi a5, a0, 7             : IntAlu :  D=0x0000000000000000
 534000: system.cpu: T0 : 0x1f6a0    : c_beqz a5, 26              : IntAlu : 
 534500: system.cpu: T0 : 0x1f6ba    : c_mv a5, a0                : IntAlu :  D=0x00000000000507e0
 535000: system.cpu: T0 : 0x1f6bc    : ld a6, -2024(gp)           : MemRead :  D=0xfefefefefefefeff A=0x708c0
 535500: system.cpu: T0 : 0x1f6c0    : ld a1, -2016(gp)           : MemRead :  D=0x8080808080808080 A=0x708c8
 536000: system.cpu: T0 : 0x1f6c4    : c_ld a2, 0(a5)             : MemRead :  D=0x415242494c5f444c A=0x507e0
 537000: system.cpu: T0 : 0x1f6c6    : addi a3, a5, 8             : IntAlu :  D=0x00000000000507e8
 538000: system.cpu: T0 : 0x1f6ca    : add a4, a2, a6             : IntAlu :  D=0x405141484b5e434b
 539000: system.cpu: T0 : 0x1f6ce    : xori a2, a2, 18446744073709551615 : IntAlu :  D=0xbeadbdb6b3a0bbb3
 539500: system.cpu: T0 : 0x1f6d2    : c_and a4, a2               : IntAlu :  D=0x0001010003000303
 540000: system.cpu: T0 : 0x1f6d4    : c_and a4, a1               : IntAlu :  D=0x0000000000000000
 540500: system.cpu: T0 : 0x1f6d6    : c_beqz a4, 50              : IntAlu : 
 541000: system.cpu: T0 : 0x1f708    : c_mv a5, a3                : IntAlu :  D=0x00000000000507e8
 541500: system.cpu: T0 : 0x1f70a    : c_j -70                    : IntAlu : 
 542000: system.cpu: T0 : 0x1f6c4    : c_ld a2, 0(a5)             : MemRead :  D=0x00485441505f5952 A=0x507e8
 543000: system.cpu: T0 : 0x1f6c6    : addi a3, a5, 8             : IntAlu :  D=0x00000000000507f0
 544000: system.cpu: T0 : 0x1f6ca    : add a4, a2, a6             : IntAlu :  D=0xff4753404f5e5851
 545000: system.cpu: T0 : 0x1f6ce    : xori a2, a2, 18446744073709551615 : IntAlu :  D=0xffb7abbeafa0a6ad
 545500: system.cpu: T0 : 0x1f6d2    : c_and a4, a2               : IntAlu :  D=0xff0703000f000001
 546000: system.cpu: T0 : 0x1f6d4    : c_and a4, a1               : IntAlu :  D=0x8000000000000000
 546500: system.cpu: T0 : 0x1f6d6    : c_beqz a4, 50              : IntAlu : 
 547000: system.cpu: T0 : 0x1f6d8    : lbu a4, -8(a3)             : MemRead :  D=0x0000000000000052 A=0x507e8
 547500: system.cpu: T0 : 0x1f6dc    : c_beqz a4, -40             : IntAlu : 
 548500: system.cpu: T0 : 0x1f6de    : lbu a4, -7(a3)             : MemRead :  D=0x0000000000000059 A=0x507e9
 549000: system.cpu: T0 : 0x1f6e2    : c_beqz a4, 50              : IntAlu : 
 549500: system.cpu: T0 : 0x1f6e4    : lbu a4, -6(a3)             : MemRead :  D=0x000000000000005f A=0x507ea
 550000: system.cpu: T0 : 0x1f6e8    : c_beqz a4, 52              : IntAlu : 
 551000: system.cpu: T0 : 0x1f6ea    : lbu a4, -5(a3)             : MemRead :  D=0x0000000000000050 A=0x507eb
 551500: system.cpu: T0 : 0x1f6ee    : c_beqz a4, 54              : IntAlu : 
 552000: system.cpu: T0 : 0x1f6f0    : lbu a4, -4(a3)             : MemRead :  D=0x0000000000000041 A=0x507ec
 552500: system.cpu: T0 : 0x1f6f4    : c_beqz a4, 56              : IntAlu : 
 553500: system.cpu: T0 : 0x1f6f6    : lbu a4, -3(a3)             : MemRead :  D=0x0000000000000054 A=0x507ed
 554000: system.cpu: T0 : 0x1f6fa    : c_beqz a4, 58              : IntAlu : 
 554500: system.cpu: T0 : 0x1f6fc    : lbu a4, -2(a3)             : MemRead :  D=0x0000000000000048 A=0x507ee
 555000: system.cpu: T0 : 0x1f700    : c_beqz a4, 60              : IntAlu : 
 556000: system.cpu: T0 : 0x1f702    : lbu a4, -1(a3)             : MemRead :  D=0x0000000000000000 A=0x507ef
 556500: system.cpu: T0 : 0x1f706    : c_beqz a4, 6               : IntAlu : 
 557000: system.cpu: T0 : 0x1f70c    : c_sub a5, a0               : IntAlu :  D=0x0000000000000008
 558000: system.cpu: T0 : 0x1f70e    : addi a0, a5, 7             : IntAlu :  D=0x000000000000000f
 558500: system.cpu: T0 : 0x1f712    : c_jr ra                    : IntAlu : 
 559000: system.cpu: T0 : 0x15098    : slli a5, s5, 8             : IntAlu :  D=0x0000000000004400
 559500: system.cpu: T0 : 0x1509c    : or a5, s2, a5              : IntAlu :  D=0x000000000000444c
 560000: system.cpu: T0 : 0x150a0    : slliw s2, a5, 16           : IntAlu :  D=0x00000000444c0000
 560500: system.cpu: T0 : 0x150a4    : c_mv s3, a0                : IntAlu :  D=0x000000000000000f
 561500: system.cpu: T0 : 0x150a6    : sraiw s2, s2, 16           : IntAlu :  D=0x000000000000444c
 562500: system.cpu: T0 : 0x150aa    : addi s5, a0, -2            : IntAlu :  D=0x000000000000000d
 563000: system.cpu: T0 : 0x150ae    : c_addi s4, 2               : IntAlu :  D=0x00000000000507e2
 563500: system.cpu: T0 : 0x150b0    : c_beqz s0, -50             : IntAlu : 
 564000: system.cpu: T0 : 0x1507e    : c_ldsp ra, 56(sp)          : MemRead :  D=0x00000000000231f2 A=0x7ffffffffffffd28
 564500: system.cpu: T0 : 0x15080    : c_mv a0, s0                : IntAlu :  D=0x0000000000000000
 565000: system.cpu: T0 : 0x15082    : c_ldsp s0, 48(sp)          : MemRead :  D=0x000000000006ef80 A=0x7ffffffffffffd20
 565500: system.cpu: T0 : 0x15084    : c_ldsp s1, 40(sp)          : MemRead :  D=0x000000000006fee0 A=0x7ffffffffffffd18
 566000: system.cpu: T0 : 0x15086    : c_ldsp s2, 32(sp)          : MemRead :  D=0x0000000000072000 A=0x7ffffffffffffd10
 566500: system.cpu: T0 : 0x15088    : c_ldsp s3, 24(sp)          : MemRead :  D=0x0000000000072000 A=0x7ffffffffffffd08
 567000: system.cpu: T0 : 0x1508a    : c_ldsp s4, 16(sp)          : MemRead :  D=0x0000000000070000 A=0x7ffffffffffffd00
 567500: system.cpu: T0 : 0x1508c    : c_ldsp s5, 8(sp)           : MemRead :  D=0x0000000000072000 A=0x7ffffffffffffcf8
 568000: system.cpu: T0 : 0x1508e    : c_ldsp s6, 0(sp)           : MemRead :  D=0x0000000000072000 A=0x7ffffffffffffcf0
 568500: system.cpu: T0 : 0x15090    : c_addi16sp sp, 64          : IntAlu :  D=0x7ffffffffffffd30
 569000: system.cpu: T0 : 0x15092    : c_jr ra                    : IntAlu : 
 570000: system.cpu: T0 : 0x231f2    : jal ra, 99838              : IntAlu :  D=0x00000000000231f6
 570500: system.cpu: T0 : 0x3b7f0    : c_addi16sp sp, -64         : IntAlu :  D=0x7ffffffffffffcf0
 571000: system.cpu: T0 : 0x3b7f2    : c_sdsp ra, 56(sp)          : MemWrite :  D=0x00000000000231f6 A=0x7ffffffffffffd28
 571500: system.cpu: T0 : 0x3b7f4    : c_sdsp s0, 48(sp)          : MemWrite :  D=0x000000000006ef80 A=0x7ffffffffffffd20
 572000: system.cpu: T0 : 0x3b7f6    : c_sdsp s2, 32(sp)          : MemWrite :  D=0x0000000000072000 A=0x7ffffffffffffd10
 572500: system.cpu: T0 : 0x3b7f8    : c_sdsp s3, 24(sp)          : MemWrite :  D=0x0000000000072000 A=0x7ffffffffffffd08
 573000: system.cpu: T0 : 0x3b7fa    : c_addi4spn s0, sp, 64      : IntAlu :  D=0x7ffffffffffffd30
 573500: system.cpu: T0 : 0x3b7fc    : c_sdsp s1, 40(sp)          : MemWrite :  D=0x000000000006fee0 A=0x7ffffffffffffd18
 574000: system.cpu: T0 : 0x3b7fe    : c_sdsp s4, 16(sp)          : MemWrite :  D=0x0000000000070000 A=0x7ffffffffffffd00
 574500: system.cpu: T0 : 0x3b800    : c_sdsp s5, 8(sp)           : MemWrite :  D=0x0000000000072000 A=0x7ffffffffffffcf8
 575500: system.cpu: T0 : 0x3b802    : lui a5, 114                : IntAlu :  D=0x0000000000072000
 576500: system.cpu: T0 : 0x3b806    : ld a1, -408(a5)            : MemRead :  D=0x0000000000000000 A=0x71e68
 577500: system.cpu: T0 : 0x3b80a    : lui a5, 114                : IntAlu :  D=0x0000000000072000
 578000: system.cpu: T0 : 0x3b80e    : c_mv s2, a0                : IntAlu :  D=0x0000000000000000
 578500: system.cpu: T0 : 0x3b810    : lui s3, 111                : IntAlu :  D=0x000000000006f000
 579000: system.cpu: T0 : 0x3b814    : ld a0, -360(a5)            : MemRead :  D=0x0000000000000000 A=0x71e98
 579500: system.cpu: T0 : 0x3b818    : addi s3, s3, -64           : IntAlu :  D=0x000000000006efc0
 580000: system.cpu: T0 : 0x3b81c    : addi a3, s3, 8             : IntAlu :  D=0x000000000006efc8
 580500: system.cpu: T0 : 0x3b820    : addi a2, s3, 16            : IntAlu :  D=0x000000000006efd0
 581000: system.cpu: T0 : 0x3b824    : jal ra, 9754               : IntAlu :  D=0x000000000003b828
 581500: system.cpu: T0 : 0x3de3e    : c_addi16sp sp, -192        : IntAlu :  D=0x7ffffffffffffc30
 582000: system.cpu: T0 : 0x3de40    : c_sdsp s0, 176(sp)         : MemWrite :  D=0x7ffffffffffffd30 A=0x7ffffffffffffce0
 582500: system.cpu: T0 : 0x3de42    : c_sdsp s3, 152(sp)         : MemWrite :  D=0x000000000006efc0 A=0x7ffffffffffffcc8
 583000: system.cpu: T0 : 0x3de44    : c_addi4spn s0, sp, 192     : IntAlu :  D=0x7ffffffffffffcf0
 583500: system.cpu: T0 : 0x3de46    : c_sdsp s4, 144(sp)         : MemWrite :  D=0x0000000000070000 A=0x7ffffffffffffcc0
 584000: system.cpu: T0 : 0x3de48    : c_sdsp s9, 104(sp)         : MemWrite :  D=0x0000000000000000 A=0x7ffffffffffffc98
 584500: system.cpu: T0 : 0x3de4a    : c_sdsp s11, 88(sp)         : MemWrite :  D=0x0000000000000000 A=0x7ffffffffffffc88
 585000: system.cpu: T0 : 0x3de4c    : c_sdsp ra, 184(sp)         : MemWrite :  D=0x000000000003b828 A=0x7ffffffffffffce8
 585500: system.cpu: T0 : 0x3de4e    : c_sdsp s1, 168(sp)         : MemWrite :  D=0x000000000006fee0 A=0x7ffffffffffffcd8
 586000: system.cpu: T0 : 0x3de50    : c_sdsp s2, 160(sp)         : MemWrite :  D=0x0000000000000000 A=0x7ffffffffffffcd0
 586500: system.cpu: T0 : 0x3de52    : c_sdsp s5, 136(sp)         : MemWrite :  D=0x0000000000072000 A=0x7ffffffffffffcb8
 587000: system.cpu: T0 : 0x3de54    : c_sdsp s6, 128(sp)         : MemWrite :  D=0x0000000000072000 A=0x7ffffffffffffcb0
 587500: system.cpu: T0 : 0x3de56    : c_sdsp s7, 120(sp)         : MemWrite :  D=0x0000000000000000 A=0x7ffffffffffffca8
 588000: system.cpu: T0 : 0x3de58    : c_sdsp s8, 112(sp)         : MemWrite :  D=0x0000000000000000 A=0x7ffffffffffffca0
 588500: system.cpu: T0 : 0x3de5a    : c_sdsp s10, 96(sp)         : MemWrite :  D=0x0000000000000000 A=0x7ffffffffffffc90
 589000: system.cpu: T0 : 0x3de5c    : c_mv a5, a2                : IntAlu :  D=0x000000000006efd0
 589500: system.cpu: T0 : 0x3de5e    : c_mv a4, a1                : IntAlu :  D=0x0000000000000000
 590000: system.cpu: T0 : 0x3de60    : c_mv s4, a0                : IntAlu :  D=0x0000000000000000
 590500: system.cpu: T0 : 0x3de62    : c_li a2, 0                 : IntAlu :  D=0x0000000000000000
 591000: system.cpu: T0 : 0x3de64    : addi a1, s0, -120          : IntAlu :  D=0x7ffffffffffffc78
 591500: system.cpu: T0 : 0x3de68    : c_li a0, 8                 : IntAlu :  D=0x0000000000000008
 592500: system.cpu: T0 : 0x3de6a    : sd a5, -136(s0)            : MemWrite :  D=0x000000000006efd0 A=0x7ffffffffffffc68
 593500: system.cpu: T0 : 0x3de6e    : sd a3, -160(s0)            : MemWrite :  D=0x000000000006efc8 A=0x7ffffffffffffc50
 594500: system.cpu: T0 : 0x3de72    : sd a4, -144(s0)            : MemWrite :  D=0x0000000000000000 A=0x7ffffffffffffc60
 595500: system.cpu: T0 : 0x3de76    : jal ra, -111428            : IntAlu :  D=0x000000000003de7a
 596000: system.cpu: T0 : 0x22b32    : c_slli a0, 32              : IntAlu :  D=0x0000000800000000
 596500: system.cpu: T0 : 0x22b34    : c_srli a0, 32              : IntAlu :  D=0x0000000000000008
 597500: system.cpu: T0 : 0x22b36    : slli a5, a0, 3             : IntAlu :  D=0x0000000000000040
 598000: system.cpu: T0 : 0x22b3a    : c_sub a5, a0               : IntAlu :  D=0x0000000000000038
 598500: system.cpu: T0 : 0x22b3c    : lui a4, 111                : IntAlu :  D=0x000000000006f000
 599000: system.cpu: T0 : 0x22b40    : addi a4, a4, -1248         : IntAlu :  D=0x000000000006eb20
 599500: system.cpu: T0 : 0x22b44    : c_slli a5, 3               : IntAlu :  D=0x00000000000001c0
 600000: system.cpu: T0 : 0x22b46    : c_add a5, a4               : IntAlu :  D=0x000000000006ece0
 600500: system.cpu: T0 : 0x22b48    : c_lw a3, 8(a5)             : MemRead :  D=0x0000000000000001 A=0x6ece8
 601000: system.cpu: T0 : 0x22b4a    : c_li a6, 2                 : IntAlu :  D=0x0000000000000002
 601500: system.cpu: T0 : 0x22b4c    : c_ld a5, 32(a5)            : MemRead :  D=0x0000000000000000 A=0x6ed00
 602500: system.cpu: T0 : 0x22b4e    : bltu a6, a3, 42            : IntAlu : 
 603000: system.cpu: T0 : 0x22b52    : c_bnez a3, 38              : IntAlu : 
 603500: system.cpu: T0 : 0x22b78    : c_sd a5, 0(a1)             : MemWrite :  D=0x0000000000000000 A=0x7ffffffffffffc78
 604000: system.cpu: T0 : 0x22b7a    : c_j -36                    : IntAlu : 
 605000: system.cpu: T0 : 0x22b56    : slli a5, a0, 3             : IntAlu :  D=0x0000000000000040
 605500: system.cpu: T0 : 0x22b5a    : c_sub a5, a0               : IntAlu :  D=0x0000000000000038
 606000: system.cpu: T0 : 0x22b5c    : c_slli a5, 3               : IntAlu :  D=0x00000000000001c0
 607000: system.cpu: T0 : 0x22b5e    : add a3, a4, a5             : IntAlu :  D=0x000000000006ece0
 608000: system.cpu: T0 : 0x22b62    : lbu a3, 40(a3)             : MemRead :  D=0x0000000000000000 A=0x6ed08
 608500: system.cpu: T0 : 0x22b66    : c_beqz a3, 16              : IntAlu : 
 609000: system.cpu: T0 : 0x22b76    : c_jr ra                    : IntAlu : 
 610000: system.cpu: T0 : 0x3de7a    : ld s11, -120(s0)           : MemRead :  D=0x0000000000000000 A=0x7ffffffffffffc78
 611000: system.cpu: T0 : 0x3de7e    : ld s9, -1328(gp)           : MemRead :  D=0x0000000000000000 A=0x70b78
 612000: system.cpu: T0 : 0x3de82    : sltu a3, zero, s4          : IntAlu :  D=0x0000000000000000
 613000: system.cpu: T0 : 0x3de86    : and s3, s9, s11            : IntAlu :  D=0x0000000000000000
 614000: system.cpu: T0 : 0x3de8a    : beq s3, zero, 1250         : IntAlu : 
 614500: system.cpu: T0 : 0x3e36c    : addi s2, a3, 1             : IntAlu :  D=0x0000000000000001
 615000: system.cpu: T0 : 0x3e370    : c_j -1210                  : IntAlu : 
 616000: system.cpu: T0 : 0x3deb6    : lui a5, 114                : IntAlu :  D=0x0000000000072000
 617000: system.cpu: T0 : 0x3deba    : ld s5, -344(a5)            : MemRead :  D=0x0000000000000000 A=0x71ea8
 618000: system.cpu: T0 : 0x3debe    : beq s5, zero, 444          : IntAlu : 
 619000: system.cpu: T0 : 0x3e07a    : slli a5, s2, 4             : IntAlu :  D=0x0000000000000010
 620000: system.cpu: T0 : 0x3e07e    : sub sp, sp, a5             : IntAlu :  D=0x7ffffffffffffc20
 620500: system.cpu: T0 : 0x3e082    : c_mv a3, sp                : IntAlu :  D=0x7ffffffffffffc20
 621000: system.cpu: T0 : 0x3e084    : c_mv s1, a3                : IntAlu :  D=0x7ffffffffffffc20
 621500: system.cpu: T0 : 0x3e086    : c_li a1, 1                 : IntAlu :  D=0x0000000000000001
 622000: system.cpu: T0 : 0x3e088    : c_li s9, 0                 : IntAlu :  D=0x0000000000000000
 623000: system.cpu: T0 : 0x3e08a    : bne s3, zero, -118         : IntAlu : 
 624000: system.cpu: T0 : 0x3e08e    : beq s4, zero, 24           : IntAlu : 
 625000: system.cpu: T0 : 0x3e0a6    : lui a5, 98                 : IntAlu :  D=0x0000000000062000
 626000: system.cpu: T0 : 0x3e0aa    : addi a5, a5, 1744          : IntAlu :  D=0x00000000000626d0
 626500: system.cpu: T0 : 0x3e0ae    : c_sd a5, 0(a3)             : MemWrite :  D=0x00000000000626d0 A=0x7ffffffffffffc20
 627000: system.cpu: T0 : 0x3e0b0    : c_li a5, 3                 : IntAlu :  D=0x0000000000000003
 627500: system.cpu: T0 : 0x3e0b2    : c_sd a5, 8(a3)             : MemWrite :  D=0x0000000000000003 A=0x7ffffffffffffc28
 628000: system.cpu: T0 : 0x3e0b4    : bne s2, a1, 706            : IntAlu : 
 628500: system.cpu: T0 : 0x3e0b8    : c_li a5, 1                 : IntAlu :  D=0x0000000000000001
 629500: system.cpu: T0 : 0x3e0ba    : ld s9, 8(s1)               : MemRead :  D=0x0000000000000003 A=0x7ffffffffffffc28
 630500: system.cpu: T0 : 0x3e0be    : beq s2, a5, 542            : IntAlu : 
 631000: system.cpu: T0 : 0x3e2dc    : ld a5, -136(s0)            : MemRead :  D=0x000000000006efd0 A=0x7ffffffffffffc68
 631500: system.cpu: T0 : 0x3e2e0    : c_li s2, 2                 : IntAlu :  D=0x0000000000000002
 632500: system.cpu: T0 : 0x3e2e2    : addi a0, s9, 33            : IntAlu :  D=0x0000000000000024
 633500: system.cpu: T0 : 0x3e2e6    : sd s2, 0(a5)               : MemWrite :  D=0x0000000000000002 A=0x6efd0
 634500: system.cpu: T0 : 0x3e2ea    : jal ra, -131280            : IntAlu :  D=0x000000000003e2ee
 635500: system.cpu: T0 : 0x1e21a    : ld t1, -1848(gp)           : MemRead :  D=0x000000000001e418 A=0x70970
 636500: system.cpu: T0 : 0x1e21e    : bne t1, zero, 260          : IntAlu : 
 637000: system.cpu: T0 : 0x1e322    : c_mv a1, ra                : IntAlu :  D=0x000000000003e2ee
 637500: system.cpu: T0 : 0x1e324    : c_jr t1                    : IntAlu : 
 638000: system.cpu: T0 : 0x1e418    : lw a5, -1876(gp)           : MemRead :  D=0xffffffffffffffff A=0x70954
 638500: system.cpu: T0 : 0x1e41c    : sd zero, -1848(gp)         : MemWrite :  D=0x0000000000000000 A=0x70970
 639000: system.cpu: T0 : 0x1e420    : blt a5, zero, 6            : IntAlu : 
 639500: system.cpu: T0 : 0x1e426    : c_addi sp, -32             : IntAlu :  D=0x7ffffffffffffc00
 640000: system.cpu: T0 : 0x1e428    : c_sdsp ra, 24(sp)          : MemWrite :  D=0x000000000003e2ee A=0x7ffffffffffffc18
 640500: system.cpu: T0 : 0x1e42a    : c_sdsp a0, 8(sp)           : MemWrite :  D=0x0000000000000024 A=0x7ffffffffffffc08
 641000: system.cpu: T0 : 0x1e42c    : jal ra, -11964             : IntAlu :  D=0x000000000001e430
 641500: system.cpu: T0 : 0x1b570    : c_addi16sp sp, -48         : IntAlu :  D=0x7ffffffffffffbd0
 642000: system.cpu: T0 : 0x1b572    : c_sdsp s1, 24(sp)          : MemWrite :  D=0x7ffffffffffffc20 A=0x7ffffffffffffbe8
 642500: system.cpu: T0 : 0x1b574    : lui s1, 111                : IntAlu :  D=0x000000000006f000
 643000: system.cpu: T0 : 0x1b578    : ld a3, -1264(s1)           : MemRead :  D=0x2f2e2e0000000000 A=0x6eb10
 643500: system.cpu: T0 : 0x1b57c    : lui a0, 111                : IntAlu :  D=0x000000000006f000
 644000: system.cpu: T0 : 0x1b580    : addi a4, a0, 1608          : IntAlu :  D=0x000000000006f648
 644500: system.cpu: T0 : 0x1b584    : c_sdsp ra, 40(sp)          : MemWrite :  D=0x000000000001e430 A=0x7ffffffffffffbf8
 645000: system.cpu: T0 : 0x1b586    : c_sdsp s0, 32(sp)          : MemWrite :  D=0x7ffffffffffffcf0 A=0x7ffffffffffffbf0
 645500: system.cpu: T0 : 0x1b588    : addi a0, a0, 1608          : IntAlu :  D=0x000000000006f648
 646000: system.cpu: T0 : 0x1b58c    : sd a4, 56(tp)              : MemWrite :  D=0x000000000006f648 A=0x73748
 646500: system.cpu: T0 : 0x1b590    : c_sdsp a3, 8(sp)           : MemWrite :  D=0x2f2e2e0000000000 A=0x7ffffffffffffbd8
 647500: system.cpu: T0 : 0x1b592    : sw zero, -1876(gp)         : MemWrite :  D=0x0000000000000000 A=0x70954
 648500: system.cpu: T0 : 0x1b596    : jal ra, -1026              : IntAlu :  D=0x000000000001b59a
 649000: system.cpu: T0 : 0x1b194    : c_lui a4, 1                : IntAlu :  D=0x0000000000001000
 650000: system.cpu: T0 : 0x1b196    : addi a3, a0, 96            : IntAlu :  D=0x000000000006f6a8
 651000: system.cpu: T0 : 0x1b19a    : addi a4, a4, -1968         : IntAlu :  D=0x0000000000000850
 651500: system.cpu: T0 : 0x1b19e    : c_mv a5, a3                : IntAlu :  D=0x000000000006f6a8
 652000: system.cpu: T0 : 0x1b1a0    : c_add a4, a0               : IntAlu :  D=0x000000000006fe98
 652500: system.cpu: T0 : 0x1b1a2    : c_sd a5, 24(a5)            : MemWrite :  D=0x000000000006f6a8 A=0x6f6c0
 653000: system.cpu: T0 : 0x1b1a4    : c_sd a5, 16(a5)            : MemWrite :  D=0x000000000006f6a8 A=0x6f6b8
 653500: system.cpu: T0 : 0x1b1a6    : c_addi a5, 16              : IntAlu :  D=0x000000000006f6b8
 654000: system.cpu: T0 : 0x1b1a8    : bne a4, a5, -6             : IntAlu : 
 654500: system.cpu: T0 : 0x1b1a2    : c_sd a5, 24(a5)            : MemWrite :  D=0x000000000006f6b8 A=0x6f6d0
 655000: system.cpu: T0 : 0x1b1a4    : c_sd a5, 16(a5)            : MemWrite :  D=0x000000000006f6b8 A=0x6f6c8
 655500: system.cpu: T0 : 0x1b1a6    : c_addi a5, 16              : IntAlu :  D=0x000000000006f6c8
 656000: system.cpu: T0 : 0x1b1a8    : bne a4, a5, -6             : IntAlu : 
 656500: system.cpu: T0 : 0x1b1a2    : c_sd a5, 24(a5)            : MemWrite :  D=0x000000000006f6c8 A=0x6f6e0
 657000: system.cpu: T0 : 0x1b1a4    : c_sd a5, 16(a5)            : MemWrite :  D=0x000000000006f6c8 A=0x6f6d8
 657500: system.cpu: T0 : 0x1b1a6    : c_addi a5, 16              : IntAlu :  D=0x000000000006f6d8
 658000: system.cpu: T0 : 0x1b1a8    : bne a4, a5, -6             : IntAlu : 
 658500: system.cpu: T0 : 0x1b1a2    : c_sd a5, 24(a5)            : MemWrite :  D=0x000000000006f6d8 A=0x6f6f0
 659000: system.cpu: T0 : 0x1b1a4    : c_sd a5, 16(a5)            : MemWrite :  D=0x000000000006f6d8 A=0x6f6e8
 659500: system.cpu: T0 : 0x1b1a6    : c_addi a5, 16              : IntAlu :  D=0x000000000006f6e8
 660000: system.cpu: T0 : 0x1b1a8    : bne a4, a5, -6             : IntAlu : 
 660500: system.cpu: T0 : 0x1b1a2    : c_sd a5, 24(a5)            : MemWrite :  D=0x000000000006f6e8 A=0x6f700
 661000: system.cpu: T0 : 0x1b1a4    : c_sd a5, 16(a5)            : MemWrite :  D=0x000000000006f6e8 A=0x6f6f8
 661500: system.cpu: T0 : 0x1b1a6    : c_addi a5, 16              : IntAlu :  D=0x000000000006f6f8
 662000: system.cpu: T0 : 0x1b1a8    : bne a4, a5, -6             : IntAlu : 
 662500: system.cpu: T0 : 0x1b1a2    : c_sd a5, 24(a5)            : MemWrite :  D=0x000000000006f6f8 A=0x6f710
 663000: system.cpu: T0 : 0x1b1a4    : c_sd a5, 16(a5)            : MemWrite :  D=0x000000000006f6f8 A=0x6f708
 663500: system.cpu: T0 : 0x1b1a6    : c_addi a5, 16              : IntAlu :  D=0x000000000006f708
 664000: system.cpu: T0 : 0x1b1a8    : bne a4, a5, -6             : IntAlu : 
 664500: system.cpu: T0 : 0x1b1a2    : c_sd a5, 24(a5)            : MemWrite :  D=0x000000000006f708 A=0x6f720
 665000: system.cpu: T0 : 0x1b1a4    : c_sd a5, 16(a5)            : MemWrite :  D=0x000000000006f708 A=0x6f718
 665500: system.cpu: T0 : 0x1b1a6    : c_addi a5, 16              : IntAlu :  D=0x000000000006f718
 666000: system.cpu: T0 : 0x1b1a8    : bne a4, a5, -6             : IntAlu : 
 666500: system.cpu: T0 : 0x1b1a2    : c_sd a5, 24(a5)            : MemWrite :  D=0x000000000006f718 A=0x6f730
 667000: system.cpu: T0 : 0x1b1a4    : c_sd a5, 16(a5)            : MemWrite :  D=0x000000000006f718 A=0x6f728
 667500: system.cpu: T0 : 0x1b1a6    : c_addi a5, 16              : IntAlu :  D=0x000000000006f728
 668000: system.cpu: T0 : 0x1b1a8    : bne a4, a5, -6             : IntAlu : 
 668500: system.cpu: T0 : 0x1b1a2    : c_sd a5, 24(a5)            : MemWrite :  D=0x000000000006f728 A=0x6f740
 669000: system.cpu: T0 : 0x1b1a4    : c_sd a5, 16(a5)            : MemWrite :  D=0x000000000006f728 A=0x6f738
 669500: system.cpu: T0 : 0x1b1a6    : c_addi a5, 16              : IntAlu :  D=0x000000000006f738
 670000: system.cpu: T0 : 0x1b1a8    : bne a4, a5, -6             : IntAlu : 
 670500: system.cpu: T0 : 0x1b1a2    : c_sd a5, 24(a5)            : MemWrite :  D=0x000000000006f738 A=0x6f750
 671000: system.cpu: T0 : 0x1b1a4    : c_sd a5, 16(a5)            : MemWrite :  D=0x000000000006f738 A=0x6f748
 671500: system.cpu: T0 : 0x1b1a6    : c_addi a5, 16              : IntAlu :  D=0x000000000006f748
 672000: system.cpu: T0 : 0x1b1a8    : bne a4, a5, -6             : IntAlu : 
 672500: system.cpu: T0 : 0x1b1a2    : c_sd a5, 24(a5)            : MemWrite :  D=0x000000000006f748 A=0x6f760
 673000: system.cpu: T0 : 0x1b1a4    : c_sd a5, 16(a5)            : MemWrite :  D=0x000000000006f748 A=0x6f758
 673500: system.cpu: T0 : 0x1b1a6    : c_addi a5, 16              : IntAlu :  D=0x000000000006f758
 674000: system.cpu: T0 : 0x1b1a8    : bne a4, a5, -6             : IntAlu : 
 674500: system.cpu: T0 : 0x1b1a2    : c_sd a5, 24(a5)            : MemWrite :  D=0x000000000006f758 A=0x6f770
 675000: system.cpu: T0 : 0x1b1a4    : c_sd a5, 16(a5)            : MemWrite :  D=0x000000000006f758 A=0x6f768
 675500: system.cpu: T0 : 0x1b1a6    : c_addi a5, 16              : IntAlu :  D=0x000000000006f768
 676000: system.cpu: T0 : 0x1b1a8    : bne a4, a5, -6             : IntAlu : 
 676500: system.cpu: T0 : 0x1b1a2    : c_sd a5, 24(a5)            : MemWrite :  D=0x000000000006f768 A=0x6f780
 677000: system.cpu: T0 : 0x1b1a4    : c_sd a5, 16(a5)            : MemWrite :  D=0x000000000006f768 A=0x6f778
 677500: system.cpu: T0 : 0x1b1a6    : c_addi a5, 16              : IntAlu :  D=0x000000000006f778
 678000: system.cpu: T0 : 0x1b1a8    : bne a4, a5, -6             : IntAlu : 
 678500: system.cpu: T0 : 0x1b1a2    : c_sd a5, 24(a5)            : MemWrite :  D=0x000000000006f778 A=0x6f790
 679000: system.cpu: T0 : 0x1b1a4    : c_sd a5, 16(a5)            : MemWrite :  D=0x000000000006f778 A=0x6f788
 679500: system.cpu: T0 : 0x1b1a6    : c_addi a5, 16              : IntAlu :  D=0x000000000006f788
 680000: system.cpu: T0 : 0x1b1a8    : bne a4, a5, -6             : IntAlu : 
 680500: system.cpu: T0 : 0x1b1a2    : c_sd a5, 24(a5)            : MemWrite :  D=0x000000000006f788 A=0x6f7a0
 681000: system.cpu: T0 : 0x1b1a4    : c_sd a5, 16(a5)            : MemWrite :  D=0x000000000006f788 A=0x6f798
 681500: system.cpu: T0 : 0x1b1a6    : c_addi a5, 16              : IntAlu :  D=0x000000000006f798
 682000: system.cpu: T0 : 0x1b1a8    : bne a4, a5, -6             : IntAlu : 
 682500: system.cpu: T0 : 0x1b1a2    : c_sd a5, 24(a5)            : MemWrite :  D=0x000000000006f798 A=0x6f7b0
 683000: system.cpu: T0 : 0x1b1a4    : c_sd a5, 16(a5)            : MemWrite :  D=0x000000000006f798 A=0x6f7a8
 683500: system.cpu: T0 : 0x1b1a6    : c_addi a5, 16              : IntAlu :  D=0x000000000006f7a8
 684000: system.cpu: T0 : 0x1b1a8    : bne a4, a5, -6             : IntAlu : 
 684500: system.cpu: T0 : 0x1b1a2    : c_sd a5, 24(a5)            : MemWrite :  D=0x000000000006f7a8 A=0x6f7c0
 685000: system.cpu: T0 : 0x1b1a4    : c_sd a5, 16(a5)            : MemWrite :  D=0x000000000006f7a8 A=0x6f7b8
 685500: system.cpu: T0 : 0x1b1a6    : c_addi a5, 16              : IntAlu :  D=0x000000000006f7b8
 686000: system.cpu: T0 : 0x1b1a8    : bne a4, a5, -6             : IntAlu : 
 686500: system.cpu: T0 : 0x1b1a2    : c_sd a5, 24(a5)            : MemWrite :  D=0x000000000006f7b8 A=0x6f7d0
 687000: system.cpu: T0 : 0x1b1a4    : c_sd a5, 16(a5)            : MemWrite :  D=0x000000000006f7b8 A=0x6f7c8
 687500: system.cpu: T0 : 0x1b1a6    : c_addi a5, 16              : IntAlu :  D=0x000000000006f7c8
 688000: system.cpu: T0 : 0x1b1a8    : bne a4, a5, -6             : IntAlu : 
 688500: system.cpu: T0 : 0x1b1a2    : c_sd a5, 24(a5)            : MemWrite :  D=0x000000000006f7c8 A=0x6f7e0
 689000: system.cpu: T0 : 0x1b1a4    : c_sd a5, 16(a5)            : MemWrite :  D=0x000000000006f7c8 A=0x6f7d8
 689500: system.cpu: T0 : 0x1b1a6    : c_addi a5, 16              : IntAlu :  D=0x000000000006f7d8
 690000: system.cpu: T0 : 0x1b1a8    : bne a4, a5, -6             : IntAlu : 
 690500: system.cpu: T0 : 0x1b1a2    : c_sd a5, 24(a5)            : MemWrite :  D=0x000000000006f7d8 A=0x6f7f0
 691000: system.cpu: T0 : 0x1b1a4    : c_sd a5, 16(a5)            : MemWrite :  D=0x000000000006f7d8 A=0x6f7e8
 691500: system.cpu: T0 : 0x1b1a6    : c_addi a5, 16              : IntAlu :  D=0x000000000006f7e8
 692000: system.cpu: T0 : 0x1b1a8    : bne a4, a5, -6             : IntAlu : 
 692500: system.cpu: T0 : 0x1b1a2    : c_sd a5, 24(a5)            : MemWrite :  D=0x000000000006f7e8 A=0x6f800
 693000: system.cpu: T0 : 0x1b1a4    : c_sd a5, 16(a5)            : MemWrite :  D=0x000000000006f7e8 A=0x6f7f8
 693500: system.cpu: T0 : 0x1b1a6    : c_addi a5, 16              : IntAlu :  D=0x000000000006f7f8
 694000: system.cpu: T0 : 0x1b1a8    : bne a4, a5, -6             : IntAlu : 
 694500: system.cpu: T0 : 0x1b1a2    : c_sd a5, 24(a5)            : MemWrite :  D=0x000000000006f7f8 A=0x6f810
 695000: system.cpu: T0 : 0x1b1a4    : c_sd a5, 16(a5)            : MemWrite :  D=0x000000000006f7f8 A=0x6f808
 695500: system.cpu: T0 : 0x1b1a6    : c_addi a5, 16              : IntAlu :  D=0x000000000006f808
 696000: system.cpu: T0 : 0x1b1a8    : bne a4, a5, -6             : IntAlu : 
 696500: system.cpu: T0 : 0x1b1a2    : c_sd a5, 24(a5)            : MemWrite :  D=0x000000000006f808 A=0x6f820
 697000: system.cpu: T0 : 0x1b1a4    : c_sd a5, 16(a5)            : MemWrite :  D=0x000000000006f808 A=0x6f818
 697500: system.cpu: T0 : 0x1b1a6    : c_addi a5, 16              : IntAlu :  D=0x000000000006f818
 698000: system.cpu: T0 : 0x1b1a8    : bne a4, a5, -6             : IntAlu : 
 698500: system.cpu: T0 : 0x1b1a2    : c_sd a5, 24(a5)            : MemWrite :  D=0x000000000006f818 A=0x6f830
 699000: system.cpu: T0 : 0x1b1a4    : c_sd a5, 16(a5)            : MemWrite :  D=0x000000000006f818 A=0x6f828
 699500: system.cpu: T0 : 0x1b1a6    : c_addi a5, 16              : IntAlu :  D=0x000000000006f828
 700000: system.cpu: T0 : 0x1b1a8    : bne a4, a5, -6             : IntAlu : 
 700500: system.cpu: T0 : 0x1b1a2    : c_sd a5, 24(a5)            : MemWrite :  D=0x000000000006f828 A=0x6f840
 701000: system.cpu: T0 : 0x1b1a4    : c_sd a5, 16(a5)            : MemWrite :  D=0x000000000006f828 A=0x6f838
 701500: system.cpu: T0 : 0x1b1a6    : c_addi a5, 16              : IntAlu :  D=0x000000000006f838
 702000: system.cpu: T0 : 0x1b1a8    : bne a4, a5, -6             : IntAlu : 
 702500: system.cpu: T0 : 0x1b1a2    : c_sd a5, 24(a5)            : MemWrite :  D=0x000000000006f838 A=0x6f850
 703000: system.cpu: T0 : 0x1b1a4    : c_sd a5, 16(a5)            : MemWrite :  D=0x000000000006f838 A=0x6f848
 703500: system.cpu: T0 : 0x1b1a6    : c_addi a5, 16              : IntAlu :  D=0x000000000006f848
 704000: system.cpu: T0 : 0x1b1a8    : bne a4, a5, -6             : IntAlu : 
 704500: system.cpu: T0 : 0x1b1a2    : c_sd a5, 24(a5)            : MemWrite :  D=0x000000000006f848 A=0x6f860
 705000: system.cpu: T0 : 0x1b1a4    : c_sd a5, 16(a5)            : MemWrite :  D=0x000000000006f848 A=0x6f858
 705500: system.cpu: T0 : 0x1b1a6    : c_addi a5, 16              : IntAlu :  D=0x000000000006f858
 706000: system.cpu: T0 : 0x1b1a8    : bne a4, a5, -6             : IntAlu : 
 706500: system.cpu: T0 : 0x1b1a2    : c_sd a5, 24(a5)            : MemWrite :  D=0x000000000006f858 A=0x6f870
 707000: system.cpu: T0 : 0x1b1a4    : c_sd a5, 16(a5)            : MemWrite :  D=0x000000000006f858 A=0x6f868
 707500: system.cpu: T0 : 0x1b1a6    : c_addi a5, 16              : IntAlu :  D=0x000000000006f868
 708000: system.cpu: T0 : 0x1b1a8    : bne a4, a5, -6             : IntAlu : 
 708500: system.cpu: T0 : 0x1b1a2    : c_sd a5, 24(a5)            : MemWrite :  D=0x000000000006f868 A=0x6f880
 709000: system.cpu: T0 : 0x1b1a4    : c_sd a5, 16(a5)            : MemWrite :  D=0x000000000006f868 A=0x6f878
 709500: system.cpu: T0 : 0x1b1a6    : c_addi a5, 16              : IntAlu :  D=0x000000000006f878
 710000: system.cpu: T0 : 0x1b1a8    : bne a4, a5, -6             : IntAlu : 
 710500: system.cpu: T0 : 0x1b1a2    : c_sd a5, 24(a5)            : MemWrite :  D=0x000000000006f878 A=0x6f890
 711000: system.cpu: T0 : 0x1b1a4    : c_sd a5, 16(a5)            : MemWrite :  D=0x000000000006f878 A=0x6f888
 711500: system.cpu: T0 : 0x1b1a6    : c_addi a5, 16              : IntAlu :  D=0x000000000006f888
 712000: system.cpu: T0 : 0x1b1a8    : bne a4, a5, -6             : IntAlu : 
 712500: system.cpu: T0 : 0x1b1a2    : c_sd a5, 24(a5)            : MemWrite :  D=0x000000000006f888 A=0x6f8a0
 713000: system.cpu: T0 : 0x1b1a4    : c_sd a5, 16(a5)            : MemWrite :  D=0x000000000006f888 A=0x6f898
 713500: system.cpu: T0 : 0x1b1a6    : c_addi a5, 16              : IntAlu :  D=0x000000000006f898
 714000: system.cpu: T0 : 0x1b1a8    : bne a4, a5, -6             : IntAlu : 
 714500: system.cpu: T0 : 0x1b1a2    : c_sd a5, 24(a5)            : MemWrite :  D=0x000000000006f898 A=0x6f8b0
 715000: system.cpu: T0 : 0x1b1a4    : c_sd a5, 16(a5)            : MemWrite :  D=0x000000000006f898 A=0x6f8a8
 715500: system.cpu: T0 : 0x1b1a6    : c_addi a5, 16              : IntAlu :  D=0x000000000006f8a8
 716000: system.cpu: T0 : 0x1b1a8    : bne a4, a5, -6             : IntAlu : 
 716500: system.cpu: T0 : 0x1b1a2    : c_sd a5, 24(a5)            : MemWrite :  D=0x000000000006f8a8 A=0x6f8c0
 717000: system.cpu: T0 : 0x1b1a4    : c_sd a5, 16(a5)            : MemWrite :  D=0x000000000006f8a8 A=0x6f8b8
 717500: system.cpu: T0 : 0x1b1a6    : c_addi a5, 16              : IntAlu :  D=0x000000000006f8b8
 718000: system.cpu: T0 : 0x1b1a8    : bne a4, a5, -6             : IntAlu : 
 718500: system.cpu: T0 : 0x1b1a2    : c_sd a5, 24(a5)            : MemWrite :  D=0x000000000006f8b8 A=0x6f8d0
 719000: system.cpu: T0 : 0x1b1a4    : c_sd a5, 16(a5)            : MemWrite :  D=0x000000000006f8b8 A=0x6f8c8
 719500: system.cpu: T0 : 0x1b1a6    : c_addi a5, 16              : IntAlu :  D=0x000000000006f8c8
 720000: system.cpu: T0 : 0x1b1a8    : bne a4, a5, -6             : IntAlu : 
 720500: system.cpu: T0 : 0x1b1a2    : c_sd a5, 24(a5)            : MemWrite :  D=0x000000000006f8c8 A=0x6f8e0
 721000: system.cpu: T0 : 0x1b1a4    : c_sd a5, 16(a5)            : MemWrite :  D=0x000000000006f8c8 A=0x6f8d8
 721500: system.cpu: T0 : 0x1b1a6    : c_addi a5, 16              : IntAlu :  D=0x000000000006f8d8
 722000: system.cpu: T0 : 0x1b1a8    : bne a4, a5, -6             : IntAlu : 
 722500: system.cpu: T0 : 0x1b1a2    : c_sd a5, 24(a5)            : MemWrite :  D=0x000000000006f8d8 A=0x6f8f0
 723000: system.cpu: T0 : 0x1b1a4    : c_sd a5, 16(a5)            : MemWrite :  D=0x000000000006f8d8 A=0x6f8e8
 723500: system.cpu: T0 : 0x1b1a6    : c_addi a5, 16              : IntAlu :  D=0x000000000006f8e8
 724000: system.cpu: T0 : 0x1b1a8    : bne a4, a5, -6             : IntAlu : 
 724500: system.cpu: T0 : 0x1b1a2    : c_sd a5, 24(a5)            : MemWrite :  D=0x000000000006f8e8 A=0x6f900
 725000: system.cpu: T0 : 0x1b1a4    : c_sd a5, 16(a5)            : MemWrite :  D=0x000000000006f8e8 A=0x6f8f8
 725500: system.cpu: T0 : 0x1b1a6    : c_addi a5, 16              : IntAlu :  D=0x000000000006f8f8
 726000: system.cpu: T0 : 0x1b1a8    : bne a4, a5, -6             : IntAlu : 
 726500: system.cpu: T0 : 0x1b1a2    : c_sd a5, 24(a5)            : MemWrite :  D=0x000000000006f8f8 A=0x6f910
 727000: system.cpu: T0 : 0x1b1a4    : c_sd a5, 16(a5)            : MemWrite :  D=0x000000000006f8f8 A=0x6f908
 727500: system.cpu: T0 : 0x1b1a6    : c_addi a5, 16              : IntAlu :  D=0x000000000006f908
 728000: system.cpu: T0 : 0x1b1a8    : bne a4, a5, -6             : IntAlu : 
 728500: system.cpu: T0 : 0x1b1a2    : c_sd a5, 24(a5)            : MemWrite :  D=0x000000000006f908 A=0x6f920
 729000: system.cpu: T0 : 0x1b1a4    : c_sd a5, 16(a5)            : MemWrite :  D=0x000000000006f908 A=0x6f918
 729500: system.cpu: T0 : 0x1b1a6    : c_addi a5, 16              : IntAlu :  D=0x000000000006f918
 730000: system.cpu: T0 : 0x1b1a8    : bne a4, a5, -6             : IntAlu : 
 730500: system.cpu: T0 : 0x1b1a2    : c_sd a5, 24(a5)            : MemWrite :  D=0x000000000006f918 A=0x6f930
 731000: system.cpu: T0 : 0x1b1a4    : c_sd a5, 16(a5)            : MemWrite :  D=0x000000000006f918 A=0x6f928
 731500: system.cpu: T0 : 0x1b1a6    : c_addi a5, 16              : IntAlu :  D=0x000000000006f928
 732000: system.cpu: T0 : 0x1b1a8    : bne a4, a5, -6             : IntAlu : 
 732500: system.cpu: T0 : 0x1b1a2    : c_sd a5, 24(a5)            : MemWrite :  D=0x000000000006f928 A=0x6f940
 733000: system.cpu: T0 : 0x1b1a4    : c_sd a5, 16(a5)            : MemWrite :  D=0x000000000006f928 A=0x6f938
 733500: system.cpu: T0 : 0x1b1a6    : c_addi a5, 16              : IntAlu :  D=0x000000000006f938
 734000: system.cpu: T0 : 0x1b1a8    : bne a4, a5, -6             : IntAlu : 
 734500: system.cpu: T0 : 0x1b1a2    : c_sd a5, 24(a5)            : MemWrite :  D=0x000000000006f938 A=0x6f950
 735000: system.cpu: T0 : 0x1b1a4    : c_sd a5, 16(a5)            : MemWrite :  D=0x000000000006f938 A=0x6f948
 735500: system.cpu: T0 : 0x1b1a6    : c_addi a5, 16              : IntAlu :  D=0x000000000006f948
 736000: system.cpu: T0 : 0x1b1a8    : bne a4, a5, -6             : IntAlu : 
 736500: system.cpu: T0 : 0x1b1a2    : c_sd a5, 24(a5)            : MemWrite :  D=0x000000000006f948 A=0x6f960
 737000: system.cpu: T0 : 0x1b1a4    : c_sd a5, 16(a5)            : MemWrite :  D=0x000000000006f948 A=0x6f958
 737500: system.cpu: T0 : 0x1b1a6    : c_addi a5, 16              : IntAlu :  D=0x000000000006f958
 738000: system.cpu: T0 : 0x1b1a8    : bne a4, a5, -6             : IntAlu : 
 738500: system.cpu: T0 : 0x1b1a2    : c_sd a5, 24(a5)            : MemWrite :  D=0x000000000006f958 A=0x6f970
 739000: system.cpu: T0 : 0x1b1a4    : c_sd a5, 16(a5)            : MemWrite :  D=0x000000000006f958 A=0x6f968
 739500: system.cpu: T0 : 0x1b1a6    : c_addi a5, 16              : IntAlu :  D=0x000000000006f968
 740000: system.cpu: T0 : 0x1b1a8    : bne a4, a5, -6             : IntAlu : 
 740500: system.cpu: T0 : 0x1b1a2    : c_sd a5, 24(a5)            : MemWrite :  D=0x000000000006f968 A=0x6f980
 741000: system.cpu: T0 : 0x1b1a4    : c_sd a5, 16(a5)            : MemWrite :  D=0x000000000006f968 A=0x6f978
 741500: system.cpu: T0 : 0x1b1a6    : c_addi a5, 16              : IntAlu :  D=0x000000000006f978
 742000: system.cpu: T0 : 0x1b1a8    : bne a4, a5, -6             : IntAlu : 
 742500: system.cpu: T0 : 0x1b1a2    : c_sd a5, 24(a5)            : MemWrite :  D=0x000000000006f978 A=0x6f990
 743000: system.cpu: T0 : 0x1b1a4    : c_sd a5, 16(a5)            : MemWrite :  D=0x000000000006f978 A=0x6f988
 743500: system.cpu: T0 : 0x1b1a6    : c_addi a5, 16              : IntAlu :  D=0x000000000006f988
 744000: system.cpu: T0 : 0x1b1a8    : bne a4, a5, -6             : IntAlu : 
 744500: system.cpu: T0 : 0x1b1a2    : c_sd a5, 24(a5)            : MemWrite :  D=0x000000000006f988 A=0x6f9a0
 745000: system.cpu: T0 : 0x1b1a4    : c_sd a5, 16(a5)            : MemWrite :  D=0x000000000006f988 A=0x6f998
 745500: system.cpu: T0 : 0x1b1a6    : c_addi a5, 16              : IntAlu :  D=0x000000000006f998
 746000: system.cpu: T0 : 0x1b1a8    : bne a4, a5, -6             : IntAlu : 
 746500: system.cpu: T0 : 0x1b1a2    : c_sd a5, 24(a5)            : MemWrite :  D=0x000000000006f998 A=0x6f9b0
 747000: system.cpu: T0 : 0x1b1a4    : c_sd a5, 16(a5)            : MemWrite :  D=0x000000000006f998 A=0x6f9a8
 747500: system.cpu: T0 : 0x1b1a6    : c_addi a5, 16              : IntAlu :  D=0x000000000006f9a8
 748000: system.cpu: T0 : 0x1b1a8    : bne a4, a5, -6             : IntAlu : 
 748500: system.cpu: T0 : 0x1b1a2    : c_sd a5, 24(a5)            : MemWrite :  D=0x000000000006f9a8 A=0x6f9c0
 749000: system.cpu: T0 : 0x1b1a4    : c_sd a5, 16(a5)            : MemWrite :  D=0x000000000006f9a8 A=0x6f9b8
 749500: system.cpu: T0 : 0x1b1a6    : c_addi a5, 16              : IntAlu :  D=0x000000000006f9b8
 750000: system.cpu: T0 : 0x1b1a8    : bne a4, a5, -6             : IntAlu : 
 750500: system.cpu: T0 : 0x1b1a2    : c_sd a5, 24(a5)            : MemWrite :  D=0x000000000006f9b8 A=0x6f9d0
 751000: system.cpu: T0 : 0x1b1a4    : c_sd a5, 16(a5)            : MemWrite :  D=0x000000000006f9b8 A=0x6f9c8
 751500: system.cpu: T0 : 0x1b1a6    : c_addi a5, 16              : IntAlu :  D=0x000000000006f9c8
 752000: system.cpu: T0 : 0x1b1a8    : bne a4, a5, -6             : IntAlu : 
 752500: system.cpu: T0 : 0x1b1a2    : c_sd a5, 24(a5)            : MemWrite :  D=0x000000000006f9c8 A=0x6f9e0
 753000: system.cpu: T0 : 0x1b1a4    : c_sd a5, 16(a5)            : MemWrite :  D=0x000000000006f9c8 A=0x6f9d8
 753500: system.cpu: T0 : 0x1b1a6    : c_addi a5, 16              : IntAlu :  D=0x000000000006f9d8
 754000: system.cpu: T0 : 0x1b1a8    : bne a4, a5, -6             : IntAlu : 
 754500: system.cpu: T0 : 0x1b1a2    : c_sd a5, 24(a5)            : MemWrite :  D=0x000000000006f9d8 A=0x6f9f0
 755000: system.cpu: T0 : 0x1b1a4    : c_sd a5, 16(a5)            : MemWrite :  D=0x000000000006f9d8 A=0x6f9e8
 755500: system.cpu: T0 : 0x1b1a6    : c_addi a5, 16              : IntAlu :  D=0x000000000006f9e8
 756000: system.cpu: T0 : 0x1b1a8    : bne a4, a5, -6             : IntAlu : 
 756500: system.cpu: T0 : 0x1b1a2    : c_sd a5, 24(a5)            : MemWrite :  D=0x000000000006f9e8 A=0x6fa00
 757000: system.cpu: T0 : 0x1b1a4    : c_sd a5, 16(a5)            : MemWrite :  D=0x000000000006f9e8 A=0x6f9f8
 757500: system.cpu: T0 : 0x1b1a6    : c_addi a5, 16              : IntAlu :  D=0x000000000006f9f8
 758000: system.cpu: T0 : 0x1b1a8    : bne a4, a5, -6             : IntAlu : 
 758500: system.cpu: T0 : 0x1b1a2    : c_sd a5, 24(a5)            : MemWrite :  D=0x000000000006f9f8 A=0x6fa10
 759000: system.cpu: T0 : 0x1b1a4    : c_sd a5, 16(a5)            : MemWrite :  D=0x000000000006f9f8 A=0x6fa08
 759500: system.cpu: T0 : 0x1b1a6    : c_addi a5, 16              : IntAlu :  D=0x000000000006fa08
 760000: system.cpu: T0 : 0x1b1a8    : bne a4, a5, -6             : IntAlu : 
 760500: system.cpu: T0 : 0x1b1a2    : c_sd a5, 24(a5)            : MemWrite :  D=0x000000000006fa08 A=0x6fa20
 761000: system.cpu: T0 : 0x1b1a4    : c_sd a5, 16(a5)            : MemWrite :  D=0x000000000006fa08 A=0x6fa18
 761500: system.cpu: T0 : 0x1b1a6    : c_addi a5, 16              : IntAlu :  D=0x000000000006fa18
 762000: system.cpu: T0 : 0x1b1a8    : bne a4, a5, -6             : IntAlu : 
 762500: system.cpu: T0 : 0x1b1a2    : c_sd a5, 24(a5)            : MemWrite :  D=0x000000000006fa18 A=0x6fa30
 763000: system.cpu: T0 : 0x1b1a4    : c_sd a5, 16(a5)            : MemWrite :  D=0x000000000006fa18 A=0x6fa28
 763500: system.cpu: T0 : 0x1b1a6    : c_addi a5, 16              : IntAlu :  D=0x000000000006fa28
 764000: system.cpu: T0 : 0x1b1a8    : bne a4, a5, -6             : IntAlu : 
 764500: system.cpu: T0 : 0x1b1a2    : c_sd a5, 24(a5)            : MemWrite :  D=0x000000000006fa28 A=0x6fa40
 765000: system.cpu: T0 : 0x1b1a4    : c_sd a5, 16(a5)            : MemWrite :  D=0x000000000006fa28 A=0x6fa38
 765500: system.cpu: T0 : 0x1b1a6    : c_addi a5, 16              : IntAlu :  D=0x000000000006fa38
 766000: system.cpu: T0 : 0x1b1a8    : bne a4, a5, -6             : IntAlu : 
 766500: system.cpu: T0 : 0x1b1a2    : c_sd a5, 24(a5)            : MemWrite :  D=0x000000000006fa38 A=0x6fa50
 767000: system.cpu: T0 : 0x1b1a4    : c_sd a5, 16(a5)            : MemWrite :  D=0x000000000006fa38 A=0x6fa48
 767500: system.cpu: T0 : 0x1b1a6    : c_addi a5, 16              : IntAlu :  D=0x000000000006fa48
 768000: system.cpu: T0 : 0x1b1a8    : bne a4, a5, -6             : IntAlu : 
 768500: system.cpu: T0 : 0x1b1a2    : c_sd a5, 24(a5)            : MemWrite :  D=0x000000000006fa48 A=0x6fa60
 769000: system.cpu: T0 : 0x1b1a4    : c_sd a5, 16(a5)            : MemWrite :  D=0x000000000006fa48 A=0x6fa58
 769500: system.cpu: T0 : 0x1b1a6    : c_addi a5, 16              : IntAlu :  D=0x000000000006fa58
 770000: system.cpu: T0 : 0x1b1a8    : bne a4, a5, -6             : IntAlu : 
 770500: system.cpu: T0 : 0x1b1a2    : c_sd a5, 24(a5)            : MemWrite :  D=0x000000000006fa58 A=0x6fa70
 771000: system.cpu: T0 : 0x1b1a4    : c_sd a5, 16(a5)            : MemWrite :  D=0x000000000006fa58 A=0x6fa68
 771500: system.cpu: T0 : 0x1b1a6    : c_addi a5, 16              : IntAlu :  D=0x000000000006fa68
 772000: system.cpu: T0 : 0x1b1a8    : bne a4, a5, -6             : IntAlu : 
 772500: system.cpu: T0 : 0x1b1a2    : c_sd a5, 24(a5)            : MemWrite :  D=0x000000000006fa68 A=0x6fa80
 773000: system.cpu: T0 : 0x1b1a4    : c_sd a5, 16(a5)            : MemWrite :  D=0x000000000006fa68 A=0x6fa78
 773500: system.cpu: T0 : 0x1b1a6    : c_addi a5, 16              : IntAlu :  D=0x000000000006fa78
 774000: system.cpu: T0 : 0x1b1a8    : bne a4, a5, -6             : IntAlu : 
 774500: system.cpu: T0 : 0x1b1a2    : c_sd a5, 24(a5)            : MemWrite :  D=0x000000000006fa78 A=0x6fa90
 775000: system.cpu: T0 : 0x1b1a4    : c_sd a5, 16(a5)            : MemWrite :  D=0x000000000006fa78 A=0x6fa88
 775500: system.cpu: T0 : 0x1b1a6    : c_addi a5, 16              : IntAlu :  D=0x000000000006fa88
 776000: system.cpu: T0 : 0x1b1a8    : bne a4, a5, -6             : IntAlu : 
 776500: system.cpu: T0 : 0x1b1a2    : c_sd a5, 24(a5)            : MemWrite :  D=0x000000000006fa88 A=0x6faa0
 777000: system.cpu: T0 : 0x1b1a4    : c_sd a5, 16(a5)            : MemWrite :  D=0x000000000006fa88 A=0x6fa98
 777500: system.cpu: T0 : 0x1b1a6    : c_addi a5, 16              : IntAlu :  D=0x000000000006fa98
 778000: system.cpu: T0 : 0x1b1a8    : bne a4, a5, -6             : IntAlu : 
 778500: system.cpu: T0 : 0x1b1a2    : c_sd a5, 24(a5)            : MemWrite :  D=0x000000000006fa98 A=0x6fab0
 779000: system.cpu: T0 : 0x1b1a4    : c_sd a5, 16(a5)            : MemWrite :  D=0x000000000006fa98 A=0x6faa8
 779500: system.cpu: T0 : 0x1b1a6    : c_addi a5, 16              : IntAlu :  D=0x000000000006faa8
 780000: system.cpu: T0 : 0x1b1a8    : bne a4, a5, -6             : IntAlu : 
 780500: system.cpu: T0 : 0x1b1a2    : c_sd a5, 24(a5)            : MemWrite :  D=0x000000000006faa8 A=0x6fac0
 781000: system.cpu: T0 : 0x1b1a4    : c_sd a5, 16(a5)            : MemWrite :  D=0x000000000006faa8 A=0x6fab8
 781500: system.cpu: T0 : 0x1b1a6    : c_addi a5, 16              : IntAlu :  D=0x000000000006fab8
 782000: system.cpu: T0 : 0x1b1a8    : bne a4, a5, -6             : IntAlu : 
 782500: system.cpu: T0 : 0x1b1a2    : c_sd a5, 24(a5)            : MemWrite :  D=0x000000000006fab8 A=0x6fad0
 783000: system.cpu: T0 : 0x1b1a4    : c_sd a5, 16(a5)            : MemWrite :  D=0x000000000006fab8 A=0x6fac8
 783500: system.cpu: T0 : 0x1b1a6    : c_addi a5, 16              : IntAlu :  D=0x000000000006fac8
 784000: system.cpu: T0 : 0x1b1a8    : bne a4, a5, -6             : IntAlu : 
 784500: system.cpu: T0 : 0x1b1a2    : c_sd a5, 24(a5)            : MemWrite :  D=0x000000000006fac8 A=0x6fae0
 785000: system.cpu: T0 : 0x1b1a4    : c_sd a5, 16(a5)            : MemWrite :  D=0x000000000006fac8 A=0x6fad8
 785500: system.cpu: T0 : 0x1b1a6    : c_addi a5, 16              : IntAlu :  D=0x000000000006fad8
 786000: system.cpu: T0 : 0x1b1a8    : bne a4, a5, -6             : IntAlu : 
 786500: system.cpu: T0 : 0x1b1a2    : c_sd a5, 24(a5)            : MemWrite :  D=0x000000000006fad8 A=0x6faf0
 787000: system.cpu: T0 : 0x1b1a4    : c_sd a5, 16(a5)            : MemWrite :  D=0x000000000006fad8 A=0x6fae8
 787500: system.cpu: T0 : 0x1b1a6    : c_addi a5, 16              : IntAlu :  D=0x000000000006fae8
 788000: system.cpu: T0 : 0x1b1a8    : bne a4, a5, -6             : IntAlu : 
 788500: system.cpu: T0 : 0x1b1a2    : c_sd a5, 24(a5)            : MemWrite :  D=0x000000000006fae8 A=0x6fb00
 789000: system.cpu: T0 : 0x1b1a4    : c_sd a5, 16(a5)            : MemWrite :  D=0x000000000006fae8 A=0x6faf8
 789500: system.cpu: T0 : 0x1b1a6    : c_addi a5, 16              : IntAlu :  D=0x000000000006faf8
 790000: system.cpu: T0 : 0x1b1a8    : bne a4, a5, -6             : IntAlu : 
 790500: system.cpu: T0 : 0x1b1a2    : c_sd a5, 24(a5)            : MemWrite :  D=0x000000000006faf8 A=0x6fb10
 791000: system.cpu: T0 : 0x1b1a4    : c_sd a5, 16(a5)            : MemWrite :  D=0x000000000006faf8 A=0x6fb08
 791500: system.cpu: T0 : 0x1b1a6    : c_addi a5, 16              : IntAlu :  D=0x000000000006fb08
 792000: system.cpu: T0 : 0x1b1a8    : bne a4, a5, -6             : IntAlu : 
 792500: system.cpu: T0 : 0x1b1a2    : c_sd a5, 24(a5)            : MemWrite :  D=0x000000000006fb08 A=0x6fb20
 793000: system.cpu: T0 : 0x1b1a4    : c_sd a5, 16(a5)            : MemWrite :  D=0x000000000006fb08 A=0x6fb18
 793500: system.cpu: T0 : 0x1b1a6    : c_addi a5, 16              : IntAlu :  D=0x000000000006fb18
 794000: system.cpu: T0 : 0x1b1a8    : bne a4, a5, -6             : IntAlu : 
 794500: system.cpu: T0 : 0x1b1a2    : c_sd a5, 24(a5)            : MemWrite :  D=0x000000000006fb18 A=0x6fb30
 795000: system.cpu: T0 : 0x1b1a4    : c_sd a5, 16(a5)            : MemWrite :  D=0x000000000006fb18 A=0x6fb28
 795500: system.cpu: T0 : 0x1b1a6    : c_addi a5, 16              : IntAlu :  D=0x000000000006fb28
 796000: system.cpu: T0 : 0x1b1a8    : bne a4, a5, -6             : IntAlu : 
 796500: system.cpu: T0 : 0x1b1a2    : c_sd a5, 24(a5)            : MemWrite :  D=0x000000000006fb28 A=0x6fb40
 797000: system.cpu: T0 : 0x1b1a4    : c_sd a5, 16(a5)            : MemWrite :  D=0x000000000006fb28 A=0x6fb38
 797500: system.cpu: T0 : 0x1b1a6    : c_addi a5, 16              : IntAlu :  D=0x000000000006fb38
 798000: system.cpu: T0 : 0x1b1a8    : bne a4, a5, -6             : IntAlu : 
 798500: system.cpu: T0 : 0x1b1a2    : c_sd a5, 24(a5)            : MemWrite :  D=0x000000000006fb38 A=0x6fb50
 799000: system.cpu: T0 : 0x1b1a4    : c_sd a5, 16(a5)            : MemWrite :  D=0x000000000006fb38 A=0x6fb48
 799500: system.cpu: T0 : 0x1b1a6    : c_addi a5, 16              : IntAlu :  D=0x000000000006fb48
 800000: system.cpu: T0 : 0x1b1a8    : bne a4, a5, -6             : IntAlu : 
 800500: system.cpu: T0 : 0x1b1a2    : c_sd a5, 24(a5)            : MemWrite :  D=0x000000000006fb48 A=0x6fb60
 801000: system.cpu: T0 : 0x1b1a4    : c_sd a5, 16(a5)            : MemWrite :  D=0x000000000006fb48 A=0x6fb58
 801500: system.cpu: T0 : 0x1b1a6    : c_addi a5, 16              : IntAlu :  D=0x000000000006fb58
 802000: system.cpu: T0 : 0x1b1a8    : bne a4, a5, -6             : IntAlu : 
 802500: system.cpu: T0 : 0x1b1a2    : c_sd a5, 24(a5)            : MemWrite :  D=0x000000000006fb58 A=0x6fb70
 803000: system.cpu: T0 : 0x1b1a4    : c_sd a5, 16(a5)            : MemWrite :  D=0x000000000006fb58 A=0x6fb68
 803500: system.cpu: T0 : 0x1b1a6    : c_addi a5, 16              : IntAlu :  D=0x000000000006fb68
 804000: system.cpu: T0 : 0x1b1a8    : bne a4, a5, -6             : IntAlu : 
 804500: system.cpu: T0 : 0x1b1a2    : c_sd a5, 24(a5)            : MemWrite :  D=0x000000000006fb68 A=0x6fb80
 805000: system.cpu: T0 : 0x1b1a4    : c_sd a5, 16(a5)            : MemWrite :  D=0x000000000006fb68 A=0x6fb78
 805500: system.cpu: T0 : 0x1b1a6    : c_addi a5, 16              : IntAlu :  D=0x000000000006fb78
 806000: system.cpu: T0 : 0x1b1a8    : bne a4, a5, -6             : IntAlu : 
 806500: system.cpu: T0 : 0x1b1a2    : c_sd a5, 24(a5)            : MemWrite :  D=0x000000000006fb78 A=0x6fb90
 807000: system.cpu: T0 : 0x1b1a4    : c_sd a5, 16(a5)            : MemWrite :  D=0x000000000006fb78 A=0x6fb88
 807500: system.cpu: T0 : 0x1b1a6    : c_addi a5, 16              : IntAlu :  D=0x000000000006fb88
 808000: system.cpu: T0 : 0x1b1a8    : bne a4, a5, -6             : IntAlu : 
 808500: system.cpu: T0 : 0x1b1a2    : c_sd a5, 24(a5)            : MemWrite :  D=0x000000000006fb88 A=0x6fba0
 809000: system.cpu: T0 : 0x1b1a4    : c_sd a5, 16(a5)            : MemWrite :  D=0x000000000006fb88 A=0x6fb98
 809500: system.cpu: T0 : 0x1b1a6    : c_addi a5, 16              : IntAlu :  D=0x000000000006fb98
 810000: system.cpu: T0 : 0x1b1a8    : bne a4, a5, -6             : IntAlu : 
 810500: system.cpu: T0 : 0x1b1a2    : c_sd a5, 24(a5)            : MemWrite :  D=0x000000000006fb98 A=0x6fbb0
 811000: system.cpu: T0 : 0x1b1a4    : c_sd a5, 16(a5)            : MemWrite :  D=0x000000000006fb98 A=0x6fba8
 811500: system.cpu: T0 : 0x1b1a6    : c_addi a5, 16              : IntAlu :  D=0x000000000006fba8
 812000: system.cpu: T0 : 0x1b1a8    : bne a4, a5, -6             : IntAlu : 
 812500: system.cpu: T0 : 0x1b1a2    : c_sd a5, 24(a5)            : MemWrite :  D=0x000000000006fba8 A=0x6fbc0
 813000: system.cpu: T0 : 0x1b1a4    : c_sd a5, 16(a5)            : MemWrite :  D=0x000000000006fba8 A=0x6fbb8
 813500: system.cpu: T0 : 0x1b1a6    : c_addi a5, 16              : IntAlu :  D=0x000000000006fbb8
 814000: system.cpu: T0 : 0x1b1a8    : bne a4, a5, -6             : IntAlu : 
 814500: system.cpu: T0 : 0x1b1a2    : c_sd a5, 24(a5)            : MemWrite :  D=0x000000000006fbb8 A=0x6fbd0
 815000: system.cpu: T0 : 0x1b1a4    : c_sd a5, 16(a5)            : MemWrite :  D=0x000000000006fbb8 A=0x6fbc8
 815500: system.cpu: T0 : 0x1b1a6    : c_addi a5, 16              : IntAlu :  D=0x000000000006fbc8
 816000: system.cpu: T0 : 0x1b1a8    : bne a4, a5, -6             : IntAlu : 
 816500: system.cpu: T0 : 0x1b1a2    : c_sd a5, 24(a5)            : MemWrite :  D=0x000000000006fbc8 A=0x6fbe0
 817000: system.cpu: T0 : 0x1b1a4    : c_sd a5, 16(a5)            : MemWrite :  D=0x000000000006fbc8 A=0x6fbd8
 817500: system.cpu: T0 : 0x1b1a6    : c_addi a5, 16              : IntAlu :  D=0x000000000006fbd8
 818000: system.cpu: T0 : 0x1b1a8    : bne a4, a5, -6             : IntAlu : 
 818500: system.cpu: T0 : 0x1b1a2    : c_sd a5, 24(a5)            : MemWrite :  D=0x000000000006fbd8 A=0x6fbf0
 819000: system.cpu: T0 : 0x1b1a4    : c_sd a5, 16(a5)            : MemWrite :  D=0x000000000006fbd8 A=0x6fbe8
 819500: system.cpu: T0 : 0x1b1a6    : c_addi a5, 16              : IntAlu :  D=0x000000000006fbe8
 820000: system.cpu: T0 : 0x1b1a8    : bne a4, a5, -6             : IntAlu : 
 820500: system.cpu: T0 : 0x1b1a2    : c_sd a5, 24(a5)            : MemWrite :  D=0x000000000006fbe8 A=0x6fc00
 821000: system.cpu: T0 : 0x1b1a4    : c_sd a5, 16(a5)            : MemWrite :  D=0x000000000006fbe8 A=0x6fbf8
 821500: system.cpu: T0 : 0x1b1a6    : c_addi a5, 16              : IntAlu :  D=0x000000000006fbf8
 822000: system.cpu: T0 : 0x1b1a8    : bne a4, a5, -6             : IntAlu : 
 822500: system.cpu: T0 : 0x1b1a2    : c_sd a5, 24(a5)            : MemWrite :  D=0x000000000006fbf8 A=0x6fc10
 823000: system.cpu: T0 : 0x1b1a4    : c_sd a5, 16(a5)            : MemWrite :  D=0x000000000006fbf8 A=0x6fc08
 823500: system.cpu: T0 : 0x1b1a6    : c_addi a5, 16              : IntAlu :  D=0x000000000006fc08
 824000: system.cpu: T0 : 0x1b1a8    : bne a4, a5, -6             : IntAlu : 
 824500: system.cpu: T0 : 0x1b1a2    : c_sd a5, 24(a5)            : MemWrite :  D=0x000000000006fc08 A=0x6fc20
 825000: system.cpu: T0 : 0x1b1a4    : c_sd a5, 16(a5)            : MemWrite :  D=0x000000000006fc08 A=0x6fc18
 825500: system.cpu: T0 : 0x1b1a6    : c_addi a5, 16              : IntAlu :  D=0x000000000006fc18
 826000: system.cpu: T0 : 0x1b1a8    : bne a4, a5, -6             : IntAlu : 
 826500: system.cpu: T0 : 0x1b1a2    : c_sd a5, 24(a5)            : MemWrite :  D=0x000000000006fc18 A=0x6fc30
 827000: system.cpu: T0 : 0x1b1a4    : c_sd a5, 16(a5)            : MemWrite :  D=0x000000000006fc18 A=0x6fc28
 827500: system.cpu: T0 : 0x1b1a6    : c_addi a5, 16              : IntAlu :  D=0x000000000006fc28
 828000: system.cpu: T0 : 0x1b1a8    : bne a4, a5, -6             : IntAlu : 
 828500: system.cpu: T0 : 0x1b1a2    : c_sd a5, 24(a5)            : MemWrite :  D=0x000000000006fc28 A=0x6fc40
 829000: system.cpu: T0 : 0x1b1a4    : c_sd a5, 16(a5)            : MemWrite :  D=0x000000000006fc28 A=0x6fc38
 829500: system.cpu: T0 : 0x1b1a6    : c_addi a5, 16              : IntAlu :  D=0x000000000006fc38
 830000: system.cpu: T0 : 0x1b1a8    : bne a4, a5, -6             : IntAlu : 
 830500: system.cpu: T0 : 0x1b1a2    : c_sd a5, 24(a5)            : MemWrite :  D=0x000000000006fc38 A=0x6fc50
 831000: system.cpu: T0 : 0x1b1a4    : c_sd a5, 16(a5)            : MemWrite :  D=0x000000000006fc38 A=0x6fc48
 831500: system.cpu: T0 : 0x1b1a6    : c_addi a5, 16              : IntAlu :  D=0x000000000006fc48
 832000: system.cpu: T0 : 0x1b1a8    : bne a4, a5, -6             : IntAlu : 
 832500: system.cpu: T0 : 0x1b1a2    : c_sd a5, 24(a5)            : MemWrite :  D=0x000000000006fc48 A=0x6fc60
 833000: system.cpu: T0 : 0x1b1a4    : c_sd a5, 16(a5)            : MemWrite :  D=0x000000000006fc48 A=0x6fc58
 833500: system.cpu: T0 : 0x1b1a6    : c_addi a5, 16              : IntAlu :  D=0x000000000006fc58
 834000: system.cpu: T0 : 0x1b1a8    : bne a4, a5, -6             : IntAlu : 
 834500: system.cpu: T0 : 0x1b1a2    : c_sd a5, 24(a5)            : MemWrite :  D=0x000000000006fc58 A=0x6fc70
 835000: system.cpu: T0 : 0x1b1a4    : c_sd a5, 16(a5)            : MemWrite :  D=0x000000000006fc58 A=0x6fc68
 835500: system.cpu: T0 : 0x1b1a6    : c_addi a5, 16              : IntAlu :  D=0x000000000006fc68
 836000: system.cpu: T0 : 0x1b1a8    : bne a4, a5, -6             : IntAlu : 
 836500: system.cpu: T0 : 0x1b1a2    : c_sd a5, 24(a5)            : MemWrite :  D=0x000000000006fc68 A=0x6fc80
 837000: system.cpu: T0 : 0x1b1a4    : c_sd a5, 16(a5)            : MemWrite :  D=0x000000000006fc68 A=0x6fc78
 837500: system.cpu: T0 : 0x1b1a6    : c_addi a5, 16              : IntAlu :  D=0x000000000006fc78
 838000: system.cpu: T0 : 0x1b1a8    : bne a4, a5, -6             : IntAlu : 
 838500: system.cpu: T0 : 0x1b1a2    : c_sd a5, 24(a5)            : MemWrite :  D=0x000000000006fc78 A=0x6fc90
 839000: system.cpu: T0 : 0x1b1a4    : c_sd a5, 16(a5)            : MemWrite :  D=0x000000000006fc78 A=0x6fc88
 839500: system.cpu: T0 : 0x1b1a6    : c_addi a5, 16              : IntAlu :  D=0x000000000006fc88
 840000: system.cpu: T0 : 0x1b1a8    : bne a4, a5, -6             : IntAlu : 
 840500: system.cpu: T0 : 0x1b1a2    : c_sd a5, 24(a5)            : MemWrite :  D=0x000000000006fc88 A=0x6fca0
 841000: system.cpu: T0 : 0x1b1a4    : c_sd a5, 16(a5)            : MemWrite :  D=0x000000000006fc88 A=0x6fc98
 841500: system.cpu: T0 : 0x1b1a6    : c_addi a5, 16              : IntAlu :  D=0x000000000006fc98
 842000: system.cpu: T0 : 0x1b1a8    : bne a4, a5, -6             : IntAlu : 
 842500: system.cpu: T0 : 0x1b1a2    : c_sd a5, 24(a5)            : MemWrite :  D=0x000000000006fc98 A=0x6fcb0
 843000: system.cpu: T0 : 0x1b1a4    : c_sd a5, 16(a5)            : MemWrite :  D=0x000000000006fc98 A=0x6fca8
 843500: system.cpu: T0 : 0x1b1a6    : c_addi a5, 16              : IntAlu :  D=0x000000000006fca8
 844000: system.cpu: T0 : 0x1b1a8    : bne a4, a5, -6             : IntAlu : 
 844500: system.cpu: T0 : 0x1b1a2    : c_sd a5, 24(a5)            : MemWrite :  D=0x000000000006fca8 A=0x6fcc0
 845000: system.cpu: T0 : 0x1b1a4    : c_sd a5, 16(a5)            : MemWrite :  D=0x000000000006fca8 A=0x6fcb8
 845500: system.cpu: T0 : 0x1b1a6    : c_addi a5, 16              : IntAlu :  D=0x000000000006fcb8
 846000: system.cpu: T0 : 0x1b1a8    : bne a4, a5, -6             : IntAlu : 
 846500: system.cpu: T0 : 0x1b1a2    : c_sd a5, 24(a5)            : MemWrite :  D=0x000000000006fcb8 A=0x6fcd0
 847000: system.cpu: T0 : 0x1b1a4    : c_sd a5, 16(a5)            : MemWrite :  D=0x000000000006fcb8 A=0x6fcc8
 847500: system.cpu: T0 : 0x1b1a6    : c_addi a5, 16              : IntAlu :  D=0x000000000006fcc8
 848000: system.cpu: T0 : 0x1b1a8    : bne a4, a5, -6             : IntAlu : 
 848500: system.cpu: T0 : 0x1b1a2    : c_sd a5, 24(a5)            : MemWrite :  D=0x000000000006fcc8 A=0x6fce0
 849000: system.cpu: T0 : 0x1b1a4    : c_sd a5, 16(a5)            : MemWrite :  D=0x000000000006fcc8 A=0x6fcd8
 849500: system.cpu: T0 : 0x1b1a6    : c_addi a5, 16              : IntAlu :  D=0x000000000006fcd8
 850000: system.cpu: T0 : 0x1b1a8    : bne a4, a5, -6             : IntAlu : 
 850500: system.cpu: T0 : 0x1b1a2    : c_sd a5, 24(a5)            : MemWrite :  D=0x000000000006fcd8 A=0x6fcf0
 851000: system.cpu: T0 : 0x1b1a4    : c_sd a5, 16(a5)            : MemWrite :  D=0x000000000006fcd8 A=0x6fce8
 851500: system.cpu: T0 : 0x1b1a6    : c_addi a5, 16              : IntAlu :  D=0x000000000006fce8
 852000: system.cpu: T0 : 0x1b1a8    : bne a4, a5, -6             : IntAlu : 
 852500: system.cpu: T0 : 0x1b1a2    : c_sd a5, 24(a5)            : MemWrite :  D=0x000000000006fce8 A=0x6fd00
 853000: system.cpu: T0 : 0x1b1a4    : c_sd a5, 16(a5)            : MemWrite :  D=0x000000000006fce8 A=0x6fcf8
 853500: system.cpu: T0 : 0x1b1a6    : c_addi a5, 16              : IntAlu :  D=0x000000000006fcf8
 854000: system.cpu: T0 : 0x1b1a8    : bne a4, a5, -6             : IntAlu : 
 854500: system.cpu: T0 : 0x1b1a2    : c_sd a5, 24(a5)            : MemWrite :  D=0x000000000006fcf8 A=0x6fd10
 855000: system.cpu: T0 : 0x1b1a4    : c_sd a5, 16(a5)            : MemWrite :  D=0x000000000006fcf8 A=0x6fd08
 855500: system.cpu: T0 : 0x1b1a6    : c_addi a5, 16              : IntAlu :  D=0x000000000006fd08
 856000: system.cpu: T0 : 0x1b1a8    : bne a4, a5, -6             : IntAlu : 
 856500: system.cpu: T0 : 0x1b1a2    : c_sd a5, 24(a5)            : MemWrite :  D=0x000000000006fd08 A=0x6fd20
 857000: system.cpu: T0 : 0x1b1a4    : c_sd a5, 16(a5)            : MemWrite :  D=0x000000000006fd08 A=0x6fd18
 857500: system.cpu: T0 : 0x1b1a6    : c_addi a5, 16              : IntAlu :  D=0x000000000006fd18
 858000: system.cpu: T0 : 0x1b1a8    : bne a4, a5, -6             : IntAlu : 
 858500: system.cpu: T0 : 0x1b1a2    : c_sd a5, 24(a5)            : MemWrite :  D=0x000000000006fd18 A=0x6fd30
 859000: system.cpu: T0 : 0x1b1a4    : c_sd a5, 16(a5)            : MemWrite :  D=0x000000000006fd18 A=0x6fd28
 859500: system.cpu: T0 : 0x1b1a6    : c_addi a5, 16              : IntAlu :  D=0x000000000006fd28
 860000: system.cpu: T0 : 0x1b1a8    : bne a4, a5, -6             : IntAlu : 
 860500: system.cpu: T0 : 0x1b1a2    : c_sd a5, 24(a5)            : MemWrite :  D=0x000000000006fd28 A=0x6fd40
 861000: system.cpu: T0 : 0x1b1a4    : c_sd a5, 16(a5)            : MemWrite :  D=0x000000000006fd28 A=0x6fd38
 861500: system.cpu: T0 : 0x1b1a6    : c_addi a5, 16              : IntAlu :  D=0x000000000006fd38
 862000: system.cpu: T0 : 0x1b1a8    : bne a4, a5, -6             : IntAlu : 
 862500: system.cpu: T0 : 0x1b1a2    : c_sd a5, 24(a5)            : MemWrite :  D=0x000000000006fd38 A=0x6fd50
 863000: system.cpu: T0 : 0x1b1a4    : c_sd a5, 16(a5)            : MemWrite :  D=0x000000000006fd38 A=0x6fd48
 863500: system.cpu: T0 : 0x1b1a6    : c_addi a5, 16              : IntAlu :  D=0x000000000006fd48
 864000: system.cpu: T0 : 0x1b1a8    : bne a4, a5, -6             : IntAlu : 
 864500: system.cpu: T0 : 0x1b1a2    : c_sd a5, 24(a5)            : MemWrite :  D=0x000000000006fd48 A=0x6fd60
 865000: system.cpu: T0 : 0x1b1a4    : c_sd a5, 16(a5)            : MemWrite :  D=0x000000000006fd48 A=0x6fd58
 865500: system.cpu: T0 : 0x1b1a6    : c_addi a5, 16              : IntAlu :  D=0x000000000006fd58
 866000: system.cpu: T0 : 0x1b1a8    : bne a4, a5, -6             : IntAlu : 
 866500: system.cpu: T0 : 0x1b1a2    : c_sd a5, 24(a5)            : MemWrite :  D=0x000000000006fd58 A=0x6fd70
 867000: system.cpu: T0 : 0x1b1a4    : c_sd a5, 16(a5)            : MemWrite :  D=0x000000000006fd58 A=0x6fd68
 867500: system.cpu: T0 : 0x1b1a6    : c_addi a5, 16              : IntAlu :  D=0x000000000006fd68
 868000: system.cpu: T0 : 0x1b1a8    : bne a4, a5, -6             : IntAlu : 
 868500: system.cpu: T0 : 0x1b1a2    : c_sd a5, 24(a5)            : MemWrite :  D=0x000000000006fd68 A=0x6fd80
 869000: system.cpu: T0 : 0x1b1a4    : c_sd a5, 16(a5)            : MemWrite :  D=0x000000000006fd68 A=0x6fd78
 869500: system.cpu: T0 : 0x1b1a6    : c_addi a5, 16              : IntAlu :  D=0x000000000006fd78
 870000: system.cpu: T0 : 0x1b1a8    : bne a4, a5, -6             : IntAlu : 
 870500: system.cpu: T0 : 0x1b1a2    : c_sd a5, 24(a5)            : MemWrite :  D=0x000000000006fd78 A=0x6fd90
 871000: system.cpu: T0 : 0x1b1a4    : c_sd a5, 16(a5)            : MemWrite :  D=0x000000000006fd78 A=0x6fd88
 871500: system.cpu: T0 : 0x1b1a6    : c_addi a5, 16              : IntAlu :  D=0x000000000006fd88
 872000: system.cpu: T0 : 0x1b1a8    : bne a4, a5, -6             : IntAlu : 
 872500: system.cpu: T0 : 0x1b1a2    : c_sd a5, 24(a5)            : MemWrite :  D=0x000000000006fd88 A=0x6fda0
 873000: system.cpu: T0 : 0x1b1a4    : c_sd a5, 16(a5)            : MemWrite :  D=0x000000000006fd88 A=0x6fd98
 873500: system.cpu: T0 : 0x1b1a6    : c_addi a5, 16              : IntAlu :  D=0x000000000006fd98
 874000: system.cpu: T0 : 0x1b1a8    : bne a4, a5, -6             : IntAlu : 
 874500: system.cpu: T0 : 0x1b1a2    : c_sd a5, 24(a5)            : MemWrite :  D=0x000000000006fd98 A=0x6fdb0
 875000: system.cpu: T0 : 0x1b1a4    : c_sd a5, 16(a5)            : MemWrite :  D=0x000000000006fd98 A=0x6fda8
 875500: system.cpu: T0 : 0x1b1a6    : c_addi a5, 16              : IntAlu :  D=0x000000000006fda8
 876000: system.cpu: T0 : 0x1b1a8    : bne a4, a5, -6             : IntAlu : 
 876500: system.cpu: T0 : 0x1b1a2    : c_sd a5, 24(a5)            : MemWrite :  D=0x000000000006fda8 A=0x6fdc0
 877000: system.cpu: T0 : 0x1b1a4    : c_sd a5, 16(a5)            : MemWrite :  D=0x000000000006fda8 A=0x6fdb8
 877500: system.cpu: T0 : 0x1b1a6    : c_addi a5, 16              : IntAlu :  D=0x000000000006fdb8
 878000: system.cpu: T0 : 0x1b1a8    : bne a4, a5, -6             : IntAlu : 
 878500: system.cpu: T0 : 0x1b1a2    : c_sd a5, 24(a5)            : MemWrite :  D=0x000000000006fdb8 A=0x6fdd0
 879000: system.cpu: T0 : 0x1b1a4    : c_sd a5, 16(a5)            : MemWrite :  D=0x000000000006fdb8 A=0x6fdc8
 879500: system.cpu: T0 : 0x1b1a6    : c_addi a5, 16              : IntAlu :  D=0x000000000006fdc8
 880000: system.cpu: T0 : 0x1b1a8    : bne a4, a5, -6             : IntAlu : 
 880500: system.cpu: T0 : 0x1b1a2    : c_sd a5, 24(a5)            : MemWrite :  D=0x000000000006fdc8 A=0x6fde0
 881000: system.cpu: T0 : 0x1b1a4    : c_sd a5, 16(a5)            : MemWrite :  D=0x000000000006fdc8 A=0x6fdd8
 881500: system.cpu: T0 : 0x1b1a6    : c_addi a5, 16              : IntAlu :  D=0x000000000006fdd8
 882000: system.cpu: T0 : 0x1b1a8    : bne a4, a5, -6             : IntAlu : 
 882500: system.cpu: T0 : 0x1b1a2    : c_sd a5, 24(a5)            : MemWrite :  D=0x000000000006fdd8 A=0x6fdf0
 883000: system.cpu: T0 : 0x1b1a4    : c_sd a5, 16(a5)            : MemWrite :  D=0x000000000006fdd8 A=0x6fde8
 883500: system.cpu: T0 : 0x1b1a6    : c_addi a5, 16              : IntAlu :  D=0x000000000006fde8
 884000: system.cpu: T0 : 0x1b1a8    : bne a4, a5, -6             : IntAlu : 
 884500: system.cpu: T0 : 0x1b1a2    : c_sd a5, 24(a5)            : MemWrite :  D=0x000000000006fde8 A=0x6fe00
 885000: system.cpu: T0 : 0x1b1a4    : c_sd a5, 16(a5)            : MemWrite :  D=0x000000000006fde8 A=0x6fdf8
 885500: system.cpu: T0 : 0x1b1a6    : c_addi a5, 16              : IntAlu :  D=0x000000000006fdf8
 886000: system.cpu: T0 : 0x1b1a8    : bne a4, a5, -6             : IntAlu : 
 886500: system.cpu: T0 : 0x1b1a2    : c_sd a5, 24(a5)            : MemWrite :  D=0x000000000006fdf8 A=0x6fe10
 887000: system.cpu: T0 : 0x1b1a4    : c_sd a5, 16(a5)            : MemWrite :  D=0x000000000006fdf8 A=0x6fe08
 887500: system.cpu: T0 : 0x1b1a6    : c_addi a5, 16              : IntAlu :  D=0x000000000006fe08
 888000: system.cpu: T0 : 0x1b1a8    : bne a4, a5, -6             : IntAlu : 
 888500: system.cpu: T0 : 0x1b1a2    : c_sd a5, 24(a5)            : MemWrite :  D=0x000000000006fe08 A=0x6fe20
 889000: system.cpu: T0 : 0x1b1a4    : c_sd a5, 16(a5)            : MemWrite :  D=0x000000000006fe08 A=0x6fe18
 889500: system.cpu: T0 : 0x1b1a6    : c_addi a5, 16              : IntAlu :  D=0x000000000006fe18
 890000: system.cpu: T0 : 0x1b1a8    : bne a4, a5, -6             : IntAlu : 
 890500: system.cpu: T0 : 0x1b1a2    : c_sd a5, 24(a5)            : MemWrite :  D=0x000000000006fe18 A=0x6fe30
 891000: system.cpu: T0 : 0x1b1a4    : c_sd a5, 16(a5)            : MemWrite :  D=0x000000000006fe18 A=0x6fe28
 891500: system.cpu: T0 : 0x1b1a6    : c_addi a5, 16              : IntAlu :  D=0x000000000006fe28
 892000: system.cpu: T0 : 0x1b1a8    : bne a4, a5, -6             : IntAlu : 
 892500: system.cpu: T0 : 0x1b1a2    : c_sd a5, 24(a5)            : MemWrite :  D=0x000000000006fe28 A=0x6fe40
 893000: system.cpu: T0 : 0x1b1a4    : c_sd a5, 16(a5)            : MemWrite :  D=0x000000000006fe28 A=0x6fe38
 893500: system.cpu: T0 : 0x1b1a6    : c_addi a5, 16              : IntAlu :  D=0x000000000006fe38
 894000: system.cpu: T0 : 0x1b1a8    : bne a4, a5, -6             : IntAlu : 
 894500: system.cpu: T0 : 0x1b1a2    : c_sd a5, 24(a5)            : MemWrite :  D=0x000000000006fe38 A=0x6fe50
 895000: system.cpu: T0 : 0x1b1a4    : c_sd a5, 16(a5)            : MemWrite :  D=0x000000000006fe38 A=0x6fe48
 895500: system.cpu: T0 : 0x1b1a6    : c_addi a5, 16              : IntAlu :  D=0x000000000006fe48
 896000: system.cpu: T0 : 0x1b1a8    : bne a4, a5, -6             : IntAlu : 
 896500: system.cpu: T0 : 0x1b1a2    : c_sd a5, 24(a5)            : MemWrite :  D=0x000000000006fe48 A=0x6fe60
 897000: system.cpu: T0 : 0x1b1a4    : c_sd a5, 16(a5)            : MemWrite :  D=0x000000000006fe48 A=0x6fe58
 897500: system.cpu: T0 : 0x1b1a6    : c_addi a5, 16              : IntAlu :  D=0x000000000006fe58
 898000: system.cpu: T0 : 0x1b1a8    : bne a4, a5, -6             : IntAlu : 
 898500: system.cpu: T0 : 0x1b1a2    : c_sd a5, 24(a5)            : MemWrite :  D=0x000000000006fe58 A=0x6fe70
 899000: system.cpu: T0 : 0x1b1a4    : c_sd a5, 16(a5)            : MemWrite :  D=0x000000000006fe58 A=0x6fe68
 899500: system.cpu: T0 : 0x1b1a6    : c_addi a5, 16              : IntAlu :  D=0x000000000006fe68
 900000: system.cpu: T0 : 0x1b1a8    : bne a4, a5, -6             : IntAlu : 
 900500: system.cpu: T0 : 0x1b1a2    : c_sd a5, 24(a5)            : MemWrite :  D=0x000000000006fe68 A=0x6fe80
 901000: system.cpu: T0 : 0x1b1a4    : c_sd a5, 16(a5)            : MemWrite :  D=0x000000000006fe68 A=0x6fe78
 901500: system.cpu: T0 : 0x1b1a6    : c_addi a5, 16              : IntAlu :  D=0x000000000006fe78
 902000: system.cpu: T0 : 0x1b1a8    : bne a4, a5, -6             : IntAlu : 
 902500: system.cpu: T0 : 0x1b1a2    : c_sd a5, 24(a5)            : MemWrite :  D=0x000000000006fe78 A=0x6fe90
 903000: system.cpu: T0 : 0x1b1a4    : c_sd a5, 16(a5)            : MemWrite :  D=0x000000000006fe78 A=0x6fe88
 903500: system.cpu: T0 : 0x1b1a6    : c_addi a5, 16              : IntAlu :  D=0x000000000006fe88
 904000: system.cpu: T0 : 0x1b1a8    : bne a4, a5, -6             : IntAlu : 
 904500: system.cpu: T0 : 0x1b1a2    : c_sd a5, 24(a5)            : MemWrite :  D=0x000000000006fe88 A=0x6fea0
 905000: system.cpu: T0 : 0x1b1a4    : c_sd a5, 16(a5)            : MemWrite :  D=0x000000000006fe88 A=0x6fe98
 905500: system.cpu: T0 : 0x1b1a6    : c_addi a5, 16              : IntAlu :  D=0x000000000006fe98
 906000: system.cpu: T0 : 0x1b1a8    : bne a4, a5, -6             : IntAlu : 
 906500: system.cpu: T0 : 0x1b1ac    : lui a5, 111                : IntAlu :  D=0x000000000006f000
 907000: system.cpu: T0 : 0x1b1b0    : addi a5, a5, 1608          : IntAlu :  D=0x000000000006f648
 907500: system.cpu: T0 : 0x1b1b4    : beq a0, a5, 24             : IntAlu : 
 908000: system.cpu: T0 : 0x1b1cc    : addi a4, zero, 128         : IntAlu :  D=0x0000000000000080
 908500: system.cpu: T0 : 0x1b1d0    : sd a4, -1376(gp)           : MemWrite :  D=0x0000000000000080 A=0x70b48
 909000: system.cpu: T0 : 0x1b1d4    : addi a5, a0, 8             : IntAlu :  D=0x000000000006f650
 909500: system.cpu: T0 : 0x1b1d8    : amoswap_w zero, zero, (a5)
 909500: system.cpu: T0 : 0x1b1d8. 0 : amoswap_w[l] zero, zero, (a5) : MemRead :  D=0x0000000000000000 A=0x6f650
 910000: system.cpu: T0 : 0x1b1dc    : c_sd a3, 96(a0)            : MemWrite :  D=0x000000000006f6a8 A=0x6f6a8
 910500: system.cpu: T0 : 0x1b1de    : c_jr ra                    : IntAlu : 
 911000: system.cpu: T0 : 0x1b59a    : c_lui a2, 28               : IntAlu :  D=0x000000000001c000
 911500: system.cpu: T0 : 0x1b59c    : addi a2, a2, -792          : IntAlu :  D=0x000000000001bce8
 912000: system.cpu: T0 : 0x1b5a0    : c_mv a1, sp                : IntAlu :  D=0x7ffffffffffffbd0
 912500: system.cpu: T0 : 0x1b5a2    : c_li a0, 19                : IntAlu :  D=0x0000000000000013
 913000: system.cpu: T0 : 0x1b5a4    : jal ra, 30094              : IntAlu :  D=0x000000000001b5a8
 913500: system.cpu: T0 : 0x22b32    : c_slli a0, 32              : IntAlu :  D=0x0000001300000000
 914000: system.cpu: T0 : 0x22b34    : c_srli a0, 32              : IntAlu :  D=0x0000000000000013
 915000: system.cpu: T0 : 0x22b36    : slli a5, a0, 3             : IntAlu :  D=0x0000000000000098
 915500: system.cpu: T0 : 0x22b3a    : c_sub a5, a0               : IntAlu :  D=0x0000000000000085
 916000: system.cpu: T0 : 0x22b3c    : lui a4, 111                : IntAlu :  D=0x000000000006f000
 916500: system.cpu: T0 : 0x22b40    : addi a4, a4, -1248         : IntAlu :  D=0x000000000006eb20
 917000: system.cpu: T0 : 0x22b44    : c_slli a5, 3               : IntAlu :  D=0x0000000000000428
 917500: system.cpu: T0 : 0x22b46    : c_add a5, a4               : IntAlu :  D=0x000000000006ef48
 918000: system.cpu: T0 : 0x22b48    : c_lw a3, 8(a5)             : MemRead :  D=0x0000000000000000 A=0x6ef50
 918500: system.cpu: T0 : 0x22b4a    : c_li a6, 2                 : IntAlu :  D=0x0000000000000002
 919000: system.cpu: T0 : 0x22b4c    : c_ld a5, 32(a5)            : MemRead :  D=0x0000000000000000 A=0x6ef68
 920000: system.cpu: T0 : 0x22b4e    : bltu a6, a3, 42            : IntAlu : 
 920500: system.cpu: T0 : 0x22b52    : c_bnez a3, 38              : IntAlu : 
 921000: system.cpu: T0 : 0x22b54    : c_sw a5, 0(a1)             : MemWrite :  D=0x0000000000000000 A=0x7ffffffffffffbd0
 922000: system.cpu: T0 : 0x22b56    : slli a5, a0, 3             : IntAlu :  D=0x0000000000000098
 922500: system.cpu: T0 : 0x22b5a    : c_sub a5, a0               : IntAlu :  D=0x0000000000000085
 923000: system.cpu: T0 : 0x22b5c    : c_slli a5, 3               : IntAlu :  D=0x0000000000000428
 924000: system.cpu: T0 : 0x22b5e    : add a3, a4, a5             : IntAlu :  D=0x000000000006ef48
 925000: system.cpu: T0 : 0x22b62    : lbu a3, 40(a3)             : MemRead :  D=0x0000000000000000 A=0x6ef70
 925500: system.cpu: T0 : 0x22b66    : c_beqz a3, 16              : IntAlu : 
 926000: system.cpu: T0 : 0x22b76    : c_jr ra                    : IntAlu : 
 926500: system.cpu: T0 : 0x1b5a8    : c_lui a2, 27               : IntAlu :  D=0x000000000001b000
 927500: system.cpu: T0 : 0x1b5aa    : addi a2, a2, -468          : IntAlu :  D=0x000000000001ae2c
 928000: system.cpu: T0 : 0x1b5ae    : c_mv a1, sp                : IntAlu :  D=0x7ffffffffffffbd0
 928500: system.cpu: T0 : 0x1b5b0    : c_li a0, 7                 : IntAlu :  D=0x0000000000000007
 929500: system.cpu: T0 : 0x1b5b2    : jal ra, 30080              : IntAlu :  D=0x000000000001b5b6
 930000: system.cpu: T0 : 0x22b32    : c_slli a0, 32              : IntAlu :  D=0x0000000700000000
 930500: system.cpu: T0 : 0x22b34    : c_srli a0, 32              : IntAlu :  D=0x0000000000000007
 931500: system.cpu: T0 : 0x22b36    : slli a5, a0, 3             : IntAlu :  D=0x0000000000000038
 932000: system.cpu: T0 : 0x22b3a    : c_sub a5, a0               : IntAlu :  D=0x0000000000000031
 932500: system.cpu: T0 : 0x22b3c    : lui a4, 111                : IntAlu :  D=0x000000000006f000
 933000: system.cpu: T0 : 0x22b40    : addi a4, a4, -1248         : IntAlu :  D=0x000000000006eb20
 933500: system.cpu: T0 : 0x22b44    : c_slli a5, 3               : IntAlu :  D=0x0000000000000188
 934000: system.cpu: T0 : 0x22b46    : c_add a5, a4               : IntAlu :  D=0x000000000006eca8
 934500: system.cpu: T0 : 0x22b48    : c_lw a3, 8(a5)             : MemRead :  D=0x0000000000000002 A=0x6ecb0
 935000: system.cpu: T0 : 0x22b4a    : c_li a6, 2                 : IntAlu :  D=0x0000000000000002
 935500: system.cpu: T0 : 0x22b4c    : c_ld a5, 32(a5)            : MemRead :  D=0x0000000000000000 A=0x6ecc8
 936500: system.cpu: T0 : 0x22b4e    : bltu a6, a3, 42            : IntAlu : 
 937000: system.cpu: T0 : 0x22b52    : c_bnez a3, 38              : IntAlu : 
 937500: system.cpu: T0 : 0x22b78    : c_sd a5, 0(a1)             : MemWrite :  D=0x0000000000000000 A=0x7ffffffffffffbd0
 938000: system.cpu: T0 : 0x22b7a    : c_j -36                    : IntAlu : 
 939000: system.cpu: T0 : 0x22b56    : slli a5, a0, 3             : IntAlu :  D=0x0000000000000038
 939500: system.cpu: T0 : 0x22b5a    : c_sub a5, a0               : IntAlu :  D=0x0000000000000031
 940000: system.cpu: T0 : 0x22b5c    : c_slli a5, 3               : IntAlu :  D=0x0000000000000188
 941000: system.cpu: T0 : 0x22b5e    : add a3, a4, a5             : IntAlu :  D=0x000000000006eca8
 942000: system.cpu: T0 : 0x22b62    : lbu a3, 40(a3)             : MemRead :  D=0x0000000000000000 A=0x6ecd0
 942500: system.cpu: T0 : 0x22b66    : c_beqz a3, 16              : IntAlu : 
 943000: system.cpu: T0 : 0x22b76    : c_jr ra                    : IntAlu : 
 943500: system.cpu: T0 : 0x1b5b6    : c_lui a2, 27               : IntAlu :  D=0x000000000001b000
 944000: system.cpu: T0 : 0x1b5b8    : addi a2, a2, -450          : IntAlu :  D=0x000000000001ae3e
 944500: system.cpu: T0 : 0x1b5bc    : c_mv a1, sp                : IntAlu :  D=0x7ffffffffffffbd0
 945000: system.cpu: T0 : 0x1b5be    : c_li a0, 2                 : IntAlu :  D=0x0000000000000002
 945500: system.cpu: T0 : 0x1b5c0    : jal ra, 30066              : IntAlu :  D=0x000000000001b5c4
 946000: system.cpu: T0 : 0x22b32    : c_slli a0, 32              : IntAlu :  D=0x0000000200000000
 946500: system.cpu: T0 : 0x22b34    : c_srli a0, 32              : IntAlu :  D=0x0000000000000002
 947500: system.cpu: T0 : 0x22b36    : slli a5, a0, 3             : IntAlu :  D=0x0000000000000010
 948000: system.cpu: T0 : 0x22b3a    : c_sub a5, a0               : IntAlu :  D=0x000000000000000e
 948500: system.cpu: T0 : 0x22b3c    : lui a4, 111                : IntAlu :  D=0x000000000006f000
 949000: system.cpu: T0 : 0x22b40    : addi a4, a4, -1248         : IntAlu :  D=0x000000000006eb20
 949500: system.cpu: T0 : 0x22b44    : c_slli a5, 3               : IntAlu :  D=0x0000000000000070
 950000: system.cpu: T0 : 0x22b46    : c_add a5, a4               : IntAlu :  D=0x000000000006eb90
 950500: system.cpu: T0 : 0x22b48    : c_lw a3, 8(a5)             : MemRead :  D=0x0000000000000000 A=0x6eb98
 951000: system.cpu: T0 : 0x22b4a    : c_li a6, 2                 : IntAlu :  D=0x0000000000000002
 951500: system.cpu: T0 : 0x22b4c    : c_ld a5, 32(a5)            : MemRead :  D=0x0000000000000000 A=0x6ebb0
 952500: system.cpu: T0 : 0x22b4e    : bltu a6, a3, 42            : IntAlu : 
 953000: system.cpu: T0 : 0x22b52    : c_bnez a3, 38              : IntAlu : 
 953500: system.cpu: T0 : 0x22b54    : c_sw a5, 0(a1)             : MemWrite :  D=0x0000000000000000 A=0x7ffffffffffffbd0
 954500: system.cpu: T0 : 0x22b56    : slli a5, a0, 3             : IntAlu :  D=0x0000000000000010
 955000: system.cpu: T0 : 0x22b5a    : c_sub a5, a0               : IntAlu :  D=0x000000000000000e
 955500: system.cpu: T0 : 0x22b5c    : c_slli a5, 3               : IntAlu :  D=0x0000000000000070
 956500: system.cpu: T0 : 0x22b5e    : add a3, a4, a5             : IntAlu :  D=0x000000000006eb90
 957500: system.cpu: T0 : 0x22b62    : lbu a3, 40(a3)             : MemRead :  D=0x0000000000000000 A=0x6ebb8
 958000: system.cpu: T0 : 0x22b66    : c_beqz a3, 16              : IntAlu : 
 958500: system.cpu: T0 : 0x22b76    : c_jr ra                    : IntAlu : 
 959000: system.cpu: T0 : 0x1b5c4    : c_lui a2, 27               : IntAlu :  D=0x000000000001b000
 960000: system.cpu: T0 : 0x1b5c6    : addi a2, a2, -514          : IntAlu :  D=0x000000000001adfe
 960500: system.cpu: T0 : 0x1b5ca    : c_mv a1, sp                : IntAlu :  D=0x7ffffffffffffbd0
 961000: system.cpu: T0 : 0x1b5cc    : c_li a0, 14                : IntAlu :  D=0x000000000000000e
 962000: system.cpu: T0 : 0x1b5ce    : jal ra, 30052              : IntAlu :  D=0x000000000001b5d2
 962500: system.cpu: T0 : 0x22b32    : c_slli a0, 32              : IntAlu :  D=0x0000000e00000000
 963000: system.cpu: T0 : 0x22b34    : c_srli a0, 32              : IntAlu :  D=0x000000000000000e
 964000: system.cpu: T0 : 0x22b36    : slli a5, a0, 3             : IntAlu :  D=0x0000000000000070
 964500: system.cpu: T0 : 0x22b3a    : c_sub a5, a0               : IntAlu :  D=0x0000000000000062
 965000: system.cpu: T0 : 0x22b3c    : lui a4, 111                : IntAlu :  D=0x000000000006f000
 965500: system.cpu: T0 : 0x22b40    : addi a4, a4, -1248         : IntAlu :  D=0x000000000006eb20
 966000: system.cpu: T0 : 0x22b44    : c_slli a5, 3               : IntAlu :  D=0x0000000000000310
 966500: system.cpu: T0 : 0x22b46    : c_add a5, a4               : IntAlu :  D=0x000000000006ee30
 967000: system.cpu: T0 : 0x22b48    : c_lw a3, 8(a5)             : MemRead :  D=0x0000000000000002 A=0x6ee38
 967500: system.cpu: T0 : 0x22b4a    : c_li a6, 2                 : IntAlu :  D=0x0000000000000002
 968000: system.cpu: T0 : 0x22b4c    : c_ld a5, 32(a5)            : MemRead :  D=0x0000000000000000 A=0x6ee50
 969000: system.cpu: T0 : 0x22b4e    : bltu a6, a3, 42            : IntAlu : 
 969500: system.cpu: T0 : 0x22b52    : c_bnez a3, 38              : IntAlu : 
 970000: system.cpu: T0 : 0x22b78    : c_sd a5, 0(a1)             : MemWrite :  D=0x0000000000000000 A=0x7ffffffffffffbd0
 970500: system.cpu: T0 : 0x22b7a    : c_j -36                    : IntAlu : 
 971500: system.cpu: T0 : 0x22b56    : slli a5, a0, 3             : IntAlu :  D=0x0000000000000070
 972000: system.cpu: T0 : 0x22b5a    : c_sub a5, a0               : IntAlu :  D=0x0000000000000062
 972500: system.cpu: T0 : 0x22b5c    : c_slli a5, 3               : IntAlu :  D=0x0000000000000310
 973500: system.cpu: T0 : 0x22b5e    : add a3, a4, a5             : IntAlu :  D=0x000000000006ee30
 974500: system.cpu: T0 : 0x22b62    : lbu a3, 40(a3)             : MemRead :  D=0x0000000000000000 A=0x6ee58
 975000: system.cpu: T0 : 0x22b66    : c_beqz a3, 16              : IntAlu : 
 975500: system.cpu: T0 : 0x22b76    : c_jr ra                    : IntAlu : 
 976000: system.cpu: T0 : 0x1b5d2    : c_lui a2, 27               : IntAlu :  D=0x000000000001b000
 976500: system.cpu: T0 : 0x1b5d4    : addi a2, a2, -442          : IntAlu :  D=0x000000000001ae46
 977000: system.cpu: T0 : 0x1b5d8    : c_mv a1, sp                : IntAlu :  D=0x7ffffffffffffbd0
 977500: system.cpu: T0 : 0x1b5da    : c_li a0, 1                 : IntAlu :  D=0x0000000000000001
 978000: system.cpu: T0 : 0x1b5dc    : jal ra, 30038              : IntAlu :  D=0x000000000001b5e0
 978500: system.cpu: T0 : 0x22b32    : c_slli a0, 32              : IntAlu :  D=0x0000000100000000
 979000: system.cpu: T0 : 0x22b34    : c_srli a0, 32              : IntAlu :  D=0x0000000000000001
 980000: system.cpu: T0 : 0x22b36    : slli a5, a0, 3             : IntAlu :  D=0x0000000000000008
 980500: system.cpu: T0 : 0x22b3a    : c_sub a5, a0               : IntAlu :  D=0x0000000000000007
 981000: system.cpu: T0 : 0x22b3c    : lui a4, 111                : IntAlu :  D=0x000000000006f000
 981500: system.cpu: T0 : 0x22b40    : addi a4, a4, -1248         : IntAlu :  D=0x000000000006eb20
 982000: system.cpu: T0 : 0x22b44    : c_slli a5, 3               : IntAlu :  D=0x0000000000000038
 982500: system.cpu: T0 : 0x22b46    : c_add a5, a4               : IntAlu :  D=0x000000000006eb58
 983000: system.cpu: T0 : 0x22b48    : c_lw a3, 8(a5)             : MemRead :  D=0x0000000000000002 A=0x6eb60
 983500: system.cpu: T0 : 0x22b4a    : c_li a6, 2                 : IntAlu :  D=0x0000000000000002
 984000: system.cpu: T0 : 0x22b4c    : c_ld a5, 32(a5)            : MemRead :  D=0x0000000000000000 A=0x6eb78
 985000: system.cpu: T0 : 0x22b4e    : bltu a6, a3, 42            : IntAlu : 
 985500: system.cpu: T0 : 0x22b52    : c_bnez a3, 38              : IntAlu : 
 986000: system.cpu: T0 : 0x22b78    : c_sd a5, 0(a1)             : MemWrite :  D=0x0000000000000000 A=0x7ffffffffffffbd0
 986500: system.cpu: T0 : 0x22b7a    : c_j -36                    : IntAlu : 
 987500: system.cpu: T0 : 0x22b56    : slli a5, a0, 3             : IntAlu :  D=0x0000000000000008
 988000: system.cpu: T0 : 0x22b5a    : c_sub a5, a0               : IntAlu :  D=0x0000000000000007
 988500: system.cpu: T0 : 0x22b5c    : c_slli a5, 3               : IntAlu :  D=0x0000000000000038
 989500: system.cpu: T0 : 0x22b5e    : add a3, a4, a5             : IntAlu :  D=0x000000000006eb58
 990500: system.cpu: T0 : 0x22b62    : lbu a3, 40(a3)             : MemRead :  D=0x0000000000000000 A=0x6eb80
 991000: system.cpu: T0 : 0x22b66    : c_beqz a3, 16              : IntAlu : 
 991500: system.cpu: T0 : 0x22b76    : c_jr ra                    : IntAlu : 
 992000: system.cpu: T0 : 0x1b5e0    : c_lui a2, 27               : IntAlu :  D=0x000000000001b000
 993000: system.cpu: T0 : 0x1b5e2    : addi a2, a2, -486          : IntAlu :  D=0x000000000001ae1a
 993500: system.cpu: T0 : 0x1b5e6    : c_mv a1, sp                : IntAlu :  D=0x7ffffffffffffbd0
 994000: system.cpu: T0 : 0x1b5e8    : c_li a0, 9                 : IntAlu :  D=0x0000000000000009
 995000: system.cpu: T0 : 0x1b5ea    : jal ra, 30024              : IntAlu :  D=0x000000000001b5ee
 995500: system.cpu: T0 : 0x22b32    : c_slli a0, 32              : IntAlu :  D=0x0000000900000000
 996000: system.cpu: T0 : 0x22b34    : c_srli a0, 32              : IntAlu :  D=0x0000000000000009
 997000: system.cpu: T0 : 0x22b36    : slli a5, a0, 3             : IntAlu :  D=0x0000000000000048
 997500: system.cpu: T0 : 0x22b3a    : c_sub a5, a0               : IntAlu :  D=0x000000000000003f
 998000: system.cpu: T0 : 0x22b3c    : lui a4, 111                : IntAlu :  D=0x000000000006f000
 998500: system.cpu: T0 : 0x22b40    : addi a4, a4, -1248         : IntAlu :  D=0x000000000006eb20
 999000: system.cpu: T0 : 0x22b44    : c_slli a5, 3               : IntAlu :  D=0x00000000000001f8
 999500: system.cpu: T0 : 0x22b46    : c_add a5, a4               : IntAlu :  D=0x000000000006ed18
1000000: system.cpu: T0 : 0x22b48    : c_lw a3, 8(a5)             : MemRead :  D=0x0000000000000000 A=0x6ed20
1000500: system.cpu: T0 : 0x22b4a    : c_li a6, 2                 : IntAlu :  D=0x0000000000000002
1001000: system.cpu: T0 : 0x22b4c    : c_ld a5, 32(a5)            : MemRead :  D=0x0000000000000000 A=0x6ed38
1002000: system.cpu: T0 : 0x22b4e    : bltu a6, a3, 42            : IntAlu : 
1002500: system.cpu: T0 : 0x22b52    : c_bnez a3, 38              : IntAlu : 
1003000: system.cpu: T0 : 0x22b54    : c_sw a5, 0(a1)             : MemWrite :  D=0x0000000000000000 A=0x7ffffffffffffbd0
1004000: system.cpu: T0 : 0x22b56    : slli a5, a0, 3             : IntAlu :  D=0x0000000000000048
1004500: system.cpu: T0 : 0x22b5a    : c_sub a5, a0               : IntAlu :  D=0x000000000000003f
1005000: system.cpu: T0 : 0x22b5c    : c_slli a5, 3               : IntAlu :  D=0x00000000000001f8
1006000: system.cpu: T0 : 0x22b5e    : add a3, a4, a5             : IntAlu :  D=0x000000000006ed18
1007000: system.cpu: T0 : 0x22b62    : lbu a3, 40(a3)             : MemRead :  D=0x0000000000000000 A=0x6ed40
1007500: system.cpu: T0 : 0x22b66    : c_beqz a3, 16              : IntAlu : 
1008000: system.cpu: T0 : 0x22b76    : c_jr ra                    : IntAlu : 
1008500: system.cpu: T0 : 0x1b5ee    : c_lui a2, 27               : IntAlu :  D=0x000000000001b000
1009000: system.cpu: T0 : 0x1b5f0    : addi a2, a2, -424          : IntAlu :  D=0x000000000001ae58
1009500: system.cpu: T0 : 0x1b5f4    : c_mv a1, sp                : IntAlu :  D=0x7ffffffffffffbd0
1010000: system.cpu: T0 : 0x1b5f6    : c_li a0, 13                : IntAlu :  D=0x000000000000000d
1010500: system.cpu: T0 : 0x1b5f8    : jal ra, 30010              : IntAlu :  D=0x000000000001b5fc
1011000: system.cpu: T0 : 0x22b32    : c_slli a0, 32              : IntAlu :  D=0x0000000d00000000
1011500: system.cpu: T0 : 0x22b34    : c_srli a0, 32              : IntAlu :  D=0x000000000000000d
1012500: system.cpu: T0 : 0x22b36    : slli a5, a0, 3             : IntAlu :  D=0x0000000000000068
1013000: system.cpu: T0 : 0x22b3a    : c_sub a5, a0               : IntAlu :  D=0x000000000000005b
1013500: system.cpu: T0 : 0x22b3c    : lui a4, 111                : IntAlu :  D=0x000000000006f000
1014000: system.cpu: T0 : 0x22b40    : addi a4, a4, -1248         : IntAlu :  D=0x000000000006eb20
1014500: system.cpu: T0 : 0x22b44    : c_slli a5, 3               : IntAlu :  D=0x00000000000002d8
1015000: system.cpu: T0 : 0x22b46    : c_add a5, a4               : IntAlu :  D=0x000000000006edf8
1015500: system.cpu: T0 : 0x22b48    : c_lw a3, 8(a5)             : MemRead :  D=0x0000000000000002 A=0x6ee00
1016000: system.cpu: T0 : 0x22b4a    : c_li a6, 2                 : IntAlu :  D=0x0000000000000002
1016500: system.cpu: T0 : 0x22b4c    : c_ld a5, 32(a5)            : MemRead :  D=0x0000000000000000 A=0x6ee18
1017500: system.cpu: T0 : 0x22b4e    : bltu a6, a3, 42            : IntAlu : 
1018000: system.cpu: T0 : 0x22b52    : c_bnez a3, 38              : IntAlu : 
1018500: system.cpu: T0 : 0x22b78    : c_sd a5, 0(a1)             : MemWrite :  D=0x0000000000000000 A=0x7ffffffffffffbd0
1019000: system.cpu: T0 : 0x22b7a    : c_j -36                    : IntAlu : 
1020000: system.cpu: T0 : 0x22b56    : slli a5, a0, 3             : IntAlu :  D=0x0000000000000068
1020500: system.cpu: T0 : 0x22b5a    : c_sub a5, a0               : IntAlu :  D=0x000000000000005b
1021000: system.cpu: T0 : 0x22b5c    : c_slli a5, 3               : IntAlu :  D=0x00000000000002d8
1022000: system.cpu: T0 : 0x22b5e    : add a3, a4, a5             : IntAlu :  D=0x000000000006edf8
1023000: system.cpu: T0 : 0x22b62    : lbu a3, 40(a3)             : MemRead :  D=0x0000000000000000 A=0x6ee20
1023500: system.cpu: T0 : 0x22b66    : c_beqz a3, 16              : IntAlu : 
1024000: system.cpu: T0 : 0x22b76    : c_jr ra                    : IntAlu : 
1024500: system.cpu: T0 : 0x1b5fc    : c_lui a2, 27               : IntAlu :  D=0x000000000001b000
1025500: system.cpu: T0 : 0x1b5fe    : addi a2, a2, -412          : IntAlu :  D=0x000000000001ae64
1026000: system.cpu: T0 : 0x1b602    : c_mv a1, sp                : IntAlu :  D=0x7ffffffffffffbd0
1026500: system.cpu: T0 : 0x1b604    : c_li a0, 16                : IntAlu :  D=0x0000000000000010
1027500: system.cpu: T0 : 0x1b606    : jal ra, 29996              : IntAlu :  D=0x000000000001b60a
1028000: system.cpu: T0 : 0x22b32    : c_slli a0, 32              : IntAlu :  D=0x0000001000000000
1028500: system.cpu: T0 : 0x22b34    : c_srli a0, 32              : IntAlu :  D=0x0000000000000010
1029500: system.cpu: T0 : 0x22b36    : slli a5, a0, 3             : IntAlu :  D=0x0000000000000080
1030000: system.cpu: T0 : 0x22b3a    : c_sub a5, a0               : IntAlu :  D=0x0000000000000070
1030500: system.cpu: T0 : 0x22b3c    : lui a4, 111                : IntAlu :  D=0x000000000006f000
1031000: system.cpu: T0 : 0x22b40    : addi a4, a4, -1248         : IntAlu :  D=0x000000000006eb20
1031500: system.cpu: T0 : 0x22b44    : c_slli a5, 3               : IntAlu :  D=0x0000000000000380
1032000: system.cpu: T0 : 0x22b46    : c_add a5, a4               : IntAlu :  D=0x000000000006eea0
1032500: system.cpu: T0 : 0x22b48    : c_lw a3, 8(a5)             : MemRead :  D=0x0000000000000002 A=0x6eea8
1033000: system.cpu: T0 : 0x22b4a    : c_li a6, 2                 : IntAlu :  D=0x0000000000000002
1033500: system.cpu: T0 : 0x22b4c    : c_ld a5, 32(a5)            : MemRead :  D=0x0000000000000000 A=0x6eec0
1034500: system.cpu: T0 : 0x22b4e    : bltu a6, a3, 42            : IntAlu : 
1035000: system.cpu: T0 : 0x22b52    : c_bnez a3, 38              : IntAlu : 
1035500: system.cpu: T0 : 0x22b78    : c_sd a5, 0(a1)             : MemWrite :  D=0x0000000000000000 A=0x7ffffffffffffbd0
1036000: system.cpu: T0 : 0x22b7a    : c_j -36                    : IntAlu : 
1037000: system.cpu: T0 : 0x22b56    : slli a5, a0, 3             : IntAlu :  D=0x0000000000000080
1037500: system.cpu: T0 : 0x22b5a    : c_sub a5, a0               : IntAlu :  D=0x0000000000000070
1038000: system.cpu: T0 : 0x22b5c    : c_slli a5, 3               : IntAlu :  D=0x0000000000000380
1039000: system.cpu: T0 : 0x22b5e    : add a3, a4, a5             : IntAlu :  D=0x000000000006eea0
1040000: system.cpu: T0 : 0x22b62    : lbu a3, 40(a3)             : MemRead :  D=0x0000000000000000 A=0x6eec8
1040500: system.cpu: T0 : 0x22b66    : c_beqz a3, 16              : IntAlu : 
1041000: system.cpu: T0 : 0x22b76    : c_jr ra                    : IntAlu : 
1041500: system.cpu: T0 : 0x1b60a    : c_lui a2, 27               : IntAlu :  D=0x000000000001b000
1042000: system.cpu: T0 : 0x1b60c    : addi a2, a2, -400          : IntAlu :  D=0x000000000001ae70
1042500: system.cpu: T0 : 0x1b610    : c_mv a1, sp                : IntAlu :  D=0x7ffffffffffffbd0
1043000: system.cpu: T0 : 0x1b612    : c_li a0, 18                : IntAlu :  D=0x0000000000000012
1043500: system.cpu: T0 : 0x1b614    : jal ra, 29982              : IntAlu :  D=0x000000000001b618
1044000: system.cpu: T0 : 0x22b32    : c_slli a0, 32              : IntAlu :  D=0x0000001200000000
1044500: system.cpu: T0 : 0x22b34    : c_srli a0, 32              : IntAlu :  D=0x0000000000000012
1045500: system.cpu: T0 : 0x22b36    : slli a5, a0, 3             : IntAlu :  D=0x0000000000000090
1046000: system.cpu: T0 : 0x22b3a    : c_sub a5, a0               : IntAlu :  D=0x000000000000007e
1046500: system.cpu: T0 : 0x22b3c    : lui a4, 111                : IntAlu :  D=0x000000000006f000
1047000: system.cpu: T0 : 0x22b40    : addi a4, a4, -1248         : IntAlu :  D=0x000000000006eb20
1047500: system.cpu: T0 : 0x22b44    : c_slli a5, 3               : IntAlu :  D=0x00000000000003f0
1048000: system.cpu: T0 : 0x22b46    : c_add a5, a4               : IntAlu :  D=0x000000000006ef10
1048500: system.cpu: T0 : 0x22b48    : c_lw a3, 8(a5)             : MemRead :  D=0x0000000000000002 A=0x6ef18
1049000: system.cpu: T0 : 0x22b4a    : c_li a6, 2                 : IntAlu :  D=0x0000000000000002
1049500: system.cpu: T0 : 0x22b4c    : c_ld a5, 32(a5)            : MemRead :  D=0x0000000000000000 A=0x6ef30
1050500: system.cpu: T0 : 0x22b4e    : bltu a6, a3, 42            : IntAlu : 
1051000: system.cpu: T0 : 0x22b52    : c_bnez a3, 38              : IntAlu : 
1051500: system.cpu: T0 : 0x22b78    : c_sd a5, 0(a1)             : MemWrite :  D=0x0000000000000000 A=0x7ffffffffffffbd0
1052000: system.cpu: T0 : 0x22b7a    : c_j -36                    : IntAlu : 
1053000: system.cpu: T0 : 0x22b56    : slli a5, a0, 3             : IntAlu :  D=0x0000000000000090
1053500: system.cpu: T0 : 0x22b5a    : c_sub a5, a0               : IntAlu :  D=0x000000000000007e
1054000: system.cpu: T0 : 0x22b5c    : c_slli a5, 3               : IntAlu :  D=0x00000000000003f0
1055000: system.cpu: T0 : 0x22b5e    : add a3, a4, a5             : IntAlu :  D=0x000000000006ef10
1056000: system.cpu: T0 : 0x22b62    : lbu a3, 40(a3)             : MemRead :  D=0x0000000000000000 A=0x6ef38
1056500: system.cpu: T0 : 0x22b66    : c_beqz a3, 16              : IntAlu : 
1057000: system.cpu: T0 : 0x22b76    : c_jr ra                    : IntAlu : 
1057500: system.cpu: T0 : 0x1b618    : c_lui a2, 27               : IntAlu :  D=0x000000000001b000
1058500: system.cpu: T0 : 0x1b61a    : addi a2, a2, -354          : IntAlu :  D=0x000000000001ae9e
1059000: system.cpu: T0 : 0x1b61e    : c_mv a1, sp                : IntAlu :  D=0x7ffffffffffffbd0
1059500: system.cpu: T0 : 0x1b620    : c_li a0, 15                : IntAlu :  D=0x000000000000000f
1060500: system.cpu: T0 : 0x1b622    : jal ra, 29968              : IntAlu :  D=0x000000000001b626
1061000: system.cpu: T0 : 0x22b32    : c_slli a0, 32              : IntAlu :  D=0x0000000f00000000
1061500: system.cpu: T0 : 0x22b34    : c_srli a0, 32              : IntAlu :  D=0x000000000000000f
1062500: system.cpu: T0 : 0x22b36    : slli a5, a0, 3             : IntAlu :  D=0x0000000000000078
1063000: system.cpu: T0 : 0x22b3a    : c_sub a5, a0               : IntAlu :  D=0x0000000000000069
1063500: system.cpu: T0 : 0x22b3c    : lui a4, 111                : IntAlu :  D=0x000000000006f000
1064000: system.cpu: T0 : 0x22b40    : addi a4, a4, -1248         : IntAlu :  D=0x000000000006eb20
1064500: system.cpu: T0 : 0x22b44    : c_slli a5, 3               : IntAlu :  D=0x0000000000000348
1065000: system.cpu: T0 : 0x22b46    : c_add a5, a4               : IntAlu :  D=0x000000000006ee68
1065500: system.cpu: T0 : 0x22b48    : c_lw a3, 8(a5)             : MemRead :  D=0x0000000000000002 A=0x6ee70
1066000: system.cpu: T0 : 0x22b4a    : c_li a6, 2                 : IntAlu :  D=0x0000000000000002
1066500: system.cpu: T0 : 0x22b4c    : c_ld a5, 32(a5)            : MemRead :  D=0x0000000000000000 A=0x6ee88
1067500: system.cpu: T0 : 0x22b4e    : bltu a6, a3, 42            : IntAlu : 
1068000: system.cpu: T0 : 0x22b52    : c_bnez a3, 38              : IntAlu : 
1068500: system.cpu: T0 : 0x22b78    : c_sd a5, 0(a1)             : MemWrite :  D=0x0000000000000000 A=0x7ffffffffffffbd0
1069000: system.cpu: T0 : 0x22b7a    : c_j -36                    : IntAlu : 
1070000: system.cpu: T0 : 0x22b56    : slli a5, a0, 3             : IntAlu :  D=0x0000000000000078
1070500: system.cpu: T0 : 0x22b5a    : c_sub a5, a0               : IntAlu :  D=0x0000000000000069
1071000: system.cpu: T0 : 0x22b5c    : c_slli a5, 3               : IntAlu :  D=0x0000000000000348
1072000: system.cpu: T0 : 0x22b5e    : add a3, a4, a5             : IntAlu :  D=0x000000000006ee68
1073000: system.cpu: T0 : 0x22b62    : lbu a3, 40(a3)             : MemRead :  D=0x0000000000000000 A=0x6ee90
1073500: system.cpu: T0 : 0x22b66    : c_beqz a3, 16              : IntAlu : 
1074000: system.cpu: T0 : 0x22b76    : c_jr ra                    : IntAlu : 
1074500: system.cpu: T0 : 0x1b626    : c_lui a2, 27               : IntAlu :  D=0x000000000001b000
1075000: system.cpu: T0 : 0x1b628    : addi a2, a2, -334          : IntAlu :  D=0x000000000001aeb2
1075500: system.cpu: T0 : 0x1b62c    : c_mv a1, sp                : IntAlu :  D=0x7ffffffffffffbd0
1076000: system.cpu: T0 : 0x1b62e    : c_li a0, 11                : IntAlu :  D=0x000000000000000b
1076500: system.cpu: T0 : 0x1b630    : jal ra, 29954              : IntAlu :  D=0x000000000001b634
1077000: system.cpu: T0 : 0x22b32    : c_slli a0, 32              : IntAlu :  D=0x0000000b00000000
1077500: system.cpu: T0 : 0x22b34    : c_srli a0, 32              : IntAlu :  D=0x000000000000000b
1078500: system.cpu: T0 : 0x22b36    : slli a5, a0, 3             : IntAlu :  D=0x0000000000000058
1079000: system.cpu: T0 : 0x22b3a    : c_sub a5, a0               : IntAlu :  D=0x000000000000004d
1079500: system.cpu: T0 : 0x22b3c    : lui a4, 111                : IntAlu :  D=0x000000000006f000
1080000: system.cpu: T0 : 0x22b40    : addi a4, a4, -1248         : IntAlu :  D=0x000000000006eb20
1080500: system.cpu: T0 : 0x22b44    : c_slli a5, 3               : IntAlu :  D=0x0000000000000268
1081000: system.cpu: T0 : 0x22b46    : c_add a5, a4               : IntAlu :  D=0x000000000006ed88
1081500: system.cpu: T0 : 0x22b48    : c_lw a3, 8(a5)             : MemRead :  D=0x0000000000000002 A=0x6ed90
1082000: system.cpu: T0 : 0x22b4a    : c_li a6, 2                 : IntAlu :  D=0x0000000000000002
1082500: system.cpu: T0 : 0x22b4c    : c_ld a5, 32(a5)            : MemRead :  D=0x0000000000000000 A=0x6eda8
1083500: system.cpu: T0 : 0x22b4e    : bltu a6, a3, 42            : IntAlu : 
1084000: system.cpu: T0 : 0x22b52    : c_bnez a3, 38              : IntAlu : 
1084500: system.cpu: T0 : 0x22b78    : c_sd a5, 0(a1)             : MemWrite :  D=0x0000000000000000 A=0x7ffffffffffffbd0
1085000: system.cpu: T0 : 0x22b7a    : c_j -36                    : IntAlu : 
1086000: system.cpu: T0 : 0x22b56    : slli a5, a0, 3             : IntAlu :  D=0x0000000000000058
1086500: system.cpu: T0 : 0x22b5a    : c_sub a5, a0               : IntAlu :  D=0x000000000000004d
1087000: system.cpu: T0 : 0x22b5c    : c_slli a5, 3               : IntAlu :  D=0x0000000000000268
1088000: system.cpu: T0 : 0x22b5e    : add a3, a4, a5             : IntAlu :  D=0x000000000006ed88
1089000: system.cpu: T0 : 0x22b62    : lbu a3, 40(a3)             : MemRead :  D=0x0000000000000000 A=0x6edb0
1089500: system.cpu: T0 : 0x22b66    : c_beqz a3, 16              : IntAlu : 
1090000: system.cpu: T0 : 0x22b76    : c_jr ra                    : IntAlu : 
1090500: system.cpu: T0 : 0x1b634    : c_lui a2, 27               : IntAlu :  D=0x000000000001b000
1091500: system.cpu: T0 : 0x1b636    : addi a2, a2, -322          : IntAlu :  D=0x000000000001aebe
1092000: system.cpu: T0 : 0x1b63a    : c_mv a1, sp                : IntAlu :  D=0x7ffffffffffffbd0
1092500: system.cpu: T0 : 0x1b63c    : c_li a0, 5                 : IntAlu :  D=0x0000000000000005
1093500: system.cpu: T0 : 0x1b63e    : jal ra, 29940              : IntAlu :  D=0x000000000001b642
1094000: system.cpu: T0 : 0x22b32    : c_slli a0, 32              : IntAlu :  D=0x0000000500000000
1094500: system.cpu: T0 : 0x22b34    : c_srli a0, 32              : IntAlu :  D=0x0000000000000005
1095500: system.cpu: T0 : 0x22b36    : slli a5, a0, 3             : IntAlu :  D=0x0000000000000028
1096000: system.cpu: T0 : 0x22b3a    : c_sub a5, a0               : IntAlu :  D=0x0000000000000023
1096500: system.cpu: T0 : 0x22b3c    : lui a4, 111                : IntAlu :  D=0x000000000006f000
1097000: system.cpu: T0 : 0x22b40    : addi a4, a4, -1248         : IntAlu :  D=0x000000000006eb20
1097500: system.cpu: T0 : 0x22b44    : c_slli a5, 3               : IntAlu :  D=0x0000000000000118
1098000: system.cpu: T0 : 0x22b46    : c_add a5, a4               : IntAlu :  D=0x000000000006ec38
1098500: system.cpu: T0 : 0x22b48    : c_lw a3, 8(a5)             : MemRead :  D=0x0000000000000002 A=0x6ec40
1099000: system.cpu: T0 : 0x22b4a    : c_li a6, 2                 : IntAlu :  D=0x0000000000000002
1099500: system.cpu: T0 : 0x22b4c    : c_ld a5, 32(a5)            : MemRead :  D=0x0000000000000000 A=0x6ec58
1100500: system.cpu: T0 : 0x22b4e    : bltu a6, a3, 42            : IntAlu : 
1101000: system.cpu: T0 : 0x22b52    : c_bnez a3, 38              : IntAlu : 
1101500: system.cpu: T0 : 0x22b78    : c_sd a5, 0(a1)             : MemWrite :  D=0x0000000000000000 A=0x7ffffffffffffbd0
1102000: system.cpu: T0 : 0x22b7a    : c_j -36                    : IntAlu : 
1103000: system.cpu: T0 : 0x22b56    : slli a5, a0, 3             : IntAlu :  D=0x0000000000000028
1103500: system.cpu: T0 : 0x22b5a    : c_sub a5, a0               : IntAlu :  D=0x0000000000000023
1104000: system.cpu: T0 : 0x22b5c    : c_slli a5, 3               : IntAlu :  D=0x0000000000000118
1105000: system.cpu: T0 : 0x22b5e    : add a3, a4, a5             : IntAlu :  D=0x000000000006ec38
1106000: system.cpu: T0 : 0x22b62    : lbu a3, 40(a3)             : MemRead :  D=0x0000000000000000 A=0x6ec60
1106500: system.cpu: T0 : 0x22b66    : c_beqz a3, 16              : IntAlu : 
1107000: system.cpu: T0 : 0x22b76    : c_jr ra                    : IntAlu : 
1107500: system.cpu: T0 : 0x1b642    : c_ldsp a4, 8(sp)           : MemRead :  D=0x2f2e2e0000000000 A=0x7ffffffffffffbd8
1108000: system.cpu: T0 : 0x1b644    : ld a5, -1264(s1)           : MemRead :  D=0x2f2e2e0000000000 A=0x6eb10
1108500: system.cpu: T0 : 0x1b648    : c_li a3, 1                 : IntAlu :  D=0x0000000000000001
1109500: system.cpu: T0 : 0x1b64a    : sw a3, -1876(gp)           : MemWrite :  D=0x0000000000000001 A=0x70954
1110500: system.cpu: T0 : 0x1b64e    : bne a4, a5, 14             : IntAlu : 
1111000: system.cpu: T0 : 0x1b652    : c_ldsp ra, 40(sp)          : MemRead :  D=0x000000000001e430 A=0x7ffffffffffffbf8
1111500: system.cpu: T0 : 0x1b654    : c_ldsp s0, 32(sp)          : MemRead :  D=0x7ffffffffffffcf0 A=0x7ffffffffffffbf0
1112000: system.cpu: T0 : 0x1b656    : c_ldsp s1, 24(sp)          : MemRead :  D=0x7ffffffffffffc20 A=0x7ffffffffffffbe8
1112500: system.cpu: T0 : 0x1b658    : c_addi16sp sp, 48          : IntAlu :  D=0x7ffffffffffffc00
1113000: system.cpu: T0 : 0x1b65a    : c_jr ra                    : IntAlu : 
1113500: system.cpu: T0 : 0x1e430    : c_ldsp a0, 8(sp)           : MemRead :  D=0x0000000000000024 A=0x7ffffffffffffc08
1114000: system.cpu: T0 : 0x1e432    : c_ldsp ra, 24(sp)          : MemRead :  D=0x000000000003e2ee A=0x7ffffffffffffc18
1114500: system.cpu: T0 : 0x1e434    : c_addi16sp sp, 32          : IntAlu :  D=0x7ffffffffffffc20
1115000: system.cpu: T0 : 0x1e436    : c_j -540                   : IntAlu : 
1116000: system.cpu: T0 : 0x1e21a    : ld t1, -1848(gp)           : MemRead :  D=0x0000000000000000 A=0x70970
1117000: system.cpu: T0 : 0x1e21e    : bne t1, zero, 260          : IntAlu : 
1117500: system.cpu: T0 : 0x1e222    : c_addi sp, -32             : IntAlu :  D=0x7ffffffffffffc00
1118000: system.cpu: T0 : 0x1e224    : c_sdsp s0, 16(sp)          : MemWrite :  D=0x7ffffffffffffcf0 A=0x7ffffffffffffc10
1118500: system.cpu: T0 : 0x1e226    : c_sdsp ra, 24(sp)          : MemWrite :  D=0x000000000003e2ee A=0x7ffffffffffffc18
1119000: system.cpu: T0 : 0x1e228    : c_sdsp s1, 8(sp)           : MemWrite :  D=0x7ffffffffffffc20 A=0x7ffffffffffffc08
1119500: system.cpu: T0 : 0x1e22a    : c_sdsp s2, 0(sp)           : MemWrite :  D=0x0000000000000002 A=0x7ffffffffffffc00
1120000: system.cpu: T0 : 0x1e22c    : c_mv s0, a0                : IntAlu :  D=0x0000000000000024
1121000: system.cpu: T0 : 0x1e22e    : blt a0, zero, 222          : IntAlu : 
1122000: system.cpu: T0 : 0x1e232    : addi a5, a0, 23            : IntAlu :  D=0x000000000000003b
1122500: system.cpu: T0 : 0x1e236    : c_li a4, 31                : IntAlu :  D=0x000000000000001f
1123000: system.cpu: T0 : 0x1e238    : c_li s1, 0                 : IntAlu :  D=0x0000000000000000
1124000: system.cpu: T0 : 0x1e23a    : bltu a4, a5, 94            : IntAlu : 
1124500: system.cpu: T0 : 0x1e298    : c_andi a5, 18446744073709551600 : IntAlu :  D=0x0000000000000030
1125000: system.cpu: T0 : 0x1e29a    : c_addi a5, -17             : IntAlu :  D=0x000000000000001f
1125500: system.cpu: T0 : 0x1e29c    : srli s1, a5, 4             : IntAlu :  D=0x0000000000000001
1126000: system.cpu: T0 : 0x1e2a0    : c_j -98                    : IntAlu : 
1127000: system.cpu: T0 : 0x1e23e    : ld a4, 40(tp)              : MemRead :  D=0x0000000000000000 A=0x73738
1127500: system.cpu: T0 : 0x1e242    : c_beqz a4, 96              : IntAlu : 
1128500: system.cpu: T0 : 0x1e2a2    : lbu a5, 48(tp)             : MemRead :  D=0x0000000000000000 A=0x73740
1129000: system.cpu: T0 : 0x1e2a6    : c_bnez a5, -86             : IntAlu : 
1129500: system.cpu: T0 : 0x1e2a8    : jal ra, -2486              : IntAlu :  D=0x000000000001e2ac
1130000: system.cpu: T0 : 0x1d8f2    : c_addi sp, -32             : IntAlu :  D=0x7ffffffffffffbe0
1130500: system.cpu: T0 : 0x1d8f4    : c_sdsp s0, 16(sp)          : MemWrite :  D=0x0000000000000024 A=0x7ffffffffffffbf0
1131500: system.cpu: T0 : 0x1d8f6    : ld s0, 56(tp)              : MemRead :  D=0x000000000006f648 A=0x73748
1132000: system.cpu: T0 : 0x1d8fa    : c_sdsp ra, 24(sp)          : MemWrite :  D=0x000000000001e2ac A=0x7ffffffffffffbf8
1132500: system.cpu: T0 : 0x1d8fc    : c_sdsp s1, 8(sp)           : MemWrite :  D=0x0000000000000001 A=0x7ffffffffffffbe8
1133000: system.cpu: T0 : 0x1d8fe    : c_beqz s0, 78              : IntAlu : 
1133500: system.cpu: T0 : 0x1d900    : c_mv s1, s0                : IntAlu :  D=0x000000000006f648
1134000: system.cpu: T0 : 0x1d902    : c_li a4, 1                 : IntAlu :  D=0x0000000000000001
1134500: system.cpu: T0 : 0x1d904    : lr_w a5, (s0)             
1134500: system.cpu: T0 : 0x1d904. 0 : lr_w a5, (s0)              : MemRead :  D=0x0000000000000000 A=0x6f648
1135000: system.cpu: T0 : 0x1d908    : c_bnez a5, 8               : IntAlu : 
1136000: system.cpu: T0 : 0x1d90a    : sc_w_aq a3, a4, (s0)      
1136000: system.cpu: T0 : 0x1d90a. 0 : sc_w a3, a4, (s0)          : MemWrite :  D=0x0000000000000000 A=0x6f648
1136500: system.cpu: T0 : 0x1d90a. 1 : 0x1ce426af fence           : No_OpClass : 
1137000: system.cpu: T0 : 0x1d90e    : c_bnez a3, -10             : IntAlu : 
1137500: system.cpu: T0 : 0x1d910    : c_addiw a5, 0              : IntAlu :  D=0x0000000000000000
1138000: system.cpu: T0 : 0x1d912    : c_bnez a5, 162             : IntAlu : 
1138500: system.cpu: T0 : 0x1d914    : addi a1, zero, 640         : IntAlu :  D=0x0000000000000280
1139000: system.cpu: T0 : 0x1d918    : c_mv a0, s0                : IntAlu :  D=0x000000000006f648
1140000: system.cpu: T0 : 0x1d91a    : jal ra, -2862              : IntAlu :  D=0x000000000001d91e
1140500: system.cpu: T0 : 0x1cdec    : c_addi16sp sp, -256        : IntAlu :  D=0x7ffffffffffffae0
1141000: system.cpu: T0 : 0x1cdee    : c_sdsp ra, 248(sp)         : MemWrite :  D=0x000000000001d91e A=0x7ffffffffffffbd8
1141500: system.cpu: T0 : 0x1cdf0    : c_sdsp s0, 240(sp)         : MemWrite :  D=0x000000000006f648 A=0x7ffffffffffffbd0
1142000: system.cpu: T0 : 0x1cdf2    : c_sdsp s1, 232(sp)         : MemWrite :  D=0x000000000006f648 A=0x7ffffffffffffbc8
1142500: system.cpu: T0 : 0x1cdf4    : c_sdsp s2, 224(sp)         : MemWrite :  D=0x0000000000000002 A=0x7ffffffffffffbc0
1143000: system.cpu: T0 : 0x1cdf6    : c_sdsp s3, 216(sp)         : MemWrite :  D=0x0000000000000000 A=0x7ffffffffffffbb8
1143500: system.cpu: T0 : 0x1cdf8    : c_sdsp s4, 208(sp)         : MemWrite :  D=0x0000000000000000 A=0x7ffffffffffffbb0
1144000: system.cpu: T0 : 0x1cdfa    : c_sdsp s5, 200(sp)         : MemWrite :  D=0x0000000000000000 A=0x7ffffffffffffba8
1144500: system.cpu: T0 : 0x1cdfc    : c_sdsp s6, 192(sp)         : MemWrite :  D=0x0000000000072000 A=0x7ffffffffffffba0
1145000: system.cpu: T0 : 0x1cdfe    : c_sdsp s7, 184(sp)         : MemWrite :  D=0x0000000000000000 A=0x7ffffffffffffb98
1145500: system.cpu: T0 : 0x1ce00    : c_sdsp s8, 176(sp)         : MemWrite :  D=0x0000000000000000 A=0x7ffffffffffffb90
1146000: system.cpu: T0 : 0x1ce02    : c_sdsp s9, 168(sp)         : MemWrite :  D=0x0000000000000003 A=0x7ffffffffffffb88
1146500: system.cpu: T0 : 0x1ce04    : c_sdsp s10, 160(sp)        : MemWrite :  D=0x0000000000000000 A=0x7ffffffffffffb80
1147000: system.cpu: T0 : 0x1ce06    : c_sdsp s11, 152(sp)        : MemWrite :  D=0x0000000000000000 A=0x7ffffffffffffb78
1147500: system.cpu: T0 : 0x1ce08    : blt a1, zero, 1198         : IntAlu : 
1148000: system.cpu: T0 : 0x1ce0c    : addi s0, a1, 23            : IntAlu :  D=0x0000000000000297
1148500: system.cpu: T0 : 0x1ce10    : c_li a5, 31                : IntAlu :  D=0x000000000000001f
1149000: system.cpu: T0 : 0x1ce12    : c_mv s3, a1                : IntAlu :  D=0x0000000000000280
1149500: system.cpu: T0 : 0x1ce14    : c_mv s1, a0                : IntAlu :  D=0x000000000006f648
1150500: system.cpu: T0 : 0x1ce16    : bltu a5, s0, 220           : IntAlu : 
1151000: system.cpu: T0 : 0x1cef2    : c_andi s0, 18446744073709551600 : IntAlu :  D=0x0000000000000290
1151500: system.cpu: T0 : 0x1cef4    : beq a0, zero, 988          : IntAlu : 
1152000: system.cpu: T0 : 0x1cef8    : ld a4, -1376(gp)           : MemRead :  D=0x0000000000000080 A=0x70b48
1152500: system.cpu: T0 : 0x1cefc    : srliw s9, s0, 4            : IntAlu :  D=0x0000000000000029
1153000: system.cpu: T0 : 0x1cf00    : srliw a5, s0, 4            : IntAlu :  D=0x0000000000000029
1153500: system.cpu: T0 : 0x1cf04    : bgeu a4, s0, 506           : IntAlu : 
1154000: system.cpu: T0 : 0x1cf08    : addi a4, zero, 1023        : IntAlu :  D=0x00000000000003ff
1154500: system.cpu: T0 : 0x1cf0c    : bgeu a4, s0, 1722          : IntAlu : 
1155000: system.cpu: T0 : 0x1d5c6    : c_addiw a5, -1             : IntAlu :  D=0x0000000000000028
1155500: system.cpu: T0 : 0x1d5c8    : c_j -1406                  : IntAlu : 
1156500: system.cpu: T0 : 0x1d04a    : slliw a5, a5, 1            : IntAlu :  D=0x0000000000000050
1157000: system.cpu: T0 : 0x1d04e    : c_slli a5, 32              : IntAlu :  D=0x0000005000000000
1157500: system.cpu: T0 : 0x1d050    : c_srli a5, 32              : IntAlu :  D=0x0000000000000050
1158000: system.cpu: T0 : 0x1d052    : c_addi a5, 14              : IntAlu :  D=0x000000000000005e
1158500: system.cpu: T0 : 0x1d054    : c_slli a5, 3               : IntAlu :  D=0x00000000000002f0
1159000: system.cpu: T0 : 0x1d056    : c_j -550                   : IntAlu : 
1159500: system.cpu: T0 : 0x1ce30    : c_add a5, s1               : IntAlu :  D=0x000000000006f938
1160500: system.cpu: T0 : 0x1ce32    : ld s2, 8(a5)               : MemRead :  D=0x000000000006f928 A=0x6f940
1161500: system.cpu: T0 : 0x1ce36    : addi a3, a5, -16           : IntAlu :  D=0x000000000006f928
1162500: system.cpu: T0 : 0x1ce3a    : beq a3, s2, 748            : IntAlu : 
1163500: system.cpu: T0 : 0x1d126    : srli t1, s0, 9             : IntAlu :  D=0x0000000000000001
1164500: system.cpu: T0 : 0x1d12a    : addiw a5, t1, 91           : IntAlu :  D=0x000000000000005c
1165500: system.cpu: T0 : 0x1d12e    : srli s10, s0, 6            : IntAlu :  D=0x000000000000000a
1166000: system.cpu: T0 : 0x1d132    : c_sdsp a5, 96(sp)          : MemWrite :  D=0x000000000000005c A=0x7ffffffffffffb40
1166500: system.cpu: T0 : 0x1d134    : addiw a5, s10, 48          : IntAlu :  D=0x000000000000003a
1167000: system.cpu: T0 : 0x1d138    : c_sdsp a5, 88(sp)          : MemWrite :  D=0x000000000000003a A=0x7ffffffffffffb38
1168000: system.cpu: T0 : 0x1d13a    : addi a5, zero, 110         : IntAlu :  D=0x000000000000006e
1168500: system.cpu: T0 : 0x1d13e    : c_sdsp a5, 112(sp)         : MemWrite :  D=0x000000000000006e A=0x7ffffffffffffb50
1169000: system.cpu: T0 : 0x1d140    : addi a5, zero, 119         : IntAlu :  D=0x0000000000000077
1169500: system.cpu: T0 : 0x1d144    : c_sdsp a5, 104(sp)         : MemWrite :  D=0x0000000000000077 A=0x7ffffffffffffb48
1170500: system.cpu: T0 : 0x1d146    : addi a5, zero, 124         : IntAlu :  D=0x000000000000007c
1171000: system.cpu: T0 : 0x1d14a    : c_sdsp s9, 8(sp)           : MemWrite :  D=0x0000000000000029 A=0x7ffffffffffffae8
1171500: system.cpu: T0 : 0x1d14c    : c_sdsp a5, 120(sp)         : MemWrite :  D=0x000000000000007c A=0x7ffffffffffffb58
1172000: system.cpu: T0 : 0x1d14e    : c_sdsp zero, 128(sp)       : MemWrite :  D=0x0000000000000000 A=0x7ffffffffffffb60
1172500: system.cpu: T0 : 0x1d150    : c_sdsp zero, 136(sp)       : MemWrite :  D=0x0000000000000000 A=0x7ffffffffffffb68
1173500: system.cpu: T0 : 0x1d152    : ld a5, 40(tp)              : MemRead :  D=0x0000000000000000 A=0x73738
1174500: system.cpu: T0 : 0x1d156    : addi s6, s0, -17           : IntAlu :  D=0x000000000000027f
1175500: system.cpu: T0 : 0x1d15a    : srli s6, s6, 4             : IntAlu :  D=0x0000000000000027
1176000: system.cpu: T0 : 0x1d15e    : c_li s5, 0                 : IntAlu :  D=0x0000000000000000
1176500: system.cpu: T0 : 0x1d160    : c_beqz a5, 22              : IntAlu : 
1177500: system.cpu: T0 : 0x1d176    : lui a5, 111                : IntAlu :  D=0x000000000006f000
1178000: system.cpu: T0 : 0x1d17a    : c_lui s11, 1               : IntAlu :  D=0x0000000000001000
1178500: system.cpu: T0 : 0x1d17c    : lui s7, 111                : IntAlu :  D=0x000000000006f000
1179000: system.cpu: T0 : 0x1d180    : addi a5, a5, 1608          : IntAlu :  D=0x000000000006f648
1179500: system.cpu: T0 : 0x1d184    : addi s8, s1, 96            : IntAlu :  D=0x000000000006f6a8
1180000: system.cpu: T0 : 0x1d188    : c_li t5, 0                 : IntAlu :  D=0x0000000000000000
1181000: system.cpu: T0 : 0x1d18a    : addi s7, s7, 1496          : IntAlu :  D=0x000000000006f5d8
1182000: system.cpu: T0 : 0x1d18e    : add a7, s1, s11            : IntAlu :  D=0x0000000000070648
1182500: system.cpu: T0 : 0x1d192    : c_sdsp a5, 56(sp)          : MemWrite :  D=0x000000000006f648 A=0x7ffffffffffffb18
1183000: system.cpu: T0 : 0x1d194    : c_ld a5, 120(s1)           : MemRead :  D=0x000000000006f6a8 A=0x6f6c0
1184000: system.cpu: T0 : 0x1d196    : beq a5, s8, 532            : IntAlu : 
1185000: system.cpu: T0 : 0x1d3aa    : addi a5, zero, 1023        : IntAlu :  D=0x00000000000003ff
1186000: system.cpu: T0 : 0x1d3ae    : bgeu a5, s0, 38            : IntAlu : 
1186500: system.cpu: T0 : 0x1d3d4    : c_ldsp a3, 8(sp)           : MemRead :  D=0x0000000000000029 A=0x7ffffffffffffae8
1187000: system.cpu: T0 : 0x1d3d6    : c_li a0, 4                 : IntAlu :  D=0x0000000000000004
1187500: system.cpu: T0 : 0x1d3d8    : addiw a5, a3, 1            : IntAlu :  D=0x000000000000002a
1188000: system.cpu: T0 : 0x1d3dc    : srliw a4, a5, 5            : IntAlu :  D=0x0000000000000001
1188500: system.cpu: T0 : 0x1d3e0    : slliw a3, a3, 1            : IntAlu :  D=0x0000000000000052
1189000: system.cpu: T0 : 0x1d3e4    : addi a4, a4, 536           : IntAlu :  D=0x0000000000000219
1189500: system.cpu: T0 : 0x1d3e8    : c_slli a3, 32              : IntAlu :  D=0x0000005200000000
1190000: system.cpu: T0 : 0x1d3ea    : c_slli a4, 2               : IntAlu :  D=0x0000000000000864
1190500: system.cpu: T0 : 0x1d3ec    : c_srli a3, 32              : IntAlu :  D=0x0000000000000052
1191000: system.cpu: T0 : 0x1d3ee    : c_add a4, s1               : IntAlu :  D=0x000000000006feac
1191500: system.cpu: T0 : 0x1d3f0    : c_slli a3, 3               : IntAlu :  D=0x0000000000000290
1192000: system.cpu: T0 : 0x1d3f2    : c_lw a2, 0(a4)             : MemRead :  D=0x0000000000000000 A=0x6feac
1192500: system.cpu: T0 : 0x1d3f4    : addi a3, a3, 96            : IntAlu :  D=0x00000000000002f0
1193000: system.cpu: T0 : 0x1d3f8    : c_li a4, 1                 : IntAlu :  D=0x0000000000000001
1194000: system.cpu: T0 : 0x1d3fa    : srliw s2, a5, 5            : IntAlu :  D=0x0000000000000001
1194500: system.cpu: T0 : 0x1d3fe    : c_add a3, s1               : IntAlu :  D=0x000000000006f938
1195000: system.cpu: T0 : 0x1d400    : sllw a5, a4, a5            : IntAlu :  D=0x0000000000000400
1195500: system.cpu: T0 : 0x1d404    : bltu a2, a5, 144           : IntAlu : 
1196000: system.cpu: T0 : 0x1d494    : addiw a5, s2, 1            : IntAlu :  D=0x0000000000000002
1196500: system.cpu: T0 : 0x1d498    : addiw s2, a5, 0            : IntAlu :  D=0x0000000000000002
1197000: system.cpu: T0 : 0x1d49c    : bne s2, a0, -26            : IntAlu : 
1197500: system.cpu: T0 : 0x1d482    : c_slli a5, 32              : IntAlu :  D=0x0000000200000000
1198000: system.cpu: T0 : 0x1d484    : c_srli a5, 32              : IntAlu :  D=0x0000000000000002
1199000: system.cpu: T0 : 0x1d486    : addi a5, a5, 536           : IntAlu :  D=0x000000000000021a
1199500: system.cpu: T0 : 0x1d48a    : c_slli a5, 2               : IntAlu :  D=0x0000000000000868
1200000: system.cpu: T0 : 0x1d48c    : c_add a5, s1               : IntAlu :  D=0x000000000006feb0
1200500: system.cpu: T0 : 0x1d48e    : c_lw a2, 0(a5)             : MemRead :  D=0x0000000000000000 A=0x6feb0
1201000: system.cpu: T0 : 0x1d490    : bne a2, zero, 384          : IntAlu : 
1201500: system.cpu: T0 : 0x1d494    : addiw a5, s2, 1            : IntAlu :  D=0x0000000000000003
1202000: system.cpu: T0 : 0x1d498    : addiw s2, a5, 0            : IntAlu :  D=0x0000000000000003
1202500: system.cpu: T0 : 0x1d49c    : bne s2, a0, -26            : IntAlu : 
1203000: system.cpu: T0 : 0x1d482    : c_slli a5, 32              : IntAlu :  D=0x0000000300000000
1203500: system.cpu: T0 : 0x1d484    : c_srli a5, 32              : IntAlu :  D=0x0000000000000003
1204500: system.cpu: T0 : 0x1d486    : addi a5, a5, 536           : IntAlu :  D=0x000000000000021b
1205000: system.cpu: T0 : 0x1d48a    : c_slli a5, 2               : IntAlu :  D=0x000000000000086c
1205500: system.cpu: T0 : 0x1d48c    : c_add a5, s1               : IntAlu :  D=0x000000000006feb4
1206000: system.cpu: T0 : 0x1d48e    : c_lw a2, 0(a5)             : MemRead :  D=0x0000000000000000 A=0x6feb4
1206500: system.cpu: T0 : 0x1d490    : bne a2, zero, 384          : IntAlu : 
1207000: system.cpu: T0 : 0x1d494    : addiw a5, s2, 1            : IntAlu :  D=0x0000000000000004
1207500: system.cpu: T0 : 0x1d498    : addiw s2, a5, 0            : IntAlu :  D=0x0000000000000004
1208000: system.cpu: T0 : 0x1d49c    : bne s2, a0, -26            : IntAlu : 
1208500: system.cpu: T0 : 0x1d4a0    : c_ld a4, 96(s1)            : MemRead :  D=0x000000000006f6a8 A=0x6f6a8
1209500: system.cpu: T0 : 0x1d4a2    : ld a3, -1912(a7)           : MemRead :  D=0x0000000000000000 A=0x6fed0
1210000: system.cpu: T0 : 0x1d4a6    : c_ld a5, 8(a4)             : MemRead :  D=0x0000000000000000 A=0x6f6b0
1210500: system.cpu: T0 : 0x1d4a8    : c_andi a5, 18446744073709551608 : IntAlu :  D=0x0000000000000000
1211500: system.cpu: T0 : 0x1d4aa    : bltu a3, a5, 548           : IntAlu : 
1212500: system.cpu: T0 : 0x1d4ae    : addi a3, s0, 32            : IntAlu :  D=0x00000000000002b0
1213500: system.cpu: T0 : 0x1d4b2    : bgeu a5, a3, 640           : IntAlu : 
1214000: system.cpu: T0 : 0x1d4b6    : c_sdsp a7, 32(sp)          : MemWrite :  D=0x0000000000070648 A=0x7ffffffffffffb00
1214500: system.cpu: T0 : 0x1d4b8    : c_sdsp t1, 24(sp)          : MemWrite :  D=0x0000000000000001 A=0x7ffffffffffffaf8
1215000: system.cpu: T0 : 0x1d4ba    : c_sdsp t5, 16(sp)          : MemWrite :  D=0x0000000000000000 A=0x7ffffffffffffaf0
1215500: system.cpu: T0 : 0x1d4bc    : c_lw a5, 8(s1)             : MemRead :  D=0x0000000000000000 A=0x6f650
1216000: system.cpu: T0 : 0x1d4be    : c_addiw a5, 0              : IntAlu :  D=0x0000000000000000
1216500: system.cpu: T0 : 0x1d4c0    : c_beqz a5, 180             : IntAlu : 
1217000: system.cpu: T0 : 0x1d574    : c_mv a1, s1                : IntAlu :  D=0x000000000006f648
1217500: system.cpu: T0 : 0x1d576    : c_mv a0, s0                : IntAlu :  D=0x0000000000000290
1218000: system.cpu: T0 : 0x1d578    : jal ra, -3372              : IntAlu :  D=0x000000000001d57c
1218500: system.cpu: T0 : 0x1c84c    : c_addi16sp sp, -160        : IntAlu :  D=0x7ffffffffffffa40
1219000: system.cpu: T0 : 0x1c84e    : c_sdsp s1, 136(sp)         : MemWrite :  D=0x000000000006f648 A=0x7ffffffffffffac8
1219500: system.cpu: T0 : 0x1c850    : c_sdsp s2, 128(sp)         : MemWrite :  D=0x0000000000000004 A=0x7ffffffffffffac0
1220000: system.cpu: T0 : 0x1c852    : c_sdsp s10, 64(sp)         : MemWrite :  D=0x000000000000000a A=0x7ffffffffffffa80
1220500: system.cpu: T0 : 0x1c854    : c_sdsp ra, 152(sp)         : MemWrite :  D=0x000000000001d57c A=0x7ffffffffffffad8
1221000: system.cpu: T0 : 0x1c856    : c_sdsp s0, 144(sp)         : MemWrite :  D=0x0000000000000290 A=0x7ffffffffffffad0
1221500: system.cpu: T0 : 0x1c858    : c_sdsp s3, 120(sp)         : MemWrite :  D=0x0000000000000280 A=0x7ffffffffffffab8
1222000: system.cpu: T0 : 0x1c85a    : c_sdsp s4, 112(sp)         : MemWrite :  D=0x0000000000000000 A=0x7ffffffffffffab0
1222500: system.cpu: T0 : 0x1c85c    : c_sdsp s5, 104(sp)         : MemWrite :  D=0x0000000000000000 A=0x7ffffffffffffaa8
1223000: system.cpu: T0 : 0x1c85e    : c_sdsp s6, 96(sp)          : MemWrite :  D=0x0000000000000027 A=0x7ffffffffffffaa0
1223500: system.cpu: T0 : 0x1c860    : c_sdsp s7, 88(sp)          : MemWrite :  D=0x000000000006f5d8 A=0x7ffffffffffffa98
1224000: system.cpu: T0 : 0x1c862    : c_sdsp s8, 80(sp)          : MemWrite :  D=0x000000000006f6a8 A=0x7ffffffffffffa90
1224500: system.cpu: T0 : 0x1c864    : c_sdsp s9, 72(sp)          : MemWrite :  D=0x0000000000000029 A=0x7ffffffffffffa88
1225000: system.cpu: T0 : 0x1c866    : c_sdsp s11, 56(sp)         : MemWrite :  D=0x0000000000001000 A=0x7ffffffffffffa78
1225500: system.cpu: T0 : 0x1c868    : ld s2, -1784(gp)           : MemRead :  D=0x0000000000001000 A=0x709b0
1226000: system.cpu: T0 : 0x1c86c    : c_mv s1, a0                : IntAlu :  D=0x0000000000000290
1227000: system.cpu: T0 : 0x1c86e    : beq a1, zero, 534          : IntAlu : 
1228000: system.cpu: T0 : 0x1c872    : lui s11, 111               : IntAlu :  D=0x000000000006f000
1229000: system.cpu: T0 : 0x1c876    : addi s11, s11, 1496        : IntAlu :  D=0x000000000006f5d8
1230000: system.cpu: T0 : 0x1c87a    : ld a5, 16(s11)             : MemRead :  D=0x0000000000020000 A=0x6f5e8
1230500: system.cpu: T0 : 0x1c87e    : c_mv s0, a1                : IntAlu :  D=0x000000000006f648
1231000: system.cpu: T0 : 0x1c880    : bgeu a0, a5, 276           : IntAlu : 
1231500: system.cpu: T0 : 0x1c884    : c_sdsp zero, 8(sp)         : MemWrite :  D=0x0000000000000000 A=0x7ffffffffffffa48
1232500: system.cpu: T0 : 0x1c886    : addi s5, s2, 7             : IntAlu :  D=0x0000000000001007
1233500: system.cpu: T0 : 0x1c88a    : add a5, s5, s1             : IntAlu :  D=0x0000000000001297
1234500: system.cpu: T0 : 0x1c88e    : lui s6, 111                : IntAlu :  D=0x000000000006f000
1235500: system.cpu: T0 : 0x1c892    : sub s5, zero, s2           : IntAlu :  D=0xfffffffffffff000
1236500: system.cpu: T0 : 0x1c896    : addi a7, s0, 96            : IntAlu :  D=0x000000000006f6a8
1237500: system.cpu: T0 : 0x1c89a    : addi t1, s2, -1            : IntAlu :  D=0x0000000000000fff
1238500: system.cpu: T0 : 0x1c89e    : addi s8, s1, 32            : IntAlu :  D=0x00000000000002b0
1239500: system.cpu: T0 : 0x1c8a2    : addi s7, s6, 1608          : IntAlu :  D=0x000000000006f648
1240500: system.cpu: T0 : 0x1c8a6    : and s5, a5, s5             : IntAlu :  D=0x0000000000001000
1241500: system.cpu: T0 : 0x1c8aa    : ld s4, 96(s0)              : MemRead :  D=0x000000000006f6a8 A=0x6f6a8
1242500: system.cpu: T0 : 0x1c8ae    : ld a5, 8(s4)               : MemRead :  D=0x0000000000000000 A=0x6f6b0
1243500: system.cpu: T0 : 0x1c8b2    : andi s3, a5, 18446744073709551608 : IntAlu :  D=0x0000000000000000
1244500: system.cpu: T0 : 0x1c8b6    : add s9, s4, s3             : IntAlu :  D=0x000000000006f6a8
1245500: system.cpu: T0 : 0x1c8ba    : beq s4, a7, 506            : IntAlu : 
1246000: system.cpu: T0 : 0x1cab4    : beq s3, zero, -482         : IntAlu : 
1247000: system.cpu: T0 : 0x1c8d2    : bgeu s3, s8, 1112          : IntAlu : 
1248000: system.cpu: T0 : 0x1c8d6    : beq s0, s7, 484            : IntAlu : 
1249000: system.cpu: T0 : 0x1caba    : ld s5, 8(s11)              : MemRead :  D=0x0000000000020000 A=0x6f5e0
1249500: system.cpu: T0 : 0x1cabe    : c_lw a5, 4(s0)             : MemRead :  D=0x0000000000000000 A=0x6f64c
1250000: system.cpu: T0 : 0x1cac0    : addi s10, s2, -1           : IntAlu :  D=0x0000000000000fff
1250500: system.cpu: T0 : 0x1cac4    : addi s5, s5, 32            : IntAlu :  D=0x0000000000020020
1251000: system.cpu: T0 : 0x1cac8    : c_add s5, s10              : IntAlu :  D=0x000000000002101f
1251500: system.cpu: T0 : 0x1caca    : c_andi a5, 2               : IntAlu :  D=0x0000000000000000
1252000: system.cpu: T0 : 0x1cacc    : c_add s5, s1               : IntAlu :  D=0x00000000000212af
1253000: system.cpu: T0 : 0x1cace    : sub a6, zero, s2           : IntAlu :  D=0xfffffffffffff000
1253500: system.cpu: T0 : 0x1cad2    : c_beqz a5, 158             : IntAlu : 
1254000: system.cpu: T0 : 0x1cb70    : sub s5, s5, s3             : IntAlu :  D=0x00000000000212af
1254500: system.cpu: T0 : 0x1cb74    : and s5, s5, a6             : IntAlu :  D=0x0000000000021000
1255000: system.cpu: T0 : 0x1cb78    : blt zero, s5, -156         : IntAlu : 
1255500: system.cpu: T0 : 0x1cadc    : ld a5, -1840(gp)           : MemRead :  D=0x000000000001f40e A=0x70978
1256000: system.cpu: T0 : 0x1cae0    : c_mv a0, s5                : IntAlu :  D=0x0000000000021000
1256500: system.cpu: T0 : 0x1cae2    : c_sdsp a6, 8(sp)           : MemWrite :  D=0xfffffffffffff000 A=0x7ffffffffffffa48
1257000: system.cpu: T0 : 0x1cae4    : c_jalr a5                  : IntAlu :  D=0x000000000001cae6
1257500: system.cpu: T0 : 0x1f40e    : c_addi sp, -16             : IntAlu :  D=0x7ffffffffffffa30
1258000: system.cpu: T0 : 0x1f410    : c_sdsp ra, 8(sp)           : MemWrite :  D=0x000000000001cae6 A=0x7ffffffffffffa38
1259000: system.cpu: T0 : 0x1f412    : jal ra, 9318               : IntAlu :  D=0x000000000001f416
1259500: system.cpu: T0 : 0x21878    : c_addi sp, -32             : IntAlu :  D=0x7ffffffffffffa10
1260000: system.cpu: T0 : 0x2187a    : c_sdsp s2, 0(sp)           : MemWrite :  D=0x0000000000001000 A=0x7ffffffffffffa10
1260500: system.cpu: T0 : 0x2187c    : c_sdsp s1, 8(sp)           : MemWrite :  D=0x0000000000000290 A=0x7ffffffffffffa18
1261500: system.cpu: T0 : 0x2187e    : ld s1, -1200(gp)           : MemRead :  D=0x0000000000073f80 A=0x70bf8
1262000: system.cpu: T0 : 0x21882    : c_sdsp s0, 16(sp)          : MemWrite :  D=0x000000000006f648 A=0x7ffffffffffffa20
1262500: system.cpu: T0 : 0x21884    : c_sdsp ra, 24(sp)          : MemWrite :  D=0x000000000001f416 A=0x7ffffffffffffa28
1263000: system.cpu: T0 : 0x21886    : c_mv s0, a0                : IntAlu :  D=0x0000000000021000
1263500: system.cpu: T0 : 0x21888    : c_beqz s1, 46              : IntAlu : 
1264500: system.cpu: T0 : 0x2188a    : lw a5, -1728(gp)           : MemRead :  D=0x0000000000000000 A=0x709e8
1265000: system.cpu: T0 : 0x2188e    : c_bnez a5, 40              : IntAlu : 
1265500: system.cpu: T0 : 0x21890    : c_beqz s0, 24              : IntAlu : 
1266500: system.cpu: T0 : 0x21892    : bge zero, s0, 52           : IntAlu : 
1267500: system.cpu: T0 : 0x21896    : add a5, s0, s1             : IntAlu :  D=0x0000000000094f80
1268500: system.cpu: T0 : 0x2189a    : sltu a5, a5, s1            : IntAlu :  D=0x0000000000000000
1269000: system.cpu: T0 : 0x2189e    : c_beqz a5, 50              : IntAlu : 
1269500: system.cpu: T0 : 0x218d0    : add a0, s1, s0             : IntAlu :  D=0x0000000000094f80
1270000: system.cpu: T0 : 0x218d4    : jal ra, 98390              : IntAlu :  D=0x00000000000218d8
1270500: system.cpu: T0 : 0x3992a    : c_mv a5, a0                : IntAlu :  D=0x0000000000094f80
1271000: system.cpu: T0 : 0x3992c    : addi a7, zero, 214         : IntAlu :  D=0x00000000000000d6
1271500: system.cpu: T0 : 0x39930    : ecall                      : No_OpClass : 
1272000: system.cpu: T0 : 0x39934    : sd a0, -1200(gp)           : MemWrite :  D=0x0000000000094f80 A=0x70bf8
1272500: system.cpu: T0 : 0x39938    : bltu a0, a5, 8             : IntAlu : 
1273000: system.cpu: T0 : 0x3993c    : c_li a0, 0                 : IntAlu :  D=0x0000000000000000
1273500: system.cpu: T0 : 0x3993e    : c_jr ra                    : IntAlu : 
1274000: system.cpu: T0 : 0x218d8    : blt a0, zero, -50          : IntAlu : 
1274500: system.cpu: T0 : 0x218dc    : c_ldsp ra, 24(sp)          : MemRead :  D=0x000000000001f416 A=0x7ffffffffffffa28
1275000: system.cpu: T0 : 0x218de    : c_ldsp s0, 16(sp)          : MemRead :  D=0x000000000006f648 A=0x7ffffffffffffa20
1275500: system.cpu: T0 : 0x218e0    : c_ldsp s2, 0(sp)           : MemRead :  D=0x0000000000001000 A=0x7ffffffffffffa10
1276000: system.cpu: T0 : 0x218e2    : c_mv a0, s1                : IntAlu :  D=0x0000000000073f80
1276500: system.cpu: T0 : 0x218e4    : c_ldsp s1, 8(sp)           : MemRead :  D=0x0000000000000290 A=0x7ffffffffffffa18
1277000: system.cpu: T0 : 0x218e6    : c_addi16sp sp, 32          : IntAlu :  D=0x7ffffffffffffa30
1277500: system.cpu: T0 : 0x218e8    : c_jr ra                    : IntAlu : 
1278000: system.cpu: T0 : 0x1f416    : c_li a5, -1                : IntAlu :  D=0xffffffffffffffff
1278500: system.cpu: T0 : 0x1f418    : beq a0, a5, 10             : IntAlu : 
1279000: system.cpu: T0 : 0x1f41c    : c_ldsp ra, 8(sp)           : MemRead :  D=0x000000000001cae6 A=0x7ffffffffffffa38
1279500: system.cpu: T0 : 0x1f41e    : c_addi sp, 16              : IntAlu :  D=0x7ffffffffffffa40
1280000: system.cpu: T0 : 0x1f420    : c_jr ra                    : IntAlu : 
1280500: system.cpu: T0 : 0x1cae6    : c_ldsp a6, 8(sp)           : MemRead :  D=0xfffffffffffff000 A=0x7ffffffffffffa48
1281000: system.cpu: T0 : 0x1cae8    : c_mv s2, a0                : IntAlu :  D=0x0000000000073f80
1282000: system.cpu: T0 : 0x1caea    : beq a0, zero, 502          : IntAlu : 
1283000: system.cpu: T0 : 0x1caee    : ld a5, -1392(gp)           : MemRead :  D=0x0000000000000000 A=0x70b38
1283500: system.cpu: T0 : 0x1caf2    : c_li a4, 0                 : IntAlu :  D=0x0000000000000000
1284000: system.cpu: T0 : 0x1caf4    : bne a5, zero, 538          : IntAlu : 
1284500: system.cpu: T0 : 0x1caf8    : ld a5, 72(s11)             : MemRead :  D=0x0000000000000000 A=0x6f620
1285000: system.cpu: T0 : 0x1cafc    : beq a5, zero, 380          : IntAlu : 
1285500: system.cpu: T0 : 0x1cc78    : sd s2, 72(s11)             : MemWrite :  D=0x0000000000073f80 A=0x6f620
1286000: system.cpu: T0 : 0x1cc7c    : c_j -380                   : IntAlu : 
1286500: system.cpu: T0 : 0x1cb00    : c_lui s11, 1               : IntAlu :  D=0x0000000000001000
1287000: system.cpu: T0 : 0x1cb02    : c_add s11, s7              : IntAlu :  D=0x0000000000070648
1287500: system.cpu: T0 : 0x1cb04    : ld a5, -1912(s11)          : MemRead :  D=0x0000000000000000 A=0x6fed0
1288000: system.cpu: T0 : 0x1cb08    : c_add a5, s5               : IntAlu :  D=0x0000000000021000
1289000: system.cpu: T0 : 0x1cb0a    : sd a5, -1912(s11)          : MemWrite :  D=0x0000000000021000 A=0x6fed0
1290000: system.cpu: T0 : 0x1cb0e    : beq s9, s2, 342            : IntAlu : 
1291000: system.cpu: T0 : 0x1cb12    : lw a3, 4(s7)               : MemRead :  D=0x0000000000000000 A=0x6f64c
1291500: system.cpu: T0 : 0x1cb16    : c_andi a3, 2               : IntAlu :  D=0x0000000000000000
1292000: system.cpu: T0 : 0x1cb18    : bne a3, zero, 242          : IntAlu : 
1292500: system.cpu: T0 : 0x1cb1c    : beq s3, zero, 18           : IntAlu : 
1293500: system.cpu: T0 : 0x1cb2e    : andi a5, s2, 15            : IntAlu :  D=0x0000000000000000
1294500: system.cpu: T0 : 0x1cb32    : bne a5, zero, 332          : IntAlu : 
1295000: system.cpu: T0 : 0x1cb36    : c_mv a4, s3                : IntAlu :  D=0x0000000000000000
1295500: system.cpu: T0 : 0x1cb38    : c_mv s9, s2                : IntAlu :  D=0x0000000000073f80
1296000: system.cpu: T0 : 0x1cb3a    : c_add s5, a4               : IntAlu :  D=0x0000000000021000
1296500: system.cpu: T0 : 0x1cb3c    : add a0, s2, s5             : IntAlu :  D=0x0000000000094f80
1297000: system.cpu: T0 : 0x1cb40    : c_add s10, a0              : IntAlu :  D=0x0000000000095f7f
1298000: system.cpu: T0 : 0x1cb42    : and a6, s10, a6            : IntAlu :  D=0x0000000000095000
1298500: system.cpu: T0 : 0x1cb46    : c_sub a4, a0               : IntAlu :  D=0xfffffffffff6b080
1299000: system.cpu: T0 : 0x1cb48    : add s5, a6, a4             : IntAlu :  D=0x0000000000000080
1299500: system.cpu: T0 : 0x1cb4c    : blt s5, zero, 626          : IntAlu : 
1300000: system.cpu: T0 : 0x1cb50    : ld a5, -1840(gp)           : MemRead :  D=0x000000000001f40e A=0x70978
1300500: system.cpu: T0 : 0x1cb54    : c_mv a0, s5                : IntAlu :  D=0x0000000000000080
1301000: system.cpu: T0 : 0x1cb56    : c_jalr a5                  : IntAlu :  D=0x000000000001cb58
1301500: system.cpu: T0 : 0x1f40e    : c_addi sp, -16             : IntAlu :  D=0x7ffffffffffffa30
1302000: system.cpu: T0 : 0x1f410    : c_sdsp ra, 8(sp)           : MemWrite :  D=0x000000000001cb58 A=0x7ffffffffffffa38
1303000: system.cpu: T0 : 0x1f412    : jal ra, 9318               : IntAlu :  D=0x000000000001f416
1303500: system.cpu: T0 : 0x21878    : c_addi sp, -32             : IntAlu :  D=0x7ffffffffffffa10
1304000: system.cpu: T0 : 0x2187a    : c_sdsp s2, 0(sp)           : MemWrite :  D=0x0000000000073f80 A=0x7ffffffffffffa10
1304500: system.cpu: T0 : 0x2187c    : c_sdsp s1, 8(sp)           : MemWrite :  D=0x0000000000000290 A=0x7ffffffffffffa18
1305500: system.cpu: T0 : 0x2187e    : ld s1, -1200(gp)           : MemRead :  D=0x0000000000094f80 A=0x70bf8
1306000: system.cpu: T0 : 0x21882    : c_sdsp s0, 16(sp)          : MemWrite :  D=0x000000000006f648 A=0x7ffffffffffffa20
1306500: system.cpu: T0 : 0x21884    : c_sdsp ra, 24(sp)          : MemWrite :  D=0x000000000001f416 A=0x7ffffffffffffa28
1307000: system.cpu: T0 : 0x21886    : c_mv s0, a0                : IntAlu :  D=0x0000000000000080
1307500: system.cpu: T0 : 0x21888    : c_beqz s1, 46              : IntAlu : 
1308500: system.cpu: T0 : 0x2188a    : lw a5, -1728(gp)           : MemRead :  D=0x0000000000000000 A=0x709e8
1309000: system.cpu: T0 : 0x2188e    : c_bnez a5, 40              : IntAlu : 
1309500: system.cpu: T0 : 0x21890    : c_beqz s0, 24              : IntAlu : 
1310500: system.cpu: T0 : 0x21892    : bge zero, s0, 52           : IntAlu : 
1311500: system.cpu: T0 : 0x21896    : add a5, s0, s1             : IntAlu :  D=0x0000000000095000
1312500: system.cpu: T0 : 0x2189a    : sltu a5, a5, s1            : IntAlu :  D=0x0000000000000000
1313000: system.cpu: T0 : 0x2189e    : c_beqz a5, 50              : IntAlu : 
1313500: system.cpu: T0 : 0x218d0    : add a0, s1, s0             : IntAlu :  D=0x0000000000095000
1314000: system.cpu: T0 : 0x218d4    : jal ra, 98390              : IntAlu :  D=0x00000000000218d8
1314500: system.cpu: T0 : 0x3992a    : c_mv a5, a0                : IntAlu :  D=0x0000000000095000
1315000: system.cpu: T0 : 0x3992c    : addi a7, zero, 214         : IntAlu :  D=0x00000000000000d6
1315500: system.cpu: T0 : 0x39930    : ecall                      : No_OpClass : 
1316000: system.cpu: T0 : 0x39934    : sd a0, -1200(gp)           : MemWrite :  D=0x0000000000095000 A=0x70bf8
1316500: system.cpu: T0 : 0x39938    : bltu a0, a5, 8             : IntAlu : 
1317000: system.cpu: T0 : 0x3993c    : c_li a0, 0                 : IntAlu :  D=0x0000000000000000
1317500: system.cpu: T0 : 0x3993e    : c_jr ra                    : IntAlu : 
1318000: system.cpu: T0 : 0x218d8    : blt a0, zero, -50          : IntAlu : 
1318500: system.cpu: T0 : 0x218dc    : c_ldsp ra, 24(sp)          : MemRead :  D=0x000000000001f416 A=0x7ffffffffffffa28
1319000: system.cpu: T0 : 0x218de    : c_ldsp s0, 16(sp)          : MemRead :  D=0x000000000006f648 A=0x7ffffffffffffa20
1319500: system.cpu: T0 : 0x218e0    : c_ldsp s2, 0(sp)           : MemRead :  D=0x0000000000073f80 A=0x7ffffffffffffa10
1320000: system.cpu: T0 : 0x218e2    : c_mv a0, s1                : IntAlu :  D=0x0000000000094f80
1320500: system.cpu: T0 : 0x218e4    : c_ldsp s1, 8(sp)           : MemRead :  D=0x0000000000000290 A=0x7ffffffffffffa18
1321000: system.cpu: T0 : 0x218e6    : c_addi16sp sp, 32          : IntAlu :  D=0x7ffffffffffffa30
1321500: system.cpu: T0 : 0x218e8    : c_jr ra                    : IntAlu : 
1322000: system.cpu: T0 : 0x1f416    : c_li a5, -1                : IntAlu :  D=0xffffffffffffffff
1322500: system.cpu: T0 : 0x1f418    : beq a0, a5, 10             : IntAlu : 
1323000: system.cpu: T0 : 0x1f41c    : c_ldsp ra, 8(sp)           : MemRead :  D=0x000000000001cb58 A=0x7ffffffffffffa38
1323500: system.cpu: T0 : 0x1f41e    : c_addi sp, 16              : IntAlu :  D=0x7ffffffffffffa40
1324000: system.cpu: T0 : 0x1f420    : c_jr ra                    : IntAlu : 
1324500: system.cpu: T0 : 0x1cb58    : c_mv a4, a0                : IntAlu :  D=0x0000000000094f80
1325500: system.cpu: T0 : 0x1cb5a    : beq a0, zero, 426          : IntAlu : 
1326500: system.cpu: T0 : 0x1cb5e    : ld a5, -1392(gp)           : MemRead :  D=0x0000000000000000 A=0x70b38
1327500: system.cpu: T0 : 0x1cb62    : bne a5, zero, 440          : IntAlu : 
1328500: system.cpu: T0 : 0x1cb66    : ld a5, -1912(s11)          : MemRead :  D=0x0000000000021000 A=0x6fed0
1329000: system.cpu: T0 : 0x1cb6a    : c_mv s2, s9                : IntAlu :  D=0x0000000000073f80
1329500: system.cpu: T0 : 0x1cb6c    : c_add a5, s5               : IntAlu :  D=0x0000000000021080
1330000: system.cpu: T0 : 0x1cb6e    : c_j 168                    : IntAlu : 
1331000: system.cpu: T0 : 0x1cc16    : sub a4, a4, s2             : IntAlu :  D=0x0000000000021000
1331500: system.cpu: T0 : 0x1cc1a    : c_add a4, s5               : IntAlu :  D=0x0000000000021080
1332000: system.cpu: T0 : 0x1cc1c    : sd s2, 96(s7)              : MemWrite :  D=0x0000000000073f80 A=0x6f6a8
1332500: system.cpu: T0 : 0x1cc20    : ori a4, a4, 1              : IntAlu :  D=0x0000000000021081
1333000: system.cpu: T0 : 0x1cc24    : sd a4, 8(s2)               : MemWrite :  D=0x0000000000021081 A=0x73f88
1333500: system.cpu: T0 : 0x1cc28    : sd a5, -1912(s11)          : MemWrite :  D=0x0000000000021080 A=0x6fed0
1334000: system.cpu: T0 : 0x1cc2c    : beq s3, zero, -754         : IntAlu : 
1334500: system.cpu: T0 : 0x1c93a    : c_lui a4, 1                : IntAlu :  D=0x0000000000001000
1335000: system.cpu: T0 : 0x1c93c    : c_add a4, s0               : IntAlu :  D=0x0000000000070648
1336000: system.cpu: T0 : 0x1c93e    : ld a3, -1904(a4)           : MemRead :  D=0x0000000000000000 A=0x6fed8
1337000: system.cpu: T0 : 0x1c942    : bgeu a3, a5, 8             : IntAlu : 
1338000: system.cpu: T0 : 0x1c946    : sd a5, -1904(a4)           : MemWrite :  D=0x0000000000021080 A=0x6fed8
1339000: system.cpu: T0 : 0x1c94a    : ld a5, 8(s2)               : MemRead :  D=0x0000000000021081 A=0x73f88
1339500: system.cpu: T0 : 0x1c94e    : c_andi a5, 18446744073709551608 : IntAlu :  D=0x0000000000021080
1340000: system.cpu: T0 : 0x1c950    : bltu a5, s8, 298           : IntAlu : 
1340500: system.cpu: T0 : 0x1c954    : add a4, s2, s1             : IntAlu :  D=0x0000000000074210
1341000: system.cpu: T0 : 0x1c958    : c_sd a4, 96(s0)            : MemWrite :  D=0x0000000000074210 A=0x6f6a8
1341500: system.cpu: T0 : 0x1c95a    : c_sub a5, s1               : IntAlu :  D=0x0000000000020df0
1342000: system.cpu: T0 : 0x1c95c    : beq s0, s7, 8              : IntAlu : 
1342500: system.cpu: T0 : 0x1c964    : ori s1, s1, 1              : IntAlu :  D=0x0000000000000291
1343000: system.cpu: T0 : 0x1c968    : sd s1, 8(s2)               : MemWrite :  D=0x0000000000000291 A=0x73f88
1343500: system.cpu: T0 : 0x1c96c    : ori a5, a5, 1              : IntAlu :  D=0x0000000000020df1
1344000: system.cpu: T0 : 0x1c970    : c_sd a5, 8(a4)             : MemWrite :  D=0x0000000000020df1 A=0x74218
1344500: system.cpu: T0 : 0x1c970    : c_sd a5, 8(a4)             : MemWrite :  D=0x0000000000020df1 A=0x74218
1345500: system.cpu: T0 : 0x1c972    : addi a0, s2, 16            : IntAlu :  D=0x0000000000073f90
1346000: system.cpu: T0 : 0x1c976    : c_ldsp ra, 152(sp)         : MemRead :  D=0x000000000001d57c A=0x7ffffffffffffad8
1346500: system.cpu: T0 : 0x1c978    : c_ldsp s0, 144(sp)         : MemRead :  D=0x0000000000000290 A=0x7ffffffffffffad0
1347000: system.cpu: T0 : 0x1c97a    : c_ldsp s1, 136(sp)         : MemRead :  D=0x000000000006f648 A=0x7ffffffffffffac8
1347500: system.cpu: T0 : 0x1c97c    : c_ldsp s2, 128(sp)         : MemRead :  D=0x0000000000000004 A=0x7ffffffffffffac0
1348000: system.cpu: T0 : 0x1c97e    : c_ldsp s3, 120(sp)         : MemRead :  D=0x0000000000000280 A=0x7ffffffffffffab8
1348500: system.cpu: T0 : 0x1c980    : c_ldsp s4, 112(sp)         : MemRead :  D=0x0000000000000000 A=0x7ffffffffffffab0
1349000: system.cpu: T0 : 0x1c982    : c_ldsp s5, 104(sp)         : MemRead :  D=0x0000000000000000 A=0x7ffffffffffffaa8
1349500: system.cpu: T0 : 0x1c984    : c_ldsp s6, 96(sp)          : MemRead :  D=0x0000000000000027 A=0x7ffffffffffffaa0
1350000: system.cpu: T0 : 0x1c986    : c_ldsp s7, 88(sp)          : MemRead :  D=0x000000000006f5d8 A=0x7ffffffffffffa98
1350500: system.cpu: T0 : 0x1c988    : c_ldsp s8, 80(sp)          : MemRead :  D=0x000000000006f6a8 A=0x7ffffffffffffa90
1351000: system.cpu: T0 : 0x1c98a    : c_ldsp s9, 72(sp)          : MemRead :  D=0x0000000000000029 A=0x7ffffffffffffa88
1351500: system.cpu: T0 : 0x1c98c    : c_ldsp s10, 64(sp)         : MemRead :  D=0x000000000000000a A=0x7ffffffffffffa80
1352000: system.cpu: T0 : 0x1c98e    : c_ldsp s11, 56(sp)         : MemRead :  D=0x0000000000001000 A=0x7ffffffffffffa78
1352500: system.cpu: T0 : 0x1c990    : c_addi16sp sp, 160         : IntAlu :  D=0x7ffffffffffffae0
1353000: system.cpu: T0 : 0x1c992    : c_jr ra                    : IntAlu : 
1353500: system.cpu: T0 : 0x1d57c    : c_mv s2, a0                : IntAlu :  D=0x0000000000073f90
1354500: system.cpu: T0 : 0x1d57e    : bne a0, zero, -672         : IntAlu : 
1355500: system.cpu: T0 : 0x1d2de    : lw a1, -1396(gp)           : MemRead :  D=0x0000000000000000 A=0x70b34
1356500: system.cpu: T0 : 0x1d2e2    : beq a1, zero, -516         : IntAlu : 
1357000: system.cpu: T0 : 0x1d0de    : c_ldsp ra, 248(sp)         : MemRead :  D=0x000000000001d91e A=0x7ffffffffffffbd8
1357500: system.cpu: T0 : 0x1d0e0    : c_ldsp s0, 240(sp)         : MemRead :  D=0x000000000006f648 A=0x7ffffffffffffbd0
1358000: system.cpu: T0 : 0x1d0e2    : c_ldsp s1, 232(sp)         : MemRead :  D=0x000000000006f648 A=0x7ffffffffffffbc8
1358500: system.cpu: T0 : 0x1d0e4    : c_ldsp s3, 216(sp)         : MemRead :  D=0x0000000000000000 A=0x7ffffffffffffbb8
1359000: system.cpu: T0 : 0x1d0e6    : c_ldsp s4, 208(sp)         : MemRead :  D=0x0000000000000000 A=0x7ffffffffffffbb0
1359500: system.cpu: T0 : 0x1d0e8    : c_ldsp s5, 200(sp)         : MemRead :  D=0x0000000000000000 A=0x7ffffffffffffba8
1360000: system.cpu: T0 : 0x1d0ea    : c_ldsp s6, 192(sp)         : MemRead :  D=0x0000000000072000 A=0x7ffffffffffffba0
1360500: system.cpu: T0 : 0x1d0ec    : c_ldsp s7, 184(sp)         : MemRead :  D=0x0000000000000000 A=0x7ffffffffffffb98
1361000: system.cpu: T0 : 0x1d0ee    : c_ldsp s8, 176(sp)         : MemRead :  D=0x0000000000000000 A=0x7ffffffffffffb90
1361500: system.cpu: T0 : 0x1d0f0    : c_ldsp s9, 168(sp)         : MemRead :  D=0x0000000000000003 A=0x7ffffffffffffb88
1362000: system.cpu: T0 : 0x1d0f2    : c_ldsp s10, 160(sp)        : MemRead :  D=0x0000000000000000 A=0x7ffffffffffffb80
1362500: system.cpu: T0 : 0x1d0f4    : c_ldsp s11, 152(sp)        : MemRead :  D=0x0000000000000000 A=0x7ffffffffffffb78
1363000: system.cpu: T0 : 0x1d0f6    : c_mv a0, s2                : IntAlu :  D=0x0000000000073f90
1363500: system.cpu: T0 : 0x1d0f8    : c_ldsp s2, 224(sp)         : MemRead :  D=0x0000000000000002 A=0x7ffffffffffffbc0
1364000: system.cpu: T0 : 0x1d0fa    : c_addi16sp sp, 256         : IntAlu :  D=0x7ffffffffffffbe0
1364500: system.cpu: T0 : 0x1d0fc    : c_jr ra                    : IntAlu : 
1365000: system.cpu: T0 : 0x1d91e    : c_mv a5, a0                : IntAlu :  D=0x0000000000073f90
1365500: system.cpu: T0 : 0x1d920    : c_beqz a0, 70              : IntAlu : 
1366000: system.cpu: T0 : 0x1d922    : c_li a4, 0                 : IntAlu :  D=0x0000000000000000
1366500: system.cpu: T0 : 0x1d924    : fence iorw, ow             : No_OpClass : 
1367000: system.cpu: T0 : 0x1d928    : amoswap_w a4, a4, (s0)    
1367000: system.cpu: T0 : 0x1d928. 0 : amoswap_w[l] a4, a4, (s0)  : MemRead :  D=0x0000000000000001 A=0x6f648
1367500: system.cpu: T0 : 0x1d92c    : c_addiw a4, 0              : IntAlu :  D=0x0000000000000001
1368000: system.cpu: T0 : 0x1d92e    : c_li a3, 1                 : IntAlu :  D=0x0000000000000001
1368500: system.cpu: T0 : 0x1d930    : blt a3, a4, 96             : IntAlu : 
1369000: system.cpu: T0 : 0x1d934    : c_ldsp s0, 16(sp)          : MemRead :  D=0x0000000000000024 A=0x7ffffffffffffbf0
1369500: system.cpu: T0 : 0x1d936    : c_ldsp ra, 24(sp)          : MemRead :  D=0x000000000001e2ac A=0x7ffffffffffffbf8
1370000: system.cpu: T0 : 0x1d938    : c_ldsp s1, 8(sp)           : MemRead :  D=0x0000000000000001 A=0x7ffffffffffffbe8
1371000: system.cpu: T0 : 0x1d93a    : sd a5, 40(tp)              : MemWrite :  D=0x0000000000073f90 A=0x73738
1372000: system.cpu: T0 : 0x1d93e    : addi a2, zero, 640         : IntAlu :  D=0x0000000000000280
1372500: system.cpu: T0 : 0x1d942    : c_li a1, 0                 : IntAlu :  D=0x0000000000000000
1373000: system.cpu: T0 : 0x1d944    : c_mv a0, a5                : IntAlu :  D=0x0000000000073f90
1373500: system.cpu: T0 : 0x1d946    : c_addi16sp sp, 32          : IntAlu :  D=0x7ffffffffffffc00
1374000: system.cpu: T0 : 0x1d948    : jal zero, 10402            : IntAlu :  D=0x000000000001d94c
1374500: system.cpu: T0 : 0x201ea    : c_li a4, 7                 : IntAlu :  D=0x0000000000000007
1375000: system.cpu: T0 : 0x201ec    : c_mv a5, a0                : IntAlu :  D=0x0000000000073f90
1376000: system.cpu: T0 : 0x201ee    : bgeu a4, a2, 140           : IntAlu : 
1377000: system.cpu: T0 : 0x201f2    : andi a7, a1, 255           : IntAlu :  D=0x0000000000000000
1378000: system.cpu: T0 : 0x201f6    : slli a3, a7, 8             : IntAlu :  D=0x0000000000000000
1379000: system.cpu: T0 : 0x201fa    : or a3, a3, a7              : IntAlu :  D=0x0000000000000000
1380000: system.cpu: T0 : 0x201fe    : slli a4, a3, 16            : IntAlu :  D=0x0000000000000000
1380500: system.cpu: T0 : 0x20202    : c_or a3, a4                : IntAlu :  D=0x0000000000000000
1381000: system.cpu: T0 : 0x20204    : slli a4, a3, 32            : IntAlu :  D=0x0000000000000000
1381500: system.cpu: T0 : 0x20208    : andi a6, a0, 7             : IntAlu :  D=0x0000000000000000
1382000: system.cpu: T0 : 0x2020c    : c_or a4, a3                : IntAlu :  D=0x0000000000000000
1383000: system.cpu: T0 : 0x2020e    : beq a6, zero, 130          : IntAlu : 
1383500: system.cpu: T0 : 0x20290    : c_mv a3, a2                : IntAlu :  D=0x0000000000000280
1384000: system.cpu: T0 : 0x20292    : c_j -108                   : IntAlu : 
1385000: system.cpu: T0 : 0x20226    : srli a6, a3, 6             : IntAlu :  D=0x000000000000000a
1386000: system.cpu: T0 : 0x2022a    : beq a6, zero, 42           : IntAlu : 
1387000: system.cpu: T0 : 0x2022e    : slli a2, a6, 6             : IntAlu :  D=0x0000000000000280
1387500: system.cpu: T0 : 0x20232    : c_mv a7, a5                : IntAlu :  D=0x0000000000073f90
1388000: system.cpu: T0 : 0x20234    : c_add a2, a5               : IntAlu :  D=0x0000000000074210
1388500: system.cpu: T0 : 0x20236    : c_sd a4, 0(a5)             : MemWrite :  D=0x0000000000000000 A=0x73f90
1389000: system.cpu: T0 : 0x20238    : c_sd a4, 8(a5)             : MemWrite :  D=0x0000000000000000 A=0x73f98
1389500: system.cpu: T0 : 0x2023a    : c_sd a4, 16(a5)            : MemWrite :  D=0x0000000000000000 A=0x73fa0
1390000: system.cpu: T0 : 0x2023c    : c_sd a4, 24(a5)            : MemWrite :  D=0x0000000000000000 A=0x73fa8
1390500: system.cpu: T0 : 0x2023e    : c_sd a4, 32(a5)            : MemWrite :  D=0x0000000000000000 A=0x73fb0
1391000: system.cpu: T0 : 0x20240    : c_sd a4, 40(a5)            : MemWrite :  D=0x0000000000000000 A=0x73fb8
1391500: system.cpu: T0 : 0x20242    : c_sd a4, 48(a5)            : MemWrite :  D=0x0000000000000000 A=0x73fc0
1392000: system.cpu: T0 : 0x20244    : c_sd a4, 56(a5)            : MemWrite :  D=0x0000000000000000 A=0x73fc8
1393000: system.cpu: T0 : 0x20246    : addi a5, a5, 64            : IntAlu :  D=0x0000000000073fd0
1394000: system.cpu: T0 : 0x2024a    : bne a2, a5, -20            : IntAlu : 
1394500: system.cpu: T0 : 0x20236    : c_sd a4, 0(a5)             : MemWrite :  D=0x0000000000000000 A=0x73fd0
1395000: system.cpu: T0 : 0x20238    : c_sd a4, 8(a5)             : MemWrite :  D=0x0000000000000000 A=0x73fd8
1395500: system.cpu: T0 : 0x2023a    : c_sd a4, 16(a5)            : MemWrite :  D=0x0000000000000000 A=0x73fe0
1396000: system.cpu: T0 : 0x2023c    : c_sd a4, 24(a5)            : MemWrite :  D=0x0000000000000000 A=0x73fe8
1396500: system.cpu: T0 : 0x2023e    : c_sd a4, 32(a5)            : MemWrite :  D=0x0000000000000000 A=0x73ff0
1397000: system.cpu: T0 : 0x20240    : c_sd a4, 40(a5)            : MemWrite :  D=0x0000000000000000 A=0x73ff8
1397500: system.cpu: T0 : 0x20242    : c_sd a4, 48(a5)            : MemWrite :  D=0x0000000000000000 A=0x74000
1398000: system.cpu: T0 : 0x20244    : c_sd a4, 56(a5)            : MemWrite :  D=0x0000000000000000 A=0x74008
1399000: system.cpu: T0 : 0x20246    : addi a5, a5, 64            : IntAlu :  D=0x0000000000074010
1400000: system.cpu: T0 : 0x2024a    : bne a2, a5, -20            : IntAlu : 
1400500: system.cpu: T0 : 0x20236    : c_sd a4, 0(a5)             : MemWrite :  D=0x0000000000000000 A=0x74010
1401000: system.cpu: T0 : 0x20238    : c_sd a4, 8(a5)             : MemWrite :  D=0x0000000000000000 A=0x74018
1401500: system.cpu: T0 : 0x2023a    : c_sd a4, 16(a5)            : MemWrite :  D=0x0000000000000000 A=0x74020
1402000: system.cpu: T0 : 0x2023c    : c_sd a4, 24(a5)            : MemWrite :  D=0x0000000000000000 A=0x74028
1402500: system.cpu: T0 : 0x2023e    : c_sd a4, 32(a5)            : MemWrite :  D=0x0000000000000000 A=0x74030
1403000: system.cpu: T0 : 0x20240    : c_sd a4, 40(a5)            : MemWrite :  D=0x0000000000000000 A=0x74038
1403500: system.cpu: T0 : 0x20242    : c_sd a4, 48(a5)            : MemWrite :  D=0x0000000000000000 A=0x74040
1404000: system.cpu: T0 : 0x20244    : c_sd a4, 56(a5)            : MemWrite :  D=0x0000000000000000 A=0x74048
1405000: system.cpu: T0 : 0x20246    : addi a5, a5, 64            : IntAlu :  D=0x0000000000074050
1406000: system.cpu: T0 : 0x2024a    : bne a2, a5, -20            : IntAlu : 
1406500: system.cpu: T0 : 0x20236    : c_sd a4, 0(a5)             : MemWrite :  D=0x0000000000000000 A=0x74050
1407000: system.cpu: T0 : 0x20238    : c_sd a4, 8(a5)             : MemWrite :  D=0x0000000000000000 A=0x74058
1407500: system.cpu: T0 : 0x2023a    : c_sd a4, 16(a5)            : MemWrite :  D=0x0000000000000000 A=0x74060
1408000: system.cpu: T0 : 0x2023c    : c_sd a4, 24(a5)            : MemWrite :  D=0x0000000000000000 A=0x74068
1408500: system.cpu: T0 : 0x2023e    : c_sd a4, 32(a5)            : MemWrite :  D=0x0000000000000000 A=0x74070
1409000: system.cpu: T0 : 0x20240    : c_sd a4, 40(a5)            : MemWrite :  D=0x0000000000000000 A=0x74078
1409500: system.cpu: T0 : 0x20242    : c_sd a4, 48(a5)            : MemWrite :  D=0x0000000000000000 A=0x74080
1410000: system.cpu: T0 : 0x20244    : c_sd a4, 56(a5)            : MemWrite :  D=0x0000000000000000 A=0x74088
1411000: system.cpu: T0 : 0x20246    : addi a5, a5, 64            : IntAlu :  D=0x0000000000074090
1412000: system.cpu: T0 : 0x2024a    : bne a2, a5, -20            : IntAlu : 
1412500: system.cpu: T0 : 0x20236    : c_sd a4, 0(a5)             : MemWrite :  D=0x0000000000000000 A=0x74090
1413000: system.cpu: T0 : 0x20238    : c_sd a4, 8(a5)             : MemWrite :  D=0x0000000000000000 A=0x74098
1413500: system.cpu: T0 : 0x2023a    : c_sd a4, 16(a5)            : MemWrite :  D=0x0000000000000000 A=0x740a0
1414000: system.cpu: T0 : 0x2023c    : c_sd a4, 24(a5)            : MemWrite :  D=0x0000000000000000 A=0x740a8
1414500: system.cpu: T0 : 0x2023e    : c_sd a4, 32(a5)            : MemWrite :  D=0x0000000000000000 A=0x740b0
1415000: system.cpu: T0 : 0x20240    : c_sd a4, 40(a5)            : MemWrite :  D=0x0000000000000000 A=0x740b8
1415500: system.cpu: T0 : 0x20242    : c_sd a4, 48(a5)            : MemWrite :  D=0x0000000000000000 A=0x740c0
1416000: system.cpu: T0 : 0x20244    : c_sd a4, 56(a5)            : MemWrite :  D=0x0000000000000000 A=0x740c8
1417000: system.cpu: T0 : 0x20246    : addi a5, a5, 64            : IntAlu :  D=0x00000000000740d0
1418000: system.cpu: T0 : 0x2024a    : bne a2, a5, -20            : IntAlu : 
1418500: system.cpu: T0 : 0x20236    : c_sd a4, 0(a5)             : MemWrite :  D=0x0000000000000000 A=0x740d0
1419000: system.cpu: T0 : 0x20238    : c_sd a4, 8(a5)             : MemWrite :  D=0x0000000000000000 A=0x740d8
1419500: system.cpu: T0 : 0x2023a    : c_sd a4, 16(a5)            : MemWrite :  D=0x0000000000000000 A=0x740e0
1420000: system.cpu: T0 : 0x2023c    : c_sd a4, 24(a5)            : MemWrite :  D=0x0000000000000000 A=0x740e8
1420500: system.cpu: T0 : 0x2023e    : c_sd a4, 32(a5)            : MemWrite :  D=0x0000000000000000 A=0x740f0
1421000: system.cpu: T0 : 0x20240    : c_sd a4, 40(a5)            : MemWrite :  D=0x0000000000000000 A=0x740f8
1421500: system.cpu: T0 : 0x20242    : c_sd a4, 48(a5)            : MemWrite :  D=0x0000000000000000 A=0x74100
1422000: system.cpu: T0 : 0x20244    : c_sd a4, 56(a5)            : MemWrite :  D=0x0000000000000000 A=0x74108
1423000: system.cpu: T0 : 0x20246    : addi a5, a5, 64            : IntAlu :  D=0x0000000000074110
1424000: system.cpu: T0 : 0x2024a    : bne a2, a5, -20            : IntAlu : 
1424500: system.cpu: T0 : 0x20236    : c_sd a4, 0(a5)             : MemWrite :  D=0x0000000000000000 A=0x74110
1425000: system.cpu: T0 : 0x20238    : c_sd a4, 8(a5)             : MemWrite :  D=0x0000000000000000 A=0x74118
1425500: system.cpu: T0 : 0x2023a    : c_sd a4, 16(a5)            : MemWrite :  D=0x0000000000000000 A=0x74120
1426000: system.cpu: T0 : 0x2023c    : c_sd a4, 24(a5)            : MemWrite :  D=0x0000000000000000 A=0x74128
1426500: system.cpu: T0 : 0x2023e    : c_sd a4, 32(a5)            : MemWrite :  D=0x0000000000000000 A=0x74130
1427000: system.cpu: T0 : 0x20240    : c_sd a4, 40(a5)            : MemWrite :  D=0x0000000000000000 A=0x74138
1427500: system.cpu: T0 : 0x20242    : c_sd a4, 48(a5)            : MemWrite :  D=0x0000000000000000 A=0x74140
1428000: system.cpu: T0 : 0x20244    : c_sd a4, 56(a5)            : MemWrite :  D=0x0000000000000000 A=0x74148
1429000: system.cpu: T0 : 0x20246    : addi a5, a5, 64            : IntAlu :  D=0x0000000000074150
1430000: system.cpu: T0 : 0x2024a    : bne a2, a5, -20            : IntAlu : 
1430500: system.cpu: T0 : 0x20236    : c_sd a4, 0(a5)             : MemWrite :  D=0x0000000000000000 A=0x74150
1431000: system.cpu: T0 : 0x20238    : c_sd a4, 8(a5)             : MemWrite :  D=0x0000000000000000 A=0x74158
1431500: system.cpu: T0 : 0x2023a    : c_sd a4, 16(a5)            : MemWrite :  D=0x0000000000000000 A=0x74160
1432000: system.cpu: T0 : 0x2023c    : c_sd a4, 24(a5)            : MemWrite :  D=0x0000000000000000 A=0x74168
1432500: system.cpu: T0 : 0x2023e    : c_sd a4, 32(a5)            : MemWrite :  D=0x0000000000000000 A=0x74170
1433000: system.cpu: T0 : 0x20240    : c_sd a4, 40(a5)            : MemWrite :  D=0x0000000000000000 A=0x74178
1433500: system.cpu: T0 : 0x20242    : c_sd a4, 48(a5)            : MemWrite :  D=0x0000000000000000 A=0x74180
1434000: system.cpu: T0 : 0x20244    : c_sd a4, 56(a5)            : MemWrite :  D=0x0000000000000000 A=0x74188
1435000: system.cpu: T0 : 0x20246    : addi a5, a5, 64            : IntAlu :  D=0x0000000000074190
1436000: system.cpu: T0 : 0x2024a    : bne a2, a5, -20            : IntAlu : 
1436500: system.cpu: T0 : 0x20236    : c_sd a4, 0(a5)             : MemWrite :  D=0x0000000000000000 A=0x74190
1437000: system.cpu: T0 : 0x20238    : c_sd a4, 8(a5)             : MemWrite :  D=0x0000000000000000 A=0x74198
1437500: system.cpu: T0 : 0x2023a    : c_sd a4, 16(a5)            : MemWrite :  D=0x0000000000000000 A=0x741a0
1438000: system.cpu: T0 : 0x2023c    : c_sd a4, 24(a5)            : MemWrite :  D=0x0000000000000000 A=0x741a8
1438500: system.cpu: T0 : 0x2023e    : c_sd a4, 32(a5)            : MemWrite :  D=0x0000000000000000 A=0x741b0
1439000: system.cpu: T0 : 0x20240    : c_sd a4, 40(a5)            : MemWrite :  D=0x0000000000000000 A=0x741b8
1439500: system.cpu: T0 : 0x20242    : c_sd a4, 48(a5)            : MemWrite :  D=0x0000000000000000 A=0x741c0
1440000: system.cpu: T0 : 0x20244    : c_sd a4, 56(a5)            : MemWrite :  D=0x0000000000000000 A=0x741c8
1441000: system.cpu: T0 : 0x20246    : addi a5, a5, 64            : IntAlu :  D=0x00000000000741d0
1442000: system.cpu: T0 : 0x2024a    : bne a2, a5, -20            : IntAlu : 
1442500: system.cpu: T0 : 0x20236    : c_sd a4, 0(a5)             : MemWrite :  D=0x0000000000000000 A=0x741d0
1443000: system.cpu: T0 : 0x20238    : c_sd a4, 8(a5)             : MemWrite :  D=0x0000000000000000 A=0x741d8
1443500: system.cpu: T0 : 0x2023a    : c_sd a4, 16(a5)            : MemWrite :  D=0x0000000000000000 A=0x741e0
1444000: system.cpu: T0 : 0x2023c    : c_sd a4, 24(a5)            : MemWrite :  D=0x0000000000000000 A=0x741e8
1444500: system.cpu: T0 : 0x2023e    : c_sd a4, 32(a5)            : MemWrite :  D=0x0000000000000000 A=0x741f0
1445000: system.cpu: T0 : 0x20240    : c_sd a4, 40(a5)            : MemWrite :  D=0x0000000000000000 A=0x741f8
1445500: system.cpu: T0 : 0x20242    : c_sd a4, 48(a5)            : MemWrite :  D=0x0000000000000000 A=0x74200
1446000: system.cpu: T0 : 0x20244    : c_sd a4, 56(a5)            : MemWrite :  D=0x0000000000000000 A=0x74208
1447000: system.cpu: T0 : 0x20246    : addi a5, a5, 64            : IntAlu :  D=0x0000000000074210
1448000: system.cpu: T0 : 0x2024a    : bne a2, a5, -20            : IntAlu : 
1449000: system.cpu: T0 : 0x2024e    : slli a5, a6, 6             : IntAlu :  D=0x0000000000000280
1449500: system.cpu: T0 : 0x20252    : c_add a5, a7               : IntAlu :  D=0x0000000000074210
1450000: system.cpu: T0 : 0x20254    : srli a6, a3, 3             : IntAlu :  D=0x0000000000000050
1450500: system.cpu: T0 : 0x20258    : andi a6, a6, 7             : IntAlu :  D=0x0000000000000000
1451000: system.cpu: T0 : 0x2025c    : beq a6, zero, 26           : IntAlu : 
1452000: system.cpu: T0 : 0x20276    : andi a2, a3, 7             : IntAlu :  D=0x0000000000000000
1453000: system.cpu: T0 : 0x2027a    : andi a1, a1, 255           : IntAlu :  D=0x0000000000000000
1454000: system.cpu: T0 : 0x2027e    : add a4, a5, a2             : IntAlu :  D=0x0000000000074210
1454500: system.cpu: T0 : 0x20282    : c_beqz a2, 12              : IntAlu : 
1455000: system.cpu: T0 : 0x2028e    : c_jr ra                    : IntAlu : 
1455500: system.cpu: T0 : 0x1e2ac    : lui a5, 111                : IntAlu :  D=0x000000000006f000
1456000: system.cpu: T0 : 0x1e2b0    : ld a5, 1576(a5)            : MemRead :  D=0x0000000000000040 A=0x6f628
1456500: system.cpu: T0 : 0x1e2b4    : bgeu s1, a5, -100          : IntAlu : 
1457000: system.cpu: T0 : 0x1e2b8    : ld a4, 40(tp)              : MemRead :  D=0x0000000000073f90 A=0x73738
1457500: system.cpu: T0 : 0x1e2bc    : c_beqz a4, -108            : IntAlu : 
1458500: system.cpu: T0 : 0x1e2be    : slli a3, s1, 1             : IntAlu :  D=0x0000000000000002
1459000: system.cpu: T0 : 0x1e2c2    : c_add a3, a4               : IntAlu :  D=0x0000000000073f92
1459500: system.cpu: T0 : 0x1e2c4    : lhu a2, 0(a3)              : MemRead :  D=0x0000000000000000 A=0x73f92
1460000: system.cpu: T0 : 0x1e2c8    : c_beqz a2, -120            : IntAlu : 
1460500: system.cpu: T0 : 0x1e250    : lw a5, -1808(tp)           : MemRead :  D=0x0000000000000000 A=0x73000
1461000: system.cpu: T0 : 0x1e254    : c_bnez a5, 210             : IntAlu : 
1462000: system.cpu: T0 : 0x1e256    : lui s1, 111                : IntAlu :  D=0x000000000006f000
1462500: system.cpu: T0 : 0x1e25a    : c_mv a1, s0                : IntAlu :  D=0x0000000000000024
1463000: system.cpu: T0 : 0x1e25c    : addi a0, s1, 1608          : IntAlu :  D=0x000000000006f648
1463500: system.cpu: T0 : 0x1e260    : jal ra, -5236              : IntAlu :  D=0x000000000001e264
1464000: system.cpu: T0 : 0x1cdec    : c_addi16sp sp, -256        : IntAlu :  D=0x7ffffffffffffb00
1464500: system.cpu: T0 : 0x1cdee    : c_sdsp ra, 248(sp)         : MemWrite :  D=0x000000000001e264 A=0x7ffffffffffffbf8
1465000: system.cpu: T0 : 0x1cdf0    : c_sdsp s0, 240(sp)         : MemWrite :  D=0x0000000000000024 A=0x7ffffffffffffbf0
1465500: system.cpu: T0 : 0x1cdf2    : c_sdsp s1, 232(sp)         : MemWrite :  D=0x000000000006f000 A=0x7ffffffffffffbe8
1466000: system.cpu: T0 : 0x1cdf4    : c_sdsp s2, 224(sp)         : MemWrite :  D=0x0000000000000002 A=0x7ffffffffffffbe0
1466500: system.cpu: T0 : 0x1cdf6    : c_sdsp s3, 216(sp)         : MemWrite :  D=0x0000000000000000 A=0x7ffffffffffffbd8
1467000: system.cpu: T0 : 0x1cdf8    : c_sdsp s4, 208(sp)         : MemWrite :  D=0x0000000000000000 A=0x7ffffffffffffbd0
1467500: system.cpu: T0 : 0x1cdfa    : c_sdsp s5, 200(sp)         : MemWrite :  D=0x0000000000000000 A=0x7ffffffffffffbc8
1468000: system.cpu: T0 : 0x1cdfc    : c_sdsp s6, 192(sp)         : MemWrite :  D=0x0000000000072000 A=0x7ffffffffffffbc0
1468500: system.cpu: T0 : 0x1cdfe    : c_sdsp s7, 184(sp)         : MemWrite :  D=0x0000000000000000 A=0x7ffffffffffffbb8
1469000: system.cpu: T0 : 0x1ce00    : c_sdsp s8, 176(sp)         : MemWrite :  D=0x0000000000000000 A=0x7ffffffffffffbb0
1469500: system.cpu: T0 : 0x1ce02    : c_sdsp s9, 168(sp)         : MemWrite :  D=0x0000000000000003 A=0x7ffffffffffffba8
1470000: system.cpu: T0 : 0x1ce04    : c_sdsp s10, 160(sp)        : MemWrite :  D=0x0000000000000000 A=0x7ffffffffffffba0
1470500: system.cpu: T0 : 0x1ce06    : c_sdsp s11, 152(sp)        : MemWrite :  D=0x0000000000000000 A=0x7ffffffffffffb98
1471000: system.cpu: T0 : 0x1ce08    : blt a1, zero, 1198         : IntAlu : 
1471500: system.cpu: T0 : 0x1ce0c    : addi s0, a1, 23            : IntAlu :  D=0x000000000000003b
1472000: system.cpu: T0 : 0x1ce10    : c_li a5, 31                : IntAlu :  D=0x000000000000001f
1472500: system.cpu: T0 : 0x1ce12    : c_mv s3, a1                : IntAlu :  D=0x0000000000000024
1473000: system.cpu: T0 : 0x1ce14    : c_mv s1, a0                : IntAlu :  D=0x000000000006f648
1474000: system.cpu: T0 : 0x1ce16    : bltu a5, s0, 220           : IntAlu : 
1474500: system.cpu: T0 : 0x1cef2    : c_andi s0, 18446744073709551600 : IntAlu :  D=0x0000000000000030
1475000: system.cpu: T0 : 0x1cef4    : beq a0, zero, 988          : IntAlu : 
1475500: system.cpu: T0 : 0x1cef8    : ld a4, -1376(gp)           : MemRead :  D=0x0000000000000080 A=0x70b48
1476000: system.cpu: T0 : 0x1cefc    : srliw s9, s0, 4            : IntAlu :  D=0x0000000000000003
1476500: system.cpu: T0 : 0x1cf00    : srliw a5, s0, 4            : IntAlu :  D=0x0000000000000003
1477000: system.cpu: T0 : 0x1cf04    : bgeu a4, s0, 506           : IntAlu : 
1477500: system.cpu: T0 : 0x1d0fe    : c_addiw a5, -2             : IntAlu :  D=0x0000000000000001
1478000: system.cpu: T0 : 0x1d100    : slli a2, a5, 32            : IntAlu :  D=0x0000000100000000
1478500: system.cpu: T0 : 0x1d104    : c_srli a2, 32              : IntAlu :  D=0x0000000000000001
1479000: system.cpu: T0 : 0x1d106    : c_addi a2, 2               : IntAlu :  D=0x0000000000000003
1479500: system.cpu: T0 : 0x1d108    : c_slli a2, 3               : IntAlu :  D=0x0000000000000018
1480000: system.cpu: T0 : 0x1d10a    : c_j -376                   : IntAlu : 
1480500: system.cpu: T0 : 0x1cf92    : c_slli a5, 32              : IntAlu :  D=0x0000000100000000
1481000: system.cpu: T0 : 0x1cf94    : c_srli a5, 29              : IntAlu :  D=0x0000000000000008
1481500: system.cpu: T0 : 0x1cf96    : c_add a5, s1               : IntAlu :  D=0x000000000006f650
1482000: system.cpu: T0 : 0x1cf98    : ld s2, 16(a5)              : MemRead :  D=0x0000000000000000 A=0x6f660
1482500: system.cpu: T0 : 0x1cf9c    : beq s2, zero, 170          : IntAlu : 
1483500: system.cpu: T0 : 0x1d046    : addiw a5, s9, -1           : IntAlu :  D=0x0000000000000002
1484500: system.cpu: T0 : 0x1d04a    : slliw a5, a5, 1            : IntAlu :  D=0x0000000000000004
1485000: system.cpu: T0 : 0x1d04e    : c_slli a5, 32              : IntAlu :  D=0x0000000400000000
1485500: system.cpu: T0 : 0x1d050    : c_srli a5, 32              : IntAlu :  D=0x0000000000000004
1486000: system.cpu: T0 : 0x1d052    : c_addi a5, 14              : IntAlu :  D=0x0000000000000012
1486500: system.cpu: T0 : 0x1d054    : c_slli a5, 3               : IntAlu :  D=0x0000000000000090
1487000: system.cpu: T0 : 0x1d056    : c_j -550                   : IntAlu : 
1487500: system.cpu: T0 : 0x1ce30    : c_add a5, s1               : IntAlu :  D=0x000000000006f6d8
1488500: system.cpu: T0 : 0x1ce32    : ld s2, 8(a5)               : MemRead :  D=0x000000000006f6c8 A=0x6f6e0
1489500: system.cpu: T0 : 0x1ce36    : addi a3, a5, -16           : IntAlu :  D=0x000000000006f6c8
1490500: system.cpu: T0 : 0x1ce3a    : beq a3, s2, 748            : IntAlu : 
1491500: system.cpu: T0 : 0x1d126    : srli t1, s0, 9             : IntAlu :  D=0x0000000000000000
1492500: system.cpu: T0 : 0x1d12a    : addiw a5, t1, 91           : IntAlu :  D=0x000000000000005b
1493500: system.cpu: T0 : 0x1d12e    : srli s10, s0, 6            : IntAlu :  D=0x0000000000000000
1494000: system.cpu: T0 : 0x1d132    : c_sdsp a5, 96(sp)          : MemWrite :  D=0x000000000000005b A=0x7ffffffffffffb60
1494500: system.cpu: T0 : 0x1d134    : addiw a5, s10, 48          : IntAlu :  D=0x0000000000000030
1495000: system.cpu: T0 : 0x1d138    : c_sdsp a5, 88(sp)          : MemWrite :  D=0x0000000000000030 A=0x7ffffffffffffb58
1496000: system.cpu: T0 : 0x1d13a    : addi a5, zero, 110         : IntAlu :  D=0x000000000000006e
1496500: system.cpu: T0 : 0x1d13e    : c_sdsp a5, 112(sp)         : MemWrite :  D=0x000000000000006e A=0x7ffffffffffffb70
1497000: system.cpu: T0 : 0x1d140    : addi a5, zero, 119         : IntAlu :  D=0x0000000000000077
1497500: system.cpu: T0 : 0x1d144    : c_sdsp a5, 104(sp)         : MemWrite :  D=0x0000000000000077 A=0x7ffffffffffffb68
1498500: system.cpu: T0 : 0x1d146    : addi a5, zero, 124         : IntAlu :  D=0x000000000000007c
1499000: system.cpu: T0 : 0x1d14a    : c_sdsp s9, 8(sp)           : MemWrite :  D=0x0000000000000003 A=0x7ffffffffffffb08
1499500: system.cpu: T0 : 0x1d14c    : c_sdsp a5, 120(sp)         : MemWrite :  D=0x000000000000007c A=0x7ffffffffffffb78
1500000: system.cpu: T0 : 0x1d14e    : c_sdsp zero, 128(sp)       : MemWrite :  D=0x0000000000000000 A=0x7ffffffffffffb80
1500500: system.cpu: T0 : 0x1d150    : c_sdsp zero, 136(sp)       : MemWrite :  D=0x0000000000000000 A=0x7ffffffffffffb88
1501500: system.cpu: T0 : 0x1d152    : ld a5, 40(tp)              : MemRead :  D=0x0000000000073f90 A=0x73738
1502500: system.cpu: T0 : 0x1d156    : addi s6, s0, -17           : IntAlu :  D=0x000000000000001f
1503500: system.cpu: T0 : 0x1d15a    : srli s6, s6, 4             : IntAlu :  D=0x0000000000000001
1504000: system.cpu: T0 : 0x1d15e    : c_li s5, 0                 : IntAlu :  D=0x0000000000000000
1504500: system.cpu: T0 : 0x1d160    : c_beqz a5, 22              : IntAlu : 
1505500: system.cpu: T0 : 0x1d162    : lui a5, 111                : IntAlu :  D=0x000000000006f000
1506500: system.cpu: T0 : 0x1d166    : ld s5, 1576(a5)            : MemRead :  D=0x0000000000000040 A=0x6f628
1507500: system.cpu: T0 : 0x1d16a    : sltu s5, s6, s5            : IntAlu :  D=0x0000000000000001
1508500: system.cpu: T0 : 0x1d16e    : sub s5, zero, s5           : IntAlu :  D=0xffffffffffffffff
1509500: system.cpu: T0 : 0x1d172    : and s5, s0, s5             : IntAlu :  D=0x0000000000000030
1510500: system.cpu: T0 : 0x1d176    : lui a5, 111                : IntAlu :  D=0x000000000006f000
1511000: system.cpu: T0 : 0x1d17a    : c_lui s11, 1               : IntAlu :  D=0x0000000000001000
1511500: system.cpu: T0 : 0x1d17c    : lui s7, 111                : IntAlu :  D=0x000000000006f000
1512000: system.cpu: T0 : 0x1d180    : addi a5, a5, 1608          : IntAlu :  D=0x000000000006f648
1512500: system.cpu: T0 : 0x1d184    : addi s8, s1, 96            : IntAlu :  D=0x000000000006f6a8
1513000: system.cpu: T0 : 0x1d188    : c_li t5, 0                 : IntAlu :  D=0x0000000000000000
1514000: system.cpu: T0 : 0x1d18a    : addi s7, s7, 1496          : IntAlu :  D=0x000000000006f5d8
1515000: system.cpu: T0 : 0x1d18e    : add a7, s1, s11            : IntAlu :  D=0x0000000000070648
1515500: system.cpu: T0 : 0x1d192    : c_sdsp a5, 56(sp)          : MemWrite :  D=0x000000000006f648 A=0x7ffffffffffffb38
1516000: system.cpu: T0 : 0x1d194    : c_ld a5, 120(s1)           : MemRead :  D=0x000000000006f6a8 A=0x6f6c0
1517000: system.cpu: T0 : 0x1d196    : beq a5, s8, 532            : IntAlu : 
1518000: system.cpu: T0 : 0x1d3aa    : addi a5, zero, 1023        : IntAlu :  D=0x00000000000003ff
1519000: system.cpu: T0 : 0x1d3ae    : bgeu a5, s0, 38            : IntAlu : 
1519500: system.cpu: T0 : 0x1d3d4    : c_ldsp a3, 8(sp)           : MemRead :  D=0x0000000000000003 A=0x7ffffffffffffb08
1520000: system.cpu: T0 : 0x1d3d6    : c_li a0, 4                 : IntAlu :  D=0x0000000000000004
1520500: system.cpu: T0 : 0x1d3d8    : addiw a5, a3, 1            : IntAlu :  D=0x0000000000000004
1521000: system.cpu: T0 : 0x1d3dc    : srliw a4, a5, 5            : IntAlu :  D=0x0000000000000000
1521500: system.cpu: T0 : 0x1d3e0    : slliw a3, a3, 1            : IntAlu :  D=0x0000000000000006
1522000: system.cpu: T0 : 0x1d3e4    : addi a4, a4, 536           : IntAlu :  D=0x0000000000000218
1522500: system.cpu: T0 : 0x1d3e8    : c_slli a3, 32              : IntAlu :  D=0x0000000600000000
1523000: system.cpu: T0 : 0x1d3ea    : c_slli a4, 2               : IntAlu :  D=0x0000000000000860
1523500: system.cpu: T0 : 0x1d3ec    : c_srli a3, 32              : IntAlu :  D=0x0000000000000006
1524000: system.cpu: T0 : 0x1d3ee    : c_add a4, s1               : IntAlu :  D=0x000000000006fea8
1524500: system.cpu: T0 : 0x1d3f0    : c_slli a3, 3               : IntAlu :  D=0x0000000000000030
1525000: system.cpu: T0 : 0x1d3f2    : c_lw a2, 0(a4)             : MemRead :  D=0x0000000000000000 A=0x6fea8
1525500: system.cpu: T0 : 0x1d3f4    : addi a3, a3, 96            : IntAlu :  D=0x0000000000000090
1526000: system.cpu: T0 : 0x1d3f8    : c_li a4, 1                 : IntAlu :  D=0x0000000000000001
1527000: system.cpu: T0 : 0x1d3fa    : srliw s2, a5, 5            : IntAlu :  D=0x0000000000000000
1527500: system.cpu: T0 : 0x1d3fe    : c_add a3, s1               : IntAlu :  D=0x000000000006f6d8
1528000: system.cpu: T0 : 0x1d400    : sllw a5, a4, a5            : IntAlu :  D=0x0000000000000010
1528500: system.cpu: T0 : 0x1d404    : bltu a2, a5, 144           : IntAlu : 
1529000: system.cpu: T0 : 0x1d494    : addiw a5, s2, 1            : IntAlu :  D=0x0000000000000001
1529500: system.cpu: T0 : 0x1d498    : addiw s2, a5, 0            : IntAlu :  D=0x0000000000000001
1530000: system.cpu: T0 : 0x1d49c    : bne s2, a0, -26            : IntAlu : 
1530500: system.cpu: T0 : 0x1d482    : c_slli a5, 32              : IntAlu :  D=0x0000000100000000
1531000: system.cpu: T0 : 0x1d484    : c_srli a5, 32              : IntAlu :  D=0x0000000000000001
1532000: system.cpu: T0 : 0x1d486    : addi a5, a5, 536           : IntAlu :  D=0x0000000000000219
1532500: system.cpu: T0 : 0x1d48a    : c_slli a5, 2               : IntAlu :  D=0x0000000000000864
1533000: system.cpu: T0 : 0x1d48c    : c_add a5, s1               : IntAlu :  D=0x000000000006feac
1533500: system.cpu: T0 : 0x1d48e    : c_lw a2, 0(a5)             : MemRead :  D=0x0000000000000000 A=0x6feac
1534000: system.cpu: T0 : 0x1d490    : bne a2, zero, 384          : IntAlu : 
1534500: system.cpu: T0 : 0x1d494    : addiw a5, s2, 1            : IntAlu :  D=0x0000000000000002
1535000: system.cpu: T0 : 0x1d498    : addiw s2, a5, 0            : IntAlu :  D=0x0000000000000002
1535500: system.cpu: T0 : 0x1d49c    : bne s2, a0, -26            : IntAlu : 
1536000: system.cpu: T0 : 0x1d482    : c_slli a5, 32              : IntAlu :  D=0x0000000200000000
1536500: system.cpu: T0 : 0x1d484    : c_srli a5, 32              : IntAlu :  D=0x0000000000000002
1537500: system.cpu: T0 : 0x1d486    : addi a5, a5, 536           : IntAlu :  D=0x000000000000021a
1538000: system.cpu: T0 : 0x1d48a    : c_slli a5, 2               : IntAlu :  D=0x0000000000000868
1538500: system.cpu: T0 : 0x1d48c    : c_add a5, s1               : IntAlu :  D=0x000000000006feb0
1539000: system.cpu: T0 : 0x1d48e    : c_lw a2, 0(a5)             : MemRead :  D=0x0000000000000000 A=0x6feb0
1539500: system.cpu: T0 : 0x1d490    : bne a2, zero, 384          : IntAlu : 
1540000: system.cpu: T0 : 0x1d494    : addiw a5, s2, 1            : IntAlu :  D=0x0000000000000003
1540500: system.cpu: T0 : 0x1d498    : addiw s2, a5, 0            : IntAlu :  D=0x0000000000000003
1541000: system.cpu: T0 : 0x1d49c    : bne s2, a0, -26            : IntAlu : 
1541500: system.cpu: T0 : 0x1d482    : c_slli a5, 32              : IntAlu :  D=0x0000000300000000
1542000: system.cpu: T0 : 0x1d484    : c_srli a5, 32              : IntAlu :  D=0x0000000000000003
1543000: system.cpu: T0 : 0x1d486    : addi a5, a5, 536           : IntAlu :  D=0x000000000000021b
1543500: system.cpu: T0 : 0x1d48a    : c_slli a5, 2               : IntAlu :  D=0x000000000000086c
1544000: system.cpu: T0 : 0x1d48c    : c_add a5, s1               : IntAlu :  D=0x000000000006feb4
1544500: system.cpu: T0 : 0x1d48e    : c_lw a2, 0(a5)             : MemRead :  D=0x0000000000000000 A=0x6feb4
1545000: system.cpu: T0 : 0x1d490    : bne a2, zero, 384          : IntAlu : 
1545500: system.cpu: T0 : 0x1d494    : addiw a5, s2, 1            : IntAlu :  D=0x0000000000000004
1546000: system.cpu: T0 : 0x1d498    : addiw s2, a5, 0            : IntAlu :  D=0x0000000000000004
1546500: system.cpu: T0 : 0x1d49c    : bne s2, a0, -26            : IntAlu : 
1547000: system.cpu: T0 : 0x1d4a0    : c_ld a4, 96(s1)            : MemRead :  D=0x0000000000074210 A=0x6f6a8
1548000: system.cpu: T0 : 0x1d4a2    : ld a3, -1912(a7)           : MemRead :  D=0x0000000000021080 A=0x6fed0
1548500: system.cpu: T0 : 0x1d4a6    : c_ld a5, 8(a4)             : MemRead :  D=0x0000000000020df1 A=0x74218
1549000: system.cpu: T0 : 0x1d4a8    : c_andi a5, 18446744073709551608 : IntAlu :  D=0x0000000000020df0
1550000: system.cpu: T0 : 0x1d4aa    : bltu a3, a5, 548           : IntAlu : 
1551000: system.cpu: T0 : 0x1d4ae    : addi a3, s0, 32            : IntAlu :  D=0x0000000000000050
1552000: system.cpu: T0 : 0x1d4b2    : bgeu a5, a3, 640           : IntAlu : 
1553000: system.cpu: T0 : 0x1d732    : add a0, a4, s0             : IntAlu :  D=0x0000000000074240
1554000: system.cpu: T0 : 0x1d736    : lui a2, 111                : IntAlu :  D=0x000000000006f000
1554500: system.cpu: T0 : 0x1d73a    : c_sd a0, 96(s1)            : MemWrite :  D=0x0000000000074240 A=0x6f6a8
1555000: system.cpu: T0 : 0x1d73c    : addi a2, a2, 1608          : IntAlu :  D=0x000000000006f648
1555500: system.cpu: T0 : 0x1d740    : c_sub a5, s0               : IntAlu :  D=0x0000000000020dc0
1556000: system.cpu: T0 : 0x1d742    : c_li a3, 4                 : IntAlu :  D=0x0000000000000004
1556500: system.cpu: T0 : 0x1d744    : beq s1, a2, 116            : IntAlu : 
1557000: system.cpu: T0 : 0x1d7b8    : c_li a3, 0                 : IntAlu :  D=0x0000000000000000
1557500: system.cpu: T0 : 0x1d7ba    : c_j -114                   : IntAlu : 
1558000: system.cpu: T0 : 0x1d748    : c_or a3, s0                : IntAlu :  D=0x0000000000000030
1559000: system.cpu: T0 : 0x1d74a    : ori a3, a3, 1              : IntAlu :  D=0x0000000000000031
1560000: system.cpu: T0 : 0x1d74e    : lw a1, -1396(gp)           : MemRead :  D=0x0000000000000000 A=0x70b34
1560500: system.cpu: T0 : 0x1d752    : c_sd a3, 8(a4)             : MemWrite :  D=0x0000000000000031 A=0x74218
1561000: system.cpu: T0 : 0x1d754    : ori a5, a5, 1              : IntAlu :  D=0x0000000000020dc1
1561500: system.cpu: T0 : 0x1d758    : c_sd a5, 8(a0)             : MemWrite :  D=0x0000000000020dc1 A=0x74248
1562500: system.cpu: T0 : 0x1d75a    : addi s2, a4, 16            : IntAlu :  D=0x0000000000074220
1563500: system.cpu: T0 : 0x1d75e    : beq a1, zero, -1664        : IntAlu : 
1564000: system.cpu: T0 : 0x1d0de    : c_ldsp ra, 248(sp)         : MemRead :  D=0x000000000001e264 A=0x7ffffffffffffbf8
1564500: system.cpu: T0 : 0x1d0e0    : c_ldsp s0, 240(sp)         : MemRead :  D=0x0000000000000024 A=0x7ffffffffffffbf0
1565000: system.cpu: T0 : 0x1d0e2    : c_ldsp s1, 232(sp)         : MemRead :  D=0x000000000006f000 A=0x7ffffffffffffbe8
1565500: system.cpu: T0 : 0x1d0e4    : c_ldsp s3, 216(sp)         : MemRead :  D=0x0000000000000000 A=0x7ffffffffffffbd8
1566000: system.cpu: T0 : 0x1d0e6    : c_ldsp s4, 208(sp)         : MemRead :  D=0x0000000000000000 A=0x7ffffffffffffbd0
1566500: system.cpu: T0 : 0x1d0e8    : c_ldsp s5, 200(sp)         : MemRead :  D=0x0000000000000000 A=0x7ffffffffffffbc8
1567000: system.cpu: T0 : 0x1d0ea    : c_ldsp s6, 192(sp)         : MemRead :  D=0x0000000000072000 A=0x7ffffffffffffbc0
1567500: system.cpu: T0 : 0x1d0ec    : c_ldsp s7, 184(sp)         : MemRead :  D=0x0000000000000000 A=0x7ffffffffffffbb8
1568000: system.cpu: T0 : 0x1d0ee    : c_ldsp s8, 176(sp)         : MemRead :  D=0x0000000000000000 A=0x7ffffffffffffbb0
1568500: system.cpu: T0 : 0x1d0f0    : c_ldsp s9, 168(sp)         : MemRead :  D=0x0000000000000003 A=0x7ffffffffffffba8
1569000: system.cpu: T0 : 0x1d0f2    : c_ldsp s10, 160(sp)        : MemRead :  D=0x0000000000000000 A=0x7ffffffffffffba0
1569500: system.cpu: T0 : 0x1d0f4    : c_ldsp s11, 152(sp)        : MemRead :  D=0x0000000000000000 A=0x7ffffffffffffb98
1570000: system.cpu: T0 : 0x1d0f6    : c_mv a0, s2                : IntAlu :  D=0x0000000000074220
1570500: system.cpu: T0 : 0x1d0f8    : c_ldsp s2, 224(sp)         : MemRead :  D=0x0000000000000002 A=0x7ffffffffffffbe0
1571000: system.cpu: T0 : 0x1d0fa    : c_addi16sp sp, 256         : IntAlu :  D=0x7ffffffffffffc00
1571500: system.cpu: T0 : 0x1d0fc    : c_jr ra                    : IntAlu : 
1572000: system.cpu: T0 : 0x1e264    : c_mv a5, a0                : IntAlu :  D=0x0000000000074220
1572500: system.cpu: T0 : 0x1e266    : c_beqz a0, 150             : IntAlu : 
1573000: system.cpu: T0 : 0x1e268    : ld a4, -8(a0)              : MemRead :  D=0x0000000000000031 A=0x74218
1573500: system.cpu: T0 : 0x1e26c    : andi a3, a4, 2             : IntAlu :  D=0x0000000000000000
1574000: system.cpu: T0 : 0x1e270    : c_bnez a3, 26              : IntAlu : 
1574500: system.cpu: T0 : 0x1e272    : c_andi a4, 4               : IntAlu :  D=0x0000000000000000
1575000: system.cpu: T0 : 0x1e274    : c_beqz a4, 22              : IntAlu : 
1575500: system.cpu: T0 : 0x1e28a    : c_ldsp ra, 24(sp)          : MemRead :  D=0x000000000003e2ee A=0x7ffffffffffffc18
1576000: system.cpu: T0 : 0x1e28c    : c_ldsp s0, 16(sp)          : MemRead :  D=0x7ffffffffffffcf0 A=0x7ffffffffffffc10
1576500: system.cpu: T0 : 0x1e28e    : c_ldsp s1, 8(sp)           : MemRead :  D=0x7ffffffffffffc20 A=0x7ffffffffffffc08
1577000: system.cpu: T0 : 0x1e290    : c_ldsp s2, 0(sp)           : MemRead :  D=0x0000000000000002 A=0x7ffffffffffffc00
1577500: system.cpu: T0 : 0x1e292    : c_mv a0, a5                : IntAlu :  D=0x0000000000074220
1578000: system.cpu: T0 : 0x1e294    : c_addi16sp sp, 32          : IntAlu :  D=0x7ffffffffffffc20
1578500: system.cpu: T0 : 0x1e296    : c_jr ra                    : IntAlu : 
1579000: system.cpu: T0 : 0x3e2ee    : c_mv s6, a0                : IntAlu :  D=0x0000000000074220
1579500: system.cpu: T0 : 0x3e2f0    : addi a5, s9, 1             : IntAlu :  D=0x0000000000000004
1580000: system.cpu: T0 : 0x3e2f4    : c_bnez a0, 64              : IntAlu : 
1580500: system.cpu: T0 : 0x3e334    : c_ld a1, 0(s1)             : MemRead :  D=0x00000000000626d0 A=0x7ffffffffffffc20
1581500: system.cpu: T0 : 0x3e336    : addi a0, a0, 32            : IntAlu :  D=0x0000000000074240
1582500: system.cpu: T0 : 0x3e33a    : sd a5, 8(s6)               : MemWrite :  D=0x0000000000000004 A=0x74228
1583500: system.cpu: T0 : 0x3e33e    : sd a0, 0(s6)               : MemWrite :  D=0x0000000000074240 A=0x74220
1584500: system.cpu: T0 : 0x3e342    : sd a0, 16(s6)              : MemWrite :  D=0x0000000000074240 A=0x74230
1585500: system.cpu: T0 : 0x3e346    : sd zero, 24(s6)            : MemWrite :  D=0x0000000000000000 A=0x74238
1586000: system.cpu: T0 : 0x3e34a    : c_mv a2, s9                : IntAlu :  D=0x0000000000000003
1586500: system.cpu: T0 : 0x3e34c    : jal ra, -123064            : IntAlu :  D=0x000000000003e350
1587000: system.cpu: T0 : 0x20294    : c_addi sp, -16             : IntAlu :  D=0x7ffffffffffffc10
1587500: system.cpu: T0 : 0x20296    : c_sdsp s0, 0(sp)           : MemWrite :  D=0x7ffffffffffffcf0 A=0x7ffffffffffffc10
1588000: system.cpu: T0 : 0x20298    : c_sdsp ra, 8(sp)           : MemWrite :  D=0x000000000003e350 A=0x7ffffffffffffc18
1588500: system.cpu: T0 : 0x2029a    : c_mv s0, a2                : IntAlu :  D=0x0000000000000003
1589000: system.cpu: T0 : 0x2029c    : jal ra, 112                : IntAlu :  D=0x00000000000202a0
1589500: system.cpu: T0 : 0x2030c    : c_addi16sp sp, -48         : IntAlu :  D=0x7ffffffffffffbe0
1590000: system.cpu: T0 : 0x2030e    : c_sdsp s0, 32(sp)          : MemWrite :  D=0x0000000000000003 A=0x7ffffffffffffc00
1590500: system.cpu: T0 : 0x20310    : c_sdsp s2, 16(sp)          : MemWrite :  D=0x0000000000000002 A=0x7ffffffffffffbf0
1591000: system.cpu: T0 : 0x20312    : c_sdsp ra, 40(sp)          : MemWrite :  D=0x00000000000202a0 A=0x7ffffffffffffc08
1591500: system.cpu: T0 : 0x20314    : c_sdsp s1, 24(sp)          : MemWrite :  D=0x7ffffffffffffc20 A=0x7ffffffffffffbf8
1592000: system.cpu: T0 : 0x20316    : c_sdsp s3, 8(sp)           : MemWrite :  D=0x0000000000000000 A=0x7ffffffffffffbe8
1592500: system.cpu: T0 : 0x20318    : c_li a5, 15                : IntAlu :  D=0x000000000000000f
1593000: system.cpu: T0 : 0x2031a    : c_mv s2, a0                : IntAlu :  D=0x0000000000074240
1593500: system.cpu: T0 : 0x2031c    : c_mv a4, a0                : IntAlu :  D=0x0000000000074240
1594000: system.cpu: T0 : 0x2031e    : c_mv s0, a1                : IntAlu :  D=0x00000000000626d0
1594500: system.cpu: T0 : 0x20320    : bgeu a5, a2, 72            : IntAlu : 
1595000: system.cpu: T0 : 0x20368    : c_addi a4, -1              : IntAlu :  D=0x000000000007423f
1595500: system.cpu: T0 : 0x2036a    : c_mv a5, s0                : IntAlu :  D=0x00000000000626d0
1596000: system.cpu: T0 : 0x2036c    : add a1, a2, s0             : IntAlu :  D=0x00000000000626d3
1596500: system.cpu: T0 : 0x20370    : c_sub a4, s0               : IntAlu :  D=0x0000000000011b6f
1597000: system.cpu: T0 : 0x20372    : c_beqz a2, 20              : IntAlu : 
1597500: system.cpu: T0 : 0x20374    : lbu a2, 0(a5)              : MemRead :  D=0x0000000000000074 A=0x626d0
1598000: system.cpu: T0 : 0x20378    : c_addi a5, 1               : IntAlu :  D=0x00000000000626d1
1599000: system.cpu: T0 : 0x2037a    : add a3, a4, a5             : IntAlu :  D=0x0000000000074240
1600000: system.cpu: T0 : 0x2037e    : sb a2, 0(a3)               : MemWrite :  D=0x0000000000000074 A=0x74240
1601000: system.cpu: T0 : 0x20382    : bne a1, a5, -14            : IntAlu : 
1601500: system.cpu: T0 : 0x20374    : lbu a2, 0(a5)              : MemRead :  D=0x000000000000006c A=0x626d1
1602000: system.cpu: T0 : 0x20378    : c_addi a5, 1               : IntAlu :  D=0x00000000000626d2
1603000: system.cpu: T0 : 0x2037a    : add a3, a4, a5             : IntAlu :  D=0x0000000000074241
1604000: system.cpu: T0 : 0x2037e    : sb a2, 0(a3)               : MemWrite :  D=0x000000000000006c A=0x74241
1605000: system.cpu: T0 : 0x20382    : bne a1, a5, -14            : IntAlu : 
1605500: system.cpu: T0 : 0x20374    : lbu a2, 0(a5)              : MemRead :  D=0x0000000000000073 A=0x626d2
1606000: system.cpu: T0 : 0x20378    : c_addi a5, 1               : IntAlu :  D=0x00000000000626d3
1607000: system.cpu: T0 : 0x2037a    : add a3, a4, a5             : IntAlu :  D=0x0000000000074242
1608000: system.cpu: T0 : 0x2037e    : sb a2, 0(a3)               : MemWrite :  D=0x0000000000000073 A=0x74242
1609000: system.cpu: T0 : 0x20382    : bne a1, a5, -14            : IntAlu : 
1609500: system.cpu: T0 : 0x20386    : c_ldsp ra, 40(sp)          : MemRead :  D=0x00000000000202a0 A=0x7ffffffffffffc08
1610000: system.cpu: T0 : 0x20388    : c_ldsp s0, 32(sp)          : MemRead :  D=0x0000000000000003 A=0x7ffffffffffffc00
1610500: system.cpu: T0 : 0x2038a    : c_ldsp s1, 24(sp)          : MemRead :  D=0x7ffffffffffffc20 A=0x7ffffffffffffbf8
1611000: system.cpu: T0 : 0x2038c    : c_ldsp s3, 8(sp)           : MemRead :  D=0x0000000000000000 A=0x7ffffffffffffbe8
1611500: system.cpu: T0 : 0x2038e    : c_mv a0, s2                : IntAlu :  D=0x0000000000074240
1612000: system.cpu: T0 : 0x20390    : c_ldsp s2, 16(sp)          : MemRead :  D=0x0000000000000002 A=0x7ffffffffffffbf0
1612500: system.cpu: T0 : 0x20392    : c_addi16sp sp, 48          : IntAlu :  D=0x7ffffffffffffc10
1613000: system.cpu: T0 : 0x20394    : c_jr ra                    : IntAlu : 
1613500: system.cpu: T0 : 0x202a0    : c_ldsp ra, 8(sp)           : MemRead :  D=0x000000000003e350 A=0x7ffffffffffffc18
1614000: system.cpu: T0 : 0x202a2    : c_add a0, s0               : IntAlu :  D=0x0000000000074243
1614500: system.cpu: T0 : 0x202a4    : c_ldsp s0, 0(sp)           : MemRead :  D=0x7ffffffffffffcf0 A=0x7ffffffffffffc10
1615000: system.cpu: T0 : 0x202a6    : c_addi sp, 16              : IntAlu :  D=0x7ffffffffffffc20
1615500: system.cpu: T0 : 0x202a8    : c_jr ra                    : IntAlu : 
1616000: system.cpu: T0 : 0x3e350    : ld a4, -136(s0)            : MemRead :  D=0x000000000006efd0 A=0x7ffffffffffffc68
1616500: system.cpu: T0 : 0x3e354    : addi a5, zero, 47          : IntAlu :  D=0x000000000000002f
1617000: system.cpu: T0 : 0x3e358    : sb a5, 0(a0)               : MemWrite :  D=0x000000000000002f A=0x74243
1617500: system.cpu: T0 : 0x3e35c    : sd s2, 0(a4)               : MemWrite :  D=0x0000000000000002 A=0x6efd0
1618000: system.cpu: T0 : 0x3e360    : ld a5, 8(s6)               : MemRead :  D=0x0000000000000004 A=0x74228
1618500: system.cpu: T0 : 0x3e364    : ld a4, -160(s0)            : MemRead :  D=0x000000000006efc8 A=0x7ffffffffffffc50
1619000: system.cpu: T0 : 0x3e368    : c_sd a5, 0(a4)             : MemWrite :  D=0x0000000000000004 A=0x6efc8
1619500: system.cpu: T0 : 0x3e36a    : c_j -178                   : IntAlu : 
1620000: system.cpu: T0 : 0x3e2b8    : addi sp, s0, -192          : IntAlu :  D=0x7ffffffffffffc30
1620500: system.cpu: T0 : 0x3e2bc    : c_ldsp ra, 184(sp)         : MemRead :  D=0x000000000003b828 A=0x7ffffffffffffce8
1621000: system.cpu: T0 : 0x3e2be    : c_mv a0, s6                : IntAlu :  D=0x0000000000074220
1621500: system.cpu: T0 : 0x3e2c0    : c_ldsp s0, 176(sp)         : MemRead :  D=0x7ffffffffffffd30 A=0x7ffffffffffffce0
1622000: system.cpu: T0 : 0x3e2c2    : c_ldsp s1, 168(sp)         : MemRead :  D=0x000000000006fee0 A=0x7ffffffffffffcd8
1622500: system.cpu: T0 : 0x3e2c4    : c_ldsp s2, 160(sp)         : MemRead :  D=0x0000000000000000 A=0x7ffffffffffffcd0
1623000: system.cpu: T0 : 0x3e2c6    : c_ldsp s3, 152(sp)         : MemRead :  D=0x000000000006efc0 A=0x7ffffffffffffcc8
1623500: system.cpu: T0 : 0x3e2c8    : c_ldsp s4, 144(sp)         : MemRead :  D=0x0000000000070000 A=0x7ffffffffffffcc0
1624000: system.cpu: T0 : 0x3e2ca    : c_ldsp s5, 136(sp)         : MemRead :  D=0x0000000000072000 A=0x7ffffffffffffcb8
1624500: system.cpu: T0 : 0x3e2cc    : c_ldsp s6, 128(sp)         : MemRead :  D=0x0000000000072000 A=0x7ffffffffffffcb0
1625000: system.cpu: T0 : 0x3e2ce    : c_ldsp s7, 120(sp)         : MemRead :  D=0x0000000000000000 A=0x7ffffffffffffca8
1625500: system.cpu: T0 : 0x3e2d0    : c_ldsp s8, 112(sp)         : MemRead :  D=0x0000000000000000 A=0x7ffffffffffffca0
1626000: system.cpu: T0 : 0x3e2d2    : c_ldsp s9, 104(sp)         : MemRead :  D=0x0000000000000000 A=0x7ffffffffffffc98
1626500: system.cpu: T0 : 0x3e2d4    : c_ldsp s10, 96(sp)         : MemRead :  D=0x0000000000000000 A=0x7ffffffffffffc90
1627000: system.cpu: T0 : 0x3e2d6    : c_ldsp s11, 88(sp)         : MemRead :  D=0x0000000000000000 A=0x7ffffffffffffc88
1627500: system.cpu: T0 : 0x3e2d8    : c_addi16sp sp, 192         : IntAlu :  D=0x7ffffffffffffcf0
1628000: system.cpu: T0 : 0x3e2da    : c_jr ra                    : IntAlu : 
1628500: system.cpu: T0 : 0x3b828    : c_mv a5, a0                : IntAlu :  D=0x0000000000074220
1629500: system.cpu: T0 : 0x3b82a    : addi a0, zero, 40          : IntAlu :  D=0x0000000000000028
1630500: system.cpu: T0 : 0x3b82e    : sd a5, 24(s3)              : MemWrite :  D=0x0000000000074220 A=0x6efd8
1631500: system.cpu: T0 : 0x3b832    : jal ra, -120344            : IntAlu :  D=0x000000000003b836
1632500: system.cpu: T0 : 0x1e21a    : ld t1, -1848(gp)           : MemRead :  D=0x0000000000000000 A=0x70970
1633500: system.cpu: T0 : 0x1e21e    : bne t1, zero, 260          : IntAlu : 
1634000: system.cpu: T0 : 0x1e222    : c_addi sp, -32             : IntAlu :  D=0x7ffffffffffffcd0
1634500: system.cpu: T0 : 0x1e224    : c_sdsp s0, 16(sp)          : MemWrite :  D=0x7ffffffffffffd30 A=0x7ffffffffffffce0
1635000: system.cpu: T0 : 0x1e226    : c_sdsp ra, 24(sp)          : MemWrite :  D=0x000000000003b836 A=0x7ffffffffffffce8
1635500: system.cpu: T0 : 0x1e228    : c_sdsp s1, 8(sp)           : MemWrite :  D=0x000000000006fee0 A=0x7ffffffffffffcd8
1636000: system.cpu: T0 : 0x1e22a    : c_sdsp s2, 0(sp)           : MemWrite :  D=0x0000000000000000 A=0x7ffffffffffffcd0
1636500: system.cpu: T0 : 0x1e22c    : c_mv s0, a0                : IntAlu :  D=0x0000000000000028
1637500: system.cpu: T0 : 0x1e22e    : blt a0, zero, 222          : IntAlu : 
1638500: system.cpu: T0 : 0x1e232    : addi a5, a0, 23            : IntAlu :  D=0x000000000000003f
1639000: system.cpu: T0 : 0x1e236    : c_li a4, 31                : IntAlu :  D=0x000000000000001f
1639500: system.cpu: T0 : 0x1e238    : c_li s1, 0                 : IntAlu :  D=0x0000000000000000
1640500: system.cpu: T0 : 0x1e23a    : bltu a4, a5, 94            : IntAlu : 
1641000: system.cpu: T0 : 0x1e298    : c_andi a5, 18446744073709551600 : IntAlu :  D=0x0000000000000030
1641500: system.cpu: T0 : 0x1e29a    : c_addi a5, -17             : IntAlu :  D=0x000000000000001f
1642000: system.cpu: T0 : 0x1e29c    : srli s1, a5, 4             : IntAlu :  D=0x0000000000000001
1642500: system.cpu: T0 : 0x1e2a0    : c_j -98                    : IntAlu : 
1643500: system.cpu: T0 : 0x1e23e    : ld a4, 40(tp)              : MemRead :  D=0x0000000000073f90 A=0x73738
1644000: system.cpu: T0 : 0x1e242    : c_beqz a4, 96              : IntAlu : 
1644500: system.cpu: T0 : 0x1e244    : lui a5, 111                : IntAlu :  D=0x000000000006f000
1645000: system.cpu: T0 : 0x1e248    : ld a5, 1576(a5)            : MemRead :  D=0x0000000000000040 A=0x6f628
1645500: system.cpu: T0 : 0x1e24c    : bltu s1, a5, 114           : IntAlu : 
1646500: system.cpu: T0 : 0x1e2be    : slli a3, s1, 1             : IntAlu :  D=0x0000000000000002
1647000: system.cpu: T0 : 0x1e2c2    : c_add a3, a4               : IntAlu :  D=0x0000000000073f92
1647500: system.cpu: T0 : 0x1e2c4    : lhu a2, 0(a3)              : MemRead :  D=0x0000000000000000 A=0x73f92
1648000: system.cpu: T0 : 0x1e2c8    : c_beqz a2, -120            : IntAlu : 
1648500: system.cpu: T0 : 0x1e250    : lw a5, -1808(tp)           : MemRead :  D=0x0000000000000000 A=0x73000
1649000: system.cpu: T0 : 0x1e254    : c_bnez a5, 210             : IntAlu : 
1650000: system.cpu: T0 : 0x1e256    : lui s1, 111                : IntAlu :  D=0x000000000006f000
1650500: system.cpu: T0 : 0x1e25a    : c_mv a1, s0                : IntAlu :  D=0x0000000000000028
1651000: system.cpu: T0 : 0x1e25c    : addi a0, s1, 1608          : IntAlu :  D=0x000000000006f648
1651500: system.cpu: T0 : 0x1e260    : jal ra, -5236              : IntAlu :  D=0x000000000001e264
1652000: system.cpu: T0 : 0x1cdec    : c_addi16sp sp, -256        : IntAlu :  D=0x7ffffffffffffbd0
1652500: system.cpu: T0 : 0x1cdee    : c_sdsp ra, 248(sp)         : MemWrite :  D=0x000000000001e264 A=0x7ffffffffffffcc8
1653000: system.cpu: T0 : 0x1cdf0    : c_sdsp s0, 240(sp)         : MemWrite :  D=0x0000000000000028 A=0x7ffffffffffffcc0
1653500: system.cpu: T0 : 0x1cdf2    : c_sdsp s1, 232(sp)         : MemWrite :  D=0x000000000006f000 A=0x7ffffffffffffcb8
1654000: system.cpu: T0 : 0x1cdf4    : c_sdsp s2, 224(sp)         : MemWrite :  D=0x0000000000000000 A=0x7ffffffffffffcb0
1654500: system.cpu: T0 : 0x1cdf6    : c_sdsp s3, 216(sp)         : MemWrite :  D=0x000000000006efc0 A=0x7ffffffffffffca8
1655000: system.cpu: T0 : 0x1cdf8    : c_sdsp s4, 208(sp)         : MemWrite :  D=0x0000000000070000 A=0x7ffffffffffffca0
1655500: system.cpu: T0 : 0x1cdfa    : c_sdsp s5, 200(sp)         : MemWrite :  D=0x0000000000072000 A=0x7ffffffffffffc98
1656000: system.cpu: T0 : 0x1cdfc    : c_sdsp s6, 192(sp)         : MemWrite :  D=0x0000000000072000 A=0x7ffffffffffffc90
1656500: system.cpu: T0 : 0x1cdfe    : c_sdsp s7, 184(sp)         : MemWrite :  D=0x0000000000000000 A=0x7ffffffffffffc88
1657000: system.cpu: T0 : 0x1ce00    : c_sdsp s8, 176(sp)         : MemWrite :  D=0x0000000000000000 A=0x7ffffffffffffc80
1657500: system.cpu: T0 : 0x1ce02    : c_sdsp s9, 168(sp)         : MemWrite :  D=0x0000000000000000 A=0x7ffffffffffffc78
1658000: system.cpu: T0 : 0x1ce04    : c_sdsp s10, 160(sp)        : MemWrite :  D=0x0000000000000000 A=0x7ffffffffffffc70
1658500: system.cpu: T0 : 0x1ce06    : c_sdsp s11, 152(sp)        : MemWrite :  D=0x0000000000000000 A=0x7ffffffffffffc68
1659000: system.cpu: T0 : 0x1ce08    : blt a1, zero, 1198         : IntAlu : 
1659500: system.cpu: T0 : 0x1ce0c    : addi s0, a1, 23            : IntAlu :  D=0x000000000000003f
1660000: system.cpu: T0 : 0x1ce10    : c_li a5, 31                : IntAlu :  D=0x000000000000001f
1660500: system.cpu: T0 : 0x1ce12    : c_mv s3, a1                : IntAlu :  D=0x0000000000000028
1661000: system.cpu: T0 : 0x1ce14    : c_mv s1, a0                : IntAlu :  D=0x000000000006f648
1662000: system.cpu: T0 : 0x1ce16    : bltu a5, s0, 220           : IntAlu : 
1662500: system.cpu: T0 : 0x1cef2    : c_andi s0, 18446744073709551600 : IntAlu :  D=0x0000000000000030
1663000: system.cpu: T0 : 0x1cef4    : beq a0, zero, 988          : IntAlu : 
1663500: system.cpu: T0 : 0x1cef8    : ld a4, -1376(gp)           : MemRead :  D=0x0000000000000080 A=0x70b48
1664000: system.cpu: T0 : 0x1cefc    : srliw s9, s0, 4            : IntAlu :  D=0x0000000000000003
1664500: system.cpu: T0 : 0x1cf00    : srliw a5, s0, 4            : IntAlu :  D=0x0000000000000003
1665000: system.cpu: T0 : 0x1cf04    : bgeu a4, s0, 506           : IntAlu : 
1665500: system.cpu: T0 : 0x1d0fe    : c_addiw a5, -2             : IntAlu :  D=0x0000000000000001
1666000: system.cpu: T0 : 0x1d100    : slli a2, a5, 32            : IntAlu :  D=0x0000000100000000
1666500: system.cpu: T0 : 0x1d104    : c_srli a2, 32              : IntAlu :  D=0x0000000000000001
1667000: system.cpu: T0 : 0x1d106    : c_addi a2, 2               : IntAlu :  D=0x0000000000000003
1667500: system.cpu: T0 : 0x1d108    : c_slli a2, 3               : IntAlu :  D=0x0000000000000018
1668000: system.cpu: T0 : 0x1d10a    : c_j -376                   : IntAlu : 
1668500: system.cpu: T0 : 0x1cf92    : c_slli a5, 32              : IntAlu :  D=0x0000000100000000
1669000: system.cpu: T0 : 0x1cf94    : c_srli a5, 29              : IntAlu :  D=0x0000000000000008
1669500: system.cpu: T0 : 0x1cf96    : c_add a5, s1               : IntAlu :  D=0x000000000006f650
1670000: system.cpu: T0 : 0x1cf98    : ld s2, 16(a5)              : MemRead :  D=0x0000000000000000 A=0x6f660
1670500: system.cpu: T0 : 0x1cf9c    : beq s2, zero, 170          : IntAlu : 
1671500: system.cpu: T0 : 0x1d046    : addiw a5, s9, -1           : IntAlu :  D=0x0000000000000002
1672500: system.cpu: T0 : 0x1d04a    : slliw a5, a5, 1            : IntAlu :  D=0x0000000000000004
1673000: system.cpu: T0 : 0x1d04e    : c_slli a5, 32              : IntAlu :  D=0x0000000400000000
1673500: system.cpu: T0 : 0x1d050    : c_srli a5, 32              : IntAlu :  D=0x0000000000000004
1674000: system.cpu: T0 : 0x1d052    : c_addi a5, 14              : IntAlu :  D=0x0000000000000012
1674500: system.cpu: T0 : 0x1d054    : c_slli a5, 3               : IntAlu :  D=0x0000000000000090
1675000: system.cpu: T0 : 0x1d056    : c_j -550                   : IntAlu : 
1675500: system.cpu: T0 : 0x1ce30    : c_add a5, s1               : IntAlu :  D=0x000000000006f6d8
1676500: system.cpu: T0 : 0x1ce32    : ld s2, 8(a5)               : MemRead :  D=0x000000000006f6c8 A=0x6f6e0
1677500: system.cpu: T0 : 0x1ce36    : addi a3, a5, -16           : IntAlu :  D=0x000000000006f6c8
1678500: system.cpu: T0 : 0x1ce3a    : beq a3, s2, 748            : IntAlu : 
1679500: system.cpu: T0 : 0x1d126    : srli t1, s0, 9             : IntAlu :  D=0x0000000000000000
1680500: system.cpu: T0 : 0x1d12a    : addiw a5, t1, 91           : IntAlu :  D=0x000000000000005b
1681500: system.cpu: T0 : 0x1d12e    : srli s10, s0, 6            : IntAlu :  D=0x0000000000000000
1682000: system.cpu: T0 : 0x1d132    : c_sdsp a5, 96(sp)          : MemWrite :  D=0x000000000000005b A=0x7ffffffffffffc30
1682500: system.cpu: T0 : 0x1d134    : addiw a5, s10, 48          : IntAlu :  D=0x0000000000000030
1683000: system.cpu: T0 : 0x1d138    : c_sdsp a5, 88(sp)          : MemWrite :  D=0x0000000000000030 A=0x7ffffffffffffc28
1684000: system.cpu: T0 : 0x1d13a    : addi a5, zero, 110         : IntAlu :  D=0x000000000000006e
1684500: system.cpu: T0 : 0x1d13e    : c_sdsp a5, 112(sp)         : MemWrite :  D=0x000000000000006e A=0x7ffffffffffffc40
1685000: system.cpu: T0 : 0x1d140    : addi a5, zero, 119         : IntAlu :  D=0x0000000000000077
1685500: system.cpu: T0 : 0x1d144    : c_sdsp a5, 104(sp)         : MemWrite :  D=0x0000000000000077 A=0x7ffffffffffffc38
1686500: system.cpu: T0 : 0x1d146    : addi a5, zero, 124         : IntAlu :  D=0x000000000000007c
1687000: system.cpu: T0 : 0x1d14a    : c_sdsp s9, 8(sp)           : MemWrite :  D=0x0000000000000003 A=0x7ffffffffffffbd8
1687500: system.cpu: T0 : 0x1d14c    : c_sdsp a5, 120(sp)         : MemWrite :  D=0x000000000000007c A=0x7ffffffffffffc48
1688000: system.cpu: T0 : 0x1d14e    : c_sdsp zero, 128(sp)       : MemWrite :  D=0x0000000000000000 A=0x7ffffffffffffc50
1688500: system.cpu: T0 : 0x1d150    : c_sdsp zero, 136(sp)       : MemWrite :  D=0x0000000000000000 A=0x7ffffffffffffc58
1689500: system.cpu: T0 : 0x1d152    : ld a5, 40(tp)              : MemRead :  D=0x0000000000073f90 A=0x73738
1690500: system.cpu: T0 : 0x1d156    : addi s6, s0, -17           : IntAlu :  D=0x000000000000001f
1691500: system.cpu: T0 : 0x1d15a    : srli s6, s6, 4             : IntAlu :  D=0x0000000000000001
1692000: system.cpu: T0 : 0x1d15e    : c_li s5, 0                 : IntAlu :  D=0x0000000000000000
1692500: system.cpu: T0 : 0x1d160    : c_beqz a5, 22              : IntAlu : 
1693500: system.cpu: T0 : 0x1d162    : lui a5, 111                : IntAlu :  D=0x000000000006f000
1694500: system.cpu: T0 : 0x1d166    : ld s5, 1576(a5)            : MemRead :  D=0x0000000000000040 A=0x6f628
1695500: system.cpu: T0 : 0x1d16a    : sltu s5, s6, s5            : IntAlu :  D=0x0000000000000001
1696500: system.cpu: T0 : 0x1d16e    : sub s5, zero, s5           : IntAlu :  D=0xffffffffffffffff
1697500: system.cpu: T0 : 0x1d172    : and s5, s0, s5             : IntAlu :  D=0x0000000000000030
1698500: system.cpu: T0 : 0x1d176    : lui a5, 111                : IntAlu :  D=0x000000000006f000
1699000: system.cpu: T0 : 0x1d17a    : c_lui s11, 1               : IntAlu :  D=0x0000000000001000
1699500: system.cpu: T0 : 0x1d17c    : lui s7, 111                : IntAlu :  D=0x000000000006f000
1700000: system.cpu: T0 : 0x1d180    : addi a5, a5, 1608          : IntAlu :  D=0x000000000006f648
1700500: system.cpu: T0 : 0x1d184    : addi s8, s1, 96            : IntAlu :  D=0x000000000006f6a8
1701000: system.cpu: T0 : 0x1d188    : c_li t5, 0                 : IntAlu :  D=0x0000000000000000
1702000: system.cpu: T0 : 0x1d18a    : addi s7, s7, 1496          : IntAlu :  D=0x000000000006f5d8
1703000: system.cpu: T0 : 0x1d18e    : add a7, s1, s11            : IntAlu :  D=0x0000000000070648
1703500: system.cpu: T0 : 0x1d192    : c_sdsp a5, 56(sp)          : MemWrite :  D=0x000000000006f648 A=0x7ffffffffffffc08
1704000: system.cpu: T0 : 0x1d194    : c_ld a5, 120(s1)           : MemRead :  D=0x000000000006f6a8 A=0x6f6c0
1705000: system.cpu: T0 : 0x1d196    : beq a5, s8, 532            : IntAlu : 
1706000: system.cpu: T0 : 0x1d3aa    : addi a5, zero, 1023        : IntAlu :  D=0x00000000000003ff
1707000: system.cpu: T0 : 0x1d3ae    : bgeu a5, s0, 38            : IntAlu : 
1707500: system.cpu: T0 : 0x1d3d4    : c_ldsp a3, 8(sp)           : MemRead :  D=0x0000000000000003 A=0x7ffffffffffffbd8
1708000: system.cpu: T0 : 0x1d3d6    : c_li a0, 4                 : IntAlu :  D=0x0000000000000004
1708500: system.cpu: T0 : 0x1d3d8    : addiw a5, a3, 1            : IntAlu :  D=0x0000000000000004
1709000: system.cpu: T0 : 0x1d3dc    : srliw a4, a5, 5            : IntAlu :  D=0x0000000000000000
1709500: system.cpu: T0 : 0x1d3e0    : slliw a3, a3, 1            : IntAlu :  D=0x0000000000000006
1710000: system.cpu: T0 : 0x1d3e4    : addi a4, a4, 536           : IntAlu :  D=0x0000000000000218
1710500: system.cpu: T0 : 0x1d3e8    : c_slli a3, 32              : IntAlu :  D=0x0000000600000000
1711000: system.cpu: T0 : 0x1d3ea    : c_slli a4, 2               : IntAlu :  D=0x0000000000000860
1711500: system.cpu: T0 : 0x1d3ec    : c_srli a3, 32              : IntAlu :  D=0x0000000000000006
1712000: system.cpu: T0 : 0x1d3ee    : c_add a4, s1               : IntAlu :  D=0x000000000006fea8
1712500: system.cpu: T0 : 0x1d3f0    : c_slli a3, 3               : IntAlu :  D=0x0000000000000030
1713000: system.cpu: T0 : 0x1d3f2    : c_lw a2, 0(a4)             : MemRead :  D=0x0000000000000000 A=0x6fea8
1713500: system.cpu: T0 : 0x1d3f4    : addi a3, a3, 96            : IntAlu :  D=0x0000000000000090
1714000: system.cpu: T0 : 0x1d3f8    : c_li a4, 1                 : IntAlu :  D=0x0000000000000001
1715000: system.cpu: T0 : 0x1d3fa    : srliw s2, a5, 5            : IntAlu :  D=0x0000000000000000
1715500: system.cpu: T0 : 0x1d3fe    : c_add a3, s1               : IntAlu :  D=0x000000000006f6d8
1716000: system.cpu: T0 : 0x1d400    : sllw a5, a4, a5            : IntAlu :  D=0x0000000000000010
1716500: system.cpu: T0 : 0x1d404    : bltu a2, a5, 144           : IntAlu : 
1717000: system.cpu: T0 : 0x1d494    : addiw a5, s2, 1            : IntAlu :  D=0x0000000000000001
1717500: system.cpu: T0 : 0x1d498    : addiw s2, a5, 0            : IntAlu :  D=0x0000000000000001
1718000: system.cpu: T0 : 0x1d49c    : bne s2, a0, -26            : IntAlu : 
1718500: system.cpu: T0 : 0x1d482    : c_slli a5, 32              : IntAlu :  D=0x0000000100000000
1719000: system.cpu: T0 : 0x1d484    : c_srli a5, 32              : IntAlu :  D=0x0000000000000001
1720000: system.cpu: T0 : 0x1d486    : addi a5, a5, 536           : IntAlu :  D=0x0000000000000219
1720500: system.cpu: T0 : 0x1d48a    : c_slli a5, 2               : IntAlu :  D=0x0000000000000864
1721000: system.cpu: T0 : 0x1d48c    : c_add a5, s1               : IntAlu :  D=0x000000000006feac
1721500: system.cpu: T0 : 0x1d48e    : c_lw a2, 0(a5)             : MemRead :  D=0x0000000000000000 A=0x6feac
1722000: system.cpu: T0 : 0x1d490    : bne a2, zero, 384          : IntAlu : 
1722500: system.cpu: T0 : 0x1d494    : addiw a5, s2, 1            : IntAlu :  D=0x0000000000000002
1723000: system.cpu: T0 : 0x1d498    : addiw s2, a5, 0            : IntAlu :  D=0x0000000000000002
1723500: system.cpu: T0 : 0x1d49c    : bne s2, a0, -26            : IntAlu : 
1724000: system.cpu: T0 : 0x1d482    : c_slli a5, 32              : IntAlu :  D=0x0000000200000000
1724500: system.cpu: T0 : 0x1d484    : c_srli a5, 32              : IntAlu :  D=0x0000000000000002
1725500: system.cpu: T0 : 0x1d486    : addi a5, a5, 536           : IntAlu :  D=0x000000000000021a
1726000: system.cpu: T0 : 0x1d48a    : c_slli a5, 2               : IntAlu :  D=0x0000000000000868
1726500: system.cpu: T0 : 0x1d48c    : c_add a5, s1               : IntAlu :  D=0x000000000006feb0
1727000: system.cpu: T0 : 0x1d48e    : c_lw a2, 0(a5)             : MemRead :  D=0x0000000000000000 A=0x6feb0
1727500: system.cpu: T0 : 0x1d490    : bne a2, zero, 384          : IntAlu : 
1728000: system.cpu: T0 : 0x1d494    : addiw a5, s2, 1            : IntAlu :  D=0x0000000000000003
1728500: system.cpu: T0 : 0x1d498    : addiw s2, a5, 0            : IntAlu :  D=0x0000000000000003
1729000: system.cpu: T0 : 0x1d49c    : bne s2, a0, -26            : IntAlu : 
1729500: system.cpu: T0 : 0x1d482    : c_slli a5, 32              : IntAlu :  D=0x0000000300000000
1730000: system.cpu: T0 : 0x1d484    : c_srli a5, 32              : IntAlu :  D=0x0000000000000003
1731000: system.cpu: T0 : 0x1d486    : addi a5, a5, 536           : IntAlu :  D=0x000000000000021b
1731500: system.cpu: T0 : 0x1d48a    : c_slli a5, 2               : IntAlu :  D=0x000000000000086c
1732000: system.cpu: T0 : 0x1d48c    : c_add a5, s1               : IntAlu :  D=0x000000000006feb4
1732500: system.cpu: T0 : 0x1d48e    : c_lw a2, 0(a5)             : MemRead :  D=0x0000000000000000 A=0x6feb4
1733000: system.cpu: T0 : 0x1d490    : bne a2, zero, 384          : IntAlu : 
1733500: system.cpu: T0 : 0x1d494    : addiw a5, s2, 1            : IntAlu :  D=0x0000000000000004
1734000: system.cpu: T0 : 0x1d498    : addiw s2, a5, 0            : IntAlu :  D=0x0000000000000004
1734500: system.cpu: T0 : 0x1d49c    : bne s2, a0, -26            : IntAlu : 
1735000: system.cpu: T0 : 0x1d4a0    : c_ld a4, 96(s1)            : MemRead :  D=0x0000000000074240 A=0x6f6a8
1736000: system.cpu: T0 : 0x1d4a2    : ld a3, -1912(a7)           : MemRead :  D=0x0000000000021080 A=0x6fed0
1736500: system.cpu: T0 : 0x1d4a6    : c_ld a5, 8(a4)             : MemRead :  D=0x0000000000020dc1 A=0x74248
1737000: system.cpu: T0 : 0x1d4a8    : c_andi a5, 18446744073709551608 : IntAlu :  D=0x0000000000020dc0
1738000: system.cpu: T0 : 0x1d4aa    : bltu a3, a5, 548           : IntAlu : 
1739000: system.cpu: T0 : 0x1d4ae    : addi a3, s0, 32            : IntAlu :  D=0x0000000000000050
1740000: system.cpu: T0 : 0x1d4b2    : bgeu a5, a3, 640           : IntAlu : 
1741000: system.cpu: T0 : 0x1d732    : add a0, a4, s0             : IntAlu :  D=0x0000000000074270
1742000: system.cpu: T0 : 0x1d736    : lui a2, 111                : IntAlu :  D=0x000000000006f000
1742500: system.cpu: T0 : 0x1d73a    : c_sd a0, 96(s1)            : MemWrite :  D=0x0000000000074270 A=0x6f6a8
1743000: system.cpu: T0 : 0x1d73c    : addi a2, a2, 1608          : IntAlu :  D=0x000000000006f648
1743500: system.cpu: T0 : 0x1d740    : c_sub a5, s0               : IntAlu :  D=0x0000000000020d90
1744000: system.cpu: T0 : 0x1d742    : c_li a3, 4                 : IntAlu :  D=0x0000000000000004
1744500: system.cpu: T0 : 0x1d744    : beq s1, a2, 116            : IntAlu : 
1745000: system.cpu: T0 : 0x1d7b8    : c_li a3, 0                 : IntAlu :  D=0x0000000000000000
1745500: system.cpu: T0 : 0x1d7ba    : c_j -114                   : IntAlu : 
1746000: system.cpu: T0 : 0x1d748    : c_or a3, s0                : IntAlu :  D=0x0000000000000030
1747000: system.cpu: T0 : 0x1d74a    : ori a3, a3, 1              : IntAlu :  D=0x0000000000000031
1748000: system.cpu: T0 : 0x1d74e    : lw a1, -1396(gp)           : MemRead :  D=0x0000000000000000 A=0x70b34
1748500: system.cpu: T0 : 0x1d752    : c_sd a3, 8(a4)             : MemWrite :  D=0x0000000000000031 A=0x74248
1749000: system.cpu: T0 : 0x1d754    : ori a5, a5, 1              : IntAlu :  D=0x0000000000020d91
1749500: system.cpu: T0 : 0x1d758    : c_sd a5, 8(a0)             : MemWrite :  D=0x0000000000020d91 A=0x74278
1750500: system.cpu: T0 : 0x1d75a    : addi s2, a4, 16            : IntAlu :  D=0x0000000000074250
1751500: system.cpu: T0 : 0x1d75e    : beq a1, zero, -1664        : IntAlu : 
1752000: system.cpu: T0 : 0x1d0de    : c_ldsp ra, 248(sp)         : MemRead :  D=0x000000000001e264 A=0x7ffffffffffffcc8
1752500: system.cpu: T0 : 0x1d0e0    : c_ldsp s0, 240(sp)         : MemRead :  D=0x0000000000000028 A=0x7ffffffffffffcc0
1753000: system.cpu: T0 : 0x1d0e2    : c_ldsp s1, 232(sp)         : MemRead :  D=0x000000000006f000 A=0x7ffffffffffffcb8
1753500: system.cpu: T0 : 0x1d0e4    : c_ldsp s3, 216(sp)         : MemRead :  D=0x000000000006efc0 A=0x7ffffffffffffca8
1754000: system.cpu: T0 : 0x1d0e6    : c_ldsp s4, 208(sp)         : MemRead :  D=0x0000000000070000 A=0x7ffffffffffffca0
1754500: system.cpu: T0 : 0x1d0e8    : c_ldsp s5, 200(sp)         : MemRead :  D=0x0000000000072000 A=0x7ffffffffffffc98
1755000: system.cpu: T0 : 0x1d0ea    : c_ldsp s6, 192(sp)         : MemRead :  D=0x0000000000072000 A=0x7ffffffffffffc90
1755500: system.cpu: T0 : 0x1d0ec    : c_ldsp s7, 184(sp)         : MemRead :  D=0x0000000000000000 A=0x7ffffffffffffc88
1756000: system.cpu: T0 : 0x1d0ee    : c_ldsp s8, 176(sp)         : MemRead :  D=0x0000000000000000 A=0x7ffffffffffffc80
1756500: system.cpu: T0 : 0x1d0f0    : c_ldsp s9, 168(sp)         : MemRead :  D=0x0000000000000000 A=0x7ffffffffffffc78
1757000: system.cpu: T0 : 0x1d0f2    : c_ldsp s10, 160(sp)        : MemRead :  D=0x0000000000000000 A=0x7ffffffffffffc70
1757500: system.cpu: T0 : 0x1d0f4    : c_ldsp s11, 152(sp)        : MemRead :  D=0x0000000000000000 A=0x7ffffffffffffc68
1758000: system.cpu: T0 : 0x1d0f6    : c_mv a0, s2                : IntAlu :  D=0x0000000000074250
1758500: system.cpu: T0 : 0x1d0f8    : c_ldsp s2, 224(sp)         : MemRead :  D=0x0000000000000000 A=0x7ffffffffffffcb0
1759000: system.cpu: T0 : 0x1d0fa    : c_addi16sp sp, 256         : IntAlu :  D=0x7ffffffffffffcd0
1759500: system.cpu: T0 : 0x1d0fc    : c_jr ra                    : IntAlu : 
1760000: system.cpu: T0 : 0x1e264    : c_mv a5, a0                : IntAlu :  D=0x0000000000074250
1760500: system.cpu: T0 : 0x1e266    : c_beqz a0, 150             : IntAlu : 
1761000: system.cpu: T0 : 0x1e268    : ld a4, -8(a0)              : MemRead :  D=0x0000000000000031 A=0x74248
1761500: system.cpu: T0 : 0x1e26c    : andi a3, a4, 2             : IntAlu :  D=0x0000000000000000
1762000: system.cpu: T0 : 0x1e270    : c_bnez a3, 26              : IntAlu : 
1762500: system.cpu: T0 : 0x1e272    : c_andi a4, 4               : IntAlu :  D=0x0000000000000000
1763000: system.cpu: T0 : 0x1e274    : c_beqz a4, 22              : IntAlu : 
1763500: system.cpu: T0 : 0x1e28a    : c_ldsp ra, 24(sp)          : MemRead :  D=0x000000000003b836 A=0x7ffffffffffffce8
1764000: system.cpu: T0 : 0x1e28c    : c_ldsp s0, 16(sp)          : MemRead :  D=0x7ffffffffffffd30 A=0x7ffffffffffffce0
1764500: system.cpu: T0 : 0x1e28e    : c_ldsp s1, 8(sp)           : MemRead :  D=0x000000000006fee0 A=0x7ffffffffffffcd8
1765000: system.cpu: T0 : 0x1e290    : c_ldsp s2, 0(sp)           : MemRead :  D=0x0000000000000000 A=0x7ffffffffffffcd0
1765500: system.cpu: T0 : 0x1e292    : c_mv a0, a5                : IntAlu :  D=0x0000000000074250
1766000: system.cpu: T0 : 0x1e294    : c_addi16sp sp, 32          : IntAlu :  D=0x7ffffffffffffcf0
1766500: system.cpu: T0 : 0x1e296    : c_jr ra                    : IntAlu : 
1767500: system.cpu: T0 : 0x3b836    : sd a0, 32(s3)              : MemWrite :  D=0x0000000000074250 A=0x6efe0
1768500: system.cpu: T0 : 0x3b83a    : beq a0, zero, 382          : IntAlu : 
1769500: system.cpu: T0 : 0x3b83e    : ld s1, 16(s3)              : MemRead :  D=0x0000000000000002 A=0x6efd0
1770500: system.cpu: T0 : 0x3b842    : addi a7, zero, 40          : IntAlu :  D=0x0000000000000028
1771000: system.cpu: T0 : 0x3b846    : c_mv s5, a0                : IntAlu :  D=0x0000000000074250
1771500: system.cpu: T0 : 0x3b848    : slli s4, s1, 2             : IntAlu :  D=0x0000000000000008
1772000: system.cpu: T0 : 0x3b84c    : addi s4, s4, 79            : IntAlu :  D=0x0000000000000057
1772500: system.cpu: T0 : 0x3b850    : divu s4, s4, a7            : IntDiv :  D=0x0000000000000002
1773000: system.cpu: T0 : 0x3b854    : slli a7, s4, 2             : IntAlu :  D=0x0000000000000008
1773500: system.cpu: T0 : 0x3b858    : c_add s4, a7               : IntAlu :  D=0x000000000000000a
1774500: system.cpu: T0 : 0x3b85a    : slli a0, s4, 5             : IntAlu :  D=0x0000000000000140
1775500: system.cpu: T0 : 0x3b85e    : jal ra, -120388            : IntAlu :  D=0x000000000003b862
1776500: system.cpu: T0 : 0x1e21a    : ld t1, -1848(gp)           : MemRead :  D=0x0000000000000000 A=0x70970
1777500: system.cpu: T0 : 0x1e21e    : bne t1, zero, 260          : IntAlu : 
1778000: system.cpu: T0 : 0x1e222    : c_addi sp, -32             : IntAlu :  D=0x7ffffffffffffcd0
1778500: system.cpu: T0 : 0x1e224    : c_sdsp s0, 16(sp)          : MemWrite :  D=0x7ffffffffffffd30 A=0x7ffffffffffffce0
1779000: system.cpu: T0 : 0x1e226    : c_sdsp ra, 24(sp)          : MemWrite :  D=0x000000000003b862 A=0x7ffffffffffffce8
1779500: system.cpu: T0 : 0x1e228    : c_sdsp s1, 8(sp)           : MemWrite :  D=0x0000000000000002 A=0x7ffffffffffffcd8
1780000: system.cpu: T0 : 0x1e22a    : c_sdsp s2, 0(sp)           : MemWrite :  D=0x0000000000000000 A=0x7ffffffffffffcd0
1780500: system.cpu: T0 : 0x1e22c    : c_mv s0, a0                : IntAlu :  D=0x0000000000000140
1781500: system.cpu: T0 : 0x1e22e    : blt a0, zero, 222          : IntAlu : 
1782500: system.cpu: T0 : 0x1e232    : addi a5, a0, 23            : IntAlu :  D=0x0000000000000157
1783000: system.cpu: T0 : 0x1e236    : c_li a4, 31                : IntAlu :  D=0x000000000000001f
1783500: system.cpu: T0 : 0x1e238    : c_li s1, 0                 : IntAlu :  D=0x0000000000000000
1784500: system.cpu: T0 : 0x1e23a    : bltu a4, a5, 94            : IntAlu : 
1785000: system.cpu: T0 : 0x1e298    : c_andi a5, 18446744073709551600 : IntAlu :  D=0x0000000000000150
1785500: system.cpu: T0 : 0x1e29a    : c_addi a5, -17             : IntAlu :  D=0x000000000000013f
1786000: system.cpu: T0 : 0x1e29c    : srli s1, a5, 4             : IntAlu :  D=0x0000000000000013
1786500: system.cpu: T0 : 0x1e2a0    : c_j -98                    : IntAlu : 
1787500: system.cpu: T0 : 0x1e23e    : ld a4, 40(tp)              : MemRead :  D=0x0000000000073f90 A=0x73738
1788000: system.cpu: T0 : 0x1e242    : c_beqz a4, 96              : IntAlu : 
1788500: system.cpu: T0 : 0x1e244    : lui a5, 111                : IntAlu :  D=0x000000000006f000
1789000: system.cpu: T0 : 0x1e248    : ld a5, 1576(a5)            : MemRead :  D=0x0000000000000040 A=0x6f628
1789500: system.cpu: T0 : 0x1e24c    : bltu s1, a5, 114           : IntAlu : 
1790500: system.cpu: T0 : 0x1e2be    : slli a3, s1, 1             : IntAlu :  D=0x0000000000000026
1791000: system.cpu: T0 : 0x1e2c2    : c_add a3, a4               : IntAlu :  D=0x0000000000073fb6
1791500: system.cpu: T0 : 0x1e2c4    : lhu a2, 0(a3)              : MemRead :  D=0x0000000000000000 A=0x73fb6
1792000: system.cpu: T0 : 0x1e2c8    : c_beqz a2, -120            : IntAlu : 
1792500: system.cpu: T0 : 0x1e250    : lw a5, -1808(tp)           : MemRead :  D=0x0000000000000000 A=0x73000
1793000: system.cpu: T0 : 0x1e254    : c_bnez a5, 210             : IntAlu : 
1794000: system.cpu: T0 : 0x1e256    : lui s1, 111                : IntAlu :  D=0x000000000006f000
1794500: system.cpu: T0 : 0x1e25a    : c_mv a1, s0                : IntAlu :  D=0x0000000000000140
1795000: system.cpu: T0 : 0x1e25c    : addi a0, s1, 1608          : IntAlu :  D=0x000000000006f648
1795500: system.cpu: T0 : 0x1e260    : jal ra, -5236              : IntAlu :  D=0x000000000001e264
1796000: system.cpu: T0 : 0x1cdec    : c_addi16sp sp, -256        : IntAlu :  D=0x7ffffffffffffbd0
1796500: system.cpu: T0 : 0x1cdee    : c_sdsp ra, 248(sp)         : MemWrite :  D=0x000000000001e264 A=0x7ffffffffffffcc8
1797000: system.cpu: T0 : 0x1cdf0    : c_sdsp s0, 240(sp)         : MemWrite :  D=0x0000000000000140 A=0x7ffffffffffffcc0
1797500: system.cpu: T0 : 0x1cdf2    : c_sdsp s1, 232(sp)         : MemWrite :  D=0x000000000006f000 A=0x7ffffffffffffcb8
1798000: system.cpu: T0 : 0x1cdf4    : c_sdsp s2, 224(sp)         : MemWrite :  D=0x0000000000000000 A=0x7ffffffffffffcb0
1798500: system.cpu: T0 : 0x1cdf6    : c_sdsp s3, 216(sp)         : MemWrite :  D=0x000000000006efc0 A=0x7ffffffffffffca8
1799000: system.cpu: T0 : 0x1cdf8    : c_sdsp s4, 208(sp)         : MemWrite :  D=0x000000000000000a A=0x7ffffffffffffca0
1799500: system.cpu: T0 : 0x1cdfa    : c_sdsp s5, 200(sp)         : MemWrite :  D=0x0000000000074250 A=0x7ffffffffffffc98
1800000: system.cpu: T0 : 0x1cdfc    : c_sdsp s6, 192(sp)         : MemWrite :  D=0x0000000000072000 A=0x7ffffffffffffc90
1800500: system.cpu: T0 : 0x1cdfe    : c_sdsp s7, 184(sp)         : MemWrite :  D=0x0000000000000000 A=0x7ffffffffffffc88
1801000: system.cpu: T0 : 0x1ce00    : c_sdsp s8, 176(sp)         : MemWrite :  D=0x0000000000000000 A=0x7ffffffffffffc80
1801500: system.cpu: T0 : 0x1ce02    : c_sdsp s9, 168(sp)         : MemWrite :  D=0x0000000000000000 A=0x7ffffffffffffc78
1802000: system.cpu: T0 : 0x1ce04    : c_sdsp s10, 160(sp)        : MemWrite :  D=0x0000000000000000 A=0x7ffffffffffffc70
1802500: system.cpu: T0 : 0x1ce06    : c_sdsp s11, 152(sp)        : MemWrite :  D=0x0000000000000000 A=0x7ffffffffffffc68
1803000: system.cpu: T0 : 0x1ce08    : blt a1, zero, 1198         : IntAlu : 
1803500: system.cpu: T0 : 0x1ce0c    : addi s0, a1, 23            : IntAlu :  D=0x0000000000000157
1804000: system.cpu: T0 : 0x1ce10    : c_li a5, 31                : IntAlu :  D=0x000000000000001f
1804500: system.cpu: T0 : 0x1ce12    : c_mv s3, a1                : IntAlu :  D=0x0000000000000140
1805000: system.cpu: T0 : 0x1ce14    : c_mv s1, a0                : IntAlu :  D=0x000000000006f648
1806000: system.cpu: T0 : 0x1ce16    : bltu a5, s0, 220           : IntAlu : 
1806500: system.cpu: T0 : 0x1cef2    : c_andi s0, 18446744073709551600 : IntAlu :  D=0x0000000000000150
1807000: system.cpu: T0 : 0x1cef4    : beq a0, zero, 988          : IntAlu : 
1807500: system.cpu: T0 : 0x1cef8    : ld a4, -1376(gp)           : MemRead :  D=0x0000000000000080 A=0x70b48
1808000: system.cpu: T0 : 0x1cefc    : srliw s9, s0, 4            : IntAlu :  D=0x0000000000000015
1808500: system.cpu: T0 : 0x1cf00    : srliw a5, s0, 4            : IntAlu :  D=0x0000000000000015
1809000: system.cpu: T0 : 0x1cf04    : bgeu a4, s0, 506           : IntAlu : 
1809500: system.cpu: T0 : 0x1cf08    : addi a4, zero, 1023        : IntAlu :  D=0x00000000000003ff
1810000: system.cpu: T0 : 0x1cf0c    : bgeu a4, s0, 1722          : IntAlu : 
1810500: system.cpu: T0 : 0x1d5c6    : c_addiw a5, -1             : IntAlu :  D=0x0000000000000014
1811000: system.cpu: T0 : 0x1d5c8    : c_j -1406                  : IntAlu : 
1812000: system.cpu: T0 : 0x1d04a    : slliw a5, a5, 1            : IntAlu :  D=0x0000000000000028
1812500: system.cpu: T0 : 0x1d04e    : c_slli a5, 32              : IntAlu :  D=0x0000002800000000
1813000: system.cpu: T0 : 0x1d050    : c_srli a5, 32              : IntAlu :  D=0x0000000000000028
1813500: system.cpu: T0 : 0x1d052    : c_addi a5, 14              : IntAlu :  D=0x0000000000000036
1814000: system.cpu: T0 : 0x1d054    : c_slli a5, 3               : IntAlu :  D=0x00000000000001b0
1814500: system.cpu: T0 : 0x1d056    : c_j -550                   : IntAlu : 
1815000: system.cpu: T0 : 0x1ce30    : c_add a5, s1               : IntAlu :  D=0x000000000006f7f8
1816000: system.cpu: T0 : 0x1ce32    : ld s2, 8(a5)               : MemRead :  D=0x000000000006f7e8 A=0x6f800
1817000: system.cpu: T0 : 0x1ce36    : addi a3, a5, -16           : IntAlu :  D=0x000000000006f7e8
1818000: system.cpu: T0 : 0x1ce3a    : beq a3, s2, 748            : IntAlu : 
1819000: system.cpu: T0 : 0x1d126    : srli t1, s0, 9             : IntAlu :  D=0x0000000000000000
1820000: system.cpu: T0 : 0x1d12a    : addiw a5, t1, 91           : IntAlu :  D=0x000000000000005b
1821000: system.cpu: T0 : 0x1d12e    : srli s10, s0, 6            : IntAlu :  D=0x0000000000000005
1821500: system.cpu: T0 : 0x1d132    : c_sdsp a5, 96(sp)          : MemWrite :  D=0x000000000000005b A=0x7ffffffffffffc30
1822000: system.cpu: T0 : 0x1d134    : addiw a5, s10, 48          : IntAlu :  D=0x0000000000000035
1822500: system.cpu: T0 : 0x1d138    : c_sdsp a5, 88(sp)          : MemWrite :  D=0x0000000000000035 A=0x7ffffffffffffc28
1823500: system.cpu: T0 : 0x1d13a    : addi a5, zero, 110         : IntAlu :  D=0x000000000000006e
1824000: system.cpu: T0 : 0x1d13e    : c_sdsp a5, 112(sp)         : MemWrite :  D=0x000000000000006e A=0x7ffffffffffffc40
1824500: system.cpu: T0 : 0x1d140    : addi a5, zero, 119         : IntAlu :  D=0x0000000000000077
1825000: system.cpu: T0 : 0x1d144    : c_sdsp a5, 104(sp)         : MemWrite :  D=0x0000000000000077 A=0x7ffffffffffffc38
1826000: system.cpu: T0 : 0x1d146    : addi a5, zero, 124         : IntAlu :  D=0x000000000000007c
1826500: system.cpu: T0 : 0x1d14a    : c_sdsp s9, 8(sp)           : MemWrite :  D=0x0000000000000015 A=0x7ffffffffffffbd8
1827000: system.cpu: T0 : 0x1d14c    : c_sdsp a5, 120(sp)         : MemWrite :  D=0x000000000000007c A=0x7ffffffffffffc48
1827500: system.cpu: T0 : 0x1d14e    : c_sdsp zero, 128(sp)       : MemWrite :  D=0x0000000000000000 A=0x7ffffffffffffc50
1828000: system.cpu: T0 : 0x1d150    : c_sdsp zero, 136(sp)       : MemWrite :  D=0x0000000000000000 A=0x7ffffffffffffc58
1829000: system.cpu: T0 : 0x1d152    : ld a5, 40(tp)              : MemRead :  D=0x0000000000073f90 A=0x73738
1830000: system.cpu: T0 : 0x1d156    : addi s6, s0, -17           : IntAlu :  D=0x000000000000013f
1831000: system.cpu: T0 : 0x1d15a    : srli s6, s6, 4             : IntAlu :  D=0x0000000000000013
1831500: system.cpu: T0 : 0x1d15e    : c_li s5, 0                 : IntAlu :  D=0x0000000000000000
1832000: system.cpu: T0 : 0x1d160    : c_beqz a5, 22              : IntAlu : 
1833000: system.cpu: T0 : 0x1d162    : lui a5, 111                : IntAlu :  D=0x000000000006f000
1834000: system.cpu: T0 : 0x1d166    : ld s5, 1576(a5)            : MemRead :  D=0x0000000000000040 A=0x6f628
1835000: system.cpu: T0 : 0x1d16a    : sltu s5, s6, s5            : IntAlu :  D=0x0000000000000001
1836000: system.cpu: T0 : 0x1d16e    : sub s5, zero, s5           : IntAlu :  D=0xffffffffffffffff
1837000: system.cpu: T0 : 0x1d172    : and s5, s0, s5             : IntAlu :  D=0x0000000000000150
1838000: system.cpu: T0 : 0x1d176    : lui a5, 111                : IntAlu :  D=0x000000000006f000
1838500: system.cpu: T0 : 0x1d17a    : c_lui s11, 1               : IntAlu :  D=0x0000000000001000
1839000: system.cpu: T0 : 0x1d17c    : lui s7, 111                : IntAlu :  D=0x000000000006f000
1839500: system.cpu: T0 : 0x1d180    : addi a5, a5, 1608          : IntAlu :  D=0x000000000006f648
1840000: system.cpu: T0 : 0x1d184    : addi s8, s1, 96            : IntAlu :  D=0x000000000006f6a8
1840500: system.cpu: T0 : 0x1d188    : c_li t5, 0                 : IntAlu :  D=0x0000000000000000
1841500: system.cpu: T0 : 0x1d18a    : addi s7, s7, 1496          : IntAlu :  D=0x000000000006f5d8
1842500: system.cpu: T0 : 0x1d18e    : add a7, s1, s11            : IntAlu :  D=0x0000000000070648
1843000: system.cpu: T0 : 0x1d192    : c_sdsp a5, 56(sp)          : MemWrite :  D=0x000000000006f648 A=0x7ffffffffffffc08
1843500: system.cpu: T0 : 0x1d194    : c_ld a5, 120(s1)           : MemRead :  D=0x000000000006f6a8 A=0x6f6c0
1844500: system.cpu: T0 : 0x1d196    : beq a5, s8, 532            : IntAlu : 
1845500: system.cpu: T0 : 0x1d3aa    : addi a5, zero, 1023        : IntAlu :  D=0x00000000000003ff
1846500: system.cpu: T0 : 0x1d3ae    : bgeu a5, s0, 38            : IntAlu : 
1847000: system.cpu: T0 : 0x1d3d4    : c_ldsp a3, 8(sp)           : MemRead :  D=0x0000000000000015 A=0x7ffffffffffffbd8
1847500: system.cpu: T0 : 0x1d3d6    : c_li a0, 4                 : IntAlu :  D=0x0000000000000004
1848000: system.cpu: T0 : 0x1d3d8    : addiw a5, a3, 1            : IntAlu :  D=0x0000000000000016
1848500: system.cpu: T0 : 0x1d3dc    : srliw a4, a5, 5            : IntAlu :  D=0x0000000000000000
1849000: system.cpu: T0 : 0x1d3e0    : slliw a3, a3, 1            : IntAlu :  D=0x000000000000002a
1849500: system.cpu: T0 : 0x1d3e4    : addi a4, a4, 536           : IntAlu :  D=0x0000000000000218
1850000: system.cpu: T0 : 0x1d3e8    : c_slli a3, 32              : IntAlu :  D=0x0000002a00000000
1850500: system.cpu: T0 : 0x1d3ea    : c_slli a4, 2               : IntAlu :  D=0x0000000000000860
1851000: system.cpu: T0 : 0x1d3ec    : c_srli a3, 32              : IntAlu :  D=0x000000000000002a
1851500: system.cpu: T0 : 0x1d3ee    : c_add a4, s1               : IntAlu :  D=0x000000000006fea8
1852000: system.cpu: T0 : 0x1d3f0    : c_slli a3, 3               : IntAlu :  D=0x0000000000000150
1852500: system.cpu: T0 : 0x1d3f2    : c_lw a2, 0(a4)             : MemRead :  D=0x0000000000000000 A=0x6fea8
1853000: system.cpu: T0 : 0x1d3f4    : addi a3, a3, 96            : IntAlu :  D=0x00000000000001b0
1853500: system.cpu: T0 : 0x1d3f8    : c_li a4, 1                 : IntAlu :  D=0x0000000000000001
1854500: system.cpu: T0 : 0x1d3fa    : srliw s2, a5, 5            : IntAlu :  D=0x0000000000000000
1855000: system.cpu: T0 : 0x1d3fe    : c_add a3, s1               : IntAlu :  D=0x000000000006f7f8
1855500: system.cpu: T0 : 0x1d400    : sllw a5, a4, a5            : IntAlu :  D=0x0000000000400000
1856000: system.cpu: T0 : 0x1d404    : bltu a2, a5, 144           : IntAlu : 
1856500: system.cpu: T0 : 0x1d494    : addiw a5, s2, 1            : IntAlu :  D=0x0000000000000001
1857000: system.cpu: T0 : 0x1d498    : addiw s2, a5, 0            : IntAlu :  D=0x0000000000000001
1857500: system.cpu: T0 : 0x1d49c    : bne s2, a0, -26            : IntAlu : 
1858000: system.cpu: T0 : 0x1d482    : c_slli a5, 32              : IntAlu :  D=0x0000000100000000
1858500: system.cpu: T0 : 0x1d484    : c_srli a5, 32              : IntAlu :  D=0x0000000000000001
1859500: system.cpu: T0 : 0x1d486    : addi a5, a5, 536           : IntAlu :  D=0x0000000000000219
1860000: system.cpu: T0 : 0x1d48a    : c_slli a5, 2               : IntAlu :  D=0x0000000000000864
1860500: system.cpu: T0 : 0x1d48c    : c_add a5, s1               : IntAlu :  D=0x000000000006feac
1861000: system.cpu: T0 : 0x1d48e    : c_lw a2, 0(a5)             : MemRead :  D=0x0000000000000000 A=0x6feac
1861500: system.cpu: T0 : 0x1d490    : bne a2, zero, 384          : IntAlu : 
1862000: system.cpu: T0 : 0x1d494    : addiw a5, s2, 1            : IntAlu :  D=0x0000000000000002
1862500: system.cpu: T0 : 0x1d498    : addiw s2, a5, 0            : IntAlu :  D=0x0000000000000002
1863000: system.cpu: T0 : 0x1d49c    : bne s2, a0, -26            : IntAlu : 
1863500: system.cpu: T0 : 0x1d482    : c_slli a5, 32              : IntAlu :  D=0x0000000200000000
1864000: system.cpu: T0 : 0x1d484    : c_srli a5, 32              : IntAlu :  D=0x0000000000000002
1865000: system.cpu: T0 : 0x1d486    : addi a5, a5, 536           : IntAlu :  D=0x000000000000021a
1865500: system.cpu: T0 : 0x1d48a    : c_slli a5, 2               : IntAlu :  D=0x0000000000000868
1866000: system.cpu: T0 : 0x1d48c    : c_add a5, s1               : IntAlu :  D=0x000000000006feb0
1866500: system.cpu: T0 : 0x1d48e    : c_lw a2, 0(a5)             : MemRead :  D=0x0000000000000000 A=0x6feb0
1867000: system.cpu: T0 : 0x1d490    : bne a2, zero, 384          : IntAlu : 
1867500: system.cpu: T0 : 0x1d494    : addiw a5, s2, 1            : IntAlu :  D=0x0000000000000003
1868000: system.cpu: T0 : 0x1d498    : addiw s2, a5, 0            : IntAlu :  D=0x0000000000000003
1868500: system.cpu: T0 : 0x1d49c    : bne s2, a0, -26            : IntAlu : 
1869000: system.cpu: T0 : 0x1d482    : c_slli a5, 32              : IntAlu :  D=0x0000000300000000
1869500: system.cpu: T0 : 0x1d484    : c_srli a5, 32              : IntAlu :  D=0x0000000000000003
1870500: system.cpu: T0 : 0x1d486    : addi a5, a5, 536           : IntAlu :  D=0x000000000000021b
1871000: system.cpu: T0 : 0x1d48a    : c_slli a5, 2               : IntAlu :  D=0x000000000000086c
1871500: system.cpu: T0 : 0x1d48c    : c_add a5, s1               : IntAlu :  D=0x000000000006feb4
1872000: system.cpu: T0 : 0x1d48e    : c_lw a2, 0(a5)             : MemRead :  D=0x0000000000000000 A=0x6feb4
1872500: system.cpu: T0 : 0x1d490    : bne a2, zero, 384          : IntAlu : 
1873000: system.cpu: T0 : 0x1d494    : addiw a5, s2, 1            : IntAlu :  D=0x0000000000000004
1873500: system.cpu: T0 : 0x1d498    : addiw s2, a5, 0            : IntAlu :  D=0x0000000000000004
1874000: system.cpu: T0 : 0x1d49c    : bne s2, a0, -26            : IntAlu : 
1874500: system.cpu: T0 : 0x1d4a0    : c_ld a4, 96(s1)            : MemRead :  D=0x0000000000074270 A=0x6f6a8
1875500: system.cpu: T0 : 0x1d4a2    : ld a3, -1912(a7)           : MemRead :  D=0x0000000000021080 A=0x6fed0
1876000: system.cpu: T0 : 0x1d4a6    : c_ld a5, 8(a4)             : MemRead :  D=0x0000000000020d91 A=0x74278
1876500: system.cpu: T0 : 0x1d4a8    : c_andi a5, 18446744073709551608 : IntAlu :  D=0x0000000000020d90
1877500: system.cpu: T0 : 0x1d4aa    : bltu a3, a5, 548           : IntAlu : 
1878500: system.cpu: T0 : 0x1d4ae    : addi a3, s0, 32            : IntAlu :  D=0x0000000000000170
1879500: system.cpu: T0 : 0x1d4b2    : bgeu a5, a3, 640           : IntAlu : 
1880500: system.cpu: T0 : 0x1d732    : add a0, a4, s0             : IntAlu :  D=0x00000000000743c0
1881500: system.cpu: T0 : 0x1d736    : lui a2, 111                : IntAlu :  D=0x000000000006f000
1882000: system.cpu: T0 : 0x1d73a    : c_sd a0, 96(s1)            : MemWrite :  D=0x00000000000743c0 A=0x6f6a8
1882500: system.cpu: T0 : 0x1d73c    : addi a2, a2, 1608          : IntAlu :  D=0x000000000006f648
1883000: system.cpu: T0 : 0x1d740    : c_sub a5, s0               : IntAlu :  D=0x0000000000020c40
1883500: system.cpu: T0 : 0x1d742    : c_li a3, 4                 : IntAlu :  D=0x0000000000000004
1884000: system.cpu: T0 : 0x1d744    : beq s1, a2, 116            : IntAlu : 
1884500: system.cpu: T0 : 0x1d7b8    : c_li a3, 0                 : IntAlu :  D=0x0000000000000000
1885000: system.cpu: T0 : 0x1d7ba    : c_j -114                   : IntAlu : 
1885500: system.cpu: T0 : 0x1d748    : c_or a3, s0                : IntAlu :  D=0x0000000000000150
1886500: system.cpu: T0 : 0x1d74a    : ori a3, a3, 1              : IntAlu :  D=0x0000000000000151
1887500: system.cpu: T0 : 0x1d74e    : lw a1, -1396(gp)           : MemRead :  D=0x0000000000000000 A=0x70b34
1888000: system.cpu: T0 : 0x1d752    : c_sd a3, 8(a4)             : MemWrite :  D=0x0000000000000151 A=0x74278
1888500: system.cpu: T0 : 0x1d754    : ori a5, a5, 1              : IntAlu :  D=0x0000000000020c41
1889000: system.cpu: T0 : 0x1d758    : c_sd a5, 8(a0)             : MemWrite :  D=0x0000000000020c41 A=0x743c8
1890000: system.cpu: T0 : 0x1d75a    : addi s2, a4, 16            : IntAlu :  D=0x0000000000074280
1891000: system.cpu: T0 : 0x1d75e    : beq a1, zero, -1664        : IntAlu : 
1891500: system.cpu: T0 : 0x1d0de    : c_ldsp ra, 248(sp)         : MemRead :  D=0x000000000001e264 A=0x7ffffffffffffcc8
1892000: system.cpu: T0 : 0x1d0e0    : c_ldsp s0, 240(sp)         : MemRead :  D=0x0000000000000140 A=0x7ffffffffffffcc0
1892500: system.cpu: T0 : 0x1d0e2    : c_ldsp s1, 232(sp)         : MemRead :  D=0x000000000006f000 A=0x7ffffffffffffcb8
1893000: system.cpu: T0 : 0x1d0e4    : c_ldsp s3, 216(sp)         : MemRead :  D=0x000000000006efc0 A=0x7ffffffffffffca8
1893500: system.cpu: T0 : 0x1d0e6    : c_ldsp s4, 208(sp)         : MemRead :  D=0x000000000000000a A=0x7ffffffffffffca0
1894000: system.cpu: T0 : 0x1d0e8    : c_ldsp s5, 200(sp)         : MemRead :  D=0x0000000000074250 A=0x7ffffffffffffc98
1894500: system.cpu: T0 : 0x1d0ea    : c_ldsp s6, 192(sp)         : MemRead :  D=0x0000000000072000 A=0x7ffffffffffffc90
1895000: system.cpu: T0 : 0x1d0ec    : c_ldsp s7, 184(sp)         : MemRead :  D=0x0000000000000000 A=0x7ffffffffffffc88
1895500: system.cpu: T0 : 0x1d0ee    : c_ldsp s8, 176(sp)         : MemRead :  D=0x0000000000000000 A=0x7ffffffffffffc80
1896000: system.cpu: T0 : 0x1d0f0    : c_ldsp s9, 168(sp)         : MemRead :  D=0x0000000000000000 A=0x7ffffffffffffc78
1896500: system.cpu: T0 : 0x1d0f2    : c_ldsp s10, 160(sp)        : MemRead :  D=0x0000000000000000 A=0x7ffffffffffffc70
1897000: system.cpu: T0 : 0x1d0f4    : c_ldsp s11, 152(sp)        : MemRead :  D=0x0000000000000000 A=0x7ffffffffffffc68
1897500: system.cpu: T0 : 0x1d0f6    : c_mv a0, s2                : IntAlu :  D=0x0000000000074280
1898000: system.cpu: T0 : 0x1d0f8    : c_ldsp s2, 224(sp)         : MemRead :  D=0x0000000000000000 A=0x7ffffffffffffcb0
1898500: system.cpu: T0 : 0x1d0fa    : c_addi16sp sp, 256         : IntAlu :  D=0x7ffffffffffffcd0
1899000: system.cpu: T0 : 0x1d0fc    : c_jr ra                    : IntAlu : 
1899500: system.cpu: T0 : 0x1e264    : c_mv a5, a0                : IntAlu :  D=0x0000000000074280
1900000: system.cpu: T0 : 0x1e266    : c_beqz a0, 150             : IntAlu : 
1900500: system.cpu: T0 : 0x1e268    : ld a4, -8(a0)              : MemRead :  D=0x0000000000000151 A=0x74278
1901000: system.cpu: T0 : 0x1e26c    : andi a3, a4, 2             : IntAlu :  D=0x0000000000000000
1901500: system.cpu: T0 : 0x1e270    : c_bnez a3, 26              : IntAlu : 
1902000: system.cpu: T0 : 0x1e272    : c_andi a4, 4               : IntAlu :  D=0x0000000000000000
1902500: system.cpu: T0 : 0x1e274    : c_beqz a4, 22              : IntAlu : 
1903000: system.cpu: T0 : 0x1e28a    : c_ldsp ra, 24(sp)          : MemRead :  D=0x000000000003b862 A=0x7ffffffffffffce8
1903500: system.cpu: T0 : 0x1e28c    : c_ldsp s0, 16(sp)          : MemRead :  D=0x7ffffffffffffd30 A=0x7ffffffffffffce0
1904000: system.cpu: T0 : 0x1e28e    : c_ldsp s1, 8(sp)           : MemRead :  D=0x0000000000000002 A=0x7ffffffffffffcd8
1904500: system.cpu: T0 : 0x1e290    : c_ldsp s2, 0(sp)           : MemRead :  D=0x0000000000000000 A=0x7ffffffffffffcd0
1905000: system.cpu: T0 : 0x1e292    : c_mv a0, a5                : IntAlu :  D=0x0000000000074280
1905500: system.cpu: T0 : 0x1e294    : c_addi16sp sp, 32          : IntAlu :  D=0x7ffffffffffffcf0
1906000: system.cpu: T0 : 0x1e296    : c_jr ra                    : IntAlu : 
1907000: system.cpu: T0 : 0x3b862    : sd a0, 0(s5)               : MemWrite :  D=0x0000000000074280 A=0x74250
1907500: system.cpu: T0 : 0x3b866    : c_mv a2, a0                : IntAlu :  D=0x0000000000074280
1908000: system.cpu: T0 : 0x3b868    : beq a0, zero, 386          : IntAlu : 
1908500: system.cpu: T0 : 0x3b86c    : lui a5, 114                : IntAlu :  D=0x0000000000072000
1909000: system.cpu: T0 : 0x3b870    : lui a3, 98                 : IntAlu :  D=0x0000000000062000
1909500: system.cpu: T0 : 0x3b874    : lui a0, 98                 : IntAlu :  D=0x0000000000062000
1910000: system.cpu: T0 : 0x3b878    : addi a3, a3, 256           : IntAlu :  D=0x0000000000062100
1910500: system.cpu: T0 : 0x3b87c    : addi a0, a0, -192          : IntAlu :  D=0x0000000000061f40
1911000: system.cpu: T0 : 0x3b880    : sd a2, -248(a5)            : MemWrite :  D=0x0000000000074280 A=0x71f08
1911500: system.cpu: T0 : 0x3b884    : c_li a5, 23                : IntAlu :  D=0x0000000000000017
1912000: system.cpu: T0 : 0x3b886    : c_sd a3, 24(a2)            : MemWrite :  D=0x0000000000062100 A=0x74298
1912500: system.cpu: T0 : 0x3b888    : addi a6, a3, 72            : IntAlu :  D=0x0000000000062148
1913000: system.cpu: T0 : 0x3b88c    : sw zero, 40(s3)            : MemWrite :  D=0x0000000000000000 A=0x6efe8
1913500: system.cpu: T0 : 0x3b890    : addi a1, s5, 8             : IntAlu :  D=0x0000000000074258
1914000: system.cpu: T0 : 0x3b894    : c_sd a0, 8(a2)             : MemWrite :  D=0x0000000000061f40 A=0x74288
1915000: system.cpu: T0 : 0x3b896    : sd zero, 16(a2)            : MemWrite :  D=0x0000000000000000 A=0x74290
1915500: system.cpu: T0 : 0x3b89a    : c_sd a5, 32(a2)            : MemWrite :  D=0x0000000000000017 A=0x742a0
1916000: system.cpu: T0 : 0x3b89c    : slli a7, s4, 3             : IntAlu :  D=0x0000000000000050
1916500: system.cpu: T0 : 0x3b8a0    : addi t3, s5, 32            : IntAlu :  D=0x0000000000074270
1917000: system.cpu: T0 : 0x3b8a4    : c_addi a3, 24              : IntAlu :  D=0x0000000000062118
1918000: system.cpu: T0 : 0x3b8a6    : addi t4, zero, 47          : IntAlu :  D=0x000000000000002f
1919000: system.cpu: T0 : 0x3b8aa    : addi a4, a2, 40            : IntAlu :  D=0x00000000000742a8
1919500: system.cpu: T0 : 0x3b8ae    : c_li a5, 0                 : IntAlu :  D=0x0000000000000000
1920000: system.cpu: T0 : 0x3b8b0    : c_beqz s1, 14              : IntAlu : 
1921000: system.cpu: T0 : 0x3b8b2    : sw zero, 0(a4)             : MemWrite :  D=0x0000000000000000 A=0x742a8
1921500: system.cpu: T0 : 0x3b8b6    : c_addi a5, 1               : IntAlu :  D=0x0000000000000001
1922000: system.cpu: T0 : 0x3b8b8    : c_addi a4, 4               : IntAlu :  D=0x00000000000742ac
1923000: system.cpu: T0 : 0x3b8ba    : bne s1, a5, -8             : IntAlu : 
1924000: system.cpu: T0 : 0x3b8b2    : sw zero, 0(a4)             : MemWrite :  D=0x0000000000000000 A=0x742ac
1924500: system.cpu: T0 : 0x3b8b6    : c_addi a5, 1               : IntAlu :  D=0x0000000000000002
1925000: system.cpu: T0 : 0x3b8b8    : c_addi a4, 4               : IntAlu :  D=0x00000000000742b0
1926000: system.cpu: T0 : 0x3b8ba    : bne s1, a5, -8             : IntAlu : 
1927000: system.cpu: T0 : 0x3b8be    : beq t3, a1, 48             : IntAlu : 
1928000: system.cpu: T0 : 0x3b8c2    : ld a4, 8(a6)               : MemRead :  D=0x000000000000001b A=0x62150
1929000: system.cpu: T0 : 0x3b8c6    : add a5, a2, a7             : IntAlu :  D=0x00000000000742d0
1930000: system.cpu: T0 : 0x3b8ca    : lbu t1, 0(a3)              : MemRead :  D=0x000000000000002f A=0x62118
1930500: system.cpu: T0 : 0x3b8ce    : c_sd a5, 0(a2)             : MemWrite :  D=0x00000000000742d0 A=0x74280
1931000: system.cpu: T0 : 0x3b8d0    : c_sd a3, 24(a5)            : MemWrite :  D=0x0000000000062118 A=0x742e8
1932000: system.cpu: T0 : 0x3b8d2    : addi a2, a4, 1             : IntAlu :  D=0x000000000000001c
1932500: system.cpu: T0 : 0x3b8d6    : c_sd a5, 0(a1)             : MemWrite :  D=0x00000000000742d0 A=0x74258
1933000: system.cpu: T0 : 0x3b8d8    : c_sd a0, 8(a5)             : MemWrite :  D=0x0000000000061f40 A=0x742d8
1934000: system.cpu: T0 : 0x3b8da    : sd zero, 16(a5)            : MemWrite :  D=0x0000000000000000 A=0x742e0
1934500: system.cpu: T0 : 0x3b8de    : c_sd a4, 32(a5)            : MemWrite :  D=0x000000000000001b A=0x742f0
1935000: system.cpu: T0 : 0x3b8e0    : c_addi a1, 8               : IntAlu :  D=0x0000000000074260
1935500: system.cpu: T0 : 0x3b8e2    : c_add a3, a2               : IntAlu :  D=0x0000000000062134
1936000: system.cpu: T0 : 0x3b8e4    : c_addi a6, 8               : IntAlu :  D=0x0000000000062150
1937000: system.cpu: T0 : 0x3b8e6    : bne t1, t4, 228            : IntAlu : 
1937500: system.cpu: T0 : 0x3b8ea    : c_mv a2, a5                : IntAlu :  D=0x00000000000742d0
1938000: system.cpu: T0 : 0x3b8ec    : c_j -66                    : IntAlu : 
1939000: system.cpu: T0 : 0x3b8aa    : addi a4, a2, 40            : IntAlu :  D=0x00000000000742f8
1939500: system.cpu: T0 : 0x3b8ae    : c_li a5, 0                 : IntAlu :  D=0x0000000000000000
1940000: system.cpu: T0 : 0x3b8b0    : c_beqz s1, 14              : IntAlu : 
1941000: system.cpu: T0 : 0x3b8b2    : sw zero, 0(a4)             : MemWrite :  D=0x0000000000000000 A=0x742f8
1941500: system.cpu: T0 : 0x3b8b6    : c_addi a5, 1               : IntAlu :  D=0x0000000000000001
1942000: system.cpu: T0 : 0x3b8b8    : c_addi a4, 4               : IntAlu :  D=0x00000000000742fc
1943000: system.cpu: T0 : 0x3b8ba    : bne s1, a5, -8             : IntAlu : 
1944000: system.cpu: T0 : 0x3b8b2    : sw zero, 0(a4)             : MemWrite :  D=0x0000000000000000 A=0x742fc
1944500: system.cpu: T0 : 0x3b8b6    : c_addi a5, 1               : IntAlu :  D=0x0000000000000002
1945000: system.cpu: T0 : 0x3b8b8    : c_addi a4, 4               : IntAlu :  D=0x0000000000074300
1946000: system.cpu: T0 : 0x3b8ba    : bne s1, a5, -8             : IntAlu : 
1947000: system.cpu: T0 : 0x3b8be    : beq t3, a1, 48             : IntAlu : 
1948000: system.cpu: T0 : 0x3b8c2    : ld a4, 8(a6)               : MemRead :  D=0x0000000000000005 A=0x62158
1949000: system.cpu: T0 : 0x3b8c6    : add a5, a2, a7             : IntAlu :  D=0x0000000000074320
1950000: system.cpu: T0 : 0x3b8ca    : lbu t1, 0(a3)              : MemRead :  D=0x000000000000002f A=0x62134
1950500: system.cpu: T0 : 0x3b8ce    : c_sd a5, 0(a2)             : MemWrite :  D=0x0000000000074320 A=0x742d0
1951000: system.cpu: T0 : 0x3b8d0    : c_sd a3, 24(a5)            : MemWrite :  D=0x0000000000062134 A=0x74338
1952000: system.cpu: T0 : 0x3b8d2    : addi a2, a4, 1             : IntAlu :  D=0x0000000000000006
1952500: system.cpu: T0 : 0x3b8d6    : c_sd a5, 0(a1)             : MemWrite :  D=0x0000000000074320 A=0x74260
1953000: system.cpu: T0 : 0x3b8d8    : c_sd a0, 8(a5)             : MemWrite :  D=0x0000000000061f40 A=0x74328
1954000: system.cpu: T0 : 0x3b8da    : sd zero, 16(a5)            : MemWrite :  D=0x0000000000000000 A=0x74330
1954500: system.cpu: T0 : 0x3b8de    : c_sd a4, 32(a5)            : MemWrite :  D=0x0000000000000005 A=0x74340
1955000: system.cpu: T0 : 0x3b8e0    : c_addi a1, 8               : IntAlu :  D=0x0000000000074268
1955500: system.cpu: T0 : 0x3b8e2    : c_add a3, a2               : IntAlu :  D=0x000000000006213a
1956000: system.cpu: T0 : 0x3b8e4    : c_addi a6, 8               : IntAlu :  D=0x0000000000062158
1957000: system.cpu: T0 : 0x3b8e6    : bne t1, t4, 228            : IntAlu : 
1957500: system.cpu: T0 : 0x3b8ea    : c_mv a2, a5                : IntAlu :  D=0x0000000000074320
1958000: system.cpu: T0 : 0x3b8ec    : c_j -66                    : IntAlu : 
1959000: system.cpu: T0 : 0x3b8aa    : addi a4, a2, 40            : IntAlu :  D=0x0000000000074348
1959500: system.cpu: T0 : 0x3b8ae    : c_li a5, 0                 : IntAlu :  D=0x0000000000000000
1960000: system.cpu: T0 : 0x3b8b0    : c_beqz s1, 14              : IntAlu : 
1961000: system.cpu: T0 : 0x3b8b2    : sw zero, 0(a4)             : MemWrite :  D=0x0000000000000000 A=0x74348
1961500: system.cpu: T0 : 0x3b8b6    : c_addi a5, 1               : IntAlu :  D=0x0000000000000001
1962000: system.cpu: T0 : 0x3b8b8    : c_addi a4, 4               : IntAlu :  D=0x000000000007434c
1963000: system.cpu: T0 : 0x3b8ba    : bne s1, a5, -8             : IntAlu : 
1964000: system.cpu: T0 : 0x3b8b2    : sw zero, 0(a4)             : MemWrite :  D=0x0000000000000000 A=0x7434c
1964500: system.cpu: T0 : 0x3b8b6    : c_addi a5, 1               : IntAlu :  D=0x0000000000000002
1965000: system.cpu: T0 : 0x3b8b8    : c_addi a4, 4               : IntAlu :  D=0x0000000000074350
1966000: system.cpu: T0 : 0x3b8ba    : bne s1, a5, -8             : IntAlu : 
1967000: system.cpu: T0 : 0x3b8be    : beq t3, a1, 48             : IntAlu : 
1968000: system.cpu: T0 : 0x3b8c2    : ld a4, 8(a6)               : MemRead :  D=0x0000000000000009 A=0x62160
1969000: system.cpu: T0 : 0x3b8c6    : add a5, a2, a7             : IntAlu :  D=0x0000000000074370
1970000: system.cpu: T0 : 0x3b8ca    : lbu t1, 0(a3)              : MemRead :  D=0x000000000000002f A=0x6213a
1970500: system.cpu: T0 : 0x3b8ce    : c_sd a5, 0(a2)             : MemWrite :  D=0x0000000000074370 A=0x74320
1971000: system.cpu: T0 : 0x3b8d0    : c_sd a3, 24(a5)            : MemWrite :  D=0x000000000006213a A=0x74388
1972000: system.cpu: T0 : 0x3b8d2    : addi a2, a4, 1             : IntAlu :  D=0x000000000000000a
1972500: system.cpu: T0 : 0x3b8d6    : c_sd a5, 0(a1)             : MemWrite :  D=0x0000000000074370 A=0x74268
1973000: system.cpu: T0 : 0x3b8d8    : c_sd a0, 8(a5)             : MemWrite :  D=0x0000000000061f40 A=0x74378
1974000: system.cpu: T0 : 0x3b8da    : sd zero, 16(a5)            : MemWrite :  D=0x0000000000000000 A=0x74380
1974500: system.cpu: T0 : 0x3b8de    : c_sd a4, 32(a5)            : MemWrite :  D=0x0000000000000009 A=0x74390
1975000: system.cpu: T0 : 0x3b8e0    : c_addi a1, 8               : IntAlu :  D=0x0000000000074270
1975500: system.cpu: T0 : 0x3b8e2    : c_add a3, a2               : IntAlu :  D=0x0000000000062144
1976000: system.cpu: T0 : 0x3b8e4    : c_addi a6, 8               : IntAlu :  D=0x0000000000062160
1977000: system.cpu: T0 : 0x3b8e6    : bne t1, t4, 228            : IntAlu : 
1977500: system.cpu: T0 : 0x3b8ea    : c_mv a2, a5                : IntAlu :  D=0x0000000000074370
1978000: system.cpu: T0 : 0x3b8ec    : c_j -66                    : IntAlu : 
1979000: system.cpu: T0 : 0x3b8aa    : addi a4, a2, 40            : IntAlu :  D=0x0000000000074398
1979500: system.cpu: T0 : 0x3b8ae    : c_li a5, 0                 : IntAlu :  D=0x0000000000000000
1980000: system.cpu: T0 : 0x3b8b0    : c_beqz s1, 14              : IntAlu : 
1981000: system.cpu: T0 : 0x3b8b2    : sw zero, 0(a4)             : MemWrite :  D=0x0000000000000000 A=0x74398
1981500: system.cpu: T0 : 0x3b8b6    : c_addi a5, 1               : IntAlu :  D=0x0000000000000001
1982000: system.cpu: T0 : 0x3b8b8    : c_addi a4, 4               : IntAlu :  D=0x000000000007439c
1983000: system.cpu: T0 : 0x3b8ba    : bne s1, a5, -8             : IntAlu : 
1984000: system.cpu: T0 : 0x3b8b2    : sw zero, 0(a4)             : MemWrite :  D=0x0000000000000000 A=0x7439c
1984500: system.cpu: T0 : 0x3b8b6    : c_addi a5, 1               : IntAlu :  D=0x0000000000000002
1985000: system.cpu: T0 : 0x3b8b8    : c_addi a4, 4               : IntAlu :  D=0x00000000000743a0
1986000: system.cpu: T0 : 0x3b8ba    : bne s1, a5, -8             : IntAlu : 
1987000: system.cpu: T0 : 0x3b8be    : beq t3, a1, 48             : IntAlu : 
1987500: system.cpu: T0 : 0x3b8ee    : c_li a4, 27                : IntAlu :  D=0x000000000000001b
1988000: system.cpu: T0 : 0x3b8f0    : sd zero, 0(a2)             : MemWrite :  D=0x0000000000000000 A=0x74370
1988500: system.cpu: T0 : 0x3b8f4    : sd a4, -1192(gp)           : MemWrite :  D=0x000000000000001b A=0x70c00
1989000: system.cpu: T0 : 0x3b8f8    : sd zero, 32(s5)            : MemWrite :  D=0x0000000000000000 A=0x74270
1989500: system.cpu: T0 : 0x3b8fc    : beq s2, zero, 10           : IntAlu : 
1990000: system.cpu: T0 : 0x3b906    : c_li a5, -1                : IntAlu :  D=0xffffffffffffffff
1990500: system.cpu: T0 : 0x3b908    : sd a5, 48(s3)              : MemWrite :  D=0xffffffffffffffff A=0x6eff0
1991000: system.cpu: T0 : 0x3b90c    : addi sp, s0, -64           : IntAlu :  D=0x7ffffffffffffcf0
1991500: system.cpu: T0 : 0x3b910    : c_ldsp ra, 56(sp)          : MemRead :  D=0x00000000000231f6 A=0x7ffffffffffffd28
1992000: system.cpu: T0 : 0x3b912    : c_ldsp s0, 48(sp)          : MemRead :  D=0x000000000006ef80 A=0x7ffffffffffffd20
1992500: system.cpu: T0 : 0x3b914    : c_ldsp s1, 40(sp)          : MemRead :  D=0x000000000006fee0 A=0x7ffffffffffffd18
1993000: system.cpu: T0 : 0x3b916    : c_ldsp s2, 32(sp)          : MemRead :  D=0x0000000000072000 A=0x7ffffffffffffd10
1993500: system.cpu: T0 : 0x3b918    : c_ldsp s3, 24(sp)          : MemRead :  D=0x0000000000072000 A=0x7ffffffffffffd08
1994000: system.cpu: T0 : 0x3b91a    : c_ldsp s4, 16(sp)          : MemRead :  D=0x0000000000070000 A=0x7ffffffffffffd00
1994500: system.cpu: T0 : 0x3b91c    : c_ldsp s5, 8(sp)           : MemRead :  D=0x0000000000072000 A=0x7ffffffffffffcf8
1995000: system.cpu: T0 : 0x3b91e    : c_addi16sp sp, 64          : IntAlu :  D=0x7ffffffffffffd30
1995500: system.cpu: T0 : 0x3b920    : c_jr ra                    : IntAlu : 
1996500: system.cpu: T0 : 0x231f6    : lui a5, 114                : IntAlu :  D=0x0000000000072000
1997500: system.cpu: T0 : 0x231fa    : ld a4, -248(a5)            : MemRead :  D=0x0000000000074280 A=0x71f08
1998500: system.cpu: T0 : 0x231fe    : lui a0, 80                 : IntAlu :  D=0x0000000000050000
1999500: system.cpu: T0 : 0x23202    : lui a5, 114                : IntAlu :  D=0x0000000000072000
2000500: system.cpu: T0 : 0x23206    : addi a0, a0, 2032          : IntAlu :  D=0x00000000000507f0
2001500: system.cpu: T0 : 0x2320a    : sd a4, -288(a5)            : MemWrite :  D=0x0000000000074280 A=0x71ee0
2002500: system.cpu: T0 : 0x2320e    : jal ra, -57854             : IntAlu :  D=0x0000000000023212
2003000: system.cpu: T0 : 0x15010    : c_addi16sp sp, -64         : IntAlu :  D=0x7ffffffffffffcf0
2003500: system.cpu: T0 : 0x15012    : c_sdsp s1, 40(sp)          : MemWrite :  D=0x000000000006fee0 A=0x7ffffffffffffd18
2004000: system.cpu: T0 : 0x15014    : ld s1, -1360(gp)           : MemRead :  D=0x7fffffffffffff48 A=0x70b58
2004500: system.cpu: T0 : 0x15018    : c_sdsp ra, 56(sp)          : MemWrite :  D=0x0000000000023212 A=0x7ffffffffffffd28
2005000: system.cpu: T0 : 0x1501a    : c_sdsp s0, 48(sp)          : MemWrite :  D=0x000000000006ef80 A=0x7ffffffffffffd20
2005500: system.cpu: T0 : 0x1501c    : c_sdsp s2, 32(sp)          : MemWrite :  D=0x0000000000072000 A=0x7ffffffffffffd10
2006000: system.cpu: T0 : 0x1501e    : c_sdsp s3, 24(sp)          : MemWrite :  D=0x0000000000072000 A=0x7ffffffffffffd08
2006500: system.cpu: T0 : 0x15020    : c_sdsp s4, 16(sp)          : MemWrite :  D=0x0000000000070000 A=0x7ffffffffffffd00
2007000: system.cpu: T0 : 0x15022    : c_sdsp s5, 8(sp)           : MemWrite :  D=0x0000000000072000 A=0x7ffffffffffffcf8
2007500: system.cpu: T0 : 0x15024    : c_sdsp s6, 0(sp)           : MemWrite :  D=0x0000000000072000 A=0x7ffffffffffffcf0
2008000: system.cpu: T0 : 0x15026    : c_beqz s1, 210             : IntAlu : 
2008500: system.cpu: T0 : 0x15028    : lbu a5, 0(a0)              : MemRead :  D=0x000000000000004c A=0x507f0
2009000: system.cpu: T0 : 0x1502c    : c_mv s4, a0                : IntAlu :  D=0x00000000000507f0
2009500: system.cpu: T0 : 0x1502e    : c_beqz a5, 202             : IntAlu : 
2010000: system.cpu: T0 : 0x15030    : lbu s5, 1(a0)              : MemRead :  D=0x0000000000000044 A=0x507f1
2010500: system.cpu: T0 : 0x15034    : slliw s2, a5, 16           : IntAlu :  D=0x00000000004c0000
2011000: system.cpu: T0 : 0x15038    : c_ld s0, 0(s1)             : MemRead :  D=0x0000000000000000 A=0x7fffffffffffff48
2012000: system.cpu: T0 : 0x1503a    : sraiw s2, s2, 16           : IntAlu :  D=0x000000000000004c
2013000: system.cpu: T0 : 0x1503e    : bne s5, zero, 86           : IntAlu : 
2013500: system.cpu: T0 : 0x15094    : jal ra, 42504              : IntAlu :  D=0x0000000000015098
2014000: system.cpu: T0 : 0x1f69c    : andi a5, a0, 7             : IntAlu :  D=0x0000000000000000
2014500: system.cpu: T0 : 0x1f6a0    : c_beqz a5, 26              : IntAlu : 
2015000: system.cpu: T0 : 0x1f6ba    : c_mv a5, a0                : IntAlu :  D=0x00000000000507f0
2015500: system.cpu: T0 : 0x1f6bc    : ld a6, -2024(gp)           : MemRead :  D=0xfefefefefefefeff A=0x708c0
2016000: system.cpu: T0 : 0x1f6c0    : ld a1, -2016(gp)           : MemRead :  D=0x8080808080808080 A=0x708c8
2016500: system.cpu: T0 : 0x1f6c4    : c_ld a2, 0(a5)             : MemRead :  D=0x5f444e49425f444c A=0x507f0
2017500: system.cpu: T0 : 0x1f6c6    : addi a3, a5, 8             : IntAlu :  D=0x00000000000507f8
2018500: system.cpu: T0 : 0x1f6ca    : add a4, a2, a6             : IntAlu :  D=0x5e434d48415e434b
2019500: system.cpu: T0 : 0x1f6ce    : xori a2, a2, 18446744073709551615 : IntAlu :  D=0xa0bbb1b6bda0bbb3
2020000: system.cpu: T0 : 0x1f6d2    : c_and a4, a2               : IntAlu :  D=0x0003010001000303
2020500: system.cpu: T0 : 0x1f6d4    : c_and a4, a1               : IntAlu :  D=0x0000000000000000
2021000: system.cpu: T0 : 0x1f6d6    : c_beqz a4, 50              : IntAlu : 
2021500: system.cpu: T0 : 0x1f708    : c_mv a5, a3                : IntAlu :  D=0x00000000000507f8
2022000: system.cpu: T0 : 0x1f70a    : c_j -70                    : IntAlu : 
2022500: system.cpu: T0 : 0x1f6c4    : c_ld a2, 0(a5)             : MemRead :  D=0x0000000000574f4e A=0x507f8
2023500: system.cpu: T0 : 0x1f6c6    : addi a3, a5, 8             : IntAlu :  D=0x0000000000050800
2024500: system.cpu: T0 : 0x1f6ca    : add a4, a2, a6             : IntAlu :  D=0xfefefefeff564e4d
2025500: system.cpu: T0 : 0x1f6ce    : xori a2, a2, 18446744073709551615 : IntAlu :  D=0xffffffffffa8b0b1
2026000: system.cpu: T0 : 0x1f6d2    : c_and a4, a2               : IntAlu :  D=0xfefefefeff000001
2026500: system.cpu: T0 : 0x1f6d4    : c_and a4, a1               : IntAlu :  D=0x8080808080000000
2027000: system.cpu: T0 : 0x1f6d6    : c_beqz a4, 50              : IntAlu : 
2027500: system.cpu: T0 : 0x1f6d8    : lbu a4, -8(a3)             : MemRead :  D=0x000000000000004e A=0x507f8
2028000: system.cpu: T0 : 0x1f6dc    : c_beqz a4, -40             : IntAlu : 
2029000: system.cpu: T0 : 0x1f6de    : lbu a4, -7(a3)             : MemRead :  D=0x000000000000004f A=0x507f9
2029500: system.cpu: T0 : 0x1f6e2    : c_beqz a4, 50              : IntAlu : 
2030000: system.cpu: T0 : 0x1f6e4    : lbu a4, -6(a3)             : MemRead :  D=0x0000000000000057 A=0x507fa
2030500: system.cpu: T0 : 0x1f6e8    : c_beqz a4, 52              : IntAlu : 
2031500: system.cpu: T0 : 0x1f6ea    : lbu a4, -5(a3)             : MemRead :  D=0x0000000000000000 A=0x507fb
2032000: system.cpu: T0 : 0x1f6ee    : c_beqz a4, 54              : IntAlu : 
2032500: system.cpu: T0 : 0x1f724    : c_sub a5, a0               : IntAlu :  D=0x0000000000000008
2033500: system.cpu: T0 : 0x1f726    : addi a0, a5, 3             : IntAlu :  D=0x000000000000000b
2034000: system.cpu: T0 : 0x1f72a    : c_jr ra                    : IntAlu : 
2034500: system.cpu: T0 : 0x15098    : slli a5, s5, 8             : IntAlu :  D=0x0000000000004400
2035000: system.cpu: T0 : 0x1509c    : or a5, s2, a5              : IntAlu :  D=0x000000000000444c
2035500: system.cpu: T0 : 0x150a0    : slliw s2, a5, 16           : IntAlu :  D=0x00000000444c0000
2036000: system.cpu: T0 : 0x150a4    : c_mv s3, a0                : IntAlu :  D=0x000000000000000b
2037000: system.cpu: T0 : 0x150a6    : sraiw s2, s2, 16           : IntAlu :  D=0x000000000000444c
2038000: system.cpu: T0 : 0x150aa    : addi s5, a0, -2            : IntAlu :  D=0x0000000000000009
2038500: system.cpu: T0 : 0x150ae    : c_addi s4, 2               : IntAlu :  D=0x00000000000507f2
2039000: system.cpu: T0 : 0x150b0    : c_beqz s0, -50             : IntAlu : 
2039500: system.cpu: T0 : 0x1507e    : c_ldsp ra, 56(sp)          : MemRead :  D=0x0000000000023212 A=0x7ffffffffffffd28
2040000: system.cpu: T0 : 0x15080    : c_mv a0, s0                : IntAlu :  D=0x0000000000000000
2040500: system.cpu: T0 : 0x15082    : c_ldsp s0, 48(sp)          : MemRead :  D=0x000000000006ef80 A=0x7ffffffffffffd20
2041000: system.cpu: T0 : 0x15084    : c_ldsp s1, 40(sp)          : MemRead :  D=0x000000000006fee0 A=0x7ffffffffffffd18
2041500: system.cpu: T0 : 0x15086    : c_ldsp s2, 32(sp)          : MemRead :  D=0x0000000000072000 A=0x7ffffffffffffd10
2042000: system.cpu: T0 : 0x15088    : c_ldsp s3, 24(sp)          : MemRead :  D=0x0000000000072000 A=0x7ffffffffffffd08
2042500: system.cpu: T0 : 0x1508a    : c_ldsp s4, 16(sp)          : MemRead :  D=0x0000000000070000 A=0x7ffffffffffffd00
2043000: system.cpu: T0 : 0x1508c    : c_ldsp s5, 8(sp)           : MemRead :  D=0x0000000000072000 A=0x7ffffffffffffcf8
2043500: system.cpu: T0 : 0x1508e    : c_ldsp s6, 0(sp)           : MemRead :  D=0x0000000000072000 A=0x7ffffffffffffcf0
2044000: system.cpu: T0 : 0x15090    : c_addi16sp sp, 64          : IntAlu :  D=0x7ffffffffffffd30
2044500: system.cpu: T0 : 0x15092    : c_jr ra                    : IntAlu : 
2045000: system.cpu: T0 : 0x23212    : c_li a5, 1                 : IntAlu :  D=0x0000000000000001
2045500: system.cpu: T0 : 0x23214    : c_beqz a0, 10              : IntAlu : 
2046500: system.cpu: T0 : 0x2321e    : lui a0, 81                 : IntAlu :  D=0x0000000000051000
2047500: system.cpu: T0 : 0x23222    : lui a4, 114                : IntAlu :  D=0x0000000000072000
2048500: system.cpu: T0 : 0x23226    : addi a0, a0, -2048         : IntAlu :  D=0x0000000000050800
2049500: system.cpu: T0 : 0x2322a    : sw a5, -352(a4)            : MemWrite :  D=0x0000000000000001 A=0x71ea0
2050500: system.cpu: T0 : 0x2322e    : jal ra, -57886             : IntAlu :  D=0x0000000000023232
2051000: system.cpu: T0 : 0x15010    : c_addi16sp sp, -64         : IntAlu :  D=0x7ffffffffffffcf0
2051500: system.cpu: T0 : 0x15012    : c_sdsp s1, 40(sp)          : MemWrite :  D=0x000000000006fee0 A=0x7ffffffffffffd18
2052000: system.cpu: T0 : 0x15014    : ld s1, -1360(gp)           : MemRead :  D=0x7fffffffffffff48 A=0x70b58
2052500: system.cpu: T0 : 0x15018    : c_sdsp ra, 56(sp)          : MemWrite :  D=0x0000000000023232 A=0x7ffffffffffffd28
2053000: system.cpu: T0 : 0x1501a    : c_sdsp s0, 48(sp)          : MemWrite :  D=0x000000000006ef80 A=0x7ffffffffffffd20
2053500: system.cpu: T0 : 0x1501c    : c_sdsp s2, 32(sp)          : MemWrite :  D=0x0000000000072000 A=0x7ffffffffffffd10
2054000: system.cpu: T0 : 0x1501e    : c_sdsp s3, 24(sp)          : MemWrite :  D=0x0000000000072000 A=0x7ffffffffffffd08
2054500: system.cpu: T0 : 0x15020    : c_sdsp s4, 16(sp)          : MemWrite :  D=0x0000000000070000 A=0x7ffffffffffffd00
2055000: system.cpu: T0 : 0x15022    : c_sdsp s5, 8(sp)           : MemWrite :  D=0x0000000000072000 A=0x7ffffffffffffcf8
2055500: system.cpu: T0 : 0x15024    : c_sdsp s6, 0(sp)           : MemWrite :  D=0x0000000000072000 A=0x7ffffffffffffcf0
2056000: system.cpu: T0 : 0x15026    : c_beqz s1, 210             : IntAlu : 
2056500: system.cpu: T0 : 0x15028    : lbu a5, 0(a0)              : MemRead :  D=0x000000000000004c A=0x50800
2057000: system.cpu: T0 : 0x1502c    : c_mv s4, a0                : IntAlu :  D=0x0000000000050800
2057500: system.cpu: T0 : 0x1502e    : c_beqz a5, 202             : IntAlu : 
2058000: system.cpu: T0 : 0x15030    : lbu s5, 1(a0)              : MemRead :  D=0x0000000000000044 A=0x50801
2058500: system.cpu: T0 : 0x15034    : slliw s2, a5, 16           : IntAlu :  D=0x00000000004c0000
2059000: system.cpu: T0 : 0x15038    : c_ld s0, 0(s1)             : MemRead :  D=0x0000000000000000 A=0x7fffffffffffff48
2060000: system.cpu: T0 : 0x1503a    : sraiw s2, s2, 16           : IntAlu :  D=0x000000000000004c
2061000: system.cpu: T0 : 0x1503e    : bne s5, zero, 86           : IntAlu : 
2061500: system.cpu: T0 : 0x15094    : jal ra, 42504              : IntAlu :  D=0x0000000000015098
2062000: system.cpu: T0 : 0x1f69c    : andi a5, a0, 7             : IntAlu :  D=0x0000000000000000
2062500: system.cpu: T0 : 0x1f6a0    : c_beqz a5, 26              : IntAlu : 
2063000: system.cpu: T0 : 0x1f6ba    : c_mv a5, a0                : IntAlu :  D=0x0000000000050800
2063500: system.cpu: T0 : 0x1f6bc    : ld a6, -2024(gp)           : MemRead :  D=0xfefefefefefefeff A=0x708c0
2064000: system.cpu: T0 : 0x1f6c0    : ld a1, -2016(gp)           : MemRead :  D=0x8080808080808080 A=0x708c8
2064500: system.cpu: T0 : 0x1f6c4    : c_ld a2, 0(a5)             : MemRead :  D=0x5f444e49425f444c A=0x50800
2065500: system.cpu: T0 : 0x1f6c6    : addi a3, a5, 8             : IntAlu :  D=0x0000000000050808
2066500: system.cpu: T0 : 0x1f6ca    : add a4, a2, a6             : IntAlu :  D=0x5e434d48415e434b
2067500: system.cpu: T0 : 0x1f6ce    : xori a2, a2, 18446744073709551615 : IntAlu :  D=0xa0bbb1b6bda0bbb3
2068000: system.cpu: T0 : 0x1f6d2    : c_and a4, a2               : IntAlu :  D=0x0003010001000303
2068500: system.cpu: T0 : 0x1f6d4    : c_and a4, a1               : IntAlu :  D=0x0000000000000000
2069000: system.cpu: T0 : 0x1f6d6    : c_beqz a4, 50              : IntAlu : 
2069500: system.cpu: T0 : 0x1f708    : c_mv a5, a3                : IntAlu :  D=0x0000000000050808
2070000: system.cpu: T0 : 0x1f70a    : c_j -70                    : IntAlu : 
2070500: system.cpu: T0 : 0x1f6c4    : c_ld a2, 0(a5)             : MemRead :  D=0x0000000000544f4e A=0x50808
2071500: system.cpu: T0 : 0x1f6c6    : addi a3, a5, 8             : IntAlu :  D=0x0000000000050810
2072500: system.cpu: T0 : 0x1f6ca    : add a4, a2, a6             : IntAlu :  D=0xfefefefeff534e4d
2073500: system.cpu: T0 : 0x1f6ce    : xori a2, a2, 18446744073709551615 : IntAlu :  D=0xffffffffffabb0b1
2074000: system.cpu: T0 : 0x1f6d2    : c_and a4, a2               : IntAlu :  D=0xfefefefeff030001
2074500: system.cpu: T0 : 0x1f6d4    : c_and a4, a1               : IntAlu :  D=0x8080808080000000
2075000: system.cpu: T0 : 0x1f6d6    : c_beqz a4, 50              : IntAlu : 
2075500: system.cpu: T0 : 0x1f6d8    : lbu a4, -8(a3)             : MemRead :  D=0x000000000000004e A=0x50808
2076000: system.cpu: T0 : 0x1f6dc    : c_beqz a4, -40             : IntAlu : 
2077000: system.cpu: T0 : 0x1f6de    : lbu a4, -7(a3)             : MemRead :  D=0x000000000000004f A=0x50809
2077500: system.cpu: T0 : 0x1f6e2    : c_beqz a4, 50              : IntAlu : 
2078000: system.cpu: T0 : 0x1f6e4    : lbu a4, -6(a3)             : MemRead :  D=0x0000000000000054 A=0x5080a
2078500: system.cpu: T0 : 0x1f6e8    : c_beqz a4, 52              : IntAlu : 
2079500: system.cpu: T0 : 0x1f6ea    : lbu a4, -5(a3)             : MemRead :  D=0x0000000000000000 A=0x5080b
2080000: system.cpu: T0 : 0x1f6ee    : c_beqz a4, 54              : IntAlu : 
2080500: system.cpu: T0 : 0x1f724    : c_sub a5, a0               : IntAlu :  D=0x0000000000000008
2081500: system.cpu: T0 : 0x1f726    : addi a0, a5, 3             : IntAlu :  D=0x000000000000000b
2082000: system.cpu: T0 : 0x1f72a    : c_jr ra                    : IntAlu : 
2082500: system.cpu: T0 : 0x15098    : slli a5, s5, 8             : IntAlu :  D=0x0000000000004400
2083000: system.cpu: T0 : 0x1509c    : or a5, s2, a5              : IntAlu :  D=0x000000000000444c
2083500: system.cpu: T0 : 0x150a0    : slliw s2, a5, 16           : IntAlu :  D=0x00000000444c0000
2084000: system.cpu: T0 : 0x150a4    : c_mv s3, a0                : IntAlu :  D=0x000000000000000b
2085000: system.cpu: T0 : 0x150a6    : sraiw s2, s2, 16           : IntAlu :  D=0x000000000000444c
2086000: system.cpu: T0 : 0x150aa    : addi s5, a0, -2            : IntAlu :  D=0x0000000000000009
2086500: system.cpu: T0 : 0x150ae    : c_addi s4, 2               : IntAlu :  D=0x0000000000050802
2087000: system.cpu: T0 : 0x150b0    : c_beqz s0, -50             : IntAlu : 
2087500: system.cpu: T0 : 0x1507e    : c_ldsp ra, 56(sp)          : MemRead :  D=0x0000000000023232 A=0x7ffffffffffffd28
2088000: system.cpu: T0 : 0x15080    : c_mv a0, s0                : IntAlu :  D=0x0000000000000000
2088500: system.cpu: T0 : 0x15082    : c_ldsp s0, 48(sp)          : MemRead :  D=0x000000000006ef80 A=0x7ffffffffffffd20
2089000: system.cpu: T0 : 0x15084    : c_ldsp s1, 40(sp)          : MemRead :  D=0x000000000006fee0 A=0x7ffffffffffffd18
2089500: system.cpu: T0 : 0x15086    : c_ldsp s2, 32(sp)          : MemRead :  D=0x0000000000072000 A=0x7ffffffffffffd10
2090000: system.cpu: T0 : 0x15088    : c_ldsp s3, 24(sp)          : MemRead :  D=0x0000000000072000 A=0x7ffffffffffffd08
2090500: system.cpu: T0 : 0x1508a    : c_ldsp s4, 16(sp)          : MemRead :  D=0x0000000000070000 A=0x7ffffffffffffd00
2091000: system.cpu: T0 : 0x1508c    : c_ldsp s5, 8(sp)           : MemRead :  D=0x0000000000072000 A=0x7ffffffffffffcf8
2091500: system.cpu: T0 : 0x1508e    : c_ldsp s6, 0(sp)           : MemRead :  D=0x0000000000072000 A=0x7ffffffffffffcf0
2092000: system.cpu: T0 : 0x15090    : c_addi16sp sp, 64          : IntAlu :  D=0x7ffffffffffffd30
2092500: system.cpu: T0 : 0x15092    : c_jr ra                    : IntAlu : 
2093000: system.cpu: T0 : 0x23232    : c_li a5, 0                 : IntAlu :  D=0x0000000000000000
2093500: system.cpu: T0 : 0x23234    : c_beqz a0, 10              : IntAlu : 
2094500: system.cpu: T0 : 0x2323e    : lui a0, 81                 : IntAlu :  D=0x0000000000051000
2095500: system.cpu: T0 : 0x23242    : lui a4, 114                : IntAlu :  D=0x0000000000072000
2096500: system.cpu: T0 : 0x23246    : addi a0, a0, -2032         : IntAlu :  D=0x0000000000050810
2097500: system.cpu: T0 : 0x2324a    : sw a5, -376(a4)            : MemWrite :  D=0x0000000000000000 A=0x71e88
2098500: system.cpu: T0 : 0x2324e    : jal ra, -57918             : IntAlu :  D=0x0000000000023252
2099000: system.cpu: T0 : 0x15010    : c_addi16sp sp, -64         : IntAlu :  D=0x7ffffffffffffcf0
2099500: system.cpu: T0 : 0x15012    : c_sdsp s1, 40(sp)          : MemWrite :  D=0x000000000006fee0 A=0x7ffffffffffffd18
2100000: system.cpu: T0 : 0x15014    : ld s1, -1360(gp)           : MemRead :  D=0x7fffffffffffff48 A=0x70b58
2100500: system.cpu: T0 : 0x15018    : c_sdsp ra, 56(sp)          : MemWrite :  D=0x0000000000023252 A=0x7ffffffffffffd28
2101000: system.cpu: T0 : 0x1501a    : c_sdsp s0, 48(sp)          : MemWrite :  D=0x000000000006ef80 A=0x7ffffffffffffd20
2101500: system.cpu: T0 : 0x1501c    : c_sdsp s2, 32(sp)          : MemWrite :  D=0x0000000000072000 A=0x7ffffffffffffd10
2102000: system.cpu: T0 : 0x1501e    : c_sdsp s3, 24(sp)          : MemWrite :  D=0x0000000000072000 A=0x7ffffffffffffd08
2102500: system.cpu: T0 : 0x15020    : c_sdsp s4, 16(sp)          : MemWrite :  D=0x0000000000070000 A=0x7ffffffffffffd00
2103000: system.cpu: T0 : 0x15022    : c_sdsp s5, 8(sp)           : MemWrite :  D=0x0000000000072000 A=0x7ffffffffffffcf8
2103500: system.cpu: T0 : 0x15024    : c_sdsp s6, 0(sp)           : MemWrite :  D=0x0000000000072000 A=0x7ffffffffffffcf0
2104000: system.cpu: T0 : 0x15026    : c_beqz s1, 210             : IntAlu : 
2104500: system.cpu: T0 : 0x15028    : lbu a5, 0(a0)              : MemRead :  D=0x000000000000004c A=0x50810
2105000: system.cpu: T0 : 0x1502c    : c_mv s4, a0                : IntAlu :  D=0x0000000000050810
2105500: system.cpu: T0 : 0x1502e    : c_beqz a5, 202             : IntAlu : 
2106000: system.cpu: T0 : 0x15030    : lbu s5, 1(a0)              : MemRead :  D=0x0000000000000044 A=0x50811
2106500: system.cpu: T0 : 0x15034    : slliw s2, a5, 16           : IntAlu :  D=0x00000000004c0000
2107000: system.cpu: T0 : 0x15038    : c_ld s0, 0(s1)             : MemRead :  D=0x0000000000000000 A=0x7fffffffffffff48
2108000: system.cpu: T0 : 0x1503a    : sraiw s2, s2, 16           : IntAlu :  D=0x000000000000004c
2109000: system.cpu: T0 : 0x1503e    : bne s5, zero, 86           : IntAlu : 
2109500: system.cpu: T0 : 0x15094    : jal ra, 42504              : IntAlu :  D=0x0000000000015098
2110000: system.cpu: T0 : 0x1f69c    : andi a5, a0, 7             : IntAlu :  D=0x0000000000000000
2110500: system.cpu: T0 : 0x1f6a0    : c_beqz a5, 26              : IntAlu : 
2111000: system.cpu: T0 : 0x1f6ba    : c_mv a5, a0                : IntAlu :  D=0x0000000000050810
2111500: system.cpu: T0 : 0x1f6bc    : ld a6, -2024(gp)           : MemRead :  D=0xfefefefefefefeff A=0x708c0
2112000: system.cpu: T0 : 0x1f6c0    : ld a1, -2016(gp)           : MemRead :  D=0x8080808080808080 A=0x708c8
2112500: system.cpu: T0 : 0x1f6c4    : c_ld a2, 0(a5)             : MemRead :  D=0x4d414e59445f444c A=0x50810
2113500: system.cpu: T0 : 0x1f6c6    : addi a3, a5, 8             : IntAlu :  D=0x0000000000050818
2114500: system.cpu: T0 : 0x1f6ca    : add a4, a2, a6             : IntAlu :  D=0x4c404d58435e434b
2115500: system.cpu: T0 : 0x1f6ce    : xori a2, a2, 18446744073709551615 : IntAlu :  D=0xb2beb1a6bba0bbb3
2116000: system.cpu: T0 : 0x1f6d2    : c_and a4, a2               : IntAlu :  D=0x0000010003000303
2116500: system.cpu: T0 : 0x1f6d4    : c_and a4, a1               : IntAlu :  D=0x0000000000000000
2117000: system.cpu: T0 : 0x1f6d6    : c_beqz a4, 50              : IntAlu : 
2117500: system.cpu: T0 : 0x1f708    : c_mv a5, a3                : IntAlu :  D=0x0000000000050818
2118000: system.cpu: T0 : 0x1f70a    : c_j -70                    : IntAlu : 
2118500: system.cpu: T0 : 0x1f6c4    : c_ld a2, 0(a5)             : MemRead :  D=0x004b4145575f4349 A=0x50818
2119500: system.cpu: T0 : 0x1f6c6    : addi a3, a5, 8             : IntAlu :  D=0x0000000000050820
2120500: system.cpu: T0 : 0x1f6ca    : add a4, a2, a6             : IntAlu :  D=0xff4a4044565e4248
2121500: system.cpu: T0 : 0x1f6ce    : xori a2, a2, 18446744073709551615 : IntAlu :  D=0xffb4bebaa8a0bcb6
2122000: system.cpu: T0 : 0x1f6d2    : c_and a4, a2               : IntAlu :  D=0xff00000000000000
2122500: system.cpu: T0 : 0x1f6d4    : c_and a4, a1               : IntAlu :  D=0x8000000000000000
2123000: system.cpu: T0 : 0x1f6d6    : c_beqz a4, 50              : IntAlu : 
2123500: system.cpu: T0 : 0x1f6d8    : lbu a4, -8(a3)             : MemRead :  D=0x0000000000000049 A=0x50818
2124000: system.cpu: T0 : 0x1f6dc    : c_beqz a4, -40             : IntAlu : 
2125000: system.cpu: T0 : 0x1f6de    : lbu a4, -7(a3)             : MemRead :  D=0x0000000000000043 A=0x50819
2125500: system.cpu: T0 : 0x1f6e2    : c_beqz a4, 50              : IntAlu : 
2126000: system.cpu: T0 : 0x1f6e4    : lbu a4, -6(a3)             : MemRead :  D=0x000000000000005f A=0x5081a
2126500: system.cpu: T0 : 0x1f6e8    : c_beqz a4, 52              : IntAlu : 
2127500: system.cpu: T0 : 0x1f6ea    : lbu a4, -5(a3)             : MemRead :  D=0x0000000000000057 A=0x5081b
2128000: system.cpu: T0 : 0x1f6ee    : c_beqz a4, 54              : IntAlu : 
2128500: system.cpu: T0 : 0x1f6f0    : lbu a4, -4(a3)             : MemRead :  D=0x0000000000000045 A=0x5081c
2129000: system.cpu: T0 : 0x1f6f4    : c_beqz a4, 56              : IntAlu : 
2130000: system.cpu: T0 : 0x1f6f6    : lbu a4, -3(a3)             : MemRead :  D=0x0000000000000041 A=0x5081d
2130500: system.cpu: T0 : 0x1f6fa    : c_beqz a4, 58              : IntAlu : 
2131000: system.cpu: T0 : 0x1f6fc    : lbu a4, -2(a3)             : MemRead :  D=0x000000000000004b A=0x5081e
2131500: system.cpu: T0 : 0x1f700    : c_beqz a4, 60              : IntAlu : 
2132500: system.cpu: T0 : 0x1f702    : lbu a4, -1(a3)             : MemRead :  D=0x0000000000000000 A=0x5081f
2133000: system.cpu: T0 : 0x1f706    : c_beqz a4, 6               : IntAlu : 
2133500: system.cpu: T0 : 0x1f70c    : c_sub a5, a0               : IntAlu :  D=0x0000000000000008
2134500: system.cpu: T0 : 0x1f70e    : addi a0, a5, 7             : IntAlu :  D=0x000000000000000f
2135000: system.cpu: T0 : 0x1f712    : c_jr ra                    : IntAlu : 
2135500: system.cpu: T0 : 0x15098    : slli a5, s5, 8             : IntAlu :  D=0x0000000000004400
2136000: system.cpu: T0 : 0x1509c    : or a5, s2, a5              : IntAlu :  D=0x000000000000444c
2136500: system.cpu: T0 : 0x150a0    : slliw s2, a5, 16           : IntAlu :  D=0x00000000444c0000
2137000: system.cpu: T0 : 0x150a4    : c_mv s3, a0                : IntAlu :  D=0x000000000000000f
2138000: system.cpu: T0 : 0x150a6    : sraiw s2, s2, 16           : IntAlu :  D=0x000000000000444c
2139000: system.cpu: T0 : 0x150aa    : addi s5, a0, -2            : IntAlu :  D=0x000000000000000d
2139500: system.cpu: T0 : 0x150ae    : c_addi s4, 2               : IntAlu :  D=0x0000000000050812
2140000: system.cpu: T0 : 0x150b0    : c_beqz s0, -50             : IntAlu : 
2140500: system.cpu: T0 : 0x1507e    : c_ldsp ra, 56(sp)          : MemRead :  D=0x0000000000023252 A=0x7ffffffffffffd28
2141000: system.cpu: T0 : 0x15080    : c_mv a0, s0                : IntAlu :  D=0x0000000000000000
2141500: system.cpu: T0 : 0x15082    : c_ldsp s0, 48(sp)          : MemRead :  D=0x000000000006ef80 A=0x7ffffffffffffd20
2142000: system.cpu: T0 : 0x15084    : c_ldsp s1, 40(sp)          : MemRead :  D=0x000000000006fee0 A=0x7ffffffffffffd18
2142500: system.cpu: T0 : 0x15086    : c_ldsp s2, 32(sp)          : MemRead :  D=0x0000000000072000 A=0x7ffffffffffffd10
2143000: system.cpu: T0 : 0x15088    : c_ldsp s3, 24(sp)          : MemRead :  D=0x0000000000072000 A=0x7ffffffffffffd08
2143500: system.cpu: T0 : 0x1508a    : c_ldsp s4, 16(sp)          : MemRead :  D=0x0000000000070000 A=0x7ffffffffffffd00
2144000: system.cpu: T0 : 0x1508c    : c_ldsp s5, 8(sp)           : MemRead :  D=0x0000000000072000 A=0x7ffffffffffffcf8
2144500: system.cpu: T0 : 0x1508e    : c_ldsp s6, 0(sp)           : MemRead :  D=0x0000000000072000 A=0x7ffffffffffffcf0
2145000: system.cpu: T0 : 0x15090    : c_addi16sp sp, 64          : IntAlu :  D=0x7ffffffffffffd30
2145500: system.cpu: T0 : 0x15092    : c_jr ra                    : IntAlu : 
2146000: system.cpu: T0 : 0x23252    : c_li a5, 1                 : IntAlu :  D=0x0000000000000001
2146500: system.cpu: T0 : 0x23254    : c_beqz a0, 10              : IntAlu : 
2147500: system.cpu: T0 : 0x2325e    : lui a0, 81                 : IntAlu :  D=0x0000000000051000
2148500: system.cpu: T0 : 0x23262    : lui a4, 114                : IntAlu :  D=0x0000000000072000
2149500: system.cpu: T0 : 0x23266    : addi a0, a0, -2016         : IntAlu :  D=0x0000000000050820
2150500: system.cpu: T0 : 0x2326a    : sw a5, -300(a4)            : MemWrite :  D=0x0000000000000001 A=0x71ed4
2151500: system.cpu: T0 : 0x2326e    : jal ra, -57950             : IntAlu :  D=0x0000000000023272
2152000: system.cpu: T0 : 0x15010    : c_addi16sp sp, -64         : IntAlu :  D=0x7ffffffffffffcf0
2152500: system.cpu: T0 : 0x15012    : c_sdsp s1, 40(sp)          : MemWrite :  D=0x000000000006fee0 A=0x7ffffffffffffd18
2153000: system.cpu: T0 : 0x15014    : ld s1, -1360(gp)           : MemRead :  D=0x7fffffffffffff48 A=0x70b58
2153500: system.cpu: T0 : 0x15018    : c_sdsp ra, 56(sp)          : MemWrite :  D=0x0000000000023272 A=0x7ffffffffffffd28
2154000: system.cpu: T0 : 0x1501a    : c_sdsp s0, 48(sp)          : MemWrite :  D=0x000000000006ef80 A=0x7ffffffffffffd20
2154500: system.cpu: T0 : 0x1501c    : c_sdsp s2, 32(sp)          : MemWrite :  D=0x0000000000072000 A=0x7ffffffffffffd10
2155000: system.cpu: T0 : 0x1501e    : c_sdsp s3, 24(sp)          : MemWrite :  D=0x0000000000072000 A=0x7ffffffffffffd08
2155500: system.cpu: T0 : 0x15020    : c_sdsp s4, 16(sp)          : MemWrite :  D=0x0000000000070000 A=0x7ffffffffffffd00
2156000: system.cpu: T0 : 0x15022    : c_sdsp s5, 8(sp)           : MemWrite :  D=0x0000000000072000 A=0x7ffffffffffffcf8
2156500: system.cpu: T0 : 0x15024    : c_sdsp s6, 0(sp)           : MemWrite :  D=0x0000000000072000 A=0x7ffffffffffffcf0
2157000: system.cpu: T0 : 0x15026    : c_beqz s1, 210             : IntAlu : 
2157500: system.cpu: T0 : 0x15028    : lbu a5, 0(a0)              : MemRead :  D=0x000000000000004c A=0x50820
2158000: system.cpu: T0 : 0x1502c    : c_mv s4, a0                : IntAlu :  D=0x0000000000050820
2158500: system.cpu: T0 : 0x1502e    : c_beqz a5, 202             : IntAlu : 
2159000: system.cpu: T0 : 0x15030    : lbu s5, 1(a0)              : MemRead :  D=0x0000000000000044 A=0x50821
2159500: system.cpu: T0 : 0x15034    : slliw s2, a5, 16           : IntAlu :  D=0x00000000004c0000
2160000: system.cpu: T0 : 0x15038    : c_ld s0, 0(s1)             : MemRead :  D=0x0000000000000000 A=0x7fffffffffffff48
2161000: system.cpu: T0 : 0x1503a    : sraiw s2, s2, 16           : IntAlu :  D=0x000000000000004c
2162000: system.cpu: T0 : 0x1503e    : bne s5, zero, 86           : IntAlu : 
2162500: system.cpu: T0 : 0x15094    : jal ra, 42504              : IntAlu :  D=0x0000000000015098
2163000: system.cpu: T0 : 0x1f69c    : andi a5, a0, 7             : IntAlu :  D=0x0000000000000000
2163500: system.cpu: T0 : 0x1f6a0    : c_beqz a5, 26              : IntAlu : 
2164000: system.cpu: T0 : 0x1f6ba    : c_mv a5, a0                : IntAlu :  D=0x0000000000050820
2164500: system.cpu: T0 : 0x1f6bc    : ld a6, -2024(gp)           : MemRead :  D=0xfefefefefefefeff A=0x708c0
2165000: system.cpu: T0 : 0x1f6c0    : ld a1, -2016(gp)           : MemRead :  D=0x8080808080808080 A=0x708c8
2165500: system.cpu: T0 : 0x1f6c4    : c_ld a2, 0(a5)             : MemRead :  D=0x49464f52505f444c A=0x50820
2166500: system.cpu: T0 : 0x1f6c6    : addi a3, a5, 8             : IntAlu :  D=0x0000000000050828
2167500: system.cpu: T0 : 0x1f6ca    : add a4, a2, a6             : IntAlu :  D=0x48454e514f5e434b
2168500: system.cpu: T0 : 0x1f6ce    : xori a2, a2, 18446744073709551615 : IntAlu :  D=0xb6b9b0adafa0bbb3
2169000: system.cpu: T0 : 0x1f6d2    : c_and a4, a2               : IntAlu :  D=0x000100010f000303
2169500: system.cpu: T0 : 0x1f6d4    : c_and a4, a1               : IntAlu :  D=0x0000000000000000
2170000: system.cpu: T0 : 0x1f6d6    : c_beqz a4, 50              : IntAlu : 
2170500: system.cpu: T0 : 0x1f708    : c_mv a5, a3                : IntAlu :  D=0x0000000000050828
2171000: system.cpu: T0 : 0x1f70a    : c_j -70                    : IntAlu : 
2171500: system.cpu: T0 : 0x1f6c4    : c_ld a2, 0(a5)             : MemRead :  D=0x555054554f5f454c A=0x50828
2172500: system.cpu: T0 : 0x1f6c6    : addi a3, a5, 8             : IntAlu :  D=0x0000000000050830
2173500: system.cpu: T0 : 0x1f6ca    : add a4, a2, a6             : IntAlu :  D=0x544f53544e5e444b
2174500: system.cpu: T0 : 0x1f6ce    : xori a2, a2, 18446744073709551615 : IntAlu :  D=0xaaafabaab0a0bab3
2175000: system.cpu: T0 : 0x1f6d2    : c_and a4, a2               : IntAlu :  D=0x000f030000000003
2175500: system.cpu: T0 : 0x1f6d4    : c_and a4, a1               : IntAlu :  D=0x0000000000000000
2176000: system.cpu: T0 : 0x1f6d6    : c_beqz a4, 50              : IntAlu : 
2176500: system.cpu: T0 : 0x1f708    : c_mv a5, a3                : IntAlu :  D=0x0000000000050830
2177000: system.cpu: T0 : 0x1f70a    : c_j -70                    : IntAlu : 
2177500: system.cpu: T0 : 0x1f6c4    : c_ld a2, 0(a5)             : MemRead :  D=0x0000000000000054 A=0x50830
2178500: system.cpu: T0 : 0x1f6c6    : addi a3, a5, 8             : IntAlu :  D=0x0000000000050838
2179500: system.cpu: T0 : 0x1f6ca    : add a4, a2, a6             : IntAlu :  D=0xfefefefefefeff53
2180500: system.cpu: T0 : 0x1f6ce    : xori a2, a2, 18446744073709551615 : IntAlu :  D=0xffffffffffffffab
2181000: system.cpu: T0 : 0x1f6d2    : c_and a4, a2               : IntAlu :  D=0xfefefefefefeff03
2181500: system.cpu: T0 : 0x1f6d4    : c_and a4, a1               : IntAlu :  D=0x8080808080808000
2182000: system.cpu: T0 : 0x1f6d6    : c_beqz a4, 50              : IntAlu : 
2182500: system.cpu: T0 : 0x1f6d8    : lbu a4, -8(a3)             : MemRead :  D=0x0000000000000054 A=0x50830
2183000: system.cpu: T0 : 0x1f6dc    : c_beqz a4, -40             : IntAlu : 
2184000: system.cpu: T0 : 0x1f6de    : lbu a4, -7(a3)             : MemRead :  D=0x0000000000000000 A=0x50831
2184500: system.cpu: T0 : 0x1f6e2    : c_beqz a4, 50              : IntAlu : 
2185000: system.cpu: T0 : 0x1f714    : c_sub a5, a0               : IntAlu :  D=0x0000000000000010
2186000: system.cpu: T0 : 0x1f716    : addi a0, a5, 1             : IntAlu :  D=0x0000000000000011
2186500: system.cpu: T0 : 0x1f71a    : c_jr ra                    : IntAlu : 
2187000: system.cpu: T0 : 0x15098    : slli a5, s5, 8             : IntAlu :  D=0x0000000000004400
2187500: system.cpu: T0 : 0x1509c    : or a5, s2, a5              : IntAlu :  D=0x000000000000444c
2188000: system.cpu: T0 : 0x150a0    : slliw s2, a5, 16           : IntAlu :  D=0x00000000444c0000
2188500: system.cpu: T0 : 0x150a4    : c_mv s3, a0                : IntAlu :  D=0x0000000000000011
2189500: system.cpu: T0 : 0x150a6    : sraiw s2, s2, 16           : IntAlu :  D=0x000000000000444c
2190500: system.cpu: T0 : 0x150aa    : addi s5, a0, -2            : IntAlu :  D=0x000000000000000f
2191000: system.cpu: T0 : 0x150ae    : c_addi s4, 2               : IntAlu :  D=0x0000000000050822
2191500: system.cpu: T0 : 0x150b0    : c_beqz s0, -50             : IntAlu : 
2192000: system.cpu: T0 : 0x1507e    : c_ldsp ra, 56(sp)          : MemRead :  D=0x0000000000023272 A=0x7ffffffffffffd28
2192500: system.cpu: T0 : 0x15080    : c_mv a0, s0                : IntAlu :  D=0x0000000000000000
2193000: system.cpu: T0 : 0x15082    : c_ldsp s0, 48(sp)          : MemRead :  D=0x000000000006ef80 A=0x7ffffffffffffd20
2193500: system.cpu: T0 : 0x15084    : c_ldsp s1, 40(sp)          : MemRead :  D=0x000000000006fee0 A=0x7ffffffffffffd18
2194000: system.cpu: T0 : 0x15086    : c_ldsp s2, 32(sp)          : MemRead :  D=0x0000000000072000 A=0x7ffffffffffffd10
2194500: system.cpu: T0 : 0x15088    : c_ldsp s3, 24(sp)          : MemRead :  D=0x0000000000072000 A=0x7ffffffffffffd08
2195000: system.cpu: T0 : 0x1508a    : c_ldsp s4, 16(sp)          : MemRead :  D=0x0000000000070000 A=0x7ffffffffffffd00
2195500: system.cpu: T0 : 0x1508c    : c_ldsp s5, 8(sp)           : MemRead :  D=0x0000000000072000 A=0x7ffffffffffffcf8
2196000: system.cpu: T0 : 0x1508e    : c_ldsp s6, 0(sp)           : MemRead :  D=0x0000000000072000 A=0x7ffffffffffffcf0
2196500: system.cpu: T0 : 0x15090    : c_addi16sp sp, 64          : IntAlu :  D=0x7ffffffffffffd30
2197000: system.cpu: T0 : 0x15092    : c_jr ra                    : IntAlu : 
2198000: system.cpu: T0 : 0x23272    : lui a4, 114                : IntAlu :  D=0x0000000000072000
2199000: system.cpu: T0 : 0x23276    : sd a0, -416(a4)            : MemWrite :  D=0x0000000000000000 A=0x71e60
2200000: system.cpu: T0 : 0x2327a    : beq a0, zero, 550          : IntAlu : 
2200500: system.cpu: T0 : 0x234a0    : lui a5, 111                : IntAlu :  D=0x000000000006f000
2201000: system.cpu: T0 : 0x234a4    : lw a5, -72(a5)             : MemRead :  D=0x0000000000000000 A=0x6efb8
2201500: system.cpu: T0 : 0x234a8    : c_beqz a5, -140            : IntAlu : 
2202000: system.cpu: T0 : 0x2341c    : lui a3, 80                 : IntAlu :  D=0x0000000000050000
2202500: system.cpu: T0 : 0x23420    : addi a3, a3, 1360          : IntAlu :  D=0x0000000000050550
2203000: system.cpu: T0 : 0x23424    : c_j -396                   : IntAlu : 
2203500: system.cpu: T0 : 0x23298    : sd a3, -416(a4)            : MemWrite :  D=0x0000000000050550 A=0x71e60
2204000: system.cpu: T0 : 0x2329c    : bne a5, zero, 344          : IntAlu : 
2204500: system.cpu: T0 : 0x232a0    : lui a0, 81                 : IntAlu :  D=0x0000000000051000
2205000: system.cpu: T0 : 0x232a4    : addi a0, a0, -1992         : IntAlu :  D=0x0000000000050838
2205500: system.cpu: T0 : 0x232a8    : jal ra, -58008             : IntAlu :  D=0x00000000000232ac
2206000: system.cpu: T0 : 0x15010    : c_addi16sp sp, -64         : IntAlu :  D=0x7ffffffffffffcf0
2206500: system.cpu: T0 : 0x15012    : c_sdsp s1, 40(sp)          : MemWrite :  D=0x000000000006fee0 A=0x7ffffffffffffd18
2207000: system.cpu: T0 : 0x15014    : ld s1, -1360(gp)           : MemRead :  D=0x7fffffffffffff48 A=0x70b58
2207500: system.cpu: T0 : 0x15018    : c_sdsp ra, 56(sp)          : MemWrite :  D=0x00000000000232ac A=0x7ffffffffffffd28
2208000: system.cpu: T0 : 0x1501a    : c_sdsp s0, 48(sp)          : MemWrite :  D=0x000000000006ef80 A=0x7ffffffffffffd20
2208500: system.cpu: T0 : 0x1501c    : c_sdsp s2, 32(sp)          : MemWrite :  D=0x0000000000072000 A=0x7ffffffffffffd10
2209000: system.cpu: T0 : 0x1501e    : c_sdsp s3, 24(sp)          : MemWrite :  D=0x0000000000072000 A=0x7ffffffffffffd08
2209500: system.cpu: T0 : 0x15020    : c_sdsp s4, 16(sp)          : MemWrite :  D=0x0000000000070000 A=0x7ffffffffffffd00
2210000: system.cpu: T0 : 0x15022    : c_sdsp s5, 8(sp)           : MemWrite :  D=0x0000000000072000 A=0x7ffffffffffffcf8
2210500: system.cpu: T0 : 0x15024    : c_sdsp s6, 0(sp)           : MemWrite :  D=0x0000000000072000 A=0x7ffffffffffffcf0
2211000: system.cpu: T0 : 0x15026    : c_beqz s1, 210             : IntAlu : 
2211500: system.cpu: T0 : 0x15028    : lbu a5, 0(a0)              : MemRead :  D=0x000000000000004c A=0x50838
2212000: system.cpu: T0 : 0x1502c    : c_mv s4, a0                : IntAlu :  D=0x0000000000050838
2212500: system.cpu: T0 : 0x1502e    : c_beqz a5, 202             : IntAlu : 
2213000: system.cpu: T0 : 0x15030    : lbu s5, 1(a0)              : MemRead :  D=0x0000000000000044 A=0x50839
2213500: system.cpu: T0 : 0x15034    : slliw s2, a5, 16           : IntAlu :  D=0x00000000004c0000
2214000: system.cpu: T0 : 0x15038    : c_ld s0, 0(s1)             : MemRead :  D=0x0000000000000000 A=0x7fffffffffffff48
2215000: system.cpu: T0 : 0x1503a    : sraiw s2, s2, 16           : IntAlu :  D=0x000000000000004c
2216000: system.cpu: T0 : 0x1503e    : bne s5, zero, 86           : IntAlu : 
2216500: system.cpu: T0 : 0x15094    : jal ra, 42504              : IntAlu :  D=0x0000000000015098
2217000: system.cpu: T0 : 0x1f69c    : andi a5, a0, 7             : IntAlu :  D=0x0000000000000000
2217500: system.cpu: T0 : 0x1f6a0    : c_beqz a5, 26              : IntAlu : 
2218000: system.cpu: T0 : 0x1f6ba    : c_mv a5, a0                : IntAlu :  D=0x0000000000050838
2218500: system.cpu: T0 : 0x1f6bc    : ld a6, -2024(gp)           : MemRead :  D=0xfefefefefefefeff A=0x708c0
2219000: system.cpu: T0 : 0x1f6c0    : ld a1, -2016(gp)           : MemRead :  D=0x8080808080808080 A=0x708c8
2219500: system.cpu: T0 : 0x1f6c4    : c_ld a2, 0(a5)             : MemRead :  D=0x4d555353415f444c A=0x50838
2220500: system.cpu: T0 : 0x1f6c6    : addi a3, a5, 8             : IntAlu :  D=0x0000000000050840
2221500: system.cpu: T0 : 0x1f6ca    : add a4, a2, a6             : IntAlu :  D=0x4c545252405e434b
2222500: system.cpu: T0 : 0x1f6ce    : xori a2, a2, 18446744073709551615 : IntAlu :  D=0xb2aaacacbea0bbb3
2223000: system.cpu: T0 : 0x1f6d2    : c_and a4, a2               : IntAlu :  D=0x0000000000000303
2223500: system.cpu: T0 : 0x1f6d4    : c_and a4, a1               : IntAlu :  D=0x0000000000000000
2224000: system.cpu: T0 : 0x1f6d6    : c_beqz a4, 50              : IntAlu : 
2224500: system.cpu: T0 : 0x1f708    : c_mv a5, a3                : IntAlu :  D=0x0000000000050840
2225000: system.cpu: T0 : 0x1f70a    : c_j -70                    : IntAlu : 
2225500: system.cpu: T0 : 0x1f6c4    : c_ld a2, 0(a5)             : MemRead :  D=0x4c454e52454b5f45 A=0x50840
2226500: system.cpu: T0 : 0x1f6c6    : addi a3, a5, 8             : IntAlu :  D=0x0000000000050848
2227500: system.cpu: T0 : 0x1f6ca    : add a4, a2, a6             : IntAlu :  D=0x4b444d51444a5e44
2228500: system.cpu: T0 : 0x1f6ce    : xori a2, a2, 18446744073709551615 : IntAlu :  D=0xb3bab1adbab4a0ba
2229000: system.cpu: T0 : 0x1f6d2    : c_and a4, a2               : IntAlu :  D=0x0300010100000000
2229500: system.cpu: T0 : 0x1f6d4    : c_and a4, a1               : IntAlu :  D=0x0000000000000000
2230000: system.cpu: T0 : 0x1f6d6    : c_beqz a4, 50              : IntAlu : 
2230500: system.cpu: T0 : 0x1f708    : c_mv a5, a3                : IntAlu :  D=0x0000000000050848
2231000: system.cpu: T0 : 0x1f70a    : c_j -70                    : IntAlu : 
2231500: system.cpu: T0 : 0x1f6c4    : c_ld a2, 0(a5)             : MemRead :  D=0x0000000000000000 A=0x50848
2232500: system.cpu: T0 : 0x1f6c6    : addi a3, a5, 8             : IntAlu :  D=0x0000000000050850
2233500: system.cpu: T0 : 0x1f6ca    : add a4, a2, a6             : IntAlu :  D=0xfefefefefefefeff
2234500: system.cpu: T0 : 0x1f6ce    : xori a2, a2, 18446744073709551615 : IntAlu :  D=0xffffffffffffffff
2235000: system.cpu: T0 : 0x1f6d2    : c_and a4, a2               : IntAlu :  D=0xfefefefefefefeff
2235500: system.cpu: T0 : 0x1f6d4    : c_and a4, a1               : IntAlu :  D=0x8080808080808080
2236000: system.cpu: T0 : 0x1f6d6    : c_beqz a4, 50              : IntAlu : 
2236500: system.cpu: T0 : 0x1f6d8    : lbu a4, -8(a3)             : MemRead :  D=0x0000000000000000 A=0x50848
2237000: system.cpu: T0 : 0x1f6dc    : c_beqz a4, -40             : IntAlu : 
2237500: system.cpu: T0 : 0x1f6b4    : sub a0, a5, a0             : IntAlu :  D=0x0000000000000010
2238000: system.cpu: T0 : 0x1f6b8    : c_jr ra                    : IntAlu : 
2238500: system.cpu: T0 : 0x15098    : slli a5, s5, 8             : IntAlu :  D=0x0000000000004400
2239000: system.cpu: T0 : 0x1509c    : or a5, s2, a5              : IntAlu :  D=0x000000000000444c
2239500: system.cpu: T0 : 0x150a0    : slliw s2, a5, 16           : IntAlu :  D=0x00000000444c0000
2240000: system.cpu: T0 : 0x150a4    : c_mv s3, a0                : IntAlu :  D=0x0000000000000010
2241000: system.cpu: T0 : 0x150a6    : sraiw s2, s2, 16           : IntAlu :  D=0x000000000000444c
2242000: system.cpu: T0 : 0x150aa    : addi s5, a0, -2            : IntAlu :  D=0x000000000000000e
2242500: system.cpu: T0 : 0x150ae    : c_addi s4, 2               : IntAlu :  D=0x000000000005083a
2243000: system.cpu: T0 : 0x150b0    : c_beqz s0, -50             : IntAlu : 
2243500: system.cpu: T0 : 0x1507e    : c_ldsp ra, 56(sp)          : MemRead :  D=0x00000000000232ac A=0x7ffffffffffffd28
2244000: system.cpu: T0 : 0x15080    : c_mv a0, s0                : IntAlu :  D=0x0000000000000000
2244500: system.cpu: T0 : 0x15082    : c_ldsp s0, 48(sp)          : MemRead :  D=0x000000000006ef80 A=0x7ffffffffffffd20
2245000: system.cpu: T0 : 0x15084    : c_ldsp s1, 40(sp)          : MemRead :  D=0x000000000006fee0 A=0x7ffffffffffffd18
2245500: system.cpu: T0 : 0x15086    : c_ldsp s2, 32(sp)          : MemRead :  D=0x0000000000072000 A=0x7ffffffffffffd10
2246000: system.cpu: T0 : 0x15088    : c_ldsp s3, 24(sp)          : MemRead :  D=0x0000000000072000 A=0x7ffffffffffffd08
2246500: system.cpu: T0 : 0x1508a    : c_ldsp s4, 16(sp)          : MemRead :  D=0x0000000000070000 A=0x7ffffffffffffd00
2247000: system.cpu: T0 : 0x1508c    : c_ldsp s5, 8(sp)           : MemRead :  D=0x0000000000072000 A=0x7ffffffffffffcf8
2247500: system.cpu: T0 : 0x1508e    : c_ldsp s6, 0(sp)           : MemRead :  D=0x0000000000072000 A=0x7ffffffffffffcf0
2248000: system.cpu: T0 : 0x15090    : c_addi16sp sp, 64          : IntAlu :  D=0x7ffffffffffffd30
2248500: system.cpu: T0 : 0x15092    : c_jr ra                    : IntAlu : 
2249000: system.cpu: T0 : 0x232ac    : c_mv s0, a0                : IntAlu :  D=0x0000000000000000
2249500: system.cpu: T0 : 0x232ae    : c_beqz a0, 76              : IntAlu : 
2250500: system.cpu: T0 : 0x232fa    : lui a5, 114                : IntAlu :  D=0x0000000000072000
2251500: system.cpu: T0 : 0x232fe    : ld a0, -360(a5)            : MemRead :  D=0x0000000000000000 A=0x71e98
2252000: system.cpu: T0 : 0x23302    : c_beqz a0, 14              : IntAlu : 
2252500: system.cpu: T0 : 0x23310    : ld a5, -328(s2)            : MemRead :  D=0x0000000000010040 A=0x71eb8
2253000: system.cpu: T0 : 0x23314    : ld t3, 1120(s1)            : MemRead :  D=0x0000000000000000 A=0x70340
2253500: system.cpu: T0 : 0x23318    : c_beqz a5, 110             : IntAlu : 
2254500: system.cpu: T0 : 0x2331a    : ld a4, -272(s3)            : MemRead :  D=0x0000000000000006 A=0x71ef0
2255500: system.cpu: T0 : 0x2331e    : slli a3, a4, 3             : IntAlu :  D=0x0000000000000030
2256000: system.cpu: T0 : 0x23322    : c_sub a3, a4               : IntAlu :  D=0x000000000000002a
2256500: system.cpu: T0 : 0x23324    : c_slli a3, 3               : IntAlu :  D=0x0000000000000150
2257000: system.cpu: T0 : 0x23326    : c_add a3, a5               : IntAlu :  D=0x0000000000010190
2257500: system.cpu: T0 : 0x23328    : bgeu a5, a3, 94            : IntAlu : 
2258000: system.cpu: T0 : 0x2332c    : lui a2, 411470             : IntAlu :  D=0x000000006474e000
2258500: system.cpu: T0 : 0x23330    : addi a1, a2, 1361          : IntAlu :  D=0x000000006474e551
2259000: system.cpu: T0 : 0x23334    : ld t4, 1112(s1)            : MemRead :  D=0x0000000000000000 A=0x70338
2259500: system.cpu: T0 : 0x23338    : lw t1, -1800(gp)           : MemRead :  D=0x0000000000000006 A=0x709a0
2260000: system.cpu: T0 : 0x2333c    : c_mv a6, t3                : IntAlu :  D=0x0000000000000000
2260500: system.cpu: T0 : 0x2333e    : c_li a7, 0                 : IntAlu :  D=0x0000000000000000
2261000: system.cpu: T0 : 0x23340    : c_li a0, 0                 : IntAlu :  D=0x0000000000000000
2262000: system.cpu: T0 : 0x23342    : addi a2, a2, 1362          : IntAlu :  D=0x000000006474e552
2262500: system.cpu: T0 : 0x23346    : c_j 24                     : IntAlu : 
2263000: system.cpu: T0 : 0x2335e    : c_lw a4, 0(a5)             : MemRead :  D=0x0000000000000001 A=0x10040
2263500: system.cpu: T0 : 0x23360    : bne a4, a1, -24            : IntAlu : 
2264000: system.cpu: T0 : 0x23348    : bne a4, a2, 14             : IntAlu : 
2265000: system.cpu: T0 : 0x23356    : addi a5, a5, 56            : IntAlu :  D=0x0000000000010078
2266000: system.cpu: T0 : 0x2335a    : bgeu a5, a3, 24            : IntAlu : 
2266500: system.cpu: T0 : 0x2335e    : c_lw a4, 0(a5)             : MemRead :  D=0x0000000000000001 A=0x10078
2267000: system.cpu: T0 : 0x23360    : bne a4, a1, -24            : IntAlu : 
2267500: system.cpu: T0 : 0x23348    : bne a4, a2, 14             : IntAlu : 
2268500: system.cpu: T0 : 0x23356    : addi a5, a5, 56            : IntAlu :  D=0x00000000000100b0
2269500: system.cpu: T0 : 0x2335a    : bgeu a5, a3, 24            : IntAlu : 
2270000: system.cpu: T0 : 0x2335e    : c_lw a4, 0(a5)             : MemRead :  D=0x0000000000000004 A=0x100b0
2270500: system.cpu: T0 : 0x23360    : bne a4, a1, -24            : IntAlu : 
2271000: system.cpu: T0 : 0x23348    : bne a4, a2, 14             : IntAlu : 
2272000: system.cpu: T0 : 0x23356    : addi a5, a5, 56            : IntAlu :  D=0x00000000000100e8
2273000: system.cpu: T0 : 0x2335a    : bgeu a5, a3, 24            : IntAlu : 
2273500: system.cpu: T0 : 0x2335e    : c_lw a4, 0(a5)             : MemRead :  D=0x0000000000000007 A=0x100e8
2274000: system.cpu: T0 : 0x23360    : bne a4, a1, -24            : IntAlu : 
2274500: system.cpu: T0 : 0x23348    : bne a4, a2, 14             : IntAlu : 
2275500: system.cpu: T0 : 0x23356    : addi a5, a5, 56            : IntAlu :  D=0x0000000000010120
2276500: system.cpu: T0 : 0x2335a    : bgeu a5, a3, 24            : IntAlu : 
2277000: system.cpu: T0 : 0x2335e    : c_lw a4, 0(a5)             : MemRead :  D=0x000000006474e551 A=0x10120
2277500: system.cpu: T0 : 0x23360    : bne a4, a1, -24            : IntAlu : 
2278000: system.cpu: T0 : 0x23364    : lw t1, 4(a5)               : MemRead :  D=0x0000000000000006 A=0x10124
2278500: system.cpu: T0 : 0x23368    : addi a5, a5, 56            : IntAlu :  D=0x0000000000010158
2279000: system.cpu: T0 : 0x2336c    : c_li a0, 1                 : IntAlu :  D=0x0000000000000001
2280000: system.cpu: T0 : 0x2336e    : bltu a5, a3, -16           : IntAlu : 
2280500: system.cpu: T0 : 0x2335e    : c_lw a4, 0(a5)             : MemRead :  D=0x000000006474e552 A=0x10158
2281000: system.cpu: T0 : 0x23360    : bne a4, a1, -24            : IntAlu : 
2281500: system.cpu: T0 : 0x23348    : bne a4, a2, 14             : IntAlu : 
2282000: system.cpu: T0 : 0x2334c    : ld t4, 16(a5)              : MemRead :  D=0x000000000006ead0 A=0x10168
2282500: system.cpu: T0 : 0x23350    : ld a6, 40(a5)              : MemRead :  D=0x0000000000000530 A=0x10180
2283000: system.cpu: T0 : 0x23354    : c_li a7, 1                 : IntAlu :  D=0x0000000000000001
2284000: system.cpu: T0 : 0x23356    : addi a5, a5, 56            : IntAlu :  D=0x0000000000010190
2285000: system.cpu: T0 : 0x2335a    : bgeu a5, a3, 24            : IntAlu : 
2285500: system.cpu: T0 : 0x23372    : c_beqz a0, 6               : IntAlu : 
2286000: system.cpu: T0 : 0x23374    : sw t1, -1800(gp)           : MemWrite :  D=0x0000000000000006 A=0x709a0
2286500: system.cpu: T0 : 0x23378    : beq a7, zero, 14           : IntAlu : 
2287000: system.cpu: T0 : 0x2337c    : sd t4, 1112(s1)            : MemWrite :  D=0x000000000006ead0 A=0x70338
2287500: system.cpu: T0 : 0x23380    : sd a6, 1120(s1)            : MemWrite :  D=0x0000000000000530 A=0x70340
2288000: system.cpu: T0 : 0x23384    : c_mv t3, a6                : IntAlu :  D=0x0000000000000530
2289000: system.cpu: T0 : 0x23386    : bne t3, zero, 272          : IntAlu : 
2290000: system.cpu: T0 : 0x23496    : addi a0, s4, -288          : IntAlu :  D=0x000000000006fee0
2291000: system.cpu: T0 : 0x2349a    : jal ra, 106388             : IntAlu :  D=0x000000000002349e
2291500: system.cpu: T0 : 0x3d42e    : c_addi sp, -16             : IntAlu :  D=0x7ffffffffffffd20
2292000: system.cpu: T0 : 0x3d430    : c_ld a5, 0(a0)             : MemRead :  D=0x0000000000000000 A=0x6fee0
2292500: system.cpu: T0 : 0x3d432    : c_sdsp s0, 0(sp)           : MemWrite :  D=0x0000000000000000 A=0x7ffffffffffffd20
2293000: system.cpu: T0 : 0x3d434    : c_mv s0, a0                : IntAlu :  D=0x000000000006fee0
2294000: system.cpu: T0 : 0x3d436    : ld a0, 1112(a0)            : MemRead :  D=0x000000000006ead0 A=0x70338
2295000: system.cpu: T0 : 0x3d43a    : ld a4, -1784(gp)           : MemRead :  D=0x0000000000001000 A=0x709b0
2296000: system.cpu: T0 : 0x3d43e    : ld a1, 1120(s0)            : MemRead :  D=0x0000000000000530 A=0x70340
2296500: system.cpu: T0 : 0x3d442    : c_add a5, a0               : IntAlu :  D=0x000000000006ead0
2297000: system.cpu: T0 : 0x3d444    : sub a4, zero, a4           : IntAlu :  D=0xfffffffffffff000
2297500: system.cpu: T0 : 0x3d448    : c_add a1, a5               : IntAlu :  D=0x000000000006f000
2298000: system.cpu: T0 : 0x3d44a    : c_sdsp ra, 8(sp)           : MemWrite :  D=0x000000000002349e A=0x7ffffffffffffd28
2298500: system.cpu: T0 : 0x3d44c    : and a0, a5, a4             : IntAlu :  D=0x000000000006e000
2299000: system.cpu: T0 : 0x3d450    : c_and a1, a4               : IntAlu :  D=0x000000000006f000
2300000: system.cpu: T0 : 0x3d452    : bne a0, a1, 12             : IntAlu : 
2300500: system.cpu: T0 : 0x3d45e    : c_li a2, 1                 : IntAlu :  D=0x0000000000000001
2301000: system.cpu: T0 : 0x3d460    : c_sub a1, a0               : IntAlu :  D=0x0000000000001000
2302000: system.cpu: T0 : 0x3d462    : jal ra, -113354            : IntAlu :  D=0x000000000003d466
2302500: system.cpu: T0 : 0x21998    : addi a7, zero, 226         : IntAlu :  D=0x00000000000000e2
2303000: system.cpu: T0 : 0x2199c    : ecall                      : No_OpClass : 
2303500: system.cpu: T0 : 0x219a0    : c_lui a7, 1048575          : IntAlu :  D=0xfffffffffffff000
2304500: system.cpu: T0 : 0x219a2    : bltu a7, a0, 6             : IntAlu : 
2305000: system.cpu: T0 : 0x219a6    : c_jr ra                    : IntAlu : 
2306000: system.cpu: T0 : 0x3d466    : bge a0, zero, -16          : IntAlu : 
2306500: system.cpu: T0 : 0x3d456    : c_ldsp ra, 8(sp)           : MemRead :  D=0x000000000002349e A=0x7ffffffffffffd28
2307000: system.cpu: T0 : 0x3d458    : c_ldsp s0, 0(sp)           : MemRead :  D=0x0000000000000000 A=0x7ffffffffffffd20
2307500: system.cpu: T0 : 0x3d45a    : c_addi sp, 16              : IntAlu :  D=0x7ffffffffffffd30
2308000: system.cpu: T0 : 0x3d45c    : c_jr ra                    : IntAlu : 
2308500: system.cpu: T0 : 0x2349e    : c_j -276                   : IntAlu : 
2309000: system.cpu: T0 : 0x2338a    : c_ldsp ra, 152(sp)         : MemRead :  D=0x000000000002371c A=0x7ffffffffffffdc8
2309500: system.cpu: T0 : 0x2338c    : c_ldsp s0, 144(sp)         : MemRead :  D=0x0000000000000001 A=0x7ffffffffffffdc0
2310000: system.cpu: T0 : 0x2338e    : c_ldsp s1, 136(sp)         : MemRead :  D=0x7fffffffffffff38 A=0x7ffffffffffffdb8
2310500: system.cpu: T0 : 0x23390    : c_ldsp s2, 128(sp)         : MemRead :  D=0x7fffffffffffff48 A=0x7ffffffffffffdb0
2311000: system.cpu: T0 : 0x23392    : c_ldsp s3, 120(sp)         : MemRead :  D=0x0000000000000000 A=0x7ffffffffffffda8
2311500: system.cpu: T0 : 0x23394    : c_ldsp s4, 112(sp)         : MemRead :  D=0x0000000000000000 A=0x7ffffffffffffda0
2312000: system.cpu: T0 : 0x23396    : c_ldsp s5, 104(sp)         : MemRead :  D=0x0000000000000000 A=0x7ffffffffffffd98
2312500: system.cpu: T0 : 0x23398    : c_ldsp s6, 96(sp)          : MemRead :  D=0x0000000000000000 A=0x7ffffffffffffd90
2313000: system.cpu: T0 : 0x2339a    : c_ldsp s7, 88(sp)          : MemRead :  D=0x0000000000000000 A=0x7ffffffffffffd88
2313500: system.cpu: T0 : 0x2339c    : c_ldsp s8, 80(sp)          : MemRead :  D=0x0000000000000000 A=0x7ffffffffffffd80
2314000: system.cpu: T0 : 0x2339e    : c_ldsp s9, 72(sp)          : MemRead :  D=0x0000000000000000 A=0x7ffffffffffffd78
2314500: system.cpu: T0 : 0x233a0    : c_ldsp s10, 64(sp)         : MemRead :  D=0x0000000000000000 A=0x7ffffffffffffd70
2315000: system.cpu: T0 : 0x233a2    : c_addi16sp sp, 160         : IntAlu :  D=0x7ffffffffffffdd0
2315500: system.cpu: T0 : 0x233a4    : c_jr ra                    : IntAlu : 
2316000: system.cpu: T0 : 0x2371c    : c_mv a2, s2                : IntAlu :  D=0x7fffffffffffff48
2316500: system.cpu: T0 : 0x2371e    : c_mv a1, s1                : IntAlu :  D=0x7fffffffffffff38
2317000: system.cpu: T0 : 0x23720    : c_mv a0, s0                : IntAlu :  D=0x0000000000000001
2318000: system.cpu: T0 : 0x23722    : jal ra, -4344              : IntAlu :  D=0x0000000000023726
2318500: system.cpu: T0 : 0x2262a    : c_beqz a1, 50              : IntAlu : 
2319000: system.cpu: T0 : 0x2262c    : c_addi sp, -32             : IntAlu :  D=0x7ffffffffffffdb0
2319500: system.cpu: T0 : 0x2262e    : c_sdsp s1, 8(sp)           : MemWrite :  D=0x7fffffffffffff38 A=0x7ffffffffffffdb8
2320000: system.cpu: T0 : 0x22630    : c_ld s1, 0(a1)             : MemRead :  D=0x7fffffffffffffdd A=0x7fffffffffffff38
2320500: system.cpu: T0 : 0x22632    : c_sdsp s0, 16(sp)          : MemWrite :  D=0x0000000000000001 A=0x7ffffffffffffdc0
2321000: system.cpu: T0 : 0x22634    : c_sdsp ra, 24(sp)          : MemWrite :  D=0x0000000000023726 A=0x7ffffffffffffdc8
2321500: system.cpu: T0 : 0x22636    : c_mv s0, a1                : IntAlu :  D=0x7fffffffffffff38
2322000: system.cpu: T0 : 0x22638    : c_beqz s1, 26              : IntAlu : 
2323000: system.cpu: T0 : 0x2263a    : addi a1, zero, 47          : IntAlu :  D=0x000000000000002f
2323500: system.cpu: T0 : 0x2263e    : c_mv a0, s1                : IntAlu :  D=0x7fffffffffffffdd
2324000: system.cpu: T0 : 0x22640    : jal ra, 90482              : IntAlu :  D=0x0000000000022644
2324500: system.cpu: T0 : 0x387b2    : c_addi sp, -32             : IntAlu :  D=0x7ffffffffffffd90
2325000: system.cpu: T0 : 0x387b4    : c_sdsp s0, 16(sp)          : MemWrite :  D=0x7fffffffffffff38 A=0x7ffffffffffffda0
2325500: system.cpu: T0 : 0x387b6    : c_sdsp s1, 8(sp)           : MemWrite :  D=0x7fffffffffffffdd A=0x7ffffffffffffd98
2326000: system.cpu: T0 : 0x387b8    : c_sdsp s2, 0(sp)           : MemWrite :  D=0x7fffffffffffff48 A=0x7ffffffffffffd90
2326500: system.cpu: T0 : 0x387ba    : c_sdsp ra, 24(sp)          : MemWrite :  D=0x0000000000022644 A=0x7ffffffffffffda8
2327000: system.cpu: T0 : 0x387bc    : andi s1, a1, 255           : IntAlu :  D=0x000000000000002f
2327500: system.cpu: T0 : 0x387c0    : c_mv s0, a0                : IntAlu :  D=0x7fffffffffffffdd
2328000: system.cpu: T0 : 0x387c2    : c_li s2, 0                 : IntAlu :  D=0x0000000000000000
2328500: system.cpu: T0 : 0x387c4    : c_bnez s1, 10              : IntAlu : 
2329000: system.cpu: T0 : 0x387ce    : c_mv a0, s0                : IntAlu :  D=0x7fffffffffffffdd
2329500: system.cpu: T0 : 0x387d0    : c_mv a1, s1                : IntAlu :  D=0x000000000000002f
2330500: system.cpu: T0 : 0x387d2    : jal ra, -103340            : IntAlu :  D=0x00000000000387d6
2331500: system.cpu: T0 : 0x1f426    : andi a5, a0, 7             : IntAlu :  D=0x0000000000000005
2332500: system.cpu: T0 : 0x1f42a    : andi a4, a1, 255           : IntAlu :  D=0x000000000000002f
2333000: system.cpu: T0 : 0x1f42e    : c_bnez a5, 14              : IntAlu : 
2333500: system.cpu: T0 : 0x1f43c    : lbu a5, 0(a0)              : MemRead :  D=0x000000000000002e A=0x7fffffffffffffdd
2334000: system.cpu: T0 : 0x1f440    : bne a5, a4, -14            : IntAlu : 
2334500: system.cpu: T0 : 0x1f432    : c_addi a0, 1               : IntAlu :  D=0x7fffffffffffffde
2335000: system.cpu: T0 : 0x1f434    : andi a3, a0, 7             : IntAlu :  D=0x0000000000000006
2335500: system.cpu: T0 : 0x1f438    : c_beqz a5, 168             : IntAlu : 
2336000: system.cpu: T0 : 0x1f43a    : c_beqz a3, 12              : IntAlu : 
2336500: system.cpu: T0 : 0x1f43c    : lbu a5, 0(a0)              : MemRead :  D=0x000000000000002e A=0x7fffffffffffffde
2337000: system.cpu: T0 : 0x1f440    : bne a5, a4, -14            : IntAlu : 
2337500: system.cpu: T0 : 0x1f432    : c_addi a0, 1               : IntAlu :  D=0x7fffffffffffffdf
2338000: system.cpu: T0 : 0x1f434    : andi a3, a0, 7             : IntAlu :  D=0x0000000000000007
2338500: system.cpu: T0 : 0x1f438    : c_beqz a5, 168             : IntAlu : 
2339000: system.cpu: T0 : 0x1f43a    : c_beqz a3, 12              : IntAlu : 
2339500: system.cpu: T0 : 0x1f43c    : lbu a5, 0(a0)              : MemRead :  D=0x000000000000002f A=0x7fffffffffffffdf
2340000: system.cpu: T0 : 0x1f440    : bne a5, a4, -14            : IntAlu : 
2340500: system.cpu: T0 : 0x1f444    : c_jr ra                    : IntAlu : 
2341000: system.cpu: T0 : 0x387d6    : c_bnez a0, -14             : IntAlu : 
2341500: system.cpu: T0 : 0x387c8    : addi s0, a0, 1             : IntAlu :  D=0x7fffffffffffffe0
2342000: system.cpu: T0 : 0x387cc    : c_mv s2, a0                : IntAlu :  D=0x7fffffffffffffdf
2342500: system.cpu: T0 : 0x387ce    : c_mv a0, s0                : IntAlu :  D=0x7fffffffffffffe0
2343000: system.cpu: T0 : 0x387d0    : c_mv a1, s1                : IntAlu :  D=0x000000000000002f
2344000: system.cpu: T0 : 0x387d2    : jal ra, -103340            : IntAlu :  D=0x00000000000387d6
2345000: system.cpu: T0 : 0x1f426    : andi a5, a0, 7             : IntAlu :  D=0x0000000000000000
2346000: system.cpu: T0 : 0x1f42a    : andi a4, a1, 255           : IntAlu :  D=0x000000000000002f
2346500: system.cpu: T0 : 0x1f42e    : c_bnez a5, 14              : IntAlu : 
2347000: system.cpu: T0 : 0x1f430    : c_j 22                     : IntAlu : 
2347500: system.cpu: T0 : 0x1f446    : c_lui a3, 16               : IntAlu :  D=0x0000000000010000
2348000: system.cpu: T0 : 0x1f448    : slliw a5, a1, 8            : IntAlu :  D=0x0000000000002f00
2348500: system.cpu: T0 : 0x1f44c    : c_addi a3, -1              : IntAlu :  D=0x000000000000ffff
2349000: system.cpu: T0 : 0x1f44e    : c_and a5, a3               : IntAlu :  D=0x0000000000002f00
2349500: system.cpu: T0 : 0x1f450    : andi a1, a1, 255           : IntAlu :  D=0x000000000000002f
2350000: system.cpu: T0 : 0x1f454    : c_or a1, a5                : IntAlu :  D=0x0000000000002f2f
2350500: system.cpu: T0 : 0x1f456    : c_addiw a1, 0              : IntAlu :  D=0x0000000000002f2f
2351000: system.cpu: T0 : 0x1f458    : slli t1, a1, 16            : IntAlu :  D=0x000000002f2f0000
2351500: system.cpu: T0 : 0x1f45c    : or a1, t1, a1              : IntAlu :  D=0x000000002f2f2f2f
2352000: system.cpu: T0 : 0x1f460    : ld a6, -2032(gp)           : MemRead :  D=0x7efefefefefefeff A=0x708b8
2352500: system.cpu: T0 : 0x1f464    : slli t1, a1, 32            : IntAlu :  D=0x2f2f2f2f00000000
2353000: system.cpu: T0 : 0x1f468    : or t1, t1, a1              : IntAlu :  D=0x2f2f2f2f2f2f2f2f
2353500: system.cpu: T0 : 0x1f46c    : c_li t3, -1                : IntAlu :  D=0xffffffffffffffff
2354000: system.cpu: T0 : 0x1f46e    : c_ld a1, 0(a0)             : MemRead :  D=0x64616f6c6e776f44 A=0x7fffffffffffffe0
2354500: system.cpu: T0 : 0x1f470    : addi a5, a0, 8             : IntAlu :  D=0x7fffffffffffffe8
2355000: system.cpu: T0 : 0x1f474    : xor a7, t1, a1             : IntAlu :  D=0x4b4e40434158406b
2355500: system.cpu: T0 : 0x1f478    : add a3, a1, a6             : IntAlu :  D=0xe3606e6b6d766e43
2356000: system.cpu: T0 : 0x1f47c    : add a2, a7, a6             : IntAlu :  D=0xca4d3f4240573f6a
2356500: system.cpu: T0 : 0x1f480    : c_xor a3, a1               : IntAlu :  D=0x8701010703010107
2357500: system.cpu: T0 : 0x1f482    : xor a2, a2, a7             : IntAlu :  D=0x81037f01010f7f01
2358000: system.cpu: T0 : 0x1f486    : c_and a3, a2               : IntAlu :  D=0x8101010101010101
2358500: system.cpu: T0 : 0x1f488    : or a3, a3, a6              : IntAlu :  D=0xffffffffffffffff
2359000: system.cpu: T0 : 0x1f48c    : beq a3, t3, 88             : IntAlu : 
2359500: system.cpu: T0 : 0x1f4e4    : c_mv a0, a5                : IntAlu :  D=0x7fffffffffffffe8
2360000: system.cpu: T0 : 0x1f4e6    : c_j -120                   : IntAlu : 
2360500: system.cpu: T0 : 0x1f46e    : c_ld a1, 0(a0)             : MemRead :  D=0xc900746364662f73 A=0x7fffffffffffffe8
2361000: system.cpu: T0 : 0x1f470    : addi a5, a0, 8             : IntAlu :  D=0x7ffffffffffffff0
2361500: system.cpu: T0 : 0x1f474    : xor a7, t1, a1             : IntAlu :  D=0xe62f5b4c4b49005c
2362000: system.cpu: T0 : 0x1f478    : add a3, a1, a6             : IntAlu :  D=0x47ff736263652e72
2362500: system.cpu: T0 : 0x1f47c    : add a2, a7, a6             : IntAlu :  D=0x652e5a4b4a47ff5b
2363000: system.cpu: T0 : 0x1f480    : c_xor a3, a1               : IntAlu :  D=0x8eff070107030101
2364000: system.cpu: T0 : 0x1f482    : xor a2, a2, a7             : IntAlu :  D=0x83010107010eff07
2364500: system.cpu: T0 : 0x1f486    : c_and a3, a2               : IntAlu :  D=0x8201010101020101
2365000: system.cpu: T0 : 0x1f488    : or a3, a3, a6              : IntAlu :  D=0xfefffffffffeffff
2365500: system.cpu: T0 : 0x1f48c    : beq a3, t3, 88             : IntAlu : 
2366000: system.cpu: T0 : 0x1f490    : lbu a3, -8(a5)             : MemRead :  D=0x0000000000000073 A=0x7fffffffffffffe8
2366500: system.cpu: T0 : 0x1f494    : beq a3, a4, -80            : IntAlu : 
2367000: system.cpu: T0 : 0x1f498    : c_beqz a3, 72              : IntAlu : 
2368000: system.cpu: T0 : 0x1f49a    : lbu a3, -7(a5)             : MemRead :  D=0x000000000000002f A=0x7fffffffffffffe9
2369000: system.cpu: T0 : 0x1f49e    : beq a3, a4, 74             : IntAlu : 
2369500: system.cpu: T0 : 0x1f4e8    : c_addi a0, 1               : IntAlu :  D=0x7fffffffffffffe9
2370000: system.cpu: T0 : 0x1f4ea    : c_jr ra                    : IntAlu : 
2370500: system.cpu: T0 : 0x387d6    : c_bnez a0, -14             : IntAlu : 
2371000: system.cpu: T0 : 0x387c8    : addi s0, a0, 1             : IntAlu :  D=0x7fffffffffffffea
2371500: system.cpu: T0 : 0x387cc    : c_mv s2, a0                : IntAlu :  D=0x7fffffffffffffe9
2372000: system.cpu: T0 : 0x387ce    : c_mv a0, s0                : IntAlu :  D=0x7fffffffffffffea
2372500: system.cpu: T0 : 0x387d0    : c_mv a1, s1                : IntAlu :  D=0x000000000000002f
2373500: system.cpu: T0 : 0x387d2    : jal ra, -103340            : IntAlu :  D=0x00000000000387d6
2374500: system.cpu: T0 : 0x1f426    : andi a5, a0, 7             : IntAlu :  D=0x0000000000000002
2375500: system.cpu: T0 : 0x1f42a    : andi a4, a1, 255           : IntAlu :  D=0x000000000000002f
2376000: system.cpu: T0 : 0x1f42e    : c_bnez a5, 14              : IntAlu : 
2376500: system.cpu: T0 : 0x1f43c    : lbu a5, 0(a0)              : MemRead :  D=0x0000000000000066 A=0x7fffffffffffffea
2377000: system.cpu: T0 : 0x1f440    : bne a5, a4, -14            : IntAlu : 
2377500: system.cpu: T0 : 0x1f432    : c_addi a0, 1               : IntAlu :  D=0x7fffffffffffffeb
2378000: system.cpu: T0 : 0x1f434    : andi a3, a0, 7             : IntAlu :  D=0x0000000000000003
2378500: system.cpu: T0 : 0x1f438    : c_beqz a5, 168             : IntAlu : 
2379000: system.cpu: T0 : 0x1f43a    : c_beqz a3, 12              : IntAlu : 
2379500: system.cpu: T0 : 0x1f43c    : lbu a5, 0(a0)              : MemRead :  D=0x0000000000000064 A=0x7fffffffffffffeb
2380000: system.cpu: T0 : 0x1f440    : bne a5, a4, -14            : IntAlu : 
2380500: system.cpu: T0 : 0x1f432    : c_addi a0, 1               : IntAlu :  D=0x7fffffffffffffec
2381000: system.cpu: T0 : 0x1f434    : andi a3, a0, 7             : IntAlu :  D=0x0000000000000004
2381500: system.cpu: T0 : 0x1f438    : c_beqz a5, 168             : IntAlu : 
2382000: system.cpu: T0 : 0x1f43a    : c_beqz a3, 12              : IntAlu : 
2382500: system.cpu: T0 : 0x1f43c    : lbu a5, 0(a0)              : MemRead :  D=0x0000000000000063 A=0x7fffffffffffffec
2383000: system.cpu: T0 : 0x1f440    : bne a5, a4, -14            : IntAlu : 
2383500: system.cpu: T0 : 0x1f432    : c_addi a0, 1               : IntAlu :  D=0x7fffffffffffffed
2384000: system.cpu: T0 : 0x1f434    : andi a3, a0, 7             : IntAlu :  D=0x0000000000000005
2384500: system.cpu: T0 : 0x1f438    : c_beqz a5, 168             : IntAlu : 
2385000: system.cpu: T0 : 0x1f43a    : c_beqz a3, 12              : IntAlu : 
2385500: system.cpu: T0 : 0x1f43c    : lbu a5, 0(a0)              : MemRead :  D=0x0000000000000074 A=0x7fffffffffffffed
2386000: system.cpu: T0 : 0x1f440    : bne a5, a4, -14            : IntAlu : 
2386500: system.cpu: T0 : 0x1f432    : c_addi a0, 1               : IntAlu :  D=0x7fffffffffffffee
2387000: system.cpu: T0 : 0x1f434    : andi a3, a0, 7             : IntAlu :  D=0x0000000000000006
2387500: system.cpu: T0 : 0x1f438    : c_beqz a5, 168             : IntAlu : 
2388000: system.cpu: T0 : 0x1f43a    : c_beqz a3, 12              : IntAlu : 
2388500: system.cpu: T0 : 0x1f43c    : lbu a5, 0(a0)              : MemRead :  D=0x0000000000000000 A=0x7fffffffffffffee
2389000: system.cpu: T0 : 0x1f440    : bne a5, a4, -14            : IntAlu : 
2389500: system.cpu: T0 : 0x1f432    : c_addi a0, 1               : IntAlu :  D=0x7fffffffffffffef
2390000: system.cpu: T0 : 0x1f434    : andi a3, a0, 7             : IntAlu :  D=0x0000000000000007
2390500: system.cpu: T0 : 0x1f438    : c_beqz a5, 168             : IntAlu : 
2391000: system.cpu: T0 : 0x1f4e0    : c_li a0, 0                 : IntAlu :  D=0x0000000000000000
2391500: system.cpu: T0 : 0x1f4e2    : c_jr ra                    : IntAlu : 
2392000: system.cpu: T0 : 0x387d6    : c_bnez a0, -14             : IntAlu : 
2392500: system.cpu: T0 : 0x387d8    : c_ldsp ra, 24(sp)          : MemRead :  D=0x0000000000022644 A=0x7ffffffffffffda8
2393000: system.cpu: T0 : 0x387da    : c_ldsp s0, 16(sp)          : MemRead :  D=0x7fffffffffffff38 A=0x7ffffffffffffda0
2393500: system.cpu: T0 : 0x387dc    : c_ldsp s1, 8(sp)           : MemRead :  D=0x7fffffffffffffdd A=0x7ffffffffffffd98
2394000: system.cpu: T0 : 0x387de    : c_mv a0, s2                : IntAlu :  D=0x7fffffffffffffe9
2394500: system.cpu: T0 : 0x387e0    : c_ldsp s2, 0(sp)           : MemRead :  D=0x7fffffffffffff48 A=0x7ffffffffffffd90
2395000: system.cpu: T0 : 0x387e2    : c_addi16sp sp, 32          : IntAlu :  D=0x7ffffffffffffdb0
2395500: system.cpu: T0 : 0x387e4    : c_jr ra                    : IntAlu : 
2396000: system.cpu: T0 : 0x22644    : c_beqz a0, 26              : IntAlu : 
2396500: system.cpu: T0 : 0x22646    : c_addi a0, 1               : IntAlu :  D=0x7fffffffffffffea
2397000: system.cpu: T0 : 0x22648    : sd a0, -1824(gp)           : MemWrite :  D=0x7fffffffffffffea A=0x70988
2397500: system.cpu: T0 : 0x2264c    : c_ld a4, 0(s0)             : MemRead :  D=0x7fffffffffffffdd A=0x7fffffffffffff38
2398500: system.cpu: T0 : 0x2264e    : sd a4, -1816(gp)           : MemWrite :  D=0x7fffffffffffffdd A=0x70990
2399000: system.cpu: T0 : 0x22652    : c_ldsp ra, 24(sp)          : MemRead :  D=0x0000000000023726 A=0x7ffffffffffffdc8
2399500: system.cpu: T0 : 0x22654    : c_ldsp s0, 16(sp)          : MemRead :  D=0x0000000000000001 A=0x7ffffffffffffdc0
2400000: system.cpu: T0 : 0x22656    : c_ldsp s1, 8(sp)           : MemRead :  D=0x7fffffffffffff38 A=0x7ffffffffffffdb8
2400500: system.cpu: T0 : 0x22658    : c_addi16sp sp, 32          : IntAlu :  D=0x7ffffffffffffdd0
2401000: system.cpu: T0 : 0x2265a    : c_jr ra                    : IntAlu : 
2401500: system.cpu: T0 : 0x23726    : c_ldsp s0, 16(sp)          : MemRead :  D=0x0000000000011308 A=0x7ffffffffffffde0
2402000: system.cpu: T0 : 0x23728    : c_ldsp ra, 24(sp)          : MemRead :  D=0x0000000000010f7c A=0x7ffffffffffffde8
2402500: system.cpu: T0 : 0x2372a    : c_ldsp s1, 8(sp)           : MemRead :  D=0x0000000000011398 A=0x7ffffffffffffdd8
2403000: system.cpu: T0 : 0x2372c    : c_ldsp s2, 0(sp)           : MemRead :  D=0x0000000000000000 A=0x7ffffffffffffdd0
2403500: system.cpu: T0 : 0x2372e    : c_addi16sp sp, 32          : IntAlu :  D=0x7ffffffffffffdf0
2404000: system.cpu: T0 : 0x23730    : jal zero, 35004            : IntAlu :  D=0x0000000000023734
2404500: system.cpu: T0 : 0x2bfec    : ld a5, 0(tp)               : MemRead :  D=0x00000000000706f8 A=0x73710
2405000: system.cpu: T0 : 0x2bff0    : c_ld a5, 0(a5)             : MemRead :  D=0x00000000000521c0 A=0x706f8
2405500: system.cpu: T0 : 0x2bff2    : c_ld a0, 64(a5)            : MemRead :  D=0x00000000000539f0 A=0x52200
2406000: system.cpu: T0 : 0x2bff4    : c_ld a2, 72(a5)            : MemRead :  D=0x0000000000052ff0 A=0x52208
2406500: system.cpu: T0 : 0x2bff6    : c_ld a4, 88(a5)            : MemRead :  D=0x00000000000529f0 A=0x52218
2407000: system.cpu: T0 : 0x2bff8    : addi a0, a0, 256           : IntAlu :  D=0x0000000000053af0
2407500: system.cpu: T0 : 0x2bffc    : addi a2, a2, 512           : IntAlu :  D=0x00000000000531f0
2408000: system.cpu: T0 : 0x2c000    : addi a4, a4, 512           : IntAlu :  D=0x0000000000052bf0
2408500: system.cpu: T0 : 0x2c004    : sd a0, 80(tp)              : MemWrite :  D=0x0000000000053af0 A=0x73760
2409000: system.cpu: T0 : 0x2c008    : sd a2, 72(tp)              : MemWrite :  D=0x00000000000531f0 A=0x73758
2409500: system.cpu: T0 : 0x2c00c    : sd a4, 64(tp)              : MemWrite :  D=0x0000000000052bf0 A=0x73750
2410000: system.cpu: T0 : 0x2c010    : c_jr ra                    : IntAlu : 
2410500: system.cpu: T0 : 0x10f7c    : c_beqz s1, 12              : IntAlu : 
2411000: system.cpu: T0 : 0x10f7e    : c_li a2, 0                 : IntAlu :  D=0x0000000000000000
2411500: system.cpu: T0 : 0x10f80    : c_li a1, 0                 : IntAlu :  D=0x0000000000000000
2412000: system.cpu: T0 : 0x10f82    : c_mv a0, s1                : IntAlu :  D=0x0000000000011398
2412500: system.cpu: T0 : 0x10f84    : jal ra, 17626              : IntAlu :  D=0x0000000000010f88
2413500: system.cpu: T0 : 0x1545e    : addi a3, gp, -1936         : IntAlu :  D=0x0000000000070918
2414000: system.cpu: T0 : 0x15462    : c_j -204                   : IntAlu : 
2414500: system.cpu: T0 : 0x15396    : c_addi16sp sp, -64         : IntAlu :  D=0x7ffffffffffffdb0
2415000: system.cpu: T0 : 0x15398    : c_sdsp ra, 56(sp)          : MemWrite :  D=0x0000000000010f88 A=0x7ffffffffffffde8
2415500: system.cpu: T0 : 0x1539a    : c_sdsp s0, 48(sp)          : MemWrite :  D=0x0000000000011308 A=0x7ffffffffffffde0
2416000: system.cpu: T0 : 0x1539c    : c_sdsp s1, 40(sp)          : MemWrite :  D=0x0000000000011398 A=0x7ffffffffffffdd8
2416500: system.cpu: T0 : 0x1539e    : c_sdsp s2, 32(sp)          : MemWrite :  D=0x0000000000000000 A=0x7ffffffffffffdd0
2417000: system.cpu: T0 : 0x153a0    : c_sdsp s3, 24(sp)          : MemWrite :  D=0x0000000000000000 A=0x7ffffffffffffdc8
2417500: system.cpu: T0 : 0x153a2    : c_beqz a0, 156             : IntAlu : 
2418000: system.cpu: T0 : 0x153a4    : lui s0, 114                : IntAlu :  D=0x0000000000072000
2418500: system.cpu: T0 : 0x153a8    : c_mv s2, a2                : IntAlu :  D=0x0000000000000000
2419000: system.cpu: T0 : 0x153aa    : c_mv s1, a0                : IntAlu :  D=0x0000000000011398
2419500: system.cpu: T0 : 0x153ac    : c_mv s3, a1                : IntAlu :  D=0x0000000000000000
2420000: system.cpu: T0 : 0x153ae    : c_li a4, 1                 : IntAlu :  D=0x0000000000000001
2420500: system.cpu: T0 : 0x153b0    : addi a2, s0, -472          : IntAlu :  D=0x0000000000071e28
2421000: system.cpu: T0 : 0x153b4    : lr_w a5, (a2)             
2421000: system.cpu: T0 : 0x153b4. 0 : lr_w a5, (a2)              : MemRead :  D=0x0000000000000000 A=0x71e28
2421500: system.cpu: T0 : 0x153b8    : c_bnez a5, 8               : IntAlu : 
2422500: system.cpu: T0 : 0x153ba    : sc_w_aq a1, a4, (a2)      
2422500: system.cpu: T0 : 0x153ba. 0 : sc_w a1, a4, (a2)          : MemWrite :  D=0x0000000000000000 A=0x71e28
2423000: system.cpu: T0 : 0x153ba. 1 : 0x1ce625af fence           : No_OpClass : 
2423500: system.cpu: T0 : 0x153be    : c_bnez a1, -10             : IntAlu : 
2424000: system.cpu: T0 : 0x153c0    : c_addiw a5, 0              : IntAlu :  D=0x0000000000000000
2424500: system.cpu: T0 : 0x153c2    : c_bnez a5, 64              : IntAlu : 
2425000: system.cpu: T0 : 0x153c4    : c_mv a0, a3                : IntAlu :  D=0x0000000000070918
2426000: system.cpu: T0 : 0x153c6    : jal ra, -242               : IntAlu :  D=0x00000000000153ca
2426500: system.cpu: T0 : 0x152d4    : lbu a5, -1476(gp)          : MemRead :  D=0x0000000000000000 A=0x70ae4
2427000: system.cpu: T0 : 0x152d8    : c_bnez a5, 186             : IntAlu : 
2427500: system.cpu: T0 : 0x152da    : c_addi sp, -32             : IntAlu :  D=0x7ffffffffffffd90
2428000: system.cpu: T0 : 0x152dc    : c_sdsp s1, 8(sp)           : MemWrite :  D=0x0000000000011398 A=0x7ffffffffffffd98
2428500: system.cpu: T0 : 0x152de    : c_ld s1, 0(a0)             : MemRead :  D=0x00000000000711c0 A=0x70918
2429000: system.cpu: T0 : 0x152e0    : c_sdsp s0, 16(sp)          : MemWrite :  D=0x0000000000072000 A=0x7ffffffffffffda0
2429500: system.cpu: T0 : 0x152e2    : c_sdsp ra, 24(sp)          : MemWrite :  D=0x00000000000153ca A=0x7ffffffffffffda8
2430000: system.cpu: T0 : 0x152e4    : c_mv s0, a0                : IntAlu :  D=0x0000000000070918
2430500: system.cpu: T0 : 0x152e6    : c_beqz s1, 140             : IntAlu : 
2431000: system.cpu: T0 : 0x152e8    : c_mv a1, s1                : IntAlu :  D=0x00000000000711c0
2431500: system.cpu: T0 : 0x152ea    : c_li a6, 0                 : IntAlu :  D=0x0000000000000000
2432000: system.cpu: T0 : 0x152ec    : c_ld a4, 8(a1)             : MemRead :  D=0x0000000000000000 A=0x711c8
2433000: system.cpu: T0 : 0x152ee    : slli a5, a4, 5             : IntAlu :  D=0x0000000000000000
2433500: system.cpu: T0 : 0x152f2    : c_add a5, a1               : IntAlu :  D=0x00000000000711c0
2434000: system.cpu: T0 : 0x152f4    : c_beqz a4, 18              : IntAlu : 
2434500: system.cpu: T0 : 0x15306    : c_ld a5, 0(a1)             : MemRead :  D=0x0000000000000000 A=0x711c0
2435000: system.cpu: T0 : 0x15308    : sd zero, 8(a1)             : MemWrite :  D=0x0000000000000000 A=0x711c8
2435500: system.cpu: T0 : 0x1530c    : c_mv a6, a1                : IntAlu :  D=0x00000000000711c0
2436000: system.cpu: T0 : 0x1530e    : c_beqz a5, 78              : IntAlu : 
2436500: system.cpu: T0 : 0x1535c    : c_li a5, 1                 : IntAlu :  D=0x0000000000000001
2437500: system.cpu: T0 : 0x1535e    : addi a0, a1, 16            : IntAlu :  D=0x00000000000711d0
2438000: system.cpu: T0 : 0x15362    : c_sd a5, 8(a1)             : MemWrite :  D=0x0000000000000001 A=0x711c8
2438500: system.cpu: T0 : 0x15364    : c_j -60                    : IntAlu : 
2439000: system.cpu: T0 : 0x15328    : lui a4, 114                : IntAlu :  D=0x0000000000072000
2439500: system.cpu: T0 : 0x1532c    : ld a5, -464(a4)            : MemRead :  D=0x0000000000000000 A=0x71e30
2440000: system.cpu: T0 : 0x15330    : c_ldsp ra, 24(sp)          : MemRead :  D=0x00000000000153ca A=0x7ffffffffffffda8
2440500: system.cpu: T0 : 0x15332    : c_ldsp s0, 16(sp)          : MemRead :  D=0x0000000000072000 A=0x7ffffffffffffda0
2441000: system.cpu: T0 : 0x15334    : c_li a3, 1                 : IntAlu :  D=0x0000000000000001
2441500: system.cpu: T0 : 0x15336    : c_sd a3, 0(a0)             : MemWrite :  D=0x0000000000000001 A=0x711d0
2442000: system.cpu: T0 : 0x15338    : c_addi a5, 1               : IntAlu :  D=0x0000000000000001
2443000: system.cpu: T0 : 0x1533a    : sd a5, -464(a4)            : MemWrite :  D=0x0000000000000001 A=0x71e30
2443500: system.cpu: T0 : 0x1533e    : c_ldsp s1, 8(sp)           : MemRead :  D=0x0000000000011398 A=0x7ffffffffffffd98
2444000: system.cpu: T0 : 0x15340    : c_addi16sp sp, 32          : IntAlu :  D=0x7ffffffffffffdb0
2444500: system.cpu: T0 : 0x15342    : c_jr ra                    : IntAlu : 
2445000: system.cpu: T0 : 0x153ca    : c_beqz a0, 70              : IntAlu : 
2445500: system.cpu: T0 : 0x153cc    : c_li a5, 4                 : IntAlu :  D=0x0000000000000004
2446000: system.cpu: T0 : 0x153ce    : c_sd a5, 0(a0)             : MemWrite :  D=0x0000000000000004 A=0x711d0
2446500: system.cpu: T0 : 0x153d0    : c_sd s1, 8(a0)             : MemWrite :  D=0x0000000000011398 A=0x711d8
2447500: system.cpu: T0 : 0x153d2    : sd s3, 16(a0)              : MemWrite :  D=0x0000000000000000 A=0x711e0
2448500: system.cpu: T0 : 0x153d6    : sd s2, 24(a0)              : MemWrite :  D=0x0000000000000000 A=0x711e8
2449000: system.cpu: T0 : 0x153da    : c_li a5, 0                 : IntAlu :  D=0x0000000000000000
2449500: system.cpu: T0 : 0x153dc    : addi a4, s0, -472          : IntAlu :  D=0x0000000000071e28
2450000: system.cpu: T0 : 0x153e0    : fence iorw, ow             : No_OpClass : 
2450500: system.cpu: T0 : 0x153e4    : amoswap_w a5, a5, (a4)    
2450500: system.cpu: T0 : 0x153e4. 0 : amoswap_w[l] a5, a5, (a4)  : MemRead :  D=0x0000000000000001 A=0x71e28
2451000: system.cpu: T0 : 0x153e8    : c_addiw a5, 0              : IntAlu :  D=0x0000000000000001
2451500: system.cpu: T0 : 0x153ea    : c_li a3, 1                 : IntAlu :  D=0x0000000000000001
2452000: system.cpu: T0 : 0x153ec    : c_li a4, 0                 : IntAlu :  D=0x0000000000000000
2453000: system.cpu: T0 : 0x153ee    : blt a3, a5, 58             : IntAlu : 
2453500: system.cpu: T0 : 0x153f2    : c_ldsp ra, 56(sp)          : MemRead :  D=0x0000000000010f88 A=0x7ffffffffffffde8
2454000: system.cpu: T0 : 0x153f4    : c_ldsp s0, 48(sp)          : MemRead :  D=0x0000000000011308 A=0x7ffffffffffffde0
2454500: system.cpu: T0 : 0x153f6    : c_ldsp s1, 40(sp)          : MemRead :  D=0x0000000000011398 A=0x7ffffffffffffdd8
2455000: system.cpu: T0 : 0x153f8    : c_ldsp s2, 32(sp)          : MemRead :  D=0x0000000000000000 A=0x7ffffffffffffdd0
2455500: system.cpu: T0 : 0x153fa    : c_ldsp s3, 24(sp)          : MemRead :  D=0x0000000000000000 A=0x7ffffffffffffdc8
2456000: system.cpu: T0 : 0x153fc    : c_mv a0, a4                : IntAlu :  D=0x0000000000000000
2456500: system.cpu: T0 : 0x153fe    : c_addi16sp sp, 64          : IntAlu :  D=0x7ffffffffffffdf0
2457000: system.cpu: T0 : 0x15400    : c_jr ra                    : IntAlu : 
2457500: system.cpu: T0 : 0x10f88    : lui a5, 111                : IntAlu :  D=0x000000000006f000
2458000: system.cpu: T0 : 0x10f8c    : lw a5, -72(a5)             : MemRead :  D=0x0000000000000000 A=0x6efb8
2458500: system.cpu: T0 : 0x10f90    : bne a5, zero, 238          : IntAlu : 
2459000: system.cpu: T0 : 0x10f94    : c_beqz s0, 12              : IntAlu : 
2460000: system.cpu: T0 : 0x10f96    : ld a2, -1360(gp)           : MemRead :  D=0x7fffffffffffff48 A=0x70b58
2460500: system.cpu: T0 : 0x10f9a    : c_ldsp a1, 16(sp)          : MemRead :  D=0x7fffffffffffff38 A=0x7ffffffffffffe00
2461000: system.cpu: T0 : 0x10f9c    : c_ldsp a0, 8(sp)           : MemRead :  D=0x0000000000000001 A=0x7ffffffffffffdf8
2461500: system.cpu: T0 : 0x10f9e    : c_jalr s0                  : IntAlu :  D=0x0000000000010fa0
2462000: system.cpu: T0 : 0x11308    : c_addi16sp sp, -64         : IntAlu :  D=0x7ffffffffffffdb0
2462500: system.cpu: T0 : 0x1130a    : c_sdsp s0, 48(sp)          : MemWrite :  D=0x0000000000011308 A=0x7ffffffffffffde0
2463000: system.cpu: T0 : 0x1130c    : c_sdsp s5, 8(sp)           : MemWrite :  D=0x0000000000000000 A=0x7ffffffffffffdb8
2464000: system.cpu: T0 : 0x1130e    : lui s0, 111                : IntAlu :  D=0x000000000006f000
2465000: system.cpu: T0 : 0x11312    : lui s5, 111                : IntAlu :  D=0x000000000006f000
2466000: system.cpu: T0 : 0x11316    : addi a5, s0, -1296         : IntAlu :  D=0x000000000006eaf0
2467000: system.cpu: T0 : 0x1131a    : addi s5, s5, -1288         : IntAlu :  D=0x000000000006eaf8
2468000: system.cpu: T0 : 0x1131e    : sub s5, s5, a5             : IntAlu :  D=0x0000000000000008
2468500: system.cpu: T0 : 0x11322    : c_sdsp s2, 32(sp)          : MemWrite :  D=0x0000000000000000 A=0x7ffffffffffffdd0
2469000: system.cpu: T0 : 0x11324    : c_sdsp s3, 24(sp)          : MemWrite :  D=0x0000000000000000 A=0x7ffffffffffffdc8
2469500: system.cpu: T0 : 0x11326    : c_sdsp s4, 16(sp)          : MemWrite :  D=0x0000000000000000 A=0x7ffffffffffffdc0
2470000: system.cpu: T0 : 0x11328    : c_sdsp ra, 56(sp)          : MemWrite :  D=0x0000000000010fa0 A=0x7ffffffffffffde8
2470500: system.cpu: T0 : 0x1132a    : c_sdsp s1, 40(sp)          : MemWrite :  D=0x0000000000011398 A=0x7ffffffffffffdd8
2471000: system.cpu: T0 : 0x1132c    : srai s5, s5, 3             : IntAlu :  D=0x0000000000000001
2471500: system.cpu: T0 : 0x11330    : c_mv s2, a0                : IntAlu :  D=0x0000000000000001
2472000: system.cpu: T0 : 0x11332    : c_mv s3, a1                : IntAlu :  D=0x7fffffffffffff38
2472500: system.cpu: T0 : 0x11334    : c_mv s4, a2                : IntAlu :  D=0x7fffffffffffff48
2473500: system.cpu: T0 : 0x11336    : beq s5, zero, 28           : IntAlu : 
2474500: system.cpu: T0 : 0x1133a    : addi s0, s0, -1296         : IntAlu :  D=0x000000000006eaf0
2475000: system.cpu: T0 : 0x1133e    : c_li s1, 0                 : IntAlu :  D=0x0000000000000000
2475500: system.cpu: T0 : 0x11340    : c_ld a5, 0(s0)             : MemRead :  D=0x0000000000010376 A=0x6eaf0
2476000: system.cpu: T0 : 0x11342    : c_mv a2, s4                : IntAlu :  D=0x7fffffffffffff48
2476500: system.cpu: T0 : 0x11344    : c_mv a1, s3                : IntAlu :  D=0x7fffffffffffff38
2477000: system.cpu: T0 : 0x11346    : c_mv a0, s2                : IntAlu :  D=0x0000000000000001
2477500: system.cpu: T0 : 0x11348    : c_addi s1, 1               : IntAlu :  D=0x0000000000000001
2478000: system.cpu: T0 : 0x1134a    : c_jalr a5                  : IntAlu :  D=0x000000000001134c
2479000: system.cpu: T0 : 0x10376    : auipc gp, 97               : IntAlu :  D=0x0000000000071376
2480000: system.cpu: T0 : 0x1037a    : addi gp, gp, -718          : IntAlu :  D=0x00000000000710a8
2480500: system.cpu: T0 : 0x1037e    : c_jr ra                    : IntAlu : 
2481000: system.cpu: T0 : 0x1134c    : c_addi s0, 8               : IntAlu :  D=0x000000000006eaf8
2482000: system.cpu: T0 : 0x1134e    : bne s5, s1, -14            : IntAlu : 
2483000: system.cpu: T0 : 0x11352    : lui s0, 111                : IntAlu :  D=0x000000000006f000
2484000: system.cpu: T0 : 0x11356    : lui s5, 111                : IntAlu :  D=0x000000000006f000
2485000: system.cpu: T0 : 0x1135a    : addi a5, s0, -1288         : IntAlu :  D=0x000000000006eaf8
2486000: system.cpu: T0 : 0x1135e    : addi s5, s5, -1280         : IntAlu :  D=0x000000000006eb00
2487000: system.cpu: T0 : 0x11362    : sub s5, s5, a5             : IntAlu :  D=0x0000000000000008
2488000: system.cpu: T0 : 0x11366    : srai s5, s5, 3             : IntAlu :  D=0x0000000000000001
2489000: system.cpu: T0 : 0x1136a    : beq s5, zero, 28           : IntAlu : 
2490000: system.cpu: T0 : 0x1136e    : addi s0, s0, -1288         : IntAlu :  D=0x000000000006eaf8
2490500: system.cpu: T0 : 0x11372    : c_li s1, 0                 : IntAlu :  D=0x0000000000000000
2491000: system.cpu: T0 : 0x11374    : c_ld a5, 0(s0)             : MemRead :  D=0x000000000001040a A=0x6eaf8
2491500: system.cpu: T0 : 0x11376    : c_mv a2, s4                : IntAlu :  D=0x7fffffffffffff48
2492000: system.cpu: T0 : 0x11378    : c_mv a1, s3                : IntAlu :  D=0x7fffffffffffff38
2492500: system.cpu: T0 : 0x1137a    : c_mv a0, s2                : IntAlu :  D=0x0000000000000001
2493000: system.cpu: T0 : 0x1137c    : c_addi s1, 1               : IntAlu :  D=0x0000000000000001
2493500: system.cpu: T0 : 0x1137e    : c_jalr a5                  : IntAlu :  D=0x0000000000011380
2494500: system.cpu: T0 : 0x1040a    : lui a5, 77                 : IntAlu :  D=0x000000000004d000
2495500: system.cpu: T0 : 0x1040e    : addi a5, a5, -536          : IntAlu :  D=0x000000000004cde8
2496000: system.cpu: T0 : 0x10412    : c_beqz a5, 28              : IntAlu : 
2496500: system.cpu: T0 : 0x10414    : lui a0, 107                : IntAlu :  D=0x000000000006b000
2497000: system.cpu: T0 : 0x10418    : c_addi sp, -16             : IntAlu :  D=0x7ffffffffffffda0
2498000: system.cpu: T0 : 0x1041a    : addi a1, gp, -1008         : IntAlu :  D=0x0000000000070cb8
2499000: system.cpu: T0 : 0x1041e    : addi a0, a0, -1280         : IntAlu :  D=0x000000000006ab00
2499500: system.cpu: T0 : 0x10422    : c_sdsp ra, 8(sp)           : MemWrite :  D=0x0000000000011380 A=0x7ffffffffffffda8
2500000: system.cpu: T0 : 0x10424    : jal ra, 248260             : IntAlu :  D=0x0000000000010428
2500500: system.cpu: T0 : 0x4cde8    : c_beqz a0, 12              : IntAlu : 
2501000: system.cpu: T0 : 0x4cdea    : c_lw a5, 0(a0)             : MemRead :  D=0x000000000000001c A=0x6ab00
2501500: system.cpu: T0 : 0x4cdec    : c_beqz a5, 8               : IntAlu : 
2502000: system.cpu: T0 : 0x4cdee    : c_li a3, 0                 : IntAlu :  D=0x0000000000000000
2502500: system.cpu: T0 : 0x4cdf0    : c_li a2, 0                 : IntAlu :  D=0x0000000000000000
2503000: system.cpu: T0 : 0x4cdf2    : c_j -144                   : IntAlu : 
2503500: system.cpu: T0 : 0x4cd62    : c_li a5, -1                : IntAlu :  D=0xffffffffffffffff
2504000: system.cpu: T0 : 0x4cd64    : c_addi sp, -32             : IntAlu :  D=0x7ffffffffffffd80
2504500: system.cpu: T0 : 0x4cd66    : c_sd a5, 0(a1)             : MemWrite :  D=0xffffffffffffffff A=0x70cb8
2505000: system.cpu: T0 : 0x4cd68    : addi a5, zero, 2040        : IntAlu :  D=0x00000000000007f8
2505500: system.cpu: T0 : 0x4cd6c    : c_sdsp s0, 16(sp)          : MemWrite :  D=0x000000000006eaf8 A=0x7ffffffffffffd90
2506000: system.cpu: T0 : 0x4cd6e    : c_sdsp s1, 8(sp)           : MemWrite :  D=0x0000000000000001 A=0x7ffffffffffffd88
2506500: system.cpu: T0 : 0x4cd70    : c_sdsp ra, 24(sp)          : MemWrite :  D=0x0000000000010428 A=0x7ffffffffffffd98
2507000: system.cpu: T0 : 0x4cd72    : c_sd a2, 8(a1)             : MemWrite :  D=0x0000000000000000 A=0x70cc0
2507500: system.cpu: T0 : 0x4cd74    : c_sd a3, 16(a1)            : MemWrite :  D=0x0000000000000000 A=0x70cc8
2508000: system.cpu: T0 : 0x4cd76    : c_sd a0, 24(a1)            : MemWrite :  D=0x000000000006ab00 A=0x70cd0
2508500: system.cpu: T0 : 0x4cd78    : c_sd a5, 32(a1)            : MemWrite :  D=0x00000000000007f8 A=0x70cd8
2509500: system.cpu: T0 : 0x4cd7a    : auipc s1, 36               : IntAlu :  D=0x0000000000070d7a
2510500: system.cpu: T0 : 0x4cd7e    : ld s1, -1266(s1)           : MemRead :  D=0x0000000000000000 A=0x70888
2511000: system.cpu: T0 : 0x4cd82    : c_mv s0, a1                : IntAlu :  D=0x0000000000070cb8
2511500: system.cpu: T0 : 0x4cd84    : c_beqz s1, 20              : IntAlu : 
2512000: system.cpu: T0 : 0x4cd98    : addi a5, gp, 1880          : IntAlu :  D=0x0000000000071800
2512500: system.cpu: T0 : 0x4cd9c    : ld a3, 448(a5)             : MemRead :  D=0x0000000000000000 A=0x719c0
2513000: system.cpu: T0 : 0x4cda0    : lw a4, 456(a5)             : MemRead :  D=0x0000000000000000 A=0x719c8
2513500: system.cpu: T0 : 0x4cda4    : sd s0, 448(a5)             : MemWrite :  D=0x0000000000070cb8 A=0x719c0
2514000: system.cpu: T0 : 0x4cda8    : c_sd a3, 40(s0)            : MemWrite :  D=0x0000000000000000 A=0x70ce0
2514500: system.cpu: T0 : 0x4cdaa    : c_beqz a4, 30              : IntAlu : 
2515000: system.cpu: T0 : 0x4cdc8    : c_li a4, 1                 : IntAlu :  D=0x0000000000000001
2516000: system.cpu: T0 : 0x4cdca    : addi a5, a5, 456           : IntAlu :  D=0x00000000000719c8
2517000: system.cpu: T0 : 0x4cdce    : amoswap_w zero, a4, (a5)  
2517000: system.cpu: T0 : 0x4cdce. 0 : amoswap_w[l] zero, a4, (a5) : MemRead :  D=0x0000000000000000 A=0x719c8
2517500: system.cpu: T0 : 0x4cdd2    : c_bnez s1, -36             : IntAlu : 
2518000: system.cpu: T0 : 0x4cdd4    : c_ldsp ra, 24(sp)          : MemRead :  D=0x0000000000010428 A=0x7ffffffffffffd98
2518500: system.cpu: T0 : 0x4cdd6    : c_ldsp s0, 16(sp)          : MemRead :  D=0x000000000006eaf8 A=0x7ffffffffffffd90
2519000: system.cpu: T0 : 0x4cdd8    : c_ldsp s1, 8(sp)           : MemRead :  D=0x0000000000000001 A=0x7ffffffffffffd88
2519500: system.cpu: T0 : 0x4cdda    : c_addi16sp sp, 32          : IntAlu :  D=0x7ffffffffffffda0
2520000: system.cpu: T0 : 0x4cddc    : c_jr ra                    : IntAlu : 
2520500: system.cpu: T0 : 0x10428    : c_ldsp ra, 8(sp)           : MemRead :  D=0x0000000000011380 A=0x7ffffffffffffda8
2521000: system.cpu: T0 : 0x1042a    : c_addi sp, 16              : IntAlu :  D=0x7ffffffffffffdb0
2521500: system.cpu: T0 : 0x1042c    : c_j -134                   : IntAlu : 
2522500: system.cpu: T0 : 0x103a6    : lui a0, 113                : IntAlu :  D=0x0000000000071000
2523500: system.cpu: T0 : 0x103aa    : addi a1, a0, -1936         : IntAlu :  D=0x0000000000070870
2524500: system.cpu: T0 : 0x103ae    : lui a5, 113                : IntAlu :  D=0x0000000000071000
2525500: system.cpu: T0 : 0x103b2    : addi a5, a5, -1936         : IntAlu :  D=0x0000000000070870
2526000: system.cpu: T0 : 0x103b6    : c_sub a5, a1               : IntAlu :  D=0x0000000000000000
2526500: system.cpu: T0 : 0x103b8    : srai a4, a5, 3             : IntAlu :  D=0x0000000000000000
2527000: system.cpu: T0 : 0x103bc    : srli a1, a5, 63            : IntAlu :  D=0x0000000000000000
2527500: system.cpu: T0 : 0x103c0    : c_add a1, a4               : IntAlu :  D=0x0000000000000000
2528000: system.cpu: T0 : 0x103c2    : c_srai a1, 1               : IntAlu :  D=0x0000000000000000
2528500: system.cpu: T0 : 0x103c4    : c_beqz a1, 16              : IntAlu : 
2529000: system.cpu: T0 : 0x103d4    : c_jr ra                    : IntAlu : 
2529500: system.cpu: T0 : 0x11380    : c_addi s0, 8               : IntAlu :  D=0x000000000006eb00
2530500: system.cpu: T0 : 0x11382    : bne s5, s1, -14            : IntAlu : 
2531000: system.cpu: T0 : 0x11386    : c_ldsp ra, 56(sp)          : MemRead :  D=0x0000000000010fa0 A=0x7ffffffffffffde8
2531500: system.cpu: T0 : 0x11388    : c_ldsp s0, 48(sp)          : MemRead :  D=0x0000000000011308 A=0x7ffffffffffffde0
2532000: system.cpu: T0 : 0x1138a    : c_ldsp s1, 40(sp)          : MemRead :  D=0x0000000000011398 A=0x7ffffffffffffdd8
2532500: system.cpu: T0 : 0x1138c    : c_ldsp s2, 32(sp)          : MemRead :  D=0x0000000000000000 A=0x7ffffffffffffdd0
2533000: system.cpu: T0 : 0x1138e    : c_ldsp s3, 24(sp)          : MemRead :  D=0x0000000000000000 A=0x7ffffffffffffdc8
2533500: system.cpu: T0 : 0x11390    : c_ldsp s4, 16(sp)          : MemRead :  D=0x0000000000000000 A=0x7ffffffffffffdc0
2534000: system.cpu: T0 : 0x11392    : c_ldsp s5, 8(sp)           : MemRead :  D=0x0000000000000000 A=0x7ffffffffffffdb8
2534500: system.cpu: T0 : 0x11394    : c_addi16sp sp, 64          : IntAlu :  D=0x7ffffffffffffdf0
2535000: system.cpu: T0 : 0x11396    : c_jr ra                    : IntAlu : 
2535500: system.cpu: T0 : 0x10fa0    : c_li a1, 0                 : IntAlu :  D=0x0000000000000000
2536000: system.cpu: T0 : 0x10fa2    : c_li a0, 0                 : IntAlu :  D=0x0000000000000000
2536500: system.cpu: T0 : 0x10fa4    : jal ra, 71454              : IntAlu :  D=0x0000000000010fa8
2537000: system.cpu: T0 : 0x226c2    : c_mv a4, a0                : IntAlu :  D=0x0000000000000000
2537500: system.cpu: T0 : 0x226c4    : c_beqz a1, 70              : IntAlu : 
2538500: system.cpu: T0 : 0x2270a    : lui a5, 114                : IntAlu :  D=0x0000000000072000
2539500: system.cpu: T0 : 0x2270e    : addi a0, a5, -456          : IntAlu :  D=0x0000000000071e38
2540000: system.cpu: T0 : 0x22712    : c_ld a5, 8(a0)             : MemRead :  D=0x0000000000000000 A=0x71e40
2540500: system.cpu: T0 : 0x22714    : c_bnez a5, -52             : IntAlu : 
2541000: system.cpu: T0 : 0x22716    : c_li a5, 1                 : IntAlu :  D=0x0000000000000001
2541500: system.cpu: T0 : 0x22718    : c_sw a5, 0(a0)             : MemWrite :  D=0x0000000000000001 A=0x71e38
2542000: system.cpu: T0 : 0x2271a    : c_bnez a4, -52             : IntAlu : 
2542500: system.cpu: T0 : 0x2271c    : lui a5, 114                : IntAlu :  D=0x0000000000072000
2543000: system.cpu: T0 : 0x22720    : ld a4, -424(a5)            : MemRead :  D=0x0000000000000000 A=0x71e58
2543500: system.cpu: T0 : 0x22724    : c_j -62                    : IntAlu : 
2544500: system.cpu: T0 : 0x226e6    : slli a5, a1, 3             : IntAlu :  D=0x0000000000000000
2545000: system.cpu: T0 : 0x226ea    : c_add a5, a1               : IntAlu :  D=0x0000000000000000
2545500: system.cpu: T0 : 0x226ec    : lui a1, 112                : IntAlu :  D=0x0000000000070000
2546000: system.cpu: T0 : 0x226f0    : c_slli a5, 4               : IntAlu :  D=0x0000000000000000
2547000: system.cpu: T0 : 0x226f2    : addi a1, a1, 944           : IntAlu :  D=0x00000000000703b0
2547500: system.cpu: T0 : 0x226f6    : c_add a1, a5               : IntAlu :  D=0x00000000000703b0
2548000: system.cpu: T0 : 0x226f8    : c_ld a5, 0(a1)             : MemRead :  D=0x000000000006fee0 A=0x703b0
2548500: system.cpu: T0 : 0x226fa    : c_sd a4, 32(a0)            : MemWrite :  D=0x0000000000000000 A=0x71e58
2549000: system.cpu: T0 : 0x226fc    : c_sd a5, 8(a0)             : MemWrite :  D=0x000000000006fee0 A=0x71e40
2550000: system.cpu: T0 : 0x226fe    : lui a5, 34                 : IntAlu :  D=0x0000000000022000
2551000: system.cpu: T0 : 0x22702    : addi a5, a5, 1728          : IntAlu :  D=0x00000000000226c0
2551500: system.cpu: T0 : 0x22706    : c_sd a5, 16(a0)            : MemWrite :  D=0x00000000000226c0 A=0x71e48
2552000: system.cpu: T0 : 0x22708    : c_jr ra                    : IntAlu : 
2552500: system.cpu: T0 : 0x10fa8    : c_addi4spn a0, sp, 40      : IntAlu :  D=0x7ffffffffffffe18
2553500: system.cpu: T0 : 0x10faa    : jal ra, 14938              : IntAlu :  D=0x0000000000010fae
2554000: system.cpu: T0 : 0x14a04    : c_li a1, 0                 : IntAlu :  D=0x0000000000000000
2554500: system.cpu: T0 : 0x14a06    : c_j 6                      : IntAlu : 
2555000: system.cpu: T0 : 0x14a0c    : sd ra, 0(a0)               : MemWrite :  D=0x0000000000010fae A=0x7ffffffffffffe18
2555500: system.cpu: T0 : 0x14a10    : c_sd s0, 8(a0)             : MemWrite :  D=0x0000000000011308 A=0x7ffffffffffffe20
2556000: system.cpu: T0 : 0x14a12    : c_sd s1, 16(a0)            : MemWrite :  D=0x0000000000011398 A=0x7ffffffffffffe28
2556500: system.cpu: T0 : 0x14a14    : sd s2, 24(a0)              : MemWrite :  D=0x0000000000000000 A=0x7ffffffffffffe30
2557000: system.cpu: T0 : 0x14a18    : sd s3, 32(a0)              : MemWrite :  D=0x0000000000000000 A=0x7ffffffffffffe38
2557500: system.cpu: T0 : 0x14a1c    : sd s4, 40(a0)              : MemWrite :  D=0x0000000000000000 A=0x7ffffffffffffe40
2558000: system.cpu: T0 : 0x14a20    : sd s5, 48(a0)              : MemWrite :  D=0x0000000000000000 A=0x7ffffffffffffe48
2558500: system.cpu: T0 : 0x14a24    : sd s6, 56(a0)              : MemWrite :  D=0x0000000000000000 A=0x7ffffffffffffe50
2559000: system.cpu: T0 : 0x14a28    : sd s7, 64(a0)              : MemWrite :  D=0x0000000000000000 A=0x7ffffffffffffe58
2559500: system.cpu: T0 : 0x14a2c    : sd s8, 72(a0)              : MemWrite :  D=0x0000000000000000 A=0x7ffffffffffffe60
2560000: system.cpu: T0 : 0x14a30    : sd s9, 80(a0)              : MemWrite :  D=0x0000000000000000 A=0x7ffffffffffffe68
2560500: system.cpu: T0 : 0x14a34    : sd s10, 88(a0)             : MemWrite :  D=0x0000000000000000 A=0x7ffffffffffffe70
2561000: system.cpu: T0 : 0x14a38    : sd s11, 96(a0)             : MemWrite :  D=0x0000000000000000 A=0x7ffffffffffffe78
2561500: system.cpu: T0 : 0x14a3c    : sd sp, 104(a0)             : MemWrite :  D=0x7ffffffffffffdf0 A=0x7ffffffffffffe80
2562000: system.cpu: T0 : 0x14a40    : c_fsd fs0, 112(a0)         : FloatMemWrite :  D=0x0000000000000000 A=0x7ffffffffffffe88
2562500: system.cpu: T0 : 0x14a42    : c_fsd fs1, 120(a0)         : FloatMemWrite :  D=0x0000000000000000 A=0x7ffffffffffffe90
2563000: system.cpu: T0 : 0x14a44    : fsd fs2, 128(a0)           : FloatMemWrite :  D=0x0000000000000000 A=0x7ffffffffffffe98
2563500: system.cpu: T0 : 0x14a48    : fsd fs3, 136(a0)           : FloatMemWrite :  D=0x0000000000000000 A=0x7ffffffffffffea0
2564000: system.cpu: T0 : 0x14a4c    : fsd fs4, 144(a0)           : FloatMemWrite :  D=0x0000000000000000 A=0x7ffffffffffffea8
2564500: system.cpu: T0 : 0x14a50    : fsd fs5, 152(a0)           : FloatMemWrite :  D=0x0000000000000000 A=0x7ffffffffffffeb0
2565000: system.cpu: T0 : 0x14a54    : fsd fs6, 160(a0)           : FloatMemWrite :  D=0x0000000000000000 A=0x7ffffffffffffeb8
2565500: system.cpu: T0 : 0x14a58    : fsd fs7, 168(a0)           : FloatMemWrite :  D=0x0000000000000000 A=0x7ffffffffffffec0
2566000: system.cpu: T0 : 0x14a5c    : fsd fs8, 176(a0)           : FloatMemWrite :  D=0x0000000000000000 A=0x7ffffffffffffec8
2566500: system.cpu: T0 : 0x14a60    : fsd fs9, 184(a0)           : FloatMemWrite :  D=0x0000000000000000 A=0x7ffffffffffffed0
2567000: system.cpu: T0 : 0x14a64    : fsd fs10, 192(a0)          : FloatMemWrite :  D=0x0000000000000000 A=0x7ffffffffffffed8
2567500: system.cpu: T0 : 0x14a68    : fsd fs11, 200(a0)          : FloatMemWrite :  D=0x0000000000000000 A=0x7ffffffffffffee0
2568000: system.cpu: T0 : 0x14a6c    : jal zero, 4                : IntAlu :  D=0x0000000000014a70
2568500: system.cpu: T0 : 0x14a70    : c_addi sp, -16             : IntAlu :  D=0x7ffffffffffffde0
2569000: system.cpu: T0 : 0x14a72    : c_sdsp s0, 0(sp)           : MemWrite :  D=0x0000000000011308 A=0x7ffffffffffffde0
2569500: system.cpu: T0 : 0x14a74    : c_sdsp ra, 8(sp)           : MemWrite :  D=0x0000000000010fae A=0x7ffffffffffffde8
2570000: system.cpu: T0 : 0x14a76    : c_mv s0, a0                : IntAlu :  D=0x7ffffffffffffe18
2570500: system.cpu: T0 : 0x14a78    : c_bnez a1, 16              : IntAlu : 
2571000: system.cpu: T0 : 0x14a7a    : c_ldsp ra, 8(sp)           : MemRead :  D=0x0000000000010fae A=0x7ffffffffffffde8
2571500: system.cpu: T0 : 0x14a7c    : sw a1, 208(s0)             : MemWrite :  D=0x0000000000000000 A=0x7ffffffffffffee8
2572000: system.cpu: T0 : 0x14a80    : c_ldsp s0, 0(sp)           : MemRead :  D=0x0000000000011308 A=0x7ffffffffffffde0
2572500: system.cpu: T0 : 0x14a82    : c_li a0, 0                 : IntAlu :  D=0x0000000000000000
2573000: system.cpu: T0 : 0x14a84    : c_addi sp, 16              : IntAlu :  D=0x7ffffffffffffdf0
2573500: system.cpu: T0 : 0x14a86    : c_jr ra                    : IntAlu : 
2574000: system.cpu: T0 : 0x10fae    : c_bnez a0, 166             : IntAlu : 
2574500: system.cpu: T0 : 0x10fb0    : ld a3, -1552(tp)           : MemRead :  D=0x0000000000000000 A=0x73100
2575000: system.cpu: T0 : 0x10fb4    : ld a4, -1560(tp)           : MemRead :  D=0x0000000000000000 A=0x730f8
2575500: system.cpu: T0 : 0x10fb8    : ld a2, -1360(gp)           : MemRead :  D=0x7fffffffffffff48 A=0x70b58
2576000: system.cpu: T0 : 0x10fbc    : c_ldsp a1, 16(sp)          : MemRead :  D=0x7fffffffffffff38 A=0x7ffffffffffffe00
2576500: system.cpu: T0 : 0x10fbe    : c_ldsp a0, 8(sp)           : MemRead :  D=0x0000000000000001 A=0x7ffffffffffffdf8
2577000: system.cpu: T0 : 0x10fc0    : c_ldsp a5, 24(sp)          : MemRead :  D=0x0000000000010e0e A=0x7ffffffffffffe08
2577500: system.cpu: T0 : 0x10fc2    : c_sdsp a4, 264(sp)         : MemWrite :  D=0x0000000000000000 A=0x7ffffffffffffef8
2578000: system.cpu: T0 : 0x10fc4    : c_sdsp a3, 256(sp)         : MemWrite :  D=0x0000000000000000 A=0x7ffffffffffffef0
2578500: system.cpu: T0 : 0x10fc6    : c_addi4spn a4, sp, 40      : IntAlu :  D=0x7ffffffffffffe18
2579000: system.cpu: T0 : 0x10fc8    : sd a4, -1552(tp)           : MemWrite :  D=0x7ffffffffffffe18 A=0x73100
2579500: system.cpu: T0 : 0x10fcc    : c_jalr a5                  : IntAlu :  D=0x0000000000010fce
2580000: system.cpu: T0 : 0x10e0e    : c_addi sp, -16             : IntAlu :  D=0x7ffffffffffffde0
2580500: system.cpu: T0 : 0x10e10    : c_sdsp ra, 8(sp)           : MemWrite :  D=0x0000000000010fce A=0x7ffffffffffffde8
2581000: system.cpu: T0 : 0x10e12    : c_sdsp s0, 0(sp)           : MemWrite :  D=0x0000000000011308 A=0x7ffffffffffffde0
2581500: system.cpu: T0 : 0x10e14    : c_addi4spn s0, sp, 16      : IntAlu :  D=0x7ffffffffffffdf0
2582000: system.cpu: T0 : 0x10e16    : c_li a1, 8                 : IntAlu :  D=0x0000000000000008
2582500: system.cpu: T0 : 0x10e18    : auipc a0, 94               : IntAlu :  D=0x000000000006ee18
2583000: system.cpu: T0 : 0x10e1c    : addi a0, a0, 488           : IntAlu :  D=0x000000000006f000
2583500: system.cpu: T0 : 0x10e20    : jal ra, -2544              : IntAlu :  D=0x0000000000010e24
2584000: system.cpu: T0 : 0x10430    : c_addi16sp sp, -128        : IntAlu :  D=0x7ffffffffffffd60
2584500: system.cpu: T0 : 0x10432    : c_sdsp s0, 120(sp)         : MemWrite :  D=0x7ffffffffffffdf0 A=0x7ffffffffffffdd8
2585000: system.cpu: T0 : 0x10434    : c_addi4spn s0, sp, 128     : IntAlu :  D=0x7ffffffffffffde0
2586000: system.cpu: T0 : 0x10436    : sd a0, -120(s0)            : MemWrite :  D=0x000000000006f000 A=0x7ffffffffffffd68
2586500: system.cpu: T0 : 0x1043a    : c_mv a5, a1                : IntAlu :  D=0x0000000000000008
2587000: system.cpu: T0 : 0x1043c    : sw a5, -124(s0)            : MemWrite :  D=0x0000000000000008 A=0x7ffffffffffffd64
2587500: system.cpu: T0 : 0x10440    : ld a5, -120(s0)            : MemRead :  D=0x000000000006f000 A=0x7ffffffffffffd68
2588000: system.cpu: T0 : 0x10444    : sd a5, -24(s0)             : MemWrite :  D=0x000000000006f000 A=0x7ffffffffffffdc8
2588500: system.cpu: T0 : 0x10448    : sw zero, -100(s0)          : MemWrite :  D=0x0000000000000000 A=0x7ffffffffffffd7c
2589000: system.cpu: T0 : 0x1044c    : c_j 1080                   : IntAlu : 
2589500: system.cpu: T0 : 0x10884    : lw a5, -100(s0)            : MemRead :  D=0x0000000000000000 A=0x7ffffffffffffd7c
2590000: system.cpu: T0 : 0x10888    : addiw a4, a5, 0            : IntAlu :  D=0x0000000000000000
2590500: system.cpu: T0 : 0x1088c    : c_li a5, 7                 : IntAlu :  D=0x0000000000000007
2591500: system.cpu: T0 : 0x1088e    : bge a5, a4, -1088          : IntAlu : 
2592500: system.cpu: T0 : 0x1044e    : ld a5, -24(s0)             : MemRead :  D=0x000000000006f000 A=0x7ffffffffffffdc8
2593500: system.cpu: T0 : 0x10452    : lh a5, 0(a5)               : MemRead :  D=0x0000000000000063 A=0x6f000
2594500: system.cpu: T0 : 0x10456    : addiw a4, a5, 0            : IntAlu :  D=0x0000000000000063
2595500: system.cpu: T0 : 0x1045a    : ld a5, -24(s0)             : MemRead :  D=0x000000000006f000 A=0x7ffffffffffffdc8
2596000: system.cpu: T0 : 0x1045e    : c_addi a5, 14              : IntAlu :  D=0x000000000006f00e
2596500: system.cpu: T0 : 0x10460    : lh a5, 0(a5)               : MemRead :  D=0x0000000000000037 A=0x6f00e
2597000: system.cpu: T0 : 0x10464    : c_addiw a5, 0              : IntAlu :  D=0x0000000000000037
2597500: system.cpu: T0 : 0x10466    : c_addw a5, a4              : IntAlu :  D=0x000000000000009a
2598000: system.cpu: T0 : 0x10468    : sw a5, -96(s0)             : MemWrite :  D=0x000000000000009a A=0x7ffffffffffffd80
2598500: system.cpu: T0 : 0x1046c    : ld a5, -24(s0)             : MemRead :  D=0x000000000006f000 A=0x7ffffffffffffdc8
2599000: system.cpu: T0 : 0x10470    : lh a5, 0(a5)               : MemRead :  D=0x0000000000000063 A=0x6f000
2599500: system.cpu: T0 : 0x10474    : addiw a4, a5, 0            : IntAlu :  D=0x0000000000000063
2600000: system.cpu: T0 : 0x10478    : ld a5, -24(s0)             : MemRead :  D=0x000000000006f000 A=0x7ffffffffffffdc8
2600500: system.cpu: T0 : 0x1047c    : c_addi a5, 14              : IntAlu :  D=0x000000000006f00e
2601500: system.cpu: T0 : 0x1047e    : lh a5, 0(a5)               : MemRead :  D=0x0000000000000037 A=0x6f00e
2602000: system.cpu: T0 : 0x10482    : c_addiw a5, 0              : IntAlu :  D=0x0000000000000037
2602500: system.cpu: T0 : 0x10484    : subw a5, a4, a5            : IntAlu :  D=0x000000000000002c
2603000: system.cpu: T0 : 0x10488    : sw a5, -92(s0)             : MemWrite :  D=0x000000000000002c A=0x7ffffffffffffd84
2603500: system.cpu: T0 : 0x1048c    : ld a5, -24(s0)             : MemRead :  D=0x000000000006f000 A=0x7ffffffffffffdc8
2604000: system.cpu: T0 : 0x10490    : c_addi a5, 2               : IntAlu :  D=0x000000000006f002
2605000: system.cpu: T0 : 0x10492    : lh a5, 0(a5)               : MemRead :  D=0x0000000000000068 A=0x6f002
2606000: system.cpu: T0 : 0x10496    : addiw a4, a5, 0            : IntAlu :  D=0x0000000000000068
2607000: system.cpu: T0 : 0x1049a    : ld a5, -24(s0)             : MemRead :  D=0x000000000006f000 A=0x7ffffffffffffdc8
2607500: system.cpu: T0 : 0x1049e    : c_addi a5, 12              : IntAlu :  D=0x000000000006f00c
2608000: system.cpu: T0 : 0x104a0    : lh a5, 0(a5)               : MemRead :  D=0x0000000000000037 A=0x6f00c
2608500: system.cpu: T0 : 0x104a4    : c_addiw a5, 0              : IntAlu :  D=0x0000000000000037
2609000: system.cpu: T0 : 0x104a6    : c_addw a5, a4              : IntAlu :  D=0x000000000000009f
2609500: system.cpu: T0 : 0x104a8    : sw a5, -88(s0)             : MemWrite :  D=0x000000000000009f A=0x7ffffffffffffd88
2610000: system.cpu: T0 : 0x104ac    : ld a5, -24(s0)             : MemRead :  D=0x000000000006f000 A=0x7ffffffffffffdc8
2610500: system.cpu: T0 : 0x104b0    : c_addi a5, 2               : IntAlu :  D=0x000000000006f002
2611500: system.cpu: T0 : 0x104b2    : lh a5, 0(a5)               : MemRead :  D=0x0000000000000068 A=0x6f002
2612500: system.cpu: T0 : 0x104b6    : addiw a4, a5, 0            : IntAlu :  D=0x0000000000000068
2613500: system.cpu: T0 : 0x104ba    : ld a5, -24(s0)             : MemRead :  D=0x000000000006f000 A=0x7ffffffffffffdc8
2614000: system.cpu: T0 : 0x104be    : c_addi a5, 12              : IntAlu :  D=0x000000000006f00c
2614500: system.cpu: T0 : 0x104c0    : lh a5, 0(a5)               : MemRead :  D=0x0000000000000037 A=0x6f00c
2615000: system.cpu: T0 : 0x104c4    : c_addiw a5, 0              : IntAlu :  D=0x0000000000000037
2616000: system.cpu: T0 : 0x104c6    : subw a5, a4, a5            : IntAlu :  D=0x0000000000000031
2617000: system.cpu: T0 : 0x104ca    : sw a5, -84(s0)             : MemWrite :  D=0x0000000000000031 A=0x7ffffffffffffd8c
2618000: system.cpu: T0 : 0x104ce    : ld a5, -24(s0)             : MemRead :  D=0x000000000006f000 A=0x7ffffffffffffdc8
2618500: system.cpu: T0 : 0x104d2    : c_addi a5, 4               : IntAlu :  D=0x000000000006f004
2619000: system.cpu: T0 : 0x104d4    : lh a5, 0(a5)               : MemRead :  D=0x000000000000006d A=0x6f004
2619500: system.cpu: T0 : 0x104d8    : addiw a4, a5, 0            : IntAlu :  D=0x000000000000006d
2620000: system.cpu: T0 : 0x104dc    : ld a5, -24(s0)             : MemRead :  D=0x000000000006f000 A=0x7ffffffffffffdc8
2620500: system.cpu: T0 : 0x104e0    : c_addi a5, 10              : IntAlu :  D=0x000000000006f00a
2621500: system.cpu: T0 : 0x104e2    : lh a5, 0(a5)               : MemRead :  D=0x0000000000000073 A=0x6f00a
2622000: system.cpu: T0 : 0x104e6    : c_addiw a5, 0              : IntAlu :  D=0x0000000000000073
2622500: system.cpu: T0 : 0x104e8    : c_addw a5, a4              : IntAlu :  D=0x00000000000000e0
2623500: system.cpu: T0 : 0x104ea    : sw a5, -80(s0)             : MemWrite :  D=0x00000000000000e0 A=0x7ffffffffffffd90
2624500: system.cpu: T0 : 0x104ee    : ld a5, -24(s0)             : MemRead :  D=0x000000000006f000 A=0x7ffffffffffffdc8
2625000: system.cpu: T0 : 0x104f2    : c_addi a5, 4               : IntAlu :  D=0x000000000006f004
2625500: system.cpu: T0 : 0x104f4    : lh a5, 0(a5)               : MemRead :  D=0x000000000000006d A=0x6f004
2626000: system.cpu: T0 : 0x104f8    : addiw a4, a5, 0            : IntAlu :  D=0x000000000000006d
2626500: system.cpu: T0 : 0x104fc    : ld a5, -24(s0)             : MemRead :  D=0x000000000006f000 A=0x7ffffffffffffdc8
2627000: system.cpu: T0 : 0x10500    : c_addi a5, 10              : IntAlu :  D=0x000000000006f00a
2628000: system.cpu: T0 : 0x10502    : lh a5, 0(a5)               : MemRead :  D=0x0000000000000073 A=0x6f00a
2628500: system.cpu: T0 : 0x10506    : c_addiw a5, 0              : IntAlu :  D=0x0000000000000073
2629000: system.cpu: T0 : 0x10508    : subw a5, a4, a5            : IntAlu :  D=0xfffffffffffffffa
2629500: system.cpu: T0 : 0x1050c    : sw a5, -76(s0)             : MemWrite :  D=0x00000000fffffffa A=0x7ffffffffffffd94
2630000: system.cpu: T0 : 0x10510    : ld a5, -24(s0)             : MemRead :  D=0x000000000006f000 A=0x7ffffffffffffdc8
2630500: system.cpu: T0 : 0x10514    : c_addi a5, 6               : IntAlu :  D=0x000000000006f006
2631500: system.cpu: T0 : 0x10516    : lh a5, 0(a5)               : MemRead :  D=0x0000000000000071 A=0x6f006
2632500: system.cpu: T0 : 0x1051a    : addiw a4, a5, 0            : IntAlu :  D=0x0000000000000071
2633500: system.cpu: T0 : 0x1051e    : ld a5, -24(s0)             : MemRead :  D=0x000000000006f000 A=0x7ffffffffffffdc8
2634000: system.cpu: T0 : 0x10522    : c_addi a5, 8               : IntAlu :  D=0x000000000006f008
2634500: system.cpu: T0 : 0x10524    : lh a5, 0(a5)               : MemRead :  D=0x0000000000000073 A=0x6f008
2635000: system.cpu: T0 : 0x10528    : c_addiw a5, 0              : IntAlu :  D=0x0000000000000073
2635500: system.cpu: T0 : 0x1052a    : c_addw a5, a4              : IntAlu :  D=0x00000000000000e4
2636000: system.cpu: T0 : 0x1052c    : sw a5, -72(s0)             : MemWrite :  D=0x00000000000000e4 A=0x7ffffffffffffd98
2636500: system.cpu: T0 : 0x10530    : ld a5, -24(s0)             : MemRead :  D=0x000000000006f000 A=0x7ffffffffffffdc8
2637000: system.cpu: T0 : 0x10534    : c_addi a5, 6               : IntAlu :  D=0x000000000006f006
2638000: system.cpu: T0 : 0x10536    : lh a5, 0(a5)               : MemRead :  D=0x0000000000000071 A=0x6f006
2639000: system.cpu: T0 : 0x1053a    : addiw a4, a5, 0            : IntAlu :  D=0x0000000000000071
2640000: system.cpu: T0 : 0x1053e    : ld a5, -24(s0)             : MemRead :  D=0x000000000006f000 A=0x7ffffffffffffdc8
2640500: system.cpu: T0 : 0x10542    : c_addi a5, 8               : IntAlu :  D=0x000000000006f008
2641000: system.cpu: T0 : 0x10544    : lh a5, 0(a5)               : MemRead :  D=0x0000000000000073 A=0x6f008
2641500: system.cpu: T0 : 0x10548    : c_addiw a5, 0              : IntAlu :  D=0x0000000000000073
2642500: system.cpu: T0 : 0x1054a    : subw a5, a4, a5            : IntAlu :  D=0xfffffffffffffffe
2643500: system.cpu: T0 : 0x1054e    : sw a5, -68(s0)             : MemWrite :  D=0x00000000fffffffe A=0x7ffffffffffffd9c
2644500: system.cpu: T0 : 0x10552    : lw a4, -96(s0)             : MemRead :  D=0x000000000000009a A=0x7ffffffffffffd80
2645500: system.cpu: T0 : 0x10556    : lw a5, -72(s0)             : MemRead :  D=0x00000000000000e4 A=0x7ffffffffffffd98
2646000: system.cpu: T0 : 0x1055a    : c_addw a5, a4              : IntAlu :  D=0x000000000000017e
2646500: system.cpu: T0 : 0x1055c    : sw a5, -64(s0)             : MemWrite :  D=0x000000000000017e A=0x7ffffffffffffda0
2647000: system.cpu: T0 : 0x10560    : lw a4, -96(s0)             : MemRead :  D=0x000000000000009a A=0x7ffffffffffffd80
2647500: system.cpu: T0 : 0x10564    : lw a5, -72(s0)             : MemRead :  D=0x00000000000000e4 A=0x7ffffffffffffd98
2648000: system.cpu: T0 : 0x10568    : subw a5, a4, a5            : IntAlu :  D=0xffffffffffffffb6
2648500: system.cpu: T0 : 0x1056c    : sw a5, -60(s0)             : MemWrite :  D=0x00000000ffffffb6 A=0x7ffffffffffffda4
2649000: system.cpu: T0 : 0x10570    : lw a4, -88(s0)             : MemRead :  D=0x000000000000009f A=0x7ffffffffffffd88
2649500: system.cpu: T0 : 0x10574    : lw a5, -80(s0)             : MemRead :  D=0x00000000000000e0 A=0x7ffffffffffffd90
2650000: system.cpu: T0 : 0x10578    : c_addw a5, a4              : IntAlu :  D=0x000000000000017f
2651000: system.cpu: T0 : 0x1057a    : sw a5, -56(s0)             : MemWrite :  D=0x000000000000017f A=0x7ffffffffffffda8
2652000: system.cpu: T0 : 0x1057e    : lw a4, -88(s0)             : MemRead :  D=0x000000000000009f A=0x7ffffffffffffd88
2653000: system.cpu: T0 : 0x10582    : lw a5, -80(s0)             : MemRead :  D=0x00000000000000e0 A=0x7ffffffffffffd90
2654000: system.cpu: T0 : 0x10586    : subw a5, a4, a5            : IntAlu :  D=0xffffffffffffffbf
2655000: system.cpu: T0 : 0x1058a    : sw a5, -52(s0)             : MemWrite :  D=0x00000000ffffffbf A=0x7ffffffffffffdac
2656000: system.cpu: T0 : 0x1058e    : lw a4, -64(s0)             : MemRead :  D=0x000000000000017e A=0x7ffffffffffffda0
2657000: system.cpu: T0 : 0x10592    : lw a5, -56(s0)             : MemRead :  D=0x000000000000017f A=0x7ffffffffffffda8
2657500: system.cpu: T0 : 0x10596    : c_addw a5, a4              : IntAlu :  D=0x00000000000002fd
2658000: system.cpu: T0 : 0x10598    : c_addiw a5, 0              : IntAlu :  D=0x00000000000002fd
2659000: system.cpu: T0 : 0x1059a    : slliw a5, a5, 2            : IntAlu :  D=0x0000000000000bf4
2659500: system.cpu: T0 : 0x1059e    : c_addiw a5, 0              : IntAlu :  D=0x0000000000000bf4
2660000: system.cpu: T0 : 0x105a0    : slliw a4, a5, 16           : IntAlu :  D=0x000000000bf40000
2660500: system.cpu: T0 : 0x105a4    : sraiw a4, a4, 16           : IntAlu :  D=0x0000000000000bf4
2661000: system.cpu: T0 : 0x105a8    : ld a5, -24(s0)             : MemRead :  D=0x000000000006f000 A=0x7ffffffffffffdc8
2661500: system.cpu: T0 : 0x105ac    : sh a4, 0(a5)               : MemWrite :  D=0x0000000000000bf4 A=0x6f000
2662000: system.cpu: T0 : 0x105b0    : lw a4, -64(s0)             : MemRead :  D=0x000000000000017e A=0x7ffffffffffffda0
2662500: system.cpu: T0 : 0x105b4    : lw a5, -56(s0)             : MemRead :  D=0x000000000000017f A=0x7ffffffffffffda8
2663000: system.cpu: T0 : 0x105b8    : subw a5, a4, a5            : IntAlu :  D=0xffffffffffffffff
2663500: system.cpu: T0 : 0x105bc    : c_addiw a5, 0              : IntAlu :  D=0xffffffffffffffff
2664500: system.cpu: T0 : 0x105be    : slliw a5, a5, 2            : IntAlu :  D=0xfffffffffffffffc
2665500: system.cpu: T0 : 0x105c2    : addiw a4, a5, 0            : IntAlu :  D=0xfffffffffffffffc
2666500: system.cpu: T0 : 0x105c6    : ld a5, -24(s0)             : MemRead :  D=0x000000000006f000 A=0x7ffffffffffffdc8
2667000: system.cpu: T0 : 0x105ca    : c_addi a5, 8               : IntAlu :  D=0x000000000006f008
2667500: system.cpu: T0 : 0x105cc    : slliw a4, a4, 16           : IntAlu :  D=0xfffffffffffc0000
2668000: system.cpu: T0 : 0x105d0    : sraiw a4, a4, 16           : IntAlu :  D=0xfffffffffffffffc
2668500: system.cpu: T0 : 0x105d4    : sh a4, 0(a5)               : MemWrite :  D=0x000000000000fffc A=0x6f008
2669000: system.cpu: T0 : 0x105d8    : c_lui a5, 1                : IntAlu :  D=0x0000000000001000
2670000: system.cpu: T0 : 0x105da    : addiw a5, a5, 337          : IntAlu :  D=0x0000000000001151
2671000: system.cpu: T0 : 0x105de    : sw a5, -48(s0)             : MemWrite :  D=0x0000000000001151 A=0x7ffffffffffffdb0
2672000: system.cpu: T0 : 0x105e2    : lw a4, -52(s0)             : MemRead :  D=0xffffffffffffffbf A=0x7ffffffffffffdac
2673000: system.cpu: T0 : 0x105e6    : lw a5, -60(s0)             : MemRead :  D=0xffffffffffffffb6 A=0x7ffffffffffffda4
2673500: system.cpu: T0 : 0x105ea    : c_addw a5, a4              : IntAlu :  D=0xffffffffffffff75
2674000: system.cpu: T0 : 0x105ec    : c_addiw a5, 0              : IntAlu :  D=0xffffffffffffff75
2675000: system.cpu: T0 : 0x105ee    : lw a4, -48(s0)             : MemRead :  D=0x0000000000001151 A=0x7ffffffffffffdb0
2676000: system.cpu: T0 : 0x105f2    : mulw a5, a4, a5            : IntMult :  D=0xfffffffffff69905
2677000: system.cpu: T0 : 0x105f6    : sw a5, -44(s0)             : MemWrite :  D=0x00000000fff69905 A=0x7ffffffffffffdb4
2677500: system.cpu: T0 : 0x105fa    : c_lui a5, 2                : IntAlu :  D=0x0000000000002000
2678000: system.cpu: T0 : 0x105fc    : addiw a5, a5, -1922        : IntAlu :  D=0x000000000000187e
2678500: system.cpu: T0 : 0x10600    : sw a5, -48(s0)             : MemWrite :  D=0x000000000000187e A=0x7ffffffffffffdb0
2679000: system.cpu: T0 : 0x10604    : lw a4, -60(s0)             : MemRead :  D=0xffffffffffffffb6 A=0x7ffffffffffffda4
2679500: system.cpu: T0 : 0x10608    : lw a5, -48(s0)             : MemRead :  D=0x000000000000187e A=0x7ffffffffffffdb0
2680000: system.cpu: T0 : 0x1060c    : mulw a5, a4, a5            : IntMult :  D=0xfffffffffff8eb94
2680500: system.cpu: T0 : 0x10610    : c_addiw a5, 0              : IntAlu :  D=0xfffffffffff8eb94
2681500: system.cpu: T0 : 0x10612    : lw a4, -44(s0)             : MemRead :  D=0xfffffffffff69905 A=0x7ffffffffffffdb4
2682000: system.cpu: T0 : 0x10616    : c_addw a5, a4              : IntAlu :  D=0xffffffffffef8499
2682500: system.cpu: T0 : 0x10618    : c_addiw a5, 0              : IntAlu :  D=0xffffffffffef8499
2683500: system.cpu: T0 : 0x1061a    : sraiw a5, a5, 11           : IntAlu :  D=0xfffffffffffffdf0
2684500: system.cpu: T0 : 0x1061e    : addiw a4, a5, 0            : IntAlu :  D=0xfffffffffffffdf0
2685500: system.cpu: T0 : 0x10622    : ld a5, -24(s0)             : MemRead :  D=0x000000000006f000 A=0x7ffffffffffffdc8
2686000: system.cpu: T0 : 0x10626    : c_addi a5, 4               : IntAlu :  D=0x000000000006f004
2686500: system.cpu: T0 : 0x10628    : slliw a4, a4, 16           : IntAlu :  D=0xfffffffffdf00000
2687000: system.cpu: T0 : 0x1062c    : sraiw a4, a4, 16           : IntAlu :  D=0xfffffffffffffdf0
2687500: system.cpu: T0 : 0x10630    : sh a4, 0(a5)               : MemWrite :  D=0x000000000000fdf0 A=0x6f004
2688000: system.cpu: T0 : 0x10634    : c_lui a5, 1048572          : IntAlu :  D=0xffffffffffffc000
2689000: system.cpu: T0 : 0x10636    : addiw a5, a5, 1247         : IntAlu :  D=0xffffffffffffc4df
2690000: system.cpu: T0 : 0x1063a    : sw a5, -48(s0)             : MemWrite :  D=0x00000000ffffc4df A=0x7ffffffffffffdb0
2691000: system.cpu: T0 : 0x1063e    : lw a4, -52(s0)             : MemRead :  D=0xffffffffffffffbf A=0x7ffffffffffffdac
2692000: system.cpu: T0 : 0x10642    : lw a5, -48(s0)             : MemRead :  D=0xffffffffffffc4df A=0x7ffffffffffffdb0
2693000: system.cpu: T0 : 0x10646    : mulw a5, a4, a5            : IntMult :  D=0x00000000000f0361
2693500: system.cpu: T0 : 0x1064a    : c_addiw a5, 0              : IntAlu :  D=0x00000000000f0361
2694000: system.cpu: T0 : 0x1064c    : lw a4, -44(s0)             : MemRead :  D=0xfffffffffff69905 A=0x7ffffffffffffdb4
2694500: system.cpu: T0 : 0x10650    : c_addw a5, a4              : IntAlu :  D=0x0000000000059c66
2695000: system.cpu: T0 : 0x10652    : c_addiw a5, 0              : IntAlu :  D=0x0000000000059c66
2695500: system.cpu: T0 : 0x10654    : sraiw a5, a5, 11           : IntAlu :  D=0x00000000000000b3
2696000: system.cpu: T0 : 0x10658    : addiw a4, a5, 0            : IntAlu :  D=0x00000000000000b3
2696500: system.cpu: T0 : 0x1065c    : ld a5, -24(s0)             : MemRead :  D=0x000000000006f000 A=0x7ffffffffffffdc8
2697000: system.cpu: T0 : 0x10660    : c_addi a5, 12              : IntAlu :  D=0x000000000006f00c
2698000: system.cpu: T0 : 0x10662    : slliw a4, a4, 16           : IntAlu :  D=0x0000000000b30000
2699000: system.cpu: T0 : 0x10666    : sraiw a4, a4, 16           : IntAlu :  D=0x00000000000000b3
2700000: system.cpu: T0 : 0x1066a    : sh a4, 0(a5)               : MemWrite :  D=0x00000000000000b3 A=0x6f00c
2701000: system.cpu: T0 : 0x1066e    : lw a4, -68(s0)             : MemRead :  D=0xfffffffffffffffe A=0x7ffffffffffffd9c
2702000: system.cpu: T0 : 0x10672    : lw a5, -92(s0)             : MemRead :  D=0x000000000000002c A=0x7ffffffffffffd84
2702500: system.cpu: T0 : 0x10676    : c_addw a5, a4              : IntAlu :  D=0x000000000000002a
2703000: system.cpu: T0 : 0x10678    : sw a5, -44(s0)             : MemWrite :  D=0x000000000000002a A=0x7ffffffffffffdb4
2703500: system.cpu: T0 : 0x1067c    : lw a4, -76(s0)             : MemRead :  D=0xfffffffffffffffa A=0x7ffffffffffffd94
2704000: system.cpu: T0 : 0x10680    : lw a5, -84(s0)             : MemRead :  D=0x0000000000000031 A=0x7ffffffffffffd8c
2704500: system.cpu: T0 : 0x10684    : c_addw a5, a4              : IntAlu :  D=0x000000000000002b
2705500: system.cpu: T0 : 0x10686    : sw a5, -40(s0)             : MemWrite :  D=0x000000000000002b A=0x7ffffffffffffdb8
2706500: system.cpu: T0 : 0x1068a    : lw a4, -68(s0)             : MemRead :  D=0xfffffffffffffffe A=0x7ffffffffffffd9c
2707500: system.cpu: T0 : 0x1068e    : lw a5, -84(s0)             : MemRead :  D=0x0000000000000031 A=0x7ffffffffffffd8c
2708000: system.cpu: T0 : 0x10692    : c_addw a5, a4              : IntAlu :  D=0x000000000000002f
2708500: system.cpu: T0 : 0x10694    : sw a5, -36(s0)             : MemWrite :  D=0x000000000000002f A=0x7ffffffffffffdbc
2709000: system.cpu: T0 : 0x10698    : lw a4, -76(s0)             : MemRead :  D=0xfffffffffffffffa A=0x7ffffffffffffd94
2709500: system.cpu: T0 : 0x1069c    : lw a5, -92(s0)             : MemRead :  D=0x000000000000002c A=0x7ffffffffffffd84
2710000: system.cpu: T0 : 0x106a0    : c_addw a5, a4              : IntAlu :  D=0x0000000000000026
2711000: system.cpu: T0 : 0x106a2    : sw a5, -32(s0)             : MemWrite :  D=0x0000000000000026 A=0x7ffffffffffffdc0
2711500: system.cpu: T0 : 0x106a6    : c_lui a5, 2                : IntAlu :  D=0x0000000000002000
2712000: system.cpu: T0 : 0x106a8    : addiw a5, a5, 1441         : IntAlu :  D=0x00000000000025a1
2712500: system.cpu: T0 : 0x106ac    : sw a5, -48(s0)             : MemWrite :  D=0x00000000000025a1 A=0x7ffffffffffffdb0
2713000: system.cpu: T0 : 0x106b0    : lw a4, -36(s0)             : MemRead :  D=0x000000000000002f A=0x7ffffffffffffdbc
2713500: system.cpu: T0 : 0x106b4    : lw a5, -32(s0)             : MemRead :  D=0x0000000000000026 A=0x7ffffffffffffdc0
2714000: system.cpu: T0 : 0x106b8    : c_addw a5, a4              : IntAlu :  D=0x0000000000000055
2714500: system.cpu: T0 : 0x106ba    : c_addiw a5, 0              : IntAlu :  D=0x0000000000000055
2715000: system.cpu: T0 : 0x106bc    : lw a4, -48(s0)             : MemRead :  D=0x00000000000025a1 A=0x7ffffffffffffdb0
2715500: system.cpu: T0 : 0x106c0    : mulw a5, a4, a5            : IntMult :  D=0x00000000000c7e75
2716000: system.cpu: T0 : 0x106c4    : sw a5, -28(s0)             : MemWrite :  D=0x00000000000c7e75 A=0x7ffffffffffffdc4
2716500: system.cpu: T0 : 0x106c8    : c_lui a5, 1                : IntAlu :  D=0x0000000000001000
2717500: system.cpu: T0 : 0x106ca    : addiw a5, a5, -1650        : IntAlu :  D=0x000000000000098e
2718500: system.cpu: T0 : 0x106ce    : sw a5, -48(s0)             : MemWrite :  D=0x000000000000098e A=0x7ffffffffffffdb0
2719500: system.cpu: T0 : 0x106d2    : lw a4, -68(s0)             : MemRead :  D=0xfffffffffffffffe A=0x7ffffffffffffd9c
2720500: system.cpu: T0 : 0x106d6    : lw a5, -48(s0)             : MemRead :  D=0x000000000000098e A=0x7ffffffffffffdb0
2721500: system.cpu: T0 : 0x106da    : mulw a5, a4, a5            : IntMult :  D=0xffffffffffffece4
2722500: system.cpu: T0 : 0x106de    : sw a5, -68(s0)             : MemWrite :  D=0x00000000ffffece4 A=0x7ffffffffffffd9c
2723000: system.cpu: T0 : 0x106e2    : c_lui a5, 4                : IntAlu :  D=0x0000000000004000
2723500: system.cpu: T0 : 0x106e4    : addiw a5, a5, 435          : IntAlu :  D=0x00000000000041b3
2724000: system.cpu: T0 : 0x106e8    : sw a5, -48(s0)             : MemWrite :  D=0x00000000000041b3 A=0x7ffffffffffffdb0
2724500: system.cpu: T0 : 0x106ec    : lw a4, -76(s0)             : MemRead :  D=0xfffffffffffffffa A=0x7ffffffffffffd94
2725000: system.cpu: T0 : 0x106f0    : lw a5, -48(s0)             : MemRead :  D=0x00000000000041b3 A=0x7ffffffffffffdb0
2725500: system.cpu: T0 : 0x106f4    : mulw a5, a4, a5            : IntMult :  D=0xfffffffffffe75ce
2726000: system.cpu: T0 : 0x106f8    : sw a5, -76(s0)             : MemWrite :  D=0x00000000fffe75ce A=0x7ffffffffffffd94
2726500: system.cpu: T0 : 0x106fc    : c_lui a5, 6                : IntAlu :  D=0x0000000000006000
2727500: system.cpu: T0 : 0x106fe    : addiw a5, a5, 596          : IntAlu :  D=0x0000000000006254
2728500: system.cpu: T0 : 0x10702    : sw a5, -48(s0)             : MemWrite :  D=0x0000000000006254 A=0x7ffffffffffffdb0
2729500: system.cpu: T0 : 0x10706    : lw a4, -84(s0)             : MemRead :  D=0x0000000000000031 A=0x7ffffffffffffd8c
2730500: system.cpu: T0 : 0x1070a    : lw a5, -48(s0)             : MemRead :  D=0x0000000000006254 A=0x7ffffffffffffdb0
2731500: system.cpu: T0 : 0x1070e    : mulw a5, a4, a5            : IntMult :  D=0x000000000012d214
2732500: system.cpu: T0 : 0x10712    : sw a5, -84(s0)             : MemWrite :  D=0x000000000012d214 A=0x7ffffffffffffd8c
2733000: system.cpu: T0 : 0x10716    : c_lui a5, 3                : IntAlu :  D=0x0000000000003000
2733500: system.cpu: T0 : 0x10718    : c_addiw a5, 11             : IntAlu :  D=0x000000000000300b
2734500: system.cpu: T0 : 0x1071a    : sw a5, -48(s0)             : MemWrite :  D=0x000000000000300b A=0x7ffffffffffffdb0
2735500: system.cpu: T0 : 0x1071e    : lw a4, -92(s0)             : MemRead :  D=0x000000000000002c A=0x7ffffffffffffd84
2736500: system.cpu: T0 : 0x10722    : lw a5, -48(s0)             : MemRead :  D=0x000000000000300b A=0x7ffffffffffffdb0
2737500: system.cpu: T0 : 0x10726    : mulw a5, a4, a5            : IntMult :  D=0x00000000000841e4
2738500: system.cpu: T0 : 0x1072a    : sw a5, -92(s0)             : MemWrite :  D=0x00000000000841e4 A=0x7ffffffffffffd84
2739000: system.cpu: T0 : 0x1072e    : c_lui a5, 1048574          : IntAlu :  D=0xffffffffffffe000
2739500: system.cpu: T0 : 0x10730    : addiw a5, a5, 819          : IntAlu :  D=0xffffffffffffe333
2740000: system.cpu: T0 : 0x10734    : sw a5, -48(s0)             : MemWrite :  D=0x00000000ffffe333 A=0x7ffffffffffffdb0
2740500: system.cpu: T0 : 0x10738    : lw a4, -44(s0)             : MemRead :  D=0x000000000000002a A=0x7ffffffffffffdb4
2741000: system.cpu: T0 : 0x1073c    : lw a5, -48(s0)             : MemRead :  D=0xffffffffffffe333 A=0x7ffffffffffffdb0
2741500: system.cpu: T0 : 0x10740    : mulw a5, a4, a5            : IntMult :  D=0xfffffffffffb465e
2742000: system.cpu: T0 : 0x10744    : sw a5, -44(s0)             : MemWrite :  D=0x00000000fffb465e A=0x7ffffffffffffdb4
2742500: system.cpu: T0 : 0x10748    : c_lui a5, 1048571          : IntAlu :  D=0xffffffffffffb000
2743500: system.cpu: T0 : 0x1074a    : addiw a5, a5, -515         : IntAlu :  D=0xffffffffffffadfd
2744500: system.cpu: T0 : 0x1074e    : sw a5, -48(s0)             : MemWrite :  D=0x00000000ffffadfd A=0x7ffffffffffffdb0
2745500: system.cpu: T0 : 0x10752    : lw a4, -40(s0)             : MemRead :  D=0x000000000000002b A=0x7ffffffffffffdb8
2746500: system.cpu: T0 : 0x10756    : lw a5, -48(s0)             : MemRead :  D=0xffffffffffffadfd A=0x7ffffffffffffdb0
2747500: system.cpu: T0 : 0x1075a    : mulw a5, a4, a5            : IntMult :  D=0xfffffffffff2397f
2748500: system.cpu: T0 : 0x1075e    : sw a5, -40(s0)             : MemWrite :  D=0x00000000fff2397f A=0x7ffffffffffffdb8
2749000: system.cpu: T0 : 0x10762    : c_lui a5, 1048572          : IntAlu :  D=0xffffffffffffc000
2749500: system.cpu: T0 : 0x10764    : addiw a5, a5, 315          : IntAlu :  D=0xffffffffffffc13b
2750000: system.cpu: T0 : 0x10768    : sw a5, -48(s0)             : MemWrite :  D=0x00000000ffffc13b A=0x7ffffffffffffdb0
2750500: system.cpu: T0 : 0x1076c    : lw a4, -36(s0)             : MemRead :  D=0x000000000000002f A=0x7ffffffffffffdbc
2751000: system.cpu: T0 : 0x10770    : lw a5, -48(s0)             : MemRead :  D=0xffffffffffffc13b A=0x7ffffffffffffdb0
2751500: system.cpu: T0 : 0x10774    : mulw a5, a4, a5            : IntMult :  D=0xfffffffffff479d5
2752000: system.cpu: T0 : 0x10778    : sw a5, -36(s0)             : MemWrite :  D=0x00000000fff479d5 A=0x7ffffffffffffdbc
2752500: system.cpu: T0 : 0x1077c    : c_lui a5, 1048575          : IntAlu :  D=0xfffffffffffff000
2753500: system.cpu: T0 : 0x1077e    : addiw a5, a5, 900          : IntAlu :  D=0xfffffffffffff384
2754500: system.cpu: T0 : 0x10782    : sw a5, -48(s0)             : MemWrite :  D=0x00000000fffff384 A=0x7ffffffffffffdb0
2755500: system.cpu: T0 : 0x10786    : lw a4, -32(s0)             : MemRead :  D=0x0000000000000026 A=0x7ffffffffffffdc0
2756500: system.cpu: T0 : 0x1078a    : lw a5, -48(s0)             : MemRead :  D=0xfffffffffffff384 A=0x7ffffffffffffdb0
2757500: system.cpu: T0 : 0x1078e    : mulw a5, a4, a5            : IntMult :  D=0xfffffffffffe2598
2758500: system.cpu: T0 : 0x10792    : sw a5, -32(s0)             : MemWrite :  D=0x00000000fffe2598 A=0x7ffffffffffffdc0
2759500: system.cpu: T0 : 0x10796    : lw a4, -36(s0)             : MemRead :  D=0xfffffffffff479d5 A=0x7ffffffffffffdbc
2760500: system.cpu: T0 : 0x1079a    : lw a5, -28(s0)             : MemRead :  D=0x00000000000c7e75 A=0x7ffffffffffffdc4
2761000: system.cpu: T0 : 0x1079e    : c_addw a5, a4              : IntAlu :  D=0x000000000000f84a
2761500: system.cpu: T0 : 0x107a0    : sw a5, -36(s0)             : MemWrite :  D=0x000000000000f84a A=0x7ffffffffffffdbc
2762000: system.cpu: T0 : 0x107a4    : lw a4, -32(s0)             : MemRead :  D=0xfffffffffffe2598 A=0x7ffffffffffffdc0
2762500: system.cpu: T0 : 0x107a8    : lw a5, -28(s0)             : MemRead :  D=0x00000000000c7e75 A=0x7ffffffffffffdc4
2763000: system.cpu: T0 : 0x107ac    : c_addw a5, a4              : IntAlu :  D=0x00000000000aa40d
2764000: system.cpu: T0 : 0x107ae    : sw a5, -32(s0)             : MemWrite :  D=0x00000000000aa40d A=0x7ffffffffffffdc0
2765000: system.cpu: T0 : 0x107b2    : lw a4, -68(s0)             : MemRead :  D=0xffffffffffffece4 A=0x7ffffffffffffd9c
2766000: system.cpu: T0 : 0x107b6    : lw a5, -44(s0)             : MemRead :  D=0xfffffffffffb465e A=0x7ffffffffffffdb4
2766500: system.cpu: T0 : 0x107ba    : c_addw a5, a4              : IntAlu :  D=0xfffffffffffb3342
2767000: system.cpu: T0 : 0x107bc    : c_addiw a5, 0              : IntAlu :  D=0xfffffffffffb3342
2768000: system.cpu: T0 : 0x107be    : lw a4, -36(s0)             : MemRead :  D=0x000000000000f84a A=0x7ffffffffffffdbc
2768500: system.cpu: T0 : 0x107c2    : c_addw a5, a4              : IntAlu :  D=0xfffffffffffc2b8c
2769000: system.cpu: T0 : 0x107c4    : c_addiw a5, 0              : IntAlu :  D=0xfffffffffffc2b8c
2770000: system.cpu: T0 : 0x107c6    : sraiw a5, a5, 11           : IntAlu :  D=0xffffffffffffff85
2771000: system.cpu: T0 : 0x107ca    : addiw a4, a5, 0            : IntAlu :  D=0xffffffffffffff85
2772000: system.cpu: T0 : 0x107ce    : ld a5, -24(s0)             : MemRead :  D=0x000000000006f000 A=0x7ffffffffffffdc8
2772500: system.cpu: T0 : 0x107d2    : c_addi a5, 14              : IntAlu :  D=0x000000000006f00e
2773000: system.cpu: T0 : 0x107d4    : slliw a4, a4, 16           : IntAlu :  D=0xffffffffff850000
2773500: system.cpu: T0 : 0x107d8    : sraiw a4, a4, 16           : IntAlu :  D=0xffffffffffffff85
2774000: system.cpu: T0 : 0x107dc    : sh a4, 0(a5)               : MemWrite :  D=0x000000000000ff85 A=0x6f00e
2774500: system.cpu: T0 : 0x107e0    : lw a4, -76(s0)             : MemRead :  D=0xfffffffffffe75ce A=0x7ffffffffffffd94
2775000: system.cpu: T0 : 0x107e4    : lw a5, -40(s0)             : MemRead :  D=0xfffffffffff2397f A=0x7ffffffffffffdb8
2775500: system.cpu: T0 : 0x107e8    : c_addw a5, a4              : IntAlu :  D=0xfffffffffff0af4d
2776000: system.cpu: T0 : 0x107ea    : c_addiw a5, 0              : IntAlu :  D=0xfffffffffff0af4d
2776500: system.cpu: T0 : 0x107ec    : lw a4, -32(s0)             : MemRead :  D=0x00000000000aa40d A=0x7ffffffffffffdc0
2777000: system.cpu: T0 : 0x107f0    : c_addw a5, a4              : IntAlu :  D=0xfffffffffffb535a
2777500: system.cpu: T0 : 0x107f2    : c_addiw a5, 0              : IntAlu :  D=0xfffffffffffb535a
2778000: system.cpu: T0 : 0x107f4    : sraiw a5, a5, 11           : IntAlu :  D=0xffffffffffffff6a
2778500: system.cpu: T0 : 0x107f8    : addiw a4, a5, 0            : IntAlu :  D=0xffffffffffffff6a
2779000: system.cpu: T0 : 0x107fc    : ld a5, -24(s0)             : MemRead :  D=0x000000000006f000 A=0x7ffffffffffffdc8
2779500: system.cpu: T0 : 0x10800    : c_addi a5, 10              : IntAlu :  D=0x000000000006f00a
2780500: system.cpu: T0 : 0x10802    : slliw a4, a4, 16           : IntAlu :  D=0xffffffffff6a0000
2781500: system.cpu: T0 : 0x10806    : sraiw a4, a4, 16           : IntAlu :  D=0xffffffffffffff6a
2782500: system.cpu: T0 : 0x1080a    : sh a4, 0(a5)               : MemWrite :  D=0x000000000000ff6a A=0x6f00a
2783500: system.cpu: T0 : 0x1080e    : lw a4, -84(s0)             : MemRead :  D=0x000000000012d214 A=0x7ffffffffffffd8c
2784500: system.cpu: T0 : 0x10812    : lw a5, -40(s0)             : MemRead :  D=0xfffffffffff2397f A=0x7ffffffffffffdb8
2785000: system.cpu: T0 : 0x10816    : c_addw a5, a4              : IntAlu :  D=0x0000000000050b93
2785500: system.cpu: T0 : 0x10818    : c_addiw a5, 0              : IntAlu :  D=0x0000000000050b93
2786500: system.cpu: T0 : 0x1081a    : lw a4, -36(s0)             : MemRead :  D=0x000000000000f84a A=0x7ffffffffffffdbc
2787000: system.cpu: T0 : 0x1081e    : c_addw a5, a4              : IntAlu :  D=0x00000000000603dd
2787500: system.cpu: T0 : 0x10820    : c_addiw a5, 0              : IntAlu :  D=0x00000000000603dd
2788500: system.cpu: T0 : 0x10822    : sraiw a5, a5, 11           : IntAlu :  D=0x00000000000000c0
2789500: system.cpu: T0 : 0x10826    : addiw a4, a5, 0            : IntAlu :  D=0x00000000000000c0
2790500: system.cpu: T0 : 0x1082a    : ld a5, -24(s0)             : MemRead :  D=0x000000000006f000 A=0x7ffffffffffffdc8
2791000: system.cpu: T0 : 0x1082e    : c_addi a5, 6               : IntAlu :  D=0x000000000006f006
2791500: system.cpu: T0 : 0x10830    : slliw a4, a4, 16           : IntAlu :  D=0x0000000000c00000
2792000: system.cpu: T0 : 0x10834    : sraiw a4, a4, 16           : IntAlu :  D=0x00000000000000c0
2792500: system.cpu: T0 : 0x10838    : sh a4, 0(a5)               : MemWrite :  D=0x00000000000000c0 A=0x6f006
2793000: system.cpu: T0 : 0x1083c    : lw a4, -92(s0)             : MemRead :  D=0x00000000000841e4 A=0x7ffffffffffffd84
2793500: system.cpu: T0 : 0x10840    : lw a5, -44(s0)             : MemRead :  D=0xfffffffffffb465e A=0x7ffffffffffffdb4
2794000: system.cpu: T0 : 0x10844    : c_addw a5, a4              : IntAlu :  D=0x0000000000038842
2794500: system.cpu: T0 : 0x10846    : c_addiw a5, 0              : IntAlu :  D=0x0000000000038842
2795000: system.cpu: T0 : 0x10848    : lw a4, -32(s0)             : MemRead :  D=0x00000000000aa40d A=0x7ffffffffffffdc0
2795500: system.cpu: T0 : 0x1084c    : c_addw a5, a4              : IntAlu :  D=0x00000000000e2c4f
2796000: system.cpu: T0 : 0x1084e    : c_addiw a5, 0              : IntAlu :  D=0x00000000000e2c4f
2796500: system.cpu: T0 : 0x10850    : sraiw a5, a5, 11           : IntAlu :  D=0x00000000000001c5
2797000: system.cpu: T0 : 0x10854    : addiw a4, a5, 0            : IntAlu :  D=0x00000000000001c5
2797500: system.cpu: T0 : 0x10858    : ld a5, -24(s0)             : MemRead :  D=0x000000000006f000 A=0x7ffffffffffffdc8
2798000: system.cpu: T0 : 0x1085c    : c_addi a5, 2               : IntAlu :  D=0x000000000006f002
2799000: system.cpu: T0 : 0x1085e    : slliw a4, a4, 16           : IntAlu :  D=0x0000000001c50000
2800000: system.cpu: T0 : 0x10862    : sraiw a4, a4, 16           : IntAlu :  D=0x00000000000001c5
2801000: system.cpu: T0 : 0x10866    : sh a4, 0(a5)               : MemWrite :  D=0x00000000000001c5 A=0x6f002
2802000: system.cpu: T0 : 0x1086a    : lw a5, -124(s0)            : MemRead :  D=0x0000000000000008 A=0x7ffffffffffffd64
2802500: system.cpu: T0 : 0x1086e    : c_slli a5, 1               : IntAlu :  D=0x0000000000000010
2803000: system.cpu: T0 : 0x10870    : ld a4, -24(s0)             : MemRead :  D=0x000000000006f000 A=0x7ffffffffffffdc8
2803500: system.cpu: T0 : 0x10874    : c_add a5, a4               : IntAlu :  D=0x000000000006f010
2804500: system.cpu: T0 : 0x10876    : sd a5, -24(s0)             : MemWrite :  D=0x000000000006f010 A=0x7ffffffffffffdc8
2805500: system.cpu: T0 : 0x1087a    : lw a5, -100(s0)            : MemRead :  D=0x0000000000000000 A=0x7ffffffffffffd7c
2806000: system.cpu: T0 : 0x1087e    : c_addiw a5, 1              : IntAlu :  D=0x0000000000000001
2806500: system.cpu: T0 : 0x10880    : sw a5, -100(s0)            : MemWrite :  D=0x0000000000000001 A=0x7ffffffffffffd7c
2807000: system.cpu: T0 : 0x10884    : lw a5, -100(s0)            : MemRead :  D=0x0000000000000001 A=0x7ffffffffffffd7c
2807500: system.cpu: T0 : 0x10888    : addiw a4, a5, 0            : IntAlu :  D=0x0000000000000001
2808000: system.cpu: T0 : 0x1088c    : c_li a5, 7                 : IntAlu :  D=0x0000000000000007
2809000: system.cpu: T0 : 0x1088e    : bge a5, a4, -1088          : IntAlu : 
2810000: system.cpu: T0 : 0x1044e    : ld a5, -24(s0)             : MemRead :  D=0x000000000006f010 A=0x7ffffffffffffdc8
2811000: system.cpu: T0 : 0x10452    : lh a5, 0(a5)               : MemRead :  D=0x0000000000000068 A=0x6f010
2812000: system.cpu: T0 : 0x10456    : addiw a4, a5, 0            : IntAlu :  D=0x0000000000000068
2813000: system.cpu: T0 : 0x1045a    : ld a5, -24(s0)             : MemRead :  D=0x000000000006f010 A=0x7ffffffffffffdc8
2813500: system.cpu: T0 : 0x1045e    : c_addi a5, 14              : IntAlu :  D=0x000000000006f01e
2814000: system.cpu: T0 : 0x10460    : lh a5, 0(a5)               : MemRead :  D=0x0000000000000038 A=0x6f01e
2814500: system.cpu: T0 : 0x10464    : c_addiw a5, 0              : IntAlu :  D=0x0000000000000038
2815000: system.cpu: T0 : 0x10466    : c_addw a5, a4              : IntAlu :  D=0x00000000000000a0
2815500: system.cpu: T0 : 0x10468    : sw a5, -96(s0)             : MemWrite :  D=0x00000000000000a0 A=0x7ffffffffffffd80
2816000: system.cpu: T0 : 0x1046c    : ld a5, -24(s0)             : MemRead :  D=0x000000000006f010 A=0x7ffffffffffffdc8
2816500: system.cpu: T0 : 0x10470    : lh a5, 0(a5)               : MemRead :  D=0x0000000000000068 A=0x6f010
2817000: system.cpu: T0 : 0x10474    : addiw a4, a5, 0            : IntAlu :  D=0x0000000000000068
2817500: system.cpu: T0 : 0x10478    : ld a5, -24(s0)             : MemRead :  D=0x000000000006f010 A=0x7ffffffffffffdc8
2818000: system.cpu: T0 : 0x1047c    : c_addi a5, 14              : IntAlu :  D=0x000000000006f01e
2819000: system.cpu: T0 : 0x1047e    : lh a5, 0(a5)               : MemRead :  D=0x0000000000000038 A=0x6f01e
2819500: system.cpu: T0 : 0x10482    : c_addiw a5, 0              : IntAlu :  D=0x0000000000000038
2820000: system.cpu: T0 : 0x10484    : subw a5, a4, a5            : IntAlu :  D=0x0000000000000030
2820500: system.cpu: T0 : 0x10488    : sw a5, -92(s0)             : MemWrite :  D=0x0000000000000030 A=0x7ffffffffffffd84
2821000: system.cpu: T0 : 0x1048c    : ld a5, -24(s0)             : MemRead :  D=0x000000000006f010 A=0x7ffffffffffffdc8
2821500: system.cpu: T0 : 0x10490    : c_addi a5, 2               : IntAlu :  D=0x000000000006f012
2822500: system.cpu: T0 : 0x10492    : lh a5, 0(a5)               : MemRead :  D=0x000000000000006f A=0x6f012
2823500: system.cpu: T0 : 0x10496    : addiw a4, a5, 0            : IntAlu :  D=0x000000000000006f
2824500: system.cpu: T0 : 0x1049a    : ld a5, -24(s0)             : MemRead :  D=0x000000000006f010 A=0x7ffffffffffffdc8
2825000: system.cpu: T0 : 0x1049e    : c_addi a5, 12              : IntAlu :  D=0x000000000006f01c
2825500: system.cpu: T0 : 0x104a0    : lh a5, 0(a5)               : MemRead :  D=0x0000000000000038 A=0x6f01c
2826000: system.cpu: T0 : 0x104a4    : c_addiw a5, 0              : IntAlu :  D=0x0000000000000038
2826500: system.cpu: T0 : 0x104a6    : c_addw a5, a4              : IntAlu :  D=0x00000000000000a7
2827000: system.cpu: T0 : 0x104a8    : sw a5, -88(s0)             : MemWrite :  D=0x00000000000000a7 A=0x7ffffffffffffd88
2827500: system.cpu: T0 : 0x104ac    : ld a5, -24(s0)             : MemRead :  D=0x000000000006f010 A=0x7ffffffffffffdc8
2828000: system.cpu: T0 : 0x104b0    : c_addi a5, 2               : IntAlu :  D=0x000000000006f012
2829000: system.cpu: T0 : 0x104b2    : lh a5, 0(a5)               : MemRead :  D=0x000000000000006f A=0x6f012
2830000: system.cpu: T0 : 0x104b6    : addiw a4, a5, 0            : IntAlu :  D=0x000000000000006f
2831000: system.cpu: T0 : 0x104ba    : ld a5, -24(s0)             : MemRead :  D=0x000000000006f010 A=0x7ffffffffffffdc8
2831500: system.cpu: T0 : 0x104be    : c_addi a5, 12              : IntAlu :  D=0x000000000006f01c
2832000: system.cpu: T0 : 0x104c0    : lh a5, 0(a5)               : MemRead :  D=0x0000000000000038 A=0x6f01c
2832500: system.cpu: T0 : 0x104c4    : c_addiw a5, 0              : IntAlu :  D=0x0000000000000038
2833500: system.cpu: T0 : 0x104c6    : subw a5, a4, a5            : IntAlu :  D=0x0000000000000037
2834500: system.cpu: T0 : 0x104ca    : sw a5, -84(s0)             : MemWrite :  D=0x0000000000000037 A=0x7ffffffffffffd8c
2835500: system.cpu: T0 : 0x104ce    : ld a5, -24(s0)             : MemRead :  D=0x000000000006f010 A=0x7ffffffffffffdc8
2836000: system.cpu: T0 : 0x104d2    : c_addi a5, 4               : IntAlu :  D=0x000000000006f014
2836500: system.cpu: T0 : 0x104d4    : lh a5, 0(a5)               : MemRead :  D=0x0000000000000071 A=0x6f014
2837000: system.cpu: T0 : 0x104d8    : addiw a4, a5, 0            : IntAlu :  D=0x0000000000000071
2837500: system.cpu: T0 : 0x104dc    : ld a5, -24(s0)             : MemRead :  D=0x000000000006f010 A=0x7ffffffffffffdc8
2838000: system.cpu: T0 : 0x104e0    : c_addi a5, 10              : IntAlu :  D=0x000000000006f01a
2839000: system.cpu: T0 : 0x104e2    : lh a5, 0(a5)               : MemRead :  D=0x0000000000000038 A=0x6f01a
2839500: system.cpu: T0 : 0x104e6    : c_addiw a5, 0              : IntAlu :  D=0x0000000000000038
2840000: system.cpu: T0 : 0x104e8    : c_addw a5, a4              : IntAlu :  D=0x00000000000000a9
2841000: system.cpu: T0 : 0x104ea    : sw a5, -80(s0)             : MemWrite :  D=0x00000000000000a9 A=0x7ffffffffffffd90
2842000: system.cpu: T0 : 0x104ee    : ld a5, -24(s0)             : MemRead :  D=0x000000000006f010 A=0x7ffffffffffffdc8
2842500: system.cpu: T0 : 0x104f2    : c_addi a5, 4               : IntAlu :  D=0x000000000006f014
2843000: system.cpu: T0 : 0x104f4    : lh a5, 0(a5)               : MemRead :  D=0x0000000000000071 A=0x6f014
2843500: system.cpu: T0 : 0x104f8    : addiw a4, a5, 0            : IntAlu :  D=0x0000000000000071
2844000: system.cpu: T0 : 0x104fc    : ld a5, -24(s0)             : MemRead :  D=0x000000000006f010 A=0x7ffffffffffffdc8
2844500: system.cpu: T0 : 0x10500    : c_addi a5, 10              : IntAlu :  D=0x000000000006f01a
2845500: system.cpu: T0 : 0x10502    : lh a5, 0(a5)               : MemRead :  D=0x0000000000000038 A=0x6f01a
2846000: system.cpu: T0 : 0x10506    : c_addiw a5, 0              : IntAlu :  D=0x0000000000000038
2846500: system.cpu: T0 : 0x10508    : subw a5, a4, a5            : IntAlu :  D=0x0000000000000039
2847000: system.cpu: T0 : 0x1050c    : sw a5, -76(s0)             : MemWrite :  D=0x0000000000000039 A=0x7ffffffffffffd94
2847500: system.cpu: T0 : 0x10510    : ld a5, -24(s0)             : MemRead :  D=0x000000000006f010 A=0x7ffffffffffffdc8
2848000: system.cpu: T0 : 0x10514    : c_addi a5, 6               : IntAlu :  D=0x000000000006f016
2849000: system.cpu: T0 : 0x10516    : lh a5, 0(a5)               : MemRead :  D=0x0000000000000074 A=0x6f016
2850000: system.cpu: T0 : 0x1051a    : addiw a4, a5, 0            : IntAlu :  D=0x0000000000000074
2851000: system.cpu: T0 : 0x1051e    : ld a5, -24(s0)             : MemRead :  D=0x000000000006f010 A=0x7ffffffffffffdc8
2851500: system.cpu: T0 : 0x10522    : c_addi a5, 8               : IntAlu :  D=0x000000000006f018
2852000: system.cpu: T0 : 0x10524    : lh a5, 0(a5)               : MemRead :  D=0x0000000000000077 A=0x6f018
2852500: system.cpu: T0 : 0x10528    : c_addiw a5, 0              : IntAlu :  D=0x0000000000000077
2853000: system.cpu: T0 : 0x1052a    : c_addw a5, a4              : IntAlu :  D=0x00000000000000eb
2853500: system.cpu: T0 : 0x1052c    : sw a5, -72(s0)             : MemWrite :  D=0x00000000000000eb A=0x7ffffffffffffd98
2854000: system.cpu: T0 : 0x10530    : ld a5, -24(s0)             : MemRead :  D=0x000000000006f010 A=0x7ffffffffffffdc8
2854500: system.cpu: T0 : 0x10534    : c_addi a5, 6               : IntAlu :  D=0x000000000006f016
2855500: system.cpu: T0 : 0x10536    : lh a5, 0(a5)               : MemRead :  D=0x0000000000000074 A=0x6f016
2856500: system.cpu: T0 : 0x1053a    : addiw a4, a5, 0            : IntAlu :  D=0x0000000000000074
2857500: system.cpu: T0 : 0x1053e    : ld a5, -24(s0)             : MemRead :  D=0x000000000006f010 A=0x7ffffffffffffdc8
2858000: system.cpu: T0 : 0x10542    : c_addi a5, 8               : IntAlu :  D=0x000000000006f018
2858500: system.cpu: T0 : 0x10544    : lh a5, 0(a5)               : MemRead :  D=0x0000000000000077 A=0x6f018
2859000: system.cpu: T0 : 0x10548    : c_addiw a5, 0              : IntAlu :  D=0x0000000000000077
2860000: system.cpu: T0 : 0x1054a    : subw a5, a4, a5            : IntAlu :  D=0xfffffffffffffffd
2861000: system.cpu: T0 : 0x1054e    : sw a5, -68(s0)             : MemWrite :  D=0x00000000fffffffd A=0x7ffffffffffffd9c
2862000: system.cpu: T0 : 0x10552    : lw a4, -96(s0)             : MemRead :  D=0x00000000000000a0 A=0x7ffffffffffffd80
2863000: system.cpu: T0 : 0x10556    : lw a5, -72(s0)             : MemRead :  D=0x00000000000000eb A=0x7ffffffffffffd98
2863500: system.cpu: T0 : 0x1055a    : c_addw a5, a4              : IntAlu :  D=0x000000000000018b
2864000: system.cpu: T0 : 0x1055c    : sw a5, -64(s0)             : MemWrite :  D=0x000000000000018b A=0x7ffffffffffffda0
2864500: system.cpu: T0 : 0x10560    : lw a4, -96(s0)             : MemRead :  D=0x00000000000000a0 A=0x7ffffffffffffd80
2865000: system.cpu: T0 : 0x10564    : lw a5, -72(s0)             : MemRead :  D=0x00000000000000eb A=0x7ffffffffffffd98
2865500: system.cpu: T0 : 0x10568    : subw a5, a4, a5            : IntAlu :  D=0xffffffffffffffb5
2866000: system.cpu: T0 : 0x1056c    : sw a5, -60(s0)             : MemWrite :  D=0x00000000ffffffb5 A=0x7ffffffffffffda4
2866500: system.cpu: T0 : 0x10570    : lw a4, -88(s0)             : MemRead :  D=0x00000000000000a7 A=0x7ffffffffffffd88
2867000: system.cpu: T0 : 0x10574    : lw a5, -80(s0)             : MemRead :  D=0x00000000000000a9 A=0x7ffffffffffffd90
2867500: system.cpu: T0 : 0x10578    : c_addw a5, a4              : IntAlu :  D=0x0000000000000150
2868500: system.cpu: T0 : 0x1057a    : sw a5, -56(s0)             : MemWrite :  D=0x0000000000000150 A=0x7ffffffffffffda8
2869500: system.cpu: T0 : 0x1057e    : lw a4, -88(s0)             : MemRead :  D=0x00000000000000a7 A=0x7ffffffffffffd88
2870500: system.cpu: T0 : 0x10582    : lw a5, -80(s0)             : MemRead :  D=0x00000000000000a9 A=0x7ffffffffffffd90
2871500: system.cpu: T0 : 0x10586    : subw a5, a4, a5            : IntAlu :  D=0xfffffffffffffffe
2872500: system.cpu: T0 : 0x1058a    : sw a5, -52(s0)             : MemWrite :  D=0x00000000fffffffe A=0x7ffffffffffffdac
2873500: system.cpu: T0 : 0x1058e    : lw a4, -64(s0)             : MemRead :  D=0x000000000000018b A=0x7ffffffffffffda0
2874500: system.cpu: T0 : 0x10592    : lw a5, -56(s0)             : MemRead :  D=0x0000000000000150 A=0x7ffffffffffffda8
2875000: system.cpu: T0 : 0x10596    : c_addw a5, a4              : IntAlu :  D=0x00000000000002db
2875500: system.cpu: T0 : 0x10598    : c_addiw a5, 0              : IntAlu :  D=0x00000000000002db
2876500: system.cpu: T0 : 0x1059a    : slliw a5, a5, 2            : IntAlu :  D=0x0000000000000b6c
2877000: system.cpu: T0 : 0x1059e    : c_addiw a5, 0              : IntAlu :  D=0x0000000000000b6c
2877500: system.cpu: T0 : 0x105a0    : slliw a4, a5, 16           : IntAlu :  D=0x000000000b6c0000
2878000: system.cpu: T0 : 0x105a4    : sraiw a4, a4, 16           : IntAlu :  D=0x0000000000000b6c
2878500: system.cpu: T0 : 0x105a8    : ld a5, -24(s0)             : MemRead :  D=0x000000000006f010 A=0x7ffffffffffffdc8
2879000: system.cpu: T0 : 0x105ac    : sh a4, 0(a5)               : MemWrite :  D=0x0000000000000b6c A=0x6f010
2879500: system.cpu: T0 : 0x105b0    : lw a4, -64(s0)             : MemRead :  D=0x000000000000018b A=0x7ffffffffffffda0
2880000: system.cpu: T0 : 0x105b4    : lw a5, -56(s0)             : MemRead :  D=0x0000000000000150 A=0x7ffffffffffffda8
2880500: system.cpu: T0 : 0x105b8    : subw a5, a4, a5            : IntAlu :  D=0x000000000000003b
2881000: system.cpu: T0 : 0x105bc    : c_addiw a5, 0              : IntAlu :  D=0x000000000000003b
2882000: system.cpu: T0 : 0x105be    : slliw a5, a5, 2            : IntAlu :  D=0x00000000000000ec
2883000: system.cpu: T0 : 0x105c2    : addiw a4, a5, 0            : IntAlu :  D=0x00000000000000ec
2884000: system.cpu: T0 : 0x105c6    : ld a5, -24(s0)             : MemRead :  D=0x000000000006f010 A=0x7ffffffffffffdc8
2884500: system.cpu: T0 : 0x105ca    : c_addi a5, 8               : IntAlu :  D=0x000000000006f018
2885000: system.cpu: T0 : 0x105cc    : slliw a4, a4, 16           : IntAlu :  D=0x0000000000ec0000
2885500: system.cpu: T0 : 0x105d0    : sraiw a4, a4, 16           : IntAlu :  D=0x00000000000000ec
2886000: system.cpu: T0 : 0x105d4    : sh a4, 0(a5)               : MemWrite :  D=0x00000000000000ec A=0x6f018
2886500: system.cpu: T0 : 0x105d8    : c_lui a5, 1                : IntAlu :  D=0x0000000000001000
2887500: system.cpu: T0 : 0x105da    : addiw a5, a5, 337          : IntAlu :  D=0x0000000000001151
2888500: system.cpu: T0 : 0x105de    : sw a5, -48(s0)             : MemWrite :  D=0x0000000000001151 A=0x7ffffffffffffdb0
2889500: system.cpu: T0 : 0x105e2    : lw a4, -52(s0)             : MemRead :  D=0xfffffffffffffffe A=0x7ffffffffffffdac
2890500: system.cpu: T0 : 0x105e6    : lw a5, -60(s0)             : MemRead :  D=0xffffffffffffffb5 A=0x7ffffffffffffda4
2891000: system.cpu: T0 : 0x105ea    : c_addw a5, a4              : IntAlu :  D=0xffffffffffffffb3
2891500: system.cpu: T0 : 0x105ec    : c_addiw a5, 0              : IntAlu :  D=0xffffffffffffffb3
2892500: system.cpu: T0 : 0x105ee    : lw a4, -48(s0)             : MemRead :  D=0x0000000000001151 A=0x7ffffffffffffdb0
2893500: system.cpu: T0 : 0x105f2    : mulw a5, a4, a5            : IntMult :  D=0xfffffffffffacaa3
2894500: system.cpu: T0 : 0x105f6    : sw a5, -44(s0)             : MemWrite :  D=0x00000000fffacaa3 A=0x7ffffffffffffdb4
2895000: system.cpu: T0 : 0x105fa    : c_lui a5, 2                : IntAlu :  D=0x0000000000002000
2895500: system.cpu: T0 : 0x105fc    : addiw a5, a5, -1922        : IntAlu :  D=0x000000000000187e
2896000: system.cpu: T0 : 0x10600    : sw a5, -48(s0)             : MemWrite :  D=0x000000000000187e A=0x7ffffffffffffdb0
2896500: system.cpu: T0 : 0x10604    : lw a4, -60(s0)             : MemRead :  D=0xffffffffffffffb5 A=0x7ffffffffffffda4
2897000: system.cpu: T0 : 0x10608    : lw a5, -48(s0)             : MemRead :  D=0x000000000000187e A=0x7ffffffffffffdb0
2897500: system.cpu: T0 : 0x1060c    : mulw a5, a4, a5            : IntMult :  D=0xfffffffffff8d316
2898000: system.cpu: T0 : 0x10610    : c_addiw a5, 0              : IntAlu :  D=0xfffffffffff8d316
2899000: system.cpu: T0 : 0x10612    : lw a4, -44(s0)             : MemRead :  D=0xfffffffffffacaa3 A=0x7ffffffffffffdb4
2899500: system.cpu: T0 : 0x10616    : c_addw a5, a4              : IntAlu :  D=0xfffffffffff39db9
2900000: system.cpu: T0 : 0x10618    : c_addiw a5, 0              : IntAlu :  D=0xfffffffffff39db9
2901000: system.cpu: T0 : 0x1061a    : sraiw a5, a5, 11           : IntAlu :  D=0xfffffffffffffe73
2902000: system.cpu: T0 : 0x1061e    : addiw a4, a5, 0            : IntAlu :  D=0xfffffffffffffe73
2903000: system.cpu: T0 : 0x10622    : ld a5, -24(s0)             : MemRead :  D=0x000000000006f010 A=0x7ffffffffffffdc8
2903500: system.cpu: T0 : 0x10626    : c_addi a5, 4               : IntAlu :  D=0x000000000006f014
2904000: system.cpu: T0 : 0x10628    : slliw a4, a4, 16           : IntAlu :  D=0xfffffffffe730000
2904500: system.cpu: T0 : 0x1062c    : sraiw a4, a4, 16           : IntAlu :  D=0xfffffffffffffe73
2905000: system.cpu: T0 : 0x10630    : sh a4, 0(a5)               : MemWrite :  D=0x000000000000fe73 A=0x6f014
2905500: system.cpu: T0 : 0x10634    : c_lui a5, 1048572          : IntAlu :  D=0xffffffffffffc000
2906500: system.cpu: T0 : 0x10636    : addiw a5, a5, 1247         : IntAlu :  D=0xffffffffffffc4df
2907500: system.cpu: T0 : 0x1063a    : sw a5, -48(s0)             : MemWrite :  D=0x00000000ffffc4df A=0x7ffffffffffffdb0
2908500: system.cpu: T0 : 0x1063e    : lw a4, -52(s0)             : MemRead :  D=0xfffffffffffffffe A=0x7ffffffffffffdac
2909500: system.cpu: T0 : 0x10642    : lw a5, -48(s0)             : MemRead :  D=0xffffffffffffc4df A=0x7ffffffffffffdb0
2910500: system.cpu: T0 : 0x10646    : mulw a5, a4, a5            : IntMult :  D=0x0000000000007642
2911000: system.cpu: T0 : 0x1064a    : c_addiw a5, 0              : IntAlu :  D=0x0000000000007642
2911500: system.cpu: T0 : 0x1064c    : lw a4, -44(s0)             : MemRead :  D=0xfffffffffffacaa3 A=0x7ffffffffffffdb4
2912000: system.cpu: T0 : 0x10650    : c_addw a5, a4              : IntAlu :  D=0xfffffffffffb40e5
2912500: system.cpu: T0 : 0x10652    : c_addiw a5, 0              : IntAlu :  D=0xfffffffffffb40e5
2913000: system.cpu: T0 : 0x10654    : sraiw a5, a5, 11           : IntAlu :  D=0xffffffffffffff68
2913500: system.cpu: T0 : 0x10658    : addiw a4, a5, 0            : IntAlu :  D=0xffffffffffffff68
2914000: system.cpu: T0 : 0x1065c    : ld a5, -24(s0)             : MemRead :  D=0x000000000006f010 A=0x7ffffffffffffdc8
2914500: system.cpu: T0 : 0x10660    : c_addi a5, 12              : IntAlu :  D=0x000000000006f01c
2915500: system.cpu: T0 : 0x10662    : slliw a4, a4, 16           : IntAlu :  D=0xffffffffff680000
2916500: system.cpu: T0 : 0x10666    : sraiw a4, a4, 16           : IntAlu :  D=0xffffffffffffff68
2917500: system.cpu: T0 : 0x1066a    : sh a4, 0(a5)               : MemWrite :  D=0x000000000000ff68 A=0x6f01c
2918500: system.cpu: T0 : 0x1066e    : lw a4, -68(s0)             : MemRead :  D=0xfffffffffffffffd A=0x7ffffffffffffd9c
2919500: system.cpu: T0 : 0x10672    : lw a5, -92(s0)             : MemRead :  D=0x0000000000000030 A=0x7ffffffffffffd84
2920000: system.cpu: T0 : 0x10676    : c_addw a5, a4              : IntAlu :  D=0x000000000000002d
2920500: system.cpu: T0 : 0x10678    : sw a5, -44(s0)             : MemWrite :  D=0x000000000000002d A=0x7ffffffffffffdb4
2921000: system.cpu: T0 : 0x1067c    : lw a4, -76(s0)             : MemRead :  D=0x0000000000000039 A=0x7ffffffffffffd94
2921500: system.cpu: T0 : 0x10680    : lw a5, -84(s0)             : MemRead :  D=0x0000000000000037 A=0x7ffffffffffffd8c
2922000: system.cpu: T0 : 0x10684    : c_addw a5, a4              : IntAlu :  D=0x0000000000000070
2923000: system.cpu: T0 : 0x10686    : sw a5, -40(s0)             : MemWrite :  D=0x0000000000000070 A=0x7ffffffffffffdb8
2924000: system.cpu: T0 : 0x1068a    : lw a4, -68(s0)             : MemRead :  D=0xfffffffffffffffd A=0x7ffffffffffffd9c
2925000: system.cpu: T0 : 0x1068e    : lw a5, -84(s0)             : MemRead :  D=0x0000000000000037 A=0x7ffffffffffffd8c
2925500: system.cpu: T0 : 0x10692    : c_addw a5, a4              : IntAlu :  D=0x0000000000000034
2926000: system.cpu: T0 : 0x10694    : sw a5, -36(s0)             : MemWrite :  D=0x0000000000000034 A=0x7ffffffffffffdbc
2926500: system.cpu: T0 : 0x10698    : lw a4, -76(s0)             : MemRead :  D=0x0000000000000039 A=0x7ffffffffffffd94
2927000: system.cpu: T0 : 0x1069c    : lw a5, -92(s0)             : MemRead :  D=0x0000000000000030 A=0x7ffffffffffffd84
2927500: system.cpu: T0 : 0x106a0    : c_addw a5, a4              : IntAlu :  D=0x0000000000000069
2928500: system.cpu: T0 : 0x106a2    : sw a5, -32(s0)             : MemWrite :  D=0x0000000000000069 A=0x7ffffffffffffdc0
2929000: system.cpu: T0 : 0x106a6    : c_lui a5, 2                : IntAlu :  D=0x0000000000002000
2929500: system.cpu: T0 : 0x106a8    : addiw a5, a5, 1441         : IntAlu :  D=0x00000000000025a1
2930000: system.cpu: T0 : 0x106ac    : sw a5, -48(s0)             : MemWrite :  D=0x00000000000025a1 A=0x7ffffffffffffdb0
2930500: system.cpu: T0 : 0x106b0    : lw a4, -36(s0)             : MemRead :  D=0x0000000000000034 A=0x7ffffffffffffdbc
2931000: system.cpu: T0 : 0x106b4    : lw a5, -32(s0)             : MemRead :  D=0x0000000000000069 A=0x7ffffffffffffdc0
2931500: system.cpu: T0 : 0x106b8    : c_addw a5, a4              : IntAlu :  D=0x000000000000009d
2932000: system.cpu: T0 : 0x106ba    : c_addiw a5, 0              : IntAlu :  D=0x000000000000009d
2932500: system.cpu: T0 : 0x106bc    : lw a4, -48(s0)             : MemRead :  D=0x00000000000025a1 A=0x7ffffffffffffdb0
2933000: system.cpu: T0 : 0x106c0    : mulw a5, a4, a5            : IntMult :  D=0x00000000001713bd
2933500: system.cpu: T0 : 0x106c4    : sw a5, -28(s0)             : MemWrite :  D=0x00000000001713bd A=0x7ffffffffffffdc4
2934000: system.cpu: T0 : 0x106c8    : c_lui a5, 1                : IntAlu :  D=0x0000000000001000
2935000: system.cpu: T0 : 0x106ca    : addiw a5, a5, -1650        : IntAlu :  D=0x000000000000098e
2936000: system.cpu: T0 : 0x106ce    : sw a5, -48(s0)             : MemWrite :  D=0x000000000000098e A=0x7ffffffffffffdb0
2937000: system.cpu: T0 : 0x106d2    : lw a4, -68(s0)             : MemRead :  D=0xfffffffffffffffd A=0x7ffffffffffffd9c
2938000: system.cpu: T0 : 0x106d6    : lw a5, -48(s0)             : MemRead :  D=0x000000000000098e A=0x7ffffffffffffdb0
2939000: system.cpu: T0 : 0x106da    : mulw a5, a4, a5            : IntMult :  D=0xffffffffffffe356
2940000: system.cpu: T0 : 0x106de    : sw a5, -68(s0)             : MemWrite :  D=0x00000000ffffe356 A=0x7ffffffffffffd9c
2940500: system.cpu: T0 : 0x106e2    : c_lui a5, 4                : IntAlu :  D=0x0000000000004000
2941000: system.cpu: T0 : 0x106e4    : addiw a5, a5, 435          : IntAlu :  D=0x00000000000041b3
2941500: system.cpu: T0 : 0x106e8    : sw a5, -48(s0)             : MemWrite :  D=0x00000000000041b3 A=0x7ffffffffffffdb0
2942000: system.cpu: T0 : 0x106ec    : lw a4, -76(s0)             : MemRead :  D=0x0000000000000039 A=0x7ffffffffffffd94
2942500: system.cpu: T0 : 0x106f0    : lw a5, -48(s0)             : MemRead :  D=0x00000000000041b3 A=0x7ffffffffffffdb0
2943000: system.cpu: T0 : 0x106f4    : mulw a5, a4, a5            : IntMult :  D=0x00000000000ea0db
2943500: system.cpu: T0 : 0x106f8    : sw a5, -76(s0)             : MemWrite :  D=0x00000000000ea0db A=0x7ffffffffffffd94
2944000: system.cpu: T0 : 0x106fc    : c_lui a5, 6                : IntAlu :  D=0x0000000000006000
2945000: system.cpu: T0 : 0x106fe    : addiw a5, a5, 596          : IntAlu :  D=0x0000000000006254
2946000: system.cpu: T0 : 0x10702    : sw a5, -48(s0)             : MemWrite :  D=0x0000000000006254 A=0x7ffffffffffffdb0
2947000: system.cpu: T0 : 0x10706    : lw a4, -84(s0)             : MemRead :  D=0x0000000000000037 A=0x7ffffffffffffd8c
2948000: system.cpu: T0 : 0x1070a    : lw a5, -48(s0)             : MemRead :  D=0x0000000000006254 A=0x7ffffffffffffdb0
2949000: system.cpu: T0 : 0x1070e    : mulw a5, a4, a5            : IntMult :  D=0x000000000015200c
2950000: system.cpu: T0 : 0x10712    : sw a5, -84(s0)             : MemWrite :  D=0x000000000015200c A=0x7ffffffffffffd8c
2950500: system.cpu: T0 : 0x10716    : c_lui a5, 3                : IntAlu :  D=0x0000000000003000
2951000: system.cpu: T0 : 0x10718    : c_addiw a5, 11             : IntAlu :  D=0x000000000000300b
2952000: system.cpu: T0 : 0x1071a    : sw a5, -48(s0)             : MemWrite :  D=0x000000000000300b A=0x7ffffffffffffdb0
2953000: system.cpu: T0 : 0x1071e    : lw a4, -92(s0)             : MemRead :  D=0x0000000000000030 A=0x7ffffffffffffd84
2954000: system.cpu: T0 : 0x10722    : lw a5, -48(s0)             : MemRead :  D=0x000000000000300b A=0x7ffffffffffffdb0
2955000: system.cpu: T0 : 0x10726    : mulw a5, a4, a5            : IntMult :  D=0x0000000000090210
2956000: system.cpu: T0 : 0x1072a    : sw a5, -92(s0)             : MemWrite :  D=0x0000000000090210 A=0x7ffffffffffffd84
2956500: system.cpu: T0 : 0x1072e    : c_lui a5, 1048574          : IntAlu :  D=0xffffffffffffe000
2957000: system.cpu: T0 : 0x10730    : addiw a5, a5, 819          : IntAlu :  D=0xffffffffffffe333
2957500: system.cpu: T0 : 0x10734    : sw a5, -48(s0)             : MemWrite :  D=0x00000000ffffe333 A=0x7ffffffffffffdb0
2958000: system.cpu: T0 : 0x10738    : lw a4, -44(s0)             : MemRead :  D=0x000000000000002d A=0x7ffffffffffffdb4
2958500: system.cpu: T0 : 0x1073c    : lw a5, -48(s0)             : MemRead :  D=0xffffffffffffe333 A=0x7ffffffffffffdb0
2959000: system.cpu: T0 : 0x10740    : mulw a5, a4, a5            : IntMult :  D=0xfffffffffffaeff7
2959500: system.cpu: T0 : 0x10744    : sw a5, -44(s0)             : MemWrite :  D=0x00000000fffaeff7 A=0x7ffffffffffffdb4
2960000: system.cpu: T0 : 0x10748    : c_lui a5, 1048571          : IntAlu :  D=0xffffffffffffb000
2961000: system.cpu: T0 : 0x1074a    : addiw a5, a5, -515         : IntAlu :  D=0xffffffffffffadfd
2962000: system.cpu: T0 : 0x1074e    : sw a5, -48(s0)             : MemWrite :  D=0x00000000ffffadfd A=0x7ffffffffffffdb0
2963000: system.cpu: T0 : 0x10752    : lw a4, -40(s0)             : MemRead :  D=0x0000000000000070 A=0x7ffffffffffffdb8
2964000: system.cpu: T0 : 0x10756    : lw a5, -48(s0)             : MemRead :  D=0xffffffffffffadfd A=0x7ffffffffffffdb0
2965000: system.cpu: T0 : 0x1075a    : mulw a5, a4, a5            : IntMult :  D=0xffffffffffdc1eb0
2966000: system.cpu: T0 : 0x1075e    : sw a5, -40(s0)             : MemWrite :  D=0x00000000ffdc1eb0 A=0x7ffffffffffffdb8
2966500: system.cpu: T0 : 0x10762    : c_lui a5, 1048572          : IntAlu :  D=0xffffffffffffc000
2967000: system.cpu: T0 : 0x10764    : addiw a5, a5, 315          : IntAlu :  D=0xffffffffffffc13b
2967500: system.cpu: T0 : 0x10768    : sw a5, -48(s0)             : MemWrite :  D=0x00000000ffffc13b A=0x7ffffffffffffdb0
2968000: system.cpu: T0 : 0x1076c    : lw a4, -36(s0)             : MemRead :  D=0x0000000000000034 A=0x7ffffffffffffdbc
2968500: system.cpu: T0 : 0x10770    : lw a5, -48(s0)             : MemRead :  D=0xffffffffffffc13b A=0x7ffffffffffffdb0
2969000: system.cpu: T0 : 0x10774    : mulw a5, a4, a5            : IntMult :  D=0xfffffffffff33ffc
2969500: system.cpu: T0 : 0x10778    : sw a5, -36(s0)             : MemWrite :  D=0x00000000fff33ffc A=0x7ffffffffffffdbc
2970000: system.cpu: T0 : 0x1077c    : c_lui a5, 1048575          : IntAlu :  D=0xfffffffffffff000
2971000: system.cpu: T0 : 0x1077e    : addiw a5, a5, 900          : IntAlu :  D=0xfffffffffffff384
2972000: system.cpu: T0 : 0x10782    : sw a5, -48(s0)             : MemWrite :  D=0x00000000fffff384 A=0x7ffffffffffffdb0
2973000: system.cpu: T0 : 0x10786    : lw a4, -32(s0)             : MemRead :  D=0x0000000000000069 A=0x7ffffffffffffdc0
2974000: system.cpu: T0 : 0x1078a    : lw a5, -48(s0)             : MemRead :  D=0xfffffffffffff384 A=0x7ffffffffffffdb0
2975000: system.cpu: T0 : 0x1078e    : mulw a5, a4, a5            : IntMult :  D=0xfffffffffffae124
2976000: system.cpu: T0 : 0x10792    : sw a5, -32(s0)             : MemWrite :  D=0x00000000fffae124 A=0x7ffffffffffffdc0
2977000: system.cpu: T0 : 0x10796    : lw a4, -36(s0)             : MemRead :  D=0xfffffffffff33ffc A=0x7ffffffffffffdbc
2978000: system.cpu: T0 : 0x1079a    : lw a5, -28(s0)             : MemRead :  D=0x00000000001713bd A=0x7ffffffffffffdc4
2978500: system.cpu: T0 : 0x1079e    : c_addw a5, a4              : IntAlu :  D=0x00000000000a53b9
2979000: system.cpu: T0 : 0x107a0    : sw a5, -36(s0)             : MemWrite :  D=0x00000000000a53b9 A=0x7ffffffffffffdbc
2979500: system.cpu: T0 : 0x107a4    : lw a4, -32(s0)             : MemRead :  D=0xfffffffffffae124 A=0x7ffffffffffffdc0
2980000: system.cpu: T0 : 0x107a8    : lw a5, -28(s0)             : MemRead :  D=0x00000000001713bd A=0x7ffffffffffffdc4
2980500: system.cpu: T0 : 0x107ac    : c_addw a5, a4              : IntAlu :  D=0x000000000011f4e1
2981500: system.cpu: T0 : 0x107ae    : sw a5, -32(s0)             : MemWrite :  D=0x000000000011f4e1 A=0x7ffffffffffffdc0
2982500: system.cpu: T0 : 0x107b2    : lw a4, -68(s0)             : MemRead :  D=0xffffffffffffe356 A=0x7ffffffffffffd9c
2983500: system.cpu: T0 : 0x107b6    : lw a5, -44(s0)             : MemRead :  D=0xfffffffffffaeff7 A=0x7ffffffffffffdb4
2984000: system.cpu: T0 : 0x107ba    : c_addw a5, a4              : IntAlu :  D=0xfffffffffffad34d
2984500: system.cpu: T0 : 0x107bc    : c_addiw a5, 0              : IntAlu :  D=0xfffffffffffad34d
2985500: system.cpu: T0 : 0x107be    : lw a4, -36(s0)             : MemRead :  D=0x00000000000a53b9 A=0x7ffffffffffffdbc
2986000: system.cpu: T0 : 0x107c2    : c_addw a5, a4              : IntAlu :  D=0x0000000000052706
2986500: system.cpu: T0 : 0x107c4    : c_addiw a5, 0              : IntAlu :  D=0x0000000000052706
2987500: system.cpu: T0 : 0x107c6    : sraiw a5, a5, 11           : IntAlu :  D=0x00000000000000a4
2988500: system.cpu: T0 : 0x107ca    : addiw a4, a5, 0            : IntAlu :  D=0x00000000000000a4
2989500: system.cpu: T0 : 0x107ce    : ld a5, -24(s0)             : MemRead :  D=0x000000000006f010 A=0x7ffffffffffffdc8
2990000: system.cpu: T0 : 0x107d2    : c_addi a5, 14              : IntAlu :  D=0x000000000006f01e
2990500: system.cpu: T0 : 0x107d4    : slliw a4, a4, 16           : IntAlu :  D=0x0000000000a40000
2991000: system.cpu: T0 : 0x107d8    : sraiw a4, a4, 16           : IntAlu :  D=0x00000000000000a4
2991500: system.cpu: T0 : 0x107dc    : sh a4, 0(a5)               : MemWrite :  D=0x00000000000000a4 A=0x6f01e
2992000: system.cpu: T0 : 0x107e0    : lw a4, -76(s0)             : MemRead :  D=0x00000000000ea0db A=0x7ffffffffffffd94
2992500: system.cpu: T0 : 0x107e4    : lw a5, -40(s0)             : MemRead :  D=0xffffffffffdc1eb0 A=0x7ffffffffffffdb8
2993000: system.cpu: T0 : 0x107e8    : c_addw a5, a4              : IntAlu :  D=0xffffffffffeabf8b
2993500: system.cpu: T0 : 0x107ea    : c_addiw a5, 0              : IntAlu :  D=0xffffffffffeabf8b
2994000: system.cpu: T0 : 0x107ec    : lw a4, -32(s0)             : MemRead :  D=0x000000000011f4e1 A=0x7ffffffffffffdc0
2994500: system.cpu: T0 : 0x107f0    : c_addw a5, a4              : IntAlu :  D=0xfffffffffffcb46c
2995000: system.cpu: T0 : 0x107f2    : c_addiw a5, 0              : IntAlu :  D=0xfffffffffffcb46c
2995500: system.cpu: T0 : 0x107f4    : sraiw a5, a5, 11           : IntAlu :  D=0xffffffffffffff96
2996000: system.cpu: T0 : 0x107f8    : addiw a4, a5, 0            : IntAlu :  D=0xffffffffffffff96
2996500: system.cpu: T0 : 0x107fc    : ld a5, -24(s0)             : MemRead :  D=0x000000000006f010 A=0x7ffffffffffffdc8
2997000: system.cpu: T0 : 0x10800    : c_addi a5, 10              : IntAlu :  D=0x000000000006f01a
2998000: system.cpu: T0 : 0x10802    : slliw a4, a4, 16           : IntAlu :  D=0xffffffffff960000
2999000: system.cpu: T0 : 0x10806    : sraiw a4, a4, 16           : IntAlu :  D=0xffffffffffffff96
3000000: system.cpu: T0 : 0x1080a    : sh a4, 0(a5)               : MemWrite :  D=0x000000000000ff96 A=0x6f01a
3001000: system.cpu: T0 : 0x1080e    : lw a4, -84(s0)             : MemRead :  D=0x000000000015200c A=0x7ffffffffffffd8c
3002000: system.cpu: T0 : 0x10812    : lw a5, -40(s0)             : MemRead :  D=0xffffffffffdc1eb0 A=0x7ffffffffffffdb8
3002500: system.cpu: T0 : 0x10816    : c_addw a5, a4              : IntAlu :  D=0xfffffffffff13ebc
3003000: system.cpu: T0 : 0x10818    : c_addiw a5, 0              : IntAlu :  D=0xfffffffffff13ebc
3004000: system.cpu: T0 : 0x1081a    : lw a4, -36(s0)             : MemRead :  D=0x00000000000a53b9 A=0x7ffffffffffffdbc
3004500: system.cpu: T0 : 0x1081e    : c_addw a5, a4              : IntAlu :  D=0xfffffffffffb9275
3005000: system.cpu: T0 : 0x10820    : c_addiw a5, 0              : IntAlu :  D=0xfffffffffffb9275
3006000: system.cpu: T0 : 0x10822    : sraiw a5, a5, 11           : IntAlu :  D=0xffffffffffffff72
3007000: system.cpu: T0 : 0x10826    : addiw a4, a5, 0            : IntAlu :  D=0xffffffffffffff72
3008000: system.cpu: T0 : 0x1082a    : ld a5, -24(s0)             : MemRead :  D=0x000000000006f010 A=0x7ffffffffffffdc8
3008500: system.cpu: T0 : 0x1082e    : c_addi a5, 6               : IntAlu :  D=0x000000000006f016
3009000: system.cpu: T0 : 0x10830    : slliw a4, a4, 16           : IntAlu :  D=0xffffffffff720000
3009500: system.cpu: T0 : 0x10834    : sraiw a4, a4, 16           : IntAlu :  D=0xffffffffffffff72
3010000: system.cpu: T0 : 0x10838    : sh a4, 0(a5)               : MemWrite :  D=0x000000000000ff72 A=0x6f016
3010500: system.cpu: T0 : 0x1083c    : lw a4, -92(s0)             : MemRead :  D=0x0000000000090210 A=0x7ffffffffffffd84
3011000: system.cpu: T0 : 0x10840    : lw a5, -44(s0)             : MemRead :  D=0xfffffffffffaeff7 A=0x7ffffffffffffdb4
3011500: system.cpu: T0 : 0x10844    : c_addw a5, a4              : IntAlu :  D=0x000000000003f207
3012000: system.cpu: T0 : 0x10846    : c_addiw a5, 0              : IntAlu :  D=0x000000000003f207
3012500: system.cpu: T0 : 0x10848    : lw a4, -32(s0)             : MemRead :  D=0x000000000011f4e1 A=0x7ffffffffffffdc0
3013000: system.cpu: T0 : 0x1084c    : c_addw a5, a4              : IntAlu :  D=0x000000000015e6e8
3013500: system.cpu: T0 : 0x1084e    : c_addiw a5, 0              : IntAlu :  D=0x000000000015e6e8
3014000: system.cpu: T0 : 0x10850    : sraiw a5, a5, 11           : IntAlu :  D=0x00000000000002bc
3014500: system.cpu: T0 : 0x10854    : addiw a4, a5, 0            : IntAlu :  D=0x00000000000002bc
3015000: system.cpu: T0 : 0x10858    : ld a5, -24(s0)             : MemRead :  D=0x000000000006f010 A=0x7ffffffffffffdc8
3015500: system.cpu: T0 : 0x1085c    : c_addi a5, 2               : IntAlu :  D=0x000000000006f012
3016500: system.cpu: T0 : 0x1085e    : slliw a4, a4, 16           : IntAlu :  D=0x0000000002bc0000
3017500: system.cpu: T0 : 0x10862    : sraiw a4, a4, 16           : IntAlu :  D=0x00000000000002bc
3018500: system.cpu: T0 : 0x10866    : sh a4, 0(a5)               : MemWrite :  D=0x00000000000002bc A=0x6f012
3019500: system.cpu: T0 : 0x1086a    : lw a5, -124(s0)            : MemRead :  D=0x0000000000000008 A=0x7ffffffffffffd64
3020000: system.cpu: T0 : 0x1086e    : c_slli a5, 1               : IntAlu :  D=0x0000000000000010
3020500: system.cpu: T0 : 0x10870    : ld a4, -24(s0)             : MemRead :  D=0x000000000006f010 A=0x7ffffffffffffdc8
3021000: system.cpu: T0 : 0x10874    : c_add a5, a4               : IntAlu :  D=0x000000000006f020
3022000: system.cpu: T0 : 0x10876    : sd a5, -24(s0)             : MemWrite :  D=0x000000000006f020 A=0x7ffffffffffffdc8
3023000: system.cpu: T0 : 0x1087a    : lw a5, -100(s0)            : MemRead :  D=0x0000000000000001 A=0x7ffffffffffffd7c
3023500: system.cpu: T0 : 0x1087e    : c_addiw a5, 1              : IntAlu :  D=0x0000000000000002
3024000: system.cpu: T0 : 0x10880    : sw a5, -100(s0)            : MemWrite :  D=0x0000000000000002 A=0x7ffffffffffffd7c
3024500: system.cpu: T0 : 0x10884    : lw a5, -100(s0)            : MemRead :  D=0x0000000000000002 A=0x7ffffffffffffd7c
3025000: system.cpu: T0 : 0x10888    : addiw a4, a5, 0            : IntAlu :  D=0x0000000000000002
3025500: system.cpu: T0 : 0x1088c    : c_li a5, 7                 : IntAlu :  D=0x0000000000000007
3026500: system.cpu: T0 : 0x1088e    : bge a5, a4, -1088          : IntAlu : 
3027500: system.cpu: T0 : 0x1044e    : ld a5, -24(s0)             : MemRead :  D=0x000000000006f020 A=0x7ffffffffffffdc8
3028500: system.cpu: T0 : 0x10452    : lh a5, 0(a5)               : MemRead :  D=0x000000000000006e A=0x6f020
3029500: system.cpu: T0 : 0x10456    : addiw a4, a5, 0            : IntAlu :  D=0x000000000000006e
3030500: system.cpu: T0 : 0x1045a    : ld a5, -24(s0)             : MemRead :  D=0x000000000006f020 A=0x7ffffffffffffdc8
3031000: system.cpu: T0 : 0x1045e    : c_addi a5, 14              : IntAlu :  D=0x000000000006f02e
3031500: system.cpu: T0 : 0x10460    : lh a5, 0(a5)               : MemRead :  D=0x0000000000000038 A=0x6f02e
3032000: system.cpu: T0 : 0x10464    : c_addiw a5, 0              : IntAlu :  D=0x0000000000000038
3032500: system.cpu: T0 : 0x10466    : c_addw a5, a4              : IntAlu :  D=0x00000000000000a6
3033000: system.cpu: T0 : 0x10468    : sw a5, -96(s0)             : MemWrite :  D=0x00000000000000a6 A=0x7ffffffffffffd80
3033500: system.cpu: T0 : 0x1046c    : ld a5, -24(s0)             : MemRead :  D=0x000000000006f020 A=0x7ffffffffffffdc8
3034000: system.cpu: T0 : 0x10470    : lh a5, 0(a5)               : MemRead :  D=0x000000000000006e A=0x6f020
3034500: system.cpu: T0 : 0x10474    : addiw a4, a5, 0            : IntAlu :  D=0x000000000000006e
3035000: system.cpu: T0 : 0x10478    : ld a5, -24(s0)             : MemRead :  D=0x000000000006f020 A=0x7ffffffffffffdc8
3035500: system.cpu: T0 : 0x1047c    : c_addi a5, 14              : IntAlu :  D=0x000000000006f02e
3036500: system.cpu: T0 : 0x1047e    : lh a5, 0(a5)               : MemRead :  D=0x0000000000000038 A=0x6f02e
3037000: system.cpu: T0 : 0x10482    : c_addiw a5, 0              : IntAlu :  D=0x0000000000000038
3037500: system.cpu: T0 : 0x10484    : subw a5, a4, a5            : IntAlu :  D=0x0000000000000036
3038000: system.cpu: T0 : 0x10488    : sw a5, -92(s0)             : MemWrite :  D=0x0000000000000036 A=0x7ffffffffffffd84
3038500: system.cpu: T0 : 0x1048c    : ld a5, -24(s0)             : MemRead :  D=0x000000000006f020 A=0x7ffffffffffffdc8
3039000: system.cpu: T0 : 0x10490    : c_addi a5, 2               : IntAlu :  D=0x000000000006f022
3040000: system.cpu: T0 : 0x10492    : lh a5, 0(a5)               : MemRead :  D=0x0000000000000073 A=0x6f022
3041000: system.cpu: T0 : 0x10496    : addiw a4, a5, 0            : IntAlu :  D=0x0000000000000073
3042000: system.cpu: T0 : 0x1049a    : ld a5, -24(s0)             : MemRead :  D=0x000000000006f020 A=0x7ffffffffffffdc8
3042500: system.cpu: T0 : 0x1049e    : c_addi a5, 12              : IntAlu :  D=0x000000000006f02c
3043000: system.cpu: T0 : 0x104a0    : lh a5, 0(a5)               : MemRead :  D=0x0000000000000038 A=0x6f02c
3043500: system.cpu: T0 : 0x104a4    : c_addiw a5, 0              : IntAlu :  D=0x0000000000000038
3044000: system.cpu: T0 : 0x104a6    : c_addw a5, a4              : IntAlu :  D=0x00000000000000ab
3044500: system.cpu: T0 : 0x104a8    : sw a5, -88(s0)             : MemWrite :  D=0x00000000000000ab A=0x7ffffffffffffd88
3045000: system.cpu: T0 : 0x104ac    : ld a5, -24(s0)             : MemRead :  D=0x000000000006f020 A=0x7ffffffffffffdc8
3045500: system.cpu: T0 : 0x104b0    : c_addi a5, 2               : IntAlu :  D=0x000000000006f022
3046500: system.cpu: T0 : 0x104b2    : lh a5, 0(a5)               : MemRead :  D=0x0000000000000073 A=0x6f022
3047500: system.cpu: T0 : 0x104b6    : addiw a4, a5, 0            : IntAlu :  D=0x0000000000000073
3048500: system.cpu: T0 : 0x104ba    : ld a5, -24(s0)             : MemRead :  D=0x000000000006f020 A=0x7ffffffffffffdc8
3049000: system.cpu: T0 : 0x104be    : c_addi a5, 12              : IntAlu :  D=0x000000000006f02c
3049500: system.cpu: T0 : 0x104c0    : lh a5, 0(a5)               : MemRead :  D=0x0000000000000038 A=0x6f02c
3050000: system.cpu: T0 : 0x104c4    : c_addiw a5, 0              : IntAlu :  D=0x0000000000000038
3051000: system.cpu: T0 : 0x104c6    : subw a5, a4, a5            : IntAlu :  D=0x000000000000003b
3052000: system.cpu: T0 : 0x104ca    : sw a5, -84(s0)             : MemWrite :  D=0x000000000000003b A=0x7ffffffffffffd8c
3053000: system.cpu: T0 : 0x104ce    : ld a5, -24(s0)             : MemRead :  D=0x000000000006f020 A=0x7ffffffffffffdc8
3053500: system.cpu: T0 : 0x104d2    : c_addi a5, 4               : IntAlu :  D=0x000000000006f024
3054000: system.cpu: T0 : 0x104d4    : lh a5, 0(a5)               : MemRead :  D=0x0000000000000078 A=0x6f024
3054500: system.cpu: T0 : 0x104d8    : addiw a4, a5, 0            : IntAlu :  D=0x0000000000000078
3055000: system.cpu: T0 : 0x104dc    : ld a5, -24(s0)             : MemRead :  D=0x000000000006f020 A=0x7ffffffffffffdc8
3055500: system.cpu: T0 : 0x104e0    : c_addi a5, 10              : IntAlu :  D=0x000000000006f02a
3056500: system.cpu: T0 : 0x104e2    : lh a5, 0(a5)               : MemRead :  D=0x0000000000000038 A=0x6f02a
3057000: system.cpu: T0 : 0x104e6    : c_addiw a5, 0              : IntAlu :  D=0x0000000000000038
3057500: system.cpu: T0 : 0x104e8    : c_addw a5, a4              : IntAlu :  D=0x00000000000000b0
3058500: system.cpu: T0 : 0x104ea    : sw a5, -80(s0)             : MemWrite :  D=0x00000000000000b0 A=0x7ffffffffffffd90
3059500: system.cpu: T0 : 0x104ee    : ld a5, -24(s0)             : MemRead :  D=0x000000000006f020 A=0x7ffffffffffffdc8
3060000: system.cpu: T0 : 0x104f2    : c_addi a5, 4               : IntAlu :  D=0x000000000006f024
3060500: system.cpu: T0 : 0x104f4    : lh a5, 0(a5)               : MemRead :  D=0x0000000000000078 A=0x6f024
3061000: system.cpu: T0 : 0x104f8    : addiw a4, a5, 0            : IntAlu :  D=0x0000000000000078
3061500: system.cpu: T0 : 0x104fc    : ld a5, -24(s0)             : MemRead :  D=0x000000000006f020 A=0x7ffffffffffffdc8
3062000: system.cpu: T0 : 0x10500    : c_addi a5, 10              : IntAlu :  D=0x000000000006f02a
3063000: system.cpu: T0 : 0x10502    : lh a5, 0(a5)               : MemRead :  D=0x0000000000000038 A=0x6f02a
3063500: system.cpu: T0 : 0x10506    : c_addiw a5, 0              : IntAlu :  D=0x0000000000000038
3064000: system.cpu: T0 : 0x10508    : subw a5, a4, a5            : IntAlu :  D=0x0000000000000040
3064500: system.cpu: T0 : 0x1050c    : sw a5, -76(s0)             : MemWrite :  D=0x0000000000000040 A=0x7ffffffffffffd94
3065000: system.cpu: T0 : 0x10510    : ld a5, -24(s0)             : MemRead :  D=0x000000000006f020 A=0x7ffffffffffffdc8
3065500: system.cpu: T0 : 0x10514    : c_addi a5, 6               : IntAlu :  D=0x000000000006f026
3066500: system.cpu: T0 : 0x10516    : lh a5, 0(a5)               : MemRead :  D=0x0000000000000077 A=0x6f026
3067500: system.cpu: T0 : 0x1051a    : addiw a4, a5, 0            : IntAlu :  D=0x0000000000000077
3068500: system.cpu: T0 : 0x1051e    : ld a5, -24(s0)             : MemRead :  D=0x000000000006f020 A=0x7ffffffffffffdc8
3069000: system.cpu: T0 : 0x10522    : c_addi a5, 8               : IntAlu :  D=0x000000000006f028
3069500: system.cpu: T0 : 0x10524    : lh a5, 0(a5)               : MemRead :  D=0x0000000000000076 A=0x6f028
3070000: system.cpu: T0 : 0x10528    : c_addiw a5, 0              : IntAlu :  D=0x0000000000000076
3070500: system.cpu: T0 : 0x1052a    : c_addw a5, a4              : IntAlu :  D=0x00000000000000ed
3071000: system.cpu: T0 : 0x1052c    : sw a5, -72(s0)             : MemWrite :  D=0x00000000000000ed A=0x7ffffffffffffd98
3071500: system.cpu: T0 : 0x10530    : ld a5, -24(s0)             : MemRead :  D=0x000000000006f020 A=0x7ffffffffffffdc8
3072000: system.cpu: T0 : 0x10534    : c_addi a5, 6               : IntAlu :  D=0x000000000006f026
3073000: system.cpu: T0 : 0x10536    : lh a5, 0(a5)               : MemRead :  D=0x0000000000000077 A=0x6f026
3074000: system.cpu: T0 : 0x1053a    : addiw a4, a5, 0            : IntAlu :  D=0x0000000000000077
3075000: system.cpu: T0 : 0x1053e    : ld a5, -24(s0)             : MemRead :  D=0x000000000006f020 A=0x7ffffffffffffdc8
3075500: system.cpu: T0 : 0x10542    : c_addi a5, 8               : IntAlu :  D=0x000000000006f028
3076000: system.cpu: T0 : 0x10544    : lh a5, 0(a5)               : MemRead :  D=0x0000000000000076 A=0x6f028
3076500: system.cpu: T0 : 0x10548    : c_addiw a5, 0              : IntAlu :  D=0x0000000000000076
3077500: system.cpu: T0 : 0x1054a    : subw a5, a4, a5            : IntAlu :  D=0x0000000000000001
3078500: system.cpu: T0 : 0x1054e    : sw a5, -68(s0)             : MemWrite :  D=0x0000000000000001 A=0x7ffffffffffffd9c
3079500: system.cpu: T0 : 0x10552    : lw a4, -96(s0)             : MemRead :  D=0x00000000000000a6 A=0x7ffffffffffffd80
3080500: system.cpu: T0 : 0x10556    : lw a5, -72(s0)             : MemRead :  D=0x00000000000000ed A=0x7ffffffffffffd98
3081000: system.cpu: T0 : 0x1055a    : c_addw a5, a4              : IntAlu :  D=0x0000000000000193
3081500: system.cpu: T0 : 0x1055c    : sw a5, -64(s0)             : MemWrite :  D=0x0000000000000193 A=0x7ffffffffffffda0
3082000: system.cpu: T0 : 0x10560    : lw a4, -96(s0)             : MemRead :  D=0x00000000000000a6 A=0x7ffffffffffffd80
3082500: system.cpu: T0 : 0x10564    : lw a5, -72(s0)             : MemRead :  D=0x00000000000000ed A=0x7ffffffffffffd98
3083000: system.cpu: T0 : 0x10568    : subw a5, a4, a5            : IntAlu :  D=0xffffffffffffffb9
3083500: system.cpu: T0 : 0x1056c    : sw a5, -60(s0)             : MemWrite :  D=0x00000000ffffffb9 A=0x7ffffffffffffda4
3084000: system.cpu: T0 : 0x10570    : lw a4, -88(s0)             : MemRead :  D=0x00000000000000ab A=0x7ffffffffffffd88
3084500: system.cpu: T0 : 0x10574    : lw a5, -80(s0)             : MemRead :  D=0x00000000000000b0 A=0x7ffffffffffffd90
3085000: system.cpu: T0 : 0x10578    : c_addw a5, a4              : IntAlu :  D=0x000000000000015b
3086000: system.cpu: T0 : 0x1057a    : sw a5, -56(s0)             : MemWrite :  D=0x000000000000015b A=0x7ffffffffffffda8
3087000: system.cpu: T0 : 0x1057e    : lw a4, -88(s0)             : MemRead :  D=0x00000000000000ab A=0x7ffffffffffffd88
3088000: system.cpu: T0 : 0x10582    : lw a5, -80(s0)             : MemRead :  D=0x00000000000000b0 A=0x7ffffffffffffd90
3089000: system.cpu: T0 : 0x10586    : subw a5, a4, a5            : IntAlu :  D=0xfffffffffffffffb
3090000: system.cpu: T0 : 0x1058a    : sw a5, -52(s0)             : MemWrite :  D=0x00000000fffffffb A=0x7ffffffffffffdac
3091000: system.cpu: T0 : 0x1058e    : lw a4, -64(s0)             : MemRead :  D=0x0000000000000193 A=0x7ffffffffffffda0
3092000: system.cpu: T0 : 0x10592    : lw a5, -56(s0)             : MemRead :  D=0x000000000000015b A=0x7ffffffffffffda8
3092500: system.cpu: T0 : 0x10596    : c_addw a5, a4              : IntAlu :  D=0x00000000000002ee
3093000: system.cpu: T0 : 0x10598    : c_addiw a5, 0              : IntAlu :  D=0x00000000000002ee
3094000: system.cpu: T0 : 0x1059a    : slliw a5, a5, 2            : IntAlu :  D=0x0000000000000bb8
3094500: system.cpu: T0 : 0x1059e    : c_addiw a5, 0              : IntAlu :  D=0x0000000000000bb8
3095000: system.cpu: T0 : 0x105a0    : slliw a4, a5, 16           : IntAlu :  D=0x000000000bb80000
3095500: system.cpu: T0 : 0x105a4    : sraiw a4, a4, 16           : IntAlu :  D=0x0000000000000bb8
3096000: system.cpu: T0 : 0x105a8    : ld a5, -24(s0)             : MemRead :  D=0x000000000006f020 A=0x7ffffffffffffdc8
3096500: system.cpu: T0 : 0x105ac    : sh a4, 0(a5)               : MemWrite :  D=0x0000000000000bb8 A=0x6f020
3097000: system.cpu: T0 : 0x105b0    : lw a4, -64(s0)             : MemRead :  D=0x0000000000000193 A=0x7ffffffffffffda0
3097500: system.cpu: T0 : 0x105b4    : lw a5, -56(s0)             : MemRead :  D=0x000000000000015b A=0x7ffffffffffffda8
3098000: system.cpu: T0 : 0x105b8    : subw a5, a4, a5            : IntAlu :  D=0x0000000000000038
3098500: system.cpu: T0 : 0x105bc    : c_addiw a5, 0              : IntAlu :  D=0x0000000000000038
3099500: system.cpu: T0 : 0x105be    : slliw a5, a5, 2            : IntAlu :  D=0x00000000000000e0
3100500: system.cpu: T0 : 0x105c2    : addiw a4, a5, 0            : IntAlu :  D=0x00000000000000e0
3101500: system.cpu: T0 : 0x105c6    : ld a5, -24(s0)             : MemRead :  D=0x000000000006f020 A=0x7ffffffffffffdc8
3102000: system.cpu: T0 : 0x105ca    : c_addi a5, 8               : IntAlu :  D=0x000000000006f028
3102500: system.cpu: T0 : 0x105cc    : slliw a4, a4, 16           : IntAlu :  D=0x0000000000e00000
3103000: system.cpu: T0 : 0x105d0    : sraiw a4, a4, 16           : IntAlu :  D=0x00000000000000e0
3103500: system.cpu: T0 : 0x105d4    : sh a4, 0(a5)               : MemWrite :  D=0x00000000000000e0 A=0x6f028
3104000: system.cpu: T0 : 0x105d8    : c_lui a5, 1                : IntAlu :  D=0x0000000000001000
3105000: system.cpu: T0 : 0x105da    : addiw a5, a5, 337          : IntAlu :  D=0x0000000000001151
3106000: system.cpu: T0 : 0x105de    : sw a5, -48(s0)             : MemWrite :  D=0x0000000000001151 A=0x7ffffffffffffdb0
3107000: system.cpu: T0 : 0x105e2    : lw a4, -52(s0)             : MemRead :  D=0xfffffffffffffffb A=0x7ffffffffffffdac
3108000: system.cpu: T0 : 0x105e6    : lw a5, -60(s0)             : MemRead :  D=0xffffffffffffffb9 A=0x7ffffffffffffda4
3108500: system.cpu: T0 : 0x105ea    : c_addw a5, a4              : IntAlu :  D=0xffffffffffffffb4
3109000: system.cpu: T0 : 0x105ec    : c_addiw a5, 0              : IntAlu :  D=0xffffffffffffffb4
3110000: system.cpu: T0 : 0x105ee    : lw a4, -48(s0)             : MemRead :  D=0x0000000000001151 A=0x7ffffffffffffdb0
3111000: system.cpu: T0 : 0x105f2    : mulw a5, a4, a5            : IntMult :  D=0xfffffffffffadbf4
3112000: system.cpu: T0 : 0x105f6    : sw a5, -44(s0)             : MemWrite :  D=0x00000000fffadbf4 A=0x7ffffffffffffdb4
3112500: system.cpu: T0 : 0x105fa    : c_lui a5, 2                : IntAlu :  D=0x0000000000002000
3113000: system.cpu: T0 : 0x105fc    : addiw a5, a5, -1922        : IntAlu :  D=0x000000000000187e
3113500: system.cpu: T0 : 0x10600    : sw a5, -48(s0)             : MemWrite :  D=0x000000000000187e A=0x7ffffffffffffdb0
3114000: system.cpu: T0 : 0x10604    : lw a4, -60(s0)             : MemRead :  D=0xffffffffffffffb9 A=0x7ffffffffffffda4
3114500: system.cpu: T0 : 0x10608    : lw a5, -48(s0)             : MemRead :  D=0x000000000000187e A=0x7ffffffffffffdb0
3115000: system.cpu: T0 : 0x1060c    : mulw a5, a4, a5            : IntMult :  D=0xfffffffffff9350e
3115500: system.cpu: T0 : 0x10610    : c_addiw a5, 0              : IntAlu :  D=0xfffffffffff9350e
3116500: system.cpu: T0 : 0x10612    : lw a4, -44(s0)             : MemRead :  D=0xfffffffffffadbf4 A=0x7ffffffffffffdb4
3117000: system.cpu: T0 : 0x10616    : c_addw a5, a4              : IntAlu :  D=0xfffffffffff41102
3117500: system.cpu: T0 : 0x10618    : c_addiw a5, 0              : IntAlu :  D=0xfffffffffff41102
3118500: system.cpu: T0 : 0x1061a    : sraiw a5, a5, 11           : IntAlu :  D=0xfffffffffffffe82
3119500: system.cpu: T0 : 0x1061e    : addiw a4, a5, 0            : IntAlu :  D=0xfffffffffffffe82
3120500: system.cpu: T0 : 0x10622    : ld a5, -24(s0)             : MemRead :  D=0x000000000006f020 A=0x7ffffffffffffdc8
3121000: system.cpu: T0 : 0x10626    : c_addi a5, 4               : IntAlu :  D=0x000000000006f024
3121500: system.cpu: T0 : 0x10628    : slliw a4, a4, 16           : IntAlu :  D=0xfffffffffe820000
3122000: system.cpu: T0 : 0x1062c    : sraiw a4, a4, 16           : IntAlu :  D=0xfffffffffffffe82
3122500: system.cpu: T0 : 0x10630    : sh a4, 0(a5)               : MemWrite :  D=0x000000000000fe82 A=0x6f024
3123000: system.cpu: T0 : 0x10634    : c_lui a5, 1048572          : IntAlu :  D=0xffffffffffffc000
3124000: system.cpu: T0 : 0x10636    : addiw a5, a5, 1247         : IntAlu :  D=0xffffffffffffc4df
3125000: system.cpu: T0 : 0x1063a    : sw a5, -48(s0)             : MemWrite :  D=0x00000000ffffc4df A=0x7ffffffffffffdb0
3126000: system.cpu: T0 : 0x1063e    : lw a4, -52(s0)             : MemRead :  D=0xfffffffffffffffb A=0x7ffffffffffffdac
3127000: system.cpu: T0 : 0x10642    : lw a5, -48(s0)             : MemRead :  D=0xffffffffffffc4df A=0x7ffffffffffffdb0
3128000: system.cpu: T0 : 0x10646    : mulw a5, a4, a5            : IntMult :  D=0x00000000000127a5
3128500: system.cpu: T0 : 0x1064a    : c_addiw a5, 0              : IntAlu :  D=0x00000000000127a5
3129000: system.cpu: T0 : 0x1064c    : lw a4, -44(s0)             : MemRead :  D=0xfffffffffffadbf4 A=0x7ffffffffffffdb4
3129500: system.cpu: T0 : 0x10650    : c_addw a5, a4              : IntAlu :  D=0xfffffffffffc0399
3130000: system.cpu: T0 : 0x10652    : c_addiw a5, 0              : IntAlu :  D=0xfffffffffffc0399
3130500: system.cpu: T0 : 0x10654    : sraiw a5, a5, 11           : IntAlu :  D=0xffffffffffffff80
3131000: system.cpu: T0 : 0x10658    : addiw a4, a5, 0            : IntAlu :  D=0xffffffffffffff80
3131500: system.cpu: T0 : 0x1065c    : ld a5, -24(s0)             : MemRead :  D=0x000000000006f020 A=0x7ffffffffffffdc8
3132000: system.cpu: T0 : 0x10660    : c_addi a5, 12              : IntAlu :  D=0x000000000006f02c
3133000: system.cpu: T0 : 0x10662    : slliw a4, a4, 16           : IntAlu :  D=0xffffffffff800000
3134000: system.cpu: T0 : 0x10666    : sraiw a4, a4, 16           : IntAlu :  D=0xffffffffffffff80
3135000: system.cpu: T0 : 0x1066a    : sh a4, 0(a5)               : MemWrite :  D=0x000000000000ff80 A=0x6f02c
3136000: system.cpu: T0 : 0x1066e    : lw a4, -68(s0)             : MemRead :  D=0x0000000000000001 A=0x7ffffffffffffd9c
3137000: system.cpu: T0 : 0x10672    : lw a5, -92(s0)             : MemRead :  D=0x0000000000000036 A=0x7ffffffffffffd84
3137500: system.cpu: T0 : 0x10676    : c_addw a5, a4              : IntAlu :  D=0x0000000000000037
3138000: system.cpu: T0 : 0x10678    : sw a5, -44(s0)             : MemWrite :  D=0x0000000000000037 A=0x7ffffffffffffdb4
3138500: system.cpu: T0 : 0x1067c    : lw a4, -76(s0)             : MemRead :  D=0x0000000000000040 A=0x7ffffffffffffd94
3139000: system.cpu: T0 : 0x10680    : lw a5, -84(s0)             : MemRead :  D=0x000000000000003b A=0x7ffffffffffffd8c
3139500: system.cpu: T0 : 0x10684    : c_addw a5, a4              : IntAlu :  D=0x000000000000007b
3140500: system.cpu: T0 : 0x10686    : sw a5, -40(s0)             : MemWrite :  D=0x000000000000007b A=0x7ffffffffffffdb8
3141500: system.cpu: T0 : 0x1068a    : lw a4, -68(s0)             : MemRead :  D=0x0000000000000001 A=0x7ffffffffffffd9c
3142500: system.cpu: T0 : 0x1068e    : lw a5, -84(s0)             : MemRead :  D=0x000000000000003b A=0x7ffffffffffffd8c
3143000: system.cpu: T0 : 0x10692    : c_addw a5, a4              : IntAlu :  D=0x000000000000003c
3143500: system.cpu: T0 : 0x10694    : sw a5, -36(s0)             : MemWrite :  D=0x000000000000003c A=0x7ffffffffffffdbc
3144000: system.cpu: T0 : 0x10698    : lw a4, -76(s0)             : MemRead :  D=0x0000000000000040 A=0x7ffffffffffffd94
3144500: system.cpu: T0 : 0x1069c    : lw a5, -92(s0)             : MemRead :  D=0x0000000000000036 A=0x7ffffffffffffd84
3145000: system.cpu: T0 : 0x106a0    : c_addw a5, a4              : IntAlu :  D=0x0000000000000076
3146000: system.cpu: T0 : 0x106a2    : sw a5, -32(s0)             : MemWrite :  D=0x0000000000000076 A=0x7ffffffffffffdc0
3146500: system.cpu: T0 : 0x106a6    : c_lui a5, 2                : IntAlu :  D=0x0000000000002000
3147000: system.cpu: T0 : 0x106a8    : addiw a5, a5, 1441         : IntAlu :  D=0x00000000000025a1
3147500: system.cpu: T0 : 0x106ac    : sw a5, -48(s0)             : MemWrite :  D=0x00000000000025a1 A=0x7ffffffffffffdb0
3148000: system.cpu: T0 : 0x106b0    : lw a4, -36(s0)             : MemRead :  D=0x000000000000003c A=0x7ffffffffffffdbc
3148500: system.cpu: T0 : 0x106b4    : lw a5, -32(s0)             : MemRead :  D=0x0000000000000076 A=0x7ffffffffffffdc0
3149000: system.cpu: T0 : 0x106b8    : c_addw a5, a4              : IntAlu :  D=0x00000000000000b2
3149500: system.cpu: T0 : 0x106ba    : c_addiw a5, 0              : IntAlu :  D=0x00000000000000b2
3150000: system.cpu: T0 : 0x106bc    : lw a4, -48(s0)             : MemRead :  D=0x00000000000025a1 A=0x7ffffffffffffdb0
3150500: system.cpu: T0 : 0x106c0    : mulw a5, a4, a5            : IntMult :  D=0x00000000001a29f2
3151000: system.cpu: T0 : 0x106c4    : sw a5, -28(s0)             : MemWrite :  D=0x00000000001a29f2 A=0x7ffffffffffffdc4
3151500: system.cpu: T0 : 0x106c8    : c_lui a5, 1                : IntAlu :  D=0x0000000000001000
3152500: system.cpu: T0 : 0x106ca    : addiw a5, a5, -1650        : IntAlu :  D=0x000000000000098e
3153500: system.cpu: T0 : 0x106ce    : sw a5, -48(s0)             : MemWrite :  D=0x000000000000098e A=0x7ffffffffffffdb0
3154500: system.cpu: T0 : 0x106d2    : lw a4, -68(s0)             : MemRead :  D=0x0000000000000001 A=0x7ffffffffffffd9c
3155500: system.cpu: T0 : 0x106d6    : lw a5, -48(s0)             : MemRead :  D=0x000000000000098e A=0x7ffffffffffffdb0
3156500: system.cpu: T0 : 0x106da    : mulw a5, a4, a5            : IntMult :  D=0x000000000000098e
3157500: system.cpu: T0 : 0x106de    : sw a5, -68(s0)             : MemWrite :  D=0x000000000000098e A=0x7ffffffffffffd9c
3158000: system.cpu: T0 : 0x106e2    : c_lui a5, 4                : IntAlu :  D=0x0000000000004000
3158500: system.cpu: T0 : 0x106e4    : addiw a5, a5, 435          : IntAlu :  D=0x00000000000041b3
3159000: system.cpu: T0 : 0x106e8    : sw a5, -48(s0)             : MemWrite :  D=0x00000000000041b3 A=0x7ffffffffffffdb0
3159500: system.cpu: T0 : 0x106ec    : lw a4, -76(s0)             : MemRead :  D=0x0000000000000040 A=0x7ffffffffffffd94
3160000: system.cpu: T0 : 0x106f0    : lw a5, -48(s0)             : MemRead :  D=0x00000000000041b3 A=0x7ffffffffffffdb0
3160500: system.cpu: T0 : 0x106f4    : mulw a5, a4, a5            : IntMult :  D=0x0000000000106cc0
3161000: system.cpu: T0 : 0x106f8    : sw a5, -76(s0)             : MemWrite :  D=0x0000000000106cc0 A=0x7ffffffffffffd94
3161500: system.cpu: T0 : 0x106fc    : c_lui a5, 6                : IntAlu :  D=0x0000000000006000
3162500: system.cpu: T0 : 0x106fe    : addiw a5, a5, 596          : IntAlu :  D=0x0000000000006254
3163500: system.cpu: T0 : 0x10702    : sw a5, -48(s0)             : MemWrite :  D=0x0000000000006254 A=0x7ffffffffffffdb0
3164500: system.cpu: T0 : 0x10706    : lw a4, -84(s0)             : MemRead :  D=0x000000000000003b A=0x7ffffffffffffd8c
3165500: system.cpu: T0 : 0x1070a    : lw a5, -48(s0)             : MemRead :  D=0x0000000000006254 A=0x7ffffffffffffdb0
3166500: system.cpu: T0 : 0x1070e    : mulw a5, a4, a5            : IntMult :  D=0x000000000016a95c
3167500: system.cpu: T0 : 0x10712    : sw a5, -84(s0)             : MemWrite :  D=0x000000000016a95c A=0x7ffffffffffffd8c
3168000: system.cpu: T0 : 0x10716    : c_lui a5, 3                : IntAlu :  D=0x0000000000003000
3168500: system.cpu: T0 : 0x10718    : c_addiw a5, 11             : IntAlu :  D=0x000000000000300b
3169500: system.cpu: T0 : 0x1071a    : sw a5, -48(s0)             : MemWrite :  D=0x000000000000300b A=0x7ffffffffffffdb0
3170500: system.cpu: T0 : 0x1071e    : lw a4, -92(s0)             : MemRead :  D=0x0000000000000036 A=0x7ffffffffffffd84
3171500: system.cpu: T0 : 0x10722    : lw a5, -48(s0)             : MemRead :  D=0x000000000000300b A=0x7ffffffffffffdb0
3172500: system.cpu: T0 : 0x10726    : mulw a5, a4, a5            : IntMult :  D=0x00000000000a2252
3173500: system.cpu: T0 : 0x1072a    : sw a5, -92(s0)             : MemWrite :  D=0x00000000000a2252 A=0x7ffffffffffffd84
3174000: system.cpu: T0 : 0x1072e    : c_lui a5, 1048574          : IntAlu :  D=0xffffffffffffe000
3174500: system.cpu: T0 : 0x10730    : addiw a5, a5, 819          : IntAlu :  D=0xffffffffffffe333
3175000: system.cpu: T0 : 0x10734    : sw a5, -48(s0)             : MemWrite :  D=0x00000000ffffe333 A=0x7ffffffffffffdb0
3175500: system.cpu: T0 : 0x10738    : lw a4, -44(s0)             : MemRead :  D=0x0000000000000037 A=0x7ffffffffffffdb4
3176000: system.cpu: T0 : 0x1073c    : lw a5, -48(s0)             : MemRead :  D=0xffffffffffffe333 A=0x7ffffffffffffdb0
3176500: system.cpu: T0 : 0x10740    : mulw a5, a4, a5            : IntMult :  D=0xfffffffffff9cff5
3177000: system.cpu: T0 : 0x10744    : sw a5, -44(s0)             : MemWrite :  D=0x00000000fff9cff5 A=0x7ffffffffffffdb4
3177500: system.cpu: T0 : 0x10748    : c_lui a5, 1048571          : IntAlu :  D=0xffffffffffffb000
3178500: system.cpu: T0 : 0x1074a    : addiw a5, a5, -515         : IntAlu :  D=0xffffffffffffadfd
3179500: system.cpu: T0 : 0x1074e    : sw a5, -48(s0)             : MemWrite :  D=0x00000000ffffadfd A=0x7ffffffffffffdb0
3180500: system.cpu: T0 : 0x10752    : lw a4, -40(s0)             : MemRead :  D=0x000000000000007b A=0x7ffffffffffffdb8
3181500: system.cpu: T0 : 0x10756    : lw a5, -48(s0)             : MemRead :  D=0xffffffffffffadfd A=0x7ffffffffffffdb0
3182500: system.cpu: T0 : 0x1075a    : mulw a5, a4, a5            : IntMult :  D=0xffffffffffd8988f
3183500: system.cpu: T0 : 0x1075e    : sw a5, -40(s0)             : MemWrite :  D=0x00000000ffd8988f A=0x7ffffffffffffdb8
3184000: system.cpu: T0 : 0x10762    : c_lui a5, 1048572          : IntAlu :  D=0xffffffffffffc000
3184500: system.cpu: T0 : 0x10764    : addiw a5, a5, 315          : IntAlu :  D=0xffffffffffffc13b
3185000: system.cpu: T0 : 0x10768    : sw a5, -48(s0)             : MemWrite :  D=0x00000000ffffc13b A=0x7ffffffffffffdb0
3185500: system.cpu: T0 : 0x1076c    : lw a4, -36(s0)             : MemRead :  D=0x000000000000003c A=0x7ffffffffffffdbc
3186000: system.cpu: T0 : 0x10770    : lw a5, -48(s0)             : MemRead :  D=0xffffffffffffc13b A=0x7ffffffffffffdb0
3186500: system.cpu: T0 : 0x10774    : mulw a5, a4, a5            : IntMult :  D=0xfffffffffff149d4
3187000: system.cpu: T0 : 0x10778    : sw a5, -36(s0)             : MemWrite :  D=0x00000000fff149d4 A=0x7ffffffffffffdbc
3187500: system.cpu: T0 : 0x1077c    : c_lui a5, 1048575          : IntAlu :  D=0xfffffffffffff000
3188500: system.cpu: T0 : 0x1077e    : addiw a5, a5, 900          : IntAlu :  D=0xfffffffffffff384
3189500: system.cpu: T0 : 0x10782    : sw a5, -48(s0)             : MemWrite :  D=0x00000000fffff384 A=0x7ffffffffffffdb0
3190500: system.cpu: T0 : 0x10786    : lw a4, -32(s0)             : MemRead :  D=0x0000000000000076 A=0x7ffffffffffffdc0
3191500: system.cpu: T0 : 0x1078a    : lw a5, -48(s0)             : MemRead :  D=0xfffffffffffff384 A=0x7ffffffffffffdb0
3192500: system.cpu: T0 : 0x1078e    : mulw a5, a4, a5            : IntMult :  D=0xfffffffffffa3ed8
3193500: system.cpu: T0 : 0x10792    : sw a5, -32(s0)             : MemWrite :  D=0x00000000fffa3ed8 A=0x7ffffffffffffdc0
3194500: system.cpu: T0 : 0x10796    : lw a4, -36(s0)             : MemRead :  D=0xfffffffffff149d4 A=0x7ffffffffffffdbc
3195500: system.cpu: T0 : 0x1079a    : lw a5, -28(s0)             : MemRead :  D=0x00000000001a29f2 A=0x7ffffffffffffdc4
3196000: system.cpu: T0 : 0x1079e    : c_addw a5, a4              : IntAlu :  D=0x00000000000b73c6
3196500: system.cpu: T0 : 0x107a0    : sw a5, -36(s0)             : MemWrite :  D=0x00000000000b73c6 A=0x7ffffffffffffdbc
3197000: system.cpu: T0 : 0x107a4    : lw a4, -32(s0)             : MemRead :  D=0xfffffffffffa3ed8 A=0x7ffffffffffffdc0
3197500: system.cpu: T0 : 0x107a8    : lw a5, -28(s0)             : MemRead :  D=0x00000000001a29f2 A=0x7ffffffffffffdc4
3198000: system.cpu: T0 : 0x107ac    : c_addw a5, a4              : IntAlu :  D=0x00000000001468ca
3199000: system.cpu: T0 : 0x107ae    : sw a5, -32(s0)             : MemWrite :  D=0x00000000001468ca A=0x7ffffffffffffdc0
3200000: system.cpu: T0 : 0x107b2    : lw a4, -68(s0)             : MemRead :  D=0x000000000000098e A=0x7ffffffffffffd9c
3201000: system.cpu: T0 : 0x107b6    : lw a5, -44(s0)             : MemRead :  D=0xfffffffffff9cff5 A=0x7ffffffffffffdb4
3201500: system.cpu: T0 : 0x107ba    : c_addw a5, a4              : IntAlu :  D=0xfffffffffff9d983
3202000: system.cpu: T0 : 0x107bc    : c_addiw a5, 0              : IntAlu :  D=0xfffffffffff9d983
3203000: system.cpu: T0 : 0x107be    : lw a4, -36(s0)             : MemRead :  D=0x00000000000b73c6 A=0x7ffffffffffffdbc
3203500: system.cpu: T0 : 0x107c2    : c_addw a5, a4              : IntAlu :  D=0x0000000000054d49
3204000: system.cpu: T0 : 0x107c4    : c_addiw a5, 0              : IntAlu :  D=0x0000000000054d49
3205000: system.cpu: T0 : 0x107c6    : sraiw a5, a5, 11           : IntAlu :  D=0x00000000000000a9
3206000: system.cpu: T0 : 0x107ca    : addiw a4, a5, 0            : IntAlu :  D=0x00000000000000a9
3207000: system.cpu: T0 : 0x107ce    : ld a5, -24(s0)             : MemRead :  D=0x000000000006f020 A=0x7ffffffffffffdc8
3207500: system.cpu: T0 : 0x107d2    : c_addi a5, 14              : IntAlu :  D=0x000000000006f02e
3208000: system.cpu: T0 : 0x107d4    : slliw a4, a4, 16           : IntAlu :  D=0x0000000000a90000
3208500: system.cpu: T0 : 0x107d8    : sraiw a4, a4, 16           : IntAlu :  D=0x00000000000000a9
3209000: system.cpu: T0 : 0x107dc    : sh a4, 0(a5)               : MemWrite :  D=0x00000000000000a9 A=0x6f02e
3209500: system.cpu: T0 : 0x107e0    : lw a4, -76(s0)             : MemRead :  D=0x0000000000106cc0 A=0x7ffffffffffffd94
3210000: system.cpu: T0 : 0x107e4    : lw a5, -40(s0)             : MemRead :  D=0xffffffffffd8988f A=0x7ffffffffffffdb8
3210500: system.cpu: T0 : 0x107e8    : c_addw a5, a4              : IntAlu :  D=0xffffffffffe9054f
3211000: system.cpu: T0 : 0x107ea    : c_addiw a5, 0              : IntAlu :  D=0xffffffffffe9054f
3211500: system.cpu: T0 : 0x107ec    : lw a4, -32(s0)             : MemRead :  D=0x00000000001468ca A=0x7ffffffffffffdc0
3212000: system.cpu: T0 : 0x107f0    : c_addw a5, a4              : IntAlu :  D=0xfffffffffffd6e19
3212500: system.cpu: T0 : 0x107f2    : c_addiw a5, 0              : IntAlu :  D=0xfffffffffffd6e19
3213000: system.cpu: T0 : 0x107f4    : sraiw a5, a5, 11           : IntAlu :  D=0xffffffffffffffad
3213500: system.cpu: T0 : 0x107f8    : addiw a4, a5, 0            : IntAlu :  D=0xffffffffffffffad
3214000: system.cpu: T0 : 0x107fc    : ld a5, -24(s0)             : MemRead :  D=0x000000000006f020 A=0x7ffffffffffffdc8
3214500: system.cpu: T0 : 0x10800    : c_addi a5, 10              : IntAlu :  D=0x000000000006f02a
3215500: system.cpu: T0 : 0x10802    : slliw a4, a4, 16           : IntAlu :  D=0xffffffffffad0000
3216500: system.cpu: T0 : 0x10806    : sraiw a4, a4, 16           : IntAlu :  D=0xffffffffffffffad
3217500: system.cpu: T0 : 0x1080a    : sh a4, 0(a5)               : MemWrite :  D=0x000000000000ffad A=0x6f02a
3218500: system.cpu: T0 : 0x1080e    : lw a4, -84(s0)             : MemRead :  D=0x000000000016a95c A=0x7ffffffffffffd8c
3219500: system.cpu: T0 : 0x10812    : lw a5, -40(s0)             : MemRead :  D=0xffffffffffd8988f A=0x7ffffffffffffdb8
3220000: system.cpu: T0 : 0x10816    : c_addw a5, a4              : IntAlu :  D=0xffffffffffef41eb
3220500: system.cpu: T0 : 0x10818    : c_addiw a5, 0              : IntAlu :  D=0xffffffffffef41eb
3221500: system.cpu: T0 : 0x1081a    : lw a4, -36(s0)             : MemRead :  D=0x00000000000b73c6 A=0x7ffffffffffffdbc
3222000: system.cpu: T0 : 0x1081e    : c_addw a5, a4              : IntAlu :  D=0xfffffffffffab5b1
3222500: system.cpu: T0 : 0x10820    : c_addiw a5, 0              : IntAlu :  D=0xfffffffffffab5b1
3223500: system.cpu: T0 : 0x10822    : sraiw a5, a5, 11           : IntAlu :  D=0xffffffffffffff56
3224500: system.cpu: T0 : 0x10826    : addiw a4, a5, 0            : IntAlu :  D=0xffffffffffffff56
3225500: system.cpu: T0 : 0x1082a    : ld a5, -24(s0)             : MemRead :  D=0x000000000006f020 A=0x7ffffffffffffdc8
3226000: system.cpu: T0 : 0x1082e    : c_addi a5, 6               : IntAlu :  D=0x000000000006f026
3226500: system.cpu: T0 : 0x10830    : slliw a4, a4, 16           : IntAlu :  D=0xffffffffff560000
3227000: system.cpu: T0 : 0x10834    : sraiw a4, a4, 16           : IntAlu :  D=0xffffffffffffff56
3227500: system.cpu: T0 : 0x10838    : sh a4, 0(a5)               : MemWrite :  D=0x000000000000ff56 A=0x6f026
3228000: system.cpu: T0 : 0x1083c    : lw a4, -92(s0)             : MemRead :  D=0x00000000000a2252 A=0x7ffffffffffffd84
3228500: system.cpu: T0 : 0x10840    : lw a5, -44(s0)             : MemRead :  D=0xfffffffffff9cff5 A=0x7ffffffffffffdb4
3229000: system.cpu: T0 : 0x10844    : c_addw a5, a4              : IntAlu :  D=0x000000000003f247
3229500: system.cpu: T0 : 0x10846    : c_addiw a5, 0              : IntAlu :  D=0x000000000003f247
3230000: system.cpu: T0 : 0x10848    : lw a4, -32(s0)             : MemRead :  D=0x00000000001468ca A=0x7ffffffffffffdc0
3230500: system.cpu: T0 : 0x1084c    : c_addw a5, a4              : IntAlu :  D=0x0000000000185b11
3231000: system.cpu: T0 : 0x1084e    : c_addiw a5, 0              : IntAlu :  D=0x0000000000185b11
3231500: system.cpu: T0 : 0x10850    : sraiw a5, a5, 11           : IntAlu :  D=0x000000000000030b
3232000: system.cpu: T0 : 0x10854    : addiw a4, a5, 0            : IntAlu :  D=0x000000000000030b
3232500: system.cpu: T0 : 0x10858    : ld a5, -24(s0)             : MemRead :  D=0x000000000006f020 A=0x7ffffffffffffdc8
3233000: system.cpu: T0 : 0x1085c    : c_addi a5, 2               : IntAlu :  D=0x000000000006f022
3234000: system.cpu: T0 : 0x1085e    : slliw a4, a4, 16           : IntAlu :  D=0x00000000030b0000
3235000: system.cpu: T0 : 0x10862    : sraiw a4, a4, 16           : IntAlu :  D=0x000000000000030b
3236000: system.cpu: T0 : 0x10866    : sh a4, 0(a5)               : MemWrite :  D=0x000000000000030b A=0x6f022
3237000: system.cpu: T0 : 0x1086a    : lw a5, -124(s0)            : MemRead :  D=0x0000000000000008 A=0x7ffffffffffffd64
3237500: system.cpu: T0 : 0x1086e    : c_slli a5, 1               : IntAlu :  D=0x0000000000000010
3238000: system.cpu: T0 : 0x10870    : ld a4, -24(s0)             : MemRead :  D=0x000000000006f020 A=0x7ffffffffffffdc8
3238500: system.cpu: T0 : 0x10874    : c_add a5, a4               : IntAlu :  D=0x000000000006f030
3239500: system.cpu: T0 : 0x10876    : sd a5, -24(s0)             : MemWrite :  D=0x000000000006f030 A=0x7ffffffffffffdc8
3240500: system.cpu: T0 : 0x1087a    : lw a5, -100(s0)            : MemRead :  D=0x0000000000000002 A=0x7ffffffffffffd7c
3241000: system.cpu: T0 : 0x1087e    : c_addiw a5, 1              : IntAlu :  D=0x0000000000000003
3241500: system.cpu: T0 : 0x10880    : sw a5, -100(s0)            : MemWrite :  D=0x0000000000000003 A=0x7ffffffffffffd7c
3242000: system.cpu: T0 : 0x10884    : lw a5, -100(s0)            : MemRead :  D=0x0000000000000003 A=0x7ffffffffffffd7c
3242500: system.cpu: T0 : 0x10888    : addiw a4, a5, 0            : IntAlu :  D=0x0000000000000003
3243000: system.cpu: T0 : 0x1088c    : c_li a5, 7                 : IntAlu :  D=0x0000000000000007
3244000: system.cpu: T0 : 0x1088e    : bge a5, a4, -1088          : IntAlu : 
3245000: system.cpu: T0 : 0x1044e    : ld a5, -24(s0)             : MemRead :  D=0x000000000006f030 A=0x7ffffffffffffdc8
3246000: system.cpu: T0 : 0x10452    : lh a5, 0(a5)               : MemRead :  D=0x0000000000000077 A=0x6f030
3247000: system.cpu: T0 : 0x10456    : addiw a4, a5, 0            : IntAlu :  D=0x0000000000000077
3248000: system.cpu: T0 : 0x1045a    : ld a5, -24(s0)             : MemRead :  D=0x000000000006f030 A=0x7ffffffffffffdc8
3248500: system.cpu: T0 : 0x1045e    : c_addi a5, 14              : IntAlu :  D=0x000000000006f03e
3249000: system.cpu: T0 : 0x10460    : lh a5, 0(a5)               : MemRead :  D=0x000000000000003b A=0x6f03e
3249500: system.cpu: T0 : 0x10464    : c_addiw a5, 0              : IntAlu :  D=0x000000000000003b
3250000: system.cpu: T0 : 0x10466    : c_addw a5, a4              : IntAlu :  D=0x00000000000000b2
3250500: system.cpu: T0 : 0x10468    : sw a5, -96(s0)             : MemWrite :  D=0x00000000000000b2 A=0x7ffffffffffffd80
3251000: system.cpu: T0 : 0x1046c    : ld a5, -24(s0)             : MemRead :  D=0x000000000006f030 A=0x7ffffffffffffdc8
3251500: system.cpu: T0 : 0x10470    : lh a5, 0(a5)               : MemRead :  D=0x0000000000000077 A=0x6f030
3252000: system.cpu: T0 : 0x10474    : addiw a4, a5, 0            : IntAlu :  D=0x0000000000000077
3252500: system.cpu: T0 : 0x10478    : ld a5, -24(s0)             : MemRead :  D=0x000000000006f030 A=0x7ffffffffffffdc8
3253000: system.cpu: T0 : 0x1047c    : c_addi a5, 14              : IntAlu :  D=0x000000000006f03e
3254000: system.cpu: T0 : 0x1047e    : lh a5, 0(a5)               : MemRead :  D=0x000000000000003b A=0x6f03e
3254500: system.cpu: T0 : 0x10482    : c_addiw a5, 0              : IntAlu :  D=0x000000000000003b
3255000: system.cpu: T0 : 0x10484    : subw a5, a4, a5            : IntAlu :  D=0x000000000000003c
3255500: system.cpu: T0 : 0x10488    : sw a5, -92(s0)             : MemWrite :  D=0x000000000000003c A=0x7ffffffffffffd84
3256000: system.cpu: T0 : 0x1048c    : ld a5, -24(s0)             : MemRead :  D=0x000000000006f030 A=0x7ffffffffffffdc8
3256500: system.cpu: T0 : 0x10490    : c_addi a5, 2               : IntAlu :  D=0x000000000006f032
3257500: system.cpu: T0 : 0x10492    : lh a5, 0(a5)               : MemRead :  D=0x0000000000000079 A=0x6f032
3258500: system.cpu: T0 : 0x10496    : addiw a4, a5, 0            : IntAlu :  D=0x0000000000000079
3259500: system.cpu: T0 : 0x1049a    : ld a5, -24(s0)             : MemRead :  D=0x000000000006f030 A=0x7ffffffffffffdc8
3260000: system.cpu: T0 : 0x1049e    : c_addi a5, 12              : IntAlu :  D=0x000000000006f03c
3260500: system.cpu: T0 : 0x104a0    : lh a5, 0(a5)               : MemRead :  D=0x000000000000003b A=0x6f03c
3261000: system.cpu: T0 : 0x104a4    : c_addiw a5, 0              : IntAlu :  D=0x000000000000003b
3261500: system.cpu: T0 : 0x104a6    : c_addw a5, a4              : IntAlu :  D=0x00000000000000b4
3262000: system.cpu: T0 : 0x104a8    : sw a5, -88(s0)             : MemWrite :  D=0x00000000000000b4 A=0x7ffffffffffffd88
3262500: system.cpu: T0 : 0x104ac    : ld a5, -24(s0)             : MemRead :  D=0x000000000006f030 A=0x7ffffffffffffdc8
3263000: system.cpu: T0 : 0x104b0    : c_addi a5, 2               : IntAlu :  D=0x000000000006f032
3264000: system.cpu: T0 : 0x104b2    : lh a5, 0(a5)               : MemRead :  D=0x0000000000000079 A=0x6f032
3265000: system.cpu: T0 : 0x104b6    : addiw a4, a5, 0            : IntAlu :  D=0x0000000000000079
3266000: system.cpu: T0 : 0x104ba    : ld a5, -24(s0)             : MemRead :  D=0x000000000006f030 A=0x7ffffffffffffdc8
3266500: system.cpu: T0 : 0x104be    : c_addi a5, 12              : IntAlu :  D=0x000000000006f03c
3267000: system.cpu: T0 : 0x104c0    : lh a5, 0(a5)               : MemRead :  D=0x000000000000003b A=0x6f03c
3267500: system.cpu: T0 : 0x104c4    : c_addiw a5, 0              : IntAlu :  D=0x000000000000003b
3268500: system.cpu: T0 : 0x104c6    : subw a5, a4, a5            : IntAlu :  D=0x000000000000003e
3269500: system.cpu: T0 : 0x104ca    : sw a5, -84(s0)             : MemWrite :  D=0x000000000000003e A=0x7ffffffffffffd8c
3270500: system.cpu: T0 : 0x104ce    : ld a5, -24(s0)             : MemRead :  D=0x000000000006f030 A=0x7ffffffffffffdc8
3271000: system.cpu: T0 : 0x104d2    : c_addi a5, 4               : IntAlu :  D=0x000000000006f034
3271500: system.cpu: T0 : 0x104d4    : lh a5, 0(a5)               : MemRead :  D=0x000000000000007a A=0x6f034
3272000: system.cpu: T0 : 0x104d8    : addiw a4, a5, 0            : IntAlu :  D=0x000000000000007a
3272500: system.cpu: T0 : 0x104dc    : ld a5, -24(s0)             : MemRead :  D=0x000000000006f030 A=0x7ffffffffffffdc8
3273000: system.cpu: T0 : 0x104e0    : c_addi a5, 10              : IntAlu :  D=0x000000000006f03a
3274000: system.cpu: T0 : 0x104e2    : lh a5, 0(a5)               : MemRead :  D=0x000000000000003b A=0x6f03a
3274500: system.cpu: T0 : 0x104e6    : c_addiw a5, 0              : IntAlu :  D=0x000000000000003b
3275000: system.cpu: T0 : 0x104e8    : c_addw a5, a4              : IntAlu :  D=0x00000000000000b5
3276000: system.cpu: T0 : 0x104ea    : sw a5, -80(s0)             : MemWrite :  D=0x00000000000000b5 A=0x7ffffffffffffd90
3277000: system.cpu: T0 : 0x104ee    : ld a5, -24(s0)             : MemRead :  D=0x000000000006f030 A=0x7ffffffffffffdc8
3277500: system.cpu: T0 : 0x104f2    : c_addi a5, 4               : IntAlu :  D=0x000000000006f034
3278000: system.cpu: T0 : 0x104f4    : lh a5, 0(a5)               : MemRead :  D=0x000000000000007a A=0x6f034
3278500: system.cpu: T0 : 0x104f8    : addiw a4, a5, 0            : IntAlu :  D=0x000000000000007a
3279000: system.cpu: T0 : 0x104fc    : ld a5, -24(s0)             : MemRead :  D=0x000000000006f030 A=0x7ffffffffffffdc8
3279500: system.cpu: T0 : 0x10500    : c_addi a5, 10              : IntAlu :  D=0x000000000006f03a
3280500: system.cpu: T0 : 0x10502    : lh a5, 0(a5)               : MemRead :  D=0x000000000000003b A=0x6f03a
3281000: system.cpu: T0 : 0x10506    : c_addiw a5, 0              : IntAlu :  D=0x000000000000003b
3281500: system.cpu: T0 : 0x10508    : subw a5, a4, a5            : IntAlu :  D=0x000000000000003f
3282000: system.cpu: T0 : 0x1050c    : sw a5, -76(s0)             : MemWrite :  D=0x000000000000003f A=0x7ffffffffffffd94
3282500: system.cpu: T0 : 0x10510    : ld a5, -24(s0)             : MemRead :  D=0x000000000006f030 A=0x7ffffffffffffdc8
3283000: system.cpu: T0 : 0x10514    : c_addi a5, 6               : IntAlu :  D=0x000000000006f036
3284000: system.cpu: T0 : 0x10516    : lh a5, 0(a5)               : MemRead :  D=0x0000000000000078 A=0x6f036
3285000: system.cpu: T0 : 0x1051a    : addiw a4, a5, 0            : IntAlu :  D=0x0000000000000078
3286000: system.cpu: T0 : 0x1051e    : ld a5, -24(s0)             : MemRead :  D=0x000000000006f030 A=0x7ffffffffffffdc8
3286500: system.cpu: T0 : 0x10522    : c_addi a5, 8               : IntAlu :  D=0x000000000006f038
3287000: system.cpu: T0 : 0x10524    : lh a5, 0(a5)               : MemRead :  D=0x0000000000000078 A=0x6f038
3287500: system.cpu: T0 : 0x10528    : c_addiw a5, 0              : IntAlu :  D=0x0000000000000078
3288000: system.cpu: T0 : 0x1052a    : c_addw a5, a4              : IntAlu :  D=0x00000000000000f0
3288500: system.cpu: T0 : 0x1052c    : sw a5, -72(s0)             : MemWrite :  D=0x00000000000000f0 A=0x7ffffffffffffd98
3289000: system.cpu: T0 : 0x10530    : ld a5, -24(s0)             : MemRead :  D=0x000000000006f030 A=0x7ffffffffffffdc8
3289500: system.cpu: T0 : 0x10534    : c_addi a5, 6               : IntAlu :  D=0x000000000006f036
3290500: system.cpu: T0 : 0x10536    : lh a5, 0(a5)               : MemRead :  D=0x0000000000000078 A=0x6f036
3291500: system.cpu: T0 : 0x1053a    : addiw a4, a5, 0            : IntAlu :  D=0x0000000000000078
3292500: system.cpu: T0 : 0x1053e    : ld a5, -24(s0)             : MemRead :  D=0x000000000006f030 A=0x7ffffffffffffdc8
3293000: system.cpu: T0 : 0x10542    : c_addi a5, 8               : IntAlu :  D=0x000000000006f038
3293500: system.cpu: T0 : 0x10544    : lh a5, 0(a5)               : MemRead :  D=0x0000000000000078 A=0x6f038
3294000: system.cpu: T0 : 0x10548    : c_addiw a5, 0              : IntAlu :  D=0x0000000000000078
3295000: system.cpu: T0 : 0x1054a    : subw a5, a4, a5            : IntAlu :  D=0x0000000000000000
3296000: system.cpu: T0 : 0x1054e    : sw a5, -68(s0)             : MemWrite :  D=0x0000000000000000 A=0x7ffffffffffffd9c
3297000: system.cpu: T0 : 0x10552    : lw a4, -96(s0)             : MemRead :  D=0x00000000000000b2 A=0x7ffffffffffffd80
3298000: system.cpu: T0 : 0x10556    : lw a5, -72(s0)             : MemRead :  D=0x00000000000000f0 A=0x7ffffffffffffd98
3298500: system.cpu: T0 : 0x1055a    : c_addw a5, a4              : IntAlu :  D=0x00000000000001a2
3299000: system.cpu: T0 : 0x1055c    : sw a5, -64(s0)             : MemWrite :  D=0x00000000000001a2 A=0x7ffffffffffffda0
3299500: system.cpu: T0 : 0x10560    : lw a4, -96(s0)             : MemRead :  D=0x00000000000000b2 A=0x7ffffffffffffd80
3300000: system.cpu: T0 : 0x10564    : lw a5, -72(s0)             : MemRead :  D=0x00000000000000f0 A=0x7ffffffffffffd98
3300500: system.cpu: T0 : 0x10568    : subw a5, a4, a5            : IntAlu :  D=0xffffffffffffffc2
3301000: system.cpu: T0 : 0x1056c    : sw a5, -60(s0)             : MemWrite :  D=0x00000000ffffffc2 A=0x7ffffffffffffda4
3301500: system.cpu: T0 : 0x10570    : lw a4, -88(s0)             : MemRead :  D=0x00000000000000b4 A=0x7ffffffffffffd88
3302000: system.cpu: T0 : 0x10574    : lw a5, -80(s0)             : MemRead :  D=0x00000000000000b5 A=0x7ffffffffffffd90
3302500: system.cpu: T0 : 0x10578    : c_addw a5, a4              : IntAlu :  D=0x0000000000000169
3303500: system.cpu: T0 : 0x1057a    : sw a5, -56(s0)             : MemWrite :  D=0x0000000000000169 A=0x7ffffffffffffda8
3304500: system.cpu: T0 : 0x1057e    : lw a4, -88(s0)             : MemRead :  D=0x00000000000000b4 A=0x7ffffffffffffd88
3305500: system.cpu: T0 : 0x10582    : lw a5, -80(s0)             : MemRead :  D=0x00000000000000b5 A=0x7ffffffffffffd90
3306500: system.cpu: T0 : 0x10586    : subw a5, a4, a5            : IntAlu :  D=0xffffffffffffffff
3307500: system.cpu: T0 : 0x1058a    : sw a5, -52(s0)             : MemWrite :  D=0x00000000ffffffff A=0x7ffffffffffffdac
3308500: system.cpu: T0 : 0x1058e    : lw a4, -64(s0)             : MemRead :  D=0x00000000000001a2 A=0x7ffffffffffffda0
3309500: system.cpu: T0 : 0x10592    : lw a5, -56(s0)             : MemRead :  D=0x0000000000000169 A=0x7ffffffffffffda8
3310000: system.cpu: T0 : 0x10596    : c_addw a5, a4              : IntAlu :  D=0x000000000000030b
3310500: system.cpu: T0 : 0x10598    : c_addiw a5, 0              : IntAlu :  D=0x000000000000030b
3311500: system.cpu: T0 : 0x1059a    : slliw a5, a5, 2            : IntAlu :  D=0x0000000000000c2c
3312000: system.cpu: T0 : 0x1059e    : c_addiw a5, 0              : IntAlu :  D=0x0000000000000c2c
3312500: system.cpu: T0 : 0x105a0    : slliw a4, a5, 16           : IntAlu :  D=0x000000000c2c0000
3313000: system.cpu: T0 : 0x105a4    : sraiw a4, a4, 16           : IntAlu :  D=0x0000000000000c2c
3313500: system.cpu: T0 : 0x105a8    : ld a5, -24(s0)             : MemRead :  D=0x000000000006f030 A=0x7ffffffffffffdc8
3314000: system.cpu: T0 : 0x105ac    : sh a4, 0(a5)               : MemWrite :  D=0x0000000000000c2c A=0x6f030
3314500: system.cpu: T0 : 0x105b0    : lw a4, -64(s0)             : MemRead :  D=0x00000000000001a2 A=0x7ffffffffffffda0
3315000: system.cpu: T0 : 0x105b4    : lw a5, -56(s0)             : MemRead :  D=0x0000000000000169 A=0x7ffffffffffffda8
3315500: system.cpu: T0 : 0x105b8    : subw a5, a4, a5            : IntAlu :  D=0x0000000000000039
3316000: system.cpu: T0 : 0x105bc    : c_addiw a5, 0              : IntAlu :  D=0x0000000000000039
3317000: system.cpu: T0 : 0x105be    : slliw a5, a5, 2            : IntAlu :  D=0x00000000000000e4
3318000: system.cpu: T0 : 0x105c2    : addiw a4, a5, 0            : IntAlu :  D=0x00000000000000e4
3319000: system.cpu: T0 : 0x105c6    : ld a5, -24(s0)             : MemRead :  D=0x000000000006f030 A=0x7ffffffffffffdc8
3319500: system.cpu: T0 : 0x105ca    : c_addi a5, 8               : IntAlu :  D=0x000000000006f038
3320000: system.cpu: T0 : 0x105cc    : slliw a4, a4, 16           : IntAlu :  D=0x0000000000e40000
3320500: system.cpu: T0 : 0x105d0    : sraiw a4, a4, 16           : IntAlu :  D=0x00000000000000e4
3321000: system.cpu: T0 : 0x105d4    : sh a4, 0(a5)               : MemWrite :  D=0x00000000000000e4 A=0x6f038
3321500: system.cpu: T0 : 0x105d8    : c_lui a5, 1                : IntAlu :  D=0x0000000000001000
3322500: system.cpu: T0 : 0x105da    : addiw a5, a5, 337          : IntAlu :  D=0x0000000000001151
3323500: system.cpu: T0 : 0x105de    : sw a5, -48(s0)             : MemWrite :  D=0x0000000000001151 A=0x7ffffffffffffdb0
3324500: system.cpu: T0 : 0x105e2    : lw a4, -52(s0)             : MemRead :  D=0xffffffffffffffff A=0x7ffffffffffffdac
3325500: system.cpu: T0 : 0x105e6    : lw a5, -60(s0)             : MemRead :  D=0xffffffffffffffc2 A=0x7ffffffffffffda4
3326000: system.cpu: T0 : 0x105ea    : c_addw a5, a4              : IntAlu :  D=0xffffffffffffffc1
3326500: system.cpu: T0 : 0x105ec    : c_addiw a5, 0              : IntAlu :  D=0xffffffffffffffc1
3327500: system.cpu: T0 : 0x105ee    : lw a4, -48(s0)             : MemRead :  D=0x0000000000001151 A=0x7ffffffffffffdb0
3328500: system.cpu: T0 : 0x105f2    : mulw a5, a4, a5            : IntMult :  D=0xfffffffffffbbd11
3329500: system.cpu: T0 : 0x105f6    : sw a5, -44(s0)             : MemWrite :  D=0x00000000fffbbd11 A=0x7ffffffffffffdb4
3330000: system.cpu: T0 : 0x105fa    : c_lui a5, 2                : IntAlu :  D=0x0000000000002000
3330500: system.cpu: T0 : 0x105fc    : addiw a5, a5, -1922        : IntAlu :  D=0x000000000000187e
3331000: system.cpu: T0 : 0x10600    : sw a5, -48(s0)             : MemWrite :  D=0x000000000000187e A=0x7ffffffffffffdb0
3331500: system.cpu: T0 : 0x10604    : lw a4, -60(s0)             : MemRead :  D=0xffffffffffffffc2 A=0x7ffffffffffffda4
3332000: system.cpu: T0 : 0x10608    : lw a5, -48(s0)             : MemRead :  D=0x000000000000187e A=0x7ffffffffffffdb0
3332500: system.cpu: T0 : 0x1060c    : mulw a5, a4, a5            : IntMult :  D=0xfffffffffffa117c
3333000: system.cpu: T0 : 0x10610    : c_addiw a5, 0              : IntAlu :  D=0xfffffffffffa117c
3334000: system.cpu: T0 : 0x10612    : lw a4, -44(s0)             : MemRead :  D=0xfffffffffffbbd11 A=0x7ffffffffffffdb4
3334500: system.cpu: T0 : 0x10616    : c_addw a5, a4              : IntAlu :  D=0xfffffffffff5ce8d
3335000: system.cpu: T0 : 0x10618    : c_addiw a5, 0              : IntAlu :  D=0xfffffffffff5ce8d
3336000: system.cpu: T0 : 0x1061a    : sraiw a5, a5, 11           : IntAlu :  D=0xfffffffffffffeb9
3337000: system.cpu: T0 : 0x1061e    : addiw a4, a5, 0            : IntAlu :  D=0xfffffffffffffeb9
3338000: system.cpu: T0 : 0x10622    : ld a5, -24(s0)             : MemRead :  D=0x000000000006f030 A=0x7ffffffffffffdc8
3338500: system.cpu: T0 : 0x10626    : c_addi a5, 4               : IntAlu :  D=0x000000000006f034
3339000: system.cpu: T0 : 0x10628    : slliw a4, a4, 16           : IntAlu :  D=0xfffffffffeb90000
3339500: system.cpu: T0 : 0x1062c    : sraiw a4, a4, 16           : IntAlu :  D=0xfffffffffffffeb9
3340000: system.cpu: T0 : 0x10630    : sh a4, 0(a5)               : MemWrite :  D=0x000000000000feb9 A=0x6f034
3340500: system.cpu: T0 : 0x10634    : c_lui a5, 1048572          : IntAlu :  D=0xffffffffffffc000
3341500: system.cpu: T0 : 0x10636    : addiw a5, a5, 1247         : IntAlu :  D=0xffffffffffffc4df
3342500: system.cpu: T0 : 0x1063a    : sw a5, -48(s0)             : MemWrite :  D=0x00000000ffffc4df A=0x7ffffffffffffdb0
3343500: system.cpu: T0 : 0x1063e    : lw a4, -52(s0)             : MemRead :  D=0xffffffffffffffff A=0x7ffffffffffffdac
3344500: system.cpu: T0 : 0x10642    : lw a5, -48(s0)             : MemRead :  D=0xffffffffffffc4df A=0x7ffffffffffffdb0
3345500: system.cpu: T0 : 0x10646    : mulw a5, a4, a5            : IntMult :  D=0x0000000000003b21
3346000: system.cpu: T0 : 0x1064a    : c_addiw a5, 0              : IntAlu :  D=0x0000000000003b21
3346500: system.cpu: T0 : 0x1064c    : lw a4, -44(s0)             : MemRead :  D=0xfffffffffffbbd11 A=0x7ffffffffffffdb4
3347000: system.cpu: T0 : 0x10650    : c_addw a5, a4              : IntAlu :  D=0xfffffffffffbf832
3347500: system.cpu: T0 : 0x10652    : c_addiw a5, 0              : IntAlu :  D=0xfffffffffffbf832
3348000: system.cpu: T0 : 0x10654    : sraiw a5, a5, 11           : IntAlu :  D=0xffffffffffffff7f
3348500: system.cpu: T0 : 0x10658    : addiw a4, a5, 0            : IntAlu :  D=0xffffffffffffff7f
3349000: system.cpu: T0 : 0x1065c    : ld a5, -24(s0)             : MemRead :  D=0x000000000006f030 A=0x7ffffffffffffdc8
3349500: system.cpu: T0 : 0x10660    : c_addi a5, 12              : IntAlu :  D=0x000000000006f03c
3350500: system.cpu: T0 : 0x10662    : slliw a4, a4, 16           : IntAlu :  D=0xffffffffff7f0000
3351500: system.cpu: T0 : 0x10666    : sraiw a4, a4, 16           : IntAlu :  D=0xffffffffffffff7f
3352500: system.cpu: T0 : 0x1066a    : sh a4, 0(a5)               : MemWrite :  D=0x000000000000ff7f A=0x6f03c
3353500: system.cpu: T0 : 0x1066e    : lw a4, -68(s0)             : MemRead :  D=0x0000000000000000 A=0x7ffffffffffffd9c
3354500: system.cpu: T0 : 0x10672    : lw a5, -92(s0)             : MemRead :  D=0x000000000000003c A=0x7ffffffffffffd84
3355000: system.cpu: T0 : 0x10676    : c_addw a5, a4              : IntAlu :  D=0x000000000000003c
3355500: system.cpu: T0 : 0x10678    : sw a5, -44(s0)             : MemWrite :  D=0x000000000000003c A=0x7ffffffffffffdb4
3356000: system.cpu: T0 : 0x1067c    : lw a4, -76(s0)             : MemRead :  D=0x000000000000003f A=0x7ffffffffffffd94
3356500: system.cpu: T0 : 0x10680    : lw a5, -84(s0)             : MemRead :  D=0x000000000000003e A=0x7ffffffffffffd8c
3357000: system.cpu: T0 : 0x10684    : c_addw a5, a4              : IntAlu :  D=0x000000000000007d
3358000: system.cpu: T0 : 0x10686    : sw a5, -40(s0)             : MemWrite :  D=0x000000000000007d A=0x7ffffffffffffdb8
3359000: system.cpu: T0 : 0x1068a    : lw a4, -68(s0)             : MemRead :  D=0x0000000000000000 A=0x7ffffffffffffd9c
3360000: system.cpu: T0 : 0x1068e    : lw a5, -84(s0)             : MemRead :  D=0x000000000000003e A=0x7ffffffffffffd8c
3360500: system.cpu: T0 : 0x10692    : c_addw a5, a4              : IntAlu :  D=0x000000000000003e
3361000: system.cpu: T0 : 0x10694    : sw a5, -36(s0)             : MemWrite :  D=0x000000000000003e A=0x7ffffffffffffdbc
3361500: system.cpu: T0 : 0x10698    : lw a4, -76(s0)             : MemRead :  D=0x000000000000003f A=0x7ffffffffffffd94
3362000: system.cpu: T0 : 0x1069c    : lw a5, -92(s0)             : MemRead :  D=0x000000000000003c A=0x7ffffffffffffd84
3362500: system.cpu: T0 : 0x106a0    : c_addw a5, a4              : IntAlu :  D=0x000000000000007b
3363500: system.cpu: T0 : 0x106a2    : sw a5, -32(s0)             : MemWrite :  D=0x000000000000007b A=0x7ffffffffffffdc0
3364000: system.cpu: T0 : 0x106a6    : c_lui a5, 2                : IntAlu :  D=0x0000000000002000
3364500: system.cpu: T0 : 0x106a8    : addiw a5, a5, 1441         : IntAlu :  D=0x00000000000025a1
3365000: system.cpu: T0 : 0x106ac    : sw a5, -48(s0)             : MemWrite :  D=0x00000000000025a1 A=0x7ffffffffffffdb0
3365500: system.cpu: T0 : 0x106b0    : lw a4, -36(s0)             : MemRead :  D=0x000000000000003e A=0x7ffffffffffffdbc
3366000: system.cpu: T0 : 0x106b4    : lw a5, -32(s0)             : MemRead :  D=0x000000000000007b A=0x7ffffffffffffdc0
3366500: system.cpu: T0 : 0x106b8    : c_addw a5, a4              : IntAlu :  D=0x00000000000000b9
3367000: system.cpu: T0 : 0x106ba    : c_addiw a5, 0              : IntAlu :  D=0x00000000000000b9
3367500: system.cpu: T0 : 0x106bc    : lw a4, -48(s0)             : MemRead :  D=0x00000000000025a1 A=0x7ffffffffffffdb0
3368000: system.cpu: T0 : 0x106c0    : mulw a5, a4, a5            : IntMult :  D=0x00000000001b3159
3368500: system.cpu: T0 : 0x106c4    : sw a5, -28(s0)             : MemWrite :  D=0x00000000001b3159 A=0x7ffffffffffffdc4
3369000: system.cpu: T0 : 0x106c8    : c_lui a5, 1                : IntAlu :  D=0x0000000000001000
3370000: system.cpu: T0 : 0x106ca    : addiw a5, a5, -1650        : IntAlu :  D=0x000000000000098e
3371000: system.cpu: T0 : 0x106ce    : sw a5, -48(s0)             : MemWrite :  D=0x000000000000098e A=0x7ffffffffffffdb0
3372000: system.cpu: T0 : 0x106d2    : lw a4, -68(s0)             : MemRead :  D=0x0000000000000000 A=0x7ffffffffffffd9c
3373000: system.cpu: T0 : 0x106d6    : lw a5, -48(s0)             : MemRead :  D=0x000000000000098e A=0x7ffffffffffffdb0
3374000: system.cpu: T0 : 0x106da    : mulw a5, a4, a5            : IntMult :  D=0x0000000000000000
3375000: system.cpu: T0 : 0x106de    : sw a5, -68(s0)             : MemWrite :  D=0x0000000000000000 A=0x7ffffffffffffd9c
3375500: system.cpu: T0 : 0x106e2    : c_lui a5, 4                : IntAlu :  D=0x0000000000004000
3376000: system.cpu: T0 : 0x106e4    : addiw a5, a5, 435          : IntAlu :  D=0x00000000000041b3
3376500: system.cpu: T0 : 0x106e8    : sw a5, -48(s0)             : MemWrite :  D=0x00000000000041b3 A=0x7ffffffffffffdb0
3377000: system.cpu: T0 : 0x106ec    : lw a4, -76(s0)             : MemRead :  D=0x000000000000003f A=0x7ffffffffffffd94
3377500: system.cpu: T0 : 0x106f0    : lw a5, -48(s0)             : MemRead :  D=0x00000000000041b3 A=0x7ffffffffffffdb0
3378000: system.cpu: T0 : 0x106f4    : mulw a5, a4, a5            : IntMult :  D=0x0000000000102b0d
3378500: system.cpu: T0 : 0x106f8    : sw a5, -76(s0)             : MemWrite :  D=0x0000000000102b0d A=0x7ffffffffffffd94
3379000: system.cpu: T0 : 0x106fc    : c_lui a5, 6                : IntAlu :  D=0x0000000000006000
3380000: system.cpu: T0 : 0x106fe    : addiw a5, a5, 596          : IntAlu :  D=0x0000000000006254
3381000: system.cpu: T0 : 0x10702    : sw a5, -48(s0)             : MemWrite :  D=0x0000000000006254 A=0x7ffffffffffffdb0
3382000: system.cpu: T0 : 0x10706    : lw a4, -84(s0)             : MemRead :  D=0x000000000000003e A=0x7ffffffffffffd8c
3383000: system.cpu: T0 : 0x1070a    : lw a5, -48(s0)             : MemRead :  D=0x0000000000006254 A=0x7ffffffffffffdb0
3384000: system.cpu: T0 : 0x1070e    : mulw a5, a4, a5            : IntMult :  D=0x000000000017d058
3385000: system.cpu: T0 : 0x10712    : sw a5, -84(s0)             : MemWrite :  D=0x000000000017d058 A=0x7ffffffffffffd8c
3385500: system.cpu: T0 : 0x10716    : c_lui a5, 3                : IntAlu :  D=0x0000000000003000
3386000: system.cpu: T0 : 0x10718    : c_addiw a5, 11             : IntAlu :  D=0x000000000000300b
3387000: system.cpu: T0 : 0x1071a    : sw a5, -48(s0)             : MemWrite :  D=0x000000000000300b A=0x7ffffffffffffdb0
3388000: system.cpu: T0 : 0x1071e    : lw a4, -92(s0)             : MemRead :  D=0x000000000000003c A=0x7ffffffffffffd84
3389000: system.cpu: T0 : 0x10722    : lw a5, -48(s0)             : MemRead :  D=0x000000000000300b A=0x7ffffffffffffdb0
3390000: system.cpu: T0 : 0x10726    : mulw a5, a4, a5            : IntMult :  D=0x00000000000b4294
3391000: system.cpu: T0 : 0x1072a    : sw a5, -92(s0)             : MemWrite :  D=0x00000000000b4294 A=0x7ffffffffffffd84
3391500: system.cpu: T0 : 0x1072e    : c_lui a5, 1048574          : IntAlu :  D=0xffffffffffffe000
3392000: system.cpu: T0 : 0x10730    : addiw a5, a5, 819          : IntAlu :  D=0xffffffffffffe333
3392500: system.cpu: T0 : 0x10734    : sw a5, -48(s0)             : MemWrite :  D=0x00000000ffffe333 A=0x7ffffffffffffdb0
3393000: system.cpu: T0 : 0x10738    : lw a4, -44(s0)             : MemRead :  D=0x000000000000003c A=0x7ffffffffffffdb4
3393500: system.cpu: T0 : 0x1073c    : lw a5, -48(s0)             : MemRead :  D=0xffffffffffffe333 A=0x7ffffffffffffdb0
3394000: system.cpu: T0 : 0x10740    : mulw a5, a4, a5            : IntMult :  D=0xfffffffffff93ff4
3394500: system.cpu: T0 : 0x10744    : sw a5, -44(s0)             : MemWrite :  D=0x00000000fff93ff4 A=0x7ffffffffffffdb4
3395000: system.cpu: T0 : 0x10748    : c_lui a5, 1048571          : IntAlu :  D=0xffffffffffffb000
3396000: system.cpu: T0 : 0x1074a    : addiw a5, a5, -515         : IntAlu :  D=0xffffffffffffadfd
3397000: system.cpu: T0 : 0x1074e    : sw a5, -48(s0)             : MemWrite :  D=0x00000000ffffadfd A=0x7ffffffffffffdb0
3398000: system.cpu: T0 : 0x10752    : lw a4, -40(s0)             : MemRead :  D=0x000000000000007d A=0x7ffffffffffffdb8
3399000: system.cpu: T0 : 0x10756    : lw a5, -48(s0)             : MemRead :  D=0xffffffffffffadfd A=0x7ffffffffffffdb0
3400000: system.cpu: T0 : 0x1075a    : mulw a5, a4, a5            : IntMult :  D=0xffffffffffd7f489
3401000: system.cpu: T0 : 0x1075e    : sw a5, -40(s0)             : MemWrite :  D=0x00000000ffd7f489 A=0x7ffffffffffffdb8
3401500: system.cpu: T0 : 0x10762    : c_lui a5, 1048572          : IntAlu :  D=0xffffffffffffc000
3402000: system.cpu: T0 : 0x10764    : addiw a5, a5, 315          : IntAlu :  D=0xffffffffffffc13b
3402500: system.cpu: T0 : 0x10768    : sw a5, -48(s0)             : MemWrite :  D=0x00000000ffffc13b A=0x7ffffffffffffdb0
3403000: system.cpu: T0 : 0x1076c    : lw a4, -36(s0)             : MemRead :  D=0x000000000000003e A=0x7ffffffffffffdbc
3403500: system.cpu: T0 : 0x10770    : lw a5, -48(s0)             : MemRead :  D=0xffffffffffffc13b A=0x7ffffffffffffdb0
3404000: system.cpu: T0 : 0x10774    : mulw a5, a4, a5            : IntMult :  D=0xfffffffffff0cc4a
3404500: system.cpu: T0 : 0x10778    : sw a5, -36(s0)             : MemWrite :  D=0x00000000fff0cc4a A=0x7ffffffffffffdbc
3405000: system.cpu: T0 : 0x1077c    : c_lui a5, 1048575          : IntAlu :  D=0xfffffffffffff000
3406000: system.cpu: T0 : 0x1077e    : addiw a5, a5, 900          : IntAlu :  D=0xfffffffffffff384
3407000: system.cpu: T0 : 0x10782    : sw a5, -48(s0)             : MemWrite :  D=0x00000000fffff384 A=0x7ffffffffffffdb0
3408000: system.cpu: T0 : 0x10786    : lw a4, -32(s0)             : MemRead :  D=0x000000000000007b A=0x7ffffffffffffdc0
3409000: system.cpu: T0 : 0x1078a    : lw a5, -48(s0)             : MemRead :  D=0xfffffffffffff384 A=0x7ffffffffffffdb0
3410000: system.cpu: T0 : 0x1078e    : mulw a5, a4, a5            : IntMult :  D=0xfffffffffffa006c
3411000: system.cpu: T0 : 0x10792    : sw a5, -32(s0)             : MemWrite :  D=0x00000000fffa006c A=0x7ffffffffffffdc0
3412000: system.cpu: T0 : 0x10796    : lw a4, -36(s0)             : MemRead :  D=0xfffffffffff0cc4a A=0x7ffffffffffffdbc
3413000: system.cpu: T0 : 0x1079a    : lw a5, -28(s0)             : MemRead :  D=0x00000000001b3159 A=0x7ffffffffffffdc4
3413500: system.cpu: T0 : 0x1079e    : c_addw a5, a4              : IntAlu :  D=0x00000000000bfda3
3414000: system.cpu: T0 : 0x107a0    : sw a5, -36(s0)             : MemWrite :  D=0x00000000000bfda3 A=0x7ffffffffffffdbc
3414500: system.cpu: T0 : 0x107a4    : lw a4, -32(s0)             : MemRead :  D=0xfffffffffffa006c A=0x7ffffffffffffdc0
3415000: system.cpu: T0 : 0x107a8    : lw a5, -28(s0)             : MemRead :  D=0x00000000001b3159 A=0x7ffffffffffffdc4
3415500: system.cpu: T0 : 0x107ac    : c_addw a5, a4              : IntAlu :  D=0x00000000001531c5
3416500: system.cpu: T0 : 0x107ae    : sw a5, -32(s0)             : MemWrite :  D=0x00000000001531c5 A=0x7ffffffffffffdc0
3417500: system.cpu: T0 : 0x107b2    : lw a4, -68(s0)             : MemRead :  D=0x0000000000000000 A=0x7ffffffffffffd9c
3418500: system.cpu: T0 : 0x107b6    : lw a5, -44(s0)             : MemRead :  D=0xfffffffffff93ff4 A=0x7ffffffffffffdb4
3419000: system.cpu: T0 : 0x107ba    : c_addw a5, a4              : IntAlu :  D=0xfffffffffff93ff4
3419500: system.cpu: T0 : 0x107bc    : c_addiw a5, 0              : IntAlu :  D=0xfffffffffff93ff4
3420500: system.cpu: T0 : 0x107be    : lw a4, -36(s0)             : MemRead :  D=0x00000000000bfda3 A=0x7ffffffffffffdbc
3421000: system.cpu: T0 : 0x107c2    : c_addw a5, a4              : IntAlu :  D=0x0000000000053d97
3421500: system.cpu: T0 : 0x107c4    : c_addiw a5, 0              : IntAlu :  D=0x0000000000053d97
3422500: system.cpu: T0 : 0x107c6    : sraiw a5, a5, 11           : IntAlu :  D=0x00000000000000a7
3423500: system.cpu: T0 : 0x107ca    : addiw a4, a5, 0            : IntAlu :  D=0x00000000000000a7
3424500: system.cpu: T0 : 0x107ce    : ld a5, -24(s0)             : MemRead :  D=0x000000000006f030 A=0x7ffffffffffffdc8
3425000: system.cpu: T0 : 0x107d2    : c_addi a5, 14              : IntAlu :  D=0x000000000006f03e
3425500: system.cpu: T0 : 0x107d4    : slliw a4, a4, 16           : IntAlu :  D=0x0000000000a70000
3426000: system.cpu: T0 : 0x107d8    : sraiw a4, a4, 16           : IntAlu :  D=0x00000000000000a7
3426500: system.cpu: T0 : 0x107dc    : sh a4, 0(a5)               : MemWrite :  D=0x00000000000000a7 A=0x6f03e
3427000: system.cpu: T0 : 0x107e0    : lw a4, -76(s0)             : MemRead :  D=0x0000000000102b0d A=0x7ffffffffffffd94
3427500: system.cpu: T0 : 0x107e4    : lw a5, -40(s0)             : MemRead :  D=0xffffffffffd7f489 A=0x7ffffffffffffdb8
3428000: system.cpu: T0 : 0x107e8    : c_addw a5, a4              : IntAlu :  D=0xffffffffffe81f96
3428500: system.cpu: T0 : 0x107ea    : c_addiw a5, 0              : IntAlu :  D=0xffffffffffe81f96
3429000: system.cpu: T0 : 0x107ec    : lw a4, -32(s0)             : MemRead :  D=0x00000000001531c5 A=0x7ffffffffffffdc0
3429500: system.cpu: T0 : 0x107f0    : c_addw a5, a4              : IntAlu :  D=0xfffffffffffd515b
3430000: system.cpu: T0 : 0x107f2    : c_addiw a5, 0              : IntAlu :  D=0xfffffffffffd515b
3430500: system.cpu: T0 : 0x107f4    : sraiw a5, a5, 11           : IntAlu :  D=0xffffffffffffffaa
3431000: system.cpu: T0 : 0x107f8    : addiw a4, a5, 0            : IntAlu :  D=0xffffffffffffffaa
3431500: system.cpu: T0 : 0x107fc    : ld a5, -24(s0)             : MemRead :  D=0x000000000006f030 A=0x7ffffffffffffdc8
3432000: system.cpu: T0 : 0x10800    : c_addi a5, 10              : IntAlu :  D=0x000000000006f03a
3433000: system.cpu: T0 : 0x10802    : slliw a4, a4, 16           : IntAlu :  D=0xffffffffffaa0000
3434000: system.cpu: T0 : 0x10806    : sraiw a4, a4, 16           : IntAlu :  D=0xffffffffffffffaa
3435000: system.cpu: T0 : 0x1080a    : sh a4, 0(a5)               : MemWrite :  D=0x000000000000ffaa A=0x6f03a
3436000: system.cpu: T0 : 0x1080e    : lw a4, -84(s0)             : MemRead :  D=0x000000000017d058 A=0x7ffffffffffffd8c
3437000: system.cpu: T0 : 0x10812    : lw a5, -40(s0)             : MemRead :  D=0xffffffffffd7f489 A=0x7ffffffffffffdb8
3437500: system.cpu: T0 : 0x10816    : c_addw a5, a4              : IntAlu :  D=0xffffffffffefc4e1
3438000: system.cpu: T0 : 0x10818    : c_addiw a5, 0              : IntAlu :  D=0xffffffffffefc4e1
3439000: system.cpu: T0 : 0x1081a    : lw a4, -36(s0)             : MemRead :  D=0x00000000000bfda3 A=0x7ffffffffffffdbc
3439500: system.cpu: T0 : 0x1081e    : c_addw a5, a4              : IntAlu :  D=0xfffffffffffbc284
3440000: system.cpu: T0 : 0x10820    : c_addiw a5, 0              : IntAlu :  D=0xfffffffffffbc284
3441000: system.cpu: T0 : 0x10822    : sraiw a5, a5, 11           : IntAlu :  D=0xffffffffffffff78
3442000: system.cpu: T0 : 0x10826    : addiw a4, a5, 0            : IntAlu :  D=0xffffffffffffff78
3443000: system.cpu: T0 : 0x1082a    : ld a5, -24(s0)             : MemRead :  D=0x000000000006f030 A=0x7ffffffffffffdc8
3443500: system.cpu: T0 : 0x1082e    : c_addi a5, 6               : IntAlu :  D=0x000000000006f036
3444000: system.cpu: T0 : 0x10830    : slliw a4, a4, 16           : IntAlu :  D=0xffffffffff780000
3444500: system.cpu: T0 : 0x10834    : sraiw a4, a4, 16           : IntAlu :  D=0xffffffffffffff78
3445000: system.cpu: T0 : 0x10838    : sh a4, 0(a5)               : MemWrite :  D=0x000000000000ff78 A=0x6f036
3445500: system.cpu: T0 : 0x1083c    : lw a4, -92(s0)             : MemRead :  D=0x00000000000b4294 A=0x7ffffffffffffd84
3446000: system.cpu: T0 : 0x10840    : lw a5, -44(s0)             : MemRead :  D=0xfffffffffff93ff4 A=0x7ffffffffffffdb4
3446500: system.cpu: T0 : 0x10844    : c_addw a5, a4              : IntAlu :  D=0x0000000000048288
3447000: system.cpu: T0 : 0x10846    : c_addiw a5, 0              : IntAlu :  D=0x0000000000048288
3447500: system.cpu: T0 : 0x10848    : lw a4, -32(s0)             : MemRead :  D=0x00000000001531c5 A=0x7ffffffffffffdc0
3448000: system.cpu: T0 : 0x1084c    : c_addw a5, a4              : IntAlu :  D=0x000000000019b44d
3448500: system.cpu: T0 : 0x1084e    : c_addiw a5, 0              : IntAlu :  D=0x000000000019b44d
3449000: system.cpu: T0 : 0x10850    : sraiw a5, a5, 11           : IntAlu :  D=0x0000000000000336
3449500: system.cpu: T0 : 0x10854    : addiw a4, a5, 0            : IntAlu :  D=0x0000000000000336
3450000: system.cpu: T0 : 0x10858    : ld a5, -24(s0)             : MemRead :  D=0x000000000006f030 A=0x7ffffffffffffdc8
3450500: system.cpu: T0 : 0x1085c    : c_addi a5, 2               : IntAlu :  D=0x000000000006f032
3451500: system.cpu: T0 : 0x1085e    : slliw a4, a4, 16           : IntAlu :  D=0x0000000003360000
3452500: system.cpu: T0 : 0x10862    : sraiw a4, a4, 16           : IntAlu :  D=0x0000000000000336
3453500: system.cpu: T0 : 0x10866    : sh a4, 0(a5)               : MemWrite :  D=0x0000000000000336 A=0x6f032
3454500: system.cpu: T0 : 0x1086a    : lw a5, -124(s0)            : MemRead :  D=0x0000000000000008 A=0x7ffffffffffffd64
3455000: system.cpu: T0 : 0x1086e    : c_slli a5, 1               : IntAlu :  D=0x0000000000000010
3455500: system.cpu: T0 : 0x10870    : ld a4, -24(s0)             : MemRead :  D=0x000000000006f030 A=0x7ffffffffffffdc8
3456000: system.cpu: T0 : 0x10874    : c_add a5, a4               : IntAlu :  D=0x000000000006f040
3457000: system.cpu: T0 : 0x10876    : sd a5, -24(s0)             : MemWrite :  D=0x000000000006f040 A=0x7ffffffffffffdc8
3458000: system.cpu: T0 : 0x1087a    : lw a5, -100(s0)            : MemRead :  D=0x0000000000000003 A=0x7ffffffffffffd7c
3458500: system.cpu: T0 : 0x1087e    : c_addiw a5, 1              : IntAlu :  D=0x0000000000000004
3459000: system.cpu: T0 : 0x10880    : sw a5, -100(s0)            : MemWrite :  D=0x0000000000000004 A=0x7ffffffffffffd7c
3459500: system.cpu: T0 : 0x10884    : lw a5, -100(s0)            : MemRead :  D=0x0000000000000004 A=0x7ffffffffffffd7c
3460000: system.cpu: T0 : 0x10888    : addiw a4, a5, 0            : IntAlu :  D=0x0000000000000004
3460500: system.cpu: T0 : 0x1088c    : c_li a5, 7                 : IntAlu :  D=0x0000000000000007
3461500: system.cpu: T0 : 0x1088e    : bge a5, a4, -1088          : IntAlu : 
3462500: system.cpu: T0 : 0x1044e    : ld a5, -24(s0)             : MemRead :  D=0x000000000006f040 A=0x7ffffffffffffdc8
3463500: system.cpu: T0 : 0x10452    : lh a5, 0(a5)               : MemRead :  D=0x0000000000000077 A=0x6f040
3464500: system.cpu: T0 : 0x10456    : addiw a4, a5, 0            : IntAlu :  D=0x0000000000000077
3465500: system.cpu: T0 : 0x1045a    : ld a5, -24(s0)             : MemRead :  D=0x000000000006f040 A=0x7ffffffffffffdc8
3466000: system.cpu: T0 : 0x1045e    : c_addi a5, 14              : IntAlu :  D=0x000000000006f04e
3466500: system.cpu: T0 : 0x10460    : lh a5, 0(a5)               : MemRead :  D=0x0000000000000037 A=0x6f04e
3467000: system.cpu: T0 : 0x10464    : c_addiw a5, 0              : IntAlu :  D=0x0000000000000037
3467500: system.cpu: T0 : 0x10466    : c_addw a5, a4              : IntAlu :  D=0x00000000000000ae
3468000: system.cpu: T0 : 0x10468    : sw a5, -96(s0)             : MemWrite :  D=0x00000000000000ae A=0x7ffffffffffffd80
3468500: system.cpu: T0 : 0x1046c    : ld a5, -24(s0)             : MemRead :  D=0x000000000006f040 A=0x7ffffffffffffdc8
3469000: system.cpu: T0 : 0x10470    : lh a5, 0(a5)               : MemRead :  D=0x0000000000000077 A=0x6f040
3469500: system.cpu: T0 : 0x10474    : addiw a4, a5, 0            : IntAlu :  D=0x0000000000000077
3470000: system.cpu: T0 : 0x10478    : ld a5, -24(s0)             : MemRead :  D=0x000000000006f040 A=0x7ffffffffffffdc8
3470500: system.cpu: T0 : 0x1047c    : c_addi a5, 14              : IntAlu :  D=0x000000000006f04e
3471500: system.cpu: T0 : 0x1047e    : lh a5, 0(a5)               : MemRead :  D=0x0000000000000037 A=0x6f04e
3472000: system.cpu: T0 : 0x10482    : c_addiw a5, 0              : IntAlu :  D=0x0000000000000037
3472500: system.cpu: T0 : 0x10484    : subw a5, a4, a5            : IntAlu :  D=0x0000000000000040
3473000: system.cpu: T0 : 0x10488    : sw a5, -92(s0)             : MemWrite :  D=0x0000000000000040 A=0x7ffffffffffffd84
3473500: system.cpu: T0 : 0x1048c    : ld a5, -24(s0)             : MemRead :  D=0x000000000006f040 A=0x7ffffffffffffdc8
3474000: system.cpu: T0 : 0x10490    : c_addi a5, 2               : IntAlu :  D=0x000000000006f042
3475000: system.cpu: T0 : 0x10492    : lh a5, 0(a5)               : MemRead :  D=0x0000000000000078 A=0x6f042
3476000: system.cpu: T0 : 0x10496    : addiw a4, a5, 0            : IntAlu :  D=0x0000000000000078
3477000: system.cpu: T0 : 0x1049a    : ld a5, -24(s0)             : MemRead :  D=0x000000000006f040 A=0x7ffffffffffffdc8
3477500: system.cpu: T0 : 0x1049e    : c_addi a5, 12              : IntAlu :  D=0x000000000006f04c
3478000: system.cpu: T0 : 0x104a0    : lh a5, 0(a5)               : MemRead :  D=0x0000000000000037 A=0x6f04c
3478500: system.cpu: T0 : 0x104a4    : c_addiw a5, 0              : IntAlu :  D=0x0000000000000037
3479000: system.cpu: T0 : 0x104a6    : c_addw a5, a4              : IntAlu :  D=0x00000000000000af
3479500: system.cpu: T0 : 0x104a8    : sw a5, -88(s0)             : MemWrite :  D=0x00000000000000af A=0x7ffffffffffffd88
3480000: system.cpu: T0 : 0x104ac    : ld a5, -24(s0)             : MemRead :  D=0x000000000006f040 A=0x7ffffffffffffdc8
3480500: system.cpu: T0 : 0x104b0    : c_addi a5, 2               : IntAlu :  D=0x000000000006f042
3481500: system.cpu: T0 : 0x104b2    : lh a5, 0(a5)               : MemRead :  D=0x0000000000000078 A=0x6f042
3482500: system.cpu: T0 : 0x104b6    : addiw a4, a5, 0            : IntAlu :  D=0x0000000000000078
3483500: system.cpu: T0 : 0x104ba    : ld a5, -24(s0)             : MemRead :  D=0x000000000006f040 A=0x7ffffffffffffdc8
3484000: system.cpu: T0 : 0x104be    : c_addi a5, 12              : IntAlu :  D=0x000000000006f04c
3484500: system.cpu: T0 : 0x104c0    : lh a5, 0(a5)               : MemRead :  D=0x0000000000000037 A=0x6f04c
3485000: system.cpu: T0 : 0x104c4    : c_addiw a5, 0              : IntAlu :  D=0x0000000000000037
3486000: system.cpu: T0 : 0x104c6    : subw a5, a4, a5            : IntAlu :  D=0x0000000000000041
3487000: system.cpu: T0 : 0x104ca    : sw a5, -84(s0)             : MemWrite :  D=0x0000000000000041 A=0x7ffffffffffffd8c
3488000: system.cpu: T0 : 0x104ce    : ld a5, -24(s0)             : MemRead :  D=0x000000000006f040 A=0x7ffffffffffffdc8
3488500: system.cpu: T0 : 0x104d2    : c_addi a5, 4               : IntAlu :  D=0x000000000006f044
3489000: system.cpu: T0 : 0x104d4    : lh a5, 0(a5)               : MemRead :  D=0x0000000000000079 A=0x6f044
3489500: system.cpu: T0 : 0x104d8    : addiw a4, a5, 0            : IntAlu :  D=0x0000000000000079
3490000: system.cpu: T0 : 0x104dc    : ld a5, -24(s0)             : MemRead :  D=0x000000000006f040 A=0x7ffffffffffffdc8
3490500: system.cpu: T0 : 0x104e0    : c_addi a5, 10              : IntAlu :  D=0x000000000006f04a
3491500: system.cpu: T0 : 0x104e2    : lh a5, 0(a5)               : MemRead :  D=0x0000000000000037 A=0x6f04a
3492000: system.cpu: T0 : 0x104e6    : c_addiw a5, 0              : IntAlu :  D=0x0000000000000037
3492500: system.cpu: T0 : 0x104e8    : c_addw a5, a4              : IntAlu :  D=0x00000000000000b0
3493500: system.cpu: T0 : 0x104ea    : sw a5, -80(s0)             : MemWrite :  D=0x00000000000000b0 A=0x7ffffffffffffd90
3494500: system.cpu: T0 : 0x104ee    : ld a5, -24(s0)             : MemRead :  D=0x000000000006f040 A=0x7ffffffffffffdc8
3495000: system.cpu: T0 : 0x104f2    : c_addi a5, 4               : IntAlu :  D=0x000000000006f044
3495500: system.cpu: T0 : 0x104f4    : lh a5, 0(a5)               : MemRead :  D=0x0000000000000079 A=0x6f044
3496000: system.cpu: T0 : 0x104f8    : addiw a4, a5, 0            : IntAlu :  D=0x0000000000000079
3496500: system.cpu: T0 : 0x104fc    : ld a5, -24(s0)             : MemRead :  D=0x000000000006f040 A=0x7ffffffffffffdc8
3497000: system.cpu: T0 : 0x10500    : c_addi a5, 10              : IntAlu :  D=0x000000000006f04a
3498000: system.cpu: T0 : 0x10502    : lh a5, 0(a5)               : MemRead :  D=0x0000000000000037 A=0x6f04a
3498500: system.cpu: T0 : 0x10506    : c_addiw a5, 0              : IntAlu :  D=0x0000000000000037
3499000: system.cpu: T0 : 0x10508    : subw a5, a4, a5            : IntAlu :  D=0x0000000000000042
3499500: system.cpu: T0 : 0x1050c    : sw a5, -76(s0)             : MemWrite :  D=0x0000000000000042 A=0x7ffffffffffffd94
3500000: system.cpu: T0 : 0x10510    : ld a5, -24(s0)             : MemRead :  D=0x000000000006f040 A=0x7ffffffffffffdc8
3500500: system.cpu: T0 : 0x10514    : c_addi a5, 6               : IntAlu :  D=0x000000000006f046
3501500: system.cpu: T0 : 0x10516    : lh a5, 0(a5)               : MemRead :  D=0x000000000000007a A=0x6f046
3502500: system.cpu: T0 : 0x1051a    : addiw a4, a5, 0            : IntAlu :  D=0x000000000000007a
3503500: system.cpu: T0 : 0x1051e    : ld a5, -24(s0)             : MemRead :  D=0x000000000006f040 A=0x7ffffffffffffdc8
3504000: system.cpu: T0 : 0x10522    : c_addi a5, 8               : IntAlu :  D=0x000000000006f048
3504500: system.cpu: T0 : 0x10524    : lh a5, 0(a5)               : MemRead :  D=0x000000000000007a A=0x6f048
3505000: system.cpu: T0 : 0x10528    : c_addiw a5, 0              : IntAlu :  D=0x000000000000007a
3505500: system.cpu: T0 : 0x1052a    : c_addw a5, a4              : IntAlu :  D=0x00000000000000f4
3506000: system.cpu: T0 : 0x1052c    : sw a5, -72(s0)             : MemWrite :  D=0x00000000000000f4 A=0x7ffffffffffffd98
3506500: system.cpu: T0 : 0x10530    : ld a5, -24(s0)             : MemRead :  D=0x000000000006f040 A=0x7ffffffffffffdc8
3507000: system.cpu: T0 : 0x10534    : c_addi a5, 6               : IntAlu :  D=0x000000000006f046
3508000: system.cpu: T0 : 0x10536    : lh a5, 0(a5)               : MemRead :  D=0x000000000000007a A=0x6f046
3509000: system.cpu: T0 : 0x1053a    : addiw a4, a5, 0            : IntAlu :  D=0x000000000000007a
3510000: system.cpu: T0 : 0x1053e    : ld a5, -24(s0)             : MemRead :  D=0x000000000006f040 A=0x7ffffffffffffdc8
3510500: system.cpu: T0 : 0x10542    : c_addi a5, 8               : IntAlu :  D=0x000000000006f048
3511000: system.cpu: T0 : 0x10544    : lh a5, 0(a5)               : MemRead :  D=0x000000000000007a A=0x6f048
3511500: system.cpu: T0 : 0x10548    : c_addiw a5, 0              : IntAlu :  D=0x000000000000007a
3512500: system.cpu: T0 : 0x1054a    : subw a5, a4, a5            : IntAlu :  D=0x0000000000000000
3513500: system.cpu: T0 : 0x1054e    : sw a5, -68(s0)             : MemWrite :  D=0x0000000000000000 A=0x7ffffffffffffd9c
3514500: system.cpu: T0 : 0x10552    : lw a4, -96(s0)             : MemRead :  D=0x00000000000000ae A=0x7ffffffffffffd80
3515500: system.cpu: T0 : 0x10556    : lw a5, -72(s0)             : MemRead :  D=0x00000000000000f4 A=0x7ffffffffffffd98
3516000: system.cpu: T0 : 0x1055a    : c_addw a5, a4              : IntAlu :  D=0x00000000000001a2
3516500: system.cpu: T0 : 0x1055c    : sw a5, -64(s0)             : MemWrite :  D=0x00000000000001a2 A=0x7ffffffffffffda0
3517000: system.cpu: T0 : 0x10560    : lw a4, -96(s0)             : MemRead :  D=0x00000000000000ae A=0x7ffffffffffffd80
3517500: system.cpu: T0 : 0x10564    : lw a5, -72(s0)             : MemRead :  D=0x00000000000000f4 A=0x7ffffffffffffd98
3518000: system.cpu: T0 : 0x10568    : subw a5, a4, a5            : IntAlu :  D=0xffffffffffffffba
3518500: system.cpu: T0 : 0x1056c    : sw a5, -60(s0)             : MemWrite :  D=0x00000000ffffffba A=0x7ffffffffffffda4
3519000: system.cpu: T0 : 0x10570    : lw a4, -88(s0)             : MemRead :  D=0x00000000000000af A=0x7ffffffffffffd88
3519500: system.cpu: T0 : 0x10574    : lw a5, -80(s0)             : MemRead :  D=0x00000000000000b0 A=0x7ffffffffffffd90
3520000: system.cpu: T0 : 0x10578    : c_addw a5, a4              : IntAlu :  D=0x000000000000015f
3521000: system.cpu: T0 : 0x1057a    : sw a5, -56(s0)             : MemWrite :  D=0x000000000000015f A=0x7ffffffffffffda8
3522000: system.cpu: T0 : 0x1057e    : lw a4, -88(s0)             : MemRead :  D=0x00000000000000af A=0x7ffffffffffffd88
3523000: system.cpu: T0 : 0x10582    : lw a5, -80(s0)             : MemRead :  D=0x00000000000000b0 A=0x7ffffffffffffd90
3524000: system.cpu: T0 : 0x10586    : subw a5, a4, a5            : IntAlu :  D=0xffffffffffffffff
3525000: system.cpu: T0 : 0x1058a    : sw a5, -52(s0)             : MemWrite :  D=0x00000000ffffffff A=0x7ffffffffffffdac
3526000: system.cpu: T0 : 0x1058e    : lw a4, -64(s0)             : MemRead :  D=0x00000000000001a2 A=0x7ffffffffffffda0
3527000: system.cpu: T0 : 0x10592    : lw a5, -56(s0)             : MemRead :  D=0x000000000000015f A=0x7ffffffffffffda8
3527500: system.cpu: T0 : 0x10596    : c_addw a5, a4              : IntAlu :  D=0x0000000000000301
3528000: system.cpu: T0 : 0x10598    : c_addiw a5, 0              : IntAlu :  D=0x0000000000000301
3529000: system.cpu: T0 : 0x1059a    : slliw a5, a5, 2            : IntAlu :  D=0x0000000000000c04
3529500: system.cpu: T0 : 0x1059e    : c_addiw a5, 0              : IntAlu :  D=0x0000000000000c04
3530000: system.cpu: T0 : 0x105a0    : slliw a4, a5, 16           : IntAlu :  D=0x000000000c040000
3530500: system.cpu: T0 : 0x105a4    : sraiw a4, a4, 16           : IntAlu :  D=0x0000000000000c04
3531000: system.cpu: T0 : 0x105a8    : ld a5, -24(s0)             : MemRead :  D=0x000000000006f040 A=0x7ffffffffffffdc8
3531500: system.cpu: T0 : 0x105ac    : sh a4, 0(a5)               : MemWrite :  D=0x0000000000000c04 A=0x6f040
3532000: system.cpu: T0 : 0x105b0    : lw a4, -64(s0)             : MemRead :  D=0x00000000000001a2 A=0x7ffffffffffffda0
3532500: system.cpu: T0 : 0x105b4    : lw a5, -56(s0)             : MemRead :  D=0x000000000000015f A=0x7ffffffffffffda8
3533000: system.cpu: T0 : 0x105b8    : subw a5, a4, a5            : IntAlu :  D=0x0000000000000043
3533500: system.cpu: T0 : 0x105bc    : c_addiw a5, 0              : IntAlu :  D=0x0000000000000043
3534500: system.cpu: T0 : 0x105be    : slliw a5, a5, 2            : IntAlu :  D=0x000000000000010c
3535500: system.cpu: T0 : 0x105c2    : addiw a4, a5, 0            : IntAlu :  D=0x000000000000010c
3536500: system.cpu: T0 : 0x105c6    : ld a5, -24(s0)             : MemRead :  D=0x000000000006f040 A=0x7ffffffffffffdc8
3537000: system.cpu: T0 : 0x105ca    : c_addi a5, 8               : IntAlu :  D=0x000000000006f048
3537500: system.cpu: T0 : 0x105cc    : slliw a4, a4, 16           : IntAlu :  D=0x00000000010c0000
3538000: system.cpu: T0 : 0x105d0    : sraiw a4, a4, 16           : IntAlu :  D=0x000000000000010c
3538500: system.cpu: T0 : 0x105d4    : sh a4, 0(a5)               : MemWrite :  D=0x000000000000010c A=0x6f048
3539000: system.cpu: T0 : 0x105d8    : c_lui a5, 1                : IntAlu :  D=0x0000000000001000
3540000: system.cpu: T0 : 0x105da    : addiw a5, a5, 337          : IntAlu :  D=0x0000000000001151
3541000: system.cpu: T0 : 0x105de    : sw a5, -48(s0)             : MemWrite :  D=0x0000000000001151 A=0x7ffffffffffffdb0
3542000: system.cpu: T0 : 0x105e2    : lw a4, -52(s0)             : MemRead :  D=0xffffffffffffffff A=0x7ffffffffffffdac
3543000: system.cpu: T0 : 0x105e6    : lw a5, -60(s0)             : MemRead :  D=0xffffffffffffffba A=0x7ffffffffffffda4
3543500: system.cpu: T0 : 0x105ea    : c_addw a5, a4              : IntAlu :  D=0xffffffffffffffb9
3544000: system.cpu: T0 : 0x105ec    : c_addiw a5, 0              : IntAlu :  D=0xffffffffffffffb9
3545000: system.cpu: T0 : 0x105ee    : lw a4, -48(s0)             : MemRead :  D=0x0000000000001151 A=0x7ffffffffffffdb0
3546000: system.cpu: T0 : 0x105f2    : mulw a5, a4, a5            : IntMult :  D=0xfffffffffffb3289
3547000: system.cpu: T0 : 0x105f6    : sw a5, -44(s0)             : MemWrite :  D=0x00000000fffb3289 A=0x7ffffffffffffdb4
3547500: system.cpu: T0 : 0x105fa    : c_lui a5, 2                : IntAlu :  D=0x0000000000002000
3548000: system.cpu: T0 : 0x105fc    : addiw a5, a5, -1922        : IntAlu :  D=0x000000000000187e
3548500: system.cpu: T0 : 0x10600    : sw a5, -48(s0)             : MemWrite :  D=0x000000000000187e A=0x7ffffffffffffdb0
3549000: system.cpu: T0 : 0x10604    : lw a4, -60(s0)             : MemRead :  D=0xffffffffffffffba A=0x7ffffffffffffda4
3549500: system.cpu: T0 : 0x10608    : lw a5, -48(s0)             : MemRead :  D=0x000000000000187e A=0x7ffffffffffffdb0
3550000: system.cpu: T0 : 0x1060c    : mulw a5, a4, a5            : IntMult :  D=0xfffffffffff94d8c
3550500: system.cpu: T0 : 0x10610    : c_addiw a5, 0              : IntAlu :  D=0xfffffffffff94d8c
3551500: system.cpu: T0 : 0x10612    : lw a4, -44(s0)             : MemRead :  D=0xfffffffffffb3289 A=0x7ffffffffffffdb4
3552000: system.cpu: T0 : 0x10616    : c_addw a5, a4              : IntAlu :  D=0xfffffffffff48015
3552500: system.cpu: T0 : 0x10618    : c_addiw a5, 0              : IntAlu :  D=0xfffffffffff48015
3553500: system.cpu: T0 : 0x1061a    : sraiw a5, a5, 11           : IntAlu :  D=0xfffffffffffffe90
3554500: system.cpu: T0 : 0x1061e    : addiw a4, a5, 0            : IntAlu :  D=0xfffffffffffffe90
3555500: system.cpu: T0 : 0x10622    : ld a5, -24(s0)             : MemRead :  D=0x000000000006f040 A=0x7ffffffffffffdc8
3556000: system.cpu: T0 : 0x10626    : c_addi a5, 4               : IntAlu :  D=0x000000000006f044
3556500: system.cpu: T0 : 0x10628    : slliw a4, a4, 16           : IntAlu :  D=0xfffffffffe900000
3557000: system.cpu: T0 : 0x1062c    : sraiw a4, a4, 16           : IntAlu :  D=0xfffffffffffffe90
3557500: system.cpu: T0 : 0x10630    : sh a4, 0(a5)               : MemWrite :  D=0x000000000000fe90 A=0x6f044
3558000: system.cpu: T0 : 0x10634    : c_lui a5, 1048572          : IntAlu :  D=0xffffffffffffc000
3559000: system.cpu: T0 : 0x10636    : addiw a5, a5, 1247         : IntAlu :  D=0xffffffffffffc4df
3560000: system.cpu: T0 : 0x1063a    : sw a5, -48(s0)             : MemWrite :  D=0x00000000ffffc4df A=0x7ffffffffffffdb0
3561000: system.cpu: T0 : 0x1063e    : lw a4, -52(s0)             : MemRead :  D=0xffffffffffffffff A=0x7ffffffffffffdac
3562000: system.cpu: T0 : 0x10642    : lw a5, -48(s0)             : MemRead :  D=0xffffffffffffc4df A=0x7ffffffffffffdb0
3563000: system.cpu: T0 : 0x10646    : mulw a5, a4, a5            : IntMult :  D=0x0000000000003b21
3563500: system.cpu: T0 : 0x1064a    : c_addiw a5, 0              : IntAlu :  D=0x0000000000003b21
3564000: system.cpu: T0 : 0x1064c    : lw a4, -44(s0)             : MemRead :  D=0xfffffffffffb3289 A=0x7ffffffffffffdb4
3564500: system.cpu: T0 : 0x10650    : c_addw a5, a4              : IntAlu :  D=0xfffffffffffb6daa
3565000: system.cpu: T0 : 0x10652    : c_addiw a5, 0              : IntAlu :  D=0xfffffffffffb6daa
3565500: system.cpu: T0 : 0x10654    : sraiw a5, a5, 11           : IntAlu :  D=0xffffffffffffff6d
3566000: system.cpu: T0 : 0x10658    : addiw a4, a5, 0            : IntAlu :  D=0xffffffffffffff6d
3566500: system.cpu: T0 : 0x1065c    : ld a5, -24(s0)             : MemRead :  D=0x000000000006f040 A=0x7ffffffffffffdc8
3567000: system.cpu: T0 : 0x10660    : c_addi a5, 12              : IntAlu :  D=0x000000000006f04c
3568000: system.cpu: T0 : 0x10662    : slliw a4, a4, 16           : IntAlu :  D=0xffffffffff6d0000
3569000: system.cpu: T0 : 0x10666    : sraiw a4, a4, 16           : IntAlu :  D=0xffffffffffffff6d
3570000: system.cpu: T0 : 0x1066a    : sh a4, 0(a5)               : MemWrite :  D=0x000000000000ff6d A=0x6f04c
3571000: system.cpu: T0 : 0x1066e    : lw a4, -68(s0)             : MemRead :  D=0x0000000000000000 A=0x7ffffffffffffd9c
3572000: system.cpu: T0 : 0x10672    : lw a5, -92(s0)             : MemRead :  D=0x0000000000000040 A=0x7ffffffffffffd84
3572500: system.cpu: T0 : 0x10676    : c_addw a5, a4              : IntAlu :  D=0x0000000000000040
3573000: system.cpu: T0 : 0x10678    : sw a5, -44(s0)             : MemWrite :  D=0x0000000000000040 A=0x7ffffffffffffdb4
3573500: system.cpu: T0 : 0x1067c    : lw a4, -76(s0)             : MemRead :  D=0x0000000000000042 A=0x7ffffffffffffd94
3574000: system.cpu: T0 : 0x10680    : lw a5, -84(s0)             : MemRead :  D=0x0000000000000041 A=0x7ffffffffffffd8c
3574500: system.cpu: T0 : 0x10684    : c_addw a5, a4              : IntAlu :  D=0x0000000000000083
3575500: system.cpu: T0 : 0x10686    : sw a5, -40(s0)             : MemWrite :  D=0x0000000000000083 A=0x7ffffffffffffdb8
3576500: system.cpu: T0 : 0x1068a    : lw a4, -68(s0)             : MemRead :  D=0x0000000000000000 A=0x7ffffffffffffd9c
3577500: system.cpu: T0 : 0x1068e    : lw a5, -84(s0)             : MemRead :  D=0x0000000000000041 A=0x7ffffffffffffd8c
3578000: system.cpu: T0 : 0x10692    : c_addw a5, a4              : IntAlu :  D=0x0000000000000041
3578500: system.cpu: T0 : 0x10694    : sw a5, -36(s0)             : MemWrite :  D=0x0000000000000041 A=0x7ffffffffffffdbc
3579000: system.cpu: T0 : 0x10698    : lw a4, -76(s0)             : MemRead :  D=0x0000000000000042 A=0x7ffffffffffffd94
3579500: system.cpu: T0 : 0x1069c    : lw a5, -92(s0)             : MemRead :  D=0x0000000000000040 A=0x7ffffffffffffd84
3580000: system.cpu: T0 : 0x106a0    : c_addw a5, a4              : IntAlu :  D=0x0000000000000082
3581000: system.cpu: T0 : 0x106a2    : sw a5, -32(s0)             : MemWrite :  D=0x0000000000000082 A=0x7ffffffffffffdc0
3581500: system.cpu: T0 : 0x106a6    : c_lui a5, 2                : IntAlu :  D=0x0000000000002000
3582000: system.cpu: T0 : 0x106a8    : addiw a5, a5, 1441         : IntAlu :  D=0x00000000000025a1
3582500: system.cpu: T0 : 0x106ac    : sw a5, -48(s0)             : MemWrite :  D=0x00000000000025a1 A=0x7ffffffffffffdb0
3583000: system.cpu: T0 : 0x106b0    : lw a4, -36(s0)             : MemRead :  D=0x0000000000000041 A=0x7ffffffffffffdbc
3583500: system.cpu: T0 : 0x106b4    : lw a5, -32(s0)             : MemRead :  D=0x0000000000000082 A=0x7ffffffffffffdc0
3584000: system.cpu: T0 : 0x106b8    : c_addw a5, a4              : IntAlu :  D=0x00000000000000c3
3584500: system.cpu: T0 : 0x106ba    : c_addiw a5, 0              : IntAlu :  D=0x00000000000000c3
3585000: system.cpu: T0 : 0x106bc    : lw a4, -48(s0)             : MemRead :  D=0x00000000000025a1 A=0x7ffffffffffffdb0
3585500: system.cpu: T0 : 0x106c0    : mulw a5, a4, a5            : IntMult :  D=0x00000000001ca9a3
3586000: system.cpu: T0 : 0x106c4    : sw a5, -28(s0)             : MemWrite :  D=0x00000000001ca9a3 A=0x7ffffffffffffdc4
3586500: system.cpu: T0 : 0x106c8    : c_lui a5, 1                : IntAlu :  D=0x0000000000001000
3587500: system.cpu: T0 : 0x106ca    : addiw a5, a5, -1650        : IntAlu :  D=0x000000000000098e
3588500: system.cpu: T0 : 0x106ce    : sw a5, -48(s0)             : MemWrite :  D=0x000000000000098e A=0x7ffffffffffffdb0
3589500: system.cpu: T0 : 0x106d2    : lw a4, -68(s0)             : MemRead :  D=0x0000000000000000 A=0x7ffffffffffffd9c
3590500: system.cpu: T0 : 0x106d6    : lw a5, -48(s0)             : MemRead :  D=0x000000000000098e A=0x7ffffffffffffdb0
3591500: system.cpu: T0 : 0x106da    : mulw a5, a4, a5            : IntMult :  D=0x0000000000000000
3592500: system.cpu: T0 : 0x106de    : sw a5, -68(s0)             : MemWrite :  D=0x0000000000000000 A=0x7ffffffffffffd9c
3593000: system.cpu: T0 : 0x106e2    : c_lui a5, 4                : IntAlu :  D=0x0000000000004000
3593500: system.cpu: T0 : 0x106e4    : addiw a5, a5, 435          : IntAlu :  D=0x00000000000041b3
3594000: system.cpu: T0 : 0x106e8    : sw a5, -48(s0)             : MemWrite :  D=0x00000000000041b3 A=0x7ffffffffffffdb0
3594500: system.cpu: T0 : 0x106ec    : lw a4, -76(s0)             : MemRead :  D=0x0000000000000042 A=0x7ffffffffffffd94
3595000: system.cpu: T0 : 0x106f0    : lw a5, -48(s0)             : MemRead :  D=0x00000000000041b3 A=0x7ffffffffffffdb0
3595500: system.cpu: T0 : 0x106f4    : mulw a5, a4, a5            : IntMult :  D=0x000000000010f026
3596000: system.cpu: T0 : 0x106f8    : sw a5, -76(s0)             : MemWrite :  D=0x000000000010f026 A=0x7ffffffffffffd94
3596500: system.cpu: T0 : 0x106fc    : c_lui a5, 6                : IntAlu :  D=0x0000000000006000
3597500: system.cpu: T0 : 0x106fe    : addiw a5, a5, 596          : IntAlu :  D=0x0000000000006254
3598500: system.cpu: T0 : 0x10702    : sw a5, -48(s0)             : MemWrite :  D=0x0000000000006254 A=0x7ffffffffffffdb0
3599500: system.cpu: T0 : 0x10706    : lw a4, -84(s0)             : MemRead :  D=0x0000000000000041 A=0x7ffffffffffffd8c
3600500: system.cpu: T0 : 0x1070a    : lw a5, -48(s0)             : MemRead :  D=0x0000000000006254 A=0x7ffffffffffffdb0
3601500: system.cpu: T0 : 0x1070e    : mulw a5, a4, a5            : IntMult :  D=0x000000000018f754
3602500: system.cpu: T0 : 0x10712    : sw a5, -84(s0)             : MemWrite :  D=0x000000000018f754 A=0x7ffffffffffffd8c
3603000: system.cpu: T0 : 0x10716    : c_lui a5, 3                : IntAlu :  D=0x0000000000003000
3603500: system.cpu: T0 : 0x10718    : c_addiw a5, 11             : IntAlu :  D=0x000000000000300b
3604500: system.cpu: T0 : 0x1071a    : sw a5, -48(s0)             : MemWrite :  D=0x000000000000300b A=0x7ffffffffffffdb0
3605500: system.cpu: T0 : 0x1071e    : lw a4, -92(s0)             : MemRead :  D=0x0000000000000040 A=0x7ffffffffffffd84
3606500: system.cpu: T0 : 0x10722    : lw a5, -48(s0)             : MemRead :  D=0x000000000000300b A=0x7ffffffffffffdb0
3607500: system.cpu: T0 : 0x10726    : mulw a5, a4, a5            : IntMult :  D=0x00000000000c02c0
3608500: system.cpu: T0 : 0x1072a    : sw a5, -92(s0)             : MemWrite :  D=0x00000000000c02c0 A=0x7ffffffffffffd84
3609000: system.cpu: T0 : 0x1072e    : c_lui a5, 1048574          : IntAlu :  D=0xffffffffffffe000
3609500: system.cpu: T0 : 0x10730    : addiw a5, a5, 819          : IntAlu :  D=0xffffffffffffe333
3610000: system.cpu: T0 : 0x10734    : sw a5, -48(s0)             : MemWrite :  D=0x00000000ffffe333 A=0x7ffffffffffffdb0
3610500: system.cpu: T0 : 0x10738    : lw a4, -44(s0)             : MemRead :  D=0x0000000000000040 A=0x7ffffffffffffdb4
3611000: system.cpu: T0 : 0x1073c    : lw a5, -48(s0)             : MemRead :  D=0xffffffffffffe333 A=0x7ffffffffffffdb0
3611500: system.cpu: T0 : 0x10740    : mulw a5, a4, a5            : IntMult :  D=0xfffffffffff8ccc0
3612000: system.cpu: T0 : 0x10744    : sw a5, -44(s0)             : MemWrite :  D=0x00000000fff8ccc0 A=0x7ffffffffffffdb4
3612500: system.cpu: T0 : 0x10748    : c_lui a5, 1048571          : IntAlu :  D=0xffffffffffffb000
3613500: system.cpu: T0 : 0x1074a    : addiw a5, a5, -515         : IntAlu :  D=0xffffffffffffadfd
3614500: system.cpu: T0 : 0x1074e    : sw a5, -48(s0)             : MemWrite :  D=0x00000000ffffadfd A=0x7ffffffffffffdb0
3615500: system.cpu: T0 : 0x10752    : lw a4, -40(s0)             : MemRead :  D=0x0000000000000083 A=0x7ffffffffffffdb8
3616500: system.cpu: T0 : 0x10756    : lw a5, -48(s0)             : MemRead :  D=0xffffffffffffadfd A=0x7ffffffffffffdb0
3617500: system.cpu: T0 : 0x1075a    : mulw a5, a4, a5            : IntMult :  D=0xffffffffffd60877
3618500: system.cpu: T0 : 0x1075e    : sw a5, -40(s0)             : MemWrite :  D=0x00000000ffd60877 A=0x7ffffffffffffdb8
3619000: system.cpu: T0 : 0x10762    : c_lui a5, 1048572          : IntAlu :  D=0xffffffffffffc000
3619500: system.cpu: T0 : 0x10764    : addiw a5, a5, 315          : IntAlu :  D=0xffffffffffffc13b
3620000: system.cpu: T0 : 0x10768    : sw a5, -48(s0)             : MemWrite :  D=0x00000000ffffc13b A=0x7ffffffffffffdb0
3620500: system.cpu: T0 : 0x1076c    : lw a4, -36(s0)             : MemRead :  D=0x0000000000000041 A=0x7ffffffffffffdbc
3621000: system.cpu: T0 : 0x10770    : lw a5, -48(s0)             : MemRead :  D=0xffffffffffffc13b A=0x7ffffffffffffdb0
3621500: system.cpu: T0 : 0x10774    : mulw a5, a4, a5            : IntMult :  D=0xfffffffffff00ffb
3622000: system.cpu: T0 : 0x10778    : sw a5, -36(s0)             : MemWrite :  D=0x00000000fff00ffb A=0x7ffffffffffffdbc
3622500: system.cpu: T0 : 0x1077c    : c_lui a5, 1048575          : IntAlu :  D=0xfffffffffffff000
3623500: system.cpu: T0 : 0x1077e    : addiw a5, a5, 900          : IntAlu :  D=0xfffffffffffff384
3624500: system.cpu: T0 : 0x10782    : sw a5, -48(s0)             : MemWrite :  D=0x00000000fffff384 A=0x7ffffffffffffdb0
3625500: system.cpu: T0 : 0x10786    : lw a4, -32(s0)             : MemRead :  D=0x0000000000000082 A=0x7ffffffffffffdc0
3626500: system.cpu: T0 : 0x1078a    : lw a5, -48(s0)             : MemRead :  D=0xfffffffffffff384 A=0x7ffffffffffffdb0
3627500: system.cpu: T0 : 0x1078e    : mulw a5, a4, a5            : IntMult :  D=0xfffffffffff9a908
3628500: system.cpu: T0 : 0x10792    : sw a5, -32(s0)             : MemWrite :  D=0x00000000fff9a908 A=0x7ffffffffffffdc0
3629500: system.cpu: T0 : 0x10796    : lw a4, -36(s0)             : MemRead :  D=0xfffffffffff00ffb A=0x7ffffffffffffdbc
3630500: system.cpu: T0 : 0x1079a    : lw a5, -28(s0)             : MemRead :  D=0x00000000001ca9a3 A=0x7ffffffffffffdc4
3631000: system.cpu: T0 : 0x1079e    : c_addw a5, a4              : IntAlu :  D=0x00000000000cb99e
3631500: system.cpu: T0 : 0x107a0    : sw a5, -36(s0)             : MemWrite :  D=0x00000000000cb99e A=0x7ffffffffffffdbc
3632000: system.cpu: T0 : 0x107a4    : lw a4, -32(s0)             : MemRead :  D=0xfffffffffff9a908 A=0x7ffffffffffffdc0
3632500: system.cpu: T0 : 0x107a8    : lw a5, -28(s0)             : MemRead :  D=0x00000000001ca9a3 A=0x7ffffffffffffdc4
3633000: system.cpu: T0 : 0x107ac    : c_addw a5, a4              : IntAlu :  D=0x00000000001652ab
3634000: system.cpu: T0 : 0x107ae    : sw a5, -32(s0)             : MemWrite :  D=0x00000000001652ab A=0x7ffffffffffffdc0
3635000: system.cpu: T0 : 0x107b2    : lw a4, -68(s0)             : MemRead :  D=0x0000000000000000 A=0x7ffffffffffffd9c
3636000: system.cpu: T0 : 0x107b6    : lw a5, -44(s0)             : MemRead :  D=0xfffffffffff8ccc0 A=0x7ffffffffffffdb4
3636500: system.cpu: T0 : 0x107ba    : c_addw a5, a4              : IntAlu :  D=0xfffffffffff8ccc0
3637000: system.cpu: T0 : 0x107bc    : c_addiw a5, 0              : IntAlu :  D=0xfffffffffff8ccc0
3638000: system.cpu: T0 : 0x107be    : lw a4, -36(s0)             : MemRead :  D=0x00000000000cb99e A=0x7ffffffffffffdbc
3638500: system.cpu: T0 : 0x107c2    : c_addw a5, a4              : IntAlu :  D=0x000000000005865e
3639000: system.cpu: T0 : 0x107c4    : c_addiw a5, 0              : IntAlu :  D=0x000000000005865e
3640000: system.cpu: T0 : 0x107c6    : sraiw a5, a5, 11           : IntAlu :  D=0x00000000000000b0
3641000: system.cpu: T0 : 0x107ca    : addiw a4, a5, 0            : IntAlu :  D=0x00000000000000b0
3642000: system.cpu: T0 : 0x107ce    : ld a5, -24(s0)             : MemRead :  D=0x000000000006f040 A=0x7ffffffffffffdc8
3642500: system.cpu: T0 : 0x107d2    : c_addi a5, 14              : IntAlu :  D=0x000000000006f04e
3643000: system.cpu: T0 : 0x107d4    : slliw a4, a4, 16           : IntAlu :  D=0x0000000000b00000
3643500: system.cpu: T0 : 0x107d8    : sraiw a4, a4, 16           : IntAlu :  D=0x00000000000000b0
3644000: system.cpu: T0 : 0x107dc    : sh a4, 0(a5)               : MemWrite :  D=0x00000000000000b0 A=0x6f04e
3644500: system.cpu: T0 : 0x107e0    : lw a4, -76(s0)             : MemRead :  D=0x000000000010f026 A=0x7ffffffffffffd94
3645000: system.cpu: T0 : 0x107e4    : lw a5, -40(s0)             : MemRead :  D=0xffffffffffd60877 A=0x7ffffffffffffdb8
3645500: system.cpu: T0 : 0x107e8    : c_addw a5, a4              : IntAlu :  D=0xffffffffffe6f89d
3646000: system.cpu: T0 : 0x107ea    : c_addiw a5, 0              : IntAlu :  D=0xffffffffffe6f89d
3646500: system.cpu: T0 : 0x107ec    : lw a4, -32(s0)             : MemRead :  D=0x00000000001652ab A=0x7ffffffffffffdc0
3647000: system.cpu: T0 : 0x107f0    : c_addw a5, a4              : IntAlu :  D=0xfffffffffffd4b48
3647500: system.cpu: T0 : 0x107f2    : c_addiw a5, 0              : IntAlu :  D=0xfffffffffffd4b48
3648000: system.cpu: T0 : 0x107f4    : sraiw a5, a5, 11           : IntAlu :  D=0xffffffffffffffa9
3648500: system.cpu: T0 : 0x107f8    : addiw a4, a5, 0            : IntAlu :  D=0xffffffffffffffa9
3649000: system.cpu: T0 : 0x107fc    : ld a5, -24(s0)             : MemRead :  D=0x000000000006f040 A=0x7ffffffffffffdc8
3649500: system.cpu: T0 : 0x10800    : c_addi a5, 10              : IntAlu :  D=0x000000000006f04a
3650500: system.cpu: T0 : 0x10802    : slliw a4, a4, 16           : IntAlu :  D=0xffffffffffa90000
3651500: system.cpu: T0 : 0x10806    : sraiw a4, a4, 16           : IntAlu :  D=0xffffffffffffffa9
3652500: system.cpu: T0 : 0x1080a    : sh a4, 0(a5)               : MemWrite :  D=0x000000000000ffa9 A=0x6f04a
3653500: system.cpu: T0 : 0x1080e    : lw a4, -84(s0)             : MemRead :  D=0x000000000018f754 A=0x7ffffffffffffd8c
3654500: system.cpu: T0 : 0x10812    : lw a5, -40(s0)             : MemRead :  D=0xffffffffffd60877 A=0x7ffffffffffffdb8
3655000: system.cpu: T0 : 0x10816    : c_addw a5, a4              : IntAlu :  D=0xffffffffffeeffcb
3655500: system.cpu: T0 : 0x10818    : c_addiw a5, 0              : IntAlu :  D=0xffffffffffeeffcb
3656500: system.cpu: T0 : 0x1081a    : lw a4, -36(s0)             : MemRead :  D=0x00000000000cb99e A=0x7ffffffffffffdbc
3657000: system.cpu: T0 : 0x1081e    : c_addw a5, a4              : IntAlu :  D=0xfffffffffffbb969
3657500: system.cpu: T0 : 0x10820    : c_addiw a5, 0              : IntAlu :  D=0xfffffffffffbb969
3658500: system.cpu: T0 : 0x10822    : sraiw a5, a5, 11           : IntAlu :  D=0xffffffffffffff77
3659500: system.cpu: T0 : 0x10826    : addiw a4, a5, 0            : IntAlu :  D=0xffffffffffffff77
3660500: system.cpu: T0 : 0x1082a    : ld a5, -24(s0)             : MemRead :  D=0x000000000006f040 A=0x7ffffffffffffdc8
3661000: system.cpu: T0 : 0x1082e    : c_addi a5, 6               : IntAlu :  D=0x000000000006f046
3661500: system.cpu: T0 : 0x10830    : slliw a4, a4, 16           : IntAlu :  D=0xffffffffff770000
3662000: system.cpu: T0 : 0x10834    : sraiw a4, a4, 16           : IntAlu :  D=0xffffffffffffff77
3662500: system.cpu: T0 : 0x10838    : sh a4, 0(a5)               : MemWrite :  D=0x000000000000ff77 A=0x6f046
3663000: system.cpu: T0 : 0x1083c    : lw a4, -92(s0)             : MemRead :  D=0x00000000000c02c0 A=0x7ffffffffffffd84
3663500: system.cpu: T0 : 0x10840    : lw a5, -44(s0)             : MemRead :  D=0xfffffffffff8ccc0 A=0x7ffffffffffffdb4
3664000: system.cpu: T0 : 0x10844    : c_addw a5, a4              : IntAlu :  D=0x000000000004cf80
3664500: system.cpu: T0 : 0x10846    : c_addiw a5, 0              : IntAlu :  D=0x000000000004cf80
3665000: system.cpu: T0 : 0x10848    : lw a4, -32(s0)             : MemRead :  D=0x00000000001652ab A=0x7ffffffffffffdc0
3665500: system.cpu: T0 : 0x1084c    : c_addw a5, a4              : IntAlu :  D=0x00000000001b222b
3666000: system.cpu: T0 : 0x1084e    : c_addiw a5, 0              : IntAlu :  D=0x00000000001b222b
3666500: system.cpu: T0 : 0x10850    : sraiw a5, a5, 11           : IntAlu :  D=0x0000000000000364
3667000: system.cpu: T0 : 0x10854    : addiw a4, a5, 0            : IntAlu :  D=0x0000000000000364
3667500: system.cpu: T0 : 0x10858    : ld a5, -24(s0)             : MemRead :  D=0x000000000006f040 A=0x7ffffffffffffdc8
3668000: system.cpu: T0 : 0x1085c    : c_addi a5, 2               : IntAlu :  D=0x000000000006f042
3669000: system.cpu: T0 : 0x1085e    : slliw a4, a4, 16           : IntAlu :  D=0x0000000003640000
3670000: system.cpu: T0 : 0x10862    : sraiw a4, a4, 16           : IntAlu :  D=0x0000000000000364
3671000: system.cpu: T0 : 0x10866    : sh a4, 0(a5)               : MemWrite :  D=0x0000000000000364 A=0x6f042
3672000: system.cpu: T0 : 0x1086a    : lw a5, -124(s0)            : MemRead :  D=0x0000000000000008 A=0x7ffffffffffffd64
3672500: system.cpu: T0 : 0x1086e    : c_slli a5, 1               : IntAlu :  D=0x0000000000000010
3673000: system.cpu: T0 : 0x10870    : ld a4, -24(s0)             : MemRead :  D=0x000000000006f040 A=0x7ffffffffffffdc8
3673500: system.cpu: T0 : 0x10874    : c_add a5, a4               : IntAlu :  D=0x000000000006f050
3674500: system.cpu: T0 : 0x10876    : sd a5, -24(s0)             : MemWrite :  D=0x000000000006f050 A=0x7ffffffffffffdc8
3675500: system.cpu: T0 : 0x1087a    : lw a5, -100(s0)            : MemRead :  D=0x0000000000000004 A=0x7ffffffffffffd7c
3676000: system.cpu: T0 : 0x1087e    : c_addiw a5, 1              : IntAlu :  D=0x0000000000000005
3676500: system.cpu: T0 : 0x10880    : sw a5, -100(s0)            : MemWrite :  D=0x0000000000000005 A=0x7ffffffffffffd7c
3677000: system.cpu: T0 : 0x10884    : lw a5, -100(s0)            : MemRead :  D=0x0000000000000005 A=0x7ffffffffffffd7c
3677500: system.cpu: T0 : 0x10888    : addiw a4, a5, 0            : IntAlu :  D=0x0000000000000005
3678000: system.cpu: T0 : 0x1088c    : c_li a5, 7                 : IntAlu :  D=0x0000000000000007
3679000: system.cpu: T0 : 0x1088e    : bge a5, a4, -1088          : IntAlu : 
3680000: system.cpu: T0 : 0x1044e    : ld a5, -24(s0)             : MemRead :  D=0x000000000006f050 A=0x7ffffffffffffdc8
3681000: system.cpu: T0 : 0x10452    : lh a5, 0(a5)               : MemRead :  D=0x0000000000000079 A=0x6f050
3682000: system.cpu: T0 : 0x10456    : addiw a4, a5, 0            : IntAlu :  D=0x0000000000000079
3683000: system.cpu: T0 : 0x1045a    : ld a5, -24(s0)             : MemRead :  D=0x000000000006f050 A=0x7ffffffffffffdc8
3683500: system.cpu: T0 : 0x1045e    : c_addi a5, 14              : IntAlu :  D=0x000000000006f05e
3684000: system.cpu: T0 : 0x10460    : lh a5, 0(a5)               : MemRead :  D=0x0000000000000039 A=0x6f05e
3684500: system.cpu: T0 : 0x10464    : c_addiw a5, 0              : IntAlu :  D=0x0000000000000039
3685000: system.cpu: T0 : 0x10466    : c_addw a5, a4              : IntAlu :  D=0x00000000000000b2
3685500: system.cpu: T0 : 0x10468    : sw a5, -96(s0)             : MemWrite :  D=0x00000000000000b2 A=0x7ffffffffffffd80
3686000: system.cpu: T0 : 0x1046c    : ld a5, -24(s0)             : MemRead :  D=0x000000000006f050 A=0x7ffffffffffffdc8
3686500: system.cpu: T0 : 0x10470    : lh a5, 0(a5)               : MemRead :  D=0x0000000000000079 A=0x6f050
3687000: system.cpu: T0 : 0x10474    : addiw a4, a5, 0            : IntAlu :  D=0x0000000000000079
3687500: system.cpu: T0 : 0x10478    : ld a5, -24(s0)             : MemRead :  D=0x000000000006f050 A=0x7ffffffffffffdc8
3688000: system.cpu: T0 : 0x1047c    : c_addi a5, 14              : IntAlu :  D=0x000000000006f05e
3689000: system.cpu: T0 : 0x1047e    : lh a5, 0(a5)               : MemRead :  D=0x0000000000000039 A=0x6f05e
3689500: system.cpu: T0 : 0x10482    : c_addiw a5, 0              : IntAlu :  D=0x0000000000000039
3690000: system.cpu: T0 : 0x10484    : subw a5, a4, a5            : IntAlu :  D=0x0000000000000040
3690500: system.cpu: T0 : 0x10488    : sw a5, -92(s0)             : MemWrite :  D=0x0000000000000040 A=0x7ffffffffffffd84
3691000: system.cpu: T0 : 0x1048c    : ld a5, -24(s0)             : MemRead :  D=0x000000000006f050 A=0x7ffffffffffffdc8
3691500: system.cpu: T0 : 0x10490    : c_addi a5, 2               : IntAlu :  D=0x000000000006f052
3692500: system.cpu: T0 : 0x10492    : lh a5, 0(a5)               : MemRead :  D=0x0000000000000079 A=0x6f052
3693500: system.cpu: T0 : 0x10496    : addiw a4, a5, 0            : IntAlu :  D=0x0000000000000079
3694500: system.cpu: T0 : 0x1049a    : ld a5, -24(s0)             : MemRead :  D=0x000000000006f050 A=0x7ffffffffffffdc8
3695000: system.cpu: T0 : 0x1049e    : c_addi a5, 12              : IntAlu :  D=0x000000000006f05c
3695500: system.cpu: T0 : 0x104a0    : lh a5, 0(a5)               : MemRead :  D=0x0000000000000039 A=0x6f05c
3696000: system.cpu: T0 : 0x104a4    : c_addiw a5, 0              : IntAlu :  D=0x0000000000000039
3696500: system.cpu: T0 : 0x104a6    : c_addw a5, a4              : IntAlu :  D=0x00000000000000b2
3697000: system.cpu: T0 : 0x104a8    : sw a5, -88(s0)             : MemWrite :  D=0x00000000000000b2 A=0x7ffffffffffffd88
3697500: system.cpu: T0 : 0x104ac    : ld a5, -24(s0)             : MemRead :  D=0x000000000006f050 A=0x7ffffffffffffdc8
3698000: system.cpu: T0 : 0x104b0    : c_addi a5, 2               : IntAlu :  D=0x000000000006f052
3699000: system.cpu: T0 : 0x104b2    : lh a5, 0(a5)               : MemRead :  D=0x0000000000000079 A=0x6f052
3700000: system.cpu: T0 : 0x104b6    : addiw a4, a5, 0            : IntAlu :  D=0x0000000000000079
3701000: system.cpu: T0 : 0x104ba    : ld a5, -24(s0)             : MemRead :  D=0x000000000006f050 A=0x7ffffffffffffdc8
3701500: system.cpu: T0 : 0x104be    : c_addi a5, 12              : IntAlu :  D=0x000000000006f05c
3702000: system.cpu: T0 : 0x104c0    : lh a5, 0(a5)               : MemRead :  D=0x0000000000000039 A=0x6f05c
3702500: system.cpu: T0 : 0x104c4    : c_addiw a5, 0              : IntAlu :  D=0x0000000000000039
3703500: system.cpu: T0 : 0x104c6    : subw a5, a4, a5            : IntAlu :  D=0x0000000000000040
3704500: system.cpu: T0 : 0x104ca    : sw a5, -84(s0)             : MemWrite :  D=0x0000000000000040 A=0x7ffffffffffffd8c
3705500: system.cpu: T0 : 0x104ce    : ld a5, -24(s0)             : MemRead :  D=0x000000000006f050 A=0x7ffffffffffffdc8
3706000: system.cpu: T0 : 0x104d2    : c_addi a5, 4               : IntAlu :  D=0x000000000006f054
3706500: system.cpu: T0 : 0x104d4    : lh a5, 0(a5)               : MemRead :  D=0x0000000000000079 A=0x6f054
3707000: system.cpu: T0 : 0x104d8    : addiw a4, a5, 0            : IntAlu :  D=0x0000000000000079
3707500: system.cpu: T0 : 0x104dc    : ld a5, -24(s0)             : MemRead :  D=0x000000000006f050 A=0x7ffffffffffffdc8
3708000: system.cpu: T0 : 0x104e0    : c_addi a5, 10              : IntAlu :  D=0x000000000006f05a
3709000: system.cpu: T0 : 0x104e2    : lh a5, 0(a5)               : MemRead :  D=0x0000000000000039 A=0x6f05a
3709500: system.cpu: T0 : 0x104e6    : c_addiw a5, 0              : IntAlu :  D=0x0000000000000039
3710000: system.cpu: T0 : 0x104e8    : c_addw a5, a4              : IntAlu :  D=0x00000000000000b2
3711000: system.cpu: T0 : 0x104ea    : sw a5, -80(s0)             : MemWrite :  D=0x00000000000000b2 A=0x7ffffffffffffd90
3712000: system.cpu: T0 : 0x104ee    : ld a5, -24(s0)             : MemRead :  D=0x000000000006f050 A=0x7ffffffffffffdc8
3712500: system.cpu: T0 : 0x104f2    : c_addi a5, 4               : IntAlu :  D=0x000000000006f054
3713000: system.cpu: T0 : 0x104f4    : lh a5, 0(a5)               : MemRead :  D=0x0000000000000079 A=0x6f054
3713500: system.cpu: T0 : 0x104f8    : addiw a4, a5, 0            : IntAlu :  D=0x0000000000000079
3714000: system.cpu: T0 : 0x104fc    : ld a5, -24(s0)             : MemRead :  D=0x000000000006f050 A=0x7ffffffffffffdc8
3714500: system.cpu: T0 : 0x10500    : c_addi a5, 10              : IntAlu :  D=0x000000000006f05a
3715500: system.cpu: T0 : 0x10502    : lh a5, 0(a5)               : MemRead :  D=0x0000000000000039 A=0x6f05a
3716000: system.cpu: T0 : 0x10506    : c_addiw a5, 0              : IntAlu :  D=0x0000000000000039
3716500: system.cpu: T0 : 0x10508    : subw a5, a4, a5            : IntAlu :  D=0x0000000000000040
3717000: system.cpu: T0 : 0x1050c    : sw a5, -76(s0)             : MemWrite :  D=0x0000000000000040 A=0x7ffffffffffffd94
3717500: system.cpu: T0 : 0x10510    : ld a5, -24(s0)             : MemRead :  D=0x000000000006f050 A=0x7ffffffffffffdc8
3718000: system.cpu: T0 : 0x10514    : c_addi a5, 6               : IntAlu :  D=0x000000000006f056
3719000: system.cpu: T0 : 0x10516    : lh a5, 0(a5)               : MemRead :  D=0x0000000000000079 A=0x6f056
3720000: system.cpu: T0 : 0x1051a    : addiw a4, a5, 0            : IntAlu :  D=0x0000000000000079
3721000: system.cpu: T0 : 0x1051e    : ld a5, -24(s0)             : MemRead :  D=0x000000000006f050 A=0x7ffffffffffffdc8
3721500: system.cpu: T0 : 0x10522    : c_addi a5, 8               : IntAlu :  D=0x000000000006f058
3722000: system.cpu: T0 : 0x10524    : lh a5, 0(a5)               : MemRead :  D=0x000000000000003c A=0x6f058
3722500: system.cpu: T0 : 0x10528    : c_addiw a5, 0              : IntAlu :  D=0x000000000000003c
3723000: system.cpu: T0 : 0x1052a    : c_addw a5, a4              : IntAlu :  D=0x00000000000000b5
3723500: system.cpu: T0 : 0x1052c    : sw a5, -72(s0)             : MemWrite :  D=0x00000000000000b5 A=0x7ffffffffffffd98
3724000: system.cpu: T0 : 0x10530    : ld a5, -24(s0)             : MemRead :  D=0x000000000006f050 A=0x7ffffffffffffdc8
3724500: system.cpu: T0 : 0x10534    : c_addi a5, 6               : IntAlu :  D=0x000000000006f056
3725500: system.cpu: T0 : 0x10536    : lh a5, 0(a5)               : MemRead :  D=0x0000000000000079 A=0x6f056
3726500: system.cpu: T0 : 0x1053a    : addiw a4, a5, 0            : IntAlu :  D=0x0000000000000079
3727500: system.cpu: T0 : 0x1053e    : ld a5, -24(s0)             : MemRead :  D=0x000000000006f050 A=0x7ffffffffffffdc8
3728000: system.cpu: T0 : 0x10542    : c_addi a5, 8               : IntAlu :  D=0x000000000006f058
3728500: system.cpu: T0 : 0x10544    : lh a5, 0(a5)               : MemRead :  D=0x000000000000003c A=0x6f058
3729000: system.cpu: T0 : 0x10548    : c_addiw a5, 0              : IntAlu :  D=0x000000000000003c
3730000: system.cpu: T0 : 0x1054a    : subw a5, a4, a5            : IntAlu :  D=0x000000000000003d
3731000: system.cpu: T0 : 0x1054e    : sw a5, -68(s0)             : MemWrite :  D=0x000000000000003d A=0x7ffffffffffffd9c
3732000: system.cpu: T0 : 0x10552    : lw a4, -96(s0)             : MemRead :  D=0x00000000000000b2 A=0x7ffffffffffffd80
3733000: system.cpu: T0 : 0x10556    : lw a5, -72(s0)             : MemRead :  D=0x00000000000000b5 A=0x7ffffffffffffd98
3733500: system.cpu: T0 : 0x1055a    : c_addw a5, a4              : IntAlu :  D=0x0000000000000167
3734000: system.cpu: T0 : 0x1055c    : sw a5, -64(s0)             : MemWrite :  D=0x0000000000000167 A=0x7ffffffffffffda0
3734500: system.cpu: T0 : 0x10560    : lw a4, -96(s0)             : MemRead :  D=0x00000000000000b2 A=0x7ffffffffffffd80
3735000: system.cpu: T0 : 0x10564    : lw a5, -72(s0)             : MemRead :  D=0x00000000000000b5 A=0x7ffffffffffffd98
3735500: system.cpu: T0 : 0x10568    : subw a5, a4, a5            : IntAlu :  D=0xfffffffffffffffd
3736000: system.cpu: T0 : 0x1056c    : sw a5, -60(s0)             : MemWrite :  D=0x00000000fffffffd A=0x7ffffffffffffda4
3736500: system.cpu: T0 : 0x10570    : lw a4, -88(s0)             : MemRead :  D=0x00000000000000b2 A=0x7ffffffffffffd88
3737000: system.cpu: T0 : 0x10574    : lw a5, -80(s0)             : MemRead :  D=0x00000000000000b2 A=0x7ffffffffffffd90
3737500: system.cpu: T0 : 0x10578    : c_addw a5, a4              : IntAlu :  D=0x0000000000000164
3738500: system.cpu: T0 : 0x1057a    : sw a5, -56(s0)             : MemWrite :  D=0x0000000000000164 A=0x7ffffffffffffda8
3739500: system.cpu: T0 : 0x1057e    : lw a4, -88(s0)             : MemRead :  D=0x00000000000000b2 A=0x7ffffffffffffd88
3740500: system.cpu: T0 : 0x10582    : lw a5, -80(s0)             : MemRead :  D=0x00000000000000b2 A=0x7ffffffffffffd90
3741500: system.cpu: T0 : 0x10586    : subw a5, a4, a5            : IntAlu :  D=0x0000000000000000
3742500: system.cpu: T0 : 0x1058a    : sw a5, -52(s0)             : MemWrite :  D=0x0000000000000000 A=0x7ffffffffffffdac
3743500: system.cpu: T0 : 0x1058e    : lw a4, -64(s0)             : MemRead :  D=0x0000000000000167 A=0x7ffffffffffffda0
3744500: system.cpu: T0 : 0x10592    : lw a5, -56(s0)             : MemRead :  D=0x0000000000000164 A=0x7ffffffffffffda8
3745000: system.cpu: T0 : 0x10596    : c_addw a5, a4              : IntAlu :  D=0x00000000000002cb
3745500: system.cpu: T0 : 0x10598    : c_addiw a5, 0              : IntAlu :  D=0x00000000000002cb
3746500: system.cpu: T0 : 0x1059a    : slliw a5, a5, 2            : IntAlu :  D=0x0000000000000b2c
3747000: system.cpu: T0 : 0x1059e    : c_addiw a5, 0              : IntAlu :  D=0x0000000000000b2c
3747500: system.cpu: T0 : 0x105a0    : slliw a4, a5, 16           : IntAlu :  D=0x000000000b2c0000
3748000: system.cpu: T0 : 0x105a4    : sraiw a4, a4, 16           : IntAlu :  D=0x0000000000000b2c
3748500: system.cpu: T0 : 0x105a8    : ld a5, -24(s0)             : MemRead :  D=0x000000000006f050 A=0x7ffffffffffffdc8
3749000: system.cpu: T0 : 0x105ac    : sh a4, 0(a5)               : MemWrite :  D=0x0000000000000b2c A=0x6f050
3749500: system.cpu: T0 : 0x105b0    : lw a4, -64(s0)             : MemRead :  D=0x0000000000000167 A=0x7ffffffffffffda0
3750000: system.cpu: T0 : 0x105b4    : lw a5, -56(s0)             : MemRead :  D=0x0000000000000164 A=0x7ffffffffffffda8
3750500: system.cpu: T0 : 0x105b8    : subw a5, a4, a5            : IntAlu :  D=0x0000000000000003
3751000: system.cpu: T0 : 0x105bc    : c_addiw a5, 0              : IntAlu :  D=0x0000000000000003
3752000: system.cpu: T0 : 0x105be    : slliw a5, a5, 2            : IntAlu :  D=0x000000000000000c
3753000: system.cpu: T0 : 0x105c2    : addiw a4, a5, 0            : IntAlu :  D=0x000000000000000c
3754000: system.cpu: T0 : 0x105c6    : ld a5, -24(s0)             : MemRead :  D=0x000000000006f050 A=0x7ffffffffffffdc8
3754500: system.cpu: T0 : 0x105ca    : c_addi a5, 8               : IntAlu :  D=0x000000000006f058
3755000: system.cpu: T0 : 0x105cc    : slliw a4, a4, 16           : IntAlu :  D=0x00000000000c0000
3755500: system.cpu: T0 : 0x105d0    : sraiw a4, a4, 16           : IntAlu :  D=0x000000000000000c
3756000: system.cpu: T0 : 0x105d4    : sh a4, 0(a5)               : MemWrite :  D=0x000000000000000c A=0x6f058
3756500: system.cpu: T0 : 0x105d8    : c_lui a5, 1                : IntAlu :  D=0x0000000000001000
3757500: system.cpu: T0 : 0x105da    : addiw a5, a5, 337          : IntAlu :  D=0x0000000000001151
3758500: system.cpu: T0 : 0x105de    : sw a5, -48(s0)             : MemWrite :  D=0x0000000000001151 A=0x7ffffffffffffdb0
3759500: system.cpu: T0 : 0x105e2    : lw a4, -52(s0)             : MemRead :  D=0x0000000000000000 A=0x7ffffffffffffdac
3760500: system.cpu: T0 : 0x105e6    : lw a5, -60(s0)             : MemRead :  D=0xfffffffffffffffd A=0x7ffffffffffffda4
3761000: system.cpu: T0 : 0x105ea    : c_addw a5, a4              : IntAlu :  D=0xfffffffffffffffd
3761500: system.cpu: T0 : 0x105ec    : c_addiw a5, 0              : IntAlu :  D=0xfffffffffffffffd
3762500: system.cpu: T0 : 0x105ee    : lw a4, -48(s0)             : MemRead :  D=0x0000000000001151 A=0x7ffffffffffffdb0
3763500: system.cpu: T0 : 0x105f2    : mulw a5, a4, a5            : IntMult :  D=0xffffffffffffcc0d
3764500: system.cpu: T0 : 0x105f6    : sw a5, -44(s0)             : MemWrite :  D=0x00000000ffffcc0d A=0x7ffffffffffffdb4
3765000: system.cpu: T0 : 0x105fa    : c_lui a5, 2                : IntAlu :  D=0x0000000000002000
3765500: system.cpu: T0 : 0x105fc    : addiw a5, a5, -1922        : IntAlu :  D=0x000000000000187e
3766000: system.cpu: T0 : 0x10600    : sw a5, -48(s0)             : MemWrite :  D=0x000000000000187e A=0x7ffffffffffffdb0
3766500: system.cpu: T0 : 0x10604    : lw a4, -60(s0)             : MemRead :  D=0xfffffffffffffffd A=0x7ffffffffffffda4
3767000: system.cpu: T0 : 0x10608    : lw a5, -48(s0)             : MemRead :  D=0x000000000000187e A=0x7ffffffffffffdb0
3767500: system.cpu: T0 : 0x1060c    : mulw a5, a4, a5            : IntMult :  D=0xffffffffffffb686
3768000: system.cpu: T0 : 0x10610    : c_addiw a5, 0              : IntAlu :  D=0xffffffffffffb686
3769000: system.cpu: T0 : 0x10612    : lw a4, -44(s0)             : MemRead :  D=0xffffffffffffcc0d A=0x7ffffffffffffdb4
3769500: system.cpu: T0 : 0x10616    : c_addw a5, a4              : IntAlu :  D=0xffffffffffff8293
3770000: system.cpu: T0 : 0x10618    : c_addiw a5, 0              : IntAlu :  D=0xffffffffffff8293
3771000: system.cpu: T0 : 0x1061a    : sraiw a5, a5, 11           : IntAlu :  D=0xfffffffffffffff0
3772000: system.cpu: T0 : 0x1061e    : addiw a4, a5, 0            : IntAlu :  D=0xfffffffffffffff0
3773000: system.cpu: T0 : 0x10622    : ld a5, -24(s0)             : MemRead :  D=0x000000000006f050 A=0x7ffffffffffffdc8
3773500: system.cpu: T0 : 0x10626    : c_addi a5, 4               : IntAlu :  D=0x000000000006f054
3774000: system.cpu: T0 : 0x10628    : slliw a4, a4, 16           : IntAlu :  D=0xfffffffffff00000
3774500: system.cpu: T0 : 0x1062c    : sraiw a4, a4, 16           : IntAlu :  D=0xfffffffffffffff0
3775000: system.cpu: T0 : 0x10630    : sh a4, 0(a5)               : MemWrite :  D=0x000000000000fff0 A=0x6f054
3775500: system.cpu: T0 : 0x10634    : c_lui a5, 1048572          : IntAlu :  D=0xffffffffffffc000
3776500: system.cpu: T0 : 0x10636    : addiw a5, a5, 1247         : IntAlu :  D=0xffffffffffffc4df
3777500: system.cpu: T0 : 0x1063a    : sw a5, -48(s0)             : MemWrite :  D=0x00000000ffffc4df A=0x7ffffffffffffdb0
3778500: system.cpu: T0 : 0x1063e    : lw a4, -52(s0)             : MemRead :  D=0x0000000000000000 A=0x7ffffffffffffdac
3779500: system.cpu: T0 : 0x10642    : lw a5, -48(s0)             : MemRead :  D=0xffffffffffffc4df A=0x7ffffffffffffdb0
3780500: system.cpu: T0 : 0x10646    : mulw a5, a4, a5            : IntMult :  D=0x0000000000000000
3781000: system.cpu: T0 : 0x1064a    : c_addiw a5, 0              : IntAlu :  D=0x0000000000000000
3781500: system.cpu: T0 : 0x1064c    : lw a4, -44(s0)             : MemRead :  D=0xffffffffffffcc0d A=0x7ffffffffffffdb4
3782000: system.cpu: T0 : 0x10650    : c_addw a5, a4              : IntAlu :  D=0xffffffffffffcc0d
3782500: system.cpu: T0 : 0x10652    : c_addiw a5, 0              : IntAlu :  D=0xffffffffffffcc0d
3783000: system.cpu: T0 : 0x10654    : sraiw a5, a5, 11           : IntAlu :  D=0xfffffffffffffff9
3783500: system.cpu: T0 : 0x10658    : addiw a4, a5, 0            : IntAlu :  D=0xfffffffffffffff9
3784000: system.cpu: T0 : 0x1065c    : ld a5, -24(s0)             : MemRead :  D=0x000000000006f050 A=0x7ffffffffffffdc8
3784500: system.cpu: T0 : 0x10660    : c_addi a5, 12              : IntAlu :  D=0x000000000006f05c
3785500: system.cpu: T0 : 0x10662    : slliw a4, a4, 16           : IntAlu :  D=0xfffffffffff90000
3786500: system.cpu: T0 : 0x10666    : sraiw a4, a4, 16           : IntAlu :  D=0xfffffffffffffff9
3787500: system.cpu: T0 : 0x1066a    : sh a4, 0(a5)               : MemWrite :  D=0x000000000000fff9 A=0x6f05c
3788500: system.cpu: T0 : 0x1066e    : lw a4, -68(s0)             : MemRead :  D=0x000000000000003d A=0x7ffffffffffffd9c
3789500: system.cpu: T0 : 0x10672    : lw a5, -92(s0)             : MemRead :  D=0x0000000000000040 A=0x7ffffffffffffd84
3790000: system.cpu: T0 : 0x10676    : c_addw a5, a4              : IntAlu :  D=0x000000000000007d
3790500: system.cpu: T0 : 0x10678    : sw a5, -44(s0)             : MemWrite :  D=0x000000000000007d A=0x7ffffffffffffdb4
3791000: system.cpu: T0 : 0x1067c    : lw a4, -76(s0)             : MemRead :  D=0x0000000000000040 A=0x7ffffffffffffd94
3791500: system.cpu: T0 : 0x10680    : lw a5, -84(s0)             : MemRead :  D=0x0000000000000040 A=0x7ffffffffffffd8c
3792000: system.cpu: T0 : 0x10684    : c_addw a5, a4              : IntAlu :  D=0x0000000000000080
3793000: system.cpu: T0 : 0x10686    : sw a5, -40(s0)             : MemWrite :  D=0x0000000000000080 A=0x7ffffffffffffdb8
3794000: system.cpu: T0 : 0x1068a    : lw a4, -68(s0)             : MemRead :  D=0x000000000000003d A=0x7ffffffffffffd9c
3795000: system.cpu: T0 : 0x1068e    : lw a5, -84(s0)             : MemRead :  D=0x0000000000000040 A=0x7ffffffffffffd8c
3795500: system.cpu: T0 : 0x10692    : c_addw a5, a4              : IntAlu :  D=0x000000000000007d
3796000: system.cpu: T0 : 0x10694    : sw a5, -36(s0)             : MemWrite :  D=0x000000000000007d A=0x7ffffffffffffdbc
3796500: system.cpu: T0 : 0x10698    : lw a4, -76(s0)             : MemRead :  D=0x0000000000000040 A=0x7ffffffffffffd94
3797000: system.cpu: T0 : 0x1069c    : lw a5, -92(s0)             : MemRead :  D=0x0000000000000040 A=0x7ffffffffffffd84
3797500: system.cpu: T0 : 0x106a0    : c_addw a5, a4              : IntAlu :  D=0x0000000000000080
3798500: system.cpu: T0 : 0x106a2    : sw a5, -32(s0)             : MemWrite :  D=0x0000000000000080 A=0x7ffffffffffffdc0
3799000: system.cpu: T0 : 0x106a6    : c_lui a5, 2                : IntAlu :  D=0x0000000000002000
3799500: system.cpu: T0 : 0x106a8    : addiw a5, a5, 1441         : IntAlu :  D=0x00000000000025a1
3800000: system.cpu: T0 : 0x106ac    : sw a5, -48(s0)             : MemWrite :  D=0x00000000000025a1 A=0x7ffffffffffffdb0
3800500: system.cpu: T0 : 0x106b0    : lw a4, -36(s0)             : MemRead :  D=0x000000000000007d A=0x7ffffffffffffdbc
3801000: system.cpu: T0 : 0x106b4    : lw a5, -32(s0)             : MemRead :  D=0x0000000000000080 A=0x7ffffffffffffdc0
3801500: system.cpu: T0 : 0x106b8    : c_addw a5, a4              : IntAlu :  D=0x00000000000000fd
3802000: system.cpu: T0 : 0x106ba    : c_addiw a5, 0              : IntAlu :  D=0x00000000000000fd
3802500: system.cpu: T0 : 0x106bc    : lw a4, -48(s0)             : MemRead :  D=0x00000000000025a1 A=0x7ffffffffffffdb0
3803000: system.cpu: T0 : 0x106c0    : mulw a5, a4, a5            : IntMult :  D=0x000000000025301d
3803500: system.cpu: T0 : 0x106c4    : sw a5, -28(s0)             : MemWrite :  D=0x000000000025301d A=0x7ffffffffffffdc4
3804000: system.cpu: T0 : 0x106c8    : c_lui a5, 1                : IntAlu :  D=0x0000000000001000
3805000: system.cpu: T0 : 0x106ca    : addiw a5, a5, -1650        : IntAlu :  D=0x000000000000098e
3806000: system.cpu: T0 : 0x106ce    : sw a5, -48(s0)             : MemWrite :  D=0x000000000000098e A=0x7ffffffffffffdb0
3807000: system.cpu: T0 : 0x106d2    : lw a4, -68(s0)             : MemRead :  D=0x000000000000003d A=0x7ffffffffffffd9c
3808000: system.cpu: T0 : 0x106d6    : lw a5, -48(s0)             : MemRead :  D=0x000000000000098e A=0x7ffffffffffffdb0
3809000: system.cpu: T0 : 0x106da    : mulw a5, a4, a5            : IntMult :  D=0x00000000000246d6
3810000: system.cpu: T0 : 0x106de    : sw a5, -68(s0)             : MemWrite :  D=0x00000000000246d6 A=0x7ffffffffffffd9c
3810500: system.cpu: T0 : 0x106e2    : c_lui a5, 4                : IntAlu :  D=0x0000000000004000
3811000: system.cpu: T0 : 0x106e4    : addiw a5, a5, 435          : IntAlu :  D=0x00000000000041b3
3811500: system.cpu: T0 : 0x106e8    : sw a5, -48(s0)             : MemWrite :  D=0x00000000000041b3 A=0x7ffffffffffffdb0
3812000: system.cpu: T0 : 0x106ec    : lw a4, -76(s0)             : MemRead :  D=0x0000000000000040 A=0x7ffffffffffffd94
3812500: system.cpu: T0 : 0x106f0    : lw a5, -48(s0)             : MemRead :  D=0x00000000000041b3 A=0x7ffffffffffffdb0
3813000: system.cpu: T0 : 0x106f4    : mulw a5, a4, a5            : IntMult :  D=0x0000000000106cc0
3813500: system.cpu: T0 : 0x106f8    : sw a5, -76(s0)             : MemWrite :  D=0x0000000000106cc0 A=0x7ffffffffffffd94
3814000: system.cpu: T0 : 0x106fc    : c_lui a5, 6                : IntAlu :  D=0x0000000000006000
3815000: system.cpu: T0 : 0x106fe    : addiw a5, a5, 596          : IntAlu :  D=0x0000000000006254
3816000: system.cpu: T0 : 0x10702    : sw a5, -48(s0)             : MemWrite :  D=0x0000000000006254 A=0x7ffffffffffffdb0
3817000: system.cpu: T0 : 0x10706    : lw a4, -84(s0)             : MemRead :  D=0x0000000000000040 A=0x7ffffffffffffd8c
3818000: system.cpu: T0 : 0x1070a    : lw a5, -48(s0)             : MemRead :  D=0x0000000000006254 A=0x7ffffffffffffdb0
3819000: system.cpu: T0 : 0x1070e    : mulw a5, a4, a5            : IntMult :  D=0x0000000000189500
3820000: system.cpu: T0 : 0x10712    : sw a5, -84(s0)             : MemWrite :  D=0x0000000000189500 A=0x7ffffffffffffd8c
3820500: system.cpu: T0 : 0x10716    : c_lui a5, 3                : IntAlu :  D=0x0000000000003000
3821000: system.cpu: T0 : 0x10718    : c_addiw a5, 11             : IntAlu :  D=0x000000000000300b
3822000: system.cpu: T0 : 0x1071a    : sw a5, -48(s0)             : MemWrite :  D=0x000000000000300b A=0x7ffffffffffffdb0
3823000: system.cpu: T0 : 0x1071e    : lw a4, -92(s0)             : MemRead :  D=0x0000000000000040 A=0x7ffffffffffffd84
3824000: system.cpu: T0 : 0x10722    : lw a5, -48(s0)             : MemRead :  D=0x000000000000300b A=0x7ffffffffffffdb0
3825000: system.cpu: T0 : 0x10726    : mulw a5, a4, a5            : IntMult :  D=0x00000000000c02c0
3826000: system.cpu: T0 : 0x1072a    : sw a5, -92(s0)             : MemWrite :  D=0x00000000000c02c0 A=0x7ffffffffffffd84
3826500: system.cpu: T0 : 0x1072e    : c_lui a5, 1048574          : IntAlu :  D=0xffffffffffffe000
3827000: system.cpu: T0 : 0x10730    : addiw a5, a5, 819          : IntAlu :  D=0xffffffffffffe333
3827500: system.cpu: T0 : 0x10734    : sw a5, -48(s0)             : MemWrite :  D=0x00000000ffffe333 A=0x7ffffffffffffdb0
3828000: system.cpu: T0 : 0x10738    : lw a4, -44(s0)             : MemRead :  D=0x000000000000007d A=0x7ffffffffffffdb4
3828500: system.cpu: T0 : 0x1073c    : lw a5, -48(s0)             : MemRead :  D=0xffffffffffffe333 A=0x7ffffffffffffdb0
3829000: system.cpu: T0 : 0x10740    : mulw a5, a4, a5            : IntMult :  D=0xfffffffffff1efe7
3829500: system.cpu: T0 : 0x10744    : sw a5, -44(s0)             : MemWrite :  D=0x00000000fff1efe7 A=0x7ffffffffffffdb4
3830000: system.cpu: T0 : 0x10748    : c_lui a5, 1048571          : IntAlu :  D=0xffffffffffffb000
3831000: system.cpu: T0 : 0x1074a    : addiw a5, a5, -515         : IntAlu :  D=0xffffffffffffadfd
3832000: system.cpu: T0 : 0x1074e    : sw a5, -48(s0)             : MemWrite :  D=0x00000000ffffadfd A=0x7ffffffffffffdb0
3833000: system.cpu: T0 : 0x10752    : lw a4, -40(s0)             : MemRead :  D=0x0000000000000080 A=0x7ffffffffffffdb8
3834000: system.cpu: T0 : 0x10756    : lw a5, -48(s0)             : MemRead :  D=0xffffffffffffadfd A=0x7ffffffffffffdb0
3835000: system.cpu: T0 : 0x1075a    : mulw a5, a4, a5            : IntMult :  D=0xffffffffffd6fe80
3836000: system.cpu: T0 : 0x1075e    : sw a5, -40(s0)             : MemWrite :  D=0x00000000ffd6fe80 A=0x7ffffffffffffdb8
3836500: system.cpu: T0 : 0x10762    : c_lui a5, 1048572          : IntAlu :  D=0xffffffffffffc000
3837000: system.cpu: T0 : 0x10764    : addiw a5, a5, 315          : IntAlu :  D=0xffffffffffffc13b
3837500: system.cpu: T0 : 0x10768    : sw a5, -48(s0)             : MemWrite :  D=0x00000000ffffc13b A=0x7ffffffffffffdb0
3838000: system.cpu: T0 : 0x1076c    : lw a4, -36(s0)             : MemRead :  D=0x000000000000007d A=0x7ffffffffffffdbc
3838500: system.cpu: T0 : 0x10770    : lw a5, -48(s0)             : MemRead :  D=0xffffffffffffc13b A=0x7ffffffffffffdb0
3839000: system.cpu: T0 : 0x10774    : mulw a5, a4, a5            : IntMult :  D=0xffffffffffe159cf
3839500: system.cpu: T0 : 0x10778    : sw a5, -36(s0)             : MemWrite :  D=0x00000000ffe159cf A=0x7ffffffffffffdbc
3840000: system.cpu: T0 : 0x1077c    : c_lui a5, 1048575          : IntAlu :  D=0xfffffffffffff000
3841000: system.cpu: T0 : 0x1077e    : addiw a5, a5, 900          : IntAlu :  D=0xfffffffffffff384
3842000: system.cpu: T0 : 0x10782    : sw a5, -48(s0)             : MemWrite :  D=0x00000000fffff384 A=0x7ffffffffffffdb0
3843000: system.cpu: T0 : 0x10786    : lw a4, -32(s0)             : MemRead :  D=0x0000000000000080 A=0x7ffffffffffffdc0
3844000: system.cpu: T0 : 0x1078a    : lw a5, -48(s0)             : MemRead :  D=0xfffffffffffff384 A=0x7ffffffffffffdb0
3845000: system.cpu: T0 : 0x1078e    : mulw a5, a4, a5            : IntMult :  D=0xfffffffffff9c200
3846000: system.cpu: T0 : 0x10792    : sw a5, -32(s0)             : MemWrite :  D=0x00000000fff9c200 A=0x7ffffffffffffdc0
3847000: system.cpu: T0 : 0x10796    : lw a4, -36(s0)             : MemRead :  D=0xffffffffffe159cf A=0x7ffffffffffffdbc
3848000: system.cpu: T0 : 0x1079a    : lw a5, -28(s0)             : MemRead :  D=0x000000000025301d A=0x7ffffffffffffdc4
3848500: system.cpu: T0 : 0x1079e    : c_addw a5, a4              : IntAlu :  D=0x00000000000689ec
3849000: system.cpu: T0 : 0x107a0    : sw a5, -36(s0)             : MemWrite :  D=0x00000000000689ec A=0x7ffffffffffffdbc
3849500: system.cpu: T0 : 0x107a4    : lw a4, -32(s0)             : MemRead :  D=0xfffffffffff9c200 A=0x7ffffffffffffdc0
3850000: system.cpu: T0 : 0x107a8    : lw a5, -28(s0)             : MemRead :  D=0x000000000025301d A=0x7ffffffffffffdc4
3850500: system.cpu: T0 : 0x107ac    : c_addw a5, a4              : IntAlu :  D=0x00000000001ef21d
3851500: system.cpu: T0 : 0x107ae    : sw a5, -32(s0)             : MemWrite :  D=0x00000000001ef21d A=0x7ffffffffffffdc0
3852500: system.cpu: T0 : 0x107b2    : lw a4, -68(s0)             : MemRead :  D=0x00000000000246d6 A=0x7ffffffffffffd9c
3853500: system.cpu: T0 : 0x107b6    : lw a5, -44(s0)             : MemRead :  D=0xfffffffffff1efe7 A=0x7ffffffffffffdb4
3854000: system.cpu: T0 : 0x107ba    : c_addw a5, a4              : IntAlu :  D=0xfffffffffff436bd
3854500: system.cpu: T0 : 0x107bc    : c_addiw a5, 0              : IntAlu :  D=0xfffffffffff436bd
3855500: system.cpu: T0 : 0x107be    : lw a4, -36(s0)             : MemRead :  D=0x00000000000689ec A=0x7ffffffffffffdbc
3856000: system.cpu: T0 : 0x107c2    : c_addw a5, a4              : IntAlu :  D=0xfffffffffffac0a9
3856500: system.cpu: T0 : 0x107c4    : c_addiw a5, 0              : IntAlu :  D=0xfffffffffffac0a9
3857500: system.cpu: T0 : 0x107c6    : sraiw a5, a5, 11           : IntAlu :  D=0xffffffffffffff58
3858500: system.cpu: T0 : 0x107ca    : addiw a4, a5, 0            : IntAlu :  D=0xffffffffffffff58
3859500: system.cpu: T0 : 0x107ce    : ld a5, -24(s0)             : MemRead :  D=0x000000000006f050 A=0x7ffffffffffffdc8
3860000: system.cpu: T0 : 0x107d2    : c_addi a5, 14              : IntAlu :  D=0x000000000006f05e
3860500: system.cpu: T0 : 0x107d4    : slliw a4, a4, 16           : IntAlu :  D=0xffffffffff580000
3861000: system.cpu: T0 : 0x107d8    : sraiw a4, a4, 16           : IntAlu :  D=0xffffffffffffff58
3861500: system.cpu: T0 : 0x107dc    : sh a4, 0(a5)               : MemWrite :  D=0x000000000000ff58 A=0x6f05e
3862000: system.cpu: T0 : 0x107e0    : lw a4, -76(s0)             : MemRead :  D=0x0000000000106cc0 A=0x7ffffffffffffd94
3862500: system.cpu: T0 : 0x107e4    : lw a5, -40(s0)             : MemRead :  D=0xffffffffffd6fe80 A=0x7ffffffffffffdb8
3863000: system.cpu: T0 : 0x107e8    : c_addw a5, a4              : IntAlu :  D=0xffffffffffe76b40
3863500: system.cpu: T0 : 0x107ea    : c_addiw a5, 0              : IntAlu :  D=0xffffffffffe76b40
3864000: system.cpu: T0 : 0x107ec    : lw a4, -32(s0)             : MemRead :  D=0x00000000001ef21d A=0x7ffffffffffffdc0
3864500: system.cpu: T0 : 0x107f0    : c_addw a5, a4              : IntAlu :  D=0x0000000000065d5d
3865000: system.cpu: T0 : 0x107f2    : c_addiw a5, 0              : IntAlu :  D=0x0000000000065d5d
3865500: system.cpu: T0 : 0x107f4    : sraiw a5, a5, 11           : IntAlu :  D=0x00000000000000cb
3866000: system.cpu: T0 : 0x107f8    : addiw a4, a5, 0            : IntAlu :  D=0x00000000000000cb
3866500: system.cpu: T0 : 0x107fc    : ld a5, -24(s0)             : MemRead :  D=0x000000000006f050 A=0x7ffffffffffffdc8
3867000: system.cpu: T0 : 0x10800    : c_addi a5, 10              : IntAlu :  D=0x000000000006f05a
3868000: system.cpu: T0 : 0x10802    : slliw a4, a4, 16           : IntAlu :  D=0x0000000000cb0000
3869000: system.cpu: T0 : 0x10806    : sraiw a4, a4, 16           : IntAlu :  D=0x00000000000000cb
3870000: system.cpu: T0 : 0x1080a    : sh a4, 0(a5)               : MemWrite :  D=0x00000000000000cb A=0x6f05a
3871000: system.cpu: T0 : 0x1080e    : lw a4, -84(s0)             : MemRead :  D=0x0000000000189500 A=0x7ffffffffffffd8c
3872000: system.cpu: T0 : 0x10812    : lw a5, -40(s0)             : MemRead :  D=0xffffffffffd6fe80 A=0x7ffffffffffffdb8
3872500: system.cpu: T0 : 0x10816    : c_addw a5, a4              : IntAlu :  D=0xffffffffffef9380
3873000: system.cpu: T0 : 0x10818    : c_addiw a5, 0              : IntAlu :  D=0xffffffffffef9380
3874000: system.cpu: T0 : 0x1081a    : lw a4, -36(s0)             : MemRead :  D=0x00000000000689ec A=0x7ffffffffffffdbc
3874500: system.cpu: T0 : 0x1081e    : c_addw a5, a4              : IntAlu :  D=0xfffffffffff61d6c
3875000: system.cpu: T0 : 0x10820    : c_addiw a5, 0              : IntAlu :  D=0xfffffffffff61d6c
3876000: system.cpu: T0 : 0x10822    : sraiw a5, a5, 11           : IntAlu :  D=0xfffffffffffffec3
3877000: system.cpu: T0 : 0x10826    : addiw a4, a5, 0            : IntAlu :  D=0xfffffffffffffec3
3878000: system.cpu: T0 : 0x1082a    : ld a5, -24(s0)             : MemRead :  D=0x000000000006f050 A=0x7ffffffffffffdc8
3878500: system.cpu: T0 : 0x1082e    : c_addi a5, 6               : IntAlu :  D=0x000000000006f056
3879000: system.cpu: T0 : 0x10830    : slliw a4, a4, 16           : IntAlu :  D=0xfffffffffec30000
3879500: system.cpu: T0 : 0x10834    : sraiw a4, a4, 16           : IntAlu :  D=0xfffffffffffffec3
3880000: system.cpu: T0 : 0x10838    : sh a4, 0(a5)               : MemWrite :  D=0x000000000000fec3 A=0x6f056
3880500: system.cpu: T0 : 0x1083c    : lw a4, -92(s0)             : MemRead :  D=0x00000000000c02c0 A=0x7ffffffffffffd84
3881000: system.cpu: T0 : 0x10840    : lw a5, -44(s0)             : MemRead :  D=0xfffffffffff1efe7 A=0x7ffffffffffffdb4
3881500: system.cpu: T0 : 0x10844    : c_addw a5, a4              : IntAlu :  D=0xfffffffffffdf2a7
3882000: system.cpu: T0 : 0x10846    : c_addiw a5, 0              : IntAlu :  D=0xfffffffffffdf2a7
3882500: system.cpu: T0 : 0x10848    : lw a4, -32(s0)             : MemRead :  D=0x00000000001ef21d A=0x7ffffffffffffdc0
3883000: system.cpu: T0 : 0x1084c    : c_addw a5, a4              : IntAlu :  D=0x00000000001ce4c4
3883500: system.cpu: T0 : 0x1084e    : c_addiw a5, 0              : IntAlu :  D=0x00000000001ce4c4
3884000: system.cpu: T0 : 0x10850    : sraiw a5, a5, 11           : IntAlu :  D=0x000000000000039c
3884500: system.cpu: T0 : 0x10854    : addiw a4, a5, 0            : IntAlu :  D=0x000000000000039c
3885000: system.cpu: T0 : 0x10858    : ld a5, -24(s0)             : MemRead :  D=0x000000000006f050 A=0x7ffffffffffffdc8
3885500: system.cpu: T0 : 0x1085c    : c_addi a5, 2               : IntAlu :  D=0x000000000006f052
3886500: system.cpu: T0 : 0x1085e    : slliw a4, a4, 16           : IntAlu :  D=0x00000000039c0000
3887500: system.cpu: T0 : 0x10862    : sraiw a4, a4, 16           : IntAlu :  D=0x000000000000039c
3888500: system.cpu: T0 : 0x10866    : sh a4, 0(a5)               : MemWrite :  D=0x000000000000039c A=0x6f052
3889500: system.cpu: T0 : 0x1086a    : lw a5, -124(s0)            : MemRead :  D=0x0000000000000008 A=0x7ffffffffffffd64
3890000: system.cpu: T0 : 0x1086e    : c_slli a5, 1               : IntAlu :  D=0x0000000000000010
3890500: system.cpu: T0 : 0x10870    : ld a4, -24(s0)             : MemRead :  D=0x000000000006f050 A=0x7ffffffffffffdc8
3891000: system.cpu: T0 : 0x10874    : c_add a5, a4               : IntAlu :  D=0x000000000006f060
3892000: system.cpu: T0 : 0x10876    : sd a5, -24(s0)             : MemWrite :  D=0x000000000006f060 A=0x7ffffffffffffdc8
3893000: system.cpu: T0 : 0x1087a    : lw a5, -100(s0)            : MemRead :  D=0x0000000000000005 A=0x7ffffffffffffd7c
3893500: system.cpu: T0 : 0x1087e    : c_addiw a5, 1              : IntAlu :  D=0x0000000000000006
3894000: system.cpu: T0 : 0x10880    : sw a5, -100(s0)            : MemWrite :  D=0x0000000000000006 A=0x7ffffffffffffd7c
3894500: system.cpu: T0 : 0x10884    : lw a5, -100(s0)            : MemRead :  D=0x0000000000000006 A=0x7ffffffffffffd7c
3895000: system.cpu: T0 : 0x10888    : addiw a4, a5, 0            : IntAlu :  D=0x0000000000000006
3895500: system.cpu: T0 : 0x1088c    : c_li a5, 7                 : IntAlu :  D=0x0000000000000007
3896500: system.cpu: T0 : 0x1088e    : bge a5, a4, -1088          : IntAlu : 
3897500: system.cpu: T0 : 0x1044e    : ld a5, -24(s0)             : MemRead :  D=0x000000000006f060 A=0x7ffffffffffffdc8
3898500: system.cpu: T0 : 0x10452    : lh a5, 0(a5)               : MemRead :  D=0x000000000000007a A=0x6f060
3899500: system.cpu: T0 : 0x10456    : addiw a4, a5, 0            : IntAlu :  D=0x000000000000007a
3900500: system.cpu: T0 : 0x1045a    : ld a5, -24(s0)             : MemRead :  D=0x000000000006f060 A=0x7ffffffffffffdc8
3901000: system.cpu: T0 : 0x1045e    : c_addi a5, 14              : IntAlu :  D=0x000000000006f06e
3901500: system.cpu: T0 : 0x10460    : lh a5, 0(a5)               : MemRead :  D=0x0000000000000039 A=0x6f06e
3902000: system.cpu: T0 : 0x10464    : c_addiw a5, 0              : IntAlu :  D=0x0000000000000039
3902500: system.cpu: T0 : 0x10466    : c_addw a5, a4              : IntAlu :  D=0x00000000000000b3
3903000: system.cpu: T0 : 0x10468    : sw a5, -96(s0)             : MemWrite :  D=0x00000000000000b3 A=0x7ffffffffffffd80
3903500: system.cpu: T0 : 0x1046c    : ld a5, -24(s0)             : MemRead :  D=0x000000000006f060 A=0x7ffffffffffffdc8
3904000: system.cpu: T0 : 0x10470    : lh a5, 0(a5)               : MemRead :  D=0x000000000000007a A=0x6f060
3904500: system.cpu: T0 : 0x10474    : addiw a4, a5, 0            : IntAlu :  D=0x000000000000007a
3905000: system.cpu: T0 : 0x10478    : ld a5, -24(s0)             : MemRead :  D=0x000000000006f060 A=0x7ffffffffffffdc8
3905500: system.cpu: T0 : 0x1047c    : c_addi a5, 14              : IntAlu :  D=0x000000000006f06e
3906500: system.cpu: T0 : 0x1047e    : lh a5, 0(a5)               : MemRead :  D=0x0000000000000039 A=0x6f06e
3907000: system.cpu: T0 : 0x10482    : c_addiw a5, 0              : IntAlu :  D=0x0000000000000039
3907500: system.cpu: T0 : 0x10484    : subw a5, a4, a5            : IntAlu :  D=0x0000000000000041
3908000: system.cpu: T0 : 0x10488    : sw a5, -92(s0)             : MemWrite :  D=0x0000000000000041 A=0x7ffffffffffffd84
3908500: system.cpu: T0 : 0x1048c    : ld a5, -24(s0)             : MemRead :  D=0x000000000006f060 A=0x7ffffffffffffdc8
3909000: system.cpu: T0 : 0x10490    : c_addi a5, 2               : IntAlu :  D=0x000000000006f062
3910000: system.cpu: T0 : 0x10492    : lh a5, 0(a5)               : MemRead :  D=0x000000000000007a A=0x6f062
3911000: system.cpu: T0 : 0x10496    : addiw a4, a5, 0            : IntAlu :  D=0x000000000000007a
3912000: system.cpu: T0 : 0x1049a    : ld a5, -24(s0)             : MemRead :  D=0x000000000006f060 A=0x7ffffffffffffdc8
3912500: system.cpu: T0 : 0x1049e    : c_addi a5, 12              : IntAlu :  D=0x000000000006f06c
3913000: system.cpu: T0 : 0x104a0    : lh a5, 0(a5)               : MemRead :  D=0x0000000000000039 A=0x6f06c
3913500: system.cpu: T0 : 0x104a4    : c_addiw a5, 0              : IntAlu :  D=0x0000000000000039
3914000: system.cpu: T0 : 0x104a6    : c_addw a5, a4              : IntAlu :  D=0x00000000000000b3
3914500: system.cpu: T0 : 0x104a8    : sw a5, -88(s0)             : MemWrite :  D=0x00000000000000b3 A=0x7ffffffffffffd88
3915000: system.cpu: T0 : 0x104ac    : ld a5, -24(s0)             : MemRead :  D=0x000000000006f060 A=0x7ffffffffffffdc8
3915500: system.cpu: T0 : 0x104b0    : c_addi a5, 2               : IntAlu :  D=0x000000000006f062
3916500: system.cpu: T0 : 0x104b2    : lh a5, 0(a5)               : MemRead :  D=0x000000000000007a A=0x6f062
3917500: system.cpu: T0 : 0x104b6    : addiw a4, a5, 0            : IntAlu :  D=0x000000000000007a
3918500: system.cpu: T0 : 0x104ba    : ld a5, -24(s0)             : MemRead :  D=0x000000000006f060 A=0x7ffffffffffffdc8
3919000: system.cpu: T0 : 0x104be    : c_addi a5, 12              : IntAlu :  D=0x000000000006f06c
3919500: system.cpu: T0 : 0x104c0    : lh a5, 0(a5)               : MemRead :  D=0x0000000000000039 A=0x6f06c
3920000: system.cpu: T0 : 0x104c4    : c_addiw a5, 0              : IntAlu :  D=0x0000000000000039
3921000: system.cpu: T0 : 0x104c6    : subw a5, a4, a5            : IntAlu :  D=0x0000000000000041
3922000: system.cpu: T0 : 0x104ca    : sw a5, -84(s0)             : MemWrite :  D=0x0000000000000041 A=0x7ffffffffffffd8c
3923000: system.cpu: T0 : 0x104ce    : ld a5, -24(s0)             : MemRead :  D=0x000000000006f060 A=0x7ffffffffffffdc8
3923500: system.cpu: T0 : 0x104d2    : c_addi a5, 4               : IntAlu :  D=0x000000000006f064
3924000: system.cpu: T0 : 0x104d4    : lh a5, 0(a5)               : MemRead :  D=0x000000000000003d A=0x6f064
3924500: system.cpu: T0 : 0x104d8    : addiw a4, a5, 0            : IntAlu :  D=0x000000000000003d
3925000: system.cpu: T0 : 0x104dc    : ld a5, -24(s0)             : MemRead :  D=0x000000000006f060 A=0x7ffffffffffffdc8
3925500: system.cpu: T0 : 0x104e0    : c_addi a5, 10              : IntAlu :  D=0x000000000006f06a
3926500: system.cpu: T0 : 0x104e2    : lh a5, 0(a5)               : MemRead :  D=0x0000000000000039 A=0x6f06a
3927000: system.cpu: T0 : 0x104e6    : c_addiw a5, 0              : IntAlu :  D=0x0000000000000039
3927500: system.cpu: T0 : 0x104e8    : c_addw a5, a4              : IntAlu :  D=0x0000000000000076
3928500: system.cpu: T0 : 0x104ea    : sw a5, -80(s0)             : MemWrite :  D=0x0000000000000076 A=0x7ffffffffffffd90
3929500: system.cpu: T0 : 0x104ee    : ld a5, -24(s0)             : MemRead :  D=0x000000000006f060 A=0x7ffffffffffffdc8
3930000: system.cpu: T0 : 0x104f2    : c_addi a5, 4               : IntAlu :  D=0x000000000006f064
3930500: system.cpu: T0 : 0x104f4    : lh a5, 0(a5)               : MemRead :  D=0x000000000000003d A=0x6f064
3931000: system.cpu: T0 : 0x104f8    : addiw a4, a5, 0            : IntAlu :  D=0x000000000000003d
3931500: system.cpu: T0 : 0x104fc    : ld a5, -24(s0)             : MemRead :  D=0x000000000006f060 A=0x7ffffffffffffdc8
3932000: system.cpu: T0 : 0x10500    : c_addi a5, 10              : IntAlu :  D=0x000000000006f06a
3933000: system.cpu: T0 : 0x10502    : lh a5, 0(a5)               : MemRead :  D=0x0000000000000039 A=0x6f06a
3933500: system.cpu: T0 : 0x10506    : c_addiw a5, 0              : IntAlu :  D=0x0000000000000039
3934000: system.cpu: T0 : 0x10508    : subw a5, a4, a5            : IntAlu :  D=0x0000000000000004
3934500: system.cpu: T0 : 0x1050c    : sw a5, -76(s0)             : MemWrite :  D=0x0000000000000004 A=0x7ffffffffffffd94
3935000: system.cpu: T0 : 0x10510    : ld a5, -24(s0)             : MemRead :  D=0x000000000006f060 A=0x7ffffffffffffdc8
3935500: system.cpu: T0 : 0x10514    : c_addi a5, 6               : IntAlu :  D=0x000000000006f066
3936500: system.cpu: T0 : 0x10516    : lh a5, 0(a5)               : MemRead :  D=0x000000000000003f A=0x6f066
3937500: system.cpu: T0 : 0x1051a    : addiw a4, a5, 0            : IntAlu :  D=0x000000000000003f
3938500: system.cpu: T0 : 0x1051e    : ld a5, -24(s0)             : MemRead :  D=0x000000000006f060 A=0x7ffffffffffffdc8
3939000: system.cpu: T0 : 0x10522    : c_addi a5, 8               : IntAlu :  D=0x000000000006f068
3939500: system.cpu: T0 : 0x10524    : lh a5, 0(a5)               : MemRead :  D=0x000000000000003e A=0x6f068
3940000: system.cpu: T0 : 0x10528    : c_addiw a5, 0              : IntAlu :  D=0x000000000000003e
3940500: system.cpu: T0 : 0x1052a    : c_addw a5, a4              : IntAlu :  D=0x000000000000007d
3941000: system.cpu: T0 : 0x1052c    : sw a5, -72(s0)             : MemWrite :  D=0x000000000000007d A=0x7ffffffffffffd98
3941500: system.cpu: T0 : 0x10530    : ld a5, -24(s0)             : MemRead :  D=0x000000000006f060 A=0x7ffffffffffffdc8
3942000: system.cpu: T0 : 0x10534    : c_addi a5, 6               : IntAlu :  D=0x000000000006f066
3943000: system.cpu: T0 : 0x10536    : lh a5, 0(a5)               : MemRead :  D=0x000000000000003f A=0x6f066
3944000: system.cpu: T0 : 0x1053a    : addiw a4, a5, 0            : IntAlu :  D=0x000000000000003f
3945000: system.cpu: T0 : 0x1053e    : ld a5, -24(s0)             : MemRead :  D=0x000000000006f060 A=0x7ffffffffffffdc8
3945500: system.cpu: T0 : 0x10542    : c_addi a5, 8               : IntAlu :  D=0x000000000006f068
3946000: system.cpu: T0 : 0x10544    : lh a5, 0(a5)               : MemRead :  D=0x000000000000003e A=0x6f068
3946500: system.cpu: T0 : 0x10548    : c_addiw a5, 0              : IntAlu :  D=0x000000000000003e
3947500: system.cpu: T0 : 0x1054a    : subw a5, a4, a5            : IntAlu :  D=0x0000000000000001
3948500: system.cpu: T0 : 0x1054e    : sw a5, -68(s0)             : MemWrite :  D=0x0000000000000001 A=0x7ffffffffffffd9c
3949500: system.cpu: T0 : 0x10552    : lw a4, -96(s0)             : MemRead :  D=0x00000000000000b3 A=0x7ffffffffffffd80
3950500: system.cpu: T0 : 0x10556    : lw a5, -72(s0)             : MemRead :  D=0x000000000000007d A=0x7ffffffffffffd98
3951000: system.cpu: T0 : 0x1055a    : c_addw a5, a4              : IntAlu :  D=0x0000000000000130
3951500: system.cpu: T0 : 0x1055c    : sw a5, -64(s0)             : MemWrite :  D=0x0000000000000130 A=0x7ffffffffffffda0
3952000: system.cpu: T0 : 0x10560    : lw a4, -96(s0)             : MemRead :  D=0x00000000000000b3 A=0x7ffffffffffffd80
3952500: system.cpu: T0 : 0x10564    : lw a5, -72(s0)             : MemRead :  D=0x000000000000007d A=0x7ffffffffffffd98
3953000: system.cpu: T0 : 0x10568    : subw a5, a4, a5            : IntAlu :  D=0x0000000000000036
3953500: system.cpu: T0 : 0x1056c    : sw a5, -60(s0)             : MemWrite :  D=0x0000000000000036 A=0x7ffffffffffffda4
3954000: system.cpu: T0 : 0x10570    : lw a4, -88(s0)             : MemRead :  D=0x00000000000000b3 A=0x7ffffffffffffd88
3954500: system.cpu: T0 : 0x10574    : lw a5, -80(s0)             : MemRead :  D=0x0000000000000076 A=0x7ffffffffffffd90
3955000: system.cpu: T0 : 0x10578    : c_addw a5, a4              : IntAlu :  D=0x0000000000000129
3956000: system.cpu: T0 : 0x1057a    : sw a5, -56(s0)             : MemWrite :  D=0x0000000000000129 A=0x7ffffffffffffda8
3957000: system.cpu: T0 : 0x1057e    : lw a4, -88(s0)             : MemRead :  D=0x00000000000000b3 A=0x7ffffffffffffd88
3958000: system.cpu: T0 : 0x10582    : lw a5, -80(s0)             : MemRead :  D=0x0000000000000076 A=0x7ffffffffffffd90
3959000: system.cpu: T0 : 0x10586    : subw a5, a4, a5            : IntAlu :  D=0x000000000000003d
3960000: system.cpu: T0 : 0x1058a    : sw a5, -52(s0)             : MemWrite :  D=0x000000000000003d A=0x7ffffffffffffdac
3961000: system.cpu: T0 : 0x1058e    : lw a4, -64(s0)             : MemRead :  D=0x0000000000000130 A=0x7ffffffffffffda0
3962000: system.cpu: T0 : 0x10592    : lw a5, -56(s0)             : MemRead :  D=0x0000000000000129 A=0x7ffffffffffffda8
3962500: system.cpu: T0 : 0x10596    : c_addw a5, a4              : IntAlu :  D=0x0000000000000259
3963000: system.cpu: T0 : 0x10598    : c_addiw a5, 0              : IntAlu :  D=0x0000000000000259
3964000: system.cpu: T0 : 0x1059a    : slliw a5, a5, 2            : IntAlu :  D=0x0000000000000964
3964500: system.cpu: T0 : 0x1059e    : c_addiw a5, 0              : IntAlu :  D=0x0000000000000964
3965000: system.cpu: T0 : 0x105a0    : slliw a4, a5, 16           : IntAlu :  D=0x0000000009640000
3965500: system.cpu: T0 : 0x105a4    : sraiw a4, a4, 16           : IntAlu :  D=0x0000000000000964
3966000: system.cpu: T0 : 0x105a8    : ld a5, -24(s0)             : MemRead :  D=0x000000000006f060 A=0x7ffffffffffffdc8
3966500: system.cpu: T0 : 0x105ac    : sh a4, 0(a5)               : MemWrite :  D=0x0000000000000964 A=0x6f060
3967000: system.cpu: T0 : 0x105b0    : lw a4, -64(s0)             : MemRead :  D=0x0000000000000130 A=0x7ffffffffffffda0
3967500: system.cpu: T0 : 0x105b4    : lw a5, -56(s0)             : MemRead :  D=0x0000000000000129 A=0x7ffffffffffffda8
3968000: system.cpu: T0 : 0x105b8    : subw a5, a4, a5            : IntAlu :  D=0x0000000000000007
3968500: system.cpu: T0 : 0x105bc    : c_addiw a5, 0              : IntAlu :  D=0x0000000000000007
3969500: system.cpu: T0 : 0x105be    : slliw a5, a5, 2            : IntAlu :  D=0x000000000000001c
3970500: system.cpu: T0 : 0x105c2    : addiw a4, a5, 0            : IntAlu :  D=0x000000000000001c
3971500: system.cpu: T0 : 0x105c6    : ld a5, -24(s0)             : MemRead :  D=0x000000000006f060 A=0x7ffffffffffffdc8
3972000: system.cpu: T0 : 0x105ca    : c_addi a5, 8               : IntAlu :  D=0x000000000006f068
3972500: system.cpu: T0 : 0x105cc    : slliw a4, a4, 16           : IntAlu :  D=0x00000000001c0000
3973000: system.cpu: T0 : 0x105d0    : sraiw a4, a4, 16           : IntAlu :  D=0x000000000000001c
3973500: system.cpu: T0 : 0x105d4    : sh a4, 0(a5)               : MemWrite :  D=0x000000000000001c A=0x6f068
3974000: system.cpu: T0 : 0x105d8    : c_lui a5, 1                : IntAlu :  D=0x0000000000001000
3975000: system.cpu: T0 : 0x105da    : addiw a5, a5, 337          : IntAlu :  D=0x0000000000001151
3976000: system.cpu: T0 : 0x105de    : sw a5, -48(s0)             : MemWrite :  D=0x0000000000001151 A=0x7ffffffffffffdb0
3977000: system.cpu: T0 : 0x105e2    : lw a4, -52(s0)             : MemRead :  D=0x000000000000003d A=0x7ffffffffffffdac
3978000: system.cpu: T0 : 0x105e6    : lw a5, -60(s0)             : MemRead :  D=0x0000000000000036 A=0x7ffffffffffffda4
3978500: system.cpu: T0 : 0x105ea    : c_addw a5, a4              : IntAlu :  D=0x0000000000000073
3979000: system.cpu: T0 : 0x105ec    : c_addiw a5, 0              : IntAlu :  D=0x0000000000000073
3980000: system.cpu: T0 : 0x105ee    : lw a4, -48(s0)             : MemRead :  D=0x0000000000001151 A=0x7ffffffffffffdb0
3981000: system.cpu: T0 : 0x105f2    : mulw a5, a4, a5            : IntMult :  D=0x000000000007c763
3982000: system.cpu: T0 : 0x105f6    : sw a5, -44(s0)             : MemWrite :  D=0x000000000007c763 A=0x7ffffffffffffdb4
3982500: system.cpu: T0 : 0x105fa    : c_lui a5, 2                : IntAlu :  D=0x0000000000002000
3983000: system.cpu: T0 : 0x105fc    : addiw a5, a5, -1922        : IntAlu :  D=0x000000000000187e
3983500: system.cpu: T0 : 0x10600    : sw a5, -48(s0)             : MemWrite :  D=0x000000000000187e A=0x7ffffffffffffdb0
3984000: system.cpu: T0 : 0x10604    : lw a4, -60(s0)             : MemRead :  D=0x0000000000000036 A=0x7ffffffffffffda4
3984500: system.cpu: T0 : 0x10608    : lw a5, -48(s0)             : MemRead :  D=0x000000000000187e A=0x7ffffffffffffdb0
3985000: system.cpu: T0 : 0x1060c    : mulw a5, a4, a5            : IntMult :  D=0x0000000000052a94
3985500: system.cpu: T0 : 0x10610    : c_addiw a5, 0              : IntAlu :  D=0x0000000000052a94
3986500: system.cpu: T0 : 0x10612    : lw a4, -44(s0)             : MemRead :  D=0x000000000007c763 A=0x7ffffffffffffdb4
3987000: system.cpu: T0 : 0x10616    : c_addw a5, a4              : IntAlu :  D=0x00000000000cf1f7
3987500: system.cpu: T0 : 0x10618    : c_addiw a5, 0              : IntAlu :  D=0x00000000000cf1f7
3988500: system.cpu: T0 : 0x1061a    : sraiw a5, a5, 11           : IntAlu :  D=0x000000000000019e
3989500: system.cpu: T0 : 0x1061e    : addiw a4, a5, 0            : IntAlu :  D=0x000000000000019e
3990500: system.cpu: T0 : 0x10622    : ld a5, -24(s0)             : MemRead :  D=0x000000000006f060 A=0x7ffffffffffffdc8
3991000: system.cpu: T0 : 0x10626    : c_addi a5, 4               : IntAlu :  D=0x000000000006f064
3991500: system.cpu: T0 : 0x10628    : slliw a4, a4, 16           : IntAlu :  D=0x00000000019e0000
3992000: system.cpu: T0 : 0x1062c    : sraiw a4, a4, 16           : IntAlu :  D=0x000000000000019e
3992500: system.cpu: T0 : 0x10630    : sh a4, 0(a5)               : MemWrite :  D=0x000000000000019e A=0x6f064
3993000: system.cpu: T0 : 0x10634    : c_lui a5, 1048572          : IntAlu :  D=0xffffffffffffc000
3994000: system.cpu: T0 : 0x10636    : addiw a5, a5, 1247         : IntAlu :  D=0xffffffffffffc4df
3995000: system.cpu: T0 : 0x1063a    : sw a5, -48(s0)             : MemWrite :  D=0x00000000ffffc4df A=0x7ffffffffffffdb0
3996000: system.cpu: T0 : 0x1063e    : lw a4, -52(s0)             : MemRead :  D=0x000000000000003d A=0x7ffffffffffffdac
3997000: system.cpu: T0 : 0x10642    : lw a5, -48(s0)             : MemRead :  D=0xffffffffffffc4df A=0x7ffffffffffffdb0
3998000: system.cpu: T0 : 0x10646    : mulw a5, a4, a5            : IntMult :  D=0xfffffffffff1e923
3998500: system.cpu: T0 : 0x1064a    : c_addiw a5, 0              : IntAlu :  D=0xfffffffffff1e923
3999000: system.cpu: T0 : 0x1064c    : lw a4, -44(s0)             : MemRead :  D=0x000000000007c763 A=0x7ffffffffffffdb4
3999500: system.cpu: T0 : 0x10650    : c_addw a5, a4              : IntAlu :  D=0xfffffffffff9b086
4000000: system.cpu: T0 : 0x10652    : c_addiw a5, 0              : IntAlu :  D=0xfffffffffff9b086
4000500: system.cpu: T0 : 0x10654    : sraiw a5, a5, 11           : IntAlu :  D=0xffffffffffffff36
4001000: system.cpu: T0 : 0x10658    : addiw a4, a5, 0            : IntAlu :  D=0xffffffffffffff36
4001500: system.cpu: T0 : 0x1065c    : ld a5, -24(s0)             : MemRead :  D=0x000000000006f060 A=0x7ffffffffffffdc8
4002000: system.cpu: T0 : 0x10660    : c_addi a5, 12              : IntAlu :  D=0x000000000006f06c
4003000: system.cpu: T0 : 0x10662    : slliw a4, a4, 16           : IntAlu :  D=0xffffffffff360000
4004000: system.cpu: T0 : 0x10666    : sraiw a4, a4, 16           : IntAlu :  D=0xffffffffffffff36
4005000: system.cpu: T0 : 0x1066a    : sh a4, 0(a5)               : MemWrite :  D=0x000000000000ff36 A=0x6f06c
4006000: system.cpu: T0 : 0x1066e    : lw a4, -68(s0)             : MemRead :  D=0x0000000000000001 A=0x7ffffffffffffd9c
4007000: system.cpu: T0 : 0x10672    : lw a5, -92(s0)             : MemRead :  D=0x0000000000000041 A=0x7ffffffffffffd84
4007500: system.cpu: T0 : 0x10676    : c_addw a5, a4              : IntAlu :  D=0x0000000000000042
4008000: system.cpu: T0 : 0x10678    : sw a5, -44(s0)             : MemWrite :  D=0x0000000000000042 A=0x7ffffffffffffdb4
4008500: system.cpu: T0 : 0x1067c    : lw a4, -76(s0)             : MemRead :  D=0x0000000000000004 A=0x7ffffffffffffd94
4009000: system.cpu: T0 : 0x10680    : lw a5, -84(s0)             : MemRead :  D=0x0000000000000041 A=0x7ffffffffffffd8c
4009500: system.cpu: T0 : 0x10684    : c_addw a5, a4              : IntAlu :  D=0x0000000000000045
4010500: system.cpu: T0 : 0x10686    : sw a5, -40(s0)             : MemWrite :  D=0x0000000000000045 A=0x7ffffffffffffdb8
4011500: system.cpu: T0 : 0x1068a    : lw a4, -68(s0)             : MemRead :  D=0x0000000000000001 A=0x7ffffffffffffd9c
4012500: system.cpu: T0 : 0x1068e    : lw a5, -84(s0)             : MemRead :  D=0x0000000000000041 A=0x7ffffffffffffd8c
4013000: system.cpu: T0 : 0x10692    : c_addw a5, a4              : IntAlu :  D=0x0000000000000042
4013500: system.cpu: T0 : 0x10694    : sw a5, -36(s0)             : MemWrite :  D=0x0000000000000042 A=0x7ffffffffffffdbc
4014000: system.cpu: T0 : 0x10698    : lw a4, -76(s0)             : MemRead :  D=0x0000000000000004 A=0x7ffffffffffffd94
4014500: system.cpu: T0 : 0x1069c    : lw a5, -92(s0)             : MemRead :  D=0x0000000000000041 A=0x7ffffffffffffd84
4015000: system.cpu: T0 : 0x106a0    : c_addw a5, a4              : IntAlu :  D=0x0000000000000045
4016000: system.cpu: T0 : 0x106a2    : sw a5, -32(s0)             : MemWrite :  D=0x0000000000000045 A=0x7ffffffffffffdc0
4016500: system.cpu: T0 : 0x106a6    : c_lui a5, 2                : IntAlu :  D=0x0000000000002000
4017000: system.cpu: T0 : 0x106a8    : addiw a5, a5, 1441         : IntAlu :  D=0x00000000000025a1
4017500: system.cpu: T0 : 0x106ac    : sw a5, -48(s0)             : MemWrite :  D=0x00000000000025a1 A=0x7ffffffffffffdb0
4018000: system.cpu: T0 : 0x106b0    : lw a4, -36(s0)             : MemRead :  D=0x0000000000000042 A=0x7ffffffffffffdbc
4018500: system.cpu: T0 : 0x106b4    : lw a5, -32(s0)             : MemRead :  D=0x0000000000000045 A=0x7ffffffffffffdc0
4019000: system.cpu: T0 : 0x106b8    : c_addw a5, a4              : IntAlu :  D=0x0000000000000087
4019500: system.cpu: T0 : 0x106ba    : c_addiw a5, 0              : IntAlu :  D=0x0000000000000087
4020000: system.cpu: T0 : 0x106bc    : lw a4, -48(s0)             : MemRead :  D=0x00000000000025a1 A=0x7ffffffffffffdb0
4020500: system.cpu: T0 : 0x106c0    : mulw a5, a4, a5            : IntMult :  D=0x000000000013d7e7
4021000: system.cpu: T0 : 0x106c4    : sw a5, -28(s0)             : MemWrite :  D=0x000000000013d7e7 A=0x7ffffffffffffdc4
4021500: system.cpu: T0 : 0x106c8    : c_lui a5, 1                : IntAlu :  D=0x0000000000001000
4022500: system.cpu: T0 : 0x106ca    : addiw a5, a5, -1650        : IntAlu :  D=0x000000000000098e
4023500: system.cpu: T0 : 0x106ce    : sw a5, -48(s0)             : MemWrite :  D=0x000000000000098e A=0x7ffffffffffffdb0
4024500: system.cpu: T0 : 0x106d2    : lw a4, -68(s0)             : MemRead :  D=0x0000000000000001 A=0x7ffffffffffffd9c
4025500: system.cpu: T0 : 0x106d6    : lw a5, -48(s0)             : MemRead :  D=0x000000000000098e A=0x7ffffffffffffdb0
4026500: system.cpu: T0 : 0x106da    : mulw a5, a4, a5            : IntMult :  D=0x000000000000098e
4027500: system.cpu: T0 : 0x106de    : sw a5, -68(s0)             : MemWrite :  D=0x000000000000098e A=0x7ffffffffffffd9c
4028000: system.cpu: T0 : 0x106e2    : c_lui a5, 4                : IntAlu :  D=0x0000000000004000
4028500: system.cpu: T0 : 0x106e4    : addiw a5, a5, 435          : IntAlu :  D=0x00000000000041b3
4029000: system.cpu: T0 : 0x106e8    : sw a5, -48(s0)             : MemWrite :  D=0x00000000000041b3 A=0x7ffffffffffffdb0
4029500: system.cpu: T0 : 0x106ec    : lw a4, -76(s0)             : MemRead :  D=0x0000000000000004 A=0x7ffffffffffffd94
4030000: system.cpu: T0 : 0x106f0    : lw a5, -48(s0)             : MemRead :  D=0x00000000000041b3 A=0x7ffffffffffffdb0
4030500: system.cpu: T0 : 0x106f4    : mulw a5, a4, a5            : IntMult :  D=0x00000000000106cc
4031000: system.cpu: T0 : 0x106f8    : sw a5, -76(s0)             : MemWrite :  D=0x00000000000106cc A=0x7ffffffffffffd94
4031500: system.cpu: T0 : 0x106fc    : c_lui a5, 6                : IntAlu :  D=0x0000000000006000
4032500: system.cpu: T0 : 0x106fe    : addiw a5, a5, 596          : IntAlu :  D=0x0000000000006254
4033500: system.cpu: T0 : 0x10702    : sw a5, -48(s0)             : MemWrite :  D=0x0000000000006254 A=0x7ffffffffffffdb0
4034500: system.cpu: T0 : 0x10706    : lw a4, -84(s0)             : MemRead :  D=0x0000000000000041 A=0x7ffffffffffffd8c
4035500: system.cpu: T0 : 0x1070a    : lw a5, -48(s0)             : MemRead :  D=0x0000000000006254 A=0x7ffffffffffffdb0
4036500: system.cpu: T0 : 0x1070e    : mulw a5, a4, a5            : IntMult :  D=0x000000000018f754
4037500: system.cpu: T0 : 0x10712    : sw a5, -84(s0)             : MemWrite :  D=0x000000000018f754 A=0x7ffffffffffffd8c
4038000: system.cpu: T0 : 0x10716    : c_lui a5, 3                : IntAlu :  D=0x0000000000003000
4038500: system.cpu: T0 : 0x10718    : c_addiw a5, 11             : IntAlu :  D=0x000000000000300b
4039500: system.cpu: T0 : 0x1071a    : sw a5, -48(s0)             : MemWrite :  D=0x000000000000300b A=0x7ffffffffffffdb0
4040500: system.cpu: T0 : 0x1071e    : lw a4, -92(s0)             : MemRead :  D=0x0000000000000041 A=0x7ffffffffffffd84
4041500: system.cpu: T0 : 0x10722    : lw a5, -48(s0)             : MemRead :  D=0x000000000000300b A=0x7ffffffffffffdb0
4042500: system.cpu: T0 : 0x10726    : mulw a5, a4, a5            : IntMult :  D=0x00000000000c32cb
4043500: system.cpu: T0 : 0x1072a    : sw a5, -92(s0)             : MemWrite :  D=0x00000000000c32cb A=0x7ffffffffffffd84
4044000: system.cpu: T0 : 0x1072e    : c_lui a5, 1048574          : IntAlu :  D=0xffffffffffffe000
4044500: system.cpu: T0 : 0x10730    : addiw a5, a5, 819          : IntAlu :  D=0xffffffffffffe333
4045000: system.cpu: T0 : 0x10734    : sw a5, -48(s0)             : MemWrite :  D=0x00000000ffffe333 A=0x7ffffffffffffdb0
4045500: system.cpu: T0 : 0x10738    : lw a4, -44(s0)             : MemRead :  D=0x0000000000000042 A=0x7ffffffffffffdb4
4046000: system.cpu: T0 : 0x1073c    : lw a5, -48(s0)             : MemRead :  D=0xffffffffffffe333 A=0x7ffffffffffffdb0
4046500: system.cpu: T0 : 0x10740    : mulw a5, a4, a5            : IntMult :  D=0xfffffffffff89326
4047000: system.cpu: T0 : 0x10744    : sw a5, -44(s0)             : MemWrite :  D=0x00000000fff89326 A=0x7ffffffffffffdb4
4047500: system.cpu: T0 : 0x10748    : c_lui a5, 1048571          : IntAlu :  D=0xffffffffffffb000
4048500: system.cpu: T0 : 0x1074a    : addiw a5, a5, -515         : IntAlu :  D=0xffffffffffffadfd
4049500: system.cpu: T0 : 0x1074e    : sw a5, -48(s0)             : MemWrite :  D=0x00000000ffffadfd A=0x7ffffffffffffdb0
4050500: system.cpu: T0 : 0x10752    : lw a4, -40(s0)             : MemRead :  D=0x0000000000000045 A=0x7ffffffffffffdb8
4051500: system.cpu: T0 : 0x10756    : lw a5, -48(s0)             : MemRead :  D=0xffffffffffffadfd A=0x7ffffffffffffdb0
4052500: system.cpu: T0 : 0x1075a    : mulw a5, a4, a5            : IntMult :  D=0xffffffffffe9e531
4053500: system.cpu: T0 : 0x1075e    : sw a5, -40(s0)             : MemWrite :  D=0x00000000ffe9e531 A=0x7ffffffffffffdb8
4054000: system.cpu: T0 : 0x10762    : c_lui a5, 1048572          : IntAlu :  D=0xffffffffffffc000
4054500: system.cpu: T0 : 0x10764    : addiw a5, a5, 315          : IntAlu :  D=0xffffffffffffc13b
4055000: system.cpu: T0 : 0x10768    : sw a5, -48(s0)             : MemWrite :  D=0x00000000ffffc13b A=0x7ffffffffffffdb0
4055500: system.cpu: T0 : 0x1076c    : lw a4, -36(s0)             : MemRead :  D=0x0000000000000042 A=0x7ffffffffffffdbc
4056000: system.cpu: T0 : 0x10770    : lw a5, -48(s0)             : MemRead :  D=0xffffffffffffc13b A=0x7ffffffffffffdb0
4056500: system.cpu: T0 : 0x10774    : mulw a5, a4, a5            : IntMult :  D=0xffffffffffefd136
4057000: system.cpu: T0 : 0x10778    : sw a5, -36(s0)             : MemWrite :  D=0x00000000ffefd136 A=0x7ffffffffffffdbc
4057500: system.cpu: T0 : 0x1077c    : c_lui a5, 1048575          : IntAlu :  D=0xfffffffffffff000
4058500: system.cpu: T0 : 0x1077e    : addiw a5, a5, 900          : IntAlu :  D=0xfffffffffffff384
4059500: system.cpu: T0 : 0x10782    : sw a5, -48(s0)             : MemWrite :  D=0x00000000fffff384 A=0x7ffffffffffffdb0
4060500: system.cpu: T0 : 0x10786    : lw a4, -32(s0)             : MemRead :  D=0x0000000000000045 A=0x7ffffffffffffdc0
4061500: system.cpu: T0 : 0x1078a    : lw a5, -48(s0)             : MemRead :  D=0xfffffffffffff384 A=0x7ffffffffffffdb0
4062500: system.cpu: T0 : 0x1078e    : mulw a5, a4, a5            : IntMult :  D=0xfffffffffffca294
4063500: system.cpu: T0 : 0x10792    : sw a5, -32(s0)             : MemWrite :  D=0x00000000fffca294 A=0x7ffffffffffffdc0
4064500: system.cpu: T0 : 0x10796    : lw a4, -36(s0)             : MemRead :  D=0xffffffffffefd136 A=0x7ffffffffffffdbc
4065500: system.cpu: T0 : 0x1079a    : lw a5, -28(s0)             : MemRead :  D=0x000000000013d7e7 A=0x7ffffffffffffdc4
4066000: system.cpu: T0 : 0x1079e    : c_addw a5, a4              : IntAlu :  D=0x000000000003a91d
4066500: system.cpu: T0 : 0x107a0    : sw a5, -36(s0)             : MemWrite :  D=0x000000000003a91d A=0x7ffffffffffffdbc
4067000: system.cpu: T0 : 0x107a4    : lw a4, -32(s0)             : MemRead :  D=0xfffffffffffca294 A=0x7ffffffffffffdc0
4067500: system.cpu: T0 : 0x107a8    : lw a5, -28(s0)             : MemRead :  D=0x000000000013d7e7 A=0x7ffffffffffffdc4
4068000: system.cpu: T0 : 0x107ac    : c_addw a5, a4              : IntAlu :  D=0x0000000000107a7b
4069000: system.cpu: T0 : 0x107ae    : sw a5, -32(s0)             : MemWrite :  D=0x0000000000107a7b A=0x7ffffffffffffdc0
4070000: system.cpu: T0 : 0x107b2    : lw a4, -68(s0)             : MemRead :  D=0x000000000000098e A=0x7ffffffffffffd9c
4071000: system.cpu: T0 : 0x107b6    : lw a5, -44(s0)             : MemRead :  D=0xfffffffffff89326 A=0x7ffffffffffffdb4
4071500: system.cpu: T0 : 0x107ba    : c_addw a5, a4              : IntAlu :  D=0xfffffffffff89cb4
4072000: system.cpu: T0 : 0x107bc    : c_addiw a5, 0              : IntAlu :  D=0xfffffffffff89cb4
4073000: system.cpu: T0 : 0x107be    : lw a4, -36(s0)             : MemRead :  D=0x000000000003a91d A=0x7ffffffffffffdbc
4073500: system.cpu: T0 : 0x107c2    : c_addw a5, a4              : IntAlu :  D=0xfffffffffffc45d1
4074000: system.cpu: T0 : 0x107c4    : c_addiw a5, 0              : IntAlu :  D=0xfffffffffffc45d1
4075000: system.cpu: T0 : 0x107c6    : sraiw a5, a5, 11           : IntAlu :  D=0xffffffffffffff88
4076000: system.cpu: T0 : 0x107ca    : addiw a4, a5, 0            : IntAlu :  D=0xffffffffffffff88
4077000: system.cpu: T0 : 0x107ce    : ld a5, -24(s0)             : MemRead :  D=0x000000000006f060 A=0x7ffffffffffffdc8
4077500: system.cpu: T0 : 0x107d2    : c_addi a5, 14              : IntAlu :  D=0x000000000006f06e
4078000: system.cpu: T0 : 0x107d4    : slliw a4, a4, 16           : IntAlu :  D=0xffffffffff880000
4078500: system.cpu: T0 : 0x107d8    : sraiw a4, a4, 16           : IntAlu :  D=0xffffffffffffff88
4079000: system.cpu: T0 : 0x107dc    : sh a4, 0(a5)               : MemWrite :  D=0x000000000000ff88 A=0x6f06e
4079500: system.cpu: T0 : 0x107e0    : lw a4, -76(s0)             : MemRead :  D=0x00000000000106cc A=0x7ffffffffffffd94
4080000: system.cpu: T0 : 0x107e4    : lw a5, -40(s0)             : MemRead :  D=0xffffffffffe9e531 A=0x7ffffffffffffdb8
4080500: system.cpu: T0 : 0x107e8    : c_addw a5, a4              : IntAlu :  D=0xffffffffffeaebfd
4081000: system.cpu: T0 : 0x107ea    : c_addiw a5, 0              : IntAlu :  D=0xffffffffffeaebfd
4081500: system.cpu: T0 : 0x107ec    : lw a4, -32(s0)             : MemRead :  D=0x0000000000107a7b A=0x7ffffffffffffdc0
4082000: system.cpu: T0 : 0x107f0    : c_addw a5, a4              : IntAlu :  D=0xfffffffffffb6678
4082500: system.cpu: T0 : 0x107f2    : c_addiw a5, 0              : IntAlu :  D=0xfffffffffffb6678
4083000: system.cpu: T0 : 0x107f4    : sraiw a5, a5, 11           : IntAlu :  D=0xffffffffffffff6c
4083500: system.cpu: T0 : 0x107f8    : addiw a4, a5, 0            : IntAlu :  D=0xffffffffffffff6c
4084000: system.cpu: T0 : 0x107fc    : ld a5, -24(s0)             : MemRead :  D=0x000000000006f060 A=0x7ffffffffffffdc8
4084500: system.cpu: T0 : 0x10800    : c_addi a5, 10              : IntAlu :  D=0x000000000006f06a
4085500: system.cpu: T0 : 0x10802    : slliw a4, a4, 16           : IntAlu :  D=0xffffffffff6c0000
4086500: system.cpu: T0 : 0x10806    : sraiw a4, a4, 16           : IntAlu :  D=0xffffffffffffff6c
4087500: system.cpu: T0 : 0x1080a    : sh a4, 0(a5)               : MemWrite :  D=0x000000000000ff6c A=0x6f06a
4088500: system.cpu: T0 : 0x1080e    : lw a4, -84(s0)             : MemRead :  D=0x000000000018f754 A=0x7ffffffffffffd8c
4089500: system.cpu: T0 : 0x10812    : lw a5, -40(s0)             : MemRead :  D=0xffffffffffe9e531 A=0x7ffffffffffffdb8
4090000: system.cpu: T0 : 0x10816    : c_addw a5, a4              : IntAlu :  D=0x000000000002dc85
4090500: system.cpu: T0 : 0x10818    : c_addiw a5, 0              : IntAlu :  D=0x000000000002dc85
4091500: system.cpu: T0 : 0x1081a    : lw a4, -36(s0)             : MemRead :  D=0x000000000003a91d A=0x7ffffffffffffdbc
4092000: system.cpu: T0 : 0x1081e    : c_addw a5, a4              : IntAlu :  D=0x00000000000685a2
4092500: system.cpu: T0 : 0x10820    : c_addiw a5, 0              : IntAlu :  D=0x00000000000685a2
4093500: system.cpu: T0 : 0x10822    : sraiw a5, a5, 11           : IntAlu :  D=0x00000000000000d0
4094500: system.cpu: T0 : 0x10826    : addiw a4, a5, 0            : IntAlu :  D=0x00000000000000d0
4095500: system.cpu: T0 : 0x1082a    : ld a5, -24(s0)             : MemRead :  D=0x000000000006f060 A=0x7ffffffffffffdc8
4096000: system.cpu: T0 : 0x1082e    : c_addi a5, 6               : IntAlu :  D=0x000000000006f066
4096500: system.cpu: T0 : 0x10830    : slliw a4, a4, 16           : IntAlu :  D=0x0000000000d00000
4097000: system.cpu: T0 : 0x10834    : sraiw a4, a4, 16           : IntAlu :  D=0x00000000000000d0
4097500: system.cpu: T0 : 0x10838    : sh a4, 0(a5)               : MemWrite :  D=0x00000000000000d0 A=0x6f066
4098000: system.cpu: T0 : 0x1083c    : lw a4, -92(s0)             : MemRead :  D=0x00000000000c32cb A=0x7ffffffffffffd84
4098500: system.cpu: T0 : 0x10840    : lw a5, -44(s0)             : MemRead :  D=0xfffffffffff89326 A=0x7ffffffffffffdb4
4099000: system.cpu: T0 : 0x10844    : c_addw a5, a4              : IntAlu :  D=0x000000000004c5f1
4099500: system.cpu: T0 : 0x10846    : c_addiw a5, 0              : IntAlu :  D=0x000000000004c5f1
4100000: system.cpu: T0 : 0x10848    : lw a4, -32(s0)             : MemRead :  D=0x0000000000107a7b A=0x7ffffffffffffdc0
4100500: system.cpu: T0 : 0x1084c    : c_addw a5, a4              : IntAlu :  D=0x000000000015406c
4101000: system.cpu: T0 : 0x1084e    : c_addiw a5, 0              : IntAlu :  D=0x000000000015406c
4101500: system.cpu: T0 : 0x10850    : sraiw a5, a5, 11           : IntAlu :  D=0x00000000000002a8
4102000: system.cpu: T0 : 0x10854    : addiw a4, a5, 0            : IntAlu :  D=0x00000000000002a8
4102500: system.cpu: T0 : 0x10858    : ld a5, -24(s0)             : MemRead :  D=0x000000000006f060 A=0x7ffffffffffffdc8
4103000: system.cpu: T0 : 0x1085c    : c_addi a5, 2               : IntAlu :  D=0x000000000006f062
4104000: system.cpu: T0 : 0x1085e    : slliw a4, a4, 16           : IntAlu :  D=0x0000000002a80000
4105000: system.cpu: T0 : 0x10862    : sraiw a4, a4, 16           : IntAlu :  D=0x00000000000002a8
4106000: system.cpu: T0 : 0x10866    : sh a4, 0(a5)               : MemWrite :  D=0x00000000000002a8 A=0x6f062
4107000: system.cpu: T0 : 0x1086a    : lw a5, -124(s0)            : MemRead :  D=0x0000000000000008 A=0x7ffffffffffffd64
4107500: system.cpu: T0 : 0x1086e    : c_slli a5, 1               : IntAlu :  D=0x0000000000000010
4108000: system.cpu: T0 : 0x10870    : ld a4, -24(s0)             : MemRead :  D=0x000000000006f060 A=0x7ffffffffffffdc8
4108500: system.cpu: T0 : 0x10874    : c_add a5, a4               : IntAlu :  D=0x000000000006f070
4109500: system.cpu: T0 : 0x10876    : sd a5, -24(s0)             : MemWrite :  D=0x000000000006f070 A=0x7ffffffffffffdc8
4110500: system.cpu: T0 : 0x1087a    : lw a5, -100(s0)            : MemRead :  D=0x0000000000000006 A=0x7ffffffffffffd7c
4111000: system.cpu: T0 : 0x1087e    : c_addiw a5, 1              : IntAlu :  D=0x0000000000000007
4111500: system.cpu: T0 : 0x10880    : sw a5, -100(s0)            : MemWrite :  D=0x0000000000000007 A=0x7ffffffffffffd7c
4112000: system.cpu: T0 : 0x10884    : lw a5, -100(s0)            : MemRead :  D=0x0000000000000007 A=0x7ffffffffffffd7c
4112500: system.cpu: T0 : 0x10888    : addiw a4, a5, 0            : IntAlu :  D=0x0000000000000007
4113000: system.cpu: T0 : 0x1088c    : c_li a5, 7                 : IntAlu :  D=0x0000000000000007
4114000: system.cpu: T0 : 0x1088e    : bge a5, a4, -1088          : IntAlu : 
4115000: system.cpu: T0 : 0x1044e    : ld a5, -24(s0)             : MemRead :  D=0x000000000006f070 A=0x7ffffffffffffdc8
4116000: system.cpu: T0 : 0x10452    : lh a5, 0(a5)               : MemRead :  D=0x000000000000003e A=0x6f070
4117000: system.cpu: T0 : 0x10456    : addiw a4, a5, 0            : IntAlu :  D=0x000000000000003e
4118000: system.cpu: T0 : 0x1045a    : ld a5, -24(s0)             : MemRead :  D=0x000000000006f070 A=0x7ffffffffffffdc8
4118500: system.cpu: T0 : 0x1045e    : c_addi a5, 14              : IntAlu :  D=0x000000000006f07e
4119000: system.cpu: T0 : 0x10460    : lh a5, 0(a5)               : MemRead :  D=0x000000000000003a A=0x6f07e
4119500: system.cpu: T0 : 0x10464    : c_addiw a5, 0              : IntAlu :  D=0x000000000000003a
4120000: system.cpu: T0 : 0x10466    : c_addw a5, a4              : IntAlu :  D=0x0000000000000078
4120500: system.cpu: T0 : 0x10468    : sw a5, -96(s0)             : MemWrite :  D=0x0000000000000078 A=0x7ffffffffffffd80
4121000: system.cpu: T0 : 0x1046c    : ld a5, -24(s0)             : MemRead :  D=0x000000000006f070 A=0x7ffffffffffffdc8
4121500: system.cpu: T0 : 0x10470    : lh a5, 0(a5)               : MemRead :  D=0x000000000000003e A=0x6f070
4122000: system.cpu: T0 : 0x10474    : addiw a4, a5, 0            : IntAlu :  D=0x000000000000003e
4122500: system.cpu: T0 : 0x10478    : ld a5, -24(s0)             : MemRead :  D=0x000000000006f070 A=0x7ffffffffffffdc8
4123000: system.cpu: T0 : 0x1047c    : c_addi a5, 14              : IntAlu :  D=0x000000000006f07e
4124000: system.cpu: T0 : 0x1047e    : lh a5, 0(a5)               : MemRead :  D=0x000000000000003a A=0x6f07e
4124500: system.cpu: T0 : 0x10482    : c_addiw a5, 0              : IntAlu :  D=0x000000000000003a
4125000: system.cpu: T0 : 0x10484    : subw a5, a4, a5            : IntAlu :  D=0x0000000000000004
4125500: system.cpu: T0 : 0x10488    : sw a5, -92(s0)             : MemWrite :  D=0x0000000000000004 A=0x7ffffffffffffd84
4126000: system.cpu: T0 : 0x1048c    : ld a5, -24(s0)             : MemRead :  D=0x000000000006f070 A=0x7ffffffffffffdc8
4126500: system.cpu: T0 : 0x10490    : c_addi a5, 2               : IntAlu :  D=0x000000000006f072
4127500: system.cpu: T0 : 0x10492    : lh a5, 0(a5)               : MemRead :  D=0x000000000000003e A=0x6f072
4128500: system.cpu: T0 : 0x10496    : addiw a4, a5, 0            : IntAlu :  D=0x000000000000003e
4129500: system.cpu: T0 : 0x1049a    : ld a5, -24(s0)             : MemRead :  D=0x000000000006f070 A=0x7ffffffffffffdc8
4130000: system.cpu: T0 : 0x1049e    : c_addi a5, 12              : IntAlu :  D=0x000000000006f07c
4130500: system.cpu: T0 : 0x104a0    : lh a5, 0(a5)               : MemRead :  D=0x000000000000003a A=0x6f07c
4131000: system.cpu: T0 : 0x104a4    : c_addiw a5, 0              : IntAlu :  D=0x000000000000003a
4131500: system.cpu: T0 : 0x104a6    : c_addw a5, a4              : IntAlu :  D=0x0000000000000078
4132000: system.cpu: T0 : 0x104a8    : sw a5, -88(s0)             : MemWrite :  D=0x0000000000000078 A=0x7ffffffffffffd88
4132500: system.cpu: T0 : 0x104ac    : ld a5, -24(s0)             : MemRead :  D=0x000000000006f070 A=0x7ffffffffffffdc8
4133000: system.cpu: T0 : 0x104b0    : c_addi a5, 2               : IntAlu :  D=0x000000000006f072
4134000: system.cpu: T0 : 0x104b2    : lh a5, 0(a5)               : MemRead :  D=0x000000000000003e A=0x6f072
4135000: system.cpu: T0 : 0x104b6    : addiw a4, a5, 0            : IntAlu :  D=0x000000000000003e
4136000: system.cpu: T0 : 0x104ba    : ld a5, -24(s0)             : MemRead :  D=0x000000000006f070 A=0x7ffffffffffffdc8
4136500: system.cpu: T0 : 0x104be    : c_addi a5, 12              : IntAlu :  D=0x000000000006f07c
4137000: system.cpu: T0 : 0x104c0    : lh a5, 0(a5)               : MemRead :  D=0x000000000000003a A=0x6f07c
4137500: system.cpu: T0 : 0x104c4    : c_addiw a5, 0              : IntAlu :  D=0x000000000000003a
4138500: system.cpu: T0 : 0x104c6    : subw a5, a4, a5            : IntAlu :  D=0x0000000000000004
4139500: system.cpu: T0 : 0x104ca    : sw a5, -84(s0)             : MemWrite :  D=0x0000000000000004 A=0x7ffffffffffffd8c
4140500: system.cpu: T0 : 0x104ce    : ld a5, -24(s0)             : MemRead :  D=0x000000000006f070 A=0x7ffffffffffffdc8
4141000: system.cpu: T0 : 0x104d2    : c_addi a5, 4               : IntAlu :  D=0x000000000006f074
4141500: system.cpu: T0 : 0x104d4    : lh a5, 0(a5)               : MemRead :  D=0x000000000000003d A=0x6f074
4142000: system.cpu: T0 : 0x104d8    : addiw a4, a5, 0            : IntAlu :  D=0x000000000000003d
4142500: system.cpu: T0 : 0x104dc    : ld a5, -24(s0)             : MemRead :  D=0x000000000006f070 A=0x7ffffffffffffdc8
4143000: system.cpu: T0 : 0x104e0    : c_addi a5, 10              : IntAlu :  D=0x000000000006f07a
4144000: system.cpu: T0 : 0x104e2    : lh a5, 0(a5)               : MemRead :  D=0x000000000000003a A=0x6f07a
4144500: system.cpu: T0 : 0x104e6    : c_addiw a5, 0              : IntAlu :  D=0x000000000000003a
4145000: system.cpu: T0 : 0x104e8    : c_addw a5, a4              : IntAlu :  D=0x0000000000000077
4146000: system.cpu: T0 : 0x104ea    : sw a5, -80(s0)             : MemWrite :  D=0x0000000000000077 A=0x7ffffffffffffd90
4147000: system.cpu: T0 : 0x104ee    : ld a5, -24(s0)             : MemRead :  D=0x000000000006f070 A=0x7ffffffffffffdc8
4147500: system.cpu: T0 : 0x104f2    : c_addi a5, 4               : IntAlu :  D=0x000000000006f074
4148000: system.cpu: T0 : 0x104f4    : lh a5, 0(a5)               : MemRead :  D=0x000000000000003d A=0x6f074
4148500: system.cpu: T0 : 0x104f8    : addiw a4, a5, 0            : IntAlu :  D=0x000000000000003d
4149000: system.cpu: T0 : 0x104fc    : ld a5, -24(s0)             : MemRead :  D=0x000000000006f070 A=0x7ffffffffffffdc8
4149500: system.cpu: T0 : 0x10500    : c_addi a5, 10              : IntAlu :  D=0x000000000006f07a
4150500: system.cpu: T0 : 0x10502    : lh a5, 0(a5)               : MemRead :  D=0x000000000000003a A=0x6f07a
4151000: system.cpu: T0 : 0x10506    : c_addiw a5, 0              : IntAlu :  D=0x000000000000003a
4151500: system.cpu: T0 : 0x10508    : subw a5, a4, a5            : IntAlu :  D=0x0000000000000003
4152000: system.cpu: T0 : 0x1050c    : sw a5, -76(s0)             : MemWrite :  D=0x0000000000000003 A=0x7ffffffffffffd94
4152500: system.cpu: T0 : 0x10510    : ld a5, -24(s0)             : MemRead :  D=0x000000000006f070 A=0x7ffffffffffffdc8
4153000: system.cpu: T0 : 0x10514    : c_addi a5, 6               : IntAlu :  D=0x000000000006f076
4154000: system.cpu: T0 : 0x10516    : lh a5, 0(a5)               : MemRead :  D=0x000000000000003d A=0x6f076
4155000: system.cpu: T0 : 0x1051a    : addiw a4, a5, 0            : IntAlu :  D=0x000000000000003d
4156000: system.cpu: T0 : 0x1051e    : ld a5, -24(s0)             : MemRead :  D=0x000000000006f070 A=0x7ffffffffffffdc8
4156500: system.cpu: T0 : 0x10522    : c_addi a5, 8               : IntAlu :  D=0x000000000006f078
4157000: system.cpu: T0 : 0x10524    : lh a5, 0(a5)               : MemRead :  D=0x000000000000003f A=0x6f078
4157500: system.cpu: T0 : 0x10528    : c_addiw a5, 0              : IntAlu :  D=0x000000000000003f
4158000: system.cpu: T0 : 0x1052a    : c_addw a5, a4              : IntAlu :  D=0x000000000000007c
4158500: system.cpu: T0 : 0x1052c    : sw a5, -72(s0)             : MemWrite :  D=0x000000000000007c A=0x7ffffffffffffd98
4159000: system.cpu: T0 : 0x10530    : ld a5, -24(s0)             : MemRead :  D=0x000000000006f070 A=0x7ffffffffffffdc8
4159500: system.cpu: T0 : 0x10534    : c_addi a5, 6               : IntAlu :  D=0x000000000006f076
4160500: system.cpu: T0 : 0x10536    : lh a5, 0(a5)               : MemRead :  D=0x000000000000003d A=0x6f076
4161500: system.cpu: T0 : 0x1053a    : addiw a4, a5, 0            : IntAlu :  D=0x000000000000003d
4162500: system.cpu: T0 : 0x1053e    : ld a5, -24(s0)             : MemRead :  D=0x000000000006f070 A=0x7ffffffffffffdc8
4163000: system.cpu: T0 : 0x10542    : c_addi a5, 8               : IntAlu :  D=0x000000000006f078
4163500: system.cpu: T0 : 0x10544    : lh a5, 0(a5)               : MemRead :  D=0x000000000000003f A=0x6f078
4164000: system.cpu: T0 : 0x10548    : c_addiw a5, 0              : IntAlu :  D=0x000000000000003f
4165000: system.cpu: T0 : 0x1054a    : subw a5, a4, a5            : IntAlu :  D=0xfffffffffffffffe
4166000: system.cpu: T0 : 0x1054e    : sw a5, -68(s0)             : MemWrite :  D=0x00000000fffffffe A=0x7ffffffffffffd9c
4167000: system.cpu: T0 : 0x10552    : lw a4, -96(s0)             : MemRead :  D=0x0000000000000078 A=0x7ffffffffffffd80
4168000: system.cpu: T0 : 0x10556    : lw a5, -72(s0)             : MemRead :  D=0x000000000000007c A=0x7ffffffffffffd98
4168500: system.cpu: T0 : 0x1055a    : c_addw a5, a4              : IntAlu :  D=0x00000000000000f4
4169000: system.cpu: T0 : 0x1055c    : sw a5, -64(s0)             : MemWrite :  D=0x00000000000000f4 A=0x7ffffffffffffda0
4169500: system.cpu: T0 : 0x10560    : lw a4, -96(s0)             : MemRead :  D=0x0000000000000078 A=0x7ffffffffffffd80
4170000: system.cpu: T0 : 0x10564    : lw a5, -72(s0)             : MemRead :  D=0x000000000000007c A=0x7ffffffffffffd98
4170500: system.cpu: T0 : 0x10568    : subw a5, a4, a5            : IntAlu :  D=0xfffffffffffffffc
4171000: system.cpu: T0 : 0x1056c    : sw a5, -60(s0)             : MemWrite :  D=0x00000000fffffffc A=0x7ffffffffffffda4
4171500: system.cpu: T0 : 0x10570    : lw a4, -88(s0)             : MemRead :  D=0x0000000000000078 A=0x7ffffffffffffd88
4172000: system.cpu: T0 : 0x10574    : lw a5, -80(s0)             : MemRead :  D=0x0000000000000077 A=0x7ffffffffffffd90
4172500: system.cpu: T0 : 0x10578    : c_addw a5, a4              : IntAlu :  D=0x00000000000000ef
4173500: system.cpu: T0 : 0x1057a    : sw a5, -56(s0)             : MemWrite :  D=0x00000000000000ef A=0x7ffffffffffffda8
4174500: system.cpu: T0 : 0x1057e    : lw a4, -88(s0)             : MemRead :  D=0x0000000000000078 A=0x7ffffffffffffd88
4175500: system.cpu: T0 : 0x10582    : lw a5, -80(s0)             : MemRead :  D=0x0000000000000077 A=0x7ffffffffffffd90
4176500: system.cpu: T0 : 0x10586    : subw a5, a4, a5            : IntAlu :  D=0x0000000000000001
4177500: system.cpu: T0 : 0x1058a    : sw a5, -52(s0)             : MemWrite :  D=0x0000000000000001 A=0x7ffffffffffffdac
4178500: system.cpu: T0 : 0x1058e    : lw a4, -64(s0)             : MemRead :  D=0x00000000000000f4 A=0x7ffffffffffffda0
4179500: system.cpu: T0 : 0x10592    : lw a5, -56(s0)             : MemRead :  D=0x00000000000000ef A=0x7ffffffffffffda8
4180000: system.cpu: T0 : 0x10596    : c_addw a5, a4              : IntAlu :  D=0x00000000000001e3
4180500: system.cpu: T0 : 0x10598    : c_addiw a5, 0              : IntAlu :  D=0x00000000000001e3
4181500: system.cpu: T0 : 0x1059a    : slliw a5, a5, 2            : IntAlu :  D=0x000000000000078c
4182000: system.cpu: T0 : 0x1059e    : c_addiw a5, 0              : IntAlu :  D=0x000000000000078c
4182500: system.cpu: T0 : 0x105a0    : slliw a4, a5, 16           : IntAlu :  D=0x00000000078c0000
4183000: system.cpu: T0 : 0x105a4    : sraiw a4, a4, 16           : IntAlu :  D=0x000000000000078c
4183500: system.cpu: T0 : 0x105a8    : ld a5, -24(s0)             : MemRead :  D=0x000000000006f070 A=0x7ffffffffffffdc8
4184000: system.cpu: T0 : 0x105ac    : sh a4, 0(a5)               : MemWrite :  D=0x000000000000078c A=0x6f070
4184500: system.cpu: T0 : 0x105b0    : lw a4, -64(s0)             : MemRead :  D=0x00000000000000f4 A=0x7ffffffffffffda0
4185000: system.cpu: T0 : 0x105b4    : lw a5, -56(s0)             : MemRead :  D=0x00000000000000ef A=0x7ffffffffffffda8
4185500: system.cpu: T0 : 0x105b8    : subw a5, a4, a5            : IntAlu :  D=0x0000000000000005
4186000: system.cpu: T0 : 0x105bc    : c_addiw a5, 0              : IntAlu :  D=0x0000000000000005
4187000: system.cpu: T0 : 0x105be    : slliw a5, a5, 2            : IntAlu :  D=0x0000000000000014
4188000: system.cpu: T0 : 0x105c2    : addiw a4, a5, 0            : IntAlu :  D=0x0000000000000014
4189000: system.cpu: T0 : 0x105c6    : ld a5, -24(s0)             : MemRead :  D=0x000000000006f070 A=0x7ffffffffffffdc8
4189500: system.cpu: T0 : 0x105ca    : c_addi a5, 8               : IntAlu :  D=0x000000000006f078
4190000: system.cpu: T0 : 0x105cc    : slliw a4, a4, 16           : IntAlu :  D=0x0000000000140000
4190500: system.cpu: T0 : 0x105d0    : sraiw a4, a4, 16           : IntAlu :  D=0x0000000000000014
4191000: system.cpu: T0 : 0x105d4    : sh a4, 0(a5)               : MemWrite :  D=0x0000000000000014 A=0x6f078
4191500: system.cpu: T0 : 0x105d8    : c_lui a5, 1                : IntAlu :  D=0x0000000000001000
4192500: system.cpu: T0 : 0x105da    : addiw a5, a5, 337          : IntAlu :  D=0x0000000000001151
4193500: system.cpu: T0 : 0x105de    : sw a5, -48(s0)             : MemWrite :  D=0x0000000000001151 A=0x7ffffffffffffdb0
4194500: system.cpu: T0 : 0x105e2    : lw a4, -52(s0)             : MemRead :  D=0x0000000000000001 A=0x7ffffffffffffdac
4195500: system.cpu: T0 : 0x105e6    : lw a5, -60(s0)             : MemRead :  D=0xfffffffffffffffc A=0x7ffffffffffffda4
4196000: system.cpu: T0 : 0x105ea    : c_addw a5, a4              : IntAlu :  D=0xfffffffffffffffd
4196500: system.cpu: T0 : 0x105ec    : c_addiw a5, 0              : IntAlu :  D=0xfffffffffffffffd
4197500: system.cpu: T0 : 0x105ee    : lw a4, -48(s0)             : MemRead :  D=0x0000000000001151 A=0x7ffffffffffffdb0
4198500: system.cpu: T0 : 0x105f2    : mulw a5, a4, a5            : IntMult :  D=0xffffffffffffcc0d
4199500: system.cpu: T0 : 0x105f6    : sw a5, -44(s0)             : MemWrite :  D=0x00000000ffffcc0d A=0x7ffffffffffffdb4
4200000: system.cpu: T0 : 0x105fa    : c_lui a5, 2                : IntAlu :  D=0x0000000000002000
4200500: system.cpu: T0 : 0x105fc    : addiw a5, a5, -1922        : IntAlu :  D=0x000000000000187e
4201000: system.cpu: T0 : 0x10600    : sw a5, -48(s0)             : MemWrite :  D=0x000000000000187e A=0x7ffffffffffffdb0
4201500: system.cpu: T0 : 0x10604    : lw a4, -60(s0)             : MemRead :  D=0xfffffffffffffffc A=0x7ffffffffffffda4
4202000: system.cpu: T0 : 0x10608    : lw a5, -48(s0)             : MemRead :  D=0x000000000000187e A=0x7ffffffffffffdb0
4202500: system.cpu: T0 : 0x1060c    : mulw a5, a4, a5            : IntMult :  D=0xffffffffffff9e08
4203000: system.cpu: T0 : 0x10610    : c_addiw a5, 0              : IntAlu :  D=0xffffffffffff9e08
4204000: system.cpu: T0 : 0x10612    : lw a4, -44(s0)             : MemRead :  D=0xffffffffffffcc0d A=0x7ffffffffffffdb4
4204500: system.cpu: T0 : 0x10616    : c_addw a5, a4              : IntAlu :  D=0xffffffffffff6a15
4205000: system.cpu: T0 : 0x10618    : c_addiw a5, 0              : IntAlu :  D=0xffffffffffff6a15
4206000: system.cpu: T0 : 0x1061a    : sraiw a5, a5, 11           : IntAlu :  D=0xffffffffffffffed
4207000: system.cpu: T0 : 0x1061e    : addiw a4, a5, 0            : IntAlu :  D=0xffffffffffffffed
4208000: system.cpu: T0 : 0x10622    : ld a5, -24(s0)             : MemRead :  D=0x000000000006f070 A=0x7ffffffffffffdc8
4208500: system.cpu: T0 : 0x10626    : c_addi a5, 4               : IntAlu :  D=0x000000000006f074
4209000: system.cpu: T0 : 0x10628    : slliw a4, a4, 16           : IntAlu :  D=0xffffffffffed0000
4209500: system.cpu: T0 : 0x1062c    : sraiw a4, a4, 16           : IntAlu :  D=0xffffffffffffffed
4210000: system.cpu: T0 : 0x10630    : sh a4, 0(a5)               : MemWrite :  D=0x000000000000ffed A=0x6f074
4210500: system.cpu: T0 : 0x10634    : c_lui a5, 1048572          : IntAlu :  D=0xffffffffffffc000
4211500: system.cpu: T0 : 0x10636    : addiw a5, a5, 1247         : IntAlu :  D=0xffffffffffffc4df
4212500: system.cpu: T0 : 0x1063a    : sw a5, -48(s0)             : MemWrite :  D=0x00000000ffffc4df A=0x7ffffffffffffdb0
4213500: system.cpu: T0 : 0x1063e    : lw a4, -52(s0)             : MemRead :  D=0x0000000000000001 A=0x7ffffffffffffdac
4214500: system.cpu: T0 : 0x10642    : lw a5, -48(s0)             : MemRead :  D=0xffffffffffffc4df A=0x7ffffffffffffdb0
4215500: system.cpu: T0 : 0x10646    : mulw a5, a4, a5            : IntMult :  D=0xffffffffffffc4df
4216000: system.cpu: T0 : 0x1064a    : c_addiw a5, 0              : IntAlu :  D=0xffffffffffffc4df
4216500: system.cpu: T0 : 0x1064c    : lw a4, -44(s0)             : MemRead :  D=0xffffffffffffcc0d A=0x7ffffffffffffdb4
4217000: system.cpu: T0 : 0x10650    : c_addw a5, a4              : IntAlu :  D=0xffffffffffff90ec
4217500: system.cpu: T0 : 0x10652    : c_addiw a5, 0              : IntAlu :  D=0xffffffffffff90ec
4218000: system.cpu: T0 : 0x10654    : sraiw a5, a5, 11           : IntAlu :  D=0xfffffffffffffff2
4218500: system.cpu: T0 : 0x10658    : addiw a4, a5, 0            : IntAlu :  D=0xfffffffffffffff2
4219000: system.cpu: T0 : 0x1065c    : ld a5, -24(s0)             : MemRead :  D=0x000000000006f070 A=0x7ffffffffffffdc8
4219500: system.cpu: T0 : 0x10660    : c_addi a5, 12              : IntAlu :  D=0x000000000006f07c
4220500: system.cpu: T0 : 0x10662    : slliw a4, a4, 16           : IntAlu :  D=0xfffffffffff20000
4221500: system.cpu: T0 : 0x10666    : sraiw a4, a4, 16           : IntAlu :  D=0xfffffffffffffff2
4222500: system.cpu: T0 : 0x1066a    : sh a4, 0(a5)               : MemWrite :  D=0x000000000000fff2 A=0x6f07c
4223500: system.cpu: T0 : 0x1066e    : lw a4, -68(s0)             : MemRead :  D=0xfffffffffffffffe A=0x7ffffffffffffd9c
4224500: system.cpu: T0 : 0x10672    : lw a5, -92(s0)             : MemRead :  D=0x0000000000000004 A=0x7ffffffffffffd84
4225000: system.cpu: T0 : 0x10676    : c_addw a5, a4              : IntAlu :  D=0x0000000000000002
4225500: system.cpu: T0 : 0x10678    : sw a5, -44(s0)             : MemWrite :  D=0x0000000000000002 A=0x7ffffffffffffdb4
4226000: system.cpu: T0 : 0x1067c    : lw a4, -76(s0)             : MemRead :  D=0x0000000000000003 A=0x7ffffffffffffd94
4226500: system.cpu: T0 : 0x10680    : lw a5, -84(s0)             : MemRead :  D=0x0000000000000004 A=0x7ffffffffffffd8c
4227000: system.cpu: T0 : 0x10684    : c_addw a5, a4              : IntAlu :  D=0x0000000000000007
4228000: system.cpu: T0 : 0x10686    : sw a5, -40(s0)             : MemWrite :  D=0x0000000000000007 A=0x7ffffffffffffdb8
4229000: system.cpu: T0 : 0x1068a    : lw a4, -68(s0)             : MemRead :  D=0xfffffffffffffffe A=0x7ffffffffffffd9c
4230000: system.cpu: T0 : 0x1068e    : lw a5, -84(s0)             : MemRead :  D=0x0000000000000004 A=0x7ffffffffffffd8c
4230500: system.cpu: T0 : 0x10692    : c_addw a5, a4              : IntAlu :  D=0x0000000000000002
4231000: system.cpu: T0 : 0x10694    : sw a5, -36(s0)             : MemWrite :  D=0x0000000000000002 A=0x7ffffffffffffdbc
4231500: system.cpu: T0 : 0x10698    : lw a4, -76(s0)             : MemRead :  D=0x0000000000000003 A=0x7ffffffffffffd94
4232000: system.cpu: T0 : 0x1069c    : lw a5, -92(s0)             : MemRead :  D=0x0000000000000004 A=0x7ffffffffffffd84
4232500: system.cpu: T0 : 0x106a0    : c_addw a5, a4              : IntAlu :  D=0x0000000000000007
4233500: system.cpu: T0 : 0x106a2    : sw a5, -32(s0)             : MemWrite :  D=0x0000000000000007 A=0x7ffffffffffffdc0
4234000: system.cpu: T0 : 0x106a6    : c_lui a5, 2                : IntAlu :  D=0x0000000000002000
4234500: system.cpu: T0 : 0x106a8    : addiw a5, a5, 1441         : IntAlu :  D=0x00000000000025a1
4235000: system.cpu: T0 : 0x106ac    : sw a5, -48(s0)             : MemWrite :  D=0x00000000000025a1 A=0x7ffffffffffffdb0
4235500: system.cpu: T0 : 0x106b0    : lw a4, -36(s0)             : MemRead :  D=0x0000000000000002 A=0x7ffffffffffffdbc
4236000: system.cpu: T0 : 0x106b4    : lw a5, -32(s0)             : MemRead :  D=0x0000000000000007 A=0x7ffffffffffffdc0
4236500: system.cpu: T0 : 0x106b8    : c_addw a5, a4              : IntAlu :  D=0x0000000000000009
4237000: system.cpu: T0 : 0x106ba    : c_addiw a5, 0              : IntAlu :  D=0x0000000000000009
4237500: system.cpu: T0 : 0x106bc    : lw a4, -48(s0)             : MemRead :  D=0x00000000000025a1 A=0x7ffffffffffffdb0
4238000: system.cpu: T0 : 0x106c0    : mulw a5, a4, a5            : IntMult :  D=0x00000000000152a9
4238500: system.cpu: T0 : 0x106c4    : sw a5, -28(s0)             : MemWrite :  D=0x00000000000152a9 A=0x7ffffffffffffdc4
4239000: system.cpu: T0 : 0x106c8    : c_lui a5, 1                : IntAlu :  D=0x0000000000001000
4240000: system.cpu: T0 : 0x106ca    : addiw a5, a5, -1650        : IntAlu :  D=0x000000000000098e
4241000: system.cpu: T0 : 0x106ce    : sw a5, -48(s0)             : MemWrite :  D=0x000000000000098e A=0x7ffffffffffffdb0
4242000: system.cpu: T0 : 0x106d2    : lw a4, -68(s0)             : MemRead :  D=0xfffffffffffffffe A=0x7ffffffffffffd9c
4243000: system.cpu: T0 : 0x106d6    : lw a5, -48(s0)             : MemRead :  D=0x000000000000098e A=0x7ffffffffffffdb0
4244000: system.cpu: T0 : 0x106da    : mulw a5, a4, a5            : IntMult :  D=0xffffffffffffece4
4245000: system.cpu: T0 : 0x106de    : sw a5, -68(s0)             : MemWrite :  D=0x00000000ffffece4 A=0x7ffffffffffffd9c
4245500: system.cpu: T0 : 0x106e2    : c_lui a5, 4                : IntAlu :  D=0x0000000000004000
4246000: system.cpu: T0 : 0x106e4    : addiw a5, a5, 435          : IntAlu :  D=0x00000000000041b3
4246500: system.cpu: T0 : 0x106e8    : sw a5, -48(s0)             : MemWrite :  D=0x00000000000041b3 A=0x7ffffffffffffdb0
4247000: system.cpu: T0 : 0x106ec    : lw a4, -76(s0)             : MemRead :  D=0x0000000000000003 A=0x7ffffffffffffd94
4247500: system.cpu: T0 : 0x106f0    : lw a5, -48(s0)             : MemRead :  D=0x00000000000041b3 A=0x7ffffffffffffdb0
4248000: system.cpu: T0 : 0x106f4    : mulw a5, a4, a5            : IntMult :  D=0x000000000000c519
4248500: system.cpu: T0 : 0x106f8    : sw a5, -76(s0)             : MemWrite :  D=0x000000000000c519 A=0x7ffffffffffffd94
4249000: system.cpu: T0 : 0x106fc    : c_lui a5, 6                : IntAlu :  D=0x0000000000006000
4250000: system.cpu: T0 : 0x106fe    : addiw a5, a5, 596          : IntAlu :  D=0x0000000000006254
4251000: system.cpu: T0 : 0x10702    : sw a5, -48(s0)             : MemWrite :  D=0x0000000000006254 A=0x7ffffffffffffdb0
4252000: system.cpu: T0 : 0x10706    : lw a4, -84(s0)             : MemRead :  D=0x0000000000000004 A=0x7ffffffffffffd8c
4253000: system.cpu: T0 : 0x1070a    : lw a5, -48(s0)             : MemRead :  D=0x0000000000006254 A=0x7ffffffffffffdb0
4254000: system.cpu: T0 : 0x1070e    : mulw a5, a4, a5            : IntMult :  D=0x0000000000018950
4255000: system.cpu: T0 : 0x10712    : sw a5, -84(s0)             : MemWrite :  D=0x0000000000018950 A=0x7ffffffffffffd8c
4255500: system.cpu: T0 : 0x10716    : c_lui a5, 3                : IntAlu :  D=0x0000000000003000
4256000: system.cpu: T0 : 0x10718    : c_addiw a5, 11             : IntAlu :  D=0x000000000000300b
4257000: system.cpu: T0 : 0x1071a    : sw a5, -48(s0)             : MemWrite :  D=0x000000000000300b A=0x7ffffffffffffdb0
4258000: system.cpu: T0 : 0x1071e    : lw a4, -92(s0)             : MemRead :  D=0x0000000000000004 A=0x7ffffffffffffd84
4259000: system.cpu: T0 : 0x10722    : lw a5, -48(s0)             : MemRead :  D=0x000000000000300b A=0x7ffffffffffffdb0
4260000: system.cpu: T0 : 0x10726    : mulw a5, a4, a5            : IntMult :  D=0x000000000000c02c
4261000: system.cpu: T0 : 0x1072a    : sw a5, -92(s0)             : MemWrite :  D=0x000000000000c02c A=0x7ffffffffffffd84
4261500: system.cpu: T0 : 0x1072e    : c_lui a5, 1048574          : IntAlu :  D=0xffffffffffffe000
4262000: system.cpu: T0 : 0x10730    : addiw a5, a5, 819          : IntAlu :  D=0xffffffffffffe333
4262500: system.cpu: T0 : 0x10734    : sw a5, -48(s0)             : MemWrite :  D=0x00000000ffffe333 A=0x7ffffffffffffdb0
4263000: system.cpu: T0 : 0x10738    : lw a4, -44(s0)             : MemRead :  D=0x0000000000000002 A=0x7ffffffffffffdb4
4263500: system.cpu: T0 : 0x1073c    : lw a5, -48(s0)             : MemRead :  D=0xffffffffffffe333 A=0x7ffffffffffffdb0
4264000: system.cpu: T0 : 0x10740    : mulw a5, a4, a5            : IntMult :  D=0xffffffffffffc666
4264500: system.cpu: T0 : 0x10744    : sw a5, -44(s0)             : MemWrite :  D=0x00000000ffffc666 A=0x7ffffffffffffdb4
4265000: system.cpu: T0 : 0x10748    : c_lui a5, 1048571          : IntAlu :  D=0xffffffffffffb000
4266000: system.cpu: T0 : 0x1074a    : addiw a5, a5, -515         : IntAlu :  D=0xffffffffffffadfd
4267000: system.cpu: T0 : 0x1074e    : sw a5, -48(s0)             : MemWrite :  D=0x00000000ffffadfd A=0x7ffffffffffffdb0
4268000: system.cpu: T0 : 0x10752    : lw a4, -40(s0)             : MemRead :  D=0x0000000000000007 A=0x7ffffffffffffdb8
4269000: system.cpu: T0 : 0x10756    : lw a5, -48(s0)             : MemRead :  D=0xffffffffffffadfd A=0x7ffffffffffffdb0
4270000: system.cpu: T0 : 0x1075a    : mulw a5, a4, a5            : IntMult :  D=0xfffffffffffdc1eb
4271000: system.cpu: T0 : 0x1075e    : sw a5, -40(s0)             : MemWrite :  D=0x00000000fffdc1eb A=0x7ffffffffffffdb8
4271500: system.cpu: T0 : 0x10762    : c_lui a5, 1048572          : IntAlu :  D=0xffffffffffffc000
4272000: system.cpu: T0 : 0x10764    : addiw a5, a5, 315          : IntAlu :  D=0xffffffffffffc13b
4272500: system.cpu: T0 : 0x10768    : sw a5, -48(s0)             : MemWrite :  D=0x00000000ffffc13b A=0x7ffffffffffffdb0
4273000: system.cpu: T0 : 0x1076c    : lw a4, -36(s0)             : MemRead :  D=0x0000000000000002 A=0x7ffffffffffffdbc
4273500: system.cpu: T0 : 0x10770    : lw a5, -48(s0)             : MemRead :  D=0xffffffffffffc13b A=0x7ffffffffffffdb0
4274000: system.cpu: T0 : 0x10774    : mulw a5, a4, a5            : IntMult :  D=0xffffffffffff8276
4274500: system.cpu: T0 : 0x10778    : sw a5, -36(s0)             : MemWrite :  D=0x00000000ffff8276 A=0x7ffffffffffffdbc
4275000: system.cpu: T0 : 0x1077c    : c_lui a5, 1048575          : IntAlu :  D=0xfffffffffffff000
4276000: system.cpu: T0 : 0x1077e    : addiw a5, a5, 900          : IntAlu :  D=0xfffffffffffff384
4277000: system.cpu: T0 : 0x10782    : sw a5, -48(s0)             : MemWrite :  D=0x00000000fffff384 A=0x7ffffffffffffdb0
4278000: system.cpu: T0 : 0x10786    : lw a4, -32(s0)             : MemRead :  D=0x0000000000000007 A=0x7ffffffffffffdc0
4279000: system.cpu: T0 : 0x1078a    : lw a5, -48(s0)             : MemRead :  D=0xfffffffffffff384 A=0x7ffffffffffffdb0
4280000: system.cpu: T0 : 0x1078e    : mulw a5, a4, a5            : IntMult :  D=0xffffffffffffa89c
4281000: system.cpu: T0 : 0x10792    : sw a5, -32(s0)             : MemWrite :  D=0x00000000ffffa89c A=0x7ffffffffffffdc0
4282000: system.cpu: T0 : 0x10796    : lw a4, -36(s0)             : MemRead :  D=0xffffffffffff8276 A=0x7ffffffffffffdbc
4283000: system.cpu: T0 : 0x1079a    : lw a5, -28(s0)             : MemRead :  D=0x00000000000152a9 A=0x7ffffffffffffdc4
4283500: system.cpu: T0 : 0x1079e    : c_addw a5, a4              : IntAlu :  D=0x000000000000d51f
4284000: system.cpu: T0 : 0x107a0    : sw a5, -36(s0)             : MemWrite :  D=0x000000000000d51f A=0x7ffffffffffffdbc
4284500: system.cpu: T0 : 0x107a4    : lw a4, -32(s0)             : MemRead :  D=0xffffffffffffa89c A=0x7ffffffffffffdc0
4285000: system.cpu: T0 : 0x107a8    : lw a5, -28(s0)             : MemRead :  D=0x00000000000152a9 A=0x7ffffffffffffdc4
4285500: system.cpu: T0 : 0x107ac    : c_addw a5, a4              : IntAlu :  D=0x000000000000fb45
4286500: system.cpu: T0 : 0x107ae    : sw a5, -32(s0)             : MemWrite :  D=0x000000000000fb45 A=0x7ffffffffffffdc0
4287500: system.cpu: T0 : 0x107b2    : lw a4, -68(s0)             : MemRead :  D=0xffffffffffffece4 A=0x7ffffffffffffd9c
4288500: system.cpu: T0 : 0x107b6    : lw a5, -44(s0)             : MemRead :  D=0xffffffffffffc666 A=0x7ffffffffffffdb4
4289000: system.cpu: T0 : 0x107ba    : c_addw a5, a4              : IntAlu :  D=0xffffffffffffb34a
4289500: system.cpu: T0 : 0x107bc    : c_addiw a5, 0              : IntAlu :  D=0xffffffffffffb34a
4290500: system.cpu: T0 : 0x107be    : lw a4, -36(s0)             : MemRead :  D=0x000000000000d51f A=0x7ffffffffffffdbc
4291000: system.cpu: T0 : 0x107c2    : c_addw a5, a4              : IntAlu :  D=0x0000000000008869
4291500: system.cpu: T0 : 0x107c4    : c_addiw a5, 0              : IntAlu :  D=0x0000000000008869
4292500: system.cpu: T0 : 0x107c6    : sraiw a5, a5, 11           : IntAlu :  D=0x0000000000000011
4293500: system.cpu: T0 : 0x107ca    : addiw a4, a5, 0            : IntAlu :  D=0x0000000000000011
4294500: system.cpu: T0 : 0x107ce    : ld a5, -24(s0)             : MemRead :  D=0x000000000006f070 A=0x7ffffffffffffdc8
4295000: system.cpu: T0 : 0x107d2    : c_addi a5, 14              : IntAlu :  D=0x000000000006f07e
4295500: system.cpu: T0 : 0x107d4    : slliw a4, a4, 16           : IntAlu :  D=0x0000000000110000
4296000: system.cpu: T0 : 0x107d8    : sraiw a4, a4, 16           : IntAlu :  D=0x0000000000000011
4296500: system.cpu: T0 : 0x107dc    : sh a4, 0(a5)               : MemWrite :  D=0x0000000000000011 A=0x6f07e
4297000: system.cpu: T0 : 0x107e0    : lw a4, -76(s0)             : MemRead :  D=0x000000000000c519 A=0x7ffffffffffffd94
4297500: system.cpu: T0 : 0x107e4    : lw a5, -40(s0)             : MemRead :  D=0xfffffffffffdc1eb A=0x7ffffffffffffdb8
4298000: system.cpu: T0 : 0x107e8    : c_addw a5, a4              : IntAlu :  D=0xfffffffffffe8704
4298500: system.cpu: T0 : 0x107ea    : c_addiw a5, 0              : IntAlu :  D=0xfffffffffffe8704
4299000: system.cpu: T0 : 0x107ec    : lw a4, -32(s0)             : MemRead :  D=0x000000000000fb45 A=0x7ffffffffffffdc0
4299500: system.cpu: T0 : 0x107f0    : c_addw a5, a4              : IntAlu :  D=0xffffffffffff8249
4300000: system.cpu: T0 : 0x107f2    : c_addiw a5, 0              : IntAlu :  D=0xffffffffffff8249
4300500: system.cpu: T0 : 0x107f4    : sraiw a5, a5, 11           : IntAlu :  D=0xfffffffffffffff0
4301000: system.cpu: T0 : 0x107f8    : addiw a4, a5, 0            : IntAlu :  D=0xfffffffffffffff0
4301500: system.cpu: T0 : 0x107fc    : ld a5, -24(s0)             : MemRead :  D=0x000000000006f070 A=0x7ffffffffffffdc8
4302000: system.cpu: T0 : 0x10800    : c_addi a5, 10              : IntAlu :  D=0x000000000006f07a
4303000: system.cpu: T0 : 0x10802    : slliw a4, a4, 16           : IntAlu :  D=0xfffffffffff00000
4304000: system.cpu: T0 : 0x10806    : sraiw a4, a4, 16           : IntAlu :  D=0xfffffffffffffff0
4305000: system.cpu: T0 : 0x1080a    : sh a4, 0(a5)               : MemWrite :  D=0x000000000000fff0 A=0x6f07a
4306000: system.cpu: T0 : 0x1080e    : lw a4, -84(s0)             : MemRead :  D=0x0000000000018950 A=0x7ffffffffffffd8c
4307000: system.cpu: T0 : 0x10812    : lw a5, -40(s0)             : MemRead :  D=0xfffffffffffdc1eb A=0x7ffffffffffffdb8
4307500: system.cpu: T0 : 0x10816    : c_addw a5, a4              : IntAlu :  D=0xffffffffffff4b3b
4308000: system.cpu: T0 : 0x10818    : c_addiw a5, 0              : IntAlu :  D=0xffffffffffff4b3b
4309000: system.cpu: T0 : 0x1081a    : lw a4, -36(s0)             : MemRead :  D=0x000000000000d51f A=0x7ffffffffffffdbc
4309500: system.cpu: T0 : 0x1081e    : c_addw a5, a4              : IntAlu :  D=0x000000000000205a
4310000: system.cpu: T0 : 0x10820    : c_addiw a5, 0              : IntAlu :  D=0x000000000000205a
4311000: system.cpu: T0 : 0x10822    : sraiw a5, a5, 11           : IntAlu :  D=0x0000000000000004
4312000: system.cpu: T0 : 0x10826    : addiw a4, a5, 0            : IntAlu :  D=0x0000000000000004
4313000: system.cpu: T0 : 0x1082a    : ld a5, -24(s0)             : MemRead :  D=0x000000000006f070 A=0x7ffffffffffffdc8
4313500: system.cpu: T0 : 0x1082e    : c_addi a5, 6               : IntAlu :  D=0x000000000006f076
4314000: system.cpu: T0 : 0x10830    : slliw a4, a4, 16           : IntAlu :  D=0x0000000000040000
4314500: system.cpu: T0 : 0x10834    : sraiw a4, a4, 16           : IntAlu :  D=0x0000000000000004
4315000: system.cpu: T0 : 0x10838    : sh a4, 0(a5)               : MemWrite :  D=0x0000000000000004 A=0x6f076
4315500: system.cpu: T0 : 0x1083c    : lw a4, -92(s0)             : MemRead :  D=0x000000000000c02c A=0x7ffffffffffffd84
4316000: system.cpu: T0 : 0x10840    : lw a5, -44(s0)             : MemRead :  D=0xffffffffffffc666 A=0x7ffffffffffffdb4
4316500: system.cpu: T0 : 0x10844    : c_addw a5, a4              : IntAlu :  D=0x0000000000008692
4317000: system.cpu: T0 : 0x10846    : c_addiw a5, 0              : IntAlu :  D=0x0000000000008692
4317500: system.cpu: T0 : 0x10848    : lw a4, -32(s0)             : MemRead :  D=0x000000000000fb45 A=0x7ffffffffffffdc0
4318000: system.cpu: T0 : 0x1084c    : c_addw a5, a4              : IntAlu :  D=0x00000000000181d7
4318500: system.cpu: T0 : 0x1084e    : c_addiw a5, 0              : IntAlu :  D=0x00000000000181d7
4319000: system.cpu: T0 : 0x10850    : sraiw a5, a5, 11           : IntAlu :  D=0x0000000000000030
4319500: system.cpu: T0 : 0x10854    : addiw a4, a5, 0            : IntAlu :  D=0x0000000000000030
4320000: system.cpu: T0 : 0x10858    : ld a5, -24(s0)             : MemRead :  D=0x000000000006f070 A=0x7ffffffffffffdc8
4320500: system.cpu: T0 : 0x1085c    : c_addi a5, 2               : IntAlu :  D=0x000000000006f072
4321500: system.cpu: T0 : 0x1085e    : slliw a4, a4, 16           : IntAlu :  D=0x0000000000300000
4322500: system.cpu: T0 : 0x10862    : sraiw a4, a4, 16           : IntAlu :  D=0x0000000000000030
4323500: system.cpu: T0 : 0x10866    : sh a4, 0(a5)               : MemWrite :  D=0x0000000000000030 A=0x6f072
4324500: system.cpu: T0 : 0x1086a    : lw a5, -124(s0)            : MemRead :  D=0x0000000000000008 A=0x7ffffffffffffd64
4325000: system.cpu: T0 : 0x1086e    : c_slli a5, 1               : IntAlu :  D=0x0000000000000010
4325500: system.cpu: T0 : 0x10870    : ld a4, -24(s0)             : MemRead :  D=0x000000000006f070 A=0x7ffffffffffffdc8
4326000: system.cpu: T0 : 0x10874    : c_add a5, a4               : IntAlu :  D=0x000000000006f080
4327000: system.cpu: T0 : 0x10876    : sd a5, -24(s0)             : MemWrite :  D=0x000000000006f080 A=0x7ffffffffffffdc8
4328000: system.cpu: T0 : 0x1087a    : lw a5, -100(s0)            : MemRead :  D=0x0000000000000007 A=0x7ffffffffffffd7c
4328500: system.cpu: T0 : 0x1087e    : c_addiw a5, 1              : IntAlu :  D=0x0000000000000008
4329000: system.cpu: T0 : 0x10880    : sw a5, -100(s0)            : MemWrite :  D=0x0000000000000008 A=0x7ffffffffffffd7c
4329500: system.cpu: T0 : 0x10884    : lw a5, -100(s0)            : MemRead :  D=0x0000000000000008 A=0x7ffffffffffffd7c
4330000: system.cpu: T0 : 0x10888    : addiw a4, a5, 0            : IntAlu :  D=0x0000000000000008
4330500: system.cpu: T0 : 0x1088c    : c_li a5, 7                 : IntAlu :  D=0x0000000000000007
4331500: system.cpu: T0 : 0x1088e    : bge a5, a4, -1088          : IntAlu : 
4332500: system.cpu: T0 : 0x10892    : ld a5, -120(s0)            : MemRead :  D=0x000000000006f000 A=0x7ffffffffffffd68
4333500: system.cpu: T0 : 0x10896    : sd a5, -24(s0)             : MemWrite :  D=0x000000000006f000 A=0x7ffffffffffffdc8
4334500: system.cpu: T0 : 0x1089a    : sw zero, -100(s0)          : MemWrite :  D=0x0000000000000000 A=0x7ffffffffffffd7c
4335000: system.cpu: T0 : 0x1089e    : c_j 1368                   : IntAlu : 
4336000: system.cpu: T0 : 0x10df6    : lw a5, -100(s0)            : MemRead :  D=0x0000000000000000 A=0x7ffffffffffffd7c
4337000: system.cpu: T0 : 0x10dfa    : addiw a4, a5, 0            : IntAlu :  D=0x0000000000000000
4337500: system.cpu: T0 : 0x10dfe    : c_li a5, 7                 : IntAlu :  D=0x0000000000000007
4338000: system.cpu: T0 : 0x10e00    : bge a5, a4, -1376          : IntAlu : 
4338500: system.cpu: T0 : 0x108a0    : ld a5, -24(s0)             : MemRead :  D=0x000000000006f000 A=0x7ffffffffffffdc8
4339000: system.cpu: T0 : 0x108a4    : lh a5, 0(a5)               : MemRead :  D=0x0000000000000bf4 A=0x6f000
4339500: system.cpu: T0 : 0x108a8    : addiw a3, a5, 0            : IntAlu :  D=0x0000000000000bf4
4340000: system.cpu: T0 : 0x108ac    : lw a4, -124(s0)            : MemRead :  D=0x0000000000000008 A=0x7ffffffffffffd64
4340500: system.cpu: T0 : 0x108b0    : c_mv a5, a4                : IntAlu :  D=0x0000000000000008
4341500: system.cpu: T0 : 0x108b2    : slliw a5, a5, 3            : IntAlu :  D=0x0000000000000040
4342000: system.cpu: T0 : 0x108b6    : c_subw a5, a4              : IntAlu :  D=0x0000000000000038
4342500: system.cpu: T0 : 0x108b8    : c_addiw a5, 0              : IntAlu :  D=0x0000000000000038
4343000: system.cpu: T0 : 0x108ba    : c_slli a5, 1               : IntAlu :  D=0x0000000000000070
4343500: system.cpu: T0 : 0x108bc    : ld a4, -24(s0)             : MemRead :  D=0x000000000006f000 A=0x7ffffffffffffdc8
4344000: system.cpu: T0 : 0x108c0    : c_add a5, a4               : IntAlu :  D=0x000000000006f070
4345000: system.cpu: T0 : 0x108c2    : lh a5, 0(a5)               : MemRead :  D=0x000000000000078c A=0x6f070
4345500: system.cpu: T0 : 0x108c6    : c_addiw a5, 0              : IntAlu :  D=0x000000000000078c
4346000: system.cpu: T0 : 0x108c8    : c_addw a5, a3              : IntAlu :  D=0x0000000000001380
4347000: system.cpu: T0 : 0x108ca    : sw a5, -96(s0)             : MemWrite :  D=0x0000000000001380 A=0x7ffffffffffffd80
4348000: system.cpu: T0 : 0x108ce    : ld a5, -24(s0)             : MemRead :  D=0x000000000006f000 A=0x7ffffffffffffdc8
4349000: system.cpu: T0 : 0x108d2    : lh a5, 0(a5)               : MemRead :  D=0x0000000000000bf4 A=0x6f000
4350000: system.cpu: T0 : 0x108d6    : addiw a3, a5, 0            : IntAlu :  D=0x0000000000000bf4
4351000: system.cpu: T0 : 0x108da    : lw a4, -124(s0)            : MemRead :  D=0x0000000000000008 A=0x7ffffffffffffd64
4351500: system.cpu: T0 : 0x108de    : c_mv a5, a4                : IntAlu :  D=0x0000000000000008
4352000: system.cpu: T0 : 0x108e0    : slliw a5, a5, 3            : IntAlu :  D=0x0000000000000040
4352500: system.cpu: T0 : 0x108e4    : c_subw a5, a4              : IntAlu :  D=0x0000000000000038
4353000: system.cpu: T0 : 0x108e6    : c_addiw a5, 0              : IntAlu :  D=0x0000000000000038
4353500: system.cpu: T0 : 0x108e8    : c_slli a5, 1               : IntAlu :  D=0x0000000000000070
4354500: system.cpu: T0 : 0x108ea    : ld a4, -24(s0)             : MemRead :  D=0x000000000006f000 A=0x7ffffffffffffdc8
4355000: system.cpu: T0 : 0x108ee    : c_add a5, a4               : IntAlu :  D=0x000000000006f070
4355500: system.cpu: T0 : 0x108f0    : lh a5, 0(a5)               : MemRead :  D=0x000000000000078c A=0x6f070
4356000: system.cpu: T0 : 0x108f4    : c_addiw a5, 0              : IntAlu :  D=0x000000000000078c
4357000: system.cpu: T0 : 0x108f6    : subw a5, a3, a5            : IntAlu :  D=0x0000000000000468
4358000: system.cpu: T0 : 0x108fa    : sw a5, -92(s0)             : MemWrite :  D=0x0000000000000468 A=0x7ffffffffffffd84
4359000: system.cpu: T0 : 0x108fe    : lw a5, -124(s0)            : MemRead :  D=0x0000000000000008 A=0x7ffffffffffffd64
4359500: system.cpu: T0 : 0x10902    : c_slli a5, 1               : IntAlu :  D=0x0000000000000010
4360000: system.cpu: T0 : 0x10904    : ld a4, -24(s0)             : MemRead :  D=0x000000000006f000 A=0x7ffffffffffffdc8
4360500: system.cpu: T0 : 0x10908    : c_add a5, a4               : IntAlu :  D=0x000000000006f010
4361500: system.cpu: T0 : 0x1090a    : lh a5, 0(a5)               : MemRead :  D=0x0000000000000b6c A=0x6f010
4362500: system.cpu: T0 : 0x1090e    : addiw a3, a5, 0            : IntAlu :  D=0x0000000000000b6c
4363500: system.cpu: T0 : 0x10912    : lw a4, -124(s0)            : MemRead :  D=0x0000000000000008 A=0x7ffffffffffffd64
4364000: system.cpu: T0 : 0x10916    : c_mv a5, a4                : IntAlu :  D=0x0000000000000008
4364500: system.cpu: T0 : 0x10918    : slliw a5, a5, 1            : IntAlu :  D=0x0000000000000010
4365000: system.cpu: T0 : 0x1091c    : c_addw a5, a4              : IntAlu :  D=0x0000000000000018
4366000: system.cpu: T0 : 0x1091e    : slliw a5, a5, 1            : IntAlu :  D=0x0000000000000030
4366500: system.cpu: T0 : 0x10922    : c_addiw a5, 0              : IntAlu :  D=0x0000000000000030
4367000: system.cpu: T0 : 0x10924    : c_slli a5, 1               : IntAlu :  D=0x0000000000000060
4368000: system.cpu: T0 : 0x10926    : ld a4, -24(s0)             : MemRead :  D=0x000000000006f000 A=0x7ffffffffffffdc8
4368500: system.cpu: T0 : 0x1092a    : c_add a5, a4               : IntAlu :  D=0x000000000006f060
4369000: system.cpu: T0 : 0x1092c    : lh a5, 0(a5)               : MemRead :  D=0x0000000000000964 A=0x6f060
4369500: system.cpu: T0 : 0x10930    : c_addiw a5, 0              : IntAlu :  D=0x0000000000000964
4370000: system.cpu: T0 : 0x10932    : c_addw a5, a3              : IntAlu :  D=0x00000000000014d0
4370500: system.cpu: T0 : 0x10934    : sw a5, -88(s0)             : MemWrite :  D=0x00000000000014d0 A=0x7ffffffffffffd88
4371000: system.cpu: T0 : 0x10938    : lw a5, -124(s0)            : MemRead :  D=0x0000000000000008 A=0x7ffffffffffffd64
4371500: system.cpu: T0 : 0x1093c    : c_slli a5, 1               : IntAlu :  D=0x0000000000000010
4372500: system.cpu: T0 : 0x1093e    : ld a4, -24(s0)             : MemRead :  D=0x000000000006f000 A=0x7ffffffffffffdc8
4373000: system.cpu: T0 : 0x10942    : c_add a5, a4               : IntAlu :  D=0x000000000006f010
4373500: system.cpu: T0 : 0x10944    : lh a5, 0(a5)               : MemRead :  D=0x0000000000000b6c A=0x6f010
4374000: system.cpu: T0 : 0x10948    : addiw a3, a5, 0            : IntAlu :  D=0x0000000000000b6c
4374500: system.cpu: T0 : 0x1094c    : lw a4, -124(s0)            : MemRead :  D=0x0000000000000008 A=0x7ffffffffffffd64
4375000: system.cpu: T0 : 0x10950    : c_mv a5, a4                : IntAlu :  D=0x0000000000000008
4376000: system.cpu: T0 : 0x10952    : slliw a5, a5, 1            : IntAlu :  D=0x0000000000000010
4376500: system.cpu: T0 : 0x10956    : c_addw a5, a4              : IntAlu :  D=0x0000000000000018
4377000: system.cpu: T0 : 0x10958    : slliw a5, a5, 1            : IntAlu :  D=0x0000000000000030
4377500: system.cpu: T0 : 0x1095c    : c_addiw a5, 0              : IntAlu :  D=0x0000000000000030
4378000: system.cpu: T0 : 0x1095e    : c_slli a5, 1               : IntAlu :  D=0x0000000000000060
4378500: system.cpu: T0 : 0x10960    : ld a4, -24(s0)             : MemRead :  D=0x000000000006f000 A=0x7ffffffffffffdc8
4379000: system.cpu: T0 : 0x10964    : c_add a5, a4               : IntAlu :  D=0x000000000006f060
4380000: system.cpu: T0 : 0x10966    : lh a5, 0(a5)               : MemRead :  D=0x0000000000000964 A=0x6f060
4380500: system.cpu: T0 : 0x1096a    : c_addiw a5, 0              : IntAlu :  D=0x0000000000000964
4381000: system.cpu: T0 : 0x1096c    : subw a5, a3, a5            : IntAlu :  D=0x0000000000000208
4381500: system.cpu: T0 : 0x10970    : sw a5, -84(s0)             : MemWrite :  D=0x0000000000000208 A=0x7ffffffffffffd8c
4382000: system.cpu: T0 : 0x10974    : lw a5, -124(s0)            : MemRead :  D=0x0000000000000008 A=0x7ffffffffffffd64
4382500: system.cpu: T0 : 0x10978    : slliw a5, a5, 1            : IntAlu :  D=0x0000000000000010
4383000: system.cpu: T0 : 0x1097c    : c_addiw a5, 0              : IntAlu :  D=0x0000000000000010
4383500: system.cpu: T0 : 0x1097e    : c_slli a5, 1               : IntAlu :  D=0x0000000000000020
4384000: system.cpu: T0 : 0x10980    : ld a4, -24(s0)             : MemRead :  D=0x000000000006f000 A=0x7ffffffffffffdc8
4384500: system.cpu: T0 : 0x10984    : c_add a5, a4               : IntAlu :  D=0x000000000006f020
4385500: system.cpu: T0 : 0x10986    : lh a5, 0(a5)               : MemRead :  D=0x0000000000000bb8 A=0x6f020
4386500: system.cpu: T0 : 0x1098a    : addiw a3, a5, 0            : IntAlu :  D=0x0000000000000bb8
4387500: system.cpu: T0 : 0x1098e    : lw a4, -124(s0)            : MemRead :  D=0x0000000000000008 A=0x7ffffffffffffd64
4388000: system.cpu: T0 : 0x10992    : c_mv a5, a4                : IntAlu :  D=0x0000000000000008
4388500: system.cpu: T0 : 0x10994    : slliw a5, a5, 2            : IntAlu :  D=0x0000000000000020
4389000: system.cpu: T0 : 0x10998    : c_addw a5, a4              : IntAlu :  D=0x0000000000000028
4389500: system.cpu: T0 : 0x1099a    : c_addiw a5, 0              : IntAlu :  D=0x0000000000000028
4390000: system.cpu: T0 : 0x1099c    : c_slli a5, 1               : IntAlu :  D=0x0000000000000050
4391000: system.cpu: T0 : 0x1099e    : ld a4, -24(s0)             : MemRead :  D=0x000000000006f000 A=0x7ffffffffffffdc8
4391500: system.cpu: T0 : 0x109a2    : c_add a5, a4               : IntAlu :  D=0x000000000006f050
4392000: system.cpu: T0 : 0x109a4    : lh a5, 0(a5)               : MemRead :  D=0x0000000000000b2c A=0x6f050
4392500: system.cpu: T0 : 0x109a8    : c_addiw a5, 0              : IntAlu :  D=0x0000000000000b2c
4393000: system.cpu: T0 : 0x109aa    : c_addw a5, a3              : IntAlu :  D=0x00000000000016e4
4393500: system.cpu: T0 : 0x109ac    : sw a5, -80(s0)             : MemWrite :  D=0x00000000000016e4 A=0x7ffffffffffffd90
4394000: system.cpu: T0 : 0x109b0    : lw a5, -124(s0)            : MemRead :  D=0x0000000000000008 A=0x7ffffffffffffd64
4394500: system.cpu: T0 : 0x109b4    : slliw a5, a5, 1            : IntAlu :  D=0x0000000000000010
4395000: system.cpu: T0 : 0x109b8    : c_addiw a5, 0              : IntAlu :  D=0x0000000000000010
4395500: system.cpu: T0 : 0x109ba    : c_slli a5, 1               : IntAlu :  D=0x0000000000000020
4396000: system.cpu: T0 : 0x109bc    : ld a4, -24(s0)             : MemRead :  D=0x000000000006f000 A=0x7ffffffffffffdc8
4396500: system.cpu: T0 : 0x109c0    : c_add a5, a4               : IntAlu :  D=0x000000000006f020
4397500: system.cpu: T0 : 0x109c2    : lh a5, 0(a5)               : MemRead :  D=0x0000000000000bb8 A=0x6f020
4398500: system.cpu: T0 : 0x109c6    : addiw a3, a5, 0            : IntAlu :  D=0x0000000000000bb8
4399500: system.cpu: T0 : 0x109ca    : lw a4, -124(s0)            : MemRead :  D=0x0000000000000008 A=0x7ffffffffffffd64
4400000: system.cpu: T0 : 0x109ce    : c_mv a5, a4                : IntAlu :  D=0x0000000000000008
4400500: system.cpu: T0 : 0x109d0    : slliw a5, a5, 2            : IntAlu :  D=0x0000000000000020
4401000: system.cpu: T0 : 0x109d4    : c_addw a5, a4              : IntAlu :  D=0x0000000000000028
4401500: system.cpu: T0 : 0x109d6    : c_addiw a5, 0              : IntAlu :  D=0x0000000000000028
4402000: system.cpu: T0 : 0x109d8    : c_slli a5, 1               : IntAlu :  D=0x0000000000000050
4403000: system.cpu: T0 : 0x109da    : ld a4, -24(s0)             : MemRead :  D=0x000000000006f000 A=0x7ffffffffffffdc8
4403500: system.cpu: T0 : 0x109de    : c_add a5, a4               : IntAlu :  D=0x000000000006f050
4404000: system.cpu: T0 : 0x109e0    : lh a5, 0(a5)               : MemRead :  D=0x0000000000000b2c A=0x6f050
4404500: system.cpu: T0 : 0x109e4    : c_addiw a5, 0              : IntAlu :  D=0x0000000000000b2c
4405500: system.cpu: T0 : 0x109e6    : subw a5, a3, a5            : IntAlu :  D=0x000000000000008c
4406500: system.cpu: T0 : 0x109ea    : sw a5, -76(s0)             : MemWrite :  D=0x000000000000008c A=0x7ffffffffffffd94
4407500: system.cpu: T0 : 0x109ee    : lw a4, -124(s0)            : MemRead :  D=0x0000000000000008 A=0x7ffffffffffffd64
4408000: system.cpu: T0 : 0x109f2    : c_mv a5, a4                : IntAlu :  D=0x0000000000000008
4408500: system.cpu: T0 : 0x109f4    : slliw a5, a5, 1            : IntAlu :  D=0x0000000000000010
4409000: system.cpu: T0 : 0x109f8    : c_addw a5, a4              : IntAlu :  D=0x0000000000000018
4409500: system.cpu: T0 : 0x109fa    : c_addiw a5, 0              : IntAlu :  D=0x0000000000000018
4410000: system.cpu: T0 : 0x109fc    : c_slli a5, 1               : IntAlu :  D=0x0000000000000030
4411000: system.cpu: T0 : 0x109fe    : ld a4, -24(s0)             : MemRead :  D=0x000000000006f000 A=0x7ffffffffffffdc8
4411500: system.cpu: T0 : 0x10a02    : c_add a5, a4               : IntAlu :  D=0x000000000006f030
4412000: system.cpu: T0 : 0x10a04    : lh a5, 0(a5)               : MemRead :  D=0x0000000000000c2c A=0x6f030
4412500: system.cpu: T0 : 0x10a08    : addiw a4, a5, 0            : IntAlu :  D=0x0000000000000c2c
4413000: system.cpu: T0 : 0x10a0c    : lw a5, -124(s0)            : MemRead :  D=0x0000000000000008 A=0x7ffffffffffffd64
4413500: system.cpu: T0 : 0x10a10    : slliw a5, a5, 2            : IntAlu :  D=0x0000000000000020
4414000: system.cpu: T0 : 0x10a14    : c_addiw a5, 0              : IntAlu :  D=0x0000000000000020
4414500: system.cpu: T0 : 0x10a16    : c_slli a5, 1               : IntAlu :  D=0x0000000000000040
4415000: system.cpu: T0 : 0x10a18    : ld a3, -24(s0)             : MemRead :  D=0x000000000006f000 A=0x7ffffffffffffdc8
4415500: system.cpu: T0 : 0x10a1c    : c_add a5, a3               : IntAlu :  D=0x000000000006f040
4416500: system.cpu: T0 : 0x10a1e    : lh a5, 0(a5)               : MemRead :  D=0x0000000000000c04 A=0x6f040
4417000: system.cpu: T0 : 0x10a22    : c_addiw a5, 0              : IntAlu :  D=0x0000000000000c04
4417500: system.cpu: T0 : 0x10a24    : c_addw a5, a4              : IntAlu :  D=0x0000000000001830
4418500: system.cpu: T0 : 0x10a26    : sw a5, -72(s0)             : MemWrite :  D=0x0000000000001830 A=0x7ffffffffffffd98
4419500: system.cpu: T0 : 0x10a2a    : lw a4, -124(s0)            : MemRead :  D=0x0000000000000008 A=0x7ffffffffffffd64
4420000: system.cpu: T0 : 0x10a2e    : c_mv a5, a4                : IntAlu :  D=0x0000000000000008
4420500: system.cpu: T0 : 0x10a30    : slliw a5, a5, 1            : IntAlu :  D=0x0000000000000010
4421000: system.cpu: T0 : 0x10a34    : c_addw a5, a4              : IntAlu :  D=0x0000000000000018
4421500: system.cpu: T0 : 0x10a36    : c_addiw a5, 0              : IntAlu :  D=0x0000000000000018
4422000: system.cpu: T0 : 0x10a38    : c_slli a5, 1               : IntAlu :  D=0x0000000000000030
4423000: system.cpu: T0 : 0x10a3a    : ld a4, -24(s0)             : MemRead :  D=0x000000000006f000 A=0x7ffffffffffffdc8
4423500: system.cpu: T0 : 0x10a3e    : c_add a5, a4               : IntAlu :  D=0x000000000006f030
4424000: system.cpu: T0 : 0x10a40    : lh a5, 0(a5)               : MemRead :  D=0x0000000000000c2c A=0x6f030
4424500: system.cpu: T0 : 0x10a44    : addiw a4, a5, 0            : IntAlu :  D=0x0000000000000c2c
4425000: system.cpu: T0 : 0x10a48    : lw a5, -124(s0)            : MemRead :  D=0x0000000000000008 A=0x7ffffffffffffd64
4425500: system.cpu: T0 : 0x10a4c    : slliw a5, a5, 2            : IntAlu :  D=0x0000000000000020
4426000: system.cpu: T0 : 0x10a50    : c_addiw a5, 0              : IntAlu :  D=0x0000000000000020
4426500: system.cpu: T0 : 0x10a52    : c_slli a5, 1               : IntAlu :  D=0x0000000000000040
4427000: system.cpu: T0 : 0x10a54    : ld a3, -24(s0)             : MemRead :  D=0x000000000006f000 A=0x7ffffffffffffdc8
4427500: system.cpu: T0 : 0x10a58    : c_add a5, a3               : IntAlu :  D=0x000000000006f040
4428500: system.cpu: T0 : 0x10a5a    : lh a5, 0(a5)               : MemRead :  D=0x0000000000000c04 A=0x6f040
4429000: system.cpu: T0 : 0x10a5e    : c_addiw a5, 0              : IntAlu :  D=0x0000000000000c04
4429500: system.cpu: T0 : 0x10a60    : subw a5, a4, a5            : IntAlu :  D=0x0000000000000028
4430000: system.cpu: T0 : 0x10a64    : sw a5, -68(s0)             : MemWrite :  D=0x0000000000000028 A=0x7ffffffffffffd9c
4430500: system.cpu: T0 : 0x10a68    : lw a4, -96(s0)             : MemRead :  D=0x0000000000001380 A=0x7ffffffffffffd80
4431000: system.cpu: T0 : 0x10a6c    : lw a5, -72(s0)             : MemRead :  D=0x0000000000001830 A=0x7ffffffffffffd98
4431500: system.cpu: T0 : 0x10a70    : c_addw a5, a4              : IntAlu :  D=0x0000000000002bb0
4432500: system.cpu: T0 : 0x10a72    : sw a5, -64(s0)             : MemWrite :  D=0x0000000000002bb0 A=0x7ffffffffffffda0
4433500: system.cpu: T0 : 0x10a76    : lw a4, -96(s0)             : MemRead :  D=0x0000000000001380 A=0x7ffffffffffffd80
4434500: system.cpu: T0 : 0x10a7a    : lw a5, -72(s0)             : MemRead :  D=0x0000000000001830 A=0x7ffffffffffffd98
4435500: system.cpu: T0 : 0x10a7e    : subw a5, a4, a5            : IntAlu :  D=0xfffffffffffffb50
4436500: system.cpu: T0 : 0x10a82    : sw a5, -60(s0)             : MemWrite :  D=0x00000000fffffb50 A=0x7ffffffffffffda4
4437500: system.cpu: T0 : 0x10a86    : lw a4, -88(s0)             : MemRead :  D=0x00000000000014d0 A=0x7ffffffffffffd88
4438500: system.cpu: T0 : 0x10a8a    : lw a5, -80(s0)             : MemRead :  D=0x00000000000016e4 A=0x7ffffffffffffd90
4439000: system.cpu: T0 : 0x10a8e    : c_addw a5, a4              : IntAlu :  D=0x0000000000002bb4
4439500: system.cpu: T0 : 0x10a90    : sw a5, -56(s0)             : MemWrite :  D=0x0000000000002bb4 A=0x7ffffffffffffda8
4440000: system.cpu: T0 : 0x10a94    : lw a4, -88(s0)             : MemRead :  D=0x00000000000014d0 A=0x7ffffffffffffd88
4440500: system.cpu: T0 : 0x10a98    : lw a5, -80(s0)             : MemRead :  D=0x00000000000016e4 A=0x7ffffffffffffd90
4441000: system.cpu: T0 : 0x10a9c    : subw a5, a4, a5            : IntAlu :  D=0xfffffffffffffdec
4441500: system.cpu: T0 : 0x10aa0    : sw a5, -52(s0)             : MemWrite :  D=0x00000000fffffdec A=0x7ffffffffffffdac
4442000: system.cpu: T0 : 0x10aa4    : lw a4, -64(s0)             : MemRead :  D=0x0000000000002bb0 A=0x7ffffffffffffda0
4442500: system.cpu: T0 : 0x10aa8    : lw a5, -56(s0)             : MemRead :  D=0x0000000000002bb4 A=0x7ffffffffffffda8
4443000: system.cpu: T0 : 0x10aac    : c_addw a5, a4              : IntAlu :  D=0x0000000000005764
4443500: system.cpu: T0 : 0x10aae    : c_addiw a5, 0              : IntAlu :  D=0x0000000000005764
4444000: system.cpu: T0 : 0x10ab0    : sraiw a5, a5, 5            : IntAlu :  D=0x00000000000002bb
4444500: system.cpu: T0 : 0x10ab4    : c_addiw a5, 0              : IntAlu :  D=0x00000000000002bb
4445500: system.cpu: T0 : 0x10ab6    : slliw a4, a5, 16           : IntAlu :  D=0x0000000002bb0000
4446500: system.cpu: T0 : 0x10aba    : sraiw a4, a4, 16           : IntAlu :  D=0x00000000000002bb
4447500: system.cpu: T0 : 0x10abe    : ld a5, -24(s0)             : MemRead :  D=0x000000000006f000 A=0x7ffffffffffffdc8
4448500: system.cpu: T0 : 0x10ac2    : sh a4, 0(a5)               : MemWrite :  D=0x00000000000002bb A=0x6f000
4449500: system.cpu: T0 : 0x10ac6    : lw a4, -64(s0)             : MemRead :  D=0x0000000000002bb0 A=0x7ffffffffffffda0
4450500: system.cpu: T0 : 0x10aca    : lw a5, -56(s0)             : MemRead :  D=0x0000000000002bb4 A=0x7ffffffffffffda8
4451500: system.cpu: T0 : 0x10ace    : subw a5, a4, a5            : IntAlu :  D=0xfffffffffffffffc
4452000: system.cpu: T0 : 0x10ad2    : c_addiw a5, 0              : IntAlu :  D=0xfffffffffffffffc
4452500: system.cpu: T0 : 0x10ad4    : sraiw a5, a5, 5            : IntAlu :  D=0xffffffffffffffff
4453000: system.cpu: T0 : 0x10ad8    : addiw a3, a5, 0            : IntAlu :  D=0xffffffffffffffff
4453500: system.cpu: T0 : 0x10adc    : lw a5, -124(s0)            : MemRead :  D=0x0000000000000008 A=0x7ffffffffffffd64
4454000: system.cpu: T0 : 0x10ae0    : slliw a5, a5, 2            : IntAlu :  D=0x0000000000000020
4454500: system.cpu: T0 : 0x10ae4    : c_addiw a5, 0              : IntAlu :  D=0x0000000000000020
4455000: system.cpu: T0 : 0x10ae6    : c_slli a5, 1               : IntAlu :  D=0x0000000000000040
4455500: system.cpu: T0 : 0x10ae8    : ld a4, -24(s0)             : MemRead :  D=0x000000000006f000 A=0x7ffffffffffffdc8
4456000: system.cpu: T0 : 0x10aec    : c_add a5, a4               : IntAlu :  D=0x000000000006f040
4457000: system.cpu: T0 : 0x10aee    : slliw a4, a3, 16           : IntAlu :  D=0xffffffffffff0000
4458000: system.cpu: T0 : 0x10af2    : sraiw a4, a4, 16           : IntAlu :  D=0xffffffffffffffff
4459000: system.cpu: T0 : 0x10af6    : sh a4, 0(a5)               : MemWrite :  D=0x000000000000ffff A=0x6f040
4459500: system.cpu: T0 : 0x10afa    : c_lui a5, 1                : IntAlu :  D=0x0000000000001000
4460000: system.cpu: T0 : 0x10afc    : addiw a5, a5, 337          : IntAlu :  D=0x0000000000001151
4460500: system.cpu: T0 : 0x10b00    : sw a5, -48(s0)             : MemWrite :  D=0x0000000000001151 A=0x7ffffffffffffdb0
4461000: system.cpu: T0 : 0x10b04    : lw a4, -52(s0)             : MemRead :  D=0xfffffffffffffdec A=0x7ffffffffffffdac
4461500: system.cpu: T0 : 0x10b08    : lw a5, -60(s0)             : MemRead :  D=0xfffffffffffffb50 A=0x7ffffffffffffda4
4462000: system.cpu: T0 : 0x10b0c    : c_addw a5, a4              : IntAlu :  D=0xfffffffffffff93c
4462500: system.cpu: T0 : 0x10b0e    : c_addiw a5, 0              : IntAlu :  D=0xfffffffffffff93c
4463000: system.cpu: T0 : 0x10b10    : lw a4, -48(s0)             : MemRead :  D=0x0000000000001151 A=0x7ffffffffffffdb0
4463500: system.cpu: T0 : 0x10b14    : mulw a5, a4, a5            : IntMult :  D=0xffffffffff8ad7fc
4464000: system.cpu: T0 : 0x10b18    : sw a5, -44(s0)             : MemWrite :  D=0x00000000ff8ad7fc A=0x7ffffffffffffdb4
4464500: system.cpu: T0 : 0x10b1c    : c_lui a5, 2                : IntAlu :  D=0x0000000000002000
4465500: system.cpu: T0 : 0x10b1e    : addiw a5, a5, -1922        : IntAlu :  D=0x000000000000187e
4466500: system.cpu: T0 : 0x10b22    : sw a5, -48(s0)             : MemWrite :  D=0x000000000000187e A=0x7ffffffffffffdb0
4467500: system.cpu: T0 : 0x10b26    : lw a4, -60(s0)             : MemRead :  D=0xfffffffffffffb50 A=0x7ffffffffffffda4
4468500: system.cpu: T0 : 0x10b2a    : lw a5, -48(s0)             : MemRead :  D=0x000000000000187e A=0x7ffffffffffffdb0
4469500: system.cpu: T0 : 0x10b2e    : mulw a5, a4, a5            : IntMult :  D=0xffffffffff8d3160
4470000: system.cpu: T0 : 0x10b32    : c_addiw a5, 0              : IntAlu :  D=0xffffffffff8d3160
4470500: system.cpu: T0 : 0x10b34    : lw a4, -44(s0)             : MemRead :  D=0xffffffffff8ad7fc A=0x7ffffffffffffdb4
4471000: system.cpu: T0 : 0x10b38    : c_addw a5, a4              : IntAlu :  D=0xffffffffff18095c
4471500: system.cpu: T0 : 0x10b3a    : c_addiw a5, 0              : IntAlu :  D=0xffffffffff18095c
4472000: system.cpu: T0 : 0x10b3c    : sraiw a5, a5, 18           : IntAlu :  D=0xffffffffffffffc6
4472500: system.cpu: T0 : 0x10b40    : addiw a3, a5, 0            : IntAlu :  D=0xffffffffffffffc6
4473000: system.cpu: T0 : 0x10b44    : lw a5, -124(s0)            : MemRead :  D=0x0000000000000008 A=0x7ffffffffffffd64
4473500: system.cpu: T0 : 0x10b48    : slliw a5, a5, 1            : IntAlu :  D=0x0000000000000010
4474000: system.cpu: T0 : 0x10b4c    : c_addiw a5, 0              : IntAlu :  D=0x0000000000000010
4474500: system.cpu: T0 : 0x10b4e    : c_slli a5, 1               : IntAlu :  D=0x0000000000000020
4475000: system.cpu: T0 : 0x10b50    : ld a4, -24(s0)             : MemRead :  D=0x000000000006f000 A=0x7ffffffffffffdc8
4475500: system.cpu: T0 : 0x10b54    : c_add a5, a4               : IntAlu :  D=0x000000000006f020
4476500: system.cpu: T0 : 0x10b56    : slliw a4, a3, 16           : IntAlu :  D=0xffffffffffc60000
4477500: system.cpu: T0 : 0x10b5a    : sraiw a4, a4, 16           : IntAlu :  D=0xffffffffffffffc6
4478500: system.cpu: T0 : 0x10b5e    : sh a4, 0(a5)               : MemWrite :  D=0x000000000000ffc6 A=0x6f020
4479000: system.cpu: T0 : 0x10b62    : c_lui a5, 1048572          : IntAlu :  D=0xffffffffffffc000
4479500: system.cpu: T0 : 0x10b64    : addiw a5, a5, 1247         : IntAlu :  D=0xffffffffffffc4df
4480000: system.cpu: T0 : 0x10b68    : sw a5, -48(s0)             : MemWrite :  D=0x00000000ffffc4df A=0x7ffffffffffffdb0
4480500: system.cpu: T0 : 0x10b6c    : lw a4, -52(s0)             : MemRead :  D=0xfffffffffffffdec A=0x7ffffffffffffdac
4481000: system.cpu: T0 : 0x10b70    : lw a5, -48(s0)             : MemRead :  D=0xffffffffffffc4df A=0x7ffffffffffffdb0
4481500: system.cpu: T0 : 0x10b74    : mulw a5, a4, a5            : IntMult :  D=0x00000000007ae094
4482000: system.cpu: T0 : 0x10b78    : c_addiw a5, 0              : IntAlu :  D=0x00000000007ae094
4483000: system.cpu: T0 : 0x10b7a    : lw a4, -44(s0)             : MemRead :  D=0xffffffffff8ad7fc A=0x7ffffffffffffdb4
4483500: system.cpu: T0 : 0x10b7e    : c_addw a5, a4              : IntAlu :  D=0x000000000005b890
4484000: system.cpu: T0 : 0x10b80    : c_addiw a5, 0              : IntAlu :  D=0x000000000005b890
4485000: system.cpu: T0 : 0x10b82    : sraiw a5, a5, 18           : IntAlu :  D=0x0000000000000001
4486000: system.cpu: T0 : 0x10b86    : addiw a3, a5, 0            : IntAlu :  D=0x0000000000000001
4487000: system.cpu: T0 : 0x10b8a    : lw a4, -124(s0)            : MemRead :  D=0x0000000000000008 A=0x7ffffffffffffd64
4487500: system.cpu: T0 : 0x10b8e    : c_mv a5, a4                : IntAlu :  D=0x0000000000000008
4488000: system.cpu: T0 : 0x10b90    : slliw a5, a5, 1            : IntAlu :  D=0x0000000000000010
4488500: system.cpu: T0 : 0x10b94    : c_addw a5, a4              : IntAlu :  D=0x0000000000000018
4489500: system.cpu: T0 : 0x10b96    : slliw a5, a5, 1            : IntAlu :  D=0x0000000000000030
4490000: system.cpu: T0 : 0x10b9a    : c_addiw a5, 0              : IntAlu :  D=0x0000000000000030
4490500: system.cpu: T0 : 0x10b9c    : c_slli a5, 1               : IntAlu :  D=0x0000000000000060
4491500: system.cpu: T0 : 0x10b9e    : ld a4, -24(s0)             : MemRead :  D=0x000000000006f000 A=0x7ffffffffffffdc8
4492000: system.cpu: T0 : 0x10ba2    : c_add a5, a4               : IntAlu :  D=0x000000000006f060
4492500: system.cpu: T0 : 0x10ba4    : slliw a4, a3, 16           : IntAlu :  D=0x0000000000010000
4493000: system.cpu: T0 : 0x10ba8    : sraiw a4, a4, 16           : IntAlu :  D=0x0000000000000001
4493500: system.cpu: T0 : 0x10bac    : sh a4, 0(a5)               : MemWrite :  D=0x0000000000000001 A=0x6f060
4494000: system.cpu: T0 : 0x10bb0    : lw a4, -68(s0)             : MemRead :  D=0x0000000000000028 A=0x7ffffffffffffd9c
4494500: system.cpu: T0 : 0x10bb4    : lw a5, -92(s0)             : MemRead :  D=0x0000000000000468 A=0x7ffffffffffffd84
4495000: system.cpu: T0 : 0x10bb8    : c_addw a5, a4              : IntAlu :  D=0x0000000000000490
4496000: system.cpu: T0 : 0x10bba    : sw a5, -44(s0)             : MemWrite :  D=0x0000000000000490 A=0x7ffffffffffffdb4
4497000: system.cpu: T0 : 0x10bbe    : lw a4, -76(s0)             : MemRead :  D=0x000000000000008c A=0x7ffffffffffffd94
4498000: system.cpu: T0 : 0x10bc2    : lw a5, -84(s0)             : MemRead :  D=0x0000000000000208 A=0x7ffffffffffffd8c
4498500: system.cpu: T0 : 0x10bc6    : c_addw a5, a4              : IntAlu :  D=0x0000000000000294
4499000: system.cpu: T0 : 0x10bc8    : sw a5, -40(s0)             : MemWrite :  D=0x0000000000000294 A=0x7ffffffffffffdb8
4499500: system.cpu: T0 : 0x10bcc    : lw a4, -68(s0)             : MemRead :  D=0x0000000000000028 A=0x7ffffffffffffd9c
4500000: system.cpu: T0 : 0x10bd0    : lw a5, -84(s0)             : MemRead :  D=0x0000000000000208 A=0x7ffffffffffffd8c
4500500: system.cpu: T0 : 0x10bd4    : c_addw a5, a4              : IntAlu :  D=0x0000000000000230
4501500: system.cpu: T0 : 0x10bd6    : sw a5, -36(s0)             : MemWrite :  D=0x0000000000000230 A=0x7ffffffffffffdbc
4502500: system.cpu: T0 : 0x10bda    : lw a4, -76(s0)             : MemRead :  D=0x000000000000008c A=0x7ffffffffffffd94
4503500: system.cpu: T0 : 0x10bde    : lw a5, -92(s0)             : MemRead :  D=0x0000000000000468 A=0x7ffffffffffffd84
4504000: system.cpu: T0 : 0x10be2    : c_addw a5, a4              : IntAlu :  D=0x00000000000004f4
4504500: system.cpu: T0 : 0x10be4    : sw a5, -32(s0)             : MemWrite :  D=0x00000000000004f4 A=0x7ffffffffffffdc0
4505000: system.cpu: T0 : 0x10be8    : c_lui a5, 2                : IntAlu :  D=0x0000000000002000
4506000: system.cpu: T0 : 0x10bea    : addiw a5, a5, 1441         : IntAlu :  D=0x00000000000025a1
4507000: system.cpu: T0 : 0x10bee    : sw a5, -48(s0)             : MemWrite :  D=0x00000000000025a1 A=0x7ffffffffffffdb0
4508000: system.cpu: T0 : 0x10bf2    : lw a4, -36(s0)             : MemRead :  D=0x0000000000000230 A=0x7ffffffffffffdbc
4509000: system.cpu: T0 : 0x10bf6    : lw a5, -32(s0)             : MemRead :  D=0x00000000000004f4 A=0x7ffffffffffffdc0
4509500: system.cpu: T0 : 0x10bfa    : c_addw a5, a4              : IntAlu :  D=0x0000000000000724
4510000: system.cpu: T0 : 0x10bfc    : c_addiw a5, 0              : IntAlu :  D=0x0000000000000724
4511000: system.cpu: T0 : 0x10bfe    : lw a4, -48(s0)             : MemRead :  D=0x00000000000025a1 A=0x7ffffffffffffdb0
4512000: system.cpu: T0 : 0x10c02    : mulw a5, a4, a5            : IntMult :  D=0x00000000010cb1a4
4513000: system.cpu: T0 : 0x10c06    : sw a5, -28(s0)             : MemWrite :  D=0x00000000010cb1a4 A=0x7ffffffffffffdc4
4513500: system.cpu: T0 : 0x10c0a    : c_lui a5, 1                : IntAlu :  D=0x0000000000001000
4514000: system.cpu: T0 : 0x10c0c    : addiw a5, a5, -1650        : IntAlu :  D=0x000000000000098e
4514500: system.cpu: T0 : 0x10c10    : sw a5, -48(s0)             : MemWrite :  D=0x000000000000098e A=0x7ffffffffffffdb0
4515000: system.cpu: T0 : 0x10c14    : lw a4, -68(s0)             : MemRead :  D=0x0000000000000028 A=0x7ffffffffffffd9c
4515500: system.cpu: T0 : 0x10c18    : lw a5, -48(s0)             : MemRead :  D=0x000000000000098e A=0x7ffffffffffffdb0
4516000: system.cpu: T0 : 0x10c1c    : mulw a5, a4, a5            : IntMult :  D=0x0000000000017e30
4516500: system.cpu: T0 : 0x10c20    : sw a5, -68(s0)             : MemWrite :  D=0x0000000000017e30 A=0x7ffffffffffffd9c
4517000: system.cpu: T0 : 0x10c24    : c_lui a5, 4                : IntAlu :  D=0x0000000000004000
4518000: system.cpu: T0 : 0x10c26    : addiw a5, a5, 435          : IntAlu :  D=0x00000000000041b3
4519000: system.cpu: T0 : 0x10c2a    : sw a5, -48(s0)             : MemWrite :  D=0x00000000000041b3 A=0x7ffffffffffffdb0
4520000: system.cpu: T0 : 0x10c2e    : lw a4, -76(s0)             : MemRead :  D=0x000000000000008c A=0x7ffffffffffffd94
4521000: system.cpu: T0 : 0x10c32    : lw a5, -48(s0)             : MemRead :  D=0x00000000000041b3 A=0x7ffffffffffffdb0
4522000: system.cpu: T0 : 0x10c36    : mulw a5, a4, a5            : IntMult :  D=0x000000000023ede4
4523000: system.cpu: T0 : 0x10c3a    : sw a5, -76(s0)             : MemWrite :  D=0x000000000023ede4 A=0x7ffffffffffffd94
4523500: system.cpu: T0 : 0x10c3e    : c_lui a5, 6                : IntAlu :  D=0x0000000000006000
4524000: system.cpu: T0 : 0x10c40    : addiw a5, a5, 596          : IntAlu :  D=0x0000000000006254
4524500: system.cpu: T0 : 0x10c44    : sw a5, -48(s0)             : MemWrite :  D=0x0000000000006254 A=0x7ffffffffffffdb0
4525000: system.cpu: T0 : 0x10c48    : lw a4, -84(s0)             : MemRead :  D=0x0000000000000208 A=0x7ffffffffffffd8c
4525500: system.cpu: T0 : 0x10c4c    : lw a5, -48(s0)             : MemRead :  D=0x0000000000006254 A=0x7ffffffffffffdb0
4526000: system.cpu: T0 : 0x10c50    : mulw a5, a4, a5            : IntMult :  D=0x0000000000c7baa0
4526500: system.cpu: T0 : 0x10c54    : sw a5, -84(s0)             : MemWrite :  D=0x0000000000c7baa0 A=0x7ffffffffffffd8c
4527000: system.cpu: T0 : 0x10c58    : c_lui a5, 3                : IntAlu :  D=0x0000000000003000
4527500: system.cpu: T0 : 0x10c5a    : c_addiw a5, 11             : IntAlu :  D=0x000000000000300b
4528000: system.cpu: T0 : 0x10c5c    : sw a5, -48(s0)             : MemWrite :  D=0x000000000000300b A=0x7ffffffffffffdb0
4528500: system.cpu: T0 : 0x10c60    : lw a4, -92(s0)             : MemRead :  D=0x0000000000000468 A=0x7ffffffffffffd84
4529000: system.cpu: T0 : 0x10c64    : lw a5, -48(s0)             : MemRead :  D=0x000000000000300b A=0x7ffffffffffffdb0
4529500: system.cpu: T0 : 0x10c68    : mulw a5, a4, a5            : IntMult :  D=0x0000000000d3b078
4530000: system.cpu: T0 : 0x10c6c    : sw a5, -92(s0)             : MemWrite :  D=0x0000000000d3b078 A=0x7ffffffffffffd84
4530500: system.cpu: T0 : 0x10c70    : c_lui a5, 1048574          : IntAlu :  D=0xffffffffffffe000
4531500: system.cpu: T0 : 0x10c72    : addiw a5, a5, 819          : IntAlu :  D=0xffffffffffffe333
4532500: system.cpu: T0 : 0x10c76    : sw a5, -48(s0)             : MemWrite :  D=0x00000000ffffe333 A=0x7ffffffffffffdb0
4533500: system.cpu: T0 : 0x10c7a    : lw a4, -44(s0)             : MemRead :  D=0x0000000000000490 A=0x7ffffffffffffdb4
4534500: system.cpu: T0 : 0x10c7e    : lw a5, -48(s0)             : MemRead :  D=0xffffffffffffe333 A=0x7ffffffffffffdb0
4535500: system.cpu: T0 : 0x10c82    : mulw a5, a4, a5            : IntMult :  D=0xffffffffff7c98b0
4536500: system.cpu: T0 : 0x10c86    : sw a5, -44(s0)             : MemWrite :  D=0x00000000ff7c98b0 A=0x7ffffffffffffdb4
4537000: system.cpu: T0 : 0x10c8a    : c_lui a5, 1048571          : IntAlu :  D=0xffffffffffffb000
4537500: system.cpu: T0 : 0x10c8c    : addiw a5, a5, -515         : IntAlu :  D=0xffffffffffffadfd
4538000: system.cpu: T0 : 0x10c90    : sw a5, -48(s0)             : MemWrite :  D=0x00000000ffffadfd A=0x7ffffffffffffdb0
4538500: system.cpu: T0 : 0x10c94    : lw a4, -40(s0)             : MemRead :  D=0x0000000000000294 A=0x7ffffffffffffdb8
4539000: system.cpu: T0 : 0x10c98    : lw a5, -48(s0)             : MemRead :  D=0xffffffffffffadfd A=0x7ffffffffffffdb0
4539500: system.cpu: T0 : 0x10c9c    : mulw a5, a4, a5            : IntMult :  D=0xffffffffff2c9044
4540000: system.cpu: T0 : 0x10ca0    : sw a5, -40(s0)             : MemWrite :  D=0x00000000ff2c9044 A=0x7ffffffffffffdb8
4540500: system.cpu: T0 : 0x10ca4    : c_lui a5, 1048572          : IntAlu :  D=0xffffffffffffc000
4541500: system.cpu: T0 : 0x10ca6    : addiw a5, a5, 315          : IntAlu :  D=0xffffffffffffc13b
4542500: system.cpu: T0 : 0x10caa    : sw a5, -48(s0)             : MemWrite :  D=0x00000000ffffc13b A=0x7ffffffffffffdb0
4543500: system.cpu: T0 : 0x10cae    : lw a4, -36(s0)             : MemRead :  D=0x0000000000000230 A=0x7ffffffffffffdbc
4544500: system.cpu: T0 : 0x10cb2    : lw a5, -48(s0)             : MemRead :  D=0xffffffffffffc13b A=0x7ffffffffffffdb0
4545500: system.cpu: T0 : 0x10cb6    : mulw a5, a4, a5            : IntMult :  D=0xffffffffff76b110
4546500: system.cpu: T0 : 0x10cba    : sw a5, -36(s0)             : MemWrite :  D=0x00000000ff76b110 A=0x7ffffffffffffdbc
4547000: system.cpu: T0 : 0x10cbe    : c_lui a5, 1048575          : IntAlu :  D=0xfffffffffffff000
4547500: system.cpu: T0 : 0x10cc0    : addiw a5, a5, 900          : IntAlu :  D=0xfffffffffffff384
4548000: system.cpu: T0 : 0x10cc4    : sw a5, -48(s0)             : MemWrite :  D=0x00000000fffff384 A=0x7ffffffffffffdb0
4548500: system.cpu: T0 : 0x10cc8    : lw a4, -32(s0)             : MemRead :  D=0x00000000000004f4 A=0x7ffffffffffffdc0
4549000: system.cpu: T0 : 0x10ccc    : lw a5, -48(s0)             : MemRead :  D=0xfffffffffffff384 A=0x7ffffffffffffdb0
4549500: system.cpu: T0 : 0x10cd0    : mulw a5, a4, a5            : IntMult :  D=0xffffffffffc229d0
4550000: system.cpu: T0 : 0x10cd4    : sw a5, -32(s0)             : MemWrite :  D=0x00000000ffc229d0 A=0x7ffffffffffffdc0
4550500: system.cpu: T0 : 0x10cd8    : lw a4, -36(s0)             : MemRead :  D=0xffffffffff76b110 A=0x7ffffffffffffdbc
4551000: system.cpu: T0 : 0x10cdc    : lw a5, -28(s0)             : MemRead :  D=0x00000000010cb1a4 A=0x7ffffffffffffdc4
4551500: system.cpu: T0 : 0x10ce0    : c_addw a5, a4              : IntAlu :  D=0x00000000008362b4
4552500: system.cpu: T0 : 0x10ce2    : sw a5, -36(s0)             : MemWrite :  D=0x00000000008362b4 A=0x7ffffffffffffdbc
4553500: system.cpu: T0 : 0x10ce6    : lw a4, -32(s0)             : MemRead :  D=0xffffffffffc229d0 A=0x7ffffffffffffdc0
4554500: system.cpu: T0 : 0x10cea    : lw a5, -28(s0)             : MemRead :  D=0x00000000010cb1a4 A=0x7ffffffffffffdc4
4555000: system.cpu: T0 : 0x10cee    : c_addw a5, a4              : IntAlu :  D=0x0000000000cedb74
4555500: system.cpu: T0 : 0x10cf0    : sw a5, -32(s0)             : MemWrite :  D=0x0000000000cedb74 A=0x7ffffffffffffdc0
4556000: system.cpu: T0 : 0x10cf4    : lw a4, -68(s0)             : MemRead :  D=0x0000000000017e30 A=0x7ffffffffffffd9c
4556500: system.cpu: T0 : 0x10cf8    : lw a5, -44(s0)             : MemRead :  D=0xffffffffff7c98b0 A=0x7ffffffffffffdb4
4557000: system.cpu: T0 : 0x10cfc    : c_addw a5, a4              : IntAlu :  D=0xffffffffff7e16e0
4557500: system.cpu: T0 : 0x10cfe    : c_addiw a5, 0              : IntAlu :  D=0xffffffffff7e16e0
4558000: system.cpu: T0 : 0x10d00    : lw a4, -36(s0)             : MemRead :  D=0x00000000008362b4 A=0x7ffffffffffffdbc
4558500: system.cpu: T0 : 0x10d04    : c_addw a5, a4              : IntAlu :  D=0x0000000000017994
4559000: system.cpu: T0 : 0x10d06    : c_addiw a5, 0              : IntAlu :  D=0x0000000000017994
4559500: system.cpu: T0 : 0x10d08    : sraiw a5, a5, 18           : IntAlu :  D=0x0000000000000000
4560000: system.cpu: T0 : 0x10d0c    : addiw a3, a5, 0            : IntAlu :  D=0x0000000000000000
4560500: system.cpu: T0 : 0x10d10    : lw a4, -124(s0)            : MemRead :  D=0x0000000000000008 A=0x7ffffffffffffd64
4561000: system.cpu: T0 : 0x10d14    : c_mv a5, a4                : IntAlu :  D=0x0000000000000008
4562000: system.cpu: T0 : 0x10d16    : slliw a5, a5, 3            : IntAlu :  D=0x0000000000000040
4562500: system.cpu: T0 : 0x10d1a    : c_subw a5, a4              : IntAlu :  D=0x0000000000000038
4563000: system.cpu: T0 : 0x10d1c    : c_addiw a5, 0              : IntAlu :  D=0x0000000000000038
4563500: system.cpu: T0 : 0x10d1e    : c_slli a5, 1               : IntAlu :  D=0x0000000000000070
4564000: system.cpu: T0 : 0x10d20    : ld a4, -24(s0)             : MemRead :  D=0x000000000006f000 A=0x7ffffffffffffdc8
4564500: system.cpu: T0 : 0x10d24    : c_add a5, a4               : IntAlu :  D=0x000000000006f070
4565500: system.cpu: T0 : 0x10d26    : slliw a4, a3, 16           : IntAlu :  D=0x0000000000000000
4566500: system.cpu: T0 : 0x10d2a    : sraiw a4, a4, 16           : IntAlu :  D=0x0000000000000000
4567500: system.cpu: T0 : 0x10d2e    : sh a4, 0(a5)               : MemWrite :  D=0x0000000000000000 A=0x6f070
4568500: system.cpu: T0 : 0x10d32    : lw a4, -76(s0)             : MemRead :  D=0x000000000023ede4 A=0x7ffffffffffffd94
4569500: system.cpu: T0 : 0x10d36    : lw a5, -40(s0)             : MemRead :  D=0xffffffffff2c9044 A=0x7ffffffffffffdb8
4570000: system.cpu: T0 : 0x10d3a    : c_addw a5, a4              : IntAlu :  D=0xffffffffff507e28
4570500: system.cpu: T0 : 0x10d3c    : c_addiw a5, 0              : IntAlu :  D=0xffffffffff507e28
4571500: system.cpu: T0 : 0x10d3e    : lw a4, -32(s0)             : MemRead :  D=0x0000000000cedb74 A=0x7ffffffffffffdc0
4572000: system.cpu: T0 : 0x10d42    : c_addw a5, a4              : IntAlu :  D=0x00000000001f599c
4572500: system.cpu: T0 : 0x10d44    : c_addiw a5, 0              : IntAlu :  D=0x00000000001f599c
4573500: system.cpu: T0 : 0x10d46    : sraiw a5, a5, 18           : IntAlu :  D=0x0000000000000007
4574500: system.cpu: T0 : 0x10d4a    : addiw a3, a5, 0            : IntAlu :  D=0x0000000000000007
4575500: system.cpu: T0 : 0x10d4e    : lw a4, -124(s0)            : MemRead :  D=0x0000000000000008 A=0x7ffffffffffffd64
4576000: system.cpu: T0 : 0x10d52    : c_mv a5, a4                : IntAlu :  D=0x0000000000000008
4576500: system.cpu: T0 : 0x10d54    : slliw a5, a5, 2            : IntAlu :  D=0x0000000000000020
4577000: system.cpu: T0 : 0x10d58    : c_addw a5, a4              : IntAlu :  D=0x0000000000000028
4577500: system.cpu: T0 : 0x10d5a    : c_addiw a5, 0              : IntAlu :  D=0x0000000000000028
4578000: system.cpu: T0 : 0x10d5c    : c_slli a5, 1               : IntAlu :  D=0x0000000000000050
4579000: system.cpu: T0 : 0x10d5e    : ld a4, -24(s0)             : MemRead :  D=0x000000000006f000 A=0x7ffffffffffffdc8
4579500: system.cpu: T0 : 0x10d62    : c_add a5, a4               : IntAlu :  D=0x000000000006f050
4580000: system.cpu: T0 : 0x10d64    : slliw a4, a3, 16           : IntAlu :  D=0x0000000000070000
4580500: system.cpu: T0 : 0x10d68    : sraiw a4, a4, 16           : IntAlu :  D=0x0000000000000007
4581000: system.cpu: T0 : 0x10d6c    : sh a4, 0(a5)               : MemWrite :  D=0x0000000000000007 A=0x6f050
4581500: system.cpu: T0 : 0x10d70    : lw a4, -84(s0)             : MemRead :  D=0x0000000000c7baa0 A=0x7ffffffffffffd8c
4582000: system.cpu: T0 : 0x10d74    : lw a5, -40(s0)             : MemRead :  D=0xffffffffff2c9044 A=0x7ffffffffffffdb8
4582500: system.cpu: T0 : 0x10d78    : c_addw a5, a4              : IntAlu :  D=0xfffffffffff44ae4
4583000: system.cpu: T0 : 0x10d7a    : c_addiw a5, 0              : IntAlu :  D=0xfffffffffff44ae4
4583500: system.cpu: T0 : 0x10d7c    : lw a4, -36(s0)             : MemRead :  D=0x00000000008362b4 A=0x7ffffffffffffdbc
4584000: system.cpu: T0 : 0x10d80    : c_addw a5, a4              : IntAlu :  D=0x000000000077ad98
4584500: system.cpu: T0 : 0x10d82    : c_addiw a5, 0              : IntAlu :  D=0x000000000077ad98
4585000: system.cpu: T0 : 0x10d84    : sraiw a5, a5, 18           : IntAlu :  D=0x000000000000001d
4585500: system.cpu: T0 : 0x10d88    : addiw a3, a5, 0            : IntAlu :  D=0x000000000000001d
4586000: system.cpu: T0 : 0x10d8c    : lw a4, -124(s0)            : MemRead :  D=0x0000000000000008 A=0x7ffffffffffffd64
4586500: system.cpu: T0 : 0x10d90    : c_mv a5, a4                : IntAlu :  D=0x0000000000000008
4587500: system.cpu: T0 : 0x10d92    : slliw a5, a5, 1            : IntAlu :  D=0x0000000000000010
4588000: system.cpu: T0 : 0x10d96    : c_addw a5, a4              : IntAlu :  D=0x0000000000000018
4588500: system.cpu: T0 : 0x10d98    : c_addiw a5, 0              : IntAlu :  D=0x0000000000000018
4589000: system.cpu: T0 : 0x10d9a    : c_slli a5, 1               : IntAlu :  D=0x0000000000000030
4589500: system.cpu: T0 : 0x10d9c    : ld a4, -24(s0)             : MemRead :  D=0x000000000006f000 A=0x7ffffffffffffdc8
4590000: system.cpu: T0 : 0x10da0    : c_add a5, a4               : IntAlu :  D=0x000000000006f030
4591000: system.cpu: T0 : 0x10da2    : slliw a4, a3, 16           : IntAlu :  D=0x00000000001d0000
4592000: system.cpu: T0 : 0x10da6    : sraiw a4, a4, 16           : IntAlu :  D=0x000000000000001d
4593000: system.cpu: T0 : 0x10daa    : sh a4, 0(a5)               : MemWrite :  D=0x000000000000001d A=0x6f030
4594000: system.cpu: T0 : 0x10dae    : lw a4, -92(s0)             : MemRead :  D=0x0000000000d3b078 A=0x7ffffffffffffd84
4595000: system.cpu: T0 : 0x10db2    : lw a5, -44(s0)             : MemRead :  D=0xffffffffff7c98b0 A=0x7ffffffffffffdb4
4595500: system.cpu: T0 : 0x10db6    : c_addw a5, a4              : IntAlu :  D=0x0000000000504928
4596000: system.cpu: T0 : 0x10db8    : c_addiw a5, 0              : IntAlu :  D=0x0000000000504928
4597000: system.cpu: T0 : 0x10dba    : lw a4, -32(s0)             : MemRead :  D=0x0000000000cedb74 A=0x7ffffffffffffdc0
4597500: system.cpu: T0 : 0x10dbe    : c_addw a5, a4              : IntAlu :  D=0x00000000011f249c
4598000: system.cpu: T0 : 0x10dc0    : c_addiw a5, 0              : IntAlu :  D=0x00000000011f249c
4599000: system.cpu: T0 : 0x10dc2    : sraiw a5, a5, 18           : IntAlu :  D=0x0000000000000047
4600000: system.cpu: T0 : 0x10dc6    : addiw a3, a5, 0            : IntAlu :  D=0x0000000000000047
4601000: system.cpu: T0 : 0x10dca    : lw a5, -124(s0)            : MemRead :  D=0x0000000000000008 A=0x7ffffffffffffd64
4601500: system.cpu: T0 : 0x10dce    : c_slli a5, 1               : IntAlu :  D=0x0000000000000010
4602000: system.cpu: T0 : 0x10dd0    : ld a4, -24(s0)             : MemRead :  D=0x000000000006f000 A=0x7ffffffffffffdc8
4602500: system.cpu: T0 : 0x10dd4    : c_add a5, a4               : IntAlu :  D=0x000000000006f010
4603500: system.cpu: T0 : 0x10dd6    : slliw a4, a3, 16           : IntAlu :  D=0x0000000000470000
4604500: system.cpu: T0 : 0x10dda    : sraiw a4, a4, 16           : IntAlu :  D=0x0000000000000047
4605500: system.cpu: T0 : 0x10dde    : sh a4, 0(a5)               : MemWrite :  D=0x0000000000000047 A=0x6f010
4606500: system.cpu: T0 : 0x10de2    : ld a5, -24(s0)             : MemRead :  D=0x000000000006f000 A=0x7ffffffffffffdc8
4607000: system.cpu: T0 : 0x10de6    : c_addi a5, 2               : IntAlu :  D=0x000000000006f002
4607500: system.cpu: T0 : 0x10de8    : sd a5, -24(s0)             : MemWrite :  D=0x000000000006f002 A=0x7ffffffffffffdc8
4608000: system.cpu: T0 : 0x10dec    : lw a5, -100(s0)            : MemRead :  D=0x0000000000000000 A=0x7ffffffffffffd7c
4608500: system.cpu: T0 : 0x10df0    : c_addiw a5, 1              : IntAlu :  D=0x0000000000000001
4609500: system.cpu: T0 : 0x10df2    : sw a5, -100(s0)            : MemWrite :  D=0x0000000000000001 A=0x7ffffffffffffd7c
4610500: system.cpu: T0 : 0x10df6    : lw a5, -100(s0)            : MemRead :  D=0x0000000000000001 A=0x7ffffffffffffd7c
4611500: system.cpu: T0 : 0x10dfa    : addiw a4, a5, 0            : IntAlu :  D=0x0000000000000001
4612000: system.cpu: T0 : 0x10dfe    : c_li a5, 7                 : IntAlu :  D=0x0000000000000007
4612500: system.cpu: T0 : 0x10e00    : bge a5, a4, -1376          : IntAlu : 
4613000: system.cpu: T0 : 0x108a0    : ld a5, -24(s0)             : MemRead :  D=0x000000000006f002 A=0x7ffffffffffffdc8
4613500: system.cpu: T0 : 0x108a4    : lh a5, 0(a5)               : MemRead :  D=0x00000000000001c5 A=0x6f002
4614000: system.cpu: T0 : 0x108a8    : addiw a3, a5, 0            : IntAlu :  D=0x00000000000001c5
4614500: system.cpu: T0 : 0x108ac    : lw a4, -124(s0)            : MemRead :  D=0x0000000000000008 A=0x7ffffffffffffd64
4615000: system.cpu: T0 : 0x108b0    : c_mv a5, a4                : IntAlu :  D=0x0000000000000008
4616000: system.cpu: T0 : 0x108b2    : slliw a5, a5, 3            : IntAlu :  D=0x0000000000000040
4616500: system.cpu: T0 : 0x108b6    : c_subw a5, a4              : IntAlu :  D=0x0000000000000038
4617000: system.cpu: T0 : 0x108b8    : c_addiw a5, 0              : IntAlu :  D=0x0000000000000038
4617500: system.cpu: T0 : 0x108ba    : c_slli a5, 1               : IntAlu :  D=0x0000000000000070
4618000: system.cpu: T0 : 0x108bc    : ld a4, -24(s0)             : MemRead :  D=0x000000000006f002 A=0x7ffffffffffffdc8
4618500: system.cpu: T0 : 0x108c0    : c_add a5, a4               : IntAlu :  D=0x000000000006f072
4619500: system.cpu: T0 : 0x108c2    : lh a5, 0(a5)               : MemRead :  D=0x0000000000000030 A=0x6f072
4620000: system.cpu: T0 : 0x108c6    : c_addiw a5, 0              : IntAlu :  D=0x0000000000000030
4620500: system.cpu: T0 : 0x108c8    : c_addw a5, a3              : IntAlu :  D=0x00000000000001f5
4621500: system.cpu: T0 : 0x108ca    : sw a5, -96(s0)             : MemWrite :  D=0x00000000000001f5 A=0x7ffffffffffffd80
4622500: system.cpu: T0 : 0x108ce    : ld a5, -24(s0)             : MemRead :  D=0x000000000006f002 A=0x7ffffffffffffdc8
4623500: system.cpu: T0 : 0x108d2    : lh a5, 0(a5)               : MemRead :  D=0x00000000000001c5 A=0x6f002
4624500: system.cpu: T0 : 0x108d6    : addiw a3, a5, 0            : IntAlu :  D=0x00000000000001c5
4625500: system.cpu: T0 : 0x108da    : lw a4, -124(s0)            : MemRead :  D=0x0000000000000008 A=0x7ffffffffffffd64
4626000: system.cpu: T0 : 0x108de    : c_mv a5, a4                : IntAlu :  D=0x0000000000000008
4626500: system.cpu: T0 : 0x108e0    : slliw a5, a5, 3            : IntAlu :  D=0x0000000000000040
4627000: system.cpu: T0 : 0x108e4    : c_subw a5, a4              : IntAlu :  D=0x0000000000000038
4627500: system.cpu: T0 : 0x108e6    : c_addiw a5, 0              : IntAlu :  D=0x0000000000000038
4628000: system.cpu: T0 : 0x108e8    : c_slli a5, 1               : IntAlu :  D=0x0000000000000070
4629000: system.cpu: T0 : 0x108ea    : ld a4, -24(s0)             : MemRead :  D=0x000000000006f002 A=0x7ffffffffffffdc8
4629500: system.cpu: T0 : 0x108ee    : c_add a5, a4               : IntAlu :  D=0x000000000006f072
4630000: system.cpu: T0 : 0x108f0    : lh a5, 0(a5)               : MemRead :  D=0x0000000000000030 A=0x6f072
4630500: system.cpu: T0 : 0x108f4    : c_addiw a5, 0              : IntAlu :  D=0x0000000000000030
4631500: system.cpu: T0 : 0x108f6    : subw a5, a3, a5            : IntAlu :  D=0x0000000000000195
4632500: system.cpu: T0 : 0x108fa    : sw a5, -92(s0)             : MemWrite :  D=0x0000000000000195 A=0x7ffffffffffffd84
4633500: system.cpu: T0 : 0x108fe    : lw a5, -124(s0)            : MemRead :  D=0x0000000000000008 A=0x7ffffffffffffd64
4634000: system.cpu: T0 : 0x10902    : c_slli a5, 1               : IntAlu :  D=0x0000000000000010
4634500: system.cpu: T0 : 0x10904    : ld a4, -24(s0)             : MemRead :  D=0x000000000006f002 A=0x7ffffffffffffdc8
4635000: system.cpu: T0 : 0x10908    : c_add a5, a4               : IntAlu :  D=0x000000000006f012
4636000: system.cpu: T0 : 0x1090a    : lh a5, 0(a5)               : MemRead :  D=0x00000000000002bc A=0x6f012
4637000: system.cpu: T0 : 0x1090e    : addiw a3, a5, 0            : IntAlu :  D=0x00000000000002bc
4638000: system.cpu: T0 : 0x10912    : lw a4, -124(s0)            : MemRead :  D=0x0000000000000008 A=0x7ffffffffffffd64
4638500: system.cpu: T0 : 0x10916    : c_mv a5, a4                : IntAlu :  D=0x0000000000000008
4639000: system.cpu: T0 : 0x10918    : slliw a5, a5, 1            : IntAlu :  D=0x0000000000000010
4639500: system.cpu: T0 : 0x1091c    : c_addw a5, a4              : IntAlu :  D=0x0000000000000018
4640500: system.cpu: T0 : 0x1091e    : slliw a5, a5, 1            : IntAlu :  D=0x0000000000000030
4641000: system.cpu: T0 : 0x10922    : c_addiw a5, 0              : IntAlu :  D=0x0000000000000030
4641500: system.cpu: T0 : 0x10924    : c_slli a5, 1               : IntAlu :  D=0x0000000000000060
4642500: system.cpu: T0 : 0x10926    : ld a4, -24(s0)             : MemRead :  D=0x000000000006f002 A=0x7ffffffffffffdc8
4643000: system.cpu: T0 : 0x1092a    : c_add a5, a4               : IntAlu :  D=0x000000000006f062
4643500: system.cpu: T0 : 0x1092c    : lh a5, 0(a5)               : MemRead :  D=0x00000000000002a8 A=0x6f062
4644000: system.cpu: T0 : 0x10930    : c_addiw a5, 0              : IntAlu :  D=0x00000000000002a8
4644500: system.cpu: T0 : 0x10932    : c_addw a5, a3              : IntAlu :  D=0x0000000000000564
4645000: system.cpu: T0 : 0x10934    : sw a5, -88(s0)             : MemWrite :  D=0x0000000000000564 A=0x7ffffffffffffd88
4645500: system.cpu: T0 : 0x10938    : lw a5, -124(s0)            : MemRead :  D=0x0000000000000008 A=0x7ffffffffffffd64
4646000: system.cpu: T0 : 0x1093c    : c_slli a5, 1               : IntAlu :  D=0x0000000000000010
4647000: system.cpu: T0 : 0x1093e    : ld a4, -24(s0)             : MemRead :  D=0x000000000006f002 A=0x7ffffffffffffdc8
4647500: system.cpu: T0 : 0x10942    : c_add a5, a4               : IntAlu :  D=0x000000000006f012
4648000: system.cpu: T0 : 0x10944    : lh a5, 0(a5)               : MemRead :  D=0x00000000000002bc A=0x6f012
4648500: system.cpu: T0 : 0x10948    : addiw a3, a5, 0            : IntAlu :  D=0x00000000000002bc
4649000: system.cpu: T0 : 0x1094c    : lw a4, -124(s0)            : MemRead :  D=0x0000000000000008 A=0x7ffffffffffffd64
4649500: system.cpu: T0 : 0x10950    : c_mv a5, a4                : IntAlu :  D=0x0000000000000008
4650500: system.cpu: T0 : 0x10952    : slliw a5, a5, 1            : IntAlu :  D=0x0000000000000010
4651000: system.cpu: T0 : 0x10956    : c_addw a5, a4              : IntAlu :  D=0x0000000000000018
4651500: system.cpu: T0 : 0x10958    : slliw a5, a5, 1            : IntAlu :  D=0x0000000000000030
4652000: system.cpu: T0 : 0x1095c    : c_addiw a5, 0              : IntAlu :  D=0x0000000000000030
4652500: system.cpu: T0 : 0x1095e    : c_slli a5, 1               : IntAlu :  D=0x0000000000000060
4653000: system.cpu: T0 : 0x10960    : ld a4, -24(s0)             : MemRead :  D=0x000000000006f002 A=0x7ffffffffffffdc8
4653500: system.cpu: T0 : 0x10964    : c_add a5, a4               : IntAlu :  D=0x000000000006f062
4654500: system.cpu: T0 : 0x10966    : lh a5, 0(a5)               : MemRead :  D=0x00000000000002a8 A=0x6f062
4655000: system.cpu: T0 : 0x1096a    : c_addiw a5, 0              : IntAlu :  D=0x00000000000002a8
4655500: system.cpu: T0 : 0x1096c    : subw a5, a3, a5            : IntAlu :  D=0x0000000000000014
4656000: system.cpu: T0 : 0x10970    : sw a5, -84(s0)             : MemWrite :  D=0x0000000000000014 A=0x7ffffffffffffd8c
4656500: system.cpu: T0 : 0x10974    : lw a5, -124(s0)            : MemRead :  D=0x0000000000000008 A=0x7ffffffffffffd64
4657000: system.cpu: T0 : 0x10978    : slliw a5, a5, 1            : IntAlu :  D=0x0000000000000010
4657500: system.cpu: T0 : 0x1097c    : c_addiw a5, 0              : IntAlu :  D=0x0000000000000010
4658000: system.cpu: T0 : 0x1097e    : c_slli a5, 1               : IntAlu :  D=0x0000000000000020
4658500: system.cpu: T0 : 0x10980    : ld a4, -24(s0)             : MemRead :  D=0x000000000006f002 A=0x7ffffffffffffdc8
4659000: system.cpu: T0 : 0x10984    : c_add a5, a4               : IntAlu :  D=0x000000000006f022
4660000: system.cpu: T0 : 0x10986    : lh a5, 0(a5)               : MemRead :  D=0x000000000000030b A=0x6f022
4661000: system.cpu: T0 : 0x1098a    : addiw a3, a5, 0            : IntAlu :  D=0x000000000000030b
4662000: system.cpu: T0 : 0x1098e    : lw a4, -124(s0)            : MemRead :  D=0x0000000000000008 A=0x7ffffffffffffd64
4662500: system.cpu: T0 : 0x10992    : c_mv a5, a4                : IntAlu :  D=0x0000000000000008
4663000: system.cpu: T0 : 0x10994    : slliw a5, a5, 2            : IntAlu :  D=0x0000000000000020
4663500: system.cpu: T0 : 0x10998    : c_addw a5, a4              : IntAlu :  D=0x0000000000000028
4664000: system.cpu: T0 : 0x1099a    : c_addiw a5, 0              : IntAlu :  D=0x0000000000000028
4664500: system.cpu: T0 : 0x1099c    : c_slli a5, 1               : IntAlu :  D=0x0000000000000050
4665500: system.cpu: T0 : 0x1099e    : ld a4, -24(s0)             : MemRead :  D=0x000000000006f002 A=0x7ffffffffffffdc8
4666000: system.cpu: T0 : 0x109a2    : c_add a5, a4               : IntAlu :  D=0x000000000006f052
4666500: system.cpu: T0 : 0x109a4    : lh a5, 0(a5)               : MemRead :  D=0x000000000000039c A=0x6f052
4667000: system.cpu: T0 : 0x109a8    : c_addiw a5, 0              : IntAlu :  D=0x000000000000039c
4667500: system.cpu: T0 : 0x109aa    : c_addw a5, a3              : IntAlu :  D=0x00000000000006a7
4668000: system.cpu: T0 : 0x109ac    : sw a5, -80(s0)             : MemWrite :  D=0x00000000000006a7 A=0x7ffffffffffffd90
4668500: system.cpu: T0 : 0x109b0    : lw a5, -124(s0)            : MemRead :  D=0x0000000000000008 A=0x7ffffffffffffd64
4669000: system.cpu: T0 : 0x109b4    : slliw a5, a5, 1            : IntAlu :  D=0x0000000000000010
4669500: system.cpu: T0 : 0x109b8    : c_addiw a5, 0              : IntAlu :  D=0x0000000000000010
4670000: system.cpu: T0 : 0x109ba    : c_slli a5, 1               : IntAlu :  D=0x0000000000000020
4670500: system.cpu: T0 : 0x109bc    : ld a4, -24(s0)             : MemRead :  D=0x000000000006f002 A=0x7ffffffffffffdc8
4671000: system.cpu: T0 : 0x109c0    : c_add a5, a4               : IntAlu :  D=0x000000000006f022
4672000: system.cpu: T0 : 0x109c2    : lh a5, 0(a5)               : MemRead :  D=0x000000000000030b A=0x6f022
4673000: system.cpu: T0 : 0x109c6    : addiw a3, a5, 0            : IntAlu :  D=0x000000000000030b
4674000: system.cpu: T0 : 0x109ca    : lw a4, -124(s0)            : MemRead :  D=0x0000000000000008 A=0x7ffffffffffffd64
4674500: system.cpu: T0 : 0x109ce    : c_mv a5, a4                : IntAlu :  D=0x0000000000000008
4675000: system.cpu: T0 : 0x109d0    : slliw a5, a5, 2            : IntAlu :  D=0x0000000000000020
4675500: system.cpu: T0 : 0x109d4    : c_addw a5, a4              : IntAlu :  D=0x0000000000000028
4676000: system.cpu: T0 : 0x109d6    : c_addiw a5, 0              : IntAlu :  D=0x0000000000000028
4676500: system.cpu: T0 : 0x109d8    : c_slli a5, 1               : IntAlu :  D=0x0000000000000050
4677500: system.cpu: T0 : 0x109da    : ld a4, -24(s0)             : MemRead :  D=0x000000000006f002 A=0x7ffffffffffffdc8
4678000: system.cpu: T0 : 0x109de    : c_add a5, a4               : IntAlu :  D=0x000000000006f052
4678500: system.cpu: T0 : 0x109e0    : lh a5, 0(a5)               : MemRead :  D=0x000000000000039c A=0x6f052
4679000: system.cpu: T0 : 0x109e4    : c_addiw a5, 0              : IntAlu :  D=0x000000000000039c
4680000: system.cpu: T0 : 0x109e6    : subw a5, a3, a5            : IntAlu :  D=0xffffffffffffff6f
4681000: system.cpu: T0 : 0x109ea    : sw a5, -76(s0)             : MemWrite :  D=0x00000000ffffff6f A=0x7ffffffffffffd94
4682000: system.cpu: T0 : 0x109ee    : lw a4, -124(s0)            : MemRead :  D=0x0000000000000008 A=0x7ffffffffffffd64
4682500: system.cpu: T0 : 0x109f2    : c_mv a5, a4                : IntAlu :  D=0x0000000000000008
4683000: system.cpu: T0 : 0x109f4    : slliw a5, a5, 1            : IntAlu :  D=0x0000000000000010
4683500: system.cpu: T0 : 0x109f8    : c_addw a5, a4              : IntAlu :  D=0x0000000000000018
4684000: system.cpu: T0 : 0x109fa    : c_addiw a5, 0              : IntAlu :  D=0x0000000000000018
4684500: system.cpu: T0 : 0x109fc    : c_slli a5, 1               : IntAlu :  D=0x0000000000000030
4685500: system.cpu: T0 : 0x109fe    : ld a4, -24(s0)             : MemRead :  D=0x000000000006f002 A=0x7ffffffffffffdc8
4686000: system.cpu: T0 : 0x10a02    : c_add a5, a4               : IntAlu :  D=0x000000000006f032
4686500: system.cpu: T0 : 0x10a04    : lh a5, 0(a5)               : MemRead :  D=0x0000000000000336 A=0x6f032
4687000: system.cpu: T0 : 0x10a08    : addiw a4, a5, 0            : IntAlu :  D=0x0000000000000336
4687500: system.cpu: T0 : 0x10a0c    : lw a5, -124(s0)            : MemRead :  D=0x0000000000000008 A=0x7ffffffffffffd64
4688000: system.cpu: T0 : 0x10a10    : slliw a5, a5, 2            : IntAlu :  D=0x0000000000000020
4688500: system.cpu: T0 : 0x10a14    : c_addiw a5, 0              : IntAlu :  D=0x0000000000000020
4689000: system.cpu: T0 : 0x10a16    : c_slli a5, 1               : IntAlu :  D=0x0000000000000040
4689500: system.cpu: T0 : 0x10a18    : ld a3, -24(s0)             : MemRead :  D=0x000000000006f002 A=0x7ffffffffffffdc8
4690000: system.cpu: T0 : 0x10a1c    : c_add a5, a3               : IntAlu :  D=0x000000000006f042
4691000: system.cpu: T0 : 0x10a1e    : lh a5, 0(a5)               : MemRead :  D=0x0000000000000364 A=0x6f042
4691500: system.cpu: T0 : 0x10a22    : c_addiw a5, 0              : IntAlu :  D=0x0000000000000364
4692000: system.cpu: T0 : 0x10a24    : c_addw a5, a4              : IntAlu :  D=0x000000000000069a
4693000: system.cpu: T0 : 0x10a26    : sw a5, -72(s0)             : MemWrite :  D=0x000000000000069a A=0x7ffffffffffffd98
4694000: system.cpu: T0 : 0x10a2a    : lw a4, -124(s0)            : MemRead :  D=0x0000000000000008 A=0x7ffffffffffffd64
4694500: system.cpu: T0 : 0x10a2e    : c_mv a5, a4                : IntAlu :  D=0x0000000000000008
4695000: system.cpu: T0 : 0x10a30    : slliw a5, a5, 1            : IntAlu :  D=0x0000000000000010
4695500: system.cpu: T0 : 0x10a34    : c_addw a5, a4              : IntAlu :  D=0x0000000000000018
4696000: system.cpu: T0 : 0x10a36    : c_addiw a5, 0              : IntAlu :  D=0x0000000000000018
4696500: system.cpu: T0 : 0x10a38    : c_slli a5, 1               : IntAlu :  D=0x0000000000000030
4697500: system.cpu: T0 : 0x10a3a    : ld a4, -24(s0)             : MemRead :  D=0x000000000006f002 A=0x7ffffffffffffdc8
4698000: system.cpu: T0 : 0x10a3e    : c_add a5, a4               : IntAlu :  D=0x000000000006f032
4698500: system.cpu: T0 : 0x10a40    : lh a5, 0(a5)               : MemRead :  D=0x0000000000000336 A=0x6f032
4699000: system.cpu: T0 : 0x10a44    : addiw a4, a5, 0            : IntAlu :  D=0x0000000000000336
4699500: system.cpu: T0 : 0x10a48    : lw a5, -124(s0)            : MemRead :  D=0x0000000000000008 A=0x7ffffffffffffd64
4700000: system.cpu: T0 : 0x10a4c    : slliw a5, a5, 2            : IntAlu :  D=0x0000000000000020
4700500: system.cpu: T0 : 0x10a50    : c_addiw a5, 0              : IntAlu :  D=0x0000000000000020
4701000: system.cpu: T0 : 0x10a52    : c_slli a5, 1               : IntAlu :  D=0x0000000000000040
4701500: system.cpu: T0 : 0x10a54    : ld a3, -24(s0)             : MemRead :  D=0x000000000006f002 A=0x7ffffffffffffdc8
4702000: system.cpu: T0 : 0x10a58    : c_add a5, a3               : IntAlu :  D=0x000000000006f042
4703000: system.cpu: T0 : 0x10a5a    : lh a5, 0(a5)               : MemRead :  D=0x0000000000000364 A=0x6f042
4703500: system.cpu: T0 : 0x10a5e    : c_addiw a5, 0              : IntAlu :  D=0x0000000000000364
4704000: system.cpu: T0 : 0x10a60    : subw a5, a4, a5            : IntAlu :  D=0xffffffffffffffd2
4704500: system.cpu: T0 : 0x10a64    : sw a5, -68(s0)             : MemWrite :  D=0x00000000ffffffd2 A=0x7ffffffffffffd9c
4705000: system.cpu: T0 : 0x10a68    : lw a4, -96(s0)             : MemRead :  D=0x00000000000001f5 A=0x7ffffffffffffd80
4705500: system.cpu: T0 : 0x10a6c    : lw a5, -72(s0)             : MemRead :  D=0x000000000000069a A=0x7ffffffffffffd98
4706000: system.cpu: T0 : 0x10a70    : c_addw a5, a4              : IntAlu :  D=0x000000000000088f
4707000: system.cpu: T0 : 0x10a72    : sw a5, -64(s0)             : MemWrite :  D=0x000000000000088f A=0x7ffffffffffffda0
4708000: system.cpu: T0 : 0x10a76    : lw a4, -96(s0)             : MemRead :  D=0x00000000000001f5 A=0x7ffffffffffffd80
4709000: system.cpu: T0 : 0x10a7a    : lw a5, -72(s0)             : MemRead :  D=0x000000000000069a A=0x7ffffffffffffd98
4710000: system.cpu: T0 : 0x10a7e    : subw a5, a4, a5            : IntAlu :  D=0xfffffffffffffb5b
4711000: system.cpu: T0 : 0x10a82    : sw a5, -60(s0)             : MemWrite :  D=0x00000000fffffb5b A=0x7ffffffffffffda4
4712000: system.cpu: T0 : 0x10a86    : lw a4, -88(s0)             : MemRead :  D=0x0000000000000564 A=0x7ffffffffffffd88
4713000: system.cpu: T0 : 0x10a8a    : lw a5, -80(s0)             : MemRead :  D=0x00000000000006a7 A=0x7ffffffffffffd90
4713500: system.cpu: T0 : 0x10a8e    : c_addw a5, a4              : IntAlu :  D=0x0000000000000c0b
4714000: system.cpu: T0 : 0x10a90    : sw a5, -56(s0)             : MemWrite :  D=0x0000000000000c0b A=0x7ffffffffffffda8
4714500: system.cpu: T0 : 0x10a94    : lw a4, -88(s0)             : MemRead :  D=0x0000000000000564 A=0x7ffffffffffffd88
4715000: system.cpu: T0 : 0x10a98    : lw a5, -80(s0)             : MemRead :  D=0x00000000000006a7 A=0x7ffffffffffffd90
4715500: system.cpu: T0 : 0x10a9c    : subw a5, a4, a5            : IntAlu :  D=0xfffffffffffffebd
4716000: system.cpu: T0 : 0x10aa0    : sw a5, -52(s0)             : MemWrite :  D=0x00000000fffffebd A=0x7ffffffffffffdac
4716500: system.cpu: T0 : 0x10aa4    : lw a4, -64(s0)             : MemRead :  D=0x000000000000088f A=0x7ffffffffffffda0
4717000: system.cpu: T0 : 0x10aa8    : lw a5, -56(s0)             : MemRead :  D=0x0000000000000c0b A=0x7ffffffffffffda8
4717500: system.cpu: T0 : 0x10aac    : c_addw a5, a4              : IntAlu :  D=0x000000000000149a
4718000: system.cpu: T0 : 0x10aae    : c_addiw a5, 0              : IntAlu :  D=0x000000000000149a
4718500: system.cpu: T0 : 0x10ab0    : sraiw a5, a5, 5            : IntAlu :  D=0x00000000000000a4
4719000: system.cpu: T0 : 0x10ab4    : c_addiw a5, 0              : IntAlu :  D=0x00000000000000a4
4720000: system.cpu: T0 : 0x10ab6    : slliw a4, a5, 16           : IntAlu :  D=0x0000000000a40000
4721000: system.cpu: T0 : 0x10aba    : sraiw a4, a4, 16           : IntAlu :  D=0x00000000000000a4
4722000: system.cpu: T0 : 0x10abe    : ld a5, -24(s0)             : MemRead :  D=0x000000000006f002 A=0x7ffffffffffffdc8
4723000: system.cpu: T0 : 0x10ac2    : sh a4, 0(a5)               : MemWrite :  D=0x00000000000000a4 A=0x6f002
4724000: system.cpu: T0 : 0x10ac6    : lw a4, -64(s0)             : MemRead :  D=0x000000000000088f A=0x7ffffffffffffda0
4725000: system.cpu: T0 : 0x10aca    : lw a5, -56(s0)             : MemRead :  D=0x0000000000000c0b A=0x7ffffffffffffda8
4726000: system.cpu: T0 : 0x10ace    : subw a5, a4, a5            : IntAlu :  D=0xfffffffffffffc84
4726500: system.cpu: T0 : 0x10ad2    : c_addiw a5, 0              : IntAlu :  D=0xfffffffffffffc84
4727000: system.cpu: T0 : 0x10ad4    : sraiw a5, a5, 5            : IntAlu :  D=0xffffffffffffffe4
4727500: system.cpu: T0 : 0x10ad8    : addiw a3, a5, 0            : IntAlu :  D=0xffffffffffffffe4
4728000: system.cpu: T0 : 0x10adc    : lw a5, -124(s0)            : MemRead :  D=0x0000000000000008 A=0x7ffffffffffffd64
4728500: system.cpu: T0 : 0x10ae0    : slliw a5, a5, 2            : IntAlu :  D=0x0000000000000020
4729000: system.cpu: T0 : 0x10ae4    : c_addiw a5, 0              : IntAlu :  D=0x0000000000000020
4729500: system.cpu: T0 : 0x10ae6    : c_slli a5, 1               : IntAlu :  D=0x0000000000000040
4730000: system.cpu: T0 : 0x10ae8    : ld a4, -24(s0)             : MemRead :  D=0x000000000006f002 A=0x7ffffffffffffdc8
4730500: system.cpu: T0 : 0x10aec    : c_add a5, a4               : IntAlu :  D=0x000000000006f042
4731500: system.cpu: T0 : 0x10aee    : slliw a4, a3, 16           : IntAlu :  D=0xffffffffffe40000
4732500: system.cpu: T0 : 0x10af2    : sraiw a4, a4, 16           : IntAlu :  D=0xffffffffffffffe4
4733500: system.cpu: T0 : 0x10af6    : sh a4, 0(a5)               : MemWrite :  D=0x000000000000ffe4 A=0x6f042
4734000: system.cpu: T0 : 0x10afa    : c_lui a5, 1                : IntAlu :  D=0x0000000000001000
4734500: system.cpu: T0 : 0x10afc    : addiw a5, a5, 337          : IntAlu :  D=0x0000000000001151
4735000: system.cpu: T0 : 0x10b00    : sw a5, -48(s0)             : MemWrite :  D=0x0000000000001151 A=0x7ffffffffffffdb0
4735500: system.cpu: T0 : 0x10b04    : lw a4, -52(s0)             : MemRead :  D=0xfffffffffffffebd A=0x7ffffffffffffdac
4736000: system.cpu: T0 : 0x10b08    : lw a5, -60(s0)             : MemRead :  D=0xfffffffffffffb5b A=0x7ffffffffffffda4
4736500: system.cpu: T0 : 0x10b0c    : c_addw a5, a4              : IntAlu :  D=0xfffffffffffffa18
4737000: system.cpu: T0 : 0x10b0e    : c_addiw a5, 0              : IntAlu :  D=0xfffffffffffffa18
4737500: system.cpu: T0 : 0x10b10    : lw a4, -48(s0)             : MemRead :  D=0x0000000000001151 A=0x7ffffffffffffdb0
4738000: system.cpu: T0 : 0x10b14    : mulw a5, a4, a5            : IntMult :  D=0xffffffffff99b998
4738500: system.cpu: T0 : 0x10b18    : sw a5, -44(s0)             : MemWrite :  D=0x00000000ff99b998 A=0x7ffffffffffffdb4
4739000: system.cpu: T0 : 0x10b1c    : c_lui a5, 2                : IntAlu :  D=0x0000000000002000
4740000: system.cpu: T0 : 0x10b1e    : addiw a5, a5, -1922        : IntAlu :  D=0x000000000000187e
4741000: system.cpu: T0 : 0x10b22    : sw a5, -48(s0)             : MemWrite :  D=0x000000000000187e A=0x7ffffffffffffdb0
4742000: system.cpu: T0 : 0x10b26    : lw a4, -60(s0)             : MemRead :  D=0xfffffffffffffb5b A=0x7ffffffffffffda4
4743000: system.cpu: T0 : 0x10b2a    : lw a5, -48(s0)             : MemRead :  D=0x000000000000187e A=0x7ffffffffffffdb0
4744000: system.cpu: T0 : 0x10b2e    : mulw a5, a4, a5            : IntMult :  D=0xffffffffff8e3eca
4744500: system.cpu: T0 : 0x10b32    : c_addiw a5, 0              : IntAlu :  D=0xffffffffff8e3eca
4745000: system.cpu: T0 : 0x10b34    : lw a4, -44(s0)             : MemRead :  D=0xffffffffff99b998 A=0x7ffffffffffffdb4
4745500: system.cpu: T0 : 0x10b38    : c_addw a5, a4              : IntAlu :  D=0xffffffffff27f862
4746000: system.cpu: T0 : 0x10b3a    : c_addiw a5, 0              : IntAlu :  D=0xffffffffff27f862
4746500: system.cpu: T0 : 0x10b3c    : sraiw a5, a5, 18           : IntAlu :  D=0xffffffffffffffc9
4747000: system.cpu: T0 : 0x10b40    : addiw a3, a5, 0            : IntAlu :  D=0xffffffffffffffc9
4747500: system.cpu: T0 : 0x10b44    : lw a5, -124(s0)            : MemRead :  D=0x0000000000000008 A=0x7ffffffffffffd64
4748000: system.cpu: T0 : 0x10b48    : slliw a5, a5, 1            : IntAlu :  D=0x0000000000000010
4748500: system.cpu: T0 : 0x10b4c    : c_addiw a5, 0              : IntAlu :  D=0x0000000000000010
4749000: system.cpu: T0 : 0x10b4e    : c_slli a5, 1               : IntAlu :  D=0x0000000000000020
4749500: system.cpu: T0 : 0x10b50    : ld a4, -24(s0)             : MemRead :  D=0x000000000006f002 A=0x7ffffffffffffdc8
4750000: system.cpu: T0 : 0x10b54    : c_add a5, a4               : IntAlu :  D=0x000000000006f022
4751000: system.cpu: T0 : 0x10b56    : slliw a4, a3, 16           : IntAlu :  D=0xffffffffffc90000
4752000: system.cpu: T0 : 0x10b5a    : sraiw a4, a4, 16           : IntAlu :  D=0xffffffffffffffc9
4753000: system.cpu: T0 : 0x10b5e    : sh a4, 0(a5)               : MemWrite :  D=0x000000000000ffc9 A=0x6f022
4753500: system.cpu: T0 : 0x10b62    : c_lui a5, 1048572          : IntAlu :  D=0xffffffffffffc000
4754000: system.cpu: T0 : 0x10b64    : addiw a5, a5, 1247         : IntAlu :  D=0xffffffffffffc4df
4754500: system.cpu: T0 : 0x10b68    : sw a5, -48(s0)             : MemWrite :  D=0x00000000ffffc4df A=0x7ffffffffffffdb0
4755000: system.cpu: T0 : 0x10b6c    : lw a4, -52(s0)             : MemRead :  D=0xfffffffffffffebd A=0x7ffffffffffffdac
4755500: system.cpu: T0 : 0x10b70    : lw a5, -48(s0)             : MemRead :  D=0xffffffffffffc4df A=0x7ffffffffffffdb0
4756000: system.cpu: T0 : 0x10b74    : mulw a5, a4, a5            : IntMult :  D=0x00000000004a9aa3
4756500: system.cpu: T0 : 0x10b78    : c_addiw a5, 0              : IntAlu :  D=0x00000000004a9aa3
4757500: system.cpu: T0 : 0x10b7a    : lw a4, -44(s0)             : MemRead :  D=0xffffffffff99b998 A=0x7ffffffffffffdb4
4758000: system.cpu: T0 : 0x10b7e    : c_addw a5, a4              : IntAlu :  D=0xffffffffffe4543b
4758500: system.cpu: T0 : 0x10b80    : c_addiw a5, 0              : IntAlu :  D=0xffffffffffe4543b
4759500: system.cpu: T0 : 0x10b82    : sraiw a5, a5, 18           : IntAlu :  D=0xfffffffffffffff9
4760500: system.cpu: T0 : 0x10b86    : addiw a3, a5, 0            : IntAlu :  D=0xfffffffffffffff9
4761500: system.cpu: T0 : 0x10b8a    : lw a4, -124(s0)            : MemRead :  D=0x0000000000000008 A=0x7ffffffffffffd64
4762000: system.cpu: T0 : 0x10b8e    : c_mv a5, a4                : IntAlu :  D=0x0000000000000008
4762500: system.cpu: T0 : 0x10b90    : slliw a5, a5, 1            : IntAlu :  D=0x0000000000000010
4763000: system.cpu: T0 : 0x10b94    : c_addw a5, a4              : IntAlu :  D=0x0000000000000018
4764000: system.cpu: T0 : 0x10b96    : slliw a5, a5, 1            : IntAlu :  D=0x0000000000000030
4764500: system.cpu: T0 : 0x10b9a    : c_addiw a5, 0              : IntAlu :  D=0x0000000000000030
4765000: system.cpu: T0 : 0x10b9c    : c_slli a5, 1               : IntAlu :  D=0x0000000000000060
4766000: system.cpu: T0 : 0x10b9e    : ld a4, -24(s0)             : MemRead :  D=0x000000000006f002 A=0x7ffffffffffffdc8
4766500: system.cpu: T0 : 0x10ba2    : c_add a5, a4               : IntAlu :  D=0x000000000006f062
4767000: system.cpu: T0 : 0x10ba4    : slliw a4, a3, 16           : IntAlu :  D=0xfffffffffff90000
4767500: system.cpu: T0 : 0x10ba8    : sraiw a4, a4, 16           : IntAlu :  D=0xfffffffffffffff9
4768000: system.cpu: T0 : 0x10bac    : sh a4, 0(a5)               : MemWrite :  D=0x000000000000fff9 A=0x6f062
4768500: system.cpu: T0 : 0x10bb0    : lw a4, -68(s0)             : MemRead :  D=0xffffffffffffffd2 A=0x7ffffffffffffd9c
4769000: system.cpu: T0 : 0x10bb4    : lw a5, -92(s0)             : MemRead :  D=0x0000000000000195 A=0x7ffffffffffffd84
4769500: system.cpu: T0 : 0x10bb8    : c_addw a5, a4              : IntAlu :  D=0x0000000000000167
4770500: system.cpu: T0 : 0x10bba    : sw a5, -44(s0)             : MemWrite :  D=0x0000000000000167 A=0x7ffffffffffffdb4
4771500: system.cpu: T0 : 0x10bbe    : lw a4, -76(s0)             : MemRead :  D=0xffffffffffffff6f A=0x7ffffffffffffd94
4772500: system.cpu: T0 : 0x10bc2    : lw a5, -84(s0)             : MemRead :  D=0x0000000000000014 A=0x7ffffffffffffd8c
4773000: system.cpu: T0 : 0x10bc6    : c_addw a5, a4              : IntAlu :  D=0xffffffffffffff83
4773500: system.cpu: T0 : 0x10bc8    : sw a5, -40(s0)             : MemWrite :  D=0x00000000ffffff83 A=0x7ffffffffffffdb8
4774000: system.cpu: T0 : 0x10bcc    : lw a4, -68(s0)             : MemRead :  D=0xffffffffffffffd2 A=0x7ffffffffffffd9c
4774500: system.cpu: T0 : 0x10bd0    : lw a5, -84(s0)             : MemRead :  D=0x0000000000000014 A=0x7ffffffffffffd8c
4775000: system.cpu: T0 : 0x10bd4    : c_addw a5, a4              : IntAlu :  D=0xffffffffffffffe6
4776000: system.cpu: T0 : 0x10bd6    : sw a5, -36(s0)             : MemWrite :  D=0x00000000ffffffe6 A=0x7ffffffffffffdbc
4777000: system.cpu: T0 : 0x10bda    : lw a4, -76(s0)             : MemRead :  D=0xffffffffffffff6f A=0x7ffffffffffffd94
4778000: system.cpu: T0 : 0x10bde    : lw a5, -92(s0)             : MemRead :  D=0x0000000000000195 A=0x7ffffffffffffd84
4778500: system.cpu: T0 : 0x10be2    : c_addw a5, a4              : IntAlu :  D=0x0000000000000104
4779000: system.cpu: T0 : 0x10be4    : sw a5, -32(s0)             : MemWrite :  D=0x0000000000000104 A=0x7ffffffffffffdc0
4779500: system.cpu: T0 : 0x10be8    : c_lui a5, 2                : IntAlu :  D=0x0000000000002000
4780500: system.cpu: T0 : 0x10bea    : addiw a5, a5, 1441         : IntAlu :  D=0x00000000000025a1
4781500: system.cpu: T0 : 0x10bee    : sw a5, -48(s0)             : MemWrite :  D=0x00000000000025a1 A=0x7ffffffffffffdb0
4782500: system.cpu: T0 : 0x10bf2    : lw a4, -36(s0)             : MemRead :  D=0xffffffffffffffe6 A=0x7ffffffffffffdbc
4783500: system.cpu: T0 : 0x10bf6    : lw a5, -32(s0)             : MemRead :  D=0x0000000000000104 A=0x7ffffffffffffdc0
4784000: system.cpu: T0 : 0x10bfa    : c_addw a5, a4              : IntAlu :  D=0x00000000000000ea
4784500: system.cpu: T0 : 0x10bfc    : c_addiw a5, 0              : IntAlu :  D=0x00000000000000ea
4785500: system.cpu: T0 : 0x10bfe    : lw a4, -48(s0)             : MemRead :  D=0x00000000000025a1 A=0x7ffffffffffffdb0
4786500: system.cpu: T0 : 0x10c02    : mulw a5, a4, a5            : IntMult :  D=0x000000000022652a
4787500: system.cpu: T0 : 0x10c06    : sw a5, -28(s0)             : MemWrite :  D=0x000000000022652a A=0x7ffffffffffffdc4
4788000: system.cpu: T0 : 0x10c0a    : c_lui a5, 1                : IntAlu :  D=0x0000000000001000
4788500: system.cpu: T0 : 0x10c0c    : addiw a5, a5, -1650        : IntAlu :  D=0x000000000000098e
4789000: system.cpu: T0 : 0x10c10    : sw a5, -48(s0)             : MemWrite :  D=0x000000000000098e A=0x7ffffffffffffdb0
4789500: system.cpu: T0 : 0x10c14    : lw a4, -68(s0)             : MemRead :  D=0xffffffffffffffd2 A=0x7ffffffffffffd9c
4790000: system.cpu: T0 : 0x10c18    : lw a5, -48(s0)             : MemRead :  D=0x000000000000098e A=0x7ffffffffffffdb0
4790500: system.cpu: T0 : 0x10c1c    : mulw a5, a4, a5            : IntMult :  D=0xfffffffffffe487c
4791000: system.cpu: T0 : 0x10c20    : sw a5, -68(s0)             : MemWrite :  D=0x00000000fffe487c A=0x7ffffffffffffd9c
4791500: system.cpu: T0 : 0x10c24    : c_lui a5, 4                : IntAlu :  D=0x0000000000004000
4792500: system.cpu: T0 : 0x10c26    : addiw a5, a5, 435          : IntAlu :  D=0x00000000000041b3
4793500: system.cpu: T0 : 0x10c2a    : sw a5, -48(s0)             : MemWrite :  D=0x00000000000041b3 A=0x7ffffffffffffdb0
4794500: system.cpu: T0 : 0x10c2e    : lw a4, -76(s0)             : MemRead :  D=0xffffffffffffff6f A=0x7ffffffffffffd94
4795500: system.cpu: T0 : 0x10c32    : lw a5, -48(s0)             : MemRead :  D=0x00000000000041b3 A=0x7ffffffffffffdb0
4796500: system.cpu: T0 : 0x10c36    : mulw a5, a4, a5            : IntMult :  D=0xffffffffffdac99d
4797500: system.cpu: T0 : 0x10c3a    : sw a5, -76(s0)             : MemWrite :  D=0x00000000ffdac99d A=0x7ffffffffffffd94
4798000: system.cpu: T0 : 0x10c3e    : c_lui a5, 6                : IntAlu :  D=0x0000000000006000
4798500: system.cpu: T0 : 0x10c40    : addiw a5, a5, 596          : IntAlu :  D=0x0000000000006254
4799000: system.cpu: T0 : 0x10c44    : sw a5, -48(s0)             : MemWrite :  D=0x0000000000006254 A=0x7ffffffffffffdb0
4799500: system.cpu: T0 : 0x10c48    : lw a4, -84(s0)             : MemRead :  D=0x0000000000000014 A=0x7ffffffffffffd8c
4800000: system.cpu: T0 : 0x10c4c    : lw a5, -48(s0)             : MemRead :  D=0x0000000000006254 A=0x7ffffffffffffdb0
4800500: system.cpu: T0 : 0x10c50    : mulw a5, a4, a5            : IntMult :  D=0x000000000007ae90
4801000: system.cpu: T0 : 0x10c54    : sw a5, -84(s0)             : MemWrite :  D=0x000000000007ae90 A=0x7ffffffffffffd8c
4801500: system.cpu: T0 : 0x10c58    : c_lui a5, 3                : IntAlu :  D=0x0000000000003000
4802000: system.cpu: T0 : 0x10c5a    : c_addiw a5, 11             : IntAlu :  D=0x000000000000300b
4802500: system.cpu: T0 : 0x10c5c    : sw a5, -48(s0)             : MemWrite :  D=0x000000000000300b A=0x7ffffffffffffdb0
4803000: system.cpu: T0 : 0x10c60    : lw a4, -92(s0)             : MemRead :  D=0x0000000000000195 A=0x7ffffffffffffd84
4803500: system.cpu: T0 : 0x10c64    : lw a5, -48(s0)             : MemRead :  D=0x000000000000300b A=0x7ffffffffffffdb0
4804000: system.cpu: T0 : 0x10c68    : mulw a5, a4, a5            : IntMult :  D=0x00000000004c0167
4804500: system.cpu: T0 : 0x10c6c    : sw a5, -92(s0)             : MemWrite :  D=0x00000000004c0167 A=0x7ffffffffffffd84
4805000: system.cpu: T0 : 0x10c70    : c_lui a5, 1048574          : IntAlu :  D=0xffffffffffffe000
4806000: system.cpu: T0 : 0x10c72    : addiw a5, a5, 819          : IntAlu :  D=0xffffffffffffe333
4807000: system.cpu: T0 : 0x10c76    : sw a5, -48(s0)             : MemWrite :  D=0x00000000ffffe333 A=0x7ffffffffffffdb0
4808000: system.cpu: T0 : 0x10c7a    : lw a4, -44(s0)             : MemRead :  D=0x0000000000000167 A=0x7ffffffffffffdb4
4809000: system.cpu: T0 : 0x10c7e    : lw a5, -48(s0)             : MemRead :  D=0xffffffffffffe333 A=0x7ffffffffffffdb0
4810000: system.cpu: T0 : 0x10c82    : mulw a5, a4, a5            : IntMult :  D=0xffffffffffd79c85
4811000: system.cpu: T0 : 0x10c86    : sw a5, -44(s0)             : MemWrite :  D=0x00000000ffd79c85 A=0x7ffffffffffffdb4
4811500: system.cpu: T0 : 0x10c8a    : c_lui a5, 1048571          : IntAlu :  D=0xffffffffffffb000
4812000: system.cpu: T0 : 0x10c8c    : addiw a5, a5, -515         : IntAlu :  D=0xffffffffffffadfd
4812500: system.cpu: T0 : 0x10c90    : sw a5, -48(s0)             : MemWrite :  D=0x00000000ffffadfd A=0x7ffffffffffffdb0
4813000: system.cpu: T0 : 0x10c94    : lw a4, -40(s0)             : MemRead :  D=0xffffffffffffff83 A=0x7ffffffffffffdb8
4813500: system.cpu: T0 : 0x10c98    : lw a5, -48(s0)             : MemRead :  D=0xffffffffffffadfd A=0x7ffffffffffffdb0
4814000: system.cpu: T0 : 0x10c9c    : mulw a5, a4, a5            : IntMult :  D=0x0000000000280b77
4814500: system.cpu: T0 : 0x10ca0    : sw a5, -40(s0)             : MemWrite :  D=0x0000000000280b77 A=0x7ffffffffffffdb8
4815000: system.cpu: T0 : 0x10ca4    : c_lui a5, 1048572          : IntAlu :  D=0xffffffffffffc000
4816000: system.cpu: T0 : 0x10ca6    : addiw a5, a5, 315          : IntAlu :  D=0xffffffffffffc13b
4817000: system.cpu: T0 : 0x10caa    : sw a5, -48(s0)             : MemWrite :  D=0x00000000ffffc13b A=0x7ffffffffffffdb0
4818000: system.cpu: T0 : 0x10cae    : lw a4, -36(s0)             : MemRead :  D=0xffffffffffffffe6 A=0x7ffffffffffffdbc
4819000: system.cpu: T0 : 0x10cb2    : lw a5, -48(s0)             : MemRead :  D=0xffffffffffffc13b A=0x7ffffffffffffdb0
4820000: system.cpu: T0 : 0x10cb6    : mulw a5, a4, a5            : IntMult :  D=0x0000000000066002
4821000: system.cpu: T0 : 0x10cba    : sw a5, -36(s0)             : MemWrite :  D=0x0000000000066002 A=0x7ffffffffffffdbc
4821500: system.cpu: T0 : 0x10cbe    : c_lui a5, 1048575          : IntAlu :  D=0xfffffffffffff000
4822000: system.cpu: T0 : 0x10cc0    : addiw a5, a5, 900          : IntAlu :  D=0xfffffffffffff384
4822500: system.cpu: T0 : 0x10cc4    : sw a5, -48(s0)             : MemWrite :  D=0x00000000fffff384 A=0x7ffffffffffffdb0
4823000: system.cpu: T0 : 0x10cc8    : lw a4, -32(s0)             : MemRead :  D=0x0000000000000104 A=0x7ffffffffffffdc0
4823500: system.cpu: T0 : 0x10ccc    : lw a5, -48(s0)             : MemRead :  D=0xfffffffffffff384 A=0x7ffffffffffffdb0
4824000: system.cpu: T0 : 0x10cd0    : mulw a5, a4, a5            : IntMult :  D=0xfffffffffff35210
4824500: system.cpu: T0 : 0x10cd4    : sw a5, -32(s0)             : MemWrite :  D=0x00000000fff35210 A=0x7ffffffffffffdc0
4825000: system.cpu: T0 : 0x10cd8    : lw a4, -36(s0)             : MemRead :  D=0x0000000000066002 A=0x7ffffffffffffdbc
4825500: system.cpu: T0 : 0x10cdc    : lw a5, -28(s0)             : MemRead :  D=0x000000000022652a A=0x7ffffffffffffdc4
4826000: system.cpu: T0 : 0x10ce0    : c_addw a5, a4              : IntAlu :  D=0x000000000028c52c
4827000: system.cpu: T0 : 0x10ce2    : sw a5, -36(s0)             : MemWrite :  D=0x000000000028c52c A=0x7ffffffffffffdbc
4828000: system.cpu: T0 : 0x10ce6    : lw a4, -32(s0)             : MemRead :  D=0xfffffffffff35210 A=0x7ffffffffffffdc0
4829000: system.cpu: T0 : 0x10cea    : lw a5, -28(s0)             : MemRead :  D=0x000000000022652a A=0x7ffffffffffffdc4
4829500: system.cpu: T0 : 0x10cee    : c_addw a5, a4              : IntAlu :  D=0x000000000015b73a
4830000: system.cpu: T0 : 0x10cf0    : sw a5, -32(s0)             : MemWrite :  D=0x000000000015b73a A=0x7ffffffffffffdc0
4830500: system.cpu: T0 : 0x10cf4    : lw a4, -68(s0)             : MemRead :  D=0xfffffffffffe487c A=0x7ffffffffffffd9c
4831000: system.cpu: T0 : 0x10cf8    : lw a5, -44(s0)             : MemRead :  D=0xffffffffffd79c85 A=0x7ffffffffffffdb4
4831500: system.cpu: T0 : 0x10cfc    : c_addw a5, a4              : IntAlu :  D=0xffffffffffd5e501
4832000: system.cpu: T0 : 0x10cfe    : c_addiw a5, 0              : IntAlu :  D=0xffffffffffd5e501
4832500: system.cpu: T0 : 0x10d00    : lw a4, -36(s0)             : MemRead :  D=0x000000000028c52c A=0x7ffffffffffffdbc
4833000: system.cpu: T0 : 0x10d04    : c_addw a5, a4              : IntAlu :  D=0xfffffffffffeaa2d
4833500: system.cpu: T0 : 0x10d06    : c_addiw a5, 0              : IntAlu :  D=0xfffffffffffeaa2d
4834000: system.cpu: T0 : 0x10d08    : sraiw a5, a5, 18           : IntAlu :  D=0xffffffffffffffff
4834500: system.cpu: T0 : 0x10d0c    : addiw a3, a5, 0            : IntAlu :  D=0xffffffffffffffff
4835000: system.cpu: T0 : 0x10d10    : lw a4, -124(s0)            : MemRead :  D=0x0000000000000008 A=0x7ffffffffffffd64
4835500: system.cpu: T0 : 0x10d14    : c_mv a5, a4                : IntAlu :  D=0x0000000000000008
4836500: system.cpu: T0 : 0x10d16    : slliw a5, a5, 3            : IntAlu :  D=0x0000000000000040
4837000: system.cpu: T0 : 0x10d1a    : c_subw a5, a4              : IntAlu :  D=0x0000000000000038
4837500: system.cpu: T0 : 0x10d1c    : c_addiw a5, 0              : IntAlu :  D=0x0000000000000038
4838000: system.cpu: T0 : 0x10d1e    : c_slli a5, 1               : IntAlu :  D=0x0000000000000070
4838500: system.cpu: T0 : 0x10d20    : ld a4, -24(s0)             : MemRead :  D=0x000000000006f002 A=0x7ffffffffffffdc8
4839000: system.cpu: T0 : 0x10d24    : c_add a5, a4               : IntAlu :  D=0x000000000006f072
4840000: system.cpu: T0 : 0x10d26    : slliw a4, a3, 16           : IntAlu :  D=0xffffffffffff0000
4841000: system.cpu: T0 : 0x10d2a    : sraiw a4, a4, 16           : IntAlu :  D=0xffffffffffffffff
4842000: system.cpu: T0 : 0x10d2e    : sh a4, 0(a5)               : MemWrite :  D=0x000000000000ffff A=0x6f072
4843000: system.cpu: T0 : 0x10d32    : lw a4, -76(s0)             : MemRead :  D=0xffffffffffdac99d A=0x7ffffffffffffd94
4844000: system.cpu: T0 : 0x10d36    : lw a5, -40(s0)             : MemRead :  D=0x0000000000280b77 A=0x7ffffffffffffdb8
4844500: system.cpu: T0 : 0x10d3a    : c_addw a5, a4              : IntAlu :  D=0x000000000002d514
4845000: system.cpu: T0 : 0x10d3c    : c_addiw a5, 0              : IntAlu :  D=0x000000000002d514
4846000: system.cpu: T0 : 0x10d3e    : lw a4, -32(s0)             : MemRead :  D=0x000000000015b73a A=0x7ffffffffffffdc0
4846500: system.cpu: T0 : 0x10d42    : c_addw a5, a4              : IntAlu :  D=0x0000000000188c4e
4847000: system.cpu: T0 : 0x10d44    : c_addiw a5, 0              : IntAlu :  D=0x0000000000188c4e
4848000: system.cpu: T0 : 0x10d46    : sraiw a5, a5, 18           : IntAlu :  D=0x0000000000000006
4849000: system.cpu: T0 : 0x10d4a    : addiw a3, a5, 0            : IntAlu :  D=0x0000000000000006
4850000: system.cpu: T0 : 0x10d4e    : lw a4, -124(s0)            : MemRead :  D=0x0000000000000008 A=0x7ffffffffffffd64
4850500: system.cpu: T0 : 0x10d52    : c_mv a5, a4                : IntAlu :  D=0x0000000000000008
4851000: system.cpu: T0 : 0x10d54    : slliw a5, a5, 2            : IntAlu :  D=0x0000000000000020
4851500: system.cpu: T0 : 0x10d58    : c_addw a5, a4              : IntAlu :  D=0x0000000000000028
4852000: system.cpu: T0 : 0x10d5a    : c_addiw a5, 0              : IntAlu :  D=0x0000000000000028
4852500: system.cpu: T0 : 0x10d5c    : c_slli a5, 1               : IntAlu :  D=0x0000000000000050
4853500: system.cpu: T0 : 0x10d5e    : ld a4, -24(s0)             : MemRead :  D=0x000000000006f002 A=0x7ffffffffffffdc8
4854000: system.cpu: T0 : 0x10d62    : c_add a5, a4               : IntAlu :  D=0x000000000006f052
4854500: system.cpu: T0 : 0x10d64    : slliw a4, a3, 16           : IntAlu :  D=0x0000000000060000
4855000: system.cpu: T0 : 0x10d68    : sraiw a4, a4, 16           : IntAlu :  D=0x0000000000000006
4855500: system.cpu: T0 : 0x10d6c    : sh a4, 0(a5)               : MemWrite :  D=0x0000000000000006 A=0x6f052
4856000: system.cpu: T0 : 0x10d70    : lw a4, -84(s0)             : MemRead :  D=0x000000000007ae90 A=0x7ffffffffffffd8c
4856500: system.cpu: T0 : 0x10d74    : lw a5, -40(s0)             : MemRead :  D=0x0000000000280b77 A=0x7ffffffffffffdb8
4857000: system.cpu: T0 : 0x10d78    : c_addw a5, a4              : IntAlu :  D=0x00000000002fba07
4857500: system.cpu: T0 : 0x10d7a    : c_addiw a5, 0              : IntAlu :  D=0x00000000002fba07
4858000: system.cpu: T0 : 0x10d7c    : lw a4, -36(s0)             : MemRead :  D=0x000000000028c52c A=0x7ffffffffffffdbc
4858500: system.cpu: T0 : 0x10d80    : c_addw a5, a4              : IntAlu :  D=0x0000000000587f33
4859000: system.cpu: T0 : 0x10d82    : c_addiw a5, 0              : IntAlu :  D=0x0000000000587f33
4859500: system.cpu: T0 : 0x10d84    : sraiw a5, a5, 18           : IntAlu :  D=0x0000000000000016
4860000: system.cpu: T0 : 0x10d88    : addiw a3, a5, 0            : IntAlu :  D=0x0000000000000016
4860500: system.cpu: T0 : 0x10d8c    : lw a4, -124(s0)            : MemRead :  D=0x0000000000000008 A=0x7ffffffffffffd64
4861000: system.cpu: T0 : 0x10d90    : c_mv a5, a4                : IntAlu :  D=0x0000000000000008
4862000: system.cpu: T0 : 0x10d92    : slliw a5, a5, 1            : IntAlu :  D=0x0000000000000010
4862500: system.cpu: T0 : 0x10d96    : c_addw a5, a4              : IntAlu :  D=0x0000000000000018
4863000: system.cpu: T0 : 0x10d98    : c_addiw a5, 0              : IntAlu :  D=0x0000000000000018
4863500: system.cpu: T0 : 0x10d9a    : c_slli a5, 1               : IntAlu :  D=0x0000000000000030
4864000: system.cpu: T0 : 0x10d9c    : ld a4, -24(s0)             : MemRead :  D=0x000000000006f002 A=0x7ffffffffffffdc8
4864500: system.cpu: T0 : 0x10da0    : c_add a5, a4               : IntAlu :  D=0x000000000006f032
4865500: system.cpu: T0 : 0x10da2    : slliw a4, a3, 16           : IntAlu :  D=0x0000000000160000
4866500: system.cpu: T0 : 0x10da6    : sraiw a4, a4, 16           : IntAlu :  D=0x0000000000000016
4867500: system.cpu: T0 : 0x10daa    : sh a4, 0(a5)               : MemWrite :  D=0x0000000000000016 A=0x6f032
4868500: system.cpu: T0 : 0x10dae    : lw a4, -92(s0)             : MemRead :  D=0x00000000004c0167 A=0x7ffffffffffffd84
4869500: system.cpu: T0 : 0x10db2    : lw a5, -44(s0)             : MemRead :  D=0xffffffffffd79c85 A=0x7ffffffffffffdb4
4870000: system.cpu: T0 : 0x10db6    : c_addw a5, a4              : IntAlu :  D=0x0000000000239dec
4870500: system.cpu: T0 : 0x10db8    : c_addiw a5, 0              : IntAlu :  D=0x0000000000239dec
4871500: system.cpu: T0 : 0x10dba    : lw a4, -32(s0)             : MemRead :  D=0x000000000015b73a A=0x7ffffffffffffdc0
4872000: system.cpu: T0 : 0x10dbe    : c_addw a5, a4              : IntAlu :  D=0x0000000000395526
4872500: system.cpu: T0 : 0x10dc0    : c_addiw a5, 0              : IntAlu :  D=0x0000000000395526
4873500: system.cpu: T0 : 0x10dc2    : sraiw a5, a5, 18           : IntAlu :  D=0x000000000000000e
4874500: system.cpu: T0 : 0x10dc6    : addiw a3, a5, 0            : IntAlu :  D=0x000000000000000e
4875500: system.cpu: T0 : 0x10dca    : lw a5, -124(s0)            : MemRead :  D=0x0000000000000008 A=0x7ffffffffffffd64
4876000: system.cpu: T0 : 0x10dce    : c_slli a5, 1               : IntAlu :  D=0x0000000000000010
4876500: system.cpu: T0 : 0x10dd0    : ld a4, -24(s0)             : MemRead :  D=0x000000000006f002 A=0x7ffffffffffffdc8
4877000: system.cpu: T0 : 0x10dd4    : c_add a5, a4               : IntAlu :  D=0x000000000006f012
4878000: system.cpu: T0 : 0x10dd6    : slliw a4, a3, 16           : IntAlu :  D=0x00000000000e0000
4879000: system.cpu: T0 : 0x10dda    : sraiw a4, a4, 16           : IntAlu :  D=0x000000000000000e
4880000: system.cpu: T0 : 0x10dde    : sh a4, 0(a5)               : MemWrite :  D=0x000000000000000e A=0x6f012
4881000: system.cpu: T0 : 0x10de2    : ld a5, -24(s0)             : MemRead :  D=0x000000000006f002 A=0x7ffffffffffffdc8
4881500: system.cpu: T0 : 0x10de6    : c_addi a5, 2               : IntAlu :  D=0x000000000006f004
4882000: system.cpu: T0 : 0x10de8    : sd a5, -24(s0)             : MemWrite :  D=0x000000000006f004 A=0x7ffffffffffffdc8
4882500: system.cpu: T0 : 0x10dec    : lw a5, -100(s0)            : MemRead :  D=0x0000000000000001 A=0x7ffffffffffffd7c
4883000: system.cpu: T0 : 0x10df0    : c_addiw a5, 1              : IntAlu :  D=0x0000000000000002
4884000: system.cpu: T0 : 0x10df2    : sw a5, -100(s0)            : MemWrite :  D=0x0000000000000002 A=0x7ffffffffffffd7c
4885000: system.cpu: T0 : 0x10df6    : lw a5, -100(s0)            : MemRead :  D=0x0000000000000002 A=0x7ffffffffffffd7c
4886000: system.cpu: T0 : 0x10dfa    : addiw a4, a5, 0            : IntAlu :  D=0x0000000000000002
4886500: system.cpu: T0 : 0x10dfe    : c_li a5, 7                 : IntAlu :  D=0x0000000000000007
4887000: system.cpu: T0 : 0x10e00    : bge a5, a4, -1376          : IntAlu : 
4887500: system.cpu: T0 : 0x108a0    : ld a5, -24(s0)             : MemRead :  D=0x000000000006f004 A=0x7ffffffffffffdc8
4888000: system.cpu: T0 : 0x108a4    : lh a5, 0(a5)               : MemRead :  D=0xfffffffffffffdf0 A=0x6f004
4888500: system.cpu: T0 : 0x108a8    : addiw a3, a5, 0            : IntAlu :  D=0xfffffffffffffdf0
4889000: system.cpu: T0 : 0x108ac    : lw a4, -124(s0)            : MemRead :  D=0x0000000000000008 A=0x7ffffffffffffd64
4889500: system.cpu: T0 : 0x108b0    : c_mv a5, a4                : IntAlu :  D=0x0000000000000008
4890500: system.cpu: T0 : 0x108b2    : slliw a5, a5, 3            : IntAlu :  D=0x0000000000000040
4891000: system.cpu: T0 : 0x108b6    : c_subw a5, a4              : IntAlu :  D=0x0000000000000038
4891500: system.cpu: T0 : 0x108b8    : c_addiw a5, 0              : IntAlu :  D=0x0000000000000038
4892000: system.cpu: T0 : 0x108ba    : c_slli a5, 1               : IntAlu :  D=0x0000000000000070
4892500: system.cpu: T0 : 0x108bc    : ld a4, -24(s0)             : MemRead :  D=0x000000000006f004 A=0x7ffffffffffffdc8
4893000: system.cpu: T0 : 0x108c0    : c_add a5, a4               : IntAlu :  D=0x000000000006f074
4894000: system.cpu: T0 : 0x108c2    : lh a5, 0(a5)               : MemRead :  D=0xffffffffffffffed A=0x6f074
4894500: system.cpu: T0 : 0x108c6    : c_addiw a5, 0              : IntAlu :  D=0xffffffffffffffed
4895000: system.cpu: T0 : 0x108c8    : c_addw a5, a3              : IntAlu :  D=0xfffffffffffffddd
4896000: system.cpu: T0 : 0x108ca    : sw a5, -96(s0)             : MemWrite :  D=0x00000000fffffddd A=0x7ffffffffffffd80
4897000: system.cpu: T0 : 0x108ce    : ld a5, -24(s0)             : MemRead :  D=0x000000000006f004 A=0x7ffffffffffffdc8
4898000: system.cpu: T0 : 0x108d2    : lh a5, 0(a5)               : MemRead :  D=0xfffffffffffffdf0 A=0x6f004
4899000: system.cpu: T0 : 0x108d6    : addiw a3, a5, 0            : IntAlu :  D=0xfffffffffffffdf0
4900000: system.cpu: T0 : 0x108da    : lw a4, -124(s0)            : MemRead :  D=0x0000000000000008 A=0x7ffffffffffffd64
4900500: system.cpu: T0 : 0x108de    : c_mv a5, a4                : IntAlu :  D=0x0000000000000008
4901000: system.cpu: T0 : 0x108e0    : slliw a5, a5, 3            : IntAlu :  D=0x0000000000000040
4901500: system.cpu: T0 : 0x108e4    : c_subw a5, a4              : IntAlu :  D=0x0000000000000038
4902000: system.cpu: T0 : 0x108e6    : c_addiw a5, 0              : IntAlu :  D=0x0000000000000038
4902500: system.cpu: T0 : 0x108e8    : c_slli a5, 1               : IntAlu :  D=0x0000000000000070
4903500: system.cpu: T0 : 0x108ea    : ld a4, -24(s0)             : MemRead :  D=0x000000000006f004 A=0x7ffffffffffffdc8
4904000: system.cpu: T0 : 0x108ee    : c_add a5, a4               : IntAlu :  D=0x000000000006f074
4904500: system.cpu: T0 : 0x108f0    : lh a5, 0(a5)               : MemRead :  D=0xffffffffffffffed A=0x6f074
4905000: system.cpu: T0 : 0x108f4    : c_addiw a5, 0              : IntAlu :  D=0xffffffffffffffed
4906000: system.cpu: T0 : 0x108f6    : subw a5, a3, a5            : IntAlu :  D=0xfffffffffffffe03
4907000: system.cpu: T0 : 0x108fa    : sw a5, -92(s0)             : MemWrite :  D=0x00000000fffffe03 A=0x7ffffffffffffd84
4908000: system.cpu: T0 : 0x108fe    : lw a5, -124(s0)            : MemRead :  D=0x0000000000000008 A=0x7ffffffffffffd64
4908500: system.cpu: T0 : 0x10902    : c_slli a5, 1               : IntAlu :  D=0x0000000000000010
4909000: system.cpu: T0 : 0x10904    : ld a4, -24(s0)             : MemRead :  D=0x000000000006f004 A=0x7ffffffffffffdc8
4909500: system.cpu: T0 : 0x10908    : c_add a5, a4               : IntAlu :  D=0x000000000006f014
4910500: system.cpu: T0 : 0x1090a    : lh a5, 0(a5)               : MemRead :  D=0xfffffffffffffe73 A=0x6f014
4911500: system.cpu: T0 : 0x1090e    : addiw a3, a5, 0            : IntAlu :  D=0xfffffffffffffe73
4912500: system.cpu: T0 : 0x10912    : lw a4, -124(s0)            : MemRead :  D=0x0000000000000008 A=0x7ffffffffffffd64
4913000: system.cpu: T0 : 0x10916    : c_mv a5, a4                : IntAlu :  D=0x0000000000000008
4913500: system.cpu: T0 : 0x10918    : slliw a5, a5, 1            : IntAlu :  D=0x0000000000000010
4914000: system.cpu: T0 : 0x1091c    : c_addw a5, a4              : IntAlu :  D=0x0000000000000018
4915000: system.cpu: T0 : 0x1091e    : slliw a5, a5, 1            : IntAlu :  D=0x0000000000000030
4915500: system.cpu: T0 : 0x10922    : c_addiw a5, 0              : IntAlu :  D=0x0000000000000030
4916000: system.cpu: T0 : 0x10924    : c_slli a5, 1               : IntAlu :  D=0x0000000000000060
4917000: system.cpu: T0 : 0x10926    : ld a4, -24(s0)             : MemRead :  D=0x000000000006f004 A=0x7ffffffffffffdc8
4917500: system.cpu: T0 : 0x1092a    : c_add a5, a4               : IntAlu :  D=0x000000000006f064
4918000: system.cpu: T0 : 0x1092c    : lh a5, 0(a5)               : MemRead :  D=0x000000000000019e A=0x6f064
4918500: system.cpu: T0 : 0x10930    : c_addiw a5, 0              : IntAlu :  D=0x000000000000019e
4919000: system.cpu: T0 : 0x10932    : c_addw a5, a3              : IntAlu :  D=0x0000000000000011
4919500: system.cpu: T0 : 0x10934    : sw a5, -88(s0)             : MemWrite :  D=0x0000000000000011 A=0x7ffffffffffffd88
4920000: system.cpu: T0 : 0x10938    : lw a5, -124(s0)            : MemRead :  D=0x0000000000000008 A=0x7ffffffffffffd64
4920500: system.cpu: T0 : 0x1093c    : c_slli a5, 1               : IntAlu :  D=0x0000000000000010
4921500: system.cpu: T0 : 0x1093e    : ld a4, -24(s0)             : MemRead :  D=0x000000000006f004 A=0x7ffffffffffffdc8
4922000: system.cpu: T0 : 0x10942    : c_add a5, a4               : IntAlu :  D=0x000000000006f014
4922500: system.cpu: T0 : 0x10944    : lh a5, 0(a5)               : MemRead :  D=0xfffffffffffffe73 A=0x6f014
4923000: system.cpu: T0 : 0x10948    : addiw a3, a5, 0            : IntAlu :  D=0xfffffffffffffe73
4923500: system.cpu: T0 : 0x1094c    : lw a4, -124(s0)            : MemRead :  D=0x0000000000000008 A=0x7ffffffffffffd64
4924000: system.cpu: T0 : 0x10950    : c_mv a5, a4                : IntAlu :  D=0x0000000000000008
4925000: system.cpu: T0 : 0x10952    : slliw a5, a5, 1            : IntAlu :  D=0x0000000000000010
4925500: system.cpu: T0 : 0x10956    : c_addw a5, a4              : IntAlu :  D=0x0000000000000018
4926000: system.cpu: T0 : 0x10958    : slliw a5, a5, 1            : IntAlu :  D=0x0000000000000030
4926500: system.cpu: T0 : 0x1095c    : c_addiw a5, 0              : IntAlu :  D=0x0000000000000030
4927000: system.cpu: T0 : 0x1095e    : c_slli a5, 1               : IntAlu :  D=0x0000000000000060
4927500: system.cpu: T0 : 0x10960    : ld a4, -24(s0)             : MemRead :  D=0x000000000006f004 A=0x7ffffffffffffdc8
4928000: system.cpu: T0 : 0x10964    : c_add a5, a4               : IntAlu :  D=0x000000000006f064
4929000: system.cpu: T0 : 0x10966    : lh a5, 0(a5)               : MemRead :  D=0x000000000000019e A=0x6f064
4929500: system.cpu: T0 : 0x1096a    : c_addiw a5, 0              : IntAlu :  D=0x000000000000019e
4930000: system.cpu: T0 : 0x1096c    : subw a5, a3, a5            : IntAlu :  D=0xfffffffffffffcd5
4930500: system.cpu: T0 : 0x10970    : sw a5, -84(s0)             : MemWrite :  D=0x00000000fffffcd5 A=0x7ffffffffffffd8c
4931000: system.cpu: T0 : 0x10974    : lw a5, -124(s0)            : MemRead :  D=0x0000000000000008 A=0x7ffffffffffffd64
4931500: system.cpu: T0 : 0x10978    : slliw a5, a5, 1            : IntAlu :  D=0x0000000000000010
4932000: system.cpu: T0 : 0x1097c    : c_addiw a5, 0              : IntAlu :  D=0x0000000000000010
4932500: system.cpu: T0 : 0x1097e    : c_slli a5, 1               : IntAlu :  D=0x0000000000000020
4933000: system.cpu: T0 : 0x10980    : ld a4, -24(s0)             : MemRead :  D=0x000000000006f004 A=0x7ffffffffffffdc8
4933500: system.cpu: T0 : 0x10984    : c_add a5, a4               : IntAlu :  D=0x000000000006f024
4934500: system.cpu: T0 : 0x10986    : lh a5, 0(a5)               : MemRead :  D=0xfffffffffffffe82 A=0x6f024
4935500: system.cpu: T0 : 0x1098a    : addiw a3, a5, 0            : IntAlu :  D=0xfffffffffffffe82
4936500: system.cpu: T0 : 0x1098e    : lw a4, -124(s0)            : MemRead :  D=0x0000000000000008 A=0x7ffffffffffffd64
4937000: system.cpu: T0 : 0x10992    : c_mv a5, a4                : IntAlu :  D=0x0000000000000008
4937500: system.cpu: T0 : 0x10994    : slliw a5, a5, 2            : IntAlu :  D=0x0000000000000020
4938000: system.cpu: T0 : 0x10998    : c_addw a5, a4              : IntAlu :  D=0x0000000000000028
4938500: system.cpu: T0 : 0x1099a    : c_addiw a5, 0              : IntAlu :  D=0x0000000000000028
4939000: system.cpu: T0 : 0x1099c    : c_slli a5, 1               : IntAlu :  D=0x0000000000000050
4940000: system.cpu: T0 : 0x1099e    : ld a4, -24(s0)             : MemRead :  D=0x000000000006f004 A=0x7ffffffffffffdc8
4940500: system.cpu: T0 : 0x109a2    : c_add a5, a4               : IntAlu :  D=0x000000000006f054
4941000: system.cpu: T0 : 0x109a4    : lh a5, 0(a5)               : MemRead :  D=0xfffffffffffffff0 A=0x6f054
4941500: system.cpu: T0 : 0x109a8    : c_addiw a5, 0              : IntAlu :  D=0xfffffffffffffff0
4942000: system.cpu: T0 : 0x109aa    : c_addw a5, a3              : IntAlu :  D=0xfffffffffffffe72
4942500: system.cpu: T0 : 0x109ac    : sw a5, -80(s0)             : MemWrite :  D=0x00000000fffffe72 A=0x7ffffffffffffd90
4943000: system.cpu: T0 : 0x109b0    : lw a5, -124(s0)            : MemRead :  D=0x0000000000000008 A=0x7ffffffffffffd64
4943500: system.cpu: T0 : 0x109b4    : slliw a5, a5, 1            : IntAlu :  D=0x0000000000000010
4944000: system.cpu: T0 : 0x109b8    : c_addiw a5, 0              : IntAlu :  D=0x0000000000000010
4944500: system.cpu: T0 : 0x109ba    : c_slli a5, 1               : IntAlu :  D=0x0000000000000020
4945000: system.cpu: T0 : 0x109bc    : ld a4, -24(s0)             : MemRead :  D=0x000000000006f004 A=0x7ffffffffffffdc8
4945500: system.cpu: T0 : 0x109c0    : c_add a5, a4               : IntAlu :  D=0x000000000006f024
4946500: system.cpu: T0 : 0x109c2    : lh a5, 0(a5)               : MemRead :  D=0xfffffffffffffe82 A=0x6f024
4947500: system.cpu: T0 : 0x109c6    : addiw a3, a5, 0            : IntAlu :  D=0xfffffffffffffe82
4948500: system.cpu: T0 : 0x109ca    : lw a4, -124(s0)            : MemRead :  D=0x0000000000000008 A=0x7ffffffffffffd64
4949000: system.cpu: T0 : 0x109ce    : c_mv a5, a4                : IntAlu :  D=0x0000000000000008
4949500: system.cpu: T0 : 0x109d0    : slliw a5, a5, 2            : IntAlu :  D=0x0000000000000020
4950000: system.cpu: T0 : 0x109d4    : c_addw a5, a4              : IntAlu :  D=0x0000000000000028
4950500: system.cpu: T0 : 0x109d6    : c_addiw a5, 0              : IntAlu :  D=0x0000000000000028
4951000: system.cpu: T0 : 0x109d8    : c_slli a5, 1               : IntAlu :  D=0x0000000000000050
4952000: system.cpu: T0 : 0x109da    : ld a4, -24(s0)             : MemRead :  D=0x000000000006f004 A=0x7ffffffffffffdc8
4952500: system.cpu: T0 : 0x109de    : c_add a5, a4               : IntAlu :  D=0x000000000006f054
4953000: system.cpu: T0 : 0x109e0    : lh a5, 0(a5)               : MemRead :  D=0xfffffffffffffff0 A=0x6f054
4953500: system.cpu: T0 : 0x109e4    : c_addiw a5, 0              : IntAlu :  D=0xfffffffffffffff0
4954500: system.cpu: T0 : 0x109e6    : subw a5, a3, a5            : IntAlu :  D=0xfffffffffffffe92
4955500: system.cpu: T0 : 0x109ea    : sw a5, -76(s0)             : MemWrite :  D=0x00000000fffffe92 A=0x7ffffffffffffd94
4956500: system.cpu: T0 : 0x109ee    : lw a4, -124(s0)            : MemRead :  D=0x0000000000000008 A=0x7ffffffffffffd64
4957000: system.cpu: T0 : 0x109f2    : c_mv a5, a4                : IntAlu :  D=0x0000000000000008
4957500: system.cpu: T0 : 0x109f4    : slliw a5, a5, 1            : IntAlu :  D=0x0000000000000010
4958000: system.cpu: T0 : 0x109f8    : c_addw a5, a4              : IntAlu :  D=0x0000000000000018
4958500: system.cpu: T0 : 0x109fa    : c_addiw a5, 0              : IntAlu :  D=0x0000000000000018
4959000: system.cpu: T0 : 0x109fc    : c_slli a5, 1               : IntAlu :  D=0x0000000000000030
4960000: system.cpu: T0 : 0x109fe    : ld a4, -24(s0)             : MemRead :  D=0x000000000006f004 A=0x7ffffffffffffdc8
4960500: system.cpu: T0 : 0x10a02    : c_add a5, a4               : IntAlu :  D=0x000000000006f034
4961000: system.cpu: T0 : 0x10a04    : lh a5, 0(a5)               : MemRead :  D=0xfffffffffffffeb9 A=0x6f034
4961500: system.cpu: T0 : 0x10a08    : addiw a4, a5, 0            : IntAlu :  D=0xfffffffffffffeb9
4962000: system.cpu: T0 : 0x10a0c    : lw a5, -124(s0)            : MemRead :  D=0x0000000000000008 A=0x7ffffffffffffd64
4962500: system.cpu: T0 : 0x10a10    : slliw a5, a5, 2            : IntAlu :  D=0x0000000000000020
4963000: system.cpu: T0 : 0x10a14    : c_addiw a5, 0              : IntAlu :  D=0x0000000000000020
4963500: system.cpu: T0 : 0x10a16    : c_slli a5, 1               : IntAlu :  D=0x0000000000000040
4964000: system.cpu: T0 : 0x10a18    : ld a3, -24(s0)             : MemRead :  D=0x000000000006f004 A=0x7ffffffffffffdc8
4964500: system.cpu: T0 : 0x10a1c    : c_add a5, a3               : IntAlu :  D=0x000000000006f044
4965500: system.cpu: T0 : 0x10a1e    : lh a5, 0(a5)               : MemRead :  D=0xfffffffffffffe90 A=0x6f044
4966000: system.cpu: T0 : 0x10a22    : c_addiw a5, 0              : IntAlu :  D=0xfffffffffffffe90
4966500: system.cpu: T0 : 0x10a24    : c_addw a5, a4              : IntAlu :  D=0xfffffffffffffd49
4967500: system.cpu: T0 : 0x10a26    : sw a5, -72(s0)             : MemWrite :  D=0x00000000fffffd49 A=0x7ffffffffffffd98
4968500: system.cpu: T0 : 0x10a2a    : lw a4, -124(s0)            : MemRead :  D=0x0000000000000008 A=0x7ffffffffffffd64
4969000: system.cpu: T0 : 0x10a2e    : c_mv a5, a4                : IntAlu :  D=0x0000000000000008
4969500: system.cpu: T0 : 0x10a30    : slliw a5, a5, 1            : IntAlu :  D=0x0000000000000010
4970000: system.cpu: T0 : 0x10a34    : c_addw a5, a4              : IntAlu :  D=0x0000000000000018
4970500: system.cpu: T0 : 0x10a36    : c_addiw a5, 0              : IntAlu :  D=0x0000000000000018
4971000: system.cpu: T0 : 0x10a38    : c_slli a5, 1               : IntAlu :  D=0x0000000000000030
4972000: system.cpu: T0 : 0x10a3a    : ld a4, -24(s0)             : MemRead :  D=0x000000000006f004 A=0x7ffffffffffffdc8
4972500: system.cpu: T0 : 0x10a3e    : c_add a5, a4               : IntAlu :  D=0x000000000006f034
4973000: system.cpu: T0 : 0x10a40    : lh a5, 0(a5)               : MemRead :  D=0xfffffffffffffeb9 A=0x6f034
4973500: system.cpu: T0 : 0x10a44    : addiw a4, a5, 0            : IntAlu :  D=0xfffffffffffffeb9
4974000: system.cpu: T0 : 0x10a48    : lw a5, -124(s0)            : MemRead :  D=0x0000000000000008 A=0x7ffffffffffffd64
4974500: system.cpu: T0 : 0x10a4c    : slliw a5, a5, 2            : IntAlu :  D=0x0000000000000020
4975000: system.cpu: T0 : 0x10a50    : c_addiw a5, 0              : IntAlu :  D=0x0000000000000020
4975500: system.cpu: T0 : 0x10a52    : c_slli a5, 1               : IntAlu :  D=0x0000000000000040
4976000: system.cpu: T0 : 0x10a54    : ld a3, -24(s0)             : MemRead :  D=0x000000000006f004 A=0x7ffffffffffffdc8
4976500: system.cpu: T0 : 0x10a58    : c_add a5, a3               : IntAlu :  D=0x000000000006f044
4977500: system.cpu: T0 : 0x10a5a    : lh a5, 0(a5)               : MemRead :  D=0xfffffffffffffe90 A=0x6f044
4978000: system.cpu: T0 : 0x10a5e    : c_addiw a5, 0              : IntAlu :  D=0xfffffffffffffe90
4978500: system.cpu: T0 : 0x10a60    : subw a5, a4, a5            : IntAlu :  D=0x0000000000000029
4979000: system.cpu: T0 : 0x10a64    : sw a5, -68(s0)             : MemWrite :  D=0x0000000000000029 A=0x7ffffffffffffd9c
4979500: system.cpu: T0 : 0x10a68    : lw a4, -96(s0)             : MemRead :  D=0xfffffffffffffddd A=0x7ffffffffffffd80
4980000: system.cpu: T0 : 0x10a6c    : lw a5, -72(s0)             : MemRead :  D=0xfffffffffffffd49 A=0x7ffffffffffffd98
4980500: system.cpu: T0 : 0x10a70    : c_addw a5, a4              : IntAlu :  D=0xfffffffffffffb26
4981500: system.cpu: T0 : 0x10a72    : sw a5, -64(s0)             : MemWrite :  D=0x00000000fffffb26 A=0x7ffffffffffffda0
4982500: system.cpu: T0 : 0x10a76    : lw a4, -96(s0)             : MemRead :  D=0xfffffffffffffddd A=0x7ffffffffffffd80
4983500: system.cpu: T0 : 0x10a7a    : lw a5, -72(s0)             : MemRead :  D=0xfffffffffffffd49 A=0x7ffffffffffffd98
4984500: system.cpu: T0 : 0x10a7e    : subw a5, a4, a5            : IntAlu :  D=0x0000000000000094
4985500: system.cpu: T0 : 0x10a82    : sw a5, -60(s0)             : MemWrite :  D=0x0000000000000094 A=0x7ffffffffffffda4
4986500: system.cpu: T0 : 0x10a86    : lw a4, -88(s0)             : MemRead :  D=0x0000000000000011 A=0x7ffffffffffffd88
4987500: system.cpu: T0 : 0x10a8a    : lw a5, -80(s0)             : MemRead :  D=0xfffffffffffffe72 A=0x7ffffffffffffd90
4988000: system.cpu: T0 : 0x10a8e    : c_addw a5, a4              : IntAlu :  D=0xfffffffffffffe83
4988500: system.cpu: T0 : 0x10a90    : sw a5, -56(s0)             : MemWrite :  D=0x00000000fffffe83 A=0x7ffffffffffffda8
4989000: system.cpu: T0 : 0x10a94    : lw a4, -88(s0)             : MemRead :  D=0x0000000000000011 A=0x7ffffffffffffd88
4989500: system.cpu: T0 : 0x10a98    : lw a5, -80(s0)             : MemRead :  D=0xfffffffffffffe72 A=0x7ffffffffffffd90
4990000: system.cpu: T0 : 0x10a9c    : subw a5, a4, a5            : IntAlu :  D=0x000000000000019f
4990500: system.cpu: T0 : 0x10aa0    : sw a5, -52(s0)             : MemWrite :  D=0x000000000000019f A=0x7ffffffffffffdac
4991000: system.cpu: T0 : 0x10aa4    : lw a4, -64(s0)             : MemRead :  D=0xfffffffffffffb26 A=0x7ffffffffffffda0
4991500: system.cpu: T0 : 0x10aa8    : lw a5, -56(s0)             : MemRead :  D=0xfffffffffffffe83 A=0x7ffffffffffffda8
4992000: system.cpu: T0 : 0x10aac    : c_addw a5, a4              : IntAlu :  D=0xfffffffffffff9a9
4992500: system.cpu: T0 : 0x10aae    : c_addiw a5, 0              : IntAlu :  D=0xfffffffffffff9a9
4993000: system.cpu: T0 : 0x10ab0    : sraiw a5, a5, 5            : IntAlu :  D=0xffffffffffffffcd
4993500: system.cpu: T0 : 0x10ab4    : c_addiw a5, 0              : IntAlu :  D=0xffffffffffffffcd
4994500: system.cpu: T0 : 0x10ab6    : slliw a4, a5, 16           : IntAlu :  D=0xffffffffffcd0000
4995500: system.cpu: T0 : 0x10aba    : sraiw a4, a4, 16           : IntAlu :  D=0xffffffffffffffcd
4996500: system.cpu: T0 : 0x10abe    : ld a5, -24(s0)             : MemRead :  D=0x000000000006f004 A=0x7ffffffffffffdc8
4997500: system.cpu: T0 : 0x10ac2    : sh a4, 0(a5)               : MemWrite :  D=0x000000000000ffcd A=0x6f004
4998500: system.cpu: T0 : 0x10ac6    : lw a4, -64(s0)             : MemRead :  D=0xfffffffffffffb26 A=0x7ffffffffffffda0
4999500: system.cpu: T0 : 0x10aca    : lw a5, -56(s0)             : MemRead :  D=0xfffffffffffffe83 A=0x7ffffffffffffda8
5000500: system.cpu: T0 : 0x10ace    : subw a5, a4, a5            : IntAlu :  D=0xfffffffffffffca3
5001000: system.cpu: T0 : 0x10ad2    : c_addiw a5, 0              : IntAlu :  D=0xfffffffffffffca3
5001500: system.cpu: T0 : 0x10ad4    : sraiw a5, a5, 5            : IntAlu :  D=0xffffffffffffffe5
5002000: system.cpu: T0 : 0x10ad8    : addiw a3, a5, 0            : IntAlu :  D=0xffffffffffffffe5
5002500: system.cpu: T0 : 0x10adc    : lw a5, -124(s0)            : MemRead :  D=0x0000000000000008 A=0x7ffffffffffffd64
5003000: system.cpu: T0 : 0x10ae0    : slliw a5, a5, 2            : IntAlu :  D=0x0000000000000020
5003500: system.cpu: T0 : 0x10ae4    : c_addiw a5, 0              : IntAlu :  D=0x0000000000000020
5004000: system.cpu: T0 : 0x10ae6    : c_slli a5, 1               : IntAlu :  D=0x0000000000000040
5004500: system.cpu: T0 : 0x10ae8    : ld a4, -24(s0)             : MemRead :  D=0x000000000006f004 A=0x7ffffffffffffdc8
5005000: system.cpu: T0 : 0x10aec    : c_add a5, a4               : IntAlu :  D=0x000000000006f044
5006000: system.cpu: T0 : 0x10aee    : slliw a4, a3, 16           : IntAlu :  D=0xffffffffffe50000
5007000: system.cpu: T0 : 0x10af2    : sraiw a4, a4, 16           : IntAlu :  D=0xffffffffffffffe5
5008000: system.cpu: T0 : 0x10af6    : sh a4, 0(a5)               : MemWrite :  D=0x000000000000ffe5 A=0x6f044
5008500: system.cpu: T0 : 0x10afa    : c_lui a5, 1                : IntAlu :  D=0x0000000000001000
5009000: system.cpu: T0 : 0x10afc    : addiw a5, a5, 337          : IntAlu :  D=0x0000000000001151
5009500: system.cpu: T0 : 0x10b00    : sw a5, -48(s0)             : MemWrite :  D=0x0000000000001151 A=0x7ffffffffffffdb0
5010000: system.cpu: T0 : 0x10b04    : lw a4, -52(s0)             : MemRead :  D=0x000000000000019f A=0x7ffffffffffffdac
5010500: system.cpu: T0 : 0x10b08    : lw a5, -60(s0)             : MemRead :  D=0x0000000000000094 A=0x7ffffffffffffda4
5011000: system.cpu: T0 : 0x10b0c    : c_addw a5, a4              : IntAlu :  D=0x0000000000000233
5011500: system.cpu: T0 : 0x10b0e    : c_addiw a5, 0              : IntAlu :  D=0x0000000000000233
5012000: system.cpu: T0 : 0x10b10    : lw a4, -48(s0)             : MemRead :  D=0x0000000000001151 A=0x7ffffffffffffdb0
5012500: system.cpu: T0 : 0x10b14    : mulw a5, a4, a5            : IntMult :  D=0x0000000000261523
5013000: system.cpu: T0 : 0x10b18    : sw a5, -44(s0)             : MemWrite :  D=0x0000000000261523 A=0x7ffffffffffffdb4
5013500: system.cpu: T0 : 0x10b1c    : c_lui a5, 2                : IntAlu :  D=0x0000000000002000
5014500: system.cpu: T0 : 0x10b1e    : addiw a5, a5, -1922        : IntAlu :  D=0x000000000000187e
5015500: system.cpu: T0 : 0x10b22    : sw a5, -48(s0)             : MemWrite :  D=0x000000000000187e A=0x7ffffffffffffdb0
5016500: system.cpu: T0 : 0x10b26    : lw a4, -60(s0)             : MemRead :  D=0x0000000000000094 A=0x7ffffffffffffda4
5017500: system.cpu: T0 : 0x10b2a    : lw a5, -48(s0)             : MemRead :  D=0x000000000000187e A=0x7ffffffffffffdb0
5018500: system.cpu: T0 : 0x10b2e    : mulw a5, a4, a5            : IntMult :  D=0x00000000000e28d8
5019000: system.cpu: T0 : 0x10b32    : c_addiw a5, 0              : IntAlu :  D=0x00000000000e28d8
5019500: system.cpu: T0 : 0x10b34    : lw a4, -44(s0)             : MemRead :  D=0x0000000000261523 A=0x7ffffffffffffdb4
5020000: system.cpu: T0 : 0x10b38    : c_addw a5, a4              : IntAlu :  D=0x0000000000343dfb
5020500: system.cpu: T0 : 0x10b3a    : c_addiw a5, 0              : IntAlu :  D=0x0000000000343dfb
5021000: system.cpu: T0 : 0x10b3c    : sraiw a5, a5, 18           : IntAlu :  D=0x000000000000000d
5021500: system.cpu: T0 : 0x10b40    : addiw a3, a5, 0            : IntAlu :  D=0x000000000000000d
5022000: system.cpu: T0 : 0x10b44    : lw a5, -124(s0)            : MemRead :  D=0x0000000000000008 A=0x7ffffffffffffd64
5022500: system.cpu: T0 : 0x10b48    : slliw a5, a5, 1            : IntAlu :  D=0x0000000000000010
5023000: system.cpu: T0 : 0x10b4c    : c_addiw a5, 0              : IntAlu :  D=0x0000000000000010
5023500: system.cpu: T0 : 0x10b4e    : c_slli a5, 1               : IntAlu :  D=0x0000000000000020
5024000: system.cpu: T0 : 0x10b50    : ld a4, -24(s0)             : MemRead :  D=0x000000000006f004 A=0x7ffffffffffffdc8
5024500: system.cpu: T0 : 0x10b54    : c_add a5, a4               : IntAlu :  D=0x000000000006f024
5025500: system.cpu: T0 : 0x10b56    : slliw a4, a3, 16           : IntAlu :  D=0x00000000000d0000
5026500: system.cpu: T0 : 0x10b5a    : sraiw a4, a4, 16           : IntAlu :  D=0x000000000000000d
5027500: system.cpu: T0 : 0x10b5e    : sh a4, 0(a5)               : MemWrite :  D=0x000000000000000d A=0x6f024
5028000: system.cpu: T0 : 0x10b62    : c_lui a5, 1048572          : IntAlu :  D=0xffffffffffffc000
5028500: system.cpu: T0 : 0x10b64    : addiw a5, a5, 1247         : IntAlu :  D=0xffffffffffffc4df
5029000: system.cpu: T0 : 0x10b68    : sw a5, -48(s0)             : MemWrite :  D=0x00000000ffffc4df A=0x7ffffffffffffdb0
5029500: system.cpu: T0 : 0x10b6c    : lw a4, -52(s0)             : MemRead :  D=0x000000000000019f A=0x7ffffffffffffdac
5030000: system.cpu: T0 : 0x10b70    : lw a5, -48(s0)             : MemRead :  D=0xffffffffffffc4df A=0x7ffffffffffffdb0
5030500: system.cpu: T0 : 0x10b74    : mulw a5, a4, a5            : IntMult :  D=0xffffffffffa02581
5031000: system.cpu: T0 : 0x10b78    : c_addiw a5, 0              : IntAlu :  D=0xffffffffffa02581
5032000: system.cpu: T0 : 0x10b7a    : lw a4, -44(s0)             : MemRead :  D=0x0000000000261523 A=0x7ffffffffffffdb4
5032500: system.cpu: T0 : 0x10b7e    : c_addw a5, a4              : IntAlu :  D=0xffffffffffc63aa4
5033000: system.cpu: T0 : 0x10b80    : c_addiw a5, 0              : IntAlu :  D=0xffffffffffc63aa4
5034000: system.cpu: T0 : 0x10b82    : sraiw a5, a5, 18           : IntAlu :  D=0xfffffffffffffff1
5035000: system.cpu: T0 : 0x10b86    : addiw a3, a5, 0            : IntAlu :  D=0xfffffffffffffff1
5036000: system.cpu: T0 : 0x10b8a    : lw a4, -124(s0)            : MemRead :  D=0x0000000000000008 A=0x7ffffffffffffd64
5036500: system.cpu: T0 : 0x10b8e    : c_mv a5, a4                : IntAlu :  D=0x0000000000000008
5037000: system.cpu: T0 : 0x10b90    : slliw a5, a5, 1            : IntAlu :  D=0x0000000000000010
5037500: system.cpu: T0 : 0x10b94    : c_addw a5, a4              : IntAlu :  D=0x0000000000000018
5038500: system.cpu: T0 : 0x10b96    : slliw a5, a5, 1            : IntAlu :  D=0x0000000000000030
5039000: system.cpu: T0 : 0x10b9a    : c_addiw a5, 0              : IntAlu :  D=0x0000000000000030
5039500: system.cpu: T0 : 0x10b9c    : c_slli a5, 1               : IntAlu :  D=0x0000000000000060
5040500: system.cpu: T0 : 0x10b9e    : ld a4, -24(s0)             : MemRead :  D=0x000000000006f004 A=0x7ffffffffffffdc8
5041000: system.cpu: T0 : 0x10ba2    : c_add a5, a4               : IntAlu :  D=0x000000000006f064
5041500: system.cpu: T0 : 0x10ba4    : slliw a4, a3, 16           : IntAlu :  D=0xfffffffffff10000
5042000: system.cpu: T0 : 0x10ba8    : sraiw a4, a4, 16           : IntAlu :  D=0xfffffffffffffff1
5042500: system.cpu: T0 : 0x10bac    : sh a4, 0(a5)               : MemWrite :  D=0x000000000000fff1 A=0x6f064
5043000: system.cpu: T0 : 0x10bb0    : lw a4, -68(s0)             : MemRead :  D=0x0000000000000029 A=0x7ffffffffffffd9c
5043500: system.cpu: T0 : 0x10bb4    : lw a5, -92(s0)             : MemRead :  D=0xfffffffffffffe03 A=0x7ffffffffffffd84
5044000: system.cpu: T0 : 0x10bb8    : c_addw a5, a4              : IntAlu :  D=0xfffffffffffffe2c
5045000: system.cpu: T0 : 0x10bba    : sw a5, -44(s0)             : MemWrite :  D=0x00000000fffffe2c A=0x7ffffffffffffdb4
5046000: system.cpu: T0 : 0x10bbe    : lw a4, -76(s0)             : MemRead :  D=0xfffffffffffffe92 A=0x7ffffffffffffd94
5047000: system.cpu: T0 : 0x10bc2    : lw a5, -84(s0)             : MemRead :  D=0xfffffffffffffcd5 A=0x7ffffffffffffd8c
5047500: system.cpu: T0 : 0x10bc6    : c_addw a5, a4              : IntAlu :  D=0xfffffffffffffb67
5048000: system.cpu: T0 : 0x10bc8    : sw a5, -40(s0)             : MemWrite :  D=0x00000000fffffb67 A=0x7ffffffffffffdb8
5048500: system.cpu: T0 : 0x10bcc    : lw a4, -68(s0)             : MemRead :  D=0x0000000000000029 A=0x7ffffffffffffd9c
5049000: system.cpu: T0 : 0x10bd0    : lw a5, -84(s0)             : MemRead :  D=0xfffffffffffffcd5 A=0x7ffffffffffffd8c
5049500: system.cpu: T0 : 0x10bd4    : c_addw a5, a4              : IntAlu :  D=0xfffffffffffffcfe
5050500: system.cpu: T0 : 0x10bd6    : sw a5, -36(s0)             : MemWrite :  D=0x00000000fffffcfe A=0x7ffffffffffffdbc
5051500: system.cpu: T0 : 0x10bda    : lw a4, -76(s0)             : MemRead :  D=0xfffffffffffffe92 A=0x7ffffffffffffd94
5052500: system.cpu: T0 : 0x10bde    : lw a5, -92(s0)             : MemRead :  D=0xfffffffffffffe03 A=0x7ffffffffffffd84
5053000: system.cpu: T0 : 0x10be2    : c_addw a5, a4              : IntAlu :  D=0xfffffffffffffc95
5053500: system.cpu: T0 : 0x10be4    : sw a5, -32(s0)             : MemWrite :  D=0x00000000fffffc95 A=0x7ffffffffffffdc0
5054000: system.cpu: T0 : 0x10be8    : c_lui a5, 2                : IntAlu :  D=0x0000000000002000
5055000: system.cpu: T0 : 0x10bea    : addiw a5, a5, 1441         : IntAlu :  D=0x00000000000025a1
5056000: system.cpu: T0 : 0x10bee    : sw a5, -48(s0)             : MemWrite :  D=0x00000000000025a1 A=0x7ffffffffffffdb0
5057000: system.cpu: T0 : 0x10bf2    : lw a4, -36(s0)             : MemRead :  D=0xfffffffffffffcfe A=0x7ffffffffffffdbc
5058000: system.cpu: T0 : 0x10bf6    : lw a5, -32(s0)             : MemRead :  D=0xfffffffffffffc95 A=0x7ffffffffffffdc0
5058500: system.cpu: T0 : 0x10bfa    : c_addw a5, a4              : IntAlu :  D=0xfffffffffffff993
5059000: system.cpu: T0 : 0x10bfc    : c_addiw a5, 0              : IntAlu :  D=0xfffffffffffff993
5060000: system.cpu: T0 : 0x10bfe    : lw a4, -48(s0)             : MemRead :  D=0x00000000000025a1 A=0x7ffffffffffffdb0
5061000: system.cpu: T0 : 0x10c02    : mulw a5, a4, a5            : IntMult :  D=0xffffffffff0e3473
5062000: system.cpu: T0 : 0x10c06    : sw a5, -28(s0)             : MemWrite :  D=0x00000000ff0e3473 A=0x7ffffffffffffdc4
5062500: system.cpu: T0 : 0x10c0a    : c_lui a5, 1                : IntAlu :  D=0x0000000000001000
5063000: system.cpu: T0 : 0x10c0c    : addiw a5, a5, -1650        : IntAlu :  D=0x000000000000098e
5063500: system.cpu: T0 : 0x10c10    : sw a5, -48(s0)             : MemWrite :  D=0x000000000000098e A=0x7ffffffffffffdb0
5064000: system.cpu: T0 : 0x10c14    : lw a4, -68(s0)             : MemRead :  D=0x0000000000000029 A=0x7ffffffffffffd9c
5064500: system.cpu: T0 : 0x10c18    : lw a5, -48(s0)             : MemRead :  D=0x000000000000098e A=0x7ffffffffffffdb0
5065000: system.cpu: T0 : 0x10c1c    : mulw a5, a4, a5            : IntMult :  D=0x00000000000187be
5065500: system.cpu: T0 : 0x10c20    : sw a5, -68(s0)             : MemWrite :  D=0x00000000000187be A=0x7ffffffffffffd9c
5066000: system.cpu: T0 : 0x10c24    : c_lui a5, 4                : IntAlu :  D=0x0000000000004000
5067000: system.cpu: T0 : 0x10c26    : addiw a5, a5, 435          : IntAlu :  D=0x00000000000041b3
5068000: system.cpu: T0 : 0x10c2a    : sw a5, -48(s0)             : MemWrite :  D=0x00000000000041b3 A=0x7ffffffffffffdb0
5069000: system.cpu: T0 : 0x10c2e    : lw a4, -76(s0)             : MemRead :  D=0xfffffffffffffe92 A=0x7ffffffffffffd94
5070000: system.cpu: T0 : 0x10c32    : lw a5, -48(s0)             : MemRead :  D=0x00000000000041b3 A=0x7ffffffffffffdb0
5071000: system.cpu: T0 : 0x10c36    : mulw a5, a4, a5            : IntMult :  D=0xffffffffffa21216
5072000: system.cpu: T0 : 0x10c3a    : sw a5, -76(s0)             : MemWrite :  D=0x00000000ffa21216 A=0x7ffffffffffffd94
5072500: system.cpu: T0 : 0x10c3e    : c_lui a5, 6                : IntAlu :  D=0x0000000000006000
5073000: system.cpu: T0 : 0x10c40    : addiw a5, a5, 596          : IntAlu :  D=0x0000000000006254
5073500: system.cpu: T0 : 0x10c44    : sw a5, -48(s0)             : MemWrite :  D=0x0000000000006254 A=0x7ffffffffffffdb0
5074000: system.cpu: T0 : 0x10c48    : lw a4, -84(s0)             : MemRead :  D=0xfffffffffffffcd5 A=0x7ffffffffffffd8c
5074500: system.cpu: T0 : 0x10c4c    : lw a5, -48(s0)             : MemRead :  D=0x0000000000006254 A=0x7ffffffffffffdb0
5075000: system.cpu: T0 : 0x10c50    : mulw a5, a4, a5            : IntMult :  D=0xfffffffffec87fe4
5075500: system.cpu: T0 : 0x10c54    : sw a5, -84(s0)             : MemWrite :  D=0x00000000fec87fe4 A=0x7ffffffffffffd8c
5076000: system.cpu: T0 : 0x10c58    : c_lui a5, 3                : IntAlu :  D=0x0000000000003000
5076500: system.cpu: T0 : 0x10c5a    : c_addiw a5, 11             : IntAlu :  D=0x000000000000300b
5077000: system.cpu: T0 : 0x10c5c    : sw a5, -48(s0)             : MemWrite :  D=0x000000000000300b A=0x7ffffffffffffdb0
5077500: system.cpu: T0 : 0x10c60    : lw a4, -92(s0)             : MemRead :  D=0xfffffffffffffe03 A=0x7ffffffffffffd84
5078000: system.cpu: T0 : 0x10c64    : lw a5, -48(s0)             : MemRead :  D=0x000000000000300b A=0x7ffffffffffffdb0
5078500: system.cpu: T0 : 0x10c68    : mulw a5, a4, a5            : IntMult :  D=0xffffffffffa07a21
5079000: system.cpu: T0 : 0x10c6c    : sw a5, -92(s0)             : MemWrite :  D=0x00000000ffa07a21 A=0x7ffffffffffffd84
5079500: system.cpu: T0 : 0x10c70    : c_lui a5, 1048574          : IntAlu :  D=0xffffffffffffe000
5080500: system.cpu: T0 : 0x10c72    : addiw a5, a5, 819          : IntAlu :  D=0xffffffffffffe333
5081500: system.cpu: T0 : 0x10c76    : sw a5, -48(s0)             : MemWrite :  D=0x00000000ffffe333 A=0x7ffffffffffffdb0
5082500: system.cpu: T0 : 0x10c7a    : lw a4, -44(s0)             : MemRead :  D=0xfffffffffffffe2c A=0x7ffffffffffffdb4
5083500: system.cpu: T0 : 0x10c7e    : lw a5, -48(s0)             : MemRead :  D=0xffffffffffffe333 A=0x7ffffffffffffdb0
5084500: system.cpu: T0 : 0x10c82    : mulw a5, a4, a5            : IntMult :  D=0x000000000034a6c4
5085500: system.cpu: T0 : 0x10c86    : sw a5, -44(s0)             : MemWrite :  D=0x000000000034a6c4 A=0x7ffffffffffffdb4
5086000: system.cpu: T0 : 0x10c8a    : c_lui a5, 1048571          : IntAlu :  D=0xffffffffffffb000
5086500: system.cpu: T0 : 0x10c8c    : addiw a5, a5, -515         : IntAlu :  D=0xffffffffffffadfd
5087000: system.cpu: T0 : 0x10c90    : sw a5, -48(s0)             : MemWrite :  D=0x00000000ffffadfd A=0x7ffffffffffffdb0
5087500: system.cpu: T0 : 0x10c94    : lw a4, -40(s0)             : MemRead :  D=0xfffffffffffffb67 A=0x7ffffffffffffdb8
5088000: system.cpu: T0 : 0x10c98    : lw a5, -48(s0)             : MemRead :  D=0xffffffffffffadfd A=0x7ffffffffffffdb0
5088500: system.cpu: T0 : 0x10c9c    : mulw a5, a4, a5            : IntMult :  D=0x0000000001790fcb
5089000: system.cpu: T0 : 0x10ca0    : sw a5, -40(s0)             : MemWrite :  D=0x0000000001790fcb A=0x7ffffffffffffdb8
5089500: system.cpu: T0 : 0x10ca4    : c_lui a5, 1048572          : IntAlu :  D=0xffffffffffffc000
5090500: system.cpu: T0 : 0x10ca6    : addiw a5, a5, 315          : IntAlu :  D=0xffffffffffffc13b
5091500: system.cpu: T0 : 0x10caa    : sw a5, -48(s0)             : MemWrite :  D=0x00000000ffffc13b A=0x7ffffffffffffdb0
5092500: system.cpu: T0 : 0x10cae    : lw a4, -36(s0)             : MemRead :  D=0xfffffffffffffcfe A=0x7ffffffffffffdbc
5093500: system.cpu: T0 : 0x10cb2    : lw a5, -48(s0)             : MemRead :  D=0xffffffffffffc13b A=0x7ffffffffffffdb0
5094500: system.cpu: T0 : 0x10cb6    : mulw a5, a4, a5            : IntMult :  D=0x0000000000bccc8a
5095500: system.cpu: T0 : 0x10cba    : sw a5, -36(s0)             : MemWrite :  D=0x0000000000bccc8a A=0x7ffffffffffffdbc
5096000: system.cpu: T0 : 0x10cbe    : c_lui a5, 1048575          : IntAlu :  D=0xfffffffffffff000
5096500: system.cpu: T0 : 0x10cc0    : addiw a5, a5, 900          : IntAlu :  D=0xfffffffffffff384
5097000: system.cpu: T0 : 0x10cc4    : sw a5, -48(s0)             : MemWrite :  D=0x00000000fffff384 A=0x7ffffffffffffdb0
5097500: system.cpu: T0 : 0x10cc8    : lw a4, -32(s0)             : MemRead :  D=0xfffffffffffffc95 A=0x7ffffffffffffdc0
5098000: system.cpu: T0 : 0x10ccc    : lw a5, -48(s0)             : MemRead :  D=0xfffffffffffff384 A=0x7ffffffffffffdb0
5098500: system.cpu: T0 : 0x10cd0    : mulw a5, a4, a5            : IntMult :  D=0x00000000002aabd4
5099000: system.cpu: T0 : 0x10cd4    : sw a5, -32(s0)             : MemWrite :  D=0x00000000002aabd4 A=0x7ffffffffffffdc0
5099500: system.cpu: T0 : 0x10cd8    : lw a4, -36(s0)             : MemRead :  D=0x0000000000bccc8a A=0x7ffffffffffffdbc
5100000: system.cpu: T0 : 0x10cdc    : lw a5, -28(s0)             : MemRead :  D=0xffffffffff0e3473 A=0x7ffffffffffffdc4
5100500: system.cpu: T0 : 0x10ce0    : c_addw a5, a4              : IntAlu :  D=0xffffffffffcb00fd
5101500: system.cpu: T0 : 0x10ce2    : sw a5, -36(s0)             : MemWrite :  D=0x00000000ffcb00fd A=0x7ffffffffffffdbc
5102500: system.cpu: T0 : 0x10ce6    : lw a4, -32(s0)             : MemRead :  D=0x00000000002aabd4 A=0x7ffffffffffffdc0
5103500: system.cpu: T0 : 0x10cea    : lw a5, -28(s0)             : MemRead :  D=0xffffffffff0e3473 A=0x7ffffffffffffdc4
5104000: system.cpu: T0 : 0x10cee    : c_addw a5, a4              : IntAlu :  D=0xffffffffff38e047
5104500: system.cpu: T0 : 0x10cf0    : sw a5, -32(s0)             : MemWrite :  D=0x00000000ff38e047 A=0x7ffffffffffffdc0
5105000: system.cpu: T0 : 0x10cf4    : lw a4, -68(s0)             : MemRead :  D=0x00000000000187be A=0x7ffffffffffffd9c
5105500: system.cpu: T0 : 0x10cf8    : lw a5, -44(s0)             : MemRead :  D=0x000000000034a6c4 A=0x7ffffffffffffdb4
5106000: system.cpu: T0 : 0x10cfc    : c_addw a5, a4              : IntAlu :  D=0x0000000000362e82
5106500: system.cpu: T0 : 0x10cfe    : c_addiw a5, 0              : IntAlu :  D=0x0000000000362e82
5107000: system.cpu: T0 : 0x10d00    : lw a4, -36(s0)             : MemRead :  D=0xffffffffffcb00fd A=0x7ffffffffffffdbc
5107500: system.cpu: T0 : 0x10d04    : c_addw a5, a4              : IntAlu :  D=0x0000000000012f7f
5108000: system.cpu: T0 : 0x10d06    : c_addiw a5, 0              : IntAlu :  D=0x0000000000012f7f
5108500: system.cpu: T0 : 0x10d08    : sraiw a5, a5, 18           : IntAlu :  D=0x0000000000000000
5109000: system.cpu: T0 : 0x10d0c    : addiw a3, a5, 0            : IntAlu :  D=0x0000000000000000
5109500: system.cpu: T0 : 0x10d10    : lw a4, -124(s0)            : MemRead :  D=0x0000000000000008 A=0x7ffffffffffffd64
5110000: system.cpu: T0 : 0x10d14    : c_mv a5, a4                : IntAlu :  D=0x0000000000000008
5111000: system.cpu: T0 : 0x10d16    : slliw a5, a5, 3            : IntAlu :  D=0x0000000000000040
5111500: system.cpu: T0 : 0x10d1a    : c_subw a5, a4              : IntAlu :  D=0x0000000000000038
5112000: system.cpu: T0 : 0x10d1c    : c_addiw a5, 0              : IntAlu :  D=0x0000000000000038
5112500: system.cpu: T0 : 0x10d1e    : c_slli a5, 1               : IntAlu :  D=0x0000000000000070
5113000: system.cpu: T0 : 0x10d20    : ld a4, -24(s0)             : MemRead :  D=0x000000000006f004 A=0x7ffffffffffffdc8
5113500: system.cpu: T0 : 0x10d24    : c_add a5, a4               : IntAlu :  D=0x000000000006f074
5114500: system.cpu: T0 : 0x10d26    : slliw a4, a3, 16           : IntAlu :  D=0x0000000000000000
5115500: system.cpu: T0 : 0x10d2a    : sraiw a4, a4, 16           : IntAlu :  D=0x0000000000000000
5116500: system.cpu: T0 : 0x10d2e    : sh a4, 0(a5)               : MemWrite :  D=0x0000000000000000 A=0x6f074
5117500: system.cpu: T0 : 0x10d32    : lw a4, -76(s0)             : MemRead :  D=0xffffffffffa21216 A=0x7ffffffffffffd94
5118500: system.cpu: T0 : 0x10d36    : lw a5, -40(s0)             : MemRead :  D=0x0000000001790fcb A=0x7ffffffffffffdb8
5119000: system.cpu: T0 : 0x10d3a    : c_addw a5, a4              : IntAlu :  D=0x00000000011b21e1
5119500: system.cpu: T0 : 0x10d3c    : c_addiw a5, 0              : IntAlu :  D=0x00000000011b21e1
5120500: system.cpu: T0 : 0x10d3e    : lw a4, -32(s0)             : MemRead :  D=0xffffffffff38e047 A=0x7ffffffffffffdc0
5121000: system.cpu: T0 : 0x10d42    : c_addw a5, a4              : IntAlu :  D=0x0000000000540228
5121500: system.cpu: T0 : 0x10d44    : c_addiw a5, 0              : IntAlu :  D=0x0000000000540228
5122500: system.cpu: T0 : 0x10d46    : sraiw a5, a5, 18           : IntAlu :  D=0x0000000000000015
5123500: system.cpu: T0 : 0x10d4a    : addiw a3, a5, 0            : IntAlu :  D=0x0000000000000015
5124500: system.cpu: T0 : 0x10d4e    : lw a4, -124(s0)            : MemRead :  D=0x0000000000000008 A=0x7ffffffffffffd64
5125000: system.cpu: T0 : 0x10d52    : c_mv a5, a4                : IntAlu :  D=0x0000000000000008
5125500: system.cpu: T0 : 0x10d54    : slliw a5, a5, 2            : IntAlu :  D=0x0000000000000020
5126000: system.cpu: T0 : 0x10d58    : c_addw a5, a4              : IntAlu :  D=0x0000000000000028
5126500: system.cpu: T0 : 0x10d5a    : c_addiw a5, 0              : IntAlu :  D=0x0000000000000028
5127000: system.cpu: T0 : 0x10d5c    : c_slli a5, 1               : IntAlu :  D=0x0000000000000050
5128000: system.cpu: T0 : 0x10d5e    : ld a4, -24(s0)             : MemRead :  D=0x000000000006f004 A=0x7ffffffffffffdc8
5128500: system.cpu: T0 : 0x10d62    : c_add a5, a4               : IntAlu :  D=0x000000000006f054
5129000: system.cpu: T0 : 0x10d64    : slliw a4, a3, 16           : IntAlu :  D=0x0000000000150000
5129500: system.cpu: T0 : 0x10d68    : sraiw a4, a4, 16           : IntAlu :  D=0x0000000000000015
5130000: system.cpu: T0 : 0x10d6c    : sh a4, 0(a5)               : MemWrite :  D=0x0000000000000015 A=0x6f054
5130500: system.cpu: T0 : 0x10d70    : lw a4, -84(s0)             : MemRead :  D=0xfffffffffec87fe4 A=0x7ffffffffffffd8c
5131000: system.cpu: T0 : 0x10d74    : lw a5, -40(s0)             : MemRead :  D=0x0000000001790fcb A=0x7ffffffffffffdb8
5131500: system.cpu: T0 : 0x10d78    : c_addw a5, a4              : IntAlu :  D=0x0000000000418faf
5132000: system.cpu: T0 : 0x10d7a    : c_addiw a5, 0              : IntAlu :  D=0x0000000000418faf
5132500: system.cpu: T0 : 0x10d7c    : lw a4, -36(s0)             : MemRead :  D=0xffffffffffcb00fd A=0x7ffffffffffffdbc
5133000: system.cpu: T0 : 0x10d80    : c_addw a5, a4              : IntAlu :  D=0x00000000000c90ac
5133500: system.cpu: T0 : 0x10d82    : c_addiw a5, 0              : IntAlu :  D=0x00000000000c90ac
5134000: system.cpu: T0 : 0x10d84    : sraiw a5, a5, 18           : IntAlu :  D=0x0000000000000003
5134500: system.cpu: T0 : 0x10d88    : addiw a3, a5, 0            : IntAlu :  D=0x0000000000000003
5135000: system.cpu: T0 : 0x10d8c    : lw a4, -124(s0)            : MemRead :  D=0x0000000000000008 A=0x7ffffffffffffd64
5135500: system.cpu: T0 : 0x10d90    : c_mv a5, a4                : IntAlu :  D=0x0000000000000008
5136500: system.cpu: T0 : 0x10d92    : slliw a5, a5, 1            : IntAlu :  D=0x0000000000000010
5137000: system.cpu: T0 : 0x10d96    : c_addw a5, a4              : IntAlu :  D=0x0000000000000018
5137500: system.cpu: T0 : 0x10d98    : c_addiw a5, 0              : IntAlu :  D=0x0000000000000018
5138000: system.cpu: T0 : 0x10d9a    : c_slli a5, 1               : IntAlu :  D=0x0000000000000030
5138500: system.cpu: T0 : 0x10d9c    : ld a4, -24(s0)             : MemRead :  D=0x000000000006f004 A=0x7ffffffffffffdc8
5139000: system.cpu: T0 : 0x10da0    : c_add a5, a4               : IntAlu :  D=0x000000000006f034
5140000: system.cpu: T0 : 0x10da2    : slliw a4, a3, 16           : IntAlu :  D=0x0000000000030000
5141000: system.cpu: T0 : 0x10da6    : sraiw a4, a4, 16           : IntAlu :  D=0x0000000000000003
5142000: system.cpu: T0 : 0x10daa    : sh a4, 0(a5)               : MemWrite :  D=0x0000000000000003 A=0x6f034
5143000: system.cpu: T0 : 0x10dae    : lw a4, -92(s0)             : MemRead :  D=0xffffffffffa07a21 A=0x7ffffffffffffd84
5144000: system.cpu: T0 : 0x10db2    : lw a5, -44(s0)             : MemRead :  D=0x000000000034a6c4 A=0x7ffffffffffffdb4
5144500: system.cpu: T0 : 0x10db6    : c_addw a5, a4              : IntAlu :  D=0xffffffffffd520e5
5145000: system.cpu: T0 : 0x10db8    : c_addiw a5, 0              : IntAlu :  D=0xffffffffffd520e5
5146000: system.cpu: T0 : 0x10dba    : lw a4, -32(s0)             : MemRead :  D=0xffffffffff38e047 A=0x7ffffffffffffdc0
5146500: system.cpu: T0 : 0x10dbe    : c_addw a5, a4              : IntAlu :  D=0xffffffffff0e012c
5147000: system.cpu: T0 : 0x10dc0    : c_addiw a5, 0              : IntAlu :  D=0xffffffffff0e012c
5148000: system.cpu: T0 : 0x10dc2    : sraiw a5, a5, 18           : IntAlu :  D=0xffffffffffffffc3
5149000: system.cpu: T0 : 0x10dc6    : addiw a3, a5, 0            : IntAlu :  D=0xffffffffffffffc3
5150000: system.cpu: T0 : 0x10dca    : lw a5, -124(s0)            : MemRead :  D=0x0000000000000008 A=0x7ffffffffffffd64
5150500: system.cpu: T0 : 0x10dce    : c_slli a5, 1               : IntAlu :  D=0x0000000000000010
5151000: system.cpu: T0 : 0x10dd0    : ld a4, -24(s0)             : MemRead :  D=0x000000000006f004 A=0x7ffffffffffffdc8
5151500: system.cpu: T0 : 0x10dd4    : c_add a5, a4               : IntAlu :  D=0x000000000006f014
5152500: system.cpu: T0 : 0x10dd6    : slliw a4, a3, 16           : IntAlu :  D=0xffffffffffc30000
5153500: system.cpu: T0 : 0x10dda    : sraiw a4, a4, 16           : IntAlu :  D=0xffffffffffffffc3
5154500: system.cpu: T0 : 0x10dde    : sh a4, 0(a5)               : MemWrite :  D=0x000000000000ffc3 A=0x6f014
5155500: system.cpu: T0 : 0x10de2    : ld a5, -24(s0)             : MemRead :  D=0x000000000006f004 A=0x7ffffffffffffdc8
5156000: system.cpu: T0 : 0x10de6    : c_addi a5, 2               : IntAlu :  D=0x000000000006f006
5156500: system.cpu: T0 : 0x10de8    : sd a5, -24(s0)             : MemWrite :  D=0x000000000006f006 A=0x7ffffffffffffdc8
5157000: system.cpu: T0 : 0x10dec    : lw a5, -100(s0)            : MemRead :  D=0x0000000000000002 A=0x7ffffffffffffd7c
5157500: system.cpu: T0 : 0x10df0    : c_addiw a5, 1              : IntAlu :  D=0x0000000000000003
5158500: system.cpu: T0 : 0x10df2    : sw a5, -100(s0)            : MemWrite :  D=0x0000000000000003 A=0x7ffffffffffffd7c
5159500: system.cpu: T0 : 0x10df6    : lw a5, -100(s0)            : MemRead :  D=0x0000000000000003 A=0x7ffffffffffffd7c
5160500: system.cpu: T0 : 0x10dfa    : addiw a4, a5, 0            : IntAlu :  D=0x0000000000000003
5161000: system.cpu: T0 : 0x10dfe    : c_li a5, 7                 : IntAlu :  D=0x0000000000000007
5161500: system.cpu: T0 : 0x10e00    : bge a5, a4, -1376          : IntAlu : 
5162000: system.cpu: T0 : 0x108a0    : ld a5, -24(s0)             : MemRead :  D=0x000000000006f006 A=0x7ffffffffffffdc8
5162500: system.cpu: T0 : 0x108a4    : lh a5, 0(a5)               : MemRead :  D=0x00000000000000c0 A=0x6f006
5163000: system.cpu: T0 : 0x108a8    : addiw a3, a5, 0            : IntAlu :  D=0x00000000000000c0
5163500: system.cpu: T0 : 0x108ac    : lw a4, -124(s0)            : MemRead :  D=0x0000000000000008 A=0x7ffffffffffffd64
5164000: system.cpu: T0 : 0x108b0    : c_mv a5, a4                : IntAlu :  D=0x0000000000000008
5165000: system.cpu: T0 : 0x108b2    : slliw a5, a5, 3            : IntAlu :  D=0x0000000000000040
5165500: system.cpu: T0 : 0x108b6    : c_subw a5, a4              : IntAlu :  D=0x0000000000000038
5166000: system.cpu: T0 : 0x108b8    : c_addiw a5, 0              : IntAlu :  D=0x0000000000000038
5166500: system.cpu: T0 : 0x108ba    : c_slli a5, 1               : IntAlu :  D=0x0000000000000070
5167000: system.cpu: T0 : 0x108bc    : ld a4, -24(s0)             : MemRead :  D=0x000000000006f006 A=0x7ffffffffffffdc8
5167500: system.cpu: T0 : 0x108c0    : c_add a5, a4               : IntAlu :  D=0x000000000006f076
5168500: system.cpu: T0 : 0x108c2    : lh a5, 0(a5)               : MemRead :  D=0x0000000000000004 A=0x6f076
5169000: system.cpu: T0 : 0x108c6    : c_addiw a5, 0              : IntAlu :  D=0x0000000000000004
5169500: system.cpu: T0 : 0x108c8    : c_addw a5, a3              : IntAlu :  D=0x00000000000000c4
5170500: system.cpu: T0 : 0x108ca    : sw a5, -96(s0)             : MemWrite :  D=0x00000000000000c4 A=0x7ffffffffffffd80
5171500: system.cpu: T0 : 0x108ce    : ld a5, -24(s0)             : MemRead :  D=0x000000000006f006 A=0x7ffffffffffffdc8
5172500: system.cpu: T0 : 0x108d2    : lh a5, 0(a5)               : MemRead :  D=0x00000000000000c0 A=0x6f006
5173500: system.cpu: T0 : 0x108d6    : addiw a3, a5, 0            : IntAlu :  D=0x00000000000000c0
5174500: system.cpu: T0 : 0x108da    : lw a4, -124(s0)            : MemRead :  D=0x0000000000000008 A=0x7ffffffffffffd64
5175000: system.cpu: T0 : 0x108de    : c_mv a5, a4                : IntAlu :  D=0x0000000000000008
5175500: system.cpu: T0 : 0x108e0    : slliw a5, a5, 3            : IntAlu :  D=0x0000000000000040
5176000: system.cpu: T0 : 0x108e4    : c_subw a5, a4              : IntAlu :  D=0x0000000000000038
5176500: system.cpu: T0 : 0x108e6    : c_addiw a5, 0              : IntAlu :  D=0x0000000000000038
5177000: system.cpu: T0 : 0x108e8    : c_slli a5, 1               : IntAlu :  D=0x0000000000000070
5178000: system.cpu: T0 : 0x108ea    : ld a4, -24(s0)             : MemRead :  D=0x000000000006f006 A=0x7ffffffffffffdc8
5178500: system.cpu: T0 : 0x108ee    : c_add a5, a4               : IntAlu :  D=0x000000000006f076
5179000: system.cpu: T0 : 0x108f0    : lh a5, 0(a5)               : MemRead :  D=0x0000000000000004 A=0x6f076
5179500: system.cpu: T0 : 0x108f4    : c_addiw a5, 0              : IntAlu :  D=0x0000000000000004
5180500: system.cpu: T0 : 0x108f6    : subw a5, a3, a5            : IntAlu :  D=0x00000000000000bc
5181500: system.cpu: T0 : 0x108fa    : sw a5, -92(s0)             : MemWrite :  D=0x00000000000000bc A=0x7ffffffffffffd84
5182500: system.cpu: T0 : 0x108fe    : lw a5, -124(s0)            : MemRead :  D=0x0000000000000008 A=0x7ffffffffffffd64
5183000: system.cpu: T0 : 0x10902    : c_slli a5, 1               : IntAlu :  D=0x0000000000000010
5183500: system.cpu: T0 : 0x10904    : ld a4, -24(s0)             : MemRead :  D=0x000000000006f006 A=0x7ffffffffffffdc8
5184000: system.cpu: T0 : 0x10908    : c_add a5, a4               : IntAlu :  D=0x000000000006f016
5185000: system.cpu: T0 : 0x1090a    : lh a5, 0(a5)               : MemRead :  D=0xffffffffffffff72 A=0x6f016
5186000: system.cpu: T0 : 0x1090e    : addiw a3, a5, 0            : IntAlu :  D=0xffffffffffffff72
5187000: system.cpu: T0 : 0x10912    : lw a4, -124(s0)            : MemRead :  D=0x0000000000000008 A=0x7ffffffffffffd64
5187500: system.cpu: T0 : 0x10916    : c_mv a5, a4                : IntAlu :  D=0x0000000000000008
5188000: system.cpu: T0 : 0x10918    : slliw a5, a5, 1            : IntAlu :  D=0x0000000000000010
5188500: system.cpu: T0 : 0x1091c    : c_addw a5, a4              : IntAlu :  D=0x0000000000000018
5189500: system.cpu: T0 : 0x1091e    : slliw a5, a5, 1            : IntAlu :  D=0x0000000000000030
5190000: system.cpu: T0 : 0x10922    : c_addiw a5, 0              : IntAlu :  D=0x0000000000000030
5190500: system.cpu: T0 : 0x10924    : c_slli a5, 1               : IntAlu :  D=0x0000000000000060
5191500: system.cpu: T0 : 0x10926    : ld a4, -24(s0)             : MemRead :  D=0x000000000006f006 A=0x7ffffffffffffdc8
5192000: system.cpu: T0 : 0x1092a    : c_add a5, a4               : IntAlu :  D=0x000000000006f066
5192500: system.cpu: T0 : 0x1092c    : lh a5, 0(a5)               : MemRead :  D=0x00000000000000d0 A=0x6f066
5193000: system.cpu: T0 : 0x10930    : c_addiw a5, 0              : IntAlu :  D=0x00000000000000d0
5193500: system.cpu: T0 : 0x10932    : c_addw a5, a3              : IntAlu :  D=0x0000000000000042
5194000: system.cpu: T0 : 0x10934    : sw a5, -88(s0)             : MemWrite :  D=0x0000000000000042 A=0x7ffffffffffffd88
5194500: system.cpu: T0 : 0x10938    : lw a5, -124(s0)            : MemRead :  D=0x0000000000000008 A=0x7ffffffffffffd64
5195000: system.cpu: T0 : 0x1093c    : c_slli a5, 1               : IntAlu :  D=0x0000000000000010
5196000: system.cpu: T0 : 0x1093e    : ld a4, -24(s0)             : MemRead :  D=0x000000000006f006 A=0x7ffffffffffffdc8
5196500: system.cpu: T0 : 0x10942    : c_add a5, a4               : IntAlu :  D=0x000000000006f016
5197000: system.cpu: T0 : 0x10944    : lh a5, 0(a5)               : MemRead :  D=0xffffffffffffff72 A=0x6f016
5197500: system.cpu: T0 : 0x10948    : addiw a3, a5, 0            : IntAlu :  D=0xffffffffffffff72
5198000: system.cpu: T0 : 0x1094c    : lw a4, -124(s0)            : MemRead :  D=0x0000000000000008 A=0x7ffffffffffffd64
5198500: system.cpu: T0 : 0x10950    : c_mv a5, a4                : IntAlu :  D=0x0000000000000008
5199500: system.cpu: T0 : 0x10952    : slliw a5, a5, 1            : IntAlu :  D=0x0000000000000010
5200000: system.cpu: T0 : 0x10956    : c_addw a5, a4              : IntAlu :  D=0x0000000000000018
5200500: system.cpu: T0 : 0x10958    : slliw a5, a5, 1            : IntAlu :  D=0x0000000000000030
5201000: system.cpu: T0 : 0x1095c    : c_addiw a5, 0              : IntAlu :  D=0x0000000000000030
5201500: system.cpu: T0 : 0x1095e    : c_slli a5, 1               : IntAlu :  D=0x0000000000000060
5202000: system.cpu: T0 : 0x10960    : ld a4, -24(s0)             : MemRead :  D=0x000000000006f006 A=0x7ffffffffffffdc8
5202500: system.cpu: T0 : 0x10964    : c_add a5, a4               : IntAlu :  D=0x000000000006f066
5203500: system.cpu: T0 : 0x10966    : lh a5, 0(a5)               : MemRead :  D=0x00000000000000d0 A=0x6f066
5204000: system.cpu: T0 : 0x1096a    : c_addiw a5, 0              : IntAlu :  D=0x00000000000000d0
5204500: system.cpu: T0 : 0x1096c    : subw a5, a3, a5            : IntAlu :  D=0xfffffffffffffea2
5205000: system.cpu: T0 : 0x10970    : sw a5, -84(s0)             : MemWrite :  D=0x00000000fffffea2 A=0x7ffffffffffffd8c
5205500: system.cpu: T0 : 0x10974    : lw a5, -124(s0)            : MemRead :  D=0x0000000000000008 A=0x7ffffffffffffd64
5206000: system.cpu: T0 : 0x10978    : slliw a5, a5, 1            : IntAlu :  D=0x0000000000000010
5206500: system.cpu: T0 : 0x1097c    : c_addiw a5, 0              : IntAlu :  D=0x0000000000000010
5207000: system.cpu: T0 : 0x1097e    : c_slli a5, 1               : IntAlu :  D=0x0000000000000020
5207500: system.cpu: T0 : 0x10980    : ld a4, -24(s0)             : MemRead :  D=0x000000000006f006 A=0x7ffffffffffffdc8
5208000: system.cpu: T0 : 0x10984    : c_add a5, a4               : IntAlu :  D=0x000000000006f026
5209000: system.cpu: T0 : 0x10986    : lh a5, 0(a5)               : MemRead :  D=0xffffffffffffff56 A=0x6f026
5210000: system.cpu: T0 : 0x1098a    : addiw a3, a5, 0            : IntAlu :  D=0xffffffffffffff56
5211000: system.cpu: T0 : 0x1098e    : lw a4, -124(s0)            : MemRead :  D=0x0000000000000008 A=0x7ffffffffffffd64
5211500: system.cpu: T0 : 0x10992    : c_mv a5, a4                : IntAlu :  D=0x0000000000000008
5212000: system.cpu: T0 : 0x10994    : slliw a5, a5, 2            : IntAlu :  D=0x0000000000000020
5212500: system.cpu: T0 : 0x10998    : c_addw a5, a4              : IntAlu :  D=0x0000000000000028
5213000: system.cpu: T0 : 0x1099a    : c_addiw a5, 0              : IntAlu :  D=0x0000000000000028
5213500: system.cpu: T0 : 0x1099c    : c_slli a5, 1               : IntAlu :  D=0x0000000000000050
5214500: system.cpu: T0 : 0x1099e    : ld a4, -24(s0)             : MemRead :  D=0x000000000006f006 A=0x7ffffffffffffdc8
5215000: system.cpu: T0 : 0x109a2    : c_add a5, a4               : IntAlu :  D=0x000000000006f056
5215500: system.cpu: T0 : 0x109a4    : lh a5, 0(a5)               : MemRead :  D=0xfffffffffffffec3 A=0x6f056
5216000: system.cpu: T0 : 0x109a8    : c_addiw a5, 0              : IntAlu :  D=0xfffffffffffffec3
5216500: system.cpu: T0 : 0x109aa    : c_addw a5, a3              : IntAlu :  D=0xfffffffffffffe19
5217000: system.cpu: T0 : 0x109ac    : sw a5, -80(s0)             : MemWrite :  D=0x00000000fffffe19 A=0x7ffffffffffffd90
5217500: system.cpu: T0 : 0x109b0    : lw a5, -124(s0)            : MemRead :  D=0x0000000000000008 A=0x7ffffffffffffd64
5218000: system.cpu: T0 : 0x109b4    : slliw a5, a5, 1            : IntAlu :  D=0x0000000000000010
5218500: system.cpu: T0 : 0x109b8    : c_addiw a5, 0              : IntAlu :  D=0x0000000000000010
5219000: system.cpu: T0 : 0x109ba    : c_slli a5, 1               : IntAlu :  D=0x0000000000000020
5219500: system.cpu: T0 : 0x109bc    : ld a4, -24(s0)             : MemRead :  D=0x000000000006f006 A=0x7ffffffffffffdc8
5220000: system.cpu: T0 : 0x109c0    : c_add a5, a4               : IntAlu :  D=0x000000000006f026
5221000: system.cpu: T0 : 0x109c2    : lh a5, 0(a5)               : MemRead :  D=0xffffffffffffff56 A=0x6f026
5222000: system.cpu: T0 : 0x109c6    : addiw a3, a5, 0            : IntAlu :  D=0xffffffffffffff56
5223000: system.cpu: T0 : 0x109ca    : lw a4, -124(s0)            : MemRead :  D=0x0000000000000008 A=0x7ffffffffffffd64
5223500: system.cpu: T0 : 0x109ce    : c_mv a5, a4                : IntAlu :  D=0x0000000000000008
5224000: system.cpu: T0 : 0x109d0    : slliw a5, a5, 2            : IntAlu :  D=0x0000000000000020
5224500: system.cpu: T0 : 0x109d4    : c_addw a5, a4              : IntAlu :  D=0x0000000000000028
5225000: system.cpu: T0 : 0x109d6    : c_addiw a5, 0              : IntAlu :  D=0x0000000000000028
5225500: system.cpu: T0 : 0x109d8    : c_slli a5, 1               : IntAlu :  D=0x0000000000000050
5226500: system.cpu: T0 : 0x109da    : ld a4, -24(s0)             : MemRead :  D=0x000000000006f006 A=0x7ffffffffffffdc8
5227000: system.cpu: T0 : 0x109de    : c_add a5, a4               : IntAlu :  D=0x000000000006f056
5227500: system.cpu: T0 : 0x109e0    : lh a5, 0(a5)               : MemRead :  D=0xfffffffffffffec3 A=0x6f056
5228000: system.cpu: T0 : 0x109e4    : c_addiw a5, 0              : IntAlu :  D=0xfffffffffffffec3
5229000: system.cpu: T0 : 0x109e6    : subw a5, a3, a5            : IntAlu :  D=0x0000000000000093
5230000: system.cpu: T0 : 0x109ea    : sw a5, -76(s0)             : MemWrite :  D=0x0000000000000093 A=0x7ffffffffffffd94
5231000: system.cpu: T0 : 0x109ee    : lw a4, -124(s0)            : MemRead :  D=0x0000000000000008 A=0x7ffffffffffffd64
5231500: system.cpu: T0 : 0x109f2    : c_mv a5, a4                : IntAlu :  D=0x0000000000000008
5232000: system.cpu: T0 : 0x109f4    : slliw a5, a5, 1            : IntAlu :  D=0x0000000000000010
5232500: system.cpu: T0 : 0x109f8    : c_addw a5, a4              : IntAlu :  D=0x0000000000000018
5233000: system.cpu: T0 : 0x109fa    : c_addiw a5, 0              : IntAlu :  D=0x0000000000000018
5233500: system.cpu: T0 : 0x109fc    : c_slli a5, 1               : IntAlu :  D=0x0000000000000030
5234500: system.cpu: T0 : 0x109fe    : ld a4, -24(s0)             : MemRead :  D=0x000000000006f006 A=0x7ffffffffffffdc8
5235000: system.cpu: T0 : 0x10a02    : c_add a5, a4               : IntAlu :  D=0x000000000006f036
5235500: system.cpu: T0 : 0x10a04    : lh a5, 0(a5)               : MemRead :  D=0xffffffffffffff78 A=0x6f036
5236000: system.cpu: T0 : 0x10a08    : addiw a4, a5, 0            : IntAlu :  D=0xffffffffffffff78
5236500: system.cpu: T0 : 0x10a0c    : lw a5, -124(s0)            : MemRead :  D=0x0000000000000008 A=0x7ffffffffffffd64
5237000: system.cpu: T0 : 0x10a10    : slliw a5, a5, 2            : IntAlu :  D=0x0000000000000020
5237500: system.cpu: T0 : 0x10a14    : c_addiw a5, 0              : IntAlu :  D=0x0000000000000020
5238000: system.cpu: T0 : 0x10a16    : c_slli a5, 1               : IntAlu :  D=0x0000000000000040
5238500: system.cpu: T0 : 0x10a18    : ld a3, -24(s0)             : MemRead :  D=0x000000000006f006 A=0x7ffffffffffffdc8
5239000: system.cpu: T0 : 0x10a1c    : c_add a5, a3               : IntAlu :  D=0x000000000006f046
5240000: system.cpu: T0 : 0x10a1e    : lh a5, 0(a5)               : MemRead :  D=0xffffffffffffff77 A=0x6f046
5240500: system.cpu: T0 : 0x10a22    : c_addiw a5, 0              : IntAlu :  D=0xffffffffffffff77
5241000: system.cpu: T0 : 0x10a24    : c_addw a5, a4              : IntAlu :  D=0xfffffffffffffeef
5242000: system.cpu: T0 : 0x10a26    : sw a5, -72(s0)             : MemWrite :  D=0x00000000fffffeef A=0x7ffffffffffffd98
5243000: system.cpu: T0 : 0x10a2a    : lw a4, -124(s0)            : MemRead :  D=0x0000000000000008 A=0x7ffffffffffffd64
5243500: system.cpu: T0 : 0x10a2e    : c_mv a5, a4                : IntAlu :  D=0x0000000000000008
5244000: system.cpu: T0 : 0x10a30    : slliw a5, a5, 1            : IntAlu :  D=0x0000000000000010
5244500: system.cpu: T0 : 0x10a34    : c_addw a5, a4              : IntAlu :  D=0x0000000000000018
5245000: system.cpu: T0 : 0x10a36    : c_addiw a5, 0              : IntAlu :  D=0x0000000000000018
5245500: system.cpu: T0 : 0x10a38    : c_slli a5, 1               : IntAlu :  D=0x0000000000000030
5246500: system.cpu: T0 : 0x10a3a    : ld a4, -24(s0)             : MemRead :  D=0x000000000006f006 A=0x7ffffffffffffdc8
5247000: system.cpu: T0 : 0x10a3e    : c_add a5, a4               : IntAlu :  D=0x000000000006f036
5247500: system.cpu: T0 : 0x10a40    : lh a5, 0(a5)               : MemRead :  D=0xffffffffffffff78 A=0x6f036
5248000: system.cpu: T0 : 0x10a44    : addiw a4, a5, 0            : IntAlu :  D=0xffffffffffffff78
5248500: system.cpu: T0 : 0x10a48    : lw a5, -124(s0)            : MemRead :  D=0x0000000000000008 A=0x7ffffffffffffd64
5249000: system.cpu: T0 : 0x10a4c    : slliw a5, a5, 2            : IntAlu :  D=0x0000000000000020
5249500: system.cpu: T0 : 0x10a50    : c_addiw a5, 0              : IntAlu :  D=0x0000000000000020
5250000: system.cpu: T0 : 0x10a52    : c_slli a5, 1               : IntAlu :  D=0x0000000000000040
5250500: system.cpu: T0 : 0x10a54    : ld a3, -24(s0)             : MemRead :  D=0x000000000006f006 A=0x7ffffffffffffdc8
5251000: system.cpu: T0 : 0x10a58    : c_add a5, a3               : IntAlu :  D=0x000000000006f046
5252000: system.cpu: T0 : 0x10a5a    : lh a5, 0(a5)               : MemRead :  D=0xffffffffffffff77 A=0x6f046
5252500: system.cpu: T0 : 0x10a5e    : c_addiw a5, 0              : IntAlu :  D=0xffffffffffffff77
5253000: system.cpu: T0 : 0x10a60    : subw a5, a4, a5            : IntAlu :  D=0x0000000000000001
5253500: system.cpu: T0 : 0x10a64    : sw a5, -68(s0)             : MemWrite :  D=0x0000000000000001 A=0x7ffffffffffffd9c
5254000: system.cpu: T0 : 0x10a68    : lw a4, -96(s0)             : MemRead :  D=0x00000000000000c4 A=0x7ffffffffffffd80
5254500: system.cpu: T0 : 0x10a6c    : lw a5, -72(s0)             : MemRead :  D=0xfffffffffffffeef A=0x7ffffffffffffd98
5255000: system.cpu: T0 : 0x10a70    : c_addw a5, a4              : IntAlu :  D=0xffffffffffffffb3
5256000: system.cpu: T0 : 0x10a72    : sw a5, -64(s0)             : MemWrite :  D=0x00000000ffffffb3 A=0x7ffffffffffffda0
5257000: system.cpu: T0 : 0x10a76    : lw a4, -96(s0)             : MemRead :  D=0x00000000000000c4 A=0x7ffffffffffffd80
5258000: system.cpu: T0 : 0x10a7a    : lw a5, -72(s0)             : MemRead :  D=0xfffffffffffffeef A=0x7ffffffffffffd98
5259000: system.cpu: T0 : 0x10a7e    : subw a5, a4, a5            : IntAlu :  D=0x00000000000001d5
5260000: system.cpu: T0 : 0x10a82    : sw a5, -60(s0)             : MemWrite :  D=0x00000000000001d5 A=0x7ffffffffffffda4
5261000: system.cpu: T0 : 0x10a86    : lw a4, -88(s0)             : MemRead :  D=0x0000000000000042 A=0x7ffffffffffffd88
5262000: system.cpu: T0 : 0x10a8a    : lw a5, -80(s0)             : MemRead :  D=0xfffffffffffffe19 A=0x7ffffffffffffd90
5262500: system.cpu: T0 : 0x10a8e    : c_addw a5, a4              : IntAlu :  D=0xfffffffffffffe5b
5263000: system.cpu: T0 : 0x10a90    : sw a5, -56(s0)             : MemWrite :  D=0x00000000fffffe5b A=0x7ffffffffffffda8
5263500: system.cpu: T0 : 0x10a94    : lw a4, -88(s0)             : MemRead :  D=0x0000000000000042 A=0x7ffffffffffffd88
5264000: system.cpu: T0 : 0x10a98    : lw a5, -80(s0)             : MemRead :  D=0xfffffffffffffe19 A=0x7ffffffffffffd90
5264500: system.cpu: T0 : 0x10a9c    : subw a5, a4, a5            : IntAlu :  D=0x0000000000000229
5265000: system.cpu: T0 : 0x10aa0    : sw a5, -52(s0)             : MemWrite :  D=0x0000000000000229 A=0x7ffffffffffffdac
5265500: system.cpu: T0 : 0x10aa4    : lw a4, -64(s0)             : MemRead :  D=0xffffffffffffffb3 A=0x7ffffffffffffda0
5266000: system.cpu: T0 : 0x10aa8    : lw a5, -56(s0)             : MemRead :  D=0xfffffffffffffe5b A=0x7ffffffffffffda8
5266500: system.cpu: T0 : 0x10aac    : c_addw a5, a4              : IntAlu :  D=0xfffffffffffffe0e
5267000: system.cpu: T0 : 0x10aae    : c_addiw a5, 0              : IntAlu :  D=0xfffffffffffffe0e
5267500: system.cpu: T0 : 0x10ab0    : sraiw a5, a5, 5            : IntAlu :  D=0xfffffffffffffff0
5268000: system.cpu: T0 : 0x10ab4    : c_addiw a5, 0              : IntAlu :  D=0xfffffffffffffff0
5269000: system.cpu: T0 : 0x10ab6    : slliw a4, a5, 16           : IntAlu :  D=0xfffffffffff00000
5270000: system.cpu: T0 : 0x10aba    : sraiw a4, a4, 16           : IntAlu :  D=0xfffffffffffffff0
5271000: system.cpu: T0 : 0x10abe    : ld a5, -24(s0)             : MemRead :  D=0x000000000006f006 A=0x7ffffffffffffdc8
5272000: system.cpu: T0 : 0x10ac2    : sh a4, 0(a5)               : MemWrite :  D=0x000000000000fff0 A=0x6f006
5273000: system.cpu: T0 : 0x10ac6    : lw a4, -64(s0)             : MemRead :  D=0xffffffffffffffb3 A=0x7ffffffffffffda0
5274000: system.cpu: T0 : 0x10aca    : lw a5, -56(s0)             : MemRead :  D=0xfffffffffffffe5b A=0x7ffffffffffffda8
5275000: system.cpu: T0 : 0x10ace    : subw a5, a4, a5            : IntAlu :  D=0x0000000000000158
5275500: system.cpu: T0 : 0x10ad2    : c_addiw a5, 0              : IntAlu :  D=0x0000000000000158
5276000: system.cpu: T0 : 0x10ad4    : sraiw a5, a5, 5            : IntAlu :  D=0x000000000000000a
5276500: system.cpu: T0 : 0x10ad8    : addiw a3, a5, 0            : IntAlu :  D=0x000000000000000a
5277000: system.cpu: T0 : 0x10adc    : lw a5, -124(s0)            : MemRead :  D=0x0000000000000008 A=0x7ffffffffffffd64
5277500: system.cpu: T0 : 0x10ae0    : slliw a5, a5, 2            : IntAlu :  D=0x0000000000000020
5278000: system.cpu: T0 : 0x10ae4    : c_addiw a5, 0              : IntAlu :  D=0x0000000000000020
5278500: system.cpu: T0 : 0x10ae6    : c_slli a5, 1               : IntAlu :  D=0x0000000000000040
5279000: system.cpu: T0 : 0x10ae8    : ld a4, -24(s0)             : MemRead :  D=0x000000000006f006 A=0x7ffffffffffffdc8
5279500: system.cpu: T0 : 0x10aec    : c_add a5, a4               : IntAlu :  D=0x000000000006f046
5280500: system.cpu: T0 : 0x10aee    : slliw a4, a3, 16           : IntAlu :  D=0x00000000000a0000
5281500: system.cpu: T0 : 0x10af2    : sraiw a4, a4, 16           : IntAlu :  D=0x000000000000000a
5282500: system.cpu: T0 : 0x10af6    : sh a4, 0(a5)               : MemWrite :  D=0x000000000000000a A=0x6f046
5283000: system.cpu: T0 : 0x10afa    : c_lui a5, 1                : IntAlu :  D=0x0000000000001000
5283500: system.cpu: T0 : 0x10afc    : addiw a5, a5, 337          : IntAlu :  D=0x0000000000001151
5284000: system.cpu: T0 : 0x10b00    : sw a5, -48(s0)             : MemWrite :  D=0x0000000000001151 A=0x7ffffffffffffdb0
5284500: system.cpu: T0 : 0x10b04    : lw a4, -52(s0)             : MemRead :  D=0x0000000000000229 A=0x7ffffffffffffdac
5285000: system.cpu: T0 : 0x10b08    : lw a5, -60(s0)             : MemRead :  D=0x00000000000001d5 A=0x7ffffffffffffda4
5285500: system.cpu: T0 : 0x10b0c    : c_addw a5, a4              : IntAlu :  D=0x00000000000003fe
5286000: system.cpu: T0 : 0x10b0e    : c_addiw a5, 0              : IntAlu :  D=0x00000000000003fe
5286500: system.cpu: T0 : 0x10b10    : lw a4, -48(s0)             : MemRead :  D=0x0000000000001151 A=0x7ffffffffffffdb0
5287000: system.cpu: T0 : 0x10b14    : mulw a5, a4, a5            : IntMult :  D=0x000000000045215e
5287500: system.cpu: T0 : 0x10b18    : sw a5, -44(s0)             : MemWrite :  D=0x000000000045215e A=0x7ffffffffffffdb4
5288000: system.cpu: T0 : 0x10b1c    : c_lui a5, 2                : IntAlu :  D=0x0000000000002000
5289000: system.cpu: T0 : 0x10b1e    : addiw a5, a5, -1922        : IntAlu :  D=0x000000000000187e
5290000: system.cpu: T0 : 0x10b22    : sw a5, -48(s0)             : MemWrite :  D=0x000000000000187e A=0x7ffffffffffffdb0
5291000: system.cpu: T0 : 0x10b26    : lw a4, -60(s0)             : MemRead :  D=0x00000000000001d5 A=0x7ffffffffffffda4
5292000: system.cpu: T0 : 0x10b2a    : lw a5, -48(s0)             : MemRead :  D=0x000000000000187e A=0x7ffffffffffffdb0
5293000: system.cpu: T0 : 0x10b2e    : mulw a5, a4, a5            : IntMult :  D=0x00000000002cded6
5293500: system.cpu: T0 : 0x10b32    : c_addiw a5, 0              : IntAlu :  D=0x00000000002cded6
5294000: system.cpu: T0 : 0x10b34    : lw a4, -44(s0)             : MemRead :  D=0x000000000045215e A=0x7ffffffffffffdb4
5294500: system.cpu: T0 : 0x10b38    : c_addw a5, a4              : IntAlu :  D=0x0000000000720034
5295000: system.cpu: T0 : 0x10b3a    : c_addiw a5, 0              : IntAlu :  D=0x0000000000720034
5295500: system.cpu: T0 : 0x10b3c    : sraiw a5, a5, 18           : IntAlu :  D=0x000000000000001c
5296000: system.cpu: T0 : 0x10b40    : addiw a3, a5, 0            : IntAlu :  D=0x000000000000001c
5296500: system.cpu: T0 : 0x10b44    : lw a5, -124(s0)            : MemRead :  D=0x0000000000000008 A=0x7ffffffffffffd64
5297000: system.cpu: T0 : 0x10b48    : slliw a5, a5, 1            : IntAlu :  D=0x0000000000000010
5297500: system.cpu: T0 : 0x10b4c    : c_addiw a5, 0              : IntAlu :  D=0x0000000000000010
5298000: system.cpu: T0 : 0x10b4e    : c_slli a5, 1               : IntAlu :  D=0x0000000000000020
5298500: system.cpu: T0 : 0x10b50    : ld a4, -24(s0)             : MemRead :  D=0x000000000006f006 A=0x7ffffffffffffdc8
5299000: system.cpu: T0 : 0x10b54    : c_add a5, a4               : IntAlu :  D=0x000000000006f026
5300000: system.cpu: T0 : 0x10b56    : slliw a4, a3, 16           : IntAlu :  D=0x00000000001c0000
5301000: system.cpu: T0 : 0x10b5a    : sraiw a4, a4, 16           : IntAlu :  D=0x000000000000001c
5302000: system.cpu: T0 : 0x10b5e    : sh a4, 0(a5)               : MemWrite :  D=0x000000000000001c A=0x6f026
5302500: system.cpu: T0 : 0x10b62    : c_lui a5, 1048572          : IntAlu :  D=0xffffffffffffc000
5303000: system.cpu: T0 : 0x10b64    : addiw a5, a5, 1247         : IntAlu :  D=0xffffffffffffc4df
5303500: system.cpu: T0 : 0x10b68    : sw a5, -48(s0)             : MemWrite :  D=0x00000000ffffc4df A=0x7ffffffffffffdb0
5304000: system.cpu: T0 : 0x10b6c    : lw a4, -52(s0)             : MemRead :  D=0x0000000000000229 A=0x7ffffffffffffdac
5304500: system.cpu: T0 : 0x10b70    : lw a5, -48(s0)             : MemRead :  D=0xffffffffffffc4df A=0x7ffffffffffffdb0
5305000: system.cpu: T0 : 0x10b74    : mulw a5, a4, a5            : IntMult :  D=0xffffffffff8045b7
5305500: system.cpu: T0 : 0x10b78    : c_addiw a5, 0              : IntAlu :  D=0xffffffffff8045b7
5306500: system.cpu: T0 : 0x10b7a    : lw a4, -44(s0)             : MemRead :  D=0x000000000045215e A=0x7ffffffffffffdb4
5307000: system.cpu: T0 : 0x10b7e    : c_addw a5, a4              : IntAlu :  D=0xffffffffffc56715
5307500: system.cpu: T0 : 0x10b80    : c_addiw a5, 0              : IntAlu :  D=0xffffffffffc56715
5308500: system.cpu: T0 : 0x10b82    : sraiw a5, a5, 18           : IntAlu :  D=0xfffffffffffffff1
5309500: system.cpu: T0 : 0x10b86    : addiw a3, a5, 0            : IntAlu :  D=0xfffffffffffffff1
5310500: system.cpu: T0 : 0x10b8a    : lw a4, -124(s0)            : MemRead :  D=0x0000000000000008 A=0x7ffffffffffffd64
5311000: system.cpu: T0 : 0x10b8e    : c_mv a5, a4                : IntAlu :  D=0x0000000000000008
5311500: system.cpu: T0 : 0x10b90    : slliw a5, a5, 1            : IntAlu :  D=0x0000000000000010
5312000: system.cpu: T0 : 0x10b94    : c_addw a5, a4              : IntAlu :  D=0x0000000000000018
5313000: system.cpu: T0 : 0x10b96    : slliw a5, a5, 1            : IntAlu :  D=0x0000000000000030
5313500: system.cpu: T0 : 0x10b9a    : c_addiw a5, 0              : IntAlu :  D=0x0000000000000030
5314000: system.cpu: T0 : 0x10b9c    : c_slli a5, 1               : IntAlu :  D=0x0000000000000060
5315000: system.cpu: T0 : 0x10b9e    : ld a4, -24(s0)             : MemRead :  D=0x000000000006f006 A=0x7ffffffffffffdc8
5315500: system.cpu: T0 : 0x10ba2    : c_add a5, a4               : IntAlu :  D=0x000000000006f066
5316000: system.cpu: T0 : 0x10ba4    : slliw a4, a3, 16           : IntAlu :  D=0xfffffffffff10000
5316500: system.cpu: T0 : 0x10ba8    : sraiw a4, a4, 16           : IntAlu :  D=0xfffffffffffffff1
5317000: system.cpu: T0 : 0x10bac    : sh a4, 0(a5)               : MemWrite :  D=0x000000000000fff1 A=0x6f066
5317500: system.cpu: T0 : 0x10bb0    : lw a4, -68(s0)             : MemRead :  D=0x0000000000000001 A=0x7ffffffffffffd9c
5318000: system.cpu: T0 : 0x10bb4    : lw a5, -92(s0)             : MemRead :  D=0x00000000000000bc A=0x7ffffffffffffd84
5318500: system.cpu: T0 : 0x10bb8    : c_addw a5, a4              : IntAlu :  D=0x00000000000000bd
5319500: system.cpu: T0 : 0x10bba    : sw a5, -44(s0)             : MemWrite :  D=0x00000000000000bd A=0x7ffffffffffffdb4
5320500: system.cpu: T0 : 0x10bbe    : lw a4, -76(s0)             : MemRead :  D=0x0000000000000093 A=0x7ffffffffffffd94
5321500: system.cpu: T0 : 0x10bc2    : lw a5, -84(s0)             : MemRead :  D=0xfffffffffffffea2 A=0x7ffffffffffffd8c
5322000: system.cpu: T0 : 0x10bc6    : c_addw a5, a4              : IntAlu :  D=0xffffffffffffff35
5322500: system.cpu: T0 : 0x10bc8    : sw a5, -40(s0)             : MemWrite :  D=0x00000000ffffff35 A=0x7ffffffffffffdb8
5323000: system.cpu: T0 : 0x10bcc    : lw a4, -68(s0)             : MemRead :  D=0x0000000000000001 A=0x7ffffffffffffd9c
5323500: system.cpu: T0 : 0x10bd0    : lw a5, -84(s0)             : MemRead :  D=0xfffffffffffffea2 A=0x7ffffffffffffd8c
5324000: system.cpu: T0 : 0x10bd4    : c_addw a5, a4              : IntAlu :  D=0xfffffffffffffea3
5325000: system.cpu: T0 : 0x10bd6    : sw a5, -36(s0)             : MemWrite :  D=0x00000000fffffea3 A=0x7ffffffffffffdbc
5326000: system.cpu: T0 : 0x10bda    : lw a4, -76(s0)             : MemRead :  D=0x0000000000000093 A=0x7ffffffffffffd94
5327000: system.cpu: T0 : 0x10bde    : lw a5, -92(s0)             : MemRead :  D=0x00000000000000bc A=0x7ffffffffffffd84
5327500: system.cpu: T0 : 0x10be2    : c_addw a5, a4              : IntAlu :  D=0x000000000000014f
5328000: system.cpu: T0 : 0x10be4    : sw a5, -32(s0)             : MemWrite :  D=0x000000000000014f A=0x7ffffffffffffdc0
5328500: system.cpu: T0 : 0x10be8    : c_lui a5, 2                : IntAlu :  D=0x0000000000002000
5329500: system.cpu: T0 : 0x10bea    : addiw a5, a5, 1441         : IntAlu :  D=0x00000000000025a1
5330500: system.cpu: T0 : 0x10bee    : sw a5, -48(s0)             : MemWrite :  D=0x00000000000025a1 A=0x7ffffffffffffdb0
5331500: system.cpu: T0 : 0x10bf2    : lw a4, -36(s0)             : MemRead :  D=0xfffffffffffffea3 A=0x7ffffffffffffdbc
5332500: system.cpu: T0 : 0x10bf6    : lw a5, -32(s0)             : MemRead :  D=0x000000000000014f A=0x7ffffffffffffdc0
5333000: system.cpu: T0 : 0x10bfa    : c_addw a5, a4              : IntAlu :  D=0xfffffffffffffff2
5333500: system.cpu: T0 : 0x10bfc    : c_addiw a5, 0              : IntAlu :  D=0xfffffffffffffff2
5334500: system.cpu: T0 : 0x10bfe    : lw a4, -48(s0)             : MemRead :  D=0x00000000000025a1 A=0x7ffffffffffffdb0
5335500: system.cpu: T0 : 0x10c02    : mulw a5, a4, a5            : IntMult :  D=0xfffffffffffdf132
5336500: system.cpu: T0 : 0x10c06    : sw a5, -28(s0)             : MemWrite :  D=0x00000000fffdf132 A=0x7ffffffffffffdc4
5337000: system.cpu: T0 : 0x10c0a    : c_lui a5, 1                : IntAlu :  D=0x0000000000001000
5337500: system.cpu: T0 : 0x10c0c    : addiw a5, a5, -1650        : IntAlu :  D=0x000000000000098e
5338000: system.cpu: T0 : 0x10c10    : sw a5, -48(s0)             : MemWrite :  D=0x000000000000098e A=0x7ffffffffffffdb0
5338500: system.cpu: T0 : 0x10c14    : lw a4, -68(s0)             : MemRead :  D=0x0000000000000001 A=0x7ffffffffffffd9c
5339000: system.cpu: T0 : 0x10c18    : lw a5, -48(s0)             : MemRead :  D=0x000000000000098e A=0x7ffffffffffffdb0
5339500: system.cpu: T0 : 0x10c1c    : mulw a5, a4, a5            : IntMult :  D=0x000000000000098e
5340000: system.cpu: T0 : 0x10c20    : sw a5, -68(s0)             : MemWrite :  D=0x000000000000098e A=0x7ffffffffffffd9c
5340500: system.cpu: T0 : 0x10c24    : c_lui a5, 4                : IntAlu :  D=0x0000000000004000
5341500: system.cpu: T0 : 0x10c26    : addiw a5, a5, 435          : IntAlu :  D=0x00000000000041b3
5342500: system.cpu: T0 : 0x10c2a    : sw a5, -48(s0)             : MemWrite :  D=0x00000000000041b3 A=0x7ffffffffffffdb0
5343500: system.cpu: T0 : 0x10c2e    : lw a4, -76(s0)             : MemRead :  D=0x0000000000000093 A=0x7ffffffffffffd94
5344500: system.cpu: T0 : 0x10c32    : lw a5, -48(s0)             : MemRead :  D=0x00000000000041b3 A=0x7ffffffffffffdb0
5345500: system.cpu: T0 : 0x10c36    : mulw a5, a4, a5            : IntMult :  D=0x000000000025b9c9
5346500: system.cpu: T0 : 0x10c3a    : sw a5, -76(s0)             : MemWrite :  D=0x000000000025b9c9 A=0x7ffffffffffffd94
5347000: system.cpu: T0 : 0x10c3e    : c_lui a5, 6                : IntAlu :  D=0x0000000000006000
5347500: system.cpu: T0 : 0x10c40    : addiw a5, a5, 596          : IntAlu :  D=0x0000000000006254
5348000: system.cpu: T0 : 0x10c44    : sw a5, -48(s0)             : MemWrite :  D=0x0000000000006254 A=0x7ffffffffffffdb0
5348500: system.cpu: T0 : 0x10c48    : lw a4, -84(s0)             : MemRead :  D=0xfffffffffffffea2 A=0x7ffffffffffffd8c
5349000: system.cpu: T0 : 0x10c4c    : lw a5, -48(s0)             : MemRead :  D=0x0000000000006254 A=0x7ffffffffffffdb0
5349500: system.cpu: T0 : 0x10c50    : mulw a5, a4, a5            : IntMult :  D=0xffffffffff799128
5350000: system.cpu: T0 : 0x10c54    : sw a5, -84(s0)             : MemWrite :  D=0x00000000ff799128 A=0x7ffffffffffffd8c
5350500: system.cpu: T0 : 0x10c58    : c_lui a5, 3                : IntAlu :  D=0x0000000000003000
5351000: system.cpu: T0 : 0x10c5a    : c_addiw a5, 11             : IntAlu :  D=0x000000000000300b
5351500: system.cpu: T0 : 0x10c5c    : sw a5, -48(s0)             : MemWrite :  D=0x000000000000300b A=0x7ffffffffffffdb0
5352000: system.cpu: T0 : 0x10c60    : lw a4, -92(s0)             : MemRead :  D=0x00000000000000bc A=0x7ffffffffffffd84
5352500: system.cpu: T0 : 0x10c64    : lw a5, -48(s0)             : MemRead :  D=0x000000000000300b A=0x7ffffffffffffdb0
5353000: system.cpu: T0 : 0x10c68    : mulw a5, a4, a5            : IntMult :  D=0x0000000000234814
5353500: system.cpu: T0 : 0x10c6c    : sw a5, -92(s0)             : MemWrite :  D=0x0000000000234814 A=0x7ffffffffffffd84
5354000: system.cpu: T0 : 0x10c70    : c_lui a5, 1048574          : IntAlu :  D=0xffffffffffffe000
5355000: system.cpu: T0 : 0x10c72    : addiw a5, a5, 819          : IntAlu :  D=0xffffffffffffe333
5356000: system.cpu: T0 : 0x10c76    : sw a5, -48(s0)             : MemWrite :  D=0x00000000ffffe333 A=0x7ffffffffffffdb0
5357000: system.cpu: T0 : 0x10c7a    : lw a4, -44(s0)             : MemRead :  D=0x00000000000000bd A=0x7ffffffffffffdb4
5358000: system.cpu: T0 : 0x10c7e    : lw a5, -48(s0)             : MemRead :  D=0xffffffffffffe333 A=0x7ffffffffffffdb0
5359000: system.cpu: T0 : 0x10c82    : mulw a5, a4, a5            : IntMult :  D=0xffffffffffeabca7
5360000: system.cpu: T0 : 0x10c86    : sw a5, -44(s0)             : MemWrite :  D=0x00000000ffeabca7 A=0x7ffffffffffffdb4
5360500: system.cpu: T0 : 0x10c8a    : c_lui a5, 1048571          : IntAlu :  D=0xffffffffffffb000
5361000: system.cpu: T0 : 0x10c8c    : addiw a5, a5, -515         : IntAlu :  D=0xffffffffffffadfd
5361500: system.cpu: T0 : 0x10c90    : sw a5, -48(s0)             : MemWrite :  D=0x00000000ffffadfd A=0x7ffffffffffffdb0
5362000: system.cpu: T0 : 0x10c94    : lw a4, -40(s0)             : MemRead :  D=0xffffffffffffff35 A=0x7ffffffffffffdb8
5362500: system.cpu: T0 : 0x10c98    : lw a5, -48(s0)             : MemRead :  D=0xffffffffffffadfd A=0x7ffffffffffffdb0
5363000: system.cpu: T0 : 0x10c9c    : mulw a5, a4, a5            : IntMult :  D=0x0000000000410861
5363500: system.cpu: T0 : 0x10ca0    : sw a5, -40(s0)             : MemWrite :  D=0x0000000000410861 A=0x7ffffffffffffdb8
5364000: system.cpu: T0 : 0x10ca4    : c_lui a5, 1048572          : IntAlu :  D=0xffffffffffffc000
5365000: system.cpu: T0 : 0x10ca6    : addiw a5, a5, 315          : IntAlu :  D=0xffffffffffffc13b
5366000: system.cpu: T0 : 0x10caa    : sw a5, -48(s0)             : MemWrite :  D=0x00000000ffffc13b A=0x7ffffffffffffdb0
5367000: system.cpu: T0 : 0x10cae    : lw a4, -36(s0)             : MemRead :  D=0xfffffffffffffea3 A=0x7ffffffffffffdbc
5368000: system.cpu: T0 : 0x10cb2    : lw a5, -48(s0)             : MemRead :  D=0xffffffffffffc13b A=0x7ffffffffffffdb0
5369000: system.cpu: T0 : 0x10cb6    : mulw a5, a4, a5            : IntMult :  D=0x0000000000559291
5370000: system.cpu: T0 : 0x10cba    : sw a5, -36(s0)             : MemWrite :  D=0x0000000000559291 A=0x7ffffffffffffdbc
5370500: system.cpu: T0 : 0x10cbe    : c_lui a5, 1048575          : IntAlu :  D=0xfffffffffffff000
5371000: system.cpu: T0 : 0x10cc0    : addiw a5, a5, 900          : IntAlu :  D=0xfffffffffffff384
5371500: system.cpu: T0 : 0x10cc4    : sw a5, -48(s0)             : MemWrite :  D=0x00000000fffff384 A=0x7ffffffffffffdb0
5372000: system.cpu: T0 : 0x10cc8    : lw a4, -32(s0)             : MemRead :  D=0x000000000000014f A=0x7ffffffffffffdc0
5372500: system.cpu: T0 : 0x10ccc    : lw a5, -48(s0)             : MemRead :  D=0xfffffffffffff384 A=0x7ffffffffffffdb0
5373000: system.cpu: T0 : 0x10cd0    : mulw a5, a4, a5            : IntMult :  D=0xffffffffffefa9bc
5373500: system.cpu: T0 : 0x10cd4    : sw a5, -32(s0)             : MemWrite :  D=0x00000000ffefa9bc A=0x7ffffffffffffdc0
5374000: system.cpu: T0 : 0x10cd8    : lw a4, -36(s0)             : MemRead :  D=0x0000000000559291 A=0x7ffffffffffffdbc
5374500: system.cpu: T0 : 0x10cdc    : lw a5, -28(s0)             : MemRead :  D=0xfffffffffffdf132 A=0x7ffffffffffffdc4
5375000: system.cpu: T0 : 0x10ce0    : c_addw a5, a4              : IntAlu :  D=0x00000000005383c3
5376000: system.cpu: T0 : 0x10ce2    : sw a5, -36(s0)             : MemWrite :  D=0x00000000005383c3 A=0x7ffffffffffffdbc
5377000: system.cpu: T0 : 0x10ce6    : lw a4, -32(s0)             : MemRead :  D=0xffffffffffefa9bc A=0x7ffffffffffffdc0
5378000: system.cpu: T0 : 0x10cea    : lw a5, -28(s0)             : MemRead :  D=0xfffffffffffdf132 A=0x7ffffffffffffdc4
5378500: system.cpu: T0 : 0x10cee    : c_addw a5, a4              : IntAlu :  D=0xffffffffffed9aee
5379000: system.cpu: T0 : 0x10cf0    : sw a5, -32(s0)             : MemWrite :  D=0x00000000ffed9aee A=0x7ffffffffffffdc0
5379500: system.cpu: T0 : 0x10cf4    : lw a4, -68(s0)             : MemRead :  D=0x000000000000098e A=0x7ffffffffffffd9c
5380000: system.cpu: T0 : 0x10cf8    : lw a5, -44(s0)             : MemRead :  D=0xffffffffffeabca7 A=0x7ffffffffffffdb4
5380500: system.cpu: T0 : 0x10cfc    : c_addw a5, a4              : IntAlu :  D=0xffffffffffeac635
5381000: system.cpu: T0 : 0x10cfe    : c_addiw a5, 0              : IntAlu :  D=0xffffffffffeac635
5381500: system.cpu: T0 : 0x10d00    : lw a4, -36(s0)             : MemRead :  D=0x00000000005383c3 A=0x7ffffffffffffdbc
5382000: system.cpu: T0 : 0x10d04    : c_addw a5, a4              : IntAlu :  D=0x00000000003e49f8
5382500: system.cpu: T0 : 0x10d06    : c_addiw a5, 0              : IntAlu :  D=0x00000000003e49f8
5383000: system.cpu: T0 : 0x10d08    : sraiw a5, a5, 18           : IntAlu :  D=0x000000000000000f
5383500: system.cpu: T0 : 0x10d0c    : addiw a3, a5, 0            : IntAlu :  D=0x000000000000000f
5384000: system.cpu: T0 : 0x10d10    : lw a4, -124(s0)            : MemRead :  D=0x0000000000000008 A=0x7ffffffffffffd64
5384500: system.cpu: T0 : 0x10d14    : c_mv a5, a4                : IntAlu :  D=0x0000000000000008
5385500: system.cpu: T0 : 0x10d16    : slliw a5, a5, 3            : IntAlu :  D=0x0000000000000040
5386000: system.cpu: T0 : 0x10d1a    : c_subw a5, a4              : IntAlu :  D=0x0000000000000038
5386500: system.cpu: T0 : 0x10d1c    : c_addiw a5, 0              : IntAlu :  D=0x0000000000000038
5387000: system.cpu: T0 : 0x10d1e    : c_slli a5, 1               : IntAlu :  D=0x0000000000000070
5387500: system.cpu: T0 : 0x10d20    : ld a4, -24(s0)             : MemRead :  D=0x000000000006f006 A=0x7ffffffffffffdc8
5388000: system.cpu: T0 : 0x10d24    : c_add a5, a4               : IntAlu :  D=0x000000000006f076
5389000: system.cpu: T0 : 0x10d26    : slliw a4, a3, 16           : IntAlu :  D=0x00000000000f0000
5390000: system.cpu: T0 : 0x10d2a    : sraiw a4, a4, 16           : IntAlu :  D=0x000000000000000f
5391000: system.cpu: T0 : 0x10d2e    : sh a4, 0(a5)               : MemWrite :  D=0x000000000000000f A=0x6f076
5392000: system.cpu: T0 : 0x10d32    : lw a4, -76(s0)             : MemRead :  D=0x000000000025b9c9 A=0x7ffffffffffffd94
5393000: system.cpu: T0 : 0x10d36    : lw a5, -40(s0)             : MemRead :  D=0x0000000000410861 A=0x7ffffffffffffdb8
5393500: system.cpu: T0 : 0x10d3a    : c_addw a5, a4              : IntAlu :  D=0x000000000066c22a
5394000: system.cpu: T0 : 0x10d3c    : c_addiw a5, 0              : IntAlu :  D=0x000000000066c22a
5395000: system.cpu: T0 : 0x10d3e    : lw a4, -32(s0)             : MemRead :  D=0xffffffffffed9aee A=0x7ffffffffffffdc0
5395500: system.cpu: T0 : 0x10d42    : c_addw a5, a4              : IntAlu :  D=0x0000000000545d18
5396000: system.cpu: T0 : 0x10d44    : c_addiw a5, 0              : IntAlu :  D=0x0000000000545d18
5397000: system.cpu: T0 : 0x10d46    : sraiw a5, a5, 18           : IntAlu :  D=0x0000000000000015
5398000: system.cpu: T0 : 0x10d4a    : addiw a3, a5, 0            : IntAlu :  D=0x0000000000000015
5399000: system.cpu: T0 : 0x10d4e    : lw a4, -124(s0)            : MemRead :  D=0x0000000000000008 A=0x7ffffffffffffd64
5399500: system.cpu: T0 : 0x10d52    : c_mv a5, a4                : IntAlu :  D=0x0000000000000008
5400000: system.cpu: T0 : 0x10d54    : slliw a5, a5, 2            : IntAlu :  D=0x0000000000000020
5400500: system.cpu: T0 : 0x10d58    : c_addw a5, a4              : IntAlu :  D=0x0000000000000028
5401000: system.cpu: T0 : 0x10d5a    : c_addiw a5, 0              : IntAlu :  D=0x0000000000000028
5401500: system.cpu: T0 : 0x10d5c    : c_slli a5, 1               : IntAlu :  D=0x0000000000000050
5402500: system.cpu: T0 : 0x10d5e    : ld a4, -24(s0)             : MemRead :  D=0x000000000006f006 A=0x7ffffffffffffdc8
5403000: system.cpu: T0 : 0x10d62    : c_add a5, a4               : IntAlu :  D=0x000000000006f056
5403500: system.cpu: T0 : 0x10d64    : slliw a4, a3, 16           : IntAlu :  D=0x0000000000150000
5404000: system.cpu: T0 : 0x10d68    : sraiw a4, a4, 16           : IntAlu :  D=0x0000000000000015
5404500: system.cpu: T0 : 0x10d6c    : sh a4, 0(a5)               : MemWrite :  D=0x0000000000000015 A=0x6f056
5405000: system.cpu: T0 : 0x10d70    : lw a4, -84(s0)             : MemRead :  D=0xffffffffff799128 A=0x7ffffffffffffd8c
5405500: system.cpu: T0 : 0x10d74    : lw a5, -40(s0)             : MemRead :  D=0x0000000000410861 A=0x7ffffffffffffdb8
5406000: system.cpu: T0 : 0x10d78    : c_addw a5, a4              : IntAlu :  D=0xffffffffffba9989
5406500: system.cpu: T0 : 0x10d7a    : c_addiw a5, 0              : IntAlu :  D=0xffffffffffba9989
5407000: system.cpu: T0 : 0x10d7c    : lw a4, -36(s0)             : MemRead :  D=0x00000000005383c3 A=0x7ffffffffffffdbc
5407500: system.cpu: T0 : 0x10d80    : c_addw a5, a4              : IntAlu :  D=0x00000000000e1d4c
5408000: system.cpu: T0 : 0x10d82    : c_addiw a5, 0              : IntAlu :  D=0x00000000000e1d4c
5408500: system.cpu: T0 : 0x10d84    : sraiw a5, a5, 18           : IntAlu :  D=0x0000000000000003
5409000: system.cpu: T0 : 0x10d88    : addiw a3, a5, 0            : IntAlu :  D=0x0000000000000003
5409500: system.cpu: T0 : 0x10d8c    : lw a4, -124(s0)            : MemRead :  D=0x0000000000000008 A=0x7ffffffffffffd64
5410000: system.cpu: T0 : 0x10d90    : c_mv a5, a4                : IntAlu :  D=0x0000000000000008
5411000: system.cpu: T0 : 0x10d92    : slliw a5, a5, 1            : IntAlu :  D=0x0000000000000010
5411500: system.cpu: T0 : 0x10d96    : c_addw a5, a4              : IntAlu :  D=0x0000000000000018
5412000: system.cpu: T0 : 0x10d98    : c_addiw a5, 0              : IntAlu :  D=0x0000000000000018
5412500: system.cpu: T0 : 0x10d9a    : c_slli a5, 1               : IntAlu :  D=0x0000000000000030
5413000: system.cpu: T0 : 0x10d9c    : ld a4, -24(s0)             : MemRead :  D=0x000000000006f006 A=0x7ffffffffffffdc8
5413500: system.cpu: T0 : 0x10da0    : c_add a5, a4               : IntAlu :  D=0x000000000006f036
5414500: system.cpu: T0 : 0x10da2    : slliw a4, a3, 16           : IntAlu :  D=0x0000000000030000
5415500: system.cpu: T0 : 0x10da6    : sraiw a4, a4, 16           : IntAlu :  D=0x0000000000000003
5416500: system.cpu: T0 : 0x10daa    : sh a4, 0(a5)               : MemWrite :  D=0x0000000000000003 A=0x6f036
5417500: system.cpu: T0 : 0x10dae    : lw a4, -92(s0)             : MemRead :  D=0x0000000000234814 A=0x7ffffffffffffd84
5418500: system.cpu: T0 : 0x10db2    : lw a5, -44(s0)             : MemRead :  D=0xffffffffffeabca7 A=0x7ffffffffffffdb4
5419000: system.cpu: T0 : 0x10db6    : c_addw a5, a4              : IntAlu :  D=0x00000000000e04bb
5419500: system.cpu: T0 : 0x10db8    : c_addiw a5, 0              : IntAlu :  D=0x00000000000e04bb
5420500: system.cpu: T0 : 0x10dba    : lw a4, -32(s0)             : MemRead :  D=0xffffffffffed9aee A=0x7ffffffffffffdc0
5421000: system.cpu: T0 : 0x10dbe    : c_addw a5, a4              : IntAlu :  D=0xfffffffffffb9fa9
5421500: system.cpu: T0 : 0x10dc0    : c_addiw a5, 0              : IntAlu :  D=0xfffffffffffb9fa9
5422500: system.cpu: T0 : 0x10dc2    : sraiw a5, a5, 18           : IntAlu :  D=0xfffffffffffffffe
5423500: system.cpu: T0 : 0x10dc6    : addiw a3, a5, 0            : IntAlu :  D=0xfffffffffffffffe
5424500: system.cpu: T0 : 0x10dca    : lw a5, -124(s0)            : MemRead :  D=0x0000000000000008 A=0x7ffffffffffffd64
5425000: system.cpu: T0 : 0x10dce    : c_slli a5, 1               : IntAlu :  D=0x0000000000000010
5425500: system.cpu: T0 : 0x10dd0    : ld a4, -24(s0)             : MemRead :  D=0x000000000006f006 A=0x7ffffffffffffdc8
5426000: system.cpu: T0 : 0x10dd4    : c_add a5, a4               : IntAlu :  D=0x000000000006f016
5427000: system.cpu: T0 : 0x10dd6    : slliw a4, a3, 16           : IntAlu :  D=0xfffffffffffe0000
5428000: system.cpu: T0 : 0x10dda    : sraiw a4, a4, 16           : IntAlu :  D=0xfffffffffffffffe
5429000: system.cpu: T0 : 0x10dde    : sh a4, 0(a5)               : MemWrite :  D=0x000000000000fffe A=0x6f016
5430000: system.cpu: T0 : 0x10de2    : ld a5, -24(s0)             : MemRead :  D=0x000000000006f006 A=0x7ffffffffffffdc8
5430500: system.cpu: T0 : 0x10de6    : c_addi a5, 2               : IntAlu :  D=0x000000000006f008
5431000: system.cpu: T0 : 0x10de8    : sd a5, -24(s0)             : MemWrite :  D=0x000000000006f008 A=0x7ffffffffffffdc8
5431500: system.cpu: T0 : 0x10dec    : lw a5, -100(s0)            : MemRead :  D=0x0000000000000003 A=0x7ffffffffffffd7c
5432000: system.cpu: T0 : 0x10df0    : c_addiw a5, 1              : IntAlu :  D=0x0000000000000004
5433000: system.cpu: T0 : 0x10df2    : sw a5, -100(s0)            : MemWrite :  D=0x0000000000000004 A=0x7ffffffffffffd7c
5434000: system.cpu: T0 : 0x10df6    : lw a5, -100(s0)            : MemRead :  D=0x0000000000000004 A=0x7ffffffffffffd7c
5435000: system.cpu: T0 : 0x10dfa    : addiw a4, a5, 0            : IntAlu :  D=0x0000000000000004
5435500: system.cpu: T0 : 0x10dfe    : c_li a5, 7                 : IntAlu :  D=0x0000000000000007
5436000: system.cpu: T0 : 0x10e00    : bge a5, a4, -1376          : IntAlu : 
5436500: system.cpu: T0 : 0x108a0    : ld a5, -24(s0)             : MemRead :  D=0x000000000006f008 A=0x7ffffffffffffdc8
5437000: system.cpu: T0 : 0x108a4    : lh a5, 0(a5)               : MemRead :  D=0xfffffffffffffffc A=0x6f008
5437500: system.cpu: T0 : 0x108a8    : addiw a3, a5, 0            : IntAlu :  D=0xfffffffffffffffc
5438000: system.cpu: T0 : 0x108ac    : lw a4, -124(s0)            : MemRead :  D=0x0000000000000008 A=0x7ffffffffffffd64
5438500: system.cpu: T0 : 0x108b0    : c_mv a5, a4                : IntAlu :  D=0x0000000000000008
5439500: system.cpu: T0 : 0x108b2    : slliw a5, a5, 3            : IntAlu :  D=0x0000000000000040
5440000: system.cpu: T0 : 0x108b6    : c_subw a5, a4              : IntAlu :  D=0x0000000000000038
5440500: system.cpu: T0 : 0x108b8    : c_addiw a5, 0              : IntAlu :  D=0x0000000000000038
5441000: system.cpu: T0 : 0x108ba    : c_slli a5, 1               : IntAlu :  D=0x0000000000000070
5441500: system.cpu: T0 : 0x108bc    : ld a4, -24(s0)             : MemRead :  D=0x000000000006f008 A=0x7ffffffffffffdc8
5442000: system.cpu: T0 : 0x108c0    : c_add a5, a4               : IntAlu :  D=0x000000000006f078
5443000: system.cpu: T0 : 0x108c2    : lh a5, 0(a5)               : MemRead :  D=0x0000000000000014 A=0x6f078
5443500: system.cpu: T0 : 0x108c6    : c_addiw a5, 0              : IntAlu :  D=0x0000000000000014
5444000: system.cpu: T0 : 0x108c8    : c_addw a5, a3              : IntAlu :  D=0x0000000000000010
5445000: system.cpu: T0 : 0x108ca    : sw a5, -96(s0)             : MemWrite :  D=0x0000000000000010 A=0x7ffffffffffffd80
5446000: system.cpu: T0 : 0x108ce    : ld a5, -24(s0)             : MemRead :  D=0x000000000006f008 A=0x7ffffffffffffdc8
5447000: system.cpu: T0 : 0x108d2    : lh a5, 0(a5)               : MemRead :  D=0xfffffffffffffffc A=0x6f008
5448000: system.cpu: T0 : 0x108d6    : addiw a3, a5, 0            : IntAlu :  D=0xfffffffffffffffc
5449000: system.cpu: T0 : 0x108da    : lw a4, -124(s0)            : MemRead :  D=0x0000000000000008 A=0x7ffffffffffffd64
5449500: system.cpu: T0 : 0x108de    : c_mv a5, a4                : IntAlu :  D=0x0000000000000008
5450000: system.cpu: T0 : 0x108e0    : slliw a5, a5, 3            : IntAlu :  D=0x0000000000000040
5450500: system.cpu: T0 : 0x108e4    : c_subw a5, a4              : IntAlu :  D=0x0000000000000038
5451000: system.cpu: T0 : 0x108e6    : c_addiw a5, 0              : IntAlu :  D=0x0000000000000038
5451500: system.cpu: T0 : 0x108e8    : c_slli a5, 1               : IntAlu :  D=0x0000000000000070
5452500: system.cpu: T0 : 0x108ea    : ld a4, -24(s0)             : MemRead :  D=0x000000000006f008 A=0x7ffffffffffffdc8
5453000: system.cpu: T0 : 0x108ee    : c_add a5, a4               : IntAlu :  D=0x000000000006f078
5453500: system.cpu: T0 : 0x108f0    : lh a5, 0(a5)               : MemRead :  D=0x0000000000000014 A=0x6f078
5454000: system.cpu: T0 : 0x108f4    : c_addiw a5, 0              : IntAlu :  D=0x0000000000000014
5455000: system.cpu: T0 : 0x108f6    : subw a5, a3, a5            : IntAlu :  D=0xffffffffffffffe8
5456000: system.cpu: T0 : 0x108fa    : sw a5, -92(s0)             : MemWrite :  D=0x00000000ffffffe8 A=0x7ffffffffffffd84
5457000: system.cpu: T0 : 0x108fe    : lw a5, -124(s0)            : MemRead :  D=0x0000000000000008 A=0x7ffffffffffffd64
5457500: system.cpu: T0 : 0x10902    : c_slli a5, 1               : IntAlu :  D=0x0000000000000010
5458000: system.cpu: T0 : 0x10904    : ld a4, -24(s0)             : MemRead :  D=0x000000000006f008 A=0x7ffffffffffffdc8
5458500: system.cpu: T0 : 0x10908    : c_add a5, a4               : IntAlu :  D=0x000000000006f018
5459500: system.cpu: T0 : 0x1090a    : lh a5, 0(a5)               : MemRead :  D=0x00000000000000ec A=0x6f018
5460500: system.cpu: T0 : 0x1090e    : addiw a3, a5, 0            : IntAlu :  D=0x00000000000000ec
5461500: system.cpu: T0 : 0x10912    : lw a4, -124(s0)            : MemRead :  D=0x0000000000000008 A=0x7ffffffffffffd64
5462000: system.cpu: T0 : 0x10916    : c_mv a5, a4                : IntAlu :  D=0x0000000000000008
5462500: system.cpu: T0 : 0x10918    : slliw a5, a5, 1            : IntAlu :  D=0x0000000000000010
5463000: system.cpu: T0 : 0x1091c    : c_addw a5, a4              : IntAlu :  D=0x0000000000000018
5464000: system.cpu: T0 : 0x1091e    : slliw a5, a5, 1            : IntAlu :  D=0x0000000000000030
5464500: system.cpu: T0 : 0x10922    : c_addiw a5, 0              : IntAlu :  D=0x0000000000000030
5465000: system.cpu: T0 : 0x10924    : c_slli a5, 1               : IntAlu :  D=0x0000000000000060
5466000: system.cpu: T0 : 0x10926    : ld a4, -24(s0)             : MemRead :  D=0x000000000006f008 A=0x7ffffffffffffdc8
5466500: system.cpu: T0 : 0x1092a    : c_add a5, a4               : IntAlu :  D=0x000000000006f068
5467000: system.cpu: T0 : 0x1092c    : lh a5, 0(a5)               : MemRead :  D=0x000000000000001c A=0x6f068
5467500: system.cpu: T0 : 0x10930    : c_addiw a5, 0              : IntAlu :  D=0x000000000000001c
5468000: system.cpu: T0 : 0x10932    : c_addw a5, a3              : IntAlu :  D=0x0000000000000108
5468500: system.cpu: T0 : 0x10934    : sw a5, -88(s0)             : MemWrite :  D=0x0000000000000108 A=0x7ffffffffffffd88
5469000: system.cpu: T0 : 0x10938    : lw a5, -124(s0)            : MemRead :  D=0x0000000000000008 A=0x7ffffffffffffd64
5469500: system.cpu: T0 : 0x1093c    : c_slli a5, 1               : IntAlu :  D=0x0000000000000010
5470500: system.cpu: T0 : 0x1093e    : ld a4, -24(s0)             : MemRead :  D=0x000000000006f008 A=0x7ffffffffffffdc8
5471000: system.cpu: T0 : 0x10942    : c_add a5, a4               : IntAlu :  D=0x000000000006f018
5471500: system.cpu: T0 : 0x10944    : lh a5, 0(a5)               : MemRead :  D=0x00000000000000ec A=0x6f018
5472000: system.cpu: T0 : 0x10948    : addiw a3, a5, 0            : IntAlu :  D=0x00000000000000ec
5472500: system.cpu: T0 : 0x1094c    : lw a4, -124(s0)            : MemRead :  D=0x0000000000000008 A=0x7ffffffffffffd64
5473000: system.cpu: T0 : 0x10950    : c_mv a5, a4                : IntAlu :  D=0x0000000000000008
5474000: system.cpu: T0 : 0x10952    : slliw a5, a5, 1            : IntAlu :  D=0x0000000000000010
5474500: system.cpu: T0 : 0x10956    : c_addw a5, a4              : IntAlu :  D=0x0000000000000018
5475000: system.cpu: T0 : 0x10958    : slliw a5, a5, 1            : IntAlu :  D=0x0000000000000030
5475500: system.cpu: T0 : 0x1095c    : c_addiw a5, 0              : IntAlu :  D=0x0000000000000030
5476000: system.cpu: T0 : 0x1095e    : c_slli a5, 1               : IntAlu :  D=0x0000000000000060
5476500: system.cpu: T0 : 0x10960    : ld a4, -24(s0)             : MemRead :  D=0x000000000006f008 A=0x7ffffffffffffdc8
5477000: system.cpu: T0 : 0x10964    : c_add a5, a4               : IntAlu :  D=0x000000000006f068
5478000: system.cpu: T0 : 0x10966    : lh a5, 0(a5)               : MemRead :  D=0x000000000000001c A=0x6f068
5478500: system.cpu: T0 : 0x1096a    : c_addiw a5, 0              : IntAlu :  D=0x000000000000001c
5479000: system.cpu: T0 : 0x1096c    : subw a5, a3, a5            : IntAlu :  D=0x00000000000000d0
5479500: system.cpu: T0 : 0x10970    : sw a5, -84(s0)             : MemWrite :  D=0x00000000000000d0 A=0x7ffffffffffffd8c
5480000: system.cpu: T0 : 0x10974    : lw a5, -124(s0)            : MemRead :  D=0x0000000000000008 A=0x7ffffffffffffd64
5480500: system.cpu: T0 : 0x10978    : slliw a5, a5, 1            : IntAlu :  D=0x0000000000000010
5481000: system.cpu: T0 : 0x1097c    : c_addiw a5, 0              : IntAlu :  D=0x0000000000000010
5481500: system.cpu: T0 : 0x1097e    : c_slli a5, 1               : IntAlu :  D=0x0000000000000020
5482000: system.cpu: T0 : 0x10980    : ld a4, -24(s0)             : MemRead :  D=0x000000000006f008 A=0x7ffffffffffffdc8
5482500: system.cpu: T0 : 0x10984    : c_add a5, a4               : IntAlu :  D=0x000000000006f028
5483500: system.cpu: T0 : 0x10986    : lh a5, 0(a5)               : MemRead :  D=0x00000000000000e0 A=0x6f028
5484500: system.cpu: T0 : 0x1098a    : addiw a3, a5, 0            : IntAlu :  D=0x00000000000000e0
5485500: system.cpu: T0 : 0x1098e    : lw a4, -124(s0)            : MemRead :  D=0x0000000000000008 A=0x7ffffffffffffd64
5486000: system.cpu: T0 : 0x10992    : c_mv a5, a4                : IntAlu :  D=0x0000000000000008
5486500: system.cpu: T0 : 0x10994    : slliw a5, a5, 2            : IntAlu :  D=0x0000000000000020
5487000: system.cpu: T0 : 0x10998    : c_addw a5, a4              : IntAlu :  D=0x0000000000000028
5487500: system.cpu: T0 : 0x1099a    : c_addiw a5, 0              : IntAlu :  D=0x0000000000000028
5488000: system.cpu: T0 : 0x1099c    : c_slli a5, 1               : IntAlu :  D=0x0000000000000050
5489000: system.cpu: T0 : 0x1099e    : ld a4, -24(s0)             : MemRead :  D=0x000000000006f008 A=0x7ffffffffffffdc8
5489500: system.cpu: T0 : 0x109a2    : c_add a5, a4               : IntAlu :  D=0x000000000006f058
5490000: system.cpu: T0 : 0x109a4    : lh a5, 0(a5)               : MemRead :  D=0x000000000000000c A=0x6f058
5490500: system.cpu: T0 : 0x109a8    : c_addiw a5, 0              : IntAlu :  D=0x000000000000000c
5491000: system.cpu: T0 : 0x109aa    : c_addw a5, a3              : IntAlu :  D=0x00000000000000ec
5491500: system.cpu: T0 : 0x109ac    : sw a5, -80(s0)             : MemWrite :  D=0x00000000000000ec A=0x7ffffffffffffd90
5492000: system.cpu: T0 : 0x109b0    : lw a5, -124(s0)            : MemRead :  D=0x0000000000000008 A=0x7ffffffffffffd64
5492500: system.cpu: T0 : 0x109b4    : slliw a5, a5, 1            : IntAlu :  D=0x0000000000000010
5493000: system.cpu: T0 : 0x109b8    : c_addiw a5, 0              : IntAlu :  D=0x0000000000000010
5493500: system.cpu: T0 : 0x109ba    : c_slli a5, 1               : IntAlu :  D=0x0000000000000020
5494000: system.cpu: T0 : 0x109bc    : ld a4, -24(s0)             : MemRead :  D=0x000000000006f008 A=0x7ffffffffffffdc8
5494500: system.cpu: T0 : 0x109c0    : c_add a5, a4               : IntAlu :  D=0x000000000006f028
5495500: system.cpu: T0 : 0x109c2    : lh a5, 0(a5)               : MemRead :  D=0x00000000000000e0 A=0x6f028
5496500: system.cpu: T0 : 0x109c6    : addiw a3, a5, 0            : IntAlu :  D=0x00000000000000e0
5497500: system.cpu: T0 : 0x109ca    : lw a4, -124(s0)            : MemRead :  D=0x0000000000000008 A=0x7ffffffffffffd64
5498000: system.cpu: T0 : 0x109ce    : c_mv a5, a4                : IntAlu :  D=0x0000000000000008
5498500: system.cpu: T0 : 0x109d0    : slliw a5, a5, 2            : IntAlu :  D=0x0000000000000020
5499000: system.cpu: T0 : 0x109d4    : c_addw a5, a4              : IntAlu :  D=0x0000000000000028
5499500: system.cpu: T0 : 0x109d6    : c_addiw a5, 0              : IntAlu :  D=0x0000000000000028
5500000: system.cpu: T0 : 0x109d8    : c_slli a5, 1               : IntAlu :  D=0x0000000000000050
5501000: system.cpu: T0 : 0x109da    : ld a4, -24(s0)             : MemRead :  D=0x000000000006f008 A=0x7ffffffffffffdc8
5501500: system.cpu: T0 : 0x109de    : c_add a5, a4               : IntAlu :  D=0x000000000006f058
5502000: system.cpu: T0 : 0x109e0    : lh a5, 0(a5)               : MemRead :  D=0x000000000000000c A=0x6f058
5502500: system.cpu: T0 : 0x109e4    : c_addiw a5, 0              : IntAlu :  D=0x000000000000000c
5503500: system.cpu: T0 : 0x109e6    : subw a5, a3, a5            : IntAlu :  D=0x00000000000000d4
5504500: system.cpu: T0 : 0x109ea    : sw a5, -76(s0)             : MemWrite :  D=0x00000000000000d4 A=0x7ffffffffffffd94
5505500: system.cpu: T0 : 0x109ee    : lw a4, -124(s0)            : MemRead :  D=0x0000000000000008 A=0x7ffffffffffffd64
5506000: system.cpu: T0 : 0x109f2    : c_mv a5, a4                : IntAlu :  D=0x0000000000000008
5506500: system.cpu: T0 : 0x109f4    : slliw a5, a5, 1            : IntAlu :  D=0x0000000000000010
5507000: system.cpu: T0 : 0x109f8    : c_addw a5, a4              : IntAlu :  D=0x0000000000000018
5507500: system.cpu: T0 : 0x109fa    : c_addiw a5, 0              : IntAlu :  D=0x0000000000000018
5508000: system.cpu: T0 : 0x109fc    : c_slli a5, 1               : IntAlu :  D=0x0000000000000030
5509000: system.cpu: T0 : 0x109fe    : ld a4, -24(s0)             : MemRead :  D=0x000000000006f008 A=0x7ffffffffffffdc8
5509500: system.cpu: T0 : 0x10a02    : c_add a5, a4               : IntAlu :  D=0x000000000006f038
5510000: system.cpu: T0 : 0x10a04    : lh a5, 0(a5)               : MemRead :  D=0x00000000000000e4 A=0x6f038
5510500: system.cpu: T0 : 0x10a08    : addiw a4, a5, 0            : IntAlu :  D=0x00000000000000e4
5511000: system.cpu: T0 : 0x10a0c    : lw a5, -124(s0)            : MemRead :  D=0x0000000000000008 A=0x7ffffffffffffd64
5511500: system.cpu: T0 : 0x10a10    : slliw a5, a5, 2            : IntAlu :  D=0x0000000000000020
5512000: system.cpu: T0 : 0x10a14    : c_addiw a5, 0              : IntAlu :  D=0x0000000000000020
5512500: system.cpu: T0 : 0x10a16    : c_slli a5, 1               : IntAlu :  D=0x0000000000000040
5513000: system.cpu: T0 : 0x10a18    : ld a3, -24(s0)             : MemRead :  D=0x000000000006f008 A=0x7ffffffffffffdc8
5513500: system.cpu: T0 : 0x10a1c    : c_add a5, a3               : IntAlu :  D=0x000000000006f048
5514500: system.cpu: T0 : 0x10a1e    : lh a5, 0(a5)               : MemRead :  D=0x000000000000010c A=0x6f048
5515000: system.cpu: T0 : 0x10a22    : c_addiw a5, 0              : IntAlu :  D=0x000000000000010c
5515500: system.cpu: T0 : 0x10a24    : c_addw a5, a4              : IntAlu :  D=0x00000000000001f0
5516500: system.cpu: T0 : 0x10a26    : sw a5, -72(s0)             : MemWrite :  D=0x00000000000001f0 A=0x7ffffffffffffd98
5517500: system.cpu: T0 : 0x10a2a    : lw a4, -124(s0)            : MemRead :  D=0x0000000000000008 A=0x7ffffffffffffd64
5518000: system.cpu: T0 : 0x10a2e    : c_mv a5, a4                : IntAlu :  D=0x0000000000000008
5518500: system.cpu: T0 : 0x10a30    : slliw a5, a5, 1            : IntAlu :  D=0x0000000000000010
5519000: system.cpu: T0 : 0x10a34    : c_addw a5, a4              : IntAlu :  D=0x0000000000000018
5519500: system.cpu: T0 : 0x10a36    : c_addiw a5, 0              : IntAlu :  D=0x0000000000000018
5520000: system.cpu: T0 : 0x10a38    : c_slli a5, 1               : IntAlu :  D=0x0000000000000030
5521000: system.cpu: T0 : 0x10a3a    : ld a4, -24(s0)             : MemRead :  D=0x000000000006f008 A=0x7ffffffffffffdc8
5521500: system.cpu: T0 : 0x10a3e    : c_add a5, a4               : IntAlu :  D=0x000000000006f038
5522000: system.cpu: T0 : 0x10a40    : lh a5, 0(a5)               : MemRead :  D=0x00000000000000e4 A=0x6f038
5522500: system.cpu: T0 : 0x10a44    : addiw a4, a5, 0            : IntAlu :  D=0x00000000000000e4
5523000: system.cpu: T0 : 0x10a48    : lw a5, -124(s0)            : MemRead :  D=0x0000000000000008 A=0x7ffffffffffffd64
5523500: system.cpu: T0 : 0x10a4c    : slliw a5, a5, 2            : IntAlu :  D=0x0000000000000020
5524000: system.cpu: T0 : 0x10a50    : c_addiw a5, 0              : IntAlu :  D=0x0000000000000020
5524500: system.cpu: T0 : 0x10a52    : c_slli a5, 1               : IntAlu :  D=0x0000000000000040
5525000: system.cpu: T0 : 0x10a54    : ld a3, -24(s0)             : MemRead :  D=0x000000000006f008 A=0x7ffffffffffffdc8
5525500: system.cpu: T0 : 0x10a58    : c_add a5, a3               : IntAlu :  D=0x000000000006f048
5526500: system.cpu: T0 : 0x10a5a    : lh a5, 0(a5)               : MemRead :  D=0x000000000000010c A=0x6f048
5527000: system.cpu: T0 : 0x10a5e    : c_addiw a5, 0              : IntAlu :  D=0x000000000000010c
5527500: system.cpu: T0 : 0x10a60    : subw a5, a4, a5            : IntAlu :  D=0xffffffffffffffd8
5528000: system.cpu: T0 : 0x10a64    : sw a5, -68(s0)             : MemWrite :  D=0x00000000ffffffd8 A=0x7ffffffffffffd9c
5528500: system.cpu: T0 : 0x10a68    : lw a4, -96(s0)             : MemRead :  D=0x0000000000000010 A=0x7ffffffffffffd80
5529000: system.cpu: T0 : 0x10a6c    : lw a5, -72(s0)             : MemRead :  D=0x00000000000001f0 A=0x7ffffffffffffd98
5529500: system.cpu: T0 : 0x10a70    : c_addw a5, a4              : IntAlu :  D=0x0000000000000200
5530500: system.cpu: T0 : 0x10a72    : sw a5, -64(s0)             : MemWrite :  D=0x0000000000000200 A=0x7ffffffffffffda0
5531500: system.cpu: T0 : 0x10a76    : lw a4, -96(s0)             : MemRead :  D=0x0000000000000010 A=0x7ffffffffffffd80
5532500: system.cpu: T0 : 0x10a7a    : lw a5, -72(s0)             : MemRead :  D=0x00000000000001f0 A=0x7ffffffffffffd98
5533500: system.cpu: T0 : 0x10a7e    : subw a5, a4, a5            : IntAlu :  D=0xfffffffffffffe20
5534500: system.cpu: T0 : 0x10a82    : sw a5, -60(s0)             : MemWrite :  D=0x00000000fffffe20 A=0x7ffffffffffffda4
5535500: system.cpu: T0 : 0x10a86    : lw a4, -88(s0)             : MemRead :  D=0x0000000000000108 A=0x7ffffffffffffd88
5536500: system.cpu: T0 : 0x10a8a    : lw a5, -80(s0)             : MemRead :  D=0x00000000000000ec A=0x7ffffffffffffd90
5537000: system.cpu: T0 : 0x10a8e    : c_addw a5, a4              : IntAlu :  D=0x00000000000001f4
5537500: system.cpu: T0 : 0x10a90    : sw a5, -56(s0)             : MemWrite :  D=0x00000000000001f4 A=0x7ffffffffffffda8
5538000: system.cpu: T0 : 0x10a94    : lw a4, -88(s0)             : MemRead :  D=0x0000000000000108 A=0x7ffffffffffffd88
5538500: system.cpu: T0 : 0x10a98    : lw a5, -80(s0)             : MemRead :  D=0x00000000000000ec A=0x7ffffffffffffd90
5539000: system.cpu: T0 : 0x10a9c    : subw a5, a4, a5            : IntAlu :  D=0x000000000000001c
5539500: system.cpu: T0 : 0x10aa0    : sw a5, -52(s0)             : MemWrite :  D=0x000000000000001c A=0x7ffffffffffffdac
5540000: system.cpu: T0 : 0x10aa4    : lw a4, -64(s0)             : MemRead :  D=0x0000000000000200 A=0x7ffffffffffffda0
5540500: system.cpu: T0 : 0x10aa8    : lw a5, -56(s0)             : MemRead :  D=0x00000000000001f4 A=0x7ffffffffffffda8
5541000: system.cpu: T0 : 0x10aac    : c_addw a5, a4              : IntAlu :  D=0x00000000000003f4
5541500: system.cpu: T0 : 0x10aae    : c_addiw a5, 0              : IntAlu :  D=0x00000000000003f4
5542000: system.cpu: T0 : 0x10ab0    : sraiw a5, a5, 5            : IntAlu :  D=0x000000000000001f
5542500: system.cpu: T0 : 0x10ab4    : c_addiw a5, 0              : IntAlu :  D=0x000000000000001f
5543500: system.cpu: T0 : 0x10ab6    : slliw a4, a5, 16           : IntAlu :  D=0x00000000001f0000
5544500: system.cpu: T0 : 0x10aba    : sraiw a4, a4, 16           : IntAlu :  D=0x000000000000001f
5545500: system.cpu: T0 : 0x10abe    : ld a5, -24(s0)             : MemRead :  D=0x000000000006f008 A=0x7ffffffffffffdc8
5546500: system.cpu: T0 : 0x10ac2    : sh a4, 0(a5)               : MemWrite :  D=0x000000000000001f A=0x6f008
5547500: system.cpu: T0 : 0x10ac6    : lw a4, -64(s0)             : MemRead :  D=0x0000000000000200 A=0x7ffffffffffffda0
5548500: system.cpu: T0 : 0x10aca    : lw a5, -56(s0)             : MemRead :  D=0x00000000000001f4 A=0x7ffffffffffffda8
5549500: system.cpu: T0 : 0x10ace    : subw a5, a4, a5            : IntAlu :  D=0x000000000000000c
5550000: system.cpu: T0 : 0x10ad2    : c_addiw a5, 0              : IntAlu :  D=0x000000000000000c
5550500: system.cpu: T0 : 0x10ad4    : sraiw a5, a5, 5            : IntAlu :  D=0x0000000000000000
5551000: system.cpu: T0 : 0x10ad8    : addiw a3, a5, 0            : IntAlu :  D=0x0000000000000000
5551500: system.cpu: T0 : 0x10adc    : lw a5, -124(s0)            : MemRead :  D=0x0000000000000008 A=0x7ffffffffffffd64
5552000: system.cpu: T0 : 0x10ae0    : slliw a5, a5, 2            : IntAlu :  D=0x0000000000000020
5552500: system.cpu: T0 : 0x10ae4    : c_addiw a5, 0              : IntAlu :  D=0x0000000000000020
5553000: system.cpu: T0 : 0x10ae6    : c_slli a5, 1               : IntAlu :  D=0x0000000000000040
5553500: system.cpu: T0 : 0x10ae8    : ld a4, -24(s0)             : MemRead :  D=0x000000000006f008 A=0x7ffffffffffffdc8
5554000: system.cpu: T0 : 0x10aec    : c_add a5, a4               : IntAlu :  D=0x000000000006f048
5555000: system.cpu: T0 : 0x10aee    : slliw a4, a3, 16           : IntAlu :  D=0x0000000000000000
5556000: system.cpu: T0 : 0x10af2    : sraiw a4, a4, 16           : IntAlu :  D=0x0000000000000000
5557000: system.cpu: T0 : 0x10af6    : sh a4, 0(a5)               : MemWrite :  D=0x0000000000000000 A=0x6f048
5557500: system.cpu: T0 : 0x10afa    : c_lui a5, 1                : IntAlu :  D=0x0000000000001000
5558000: system.cpu: T0 : 0x10afc    : addiw a5, a5, 337          : IntAlu :  D=0x0000000000001151
5558500: system.cpu: T0 : 0x10b00    : sw a5, -48(s0)             : MemWrite :  D=0x0000000000001151 A=0x7ffffffffffffdb0
5559000: system.cpu: T0 : 0x10b04    : lw a4, -52(s0)             : MemRead :  D=0x000000000000001c A=0x7ffffffffffffdac
5559500: system.cpu: T0 : 0x10b08    : lw a5, -60(s0)             : MemRead :  D=0xfffffffffffffe20 A=0x7ffffffffffffda4
5560000: system.cpu: T0 : 0x10b0c    : c_addw a5, a4              : IntAlu :  D=0xfffffffffffffe3c
5560500: system.cpu: T0 : 0x10b0e    : c_addiw a5, 0              : IntAlu :  D=0xfffffffffffffe3c
5561000: system.cpu: T0 : 0x10b10    : lw a4, -48(s0)             : MemRead :  D=0x0000000000001151 A=0x7ffffffffffffdb0
5561500: system.cpu: T0 : 0x10b14    : mulw a5, a4, a5            : IntMult :  D=0xffffffffffe16cfc
5562000: system.cpu: T0 : 0x10b18    : sw a5, -44(s0)             : MemWrite :  D=0x00000000ffe16cfc A=0x7ffffffffffffdb4
5562500: system.cpu: T0 : 0x10b1c    : c_lui a5, 2                : IntAlu :  D=0x0000000000002000
5563500: system.cpu: T0 : 0x10b1e    : addiw a5, a5, -1922        : IntAlu :  D=0x000000000000187e
5564500: system.cpu: T0 : 0x10b22    : sw a5, -48(s0)             : MemWrite :  D=0x000000000000187e A=0x7ffffffffffffdb0
5565500: system.cpu: T0 : 0x10b26    : lw a4, -60(s0)             : MemRead :  D=0xfffffffffffffe20 A=0x7ffffffffffffda4
5566500: system.cpu: T0 : 0x10b2a    : lw a5, -48(s0)             : MemRead :  D=0x000000000000187e A=0x7ffffffffffffdb0
5567500: system.cpu: T0 : 0x10b2e    : mulw a5, a4, a5            : IntMult :  D=0xffffffffffd213c0
5568000: system.cpu: T0 : 0x10b32    : c_addiw a5, 0              : IntAlu :  D=0xffffffffffd213c0
5568500: system.cpu: T0 : 0x10b34    : lw a4, -44(s0)             : MemRead :  D=0xffffffffffe16cfc A=0x7ffffffffffffdb4
5569000: system.cpu: T0 : 0x10b38    : c_addw a5, a4              : IntAlu :  D=0xffffffffffb380bc
5569500: system.cpu: T0 : 0x10b3a    : c_addiw a5, 0              : IntAlu :  D=0xffffffffffb380bc
5570000: system.cpu: T0 : 0x10b3c    : sraiw a5, a5, 18           : IntAlu :  D=0xffffffffffffffec
5570500: system.cpu: T0 : 0x10b40    : addiw a3, a5, 0            : IntAlu :  D=0xffffffffffffffec
5571000: system.cpu: T0 : 0x10b44    : lw a5, -124(s0)            : MemRead :  D=0x0000000000000008 A=0x7ffffffffffffd64
5571500: system.cpu: T0 : 0x10b48    : slliw a5, a5, 1            : IntAlu :  D=0x0000000000000010
5572000: system.cpu: T0 : 0x10b4c    : c_addiw a5, 0              : IntAlu :  D=0x0000000000000010
5572500: system.cpu: T0 : 0x10b4e    : c_slli a5, 1               : IntAlu :  D=0x0000000000000020
5573000: system.cpu: T0 : 0x10b50    : ld a4, -24(s0)             : MemRead :  D=0x000000000006f008 A=0x7ffffffffffffdc8
5573500: system.cpu: T0 : 0x10b54    : c_add a5, a4               : IntAlu :  D=0x000000000006f028
5574500: system.cpu: T0 : 0x10b56    : slliw a4, a3, 16           : IntAlu :  D=0xffffffffffec0000
5575500: system.cpu: T0 : 0x10b5a    : sraiw a4, a4, 16           : IntAlu :  D=0xffffffffffffffec
5576500: system.cpu: T0 : 0x10b5e    : sh a4, 0(a5)               : MemWrite :  D=0x000000000000ffec A=0x6f028
5577000: system.cpu: T0 : 0x10b62    : c_lui a5, 1048572          : IntAlu :  D=0xffffffffffffc000
5577500: system.cpu: T0 : 0x10b64    : addiw a5, a5, 1247         : IntAlu :  D=0xffffffffffffc4df
5578000: system.cpu: T0 : 0x10b68    : sw a5, -48(s0)             : MemWrite :  D=0x00000000ffffc4df A=0x7ffffffffffffdb0
5578500: system.cpu: T0 : 0x10b6c    : lw a4, -52(s0)             : MemRead :  D=0x000000000000001c A=0x7ffffffffffffdac
5579000: system.cpu: T0 : 0x10b70    : lw a5, -48(s0)             : MemRead :  D=0xffffffffffffc4df A=0x7ffffffffffffdb0
5579500: system.cpu: T0 : 0x10b74    : mulw a5, a4, a5            : IntMult :  D=0xfffffffffff98864
5580000: system.cpu: T0 : 0x10b78    : c_addiw a5, 0              : IntAlu :  D=0xfffffffffff98864
5581000: system.cpu: T0 : 0x10b7a    : lw a4, -44(s0)             : MemRead :  D=0xffffffffffe16cfc A=0x7ffffffffffffdb4
5581500: system.cpu: T0 : 0x10b7e    : c_addw a5, a4              : IntAlu :  D=0xffffffffffdaf560
5582000: system.cpu: T0 : 0x10b80    : c_addiw a5, 0              : IntAlu :  D=0xffffffffffdaf560
5583000: system.cpu: T0 : 0x10b82    : sraiw a5, a5, 18           : IntAlu :  D=0xfffffffffffffff6
5584000: system.cpu: T0 : 0x10b86    : addiw a3, a5, 0            : IntAlu :  D=0xfffffffffffffff6
5585000: system.cpu: T0 : 0x10b8a    : lw a4, -124(s0)            : MemRead :  D=0x0000000000000008 A=0x7ffffffffffffd64
5585500: system.cpu: T0 : 0x10b8e    : c_mv a5, a4                : IntAlu :  D=0x0000000000000008
5586000: system.cpu: T0 : 0x10b90    : slliw a5, a5, 1            : IntAlu :  D=0x0000000000000010
5586500: system.cpu: T0 : 0x10b94    : c_addw a5, a4              : IntAlu :  D=0x0000000000000018
5587500: system.cpu: T0 : 0x10b96    : slliw a5, a5, 1            : IntAlu :  D=0x0000000000000030
5588000: system.cpu: T0 : 0x10b9a    : c_addiw a5, 0              : IntAlu :  D=0x0000000000000030
5588500: system.cpu: T0 : 0x10b9c    : c_slli a5, 1               : IntAlu :  D=0x0000000000000060
5589500: system.cpu: T0 : 0x10b9e    : ld a4, -24(s0)             : MemRead :  D=0x000000000006f008 A=0x7ffffffffffffdc8
5590000: system.cpu: T0 : 0x10ba2    : c_add a5, a4               : IntAlu :  D=0x000000000006f068
5590500: system.cpu: T0 : 0x10ba4    : slliw a4, a3, 16           : IntAlu :  D=0xfffffffffff60000
5591000: system.cpu: T0 : 0x10ba8    : sraiw a4, a4, 16           : IntAlu :  D=0xfffffffffffffff6
5591500: system.cpu: T0 : 0x10bac    : sh a4, 0(a5)               : MemWrite :  D=0x000000000000fff6 A=0x6f068
5592000: system.cpu: T0 : 0x10bb0    : lw a4, -68(s0)             : MemRead :  D=0xffffffffffffffd8 A=0x7ffffffffffffd9c
5592500: system.cpu: T0 : 0x10bb4    : lw a5, -92(s0)             : MemRead :  D=0xffffffffffffffe8 A=0x7ffffffffffffd84
5593000: system.cpu: T0 : 0x10bb8    : c_addw a5, a4              : IntAlu :  D=0xffffffffffffffc0
5594000: system.cpu: T0 : 0x10bba    : sw a5, -44(s0)             : MemWrite :  D=0x00000000ffffffc0 A=0x7ffffffffffffdb4
5595000: system.cpu: T0 : 0x10bbe    : lw a4, -76(s0)             : MemRead :  D=0x00000000000000d4 A=0x7ffffffffffffd94
5596000: system.cpu: T0 : 0x10bc2    : lw a5, -84(s0)             : MemRead :  D=0x00000000000000d0 A=0x7ffffffffffffd8c
5596500: system.cpu: T0 : 0x10bc6    : c_addw a5, a4              : IntAlu :  D=0x00000000000001a4
5597000: system.cpu: T0 : 0x10bc8    : sw a5, -40(s0)             : MemWrite :  D=0x00000000000001a4 A=0x7ffffffffffffdb8
5597500: system.cpu: T0 : 0x10bcc    : lw a4, -68(s0)             : MemRead :  D=0xffffffffffffffd8 A=0x7ffffffffffffd9c
5598000: system.cpu: T0 : 0x10bd0    : lw a5, -84(s0)             : MemRead :  D=0x00000000000000d0 A=0x7ffffffffffffd8c
5598500: system.cpu: T0 : 0x10bd4    : c_addw a5, a4              : IntAlu :  D=0x00000000000000a8
5599500: system.cpu: T0 : 0x10bd6    : sw a5, -36(s0)             : MemWrite :  D=0x00000000000000a8 A=0x7ffffffffffffdbc
5600500: system.cpu: T0 : 0x10bda    : lw a4, -76(s0)             : MemRead :  D=0x00000000000000d4 A=0x7ffffffffffffd94
5601500: system.cpu: T0 : 0x10bde    : lw a5, -92(s0)             : MemRead :  D=0xffffffffffffffe8 A=0x7ffffffffffffd84
5602000: system.cpu: T0 : 0x10be2    : c_addw a5, a4              : IntAlu :  D=0x00000000000000bc
5602500: system.cpu: T0 : 0x10be4    : sw a5, -32(s0)             : MemWrite :  D=0x00000000000000bc A=0x7ffffffffffffdc0
5603000: system.cpu: T0 : 0x10be8    : c_lui a5, 2                : IntAlu :  D=0x0000000000002000
5604000: system.cpu: T0 : 0x10bea    : addiw a5, a5, 1441         : IntAlu :  D=0x00000000000025a1
5605000: system.cpu: T0 : 0x10bee    : sw a5, -48(s0)             : MemWrite :  D=0x00000000000025a1 A=0x7ffffffffffffdb0
5606000: system.cpu: T0 : 0x10bf2    : lw a4, -36(s0)             : MemRead :  D=0x00000000000000a8 A=0x7ffffffffffffdbc
5607000: system.cpu: T0 : 0x10bf6    : lw a5, -32(s0)             : MemRead :  D=0x00000000000000bc A=0x7ffffffffffffdc0
5607500: system.cpu: T0 : 0x10bfa    : c_addw a5, a4              : IntAlu :  D=0x0000000000000164
5608000: system.cpu: T0 : 0x10bfc    : c_addiw a5, 0              : IntAlu :  D=0x0000000000000164
5609000: system.cpu: T0 : 0x10bfe    : lw a4, -48(s0)             : MemRead :  D=0x00000000000025a1 A=0x7ffffffffffffdb0
5610000: system.cpu: T0 : 0x10c02    : mulw a5, a4, a5            : IntMult :  D=0x00000000003453e4
5611000: system.cpu: T0 : 0x10c06    : sw a5, -28(s0)             : MemWrite :  D=0x00000000003453e4 A=0x7ffffffffffffdc4
5611500: system.cpu: T0 : 0x10c0a    : c_lui a5, 1                : IntAlu :  D=0x0000000000001000
5612000: system.cpu: T0 : 0x10c0c    : addiw a5, a5, -1650        : IntAlu :  D=0x000000000000098e
5612500: system.cpu: T0 : 0x10c10    : sw a5, -48(s0)             : MemWrite :  D=0x000000000000098e A=0x7ffffffffffffdb0
5613000: system.cpu: T0 : 0x10c14    : lw a4, -68(s0)             : MemRead :  D=0xffffffffffffffd8 A=0x7ffffffffffffd9c
5613500: system.cpu: T0 : 0x10c18    : lw a5, -48(s0)             : MemRead :  D=0x000000000000098e A=0x7ffffffffffffdb0
5614000: system.cpu: T0 : 0x10c1c    : mulw a5, a4, a5            : IntMult :  D=0xfffffffffffe81d0
5614500: system.cpu: T0 : 0x10c20    : sw a5, -68(s0)             : MemWrite :  D=0x00000000fffe81d0 A=0x7ffffffffffffd9c
5615000: system.cpu: T0 : 0x10c24    : c_lui a5, 4                : IntAlu :  D=0x0000000000004000
5616000: system.cpu: T0 : 0x10c26    : addiw a5, a5, 435          : IntAlu :  D=0x00000000000041b3
5617000: system.cpu: T0 : 0x10c2a    : sw a5, -48(s0)             : MemWrite :  D=0x00000000000041b3 A=0x7ffffffffffffdb0
5618000: system.cpu: T0 : 0x10c2e    : lw a4, -76(s0)             : MemRead :  D=0x00000000000000d4 A=0x7ffffffffffffd94
5619000: system.cpu: T0 : 0x10c32    : lw a5, -48(s0)             : MemRead :  D=0x00000000000041b3 A=0x7ffffffffffffdb0
5620000: system.cpu: T0 : 0x10c36    : mulw a5, a4, a5            : IntMult :  D=0x000000000036683c
5621000: system.cpu: T0 : 0x10c3a    : sw a5, -76(s0)             : MemWrite :  D=0x000000000036683c A=0x7ffffffffffffd94
5621500: system.cpu: T0 : 0x10c3e    : c_lui a5, 6                : IntAlu :  D=0x0000000000006000
5622000: system.cpu: T0 : 0x10c40    : addiw a5, a5, 596          : IntAlu :  D=0x0000000000006254
5622500: system.cpu: T0 : 0x10c44    : sw a5, -48(s0)             : MemWrite :  D=0x0000000000006254 A=0x7ffffffffffffdb0
5623000: system.cpu: T0 : 0x10c48    : lw a4, -84(s0)             : MemRead :  D=0x00000000000000d0 A=0x7ffffffffffffd8c
5623500: system.cpu: T0 : 0x10c4c    : lw a5, -48(s0)             : MemRead :  D=0x0000000000006254 A=0x7ffffffffffffdb0
5624000: system.cpu: T0 : 0x10c50    : mulw a5, a4, a5            : IntMult :  D=0x00000000004fe440
5624500: system.cpu: T0 : 0x10c54    : sw a5, -84(s0)             : MemWrite :  D=0x00000000004fe440 A=0x7ffffffffffffd8c
5625000: system.cpu: T0 : 0x10c58    : c_lui a5, 3                : IntAlu :  D=0x0000000000003000
5625500: system.cpu: T0 : 0x10c5a    : c_addiw a5, 11             : IntAlu :  D=0x000000000000300b
5626000: system.cpu: T0 : 0x10c5c    : sw a5, -48(s0)             : MemWrite :  D=0x000000000000300b A=0x7ffffffffffffdb0
5626500: system.cpu: T0 : 0x10c60    : lw a4, -92(s0)             : MemRead :  D=0xffffffffffffffe8 A=0x7ffffffffffffd84
5627000: system.cpu: T0 : 0x10c64    : lw a5, -48(s0)             : MemRead :  D=0x000000000000300b A=0x7ffffffffffffdb0
5627500: system.cpu: T0 : 0x10c68    : mulw a5, a4, a5            : IntMult :  D=0xfffffffffffb7ef8
5628000: system.cpu: T0 : 0x10c6c    : sw a5, -92(s0)             : MemWrite :  D=0x00000000fffb7ef8 A=0x7ffffffffffffd84
5628500: system.cpu: T0 : 0x10c70    : c_lui a5, 1048574          : IntAlu :  D=0xffffffffffffe000
5629500: system.cpu: T0 : 0x10c72    : addiw a5, a5, 819          : IntAlu :  D=0xffffffffffffe333
5630500: system.cpu: T0 : 0x10c76    : sw a5, -48(s0)             : MemWrite :  D=0x00000000ffffe333 A=0x7ffffffffffffdb0
5631500: system.cpu: T0 : 0x10c7a    : lw a4, -44(s0)             : MemRead :  D=0xffffffffffffffc0 A=0x7ffffffffffffdb4
5632500: system.cpu: T0 : 0x10c7e    : lw a5, -48(s0)             : MemRead :  D=0xffffffffffffe333 A=0x7ffffffffffffdb0
5633500: system.cpu: T0 : 0x10c82    : mulw a5, a4, a5            : IntMult :  D=0x0000000000073340
5634500: system.cpu: T0 : 0x10c86    : sw a5, -44(s0)             : MemWrite :  D=0x0000000000073340 A=0x7ffffffffffffdb4
5635000: system.cpu: T0 : 0x10c8a    : c_lui a5, 1048571          : IntAlu :  D=0xffffffffffffb000
5635500: system.cpu: T0 : 0x10c8c    : addiw a5, a5, -515         : IntAlu :  D=0xffffffffffffadfd
5636000: system.cpu: T0 : 0x10c90    : sw a5, -48(s0)             : MemWrite :  D=0x00000000ffffadfd A=0x7ffffffffffffdb0
5636500: system.cpu: T0 : 0x10c94    : lw a4, -40(s0)             : MemRead :  D=0x00000000000001a4 A=0x7ffffffffffffdb8
5637000: system.cpu: T0 : 0x10c98    : lw a5, -48(s0)             : MemRead :  D=0xffffffffffffadfd A=0x7ffffffffffffdb0
5637500: system.cpu: T0 : 0x10c9c    : mulw a5, a4, a5            : IntMult :  D=0xffffffffff797314
5638000: system.cpu: T0 : 0x10ca0    : sw a5, -40(s0)             : MemWrite :  D=0x00000000ff797314 A=0x7ffffffffffffdb8
5638500: system.cpu: T0 : 0x10ca4    : c_lui a5, 1048572          : IntAlu :  D=0xffffffffffffc000
5639500: system.cpu: T0 : 0x10ca6    : addiw a5, a5, 315          : IntAlu :  D=0xffffffffffffc13b
5640500: system.cpu: T0 : 0x10caa    : sw a5, -48(s0)             : MemWrite :  D=0x00000000ffffc13b A=0x7ffffffffffffdb0
5641500: system.cpu: T0 : 0x10cae    : lw a4, -36(s0)             : MemRead :  D=0x00000000000000a8 A=0x7ffffffffffffdbc
5642500: system.cpu: T0 : 0x10cb2    : lw a5, -48(s0)             : MemRead :  D=0xffffffffffffc13b A=0x7ffffffffffffdb0
5643500: system.cpu: T0 : 0x10cb6    : mulw a5, a4, a5            : IntMult :  D=0xffffffffffd6ceb8
5644500: system.cpu: T0 : 0x10cba    : sw a5, -36(s0)             : MemWrite :  D=0x00000000ffd6ceb8 A=0x7ffffffffffffdbc
5645000: system.cpu: T0 : 0x10cbe    : c_lui a5, 1048575          : IntAlu :  D=0xfffffffffffff000
5645500: system.cpu: T0 : 0x10cc0    : addiw a5, a5, 900          : IntAlu :  D=0xfffffffffffff384
5646000: system.cpu: T0 : 0x10cc4    : sw a5, -48(s0)             : MemWrite :  D=0x00000000fffff384 A=0x7ffffffffffffdb0
5646500: system.cpu: T0 : 0x10cc8    : lw a4, -32(s0)             : MemRead :  D=0x00000000000000bc A=0x7ffffffffffffdc0
5647000: system.cpu: T0 : 0x10ccc    : lw a5, -48(s0)             : MemRead :  D=0xfffffffffffff384 A=0x7ffffffffffffdb0
5647500: system.cpu: T0 : 0x10cd0    : mulw a5, a4, a5            : IntMult :  D=0xfffffffffff6d4f0
5648000: system.cpu: T0 : 0x10cd4    : sw a5, -32(s0)             : MemWrite :  D=0x00000000fff6d4f0 A=0x7ffffffffffffdc0
5648500: system.cpu: T0 : 0x10cd8    : lw a4, -36(s0)             : MemRead :  D=0xffffffffffd6ceb8 A=0x7ffffffffffffdbc
5649000: system.cpu: T0 : 0x10cdc    : lw a5, -28(s0)             : MemRead :  D=0x00000000003453e4 A=0x7ffffffffffffdc4
5649500: system.cpu: T0 : 0x10ce0    : c_addw a5, a4              : IntAlu :  D=0x00000000000b229c
5650500: system.cpu: T0 : 0x10ce2    : sw a5, -36(s0)             : MemWrite :  D=0x00000000000b229c A=0x7ffffffffffffdbc
5651500: system.cpu: T0 : 0x10ce6    : lw a4, -32(s0)             : MemRead :  D=0xfffffffffff6d4f0 A=0x7ffffffffffffdc0
5652500: system.cpu: T0 : 0x10cea    : lw a5, -28(s0)             : MemRead :  D=0x00000000003453e4 A=0x7ffffffffffffdc4
5653000: system.cpu: T0 : 0x10cee    : c_addw a5, a4              : IntAlu :  D=0x00000000002b28d4
5653500: system.cpu: T0 : 0x10cf0    : sw a5, -32(s0)             : MemWrite :  D=0x00000000002b28d4 A=0x7ffffffffffffdc0
5654000: system.cpu: T0 : 0x10cf4    : lw a4, -68(s0)             : MemRead :  D=0xfffffffffffe81d0 A=0x7ffffffffffffd9c
5654500: system.cpu: T0 : 0x10cf8    : lw a5, -44(s0)             : MemRead :  D=0x0000000000073340 A=0x7ffffffffffffdb4
5655000: system.cpu: T0 : 0x10cfc    : c_addw a5, a4              : IntAlu :  D=0x000000000005b510
5655500: system.cpu: T0 : 0x10cfe    : c_addiw a5, 0              : IntAlu :  D=0x000000000005b510
5656000: system.cpu: T0 : 0x10d00    : lw a4, -36(s0)             : MemRead :  D=0x00000000000b229c A=0x7ffffffffffffdbc
5656500: system.cpu: T0 : 0x10d04    : c_addw a5, a4              : IntAlu :  D=0x000000000010d7ac
5657000: system.cpu: T0 : 0x10d06    : c_addiw a5, 0              : IntAlu :  D=0x000000000010d7ac
5657500: system.cpu: T0 : 0x10d08    : sraiw a5, a5, 18           : IntAlu :  D=0x0000000000000004
5658000: system.cpu: T0 : 0x10d0c    : addiw a3, a5, 0            : IntAlu :  D=0x0000000000000004
5658500: system.cpu: T0 : 0x10d10    : lw a4, -124(s0)            : MemRead :  D=0x0000000000000008 A=0x7ffffffffffffd64
5659000: system.cpu: T0 : 0x10d14    : c_mv a5, a4                : IntAlu :  D=0x0000000000000008
5660000: system.cpu: T0 : 0x10d16    : slliw a5, a5, 3            : IntAlu :  D=0x0000000000000040
5660500: system.cpu: T0 : 0x10d1a    : c_subw a5, a4              : IntAlu :  D=0x0000000000000038
5661000: system.cpu: T0 : 0x10d1c    : c_addiw a5, 0              : IntAlu :  D=0x0000000000000038
5661500: system.cpu: T0 : 0x10d1e    : c_slli a5, 1               : IntAlu :  D=0x0000000000000070
5662000: system.cpu: T0 : 0x10d20    : ld a4, -24(s0)             : MemRead :  D=0x000000000006f008 A=0x7ffffffffffffdc8
5662500: system.cpu: T0 : 0x10d24    : c_add a5, a4               : IntAlu :  D=0x000000000006f078
5663500: system.cpu: T0 : 0x10d26    : slliw a4, a3, 16           : IntAlu :  D=0x0000000000040000
5664500: system.cpu: T0 : 0x10d2a    : sraiw a4, a4, 16           : IntAlu :  D=0x0000000000000004
5665500: system.cpu: T0 : 0x10d2e    : sh a4, 0(a5)               : MemWrite :  D=0x0000000000000004 A=0x6f078
5666500: system.cpu: T0 : 0x10d32    : lw a4, -76(s0)             : MemRead :  D=0x000000000036683c A=0x7ffffffffffffd94
5667500: system.cpu: T0 : 0x10d36    : lw a5, -40(s0)             : MemRead :  D=0xffffffffff797314 A=0x7ffffffffffffdb8
5668000: system.cpu: T0 : 0x10d3a    : c_addw a5, a4              : IntAlu :  D=0xffffffffffafdb50
5668500: system.cpu: T0 : 0x10d3c    : c_addiw a5, 0              : IntAlu :  D=0xffffffffffafdb50
5669500: system.cpu: T0 : 0x10d3e    : lw a4, -32(s0)             : MemRead :  D=0x00000000002b28d4 A=0x7ffffffffffffdc0
5670000: system.cpu: T0 : 0x10d42    : c_addw a5, a4              : IntAlu :  D=0xffffffffffdb0424
5670500: system.cpu: T0 : 0x10d44    : c_addiw a5, 0              : IntAlu :  D=0xffffffffffdb0424
5671500: system.cpu: T0 : 0x10d46    : sraiw a5, a5, 18           : IntAlu :  D=0xfffffffffffffff6
5672500: system.cpu: T0 : 0x10d4a    : addiw a3, a5, 0            : IntAlu :  D=0xfffffffffffffff6
5673500: system.cpu: T0 : 0x10d4e    : lw a4, -124(s0)            : MemRead :  D=0x0000000000000008 A=0x7ffffffffffffd64
5674000: system.cpu: T0 : 0x10d52    : c_mv a5, a4                : IntAlu :  D=0x0000000000000008
5674500: system.cpu: T0 : 0x10d54    : slliw a5, a5, 2            : IntAlu :  D=0x0000000000000020
5675000: system.cpu: T0 : 0x10d58    : c_addw a5, a4              : IntAlu :  D=0x0000000000000028
5675500: system.cpu: T0 : 0x10d5a    : c_addiw a5, 0              : IntAlu :  D=0x0000000000000028
5676000: system.cpu: T0 : 0x10d5c    : c_slli a5, 1               : IntAlu :  D=0x0000000000000050
5677000: system.cpu: T0 : 0x10d5e    : ld a4, -24(s0)             : MemRead :  D=0x000000000006f008 A=0x7ffffffffffffdc8
5677500: system.cpu: T0 : 0x10d62    : c_add a5, a4               : IntAlu :  D=0x000000000006f058
5678000: system.cpu: T0 : 0x10d64    : slliw a4, a3, 16           : IntAlu :  D=0xfffffffffff60000
5678500: system.cpu: T0 : 0x10d68    : sraiw a4, a4, 16           : IntAlu :  D=0xfffffffffffffff6
5679000: system.cpu: T0 : 0x10d6c    : sh a4, 0(a5)               : MemWrite :  D=0x000000000000fff6 A=0x6f058
5679500: system.cpu: T0 : 0x10d70    : lw a4, -84(s0)             : MemRead :  D=0x00000000004fe440 A=0x7ffffffffffffd8c
5680000: system.cpu: T0 : 0x10d74    : lw a5, -40(s0)             : MemRead :  D=0xffffffffff797314 A=0x7ffffffffffffdb8
5680500: system.cpu: T0 : 0x10d78    : c_addw a5, a4              : IntAlu :  D=0xffffffffffc95754
5681000: system.cpu: T0 : 0x10d7a    : c_addiw a5, 0              : IntAlu :  D=0xffffffffffc95754
5681500: system.cpu: T0 : 0x10d7c    : lw a4, -36(s0)             : MemRead :  D=0x00000000000b229c A=0x7ffffffffffffdbc
5682000: system.cpu: T0 : 0x10d80    : c_addw a5, a4              : IntAlu :  D=0xffffffffffd479f0
5682500: system.cpu: T0 : 0x10d82    : c_addiw a5, 0              : IntAlu :  D=0xffffffffffd479f0
5683000: system.cpu: T0 : 0x10d84    : sraiw a5, a5, 18           : IntAlu :  D=0xfffffffffffffff5
5683500: system.cpu: T0 : 0x10d88    : addiw a3, a5, 0            : IntAlu :  D=0xfffffffffffffff5
5684000: system.cpu: T0 : 0x10d8c    : lw a4, -124(s0)            : MemRead :  D=0x0000000000000008 A=0x7ffffffffffffd64
5684500: system.cpu: T0 : 0x10d90    : c_mv a5, a4                : IntAlu :  D=0x0000000000000008
5685500: system.cpu: T0 : 0x10d92    : slliw a5, a5, 1            : IntAlu :  D=0x0000000000000010
5686000: system.cpu: T0 : 0x10d96    : c_addw a5, a4              : IntAlu :  D=0x0000000000000018
5686500: system.cpu: T0 : 0x10d98    : c_addiw a5, 0              : IntAlu :  D=0x0000000000000018
5687000: system.cpu: T0 : 0x10d9a    : c_slli a5, 1               : IntAlu :  D=0x0000000000000030
5687500: system.cpu: T0 : 0x10d9c    : ld a4, -24(s0)             : MemRead :  D=0x000000000006f008 A=0x7ffffffffffffdc8
5688000: system.cpu: T0 : 0x10da0    : c_add a5, a4               : IntAlu :  D=0x000000000006f038
5689000: system.cpu: T0 : 0x10da2    : slliw a4, a3, 16           : IntAlu :  D=0xfffffffffff50000
5690000: system.cpu: T0 : 0x10da6    : sraiw a4, a4, 16           : IntAlu :  D=0xfffffffffffffff5
5691000: system.cpu: T0 : 0x10daa    : sh a4, 0(a5)               : MemWrite :  D=0x000000000000fff5 A=0x6f038
5692000: system.cpu: T0 : 0x10dae    : lw a4, -92(s0)             : MemRead :  D=0xfffffffffffb7ef8 A=0x7ffffffffffffd84
5693000: system.cpu: T0 : 0x10db2    : lw a5, -44(s0)             : MemRead :  D=0x0000000000073340 A=0x7ffffffffffffdb4
5693500: system.cpu: T0 : 0x10db6    : c_addw a5, a4              : IntAlu :  D=0x000000000002b238
5694000: system.cpu: T0 : 0x10db8    : c_addiw a5, 0              : IntAlu :  D=0x000000000002b238
5695000: system.cpu: T0 : 0x10dba    : lw a4, -32(s0)             : MemRead :  D=0x00000000002b28d4 A=0x7ffffffffffffdc0
5695500: system.cpu: T0 : 0x10dbe    : c_addw a5, a4              : IntAlu :  D=0x00000000002ddb0c
5696000: system.cpu: T0 : 0x10dc0    : c_addiw a5, 0              : IntAlu :  D=0x00000000002ddb0c
5697000: system.cpu: T0 : 0x10dc2    : sraiw a5, a5, 18           : IntAlu :  D=0x000000000000000b
5698000: system.cpu: T0 : 0x10dc6    : addiw a3, a5, 0            : IntAlu :  D=0x000000000000000b
5699000: system.cpu: T0 : 0x10dca    : lw a5, -124(s0)            : MemRead :  D=0x0000000000000008 A=0x7ffffffffffffd64
5699500: system.cpu: T0 : 0x10dce    : c_slli a5, 1               : IntAlu :  D=0x0000000000000010
5700000: system.cpu: T0 : 0x10dd0    : ld a4, -24(s0)             : MemRead :  D=0x000000000006f008 A=0x7ffffffffffffdc8
5700500: system.cpu: T0 : 0x10dd4    : c_add a5, a4               : IntAlu :  D=0x000000000006f018
5701500: system.cpu: T0 : 0x10dd6    : slliw a4, a3, 16           : IntAlu :  D=0x00000000000b0000
5702500: system.cpu: T0 : 0x10dda    : sraiw a4, a4, 16           : IntAlu :  D=0x000000000000000b
5703500: system.cpu: T0 : 0x10dde    : sh a4, 0(a5)               : MemWrite :  D=0x000000000000000b A=0x6f018
5704500: system.cpu: T0 : 0x10de2    : ld a5, -24(s0)             : MemRead :  D=0x000000000006f008 A=0x7ffffffffffffdc8
5705000: system.cpu: T0 : 0x10de6    : c_addi a5, 2               : IntAlu :  D=0x000000000006f00a
5705500: system.cpu: T0 : 0x10de8    : sd a5, -24(s0)             : MemWrite :  D=0x000000000006f00a A=0x7ffffffffffffdc8
5706000: system.cpu: T0 : 0x10dec    : lw a5, -100(s0)            : MemRead :  D=0x0000000000000004 A=0x7ffffffffffffd7c
5706500: system.cpu: T0 : 0x10df0    : c_addiw a5, 1              : IntAlu :  D=0x0000000000000005
5707500: system.cpu: T0 : 0x10df2    : sw a5, -100(s0)            : MemWrite :  D=0x0000000000000005 A=0x7ffffffffffffd7c
5708500: system.cpu: T0 : 0x10df6    : lw a5, -100(s0)            : MemRead :  D=0x0000000000000005 A=0x7ffffffffffffd7c
5709500: system.cpu: T0 : 0x10dfa    : addiw a4, a5, 0            : IntAlu :  D=0x0000000000000005
5710000: system.cpu: T0 : 0x10dfe    : c_li a5, 7                 : IntAlu :  D=0x0000000000000007
5710500: system.cpu: T0 : 0x10e00    : bge a5, a4, -1376          : IntAlu : 
5711000: system.cpu: T0 : 0x108a0    : ld a5, -24(s0)             : MemRead :  D=0x000000000006f00a A=0x7ffffffffffffdc8
5711500: system.cpu: T0 : 0x108a4    : lh a5, 0(a5)               : MemRead :  D=0xffffffffffffff6a A=0x6f00a
5712000: system.cpu: T0 : 0x108a8    : addiw a3, a5, 0            : IntAlu :  D=0xffffffffffffff6a
5712500: system.cpu: T0 : 0x108ac    : lw a4, -124(s0)            : MemRead :  D=0x0000000000000008 A=0x7ffffffffffffd64
5713000: system.cpu: T0 : 0x108b0    : c_mv a5, a4                : IntAlu :  D=0x0000000000000008
5714000: system.cpu: T0 : 0x108b2    : slliw a5, a5, 3            : IntAlu :  D=0x0000000000000040
5714500: system.cpu: T0 : 0x108b6    : c_subw a5, a4              : IntAlu :  D=0x0000000000000038
5715000: system.cpu: T0 : 0x108b8    : c_addiw a5, 0              : IntAlu :  D=0x0000000000000038
5715500: system.cpu: T0 : 0x108ba    : c_slli a5, 1               : IntAlu :  D=0x0000000000000070
5716000: system.cpu: T0 : 0x108bc    : ld a4, -24(s0)             : MemRead :  D=0x000000000006f00a A=0x7ffffffffffffdc8
5716500: system.cpu: T0 : 0x108c0    : c_add a5, a4               : IntAlu :  D=0x000000000006f07a
5717500: system.cpu: T0 : 0x108c2    : lh a5, 0(a5)               : MemRead :  D=0xfffffffffffffff0 A=0x6f07a
5718000: system.cpu: T0 : 0x108c6    : c_addiw a5, 0              : IntAlu :  D=0xfffffffffffffff0
5718500: system.cpu: T0 : 0x108c8    : c_addw a5, a3              : IntAlu :  D=0xffffffffffffff5a
5719500: system.cpu: T0 : 0x108ca    : sw a5, -96(s0)             : MemWrite :  D=0x00000000ffffff5a A=0x7ffffffffffffd80
5720500: system.cpu: T0 : 0x108ce    : ld a5, -24(s0)             : MemRead :  D=0x000000000006f00a A=0x7ffffffffffffdc8
5721500: system.cpu: T0 : 0x108d2    : lh a5, 0(a5)               : MemRead :  D=0xffffffffffffff6a A=0x6f00a
5722500: system.cpu: T0 : 0x108d6    : addiw a3, a5, 0            : IntAlu :  D=0xffffffffffffff6a
5723500: system.cpu: T0 : 0x108da    : lw a4, -124(s0)            : MemRead :  D=0x0000000000000008 A=0x7ffffffffffffd64
5724000: system.cpu: T0 : 0x108de    : c_mv a5, a4                : IntAlu :  D=0x0000000000000008
5724500: system.cpu: T0 : 0x108e0    : slliw a5, a5, 3            : IntAlu :  D=0x0000000000000040
5725000: system.cpu: T0 : 0x108e4    : c_subw a5, a4              : IntAlu :  D=0x0000000000000038
5725500: system.cpu: T0 : 0x108e6    : c_addiw a5, 0              : IntAlu :  D=0x0000000000000038
5726000: system.cpu: T0 : 0x108e8    : c_slli a5, 1               : IntAlu :  D=0x0000000000000070
5727000: system.cpu: T0 : 0x108ea    : ld a4, -24(s0)             : MemRead :  D=0x000000000006f00a A=0x7ffffffffffffdc8
5727500: system.cpu: T0 : 0x108ee    : c_add a5, a4               : IntAlu :  D=0x000000000006f07a
5728000: system.cpu: T0 : 0x108f0    : lh a5, 0(a5)               : MemRead :  D=0xfffffffffffffff0 A=0x6f07a
5728500: system.cpu: T0 : 0x108f4    : c_addiw a5, 0              : IntAlu :  D=0xfffffffffffffff0
5729500: system.cpu: T0 : 0x108f6    : subw a5, a3, a5            : IntAlu :  D=0xffffffffffffff7a
5730500: system.cpu: T0 : 0x108fa    : sw a5, -92(s0)             : MemWrite :  D=0x00000000ffffff7a A=0x7ffffffffffffd84
5731500: system.cpu: T0 : 0x108fe    : lw a5, -124(s0)            : MemRead :  D=0x0000000000000008 A=0x7ffffffffffffd64
5732000: system.cpu: T0 : 0x10902    : c_slli a5, 1               : IntAlu :  D=0x0000000000000010
5732500: system.cpu: T0 : 0x10904    : ld a4, -24(s0)             : MemRead :  D=0x000000000006f00a A=0x7ffffffffffffdc8
5733000: system.cpu: T0 : 0x10908    : c_add a5, a4               : IntAlu :  D=0x000000000006f01a
5734000: system.cpu: T0 : 0x1090a    : lh a5, 0(a5)               : MemRead :  D=0xffffffffffffff96 A=0x6f01a
5735000: system.cpu: T0 : 0x1090e    : addiw a3, a5, 0            : IntAlu :  D=0xffffffffffffff96
5736000: system.cpu: T0 : 0x10912    : lw a4, -124(s0)            : MemRead :  D=0x0000000000000008 A=0x7ffffffffffffd64
5736500: system.cpu: T0 : 0x10916    : c_mv a5, a4                : IntAlu :  D=0x0000000000000008
5737000: system.cpu: T0 : 0x10918    : slliw a5, a5, 1            : IntAlu :  D=0x0000000000000010
5737500: system.cpu: T0 : 0x1091c    : c_addw a5, a4              : IntAlu :  D=0x0000000000000018
5738500: system.cpu: T0 : 0x1091e    : slliw a5, a5, 1            : IntAlu :  D=0x0000000000000030
5739000: system.cpu: T0 : 0x10922    : c_addiw a5, 0              : IntAlu :  D=0x0000000000000030
5739500: system.cpu: T0 : 0x10924    : c_slli a5, 1               : IntAlu :  D=0x0000000000000060
5740500: system.cpu: T0 : 0x10926    : ld a4, -24(s0)             : MemRead :  D=0x000000000006f00a A=0x7ffffffffffffdc8
5741000: system.cpu: T0 : 0x1092a    : c_add a5, a4               : IntAlu :  D=0x000000000006f06a
5741500: system.cpu: T0 : 0x1092c    : lh a5, 0(a5)               : MemRead :  D=0xffffffffffffff6c A=0x6f06a
5742000: system.cpu: T0 : 0x10930    : c_addiw a5, 0              : IntAlu :  D=0xffffffffffffff6c
5742500: system.cpu: T0 : 0x10932    : c_addw a5, a3              : IntAlu :  D=0xffffffffffffff02
5743000: system.cpu: T0 : 0x10934    : sw a5, -88(s0)             : MemWrite :  D=0x00000000ffffff02 A=0x7ffffffffffffd88
5743500: system.cpu: T0 : 0x10938    : lw a5, -124(s0)            : MemRead :  D=0x0000000000000008 A=0x7ffffffffffffd64
5744000: system.cpu: T0 : 0x1093c    : c_slli a5, 1               : IntAlu :  D=0x0000000000000010
5745000: system.cpu: T0 : 0x1093e    : ld a4, -24(s0)             : MemRead :  D=0x000000000006f00a A=0x7ffffffffffffdc8
5745500: system.cpu: T0 : 0x10942    : c_add a5, a4               : IntAlu :  D=0x000000000006f01a
5746000: system.cpu: T0 : 0x10944    : lh a5, 0(a5)               : MemRead :  D=0xffffffffffffff96 A=0x6f01a
5746500: system.cpu: T0 : 0x10948    : addiw a3, a5, 0            : IntAlu :  D=0xffffffffffffff96
5747000: system.cpu: T0 : 0x1094c    : lw a4, -124(s0)            : MemRead :  D=0x0000000000000008 A=0x7ffffffffffffd64
5747500: system.cpu: T0 : 0x10950    : c_mv a5, a4                : IntAlu :  D=0x0000000000000008
5748500: system.cpu: T0 : 0x10952    : slliw a5, a5, 1            : IntAlu :  D=0x0000000000000010
5749000: system.cpu: T0 : 0x10956    : c_addw a5, a4              : IntAlu :  D=0x0000000000000018
5749500: system.cpu: T0 : 0x10958    : slliw a5, a5, 1            : IntAlu :  D=0x0000000000000030
5750000: system.cpu: T0 : 0x1095c    : c_addiw a5, 0              : IntAlu :  D=0x0000000000000030
5750500: system.cpu: T0 : 0x1095e    : c_slli a5, 1               : IntAlu :  D=0x0000000000000060
5751000: system.cpu: T0 : 0x10960    : ld a4, -24(s0)             : MemRead :  D=0x000000000006f00a A=0x7ffffffffffffdc8
5751500: system.cpu: T0 : 0x10964    : c_add a5, a4               : IntAlu :  D=0x000000000006f06a
5752500: system.cpu: T0 : 0x10966    : lh a5, 0(a5)               : MemRead :  D=0xffffffffffffff6c A=0x6f06a
5753000: system.cpu: T0 : 0x1096a    : c_addiw a5, 0              : IntAlu :  D=0xffffffffffffff6c
5753500: system.cpu: T0 : 0x1096c    : subw a5, a3, a5            : IntAlu :  D=0x000000000000002a
5754000: system.cpu: T0 : 0x10970    : sw a5, -84(s0)             : MemWrite :  D=0x000000000000002a A=0x7ffffffffffffd8c
5754500: system.cpu: T0 : 0x10974    : lw a5, -124(s0)            : MemRead :  D=0x0000000000000008 A=0x7ffffffffffffd64
5755000: system.cpu: T0 : 0x10978    : slliw a5, a5, 1            : IntAlu :  D=0x0000000000000010
5755500: system.cpu: T0 : 0x1097c    : c_addiw a5, 0              : IntAlu :  D=0x0000000000000010
5756000: system.cpu: T0 : 0x1097e    : c_slli a5, 1               : IntAlu :  D=0x0000000000000020
5756500: system.cpu: T0 : 0x10980    : ld a4, -24(s0)             : MemRead :  D=0x000000000006f00a A=0x7ffffffffffffdc8
5757000: system.cpu: T0 : 0x10984    : c_add a5, a4               : IntAlu :  D=0x000000000006f02a
5758000: system.cpu: T0 : 0x10986    : lh a5, 0(a5)               : MemRead :  D=0xffffffffffffffad A=0x6f02a
5759000: system.cpu: T0 : 0x1098a    : addiw a3, a5, 0            : IntAlu :  D=0xffffffffffffffad
5760000: system.cpu: T0 : 0x1098e    : lw a4, -124(s0)            : MemRead :  D=0x0000000000000008 A=0x7ffffffffffffd64
5760500: system.cpu: T0 : 0x10992    : c_mv a5, a4                : IntAlu :  D=0x0000000000000008
5761000: system.cpu: T0 : 0x10994    : slliw a5, a5, 2            : IntAlu :  D=0x0000000000000020
5761500: system.cpu: T0 : 0x10998    : c_addw a5, a4              : IntAlu :  D=0x0000000000000028
5762000: system.cpu: T0 : 0x1099a    : c_addiw a5, 0              : IntAlu :  D=0x0000000000000028
5762500: system.cpu: T0 : 0x1099c    : c_slli a5, 1               : IntAlu :  D=0x0000000000000050
5763500: system.cpu: T0 : 0x1099e    : ld a4, -24(s0)             : MemRead :  D=0x000000000006f00a A=0x7ffffffffffffdc8
5764000: system.cpu: T0 : 0x109a2    : c_add a5, a4               : IntAlu :  D=0x000000000006f05a
5764500: system.cpu: T0 : 0x109a4    : lh a5, 0(a5)               : MemRead :  D=0x00000000000000cb A=0x6f05a
5765000: system.cpu: T0 : 0x109a8    : c_addiw a5, 0              : IntAlu :  D=0x00000000000000cb
5765500: system.cpu: T0 : 0x109aa    : c_addw a5, a3              : IntAlu :  D=0x0000000000000078
5766000: system.cpu: T0 : 0x109ac    : sw a5, -80(s0)             : MemWrite :  D=0x0000000000000078 A=0x7ffffffffffffd90
5766500: system.cpu: T0 : 0x109b0    : lw a5, -124(s0)            : MemRead :  D=0x0000000000000008 A=0x7ffffffffffffd64
5767000: system.cpu: T0 : 0x109b4    : slliw a5, a5, 1            : IntAlu :  D=0x0000000000000010
5767500: system.cpu: T0 : 0x109b8    : c_addiw a5, 0              : IntAlu :  D=0x0000000000000010
5768000: system.cpu: T0 : 0x109ba    : c_slli a5, 1               : IntAlu :  D=0x0000000000000020
5768500: system.cpu: T0 : 0x109bc    : ld a4, -24(s0)             : MemRead :  D=0x000000000006f00a A=0x7ffffffffffffdc8
5769000: system.cpu: T0 : 0x109c0    : c_add a5, a4               : IntAlu :  D=0x000000000006f02a
5770000: system.cpu: T0 : 0x109c2    : lh a5, 0(a5)               : MemRead :  D=0xffffffffffffffad A=0x6f02a
5771000: system.cpu: T0 : 0x109c6    : addiw a3, a5, 0            : IntAlu :  D=0xffffffffffffffad
5772000: system.cpu: T0 : 0x109ca    : lw a4, -124(s0)            : MemRead :  D=0x0000000000000008 A=0x7ffffffffffffd64
5772500: system.cpu: T0 : 0x109ce    : c_mv a5, a4                : IntAlu :  D=0x0000000000000008
5773000: system.cpu: T0 : 0x109d0    : slliw a5, a5, 2            : IntAlu :  D=0x0000000000000020
5773500: system.cpu: T0 : 0x109d4    : c_addw a5, a4              : IntAlu :  D=0x0000000000000028
5774000: system.cpu: T0 : 0x109d6    : c_addiw a5, 0              : IntAlu :  D=0x0000000000000028
5774500: system.cpu: T0 : 0x109d8    : c_slli a5, 1               : IntAlu :  D=0x0000000000000050
5775500: system.cpu: T0 : 0x109da    : ld a4, -24(s0)             : MemRead :  D=0x000000000006f00a A=0x7ffffffffffffdc8
5776000: system.cpu: T0 : 0x109de    : c_add a5, a4               : IntAlu :  D=0x000000000006f05a
5776500: system.cpu: T0 : 0x109e0    : lh a5, 0(a5)               : MemRead :  D=0x00000000000000cb A=0x6f05a
5777000: system.cpu: T0 : 0x109e4    : c_addiw a5, 0              : IntAlu :  D=0x00000000000000cb
5778000: system.cpu: T0 : 0x109e6    : subw a5, a3, a5            : IntAlu :  D=0xfffffffffffffee2
5779000: system.cpu: T0 : 0x109ea    : sw a5, -76(s0)             : MemWrite :  D=0x00000000fffffee2 A=0x7ffffffffffffd94
5780000: system.cpu: T0 : 0x109ee    : lw a4, -124(s0)            : MemRead :  D=0x0000000000000008 A=0x7ffffffffffffd64
5780500: system.cpu: T0 : 0x109f2    : c_mv a5, a4                : IntAlu :  D=0x0000000000000008
5781000: system.cpu: T0 : 0x109f4    : slliw a5, a5, 1            : IntAlu :  D=0x0000000000000010
5781500: system.cpu: T0 : 0x109f8    : c_addw a5, a4              : IntAlu :  D=0x0000000000000018
5782000: system.cpu: T0 : 0x109fa    : c_addiw a5, 0              : IntAlu :  D=0x0000000000000018
5782500: system.cpu: T0 : 0x109fc    : c_slli a5, 1               : IntAlu :  D=0x0000000000000030
5783500: system.cpu: T0 : 0x109fe    : ld a4, -24(s0)             : MemRead :  D=0x000000000006f00a A=0x7ffffffffffffdc8
5784000: system.cpu: T0 : 0x10a02    : c_add a5, a4               : IntAlu :  D=0x000000000006f03a
5784500: system.cpu: T0 : 0x10a04    : lh a5, 0(a5)               : MemRead :  D=0xffffffffffffffaa A=0x6f03a
5785000: system.cpu: T0 : 0x10a08    : addiw a4, a5, 0            : IntAlu :  D=0xffffffffffffffaa
5785500: system.cpu: T0 : 0x10a0c    : lw a5, -124(s0)            : MemRead :  D=0x0000000000000008 A=0x7ffffffffffffd64
5786000: system.cpu: T0 : 0x10a10    : slliw a5, a5, 2            : IntAlu :  D=0x0000000000000020
5786500: system.cpu: T0 : 0x10a14    : c_addiw a5, 0              : IntAlu :  D=0x0000000000000020
5787000: system.cpu: T0 : 0x10a16    : c_slli a5, 1               : IntAlu :  D=0x0000000000000040
5787500: system.cpu: T0 : 0x10a18    : ld a3, -24(s0)             : MemRead :  D=0x000000000006f00a A=0x7ffffffffffffdc8
5788000: system.cpu: T0 : 0x10a1c    : c_add a5, a3               : IntAlu :  D=0x000000000006f04a
5789000: system.cpu: T0 : 0x10a1e    : lh a5, 0(a5)               : MemRead :  D=0xffffffffffffffa9 A=0x6f04a
5789500: system.cpu: T0 : 0x10a22    : c_addiw a5, 0              : IntAlu :  D=0xffffffffffffffa9
5790000: system.cpu: T0 : 0x10a24    : c_addw a5, a4              : IntAlu :  D=0xffffffffffffff53
5791000: system.cpu: T0 : 0x10a26    : sw a5, -72(s0)             : MemWrite :  D=0x00000000ffffff53 A=0x7ffffffffffffd98
5792000: system.cpu: T0 : 0x10a2a    : lw a4, -124(s0)            : MemRead :  D=0x0000000000000008 A=0x7ffffffffffffd64
5792500: system.cpu: T0 : 0x10a2e    : c_mv a5, a4                : IntAlu :  D=0x0000000000000008
5793000: system.cpu: T0 : 0x10a30    : slliw a5, a5, 1            : IntAlu :  D=0x0000000000000010
5793500: system.cpu: T0 : 0x10a34    : c_addw a5, a4              : IntAlu :  D=0x0000000000000018
5794000: system.cpu: T0 : 0x10a36    : c_addiw a5, 0              : IntAlu :  D=0x0000000000000018
5794500: system.cpu: T0 : 0x10a38    : c_slli a5, 1               : IntAlu :  D=0x0000000000000030
5795500: system.cpu: T0 : 0x10a3a    : ld a4, -24(s0)             : MemRead :  D=0x000000000006f00a A=0x7ffffffffffffdc8
5796000: system.cpu: T0 : 0x10a3e    : c_add a5, a4               : IntAlu :  D=0x000000000006f03a
5796500: system.cpu: T0 : 0x10a40    : lh a5, 0(a5)               : MemRead :  D=0xffffffffffffffaa A=0x6f03a
5797000: system.cpu: T0 : 0x10a44    : addiw a4, a5, 0            : IntAlu :  D=0xffffffffffffffaa
5797500: system.cpu: T0 : 0x10a48    : lw a5, -124(s0)            : MemRead :  D=0x0000000000000008 A=0x7ffffffffffffd64
5798000: system.cpu: T0 : 0x10a4c    : slliw a5, a5, 2            : IntAlu :  D=0x0000000000000020
5798500: system.cpu: T0 : 0x10a50    : c_addiw a5, 0              : IntAlu :  D=0x0000000000000020
5799000: system.cpu: T0 : 0x10a52    : c_slli a5, 1               : IntAlu :  D=0x0000000000000040
5799500: system.cpu: T0 : 0x10a54    : ld a3, -24(s0)             : MemRead :  D=0x000000000006f00a A=0x7ffffffffffffdc8
5800000: system.cpu: T0 : 0x10a58    : c_add a5, a3               : IntAlu :  D=0x000000000006f04a
5801000: system.cpu: T0 : 0x10a5a    : lh a5, 0(a5)               : MemRead :  D=0xffffffffffffffa9 A=0x6f04a
5801500: system.cpu: T0 : 0x10a5e    : c_addiw a5, 0              : IntAlu :  D=0xffffffffffffffa9
5802000: system.cpu: T0 : 0x10a60    : subw a5, a4, a5            : IntAlu :  D=0x0000000000000001
5802500: system.cpu: T0 : 0x10a64    : sw a5, -68(s0)             : MemWrite :  D=0x0000000000000001 A=0x7ffffffffffffd9c
5803000: system.cpu: T0 : 0x10a68    : lw a4, -96(s0)             : MemRead :  D=0xffffffffffffff5a A=0x7ffffffffffffd80
5803500: system.cpu: T0 : 0x10a6c    : lw a5, -72(s0)             : MemRead :  D=0xffffffffffffff53 A=0x7ffffffffffffd98
5804000: system.cpu: T0 : 0x10a70    : c_addw a5, a4              : IntAlu :  D=0xfffffffffffffead
5805000: system.cpu: T0 : 0x10a72    : sw a5, -64(s0)             : MemWrite :  D=0x00000000fffffead A=0x7ffffffffffffda0
5806000: system.cpu: T0 : 0x10a76    : lw a4, -96(s0)             : MemRead :  D=0xffffffffffffff5a A=0x7ffffffffffffd80
5807000: system.cpu: T0 : 0x10a7a    : lw a5, -72(s0)             : MemRead :  D=0xffffffffffffff53 A=0x7ffffffffffffd98
5808000: system.cpu: T0 : 0x10a7e    : subw a5, a4, a5            : IntAlu :  D=0x0000000000000007
5809000: system.cpu: T0 : 0x10a82    : sw a5, -60(s0)             : MemWrite :  D=0x0000000000000007 A=0x7ffffffffffffda4
5810000: system.cpu: T0 : 0x10a86    : lw a4, -88(s0)             : MemRead :  D=0xffffffffffffff02 A=0x7ffffffffffffd88
5811000: system.cpu: T0 : 0x10a8a    : lw a5, -80(s0)             : MemRead :  D=0x0000000000000078 A=0x7ffffffffffffd90
5811500: system.cpu: T0 : 0x10a8e    : c_addw a5, a4              : IntAlu :  D=0xffffffffffffff7a
5812000: system.cpu: T0 : 0x10a90    : sw a5, -56(s0)             : MemWrite :  D=0x00000000ffffff7a A=0x7ffffffffffffda8
5812500: system.cpu: T0 : 0x10a94    : lw a4, -88(s0)             : MemRead :  D=0xffffffffffffff02 A=0x7ffffffffffffd88
5813000: system.cpu: T0 : 0x10a98    : lw a5, -80(s0)             : MemRead :  D=0x0000000000000078 A=0x7ffffffffffffd90
5813500: system.cpu: T0 : 0x10a9c    : subw a5, a4, a5            : IntAlu :  D=0xfffffffffffffe8a
5814000: system.cpu: T0 : 0x10aa0    : sw a5, -52(s0)             : MemWrite :  D=0x00000000fffffe8a A=0x7ffffffffffffdac
5814500: system.cpu: T0 : 0x10aa4    : lw a4, -64(s0)             : MemRead :  D=0xfffffffffffffead A=0x7ffffffffffffda0
5815000: system.cpu: T0 : 0x10aa8    : lw a5, -56(s0)             : MemRead :  D=0xffffffffffffff7a A=0x7ffffffffffffda8
5815500: system.cpu: T0 : 0x10aac    : c_addw a5, a4              : IntAlu :  D=0xfffffffffffffe27
5816000: system.cpu: T0 : 0x10aae    : c_addiw a5, 0              : IntAlu :  D=0xfffffffffffffe27
5816500: system.cpu: T0 : 0x10ab0    : sraiw a5, a5, 5            : IntAlu :  D=0xfffffffffffffff1
5817000: system.cpu: T0 : 0x10ab4    : c_addiw a5, 0              : IntAlu :  D=0xfffffffffffffff1
5818000: system.cpu: T0 : 0x10ab6    : slliw a4, a5, 16           : IntAlu :  D=0xfffffffffff10000
5819000: system.cpu: T0 : 0x10aba    : sraiw a4, a4, 16           : IntAlu :  D=0xfffffffffffffff1
5820000: system.cpu: T0 : 0x10abe    : ld a5, -24(s0)             : MemRead :  D=0x000000000006f00a A=0x7ffffffffffffdc8
5821000: system.cpu: T0 : 0x10ac2    : sh a4, 0(a5)               : MemWrite :  D=0x000000000000fff1 A=0x6f00a
5822000: system.cpu: T0 : 0x10ac6    : lw a4, -64(s0)             : MemRead :  D=0xfffffffffffffead A=0x7ffffffffffffda0
5823000: system.cpu: T0 : 0x10aca    : lw a5, -56(s0)             : MemRead :  D=0xffffffffffffff7a A=0x7ffffffffffffda8
5824000: system.cpu: T0 : 0x10ace    : subw a5, a4, a5            : IntAlu :  D=0xffffffffffffff33
5824500: system.cpu: T0 : 0x10ad2    : c_addiw a5, 0              : IntAlu :  D=0xffffffffffffff33
5825000: system.cpu: T0 : 0x10ad4    : sraiw a5, a5, 5            : IntAlu :  D=0xfffffffffffffff9
5825500: system.cpu: T0 : 0x10ad8    : addiw a3, a5, 0            : IntAlu :  D=0xfffffffffffffff9
5826000: system.cpu: T0 : 0x10adc    : lw a5, -124(s0)            : MemRead :  D=0x0000000000000008 A=0x7ffffffffffffd64
5826500: system.cpu: T0 : 0x10ae0    : slliw a5, a5, 2            : IntAlu :  D=0x0000000000000020
5827000: system.cpu: T0 : 0x10ae4    : c_addiw a5, 0              : IntAlu :  D=0x0000000000000020
5827500: system.cpu: T0 : 0x10ae6    : c_slli a5, 1               : IntAlu :  D=0x0000000000000040
5828000: system.cpu: T0 : 0x10ae8    : ld a4, -24(s0)             : MemRead :  D=0x000000000006f00a A=0x7ffffffffffffdc8
5828500: system.cpu: T0 : 0x10aec    : c_add a5, a4               : IntAlu :  D=0x000000000006f04a
5829500: system.cpu: T0 : 0x10aee    : slliw a4, a3, 16           : IntAlu :  D=0xfffffffffff90000
5830500: system.cpu: T0 : 0x10af2    : sraiw a4, a4, 16           : IntAlu :  D=0xfffffffffffffff9
5831500: system.cpu: T0 : 0x10af6    : sh a4, 0(a5)               : MemWrite :  D=0x000000000000fff9 A=0x6f04a
5832000: system.cpu: T0 : 0x10afa    : c_lui a5, 1                : IntAlu :  D=0x0000000000001000
5832500: system.cpu: T0 : 0x10afc    : addiw a5, a5, 337          : IntAlu :  D=0x0000000000001151
5833000: system.cpu: T0 : 0x10b00    : sw a5, -48(s0)             : MemWrite :  D=0x0000000000001151 A=0x7ffffffffffffdb0
5833500: system.cpu: T0 : 0x10b04    : lw a4, -52(s0)             : MemRead :  D=0xfffffffffffffe8a A=0x7ffffffffffffdac
5834000: system.cpu: T0 : 0x10b08    : lw a5, -60(s0)             : MemRead :  D=0x0000000000000007 A=0x7ffffffffffffda4
5834500: system.cpu: T0 : 0x10b0c    : c_addw a5, a4              : IntAlu :  D=0xfffffffffffffe91
5835000: system.cpu: T0 : 0x10b0e    : c_addiw a5, 0              : IntAlu :  D=0xfffffffffffffe91
5835500: system.cpu: T0 : 0x10b10    : lw a4, -48(s0)             : MemRead :  D=0x0000000000001151 A=0x7ffffffffffffdb0
5836000: system.cpu: T0 : 0x10b14    : mulw a5, a4, a5            : IntMult :  D=0xffffffffffe72ce1
5836500: system.cpu: T0 : 0x10b18    : sw a5, -44(s0)             : MemWrite :  D=0x00000000ffe72ce1 A=0x7ffffffffffffdb4
5837000: system.cpu: T0 : 0x10b1c    : c_lui a5, 2                : IntAlu :  D=0x0000000000002000
5838000: system.cpu: T0 : 0x10b1e    : addiw a5, a5, -1922        : IntAlu :  D=0x000000000000187e
5839000: system.cpu: T0 : 0x10b22    : sw a5, -48(s0)             : MemWrite :  D=0x000000000000187e A=0x7ffffffffffffdb0
5840000: system.cpu: T0 : 0x10b26    : lw a4, -60(s0)             : MemRead :  D=0x0000000000000007 A=0x7ffffffffffffda4
5841000: system.cpu: T0 : 0x10b2a    : lw a5, -48(s0)             : MemRead :  D=0x000000000000187e A=0x7ffffffffffffdb0
5842000: system.cpu: T0 : 0x10b2e    : mulw a5, a4, a5            : IntMult :  D=0x000000000000ab72
5842500: system.cpu: T0 : 0x10b32    : c_addiw a5, 0              : IntAlu :  D=0x000000000000ab72
5843000: system.cpu: T0 : 0x10b34    : lw a4, -44(s0)             : MemRead :  D=0xffffffffffe72ce1 A=0x7ffffffffffffdb4
5843500: system.cpu: T0 : 0x10b38    : c_addw a5, a4              : IntAlu :  D=0xffffffffffe7d853
5844000: system.cpu: T0 : 0x10b3a    : c_addiw a5, 0              : IntAlu :  D=0xffffffffffe7d853
5844500: system.cpu: T0 : 0x10b3c    : sraiw a5, a5, 18           : IntAlu :  D=0xfffffffffffffff9
5845000: system.cpu: T0 : 0x10b40    : addiw a3, a5, 0            : IntAlu :  D=0xfffffffffffffff9
5845500: system.cpu: T0 : 0x10b44    : lw a5, -124(s0)            : MemRead :  D=0x0000000000000008 A=0x7ffffffffffffd64
5846000: system.cpu: T0 : 0x10b48    : slliw a5, a5, 1            : IntAlu :  D=0x0000000000000010
5846500: system.cpu: T0 : 0x10b4c    : c_addiw a5, 0              : IntAlu :  D=0x0000000000000010
5847000: system.cpu: T0 : 0x10b4e    : c_slli a5, 1               : IntAlu :  D=0x0000000000000020
5847500: system.cpu: T0 : 0x10b50    : ld a4, -24(s0)             : MemRead :  D=0x000000000006f00a A=0x7ffffffffffffdc8
5848000: system.cpu: T0 : 0x10b54    : c_add a5, a4               : IntAlu :  D=0x000000000006f02a
5849000: system.cpu: T0 : 0x10b56    : slliw a4, a3, 16           : IntAlu :  D=0xfffffffffff90000
5850000: system.cpu: T0 : 0x10b5a    : sraiw a4, a4, 16           : IntAlu :  D=0xfffffffffffffff9
5851000: system.cpu: T0 : 0x10b5e    : sh a4, 0(a5)               : MemWrite :  D=0x000000000000fff9 A=0x6f02a
5851500: system.cpu: T0 : 0x10b62    : c_lui a5, 1048572          : IntAlu :  D=0xffffffffffffc000
5852000: system.cpu: T0 : 0x10b64    : addiw a5, a5, 1247         : IntAlu :  D=0xffffffffffffc4df
5852500: system.cpu: T0 : 0x10b68    : sw a5, -48(s0)             : MemWrite :  D=0x00000000ffffc4df A=0x7ffffffffffffdb0
5853000: system.cpu: T0 : 0x10b6c    : lw a4, -52(s0)             : MemRead :  D=0xfffffffffffffe8a A=0x7ffffffffffffdac
5853500: system.cpu: T0 : 0x10b70    : lw a5, -48(s0)             : MemRead :  D=0xffffffffffffc4df A=0x7ffffffffffffdb0
5854000: system.cpu: T0 : 0x10b74    : mulw a5, a4, a5            : IntMult :  D=0x0000000000566236
5854500: system.cpu: T0 : 0x10b78    : c_addiw a5, 0              : IntAlu :  D=0x0000000000566236
5855500: system.cpu: T0 : 0x10b7a    : lw a4, -44(s0)             : MemRead :  D=0xffffffffffe72ce1 A=0x7ffffffffffffdb4
5856000: system.cpu: T0 : 0x10b7e    : c_addw a5, a4              : IntAlu :  D=0x00000000003d8f17
5856500: system.cpu: T0 : 0x10b80    : c_addiw a5, 0              : IntAlu :  D=0x00000000003d8f17
5857500: system.cpu: T0 : 0x10b82    : sraiw a5, a5, 18           : IntAlu :  D=0x000000000000000f
5858500: system.cpu: T0 : 0x10b86    : addiw a3, a5, 0            : IntAlu :  D=0x000000000000000f
5859500: system.cpu: T0 : 0x10b8a    : lw a4, -124(s0)            : MemRead :  D=0x0000000000000008 A=0x7ffffffffffffd64
5860000: system.cpu: T0 : 0x10b8e    : c_mv a5, a4                : IntAlu :  D=0x0000000000000008
5860500: system.cpu: T0 : 0x10b90    : slliw a5, a5, 1            : IntAlu :  D=0x0000000000000010
5861000: system.cpu: T0 : 0x10b94    : c_addw a5, a4              : IntAlu :  D=0x0000000000000018
5862000: system.cpu: T0 : 0x10b96    : slliw a5, a5, 1            : IntAlu :  D=0x0000000000000030
5862500: system.cpu: T0 : 0x10b9a    : c_addiw a5, 0              : IntAlu :  D=0x0000000000000030
5863000: system.cpu: T0 : 0x10b9c    : c_slli a5, 1               : IntAlu :  D=0x0000000000000060
5864000: system.cpu: T0 : 0x10b9e    : ld a4, -24(s0)             : MemRead :  D=0x000000000006f00a A=0x7ffffffffffffdc8
5864500: system.cpu: T0 : 0x10ba2    : c_add a5, a4               : IntAlu :  D=0x000000000006f06a
5865000: system.cpu: T0 : 0x10ba4    : slliw a4, a3, 16           : IntAlu :  D=0x00000000000f0000
5865500: system.cpu: T0 : 0x10ba8    : sraiw a4, a4, 16           : IntAlu :  D=0x000000000000000f
5866000: system.cpu: T0 : 0x10bac    : sh a4, 0(a5)               : MemWrite :  D=0x000000000000000f A=0x6f06a
5866500: system.cpu: T0 : 0x10bb0    : lw a4, -68(s0)             : MemRead :  D=0x0000000000000001 A=0x7ffffffffffffd9c
5867000: system.cpu: T0 : 0x10bb4    : lw a5, -92(s0)             : MemRead :  D=0xffffffffffffff7a A=0x7ffffffffffffd84
5867500: system.cpu: T0 : 0x10bb8    : c_addw a5, a4              : IntAlu :  D=0xffffffffffffff7b
5868500: system.cpu: T0 : 0x10bba    : sw a5, -44(s0)             : MemWrite :  D=0x00000000ffffff7b A=0x7ffffffffffffdb4
5869500: system.cpu: T0 : 0x10bbe    : lw a4, -76(s0)             : MemRead :  D=0xfffffffffffffee2 A=0x7ffffffffffffd94
5870500: system.cpu: T0 : 0x10bc2    : lw a5, -84(s0)             : MemRead :  D=0x000000000000002a A=0x7ffffffffffffd8c
5871000: system.cpu: T0 : 0x10bc6    : c_addw a5, a4              : IntAlu :  D=0xffffffffffffff0c
5871500: system.cpu: T0 : 0x10bc8    : sw a5, -40(s0)             : MemWrite :  D=0x00000000ffffff0c A=0x7ffffffffffffdb8
5872000: system.cpu: T0 : 0x10bcc    : lw a4, -68(s0)             : MemRead :  D=0x0000000000000001 A=0x7ffffffffffffd9c
5872500: system.cpu: T0 : 0x10bd0    : lw a5, -84(s0)             : MemRead :  D=0x000000000000002a A=0x7ffffffffffffd8c
5873000: system.cpu: T0 : 0x10bd4    : c_addw a5, a4              : IntAlu :  D=0x000000000000002b
5874000: system.cpu: T0 : 0x10bd6    : sw a5, -36(s0)             : MemWrite :  D=0x000000000000002b A=0x7ffffffffffffdbc
5875000: system.cpu: T0 : 0x10bda    : lw a4, -76(s0)             : MemRead :  D=0xfffffffffffffee2 A=0x7ffffffffffffd94
5876000: system.cpu: T0 : 0x10bde    : lw a5, -92(s0)             : MemRead :  D=0xffffffffffffff7a A=0x7ffffffffffffd84
5876500: system.cpu: T0 : 0x10be2    : c_addw a5, a4              : IntAlu :  D=0xfffffffffffffe5c
5877000: system.cpu: T0 : 0x10be4    : sw a5, -32(s0)             : MemWrite :  D=0x00000000fffffe5c A=0x7ffffffffffffdc0
5877500: system.cpu: T0 : 0x10be8    : c_lui a5, 2                : IntAlu :  D=0x0000000000002000
5878500: system.cpu: T0 : 0x10bea    : addiw a5, a5, 1441         : IntAlu :  D=0x00000000000025a1
5879500: system.cpu: T0 : 0x10bee    : sw a5, -48(s0)             : MemWrite :  D=0x00000000000025a1 A=0x7ffffffffffffdb0
5880500: system.cpu: T0 : 0x10bf2    : lw a4, -36(s0)             : MemRead :  D=0x000000000000002b A=0x7ffffffffffffdbc
5881500: system.cpu: T0 : 0x10bf6    : lw a5, -32(s0)             : MemRead :  D=0xfffffffffffffe5c A=0x7ffffffffffffdc0
5882000: system.cpu: T0 : 0x10bfa    : c_addw a5, a4              : IntAlu :  D=0xfffffffffffffe87
5882500: system.cpu: T0 : 0x10bfc    : c_addiw a5, 0              : IntAlu :  D=0xfffffffffffffe87
5883500: system.cpu: T0 : 0x10bfe    : lw a4, -48(s0)             : MemRead :  D=0x00000000000025a1 A=0x7ffffffffffffdb0
5884500: system.cpu: T0 : 0x10c02    : mulw a5, a4, a5            : IntMult :  D=0xffffffffffc895e7
5885500: system.cpu: T0 : 0x10c06    : sw a5, -28(s0)             : MemWrite :  D=0x00000000ffc895e7 A=0x7ffffffffffffdc4
5886000: system.cpu: T0 : 0x10c0a    : c_lui a5, 1                : IntAlu :  D=0x0000000000001000
5886500: system.cpu: T0 : 0x10c0c    : addiw a5, a5, -1650        : IntAlu :  D=0x000000000000098e
5887000: system.cpu: T0 : 0x10c10    : sw a5, -48(s0)             : MemWrite :  D=0x000000000000098e A=0x7ffffffffffffdb0
5887500: system.cpu: T0 : 0x10c14    : lw a4, -68(s0)             : MemRead :  D=0x0000000000000001 A=0x7ffffffffffffd9c
5888000: system.cpu: T0 : 0x10c18    : lw a5, -48(s0)             : MemRead :  D=0x000000000000098e A=0x7ffffffffffffdb0
5888500: system.cpu: T0 : 0x10c1c    : mulw a5, a4, a5            : IntMult :  D=0x000000000000098e
5889000: system.cpu: T0 : 0x10c20    : sw a5, -68(s0)             : MemWrite :  D=0x000000000000098e A=0x7ffffffffffffd9c
5889500: system.cpu: T0 : 0x10c24    : c_lui a5, 4                : IntAlu :  D=0x0000000000004000
5890500: system.cpu: T0 : 0x10c26    : addiw a5, a5, 435          : IntAlu :  D=0x00000000000041b3
5891500: system.cpu: T0 : 0x10c2a    : sw a5, -48(s0)             : MemWrite :  D=0x00000000000041b3 A=0x7ffffffffffffdb0
5892500: system.cpu: T0 : 0x10c2e    : lw a4, -76(s0)             : MemRead :  D=0xfffffffffffffee2 A=0x7ffffffffffffd94
5893500: system.cpu: T0 : 0x10c32    : lw a5, -48(s0)             : MemRead :  D=0x00000000000041b3 A=0x7ffffffffffffdb0
5894500: system.cpu: T0 : 0x10c36    : mulw a5, a4, a5            : IntMult :  D=0xffffffffffb69a06
5895500: system.cpu: T0 : 0x10c3a    : sw a5, -76(s0)             : MemWrite :  D=0x00000000ffb69a06 A=0x7ffffffffffffd94
5896000: system.cpu: T0 : 0x10c3e    : c_lui a5, 6                : IntAlu :  D=0x0000000000006000
5896500: system.cpu: T0 : 0x10c40    : addiw a5, a5, 596          : IntAlu :  D=0x0000000000006254
5897000: system.cpu: T0 : 0x10c44    : sw a5, -48(s0)             : MemWrite :  D=0x0000000000006254 A=0x7ffffffffffffdb0
5897500: system.cpu: T0 : 0x10c48    : lw a4, -84(s0)             : MemRead :  D=0x000000000000002a A=0x7ffffffffffffd8c
5898000: system.cpu: T0 : 0x10c4c    : lw a5, -48(s0)             : MemRead :  D=0x0000000000006254 A=0x7ffffffffffffdb0
5898500: system.cpu: T0 : 0x10c50    : mulw a5, a4, a5            : IntMult :  D=0x00000000001021c8
5899000: system.cpu: T0 : 0x10c54    : sw a5, -84(s0)             : MemWrite :  D=0x00000000001021c8 A=0x7ffffffffffffd8c
5899500: system.cpu: T0 : 0x10c58    : c_lui a5, 3                : IntAlu :  D=0x0000000000003000
5900000: system.cpu: T0 : 0x10c5a    : c_addiw a5, 11             : IntAlu :  D=0x000000000000300b
5900500: system.cpu: T0 : 0x10c5c    : sw a5, -48(s0)             : MemWrite :  D=0x000000000000300b A=0x7ffffffffffffdb0
5901000: system.cpu: T0 : 0x10c60    : lw a4, -92(s0)             : MemRead :  D=0xffffffffffffff7a A=0x7ffffffffffffd84
5901500: system.cpu: T0 : 0x10c64    : lw a5, -48(s0)             : MemRead :  D=0x000000000000300b A=0x7ffffffffffffdb0
5902000: system.cpu: T0 : 0x10c68    : mulw a5, a4, a5            : IntMult :  D=0xffffffffffe6da3e
5902500: system.cpu: T0 : 0x10c6c    : sw a5, -92(s0)             : MemWrite :  D=0x00000000ffe6da3e A=0x7ffffffffffffd84
5903000: system.cpu: T0 : 0x10c70    : c_lui a5, 1048574          : IntAlu :  D=0xffffffffffffe000
5904000: system.cpu: T0 : 0x10c72    : addiw a5, a5, 819          : IntAlu :  D=0xffffffffffffe333
5905000: system.cpu: T0 : 0x10c76    : sw a5, -48(s0)             : MemWrite :  D=0x00000000ffffe333 A=0x7ffffffffffffdb0
5906000: system.cpu: T0 : 0x10c7a    : lw a4, -44(s0)             : MemRead :  D=0xffffffffffffff7b A=0x7ffffffffffffdb4
5907000: system.cpu: T0 : 0x10c7e    : lw a5, -48(s0)             : MemRead :  D=0xffffffffffffe333 A=0x7ffffffffffffdb0
5908000: system.cpu: T0 : 0x10c82    : mulw a5, a4, a5            : IntMult :  D=0x00000000000ef681
5909000: system.cpu: T0 : 0x10c86    : sw a5, -44(s0)             : MemWrite :  D=0x00000000000ef681 A=0x7ffffffffffffdb4
5909500: system.cpu: T0 : 0x10c8a    : c_lui a5, 1048571          : IntAlu :  D=0xffffffffffffb000
5910000: system.cpu: T0 : 0x10c8c    : addiw a5, a5, -515         : IntAlu :  D=0xffffffffffffadfd
5910500: system.cpu: T0 : 0x10c90    : sw a5, -48(s0)             : MemWrite :  D=0x00000000ffffadfd A=0x7ffffffffffffdb0
5911000: system.cpu: T0 : 0x10c94    : lw a4, -40(s0)             : MemRead :  D=0xffffffffffffff0c A=0x7ffffffffffffdb8
5911500: system.cpu: T0 : 0x10c98    : lw a5, -48(s0)             : MemRead :  D=0xffffffffffffadfd A=0x7ffffffffffffdb0
5912000: system.cpu: T0 : 0x10c9c    : mulw a5, a4, a5            : IntMult :  D=0x00000000004e2adc
5912500: system.cpu: T0 : 0x10ca0    : sw a5, -40(s0)             : MemWrite :  D=0x00000000004e2adc A=0x7ffffffffffffdb8
5913000: system.cpu: T0 : 0x10ca4    : c_lui a5, 1048572          : IntAlu :  D=0xffffffffffffc000
5914000: system.cpu: T0 : 0x10ca6    : addiw a5, a5, 315          : IntAlu :  D=0xffffffffffffc13b
5915000: system.cpu: T0 : 0x10caa    : sw a5, -48(s0)             : MemWrite :  D=0x00000000ffffc13b A=0x7ffffffffffffdb0
5916000: system.cpu: T0 : 0x10cae    : lw a4, -36(s0)             : MemRead :  D=0x000000000000002b A=0x7ffffffffffffdbc
5917000: system.cpu: T0 : 0x10cb2    : lw a5, -48(s0)             : MemRead :  D=0xffffffffffffc13b A=0x7ffffffffffffdb0
5918000: system.cpu: T0 : 0x10cb6    : mulw a5, a4, a5            : IntMult :  D=0xfffffffffff574e9
5919000: system.cpu: T0 : 0x10cba    : sw a5, -36(s0)             : MemWrite :  D=0x00000000fff574e9 A=0x7ffffffffffffdbc
5919500: system.cpu: T0 : 0x10cbe    : c_lui a5, 1048575          : IntAlu :  D=0xfffffffffffff000
5920000: system.cpu: T0 : 0x10cc0    : addiw a5, a5, 900          : IntAlu :  D=0xfffffffffffff384
5920500: system.cpu: T0 : 0x10cc4    : sw a5, -48(s0)             : MemWrite :  D=0x00000000fffff384 A=0x7ffffffffffffdb0
5921000: system.cpu: T0 : 0x10cc8    : lw a4, -32(s0)             : MemRead :  D=0xfffffffffffffe5c A=0x7ffffffffffffdc0
5921500: system.cpu: T0 : 0x10ccc    : lw a5, -48(s0)             : MemRead :  D=0xfffffffffffff384 A=0x7ffffffffffffdb0
5922000: system.cpu: T0 : 0x10cd0    : mulw a5, a4, a5            : IntMult :  D=0x0000000000147b70
5922500: system.cpu: T0 : 0x10cd4    : sw a5, -32(s0)             : MemWrite :  D=0x0000000000147b70 A=0x7ffffffffffffdc0
5923000: system.cpu: T0 : 0x10cd8    : lw a4, -36(s0)             : MemRead :  D=0xfffffffffff574e9 A=0x7ffffffffffffdbc
5923500: system.cpu: T0 : 0x10cdc    : lw a5, -28(s0)             : MemRead :  D=0xffffffffffc895e7 A=0x7ffffffffffffdc4
5924000: system.cpu: T0 : 0x10ce0    : c_addw a5, a4              : IntAlu :  D=0xffffffffffbe0ad0
5925000: system.cpu: T0 : 0x10ce2    : sw a5, -36(s0)             : MemWrite :  D=0x00000000ffbe0ad0 A=0x7ffffffffffffdbc
5926000: system.cpu: T0 : 0x10ce6    : lw a4, -32(s0)             : MemRead :  D=0x0000000000147b70 A=0x7ffffffffffffdc0
5927000: system.cpu: T0 : 0x10cea    : lw a5, -28(s0)             : MemRead :  D=0xffffffffffc895e7 A=0x7ffffffffffffdc4
5927500: system.cpu: T0 : 0x10cee    : c_addw a5, a4              : IntAlu :  D=0xffffffffffdd1157
5928000: system.cpu: T0 : 0x10cf0    : sw a5, -32(s0)             : MemWrite :  D=0x00000000ffdd1157 A=0x7ffffffffffffdc0
5928500: system.cpu: T0 : 0x10cf4    : lw a4, -68(s0)             : MemRead :  D=0x000000000000098e A=0x7ffffffffffffd9c
5929000: system.cpu: T0 : 0x10cf8    : lw a5, -44(s0)             : MemRead :  D=0x00000000000ef681 A=0x7ffffffffffffdb4
5929500: system.cpu: T0 : 0x10cfc    : c_addw a5, a4              : IntAlu :  D=0x00000000000f000f
5930000: system.cpu: T0 : 0x10cfe    : c_addiw a5, 0              : IntAlu :  D=0x00000000000f000f
5930500: system.cpu: T0 : 0x10d00    : lw a4, -36(s0)             : MemRead :  D=0xffffffffffbe0ad0 A=0x7ffffffffffffdbc
5931000: system.cpu: T0 : 0x10d04    : c_addw a5, a4              : IntAlu :  D=0xffffffffffcd0adf
5931500: system.cpu: T0 : 0x10d06    : c_addiw a5, 0              : IntAlu :  D=0xffffffffffcd0adf
5932000: system.cpu: T0 : 0x10d08    : sraiw a5, a5, 18           : IntAlu :  D=0xfffffffffffffff3
5932500: system.cpu: T0 : 0x10d0c    : addiw a3, a5, 0            : IntAlu :  D=0xfffffffffffffff3
5933000: system.cpu: T0 : 0x10d10    : lw a4, -124(s0)            : MemRead :  D=0x0000000000000008 A=0x7ffffffffffffd64
5933500: system.cpu: T0 : 0x10d14    : c_mv a5, a4                : IntAlu :  D=0x0000000000000008
5934500: system.cpu: T0 : 0x10d16    : slliw a5, a5, 3            : IntAlu :  D=0x0000000000000040
5935000: system.cpu: T0 : 0x10d1a    : c_subw a5, a4              : IntAlu :  D=0x0000000000000038
5935500: system.cpu: T0 : 0x10d1c    : c_addiw a5, 0              : IntAlu :  D=0x0000000000000038
5936000: system.cpu: T0 : 0x10d1e    : c_slli a5, 1               : IntAlu :  D=0x0000000000000070
5936500: system.cpu: T0 : 0x10d20    : ld a4, -24(s0)             : MemRead :  D=0x000000000006f00a A=0x7ffffffffffffdc8
5937000: system.cpu: T0 : 0x10d24    : c_add a5, a4               : IntAlu :  D=0x000000000006f07a
5938000: system.cpu: T0 : 0x10d26    : slliw a4, a3, 16           : IntAlu :  D=0xfffffffffff30000
5939000: system.cpu: T0 : 0x10d2a    : sraiw a4, a4, 16           : IntAlu :  D=0xfffffffffffffff3
5940000: system.cpu: T0 : 0x10d2e    : sh a4, 0(a5)               : MemWrite :  D=0x000000000000fff3 A=0x6f07a
5941000: system.cpu: T0 : 0x10d32    : lw a4, -76(s0)             : MemRead :  D=0xffffffffffb69a06 A=0x7ffffffffffffd94
5942000: system.cpu: T0 : 0x10d36    : lw a5, -40(s0)             : MemRead :  D=0x00000000004e2adc A=0x7ffffffffffffdb8
5942500: system.cpu: T0 : 0x10d3a    : c_addw a5, a4              : IntAlu :  D=0x000000000004c4e2
5943000: system.cpu: T0 : 0x10d3c    : c_addiw a5, 0              : IntAlu :  D=0x000000000004c4e2
5944000: system.cpu: T0 : 0x10d3e    : lw a4, -32(s0)             : MemRead :  D=0xffffffffffdd1157 A=0x7ffffffffffffdc0
5944500: system.cpu: T0 : 0x10d42    : c_addw a5, a4              : IntAlu :  D=0xffffffffffe1d639
5945000: system.cpu: T0 : 0x10d44    : c_addiw a5, 0              : IntAlu :  D=0xffffffffffe1d639
5946000: system.cpu: T0 : 0x10d46    : sraiw a5, a5, 18           : IntAlu :  D=0xfffffffffffffff8
5947000: system.cpu: T0 : 0x10d4a    : addiw a3, a5, 0            : IntAlu :  D=0xfffffffffffffff8
5948000: system.cpu: T0 : 0x10d4e    : lw a4, -124(s0)            : MemRead :  D=0x0000000000000008 A=0x7ffffffffffffd64
5948500: system.cpu: T0 : 0x10d52    : c_mv a5, a4                : IntAlu :  D=0x0000000000000008
5949000: system.cpu: T0 : 0x10d54    : slliw a5, a5, 2            : IntAlu :  D=0x0000000000000020
5949500: system.cpu: T0 : 0x10d58    : c_addw a5, a4              : IntAlu :  D=0x0000000000000028
5950000: system.cpu: T0 : 0x10d5a    : c_addiw a5, 0              : IntAlu :  D=0x0000000000000028
5950500: system.cpu: T0 : 0x10d5c    : c_slli a5, 1               : IntAlu :  D=0x0000000000000050
5951500: system.cpu: T0 : 0x10d5e    : ld a4, -24(s0)             : MemRead :  D=0x000000000006f00a A=0x7ffffffffffffdc8
5952000: system.cpu: T0 : 0x10d62    : c_add a5, a4               : IntAlu :  D=0x000000000006f05a
5952500: system.cpu: T0 : 0x10d64    : slliw a4, a3, 16           : IntAlu :  D=0xfffffffffff80000
5953000: system.cpu: T0 : 0x10d68    : sraiw a4, a4, 16           : IntAlu :  D=0xfffffffffffffff8
5953500: system.cpu: T0 : 0x10d6c    : sh a4, 0(a5)               : MemWrite :  D=0x000000000000fff8 A=0x6f05a
5954000: system.cpu: T0 : 0x10d70    : lw a4, -84(s0)             : MemRead :  D=0x00000000001021c8 A=0x7ffffffffffffd8c
5954500: system.cpu: T0 : 0x10d74    : lw a5, -40(s0)             : MemRead :  D=0x00000000004e2adc A=0x7ffffffffffffdb8
5955000: system.cpu: T0 : 0x10d78    : c_addw a5, a4              : IntAlu :  D=0x00000000005e4ca4
5955500: system.cpu: T0 : 0x10d7a    : c_addiw a5, 0              : IntAlu :  D=0x00000000005e4ca4
5956000: system.cpu: T0 : 0x10d7c    : lw a4, -36(s0)             : MemRead :  D=0xffffffffffbe0ad0 A=0x7ffffffffffffdbc
5956500: system.cpu: T0 : 0x10d80    : c_addw a5, a4              : IntAlu :  D=0x00000000001c5774
5957000: system.cpu: T0 : 0x10d82    : c_addiw a5, 0              : IntAlu :  D=0x00000000001c5774
5957500: system.cpu: T0 : 0x10d84    : sraiw a5, a5, 18           : IntAlu :  D=0x0000000000000007
5958000: system.cpu: T0 : 0x10d88    : addiw a3, a5, 0            : IntAlu :  D=0x0000000000000007
5958500: system.cpu: T0 : 0x10d8c    : lw a4, -124(s0)            : MemRead :  D=0x0000000000000008 A=0x7ffffffffffffd64
5959000: system.cpu: T0 : 0x10d90    : c_mv a5, a4                : IntAlu :  D=0x0000000000000008
5960000: system.cpu: T0 : 0x10d92    : slliw a5, a5, 1            : IntAlu :  D=0x0000000000000010
5960500: system.cpu: T0 : 0x10d96    : c_addw a5, a4              : IntAlu :  D=0x0000000000000018
5961000: system.cpu: T0 : 0x10d98    : c_addiw a5, 0              : IntAlu :  D=0x0000000000000018
5961500: system.cpu: T0 : 0x10d9a    : c_slli a5, 1               : IntAlu :  D=0x0000000000000030
5962000: system.cpu: T0 : 0x10d9c    : ld a4, -24(s0)             : MemRead :  D=0x000000000006f00a A=0x7ffffffffffffdc8
5962500: system.cpu: T0 : 0x10da0    : c_add a5, a4               : IntAlu :  D=0x000000000006f03a
5963500: system.cpu: T0 : 0x10da2    : slliw a4, a3, 16           : IntAlu :  D=0x0000000000070000
5964500: system.cpu: T0 : 0x10da6    : sraiw a4, a4, 16           : IntAlu :  D=0x0000000000000007
5965500: system.cpu: T0 : 0x10daa    : sh a4, 0(a5)               : MemWrite :  D=0x0000000000000007 A=0x6f03a
5966500: system.cpu: T0 : 0x10dae    : lw a4, -92(s0)             : MemRead :  D=0xffffffffffe6da3e A=0x7ffffffffffffd84
5967500: system.cpu: T0 : 0x10db2    : lw a5, -44(s0)             : MemRead :  D=0x00000000000ef681 A=0x7ffffffffffffdb4
5968000: system.cpu: T0 : 0x10db6    : c_addw a5, a4              : IntAlu :  D=0xfffffffffff5d0bf
5968500: system.cpu: T0 : 0x10db8    : c_addiw a5, 0              : IntAlu :  D=0xfffffffffff5d0bf
5969500: system.cpu: T0 : 0x10dba    : lw a4, -32(s0)             : MemRead :  D=0xffffffffffdd1157 A=0x7ffffffffffffdc0
5970000: system.cpu: T0 : 0x10dbe    : c_addw a5, a4              : IntAlu :  D=0xffffffffffd2e216
5970500: system.cpu: T0 : 0x10dc0    : c_addiw a5, 0              : IntAlu :  D=0xffffffffffd2e216
5971500: system.cpu: T0 : 0x10dc2    : sraiw a5, a5, 18           : IntAlu :  D=0xfffffffffffffff4
5972500: system.cpu: T0 : 0x10dc6    : addiw a3, a5, 0            : IntAlu :  D=0xfffffffffffffff4
5973500: system.cpu: T0 : 0x10dca    : lw a5, -124(s0)            : MemRead :  D=0x0000000000000008 A=0x7ffffffffffffd64
5974000: system.cpu: T0 : 0x10dce    : c_slli a5, 1               : IntAlu :  D=0x0000000000000010
5974500: system.cpu: T0 : 0x10dd0    : ld a4, -24(s0)             : MemRead :  D=0x000000000006f00a A=0x7ffffffffffffdc8
5975000: system.cpu: T0 : 0x10dd4    : c_add a5, a4               : IntAlu :  D=0x000000000006f01a
5976000: system.cpu: T0 : 0x10dd6    : slliw a4, a3, 16           : IntAlu :  D=0xfffffffffff40000
5977000: system.cpu: T0 : 0x10dda    : sraiw a4, a4, 16           : IntAlu :  D=0xfffffffffffffff4
5978000: system.cpu: T0 : 0x10dde    : sh a4, 0(a5)               : MemWrite :  D=0x000000000000fff4 A=0x6f01a
5979000: system.cpu: T0 : 0x10de2    : ld a5, -24(s0)             : MemRead :  D=0x000000000006f00a A=0x7ffffffffffffdc8
5979500: system.cpu: T0 : 0x10de6    : c_addi a5, 2               : IntAlu :  D=0x000000000006f00c
5980000: system.cpu: T0 : 0x10de8    : sd a5, -24(s0)             : MemWrite :  D=0x000000000006f00c A=0x7ffffffffffffdc8
5980500: system.cpu: T0 : 0x10dec    : lw a5, -100(s0)            : MemRead :  D=0x0000000000000005 A=0x7ffffffffffffd7c
5981000: system.cpu: T0 : 0x10df0    : c_addiw a5, 1              : IntAlu :  D=0x0000000000000006
5982000: system.cpu: T0 : 0x10df2    : sw a5, -100(s0)            : MemWrite :  D=0x0000000000000006 A=0x7ffffffffffffd7c
5983000: system.cpu: T0 : 0x10df6    : lw a5, -100(s0)            : MemRead :  D=0x0000000000000006 A=0x7ffffffffffffd7c
5984000: system.cpu: T0 : 0x10dfa    : addiw a4, a5, 0            : IntAlu :  D=0x0000000000000006
5984500: system.cpu: T0 : 0x10dfe    : c_li a5, 7                 : IntAlu :  D=0x0000000000000007
5985000: system.cpu: T0 : 0x10e00    : bge a5, a4, -1376          : IntAlu : 
5985500: system.cpu: T0 : 0x108a0    : ld a5, -24(s0)             : MemRead :  D=0x000000000006f00c A=0x7ffffffffffffdc8
5986000: system.cpu: T0 : 0x108a4    : lh a5, 0(a5)               : MemRead :  D=0x00000000000000b3 A=0x6f00c
5986500: system.cpu: T0 : 0x108a8    : addiw a3, a5, 0            : IntAlu :  D=0x00000000000000b3
5987000: system.cpu: T0 : 0x108ac    : lw a4, -124(s0)            : MemRead :  D=0x0000000000000008 A=0x7ffffffffffffd64
5987500: system.cpu: T0 : 0x108b0    : c_mv a5, a4                : IntAlu :  D=0x0000000000000008
5988500: system.cpu: T0 : 0x108b2    : slliw a5, a5, 3            : IntAlu :  D=0x0000000000000040
5989000: system.cpu: T0 : 0x108b6    : c_subw a5, a4              : IntAlu :  D=0x0000000000000038
5989500: system.cpu: T0 : 0x108b8    : c_addiw a5, 0              : IntAlu :  D=0x0000000000000038
5990000: system.cpu: T0 : 0x108ba    : c_slli a5, 1               : IntAlu :  D=0x0000000000000070
5990500: system.cpu: T0 : 0x108bc    : ld a4, -24(s0)             : MemRead :  D=0x000000000006f00c A=0x7ffffffffffffdc8
5991000: system.cpu: T0 : 0x108c0    : c_add a5, a4               : IntAlu :  D=0x000000000006f07c
5992000: system.cpu: T0 : 0x108c2    : lh a5, 0(a5)               : MemRead :  D=0xfffffffffffffff2 A=0x6f07c
5992500: system.cpu: T0 : 0x108c6    : c_addiw a5, 0              : IntAlu :  D=0xfffffffffffffff2
5993000: system.cpu: T0 : 0x108c8    : c_addw a5, a3              : IntAlu :  D=0x00000000000000a5
5994000: system.cpu: T0 : 0x108ca    : sw a5, -96(s0)             : MemWrite :  D=0x00000000000000a5 A=0x7ffffffffffffd80
5995000: system.cpu: T0 : 0x108ce    : ld a5, -24(s0)             : MemRead :  D=0x000000000006f00c A=0x7ffffffffffffdc8
5996000: system.cpu: T0 : 0x108d2    : lh a5, 0(a5)               : MemRead :  D=0x00000000000000b3 A=0x6f00c
5997000: system.cpu: T0 : 0x108d6    : addiw a3, a5, 0            : IntAlu :  D=0x00000000000000b3
5998000: system.cpu: T0 : 0x108da    : lw a4, -124(s0)            : MemRead :  D=0x0000000000000008 A=0x7ffffffffffffd64
5998500: system.cpu: T0 : 0x108de    : c_mv a5, a4                : IntAlu :  D=0x0000000000000008
5999000: system.cpu: T0 : 0x108e0    : slliw a5, a5, 3            : IntAlu :  D=0x0000000000000040
5999500: system.cpu: T0 : 0x108e4    : c_subw a5, a4              : IntAlu :  D=0x0000000000000038
6000000: system.cpu: T0 : 0x108e6    : c_addiw a5, 0              : IntAlu :  D=0x0000000000000038
6000500: system.cpu: T0 : 0x108e8    : c_slli a5, 1               : IntAlu :  D=0x0000000000000070
6001500: system.cpu: T0 : 0x108ea    : ld a4, -24(s0)             : MemRead :  D=0x000000000006f00c A=0x7ffffffffffffdc8
6002000: system.cpu: T0 : 0x108ee    : c_add a5, a4               : IntAlu :  D=0x000000000006f07c
6002500: system.cpu: T0 : 0x108f0    : lh a5, 0(a5)               : MemRead :  D=0xfffffffffffffff2 A=0x6f07c
6003000: system.cpu: T0 : 0x108f4    : c_addiw a5, 0              : IntAlu :  D=0xfffffffffffffff2
6004000: system.cpu: T0 : 0x108f6    : subw a5, a3, a5            : IntAlu :  D=0x00000000000000c1
6005000: system.cpu: T0 : 0x108fa    : sw a5, -92(s0)             : MemWrite :  D=0x00000000000000c1 A=0x7ffffffffffffd84
6006000: system.cpu: T0 : 0x108fe    : lw a5, -124(s0)            : MemRead :  D=0x0000000000000008 A=0x7ffffffffffffd64
6006500: system.cpu: T0 : 0x10902    : c_slli a5, 1               : IntAlu :  D=0x0000000000000010
6007000: system.cpu: T0 : 0x10904    : ld a4, -24(s0)             : MemRead :  D=0x000000000006f00c A=0x7ffffffffffffdc8
6007500: system.cpu: T0 : 0x10908    : c_add a5, a4               : IntAlu :  D=0x000000000006f01c
6008500: system.cpu: T0 : 0x1090a    : lh a5, 0(a5)               : MemRead :  D=0xffffffffffffff68 A=0x6f01c
6009500: system.cpu: T0 : 0x1090e    : addiw a3, a5, 0            : IntAlu :  D=0xffffffffffffff68
6010500: system.cpu: T0 : 0x10912    : lw a4, -124(s0)            : MemRead :  D=0x0000000000000008 A=0x7ffffffffffffd64
6011000: system.cpu: T0 : 0x10916    : c_mv a5, a4                : IntAlu :  D=0x0000000000000008
6011500: system.cpu: T0 : 0x10918    : slliw a5, a5, 1            : IntAlu :  D=0x0000000000000010
6012000: system.cpu: T0 : 0x1091c    : c_addw a5, a4              : IntAlu :  D=0x0000000000000018
6013000: system.cpu: T0 : 0x1091e    : slliw a5, a5, 1            : IntAlu :  D=0x0000000000000030
6013500: system.cpu: T0 : 0x10922    : c_addiw a5, 0              : IntAlu :  D=0x0000000000000030
6014000: system.cpu: T0 : 0x10924    : c_slli a5, 1               : IntAlu :  D=0x0000000000000060
6015000: system.cpu: T0 : 0x10926    : ld a4, -24(s0)             : MemRead :  D=0x000000000006f00c A=0x7ffffffffffffdc8
6015500: system.cpu: T0 : 0x1092a    : c_add a5, a4               : IntAlu :  D=0x000000000006f06c
6016000: system.cpu: T0 : 0x1092c    : lh a5, 0(a5)               : MemRead :  D=0xffffffffffffff36 A=0x6f06c
6016500: system.cpu: T0 : 0x10930    : c_addiw a5, 0              : IntAlu :  D=0xffffffffffffff36
6017000: system.cpu: T0 : 0x10932    : c_addw a5, a3              : IntAlu :  D=0xfffffffffffffe9e
6017500: system.cpu: T0 : 0x10934    : sw a5, -88(s0)             : MemWrite :  D=0x00000000fffffe9e A=0x7ffffffffffffd88
6018000: system.cpu: T0 : 0x10938    : lw a5, -124(s0)            : MemRead :  D=0x0000000000000008 A=0x7ffffffffffffd64
6018500: system.cpu: T0 : 0x1093c    : c_slli a5, 1               : IntAlu :  D=0x0000000000000010
6019500: system.cpu: T0 : 0x1093e    : ld a4, -24(s0)             : MemRead :  D=0x000000000006f00c A=0x7ffffffffffffdc8
6020000: system.cpu: T0 : 0x10942    : c_add a5, a4               : IntAlu :  D=0x000000000006f01c
6020500: system.cpu: T0 : 0x10944    : lh a5, 0(a5)               : MemRead :  D=0xffffffffffffff68 A=0x6f01c
6021000: system.cpu: T0 : 0x10948    : addiw a3, a5, 0            : IntAlu :  D=0xffffffffffffff68
6021500: system.cpu: T0 : 0x1094c    : lw a4, -124(s0)            : MemRead :  D=0x0000000000000008 A=0x7ffffffffffffd64
6022000: system.cpu: T0 : 0x10950    : c_mv a5, a4                : IntAlu :  D=0x0000000000000008
6023000: system.cpu: T0 : 0x10952    : slliw a5, a5, 1            : IntAlu :  D=0x0000000000000010
6023500: system.cpu: T0 : 0x10956    : c_addw a5, a4              : IntAlu :  D=0x0000000000000018
6024000: system.cpu: T0 : 0x10958    : slliw a5, a5, 1            : IntAlu :  D=0x0000000000000030
6024500: system.cpu: T0 : 0x1095c    : c_addiw a5, 0              : IntAlu :  D=0x0000000000000030
6025000: system.cpu: T0 : 0x1095e    : c_slli a5, 1               : IntAlu :  D=0x0000000000000060
6025500: system.cpu: T0 : 0x10960    : ld a4, -24(s0)             : MemRead :  D=0x000000000006f00c A=0x7ffffffffffffdc8
6026000: system.cpu: T0 : 0x10964    : c_add a5, a4               : IntAlu :  D=0x000000000006f06c
6027000: system.cpu: T0 : 0x10966    : lh a5, 0(a5)               : MemRead :  D=0xffffffffffffff36 A=0x6f06c
6027500: system.cpu: T0 : 0x1096a    : c_addiw a5, 0              : IntAlu :  D=0xffffffffffffff36
6028000: system.cpu: T0 : 0x1096c    : subw a5, a3, a5            : IntAlu :  D=0x0000000000000032
6028500: system.cpu: T0 : 0x10970    : sw a5, -84(s0)             : MemWrite :  D=0x0000000000000032 A=0x7ffffffffffffd8c
6029000: system.cpu: T0 : 0x10974    : lw a5, -124(s0)            : MemRead :  D=0x0000000000000008 A=0x7ffffffffffffd64
6029500: system.cpu: T0 : 0x10978    : slliw a5, a5, 1            : IntAlu :  D=0x0000000000000010
6030000: system.cpu: T0 : 0x1097c    : c_addiw a5, 0              : IntAlu :  D=0x0000000000000010
6030500: system.cpu: T0 : 0x1097e    : c_slli a5, 1               : IntAlu :  D=0x0000000000000020
6031000: system.cpu: T0 : 0x10980    : ld a4, -24(s0)             : MemRead :  D=0x000000000006f00c A=0x7ffffffffffffdc8
6031500: system.cpu: T0 : 0x10984    : c_add a5, a4               : IntAlu :  D=0x000000000006f02c
6032500: system.cpu: T0 : 0x10986    : lh a5, 0(a5)               : MemRead :  D=0xffffffffffffff80 A=0x6f02c
6033500: system.cpu: T0 : 0x1098a    : addiw a3, a5, 0            : IntAlu :  D=0xffffffffffffff80
6034500: system.cpu: T0 : 0x1098e    : lw a4, -124(s0)            : MemRead :  D=0x0000000000000008 A=0x7ffffffffffffd64
6035000: system.cpu: T0 : 0x10992    : c_mv a5, a4                : IntAlu :  D=0x0000000000000008
6035500: system.cpu: T0 : 0x10994    : slliw a5, a5, 2            : IntAlu :  D=0x0000000000000020
6036000: system.cpu: T0 : 0x10998    : c_addw a5, a4              : IntAlu :  D=0x0000000000000028
6036500: system.cpu: T0 : 0x1099a    : c_addiw a5, 0              : IntAlu :  D=0x0000000000000028
6037000: system.cpu: T0 : 0x1099c    : c_slli a5, 1               : IntAlu :  D=0x0000000000000050
6038000: system.cpu: T0 : 0x1099e    : ld a4, -24(s0)             : MemRead :  D=0x000000000006f00c A=0x7ffffffffffffdc8
6038500: system.cpu: T0 : 0x109a2    : c_add a5, a4               : IntAlu :  D=0x000000000006f05c
6039000: system.cpu: T0 : 0x109a4    : lh a5, 0(a5)               : MemRead :  D=0xfffffffffffffff9 A=0x6f05c
6039500: system.cpu: T0 : 0x109a8    : c_addiw a5, 0              : IntAlu :  D=0xfffffffffffffff9
6040000: system.cpu: T0 : 0x109aa    : c_addw a5, a3              : IntAlu :  D=0xffffffffffffff79
6040500: system.cpu: T0 : 0x109ac    : sw a5, -80(s0)             : MemWrite :  D=0x00000000ffffff79 A=0x7ffffffffffffd90
6041000: system.cpu: T0 : 0x109b0    : lw a5, -124(s0)            : MemRead :  D=0x0000000000000008 A=0x7ffffffffffffd64
6041500: system.cpu: T0 : 0x109b4    : slliw a5, a5, 1            : IntAlu :  D=0x0000000000000010
6042000: system.cpu: T0 : 0x109b8    : c_addiw a5, 0              : IntAlu :  D=0x0000000000000010
6042500: system.cpu: T0 : 0x109ba    : c_slli a5, 1               : IntAlu :  D=0x0000000000000020
6043000: system.cpu: T0 : 0x109bc    : ld a4, -24(s0)             : MemRead :  D=0x000000000006f00c A=0x7ffffffffffffdc8
6043500: system.cpu: T0 : 0x109c0    : c_add a5, a4               : IntAlu :  D=0x000000000006f02c
6044500: system.cpu: T0 : 0x109c2    : lh a5, 0(a5)               : MemRead :  D=0xffffffffffffff80 A=0x6f02c
6045500: system.cpu: T0 : 0x109c6    : addiw a3, a5, 0            : IntAlu :  D=0xffffffffffffff80
6046500: system.cpu: T0 : 0x109ca    : lw a4, -124(s0)            : MemRead :  D=0x0000000000000008 A=0x7ffffffffffffd64
6047000: system.cpu: T0 : 0x109ce    : c_mv a5, a4                : IntAlu :  D=0x0000000000000008
6047500: system.cpu: T0 : 0x109d0    : slliw a5, a5, 2            : IntAlu :  D=0x0000000000000020
6048000: system.cpu: T0 : 0x109d4    : c_addw a5, a4              : IntAlu :  D=0x0000000000000028
6048500: system.cpu: T0 : 0x109d6    : c_addiw a5, 0              : IntAlu :  D=0x0000000000000028
6049000: system.cpu: T0 : 0x109d8    : c_slli a5, 1               : IntAlu :  D=0x0000000000000050
6050000: system.cpu: T0 : 0x109da    : ld a4, -24(s0)             : MemRead :  D=0x000000000006f00c A=0x7ffffffffffffdc8
6050500: system.cpu: T0 : 0x109de    : c_add a5, a4               : IntAlu :  D=0x000000000006f05c
6051000: system.cpu: T0 : 0x109e0    : lh a5, 0(a5)               : MemRead :  D=0xfffffffffffffff9 A=0x6f05c
6051500: system.cpu: T0 : 0x109e4    : c_addiw a5, 0              : IntAlu :  D=0xfffffffffffffff9
6052500: system.cpu: T0 : 0x109e6    : subw a5, a3, a5            : IntAlu :  D=0xffffffffffffff87
6053500: system.cpu: T0 : 0x109ea    : sw a5, -76(s0)             : MemWrite :  D=0x00000000ffffff87 A=0x7ffffffffffffd94
6054500: system.cpu: T0 : 0x109ee    : lw a4, -124(s0)            : MemRead :  D=0x0000000000000008 A=0x7ffffffffffffd64
6055000: system.cpu: T0 : 0x109f2    : c_mv a5, a4                : IntAlu :  D=0x0000000000000008
6055500: system.cpu: T0 : 0x109f4    : slliw a5, a5, 1            : IntAlu :  D=0x0000000000000010
6056000: system.cpu: T0 : 0x109f8    : c_addw a5, a4              : IntAlu :  D=0x0000000000000018
6056500: system.cpu: T0 : 0x109fa    : c_addiw a5, 0              : IntAlu :  D=0x0000000000000018
6057000: system.cpu: T0 : 0x109fc    : c_slli a5, 1               : IntAlu :  D=0x0000000000000030
6058000: system.cpu: T0 : 0x109fe    : ld a4, -24(s0)             : MemRead :  D=0x000000000006f00c A=0x7ffffffffffffdc8
6058500: system.cpu: T0 : 0x10a02    : c_add a5, a4               : IntAlu :  D=0x000000000006f03c
6059000: system.cpu: T0 : 0x10a04    : lh a5, 0(a5)               : MemRead :  D=0xffffffffffffff7f A=0x6f03c
6059500: system.cpu: T0 : 0x10a08    : addiw a4, a5, 0            : IntAlu :  D=0xffffffffffffff7f
6060000: system.cpu: T0 : 0x10a0c    : lw a5, -124(s0)            : MemRead :  D=0x0000000000000008 A=0x7ffffffffffffd64
6060500: system.cpu: T0 : 0x10a10    : slliw a5, a5, 2            : IntAlu :  D=0x0000000000000020
6061000: system.cpu: T0 : 0x10a14    : c_addiw a5, 0              : IntAlu :  D=0x0000000000000020
6061500: system.cpu: T0 : 0x10a16    : c_slli a5, 1               : IntAlu :  D=0x0000000000000040
6062000: system.cpu: T0 : 0x10a18    : ld a3, -24(s0)             : MemRead :  D=0x000000000006f00c A=0x7ffffffffffffdc8
6062500: system.cpu: T0 : 0x10a1c    : c_add a5, a3               : IntAlu :  D=0x000000000006f04c
6063500: system.cpu: T0 : 0x10a1e    : lh a5, 0(a5)               : MemRead :  D=0xffffffffffffff6d A=0x6f04c
6064000: system.cpu: T0 : 0x10a22    : c_addiw a5, 0              : IntAlu :  D=0xffffffffffffff6d
6064500: system.cpu: T0 : 0x10a24    : c_addw a5, a4              : IntAlu :  D=0xfffffffffffffeec
6065500: system.cpu: T0 : 0x10a26    : sw a5, -72(s0)             : MemWrite :  D=0x00000000fffffeec A=0x7ffffffffffffd98
6066500: system.cpu: T0 : 0x10a2a    : lw a4, -124(s0)            : MemRead :  D=0x0000000000000008 A=0x7ffffffffffffd64
6067000: system.cpu: T0 : 0x10a2e    : c_mv a5, a4                : IntAlu :  D=0x0000000000000008
6067500: system.cpu: T0 : 0x10a30    : slliw a5, a5, 1            : IntAlu :  D=0x0000000000000010
6068000: system.cpu: T0 : 0x10a34    : c_addw a5, a4              : IntAlu :  D=0x0000000000000018
6068500: system.cpu: T0 : 0x10a36    : c_addiw a5, 0              : IntAlu :  D=0x0000000000000018
6069000: system.cpu: T0 : 0x10a38    : c_slli a5, 1               : IntAlu :  D=0x0000000000000030
6070000: system.cpu: T0 : 0x10a3a    : ld a4, -24(s0)             : MemRead :  D=0x000000000006f00c A=0x7ffffffffffffdc8
6070500: system.cpu: T0 : 0x10a3e    : c_add a5, a4               : IntAlu :  D=0x000000000006f03c
6071000: system.cpu: T0 : 0x10a40    : lh a5, 0(a5)               : MemRead :  D=0xffffffffffffff7f A=0x6f03c
6071500: system.cpu: T0 : 0x10a44    : addiw a4, a5, 0            : IntAlu :  D=0xffffffffffffff7f
6072000: system.cpu: T0 : 0x10a48    : lw a5, -124(s0)            : MemRead :  D=0x0000000000000008 A=0x7ffffffffffffd64
6072500: system.cpu: T0 : 0x10a4c    : slliw a5, a5, 2            : IntAlu :  D=0x0000000000000020
6073000: system.cpu: T0 : 0x10a50    : c_addiw a5, 0              : IntAlu :  D=0x0000000000000020
6073500: system.cpu: T0 : 0x10a52    : c_slli a5, 1               : IntAlu :  D=0x0000000000000040
6074000: system.cpu: T0 : 0x10a54    : ld a3, -24(s0)             : MemRead :  D=0x000000000006f00c A=0x7ffffffffffffdc8
6074500: system.cpu: T0 : 0x10a58    : c_add a5, a3               : IntAlu :  D=0x000000000006f04c
6075500: system.cpu: T0 : 0x10a5a    : lh a5, 0(a5)               : MemRead :  D=0xffffffffffffff6d A=0x6f04c
6076000: system.cpu: T0 : 0x10a5e    : c_addiw a5, 0              : IntAlu :  D=0xffffffffffffff6d
6076500: system.cpu: T0 : 0x10a60    : subw a5, a4, a5            : IntAlu :  D=0x0000000000000012
6077000: system.cpu: T0 : 0x10a64    : sw a5, -68(s0)             : MemWrite :  D=0x0000000000000012 A=0x7ffffffffffffd9c
6077500: system.cpu: T0 : 0x10a68    : lw a4, -96(s0)             : MemRead :  D=0x00000000000000a5 A=0x7ffffffffffffd80
6078000: system.cpu: T0 : 0x10a6c    : lw a5, -72(s0)             : MemRead :  D=0xfffffffffffffeec A=0x7ffffffffffffd98
6078500: system.cpu: T0 : 0x10a70    : c_addw a5, a4              : IntAlu :  D=0xffffffffffffff91
6079500: system.cpu: T0 : 0x10a72    : sw a5, -64(s0)             : MemWrite :  D=0x00000000ffffff91 A=0x7ffffffffffffda0
6080500: system.cpu: T0 : 0x10a76    : lw a4, -96(s0)             : MemRead :  D=0x00000000000000a5 A=0x7ffffffffffffd80
6081500: system.cpu: T0 : 0x10a7a    : lw a5, -72(s0)             : MemRead :  D=0xfffffffffffffeec A=0x7ffffffffffffd98
6082500: system.cpu: T0 : 0x10a7e    : subw a5, a4, a5            : IntAlu :  D=0x00000000000001b9
6083500: system.cpu: T0 : 0x10a82    : sw a5, -60(s0)             : MemWrite :  D=0x00000000000001b9 A=0x7ffffffffffffda4
6084500: system.cpu: T0 : 0x10a86    : lw a4, -88(s0)             : MemRead :  D=0xfffffffffffffe9e A=0x7ffffffffffffd88
6085500: system.cpu: T0 : 0x10a8a    : lw a5, -80(s0)             : MemRead :  D=0xffffffffffffff79 A=0x7ffffffffffffd90
6086000: system.cpu: T0 : 0x10a8e    : c_addw a5, a4              : IntAlu :  D=0xfffffffffffffe17
6086500: system.cpu: T0 : 0x10a90    : sw a5, -56(s0)             : MemWrite :  D=0x00000000fffffe17 A=0x7ffffffffffffda8
6087000: system.cpu: T0 : 0x10a94    : lw a4, -88(s0)             : MemRead :  D=0xfffffffffffffe9e A=0x7ffffffffffffd88
6087500: system.cpu: T0 : 0x10a98    : lw a5, -80(s0)             : MemRead :  D=0xffffffffffffff79 A=0x7ffffffffffffd90
6088000: system.cpu: T0 : 0x10a9c    : subw a5, a4, a5            : IntAlu :  D=0xffffffffffffff25
6088500: system.cpu: T0 : 0x10aa0    : sw a5, -52(s0)             : MemWrite :  D=0x00000000ffffff25 A=0x7ffffffffffffdac
6089000: system.cpu: T0 : 0x10aa4    : lw a4, -64(s0)             : MemRead :  D=0xffffffffffffff91 A=0x7ffffffffffffda0
6089500: system.cpu: T0 : 0x10aa8    : lw a5, -56(s0)             : MemRead :  D=0xfffffffffffffe17 A=0x7ffffffffffffda8
6090000: system.cpu: T0 : 0x10aac    : c_addw a5, a4              : IntAlu :  D=0xfffffffffffffda8
6090500: system.cpu: T0 : 0x10aae    : c_addiw a5, 0              : IntAlu :  D=0xfffffffffffffda8
6091000: system.cpu: T0 : 0x10ab0    : sraiw a5, a5, 5            : IntAlu :  D=0xffffffffffffffed
6091500: system.cpu: T0 : 0x10ab4    : c_addiw a5, 0              : IntAlu :  D=0xffffffffffffffed
6092500: system.cpu: T0 : 0x10ab6    : slliw a4, a5, 16           : IntAlu :  D=0xffffffffffed0000
6093500: system.cpu: T0 : 0x10aba    : sraiw a4, a4, 16           : IntAlu :  D=0xffffffffffffffed
6094500: system.cpu: T0 : 0x10abe    : ld a5, -24(s0)             : MemRead :  D=0x000000000006f00c A=0x7ffffffffffffdc8
6095500: system.cpu: T0 : 0x10ac2    : sh a4, 0(a5)               : MemWrite :  D=0x000000000000ffed A=0x6f00c
6096500: system.cpu: T0 : 0x10ac6    : lw a4, -64(s0)             : MemRead :  D=0xffffffffffffff91 A=0x7ffffffffffffda0
6097500: system.cpu: T0 : 0x10aca    : lw a5, -56(s0)             : MemRead :  D=0xfffffffffffffe17 A=0x7ffffffffffffda8
6098500: system.cpu: T0 : 0x10ace    : subw a5, a4, a5            : IntAlu :  D=0x000000000000017a
6099000: system.cpu: T0 : 0x10ad2    : c_addiw a5, 0              : IntAlu :  D=0x000000000000017a
6099500: system.cpu: T0 : 0x10ad4    : sraiw a5, a5, 5            : IntAlu :  D=0x000000000000000b
6100000: system.cpu: T0 : 0x10ad8    : addiw a3, a5, 0            : IntAlu :  D=0x000000000000000b
6100500: system.cpu: T0 : 0x10adc    : lw a5, -124(s0)            : MemRead :  D=0x0000000000000008 A=0x7ffffffffffffd64
6101000: system.cpu: T0 : 0x10ae0    : slliw a5, a5, 2            : IntAlu :  D=0x0000000000000020
6101500: system.cpu: T0 : 0x10ae4    : c_addiw a5, 0              : IntAlu :  D=0x0000000000000020
6102000: system.cpu: T0 : 0x10ae6    : c_slli a5, 1               : IntAlu :  D=0x0000000000000040
6102500: system.cpu: T0 : 0x10ae8    : ld a4, -24(s0)             : MemRead :  D=0x000000000006f00c A=0x7ffffffffffffdc8
6103000: system.cpu: T0 : 0x10aec    : c_add a5, a4               : IntAlu :  D=0x000000000006f04c
6104000: system.cpu: T0 : 0x10aee    : slliw a4, a3, 16           : IntAlu :  D=0x00000000000b0000
6105000: system.cpu: T0 : 0x10af2    : sraiw a4, a4, 16           : IntAlu :  D=0x000000000000000b
6106000: system.cpu: T0 : 0x10af6    : sh a4, 0(a5)               : MemWrite :  D=0x000000000000000b A=0x6f04c
6106500: system.cpu: T0 : 0x10afa    : c_lui a5, 1                : IntAlu :  D=0x0000000000001000
6107000: system.cpu: T0 : 0x10afc    : addiw a5, a5, 337          : IntAlu :  D=0x0000000000001151
6107500: system.cpu: T0 : 0x10b00    : sw a5, -48(s0)             : MemWrite :  D=0x0000000000001151 A=0x7ffffffffffffdb0
6108000: system.cpu: T0 : 0x10b04    : lw a4, -52(s0)             : MemRead :  D=0xffffffffffffff25 A=0x7ffffffffffffdac
6108500: system.cpu: T0 : 0x10b08    : lw a5, -60(s0)             : MemRead :  D=0x00000000000001b9 A=0x7ffffffffffffda4
6109000: system.cpu: T0 : 0x10b0c    : c_addw a5, a4              : IntAlu :  D=0x00000000000000de
6109500: system.cpu: T0 : 0x10b0e    : c_addiw a5, 0              : IntAlu :  D=0x00000000000000de
6110000: system.cpu: T0 : 0x10b10    : lw a4, -48(s0)             : MemRead :  D=0x0000000000001151 A=0x7ffffffffffffdb0
6110500: system.cpu: T0 : 0x10b14    : mulw a5, a4, a5            : IntMult :  D=0x00000000000f043e
6111000: system.cpu: T0 : 0x10b18    : sw a5, -44(s0)             : MemWrite :  D=0x00000000000f043e A=0x7ffffffffffffdb4
6111500: system.cpu: T0 : 0x10b1c    : c_lui a5, 2                : IntAlu :  D=0x0000000000002000
6112500: system.cpu: T0 : 0x10b1e    : addiw a5, a5, -1922        : IntAlu :  D=0x000000000000187e
6113500: system.cpu: T0 : 0x10b22    : sw a5, -48(s0)             : MemWrite :  D=0x000000000000187e A=0x7ffffffffffffdb0
6114500: system.cpu: T0 : 0x10b26    : lw a4, -60(s0)             : MemRead :  D=0x00000000000001b9 A=0x7ffffffffffffda4
6115500: system.cpu: T0 : 0x10b2a    : lw a5, -48(s0)             : MemRead :  D=0x000000000000187e A=0x7ffffffffffffdb0
6116500: system.cpu: T0 : 0x10b2e    : mulw a5, a4, a5            : IntMult :  D=0x00000000002a310e
6117000: system.cpu: T0 : 0x10b32    : c_addiw a5, 0              : IntAlu :  D=0x00000000002a310e
6117500: system.cpu: T0 : 0x10b34    : lw a4, -44(s0)             : MemRead :  D=0x00000000000f043e A=0x7ffffffffffffdb4
6118000: system.cpu: T0 : 0x10b38    : c_addw a5, a4              : IntAlu :  D=0x000000000039354c
6118500: system.cpu: T0 : 0x10b3a    : c_addiw a5, 0              : IntAlu :  D=0x000000000039354c
6119000: system.cpu: T0 : 0x10b3c    : sraiw a5, a5, 18           : IntAlu :  D=0x000000000000000e
6119500: system.cpu: T0 : 0x10b40    : addiw a3, a5, 0            : IntAlu :  D=0x000000000000000e
6120000: system.cpu: T0 : 0x10b44    : lw a5, -124(s0)            : MemRead :  D=0x0000000000000008 A=0x7ffffffffffffd64
6120500: system.cpu: T0 : 0x10b48    : slliw a5, a5, 1            : IntAlu :  D=0x0000000000000010
6121000: system.cpu: T0 : 0x10b4c    : c_addiw a5, 0              : IntAlu :  D=0x0000000000000010
6121500: system.cpu: T0 : 0x10b4e    : c_slli a5, 1               : IntAlu :  D=0x0000000000000020
6122000: system.cpu: T0 : 0x10b50    : ld a4, -24(s0)             : MemRead :  D=0x000000000006f00c A=0x7ffffffffffffdc8
6122500: system.cpu: T0 : 0x10b54    : c_add a5, a4               : IntAlu :  D=0x000000000006f02c
6123500: system.cpu: T0 : 0x10b56    : slliw a4, a3, 16           : IntAlu :  D=0x00000000000e0000
6124500: system.cpu: T0 : 0x10b5a    : sraiw a4, a4, 16           : IntAlu :  D=0x000000000000000e
6125500: system.cpu: T0 : 0x10b5e    : sh a4, 0(a5)               : MemWrite :  D=0x000000000000000e A=0x6f02c
6126000: system.cpu: T0 : 0x10b62    : c_lui a5, 1048572          : IntAlu :  D=0xffffffffffffc000
6126500: system.cpu: T0 : 0x10b64    : addiw a5, a5, 1247         : IntAlu :  D=0xffffffffffffc4df
6127000: system.cpu: T0 : 0x10b68    : sw a5, -48(s0)             : MemWrite :  D=0x00000000ffffc4df A=0x7ffffffffffffdb0
6127500: system.cpu: T0 : 0x10b6c    : lw a4, -52(s0)             : MemRead :  D=0xffffffffffffff25 A=0x7ffffffffffffdac
6128000: system.cpu: T0 : 0x10b70    : lw a5, -48(s0)             : MemRead :  D=0xffffffffffffc4df A=0x7ffffffffffffdb0
6128500: system.cpu: T0 : 0x10b74    : mulw a5, a4, a5            : IntMult :  D=0x000000000032953b
6129000: system.cpu: T0 : 0x10b78    : c_addiw a5, 0              : IntAlu :  D=0x000000000032953b
6130000: system.cpu: T0 : 0x10b7a    : lw a4, -44(s0)             : MemRead :  D=0x00000000000f043e A=0x7ffffffffffffdb4
6130500: system.cpu: T0 : 0x10b7e    : c_addw a5, a4              : IntAlu :  D=0x0000000000419979
6131000: system.cpu: T0 : 0x10b80    : c_addiw a5, 0              : IntAlu :  D=0x0000000000419979
6132000: system.cpu: T0 : 0x10b82    : sraiw a5, a5, 18           : IntAlu :  D=0x0000000000000010
6133000: system.cpu: T0 : 0x10b86    : addiw a3, a5, 0            : IntAlu :  D=0x0000000000000010
6134000: system.cpu: T0 : 0x10b8a    : lw a4, -124(s0)            : MemRead :  D=0x0000000000000008 A=0x7ffffffffffffd64
6134500: system.cpu: T0 : 0x10b8e    : c_mv a5, a4                : IntAlu :  D=0x0000000000000008
6135000: system.cpu: T0 : 0x10b90    : slliw a5, a5, 1            : IntAlu :  D=0x0000000000000010
6135500: system.cpu: T0 : 0x10b94    : c_addw a5, a4              : IntAlu :  D=0x0000000000000018
6136500: system.cpu: T0 : 0x10b96    : slliw a5, a5, 1            : IntAlu :  D=0x0000000000000030
6137000: system.cpu: T0 : 0x10b9a    : c_addiw a5, 0              : IntAlu :  D=0x0000000000000030
6137500: system.cpu: T0 : 0x10b9c    : c_slli a5, 1               : IntAlu :  D=0x0000000000000060
6138500: system.cpu: T0 : 0x10b9e    : ld a4, -24(s0)             : MemRead :  D=0x000000000006f00c A=0x7ffffffffffffdc8
6139000: system.cpu: T0 : 0x10ba2    : c_add a5, a4               : IntAlu :  D=0x000000000006f06c
6139500: system.cpu: T0 : 0x10ba4    : slliw a4, a3, 16           : IntAlu :  D=0x0000000000100000
6140000: system.cpu: T0 : 0x10ba8    : sraiw a4, a4, 16           : IntAlu :  D=0x0000000000000010
6140500: system.cpu: T0 : 0x10bac    : sh a4, 0(a5)               : MemWrite :  D=0x0000000000000010 A=0x6f06c
6141000: system.cpu: T0 : 0x10bb0    : lw a4, -68(s0)             : MemRead :  D=0x0000000000000012 A=0x7ffffffffffffd9c
6141500: system.cpu: T0 : 0x10bb4    : lw a5, -92(s0)             : MemRead :  D=0x00000000000000c1 A=0x7ffffffffffffd84
6142000: system.cpu: T0 : 0x10bb8    : c_addw a5, a4              : IntAlu :  D=0x00000000000000d3
6143000: system.cpu: T0 : 0x10bba    : sw a5, -44(s0)             : MemWrite :  D=0x00000000000000d3 A=0x7ffffffffffffdb4
6144000: system.cpu: T0 : 0x10bbe    : lw a4, -76(s0)             : MemRead :  D=0xffffffffffffff87 A=0x7ffffffffffffd94
6145000: system.cpu: T0 : 0x10bc2    : lw a5, -84(s0)             : MemRead :  D=0x0000000000000032 A=0x7ffffffffffffd8c
6145500: system.cpu: T0 : 0x10bc6    : c_addw a5, a4              : IntAlu :  D=0xffffffffffffffb9
6146000: system.cpu: T0 : 0x10bc8    : sw a5, -40(s0)             : MemWrite :  D=0x00000000ffffffb9 A=0x7ffffffffffffdb8
6146500: system.cpu: T0 : 0x10bcc    : lw a4, -68(s0)             : MemRead :  D=0x0000000000000012 A=0x7ffffffffffffd9c
6147000: system.cpu: T0 : 0x10bd0    : lw a5, -84(s0)             : MemRead :  D=0x0000000000000032 A=0x7ffffffffffffd8c
6147500: system.cpu: T0 : 0x10bd4    : c_addw a5, a4              : IntAlu :  D=0x0000000000000044
6148500: system.cpu: T0 : 0x10bd6    : sw a5, -36(s0)             : MemWrite :  D=0x0000000000000044 A=0x7ffffffffffffdbc
6149500: system.cpu: T0 : 0x10bda    : lw a4, -76(s0)             : MemRead :  D=0xffffffffffffff87 A=0x7ffffffffffffd94
6150500: system.cpu: T0 : 0x10bde    : lw a5, -92(s0)             : MemRead :  D=0x00000000000000c1 A=0x7ffffffffffffd84
6151000: system.cpu: T0 : 0x10be2    : c_addw a5, a4              : IntAlu :  D=0x0000000000000048
6151500: system.cpu: T0 : 0x10be4    : sw a5, -32(s0)             : MemWrite :  D=0x0000000000000048 A=0x7ffffffffffffdc0
6152000: system.cpu: T0 : 0x10be8    : c_lui a5, 2                : IntAlu :  D=0x0000000000002000
6153000: system.cpu: T0 : 0x10bea    : addiw a5, a5, 1441         : IntAlu :  D=0x00000000000025a1
6154000: system.cpu: T0 : 0x10bee    : sw a5, -48(s0)             : MemWrite :  D=0x00000000000025a1 A=0x7ffffffffffffdb0
6155000: system.cpu: T0 : 0x10bf2    : lw a4, -36(s0)             : MemRead :  D=0x0000000000000044 A=0x7ffffffffffffdbc
6156000: system.cpu: T0 : 0x10bf6    : lw a5, -32(s0)             : MemRead :  D=0x0000000000000048 A=0x7ffffffffffffdc0
6156500: system.cpu: T0 : 0x10bfa    : c_addw a5, a4              : IntAlu :  D=0x000000000000008c
6157000: system.cpu: T0 : 0x10bfc    : c_addiw a5, 0              : IntAlu :  D=0x000000000000008c
6158000: system.cpu: T0 : 0x10bfe    : lw a4, -48(s0)             : MemRead :  D=0x00000000000025a1 A=0x7ffffffffffffdb0
6159000: system.cpu: T0 : 0x10c02    : mulw a5, a4, a5            : IntMult :  D=0x000000000014940c
6160000: system.cpu: T0 : 0x10c06    : sw a5, -28(s0)             : MemWrite :  D=0x000000000014940c A=0x7ffffffffffffdc4
6160500: system.cpu: T0 : 0x10c0a    : c_lui a5, 1                : IntAlu :  D=0x0000000000001000
6161000: system.cpu: T0 : 0x10c0c    : addiw a5, a5, -1650        : IntAlu :  D=0x000000000000098e
6161500: system.cpu: T0 : 0x10c10    : sw a5, -48(s0)             : MemWrite :  D=0x000000000000098e A=0x7ffffffffffffdb0
6162000: system.cpu: T0 : 0x10c14    : lw a4, -68(s0)             : MemRead :  D=0x0000000000000012 A=0x7ffffffffffffd9c
6162500: system.cpu: T0 : 0x10c18    : lw a5, -48(s0)             : MemRead :  D=0x000000000000098e A=0x7ffffffffffffdb0
6163000: system.cpu: T0 : 0x10c1c    : mulw a5, a4, a5            : IntMult :  D=0x000000000000abfc
6163500: system.cpu: T0 : 0x10c20    : sw a5, -68(s0)             : MemWrite :  D=0x000000000000abfc A=0x7ffffffffffffd9c
6164000: system.cpu: T0 : 0x10c24    : c_lui a5, 4                : IntAlu :  D=0x0000000000004000
6165000: system.cpu: T0 : 0x10c26    : addiw a5, a5, 435          : IntAlu :  D=0x00000000000041b3
6166000: system.cpu: T0 : 0x10c2a    : sw a5, -48(s0)             : MemWrite :  D=0x00000000000041b3 A=0x7ffffffffffffdb0
6167000: system.cpu: T0 : 0x10c2e    : lw a4, -76(s0)             : MemRead :  D=0xffffffffffffff87 A=0x7ffffffffffffd94
6168000: system.cpu: T0 : 0x10c32    : lw a5, -48(s0)             : MemRead :  D=0x00000000000041b3 A=0x7ffffffffffffdb0
6169000: system.cpu: T0 : 0x10c36    : mulw a5, a4, a5            : IntMult :  D=0xffffffffffe0f265
6170000: system.cpu: T0 : 0x10c3a    : sw a5, -76(s0)             : MemWrite :  D=0x00000000ffe0f265 A=0x7ffffffffffffd94
6170500: system.cpu: T0 : 0x10c3e    : c_lui a5, 6                : IntAlu :  D=0x0000000000006000
6171000: system.cpu: T0 : 0x10c40    : addiw a5, a5, 596          : IntAlu :  D=0x0000000000006254
6171500: system.cpu: T0 : 0x10c44    : sw a5, -48(s0)             : MemWrite :  D=0x0000000000006254 A=0x7ffffffffffffdb0
6172000: system.cpu: T0 : 0x10c48    : lw a4, -84(s0)             : MemRead :  D=0x0000000000000032 A=0x7ffffffffffffd8c
6172500: system.cpu: T0 : 0x10c4c    : lw a5, -48(s0)             : MemRead :  D=0x0000000000006254 A=0x7ffffffffffffdb0
6173000: system.cpu: T0 : 0x10c50    : mulw a5, a4, a5            : IntMult :  D=0x0000000000133468
6173500: system.cpu: T0 : 0x10c54    : sw a5, -84(s0)             : MemWrite :  D=0x0000000000133468 A=0x7ffffffffffffd8c
6174000: system.cpu: T0 : 0x10c58    : c_lui a5, 3                : IntAlu :  D=0x0000000000003000
6174500: system.cpu: T0 : 0x10c5a    : c_addiw a5, 11             : IntAlu :  D=0x000000000000300b
6175000: system.cpu: T0 : 0x10c5c    : sw a5, -48(s0)             : MemWrite :  D=0x000000000000300b A=0x7ffffffffffffdb0
6175500: system.cpu: T0 : 0x10c60    : lw a4, -92(s0)             : MemRead :  D=0x00000000000000c1 A=0x7ffffffffffffd84
6176000: system.cpu: T0 : 0x10c64    : lw a5, -48(s0)             : MemRead :  D=0x000000000000300b A=0x7ffffffffffffdb0
6176500: system.cpu: T0 : 0x10c68    : mulw a5, a4, a5            : IntMult :  D=0x000000000024384b
6177000: system.cpu: T0 : 0x10c6c    : sw a5, -92(s0)             : MemWrite :  D=0x000000000024384b A=0x7ffffffffffffd84
6177500: system.cpu: T0 : 0x10c70    : c_lui a5, 1048574          : IntAlu :  D=0xffffffffffffe000
6178500: system.cpu: T0 : 0x10c72    : addiw a5, a5, 819          : IntAlu :  D=0xffffffffffffe333
6179500: system.cpu: T0 : 0x10c76    : sw a5, -48(s0)             : MemWrite :  D=0x00000000ffffe333 A=0x7ffffffffffffdb0
6180500: system.cpu: T0 : 0x10c7a    : lw a4, -44(s0)             : MemRead :  D=0x00000000000000d3 A=0x7ffffffffffffdb4
6181500: system.cpu: T0 : 0x10c7e    : lw a5, -48(s0)             : MemRead :  D=0xffffffffffffe333 A=0x7ffffffffffffdb0
6182500: system.cpu: T0 : 0x10c82    : mulw a5, a4, a5            : IntMult :  D=0xffffffffffe84309
6183500: system.cpu: T0 : 0x10c86    : sw a5, -44(s0)             : MemWrite :  D=0x00000000ffe84309 A=0x7ffffffffffffdb4
6184000: system.cpu: T0 : 0x10c8a    : c_lui a5, 1048571          : IntAlu :  D=0xffffffffffffb000
6184500: system.cpu: T0 : 0x10c8c    : addiw a5, a5, -515         : IntAlu :  D=0xffffffffffffadfd
6185000: system.cpu: T0 : 0x10c90    : sw a5, -48(s0)             : MemWrite :  D=0x00000000ffffadfd A=0x7ffffffffffffdb0
6185500: system.cpu: T0 : 0x10c94    : lw a4, -40(s0)             : MemRead :  D=0xffffffffffffffb9 A=0x7ffffffffffffdb8
6186000: system.cpu: T0 : 0x10c98    : lw a5, -48(s0)             : MemRead :  D=0xffffffffffffadfd A=0x7ffffffffffffdb0
6186500: system.cpu: T0 : 0x10c9c    : mulw a5, a4, a5            : IntMult :  D=0x000000000016bed5
6187000: system.cpu: T0 : 0x10ca0    : sw a5, -40(s0)             : MemWrite :  D=0x000000000016bed5 A=0x7ffffffffffffdb8
6187500: system.cpu: T0 : 0x10ca4    : c_lui a5, 1048572          : IntAlu :  D=0xffffffffffffc000
6188500: system.cpu: T0 : 0x10ca6    : addiw a5, a5, 315          : IntAlu :  D=0xffffffffffffc13b
6189500: system.cpu: T0 : 0x10caa    : sw a5, -48(s0)             : MemWrite :  D=0x00000000ffffc13b A=0x7ffffffffffffdb0
6190500: system.cpu: T0 : 0x10cae    : lw a4, -36(s0)             : MemRead :  D=0x0000000000000044 A=0x7ffffffffffffdbc
6191500: system.cpu: T0 : 0x10cb2    : lw a5, -48(s0)             : MemRead :  D=0xffffffffffffc13b A=0x7ffffffffffffdb0
6192500: system.cpu: T0 : 0x10cb6    : mulw a5, a4, a5            : IntMult :  D=0xffffffffffef53ac
6193500: system.cpu: T0 : 0x10cba    : sw a5, -36(s0)             : MemWrite :  D=0x00000000ffef53ac A=0x7ffffffffffffdbc
6194000: system.cpu: T0 : 0x10cbe    : c_lui a5, 1048575          : IntAlu :  D=0xfffffffffffff000
6194500: system.cpu: T0 : 0x10cc0    : addiw a5, a5, 900          : IntAlu :  D=0xfffffffffffff384
6195000: system.cpu: T0 : 0x10cc4    : sw a5, -48(s0)             : MemWrite :  D=0x00000000fffff384 A=0x7ffffffffffffdb0
6195500: system.cpu: T0 : 0x10cc8    : lw a4, -32(s0)             : MemRead :  D=0x0000000000000048 A=0x7ffffffffffffdc0
6196000: system.cpu: T0 : 0x10ccc    : lw a5, -48(s0)             : MemRead :  D=0xfffffffffffff384 A=0x7ffffffffffffdb0
6196500: system.cpu: T0 : 0x10cd0    : mulw a5, a4, a5            : IntMult :  D=0xfffffffffffc7d20
6197000: system.cpu: T0 : 0x10cd4    : sw a5, -32(s0)             : MemWrite :  D=0x00000000fffc7d20 A=0x7ffffffffffffdc0
6197500: system.cpu: T0 : 0x10cd8    : lw a4, -36(s0)             : MemRead :  D=0xffffffffffef53ac A=0x7ffffffffffffdbc
6198000: system.cpu: T0 : 0x10cdc    : lw a5, -28(s0)             : MemRead :  D=0x000000000014940c A=0x7ffffffffffffdc4
6198500: system.cpu: T0 : 0x10ce0    : c_addw a5, a4              : IntAlu :  D=0x000000000003e7b8
6199500: system.cpu: T0 : 0x10ce2    : sw a5, -36(s0)             : MemWrite :  D=0x000000000003e7b8 A=0x7ffffffffffffdbc
6200500: system.cpu: T0 : 0x10ce6    : lw a4, -32(s0)             : MemRead :  D=0xfffffffffffc7d20 A=0x7ffffffffffffdc0
6201500: system.cpu: T0 : 0x10cea    : lw a5, -28(s0)             : MemRead :  D=0x000000000014940c A=0x7ffffffffffffdc4
6202000: system.cpu: T0 : 0x10cee    : c_addw a5, a4              : IntAlu :  D=0x000000000011112c
6202500: system.cpu: T0 : 0x10cf0    : sw a5, -32(s0)             : MemWrite :  D=0x000000000011112c A=0x7ffffffffffffdc0
6203000: system.cpu: T0 : 0x10cf4    : lw a4, -68(s0)             : MemRead :  D=0x000000000000abfc A=0x7ffffffffffffd9c
6203500: system.cpu: T0 : 0x10cf8    : lw a5, -44(s0)             : MemRead :  D=0xffffffffffe84309 A=0x7ffffffffffffdb4
6204000: system.cpu: T0 : 0x10cfc    : c_addw a5, a4              : IntAlu :  D=0xffffffffffe8ef05
6204500: system.cpu: T0 : 0x10cfe    : c_addiw a5, 0              : IntAlu :  D=0xffffffffffe8ef05
6205000: system.cpu: T0 : 0x10d00    : lw a4, -36(s0)             : MemRead :  D=0x000000000003e7b8 A=0x7ffffffffffffdbc
6205500: system.cpu: T0 : 0x10d04    : c_addw a5, a4              : IntAlu :  D=0xffffffffffecd6bd
6206000: system.cpu: T0 : 0x10d06    : c_addiw a5, 0              : IntAlu :  D=0xffffffffffecd6bd
6206500: system.cpu: T0 : 0x10d08    : sraiw a5, a5, 18           : IntAlu :  D=0xfffffffffffffffb
6207000: system.cpu: T0 : 0x10d0c    : addiw a3, a5, 0            : IntAlu :  D=0xfffffffffffffffb
6207500: system.cpu: T0 : 0x10d10    : lw a4, -124(s0)            : MemRead :  D=0x0000000000000008 A=0x7ffffffffffffd64
6208000: system.cpu: T0 : 0x10d14    : c_mv a5, a4                : IntAlu :  D=0x0000000000000008
6209000: system.cpu: T0 : 0x10d16    : slliw a5, a5, 3            : IntAlu :  D=0x0000000000000040
6209500: system.cpu: T0 : 0x10d1a    : c_subw a5, a4              : IntAlu :  D=0x0000000000000038
6210000: system.cpu: T0 : 0x10d1c    : c_addiw a5, 0              : IntAlu :  D=0x0000000000000038
6210500: system.cpu: T0 : 0x10d1e    : c_slli a5, 1               : IntAlu :  D=0x0000000000000070
6211000: system.cpu: T0 : 0x10d20    : ld a4, -24(s0)             : MemRead :  D=0x000000000006f00c A=0x7ffffffffffffdc8
6211500: system.cpu: T0 : 0x10d24    : c_add a5, a4               : IntAlu :  D=0x000000000006f07c
6212500: system.cpu: T0 : 0x10d26    : slliw a4, a3, 16           : IntAlu :  D=0xfffffffffffb0000
6213500: system.cpu: T0 : 0x10d2a    : sraiw a4, a4, 16           : IntAlu :  D=0xfffffffffffffffb
6214500: system.cpu: T0 : 0x10d2e    : sh a4, 0(a5)               : MemWrite :  D=0x000000000000fffb A=0x6f07c
6215500: system.cpu: T0 : 0x10d32    : lw a4, -76(s0)             : MemRead :  D=0xffffffffffe0f265 A=0x7ffffffffffffd94
6216500: system.cpu: T0 : 0x10d36    : lw a5, -40(s0)             : MemRead :  D=0x000000000016bed5 A=0x7ffffffffffffdb8
6217000: system.cpu: T0 : 0x10d3a    : c_addw a5, a4              : IntAlu :  D=0xfffffffffff7b13a
6217500: system.cpu: T0 : 0x10d3c    : c_addiw a5, 0              : IntAlu :  D=0xfffffffffff7b13a
6218500: system.cpu: T0 : 0x10d3e    : lw a4, -32(s0)             : MemRead :  D=0x000000000011112c A=0x7ffffffffffffdc0
6219000: system.cpu: T0 : 0x10d42    : c_addw a5, a4              : IntAlu :  D=0x000000000008c266
6219500: system.cpu: T0 : 0x10d44    : c_addiw a5, 0              : IntAlu :  D=0x000000000008c266
6220500: system.cpu: T0 : 0x10d46    : sraiw a5, a5, 18           : IntAlu :  D=0x0000000000000002
6221500: system.cpu: T0 : 0x10d4a    : addiw a3, a5, 0            : IntAlu :  D=0x0000000000000002
6222500: system.cpu: T0 : 0x10d4e    : lw a4, -124(s0)            : MemRead :  D=0x0000000000000008 A=0x7ffffffffffffd64
6223000: system.cpu: T0 : 0x10d52    : c_mv a5, a4                : IntAlu :  D=0x0000000000000008
6223500: system.cpu: T0 : 0x10d54    : slliw a5, a5, 2            : IntAlu :  D=0x0000000000000020
6224000: system.cpu: T0 : 0x10d58    : c_addw a5, a4              : IntAlu :  D=0x0000000000000028
6224500: system.cpu: T0 : 0x10d5a    : c_addiw a5, 0              : IntAlu :  D=0x0000000000000028
6225000: system.cpu: T0 : 0x10d5c    : c_slli a5, 1               : IntAlu :  D=0x0000000000000050
6226000: system.cpu: T0 : 0x10d5e    : ld a4, -24(s0)             : MemRead :  D=0x000000000006f00c A=0x7ffffffffffffdc8
6226500: system.cpu: T0 : 0x10d62    : c_add a5, a4               : IntAlu :  D=0x000000000006f05c
6227000: system.cpu: T0 : 0x10d64    : slliw a4, a3, 16           : IntAlu :  D=0x0000000000020000
6227500: system.cpu: T0 : 0x10d68    : sraiw a4, a4, 16           : IntAlu :  D=0x0000000000000002
6228000: system.cpu: T0 : 0x10d6c    : sh a4, 0(a5)               : MemWrite :  D=0x0000000000000002 A=0x6f05c
6228500: system.cpu: T0 : 0x10d70    : lw a4, -84(s0)             : MemRead :  D=0x0000000000133468 A=0x7ffffffffffffd8c
6229000: system.cpu: T0 : 0x10d74    : lw a5, -40(s0)             : MemRead :  D=0x000000000016bed5 A=0x7ffffffffffffdb8
6229500: system.cpu: T0 : 0x10d78    : c_addw a5, a4              : IntAlu :  D=0x000000000029f33d
6230000: system.cpu: T0 : 0x10d7a    : c_addiw a5, 0              : IntAlu :  D=0x000000000029f33d
6230500: system.cpu: T0 : 0x10d7c    : lw a4, -36(s0)             : MemRead :  D=0x000000000003e7b8 A=0x7ffffffffffffdbc
6231000: system.cpu: T0 : 0x10d80    : c_addw a5, a4              : IntAlu :  D=0x00000000002ddaf5
6231500: system.cpu: T0 : 0x10d82    : c_addiw a5, 0              : IntAlu :  D=0x00000000002ddaf5
6232000: system.cpu: T0 : 0x10d84    : sraiw a5, a5, 18           : IntAlu :  D=0x000000000000000b
6232500: system.cpu: T0 : 0x10d88    : addiw a3, a5, 0            : IntAlu :  D=0x000000000000000b
6233000: system.cpu: T0 : 0x10d8c    : lw a4, -124(s0)            : MemRead :  D=0x0000000000000008 A=0x7ffffffffffffd64
6233500: system.cpu: T0 : 0x10d90    : c_mv a5, a4                : IntAlu :  D=0x0000000000000008
6234500: system.cpu: T0 : 0x10d92    : slliw a5, a5, 1            : IntAlu :  D=0x0000000000000010
6235000: system.cpu: T0 : 0x10d96    : c_addw a5, a4              : IntAlu :  D=0x0000000000000018
6235500: system.cpu: T0 : 0x10d98    : c_addiw a5, 0              : IntAlu :  D=0x0000000000000018
6236000: system.cpu: T0 : 0x10d9a    : c_slli a5, 1               : IntAlu :  D=0x0000000000000030
6236500: system.cpu: T0 : 0x10d9c    : ld a4, -24(s0)             : MemRead :  D=0x000000000006f00c A=0x7ffffffffffffdc8
6237000: system.cpu: T0 : 0x10da0    : c_add a5, a4               : IntAlu :  D=0x000000000006f03c
6238000: system.cpu: T0 : 0x10da2    : slliw a4, a3, 16           : IntAlu :  D=0x00000000000b0000
6239000: system.cpu: T0 : 0x10da6    : sraiw a4, a4, 16           : IntAlu :  D=0x000000000000000b
6240000: system.cpu: T0 : 0x10daa    : sh a4, 0(a5)               : MemWrite :  D=0x000000000000000b A=0x6f03c
6241000: system.cpu: T0 : 0x10dae    : lw a4, -92(s0)             : MemRead :  D=0x000000000024384b A=0x7ffffffffffffd84
6242000: system.cpu: T0 : 0x10db2    : lw a5, -44(s0)             : MemRead :  D=0xffffffffffe84309 A=0x7ffffffffffffdb4
6242500: system.cpu: T0 : 0x10db6    : c_addw a5, a4              : IntAlu :  D=0x00000000000c7b54
6243000: system.cpu: T0 : 0x10db8    : c_addiw a5, 0              : IntAlu :  D=0x00000000000c7b54
6244000: system.cpu: T0 : 0x10dba    : lw a4, -32(s0)             : MemRead :  D=0x000000000011112c A=0x7ffffffffffffdc0
6244500: system.cpu: T0 : 0x10dbe    : c_addw a5, a4              : IntAlu :  D=0x00000000001d8c80
6245000: system.cpu: T0 : 0x10dc0    : c_addiw a5, 0              : IntAlu :  D=0x00000000001d8c80
6246000: system.cpu: T0 : 0x10dc2    : sraiw a5, a5, 18           : IntAlu :  D=0x0000000000000007
6247000: system.cpu: T0 : 0x10dc6    : addiw a3, a5, 0            : IntAlu :  D=0x0000000000000007
6248000: system.cpu: T0 : 0x10dca    : lw a5, -124(s0)            : MemRead :  D=0x0000000000000008 A=0x7ffffffffffffd64
6248500: system.cpu: T0 : 0x10dce    : c_slli a5, 1               : IntAlu :  D=0x0000000000000010
6249000: system.cpu: T0 : 0x10dd0    : ld a4, -24(s0)             : MemRead :  D=0x000000000006f00c A=0x7ffffffffffffdc8
6249500: system.cpu: T0 : 0x10dd4    : c_add a5, a4               : IntAlu :  D=0x000000000006f01c
6250500: system.cpu: T0 : 0x10dd6    : slliw a4, a3, 16           : IntAlu :  D=0x0000000000070000
6251500: system.cpu: T0 : 0x10dda    : sraiw a4, a4, 16           : IntAlu :  D=0x0000000000000007
6252500: system.cpu: T0 : 0x10dde    : sh a4, 0(a5)               : MemWrite :  D=0x0000000000000007 A=0x6f01c
6253500: system.cpu: T0 : 0x10de2    : ld a5, -24(s0)             : MemRead :  D=0x000000000006f00c A=0x7ffffffffffffdc8
6254000: system.cpu: T0 : 0x10de6    : c_addi a5, 2               : IntAlu :  D=0x000000000006f00e
6254500: system.cpu: T0 : 0x10de8    : sd a5, -24(s0)             : MemWrite :  D=0x000000000006f00e A=0x7ffffffffffffdc8
6255000: system.cpu: T0 : 0x10dec    : lw a5, -100(s0)            : MemRead :  D=0x0000000000000006 A=0x7ffffffffffffd7c
6255500: system.cpu: T0 : 0x10df0    : c_addiw a5, 1              : IntAlu :  D=0x0000000000000007
6256500: system.cpu: T0 : 0x10df2    : sw a5, -100(s0)            : MemWrite :  D=0x0000000000000007 A=0x7ffffffffffffd7c
6257500: system.cpu: T0 : 0x10df6    : lw a5, -100(s0)            : MemRead :  D=0x0000000000000007 A=0x7ffffffffffffd7c
6258500: system.cpu: T0 : 0x10dfa    : addiw a4, a5, 0            : IntAlu :  D=0x0000000000000007
6259000: system.cpu: T0 : 0x10dfe    : c_li a5, 7                 : IntAlu :  D=0x0000000000000007
6259500: system.cpu: T0 : 0x10e00    : bge a5, a4, -1376          : IntAlu : 
6260000: system.cpu: T0 : 0x108a0    : ld a5, -24(s0)             : MemRead :  D=0x000000000006f00e A=0x7ffffffffffffdc8
6260500: system.cpu: T0 : 0x108a4    : lh a5, 0(a5)               : MemRead :  D=0xffffffffffffff85 A=0x6f00e
6261000: system.cpu: T0 : 0x108a8    : addiw a3, a5, 0            : IntAlu :  D=0xffffffffffffff85
6261500: system.cpu: T0 : 0x108ac    : lw a4, -124(s0)            : MemRead :  D=0x0000000000000008 A=0x7ffffffffffffd64
6262000: system.cpu: T0 : 0x108b0    : c_mv a5, a4                : IntAlu :  D=0x0000000000000008
6263000: system.cpu: T0 : 0x108b2    : slliw a5, a5, 3            : IntAlu :  D=0x0000000000000040
6263500: system.cpu: T0 : 0x108b6    : c_subw a5, a4              : IntAlu :  D=0x0000000000000038
6264000: system.cpu: T0 : 0x108b8    : c_addiw a5, 0              : IntAlu :  D=0x0000000000000038
6264500: system.cpu: T0 : 0x108ba    : c_slli a5, 1               : IntAlu :  D=0x0000000000000070
6265000: system.cpu: T0 : 0x108bc    : ld a4, -24(s0)             : MemRead :  D=0x000000000006f00e A=0x7ffffffffffffdc8
6265500: system.cpu: T0 : 0x108c0    : c_add a5, a4               : IntAlu :  D=0x000000000006f07e
6266500: system.cpu: T0 : 0x108c2    : lh a5, 0(a5)               : MemRead :  D=0x0000000000000011 A=0x6f07e
6267000: system.cpu: T0 : 0x108c6    : c_addiw a5, 0              : IntAlu :  D=0x0000000000000011
6267500: system.cpu: T0 : 0x108c8    : c_addw a5, a3              : IntAlu :  D=0xffffffffffffff96
6268500: system.cpu: T0 : 0x108ca    : sw a5, -96(s0)             : MemWrite :  D=0x00000000ffffff96 A=0x7ffffffffffffd80
6269500: system.cpu: T0 : 0x108ce    : ld a5, -24(s0)             : MemRead :  D=0x000000000006f00e A=0x7ffffffffffffdc8
6270500: system.cpu: T0 : 0x108d2    : lh a5, 0(a5)               : MemRead :  D=0xffffffffffffff85 A=0x6f00e
6271500: system.cpu: T0 : 0x108d6    : addiw a3, a5, 0            : IntAlu :  D=0xffffffffffffff85
6272500: system.cpu: T0 : 0x108da    : lw a4, -124(s0)            : MemRead :  D=0x0000000000000008 A=0x7ffffffffffffd64
6273000: system.cpu: T0 : 0x108de    : c_mv a5, a4                : IntAlu :  D=0x0000000000000008
6273500: system.cpu: T0 : 0x108e0    : slliw a5, a5, 3            : IntAlu :  D=0x0000000000000040
6274000: system.cpu: T0 : 0x108e4    : c_subw a5, a4              : IntAlu :  D=0x0000000000000038
6274500: system.cpu: T0 : 0x108e6    : c_addiw a5, 0              : IntAlu :  D=0x0000000000000038
6275000: system.cpu: T0 : 0x108e8    : c_slli a5, 1               : IntAlu :  D=0x0000000000000070
6276000: system.cpu: T0 : 0x108ea    : ld a4, -24(s0)             : MemRead :  D=0x000000000006f00e A=0x7ffffffffffffdc8
6276500: system.cpu: T0 : 0x108ee    : c_add a5, a4               : IntAlu :  D=0x000000000006f07e
6277000: system.cpu: T0 : 0x108f0    : lh a5, 0(a5)               : MemRead :  D=0x0000000000000011 A=0x6f07e
6277500: system.cpu: T0 : 0x108f4    : c_addiw a5, 0              : IntAlu :  D=0x0000000000000011
6278500: system.cpu: T0 : 0x108f6    : subw a5, a3, a5            : IntAlu :  D=0xffffffffffffff74
6279500: system.cpu: T0 : 0x108fa    : sw a5, -92(s0)             : MemWrite :  D=0x00000000ffffff74 A=0x7ffffffffffffd84
6280500: system.cpu: T0 : 0x108fe    : lw a5, -124(s0)            : MemRead :  D=0x0000000000000008 A=0x7ffffffffffffd64
6281000: system.cpu: T0 : 0x10902    : c_slli a5, 1               : IntAlu :  D=0x0000000000000010
6281500: system.cpu: T0 : 0x10904    : ld a4, -24(s0)             : MemRead :  D=0x000000000006f00e A=0x7ffffffffffffdc8
6282000: system.cpu: T0 : 0x10908    : c_add a5, a4               : IntAlu :  D=0x000000000006f01e
6283000: system.cpu: T0 : 0x1090a    : lh a5, 0(a5)               : MemRead :  D=0x00000000000000a4 A=0x6f01e
6284000: system.cpu: T0 : 0x1090e    : addiw a3, a5, 0            : IntAlu :  D=0x00000000000000a4
6285000: system.cpu: T0 : 0x10912    : lw a4, -124(s0)            : MemRead :  D=0x0000000000000008 A=0x7ffffffffffffd64
6285500: system.cpu: T0 : 0x10916    : c_mv a5, a4                : IntAlu :  D=0x0000000000000008
6286000: system.cpu: T0 : 0x10918    : slliw a5, a5, 1            : IntAlu :  D=0x0000000000000010
6286500: system.cpu: T0 : 0x1091c    : c_addw a5, a4              : IntAlu :  D=0x0000000000000018
6287500: system.cpu: T0 : 0x1091e    : slliw a5, a5, 1            : IntAlu :  D=0x0000000000000030
6288000: system.cpu: T0 : 0x10922    : c_addiw a5, 0              : IntAlu :  D=0x0000000000000030
6288500: system.cpu: T0 : 0x10924    : c_slli a5, 1               : IntAlu :  D=0x0000000000000060
6289500: system.cpu: T0 : 0x10926    : ld a4, -24(s0)             : MemRead :  D=0x000000000006f00e A=0x7ffffffffffffdc8
6290000: system.cpu: T0 : 0x1092a    : c_add a5, a4               : IntAlu :  D=0x000000000006f06e
6290500: system.cpu: T0 : 0x1092c    : lh a5, 0(a5)               : MemRead :  D=0xffffffffffffff88 A=0x6f06e
6291000: system.cpu: T0 : 0x10930    : c_addiw a5, 0              : IntAlu :  D=0xffffffffffffff88
6291500: system.cpu: T0 : 0x10932    : c_addw a5, a3              : IntAlu :  D=0x000000000000002c
6292000: system.cpu: T0 : 0x10934    : sw a5, -88(s0)             : MemWrite :  D=0x000000000000002c A=0x7ffffffffffffd88
6292500: system.cpu: T0 : 0x10938    : lw a5, -124(s0)            : MemRead :  D=0x0000000000000008 A=0x7ffffffffffffd64
6293000: system.cpu: T0 : 0x1093c    : c_slli a5, 1               : IntAlu :  D=0x0000000000000010
6294000: system.cpu: T0 : 0x1093e    : ld a4, -24(s0)             : MemRead :  D=0x000000000006f00e A=0x7ffffffffffffdc8
6294500: system.cpu: T0 : 0x10942    : c_add a5, a4               : IntAlu :  D=0x000000000006f01e
6295000: system.cpu: T0 : 0x10944    : lh a5, 0(a5)               : MemRead :  D=0x00000000000000a4 A=0x6f01e
6295500: system.cpu: T0 : 0x10948    : addiw a3, a5, 0            : IntAlu :  D=0x00000000000000a4
6296000: system.cpu: T0 : 0x1094c    : lw a4, -124(s0)            : MemRead :  D=0x0000000000000008 A=0x7ffffffffffffd64
6296500: system.cpu: T0 : 0x10950    : c_mv a5, a4                : IntAlu :  D=0x0000000000000008
6297500: system.cpu: T0 : 0x10952    : slliw a5, a5, 1            : IntAlu :  D=0x0000000000000010
6298000: system.cpu: T0 : 0x10956    : c_addw a5, a4              : IntAlu :  D=0x0000000000000018
6298500: system.cpu: T0 : 0x10958    : slliw a5, a5, 1            : IntAlu :  D=0x0000000000000030
6299000: system.cpu: T0 : 0x1095c    : c_addiw a5, 0              : IntAlu :  D=0x0000000000000030
6299500: system.cpu: T0 : 0x1095e    : c_slli a5, 1               : IntAlu :  D=0x0000000000000060
6300000: system.cpu: T0 : 0x10960    : ld a4, -24(s0)             : MemRead :  D=0x000000000006f00e A=0x7ffffffffffffdc8
6300500: system.cpu: T0 : 0x10964    : c_add a5, a4               : IntAlu :  D=0x000000000006f06e
6301500: system.cpu: T0 : 0x10966    : lh a5, 0(a5)               : MemRead :  D=0xffffffffffffff88 A=0x6f06e
6302000: system.cpu: T0 : 0x1096a    : c_addiw a5, 0              : IntAlu :  D=0xffffffffffffff88
6302500: system.cpu: T0 : 0x1096c    : subw a5, a3, a5            : IntAlu :  D=0x000000000000011c
6303000: system.cpu: T0 : 0x10970    : sw a5, -84(s0)             : MemWrite :  D=0x000000000000011c A=0x7ffffffffffffd8c
6303500: system.cpu: T0 : 0x10974    : lw a5, -124(s0)            : MemRead :  D=0x0000000000000008 A=0x7ffffffffffffd64
6304000: system.cpu: T0 : 0x10978    : slliw a5, a5, 1            : IntAlu :  D=0x0000000000000010
6304500: system.cpu: T0 : 0x1097c    : c_addiw a5, 0              : IntAlu :  D=0x0000000000000010
6305000: system.cpu: T0 : 0x1097e    : c_slli a5, 1               : IntAlu :  D=0x0000000000000020
6305500: system.cpu: T0 : 0x10980    : ld a4, -24(s0)             : MemRead :  D=0x000000000006f00e A=0x7ffffffffffffdc8
6306000: system.cpu: T0 : 0x10984    : c_add a5, a4               : IntAlu :  D=0x000000000006f02e
6307000: system.cpu: T0 : 0x10986    : lh a5, 0(a5)               : MemRead :  D=0x00000000000000a9 A=0x6f02e
6308000: system.cpu: T0 : 0x1098a    : addiw a3, a5, 0            : IntAlu :  D=0x00000000000000a9
6309000: system.cpu: T0 : 0x1098e    : lw a4, -124(s0)            : MemRead :  D=0x0000000000000008 A=0x7ffffffffffffd64
6309500: system.cpu: T0 : 0x10992    : c_mv a5, a4                : IntAlu :  D=0x0000000000000008
6310000: system.cpu: T0 : 0x10994    : slliw a5, a5, 2            : IntAlu :  D=0x0000000000000020
6310500: system.cpu: T0 : 0x10998    : c_addw a5, a4              : IntAlu :  D=0x0000000000000028
6311000: system.cpu: T0 : 0x1099a    : c_addiw a5, 0              : IntAlu :  D=0x0000000000000028
6311500: system.cpu: T0 : 0x1099c    : c_slli a5, 1               : IntAlu :  D=0x0000000000000050
6312500: system.cpu: T0 : 0x1099e    : ld a4, -24(s0)             : MemRead :  D=0x000000000006f00e A=0x7ffffffffffffdc8
6313000: system.cpu: T0 : 0x109a2    : c_add a5, a4               : IntAlu :  D=0x000000000006f05e
6313500: system.cpu: T0 : 0x109a4    : lh a5, 0(a5)               : MemRead :  D=0xffffffffffffff58 A=0x6f05e
6314000: system.cpu: T0 : 0x109a8    : c_addiw a5, 0              : IntAlu :  D=0xffffffffffffff58
6314500: system.cpu: T0 : 0x109aa    : c_addw a5, a3              : IntAlu :  D=0x0000000000000001
6315000: system.cpu: T0 : 0x109ac    : sw a5, -80(s0)             : MemWrite :  D=0x0000000000000001 A=0x7ffffffffffffd90
6315500: system.cpu: T0 : 0x109b0    : lw a5, -124(s0)            : MemRead :  D=0x0000000000000008 A=0x7ffffffffffffd64
6316000: system.cpu: T0 : 0x109b4    : slliw a5, a5, 1            : IntAlu :  D=0x0000000000000010
6316500: system.cpu: T0 : 0x109b8    : c_addiw a5, 0              : IntAlu :  D=0x0000000000000010
6317000: system.cpu: T0 : 0x109ba    : c_slli a5, 1               : IntAlu :  D=0x0000000000000020
6317500: system.cpu: T0 : 0x109bc    : ld a4, -24(s0)             : MemRead :  D=0x000000000006f00e A=0x7ffffffffffffdc8
6318000: system.cpu: T0 : 0x109c0    : c_add a5, a4               : IntAlu :  D=0x000000000006f02e
6319000: system.cpu: T0 : 0x109c2    : lh a5, 0(a5)               : MemRead :  D=0x00000000000000a9 A=0x6f02e
6320000: system.cpu: T0 : 0x109c6    : addiw a3, a5, 0            : IntAlu :  D=0x00000000000000a9
6321000: system.cpu: T0 : 0x109ca    : lw a4, -124(s0)            : MemRead :  D=0x0000000000000008 A=0x7ffffffffffffd64
6321500: system.cpu: T0 : 0x109ce    : c_mv a5, a4                : IntAlu :  D=0x0000000000000008
6322000: system.cpu: T0 : 0x109d0    : slliw a5, a5, 2            : IntAlu :  D=0x0000000000000020
6322500: system.cpu: T0 : 0x109d4    : c_addw a5, a4              : IntAlu :  D=0x0000000000000028
6323000: system.cpu: T0 : 0x109d6    : c_addiw a5, 0              : IntAlu :  D=0x0000000000000028
6323500: system.cpu: T0 : 0x109d8    : c_slli a5, 1               : IntAlu :  D=0x0000000000000050
6324500: system.cpu: T0 : 0x109da    : ld a4, -24(s0)             : MemRead :  D=0x000000000006f00e A=0x7ffffffffffffdc8
6325000: system.cpu: T0 : 0x109de    : c_add a5, a4               : IntAlu :  D=0x000000000006f05e
6325500: system.cpu: T0 : 0x109e0    : lh a5, 0(a5)               : MemRead :  D=0xffffffffffffff58 A=0x6f05e
6326000: system.cpu: T0 : 0x109e4    : c_addiw a5, 0              : IntAlu :  D=0xffffffffffffff58
6327000: system.cpu: T0 : 0x109e6    : subw a5, a3, a5            : IntAlu :  D=0x0000000000000151
6328000: system.cpu: T0 : 0x109ea    : sw a5, -76(s0)             : MemWrite :  D=0x0000000000000151 A=0x7ffffffffffffd94
6329000: system.cpu: T0 : 0x109ee    : lw a4, -124(s0)            : MemRead :  D=0x0000000000000008 A=0x7ffffffffffffd64
6329500: system.cpu: T0 : 0x109f2    : c_mv a5, a4                : IntAlu :  D=0x0000000000000008
6330000: system.cpu: T0 : 0x109f4    : slliw a5, a5, 1            : IntAlu :  D=0x0000000000000010
6330500: system.cpu: T0 : 0x109f8    : c_addw a5, a4              : IntAlu :  D=0x0000000000000018
6331000: system.cpu: T0 : 0x109fa    : c_addiw a5, 0              : IntAlu :  D=0x0000000000000018
6331500: system.cpu: T0 : 0x109fc    : c_slli a5, 1               : IntAlu :  D=0x0000000000000030
6332500: system.cpu: T0 : 0x109fe    : ld a4, -24(s0)             : MemRead :  D=0x000000000006f00e A=0x7ffffffffffffdc8
6333000: system.cpu: T0 : 0x10a02    : c_add a5, a4               : IntAlu :  D=0x000000000006f03e
6333500: system.cpu: T0 : 0x10a04    : lh a5, 0(a5)               : MemRead :  D=0x00000000000000a7 A=0x6f03e
6334000: system.cpu: T0 : 0x10a08    : addiw a4, a5, 0            : IntAlu :  D=0x00000000000000a7
6334500: system.cpu: T0 : 0x10a0c    : lw a5, -124(s0)            : MemRead :  D=0x0000000000000008 A=0x7ffffffffffffd64
6335000: system.cpu: T0 : 0x10a10    : slliw a5, a5, 2            : IntAlu :  D=0x0000000000000020
6335500: system.cpu: T0 : 0x10a14    : c_addiw a5, 0              : IntAlu :  D=0x0000000000000020
6336000: system.cpu: T0 : 0x10a16    : c_slli a5, 1               : IntAlu :  D=0x0000000000000040
6336500: system.cpu: T0 : 0x10a18    : ld a3, -24(s0)             : MemRead :  D=0x000000000006f00e A=0x7ffffffffffffdc8
6337000: system.cpu: T0 : 0x10a1c    : c_add a5, a3               : IntAlu :  D=0x000000000006f04e
6338000: system.cpu: T0 : 0x10a1e    : lh a5, 0(a5)               : MemRead :  D=0x00000000000000b0 A=0x6f04e
6338500: system.cpu: T0 : 0x10a22    : c_addiw a5, 0              : IntAlu :  D=0x00000000000000b0
6339000: system.cpu: T0 : 0x10a24    : c_addw a5, a4              : IntAlu :  D=0x0000000000000157
6340000: system.cpu: T0 : 0x10a26    : sw a5, -72(s0)             : MemWrite :  D=0x0000000000000157 A=0x7ffffffffffffd98
6341000: system.cpu: T0 : 0x10a2a    : lw a4, -124(s0)            : MemRead :  D=0x0000000000000008 A=0x7ffffffffffffd64
6341500: system.cpu: T0 : 0x10a2e    : c_mv a5, a4                : IntAlu :  D=0x0000000000000008
6342000: system.cpu: T0 : 0x10a30    : slliw a5, a5, 1            : IntAlu :  D=0x0000000000000010
6342500: system.cpu: T0 : 0x10a34    : c_addw a5, a4              : IntAlu :  D=0x0000000000000018
6343000: system.cpu: T0 : 0x10a36    : c_addiw a5, 0              : IntAlu :  D=0x0000000000000018
6343500: system.cpu: T0 : 0x10a38    : c_slli a5, 1               : IntAlu :  D=0x0000000000000030
6344500: system.cpu: T0 : 0x10a3a    : ld a4, -24(s0)             : MemRead :  D=0x000000000006f00e A=0x7ffffffffffffdc8
6345000: system.cpu: T0 : 0x10a3e    : c_add a5, a4               : IntAlu :  D=0x000000000006f03e
6345500: system.cpu: T0 : 0x10a40    : lh a5, 0(a5)               : MemRead :  D=0x00000000000000a7 A=0x6f03e
6346000: system.cpu: T0 : 0x10a44    : addiw a4, a5, 0            : IntAlu :  D=0x00000000000000a7
6346500: system.cpu: T0 : 0x10a48    : lw a5, -124(s0)            : MemRead :  D=0x0000000000000008 A=0x7ffffffffffffd64
6347000: system.cpu: T0 : 0x10a4c    : slliw a5, a5, 2            : IntAlu :  D=0x0000000000000020
6347500: system.cpu: T0 : 0x10a50    : c_addiw a5, 0              : IntAlu :  D=0x0000000000000020
6348000: system.cpu: T0 : 0x10a52    : c_slli a5, 1               : IntAlu :  D=0x0000000000000040
6348500: system.cpu: T0 : 0x10a54    : ld a3, -24(s0)             : MemRead :  D=0x000000000006f00e A=0x7ffffffffffffdc8
6349000: system.cpu: T0 : 0x10a58    : c_add a5, a3               : IntAlu :  D=0x000000000006f04e
6350000: system.cpu: T0 : 0x10a5a    : lh a5, 0(a5)               : MemRead :  D=0x00000000000000b0 A=0x6f04e
6350500: system.cpu: T0 : 0x10a5e    : c_addiw a5, 0              : IntAlu :  D=0x00000000000000b0
6351000: system.cpu: T0 : 0x10a60    : subw a5, a4, a5            : IntAlu :  D=0xfffffffffffffff7
6351500: system.cpu: T0 : 0x10a64    : sw a5, -68(s0)             : MemWrite :  D=0x00000000fffffff7 A=0x7ffffffffffffd9c
6352000: system.cpu: T0 : 0x10a68    : lw a4, -96(s0)             : MemRead :  D=0xffffffffffffff96 A=0x7ffffffffffffd80
6352500: system.cpu: T0 : 0x10a6c    : lw a5, -72(s0)             : MemRead :  D=0x0000000000000157 A=0x7ffffffffffffd98
6353000: system.cpu: T0 : 0x10a70    : c_addw a5, a4              : IntAlu :  D=0x00000000000000ed
6354000: system.cpu: T0 : 0x10a72    : sw a5, -64(s0)             : MemWrite :  D=0x00000000000000ed A=0x7ffffffffffffda0
6355000: system.cpu: T0 : 0x10a76    : lw a4, -96(s0)             : MemRead :  D=0xffffffffffffff96 A=0x7ffffffffffffd80
6356000: system.cpu: T0 : 0x10a7a    : lw a5, -72(s0)             : MemRead :  D=0x0000000000000157 A=0x7ffffffffffffd98
6357000: system.cpu: T0 : 0x10a7e    : subw a5, a4, a5            : IntAlu :  D=0xfffffffffffffe3f
6358000: system.cpu: T0 : 0x10a82    : sw a5, -60(s0)             : MemWrite :  D=0x00000000fffffe3f A=0x7ffffffffffffda4
6359000: system.cpu: T0 : 0x10a86    : lw a4, -88(s0)             : MemRead :  D=0x000000000000002c A=0x7ffffffffffffd88
6360000: system.cpu: T0 : 0x10a8a    : lw a5, -80(s0)             : MemRead :  D=0x0000000000000001 A=0x7ffffffffffffd90
6360500: system.cpu: T0 : 0x10a8e    : c_addw a5, a4              : IntAlu :  D=0x000000000000002d
6361000: system.cpu: T0 : 0x10a90    : sw a5, -56(s0)             : MemWrite :  D=0x000000000000002d A=0x7ffffffffffffda8
6361500: system.cpu: T0 : 0x10a94    : lw a4, -88(s0)             : MemRead :  D=0x000000000000002c A=0x7ffffffffffffd88
6362000: system.cpu: T0 : 0x10a98    : lw a5, -80(s0)             : MemRead :  D=0x0000000000000001 A=0x7ffffffffffffd90
6362500: system.cpu: T0 : 0x10a9c    : subw a5, a4, a5            : IntAlu :  D=0x000000000000002b
6363000: system.cpu: T0 : 0x10aa0    : sw a5, -52(s0)             : MemWrite :  D=0x000000000000002b A=0x7ffffffffffffdac
6363500: system.cpu: T0 : 0x10aa4    : lw a4, -64(s0)             : MemRead :  D=0x00000000000000ed A=0x7ffffffffffffda0
6364000: system.cpu: T0 : 0x10aa8    : lw a5, -56(s0)             : MemRead :  D=0x000000000000002d A=0x7ffffffffffffda8
6364500: system.cpu: T0 : 0x10aac    : c_addw a5, a4              : IntAlu :  D=0x000000000000011a
6365000: system.cpu: T0 : 0x10aae    : c_addiw a5, 0              : IntAlu :  D=0x000000000000011a
6365500: system.cpu: T0 : 0x10ab0    : sraiw a5, a5, 5            : IntAlu :  D=0x0000000000000008
6366000: system.cpu: T0 : 0x10ab4    : c_addiw a5, 0              : IntAlu :  D=0x0000000000000008
6367000: system.cpu: T0 : 0x10ab6    : slliw a4, a5, 16           : IntAlu :  D=0x0000000000080000
6368000: system.cpu: T0 : 0x10aba    : sraiw a4, a4, 16           : IntAlu :  D=0x0000000000000008
6369000: system.cpu: T0 : 0x10abe    : ld a5, -24(s0)             : MemRead :  D=0x000000000006f00e A=0x7ffffffffffffdc8
6370000: system.cpu: T0 : 0x10ac2    : sh a4, 0(a5)               : MemWrite :  D=0x0000000000000008 A=0x6f00e
6371000: system.cpu: T0 : 0x10ac6    : lw a4, -64(s0)             : MemRead :  D=0x00000000000000ed A=0x7ffffffffffffda0
6372000: system.cpu: T0 : 0x10aca    : lw a5, -56(s0)             : MemRead :  D=0x000000000000002d A=0x7ffffffffffffda8
6373000: system.cpu: T0 : 0x10ace    : subw a5, a4, a5            : IntAlu :  D=0x00000000000000c0
6373500: system.cpu: T0 : 0x10ad2    : c_addiw a5, 0              : IntAlu :  D=0x00000000000000c0
6374000: system.cpu: T0 : 0x10ad4    : sraiw a5, a5, 5            : IntAlu :  D=0x0000000000000006
6374500: system.cpu: T0 : 0x10ad8    : addiw a3, a5, 0            : IntAlu :  D=0x0000000000000006
6375000: system.cpu: T0 : 0x10adc    : lw a5, -124(s0)            : MemRead :  D=0x0000000000000008 A=0x7ffffffffffffd64
6375500: system.cpu: T0 : 0x10ae0    : slliw a5, a5, 2            : IntAlu :  D=0x0000000000000020
6376000: system.cpu: T0 : 0x10ae4    : c_addiw a5, 0              : IntAlu :  D=0x0000000000000020
6376500: system.cpu: T0 : 0x10ae6    : c_slli a5, 1               : IntAlu :  D=0x0000000000000040
6377000: system.cpu: T0 : 0x10ae8    : ld a4, -24(s0)             : MemRead :  D=0x000000000006f00e A=0x7ffffffffffffdc8
6377500: system.cpu: T0 : 0x10aec    : c_add a5, a4               : IntAlu :  D=0x000000000006f04e
6378500: system.cpu: T0 : 0x10aee    : slliw a4, a3, 16           : IntAlu :  D=0x0000000000060000
6379500: system.cpu: T0 : 0x10af2    : sraiw a4, a4, 16           : IntAlu :  D=0x0000000000000006
6380500: system.cpu: T0 : 0x10af6    : sh a4, 0(a5)               : MemWrite :  D=0x0000000000000006 A=0x6f04e
6381000: system.cpu: T0 : 0x10afa    : c_lui a5, 1                : IntAlu :  D=0x0000000000001000
6381500: system.cpu: T0 : 0x10afc    : addiw a5, a5, 337          : IntAlu :  D=0x0000000000001151
6382000: system.cpu: T0 : 0x10b00    : sw a5, -48(s0)             : MemWrite :  D=0x0000000000001151 A=0x7ffffffffffffdb0
6382500: system.cpu: T0 : 0x10b04    : lw a4, -52(s0)             : MemRead :  D=0x000000000000002b A=0x7ffffffffffffdac
6383000: system.cpu: T0 : 0x10b08    : lw a5, -60(s0)             : MemRead :  D=0xfffffffffffffe3f A=0x7ffffffffffffda4
6383500: system.cpu: T0 : 0x10b0c    : c_addw a5, a4              : IntAlu :  D=0xfffffffffffffe6a
6384000: system.cpu: T0 : 0x10b0e    : c_addiw a5, 0              : IntAlu :  D=0xfffffffffffffe6a
6384500: system.cpu: T0 : 0x10b10    : lw a4, -48(s0)             : MemRead :  D=0x0000000000001151 A=0x7ffffffffffffdb0
6385000: system.cpu: T0 : 0x10b14    : mulw a5, a4, a5            : IntMult :  D=0xffffffffffe4898a
6385500: system.cpu: T0 : 0x10b18    : sw a5, -44(s0)             : MemWrite :  D=0x00000000ffe4898a A=0x7ffffffffffffdb4
6386000: system.cpu: T0 : 0x10b1c    : c_lui a5, 2                : IntAlu :  D=0x0000000000002000
6387000: system.cpu: T0 : 0x10b1e    : addiw a5, a5, -1922        : IntAlu :  D=0x000000000000187e
6388000: system.cpu: T0 : 0x10b22    : sw a5, -48(s0)             : MemWrite :  D=0x000000000000187e A=0x7ffffffffffffdb0
6389000: system.cpu: T0 : 0x10b26    : lw a4, -60(s0)             : MemRead :  D=0xfffffffffffffe3f A=0x7ffffffffffffda4
6390000: system.cpu: T0 : 0x10b2a    : lw a5, -48(s0)             : MemRead :  D=0x000000000000187e A=0x7ffffffffffffdb0
6391000: system.cpu: T0 : 0x10b2e    : mulw a5, a4, a5            : IntMult :  D=0xffffffffffd50b02
6391500: system.cpu: T0 : 0x10b32    : c_addiw a5, 0              : IntAlu :  D=0xffffffffffd50b02
6392000: system.cpu: T0 : 0x10b34    : lw a4, -44(s0)             : MemRead :  D=0xffffffffffe4898a A=0x7ffffffffffffdb4
6392500: system.cpu: T0 : 0x10b38    : c_addw a5, a4              : IntAlu :  D=0xffffffffffb9948c
6393000: system.cpu: T0 : 0x10b3a    : c_addiw a5, 0              : IntAlu :  D=0xffffffffffb9948c
6393500: system.cpu: T0 : 0x10b3c    : sraiw a5, a5, 18           : IntAlu :  D=0xffffffffffffffee
6394000: system.cpu: T0 : 0x10b40    : addiw a3, a5, 0            : IntAlu :  D=0xffffffffffffffee
6394500: system.cpu: T0 : 0x10b44    : lw a5, -124(s0)            : MemRead :  D=0x0000000000000008 A=0x7ffffffffffffd64
6395000: system.cpu: T0 : 0x10b48    : slliw a5, a5, 1            : IntAlu :  D=0x0000000000000010
6395500: system.cpu: T0 : 0x10b4c    : c_addiw a5, 0              : IntAlu :  D=0x0000000000000010
6396000: system.cpu: T0 : 0x10b4e    : c_slli a5, 1               : IntAlu :  D=0x0000000000000020
6396500: system.cpu: T0 : 0x10b50    : ld a4, -24(s0)             : MemRead :  D=0x000000000006f00e A=0x7ffffffffffffdc8
6397000: system.cpu: T0 : 0x10b54    : c_add a5, a4               : IntAlu :  D=0x000000000006f02e
6398000: system.cpu: T0 : 0x10b56    : slliw a4, a3, 16           : IntAlu :  D=0xffffffffffee0000
6399000: system.cpu: T0 : 0x10b5a    : sraiw a4, a4, 16           : IntAlu :  D=0xffffffffffffffee
6400000: system.cpu: T0 : 0x10b5e    : sh a4, 0(a5)               : MemWrite :  D=0x000000000000ffee A=0x6f02e
6400500: system.cpu: T0 : 0x10b62    : c_lui a5, 1048572          : IntAlu :  D=0xffffffffffffc000
6401000: system.cpu: T0 : 0x10b64    : addiw a5, a5, 1247         : IntAlu :  D=0xffffffffffffc4df
6401500: system.cpu: T0 : 0x10b68    : sw a5, -48(s0)             : MemWrite :  D=0x00000000ffffc4df A=0x7ffffffffffffdb0
6402000: system.cpu: T0 : 0x10b6c    : lw a4, -52(s0)             : MemRead :  D=0x000000000000002b A=0x7ffffffffffffdac
6402500: system.cpu: T0 : 0x10b70    : lw a5, -48(s0)             : MemRead :  D=0xffffffffffffc4df A=0x7ffffffffffffdb0
6403000: system.cpu: T0 : 0x10b74    : mulw a5, a4, a5            : IntMult :  D=0xfffffffffff61175
6403500: system.cpu: T0 : 0x10b78    : c_addiw a5, 0              : IntAlu :  D=0xfffffffffff61175
6404500: system.cpu: T0 : 0x10b7a    : lw a4, -44(s0)             : MemRead :  D=0xffffffffffe4898a A=0x7ffffffffffffdb4
6405000: system.cpu: T0 : 0x10b7e    : c_addw a5, a4              : IntAlu :  D=0xffffffffffda9aff
6405500: system.cpu: T0 : 0x10b80    : c_addiw a5, 0              : IntAlu :  D=0xffffffffffda9aff
6406500: system.cpu: T0 : 0x10b82    : sraiw a5, a5, 18           : IntAlu :  D=0xfffffffffffffff6
6407500: system.cpu: T0 : 0x10b86    : addiw a3, a5, 0            : IntAlu :  D=0xfffffffffffffff6
6408500: system.cpu: T0 : 0x10b8a    : lw a4, -124(s0)            : MemRead :  D=0x0000000000000008 A=0x7ffffffffffffd64
6409000: system.cpu: T0 : 0x10b8e    : c_mv a5, a4                : IntAlu :  D=0x0000000000000008
6409500: system.cpu: T0 : 0x10b90    : slliw a5, a5, 1            : IntAlu :  D=0x0000000000000010
6410000: system.cpu: T0 : 0x10b94    : c_addw a5, a4              : IntAlu :  D=0x0000000000000018
6411000: system.cpu: T0 : 0x10b96    : slliw a5, a5, 1            : IntAlu :  D=0x0000000000000030
6411500: system.cpu: T0 : 0x10b9a    : c_addiw a5, 0              : IntAlu :  D=0x0000000000000030
6412000: system.cpu: T0 : 0x10b9c    : c_slli a5, 1               : IntAlu :  D=0x0000000000000060
6413000: system.cpu: T0 : 0x10b9e    : ld a4, -24(s0)             : MemRead :  D=0x000000000006f00e A=0x7ffffffffffffdc8
6413500: system.cpu: T0 : 0x10ba2    : c_add a5, a4               : IntAlu :  D=0x000000000006f06e
6414000: system.cpu: T0 : 0x10ba4    : slliw a4, a3, 16           : IntAlu :  D=0xfffffffffff60000
6414500: system.cpu: T0 : 0x10ba8    : sraiw a4, a4, 16           : IntAlu :  D=0xfffffffffffffff6
6415000: system.cpu: T0 : 0x10bac    : sh a4, 0(a5)               : MemWrite :  D=0x000000000000fff6 A=0x6f06e
6415500: system.cpu: T0 : 0x10bb0    : lw a4, -68(s0)             : MemRead :  D=0xfffffffffffffff7 A=0x7ffffffffffffd9c
6416000: system.cpu: T0 : 0x10bb4    : lw a5, -92(s0)             : MemRead :  D=0xffffffffffffff74 A=0x7ffffffffffffd84
6416500: system.cpu: T0 : 0x10bb8    : c_addw a5, a4              : IntAlu :  D=0xffffffffffffff6b
6417500: system.cpu: T0 : 0x10bba    : sw a5, -44(s0)             : MemWrite :  D=0x00000000ffffff6b A=0x7ffffffffffffdb4
6418500: system.cpu: T0 : 0x10bbe    : lw a4, -76(s0)             : MemRead :  D=0x0000000000000151 A=0x7ffffffffffffd94
6419500: system.cpu: T0 : 0x10bc2    : lw a5, -84(s0)             : MemRead :  D=0x000000000000011c A=0x7ffffffffffffd8c
6420000: system.cpu: T0 : 0x10bc6    : c_addw a5, a4              : IntAlu :  D=0x000000000000026d
6420500: system.cpu: T0 : 0x10bc8    : sw a5, -40(s0)             : MemWrite :  D=0x000000000000026d A=0x7ffffffffffffdb8
6421000: system.cpu: T0 : 0x10bcc    : lw a4, -68(s0)             : MemRead :  D=0xfffffffffffffff7 A=0x7ffffffffffffd9c
6421500: system.cpu: T0 : 0x10bd0    : lw a5, -84(s0)             : MemRead :  D=0x000000000000011c A=0x7ffffffffffffd8c
6422000: system.cpu: T0 : 0x10bd4    : c_addw a5, a4              : IntAlu :  D=0x0000000000000113
6423000: system.cpu: T0 : 0x10bd6    : sw a5, -36(s0)             : MemWrite :  D=0x0000000000000113 A=0x7ffffffffffffdbc
6424000: system.cpu: T0 : 0x10bda    : lw a4, -76(s0)             : MemRead :  D=0x0000000000000151 A=0x7ffffffffffffd94
6425000: system.cpu: T0 : 0x10bde    : lw a5, -92(s0)             : MemRead :  D=0xffffffffffffff74 A=0x7ffffffffffffd84
6425500: system.cpu: T0 : 0x10be2    : c_addw a5, a4              : IntAlu :  D=0x00000000000000c5
6426000: system.cpu: T0 : 0x10be4    : sw a5, -32(s0)             : MemWrite :  D=0x00000000000000c5 A=0x7ffffffffffffdc0
6426500: system.cpu: T0 : 0x10be8    : c_lui a5, 2                : IntAlu :  D=0x0000000000002000
6427500: system.cpu: T0 : 0x10bea    : addiw a5, a5, 1441         : IntAlu :  D=0x00000000000025a1
6428500: system.cpu: T0 : 0x10bee    : sw a5, -48(s0)             : MemWrite :  D=0x00000000000025a1 A=0x7ffffffffffffdb0
6429500: system.cpu: T0 : 0x10bf2    : lw a4, -36(s0)             : MemRead :  D=0x0000000000000113 A=0x7ffffffffffffdbc
6430500: system.cpu: T0 : 0x10bf6    : lw a5, -32(s0)             : MemRead :  D=0x00000000000000c5 A=0x7ffffffffffffdc0
6431000: system.cpu: T0 : 0x10bfa    : c_addw a5, a4              : IntAlu :  D=0x00000000000001d8
6431500: system.cpu: T0 : 0x10bfc    : c_addiw a5, 0              : IntAlu :  D=0x00000000000001d8
6432500: system.cpu: T0 : 0x10bfe    : lw a4, -48(s0)             : MemRead :  D=0x00000000000025a1 A=0x7ffffffffffffdb0
6433500: system.cpu: T0 : 0x10c02    : mulw a5, a4, a5            : IntMult :  D=0x00000000004560d8
6434500: system.cpu: T0 : 0x10c06    : sw a5, -28(s0)             : MemWrite :  D=0x00000000004560d8 A=0x7ffffffffffffdc4
6435000: system.cpu: T0 : 0x10c0a    : c_lui a5, 1                : IntAlu :  D=0x0000000000001000
6435500: system.cpu: T0 : 0x10c0c    : addiw a5, a5, -1650        : IntAlu :  D=0x000000000000098e
6436000: system.cpu: T0 : 0x10c10    : sw a5, -48(s0)             : MemWrite :  D=0x000000000000098e A=0x7ffffffffffffdb0
6436500: system.cpu: T0 : 0x10c14    : lw a4, -68(s0)             : MemRead :  D=0xfffffffffffffff7 A=0x7ffffffffffffd9c
6437000: system.cpu: T0 : 0x10c18    : lw a5, -48(s0)             : MemRead :  D=0x000000000000098e A=0x7ffffffffffffdb0
6437500: system.cpu: T0 : 0x10c1c    : mulw a5, a4, a5            : IntMult :  D=0xffffffffffffaa02
6438000: system.cpu: T0 : 0x10c20    : sw a5, -68(s0)             : MemWrite :  D=0x00000000ffffaa02 A=0x7ffffffffffffd9c
6438500: system.cpu: T0 : 0x10c24    : c_lui a5, 4                : IntAlu :  D=0x0000000000004000
6439500: system.cpu: T0 : 0x10c26    : addiw a5, a5, 435          : IntAlu :  D=0x00000000000041b3
6440500: system.cpu: T0 : 0x10c2a    : sw a5, -48(s0)             : MemWrite :  D=0x00000000000041b3 A=0x7ffffffffffffdb0
6441500: system.cpu: T0 : 0x10c2e    : lw a4, -76(s0)             : MemRead :  D=0x0000000000000151 A=0x7ffffffffffffd94
6442500: system.cpu: T0 : 0x10c32    : lw a5, -48(s0)             : MemRead :  D=0x00000000000041b3 A=0x7ffffffffffffdb0
6443500: system.cpu: T0 : 0x10c36    : mulw a5, a4, a5            : IntMult :  D=0x0000000000567ca3
6444500: system.cpu: T0 : 0x10c3a    : sw a5, -76(s0)             : MemWrite :  D=0x0000000000567ca3 A=0x7ffffffffffffd94
6445000: system.cpu: T0 : 0x10c3e    : c_lui a5, 6                : IntAlu :  D=0x0000000000006000
6445500: system.cpu: T0 : 0x10c40    : addiw a5, a5, 596          : IntAlu :  D=0x0000000000006254
6446000: system.cpu: T0 : 0x10c44    : sw a5, -48(s0)             : MemWrite :  D=0x0000000000006254 A=0x7ffffffffffffdb0
6446500: system.cpu: T0 : 0x10c48    : lw a4, -84(s0)             : MemRead :  D=0x000000000000011c A=0x7ffffffffffffd8c
6447000: system.cpu: T0 : 0x10c4c    : lw a5, -48(s0)             : MemRead :  D=0x0000000000006254 A=0x7ffffffffffffdb0
6447500: system.cpu: T0 : 0x10c50    : mulw a5, a4, a5            : IntMult :  D=0x00000000006d1530
6448000: system.cpu: T0 : 0x10c54    : sw a5, -84(s0)             : MemWrite :  D=0x00000000006d1530 A=0x7ffffffffffffd8c
6448500: system.cpu: T0 : 0x10c58    : c_lui a5, 3                : IntAlu :  D=0x0000000000003000
6449000: system.cpu: T0 : 0x10c5a    : c_addiw a5, 11             : IntAlu :  D=0x000000000000300b
6449500: system.cpu: T0 : 0x10c5c    : sw a5, -48(s0)             : MemWrite :  D=0x000000000000300b A=0x7ffffffffffffdb0
6450000: system.cpu: T0 : 0x10c60    : lw a4, -92(s0)             : MemRead :  D=0xffffffffffffff74 A=0x7ffffffffffffd84
6450500: system.cpu: T0 : 0x10c64    : lw a5, -48(s0)             : MemRead :  D=0x000000000000300b A=0x7ffffffffffffdb0
6451000: system.cpu: T0 : 0x10c68    : mulw a5, a4, a5            : IntMult :  D=0xffffffffffe5b9fc
6451500: system.cpu: T0 : 0x10c6c    : sw a5, -92(s0)             : MemWrite :  D=0x00000000ffe5b9fc A=0x7ffffffffffffd84
6452000: system.cpu: T0 : 0x10c70    : c_lui a5, 1048574          : IntAlu :  D=0xffffffffffffe000
6453000: system.cpu: T0 : 0x10c72    : addiw a5, a5, 819          : IntAlu :  D=0xffffffffffffe333
6454000: system.cpu: T0 : 0x10c76    : sw a5, -48(s0)             : MemWrite :  D=0x00000000ffffe333 A=0x7ffffffffffffdb0
6455000: system.cpu: T0 : 0x10c7a    : lw a4, -44(s0)             : MemRead :  D=0xffffffffffffff6b A=0x7ffffffffffffdb4
6456000: system.cpu: T0 : 0x10c7e    : lw a5, -48(s0)             : MemRead :  D=0xffffffffffffe333 A=0x7ffffffffffffdb0
6457000: system.cpu: T0 : 0x10c82    : mulw a5, a4, a5            : IntMult :  D=0x000000000010c351
6458000: system.cpu: T0 : 0x10c86    : sw a5, -44(s0)             : MemWrite :  D=0x000000000010c351 A=0x7ffffffffffffdb4
6458500: system.cpu: T0 : 0x10c8a    : c_lui a5, 1048571          : IntAlu :  D=0xffffffffffffb000
6459000: system.cpu: T0 : 0x10c8c    : addiw a5, a5, -515         : IntAlu :  D=0xffffffffffffadfd
6459500: system.cpu: T0 : 0x10c90    : sw a5, -48(s0)             : MemWrite :  D=0x00000000ffffadfd A=0x7ffffffffffffdb0
6460000: system.cpu: T0 : 0x10c94    : lw a4, -40(s0)             : MemRead :  D=0x000000000000026d A=0x7ffffffffffffdb8
6460500: system.cpu: T0 : 0x10c98    : lw a5, -48(s0)             : MemRead :  D=0xffffffffffffadfd A=0x7ffffffffffffdb0
6461000: system.cpu: T0 : 0x10c9c    : mulw a5, a4, a5            : IntMult :  D=0xffffffffff390eb9
6461500: system.cpu: T0 : 0x10ca0    : sw a5, -40(s0)             : MemWrite :  D=0x00000000ff390eb9 A=0x7ffffffffffffdb8
6462000: system.cpu: T0 : 0x10ca4    : c_lui a5, 1048572          : IntAlu :  D=0xffffffffffffc000
6463000: system.cpu: T0 : 0x10ca6    : addiw a5, a5, 315          : IntAlu :  D=0xffffffffffffc13b
6464000: system.cpu: T0 : 0x10caa    : sw a5, -48(s0)             : MemWrite :  D=0x00000000ffffc13b A=0x7ffffffffffffdb0
6465000: system.cpu: T0 : 0x10cae    : lw a4, -36(s0)             : MemRead :  D=0x0000000000000113 A=0x7ffffffffffffdbc
6466000: system.cpu: T0 : 0x10cb2    : lw a5, -48(s0)             : MemRead :  D=0xffffffffffffc13b A=0x7ffffffffffffdb0
6467000: system.cpu: T0 : 0x10cb6    : mulw a5, a4, a5            : IntMult :  D=0xffffffffffbc9261
6468000: system.cpu: T0 : 0x10cba    : sw a5, -36(s0)             : MemWrite :  D=0x00000000ffbc9261 A=0x7ffffffffffffdbc
6468500: system.cpu: T0 : 0x10cbe    : c_lui a5, 1048575          : IntAlu :  D=0xfffffffffffff000
6469000: system.cpu: T0 : 0x10cc0    : addiw a5, a5, 900          : IntAlu :  D=0xfffffffffffff384
6469500: system.cpu: T0 : 0x10cc4    : sw a5, -48(s0)             : MemWrite :  D=0x00000000fffff384 A=0x7ffffffffffffdb0
6470000: system.cpu: T0 : 0x10cc8    : lw a4, -32(s0)             : MemRead :  D=0x00000000000000c5 A=0x7ffffffffffffdc0
6470500: system.cpu: T0 : 0x10ccc    : lw a5, -48(s0)             : MemRead :  D=0xfffffffffffff384 A=0x7ffffffffffffdb0
6471000: system.cpu: T0 : 0x10cd0    : mulw a5, a4, a5            : IntMult :  D=0xfffffffffff66494
6471500: system.cpu: T0 : 0x10cd4    : sw a5, -32(s0)             : MemWrite :  D=0x00000000fff66494 A=0x7ffffffffffffdc0
6472000: system.cpu: T0 : 0x10cd8    : lw a4, -36(s0)             : MemRead :  D=0xffffffffffbc9261 A=0x7ffffffffffffdbc
6472500: system.cpu: T0 : 0x10cdc    : lw a5, -28(s0)             : MemRead :  D=0x00000000004560d8 A=0x7ffffffffffffdc4
6473000: system.cpu: T0 : 0x10ce0    : c_addw a5, a4              : IntAlu :  D=0x000000000001f339
6474000: system.cpu: T0 : 0x10ce2    : sw a5, -36(s0)             : MemWrite :  D=0x000000000001f339 A=0x7ffffffffffffdbc
6475000: system.cpu: T0 : 0x10ce6    : lw a4, -32(s0)             : MemRead :  D=0xfffffffffff66494 A=0x7ffffffffffffdc0
6476000: system.cpu: T0 : 0x10cea    : lw a5, -28(s0)             : MemRead :  D=0x00000000004560d8 A=0x7ffffffffffffdc4
6476500: system.cpu: T0 : 0x10cee    : c_addw a5, a4              : IntAlu :  D=0x00000000003bc56c
6477000: system.cpu: T0 : 0x10cf0    : sw a5, -32(s0)             : MemWrite :  D=0x00000000003bc56c A=0x7ffffffffffffdc0
6477500: system.cpu: T0 : 0x10cf4    : lw a4, -68(s0)             : MemRead :  D=0xffffffffffffaa02 A=0x7ffffffffffffd9c
6478000: system.cpu: T0 : 0x10cf8    : lw a5, -44(s0)             : MemRead :  D=0x000000000010c351 A=0x7ffffffffffffdb4
6478500: system.cpu: T0 : 0x10cfc    : c_addw a5, a4              : IntAlu :  D=0x0000000000106d53
6479000: system.cpu: T0 : 0x10cfe    : c_addiw a5, 0              : IntAlu :  D=0x0000000000106d53
6479500: system.cpu: T0 : 0x10d00    : lw a4, -36(s0)             : MemRead :  D=0x000000000001f339 A=0x7ffffffffffffdbc
6480000: system.cpu: T0 : 0x10d04    : c_addw a5, a4              : IntAlu :  D=0x000000000012608c
6480500: system.cpu: T0 : 0x10d06    : c_addiw a5, 0              : IntAlu :  D=0x000000000012608c
6481000: system.cpu: T0 : 0x10d08    : sraiw a5, a5, 18           : IntAlu :  D=0x0000000000000004
6481500: system.cpu: T0 : 0x10d0c    : addiw a3, a5, 0            : IntAlu :  D=0x0000000000000004
6482000: system.cpu: T0 : 0x10d10    : lw a4, -124(s0)            : MemRead :  D=0x0000000000000008 A=0x7ffffffffffffd64
6482500: system.cpu: T0 : 0x10d14    : c_mv a5, a4                : IntAlu :  D=0x0000000000000008
6483500: system.cpu: T0 : 0x10d16    : slliw a5, a5, 3            : IntAlu :  D=0x0000000000000040
6484000: system.cpu: T0 : 0x10d1a    : c_subw a5, a4              : IntAlu :  D=0x0000000000000038
6484500: system.cpu: T0 : 0x10d1c    : c_addiw a5, 0              : IntAlu :  D=0x0000000000000038
6485000: system.cpu: T0 : 0x10d1e    : c_slli a5, 1               : IntAlu :  D=0x0000000000000070
6485500: system.cpu: T0 : 0x10d20    : ld a4, -24(s0)             : MemRead :  D=0x000000000006f00e A=0x7ffffffffffffdc8
6486000: system.cpu: T0 : 0x10d24    : c_add a5, a4               : IntAlu :  D=0x000000000006f07e
6487000: system.cpu: T0 : 0x10d26    : slliw a4, a3, 16           : IntAlu :  D=0x0000000000040000
6488000: system.cpu: T0 : 0x10d2a    : sraiw a4, a4, 16           : IntAlu :  D=0x0000000000000004
6489000: system.cpu: T0 : 0x10d2e    : sh a4, 0(a5)               : MemWrite :  D=0x0000000000000004 A=0x6f07e
6490000: system.cpu: T0 : 0x10d32    : lw a4, -76(s0)             : MemRead :  D=0x0000000000567ca3 A=0x7ffffffffffffd94
6491000: system.cpu: T0 : 0x10d36    : lw a5, -40(s0)             : MemRead :  D=0xffffffffff390eb9 A=0x7ffffffffffffdb8
6491500: system.cpu: T0 : 0x10d3a    : c_addw a5, a4              : IntAlu :  D=0xffffffffff8f8b5c
6492000: system.cpu: T0 : 0x10d3c    : c_addiw a5, 0              : IntAlu :  D=0xffffffffff8f8b5c
6493000: system.cpu: T0 : 0x10d3e    : lw a4, -32(s0)             : MemRead :  D=0x00000000003bc56c A=0x7ffffffffffffdc0
6493500: system.cpu: T0 : 0x10d42    : c_addw a5, a4              : IntAlu :  D=0xffffffffffcb50c8
6494000: system.cpu: T0 : 0x10d44    : c_addiw a5, 0              : IntAlu :  D=0xffffffffffcb50c8
6495000: system.cpu: T0 : 0x10d46    : sraiw a5, a5, 18           : IntAlu :  D=0xfffffffffffffff2
6496000: system.cpu: T0 : 0x10d4a    : addiw a3, a5, 0            : IntAlu :  D=0xfffffffffffffff2
6497000: system.cpu: T0 : 0x10d4e    : lw a4, -124(s0)            : MemRead :  D=0x0000000000000008 A=0x7ffffffffffffd64
6497500: system.cpu: T0 : 0x10d52    : c_mv a5, a4                : IntAlu :  D=0x0000000000000008
6498000: system.cpu: T0 : 0x10d54    : slliw a5, a5, 2            : IntAlu :  D=0x0000000000000020
6498500: system.cpu: T0 : 0x10d58    : c_addw a5, a4              : IntAlu :  D=0x0000000000000028
6499000: system.cpu: T0 : 0x10d5a    : c_addiw a5, 0              : IntAlu :  D=0x0000000000000028
6499500: system.cpu: T0 : 0x10d5c    : c_slli a5, 1               : IntAlu :  D=0x0000000000000050
6500500: system.cpu: T0 : 0x10d5e    : ld a4, -24(s0)             : MemRead :  D=0x000000000006f00e A=0x7ffffffffffffdc8
6501000: system.cpu: T0 : 0x10d62    : c_add a5, a4               : IntAlu :  D=0x000000000006f05e
6501500: system.cpu: T0 : 0x10d64    : slliw a4, a3, 16           : IntAlu :  D=0xfffffffffff20000
6502000: system.cpu: T0 : 0x10d68    : sraiw a4, a4, 16           : IntAlu :  D=0xfffffffffffffff2
6502500: system.cpu: T0 : 0x10d6c    : sh a4, 0(a5)               : MemWrite :  D=0x000000000000fff2 A=0x6f05e
6503000: system.cpu: T0 : 0x10d70    : lw a4, -84(s0)             : MemRead :  D=0x00000000006d1530 A=0x7ffffffffffffd8c
6503500: system.cpu: T0 : 0x10d74    : lw a5, -40(s0)             : MemRead :  D=0xffffffffff390eb9 A=0x7ffffffffffffdb8
6504000: system.cpu: T0 : 0x10d78    : c_addw a5, a4              : IntAlu :  D=0xffffffffffa623e9
6504500: system.cpu: T0 : 0x10d7a    : c_addiw a5, 0              : IntAlu :  D=0xffffffffffa623e9
6505000: system.cpu: T0 : 0x10d7c    : lw a4, -36(s0)             : MemRead :  D=0x000000000001f339 A=0x7ffffffffffffdbc
6505500: system.cpu: T0 : 0x10d80    : c_addw a5, a4              : IntAlu :  D=0xffffffffffa81722
6506000: system.cpu: T0 : 0x10d82    : c_addiw a5, 0              : IntAlu :  D=0xffffffffffa81722
6506500: system.cpu: T0 : 0x10d84    : sraiw a5, a5, 18           : IntAlu :  D=0xffffffffffffffea
6507000: system.cpu: T0 : 0x10d88    : addiw a3, a5, 0            : IntAlu :  D=0xffffffffffffffea
6507500: system.cpu: T0 : 0x10d8c    : lw a4, -124(s0)            : MemRead :  D=0x0000000000000008 A=0x7ffffffffffffd64
6508000: system.cpu: T0 : 0x10d90    : c_mv a5, a4                : IntAlu :  D=0x0000000000000008
6509000: system.cpu: T0 : 0x10d92    : slliw a5, a5, 1            : IntAlu :  D=0x0000000000000010
6509500: system.cpu: T0 : 0x10d96    : c_addw a5, a4              : IntAlu :  D=0x0000000000000018
6510000: system.cpu: T0 : 0x10d98    : c_addiw a5, 0              : IntAlu :  D=0x0000000000000018
6510500: system.cpu: T0 : 0x10d9a    : c_slli a5, 1               : IntAlu :  D=0x0000000000000030
6511000: system.cpu: T0 : 0x10d9c    : ld a4, -24(s0)             : MemRead :  D=0x000000000006f00e A=0x7ffffffffffffdc8
6511500: system.cpu: T0 : 0x10da0    : c_add a5, a4               : IntAlu :  D=0x000000000006f03e
6512500: system.cpu: T0 : 0x10da2    : slliw a4, a3, 16           : IntAlu :  D=0xffffffffffea0000
6513500: system.cpu: T0 : 0x10da6    : sraiw a4, a4, 16           : IntAlu :  D=0xffffffffffffffea
6514500: system.cpu: T0 : 0x10daa    : sh a4, 0(a5)               : MemWrite :  D=0x000000000000ffea A=0x6f03e
6515500: system.cpu: T0 : 0x10dae    : lw a4, -92(s0)             : MemRead :  D=0xffffffffffe5b9fc A=0x7ffffffffffffd84
6516500: system.cpu: T0 : 0x10db2    : lw a5, -44(s0)             : MemRead :  D=0x000000000010c351 A=0x7ffffffffffffdb4
6517000: system.cpu: T0 : 0x10db6    : c_addw a5, a4              : IntAlu :  D=0xfffffffffff67d4d
6517500: system.cpu: T0 : 0x10db8    : c_addiw a5, 0              : IntAlu :  D=0xfffffffffff67d4d
6518500: system.cpu: T0 : 0x10dba    : lw a4, -32(s0)             : MemRead :  D=0x00000000003bc56c A=0x7ffffffffffffdc0
6519000: system.cpu: T0 : 0x10dbe    : c_addw a5, a4              : IntAlu :  D=0x00000000003242b9
6519500: system.cpu: T0 : 0x10dc0    : c_addiw a5, 0              : IntAlu :  D=0x00000000003242b9
6520500: system.cpu: T0 : 0x10dc2    : sraiw a5, a5, 18           : IntAlu :  D=0x000000000000000c
6521500: system.cpu: T0 : 0x10dc6    : addiw a3, a5, 0            : IntAlu :  D=0x000000000000000c
6522500: system.cpu: T0 : 0x10dca    : lw a5, -124(s0)            : MemRead :  D=0x0000000000000008 A=0x7ffffffffffffd64
6523000: system.cpu: T0 : 0x10dce    : c_slli a5, 1               : IntAlu :  D=0x0000000000000010
6523500: system.cpu: T0 : 0x10dd0    : ld a4, -24(s0)             : MemRead :  D=0x000000000006f00e A=0x7ffffffffffffdc8
6524000: system.cpu: T0 : 0x10dd4    : c_add a5, a4               : IntAlu :  D=0x000000000006f01e
6525000: system.cpu: T0 : 0x10dd6    : slliw a4, a3, 16           : IntAlu :  D=0x00000000000c0000
6526000: system.cpu: T0 : 0x10dda    : sraiw a4, a4, 16           : IntAlu :  D=0x000000000000000c
6527000: system.cpu: T0 : 0x10dde    : sh a4, 0(a5)               : MemWrite :  D=0x000000000000000c A=0x6f01e
6528000: system.cpu: T0 : 0x10de2    : ld a5, -24(s0)             : MemRead :  D=0x000000000006f00e A=0x7ffffffffffffdc8
6528500: system.cpu: T0 : 0x10de6    : c_addi a5, 2               : IntAlu :  D=0x000000000006f010
6529000: system.cpu: T0 : 0x10de8    : sd a5, -24(s0)             : MemWrite :  D=0x000000000006f010 A=0x7ffffffffffffdc8
6529500: system.cpu: T0 : 0x10dec    : lw a5, -100(s0)            : MemRead :  D=0x0000000000000007 A=0x7ffffffffffffd7c
6530000: system.cpu: T0 : 0x10df0    : c_addiw a5, 1              : IntAlu :  D=0x0000000000000008
6531000: system.cpu: T0 : 0x10df2    : sw a5, -100(s0)            : MemWrite :  D=0x0000000000000008 A=0x7ffffffffffffd7c
6532000: system.cpu: T0 : 0x10df6    : lw a5, -100(s0)            : MemRead :  D=0x0000000000000008 A=0x7ffffffffffffd7c
6533000: system.cpu: T0 : 0x10dfa    : addiw a4, a5, 0            : IntAlu :  D=0x0000000000000008
6533500: system.cpu: T0 : 0x10dfe    : c_li a5, 7                 : IntAlu :  D=0x0000000000000007
6534000: system.cpu: T0 : 0x10e00    : bge a5, a4, -1376          : IntAlu : 
6534500: system.cpu: T0 : 0x10e04    : c_addi zero, 0             : IntAlu :  D=0x0000000000000000
6535000: system.cpu: T0 : 0x10e06    : c_addi zero, 0             : IntAlu :  D=0x0000000000000000
6535500: system.cpu: T0 : 0x10e08    : c_ldsp s0, 120(sp)         : MemRead :  D=0x7ffffffffffffdf0 A=0x7ffffffffffffdd8
6536000: system.cpu: T0 : 0x10e0a    : c_addi16sp sp, 128         : IntAlu :  D=0x7ffffffffffffde0
6536500: system.cpu: T0 : 0x10e0c    : c_jr ra                    : IntAlu : 
6537000: system.cpu: T0 : 0x10e24    : auipc a5, 94               : IntAlu :  D=0x000000000006ee24
6537500: system.cpu: T0 : 0x10e28    : addi a5, a5, 476           : IntAlu :  D=0x000000000006f000
6538000: system.cpu: T0 : 0x10e2c    : lh a5, 0(a5)               : MemRead :  D=0x00000000000002bb A=0x6f000
6538500: system.cpu: T0 : 0x10e30    : c_addiw a5, 0              : IntAlu :  D=0x00000000000002bb
6539000: system.cpu: T0 : 0x10e32    : c_mv a0, a5                : IntAlu :  D=0x00000000000002bb
6539500: system.cpu: T0 : 0x10e34    : c_ldsp ra, 8(sp)           : MemRead :  D=0x0000000000010fce A=0x7ffffffffffffde8
6540000: system.cpu: T0 : 0x10e36    : c_ldsp s0, 0(sp)           : MemRead :  D=0x0000000000011308 A=0x7ffffffffffffde0
6540500: system.cpu: T0 : 0x10e38    : c_addi sp, 16              : IntAlu :  D=0x7ffffffffffffdf0
6541000: system.cpu: T0 : 0x10e3a    : c_jr ra                    : IntAlu : 
6542000: system.cpu: T0 : 0x10fce    : jal ra, 17142              : IntAlu :  D=0x0000000000010fd2
6542500: system.cpu: T0 : 0x152c4    : c_addi sp, -16             : IntAlu :  D=0x7ffffffffffffde0
6543000: system.cpu: T0 : 0x152c6    : c_li a3, 1                 : IntAlu :  D=0x0000000000000001
6543500: system.cpu: T0 : 0x152c8    : c_li a2, 1                 : IntAlu :  D=0x0000000000000001
6544500: system.cpu: T0 : 0x152ca    : addi a1, gp, -1936         : IntAlu :  D=0x0000000000070918
6545000: system.cpu: T0 : 0x152ce    : c_sdsp ra, 8(sp)           : MemWrite :  D=0x0000000000010fd2 A=0x7ffffffffffffde8
6545500: system.cpu: T0 : 0x152d0    : jal ra, -468               : IntAlu :  D=0x00000000000152d4
6546000: system.cpu: T0 : 0x150fc    : c_addi16sp sp, -128        : IntAlu :  D=0x7ffffffffffffd60
6546500: system.cpu: T0 : 0x150fe    : c_sdsp s6, 64(sp)          : MemWrite :  D=0x0000000000000000 A=0x7ffffffffffffda0
6547000: system.cpu: T0 : 0x15100    : c_sdsp s7, 56(sp)          : MemWrite :  D=0x0000000000000000 A=0x7ffffffffffffd98
6547500: system.cpu: T0 : 0x15102    : c_sdsp ra, 120(sp)         : MemWrite :  D=0x00000000000152d4 A=0x7ffffffffffffdd8
6548000: system.cpu: T0 : 0x15104    : c_sdsp s0, 112(sp)         : MemWrite :  D=0x0000000000011308 A=0x7ffffffffffffdd0
6548500: system.cpu: T0 : 0x15106    : c_sdsp s1, 104(sp)         : MemWrite :  D=0x0000000000011398 A=0x7ffffffffffffdc8
6549000: system.cpu: T0 : 0x15108    : c_sdsp s2, 96(sp)          : MemWrite :  D=0x0000000000000000 A=0x7ffffffffffffdc0
6549500: system.cpu: T0 : 0x1510a    : c_sdsp s3, 88(sp)          : MemWrite :  D=0x0000000000000000 A=0x7ffffffffffffdb8
6550000: system.cpu: T0 : 0x1510c    : c_sdsp s4, 80(sp)          : MemWrite :  D=0x0000000000000000 A=0x7ffffffffffffdb0
6550500: system.cpu: T0 : 0x1510e    : c_sdsp s5, 72(sp)          : MemWrite :  D=0x0000000000000000 A=0x7ffffffffffffda8
6551000: system.cpu: T0 : 0x15110    : c_sdsp s8, 48(sp)          : MemWrite :  D=0x0000000000000000 A=0x7ffffffffffffd90
6551500: system.cpu: T0 : 0x15112    : c_sdsp s9, 40(sp)          : MemWrite :  D=0x0000000000000000 A=0x7ffffffffffffd88
6552000: system.cpu: T0 : 0x15114    : c_sdsp s10, 32(sp)         : MemWrite :  D=0x0000000000000000 A=0x7ffffffffffffd80
6552500: system.cpu: T0 : 0x15116    : c_sdsp s11, 24(sp)         : MemWrite :  D=0x0000000000000000 A=0x7ffffffffffffd78
6553000: system.cpu: T0 : 0x15118    : addi a5, zero, 0           : IntAlu :  D=0x0000000000000000
6553500: system.cpu: T0 : 0x1511c    : c_sdsp a2, 8(sp)           : MemWrite :  D=0x0000000000000001 A=0x7ffffffffffffd68
6554000: system.cpu: T0 : 0x1511e    : c_mv s6, a0                : IntAlu :  D=0x00000000000002bb
6554500: system.cpu: T0 : 0x15120    : c_mv s7, a1                : IntAlu :  D=0x0000000000070918
6555000: system.cpu: T0 : 0x15122    : c_beqz a5, 6               : IntAlu : 
6555500: system.cpu: T0 : 0x15128    : lui s9, 114                : IntAlu :  D=0x0000000000072000
6556000: system.cpu: T0 : 0x1512c    : lui s11, 114               : IntAlu :  D=0x0000000000072000
6556500: system.cpu: T0 : 0x15130    : c_li s4, 0                 : IntAlu :  D=0x0000000000000000
6557000: system.cpu: T0 : 0x15132    : c_li s3, 1                 : IntAlu :  D=0x0000000000000001
6557500: system.cpu: T0 : 0x15134    : c_li a4, 1                 : IntAlu :  D=0x0000000000000001
6558500: system.cpu: T0 : 0x15136    : addi a3, s9, -472          : IntAlu :  D=0x0000000000071e28
6559500: system.cpu: T0 : 0x1513a    : lr_w a5, (a3)             
6559500: system.cpu: T0 : 0x1513a. 0 : lr_w a5, (a3)              : MemRead :  D=0x0000000000000000 A=0x71e28
6560000: system.cpu: T0 : 0x1513e    : c_bnez a5, 8               : IntAlu : 
6560500: system.cpu: T0 : 0x15140    : sc_w_aq a2, a4, (a3)      
6560500: system.cpu: T0 : 0x15140. 0 : sc_w a2, a4, (a3)          : MemWrite :  D=0x0000000000000000 A=0x71e28
6561000: system.cpu: T0 : 0x15140. 1 : 0x1ce6a62f fence           : No_OpClass : 
6561500: system.cpu: T0 : 0x15144    : c_bnez a2, -10             : IntAlu : 
6562000: system.cpu: T0 : 0x15146    : c_addiw a5, 0              : IntAlu :  D=0x0000000000000000
6562500: system.cpu: T0 : 0x15148    : bne a5, zero, 338          : IntAlu : 
6563000: system.cpu: T0 : 0x1514c    : ld s10, 0(s7)              : MemRead :  D=0x00000000000711c0 A=0x70918
6563500: system.cpu: T0 : 0x15150    : beq s10, zero, 152         : IntAlu : 
6564000: system.cpu: T0 : 0x15154    : c_li s5, 3                 : IntAlu :  D=0x0000000000000003
6564500: system.cpu: T0 : 0x15156    : c_li s2, 4                 : IntAlu :  D=0x0000000000000004
6565000: system.cpu: T0 : 0x15158    : c_li s1, 2                 : IntAlu :  D=0x0000000000000002
6565500: system.cpu: T0 : 0x1515a    : c_li s0, 1                 : IntAlu :  D=0x0000000000000001
6566000: system.cpu: T0 : 0x1515c    : c_j 34                     : IntAlu : 
6567000: system.cpu: T0 : 0x1517e    : ld a5, 8(s10)              : MemRead :  D=0x0000000000000001 A=0x711c8
6567500: system.cpu: T0 : 0x15182    : c_beqz a5, 222             : IntAlu : 
6568000: system.cpu: T0 : 0x15184    : ld s8, -464(s11)           : MemRead :  D=0x0000000000000001 A=0x71e30
6568500: system.cpu: T0 : 0x15188    : c_addi a5, -1              : IntAlu :  D=0x0000000000000000
6569500: system.cpu: T0 : 0x1518a    : sd a5, 8(s10)              : MemWrite :  D=0x0000000000000000 A=0x711c8
6570000: system.cpu: T0 : 0x1518e    : c_mv a4, s4                : IntAlu :  D=0x0000000000000000
6570500: system.cpu: T0 : 0x15190    : addi a3, s9, -472          : IntAlu :  D=0x0000000000071e28
6571000: system.cpu: T0 : 0x15194    : fence iorw, ow             : No_OpClass : 
6571500: system.cpu: T0 : 0x15198    : amoswap_w a4, a4, (a3)    
6571500: system.cpu: T0 : 0x15198. 0 : amoswap_w[l] a4, a4, (a3)  : MemRead :  D=0x0000000000000001 A=0x71e28
6572000: system.cpu: T0 : 0x1519c    : c_addiw a4, 0              : IntAlu :  D=0x0000000000000001
6573000: system.cpu: T0 : 0x1519e    : blt s3, a4, 172            : IntAlu : 
6573500: system.cpu: T0 : 0x151a2    : c_slli a5, 5               : IntAlu :  D=0x0000000000000000
6574000: system.cpu: T0 : 0x151a4    : c_add a5, s10              : IntAlu :  D=0x00000000000711c0
6574500: system.cpu: T0 : 0x151a6    : c_ld a4, 16(a5)            : MemRead :  D=0x0000000000000004 A=0x711d0
6575000: system.cpu: T0 : 0x151a8    : beq a4, s5, 146            : IntAlu : 
6575500: system.cpu: T0 : 0x151ac    : bne a4, s2, -78            : IntAlu : 
6576000: system.cpu: T0 : 0x151b0    : c_ld a4, 24(a5)            : MemRead :  D=0x0000000000011398 A=0x711d8
6576500: system.cpu: T0 : 0x151b2    : c_ld a0, 32(a5)            : MemRead :  D=0x0000000000000000 A=0x711e0
6577000: system.cpu: T0 : 0x151b4    : sd zero, 16(a5)            : MemWrite :  D=0x0000000000000000 A=0x711d0
6577500: system.cpu: T0 : 0x151b8    : c_mv a1, s6                : IntAlu :  D=0x00000000000002bb
6578000: system.cpu: T0 : 0x151ba    : c_jalr a4                  : IntAlu :  D=0x00000000000151bc
6578500: system.cpu: T0 : 0x11398    : c_addi sp, -32             : IntAlu :  D=0x7ffffffffffffd40
6579000: system.cpu: T0 : 0x1139a    : c_sdsp s0, 16(sp)          : MemWrite :  D=0x0000000000000001 A=0x7ffffffffffffd50
6579500: system.cpu: T0 : 0x1139c    : lui a5, 111                : IntAlu :  D=0x000000000006f000
6580000: system.cpu: T0 : 0x113a0    : lui s0, 111                : IntAlu :  D=0x000000000006f000
6580500: system.cpu: T0 : 0x113a4    : addi s0, s0, -1280         : IntAlu :  D=0x000000000006eb00
6581000: system.cpu: T0 : 0x113a8    : addi a5, a5, -1264         : IntAlu :  D=0x000000000006eb10
6581500: system.cpu: T0 : 0x113ac    : c_sub a5, s0               : IntAlu :  D=0x0000000000000010
6582000: system.cpu: T0 : 0x113ae    : c_sdsp ra, 24(sp)          : MemWrite :  D=0x00000000000151bc A=0x7ffffffffffffd58
6582500: system.cpu: T0 : 0x113b0    : c_sdsp s1, 8(sp)           : MemWrite :  D=0x0000000000000002 A=0x7ffffffffffffd48
6583000: system.cpu: T0 : 0x113b2    : c_sdsp s2, 0(sp)           : MemWrite :  D=0x0000000000000004 A=0x7ffffffffffffd40
6583500: system.cpu: T0 : 0x113b4    : srai a4, a5, 3             : IntAlu :  D=0x0000000000000002
6584000: system.cpu: T0 : 0x113b8    : c_beqz a4, 24              : IntAlu : 
6584500: system.cpu: T0 : 0x113ba    : c_addi a5, -8              : IntAlu :  D=0x0000000000000008
6585000: system.cpu: T0 : 0x113bc    : addi s1, a4, -1            : IntAlu :  D=0x0000000000000001
6585500: system.cpu: T0 : 0x113c0    : c_add s0, a5               : IntAlu :  D=0x000000000006eb08
6586000: system.cpu: T0 : 0x113c2    : c_li s2, -1                : IntAlu :  D=0xffffffffffffffff
6586500: system.cpu: T0 : 0x113c4    : c_ld a5, 0(s0)             : MemRead :  D=0x0000000000010340 A=0x6eb08
6587000: system.cpu: T0 : 0x113c6    : c_addi s1, -1              : IntAlu :  D=0x0000000000000000
6587500: system.cpu: T0 : 0x113c8    : c_addi s0, -8              : IntAlu :  D=0x000000000006eb00
6588000: system.cpu: T0 : 0x113ca    : c_jalr a5                  : IntAlu :  D=0x00000000000113cc
6588500: system.cpu: T0 : 0x10340    : addi a0, gp, 1616          : IntAlu :  D=0x00000000000716f8
6589000: system.cpu: T0 : 0x10344    : jal zero, 211438           : IntAlu :  D=0x0000000000010348
6589500: system.cpu: T0 : 0x43d32    : c_addi sp, -32             : IntAlu :  D=0x7ffffffffffffd20
6590000: system.cpu: T0 : 0x43d34    : c_sdsp s1, 8(sp)           : MemWrite :  D=0x0000000000000000 A=0x7ffffffffffffd28
6590500: system.cpu: T0 : 0x43d36    : c_ld s1, 0(a0)             : MemRead :  D=0x0000000000000000 A=0x716f8
6591000: system.cpu: T0 : 0x43d38    : c_sdsp ra, 24(sp)          : MemWrite :  D=0x00000000000113cc A=0x7ffffffffffffd38
6591500: system.cpu: T0 : 0x43d3a    : c_sdsp s0, 16(sp)          : MemWrite :  D=0x000000000006eb00 A=0x7ffffffffffffd30
6592000: system.cpu: T0 : 0x43d3c    : c_beqz s1, 20              : IntAlu : 
6592500: system.cpu: T0 : 0x43d50    : c_ldsp ra, 24(sp)          : MemRead :  D=0x00000000000113cc A=0x7ffffffffffffd38
6593000: system.cpu: T0 : 0x43d52    : c_ldsp s0, 16(sp)          : MemRead :  D=0x000000000006eb00 A=0x7ffffffffffffd30
6593500: system.cpu: T0 : 0x43d54    : c_ldsp s1, 8(sp)           : MemRead :  D=0x0000000000000000 A=0x7ffffffffffffd28
6594000: system.cpu: T0 : 0x43d56    : c_addi16sp sp, 32          : IntAlu :  D=0x7ffffffffffffd40
6594500: system.cpu: T0 : 0x43d58    : c_jr ra                    : IntAlu : 
6595000: system.cpu: T0 : 0x113cc    : bne s1, s2, -8             : IntAlu : 
6595500: system.cpu: T0 : 0x113c4    : c_ld a5, 0(s0)             : MemRead :  D=0x00000000000103d6 A=0x6eb00
6596000: system.cpu: T0 : 0x113c6    : c_addi s1, -1              : IntAlu :  D=0xffffffffffffffff
6596500: system.cpu: T0 : 0x113c8    : c_addi s0, -8              : IntAlu :  D=0x000000000006eaf8
6597000: system.cpu: T0 : 0x113ca    : c_jalr a5                  : IntAlu :  D=0x00000000000113cc
6597500: system.cpu: T0 : 0x103d6    : c_addi sp, -16             : IntAlu :  D=0x7ffffffffffffd30
6598000: system.cpu: T0 : 0x103d8    : c_sdsp s0, 0(sp)           : MemWrite :  D=0x000000000006eaf8 A=0x7ffffffffffffd30
6599000: system.cpu: T0 : 0x103da    : lbu a5, -1016(gp)          : MemRead :  D=0x0000000000000000 A=0x70cb0
6599500: system.cpu: T0 : 0x103de    : c_sdsp ra, 8(sp)           : MemWrite :  D=0x00000000000113cc A=0x7ffffffffffffd38
6600000: system.cpu: T0 : 0x103e0    : c_bnez a5, 34              : IntAlu : 
6601000: system.cpu: T0 : 0x103e2    : jal ra, -96                : IntAlu :  D=0x00000000000103e6
6602000: system.cpu: T0 : 0x10382    : lui a0, 113                : IntAlu :  D=0x0000000000071000
6603000: system.cpu: T0 : 0x10386    : lui a4, 113                : IntAlu :  D=0x0000000000071000
6604000: system.cpu: T0 : 0x1038a    : addi a5, a0, -1936         : IntAlu :  D=0x0000000000070870
6605000: system.cpu: T0 : 0x1038e    : addi a4, a4, -1936         : IntAlu :  D=0x0000000000070870
6606000: system.cpu: T0 : 0x10392    : beq a4, a5, 18             : IntAlu : 
6606500: system.cpu: T0 : 0x103a4    : c_jr ra                    : IntAlu : 
6607500: system.cpu: T0 : 0x103e6    : lui a5, 77                 : IntAlu :  D=0x000000000004d000
6608500: system.cpu: T0 : 0x103ea    : addi a5, a5, -100          : IntAlu :  D=0x000000000004cf9c
6609000: system.cpu: T0 : 0x103ee    : c_beqz a5, 14              : IntAlu : 
6609500: system.cpu: T0 : 0x103f0    : lui a0, 107                : IntAlu :  D=0x000000000006b000
6610000: system.cpu: T0 : 0x103f4    : addi a0, a0, -1280         : IntAlu :  D=0x000000000006ab00
6610500: system.cpu: T0 : 0x103f8    : jal ra, 248740             : IntAlu :  D=0x00000000000103fc
6611000: system.cpu: T0 : 0x4cf9c    : c_j -222                   : IntAlu : 
6611500: system.cpu: T0 : 0x4cebe    : c_addi sp, -32             : IntAlu :  D=0x7ffffffffffffd10
6612000: system.cpu: T0 : 0x4cec0    : c_sdsp ra, 24(sp)          : MemWrite :  D=0x00000000000103fc A=0x7ffffffffffffd28
6612500: system.cpu: T0 : 0x4cec2    : c_sdsp s0, 16(sp)          : MemWrite :  D=0x000000000006eaf8 A=0x7ffffffffffffd20
6613000: system.cpu: T0 : 0x4cec4    : c_sdsp s1, 8(sp)           : MemWrite :  D=0xffffffffffffffff A=0x7ffffffffffffd18
6613500: system.cpu: T0 : 0x4cec6    : c_sdsp s2, 0(sp)           : MemWrite :  D=0xffffffffffffffff A=0x7ffffffffffffd10
6614000: system.cpu: T0 : 0x4cec8    : c_beqz a0, 160             : IntAlu : 
6614500: system.cpu: T0 : 0x4ceca    : c_lw a5, 0(a0)             : MemRead :  D=0x000000000000001c A=0x6ab00
6615000: system.cpu: T0 : 0x4cecc    : c_mv s1, a0                : IntAlu :  D=0x000000000006ab00
6615500: system.cpu: T0 : 0x4cece    : c_beqz a5, 154             : IntAlu : 
6616000: system.cpu: T0 : 0x4ced0    : auipc s2, 36               : IntAlu :  D=0x0000000000070ed0
6616500: system.cpu: T0 : 0x4ced4    : ld s2, -1608(s2)           : MemRead :  D=0x0000000000000000 A=0x70888
6617000: system.cpu: T0 : 0x4ced8    : beq s2, zero, 22           : IntAlu : 
6618000: system.cpu: T0 : 0x4ceee    : addi a2, gp, 1880          : IntAlu :  D=0x0000000000071800
6619000: system.cpu: T0 : 0x4cef2    : ld a5, 448(a2)             : MemRead :  D=0x0000000000070cb8 A=0x719c0
6619500: system.cpu: T0 : 0x4cef6    : c_beqz a5, 66              : IntAlu : 
6620000: system.cpu: T0 : 0x4cef8    : auipc a3, 37               : IntAlu :  D=0x0000000000071ef8
6620500: system.cpu: T0 : 0x4cefc    : addi a3, a3, -1336         : IntAlu :  D=0x00000000000719c0
6621000: system.cpu: T0 : 0x4cf00    : c_j 8                      : IntAlu : 
6621500: system.cpu: T0 : 0x4cf08    : c_ld a4, 24(a5)            : MemRead :  D=0x000000000006ab00 A=0x70cd0
6622000: system.cpu: T0 : 0x4cf0a    : c_mv s0, a5                : IntAlu :  D=0x0000000000070cb8
6622500: system.cpu: T0 : 0x4cf0c    : c_ld a5, 40(a5)            : MemRead :  D=0x0000000000000000 A=0x70ce0
6623500: system.cpu: T0 : 0x4cf0e    : bne s1, a4, -12            : IntAlu : 
6624000: system.cpu: T0 : 0x4cf12    : c_sd a5, 0(a3)             : MemWrite :  D=0x0000000000000000 A=0x719c0
6624500: system.cpu: T0 : 0x4cf14    : beq s2, zero, 22           : IntAlu : 
6625000: system.cpu: T0 : 0x4cf2a    : c_ldsp ra, 24(sp)          : MemRead :  D=0x00000000000103fc A=0x7ffffffffffffd28
6625500: system.cpu: T0 : 0x4cf2c    : c_mv a0, s0                : IntAlu :  D=0x0000000000070cb8
6626000: system.cpu: T0 : 0x4cf2e    : c_ldsp s0, 16(sp)          : MemRead :  D=0x000000000006eaf8 A=0x7ffffffffffffd20
6626500: system.cpu: T0 : 0x4cf30    : c_ldsp s1, 8(sp)           : MemRead :  D=0xffffffffffffffff A=0x7ffffffffffffd18
6627000: system.cpu: T0 : 0x4cf32    : c_ldsp s2, 0(sp)           : MemRead :  D=0xffffffffffffffff A=0x7ffffffffffffd10
6627500: system.cpu: T0 : 0x4cf34    : c_addi16sp sp, 32          : IntAlu :  D=0x7ffffffffffffd30
6628000: system.cpu: T0 : 0x4cf36    : c_jr ra                    : IntAlu : 
6628500: system.cpu: T0 : 0x103fc    : c_li a5, 1                 : IntAlu :  D=0x0000000000000001
6629500: system.cpu: T0 : 0x103fe    : sb a5, -1016(gp)           : MemWrite :  D=0x0000000000000001 A=0x70cb0
6630000: system.cpu: T0 : 0x10402    : c_ldsp ra, 8(sp)           : MemRead :  D=0x00000000000113cc A=0x7ffffffffffffd38
6630500: system.cpu: T0 : 0x10404    : c_ldsp s0, 0(sp)           : MemRead :  D=0x000000000006eaf8 A=0x7ffffffffffffd30
6631000: system.cpu: T0 : 0x10406    : c_addi sp, 16              : IntAlu :  D=0x7ffffffffffffd40
6631500: system.cpu: T0 : 0x10408    : c_jr ra                    : IntAlu : 
6632000: system.cpu: T0 : 0x113cc    : bne s1, s2, -8             : IntAlu : 
6632500: system.cpu: T0 : 0x113d0    : c_ldsp ra, 24(sp)          : MemRead :  D=0x00000000000151bc A=0x7ffffffffffffd58
6633000: system.cpu: T0 : 0x113d2    : c_ldsp s0, 16(sp)          : MemRead :  D=0x0000000000000001 A=0x7ffffffffffffd50
6633500: system.cpu: T0 : 0x113d4    : c_ldsp s1, 8(sp)           : MemRead :  D=0x0000000000000002 A=0x7ffffffffffffd48
6634000: system.cpu: T0 : 0x113d6    : c_ldsp s2, 0(sp)           : MemRead :  D=0x0000000000000004 A=0x7ffffffffffffd40
6634500: system.cpu: T0 : 0x113d8    : c_addi16sp sp, 32          : IntAlu :  D=0x7ffffffffffffd60
6635000: system.cpu: T0 : 0x113da    : c_jr ra                    : IntAlu : 
6635500: system.cpu: T0 : 0x151bc    : addi a4, s9, -472          : IntAlu :  D=0x0000000000071e28
6636000: system.cpu: T0 : 0x151c0    : lr_w a5, (a4)             
6636000: system.cpu: T0 : 0x151c0. 0 : lr_w a5, (a4)              : MemRead :  D=0x0000000000000000 A=0x71e28
6636500: system.cpu: T0 : 0x151c4    : c_bnez a5, 8               : IntAlu : 
6637500: system.cpu: T0 : 0x151c6    : sc_w_aq a3, s0, (a4)      
6637500: system.cpu: T0 : 0x151c6. 0 : sc_w a3, s0, (a4)          : MemWrite :  D=0x0000000000000000 A=0x71e28
6638000: system.cpu: T0 : 0x151c6. 1 : 0x1c8726af fence           : No_OpClass : 
6638500: system.cpu: T0 : 0x151ca    : c_bnez a3, -10             : IntAlu : 
6639000: system.cpu: T0 : 0x151cc    : c_addiw a5, 0              : IntAlu :  D=0x0000000000000000
6639500: system.cpu: T0 : 0x151ce    : c_beqz a5, -88             : IntAlu : 
6640500: system.cpu: T0 : 0x15176    : ld a5, -464(s11)           : MemRead :  D=0x0000000000000001 A=0x71e30
6641500: system.cpu: T0 : 0x1517a    : bne a5, s8, 102            : IntAlu : 
6642500: system.cpu: T0 : 0x1517e    : ld a5, 8(s10)              : MemRead :  D=0x0000000000000000 A=0x711c8
6643000: system.cpu: T0 : 0x15182    : c_beqz a5, 222             : IntAlu : 
6643500: system.cpu: T0 : 0x15260    : ld a5, 0(s10)              : MemRead :  D=0x0000000000000000 A=0x711c0
6644000: system.cpu: T0 : 0x15264    : sd a5, 0(s7)               : MemWrite :  D=0x0000000000000000 A=0x70918
6644500: system.cpu: T0 : 0x15268    : c_beqz a5, 8               : IntAlu : 
6645000: system.cpu: T0 : 0x15270    : c_mv a5, s4                : IntAlu :  D=0x0000000000000000
6646000: system.cpu: T0 : 0x15272    : addi a4, s9, -472          : IntAlu :  D=0x0000000000071e28
6647000: system.cpu: T0 : 0x15276    : fence iorw, ow             : No_OpClass : 
6648000: system.cpu: T0 : 0x1527a    : amoswap_w a5, a5, (a4)    
6648000: system.cpu: T0 : 0x1527a. 0 : amoswap_w[l] a5, a5, (a4)  : MemRead :  D=0x0000000000000001 A=0x71e28
6648500: system.cpu: T0 : 0x1527e    : c_addiw a5, 0              : IntAlu :  D=0x0000000000000001
6649000: system.cpu: T0 : 0x15280    : bge s3, a5, -332           : IntAlu : 
6649500: system.cpu: T0 : 0x15134    : c_li a4, 1                 : IntAlu :  D=0x0000000000000001
6650500: system.cpu: T0 : 0x15136    : addi a3, s9, -472          : IntAlu :  D=0x0000000000071e28
6651500: system.cpu: T0 : 0x1513a    : lr_w a5, (a3)             
6651500: system.cpu: T0 : 0x1513a. 0 : lr_w a5, (a3)              : MemRead :  D=0x0000000000000000 A=0x71e28
6652000: system.cpu: T0 : 0x1513e    : c_bnez a5, 8               : IntAlu : 
6652500: system.cpu: T0 : 0x15140    : sc_w_aq a2, a4, (a3)      
6652500: system.cpu: T0 : 0x15140. 0 : sc_w a2, a4, (a3)          : MemWrite :  D=0x0000000000000000 A=0x71e28
6653000: system.cpu: T0 : 0x15140. 1 : 0x1ce6a62f fence           : No_OpClass : 
6653500: system.cpu: T0 : 0x15144    : c_bnez a2, -10             : IntAlu : 
6654000: system.cpu: T0 : 0x15146    : c_addiw a5, 0              : IntAlu :  D=0x0000000000000000
6654500: system.cpu: T0 : 0x15148    : bne a5, zero, 338          : IntAlu : 
6655000: system.cpu: T0 : 0x1514c    : ld s10, 0(s7)              : MemRead :  D=0x0000000000000000 A=0x70918
6655500: system.cpu: T0 : 0x15150    : beq s10, zero, 152         : IntAlu : 
6656000: system.cpu: T0 : 0x151e8    : c_li a4, 1                 : IntAlu :  D=0x0000000000000001
6657000: system.cpu: T0 : 0x151ea    : sb a4, -1476(gp)           : MemWrite :  D=0x0000000000000001 A=0x70ae4
6657500: system.cpu: T0 : 0x151ee    : c_li a5, 0                 : IntAlu :  D=0x0000000000000000
6658000: system.cpu: T0 : 0x151f0    : addi a4, s9, -472          : IntAlu :  D=0x0000000000071e28
6658500: system.cpu: T0 : 0x151f4    : fence iorw, ow             : No_OpClass : 
6659000: system.cpu: T0 : 0x151f8    : amoswap_w a5, a5, (a4)    
6659000: system.cpu: T0 : 0x151f8. 0 : amoswap_w[l] a5, a5, (a4)  : MemRead :  D=0x0000000000000001 A=0x71e28
6659500: system.cpu: T0 : 0x151fc    : c_addiw a5, 0              : IntAlu :  D=0x0000000000000001
6660000: system.cpu: T0 : 0x151fe    : c_li a4, 1                 : IntAlu :  D=0x0000000000000001
6660500: system.cpu: T0 : 0x15200    : blt a4, a5, 174            : IntAlu : 
6661000: system.cpu: T0 : 0x15204    : c_ldsp a5, 8(sp)           : MemRead :  D=0x0000000000000001 A=0x7ffffffffffffd68
6661500: system.cpu: T0 : 0x15206    : c_beqz a5, 46              : IntAlu : 
6662000: system.cpu: T0 : 0x15208    : lui s0, 107                : IntAlu :  D=0x000000000006b000
6662500: system.cpu: T0 : 0x1520c    : lui a5, 107                : IntAlu :  D=0x000000000006b000
6663000: system.cpu: T0 : 0x15210    : addi s1, s0, -1328         : IntAlu :  D=0x000000000006aad0
6663500: system.cpu: T0 : 0x15214    : addi a5, a5, -1320         : IntAlu :  D=0x000000000006aad8
6664000: system.cpu: T0 : 0x15218    : bgeu s1, a5, 28            : IntAlu : 
6664500: system.cpu: T0 : 0x1521c    : c_addi a5, -1              : IntAlu :  D=0x000000000006aad7
6665000: system.cpu: T0 : 0x1521e    : c_sub a5, s1               : IntAlu :  D=0x0000000000000007
6665500: system.cpu: T0 : 0x15220    : c_andi a5, 18446744073709551608 : IntAlu :  D=0x0000000000000000
6666000: system.cpu: T0 : 0x15222    : c_addi a5, 8               : IntAlu :  D=0x0000000000000008
6666500: system.cpu: T0 : 0x15224    : c_add s1, a5               : IntAlu :  D=0x000000000006aad8
6667500: system.cpu: T0 : 0x15226    : addi s0, s0, -1328         : IntAlu :  D=0x000000000006aad0
6668000: system.cpu: T0 : 0x1522a    : c_ld a5, 0(s0)             : MemRead :  D=0x000000000001a156 A=0x6aad0
6668500: system.cpu: T0 : 0x1522c    : c_addi s0, 8               : IntAlu :  D=0x000000000006aad8
6669000: system.cpu: T0 : 0x1522e    : c_jalr a5                  : IntAlu :  D=0x0000000000015230
6669500: system.cpu: T0 : 0x1a156    : c_addi16sp sp, -176        : IntAlu :  D=0x7ffffffffffffcb0
6670000: system.cpu: T0 : 0x1a158    : c_sdsp s6, 112(sp)         : MemWrite :  D=0x00000000000002bb A=0x7ffffffffffffd20
6671000: system.cpu: T0 : 0x1a15a    : lui s6, 111                : IntAlu :  D=0x000000000006f000
6672000: system.cpu: T0 : 0x1a15e    : ld a5, -1264(s6)           : MemRead :  D=0x2f2e2e0000000000 A=0x6eb10
6672500: system.cpu: T0 : 0x1a162    : c_sdsp s3, 136(sp)         : MemWrite :  D=0x0000000000000001 A=0x7ffffffffffffd38
6673000: system.cpu: T0 : 0x1a164    : c_li a0, 0                 : IntAlu :  D=0x0000000000000000
6673500: system.cpu: T0 : 0x1a166    : c_sdsp s5, 120(sp)         : MemWrite :  D=0x0000000000000003 A=0x7ffffffffffffd28
6674000: system.cpu: T0 : 0x1a168    : c_sdsp ra, 168(sp)         : MemWrite :  D=0x0000000000015230 A=0x7ffffffffffffd58
6674500: system.cpu: T0 : 0x1a16a    : c_sdsp s0, 160(sp)         : MemWrite :  D=0x000000000006aad8 A=0x7ffffffffffffd50
6675000: system.cpu: T0 : 0x1a16c    : c_sdsp s1, 152(sp)         : MemWrite :  D=0x000000000006aad8 A=0x7ffffffffffffd48
6675500: system.cpu: T0 : 0x1a16e    : c_sdsp s2, 144(sp)         : MemWrite :  D=0x0000000000000004 A=0x7ffffffffffffd40
6676000: system.cpu: T0 : 0x1a170    : c_sdsp s4, 128(sp)         : MemWrite :  D=0x0000000000000000 A=0x7ffffffffffffd30
6676500: system.cpu: T0 : 0x1a172    : c_sdsp s7, 104(sp)         : MemWrite :  D=0x0000000000070918 A=0x7ffffffffffffd18
6677000: system.cpu: T0 : 0x1a174    : c_sdsp s8, 96(sp)          : MemWrite :  D=0x0000000000000001 A=0x7ffffffffffffd10
6677500: system.cpu: T0 : 0x1a176    : c_sdsp s9, 88(sp)          : MemWrite :  D=0x0000000000072000 A=0x7ffffffffffffd08
6678000: system.cpu: T0 : 0x1a178    : c_sdsp s10, 80(sp)         : MemWrite :  D=0x0000000000000000 A=0x7ffffffffffffd00
6678500: system.cpu: T0 : 0x1a17a    : c_sdsp s11, 72(sp)         : MemWrite :  D=0x0000000000072000 A=0x7ffffffffffffcf8
6679000: system.cpu: T0 : 0x1a17c    : c_sdsp a5, 56(sp)          : MemWrite :  D=0x2f2e2e0000000000 A=0x7ffffffffffffce8
6680000: system.cpu: T0 : 0x1a17e    : addi s3, zero, 0           : IntAlu :  D=0x0000000000000000
6681000: system.cpu: T0 : 0x1a182    : jal ra, -556               : IntAlu :  D=0x000000000001a186
6681500: system.cpu: T0 : 0x19f56    : c_addi16sp sp, -176        : IntAlu :  D=0x7ffffffffffffc00
6682000: system.cpu: T0 : 0x19f58    : c_sdsp s5, 120(sp)         : MemWrite :  D=0x0000000000000003 A=0x7ffffffffffffc78
6683000: system.cpu: T0 : 0x19f5a    : lui s5, 111                : IntAlu :  D=0x000000000006f000
6684000: system.cpu: T0 : 0x19f5e    : ld a5, -1264(s5)           : MemRead :  D=0x2f2e2e0000000000 A=0x6eb10
6684500: system.cpu: T0 : 0x19f62    : c_sdsp s3, 136(sp)         : MemWrite :  D=0x0000000000000000 A=0x7ffffffffffffc88
6685000: system.cpu: T0 : 0x19f64    : c_sdsp s9, 88(sp)          : MemWrite :  D=0x0000000000072000 A=0x7ffffffffffffc58
6685500: system.cpu: T0 : 0x19f66    : c_sdsp ra, 168(sp)         : MemWrite :  D=0x000000000001a186 A=0x7ffffffffffffca8
6686000: system.cpu: T0 : 0x19f68    : c_sdsp s0, 160(sp)         : MemWrite :  D=0x000000000006aad8 A=0x7ffffffffffffca0
6686500: system.cpu: T0 : 0x19f6a    : c_sdsp s1, 152(sp)         : MemWrite :  D=0x000000000006aad8 A=0x7ffffffffffffc98
6687000: system.cpu: T0 : 0x19f6c    : c_sdsp s2, 144(sp)         : MemWrite :  D=0x0000000000000004 A=0x7ffffffffffffc90
6687500: system.cpu: T0 : 0x19f6e    : c_sdsp s4, 128(sp)         : MemWrite :  D=0x0000000000000000 A=0x7ffffffffffffc80
6688000: system.cpu: T0 : 0x19f70    : c_sdsp s6, 112(sp)         : MemWrite :  D=0x000000000006f000 A=0x7ffffffffffffc70
6688500: system.cpu: T0 : 0x19f72    : c_sdsp s7, 104(sp)         : MemWrite :  D=0x0000000000070918 A=0x7ffffffffffffc68
6689000: system.cpu: T0 : 0x19f74    : c_sdsp s8, 96(sp)          : MemWrite :  D=0x0000000000000001 A=0x7ffffffffffffc60
6689500: system.cpu: T0 : 0x19f76    : c_sdsp s10, 80(sp)         : MemWrite :  D=0x0000000000000000 A=0x7ffffffffffffc50
6690000: system.cpu: T0 : 0x19f78    : c_sdsp s11, 72(sp)         : MemWrite :  D=0x0000000000072000 A=0x7ffffffffffffc48
6690500: system.cpu: T0 : 0x19f7a    : c_sdsp a5, 56(sp)          : MemWrite :  D=0x2f2e2e0000000000 A=0x7ffffffffffffc38
6691000: system.cpu: T0 : 0x19f7c    : addi s3, zero, 0           : IntAlu :  D=0x0000000000000000
6691500: system.cpu: T0 : 0x19f80    : c_mv s9, a0                : IntAlu :  D=0x0000000000000000
6692500: system.cpu: T0 : 0x19f82    : beq s3, zero, 428          : IntAlu : 
6693000: system.cpu: T0 : 0x1a12e    : c_lui a5, 25               : IntAlu :  D=0x0000000000019000
6693500: system.cpu: T0 : 0x1a130    : addi a5, a5, 428           : IntAlu :  D=0x00000000000191ac
6694000: system.cpu: T0 : 0x1a134    : c_sdsp a5, 24(sp)          : MemWrite :  D=0x00000000000191ac A=0x7ffffffffffffc18
6694500: system.cpu: T0 : 0x1a136    : c_sdsp zero, 32(sp)        : MemWrite :  D=0x0000000000000000 A=0x7ffffffffffffc20
6695000: system.cpu: T0 : 0x1a138    : c_j -416                   : IntAlu : 
6695500: system.cpu: T0 : 0x19f98    : addi s8, gp, 1320          : IntAlu :  D=0x00000000000715d0
6696000: system.cpu: T0 : 0x19f9c    : ld a5, 8(s8)               : MemRead :  D=0x0000000000000000 A=0x715d8
6696500: system.cpu: T0 : 0x19fa0    : addi s0, tp, -1808         : IntAlu :  D=0x0000000000073000
6697000: system.cpu: T0 : 0x19fa4    : beq a5, s0, 28             : IntAlu : 
6697500: system.cpu: T0 : 0x19fa8    : c_li a3, 1                 : IntAlu :  D=0x0000000000000001
6698500: system.cpu: T0 : 0x19faa    : lr_w a5, (s8)             
6698500: system.cpu: T0 : 0x19faa. 0 : lr_w a5, (s8)              : MemRead :  D=0x0000000000000000 A=0x715d0
6699000: system.cpu: T0 : 0x19fae    : c_bnez a5, 8               : IntAlu : 
6699500: system.cpu: T0 : 0x19fb0    : sc_w_aq a4, a3, (s8)      
6699500: system.cpu: T0 : 0x19fb0. 0 : sc_w a4, a3, (s8)          : MemWrite :  D=0x0000000000000000 A=0x715d0
6700000: system.cpu: T0 : 0x19fb0. 1 : 0x1cdc272f fence           : No_OpClass : 
6700500: system.cpu: T0 : 0x19fb4    : c_bnez a4, -10             : IntAlu : 
6701000: system.cpu: T0 : 0x19fb6    : c_addiw a5, 0              : IntAlu :  D=0x0000000000000000
6701500: system.cpu: T0 : 0x19fb8    : bne a5, zero, 386          : IntAlu : 
6702000: system.cpu: T0 : 0x19fbc    : sd s0, 8(s8)               : MemWrite :  D=0x0000000000073000 A=0x715d8
6702500: system.cpu: T0 : 0x19fc0    : lw a4, 4(s8)               : MemRead :  D=0x0000000000000000 A=0x715d4
6703000: system.cpu: T0 : 0x19fc4    : ld s0, -1920(gp)           : MemRead :  D=0x000000000006f080 A=0x70928
6703500: system.cpu: T0 : 0x19fc8    : addiw a3, a4, 1            : IntAlu :  D=0x0000000000000001
6704000: system.cpu: T0 : 0x19fcc    : sw a3, 4(s8)               : MemWrite :  D=0x0000000000000001 A=0x715d4
6704500: system.cpu: T0 : 0x19fd0    : beq s0, zero, 382          : IntAlu : 
6705000: system.cpu: T0 : 0x19fd4    : lui s1, 107                : IntAlu :  D=0x000000000006b000
6705500: system.cpu: T0 : 0x19fd8    : lui s2, 106                : IntAlu :  D=0x000000000006a000
6706000: system.cpu: T0 : 0x19fdc    : addi s2, s2, 1256          : IntAlu :  D=0x000000000006a4e8
6706500: system.cpu: T0 : 0x19fe0    : addi s1, s1, -1328         : IntAlu :  D=0x000000000006aad0
6707000: system.cpu: T0 : 0x19fe4    : c_li s4, 0                 : IntAlu :  D=0x0000000000000000
6707500: system.cpu: T0 : 0x19fe6    : c_lui s11, 8               : IntAlu :  D=0x0000000000008000
6708000: system.cpu: T0 : 0x19fe8    : c_li s6, 1                 : IntAlu :  D=0x0000000000000001
6709000: system.cpu: T0 : 0x19fea    : sub s1, s1, s2             : IntAlu :  D=0x00000000000005e8
6710000: system.cpu: T0 : 0x19fee    : sd s0, -1456(gp)           : MemWrite :  D=0x000000000006f080 A=0x70af8
6711000: system.cpu: T0 : 0x19ff2    : beq s9, zero, 54           : IntAlu : 
6711500: system.cpu: T0 : 0x1a028    : lw a5, 192(s0)             : MemRead :  D=0x0000000000000000 A=0x6f140
6712000: system.cpu: T0 : 0x1a02c    : bge zero, a5, 150          : IntAlu : 
6712500: system.cpu: T0 : 0x1a0c2    : c_ld a3, 40(s0)            : MemRead :  D=0x0000000000000000 A=0x6f0a8
6713000: system.cpu: T0 : 0x1a0c4    : c_ld a5, 32(s0)            : MemRead :  D=0x0000000000000000 A=0x6f0a0
6714000: system.cpu: T0 : 0x1a0c6    : bgeu a5, a3, -116          : IntAlu : 
6715000: system.cpu: T0 : 0x1a052    : beq s9, zero, 28           : IntAlu : 
6715500: system.cpu: T0 : 0x1a06e    : c_ld s0, 104(s0)           : MemRead :  D=0x000000000006f248 A=0x6f0e8
6716000: system.cpu: T0 : 0x1a070    : sd zero, -1456(gp)         : MemWrite :  D=0x0000000000000000 A=0x70af8
6716500: system.cpu: T0 : 0x1a074    : c_bnez s0, -134            : IntAlu : 
6717500: system.cpu: T0 : 0x19fee    : sd s0, -1456(gp)           : MemWrite :  D=0x000000000006f248 A=0x70af8
6718500: system.cpu: T0 : 0x19ff2    : beq s9, zero, 54           : IntAlu : 
6719000: system.cpu: T0 : 0x1a028    : lw a5, 192(s0)             : MemRead :  D=0x0000000000000000 A=0x6f308
6719500: system.cpu: T0 : 0x1a02c    : bge zero, a5, 150          : IntAlu : 
6720000: system.cpu: T0 : 0x1a0c2    : c_ld a3, 40(s0)            : MemRead :  D=0x0000000000000000 A=0x6f270
6720500: system.cpu: T0 : 0x1a0c4    : c_ld a5, 32(s0)            : MemRead :  D=0x0000000000000000 A=0x6f268
6721500: system.cpu: T0 : 0x1a0c6    : bgeu a5, a3, -116          : IntAlu : 
6722500: system.cpu: T0 : 0x1a052    : beq s9, zero, 28           : IntAlu : 
6723000: system.cpu: T0 : 0x1a06e    : c_ld s0, 104(s0)           : MemRead :  D=0x000000000006f410 A=0x6f2b0
6723500: system.cpu: T0 : 0x1a070    : sd zero, -1456(gp)         : MemWrite :  D=0x0000000000000000 A=0x70af8
6724000: system.cpu: T0 : 0x1a074    : c_bnez s0, -134            : IntAlu : 
6725000: system.cpu: T0 : 0x19fee    : sd s0, -1456(gp)           : MemWrite :  D=0x000000000006f410 A=0x70af8
6726000: system.cpu: T0 : 0x19ff2    : beq s9, zero, 54           : IntAlu : 
6726500: system.cpu: T0 : 0x1a028    : lw a5, 192(s0)             : MemRead :  D=0x0000000000000000 A=0x6f4d0
6727000: system.cpu: T0 : 0x1a02c    : bge zero, a5, 150          : IntAlu : 
6727500: system.cpu: T0 : 0x1a0c2    : c_ld a3, 40(s0)            : MemRead :  D=0x0000000000000000 A=0x6f438
6728000: system.cpu: T0 : 0x1a0c4    : c_ld a5, 32(s0)            : MemRead :  D=0x0000000000000000 A=0x6f430
6729000: system.cpu: T0 : 0x1a0c6    : bgeu a5, a3, -116          : IntAlu : 
6730000: system.cpu: T0 : 0x1a052    : beq s9, zero, 28           : IntAlu : 
6730500: system.cpu: T0 : 0x1a06e    : c_ld s0, 104(s0)           : MemRead :  D=0x0000000000000000 A=0x6f478
6731000: system.cpu: T0 : 0x1a070    : sd zero, -1456(gp)         : MemWrite :  D=0x0000000000000000 A=0x70af8
6731500: system.cpu: T0 : 0x1a074    : c_bnez s0, -134            : IntAlu : 
6732500: system.cpu: T0 : 0x1a076    : lw a5, 4(s8)               : MemRead :  D=0x0000000000000001 A=0x715d4
6733500: system.cpu: T0 : 0x1a07a    : addiw a4, a5, -1           : IntAlu :  D=0x0000000000000000
6734500: system.cpu: T0 : 0x1a07e    : sw a4, 4(s8)               : MemWrite :  D=0x0000000000000000 A=0x715d4
6735000: system.cpu: T0 : 0x1a082    : c_beqz a4, 128             : IntAlu : 
6736000: system.cpu: T0 : 0x1a102    : sd zero, 8(s8)             : MemWrite :  D=0x0000000000000000 A=0x715d8
6736500: system.cpu: T0 : 0x1a106    : c_mv a5, a4                : IntAlu :  D=0x0000000000000000
6737000: system.cpu: T0 : 0x1a108    : fence iorw, ow             : No_OpClass : 
6737500: system.cpu: T0 : 0x1a10c    : amoswap_w a5, a5, (s8)    
6737500: system.cpu: T0 : 0x1a10c. 0 : amoswap_w[l] a5, a5, (s8)  : MemRead :  D=0x0000000000000001 A=0x715d0
6738000: system.cpu: T0 : 0x1a110    : c_addiw a5, 0              : IntAlu :  D=0x0000000000000001
6738500: system.cpu: T0 : 0x1a112    : c_li a4, 1                 : IntAlu :  D=0x0000000000000001
6739000: system.cpu: T0 : 0x1a114    : bge a4, a5, -144           : IntAlu : 
6739500: system.cpu: T0 : 0x1a084    : beq s3, zero, 16           : IntAlu : 
6740000: system.cpu: T0 : 0x1a094    : c_ldsp a4, 56(sp)          : MemRead :  D=0x2f2e2e0000000000 A=0x7ffffffffffffc38
6741000: system.cpu: T0 : 0x1a096    : ld a5, -1264(s5)           : MemRead :  D=0x2f2e2e0000000000 A=0x6eb10
6742000: system.cpu: T0 : 0x1a09a    : bne a4, a5, 184            : IntAlu : 
6742500: system.cpu: T0 : 0x1a09e    : c_ldsp ra, 168(sp)         : MemRead :  D=0x000000000001a186 A=0x7ffffffffffffca8
6743000: system.cpu: T0 : 0x1a0a0    : c_ldsp s0, 160(sp)         : MemRead :  D=0x000000000006aad8 A=0x7ffffffffffffca0
6743500: system.cpu: T0 : 0x1a0a2    : c_ldsp s1, 152(sp)         : MemRead :  D=0x000000000006aad8 A=0x7ffffffffffffc98
6744000: system.cpu: T0 : 0x1a0a4    : c_ldsp s2, 144(sp)         : MemRead :  D=0x0000000000000004 A=0x7ffffffffffffc90
6744500: system.cpu: T0 : 0x1a0a6    : c_ldsp s3, 136(sp)         : MemRead :  D=0x0000000000000000 A=0x7ffffffffffffc88
6745000: system.cpu: T0 : 0x1a0a8    : c_ldsp s5, 120(sp)         : MemRead :  D=0x0000000000000003 A=0x7ffffffffffffc78
6745500: system.cpu: T0 : 0x1a0aa    : c_ldsp s6, 112(sp)         : MemRead :  D=0x000000000006f000 A=0x7ffffffffffffc70
6746000: system.cpu: T0 : 0x1a0ac    : c_ldsp s7, 104(sp)         : MemRead :  D=0x0000000000070918 A=0x7ffffffffffffc68
6746500: system.cpu: T0 : 0x1a0ae    : c_ldsp s8, 96(sp)          : MemRead :  D=0x0000000000000001 A=0x7ffffffffffffc60
6747000: system.cpu: T0 : 0x1a0b0    : c_ldsp s9, 88(sp)          : MemRead :  D=0x0000000000072000 A=0x7ffffffffffffc58
6747500: system.cpu: T0 : 0x1a0b2    : c_ldsp s10, 80(sp)         : MemRead :  D=0x0000000000000000 A=0x7ffffffffffffc50
6748000: system.cpu: T0 : 0x1a0b4    : c_ldsp s11, 72(sp)         : MemRead :  D=0x0000000000072000 A=0x7ffffffffffffc48
6748500: system.cpu: T0 : 0x1a0b6    : c_mv a0, s4                : IntAlu :  D=0x0000000000000000
6749000: system.cpu: T0 : 0x1a0b8    : c_ldsp s4, 128(sp)         : MemRead :  D=0x0000000000000000 A=0x7ffffffffffffc80
6749500: system.cpu: T0 : 0x1a0ba    : c_addi16sp sp, 176         : IntAlu :  D=0x7ffffffffffffcb0
6750000: system.cpu: T0 : 0x1a0bc    : c_jr ra                    : IntAlu : 
6750500: system.cpu: T0 : 0x1a186    : c_mv s5, a0                : IntAlu :  D=0x0000000000000000
6751000: system.cpu: T0 : 0x1a188    : beq s3, zero, 482          : IntAlu : 
6751500: system.cpu: T0 : 0x1a36a    : c_lui a5, 25               : IntAlu :  D=0x0000000000019000
6752000: system.cpu: T0 : 0x1a36c    : addi a5, a5, 428           : IntAlu :  D=0x00000000000191ac
6752500: system.cpu: T0 : 0x1a370    : c_sdsp a5, 24(sp)          : MemWrite :  D=0x00000000000191ac A=0x7ffffffffffffcc8
6753000: system.cpu: T0 : 0x1a372    : c_sdsp zero, 32(sp)        : MemWrite :  D=0x0000000000000000 A=0x7ffffffffffffcd0
6753500: system.cpu: T0 : 0x1a374    : c_j -470                   : IntAlu : 
6754500: system.cpu: T0 : 0x1a19e    : addi s1, gp, 1320          : IntAlu :  D=0x00000000000715d0
6755000: system.cpu: T0 : 0x1a1a2    : c_ld a5, 8(s1)             : MemRead :  D=0x0000000000000000 A=0x715d8
6755500: system.cpu: T0 : 0x1a1a4    : addi s0, tp, -1808         : IntAlu :  D=0x0000000000073000
6756000: system.cpu: T0 : 0x1a1a8    : beq s0, a5, 26             : IntAlu : 
6756500: system.cpu: T0 : 0x1a1ac    : c_li a4, 1                 : IntAlu :  D=0x0000000000000001
6757500: system.cpu: T0 : 0x1a1ae    : lr_w a5, (s1)             
6757500: system.cpu: T0 : 0x1a1ae. 0 : lr_w a5, (s1)              : MemRead :  D=0x0000000000000000 A=0x715d0
6758000: system.cpu: T0 : 0x1a1b2    : c_bnez a5, 8               : IntAlu : 
6758500: system.cpu: T0 : 0x1a1b4    : sc_w_aq a3, a4, (s1)      
6758500: system.cpu: T0 : 0x1a1b4. 0 : sc_w a3, a4, (s1)          : MemWrite :  D=0x0000000000000000 A=0x715d0
6759000: system.cpu: T0 : 0x1a1b4. 1 : 0x1ce4a6af fence           : No_OpClass : 
6759500: system.cpu: T0 : 0x1a1b8    : c_bnez a3, -10             : IntAlu : 
6760000: system.cpu: T0 : 0x1a1ba    : c_addiw a5, 0              : IntAlu :  D=0x0000000000000000
6760500: system.cpu: T0 : 0x1a1bc    : bne a5, zero, 442          : IntAlu : 
6761000: system.cpu: T0 : 0x1a1c0    : c_sd s0, 8(s1)             : MemWrite :  D=0x0000000000073000 A=0x715d8
6761500: system.cpu: T0 : 0x1a1c2    : c_lw a3, 4(s1)             : MemRead :  D=0x0000000000000000 A=0x715d4
6762000: system.cpu: T0 : 0x1a1c4    : ld s0, -1920(gp)           : MemRead :  D=0x000000000006f080 A=0x70928
6762500: system.cpu: T0 : 0x1a1c8    : addiw a4, a3, 1            : IntAlu :  D=0x0000000000000001
6763000: system.cpu: T0 : 0x1a1cc    : c_sw a4, 4(s1)             : MemWrite :  D=0x0000000000000001 A=0x715d4
6763500: system.cpu: T0 : 0x1a1ce    : c_beqz s0, 202             : IntAlu : 
6764000: system.cpu: T0 : 0x1a1d0    : lui s2, 107                : IntAlu :  D=0x000000000006b000
6764500: system.cpu: T0 : 0x1a1d4    : lui s4, 106                : IntAlu :  D=0x000000000006a000
6765000: system.cpu: T0 : 0x1a1d8    : addi s4, s4, 1256          : IntAlu :  D=0x000000000006a4e8
6765500: system.cpu: T0 : 0x1a1dc    : addi s2, s2, -1328         : IntAlu :  D=0x000000000006aad0
6766000: system.cpu: T0 : 0x1a1e0    : sub s2, s2, s4             : IntAlu :  D=0x00000000000005e8
6766500: system.cpu: T0 : 0x1a1e4    : c_li s9, 2                 : IntAlu :  D=0x0000000000000002
6767000: system.cpu: T0 : 0x1a1e6    : c_j 12                     : IntAlu : 
6767500: system.cpu: T0 : 0x1a1f2    : c_lw a5, 0(s0)             : MemRead :  D=0xfffffffffbad2086 A=0x6f080
6768000: system.cpu: T0 : 0x1a1f4    : c_andi a5, 2               : IntAlu :  D=0x0000000000000002
6769000: system.cpu: T0 : 0x1a1f6    : addiw s8, a5, 0            : IntAlu :  D=0x0000000000000002
6769500: system.cpu: T0 : 0x1a1fa    : c_bnez a5, -18             : IntAlu : 
6770000: system.cpu: T0 : 0x1a1e8    : c_li a5, -1                : IntAlu :  D=0xffffffffffffffff
6771000: system.cpu: T0 : 0x1a1ea    : sw a5, 192(s0)             : MemWrite :  D=0x00000000ffffffff A=0x6f140
6771500: system.cpu: T0 : 0x1a1ee    : c_ld s0, 104(s0)           : MemRead :  D=0x000000000006f248 A=0x6f0e8
6772000: system.cpu: T0 : 0x1a1f0    : c_beqz s0, 162             : IntAlu : 
6772500: system.cpu: T0 : 0x1a1f2    : c_lw a5, 0(s0)             : MemRead :  D=0xfffffffffbad2084 A=0x6f248
6773000: system.cpu: T0 : 0x1a1f4    : c_andi a5, 2               : IntAlu :  D=0x0000000000000000
6774000: system.cpu: T0 : 0x1a1f6    : addiw s8, a5, 0            : IntAlu :  D=0x0000000000000000
6774500: system.cpu: T0 : 0x1a1fa    : c_bnez a5, -18             : IntAlu : 
6775000: system.cpu: T0 : 0x1a1fc    : lw a5, 192(s0)             : MemRead :  D=0x0000000000000000 A=0x6f308
6775500: system.cpu: T0 : 0x1a200    : c_beqz a5, -24             : IntAlu : 
6776000: system.cpu: T0 : 0x1a1e8    : c_li a5, -1                : IntAlu :  D=0xffffffffffffffff
6777000: system.cpu: T0 : 0x1a1ea    : sw a5, 192(s0)             : MemWrite :  D=0x00000000ffffffff A=0x6f308
6777500: system.cpu: T0 : 0x1a1ee    : c_ld s0, 104(s0)           : MemRead :  D=0x000000000006f410 A=0x6f2b0
6778000: system.cpu: T0 : 0x1a1f0    : c_beqz s0, 162             : IntAlu : 
6778500: system.cpu: T0 : 0x1a1f2    : c_lw a5, 0(s0)             : MemRead :  D=0xfffffffffbad2088 A=0x6f410
6779000: system.cpu: T0 : 0x1a1f4    : c_andi a5, 2               : IntAlu :  D=0x0000000000000000
6780000: system.cpu: T0 : 0x1a1f6    : addiw s8, a5, 0            : IntAlu :  D=0x0000000000000000
6780500: system.cpu: T0 : 0x1a1fa    : c_bnez a5, -18             : IntAlu : 
6781000: system.cpu: T0 : 0x1a1fc    : lw a5, 192(s0)             : MemRead :  D=0x0000000000000000 A=0x6f4d0
6781500: system.cpu: T0 : 0x1a200    : c_beqz a5, -24             : IntAlu : 
6782000: system.cpu: T0 : 0x1a1e8    : c_li a5, -1                : IntAlu :  D=0xffffffffffffffff
6783000: system.cpu: T0 : 0x1a1ea    : sw a5, 192(s0)             : MemWrite :  D=0x00000000ffffffff A=0x6f4d0
6783500: system.cpu: T0 : 0x1a1ee    : c_ld s0, 104(s0)           : MemRead :  D=0x0000000000000000 A=0x6f478
6784000: system.cpu: T0 : 0x1a1f0    : c_beqz s0, 162             : IntAlu : 
6784500: system.cpu: T0 : 0x1a292    : c_lw a5, 4(s1)             : MemRead :  D=0x0000000000000001 A=0x715d4
6785000: system.cpu: T0 : 0x1a294    : addiw a3, a5, -1           : IntAlu :  D=0x0000000000000000
6785500: system.cpu: T0 : 0x1a298    : c_sw a3, 4(s1)             : MemWrite :  D=0x0000000000000000 A=0x715d4
6786000: system.cpu: T0 : 0x1a29a    : c_beqz a3, 126             : IntAlu : 
6786500: system.cpu: T0 : 0x1a318    : sd zero, 8(s1)             : MemWrite :  D=0x0000000000000000 A=0x715d8
6787000: system.cpu: T0 : 0x1a31c    : c_mv a5, a3                : IntAlu :  D=0x0000000000000000
6788000: system.cpu: T0 : 0x1a31e    : fence iorw, ow             : No_OpClass : 
6789000: system.cpu: T0 : 0x1a322    : amoswap_w a5, a5, (s1)    
6789000: system.cpu: T0 : 0x1a322. 0 : amoswap_w[l] a5, a5, (s1)  : MemRead :  D=0x0000000000000001 A=0x715d0
6789500: system.cpu: T0 : 0x1a326    : c_addiw a5, 0              : IntAlu :  D=0x0000000000000001
6790000: system.cpu: T0 : 0x1a328    : c_li a4, 1                 : IntAlu :  D=0x0000000000000001
6791000: system.cpu: T0 : 0x1a32a    : bge a4, a5, -142           : IntAlu : 
6791500: system.cpu: T0 : 0x1a29c    : beq s3, zero, 16           : IntAlu : 
6792000: system.cpu: T0 : 0x1a2ac    : c_ldsp a4, 56(sp)          : MemRead :  D=0x2f2e2e0000000000 A=0x7ffffffffffffce8
6793000: system.cpu: T0 : 0x1a2ae    : ld a5, -1264(s6)           : MemRead :  D=0x2f2e2e0000000000 A=0x6eb10
6794000: system.cpu: T0 : 0x1a2b2    : bne a4, a5, 216            : IntAlu : 
6794500: system.cpu: T0 : 0x1a2b6    : c_ldsp ra, 168(sp)         : MemRead :  D=0x0000000000015230 A=0x7ffffffffffffd58
6795000: system.cpu: T0 : 0x1a2b8    : c_ldsp s0, 160(sp)         : MemRead :  D=0x000000000006aad8 A=0x7ffffffffffffd50
6795500: system.cpu: T0 : 0x1a2ba    : c_ldsp s1, 152(sp)         : MemRead :  D=0x000000000006aad8 A=0x7ffffffffffffd48
6796000: system.cpu: T0 : 0x1a2bc    : c_ldsp s2, 144(sp)         : MemRead :  D=0x0000000000000004 A=0x7ffffffffffffd40
6796500: system.cpu: T0 : 0x1a2be    : c_ldsp s3, 136(sp)         : MemRead :  D=0x0000000000000001 A=0x7ffffffffffffd38
6797000: system.cpu: T0 : 0x1a2c0    : c_ldsp s4, 128(sp)         : MemRead :  D=0x0000000000000000 A=0x7ffffffffffffd30
6797500: system.cpu: T0 : 0x1a2c2    : c_ldsp s6, 112(sp)         : MemRead :  D=0x00000000000002bb A=0x7ffffffffffffd20
6798000: system.cpu: T0 : 0x1a2c4    : c_ldsp s7, 104(sp)         : MemRead :  D=0x0000000000070918 A=0x7ffffffffffffd18
6798500: system.cpu: T0 : 0x1a2c6    : c_ldsp s8, 96(sp)          : MemRead :  D=0x0000000000000001 A=0x7ffffffffffffd10
6799000: system.cpu: T0 : 0x1a2c8    : c_ldsp s9, 88(sp)          : MemRead :  D=0x0000000000072000 A=0x7ffffffffffffd08
6799500: system.cpu: T0 : 0x1a2ca    : c_ldsp s10, 80(sp)         : MemRead :  D=0x0000000000000000 A=0x7ffffffffffffd00
6800000: system.cpu: T0 : 0x1a2cc    : c_ldsp s11, 72(sp)         : MemRead :  D=0x0000000000072000 A=0x7ffffffffffffcf8
6800500: system.cpu: T0 : 0x1a2ce    : c_mv a0, s5                : IntAlu :  D=0x0000000000000000
6801000: system.cpu: T0 : 0x1a2d0    : c_ldsp s5, 120(sp)         : MemRead :  D=0x0000000000000003 A=0x7ffffffffffffd28
6801500: system.cpu: T0 : 0x1a2d2    : c_addi16sp sp, 176         : IntAlu :  D=0x7ffffffffffffd60
6802000: system.cpu: T0 : 0x1a2d4    : c_jr ra                    : IntAlu : 
6802500: system.cpu: T0 : 0x15230    : bne s1, s0, -6             : IntAlu : 
6803000: system.cpu: T0 : 0x15234    : c_mv a0, s6                : IntAlu :  D=0x00000000000002bb
6804000: system.cpu: T0 : 0x15236    : jal ra, 48012              : IntAlu :  D=0x000000000001523a
6804500: system.cpu: T0 : 0x20dc2    : c_mv a4, a0                : IntAlu :  D=0x00000000000002bb
6805000: system.cpu: T0 : 0x20dc4    : addi a7, zero, 94          : IntAlu :  D=0x000000000000005e
6805500: system.cpu: T0 : 0x20dc8    : ecall                      : No_OpClass : 
