      0: system.cpu: T0 : 0x10348    : jal ra, 46                 : IntAlu :  D=0x000000000001034c
   1000: system.cpu: T0 : 0x10376    : auipc gp, 97               : IntAlu :  D=0x0000000000071376
   2000: system.cpu: T0 : 0x1037a    : addi gp, gp, -846          : IntAlu :  D=0x0000000000071028
   2500: system.cpu: T0 : 0x1037e    : c_jr ra                    : IntAlu : 
   3000: system.cpu: T0 : 0x1034c    : c_mv a5, a0                : IntAlu :  D=0x0000000000000000
   4000: system.cpu: T0 : 0x1034e    : auipc a0, 0                : IntAlu :  D=0x000000000001034e
   5000: system.cpu: T0 : 0x10352    : addi a0, a0, 308           : IntAlu :  D=0x0000000000010482
   5500: system.cpu: T0 : 0x10356    : c_ldsp a1, 0(sp)           : MemRead :  D=0x0000000000000001 A=0x7fffffffffffff30
   6000: system.cpu: T0 : 0x10358    : c_addi4spn a2, sp, 8       : IntAlu :  D=0x7fffffffffffff38
   7000: system.cpu: T0 : 0x1035a    : andi sp, sp, 18446744073709551600 : IntAlu :  D=0x7fffffffffffff30
   8000: system.cpu: T0 : 0x1035e    : auipc a3, 0                : IntAlu :  D=0x000000000001035e
   9000: system.cpu: T0 : 0x10362    : addi a3, a3, 1594          : IntAlu :  D=0x0000000000010998
  10000: system.cpu: T0 : 0x10366    : auipc a4, 0                : IntAlu :  D=0x0000000000010366
  11000: system.cpu: T0 : 0x1036a    : addi a4, a4, 1730          : IntAlu :  D=0x0000000000010a28
  11500: system.cpu: T0 : 0x1036e    : c_mv a6, sp                : IntAlu :  D=0x7fffffffffffff30
  12000: system.cpu: T0 : 0x10370    : jal ra, 348                : IntAlu :  D=0x0000000000010374
  12500: system.cpu: T0 : 0x104cc    : c_addi16sp sp, -320        : IntAlu :  D=0x7ffffffffffffdf0
  13000: system.cpu: T0 : 0x104ce    : c_sdsp s0, 304(sp)         : MemWrite :  D=0x0000000000000000 A=0x7fffffffffffff20
  13500: system.cpu: T0 : 0x104d0    : c_sdsp s1, 296(sp)         : MemWrite :  D=0x0000000000000000 A=0x7fffffffffffff18
  14000: system.cpu: T0 : 0x104d2    : c_sdsp s2, 288(sp)         : MemWrite :  D=0x0000000000000000 A=0x7fffffffffffff10
  14500: system.cpu: T0 : 0x104d4    : c_sdsp a2, 16(sp)          : MemWrite :  D=0x7fffffffffffff38 A=0x7ffffffffffffe00
  15000: system.cpu: T0 : 0x104d6    : c_sdsp ra, 312(sp)         : MemWrite :  D=0x0000000000010374 A=0x7fffffffffffff28
  15500: system.cpu: T0 : 0x104d8    : addi t1, zero, 0           : IntAlu :  D=0x0000000000000000
  16000: system.cpu: T0 : 0x104dc    : c_sdsp a0, 24(sp)          : MemWrite :  D=0x0000000000010482 A=0x7ffffffffffffe08
  16500: system.cpu: T0 : 0x104de    : c_sdsp a1, 8(sp)           : MemWrite :  D=0x0000000000000001 A=0x7ffffffffffffdf8
  17000: system.cpu: T0 : 0x104e0    : c_mv s0, a3                : IntAlu :  D=0x0000000000010998
  17500: system.cpu: T0 : 0x104e2    : c_mv s1, a4                : IntAlu :  D=0x0000000000010a28
  18000: system.cpu: T0 : 0x104e4    : c_mv s2, a5                : IntAlu :  D=0x0000000000000000
  18500: system.cpu: T0 : 0x104e6    : c_li a2, 0                 : IntAlu :  D=0x0000000000000000
  19000: system.cpu: T0 : 0x104e8    : beq t1, zero, 12           : IntAlu : 
  19500: system.cpu: T0 : 0x104f4    : c_ldsp a5, 8(sp)           : MemRead :  D=0x0000000000000001 A=0x7ffffffffffffdf8
  20500: system.cpu: T0 : 0x104f6    : addi a0, a5, 1             : IntAlu :  D=0x0000000000000002
  21000: system.cpu: T0 : 0x104fa    : c_ldsp a5, 16(sp)          : MemRead :  D=0x7fffffffffffff38 A=0x7ffffffffffffe00
  21500: system.cpu: T0 : 0x104fc    : c_slli a0, 3               : IntAlu :  D=0x0000000000000010
  22000: system.cpu: T0 : 0x104fe    : c_add a0, a5               : IntAlu :  D=0x7fffffffffffff48
  22500: system.cpu: T0 : 0x10500    : sw a2, -1728(gp)           : MemWrite :  D=0x0000000000000000 A=0x70968
  23000: system.cpu: T0 : 0x10504    : sd a0, -1360(gp)           : MemWrite :  D=0x7fffffffffffff48 A=0x70ad8
  23500: system.cpu: T0 : 0x10508    : lui a5, 111                : IntAlu :  D=0x000000000006f000
  24000: system.cpu: T0 : 0x1050c    : sd a6, -80(a5)             : MemWrite :  D=0x7fffffffffffff30 A=0x6efb0
  24500: system.cpu: T0 : 0x10510    : c_ld a2, 0(a0)             : MemRead :  D=0x0000000000000000 A=0x7fffffffffffff48
  25000: system.cpu: T0 : 0x10512    : c_addi a0, 8               : IntAlu :  D=0x7fffffffffffff50
  25500: system.cpu: T0 : 0x10514    : c_bnez a2, -4              : IntAlu : 
  26500: system.cpu: T0 : 0x10516    : jal ra, 72962              : IntAlu :  D=0x000000000001051a
  27000: system.cpu: T0 : 0x22218    : c_ld a5, 0(a0)             : MemRead :  D=0x0000000000000009 A=0x7fffffffffffff50
  28000: system.cpu: T0 : 0x2221a    : lui a4, 114                : IntAlu :  D=0x0000000000072000
  29000: system.cpu: T0 : 0x2221e    : sd a0, -504(a4)            : MemWrite :  D=0x7fffffffffffff50 A=0x71e08
  30000: system.cpu: T0 : 0x22222    : beq a5, zero, 618          : IntAlu : 
  30500: system.cpu: T0 : 0x22226    : c_addi16sp sp, -224        : IntAlu :  D=0x7ffffffffffffd10
  31000: system.cpu: T0 : 0x22228    : c_sdsp s1, 208(sp)         : MemWrite :  D=0x0000000000010a28 A=0x7ffffffffffffde0
  32000: system.cpu: T0 : 0x2222a    : lui s1, 114                : IntAlu :  D=0x0000000000072000
  33000: system.cpu: T0 : 0x2222e    : ld a4, -432(s1)            : MemRead :  D=0x0000000000000000 A=0x71e50
  33500: system.cpu: T0 : 0x22232    : c_sdsp s3, 192(sp)         : MemWrite :  D=0x0000000000000000 A=0x7ffffffffffffdd0
  34000: system.cpu: T0 : 0x22234    : c_sdsp a4, 64(sp)          : MemWrite :  D=0x0000000000000000 A=0x7ffffffffffffd50
  35000: system.cpu: T0 : 0x22236    : ld a4, -1336(gp)           : MemRead :  D=0x0000000000000000 A=0x70af0
  36000: system.cpu: T0 : 0x2223a    : lui a6, 111                : IntAlu :  D=0x000000000006f000
  37000: system.cpu: T0 : 0x2223e    : addi a6, a6, -128          : IntAlu :  D=0x000000000006ef80
  37500: system.cpu: T0 : 0x22242    : c_sdsp a4, 32(sp)          : MemWrite :  D=0x0000000000000000 A=0x7ffffffffffffd30
  38000: system.cpu: T0 : 0x22244    : ld a4, 0(a6)               : MemRead :  D=0x0000000000000000 A=0x6ef80
  38500: system.cpu: T0 : 0x22248    : lui t3, 111                : IntAlu :  D=0x000000000006f000
  39000: system.cpu: T0 : 0x2224c    : lui t1, 114                : IntAlu :  D=0x0000000000072000
  39500: system.cpu: T0 : 0x22250    : c_sdsp a4, 104(sp)         : MemWrite :  D=0x0000000000000000 A=0x7ffffffffffffd78
  40500: system.cpu: T0 : 0x22252    : lw a4, -72(t3)             : MemRead :  D=0x0000000000000001 A=0x6efb8
  41000: system.cpu: T0 : 0x22256    : c_sdsp s2, 200(sp)         : MemWrite :  D=0x0000000000000000 A=0x7ffffffffffffdd8
  41500: system.cpu: T0 : 0x22258    : c_sdsp a4, 80(sp)          : MemWrite :  D=0x0000000000000001 A=0x7ffffffffffffd60
  42500: system.cpu: T0 : 0x2225a    : lw a4, -360(t1)            : MemRead :  D=0x0000000000000000 A=0x71e98
  43000: system.cpu: T0 : 0x2225e    : c_sdsp s4, 184(sp)         : MemWrite :  D=0x0000000000000000 A=0x7ffffffffffffdc8
  43500: system.cpu: T0 : 0x22260    : c_sdsp a4, 96(sp)          : MemWrite :  D=0x0000000000000000 A=0x7ffffffffffffd70
  44500: system.cpu: T0 : 0x22262    : lw a4, -1344(gp)           : MemRead :  D=0x0000000000000000 A=0x70ae8
  45000: system.cpu: T0 : 0x22266    : c_sdsp s0, 216(sp)         : MemWrite :  D=0x0000000000010998 A=0x7ffffffffffffde8
  45500: system.cpu: T0 : 0x22268    : lui s0, 114                : IntAlu :  D=0x0000000000072000
  46000: system.cpu: T0 : 0x2226c    : c_sdsp a4, 48(sp)          : MemWrite :  D=0x0000000000000000 A=0x7ffffffffffffd40
  47000: system.cpu: T0 : 0x2226e    : ld a4, -1328(gp)           : MemRead :  D=0x0000000000000000 A=0x70af8
  48000: system.cpu: T0 : 0x22272    : lui t6, 114                : IntAlu :  D=0x0000000000072000
  48500: system.cpu: T0 : 0x22276    : c_sdsp a4, 24(sp)          : MemWrite :  D=0x0000000000000000 A=0x7ffffffffffffd28
  49000: system.cpu: T0 : 0x22278    : ld a4, -496(s0)            : MemRead :  D=0x0000000000000000 A=0x71e10
  49500: system.cpu: T0 : 0x2227c    : lui t2, 114                : IntAlu :  D=0x0000000000072000
  50000: system.cpu: T0 : 0x22280    : lui t0, 114                : IntAlu :  D=0x0000000000072000
  50500: system.cpu: T0 : 0x22284    : c_sdsp a4, 8(sp)           : MemWrite :  D=0x0000000000000000 A=0x7ffffffffffffd18
  51500: system.cpu: T0 : 0x22286    : ld a4, -1784(gp)           : MemRead :  D=0x0000000000001000 A=0x70930
  52500: system.cpu: T0 : 0x2228a    : lui a3, 80                 : IntAlu :  D=0x0000000000050000
  53000: system.cpu: T0 : 0x2228e    : c_sdsp s5, 176(sp)         : MemWrite :  D=0x0000000000000000 A=0x7ffffffffffffdc0
  53500: system.cpu: T0 : 0x22290    : c_sdsp s6, 168(sp)         : MemWrite :  D=0x0000000000000000 A=0x7ffffffffffffdb8
  54000: system.cpu: T0 : 0x22292    : c_sdsp s7, 160(sp)         : MemWrite :  D=0x0000000000000000 A=0x7ffffffffffffdb0
  54500: system.cpu: T0 : 0x22294    : c_sdsp s8, 152(sp)         : MemWrite :  D=0x0000000000000000 A=0x7ffffffffffffda8
  55000: system.cpu: T0 : 0x22296    : c_sdsp s10, 136(sp)        : MemWrite :  D=0x0000000000000000 A=0x7ffffffffffffd98
  55500: system.cpu: T0 : 0x22298    : c_sdsp s11, 128(sp)        : MemWrite :  D=0x0000000000000000 A=0x7ffffffffffffd90
  56000: system.cpu: T0 : 0x2229a    : c_sdsp a4, 120(sp)         : MemWrite :  D=0x0000000000001000 A=0x7ffffffffffffd88
  56500: system.cpu: T0 : 0x2229c    : lw s7, -440(t6)            : MemRead :  D=0x0000000000000000 A=0x71e48
  57000: system.cpu: T0 : 0x222a0    : ld s11, -408(t2)           : MemRead :  D=0x0000000000000000 A=0x71e68
  57500: system.cpu: T0 : 0x222a4    : c_sdsp s9, 144(sp)         : MemWrite :  D=0x0000000000000000 A=0x7ffffffffffffda0
  58000: system.cpu: T0 : 0x222a6    : c_li s10, 0                : IntAlu :  D=0x0000000000000000
  58500: system.cpu: T0 : 0x222a8    : ld s9, -464(t0)            : MemRead :  D=0x0000000000000000 A=0x71e30
  59000: system.cpu: T0 : 0x222ac    : c_li s8, 0                 : IntAlu :  D=0x0000000000000000
  59500: system.cpu: T0 : 0x222ae    : c_sdsp zero, 112(sp)       : MemWrite :  D=0x0000000000000000 A=0x7ffffffffffffd80
  60000: system.cpu: T0 : 0x222b0    : c_sdsp zero, 88(sp)        : MemWrite :  D=0x0000000000000000 A=0x7ffffffffffffd68
  60500: system.cpu: T0 : 0x222b2    : c_sdsp zero, 72(sp)        : MemWrite :  D=0x0000000000000000 A=0x7ffffffffffffd58
  61000: system.cpu: T0 : 0x222b4    : c_sdsp zero, 56(sp)        : MemWrite :  D=0x0000000000000000 A=0x7ffffffffffffd48
  61500: system.cpu: T0 : 0x222b6    : c_sdsp zero, 40(sp)        : MemWrite :  D=0x0000000000000000 A=0x7ffffffffffffd38
  62000: system.cpu: T0 : 0x222b8    : c_sdsp zero, 16(sp)        : MemWrite :  D=0x0000000000000000 A=0x7ffffffffffffd20
  62500: system.cpu: T0 : 0x222ba    : c_li s6, 0                 : IntAlu :  D=0x0000000000000000
  63000: system.cpu: T0 : 0x222bc    : c_li s5, 0                 : IntAlu :  D=0x0000000000000000
  63500: system.cpu: T0 : 0x222be    : c_li t5, 0                 : IntAlu :  D=0x0000000000000000
  64000: system.cpu: T0 : 0x222c0    : c_li a7, 0                 : IntAlu :  D=0x0000000000000000
  64500: system.cpu: T0 : 0x222c2    : c_li a1, 0                 : IntAlu :  D=0x0000000000000000
  65000: system.cpu: T0 : 0x222c4    : c_li a2, 0                 : IntAlu :  D=0x0000000000000000
  65500: system.cpu: T0 : 0x222c6    : c_li a4, 30                : IntAlu :  D=0x000000000000001e
  66000: system.cpu: T0 : 0x222c8    : addi a3, a3, -1200         : IntAlu :  D=0x000000000004fb50
  66500: system.cpu: T0 : 0x222cc    : c_addi a5, -3              : IntAlu :  D=0x0000000000000006
  67500: system.cpu: T0 : 0x222ce    : bltu a4, a5, 20            : IntAlu : 
  68000: system.cpu: T0 : 0x222d2    : c_slli a5, 2               : IntAlu :  D=0x0000000000000018
  68500: system.cpu: T0 : 0x222d4    : c_add a5, a3               : IntAlu :  D=0x000000000004fb68
  69000: system.cpu: T0 : 0x222d6    : c_lw a5, 0(a5)             : MemRead :  D=0x00000000000222e2 A=0x4fb68
  69500: system.cpu: T0 : 0x222d8    : c_jr a5                    : IntAlu : 
  70000: system.cpu: T0 : 0x222e2    : c_ld a5, 16(a0)            : MemRead :  D=0x0000000000000005 A=0x7fffffffffffff60
  70500: system.cpu: T0 : 0x222e4    : c_addi a0, 16              : IntAlu :  D=0x7fffffffffffff60
  71000: system.cpu: T0 : 0x222e6    : c_bnez a5, -26             : IntAlu : 
  71500: system.cpu: T0 : 0x222cc    : c_addi a5, -3              : IntAlu :  D=0x0000000000000002
  72500: system.cpu: T0 : 0x222ce    : bltu a4, a5, 20            : IntAlu : 
  73000: system.cpu: T0 : 0x222d2    : c_slli a5, 2               : IntAlu :  D=0x0000000000000008
  73500: system.cpu: T0 : 0x222d4    : c_add a5, a3               : IntAlu :  D=0x000000000004fb58
  74000: system.cpu: T0 : 0x222d6    : c_lw a5, 0(a5)             : MemRead :  D=0x0000000000022460 A=0x4fb58
  74500: system.cpu: T0 : 0x222d8    : c_jr a5                    : IntAlu : 
  75000: system.cpu: T0 : 0x22460    : c_ld a5, 16(a0)            : MemRead :  D=0x0000000000000004 A=0x7fffffffffffff70
  76000: system.cpu: T0 : 0x22462    : ld s11, 8(a0)              : MemRead :  D=0x0000000000000006 A=0x7fffffffffffff68
  76500: system.cpu: T0 : 0x22466    : c_li s8, 1                 : IntAlu :  D=0x0000000000000001
  77000: system.cpu: T0 : 0x22468    : c_addi a0, 16              : IntAlu :  D=0x7fffffffffffff70
  78000: system.cpu: T0 : 0x2246a    : bne a5, zero, -414         : IntAlu : 
  78500: system.cpu: T0 : 0x222cc    : c_addi a5, -3              : IntAlu :  D=0x0000000000000001
  79500: system.cpu: T0 : 0x222ce    : bltu a4, a5, 20            : IntAlu : 
  80000: system.cpu: T0 : 0x222d2    : c_slli a5, 2               : IntAlu :  D=0x0000000000000004
  80500: system.cpu: T0 : 0x222d4    : c_add a5, a3               : IntAlu :  D=0x000000000004fb54
  81000: system.cpu: T0 : 0x222d6    : c_lw a5, 0(a5)             : MemRead :  D=0x00000000000222e2 A=0x4fb54
  81500: system.cpu: T0 : 0x222d8    : c_jr a5                    : IntAlu : 
  82000: system.cpu: T0 : 0x222e2    : c_ld a5, 16(a0)            : MemRead :  D=0x0000000000000003 A=0x7fffffffffffff80
  82500: system.cpu: T0 : 0x222e4    : c_addi a0, 16              : IntAlu :  D=0x7fffffffffffff80
  83000: system.cpu: T0 : 0x222e6    : c_bnez a5, -26             : IntAlu : 
  83500: system.cpu: T0 : 0x222cc    : c_addi a5, -3              : IntAlu :  D=0x0000000000000000
  84500: system.cpu: T0 : 0x222ce    : bltu a4, a5, 20            : IntAlu : 
  85000: system.cpu: T0 : 0x222d2    : c_slli a5, 2               : IntAlu :  D=0x0000000000000000
  85500: system.cpu: T0 : 0x222d4    : c_add a5, a3               : IntAlu :  D=0x000000000004fb50
  86000: system.cpu: T0 : 0x222d6    : c_lw a5, 0(a5)             : MemRead :  D=0x0000000000022470 A=0x4fb50
  86500: system.cpu: T0 : 0x222d8    : c_jr a5                    : IntAlu : 
  87000: system.cpu: T0 : 0x22470    : c_ld a5, 16(a0)            : MemRead :  D=0x0000000000000006 A=0x7fffffffffffff90
  88000: system.cpu: T0 : 0x22472    : ld s9, 8(a0)               : MemRead :  D=0x0000000000010040 A=0x7fffffffffffff88
  88500: system.cpu: T0 : 0x22476    : c_li s6, 1                 : IntAlu :  D=0x0000000000000001
  89000: system.cpu: T0 : 0x22478    : c_addi a0, 16              : IntAlu :  D=0x7fffffffffffff90
  90000: system.cpu: T0 : 0x2247a    : bne a5, zero, -430         : IntAlu : 
  90500: system.cpu: T0 : 0x222cc    : c_addi a5, -3              : IntAlu :  D=0x0000000000000003
  91500: system.cpu: T0 : 0x222ce    : bltu a4, a5, 20            : IntAlu : 
  92000: system.cpu: T0 : 0x222d2    : c_slli a5, 2               : IntAlu :  D=0x000000000000000c
  92500: system.cpu: T0 : 0x222d4    : c_add a5, a3               : IntAlu :  D=0x000000000004fb5c
  93000: system.cpu: T0 : 0x222d6    : c_lw a5, 0(a5)             : MemRead :  D=0x00000000000222da A=0x4fb5c
  93500: system.cpu: T0 : 0x222d8    : c_jr a5                    : IntAlu : 
  94000: system.cpu: T0 : 0x222da    : c_ld a5, 8(a0)             : MemRead :  D=0x0000000000001000 A=0x7fffffffffffff98
  94500: system.cpu: T0 : 0x222dc    : c_beqz a5, 6               : IntAlu : 
  95000: system.cpu: T0 : 0x222de    : c_sdsp a5, 120(sp)         : MemWrite :  D=0x0000000000001000 A=0x7ffffffffffffd88
  95500: system.cpu: T0 : 0x222e0    : c_li t5, 1                 : IntAlu :  D=0x0000000000000001
  96000: system.cpu: T0 : 0x222e2    : c_ld a5, 16(a0)            : MemRead :  D=0x0000000000000017 A=0x7fffffffffffffa0
  96500: system.cpu: T0 : 0x222e4    : c_addi a0, 16              : IntAlu :  D=0x7fffffffffffffa0
  97000: system.cpu: T0 : 0x222e6    : c_bnez a5, -26             : IntAlu : 
  97500: system.cpu: T0 : 0x222cc    : c_addi a5, -3              : IntAlu :  D=0x0000000000000014
  98500: system.cpu: T0 : 0x222ce    : bltu a4, a5, 20            : IntAlu : 
  99000: system.cpu: T0 : 0x222d2    : c_slli a5, 2               : IntAlu :  D=0x0000000000000050
  99500: system.cpu: T0 : 0x222d4    : c_add a5, a3               : IntAlu :  D=0x000000000004fba0
 100000: system.cpu: T0 : 0x222d6    : c_lw a5, 0(a5)             : MemRead :  D=0x00000000000223b4 A=0x4fba0
 100500: system.cpu: T0 : 0x222d8    : c_jr a5                    : IntAlu : 
 101000: system.cpu: T0 : 0x223b4    : c_lw a5, 8(a0)             : MemRead :  D=0x0000000000000000 A=0x7fffffffffffffa8
 101500: system.cpu: T0 : 0x223b6    : c_li a2, -1                : IntAlu :  D=0xffffffffffffffff
 102000: system.cpu: T0 : 0x223b8    : c_addi a0, 16              : IntAlu :  D=0x7fffffffffffffb0
 102500: system.cpu: T0 : 0x223ba    : c_sdsp a5, 80(sp)          : MemWrite :  D=0x0000000000000000 A=0x7ffffffffffffd60
 103000: system.cpu: T0 : 0x223bc    : c_li a5, 1                 : IntAlu :  D=0x0000000000000001
 103500: system.cpu: T0 : 0x223be    : c_sdsp a5, 96(sp)          : MemWrite :  D=0x0000000000000001 A=0x7ffffffffffffd70
 104000: system.cpu: T0 : 0x223c0    : c_sdsp a5, 88(sp)          : MemWrite :  D=0x0000000000000001 A=0x7ffffffffffffd68
 104500: system.cpu: T0 : 0x223c2    : c_ld a5, 0(a0)             : MemRead :  D=0x0000000000000019 A=0x7fffffffffffffb0
 105000: system.cpu: T0 : 0x223c4    : c_bnez a5, -248            : IntAlu : 
 105500: system.cpu: T0 : 0x222cc    : c_addi a5, -3              : IntAlu :  D=0x0000000000000016
 106500: system.cpu: T0 : 0x222ce    : bltu a4, a5, 20            : IntAlu : 
 107000: system.cpu: T0 : 0x222d2    : c_slli a5, 2               : IntAlu :  D=0x0000000000000058
 107500: system.cpu: T0 : 0x222d4    : c_add a5, a3               : IntAlu :  D=0x000000000004fba8
 108000: system.cpu: T0 : 0x222d6    : c_lw a5, 0(a5)             : MemRead :  D=0x00000000000223a4 A=0x4fba8
 108500: system.cpu: T0 : 0x222d8    : c_jr a5                    : IntAlu : 
 109000: system.cpu: T0 : 0x223a4    : c_ld a5, 8(a0)             : MemRead :  D=0x7fffffffffffffd8 A=0x7fffffffffffffb8
 109500: system.cpu: T0 : 0x223a6    : c_addi a0, 16              : IntAlu :  D=0x7fffffffffffffc0
 110000: system.cpu: T0 : 0x223a8    : c_sdsp a5, 104(sp)         : MemWrite :  D=0x7fffffffffffffd8 A=0x7ffffffffffffd78
 110500: system.cpu: T0 : 0x223aa    : c_li a5, 1                 : IntAlu :  D=0x0000000000000001
 111000: system.cpu: T0 : 0x223ac    : c_sdsp a5, 112(sp)         : MemWrite :  D=0x0000000000000001 A=0x7ffffffffffffd80
 111500: system.cpu: T0 : 0x223ae    : c_ld a5, 0(a0)             : MemRead :  D=0x0000000000000000 A=0x7fffffffffffffc0
 112000: system.cpu: T0 : 0x223b0    : c_bnez a5, -228            : IntAlu : 
 112500: system.cpu: T0 : 0x223b2    : c_j -202                   : IntAlu : 
 113000: system.cpu: T0 : 0x222e8    : bne t5, zero, 408          : IntAlu : 
 113500: system.cpu: T0 : 0x22480    : c_ldsp a5, 120(sp)         : MemRead :  D=0x0000000000001000 A=0x7ffffffffffffd88
 114500: system.cpu: T0 : 0x22482    : sd a5, -1784(gp)           : MemWrite :  D=0x0000000000001000 A=0x70930
 115500: system.cpu: T0 : 0x22486    : bne s5, zero, -406         : IntAlu : 
 116000: system.cpu: T0 : 0x2248a    : c_j -406                   : IntAlu : 
 116500: system.cpu: T0 : 0x222f4    : beq s6, zero, 8            : IntAlu : 
 117000: system.cpu: T0 : 0x222f8    : sd s9, -464(t0)            : MemWrite :  D=0x0000000000010040 A=0x71e30
 117500: system.cpu: T0 : 0x222fc    : beq s8, zero, 8            : IntAlu : 
 118000: system.cpu: T0 : 0x22300    : sd s11, -408(t2)           : MemWrite :  D=0x0000000000000006 A=0x71e68
 118500: system.cpu: T0 : 0x22304    : beq s10, zero, 10          : IntAlu : 
 119000: system.cpu: T0 : 0x2230e    : c_ldsp a5, 16(sp)          : MemRead :  D=0x0000000000000000 A=0x7ffffffffffffd20
 119500: system.cpu: T0 : 0x22310    : c_beqz a5, 8               : IntAlu : 
 120000: system.cpu: T0 : 0x22318    : c_ldsp a5, 40(sp)          : MemRead :  D=0x0000000000000000 A=0x7ffffffffffffd38
 120500: system.cpu: T0 : 0x2231a    : c_beqz a5, 8               : IntAlu : 
 121000: system.cpu: T0 : 0x22322    : c_ldsp a5, 56(sp)          : MemRead :  D=0x0000000000000000 A=0x7ffffffffffffd48
 121500: system.cpu: T0 : 0x22324    : c_beqz a5, 8               : IntAlu : 
 122000: system.cpu: T0 : 0x2232c    : c_ldsp a5, 72(sp)          : MemRead :  D=0x0000000000000000 A=0x7ffffffffffffd58
 122500: system.cpu: T0 : 0x2232e    : c_beqz a5, 8               : IntAlu : 
 123000: system.cpu: T0 : 0x22336    : c_ldsp a5, 88(sp)          : MemRead :  D=0x0000000000000001 A=0x7ffffffffffffd68
 123500: system.cpu: T0 : 0x22338    : c_beqz a5, 14              : IntAlu : 
 124000: system.cpu: T0 : 0x2233a    : c_ldsp a5, 80(sp)          : MemRead :  D=0x0000000000000000 A=0x7ffffffffffffd60
 124500: system.cpu: T0 : 0x2233c    : sw a5, -72(t3)             : MemWrite :  D=0x0000000000000000 A=0x6efb8
 125000: system.cpu: T0 : 0x22340    : c_ldsp a5, 96(sp)          : MemRead :  D=0x0000000000000001 A=0x7ffffffffffffd70
 126000: system.cpu: T0 : 0x22342    : sw a5, -360(t1)            : MemWrite :  D=0x0000000000000001 A=0x71e98
 126500: system.cpu: T0 : 0x22346    : c_ldsp a5, 112(sp)         : MemRead :  D=0x0000000000000001 A=0x7ffffffffffffd80
 127000: system.cpu: T0 : 0x22348    : c_beqz a5, 8               : IntAlu : 
 127500: system.cpu: T0 : 0x2234a    : c_ldsp a5, 104(sp)         : MemRead :  D=0x7fffffffffffffd8 A=0x7ffffffffffffd78
 128000: system.cpu: T0 : 0x2234c    : sd a5, 0(a6)               : MemWrite :  D=0x7fffffffffffffd8 A=0x6ef80
 128500: system.cpu: T0 : 0x22350    : c_li a5, 15                : IntAlu :  D=0x000000000000000f
 129500: system.cpu: T0 : 0x22352    : bne a2, a5, 22             : IntAlu : 
 130000: system.cpu: T0 : 0x22368    : c_ldsp s0, 216(sp)         : MemRead :  D=0x0000000000010998 A=0x7ffffffffffffde8
 130500: system.cpu: T0 : 0x2236a    : c_ldsp s1, 208(sp)         : MemRead :  D=0x0000000000010a28 A=0x7ffffffffffffde0
 131000: system.cpu: T0 : 0x2236c    : c_ldsp s2, 200(sp)         : MemRead :  D=0x0000000000000000 A=0x7ffffffffffffdd8
 131500: system.cpu: T0 : 0x2236e    : c_ldsp s3, 192(sp)         : MemRead :  D=0x0000000000000000 A=0x7ffffffffffffdd0
 132000: system.cpu: T0 : 0x22370    : c_ldsp s4, 184(sp)         : MemRead :  D=0x0000000000000000 A=0x7ffffffffffffdc8
 132500: system.cpu: T0 : 0x22372    : c_ldsp s5, 176(sp)         : MemRead :  D=0x0000000000000000 A=0x7ffffffffffffdc0
 133000: system.cpu: T0 : 0x22374    : c_ldsp s6, 168(sp)         : MemRead :  D=0x0000000000000000 A=0x7ffffffffffffdb8
 133500: system.cpu: T0 : 0x22376    : c_ldsp s7, 160(sp)         : MemRead :  D=0x0000000000000000 A=0x7ffffffffffffdb0
 134000: system.cpu: T0 : 0x22378    : c_ldsp s8, 152(sp)         : MemRead :  D=0x0000000000000000 A=0x7ffffffffffffda8
 134500: system.cpu: T0 : 0x2237a    : c_ldsp s9, 144(sp)         : MemRead :  D=0x0000000000000000 A=0x7ffffffffffffda0
 135000: system.cpu: T0 : 0x2237c    : c_ldsp s10, 136(sp)        : MemRead :  D=0x0000000000000000 A=0x7ffffffffffffd98
 135500: system.cpu: T0 : 0x2237e    : c_ldsp s11, 128(sp)        : MemRead :  D=0x0000000000000000 A=0x7ffffffffffffd90
 136000: system.cpu: T0 : 0x22380    : c_addi16sp sp, 224         : IntAlu :  D=0x7ffffffffffffdf0
 136500: system.cpu: T0 : 0x22382    : c_jr ra                    : IntAlu : 
 137500: system.cpu: T0 : 0x1051a    : lui a5, 114                : IntAlu :  D=0x0000000000072000
 138500: system.cpu: T0 : 0x1051e    : ld a4, -464(a5)            : MemRead :  D=0x0000000000010040 A=0x71e30
 139500: system.cpu: T0 : 0x10522    : beq a4, zero, 320          : IntAlu : 
 140500: system.cpu: T0 : 0x10526    : jal ra, 75468              : IntAlu :  D=0x000000000001052a
 141500: system.cpu: T0 : 0x22bf2    : lui a5, 114                : IntAlu :  D=0x0000000000072000
 142500: system.cpu: T0 : 0x22bf6    : lw a5, -360(a5)            : MemRead :  D=0x0000000000000001 A=0x71e98
 143000: system.cpu: T0 : 0x22bfa    : c_beqz a5, 4               : IntAlu : 
 143500: system.cpu: T0 : 0x22bfc    : c_jr ra                    : IntAlu : 
 144500: system.cpu: T0 : 0x1052a    : ld a0, -1360(gp)           : MemRead :  D=0x7fffffffffffff48 A=0x70ad8
 145500: system.cpu: T0 : 0x1052e    : jal ra, 71966              : IntAlu :  D=0x0000000000010532
 146000: system.cpu: T0 : 0x21e4c    : c_addi16sp sp, -128        : IntAlu :  D=0x7ffffffffffffd70
 146500: system.cpu: T0 : 0x21e4e    : c_sdsp s4, 80(sp)          : MemWrite :  D=0x0000000000000000 A=0x7ffffffffffffdc0
 147000: system.cpu: T0 : 0x21e50    : lui s4, 111                : IntAlu :  D=0x000000000006f000
 147500: system.cpu: T0 : 0x21e54    : lw a5, -72(s4)             : MemRead :  D=0x0000000000000000 A=0x6efb8
 148000: system.cpu: T0 : 0x21e58    : c_sdsp s7, 56(sp)          : MemWrite :  D=0x0000000000000000 A=0x7ffffffffffffda8
 148500: system.cpu: T0 : 0x21e5a    : c_sdsp ra, 120(sp)         : MemWrite :  D=0x0000000000010532 A=0x7ffffffffffffde8
 149000: system.cpu: T0 : 0x21e5c    : c_sdsp s0, 112(sp)         : MemWrite :  D=0x0000000000010998 A=0x7ffffffffffffde0
 149500: system.cpu: T0 : 0x21e5e    : c_sdsp s1, 104(sp)         : MemWrite :  D=0x0000000000010a28 A=0x7ffffffffffffdd8
 150000: system.cpu: T0 : 0x21e60    : c_sdsp s2, 96(sp)          : MemWrite :  D=0x0000000000000000 A=0x7ffffffffffffdd0
 150500: system.cpu: T0 : 0x21e62    : c_sdsp s3, 88(sp)          : MemWrite :  D=0x0000000000000000 A=0x7ffffffffffffdc8
 151000: system.cpu: T0 : 0x21e64    : c_sdsp s5, 72(sp)          : MemWrite :  D=0x0000000000000000 A=0x7ffffffffffffdb8
 151500: system.cpu: T0 : 0x21e66    : c_sdsp s6, 64(sp)          : MemWrite :  D=0x0000000000000000 A=0x7ffffffffffffdb0
 152000: system.cpu: T0 : 0x21e68    : c_sdsp s8, 48(sp)          : MemWrite :  D=0x0000000000000000 A=0x7ffffffffffffda0
 152500: system.cpu: T0 : 0x21e6a    : c_sdsp s9, 40(sp)          : MemWrite :  D=0x0000000000000000 A=0x7ffffffffffffd98
 153000: system.cpu: T0 : 0x21e6c    : c_sdsp s10, 32(sp)         : MemWrite :  D=0x0000000000000000 A=0x7ffffffffffffd90
 153500: system.cpu: T0 : 0x21e6e    : c_sdsp s11, 24(sp)         : MemWrite :  D=0x0000000000000000 A=0x7ffffffffffffd88
 154000: system.cpu: T0 : 0x21e70    : c_mv s7, a0                : IntAlu :  D=0x7fffffffffffff48
 155000: system.cpu: T0 : 0x21e72    : bne a5, zero, 750          : IntAlu : 
 156000: system.cpu: T0 : 0x21e76    : lui s0, 111                : IntAlu :  D=0x000000000006f000
 157000: system.cpu: T0 : 0x21e7a    : addi s3, zero, 61          : IntAlu :  D=0x000000000000003d
 158000: system.cpu: T0 : 0x21e7e    : lui s1, 79                 : IntAlu :  D=0x000000000004f000
 159000: system.cpu: T0 : 0x21e82    : addi s6, s0, -1248         : IntAlu :  D=0x000000000006eb20
 160000: system.cpu: T0 : 0x21e86    : beq s7, zero, 166          : IntAlu : 
 160500: system.cpu: T0 : 0x21e8a    : c_mv a3, s7                : IntAlu :  D=0x7fffffffffffff48
 161000: system.cpu: T0 : 0x21e8c    : ld s9, 0(a3)               : MemRead :  D=0x0000000000000000 A=0x7fffffffffffff48
 161500: system.cpu: T0 : 0x21e90    : c_mv s5, a3                : IntAlu :  D=0x7fffffffffffff48
 162500: system.cpu: T0 : 0x21e92    : beq s9, zero, 154          : IntAlu : 
 163000: system.cpu: T0 : 0x21f2c    : c_ldsp ra, 120(sp)         : MemRead :  D=0x0000000000010532 A=0x7ffffffffffffde8
 163500: system.cpu: T0 : 0x21f2e    : c_ldsp s0, 112(sp)         : MemRead :  D=0x0000000000010998 A=0x7ffffffffffffde0
 164000: system.cpu: T0 : 0x21f30    : c_ldsp s1, 104(sp)         : MemRead :  D=0x0000000000010a28 A=0x7ffffffffffffdd8
 164500: system.cpu: T0 : 0x21f32    : c_ldsp s2, 96(sp)          : MemRead :  D=0x0000000000000000 A=0x7ffffffffffffdd0
 165000: system.cpu: T0 : 0x21f34    : c_ldsp s3, 88(sp)          : MemRead :  D=0x0000000000000000 A=0x7ffffffffffffdc8
 165500: system.cpu: T0 : 0x21f36    : c_ldsp s4, 80(sp)          : MemRead :  D=0x0000000000000000 A=0x7ffffffffffffdc0
 166000: system.cpu: T0 : 0x21f38    : c_ldsp s5, 72(sp)          : MemRead :  D=0x0000000000000000 A=0x7ffffffffffffdb8
 166500: system.cpu: T0 : 0x21f3a    : c_ldsp s6, 64(sp)          : MemRead :  D=0x0000000000000000 A=0x7ffffffffffffdb0
 167000: system.cpu: T0 : 0x21f3c    : c_ldsp s7, 56(sp)          : MemRead :  D=0x0000000000000000 A=0x7ffffffffffffda8
 167500: system.cpu: T0 : 0x21f3e    : c_ldsp s8, 48(sp)          : MemRead :  D=0x0000000000000000 A=0x7ffffffffffffda0
 168000: system.cpu: T0 : 0x21f40    : c_ldsp s9, 40(sp)          : MemRead :  D=0x0000000000000000 A=0x7ffffffffffffd98
 168500: system.cpu: T0 : 0x21f42    : c_ldsp s10, 32(sp)         : MemRead :  D=0x0000000000000000 A=0x7ffffffffffffd90
 169000: system.cpu: T0 : 0x21f44    : c_ldsp s11, 24(sp)         : MemRead :  D=0x0000000000000000 A=0x7ffffffffffffd88
 169500: system.cpu: T0 : 0x21f46    : c_addi16sp sp, 128         : IntAlu :  D=0x7ffffffffffffdf0
 170000: system.cpu: T0 : 0x21f48    : c_jr ra                    : IntAlu : 
 171000: system.cpu: T0 : 0x10532    : jal ra, 664                : IntAlu :  D=0x0000000000010536
 171500: system.cpu: T0 : 0x107ca    : c_addi16sp sp, -128        : IntAlu :  D=0x7ffffffffffffd70
 172000: system.cpu: T0 : 0x107cc    : lui a5, 114                : IntAlu :  D=0x0000000000072000
 172500: system.cpu: T0 : 0x107d0    : c_sdsp s0, 112(sp)         : MemWrite :  D=0x0000000000010998 A=0x7ffffffffffffde0
 173500: system.cpu: T0 : 0x107d2    : ld s0, -464(a5)            : MemRead :  D=0x0000000000010040 A=0x71e30
 174000: system.cpu: T0 : 0x107d6    : c_sdsp s3, 88(sp)          : MemWrite :  D=0x0000000000000000 A=0x7ffffffffffffdc8
 174500: system.cpu: T0 : 0x107d8    : lui a5, 112                : IntAlu :  D=0x0000000000070000
 175000: system.cpu: T0 : 0x107dc    : c_sdsp ra, 120(sp)         : MemWrite :  D=0x0000000000010536 A=0x7ffffffffffffde8
 175500: system.cpu: T0 : 0x107de    : c_sdsp s1, 104(sp)         : MemWrite :  D=0x0000000000010a28 A=0x7ffffffffffffdd8
 176000: system.cpu: T0 : 0x107e0    : c_sdsp s2, 96(sp)          : MemWrite :  D=0x0000000000000000 A=0x7ffffffffffffdd0
 176500: system.cpu: T0 : 0x107e2    : c_sdsp s4, 80(sp)          : MemWrite :  D=0x0000000000000000 A=0x7ffffffffffffdc0
 177000: system.cpu: T0 : 0x107e4    : c_sdsp s5, 72(sp)          : MemWrite :  D=0x0000000000000000 A=0x7ffffffffffffdb8
 177500: system.cpu: T0 : 0x107e6    : c_sdsp s6, 64(sp)          : MemWrite :  D=0x0000000000000000 A=0x7ffffffffffffdb0
 178000: system.cpu: T0 : 0x107e8    : c_sdsp s7, 56(sp)          : MemWrite :  D=0x0000000000000000 A=0x7ffffffffffffda8
 178500: system.cpu: T0 : 0x107ea    : c_sdsp s8, 48(sp)          : MemWrite :  D=0x0000000000000000 A=0x7ffffffffffffda0
 179000: system.cpu: T0 : 0x107ec    : c_sdsp s9, 40(sp)          : MemWrite :  D=0x0000000000000000 A=0x7ffffffffffffd98
 179500: system.cpu: T0 : 0x107ee    : c_sdsp s10, 32(sp)         : MemWrite :  D=0x0000000000000000 A=0x7ffffffffffffd90
 180000: system.cpu: T0 : 0x107f0    : c_sdsp s11, 24(sp)         : MemWrite :  D=0x0000000000000000 A=0x7ffffffffffffd88
 181000: system.cpu: T0 : 0x107f2    : ld s3, 816(a5)             : MemRead :  D=0x000000000006fe60 A=0x70330
 182000: system.cpu: T0 : 0x107f6    : beq s0, zero, 368          : IntAlu : 
 183000: system.cpu: T0 : 0x107fa    : lui a5, 114                : IntAlu :  D=0x0000000000072000
 184000: system.cpu: T0 : 0x107fe    : ld a5, -408(a5)            : MemRead :  D=0x0000000000000006 A=0x71e68
 185000: system.cpu: T0 : 0x10802    : slli a4, a5, 3             : IntAlu :  D=0x0000000000000030
 185500: system.cpu: T0 : 0x10806    : c_sub a4, a5               : IntAlu :  D=0x000000000000002a
 186000: system.cpu: T0 : 0x10808    : c_slli a4, 3               : IntAlu :  D=0x0000000000000150
 186500: system.cpu: T0 : 0x1080a    : c_add a4, s0               : IntAlu :  D=0x0000000000010190
 187000: system.cpu: T0 : 0x1080c    : bgeu s0, a4, 322           : IntAlu : 
 187500: system.cpu: T0 : 0x10810    : c_li a3, 7                 : IntAlu :  D=0x0000000000000007
 188000: system.cpu: T0 : 0x10812    : c_j 10                     : IntAlu : 
 188500: system.cpu: T0 : 0x1081c    : c_lw a5, 0(s0)             : MemRead :  D=0x0000000000000001 A=0x10040
 189500: system.cpu: T0 : 0x1081e    : bne a5, a3, -10            : IntAlu : 
 190000: system.cpu: T0 : 0x10814    : addi s0, s0, 56            : IntAlu :  D=0x0000000000010078
 190500: system.cpu: T0 : 0x10818    : bgeu s0, a4, 310           : IntAlu : 
 191000: system.cpu: T0 : 0x1081c    : c_lw a5, 0(s0)             : MemRead :  D=0x0000000000000001 A=0x10078
 192000: system.cpu: T0 : 0x1081e    : bne a5, a3, -10            : IntAlu : 
 192500: system.cpu: T0 : 0x10814    : addi s0, s0, 56            : IntAlu :  D=0x00000000000100b0
 193000: system.cpu: T0 : 0x10818    : bgeu s0, a4, 310           : IntAlu : 
 193500: system.cpu: T0 : 0x1081c    : c_lw a5, 0(s0)             : MemRead :  D=0x0000000000000004 A=0x100b0
 194500: system.cpu: T0 : 0x1081e    : bne a5, a3, -10            : IntAlu : 
 195000: system.cpu: T0 : 0x10814    : addi s0, s0, 56            : IntAlu :  D=0x00000000000100e8
 195500: system.cpu: T0 : 0x10818    : bgeu s0, a4, 310           : IntAlu : 
 196000: system.cpu: T0 : 0x1081c    : c_lw a5, 0(s0)             : MemRead :  D=0x0000000000000007 A=0x100e8
 197000: system.cpu: T0 : 0x1081e    : bne a5, a3, -10            : IntAlu : 
 198000: system.cpu: T0 : 0x10822    : ld s5, 48(s0)              : MemRead :  D=0x0000000000000008 A=0x10118
 199000: system.cpu: T0 : 0x10826    : ld a1, 0(s3)               : MemRead :  D=0x0000000000000000 A=0x6fe60
 199500: system.cpu: T0 : 0x1082a    : c_ld a4, 16(s0)            : MemRead :  D=0x000000000006ead0 A=0x100f8
 200000: system.cpu: T0 : 0x1082c    : c_li a5, 16                : IntAlu :  D=0x0000000000000010
 201000: system.cpu: T0 : 0x1082e    : ld s10, 40(s0)             : MemRead :  D=0x0000000000000060 A=0x10110
 202000: system.cpu: T0 : 0x10832    : ld s4, 32(s0)              : MemRead :  D=0x0000000000000020 A=0x10108
 202500: system.cpu: T0 : 0x10836    : c_mv s8, s5                : IntAlu :  D=0x0000000000000008
 203000: system.cpu: T0 : 0x10838    : add s0, a1, a4             : IntAlu :  D=0x000000000006ead0
 203500: system.cpu: T0 : 0x1083c    : bltu s5, a5, 260           : IntAlu : 
 204000: system.cpu: T0 : 0x10940    : c_li s8, 16                : IntAlu :  D=0x0000000000000010
 205000: system.cpu: T0 : 0x10942    : addi a4, s8, -1            : IntAlu :  D=0x000000000000000f
 205500: system.cpu: T0 : 0x10946    : c_mv s9, s5                : IntAlu :  D=0x0000000000000008
 206000: system.cpu: T0 : 0x10948    : bne s5, zero, -254         : IntAlu : 
 207000: system.cpu: T0 : 0x1084a    : sub s11, zero, s8          : IntAlu :  D=0xfffffffffffffff0
 208000: system.cpu: T0 : 0x1084e    : beq s5, zero, 302          : IntAlu : 
 209000: system.cpu: T0 : 0x10852    : addi s2, s5, -1            : IntAlu :  D=0x0000000000000007
 210000: system.cpu: T0 : 0x10856    : divu a5, s2, s9            : IntDiv :  D=0x0000000000000000
 210500: system.cpu: T0 : 0x1085a    : c_add s2, s10              : IntAlu :  D=0x0000000000000067
 211000: system.cpu: T0 : 0x1085c    : mul s7, a5, s9             : IntMult :  D=0x0000000000000000
 211500: system.cpu: T0 : 0x10860    : c_mv a5, s7                : IntAlu :  D=0x0000000000000000
 212500: system.cpu: T0 : 0x10862    : ld a0, -1968(gp)           : MemRead :  D=0x0000000000000800 A=0x70878
 213000: system.cpu: T0 : 0x10866    : c_sdsp a5, 8(sp)           : MemWrite :  D=0x0000000000000000 A=0x7ffffffffffffd78
 213500: system.cpu: T0 : 0x10868    : c_sdsp a4, 0(sp)           : MemWrite :  D=0x000000000000000f A=0x7ffffffffffffd70
 214500: system.cpu: T0 : 0x1086a    : addi a0, a0, 1808          : IntAlu :  D=0x0000000000000f10
 215000: system.cpu: T0 : 0x1086e    : c_add a0, s10              : IntAlu :  D=0x0000000000000f70
 215500: system.cpu: T0 : 0x10870    : c_add a0, s8               : IntAlu :  D=0x0000000000000f80
 216000: system.cpu: T0 : 0x10872    : c_add a0, s7               : IntAlu :  D=0x0000000000000f80
 216500: system.cpu: T0 : 0x10874    : jal ra, 67204              : IntAlu :  D=0x0000000000010878
 217000: system.cpu: T0 : 0x20ef8    : c_addi sp, -32             : IntAlu :  D=0x7ffffffffffffd50
 217500: system.cpu: T0 : 0x20efa    : c_sdsp s2, 0(sp)           : MemWrite :  D=0x0000000000000067 A=0x7ffffffffffffd50
 218000: system.cpu: T0 : 0x20efc    : c_sdsp s1, 8(sp)           : MemWrite :  D=0x0000000000010a28 A=0x7ffffffffffffd58
 219000: system.cpu: T0 : 0x20efe    : ld s1, -1200(gp)           : MemRead :  D=0x0000000000000000 A=0x70b78
 219500: system.cpu: T0 : 0x20f02    : c_sdsp s0, 16(sp)          : MemWrite :  D=0x000000000006ead0 A=0x7ffffffffffffd60
 220000: system.cpu: T0 : 0x20f04    : c_sdsp ra, 24(sp)          : MemWrite :  D=0x0000000000010878 A=0x7ffffffffffffd68
 220500: system.cpu: T0 : 0x20f06    : c_mv s0, a0                : IntAlu :  D=0x0000000000000f80
 221000: system.cpu: T0 : 0x20f08    : c_beqz s1, 46              : IntAlu : 
 221500: system.cpu: T0 : 0x20f36    : c_li a0, 0                 : IntAlu :  D=0x0000000000000000
 222000: system.cpu: T0 : 0x20f38    : jal ra, 98418              : IntAlu :  D=0x0000000000020f3c
 222500: system.cpu: T0 : 0x38faa    : c_mv a5, a0                : IntAlu :  D=0x0000000000000000
 223000: system.cpu: T0 : 0x38fac    : addi a7, zero, 214         : IntAlu :  D=0x00000000000000d6
 223500: system.cpu: T0 : 0x38fb0    : ecall                      : No_OpClass : 
 224000: system.cpu: T0 : 0x38fb4    : sd a0, -1200(gp)           : MemWrite :  D=0x0000000000072000 A=0x70b78
 224500: system.cpu: T0 : 0x38fb8    : bltu a0, a5, 8             : IntAlu : 
 225000: system.cpu: T0 : 0x38fbc    : c_li a0, 0                 : IntAlu :  D=0x0000000000000000
 225500: system.cpu: T0 : 0x38fbe    : c_jr ra                    : IntAlu : 
 226000: system.cpu: T0 : 0x20f3c    : blt a0, zero, -22          : IntAlu : 
 226500: system.cpu: T0 : 0x20f40    : ld s1, -1200(gp)           : MemRead :  D=0x0000000000072000 A=0x70b78
 227000: system.cpu: T0 : 0x20f44    : c_j -52                    : IntAlu : 
 227500: system.cpu: T0 : 0x20f10    : c_beqz s0, 24              : IntAlu : 
 228500: system.cpu: T0 : 0x20f12    : bge zero, s0, 52           : IntAlu : 
 229500: system.cpu: T0 : 0x20f16    : add a5, s0, s1             : IntAlu :  D=0x0000000000072f80
 230500: system.cpu: T0 : 0x20f1a    : sltu a5, a5, s1            : IntAlu :  D=0x0000000000000000
 231000: system.cpu: T0 : 0x20f1e    : c_beqz a5, 50              : IntAlu : 
 231500: system.cpu: T0 : 0x20f50    : add a0, s1, s0             : IntAlu :  D=0x0000000000072f80
 232000: system.cpu: T0 : 0x20f54    : jal ra, 98390              : IntAlu :  D=0x0000000000020f58
 232500: system.cpu: T0 : 0x38faa    : c_mv a5, a0                : IntAlu :  D=0x0000000000072f80
 233000: system.cpu: T0 : 0x38fac    : addi a7, zero, 214         : IntAlu :  D=0x00000000000000d6
 233500: system.cpu: T0 : 0x38fb0    : ecall                      : No_OpClass : 
 234000: system.cpu: T0 : 0x38fb4    : sd a0, -1200(gp)           : MemWrite :  D=0x0000000000072f80 A=0x70b78
 234500: system.cpu: T0 : 0x38fb8    : bltu a0, a5, 8             : IntAlu : 
 235000: system.cpu: T0 : 0x38fbc    : c_li a0, 0                 : IntAlu :  D=0x0000000000000000
 235500: system.cpu: T0 : 0x38fbe    : c_jr ra                    : IntAlu : 
 236000: system.cpu: T0 : 0x20f58    : blt a0, zero, -50          : IntAlu : 
 236500: system.cpu: T0 : 0x20f5c    : c_ldsp ra, 24(sp)          : MemRead :  D=0x0000000000010878 A=0x7ffffffffffffd68
 237000: system.cpu: T0 : 0x20f5e    : c_ldsp s0, 16(sp)          : MemRead :  D=0x000000000006ead0 A=0x7ffffffffffffd60
 237500: system.cpu: T0 : 0x20f60    : c_ldsp s2, 0(sp)           : MemRead :  D=0x0000000000000067 A=0x7ffffffffffffd50
 238000: system.cpu: T0 : 0x20f62    : c_mv a0, s1                : IntAlu :  D=0x0000000000072000
 238500: system.cpu: T0 : 0x20f64    : c_ldsp s1, 8(sp)           : MemRead :  D=0x0000000000010a28 A=0x7ffffffffffffd58
 239000: system.cpu: T0 : 0x20f66    : c_addi16sp sp, 32          : IntAlu :  D=0x7ffffffffffffd70
 239500: system.cpu: T0 : 0x20f68    : c_jr ra                    : IntAlu : 
 240000: system.cpu: T0 : 0x10878    : divu s2, s2, s9            : IntDiv :  D=0x000000000000000c
 240500: system.cpu: T0 : 0x1087c    : c_ldsp a4, 0(sp)           : MemRead :  D=0x000000000000000f A=0x7ffffffffffffd70
 241000: system.cpu: T0 : 0x1087e    : c_ldsp a5, 8(sp)           : MemRead :  D=0x0000000000000000 A=0x7ffffffffffffd78
 241500: system.cpu: T0 : 0x10880    : addi s1, a0, 1808          : IntAlu :  D=0x0000000000072710
 242000: system.cpu: T0 : 0x10884    : c_add s1, a4               : IntAlu :  D=0x000000000007271f
 243000: system.cpu: T0 : 0x10886    : and s1, s1, s11            : IntAlu :  D=0x0000000000072710
 244000: system.cpu: T0 : 0x1088a    : lui a4, 114                : IntAlu :  D=0x0000000000072000
 245000: system.cpu: T0 : 0x1088e    : addi a4, a4, -1680         : IntAlu :  D=0x0000000000071970
 246000: system.cpu: T0 : 0x10892    : add a0, s1, s7             : IntAlu :  D=0x0000000000072710
 247000: system.cpu: T0 : 0x10896    : sd a5, 1088(s3)            : MemWrite :  D=0x0000000000000000 A=0x702a0
 248000: system.cpu: T0 : 0x1089a    : addi a5, zero, 62          : IntAlu :  D=0x000000000000003e
 248500: system.cpu: T0 : 0x1089e    : c_mv a2, s4                : IntAlu :  D=0x0000000000000020
 249000: system.cpu: T0 : 0x108a0    : c_sd a5, 0(a4)             : MemWrite :  D=0x000000000000003e A=0x71970
 249500: system.cpu: T0 : 0x108a2    : c_mv a1, s0                : IntAlu :  D=0x000000000006ead0
 250000: system.cpu: T0 : 0x108a4    : c_sd a0, 32(a4)            : MemWrite :  D=0x0000000000072710 A=0x71990
 251000: system.cpu: T0 : 0x108a6    : sd zero, 40(a4)            : MemWrite :  D=0x0000000000000000 A=0x71998
 252000: system.cpu: T0 : 0x108aa    : jal ra, 61666              : IntAlu :  D=0x00000000000108ae
 252500: system.cpu: T0 : 0x1f98c    : c_addi16sp sp, -48         : IntAlu :  D=0x7ffffffffffffd40
 253000: system.cpu: T0 : 0x1f98e    : c_sdsp s0, 32(sp)          : MemWrite :  D=0x000000000006ead0 A=0x7ffffffffffffd60
 253500: system.cpu: T0 : 0x1f990    : c_sdsp s2, 16(sp)          : MemWrite :  D=0x000000000000000c A=0x7ffffffffffffd50
 254000: system.cpu: T0 : 0x1f992    : c_sdsp ra, 40(sp)          : MemWrite :  D=0x00000000000108ae A=0x7ffffffffffffd68
 254500: system.cpu: T0 : 0x1f994    : c_sdsp s1, 24(sp)          : MemWrite :  D=0x0000000000072710 A=0x7ffffffffffffd58
 255000: system.cpu: T0 : 0x1f996    : c_sdsp s3, 8(sp)           : MemWrite :  D=0x000000000006fe60 A=0x7ffffffffffffd48
 255500: system.cpu: T0 : 0x1f998    : c_li a5, 15                : IntAlu :  D=0x000000000000000f
 256000: system.cpu: T0 : 0x1f99a    : c_mv s2, a0                : IntAlu :  D=0x0000000000072710
 256500: system.cpu: T0 : 0x1f99c    : c_mv a4, a0                : IntAlu :  D=0x0000000000072710
 257000: system.cpu: T0 : 0x1f99e    : c_mv s0, a1                : IntAlu :  D=0x000000000006ead0
 257500: system.cpu: T0 : 0x1f9a0    : bgeu a5, a2, 72            : IntAlu : 
 258000: system.cpu: T0 : 0x1f9a4    : sub a0, zero, a0           : IntAlu :  D=0xfffffffffff8d8f0
 258500: system.cpu: T0 : 0x1f9a8    : c_andi a0, 7               : IntAlu :  D=0x0000000000000000
 259500: system.cpu: T0 : 0x1f9aa    : sub s1, a2, a0             : IntAlu :  D=0x0000000000000020
 260000: system.cpu: T0 : 0x1f9ae    : c_beqz a0, 110             : IntAlu : 
 260500: system.cpu: T0 : 0x1fa1c    : c_mv s3, s2                : IntAlu :  D=0x0000000000072710
 261000: system.cpu: T0 : 0x1fa1e    : c_j -84                    : IntAlu : 
 262000: system.cpu: T0 : 0x1f9ca    : andi a5, s0, 7             : IntAlu :  D=0x0000000000000000
 263000: system.cpu: T0 : 0x1f9ce    : srli a2, s1, 3             : IntAlu :  D=0x0000000000000004
 263500: system.cpu: T0 : 0x1f9d2    : c_mv a1, s0                : IntAlu :  D=0x000000000006ead0
 264000: system.cpu: T0 : 0x1f9d4    : c_mv a0, s3                : IntAlu :  D=0x0000000000072710
 264500: system.cpu: T0 : 0x1f9d6    : c_bnez a5, 64              : IntAlu : 
 265000: system.cpu: T0 : 0x1f9d8    : jal ra, 72                 : IntAlu :  D=0x000000000001f9dc
 265500: system.cpu: T0 : 0x1fa20    : andi a5, a2, 7             : IntAlu :  D=0x0000000000000004
 266000: system.cpu: T0 : 0x1fa24    : lui a4, 79                 : IntAlu :  D=0x000000000004f000
 266500: system.cpu: T0 : 0x1fa28    : c_slli a5, 2               : IntAlu :  D=0x0000000000000010
 267500: system.cpu: T0 : 0x1fa2a    : addi a4, a4, -152          : IntAlu :  D=0x000000000004ef68
 268000: system.cpu: T0 : 0x1fa2e    : c_add a5, a4               : IntAlu :  D=0x000000000004ef78
 268500: system.cpu: T0 : 0x1fa30    : c_lw a5, 0(a5)             : MemRead :  D=0x000000000001faca A=0x4ef78
 269000: system.cpu: T0 : 0x1fa32    : c_jr a5                    : IntAlu : 
 270000: system.cpu: T0 : 0x1faca    : ld a6, 0(a1)               : MemRead :  D=0x0000000000070678 A=0x6ead0
 270500: system.cpu: T0 : 0x1face    : c_mv a3, a0                : IntAlu :  D=0x0000000000072710
 271000: system.cpu: T0 : 0x1fad0    : c_addi a1, -32             : IntAlu :  D=0x000000000006eab0
 272000: system.cpu: T0 : 0x1fad2    : addi a5, a0, -40           : IntAlu :  D=0x00000000000726e8
 272500: system.cpu: T0 : 0x1fad6    : c_addi a2, 4               : IntAlu :  D=0x0000000000000008
 273000: system.cpu: T0 : 0x1fad8    : c_j -124                   : IntAlu : 
 273500: system.cpu: T0 : 0x1fa5c    : c_ld a4, 40(a1)            : MemRead :  D=0x0000000000070678 A=0x6ead8
 274500: system.cpu: T0 : 0x1fa5e    : addi a0, a5, 48            : IntAlu :  D=0x0000000000072718
 275500: system.cpu: T0 : 0x1fa62    : sd a6, 0(a3)               : MemWrite :  D=0x0000000000070678 A=0x72710
 276500: system.cpu: T0 : 0x1fa62    : sd a6, 0(a3)               : MemWrite :  D=0x0000000000070678 A=0x72710
 277500: system.cpu: T0 : 0x1fa66    : ld a6, 48(a1)              : MemRead :  D=0x0000000000070680 A=0x6eae0
 278500: system.cpu: T0 : 0x1fa6a    : addi a3, a5, 56            : IntAlu :  D=0x0000000000072720
 279000: system.cpu: T0 : 0x1fa6e    : c_sd a4, 0(a0)             : MemWrite :  D=0x0000000000070678 A=0x72718
 279500: system.cpu: T0 : 0x1fa70    : c_ld a4, 56(a1)            : MemRead :  D=0x0000000000070698 A=0x6eae8
 280500: system.cpu: T0 : 0x1fa72    : addi a5, a5, 64            : IntAlu :  D=0x0000000000072728
 281500: system.cpu: T0 : 0x1fa76    : sd a6, 0(a3)               : MemWrite :  D=0x0000000000070680 A=0x72720
 282000: system.cpu: T0 : 0x1fa7a    : c_addi a2, -8              : IntAlu :  D=0x0000000000000000
 282500: system.cpu: T0 : 0x1fa7c    : c_mv a0, a5                : IntAlu :  D=0x0000000000072728
 283500: system.cpu: T0 : 0x1fa7e    : addi a1, a1, 64            : IntAlu :  D=0x000000000006eaf0
 284000: system.cpu: T0 : 0x1fa82    : c_beqz a2, 24              : IntAlu : 
 284500: system.cpu: T0 : 0x1fa9a    : c_sd a4, 0(a0)             : MemWrite :  D=0x0000000000070698 A=0x72728
 285000: system.cpu: T0 : 0x1fa9c    : c_jr ra                    : IntAlu : 
 285500: system.cpu: T0 : 0x1f9dc    : andi a4, s1, 18446744073709551608 : IntAlu :  D=0x0000000000000020
 286000: system.cpu: T0 : 0x1f9e0    : c_add s0, a4               : IntAlu :  D=0x000000000006eaf0
 287000: system.cpu: T0 : 0x1f9e2    : andi a2, s1, 7             : IntAlu :  D=0x0000000000000000
 287500: system.cpu: T0 : 0x1f9e6    : c_add a4, s3               : IntAlu :  D=0x0000000000072730
 288000: system.cpu: T0 : 0x1f9e8    : c_addi a4, -1              : IntAlu :  D=0x000000000007272f
 288500: system.cpu: T0 : 0x1f9ea    : c_mv a5, s0                : IntAlu :  D=0x000000000006eaf0
 289000: system.cpu: T0 : 0x1f9ec    : add a1, a2, s0             : IntAlu :  D=0x000000000006eaf0
 289500: system.cpu: T0 : 0x1f9f0    : c_sub a4, s0               : IntAlu :  D=0x0000000000003c3f
 290000: system.cpu: T0 : 0x1f9f2    : c_beqz a2, 20              : IntAlu : 
 290500: system.cpu: T0 : 0x1fa06    : c_ldsp ra, 40(sp)          : MemRead :  D=0x00000000000108ae A=0x7ffffffffffffd68
 291000: system.cpu: T0 : 0x1fa08    : c_ldsp s0, 32(sp)          : MemRead :  D=0x000000000006ead0 A=0x7ffffffffffffd60
 291500: system.cpu: T0 : 0x1fa0a    : c_ldsp s1, 24(sp)          : MemRead :  D=0x0000000000072710 A=0x7ffffffffffffd58
 292000: system.cpu: T0 : 0x1fa0c    : c_ldsp s3, 8(sp)           : MemRead :  D=0x000000000006fe60 A=0x7ffffffffffffd48
 292500: system.cpu: T0 : 0x1fa0e    : c_mv a0, s2                : IntAlu :  D=0x0000000000072710
 293000: system.cpu: T0 : 0x1fa10    : c_ldsp s2, 16(sp)          : MemRead :  D=0x000000000000000c A=0x7ffffffffffffd50
 293500: system.cpu: T0 : 0x1fa12    : c_addi16sp sp, 48          : IntAlu :  D=0x7ffffffffffffd70
 294000: system.cpu: T0 : 0x1fa14    : c_jr ra                    : IntAlu : 
 295000: system.cpu: T0 : 0x108ae    : lui a5, 114                : IntAlu :  D=0x0000000000072000
 296000: system.cpu: T0 : 0x108b2    : addi a5, a5, -1664         : IntAlu :  D=0x0000000000071980
 297000: system.cpu: T0 : 0x108b6    : ld a4, -1968(gp)           : MemRead :  D=0x0000000000000800 A=0x70878
 298000: system.cpu: T0 : 0x108ba    : addi a3, gp, -960          : IntAlu :  D=0x0000000000070c68
 299000: system.cpu: T0 : 0x108be    : sd a5, -16(s1)             : MemWrite :  D=0x0000000000071980 A=0x72700
 300000: system.cpu: T0 : 0x108c2    : addi a2, zero, 64          : IntAlu :  D=0x0000000000000040
 300500: system.cpu: T0 : 0x108c6    : c_li a5, 1                 : IntAlu :  D=0x0000000000000001
 301000: system.cpu: T0 : 0x108c8    : c_sd a2, 0(a3)             : MemWrite :  D=0x0000000000000040 A=0x70c68
 302000: system.cpu: T0 : 0x108ca    : lui a2, 114                : IntAlu :  D=0x0000000000072000
 303000: system.cpu: T0 : 0x108ce    : sd a5, -1688(a2)           : MemWrite :  D=0x0000000000000001 A=0x71968
 304000: system.cpu: T0 : 0x108d2    : lui a2, 114                : IntAlu :  D=0x0000000000072000
 305000: system.cpu: T0 : 0x108d6    : sd s3, 40(a3)              : MemWrite :  D=0x000000000006fe60 A=0x70c90
 306000: system.cpu: T0 : 0x108da    : sd a3, -656(a2)            : MemWrite :  D=0x0000000000070c68 A=0x71d70
 307000: system.cpu: T0 : 0x108de    : lui a3, 114                : IntAlu :  D=0x0000000000072000
 308000: system.cpu: T0 : 0x108e2    : sd s8, -1696(a3)           : MemWrite :  D=0x0000000000000010 A=0x71960
 309000: system.cpu: T0 : 0x108e6    : lui a3, 114                : IntAlu :  D=0x0000000000072000
 310000: system.cpu: T0 : 0x108ea    : sd a5, 1096(s3)            : MemWrite :  D=0x0000000000000001 A=0x702a8
 311000: system.cpu: T0 : 0x108ee    : sd a5, -632(a3)            : MemWrite :  D=0x0000000000000001 A=0x71d88
 311500: system.cpu: T0 : 0x108f2    : c_addi a4, 15              : IntAlu :  D=0x000000000000080f
 312000: system.cpu: T0 : 0x108f4    : sd s0, 1048(s3)            : MemWrite :  D=0x000000000006ead0 A=0x70278
 312500: system.cpu: T0 : 0x108f8    : c_ldsp ra, 120(sp)         : MemRead :  D=0x0000000000010536 A=0x7ffffffffffffde8
 313000: system.cpu: T0 : 0x108fa    : c_ldsp s0, 112(sp)         : MemRead :  D=0x0000000000010998 A=0x7ffffffffffffde0
 313500: system.cpu: T0 : 0x108fc    : sd s5, 1072(s3)            : MemWrite :  D=0x0000000000000008 A=0x70290
 314000: system.cpu: T0 : 0x10900    : sd s10, 1064(s3)           : MemWrite :  D=0x0000000000000060 A=0x70288
 314500: system.cpu: T0 : 0x10904    : sd s4, 1056(s3)            : MemWrite :  D=0x0000000000000020 A=0x70280
 315000: system.cpu: T0 : 0x10908    : c_ldsp s5, 72(sp)          : MemRead :  D=0x0000000000000000 A=0x7ffffffffffffdb8
 315500: system.cpu: T0 : 0x1090a    : c_ldsp s3, 88(sp)          : MemRead :  D=0x0000000000000000 A=0x7ffffffffffffdc8
 316000: system.cpu: T0 : 0x1090c    : c_ldsp s4, 80(sp)          : MemRead :  D=0x0000000000000000 A=0x7ffffffffffffdc0
 316500: system.cpu: T0 : 0x1090e    : c_ldsp s8, 48(sp)          : MemRead :  D=0x0000000000000000 A=0x7ffffffffffffda0
 317000: system.cpu: T0 : 0x10910    : c_ldsp s10, 32(sp)         : MemRead :  D=0x0000000000000000 A=0x7ffffffffffffd90
 317500: system.cpu: T0 : 0x10912    : c_ldsp s11, 24(sp)         : MemRead :  D=0x0000000000000000 A=0x7ffffffffffffd88
 318000: system.cpu: T0 : 0x10914    : c_mv tp, s1                : IntAlu :  D=0x0000000000072710
 318500: system.cpu: T0 : 0x10916    : c_ldsp s1, 104(sp)         : MemRead :  D=0x0000000000010a28 A=0x7ffffffffffffdd8
 319000: system.cpu: T0 : 0x10918    : mul s2, s2, s9             : IntMult :  D=0x0000000000000060
 319500: system.cpu: T0 : 0x1091c    : c_ldsp s9, 40(sp)          : MemRead :  D=0x0000000000000000 A=0x7ffffffffffffd98
 320500: system.cpu: T0 : 0x1091e    : add a5, s2, s7             : IntAlu :  D=0x0000000000000060
 321000: system.cpu: T0 : 0x10922    : c_add a4, a5               : IntAlu :  D=0x000000000000086f
 321500: system.cpu: T0 : 0x10924    : c_andi a4, 18446744073709551600 : IntAlu :  D=0x0000000000000860
 322500: system.cpu: T0 : 0x10926    : sd a4, -1968(gp)           : MemWrite :  D=0x0000000000000860 A=0x70878
 323500: system.cpu: T0 : 0x1092a    : lui a4, 114                : IntAlu :  D=0x0000000000072000
 324500: system.cpu: T0 : 0x1092e    : sd a5, -1704(a4)           : MemWrite :  D=0x0000000000000060 A=0x71958
 325000: system.cpu: T0 : 0x10932    : c_ldsp s2, 96(sp)          : MemRead :  D=0x0000000000000000 A=0x7ffffffffffffdd0
 325500: system.cpu: T0 : 0x10934    : c_ldsp s6, 64(sp)          : MemRead :  D=0x0000000000000000 A=0x7ffffffffffffdb0
 326000: system.cpu: T0 : 0x10936    : c_ldsp s7, 56(sp)          : MemRead :  D=0x0000000000000000 A=0x7ffffffffffffda8
 326500: system.cpu: T0 : 0x10938    : c_addi16sp sp, 128         : IntAlu :  D=0x7ffffffffffffdf0
 327000: system.cpu: T0 : 0x1093a    : c_jr ra                    : IntAlu : 
 328000: system.cpu: T0 : 0x10536    : lui a5, 111                : IntAlu :  D=0x000000000006f000
 329000: system.cpu: T0 : 0x1053a    : ld a5, -128(a5)            : MemRead :  D=0x7fffffffffffffd8 A=0x6ef80
 330000: system.cpu: T0 : 0x1053e    : lw a7, -1728(gp)           : MemRead :  D=0x0000000000000000 A=0x70968
 331000: system.cpu: T0 : 0x10542    : lbu a6, 1(a5)              : MemRead :  D=0x0000000000000000 A=0x7fffffffffffffd9
 332000: system.cpu: T0 : 0x10546    : lbu a4, 0(a5)              : MemRead :  D=0x0000000000000000 A=0x7fffffffffffffd8
 333000: system.cpu: T0 : 0x1054a    : lbu a0, 2(a5)              : MemRead :  D=0x000000000000002e A=0x7fffffffffffffda
 334000: system.cpu: T0 : 0x1054e    : lbu a1, 3(a5)              : MemRead :  D=0x000000000000002e A=0x7fffffffffffffdb
 335000: system.cpu: T0 : 0x10552    : lbu a2, 4(a5)              : MemRead :  D=0x000000000000002f A=0x7fffffffffffffdc
 335500: system.cpu: T0 : 0x10556    : c_slli a6, 8               : IntAlu :  D=0x0000000000000000
 336000: system.cpu: T0 : 0x10558    : lbu a3, 5(a5)              : MemRead :  D=0x0000000000000044 A=0x7fffffffffffffdd
 336500: system.cpu: T0 : 0x1055c    : or a6, a6, a4              : IntAlu :  D=0x0000000000000000
 337000: system.cpu: T0 : 0x10560    : c_slli a0, 16              : IntAlu :  D=0x00000000002e0000
 338000: system.cpu: T0 : 0x10562    : lbu a4, 6(a5)              : MemRead :  D=0x000000000000006f A=0x7fffffffffffffde
 339000: system.cpu: T0 : 0x10566    : or a0, a0, a6              : IntAlu :  D=0x00000000002e0000
 339500: system.cpu: T0 : 0x1056a    : c_slli a1, 24              : IntAlu :  D=0x000000002e000000
 340000: system.cpu: T0 : 0x1056c    : lbu a5, 7(a5)              : MemRead :  D=0x0000000000000077 A=0x7fffffffffffffdf
 340500: system.cpu: T0 : 0x10570    : c_or a1, a0                : IntAlu :  D=0x000000002e2e0000
 341000: system.cpu: T0 : 0x10572    : c_slli a2, 32              : IntAlu :  D=0x0000002f00000000
 341500: system.cpu: T0 : 0x10574    : c_or a2, a1                : IntAlu :  D=0x0000002f2e2e0000
 342000: system.cpu: T0 : 0x10576    : c_slli a3, 40              : IntAlu :  D=0x0000440000000000
 342500: system.cpu: T0 : 0x10578    : c_or a3, a2                : IntAlu :  D=0x0000442f2e2e0000
 343000: system.cpu: T0 : 0x1057a    : c_slli a4, 48              : IntAlu :  D=0x006f000000000000
 343500: system.cpu: T0 : 0x1057c    : c_or a4, a3                : IntAlu :  D=0x006f442f2e2e0000
 344000: system.cpu: T0 : 0x1057e    : c_slli a5, 56              : IntAlu :  D=0x7700000000000000
 344500: system.cpu: T0 : 0x10580    : c_or a5, a4                : IntAlu :  D=0x776f442f2e2e0000
 345500: system.cpu: T0 : 0x10582    : andi a5, a5, 18446744073709551360 : IntAlu :  D=0x776f442f2e2e0000
 346500: system.cpu: T0 : 0x10586    : lui a4, 111                : IntAlu :  D=0x000000000006f000
 347500: system.cpu: T0 : 0x1058a    : sd a5, -1264(a4)           : MemWrite :  D=0x776f442f2e2e0000 A=0x6eb10
 348500: system.cpu: T0 : 0x1058e    : beq a7, zero, 286          : IntAlu : 
 349000: system.cpu: T0 : 0x106ac    : jal ra, 75206              : IntAlu :  D=0x00000000000106b0
 349500: system.cpu: T0 : 0x22c72    : c_addi16sp sp, -496        : IntAlu :  D=0x7ffffffffffffc00
 350000: system.cpu: T0 : 0x22c74    : c_addi4spn a0, sp, 72      : IntAlu :  D=0x7ffffffffffffc48
 350500: system.cpu: T0 : 0x22c76    : c_sdsp ra, 488(sp)         : MemWrite :  D=0x00000000000106b0 A=0x7ffffffffffffde8
 351000: system.cpu: T0 : 0x22c78    : c_sdsp s0, 480(sp)         : MemWrite :  D=0x0000000000010998 A=0x7ffffffffffffde0
 351500: system.cpu: T0 : 0x22c7a    : c_sdsp s1, 472(sp)         : MemWrite :  D=0x0000000000010a28 A=0x7ffffffffffffdd8
 352000: system.cpu: T0 : 0x22c7c    : jal ra, 90520              : IntAlu :  D=0x0000000000022c80
 352500: system.cpu: T0 : 0x38e14    : addi a7, zero, 160         : IntAlu :  D=0x00000000000000a0
 353000: system.cpu: T0 : 0x38e18    : ecall                      : No_OpClass : 
 353500: system.cpu: T0 : 0x38e1c    : c_lui a7, 1048575          : IntAlu :  D=0xfffffffffffff000
 354500: system.cpu: T0 : 0x38e1e    : bltu a7, a0, 6             : IntAlu : 
 355000: system.cpu: T0 : 0x38e22    : c_jr ra                    : IntAlu : 
 355500: system.cpu: T0 : 0x22c80    : addi a3, sp, 202           : IntAlu :  D=0x7ffffffffffffcca
 356000: system.cpu: T0 : 0x22c84    : c_bnez a0, 140             : IntAlu : 
 356500: system.cpu: T0 : 0x22c86    : c_li t1, 0                 : IntAlu :  D=0x0000000000000000
 357000: system.cpu: T0 : 0x22c88    : c_li a0, 0                 : IntAlu :  D=0x0000000000000000
 357500: system.cpu: T0 : 0x22c8a    : c_li a7, 9                 : IntAlu :  D=0x0000000000000009
 358000: system.cpu: T0 : 0x22c8c    : addi t3, zero, 46          : IntAlu :  D=0x000000000000002e
 358500: system.cpu: T0 : 0x22c90    : c_li t4, 3                 : IntAlu :  D=0x0000000000000003
 359500: system.cpu: T0 : 0x22c92    : lbu a5, 0(a3)              : MemRead :  D=0x0000000000000035 A=0x7ffffffffffffcca
 360500: system.cpu: T0 : 0x22c96    : addiw a5, a5, -48          : IntAlu :  D=0x0000000000000005
 361500: system.cpu: T0 : 0x22c9a    : andi a4, a5, 255           : IntAlu :  D=0x0000000000000005
 362500: system.cpu: T0 : 0x22c9e    : bltu a7, a4, 98            : IntAlu : 
 363500: system.cpu: T0 : 0x22ca2    : lbu a1, 1(a3)              : MemRead :  D=0x000000000000002e A=0x7ffffffffffffccb
 364500: system.cpu: T0 : 0x22ca6    : addiw a4, a5, 0            : IntAlu :  D=0x0000000000000005
 365000: system.cpu: T0 : 0x22caa    : c_addi a3, 1               : IntAlu :  D=0x7ffffffffffffccb
 365500: system.cpu: T0 : 0x22cac    : addiw a2, a1, -48          : IntAlu :  D=0xfffffffffffffffe
 366000: system.cpu: T0 : 0x22cb0    : andi a5, a2, 255           : IntAlu :  D=0x00000000000000fe
 366500: system.cpu: T0 : 0x22cb4    : bltu a7, a5, 36            : IntAlu : 
 367000: system.cpu: T0 : 0x22cd8    : slliw a5, a0, 8            : IntAlu :  D=0x0000000000000000
 367500: system.cpu: T0 : 0x22cdc    : c_or a5, a4                : IntAlu :  D=0x0000000000000005
 368000: system.cpu: T0 : 0x22cde    : c_addiw t1, 1              : IntAlu :  D=0x0000000000000001
 368500: system.cpu: T0 : 0x22ce0    : addiw a0, a5, 0            : IntAlu :  D=0x0000000000000005
 369000: system.cpu: T0 : 0x22ce4    : c_addi a3, 1               : IntAlu :  D=0x7ffffffffffffccc
 370000: system.cpu: T0 : 0x22ce6    : bne a1, t3, 20             : IntAlu : 
 371000: system.cpu: T0 : 0x22cea    : bne t1, t4, -88            : IntAlu : 
 372000: system.cpu: T0 : 0x22c92    : lbu a5, 0(a3)              : MemRead :  D=0x0000000000000031 A=0x7ffffffffffffccc
 373000: system.cpu: T0 : 0x22c96    : addiw a5, a5, -48          : IntAlu :  D=0x0000000000000001
 374000: system.cpu: T0 : 0x22c9a    : andi a4, a5, 255           : IntAlu :  D=0x0000000000000001
 375000: system.cpu: T0 : 0x22c9e    : bltu a7, a4, 98            : IntAlu : 
 376000: system.cpu: T0 : 0x22ca2    : lbu a1, 1(a3)              : MemRead :  D=0x000000000000002e A=0x7ffffffffffffccd
 377000: system.cpu: T0 : 0x22ca6    : addiw a4, a5, 0            : IntAlu :  D=0x0000000000000001
 377500: system.cpu: T0 : 0x22caa    : c_addi a3, 1               : IntAlu :  D=0x7ffffffffffffccd
 378000: system.cpu: T0 : 0x22cac    : addiw a2, a1, -48          : IntAlu :  D=0xfffffffffffffffe
 378500: system.cpu: T0 : 0x22cb0    : andi a5, a2, 255           : IntAlu :  D=0x00000000000000fe
 379000: system.cpu: T0 : 0x22cb4    : bltu a7, a5, 36            : IntAlu : 
 379500: system.cpu: T0 : 0x22cd8    : slliw a5, a0, 8            : IntAlu :  D=0x0000000000000500
 380000: system.cpu: T0 : 0x22cdc    : c_or a5, a4                : IntAlu :  D=0x0000000000000501
 380500: system.cpu: T0 : 0x22cde    : c_addiw t1, 1              : IntAlu :  D=0x0000000000000002
 381000: system.cpu: T0 : 0x22ce0    : addiw a0, a5, 0            : IntAlu :  D=0x0000000000000501
 381500: system.cpu: T0 : 0x22ce4    : c_addi a3, 1               : IntAlu :  D=0x7ffffffffffffcce
 382500: system.cpu: T0 : 0x22ce6    : bne a1, t3, 20             : IntAlu : 
 383500: system.cpu: T0 : 0x22cea    : bne t1, t4, -88            : IntAlu : 
 384500: system.cpu: T0 : 0x22c92    : lbu a5, 0(a3)              : MemRead :  D=0x0000000000000030 A=0x7ffffffffffffcce
 385500: system.cpu: T0 : 0x22c96    : addiw a5, a5, -48          : IntAlu :  D=0x0000000000000000
 386500: system.cpu: T0 : 0x22c9a    : andi a4, a5, 255           : IntAlu :  D=0x0000000000000000
 387500: system.cpu: T0 : 0x22c9e    : bltu a7, a4, 98            : IntAlu : 
 388500: system.cpu: T0 : 0x22ca2    : lbu a1, 1(a3)              : MemRead :  D=0x0000000000000000 A=0x7ffffffffffffccf
 389500: system.cpu: T0 : 0x22ca6    : addiw a4, a5, 0            : IntAlu :  D=0x0000000000000000
 390000: system.cpu: T0 : 0x22caa    : c_addi a3, 1               : IntAlu :  D=0x7ffffffffffffccf
 390500: system.cpu: T0 : 0x22cac    : addiw a2, a1, -48          : IntAlu :  D=0xffffffffffffffd0
 391000: system.cpu: T0 : 0x22cb0    : andi a5, a2, 255           : IntAlu :  D=0x00000000000000d0
 391500: system.cpu: T0 : 0x22cb4    : bltu a7, a5, 36            : IntAlu : 
 392000: system.cpu: T0 : 0x22cd8    : slliw a5, a0, 8            : IntAlu :  D=0x0000000000050100
 392500: system.cpu: T0 : 0x22cdc    : c_or a5, a4                : IntAlu :  D=0x0000000000050100
 393000: system.cpu: T0 : 0x22cde    : c_addiw t1, 1              : IntAlu :  D=0x0000000000000003
 393500: system.cpu: T0 : 0x22ce0    : addiw a0, a5, 0            : IntAlu :  D=0x0000000000050100
 394000: system.cpu: T0 : 0x22ce4    : c_addi a3, 1               : IntAlu :  D=0x7ffffffffffffcd0
 395000: system.cpu: T0 : 0x22ce6    : bne a1, t3, 20             : IntAlu : 
 395500: system.cpu: T0 : 0x22cfa    : c_li a5, 3                 : IntAlu :  D=0x0000000000000003
 396000: system.cpu: T0 : 0x22cfc    : beq t1, a5, -14            : IntAlu : 
 396500: system.cpu: T0 : 0x22cee    : c_addiw a0, 0              : IntAlu :  D=0x0000000000050100
 397000: system.cpu: T0 : 0x22cf0    : c_ldsp ra, 488(sp)         : MemRead :  D=0x00000000000106b0 A=0x7ffffffffffffde8
 397500: system.cpu: T0 : 0x22cf2    : c_ldsp s0, 480(sp)         : MemRead :  D=0x0000000000010998 A=0x7ffffffffffffde0
 398000: system.cpu: T0 : 0x22cf4    : c_ldsp s1, 472(sp)         : MemRead :  D=0x0000000000010a28 A=0x7ffffffffffffdd8
 398500: system.cpu: T0 : 0x22cf6    : c_addi16sp sp, 496         : IntAlu :  D=0x7ffffffffffffdf0
 399000: system.cpu: T0 : 0x22cf8    : c_jr ra                    : IntAlu : 
 399500: system.cpu: T0 : 0x106b0    : c_mv a5, a0                : IntAlu :  D=0x0000000000050100
 400500: system.cpu: T0 : 0x106b2    : blt a0, zero, 104          : IntAlu : 
 401500: system.cpu: T0 : 0x106b6    : lui a4, 114                : IntAlu :  D=0x0000000000072000
 402500: system.cpu: T0 : 0x106ba    : lw a3, -376(a4)            : MemRead :  D=0x0000000000000000 A=0x71e88
 403500: system.cpu: T0 : 0x106be    : addiw a4, a0, 0            : IntAlu :  D=0x0000000000050100
 404000: system.cpu: T0 : 0x106c2    : c_bnez a3, 82              : IntAlu : 
 404500: system.cpu: T0 : 0x106c4    : lui a3, 114                : IntAlu :  D=0x0000000000072000
 405000: system.cpu: T0 : 0x106c8    : sw a4, -376(a3)            : MemWrite :  D=0x0000000000050100 A=0x71e88
 405500: system.cpu: T0 : 0x106cc    : lui a4, 65                 : IntAlu :  D=0x0000000000041000
 406000: system.cpu: T0 : 0x106d0    : addi a4, a4, -257          : IntAlu :  D=0x0000000000040eff
 406500: system.cpu: T0 : 0x106d4    : blt a4, a5, -322           : IntAlu : 
 407500: system.cpu: T0 : 0x10592    : addi a5, zero, 0           : IntAlu :  D=0x0000000000000000
 408000: system.cpu: T0 : 0x10596    : c_beqz a5, 10              : IntAlu : 
 408500: system.cpu: T0 : 0x105a0    : lui a5, 111                : IntAlu :  D=0x000000000006f000
 409000: system.cpu: T0 : 0x105a4    : ld a5, -128(a5)            : MemRead :  D=0x7fffffffffffffd8 A=0x6ef80
 409500: system.cpu: T0 : 0x105a8    : lbu a4, 14(a5)             : MemRead :  D=0x000000000000002f A=0x7fffffffffffffe6
 410000: system.cpu: T0 : 0x105ac    : lbu a7, 8(a5)              : MemRead :  D=0x000000000000006e A=0x7fffffffffffffe0
 410500: system.cpu: T0 : 0x105b0    : lbu a6, 9(a5)              : MemRead :  D=0x000000000000006c A=0x7fffffffffffffe1
 411000: system.cpu: T0 : 0x105b4    : lbu a0, 10(a5)             : MemRead :  D=0x000000000000006f A=0x7fffffffffffffe2
 411500: system.cpu: T0 : 0x105b8    : lbu a1, 11(a5)             : MemRead :  D=0x0000000000000061 A=0x7fffffffffffffe3
 412000: system.cpu: T0 : 0x105bc    : lbu a2, 12(a5)             : MemRead :  D=0x0000000000000064 A=0x7fffffffffffffe4
 412500: system.cpu: T0 : 0x105c0    : lbu a3, 13(a5)             : MemRead :  D=0x0000000000000073 A=0x7fffffffffffffe5
 413000: system.cpu: T0 : 0x105c4    : lbu a5, 15(a5)             : MemRead :  D=0x0000000000000074 A=0x7fffffffffffffe7
 413500: system.cpu: T0 : 0x105c8    : sb a7, 40(sp)              : MemWrite :  D=0x000000000000006e A=0x7ffffffffffffe18
 414000: system.cpu: T0 : 0x105cc    : sb a6, 41(sp)              : MemWrite :  D=0x000000000000006c A=0x7ffffffffffffe19
 414500: system.cpu: T0 : 0x105d0    : sb a5, 47(sp)              : MemWrite :  D=0x0000000000000074 A=0x7ffffffffffffe1f
 415000: system.cpu: T0 : 0x105d4    : sb a0, 42(sp)              : MemWrite :  D=0x000000000000006f A=0x7ffffffffffffe1a
 415500: system.cpu: T0 : 0x105d8    : sb a1, 43(sp)              : MemWrite :  D=0x0000000000000061 A=0x7ffffffffffffe1b
 416000: system.cpu: T0 : 0x105dc    : sb a2, 44(sp)              : MemWrite :  D=0x0000000000000064 A=0x7ffffffffffffe1c
 416500: system.cpu: T0 : 0x105e0    : sb a3, 45(sp)              : MemWrite :  D=0x0000000000000073 A=0x7ffffffffffffe1d
 417000: system.cpu: T0 : 0x105e4    : sb a4, 46(sp)              : MemWrite :  D=0x000000000000002f A=0x7ffffffffffffe1e
 417500: system.cpu: T0 : 0x105e8    : c_ldsp a4, 40(sp)          : MemRead :  D=0x742f7364616f6c6e A=0x7ffffffffffffe18
 418500: system.cpu: T0 : 0x105ea    : lui a5, 111                : IntAlu :  D=0x000000000006f000
 419500: system.cpu: T0 : 0x105ee    : sd a4, -1256(a5)           : MemWrite :  D=0x742f7364616f6c6e A=0x6eb18
 420500: system.cpu: T0 : 0x105f2    : beq s2, zero, 14           : IntAlu : 
 421000: system.cpu: T0 : 0x10600    : ld a2, -1360(gp)           : MemRead :  D=0x7fffffffffffff48 A=0x70ad8
 421500: system.cpu: T0 : 0x10604    : c_ldsp a1, 16(sp)          : MemRead :  D=0x7fffffffffffff38 A=0x7ffffffffffffe00
 422000: system.cpu: T0 : 0x10606    : c_ldsp a0, 8(sp)           : MemRead :  D=0x0000000000000001 A=0x7ffffffffffffdf8
 422500: system.cpu: T0 : 0x10608    : jal ra, 75610              : IntAlu :  D=0x000000000001060c
 423000: system.cpu: T0 : 0x22d62    : c_addi sp, -32             : IntAlu :  D=0x7ffffffffffffdd0
 423500: system.cpu: T0 : 0x22d64    : c_sdsp s0, 16(sp)          : MemWrite :  D=0x0000000000010998 A=0x7ffffffffffffde0
 424000: system.cpu: T0 : 0x22d66    : c_sdsp s1, 8(sp)           : MemWrite :  D=0x0000000000010a28 A=0x7ffffffffffffdd8
 424500: system.cpu: T0 : 0x22d68    : c_sdsp s2, 0(sp)           : MemWrite :  D=0x0000000000000000 A=0x7ffffffffffffdd0
 425000: system.cpu: T0 : 0x22d6a    : c_sdsp ra, 24(sp)          : MemWrite :  D=0x000000000001060c A=0x7ffffffffffffde8
 425500: system.cpu: T0 : 0x22d6c    : addi a4, zero, 0           : IntAlu :  D=0x0000000000000000
 426000: system.cpu: T0 : 0x22d70    : c_mv s0, a0                : IntAlu :  D=0x0000000000000001
 426500: system.cpu: T0 : 0x22d72    : c_mv s1, a1                : IntAlu :  D=0x7fffffffffffff38
 427000: system.cpu: T0 : 0x22d74    : c_mv s2, a2                : IntAlu :  D=0x7fffffffffffff48
 427500: system.cpu: T0 : 0x22d76    : c_beqz a4, 62              : IntAlu : 
 428000: system.cpu: T0 : 0x22db4    : lw a0, -1248(gp)           : MemRead :  D=0x0000000000000000 A=0x70b48
 428500: system.cpu: T0 : 0x22db8    : lw a5, -1344(gp)           : MemRead :  D=0x0000000000000000 A=0x70ae8
 429000: system.cpu: T0 : 0x22dbc    : sw zero, -1728(gp)         : MemWrite :  D=0x0000000000000000 A=0x70968
 429500: system.cpu: T0 : 0x22dc0    : beq a5, a0, -60            : IntAlu : 
 430000: system.cpu: T0 : 0x22d84    : lui a5, 114                : IntAlu :  D=0x0000000000072000
 430500: system.cpu: T0 : 0x22d88    : sw s0, -352(a5)            : MemWrite :  D=0x0000000000000001 A=0x71ea0
 431000: system.cpu: T0 : 0x22d8c    : lui a5, 114                : IntAlu :  D=0x0000000000072000
 431500: system.cpu: T0 : 0x22d90    : sd s1, -344(a5)            : MemWrite :  D=0x7fffffffffffff38 A=0x71ea8
 432000: system.cpu: T0 : 0x22d94    : sd s2, -1360(gp)           : MemWrite :  D=0x7fffffffffffff48 A=0x70ad8
 432500: system.cpu: T0 : 0x22d98    : jal ra, -2314              : IntAlu :  D=0x0000000000022d9c
 433000: system.cpu: T0 : 0x2248e    : c_addi16sp sp, -160        : IntAlu :  D=0x7ffffffffffffd30
 433500: system.cpu: T0 : 0x22490    : c_sdsp ra, 152(sp)         : MemWrite :  D=0x0000000000022d9c A=0x7ffffffffffffdc8
 434000: system.cpu: T0 : 0x22492    : c_sdsp s1, 136(sp)         : MemWrite :  D=0x7fffffffffffff38 A=0x7ffffffffffffdb8
 434500: system.cpu: T0 : 0x22494    : c_sdsp s2, 128(sp)         : MemWrite :  D=0x7fffffffffffff48 A=0x7ffffffffffffdb0
 435000: system.cpu: T0 : 0x22496    : c_sdsp s3, 120(sp)         : MemWrite :  D=0x0000000000000000 A=0x7ffffffffffffda8
 435500: system.cpu: T0 : 0x22498    : c_sdsp s4, 112(sp)         : MemWrite :  D=0x0000000000000000 A=0x7ffffffffffffda0
 436000: system.cpu: T0 : 0x2249a    : c_sdsp s0, 144(sp)         : MemWrite :  D=0x0000000000000001 A=0x7ffffffffffffdc0
 436500: system.cpu: T0 : 0x2249c    : c_sdsp s5, 104(sp)         : MemWrite :  D=0x0000000000000000 A=0x7ffffffffffffd98
 437000: system.cpu: T0 : 0x2249e    : c_sdsp s6, 96(sp)          : MemWrite :  D=0x0000000000000000 A=0x7ffffffffffffd90
 437500: system.cpu: T0 : 0x224a0    : c_sdsp s7, 88(sp)          : MemWrite :  D=0x0000000000000000 A=0x7ffffffffffffd88
 438000: system.cpu: T0 : 0x224a2    : c_sdsp s8, 80(sp)          : MemWrite :  D=0x0000000000000000 A=0x7ffffffffffffd80
 438500: system.cpu: T0 : 0x224a4    : c_sdsp s9, 72(sp)          : MemWrite :  D=0x0000000000000000 A=0x7ffffffffffffd78
 439000: system.cpu: T0 : 0x224a6    : c_sdsp s10, 64(sp)         : MemWrite :  D=0x0000000000000000 A=0x7ffffffffffffd70
 439500: system.cpu: T0 : 0x224a8    : lui s2, 114                : IntAlu :  D=0x0000000000072000
 440000: system.cpu: T0 : 0x224ac    : jal ra, 116914             : IntAlu :  D=0x00000000000224b0
 440500: system.cpu: T0 : 0x3ed5e    : c_lui t1, 1048575          : IntAlu :  D=0xfffffffffffff000
 441000: system.cpu: T0 : 0x3ed60    : c_addi16sp sp, -48         : IntAlu :  D=0x7ffffffffffffd00
 441500: system.cpu: T0 : 0x3ed62    : c_addi t1, 16              : IntAlu :  D=0xfffffffffffff010
 442000: system.cpu: T0 : 0x3ed64    : c_sdsp ra, 40(sp)          : MemWrite :  D=0x00000000000224b0 A=0x7ffffffffffffd28
 442500: system.cpu: T0 : 0x3ed66    : c_sdsp s0, 32(sp)          : MemWrite :  D=0x0000000000000001 A=0x7ffffffffffffd20
 443000: system.cpu: T0 : 0x3ed68    : c_sdsp s1, 24(sp)          : MemWrite :  D=0x7fffffffffffff38 A=0x7ffffffffffffd18
 443500: system.cpu: T0 : 0x3ed6a    : c_sdsp s2, 16(sp)          : MemWrite :  D=0x0000000000072000 A=0x7ffffffffffffd10
 444000: system.cpu: T0 : 0x3ed6c    : lui a1, 98                 : IntAlu :  D=0x0000000000062000
 444500: system.cpu: T0 : 0x3ed70    : c_add sp, t1               : IntAlu :  D=0x7fffffffffffed10
 445000: system.cpu: T0 : 0x3ed72    : c_lui a5, 1048575          : IntAlu :  D=0xfffffffffffff000
 445500: system.cpu: T0 : 0x3ed74    : addi a7, zero, 78          : IntAlu :  D=0x000000000000004e
 446000: system.cpu: T0 : 0x3ed78    : addi a0, zero, -100        : IntAlu :  D=0xffffffffffffff9c
 446500: system.cpu: T0 : 0x3ed7c    : addi a1, a1, 352           : IntAlu :  D=0x0000000000062160
 447000: system.cpu: T0 : 0x3ed80    : c_mv a2, sp                : IntAlu :  D=0x7fffffffffffed10
 447500: system.cpu: T0 : 0x3ed82    : c_lui a3, 1                : IntAlu :  D=0x0000000000001000
 448000: system.cpu: T0 : 0x3ed84    : ecall                      : No_OpClass : 
 448500: system.cpu: T0 : 0x3ed88    : c_addiw a0, 0              : IntAlu :  D=0xfffffffffffffffe
 449500: system.cpu: T0 : 0x3ed8a    : bltu a5, a0, 84            : IntAlu : 
 450500: system.cpu: T0 : 0x3edde    : lui a5, 114                : IntAlu :  D=0x0000000000072000
 451500: system.cpu: T0 : 0x3ede2    : ld s1, -448(a5)            : MemRead :  D=0x0000000000000000 A=0x71e40
 452000: system.cpu: T0 : 0x3ede6    : c_beqz s1, 62              : IntAlu : 
 452500: system.cpu: T0 : 0x3ee24    : c_li s0, -1                : IntAlu :  D=0xffffffffffffffff
 453000: system.cpu: T0 : 0x3ee26    : c_lui t1, 1                : IntAlu :  D=0x0000000000001000
 453500: system.cpu: T0 : 0x3ee28    : c_addi t1, -16             : IntAlu :  D=0x0000000000000ff0
 454000: system.cpu: T0 : 0x3ee2a    : c_add sp, t1               : IntAlu :  D=0x7ffffffffffffd00
 454500: system.cpu: T0 : 0x3ee2c    : c_ldsp ra, 40(sp)          : MemRead :  D=0x00000000000224b0 A=0x7ffffffffffffd28
 455000: system.cpu: T0 : 0x3ee2e    : c_mv a0, s0                : IntAlu :  D=0xffffffffffffffff
 455500: system.cpu: T0 : 0x3ee30    : c_ldsp s1, 24(sp)          : MemRead :  D=0x7fffffffffffff38 A=0x7ffffffffffffd18
 456000: system.cpu: T0 : 0x3ee32    : c_ldsp s0, 32(sp)          : MemRead :  D=0x0000000000000001 A=0x7ffffffffffffd20
 456500: system.cpu: T0 : 0x3ee34    : c_ldsp s2, 16(sp)          : MemRead :  D=0x0000000000072000 A=0x7ffffffffffffd10
 457000: system.cpu: T0 : 0x3ee36    : c_addi16sp sp, 48          : IntAlu :  D=0x7ffffffffffffd30
 457500: system.cpu: T0 : 0x3ee38    : c_jr ra                    : IntAlu : 
 458000: system.cpu: T0 : 0x224b0    : lui s3, 114                : IntAlu :  D=0x0000000000072000
 458500: system.cpu: T0 : 0x224b4    : ld a5, -408(s3)            : MemRead :  D=0x0000000000000006 A=0x71e68
 459000: system.cpu: T0 : 0x224b8    : ld a4, -464(s2)            : MemRead :  D=0x0000000000010040 A=0x71e30
 459500: system.cpu: T0 : 0x224bc    : c_mv a3, a0                : IntAlu :  D=0xffffffffffffffff
 460500: system.cpu: T0 : 0x224be    : lui s4, 112                : IntAlu :  D=0x0000000000070000
 461500: system.cpu: T0 : 0x224c2    : lui a0, 80                 : IntAlu :  D=0x0000000000050000
 462500: system.cpu: T0 : 0x224c6    : addi s1, s4, -416          : IntAlu :  D=0x000000000006fe60
 463500: system.cpu: T0 : 0x224ca    : addi a0, a0, -768          : IntAlu :  D=0x000000000004fd00
 464500: system.cpu: T0 : 0x224ce    : sh a5, 696(s1)             : MemWrite :  D=0x0000000000000006 A=0x70118
 465500: system.cpu: T0 : 0x224d2    : sd a3, 840(s1)             : MemWrite :  D=0xffffffffffffffff A=0x701a8
 466500: system.cpu: T0 : 0x224d6    : sd a4, 680(s1)             : MemWrite :  D=0x0000000000010040 A=0x70108
 467500: system.cpu: T0 : 0x224da    : jal ra, -56890             : IntAlu :  D=0x00000000000224de
 468000: system.cpu: T0 : 0x146a0    : c_addi16sp sp, -64         : IntAlu :  D=0x7ffffffffffffcf0
 468500: system.cpu: T0 : 0x146a2    : c_sdsp s1, 40(sp)          : MemWrite :  D=0x000000000006fe60 A=0x7ffffffffffffd18
 469000: system.cpu: T0 : 0x146a4    : ld s1, -1360(gp)           : MemRead :  D=0x7fffffffffffff48 A=0x70ad8
 469500: system.cpu: T0 : 0x146a8    : c_sdsp ra, 56(sp)          : MemWrite :  D=0x00000000000224de A=0x7ffffffffffffd28
 470000: system.cpu: T0 : 0x146aa    : c_sdsp s0, 48(sp)          : MemWrite :  D=0x0000000000000001 A=0x7ffffffffffffd20
 470500: system.cpu: T0 : 0x146ac    : c_sdsp s2, 32(sp)          : MemWrite :  D=0x0000000000072000 A=0x7ffffffffffffd10
 471000: system.cpu: T0 : 0x146ae    : c_sdsp s3, 24(sp)          : MemWrite :  D=0x0000000000072000 A=0x7ffffffffffffd08
 471500: system.cpu: T0 : 0x146b0    : c_sdsp s4, 16(sp)          : MemWrite :  D=0x0000000000070000 A=0x7ffffffffffffd00
 472000: system.cpu: T0 : 0x146b2    : c_sdsp s5, 8(sp)           : MemWrite :  D=0x0000000000000000 A=0x7ffffffffffffcf8
 472500: system.cpu: T0 : 0x146b4    : c_sdsp s6, 0(sp)           : MemWrite :  D=0x0000000000000000 A=0x7ffffffffffffcf0
 473000: system.cpu: T0 : 0x146b6    : c_beqz s1, 210             : IntAlu : 
 473500: system.cpu: T0 : 0x146b8    : lbu a5, 0(a0)              : MemRead :  D=0x000000000000004c A=0x4fd00
 474000: system.cpu: T0 : 0x146bc    : c_mv s4, a0                : IntAlu :  D=0x000000000004fd00
 474500: system.cpu: T0 : 0x146be    : c_beqz a5, 202             : IntAlu : 
 475000: system.cpu: T0 : 0x146c0    : lbu s5, 1(a0)              : MemRead :  D=0x0000000000000044 A=0x4fd01
 475500: system.cpu: T0 : 0x146c4    : slliw s2, a5, 16           : IntAlu :  D=0x00000000004c0000
 476000: system.cpu: T0 : 0x146c8    : c_ld s0, 0(s1)             : MemRead :  D=0x0000000000000000 A=0x7fffffffffffff48
 477000: system.cpu: T0 : 0x146ca    : sraiw s2, s2, 16           : IntAlu :  D=0x000000000000004c
 478000: system.cpu: T0 : 0x146ce    : bne s5, zero, 86           : IntAlu : 
 478500: system.cpu: T0 : 0x14724    : jal ra, 42488              : IntAlu :  D=0x0000000000014728
 479000: system.cpu: T0 : 0x1ed1c    : andi a5, a0, 7             : IntAlu :  D=0x0000000000000000
 479500: system.cpu: T0 : 0x1ed20    : c_beqz a5, 26              : IntAlu : 
 480000: system.cpu: T0 : 0x1ed3a    : c_mv a5, a0                : IntAlu :  D=0x000000000004fd00
 480500: system.cpu: T0 : 0x1ed3c    : ld a6, -2024(gp)           : MemRead :  D=0xfefefefefefefeff A=0x70840
 481000: system.cpu: T0 : 0x1ed40    : ld a1, -2016(gp)           : MemRead :  D=0x8080808080808080 A=0x70848
 481500: system.cpu: T0 : 0x1ed44    : c_ld a2, 0(a5)             : MemRead :  D=0x004e5241575f444c A=0x4fd00
 482500: system.cpu: T0 : 0x1ed46    : addi a3, a5, 8             : IntAlu :  D=0x000000000004fd08
 483500: system.cpu: T0 : 0x1ed4a    : add a4, a2, a6             : IntAlu :  D=0xff4d5140565e434b
 484500: system.cpu: T0 : 0x1ed4e    : xori a2, a2, 18446744073709551615 : IntAlu :  D=0xffb1adbea8a0bbb3
 485000: system.cpu: T0 : 0x1ed52    : c_and a4, a2               : IntAlu :  D=0xff01010000000303
 485500: system.cpu: T0 : 0x1ed54    : c_and a4, a1               : IntAlu :  D=0x8000000000000000
 486000: system.cpu: T0 : 0x1ed56    : c_beqz a4, 50              : IntAlu : 
 486500: system.cpu: T0 : 0x1ed58    : lbu a4, -8(a3)             : MemRead :  D=0x000000000000004c A=0x4fd00
 487000: system.cpu: T0 : 0x1ed5c    : c_beqz a4, -40             : IntAlu : 
 488000: system.cpu: T0 : 0x1ed5e    : lbu a4, -7(a3)             : MemRead :  D=0x0000000000000044 A=0x4fd01
 488500: system.cpu: T0 : 0x1ed62    : c_beqz a4, 50              : IntAlu : 
 489000: system.cpu: T0 : 0x1ed64    : lbu a4, -6(a3)             : MemRead :  D=0x000000000000005f A=0x4fd02
 489500: system.cpu: T0 : 0x1ed68    : c_beqz a4, 52              : IntAlu : 
 490500: system.cpu: T0 : 0x1ed6a    : lbu a4, -5(a3)             : MemRead :  D=0x0000000000000057 A=0x4fd03
 491000: system.cpu: T0 : 0x1ed6e    : c_beqz a4, 54              : IntAlu : 
 491500: system.cpu: T0 : 0x1ed70    : lbu a4, -4(a3)             : MemRead :  D=0x0000000000000041 A=0x4fd04
 492000: system.cpu: T0 : 0x1ed74    : c_beqz a4, 56              : IntAlu : 
 493000: system.cpu: T0 : 0x1ed76    : lbu a4, -3(a3)             : MemRead :  D=0x0000000000000052 A=0x4fd05
 493500: system.cpu: T0 : 0x1ed7a    : c_beqz a4, 58              : IntAlu : 
 494000: system.cpu: T0 : 0x1ed7c    : lbu a4, -2(a3)             : MemRead :  D=0x000000000000004e A=0x4fd06
 494500: system.cpu: T0 : 0x1ed80    : c_beqz a4, 60              : IntAlu : 
 495500: system.cpu: T0 : 0x1ed82    : lbu a4, -1(a3)             : MemRead :  D=0x0000000000000000 A=0x4fd07
 496000: system.cpu: T0 : 0x1ed86    : c_beqz a4, 6               : IntAlu : 
 496500: system.cpu: T0 : 0x1ed8c    : c_sub a5, a0               : IntAlu :  D=0x0000000000000000
 497500: system.cpu: T0 : 0x1ed8e    : addi a0, a5, 7             : IntAlu :  D=0x0000000000000007
 498000: system.cpu: T0 : 0x1ed92    : c_jr ra                    : IntAlu : 
 498500: system.cpu: T0 : 0x14728    : slli a5, s5, 8             : IntAlu :  D=0x0000000000004400
 499000: system.cpu: T0 : 0x1472c    : or a5, s2, a5              : IntAlu :  D=0x000000000000444c
 499500: system.cpu: T0 : 0x14730    : slliw s2, a5, 16           : IntAlu :  D=0x00000000444c0000
 500000: system.cpu: T0 : 0x14734    : c_mv s3, a0                : IntAlu :  D=0x0000000000000007
 501000: system.cpu: T0 : 0x14736    : sraiw s2, s2, 16           : IntAlu :  D=0x000000000000444c
 502000: system.cpu: T0 : 0x1473a    : addi s5, a0, -2            : IntAlu :  D=0x0000000000000005
 502500: system.cpu: T0 : 0x1473e    : c_addi s4, 2               : IntAlu :  D=0x000000000004fd02
 503000: system.cpu: T0 : 0x14740    : c_beqz s0, -50             : IntAlu : 
 503500: system.cpu: T0 : 0x1470e    : c_ldsp ra, 56(sp)          : MemRead :  D=0x00000000000224de A=0x7ffffffffffffd28
 504000: system.cpu: T0 : 0x14710    : c_mv a0, s0                : IntAlu :  D=0x0000000000000000
 504500: system.cpu: T0 : 0x14712    : c_ldsp s0, 48(sp)          : MemRead :  D=0x0000000000000001 A=0x7ffffffffffffd20
 505000: system.cpu: T0 : 0x14714    : c_ldsp s1, 40(sp)          : MemRead :  D=0x000000000006fe60 A=0x7ffffffffffffd18
 505500: system.cpu: T0 : 0x14716    : c_ldsp s2, 32(sp)          : MemRead :  D=0x0000000000072000 A=0x7ffffffffffffd10
 506000: system.cpu: T0 : 0x14718    : c_ldsp s3, 24(sp)          : MemRead :  D=0x0000000000072000 A=0x7ffffffffffffd08
 506500: system.cpu: T0 : 0x1471a    : c_ldsp s4, 16(sp)          : MemRead :  D=0x0000000000070000 A=0x7ffffffffffffd00
 507000: system.cpu: T0 : 0x1471c    : c_ldsp s5, 8(sp)           : MemRead :  D=0x0000000000000000 A=0x7ffffffffffffcf8
 507500: system.cpu: T0 : 0x1471e    : c_ldsp s6, 0(sp)           : MemRead :  D=0x0000000000000000 A=0x7ffffffffffffcf0
 508000: system.cpu: T0 : 0x14720    : c_addi16sp sp, 64          : IntAlu :  D=0x7ffffffffffffd30
 508500: system.cpu: T0 : 0x14722    : c_jr ra                    : IntAlu : 
 509000: system.cpu: T0 : 0x224de    : c_li a5, 0                 : IntAlu :  D=0x0000000000000000
 509500: system.cpu: T0 : 0x224e0    : c_beqz a0, 10              : IntAlu : 
 510500: system.cpu: T0 : 0x224ea    : lui s5, 114                : IntAlu :  D=0x0000000000072000
 511500: system.cpu: T0 : 0x224ee    : ld a4, -432(s5)            : MemRead :  D=0x0000000000000000 A=0x71e50
 512500: system.cpu: T0 : 0x224f2    : lui a3, 114                : IntAlu :  D=0x0000000000072000
 513500: system.cpu: T0 : 0x224f6    : sw a5, -416(a3)            : MemWrite :  D=0x0000000000000000 A=0x71e60
 514500: system.cpu: T0 : 0x224fa    : beq a4, zero, 1518         : IntAlu : 
 515000: system.cpu: T0 : 0x22ae8    : lui s6, 114                : IntAlu :  D=0x0000000000072000
 515500: system.cpu: T0 : 0x22aec    : ld s0, -480(s6)            : MemRead :  D=0x0000000000000000 A=0x71e20
 516000: system.cpu: T0 : 0x22af0    : bne s0, zero, -1062        : IntAlu : 
 516500: system.cpu: T0 : 0x22af4    : lui s0, 111                : IntAlu :  D=0x000000000006f000
 517000: system.cpu: T0 : 0x22af8    : addi s0, s0, -128          : IntAlu :  D=0x000000000006ef80
 517500: system.cpu: T0 : 0x22afc    : sd zero, 8(s0)             : MemWrite :  D=0x0000000000000000 A=0x6ef88
 518000: system.cpu: T0 : 0x22b00    : sd zero, 16(s0)            : MemWrite :  D=0x0000000000000000 A=0x6ef90
 518500: system.cpu: T0 : 0x22b04    : sd zero, 24(s0)            : MemWrite :  D=0x0000000000000000 A=0x6ef98
 519000: system.cpu: T0 : 0x22b08    : c_li a5, 0                 : IntAlu :  D=0x0000000000000000
 519500: system.cpu: T0 : 0x22b0a    : c_j -678                   : IntAlu : 
 520000: system.cpu: T0 : 0x22864    : lui a0, 80                 : IntAlu :  D=0x0000000000050000
 520500: system.cpu: T0 : 0x22868    : addi a0, a0, -416          : IntAlu :  D=0x000000000004fe60
 521000: system.cpu: T0 : 0x2286c    : c_sd a5, 32(s0)            : MemWrite :  D=0x0000000000000000 A=0x6efa0
 522000: system.cpu: T0 : 0x2286e    : jal ra, -57806             : IntAlu :  D=0x0000000000022872
 522500: system.cpu: T0 : 0x146a0    : c_addi16sp sp, -64         : IntAlu :  D=0x7ffffffffffffcf0
 523000: system.cpu: T0 : 0x146a2    : c_sdsp s1, 40(sp)          : MemWrite :  D=0x000000000006fe60 A=0x7ffffffffffffd18
 523500: system.cpu: T0 : 0x146a4    : ld s1, -1360(gp)           : MemRead :  D=0x7fffffffffffff48 A=0x70ad8
 524000: system.cpu: T0 : 0x146a8    : c_sdsp ra, 56(sp)          : MemWrite :  D=0x0000000000022872 A=0x7ffffffffffffd28
 524500: system.cpu: T0 : 0x146aa    : c_sdsp s0, 48(sp)          : MemWrite :  D=0x000000000006ef80 A=0x7ffffffffffffd20
 525000: system.cpu: T0 : 0x146ac    : c_sdsp s2, 32(sp)          : MemWrite :  D=0x0000000000072000 A=0x7ffffffffffffd10
 525500: system.cpu: T0 : 0x146ae    : c_sdsp s3, 24(sp)          : MemWrite :  D=0x0000000000072000 A=0x7ffffffffffffd08
 526000: system.cpu: T0 : 0x146b0    : c_sdsp s4, 16(sp)          : MemWrite :  D=0x0000000000070000 A=0x7ffffffffffffd00
 526500: system.cpu: T0 : 0x146b2    : c_sdsp s5, 8(sp)           : MemWrite :  D=0x0000000000072000 A=0x7ffffffffffffcf8
 527000: system.cpu: T0 : 0x146b4    : c_sdsp s6, 0(sp)           : MemWrite :  D=0x0000000000072000 A=0x7ffffffffffffcf0
 527500: system.cpu: T0 : 0x146b6    : c_beqz s1, 210             : IntAlu : 
 528000: system.cpu: T0 : 0x146b8    : lbu a5, 0(a0)              : MemRead :  D=0x000000000000004c A=0x4fe60
 528500: system.cpu: T0 : 0x146bc    : c_mv s4, a0                : IntAlu :  D=0x000000000004fe60
 529000: system.cpu: T0 : 0x146be    : c_beqz a5, 202             : IntAlu : 
 529500: system.cpu: T0 : 0x146c0    : lbu s5, 1(a0)              : MemRead :  D=0x0000000000000044 A=0x4fe61
 530000: system.cpu: T0 : 0x146c4    : slliw s2, a5, 16           : IntAlu :  D=0x00000000004c0000
 530500: system.cpu: T0 : 0x146c8    : c_ld s0, 0(s1)             : MemRead :  D=0x0000000000000000 A=0x7fffffffffffff48
 531500: system.cpu: T0 : 0x146ca    : sraiw s2, s2, 16           : IntAlu :  D=0x000000000000004c
 532500: system.cpu: T0 : 0x146ce    : bne s5, zero, 86           : IntAlu : 
 533000: system.cpu: T0 : 0x14724    : jal ra, 42488              : IntAlu :  D=0x0000000000014728
 533500: system.cpu: T0 : 0x1ed1c    : andi a5, a0, 7             : IntAlu :  D=0x0000000000000000
 534000: system.cpu: T0 : 0x1ed20    : c_beqz a5, 26              : IntAlu : 
 534500: system.cpu: T0 : 0x1ed3a    : c_mv a5, a0                : IntAlu :  D=0x000000000004fe60
 535000: system.cpu: T0 : 0x1ed3c    : ld a6, -2024(gp)           : MemRead :  D=0xfefefefefefefeff A=0x70840
 535500: system.cpu: T0 : 0x1ed40    : ld a1, -2016(gp)           : MemRead :  D=0x8080808080808080 A=0x70848
 536000: system.cpu: T0 : 0x1ed44    : c_ld a2, 0(a5)             : MemRead :  D=0x415242494c5f444c A=0x4fe60
 537000: system.cpu: T0 : 0x1ed46    : addi a3, a5, 8             : IntAlu :  D=0x000000000004fe68
 538000: system.cpu: T0 : 0x1ed4a    : add a4, a2, a6             : IntAlu :  D=0x405141484b5e434b
 539000: system.cpu: T0 : 0x1ed4e    : xori a2, a2, 18446744073709551615 : IntAlu :  D=0xbeadbdb6b3a0bbb3
 539500: system.cpu: T0 : 0x1ed52    : c_and a4, a2               : IntAlu :  D=0x0001010003000303
 540000: system.cpu: T0 : 0x1ed54    : c_and a4, a1               : IntAlu :  D=0x0000000000000000
 540500: system.cpu: T0 : 0x1ed56    : c_beqz a4, 50              : IntAlu : 
 541000: system.cpu: T0 : 0x1ed88    : c_mv a5, a3                : IntAlu :  D=0x000000000004fe68
 541500: system.cpu: T0 : 0x1ed8a    : c_j -70                    : IntAlu : 
 542000: system.cpu: T0 : 0x1ed44    : c_ld a2, 0(a5)             : MemRead :  D=0x00485441505f5952 A=0x4fe68
 543000: system.cpu: T0 : 0x1ed46    : addi a3, a5, 8             : IntAlu :  D=0x000000000004fe70
 544000: system.cpu: T0 : 0x1ed4a    : add a4, a2, a6             : IntAlu :  D=0xff4753404f5e5851
 545000: system.cpu: T0 : 0x1ed4e    : xori a2, a2, 18446744073709551615 : IntAlu :  D=0xffb7abbeafa0a6ad
 545500: system.cpu: T0 : 0x1ed52    : c_and a4, a2               : IntAlu :  D=0xff0703000f000001
 546000: system.cpu: T0 : 0x1ed54    : c_and a4, a1               : IntAlu :  D=0x8000000000000000
 546500: system.cpu: T0 : 0x1ed56    : c_beqz a4, 50              : IntAlu : 
 547000: system.cpu: T0 : 0x1ed58    : lbu a4, -8(a3)             : MemRead :  D=0x0000000000000052 A=0x4fe68
 547500: system.cpu: T0 : 0x1ed5c    : c_beqz a4, -40             : IntAlu : 
 548500: system.cpu: T0 : 0x1ed5e    : lbu a4, -7(a3)             : MemRead :  D=0x0000000000000059 A=0x4fe69
 549000: system.cpu: T0 : 0x1ed62    : c_beqz a4, 50              : IntAlu : 
 549500: system.cpu: T0 : 0x1ed64    : lbu a4, -6(a3)             : MemRead :  D=0x000000000000005f A=0x4fe6a
 550000: system.cpu: T0 : 0x1ed68    : c_beqz a4, 52              : IntAlu : 
 551000: system.cpu: T0 : 0x1ed6a    : lbu a4, -5(a3)             : MemRead :  D=0x0000000000000050 A=0x4fe6b
 551500: system.cpu: T0 : 0x1ed6e    : c_beqz a4, 54              : IntAlu : 
 552000: system.cpu: T0 : 0x1ed70    : lbu a4, -4(a3)             : MemRead :  D=0x0000000000000041 A=0x4fe6c
 552500: system.cpu: T0 : 0x1ed74    : c_beqz a4, 56              : IntAlu : 
 553500: system.cpu: T0 : 0x1ed76    : lbu a4, -3(a3)             : MemRead :  D=0x0000000000000054 A=0x4fe6d
 554000: system.cpu: T0 : 0x1ed7a    : c_beqz a4, 58              : IntAlu : 
 554500: system.cpu: T0 : 0x1ed7c    : lbu a4, -2(a3)             : MemRead :  D=0x0000000000000048 A=0x4fe6e
 555000: system.cpu: T0 : 0x1ed80    : c_beqz a4, 60              : IntAlu : 
 556000: system.cpu: T0 : 0x1ed82    : lbu a4, -1(a3)             : MemRead :  D=0x0000000000000000 A=0x4fe6f
 556500: system.cpu: T0 : 0x1ed86    : c_beqz a4, 6               : IntAlu : 
 557000: system.cpu: T0 : 0x1ed8c    : c_sub a5, a0               : IntAlu :  D=0x0000000000000008
 558000: system.cpu: T0 : 0x1ed8e    : addi a0, a5, 7             : IntAlu :  D=0x000000000000000f
 558500: system.cpu: T0 : 0x1ed92    : c_jr ra                    : IntAlu : 
 559000: system.cpu: T0 : 0x14728    : slli a5, s5, 8             : IntAlu :  D=0x0000000000004400
 559500: system.cpu: T0 : 0x1472c    : or a5, s2, a5              : IntAlu :  D=0x000000000000444c
 560000: system.cpu: T0 : 0x14730    : slliw s2, a5, 16           : IntAlu :  D=0x00000000444c0000
 560500: system.cpu: T0 : 0x14734    : c_mv s3, a0                : IntAlu :  D=0x000000000000000f
 561500: system.cpu: T0 : 0x14736    : sraiw s2, s2, 16           : IntAlu :  D=0x000000000000444c
 562500: system.cpu: T0 : 0x1473a    : addi s5, a0, -2            : IntAlu :  D=0x000000000000000d
 563000: system.cpu: T0 : 0x1473e    : c_addi s4, 2               : IntAlu :  D=0x000000000004fe62
 563500: system.cpu: T0 : 0x14740    : c_beqz s0, -50             : IntAlu : 
 564000: system.cpu: T0 : 0x1470e    : c_ldsp ra, 56(sp)          : MemRead :  D=0x0000000000022872 A=0x7ffffffffffffd28
 564500: system.cpu: T0 : 0x14710    : c_mv a0, s0                : IntAlu :  D=0x0000000000000000
 565000: system.cpu: T0 : 0x14712    : c_ldsp s0, 48(sp)          : MemRead :  D=0x000000000006ef80 A=0x7ffffffffffffd20
 565500: system.cpu: T0 : 0x14714    : c_ldsp s1, 40(sp)          : MemRead :  D=0x000000000006fe60 A=0x7ffffffffffffd18
 566000: system.cpu: T0 : 0x14716    : c_ldsp s2, 32(sp)          : MemRead :  D=0x0000000000072000 A=0x7ffffffffffffd10
 566500: system.cpu: T0 : 0x14718    : c_ldsp s3, 24(sp)          : MemRead :  D=0x0000000000072000 A=0x7ffffffffffffd08
 567000: system.cpu: T0 : 0x1471a    : c_ldsp s4, 16(sp)          : MemRead :  D=0x0000000000070000 A=0x7ffffffffffffd00
 567500: system.cpu: T0 : 0x1471c    : c_ldsp s5, 8(sp)           : MemRead :  D=0x0000000000072000 A=0x7ffffffffffffcf8
 568000: system.cpu: T0 : 0x1471e    : c_ldsp s6, 0(sp)           : MemRead :  D=0x0000000000072000 A=0x7ffffffffffffcf0
 568500: system.cpu: T0 : 0x14720    : c_addi16sp sp, 64          : IntAlu :  D=0x7ffffffffffffd30
 569000: system.cpu: T0 : 0x14722    : c_jr ra                    : IntAlu : 
 570000: system.cpu: T0 : 0x22872    : jal ra, 99838              : IntAlu :  D=0x0000000000022876
 570500: system.cpu: T0 : 0x3ae70    : c_addi16sp sp, -64         : IntAlu :  D=0x7ffffffffffffcf0
 571000: system.cpu: T0 : 0x3ae72    : c_sdsp ra, 56(sp)          : MemWrite :  D=0x0000000000022876 A=0x7ffffffffffffd28
 571500: system.cpu: T0 : 0x3ae74    : c_sdsp s0, 48(sp)          : MemWrite :  D=0x000000000006ef80 A=0x7ffffffffffffd20
 572000: system.cpu: T0 : 0x3ae76    : c_sdsp s2, 32(sp)          : MemWrite :  D=0x0000000000072000 A=0x7ffffffffffffd10
 572500: system.cpu: T0 : 0x3ae78    : c_sdsp s3, 24(sp)          : MemWrite :  D=0x0000000000072000 A=0x7ffffffffffffd08
 573000: system.cpu: T0 : 0x3ae7a    : c_addi4spn s0, sp, 64      : IntAlu :  D=0x7ffffffffffffd30
 573500: system.cpu: T0 : 0x3ae7c    : c_sdsp s1, 40(sp)          : MemWrite :  D=0x000000000006fe60 A=0x7ffffffffffffd18
 574000: system.cpu: T0 : 0x3ae7e    : c_sdsp s4, 16(sp)          : MemWrite :  D=0x0000000000070000 A=0x7ffffffffffffd00
 574500: system.cpu: T0 : 0x3ae80    : c_sdsp s5, 8(sp)           : MemWrite :  D=0x0000000000072000 A=0x7ffffffffffffcf8
 575500: system.cpu: T0 : 0x3ae82    : lui a5, 114                : IntAlu :  D=0x0000000000072000
 576500: system.cpu: T0 : 0x3ae86    : ld a1, -544(a5)            : MemRead :  D=0x0000000000000000 A=0x71de0
 577500: system.cpu: T0 : 0x3ae8a    : lui a5, 114                : IntAlu :  D=0x0000000000072000
 578000: system.cpu: T0 : 0x3ae8e    : c_mv s2, a0                : IntAlu :  D=0x0000000000000000
 578500: system.cpu: T0 : 0x3ae90    : lui s3, 111                : IntAlu :  D=0x000000000006f000
 579000: system.cpu: T0 : 0x3ae94    : ld a0, -496(a5)            : MemRead :  D=0x0000000000000000 A=0x71e10
 579500: system.cpu: T0 : 0x3ae98    : addi s3, s3, -64           : IntAlu :  D=0x000000000006efc0
 580000: system.cpu: T0 : 0x3ae9c    : addi a3, s3, 8             : IntAlu :  D=0x000000000006efc8
 580500: system.cpu: T0 : 0x3aea0    : addi a2, s3, 16            : IntAlu :  D=0x000000000006efd0
 581000: system.cpu: T0 : 0x3aea4    : jal ra, 9754               : IntAlu :  D=0x000000000003aea8
 581500: system.cpu: T0 : 0x3d4be    : c_addi16sp sp, -192        : IntAlu :  D=0x7ffffffffffffc30
 582000: system.cpu: T0 : 0x3d4c0    : c_sdsp s0, 176(sp)         : MemWrite :  D=0x7ffffffffffffd30 A=0x7ffffffffffffce0
 582500: system.cpu: T0 : 0x3d4c2    : c_sdsp s3, 152(sp)         : MemWrite :  D=0x000000000006efc0 A=0x7ffffffffffffcc8
 583000: system.cpu: T0 : 0x3d4c4    : c_addi4spn s0, sp, 192     : IntAlu :  D=0x7ffffffffffffcf0
 583500: system.cpu: T0 : 0x3d4c6    : c_sdsp s4, 144(sp)         : MemWrite :  D=0x0000000000070000 A=0x7ffffffffffffcc0
 584000: system.cpu: T0 : 0x3d4c8    : c_sdsp s9, 104(sp)         : MemWrite :  D=0x0000000000000000 A=0x7ffffffffffffc98
 584500: system.cpu: T0 : 0x3d4ca    : c_sdsp s11, 88(sp)         : MemWrite :  D=0x0000000000000000 A=0x7ffffffffffffc88
 585000: system.cpu: T0 : 0x3d4cc    : c_sdsp ra, 184(sp)         : MemWrite :  D=0x000000000003aea8 A=0x7ffffffffffffce8
 585500: system.cpu: T0 : 0x3d4ce    : c_sdsp s1, 168(sp)         : MemWrite :  D=0x000000000006fe60 A=0x7ffffffffffffcd8
 586000: system.cpu: T0 : 0x3d4d0    : c_sdsp s2, 160(sp)         : MemWrite :  D=0x0000000000000000 A=0x7ffffffffffffcd0
 586500: system.cpu: T0 : 0x3d4d2    : c_sdsp s5, 136(sp)         : MemWrite :  D=0x0000000000072000 A=0x7ffffffffffffcb8
 587000: system.cpu: T0 : 0x3d4d4    : c_sdsp s6, 128(sp)         : MemWrite :  D=0x0000000000072000 A=0x7ffffffffffffcb0
 587500: system.cpu: T0 : 0x3d4d6    : c_sdsp s7, 120(sp)         : MemWrite :  D=0x0000000000000000 A=0x7ffffffffffffca8
 588000: system.cpu: T0 : 0x3d4d8    : c_sdsp s8, 112(sp)         : MemWrite :  D=0x0000000000000000 A=0x7ffffffffffffca0
 588500: system.cpu: T0 : 0x3d4da    : c_sdsp s10, 96(sp)         : MemWrite :  D=0x0000000000000000 A=0x7ffffffffffffc90
 589000: system.cpu: T0 : 0x3d4dc    : c_mv a5, a2                : IntAlu :  D=0x000000000006efd0
 589500: system.cpu: T0 : 0x3d4de    : c_mv a4, a1                : IntAlu :  D=0x0000000000000000
 590000: system.cpu: T0 : 0x3d4e0    : c_mv s4, a0                : IntAlu :  D=0x0000000000000000
 590500: system.cpu: T0 : 0x3d4e2    : c_li a2, 0                 : IntAlu :  D=0x0000000000000000
 591000: system.cpu: T0 : 0x3d4e4    : addi a1, s0, -120          : IntAlu :  D=0x7ffffffffffffc78
 591500: system.cpu: T0 : 0x3d4e8    : c_li a0, 8                 : IntAlu :  D=0x0000000000000008
 592500: system.cpu: T0 : 0x3d4ea    : sd a5, -136(s0)            : MemWrite :  D=0x000000000006efd0 A=0x7ffffffffffffc68
 593500: system.cpu: T0 : 0x3d4ee    : sd a3, -160(s0)            : MemWrite :  D=0x000000000006efc8 A=0x7ffffffffffffc50
 594500: system.cpu: T0 : 0x3d4f2    : sd a4, -144(s0)            : MemWrite :  D=0x0000000000000000 A=0x7ffffffffffffc60
 595500: system.cpu: T0 : 0x3d4f6    : jal ra, -111428            : IntAlu :  D=0x000000000003d4fa
 596000: system.cpu: T0 : 0x221b2    : c_slli a0, 32              : IntAlu :  D=0x0000000800000000
 596500: system.cpu: T0 : 0x221b4    : c_srli a0, 32              : IntAlu :  D=0x0000000000000008
 597500: system.cpu: T0 : 0x221b6    : slli a5, a0, 3             : IntAlu :  D=0x0000000000000040
 598000: system.cpu: T0 : 0x221ba    : c_sub a5, a0               : IntAlu :  D=0x0000000000000038
 598500: system.cpu: T0 : 0x221bc    : lui a4, 111                : IntAlu :  D=0x000000000006f000
 599000: system.cpu: T0 : 0x221c0    : addi a4, a4, -1248         : IntAlu :  D=0x000000000006eb20
 599500: system.cpu: T0 : 0x221c4    : c_slli a5, 3               : IntAlu :  D=0x00000000000001c0
 600000: system.cpu: T0 : 0x221c6    : c_add a5, a4               : IntAlu :  D=0x000000000006ece0
 600500: system.cpu: T0 : 0x221c8    : c_lw a3, 8(a5)             : MemRead :  D=0x0000000000000001 A=0x6ece8
 601000: system.cpu: T0 : 0x221ca    : c_li a6, 2                 : IntAlu :  D=0x0000000000000002
 601500: system.cpu: T0 : 0x221cc    : c_ld a5, 32(a5)            : MemRead :  D=0x0000000000000000 A=0x6ed00
 602500: system.cpu: T0 : 0x221ce    : bltu a6, a3, 42            : IntAlu : 
 603000: system.cpu: T0 : 0x221d2    : c_bnez a3, 38              : IntAlu : 
 603500: system.cpu: T0 : 0x221f8    : c_sd a5, 0(a1)             : MemWrite :  D=0x0000000000000000 A=0x7ffffffffffffc78
 604000: system.cpu: T0 : 0x221fa    : c_j -36                    : IntAlu : 
 605000: system.cpu: T0 : 0x221d6    : slli a5, a0, 3             : IntAlu :  D=0x0000000000000040
 605500: system.cpu: T0 : 0x221da    : c_sub a5, a0               : IntAlu :  D=0x0000000000000038
 606000: system.cpu: T0 : 0x221dc    : c_slli a5, 3               : IntAlu :  D=0x00000000000001c0
 607000: system.cpu: T0 : 0x221de    : add a3, a4, a5             : IntAlu :  D=0x000000000006ece0
 608000: system.cpu: T0 : 0x221e2    : lbu a3, 40(a3)             : MemRead :  D=0x0000000000000000 A=0x6ed08
 608500: system.cpu: T0 : 0x221e6    : c_beqz a3, 16              : IntAlu : 
 609000: system.cpu: T0 : 0x221f6    : c_jr ra                    : IntAlu : 
 610000: system.cpu: T0 : 0x3d4fa    : ld s11, -120(s0)           : MemRead :  D=0x0000000000000000 A=0x7ffffffffffffc78
 611000: system.cpu: T0 : 0x3d4fe    : ld s9, -1328(gp)           : MemRead :  D=0x0000000000000000 A=0x70af8
 612000: system.cpu: T0 : 0x3d502    : sltu a3, zero, s4          : IntAlu :  D=0x0000000000000000
 613000: system.cpu: T0 : 0x3d506    : and s3, s9, s11            : IntAlu :  D=0x0000000000000000
 614000: system.cpu: T0 : 0x3d50a    : beq s3, zero, 1250         : IntAlu : 
 614500: system.cpu: T0 : 0x3d9ec    : addi s2, a3, 1             : IntAlu :  D=0x0000000000000001
 615000: system.cpu: T0 : 0x3d9f0    : c_j -1210                  : IntAlu : 
 616000: system.cpu: T0 : 0x3d536    : lui a5, 114                : IntAlu :  D=0x0000000000072000
 617000: system.cpu: T0 : 0x3d53a    : ld s5, -480(a5)            : MemRead :  D=0x0000000000000000 A=0x71e20
 618000: system.cpu: T0 : 0x3d53e    : beq s5, zero, 444          : IntAlu : 
 619000: system.cpu: T0 : 0x3d6fa    : slli a5, s2, 4             : IntAlu :  D=0x0000000000000010
 620000: system.cpu: T0 : 0x3d6fe    : sub sp, sp, a5             : IntAlu :  D=0x7ffffffffffffc20
 620500: system.cpu: T0 : 0x3d702    : c_mv a3, sp                : IntAlu :  D=0x7ffffffffffffc20
 621000: system.cpu: T0 : 0x3d704    : c_mv s1, a3                : IntAlu :  D=0x7ffffffffffffc20
 621500: system.cpu: T0 : 0x3d706    : c_li a1, 1                 : IntAlu :  D=0x0000000000000001
 622000: system.cpu: T0 : 0x3d708    : c_li s9, 0                 : IntAlu :  D=0x0000000000000000
 623000: system.cpu: T0 : 0x3d70a    : bne s3, zero, -118         : IntAlu : 
 624000: system.cpu: T0 : 0x3d70e    : beq s4, zero, 24           : IntAlu : 
 625000: system.cpu: T0 : 0x3d726    : lui a5, 98                 : IntAlu :  D=0x0000000000062000
 626000: system.cpu: T0 : 0x3d72a    : addi a5, a5, -688          : IntAlu :  D=0x0000000000061d50
 626500: system.cpu: T0 : 0x3d72e    : c_sd a5, 0(a3)             : MemWrite :  D=0x0000000000061d50 A=0x7ffffffffffffc20
 627000: system.cpu: T0 : 0x3d730    : c_li a5, 3                 : IntAlu :  D=0x0000000000000003
 627500: system.cpu: T0 : 0x3d732    : c_sd a5, 8(a3)             : MemWrite :  D=0x0000000000000003 A=0x7ffffffffffffc28
 628000: system.cpu: T0 : 0x3d734    : bne s2, a1, 706            : IntAlu : 
 628500: system.cpu: T0 : 0x3d738    : c_li a5, 1                 : IntAlu :  D=0x0000000000000001
 629500: system.cpu: T0 : 0x3d73a    : ld s9, 8(s1)               : MemRead :  D=0x0000000000000003 A=0x7ffffffffffffc28
 630500: system.cpu: T0 : 0x3d73e    : beq s2, a5, 542            : IntAlu : 
 631000: system.cpu: T0 : 0x3d95c    : ld a5, -136(s0)            : MemRead :  D=0x000000000006efd0 A=0x7ffffffffffffc68
 631500: system.cpu: T0 : 0x3d960    : c_li s2, 2                 : IntAlu :  D=0x0000000000000002
 632500: system.cpu: T0 : 0x3d962    : addi a0, s9, 33            : IntAlu :  D=0x0000000000000024
 633500: system.cpu: T0 : 0x3d966    : sd s2, 0(a5)               : MemWrite :  D=0x0000000000000002 A=0x6efd0
 634500: system.cpu: T0 : 0x3d96a    : jal ra, -131280            : IntAlu :  D=0x000000000003d96e
 635500: system.cpu: T0 : 0x1d89a    : ld t1, -1848(gp)           : MemRead :  D=0x000000000001da98 A=0x708f0
 636500: system.cpu: T0 : 0x1d89e    : bne t1, zero, 260          : IntAlu : 
 637000: system.cpu: T0 : 0x1d9a2    : c_mv a1, ra                : IntAlu :  D=0x000000000003d96e
 637500: system.cpu: T0 : 0x1d9a4    : c_jr t1                    : IntAlu : 
 638000: system.cpu: T0 : 0x1da98    : lw a5, -1876(gp)           : MemRead :  D=0xffffffffffffffff A=0x708d4
 638500: system.cpu: T0 : 0x1da9c    : sd zero, -1848(gp)         : MemWrite :  D=0x0000000000000000 A=0x708f0
 639000: system.cpu: T0 : 0x1daa0    : blt a5, zero, 6            : IntAlu : 
 639500: system.cpu: T0 : 0x1daa6    : c_addi sp, -32             : IntAlu :  D=0x7ffffffffffffc00
 640000: system.cpu: T0 : 0x1daa8    : c_sdsp ra, 24(sp)          : MemWrite :  D=0x000000000003d96e A=0x7ffffffffffffc18
 640500: system.cpu: T0 : 0x1daaa    : c_sdsp a0, 8(sp)           : MemWrite :  D=0x0000000000000024 A=0x7ffffffffffffc08
 641000: system.cpu: T0 : 0x1daac    : jal ra, -11948             : IntAlu :  D=0x000000000001dab0
 641500: system.cpu: T0 : 0x1ac00    : c_addi16sp sp, -48         : IntAlu :  D=0x7ffffffffffffbd0
 642000: system.cpu: T0 : 0x1ac02    : c_sdsp s1, 24(sp)          : MemWrite :  D=0x7ffffffffffffc20 A=0x7ffffffffffffbe8
 642500: system.cpu: T0 : 0x1ac04    : lui s1, 111                : IntAlu :  D=0x000000000006f000
 643000: system.cpu: T0 : 0x1ac08    : ld a3, -1264(s1)           : MemRead :  D=0x776f442f2e2e0000 A=0x6eb10
 643500: system.cpu: T0 : 0x1ac0c    : lui a0, 111                : IntAlu :  D=0x000000000006f000
 644000: system.cpu: T0 : 0x1ac10    : addi a4, a0, 1480          : IntAlu :  D=0x000000000006f5c8
 644500: system.cpu: T0 : 0x1ac14    : c_sdsp ra, 40(sp)          : MemWrite :  D=0x000000000001dab0 A=0x7ffffffffffffbf8
 645000: system.cpu: T0 : 0x1ac16    : c_sdsp s0, 32(sp)          : MemWrite :  D=0x7ffffffffffffcf0 A=0x7ffffffffffffbf0
 645500: system.cpu: T0 : 0x1ac18    : addi a0, a0, 1480          : IntAlu :  D=0x000000000006f5c8
 646000: system.cpu: T0 : 0x1ac1c    : sd a4, 56(tp)              : MemWrite :  D=0x000000000006f5c8 A=0x72748
 646500: system.cpu: T0 : 0x1ac20    : c_sdsp a3, 8(sp)           : MemWrite :  D=0x776f442f2e2e0000 A=0x7ffffffffffffbd8
 647500: system.cpu: T0 : 0x1ac22    : sw zero, -1876(gp)         : MemWrite :  D=0x0000000000000000 A=0x708d4
 648500: system.cpu: T0 : 0x1ac26    : jal ra, -1026              : IntAlu :  D=0x000000000001ac2a
 649000: system.cpu: T0 : 0x1a824    : c_lui a4, 1                : IntAlu :  D=0x0000000000001000
 650000: system.cpu: T0 : 0x1a826    : addi a3, a0, 96            : IntAlu :  D=0x000000000006f628
 651000: system.cpu: T0 : 0x1a82a    : addi a4, a4, -1968         : IntAlu :  D=0x0000000000000850
 651500: system.cpu: T0 : 0x1a82e    : c_mv a5, a3                : IntAlu :  D=0x000000000006f628
 652000: system.cpu: T0 : 0x1a830    : c_add a4, a0               : IntAlu :  D=0x000000000006fe18
 652500: system.cpu: T0 : 0x1a832    : c_sd a5, 24(a5)            : MemWrite :  D=0x000000000006f628 A=0x6f640
 653000: system.cpu: T0 : 0x1a834    : c_sd a5, 16(a5)            : MemWrite :  D=0x000000000006f628 A=0x6f638
 653500: system.cpu: T0 : 0x1a836    : c_addi a5, 16              : IntAlu :  D=0x000000000006f638
 654000: system.cpu: T0 : 0x1a838    : bne a4, a5, -6             : IntAlu : 
 654500: system.cpu: T0 : 0x1a832    : c_sd a5, 24(a5)            : MemWrite :  D=0x000000000006f638 A=0x6f650
 655000: system.cpu: T0 : 0x1a834    : c_sd a5, 16(a5)            : MemWrite :  D=0x000000000006f638 A=0x6f648
 655500: system.cpu: T0 : 0x1a836    : c_addi a5, 16              : IntAlu :  D=0x000000000006f648
 656000: system.cpu: T0 : 0x1a838    : bne a4, a5, -6             : IntAlu : 
 656500: system.cpu: T0 : 0x1a832    : c_sd a5, 24(a5)            : MemWrite :  D=0x000000000006f648 A=0x6f660
 657000: system.cpu: T0 : 0x1a834    : c_sd a5, 16(a5)            : MemWrite :  D=0x000000000006f648 A=0x6f658
 657500: system.cpu: T0 : 0x1a836    : c_addi a5, 16              : IntAlu :  D=0x000000000006f658
 658000: system.cpu: T0 : 0x1a838    : bne a4, a5, -6             : IntAlu : 
 658500: system.cpu: T0 : 0x1a832    : c_sd a5, 24(a5)            : MemWrite :  D=0x000000000006f658 A=0x6f670
 659000: system.cpu: T0 : 0x1a834    : c_sd a5, 16(a5)            : MemWrite :  D=0x000000000006f658 A=0x6f668
 659500: system.cpu: T0 : 0x1a836    : c_addi a5, 16              : IntAlu :  D=0x000000000006f668
 660000: system.cpu: T0 : 0x1a838    : bne a4, a5, -6             : IntAlu : 
 660500: system.cpu: T0 : 0x1a832    : c_sd a5, 24(a5)            : MemWrite :  D=0x000000000006f668 A=0x6f680
 661000: system.cpu: T0 : 0x1a834    : c_sd a5, 16(a5)            : MemWrite :  D=0x000000000006f668 A=0x6f678
 661500: system.cpu: T0 : 0x1a836    : c_addi a5, 16              : IntAlu :  D=0x000000000006f678
 662000: system.cpu: T0 : 0x1a838    : bne a4, a5, -6             : IntAlu : 
 662500: system.cpu: T0 : 0x1a832    : c_sd a5, 24(a5)            : MemWrite :  D=0x000000000006f678 A=0x6f690
 663000: system.cpu: T0 : 0x1a834    : c_sd a5, 16(a5)            : MemWrite :  D=0x000000000006f678 A=0x6f688
 663500: system.cpu: T0 : 0x1a836    : c_addi a5, 16              : IntAlu :  D=0x000000000006f688
 664000: system.cpu: T0 : 0x1a838    : bne a4, a5, -6             : IntAlu : 
 664500: system.cpu: T0 : 0x1a832    : c_sd a5, 24(a5)            : MemWrite :  D=0x000000000006f688 A=0x6f6a0
 665000: system.cpu: T0 : 0x1a834    : c_sd a5, 16(a5)            : MemWrite :  D=0x000000000006f688 A=0x6f698
 665500: system.cpu: T0 : 0x1a836    : c_addi a5, 16              : IntAlu :  D=0x000000000006f698
 666000: system.cpu: T0 : 0x1a838    : bne a4, a5, -6             : IntAlu : 
 666500: system.cpu: T0 : 0x1a832    : c_sd a5, 24(a5)            : MemWrite :  D=0x000000000006f698 A=0x6f6b0
 667000: system.cpu: T0 : 0x1a834    : c_sd a5, 16(a5)            : MemWrite :  D=0x000000000006f698 A=0x6f6a8
 667500: system.cpu: T0 : 0x1a836    : c_addi a5, 16              : IntAlu :  D=0x000000000006f6a8
 668000: system.cpu: T0 : 0x1a838    : bne a4, a5, -6             : IntAlu : 
 668500: system.cpu: T0 : 0x1a832    : c_sd a5, 24(a5)            : MemWrite :  D=0x000000000006f6a8 A=0x6f6c0
 669000: system.cpu: T0 : 0x1a834    : c_sd a5, 16(a5)            : MemWrite :  D=0x000000000006f6a8 A=0x6f6b8
 669500: system.cpu: T0 : 0x1a836    : c_addi a5, 16              : IntAlu :  D=0x000000000006f6b8
 670000: system.cpu: T0 : 0x1a838    : bne a4, a5, -6             : IntAlu : 
 670500: system.cpu: T0 : 0x1a832    : c_sd a5, 24(a5)            : MemWrite :  D=0x000000000006f6b8 A=0x6f6d0
 671000: system.cpu: T0 : 0x1a834    : c_sd a5, 16(a5)            : MemWrite :  D=0x000000000006f6b8 A=0x6f6c8
 671500: system.cpu: T0 : 0x1a836    : c_addi a5, 16              : IntAlu :  D=0x000000000006f6c8
 672000: system.cpu: T0 : 0x1a838    : bne a4, a5, -6             : IntAlu : 
 672500: system.cpu: T0 : 0x1a832    : c_sd a5, 24(a5)            : MemWrite :  D=0x000000000006f6c8 A=0x6f6e0
 673000: system.cpu: T0 : 0x1a834    : c_sd a5, 16(a5)            : MemWrite :  D=0x000000000006f6c8 A=0x6f6d8
 673500: system.cpu: T0 : 0x1a836    : c_addi a5, 16              : IntAlu :  D=0x000000000006f6d8
 674000: system.cpu: T0 : 0x1a838    : bne a4, a5, -6             : IntAlu : 
 674500: system.cpu: T0 : 0x1a832    : c_sd a5, 24(a5)            : MemWrite :  D=0x000000000006f6d8 A=0x6f6f0
 675000: system.cpu: T0 : 0x1a834    : c_sd a5, 16(a5)            : MemWrite :  D=0x000000000006f6d8 A=0x6f6e8
 675500: system.cpu: T0 : 0x1a836    : c_addi a5, 16              : IntAlu :  D=0x000000000006f6e8
 676000: system.cpu: T0 : 0x1a838    : bne a4, a5, -6             : IntAlu : 
 676500: system.cpu: T0 : 0x1a832    : c_sd a5, 24(a5)            : MemWrite :  D=0x000000000006f6e8 A=0x6f700
 677000: system.cpu: T0 : 0x1a834    : c_sd a5, 16(a5)            : MemWrite :  D=0x000000000006f6e8 A=0x6f6f8
 677500: system.cpu: T0 : 0x1a836    : c_addi a5, 16              : IntAlu :  D=0x000000000006f6f8
 678000: system.cpu: T0 : 0x1a838    : bne a4, a5, -6             : IntAlu : 
 678500: system.cpu: T0 : 0x1a832    : c_sd a5, 24(a5)            : MemWrite :  D=0x000000000006f6f8 A=0x6f710
 679000: system.cpu: T0 : 0x1a834    : c_sd a5, 16(a5)            : MemWrite :  D=0x000000000006f6f8 A=0x6f708
 679500: system.cpu: T0 : 0x1a836    : c_addi a5, 16              : IntAlu :  D=0x000000000006f708
 680000: system.cpu: T0 : 0x1a838    : bne a4, a5, -6             : IntAlu : 
 680500: system.cpu: T0 : 0x1a832    : c_sd a5, 24(a5)            : MemWrite :  D=0x000000000006f708 A=0x6f720
 681000: system.cpu: T0 : 0x1a834    : c_sd a5, 16(a5)            : MemWrite :  D=0x000000000006f708 A=0x6f718
 681500: system.cpu: T0 : 0x1a836    : c_addi a5, 16              : IntAlu :  D=0x000000000006f718
 682000: system.cpu: T0 : 0x1a838    : bne a4, a5, -6             : IntAlu : 
 682500: system.cpu: T0 : 0x1a832    : c_sd a5, 24(a5)            : MemWrite :  D=0x000000000006f718 A=0x6f730
 683000: system.cpu: T0 : 0x1a834    : c_sd a5, 16(a5)            : MemWrite :  D=0x000000000006f718 A=0x6f728
 683500: system.cpu: T0 : 0x1a836    : c_addi a5, 16              : IntAlu :  D=0x000000000006f728
 684000: system.cpu: T0 : 0x1a838    : bne a4, a5, -6             : IntAlu : 
 684500: system.cpu: T0 : 0x1a832    : c_sd a5, 24(a5)            : MemWrite :  D=0x000000000006f728 A=0x6f740
 685000: system.cpu: T0 : 0x1a834    : c_sd a5, 16(a5)            : MemWrite :  D=0x000000000006f728 A=0x6f738
 685500: system.cpu: T0 : 0x1a836    : c_addi a5, 16              : IntAlu :  D=0x000000000006f738
 686000: system.cpu: T0 : 0x1a838    : bne a4, a5, -6             : IntAlu : 
 686500: system.cpu: T0 : 0x1a832    : c_sd a5, 24(a5)            : MemWrite :  D=0x000000000006f738 A=0x6f750
 687000: system.cpu: T0 : 0x1a834    : c_sd a5, 16(a5)            : MemWrite :  D=0x000000000006f738 A=0x6f748
 687500: system.cpu: T0 : 0x1a836    : c_addi a5, 16              : IntAlu :  D=0x000000000006f748
 688000: system.cpu: T0 : 0x1a838    : bne a4, a5, -6             : IntAlu : 
 688500: system.cpu: T0 : 0x1a832    : c_sd a5, 24(a5)            : MemWrite :  D=0x000000000006f748 A=0x6f760
 689000: system.cpu: T0 : 0x1a834    : c_sd a5, 16(a5)            : MemWrite :  D=0x000000000006f748 A=0x6f758
 689500: system.cpu: T0 : 0x1a836    : c_addi a5, 16              : IntAlu :  D=0x000000000006f758
 690000: system.cpu: T0 : 0x1a838    : bne a4, a5, -6             : IntAlu : 
 690500: system.cpu: T0 : 0x1a832    : c_sd a5, 24(a5)            : MemWrite :  D=0x000000000006f758 A=0x6f770
 691000: system.cpu: T0 : 0x1a834    : c_sd a5, 16(a5)            : MemWrite :  D=0x000000000006f758 A=0x6f768
 691500: system.cpu: T0 : 0x1a836    : c_addi a5, 16              : IntAlu :  D=0x000000000006f768
 692000: system.cpu: T0 : 0x1a838    : bne a4, a5, -6             : IntAlu : 
 692500: system.cpu: T0 : 0x1a832    : c_sd a5, 24(a5)            : MemWrite :  D=0x000000000006f768 A=0x6f780
 693000: system.cpu: T0 : 0x1a834    : c_sd a5, 16(a5)            : MemWrite :  D=0x000000000006f768 A=0x6f778
 693500: system.cpu: T0 : 0x1a836    : c_addi a5, 16              : IntAlu :  D=0x000000000006f778
 694000: system.cpu: T0 : 0x1a838    : bne a4, a5, -6             : IntAlu : 
 694500: system.cpu: T0 : 0x1a832    : c_sd a5, 24(a5)            : MemWrite :  D=0x000000000006f778 A=0x6f790
 695000: system.cpu: T0 : 0x1a834    : c_sd a5, 16(a5)            : MemWrite :  D=0x000000000006f778 A=0x6f788
 695500: system.cpu: T0 : 0x1a836    : c_addi a5, 16              : IntAlu :  D=0x000000000006f788
 696000: system.cpu: T0 : 0x1a838    : bne a4, a5, -6             : IntAlu : 
 696500: system.cpu: T0 : 0x1a832    : c_sd a5, 24(a5)            : MemWrite :  D=0x000000000006f788 A=0x6f7a0
 697000: system.cpu: T0 : 0x1a834    : c_sd a5, 16(a5)            : MemWrite :  D=0x000000000006f788 A=0x6f798
 697500: system.cpu: T0 : 0x1a836    : c_addi a5, 16              : IntAlu :  D=0x000000000006f798
 698000: system.cpu: T0 : 0x1a838    : bne a4, a5, -6             : IntAlu : 
 698500: system.cpu: T0 : 0x1a832    : c_sd a5, 24(a5)            : MemWrite :  D=0x000000000006f798 A=0x6f7b0
 699000: system.cpu: T0 : 0x1a834    : c_sd a5, 16(a5)            : MemWrite :  D=0x000000000006f798 A=0x6f7a8
 699500: system.cpu: T0 : 0x1a836    : c_addi a5, 16              : IntAlu :  D=0x000000000006f7a8
 700000: system.cpu: T0 : 0x1a838    : bne a4, a5, -6             : IntAlu : 
 700500: system.cpu: T0 : 0x1a832    : c_sd a5, 24(a5)            : MemWrite :  D=0x000000000006f7a8 A=0x6f7c0
 701000: system.cpu: T0 : 0x1a834    : c_sd a5, 16(a5)            : MemWrite :  D=0x000000000006f7a8 A=0x6f7b8
 701500: system.cpu: T0 : 0x1a836    : c_addi a5, 16              : IntAlu :  D=0x000000000006f7b8
 702000: system.cpu: T0 : 0x1a838    : bne a4, a5, -6             : IntAlu : 
 702500: system.cpu: T0 : 0x1a832    : c_sd a5, 24(a5)            : MemWrite :  D=0x000000000006f7b8 A=0x6f7d0
 703000: system.cpu: T0 : 0x1a834    : c_sd a5, 16(a5)            : MemWrite :  D=0x000000000006f7b8 A=0x6f7c8
 703500: system.cpu: T0 : 0x1a836    : c_addi a5, 16              : IntAlu :  D=0x000000000006f7c8
 704000: system.cpu: T0 : 0x1a838    : bne a4, a5, -6             : IntAlu : 
 704500: system.cpu: T0 : 0x1a832    : c_sd a5, 24(a5)            : MemWrite :  D=0x000000000006f7c8 A=0x6f7e0
 705000: system.cpu: T0 : 0x1a834    : c_sd a5, 16(a5)            : MemWrite :  D=0x000000000006f7c8 A=0x6f7d8
 705500: system.cpu: T0 : 0x1a836    : c_addi a5, 16              : IntAlu :  D=0x000000000006f7d8
 706000: system.cpu: T0 : 0x1a838    : bne a4, a5, -6             : IntAlu : 
 706500: system.cpu: T0 : 0x1a832    : c_sd a5, 24(a5)            : MemWrite :  D=0x000000000006f7d8 A=0x6f7f0
 707000: system.cpu: T0 : 0x1a834    : c_sd a5, 16(a5)            : MemWrite :  D=0x000000000006f7d8 A=0x6f7e8
 707500: system.cpu: T0 : 0x1a836    : c_addi a5, 16              : IntAlu :  D=0x000000000006f7e8
 708000: system.cpu: T0 : 0x1a838    : bne a4, a5, -6             : IntAlu : 
 708500: system.cpu: T0 : 0x1a832    : c_sd a5, 24(a5)            : MemWrite :  D=0x000000000006f7e8 A=0x6f800
 709000: system.cpu: T0 : 0x1a834    : c_sd a5, 16(a5)            : MemWrite :  D=0x000000000006f7e8 A=0x6f7f8
 709500: system.cpu: T0 : 0x1a836    : c_addi a5, 16              : IntAlu :  D=0x000000000006f7f8
 710000: system.cpu: T0 : 0x1a838    : bne a4, a5, -6             : IntAlu : 
 710500: system.cpu: T0 : 0x1a832    : c_sd a5, 24(a5)            : MemWrite :  D=0x000000000006f7f8 A=0x6f810
 711000: system.cpu: T0 : 0x1a834    : c_sd a5, 16(a5)            : MemWrite :  D=0x000000000006f7f8 A=0x6f808
 711500: system.cpu: T0 : 0x1a836    : c_addi a5, 16              : IntAlu :  D=0x000000000006f808
 712000: system.cpu: T0 : 0x1a838    : bne a4, a5, -6             : IntAlu : 
 712500: system.cpu: T0 : 0x1a832    : c_sd a5, 24(a5)            : MemWrite :  D=0x000000000006f808 A=0x6f820
 713000: system.cpu: T0 : 0x1a834    : c_sd a5, 16(a5)            : MemWrite :  D=0x000000000006f808 A=0x6f818
 713500: system.cpu: T0 : 0x1a836    : c_addi a5, 16              : IntAlu :  D=0x000000000006f818
 714000: system.cpu: T0 : 0x1a838    : bne a4, a5, -6             : IntAlu : 
 714500: system.cpu: T0 : 0x1a832    : c_sd a5, 24(a5)            : MemWrite :  D=0x000000000006f818 A=0x6f830
 715000: system.cpu: T0 : 0x1a834    : c_sd a5, 16(a5)            : MemWrite :  D=0x000000000006f818 A=0x6f828
 715500: system.cpu: T0 : 0x1a836    : c_addi a5, 16              : IntAlu :  D=0x000000000006f828
 716000: system.cpu: T0 : 0x1a838    : bne a4, a5, -6             : IntAlu : 
 716500: system.cpu: T0 : 0x1a832    : c_sd a5, 24(a5)            : MemWrite :  D=0x000000000006f828 A=0x6f840
 717000: system.cpu: T0 : 0x1a834    : c_sd a5, 16(a5)            : MemWrite :  D=0x000000000006f828 A=0x6f838
 717500: system.cpu: T0 : 0x1a836    : c_addi a5, 16              : IntAlu :  D=0x000000000006f838
 718000: system.cpu: T0 : 0x1a838    : bne a4, a5, -6             : IntAlu : 
 718500: system.cpu: T0 : 0x1a832    : c_sd a5, 24(a5)            : MemWrite :  D=0x000000000006f838 A=0x6f850
 719000: system.cpu: T0 : 0x1a834    : c_sd a5, 16(a5)            : MemWrite :  D=0x000000000006f838 A=0x6f848
 719500: system.cpu: T0 : 0x1a836    : c_addi a5, 16              : IntAlu :  D=0x000000000006f848
 720000: system.cpu: T0 : 0x1a838    : bne a4, a5, -6             : IntAlu : 
 720500: system.cpu: T0 : 0x1a832    : c_sd a5, 24(a5)            : MemWrite :  D=0x000000000006f848 A=0x6f860
 721000: system.cpu: T0 : 0x1a834    : c_sd a5, 16(a5)            : MemWrite :  D=0x000000000006f848 A=0x6f858
 721500: system.cpu: T0 : 0x1a836    : c_addi a5, 16              : IntAlu :  D=0x000000000006f858
 722000: system.cpu: T0 : 0x1a838    : bne a4, a5, -6             : IntAlu : 
 722500: system.cpu: T0 : 0x1a832    : c_sd a5, 24(a5)            : MemWrite :  D=0x000000000006f858 A=0x6f870
 723000: system.cpu: T0 : 0x1a834    : c_sd a5, 16(a5)            : MemWrite :  D=0x000000000006f858 A=0x6f868
 723500: system.cpu: T0 : 0x1a836    : c_addi a5, 16              : IntAlu :  D=0x000000000006f868
 724000: system.cpu: T0 : 0x1a838    : bne a4, a5, -6             : IntAlu : 
 724500: system.cpu: T0 : 0x1a832    : c_sd a5, 24(a5)            : MemWrite :  D=0x000000000006f868 A=0x6f880
 725000: system.cpu: T0 : 0x1a834    : c_sd a5, 16(a5)            : MemWrite :  D=0x000000000006f868 A=0x6f878
 725500: system.cpu: T0 : 0x1a836    : c_addi a5, 16              : IntAlu :  D=0x000000000006f878
 726000: system.cpu: T0 : 0x1a838    : bne a4, a5, -6             : IntAlu : 
 726500: system.cpu: T0 : 0x1a832    : c_sd a5, 24(a5)            : MemWrite :  D=0x000000000006f878 A=0x6f890
 727000: system.cpu: T0 : 0x1a834    : c_sd a5, 16(a5)            : MemWrite :  D=0x000000000006f878 A=0x6f888
 727500: system.cpu: T0 : 0x1a836    : c_addi a5, 16              : IntAlu :  D=0x000000000006f888
 728000: system.cpu: T0 : 0x1a838    : bne a4, a5, -6             : IntAlu : 
 728500: system.cpu: T0 : 0x1a832    : c_sd a5, 24(a5)            : MemWrite :  D=0x000000000006f888 A=0x6f8a0
 729000: system.cpu: T0 : 0x1a834    : c_sd a5, 16(a5)            : MemWrite :  D=0x000000000006f888 A=0x6f898
 729500: system.cpu: T0 : 0x1a836    : c_addi a5, 16              : IntAlu :  D=0x000000000006f898
 730000: system.cpu: T0 : 0x1a838    : bne a4, a5, -6             : IntAlu : 
 730500: system.cpu: T0 : 0x1a832    : c_sd a5, 24(a5)            : MemWrite :  D=0x000000000006f898 A=0x6f8b0
 731000: system.cpu: T0 : 0x1a834    : c_sd a5, 16(a5)            : MemWrite :  D=0x000000000006f898 A=0x6f8a8
 731500: system.cpu: T0 : 0x1a836    : c_addi a5, 16              : IntAlu :  D=0x000000000006f8a8
 732000: system.cpu: T0 : 0x1a838    : bne a4, a5, -6             : IntAlu : 
 732500: system.cpu: T0 : 0x1a832    : c_sd a5, 24(a5)            : MemWrite :  D=0x000000000006f8a8 A=0x6f8c0
 733000: system.cpu: T0 : 0x1a834    : c_sd a5, 16(a5)            : MemWrite :  D=0x000000000006f8a8 A=0x6f8b8
 733500: system.cpu: T0 : 0x1a836    : c_addi a5, 16              : IntAlu :  D=0x000000000006f8b8
 734000: system.cpu: T0 : 0x1a838    : bne a4, a5, -6             : IntAlu : 
 734500: system.cpu: T0 : 0x1a832    : c_sd a5, 24(a5)            : MemWrite :  D=0x000000000006f8b8 A=0x6f8d0
 735000: system.cpu: T0 : 0x1a834    : c_sd a5, 16(a5)            : MemWrite :  D=0x000000000006f8b8 A=0x6f8c8
 735500: system.cpu: T0 : 0x1a836    : c_addi a5, 16              : IntAlu :  D=0x000000000006f8c8
 736000: system.cpu: T0 : 0x1a838    : bne a4, a5, -6             : IntAlu : 
 736500: system.cpu: T0 : 0x1a832    : c_sd a5, 24(a5)            : MemWrite :  D=0x000000000006f8c8 A=0x6f8e0
 737000: system.cpu: T0 : 0x1a834    : c_sd a5, 16(a5)            : MemWrite :  D=0x000000000006f8c8 A=0x6f8d8
 737500: system.cpu: T0 : 0x1a836    : c_addi a5, 16              : IntAlu :  D=0x000000000006f8d8
 738000: system.cpu: T0 : 0x1a838    : bne a4, a5, -6             : IntAlu : 
 738500: system.cpu: T0 : 0x1a832    : c_sd a5, 24(a5)            : MemWrite :  D=0x000000000006f8d8 A=0x6f8f0
 739000: system.cpu: T0 : 0x1a834    : c_sd a5, 16(a5)            : MemWrite :  D=0x000000000006f8d8 A=0x6f8e8
 739500: system.cpu: T0 : 0x1a836    : c_addi a5, 16              : IntAlu :  D=0x000000000006f8e8
 740000: system.cpu: T0 : 0x1a838    : bne a4, a5, -6             : IntAlu : 
 740500: system.cpu: T0 : 0x1a832    : c_sd a5, 24(a5)            : MemWrite :  D=0x000000000006f8e8 A=0x6f900
 741000: system.cpu: T0 : 0x1a834    : c_sd a5, 16(a5)            : MemWrite :  D=0x000000000006f8e8 A=0x6f8f8
 741500: system.cpu: T0 : 0x1a836    : c_addi a5, 16              : IntAlu :  D=0x000000000006f8f8
 742000: system.cpu: T0 : 0x1a838    : bne a4, a5, -6             : IntAlu : 
 742500: system.cpu: T0 : 0x1a832    : c_sd a5, 24(a5)            : MemWrite :  D=0x000000000006f8f8 A=0x6f910
 743000: system.cpu: T0 : 0x1a834    : c_sd a5, 16(a5)            : MemWrite :  D=0x000000000006f8f8 A=0x6f908
 743500: system.cpu: T0 : 0x1a836    : c_addi a5, 16              : IntAlu :  D=0x000000000006f908
 744000: system.cpu: T0 : 0x1a838    : bne a4, a5, -6             : IntAlu : 
 744500: system.cpu: T0 : 0x1a832    : c_sd a5, 24(a5)            : MemWrite :  D=0x000000000006f908 A=0x6f920
 745000: system.cpu: T0 : 0x1a834    : c_sd a5, 16(a5)            : MemWrite :  D=0x000000000006f908 A=0x6f918
 745500: system.cpu: T0 : 0x1a836    : c_addi a5, 16              : IntAlu :  D=0x000000000006f918
 746000: system.cpu: T0 : 0x1a838    : bne a4, a5, -6             : IntAlu : 
 746500: system.cpu: T0 : 0x1a832    : c_sd a5, 24(a5)            : MemWrite :  D=0x000000000006f918 A=0x6f930
 747000: system.cpu: T0 : 0x1a834    : c_sd a5, 16(a5)            : MemWrite :  D=0x000000000006f918 A=0x6f928
 747500: system.cpu: T0 : 0x1a836    : c_addi a5, 16              : IntAlu :  D=0x000000000006f928
 748000: system.cpu: T0 : 0x1a838    : bne a4, a5, -6             : IntAlu : 
 748500: system.cpu: T0 : 0x1a832    : c_sd a5, 24(a5)            : MemWrite :  D=0x000000000006f928 A=0x6f940
 749000: system.cpu: T0 : 0x1a834    : c_sd a5, 16(a5)            : MemWrite :  D=0x000000000006f928 A=0x6f938
 749500: system.cpu: T0 : 0x1a836    : c_addi a5, 16              : IntAlu :  D=0x000000000006f938
 750000: system.cpu: T0 : 0x1a838    : bne a4, a5, -6             : IntAlu : 
 750500: system.cpu: T0 : 0x1a832    : c_sd a5, 24(a5)            : MemWrite :  D=0x000000000006f938 A=0x6f950
 751000: system.cpu: T0 : 0x1a834    : c_sd a5, 16(a5)            : MemWrite :  D=0x000000000006f938 A=0x6f948
 751500: system.cpu: T0 : 0x1a836    : c_addi a5, 16              : IntAlu :  D=0x000000000006f948
 752000: system.cpu: T0 : 0x1a838    : bne a4, a5, -6             : IntAlu : 
 752500: system.cpu: T0 : 0x1a832    : c_sd a5, 24(a5)            : MemWrite :  D=0x000000000006f948 A=0x6f960
 753000: system.cpu: T0 : 0x1a834    : c_sd a5, 16(a5)            : MemWrite :  D=0x000000000006f948 A=0x6f958
 753500: system.cpu: T0 : 0x1a836    : c_addi a5, 16              : IntAlu :  D=0x000000000006f958
 754000: system.cpu: T0 : 0x1a838    : bne a4, a5, -6             : IntAlu : 
 754500: system.cpu: T0 : 0x1a832    : c_sd a5, 24(a5)            : MemWrite :  D=0x000000000006f958 A=0x6f970
 755000: system.cpu: T0 : 0x1a834    : c_sd a5, 16(a5)            : MemWrite :  D=0x000000000006f958 A=0x6f968
 755500: system.cpu: T0 : 0x1a836    : c_addi a5, 16              : IntAlu :  D=0x000000000006f968
 756000: system.cpu: T0 : 0x1a838    : bne a4, a5, -6             : IntAlu : 
 756500: system.cpu: T0 : 0x1a832    : c_sd a5, 24(a5)            : MemWrite :  D=0x000000000006f968 A=0x6f980
 757000: system.cpu: T0 : 0x1a834    : c_sd a5, 16(a5)            : MemWrite :  D=0x000000000006f968 A=0x6f978
 757500: system.cpu: T0 : 0x1a836    : c_addi a5, 16              : IntAlu :  D=0x000000000006f978
 758000: system.cpu: T0 : 0x1a838    : bne a4, a5, -6             : IntAlu : 
 758500: system.cpu: T0 : 0x1a832    : c_sd a5, 24(a5)            : MemWrite :  D=0x000000000006f978 A=0x6f990
 759000: system.cpu: T0 : 0x1a834    : c_sd a5, 16(a5)            : MemWrite :  D=0x000000000006f978 A=0x6f988
 759500: system.cpu: T0 : 0x1a836    : c_addi a5, 16              : IntAlu :  D=0x000000000006f988
 760000: system.cpu: T0 : 0x1a838    : bne a4, a5, -6             : IntAlu : 
 760500: system.cpu: T0 : 0x1a832    : c_sd a5, 24(a5)            : MemWrite :  D=0x000000000006f988 A=0x6f9a0
 761000: system.cpu: T0 : 0x1a834    : c_sd a5, 16(a5)            : MemWrite :  D=0x000000000006f988 A=0x6f998
 761500: system.cpu: T0 : 0x1a836    : c_addi a5, 16              : IntAlu :  D=0x000000000006f998
 762000: system.cpu: T0 : 0x1a838    : bne a4, a5, -6             : IntAlu : 
 762500: system.cpu: T0 : 0x1a832    : c_sd a5, 24(a5)            : MemWrite :  D=0x000000000006f998 A=0x6f9b0
 763000: system.cpu: T0 : 0x1a834    : c_sd a5, 16(a5)            : MemWrite :  D=0x000000000006f998 A=0x6f9a8
 763500: system.cpu: T0 : 0x1a836    : c_addi a5, 16              : IntAlu :  D=0x000000000006f9a8
 764000: system.cpu: T0 : 0x1a838    : bne a4, a5, -6             : IntAlu : 
 764500: system.cpu: T0 : 0x1a832    : c_sd a5, 24(a5)            : MemWrite :  D=0x000000000006f9a8 A=0x6f9c0
 765000: system.cpu: T0 : 0x1a834    : c_sd a5, 16(a5)            : MemWrite :  D=0x000000000006f9a8 A=0x6f9b8
 765500: system.cpu: T0 : 0x1a836    : c_addi a5, 16              : IntAlu :  D=0x000000000006f9b8
 766000: system.cpu: T0 : 0x1a838    : bne a4, a5, -6             : IntAlu : 
 766500: system.cpu: T0 : 0x1a832    : c_sd a5, 24(a5)            : MemWrite :  D=0x000000000006f9b8 A=0x6f9d0
 767000: system.cpu: T0 : 0x1a834    : c_sd a5, 16(a5)            : MemWrite :  D=0x000000000006f9b8 A=0x6f9c8
 767500: system.cpu: T0 : 0x1a836    : c_addi a5, 16              : IntAlu :  D=0x000000000006f9c8
 768000: system.cpu: T0 : 0x1a838    : bne a4, a5, -6             : IntAlu : 
 768500: system.cpu: T0 : 0x1a832    : c_sd a5, 24(a5)            : MemWrite :  D=0x000000000006f9c8 A=0x6f9e0
 769000: system.cpu: T0 : 0x1a834    : c_sd a5, 16(a5)            : MemWrite :  D=0x000000000006f9c8 A=0x6f9d8
 769500: system.cpu: T0 : 0x1a836    : c_addi a5, 16              : IntAlu :  D=0x000000000006f9d8
 770000: system.cpu: T0 : 0x1a838    : bne a4, a5, -6             : IntAlu : 
 770500: system.cpu: T0 : 0x1a832    : c_sd a5, 24(a5)            : MemWrite :  D=0x000000000006f9d8 A=0x6f9f0
 771000: system.cpu: T0 : 0x1a834    : c_sd a5, 16(a5)            : MemWrite :  D=0x000000000006f9d8 A=0x6f9e8
 771500: system.cpu: T0 : 0x1a836    : c_addi a5, 16              : IntAlu :  D=0x000000000006f9e8
 772000: system.cpu: T0 : 0x1a838    : bne a4, a5, -6             : IntAlu : 
 772500: system.cpu: T0 : 0x1a832    : c_sd a5, 24(a5)            : MemWrite :  D=0x000000000006f9e8 A=0x6fa00
 773000: system.cpu: T0 : 0x1a834    : c_sd a5, 16(a5)            : MemWrite :  D=0x000000000006f9e8 A=0x6f9f8
 773500: system.cpu: T0 : 0x1a836    : c_addi a5, 16              : IntAlu :  D=0x000000000006f9f8
 774000: system.cpu: T0 : 0x1a838    : bne a4, a5, -6             : IntAlu : 
 774500: system.cpu: T0 : 0x1a832    : c_sd a5, 24(a5)            : MemWrite :  D=0x000000000006f9f8 A=0x6fa10
 775000: system.cpu: T0 : 0x1a834    : c_sd a5, 16(a5)            : MemWrite :  D=0x000000000006f9f8 A=0x6fa08
 775500: system.cpu: T0 : 0x1a836    : c_addi a5, 16              : IntAlu :  D=0x000000000006fa08
 776000: system.cpu: T0 : 0x1a838    : bne a4, a5, -6             : IntAlu : 
 776500: system.cpu: T0 : 0x1a832    : c_sd a5, 24(a5)            : MemWrite :  D=0x000000000006fa08 A=0x6fa20
 777000: system.cpu: T0 : 0x1a834    : c_sd a5, 16(a5)            : MemWrite :  D=0x000000000006fa08 A=0x6fa18
 777500: system.cpu: T0 : 0x1a836    : c_addi a5, 16              : IntAlu :  D=0x000000000006fa18
 778000: system.cpu: T0 : 0x1a838    : bne a4, a5, -6             : IntAlu : 
 778500: system.cpu: T0 : 0x1a832    : c_sd a5, 24(a5)            : MemWrite :  D=0x000000000006fa18 A=0x6fa30
 779000: system.cpu: T0 : 0x1a834    : c_sd a5, 16(a5)            : MemWrite :  D=0x000000000006fa18 A=0x6fa28
 779500: system.cpu: T0 : 0x1a836    : c_addi a5, 16              : IntAlu :  D=0x000000000006fa28
 780000: system.cpu: T0 : 0x1a838    : bne a4, a5, -6             : IntAlu : 
 780500: system.cpu: T0 : 0x1a832    : c_sd a5, 24(a5)            : MemWrite :  D=0x000000000006fa28 A=0x6fa40
 781000: system.cpu: T0 : 0x1a834    : c_sd a5, 16(a5)            : MemWrite :  D=0x000000000006fa28 A=0x6fa38
 781500: system.cpu: T0 : 0x1a836    : c_addi a5, 16              : IntAlu :  D=0x000000000006fa38
 782000: system.cpu: T0 : 0x1a838    : bne a4, a5, -6             : IntAlu : 
 782500: system.cpu: T0 : 0x1a832    : c_sd a5, 24(a5)            : MemWrite :  D=0x000000000006fa38 A=0x6fa50
 783000: system.cpu: T0 : 0x1a834    : c_sd a5, 16(a5)            : MemWrite :  D=0x000000000006fa38 A=0x6fa48
 783500: system.cpu: T0 : 0x1a836    : c_addi a5, 16              : IntAlu :  D=0x000000000006fa48
 784000: system.cpu: T0 : 0x1a838    : bne a4, a5, -6             : IntAlu : 
 784500: system.cpu: T0 : 0x1a832    : c_sd a5, 24(a5)            : MemWrite :  D=0x000000000006fa48 A=0x6fa60
 785000: system.cpu: T0 : 0x1a834    : c_sd a5, 16(a5)            : MemWrite :  D=0x000000000006fa48 A=0x6fa58
 785500: system.cpu: T0 : 0x1a836    : c_addi a5, 16              : IntAlu :  D=0x000000000006fa58
 786000: system.cpu: T0 : 0x1a838    : bne a4, a5, -6             : IntAlu : 
 786500: system.cpu: T0 : 0x1a832    : c_sd a5, 24(a5)            : MemWrite :  D=0x000000000006fa58 A=0x6fa70
 787000: system.cpu: T0 : 0x1a834    : c_sd a5, 16(a5)            : MemWrite :  D=0x000000000006fa58 A=0x6fa68
 787500: system.cpu: T0 : 0x1a836    : c_addi a5, 16              : IntAlu :  D=0x000000000006fa68
 788000: system.cpu: T0 : 0x1a838    : bne a4, a5, -6             : IntAlu : 
 788500: system.cpu: T0 : 0x1a832    : c_sd a5, 24(a5)            : MemWrite :  D=0x000000000006fa68 A=0x6fa80
 789000: system.cpu: T0 : 0x1a834    : c_sd a5, 16(a5)            : MemWrite :  D=0x000000000006fa68 A=0x6fa78
 789500: system.cpu: T0 : 0x1a836    : c_addi a5, 16              : IntAlu :  D=0x000000000006fa78
 790000: system.cpu: T0 : 0x1a838    : bne a4, a5, -6             : IntAlu : 
 790500: system.cpu: T0 : 0x1a832    : c_sd a5, 24(a5)            : MemWrite :  D=0x000000000006fa78 A=0x6fa90
 791000: system.cpu: T0 : 0x1a834    : c_sd a5, 16(a5)            : MemWrite :  D=0x000000000006fa78 A=0x6fa88
 791500: system.cpu: T0 : 0x1a836    : c_addi a5, 16              : IntAlu :  D=0x000000000006fa88
 792000: system.cpu: T0 : 0x1a838    : bne a4, a5, -6             : IntAlu : 
 792500: system.cpu: T0 : 0x1a832    : c_sd a5, 24(a5)            : MemWrite :  D=0x000000000006fa88 A=0x6faa0
 793000: system.cpu: T0 : 0x1a834    : c_sd a5, 16(a5)            : MemWrite :  D=0x000000000006fa88 A=0x6fa98
 793500: system.cpu: T0 : 0x1a836    : c_addi a5, 16              : IntAlu :  D=0x000000000006fa98
 794000: system.cpu: T0 : 0x1a838    : bne a4, a5, -6             : IntAlu : 
 794500: system.cpu: T0 : 0x1a832    : c_sd a5, 24(a5)            : MemWrite :  D=0x000000000006fa98 A=0x6fab0
 795000: system.cpu: T0 : 0x1a834    : c_sd a5, 16(a5)            : MemWrite :  D=0x000000000006fa98 A=0x6faa8
 795500: system.cpu: T0 : 0x1a836    : c_addi a5, 16              : IntAlu :  D=0x000000000006faa8
 796000: system.cpu: T0 : 0x1a838    : bne a4, a5, -6             : IntAlu : 
 796500: system.cpu: T0 : 0x1a832    : c_sd a5, 24(a5)            : MemWrite :  D=0x000000000006faa8 A=0x6fac0
 797000: system.cpu: T0 : 0x1a834    : c_sd a5, 16(a5)            : MemWrite :  D=0x000000000006faa8 A=0x6fab8
 797500: system.cpu: T0 : 0x1a836    : c_addi a5, 16              : IntAlu :  D=0x000000000006fab8
 798000: system.cpu: T0 : 0x1a838    : bne a4, a5, -6             : IntAlu : 
 798500: system.cpu: T0 : 0x1a832    : c_sd a5, 24(a5)            : MemWrite :  D=0x000000000006fab8 A=0x6fad0
 799000: system.cpu: T0 : 0x1a834    : c_sd a5, 16(a5)            : MemWrite :  D=0x000000000006fab8 A=0x6fac8
 799500: system.cpu: T0 : 0x1a836    : c_addi a5, 16              : IntAlu :  D=0x000000000006fac8
 800000: system.cpu: T0 : 0x1a838    : bne a4, a5, -6             : IntAlu : 
 800500: system.cpu: T0 : 0x1a832    : c_sd a5, 24(a5)            : MemWrite :  D=0x000000000006fac8 A=0x6fae0
 801000: system.cpu: T0 : 0x1a834    : c_sd a5, 16(a5)            : MemWrite :  D=0x000000000006fac8 A=0x6fad8
 801500: system.cpu: T0 : 0x1a836    : c_addi a5, 16              : IntAlu :  D=0x000000000006fad8
 802000: system.cpu: T0 : 0x1a838    : bne a4, a5, -6             : IntAlu : 
 802500: system.cpu: T0 : 0x1a832    : c_sd a5, 24(a5)            : MemWrite :  D=0x000000000006fad8 A=0x6faf0
 803000: system.cpu: T0 : 0x1a834    : c_sd a5, 16(a5)            : MemWrite :  D=0x000000000006fad8 A=0x6fae8
 803500: system.cpu: T0 : 0x1a836    : c_addi a5, 16              : IntAlu :  D=0x000000000006fae8
 804000: system.cpu: T0 : 0x1a838    : bne a4, a5, -6             : IntAlu : 
 804500: system.cpu: T0 : 0x1a832    : c_sd a5, 24(a5)            : MemWrite :  D=0x000000000006fae8 A=0x6fb00
 805000: system.cpu: T0 : 0x1a834    : c_sd a5, 16(a5)            : MemWrite :  D=0x000000000006fae8 A=0x6faf8
 805500: system.cpu: T0 : 0x1a836    : c_addi a5, 16              : IntAlu :  D=0x000000000006faf8
 806000: system.cpu: T0 : 0x1a838    : bne a4, a5, -6             : IntAlu : 
 806500: system.cpu: T0 : 0x1a832    : c_sd a5, 24(a5)            : MemWrite :  D=0x000000000006faf8 A=0x6fb10
 807000: system.cpu: T0 : 0x1a834    : c_sd a5, 16(a5)            : MemWrite :  D=0x000000000006faf8 A=0x6fb08
 807500: system.cpu: T0 : 0x1a836    : c_addi a5, 16              : IntAlu :  D=0x000000000006fb08
 808000: system.cpu: T0 : 0x1a838    : bne a4, a5, -6             : IntAlu : 
 808500: system.cpu: T0 : 0x1a832    : c_sd a5, 24(a5)            : MemWrite :  D=0x000000000006fb08 A=0x6fb20
 809000: system.cpu: T0 : 0x1a834    : c_sd a5, 16(a5)            : MemWrite :  D=0x000000000006fb08 A=0x6fb18
 809500: system.cpu: T0 : 0x1a836    : c_addi a5, 16              : IntAlu :  D=0x000000000006fb18
 810000: system.cpu: T0 : 0x1a838    : bne a4, a5, -6             : IntAlu : 
 810500: system.cpu: T0 : 0x1a832    : c_sd a5, 24(a5)            : MemWrite :  D=0x000000000006fb18 A=0x6fb30
 811000: system.cpu: T0 : 0x1a834    : c_sd a5, 16(a5)            : MemWrite :  D=0x000000000006fb18 A=0x6fb28
 811500: system.cpu: T0 : 0x1a836    : c_addi a5, 16              : IntAlu :  D=0x000000000006fb28
 812000: system.cpu: T0 : 0x1a838    : bne a4, a5, -6             : IntAlu : 
 812500: system.cpu: T0 : 0x1a832    : c_sd a5, 24(a5)            : MemWrite :  D=0x000000000006fb28 A=0x6fb40
 813000: system.cpu: T0 : 0x1a834    : c_sd a5, 16(a5)            : MemWrite :  D=0x000000000006fb28 A=0x6fb38
 813500: system.cpu: T0 : 0x1a836    : c_addi a5, 16              : IntAlu :  D=0x000000000006fb38
 814000: system.cpu: T0 : 0x1a838    : bne a4, a5, -6             : IntAlu : 
 814500: system.cpu: T0 : 0x1a832    : c_sd a5, 24(a5)            : MemWrite :  D=0x000000000006fb38 A=0x6fb50
 815000: system.cpu: T0 : 0x1a834    : c_sd a5, 16(a5)            : MemWrite :  D=0x000000000006fb38 A=0x6fb48
 815500: system.cpu: T0 : 0x1a836    : c_addi a5, 16              : IntAlu :  D=0x000000000006fb48
 816000: system.cpu: T0 : 0x1a838    : bne a4, a5, -6             : IntAlu : 
 816500: system.cpu: T0 : 0x1a832    : c_sd a5, 24(a5)            : MemWrite :  D=0x000000000006fb48 A=0x6fb60
 817000: system.cpu: T0 : 0x1a834    : c_sd a5, 16(a5)            : MemWrite :  D=0x000000000006fb48 A=0x6fb58
 817500: system.cpu: T0 : 0x1a836    : c_addi a5, 16              : IntAlu :  D=0x000000000006fb58
 818000: system.cpu: T0 : 0x1a838    : bne a4, a5, -6             : IntAlu : 
 818500: system.cpu: T0 : 0x1a832    : c_sd a5, 24(a5)            : MemWrite :  D=0x000000000006fb58 A=0x6fb70
 819000: system.cpu: T0 : 0x1a834    : c_sd a5, 16(a5)            : MemWrite :  D=0x000000000006fb58 A=0x6fb68
 819500: system.cpu: T0 : 0x1a836    : c_addi a5, 16              : IntAlu :  D=0x000000000006fb68
 820000: system.cpu: T0 : 0x1a838    : bne a4, a5, -6             : IntAlu : 
 820500: system.cpu: T0 : 0x1a832    : c_sd a5, 24(a5)            : MemWrite :  D=0x000000000006fb68 A=0x6fb80
 821000: system.cpu: T0 : 0x1a834    : c_sd a5, 16(a5)            : MemWrite :  D=0x000000000006fb68 A=0x6fb78
 821500: system.cpu: T0 : 0x1a836    : c_addi a5, 16              : IntAlu :  D=0x000000000006fb78
 822000: system.cpu: T0 : 0x1a838    : bne a4, a5, -6             : IntAlu : 
 822500: system.cpu: T0 : 0x1a832    : c_sd a5, 24(a5)            : MemWrite :  D=0x000000000006fb78 A=0x6fb90
 823000: system.cpu: T0 : 0x1a834    : c_sd a5, 16(a5)            : MemWrite :  D=0x000000000006fb78 A=0x6fb88
 823500: system.cpu: T0 : 0x1a836    : c_addi a5, 16              : IntAlu :  D=0x000000000006fb88
 824000: system.cpu: T0 : 0x1a838    : bne a4, a5, -6             : IntAlu : 
 824500: system.cpu: T0 : 0x1a832    : c_sd a5, 24(a5)            : MemWrite :  D=0x000000000006fb88 A=0x6fba0
 825000: system.cpu: T0 : 0x1a834    : c_sd a5, 16(a5)            : MemWrite :  D=0x000000000006fb88 A=0x6fb98
 825500: system.cpu: T0 : 0x1a836    : c_addi a5, 16              : IntAlu :  D=0x000000000006fb98
 826000: system.cpu: T0 : 0x1a838    : bne a4, a5, -6             : IntAlu : 
 826500: system.cpu: T0 : 0x1a832    : c_sd a5, 24(a5)            : MemWrite :  D=0x000000000006fb98 A=0x6fbb0
 827000: system.cpu: T0 : 0x1a834    : c_sd a5, 16(a5)            : MemWrite :  D=0x000000000006fb98 A=0x6fba8
 827500: system.cpu: T0 : 0x1a836    : c_addi a5, 16              : IntAlu :  D=0x000000000006fba8
 828000: system.cpu: T0 : 0x1a838    : bne a4, a5, -6             : IntAlu : 
 828500: system.cpu: T0 : 0x1a832    : c_sd a5, 24(a5)            : MemWrite :  D=0x000000000006fba8 A=0x6fbc0
 829000: system.cpu: T0 : 0x1a834    : c_sd a5, 16(a5)            : MemWrite :  D=0x000000000006fba8 A=0x6fbb8
 829500: system.cpu: T0 : 0x1a836    : c_addi a5, 16              : IntAlu :  D=0x000000000006fbb8
 830000: system.cpu: T0 : 0x1a838    : bne a4, a5, -6             : IntAlu : 
 830500: system.cpu: T0 : 0x1a832    : c_sd a5, 24(a5)            : MemWrite :  D=0x000000000006fbb8 A=0x6fbd0
 831000: system.cpu: T0 : 0x1a834    : c_sd a5, 16(a5)            : MemWrite :  D=0x000000000006fbb8 A=0x6fbc8
 831500: system.cpu: T0 : 0x1a836    : c_addi a5, 16              : IntAlu :  D=0x000000000006fbc8
 832000: system.cpu: T0 : 0x1a838    : bne a4, a5, -6             : IntAlu : 
 832500: system.cpu: T0 : 0x1a832    : c_sd a5, 24(a5)            : MemWrite :  D=0x000000000006fbc8 A=0x6fbe0
 833000: system.cpu: T0 : 0x1a834    : c_sd a5, 16(a5)            : MemWrite :  D=0x000000000006fbc8 A=0x6fbd8
 833500: system.cpu: T0 : 0x1a836    : c_addi a5, 16              : IntAlu :  D=0x000000000006fbd8
 834000: system.cpu: T0 : 0x1a838    : bne a4, a5, -6             : IntAlu : 
 834500: system.cpu: T0 : 0x1a832    : c_sd a5, 24(a5)            : MemWrite :  D=0x000000000006fbd8 A=0x6fbf0
 835000: system.cpu: T0 : 0x1a834    : c_sd a5, 16(a5)            : MemWrite :  D=0x000000000006fbd8 A=0x6fbe8
 835500: system.cpu: T0 : 0x1a836    : c_addi a5, 16              : IntAlu :  D=0x000000000006fbe8
 836000: system.cpu: T0 : 0x1a838    : bne a4, a5, -6             : IntAlu : 
 836500: system.cpu: T0 : 0x1a832    : c_sd a5, 24(a5)            : MemWrite :  D=0x000000000006fbe8 A=0x6fc00
 837000: system.cpu: T0 : 0x1a834    : c_sd a5, 16(a5)            : MemWrite :  D=0x000000000006fbe8 A=0x6fbf8
 837500: system.cpu: T0 : 0x1a836    : c_addi a5, 16              : IntAlu :  D=0x000000000006fbf8
 838000: system.cpu: T0 : 0x1a838    : bne a4, a5, -6             : IntAlu : 
 838500: system.cpu: T0 : 0x1a832    : c_sd a5, 24(a5)            : MemWrite :  D=0x000000000006fbf8 A=0x6fc10
 839000: system.cpu: T0 : 0x1a834    : c_sd a5, 16(a5)            : MemWrite :  D=0x000000000006fbf8 A=0x6fc08
 839500: system.cpu: T0 : 0x1a836    : c_addi a5, 16              : IntAlu :  D=0x000000000006fc08
 840000: system.cpu: T0 : 0x1a838    : bne a4, a5, -6             : IntAlu : 
 840500: system.cpu: T0 : 0x1a832    : c_sd a5, 24(a5)            : MemWrite :  D=0x000000000006fc08 A=0x6fc20
 841000: system.cpu: T0 : 0x1a834    : c_sd a5, 16(a5)            : MemWrite :  D=0x000000000006fc08 A=0x6fc18
 841500: system.cpu: T0 : 0x1a836    : c_addi a5, 16              : IntAlu :  D=0x000000000006fc18
 842000: system.cpu: T0 : 0x1a838    : bne a4, a5, -6             : IntAlu : 
 842500: system.cpu: T0 : 0x1a832    : c_sd a5, 24(a5)            : MemWrite :  D=0x000000000006fc18 A=0x6fc30
 843000: system.cpu: T0 : 0x1a834    : c_sd a5, 16(a5)            : MemWrite :  D=0x000000000006fc18 A=0x6fc28
 843500: system.cpu: T0 : 0x1a836    : c_addi a5, 16              : IntAlu :  D=0x000000000006fc28
 844000: system.cpu: T0 : 0x1a838    : bne a4, a5, -6             : IntAlu : 
 844500: system.cpu: T0 : 0x1a832    : c_sd a5, 24(a5)            : MemWrite :  D=0x000000000006fc28 A=0x6fc40
 845000: system.cpu: T0 : 0x1a834    : c_sd a5, 16(a5)            : MemWrite :  D=0x000000000006fc28 A=0x6fc38
 845500: system.cpu: T0 : 0x1a836    : c_addi a5, 16              : IntAlu :  D=0x000000000006fc38
 846000: system.cpu: T0 : 0x1a838    : bne a4, a5, -6             : IntAlu : 
 846500: system.cpu: T0 : 0x1a832    : c_sd a5, 24(a5)            : MemWrite :  D=0x000000000006fc38 A=0x6fc50
 847000: system.cpu: T0 : 0x1a834    : c_sd a5, 16(a5)            : MemWrite :  D=0x000000000006fc38 A=0x6fc48
 847500: system.cpu: T0 : 0x1a836    : c_addi a5, 16              : IntAlu :  D=0x000000000006fc48
 848000: system.cpu: T0 : 0x1a838    : bne a4, a5, -6             : IntAlu : 
 848500: system.cpu: T0 : 0x1a832    : c_sd a5, 24(a5)            : MemWrite :  D=0x000000000006fc48 A=0x6fc60
 849000: system.cpu: T0 : 0x1a834    : c_sd a5, 16(a5)            : MemWrite :  D=0x000000000006fc48 A=0x6fc58
 849500: system.cpu: T0 : 0x1a836    : c_addi a5, 16              : IntAlu :  D=0x000000000006fc58
 850000: system.cpu: T0 : 0x1a838    : bne a4, a5, -6             : IntAlu : 
 850500: system.cpu: T0 : 0x1a832    : c_sd a5, 24(a5)            : MemWrite :  D=0x000000000006fc58 A=0x6fc70
 851000: system.cpu: T0 : 0x1a834    : c_sd a5, 16(a5)            : MemWrite :  D=0x000000000006fc58 A=0x6fc68
 851500: system.cpu: T0 : 0x1a836    : c_addi a5, 16              : IntAlu :  D=0x000000000006fc68
 852000: system.cpu: T0 : 0x1a838    : bne a4, a5, -6             : IntAlu : 
 852500: system.cpu: T0 : 0x1a832    : c_sd a5, 24(a5)            : MemWrite :  D=0x000000000006fc68 A=0x6fc80
 853000: system.cpu: T0 : 0x1a834    : c_sd a5, 16(a5)            : MemWrite :  D=0x000000000006fc68 A=0x6fc78
 853500: system.cpu: T0 : 0x1a836    : c_addi a5, 16              : IntAlu :  D=0x000000000006fc78
 854000: system.cpu: T0 : 0x1a838    : bne a4, a5, -6             : IntAlu : 
 854500: system.cpu: T0 : 0x1a832    : c_sd a5, 24(a5)            : MemWrite :  D=0x000000000006fc78 A=0x6fc90
 855000: system.cpu: T0 : 0x1a834    : c_sd a5, 16(a5)            : MemWrite :  D=0x000000000006fc78 A=0x6fc88
 855500: system.cpu: T0 : 0x1a836    : c_addi a5, 16              : IntAlu :  D=0x000000000006fc88
 856000: system.cpu: T0 : 0x1a838    : bne a4, a5, -6             : IntAlu : 
 856500: system.cpu: T0 : 0x1a832    : c_sd a5, 24(a5)            : MemWrite :  D=0x000000000006fc88 A=0x6fca0
 857000: system.cpu: T0 : 0x1a834    : c_sd a5, 16(a5)            : MemWrite :  D=0x000000000006fc88 A=0x6fc98
 857500: system.cpu: T0 : 0x1a836    : c_addi a5, 16              : IntAlu :  D=0x000000000006fc98
 858000: system.cpu: T0 : 0x1a838    : bne a4, a5, -6             : IntAlu : 
 858500: system.cpu: T0 : 0x1a832    : c_sd a5, 24(a5)            : MemWrite :  D=0x000000000006fc98 A=0x6fcb0
 859000: system.cpu: T0 : 0x1a834    : c_sd a5, 16(a5)            : MemWrite :  D=0x000000000006fc98 A=0x6fca8
 859500: system.cpu: T0 : 0x1a836    : c_addi a5, 16              : IntAlu :  D=0x000000000006fca8
 860000: system.cpu: T0 : 0x1a838    : bne a4, a5, -6             : IntAlu : 
 860500: system.cpu: T0 : 0x1a832    : c_sd a5, 24(a5)            : MemWrite :  D=0x000000000006fca8 A=0x6fcc0
 861000: system.cpu: T0 : 0x1a834    : c_sd a5, 16(a5)            : MemWrite :  D=0x000000000006fca8 A=0x6fcb8
 861500: system.cpu: T0 : 0x1a836    : c_addi a5, 16              : IntAlu :  D=0x000000000006fcb8
 862000: system.cpu: T0 : 0x1a838    : bne a4, a5, -6             : IntAlu : 
 862500: system.cpu: T0 : 0x1a832    : c_sd a5, 24(a5)            : MemWrite :  D=0x000000000006fcb8 A=0x6fcd0
 863000: system.cpu: T0 : 0x1a834    : c_sd a5, 16(a5)            : MemWrite :  D=0x000000000006fcb8 A=0x6fcc8
 863500: system.cpu: T0 : 0x1a836    : c_addi a5, 16              : IntAlu :  D=0x000000000006fcc8
 864000: system.cpu: T0 : 0x1a838    : bne a4, a5, -6             : IntAlu : 
 864500: system.cpu: T0 : 0x1a832    : c_sd a5, 24(a5)            : MemWrite :  D=0x000000000006fcc8 A=0x6fce0
 865000: system.cpu: T0 : 0x1a834    : c_sd a5, 16(a5)            : MemWrite :  D=0x000000000006fcc8 A=0x6fcd8
 865500: system.cpu: T0 : 0x1a836    : c_addi a5, 16              : IntAlu :  D=0x000000000006fcd8
 866000: system.cpu: T0 : 0x1a838    : bne a4, a5, -6             : IntAlu : 
 866500: system.cpu: T0 : 0x1a832    : c_sd a5, 24(a5)            : MemWrite :  D=0x000000000006fcd8 A=0x6fcf0
 867000: system.cpu: T0 : 0x1a834    : c_sd a5, 16(a5)            : MemWrite :  D=0x000000000006fcd8 A=0x6fce8
 867500: system.cpu: T0 : 0x1a836    : c_addi a5, 16              : IntAlu :  D=0x000000000006fce8
 868000: system.cpu: T0 : 0x1a838    : bne a4, a5, -6             : IntAlu : 
 868500: system.cpu: T0 : 0x1a832    : c_sd a5, 24(a5)            : MemWrite :  D=0x000000000006fce8 A=0x6fd00
 869000: system.cpu: T0 : 0x1a834    : c_sd a5, 16(a5)            : MemWrite :  D=0x000000000006fce8 A=0x6fcf8
 869500: system.cpu: T0 : 0x1a836    : c_addi a5, 16              : IntAlu :  D=0x000000000006fcf8
 870000: system.cpu: T0 : 0x1a838    : bne a4, a5, -6             : IntAlu : 
 870500: system.cpu: T0 : 0x1a832    : c_sd a5, 24(a5)            : MemWrite :  D=0x000000000006fcf8 A=0x6fd10
 871000: system.cpu: T0 : 0x1a834    : c_sd a5, 16(a5)            : MemWrite :  D=0x000000000006fcf8 A=0x6fd08
 871500: system.cpu: T0 : 0x1a836    : c_addi a5, 16              : IntAlu :  D=0x000000000006fd08
 872000: system.cpu: T0 : 0x1a838    : bne a4, a5, -6             : IntAlu : 
 872500: system.cpu: T0 : 0x1a832    : c_sd a5, 24(a5)            : MemWrite :  D=0x000000000006fd08 A=0x6fd20
 873000: system.cpu: T0 : 0x1a834    : c_sd a5, 16(a5)            : MemWrite :  D=0x000000000006fd08 A=0x6fd18
 873500: system.cpu: T0 : 0x1a836    : c_addi a5, 16              : IntAlu :  D=0x000000000006fd18
 874000: system.cpu: T0 : 0x1a838    : bne a4, a5, -6             : IntAlu : 
 874500: system.cpu: T0 : 0x1a832    : c_sd a5, 24(a5)            : MemWrite :  D=0x000000000006fd18 A=0x6fd30
 875000: system.cpu: T0 : 0x1a834    : c_sd a5, 16(a5)            : MemWrite :  D=0x000000000006fd18 A=0x6fd28
 875500: system.cpu: T0 : 0x1a836    : c_addi a5, 16              : IntAlu :  D=0x000000000006fd28
 876000: system.cpu: T0 : 0x1a838    : bne a4, a5, -6             : IntAlu : 
 876500: system.cpu: T0 : 0x1a832    : c_sd a5, 24(a5)            : MemWrite :  D=0x000000000006fd28 A=0x6fd40
 877000: system.cpu: T0 : 0x1a834    : c_sd a5, 16(a5)            : MemWrite :  D=0x000000000006fd28 A=0x6fd38
 877500: system.cpu: T0 : 0x1a836    : c_addi a5, 16              : IntAlu :  D=0x000000000006fd38
 878000: system.cpu: T0 : 0x1a838    : bne a4, a5, -6             : IntAlu : 
 878500: system.cpu: T0 : 0x1a832    : c_sd a5, 24(a5)            : MemWrite :  D=0x000000000006fd38 A=0x6fd50
 879000: system.cpu: T0 : 0x1a834    : c_sd a5, 16(a5)            : MemWrite :  D=0x000000000006fd38 A=0x6fd48
 879500: system.cpu: T0 : 0x1a836    : c_addi a5, 16              : IntAlu :  D=0x000000000006fd48
 880000: system.cpu: T0 : 0x1a838    : bne a4, a5, -6             : IntAlu : 
 880500: system.cpu: T0 : 0x1a832    : c_sd a5, 24(a5)            : MemWrite :  D=0x000000000006fd48 A=0x6fd60
 881000: system.cpu: T0 : 0x1a834    : c_sd a5, 16(a5)            : MemWrite :  D=0x000000000006fd48 A=0x6fd58
 881500: system.cpu: T0 : 0x1a836    : c_addi a5, 16              : IntAlu :  D=0x000000000006fd58
 882000: system.cpu: T0 : 0x1a838    : bne a4, a5, -6             : IntAlu : 
 882500: system.cpu: T0 : 0x1a832    : c_sd a5, 24(a5)            : MemWrite :  D=0x000000000006fd58 A=0x6fd70
 883000: system.cpu: T0 : 0x1a834    : c_sd a5, 16(a5)            : MemWrite :  D=0x000000000006fd58 A=0x6fd68
 883500: system.cpu: T0 : 0x1a836    : c_addi a5, 16              : IntAlu :  D=0x000000000006fd68
 884000: system.cpu: T0 : 0x1a838    : bne a4, a5, -6             : IntAlu : 
 884500: system.cpu: T0 : 0x1a832    : c_sd a5, 24(a5)            : MemWrite :  D=0x000000000006fd68 A=0x6fd80
 885000: system.cpu: T0 : 0x1a834    : c_sd a5, 16(a5)            : MemWrite :  D=0x000000000006fd68 A=0x6fd78
 885500: system.cpu: T0 : 0x1a836    : c_addi a5, 16              : IntAlu :  D=0x000000000006fd78
 886000: system.cpu: T0 : 0x1a838    : bne a4, a5, -6             : IntAlu : 
 886500: system.cpu: T0 : 0x1a832    : c_sd a5, 24(a5)            : MemWrite :  D=0x000000000006fd78 A=0x6fd90
 887000: system.cpu: T0 : 0x1a834    : c_sd a5, 16(a5)            : MemWrite :  D=0x000000000006fd78 A=0x6fd88
 887500: system.cpu: T0 : 0x1a836    : c_addi a5, 16              : IntAlu :  D=0x000000000006fd88
 888000: system.cpu: T0 : 0x1a838    : bne a4, a5, -6             : IntAlu : 
 888500: system.cpu: T0 : 0x1a832    : c_sd a5, 24(a5)            : MemWrite :  D=0x000000000006fd88 A=0x6fda0
 889000: system.cpu: T0 : 0x1a834    : c_sd a5, 16(a5)            : MemWrite :  D=0x000000000006fd88 A=0x6fd98
 889500: system.cpu: T0 : 0x1a836    : c_addi a5, 16              : IntAlu :  D=0x000000000006fd98
 890000: system.cpu: T0 : 0x1a838    : bne a4, a5, -6             : IntAlu : 
 890500: system.cpu: T0 : 0x1a832    : c_sd a5, 24(a5)            : MemWrite :  D=0x000000000006fd98 A=0x6fdb0
 891000: system.cpu: T0 : 0x1a834    : c_sd a5, 16(a5)            : MemWrite :  D=0x000000000006fd98 A=0x6fda8
 891500: system.cpu: T0 : 0x1a836    : c_addi a5, 16              : IntAlu :  D=0x000000000006fda8
 892000: system.cpu: T0 : 0x1a838    : bne a4, a5, -6             : IntAlu : 
 892500: system.cpu: T0 : 0x1a832    : c_sd a5, 24(a5)            : MemWrite :  D=0x000000000006fda8 A=0x6fdc0
 893000: system.cpu: T0 : 0x1a834    : c_sd a5, 16(a5)            : MemWrite :  D=0x000000000006fda8 A=0x6fdb8
 893500: system.cpu: T0 : 0x1a836    : c_addi a5, 16              : IntAlu :  D=0x000000000006fdb8
 894000: system.cpu: T0 : 0x1a838    : bne a4, a5, -6             : IntAlu : 
 894500: system.cpu: T0 : 0x1a832    : c_sd a5, 24(a5)            : MemWrite :  D=0x000000000006fdb8 A=0x6fdd0
 895000: system.cpu: T0 : 0x1a834    : c_sd a5, 16(a5)            : MemWrite :  D=0x000000000006fdb8 A=0x6fdc8
 895500: system.cpu: T0 : 0x1a836    : c_addi a5, 16              : IntAlu :  D=0x000000000006fdc8
 896000: system.cpu: T0 : 0x1a838    : bne a4, a5, -6             : IntAlu : 
 896500: system.cpu: T0 : 0x1a832    : c_sd a5, 24(a5)            : MemWrite :  D=0x000000000006fdc8 A=0x6fde0
 897000: system.cpu: T0 : 0x1a834    : c_sd a5, 16(a5)            : MemWrite :  D=0x000000000006fdc8 A=0x6fdd8
 897500: system.cpu: T0 : 0x1a836    : c_addi a5, 16              : IntAlu :  D=0x000000000006fdd8
 898000: system.cpu: T0 : 0x1a838    : bne a4, a5, -6             : IntAlu : 
 898500: system.cpu: T0 : 0x1a832    : c_sd a5, 24(a5)            : MemWrite :  D=0x000000000006fdd8 A=0x6fdf0
 899000: system.cpu: T0 : 0x1a834    : c_sd a5, 16(a5)            : MemWrite :  D=0x000000000006fdd8 A=0x6fde8
 899500: system.cpu: T0 : 0x1a836    : c_addi a5, 16              : IntAlu :  D=0x000000000006fde8
 900000: system.cpu: T0 : 0x1a838    : bne a4, a5, -6             : IntAlu : 
 900500: system.cpu: T0 : 0x1a832    : c_sd a5, 24(a5)            : MemWrite :  D=0x000000000006fde8 A=0x6fe00
 901000: system.cpu: T0 : 0x1a834    : c_sd a5, 16(a5)            : MemWrite :  D=0x000000000006fde8 A=0x6fdf8
 901500: system.cpu: T0 : 0x1a836    : c_addi a5, 16              : IntAlu :  D=0x000000000006fdf8
 902000: system.cpu: T0 : 0x1a838    : bne a4, a5, -6             : IntAlu : 
 902500: system.cpu: T0 : 0x1a832    : c_sd a5, 24(a5)            : MemWrite :  D=0x000000000006fdf8 A=0x6fe10
 903000: system.cpu: T0 : 0x1a834    : c_sd a5, 16(a5)            : MemWrite :  D=0x000000000006fdf8 A=0x6fe08
 903500: system.cpu: T0 : 0x1a836    : c_addi a5, 16              : IntAlu :  D=0x000000000006fe08
 904000: system.cpu: T0 : 0x1a838    : bne a4, a5, -6             : IntAlu : 
 904500: system.cpu: T0 : 0x1a832    : c_sd a5, 24(a5)            : MemWrite :  D=0x000000000006fe08 A=0x6fe20
 905000: system.cpu: T0 : 0x1a834    : c_sd a5, 16(a5)            : MemWrite :  D=0x000000000006fe08 A=0x6fe18
 905500: system.cpu: T0 : 0x1a836    : c_addi a5, 16              : IntAlu :  D=0x000000000006fe18
 906000: system.cpu: T0 : 0x1a838    : bne a4, a5, -6             : IntAlu : 
 906500: system.cpu: T0 : 0x1a83c    : lui a5, 111                : IntAlu :  D=0x000000000006f000
 907000: system.cpu: T0 : 0x1a840    : addi a5, a5, 1480          : IntAlu :  D=0x000000000006f5c8
 907500: system.cpu: T0 : 0x1a844    : beq a0, a5, 24             : IntAlu : 
 908000: system.cpu: T0 : 0x1a85c    : addi a4, zero, 128         : IntAlu :  D=0x0000000000000080
 908500: system.cpu: T0 : 0x1a860    : sd a4, -1376(gp)           : MemWrite :  D=0x0000000000000080 A=0x70ac8
 909000: system.cpu: T0 : 0x1a864    : addi a5, a0, 8             : IntAlu :  D=0x000000000006f5d0
 909500: system.cpu: T0 : 0x1a868    : amoswap_w zero, zero, (a5)
 909500: system.cpu: T0 : 0x1a868. 0 : amoswap_w[l] zero, zero, (a5) : MemRead :  D=0x0000000000000000 A=0x6f5d0
 910000: system.cpu: T0 : 0x1a86c    : c_sd a3, 96(a0)            : MemWrite :  D=0x000000000006f628 A=0x6f628
 910500: system.cpu: T0 : 0x1a86e    : c_jr ra                    : IntAlu : 
 911000: system.cpu: T0 : 0x1ac2a    : c_lui a2, 27               : IntAlu :  D=0x000000000001b000
 911500: system.cpu: T0 : 0x1ac2c    : addi a2, a2, 888           : IntAlu :  D=0x000000000001b378
 912000: system.cpu: T0 : 0x1ac30    : c_mv a1, sp                : IntAlu :  D=0x7ffffffffffffbd0
 912500: system.cpu: T0 : 0x1ac32    : c_li a0, 19                : IntAlu :  D=0x0000000000000013
 913000: system.cpu: T0 : 0x1ac34    : jal ra, 30078              : IntAlu :  D=0x000000000001ac38
 913500: system.cpu: T0 : 0x221b2    : c_slli a0, 32              : IntAlu :  D=0x0000001300000000
 914000: system.cpu: T0 : 0x221b4    : c_srli a0, 32              : IntAlu :  D=0x0000000000000013
 915000: system.cpu: T0 : 0x221b6    : slli a5, a0, 3             : IntAlu :  D=0x0000000000000098
 915500: system.cpu: T0 : 0x221ba    : c_sub a5, a0               : IntAlu :  D=0x0000000000000085
 916000: system.cpu: T0 : 0x221bc    : lui a4, 111                : IntAlu :  D=0x000000000006f000
 916500: system.cpu: T0 : 0x221c0    : addi a4, a4, -1248         : IntAlu :  D=0x000000000006eb20
 917000: system.cpu: T0 : 0x221c4    : c_slli a5, 3               : IntAlu :  D=0x0000000000000428
 917500: system.cpu: T0 : 0x221c6    : c_add a5, a4               : IntAlu :  D=0x000000000006ef48
 918000: system.cpu: T0 : 0x221c8    : c_lw a3, 8(a5)             : MemRead :  D=0x0000000000000000 A=0x6ef50
 918500: system.cpu: T0 : 0x221ca    : c_li a6, 2                 : IntAlu :  D=0x0000000000000002
 919000: system.cpu: T0 : 0x221cc    : c_ld a5, 32(a5)            : MemRead :  D=0x0000000000000000 A=0x6ef68
 920000: system.cpu: T0 : 0x221ce    : bltu a6, a3, 42            : IntAlu : 
 920500: system.cpu: T0 : 0x221d2    : c_bnez a3, 38              : IntAlu : 
 921000: system.cpu: T0 : 0x221d4    : c_sw a5, 0(a1)             : MemWrite :  D=0x0000000000000000 A=0x7ffffffffffffbd0
 922000: system.cpu: T0 : 0x221d6    : slli a5, a0, 3             : IntAlu :  D=0x0000000000000098
 922500: system.cpu: T0 : 0x221da    : c_sub a5, a0               : IntAlu :  D=0x0000000000000085
 923000: system.cpu: T0 : 0x221dc    : c_slli a5, 3               : IntAlu :  D=0x0000000000000428
 924000: system.cpu: T0 : 0x221de    : add a3, a4, a5             : IntAlu :  D=0x000000000006ef48
 925000: system.cpu: T0 : 0x221e2    : lbu a3, 40(a3)             : MemRead :  D=0x0000000000000000 A=0x6ef70
 925500: system.cpu: T0 : 0x221e6    : c_beqz a3, 16              : IntAlu : 
 926000: system.cpu: T0 : 0x221f6    : c_jr ra                    : IntAlu : 
 926500: system.cpu: T0 : 0x1ac38    : c_lui a2, 26               : IntAlu :  D=0x000000000001a000
 927500: system.cpu: T0 : 0x1ac3a    : addi a2, a2, 1212          : IntAlu :  D=0x000000000001a4bc
 928000: system.cpu: T0 : 0x1ac3e    : c_mv a1, sp                : IntAlu :  D=0x7ffffffffffffbd0
 928500: system.cpu: T0 : 0x1ac40    : c_li a0, 7                 : IntAlu :  D=0x0000000000000007
 929500: system.cpu: T0 : 0x1ac42    : jal ra, 30064              : IntAlu :  D=0x000000000001ac46
 930000: system.cpu: T0 : 0x221b2    : c_slli a0, 32              : IntAlu :  D=0x0000000700000000
 930500: system.cpu: T0 : 0x221b4    : c_srli a0, 32              : IntAlu :  D=0x0000000000000007
 931500: system.cpu: T0 : 0x221b6    : slli a5, a0, 3             : IntAlu :  D=0x0000000000000038
 932000: system.cpu: T0 : 0x221ba    : c_sub a5, a0               : IntAlu :  D=0x0000000000000031
 932500: system.cpu: T0 : 0x221bc    : lui a4, 111                : IntAlu :  D=0x000000000006f000
 933000: system.cpu: T0 : 0x221c0    : addi a4, a4, -1248         : IntAlu :  D=0x000000000006eb20
 933500: system.cpu: T0 : 0x221c4    : c_slli a5, 3               : IntAlu :  D=0x0000000000000188
 934000: system.cpu: T0 : 0x221c6    : c_add a5, a4               : IntAlu :  D=0x000000000006eca8
 934500: system.cpu: T0 : 0x221c8    : c_lw a3, 8(a5)             : MemRead :  D=0x0000000000000002 A=0x6ecb0
 935000: system.cpu: T0 : 0x221ca    : c_li a6, 2                 : IntAlu :  D=0x0000000000000002
 935500: system.cpu: T0 : 0x221cc    : c_ld a5, 32(a5)            : MemRead :  D=0x0000000000000000 A=0x6ecc8
 936500: system.cpu: T0 : 0x221ce    : bltu a6, a3, 42            : IntAlu : 
 937000: system.cpu: T0 : 0x221d2    : c_bnez a3, 38              : IntAlu : 
 937500: system.cpu: T0 : 0x221f8    : c_sd a5, 0(a1)             : MemWrite :  D=0x0000000000000000 A=0x7ffffffffffffbd0
 938000: system.cpu: T0 : 0x221fa    : c_j -36                    : IntAlu : 
 939000: system.cpu: T0 : 0x221d6    : slli a5, a0, 3             : IntAlu :  D=0x0000000000000038
 939500: system.cpu: T0 : 0x221da    : c_sub a5, a0               : IntAlu :  D=0x0000000000000031
 940000: system.cpu: T0 : 0x221dc    : c_slli a5, 3               : IntAlu :  D=0x0000000000000188
 941000: system.cpu: T0 : 0x221de    : add a3, a4, a5             : IntAlu :  D=0x000000000006eca8
 942000: system.cpu: T0 : 0x221e2    : lbu a3, 40(a3)             : MemRead :  D=0x0000000000000000 A=0x6ecd0
 942500: system.cpu: T0 : 0x221e6    : c_beqz a3, 16              : IntAlu : 
 943000: system.cpu: T0 : 0x221f6    : c_jr ra                    : IntAlu : 
 943500: system.cpu: T0 : 0x1ac46    : c_lui a2, 26               : IntAlu :  D=0x000000000001a000
 944000: system.cpu: T0 : 0x1ac48    : addi a2, a2, 1230          : IntAlu :  D=0x000000000001a4ce
 944500: system.cpu: T0 : 0x1ac4c    : c_mv a1, sp                : IntAlu :  D=0x7ffffffffffffbd0
 945000: system.cpu: T0 : 0x1ac4e    : c_li a0, 2                 : IntAlu :  D=0x0000000000000002
 945500: system.cpu: T0 : 0x1ac50    : jal ra, 30050              : IntAlu :  D=0x000000000001ac54
 946000: system.cpu: T0 : 0x221b2    : c_slli a0, 32              : IntAlu :  D=0x0000000200000000
 946500: system.cpu: T0 : 0x221b4    : c_srli a0, 32              : IntAlu :  D=0x0000000000000002
 947500: system.cpu: T0 : 0x221b6    : slli a5, a0, 3             : IntAlu :  D=0x0000000000000010
 948000: system.cpu: T0 : 0x221ba    : c_sub a5, a0               : IntAlu :  D=0x000000000000000e
 948500: system.cpu: T0 : 0x221bc    : lui a4, 111                : IntAlu :  D=0x000000000006f000
 949000: system.cpu: T0 : 0x221c0    : addi a4, a4, -1248         : IntAlu :  D=0x000000000006eb20
 949500: system.cpu: T0 : 0x221c4    : c_slli a5, 3               : IntAlu :  D=0x0000000000000070
 950000: system.cpu: T0 : 0x221c6    : c_add a5, a4               : IntAlu :  D=0x000000000006eb90
 950500: system.cpu: T0 : 0x221c8    : c_lw a3, 8(a5)             : MemRead :  D=0x0000000000000000 A=0x6eb98
 951000: system.cpu: T0 : 0x221ca    : c_li a6, 2                 : IntAlu :  D=0x0000000000000002
 951500: system.cpu: T0 : 0x221cc    : c_ld a5, 32(a5)            : MemRead :  D=0x0000000000000000 A=0x6ebb0
 952500: system.cpu: T0 : 0x221ce    : bltu a6, a3, 42            : IntAlu : 
 953000: system.cpu: T0 : 0x221d2    : c_bnez a3, 38              : IntAlu : 
 953500: system.cpu: T0 : 0x221d4    : c_sw a5, 0(a1)             : MemWrite :  D=0x0000000000000000 A=0x7ffffffffffffbd0
 954500: system.cpu: T0 : 0x221d6    : slli a5, a0, 3             : IntAlu :  D=0x0000000000000010
 955000: system.cpu: T0 : 0x221da    : c_sub a5, a0               : IntAlu :  D=0x000000000000000e
 955500: system.cpu: T0 : 0x221dc    : c_slli a5, 3               : IntAlu :  D=0x0000000000000070
 956500: system.cpu: T0 : 0x221de    : add a3, a4, a5             : IntAlu :  D=0x000000000006eb90
 957500: system.cpu: T0 : 0x221e2    : lbu a3, 40(a3)             : MemRead :  D=0x0000000000000000 A=0x6ebb8
 958000: system.cpu: T0 : 0x221e6    : c_beqz a3, 16              : IntAlu : 
 958500: system.cpu: T0 : 0x221f6    : c_jr ra                    : IntAlu : 
 959000: system.cpu: T0 : 0x1ac54    : c_lui a2, 26               : IntAlu :  D=0x000000000001a000
 960000: system.cpu: T0 : 0x1ac56    : addi a2, a2, 1166          : IntAlu :  D=0x000000000001a48e
 960500: system.cpu: T0 : 0x1ac5a    : c_mv a1, sp                : IntAlu :  D=0x7ffffffffffffbd0
 961000: system.cpu: T0 : 0x1ac5c    : c_li a0, 14                : IntAlu :  D=0x000000000000000e
 962000: system.cpu: T0 : 0x1ac5e    : jal ra, 30036              : IntAlu :  D=0x000000000001ac62
 962500: system.cpu: T0 : 0x221b2    : c_slli a0, 32              : IntAlu :  D=0x0000000e00000000
 963000: system.cpu: T0 : 0x221b4    : c_srli a0, 32              : IntAlu :  D=0x000000000000000e
 964000: system.cpu: T0 : 0x221b6    : slli a5, a0, 3             : IntAlu :  D=0x0000000000000070
 964500: system.cpu: T0 : 0x221ba    : c_sub a5, a0               : IntAlu :  D=0x0000000000000062
 965000: system.cpu: T0 : 0x221bc    : lui a4, 111                : IntAlu :  D=0x000000000006f000
 965500: system.cpu: T0 : 0x221c0    : addi a4, a4, -1248         : IntAlu :  D=0x000000000006eb20
 966000: system.cpu: T0 : 0x221c4    : c_slli a5, 3               : IntAlu :  D=0x0000000000000310
 966500: system.cpu: T0 : 0x221c6    : c_add a5, a4               : IntAlu :  D=0x000000000006ee30
 967000: system.cpu: T0 : 0x221c8    : c_lw a3, 8(a5)             : MemRead :  D=0x0000000000000002 A=0x6ee38
 967500: system.cpu: T0 : 0x221ca    : c_li a6, 2                 : IntAlu :  D=0x0000000000000002
 968000: system.cpu: T0 : 0x221cc    : c_ld a5, 32(a5)            : MemRead :  D=0x0000000000000000 A=0x6ee50
 969000: system.cpu: T0 : 0x221ce    : bltu a6, a3, 42            : IntAlu : 
 969500: system.cpu: T0 : 0x221d2    : c_bnez a3, 38              : IntAlu : 
 970000: system.cpu: T0 : 0x221f8    : c_sd a5, 0(a1)             : MemWrite :  D=0x0000000000000000 A=0x7ffffffffffffbd0
 970500: system.cpu: T0 : 0x221fa    : c_j -36                    : IntAlu : 
 971500: system.cpu: T0 : 0x221d6    : slli a5, a0, 3             : IntAlu :  D=0x0000000000000070
 972000: system.cpu: T0 : 0x221da    : c_sub a5, a0               : IntAlu :  D=0x0000000000000062
 972500: system.cpu: T0 : 0x221dc    : c_slli a5, 3               : IntAlu :  D=0x0000000000000310
 973500: system.cpu: T0 : 0x221de    : add a3, a4, a5             : IntAlu :  D=0x000000000006ee30
 974500: system.cpu: T0 : 0x221e2    : lbu a3, 40(a3)             : MemRead :  D=0x0000000000000000 A=0x6ee58
 975000: system.cpu: T0 : 0x221e6    : c_beqz a3, 16              : IntAlu : 
 975500: system.cpu: T0 : 0x221f6    : c_jr ra                    : IntAlu : 
 976000: system.cpu: T0 : 0x1ac62    : c_lui a2, 26               : IntAlu :  D=0x000000000001a000
 976500: system.cpu: T0 : 0x1ac64    : addi a2, a2, 1238          : IntAlu :  D=0x000000000001a4d6
 977000: system.cpu: T0 : 0x1ac68    : c_mv a1, sp                : IntAlu :  D=0x7ffffffffffffbd0
 977500: system.cpu: T0 : 0x1ac6a    : c_li a0, 1                 : IntAlu :  D=0x0000000000000001
 978000: system.cpu: T0 : 0x1ac6c    : jal ra, 30022              : IntAlu :  D=0x000000000001ac70
 978500: system.cpu: T0 : 0x221b2    : c_slli a0, 32              : IntAlu :  D=0x0000000100000000
 979000: system.cpu: T0 : 0x221b4    : c_srli a0, 32              : IntAlu :  D=0x0000000000000001
 980000: system.cpu: T0 : 0x221b6    : slli a5, a0, 3             : IntAlu :  D=0x0000000000000008
 980500: system.cpu: T0 : 0x221ba    : c_sub a5, a0               : IntAlu :  D=0x0000000000000007
 981000: system.cpu: T0 : 0x221bc    : lui a4, 111                : IntAlu :  D=0x000000000006f000
 981500: system.cpu: T0 : 0x221c0    : addi a4, a4, -1248         : IntAlu :  D=0x000000000006eb20
 982000: system.cpu: T0 : 0x221c4    : c_slli a5, 3               : IntAlu :  D=0x0000000000000038
 982500: system.cpu: T0 : 0x221c6    : c_add a5, a4               : IntAlu :  D=0x000000000006eb58
 983000: system.cpu: T0 : 0x221c8    : c_lw a3, 8(a5)             : MemRead :  D=0x0000000000000002 A=0x6eb60
 983500: system.cpu: T0 : 0x221ca    : c_li a6, 2                 : IntAlu :  D=0x0000000000000002
 984000: system.cpu: T0 : 0x221cc    : c_ld a5, 32(a5)            : MemRead :  D=0x0000000000000000 A=0x6eb78
 985000: system.cpu: T0 : 0x221ce    : bltu a6, a3, 42            : IntAlu : 
 985500: system.cpu: T0 : 0x221d2    : c_bnez a3, 38              : IntAlu : 
 986000: system.cpu: T0 : 0x221f8    : c_sd a5, 0(a1)             : MemWrite :  D=0x0000000000000000 A=0x7ffffffffffffbd0
 986500: system.cpu: T0 : 0x221fa    : c_j -36                    : IntAlu : 
 987500: system.cpu: T0 : 0x221d6    : slli a5, a0, 3             : IntAlu :  D=0x0000000000000008
 988000: system.cpu: T0 : 0x221da    : c_sub a5, a0               : IntAlu :  D=0x0000000000000007
 988500: system.cpu: T0 : 0x221dc    : c_slli a5, 3               : IntAlu :  D=0x0000000000000038
 989500: system.cpu: T0 : 0x221de    : add a3, a4, a5             : IntAlu :  D=0x000000000006eb58
 990500: system.cpu: T0 : 0x221e2    : lbu a3, 40(a3)             : MemRead :  D=0x0000000000000000 A=0x6eb80
 991000: system.cpu: T0 : 0x221e6    : c_beqz a3, 16              : IntAlu : 
 991500: system.cpu: T0 : 0x221f6    : c_jr ra                    : IntAlu : 
 992000: system.cpu: T0 : 0x1ac70    : c_lui a2, 26               : IntAlu :  D=0x000000000001a000
 993000: system.cpu: T0 : 0x1ac72    : addi a2, a2, 1194          : IntAlu :  D=0x000000000001a4aa
 993500: system.cpu: T0 : 0x1ac76    : c_mv a1, sp                : IntAlu :  D=0x7ffffffffffffbd0
 994000: system.cpu: T0 : 0x1ac78    : c_li a0, 9                 : IntAlu :  D=0x0000000000000009
 995000: system.cpu: T0 : 0x1ac7a    : jal ra, 30008              : IntAlu :  D=0x000000000001ac7e
 995500: system.cpu: T0 : 0x221b2    : c_slli a0, 32              : IntAlu :  D=0x0000000900000000
 996000: system.cpu: T0 : 0x221b4    : c_srli a0, 32              : IntAlu :  D=0x0000000000000009
 997000: system.cpu: T0 : 0x221b6    : slli a5, a0, 3             : IntAlu :  D=0x0000000000000048
 997500: system.cpu: T0 : 0x221ba    : c_sub a5, a0               : IntAlu :  D=0x000000000000003f
 998000: system.cpu: T0 : 0x221bc    : lui a4, 111                : IntAlu :  D=0x000000000006f000
 998500: system.cpu: T0 : 0x221c0    : addi a4, a4, -1248         : IntAlu :  D=0x000000000006eb20
 999000: system.cpu: T0 : 0x221c4    : c_slli a5, 3               : IntAlu :  D=0x00000000000001f8
 999500: system.cpu: T0 : 0x221c6    : c_add a5, a4               : IntAlu :  D=0x000000000006ed18
1000000: system.cpu: T0 : 0x221c8    : c_lw a3, 8(a5)             : MemRead :  D=0x0000000000000000 A=0x6ed20
1000500: system.cpu: T0 : 0x221ca    : c_li a6, 2                 : IntAlu :  D=0x0000000000000002
1001000: system.cpu: T0 : 0x221cc    : c_ld a5, 32(a5)            : MemRead :  D=0x0000000000000000 A=0x6ed38
1002000: system.cpu: T0 : 0x221ce    : bltu a6, a3, 42            : IntAlu : 
1002500: system.cpu: T0 : 0x221d2    : c_bnez a3, 38              : IntAlu : 
1003000: system.cpu: T0 : 0x221d4    : c_sw a5, 0(a1)             : MemWrite :  D=0x0000000000000000 A=0x7ffffffffffffbd0
1004000: system.cpu: T0 : 0x221d6    : slli a5, a0, 3             : IntAlu :  D=0x0000000000000048
1004500: system.cpu: T0 : 0x221da    : c_sub a5, a0               : IntAlu :  D=0x000000000000003f
1005000: system.cpu: T0 : 0x221dc    : c_slli a5, 3               : IntAlu :  D=0x00000000000001f8
1006000: system.cpu: T0 : 0x221de    : add a3, a4, a5             : IntAlu :  D=0x000000000006ed18
1007000: system.cpu: T0 : 0x221e2    : lbu a3, 40(a3)             : MemRead :  D=0x0000000000000000 A=0x6ed40
1007500: system.cpu: T0 : 0x221e6    : c_beqz a3, 16              : IntAlu : 
1008000: system.cpu: T0 : 0x221f6    : c_jr ra                    : IntAlu : 
1008500: system.cpu: T0 : 0x1ac7e    : c_lui a2, 26               : IntAlu :  D=0x000000000001a000
1009000: system.cpu: T0 : 0x1ac80    : addi a2, a2, 1256          : IntAlu :  D=0x000000000001a4e8
1009500: system.cpu: T0 : 0x1ac84    : c_mv a1, sp                : IntAlu :  D=0x7ffffffffffffbd0
1010000: system.cpu: T0 : 0x1ac86    : c_li a0, 13                : IntAlu :  D=0x000000000000000d
1010500: system.cpu: T0 : 0x1ac88    : jal ra, 29994              : IntAlu :  D=0x000000000001ac8c
1011000: system.cpu: T0 : 0x221b2    : c_slli a0, 32              : IntAlu :  D=0x0000000d00000000
1011500: system.cpu: T0 : 0x221b4    : c_srli a0, 32              : IntAlu :  D=0x000000000000000d
1012500: system.cpu: T0 : 0x221b6    : slli a5, a0, 3             : IntAlu :  D=0x0000000000000068
1013000: system.cpu: T0 : 0x221ba    : c_sub a5, a0               : IntAlu :  D=0x000000000000005b
1013500: system.cpu: T0 : 0x221bc    : lui a4, 111                : IntAlu :  D=0x000000000006f000
1014000: system.cpu: T0 : 0x221c0    : addi a4, a4, -1248         : IntAlu :  D=0x000000000006eb20
1014500: system.cpu: T0 : 0x221c4    : c_slli a5, 3               : IntAlu :  D=0x00000000000002d8
1015000: system.cpu: T0 : 0x221c6    : c_add a5, a4               : IntAlu :  D=0x000000000006edf8
1015500: system.cpu: T0 : 0x221c8    : c_lw a3, 8(a5)             : MemRead :  D=0x0000000000000002 A=0x6ee00
1016000: system.cpu: T0 : 0x221ca    : c_li a6, 2                 : IntAlu :  D=0x0000000000000002
1016500: system.cpu: T0 : 0x221cc    : c_ld a5, 32(a5)            : MemRead :  D=0x0000000000000000 A=0x6ee18
1017500: system.cpu: T0 : 0x221ce    : bltu a6, a3, 42            : IntAlu : 
1018000: system.cpu: T0 : 0x221d2    : c_bnez a3, 38              : IntAlu : 
1018500: system.cpu: T0 : 0x221f8    : c_sd a5, 0(a1)             : MemWrite :  D=0x0000000000000000 A=0x7ffffffffffffbd0
1019000: system.cpu: T0 : 0x221fa    : c_j -36                    : IntAlu : 
1020000: system.cpu: T0 : 0x221d6    : slli a5, a0, 3             : IntAlu :  D=0x0000000000000068
1020500: system.cpu: T0 : 0x221da    : c_sub a5, a0               : IntAlu :  D=0x000000000000005b
1021000: system.cpu: T0 : 0x221dc    : c_slli a5, 3               : IntAlu :  D=0x00000000000002d8
1022000: system.cpu: T0 : 0x221de    : add a3, a4, a5             : IntAlu :  D=0x000000000006edf8
1023000: system.cpu: T0 : 0x221e2    : lbu a3, 40(a3)             : MemRead :  D=0x0000000000000000 A=0x6ee20
1023500: system.cpu: T0 : 0x221e6    : c_beqz a3, 16              : IntAlu : 
1024000: system.cpu: T0 : 0x221f6    : c_jr ra                    : IntAlu : 
1024500: system.cpu: T0 : 0x1ac8c    : c_lui a2, 26               : IntAlu :  D=0x000000000001a000
1025500: system.cpu: T0 : 0x1ac8e    : addi a2, a2, 1268          : IntAlu :  D=0x000000000001a4f4
1026000: system.cpu: T0 : 0x1ac92    : c_mv a1, sp                : IntAlu :  D=0x7ffffffffffffbd0
1026500: system.cpu: T0 : 0x1ac94    : c_li a0, 16                : IntAlu :  D=0x0000000000000010
1027500: system.cpu: T0 : 0x1ac96    : jal ra, 29980              : IntAlu :  D=0x000000000001ac9a
1028000: system.cpu: T0 : 0x221b2    : c_slli a0, 32              : IntAlu :  D=0x0000001000000000
1028500: system.cpu: T0 : 0x221b4    : c_srli a0, 32              : IntAlu :  D=0x0000000000000010
1029500: system.cpu: T0 : 0x221b6    : slli a5, a0, 3             : IntAlu :  D=0x0000000000000080
1030000: system.cpu: T0 : 0x221ba    : c_sub a5, a0               : IntAlu :  D=0x0000000000000070
1030500: system.cpu: T0 : 0x221bc    : lui a4, 111                : IntAlu :  D=0x000000000006f000
1031000: system.cpu: T0 : 0x221c0    : addi a4, a4, -1248         : IntAlu :  D=0x000000000006eb20
1031500: system.cpu: T0 : 0x221c4    : c_slli a5, 3               : IntAlu :  D=0x0000000000000380
1032000: system.cpu: T0 : 0x221c6    : c_add a5, a4               : IntAlu :  D=0x000000000006eea0
1032500: system.cpu: T0 : 0x221c8    : c_lw a3, 8(a5)             : MemRead :  D=0x0000000000000002 A=0x6eea8
1033000: system.cpu: T0 : 0x221ca    : c_li a6, 2                 : IntAlu :  D=0x0000000000000002
1033500: system.cpu: T0 : 0x221cc    : c_ld a5, 32(a5)            : MemRead :  D=0x0000000000000000 A=0x6eec0
1034500: system.cpu: T0 : 0x221ce    : bltu a6, a3, 42            : IntAlu : 
1035000: system.cpu: T0 : 0x221d2    : c_bnez a3, 38              : IntAlu : 
1035500: system.cpu: T0 : 0x221f8    : c_sd a5, 0(a1)             : MemWrite :  D=0x0000000000000000 A=0x7ffffffffffffbd0
1036000: system.cpu: T0 : 0x221fa    : c_j -36                    : IntAlu : 
1037000: system.cpu: T0 : 0x221d6    : slli a5, a0, 3             : IntAlu :  D=0x0000000000000080
1037500: system.cpu: T0 : 0x221da    : c_sub a5, a0               : IntAlu :  D=0x0000000000000070
1038000: system.cpu: T0 : 0x221dc    : c_slli a5, 3               : IntAlu :  D=0x0000000000000380
1039000: system.cpu: T0 : 0x221de    : add a3, a4, a5             : IntAlu :  D=0x000000000006eea0
1040000: system.cpu: T0 : 0x221e2    : lbu a3, 40(a3)             : MemRead :  D=0x0000000000000000 A=0x6eec8
1040500: system.cpu: T0 : 0x221e6    : c_beqz a3, 16              : IntAlu : 
1041000: system.cpu: T0 : 0x221f6    : c_jr ra                    : IntAlu : 
1041500: system.cpu: T0 : 0x1ac9a    : c_lui a2, 26               : IntAlu :  D=0x000000000001a000
1042000: system.cpu: T0 : 0x1ac9c    : addi a2, a2, 1280          : IntAlu :  D=0x000000000001a500
1042500: system.cpu: T0 : 0x1aca0    : c_mv a1, sp                : IntAlu :  D=0x7ffffffffffffbd0
1043000: system.cpu: T0 : 0x1aca2    : c_li a0, 18                : IntAlu :  D=0x0000000000000012
1043500: system.cpu: T0 : 0x1aca4    : jal ra, 29966              : IntAlu :  D=0x000000000001aca8
1044000: system.cpu: T0 : 0x221b2    : c_slli a0, 32              : IntAlu :  D=0x0000001200000000
1044500: system.cpu: T0 : 0x221b4    : c_srli a0, 32              : IntAlu :  D=0x0000000000000012
1045500: system.cpu: T0 : 0x221b6    : slli a5, a0, 3             : IntAlu :  D=0x0000000000000090
1046000: system.cpu: T0 : 0x221ba    : c_sub a5, a0               : IntAlu :  D=0x000000000000007e
1046500: system.cpu: T0 : 0x221bc    : lui a4, 111                : IntAlu :  D=0x000000000006f000
1047000: system.cpu: T0 : 0x221c0    : addi a4, a4, -1248         : IntAlu :  D=0x000000000006eb20
1047500: system.cpu: T0 : 0x221c4    : c_slli a5, 3               : IntAlu :  D=0x00000000000003f0
1048000: system.cpu: T0 : 0x221c6    : c_add a5, a4               : IntAlu :  D=0x000000000006ef10
1048500: system.cpu: T0 : 0x221c8    : c_lw a3, 8(a5)             : MemRead :  D=0x0000000000000002 A=0x6ef18
1049000: system.cpu: T0 : 0x221ca    : c_li a6, 2                 : IntAlu :  D=0x0000000000000002
1049500: system.cpu: T0 : 0x221cc    : c_ld a5, 32(a5)            : MemRead :  D=0x0000000000000000 A=0x6ef30
1050500: system.cpu: T0 : 0x221ce    : bltu a6, a3, 42            : IntAlu : 
1051000: system.cpu: T0 : 0x221d2    : c_bnez a3, 38              : IntAlu : 
1051500: system.cpu: T0 : 0x221f8    : c_sd a5, 0(a1)             : MemWrite :  D=0x0000000000000000 A=0x7ffffffffffffbd0
1052000: system.cpu: T0 : 0x221fa    : c_j -36                    : IntAlu : 
1053000: system.cpu: T0 : 0x221d6    : slli a5, a0, 3             : IntAlu :  D=0x0000000000000090
1053500: system.cpu: T0 : 0x221da    : c_sub a5, a0               : IntAlu :  D=0x000000000000007e
1054000: system.cpu: T0 : 0x221dc    : c_slli a5, 3               : IntAlu :  D=0x00000000000003f0
1055000: system.cpu: T0 : 0x221de    : add a3, a4, a5             : IntAlu :  D=0x000000000006ef10
1056000: system.cpu: T0 : 0x221e2    : lbu a3, 40(a3)             : MemRead :  D=0x0000000000000000 A=0x6ef38
1056500: system.cpu: T0 : 0x221e6    : c_beqz a3, 16              : IntAlu : 
1057000: system.cpu: T0 : 0x221f6    : c_jr ra                    : IntAlu : 
1057500: system.cpu: T0 : 0x1aca8    : c_lui a2, 26               : IntAlu :  D=0x000000000001a000
1058500: system.cpu: T0 : 0x1acaa    : addi a2, a2, 1326          : IntAlu :  D=0x000000000001a52e
1059000: system.cpu: T0 : 0x1acae    : c_mv a1, sp                : IntAlu :  D=0x7ffffffffffffbd0
1059500: system.cpu: T0 : 0x1acb0    : c_li a0, 15                : IntAlu :  D=0x000000000000000f
1060500: system.cpu: T0 : 0x1acb2    : jal ra, 29952              : IntAlu :  D=0x000000000001acb6
1061000: system.cpu: T0 : 0x221b2    : c_slli a0, 32              : IntAlu :  D=0x0000000f00000000
1061500: system.cpu: T0 : 0x221b4    : c_srli a0, 32              : IntAlu :  D=0x000000000000000f
1062500: system.cpu: T0 : 0x221b6    : slli a5, a0, 3             : IntAlu :  D=0x0000000000000078
1063000: system.cpu: T0 : 0x221ba    : c_sub a5, a0               : IntAlu :  D=0x0000000000000069
1063500: system.cpu: T0 : 0x221bc    : lui a4, 111                : IntAlu :  D=0x000000000006f000
1064000: system.cpu: T0 : 0x221c0    : addi a4, a4, -1248         : IntAlu :  D=0x000000000006eb20
1064500: system.cpu: T0 : 0x221c4    : c_slli a5, 3               : IntAlu :  D=0x0000000000000348
1065000: system.cpu: T0 : 0x221c6    : c_add a5, a4               : IntAlu :  D=0x000000000006ee68
1065500: system.cpu: T0 : 0x221c8    : c_lw a3, 8(a5)             : MemRead :  D=0x0000000000000002 A=0x6ee70
1066000: system.cpu: T0 : 0x221ca    : c_li a6, 2                 : IntAlu :  D=0x0000000000000002
1066500: system.cpu: T0 : 0x221cc    : c_ld a5, 32(a5)            : MemRead :  D=0x0000000000000000 A=0x6ee88
1067500: system.cpu: T0 : 0x221ce    : bltu a6, a3, 42            : IntAlu : 
1068000: system.cpu: T0 : 0x221d2    : c_bnez a3, 38              : IntAlu : 
1068500: system.cpu: T0 : 0x221f8    : c_sd a5, 0(a1)             : MemWrite :  D=0x0000000000000000 A=0x7ffffffffffffbd0
1069000: system.cpu: T0 : 0x221fa    : c_j -36                    : IntAlu : 
1070000: system.cpu: T0 : 0x221d6    : slli a5, a0, 3             : IntAlu :  D=0x0000000000000078
1070500: system.cpu: T0 : 0x221da    : c_sub a5, a0               : IntAlu :  D=0x0000000000000069
1071000: system.cpu: T0 : 0x221dc    : c_slli a5, 3               : IntAlu :  D=0x0000000000000348
1072000: system.cpu: T0 : 0x221de    : add a3, a4, a5             : IntAlu :  D=0x000000000006ee68
1073000: system.cpu: T0 : 0x221e2    : lbu a3, 40(a3)             : MemRead :  D=0x0000000000000000 A=0x6ee90
1073500: system.cpu: T0 : 0x221e6    : c_beqz a3, 16              : IntAlu : 
1074000: system.cpu: T0 : 0x221f6    : c_jr ra                    : IntAlu : 
1074500: system.cpu: T0 : 0x1acb6    : c_lui a2, 26               : IntAlu :  D=0x000000000001a000
1075000: system.cpu: T0 : 0x1acb8    : addi a2, a2, 1346          : IntAlu :  D=0x000000000001a542
1075500: system.cpu: T0 : 0x1acbc    : c_mv a1, sp                : IntAlu :  D=0x7ffffffffffffbd0
1076000: system.cpu: T0 : 0x1acbe    : c_li a0, 11                : IntAlu :  D=0x000000000000000b
1076500: system.cpu: T0 : 0x1acc0    : jal ra, 29938              : IntAlu :  D=0x000000000001acc4
1077000: system.cpu: T0 : 0x221b2    : c_slli a0, 32              : IntAlu :  D=0x0000000b00000000
1077500: system.cpu: T0 : 0x221b4    : c_srli a0, 32              : IntAlu :  D=0x000000000000000b
1078500: system.cpu: T0 : 0x221b6    : slli a5, a0, 3             : IntAlu :  D=0x0000000000000058
1079000: system.cpu: T0 : 0x221ba    : c_sub a5, a0               : IntAlu :  D=0x000000000000004d
1079500: system.cpu: T0 : 0x221bc    : lui a4, 111                : IntAlu :  D=0x000000000006f000
1080000: system.cpu: T0 : 0x221c0    : addi a4, a4, -1248         : IntAlu :  D=0x000000000006eb20
1080500: system.cpu: T0 : 0x221c4    : c_slli a5, 3               : IntAlu :  D=0x0000000000000268
1081000: system.cpu: T0 : 0x221c6    : c_add a5, a4               : IntAlu :  D=0x000000000006ed88
1081500: system.cpu: T0 : 0x221c8    : c_lw a3, 8(a5)             : MemRead :  D=0x0000000000000002 A=0x6ed90
1082000: system.cpu: T0 : 0x221ca    : c_li a6, 2                 : IntAlu :  D=0x0000000000000002
1082500: system.cpu: T0 : 0x221cc    : c_ld a5, 32(a5)            : MemRead :  D=0x0000000000000000 A=0x6eda8
1083500: system.cpu: T0 : 0x221ce    : bltu a6, a3, 42            : IntAlu : 
1084000: system.cpu: T0 : 0x221d2    : c_bnez a3, 38              : IntAlu : 
1084500: system.cpu: T0 : 0x221f8    : c_sd a5, 0(a1)             : MemWrite :  D=0x0000000000000000 A=0x7ffffffffffffbd0
1085000: system.cpu: T0 : 0x221fa    : c_j -36                    : IntAlu : 
1086000: system.cpu: T0 : 0x221d6    : slli a5, a0, 3             : IntAlu :  D=0x0000000000000058
1086500: system.cpu: T0 : 0x221da    : c_sub a5, a0               : IntAlu :  D=0x000000000000004d
1087000: system.cpu: T0 : 0x221dc    : c_slli a5, 3               : IntAlu :  D=0x0000000000000268
1088000: system.cpu: T0 : 0x221de    : add a3, a4, a5             : IntAlu :  D=0x000000000006ed88
1089000: system.cpu: T0 : 0x221e2    : lbu a3, 40(a3)             : MemRead :  D=0x0000000000000000 A=0x6edb0
1089500: system.cpu: T0 : 0x221e6    : c_beqz a3, 16              : IntAlu : 
1090000: system.cpu: T0 : 0x221f6    : c_jr ra                    : IntAlu : 
1090500: system.cpu: T0 : 0x1acc4    : c_lui a2, 26               : IntAlu :  D=0x000000000001a000
1091500: system.cpu: T0 : 0x1acc6    : addi a2, a2, 1358          : IntAlu :  D=0x000000000001a54e
1092000: system.cpu: T0 : 0x1acca    : c_mv a1, sp                : IntAlu :  D=0x7ffffffffffffbd0
1092500: system.cpu: T0 : 0x1accc    : c_li a0, 5                 : IntAlu :  D=0x0000000000000005
1093500: system.cpu: T0 : 0x1acce    : jal ra, 29924              : IntAlu :  D=0x000000000001acd2
1094000: system.cpu: T0 : 0x221b2    : c_slli a0, 32              : IntAlu :  D=0x0000000500000000
1094500: system.cpu: T0 : 0x221b4    : c_srli a0, 32              : IntAlu :  D=0x0000000000000005
1095500: system.cpu: T0 : 0x221b6    : slli a5, a0, 3             : IntAlu :  D=0x0000000000000028
1096000: system.cpu: T0 : 0x221ba    : c_sub a5, a0               : IntAlu :  D=0x0000000000000023
1096500: system.cpu: T0 : 0x221bc    : lui a4, 111                : IntAlu :  D=0x000000000006f000
1097000: system.cpu: T0 : 0x221c0    : addi a4, a4, -1248         : IntAlu :  D=0x000000000006eb20
1097500: system.cpu: T0 : 0x221c4    : c_slli a5, 3               : IntAlu :  D=0x0000000000000118
1098000: system.cpu: T0 : 0x221c6    : c_add a5, a4               : IntAlu :  D=0x000000000006ec38
1098500: system.cpu: T0 : 0x221c8    : c_lw a3, 8(a5)             : MemRead :  D=0x0000000000000002 A=0x6ec40
1099000: system.cpu: T0 : 0x221ca    : c_li a6, 2                 : IntAlu :  D=0x0000000000000002
1099500: system.cpu: T0 : 0x221cc    : c_ld a5, 32(a5)            : MemRead :  D=0x0000000000000000 A=0x6ec58
1100500: system.cpu: T0 : 0x221ce    : bltu a6, a3, 42            : IntAlu : 
1101000: system.cpu: T0 : 0x221d2    : c_bnez a3, 38              : IntAlu : 
1101500: system.cpu: T0 : 0x221f8    : c_sd a5, 0(a1)             : MemWrite :  D=0x0000000000000000 A=0x7ffffffffffffbd0
1102000: system.cpu: T0 : 0x221fa    : c_j -36                    : IntAlu : 
1103000: system.cpu: T0 : 0x221d6    : slli a5, a0, 3             : IntAlu :  D=0x0000000000000028
1103500: system.cpu: T0 : 0x221da    : c_sub a5, a0               : IntAlu :  D=0x0000000000000023
1104000: system.cpu: T0 : 0x221dc    : c_slli a5, 3               : IntAlu :  D=0x0000000000000118
1105000: system.cpu: T0 : 0x221de    : add a3, a4, a5             : IntAlu :  D=0x000000000006ec38
1106000: system.cpu: T0 : 0x221e2    : lbu a3, 40(a3)             : MemRead :  D=0x0000000000000000 A=0x6ec60
1106500: system.cpu: T0 : 0x221e6    : c_beqz a3, 16              : IntAlu : 
1107000: system.cpu: T0 : 0x221f6    : c_jr ra                    : IntAlu : 
1107500: system.cpu: T0 : 0x1acd2    : c_ldsp a4, 8(sp)           : MemRead :  D=0x776f442f2e2e0000 A=0x7ffffffffffffbd8
1108000: system.cpu: T0 : 0x1acd4    : ld a5, -1264(s1)           : MemRead :  D=0x776f442f2e2e0000 A=0x6eb10
1108500: system.cpu: T0 : 0x1acd8    : c_li a3, 1                 : IntAlu :  D=0x0000000000000001
1109500: system.cpu: T0 : 0x1acda    : sw a3, -1876(gp)           : MemWrite :  D=0x0000000000000001 A=0x708d4
1110500: system.cpu: T0 : 0x1acde    : bne a4, a5, 14             : IntAlu : 
1111000: system.cpu: T0 : 0x1ace2    : c_ldsp ra, 40(sp)          : MemRead :  D=0x000000000001dab0 A=0x7ffffffffffffbf8
1111500: system.cpu: T0 : 0x1ace4    : c_ldsp s0, 32(sp)          : MemRead :  D=0x7ffffffffffffcf0 A=0x7ffffffffffffbf0
1112000: system.cpu: T0 : 0x1ace6    : c_ldsp s1, 24(sp)          : MemRead :  D=0x7ffffffffffffc20 A=0x7ffffffffffffbe8
1112500: system.cpu: T0 : 0x1ace8    : c_addi16sp sp, 48          : IntAlu :  D=0x7ffffffffffffc00
1113000: system.cpu: T0 : 0x1acea    : c_jr ra                    : IntAlu : 
1113500: system.cpu: T0 : 0x1dab0    : c_ldsp a0, 8(sp)           : MemRead :  D=0x0000000000000024 A=0x7ffffffffffffc08
1114000: system.cpu: T0 : 0x1dab2    : c_ldsp ra, 24(sp)          : MemRead :  D=0x000000000003d96e A=0x7ffffffffffffc18
1114500: system.cpu: T0 : 0x1dab4    : c_addi16sp sp, 32          : IntAlu :  D=0x7ffffffffffffc20
1115000: system.cpu: T0 : 0x1dab6    : c_j -540                   : IntAlu : 
1116000: system.cpu: T0 : 0x1d89a    : ld t1, -1848(gp)           : MemRead :  D=0x0000000000000000 A=0x708f0
1117000: system.cpu: T0 : 0x1d89e    : bne t1, zero, 260          : IntAlu : 
1117500: system.cpu: T0 : 0x1d8a2    : c_addi sp, -32             : IntAlu :  D=0x7ffffffffffffc00
1118000: system.cpu: T0 : 0x1d8a4    : c_sdsp s0, 16(sp)          : MemWrite :  D=0x7ffffffffffffcf0 A=0x7ffffffffffffc10
1118500: system.cpu: T0 : 0x1d8a6    : c_sdsp ra, 24(sp)          : MemWrite :  D=0x000000000003d96e A=0x7ffffffffffffc18
1119000: system.cpu: T0 : 0x1d8a8    : c_sdsp s1, 8(sp)           : MemWrite :  D=0x7ffffffffffffc20 A=0x7ffffffffffffc08
1119500: system.cpu: T0 : 0x1d8aa    : c_sdsp s2, 0(sp)           : MemWrite :  D=0x0000000000000002 A=0x7ffffffffffffc00
1120000: system.cpu: T0 : 0x1d8ac    : c_mv s0, a0                : IntAlu :  D=0x0000000000000024
1121000: system.cpu: T0 : 0x1d8ae    : blt a0, zero, 222          : IntAlu : 
1122000: system.cpu: T0 : 0x1d8b2    : addi a5, a0, 23            : IntAlu :  D=0x000000000000003b
1122500: system.cpu: T0 : 0x1d8b6    : c_li a4, 31                : IntAlu :  D=0x000000000000001f
1123000: system.cpu: T0 : 0x1d8b8    : c_li s1, 0                 : IntAlu :  D=0x0000000000000000
1124000: system.cpu: T0 : 0x1d8ba    : bltu a4, a5, 94            : IntAlu : 
1124500: system.cpu: T0 : 0x1d918    : c_andi a5, 18446744073709551600 : IntAlu :  D=0x0000000000000030
1125000: system.cpu: T0 : 0x1d91a    : c_addi a5, -17             : IntAlu :  D=0x000000000000001f
1125500: system.cpu: T0 : 0x1d91c    : srli s1, a5, 4             : IntAlu :  D=0x0000000000000001
1126000: system.cpu: T0 : 0x1d920    : c_j -98                    : IntAlu : 
1127000: system.cpu: T0 : 0x1d8be    : ld a4, 40(tp)              : MemRead :  D=0x0000000000000000 A=0x72738
1127500: system.cpu: T0 : 0x1d8c2    : c_beqz a4, 96              : IntAlu : 
1128500: system.cpu: T0 : 0x1d922    : lbu a5, 48(tp)             : MemRead :  D=0x0000000000000000 A=0x72740
1129000: system.cpu: T0 : 0x1d926    : c_bnez a5, -86             : IntAlu : 
1129500: system.cpu: T0 : 0x1d928    : jal ra, -2478              : IntAlu :  D=0x000000000001d92c
1130000: system.cpu: T0 : 0x1cf7a    : c_addi sp, -32             : IntAlu :  D=0x7ffffffffffffbe0
1130500: system.cpu: T0 : 0x1cf7c    : c_sdsp s0, 16(sp)          : MemWrite :  D=0x0000000000000024 A=0x7ffffffffffffbf0
1131500: system.cpu: T0 : 0x1cf7e    : ld s0, 56(tp)              : MemRead :  D=0x000000000006f5c8 A=0x72748
1132000: system.cpu: T0 : 0x1cf82    : c_sdsp ra, 24(sp)          : MemWrite :  D=0x000000000001d92c A=0x7ffffffffffffbf8
1132500: system.cpu: T0 : 0x1cf84    : c_sdsp s1, 8(sp)           : MemWrite :  D=0x0000000000000001 A=0x7ffffffffffffbe8
1133000: system.cpu: T0 : 0x1cf86    : c_beqz s0, 78              : IntAlu : 
1133500: system.cpu: T0 : 0x1cf88    : c_mv s1, s0                : IntAlu :  D=0x000000000006f5c8
1134000: system.cpu: T0 : 0x1cf8a    : c_li a4, 1                 : IntAlu :  D=0x0000000000000001
1134500: system.cpu: T0 : 0x1cf8c    : lr_w a5, (s0)             
1134500: system.cpu: T0 : 0x1cf8c. 0 : lr_w a5, (s0)              : MemRead :  D=0x0000000000000000 A=0x6f5c8
1135000: system.cpu: T0 : 0x1cf90    : c_bnez a5, 8               : IntAlu : 
1136000: system.cpu: T0 : 0x1cf92    : sc_w_aq a3, a4, (s0)      
1136000: system.cpu: T0 : 0x1cf92. 0 : sc_w a3, a4, (s0)          : MemWrite :  D=0x0000000000000000 A=0x6f5c8
1136500: system.cpu: T0 : 0x1cf92. 1 : 0x1ce426af fence           : No_OpClass : 
1137000: system.cpu: T0 : 0x1cf96    : c_bnez a3, -10             : IntAlu : 
1137500: system.cpu: T0 : 0x1cf98    : c_addiw a5, 0              : IntAlu :  D=0x0000000000000000
1138000: system.cpu: T0 : 0x1cf9a    : c_bnez a5, 162             : IntAlu : 
1138500: system.cpu: T0 : 0x1cf9c    : addi a1, zero, 640         : IntAlu :  D=0x0000000000000280
1139000: system.cpu: T0 : 0x1cfa0    : c_mv a0, s0                : IntAlu :  D=0x000000000006f5c8
1140000: system.cpu: T0 : 0x1cfa2    : jal ra, -2862              : IntAlu :  D=0x000000000001cfa6
1140500: system.cpu: T0 : 0x1c474    : c_addi16sp sp, -256        : IntAlu :  D=0x7ffffffffffffae0
1141000: system.cpu: T0 : 0x1c476    : c_sdsp ra, 248(sp)         : MemWrite :  D=0x000000000001cfa6 A=0x7ffffffffffffbd8
1141500: system.cpu: T0 : 0x1c478    : c_sdsp s0, 240(sp)         : MemWrite :  D=0x000000000006f5c8 A=0x7ffffffffffffbd0
1142000: system.cpu: T0 : 0x1c47a    : c_sdsp s1, 232(sp)         : MemWrite :  D=0x000000000006f5c8 A=0x7ffffffffffffbc8
1142500: system.cpu: T0 : 0x1c47c    : c_sdsp s2, 224(sp)         : MemWrite :  D=0x0000000000000002 A=0x7ffffffffffffbc0
1143000: system.cpu: T0 : 0x1c47e    : c_sdsp s3, 216(sp)         : MemWrite :  D=0x0000000000000000 A=0x7ffffffffffffbb8
1143500: system.cpu: T0 : 0x1c480    : c_sdsp s4, 208(sp)         : MemWrite :  D=0x0000000000000000 A=0x7ffffffffffffbb0
1144000: system.cpu: T0 : 0x1c482    : c_sdsp s5, 200(sp)         : MemWrite :  D=0x0000000000000000 A=0x7ffffffffffffba8
1144500: system.cpu: T0 : 0x1c484    : c_sdsp s6, 192(sp)         : MemWrite :  D=0x0000000000072000 A=0x7ffffffffffffba0
1145000: system.cpu: T0 : 0x1c486    : c_sdsp s7, 184(sp)         : MemWrite :  D=0x0000000000000000 A=0x7ffffffffffffb98
1145500: system.cpu: T0 : 0x1c488    : c_sdsp s8, 176(sp)         : MemWrite :  D=0x0000000000000000 A=0x7ffffffffffffb90
1146000: system.cpu: T0 : 0x1c48a    : c_sdsp s9, 168(sp)         : MemWrite :  D=0x0000000000000003 A=0x7ffffffffffffb88
1146500: system.cpu: T0 : 0x1c48c    : c_sdsp s10, 160(sp)        : MemWrite :  D=0x0000000000000000 A=0x7ffffffffffffb80
1147000: system.cpu: T0 : 0x1c48e    : c_sdsp s11, 152(sp)        : MemWrite :  D=0x0000000000000000 A=0x7ffffffffffffb78
1147500: system.cpu: T0 : 0x1c490    : blt a1, zero, 1198         : IntAlu : 
1148000: system.cpu: T0 : 0x1c494    : addi s0, a1, 23            : IntAlu :  D=0x0000000000000297
1148500: system.cpu: T0 : 0x1c498    : c_li a5, 31                : IntAlu :  D=0x000000000000001f
1149000: system.cpu: T0 : 0x1c49a    : c_mv s3, a1                : IntAlu :  D=0x0000000000000280
1149500: system.cpu: T0 : 0x1c49c    : c_mv s1, a0                : IntAlu :  D=0x000000000006f5c8
1150500: system.cpu: T0 : 0x1c49e    : bltu a5, s0, 220           : IntAlu : 
1151000: system.cpu: T0 : 0x1c57a    : c_andi s0, 18446744073709551600 : IntAlu :  D=0x0000000000000290
1151500: system.cpu: T0 : 0x1c57c    : beq a0, zero, 988          : IntAlu : 
1152000: system.cpu: T0 : 0x1c580    : ld a4, -1376(gp)           : MemRead :  D=0x0000000000000080 A=0x70ac8
1152500: system.cpu: T0 : 0x1c584    : srliw s9, s0, 4            : IntAlu :  D=0x0000000000000029
1153000: system.cpu: T0 : 0x1c588    : srliw a5, s0, 4            : IntAlu :  D=0x0000000000000029
1153500: system.cpu: T0 : 0x1c58c    : bgeu a4, s0, 506           : IntAlu : 
1154000: system.cpu: T0 : 0x1c590    : addi a4, zero, 1023        : IntAlu :  D=0x00000000000003ff
1154500: system.cpu: T0 : 0x1c594    : bgeu a4, s0, 1722          : IntAlu : 
1155000: system.cpu: T0 : 0x1cc4e    : c_addiw a5, -1             : IntAlu :  D=0x0000000000000028
1155500: system.cpu: T0 : 0x1cc50    : c_j -1406                  : IntAlu : 
1156500: system.cpu: T0 : 0x1c6d2    : slliw a5, a5, 1            : IntAlu :  D=0x0000000000000050
1157000: system.cpu: T0 : 0x1c6d6    : c_slli a5, 32              : IntAlu :  D=0x0000005000000000
1157500: system.cpu: T0 : 0x1c6d8    : c_srli a5, 32              : IntAlu :  D=0x0000000000000050
1158000: system.cpu: T0 : 0x1c6da    : c_addi a5, 14              : IntAlu :  D=0x000000000000005e
1158500: system.cpu: T0 : 0x1c6dc    : c_slli a5, 3               : IntAlu :  D=0x00000000000002f0
1159000: system.cpu: T0 : 0x1c6de    : c_j -550                   : IntAlu : 
1159500: system.cpu: T0 : 0x1c4b8    : c_add a5, s1               : IntAlu :  D=0x000000000006f8b8
1160500: system.cpu: T0 : 0x1c4ba    : ld s2, 8(a5)               : MemRead :  D=0x000000000006f8a8 A=0x6f8c0
1161500: system.cpu: T0 : 0x1c4be    : addi a3, a5, -16           : IntAlu :  D=0x000000000006f8a8
1162500: system.cpu: T0 : 0x1c4c2    : beq a3, s2, 748            : IntAlu : 
1163500: system.cpu: T0 : 0x1c7ae    : srli t1, s0, 9             : IntAlu :  D=0x0000000000000001
1164500: system.cpu: T0 : 0x1c7b2    : addiw a5, t1, 91           : IntAlu :  D=0x000000000000005c
1165500: system.cpu: T0 : 0x1c7b6    : srli s10, s0, 6            : IntAlu :  D=0x000000000000000a
1166000: system.cpu: T0 : 0x1c7ba    : c_sdsp a5, 96(sp)          : MemWrite :  D=0x000000000000005c A=0x7ffffffffffffb40
1166500: system.cpu: T0 : 0x1c7bc    : addiw a5, s10, 48          : IntAlu :  D=0x000000000000003a
1167000: system.cpu: T0 : 0x1c7c0    : c_sdsp a5, 88(sp)          : MemWrite :  D=0x000000000000003a A=0x7ffffffffffffb38
1168000: system.cpu: T0 : 0x1c7c2    : addi a5, zero, 110         : IntAlu :  D=0x000000000000006e
1168500: system.cpu: T0 : 0x1c7c6    : c_sdsp a5, 112(sp)         : MemWrite :  D=0x000000000000006e A=0x7ffffffffffffb50
1169000: system.cpu: T0 : 0x1c7c8    : addi a5, zero, 119         : IntAlu :  D=0x0000000000000077
1169500: system.cpu: T0 : 0x1c7cc    : c_sdsp a5, 104(sp)         : MemWrite :  D=0x0000000000000077 A=0x7ffffffffffffb48
1170500: system.cpu: T0 : 0x1c7ce    : addi a5, zero, 124         : IntAlu :  D=0x000000000000007c
1171000: system.cpu: T0 : 0x1c7d2    : c_sdsp s9, 8(sp)           : MemWrite :  D=0x0000000000000029 A=0x7ffffffffffffae8
1171500: system.cpu: T0 : 0x1c7d4    : c_sdsp a5, 120(sp)         : MemWrite :  D=0x000000000000007c A=0x7ffffffffffffb58
1172000: system.cpu: T0 : 0x1c7d6    : c_sdsp zero, 128(sp)       : MemWrite :  D=0x0000000000000000 A=0x7ffffffffffffb60
1172500: system.cpu: T0 : 0x1c7d8    : c_sdsp zero, 136(sp)       : MemWrite :  D=0x0000000000000000 A=0x7ffffffffffffb68
1173500: system.cpu: T0 : 0x1c7da    : ld a5, 40(tp)              : MemRead :  D=0x0000000000000000 A=0x72738
1174500: system.cpu: T0 : 0x1c7de    : addi s6, s0, -17           : IntAlu :  D=0x000000000000027f
1175500: system.cpu: T0 : 0x1c7e2    : srli s6, s6, 4             : IntAlu :  D=0x0000000000000027
1176000: system.cpu: T0 : 0x1c7e6    : c_li s5, 0                 : IntAlu :  D=0x0000000000000000
1176500: system.cpu: T0 : 0x1c7e8    : c_beqz a5, 22              : IntAlu : 
1177500: system.cpu: T0 : 0x1c7fe    : lui a5, 111                : IntAlu :  D=0x000000000006f000
1178000: system.cpu: T0 : 0x1c802    : c_lui s11, 1               : IntAlu :  D=0x0000000000001000
1178500: system.cpu: T0 : 0x1c804    : lui s7, 111                : IntAlu :  D=0x000000000006f000
1179000: system.cpu: T0 : 0x1c808    : addi a5, a5, 1480          : IntAlu :  D=0x000000000006f5c8
1179500: system.cpu: T0 : 0x1c80c    : addi s8, s1, 96            : IntAlu :  D=0x000000000006f628
1180000: system.cpu: T0 : 0x1c810    : c_li t5, 0                 : IntAlu :  D=0x0000000000000000
1181000: system.cpu: T0 : 0x1c812    : addi s7, s7, 1368          : IntAlu :  D=0x000000000006f558
1182000: system.cpu: T0 : 0x1c816    : add a7, s1, s11            : IntAlu :  D=0x00000000000705c8
1182500: system.cpu: T0 : 0x1c81a    : c_sdsp a5, 56(sp)          : MemWrite :  D=0x000000000006f5c8 A=0x7ffffffffffffb18
1183000: system.cpu: T0 : 0x1c81c    : c_ld a5, 120(s1)           : MemRead :  D=0x000000000006f628 A=0x6f640
1184000: system.cpu: T0 : 0x1c81e    : beq a5, s8, 532            : IntAlu : 
1185000: system.cpu: T0 : 0x1ca32    : addi a5, zero, 1023        : IntAlu :  D=0x00000000000003ff
1186000: system.cpu: T0 : 0x1ca36    : bgeu a5, s0, 38            : IntAlu : 
1186500: system.cpu: T0 : 0x1ca5c    : c_ldsp a3, 8(sp)           : MemRead :  D=0x0000000000000029 A=0x7ffffffffffffae8
1187000: system.cpu: T0 : 0x1ca5e    : c_li a0, 4                 : IntAlu :  D=0x0000000000000004
1187500: system.cpu: T0 : 0x1ca60    : addiw a5, a3, 1            : IntAlu :  D=0x000000000000002a
1188000: system.cpu: T0 : 0x1ca64    : srliw a4, a5, 5            : IntAlu :  D=0x0000000000000001
1188500: system.cpu: T0 : 0x1ca68    : slliw a3, a3, 1            : IntAlu :  D=0x0000000000000052
1189000: system.cpu: T0 : 0x1ca6c    : addi a4, a4, 536           : IntAlu :  D=0x0000000000000219
1189500: system.cpu: T0 : 0x1ca70    : c_slli a3, 32              : IntAlu :  D=0x0000005200000000
1190000: system.cpu: T0 : 0x1ca72    : c_slli a4, 2               : IntAlu :  D=0x0000000000000864
1190500: system.cpu: T0 : 0x1ca74    : c_srli a3, 32              : IntAlu :  D=0x0000000000000052
1191000: system.cpu: T0 : 0x1ca76    : c_add a4, s1               : IntAlu :  D=0x000000000006fe2c
1191500: system.cpu: T0 : 0x1ca78    : c_slli a3, 3               : IntAlu :  D=0x0000000000000290
1192000: system.cpu: T0 : 0x1ca7a    : c_lw a2, 0(a4)             : MemRead :  D=0x0000000000000000 A=0x6fe2c
1192500: system.cpu: T0 : 0x1ca7c    : addi a3, a3, 96            : IntAlu :  D=0x00000000000002f0
1193000: system.cpu: T0 : 0x1ca80    : c_li a4, 1                 : IntAlu :  D=0x0000000000000001
1194000: system.cpu: T0 : 0x1ca82    : srliw s2, a5, 5            : IntAlu :  D=0x0000000000000001
1194500: system.cpu: T0 : 0x1ca86    : c_add a3, s1               : IntAlu :  D=0x000000000006f8b8
1195000: system.cpu: T0 : 0x1ca88    : sllw a5, a4, a5            : IntAlu :  D=0x0000000000000400
1195500: system.cpu: T0 : 0x1ca8c    : bltu a2, a5, 144           : IntAlu : 
1196000: system.cpu: T0 : 0x1cb1c    : addiw a5, s2, 1            : IntAlu :  D=0x0000000000000002
1196500: system.cpu: T0 : 0x1cb20    : addiw s2, a5, 0            : IntAlu :  D=0x0000000000000002
1197000: system.cpu: T0 : 0x1cb24    : bne s2, a0, -26            : IntAlu : 
1197500: system.cpu: T0 : 0x1cb0a    : c_slli a5, 32              : IntAlu :  D=0x0000000200000000
1198000: system.cpu: T0 : 0x1cb0c    : c_srli a5, 32              : IntAlu :  D=0x0000000000000002
1199000: system.cpu: T0 : 0x1cb0e    : addi a5, a5, 536           : IntAlu :  D=0x000000000000021a
1199500: system.cpu: T0 : 0x1cb12    : c_slli a5, 2               : IntAlu :  D=0x0000000000000868
1200000: system.cpu: T0 : 0x1cb14    : c_add a5, s1               : IntAlu :  D=0x000000000006fe30
1200500: system.cpu: T0 : 0x1cb16    : c_lw a2, 0(a5)             : MemRead :  D=0x0000000000000000 A=0x6fe30
1201000: system.cpu: T0 : 0x1cb18    : bne a2, zero, 384          : IntAlu : 
1201500: system.cpu: T0 : 0x1cb1c    : addiw a5, s2, 1            : IntAlu :  D=0x0000000000000003
1202000: system.cpu: T0 : 0x1cb20    : addiw s2, a5, 0            : IntAlu :  D=0x0000000000000003
1202500: system.cpu: T0 : 0x1cb24    : bne s2, a0, -26            : IntAlu : 
1203000: system.cpu: T0 : 0x1cb0a    : c_slli a5, 32              : IntAlu :  D=0x0000000300000000
1203500: system.cpu: T0 : 0x1cb0c    : c_srli a5, 32              : IntAlu :  D=0x0000000000000003
1204500: system.cpu: T0 : 0x1cb0e    : addi a5, a5, 536           : IntAlu :  D=0x000000000000021b
1205000: system.cpu: T0 : 0x1cb12    : c_slli a5, 2               : IntAlu :  D=0x000000000000086c
1205500: system.cpu: T0 : 0x1cb14    : c_add a5, s1               : IntAlu :  D=0x000000000006fe34
1206000: system.cpu: T0 : 0x1cb16    : c_lw a2, 0(a5)             : MemRead :  D=0x0000000000000000 A=0x6fe34
1206500: system.cpu: T0 : 0x1cb18    : bne a2, zero, 384          : IntAlu : 
1207000: system.cpu: T0 : 0x1cb1c    : addiw a5, s2, 1            : IntAlu :  D=0x0000000000000004
1207500: system.cpu: T0 : 0x1cb20    : addiw s2, a5, 0            : IntAlu :  D=0x0000000000000004
1208000: system.cpu: T0 : 0x1cb24    : bne s2, a0, -26            : IntAlu : 
1208500: system.cpu: T0 : 0x1cb28    : c_ld a4, 96(s1)            : MemRead :  D=0x000000000006f628 A=0x6f628
1209500: system.cpu: T0 : 0x1cb2a    : ld a3, -1912(a7)           : MemRead :  D=0x0000000000000000 A=0x6fe50
1210000: system.cpu: T0 : 0x1cb2e    : c_ld a5, 8(a4)             : MemRead :  D=0x0000000000000000 A=0x6f630
1210500: system.cpu: T0 : 0x1cb30    : c_andi a5, 18446744073709551608 : IntAlu :  D=0x0000000000000000
1211500: system.cpu: T0 : 0x1cb32    : bltu a3, a5, 548           : IntAlu : 
1212500: system.cpu: T0 : 0x1cb36    : addi a3, s0, 32            : IntAlu :  D=0x00000000000002b0
1213500: system.cpu: T0 : 0x1cb3a    : bgeu a5, a3, 640           : IntAlu : 
1214000: system.cpu: T0 : 0x1cb3e    : c_sdsp a7, 32(sp)          : MemWrite :  D=0x00000000000705c8 A=0x7ffffffffffffb00
1214500: system.cpu: T0 : 0x1cb40    : c_sdsp t1, 24(sp)          : MemWrite :  D=0x0000000000000001 A=0x7ffffffffffffaf8
1215000: system.cpu: T0 : 0x1cb42    : c_sdsp t5, 16(sp)          : MemWrite :  D=0x0000000000000000 A=0x7ffffffffffffaf0
1215500: system.cpu: T0 : 0x1cb44    : c_lw a5, 8(s1)             : MemRead :  D=0x0000000000000000 A=0x6f5d0
1216000: system.cpu: T0 : 0x1cb46    : c_addiw a5, 0              : IntAlu :  D=0x0000000000000000
1216500: system.cpu: T0 : 0x1cb48    : c_beqz a5, 180             : IntAlu : 
1217000: system.cpu: T0 : 0x1cbfc    : c_mv a1, s1                : IntAlu :  D=0x000000000006f5c8
1217500: system.cpu: T0 : 0x1cbfe    : c_mv a0, s0                : IntAlu :  D=0x0000000000000290
1218000: system.cpu: T0 : 0x1cc00    : jal ra, -3372              : IntAlu :  D=0x000000000001cc04
1218500: system.cpu: T0 : 0x1bed4    : c_addi16sp sp, -160        : IntAlu :  D=0x7ffffffffffffa40
1219000: system.cpu: T0 : 0x1bed6    : c_sdsp s1, 136(sp)         : MemWrite :  D=0x000000000006f5c8 A=0x7ffffffffffffac8
1219500: system.cpu: T0 : 0x1bed8    : c_sdsp s2, 128(sp)         : MemWrite :  D=0x0000000000000004 A=0x7ffffffffffffac0
1220000: system.cpu: T0 : 0x1beda    : c_sdsp s10, 64(sp)         : MemWrite :  D=0x000000000000000a A=0x7ffffffffffffa80
1220500: system.cpu: T0 : 0x1bedc    : c_sdsp ra, 152(sp)         : MemWrite :  D=0x000000000001cc04 A=0x7ffffffffffffad8
1221000: system.cpu: T0 : 0x1bede    : c_sdsp s0, 144(sp)         : MemWrite :  D=0x0000000000000290 A=0x7ffffffffffffad0
1221500: system.cpu: T0 : 0x1bee0    : c_sdsp s3, 120(sp)         : MemWrite :  D=0x0000000000000280 A=0x7ffffffffffffab8
1222000: system.cpu: T0 : 0x1bee2    : c_sdsp s4, 112(sp)         : MemWrite :  D=0x0000000000000000 A=0x7ffffffffffffab0
1222500: system.cpu: T0 : 0x1bee4    : c_sdsp s5, 104(sp)         : MemWrite :  D=0x0000000000000000 A=0x7ffffffffffffaa8
1223000: system.cpu: T0 : 0x1bee6    : c_sdsp s6, 96(sp)          : MemWrite :  D=0x0000000000000027 A=0x7ffffffffffffaa0
1223500: system.cpu: T0 : 0x1bee8    : c_sdsp s7, 88(sp)          : MemWrite :  D=0x000000000006f558 A=0x7ffffffffffffa98
1224000: system.cpu: T0 : 0x1beea    : c_sdsp s8, 80(sp)          : MemWrite :  D=0x000000000006f628 A=0x7ffffffffffffa90
1224500: system.cpu: T0 : 0x1beec    : c_sdsp s9, 72(sp)          : MemWrite :  D=0x0000000000000029 A=0x7ffffffffffffa88
1225000: system.cpu: T0 : 0x1beee    : c_sdsp s11, 56(sp)         : MemWrite :  D=0x0000000000001000 A=0x7ffffffffffffa78
1225500: system.cpu: T0 : 0x1bef0    : ld s2, -1784(gp)           : MemRead :  D=0x0000000000001000 A=0x70930
1226000: system.cpu: T0 : 0x1bef4    : c_mv s1, a0                : IntAlu :  D=0x0000000000000290
1227000: system.cpu: T0 : 0x1bef6    : beq a1, zero, 534          : IntAlu : 
1228000: system.cpu: T0 : 0x1befa    : lui s11, 111               : IntAlu :  D=0x000000000006f000
1229000: system.cpu: T0 : 0x1befe    : addi s11, s11, 1368        : IntAlu :  D=0x000000000006f558
1230000: system.cpu: T0 : 0x1bf02    : ld a5, 16(s11)             : MemRead :  D=0x0000000000020000 A=0x6f568
1230500: system.cpu: T0 : 0x1bf06    : c_mv s0, a1                : IntAlu :  D=0x000000000006f5c8
1231000: system.cpu: T0 : 0x1bf08    : bgeu a0, a5, 276           : IntAlu : 
1231500: system.cpu: T0 : 0x1bf0c    : c_sdsp zero, 8(sp)         : MemWrite :  D=0x0000000000000000 A=0x7ffffffffffffa48
1232500: system.cpu: T0 : 0x1bf0e    : addi s5, s2, 7             : IntAlu :  D=0x0000000000001007
1233500: system.cpu: T0 : 0x1bf12    : add a5, s5, s1             : IntAlu :  D=0x0000000000001297
1234500: system.cpu: T0 : 0x1bf16    : lui s6, 111                : IntAlu :  D=0x000000000006f000
1235500: system.cpu: T0 : 0x1bf1a    : sub s5, zero, s2           : IntAlu :  D=0xfffffffffffff000
1236500: system.cpu: T0 : 0x1bf1e    : addi a7, s0, 96            : IntAlu :  D=0x000000000006f628
1237500: system.cpu: T0 : 0x1bf22    : addi t1, s2, -1            : IntAlu :  D=0x0000000000000fff
1238500: system.cpu: T0 : 0x1bf26    : addi s8, s1, 32            : IntAlu :  D=0x00000000000002b0
1239500: system.cpu: T0 : 0x1bf2a    : addi s7, s6, 1480          : IntAlu :  D=0x000000000006f5c8
1240500: system.cpu: T0 : 0x1bf2e    : and s5, a5, s5             : IntAlu :  D=0x0000000000001000
1241500: system.cpu: T0 : 0x1bf32    : ld s4, 96(s0)              : MemRead :  D=0x000000000006f628 A=0x6f628
1242500: system.cpu: T0 : 0x1bf36    : ld a5, 8(s4)               : MemRead :  D=0x0000000000000000 A=0x6f630
1243500: system.cpu: T0 : 0x1bf3a    : andi s3, a5, 18446744073709551608 : IntAlu :  D=0x0000000000000000
1244500: system.cpu: T0 : 0x1bf3e    : add s9, s4, s3             : IntAlu :  D=0x000000000006f628
1245500: system.cpu: T0 : 0x1bf42    : beq s4, a7, 506            : IntAlu : 
1246000: system.cpu: T0 : 0x1c13c    : beq s3, zero, -482         : IntAlu : 
1247000: system.cpu: T0 : 0x1bf5a    : bgeu s3, s8, 1112          : IntAlu : 
1248000: system.cpu: T0 : 0x1bf5e    : beq s0, s7, 484            : IntAlu : 
1249000: system.cpu: T0 : 0x1c142    : ld s5, 8(s11)              : MemRead :  D=0x0000000000020000 A=0x6f560
1249500: system.cpu: T0 : 0x1c146    : c_lw a5, 4(s0)             : MemRead :  D=0x0000000000000000 A=0x6f5cc
1250000: system.cpu: T0 : 0x1c148    : addi s10, s2, -1           : IntAlu :  D=0x0000000000000fff
1250500: system.cpu: T0 : 0x1c14c    : addi s5, s5, 32            : IntAlu :  D=0x0000000000020020
1251000: system.cpu: T0 : 0x1c150    : c_add s5, s10              : IntAlu :  D=0x000000000002101f
1251500: system.cpu: T0 : 0x1c152    : c_andi a5, 2               : IntAlu :  D=0x0000000000000000
1252000: system.cpu: T0 : 0x1c154    : c_add s5, s1               : IntAlu :  D=0x00000000000212af
1253000: system.cpu: T0 : 0x1c156    : sub a6, zero, s2           : IntAlu :  D=0xfffffffffffff000
1253500: system.cpu: T0 : 0x1c15a    : c_beqz a5, 158             : IntAlu : 
1254000: system.cpu: T0 : 0x1c1f8    : sub s5, s5, s3             : IntAlu :  D=0x00000000000212af
1254500: system.cpu: T0 : 0x1c1fc    : and s5, s5, a6             : IntAlu :  D=0x0000000000021000
1255000: system.cpu: T0 : 0x1c200    : blt zero, s5, -156         : IntAlu : 
1255500: system.cpu: T0 : 0x1c164    : ld a5, -1840(gp)           : MemRead :  D=0x000000000001ea8e A=0x708f8
1256000: system.cpu: T0 : 0x1c168    : c_mv a0, s5                : IntAlu :  D=0x0000000000021000
1256500: system.cpu: T0 : 0x1c16a    : c_sdsp a6, 8(sp)           : MemWrite :  D=0xfffffffffffff000 A=0x7ffffffffffffa48
1257000: system.cpu: T0 : 0x1c16c    : c_jalr a5                  : IntAlu :  D=0x000000000001c16e
1257500: system.cpu: T0 : 0x1ea8e    : c_addi sp, -16             : IntAlu :  D=0x7ffffffffffffa30
1258000: system.cpu: T0 : 0x1ea90    : c_sdsp ra, 8(sp)           : MemWrite :  D=0x000000000001c16e A=0x7ffffffffffffa38
1259000: system.cpu: T0 : 0x1ea92    : jal ra, 9318               : IntAlu :  D=0x000000000001ea96
1259500: system.cpu: T0 : 0x20ef8    : c_addi sp, -32             : IntAlu :  D=0x7ffffffffffffa10
1260000: system.cpu: T0 : 0x20efa    : c_sdsp s2, 0(sp)           : MemWrite :  D=0x0000000000001000 A=0x7ffffffffffffa10
1260500: system.cpu: T0 : 0x20efc    : c_sdsp s1, 8(sp)           : MemWrite :  D=0x0000000000000290 A=0x7ffffffffffffa18
1261500: system.cpu: T0 : 0x20efe    : ld s1, -1200(gp)           : MemRead :  D=0x0000000000072f80 A=0x70b78
1262000: system.cpu: T0 : 0x20f02    : c_sdsp s0, 16(sp)          : MemWrite :  D=0x000000000006f5c8 A=0x7ffffffffffffa20
1262500: system.cpu: T0 : 0x20f04    : c_sdsp ra, 24(sp)          : MemWrite :  D=0x000000000001ea96 A=0x7ffffffffffffa28
1263000: system.cpu: T0 : 0x20f06    : c_mv s0, a0                : IntAlu :  D=0x0000000000021000
1263500: system.cpu: T0 : 0x20f08    : c_beqz s1, 46              : IntAlu : 
1264500: system.cpu: T0 : 0x20f0a    : lw a5, -1728(gp)           : MemRead :  D=0x0000000000000000 A=0x70968
1265000: system.cpu: T0 : 0x20f0e    : c_bnez a5, 40              : IntAlu : 
1265500: system.cpu: T0 : 0x20f10    : c_beqz s0, 24              : IntAlu : 
1266500: system.cpu: T0 : 0x20f12    : bge zero, s0, 52           : IntAlu : 
1267500: system.cpu: T0 : 0x20f16    : add a5, s0, s1             : IntAlu :  D=0x0000000000093f80
1268500: system.cpu: T0 : 0x20f1a    : sltu a5, a5, s1            : IntAlu :  D=0x0000000000000000
1269000: system.cpu: T0 : 0x20f1e    : c_beqz a5, 50              : IntAlu : 
1269500: system.cpu: T0 : 0x20f50    : add a0, s1, s0             : IntAlu :  D=0x0000000000093f80
1270000: system.cpu: T0 : 0x20f54    : jal ra, 98390              : IntAlu :  D=0x0000000000020f58
1270500: system.cpu: T0 : 0x38faa    : c_mv a5, a0                : IntAlu :  D=0x0000000000093f80
1271000: system.cpu: T0 : 0x38fac    : addi a7, zero, 214         : IntAlu :  D=0x00000000000000d6
1271500: system.cpu: T0 : 0x38fb0    : ecall                      : No_OpClass : 
1272000: system.cpu: T0 : 0x38fb4    : sd a0, -1200(gp)           : MemWrite :  D=0x0000000000093f80 A=0x70b78
1272500: system.cpu: T0 : 0x38fb8    : bltu a0, a5, 8             : IntAlu : 
1273000: system.cpu: T0 : 0x38fbc    : c_li a0, 0                 : IntAlu :  D=0x0000000000000000
1273500: system.cpu: T0 : 0x38fbe    : c_jr ra                    : IntAlu : 
1274000: system.cpu: T0 : 0x20f58    : blt a0, zero, -50          : IntAlu : 
1274500: system.cpu: T0 : 0x20f5c    : c_ldsp ra, 24(sp)          : MemRead :  D=0x000000000001ea96 A=0x7ffffffffffffa28
1275000: system.cpu: T0 : 0x20f5e    : c_ldsp s0, 16(sp)          : MemRead :  D=0x000000000006f5c8 A=0x7ffffffffffffa20
1275500: system.cpu: T0 : 0x20f60    : c_ldsp s2, 0(sp)           : MemRead :  D=0x0000000000001000 A=0x7ffffffffffffa10
1276000: system.cpu: T0 : 0x20f62    : c_mv a0, s1                : IntAlu :  D=0x0000000000072f80
1276500: system.cpu: T0 : 0x20f64    : c_ldsp s1, 8(sp)           : MemRead :  D=0x0000000000000290 A=0x7ffffffffffffa18
1277000: system.cpu: T0 : 0x20f66    : c_addi16sp sp, 32          : IntAlu :  D=0x7ffffffffffffa30
1277500: system.cpu: T0 : 0x20f68    : c_jr ra                    : IntAlu : 
1278000: system.cpu: T0 : 0x1ea96    : c_li a5, -1                : IntAlu :  D=0xffffffffffffffff
1278500: system.cpu: T0 : 0x1ea98    : beq a0, a5, 10             : IntAlu : 
1279000: system.cpu: T0 : 0x1ea9c    : c_ldsp ra, 8(sp)           : MemRead :  D=0x000000000001c16e A=0x7ffffffffffffa38
1279500: system.cpu: T0 : 0x1ea9e    : c_addi sp, 16              : IntAlu :  D=0x7ffffffffffffa40
1280000: system.cpu: T0 : 0x1eaa0    : c_jr ra                    : IntAlu : 
1280500: system.cpu: T0 : 0x1c16e    : c_ldsp a6, 8(sp)           : MemRead :  D=0xfffffffffffff000 A=0x7ffffffffffffa48
1281000: system.cpu: T0 : 0x1c170    : c_mv s2, a0                : IntAlu :  D=0x0000000000072f80
1282000: system.cpu: T0 : 0x1c172    : beq a0, zero, 502          : IntAlu : 
1283000: system.cpu: T0 : 0x1c176    : ld a5, -1392(gp)           : MemRead :  D=0x0000000000000000 A=0x70ab8
1283500: system.cpu: T0 : 0x1c17a    : c_li a4, 0                 : IntAlu :  D=0x0000000000000000
1284000: system.cpu: T0 : 0x1c17c    : bne a5, zero, 538          : IntAlu : 
1284500: system.cpu: T0 : 0x1c180    : ld a5, 72(s11)             : MemRead :  D=0x0000000000000000 A=0x6f5a0
1285000: system.cpu: T0 : 0x1c184    : beq a5, zero, 380          : IntAlu : 
1285500: system.cpu: T0 : 0x1c300    : sd s2, 72(s11)             : MemWrite :  D=0x0000000000072f80 A=0x6f5a0
1286000: system.cpu: T0 : 0x1c304    : c_j -380                   : IntAlu : 
1286500: system.cpu: T0 : 0x1c188    : c_lui s11, 1               : IntAlu :  D=0x0000000000001000
1287000: system.cpu: T0 : 0x1c18a    : c_add s11, s7              : IntAlu :  D=0x00000000000705c8
1287500: system.cpu: T0 : 0x1c18c    : ld a5, -1912(s11)          : MemRead :  D=0x0000000000000000 A=0x6fe50
1288000: system.cpu: T0 : 0x1c190    : c_add a5, s5               : IntAlu :  D=0x0000000000021000
1289000: system.cpu: T0 : 0x1c192    : sd a5, -1912(s11)          : MemWrite :  D=0x0000000000021000 A=0x6fe50
1290000: system.cpu: T0 : 0x1c196    : beq s9, s2, 342            : IntAlu : 
1291000: system.cpu: T0 : 0x1c19a    : lw a3, 4(s7)               : MemRead :  D=0x0000000000000000 A=0x6f5cc
1291500: system.cpu: T0 : 0x1c19e    : c_andi a3, 2               : IntAlu :  D=0x0000000000000000
1292000: system.cpu: T0 : 0x1c1a0    : bne a3, zero, 242          : IntAlu : 
1292500: system.cpu: T0 : 0x1c1a4    : beq s3, zero, 18           : IntAlu : 
1293500: system.cpu: T0 : 0x1c1b6    : andi a5, s2, 15            : IntAlu :  D=0x0000000000000000
1294500: system.cpu: T0 : 0x1c1ba    : bne a5, zero, 332          : IntAlu : 
1295000: system.cpu: T0 : 0x1c1be    : c_mv a4, s3                : IntAlu :  D=0x0000000000000000
1295500: system.cpu: T0 : 0x1c1c0    : c_mv s9, s2                : IntAlu :  D=0x0000000000072f80
1296000: system.cpu: T0 : 0x1c1c2    : c_add s5, a4               : IntAlu :  D=0x0000000000021000
1296500: system.cpu: T0 : 0x1c1c4    : add a0, s2, s5             : IntAlu :  D=0x0000000000093f80
1297000: system.cpu: T0 : 0x1c1c8    : c_add s10, a0              : IntAlu :  D=0x0000000000094f7f
1298000: system.cpu: T0 : 0x1c1ca    : and a6, s10, a6            : IntAlu :  D=0x0000000000094000
1298500: system.cpu: T0 : 0x1c1ce    : c_sub a4, a0               : IntAlu :  D=0xfffffffffff6c080
1299000: system.cpu: T0 : 0x1c1d0    : add s5, a6, a4             : IntAlu :  D=0x0000000000000080
1299500: system.cpu: T0 : 0x1c1d4    : blt s5, zero, 626          : IntAlu : 
1300000: system.cpu: T0 : 0x1c1d8    : ld a5, -1840(gp)           : MemRead :  D=0x000000000001ea8e A=0x708f8
1300500: system.cpu: T0 : 0x1c1dc    : c_mv a0, s5                : IntAlu :  D=0x0000000000000080
1301000: system.cpu: T0 : 0x1c1de    : c_jalr a5                  : IntAlu :  D=0x000000000001c1e0
1301500: system.cpu: T0 : 0x1ea8e    : c_addi sp, -16             : IntAlu :  D=0x7ffffffffffffa30
1302000: system.cpu: T0 : 0x1ea90    : c_sdsp ra, 8(sp)           : MemWrite :  D=0x000000000001c1e0 A=0x7ffffffffffffa38
1303000: system.cpu: T0 : 0x1ea92    : jal ra, 9318               : IntAlu :  D=0x000000000001ea96
1303500: system.cpu: T0 : 0x20ef8    : c_addi sp, -32             : IntAlu :  D=0x7ffffffffffffa10
1304000: system.cpu: T0 : 0x20efa    : c_sdsp s2, 0(sp)           : MemWrite :  D=0x0000000000072f80 A=0x7ffffffffffffa10
1304500: system.cpu: T0 : 0x20efc    : c_sdsp s1, 8(sp)           : MemWrite :  D=0x0000000000000290 A=0x7ffffffffffffa18
1305500: system.cpu: T0 : 0x20efe    : ld s1, -1200(gp)           : MemRead :  D=0x0000000000093f80 A=0x70b78
1306000: system.cpu: T0 : 0x20f02    : c_sdsp s0, 16(sp)          : MemWrite :  D=0x000000000006f5c8 A=0x7ffffffffffffa20
1306500: system.cpu: T0 : 0x20f04    : c_sdsp ra, 24(sp)          : MemWrite :  D=0x000000000001ea96 A=0x7ffffffffffffa28
1307000: system.cpu: T0 : 0x20f06    : c_mv s0, a0                : IntAlu :  D=0x0000000000000080
1307500: system.cpu: T0 : 0x20f08    : c_beqz s1, 46              : IntAlu : 
1308500: system.cpu: T0 : 0x20f0a    : lw a5, -1728(gp)           : MemRead :  D=0x0000000000000000 A=0x70968
1309000: system.cpu: T0 : 0x20f0e    : c_bnez a5, 40              : IntAlu : 
1309500: system.cpu: T0 : 0x20f10    : c_beqz s0, 24              : IntAlu : 
1310500: system.cpu: T0 : 0x20f12    : bge zero, s0, 52           : IntAlu : 
1311500: system.cpu: T0 : 0x20f16    : add a5, s0, s1             : IntAlu :  D=0x0000000000094000
1312500: system.cpu: T0 : 0x20f1a    : sltu a5, a5, s1            : IntAlu :  D=0x0000000000000000
1313000: system.cpu: T0 : 0x20f1e    : c_beqz a5, 50              : IntAlu : 
1313500: system.cpu: T0 : 0x20f50    : add a0, s1, s0             : IntAlu :  D=0x0000000000094000
1314000: system.cpu: T0 : 0x20f54    : jal ra, 98390              : IntAlu :  D=0x0000000000020f58
1314500: system.cpu: T0 : 0x38faa    : c_mv a5, a0                : IntAlu :  D=0x0000000000094000
1315000: system.cpu: T0 : 0x38fac    : addi a7, zero, 214         : IntAlu :  D=0x00000000000000d6
1315500: system.cpu: T0 : 0x38fb0    : ecall                      : No_OpClass : 
1316000: system.cpu: T0 : 0x38fb4    : sd a0, -1200(gp)           : MemWrite :  D=0x0000000000094000 A=0x70b78
1316500: system.cpu: T0 : 0x38fb8    : bltu a0, a5, 8             : IntAlu : 
1317000: system.cpu: T0 : 0x38fbc    : c_li a0, 0                 : IntAlu :  D=0x0000000000000000
1317500: system.cpu: T0 : 0x38fbe    : c_jr ra                    : IntAlu : 
1318000: system.cpu: T0 : 0x20f58    : blt a0, zero, -50          : IntAlu : 
1318500: system.cpu: T0 : 0x20f5c    : c_ldsp ra, 24(sp)          : MemRead :  D=0x000000000001ea96 A=0x7ffffffffffffa28
1319000: system.cpu: T0 : 0x20f5e    : c_ldsp s0, 16(sp)          : MemRead :  D=0x000000000006f5c8 A=0x7ffffffffffffa20
1319500: system.cpu: T0 : 0x20f60    : c_ldsp s2, 0(sp)           : MemRead :  D=0x0000000000072f80 A=0x7ffffffffffffa10
1320000: system.cpu: T0 : 0x20f62    : c_mv a0, s1                : IntAlu :  D=0x0000000000093f80
1320500: system.cpu: T0 : 0x20f64    : c_ldsp s1, 8(sp)           : MemRead :  D=0x0000000000000290 A=0x7ffffffffffffa18
1321000: system.cpu: T0 : 0x20f66    : c_addi16sp sp, 32          : IntAlu :  D=0x7ffffffffffffa30
1321500: system.cpu: T0 : 0x20f68    : c_jr ra                    : IntAlu : 
1322000: system.cpu: T0 : 0x1ea96    : c_li a5, -1                : IntAlu :  D=0xffffffffffffffff
1322500: system.cpu: T0 : 0x1ea98    : beq a0, a5, 10             : IntAlu : 
1323000: system.cpu: T0 : 0x1ea9c    : c_ldsp ra, 8(sp)           : MemRead :  D=0x000000000001c1e0 A=0x7ffffffffffffa38
1323500: system.cpu: T0 : 0x1ea9e    : c_addi sp, 16              : IntAlu :  D=0x7ffffffffffffa40
1324000: system.cpu: T0 : 0x1eaa0    : c_jr ra                    : IntAlu : 
1324500: system.cpu: T0 : 0x1c1e0    : c_mv a4, a0                : IntAlu :  D=0x0000000000093f80
1325500: system.cpu: T0 : 0x1c1e2    : beq a0, zero, 426          : IntAlu : 
1326500: system.cpu: T0 : 0x1c1e6    : ld a5, -1392(gp)           : MemRead :  D=0x0000000000000000 A=0x70ab8
1327500: system.cpu: T0 : 0x1c1ea    : bne a5, zero, 440          : IntAlu : 
1328500: system.cpu: T0 : 0x1c1ee    : ld a5, -1912(s11)          : MemRead :  D=0x0000000000021000 A=0x6fe50
1329000: system.cpu: T0 : 0x1c1f2    : c_mv s2, s9                : IntAlu :  D=0x0000000000072f80
1329500: system.cpu: T0 : 0x1c1f4    : c_add a5, s5               : IntAlu :  D=0x0000000000021080
1330000: system.cpu: T0 : 0x1c1f6    : c_j 168                    : IntAlu : 
1331000: system.cpu: T0 : 0x1c29e    : sub a4, a4, s2             : IntAlu :  D=0x0000000000021000
1331500: system.cpu: T0 : 0x1c2a2    : c_add a4, s5               : IntAlu :  D=0x0000000000021080
1332000: system.cpu: T0 : 0x1c2a4    : sd s2, 96(s7)              : MemWrite :  D=0x0000000000072f80 A=0x6f628
1332500: system.cpu: T0 : 0x1c2a8    : ori a4, a4, 1              : IntAlu :  D=0x0000000000021081
1333000: system.cpu: T0 : 0x1c2ac    : sd a4, 8(s2)               : MemWrite :  D=0x0000000000021081 A=0x72f88
1333500: system.cpu: T0 : 0x1c2b0    : sd a5, -1912(s11)          : MemWrite :  D=0x0000000000021080 A=0x6fe50
1334000: system.cpu: T0 : 0x1c2b4    : beq s3, zero, -754         : IntAlu : 
1334500: system.cpu: T0 : 0x1bfc2    : c_lui a4, 1                : IntAlu :  D=0x0000000000001000
1335000: system.cpu: T0 : 0x1bfc4    : c_add a4, s0               : IntAlu :  D=0x00000000000705c8
1336000: system.cpu: T0 : 0x1bfc6    : ld a3, -1904(a4)           : MemRead :  D=0x0000000000000000 A=0x6fe58
1337000: system.cpu: T0 : 0x1bfca    : bgeu a3, a5, 8             : IntAlu : 
1338000: system.cpu: T0 : 0x1bfce    : sd a5, -1904(a4)           : MemWrite :  D=0x0000000000021080 A=0x6fe58
1339000: system.cpu: T0 : 0x1bfd2    : ld a5, 8(s2)               : MemRead :  D=0x0000000000021081 A=0x72f88
1339500: system.cpu: T0 : 0x1bfd6    : c_andi a5, 18446744073709551608 : IntAlu :  D=0x0000000000021080
1340000: system.cpu: T0 : 0x1bfd8    : bltu a5, s8, 298           : IntAlu : 
1340500: system.cpu: T0 : 0x1bfdc    : add a4, s2, s1             : IntAlu :  D=0x0000000000073210
1341000: system.cpu: T0 : 0x1bfe0    : c_sd a4, 96(s0)            : MemWrite :  D=0x0000000000073210 A=0x6f628
1341500: system.cpu: T0 : 0x1bfe2    : c_sub a5, s1               : IntAlu :  D=0x0000000000020df0
1342000: system.cpu: T0 : 0x1bfe4    : beq s0, s7, 8              : IntAlu : 
1342500: system.cpu: T0 : 0x1bfec    : ori s1, s1, 1              : IntAlu :  D=0x0000000000000291
1343000: system.cpu: T0 : 0x1bff0    : sd s1, 8(s2)               : MemWrite :  D=0x0000000000000291 A=0x72f88
1343500: system.cpu: T0 : 0x1bff4    : ori a5, a5, 1              : IntAlu :  D=0x0000000000020df1
1344000: system.cpu: T0 : 0x1bff8    : c_sd a5, 8(a4)             : MemWrite :  D=0x0000000000020df1 A=0x73218
1344500: system.cpu: T0 : 0x1bff8    : c_sd a5, 8(a4)             : MemWrite :  D=0x0000000000020df1 A=0x73218
1345500: system.cpu: T0 : 0x1bffa    : addi a0, s2, 16            : IntAlu :  D=0x0000000000072f90
1346000: system.cpu: T0 : 0x1bffe    : c_ldsp ra, 152(sp)         : MemRead :  D=0x000000000001cc04 A=0x7ffffffffffffad8
1346500: system.cpu: T0 : 0x1c000    : c_ldsp s0, 144(sp)         : MemRead :  D=0x0000000000000290 A=0x7ffffffffffffad0
1347000: system.cpu: T0 : 0x1c002    : c_ldsp s1, 136(sp)         : MemRead :  D=0x000000000006f5c8 A=0x7ffffffffffffac8
1347500: system.cpu: T0 : 0x1c004    : c_ldsp s2, 128(sp)         : MemRead :  D=0x0000000000000004 A=0x7ffffffffffffac0
1348000: system.cpu: T0 : 0x1c006    : c_ldsp s3, 120(sp)         : MemRead :  D=0x0000000000000280 A=0x7ffffffffffffab8
1348500: system.cpu: T0 : 0x1c008    : c_ldsp s4, 112(sp)         : MemRead :  D=0x0000000000000000 A=0x7ffffffffffffab0
1349000: system.cpu: T0 : 0x1c00a    : c_ldsp s5, 104(sp)         : MemRead :  D=0x0000000000000000 A=0x7ffffffffffffaa8
1349500: system.cpu: T0 : 0x1c00c    : c_ldsp s6, 96(sp)          : MemRead :  D=0x0000000000000027 A=0x7ffffffffffffaa0
1350000: system.cpu: T0 : 0x1c00e    : c_ldsp s7, 88(sp)          : MemRead :  D=0x000000000006f558 A=0x7ffffffffffffa98
1350500: system.cpu: T0 : 0x1c010    : c_ldsp s8, 80(sp)          : MemRead :  D=0x000000000006f628 A=0x7ffffffffffffa90
1351000: system.cpu: T0 : 0x1c012    : c_ldsp s9, 72(sp)          : MemRead :  D=0x0000000000000029 A=0x7ffffffffffffa88
1351500: system.cpu: T0 : 0x1c014    : c_ldsp s10, 64(sp)         : MemRead :  D=0x000000000000000a A=0x7ffffffffffffa80
1352000: system.cpu: T0 : 0x1c016    : c_ldsp s11, 56(sp)         : MemRead :  D=0x0000000000001000 A=0x7ffffffffffffa78
1352500: system.cpu: T0 : 0x1c018    : c_addi16sp sp, 160         : IntAlu :  D=0x7ffffffffffffae0
1353000: system.cpu: T0 : 0x1c01a    : c_jr ra                    : IntAlu : 
1353500: system.cpu: T0 : 0x1cc04    : c_mv s2, a0                : IntAlu :  D=0x0000000000072f90
1354500: system.cpu: T0 : 0x1cc06    : bne a0, zero, -672         : IntAlu : 
1355500: system.cpu: T0 : 0x1c966    : lw a1, -1396(gp)           : MemRead :  D=0x0000000000000000 A=0x70ab4
1356500: system.cpu: T0 : 0x1c96a    : beq a1, zero, -516         : IntAlu : 
1357000: system.cpu: T0 : 0x1c766    : c_ldsp ra, 248(sp)         : MemRead :  D=0x000000000001cfa6 A=0x7ffffffffffffbd8
1357500: system.cpu: T0 : 0x1c768    : c_ldsp s0, 240(sp)         : MemRead :  D=0x000000000006f5c8 A=0x7ffffffffffffbd0
1358000: system.cpu: T0 : 0x1c76a    : c_ldsp s1, 232(sp)         : MemRead :  D=0x000000000006f5c8 A=0x7ffffffffffffbc8
1358500: system.cpu: T0 : 0x1c76c    : c_ldsp s3, 216(sp)         : MemRead :  D=0x0000000000000000 A=0x7ffffffffffffbb8
1359000: system.cpu: T0 : 0x1c76e    : c_ldsp s4, 208(sp)         : MemRead :  D=0x0000000000000000 A=0x7ffffffffffffbb0
1359500: system.cpu: T0 : 0x1c770    : c_ldsp s5, 200(sp)         : MemRead :  D=0x0000000000000000 A=0x7ffffffffffffba8
1360000: system.cpu: T0 : 0x1c772    : c_ldsp s6, 192(sp)         : MemRead :  D=0x0000000000072000 A=0x7ffffffffffffba0
1360500: system.cpu: T0 : 0x1c774    : c_ldsp s7, 184(sp)         : MemRead :  D=0x0000000000000000 A=0x7ffffffffffffb98
1361000: system.cpu: T0 : 0x1c776    : c_ldsp s8, 176(sp)         : MemRead :  D=0x0000000000000000 A=0x7ffffffffffffb90
1361500: system.cpu: T0 : 0x1c778    : c_ldsp s9, 168(sp)         : MemRead :  D=0x0000000000000003 A=0x7ffffffffffffb88
1362000: system.cpu: T0 : 0x1c77a    : c_ldsp s10, 160(sp)        : MemRead :  D=0x0000000000000000 A=0x7ffffffffffffb80
1362500: system.cpu: T0 : 0x1c77c    : c_ldsp s11, 152(sp)        : MemRead :  D=0x0000000000000000 A=0x7ffffffffffffb78
1363000: system.cpu: T0 : 0x1c77e    : c_mv a0, s2                : IntAlu :  D=0x0000000000072f90
1363500: system.cpu: T0 : 0x1c780    : c_ldsp s2, 224(sp)         : MemRead :  D=0x0000000000000002 A=0x7ffffffffffffbc0
1364000: system.cpu: T0 : 0x1c782    : c_addi16sp sp, 256         : IntAlu :  D=0x7ffffffffffffbe0
1364500: system.cpu: T0 : 0x1c784    : c_jr ra                    : IntAlu : 
1365000: system.cpu: T0 : 0x1cfa6    : c_mv a5, a0                : IntAlu :  D=0x0000000000072f90
1365500: system.cpu: T0 : 0x1cfa8    : c_beqz a0, 70              : IntAlu : 
1366000: system.cpu: T0 : 0x1cfaa    : c_li a4, 0                 : IntAlu :  D=0x0000000000000000
1366500: system.cpu: T0 : 0x1cfac    : fence iorw, ow             : No_OpClass : 
1367000: system.cpu: T0 : 0x1cfb0    : amoswap_w a4, a4, (s0)    
1367000: system.cpu: T0 : 0x1cfb0. 0 : amoswap_w[l] a4, a4, (s0)  : MemRead :  D=0x0000000000000001 A=0x6f5c8
1367500: system.cpu: T0 : 0x1cfb4    : c_addiw a4, 0              : IntAlu :  D=0x0000000000000001
1368000: system.cpu: T0 : 0x1cfb6    : c_li a3, 1                 : IntAlu :  D=0x0000000000000001
1368500: system.cpu: T0 : 0x1cfb8    : blt a3, a4, 96             : IntAlu : 
1369000: system.cpu: T0 : 0x1cfbc    : c_ldsp s0, 16(sp)          : MemRead :  D=0x0000000000000024 A=0x7ffffffffffffbf0
1369500: system.cpu: T0 : 0x1cfbe    : c_ldsp ra, 24(sp)          : MemRead :  D=0x000000000001d92c A=0x7ffffffffffffbf8
1370000: system.cpu: T0 : 0x1cfc0    : c_ldsp s1, 8(sp)           : MemRead :  D=0x0000000000000001 A=0x7ffffffffffffbe8
1371000: system.cpu: T0 : 0x1cfc2    : sd a5, 40(tp)              : MemWrite :  D=0x0000000000072f90 A=0x72738
1372000: system.cpu: T0 : 0x1cfc6    : addi a2, zero, 640         : IntAlu :  D=0x0000000000000280
1372500: system.cpu: T0 : 0x1cfca    : c_li a1, 0                 : IntAlu :  D=0x0000000000000000
1373000: system.cpu: T0 : 0x1cfcc    : c_mv a0, a5                : IntAlu :  D=0x0000000000072f90
1373500: system.cpu: T0 : 0x1cfce    : c_addi16sp sp, 32          : IntAlu :  D=0x7ffffffffffffc00
1374000: system.cpu: T0 : 0x1cfd0    : jal zero, 10394            : IntAlu :  D=0x000000000001cfd4
1374500: system.cpu: T0 : 0x1f86a    : c_li a4, 7                 : IntAlu :  D=0x0000000000000007
1375000: system.cpu: T0 : 0x1f86c    : c_mv a5, a0                : IntAlu :  D=0x0000000000072f90
1376000: system.cpu: T0 : 0x1f86e    : bgeu a4, a2, 140           : IntAlu : 
1377000: system.cpu: T0 : 0x1f872    : andi a7, a1, 255           : IntAlu :  D=0x0000000000000000
1378000: system.cpu: T0 : 0x1f876    : slli a3, a7, 8             : IntAlu :  D=0x0000000000000000
1379000: system.cpu: T0 : 0x1f87a    : or a3, a3, a7              : IntAlu :  D=0x0000000000000000
1380000: system.cpu: T0 : 0x1f87e    : slli a4, a3, 16            : IntAlu :  D=0x0000000000000000
1380500: system.cpu: T0 : 0x1f882    : c_or a3, a4                : IntAlu :  D=0x0000000000000000
1381000: system.cpu: T0 : 0x1f884    : slli a4, a3, 32            : IntAlu :  D=0x0000000000000000
1381500: system.cpu: T0 : 0x1f888    : andi a6, a0, 7             : IntAlu :  D=0x0000000000000000
1382000: system.cpu: T0 : 0x1f88c    : c_or a4, a3                : IntAlu :  D=0x0000000000000000
1383000: system.cpu: T0 : 0x1f88e    : beq a6, zero, 130          : IntAlu : 
1383500: system.cpu: T0 : 0x1f910    : c_mv a3, a2                : IntAlu :  D=0x0000000000000280
1384000: system.cpu: T0 : 0x1f912    : c_j -108                   : IntAlu : 
1385000: system.cpu: T0 : 0x1f8a6    : srli a6, a3, 6             : IntAlu :  D=0x000000000000000a
1386000: system.cpu: T0 : 0x1f8aa    : beq a6, zero, 42           : IntAlu : 
1387000: system.cpu: T0 : 0x1f8ae    : slli a2, a6, 6             : IntAlu :  D=0x0000000000000280
1387500: system.cpu: T0 : 0x1f8b2    : c_mv a7, a5                : IntAlu :  D=0x0000000000072f90
1388000: system.cpu: T0 : 0x1f8b4    : c_add a2, a5               : IntAlu :  D=0x0000000000073210
1388500: system.cpu: T0 : 0x1f8b6    : c_sd a4, 0(a5)             : MemWrite :  D=0x0000000000000000 A=0x72f90
1389000: system.cpu: T0 : 0x1f8b8    : c_sd a4, 8(a5)             : MemWrite :  D=0x0000000000000000 A=0x72f98
1389500: system.cpu: T0 : 0x1f8ba    : c_sd a4, 16(a5)            : MemWrite :  D=0x0000000000000000 A=0x72fa0
1390000: system.cpu: T0 : 0x1f8bc    : c_sd a4, 24(a5)            : MemWrite :  D=0x0000000000000000 A=0x72fa8
1390500: system.cpu: T0 : 0x1f8be    : c_sd a4, 32(a5)            : MemWrite :  D=0x0000000000000000 A=0x72fb0
1391000: system.cpu: T0 : 0x1f8c0    : c_sd a4, 40(a5)            : MemWrite :  D=0x0000000000000000 A=0x72fb8
1391500: system.cpu: T0 : 0x1f8c2    : c_sd a4, 48(a5)            : MemWrite :  D=0x0000000000000000 A=0x72fc0
1392000: system.cpu: T0 : 0x1f8c4    : c_sd a4, 56(a5)            : MemWrite :  D=0x0000000000000000 A=0x72fc8
1393000: system.cpu: T0 : 0x1f8c6    : addi a5, a5, 64            : IntAlu :  D=0x0000000000072fd0
1394000: system.cpu: T0 : 0x1f8ca    : bne a2, a5, -20            : IntAlu : 
1394500: system.cpu: T0 : 0x1f8b6    : c_sd a4, 0(a5)             : MemWrite :  D=0x0000000000000000 A=0x72fd0
1395000: system.cpu: T0 : 0x1f8b8    : c_sd a4, 8(a5)             : MemWrite :  D=0x0000000000000000 A=0x72fd8
1395500: system.cpu: T0 : 0x1f8ba    : c_sd a4, 16(a5)            : MemWrite :  D=0x0000000000000000 A=0x72fe0
1396000: system.cpu: T0 : 0x1f8bc    : c_sd a4, 24(a5)            : MemWrite :  D=0x0000000000000000 A=0x72fe8
1396500: system.cpu: T0 : 0x1f8be    : c_sd a4, 32(a5)            : MemWrite :  D=0x0000000000000000 A=0x72ff0
1397000: system.cpu: T0 : 0x1f8c0    : c_sd a4, 40(a5)            : MemWrite :  D=0x0000000000000000 A=0x72ff8
1397500: system.cpu: T0 : 0x1f8c2    : c_sd a4, 48(a5)            : MemWrite :  D=0x0000000000000000 A=0x73000
1398000: system.cpu: T0 : 0x1f8c4    : c_sd a4, 56(a5)            : MemWrite :  D=0x0000000000000000 A=0x73008
1399000: system.cpu: T0 : 0x1f8c6    : addi a5, a5, 64            : IntAlu :  D=0x0000000000073010
1400000: system.cpu: T0 : 0x1f8ca    : bne a2, a5, -20            : IntAlu : 
1400500: system.cpu: T0 : 0x1f8b6    : c_sd a4, 0(a5)             : MemWrite :  D=0x0000000000000000 A=0x73010
1401000: system.cpu: T0 : 0x1f8b8    : c_sd a4, 8(a5)             : MemWrite :  D=0x0000000000000000 A=0x73018
1401500: system.cpu: T0 : 0x1f8ba    : c_sd a4, 16(a5)            : MemWrite :  D=0x0000000000000000 A=0x73020
1402000: system.cpu: T0 : 0x1f8bc    : c_sd a4, 24(a5)            : MemWrite :  D=0x0000000000000000 A=0x73028
1402500: system.cpu: T0 : 0x1f8be    : c_sd a4, 32(a5)            : MemWrite :  D=0x0000000000000000 A=0x73030
1403000: system.cpu: T0 : 0x1f8c0    : c_sd a4, 40(a5)            : MemWrite :  D=0x0000000000000000 A=0x73038
1403500: system.cpu: T0 : 0x1f8c2    : c_sd a4, 48(a5)            : MemWrite :  D=0x0000000000000000 A=0x73040
1404000: system.cpu: T0 : 0x1f8c4    : c_sd a4, 56(a5)            : MemWrite :  D=0x0000000000000000 A=0x73048
1405000: system.cpu: T0 : 0x1f8c6    : addi a5, a5, 64            : IntAlu :  D=0x0000000000073050
1406000: system.cpu: T0 : 0x1f8ca    : bne a2, a5, -20            : IntAlu : 
1406500: system.cpu: T0 : 0x1f8b6    : c_sd a4, 0(a5)             : MemWrite :  D=0x0000000000000000 A=0x73050
1407000: system.cpu: T0 : 0x1f8b8    : c_sd a4, 8(a5)             : MemWrite :  D=0x0000000000000000 A=0x73058
1407500: system.cpu: T0 : 0x1f8ba    : c_sd a4, 16(a5)            : MemWrite :  D=0x0000000000000000 A=0x73060
1408000: system.cpu: T0 : 0x1f8bc    : c_sd a4, 24(a5)            : MemWrite :  D=0x0000000000000000 A=0x73068
1408500: system.cpu: T0 : 0x1f8be    : c_sd a4, 32(a5)            : MemWrite :  D=0x0000000000000000 A=0x73070
1409000: system.cpu: T0 : 0x1f8c0    : c_sd a4, 40(a5)            : MemWrite :  D=0x0000000000000000 A=0x73078
1409500: system.cpu: T0 : 0x1f8c2    : c_sd a4, 48(a5)            : MemWrite :  D=0x0000000000000000 A=0x73080
1410000: system.cpu: T0 : 0x1f8c4    : c_sd a4, 56(a5)            : MemWrite :  D=0x0000000000000000 A=0x73088
1411000: system.cpu: T0 : 0x1f8c6    : addi a5, a5, 64            : IntAlu :  D=0x0000000000073090
1412000: system.cpu: T0 : 0x1f8ca    : bne a2, a5, -20            : IntAlu : 
1412500: system.cpu: T0 : 0x1f8b6    : c_sd a4, 0(a5)             : MemWrite :  D=0x0000000000000000 A=0x73090
1413000: system.cpu: T0 : 0x1f8b8    : c_sd a4, 8(a5)             : MemWrite :  D=0x0000000000000000 A=0x73098
1413500: system.cpu: T0 : 0x1f8ba    : c_sd a4, 16(a5)            : MemWrite :  D=0x0000000000000000 A=0x730a0
1414000: system.cpu: T0 : 0x1f8bc    : c_sd a4, 24(a5)            : MemWrite :  D=0x0000000000000000 A=0x730a8
1414500: system.cpu: T0 : 0x1f8be    : c_sd a4, 32(a5)            : MemWrite :  D=0x0000000000000000 A=0x730b0
1415000: system.cpu: T0 : 0x1f8c0    : c_sd a4, 40(a5)            : MemWrite :  D=0x0000000000000000 A=0x730b8
1415500: system.cpu: T0 : 0x1f8c2    : c_sd a4, 48(a5)            : MemWrite :  D=0x0000000000000000 A=0x730c0
1416000: system.cpu: T0 : 0x1f8c4    : c_sd a4, 56(a5)            : MemWrite :  D=0x0000000000000000 A=0x730c8
1417000: system.cpu: T0 : 0x1f8c6    : addi a5, a5, 64            : IntAlu :  D=0x00000000000730d0
1418000: system.cpu: T0 : 0x1f8ca    : bne a2, a5, -20            : IntAlu : 
1418500: system.cpu: T0 : 0x1f8b6    : c_sd a4, 0(a5)             : MemWrite :  D=0x0000000000000000 A=0x730d0
1419000: system.cpu: T0 : 0x1f8b8    : c_sd a4, 8(a5)             : MemWrite :  D=0x0000000000000000 A=0x730d8
1419500: system.cpu: T0 : 0x1f8ba    : c_sd a4, 16(a5)            : MemWrite :  D=0x0000000000000000 A=0x730e0
1420000: system.cpu: T0 : 0x1f8bc    : c_sd a4, 24(a5)            : MemWrite :  D=0x0000000000000000 A=0x730e8
1420500: system.cpu: T0 : 0x1f8be    : c_sd a4, 32(a5)            : MemWrite :  D=0x0000000000000000 A=0x730f0
1421000: system.cpu: T0 : 0x1f8c0    : c_sd a4, 40(a5)            : MemWrite :  D=0x0000000000000000 A=0x730f8
1421500: system.cpu: T0 : 0x1f8c2    : c_sd a4, 48(a5)            : MemWrite :  D=0x0000000000000000 A=0x73100
1422000: system.cpu: T0 : 0x1f8c4    : c_sd a4, 56(a5)            : MemWrite :  D=0x0000000000000000 A=0x73108
1423000: system.cpu: T0 : 0x1f8c6    : addi a5, a5, 64            : IntAlu :  D=0x0000000000073110
1424000: system.cpu: T0 : 0x1f8ca    : bne a2, a5, -20            : IntAlu : 
1424500: system.cpu: T0 : 0x1f8b6    : c_sd a4, 0(a5)             : MemWrite :  D=0x0000000000000000 A=0x73110
1425000: system.cpu: T0 : 0x1f8b8    : c_sd a4, 8(a5)             : MemWrite :  D=0x0000000000000000 A=0x73118
1425500: system.cpu: T0 : 0x1f8ba    : c_sd a4, 16(a5)            : MemWrite :  D=0x0000000000000000 A=0x73120
1426000: system.cpu: T0 : 0x1f8bc    : c_sd a4, 24(a5)            : MemWrite :  D=0x0000000000000000 A=0x73128
1426500: system.cpu: T0 : 0x1f8be    : c_sd a4, 32(a5)            : MemWrite :  D=0x0000000000000000 A=0x73130
1427000: system.cpu: T0 : 0x1f8c0    : c_sd a4, 40(a5)            : MemWrite :  D=0x0000000000000000 A=0x73138
1427500: system.cpu: T0 : 0x1f8c2    : c_sd a4, 48(a5)            : MemWrite :  D=0x0000000000000000 A=0x73140
1428000: system.cpu: T0 : 0x1f8c4    : c_sd a4, 56(a5)            : MemWrite :  D=0x0000000000000000 A=0x73148
1429000: system.cpu: T0 : 0x1f8c6    : addi a5, a5, 64            : IntAlu :  D=0x0000000000073150
1430000: system.cpu: T0 : 0x1f8ca    : bne a2, a5, -20            : IntAlu : 
1430500: system.cpu: T0 : 0x1f8b6    : c_sd a4, 0(a5)             : MemWrite :  D=0x0000000000000000 A=0x73150
1431000: system.cpu: T0 : 0x1f8b8    : c_sd a4, 8(a5)             : MemWrite :  D=0x0000000000000000 A=0x73158
1431500: system.cpu: T0 : 0x1f8ba    : c_sd a4, 16(a5)            : MemWrite :  D=0x0000000000000000 A=0x73160
1432000: system.cpu: T0 : 0x1f8bc    : c_sd a4, 24(a5)            : MemWrite :  D=0x0000000000000000 A=0x73168
1432500: system.cpu: T0 : 0x1f8be    : c_sd a4, 32(a5)            : MemWrite :  D=0x0000000000000000 A=0x73170
1433000: system.cpu: T0 : 0x1f8c0    : c_sd a4, 40(a5)            : MemWrite :  D=0x0000000000000000 A=0x73178
1433500: system.cpu: T0 : 0x1f8c2    : c_sd a4, 48(a5)            : MemWrite :  D=0x0000000000000000 A=0x73180
1434000: system.cpu: T0 : 0x1f8c4    : c_sd a4, 56(a5)            : MemWrite :  D=0x0000000000000000 A=0x73188
1435000: system.cpu: T0 : 0x1f8c6    : addi a5, a5, 64            : IntAlu :  D=0x0000000000073190
1436000: system.cpu: T0 : 0x1f8ca    : bne a2, a5, -20            : IntAlu : 
1436500: system.cpu: T0 : 0x1f8b6    : c_sd a4, 0(a5)             : MemWrite :  D=0x0000000000000000 A=0x73190
1437000: system.cpu: T0 : 0x1f8b8    : c_sd a4, 8(a5)             : MemWrite :  D=0x0000000000000000 A=0x73198
1437500: system.cpu: T0 : 0x1f8ba    : c_sd a4, 16(a5)            : MemWrite :  D=0x0000000000000000 A=0x731a0
1438000: system.cpu: T0 : 0x1f8bc    : c_sd a4, 24(a5)            : MemWrite :  D=0x0000000000000000 A=0x731a8
1438500: system.cpu: T0 : 0x1f8be    : c_sd a4, 32(a5)            : MemWrite :  D=0x0000000000000000 A=0x731b0
1439000: system.cpu: T0 : 0x1f8c0    : c_sd a4, 40(a5)            : MemWrite :  D=0x0000000000000000 A=0x731b8
1439500: system.cpu: T0 : 0x1f8c2    : c_sd a4, 48(a5)            : MemWrite :  D=0x0000000000000000 A=0x731c0
1440000: system.cpu: T0 : 0x1f8c4    : c_sd a4, 56(a5)            : MemWrite :  D=0x0000000000000000 A=0x731c8
1441000: system.cpu: T0 : 0x1f8c6    : addi a5, a5, 64            : IntAlu :  D=0x00000000000731d0
1442000: system.cpu: T0 : 0x1f8ca    : bne a2, a5, -20            : IntAlu : 
1442500: system.cpu: T0 : 0x1f8b6    : c_sd a4, 0(a5)             : MemWrite :  D=0x0000000000000000 A=0x731d0
1443000: system.cpu: T0 : 0x1f8b8    : c_sd a4, 8(a5)             : MemWrite :  D=0x0000000000000000 A=0x731d8
1443500: system.cpu: T0 : 0x1f8ba    : c_sd a4, 16(a5)            : MemWrite :  D=0x0000000000000000 A=0x731e0
1444000: system.cpu: T0 : 0x1f8bc    : c_sd a4, 24(a5)            : MemWrite :  D=0x0000000000000000 A=0x731e8
1444500: system.cpu: T0 : 0x1f8be    : c_sd a4, 32(a5)            : MemWrite :  D=0x0000000000000000 A=0x731f0
1445000: system.cpu: T0 : 0x1f8c0    : c_sd a4, 40(a5)            : MemWrite :  D=0x0000000000000000 A=0x731f8
1445500: system.cpu: T0 : 0x1f8c2    : c_sd a4, 48(a5)            : MemWrite :  D=0x0000000000000000 A=0x73200
1446000: system.cpu: T0 : 0x1f8c4    : c_sd a4, 56(a5)            : MemWrite :  D=0x0000000000000000 A=0x73208
1447000: system.cpu: T0 : 0x1f8c6    : addi a5, a5, 64            : IntAlu :  D=0x0000000000073210
1448000: system.cpu: T0 : 0x1f8ca    : bne a2, a5, -20            : IntAlu : 
1449000: system.cpu: T0 : 0x1f8ce    : slli a5, a6, 6             : IntAlu :  D=0x0000000000000280
1449500: system.cpu: T0 : 0x1f8d2    : c_add a5, a7               : IntAlu :  D=0x0000000000073210
1450000: system.cpu: T0 : 0x1f8d4    : srli a6, a3, 3             : IntAlu :  D=0x0000000000000050
1450500: system.cpu: T0 : 0x1f8d8    : andi a6, a6, 7             : IntAlu :  D=0x0000000000000000
1451000: system.cpu: T0 : 0x1f8dc    : beq a6, zero, 26           : IntAlu : 
1452000: system.cpu: T0 : 0x1f8f6    : andi a2, a3, 7             : IntAlu :  D=0x0000000000000000
1453000: system.cpu: T0 : 0x1f8fa    : andi a1, a1, 255           : IntAlu :  D=0x0000000000000000
1454000: system.cpu: T0 : 0x1f8fe    : add a4, a5, a2             : IntAlu :  D=0x0000000000073210
1454500: system.cpu: T0 : 0x1f902    : c_beqz a2, 12              : IntAlu : 
1455000: system.cpu: T0 : 0x1f90e    : c_jr ra                    : IntAlu : 
1455500: system.cpu: T0 : 0x1d92c    : lui a5, 111                : IntAlu :  D=0x000000000006f000
1456000: system.cpu: T0 : 0x1d930    : ld a5, 1448(a5)            : MemRead :  D=0x0000000000000040 A=0x6f5a8
1456500: system.cpu: T0 : 0x1d934    : bgeu s1, a5, -100          : IntAlu : 
1457000: system.cpu: T0 : 0x1d938    : ld a4, 40(tp)              : MemRead :  D=0x0000000000072f90 A=0x72738
1457500: system.cpu: T0 : 0x1d93c    : c_beqz a4, -108            : IntAlu : 
1458500: system.cpu: T0 : 0x1d93e    : slli a3, s1, 1             : IntAlu :  D=0x0000000000000002
1459000: system.cpu: T0 : 0x1d942    : c_add a3, a4               : IntAlu :  D=0x0000000000072f92
1459500: system.cpu: T0 : 0x1d944    : lhu a2, 0(a3)              : MemRead :  D=0x0000000000000000 A=0x72f92
1460000: system.cpu: T0 : 0x1d948    : c_beqz a2, -120            : IntAlu : 
1460500: system.cpu: T0 : 0x1d8d0    : lw a5, -1808(tp)           : MemRead :  D=0x0000000000000000 A=0x72000
1461000: system.cpu: T0 : 0x1d8d4    : c_bnez a5, 210             : IntAlu : 
1462000: system.cpu: T0 : 0x1d8d6    : lui s1, 111                : IntAlu :  D=0x000000000006f000
1462500: system.cpu: T0 : 0x1d8da    : c_mv a1, s0                : IntAlu :  D=0x0000000000000024
1463000: system.cpu: T0 : 0x1d8dc    : addi a0, s1, 1480          : IntAlu :  D=0x000000000006f5c8
1463500: system.cpu: T0 : 0x1d8e0    : jal ra, -5228              : IntAlu :  D=0x000000000001d8e4
1464000: system.cpu: T0 : 0x1c474    : c_addi16sp sp, -256        : IntAlu :  D=0x7ffffffffffffb00
1464500: system.cpu: T0 : 0x1c476    : c_sdsp ra, 248(sp)         : MemWrite :  D=0x000000000001d8e4 A=0x7ffffffffffffbf8
1465000: system.cpu: T0 : 0x1c478    : c_sdsp s0, 240(sp)         : MemWrite :  D=0x0000000000000024 A=0x7ffffffffffffbf0
1465500: system.cpu: T0 : 0x1c47a    : c_sdsp s1, 232(sp)         : MemWrite :  D=0x000000000006f000 A=0x7ffffffffffffbe8
1466000: system.cpu: T0 : 0x1c47c    : c_sdsp s2, 224(sp)         : MemWrite :  D=0x0000000000000002 A=0x7ffffffffffffbe0
1466500: system.cpu: T0 : 0x1c47e    : c_sdsp s3, 216(sp)         : MemWrite :  D=0x0000000000000000 A=0x7ffffffffffffbd8
1467000: system.cpu: T0 : 0x1c480    : c_sdsp s4, 208(sp)         : MemWrite :  D=0x0000000000000000 A=0x7ffffffffffffbd0
1467500: system.cpu: T0 : 0x1c482    : c_sdsp s5, 200(sp)         : MemWrite :  D=0x0000000000000000 A=0x7ffffffffffffbc8
1468000: system.cpu: T0 : 0x1c484    : c_sdsp s6, 192(sp)         : MemWrite :  D=0x0000000000072000 A=0x7ffffffffffffbc0
1468500: system.cpu: T0 : 0x1c486    : c_sdsp s7, 184(sp)         : MemWrite :  D=0x0000000000000000 A=0x7ffffffffffffbb8
1469000: system.cpu: T0 : 0x1c488    : c_sdsp s8, 176(sp)         : MemWrite :  D=0x0000000000000000 A=0x7ffffffffffffbb0
1469500: system.cpu: T0 : 0x1c48a    : c_sdsp s9, 168(sp)         : MemWrite :  D=0x0000000000000003 A=0x7ffffffffffffba8
1470000: system.cpu: T0 : 0x1c48c    : c_sdsp s10, 160(sp)        : MemWrite :  D=0x0000000000000000 A=0x7ffffffffffffba0
1470500: system.cpu: T0 : 0x1c48e    : c_sdsp s11, 152(sp)        : MemWrite :  D=0x0000000000000000 A=0x7ffffffffffffb98
1471000: system.cpu: T0 : 0x1c490    : blt a1, zero, 1198         : IntAlu : 
1471500: system.cpu: T0 : 0x1c494    : addi s0, a1, 23            : IntAlu :  D=0x000000000000003b
1472000: system.cpu: T0 : 0x1c498    : c_li a5, 31                : IntAlu :  D=0x000000000000001f
1472500: system.cpu: T0 : 0x1c49a    : c_mv s3, a1                : IntAlu :  D=0x0000000000000024
1473000: system.cpu: T0 : 0x1c49c    : c_mv s1, a0                : IntAlu :  D=0x000000000006f5c8
1474000: system.cpu: T0 : 0x1c49e    : bltu a5, s0, 220           : IntAlu : 
1474500: system.cpu: T0 : 0x1c57a    : c_andi s0, 18446744073709551600 : IntAlu :  D=0x0000000000000030
1475000: system.cpu: T0 : 0x1c57c    : beq a0, zero, 988          : IntAlu : 
1475500: system.cpu: T0 : 0x1c580    : ld a4, -1376(gp)           : MemRead :  D=0x0000000000000080 A=0x70ac8
1476000: system.cpu: T0 : 0x1c584    : srliw s9, s0, 4            : IntAlu :  D=0x0000000000000003
1476500: system.cpu: T0 : 0x1c588    : srliw a5, s0, 4            : IntAlu :  D=0x0000000000000003
1477000: system.cpu: T0 : 0x1c58c    : bgeu a4, s0, 506           : IntAlu : 
1477500: system.cpu: T0 : 0x1c786    : c_addiw a5, -2             : IntAlu :  D=0x0000000000000001
1478000: system.cpu: T0 : 0x1c788    : slli a2, a5, 32            : IntAlu :  D=0x0000000100000000
1478500: system.cpu: T0 : 0x1c78c    : c_srli a2, 32              : IntAlu :  D=0x0000000000000001
1479000: system.cpu: T0 : 0x1c78e    : c_addi a2, 2               : IntAlu :  D=0x0000000000000003
1479500: system.cpu: T0 : 0x1c790    : c_slli a2, 3               : IntAlu :  D=0x0000000000000018
1480000: system.cpu: T0 : 0x1c792    : c_j -376                   : IntAlu : 
1480500: system.cpu: T0 : 0x1c61a    : c_slli a5, 32              : IntAlu :  D=0x0000000100000000
1481000: system.cpu: T0 : 0x1c61c    : c_srli a5, 29              : IntAlu :  D=0x0000000000000008
1481500: system.cpu: T0 : 0x1c61e    : c_add a5, s1               : IntAlu :  D=0x000000000006f5d0
1482000: system.cpu: T0 : 0x1c620    : ld s2, 16(a5)              : MemRead :  D=0x0000000000000000 A=0x6f5e0
1482500: system.cpu: T0 : 0x1c624    : beq s2, zero, 170          : IntAlu : 
1483500: system.cpu: T0 : 0x1c6ce    : addiw a5, s9, -1           : IntAlu :  D=0x0000000000000002
1484500: system.cpu: T0 : 0x1c6d2    : slliw a5, a5, 1            : IntAlu :  D=0x0000000000000004
1485000: system.cpu: T0 : 0x1c6d6    : c_slli a5, 32              : IntAlu :  D=0x0000000400000000
1485500: system.cpu: T0 : 0x1c6d8    : c_srli a5, 32              : IntAlu :  D=0x0000000000000004
1486000: system.cpu: T0 : 0x1c6da    : c_addi a5, 14              : IntAlu :  D=0x0000000000000012
1486500: system.cpu: T0 : 0x1c6dc    : c_slli a5, 3               : IntAlu :  D=0x0000000000000090
1487000: system.cpu: T0 : 0x1c6de    : c_j -550                   : IntAlu : 
1487500: system.cpu: T0 : 0x1c4b8    : c_add a5, s1               : IntAlu :  D=0x000000000006f658
1488500: system.cpu: T0 : 0x1c4ba    : ld s2, 8(a5)               : MemRead :  D=0x000000000006f648 A=0x6f660
1489500: system.cpu: T0 : 0x1c4be    : addi a3, a5, -16           : IntAlu :  D=0x000000000006f648
1490500: system.cpu: T0 : 0x1c4c2    : beq a3, s2, 748            : IntAlu : 
1491500: system.cpu: T0 : 0x1c7ae    : srli t1, s0, 9             : IntAlu :  D=0x0000000000000000
1492500: system.cpu: T0 : 0x1c7b2    : addiw a5, t1, 91           : IntAlu :  D=0x000000000000005b
1493500: system.cpu: T0 : 0x1c7b6    : srli s10, s0, 6            : IntAlu :  D=0x0000000000000000
1494000: system.cpu: T0 : 0x1c7ba    : c_sdsp a5, 96(sp)          : MemWrite :  D=0x000000000000005b A=0x7ffffffffffffb60
1494500: system.cpu: T0 : 0x1c7bc    : addiw a5, s10, 48          : IntAlu :  D=0x0000000000000030
1495000: system.cpu: T0 : 0x1c7c0    : c_sdsp a5, 88(sp)          : MemWrite :  D=0x0000000000000030 A=0x7ffffffffffffb58
1496000: system.cpu: T0 : 0x1c7c2    : addi a5, zero, 110         : IntAlu :  D=0x000000000000006e
1496500: system.cpu: T0 : 0x1c7c6    : c_sdsp a5, 112(sp)         : MemWrite :  D=0x000000000000006e A=0x7ffffffffffffb70
1497000: system.cpu: T0 : 0x1c7c8    : addi a5, zero, 119         : IntAlu :  D=0x0000000000000077
1497500: system.cpu: T0 : 0x1c7cc    : c_sdsp a5, 104(sp)         : MemWrite :  D=0x0000000000000077 A=0x7ffffffffffffb68
1498500: system.cpu: T0 : 0x1c7ce    : addi a5, zero, 124         : IntAlu :  D=0x000000000000007c
1499000: system.cpu: T0 : 0x1c7d2    : c_sdsp s9, 8(sp)           : MemWrite :  D=0x0000000000000003 A=0x7ffffffffffffb08
1499500: system.cpu: T0 : 0x1c7d4    : c_sdsp a5, 120(sp)         : MemWrite :  D=0x000000000000007c A=0x7ffffffffffffb78
1500000: system.cpu: T0 : 0x1c7d6    : c_sdsp zero, 128(sp)       : MemWrite :  D=0x0000000000000000 A=0x7ffffffffffffb80
1500500: system.cpu: T0 : 0x1c7d8    : c_sdsp zero, 136(sp)       : MemWrite :  D=0x0000000000000000 A=0x7ffffffffffffb88
1501500: system.cpu: T0 : 0x1c7da    : ld a5, 40(tp)              : MemRead :  D=0x0000000000072f90 A=0x72738
1502500: system.cpu: T0 : 0x1c7de    : addi s6, s0, -17           : IntAlu :  D=0x000000000000001f
1503500: system.cpu: T0 : 0x1c7e2    : srli s6, s6, 4             : IntAlu :  D=0x0000000000000001
1504000: system.cpu: T0 : 0x1c7e6    : c_li s5, 0                 : IntAlu :  D=0x0000000000000000
1504500: system.cpu: T0 : 0x1c7e8    : c_beqz a5, 22              : IntAlu : 
1505500: system.cpu: T0 : 0x1c7ea    : lui a5, 111                : IntAlu :  D=0x000000000006f000
1506500: system.cpu: T0 : 0x1c7ee    : ld s5, 1448(a5)            : MemRead :  D=0x0000000000000040 A=0x6f5a8
1507500: system.cpu: T0 : 0x1c7f2    : sltu s5, s6, s5            : IntAlu :  D=0x0000000000000001
1508500: system.cpu: T0 : 0x1c7f6    : sub s5, zero, s5           : IntAlu :  D=0xffffffffffffffff
1509500: system.cpu: T0 : 0x1c7fa    : and s5, s0, s5             : IntAlu :  D=0x0000000000000030
1510500: system.cpu: T0 : 0x1c7fe    : lui a5, 111                : IntAlu :  D=0x000000000006f000
1511000: system.cpu: T0 : 0x1c802    : c_lui s11, 1               : IntAlu :  D=0x0000000000001000
1511500: system.cpu: T0 : 0x1c804    : lui s7, 111                : IntAlu :  D=0x000000000006f000
1512000: system.cpu: T0 : 0x1c808    : addi a5, a5, 1480          : IntAlu :  D=0x000000000006f5c8
1512500: system.cpu: T0 : 0x1c80c    : addi s8, s1, 96            : IntAlu :  D=0x000000000006f628
1513000: system.cpu: T0 : 0x1c810    : c_li t5, 0                 : IntAlu :  D=0x0000000000000000
1514000: system.cpu: T0 : 0x1c812    : addi s7, s7, 1368          : IntAlu :  D=0x000000000006f558
1515000: system.cpu: T0 : 0x1c816    : add a7, s1, s11            : IntAlu :  D=0x00000000000705c8
1515500: system.cpu: T0 : 0x1c81a    : c_sdsp a5, 56(sp)          : MemWrite :  D=0x000000000006f5c8 A=0x7ffffffffffffb38
1516000: system.cpu: T0 : 0x1c81c    : c_ld a5, 120(s1)           : MemRead :  D=0x000000000006f628 A=0x6f640
1517000: system.cpu: T0 : 0x1c81e    : beq a5, s8, 532            : IntAlu : 
1518000: system.cpu: T0 : 0x1ca32    : addi a5, zero, 1023        : IntAlu :  D=0x00000000000003ff
1519000: system.cpu: T0 : 0x1ca36    : bgeu a5, s0, 38            : IntAlu : 
1519500: system.cpu: T0 : 0x1ca5c    : c_ldsp a3, 8(sp)           : MemRead :  D=0x0000000000000003 A=0x7ffffffffffffb08
1520000: system.cpu: T0 : 0x1ca5e    : c_li a0, 4                 : IntAlu :  D=0x0000000000000004
1520500: system.cpu: T0 : 0x1ca60    : addiw a5, a3, 1            : IntAlu :  D=0x0000000000000004
1521000: system.cpu: T0 : 0x1ca64    : srliw a4, a5, 5            : IntAlu :  D=0x0000000000000000
1521500: system.cpu: T0 : 0x1ca68    : slliw a3, a3, 1            : IntAlu :  D=0x0000000000000006
1522000: system.cpu: T0 : 0x1ca6c    : addi a4, a4, 536           : IntAlu :  D=0x0000000000000218
1522500: system.cpu: T0 : 0x1ca70    : c_slli a3, 32              : IntAlu :  D=0x0000000600000000
1523000: system.cpu: T0 : 0x1ca72    : c_slli a4, 2               : IntAlu :  D=0x0000000000000860
1523500: system.cpu: T0 : 0x1ca74    : c_srli a3, 32              : IntAlu :  D=0x0000000000000006
1524000: system.cpu: T0 : 0x1ca76    : c_add a4, s1               : IntAlu :  D=0x000000000006fe28
1524500: system.cpu: T0 : 0x1ca78    : c_slli a3, 3               : IntAlu :  D=0x0000000000000030
1525000: system.cpu: T0 : 0x1ca7a    : c_lw a2, 0(a4)             : MemRead :  D=0x0000000000000000 A=0x6fe28
1525500: system.cpu: T0 : 0x1ca7c    : addi a3, a3, 96            : IntAlu :  D=0x0000000000000090
1526000: system.cpu: T0 : 0x1ca80    : c_li a4, 1                 : IntAlu :  D=0x0000000000000001
1527000: system.cpu: T0 : 0x1ca82    : srliw s2, a5, 5            : IntAlu :  D=0x0000000000000000
1527500: system.cpu: T0 : 0x1ca86    : c_add a3, s1               : IntAlu :  D=0x000000000006f658
1528000: system.cpu: T0 : 0x1ca88    : sllw a5, a4, a5            : IntAlu :  D=0x0000000000000010
1528500: system.cpu: T0 : 0x1ca8c    : bltu a2, a5, 144           : IntAlu : 
1529000: system.cpu: T0 : 0x1cb1c    : addiw a5, s2, 1            : IntAlu :  D=0x0000000000000001
1529500: system.cpu: T0 : 0x1cb20    : addiw s2, a5, 0            : IntAlu :  D=0x0000000000000001
1530000: system.cpu: T0 : 0x1cb24    : bne s2, a0, -26            : IntAlu : 
1530500: system.cpu: T0 : 0x1cb0a    : c_slli a5, 32              : IntAlu :  D=0x0000000100000000
1531000: system.cpu: T0 : 0x1cb0c    : c_srli a5, 32              : IntAlu :  D=0x0000000000000001
1532000: system.cpu: T0 : 0x1cb0e    : addi a5, a5, 536           : IntAlu :  D=0x0000000000000219
1532500: system.cpu: T0 : 0x1cb12    : c_slli a5, 2               : IntAlu :  D=0x0000000000000864
1533000: system.cpu: T0 : 0x1cb14    : c_add a5, s1               : IntAlu :  D=0x000000000006fe2c
1533500: system.cpu: T0 : 0x1cb16    : c_lw a2, 0(a5)             : MemRead :  D=0x0000000000000000 A=0x6fe2c
1534000: system.cpu: T0 : 0x1cb18    : bne a2, zero, 384          : IntAlu : 
1534500: system.cpu: T0 : 0x1cb1c    : addiw a5, s2, 1            : IntAlu :  D=0x0000000000000002
1535000: system.cpu: T0 : 0x1cb20    : addiw s2, a5, 0            : IntAlu :  D=0x0000000000000002
1535500: system.cpu: T0 : 0x1cb24    : bne s2, a0, -26            : IntAlu : 
1536000: system.cpu: T0 : 0x1cb0a    : c_slli a5, 32              : IntAlu :  D=0x0000000200000000
1536500: system.cpu: T0 : 0x1cb0c    : c_srli a5, 32              : IntAlu :  D=0x0000000000000002
1537500: system.cpu: T0 : 0x1cb0e    : addi a5, a5, 536           : IntAlu :  D=0x000000000000021a
1538000: system.cpu: T0 : 0x1cb12    : c_slli a5, 2               : IntAlu :  D=0x0000000000000868
1538500: system.cpu: T0 : 0x1cb14    : c_add a5, s1               : IntAlu :  D=0x000000000006fe30
1539000: system.cpu: T0 : 0x1cb16    : c_lw a2, 0(a5)             : MemRead :  D=0x0000000000000000 A=0x6fe30
1539500: system.cpu: T0 : 0x1cb18    : bne a2, zero, 384          : IntAlu : 
1540000: system.cpu: T0 : 0x1cb1c    : addiw a5, s2, 1            : IntAlu :  D=0x0000000000000003
1540500: system.cpu: T0 : 0x1cb20    : addiw s2, a5, 0            : IntAlu :  D=0x0000000000000003
1541000: system.cpu: T0 : 0x1cb24    : bne s2, a0, -26            : IntAlu : 
1541500: system.cpu: T0 : 0x1cb0a    : c_slli a5, 32              : IntAlu :  D=0x0000000300000000
1542000: system.cpu: T0 : 0x1cb0c    : c_srli a5, 32              : IntAlu :  D=0x0000000000000003
1543000: system.cpu: T0 : 0x1cb0e    : addi a5, a5, 536           : IntAlu :  D=0x000000000000021b
1543500: system.cpu: T0 : 0x1cb12    : c_slli a5, 2               : IntAlu :  D=0x000000000000086c
1544000: system.cpu: T0 : 0x1cb14    : c_add a5, s1               : IntAlu :  D=0x000000000006fe34
1544500: system.cpu: T0 : 0x1cb16    : c_lw a2, 0(a5)             : MemRead :  D=0x0000000000000000 A=0x6fe34
1545000: system.cpu: T0 : 0x1cb18    : bne a2, zero, 384          : IntAlu : 
1545500: system.cpu: T0 : 0x1cb1c    : addiw a5, s2, 1            : IntAlu :  D=0x0000000000000004
1546000: system.cpu: T0 : 0x1cb20    : addiw s2, a5, 0            : IntAlu :  D=0x0000000000000004
1546500: system.cpu: T0 : 0x1cb24    : bne s2, a0, -26            : IntAlu : 
1547000: system.cpu: T0 : 0x1cb28    : c_ld a4, 96(s1)            : MemRead :  D=0x0000000000073210 A=0x6f628
1548000: system.cpu: T0 : 0x1cb2a    : ld a3, -1912(a7)           : MemRead :  D=0x0000000000021080 A=0x6fe50
1548500: system.cpu: T0 : 0x1cb2e    : c_ld a5, 8(a4)             : MemRead :  D=0x0000000000020df1 A=0x73218
1549000: system.cpu: T0 : 0x1cb30    : c_andi a5, 18446744073709551608 : IntAlu :  D=0x0000000000020df0
1550000: system.cpu: T0 : 0x1cb32    : bltu a3, a5, 548           : IntAlu : 
1551000: system.cpu: T0 : 0x1cb36    : addi a3, s0, 32            : IntAlu :  D=0x0000000000000050
1552000: system.cpu: T0 : 0x1cb3a    : bgeu a5, a3, 640           : IntAlu : 
1553000: system.cpu: T0 : 0x1cdba    : add a0, a4, s0             : IntAlu :  D=0x0000000000073240
1554000: system.cpu: T0 : 0x1cdbe    : lui a2, 111                : IntAlu :  D=0x000000000006f000
1554500: system.cpu: T0 : 0x1cdc2    : c_sd a0, 96(s1)            : MemWrite :  D=0x0000000000073240 A=0x6f628
1555000: system.cpu: T0 : 0x1cdc4    : addi a2, a2, 1480          : IntAlu :  D=0x000000000006f5c8
1555500: system.cpu: T0 : 0x1cdc8    : c_sub a5, s0               : IntAlu :  D=0x0000000000020dc0
1556000: system.cpu: T0 : 0x1cdca    : c_li a3, 4                 : IntAlu :  D=0x0000000000000004
1556500: system.cpu: T0 : 0x1cdcc    : beq s1, a2, 116            : IntAlu : 
1557000: system.cpu: T0 : 0x1ce40    : c_li a3, 0                 : IntAlu :  D=0x0000000000000000
1557500: system.cpu: T0 : 0x1ce42    : c_j -114                   : IntAlu : 
1558000: system.cpu: T0 : 0x1cdd0    : c_or a3, s0                : IntAlu :  D=0x0000000000000030
1559000: system.cpu: T0 : 0x1cdd2    : ori a3, a3, 1              : IntAlu :  D=0x0000000000000031
1560000: system.cpu: T0 : 0x1cdd6    : lw a1, -1396(gp)           : MemRead :  D=0x0000000000000000 A=0x70ab4
1560500: system.cpu: T0 : 0x1cdda    : c_sd a3, 8(a4)             : MemWrite :  D=0x0000000000000031 A=0x73218
1561000: system.cpu: T0 : 0x1cddc    : ori a5, a5, 1              : IntAlu :  D=0x0000000000020dc1
1561500: system.cpu: T0 : 0x1cde0    : c_sd a5, 8(a0)             : MemWrite :  D=0x0000000000020dc1 A=0x73248
1562500: system.cpu: T0 : 0x1cde2    : addi s2, a4, 16            : IntAlu :  D=0x0000000000073220
1563500: system.cpu: T0 : 0x1cde6    : beq a1, zero, -1664        : IntAlu : 
1564000: system.cpu: T0 : 0x1c766    : c_ldsp ra, 248(sp)         : MemRead :  D=0x000000000001d8e4 A=0x7ffffffffffffbf8
1564500: system.cpu: T0 : 0x1c768    : c_ldsp s0, 240(sp)         : MemRead :  D=0x0000000000000024 A=0x7ffffffffffffbf0
1565000: system.cpu: T0 : 0x1c76a    : c_ldsp s1, 232(sp)         : MemRead :  D=0x000000000006f000 A=0x7ffffffffffffbe8
1565500: system.cpu: T0 : 0x1c76c    : c_ldsp s3, 216(sp)         : MemRead :  D=0x0000000000000000 A=0x7ffffffffffffbd8
1566000: system.cpu: T0 : 0x1c76e    : c_ldsp s4, 208(sp)         : MemRead :  D=0x0000000000000000 A=0x7ffffffffffffbd0
1566500: system.cpu: T0 : 0x1c770    : c_ldsp s5, 200(sp)         : MemRead :  D=0x0000000000000000 A=0x7ffffffffffffbc8
1567000: system.cpu: T0 : 0x1c772    : c_ldsp s6, 192(sp)         : MemRead :  D=0x0000000000072000 A=0x7ffffffffffffbc0
1567500: system.cpu: T0 : 0x1c774    : c_ldsp s7, 184(sp)         : MemRead :  D=0x0000000000000000 A=0x7ffffffffffffbb8
1568000: system.cpu: T0 : 0x1c776    : c_ldsp s8, 176(sp)         : MemRead :  D=0x0000000000000000 A=0x7ffffffffffffbb0
1568500: system.cpu: T0 : 0x1c778    : c_ldsp s9, 168(sp)         : MemRead :  D=0x0000000000000003 A=0x7ffffffffffffba8
1569000: system.cpu: T0 : 0x1c77a    : c_ldsp s10, 160(sp)        : MemRead :  D=0x0000000000000000 A=0x7ffffffffffffba0
1569500: system.cpu: T0 : 0x1c77c    : c_ldsp s11, 152(sp)        : MemRead :  D=0x0000000000000000 A=0x7ffffffffffffb98
1570000: system.cpu: T0 : 0x1c77e    : c_mv a0, s2                : IntAlu :  D=0x0000000000073220
1570500: system.cpu: T0 : 0x1c780    : c_ldsp s2, 224(sp)         : MemRead :  D=0x0000000000000002 A=0x7ffffffffffffbe0
1571000: system.cpu: T0 : 0x1c782    : c_addi16sp sp, 256         : IntAlu :  D=0x7ffffffffffffc00
1571500: system.cpu: T0 : 0x1c784    : c_jr ra                    : IntAlu : 
1572000: system.cpu: T0 : 0x1d8e4    : c_mv a5, a0                : IntAlu :  D=0x0000000000073220
1572500: system.cpu: T0 : 0x1d8e6    : c_beqz a0, 150             : IntAlu : 
1573000: system.cpu: T0 : 0x1d8e8    : ld a4, -8(a0)              : MemRead :  D=0x0000000000000031 A=0x73218
1573500: system.cpu: T0 : 0x1d8ec    : andi a3, a4, 2             : IntAlu :  D=0x0000000000000000
1574000: system.cpu: T0 : 0x1d8f0    : c_bnez a3, 26              : IntAlu : 
1574500: system.cpu: T0 : 0x1d8f2    : c_andi a4, 4               : IntAlu :  D=0x0000000000000000
1575000: system.cpu: T0 : 0x1d8f4    : c_beqz a4, 22              : IntAlu : 
1575500: system.cpu: T0 : 0x1d90a    : c_ldsp ra, 24(sp)          : MemRead :  D=0x000000000003d96e A=0x7ffffffffffffc18
1576000: system.cpu: T0 : 0x1d90c    : c_ldsp s0, 16(sp)          : MemRead :  D=0x7ffffffffffffcf0 A=0x7ffffffffffffc10
1576500: system.cpu: T0 : 0x1d90e    : c_ldsp s1, 8(sp)           : MemRead :  D=0x7ffffffffffffc20 A=0x7ffffffffffffc08
1577000: system.cpu: T0 : 0x1d910    : c_ldsp s2, 0(sp)           : MemRead :  D=0x0000000000000002 A=0x7ffffffffffffc00
1577500: system.cpu: T0 : 0x1d912    : c_mv a0, a5                : IntAlu :  D=0x0000000000073220
1578000: system.cpu: T0 : 0x1d914    : c_addi16sp sp, 32          : IntAlu :  D=0x7ffffffffffffc20
1578500: system.cpu: T0 : 0x1d916    : c_jr ra                    : IntAlu : 
1579000: system.cpu: T0 : 0x3d96e    : c_mv s6, a0                : IntAlu :  D=0x0000000000073220
1579500: system.cpu: T0 : 0x3d970    : addi a5, s9, 1             : IntAlu :  D=0x0000000000000004
1580000: system.cpu: T0 : 0x3d974    : c_bnez a0, 64              : IntAlu : 
1580500: system.cpu: T0 : 0x3d9b4    : c_ld a1, 0(s1)             : MemRead :  D=0x0000000000061d50 A=0x7ffffffffffffc20
1581500: system.cpu: T0 : 0x3d9b6    : addi a0, a0, 32            : IntAlu :  D=0x0000000000073240
1582500: system.cpu: T0 : 0x3d9ba    : sd a5, 8(s6)               : MemWrite :  D=0x0000000000000004 A=0x73228
1583500: system.cpu: T0 : 0x3d9be    : sd a0, 0(s6)               : MemWrite :  D=0x0000000000073240 A=0x73220
1584500: system.cpu: T0 : 0x3d9c2    : sd a0, 16(s6)              : MemWrite :  D=0x0000000000073240 A=0x73230
1585500: system.cpu: T0 : 0x3d9c6    : sd zero, 24(s6)            : MemWrite :  D=0x0000000000000000 A=0x73238
1586000: system.cpu: T0 : 0x3d9ca    : c_mv a2, s9                : IntAlu :  D=0x0000000000000003
1586500: system.cpu: T0 : 0x3d9cc    : jal ra, -123064            : IntAlu :  D=0x000000000003d9d0
1587000: system.cpu: T0 : 0x1f914    : c_addi sp, -16             : IntAlu :  D=0x7ffffffffffffc10
1587500: system.cpu: T0 : 0x1f916    : c_sdsp s0, 0(sp)           : MemWrite :  D=0x7ffffffffffffcf0 A=0x7ffffffffffffc10
1588000: system.cpu: T0 : 0x1f918    : c_sdsp ra, 8(sp)           : MemWrite :  D=0x000000000003d9d0 A=0x7ffffffffffffc18
1588500: system.cpu: T0 : 0x1f91a    : c_mv s0, a2                : IntAlu :  D=0x0000000000000003
1589000: system.cpu: T0 : 0x1f91c    : jal ra, 112                : IntAlu :  D=0x000000000001f920
1589500: system.cpu: T0 : 0x1f98c    : c_addi16sp sp, -48         : IntAlu :  D=0x7ffffffffffffbe0
1590000: system.cpu: T0 : 0x1f98e    : c_sdsp s0, 32(sp)          : MemWrite :  D=0x0000000000000003 A=0x7ffffffffffffc00
1590500: system.cpu: T0 : 0x1f990    : c_sdsp s2, 16(sp)          : MemWrite :  D=0x0000000000000002 A=0x7ffffffffffffbf0
1591000: system.cpu: T0 : 0x1f992    : c_sdsp ra, 40(sp)          : MemWrite :  D=0x000000000001f920 A=0x7ffffffffffffc08
1591500: system.cpu: T0 : 0x1f994    : c_sdsp s1, 24(sp)          : MemWrite :  D=0x7ffffffffffffc20 A=0x7ffffffffffffbf8
1592000: system.cpu: T0 : 0x1f996    : c_sdsp s3, 8(sp)           : MemWrite :  D=0x0000000000000000 A=0x7ffffffffffffbe8
1592500: system.cpu: T0 : 0x1f998    : c_li a5, 15                : IntAlu :  D=0x000000000000000f
1593000: system.cpu: T0 : 0x1f99a    : c_mv s2, a0                : IntAlu :  D=0x0000000000073240
1593500: system.cpu: T0 : 0x1f99c    : c_mv a4, a0                : IntAlu :  D=0x0000000000073240
1594000: system.cpu: T0 : 0x1f99e    : c_mv s0, a1                : IntAlu :  D=0x0000000000061d50
1594500: system.cpu: T0 : 0x1f9a0    : bgeu a5, a2, 72            : IntAlu : 
1595000: system.cpu: T0 : 0x1f9e8    : c_addi a4, -1              : IntAlu :  D=0x000000000007323f
1595500: system.cpu: T0 : 0x1f9ea    : c_mv a5, s0                : IntAlu :  D=0x0000000000061d50
1596000: system.cpu: T0 : 0x1f9ec    : add a1, a2, s0             : IntAlu :  D=0x0000000000061d53
1596500: system.cpu: T0 : 0x1f9f0    : c_sub a4, s0               : IntAlu :  D=0x00000000000114ef
1597000: system.cpu: T0 : 0x1f9f2    : c_beqz a2, 20              : IntAlu : 
1597500: system.cpu: T0 : 0x1f9f4    : lbu a2, 0(a5)              : MemRead :  D=0x0000000000000074 A=0x61d50
1598000: system.cpu: T0 : 0x1f9f8    : c_addi a5, 1               : IntAlu :  D=0x0000000000061d51
1599000: system.cpu: T0 : 0x1f9fa    : add a3, a4, a5             : IntAlu :  D=0x0000000000073240
1600000: system.cpu: T0 : 0x1f9fe    : sb a2, 0(a3)               : MemWrite :  D=0x0000000000000074 A=0x73240
1601000: system.cpu: T0 : 0x1fa02    : bne a1, a5, -14            : IntAlu : 
1601500: system.cpu: T0 : 0x1f9f4    : lbu a2, 0(a5)              : MemRead :  D=0x000000000000006c A=0x61d51
1602000: system.cpu: T0 : 0x1f9f8    : c_addi a5, 1               : IntAlu :  D=0x0000000000061d52
1603000: system.cpu: T0 : 0x1f9fa    : add a3, a4, a5             : IntAlu :  D=0x0000000000073241
1604000: system.cpu: T0 : 0x1f9fe    : sb a2, 0(a3)               : MemWrite :  D=0x000000000000006c A=0x73241
1605000: system.cpu: T0 : 0x1fa02    : bne a1, a5, -14            : IntAlu : 
1605500: system.cpu: T0 : 0x1f9f4    : lbu a2, 0(a5)              : MemRead :  D=0x0000000000000073 A=0x61d52
1606000: system.cpu: T0 : 0x1f9f8    : c_addi a5, 1               : IntAlu :  D=0x0000000000061d53
1607000: system.cpu: T0 : 0x1f9fa    : add a3, a4, a5             : IntAlu :  D=0x0000000000073242
1608000: system.cpu: T0 : 0x1f9fe    : sb a2, 0(a3)               : MemWrite :  D=0x0000000000000073 A=0x73242
1609000: system.cpu: T0 : 0x1fa02    : bne a1, a5, -14            : IntAlu : 
1609500: system.cpu: T0 : 0x1fa06    : c_ldsp ra, 40(sp)          : MemRead :  D=0x000000000001f920 A=0x7ffffffffffffc08
1610000: system.cpu: T0 : 0x1fa08    : c_ldsp s0, 32(sp)          : MemRead :  D=0x0000000000000003 A=0x7ffffffffffffc00
1610500: system.cpu: T0 : 0x1fa0a    : c_ldsp s1, 24(sp)          : MemRead :  D=0x7ffffffffffffc20 A=0x7ffffffffffffbf8
1611000: system.cpu: T0 : 0x1fa0c    : c_ldsp s3, 8(sp)           : MemRead :  D=0x0000000000000000 A=0x7ffffffffffffbe8
1611500: system.cpu: T0 : 0x1fa0e    : c_mv a0, s2                : IntAlu :  D=0x0000000000073240
1612000: system.cpu: T0 : 0x1fa10    : c_ldsp s2, 16(sp)          : MemRead :  D=0x0000000000000002 A=0x7ffffffffffffbf0
1612500: system.cpu: T0 : 0x1fa12    : c_addi16sp sp, 48          : IntAlu :  D=0x7ffffffffffffc10
1613000: system.cpu: T0 : 0x1fa14    : c_jr ra                    : IntAlu : 
1613500: system.cpu: T0 : 0x1f920    : c_ldsp ra, 8(sp)           : MemRead :  D=0x000000000003d9d0 A=0x7ffffffffffffc18
1614000: system.cpu: T0 : 0x1f922    : c_add a0, s0               : IntAlu :  D=0x0000000000073243
1614500: system.cpu: T0 : 0x1f924    : c_ldsp s0, 0(sp)           : MemRead :  D=0x7ffffffffffffcf0 A=0x7ffffffffffffc10
1615000: system.cpu: T0 : 0x1f926    : c_addi sp, 16              : IntAlu :  D=0x7ffffffffffffc20
1615500: system.cpu: T0 : 0x1f928    : c_jr ra                    : IntAlu : 
1616000: system.cpu: T0 : 0x3d9d0    : ld a4, -136(s0)            : MemRead :  D=0x000000000006efd0 A=0x7ffffffffffffc68
1616500: system.cpu: T0 : 0x3d9d4    : addi a5, zero, 47          : IntAlu :  D=0x000000000000002f
1617000: system.cpu: T0 : 0x3d9d8    : sb a5, 0(a0)               : MemWrite :  D=0x000000000000002f A=0x73243
1617500: system.cpu: T0 : 0x3d9dc    : sd s2, 0(a4)               : MemWrite :  D=0x0000000000000002 A=0x6efd0
1618000: system.cpu: T0 : 0x3d9e0    : ld a5, 8(s6)               : MemRead :  D=0x0000000000000004 A=0x73228
1618500: system.cpu: T0 : 0x3d9e4    : ld a4, -160(s0)            : MemRead :  D=0x000000000006efc8 A=0x7ffffffffffffc50
1619000: system.cpu: T0 : 0x3d9e8    : c_sd a5, 0(a4)             : MemWrite :  D=0x0000000000000004 A=0x6efc8
1619500: system.cpu: T0 : 0x3d9ea    : c_j -178                   : IntAlu : 
1620000: system.cpu: T0 : 0x3d938    : addi sp, s0, -192          : IntAlu :  D=0x7ffffffffffffc30
1620500: system.cpu: T0 : 0x3d93c    : c_ldsp ra, 184(sp)         : MemRead :  D=0x000000000003aea8 A=0x7ffffffffffffce8
1621000: system.cpu: T0 : 0x3d93e    : c_mv a0, s6                : IntAlu :  D=0x0000000000073220
1621500: system.cpu: T0 : 0x3d940    : c_ldsp s0, 176(sp)         : MemRead :  D=0x7ffffffffffffd30 A=0x7ffffffffffffce0
1622000: system.cpu: T0 : 0x3d942    : c_ldsp s1, 168(sp)         : MemRead :  D=0x000000000006fe60 A=0x7ffffffffffffcd8
1622500: system.cpu: T0 : 0x3d944    : c_ldsp s2, 160(sp)         : MemRead :  D=0x0000000000000000 A=0x7ffffffffffffcd0
1623000: system.cpu: T0 : 0x3d946    : c_ldsp s3, 152(sp)         : MemRead :  D=0x000000000006efc0 A=0x7ffffffffffffcc8
1623500: system.cpu: T0 : 0x3d948    : c_ldsp s4, 144(sp)         : MemRead :  D=0x0000000000070000 A=0x7ffffffffffffcc0
1624000: system.cpu: T0 : 0x3d94a    : c_ldsp s5, 136(sp)         : MemRead :  D=0x0000000000072000 A=0x7ffffffffffffcb8
1624500: system.cpu: T0 : 0x3d94c    : c_ldsp s6, 128(sp)         : MemRead :  D=0x0000000000072000 A=0x7ffffffffffffcb0
1625000: system.cpu: T0 : 0x3d94e    : c_ldsp s7, 120(sp)         : MemRead :  D=0x0000000000000000 A=0x7ffffffffffffca8
1625500: system.cpu: T0 : 0x3d950    : c_ldsp s8, 112(sp)         : MemRead :  D=0x0000000000000000 A=0x7ffffffffffffca0
1626000: system.cpu: T0 : 0x3d952    : c_ldsp s9, 104(sp)         : MemRead :  D=0x0000000000000000 A=0x7ffffffffffffc98
1626500: system.cpu: T0 : 0x3d954    : c_ldsp s10, 96(sp)         : MemRead :  D=0x0000000000000000 A=0x7ffffffffffffc90
1627000: system.cpu: T0 : 0x3d956    : c_ldsp s11, 88(sp)         : MemRead :  D=0x0000000000000000 A=0x7ffffffffffffc88
1627500: system.cpu: T0 : 0x3d958    : c_addi16sp sp, 192         : IntAlu :  D=0x7ffffffffffffcf0
1628000: system.cpu: T0 : 0x3d95a    : c_jr ra                    : IntAlu : 
1628500: system.cpu: T0 : 0x3aea8    : c_mv a5, a0                : IntAlu :  D=0x0000000000073220
1629500: system.cpu: T0 : 0x3aeaa    : addi a0, zero, 40          : IntAlu :  D=0x0000000000000028
1630500: system.cpu: T0 : 0x3aeae    : sd a5, 24(s3)              : MemWrite :  D=0x0000000000073220 A=0x6efd8
1631500: system.cpu: T0 : 0x3aeb2    : jal ra, -120344            : IntAlu :  D=0x000000000003aeb6
1632500: system.cpu: T0 : 0x1d89a    : ld t1, -1848(gp)           : MemRead :  D=0x0000000000000000 A=0x708f0
1633500: system.cpu: T0 : 0x1d89e    : bne t1, zero, 260          : IntAlu : 
1634000: system.cpu: T0 : 0x1d8a2    : c_addi sp, -32             : IntAlu :  D=0x7ffffffffffffcd0
1634500: system.cpu: T0 : 0x1d8a4    : c_sdsp s0, 16(sp)          : MemWrite :  D=0x7ffffffffffffd30 A=0x7ffffffffffffce0
1635000: system.cpu: T0 : 0x1d8a6    : c_sdsp ra, 24(sp)          : MemWrite :  D=0x000000000003aeb6 A=0x7ffffffffffffce8
1635500: system.cpu: T0 : 0x1d8a8    : c_sdsp s1, 8(sp)           : MemWrite :  D=0x000000000006fe60 A=0x7ffffffffffffcd8
1636000: system.cpu: T0 : 0x1d8aa    : c_sdsp s2, 0(sp)           : MemWrite :  D=0x0000000000000000 A=0x7ffffffffffffcd0
1636500: system.cpu: T0 : 0x1d8ac    : c_mv s0, a0                : IntAlu :  D=0x0000000000000028
1637500: system.cpu: T0 : 0x1d8ae    : blt a0, zero, 222          : IntAlu : 
1638500: system.cpu: T0 : 0x1d8b2    : addi a5, a0, 23            : IntAlu :  D=0x000000000000003f
1639000: system.cpu: T0 : 0x1d8b6    : c_li a4, 31                : IntAlu :  D=0x000000000000001f
1639500: system.cpu: T0 : 0x1d8b8    : c_li s1, 0                 : IntAlu :  D=0x0000000000000000
1640500: system.cpu: T0 : 0x1d8ba    : bltu a4, a5, 94            : IntAlu : 
1641000: system.cpu: T0 : 0x1d918    : c_andi a5, 18446744073709551600 : IntAlu :  D=0x0000000000000030
1641500: system.cpu: T0 : 0x1d91a    : c_addi a5, -17             : IntAlu :  D=0x000000000000001f
1642000: system.cpu: T0 : 0x1d91c    : srli s1, a5, 4             : IntAlu :  D=0x0000000000000001
1642500: system.cpu: T0 : 0x1d920    : c_j -98                    : IntAlu : 
1643500: system.cpu: T0 : 0x1d8be    : ld a4, 40(tp)              : MemRead :  D=0x0000000000072f90 A=0x72738
1644000: system.cpu: T0 : 0x1d8c2    : c_beqz a4, 96              : IntAlu : 
1644500: system.cpu: T0 : 0x1d8c4    : lui a5, 111                : IntAlu :  D=0x000000000006f000
1645000: system.cpu: T0 : 0x1d8c8    : ld a5, 1448(a5)            : MemRead :  D=0x0000000000000040 A=0x6f5a8
1645500: system.cpu: T0 : 0x1d8cc    : bltu s1, a5, 114           : IntAlu : 
1646500: system.cpu: T0 : 0x1d93e    : slli a3, s1, 1             : IntAlu :  D=0x0000000000000002
1647000: system.cpu: T0 : 0x1d942    : c_add a3, a4               : IntAlu :  D=0x0000000000072f92
1647500: system.cpu: T0 : 0x1d944    : lhu a2, 0(a3)              : MemRead :  D=0x0000000000000000 A=0x72f92
1648000: system.cpu: T0 : 0x1d948    : c_beqz a2, -120            : IntAlu : 
1648500: system.cpu: T0 : 0x1d8d0    : lw a5, -1808(tp)           : MemRead :  D=0x0000000000000000 A=0x72000
1649000: system.cpu: T0 : 0x1d8d4    : c_bnez a5, 210             : IntAlu : 
1650000: system.cpu: T0 : 0x1d8d6    : lui s1, 111                : IntAlu :  D=0x000000000006f000
1650500: system.cpu: T0 : 0x1d8da    : c_mv a1, s0                : IntAlu :  D=0x0000000000000028
1651000: system.cpu: T0 : 0x1d8dc    : addi a0, s1, 1480          : IntAlu :  D=0x000000000006f5c8
1651500: system.cpu: T0 : 0x1d8e0    : jal ra, -5228              : IntAlu :  D=0x000000000001d8e4
1652000: system.cpu: T0 : 0x1c474    : c_addi16sp sp, -256        : IntAlu :  D=0x7ffffffffffffbd0
1652500: system.cpu: T0 : 0x1c476    : c_sdsp ra, 248(sp)         : MemWrite :  D=0x000000000001d8e4 A=0x7ffffffffffffcc8
1653000: system.cpu: T0 : 0x1c478    : c_sdsp s0, 240(sp)         : MemWrite :  D=0x0000000000000028 A=0x7ffffffffffffcc0
1653500: system.cpu: T0 : 0x1c47a    : c_sdsp s1, 232(sp)         : MemWrite :  D=0x000000000006f000 A=0x7ffffffffffffcb8
1654000: system.cpu: T0 : 0x1c47c    : c_sdsp s2, 224(sp)         : MemWrite :  D=0x0000000000000000 A=0x7ffffffffffffcb0
1654500: system.cpu: T0 : 0x1c47e    : c_sdsp s3, 216(sp)         : MemWrite :  D=0x000000000006efc0 A=0x7ffffffffffffca8
1655000: system.cpu: T0 : 0x1c480    : c_sdsp s4, 208(sp)         : MemWrite :  D=0x0000000000070000 A=0x7ffffffffffffca0
1655500: system.cpu: T0 : 0x1c482    : c_sdsp s5, 200(sp)         : MemWrite :  D=0x0000000000072000 A=0x7ffffffffffffc98
1656000: system.cpu: T0 : 0x1c484    : c_sdsp s6, 192(sp)         : MemWrite :  D=0x0000000000072000 A=0x7ffffffffffffc90
1656500: system.cpu: T0 : 0x1c486    : c_sdsp s7, 184(sp)         : MemWrite :  D=0x0000000000000000 A=0x7ffffffffffffc88
1657000: system.cpu: T0 : 0x1c488    : c_sdsp s8, 176(sp)         : MemWrite :  D=0x0000000000000000 A=0x7ffffffffffffc80
1657500: system.cpu: T0 : 0x1c48a    : c_sdsp s9, 168(sp)         : MemWrite :  D=0x0000000000000000 A=0x7ffffffffffffc78
1658000: system.cpu: T0 : 0x1c48c    : c_sdsp s10, 160(sp)        : MemWrite :  D=0x0000000000000000 A=0x7ffffffffffffc70
1658500: system.cpu: T0 : 0x1c48e    : c_sdsp s11, 152(sp)        : MemWrite :  D=0x0000000000000000 A=0x7ffffffffffffc68
1659000: system.cpu: T0 : 0x1c490    : blt a1, zero, 1198         : IntAlu : 
1659500: system.cpu: T0 : 0x1c494    : addi s0, a1, 23            : IntAlu :  D=0x000000000000003f
1660000: system.cpu: T0 : 0x1c498    : c_li a5, 31                : IntAlu :  D=0x000000000000001f
1660500: system.cpu: T0 : 0x1c49a    : c_mv s3, a1                : IntAlu :  D=0x0000000000000028
1661000: system.cpu: T0 : 0x1c49c    : c_mv s1, a0                : IntAlu :  D=0x000000000006f5c8
1662000: system.cpu: T0 : 0x1c49e    : bltu a5, s0, 220           : IntAlu : 
1662500: system.cpu: T0 : 0x1c57a    : c_andi s0, 18446744073709551600 : IntAlu :  D=0x0000000000000030
1663000: system.cpu: T0 : 0x1c57c    : beq a0, zero, 988          : IntAlu : 
1663500: system.cpu: T0 : 0x1c580    : ld a4, -1376(gp)           : MemRead :  D=0x0000000000000080 A=0x70ac8
1664000: system.cpu: T0 : 0x1c584    : srliw s9, s0, 4            : IntAlu :  D=0x0000000000000003
1664500: system.cpu: T0 : 0x1c588    : srliw a5, s0, 4            : IntAlu :  D=0x0000000000000003
1665000: system.cpu: T0 : 0x1c58c    : bgeu a4, s0, 506           : IntAlu : 
1665500: system.cpu: T0 : 0x1c786    : c_addiw a5, -2             : IntAlu :  D=0x0000000000000001
1666000: system.cpu: T0 : 0x1c788    : slli a2, a5, 32            : IntAlu :  D=0x0000000100000000
1666500: system.cpu: T0 : 0x1c78c    : c_srli a2, 32              : IntAlu :  D=0x0000000000000001
1667000: system.cpu: T0 : 0x1c78e    : c_addi a2, 2               : IntAlu :  D=0x0000000000000003
1667500: system.cpu: T0 : 0x1c790    : c_slli a2, 3               : IntAlu :  D=0x0000000000000018
1668000: system.cpu: T0 : 0x1c792    : c_j -376                   : IntAlu : 
1668500: system.cpu: T0 : 0x1c61a    : c_slli a5, 32              : IntAlu :  D=0x0000000100000000
1669000: system.cpu: T0 : 0x1c61c    : c_srli a5, 29              : IntAlu :  D=0x0000000000000008
1669500: system.cpu: T0 : 0x1c61e    : c_add a5, s1               : IntAlu :  D=0x000000000006f5d0
1670000: system.cpu: T0 : 0x1c620    : ld s2, 16(a5)              : MemRead :  D=0x0000000000000000 A=0x6f5e0
1670500: system.cpu: T0 : 0x1c624    : beq s2, zero, 170          : IntAlu : 
1671500: system.cpu: T0 : 0x1c6ce    : addiw a5, s9, -1           : IntAlu :  D=0x0000000000000002
1672500: system.cpu: T0 : 0x1c6d2    : slliw a5, a5, 1            : IntAlu :  D=0x0000000000000004
1673000: system.cpu: T0 : 0x1c6d6    : c_slli a5, 32              : IntAlu :  D=0x0000000400000000
1673500: system.cpu: T0 : 0x1c6d8    : c_srli a5, 32              : IntAlu :  D=0x0000000000000004
1674000: system.cpu: T0 : 0x1c6da    : c_addi a5, 14              : IntAlu :  D=0x0000000000000012
1674500: system.cpu: T0 : 0x1c6dc    : c_slli a5, 3               : IntAlu :  D=0x0000000000000090
1675000: system.cpu: T0 : 0x1c6de    : c_j -550                   : IntAlu : 
1675500: system.cpu: T0 : 0x1c4b8    : c_add a5, s1               : IntAlu :  D=0x000000000006f658
1676500: system.cpu: T0 : 0x1c4ba    : ld s2, 8(a5)               : MemRead :  D=0x000000000006f648 A=0x6f660
1677500: system.cpu: T0 : 0x1c4be    : addi a3, a5, -16           : IntAlu :  D=0x000000000006f648
1678500: system.cpu: T0 : 0x1c4c2    : beq a3, s2, 748            : IntAlu : 
1679500: system.cpu: T0 : 0x1c7ae    : srli t1, s0, 9             : IntAlu :  D=0x0000000000000000
1680500: system.cpu: T0 : 0x1c7b2    : addiw a5, t1, 91           : IntAlu :  D=0x000000000000005b
1681500: system.cpu: T0 : 0x1c7b6    : srli s10, s0, 6            : IntAlu :  D=0x0000000000000000
1682000: system.cpu: T0 : 0x1c7ba    : c_sdsp a5, 96(sp)          : MemWrite :  D=0x000000000000005b A=0x7ffffffffffffc30
1682500: system.cpu: T0 : 0x1c7bc    : addiw a5, s10, 48          : IntAlu :  D=0x0000000000000030
1683000: system.cpu: T0 : 0x1c7c0    : c_sdsp a5, 88(sp)          : MemWrite :  D=0x0000000000000030 A=0x7ffffffffffffc28
1684000: system.cpu: T0 : 0x1c7c2    : addi a5, zero, 110         : IntAlu :  D=0x000000000000006e
1684500: system.cpu: T0 : 0x1c7c6    : c_sdsp a5, 112(sp)         : MemWrite :  D=0x000000000000006e A=0x7ffffffffffffc40
1685000: system.cpu: T0 : 0x1c7c8    : addi a5, zero, 119         : IntAlu :  D=0x0000000000000077
1685500: system.cpu: T0 : 0x1c7cc    : c_sdsp a5, 104(sp)         : MemWrite :  D=0x0000000000000077 A=0x7ffffffffffffc38
1686500: system.cpu: T0 : 0x1c7ce    : addi a5, zero, 124         : IntAlu :  D=0x000000000000007c
1687000: system.cpu: T0 : 0x1c7d2    : c_sdsp s9, 8(sp)           : MemWrite :  D=0x0000000000000003 A=0x7ffffffffffffbd8
1687500: system.cpu: T0 : 0x1c7d4    : c_sdsp a5, 120(sp)         : MemWrite :  D=0x000000000000007c A=0x7ffffffffffffc48
1688000: system.cpu: T0 : 0x1c7d6    : c_sdsp zero, 128(sp)       : MemWrite :  D=0x0000000000000000 A=0x7ffffffffffffc50
1688500: system.cpu: T0 : 0x1c7d8    : c_sdsp zero, 136(sp)       : MemWrite :  D=0x0000000000000000 A=0x7ffffffffffffc58
1689500: system.cpu: T0 : 0x1c7da    : ld a5, 40(tp)              : MemRead :  D=0x0000000000072f90 A=0x72738
1690500: system.cpu: T0 : 0x1c7de    : addi s6, s0, -17           : IntAlu :  D=0x000000000000001f
1691500: system.cpu: T0 : 0x1c7e2    : srli s6, s6, 4             : IntAlu :  D=0x0000000000000001
1692000: system.cpu: T0 : 0x1c7e6    : c_li s5, 0                 : IntAlu :  D=0x0000000000000000
1692500: system.cpu: T0 : 0x1c7e8    : c_beqz a5, 22              : IntAlu : 
1693500: system.cpu: T0 : 0x1c7ea    : lui a5, 111                : IntAlu :  D=0x000000000006f000
1694500: system.cpu: T0 : 0x1c7ee    : ld s5, 1448(a5)            : MemRead :  D=0x0000000000000040 A=0x6f5a8
1695500: system.cpu: T0 : 0x1c7f2    : sltu s5, s6, s5            : IntAlu :  D=0x0000000000000001
1696500: system.cpu: T0 : 0x1c7f6    : sub s5, zero, s5           : IntAlu :  D=0xffffffffffffffff
1697500: system.cpu: T0 : 0x1c7fa    : and s5, s0, s5             : IntAlu :  D=0x0000000000000030
1698500: system.cpu: T0 : 0x1c7fe    : lui a5, 111                : IntAlu :  D=0x000000000006f000
1699000: system.cpu: T0 : 0x1c802    : c_lui s11, 1               : IntAlu :  D=0x0000000000001000
1699500: system.cpu: T0 : 0x1c804    : lui s7, 111                : IntAlu :  D=0x000000000006f000
1700000: system.cpu: T0 : 0x1c808    : addi a5, a5, 1480          : IntAlu :  D=0x000000000006f5c8
1700500: system.cpu: T0 : 0x1c80c    : addi s8, s1, 96            : IntAlu :  D=0x000000000006f628
1701000: system.cpu: T0 : 0x1c810    : c_li t5, 0                 : IntAlu :  D=0x0000000000000000
1702000: system.cpu: T0 : 0x1c812    : addi s7, s7, 1368          : IntAlu :  D=0x000000000006f558
1703000: system.cpu: T0 : 0x1c816    : add a7, s1, s11            : IntAlu :  D=0x00000000000705c8
1703500: system.cpu: T0 : 0x1c81a    : c_sdsp a5, 56(sp)          : MemWrite :  D=0x000000000006f5c8 A=0x7ffffffffffffc08
1704000: system.cpu: T0 : 0x1c81c    : c_ld a5, 120(s1)           : MemRead :  D=0x000000000006f628 A=0x6f640
1705000: system.cpu: T0 : 0x1c81e    : beq a5, s8, 532            : IntAlu : 
1706000: system.cpu: T0 : 0x1ca32    : addi a5, zero, 1023        : IntAlu :  D=0x00000000000003ff
1707000: system.cpu: T0 : 0x1ca36    : bgeu a5, s0, 38            : IntAlu : 
1707500: system.cpu: T0 : 0x1ca5c    : c_ldsp a3, 8(sp)           : MemRead :  D=0x0000000000000003 A=0x7ffffffffffffbd8
1708000: system.cpu: T0 : 0x1ca5e    : c_li a0, 4                 : IntAlu :  D=0x0000000000000004
1708500: system.cpu: T0 : 0x1ca60    : addiw a5, a3, 1            : IntAlu :  D=0x0000000000000004
1709000: system.cpu: T0 : 0x1ca64    : srliw a4, a5, 5            : IntAlu :  D=0x0000000000000000
1709500: system.cpu: T0 : 0x1ca68    : slliw a3, a3, 1            : IntAlu :  D=0x0000000000000006
1710000: system.cpu: T0 : 0x1ca6c    : addi a4, a4, 536           : IntAlu :  D=0x0000000000000218
1710500: system.cpu: T0 : 0x1ca70    : c_slli a3, 32              : IntAlu :  D=0x0000000600000000
1711000: system.cpu: T0 : 0x1ca72    : c_slli a4, 2               : IntAlu :  D=0x0000000000000860
1711500: system.cpu: T0 : 0x1ca74    : c_srli a3, 32              : IntAlu :  D=0x0000000000000006
1712000: system.cpu: T0 : 0x1ca76    : c_add a4, s1               : IntAlu :  D=0x000000000006fe28
1712500: system.cpu: T0 : 0x1ca78    : c_slli a3, 3               : IntAlu :  D=0x0000000000000030
1713000: system.cpu: T0 : 0x1ca7a    : c_lw a2, 0(a4)             : MemRead :  D=0x0000000000000000 A=0x6fe28
1713500: system.cpu: T0 : 0x1ca7c    : addi a3, a3, 96            : IntAlu :  D=0x0000000000000090
1714000: system.cpu: T0 : 0x1ca80    : c_li a4, 1                 : IntAlu :  D=0x0000000000000001
1715000: system.cpu: T0 : 0x1ca82    : srliw s2, a5, 5            : IntAlu :  D=0x0000000000000000
1715500: system.cpu: T0 : 0x1ca86    : c_add a3, s1               : IntAlu :  D=0x000000000006f658
1716000: system.cpu: T0 : 0x1ca88    : sllw a5, a4, a5            : IntAlu :  D=0x0000000000000010
1716500: system.cpu: T0 : 0x1ca8c    : bltu a2, a5, 144           : IntAlu : 
1717000: system.cpu: T0 : 0x1cb1c    : addiw a5, s2, 1            : IntAlu :  D=0x0000000000000001
1717500: system.cpu: T0 : 0x1cb20    : addiw s2, a5, 0            : IntAlu :  D=0x0000000000000001
1718000: system.cpu: T0 : 0x1cb24    : bne s2, a0, -26            : IntAlu : 
1718500: system.cpu: T0 : 0x1cb0a    : c_slli a5, 32              : IntAlu :  D=0x0000000100000000
1719000: system.cpu: T0 : 0x1cb0c    : c_srli a5, 32              : IntAlu :  D=0x0000000000000001
1720000: system.cpu: T0 : 0x1cb0e    : addi a5, a5, 536           : IntAlu :  D=0x0000000000000219
1720500: system.cpu: T0 : 0x1cb12    : c_slli a5, 2               : IntAlu :  D=0x0000000000000864
1721000: system.cpu: T0 : 0x1cb14    : c_add a5, s1               : IntAlu :  D=0x000000000006fe2c
1721500: system.cpu: T0 : 0x1cb16    : c_lw a2, 0(a5)             : MemRead :  D=0x0000000000000000 A=0x6fe2c
1722000: system.cpu: T0 : 0x1cb18    : bne a2, zero, 384          : IntAlu : 
1722500: system.cpu: T0 : 0x1cb1c    : addiw a5, s2, 1            : IntAlu :  D=0x0000000000000002
1723000: system.cpu: T0 : 0x1cb20    : addiw s2, a5, 0            : IntAlu :  D=0x0000000000000002
1723500: system.cpu: T0 : 0x1cb24    : bne s2, a0, -26            : IntAlu : 
1724000: system.cpu: T0 : 0x1cb0a    : c_slli a5, 32              : IntAlu :  D=0x0000000200000000
1724500: system.cpu: T0 : 0x1cb0c    : c_srli a5, 32              : IntAlu :  D=0x0000000000000002
1725500: system.cpu: T0 : 0x1cb0e    : addi a5, a5, 536           : IntAlu :  D=0x000000000000021a
1726000: system.cpu: T0 : 0x1cb12    : c_slli a5, 2               : IntAlu :  D=0x0000000000000868
1726500: system.cpu: T0 : 0x1cb14    : c_add a5, s1               : IntAlu :  D=0x000000000006fe30
1727000: system.cpu: T0 : 0x1cb16    : c_lw a2, 0(a5)             : MemRead :  D=0x0000000000000000 A=0x6fe30
1727500: system.cpu: T0 : 0x1cb18    : bne a2, zero, 384          : IntAlu : 
1728000: system.cpu: T0 : 0x1cb1c    : addiw a5, s2, 1            : IntAlu :  D=0x0000000000000003
1728500: system.cpu: T0 : 0x1cb20    : addiw s2, a5, 0            : IntAlu :  D=0x0000000000000003
1729000: system.cpu: T0 : 0x1cb24    : bne s2, a0, -26            : IntAlu : 
1729500: system.cpu: T0 : 0x1cb0a    : c_slli a5, 32              : IntAlu :  D=0x0000000300000000
1730000: system.cpu: T0 : 0x1cb0c    : c_srli a5, 32              : IntAlu :  D=0x0000000000000003
1731000: system.cpu: T0 : 0x1cb0e    : addi a5, a5, 536           : IntAlu :  D=0x000000000000021b
1731500: system.cpu: T0 : 0x1cb12    : c_slli a5, 2               : IntAlu :  D=0x000000000000086c
1732000: system.cpu: T0 : 0x1cb14    : c_add a5, s1               : IntAlu :  D=0x000000000006fe34
1732500: system.cpu: T0 : 0x1cb16    : c_lw a2, 0(a5)             : MemRead :  D=0x0000000000000000 A=0x6fe34
1733000: system.cpu: T0 : 0x1cb18    : bne a2, zero, 384          : IntAlu : 
1733500: system.cpu: T0 : 0x1cb1c    : addiw a5, s2, 1            : IntAlu :  D=0x0000000000000004
1734000: system.cpu: T0 : 0x1cb20    : addiw s2, a5, 0            : IntAlu :  D=0x0000000000000004
1734500: system.cpu: T0 : 0x1cb24    : bne s2, a0, -26            : IntAlu : 
1735000: system.cpu: T0 : 0x1cb28    : c_ld a4, 96(s1)            : MemRead :  D=0x0000000000073240 A=0x6f628
1736000: system.cpu: T0 : 0x1cb2a    : ld a3, -1912(a7)           : MemRead :  D=0x0000000000021080 A=0x6fe50
1736500: system.cpu: T0 : 0x1cb2e    : c_ld a5, 8(a4)             : MemRead :  D=0x0000000000020dc1 A=0x73248
1737000: system.cpu: T0 : 0x1cb30    : c_andi a5, 18446744073709551608 : IntAlu :  D=0x0000000000020dc0
1738000: system.cpu: T0 : 0x1cb32    : bltu a3, a5, 548           : IntAlu : 
1739000: system.cpu: T0 : 0x1cb36    : addi a3, s0, 32            : IntAlu :  D=0x0000000000000050
1740000: system.cpu: T0 : 0x1cb3a    : bgeu a5, a3, 640           : IntAlu : 
1741000: system.cpu: T0 : 0x1cdba    : add a0, a4, s0             : IntAlu :  D=0x0000000000073270
1742000: system.cpu: T0 : 0x1cdbe    : lui a2, 111                : IntAlu :  D=0x000000000006f000
1742500: system.cpu: T0 : 0x1cdc2    : c_sd a0, 96(s1)            : MemWrite :  D=0x0000000000073270 A=0x6f628
1743000: system.cpu: T0 : 0x1cdc4    : addi a2, a2, 1480          : IntAlu :  D=0x000000000006f5c8
1743500: system.cpu: T0 : 0x1cdc8    : c_sub a5, s0               : IntAlu :  D=0x0000000000020d90
1744000: system.cpu: T0 : 0x1cdca    : c_li a3, 4                 : IntAlu :  D=0x0000000000000004
1744500: system.cpu: T0 : 0x1cdcc    : beq s1, a2, 116            : IntAlu : 
1745000: system.cpu: T0 : 0x1ce40    : c_li a3, 0                 : IntAlu :  D=0x0000000000000000
1745500: system.cpu: T0 : 0x1ce42    : c_j -114                   : IntAlu : 
1746000: system.cpu: T0 : 0x1cdd0    : c_or a3, s0                : IntAlu :  D=0x0000000000000030
1747000: system.cpu: T0 : 0x1cdd2    : ori a3, a3, 1              : IntAlu :  D=0x0000000000000031
1748000: system.cpu: T0 : 0x1cdd6    : lw a1, -1396(gp)           : MemRead :  D=0x0000000000000000 A=0x70ab4
1748500: system.cpu: T0 : 0x1cdda    : c_sd a3, 8(a4)             : MemWrite :  D=0x0000000000000031 A=0x73248
1749000: system.cpu: T0 : 0x1cddc    : ori a5, a5, 1              : IntAlu :  D=0x0000000000020d91
1749500: system.cpu: T0 : 0x1cde0    : c_sd a5, 8(a0)             : MemWrite :  D=0x0000000000020d91 A=0x73278
1750500: system.cpu: T0 : 0x1cde2    : addi s2, a4, 16            : IntAlu :  D=0x0000000000073250
1751500: system.cpu: T0 : 0x1cde6    : beq a1, zero, -1664        : IntAlu : 
1752000: system.cpu: T0 : 0x1c766    : c_ldsp ra, 248(sp)         : MemRead :  D=0x000000000001d8e4 A=0x7ffffffffffffcc8
1752500: system.cpu: T0 : 0x1c768    : c_ldsp s0, 240(sp)         : MemRead :  D=0x0000000000000028 A=0x7ffffffffffffcc0
1753000: system.cpu: T0 : 0x1c76a    : c_ldsp s1, 232(sp)         : MemRead :  D=0x000000000006f000 A=0x7ffffffffffffcb8
1753500: system.cpu: T0 : 0x1c76c    : c_ldsp s3, 216(sp)         : MemRead :  D=0x000000000006efc0 A=0x7ffffffffffffca8
1754000: system.cpu: T0 : 0x1c76e    : c_ldsp s4, 208(sp)         : MemRead :  D=0x0000000000070000 A=0x7ffffffffffffca0
1754500: system.cpu: T0 : 0x1c770    : c_ldsp s5, 200(sp)         : MemRead :  D=0x0000000000072000 A=0x7ffffffffffffc98
1755000: system.cpu: T0 : 0x1c772    : c_ldsp s6, 192(sp)         : MemRead :  D=0x0000000000072000 A=0x7ffffffffffffc90
1755500: system.cpu: T0 : 0x1c774    : c_ldsp s7, 184(sp)         : MemRead :  D=0x0000000000000000 A=0x7ffffffffffffc88
1756000: system.cpu: T0 : 0x1c776    : c_ldsp s8, 176(sp)         : MemRead :  D=0x0000000000000000 A=0x7ffffffffffffc80
1756500: system.cpu: T0 : 0x1c778    : c_ldsp s9, 168(sp)         : MemRead :  D=0x0000000000000000 A=0x7ffffffffffffc78
1757000: system.cpu: T0 : 0x1c77a    : c_ldsp s10, 160(sp)        : MemRead :  D=0x0000000000000000 A=0x7ffffffffffffc70
1757500: system.cpu: T0 : 0x1c77c    : c_ldsp s11, 152(sp)        : MemRead :  D=0x0000000000000000 A=0x7ffffffffffffc68
1758000: system.cpu: T0 : 0x1c77e    : c_mv a0, s2                : IntAlu :  D=0x0000000000073250
1758500: system.cpu: T0 : 0x1c780    : c_ldsp s2, 224(sp)         : MemRead :  D=0x0000000000000000 A=0x7ffffffffffffcb0
1759000: system.cpu: T0 : 0x1c782    : c_addi16sp sp, 256         : IntAlu :  D=0x7ffffffffffffcd0
1759500: system.cpu: T0 : 0x1c784    : c_jr ra                    : IntAlu : 
1760000: system.cpu: T0 : 0x1d8e4    : c_mv a5, a0                : IntAlu :  D=0x0000000000073250
1760500: system.cpu: T0 : 0x1d8e6    : c_beqz a0, 150             : IntAlu : 
1761000: system.cpu: T0 : 0x1d8e8    : ld a4, -8(a0)              : MemRead :  D=0x0000000000000031 A=0x73248
1761500: system.cpu: T0 : 0x1d8ec    : andi a3, a4, 2             : IntAlu :  D=0x0000000000000000
1762000: system.cpu: T0 : 0x1d8f0    : c_bnez a3, 26              : IntAlu : 
1762500: system.cpu: T0 : 0x1d8f2    : c_andi a4, 4               : IntAlu :  D=0x0000000000000000
1763000: system.cpu: T0 : 0x1d8f4    : c_beqz a4, 22              : IntAlu : 
1763500: system.cpu: T0 : 0x1d90a    : c_ldsp ra, 24(sp)          : MemRead :  D=0x000000000003aeb6 A=0x7ffffffffffffce8
1764000: system.cpu: T0 : 0x1d90c    : c_ldsp s0, 16(sp)          : MemRead :  D=0x7ffffffffffffd30 A=0x7ffffffffffffce0
1764500: system.cpu: T0 : 0x1d90e    : c_ldsp s1, 8(sp)           : MemRead :  D=0x000000000006fe60 A=0x7ffffffffffffcd8
1765000: system.cpu: T0 : 0x1d910    : c_ldsp s2, 0(sp)           : MemRead :  D=0x0000000000000000 A=0x7ffffffffffffcd0
1765500: system.cpu: T0 : 0x1d912    : c_mv a0, a5                : IntAlu :  D=0x0000000000073250
1766000: system.cpu: T0 : 0x1d914    : c_addi16sp sp, 32          : IntAlu :  D=0x7ffffffffffffcf0
1766500: system.cpu: T0 : 0x1d916    : c_jr ra                    : IntAlu : 
1767500: system.cpu: T0 : 0x3aeb6    : sd a0, 32(s3)              : MemWrite :  D=0x0000000000073250 A=0x6efe0
1768500: system.cpu: T0 : 0x3aeba    : beq a0, zero, 382          : IntAlu : 
1769500: system.cpu: T0 : 0x3aebe    : ld s1, 16(s3)              : MemRead :  D=0x0000000000000002 A=0x6efd0
1770500: system.cpu: T0 : 0x3aec2    : addi a7, zero, 40          : IntAlu :  D=0x0000000000000028
1771000: system.cpu: T0 : 0x3aec6    : c_mv s5, a0                : IntAlu :  D=0x0000000000073250
1771500: system.cpu: T0 : 0x3aec8    : slli s4, s1, 2             : IntAlu :  D=0x0000000000000008
1772000: system.cpu: T0 : 0x3aecc    : addi s4, s4, 79            : IntAlu :  D=0x0000000000000057
1772500: system.cpu: T0 : 0x3aed0    : divu s4, s4, a7            : IntDiv :  D=0x0000000000000002
1773000: system.cpu: T0 : 0x3aed4    : slli a7, s4, 2             : IntAlu :  D=0x0000000000000008
1773500: system.cpu: T0 : 0x3aed8    : c_add s4, a7               : IntAlu :  D=0x000000000000000a
1774500: system.cpu: T0 : 0x3aeda    : slli a0, s4, 5             : IntAlu :  D=0x0000000000000140
1775500: system.cpu: T0 : 0x3aede    : jal ra, -120388            : IntAlu :  D=0x000000000003aee2
1776500: system.cpu: T0 : 0x1d89a    : ld t1, -1848(gp)           : MemRead :  D=0x0000000000000000 A=0x708f0
1777500: system.cpu: T0 : 0x1d89e    : bne t1, zero, 260          : IntAlu : 
1778000: system.cpu: T0 : 0x1d8a2    : c_addi sp, -32             : IntAlu :  D=0x7ffffffffffffcd0
1778500: system.cpu: T0 : 0x1d8a4    : c_sdsp s0, 16(sp)          : MemWrite :  D=0x7ffffffffffffd30 A=0x7ffffffffffffce0
1779000: system.cpu: T0 : 0x1d8a6    : c_sdsp ra, 24(sp)          : MemWrite :  D=0x000000000003aee2 A=0x7ffffffffffffce8
1779500: system.cpu: T0 : 0x1d8a8    : c_sdsp s1, 8(sp)           : MemWrite :  D=0x0000000000000002 A=0x7ffffffffffffcd8
1780000: system.cpu: T0 : 0x1d8aa    : c_sdsp s2, 0(sp)           : MemWrite :  D=0x0000000000000000 A=0x7ffffffffffffcd0
1780500: system.cpu: T0 : 0x1d8ac    : c_mv s0, a0                : IntAlu :  D=0x0000000000000140
1781500: system.cpu: T0 : 0x1d8ae    : blt a0, zero, 222          : IntAlu : 
1782500: system.cpu: T0 : 0x1d8b2    : addi a5, a0, 23            : IntAlu :  D=0x0000000000000157
1783000: system.cpu: T0 : 0x1d8b6    : c_li a4, 31                : IntAlu :  D=0x000000000000001f
1783500: system.cpu: T0 : 0x1d8b8    : c_li s1, 0                 : IntAlu :  D=0x0000000000000000
1784500: system.cpu: T0 : 0x1d8ba    : bltu a4, a5, 94            : IntAlu : 
1785000: system.cpu: T0 : 0x1d918    : c_andi a5, 18446744073709551600 : IntAlu :  D=0x0000000000000150
1785500: system.cpu: T0 : 0x1d91a    : c_addi a5, -17             : IntAlu :  D=0x000000000000013f
1786000: system.cpu: T0 : 0x1d91c    : srli s1, a5, 4             : IntAlu :  D=0x0000000000000013
1786500: system.cpu: T0 : 0x1d920    : c_j -98                    : IntAlu : 
1787500: system.cpu: T0 : 0x1d8be    : ld a4, 40(tp)              : MemRead :  D=0x0000000000072f90 A=0x72738
1788000: system.cpu: T0 : 0x1d8c2    : c_beqz a4, 96              : IntAlu : 
1788500: system.cpu: T0 : 0x1d8c4    : lui a5, 111                : IntAlu :  D=0x000000000006f000
1789000: system.cpu: T0 : 0x1d8c8    : ld a5, 1448(a5)            : MemRead :  D=0x0000000000000040 A=0x6f5a8
1789500: system.cpu: T0 : 0x1d8cc    : bltu s1, a5, 114           : IntAlu : 
1790500: system.cpu: T0 : 0x1d93e    : slli a3, s1, 1             : IntAlu :  D=0x0000000000000026
1791000: system.cpu: T0 : 0x1d942    : c_add a3, a4               : IntAlu :  D=0x0000000000072fb6
1791500: system.cpu: T0 : 0x1d944    : lhu a2, 0(a3)              : MemRead :  D=0x0000000000000000 A=0x72fb6
1792000: system.cpu: T0 : 0x1d948    : c_beqz a2, -120            : IntAlu : 
1792500: system.cpu: T0 : 0x1d8d0    : lw a5, -1808(tp)           : MemRead :  D=0x0000000000000000 A=0x72000
1793000: system.cpu: T0 : 0x1d8d4    : c_bnez a5, 210             : IntAlu : 
1794000: system.cpu: T0 : 0x1d8d6    : lui s1, 111                : IntAlu :  D=0x000000000006f000
1794500: system.cpu: T0 : 0x1d8da    : c_mv a1, s0                : IntAlu :  D=0x0000000000000140
1795000: system.cpu: T0 : 0x1d8dc    : addi a0, s1, 1480          : IntAlu :  D=0x000000000006f5c8
1795500: system.cpu: T0 : 0x1d8e0    : jal ra, -5228              : IntAlu :  D=0x000000000001d8e4
1796000: system.cpu: T0 : 0x1c474    : c_addi16sp sp, -256        : IntAlu :  D=0x7ffffffffffffbd0
1796500: system.cpu: T0 : 0x1c476    : c_sdsp ra, 248(sp)         : MemWrite :  D=0x000000000001d8e4 A=0x7ffffffffffffcc8
1797000: system.cpu: T0 : 0x1c478    : c_sdsp s0, 240(sp)         : MemWrite :  D=0x0000000000000140 A=0x7ffffffffffffcc0
1797500: system.cpu: T0 : 0x1c47a    : c_sdsp s1, 232(sp)         : MemWrite :  D=0x000000000006f000 A=0x7ffffffffffffcb8
1798000: system.cpu: T0 : 0x1c47c    : c_sdsp s2, 224(sp)         : MemWrite :  D=0x0000000000000000 A=0x7ffffffffffffcb0
1798500: system.cpu: T0 : 0x1c47e    : c_sdsp s3, 216(sp)         : MemWrite :  D=0x000000000006efc0 A=0x7ffffffffffffca8
1799000: system.cpu: T0 : 0x1c480    : c_sdsp s4, 208(sp)         : MemWrite :  D=0x000000000000000a A=0x7ffffffffffffca0
1799500: system.cpu: T0 : 0x1c482    : c_sdsp s5, 200(sp)         : MemWrite :  D=0x0000000000073250 A=0x7ffffffffffffc98
1800000: system.cpu: T0 : 0x1c484    : c_sdsp s6, 192(sp)         : MemWrite :  D=0x0000000000072000 A=0x7ffffffffffffc90
1800500: system.cpu: T0 : 0x1c486    : c_sdsp s7, 184(sp)         : MemWrite :  D=0x0000000000000000 A=0x7ffffffffffffc88
1801000: system.cpu: T0 : 0x1c488    : c_sdsp s8, 176(sp)         : MemWrite :  D=0x0000000000000000 A=0x7ffffffffffffc80
1801500: system.cpu: T0 : 0x1c48a    : c_sdsp s9, 168(sp)         : MemWrite :  D=0x0000000000000000 A=0x7ffffffffffffc78
1802000: system.cpu: T0 : 0x1c48c    : c_sdsp s10, 160(sp)        : MemWrite :  D=0x0000000000000000 A=0x7ffffffffffffc70
1802500: system.cpu: T0 : 0x1c48e    : c_sdsp s11, 152(sp)        : MemWrite :  D=0x0000000000000000 A=0x7ffffffffffffc68
1803000: system.cpu: T0 : 0x1c490    : blt a1, zero, 1198         : IntAlu : 
1803500: system.cpu: T0 : 0x1c494    : addi s0, a1, 23            : IntAlu :  D=0x0000000000000157
1804000: system.cpu: T0 : 0x1c498    : c_li a5, 31                : IntAlu :  D=0x000000000000001f
1804500: system.cpu: T0 : 0x1c49a    : c_mv s3, a1                : IntAlu :  D=0x0000000000000140
1805000: system.cpu: T0 : 0x1c49c    : c_mv s1, a0                : IntAlu :  D=0x000000000006f5c8
1806000: system.cpu: T0 : 0x1c49e    : bltu a5, s0, 220           : IntAlu : 
1806500: system.cpu: T0 : 0x1c57a    : c_andi s0, 18446744073709551600 : IntAlu :  D=0x0000000000000150
1807000: system.cpu: T0 : 0x1c57c    : beq a0, zero, 988          : IntAlu : 
1807500: system.cpu: T0 : 0x1c580    : ld a4, -1376(gp)           : MemRead :  D=0x0000000000000080 A=0x70ac8
1808000: system.cpu: T0 : 0x1c584    : srliw s9, s0, 4            : IntAlu :  D=0x0000000000000015
1808500: system.cpu: T0 : 0x1c588    : srliw a5, s0, 4            : IntAlu :  D=0x0000000000000015
1809000: system.cpu: T0 : 0x1c58c    : bgeu a4, s0, 506           : IntAlu : 
1809500: system.cpu: T0 : 0x1c590    : addi a4, zero, 1023        : IntAlu :  D=0x00000000000003ff
1810000: system.cpu: T0 : 0x1c594    : bgeu a4, s0, 1722          : IntAlu : 
1810500: system.cpu: T0 : 0x1cc4e    : c_addiw a5, -1             : IntAlu :  D=0x0000000000000014
1811000: system.cpu: T0 : 0x1cc50    : c_j -1406                  : IntAlu : 
1812000: system.cpu: T0 : 0x1c6d2    : slliw a5, a5, 1            : IntAlu :  D=0x0000000000000028
1812500: system.cpu: T0 : 0x1c6d6    : c_slli a5, 32              : IntAlu :  D=0x0000002800000000
1813000: system.cpu: T0 : 0x1c6d8    : c_srli a5, 32              : IntAlu :  D=0x0000000000000028
1813500: system.cpu: T0 : 0x1c6da    : c_addi a5, 14              : IntAlu :  D=0x0000000000000036
1814000: system.cpu: T0 : 0x1c6dc    : c_slli a5, 3               : IntAlu :  D=0x00000000000001b0
1814500: system.cpu: T0 : 0x1c6de    : c_j -550                   : IntAlu : 
1815000: system.cpu: T0 : 0x1c4b8    : c_add a5, s1               : IntAlu :  D=0x000000000006f778
1816000: system.cpu: T0 : 0x1c4ba    : ld s2, 8(a5)               : MemRead :  D=0x000000000006f768 A=0x6f780
1817000: system.cpu: T0 : 0x1c4be    : addi a3, a5, -16           : IntAlu :  D=0x000000000006f768
1818000: system.cpu: T0 : 0x1c4c2    : beq a3, s2, 748            : IntAlu : 
1819000: system.cpu: T0 : 0x1c7ae    : srli t1, s0, 9             : IntAlu :  D=0x0000000000000000
1820000: system.cpu: T0 : 0x1c7b2    : addiw a5, t1, 91           : IntAlu :  D=0x000000000000005b
1821000: system.cpu: T0 : 0x1c7b6    : srli s10, s0, 6            : IntAlu :  D=0x0000000000000005
1821500: system.cpu: T0 : 0x1c7ba    : c_sdsp a5, 96(sp)          : MemWrite :  D=0x000000000000005b A=0x7ffffffffffffc30
1822000: system.cpu: T0 : 0x1c7bc    : addiw a5, s10, 48          : IntAlu :  D=0x0000000000000035
1822500: system.cpu: T0 : 0x1c7c0    : c_sdsp a5, 88(sp)          : MemWrite :  D=0x0000000000000035 A=0x7ffffffffffffc28
1823500: system.cpu: T0 : 0x1c7c2    : addi a5, zero, 110         : IntAlu :  D=0x000000000000006e
1824000: system.cpu: T0 : 0x1c7c6    : c_sdsp a5, 112(sp)         : MemWrite :  D=0x000000000000006e A=0x7ffffffffffffc40
1824500: system.cpu: T0 : 0x1c7c8    : addi a5, zero, 119         : IntAlu :  D=0x0000000000000077
1825000: system.cpu: T0 : 0x1c7cc    : c_sdsp a5, 104(sp)         : MemWrite :  D=0x0000000000000077 A=0x7ffffffffffffc38
1826000: system.cpu: T0 : 0x1c7ce    : addi a5, zero, 124         : IntAlu :  D=0x000000000000007c
1826500: system.cpu: T0 : 0x1c7d2    : c_sdsp s9, 8(sp)           : MemWrite :  D=0x0000000000000015 A=0x7ffffffffffffbd8
1827000: system.cpu: T0 : 0x1c7d4    : c_sdsp a5, 120(sp)         : MemWrite :  D=0x000000000000007c A=0x7ffffffffffffc48
1827500: system.cpu: T0 : 0x1c7d6    : c_sdsp zero, 128(sp)       : MemWrite :  D=0x0000000000000000 A=0x7ffffffffffffc50
1828000: system.cpu: T0 : 0x1c7d8    : c_sdsp zero, 136(sp)       : MemWrite :  D=0x0000000000000000 A=0x7ffffffffffffc58
1829000: system.cpu: T0 : 0x1c7da    : ld a5, 40(tp)              : MemRead :  D=0x0000000000072f90 A=0x72738
1830000: system.cpu: T0 : 0x1c7de    : addi s6, s0, -17           : IntAlu :  D=0x000000000000013f
1831000: system.cpu: T0 : 0x1c7e2    : srli s6, s6, 4             : IntAlu :  D=0x0000000000000013
1831500: system.cpu: T0 : 0x1c7e6    : c_li s5, 0                 : IntAlu :  D=0x0000000000000000
1832000: system.cpu: T0 : 0x1c7e8    : c_beqz a5, 22              : IntAlu : 
1833000: system.cpu: T0 : 0x1c7ea    : lui a5, 111                : IntAlu :  D=0x000000000006f000
1834000: system.cpu: T0 : 0x1c7ee    : ld s5, 1448(a5)            : MemRead :  D=0x0000000000000040 A=0x6f5a8
1835000: system.cpu: T0 : 0x1c7f2    : sltu s5, s6, s5            : IntAlu :  D=0x0000000000000001
1836000: system.cpu: T0 : 0x1c7f6    : sub s5, zero, s5           : IntAlu :  D=0xffffffffffffffff
1837000: system.cpu: T0 : 0x1c7fa    : and s5, s0, s5             : IntAlu :  D=0x0000000000000150
1838000: system.cpu: T0 : 0x1c7fe    : lui a5, 111                : IntAlu :  D=0x000000000006f000
1838500: system.cpu: T0 : 0x1c802    : c_lui s11, 1               : IntAlu :  D=0x0000000000001000
1839000: system.cpu: T0 : 0x1c804    : lui s7, 111                : IntAlu :  D=0x000000000006f000
1839500: system.cpu: T0 : 0x1c808    : addi a5, a5, 1480          : IntAlu :  D=0x000000000006f5c8
1840000: system.cpu: T0 : 0x1c80c    : addi s8, s1, 96            : IntAlu :  D=0x000000000006f628
1840500: system.cpu: T0 : 0x1c810    : c_li t5, 0                 : IntAlu :  D=0x0000000000000000
1841500: system.cpu: T0 : 0x1c812    : addi s7, s7, 1368          : IntAlu :  D=0x000000000006f558
1842500: system.cpu: T0 : 0x1c816    : add a7, s1, s11            : IntAlu :  D=0x00000000000705c8
1843000: system.cpu: T0 : 0x1c81a    : c_sdsp a5, 56(sp)          : MemWrite :  D=0x000000000006f5c8 A=0x7ffffffffffffc08
1843500: system.cpu: T0 : 0x1c81c    : c_ld a5, 120(s1)           : MemRead :  D=0x000000000006f628 A=0x6f640
1844500: system.cpu: T0 : 0x1c81e    : beq a5, s8, 532            : IntAlu : 
1845500: system.cpu: T0 : 0x1ca32    : addi a5, zero, 1023        : IntAlu :  D=0x00000000000003ff
1846500: system.cpu: T0 : 0x1ca36    : bgeu a5, s0, 38            : IntAlu : 
1847000: system.cpu: T0 : 0x1ca5c    : c_ldsp a3, 8(sp)           : MemRead :  D=0x0000000000000015 A=0x7ffffffffffffbd8
1847500: system.cpu: T0 : 0x1ca5e    : c_li a0, 4                 : IntAlu :  D=0x0000000000000004
1848000: system.cpu: T0 : 0x1ca60    : addiw a5, a3, 1            : IntAlu :  D=0x0000000000000016
1848500: system.cpu: T0 : 0x1ca64    : srliw a4, a5, 5            : IntAlu :  D=0x0000000000000000
1849000: system.cpu: T0 : 0x1ca68    : slliw a3, a3, 1            : IntAlu :  D=0x000000000000002a
1849500: system.cpu: T0 : 0x1ca6c    : addi a4, a4, 536           : IntAlu :  D=0x0000000000000218
1850000: system.cpu: T0 : 0x1ca70    : c_slli a3, 32              : IntAlu :  D=0x0000002a00000000
1850500: system.cpu: T0 : 0x1ca72    : c_slli a4, 2               : IntAlu :  D=0x0000000000000860
1851000: system.cpu: T0 : 0x1ca74    : c_srli a3, 32              : IntAlu :  D=0x000000000000002a
1851500: system.cpu: T0 : 0x1ca76    : c_add a4, s1               : IntAlu :  D=0x000000000006fe28
1852000: system.cpu: T0 : 0x1ca78    : c_slli a3, 3               : IntAlu :  D=0x0000000000000150
1852500: system.cpu: T0 : 0x1ca7a    : c_lw a2, 0(a4)             : MemRead :  D=0x0000000000000000 A=0x6fe28
1853000: system.cpu: T0 : 0x1ca7c    : addi a3, a3, 96            : IntAlu :  D=0x00000000000001b0
1853500: system.cpu: T0 : 0x1ca80    : c_li a4, 1                 : IntAlu :  D=0x0000000000000001
1854500: system.cpu: T0 : 0x1ca82    : srliw s2, a5, 5            : IntAlu :  D=0x0000000000000000
1855000: system.cpu: T0 : 0x1ca86    : c_add a3, s1               : IntAlu :  D=0x000000000006f778
1855500: system.cpu: T0 : 0x1ca88    : sllw a5, a4, a5            : IntAlu :  D=0x0000000000400000
1856000: system.cpu: T0 : 0x1ca8c    : bltu a2, a5, 144           : IntAlu : 
1856500: system.cpu: T0 : 0x1cb1c    : addiw a5, s2, 1            : IntAlu :  D=0x0000000000000001
1857000: system.cpu: T0 : 0x1cb20    : addiw s2, a5, 0            : IntAlu :  D=0x0000000000000001
1857500: system.cpu: T0 : 0x1cb24    : bne s2, a0, -26            : IntAlu : 
1858000: system.cpu: T0 : 0x1cb0a    : c_slli a5, 32              : IntAlu :  D=0x0000000100000000
1858500: system.cpu: T0 : 0x1cb0c    : c_srli a5, 32              : IntAlu :  D=0x0000000000000001
1859500: system.cpu: T0 : 0x1cb0e    : addi a5, a5, 536           : IntAlu :  D=0x0000000000000219
1860000: system.cpu: T0 : 0x1cb12    : c_slli a5, 2               : IntAlu :  D=0x0000000000000864
1860500: system.cpu: T0 : 0x1cb14    : c_add a5, s1               : IntAlu :  D=0x000000000006fe2c
1861000: system.cpu: T0 : 0x1cb16    : c_lw a2, 0(a5)             : MemRead :  D=0x0000000000000000 A=0x6fe2c
1861500: system.cpu: T0 : 0x1cb18    : bne a2, zero, 384          : IntAlu : 
1862000: system.cpu: T0 : 0x1cb1c    : addiw a5, s2, 1            : IntAlu :  D=0x0000000000000002
1862500: system.cpu: T0 : 0x1cb20    : addiw s2, a5, 0            : IntAlu :  D=0x0000000000000002
1863000: system.cpu: T0 : 0x1cb24    : bne s2, a0, -26            : IntAlu : 
1863500: system.cpu: T0 : 0x1cb0a    : c_slli a5, 32              : IntAlu :  D=0x0000000200000000
1864000: system.cpu: T0 : 0x1cb0c    : c_srli a5, 32              : IntAlu :  D=0x0000000000000002
1865000: system.cpu: T0 : 0x1cb0e    : addi a5, a5, 536           : IntAlu :  D=0x000000000000021a
1865500: system.cpu: T0 : 0x1cb12    : c_slli a5, 2               : IntAlu :  D=0x0000000000000868
1866000: system.cpu: T0 : 0x1cb14    : c_add a5, s1               : IntAlu :  D=0x000000000006fe30
1866500: system.cpu: T0 : 0x1cb16    : c_lw a2, 0(a5)             : MemRead :  D=0x0000000000000000 A=0x6fe30
1867000: system.cpu: T0 : 0x1cb18    : bne a2, zero, 384          : IntAlu : 
1867500: system.cpu: T0 : 0x1cb1c    : addiw a5, s2, 1            : IntAlu :  D=0x0000000000000003
1868000: system.cpu: T0 : 0x1cb20    : addiw s2, a5, 0            : IntAlu :  D=0x0000000000000003
1868500: system.cpu: T0 : 0x1cb24    : bne s2, a0, -26            : IntAlu : 
1869000: system.cpu: T0 : 0x1cb0a    : c_slli a5, 32              : IntAlu :  D=0x0000000300000000
1869500: system.cpu: T0 : 0x1cb0c    : c_srli a5, 32              : IntAlu :  D=0x0000000000000003
1870500: system.cpu: T0 : 0x1cb0e    : addi a5, a5, 536           : IntAlu :  D=0x000000000000021b
1871000: system.cpu: T0 : 0x1cb12    : c_slli a5, 2               : IntAlu :  D=0x000000000000086c
1871500: system.cpu: T0 : 0x1cb14    : c_add a5, s1               : IntAlu :  D=0x000000000006fe34
1872000: system.cpu: T0 : 0x1cb16    : c_lw a2, 0(a5)             : MemRead :  D=0x0000000000000000 A=0x6fe34
1872500: system.cpu: T0 : 0x1cb18    : bne a2, zero, 384          : IntAlu : 
1873000: system.cpu: T0 : 0x1cb1c    : addiw a5, s2, 1            : IntAlu :  D=0x0000000000000004
1873500: system.cpu: T0 : 0x1cb20    : addiw s2, a5, 0            : IntAlu :  D=0x0000000000000004
1874000: system.cpu: T0 : 0x1cb24    : bne s2, a0, -26            : IntAlu : 
1874500: system.cpu: T0 : 0x1cb28    : c_ld a4, 96(s1)            : MemRead :  D=0x0000000000073270 A=0x6f628
1875500: system.cpu: T0 : 0x1cb2a    : ld a3, -1912(a7)           : MemRead :  D=0x0000000000021080 A=0x6fe50
1876000: system.cpu: T0 : 0x1cb2e    : c_ld a5, 8(a4)             : MemRead :  D=0x0000000000020d91 A=0x73278
1876500: system.cpu: T0 : 0x1cb30    : c_andi a5, 18446744073709551608 : IntAlu :  D=0x0000000000020d90
1877500: system.cpu: T0 : 0x1cb32    : bltu a3, a5, 548           : IntAlu : 
1878500: system.cpu: T0 : 0x1cb36    : addi a3, s0, 32            : IntAlu :  D=0x0000000000000170
1879500: system.cpu: T0 : 0x1cb3a    : bgeu a5, a3, 640           : IntAlu : 
1880500: system.cpu: T0 : 0x1cdba    : add a0, a4, s0             : IntAlu :  D=0x00000000000733c0
1881500: system.cpu: T0 : 0x1cdbe    : lui a2, 111                : IntAlu :  D=0x000000000006f000
1882000: system.cpu: T0 : 0x1cdc2    : c_sd a0, 96(s1)            : MemWrite :  D=0x00000000000733c0 A=0x6f628
1882500: system.cpu: T0 : 0x1cdc4    : addi a2, a2, 1480          : IntAlu :  D=0x000000000006f5c8
1883000: system.cpu: T0 : 0x1cdc8    : c_sub a5, s0               : IntAlu :  D=0x0000000000020c40
1883500: system.cpu: T0 : 0x1cdca    : c_li a3, 4                 : IntAlu :  D=0x0000000000000004
1884000: system.cpu: T0 : 0x1cdcc    : beq s1, a2, 116            : IntAlu : 
1884500: system.cpu: T0 : 0x1ce40    : c_li a3, 0                 : IntAlu :  D=0x0000000000000000
1885000: system.cpu: T0 : 0x1ce42    : c_j -114                   : IntAlu : 
1885500: system.cpu: T0 : 0x1cdd0    : c_or a3, s0                : IntAlu :  D=0x0000000000000150
1886500: system.cpu: T0 : 0x1cdd2    : ori a3, a3, 1              : IntAlu :  D=0x0000000000000151
1887500: system.cpu: T0 : 0x1cdd6    : lw a1, -1396(gp)           : MemRead :  D=0x0000000000000000 A=0x70ab4
1888000: system.cpu: T0 : 0x1cdda    : c_sd a3, 8(a4)             : MemWrite :  D=0x0000000000000151 A=0x73278
1888500: system.cpu: T0 : 0x1cddc    : ori a5, a5, 1              : IntAlu :  D=0x0000000000020c41
1889000: system.cpu: T0 : 0x1cde0    : c_sd a5, 8(a0)             : MemWrite :  D=0x0000000000020c41 A=0x733c8
1890000: system.cpu: T0 : 0x1cde2    : addi s2, a4, 16            : IntAlu :  D=0x0000000000073280
1891000: system.cpu: T0 : 0x1cde6    : beq a1, zero, -1664        : IntAlu : 
1891500: system.cpu: T0 : 0x1c766    : c_ldsp ra, 248(sp)         : MemRead :  D=0x000000000001d8e4 A=0x7ffffffffffffcc8
1892000: system.cpu: T0 : 0x1c768    : c_ldsp s0, 240(sp)         : MemRead :  D=0x0000000000000140 A=0x7ffffffffffffcc0
1892500: system.cpu: T0 : 0x1c76a    : c_ldsp s1, 232(sp)         : MemRead :  D=0x000000000006f000 A=0x7ffffffffffffcb8
1893000: system.cpu: T0 : 0x1c76c    : c_ldsp s3, 216(sp)         : MemRead :  D=0x000000000006efc0 A=0x7ffffffffffffca8
1893500: system.cpu: T0 : 0x1c76e    : c_ldsp s4, 208(sp)         : MemRead :  D=0x000000000000000a A=0x7ffffffffffffca0
1894000: system.cpu: T0 : 0x1c770    : c_ldsp s5, 200(sp)         : MemRead :  D=0x0000000000073250 A=0x7ffffffffffffc98
1894500: system.cpu: T0 : 0x1c772    : c_ldsp s6, 192(sp)         : MemRead :  D=0x0000000000072000 A=0x7ffffffffffffc90
1895000: system.cpu: T0 : 0x1c774    : c_ldsp s7, 184(sp)         : MemRead :  D=0x0000000000000000 A=0x7ffffffffffffc88
1895500: system.cpu: T0 : 0x1c776    : c_ldsp s8, 176(sp)         : MemRead :  D=0x0000000000000000 A=0x7ffffffffffffc80
1896000: system.cpu: T0 : 0x1c778    : c_ldsp s9, 168(sp)         : MemRead :  D=0x0000000000000000 A=0x7ffffffffffffc78
1896500: system.cpu: T0 : 0x1c77a    : c_ldsp s10, 160(sp)        : MemRead :  D=0x0000000000000000 A=0x7ffffffffffffc70
1897000: system.cpu: T0 : 0x1c77c    : c_ldsp s11, 152(sp)        : MemRead :  D=0x0000000000000000 A=0x7ffffffffffffc68
1897500: system.cpu: T0 : 0x1c77e    : c_mv a0, s2                : IntAlu :  D=0x0000000000073280
1898000: system.cpu: T0 : 0x1c780    : c_ldsp s2, 224(sp)         : MemRead :  D=0x0000000000000000 A=0x7ffffffffffffcb0
1898500: system.cpu: T0 : 0x1c782    : c_addi16sp sp, 256         : IntAlu :  D=0x7ffffffffffffcd0
1899000: system.cpu: T0 : 0x1c784    : c_jr ra                    : IntAlu : 
1899500: system.cpu: T0 : 0x1d8e4    : c_mv a5, a0                : IntAlu :  D=0x0000000000073280
1900000: system.cpu: T0 : 0x1d8e6    : c_beqz a0, 150             : IntAlu : 
1900500: system.cpu: T0 : 0x1d8e8    : ld a4, -8(a0)              : MemRead :  D=0x0000000000000151 A=0x73278
1901000: system.cpu: T0 : 0x1d8ec    : andi a3, a4, 2             : IntAlu :  D=0x0000000000000000
1901500: system.cpu: T0 : 0x1d8f0    : c_bnez a3, 26              : IntAlu : 
1902000: system.cpu: T0 : 0x1d8f2    : c_andi a4, 4               : IntAlu :  D=0x0000000000000000
1902500: system.cpu: T0 : 0x1d8f4    : c_beqz a4, 22              : IntAlu : 
1903000: system.cpu: T0 : 0x1d90a    : c_ldsp ra, 24(sp)          : MemRead :  D=0x000000000003aee2 A=0x7ffffffffffffce8
1903500: system.cpu: T0 : 0x1d90c    : c_ldsp s0, 16(sp)          : MemRead :  D=0x7ffffffffffffd30 A=0x7ffffffffffffce0
1904000: system.cpu: T0 : 0x1d90e    : c_ldsp s1, 8(sp)           : MemRead :  D=0x0000000000000002 A=0x7ffffffffffffcd8
1904500: system.cpu: T0 : 0x1d910    : c_ldsp s2, 0(sp)           : MemRead :  D=0x0000000000000000 A=0x7ffffffffffffcd0
1905000: system.cpu: T0 : 0x1d912    : c_mv a0, a5                : IntAlu :  D=0x0000000000073280
1905500: system.cpu: T0 : 0x1d914    : c_addi16sp sp, 32          : IntAlu :  D=0x7ffffffffffffcf0
1906000: system.cpu: T0 : 0x1d916    : c_jr ra                    : IntAlu : 
1907000: system.cpu: T0 : 0x3aee2    : sd a0, 0(s5)               : MemWrite :  D=0x0000000000073280 A=0x73250
1907500: system.cpu: T0 : 0x3aee6    : c_mv a2, a0                : IntAlu :  D=0x0000000000073280
1908000: system.cpu: T0 : 0x3aee8    : beq a0, zero, 386          : IntAlu : 
1908500: system.cpu: T0 : 0x3aeec    : lui a5, 114                : IntAlu :  D=0x0000000000072000
1909000: system.cpu: T0 : 0x3aef0    : lui a3, 97                 : IntAlu :  D=0x0000000000061000
1909500: system.cpu: T0 : 0x3aef4    : lui a0, 97                 : IntAlu :  D=0x0000000000061000
1910000: system.cpu: T0 : 0x3aef8    : addi a3, a3, 1920          : IntAlu :  D=0x0000000000061780
1910500: system.cpu: T0 : 0x3aefc    : addi a0, a0, 1472          : IntAlu :  D=0x00000000000615c0
1911000: system.cpu: T0 : 0x3af00    : sd a2, -384(a5)            : MemWrite :  D=0x0000000000073280 A=0x71e80
1911500: system.cpu: T0 : 0x3af04    : c_li a5, 23                : IntAlu :  D=0x0000000000000017
1912000: system.cpu: T0 : 0x3af06    : c_sd a3, 24(a2)            : MemWrite :  D=0x0000000000061780 A=0x73298
1912500: system.cpu: T0 : 0x3af08    : addi a6, a3, 72            : IntAlu :  D=0x00000000000617c8
1913000: system.cpu: T0 : 0x3af0c    : sw zero, 40(s3)            : MemWrite :  D=0x0000000000000000 A=0x6efe8
1913500: system.cpu: T0 : 0x3af10    : addi a1, s5, 8             : IntAlu :  D=0x0000000000073258
1914000: system.cpu: T0 : 0x3af14    : c_sd a0, 8(a2)             : MemWrite :  D=0x00000000000615c0 A=0x73288
1915000: system.cpu: T0 : 0x3af16    : sd zero, 16(a2)            : MemWrite :  D=0x0000000000000000 A=0x73290
1915500: system.cpu: T0 : 0x3af1a    : c_sd a5, 32(a2)            : MemWrite :  D=0x0000000000000017 A=0x732a0
1916000: system.cpu: T0 : 0x3af1c    : slli a7, s4, 3             : IntAlu :  D=0x0000000000000050
1916500: system.cpu: T0 : 0x3af20    : addi t3, s5, 32            : IntAlu :  D=0x0000000000073270
1917000: system.cpu: T0 : 0x3af24    : c_addi a3, 24              : IntAlu :  D=0x0000000000061798
1918000: system.cpu: T0 : 0x3af26    : addi t4, zero, 47          : IntAlu :  D=0x000000000000002f
1919000: system.cpu: T0 : 0x3af2a    : addi a4, a2, 40            : IntAlu :  D=0x00000000000732a8
1919500: system.cpu: T0 : 0x3af2e    : c_li a5, 0                 : IntAlu :  D=0x0000000000000000
1920000: system.cpu: T0 : 0x3af30    : c_beqz s1, 14              : IntAlu : 
1921000: system.cpu: T0 : 0x3af32    : sw zero, 0(a4)             : MemWrite :  D=0x0000000000000000 A=0x732a8
1921500: system.cpu: T0 : 0x3af36    : c_addi a5, 1               : IntAlu :  D=0x0000000000000001
1922000: system.cpu: T0 : 0x3af38    : c_addi a4, 4               : IntAlu :  D=0x00000000000732ac
1923000: system.cpu: T0 : 0x3af3a    : bne s1, a5, -8             : IntAlu : 
1924000: system.cpu: T0 : 0x3af32    : sw zero, 0(a4)             : MemWrite :  D=0x0000000000000000 A=0x732ac
1924500: system.cpu: T0 : 0x3af36    : c_addi a5, 1               : IntAlu :  D=0x0000000000000002
1925000: system.cpu: T0 : 0x3af38    : c_addi a4, 4               : IntAlu :  D=0x00000000000732b0
1926000: system.cpu: T0 : 0x3af3a    : bne s1, a5, -8             : IntAlu : 
1927000: system.cpu: T0 : 0x3af3e    : beq t3, a1, 48             : IntAlu : 
1928000: system.cpu: T0 : 0x3af42    : ld a4, 8(a6)               : MemRead :  D=0x000000000000001b A=0x617d0
1929000: system.cpu: T0 : 0x3af46    : add a5, a2, a7             : IntAlu :  D=0x00000000000732d0
1930000: system.cpu: T0 : 0x3af4a    : lbu t1, 0(a3)              : MemRead :  D=0x000000000000002f A=0x61798
1930500: system.cpu: T0 : 0x3af4e    : c_sd a5, 0(a2)             : MemWrite :  D=0x00000000000732d0 A=0x73280
1931000: system.cpu: T0 : 0x3af50    : c_sd a3, 24(a5)            : MemWrite :  D=0x0000000000061798 A=0x732e8
1932000: system.cpu: T0 : 0x3af52    : addi a2, a4, 1             : IntAlu :  D=0x000000000000001c
1932500: system.cpu: T0 : 0x3af56    : c_sd a5, 0(a1)             : MemWrite :  D=0x00000000000732d0 A=0x73258
1933000: system.cpu: T0 : 0x3af58    : c_sd a0, 8(a5)             : MemWrite :  D=0x00000000000615c0 A=0x732d8
1934000: system.cpu: T0 : 0x3af5a    : sd zero, 16(a5)            : MemWrite :  D=0x0000000000000000 A=0x732e0
1934500: system.cpu: T0 : 0x3af5e    : c_sd a4, 32(a5)            : MemWrite :  D=0x000000000000001b A=0x732f0
1935000: system.cpu: T0 : 0x3af60    : c_addi a1, 8               : IntAlu :  D=0x0000000000073260
1935500: system.cpu: T0 : 0x3af62    : c_add a3, a2               : IntAlu :  D=0x00000000000617b4
1936000: system.cpu: T0 : 0x3af64    : c_addi a6, 8               : IntAlu :  D=0x00000000000617d0
1937000: system.cpu: T0 : 0x3af66    : bne t1, t4, 228            : IntAlu : 
1937500: system.cpu: T0 : 0x3af6a    : c_mv a2, a5                : IntAlu :  D=0x00000000000732d0
1938000: system.cpu: T0 : 0x3af6c    : c_j -66                    : IntAlu : 
1939000: system.cpu: T0 : 0x3af2a    : addi a4, a2, 40            : IntAlu :  D=0x00000000000732f8
1939500: system.cpu: T0 : 0x3af2e    : c_li a5, 0                 : IntAlu :  D=0x0000000000000000
1940000: system.cpu: T0 : 0x3af30    : c_beqz s1, 14              : IntAlu : 
1941000: system.cpu: T0 : 0x3af32    : sw zero, 0(a4)             : MemWrite :  D=0x0000000000000000 A=0x732f8
1941500: system.cpu: T0 : 0x3af36    : c_addi a5, 1               : IntAlu :  D=0x0000000000000001
1942000: system.cpu: T0 : 0x3af38    : c_addi a4, 4               : IntAlu :  D=0x00000000000732fc
1943000: system.cpu: T0 : 0x3af3a    : bne s1, a5, -8             : IntAlu : 
1944000: system.cpu: T0 : 0x3af32    : sw zero, 0(a4)             : MemWrite :  D=0x0000000000000000 A=0x732fc
1944500: system.cpu: T0 : 0x3af36    : c_addi a5, 1               : IntAlu :  D=0x0000000000000002
1945000: system.cpu: T0 : 0x3af38    : c_addi a4, 4               : IntAlu :  D=0x0000000000073300
1946000: system.cpu: T0 : 0x3af3a    : bne s1, a5, -8             : IntAlu : 
1947000: system.cpu: T0 : 0x3af3e    : beq t3, a1, 48             : IntAlu : 
1948000: system.cpu: T0 : 0x3af42    : ld a4, 8(a6)               : MemRead :  D=0x0000000000000005 A=0x617d8
1949000: system.cpu: T0 : 0x3af46    : add a5, a2, a7             : IntAlu :  D=0x0000000000073320
1950000: system.cpu: T0 : 0x3af4a    : lbu t1, 0(a3)              : MemRead :  D=0x000000000000002f A=0x617b4
1950500: system.cpu: T0 : 0x3af4e    : c_sd a5, 0(a2)             : MemWrite :  D=0x0000000000073320 A=0x732d0
1951000: system.cpu: T0 : 0x3af50    : c_sd a3, 24(a5)            : MemWrite :  D=0x00000000000617b4 A=0x73338
1952000: system.cpu: T0 : 0x3af52    : addi a2, a4, 1             : IntAlu :  D=0x0000000000000006
1952500: system.cpu: T0 : 0x3af56    : c_sd a5, 0(a1)             : MemWrite :  D=0x0000000000073320 A=0x73260
1953000: system.cpu: T0 : 0x3af58    : c_sd a0, 8(a5)             : MemWrite :  D=0x00000000000615c0 A=0x73328
1954000: system.cpu: T0 : 0x3af5a    : sd zero, 16(a5)            : MemWrite :  D=0x0000000000000000 A=0x73330
1954500: system.cpu: T0 : 0x3af5e    : c_sd a4, 32(a5)            : MemWrite :  D=0x0000000000000005 A=0x73340
1955000: system.cpu: T0 : 0x3af60    : c_addi a1, 8               : IntAlu :  D=0x0000000000073268
1955500: system.cpu: T0 : 0x3af62    : c_add a3, a2               : IntAlu :  D=0x00000000000617ba
1956000: system.cpu: T0 : 0x3af64    : c_addi a6, 8               : IntAlu :  D=0x00000000000617d8
1957000: system.cpu: T0 : 0x3af66    : bne t1, t4, 228            : IntAlu : 
1957500: system.cpu: T0 : 0x3af6a    : c_mv a2, a5                : IntAlu :  D=0x0000000000073320
1958000: system.cpu: T0 : 0x3af6c    : c_j -66                    : IntAlu : 
1959000: system.cpu: T0 : 0x3af2a    : addi a4, a2, 40            : IntAlu :  D=0x0000000000073348
1959500: system.cpu: T0 : 0x3af2e    : c_li a5, 0                 : IntAlu :  D=0x0000000000000000
1960000: system.cpu: T0 : 0x3af30    : c_beqz s1, 14              : IntAlu : 
1961000: system.cpu: T0 : 0x3af32    : sw zero, 0(a4)             : MemWrite :  D=0x0000000000000000 A=0x73348
1961500: system.cpu: T0 : 0x3af36    : c_addi a5, 1               : IntAlu :  D=0x0000000000000001
1962000: system.cpu: T0 : 0x3af38    : c_addi a4, 4               : IntAlu :  D=0x000000000007334c
1963000: system.cpu: T0 : 0x3af3a    : bne s1, a5, -8             : IntAlu : 
1964000: system.cpu: T0 : 0x3af32    : sw zero, 0(a4)             : MemWrite :  D=0x0000000000000000 A=0x7334c
1964500: system.cpu: T0 : 0x3af36    : c_addi a5, 1               : IntAlu :  D=0x0000000000000002
1965000: system.cpu: T0 : 0x3af38    : c_addi a4, 4               : IntAlu :  D=0x0000000000073350
1966000: system.cpu: T0 : 0x3af3a    : bne s1, a5, -8             : IntAlu : 
1967000: system.cpu: T0 : 0x3af3e    : beq t3, a1, 48             : IntAlu : 
1968000: system.cpu: T0 : 0x3af42    : ld a4, 8(a6)               : MemRead :  D=0x0000000000000009 A=0x617e0
1969000: system.cpu: T0 : 0x3af46    : add a5, a2, a7             : IntAlu :  D=0x0000000000073370
1970000: system.cpu: T0 : 0x3af4a    : lbu t1, 0(a3)              : MemRead :  D=0x000000000000002f A=0x617ba
1970500: system.cpu: T0 : 0x3af4e    : c_sd a5, 0(a2)             : MemWrite :  D=0x0000000000073370 A=0x73320
1971000: system.cpu: T0 : 0x3af50    : c_sd a3, 24(a5)            : MemWrite :  D=0x00000000000617ba A=0x73388
1972000: system.cpu: T0 : 0x3af52    : addi a2, a4, 1             : IntAlu :  D=0x000000000000000a
1972500: system.cpu: T0 : 0x3af56    : c_sd a5, 0(a1)             : MemWrite :  D=0x0000000000073370 A=0x73268
1973000: system.cpu: T0 : 0x3af58    : c_sd a0, 8(a5)             : MemWrite :  D=0x00000000000615c0 A=0x73378
1974000: system.cpu: T0 : 0x3af5a    : sd zero, 16(a5)            : MemWrite :  D=0x0000000000000000 A=0x73380
1974500: system.cpu: T0 : 0x3af5e    : c_sd a4, 32(a5)            : MemWrite :  D=0x0000000000000009 A=0x73390
1975000: system.cpu: T0 : 0x3af60    : c_addi a1, 8               : IntAlu :  D=0x0000000000073270
1975500: system.cpu: T0 : 0x3af62    : c_add a3, a2               : IntAlu :  D=0x00000000000617c4
1976000: system.cpu: T0 : 0x3af64    : c_addi a6, 8               : IntAlu :  D=0x00000000000617e0
1977000: system.cpu: T0 : 0x3af66    : bne t1, t4, 228            : IntAlu : 
1977500: system.cpu: T0 : 0x3af6a    : c_mv a2, a5                : IntAlu :  D=0x0000000000073370
1978000: system.cpu: T0 : 0x3af6c    : c_j -66                    : IntAlu : 
1979000: system.cpu: T0 : 0x3af2a    : addi a4, a2, 40            : IntAlu :  D=0x0000000000073398
1979500: system.cpu: T0 : 0x3af2e    : c_li a5, 0                 : IntAlu :  D=0x0000000000000000
1980000: system.cpu: T0 : 0x3af30    : c_beqz s1, 14              : IntAlu : 
1981000: system.cpu: T0 : 0x3af32    : sw zero, 0(a4)             : MemWrite :  D=0x0000000000000000 A=0x73398
1981500: system.cpu: T0 : 0x3af36    : c_addi a5, 1               : IntAlu :  D=0x0000000000000001
1982000: system.cpu: T0 : 0x3af38    : c_addi a4, 4               : IntAlu :  D=0x000000000007339c
1983000: system.cpu: T0 : 0x3af3a    : bne s1, a5, -8             : IntAlu : 
1984000: system.cpu: T0 : 0x3af32    : sw zero, 0(a4)             : MemWrite :  D=0x0000000000000000 A=0x7339c
1984500: system.cpu: T0 : 0x3af36    : c_addi a5, 1               : IntAlu :  D=0x0000000000000002
1985000: system.cpu: T0 : 0x3af38    : c_addi a4, 4               : IntAlu :  D=0x00000000000733a0
1986000: system.cpu: T0 : 0x3af3a    : bne s1, a5, -8             : IntAlu : 
1987000: system.cpu: T0 : 0x3af3e    : beq t3, a1, 48             : IntAlu : 
1987500: system.cpu: T0 : 0x3af6e    : c_li a4, 27                : IntAlu :  D=0x000000000000001b
1988000: system.cpu: T0 : 0x3af70    : sd zero, 0(a2)             : MemWrite :  D=0x0000000000000000 A=0x73370
1988500: system.cpu: T0 : 0x3af74    : sd a4, -1192(gp)           : MemWrite :  D=0x000000000000001b A=0x70b80
1989000: system.cpu: T0 : 0x3af78    : sd zero, 32(s5)            : MemWrite :  D=0x0000000000000000 A=0x73270
1989500: system.cpu: T0 : 0x3af7c    : beq s2, zero, 10           : IntAlu : 
1990000: system.cpu: T0 : 0x3af86    : c_li a5, -1                : IntAlu :  D=0xffffffffffffffff
1990500: system.cpu: T0 : 0x3af88    : sd a5, 48(s3)              : MemWrite :  D=0xffffffffffffffff A=0x6eff0
1991000: system.cpu: T0 : 0x3af8c    : addi sp, s0, -64           : IntAlu :  D=0x7ffffffffffffcf0
1991500: system.cpu: T0 : 0x3af90    : c_ldsp ra, 56(sp)          : MemRead :  D=0x0000000000022876 A=0x7ffffffffffffd28
1992000: system.cpu: T0 : 0x3af92    : c_ldsp s0, 48(sp)          : MemRead :  D=0x000000000006ef80 A=0x7ffffffffffffd20
1992500: system.cpu: T0 : 0x3af94    : c_ldsp s1, 40(sp)          : MemRead :  D=0x000000000006fe60 A=0x7ffffffffffffd18
1993000: system.cpu: T0 : 0x3af96    : c_ldsp s2, 32(sp)          : MemRead :  D=0x0000000000072000 A=0x7ffffffffffffd10
1993500: system.cpu: T0 : 0x3af98    : c_ldsp s3, 24(sp)          : MemRead :  D=0x0000000000072000 A=0x7ffffffffffffd08
1994000: system.cpu: T0 : 0x3af9a    : c_ldsp s4, 16(sp)          : MemRead :  D=0x0000000000070000 A=0x7ffffffffffffd00
1994500: system.cpu: T0 : 0x3af9c    : c_ldsp s5, 8(sp)           : MemRead :  D=0x0000000000072000 A=0x7ffffffffffffcf8
1995000: system.cpu: T0 : 0x3af9e    : c_addi16sp sp, 64          : IntAlu :  D=0x7ffffffffffffd30
1995500: system.cpu: T0 : 0x3afa0    : c_jr ra                    : IntAlu : 
1996500: system.cpu: T0 : 0x22876    : lui a5, 114                : IntAlu :  D=0x0000000000072000
1997500: system.cpu: T0 : 0x2287a    : ld a4, -384(a5)            : MemRead :  D=0x0000000000073280 A=0x71e80
1998500: system.cpu: T0 : 0x2287e    : lui a0, 80                 : IntAlu :  D=0x0000000000050000
1999500: system.cpu: T0 : 0x22882    : lui a5, 114                : IntAlu :  D=0x0000000000072000
2000500: system.cpu: T0 : 0x22886    : addi a0, a0, -400          : IntAlu :  D=0x000000000004fe70
2001500: system.cpu: T0 : 0x2288a    : sd a4, -424(a5)            : MemWrite :  D=0x0000000000073280 A=0x71e58
2002500: system.cpu: T0 : 0x2288e    : jal ra, -57838             : IntAlu :  D=0x0000000000022892
2003000: system.cpu: T0 : 0x146a0    : c_addi16sp sp, -64         : IntAlu :  D=0x7ffffffffffffcf0
2003500: system.cpu: T0 : 0x146a2    : c_sdsp s1, 40(sp)          : MemWrite :  D=0x000000000006fe60 A=0x7ffffffffffffd18
2004000: system.cpu: T0 : 0x146a4    : ld s1, -1360(gp)           : MemRead :  D=0x7fffffffffffff48 A=0x70ad8
2004500: system.cpu: T0 : 0x146a8    : c_sdsp ra, 56(sp)          : MemWrite :  D=0x0000000000022892 A=0x7ffffffffffffd28
2005000: system.cpu: T0 : 0x146aa    : c_sdsp s0, 48(sp)          : MemWrite :  D=0x000000000006ef80 A=0x7ffffffffffffd20
2005500: system.cpu: T0 : 0x146ac    : c_sdsp s2, 32(sp)          : MemWrite :  D=0x0000000000072000 A=0x7ffffffffffffd10
2006000: system.cpu: T0 : 0x146ae    : c_sdsp s3, 24(sp)          : MemWrite :  D=0x0000000000072000 A=0x7ffffffffffffd08
2006500: system.cpu: T0 : 0x146b0    : c_sdsp s4, 16(sp)          : MemWrite :  D=0x0000000000070000 A=0x7ffffffffffffd00
2007000: system.cpu: T0 : 0x146b2    : c_sdsp s5, 8(sp)           : MemWrite :  D=0x0000000000072000 A=0x7ffffffffffffcf8
2007500: system.cpu: T0 : 0x146b4    : c_sdsp s6, 0(sp)           : MemWrite :  D=0x0000000000072000 A=0x7ffffffffffffcf0
2008000: system.cpu: T0 : 0x146b6    : c_beqz s1, 210             : IntAlu : 
2008500: system.cpu: T0 : 0x146b8    : lbu a5, 0(a0)              : MemRead :  D=0x000000000000004c A=0x4fe70
2009000: system.cpu: T0 : 0x146bc    : c_mv s4, a0                : IntAlu :  D=0x000000000004fe70
2009500: system.cpu: T0 : 0x146be    : c_beqz a5, 202             : IntAlu : 
2010000: system.cpu: T0 : 0x146c0    : lbu s5, 1(a0)              : MemRead :  D=0x0000000000000044 A=0x4fe71
2010500: system.cpu: T0 : 0x146c4    : slliw s2, a5, 16           : IntAlu :  D=0x00000000004c0000
2011000: system.cpu: T0 : 0x146c8    : c_ld s0, 0(s1)             : MemRead :  D=0x0000000000000000 A=0x7fffffffffffff48
2012000: system.cpu: T0 : 0x146ca    : sraiw s2, s2, 16           : IntAlu :  D=0x000000000000004c
2013000: system.cpu: T0 : 0x146ce    : bne s5, zero, 86           : IntAlu : 
2013500: system.cpu: T0 : 0x14724    : jal ra, 42488              : IntAlu :  D=0x0000000000014728
2014000: system.cpu: T0 : 0x1ed1c    : andi a5, a0, 7             : IntAlu :  D=0x0000000000000000
2014500: system.cpu: T0 : 0x1ed20    : c_beqz a5, 26              : IntAlu : 
2015000: system.cpu: T0 : 0x1ed3a    : c_mv a5, a0                : IntAlu :  D=0x000000000004fe70
2015500: system.cpu: T0 : 0x1ed3c    : ld a6, -2024(gp)           : MemRead :  D=0xfefefefefefefeff A=0x70840
2016000: system.cpu: T0 : 0x1ed40    : ld a1, -2016(gp)           : MemRead :  D=0x8080808080808080 A=0x70848
2016500: system.cpu: T0 : 0x1ed44    : c_ld a2, 0(a5)             : MemRead :  D=0x5f444e49425f444c A=0x4fe70
2017500: system.cpu: T0 : 0x1ed46    : addi a3, a5, 8             : IntAlu :  D=0x000000000004fe78
2018500: system.cpu: T0 : 0x1ed4a    : add a4, a2, a6             : IntAlu :  D=0x5e434d48415e434b
2019500: system.cpu: T0 : 0x1ed4e    : xori a2, a2, 18446744073709551615 : IntAlu :  D=0xa0bbb1b6bda0bbb3
2020000: system.cpu: T0 : 0x1ed52    : c_and a4, a2               : IntAlu :  D=0x0003010001000303
2020500: system.cpu: T0 : 0x1ed54    : c_and a4, a1               : IntAlu :  D=0x0000000000000000
2021000: system.cpu: T0 : 0x1ed56    : c_beqz a4, 50              : IntAlu : 
2021500: system.cpu: T0 : 0x1ed88    : c_mv a5, a3                : IntAlu :  D=0x000000000004fe78
2022000: system.cpu: T0 : 0x1ed8a    : c_j -70                    : IntAlu : 
2022500: system.cpu: T0 : 0x1ed44    : c_ld a2, 0(a5)             : MemRead :  D=0x0000000000574f4e A=0x4fe78
2023500: system.cpu: T0 : 0x1ed46    : addi a3, a5, 8             : IntAlu :  D=0x000000000004fe80
2024500: system.cpu: T0 : 0x1ed4a    : add a4, a2, a6             : IntAlu :  D=0xfefefefeff564e4d
2025500: system.cpu: T0 : 0x1ed4e    : xori a2, a2, 18446744073709551615 : IntAlu :  D=0xffffffffffa8b0b1
2026000: system.cpu: T0 : 0x1ed52    : c_and a4, a2               : IntAlu :  D=0xfefefefeff000001
2026500: system.cpu: T0 : 0x1ed54    : c_and a4, a1               : IntAlu :  D=0x8080808080000000
2027000: system.cpu: T0 : 0x1ed56    : c_beqz a4, 50              : IntAlu : 
2027500: system.cpu: T0 : 0x1ed58    : lbu a4, -8(a3)             : MemRead :  D=0x000000000000004e A=0x4fe78
2028000: system.cpu: T0 : 0x1ed5c    : c_beqz a4, -40             : IntAlu : 
2029000: system.cpu: T0 : 0x1ed5e    : lbu a4, -7(a3)             : MemRead :  D=0x000000000000004f A=0x4fe79
2029500: system.cpu: T0 : 0x1ed62    : c_beqz a4, 50              : IntAlu : 
2030000: system.cpu: T0 : 0x1ed64    : lbu a4, -6(a3)             : MemRead :  D=0x0000000000000057 A=0x4fe7a
2030500: system.cpu: T0 : 0x1ed68    : c_beqz a4, 52              : IntAlu : 
2031500: system.cpu: T0 : 0x1ed6a    : lbu a4, -5(a3)             : MemRead :  D=0x0000000000000000 A=0x4fe7b
2032000: system.cpu: T0 : 0x1ed6e    : c_beqz a4, 54              : IntAlu : 
2032500: system.cpu: T0 : 0x1eda4    : c_sub a5, a0               : IntAlu :  D=0x0000000000000008
2033500: system.cpu: T0 : 0x1eda6    : addi a0, a5, 3             : IntAlu :  D=0x000000000000000b
2034000: system.cpu: T0 : 0x1edaa    : c_jr ra                    : IntAlu : 
2034500: system.cpu: T0 : 0x14728    : slli a5, s5, 8             : IntAlu :  D=0x0000000000004400
2035000: system.cpu: T0 : 0x1472c    : or a5, s2, a5              : IntAlu :  D=0x000000000000444c
2035500: system.cpu: T0 : 0x14730    : slliw s2, a5, 16           : IntAlu :  D=0x00000000444c0000
2036000: system.cpu: T0 : 0x14734    : c_mv s3, a0                : IntAlu :  D=0x000000000000000b
2037000: system.cpu: T0 : 0x14736    : sraiw s2, s2, 16           : IntAlu :  D=0x000000000000444c
2038000: system.cpu: T0 : 0x1473a    : addi s5, a0, -2            : IntAlu :  D=0x0000000000000009
2038500: system.cpu: T0 : 0x1473e    : c_addi s4, 2               : IntAlu :  D=0x000000000004fe72
2039000: system.cpu: T0 : 0x14740    : c_beqz s0, -50             : IntAlu : 
2039500: system.cpu: T0 : 0x1470e    : c_ldsp ra, 56(sp)          : MemRead :  D=0x0000000000022892 A=0x7ffffffffffffd28
2040000: system.cpu: T0 : 0x14710    : c_mv a0, s0                : IntAlu :  D=0x0000000000000000
2040500: system.cpu: T0 : 0x14712    : c_ldsp s0, 48(sp)          : MemRead :  D=0x000000000006ef80 A=0x7ffffffffffffd20
2041000: system.cpu: T0 : 0x14714    : c_ldsp s1, 40(sp)          : MemRead :  D=0x000000000006fe60 A=0x7ffffffffffffd18
2041500: system.cpu: T0 : 0x14716    : c_ldsp s2, 32(sp)          : MemRead :  D=0x0000000000072000 A=0x7ffffffffffffd10
2042000: system.cpu: T0 : 0x14718    : c_ldsp s3, 24(sp)          : MemRead :  D=0x0000000000072000 A=0x7ffffffffffffd08
2042500: system.cpu: T0 : 0x1471a    : c_ldsp s4, 16(sp)          : MemRead :  D=0x0000000000070000 A=0x7ffffffffffffd00
2043000: system.cpu: T0 : 0x1471c    : c_ldsp s5, 8(sp)           : MemRead :  D=0x0000000000072000 A=0x7ffffffffffffcf8
2043500: system.cpu: T0 : 0x1471e    : c_ldsp s6, 0(sp)           : MemRead :  D=0x0000000000072000 A=0x7ffffffffffffcf0
2044000: system.cpu: T0 : 0x14720    : c_addi16sp sp, 64          : IntAlu :  D=0x7ffffffffffffd30
2044500: system.cpu: T0 : 0x14722    : c_jr ra                    : IntAlu : 
2045000: system.cpu: T0 : 0x22892    : c_li a5, 1                 : IntAlu :  D=0x0000000000000001
2045500: system.cpu: T0 : 0x22894    : c_beqz a0, 10              : IntAlu : 
2046500: system.cpu: T0 : 0x2289e    : lui a0, 80                 : IntAlu :  D=0x0000000000050000
2047500: system.cpu: T0 : 0x228a2    : lui a4, 114                : IntAlu :  D=0x0000000000072000
2048500: system.cpu: T0 : 0x228a6    : addi a0, a0, -384          : IntAlu :  D=0x000000000004fe80
2049500: system.cpu: T0 : 0x228aa    : sw a5, -488(a4)            : MemWrite :  D=0x0000000000000001 A=0x71e18
2050500: system.cpu: T0 : 0x228ae    : jal ra, -57870             : IntAlu :  D=0x00000000000228b2
2051000: system.cpu: T0 : 0x146a0    : c_addi16sp sp, -64         : IntAlu :  D=0x7ffffffffffffcf0
2051500: system.cpu: T0 : 0x146a2    : c_sdsp s1, 40(sp)          : MemWrite :  D=0x000000000006fe60 A=0x7ffffffffffffd18
2052000: system.cpu: T0 : 0x146a4    : ld s1, -1360(gp)           : MemRead :  D=0x7fffffffffffff48 A=0x70ad8
2052500: system.cpu: T0 : 0x146a8    : c_sdsp ra, 56(sp)          : MemWrite :  D=0x00000000000228b2 A=0x7ffffffffffffd28
2053000: system.cpu: T0 : 0x146aa    : c_sdsp s0, 48(sp)          : MemWrite :  D=0x000000000006ef80 A=0x7ffffffffffffd20
2053500: system.cpu: T0 : 0x146ac    : c_sdsp s2, 32(sp)          : MemWrite :  D=0x0000000000072000 A=0x7ffffffffffffd10
2054000: system.cpu: T0 : 0x146ae    : c_sdsp s3, 24(sp)          : MemWrite :  D=0x0000000000072000 A=0x7ffffffffffffd08
2054500: system.cpu: T0 : 0x146b0    : c_sdsp s4, 16(sp)          : MemWrite :  D=0x0000000000070000 A=0x7ffffffffffffd00
2055000: system.cpu: T0 : 0x146b2    : c_sdsp s5, 8(sp)           : MemWrite :  D=0x0000000000072000 A=0x7ffffffffffffcf8
2055500: system.cpu: T0 : 0x146b4    : c_sdsp s6, 0(sp)           : MemWrite :  D=0x0000000000072000 A=0x7ffffffffffffcf0
2056000: system.cpu: T0 : 0x146b6    : c_beqz s1, 210             : IntAlu : 
2056500: system.cpu: T0 : 0x146b8    : lbu a5, 0(a0)              : MemRead :  D=0x000000000000004c A=0x4fe80
2057000: system.cpu: T0 : 0x146bc    : c_mv s4, a0                : IntAlu :  D=0x000000000004fe80
2057500: system.cpu: T0 : 0x146be    : c_beqz a5, 202             : IntAlu : 
2058000: system.cpu: T0 : 0x146c0    : lbu s5, 1(a0)              : MemRead :  D=0x0000000000000044 A=0x4fe81
2058500: system.cpu: T0 : 0x146c4    : slliw s2, a5, 16           : IntAlu :  D=0x00000000004c0000
2059000: system.cpu: T0 : 0x146c8    : c_ld s0, 0(s1)             : MemRead :  D=0x0000000000000000 A=0x7fffffffffffff48
2060000: system.cpu: T0 : 0x146ca    : sraiw s2, s2, 16           : IntAlu :  D=0x000000000000004c
2061000: system.cpu: T0 : 0x146ce    : bne s5, zero, 86           : IntAlu : 
2061500: system.cpu: T0 : 0x14724    : jal ra, 42488              : IntAlu :  D=0x0000000000014728
2062000: system.cpu: T0 : 0x1ed1c    : andi a5, a0, 7             : IntAlu :  D=0x0000000000000000
2062500: system.cpu: T0 : 0x1ed20    : c_beqz a5, 26              : IntAlu : 
2063000: system.cpu: T0 : 0x1ed3a    : c_mv a5, a0                : IntAlu :  D=0x000000000004fe80
2063500: system.cpu: T0 : 0x1ed3c    : ld a6, -2024(gp)           : MemRead :  D=0xfefefefefefefeff A=0x70840
2064000: system.cpu: T0 : 0x1ed40    : ld a1, -2016(gp)           : MemRead :  D=0x8080808080808080 A=0x70848
2064500: system.cpu: T0 : 0x1ed44    : c_ld a2, 0(a5)             : MemRead :  D=0x5f444e49425f444c A=0x4fe80
2065500: system.cpu: T0 : 0x1ed46    : addi a3, a5, 8             : IntAlu :  D=0x000000000004fe88
2066500: system.cpu: T0 : 0x1ed4a    : add a4, a2, a6             : IntAlu :  D=0x5e434d48415e434b
2067500: system.cpu: T0 : 0x1ed4e    : xori a2, a2, 18446744073709551615 : IntAlu :  D=0xa0bbb1b6bda0bbb3
2068000: system.cpu: T0 : 0x1ed52    : c_and a4, a2               : IntAlu :  D=0x0003010001000303
2068500: system.cpu: T0 : 0x1ed54    : c_and a4, a1               : IntAlu :  D=0x0000000000000000
2069000: system.cpu: T0 : 0x1ed56    : c_beqz a4, 50              : IntAlu : 
2069500: system.cpu: T0 : 0x1ed88    : c_mv a5, a3                : IntAlu :  D=0x000000000004fe88
2070000: system.cpu: T0 : 0x1ed8a    : c_j -70                    : IntAlu : 
2070500: system.cpu: T0 : 0x1ed44    : c_ld a2, 0(a5)             : MemRead :  D=0x0000000000544f4e A=0x4fe88
2071500: system.cpu: T0 : 0x1ed46    : addi a3, a5, 8             : IntAlu :  D=0x000000000004fe90
2072500: system.cpu: T0 : 0x1ed4a    : add a4, a2, a6             : IntAlu :  D=0xfefefefeff534e4d
2073500: system.cpu: T0 : 0x1ed4e    : xori a2, a2, 18446744073709551615 : IntAlu :  D=0xffffffffffabb0b1
2074000: system.cpu: T0 : 0x1ed52    : c_and a4, a2               : IntAlu :  D=0xfefefefeff030001
2074500: system.cpu: T0 : 0x1ed54    : c_and a4, a1               : IntAlu :  D=0x8080808080000000
2075000: system.cpu: T0 : 0x1ed56    : c_beqz a4, 50              : IntAlu : 
2075500: system.cpu: T0 : 0x1ed58    : lbu a4, -8(a3)             : MemRead :  D=0x000000000000004e A=0x4fe88
2076000: system.cpu: T0 : 0x1ed5c    : c_beqz a4, -40             : IntAlu : 
2077000: system.cpu: T0 : 0x1ed5e    : lbu a4, -7(a3)             : MemRead :  D=0x000000000000004f A=0x4fe89
2077500: system.cpu: T0 : 0x1ed62    : c_beqz a4, 50              : IntAlu : 
2078000: system.cpu: T0 : 0x1ed64    : lbu a4, -6(a3)             : MemRead :  D=0x0000000000000054 A=0x4fe8a
2078500: system.cpu: T0 : 0x1ed68    : c_beqz a4, 52              : IntAlu : 
2079500: system.cpu: T0 : 0x1ed6a    : lbu a4, -5(a3)             : MemRead :  D=0x0000000000000000 A=0x4fe8b
2080000: system.cpu: T0 : 0x1ed6e    : c_beqz a4, 54              : IntAlu : 
2080500: system.cpu: T0 : 0x1eda4    : c_sub a5, a0               : IntAlu :  D=0x0000000000000008
2081500: system.cpu: T0 : 0x1eda6    : addi a0, a5, 3             : IntAlu :  D=0x000000000000000b
2082000: system.cpu: T0 : 0x1edaa    : c_jr ra                    : IntAlu : 
2082500: system.cpu: T0 : 0x14728    : slli a5, s5, 8             : IntAlu :  D=0x0000000000004400
2083000: system.cpu: T0 : 0x1472c    : or a5, s2, a5              : IntAlu :  D=0x000000000000444c
2083500: system.cpu: T0 : 0x14730    : slliw s2, a5, 16           : IntAlu :  D=0x00000000444c0000
2084000: system.cpu: T0 : 0x14734    : c_mv s3, a0                : IntAlu :  D=0x000000000000000b
2085000: system.cpu: T0 : 0x14736    : sraiw s2, s2, 16           : IntAlu :  D=0x000000000000444c
2086000: system.cpu: T0 : 0x1473a    : addi s5, a0, -2            : IntAlu :  D=0x0000000000000009
2086500: system.cpu: T0 : 0x1473e    : c_addi s4, 2               : IntAlu :  D=0x000000000004fe82
2087000: system.cpu: T0 : 0x14740    : c_beqz s0, -50             : IntAlu : 
2087500: system.cpu: T0 : 0x1470e    : c_ldsp ra, 56(sp)          : MemRead :  D=0x00000000000228b2 A=0x7ffffffffffffd28
2088000: system.cpu: T0 : 0x14710    : c_mv a0, s0                : IntAlu :  D=0x0000000000000000
2088500: system.cpu: T0 : 0x14712    : c_ldsp s0, 48(sp)          : MemRead :  D=0x000000000006ef80 A=0x7ffffffffffffd20
2089000: system.cpu: T0 : 0x14714    : c_ldsp s1, 40(sp)          : MemRead :  D=0x000000000006fe60 A=0x7ffffffffffffd18
2089500: system.cpu: T0 : 0x14716    : c_ldsp s2, 32(sp)          : MemRead :  D=0x0000000000072000 A=0x7ffffffffffffd10
2090000: system.cpu: T0 : 0x14718    : c_ldsp s3, 24(sp)          : MemRead :  D=0x0000000000072000 A=0x7ffffffffffffd08
2090500: system.cpu: T0 : 0x1471a    : c_ldsp s4, 16(sp)          : MemRead :  D=0x0000000000070000 A=0x7ffffffffffffd00
2091000: system.cpu: T0 : 0x1471c    : c_ldsp s5, 8(sp)           : MemRead :  D=0x0000000000072000 A=0x7ffffffffffffcf8
2091500: system.cpu: T0 : 0x1471e    : c_ldsp s6, 0(sp)           : MemRead :  D=0x0000000000072000 A=0x7ffffffffffffcf0
2092000: system.cpu: T0 : 0x14720    : c_addi16sp sp, 64          : IntAlu :  D=0x7ffffffffffffd30
2092500: system.cpu: T0 : 0x14722    : c_jr ra                    : IntAlu : 
2093000: system.cpu: T0 : 0x228b2    : c_li a5, 0                 : IntAlu :  D=0x0000000000000000
2093500: system.cpu: T0 : 0x228b4    : c_beqz a0, 10              : IntAlu : 
2094500: system.cpu: T0 : 0x228be    : lui a0, 80                 : IntAlu :  D=0x0000000000050000
2095500: system.cpu: T0 : 0x228c2    : lui a4, 114                : IntAlu :  D=0x0000000000072000
2096500: system.cpu: T0 : 0x228c6    : addi a0, a0, -368          : IntAlu :  D=0x000000000004fe90
2097500: system.cpu: T0 : 0x228ca    : sw a5, -512(a4)            : MemWrite :  D=0x0000000000000000 A=0x71e00
2098500: system.cpu: T0 : 0x228ce    : jal ra, -57902             : IntAlu :  D=0x00000000000228d2
2099000: system.cpu: T0 : 0x146a0    : c_addi16sp sp, -64         : IntAlu :  D=0x7ffffffffffffcf0
2099500: system.cpu: T0 : 0x146a2    : c_sdsp s1, 40(sp)          : MemWrite :  D=0x000000000006fe60 A=0x7ffffffffffffd18
2100000: system.cpu: T0 : 0x146a4    : ld s1, -1360(gp)           : MemRead :  D=0x7fffffffffffff48 A=0x70ad8
2100500: system.cpu: T0 : 0x146a8    : c_sdsp ra, 56(sp)          : MemWrite :  D=0x00000000000228d2 A=0x7ffffffffffffd28
2101000: system.cpu: T0 : 0x146aa    : c_sdsp s0, 48(sp)          : MemWrite :  D=0x000000000006ef80 A=0x7ffffffffffffd20
2101500: system.cpu: T0 : 0x146ac    : c_sdsp s2, 32(sp)          : MemWrite :  D=0x0000000000072000 A=0x7ffffffffffffd10
2102000: system.cpu: T0 : 0x146ae    : c_sdsp s3, 24(sp)          : MemWrite :  D=0x0000000000072000 A=0x7ffffffffffffd08
2102500: system.cpu: T0 : 0x146b0    : c_sdsp s4, 16(sp)          : MemWrite :  D=0x0000000000070000 A=0x7ffffffffffffd00
2103000: system.cpu: T0 : 0x146b2    : c_sdsp s5, 8(sp)           : MemWrite :  D=0x0000000000072000 A=0x7ffffffffffffcf8
2103500: system.cpu: T0 : 0x146b4    : c_sdsp s6, 0(sp)           : MemWrite :  D=0x0000000000072000 A=0x7ffffffffffffcf0
2104000: system.cpu: T0 : 0x146b6    : c_beqz s1, 210             : IntAlu : 
2104500: system.cpu: T0 : 0x146b8    : lbu a5, 0(a0)              : MemRead :  D=0x000000000000004c A=0x4fe90
2105000: system.cpu: T0 : 0x146bc    : c_mv s4, a0                : IntAlu :  D=0x000000000004fe90
2105500: system.cpu: T0 : 0x146be    : c_beqz a5, 202             : IntAlu : 
2106000: system.cpu: T0 : 0x146c0    : lbu s5, 1(a0)              : MemRead :  D=0x0000000000000044 A=0x4fe91
2106500: system.cpu: T0 : 0x146c4    : slliw s2, a5, 16           : IntAlu :  D=0x00000000004c0000
2107000: system.cpu: T0 : 0x146c8    : c_ld s0, 0(s1)             : MemRead :  D=0x0000000000000000 A=0x7fffffffffffff48
2108000: system.cpu: T0 : 0x146ca    : sraiw s2, s2, 16           : IntAlu :  D=0x000000000000004c
2109000: system.cpu: T0 : 0x146ce    : bne s5, zero, 86           : IntAlu : 
2109500: system.cpu: T0 : 0x14724    : jal ra, 42488              : IntAlu :  D=0x0000000000014728
2110000: system.cpu: T0 : 0x1ed1c    : andi a5, a0, 7             : IntAlu :  D=0x0000000000000000
2110500: system.cpu: T0 : 0x1ed20    : c_beqz a5, 26              : IntAlu : 
2111000: system.cpu: T0 : 0x1ed3a    : c_mv a5, a0                : IntAlu :  D=0x000000000004fe90
2111500: system.cpu: T0 : 0x1ed3c    : ld a6, -2024(gp)           : MemRead :  D=0xfefefefefefefeff A=0x70840
2112000: system.cpu: T0 : 0x1ed40    : ld a1, -2016(gp)           : MemRead :  D=0x8080808080808080 A=0x70848
2112500: system.cpu: T0 : 0x1ed44    : c_ld a2, 0(a5)             : MemRead :  D=0x4d414e59445f444c A=0x4fe90
2113500: system.cpu: T0 : 0x1ed46    : addi a3, a5, 8             : IntAlu :  D=0x000000000004fe98
2114500: system.cpu: T0 : 0x1ed4a    : add a4, a2, a6             : IntAlu :  D=0x4c404d58435e434b
2115500: system.cpu: T0 : 0x1ed4e    : xori a2, a2, 18446744073709551615 : IntAlu :  D=0xb2beb1a6bba0bbb3
2116000: system.cpu: T0 : 0x1ed52    : c_and a4, a2               : IntAlu :  D=0x0000010003000303
2116500: system.cpu: T0 : 0x1ed54    : c_and a4, a1               : IntAlu :  D=0x0000000000000000
2117000: system.cpu: T0 : 0x1ed56    : c_beqz a4, 50              : IntAlu : 
2117500: system.cpu: T0 : 0x1ed88    : c_mv a5, a3                : IntAlu :  D=0x000000000004fe98
2118000: system.cpu: T0 : 0x1ed8a    : c_j -70                    : IntAlu : 
2118500: system.cpu: T0 : 0x1ed44    : c_ld a2, 0(a5)             : MemRead :  D=0x004b4145575f4349 A=0x4fe98
2119500: system.cpu: T0 : 0x1ed46    : addi a3, a5, 8             : IntAlu :  D=0x000000000004fea0
2120500: system.cpu: T0 : 0x1ed4a    : add a4, a2, a6             : IntAlu :  D=0xff4a4044565e4248
2121500: system.cpu: T0 : 0x1ed4e    : xori a2, a2, 18446744073709551615 : IntAlu :  D=0xffb4bebaa8a0bcb6
2122000: system.cpu: T0 : 0x1ed52    : c_and a4, a2               : IntAlu :  D=0xff00000000000000
2122500: system.cpu: T0 : 0x1ed54    : c_and a4, a1               : IntAlu :  D=0x8000000000000000
2123000: system.cpu: T0 : 0x1ed56    : c_beqz a4, 50              : IntAlu : 
2123500: system.cpu: T0 : 0x1ed58    : lbu a4, -8(a3)             : MemRead :  D=0x0000000000000049 A=0x4fe98
2124000: system.cpu: T0 : 0x1ed5c    : c_beqz a4, -40             : IntAlu : 
2125000: system.cpu: T0 : 0x1ed5e    : lbu a4, -7(a3)             : MemRead :  D=0x0000000000000043 A=0x4fe99
2125500: system.cpu: T0 : 0x1ed62    : c_beqz a4, 50              : IntAlu : 
2126000: system.cpu: T0 : 0x1ed64    : lbu a4, -6(a3)             : MemRead :  D=0x000000000000005f A=0x4fe9a
2126500: system.cpu: T0 : 0x1ed68    : c_beqz a4, 52              : IntAlu : 
2127500: system.cpu: T0 : 0x1ed6a    : lbu a4, -5(a3)             : MemRead :  D=0x0000000000000057 A=0x4fe9b
2128000: system.cpu: T0 : 0x1ed6e    : c_beqz a4, 54              : IntAlu : 
2128500: system.cpu: T0 : 0x1ed70    : lbu a4, -4(a3)             : MemRead :  D=0x0000000000000045 A=0x4fe9c
2129000: system.cpu: T0 : 0x1ed74    : c_beqz a4, 56              : IntAlu : 
2130000: system.cpu: T0 : 0x1ed76    : lbu a4, -3(a3)             : MemRead :  D=0x0000000000000041 A=0x4fe9d
2130500: system.cpu: T0 : 0x1ed7a    : c_beqz a4, 58              : IntAlu : 
2131000: system.cpu: T0 : 0x1ed7c    : lbu a4, -2(a3)             : MemRead :  D=0x000000000000004b A=0x4fe9e
2131500: system.cpu: T0 : 0x1ed80    : c_beqz a4, 60              : IntAlu : 
2132500: system.cpu: T0 : 0x1ed82    : lbu a4, -1(a3)             : MemRead :  D=0x0000000000000000 A=0x4fe9f
2133000: system.cpu: T0 : 0x1ed86    : c_beqz a4, 6               : IntAlu : 
2133500: system.cpu: T0 : 0x1ed8c    : c_sub a5, a0               : IntAlu :  D=0x0000000000000008
2134500: system.cpu: T0 : 0x1ed8e    : addi a0, a5, 7             : IntAlu :  D=0x000000000000000f
2135000: system.cpu: T0 : 0x1ed92    : c_jr ra                    : IntAlu : 
2135500: system.cpu: T0 : 0x14728    : slli a5, s5, 8             : IntAlu :  D=0x0000000000004400
2136000: system.cpu: T0 : 0x1472c    : or a5, s2, a5              : IntAlu :  D=0x000000000000444c
2136500: system.cpu: T0 : 0x14730    : slliw s2, a5, 16           : IntAlu :  D=0x00000000444c0000
2137000: system.cpu: T0 : 0x14734    : c_mv s3, a0                : IntAlu :  D=0x000000000000000f
2138000: system.cpu: T0 : 0x14736    : sraiw s2, s2, 16           : IntAlu :  D=0x000000000000444c
2139000: system.cpu: T0 : 0x1473a    : addi s5, a0, -2            : IntAlu :  D=0x000000000000000d
2139500: system.cpu: T0 : 0x1473e    : c_addi s4, 2               : IntAlu :  D=0x000000000004fe92
2140000: system.cpu: T0 : 0x14740    : c_beqz s0, -50             : IntAlu : 
2140500: system.cpu: T0 : 0x1470e    : c_ldsp ra, 56(sp)          : MemRead :  D=0x00000000000228d2 A=0x7ffffffffffffd28
2141000: system.cpu: T0 : 0x14710    : c_mv a0, s0                : IntAlu :  D=0x0000000000000000
2141500: system.cpu: T0 : 0x14712    : c_ldsp s0, 48(sp)          : MemRead :  D=0x000000000006ef80 A=0x7ffffffffffffd20
2142000: system.cpu: T0 : 0x14714    : c_ldsp s1, 40(sp)          : MemRead :  D=0x000000000006fe60 A=0x7ffffffffffffd18
2142500: system.cpu: T0 : 0x14716    : c_ldsp s2, 32(sp)          : MemRead :  D=0x0000000000072000 A=0x7ffffffffffffd10
2143000: system.cpu: T0 : 0x14718    : c_ldsp s3, 24(sp)          : MemRead :  D=0x0000000000072000 A=0x7ffffffffffffd08
2143500: system.cpu: T0 : 0x1471a    : c_ldsp s4, 16(sp)          : MemRead :  D=0x0000000000070000 A=0x7ffffffffffffd00
2144000: system.cpu: T0 : 0x1471c    : c_ldsp s5, 8(sp)           : MemRead :  D=0x0000000000072000 A=0x7ffffffffffffcf8
2144500: system.cpu: T0 : 0x1471e    : c_ldsp s6, 0(sp)           : MemRead :  D=0x0000000000072000 A=0x7ffffffffffffcf0
2145000: system.cpu: T0 : 0x14720    : c_addi16sp sp, 64          : IntAlu :  D=0x7ffffffffffffd30
2145500: system.cpu: T0 : 0x14722    : c_jr ra                    : IntAlu : 
2146000: system.cpu: T0 : 0x228d2    : c_li a5, 1                 : IntAlu :  D=0x0000000000000001
2146500: system.cpu: T0 : 0x228d4    : c_beqz a0, 10              : IntAlu : 
2147500: system.cpu: T0 : 0x228de    : lui a0, 80                 : IntAlu :  D=0x0000000000050000
2148500: system.cpu: T0 : 0x228e2    : lui a4, 114                : IntAlu :  D=0x0000000000072000
2149500: system.cpu: T0 : 0x228e6    : addi a0, a0, -352          : IntAlu :  D=0x000000000004fea0
2150500: system.cpu: T0 : 0x228ea    : sw a5, -436(a4)            : MemWrite :  D=0x0000000000000001 A=0x71e4c
2151500: system.cpu: T0 : 0x228ee    : jal ra, -57934             : IntAlu :  D=0x00000000000228f2
2152000: system.cpu: T0 : 0x146a0    : c_addi16sp sp, -64         : IntAlu :  D=0x7ffffffffffffcf0
2152500: system.cpu: T0 : 0x146a2    : c_sdsp s1, 40(sp)          : MemWrite :  D=0x000000000006fe60 A=0x7ffffffffffffd18
2153000: system.cpu: T0 : 0x146a4    : ld s1, -1360(gp)           : MemRead :  D=0x7fffffffffffff48 A=0x70ad8
2153500: system.cpu: T0 : 0x146a8    : c_sdsp ra, 56(sp)          : MemWrite :  D=0x00000000000228f2 A=0x7ffffffffffffd28
2154000: system.cpu: T0 : 0x146aa    : c_sdsp s0, 48(sp)          : MemWrite :  D=0x000000000006ef80 A=0x7ffffffffffffd20
2154500: system.cpu: T0 : 0x146ac    : c_sdsp s2, 32(sp)          : MemWrite :  D=0x0000000000072000 A=0x7ffffffffffffd10
2155000: system.cpu: T0 : 0x146ae    : c_sdsp s3, 24(sp)          : MemWrite :  D=0x0000000000072000 A=0x7ffffffffffffd08
2155500: system.cpu: T0 : 0x146b0    : c_sdsp s4, 16(sp)          : MemWrite :  D=0x0000000000070000 A=0x7ffffffffffffd00
2156000: system.cpu: T0 : 0x146b2    : c_sdsp s5, 8(sp)           : MemWrite :  D=0x0000000000072000 A=0x7ffffffffffffcf8
2156500: system.cpu: T0 : 0x146b4    : c_sdsp s6, 0(sp)           : MemWrite :  D=0x0000000000072000 A=0x7ffffffffffffcf0
2157000: system.cpu: T0 : 0x146b6    : c_beqz s1, 210             : IntAlu : 
2157500: system.cpu: T0 : 0x146b8    : lbu a5, 0(a0)              : MemRead :  D=0x000000000000004c A=0x4fea0
2158000: system.cpu: T0 : 0x146bc    : c_mv s4, a0                : IntAlu :  D=0x000000000004fea0
2158500: system.cpu: T0 : 0x146be    : c_beqz a5, 202             : IntAlu : 
2159000: system.cpu: T0 : 0x146c0    : lbu s5, 1(a0)              : MemRead :  D=0x0000000000000044 A=0x4fea1
2159500: system.cpu: T0 : 0x146c4    : slliw s2, a5, 16           : IntAlu :  D=0x00000000004c0000
2160000: system.cpu: T0 : 0x146c8    : c_ld s0, 0(s1)             : MemRead :  D=0x0000000000000000 A=0x7fffffffffffff48
2161000: system.cpu: T0 : 0x146ca    : sraiw s2, s2, 16           : IntAlu :  D=0x000000000000004c
2162000: system.cpu: T0 : 0x146ce    : bne s5, zero, 86           : IntAlu : 
2162500: system.cpu: T0 : 0x14724    : jal ra, 42488              : IntAlu :  D=0x0000000000014728
2163000: system.cpu: T0 : 0x1ed1c    : andi a5, a0, 7             : IntAlu :  D=0x0000000000000000
2163500: system.cpu: T0 : 0x1ed20    : c_beqz a5, 26              : IntAlu : 
2164000: system.cpu: T0 : 0x1ed3a    : c_mv a5, a0                : IntAlu :  D=0x000000000004fea0
2164500: system.cpu: T0 : 0x1ed3c    : ld a6, -2024(gp)           : MemRead :  D=0xfefefefefefefeff A=0x70840
2165000: system.cpu: T0 : 0x1ed40    : ld a1, -2016(gp)           : MemRead :  D=0x8080808080808080 A=0x70848
2165500: system.cpu: T0 : 0x1ed44    : c_ld a2, 0(a5)             : MemRead :  D=0x49464f52505f444c A=0x4fea0
2166500: system.cpu: T0 : 0x1ed46    : addi a3, a5, 8             : IntAlu :  D=0x000000000004fea8
2167500: system.cpu: T0 : 0x1ed4a    : add a4, a2, a6             : IntAlu :  D=0x48454e514f5e434b
2168500: system.cpu: T0 : 0x1ed4e    : xori a2, a2, 18446744073709551615 : IntAlu :  D=0xb6b9b0adafa0bbb3
2169000: system.cpu: T0 : 0x1ed52    : c_and a4, a2               : IntAlu :  D=0x000100010f000303
2169500: system.cpu: T0 : 0x1ed54    : c_and a4, a1               : IntAlu :  D=0x0000000000000000
2170000: system.cpu: T0 : 0x1ed56    : c_beqz a4, 50              : IntAlu : 
2170500: system.cpu: T0 : 0x1ed88    : c_mv a5, a3                : IntAlu :  D=0x000000000004fea8
2171000: system.cpu: T0 : 0x1ed8a    : c_j -70                    : IntAlu : 
2171500: system.cpu: T0 : 0x1ed44    : c_ld a2, 0(a5)             : MemRead :  D=0x555054554f5f454c A=0x4fea8
2172500: system.cpu: T0 : 0x1ed46    : addi a3, a5, 8             : IntAlu :  D=0x000000000004feb0
2173500: system.cpu: T0 : 0x1ed4a    : add a4, a2, a6             : IntAlu :  D=0x544f53544e5e444b
2174500: system.cpu: T0 : 0x1ed4e    : xori a2, a2, 18446744073709551615 : IntAlu :  D=0xaaafabaab0a0bab3
2175000: system.cpu: T0 : 0x1ed52    : c_and a4, a2               : IntAlu :  D=0x000f030000000003
2175500: system.cpu: T0 : 0x1ed54    : c_and a4, a1               : IntAlu :  D=0x0000000000000000
2176000: system.cpu: T0 : 0x1ed56    : c_beqz a4, 50              : IntAlu : 
2176500: system.cpu: T0 : 0x1ed88    : c_mv a5, a3                : IntAlu :  D=0x000000000004feb0
2177000: system.cpu: T0 : 0x1ed8a    : c_j -70                    : IntAlu : 
2177500: system.cpu: T0 : 0x1ed44    : c_ld a2, 0(a5)             : MemRead :  D=0x0000000000000054 A=0x4feb0
2178500: system.cpu: T0 : 0x1ed46    : addi a3, a5, 8             : IntAlu :  D=0x000000000004feb8
2179500: system.cpu: T0 : 0x1ed4a    : add a4, a2, a6             : IntAlu :  D=0xfefefefefefeff53
2180500: system.cpu: T0 : 0x1ed4e    : xori a2, a2, 18446744073709551615 : IntAlu :  D=0xffffffffffffffab
2181000: system.cpu: T0 : 0x1ed52    : c_and a4, a2               : IntAlu :  D=0xfefefefefefeff03
2181500: system.cpu: T0 : 0x1ed54    : c_and a4, a1               : IntAlu :  D=0x8080808080808000
2182000: system.cpu: T0 : 0x1ed56    : c_beqz a4, 50              : IntAlu : 
2182500: system.cpu: T0 : 0x1ed58    : lbu a4, -8(a3)             : MemRead :  D=0x0000000000000054 A=0x4feb0
2183000: system.cpu: T0 : 0x1ed5c    : c_beqz a4, -40             : IntAlu : 
2184000: system.cpu: T0 : 0x1ed5e    : lbu a4, -7(a3)             : MemRead :  D=0x0000000000000000 A=0x4feb1
2184500: system.cpu: T0 : 0x1ed62    : c_beqz a4, 50              : IntAlu : 
2185000: system.cpu: T0 : 0x1ed94    : c_sub a5, a0               : IntAlu :  D=0x0000000000000010
2186000: system.cpu: T0 : 0x1ed96    : addi a0, a5, 1             : IntAlu :  D=0x0000000000000011
2186500: system.cpu: T0 : 0x1ed9a    : c_jr ra                    : IntAlu : 
2187000: system.cpu: T0 : 0x14728    : slli a5, s5, 8             : IntAlu :  D=0x0000000000004400
2187500: system.cpu: T0 : 0x1472c    : or a5, s2, a5              : IntAlu :  D=0x000000000000444c
2188000: system.cpu: T0 : 0x14730    : slliw s2, a5, 16           : IntAlu :  D=0x00000000444c0000
2188500: system.cpu: T0 : 0x14734    : c_mv s3, a0                : IntAlu :  D=0x0000000000000011
2189500: system.cpu: T0 : 0x14736    : sraiw s2, s2, 16           : IntAlu :  D=0x000000000000444c
2190500: system.cpu: T0 : 0x1473a    : addi s5, a0, -2            : IntAlu :  D=0x000000000000000f
2191000: system.cpu: T0 : 0x1473e    : c_addi s4, 2               : IntAlu :  D=0x000000000004fea2
2191500: system.cpu: T0 : 0x14740    : c_beqz s0, -50             : IntAlu : 
2192000: system.cpu: T0 : 0x1470e    : c_ldsp ra, 56(sp)          : MemRead :  D=0x00000000000228f2 A=0x7ffffffffffffd28
2192500: system.cpu: T0 : 0x14710    : c_mv a0, s0                : IntAlu :  D=0x0000000000000000
2193000: system.cpu: T0 : 0x14712    : c_ldsp s0, 48(sp)          : MemRead :  D=0x000000000006ef80 A=0x7ffffffffffffd20
2193500: system.cpu: T0 : 0x14714    : c_ldsp s1, 40(sp)          : MemRead :  D=0x000000000006fe60 A=0x7ffffffffffffd18
2194000: system.cpu: T0 : 0x14716    : c_ldsp s2, 32(sp)          : MemRead :  D=0x0000000000072000 A=0x7ffffffffffffd10
2194500: system.cpu: T0 : 0x14718    : c_ldsp s3, 24(sp)          : MemRead :  D=0x0000000000072000 A=0x7ffffffffffffd08
2195000: system.cpu: T0 : 0x1471a    : c_ldsp s4, 16(sp)          : MemRead :  D=0x0000000000070000 A=0x7ffffffffffffd00
2195500: system.cpu: T0 : 0x1471c    : c_ldsp s5, 8(sp)           : MemRead :  D=0x0000000000072000 A=0x7ffffffffffffcf8
2196000: system.cpu: T0 : 0x1471e    : c_ldsp s6, 0(sp)           : MemRead :  D=0x0000000000072000 A=0x7ffffffffffffcf0
2196500: system.cpu: T0 : 0x14720    : c_addi16sp sp, 64          : IntAlu :  D=0x7ffffffffffffd30
2197000: system.cpu: T0 : 0x14722    : c_jr ra                    : IntAlu : 
2198000: system.cpu: T0 : 0x228f2    : lui a4, 114                : IntAlu :  D=0x0000000000072000
2199000: system.cpu: T0 : 0x228f6    : sd a0, -552(a4)            : MemWrite :  D=0x0000000000000000 A=0x71dd8
2200000: system.cpu: T0 : 0x228fa    : beq a0, zero, 550          : IntAlu : 
2200500: system.cpu: T0 : 0x22b20    : lui a5, 111                : IntAlu :  D=0x000000000006f000
2201000: system.cpu: T0 : 0x22b24    : lw a5, -72(a5)             : MemRead :  D=0x0000000000000000 A=0x6efb8
2201500: system.cpu: T0 : 0x22b28    : c_beqz a5, -140            : IntAlu : 
2202000: system.cpu: T0 : 0x22a9c    : lui a3, 80                 : IntAlu :  D=0x0000000000050000
2202500: system.cpu: T0 : 0x22aa0    : addi a3, a3, -1072         : IntAlu :  D=0x000000000004fbd0
2203000: system.cpu: T0 : 0x22aa4    : c_j -396                   : IntAlu : 
2203500: system.cpu: T0 : 0x22918    : sd a3, -552(a4)            : MemWrite :  D=0x000000000004fbd0 A=0x71dd8
2204000: system.cpu: T0 : 0x2291c    : bne a5, zero, 344          : IntAlu : 
2204500: system.cpu: T0 : 0x22920    : lui a0, 80                 : IntAlu :  D=0x0000000000050000
2205000: system.cpu: T0 : 0x22924    : addi a0, a0, -328          : IntAlu :  D=0x000000000004feb8
2205500: system.cpu: T0 : 0x22928    : jal ra, -57992             : IntAlu :  D=0x000000000002292c
2206000: system.cpu: T0 : 0x146a0    : c_addi16sp sp, -64         : IntAlu :  D=0x7ffffffffffffcf0
2206500: system.cpu: T0 : 0x146a2    : c_sdsp s1, 40(sp)          : MemWrite :  D=0x000000000006fe60 A=0x7ffffffffffffd18
2207000: system.cpu: T0 : 0x146a4    : ld s1, -1360(gp)           : MemRead :  D=0x7fffffffffffff48 A=0x70ad8
2207500: system.cpu: T0 : 0x146a8    : c_sdsp ra, 56(sp)          : MemWrite :  D=0x000000000002292c A=0x7ffffffffffffd28
2208000: system.cpu: T0 : 0x146aa    : c_sdsp s0, 48(sp)          : MemWrite :  D=0x000000000006ef80 A=0x7ffffffffffffd20
2208500: system.cpu: T0 : 0x146ac    : c_sdsp s2, 32(sp)          : MemWrite :  D=0x0000000000072000 A=0x7ffffffffffffd10
2209000: system.cpu: T0 : 0x146ae    : c_sdsp s3, 24(sp)          : MemWrite :  D=0x0000000000072000 A=0x7ffffffffffffd08
2209500: system.cpu: T0 : 0x146b0    : c_sdsp s4, 16(sp)          : MemWrite :  D=0x0000000000070000 A=0x7ffffffffffffd00
2210000: system.cpu: T0 : 0x146b2    : c_sdsp s5, 8(sp)           : MemWrite :  D=0x0000000000072000 A=0x7ffffffffffffcf8
2210500: system.cpu: T0 : 0x146b4    : c_sdsp s6, 0(sp)           : MemWrite :  D=0x0000000000072000 A=0x7ffffffffffffcf0
2211000: system.cpu: T0 : 0x146b6    : c_beqz s1, 210             : IntAlu : 
2211500: system.cpu: T0 : 0x146b8    : lbu a5, 0(a0)              : MemRead :  D=0x000000000000004c A=0x4feb8
2212000: system.cpu: T0 : 0x146bc    : c_mv s4, a0                : IntAlu :  D=0x000000000004feb8
2212500: system.cpu: T0 : 0x146be    : c_beqz a5, 202             : IntAlu : 
2213000: system.cpu: T0 : 0x146c0    : lbu s5, 1(a0)              : MemRead :  D=0x0000000000000044 A=0x4feb9
2213500: system.cpu: T0 : 0x146c4    : slliw s2, a5, 16           : IntAlu :  D=0x00000000004c0000
2214000: system.cpu: T0 : 0x146c8    : c_ld s0, 0(s1)             : MemRead :  D=0x0000000000000000 A=0x7fffffffffffff48
2215000: system.cpu: T0 : 0x146ca    : sraiw s2, s2, 16           : IntAlu :  D=0x000000000000004c
2216000: system.cpu: T0 : 0x146ce    : bne s5, zero, 86           : IntAlu : 
2216500: system.cpu: T0 : 0x14724    : jal ra, 42488              : IntAlu :  D=0x0000000000014728
2217000: system.cpu: T0 : 0x1ed1c    : andi a5, a0, 7             : IntAlu :  D=0x0000000000000000
2217500: system.cpu: T0 : 0x1ed20    : c_beqz a5, 26              : IntAlu : 
2218000: system.cpu: T0 : 0x1ed3a    : c_mv a5, a0                : IntAlu :  D=0x000000000004feb8
2218500: system.cpu: T0 : 0x1ed3c    : ld a6, -2024(gp)           : MemRead :  D=0xfefefefefefefeff A=0x70840
2219000: system.cpu: T0 : 0x1ed40    : ld a1, -2016(gp)           : MemRead :  D=0x8080808080808080 A=0x70848
2219500: system.cpu: T0 : 0x1ed44    : c_ld a2, 0(a5)             : MemRead :  D=0x4d555353415f444c A=0x4feb8
2220500: system.cpu: T0 : 0x1ed46    : addi a3, a5, 8             : IntAlu :  D=0x000000000004fec0
2221500: system.cpu: T0 : 0x1ed4a    : add a4, a2, a6             : IntAlu :  D=0x4c545252405e434b
2222500: system.cpu: T0 : 0x1ed4e    : xori a2, a2, 18446744073709551615 : IntAlu :  D=0xb2aaacacbea0bbb3
2223000: system.cpu: T0 : 0x1ed52    : c_and a4, a2               : IntAlu :  D=0x0000000000000303
2223500: system.cpu: T0 : 0x1ed54    : c_and a4, a1               : IntAlu :  D=0x0000000000000000
2224000: system.cpu: T0 : 0x1ed56    : c_beqz a4, 50              : IntAlu : 
2224500: system.cpu: T0 : 0x1ed88    : c_mv a5, a3                : IntAlu :  D=0x000000000004fec0
2225000: system.cpu: T0 : 0x1ed8a    : c_j -70                    : IntAlu : 
2225500: system.cpu: T0 : 0x1ed44    : c_ld a2, 0(a5)             : MemRead :  D=0x4c454e52454b5f45 A=0x4fec0
2226500: system.cpu: T0 : 0x1ed46    : addi a3, a5, 8             : IntAlu :  D=0x000000000004fec8
2227500: system.cpu: T0 : 0x1ed4a    : add a4, a2, a6             : IntAlu :  D=0x4b444d51444a5e44
2228500: system.cpu: T0 : 0x1ed4e    : xori a2, a2, 18446744073709551615 : IntAlu :  D=0xb3bab1adbab4a0ba
2229000: system.cpu: T0 : 0x1ed52    : c_and a4, a2               : IntAlu :  D=0x0300010100000000
2229500: system.cpu: T0 : 0x1ed54    : c_and a4, a1               : IntAlu :  D=0x0000000000000000
2230000: system.cpu: T0 : 0x1ed56    : c_beqz a4, 50              : IntAlu : 
2230500: system.cpu: T0 : 0x1ed88    : c_mv a5, a3                : IntAlu :  D=0x000000000004fec8
2231000: system.cpu: T0 : 0x1ed8a    : c_j -70                    : IntAlu : 
2231500: system.cpu: T0 : 0x1ed44    : c_ld a2, 0(a5)             : MemRead :  D=0x0000000000000000 A=0x4fec8
2232500: system.cpu: T0 : 0x1ed46    : addi a3, a5, 8             : IntAlu :  D=0x000000000004fed0
2233500: system.cpu: T0 : 0x1ed4a    : add a4, a2, a6             : IntAlu :  D=0xfefefefefefefeff
2234500: system.cpu: T0 : 0x1ed4e    : xori a2, a2, 18446744073709551615 : IntAlu :  D=0xffffffffffffffff
2235000: system.cpu: T0 : 0x1ed52    : c_and a4, a2               : IntAlu :  D=0xfefefefefefefeff
2235500: system.cpu: T0 : 0x1ed54    : c_and a4, a1               : IntAlu :  D=0x8080808080808080
2236000: system.cpu: T0 : 0x1ed56    : c_beqz a4, 50              : IntAlu : 
2236500: system.cpu: T0 : 0x1ed58    : lbu a4, -8(a3)             : MemRead :  D=0x0000000000000000 A=0x4fec8
2237000: system.cpu: T0 : 0x1ed5c    : c_beqz a4, -40             : IntAlu : 
2237500: system.cpu: T0 : 0x1ed34    : sub a0, a5, a0             : IntAlu :  D=0x0000000000000010
2238000: system.cpu: T0 : 0x1ed38    : c_jr ra                    : IntAlu : 
2238500: system.cpu: T0 : 0x14728    : slli a5, s5, 8             : IntAlu :  D=0x0000000000004400
2239000: system.cpu: T0 : 0x1472c    : or a5, s2, a5              : IntAlu :  D=0x000000000000444c
2239500: system.cpu: T0 : 0x14730    : slliw s2, a5, 16           : IntAlu :  D=0x00000000444c0000
2240000: system.cpu: T0 : 0x14734    : c_mv s3, a0                : IntAlu :  D=0x0000000000000010
2241000: system.cpu: T0 : 0x14736    : sraiw s2, s2, 16           : IntAlu :  D=0x000000000000444c
2242000: system.cpu: T0 : 0x1473a    : addi s5, a0, -2            : IntAlu :  D=0x000000000000000e
2242500: system.cpu: T0 : 0x1473e    : c_addi s4, 2               : IntAlu :  D=0x000000000004feba
2243000: system.cpu: T0 : 0x14740    : c_beqz s0, -50             : IntAlu : 
2243500: system.cpu: T0 : 0x1470e    : c_ldsp ra, 56(sp)          : MemRead :  D=0x000000000002292c A=0x7ffffffffffffd28
2244000: system.cpu: T0 : 0x14710    : c_mv a0, s0                : IntAlu :  D=0x0000000000000000
2244500: system.cpu: T0 : 0x14712    : c_ldsp s0, 48(sp)          : MemRead :  D=0x000000000006ef80 A=0x7ffffffffffffd20
2245000: system.cpu: T0 : 0x14714    : c_ldsp s1, 40(sp)          : MemRead :  D=0x000000000006fe60 A=0x7ffffffffffffd18
2245500: system.cpu: T0 : 0x14716    : c_ldsp s2, 32(sp)          : MemRead :  D=0x0000000000072000 A=0x7ffffffffffffd10
2246000: system.cpu: T0 : 0x14718    : c_ldsp s3, 24(sp)          : MemRead :  D=0x0000000000072000 A=0x7ffffffffffffd08
2246500: system.cpu: T0 : 0x1471a    : c_ldsp s4, 16(sp)          : MemRead :  D=0x0000000000070000 A=0x7ffffffffffffd00
2247000: system.cpu: T0 : 0x1471c    : c_ldsp s5, 8(sp)           : MemRead :  D=0x0000000000072000 A=0x7ffffffffffffcf8
2247500: system.cpu: T0 : 0x1471e    : c_ldsp s6, 0(sp)           : MemRead :  D=0x0000000000072000 A=0x7ffffffffffffcf0
2248000: system.cpu: T0 : 0x14720    : c_addi16sp sp, 64          : IntAlu :  D=0x7ffffffffffffd30
2248500: system.cpu: T0 : 0x14722    : c_jr ra                    : IntAlu : 
2249000: system.cpu: T0 : 0x2292c    : c_mv s0, a0                : IntAlu :  D=0x0000000000000000
2249500: system.cpu: T0 : 0x2292e    : c_beqz a0, 76              : IntAlu : 
2250500: system.cpu: T0 : 0x2297a    : lui a5, 114                : IntAlu :  D=0x0000000000072000
2251500: system.cpu: T0 : 0x2297e    : ld a0, -496(a5)            : MemRead :  D=0x0000000000000000 A=0x71e10
2252000: system.cpu: T0 : 0x22982    : c_beqz a0, 14              : IntAlu : 
2252500: system.cpu: T0 : 0x22990    : ld a5, -464(s2)            : MemRead :  D=0x0000000000010040 A=0x71e30
2253000: system.cpu: T0 : 0x22994    : ld t3, 1120(s1)            : MemRead :  D=0x0000000000000000 A=0x702c0
2253500: system.cpu: T0 : 0x22998    : c_beqz a5, 110             : IntAlu : 
2254500: system.cpu: T0 : 0x2299a    : ld a4, -408(s3)            : MemRead :  D=0x0000000000000006 A=0x71e68
2255500: system.cpu: T0 : 0x2299e    : slli a3, a4, 3             : IntAlu :  D=0x0000000000000030
2256000: system.cpu: T0 : 0x229a2    : c_sub a3, a4               : IntAlu :  D=0x000000000000002a
2256500: system.cpu: T0 : 0x229a4    : c_slli a3, 3               : IntAlu :  D=0x0000000000000150
2257000: system.cpu: T0 : 0x229a6    : c_add a3, a5               : IntAlu :  D=0x0000000000010190
2257500: system.cpu: T0 : 0x229a8    : bgeu a5, a3, 94            : IntAlu : 
2258000: system.cpu: T0 : 0x229ac    : lui a2, 411470             : IntAlu :  D=0x000000006474e000
2258500: system.cpu: T0 : 0x229b0    : addi a1, a2, 1361          : IntAlu :  D=0x000000006474e551
2259000: system.cpu: T0 : 0x229b4    : ld t4, 1112(s1)            : MemRead :  D=0x0000000000000000 A=0x702b8
2259500: system.cpu: T0 : 0x229b8    : lw t1, -1800(gp)           : MemRead :  D=0x0000000000000006 A=0x70920
2260000: system.cpu: T0 : 0x229bc    : c_mv a6, t3                : IntAlu :  D=0x0000000000000000
2260500: system.cpu: T0 : 0x229be    : c_li a7, 0                 : IntAlu :  D=0x0000000000000000
2261000: system.cpu: T0 : 0x229c0    : c_li a0, 0                 : IntAlu :  D=0x0000000000000000
2262000: system.cpu: T0 : 0x229c2    : addi a2, a2, 1362          : IntAlu :  D=0x000000006474e552
2262500: system.cpu: T0 : 0x229c6    : c_j 24                     : IntAlu : 
2263000: system.cpu: T0 : 0x229de    : c_lw a4, 0(a5)             : MemRead :  D=0x0000000000000001 A=0x10040
2263500: system.cpu: T0 : 0x229e0    : bne a4, a1, -24            : IntAlu : 
2264000: system.cpu: T0 : 0x229c8    : bne a4, a2, 14             : IntAlu : 
2265000: system.cpu: T0 : 0x229d6    : addi a5, a5, 56            : IntAlu :  D=0x0000000000010078
2266000: system.cpu: T0 : 0x229da    : bgeu a5, a3, 24            : IntAlu : 
2266500: system.cpu: T0 : 0x229de    : c_lw a4, 0(a5)             : MemRead :  D=0x0000000000000001 A=0x10078
2267000: system.cpu: T0 : 0x229e0    : bne a4, a1, -24            : IntAlu : 
2267500: system.cpu: T0 : 0x229c8    : bne a4, a2, 14             : IntAlu : 
2268500: system.cpu: T0 : 0x229d6    : addi a5, a5, 56            : IntAlu :  D=0x00000000000100b0
2269500: system.cpu: T0 : 0x229da    : bgeu a5, a3, 24            : IntAlu : 
2270000: system.cpu: T0 : 0x229de    : c_lw a4, 0(a5)             : MemRead :  D=0x0000000000000004 A=0x100b0
2270500: system.cpu: T0 : 0x229e0    : bne a4, a1, -24            : IntAlu : 
2271000: system.cpu: T0 : 0x229c8    : bne a4, a2, 14             : IntAlu : 
2272000: system.cpu: T0 : 0x229d6    : addi a5, a5, 56            : IntAlu :  D=0x00000000000100e8
2273000: system.cpu: T0 : 0x229da    : bgeu a5, a3, 24            : IntAlu : 
2273500: system.cpu: T0 : 0x229de    : c_lw a4, 0(a5)             : MemRead :  D=0x0000000000000007 A=0x100e8
2274000: system.cpu: T0 : 0x229e0    : bne a4, a1, -24            : IntAlu : 
2274500: system.cpu: T0 : 0x229c8    : bne a4, a2, 14             : IntAlu : 
2275500: system.cpu: T0 : 0x229d6    : addi a5, a5, 56            : IntAlu :  D=0x0000000000010120
2276500: system.cpu: T0 : 0x229da    : bgeu a5, a3, 24            : IntAlu : 
2277000: system.cpu: T0 : 0x229de    : c_lw a4, 0(a5)             : MemRead :  D=0x000000006474e551 A=0x10120
2277500: system.cpu: T0 : 0x229e0    : bne a4, a1, -24            : IntAlu : 
2278000: system.cpu: T0 : 0x229e4    : lw t1, 4(a5)               : MemRead :  D=0x0000000000000006 A=0x10124
2278500: system.cpu: T0 : 0x229e8    : addi a5, a5, 56            : IntAlu :  D=0x0000000000010158
2279000: system.cpu: T0 : 0x229ec    : c_li a0, 1                 : IntAlu :  D=0x0000000000000001
2280000: system.cpu: T0 : 0x229ee    : bltu a5, a3, -16           : IntAlu : 
2280500: system.cpu: T0 : 0x229de    : c_lw a4, 0(a5)             : MemRead :  D=0x000000006474e552 A=0x10158
2281000: system.cpu: T0 : 0x229e0    : bne a4, a1, -24            : IntAlu : 
2281500: system.cpu: T0 : 0x229c8    : bne a4, a2, 14             : IntAlu : 
2282000: system.cpu: T0 : 0x229cc    : ld t4, 16(a5)              : MemRead :  D=0x000000000006ead0 A=0x10168
2282500: system.cpu: T0 : 0x229d0    : ld a6, 40(a5)              : MemRead :  D=0x0000000000000530 A=0x10180
2283000: system.cpu: T0 : 0x229d4    : c_li a7, 1                 : IntAlu :  D=0x0000000000000001
2284000: system.cpu: T0 : 0x229d6    : addi a5, a5, 56            : IntAlu :  D=0x0000000000010190
2285000: system.cpu: T0 : 0x229da    : bgeu a5, a3, 24            : IntAlu : 
2285500: system.cpu: T0 : 0x229f2    : c_beqz a0, 6               : IntAlu : 
2286000: system.cpu: T0 : 0x229f4    : sw t1, -1800(gp)           : MemWrite :  D=0x0000000000000006 A=0x70920
2286500: system.cpu: T0 : 0x229f8    : beq a7, zero, 14           : IntAlu : 
2287000: system.cpu: T0 : 0x229fc    : sd t4, 1112(s1)            : MemWrite :  D=0x000000000006ead0 A=0x702b8
2287500: system.cpu: T0 : 0x22a00    : sd a6, 1120(s1)            : MemWrite :  D=0x0000000000000530 A=0x702c0
2288000: system.cpu: T0 : 0x22a04    : c_mv t3, a6                : IntAlu :  D=0x0000000000000530
2289000: system.cpu: T0 : 0x22a06    : bne t3, zero, 272          : IntAlu : 
2290000: system.cpu: T0 : 0x22b16    : addi a0, s4, -416          : IntAlu :  D=0x000000000006fe60
2291000: system.cpu: T0 : 0x22b1a    : jal ra, 106388             : IntAlu :  D=0x0000000000022b1e
2291500: system.cpu: T0 : 0x3caae    : c_addi sp, -16             : IntAlu :  D=0x7ffffffffffffd20
2292000: system.cpu: T0 : 0x3cab0    : c_ld a5, 0(a0)             : MemRead :  D=0x0000000000000000 A=0x6fe60
2292500: system.cpu: T0 : 0x3cab2    : c_sdsp s0, 0(sp)           : MemWrite :  D=0x0000000000000000 A=0x7ffffffffffffd20
2293000: system.cpu: T0 : 0x3cab4    : c_mv s0, a0                : IntAlu :  D=0x000000000006fe60
2294000: system.cpu: T0 : 0x3cab6    : ld a0, 1112(a0)            : MemRead :  D=0x000000000006ead0 A=0x702b8
2295000: system.cpu: T0 : 0x3caba    : ld a4, -1784(gp)           : MemRead :  D=0x0000000000001000 A=0x70930
2296000: system.cpu: T0 : 0x3cabe    : ld a1, 1120(s0)            : MemRead :  D=0x0000000000000530 A=0x702c0
2296500: system.cpu: T0 : 0x3cac2    : c_add a5, a0               : IntAlu :  D=0x000000000006ead0
2297000: system.cpu: T0 : 0x3cac4    : sub a4, zero, a4           : IntAlu :  D=0xfffffffffffff000
2297500: system.cpu: T0 : 0x3cac8    : c_add a1, a5               : IntAlu :  D=0x000000000006f000
2298000: system.cpu: T0 : 0x3caca    : c_sdsp ra, 8(sp)           : MemWrite :  D=0x0000000000022b1e A=0x7ffffffffffffd28
2298500: system.cpu: T0 : 0x3cacc    : and a0, a5, a4             : IntAlu :  D=0x000000000006e000
2299000: system.cpu: T0 : 0x3cad0    : c_and a1, a4               : IntAlu :  D=0x000000000006f000
2300000: system.cpu: T0 : 0x3cad2    : bne a0, a1, 12             : IntAlu : 
2300500: system.cpu: T0 : 0x3cade    : c_li a2, 1                 : IntAlu :  D=0x0000000000000001
2301000: system.cpu: T0 : 0x3cae0    : c_sub a1, a0               : IntAlu :  D=0x0000000000001000
2302000: system.cpu: T0 : 0x3cae2    : jal ra, -113354            : IntAlu :  D=0x000000000003cae6
2302500: system.cpu: T0 : 0x21018    : addi a7, zero, 226         : IntAlu :  D=0x00000000000000e2
2303000: system.cpu: T0 : 0x2101c    : ecall                      : No_OpClass : 
2303500: system.cpu: T0 : 0x21020    : c_lui a7, 1048575          : IntAlu :  D=0xfffffffffffff000
2304500: system.cpu: T0 : 0x21022    : bltu a7, a0, 6             : IntAlu : 
2305000: system.cpu: T0 : 0x21026    : c_jr ra                    : IntAlu : 
2306000: system.cpu: T0 : 0x3cae6    : bge a0, zero, -16          : IntAlu : 
2306500: system.cpu: T0 : 0x3cad6    : c_ldsp ra, 8(sp)           : MemRead :  D=0x0000000000022b1e A=0x7ffffffffffffd28
2307000: system.cpu: T0 : 0x3cad8    : c_ldsp s0, 0(sp)           : MemRead :  D=0x0000000000000000 A=0x7ffffffffffffd20
2307500: system.cpu: T0 : 0x3cada    : c_addi sp, 16              : IntAlu :  D=0x7ffffffffffffd30
2308000: system.cpu: T0 : 0x3cadc    : c_jr ra                    : IntAlu : 
2308500: system.cpu: T0 : 0x22b1e    : c_j -276                   : IntAlu : 
2309000: system.cpu: T0 : 0x22a0a    : c_ldsp ra, 152(sp)         : MemRead :  D=0x0000000000022d9c A=0x7ffffffffffffdc8
2309500: system.cpu: T0 : 0x22a0c    : c_ldsp s0, 144(sp)         : MemRead :  D=0x0000000000000001 A=0x7ffffffffffffdc0
2310000: system.cpu: T0 : 0x22a0e    : c_ldsp s1, 136(sp)         : MemRead :  D=0x7fffffffffffff38 A=0x7ffffffffffffdb8
2310500: system.cpu: T0 : 0x22a10    : c_ldsp s2, 128(sp)         : MemRead :  D=0x7fffffffffffff48 A=0x7ffffffffffffdb0
2311000: system.cpu: T0 : 0x22a12    : c_ldsp s3, 120(sp)         : MemRead :  D=0x0000000000000000 A=0x7ffffffffffffda8
2311500: system.cpu: T0 : 0x22a14    : c_ldsp s4, 112(sp)         : MemRead :  D=0x0000000000000000 A=0x7ffffffffffffda0
2312000: system.cpu: T0 : 0x22a16    : c_ldsp s5, 104(sp)         : MemRead :  D=0x0000000000000000 A=0x7ffffffffffffd98
2312500: system.cpu: T0 : 0x22a18    : c_ldsp s6, 96(sp)          : MemRead :  D=0x0000000000000000 A=0x7ffffffffffffd90
2313000: system.cpu: T0 : 0x22a1a    : c_ldsp s7, 88(sp)          : MemRead :  D=0x0000000000000000 A=0x7ffffffffffffd88
2313500: system.cpu: T0 : 0x22a1c    : c_ldsp s8, 80(sp)          : MemRead :  D=0x0000000000000000 A=0x7ffffffffffffd80
2314000: system.cpu: T0 : 0x22a1e    : c_ldsp s9, 72(sp)          : MemRead :  D=0x0000000000000000 A=0x7ffffffffffffd78
2314500: system.cpu: T0 : 0x22a20    : c_ldsp s10, 64(sp)         : MemRead :  D=0x0000000000000000 A=0x7ffffffffffffd70
2315000: system.cpu: T0 : 0x22a22    : c_addi16sp sp, 160         : IntAlu :  D=0x7ffffffffffffdd0
2315500: system.cpu: T0 : 0x22a24    : c_jr ra                    : IntAlu : 
2316000: system.cpu: T0 : 0x22d9c    : c_mv a2, s2                : IntAlu :  D=0x7fffffffffffff48
2316500: system.cpu: T0 : 0x22d9e    : c_mv a1, s1                : IntAlu :  D=0x7fffffffffffff38
2317000: system.cpu: T0 : 0x22da0    : c_mv a0, s0                : IntAlu :  D=0x0000000000000001
2318000: system.cpu: T0 : 0x22da2    : jal ra, -4344              : IntAlu :  D=0x0000000000022da6
2318500: system.cpu: T0 : 0x21caa    : c_beqz a1, 50              : IntAlu : 
2319000: system.cpu: T0 : 0x21cac    : c_addi sp, -32             : IntAlu :  D=0x7ffffffffffffdb0
2319500: system.cpu: T0 : 0x21cae    : c_sdsp s1, 8(sp)           : MemWrite :  D=0x7fffffffffffff38 A=0x7ffffffffffffdb8
2320000: system.cpu: T0 : 0x21cb0    : c_ld s1, 0(a1)             : MemRead :  D=0x7fffffffffffffda A=0x7fffffffffffff38
2320500: system.cpu: T0 : 0x21cb2    : c_sdsp s0, 16(sp)          : MemWrite :  D=0x0000000000000001 A=0x7ffffffffffffdc0
2321000: system.cpu: T0 : 0x21cb4    : c_sdsp ra, 24(sp)          : MemWrite :  D=0x0000000000022da6 A=0x7ffffffffffffdc8
2321500: system.cpu: T0 : 0x21cb6    : c_mv s0, a1                : IntAlu :  D=0x7fffffffffffff38
2322000: system.cpu: T0 : 0x21cb8    : c_beqz s1, 26              : IntAlu : 
2323000: system.cpu: T0 : 0x21cba    : addi a1, zero, 47          : IntAlu :  D=0x000000000000002f
2323500: system.cpu: T0 : 0x21cbe    : c_mv a0, s1                : IntAlu :  D=0x7fffffffffffffda
2324000: system.cpu: T0 : 0x21cc0    : jal ra, 90482              : IntAlu :  D=0x0000000000021cc4
2324500: system.cpu: T0 : 0x37e32    : c_addi sp, -32             : IntAlu :  D=0x7ffffffffffffd90
2325000: system.cpu: T0 : 0x37e34    : c_sdsp s0, 16(sp)          : MemWrite :  D=0x7fffffffffffff38 A=0x7ffffffffffffda0
2325500: system.cpu: T0 : 0x37e36    : c_sdsp s1, 8(sp)           : MemWrite :  D=0x7fffffffffffffda A=0x7ffffffffffffd98
2326000: system.cpu: T0 : 0x37e38    : c_sdsp s2, 0(sp)           : MemWrite :  D=0x7fffffffffffff48 A=0x7ffffffffffffd90
2326500: system.cpu: T0 : 0x37e3a    : c_sdsp ra, 24(sp)          : MemWrite :  D=0x0000000000021cc4 A=0x7ffffffffffffda8
2327000: system.cpu: T0 : 0x37e3c    : andi s1, a1, 255           : IntAlu :  D=0x000000000000002f
2327500: system.cpu: T0 : 0x37e40    : c_mv s0, a0                : IntAlu :  D=0x7fffffffffffffda
2328000: system.cpu: T0 : 0x37e42    : c_li s2, 0                 : IntAlu :  D=0x0000000000000000
2328500: system.cpu: T0 : 0x37e44    : c_bnez s1, 10              : IntAlu : 
2329000: system.cpu: T0 : 0x37e4e    : c_mv a0, s0                : IntAlu :  D=0x7fffffffffffffda
2329500: system.cpu: T0 : 0x37e50    : c_mv a1, s1                : IntAlu :  D=0x000000000000002f
2330500: system.cpu: T0 : 0x37e52    : jal ra, -103340            : IntAlu :  D=0x0000000000037e56
2331500: system.cpu: T0 : 0x1eaa6    : andi a5, a0, 7             : IntAlu :  D=0x0000000000000002
2332500: system.cpu: T0 : 0x1eaaa    : andi a4, a1, 255           : IntAlu :  D=0x000000000000002f
2333000: system.cpu: T0 : 0x1eaae    : c_bnez a5, 14              : IntAlu : 
2333500: system.cpu: T0 : 0x1eabc    : lbu a5, 0(a0)              : MemRead :  D=0x000000000000002e A=0x7fffffffffffffda
2334000: system.cpu: T0 : 0x1eac0    : bne a5, a4, -14            : IntAlu : 
2334500: system.cpu: T0 : 0x1eab2    : c_addi a0, 1               : IntAlu :  D=0x7fffffffffffffdb
2335000: system.cpu: T0 : 0x1eab4    : andi a3, a0, 7             : IntAlu :  D=0x0000000000000003
2335500: system.cpu: T0 : 0x1eab8    : c_beqz a5, 168             : IntAlu : 
2336000: system.cpu: T0 : 0x1eaba    : c_beqz a3, 12              : IntAlu : 
2336500: system.cpu: T0 : 0x1eabc    : lbu a5, 0(a0)              : MemRead :  D=0x000000000000002e A=0x7fffffffffffffdb
2337000: system.cpu: T0 : 0x1eac0    : bne a5, a4, -14            : IntAlu : 
2337500: system.cpu: T0 : 0x1eab2    : c_addi a0, 1               : IntAlu :  D=0x7fffffffffffffdc
2338000: system.cpu: T0 : 0x1eab4    : andi a3, a0, 7             : IntAlu :  D=0x0000000000000004
2338500: system.cpu: T0 : 0x1eab8    : c_beqz a5, 168             : IntAlu : 
2339000: system.cpu: T0 : 0x1eaba    : c_beqz a3, 12              : IntAlu : 
2339500: system.cpu: T0 : 0x1eabc    : lbu a5, 0(a0)              : MemRead :  D=0x000000000000002f A=0x7fffffffffffffdc
2340000: system.cpu: T0 : 0x1eac0    : bne a5, a4, -14            : IntAlu : 
2340500: system.cpu: T0 : 0x1eac4    : c_jr ra                    : IntAlu : 
2341000: system.cpu: T0 : 0x37e56    : c_bnez a0, -14             : IntAlu : 
2341500: system.cpu: T0 : 0x37e48    : addi s0, a0, 1             : IntAlu :  D=0x7fffffffffffffdd
2342000: system.cpu: T0 : 0x37e4c    : c_mv s2, a0                : IntAlu :  D=0x7fffffffffffffdc
2342500: system.cpu: T0 : 0x37e4e    : c_mv a0, s0                : IntAlu :  D=0x7fffffffffffffdd
2343000: system.cpu: T0 : 0x37e50    : c_mv a1, s1                : IntAlu :  D=0x000000000000002f
2344000: system.cpu: T0 : 0x37e52    : jal ra, -103340            : IntAlu :  D=0x0000000000037e56
2345000: system.cpu: T0 : 0x1eaa6    : andi a5, a0, 7             : IntAlu :  D=0x0000000000000005
2346000: system.cpu: T0 : 0x1eaaa    : andi a4, a1, 255           : IntAlu :  D=0x000000000000002f
2346500: system.cpu: T0 : 0x1eaae    : c_bnez a5, 14              : IntAlu : 
2347000: system.cpu: T0 : 0x1eabc    : lbu a5, 0(a0)              : MemRead :  D=0x0000000000000044 A=0x7fffffffffffffdd
2347500: system.cpu: T0 : 0x1eac0    : bne a5, a4, -14            : IntAlu : 
2348000: system.cpu: T0 : 0x1eab2    : c_addi a0, 1               : IntAlu :  D=0x7fffffffffffffde
2348500: system.cpu: T0 : 0x1eab4    : andi a3, a0, 7             : IntAlu :  D=0x0000000000000006
2349000: system.cpu: T0 : 0x1eab8    : c_beqz a5, 168             : IntAlu : 
2349500: system.cpu: T0 : 0x1eaba    : c_beqz a3, 12              : IntAlu : 
2350000: system.cpu: T0 : 0x1eabc    : lbu a5, 0(a0)              : MemRead :  D=0x000000000000006f A=0x7fffffffffffffde
2350500: system.cpu: T0 : 0x1eac0    : bne a5, a4, -14            : IntAlu : 
2351000: system.cpu: T0 : 0x1eab2    : c_addi a0, 1               : IntAlu :  D=0x7fffffffffffffdf
2351500: system.cpu: T0 : 0x1eab4    : andi a3, a0, 7             : IntAlu :  D=0x0000000000000007
2352000: system.cpu: T0 : 0x1eab8    : c_beqz a5, 168             : IntAlu : 
2352500: system.cpu: T0 : 0x1eaba    : c_beqz a3, 12              : IntAlu : 
2353000: system.cpu: T0 : 0x1eabc    : lbu a5, 0(a0)              : MemRead :  D=0x0000000000000077 A=0x7fffffffffffffdf
2353500: system.cpu: T0 : 0x1eac0    : bne a5, a4, -14            : IntAlu : 
2354000: system.cpu: T0 : 0x1eab2    : c_addi a0, 1               : IntAlu :  D=0x7fffffffffffffe0
2354500: system.cpu: T0 : 0x1eab4    : andi a3, a0, 7             : IntAlu :  D=0x0000000000000000
2355000: system.cpu: T0 : 0x1eab8    : c_beqz a5, 168             : IntAlu : 
2355500: system.cpu: T0 : 0x1eaba    : c_beqz a3, 12              : IntAlu : 
2356000: system.cpu: T0 : 0x1eac6    : c_lui a3, 16               : IntAlu :  D=0x0000000000010000
2356500: system.cpu: T0 : 0x1eac8    : slliw a5, a1, 8            : IntAlu :  D=0x0000000000002f00
2357000: system.cpu: T0 : 0x1eacc    : c_addi a3, -1              : IntAlu :  D=0x000000000000ffff
2357500: system.cpu: T0 : 0x1eace    : c_and a5, a3               : IntAlu :  D=0x0000000000002f00
2358000: system.cpu: T0 : 0x1ead0    : andi a1, a1, 255           : IntAlu :  D=0x000000000000002f
2358500: system.cpu: T0 : 0x1ead4    : c_or a1, a5                : IntAlu :  D=0x0000000000002f2f
2359000: system.cpu: T0 : 0x1ead6    : c_addiw a1, 0              : IntAlu :  D=0x0000000000002f2f
2359500: system.cpu: T0 : 0x1ead8    : slli t1, a1, 16            : IntAlu :  D=0x000000002f2f0000
2360000: system.cpu: T0 : 0x1eadc    : or a1, t1, a1              : IntAlu :  D=0x000000002f2f2f2f
2360500: system.cpu: T0 : 0x1eae0    : ld a6, -2032(gp)           : MemRead :  D=0x7efefefefefefeff A=0x70838
2361000: system.cpu: T0 : 0x1eae4    : slli t1, a1, 32            : IntAlu :  D=0x2f2f2f2f00000000
2361500: system.cpu: T0 : 0x1eae8    : or t1, t1, a1              : IntAlu :  D=0x2f2f2f2f2f2f2f2f
2362000: system.cpu: T0 : 0x1eaec    : c_li t3, -1                : IntAlu :  D=0xffffffffffffffff
2362500: system.cpu: T0 : 0x1eaee    : c_ld a1, 0(a0)             : MemRead :  D=0x742f7364616f6c6e A=0x7fffffffffffffe0
2363000: system.cpu: T0 : 0x1eaf0    : addi a5, a0, 8             : IntAlu :  D=0x7fffffffffffffe8
2363500: system.cpu: T0 : 0x1eaf4    : xor a7, t1, a1             : IntAlu :  D=0x5b005c4b4e404341
2364000: system.cpu: T0 : 0x1eaf8    : add a3, a1, a6             : IntAlu :  D=0xf32e7263606e6b6d
2364500: system.cpu: T0 : 0x1eafc    : add a2, a7, a6             : IntAlu :  D=0xd9ff5b4a4d3f4240
2365000: system.cpu: T0 : 0x1eb00    : c_xor a3, a1               : IntAlu :  D=0x8701010701010703
2366000: system.cpu: T0 : 0x1eb02    : xor a2, a2, a7             : IntAlu :  D=0x82ff0701037f0101
2366500: system.cpu: T0 : 0x1eb06    : c_and a3, a2               : IntAlu :  D=0x8201010101010101
2367000: system.cpu: T0 : 0x1eb08    : or a3, a3, a6              : IntAlu :  D=0xfeffffffffffffff
2367500: system.cpu: T0 : 0x1eb0c    : beq a3, t3, 88             : IntAlu : 
2368000: system.cpu: T0 : 0x1eb10    : lbu a3, -8(a5)             : MemRead :  D=0x000000000000006e A=0x7fffffffffffffe0
2368500: system.cpu: T0 : 0x1eb14    : beq a3, a4, -80            : IntAlu : 
2369000: system.cpu: T0 : 0x1eb18    : c_beqz a3, 72              : IntAlu : 
2370000: system.cpu: T0 : 0x1eb1a    : lbu a3, -7(a5)             : MemRead :  D=0x000000000000006c A=0x7fffffffffffffe1
2371000: system.cpu: T0 : 0x1eb1e    : beq a3, a4, 74             : IntAlu : 
2371500: system.cpu: T0 : 0x1eb22    : c_beqz a3, 62              : IntAlu : 
2372000: system.cpu: T0 : 0x1eb24    : lbu a3, -6(a5)             : MemRead :  D=0x000000000000006f A=0x7fffffffffffffe2
2372500: system.cpu: T0 : 0x1eb28    : beq a3, a4, 68             : IntAlu : 
2373000: system.cpu: T0 : 0x1eb2c    : c_beqz a3, 52              : IntAlu : 
2374000: system.cpu: T0 : 0x1eb2e    : lbu a3, -5(a5)             : MemRead :  D=0x0000000000000061 A=0x7fffffffffffffe3
2375000: system.cpu: T0 : 0x1eb32    : beq a3, a4, 62             : IntAlu : 
2375500: system.cpu: T0 : 0x1eb36    : c_beqz a3, 42              : IntAlu : 
2376000: system.cpu: T0 : 0x1eb38    : lbu a3, -4(a5)             : MemRead :  D=0x0000000000000064 A=0x7fffffffffffffe4
2376500: system.cpu: T0 : 0x1eb3c    : beq a3, a4, 56             : IntAlu : 
2377000: system.cpu: T0 : 0x1eb40    : c_beqz a3, 32              : IntAlu : 
2378000: system.cpu: T0 : 0x1eb42    : lbu a3, -3(a5)             : MemRead :  D=0x0000000000000073 A=0x7fffffffffffffe5
2379000: system.cpu: T0 : 0x1eb46    : beq a3, a4, 50             : IntAlu : 
2379500: system.cpu: T0 : 0x1eb4a    : c_beqz a3, 22              : IntAlu : 
2380000: system.cpu: T0 : 0x1eb4c    : lbu a3, -2(a5)             : MemRead :  D=0x000000000000002f A=0x7fffffffffffffe6
2380500: system.cpu: T0 : 0x1eb50    : beq a3, a4, 44             : IntAlu : 
2381000: system.cpu: T0 : 0x1eb7c    : c_addi a0, 6               : IntAlu :  D=0x7fffffffffffffe6
2381500: system.cpu: T0 : 0x1eb7e    : c_jr ra                    : IntAlu : 
2382000: system.cpu: T0 : 0x37e56    : c_bnez a0, -14             : IntAlu : 
2382500: system.cpu: T0 : 0x37e48    : addi s0, a0, 1             : IntAlu :  D=0x7fffffffffffffe7
2383000: system.cpu: T0 : 0x37e4c    : c_mv s2, a0                : IntAlu :  D=0x7fffffffffffffe6
2383500: system.cpu: T0 : 0x37e4e    : c_mv a0, s0                : IntAlu :  D=0x7fffffffffffffe7
2384000: system.cpu: T0 : 0x37e50    : c_mv a1, s1                : IntAlu :  D=0x000000000000002f
2385000: system.cpu: T0 : 0x37e52    : jal ra, -103340            : IntAlu :  D=0x0000000000037e56
2386000: system.cpu: T0 : 0x1eaa6    : andi a5, a0, 7             : IntAlu :  D=0x0000000000000007
2387000: system.cpu: T0 : 0x1eaaa    : andi a4, a1, 255           : IntAlu :  D=0x000000000000002f
2387500: system.cpu: T0 : 0x1eaae    : c_bnez a5, 14              : IntAlu : 
2388000: system.cpu: T0 : 0x1eabc    : lbu a5, 0(a0)              : MemRead :  D=0x0000000000000074 A=0x7fffffffffffffe7
2388500: system.cpu: T0 : 0x1eac0    : bne a5, a4, -14            : IntAlu : 
2389000: system.cpu: T0 : 0x1eab2    : c_addi a0, 1               : IntAlu :  D=0x7fffffffffffffe8
2389500: system.cpu: T0 : 0x1eab4    : andi a3, a0, 7             : IntAlu :  D=0x0000000000000000
2390000: system.cpu: T0 : 0x1eab8    : c_beqz a5, 168             : IntAlu : 
2390500: system.cpu: T0 : 0x1eaba    : c_beqz a3, 12              : IntAlu : 
2391000: system.cpu: T0 : 0x1eac6    : c_lui a3, 16               : IntAlu :  D=0x0000000000010000
2391500: system.cpu: T0 : 0x1eac8    : slliw a5, a1, 8            : IntAlu :  D=0x0000000000002f00
2392000: system.cpu: T0 : 0x1eacc    : c_addi a3, -1              : IntAlu :  D=0x000000000000ffff
2392500: system.cpu: T0 : 0x1eace    : c_and a5, a3               : IntAlu :  D=0x0000000000002f00
2393000: system.cpu: T0 : 0x1ead0    : andi a1, a1, 255           : IntAlu :  D=0x000000000000002f
2393500: system.cpu: T0 : 0x1ead4    : c_or a1, a5                : IntAlu :  D=0x0000000000002f2f
2394000: system.cpu: T0 : 0x1ead6    : c_addiw a1, 0              : IntAlu :  D=0x0000000000002f2f
2394500: system.cpu: T0 : 0x1ead8    : slli t1, a1, 16            : IntAlu :  D=0x000000002f2f0000
2395000: system.cpu: T0 : 0x1eadc    : or a1, t1, a1              : IntAlu :  D=0x000000002f2f2f2f
2395500: system.cpu: T0 : 0x1eae0    : ld a6, -2032(gp)           : MemRead :  D=0x7efefefefefefeff A=0x70838
2396000: system.cpu: T0 : 0x1eae4    : slli t1, a1, 32            : IntAlu :  D=0x2f2f2f2f00000000
2396500: system.cpu: T0 : 0x1eae8    : or t1, t1, a1              : IntAlu :  D=0x2f2f2f2f2f2f2f2f
2397000: system.cpu: T0 : 0x1eaec    : c_li t3, -1                : IntAlu :  D=0xffffffffffffffff
2397500: system.cpu: T0 : 0x1eaee    : c_ld a1, 0(a0)             : MemRead :  D=0xc900726f66747365 A=0x7fffffffffffffe8
2398000: system.cpu: T0 : 0x1eaf0    : addi a5, a0, 8             : IntAlu :  D=0x7ffffffffffffff0
2398500: system.cpu: T0 : 0x1eaf4    : xor a7, t1, a1             : IntAlu :  D=0xe62f5d40495b5c4a
2399000: system.cpu: T0 : 0x1eaf8    : add a3, a1, a6             : IntAlu :  D=0x47ff716e65737264
2399500: system.cpu: T0 : 0x1eafc    : add a2, a7, a6             : IntAlu :  D=0x652e5c3f485a5b49
2400000: system.cpu: T0 : 0x1eb00    : c_xor a3, a1               : IntAlu :  D=0x8eff030103070101
2401000: system.cpu: T0 : 0x1eb02    : xor a2, a2, a7             : IntAlu :  D=0x8301017f01010703
2401500: system.cpu: T0 : 0x1eb06    : c_and a3, a2               : IntAlu :  D=0x8201010101010101
2402000: system.cpu: T0 : 0x1eb08    : or a3, a3, a6              : IntAlu :  D=0xfeffffffffffffff
2402500: system.cpu: T0 : 0x1eb0c    : beq a3, t3, 88             : IntAlu : 
2403000: system.cpu: T0 : 0x1eb10    : lbu a3, -8(a5)             : MemRead :  D=0x0000000000000065 A=0x7fffffffffffffe8
2403500: system.cpu: T0 : 0x1eb14    : beq a3, a4, -80            : IntAlu : 
2404000: system.cpu: T0 : 0x1eb18    : c_beqz a3, 72              : IntAlu : 
2405000: system.cpu: T0 : 0x1eb1a    : lbu a3, -7(a5)             : MemRead :  D=0x0000000000000073 A=0x7fffffffffffffe9
2406000: system.cpu: T0 : 0x1eb1e    : beq a3, a4, 74             : IntAlu : 
2406500: system.cpu: T0 : 0x1eb22    : c_beqz a3, 62              : IntAlu : 
2407000: system.cpu: T0 : 0x1eb24    : lbu a3, -6(a5)             : MemRead :  D=0x0000000000000074 A=0x7fffffffffffffea
2407500: system.cpu: T0 : 0x1eb28    : beq a3, a4, 68             : IntAlu : 
2408000: system.cpu: T0 : 0x1eb2c    : c_beqz a3, 52              : IntAlu : 
2409000: system.cpu: T0 : 0x1eb2e    : lbu a3, -5(a5)             : MemRead :  D=0x0000000000000066 A=0x7fffffffffffffeb
2410000: system.cpu: T0 : 0x1eb32    : beq a3, a4, 62             : IntAlu : 
2410500: system.cpu: T0 : 0x1eb36    : c_beqz a3, 42              : IntAlu : 
2411000: system.cpu: T0 : 0x1eb38    : lbu a3, -4(a5)             : MemRead :  D=0x000000000000006f A=0x7fffffffffffffec
2411500: system.cpu: T0 : 0x1eb3c    : beq a3, a4, 56             : IntAlu : 
2412000: system.cpu: T0 : 0x1eb40    : c_beqz a3, 32              : IntAlu : 
2413000: system.cpu: T0 : 0x1eb42    : lbu a3, -3(a5)             : MemRead :  D=0x0000000000000072 A=0x7fffffffffffffed
2414000: system.cpu: T0 : 0x1eb46    : beq a3, a4, 50             : IntAlu : 
2414500: system.cpu: T0 : 0x1eb4a    : c_beqz a3, 22              : IntAlu : 
2415000: system.cpu: T0 : 0x1eb4c    : lbu a3, -2(a5)             : MemRead :  D=0x0000000000000000 A=0x7fffffffffffffee
2415500: system.cpu: T0 : 0x1eb50    : beq a3, a4, 44             : IntAlu : 
2416000: system.cpu: T0 : 0x1eb54    : c_beqz a3, 12              : IntAlu : 
2416500: system.cpu: T0 : 0x1eb60    : c_li a0, 0                 : IntAlu :  D=0x0000000000000000
2417000: system.cpu: T0 : 0x1eb62    : c_jr ra                    : IntAlu : 
2417500: system.cpu: T0 : 0x37e56    : c_bnez a0, -14             : IntAlu : 
2418000: system.cpu: T0 : 0x37e58    : c_ldsp ra, 24(sp)          : MemRead :  D=0x0000000000021cc4 A=0x7ffffffffffffda8
2418500: system.cpu: T0 : 0x37e5a    : c_ldsp s0, 16(sp)          : MemRead :  D=0x7fffffffffffff38 A=0x7ffffffffffffda0
2419000: system.cpu: T0 : 0x37e5c    : c_ldsp s1, 8(sp)           : MemRead :  D=0x7fffffffffffffda A=0x7ffffffffffffd98
2419500: system.cpu: T0 : 0x37e5e    : c_mv a0, s2                : IntAlu :  D=0x7fffffffffffffe6
2420000: system.cpu: T0 : 0x37e60    : c_ldsp s2, 0(sp)           : MemRead :  D=0x7fffffffffffff48 A=0x7ffffffffffffd90
2420500: system.cpu: T0 : 0x37e62    : c_addi16sp sp, 32          : IntAlu :  D=0x7ffffffffffffdb0
2421000: system.cpu: T0 : 0x37e64    : c_jr ra                    : IntAlu : 
2421500: system.cpu: T0 : 0x21cc4    : c_beqz a0, 26              : IntAlu : 
2422000: system.cpu: T0 : 0x21cc6    : c_addi a0, 1               : IntAlu :  D=0x7fffffffffffffe7
2422500: system.cpu: T0 : 0x21cc8    : sd a0, -1824(gp)           : MemWrite :  D=0x7fffffffffffffe7 A=0x70908
2423000: system.cpu: T0 : 0x21ccc    : c_ld a4, 0(s0)             : MemRead :  D=0x7fffffffffffffda A=0x7fffffffffffff38
2424000: system.cpu: T0 : 0x21cce    : sd a4, -1816(gp)           : MemWrite :  D=0x7fffffffffffffda A=0x70910
2424500: system.cpu: T0 : 0x21cd2    : c_ldsp ra, 24(sp)          : MemRead :  D=0x0000000000022da6 A=0x7ffffffffffffdc8
2425000: system.cpu: T0 : 0x21cd4    : c_ldsp s0, 16(sp)          : MemRead :  D=0x0000000000000001 A=0x7ffffffffffffdc0
2425500: system.cpu: T0 : 0x21cd6    : c_ldsp s1, 8(sp)           : MemRead :  D=0x7fffffffffffff38 A=0x7ffffffffffffdb8
2426000: system.cpu: T0 : 0x21cd8    : c_addi16sp sp, 32          : IntAlu :  D=0x7ffffffffffffdd0
2426500: system.cpu: T0 : 0x21cda    : c_jr ra                    : IntAlu : 
2427000: system.cpu: T0 : 0x22da6    : c_ldsp s0, 16(sp)          : MemRead :  D=0x0000000000010998 A=0x7ffffffffffffde0
2427500: system.cpu: T0 : 0x22da8    : c_ldsp ra, 24(sp)          : MemRead :  D=0x000000000001060c A=0x7ffffffffffffde8
2428000: system.cpu: T0 : 0x22daa    : c_ldsp s1, 8(sp)           : MemRead :  D=0x0000000000010a28 A=0x7ffffffffffffdd8
2428500: system.cpu: T0 : 0x22dac    : c_ldsp s2, 0(sp)           : MemRead :  D=0x0000000000000000 A=0x7ffffffffffffdd0
2429000: system.cpu: T0 : 0x22dae    : c_addi16sp sp, 32          : IntAlu :  D=0x7ffffffffffffdf0
2429500: system.cpu: T0 : 0x22db0    : jal zero, 35004            : IntAlu :  D=0x0000000000022db4
2430000: system.cpu: T0 : 0x2b66c    : ld a5, 0(tp)               : MemRead :  D=0x0000000000070678 A=0x72710
2430500: system.cpu: T0 : 0x2b670    : c_ld a5, 0(a5)             : MemRead :  D=0x0000000000051840 A=0x70678
2431000: system.cpu: T0 : 0x2b672    : c_ld a0, 64(a5)            : MemRead :  D=0x0000000000053070 A=0x51880
2431500: system.cpu: T0 : 0x2b674    : c_ld a2, 72(a5)            : MemRead :  D=0x0000000000052670 A=0x51888
2432000: system.cpu: T0 : 0x2b676    : c_ld a4, 88(a5)            : MemRead :  D=0x0000000000052070 A=0x51898
2432500: system.cpu: T0 : 0x2b678    : addi a0, a0, 256           : IntAlu :  D=0x0000000000053170
2433000: system.cpu: T0 : 0x2b67c    : addi a2, a2, 512           : IntAlu :  D=0x0000000000052870
2433500: system.cpu: T0 : 0x2b680    : addi a4, a4, 512           : IntAlu :  D=0x0000000000052270
2434000: system.cpu: T0 : 0x2b684    : sd a0, 80(tp)              : MemWrite :  D=0x0000000000053170 A=0x72760
2434500: system.cpu: T0 : 0x2b688    : sd a2, 72(tp)              : MemWrite :  D=0x0000000000052870 A=0x72758
2435000: system.cpu: T0 : 0x2b68c    : sd a4, 64(tp)              : MemWrite :  D=0x0000000000052270 A=0x72750
2435500: system.cpu: T0 : 0x2b690    : c_jr ra                    : IntAlu : 
2436000: system.cpu: T0 : 0x1060c    : c_beqz s1, 12              : IntAlu : 
2436500: system.cpu: T0 : 0x1060e    : c_li a2, 0                 : IntAlu :  D=0x0000000000000000
2437000: system.cpu: T0 : 0x10610    : c_li a1, 0                 : IntAlu :  D=0x0000000000000000
2437500: system.cpu: T0 : 0x10612    : c_mv a0, s1                : IntAlu :  D=0x0000000000010a28
2438000: system.cpu: T0 : 0x10614    : jal ra, 17626              : IntAlu :  D=0x0000000000010618
2439000: system.cpu: T0 : 0x14aee    : addi a3, gp, -1936         : IntAlu :  D=0x0000000000070898
2439500: system.cpu: T0 : 0x14af2    : c_j -204                   : IntAlu : 
2440000: system.cpu: T0 : 0x14a26    : c_addi16sp sp, -64         : IntAlu :  D=0x7ffffffffffffdb0
2440500: system.cpu: T0 : 0x14a28    : c_sdsp ra, 56(sp)          : MemWrite :  D=0x0000000000010618 A=0x7ffffffffffffde8
2441000: system.cpu: T0 : 0x14a2a    : c_sdsp s0, 48(sp)          : MemWrite :  D=0x0000000000010998 A=0x7ffffffffffffde0
2441500: system.cpu: T0 : 0x14a2c    : c_sdsp s1, 40(sp)          : MemWrite :  D=0x0000000000010a28 A=0x7ffffffffffffdd8
2442000: system.cpu: T0 : 0x14a2e    : c_sdsp s2, 32(sp)          : MemWrite :  D=0x0000000000000000 A=0x7ffffffffffffdd0
2442500: system.cpu: T0 : 0x14a30    : c_sdsp s3, 24(sp)          : MemWrite :  D=0x0000000000000000 A=0x7ffffffffffffdc8
2443000: system.cpu: T0 : 0x14a32    : c_beqz a0, 156             : IntAlu : 
2443500: system.cpu: T0 : 0x14a34    : lui s0, 114                : IntAlu :  D=0x0000000000072000
2444000: system.cpu: T0 : 0x14a38    : c_mv s2, a2                : IntAlu :  D=0x0000000000000000
2444500: system.cpu: T0 : 0x14a3a    : c_mv s1, a0                : IntAlu :  D=0x0000000000010a28
2445000: system.cpu: T0 : 0x14a3c    : c_mv s3, a1                : IntAlu :  D=0x0000000000000000
2445500: system.cpu: T0 : 0x14a3e    : c_li a4, 1                 : IntAlu :  D=0x0000000000000001
2446000: system.cpu: T0 : 0x14a40    : addi a2, s0, -608          : IntAlu :  D=0x0000000000071da0
2446500: system.cpu: T0 : 0x14a44    : lr_w a5, (a2)             
2446500: system.cpu: T0 : 0x14a44. 0 : lr_w a5, (a2)              : MemRead :  D=0x0000000000000000 A=0x71da0
2447000: system.cpu: T0 : 0x14a48    : c_bnez a5, 8               : IntAlu : 
2448000: system.cpu: T0 : 0x14a4a    : sc_w_aq a1, a4, (a2)      
2448000: system.cpu: T0 : 0x14a4a. 0 : sc_w a1, a4, (a2)          : MemWrite :  D=0x0000000000000000 A=0x71da0
2448500: system.cpu: T0 : 0x14a4a. 1 : 0x1ce625af fence           : No_OpClass : 
2449000: system.cpu: T0 : 0x14a4e    : c_bnez a1, -10             : IntAlu : 
2449500: system.cpu: T0 : 0x14a50    : c_addiw a5, 0              : IntAlu :  D=0x0000000000000000
2450000: system.cpu: T0 : 0x14a52    : c_bnez a5, 64              : IntAlu : 
2450500: system.cpu: T0 : 0x14a54    : c_mv a0, a3                : IntAlu :  D=0x0000000000070898
2451500: system.cpu: T0 : 0x14a56    : jal ra, -242               : IntAlu :  D=0x0000000000014a5a
2452000: system.cpu: T0 : 0x14964    : lbu a5, -1476(gp)          : MemRead :  D=0x0000000000000000 A=0x70a64
2452500: system.cpu: T0 : 0x14968    : c_bnez a5, 186             : IntAlu : 
2453000: system.cpu: T0 : 0x1496a    : c_addi sp, -32             : IntAlu :  D=0x7ffffffffffffd90
2453500: system.cpu: T0 : 0x1496c    : c_sdsp s1, 8(sp)           : MemWrite :  D=0x0000000000010a28 A=0x7ffffffffffffd98
2454000: system.cpu: T0 : 0x1496e    : c_ld s1, 0(a0)             : MemRead :  D=0x0000000000071140 A=0x70898
2454500: system.cpu: T0 : 0x14970    : c_sdsp s0, 16(sp)          : MemWrite :  D=0x0000000000072000 A=0x7ffffffffffffda0
2455000: system.cpu: T0 : 0x14972    : c_sdsp ra, 24(sp)          : MemWrite :  D=0x0000000000014a5a A=0x7ffffffffffffda8
2455500: system.cpu: T0 : 0x14974    : c_mv s0, a0                : IntAlu :  D=0x0000000000070898
2456000: system.cpu: T0 : 0x14976    : c_beqz s1, 140             : IntAlu : 
2456500: system.cpu: T0 : 0x14978    : c_mv a1, s1                : IntAlu :  D=0x0000000000071140
2457000: system.cpu: T0 : 0x1497a    : c_li a6, 0                 : IntAlu :  D=0x0000000000000000
2457500: system.cpu: T0 : 0x1497c    : c_ld a4, 8(a1)             : MemRead :  D=0x0000000000000000 A=0x71148
2458500: system.cpu: T0 : 0x1497e    : slli a5, a4, 5             : IntAlu :  D=0x0000000000000000
2459000: system.cpu: T0 : 0x14982    : c_add a5, a1               : IntAlu :  D=0x0000000000071140
2459500: system.cpu: T0 : 0x14984    : c_beqz a4, 18              : IntAlu : 
2460000: system.cpu: T0 : 0x14996    : c_ld a5, 0(a1)             : MemRead :  D=0x0000000000000000 A=0x71140
2460500: system.cpu: T0 : 0x14998    : sd zero, 8(a1)             : MemWrite :  D=0x0000000000000000 A=0x71148
2461000: system.cpu: T0 : 0x1499c    : c_mv a6, a1                : IntAlu :  D=0x0000000000071140
2461500: system.cpu: T0 : 0x1499e    : c_beqz a5, 78              : IntAlu : 
2462000: system.cpu: T0 : 0x149ec    : c_li a5, 1                 : IntAlu :  D=0x0000000000000001
2463000: system.cpu: T0 : 0x149ee    : addi a0, a1, 16            : IntAlu :  D=0x0000000000071150
2463500: system.cpu: T0 : 0x149f2    : c_sd a5, 8(a1)             : MemWrite :  D=0x0000000000000001 A=0x71148
2464000: system.cpu: T0 : 0x149f4    : c_j -60                    : IntAlu : 
2464500: system.cpu: T0 : 0x149b8    : lui a4, 114                : IntAlu :  D=0x0000000000072000
2465000: system.cpu: T0 : 0x149bc    : ld a5, -600(a4)            : MemRead :  D=0x0000000000000000 A=0x71da8
2465500: system.cpu: T0 : 0x149c0    : c_ldsp ra, 24(sp)          : MemRead :  D=0x0000000000014a5a A=0x7ffffffffffffda8
2466000: system.cpu: T0 : 0x149c2    : c_ldsp s0, 16(sp)          : MemRead :  D=0x0000000000072000 A=0x7ffffffffffffda0
2466500: system.cpu: T0 : 0x149c4    : c_li a3, 1                 : IntAlu :  D=0x0000000000000001
2467000: system.cpu: T0 : 0x149c6    : c_sd a3, 0(a0)             : MemWrite :  D=0x0000000000000001 A=0x71150
2467500: system.cpu: T0 : 0x149c8    : c_addi a5, 1               : IntAlu :  D=0x0000000000000001
2468500: system.cpu: T0 : 0x149ca    : sd a5, -600(a4)            : MemWrite :  D=0x0000000000000001 A=0x71da8
2469000: system.cpu: T0 : 0x149ce    : c_ldsp s1, 8(sp)           : MemRead :  D=0x0000000000010a28 A=0x7ffffffffffffd98
2469500: system.cpu: T0 : 0x149d0    : c_addi16sp sp, 32          : IntAlu :  D=0x7ffffffffffffdb0
2470000: system.cpu: T0 : 0x149d2    : c_jr ra                    : IntAlu : 
2470500: system.cpu: T0 : 0x14a5a    : c_beqz a0, 70              : IntAlu : 
2471000: system.cpu: T0 : 0x14a5c    : c_li a5, 4                 : IntAlu :  D=0x0000000000000004
2471500: system.cpu: T0 : 0x14a5e    : c_sd a5, 0(a0)             : MemWrite :  D=0x0000000000000004 A=0x71150
2472000: system.cpu: T0 : 0x14a60    : c_sd s1, 8(a0)             : MemWrite :  D=0x0000000000010a28 A=0x71158
2473000: system.cpu: T0 : 0x14a62    : sd s3, 16(a0)              : MemWrite :  D=0x0000000000000000 A=0x71160
2474000: system.cpu: T0 : 0x14a66    : sd s2, 24(a0)              : MemWrite :  D=0x0000000000000000 A=0x71168
2474500: system.cpu: T0 : 0x14a6a    : c_li a5, 0                 : IntAlu :  D=0x0000000000000000
2475000: system.cpu: T0 : 0x14a6c    : addi a4, s0, -608          : IntAlu :  D=0x0000000000071da0
2475500: system.cpu: T0 : 0x14a70    : fence iorw, ow             : No_OpClass : 
2476000: system.cpu: T0 : 0x14a74    : amoswap_w a5, a5, (a4)    
2476000: system.cpu: T0 : 0x14a74. 0 : amoswap_w[l] a5, a5, (a4)  : MemRead :  D=0x0000000000000001 A=0x71da0
2476500: system.cpu: T0 : 0x14a78    : c_addiw a5, 0              : IntAlu :  D=0x0000000000000001
2477000: system.cpu: T0 : 0x14a7a    : c_li a3, 1                 : IntAlu :  D=0x0000000000000001
2477500: system.cpu: T0 : 0x14a7c    : c_li a4, 0                 : IntAlu :  D=0x0000000000000000
2478500: system.cpu: T0 : 0x14a7e    : blt a3, a5, 58             : IntAlu : 
2479000: system.cpu: T0 : 0x14a82    : c_ldsp ra, 56(sp)          : MemRead :  D=0x0000000000010618 A=0x7ffffffffffffde8
2479500: system.cpu: T0 : 0x14a84    : c_ldsp s0, 48(sp)          : MemRead :  D=0x0000000000010998 A=0x7ffffffffffffde0
2480000: system.cpu: T0 : 0x14a86    : c_ldsp s1, 40(sp)          : MemRead :  D=0x0000000000010a28 A=0x7ffffffffffffdd8
2480500: system.cpu: T0 : 0x14a88    : c_ldsp s2, 32(sp)          : MemRead :  D=0x0000000000000000 A=0x7ffffffffffffdd0
2481000: system.cpu: T0 : 0x14a8a    : c_ldsp s3, 24(sp)          : MemRead :  D=0x0000000000000000 A=0x7ffffffffffffdc8
2481500: system.cpu: T0 : 0x14a8c    : c_mv a0, a4                : IntAlu :  D=0x0000000000000000
2482000: system.cpu: T0 : 0x14a8e    : c_addi16sp sp, 64          : IntAlu :  D=0x7ffffffffffffdf0
2482500: system.cpu: T0 : 0x14a90    : c_jr ra                    : IntAlu : 
2483000: system.cpu: T0 : 0x10618    : lui a5, 111                : IntAlu :  D=0x000000000006f000
2483500: system.cpu: T0 : 0x1061c    : lw a5, -72(a5)             : MemRead :  D=0x0000000000000000 A=0x6efb8
2484000: system.cpu: T0 : 0x10620    : bne a5, zero, 238          : IntAlu : 
2484500: system.cpu: T0 : 0x10624    : c_beqz s0, 12              : IntAlu : 
2485500: system.cpu: T0 : 0x10626    : ld a2, -1360(gp)           : MemRead :  D=0x7fffffffffffff48 A=0x70ad8
2486000: system.cpu: T0 : 0x1062a    : c_ldsp a1, 16(sp)          : MemRead :  D=0x7fffffffffffff38 A=0x7ffffffffffffe00
2486500: system.cpu: T0 : 0x1062c    : c_ldsp a0, 8(sp)           : MemRead :  D=0x0000000000000001 A=0x7ffffffffffffdf8
2487000: system.cpu: T0 : 0x1062e    : c_jalr s0                  : IntAlu :  D=0x0000000000010630
2487500: system.cpu: T0 : 0x10998    : c_addi16sp sp, -64         : IntAlu :  D=0x7ffffffffffffdb0
2488000: system.cpu: T0 : 0x1099a    : c_sdsp s0, 48(sp)          : MemWrite :  D=0x0000000000010998 A=0x7ffffffffffffde0
2488500: system.cpu: T0 : 0x1099c    : c_sdsp s5, 8(sp)           : MemWrite :  D=0x0000000000000000 A=0x7ffffffffffffdb8
2489500: system.cpu: T0 : 0x1099e    : lui s0, 111                : IntAlu :  D=0x000000000006f000
2490500: system.cpu: T0 : 0x109a2    : lui s5, 111                : IntAlu :  D=0x000000000006f000
2491500: system.cpu: T0 : 0x109a6    : addi a5, s0, -1296         : IntAlu :  D=0x000000000006eaf0
2492500: system.cpu: T0 : 0x109aa    : addi s5, s5, -1288         : IntAlu :  D=0x000000000006eaf8
2493500: system.cpu: T0 : 0x109ae    : sub s5, s5, a5             : IntAlu :  D=0x0000000000000008
2494000: system.cpu: T0 : 0x109b2    : c_sdsp s2, 32(sp)          : MemWrite :  D=0x0000000000000000 A=0x7ffffffffffffdd0
2494500: system.cpu: T0 : 0x109b4    : c_sdsp s3, 24(sp)          : MemWrite :  D=0x0000000000000000 A=0x7ffffffffffffdc8
2495000: system.cpu: T0 : 0x109b6    : c_sdsp s4, 16(sp)          : MemWrite :  D=0x0000000000000000 A=0x7ffffffffffffdc0
2495500: system.cpu: T0 : 0x109b8    : c_sdsp ra, 56(sp)          : MemWrite :  D=0x0000000000010630 A=0x7ffffffffffffde8
2496000: system.cpu: T0 : 0x109ba    : c_sdsp s1, 40(sp)          : MemWrite :  D=0x0000000000010a28 A=0x7ffffffffffffdd8
2496500: system.cpu: T0 : 0x109bc    : srai s5, s5, 3             : IntAlu :  D=0x0000000000000001
2497000: system.cpu: T0 : 0x109c0    : c_mv s2, a0                : IntAlu :  D=0x0000000000000001
2497500: system.cpu: T0 : 0x109c2    : c_mv s3, a1                : IntAlu :  D=0x7fffffffffffff38
2498000: system.cpu: T0 : 0x109c4    : c_mv s4, a2                : IntAlu :  D=0x7fffffffffffff48
2499000: system.cpu: T0 : 0x109c6    : beq s5, zero, 28           : IntAlu : 
2500000: system.cpu: T0 : 0x109ca    : addi s0, s0, -1296         : IntAlu :  D=0x000000000006eaf0
2500500: system.cpu: T0 : 0x109ce    : c_li s1, 0                 : IntAlu :  D=0x0000000000000000
2501000: system.cpu: T0 : 0x109d0    : c_ld a5, 0(s0)             : MemRead :  D=0x0000000000010376 A=0x6eaf0
2501500: system.cpu: T0 : 0x109d2    : c_mv a2, s4                : IntAlu :  D=0x7fffffffffffff48
2502000: system.cpu: T0 : 0x109d4    : c_mv a1, s3                : IntAlu :  D=0x7fffffffffffff38
2502500: system.cpu: T0 : 0x109d6    : c_mv a0, s2                : IntAlu :  D=0x0000000000000001
2503000: system.cpu: T0 : 0x109d8    : c_addi s1, 1               : IntAlu :  D=0x0000000000000001
2503500: system.cpu: T0 : 0x109da    : c_jalr a5                  : IntAlu :  D=0x00000000000109dc
2504500: system.cpu: T0 : 0x10376    : auipc gp, 97               : IntAlu :  D=0x0000000000071376
2505500: system.cpu: T0 : 0x1037a    : addi gp, gp, -846          : IntAlu :  D=0x0000000000071028
2506000: system.cpu: T0 : 0x1037e    : c_jr ra                    : IntAlu : 
2506500: system.cpu: T0 : 0x109dc    : c_addi s0, 8               : IntAlu :  D=0x000000000006eaf8
2507500: system.cpu: T0 : 0x109de    : bne s5, s1, -14            : IntAlu : 
2508500: system.cpu: T0 : 0x109e2    : lui s0, 111                : IntAlu :  D=0x000000000006f000
2509500: system.cpu: T0 : 0x109e6    : lui s5, 111                : IntAlu :  D=0x000000000006f000
2510500: system.cpu: T0 : 0x109ea    : addi a5, s0, -1288         : IntAlu :  D=0x000000000006eaf8
2511500: system.cpu: T0 : 0x109ee    : addi s5, s5, -1280         : IntAlu :  D=0x000000000006eb00
2512500: system.cpu: T0 : 0x109f2    : sub s5, s5, a5             : IntAlu :  D=0x0000000000000008
2513500: system.cpu: T0 : 0x109f6    : srai s5, s5, 3             : IntAlu :  D=0x0000000000000001
2514500: system.cpu: T0 : 0x109fa    : beq s5, zero, 28           : IntAlu : 
2515500: system.cpu: T0 : 0x109fe    : addi s0, s0, -1288         : IntAlu :  D=0x000000000006eaf8
2516000: system.cpu: T0 : 0x10a02    : c_li s1, 0                 : IntAlu :  D=0x0000000000000000
2516500: system.cpu: T0 : 0x10a04    : c_ld a5, 0(s0)             : MemRead :  D=0x000000000001040a A=0x6eaf8
2517000: system.cpu: T0 : 0x10a06    : c_mv a2, s4                : IntAlu :  D=0x7fffffffffffff48
2517500: system.cpu: T0 : 0x10a08    : c_mv a1, s3                : IntAlu :  D=0x7fffffffffffff38
2518000: system.cpu: T0 : 0x10a0a    : c_mv a0, s2                : IntAlu :  D=0x0000000000000001
2518500: system.cpu: T0 : 0x10a0c    : c_addi s1, 1               : IntAlu :  D=0x0000000000000001
2519000: system.cpu: T0 : 0x10a0e    : c_jalr a5                  : IntAlu :  D=0x0000000000010a10
2520000: system.cpu: T0 : 0x1040a    : lui a5, 76                 : IntAlu :  D=0x000000000004c000
2521000: system.cpu: T0 : 0x1040e    : addi a5, a5, 1128          : IntAlu :  D=0x000000000004c468
2521500: system.cpu: T0 : 0x10412    : c_beqz a5, 28              : IntAlu : 
2522000: system.cpu: T0 : 0x10414    : lui a0, 106                : IntAlu :  D=0x000000000006a000
2522500: system.cpu: T0 : 0x10418    : c_addi sp, -16             : IntAlu :  D=0x7ffffffffffffda0
2523500: system.cpu: T0 : 0x1041a    : addi a1, gp, -1008         : IntAlu :  D=0x0000000000070c38
2524500: system.cpu: T0 : 0x1041e    : addi a0, a0, 384           : IntAlu :  D=0x000000000006a180
2525000: system.cpu: T0 : 0x10422    : c_sdsp ra, 8(sp)           : MemWrite :  D=0x0000000000010a10 A=0x7ffffffffffffda8
2525500: system.cpu: T0 : 0x10424    : jal ra, 245828             : IntAlu :  D=0x0000000000010428
2526000: system.cpu: T0 : 0x4c468    : c_beqz a0, 12              : IntAlu : 
2526500: system.cpu: T0 : 0x4c46a    : c_lw a5, 0(a0)             : MemRead :  D=0x000000000000001c A=0x6a180
2527000: system.cpu: T0 : 0x4c46c    : c_beqz a5, 8               : IntAlu : 
2527500: system.cpu: T0 : 0x4c46e    : c_li a3, 0                 : IntAlu :  D=0x0000000000000000
2528000: system.cpu: T0 : 0x4c470    : c_li a2, 0                 : IntAlu :  D=0x0000000000000000
2528500: system.cpu: T0 : 0x4c472    : c_j -144                   : IntAlu : 
2529000: system.cpu: T0 : 0x4c3e2    : c_li a5, -1                : IntAlu :  D=0xffffffffffffffff
2529500: system.cpu: T0 : 0x4c3e4    : c_addi sp, -32             : IntAlu :  D=0x7ffffffffffffd80
2530000: system.cpu: T0 : 0x4c3e6    : c_sd a5, 0(a1)             : MemWrite :  D=0xffffffffffffffff A=0x70c38
2530500: system.cpu: T0 : 0x4c3e8    : addi a5, zero, 2040        : IntAlu :  D=0x00000000000007f8
2531000: system.cpu: T0 : 0x4c3ec    : c_sdsp s0, 16(sp)          : MemWrite :  D=0x000000000006eaf8 A=0x7ffffffffffffd90
2531500: system.cpu: T0 : 0x4c3ee    : c_sdsp s1, 8(sp)           : MemWrite :  D=0x0000000000000001 A=0x7ffffffffffffd88
2532000: system.cpu: T0 : 0x4c3f0    : c_sdsp ra, 24(sp)          : MemWrite :  D=0x0000000000010428 A=0x7ffffffffffffd98
2532500: system.cpu: T0 : 0x4c3f2    : c_sd a2, 8(a1)             : MemWrite :  D=0x0000000000000000 A=0x70c40
2533000: system.cpu: T0 : 0x4c3f4    : c_sd a3, 16(a1)            : MemWrite :  D=0x0000000000000000 A=0x70c48
2533500: system.cpu: T0 : 0x4c3f6    : c_sd a0, 24(a1)            : MemWrite :  D=0x000000000006a180 A=0x70c50
2534000: system.cpu: T0 : 0x4c3f8    : c_sd a5, 32(a1)            : MemWrite :  D=0x00000000000007f8 A=0x70c58
2535000: system.cpu: T0 : 0x4c3fa    : auipc s1, 36               : IntAlu :  D=0x00000000000703fa
2536000: system.cpu: T0 : 0x4c3fe    : ld s1, 1038(s1)            : MemRead :  D=0x0000000000000000 A=0x70808
2536500: system.cpu: T0 : 0x4c402    : c_mv s0, a1                : IntAlu :  D=0x0000000000070c38
2537000: system.cpu: T0 : 0x4c404    : c_beqz s1, 20              : IntAlu : 
2537500: system.cpu: T0 : 0x4c418    : addi a5, gp, 1880          : IntAlu :  D=0x0000000000071780
2538000: system.cpu: T0 : 0x4c41c    : ld a3, 448(a5)             : MemRead :  D=0x0000000000000000 A=0x71940
2538500: system.cpu: T0 : 0x4c420    : lw a4, 456(a5)             : MemRead :  D=0x0000000000000000 A=0x71948
2539000: system.cpu: T0 : 0x4c424    : sd s0, 448(a5)             : MemWrite :  D=0x0000000000070c38 A=0x71940
2539500: system.cpu: T0 : 0x4c428    : c_sd a3, 40(s0)            : MemWrite :  D=0x0000000000000000 A=0x70c60
2540000: system.cpu: T0 : 0x4c42a    : c_beqz a4, 30              : IntAlu : 
2540500: system.cpu: T0 : 0x4c448    : c_li a4, 1                 : IntAlu :  D=0x0000000000000001
2541500: system.cpu: T0 : 0x4c44a    : addi a5, a5, 456           : IntAlu :  D=0x0000000000071948
2542500: system.cpu: T0 : 0x4c44e    : amoswap_w zero, a4, (a5)  
2542500: system.cpu: T0 : 0x4c44e. 0 : amoswap_w[l] zero, a4, (a5) : MemRead :  D=0x0000000000000000 A=0x71948
2543000: system.cpu: T0 : 0x4c452    : c_bnez s1, -36             : IntAlu : 
2543500: system.cpu: T0 : 0x4c454    : c_ldsp ra, 24(sp)          : MemRead :  D=0x0000000000010428 A=0x7ffffffffffffd98
2544000: system.cpu: T0 : 0x4c456    : c_ldsp s0, 16(sp)          : MemRead :  D=0x000000000006eaf8 A=0x7ffffffffffffd90
2544500: system.cpu: T0 : 0x4c458    : c_ldsp s1, 8(sp)           : MemRead :  D=0x0000000000000001 A=0x7ffffffffffffd88
2545000: system.cpu: T0 : 0x4c45a    : c_addi16sp sp, 32          : IntAlu :  D=0x7ffffffffffffda0
2545500: system.cpu: T0 : 0x4c45c    : c_jr ra                    : IntAlu : 
2546000: system.cpu: T0 : 0x10428    : c_ldsp ra, 8(sp)           : MemRead :  D=0x0000000000010a10 A=0x7ffffffffffffda8
2546500: system.cpu: T0 : 0x1042a    : c_addi sp, 16              : IntAlu :  D=0x7ffffffffffffdb0
2547000: system.cpu: T0 : 0x1042c    : c_j -134                   : IntAlu : 
2548000: system.cpu: T0 : 0x103a6    : lui a0, 112                : IntAlu :  D=0x0000000000070000
2549000: system.cpu: T0 : 0x103aa    : addi a1, a0, 2032          : IntAlu :  D=0x00000000000707f0
2550000: system.cpu: T0 : 0x103ae    : lui a5, 112                : IntAlu :  D=0x0000000000070000
2551000: system.cpu: T0 : 0x103b2    : addi a5, a5, 2032          : IntAlu :  D=0x00000000000707f0
2551500: system.cpu: T0 : 0x103b6    : c_sub a5, a1               : IntAlu :  D=0x0000000000000000
2552000: system.cpu: T0 : 0x103b8    : srai a4, a5, 3             : IntAlu :  D=0x0000000000000000
2552500: system.cpu: T0 : 0x103bc    : srli a1, a5, 63            : IntAlu :  D=0x0000000000000000
2553000: system.cpu: T0 : 0x103c0    : c_add a1, a4               : IntAlu :  D=0x0000000000000000
2553500: system.cpu: T0 : 0x103c2    : c_srai a1, 1               : IntAlu :  D=0x0000000000000000
2554000: system.cpu: T0 : 0x103c4    : c_beqz a1, 16              : IntAlu : 
2554500: system.cpu: T0 : 0x103d4    : c_jr ra                    : IntAlu : 
2555000: system.cpu: T0 : 0x10a10    : c_addi s0, 8               : IntAlu :  D=0x000000000006eb00
2556000: system.cpu: T0 : 0x10a12    : bne s5, s1, -14            : IntAlu : 
2556500: system.cpu: T0 : 0x10a16    : c_ldsp ra, 56(sp)          : MemRead :  D=0x0000000000010630 A=0x7ffffffffffffde8
2557000: system.cpu: T0 : 0x10a18    : c_ldsp s0, 48(sp)          : MemRead :  D=0x0000000000010998 A=0x7ffffffffffffde0
2557500: system.cpu: T0 : 0x10a1a    : c_ldsp s1, 40(sp)          : MemRead :  D=0x0000000000010a28 A=0x7ffffffffffffdd8
2558000: system.cpu: T0 : 0x10a1c    : c_ldsp s2, 32(sp)          : MemRead :  D=0x0000000000000000 A=0x7ffffffffffffdd0
2558500: system.cpu: T0 : 0x10a1e    : c_ldsp s3, 24(sp)          : MemRead :  D=0x0000000000000000 A=0x7ffffffffffffdc8
2559000: system.cpu: T0 : 0x10a20    : c_ldsp s4, 16(sp)          : MemRead :  D=0x0000000000000000 A=0x7ffffffffffffdc0
2559500: system.cpu: T0 : 0x10a22    : c_ldsp s5, 8(sp)           : MemRead :  D=0x0000000000000000 A=0x7ffffffffffffdb8
2560000: system.cpu: T0 : 0x10a24    : c_addi16sp sp, 64          : IntAlu :  D=0x7ffffffffffffdf0
2560500: system.cpu: T0 : 0x10a26    : c_jr ra                    : IntAlu : 
2561000: system.cpu: T0 : 0x10630    : c_li a1, 0                 : IntAlu :  D=0x0000000000000000
2561500: system.cpu: T0 : 0x10632    : c_li a0, 0                 : IntAlu :  D=0x0000000000000000
2562000: system.cpu: T0 : 0x10634    : jal ra, 71438              : IntAlu :  D=0x0000000000010638
2562500: system.cpu: T0 : 0x21d42    : c_mv a4, a0                : IntAlu :  D=0x0000000000000000
2563000: system.cpu: T0 : 0x21d44    : c_beqz a1, 70              : IntAlu : 
2564000: system.cpu: T0 : 0x21d8a    : lui a5, 114                : IntAlu :  D=0x0000000000072000
2565000: system.cpu: T0 : 0x21d8e    : addi a0, a5, -592          : IntAlu :  D=0x0000000000071db0
2565500: system.cpu: T0 : 0x21d92    : c_ld a5, 8(a0)             : MemRead :  D=0x0000000000000000 A=0x71db8
2566000: system.cpu: T0 : 0x21d94    : c_bnez a5, -52             : IntAlu : 
2566500: system.cpu: T0 : 0x21d96    : c_li a5, 1                 : IntAlu :  D=0x0000000000000001
2567000: system.cpu: T0 : 0x21d98    : c_sw a5, 0(a0)             : MemWrite :  D=0x0000000000000001 A=0x71db0
2567500: system.cpu: T0 : 0x21d9a    : c_bnez a4, -52             : IntAlu : 
2568000: system.cpu: T0 : 0x21d9c    : lui a5, 114                : IntAlu :  D=0x0000000000072000
2568500: system.cpu: T0 : 0x21da0    : ld a4, -560(a5)            : MemRead :  D=0x0000000000000000 A=0x71dd0
2569000: system.cpu: T0 : 0x21da4    : c_j -62                    : IntAlu : 
2570000: system.cpu: T0 : 0x21d66    : slli a5, a1, 3             : IntAlu :  D=0x0000000000000000
2570500: system.cpu: T0 : 0x21d6a    : c_add a5, a1               : IntAlu :  D=0x0000000000000000
2571000: system.cpu: T0 : 0x21d6c    : lui a1, 112                : IntAlu :  D=0x0000000000070000
2571500: system.cpu: T0 : 0x21d70    : c_slli a5, 4               : IntAlu :  D=0x0000000000000000
2572500: system.cpu: T0 : 0x21d72    : addi a1, a1, 816           : IntAlu :  D=0x0000000000070330
2573000: system.cpu: T0 : 0x21d76    : c_add a1, a5               : IntAlu :  D=0x0000000000070330
2573500: system.cpu: T0 : 0x21d78    : c_ld a5, 0(a1)             : MemRead :  D=0x000000000006fe60 A=0x70330
2574000: system.cpu: T0 : 0x21d7a    : c_sd a4, 32(a0)            : MemWrite :  D=0x0000000000000000 A=0x71dd0
2574500: system.cpu: T0 : 0x21d7c    : c_sd a5, 8(a0)             : MemWrite :  D=0x000000000006fe60 A=0x71db8
2575500: system.cpu: T0 : 0x21d7e    : lui a5, 34                 : IntAlu :  D=0x0000000000022000
2576500: system.cpu: T0 : 0x21d82    : addi a5, a5, -704          : IntAlu :  D=0x0000000000021d40
2577000: system.cpu: T0 : 0x21d86    : c_sd a5, 16(a0)            : MemWrite :  D=0x0000000000021d40 A=0x71dc0
2577500: system.cpu: T0 : 0x21d88    : c_jr ra                    : IntAlu : 
2578000: system.cpu: T0 : 0x10638    : c_addi4spn a0, sp, 40      : IntAlu :  D=0x7ffffffffffffe18
2579000: system.cpu: T0 : 0x1063a    : jal ra, 14938              : IntAlu :  D=0x000000000001063e
2579500: system.cpu: T0 : 0x14094    : c_li a1, 0                 : IntAlu :  D=0x0000000000000000
2580000: system.cpu: T0 : 0x14096    : c_j 6                      : IntAlu : 
2580500: system.cpu: T0 : 0x1409c    : sd ra, 0(a0)               : MemWrite :  D=0x000000000001063e A=0x7ffffffffffffe18
2581000: system.cpu: T0 : 0x140a0    : c_sd s0, 8(a0)             : MemWrite :  D=0x0000000000010998 A=0x7ffffffffffffe20
2581500: system.cpu: T0 : 0x140a2    : c_sd s1, 16(a0)            : MemWrite :  D=0x0000000000010a28 A=0x7ffffffffffffe28
2582000: system.cpu: T0 : 0x140a4    : sd s2, 24(a0)              : MemWrite :  D=0x0000000000000000 A=0x7ffffffffffffe30
2582500: system.cpu: T0 : 0x140a8    : sd s3, 32(a0)              : MemWrite :  D=0x0000000000000000 A=0x7ffffffffffffe38
2583000: system.cpu: T0 : 0x140ac    : sd s4, 40(a0)              : MemWrite :  D=0x0000000000000000 A=0x7ffffffffffffe40
2583500: system.cpu: T0 : 0x140b0    : sd s5, 48(a0)              : MemWrite :  D=0x0000000000000000 A=0x7ffffffffffffe48
2584000: system.cpu: T0 : 0x140b4    : sd s6, 56(a0)              : MemWrite :  D=0x0000000000000000 A=0x7ffffffffffffe50
2584500: system.cpu: T0 : 0x140b8    : sd s7, 64(a0)              : MemWrite :  D=0x0000000000000000 A=0x7ffffffffffffe58
2585000: system.cpu: T0 : 0x140bc    : sd s8, 72(a0)              : MemWrite :  D=0x0000000000000000 A=0x7ffffffffffffe60
2585500: system.cpu: T0 : 0x140c0    : sd s9, 80(a0)              : MemWrite :  D=0x0000000000000000 A=0x7ffffffffffffe68
2586000: system.cpu: T0 : 0x140c4    : sd s10, 88(a0)             : MemWrite :  D=0x0000000000000000 A=0x7ffffffffffffe70
2586500: system.cpu: T0 : 0x140c8    : sd s11, 96(a0)             : MemWrite :  D=0x0000000000000000 A=0x7ffffffffffffe78
2587000: system.cpu: T0 : 0x140cc    : sd sp, 104(a0)             : MemWrite :  D=0x7ffffffffffffdf0 A=0x7ffffffffffffe80
2587500: system.cpu: T0 : 0x140d0    : c_fsd fs0, 112(a0)         : FloatMemWrite :  D=0x0000000000000000 A=0x7ffffffffffffe88
2588000: system.cpu: T0 : 0x140d2    : c_fsd fs1, 120(a0)         : FloatMemWrite :  D=0x0000000000000000 A=0x7ffffffffffffe90
2588500: system.cpu: T0 : 0x140d4    : fsd fs2, 128(a0)           : FloatMemWrite :  D=0x0000000000000000 A=0x7ffffffffffffe98
2589000: system.cpu: T0 : 0x140d8    : fsd fs3, 136(a0)           : FloatMemWrite :  D=0x0000000000000000 A=0x7ffffffffffffea0
2589500: system.cpu: T0 : 0x140dc    : fsd fs4, 144(a0)           : FloatMemWrite :  D=0x0000000000000000 A=0x7ffffffffffffea8
2590000: system.cpu: T0 : 0x140e0    : fsd fs5, 152(a0)           : FloatMemWrite :  D=0x0000000000000000 A=0x7ffffffffffffeb0
2590500: system.cpu: T0 : 0x140e4    : fsd fs6, 160(a0)           : FloatMemWrite :  D=0x0000000000000000 A=0x7ffffffffffffeb8
2591000: system.cpu: T0 : 0x140e8    : fsd fs7, 168(a0)           : FloatMemWrite :  D=0x0000000000000000 A=0x7ffffffffffffec0
2591500: system.cpu: T0 : 0x140ec    : fsd fs8, 176(a0)           : FloatMemWrite :  D=0x0000000000000000 A=0x7ffffffffffffec8
2592000: system.cpu: T0 : 0x140f0    : fsd fs9, 184(a0)           : FloatMemWrite :  D=0x0000000000000000 A=0x7ffffffffffffed0
2592500: system.cpu: T0 : 0x140f4    : fsd fs10, 192(a0)          : FloatMemWrite :  D=0x0000000000000000 A=0x7ffffffffffffed8
2593000: system.cpu: T0 : 0x140f8    : fsd fs11, 200(a0)          : FloatMemWrite :  D=0x0000000000000000 A=0x7ffffffffffffee0
2593500: system.cpu: T0 : 0x140fc    : jal zero, 4                : IntAlu :  D=0x0000000000014100
2594000: system.cpu: T0 : 0x14100    : c_addi sp, -16             : IntAlu :  D=0x7ffffffffffffde0
2594500: system.cpu: T0 : 0x14102    : c_sdsp s0, 0(sp)           : MemWrite :  D=0x0000000000010998 A=0x7ffffffffffffde0
2595000: system.cpu: T0 : 0x14104    : c_sdsp ra, 8(sp)           : MemWrite :  D=0x000000000001063e A=0x7ffffffffffffde8
2595500: system.cpu: T0 : 0x14106    : c_mv s0, a0                : IntAlu :  D=0x7ffffffffffffe18
2596000: system.cpu: T0 : 0x14108    : c_bnez a1, 16              : IntAlu : 
2596500: system.cpu: T0 : 0x1410a    : c_ldsp ra, 8(sp)           : MemRead :  D=0x000000000001063e A=0x7ffffffffffffde8
2597000: system.cpu: T0 : 0x1410c    : sw a1, 208(s0)             : MemWrite :  D=0x0000000000000000 A=0x7ffffffffffffee8
2597500: system.cpu: T0 : 0x14110    : c_ldsp s0, 0(sp)           : MemRead :  D=0x0000000000010998 A=0x7ffffffffffffde0
2598000: system.cpu: T0 : 0x14112    : c_li a0, 0                 : IntAlu :  D=0x0000000000000000
2598500: system.cpu: T0 : 0x14114    : c_addi sp, 16              : IntAlu :  D=0x7ffffffffffffdf0
2599000: system.cpu: T0 : 0x14116    : c_jr ra                    : IntAlu : 
2599500: system.cpu: T0 : 0x1063e    : c_bnez a0, 166             : IntAlu : 
2600000: system.cpu: T0 : 0x10640    : ld a3, -1552(tp)           : MemRead :  D=0x0000000000000000 A=0x72100
2600500: system.cpu: T0 : 0x10644    : ld a4, -1560(tp)           : MemRead :  D=0x0000000000000000 A=0x720f8
2601000: system.cpu: T0 : 0x10648    : ld a2, -1360(gp)           : MemRead :  D=0x7fffffffffffff48 A=0x70ad8
2601500: system.cpu: T0 : 0x1064c    : c_ldsp a1, 16(sp)          : MemRead :  D=0x7fffffffffffff38 A=0x7ffffffffffffe00
2602000: system.cpu: T0 : 0x1064e    : c_ldsp a0, 8(sp)           : MemRead :  D=0x0000000000000001 A=0x7ffffffffffffdf8
2602500: system.cpu: T0 : 0x10650    : c_ldsp a5, 24(sp)          : MemRead :  D=0x0000000000010482 A=0x7ffffffffffffe08
2603000: system.cpu: T0 : 0x10652    : c_sdsp a4, 264(sp)         : MemWrite :  D=0x0000000000000000 A=0x7ffffffffffffef8
2603500: system.cpu: T0 : 0x10654    : c_sdsp a3, 256(sp)         : MemWrite :  D=0x0000000000000000 A=0x7ffffffffffffef0
2604000: system.cpu: T0 : 0x10656    : c_addi4spn a4, sp, 40      : IntAlu :  D=0x7ffffffffffffe18
2604500: system.cpu: T0 : 0x10658    : sd a4, -1552(tp)           : MemWrite :  D=0x7ffffffffffffe18 A=0x72100
2605000: system.cpu: T0 : 0x1065c    : c_jalr a5                  : IntAlu :  D=0x000000000001065e
2605500: system.cpu: T0 : 0x10482    : c_addi sp, -32             : IntAlu :  D=0x7ffffffffffffdd0
2606000: system.cpu: T0 : 0x10484    : c_sdsp ra, 24(sp)          : MemWrite :  D=0x000000000001065e A=0x7ffffffffffffde8
2606500: system.cpu: T0 : 0x10486    : c_sdsp s0, 16(sp)          : MemWrite :  D=0x0000000000010998 A=0x7ffffffffffffde0
2607000: system.cpu: T0 : 0x10488    : c_addi4spn s0, sp, 32      : IntAlu :  D=0x7ffffffffffffdf0
2607500: system.cpu: T0 : 0x1048a    : c_li a1, 7                 : IntAlu :  D=0x0000000000000007
2608000: system.cpu: T0 : 0x1048c    : c_li a0, 5                 : IntAlu :  D=0x0000000000000005
2609000: system.cpu: T0 : 0x1048e    : jal ra, -94                : IntAlu :  D=0x0000000000010492
2609500: system.cpu: T0 : 0x10430    : c_addi16sp sp, -48         : IntAlu :  D=0x7ffffffffffffda0
2610000: system.cpu: T0 : 0x10432    : c_sdsp s0, 40(sp)          : MemWrite :  D=0x7ffffffffffffdf0 A=0x7ffffffffffffdc8
2610500: system.cpu: T0 : 0x10434    : c_addi4spn s0, sp, 48      : IntAlu :  D=0x7ffffffffffffdd0
2611000: system.cpu: T0 : 0x10436    : c_mv a5, a0                : IntAlu :  D=0x0000000000000005
2611500: system.cpu: T0 : 0x10438    : c_mv a4, a1                : IntAlu :  D=0x0000000000000007
2612500: system.cpu: T0 : 0x1043a    : sw a5, -36(s0)             : MemWrite :  D=0x0000000000000005 A=0x7ffffffffffffdac
2613000: system.cpu: T0 : 0x1043e    : c_mv a5, a4                : IntAlu :  D=0x0000000000000007
2613500: system.cpu: T0 : 0x10440    : sw a5, -40(s0)             : MemWrite :  D=0x0000000000000007 A=0x7ffffffffffffda8
2614000: system.cpu: T0 : 0x10444    : lw a5, -36(s0)             : MemRead :  D=0x0000000000000005 A=0x7ffffffffffffdac
2614500: system.cpu: T0 : 0x10448    : addiw a4, a5, 0            : IntAlu :  D=0x0000000000000005
2615000: system.cpu: T0 : 0x1044c    : c_li a5, 7                 : IntAlu :  D=0x0000000000000007
2616000: system.cpu: T0 : 0x1044e    : bge a5, a4, 24             : IntAlu : 
2617000: system.cpu: T0 : 0x10466    : lw a4, -36(s0)             : MemRead :  D=0x0000000000000005 A=0x7ffffffffffffdac
2618000: system.cpu: T0 : 0x1046a    : lw a5, -40(s0)             : MemRead :  D=0x0000000000000007 A=0x7ffffffffffffda8
2619000: system.cpu: T0 : 0x1046e    : mulw a5, a4, a5            : IntMult :  D=0x0000000000000023
2620000: system.cpu: T0 : 0x10472    : sw a5, -20(s0)             : MemWrite :  D=0x0000000000000023 A=0x7ffffffffffffdbc
2621000: system.cpu: T0 : 0x10476    : lw a5, -20(s0)             : MemRead :  D=0x0000000000000023 A=0x7ffffffffffffdbc
2621500: system.cpu: T0 : 0x1047a    : c_mv a0, a5                : IntAlu :  D=0x0000000000000023
2622000: system.cpu: T0 : 0x1047c    : c_ldsp s0, 40(sp)          : MemRead :  D=0x7ffffffffffffdf0 A=0x7ffffffffffffdc8
2622500: system.cpu: T0 : 0x1047e    : c_addi16sp sp, 48          : IntAlu :  D=0x7ffffffffffffdd0
2623000: system.cpu: T0 : 0x10480    : c_jr ra                    : IntAlu : 
2623500: system.cpu: T0 : 0x10492    : c_mv a5, a0                : IntAlu :  D=0x0000000000000023
2624000: system.cpu: T0 : 0x10494    : sw a5, -24(s0)             : MemWrite :  D=0x0000000000000023 A=0x7ffffffffffffdd8
2624500: system.cpu: T0 : 0x10498    : sw zero, -20(s0)           : MemWrite :  D=0x0000000000000000 A=0x7ffffffffffffddc
2625000: system.cpu: T0 : 0x1049c    : c_j 22                     : IntAlu : 
2626000: system.cpu: T0 : 0x104b2    : lw a5, -20(s0)             : MemRead :  D=0x0000000000000000 A=0x7ffffffffffffddc
2627000: system.cpu: T0 : 0x104b6    : addiw a4, a5, 0            : IntAlu :  D=0x0000000000000000
2627500: system.cpu: T0 : 0x104ba    : c_li a5, 4                 : IntAlu :  D=0x0000000000000004
2628000: system.cpu: T0 : 0x104bc    : bge a5, a4, -30            : IntAlu : 
2629000: system.cpu: T0 : 0x1049e    : lw a5, -24(s0)             : MemRead :  D=0x0000000000000023 A=0x7ffffffffffffdd8
2629500: system.cpu: T0 : 0x104a2    : c_addiw a5, 1              : IntAlu :  D=0x0000000000000024
2630000: system.cpu: T0 : 0x104a4    : sw a5, -24(s0)             : MemWrite :  D=0x0000000000000024 A=0x7ffffffffffffdd8
2630500: system.cpu: T0 : 0x104a8    : lw a5, -20(s0)             : MemRead :  D=0x0000000000000000 A=0x7ffffffffffffddc
2631000: system.cpu: T0 : 0x104ac    : c_addiw a5, 1              : IntAlu :  D=0x0000000000000001
2632000: system.cpu: T0 : 0x104ae    : sw a5, -20(s0)             : MemWrite :  D=0x0000000000000001 A=0x7ffffffffffffddc
2633000: system.cpu: T0 : 0x104b2    : lw a5, -20(s0)             : MemRead :  D=0x0000000000000001 A=0x7ffffffffffffddc
2634000: system.cpu: T0 : 0x104b6    : addiw a4, a5, 0            : IntAlu :  D=0x0000000000000001
2634500: system.cpu: T0 : 0x104ba    : c_li a5, 4                 : IntAlu :  D=0x0000000000000004
2635000: system.cpu: T0 : 0x104bc    : bge a5, a4, -30            : IntAlu : 
2636000: system.cpu: T0 : 0x1049e    : lw a5, -24(s0)             : MemRead :  D=0x0000000000000024 A=0x7ffffffffffffdd8
2636500: system.cpu: T0 : 0x104a2    : c_addiw a5, 1              : IntAlu :  D=0x0000000000000025
2637000: system.cpu: T0 : 0x104a4    : sw a5, -24(s0)             : MemWrite :  D=0x0000000000000025 A=0x7ffffffffffffdd8
2637500: system.cpu: T0 : 0x104a8    : lw a5, -20(s0)             : MemRead :  D=0x0000000000000001 A=0x7ffffffffffffddc
2638000: system.cpu: T0 : 0x104ac    : c_addiw a5, 1              : IntAlu :  D=0x0000000000000002
2639000: system.cpu: T0 : 0x104ae    : sw a5, -20(s0)             : MemWrite :  D=0x0000000000000002 A=0x7ffffffffffffddc
2640000: system.cpu: T0 : 0x104b2    : lw a5, -20(s0)             : MemRead :  D=0x0000000000000002 A=0x7ffffffffffffddc
2641000: system.cpu: T0 : 0x104b6    : addiw a4, a5, 0            : IntAlu :  D=0x0000000000000002
2641500: system.cpu: T0 : 0x104ba    : c_li a5, 4                 : IntAlu :  D=0x0000000000000004
2642000: system.cpu: T0 : 0x104bc    : bge a5, a4, -30            : IntAlu : 
2643000: system.cpu: T0 : 0x1049e    : lw a5, -24(s0)             : MemRead :  D=0x0000000000000025 A=0x7ffffffffffffdd8
2643500: system.cpu: T0 : 0x104a2    : c_addiw a5, 1              : IntAlu :  D=0x0000000000000026
2644000: system.cpu: T0 : 0x104a4    : sw a5, -24(s0)             : MemWrite :  D=0x0000000000000026 A=0x7ffffffffffffdd8
2644500: system.cpu: T0 : 0x104a8    : lw a5, -20(s0)             : MemRead :  D=0x0000000000000002 A=0x7ffffffffffffddc
2645000: system.cpu: T0 : 0x104ac    : c_addiw a5, 1              : IntAlu :  D=0x0000000000000003
2646000: system.cpu: T0 : 0x104ae    : sw a5, -20(s0)             : MemWrite :  D=0x0000000000000003 A=0x7ffffffffffffddc
2647000: system.cpu: T0 : 0x104b2    : lw a5, -20(s0)             : MemRead :  D=0x0000000000000003 A=0x7ffffffffffffddc
2648000: system.cpu: T0 : 0x104b6    : addiw a4, a5, 0            : IntAlu :  D=0x0000000000000003
2648500: system.cpu: T0 : 0x104ba    : c_li a5, 4                 : IntAlu :  D=0x0000000000000004
2649000: system.cpu: T0 : 0x104bc    : bge a5, a4, -30            : IntAlu : 
2650000: system.cpu: T0 : 0x1049e    : lw a5, -24(s0)             : MemRead :  D=0x0000000000000026 A=0x7ffffffffffffdd8
2650500: system.cpu: T0 : 0x104a2    : c_addiw a5, 1              : IntAlu :  D=0x0000000000000027
2651000: system.cpu: T0 : 0x104a4    : sw a5, -24(s0)             : MemWrite :  D=0x0000000000000027 A=0x7ffffffffffffdd8
2651500: system.cpu: T0 : 0x104a8    : lw a5, -20(s0)             : MemRead :  D=0x0000000000000003 A=0x7ffffffffffffddc
2652000: system.cpu: T0 : 0x104ac    : c_addiw a5, 1              : IntAlu :  D=0x0000000000000004
2653000: system.cpu: T0 : 0x104ae    : sw a5, -20(s0)             : MemWrite :  D=0x0000000000000004 A=0x7ffffffffffffddc
2654000: system.cpu: T0 : 0x104b2    : lw a5, -20(s0)             : MemRead :  D=0x0000000000000004 A=0x7ffffffffffffddc
2655000: system.cpu: T0 : 0x104b6    : addiw a4, a5, 0            : IntAlu :  D=0x0000000000000004
2655500: system.cpu: T0 : 0x104ba    : c_li a5, 4                 : IntAlu :  D=0x0000000000000004
2656000: system.cpu: T0 : 0x104bc    : bge a5, a4, -30            : IntAlu : 
2657000: system.cpu: T0 : 0x1049e    : lw a5, -24(s0)             : MemRead :  D=0x0000000000000027 A=0x7ffffffffffffdd8
2657500: system.cpu: T0 : 0x104a2    : c_addiw a5, 1              : IntAlu :  D=0x0000000000000028
2658000: system.cpu: T0 : 0x104a4    : sw a5, -24(s0)             : MemWrite :  D=0x0000000000000028 A=0x7ffffffffffffdd8
2658500: system.cpu: T0 : 0x104a8    : lw a5, -20(s0)             : MemRead :  D=0x0000000000000004 A=0x7ffffffffffffddc
2659000: system.cpu: T0 : 0x104ac    : c_addiw a5, 1              : IntAlu :  D=0x0000000000000005
2660000: system.cpu: T0 : 0x104ae    : sw a5, -20(s0)             : MemWrite :  D=0x0000000000000005 A=0x7ffffffffffffddc
2661000: system.cpu: T0 : 0x104b2    : lw a5, -20(s0)             : MemRead :  D=0x0000000000000005 A=0x7ffffffffffffddc
2662000: system.cpu: T0 : 0x104b6    : addiw a4, a5, 0            : IntAlu :  D=0x0000000000000005
2662500: system.cpu: T0 : 0x104ba    : c_li a5, 4                 : IntAlu :  D=0x0000000000000004
2663000: system.cpu: T0 : 0x104bc    : bge a5, a4, -30            : IntAlu : 
2663500: system.cpu: T0 : 0x104c0    : c_li a5, 0                 : IntAlu :  D=0x0000000000000000
2664000: system.cpu: T0 : 0x104c2    : c_mv a0, a5                : IntAlu :  D=0x0000000000000000
2664500: system.cpu: T0 : 0x104c4    : c_ldsp ra, 24(sp)          : MemRead :  D=0x000000000001065e A=0x7ffffffffffffde8
2665000: system.cpu: T0 : 0x104c6    : c_ldsp s0, 16(sp)          : MemRead :  D=0x0000000000010998 A=0x7ffffffffffffde0
2665500: system.cpu: T0 : 0x104c8    : c_addi16sp sp, 32          : IntAlu :  D=0x7ffffffffffffdf0
2666000: system.cpu: T0 : 0x104ca    : c_jr ra                    : IntAlu : 
2667000: system.cpu: T0 : 0x1065e    : jal ra, 17142              : IntAlu :  D=0x0000000000010662
2667500: system.cpu: T0 : 0x14954    : c_addi sp, -16             : IntAlu :  D=0x7ffffffffffffde0
2668000: system.cpu: T0 : 0x14956    : c_li a3, 1                 : IntAlu :  D=0x0000000000000001
2668500: system.cpu: T0 : 0x14958    : c_li a2, 1                 : IntAlu :  D=0x0000000000000001
2669500: system.cpu: T0 : 0x1495a    : addi a1, gp, -1936         : IntAlu :  D=0x0000000000070898
2670000: system.cpu: T0 : 0x1495e    : c_sdsp ra, 8(sp)           : MemWrite :  D=0x0000000000010662 A=0x7ffffffffffffde8
2670500: system.cpu: T0 : 0x14960    : jal ra, -468               : IntAlu :  D=0x0000000000014964
2671000: system.cpu: T0 : 0x1478c    : c_addi16sp sp, -128        : IntAlu :  D=0x7ffffffffffffd60
2671500: system.cpu: T0 : 0x1478e    : c_sdsp s6, 64(sp)          : MemWrite :  D=0x0000000000000000 A=0x7ffffffffffffda0
2672000: system.cpu: T0 : 0x14790    : c_sdsp s7, 56(sp)          : MemWrite :  D=0x0000000000000000 A=0x7ffffffffffffd98
2672500: system.cpu: T0 : 0x14792    : c_sdsp ra, 120(sp)         : MemWrite :  D=0x0000000000014964 A=0x7ffffffffffffdd8
2673000: system.cpu: T0 : 0x14794    : c_sdsp s0, 112(sp)         : MemWrite :  D=0x0000000000010998 A=0x7ffffffffffffdd0
2673500: system.cpu: T0 : 0x14796    : c_sdsp s1, 104(sp)         : MemWrite :  D=0x0000000000010a28 A=0x7ffffffffffffdc8
2674000: system.cpu: T0 : 0x14798    : c_sdsp s2, 96(sp)          : MemWrite :  D=0x0000000000000000 A=0x7ffffffffffffdc0
2674500: system.cpu: T0 : 0x1479a    : c_sdsp s3, 88(sp)          : MemWrite :  D=0x0000000000000000 A=0x7ffffffffffffdb8
2675000: system.cpu: T0 : 0x1479c    : c_sdsp s4, 80(sp)          : MemWrite :  D=0x0000000000000000 A=0x7ffffffffffffdb0
2675500: system.cpu: T0 : 0x1479e    : c_sdsp s5, 72(sp)          : MemWrite :  D=0x0000000000000000 A=0x7ffffffffffffda8
2676000: system.cpu: T0 : 0x147a0    : c_sdsp s8, 48(sp)          : MemWrite :  D=0x0000000000000000 A=0x7ffffffffffffd90
2676500: system.cpu: T0 : 0x147a2    : c_sdsp s9, 40(sp)          : MemWrite :  D=0x0000000000000000 A=0x7ffffffffffffd88
2677000: system.cpu: T0 : 0x147a4    : c_sdsp s10, 32(sp)         : MemWrite :  D=0x0000000000000000 A=0x7ffffffffffffd80
2677500: system.cpu: T0 : 0x147a6    : c_sdsp s11, 24(sp)         : MemWrite :  D=0x0000000000000000 A=0x7ffffffffffffd78
2678000: system.cpu: T0 : 0x147a8    : addi a5, zero, 0           : IntAlu :  D=0x0000000000000000
2678500: system.cpu: T0 : 0x147ac    : c_sdsp a2, 8(sp)           : MemWrite :  D=0x0000000000000001 A=0x7ffffffffffffd68
2679000: system.cpu: T0 : 0x147ae    : c_mv s6, a0                : IntAlu :  D=0x0000000000000000
2679500: system.cpu: T0 : 0x147b0    : c_mv s7, a1                : IntAlu :  D=0x0000000000070898
2680000: system.cpu: T0 : 0x147b2    : c_beqz a5, 6               : IntAlu : 
2680500: system.cpu: T0 : 0x147b8    : lui s9, 114                : IntAlu :  D=0x0000000000072000
2681000: system.cpu: T0 : 0x147bc    : lui s11, 114               : IntAlu :  D=0x0000000000072000
2681500: system.cpu: T0 : 0x147c0    : c_li s4, 0                 : IntAlu :  D=0x0000000000000000
2682000: system.cpu: T0 : 0x147c2    : c_li s3, 1                 : IntAlu :  D=0x0000000000000001
2682500: system.cpu: T0 : 0x147c4    : c_li a4, 1                 : IntAlu :  D=0x0000000000000001
2683500: system.cpu: T0 : 0x147c6    : addi a3, s9, -608          : IntAlu :  D=0x0000000000071da0
2684500: system.cpu: T0 : 0x147ca    : lr_w a5, (a3)             
2684500: system.cpu: T0 : 0x147ca. 0 : lr_w a5, (a3)              : MemRead :  D=0x0000000000000000 A=0x71da0
2685000: system.cpu: T0 : 0x147ce    : c_bnez a5, 8               : IntAlu : 
2685500: system.cpu: T0 : 0x147d0    : sc_w_aq a2, a4, (a3)      
2685500: system.cpu: T0 : 0x147d0. 0 : sc_w a2, a4, (a3)          : MemWrite :  D=0x0000000000000000 A=0x71da0
2686000: system.cpu: T0 : 0x147d0. 1 : 0x1ce6a62f fence           : No_OpClass : 
2686500: system.cpu: T0 : 0x147d4    : c_bnez a2, -10             : IntAlu : 
2687000: system.cpu: T0 : 0x147d6    : c_addiw a5, 0              : IntAlu :  D=0x0000000000000000
2687500: system.cpu: T0 : 0x147d8    : bne a5, zero, 338          : IntAlu : 
2688000: system.cpu: T0 : 0x147dc    : ld s10, 0(s7)              : MemRead :  D=0x0000000000071140 A=0x70898
2688500: system.cpu: T0 : 0x147e0    : beq s10, zero, 152         : IntAlu : 
2689000: system.cpu: T0 : 0x147e4    : c_li s5, 3                 : IntAlu :  D=0x0000000000000003
2689500: system.cpu: T0 : 0x147e6    : c_li s2, 4                 : IntAlu :  D=0x0000000000000004
2690000: system.cpu: T0 : 0x147e8    : c_li s1, 2                 : IntAlu :  D=0x0000000000000002
2690500: system.cpu: T0 : 0x147ea    : c_li s0, 1                 : IntAlu :  D=0x0000000000000001
2691000: system.cpu: T0 : 0x147ec    : c_j 34                     : IntAlu : 
2692000: system.cpu: T0 : 0x1480e    : ld a5, 8(s10)              : MemRead :  D=0x0000000000000001 A=0x71148
2692500: system.cpu: T0 : 0x14812    : c_beqz a5, 222             : IntAlu : 
2693000: system.cpu: T0 : 0x14814    : ld s8, -600(s11)           : MemRead :  D=0x0000000000000001 A=0x71da8
2693500: system.cpu: T0 : 0x14818    : c_addi a5, -1              : IntAlu :  D=0x0000000000000000
2694500: system.cpu: T0 : 0x1481a    : sd a5, 8(s10)              : MemWrite :  D=0x0000000000000000 A=0x71148
2695000: system.cpu: T0 : 0x1481e    : c_mv a4, s4                : IntAlu :  D=0x0000000000000000
2695500: system.cpu: T0 : 0x14820    : addi a3, s9, -608          : IntAlu :  D=0x0000000000071da0
2696000: system.cpu: T0 : 0x14824    : fence iorw, ow             : No_OpClass : 
2696500: system.cpu: T0 : 0x14828    : amoswap_w a4, a4, (a3)    
2696500: system.cpu: T0 : 0x14828. 0 : amoswap_w[l] a4, a4, (a3)  : MemRead :  D=0x0000000000000001 A=0x71da0
2697000: system.cpu: T0 : 0x1482c    : c_addiw a4, 0              : IntAlu :  D=0x0000000000000001
2698000: system.cpu: T0 : 0x1482e    : blt s3, a4, 172            : IntAlu : 
2698500: system.cpu: T0 : 0x14832    : c_slli a5, 5               : IntAlu :  D=0x0000000000000000
2699000: system.cpu: T0 : 0x14834    : c_add a5, s10              : IntAlu :  D=0x0000000000071140
2699500: system.cpu: T0 : 0x14836    : c_ld a4, 16(a5)            : MemRead :  D=0x0000000000000004 A=0x71150
2700000: system.cpu: T0 : 0x14838    : beq a4, s5, 146            : IntAlu : 
2700500: system.cpu: T0 : 0x1483c    : bne a4, s2, -78            : IntAlu : 
2701000: system.cpu: T0 : 0x14840    : c_ld a4, 24(a5)            : MemRead :  D=0x0000000000010a28 A=0x71158
2701500: system.cpu: T0 : 0x14842    : c_ld a0, 32(a5)            : MemRead :  D=0x0000000000000000 A=0x71160
2702000: system.cpu: T0 : 0x14844    : sd zero, 16(a5)            : MemWrite :  D=0x0000000000000000 A=0x71150
2702500: system.cpu: T0 : 0x14848    : c_mv a1, s6                : IntAlu :  D=0x0000000000000000
2703000: system.cpu: T0 : 0x1484a    : c_jalr a4                  : IntAlu :  D=0x000000000001484c
2703500: system.cpu: T0 : 0x10a28    : c_addi sp, -32             : IntAlu :  D=0x7ffffffffffffd40
2704000: system.cpu: T0 : 0x10a2a    : c_sdsp s0, 16(sp)          : MemWrite :  D=0x0000000000000001 A=0x7ffffffffffffd50
2704500: system.cpu: T0 : 0x10a2c    : lui a5, 111                : IntAlu :  D=0x000000000006f000
2705000: system.cpu: T0 : 0x10a30    : lui s0, 111                : IntAlu :  D=0x000000000006f000
2705500: system.cpu: T0 : 0x10a34    : addi s0, s0, -1280         : IntAlu :  D=0x000000000006eb00
2706000: system.cpu: T0 : 0x10a38    : addi a5, a5, -1264         : IntAlu :  D=0x000000000006eb10
2706500: system.cpu: T0 : 0x10a3c    : c_sub a5, s0               : IntAlu :  D=0x0000000000000010
2707000: system.cpu: T0 : 0x10a3e    : c_sdsp ra, 24(sp)          : MemWrite :  D=0x000000000001484c A=0x7ffffffffffffd58
2707500: system.cpu: T0 : 0x10a40    : c_sdsp s1, 8(sp)           : MemWrite :  D=0x0000000000000002 A=0x7ffffffffffffd48
2708000: system.cpu: T0 : 0x10a42    : c_sdsp s2, 0(sp)           : MemWrite :  D=0x0000000000000004 A=0x7ffffffffffffd40
2708500: system.cpu: T0 : 0x10a44    : srai a4, a5, 3             : IntAlu :  D=0x0000000000000002
2709000: system.cpu: T0 : 0x10a48    : c_beqz a4, 24              : IntAlu : 
2709500: system.cpu: T0 : 0x10a4a    : c_addi a5, -8              : IntAlu :  D=0x0000000000000008
2710000: system.cpu: T0 : 0x10a4c    : addi s1, a4, -1            : IntAlu :  D=0x0000000000000001
2710500: system.cpu: T0 : 0x10a50    : c_add s0, a5               : IntAlu :  D=0x000000000006eb08
2711000: system.cpu: T0 : 0x10a52    : c_li s2, -1                : IntAlu :  D=0xffffffffffffffff
2711500: system.cpu: T0 : 0x10a54    : c_ld a5, 0(s0)             : MemRead :  D=0x0000000000010340 A=0x6eb08
2712000: system.cpu: T0 : 0x10a56    : c_addi s1, -1              : IntAlu :  D=0x0000000000000000
2712500: system.cpu: T0 : 0x10a58    : c_addi s0, -8              : IntAlu :  D=0x000000000006eb00
2713000: system.cpu: T0 : 0x10a5a    : c_jalr a5                  : IntAlu :  D=0x0000000000010a5c
2713500: system.cpu: T0 : 0x10340    : addi a0, gp, 1616          : IntAlu :  D=0x0000000000071678
2714000: system.cpu: T0 : 0x10344    : jal zero, 209006           : IntAlu :  D=0x0000000000010348
2714500: system.cpu: T0 : 0x433b2    : c_addi sp, -32             : IntAlu :  D=0x7ffffffffffffd20
2715000: system.cpu: T0 : 0x433b4    : c_sdsp s1, 8(sp)           : MemWrite :  D=0x0000000000000000 A=0x7ffffffffffffd28
2715500: system.cpu: T0 : 0x433b6    : c_ld s1, 0(a0)             : MemRead :  D=0x0000000000000000 A=0x71678
2716000: system.cpu: T0 : 0x433b8    : c_sdsp ra, 24(sp)          : MemWrite :  D=0x0000000000010a5c A=0x7ffffffffffffd38
2716500: system.cpu: T0 : 0x433ba    : c_sdsp s0, 16(sp)          : MemWrite :  D=0x000000000006eb00 A=0x7ffffffffffffd30
2717000: system.cpu: T0 : 0x433bc    : c_beqz s1, 20              : IntAlu : 
2717500: system.cpu: T0 : 0x433d0    : c_ldsp ra, 24(sp)          : MemRead :  D=0x0000000000010a5c A=0x7ffffffffffffd38
2718000: system.cpu: T0 : 0x433d2    : c_ldsp s0, 16(sp)          : MemRead :  D=0x000000000006eb00 A=0x7ffffffffffffd30
2718500: system.cpu: T0 : 0x433d4    : c_ldsp s1, 8(sp)           : MemRead :  D=0x0000000000000000 A=0x7ffffffffffffd28
2719000: system.cpu: T0 : 0x433d6    : c_addi16sp sp, 32          : IntAlu :  D=0x7ffffffffffffd40
2719500: system.cpu: T0 : 0x433d8    : c_jr ra                    : IntAlu : 
2720000: system.cpu: T0 : 0x10a5c    : bne s1, s2, -8             : IntAlu : 
2720500: system.cpu: T0 : 0x10a54    : c_ld a5, 0(s0)             : MemRead :  D=0x00000000000103d6 A=0x6eb00
2721000: system.cpu: T0 : 0x10a56    : c_addi s1, -1              : IntAlu :  D=0xffffffffffffffff
2721500: system.cpu: T0 : 0x10a58    : c_addi s0, -8              : IntAlu :  D=0x000000000006eaf8
2722000: system.cpu: T0 : 0x10a5a    : c_jalr a5                  : IntAlu :  D=0x0000000000010a5c
2722500: system.cpu: T0 : 0x103d6    : c_addi sp, -16             : IntAlu :  D=0x7ffffffffffffd30
2723000: system.cpu: T0 : 0x103d8    : c_sdsp s0, 0(sp)           : MemWrite :  D=0x000000000006eaf8 A=0x7ffffffffffffd30
2724000: system.cpu: T0 : 0x103da    : lbu a5, -1016(gp)          : MemRead :  D=0x0000000000000000 A=0x70c30
2724500: system.cpu: T0 : 0x103de    : c_sdsp ra, 8(sp)           : MemWrite :  D=0x0000000000010a5c A=0x7ffffffffffffd38
2725000: system.cpu: T0 : 0x103e0    : c_bnez a5, 34              : IntAlu : 
2726000: system.cpu: T0 : 0x103e2    : jal ra, -96                : IntAlu :  D=0x00000000000103e6
2727000: system.cpu: T0 : 0x10382    : lui a0, 112                : IntAlu :  D=0x0000000000070000
2728000: system.cpu: T0 : 0x10386    : lui a4, 112                : IntAlu :  D=0x0000000000070000
2729000: system.cpu: T0 : 0x1038a    : addi a5, a0, 2032          : IntAlu :  D=0x00000000000707f0
2730000: system.cpu: T0 : 0x1038e    : addi a4, a4, 2032          : IntAlu :  D=0x00000000000707f0
2731000: system.cpu: T0 : 0x10392    : beq a4, a5, 18             : IntAlu : 
2731500: system.cpu: T0 : 0x103a4    : c_jr ra                    : IntAlu : 
2732500: system.cpu: T0 : 0x103e6    : lui a5, 76                 : IntAlu :  D=0x000000000004c000
2733500: system.cpu: T0 : 0x103ea    : addi a5, a5, 1564          : IntAlu :  D=0x000000000004c61c
2734000: system.cpu: T0 : 0x103ee    : c_beqz a5, 14              : IntAlu : 
2734500: system.cpu: T0 : 0x103f0    : lui a0, 106                : IntAlu :  D=0x000000000006a000
2735000: system.cpu: T0 : 0x103f4    : addi a0, a0, 384           : IntAlu :  D=0x000000000006a180
2735500: system.cpu: T0 : 0x103f8    : jal ra, 246308             : IntAlu :  D=0x00000000000103fc
2736000: system.cpu: T0 : 0x4c61c    : c_j -222                   : IntAlu : 
2736500: system.cpu: T0 : 0x4c53e    : c_addi sp, -32             : IntAlu :  D=0x7ffffffffffffd10
2737000: system.cpu: T0 : 0x4c540    : c_sdsp ra, 24(sp)          : MemWrite :  D=0x00000000000103fc A=0x7ffffffffffffd28
2737500: system.cpu: T0 : 0x4c542    : c_sdsp s0, 16(sp)          : MemWrite :  D=0x000000000006eaf8 A=0x7ffffffffffffd20
2738000: system.cpu: T0 : 0x4c544    : c_sdsp s1, 8(sp)           : MemWrite :  D=0xffffffffffffffff A=0x7ffffffffffffd18
2738500: system.cpu: T0 : 0x4c546    : c_sdsp s2, 0(sp)           : MemWrite :  D=0xffffffffffffffff A=0x7ffffffffffffd10
2739000: system.cpu: T0 : 0x4c548    : c_beqz a0, 160             : IntAlu : 
2739500: system.cpu: T0 : 0x4c54a    : c_lw a5, 0(a0)             : MemRead :  D=0x000000000000001c A=0x6a180
2740000: system.cpu: T0 : 0x4c54c    : c_mv s1, a0                : IntAlu :  D=0x000000000006a180
2740500: system.cpu: T0 : 0x4c54e    : c_beqz a5, 154             : IntAlu : 
2741000: system.cpu: T0 : 0x4c550    : auipc s2, 36               : IntAlu :  D=0x0000000000070550
2741500: system.cpu: T0 : 0x4c554    : ld s2, 696(s2)             : MemRead :  D=0x0000000000000000 A=0x70808
2742000: system.cpu: T0 : 0x4c558    : beq s2, zero, 22           : IntAlu : 
2743000: system.cpu: T0 : 0x4c56e    : addi a2, gp, 1880          : IntAlu :  D=0x0000000000071780
2744000: system.cpu: T0 : 0x4c572    : ld a5, 448(a2)             : MemRead :  D=0x0000000000070c38 A=0x71940
2744500: system.cpu: T0 : 0x4c576    : c_beqz a5, 66              : IntAlu : 
2745000: system.cpu: T0 : 0x4c578    : auipc a3, 37               : IntAlu :  D=0x0000000000071578
2745500: system.cpu: T0 : 0x4c57c    : addi a3, a3, 968           : IntAlu :  D=0x0000000000071940
2746000: system.cpu: T0 : 0x4c580    : c_j 8                      : IntAlu : 
2746500: system.cpu: T0 : 0x4c588    : c_ld a4, 24(a5)            : MemRead :  D=0x000000000006a180 A=0x70c50
2747000: system.cpu: T0 : 0x4c58a    : c_mv s0, a5                : IntAlu :  D=0x0000000000070c38
2747500: system.cpu: T0 : 0x4c58c    : c_ld a5, 40(a5)            : MemRead :  D=0x0000000000000000 A=0x70c60
2748500: system.cpu: T0 : 0x4c58e    : bne s1, a4, -12            : IntAlu : 
2749000: system.cpu: T0 : 0x4c592    : c_sd a5, 0(a3)             : MemWrite :  D=0x0000000000000000 A=0x71940
2749500: system.cpu: T0 : 0x4c594    : beq s2, zero, 22           : IntAlu : 
2750000: system.cpu: T0 : 0x4c5aa    : c_ldsp ra, 24(sp)          : MemRead :  D=0x00000000000103fc A=0x7ffffffffffffd28
2750500: system.cpu: T0 : 0x4c5ac    : c_mv a0, s0                : IntAlu :  D=0x0000000000070c38
2751000: system.cpu: T0 : 0x4c5ae    : c_ldsp s0, 16(sp)          : MemRead :  D=0x000000000006eaf8 A=0x7ffffffffffffd20
2751500: system.cpu: T0 : 0x4c5b0    : c_ldsp s1, 8(sp)           : MemRead :  D=0xffffffffffffffff A=0x7ffffffffffffd18
2752000: system.cpu: T0 : 0x4c5b2    : c_ldsp s2, 0(sp)           : MemRead :  D=0xffffffffffffffff A=0x7ffffffffffffd10
2752500: system.cpu: T0 : 0x4c5b4    : c_addi16sp sp, 32          : IntAlu :  D=0x7ffffffffffffd30
2753000: system.cpu: T0 : 0x4c5b6    : c_jr ra                    : IntAlu : 
2753500: system.cpu: T0 : 0x103fc    : c_li a5, 1                 : IntAlu :  D=0x0000000000000001
2754500: system.cpu: T0 : 0x103fe    : sb a5, -1016(gp)           : MemWrite :  D=0x0000000000000001 A=0x70c30
2755000: system.cpu: T0 : 0x10402    : c_ldsp ra, 8(sp)           : MemRead :  D=0x0000000000010a5c A=0x7ffffffffffffd38
2755500: system.cpu: T0 : 0x10404    : c_ldsp s0, 0(sp)           : MemRead :  D=0x000000000006eaf8 A=0x7ffffffffffffd30
2756000: system.cpu: T0 : 0x10406    : c_addi sp, 16              : IntAlu :  D=0x7ffffffffffffd40
2756500: system.cpu: T0 : 0x10408    : c_jr ra                    : IntAlu : 
2757000: system.cpu: T0 : 0x10a5c    : bne s1, s2, -8             : IntAlu : 
2757500: system.cpu: T0 : 0x10a60    : c_ldsp ra, 24(sp)          : MemRead :  D=0x000000000001484c A=0x7ffffffffffffd58
2758000: system.cpu: T0 : 0x10a62    : c_ldsp s0, 16(sp)          : MemRead :  D=0x0000000000000001 A=0x7ffffffffffffd50
2758500: system.cpu: T0 : 0x10a64    : c_ldsp s1, 8(sp)           : MemRead :  D=0x0000000000000002 A=0x7ffffffffffffd48
2759000: system.cpu: T0 : 0x10a66    : c_ldsp s2, 0(sp)           : MemRead :  D=0x0000000000000004 A=0x7ffffffffffffd40
2759500: system.cpu: T0 : 0x10a68    : c_addi16sp sp, 32          : IntAlu :  D=0x7ffffffffffffd60
2760000: system.cpu: T0 : 0x10a6a    : c_jr ra                    : IntAlu : 
2760500: system.cpu: T0 : 0x1484c    : addi a4, s9, -608          : IntAlu :  D=0x0000000000071da0
2761000: system.cpu: T0 : 0x14850    : lr_w a5, (a4)             
2761000: system.cpu: T0 : 0x14850. 0 : lr_w a5, (a4)              : MemRead :  D=0x0000000000000000 A=0x71da0
2761500: system.cpu: T0 : 0x14854    : c_bnez a5, 8               : IntAlu : 
2762500: system.cpu: T0 : 0x14856    : sc_w_aq a3, s0, (a4)      
2762500: system.cpu: T0 : 0x14856. 0 : sc_w a3, s0, (a4)          : MemWrite :  D=0x0000000000000000 A=0x71da0
2763000: system.cpu: T0 : 0x14856. 1 : 0x1c8726af fence           : No_OpClass : 
2763500: system.cpu: T0 : 0x1485a    : c_bnez a3, -10             : IntAlu : 
2764000: system.cpu: T0 : 0x1485c    : c_addiw a5, 0              : IntAlu :  D=0x0000000000000000
2764500: system.cpu: T0 : 0x1485e    : c_beqz a5, -88             : IntAlu : 
2765500: system.cpu: T0 : 0x14806    : ld a5, -600(s11)           : MemRead :  D=0x0000000000000001 A=0x71da8
2766500: system.cpu: T0 : 0x1480a    : bne a5, s8, 102            : IntAlu : 
2767500: system.cpu: T0 : 0x1480e    : ld a5, 8(s10)              : MemRead :  D=0x0000000000000000 A=0x71148
2768000: system.cpu: T0 : 0x14812    : c_beqz a5, 222             : IntAlu : 
2768500: system.cpu: T0 : 0x148f0    : ld a5, 0(s10)              : MemRead :  D=0x0000000000000000 A=0x71140
2769000: system.cpu: T0 : 0x148f4    : sd a5, 0(s7)               : MemWrite :  D=0x0000000000000000 A=0x70898
2769500: system.cpu: T0 : 0x148f8    : c_beqz a5, 8               : IntAlu : 
2770000: system.cpu: T0 : 0x14900    : c_mv a5, s4                : IntAlu :  D=0x0000000000000000
2771000: system.cpu: T0 : 0x14902    : addi a4, s9, -608          : IntAlu :  D=0x0000000000071da0
2772000: system.cpu: T0 : 0x14906    : fence iorw, ow             : No_OpClass : 
2773000: system.cpu: T0 : 0x1490a    : amoswap_w a5, a5, (a4)    
2773000: system.cpu: T0 : 0x1490a. 0 : amoswap_w[l] a5, a5, (a4)  : MemRead :  D=0x0000000000000001 A=0x71da0
2773500: system.cpu: T0 : 0x1490e    : c_addiw a5, 0              : IntAlu :  D=0x0000000000000001
2774000: system.cpu: T0 : 0x14910    : bge s3, a5, -332           : IntAlu : 
2774500: system.cpu: T0 : 0x147c4    : c_li a4, 1                 : IntAlu :  D=0x0000000000000001
2775500: system.cpu: T0 : 0x147c6    : addi a3, s9, -608          : IntAlu :  D=0x0000000000071da0
2776500: system.cpu: T0 : 0x147ca    : lr_w a5, (a3)             
2776500: system.cpu: T0 : 0x147ca. 0 : lr_w a5, (a3)              : MemRead :  D=0x0000000000000000 A=0x71da0
2777000: system.cpu: T0 : 0x147ce    : c_bnez a5, 8               : IntAlu : 
2777500: system.cpu: T0 : 0x147d0    : sc_w_aq a2, a4, (a3)      
2777500: system.cpu: T0 : 0x147d0. 0 : sc_w a2, a4, (a3)          : MemWrite :  D=0x0000000000000000 A=0x71da0
2778000: system.cpu: T0 : 0x147d0. 1 : 0x1ce6a62f fence           : No_OpClass : 
2778500: system.cpu: T0 : 0x147d4    : c_bnez a2, -10             : IntAlu : 
2779000: system.cpu: T0 : 0x147d6    : c_addiw a5, 0              : IntAlu :  D=0x0000000000000000
2779500: system.cpu: T0 : 0x147d8    : bne a5, zero, 338          : IntAlu : 
2780000: system.cpu: T0 : 0x147dc    : ld s10, 0(s7)              : MemRead :  D=0x0000000000000000 A=0x70898
2780500: system.cpu: T0 : 0x147e0    : beq s10, zero, 152         : IntAlu : 
2781000: system.cpu: T0 : 0x14878    : c_li a4, 1                 : IntAlu :  D=0x0000000000000001
2782000: system.cpu: T0 : 0x1487a    : sb a4, -1476(gp)           : MemWrite :  D=0x0000000000000001 A=0x70a64
2782500: system.cpu: T0 : 0x1487e    : c_li a5, 0                 : IntAlu :  D=0x0000000000000000
2783000: system.cpu: T0 : 0x14880    : addi a4, s9, -608          : IntAlu :  D=0x0000000000071da0
2783500: system.cpu: T0 : 0x14884    : fence iorw, ow             : No_OpClass : 
2784000: system.cpu: T0 : 0x14888    : amoswap_w a5, a5, (a4)    
2784000: system.cpu: T0 : 0x14888. 0 : amoswap_w[l] a5, a5, (a4)  : MemRead :  D=0x0000000000000001 A=0x71da0
2784500: system.cpu: T0 : 0x1488c    : c_addiw a5, 0              : IntAlu :  D=0x0000000000000001
2785000: system.cpu: T0 : 0x1488e    : c_li a4, 1                 : IntAlu :  D=0x0000000000000001
2785500: system.cpu: T0 : 0x14890    : blt a4, a5, 174            : IntAlu : 
2786000: system.cpu: T0 : 0x14894    : c_ldsp a5, 8(sp)           : MemRead :  D=0x0000000000000001 A=0x7ffffffffffffd68
2786500: system.cpu: T0 : 0x14896    : c_beqz a5, 46              : IntAlu : 
2787000: system.cpu: T0 : 0x14898    : lui s0, 106                : IntAlu :  D=0x000000000006a000
2787500: system.cpu: T0 : 0x1489c    : lui a5, 106                : IntAlu :  D=0x000000000006a000
2788000: system.cpu: T0 : 0x148a0    : addi s1, s0, 336           : IntAlu :  D=0x000000000006a150
2788500: system.cpu: T0 : 0x148a4    : addi a5, a5, 344           : IntAlu :  D=0x000000000006a158
2789000: system.cpu: T0 : 0x148a8    : bgeu s1, a5, 28            : IntAlu : 
2789500: system.cpu: T0 : 0x148ac    : c_addi a5, -1              : IntAlu :  D=0x000000000006a157
2790000: system.cpu: T0 : 0x148ae    : c_sub a5, s1               : IntAlu :  D=0x0000000000000007
2790500: system.cpu: T0 : 0x148b0    : c_andi a5, 18446744073709551608 : IntAlu :  D=0x0000000000000000
2791000: system.cpu: T0 : 0x148b2    : c_addi a5, 8               : IntAlu :  D=0x0000000000000008
2791500: system.cpu: T0 : 0x148b4    : c_add s1, a5               : IntAlu :  D=0x000000000006a158
2792500: system.cpu: T0 : 0x148b6    : addi s0, s0, 336           : IntAlu :  D=0x000000000006a150
2793000: system.cpu: T0 : 0x148ba    : c_ld a5, 0(s0)             : MemRead :  D=0x00000000000197e6 A=0x6a150
2793500: system.cpu: T0 : 0x148bc    : c_addi s0, 8               : IntAlu :  D=0x000000000006a158
2794000: system.cpu: T0 : 0x148be    : c_jalr a5                  : IntAlu :  D=0x00000000000148c0
2794500: system.cpu: T0 : 0x197e6    : c_addi16sp sp, -176        : IntAlu :  D=0x7ffffffffffffcb0
2795000: system.cpu: T0 : 0x197e8    : c_sdsp s6, 112(sp)         : MemWrite :  D=0x0000000000000000 A=0x7ffffffffffffd20
2796000: system.cpu: T0 : 0x197ea    : lui s6, 111                : IntAlu :  D=0x000000000006f000
2797000: system.cpu: T0 : 0x197ee    : ld a5, -1264(s6)           : MemRead :  D=0x776f442f2e2e0000 A=0x6eb10
2797500: system.cpu: T0 : 0x197f2    : c_sdsp s3, 136(sp)         : MemWrite :  D=0x0000000000000001 A=0x7ffffffffffffd38
2798000: system.cpu: T0 : 0x197f4    : c_li a0, 0                 : IntAlu :  D=0x0000000000000000
2798500: system.cpu: T0 : 0x197f6    : c_sdsp s5, 120(sp)         : MemWrite :  D=0x0000000000000003 A=0x7ffffffffffffd28
2799000: system.cpu: T0 : 0x197f8    : c_sdsp ra, 168(sp)         : MemWrite :  D=0x00000000000148c0 A=0x7ffffffffffffd58
2799500: system.cpu: T0 : 0x197fa    : c_sdsp s0, 160(sp)         : MemWrite :  D=0x000000000006a158 A=0x7ffffffffffffd50
2800000: system.cpu: T0 : 0x197fc    : c_sdsp s1, 152(sp)         : MemWrite :  D=0x000000000006a158 A=0x7ffffffffffffd48
2800500: system.cpu: T0 : 0x197fe    : c_sdsp s2, 144(sp)         : MemWrite :  D=0x0000000000000004 A=0x7ffffffffffffd40
2801000: system.cpu: T0 : 0x19800    : c_sdsp s4, 128(sp)         : MemWrite :  D=0x0000000000000000 A=0x7ffffffffffffd30
2801500: system.cpu: T0 : 0x19802    : c_sdsp s7, 104(sp)         : MemWrite :  D=0x0000000000070898 A=0x7ffffffffffffd18
2802000: system.cpu: T0 : 0x19804    : c_sdsp s8, 96(sp)          : MemWrite :  D=0x0000000000000001 A=0x7ffffffffffffd10
2802500: system.cpu: T0 : 0x19806    : c_sdsp s9, 88(sp)          : MemWrite :  D=0x0000000000072000 A=0x7ffffffffffffd08
2803000: system.cpu: T0 : 0x19808    : c_sdsp s10, 80(sp)         : MemWrite :  D=0x0000000000000000 A=0x7ffffffffffffd00
2803500: system.cpu: T0 : 0x1980a    : c_sdsp s11, 72(sp)         : MemWrite :  D=0x0000000000072000 A=0x7ffffffffffffcf8
2804000: system.cpu: T0 : 0x1980c    : c_sdsp a5, 56(sp)          : MemWrite :  D=0x776f442f2e2e0000 A=0x7ffffffffffffce8
2805000: system.cpu: T0 : 0x1980e    : addi s3, zero, 0           : IntAlu :  D=0x0000000000000000
2806000: system.cpu: T0 : 0x19812    : jal ra, -556               : IntAlu :  D=0x0000000000019816
2806500: system.cpu: T0 : 0x195e6    : c_addi16sp sp, -176        : IntAlu :  D=0x7ffffffffffffc00
2807000: system.cpu: T0 : 0x195e8    : c_sdsp s5, 120(sp)         : MemWrite :  D=0x0000000000000003 A=0x7ffffffffffffc78
2808000: system.cpu: T0 : 0x195ea    : lui s5, 111                : IntAlu :  D=0x000000000006f000
2809000: system.cpu: T0 : 0x195ee    : ld a5, -1264(s5)           : MemRead :  D=0x776f442f2e2e0000 A=0x6eb10
2809500: system.cpu: T0 : 0x195f2    : c_sdsp s3, 136(sp)         : MemWrite :  D=0x0000000000000000 A=0x7ffffffffffffc88
2810000: system.cpu: T0 : 0x195f4    : c_sdsp s9, 88(sp)          : MemWrite :  D=0x0000000000072000 A=0x7ffffffffffffc58
2810500: system.cpu: T0 : 0x195f6    : c_sdsp ra, 168(sp)         : MemWrite :  D=0x0000000000019816 A=0x7ffffffffffffca8
2811000: system.cpu: T0 : 0x195f8    : c_sdsp s0, 160(sp)         : MemWrite :  D=0x000000000006a158 A=0x7ffffffffffffca0
2811500: system.cpu: T0 : 0x195fa    : c_sdsp s1, 152(sp)         : MemWrite :  D=0x000000000006a158 A=0x7ffffffffffffc98
2812000: system.cpu: T0 : 0x195fc    : c_sdsp s2, 144(sp)         : MemWrite :  D=0x0000000000000004 A=0x7ffffffffffffc90
2812500: system.cpu: T0 : 0x195fe    : c_sdsp s4, 128(sp)         : MemWrite :  D=0x0000000000000000 A=0x7ffffffffffffc80
2813000: system.cpu: T0 : 0x19600    : c_sdsp s6, 112(sp)         : MemWrite :  D=0x000000000006f000 A=0x7ffffffffffffc70
2813500: system.cpu: T0 : 0x19602    : c_sdsp s7, 104(sp)         : MemWrite :  D=0x0000000000070898 A=0x7ffffffffffffc68
2814000: system.cpu: T0 : 0x19604    : c_sdsp s8, 96(sp)          : MemWrite :  D=0x0000000000000001 A=0x7ffffffffffffc60
2814500: system.cpu: T0 : 0x19606    : c_sdsp s10, 80(sp)         : MemWrite :  D=0x0000000000000000 A=0x7ffffffffffffc50
2815000: system.cpu: T0 : 0x19608    : c_sdsp s11, 72(sp)         : MemWrite :  D=0x0000000000072000 A=0x7ffffffffffffc48
2815500: system.cpu: T0 : 0x1960a    : c_sdsp a5, 56(sp)          : MemWrite :  D=0x776f442f2e2e0000 A=0x7ffffffffffffc38
2816000: system.cpu: T0 : 0x1960c    : addi s3, zero, 0           : IntAlu :  D=0x0000000000000000
2816500: system.cpu: T0 : 0x19610    : c_mv s9, a0                : IntAlu :  D=0x0000000000000000
2817500: system.cpu: T0 : 0x19612    : beq s3, zero, 428          : IntAlu : 
2818000: system.cpu: T0 : 0x197be    : c_lui a5, 25               : IntAlu :  D=0x0000000000019000
2818500: system.cpu: T0 : 0x197c0    : addi a5, a5, -1988         : IntAlu :  D=0x000000000001883c
2819000: system.cpu: T0 : 0x197c4    : c_sdsp a5, 24(sp)          : MemWrite :  D=0x000000000001883c A=0x7ffffffffffffc18
2819500: system.cpu: T0 : 0x197c6    : c_sdsp zero, 32(sp)        : MemWrite :  D=0x0000000000000000 A=0x7ffffffffffffc20
2820000: system.cpu: T0 : 0x197c8    : c_j -416                   : IntAlu : 
2820500: system.cpu: T0 : 0x19628    : addi s8, gp, 1320          : IntAlu :  D=0x0000000000071550
2821000: system.cpu: T0 : 0x1962c    : ld a5, 8(s8)               : MemRead :  D=0x0000000000000000 A=0x71558
2821500: system.cpu: T0 : 0x19630    : addi s0, tp, -1808         : IntAlu :  D=0x0000000000072000
2822000: system.cpu: T0 : 0x19634    : beq a5, s0, 28             : IntAlu : 
2822500: system.cpu: T0 : 0x19638    : c_li a3, 1                 : IntAlu :  D=0x0000000000000001
2823500: system.cpu: T0 : 0x1963a    : lr_w a5, (s8)             
2823500: system.cpu: T0 : 0x1963a. 0 : lr_w a5, (s8)              : MemRead :  D=0x0000000000000000 A=0x71550
2824000: system.cpu: T0 : 0x1963e    : c_bnez a5, 8               : IntAlu : 
2824500: system.cpu: T0 : 0x19640    : sc_w_aq a4, a3, (s8)      
2824500: system.cpu: T0 : 0x19640. 0 : sc_w a4, a3, (s8)          : MemWrite :  D=0x0000000000000000 A=0x71550
2825000: system.cpu: T0 : 0x19640. 1 : 0x1cdc272f fence           : No_OpClass : 
2825500: system.cpu: T0 : 0x19644    : c_bnez a4, -10             : IntAlu : 
2826000: system.cpu: T0 : 0x19646    : c_addiw a5, 0              : IntAlu :  D=0x0000000000000000
2826500: system.cpu: T0 : 0x19648    : bne a5, zero, 386          : IntAlu : 
2827000: system.cpu: T0 : 0x1964c    : sd s0, 8(s8)               : MemWrite :  D=0x0000000000072000 A=0x71558
2827500: system.cpu: T0 : 0x19650    : lw a4, 4(s8)               : MemRead :  D=0x0000000000000000 A=0x71554
2828000: system.cpu: T0 : 0x19654    : ld s0, -1920(gp)           : MemRead :  D=0x000000000006f000 A=0x708a8
2828500: system.cpu: T0 : 0x19658    : addiw a3, a4, 1            : IntAlu :  D=0x0000000000000001
2829000: system.cpu: T0 : 0x1965c    : sw a3, 4(s8)               : MemWrite :  D=0x0000000000000001 A=0x71554
2829500: system.cpu: T0 : 0x19660    : beq s0, zero, 382          : IntAlu : 
2830000: system.cpu: T0 : 0x19664    : lui s1, 106                : IntAlu :  D=0x000000000006a000
2830500: system.cpu: T0 : 0x19668    : lui s2, 106                : IntAlu :  D=0x000000000006a000
2831000: system.cpu: T0 : 0x1966c    : addi s2, s2, -1176         : IntAlu :  D=0x0000000000069b68
2831500: system.cpu: T0 : 0x19670    : addi s1, s1, 336           : IntAlu :  D=0x000000000006a150
2832000: system.cpu: T0 : 0x19674    : c_li s4, 0                 : IntAlu :  D=0x0000000000000000
2832500: system.cpu: T0 : 0x19676    : c_lui s11, 8               : IntAlu :  D=0x0000000000008000
2833000: system.cpu: T0 : 0x19678    : c_li s6, 1                 : IntAlu :  D=0x0000000000000001
2834000: system.cpu: T0 : 0x1967a    : sub s1, s1, s2             : IntAlu :  D=0x00000000000005e8
2835000: system.cpu: T0 : 0x1967e    : sd s0, -1456(gp)           : MemWrite :  D=0x000000000006f000 A=0x70a78
2836000: system.cpu: T0 : 0x19682    : beq s9, zero, 54           : IntAlu : 
2836500: system.cpu: T0 : 0x196b8    : lw a5, 192(s0)             : MemRead :  D=0x0000000000000000 A=0x6f0c0
2837000: system.cpu: T0 : 0x196bc    : bge zero, a5, 150          : IntAlu : 
2837500: system.cpu: T0 : 0x19752    : c_ld a3, 40(s0)            : MemRead :  D=0x0000000000000000 A=0x6f028
2838000: system.cpu: T0 : 0x19754    : c_ld a5, 32(s0)            : MemRead :  D=0x0000000000000000 A=0x6f020
2839000: system.cpu: T0 : 0x19756    : bgeu a5, a3, -116          : IntAlu : 
2840000: system.cpu: T0 : 0x196e2    : beq s9, zero, 28           : IntAlu : 
2840500: system.cpu: T0 : 0x196fe    : c_ld s0, 104(s0)           : MemRead :  D=0x000000000006f1c8 A=0x6f068
2841000: system.cpu: T0 : 0x19700    : sd zero, -1456(gp)         : MemWrite :  D=0x0000000000000000 A=0x70a78
2841500: system.cpu: T0 : 0x19704    : c_bnez s0, -134            : IntAlu : 
2842500: system.cpu: T0 : 0x1967e    : sd s0, -1456(gp)           : MemWrite :  D=0x000000000006f1c8 A=0x70a78
2843500: system.cpu: T0 : 0x19682    : beq s9, zero, 54           : IntAlu : 
2844000: system.cpu: T0 : 0x196b8    : lw a5, 192(s0)             : MemRead :  D=0x0000000000000000 A=0x6f288
2844500: system.cpu: T0 : 0x196bc    : bge zero, a5, 150          : IntAlu : 
2845000: system.cpu: T0 : 0x19752    : c_ld a3, 40(s0)            : MemRead :  D=0x0000000000000000 A=0x6f1f0
2845500: system.cpu: T0 : 0x19754    : c_ld a5, 32(s0)            : MemRead :  D=0x0000000000000000 A=0x6f1e8
2846500: system.cpu: T0 : 0x19756    : bgeu a5, a3, -116          : IntAlu : 
2847500: system.cpu: T0 : 0x196e2    : beq s9, zero, 28           : IntAlu : 
2848000: system.cpu: T0 : 0x196fe    : c_ld s0, 104(s0)           : MemRead :  D=0x000000000006f390 A=0x6f230
2848500: system.cpu: T0 : 0x19700    : sd zero, -1456(gp)         : MemWrite :  D=0x0000000000000000 A=0x70a78
2849000: system.cpu: T0 : 0x19704    : c_bnez s0, -134            : IntAlu : 
2850000: system.cpu: T0 : 0x1967e    : sd s0, -1456(gp)           : MemWrite :  D=0x000000000006f390 A=0x70a78
2851000: system.cpu: T0 : 0x19682    : beq s9, zero, 54           : IntAlu : 
2851500: system.cpu: T0 : 0x196b8    : lw a5, 192(s0)             : MemRead :  D=0x0000000000000000 A=0x6f450
2852000: system.cpu: T0 : 0x196bc    : bge zero, a5, 150          : IntAlu : 
2852500: system.cpu: T0 : 0x19752    : c_ld a3, 40(s0)            : MemRead :  D=0x0000000000000000 A=0x6f3b8
2853000: system.cpu: T0 : 0x19754    : c_ld a5, 32(s0)            : MemRead :  D=0x0000000000000000 A=0x6f3b0
2854000: system.cpu: T0 : 0x19756    : bgeu a5, a3, -116          : IntAlu : 
2855000: system.cpu: T0 : 0x196e2    : beq s9, zero, 28           : IntAlu : 
2855500: system.cpu: T0 : 0x196fe    : c_ld s0, 104(s0)           : MemRead :  D=0x0000000000000000 A=0x6f3f8
2856000: system.cpu: T0 : 0x19700    : sd zero, -1456(gp)         : MemWrite :  D=0x0000000000000000 A=0x70a78
2856500: system.cpu: T0 : 0x19704    : c_bnez s0, -134            : IntAlu : 
2857500: system.cpu: T0 : 0x19706    : lw a5, 4(s8)               : MemRead :  D=0x0000000000000001 A=0x71554
2858500: system.cpu: T0 : 0x1970a    : addiw a4, a5, -1           : IntAlu :  D=0x0000000000000000
2859500: system.cpu: T0 : 0x1970e    : sw a4, 4(s8)               : MemWrite :  D=0x0000000000000000 A=0x71554
2860000: system.cpu: T0 : 0x19712    : c_beqz a4, 128             : IntAlu : 
2861000: system.cpu: T0 : 0x19792    : sd zero, 8(s8)             : MemWrite :  D=0x0000000000000000 A=0x71558
2861500: system.cpu: T0 : 0x19796    : c_mv a5, a4                : IntAlu :  D=0x0000000000000000
2862000: system.cpu: T0 : 0x19798    : fence iorw, ow             : No_OpClass : 
2862500: system.cpu: T0 : 0x1979c    : amoswap_w a5, a5, (s8)    
2862500: system.cpu: T0 : 0x1979c. 0 : amoswap_w[l] a5, a5, (s8)  : MemRead :  D=0x0000000000000001 A=0x71550
2863000: system.cpu: T0 : 0x197a0    : c_addiw a5, 0              : IntAlu :  D=0x0000000000000001
2863500: system.cpu: T0 : 0x197a2    : c_li a4, 1                 : IntAlu :  D=0x0000000000000001
2864000: system.cpu: T0 : 0x197a4    : bge a4, a5, -144           : IntAlu : 
2864500: system.cpu: T0 : 0x19714    : beq s3, zero, 16           : IntAlu : 
2865000: system.cpu: T0 : 0x19724    : c_ldsp a4, 56(sp)          : MemRead :  D=0x776f442f2e2e0000 A=0x7ffffffffffffc38
2866000: system.cpu: T0 : 0x19726    : ld a5, -1264(s5)           : MemRead :  D=0x776f442f2e2e0000 A=0x6eb10
2867000: system.cpu: T0 : 0x1972a    : bne a4, a5, 184            : IntAlu : 
2867500: system.cpu: T0 : 0x1972e    : c_ldsp ra, 168(sp)         : MemRead :  D=0x0000000000019816 A=0x7ffffffffffffca8
2868000: system.cpu: T0 : 0x19730    : c_ldsp s0, 160(sp)         : MemRead :  D=0x000000000006a158 A=0x7ffffffffffffca0
2868500: system.cpu: T0 : 0x19732    : c_ldsp s1, 152(sp)         : MemRead :  D=0x000000000006a158 A=0x7ffffffffffffc98
2869000: system.cpu: T0 : 0x19734    : c_ldsp s2, 144(sp)         : MemRead :  D=0x0000000000000004 A=0x7ffffffffffffc90
2869500: system.cpu: T0 : 0x19736    : c_ldsp s3, 136(sp)         : MemRead :  D=0x0000000000000000 A=0x7ffffffffffffc88
2870000: system.cpu: T0 : 0x19738    : c_ldsp s5, 120(sp)         : MemRead :  D=0x0000000000000003 A=0x7ffffffffffffc78
2870500: system.cpu: T0 : 0x1973a    : c_ldsp s6, 112(sp)         : MemRead :  D=0x000000000006f000 A=0x7ffffffffffffc70
2871000: system.cpu: T0 : 0x1973c    : c_ldsp s7, 104(sp)         : MemRead :  D=0x0000000000070898 A=0x7ffffffffffffc68
2871500: system.cpu: T0 : 0x1973e    : c_ldsp s8, 96(sp)          : MemRead :  D=0x0000000000000001 A=0x7ffffffffffffc60
2872000: system.cpu: T0 : 0x19740    : c_ldsp s9, 88(sp)          : MemRead :  D=0x0000000000072000 A=0x7ffffffffffffc58
2872500: system.cpu: T0 : 0x19742    : c_ldsp s10, 80(sp)         : MemRead :  D=0x0000000000000000 A=0x7ffffffffffffc50
2873000: system.cpu: T0 : 0x19744    : c_ldsp s11, 72(sp)         : MemRead :  D=0x0000000000072000 A=0x7ffffffffffffc48
2873500: system.cpu: T0 : 0x19746    : c_mv a0, s4                : IntAlu :  D=0x0000000000000000
2874000: system.cpu: T0 : 0x19748    : c_ldsp s4, 128(sp)         : MemRead :  D=0x0000000000000000 A=0x7ffffffffffffc80
2874500: system.cpu: T0 : 0x1974a    : c_addi16sp sp, 176         : IntAlu :  D=0x7ffffffffffffcb0
2875000: system.cpu: T0 : 0x1974c    : c_jr ra                    : IntAlu : 
2875500: system.cpu: T0 : 0x19816    : c_mv s5, a0                : IntAlu :  D=0x0000000000000000
2876000: system.cpu: T0 : 0x19818    : beq s3, zero, 482          : IntAlu : 
2876500: system.cpu: T0 : 0x199fa    : c_lui a5, 25               : IntAlu :  D=0x0000000000019000
2877000: system.cpu: T0 : 0x199fc    : addi a5, a5, -1988         : IntAlu :  D=0x000000000001883c
2877500: system.cpu: T0 : 0x19a00    : c_sdsp a5, 24(sp)          : MemWrite :  D=0x000000000001883c A=0x7ffffffffffffcc8
2878000: system.cpu: T0 : 0x19a02    : c_sdsp zero, 32(sp)        : MemWrite :  D=0x0000000000000000 A=0x7ffffffffffffcd0
2878500: system.cpu: T0 : 0x19a04    : c_j -470                   : IntAlu : 
2879500: system.cpu: T0 : 0x1982e    : addi s1, gp, 1320          : IntAlu :  D=0x0000000000071550
2880000: system.cpu: T0 : 0x19832    : c_ld a5, 8(s1)             : MemRead :  D=0x0000000000000000 A=0x71558
2880500: system.cpu: T0 : 0x19834    : addi s0, tp, -1808         : IntAlu :  D=0x0000000000072000
2881000: system.cpu: T0 : 0x19838    : beq s0, a5, 26             : IntAlu : 
2881500: system.cpu: T0 : 0x1983c    : c_li a4, 1                 : IntAlu :  D=0x0000000000000001
2882500: system.cpu: T0 : 0x1983e    : lr_w a5, (s1)             
2882500: system.cpu: T0 : 0x1983e. 0 : lr_w a5, (s1)              : MemRead :  D=0x0000000000000000 A=0x71550
2883000: system.cpu: T0 : 0x19842    : c_bnez a5, 8               : IntAlu : 
2883500: system.cpu: T0 : 0x19844    : sc_w_aq a3, a4, (s1)      
2883500: system.cpu: T0 : 0x19844. 0 : sc_w a3, a4, (s1)          : MemWrite :  D=0x0000000000000000 A=0x71550
2884000: system.cpu: T0 : 0x19844. 1 : 0x1ce4a6af fence           : No_OpClass : 
2884500: system.cpu: T0 : 0x19848    : c_bnez a3, -10             : IntAlu : 
2885000: system.cpu: T0 : 0x1984a    : c_addiw a5, 0              : IntAlu :  D=0x0000000000000000
2885500: system.cpu: T0 : 0x1984c    : bne a5, zero, 442          : IntAlu : 
2886000: system.cpu: T0 : 0x19850    : c_sd s0, 8(s1)             : MemWrite :  D=0x0000000000072000 A=0x71558
2886500: system.cpu: T0 : 0x19852    : c_lw a3, 4(s1)             : MemRead :  D=0x0000000000000000 A=0x71554
2887000: system.cpu: T0 : 0x19854    : ld s0, -1920(gp)           : MemRead :  D=0x000000000006f000 A=0x708a8
2887500: system.cpu: T0 : 0x19858    : addiw a4, a3, 1            : IntAlu :  D=0x0000000000000001
2888000: system.cpu: T0 : 0x1985c    : c_sw a4, 4(s1)             : MemWrite :  D=0x0000000000000001 A=0x71554
2888500: system.cpu: T0 : 0x1985e    : c_beqz s0, 202             : IntAlu : 
2889000: system.cpu: T0 : 0x19860    : lui s2, 106                : IntAlu :  D=0x000000000006a000
2889500: system.cpu: T0 : 0x19864    : lui s4, 106                : IntAlu :  D=0x000000000006a000
2890000: system.cpu: T0 : 0x19868    : addi s4, s4, -1176         : IntAlu :  D=0x0000000000069b68
2890500: system.cpu: T0 : 0x1986c    : addi s2, s2, 336           : IntAlu :  D=0x000000000006a150
2891000: system.cpu: T0 : 0x19870    : sub s2, s2, s4             : IntAlu :  D=0x00000000000005e8
2891500: system.cpu: T0 : 0x19874    : c_li s9, 2                 : IntAlu :  D=0x0000000000000002
2892000: system.cpu: T0 : 0x19876    : c_j 12                     : IntAlu : 
2892500: system.cpu: T0 : 0x19882    : c_lw a5, 0(s0)             : MemRead :  D=0xfffffffffbad2086 A=0x6f000
2893000: system.cpu: T0 : 0x19884    : c_andi a5, 2               : IntAlu :  D=0x0000000000000002
2894000: system.cpu: T0 : 0x19886    : addiw s8, a5, 0            : IntAlu :  D=0x0000000000000002
2894500: system.cpu: T0 : 0x1988a    : c_bnez a5, -18             : IntAlu : 
2895000: system.cpu: T0 : 0x19878    : c_li a5, -1                : IntAlu :  D=0xffffffffffffffff
2896000: system.cpu: T0 : 0x1987a    : sw a5, 192(s0)             : MemWrite :  D=0x00000000ffffffff A=0x6f0c0
2896500: system.cpu: T0 : 0x1987e    : c_ld s0, 104(s0)           : MemRead :  D=0x000000000006f1c8 A=0x6f068
2897000: system.cpu: T0 : 0x19880    : c_beqz s0, 162             : IntAlu : 
2897500: system.cpu: T0 : 0x19882    : c_lw a5, 0(s0)             : MemRead :  D=0xfffffffffbad2084 A=0x6f1c8
2898000: system.cpu: T0 : 0x19884    : c_andi a5, 2               : IntAlu :  D=0x0000000000000000
2899000: system.cpu: T0 : 0x19886    : addiw s8, a5, 0            : IntAlu :  D=0x0000000000000000
2899500: system.cpu: T0 : 0x1988a    : c_bnez a5, -18             : IntAlu : 
2900000: system.cpu: T0 : 0x1988c    : lw a5, 192(s0)             : MemRead :  D=0x0000000000000000 A=0x6f288
2900500: system.cpu: T0 : 0x19890    : c_beqz a5, -24             : IntAlu : 
2901000: system.cpu: T0 : 0x19878    : c_li a5, -1                : IntAlu :  D=0xffffffffffffffff
2902000: system.cpu: T0 : 0x1987a    : sw a5, 192(s0)             : MemWrite :  D=0x00000000ffffffff A=0x6f288
2902500: system.cpu: T0 : 0x1987e    : c_ld s0, 104(s0)           : MemRead :  D=0x000000000006f390 A=0x6f230
2903000: system.cpu: T0 : 0x19880    : c_beqz s0, 162             : IntAlu : 
2903500: system.cpu: T0 : 0x19882    : c_lw a5, 0(s0)             : MemRead :  D=0xfffffffffbad2088 A=0x6f390
2904000: system.cpu: T0 : 0x19884    : c_andi a5, 2               : IntAlu :  D=0x0000000000000000
2905000: system.cpu: T0 : 0x19886    : addiw s8, a5, 0            : IntAlu :  D=0x0000000000000000
2905500: system.cpu: T0 : 0x1988a    : c_bnez a5, -18             : IntAlu : 
2906000: system.cpu: T0 : 0x1988c    : lw a5, 192(s0)             : MemRead :  D=0x0000000000000000 A=0x6f450
2906500: system.cpu: T0 : 0x19890    : c_beqz a5, -24             : IntAlu : 
2907000: system.cpu: T0 : 0x19878    : c_li a5, -1                : IntAlu :  D=0xffffffffffffffff
2908000: system.cpu: T0 : 0x1987a    : sw a5, 192(s0)             : MemWrite :  D=0x00000000ffffffff A=0x6f450
2908500: system.cpu: T0 : 0x1987e    : c_ld s0, 104(s0)           : MemRead :  D=0x0000000000000000 A=0x6f3f8
2909000: system.cpu: T0 : 0x19880    : c_beqz s0, 162             : IntAlu : 
2909500: system.cpu: T0 : 0x19922    : c_lw a5, 4(s1)             : MemRead :  D=0x0000000000000001 A=0x71554
2910000: system.cpu: T0 : 0x19924    : addiw a3, a5, -1           : IntAlu :  D=0x0000000000000000
2910500: system.cpu: T0 : 0x19928    : c_sw a3, 4(s1)             : MemWrite :  D=0x0000000000000000 A=0x71554
2911000: system.cpu: T0 : 0x1992a    : c_beqz a3, 126             : IntAlu : 
2911500: system.cpu: T0 : 0x199a8    : sd zero, 8(s1)             : MemWrite :  D=0x0000000000000000 A=0x71558
2912000: system.cpu: T0 : 0x199ac    : c_mv a5, a3                : IntAlu :  D=0x0000000000000000
2913000: system.cpu: T0 : 0x199ae    : fence iorw, ow             : No_OpClass : 
2914000: system.cpu: T0 : 0x199b2    : amoswap_w a5, a5, (s1)    
2914000: system.cpu: T0 : 0x199b2. 0 : amoswap_w[l] a5, a5, (s1)  : MemRead :  D=0x0000000000000001 A=0x71550
2914500: system.cpu: T0 : 0x199b6    : c_addiw a5, 0              : IntAlu :  D=0x0000000000000001
2915000: system.cpu: T0 : 0x199b8    : c_li a4, 1                 : IntAlu :  D=0x0000000000000001
2916000: system.cpu: T0 : 0x199ba    : bge a4, a5, -142           : IntAlu : 
2916500: system.cpu: T0 : 0x1992c    : beq s3, zero, 16           : IntAlu : 
2917000: system.cpu: T0 : 0x1993c    : c_ldsp a4, 56(sp)          : MemRead :  D=0x776f442f2e2e0000 A=0x7ffffffffffffce8
2918000: system.cpu: T0 : 0x1993e    : ld a5, -1264(s6)           : MemRead :  D=0x776f442f2e2e0000 A=0x6eb10
2919000: system.cpu: T0 : 0x19942    : bne a4, a5, 216            : IntAlu : 
2919500: system.cpu: T0 : 0x19946    : c_ldsp ra, 168(sp)         : MemRead :  D=0x00000000000148c0 A=0x7ffffffffffffd58
2920000: system.cpu: T0 : 0x19948    : c_ldsp s0, 160(sp)         : MemRead :  D=0x000000000006a158 A=0x7ffffffffffffd50
2920500: system.cpu: T0 : 0x1994a    : c_ldsp s1, 152(sp)         : MemRead :  D=0x000000000006a158 A=0x7ffffffffffffd48
2921000: system.cpu: T0 : 0x1994c    : c_ldsp s2, 144(sp)         : MemRead :  D=0x0000000000000004 A=0x7ffffffffffffd40
2921500: system.cpu: T0 : 0x1994e    : c_ldsp s3, 136(sp)         : MemRead :  D=0x0000000000000001 A=0x7ffffffffffffd38
2922000: system.cpu: T0 : 0x19950    : c_ldsp s4, 128(sp)         : MemRead :  D=0x0000000000000000 A=0x7ffffffffffffd30
2922500: system.cpu: T0 : 0x19952    : c_ldsp s6, 112(sp)         : MemRead :  D=0x0000000000000000 A=0x7ffffffffffffd20
2923000: system.cpu: T0 : 0x19954    : c_ldsp s7, 104(sp)         : MemRead :  D=0x0000000000070898 A=0x7ffffffffffffd18
2923500: system.cpu: T0 : 0x19956    : c_ldsp s8, 96(sp)          : MemRead :  D=0x0000000000000001 A=0x7ffffffffffffd10
2924000: system.cpu: T0 : 0x19958    : c_ldsp s9, 88(sp)          : MemRead :  D=0x0000000000072000 A=0x7ffffffffffffd08
2924500: system.cpu: T0 : 0x1995a    : c_ldsp s10, 80(sp)         : MemRead :  D=0x0000000000000000 A=0x7ffffffffffffd00
2925000: system.cpu: T0 : 0x1995c    : c_ldsp s11, 72(sp)         : MemRead :  D=0x0000000000072000 A=0x7ffffffffffffcf8
2925500: system.cpu: T0 : 0x1995e    : c_mv a0, s5                : IntAlu :  D=0x0000000000000000
2926000: system.cpu: T0 : 0x19960    : c_ldsp s5, 120(sp)         : MemRead :  D=0x0000000000000003 A=0x7ffffffffffffd28
2926500: system.cpu: T0 : 0x19962    : c_addi16sp sp, 176         : IntAlu :  D=0x7ffffffffffffd60
2927000: system.cpu: T0 : 0x19964    : c_jr ra                    : IntAlu : 
2927500: system.cpu: T0 : 0x148c0    : bne s1, s0, -6             : IntAlu : 
2928000: system.cpu: T0 : 0x148c4    : c_mv a0, s6                : IntAlu :  D=0x0000000000000000
2929000: system.cpu: T0 : 0x148c6    : jal ra, 47996              : IntAlu :  D=0x00000000000148ca
2929500: system.cpu: T0 : 0x20442    : c_mv a4, a0                : IntAlu :  D=0x0000000000000000
2930000: system.cpu: T0 : 0x20444    : addi a7, zero, 94          : IntAlu :  D=0x000000000000005e
2930500: system.cpu: T0 : 0x20448    : ecall                      : No_OpClass : 
