      0: system.cpu: T0 : 0x10348    : jal ra, 46                 : IntAlu :  D=0x000000000001034c
   1000: system.cpu: T0 : 0x10376    : auipc gp, 97               : IntAlu :  D=0x0000000000071376
   2000: system.cpu: T0 : 0x1037a    : addi gp, gp, -758          : IntAlu :  D=0x0000000000071080
   2500: system.cpu: T0 : 0x1037e    : c_jr ra                    : IntAlu : 
   3000: system.cpu: T0 : 0x1034c    : c_mv a5, a0                : IntAlu :  D=0x0000000000000000
   4000: system.cpu: T0 : 0x1034e    : auipc a0, 0                : IntAlu :  D=0x000000000001034e
   5000: system.cpu: T0 : 0x10352    : addi a0, a0, 1568          : IntAlu :  D=0x000000000001096e
   5500: system.cpu: T0 : 0x10356    : c_ldsp a1, 0(sp)           : MemRead :  D=0x0000000000000001 A=0x7fffffffffffff30
   6000: system.cpu: T0 : 0x10358    : c_addi4spn a2, sp, 8       : IntAlu :  D=0x7fffffffffffff38
   7000: system.cpu: T0 : 0x1035a    : andi sp, sp, 18446744073709551600 : IntAlu :  D=0x7fffffffffffff30
   8000: system.cpu: T0 : 0x1035e    : auipc a3, 1                : IntAlu :  D=0x000000000001135e
   9000: system.cpu: T0 : 0x10362    : addi a3, a3, -1290         : IntAlu :  D=0x0000000000010e54
  10000: system.cpu: T0 : 0x10366    : auipc a4, 1                : IntAlu :  D=0x0000000000011366
  11000: system.cpu: T0 : 0x1036a    : addi a4, a4, -1154         : IntAlu :  D=0x0000000000010ee4
  11500: system.cpu: T0 : 0x1036e    : c_mv a6, sp                : IntAlu :  D=0x7fffffffffffff30
  12000: system.cpu: T0 : 0x10370    : jal ra, 1560               : IntAlu :  D=0x0000000000010374
  12500: system.cpu: T0 : 0x10988    : c_addi16sp sp, -320        : IntAlu :  D=0x7ffffffffffffdf0
  13000: system.cpu: T0 : 0x1098a    : c_sdsp s0, 304(sp)         : MemWrite :  D=0x0000000000000000 A=0x7fffffffffffff20
  13500: system.cpu: T0 : 0x1098c    : c_sdsp s1, 296(sp)         : MemWrite :  D=0x0000000000000000 A=0x7fffffffffffff18
  14000: system.cpu: T0 : 0x1098e    : c_sdsp s2, 288(sp)         : MemWrite :  D=0x0000000000000000 A=0x7fffffffffffff10
  14500: system.cpu: T0 : 0x10990    : c_sdsp a2, 16(sp)          : MemWrite :  D=0x7fffffffffffff38 A=0x7ffffffffffffe00
  15000: system.cpu: T0 : 0x10992    : c_sdsp ra, 312(sp)         : MemWrite :  D=0x0000000000010374 A=0x7fffffffffffff28
  15500: system.cpu: T0 : 0x10994    : addi t1, zero, 0           : IntAlu :  D=0x0000000000000000
  16000: system.cpu: T0 : 0x10998    : c_sdsp a0, 24(sp)          : MemWrite :  D=0x000000000001096e A=0x7ffffffffffffe08
  16500: system.cpu: T0 : 0x1099a    : c_sdsp a1, 8(sp)           : MemWrite :  D=0x0000000000000001 A=0x7ffffffffffffdf8
  17000: system.cpu: T0 : 0x1099c    : c_mv s0, a3                : IntAlu :  D=0x0000000000010e54
  17500: system.cpu: T0 : 0x1099e    : c_mv s1, a4                : IntAlu :  D=0x0000000000010ee4
  18000: system.cpu: T0 : 0x109a0    : c_mv s2, a5                : IntAlu :  D=0x0000000000000000
  18500: system.cpu: T0 : 0x109a2    : c_li a2, 0                 : IntAlu :  D=0x0000000000000000
  19000: system.cpu: T0 : 0x109a4    : beq t1, zero, 12           : IntAlu : 
  19500: system.cpu: T0 : 0x109b0    : c_ldsp a5, 8(sp)           : MemRead :  D=0x0000000000000001 A=0x7ffffffffffffdf8
  20500: system.cpu: T0 : 0x109b2    : addi a0, a5, 1             : IntAlu :  D=0x0000000000000002
  21000: system.cpu: T0 : 0x109b6    : c_ldsp a5, 16(sp)          : MemRead :  D=0x7fffffffffffff38 A=0x7ffffffffffffe00
  21500: system.cpu: T0 : 0x109b8    : c_slli a0, 3               : IntAlu :  D=0x0000000000000010
  22000: system.cpu: T0 : 0x109ba    : c_add a0, a5               : IntAlu :  D=0x7fffffffffffff48
  22500: system.cpu: T0 : 0x109bc    : sw a2, -1728(gp)           : MemWrite :  D=0x0000000000000000 A=0x709c0
  23000: system.cpu: T0 : 0x109c0    : sd a0, -1360(gp)           : MemWrite :  D=0x7fffffffffffff48 A=0x70b30
  23500: system.cpu: T0 : 0x109c4    : lui a5, 111                : IntAlu :  D=0x000000000006f000
  24000: system.cpu: T0 : 0x109c8    : sd a6, -80(a5)             : MemWrite :  D=0x7fffffffffffff30 A=0x6efb0
  24500: system.cpu: T0 : 0x109cc    : c_ld a2, 0(a0)             : MemRead :  D=0x0000000000000000 A=0x7fffffffffffff48
  25000: system.cpu: T0 : 0x109ce    : c_addi a0, 8               : IntAlu :  D=0x7fffffffffffff50
  25500: system.cpu: T0 : 0x109d0    : c_bnez a2, -4              : IntAlu : 
  26500: system.cpu: T0 : 0x109d2    : jal ra, 72966              : IntAlu :  D=0x00000000000109d6
  27000: system.cpu: T0 : 0x226d8    : c_ld a5, 0(a0)             : MemRead :  D=0x0000000000000009 A=0x7fffffffffffff50
  28000: system.cpu: T0 : 0x226da    : lui a4, 114                : IntAlu :  D=0x0000000000072000
  29000: system.cpu: T0 : 0x226de    : sd a0, -16(a4)             : MemWrite :  D=0x7fffffffffffff50 A=0x71ff0
  30000: system.cpu: T0 : 0x226e2    : beq a5, zero, 618          : IntAlu : 
  30500: system.cpu: T0 : 0x226e6    : c_addi16sp sp, -224        : IntAlu :  D=0x7ffffffffffffd10
  31000: system.cpu: T0 : 0x226e8    : c_sdsp s1, 208(sp)         : MemWrite :  D=0x0000000000010ee4 A=0x7ffffffffffffde0
  32000: system.cpu: T0 : 0x226ea    : lui s1, 114                : IntAlu :  D=0x0000000000072000
  33000: system.cpu: T0 : 0x226ee    : ld a4, 56(s1)              : MemRead :  D=0x0000000000000000 A=0x72038
  33500: system.cpu: T0 : 0x226f2    : c_sdsp s3, 192(sp)         : MemWrite :  D=0x0000000000000000 A=0x7ffffffffffffdd0
  34000: system.cpu: T0 : 0x226f4    : c_sdsp a4, 64(sp)          : MemWrite :  D=0x0000000000000000 A=0x7ffffffffffffd50
  35000: system.cpu: T0 : 0x226f6    : ld a4, -1336(gp)           : MemRead :  D=0x0000000000000000 A=0x70b48
  36000: system.cpu: T0 : 0x226fa    : lui a6, 111                : IntAlu :  D=0x000000000006f000
  37000: system.cpu: T0 : 0x226fe    : addi a6, a6, -128          : IntAlu :  D=0x000000000006ef80
  37500: system.cpu: T0 : 0x22702    : c_sdsp a4, 32(sp)          : MemWrite :  D=0x0000000000000000 A=0x7ffffffffffffd30
  38000: system.cpu: T0 : 0x22704    : ld a4, 0(a6)               : MemRead :  D=0x0000000000000000 A=0x6ef80
  38500: system.cpu: T0 : 0x22708    : lui t3, 111                : IntAlu :  D=0x000000000006f000
  39000: system.cpu: T0 : 0x2270c    : lui t1, 114                : IntAlu :  D=0x0000000000072000
  39500: system.cpu: T0 : 0x22710    : c_sdsp a4, 104(sp)         : MemWrite :  D=0x0000000000000000 A=0x7ffffffffffffd78
  40500: system.cpu: T0 : 0x22712    : lw a4, -72(t3)             : MemRead :  D=0x0000000000000001 A=0x6efb8
  41000: system.cpu: T0 : 0x22716    : c_sdsp s2, 200(sp)         : MemWrite :  D=0x0000000000000000 A=0x7ffffffffffffdd8
  41500: system.cpu: T0 : 0x22718    : c_sdsp a4, 80(sp)          : MemWrite :  D=0x0000000000000001 A=0x7ffffffffffffd60
  42500: system.cpu: T0 : 0x2271a    : lw a4, 128(t1)             : MemRead :  D=0x0000000000000000 A=0x72080
  43000: system.cpu: T0 : 0x2271e    : c_sdsp s4, 184(sp)         : MemWrite :  D=0x0000000000000000 A=0x7ffffffffffffdc8
  43500: system.cpu: T0 : 0x22720    : c_sdsp a4, 96(sp)          : MemWrite :  D=0x0000000000000000 A=0x7ffffffffffffd70
  44500: system.cpu: T0 : 0x22722    : lw a4, -1344(gp)           : MemRead :  D=0x0000000000000000 A=0x70b40
  45000: system.cpu: T0 : 0x22726    : c_sdsp s0, 216(sp)         : MemWrite :  D=0x0000000000010e54 A=0x7ffffffffffffde8
  45500: system.cpu: T0 : 0x22728    : lui s0, 114                : IntAlu :  D=0x0000000000072000
  46000: system.cpu: T0 : 0x2272c    : c_sdsp a4, 48(sp)          : MemWrite :  D=0x0000000000000000 A=0x7ffffffffffffd40
  47000: system.cpu: T0 : 0x2272e    : ld a4, -1328(gp)           : MemRead :  D=0x0000000000000000 A=0x70b50
  48000: system.cpu: T0 : 0x22732    : lui t6, 114                : IntAlu :  D=0x0000000000072000
  48500: system.cpu: T0 : 0x22736    : c_sdsp a4, 24(sp)          : MemWrite :  D=0x0000000000000000 A=0x7ffffffffffffd28
  49000: system.cpu: T0 : 0x22738    : ld a4, -8(s0)              : MemRead :  D=0x0000000000000000 A=0x71ff8
  49500: system.cpu: T0 : 0x2273c    : lui t2, 114                : IntAlu :  D=0x0000000000072000
  50000: system.cpu: T0 : 0x22740    : lui t0, 114                : IntAlu :  D=0x0000000000072000
  50500: system.cpu: T0 : 0x22744    : c_sdsp a4, 8(sp)           : MemWrite :  D=0x0000000000000000 A=0x7ffffffffffffd18
  51500: system.cpu: T0 : 0x22746    : ld a4, -1784(gp)           : MemRead :  D=0x0000000000001000 A=0x70988
  52500: system.cpu: T0 : 0x2274a    : lui a3, 80                 : IntAlu :  D=0x0000000000050000
  53000: system.cpu: T0 : 0x2274e    : c_sdsp s5, 176(sp)         : MemWrite :  D=0x0000000000000000 A=0x7ffffffffffffdc0
  53500: system.cpu: T0 : 0x22750    : c_sdsp s6, 168(sp)         : MemWrite :  D=0x0000000000000000 A=0x7ffffffffffffdb8
  54000: system.cpu: T0 : 0x22752    : c_sdsp s7, 160(sp)         : MemWrite :  D=0x0000000000000000 A=0x7ffffffffffffdb0
  54500: system.cpu: T0 : 0x22754    : c_sdsp s8, 152(sp)         : MemWrite :  D=0x0000000000000000 A=0x7ffffffffffffda8
  55000: system.cpu: T0 : 0x22756    : c_sdsp s10, 136(sp)        : MemWrite :  D=0x0000000000000000 A=0x7ffffffffffffd98
  55500: system.cpu: T0 : 0x22758    : c_sdsp s11, 128(sp)        : MemWrite :  D=0x0000000000000000 A=0x7ffffffffffffd90
  56000: system.cpu: T0 : 0x2275a    : c_sdsp a4, 120(sp)         : MemWrite :  D=0x0000000000001000 A=0x7ffffffffffffd88
  56500: system.cpu: T0 : 0x2275c    : lw s7, 48(t6)              : MemRead :  D=0x0000000000000000 A=0x72030
  57000: system.cpu: T0 : 0x22760    : ld s11, 80(t2)             : MemRead :  D=0x0000000000000000 A=0x72050
  57500: system.cpu: T0 : 0x22764    : c_sdsp s9, 144(sp)         : MemWrite :  D=0x0000000000000000 A=0x7ffffffffffffda0
  58000: system.cpu: T0 : 0x22766    : c_li s10, 0                : IntAlu :  D=0x0000000000000000
  58500: system.cpu: T0 : 0x22768    : ld s9, 24(t0)              : MemRead :  D=0x0000000000000000 A=0x72018
  59000: system.cpu: T0 : 0x2276c    : c_li s8, 0                 : IntAlu :  D=0x0000000000000000
  59500: system.cpu: T0 : 0x2276e    : c_sdsp zero, 112(sp)       : MemWrite :  D=0x0000000000000000 A=0x7ffffffffffffd80
  60000: system.cpu: T0 : 0x22770    : c_sdsp zero, 88(sp)        : MemWrite :  D=0x0000000000000000 A=0x7ffffffffffffd68
  60500: system.cpu: T0 : 0x22772    : c_sdsp zero, 72(sp)        : MemWrite :  D=0x0000000000000000 A=0x7ffffffffffffd58
  61000: system.cpu: T0 : 0x22774    : c_sdsp zero, 56(sp)        : MemWrite :  D=0x0000000000000000 A=0x7ffffffffffffd48
  61500: system.cpu: T0 : 0x22776    : c_sdsp zero, 40(sp)        : MemWrite :  D=0x0000000000000000 A=0x7ffffffffffffd38
  62000: system.cpu: T0 : 0x22778    : c_sdsp zero, 16(sp)        : MemWrite :  D=0x0000000000000000 A=0x7ffffffffffffd20
  62500: system.cpu: T0 : 0x2277a    : c_li s6, 0                 : IntAlu :  D=0x0000000000000000
  63000: system.cpu: T0 : 0x2277c    : c_li s5, 0                 : IntAlu :  D=0x0000000000000000
  63500: system.cpu: T0 : 0x2277e    : c_li t5, 0                 : IntAlu :  D=0x0000000000000000
  64000: system.cpu: T0 : 0x22780    : c_li a7, 0                 : IntAlu :  D=0x0000000000000000
  64500: system.cpu: T0 : 0x22782    : c_li a1, 0                 : IntAlu :  D=0x0000000000000000
  65000: system.cpu: T0 : 0x22784    : c_li a2, 0                 : IntAlu :  D=0x0000000000000000
  65500: system.cpu: T0 : 0x22786    : c_li a4, 30                : IntAlu :  D=0x000000000000001e
  66000: system.cpu: T0 : 0x22788    : addi a3, a3, 16            : IntAlu :  D=0x0000000000050010
  66500: system.cpu: T0 : 0x2278c    : c_addi a5, -3              : IntAlu :  D=0x0000000000000006
  67500: system.cpu: T0 : 0x2278e    : bltu a4, a5, 20            : IntAlu : 
  68000: system.cpu: T0 : 0x22792    : c_slli a5, 2               : IntAlu :  D=0x0000000000000018
  68500: system.cpu: T0 : 0x22794    : c_add a5, a3               : IntAlu :  D=0x0000000000050028
  69000: system.cpu: T0 : 0x22796    : c_lw a5, 0(a5)             : MemRead :  D=0x00000000000227a2 A=0x50028
  69500: system.cpu: T0 : 0x22798    : c_jr a5                    : IntAlu : 
  70000: system.cpu: T0 : 0x227a2    : c_ld a5, 16(a0)            : MemRead :  D=0x0000000000000005 A=0x7fffffffffffff60
  70500: system.cpu: T0 : 0x227a4    : c_addi a0, 16              : IntAlu :  D=0x7fffffffffffff60
  71000: system.cpu: T0 : 0x227a6    : c_bnez a5, -26             : IntAlu : 
  71500: system.cpu: T0 : 0x2278c    : c_addi a5, -3              : IntAlu :  D=0x0000000000000002
  72500: system.cpu: T0 : 0x2278e    : bltu a4, a5, 20            : IntAlu : 
  73000: system.cpu: T0 : 0x22792    : c_slli a5, 2               : IntAlu :  D=0x0000000000000008
  73500: system.cpu: T0 : 0x22794    : c_add a5, a3               : IntAlu :  D=0x0000000000050018
  74000: system.cpu: T0 : 0x22796    : c_lw a5, 0(a5)             : MemRead :  D=0x0000000000022920 A=0x50018
  74500: system.cpu: T0 : 0x22798    : c_jr a5                    : IntAlu : 
  75000: system.cpu: T0 : 0x22920    : c_ld a5, 16(a0)            : MemRead :  D=0x0000000000000004 A=0x7fffffffffffff70
  76000: system.cpu: T0 : 0x22922    : ld s11, 8(a0)              : MemRead :  D=0x0000000000000006 A=0x7fffffffffffff68
  76500: system.cpu: T0 : 0x22926    : c_li s8, 1                 : IntAlu :  D=0x0000000000000001
  77000: system.cpu: T0 : 0x22928    : c_addi a0, 16              : IntAlu :  D=0x7fffffffffffff70
  78000: system.cpu: T0 : 0x2292a    : bne a5, zero, -414         : IntAlu : 
  78500: system.cpu: T0 : 0x2278c    : c_addi a5, -3              : IntAlu :  D=0x0000000000000001
  79500: system.cpu: T0 : 0x2278e    : bltu a4, a5, 20            : IntAlu : 
  80000: system.cpu: T0 : 0x22792    : c_slli a5, 2               : IntAlu :  D=0x0000000000000004
  80500: system.cpu: T0 : 0x22794    : c_add a5, a3               : IntAlu :  D=0x0000000000050014
  81000: system.cpu: T0 : 0x22796    : c_lw a5, 0(a5)             : MemRead :  D=0x00000000000227a2 A=0x50014
  81500: system.cpu: T0 : 0x22798    : c_jr a5                    : IntAlu : 
  82000: system.cpu: T0 : 0x227a2    : c_ld a5, 16(a0)            : MemRead :  D=0x0000000000000003 A=0x7fffffffffffff80
  82500: system.cpu: T0 : 0x227a4    : c_addi a0, 16              : IntAlu :  D=0x7fffffffffffff80
  83000: system.cpu: T0 : 0x227a6    : c_bnez a5, -26             : IntAlu : 
  83500: system.cpu: T0 : 0x2278c    : c_addi a5, -3              : IntAlu :  D=0x0000000000000000
  84500: system.cpu: T0 : 0x2278e    : bltu a4, a5, 20            : IntAlu : 
  85000: system.cpu: T0 : 0x22792    : c_slli a5, 2               : IntAlu :  D=0x0000000000000000
  85500: system.cpu: T0 : 0x22794    : c_add a5, a3               : IntAlu :  D=0x0000000000050010
  86000: system.cpu: T0 : 0x22796    : c_lw a5, 0(a5)             : MemRead :  D=0x0000000000022930 A=0x50010
  86500: system.cpu: T0 : 0x22798    : c_jr a5                    : IntAlu : 
  87000: system.cpu: T0 : 0x22930    : c_ld a5, 16(a0)            : MemRead :  D=0x0000000000000006 A=0x7fffffffffffff90
  88000: system.cpu: T0 : 0x22932    : ld s9, 8(a0)               : MemRead :  D=0x0000000000010040 A=0x7fffffffffffff88
  88500: system.cpu: T0 : 0x22936    : c_li s6, 1                 : IntAlu :  D=0x0000000000000001
  89000: system.cpu: T0 : 0x22938    : c_addi a0, 16              : IntAlu :  D=0x7fffffffffffff90
  90000: system.cpu: T0 : 0x2293a    : bne a5, zero, -430         : IntAlu : 
  90500: system.cpu: T0 : 0x2278c    : c_addi a5, -3              : IntAlu :  D=0x0000000000000003
  91500: system.cpu: T0 : 0x2278e    : bltu a4, a5, 20            : IntAlu : 
  92000: system.cpu: T0 : 0x22792    : c_slli a5, 2               : IntAlu :  D=0x000000000000000c
  92500: system.cpu: T0 : 0x22794    : c_add a5, a3               : IntAlu :  D=0x000000000005001c
  93000: system.cpu: T0 : 0x22796    : c_lw a5, 0(a5)             : MemRead :  D=0x000000000002279a A=0x5001c
  93500: system.cpu: T0 : 0x22798    : c_jr a5                    : IntAlu : 
  94000: system.cpu: T0 : 0x2279a    : c_ld a5, 8(a0)             : MemRead :  D=0x0000000000001000 A=0x7fffffffffffff98
  94500: system.cpu: T0 : 0x2279c    : c_beqz a5, 6               : IntAlu : 
  95000: system.cpu: T0 : 0x2279e    : c_sdsp a5, 120(sp)         : MemWrite :  D=0x0000000000001000 A=0x7ffffffffffffd88
  95500: system.cpu: T0 : 0x227a0    : c_li t5, 1                 : IntAlu :  D=0x0000000000000001
  96000: system.cpu: T0 : 0x227a2    : c_ld a5, 16(a0)            : MemRead :  D=0x0000000000000017 A=0x7fffffffffffffa0
  96500: system.cpu: T0 : 0x227a4    : c_addi a0, 16              : IntAlu :  D=0x7fffffffffffffa0
  97000: system.cpu: T0 : 0x227a6    : c_bnez a5, -26             : IntAlu : 
  97500: system.cpu: T0 : 0x2278c    : c_addi a5, -3              : IntAlu :  D=0x0000000000000014
  98500: system.cpu: T0 : 0x2278e    : bltu a4, a5, 20            : IntAlu : 
  99000: system.cpu: T0 : 0x22792    : c_slli a5, 2               : IntAlu :  D=0x0000000000000050
  99500: system.cpu: T0 : 0x22794    : c_add a5, a3               : IntAlu :  D=0x0000000000050060
 100000: system.cpu: T0 : 0x22796    : c_lw a5, 0(a5)             : MemRead :  D=0x0000000000022874 A=0x50060
 100500: system.cpu: T0 : 0x22798    : c_jr a5                    : IntAlu : 
 101000: system.cpu: T0 : 0x22874    : c_lw a5, 8(a0)             : MemRead :  D=0x0000000000000000 A=0x7fffffffffffffa8
 101500: system.cpu: T0 : 0x22876    : c_li a2, -1                : IntAlu :  D=0xffffffffffffffff
 102000: system.cpu: T0 : 0x22878    : c_addi a0, 16              : IntAlu :  D=0x7fffffffffffffb0
 102500: system.cpu: T0 : 0x2287a    : c_sdsp a5, 80(sp)          : MemWrite :  D=0x0000000000000000 A=0x7ffffffffffffd60
 103000: system.cpu: T0 : 0x2287c    : c_li a5, 1                 : IntAlu :  D=0x0000000000000001
 103500: system.cpu: T0 : 0x2287e    : c_sdsp a5, 96(sp)          : MemWrite :  D=0x0000000000000001 A=0x7ffffffffffffd70
 104000: system.cpu: T0 : 0x22880    : c_sdsp a5, 88(sp)          : MemWrite :  D=0x0000000000000001 A=0x7ffffffffffffd68
 104500: system.cpu: T0 : 0x22882    : c_ld a5, 0(a0)             : MemRead :  D=0x0000000000000019 A=0x7fffffffffffffb0
 105000: system.cpu: T0 : 0x22884    : c_bnez a5, -248            : IntAlu : 
 105500: system.cpu: T0 : 0x2278c    : c_addi a5, -3              : IntAlu :  D=0x0000000000000016
 106500: system.cpu: T0 : 0x2278e    : bltu a4, a5, 20            : IntAlu : 
 107000: system.cpu: T0 : 0x22792    : c_slli a5, 2               : IntAlu :  D=0x0000000000000058
 107500: system.cpu: T0 : 0x22794    : c_add a5, a3               : IntAlu :  D=0x0000000000050068
 108000: system.cpu: T0 : 0x22796    : c_lw a5, 0(a5)             : MemRead :  D=0x0000000000022864 A=0x50068
 108500: system.cpu: T0 : 0x22798    : c_jr a5                    : IntAlu : 
 109000: system.cpu: T0 : 0x22864    : c_ld a5, 8(a0)             : MemRead :  D=0x7fffffffffffffd0 A=0x7fffffffffffffb8
 109500: system.cpu: T0 : 0x22866    : c_addi a0, 16              : IntAlu :  D=0x7fffffffffffffc0
 110000: system.cpu: T0 : 0x22868    : c_sdsp a5, 104(sp)         : MemWrite :  D=0x7fffffffffffffd0 A=0x7ffffffffffffd78
 110500: system.cpu: T0 : 0x2286a    : c_li a5, 1                 : IntAlu :  D=0x0000000000000001
 111000: system.cpu: T0 : 0x2286c    : c_sdsp a5, 112(sp)         : MemWrite :  D=0x0000000000000001 A=0x7ffffffffffffd80
 111500: system.cpu: T0 : 0x2286e    : c_ld a5, 0(a0)             : MemRead :  D=0x0000000000000000 A=0x7fffffffffffffc0
 112000: system.cpu: T0 : 0x22870    : c_bnez a5, -228            : IntAlu : 
 112500: system.cpu: T0 : 0x22872    : c_j -202                   : IntAlu : 
 113000: system.cpu: T0 : 0x227a8    : bne t5, zero, 408          : IntAlu : 
 113500: system.cpu: T0 : 0x22940    : c_ldsp a5, 120(sp)         : MemRead :  D=0x0000000000001000 A=0x7ffffffffffffd88
 114500: system.cpu: T0 : 0x22942    : sd a5, -1784(gp)           : MemWrite :  D=0x0000000000001000 A=0x70988
 115500: system.cpu: T0 : 0x22946    : bne s5, zero, -406         : IntAlu : 
 116000: system.cpu: T0 : 0x2294a    : c_j -406                   : IntAlu : 
 116500: system.cpu: T0 : 0x227b4    : beq s6, zero, 8            : IntAlu : 
 117000: system.cpu: T0 : 0x227b8    : sd s9, 24(t0)              : MemWrite :  D=0x0000000000010040 A=0x72018
 117500: system.cpu: T0 : 0x227bc    : beq s8, zero, 8            : IntAlu : 
 118000: system.cpu: T0 : 0x227c0    : sd s11, 80(t2)             : MemWrite :  D=0x0000000000000006 A=0x72050
 118500: system.cpu: T0 : 0x227c4    : beq s10, zero, 10          : IntAlu : 
 119000: system.cpu: T0 : 0x227ce    : c_ldsp a5, 16(sp)          : MemRead :  D=0x0000000000000000 A=0x7ffffffffffffd20
 119500: system.cpu: T0 : 0x227d0    : c_beqz a5, 8               : IntAlu : 
 120000: system.cpu: T0 : 0x227d8    : c_ldsp a5, 40(sp)          : MemRead :  D=0x0000000000000000 A=0x7ffffffffffffd38
 120500: system.cpu: T0 : 0x227da    : c_beqz a5, 8               : IntAlu : 
 121000: system.cpu: T0 : 0x227e2    : c_ldsp a5, 56(sp)          : MemRead :  D=0x0000000000000000 A=0x7ffffffffffffd48
 121500: system.cpu: T0 : 0x227e4    : c_beqz a5, 8               : IntAlu : 
 122000: system.cpu: T0 : 0x227ec    : c_ldsp a5, 72(sp)          : MemRead :  D=0x0000000000000000 A=0x7ffffffffffffd58
 122500: system.cpu: T0 : 0x227ee    : c_beqz a5, 8               : IntAlu : 
 123000: system.cpu: T0 : 0x227f6    : c_ldsp a5, 88(sp)          : MemRead :  D=0x0000000000000001 A=0x7ffffffffffffd68
 123500: system.cpu: T0 : 0x227f8    : c_beqz a5, 14              : IntAlu : 
 124000: system.cpu: T0 : 0x227fa    : c_ldsp a5, 80(sp)          : MemRead :  D=0x0000000000000000 A=0x7ffffffffffffd60
 124500: system.cpu: T0 : 0x227fc    : sw a5, -72(t3)             : MemWrite :  D=0x0000000000000000 A=0x6efb8
 125000: system.cpu: T0 : 0x22800    : c_ldsp a5, 96(sp)          : MemRead :  D=0x0000000000000001 A=0x7ffffffffffffd70
 126000: system.cpu: T0 : 0x22802    : sw a5, 128(t1)             : MemWrite :  D=0x0000000000000001 A=0x72080
 126500: system.cpu: T0 : 0x22806    : c_ldsp a5, 112(sp)         : MemRead :  D=0x0000000000000001 A=0x7ffffffffffffd80
 127000: system.cpu: T0 : 0x22808    : c_beqz a5, 8               : IntAlu : 
 127500: system.cpu: T0 : 0x2280a    : c_ldsp a5, 104(sp)         : MemRead :  D=0x7fffffffffffffd0 A=0x7ffffffffffffd78
 128000: system.cpu: T0 : 0x2280c    : sd a5, 0(a6)               : MemWrite :  D=0x7fffffffffffffd0 A=0x6ef80
 128500: system.cpu: T0 : 0x22810    : c_li a5, 15                : IntAlu :  D=0x000000000000000f
 129500: system.cpu: T0 : 0x22812    : bne a2, a5, 22             : IntAlu : 
 130000: system.cpu: T0 : 0x22828    : c_ldsp s0, 216(sp)         : MemRead :  D=0x0000000000010e54 A=0x7ffffffffffffde8
 130500: system.cpu: T0 : 0x2282a    : c_ldsp s1, 208(sp)         : MemRead :  D=0x0000000000010ee4 A=0x7ffffffffffffde0
 131000: system.cpu: T0 : 0x2282c    : c_ldsp s2, 200(sp)         : MemRead :  D=0x0000000000000000 A=0x7ffffffffffffdd8
 131500: system.cpu: T0 : 0x2282e    : c_ldsp s3, 192(sp)         : MemRead :  D=0x0000000000000000 A=0x7ffffffffffffdd0
 132000: system.cpu: T0 : 0x22830    : c_ldsp s4, 184(sp)         : MemRead :  D=0x0000000000000000 A=0x7ffffffffffffdc8
 132500: system.cpu: T0 : 0x22832    : c_ldsp s5, 176(sp)         : MemRead :  D=0x0000000000000000 A=0x7ffffffffffffdc0
 133000: system.cpu: T0 : 0x22834    : c_ldsp s6, 168(sp)         : MemRead :  D=0x0000000000000000 A=0x7ffffffffffffdb8
 133500: system.cpu: T0 : 0x22836    : c_ldsp s7, 160(sp)         : MemRead :  D=0x0000000000000000 A=0x7ffffffffffffdb0
 134000: system.cpu: T0 : 0x22838    : c_ldsp s8, 152(sp)         : MemRead :  D=0x0000000000000000 A=0x7ffffffffffffda8
 134500: system.cpu: T0 : 0x2283a    : c_ldsp s9, 144(sp)         : MemRead :  D=0x0000000000000000 A=0x7ffffffffffffda0
 135000: system.cpu: T0 : 0x2283c    : c_ldsp s10, 136(sp)        : MemRead :  D=0x0000000000000000 A=0x7ffffffffffffd98
 135500: system.cpu: T0 : 0x2283e    : c_ldsp s11, 128(sp)        : MemRead :  D=0x0000000000000000 A=0x7ffffffffffffd90
 136000: system.cpu: T0 : 0x22840    : c_addi16sp sp, 224         : IntAlu :  D=0x7ffffffffffffdf0
 136500: system.cpu: T0 : 0x22842    : c_jr ra                    : IntAlu : 
 137500: system.cpu: T0 : 0x109d6    : lui a5, 114                : IntAlu :  D=0x0000000000072000
 138500: system.cpu: T0 : 0x109da    : ld a4, 24(a5)              : MemRead :  D=0x0000000000010040 A=0x72018
 139500: system.cpu: T0 : 0x109de    : beq a4, zero, 320          : IntAlu : 
 140500: system.cpu: T0 : 0x109e2    : jal ra, 75472              : IntAlu :  D=0x00000000000109e6
 141500: system.cpu: T0 : 0x230b2    : lui a5, 114                : IntAlu :  D=0x0000000000072000
 142500: system.cpu: T0 : 0x230b6    : lw a5, 128(a5)             : MemRead :  D=0x0000000000000001 A=0x72080
 143000: system.cpu: T0 : 0x230ba    : c_beqz a5, 4               : IntAlu : 
 143500: system.cpu: T0 : 0x230bc    : c_jr ra                    : IntAlu : 
 144500: system.cpu: T0 : 0x109e6    : ld a0, -1360(gp)           : MemRead :  D=0x7fffffffffffff48 A=0x70b30
 145500: system.cpu: T0 : 0x109ea    : jal ra, 71970              : IntAlu :  D=0x00000000000109ee
 146000: system.cpu: T0 : 0x2230c    : c_addi16sp sp, -128        : IntAlu :  D=0x7ffffffffffffd70
 146500: system.cpu: T0 : 0x2230e    : c_sdsp s4, 80(sp)          : MemWrite :  D=0x0000000000000000 A=0x7ffffffffffffdc0
 147000: system.cpu: T0 : 0x22310    : lui s4, 111                : IntAlu :  D=0x000000000006f000
 147500: system.cpu: T0 : 0x22314    : lw a5, -72(s4)             : MemRead :  D=0x0000000000000000 A=0x6efb8
 148000: system.cpu: T0 : 0x22318    : c_sdsp s7, 56(sp)          : MemWrite :  D=0x0000000000000000 A=0x7ffffffffffffda8
 148500: system.cpu: T0 : 0x2231a    : c_sdsp ra, 120(sp)         : MemWrite :  D=0x00000000000109ee A=0x7ffffffffffffde8
 149000: system.cpu: T0 : 0x2231c    : c_sdsp s0, 112(sp)         : MemWrite :  D=0x0000000000010e54 A=0x7ffffffffffffde0
 149500: system.cpu: T0 : 0x2231e    : c_sdsp s1, 104(sp)         : MemWrite :  D=0x0000000000010ee4 A=0x7ffffffffffffdd8
 150000: system.cpu: T0 : 0x22320    : c_sdsp s2, 96(sp)          : MemWrite :  D=0x0000000000000000 A=0x7ffffffffffffdd0
 150500: system.cpu: T0 : 0x22322    : c_sdsp s3, 88(sp)          : MemWrite :  D=0x0000000000000000 A=0x7ffffffffffffdc8
 151000: system.cpu: T0 : 0x22324    : c_sdsp s5, 72(sp)          : MemWrite :  D=0x0000000000000000 A=0x7ffffffffffffdb8
 151500: system.cpu: T0 : 0x22326    : c_sdsp s6, 64(sp)          : MemWrite :  D=0x0000000000000000 A=0x7ffffffffffffdb0
 152000: system.cpu: T0 : 0x22328    : c_sdsp s8, 48(sp)          : MemWrite :  D=0x0000000000000000 A=0x7ffffffffffffda0
 152500: system.cpu: T0 : 0x2232a    : c_sdsp s9, 40(sp)          : MemWrite :  D=0x0000000000000000 A=0x7ffffffffffffd98
 153000: system.cpu: T0 : 0x2232c    : c_sdsp s10, 32(sp)         : MemWrite :  D=0x0000000000000000 A=0x7ffffffffffffd90
 153500: system.cpu: T0 : 0x2232e    : c_sdsp s11, 24(sp)         : MemWrite :  D=0x0000000000000000 A=0x7ffffffffffffd88
 154000: system.cpu: T0 : 0x22330    : c_mv s7, a0                : IntAlu :  D=0x7fffffffffffff48
 155000: system.cpu: T0 : 0x22332    : bne a5, zero, 750          : IntAlu : 
 156000: system.cpu: T0 : 0x22336    : lui s0, 111                : IntAlu :  D=0x000000000006f000
 157000: system.cpu: T0 : 0x2233a    : addi s3, zero, 61          : IntAlu :  D=0x000000000000003d
 158000: system.cpu: T0 : 0x2233e    : lui s1, 80                 : IntAlu :  D=0x0000000000050000
 159000: system.cpu: T0 : 0x22342    : addi s6, s0, -1248         : IntAlu :  D=0x000000000006eb20
 160000: system.cpu: T0 : 0x22346    : beq s7, zero, 166          : IntAlu : 
 160500: system.cpu: T0 : 0x2234a    : c_mv a3, s7                : IntAlu :  D=0x7fffffffffffff48
 161000: system.cpu: T0 : 0x2234c    : ld s9, 0(a3)               : MemRead :  D=0x0000000000000000 A=0x7fffffffffffff48
 161500: system.cpu: T0 : 0x22350    : c_mv s5, a3                : IntAlu :  D=0x7fffffffffffff48
 162500: system.cpu: T0 : 0x22352    : beq s9, zero, 154          : IntAlu : 
 163000: system.cpu: T0 : 0x223ec    : c_ldsp ra, 120(sp)         : MemRead :  D=0x00000000000109ee A=0x7ffffffffffffde8
 163500: system.cpu: T0 : 0x223ee    : c_ldsp s0, 112(sp)         : MemRead :  D=0x0000000000010e54 A=0x7ffffffffffffde0
 164000: system.cpu: T0 : 0x223f0    : c_ldsp s1, 104(sp)         : MemRead :  D=0x0000000000010ee4 A=0x7ffffffffffffdd8
 164500: system.cpu: T0 : 0x223f2    : c_ldsp s2, 96(sp)          : MemRead :  D=0x0000000000000000 A=0x7ffffffffffffdd0
 165000: system.cpu: T0 : 0x223f4    : c_ldsp s3, 88(sp)          : MemRead :  D=0x0000000000000000 A=0x7ffffffffffffdc8
 165500: system.cpu: T0 : 0x223f6    : c_ldsp s4, 80(sp)          : MemRead :  D=0x0000000000000000 A=0x7ffffffffffffdc0
 166000: system.cpu: T0 : 0x223f8    : c_ldsp s5, 72(sp)          : MemRead :  D=0x0000000000000000 A=0x7ffffffffffffdb8
 166500: system.cpu: T0 : 0x223fa    : c_ldsp s6, 64(sp)          : MemRead :  D=0x0000000000000000 A=0x7ffffffffffffdb0
 167000: system.cpu: T0 : 0x223fc    : c_ldsp s7, 56(sp)          : MemRead :  D=0x0000000000000000 A=0x7ffffffffffffda8
 167500: system.cpu: T0 : 0x223fe    : c_ldsp s8, 48(sp)          : MemRead :  D=0x0000000000000000 A=0x7ffffffffffffda0
 168000: system.cpu: T0 : 0x22400    : c_ldsp s9, 40(sp)          : MemRead :  D=0x0000000000000000 A=0x7ffffffffffffd98
 168500: system.cpu: T0 : 0x22402    : c_ldsp s10, 32(sp)         : MemRead :  D=0x0000000000000000 A=0x7ffffffffffffd90
 169000: system.cpu: T0 : 0x22404    : c_ldsp s11, 24(sp)         : MemRead :  D=0x0000000000000000 A=0x7ffffffffffffd88
 169500: system.cpu: T0 : 0x22406    : c_addi16sp sp, 128         : IntAlu :  D=0x7ffffffffffffdf0
 170000: system.cpu: T0 : 0x22408    : c_jr ra                    : IntAlu : 
 171000: system.cpu: T0 : 0x109ee    : jal ra, 664                : IntAlu :  D=0x00000000000109f2
 171500: system.cpu: T0 : 0x10c86    : c_addi16sp sp, -128        : IntAlu :  D=0x7ffffffffffffd70
 172000: system.cpu: T0 : 0x10c88    : lui a5, 114                : IntAlu :  D=0x0000000000072000
 172500: system.cpu: T0 : 0x10c8c    : c_sdsp s0, 112(sp)         : MemWrite :  D=0x0000000000010e54 A=0x7ffffffffffffde0
 173500: system.cpu: T0 : 0x10c8e    : ld s0, 24(a5)              : MemRead :  D=0x0000000000010040 A=0x72018
 174000: system.cpu: T0 : 0x10c92    : c_sdsp s3, 88(sp)          : MemWrite :  D=0x0000000000000000 A=0x7ffffffffffffdc8
 174500: system.cpu: T0 : 0x10c94    : lui a5, 112                : IntAlu :  D=0x0000000000070000
 175000: system.cpu: T0 : 0x10c98    : c_sdsp ra, 120(sp)         : MemWrite :  D=0x00000000000109f2 A=0x7ffffffffffffde8
 175500: system.cpu: T0 : 0x10c9a    : c_sdsp s1, 104(sp)         : MemWrite :  D=0x0000000000010ee4 A=0x7ffffffffffffdd8
 176000: system.cpu: T0 : 0x10c9c    : c_sdsp s2, 96(sp)          : MemWrite :  D=0x0000000000000000 A=0x7ffffffffffffdd0
 176500: system.cpu: T0 : 0x10c9e    : c_sdsp s4, 80(sp)          : MemWrite :  D=0x0000000000000000 A=0x7ffffffffffffdc0
 177000: system.cpu: T0 : 0x10ca0    : c_sdsp s5, 72(sp)          : MemWrite :  D=0x0000000000000000 A=0x7ffffffffffffdb8
 177500: system.cpu: T0 : 0x10ca2    : c_sdsp s6, 64(sp)          : MemWrite :  D=0x0000000000000000 A=0x7ffffffffffffdb0
 178000: system.cpu: T0 : 0x10ca4    : c_sdsp s7, 56(sp)          : MemWrite :  D=0x0000000000000000 A=0x7ffffffffffffda8
 178500: system.cpu: T0 : 0x10ca6    : c_sdsp s8, 48(sp)          : MemWrite :  D=0x0000000000000000 A=0x7ffffffffffffda0
 179000: system.cpu: T0 : 0x10ca8    : c_sdsp s9, 40(sp)          : MemWrite :  D=0x0000000000000000 A=0x7ffffffffffffd98
 179500: system.cpu: T0 : 0x10caa    : c_sdsp s10, 32(sp)         : MemWrite :  D=0x0000000000000000 A=0x7ffffffffffffd90
 180000: system.cpu: T0 : 0x10cac    : c_sdsp s11, 24(sp)         : MemWrite :  D=0x0000000000000000 A=0x7ffffffffffffd88
 181000: system.cpu: T0 : 0x10cae    : ld s3, 896(a5)             : MemRead :  D=0x000000000006feb0 A=0x70380
 182000: system.cpu: T0 : 0x10cb2    : beq s0, zero, 368          : IntAlu : 
 183000: system.cpu: T0 : 0x10cb6    : lui a5, 114                : IntAlu :  D=0x0000000000072000
 184000: system.cpu: T0 : 0x10cba    : ld a5, 80(a5)              : MemRead :  D=0x0000000000000006 A=0x72050
 185000: system.cpu: T0 : 0x10cbe    : slli a4, a5, 3             : IntAlu :  D=0x0000000000000030
 185500: system.cpu: T0 : 0x10cc2    : c_sub a4, a5               : IntAlu :  D=0x000000000000002a
 186000: system.cpu: T0 : 0x10cc4    : c_slli a4, 3               : IntAlu :  D=0x0000000000000150
 186500: system.cpu: T0 : 0x10cc6    : c_add a4, s0               : IntAlu :  D=0x0000000000010190
 187000: system.cpu: T0 : 0x10cc8    : bgeu s0, a4, 322           : IntAlu : 
 187500: system.cpu: T0 : 0x10ccc    : c_li a3, 7                 : IntAlu :  D=0x0000000000000007
 188000: system.cpu: T0 : 0x10cce    : c_j 10                     : IntAlu : 
 188500: system.cpu: T0 : 0x10cd8    : c_lw a5, 0(s0)             : MemRead :  D=0x0000000000000001 A=0x10040
 189500: system.cpu: T0 : 0x10cda    : bne a5, a3, -10            : IntAlu : 
 190000: system.cpu: T0 : 0x10cd0    : addi s0, s0, 56            : IntAlu :  D=0x0000000000010078
 190500: system.cpu: T0 : 0x10cd4    : bgeu s0, a4, 310           : IntAlu : 
 191000: system.cpu: T0 : 0x10cd8    : c_lw a5, 0(s0)             : MemRead :  D=0x0000000000000001 A=0x10078
 192000: system.cpu: T0 : 0x10cda    : bne a5, a3, -10            : IntAlu : 
 192500: system.cpu: T0 : 0x10cd0    : addi s0, s0, 56            : IntAlu :  D=0x00000000000100b0
 193000: system.cpu: T0 : 0x10cd4    : bgeu s0, a4, 310           : IntAlu : 
 193500: system.cpu: T0 : 0x10cd8    : c_lw a5, 0(s0)             : MemRead :  D=0x0000000000000004 A=0x100b0
 194500: system.cpu: T0 : 0x10cda    : bne a5, a3, -10            : IntAlu : 
 195000: system.cpu: T0 : 0x10cd0    : addi s0, s0, 56            : IntAlu :  D=0x00000000000100e8
 195500: system.cpu: T0 : 0x10cd4    : bgeu s0, a4, 310           : IntAlu : 
 196000: system.cpu: T0 : 0x10cd8    : c_lw a5, 0(s0)             : MemRead :  D=0x0000000000000007 A=0x100e8
 197000: system.cpu: T0 : 0x10cda    : bne a5, a3, -10            : IntAlu : 
 198000: system.cpu: T0 : 0x10cde    : ld s5, 48(s0)              : MemRead :  D=0x0000000000000008 A=0x10118
 199000: system.cpu: T0 : 0x10ce2    : ld a1, 0(s3)               : MemRead :  D=0x0000000000000000 A=0x6feb0
 199500: system.cpu: T0 : 0x10ce6    : c_ld a4, 16(s0)            : MemRead :  D=0x000000000006ead0 A=0x100f8
 200000: system.cpu: T0 : 0x10ce8    : c_li a5, 16                : IntAlu :  D=0x0000000000000010
 201000: system.cpu: T0 : 0x10cea    : ld s10, 40(s0)             : MemRead :  D=0x0000000000000060 A=0x10110
 202000: system.cpu: T0 : 0x10cee    : ld s4, 32(s0)              : MemRead :  D=0x0000000000000020 A=0x10108
 202500: system.cpu: T0 : 0x10cf2    : c_mv s8, s5                : IntAlu :  D=0x0000000000000008
 203000: system.cpu: T0 : 0x10cf4    : add s0, a1, a4             : IntAlu :  D=0x000000000006ead0
 203500: system.cpu: T0 : 0x10cf8    : bltu s5, a5, 260           : IntAlu : 
 204000: system.cpu: T0 : 0x10dfc    : c_li s8, 16                : IntAlu :  D=0x0000000000000010
 205000: system.cpu: T0 : 0x10dfe    : addi a4, s8, -1            : IntAlu :  D=0x000000000000000f
 205500: system.cpu: T0 : 0x10e02    : c_mv s9, s5                : IntAlu :  D=0x0000000000000008
 206000: system.cpu: T0 : 0x10e04    : bne s5, zero, -254         : IntAlu : 
 207000: system.cpu: T0 : 0x10d06    : sub s11, zero, s8          : IntAlu :  D=0xfffffffffffffff0
 208000: system.cpu: T0 : 0x10d0a    : beq s5, zero, 302          : IntAlu : 
 209000: system.cpu: T0 : 0x10d0e    : addi s2, s5, -1            : IntAlu :  D=0x0000000000000007
 210000: system.cpu: T0 : 0x10d12    : divu a5, s2, s9            : IntDiv :  D=0x0000000000000000
 210500: system.cpu: T0 : 0x10d16    : c_add s2, s10              : IntAlu :  D=0x0000000000000067
 211000: system.cpu: T0 : 0x10d18    : mul s7, a5, s9             : IntMult :  D=0x0000000000000000
 211500: system.cpu: T0 : 0x10d1c    : c_mv a5, s7                : IntAlu :  D=0x0000000000000000
 212500: system.cpu: T0 : 0x10d1e    : ld a0, -1968(gp)           : MemRead :  D=0x0000000000000800 A=0x708d0
 213000: system.cpu: T0 : 0x10d22    : c_sdsp a5, 8(sp)           : MemWrite :  D=0x0000000000000000 A=0x7ffffffffffffd78
 213500: system.cpu: T0 : 0x10d24    : c_sdsp a4, 0(sp)           : MemWrite :  D=0x000000000000000f A=0x7ffffffffffffd70
 214500: system.cpu: T0 : 0x10d26    : addi a0, a0, 1808          : IntAlu :  D=0x0000000000000f10
 215000: system.cpu: T0 : 0x10d2a    : c_add a0, s10              : IntAlu :  D=0x0000000000000f70
 215500: system.cpu: T0 : 0x10d2c    : c_add a0, s8               : IntAlu :  D=0x0000000000000f80
 216000: system.cpu: T0 : 0x10d2e    : c_add a0, s7               : IntAlu :  D=0x0000000000000f80
 216500: system.cpu: T0 : 0x10d30    : jal ra, 67208              : IntAlu :  D=0x0000000000010d34
 217000: system.cpu: T0 : 0x213b8    : c_addi sp, -32             : IntAlu :  D=0x7ffffffffffffd50
 217500: system.cpu: T0 : 0x213ba    : c_sdsp s2, 0(sp)           : MemWrite :  D=0x0000000000000067 A=0x7ffffffffffffd50
 218000: system.cpu: T0 : 0x213bc    : c_sdsp s1, 8(sp)           : MemWrite :  D=0x0000000000010ee4 A=0x7ffffffffffffd58
 219000: system.cpu: T0 : 0x213be    : ld s1, -1200(gp)           : MemRead :  D=0x0000000000000000 A=0x70bd0
 219500: system.cpu: T0 : 0x213c2    : c_sdsp s0, 16(sp)          : MemWrite :  D=0x000000000006ead0 A=0x7ffffffffffffd60
 220000: system.cpu: T0 : 0x213c4    : c_sdsp ra, 24(sp)          : MemWrite :  D=0x0000000000010d34 A=0x7ffffffffffffd68
 220500: system.cpu: T0 : 0x213c6    : c_mv s0, a0                : IntAlu :  D=0x0000000000000f80
 221000: system.cpu: T0 : 0x213c8    : c_beqz s1, 46              : IntAlu : 
 221500: system.cpu: T0 : 0x213f6    : c_li a0, 0                 : IntAlu :  D=0x0000000000000000
 222000: system.cpu: T0 : 0x213f8    : jal ra, 98418              : IntAlu :  D=0x00000000000213fc
 222500: system.cpu: T0 : 0x3946a    : c_mv a5, a0                : IntAlu :  D=0x0000000000000000
 223000: system.cpu: T0 : 0x3946c    : addi a7, zero, 214         : IntAlu :  D=0x00000000000000d6
 223500: system.cpu: T0 : 0x39470    : ecall                      : No_OpClass : 
 224000: system.cpu: T0 : 0x39474    : sd a0, -1200(gp)           : MemWrite :  D=0x0000000000073000 A=0x70bd0
 224500: system.cpu: T0 : 0x39478    : bltu a0, a5, 8             : IntAlu : 
 225000: system.cpu: T0 : 0x3947c    : c_li a0, 0                 : IntAlu :  D=0x0000000000000000
 225500: system.cpu: T0 : 0x3947e    : c_jr ra                    : IntAlu : 
 226000: system.cpu: T0 : 0x213fc    : blt a0, zero, -22          : IntAlu : 
 226500: system.cpu: T0 : 0x21400    : ld s1, -1200(gp)           : MemRead :  D=0x0000000000073000 A=0x70bd0
 227000: system.cpu: T0 : 0x21404    : c_j -52                    : IntAlu : 
 227500: system.cpu: T0 : 0x213d0    : c_beqz s0, 24              : IntAlu : 
 228500: system.cpu: T0 : 0x213d2    : bge zero, s0, 52           : IntAlu : 
 229500: system.cpu: T0 : 0x213d6    : add a5, s0, s1             : IntAlu :  D=0x0000000000073f80
 230500: system.cpu: T0 : 0x213da    : sltu a5, a5, s1            : IntAlu :  D=0x0000000000000000
 231000: system.cpu: T0 : 0x213de    : c_beqz a5, 50              : IntAlu : 
 231500: system.cpu: T0 : 0x21410    : add a0, s1, s0             : IntAlu :  D=0x0000000000073f80
 232000: system.cpu: T0 : 0x21414    : jal ra, 98390              : IntAlu :  D=0x0000000000021418
 232500: system.cpu: T0 : 0x3946a    : c_mv a5, a0                : IntAlu :  D=0x0000000000073f80
 233000: system.cpu: T0 : 0x3946c    : addi a7, zero, 214         : IntAlu :  D=0x00000000000000d6
 233500: system.cpu: T0 : 0x39470    : ecall                      : No_OpClass : 
 234000: system.cpu: T0 : 0x39474    : sd a0, -1200(gp)           : MemWrite :  D=0x0000000000073f80 A=0x70bd0
 234500: system.cpu: T0 : 0x39478    : bltu a0, a5, 8             : IntAlu : 
 235000: system.cpu: T0 : 0x3947c    : c_li a0, 0                 : IntAlu :  D=0x0000000000000000
 235500: system.cpu: T0 : 0x3947e    : c_jr ra                    : IntAlu : 
 236000: system.cpu: T0 : 0x21418    : blt a0, zero, -50          : IntAlu : 
 236500: system.cpu: T0 : 0x2141c    : c_ldsp ra, 24(sp)          : MemRead :  D=0x0000000000010d34 A=0x7ffffffffffffd68
 237000: system.cpu: T0 : 0x2141e    : c_ldsp s0, 16(sp)          : MemRead :  D=0x000000000006ead0 A=0x7ffffffffffffd60
 237500: system.cpu: T0 : 0x21420    : c_ldsp s2, 0(sp)           : MemRead :  D=0x0000000000000067 A=0x7ffffffffffffd50
 238000: system.cpu: T0 : 0x21422    : c_mv a0, s1                : IntAlu :  D=0x0000000000073000
 238500: system.cpu: T0 : 0x21424    : c_ldsp s1, 8(sp)           : MemRead :  D=0x0000000000010ee4 A=0x7ffffffffffffd58
 239000: system.cpu: T0 : 0x21426    : c_addi16sp sp, 32          : IntAlu :  D=0x7ffffffffffffd70
 239500: system.cpu: T0 : 0x21428    : c_jr ra                    : IntAlu : 
 240000: system.cpu: T0 : 0x10d34    : divu s2, s2, s9            : IntDiv :  D=0x000000000000000c
 240500: system.cpu: T0 : 0x10d38    : c_ldsp a4, 0(sp)           : MemRead :  D=0x000000000000000f A=0x7ffffffffffffd70
 241000: system.cpu: T0 : 0x10d3a    : c_ldsp a5, 8(sp)           : MemRead :  D=0x0000000000000000 A=0x7ffffffffffffd78
 241500: system.cpu: T0 : 0x10d3c    : addi s1, a0, 1808          : IntAlu :  D=0x0000000000073710
 242000: system.cpu: T0 : 0x10d40    : c_add s1, a4               : IntAlu :  D=0x000000000007371f
 243000: system.cpu: T0 : 0x10d42    : and s1, s1, s11            : IntAlu :  D=0x0000000000073710
 244000: system.cpu: T0 : 0x10d46    : lui a4, 114                : IntAlu :  D=0x0000000000072000
 245000: system.cpu: T0 : 0x10d4a    : addi a4, a4, -1192         : IntAlu :  D=0x0000000000071b58
 246000: system.cpu: T0 : 0x10d4e    : add a0, s1, s7             : IntAlu :  D=0x0000000000073710
 247000: system.cpu: T0 : 0x10d52    : sd a5, 1088(s3)            : MemWrite :  D=0x0000000000000000 A=0x702f0
 248000: system.cpu: T0 : 0x10d56    : addi a5, zero, 62          : IntAlu :  D=0x000000000000003e
 248500: system.cpu: T0 : 0x10d5a    : c_mv a2, s4                : IntAlu :  D=0x0000000000000020
 249000: system.cpu: T0 : 0x10d5c    : c_sd a5, 0(a4)             : MemWrite :  D=0x000000000000003e A=0x71b58
 249500: system.cpu: T0 : 0x10d5e    : c_mv a1, s0                : IntAlu :  D=0x000000000006ead0
 250000: system.cpu: T0 : 0x10d60    : c_sd a0, 32(a4)            : MemWrite :  D=0x0000000000073710 A=0x71b78
 251000: system.cpu: T0 : 0x10d62    : sd zero, 40(a4)            : MemWrite :  D=0x0000000000000000 A=0x71b80
 252000: system.cpu: T0 : 0x10d66    : jal ra, 61670              : IntAlu :  D=0x0000000000010d6a
 252500: system.cpu: T0 : 0x1fe4c    : c_addi16sp sp, -48         : IntAlu :  D=0x7ffffffffffffd40
 253000: system.cpu: T0 : 0x1fe4e    : c_sdsp s0, 32(sp)          : MemWrite :  D=0x000000000006ead0 A=0x7ffffffffffffd60
 253500: system.cpu: T0 : 0x1fe50    : c_sdsp s2, 16(sp)          : MemWrite :  D=0x000000000000000c A=0x7ffffffffffffd50
 254000: system.cpu: T0 : 0x1fe52    : c_sdsp ra, 40(sp)          : MemWrite :  D=0x0000000000010d6a A=0x7ffffffffffffd68
 254500: system.cpu: T0 : 0x1fe54    : c_sdsp s1, 24(sp)          : MemWrite :  D=0x0000000000073710 A=0x7ffffffffffffd58
 255000: system.cpu: T0 : 0x1fe56    : c_sdsp s3, 8(sp)           : MemWrite :  D=0x000000000006feb0 A=0x7ffffffffffffd48
 255500: system.cpu: T0 : 0x1fe58    : c_li a5, 15                : IntAlu :  D=0x000000000000000f
 256000: system.cpu: T0 : 0x1fe5a    : c_mv s2, a0                : IntAlu :  D=0x0000000000073710
 256500: system.cpu: T0 : 0x1fe5c    : c_mv a4, a0                : IntAlu :  D=0x0000000000073710
 257000: system.cpu: T0 : 0x1fe5e    : c_mv s0, a1                : IntAlu :  D=0x000000000006ead0
 257500: system.cpu: T0 : 0x1fe60    : bgeu a5, a2, 72            : IntAlu : 
 258000: system.cpu: T0 : 0x1fe64    : sub a0, zero, a0           : IntAlu :  D=0xfffffffffff8c8f0
 258500: system.cpu: T0 : 0x1fe68    : c_andi a0, 7               : IntAlu :  D=0x0000000000000000
 259500: system.cpu: T0 : 0x1fe6a    : sub s1, a2, a0             : IntAlu :  D=0x0000000000000020
 260000: system.cpu: T0 : 0x1fe6e    : c_beqz a0, 110             : IntAlu : 
 260500: system.cpu: T0 : 0x1fedc    : c_mv s3, s2                : IntAlu :  D=0x0000000000073710
 261000: system.cpu: T0 : 0x1fede    : c_j -84                    : IntAlu : 
 262000: system.cpu: T0 : 0x1fe8a    : andi a5, s0, 7             : IntAlu :  D=0x0000000000000000
 263000: system.cpu: T0 : 0x1fe8e    : srli a2, s1, 3             : IntAlu :  D=0x0000000000000004
 263500: system.cpu: T0 : 0x1fe92    : c_mv a1, s0                : IntAlu :  D=0x000000000006ead0
 264000: system.cpu: T0 : 0x1fe94    : c_mv a0, s3                : IntAlu :  D=0x0000000000073710
 264500: system.cpu: T0 : 0x1fe96    : c_bnez a5, 64              : IntAlu : 
 265000: system.cpu: T0 : 0x1fe98    : jal ra, 72                 : IntAlu :  D=0x000000000001fe9c
 265500: system.cpu: T0 : 0x1fee0    : andi a5, a2, 7             : IntAlu :  D=0x0000000000000004
 266000: system.cpu: T0 : 0x1fee4    : lui a4, 79                 : IntAlu :  D=0x000000000004f000
 266500: system.cpu: T0 : 0x1fee8    : c_slli a5, 2               : IntAlu :  D=0x0000000000000010
 267500: system.cpu: T0 : 0x1feea    : addi a4, a4, 1064          : IntAlu :  D=0x000000000004f428
 268000: system.cpu: T0 : 0x1feee    : c_add a5, a4               : IntAlu :  D=0x000000000004f438
 268500: system.cpu: T0 : 0x1fef0    : c_lw a5, 0(a5)             : MemRead :  D=0x000000000001ff8a A=0x4f438
 269000: system.cpu: T0 : 0x1fef2    : c_jr a5                    : IntAlu : 
 270000: system.cpu: T0 : 0x1ff8a    : ld a6, 0(a1)               : MemRead :  D=0x00000000000706c8 A=0x6ead0
 270500: system.cpu: T0 : 0x1ff8e    : c_mv a3, a0                : IntAlu :  D=0x0000000000073710
 271000: system.cpu: T0 : 0x1ff90    : c_addi a1, -32             : IntAlu :  D=0x000000000006eab0
 272000: system.cpu: T0 : 0x1ff92    : addi a5, a0, -40           : IntAlu :  D=0x00000000000736e8
 272500: system.cpu: T0 : 0x1ff96    : c_addi a2, 4               : IntAlu :  D=0x0000000000000008
 273000: system.cpu: T0 : 0x1ff98    : c_j -124                   : IntAlu : 
 273500: system.cpu: T0 : 0x1ff1c    : c_ld a4, 40(a1)            : MemRead :  D=0x00000000000706c8 A=0x6ead8
 274500: system.cpu: T0 : 0x1ff1e    : addi a0, a5, 48            : IntAlu :  D=0x0000000000073718
 275500: system.cpu: T0 : 0x1ff22    : sd a6, 0(a3)               : MemWrite :  D=0x00000000000706c8 A=0x73710
 276500: system.cpu: T0 : 0x1ff22    : sd a6, 0(a3)               : MemWrite :  D=0x00000000000706c8 A=0x73710
 277500: system.cpu: T0 : 0x1ff26    : ld a6, 48(a1)              : MemRead :  D=0x00000000000706d0 A=0x6eae0
 278500: system.cpu: T0 : 0x1ff2a    : addi a3, a5, 56            : IntAlu :  D=0x0000000000073720
 279000: system.cpu: T0 : 0x1ff2e    : c_sd a4, 0(a0)             : MemWrite :  D=0x00000000000706c8 A=0x73718
 279500: system.cpu: T0 : 0x1ff30    : c_ld a4, 56(a1)            : MemRead :  D=0x00000000000706e8 A=0x6eae8
 280500: system.cpu: T0 : 0x1ff32    : addi a5, a5, 64            : IntAlu :  D=0x0000000000073728
 281500: system.cpu: T0 : 0x1ff36    : sd a6, 0(a3)               : MemWrite :  D=0x00000000000706d0 A=0x73720
 282000: system.cpu: T0 : 0x1ff3a    : c_addi a2, -8              : IntAlu :  D=0x0000000000000000
 282500: system.cpu: T0 : 0x1ff3c    : c_mv a0, a5                : IntAlu :  D=0x0000000000073728
 283500: system.cpu: T0 : 0x1ff3e    : addi a1, a1, 64            : IntAlu :  D=0x000000000006eaf0
 284000: system.cpu: T0 : 0x1ff42    : c_beqz a2, 24              : IntAlu : 
 284500: system.cpu: T0 : 0x1ff5a    : c_sd a4, 0(a0)             : MemWrite :  D=0x00000000000706e8 A=0x73728
 285000: system.cpu: T0 : 0x1ff5c    : c_jr ra                    : IntAlu : 
 285500: system.cpu: T0 : 0x1fe9c    : andi a4, s1, 18446744073709551608 : IntAlu :  D=0x0000000000000020
 286000: system.cpu: T0 : 0x1fea0    : c_add s0, a4               : IntAlu :  D=0x000000000006eaf0
 287000: system.cpu: T0 : 0x1fea2    : andi a2, s1, 7             : IntAlu :  D=0x0000000000000000
 287500: system.cpu: T0 : 0x1fea6    : c_add a4, s3               : IntAlu :  D=0x0000000000073730
 288000: system.cpu: T0 : 0x1fea8    : c_addi a4, -1              : IntAlu :  D=0x000000000007372f
 288500: system.cpu: T0 : 0x1feaa    : c_mv a5, s0                : IntAlu :  D=0x000000000006eaf0
 289000: system.cpu: T0 : 0x1feac    : add a1, a2, s0             : IntAlu :  D=0x000000000006eaf0
 289500: system.cpu: T0 : 0x1feb0    : c_sub a4, s0               : IntAlu :  D=0x0000000000004c3f
 290000: system.cpu: T0 : 0x1feb2    : c_beqz a2, 20              : IntAlu : 
 290500: system.cpu: T0 : 0x1fec6    : c_ldsp ra, 40(sp)          : MemRead :  D=0x0000000000010d6a A=0x7ffffffffffffd68
 291000: system.cpu: T0 : 0x1fec8    : c_ldsp s0, 32(sp)          : MemRead :  D=0x000000000006ead0 A=0x7ffffffffffffd60
 291500: system.cpu: T0 : 0x1feca    : c_ldsp s1, 24(sp)          : MemRead :  D=0x0000000000073710 A=0x7ffffffffffffd58
 292000: system.cpu: T0 : 0x1fecc    : c_ldsp s3, 8(sp)           : MemRead :  D=0x000000000006feb0 A=0x7ffffffffffffd48
 292500: system.cpu: T0 : 0x1fece    : c_mv a0, s2                : IntAlu :  D=0x0000000000073710
 293000: system.cpu: T0 : 0x1fed0    : c_ldsp s2, 16(sp)          : MemRead :  D=0x000000000000000c A=0x7ffffffffffffd50
 293500: system.cpu: T0 : 0x1fed2    : c_addi16sp sp, 48          : IntAlu :  D=0x7ffffffffffffd70
 294000: system.cpu: T0 : 0x1fed4    : c_jr ra                    : IntAlu : 
 295000: system.cpu: T0 : 0x10d6a    : lui a5, 114                : IntAlu :  D=0x0000000000072000
 296000: system.cpu: T0 : 0x10d6e    : addi a5, a5, -1176         : IntAlu :  D=0x0000000000071b68
 297000: system.cpu: T0 : 0x10d72    : ld a4, -1968(gp)           : MemRead :  D=0x0000000000000800 A=0x708d0
 298000: system.cpu: T0 : 0x10d76    : addi a3, gp, -960          : IntAlu :  D=0x0000000000070cc0
 299000: system.cpu: T0 : 0x10d7a    : sd a5, -16(s1)             : MemWrite :  D=0x0000000000071b68 A=0x73700
 300000: system.cpu: T0 : 0x10d7e    : addi a2, zero, 64          : IntAlu :  D=0x0000000000000040
 300500: system.cpu: T0 : 0x10d82    : c_li a5, 1                 : IntAlu :  D=0x0000000000000001
 301000: system.cpu: T0 : 0x10d84    : c_sd a2, 0(a3)             : MemWrite :  D=0x0000000000000040 A=0x70cc0
 302000: system.cpu: T0 : 0x10d86    : lui a2, 114                : IntAlu :  D=0x0000000000072000
 303000: system.cpu: T0 : 0x10d8a    : sd a5, -1200(a2)           : MemWrite :  D=0x0000000000000001 A=0x71b50
 304000: system.cpu: T0 : 0x10d8e    : lui a2, 114                : IntAlu :  D=0x0000000000072000
 305000: system.cpu: T0 : 0x10d92    : sd s3, 40(a3)              : MemWrite :  D=0x000000000006feb0 A=0x70ce8
 306000: system.cpu: T0 : 0x10d96    : sd a3, -168(a2)            : MemWrite :  D=0x0000000000070cc0 A=0x71f58
 307000: system.cpu: T0 : 0x10d9a    : lui a3, 114                : IntAlu :  D=0x0000000000072000
 308000: system.cpu: T0 : 0x10d9e    : sd s8, -1208(a3)           : MemWrite :  D=0x0000000000000010 A=0x71b48
 309000: system.cpu: T0 : 0x10da2    : lui a3, 114                : IntAlu :  D=0x0000000000072000
 310000: system.cpu: T0 : 0x10da6    : sd a5, 1096(s3)            : MemWrite :  D=0x0000000000000001 A=0x702f8
 311000: system.cpu: T0 : 0x10daa    : sd a5, -144(a3)            : MemWrite :  D=0x0000000000000001 A=0x71f70
 311500: system.cpu: T0 : 0x10dae    : c_addi a4, 15              : IntAlu :  D=0x000000000000080f
 312000: system.cpu: T0 : 0x10db0    : sd s0, 1048(s3)            : MemWrite :  D=0x000000000006ead0 A=0x702c8
 312500: system.cpu: T0 : 0x10db4    : c_ldsp ra, 120(sp)         : MemRead :  D=0x00000000000109f2 A=0x7ffffffffffffde8
 313000: system.cpu: T0 : 0x10db6    : c_ldsp s0, 112(sp)         : MemRead :  D=0x0000000000010e54 A=0x7ffffffffffffde0
 313500: system.cpu: T0 : 0x10db8    : sd s5, 1072(s3)            : MemWrite :  D=0x0000000000000008 A=0x702e0
 314000: system.cpu: T0 : 0x10dbc    : sd s10, 1064(s3)           : MemWrite :  D=0x0000000000000060 A=0x702d8
 314500: system.cpu: T0 : 0x10dc0    : sd s4, 1056(s3)            : MemWrite :  D=0x0000000000000020 A=0x702d0
 315000: system.cpu: T0 : 0x10dc4    : c_ldsp s5, 72(sp)          : MemRead :  D=0x0000000000000000 A=0x7ffffffffffffdb8
 315500: system.cpu: T0 : 0x10dc6    : c_ldsp s3, 88(sp)          : MemRead :  D=0x0000000000000000 A=0x7ffffffffffffdc8
 316000: system.cpu: T0 : 0x10dc8    : c_ldsp s4, 80(sp)          : MemRead :  D=0x0000000000000000 A=0x7ffffffffffffdc0
 316500: system.cpu: T0 : 0x10dca    : c_ldsp s8, 48(sp)          : MemRead :  D=0x0000000000000000 A=0x7ffffffffffffda0
 317000: system.cpu: T0 : 0x10dcc    : c_ldsp s10, 32(sp)         : MemRead :  D=0x0000000000000000 A=0x7ffffffffffffd90
 317500: system.cpu: T0 : 0x10dce    : c_ldsp s11, 24(sp)         : MemRead :  D=0x0000000000000000 A=0x7ffffffffffffd88
 318000: system.cpu: T0 : 0x10dd0    : c_mv tp, s1                : IntAlu :  D=0x0000000000073710
 318500: system.cpu: T0 : 0x10dd2    : c_ldsp s1, 104(sp)         : MemRead :  D=0x0000000000010ee4 A=0x7ffffffffffffdd8
 319000: system.cpu: T0 : 0x10dd4    : mul s2, s2, s9             : IntMult :  D=0x0000000000000060
 319500: system.cpu: T0 : 0x10dd8    : c_ldsp s9, 40(sp)          : MemRead :  D=0x0000000000000000 A=0x7ffffffffffffd98
 320500: system.cpu: T0 : 0x10dda    : add a5, s2, s7             : IntAlu :  D=0x0000000000000060
 321000: system.cpu: T0 : 0x10dde    : c_add a4, a5               : IntAlu :  D=0x000000000000086f
 321500: system.cpu: T0 : 0x10de0    : c_andi a4, 18446744073709551600 : IntAlu :  D=0x0000000000000860
 322500: system.cpu: T0 : 0x10de2    : sd a4, -1968(gp)           : MemWrite :  D=0x0000000000000860 A=0x708d0
 323500: system.cpu: T0 : 0x10de6    : lui a4, 114                : IntAlu :  D=0x0000000000072000
 324500: system.cpu: T0 : 0x10dea    : sd a5, -1216(a4)           : MemWrite :  D=0x0000000000000060 A=0x71b40
 325000: system.cpu: T0 : 0x10dee    : c_ldsp s2, 96(sp)          : MemRead :  D=0x0000000000000000 A=0x7ffffffffffffdd0
 325500: system.cpu: T0 : 0x10df0    : c_ldsp s6, 64(sp)          : MemRead :  D=0x0000000000000000 A=0x7ffffffffffffdb0
 326000: system.cpu: T0 : 0x10df2    : c_ldsp s7, 56(sp)          : MemRead :  D=0x0000000000000000 A=0x7ffffffffffffda8
 326500: system.cpu: T0 : 0x10df4    : c_addi16sp sp, 128         : IntAlu :  D=0x7ffffffffffffdf0
 327000: system.cpu: T0 : 0x10df6    : c_jr ra                    : IntAlu : 
 328000: system.cpu: T0 : 0x109f2    : lui a5, 111                : IntAlu :  D=0x000000000006f000
 329000: system.cpu: T0 : 0x109f6    : ld a5, -128(a5)            : MemRead :  D=0x7fffffffffffffd0 A=0x6ef80
 330000: system.cpu: T0 : 0x109fa    : lw a7, -1728(gp)           : MemRead :  D=0x0000000000000000 A=0x709c0
 331000: system.cpu: T0 : 0x109fe    : lbu a6, 1(a5)              : MemRead :  D=0x0000000000000000 A=0x7fffffffffffffd1
 332000: system.cpu: T0 : 0x10a02    : lbu a4, 0(a5)              : MemRead :  D=0x0000000000000000 A=0x7fffffffffffffd0
 333000: system.cpu: T0 : 0x10a06    : lbu a0, 2(a5)              : MemRead :  D=0x0000000000000000 A=0x7fffffffffffffd2
 334000: system.cpu: T0 : 0x10a0a    : lbu a1, 3(a5)              : MemRead :  D=0x0000000000000000 A=0x7fffffffffffffd3
 335000: system.cpu: T0 : 0x10a0e    : lbu a2, 4(a5)              : MemRead :  D=0x0000000000000000 A=0x7fffffffffffffd4
 335500: system.cpu: T0 : 0x10a12    : c_slli a6, 8               : IntAlu :  D=0x0000000000000000
 336000: system.cpu: T0 : 0x10a14    : lbu a3, 5(a5)              : MemRead :  D=0x0000000000000000 A=0x7fffffffffffffd5
 336500: system.cpu: T0 : 0x10a18    : or a6, a6, a4              : IntAlu :  D=0x0000000000000000
 337000: system.cpu: T0 : 0x10a1c    : c_slli a0, 16              : IntAlu :  D=0x0000000000000000
 338000: system.cpu: T0 : 0x10a1e    : lbu a4, 6(a5)              : MemRead :  D=0x0000000000000000 A=0x7fffffffffffffd6
 339000: system.cpu: T0 : 0x10a22    : or a0, a0, a6              : IntAlu :  D=0x0000000000000000
 339500: system.cpu: T0 : 0x10a26    : c_slli a1, 24              : IntAlu :  D=0x0000000000000000
 340000: system.cpu: T0 : 0x10a28    : lbu a5, 7(a5)              : MemRead :  D=0x000000000000002e A=0x7fffffffffffffd7
 340500: system.cpu: T0 : 0x10a2c    : c_or a1, a0                : IntAlu :  D=0x0000000000000000
 341000: system.cpu: T0 : 0x10a2e    : c_slli a2, 32              : IntAlu :  D=0x0000000000000000
 341500: system.cpu: T0 : 0x10a30    : c_or a2, a1                : IntAlu :  D=0x0000000000000000
 342000: system.cpu: T0 : 0x10a32    : c_slli a3, 40              : IntAlu :  D=0x0000000000000000
 342500: system.cpu: T0 : 0x10a34    : c_or a3, a2                : IntAlu :  D=0x0000000000000000
 343000: system.cpu: T0 : 0x10a36    : c_slli a4, 48              : IntAlu :  D=0x0000000000000000
 343500: system.cpu: T0 : 0x10a38    : c_or a4, a3                : IntAlu :  D=0x0000000000000000
 344000: system.cpu: T0 : 0x10a3a    : c_slli a5, 56              : IntAlu :  D=0x2e00000000000000
 344500: system.cpu: T0 : 0x10a3c    : c_or a5, a4                : IntAlu :  D=0x2e00000000000000
 345500: system.cpu: T0 : 0x10a3e    : andi a5, a5, 18446744073709551360 : IntAlu :  D=0x2e00000000000000
 346500: system.cpu: T0 : 0x10a42    : lui a4, 111                : IntAlu :  D=0x000000000006f000
 347500: system.cpu: T0 : 0x10a46    : sd a5, -1264(a4)           : MemWrite :  D=0x2e00000000000000 A=0x6eb10
 348500: system.cpu: T0 : 0x10a4a    : beq a7, zero, 286          : IntAlu : 
 349000: system.cpu: T0 : 0x10b68    : jal ra, 75210              : IntAlu :  D=0x0000000000010b6c
 349500: system.cpu: T0 : 0x23132    : c_addi16sp sp, -496        : IntAlu :  D=0x7ffffffffffffc00
 350000: system.cpu: T0 : 0x23134    : c_addi4spn a0, sp, 72      : IntAlu :  D=0x7ffffffffffffc48
 350500: system.cpu: T0 : 0x23136    : c_sdsp ra, 488(sp)         : MemWrite :  D=0x0000000000010b6c A=0x7ffffffffffffde8
 351000: system.cpu: T0 : 0x23138    : c_sdsp s0, 480(sp)         : MemWrite :  D=0x0000000000010e54 A=0x7ffffffffffffde0
 351500: system.cpu: T0 : 0x2313a    : c_sdsp s1, 472(sp)         : MemWrite :  D=0x0000000000010ee4 A=0x7ffffffffffffdd8
 352000: system.cpu: T0 : 0x2313c    : jal ra, 90520              : IntAlu :  D=0x0000000000023140
 352500: system.cpu: T0 : 0x392d4    : addi a7, zero, 160         : IntAlu :  D=0x00000000000000a0
 353000: system.cpu: T0 : 0x392d8    : ecall                      : No_OpClass : 
 353500: system.cpu: T0 : 0x392dc    : c_lui a7, 1048575          : IntAlu :  D=0xfffffffffffff000
 354500: system.cpu: T0 : 0x392de    : bltu a7, a0, 6             : IntAlu : 
 355000: system.cpu: T0 : 0x392e2    : c_jr ra                    : IntAlu : 
 355500: system.cpu: T0 : 0x23140    : addi a3, sp, 202           : IntAlu :  D=0x7ffffffffffffcca
 356000: system.cpu: T0 : 0x23144    : c_bnez a0, 140             : IntAlu : 
 356500: system.cpu: T0 : 0x23146    : c_li t1, 0                 : IntAlu :  D=0x0000000000000000
 357000: system.cpu: T0 : 0x23148    : c_li a0, 0                 : IntAlu :  D=0x0000000000000000
 357500: system.cpu: T0 : 0x2314a    : c_li a7, 9                 : IntAlu :  D=0x0000000000000009
 358000: system.cpu: T0 : 0x2314c    : addi t3, zero, 46          : IntAlu :  D=0x000000000000002e
 358500: system.cpu: T0 : 0x23150    : c_li t4, 3                 : IntAlu :  D=0x0000000000000003
 359500: system.cpu: T0 : 0x23152    : lbu a5, 0(a3)              : MemRead :  D=0x0000000000000035 A=0x7ffffffffffffcca
 360500: system.cpu: T0 : 0x23156    : addiw a5, a5, -48          : IntAlu :  D=0x0000000000000005
 361500: system.cpu: T0 : 0x2315a    : andi a4, a5, 255           : IntAlu :  D=0x0000000000000005
 362500: system.cpu: T0 : 0x2315e    : bltu a7, a4, 98            : IntAlu : 
 363500: system.cpu: T0 : 0x23162    : lbu a1, 1(a3)              : MemRead :  D=0x000000000000002e A=0x7ffffffffffffccb
 364500: system.cpu: T0 : 0x23166    : addiw a4, a5, 0            : IntAlu :  D=0x0000000000000005
 365000: system.cpu: T0 : 0x2316a    : c_addi a3, 1               : IntAlu :  D=0x7ffffffffffffccb
 365500: system.cpu: T0 : 0x2316c    : addiw a2, a1, -48          : IntAlu :  D=0xfffffffffffffffe
 366000: system.cpu: T0 : 0x23170    : andi a5, a2, 255           : IntAlu :  D=0x00000000000000fe
 366500: system.cpu: T0 : 0x23174    : bltu a7, a5, 36            : IntAlu : 
 367000: system.cpu: T0 : 0x23198    : slliw a5, a0, 8            : IntAlu :  D=0x0000000000000000
 367500: system.cpu: T0 : 0x2319c    : c_or a5, a4                : IntAlu :  D=0x0000000000000005
 368000: system.cpu: T0 : 0x2319e    : c_addiw t1, 1              : IntAlu :  D=0x0000000000000001
 368500: system.cpu: T0 : 0x231a0    : addiw a0, a5, 0            : IntAlu :  D=0x0000000000000005
 369000: system.cpu: T0 : 0x231a4    : c_addi a3, 1               : IntAlu :  D=0x7ffffffffffffccc
 370000: system.cpu: T0 : 0x231a6    : bne a1, t3, 20             : IntAlu : 
 371000: system.cpu: T0 : 0x231aa    : bne t1, t4, -88            : IntAlu : 
 372000: system.cpu: T0 : 0x23152    : lbu a5, 0(a3)              : MemRead :  D=0x0000000000000031 A=0x7ffffffffffffccc
 373000: system.cpu: T0 : 0x23156    : addiw a5, a5, -48          : IntAlu :  D=0x0000000000000001
 374000: system.cpu: T0 : 0x2315a    : andi a4, a5, 255           : IntAlu :  D=0x0000000000000001
 375000: system.cpu: T0 : 0x2315e    : bltu a7, a4, 98            : IntAlu : 
 376000: system.cpu: T0 : 0x23162    : lbu a1, 1(a3)              : MemRead :  D=0x000000000000002e A=0x7ffffffffffffccd
 377000: system.cpu: T0 : 0x23166    : addiw a4, a5, 0            : IntAlu :  D=0x0000000000000001
 377500: system.cpu: T0 : 0x2316a    : c_addi a3, 1               : IntAlu :  D=0x7ffffffffffffccd
 378000: system.cpu: T0 : 0x2316c    : addiw a2, a1, -48          : IntAlu :  D=0xfffffffffffffffe
 378500: system.cpu: T0 : 0x23170    : andi a5, a2, 255           : IntAlu :  D=0x00000000000000fe
 379000: system.cpu: T0 : 0x23174    : bltu a7, a5, 36            : IntAlu : 
 379500: system.cpu: T0 : 0x23198    : slliw a5, a0, 8            : IntAlu :  D=0x0000000000000500
 380000: system.cpu: T0 : 0x2319c    : c_or a5, a4                : IntAlu :  D=0x0000000000000501
 380500: system.cpu: T0 : 0x2319e    : c_addiw t1, 1              : IntAlu :  D=0x0000000000000002
 381000: system.cpu: T0 : 0x231a0    : addiw a0, a5, 0            : IntAlu :  D=0x0000000000000501
 381500: system.cpu: T0 : 0x231a4    : c_addi a3, 1               : IntAlu :  D=0x7ffffffffffffcce
 382500: system.cpu: T0 : 0x231a6    : bne a1, t3, 20             : IntAlu : 
 383500: system.cpu: T0 : 0x231aa    : bne t1, t4, -88            : IntAlu : 
 384500: system.cpu: T0 : 0x23152    : lbu a5, 0(a3)              : MemRead :  D=0x0000000000000030 A=0x7ffffffffffffcce
 385500: system.cpu: T0 : 0x23156    : addiw a5, a5, -48          : IntAlu :  D=0x0000000000000000
 386500: system.cpu: T0 : 0x2315a    : andi a4, a5, 255           : IntAlu :  D=0x0000000000000000
 387500: system.cpu: T0 : 0x2315e    : bltu a7, a4, 98            : IntAlu : 
 388500: system.cpu: T0 : 0x23162    : lbu a1, 1(a3)              : MemRead :  D=0x0000000000000000 A=0x7ffffffffffffccf
 389500: system.cpu: T0 : 0x23166    : addiw a4, a5, 0            : IntAlu :  D=0x0000000000000000
 390000: system.cpu: T0 : 0x2316a    : c_addi a3, 1               : IntAlu :  D=0x7ffffffffffffccf
 390500: system.cpu: T0 : 0x2316c    : addiw a2, a1, -48          : IntAlu :  D=0xffffffffffffffd0
 391000: system.cpu: T0 : 0x23170    : andi a5, a2, 255           : IntAlu :  D=0x00000000000000d0
 391500: system.cpu: T0 : 0x23174    : bltu a7, a5, 36            : IntAlu : 
 392000: system.cpu: T0 : 0x23198    : slliw a5, a0, 8            : IntAlu :  D=0x0000000000050100
 392500: system.cpu: T0 : 0x2319c    : c_or a5, a4                : IntAlu :  D=0x0000000000050100
 393000: system.cpu: T0 : 0x2319e    : c_addiw t1, 1              : IntAlu :  D=0x0000000000000003
 393500: system.cpu: T0 : 0x231a0    : addiw a0, a5, 0            : IntAlu :  D=0x0000000000050100
 394000: system.cpu: T0 : 0x231a4    : c_addi a3, 1               : IntAlu :  D=0x7ffffffffffffcd0
 395000: system.cpu: T0 : 0x231a6    : bne a1, t3, 20             : IntAlu : 
 395500: system.cpu: T0 : 0x231ba    : c_li a5, 3                 : IntAlu :  D=0x0000000000000003
 396000: system.cpu: T0 : 0x231bc    : beq t1, a5, -14            : IntAlu : 
 396500: system.cpu: T0 : 0x231ae    : c_addiw a0, 0              : IntAlu :  D=0x0000000000050100
 397000: system.cpu: T0 : 0x231b0    : c_ldsp ra, 488(sp)         : MemRead :  D=0x0000000000010b6c A=0x7ffffffffffffde8
 397500: system.cpu: T0 : 0x231b2    : c_ldsp s0, 480(sp)         : MemRead :  D=0x0000000000010e54 A=0x7ffffffffffffde0
 398000: system.cpu: T0 : 0x231b4    : c_ldsp s1, 472(sp)         : MemRead :  D=0x0000000000010ee4 A=0x7ffffffffffffdd8
 398500: system.cpu: T0 : 0x231b6    : c_addi16sp sp, 496         : IntAlu :  D=0x7ffffffffffffdf0
 399000: system.cpu: T0 : 0x231b8    : c_jr ra                    : IntAlu : 
 399500: system.cpu: T0 : 0x10b6c    : c_mv a5, a0                : IntAlu :  D=0x0000000000050100
 400500: system.cpu: T0 : 0x10b6e    : blt a0, zero, 104          : IntAlu : 
 401500: system.cpu: T0 : 0x10b72    : lui a4, 114                : IntAlu :  D=0x0000000000072000
 402500: system.cpu: T0 : 0x10b76    : lw a3, 112(a4)             : MemRead :  D=0x0000000000000000 A=0x72070
 403500: system.cpu: T0 : 0x10b7a    : addiw a4, a0, 0            : IntAlu :  D=0x0000000000050100
 404000: system.cpu: T0 : 0x10b7e    : c_bnez a3, 82              : IntAlu : 
 404500: system.cpu: T0 : 0x10b80    : lui a3, 114                : IntAlu :  D=0x0000000000072000
 405000: system.cpu: T0 : 0x10b84    : sw a4, 112(a3)             : MemWrite :  D=0x0000000000050100 A=0x72070
 405500: system.cpu: T0 : 0x10b88    : lui a4, 65                 : IntAlu :  D=0x0000000000041000
 406000: system.cpu: T0 : 0x10b8c    : addi a4, a4, -257          : IntAlu :  D=0x0000000000040eff
 406500: system.cpu: T0 : 0x10b90    : blt a4, a5, -322           : IntAlu : 
 407500: system.cpu: T0 : 0x10a4e    : addi a5, zero, 0           : IntAlu :  D=0x0000000000000000
 408000: system.cpu: T0 : 0x10a52    : c_beqz a5, 10              : IntAlu : 
 408500: system.cpu: T0 : 0x10a5c    : lui a5, 111                : IntAlu :  D=0x000000000006f000
 409000: system.cpu: T0 : 0x10a60    : ld a5, -128(a5)            : MemRead :  D=0x7fffffffffffffd0 A=0x6ef80
 409500: system.cpu: T0 : 0x10a64    : lbu a4, 14(a5)             : MemRead :  D=0x000000000000006c A=0x7fffffffffffffde
 410000: system.cpu: T0 : 0x10a68    : lbu a7, 8(a5)              : MemRead :  D=0x000000000000002e A=0x7fffffffffffffd8
 410500: system.cpu: T0 : 0x10a6c    : lbu a6, 9(a5)              : MemRead :  D=0x000000000000002f A=0x7fffffffffffffd9
 411000: system.cpu: T0 : 0x10a70    : lbu a0, 10(a5)             : MemRead :  D=0x0000000000000044 A=0x7fffffffffffffda
 411500: system.cpu: T0 : 0x10a74    : lbu a1, 11(a5)             : MemRead :  D=0x000000000000006f A=0x7fffffffffffffdb
 412000: system.cpu: T0 : 0x10a78    : lbu a2, 12(a5)             : MemRead :  D=0x0000000000000077 A=0x7fffffffffffffdc
 412500: system.cpu: T0 : 0x10a7c    : lbu a3, 13(a5)             : MemRead :  D=0x000000000000006e A=0x7fffffffffffffdd
 413000: system.cpu: T0 : 0x10a80    : lbu a5, 15(a5)             : MemRead :  D=0x000000000000006f A=0x7fffffffffffffdf
 413500: system.cpu: T0 : 0x10a84    : sb a7, 40(sp)              : MemWrite :  D=0x000000000000002e A=0x7ffffffffffffe18
 414000: system.cpu: T0 : 0x10a88    : sb a6, 41(sp)              : MemWrite :  D=0x000000000000002f A=0x7ffffffffffffe19
 414500: system.cpu: T0 : 0x10a8c    : sb a5, 47(sp)              : MemWrite :  D=0x000000000000006f A=0x7ffffffffffffe1f
 415000: system.cpu: T0 : 0x10a90    : sb a0, 42(sp)              : MemWrite :  D=0x0000000000000044 A=0x7ffffffffffffe1a
 415500: system.cpu: T0 : 0x10a94    : sb a1, 43(sp)              : MemWrite :  D=0x000000000000006f A=0x7ffffffffffffe1b
 416000: system.cpu: T0 : 0x10a98    : sb a2, 44(sp)              : MemWrite :  D=0x0000000000000077 A=0x7ffffffffffffe1c
 416500: system.cpu: T0 : 0x10a9c    : sb a3, 45(sp)              : MemWrite :  D=0x000000000000006e A=0x7ffffffffffffe1d
 417000: system.cpu: T0 : 0x10aa0    : sb a4, 46(sp)              : MemWrite :  D=0x000000000000006c A=0x7ffffffffffffe1e
 417500: system.cpu: T0 : 0x10aa4    : c_ldsp a4, 40(sp)          : MemRead :  D=0x6f6c6e776f442f2e A=0x7ffffffffffffe18
 418500: system.cpu: T0 : 0x10aa6    : lui a5, 111                : IntAlu :  D=0x000000000006f000
 419500: system.cpu: T0 : 0x10aaa    : sd a4, -1256(a5)           : MemWrite :  D=0x6f6c6e776f442f2e A=0x6eb18
 420500: system.cpu: T0 : 0x10aae    : beq s2, zero, 14           : IntAlu : 
 421000: system.cpu: T0 : 0x10abc    : ld a2, -1360(gp)           : MemRead :  D=0x7fffffffffffff48 A=0x70b30
 421500: system.cpu: T0 : 0x10ac0    : c_ldsp a1, 16(sp)          : MemRead :  D=0x7fffffffffffff38 A=0x7ffffffffffffe00
 422000: system.cpu: T0 : 0x10ac2    : c_ldsp a0, 8(sp)           : MemRead :  D=0x0000000000000001 A=0x7ffffffffffffdf8
 422500: system.cpu: T0 : 0x10ac4    : jal ra, 75614              : IntAlu :  D=0x0000000000010ac8
 423000: system.cpu: T0 : 0x23222    : c_addi sp, -32             : IntAlu :  D=0x7ffffffffffffdd0
 423500: system.cpu: T0 : 0x23224    : c_sdsp s0, 16(sp)          : MemWrite :  D=0x0000000000010e54 A=0x7ffffffffffffde0
 424000: system.cpu: T0 : 0x23226    : c_sdsp s1, 8(sp)           : MemWrite :  D=0x0000000000010ee4 A=0x7ffffffffffffdd8
 424500: system.cpu: T0 : 0x23228    : c_sdsp s2, 0(sp)           : MemWrite :  D=0x0000000000000000 A=0x7ffffffffffffdd0
 425000: system.cpu: T0 : 0x2322a    : c_sdsp ra, 24(sp)          : MemWrite :  D=0x0000000000010ac8 A=0x7ffffffffffffde8
 425500: system.cpu: T0 : 0x2322c    : addi a4, zero, 0           : IntAlu :  D=0x0000000000000000
 426000: system.cpu: T0 : 0x23230    : c_mv s0, a0                : IntAlu :  D=0x0000000000000001
 426500: system.cpu: T0 : 0x23232    : c_mv s1, a1                : IntAlu :  D=0x7fffffffffffff38
 427000: system.cpu: T0 : 0x23234    : c_mv s2, a2                : IntAlu :  D=0x7fffffffffffff48
 427500: system.cpu: T0 : 0x23236    : c_beqz a4, 62              : IntAlu : 
 428000: system.cpu: T0 : 0x23274    : lw a0, -1248(gp)           : MemRead :  D=0x0000000000000000 A=0x70ba0
 428500: system.cpu: T0 : 0x23278    : lw a5, -1344(gp)           : MemRead :  D=0x0000000000000000 A=0x70b40
 429000: system.cpu: T0 : 0x2327c    : sw zero, -1728(gp)         : MemWrite :  D=0x0000000000000000 A=0x709c0
 429500: system.cpu: T0 : 0x23280    : beq a5, a0, -60            : IntAlu : 
 430000: system.cpu: T0 : 0x23244    : lui a5, 114                : IntAlu :  D=0x0000000000072000
 430500: system.cpu: T0 : 0x23248    : sw s0, 136(a5)             : MemWrite :  D=0x0000000000000001 A=0x72088
 431000: system.cpu: T0 : 0x2324c    : lui a5, 114                : IntAlu :  D=0x0000000000072000
 431500: system.cpu: T0 : 0x23250    : sd s1, 144(a5)             : MemWrite :  D=0x7fffffffffffff38 A=0x72090
 432000: system.cpu: T0 : 0x23254    : sd s2, -1360(gp)           : MemWrite :  D=0x7fffffffffffff48 A=0x70b30
 432500: system.cpu: T0 : 0x23258    : jal ra, -2314              : IntAlu :  D=0x000000000002325c
 433000: system.cpu: T0 : 0x2294e    : c_addi16sp sp, -160        : IntAlu :  D=0x7ffffffffffffd30
 433500: system.cpu: T0 : 0x22950    : c_sdsp ra, 152(sp)         : MemWrite :  D=0x000000000002325c A=0x7ffffffffffffdc8
 434000: system.cpu: T0 : 0x22952    : c_sdsp s1, 136(sp)         : MemWrite :  D=0x7fffffffffffff38 A=0x7ffffffffffffdb8
 434500: system.cpu: T0 : 0x22954    : c_sdsp s2, 128(sp)         : MemWrite :  D=0x7fffffffffffff48 A=0x7ffffffffffffdb0
 435000: system.cpu: T0 : 0x22956    : c_sdsp s3, 120(sp)         : MemWrite :  D=0x0000000000000000 A=0x7ffffffffffffda8
 435500: system.cpu: T0 : 0x22958    : c_sdsp s4, 112(sp)         : MemWrite :  D=0x0000000000000000 A=0x7ffffffffffffda0
 436000: system.cpu: T0 : 0x2295a    : c_sdsp s0, 144(sp)         : MemWrite :  D=0x0000000000000001 A=0x7ffffffffffffdc0
 436500: system.cpu: T0 : 0x2295c    : c_sdsp s5, 104(sp)         : MemWrite :  D=0x0000000000000000 A=0x7ffffffffffffd98
 437000: system.cpu: T0 : 0x2295e    : c_sdsp s6, 96(sp)          : MemWrite :  D=0x0000000000000000 A=0x7ffffffffffffd90
 437500: system.cpu: T0 : 0x22960    : c_sdsp s7, 88(sp)          : MemWrite :  D=0x0000000000000000 A=0x7ffffffffffffd88
 438000: system.cpu: T0 : 0x22962    : c_sdsp s8, 80(sp)          : MemWrite :  D=0x0000000000000000 A=0x7ffffffffffffd80
 438500: system.cpu: T0 : 0x22964    : c_sdsp s9, 72(sp)          : MemWrite :  D=0x0000000000000000 A=0x7ffffffffffffd78
 439000: system.cpu: T0 : 0x22966    : c_sdsp s10, 64(sp)         : MemWrite :  D=0x0000000000000000 A=0x7ffffffffffffd70
 439500: system.cpu: T0 : 0x22968    : lui s2, 114                : IntAlu :  D=0x0000000000072000
 440000: system.cpu: T0 : 0x2296c    : jal ra, 116914             : IntAlu :  D=0x0000000000022970
 440500: system.cpu: T0 : 0x3f21e    : c_lui t1, 1048575          : IntAlu :  D=0xfffffffffffff000
 441000: system.cpu: T0 : 0x3f220    : c_addi16sp sp, -48         : IntAlu :  D=0x7ffffffffffffd00
 441500: system.cpu: T0 : 0x3f222    : c_addi t1, 16              : IntAlu :  D=0xfffffffffffff010
 442000: system.cpu: T0 : 0x3f224    : c_sdsp ra, 40(sp)          : MemWrite :  D=0x0000000000022970 A=0x7ffffffffffffd28
 442500: system.cpu: T0 : 0x3f226    : c_sdsp s0, 32(sp)          : MemWrite :  D=0x0000000000000001 A=0x7ffffffffffffd20
 443000: system.cpu: T0 : 0x3f228    : c_sdsp s1, 24(sp)          : MemWrite :  D=0x7fffffffffffff38 A=0x7ffffffffffffd18
 443500: system.cpu: T0 : 0x3f22a    : c_sdsp s2, 16(sp)          : MemWrite :  D=0x0000000000072000 A=0x7ffffffffffffd10
 444000: system.cpu: T0 : 0x3f22c    : lui a1, 98                 : IntAlu :  D=0x0000000000062000
 444500: system.cpu: T0 : 0x3f230    : c_add sp, t1               : IntAlu :  D=0x7fffffffffffed10
 445000: system.cpu: T0 : 0x3f232    : c_lui a5, 1048575          : IntAlu :  D=0xfffffffffffff000
 445500: system.cpu: T0 : 0x3f234    : addi a7, zero, 78          : IntAlu :  D=0x000000000000004e
 446000: system.cpu: T0 : 0x3f238    : addi a0, zero, -100        : IntAlu :  D=0xffffffffffffff9c
 446500: system.cpu: T0 : 0x3f23c    : addi a1, a1, 1568          : IntAlu :  D=0x0000000000062620
 447000: system.cpu: T0 : 0x3f240    : c_mv a2, sp                : IntAlu :  D=0x7fffffffffffed10
 447500: system.cpu: T0 : 0x3f242    : c_lui a3, 1                : IntAlu :  D=0x0000000000001000
 448000: system.cpu: T0 : 0x3f244    : ecall                      : No_OpClass : 
 448500: system.cpu: T0 : 0x3f248    : c_addiw a0, 0              : IntAlu :  D=0xfffffffffffffffe
 449500: system.cpu: T0 : 0x3f24a    : bltu a5, a0, 84            : IntAlu : 
 450500: system.cpu: T0 : 0x3f29e    : lui a5, 114                : IntAlu :  D=0x0000000000072000
 451500: system.cpu: T0 : 0x3f2a2    : ld s1, 40(a5)              : MemRead :  D=0x0000000000000000 A=0x72028
 452000: system.cpu: T0 : 0x3f2a6    : c_beqz s1, 62              : IntAlu : 
 452500: system.cpu: T0 : 0x3f2e4    : c_li s0, -1                : IntAlu :  D=0xffffffffffffffff
 453000: system.cpu: T0 : 0x3f2e6    : c_lui t1, 1                : IntAlu :  D=0x0000000000001000
 453500: system.cpu: T0 : 0x3f2e8    : c_addi t1, -16             : IntAlu :  D=0x0000000000000ff0
 454000: system.cpu: T0 : 0x3f2ea    : c_add sp, t1               : IntAlu :  D=0x7ffffffffffffd00
 454500: system.cpu: T0 : 0x3f2ec    : c_ldsp ra, 40(sp)          : MemRead :  D=0x0000000000022970 A=0x7ffffffffffffd28
 455000: system.cpu: T0 : 0x3f2ee    : c_mv a0, s0                : IntAlu :  D=0xffffffffffffffff
 455500: system.cpu: T0 : 0x3f2f0    : c_ldsp s1, 24(sp)          : MemRead :  D=0x7fffffffffffff38 A=0x7ffffffffffffd18
 456000: system.cpu: T0 : 0x3f2f2    : c_ldsp s0, 32(sp)          : MemRead :  D=0x0000000000000001 A=0x7ffffffffffffd20
 456500: system.cpu: T0 : 0x3f2f4    : c_ldsp s2, 16(sp)          : MemRead :  D=0x0000000000072000 A=0x7ffffffffffffd10
 457000: system.cpu: T0 : 0x3f2f6    : c_addi16sp sp, 48          : IntAlu :  D=0x7ffffffffffffd30
 457500: system.cpu: T0 : 0x3f2f8    : c_jr ra                    : IntAlu : 
 458000: system.cpu: T0 : 0x22970    : lui s3, 114                : IntAlu :  D=0x0000000000072000
 458500: system.cpu: T0 : 0x22974    : ld a5, 80(s3)              : MemRead :  D=0x0000000000000006 A=0x72050
 459000: system.cpu: T0 : 0x22978    : ld a4, 24(s2)              : MemRead :  D=0x0000000000010040 A=0x72018
 459500: system.cpu: T0 : 0x2297c    : c_mv a3, a0                : IntAlu :  D=0xffffffffffffffff
 460500: system.cpu: T0 : 0x2297e    : lui s4, 112                : IntAlu :  D=0x0000000000070000
 461500: system.cpu: T0 : 0x22982    : lui a0, 80                 : IntAlu :  D=0x0000000000050000
 462500: system.cpu: T0 : 0x22986    : addi s1, s4, -336          : IntAlu :  D=0x000000000006feb0
 463500: system.cpu: T0 : 0x2298a    : addi a0, a0, 448           : IntAlu :  D=0x00000000000501c0
 464500: system.cpu: T0 : 0x2298e    : sh a5, 696(s1)             : MemWrite :  D=0x0000000000000006 A=0x70168
 465500: system.cpu: T0 : 0x22992    : sd a3, 840(s1)             : MemWrite :  D=0xffffffffffffffff A=0x701f8
 466500: system.cpu: T0 : 0x22996    : sd a4, 680(s1)             : MemWrite :  D=0x0000000000010040 A=0x70158
 467500: system.cpu: T0 : 0x2299a    : jal ra, -56894             : IntAlu :  D=0x000000000002299e
 468000: system.cpu: T0 : 0x14b5c    : c_addi16sp sp, -64         : IntAlu :  D=0x7ffffffffffffcf0
 468500: system.cpu: T0 : 0x14b5e    : c_sdsp s1, 40(sp)          : MemWrite :  D=0x000000000006feb0 A=0x7ffffffffffffd18
 469000: system.cpu: T0 : 0x14b60    : ld s1, -1360(gp)           : MemRead :  D=0x7fffffffffffff48 A=0x70b30
 469500: system.cpu: T0 : 0x14b64    : c_sdsp ra, 56(sp)          : MemWrite :  D=0x000000000002299e A=0x7ffffffffffffd28
 470000: system.cpu: T0 : 0x14b66    : c_sdsp s0, 48(sp)          : MemWrite :  D=0x0000000000000001 A=0x7ffffffffffffd20
 470500: system.cpu: T0 : 0x14b68    : c_sdsp s2, 32(sp)          : MemWrite :  D=0x0000000000072000 A=0x7ffffffffffffd10
 471000: system.cpu: T0 : 0x14b6a    : c_sdsp s3, 24(sp)          : MemWrite :  D=0x0000000000072000 A=0x7ffffffffffffd08
 471500: system.cpu: T0 : 0x14b6c    : c_sdsp s4, 16(sp)          : MemWrite :  D=0x0000000000070000 A=0x7ffffffffffffd00
 472000: system.cpu: T0 : 0x14b6e    : c_sdsp s5, 8(sp)           : MemWrite :  D=0x0000000000000000 A=0x7ffffffffffffcf8
 472500: system.cpu: T0 : 0x14b70    : c_sdsp s6, 0(sp)           : MemWrite :  D=0x0000000000000000 A=0x7ffffffffffffcf0
 473000: system.cpu: T0 : 0x14b72    : c_beqz s1, 210             : IntAlu : 
 473500: system.cpu: T0 : 0x14b74    : lbu a5, 0(a0)              : MemRead :  D=0x000000000000004c A=0x501c0
 474000: system.cpu: T0 : 0x14b78    : c_mv s4, a0                : IntAlu :  D=0x00000000000501c0
 474500: system.cpu: T0 : 0x14b7a    : c_beqz a5, 202             : IntAlu : 
 475000: system.cpu: T0 : 0x14b7c    : lbu s5, 1(a0)              : MemRead :  D=0x0000000000000044 A=0x501c1
 475500: system.cpu: T0 : 0x14b80    : slliw s2, a5, 16           : IntAlu :  D=0x00000000004c0000
 476000: system.cpu: T0 : 0x14b84    : c_ld s0, 0(s1)             : MemRead :  D=0x0000000000000000 A=0x7fffffffffffff48
 477000: system.cpu: T0 : 0x14b86    : sraiw s2, s2, 16           : IntAlu :  D=0x000000000000004c
 478000: system.cpu: T0 : 0x14b8a    : bne s5, zero, 86           : IntAlu : 
 478500: system.cpu: T0 : 0x14be0    : jal ra, 42492              : IntAlu :  D=0x0000000000014be4
 479000: system.cpu: T0 : 0x1f1dc    : andi a5, a0, 7             : IntAlu :  D=0x0000000000000000
 479500: system.cpu: T0 : 0x1f1e0    : c_beqz a5, 26              : IntAlu : 
 480000: system.cpu: T0 : 0x1f1fa    : c_mv a5, a0                : IntAlu :  D=0x00000000000501c0
 480500: system.cpu: T0 : 0x1f1fc    : ld a6, -2024(gp)           : MemRead :  D=0xfefefefefefefeff A=0x70898
 481000: system.cpu: T0 : 0x1f200    : ld a1, -2016(gp)           : MemRead :  D=0x8080808080808080 A=0x708a0
 481500: system.cpu: T0 : 0x1f204    : c_ld a2, 0(a5)             : MemRead :  D=0x004e5241575f444c A=0x501c0
 482500: system.cpu: T0 : 0x1f206    : addi a3, a5, 8             : IntAlu :  D=0x00000000000501c8
 483500: system.cpu: T0 : 0x1f20a    : add a4, a2, a6             : IntAlu :  D=0xff4d5140565e434b
 484500: system.cpu: T0 : 0x1f20e    : xori a2, a2, 18446744073709551615 : IntAlu :  D=0xffb1adbea8a0bbb3
 485000: system.cpu: T0 : 0x1f212    : c_and a4, a2               : IntAlu :  D=0xff01010000000303
 485500: system.cpu: T0 : 0x1f214    : c_and a4, a1               : IntAlu :  D=0x8000000000000000
 486000: system.cpu: T0 : 0x1f216    : c_beqz a4, 50              : IntAlu : 
 486500: system.cpu: T0 : 0x1f218    : lbu a4, -8(a3)             : MemRead :  D=0x000000000000004c A=0x501c0
 487000: system.cpu: T0 : 0x1f21c    : c_beqz a4, -40             : IntAlu : 
 488000: system.cpu: T0 : 0x1f21e    : lbu a4, -7(a3)             : MemRead :  D=0x0000000000000044 A=0x501c1
 488500: system.cpu: T0 : 0x1f222    : c_beqz a4, 50              : IntAlu : 
 489000: system.cpu: T0 : 0x1f224    : lbu a4, -6(a3)             : MemRead :  D=0x000000000000005f A=0x501c2
 489500: system.cpu: T0 : 0x1f228    : c_beqz a4, 52              : IntAlu : 
 490500: system.cpu: T0 : 0x1f22a    : lbu a4, -5(a3)             : MemRead :  D=0x0000000000000057 A=0x501c3
 491000: system.cpu: T0 : 0x1f22e    : c_beqz a4, 54              : IntAlu : 
 491500: system.cpu: T0 : 0x1f230    : lbu a4, -4(a3)             : MemRead :  D=0x0000000000000041 A=0x501c4
 492000: system.cpu: T0 : 0x1f234    : c_beqz a4, 56              : IntAlu : 
 493000: system.cpu: T0 : 0x1f236    : lbu a4, -3(a3)             : MemRead :  D=0x0000000000000052 A=0x501c5
 493500: system.cpu: T0 : 0x1f23a    : c_beqz a4, 58              : IntAlu : 
 494000: system.cpu: T0 : 0x1f23c    : lbu a4, -2(a3)             : MemRead :  D=0x000000000000004e A=0x501c6
 494500: system.cpu: T0 : 0x1f240    : c_beqz a4, 60              : IntAlu : 
 495500: system.cpu: T0 : 0x1f242    : lbu a4, -1(a3)             : MemRead :  D=0x0000000000000000 A=0x501c7
 496000: system.cpu: T0 : 0x1f246    : c_beqz a4, 6               : IntAlu : 
 496500: system.cpu: T0 : 0x1f24c    : c_sub a5, a0               : IntAlu :  D=0x0000000000000000
 497500: system.cpu: T0 : 0x1f24e    : addi a0, a5, 7             : IntAlu :  D=0x0000000000000007
 498000: system.cpu: T0 : 0x1f252    : c_jr ra                    : IntAlu : 
 498500: system.cpu: T0 : 0x14be4    : slli a5, s5, 8             : IntAlu :  D=0x0000000000004400
 499000: system.cpu: T0 : 0x14be8    : or a5, s2, a5              : IntAlu :  D=0x000000000000444c
 499500: system.cpu: T0 : 0x14bec    : slliw s2, a5, 16           : IntAlu :  D=0x00000000444c0000
 500000: system.cpu: T0 : 0x14bf0    : c_mv s3, a0                : IntAlu :  D=0x0000000000000007
 501000: system.cpu: T0 : 0x14bf2    : sraiw s2, s2, 16           : IntAlu :  D=0x000000000000444c
 502000: system.cpu: T0 : 0x14bf6    : addi s5, a0, -2            : IntAlu :  D=0x0000000000000005
 502500: system.cpu: T0 : 0x14bfa    : c_addi s4, 2               : IntAlu :  D=0x00000000000501c2
 503000: system.cpu: T0 : 0x14bfc    : c_beqz s0, -50             : IntAlu : 
 503500: system.cpu: T0 : 0x14bca    : c_ldsp ra, 56(sp)          : MemRead :  D=0x000000000002299e A=0x7ffffffffffffd28
 504000: system.cpu: T0 : 0x14bcc    : c_mv a0, s0                : IntAlu :  D=0x0000000000000000
 504500: system.cpu: T0 : 0x14bce    : c_ldsp s0, 48(sp)          : MemRead :  D=0x0000000000000001 A=0x7ffffffffffffd20
 505000: system.cpu: T0 : 0x14bd0    : c_ldsp s1, 40(sp)          : MemRead :  D=0x000000000006feb0 A=0x7ffffffffffffd18
 505500: system.cpu: T0 : 0x14bd2    : c_ldsp s2, 32(sp)          : MemRead :  D=0x0000000000072000 A=0x7ffffffffffffd10
 506000: system.cpu: T0 : 0x14bd4    : c_ldsp s3, 24(sp)          : MemRead :  D=0x0000000000072000 A=0x7ffffffffffffd08
 506500: system.cpu: T0 : 0x14bd6    : c_ldsp s4, 16(sp)          : MemRead :  D=0x0000000000070000 A=0x7ffffffffffffd00
 507000: system.cpu: T0 : 0x14bd8    : c_ldsp s5, 8(sp)           : MemRead :  D=0x0000000000000000 A=0x7ffffffffffffcf8
 507500: system.cpu: T0 : 0x14bda    : c_ldsp s6, 0(sp)           : MemRead :  D=0x0000000000000000 A=0x7ffffffffffffcf0
 508000: system.cpu: T0 : 0x14bdc    : c_addi16sp sp, 64          : IntAlu :  D=0x7ffffffffffffd30
 508500: system.cpu: T0 : 0x14bde    : c_jr ra                    : IntAlu : 
 509000: system.cpu: T0 : 0x2299e    : c_li a5, 0                 : IntAlu :  D=0x0000000000000000
 509500: system.cpu: T0 : 0x229a0    : c_beqz a0, 10              : IntAlu : 
 510500: system.cpu: T0 : 0x229aa    : lui s5, 114                : IntAlu :  D=0x0000000000072000
 511500: system.cpu: T0 : 0x229ae    : ld a4, 56(s5)              : MemRead :  D=0x0000000000000000 A=0x72038
 512500: system.cpu: T0 : 0x229b2    : lui a3, 114                : IntAlu :  D=0x0000000000072000
 513500: system.cpu: T0 : 0x229b6    : sw a5, 72(a3)              : MemWrite :  D=0x0000000000000000 A=0x72048
 514500: system.cpu: T0 : 0x229ba    : beq a4, zero, 1518         : IntAlu : 
 515000: system.cpu: T0 : 0x22fa8    : lui s6, 114                : IntAlu :  D=0x0000000000072000
 515500: system.cpu: T0 : 0x22fac    : ld s0, 8(s6)               : MemRead :  D=0x0000000000000000 A=0x72008
 516000: system.cpu: T0 : 0x22fb0    : bne s0, zero, -1062        : IntAlu : 
 516500: system.cpu: T0 : 0x22fb4    : lui s0, 111                : IntAlu :  D=0x000000000006f000
 517000: system.cpu: T0 : 0x22fb8    : addi s0, s0, -128          : IntAlu :  D=0x000000000006ef80
 517500: system.cpu: T0 : 0x22fbc    : sd zero, 8(s0)             : MemWrite :  D=0x0000000000000000 A=0x6ef88
 518000: system.cpu: T0 : 0x22fc0    : sd zero, 16(s0)            : MemWrite :  D=0x0000000000000000 A=0x6ef90
 518500: system.cpu: T0 : 0x22fc4    : sd zero, 24(s0)            : MemWrite :  D=0x0000000000000000 A=0x6ef98
 519000: system.cpu: T0 : 0x22fc8    : c_li a5, 0                 : IntAlu :  D=0x0000000000000000
 519500: system.cpu: T0 : 0x22fca    : c_j -678                   : IntAlu : 
 520000: system.cpu: T0 : 0x22d24    : lui a0, 80                 : IntAlu :  D=0x0000000000050000
 520500: system.cpu: T0 : 0x22d28    : addi a0, a0, 800           : IntAlu :  D=0x0000000000050320
 521000: system.cpu: T0 : 0x22d2c    : c_sd a5, 32(s0)            : MemWrite :  D=0x0000000000000000 A=0x6efa0
 522000: system.cpu: T0 : 0x22d2e    : jal ra, -57810             : IntAlu :  D=0x0000000000022d32
 522500: system.cpu: T0 : 0x14b5c    : c_addi16sp sp, -64         : IntAlu :  D=0x7ffffffffffffcf0
 523000: system.cpu: T0 : 0x14b5e    : c_sdsp s1, 40(sp)          : MemWrite :  D=0x000000000006feb0 A=0x7ffffffffffffd18
 523500: system.cpu: T0 : 0x14b60    : ld s1, -1360(gp)           : MemRead :  D=0x7fffffffffffff48 A=0x70b30
 524000: system.cpu: T0 : 0x14b64    : c_sdsp ra, 56(sp)          : MemWrite :  D=0x0000000000022d32 A=0x7ffffffffffffd28
 524500: system.cpu: T0 : 0x14b66    : c_sdsp s0, 48(sp)          : MemWrite :  D=0x000000000006ef80 A=0x7ffffffffffffd20
 525000: system.cpu: T0 : 0x14b68    : c_sdsp s2, 32(sp)          : MemWrite :  D=0x0000000000072000 A=0x7ffffffffffffd10
 525500: system.cpu: T0 : 0x14b6a    : c_sdsp s3, 24(sp)          : MemWrite :  D=0x0000000000072000 A=0x7ffffffffffffd08
 526000: system.cpu: T0 : 0x14b6c    : c_sdsp s4, 16(sp)          : MemWrite :  D=0x0000000000070000 A=0x7ffffffffffffd00
 526500: system.cpu: T0 : 0x14b6e    : c_sdsp s5, 8(sp)           : MemWrite :  D=0x0000000000072000 A=0x7ffffffffffffcf8
 527000: system.cpu: T0 : 0x14b70    : c_sdsp s6, 0(sp)           : MemWrite :  D=0x0000000000072000 A=0x7ffffffffffffcf0
 527500: system.cpu: T0 : 0x14b72    : c_beqz s1, 210             : IntAlu : 
 528000: system.cpu: T0 : 0x14b74    : lbu a5, 0(a0)              : MemRead :  D=0x000000000000004c A=0x50320
 528500: system.cpu: T0 : 0x14b78    : c_mv s4, a0                : IntAlu :  D=0x0000000000050320
 529000: system.cpu: T0 : 0x14b7a    : c_beqz a5, 202             : IntAlu : 
 529500: system.cpu: T0 : 0x14b7c    : lbu s5, 1(a0)              : MemRead :  D=0x0000000000000044 A=0x50321
 530000: system.cpu: T0 : 0x14b80    : slliw s2, a5, 16           : IntAlu :  D=0x00000000004c0000
 530500: system.cpu: T0 : 0x14b84    : c_ld s0, 0(s1)             : MemRead :  D=0x0000000000000000 A=0x7fffffffffffff48
 531500: system.cpu: T0 : 0x14b86    : sraiw s2, s2, 16           : IntAlu :  D=0x000000000000004c
 532500: system.cpu: T0 : 0x14b8a    : bne s5, zero, 86           : IntAlu : 
 533000: system.cpu: T0 : 0x14be0    : jal ra, 42492              : IntAlu :  D=0x0000000000014be4
 533500: system.cpu: T0 : 0x1f1dc    : andi a5, a0, 7             : IntAlu :  D=0x0000000000000000
 534000: system.cpu: T0 : 0x1f1e0    : c_beqz a5, 26              : IntAlu : 
 534500: system.cpu: T0 : 0x1f1fa    : c_mv a5, a0                : IntAlu :  D=0x0000000000050320
 535000: system.cpu: T0 : 0x1f1fc    : ld a6, -2024(gp)           : MemRead :  D=0xfefefefefefefeff A=0x70898
 535500: system.cpu: T0 : 0x1f200    : ld a1, -2016(gp)           : MemRead :  D=0x8080808080808080 A=0x708a0
 536000: system.cpu: T0 : 0x1f204    : c_ld a2, 0(a5)             : MemRead :  D=0x415242494c5f444c A=0x50320
 537000: system.cpu: T0 : 0x1f206    : addi a3, a5, 8             : IntAlu :  D=0x0000000000050328
 538000: system.cpu: T0 : 0x1f20a    : add a4, a2, a6             : IntAlu :  D=0x405141484b5e434b
 539000: system.cpu: T0 : 0x1f20e    : xori a2, a2, 18446744073709551615 : IntAlu :  D=0xbeadbdb6b3a0bbb3
 539500: system.cpu: T0 : 0x1f212    : c_and a4, a2               : IntAlu :  D=0x0001010003000303
 540000: system.cpu: T0 : 0x1f214    : c_and a4, a1               : IntAlu :  D=0x0000000000000000
 540500: system.cpu: T0 : 0x1f216    : c_beqz a4, 50              : IntAlu : 
 541000: system.cpu: T0 : 0x1f248    : c_mv a5, a3                : IntAlu :  D=0x0000000000050328
 541500: system.cpu: T0 : 0x1f24a    : c_j -70                    : IntAlu : 
 542000: system.cpu: T0 : 0x1f204    : c_ld a2, 0(a5)             : MemRead :  D=0x00485441505f5952 A=0x50328
 543000: system.cpu: T0 : 0x1f206    : addi a3, a5, 8             : IntAlu :  D=0x0000000000050330
 544000: system.cpu: T0 : 0x1f20a    : add a4, a2, a6             : IntAlu :  D=0xff4753404f5e5851
 545000: system.cpu: T0 : 0x1f20e    : xori a2, a2, 18446744073709551615 : IntAlu :  D=0xffb7abbeafa0a6ad
 545500: system.cpu: T0 : 0x1f212    : c_and a4, a2               : IntAlu :  D=0xff0703000f000001
 546000: system.cpu: T0 : 0x1f214    : c_and a4, a1               : IntAlu :  D=0x8000000000000000
 546500: system.cpu: T0 : 0x1f216    : c_beqz a4, 50              : IntAlu : 
 547000: system.cpu: T0 : 0x1f218    : lbu a4, -8(a3)             : MemRead :  D=0x0000000000000052 A=0x50328
 547500: system.cpu: T0 : 0x1f21c    : c_beqz a4, -40             : IntAlu : 
 548500: system.cpu: T0 : 0x1f21e    : lbu a4, -7(a3)             : MemRead :  D=0x0000000000000059 A=0x50329
 549000: system.cpu: T0 : 0x1f222    : c_beqz a4, 50              : IntAlu : 
 549500: system.cpu: T0 : 0x1f224    : lbu a4, -6(a3)             : MemRead :  D=0x000000000000005f A=0x5032a
 550000: system.cpu: T0 : 0x1f228    : c_beqz a4, 52              : IntAlu : 
 551000: system.cpu: T0 : 0x1f22a    : lbu a4, -5(a3)             : MemRead :  D=0x0000000000000050 A=0x5032b
 551500: system.cpu: T0 : 0x1f22e    : c_beqz a4, 54              : IntAlu : 
 552000: system.cpu: T0 : 0x1f230    : lbu a4, -4(a3)             : MemRead :  D=0x0000000000000041 A=0x5032c
 552500: system.cpu: T0 : 0x1f234    : c_beqz a4, 56              : IntAlu : 
 553500: system.cpu: T0 : 0x1f236    : lbu a4, -3(a3)             : MemRead :  D=0x0000000000000054 A=0x5032d
 554000: system.cpu: T0 : 0x1f23a    : c_beqz a4, 58              : IntAlu : 
 554500: system.cpu: T0 : 0x1f23c    : lbu a4, -2(a3)             : MemRead :  D=0x0000000000000048 A=0x5032e
 555000: system.cpu: T0 : 0x1f240    : c_beqz a4, 60              : IntAlu : 
 556000: system.cpu: T0 : 0x1f242    : lbu a4, -1(a3)             : MemRead :  D=0x0000000000000000 A=0x5032f
 556500: system.cpu: T0 : 0x1f246    : c_beqz a4, 6               : IntAlu : 
 557000: system.cpu: T0 : 0x1f24c    : c_sub a5, a0               : IntAlu :  D=0x0000000000000008
 558000: system.cpu: T0 : 0x1f24e    : addi a0, a5, 7             : IntAlu :  D=0x000000000000000f
 558500: system.cpu: T0 : 0x1f252    : c_jr ra                    : IntAlu : 
 559000: system.cpu: T0 : 0x14be4    : slli a5, s5, 8             : IntAlu :  D=0x0000000000004400
 559500: system.cpu: T0 : 0x14be8    : or a5, s2, a5              : IntAlu :  D=0x000000000000444c
 560000: system.cpu: T0 : 0x14bec    : slliw s2, a5, 16           : IntAlu :  D=0x00000000444c0000
 560500: system.cpu: T0 : 0x14bf0    : c_mv s3, a0                : IntAlu :  D=0x000000000000000f
 561500: system.cpu: T0 : 0x14bf2    : sraiw s2, s2, 16           : IntAlu :  D=0x000000000000444c
 562500: system.cpu: T0 : 0x14bf6    : addi s5, a0, -2            : IntAlu :  D=0x000000000000000d
 563000: system.cpu: T0 : 0x14bfa    : c_addi s4, 2               : IntAlu :  D=0x0000000000050322
 563500: system.cpu: T0 : 0x14bfc    : c_beqz s0, -50             : IntAlu : 
 564000: system.cpu: T0 : 0x14bca    : c_ldsp ra, 56(sp)          : MemRead :  D=0x0000000000022d32 A=0x7ffffffffffffd28
 564500: system.cpu: T0 : 0x14bcc    : c_mv a0, s0                : IntAlu :  D=0x0000000000000000
 565000: system.cpu: T0 : 0x14bce    : c_ldsp s0, 48(sp)          : MemRead :  D=0x000000000006ef80 A=0x7ffffffffffffd20
 565500: system.cpu: T0 : 0x14bd0    : c_ldsp s1, 40(sp)          : MemRead :  D=0x000000000006feb0 A=0x7ffffffffffffd18
 566000: system.cpu: T0 : 0x14bd2    : c_ldsp s2, 32(sp)          : MemRead :  D=0x0000000000072000 A=0x7ffffffffffffd10
 566500: system.cpu: T0 : 0x14bd4    : c_ldsp s3, 24(sp)          : MemRead :  D=0x0000000000072000 A=0x7ffffffffffffd08
 567000: system.cpu: T0 : 0x14bd6    : c_ldsp s4, 16(sp)          : MemRead :  D=0x0000000000070000 A=0x7ffffffffffffd00
 567500: system.cpu: T0 : 0x14bd8    : c_ldsp s5, 8(sp)           : MemRead :  D=0x0000000000072000 A=0x7ffffffffffffcf8
 568000: system.cpu: T0 : 0x14bda    : c_ldsp s6, 0(sp)           : MemRead :  D=0x0000000000072000 A=0x7ffffffffffffcf0
 568500: system.cpu: T0 : 0x14bdc    : c_addi16sp sp, 64          : IntAlu :  D=0x7ffffffffffffd30
 569000: system.cpu: T0 : 0x14bde    : c_jr ra                    : IntAlu : 
 570000: system.cpu: T0 : 0x22d32    : jal ra, 99838              : IntAlu :  D=0x0000000000022d36
 570500: system.cpu: T0 : 0x3b330    : c_addi16sp sp, -64         : IntAlu :  D=0x7ffffffffffffcf0
 571000: system.cpu: T0 : 0x3b332    : c_sdsp ra, 56(sp)          : MemWrite :  D=0x0000000000022d36 A=0x7ffffffffffffd28
 571500: system.cpu: T0 : 0x3b334    : c_sdsp s0, 48(sp)          : MemWrite :  D=0x000000000006ef80 A=0x7ffffffffffffd20
 572000: system.cpu: T0 : 0x3b336    : c_sdsp s2, 32(sp)          : MemWrite :  D=0x0000000000072000 A=0x7ffffffffffffd10
 572500: system.cpu: T0 : 0x3b338    : c_sdsp s3, 24(sp)          : MemWrite :  D=0x0000000000072000 A=0x7ffffffffffffd08
 573000: system.cpu: T0 : 0x3b33a    : c_addi4spn s0, sp, 64      : IntAlu :  D=0x7ffffffffffffd30
 573500: system.cpu: T0 : 0x3b33c    : c_sdsp s1, 40(sp)          : MemWrite :  D=0x000000000006feb0 A=0x7ffffffffffffd18
 574000: system.cpu: T0 : 0x3b33e    : c_sdsp s4, 16(sp)          : MemWrite :  D=0x0000000000070000 A=0x7ffffffffffffd00
 574500: system.cpu: T0 : 0x3b340    : c_sdsp s5, 8(sp)           : MemWrite :  D=0x0000000000072000 A=0x7ffffffffffffcf8
 575500: system.cpu: T0 : 0x3b342    : lui a5, 114                : IntAlu :  D=0x0000000000072000
 576500: system.cpu: T0 : 0x3b346    : ld a1, -56(a5)             : MemRead :  D=0x0000000000000000 A=0x71fc8
 577500: system.cpu: T0 : 0x3b34a    : lui a5, 114                : IntAlu :  D=0x0000000000072000
 578000: system.cpu: T0 : 0x3b34e    : c_mv s2, a0                : IntAlu :  D=0x0000000000000000
 578500: system.cpu: T0 : 0x3b350    : lui s3, 111                : IntAlu :  D=0x000000000006f000
 579000: system.cpu: T0 : 0x3b354    : ld a0, -8(a5)              : MemRead :  D=0x0000000000000000 A=0x71ff8
 579500: system.cpu: T0 : 0x3b358    : addi s3, s3, -64           : IntAlu :  D=0x000000000006efc0
 580000: system.cpu: T0 : 0x3b35c    : addi a3, s3, 8             : IntAlu :  D=0x000000000006efc8
 580500: system.cpu: T0 : 0x3b360    : addi a2, s3, 16            : IntAlu :  D=0x000000000006efd0
 581000: system.cpu: T0 : 0x3b364    : jal ra, 9754               : IntAlu :  D=0x000000000003b368
 581500: system.cpu: T0 : 0x3d97e    : c_addi16sp sp, -192        : IntAlu :  D=0x7ffffffffffffc30
 582000: system.cpu: T0 : 0x3d980    : c_sdsp s0, 176(sp)         : MemWrite :  D=0x7ffffffffffffd30 A=0x7ffffffffffffce0
 582500: system.cpu: T0 : 0x3d982    : c_sdsp s3, 152(sp)         : MemWrite :  D=0x000000000006efc0 A=0x7ffffffffffffcc8
 583000: system.cpu: T0 : 0x3d984    : c_addi4spn s0, sp, 192     : IntAlu :  D=0x7ffffffffffffcf0
 583500: system.cpu: T0 : 0x3d986    : c_sdsp s4, 144(sp)         : MemWrite :  D=0x0000000000070000 A=0x7ffffffffffffcc0
 584000: system.cpu: T0 : 0x3d988    : c_sdsp s9, 104(sp)         : MemWrite :  D=0x0000000000000000 A=0x7ffffffffffffc98
 584500: system.cpu: T0 : 0x3d98a    : c_sdsp s11, 88(sp)         : MemWrite :  D=0x0000000000000000 A=0x7ffffffffffffc88
 585000: system.cpu: T0 : 0x3d98c    : c_sdsp ra, 184(sp)         : MemWrite :  D=0x000000000003b368 A=0x7ffffffffffffce8
 585500: system.cpu: T0 : 0x3d98e    : c_sdsp s1, 168(sp)         : MemWrite :  D=0x000000000006feb0 A=0x7ffffffffffffcd8
 586000: system.cpu: T0 : 0x3d990    : c_sdsp s2, 160(sp)         : MemWrite :  D=0x0000000000000000 A=0x7ffffffffffffcd0
 586500: system.cpu: T0 : 0x3d992    : c_sdsp s5, 136(sp)         : MemWrite :  D=0x0000000000072000 A=0x7ffffffffffffcb8
 587000: system.cpu: T0 : 0x3d994    : c_sdsp s6, 128(sp)         : MemWrite :  D=0x0000000000072000 A=0x7ffffffffffffcb0
 587500: system.cpu: T0 : 0x3d996    : c_sdsp s7, 120(sp)         : MemWrite :  D=0x0000000000000000 A=0x7ffffffffffffca8
 588000: system.cpu: T0 : 0x3d998    : c_sdsp s8, 112(sp)         : MemWrite :  D=0x0000000000000000 A=0x7ffffffffffffca0
 588500: system.cpu: T0 : 0x3d99a    : c_sdsp s10, 96(sp)         : MemWrite :  D=0x0000000000000000 A=0x7ffffffffffffc90
 589000: system.cpu: T0 : 0x3d99c    : c_mv a5, a2                : IntAlu :  D=0x000000000006efd0
 589500: system.cpu: T0 : 0x3d99e    : c_mv a4, a1                : IntAlu :  D=0x0000000000000000
 590000: system.cpu: T0 : 0x3d9a0    : c_mv s4, a0                : IntAlu :  D=0x0000000000000000
 590500: system.cpu: T0 : 0x3d9a2    : c_li a2, 0                 : IntAlu :  D=0x0000000000000000
 591000: system.cpu: T0 : 0x3d9a4    : addi a1, s0, -120          : IntAlu :  D=0x7ffffffffffffc78
 591500: system.cpu: T0 : 0x3d9a8    : c_li a0, 8                 : IntAlu :  D=0x0000000000000008
 592500: system.cpu: T0 : 0x3d9aa    : sd a5, -136(s0)            : MemWrite :  D=0x000000000006efd0 A=0x7ffffffffffffc68
 593500: system.cpu: T0 : 0x3d9ae    : sd a3, -160(s0)            : MemWrite :  D=0x000000000006efc8 A=0x7ffffffffffffc50
 594500: system.cpu: T0 : 0x3d9b2    : sd a4, -144(s0)            : MemWrite :  D=0x0000000000000000 A=0x7ffffffffffffc60
 595500: system.cpu: T0 : 0x3d9b6    : jal ra, -111428            : IntAlu :  D=0x000000000003d9ba
 596000: system.cpu: T0 : 0x22672    : c_slli a0, 32              : IntAlu :  D=0x0000000800000000
 596500: system.cpu: T0 : 0x22674    : c_srli a0, 32              : IntAlu :  D=0x0000000000000008
 597500: system.cpu: T0 : 0x22676    : slli a5, a0, 3             : IntAlu :  D=0x0000000000000040
 598000: system.cpu: T0 : 0x2267a    : c_sub a5, a0               : IntAlu :  D=0x0000000000000038
 598500: system.cpu: T0 : 0x2267c    : lui a4, 111                : IntAlu :  D=0x000000000006f000
 599000: system.cpu: T0 : 0x22680    : addi a4, a4, -1248         : IntAlu :  D=0x000000000006eb20
 599500: system.cpu: T0 : 0x22684    : c_slli a5, 3               : IntAlu :  D=0x00000000000001c0
 600000: system.cpu: T0 : 0x22686    : c_add a5, a4               : IntAlu :  D=0x000000000006ece0
 600500: system.cpu: T0 : 0x22688    : c_lw a3, 8(a5)             : MemRead :  D=0x0000000000000001 A=0x6ece8
 601000: system.cpu: T0 : 0x2268a    : c_li a6, 2                 : IntAlu :  D=0x0000000000000002
 601500: system.cpu: T0 : 0x2268c    : c_ld a5, 32(a5)            : MemRead :  D=0x0000000000000000 A=0x6ed00
 602500: system.cpu: T0 : 0x2268e    : bltu a6, a3, 42            : IntAlu : 
 603000: system.cpu: T0 : 0x22692    : c_bnez a3, 38              : IntAlu : 
 603500: system.cpu: T0 : 0x226b8    : c_sd a5, 0(a1)             : MemWrite :  D=0x0000000000000000 A=0x7ffffffffffffc78
 604000: system.cpu: T0 : 0x226ba    : c_j -36                    : IntAlu : 
 605000: system.cpu: T0 : 0x22696    : slli a5, a0, 3             : IntAlu :  D=0x0000000000000040
 605500: system.cpu: T0 : 0x2269a    : c_sub a5, a0               : IntAlu :  D=0x0000000000000038
 606000: system.cpu: T0 : 0x2269c    : c_slli a5, 3               : IntAlu :  D=0x00000000000001c0
 607000: system.cpu: T0 : 0x2269e    : add a3, a4, a5             : IntAlu :  D=0x000000000006ece0
 608000: system.cpu: T0 : 0x226a2    : lbu a3, 40(a3)             : MemRead :  D=0x0000000000000000 A=0x6ed08
 608500: system.cpu: T0 : 0x226a6    : c_beqz a3, 16              : IntAlu : 
 609000: system.cpu: T0 : 0x226b6    : c_jr ra                    : IntAlu : 
 610000: system.cpu: T0 : 0x3d9ba    : ld s11, -120(s0)           : MemRead :  D=0x0000000000000000 A=0x7ffffffffffffc78
 611000: system.cpu: T0 : 0x3d9be    : ld s9, -1328(gp)           : MemRead :  D=0x0000000000000000 A=0x70b50
 612000: system.cpu: T0 : 0x3d9c2    : sltu a3, zero, s4          : IntAlu :  D=0x0000000000000000
 613000: system.cpu: T0 : 0x3d9c6    : and s3, s9, s11            : IntAlu :  D=0x0000000000000000
 614000: system.cpu: T0 : 0x3d9ca    : beq s3, zero, 1250         : IntAlu : 
 614500: system.cpu: T0 : 0x3deac    : addi s2, a3, 1             : IntAlu :  D=0x0000000000000001
 615000: system.cpu: T0 : 0x3deb0    : c_j -1210                  : IntAlu : 
 616000: system.cpu: T0 : 0x3d9f6    : lui a5, 114                : IntAlu :  D=0x0000000000072000
 617000: system.cpu: T0 : 0x3d9fa    : ld s5, 8(a5)               : MemRead :  D=0x0000000000000000 A=0x72008
 618000: system.cpu: T0 : 0x3d9fe    : beq s5, zero, 444          : IntAlu : 
 619000: system.cpu: T0 : 0x3dbba    : slli a5, s2, 4             : IntAlu :  D=0x0000000000000010
 620000: system.cpu: T0 : 0x3dbbe    : sub sp, sp, a5             : IntAlu :  D=0x7ffffffffffffc20
 620500: system.cpu: T0 : 0x3dbc2    : c_mv a3, sp                : IntAlu :  D=0x7ffffffffffffc20
 621000: system.cpu: T0 : 0x3dbc4    : c_mv s1, a3                : IntAlu :  D=0x7ffffffffffffc20
 621500: system.cpu: T0 : 0x3dbc6    : c_li a1, 1                 : IntAlu :  D=0x0000000000000001
 622000: system.cpu: T0 : 0x3dbc8    : c_li s9, 0                 : IntAlu :  D=0x0000000000000000
 623000: system.cpu: T0 : 0x3dbca    : bne s3, zero, -118         : IntAlu : 
 624000: system.cpu: T0 : 0x3dbce    : beq s4, zero, 24           : IntAlu : 
 625000: system.cpu: T0 : 0x3dbe6    : lui a5, 98                 : IntAlu :  D=0x0000000000062000
 626000: system.cpu: T0 : 0x3dbea    : addi a5, a5, 528           : IntAlu :  D=0x0000000000062210
 626500: system.cpu: T0 : 0x3dbee    : c_sd a5, 0(a3)             : MemWrite :  D=0x0000000000062210 A=0x7ffffffffffffc20
 627000: system.cpu: T0 : 0x3dbf0    : c_li a5, 3                 : IntAlu :  D=0x0000000000000003
 627500: system.cpu: T0 : 0x3dbf2    : c_sd a5, 8(a3)             : MemWrite :  D=0x0000000000000003 A=0x7ffffffffffffc28
 628000: system.cpu: T0 : 0x3dbf4    : bne s2, a1, 706            : IntAlu : 
 628500: system.cpu: T0 : 0x3dbf8    : c_li a5, 1                 : IntAlu :  D=0x0000000000000001
 629500: system.cpu: T0 : 0x3dbfa    : ld s9, 8(s1)               : MemRead :  D=0x0000000000000003 A=0x7ffffffffffffc28
 630500: system.cpu: T0 : 0x3dbfe    : beq s2, a5, 542            : IntAlu : 
 631000: system.cpu: T0 : 0x3de1c    : ld a5, -136(s0)            : MemRead :  D=0x000000000006efd0 A=0x7ffffffffffffc68
 631500: system.cpu: T0 : 0x3de20    : c_li s2, 2                 : IntAlu :  D=0x0000000000000002
 632500: system.cpu: T0 : 0x3de22    : addi a0, s9, 33            : IntAlu :  D=0x0000000000000024
 633500: system.cpu: T0 : 0x3de26    : sd s2, 0(a5)               : MemWrite :  D=0x0000000000000002 A=0x6efd0
 634500: system.cpu: T0 : 0x3de2a    : jal ra, -131280            : IntAlu :  D=0x000000000003de2e
 635500: system.cpu: T0 : 0x1dd5a    : ld t1, -1848(gp)           : MemRead :  D=0x000000000001df58 A=0x70948
 636500: system.cpu: T0 : 0x1dd5e    : bne t1, zero, 260          : IntAlu : 
 637000: system.cpu: T0 : 0x1de62    : c_mv a1, ra                : IntAlu :  D=0x000000000003de2e
 637500: system.cpu: T0 : 0x1de64    : c_jr t1                    : IntAlu : 
 638000: system.cpu: T0 : 0x1df58    : lw a5, -1876(gp)           : MemRead :  D=0xffffffffffffffff A=0x7092c
 638500: system.cpu: T0 : 0x1df5c    : sd zero, -1848(gp)         : MemWrite :  D=0x0000000000000000 A=0x70948
 639000: system.cpu: T0 : 0x1df60    : blt a5, zero, 6            : IntAlu : 
 639500: system.cpu: T0 : 0x1df66    : c_addi sp, -32             : IntAlu :  D=0x7ffffffffffffc00
 640000: system.cpu: T0 : 0x1df68    : c_sdsp ra, 24(sp)          : MemWrite :  D=0x000000000003de2e A=0x7ffffffffffffc18
 640500: system.cpu: T0 : 0x1df6a    : c_sdsp a0, 8(sp)           : MemWrite :  D=0x0000000000000024 A=0x7ffffffffffffc08
 641000: system.cpu: T0 : 0x1df6c    : jal ra, -11952             : IntAlu :  D=0x000000000001df70
 641500: system.cpu: T0 : 0x1b0bc    : c_addi16sp sp, -48         : IntAlu :  D=0x7ffffffffffffbd0
 642000: system.cpu: T0 : 0x1b0be    : c_sdsp s1, 24(sp)          : MemWrite :  D=0x7ffffffffffffc20 A=0x7ffffffffffffbe8
 642500: system.cpu: T0 : 0x1b0c0    : lui s1, 111                : IntAlu :  D=0x000000000006f000
 643000: system.cpu: T0 : 0x1b0c4    : ld a3, -1264(s1)           : MemRead :  D=0x2e00000000000000 A=0x6eb10
 643500: system.cpu: T0 : 0x1b0c8    : lui a0, 111                : IntAlu :  D=0x000000000006f000
 644000: system.cpu: T0 : 0x1b0cc    : addi a4, a0, 1560          : IntAlu :  D=0x000000000006f618
 644500: system.cpu: T0 : 0x1b0d0    : c_sdsp ra, 40(sp)          : MemWrite :  D=0x000000000001df70 A=0x7ffffffffffffbf8
 645000: system.cpu: T0 : 0x1b0d2    : c_sdsp s0, 32(sp)          : MemWrite :  D=0x7ffffffffffffcf0 A=0x7ffffffffffffbf0
 645500: system.cpu: T0 : 0x1b0d4    : addi a0, a0, 1560          : IntAlu :  D=0x000000000006f618
 646000: system.cpu: T0 : 0x1b0d8    : sd a4, 56(tp)              : MemWrite :  D=0x000000000006f618 A=0x73748
 646500: system.cpu: T0 : 0x1b0dc    : c_sdsp a3, 8(sp)           : MemWrite :  D=0x2e00000000000000 A=0x7ffffffffffffbd8
 647500: system.cpu: T0 : 0x1b0de    : sw zero, -1876(gp)         : MemWrite :  D=0x0000000000000000 A=0x7092c
 648500: system.cpu: T0 : 0x1b0e2    : jal ra, -1026              : IntAlu :  D=0x000000000001b0e6
 649000: system.cpu: T0 : 0x1ace0    : c_lui a4, 1                : IntAlu :  D=0x0000000000001000
 650000: system.cpu: T0 : 0x1ace2    : addi a3, a0, 96            : IntAlu :  D=0x000000000006f678
 651000: system.cpu: T0 : 0x1ace6    : addi a4, a4, -1968         : IntAlu :  D=0x0000000000000850
 651500: system.cpu: T0 : 0x1acea    : c_mv a5, a3                : IntAlu :  D=0x000000000006f678
 652000: system.cpu: T0 : 0x1acec    : c_add a4, a0               : IntAlu :  D=0x000000000006fe68
 652500: system.cpu: T0 : 0x1acee    : c_sd a5, 24(a5)            : MemWrite :  D=0x000000000006f678 A=0x6f690
 653000: system.cpu: T0 : 0x1acf0    : c_sd a5, 16(a5)            : MemWrite :  D=0x000000000006f678 A=0x6f688
 653500: system.cpu: T0 : 0x1acf2    : c_addi a5, 16              : IntAlu :  D=0x000000000006f688
 654000: system.cpu: T0 : 0x1acf4    : bne a4, a5, -6             : IntAlu : 
 654500: system.cpu: T0 : 0x1acee    : c_sd a5, 24(a5)            : MemWrite :  D=0x000000000006f688 A=0x6f6a0
 655000: system.cpu: T0 : 0x1acf0    : c_sd a5, 16(a5)            : MemWrite :  D=0x000000000006f688 A=0x6f698
 655500: system.cpu: T0 : 0x1acf2    : c_addi a5, 16              : IntAlu :  D=0x000000000006f698
 656000: system.cpu: T0 : 0x1acf4    : bne a4, a5, -6             : IntAlu : 
 656500: system.cpu: T0 : 0x1acee    : c_sd a5, 24(a5)            : MemWrite :  D=0x000000000006f698 A=0x6f6b0
 657000: system.cpu: T0 : 0x1acf0    : c_sd a5, 16(a5)            : MemWrite :  D=0x000000000006f698 A=0x6f6a8
 657500: system.cpu: T0 : 0x1acf2    : c_addi a5, 16              : IntAlu :  D=0x000000000006f6a8
 658000: system.cpu: T0 : 0x1acf4    : bne a4, a5, -6             : IntAlu : 
 658500: system.cpu: T0 : 0x1acee    : c_sd a5, 24(a5)            : MemWrite :  D=0x000000000006f6a8 A=0x6f6c0
 659000: system.cpu: T0 : 0x1acf0    : c_sd a5, 16(a5)            : MemWrite :  D=0x000000000006f6a8 A=0x6f6b8
 659500: system.cpu: T0 : 0x1acf2    : c_addi a5, 16              : IntAlu :  D=0x000000000006f6b8
 660000: system.cpu: T0 : 0x1acf4    : bne a4, a5, -6             : IntAlu : 
 660500: system.cpu: T0 : 0x1acee    : c_sd a5, 24(a5)            : MemWrite :  D=0x000000000006f6b8 A=0x6f6d0
 661000: system.cpu: T0 : 0x1acf0    : c_sd a5, 16(a5)            : MemWrite :  D=0x000000000006f6b8 A=0x6f6c8
 661500: system.cpu: T0 : 0x1acf2    : c_addi a5, 16              : IntAlu :  D=0x000000000006f6c8
 662000: system.cpu: T0 : 0x1acf4    : bne a4, a5, -6             : IntAlu : 
 662500: system.cpu: T0 : 0x1acee    : c_sd a5, 24(a5)            : MemWrite :  D=0x000000000006f6c8 A=0x6f6e0
 663000: system.cpu: T0 : 0x1acf0    : c_sd a5, 16(a5)            : MemWrite :  D=0x000000000006f6c8 A=0x6f6d8
 663500: system.cpu: T0 : 0x1acf2    : c_addi a5, 16              : IntAlu :  D=0x000000000006f6d8
 664000: system.cpu: T0 : 0x1acf4    : bne a4, a5, -6             : IntAlu : 
 664500: system.cpu: T0 : 0x1acee    : c_sd a5, 24(a5)            : MemWrite :  D=0x000000000006f6d8 A=0x6f6f0
 665000: system.cpu: T0 : 0x1acf0    : c_sd a5, 16(a5)            : MemWrite :  D=0x000000000006f6d8 A=0x6f6e8
 665500: system.cpu: T0 : 0x1acf2    : c_addi a5, 16              : IntAlu :  D=0x000000000006f6e8
 666000: system.cpu: T0 : 0x1acf4    : bne a4, a5, -6             : IntAlu : 
 666500: system.cpu: T0 : 0x1acee    : c_sd a5, 24(a5)            : MemWrite :  D=0x000000000006f6e8 A=0x6f700
 667000: system.cpu: T0 : 0x1acf0    : c_sd a5, 16(a5)            : MemWrite :  D=0x000000000006f6e8 A=0x6f6f8
 667500: system.cpu: T0 : 0x1acf2    : c_addi a5, 16              : IntAlu :  D=0x000000000006f6f8
 668000: system.cpu: T0 : 0x1acf4    : bne a4, a5, -6             : IntAlu : 
 668500: system.cpu: T0 : 0x1acee    : c_sd a5, 24(a5)            : MemWrite :  D=0x000000000006f6f8 A=0x6f710
 669000: system.cpu: T0 : 0x1acf0    : c_sd a5, 16(a5)            : MemWrite :  D=0x000000000006f6f8 A=0x6f708
 669500: system.cpu: T0 : 0x1acf2    : c_addi a5, 16              : IntAlu :  D=0x000000000006f708
 670000: system.cpu: T0 : 0x1acf4    : bne a4, a5, -6             : IntAlu : 
 670500: system.cpu: T0 : 0x1acee    : c_sd a5, 24(a5)            : MemWrite :  D=0x000000000006f708 A=0x6f720
 671000: system.cpu: T0 : 0x1acf0    : c_sd a5, 16(a5)            : MemWrite :  D=0x000000000006f708 A=0x6f718
 671500: system.cpu: T0 : 0x1acf2    : c_addi a5, 16              : IntAlu :  D=0x000000000006f718
 672000: system.cpu: T0 : 0x1acf4    : bne a4, a5, -6             : IntAlu : 
 672500: system.cpu: T0 : 0x1acee    : c_sd a5, 24(a5)            : MemWrite :  D=0x000000000006f718 A=0x6f730
 673000: system.cpu: T0 : 0x1acf0    : c_sd a5, 16(a5)            : MemWrite :  D=0x000000000006f718 A=0x6f728
 673500: system.cpu: T0 : 0x1acf2    : c_addi a5, 16              : IntAlu :  D=0x000000000006f728
 674000: system.cpu: T0 : 0x1acf4    : bne a4, a5, -6             : IntAlu : 
 674500: system.cpu: T0 : 0x1acee    : c_sd a5, 24(a5)            : MemWrite :  D=0x000000000006f728 A=0x6f740
 675000: system.cpu: T0 : 0x1acf0    : c_sd a5, 16(a5)            : MemWrite :  D=0x000000000006f728 A=0x6f738
 675500: system.cpu: T0 : 0x1acf2    : c_addi a5, 16              : IntAlu :  D=0x000000000006f738
 676000: system.cpu: T0 : 0x1acf4    : bne a4, a5, -6             : IntAlu : 
 676500: system.cpu: T0 : 0x1acee    : c_sd a5, 24(a5)            : MemWrite :  D=0x000000000006f738 A=0x6f750
 677000: system.cpu: T0 : 0x1acf0    : c_sd a5, 16(a5)            : MemWrite :  D=0x000000000006f738 A=0x6f748
 677500: system.cpu: T0 : 0x1acf2    : c_addi a5, 16              : IntAlu :  D=0x000000000006f748
 678000: system.cpu: T0 : 0x1acf4    : bne a4, a5, -6             : IntAlu : 
 678500: system.cpu: T0 : 0x1acee    : c_sd a5, 24(a5)            : MemWrite :  D=0x000000000006f748 A=0x6f760
 679000: system.cpu: T0 : 0x1acf0    : c_sd a5, 16(a5)            : MemWrite :  D=0x000000000006f748 A=0x6f758
 679500: system.cpu: T0 : 0x1acf2    : c_addi a5, 16              : IntAlu :  D=0x000000000006f758
 680000: system.cpu: T0 : 0x1acf4    : bne a4, a5, -6             : IntAlu : 
 680500: system.cpu: T0 : 0x1acee    : c_sd a5, 24(a5)            : MemWrite :  D=0x000000000006f758 A=0x6f770
 681000: system.cpu: T0 : 0x1acf0    : c_sd a5, 16(a5)            : MemWrite :  D=0x000000000006f758 A=0x6f768
 681500: system.cpu: T0 : 0x1acf2    : c_addi a5, 16              : IntAlu :  D=0x000000000006f768
 682000: system.cpu: T0 : 0x1acf4    : bne a4, a5, -6             : IntAlu : 
 682500: system.cpu: T0 : 0x1acee    : c_sd a5, 24(a5)            : MemWrite :  D=0x000000000006f768 A=0x6f780
 683000: system.cpu: T0 : 0x1acf0    : c_sd a5, 16(a5)            : MemWrite :  D=0x000000000006f768 A=0x6f778
 683500: system.cpu: T0 : 0x1acf2    : c_addi a5, 16              : IntAlu :  D=0x000000000006f778
 684000: system.cpu: T0 : 0x1acf4    : bne a4, a5, -6             : IntAlu : 
 684500: system.cpu: T0 : 0x1acee    : c_sd a5, 24(a5)            : MemWrite :  D=0x000000000006f778 A=0x6f790
 685000: system.cpu: T0 : 0x1acf0    : c_sd a5, 16(a5)            : MemWrite :  D=0x000000000006f778 A=0x6f788
 685500: system.cpu: T0 : 0x1acf2    : c_addi a5, 16              : IntAlu :  D=0x000000000006f788
 686000: system.cpu: T0 : 0x1acf4    : bne a4, a5, -6             : IntAlu : 
 686500: system.cpu: T0 : 0x1acee    : c_sd a5, 24(a5)            : MemWrite :  D=0x000000000006f788 A=0x6f7a0
 687000: system.cpu: T0 : 0x1acf0    : c_sd a5, 16(a5)            : MemWrite :  D=0x000000000006f788 A=0x6f798
 687500: system.cpu: T0 : 0x1acf2    : c_addi a5, 16              : IntAlu :  D=0x000000000006f798
 688000: system.cpu: T0 : 0x1acf4    : bne a4, a5, -6             : IntAlu : 
 688500: system.cpu: T0 : 0x1acee    : c_sd a5, 24(a5)            : MemWrite :  D=0x000000000006f798 A=0x6f7b0
 689000: system.cpu: T0 : 0x1acf0    : c_sd a5, 16(a5)            : MemWrite :  D=0x000000000006f798 A=0x6f7a8
 689500: system.cpu: T0 : 0x1acf2    : c_addi a5, 16              : IntAlu :  D=0x000000000006f7a8
 690000: system.cpu: T0 : 0x1acf4    : bne a4, a5, -6             : IntAlu : 
 690500: system.cpu: T0 : 0x1acee    : c_sd a5, 24(a5)            : MemWrite :  D=0x000000000006f7a8 A=0x6f7c0
 691000: system.cpu: T0 : 0x1acf0    : c_sd a5, 16(a5)            : MemWrite :  D=0x000000000006f7a8 A=0x6f7b8
 691500: system.cpu: T0 : 0x1acf2    : c_addi a5, 16              : IntAlu :  D=0x000000000006f7b8
 692000: system.cpu: T0 : 0x1acf4    : bne a4, a5, -6             : IntAlu : 
 692500: system.cpu: T0 : 0x1acee    : c_sd a5, 24(a5)            : MemWrite :  D=0x000000000006f7b8 A=0x6f7d0
 693000: system.cpu: T0 : 0x1acf0    : c_sd a5, 16(a5)            : MemWrite :  D=0x000000000006f7b8 A=0x6f7c8
 693500: system.cpu: T0 : 0x1acf2    : c_addi a5, 16              : IntAlu :  D=0x000000000006f7c8
 694000: system.cpu: T0 : 0x1acf4    : bne a4, a5, -6             : IntAlu : 
 694500: system.cpu: T0 : 0x1acee    : c_sd a5, 24(a5)            : MemWrite :  D=0x000000000006f7c8 A=0x6f7e0
 695000: system.cpu: T0 : 0x1acf0    : c_sd a5, 16(a5)            : MemWrite :  D=0x000000000006f7c8 A=0x6f7d8
 695500: system.cpu: T0 : 0x1acf2    : c_addi a5, 16              : IntAlu :  D=0x000000000006f7d8
 696000: system.cpu: T0 : 0x1acf4    : bne a4, a5, -6             : IntAlu : 
 696500: system.cpu: T0 : 0x1acee    : c_sd a5, 24(a5)            : MemWrite :  D=0x000000000006f7d8 A=0x6f7f0
 697000: system.cpu: T0 : 0x1acf0    : c_sd a5, 16(a5)            : MemWrite :  D=0x000000000006f7d8 A=0x6f7e8
 697500: system.cpu: T0 : 0x1acf2    : c_addi a5, 16              : IntAlu :  D=0x000000000006f7e8
 698000: system.cpu: T0 : 0x1acf4    : bne a4, a5, -6             : IntAlu : 
 698500: system.cpu: T0 : 0x1acee    : c_sd a5, 24(a5)            : MemWrite :  D=0x000000000006f7e8 A=0x6f800
 699000: system.cpu: T0 : 0x1acf0    : c_sd a5, 16(a5)            : MemWrite :  D=0x000000000006f7e8 A=0x6f7f8
 699500: system.cpu: T0 : 0x1acf2    : c_addi a5, 16              : IntAlu :  D=0x000000000006f7f8
 700000: system.cpu: T0 : 0x1acf4    : bne a4, a5, -6             : IntAlu : 
 700500: system.cpu: T0 : 0x1acee    : c_sd a5, 24(a5)            : MemWrite :  D=0x000000000006f7f8 A=0x6f810
 701000: system.cpu: T0 : 0x1acf0    : c_sd a5, 16(a5)            : MemWrite :  D=0x000000000006f7f8 A=0x6f808
 701500: system.cpu: T0 : 0x1acf2    : c_addi a5, 16              : IntAlu :  D=0x000000000006f808
 702000: system.cpu: T0 : 0x1acf4    : bne a4, a5, -6             : IntAlu : 
 702500: system.cpu: T0 : 0x1acee    : c_sd a5, 24(a5)            : MemWrite :  D=0x000000000006f808 A=0x6f820
 703000: system.cpu: T0 : 0x1acf0    : c_sd a5, 16(a5)            : MemWrite :  D=0x000000000006f808 A=0x6f818
 703500: system.cpu: T0 : 0x1acf2    : c_addi a5, 16              : IntAlu :  D=0x000000000006f818
 704000: system.cpu: T0 : 0x1acf4    : bne a4, a5, -6             : IntAlu : 
 704500: system.cpu: T0 : 0x1acee    : c_sd a5, 24(a5)            : MemWrite :  D=0x000000000006f818 A=0x6f830
 705000: system.cpu: T0 : 0x1acf0    : c_sd a5, 16(a5)            : MemWrite :  D=0x000000000006f818 A=0x6f828
 705500: system.cpu: T0 : 0x1acf2    : c_addi a5, 16              : IntAlu :  D=0x000000000006f828
 706000: system.cpu: T0 : 0x1acf4    : bne a4, a5, -6             : IntAlu : 
 706500: system.cpu: T0 : 0x1acee    : c_sd a5, 24(a5)            : MemWrite :  D=0x000000000006f828 A=0x6f840
 707000: system.cpu: T0 : 0x1acf0    : c_sd a5, 16(a5)            : MemWrite :  D=0x000000000006f828 A=0x6f838
 707500: system.cpu: T0 : 0x1acf2    : c_addi a5, 16              : IntAlu :  D=0x000000000006f838
 708000: system.cpu: T0 : 0x1acf4    : bne a4, a5, -6             : IntAlu : 
 708500: system.cpu: T0 : 0x1acee    : c_sd a5, 24(a5)            : MemWrite :  D=0x000000000006f838 A=0x6f850
 709000: system.cpu: T0 : 0x1acf0    : c_sd a5, 16(a5)            : MemWrite :  D=0x000000000006f838 A=0x6f848
 709500: system.cpu: T0 : 0x1acf2    : c_addi a5, 16              : IntAlu :  D=0x000000000006f848
 710000: system.cpu: T0 : 0x1acf4    : bne a4, a5, -6             : IntAlu : 
 710500: system.cpu: T0 : 0x1acee    : c_sd a5, 24(a5)            : MemWrite :  D=0x000000000006f848 A=0x6f860
 711000: system.cpu: T0 : 0x1acf0    : c_sd a5, 16(a5)            : MemWrite :  D=0x000000000006f848 A=0x6f858
 711500: system.cpu: T0 : 0x1acf2    : c_addi a5, 16              : IntAlu :  D=0x000000000006f858
 712000: system.cpu: T0 : 0x1acf4    : bne a4, a5, -6             : IntAlu : 
 712500: system.cpu: T0 : 0x1acee    : c_sd a5, 24(a5)            : MemWrite :  D=0x000000000006f858 A=0x6f870
 713000: system.cpu: T0 : 0x1acf0    : c_sd a5, 16(a5)            : MemWrite :  D=0x000000000006f858 A=0x6f868
 713500: system.cpu: T0 : 0x1acf2    : c_addi a5, 16              : IntAlu :  D=0x000000000006f868
 714000: system.cpu: T0 : 0x1acf4    : bne a4, a5, -6             : IntAlu : 
 714500: system.cpu: T0 : 0x1acee    : c_sd a5, 24(a5)            : MemWrite :  D=0x000000000006f868 A=0x6f880
 715000: system.cpu: T0 : 0x1acf0    : c_sd a5, 16(a5)            : MemWrite :  D=0x000000000006f868 A=0x6f878
 715500: system.cpu: T0 : 0x1acf2    : c_addi a5, 16              : IntAlu :  D=0x000000000006f878
 716000: system.cpu: T0 : 0x1acf4    : bne a4, a5, -6             : IntAlu : 
 716500: system.cpu: T0 : 0x1acee    : c_sd a5, 24(a5)            : MemWrite :  D=0x000000000006f878 A=0x6f890
 717000: system.cpu: T0 : 0x1acf0    : c_sd a5, 16(a5)            : MemWrite :  D=0x000000000006f878 A=0x6f888
 717500: system.cpu: T0 : 0x1acf2    : c_addi a5, 16              : IntAlu :  D=0x000000000006f888
 718000: system.cpu: T0 : 0x1acf4    : bne a4, a5, -6             : IntAlu : 
 718500: system.cpu: T0 : 0x1acee    : c_sd a5, 24(a5)            : MemWrite :  D=0x000000000006f888 A=0x6f8a0
 719000: system.cpu: T0 : 0x1acf0    : c_sd a5, 16(a5)            : MemWrite :  D=0x000000000006f888 A=0x6f898
 719500: system.cpu: T0 : 0x1acf2    : c_addi a5, 16              : IntAlu :  D=0x000000000006f898
 720000: system.cpu: T0 : 0x1acf4    : bne a4, a5, -6             : IntAlu : 
 720500: system.cpu: T0 : 0x1acee    : c_sd a5, 24(a5)            : MemWrite :  D=0x000000000006f898 A=0x6f8b0
 721000: system.cpu: T0 : 0x1acf0    : c_sd a5, 16(a5)            : MemWrite :  D=0x000000000006f898 A=0x6f8a8
 721500: system.cpu: T0 : 0x1acf2    : c_addi a5, 16              : IntAlu :  D=0x000000000006f8a8
 722000: system.cpu: T0 : 0x1acf4    : bne a4, a5, -6             : IntAlu : 
 722500: system.cpu: T0 : 0x1acee    : c_sd a5, 24(a5)            : MemWrite :  D=0x000000000006f8a8 A=0x6f8c0
 723000: system.cpu: T0 : 0x1acf0    : c_sd a5, 16(a5)            : MemWrite :  D=0x000000000006f8a8 A=0x6f8b8
 723500: system.cpu: T0 : 0x1acf2    : c_addi a5, 16              : IntAlu :  D=0x000000000006f8b8
 724000: system.cpu: T0 : 0x1acf4    : bne a4, a5, -6             : IntAlu : 
 724500: system.cpu: T0 : 0x1acee    : c_sd a5, 24(a5)            : MemWrite :  D=0x000000000006f8b8 A=0x6f8d0
 725000: system.cpu: T0 : 0x1acf0    : c_sd a5, 16(a5)            : MemWrite :  D=0x000000000006f8b8 A=0x6f8c8
 725500: system.cpu: T0 : 0x1acf2    : c_addi a5, 16              : IntAlu :  D=0x000000000006f8c8
 726000: system.cpu: T0 : 0x1acf4    : bne a4, a5, -6             : IntAlu : 
 726500: system.cpu: T0 : 0x1acee    : c_sd a5, 24(a5)            : MemWrite :  D=0x000000000006f8c8 A=0x6f8e0
 727000: system.cpu: T0 : 0x1acf0    : c_sd a5, 16(a5)            : MemWrite :  D=0x000000000006f8c8 A=0x6f8d8
 727500: system.cpu: T0 : 0x1acf2    : c_addi a5, 16              : IntAlu :  D=0x000000000006f8d8
 728000: system.cpu: T0 : 0x1acf4    : bne a4, a5, -6             : IntAlu : 
 728500: system.cpu: T0 : 0x1acee    : c_sd a5, 24(a5)            : MemWrite :  D=0x000000000006f8d8 A=0x6f8f0
 729000: system.cpu: T0 : 0x1acf0    : c_sd a5, 16(a5)            : MemWrite :  D=0x000000000006f8d8 A=0x6f8e8
 729500: system.cpu: T0 : 0x1acf2    : c_addi a5, 16              : IntAlu :  D=0x000000000006f8e8
 730000: system.cpu: T0 : 0x1acf4    : bne a4, a5, -6             : IntAlu : 
 730500: system.cpu: T0 : 0x1acee    : c_sd a5, 24(a5)            : MemWrite :  D=0x000000000006f8e8 A=0x6f900
 731000: system.cpu: T0 : 0x1acf0    : c_sd a5, 16(a5)            : MemWrite :  D=0x000000000006f8e8 A=0x6f8f8
 731500: system.cpu: T0 : 0x1acf2    : c_addi a5, 16              : IntAlu :  D=0x000000000006f8f8
 732000: system.cpu: T0 : 0x1acf4    : bne a4, a5, -6             : IntAlu : 
 732500: system.cpu: T0 : 0x1acee    : c_sd a5, 24(a5)            : MemWrite :  D=0x000000000006f8f8 A=0x6f910
 733000: system.cpu: T0 : 0x1acf0    : c_sd a5, 16(a5)            : MemWrite :  D=0x000000000006f8f8 A=0x6f908
 733500: system.cpu: T0 : 0x1acf2    : c_addi a5, 16              : IntAlu :  D=0x000000000006f908
 734000: system.cpu: T0 : 0x1acf4    : bne a4, a5, -6             : IntAlu : 
 734500: system.cpu: T0 : 0x1acee    : c_sd a5, 24(a5)            : MemWrite :  D=0x000000000006f908 A=0x6f920
 735000: system.cpu: T0 : 0x1acf0    : c_sd a5, 16(a5)            : MemWrite :  D=0x000000000006f908 A=0x6f918
 735500: system.cpu: T0 : 0x1acf2    : c_addi a5, 16              : IntAlu :  D=0x000000000006f918
 736000: system.cpu: T0 : 0x1acf4    : bne a4, a5, -6             : IntAlu : 
 736500: system.cpu: T0 : 0x1acee    : c_sd a5, 24(a5)            : MemWrite :  D=0x000000000006f918 A=0x6f930
 737000: system.cpu: T0 : 0x1acf0    : c_sd a5, 16(a5)            : MemWrite :  D=0x000000000006f918 A=0x6f928
 737500: system.cpu: T0 : 0x1acf2    : c_addi a5, 16              : IntAlu :  D=0x000000000006f928
 738000: system.cpu: T0 : 0x1acf4    : bne a4, a5, -6             : IntAlu : 
 738500: system.cpu: T0 : 0x1acee    : c_sd a5, 24(a5)            : MemWrite :  D=0x000000000006f928 A=0x6f940
 739000: system.cpu: T0 : 0x1acf0    : c_sd a5, 16(a5)            : MemWrite :  D=0x000000000006f928 A=0x6f938
 739500: system.cpu: T0 : 0x1acf2    : c_addi a5, 16              : IntAlu :  D=0x000000000006f938
 740000: system.cpu: T0 : 0x1acf4    : bne a4, a5, -6             : IntAlu : 
 740500: system.cpu: T0 : 0x1acee    : c_sd a5, 24(a5)            : MemWrite :  D=0x000000000006f938 A=0x6f950
 741000: system.cpu: T0 : 0x1acf0    : c_sd a5, 16(a5)            : MemWrite :  D=0x000000000006f938 A=0x6f948
 741500: system.cpu: T0 : 0x1acf2    : c_addi a5, 16              : IntAlu :  D=0x000000000006f948
 742000: system.cpu: T0 : 0x1acf4    : bne a4, a5, -6             : IntAlu : 
 742500: system.cpu: T0 : 0x1acee    : c_sd a5, 24(a5)            : MemWrite :  D=0x000000000006f948 A=0x6f960
 743000: system.cpu: T0 : 0x1acf0    : c_sd a5, 16(a5)            : MemWrite :  D=0x000000000006f948 A=0x6f958
 743500: system.cpu: T0 : 0x1acf2    : c_addi a5, 16              : IntAlu :  D=0x000000000006f958
 744000: system.cpu: T0 : 0x1acf4    : bne a4, a5, -6             : IntAlu : 
 744500: system.cpu: T0 : 0x1acee    : c_sd a5, 24(a5)            : MemWrite :  D=0x000000000006f958 A=0x6f970
 745000: system.cpu: T0 : 0x1acf0    : c_sd a5, 16(a5)            : MemWrite :  D=0x000000000006f958 A=0x6f968
 745500: system.cpu: T0 : 0x1acf2    : c_addi a5, 16              : IntAlu :  D=0x000000000006f968
 746000: system.cpu: T0 : 0x1acf4    : bne a4, a5, -6             : IntAlu : 
 746500: system.cpu: T0 : 0x1acee    : c_sd a5, 24(a5)            : MemWrite :  D=0x000000000006f968 A=0x6f980
 747000: system.cpu: T0 : 0x1acf0    : c_sd a5, 16(a5)            : MemWrite :  D=0x000000000006f968 A=0x6f978
 747500: system.cpu: T0 : 0x1acf2    : c_addi a5, 16              : IntAlu :  D=0x000000000006f978
 748000: system.cpu: T0 : 0x1acf4    : bne a4, a5, -6             : IntAlu : 
 748500: system.cpu: T0 : 0x1acee    : c_sd a5, 24(a5)            : MemWrite :  D=0x000000000006f978 A=0x6f990
 749000: system.cpu: T0 : 0x1acf0    : c_sd a5, 16(a5)            : MemWrite :  D=0x000000000006f978 A=0x6f988
 749500: system.cpu: T0 : 0x1acf2    : c_addi a5, 16              : IntAlu :  D=0x000000000006f988
 750000: system.cpu: T0 : 0x1acf4    : bne a4, a5, -6             : IntAlu : 
 750500: system.cpu: T0 : 0x1acee    : c_sd a5, 24(a5)            : MemWrite :  D=0x000000000006f988 A=0x6f9a0
 751000: system.cpu: T0 : 0x1acf0    : c_sd a5, 16(a5)            : MemWrite :  D=0x000000000006f988 A=0x6f998
 751500: system.cpu: T0 : 0x1acf2    : c_addi a5, 16              : IntAlu :  D=0x000000000006f998
 752000: system.cpu: T0 : 0x1acf4    : bne a4, a5, -6             : IntAlu : 
 752500: system.cpu: T0 : 0x1acee    : c_sd a5, 24(a5)            : MemWrite :  D=0x000000000006f998 A=0x6f9b0
 753000: system.cpu: T0 : 0x1acf0    : c_sd a5, 16(a5)            : MemWrite :  D=0x000000000006f998 A=0x6f9a8
 753500: system.cpu: T0 : 0x1acf2    : c_addi a5, 16              : IntAlu :  D=0x000000000006f9a8
 754000: system.cpu: T0 : 0x1acf4    : bne a4, a5, -6             : IntAlu : 
 754500: system.cpu: T0 : 0x1acee    : c_sd a5, 24(a5)            : MemWrite :  D=0x000000000006f9a8 A=0x6f9c0
 755000: system.cpu: T0 : 0x1acf0    : c_sd a5, 16(a5)            : MemWrite :  D=0x000000000006f9a8 A=0x6f9b8
 755500: system.cpu: T0 : 0x1acf2    : c_addi a5, 16              : IntAlu :  D=0x000000000006f9b8
 756000: system.cpu: T0 : 0x1acf4    : bne a4, a5, -6             : IntAlu : 
 756500: system.cpu: T0 : 0x1acee    : c_sd a5, 24(a5)            : MemWrite :  D=0x000000000006f9b8 A=0x6f9d0
 757000: system.cpu: T0 : 0x1acf0    : c_sd a5, 16(a5)            : MemWrite :  D=0x000000000006f9b8 A=0x6f9c8
 757500: system.cpu: T0 : 0x1acf2    : c_addi a5, 16              : IntAlu :  D=0x000000000006f9c8
 758000: system.cpu: T0 : 0x1acf4    : bne a4, a5, -6             : IntAlu : 
 758500: system.cpu: T0 : 0x1acee    : c_sd a5, 24(a5)            : MemWrite :  D=0x000000000006f9c8 A=0x6f9e0
 759000: system.cpu: T0 : 0x1acf0    : c_sd a5, 16(a5)            : MemWrite :  D=0x000000000006f9c8 A=0x6f9d8
 759500: system.cpu: T0 : 0x1acf2    : c_addi a5, 16              : IntAlu :  D=0x000000000006f9d8
 760000: system.cpu: T0 : 0x1acf4    : bne a4, a5, -6             : IntAlu : 
 760500: system.cpu: T0 : 0x1acee    : c_sd a5, 24(a5)            : MemWrite :  D=0x000000000006f9d8 A=0x6f9f0
 761000: system.cpu: T0 : 0x1acf0    : c_sd a5, 16(a5)            : MemWrite :  D=0x000000000006f9d8 A=0x6f9e8
 761500: system.cpu: T0 : 0x1acf2    : c_addi a5, 16              : IntAlu :  D=0x000000000006f9e8
 762000: system.cpu: T0 : 0x1acf4    : bne a4, a5, -6             : IntAlu : 
 762500: system.cpu: T0 : 0x1acee    : c_sd a5, 24(a5)            : MemWrite :  D=0x000000000006f9e8 A=0x6fa00
 763000: system.cpu: T0 : 0x1acf0    : c_sd a5, 16(a5)            : MemWrite :  D=0x000000000006f9e8 A=0x6f9f8
 763500: system.cpu: T0 : 0x1acf2    : c_addi a5, 16              : IntAlu :  D=0x000000000006f9f8
 764000: system.cpu: T0 : 0x1acf4    : bne a4, a5, -6             : IntAlu : 
 764500: system.cpu: T0 : 0x1acee    : c_sd a5, 24(a5)            : MemWrite :  D=0x000000000006f9f8 A=0x6fa10
 765000: system.cpu: T0 : 0x1acf0    : c_sd a5, 16(a5)            : MemWrite :  D=0x000000000006f9f8 A=0x6fa08
 765500: system.cpu: T0 : 0x1acf2    : c_addi a5, 16              : IntAlu :  D=0x000000000006fa08
 766000: system.cpu: T0 : 0x1acf4    : bne a4, a5, -6             : IntAlu : 
 766500: system.cpu: T0 : 0x1acee    : c_sd a5, 24(a5)            : MemWrite :  D=0x000000000006fa08 A=0x6fa20
 767000: system.cpu: T0 : 0x1acf0    : c_sd a5, 16(a5)            : MemWrite :  D=0x000000000006fa08 A=0x6fa18
 767500: system.cpu: T0 : 0x1acf2    : c_addi a5, 16              : IntAlu :  D=0x000000000006fa18
 768000: system.cpu: T0 : 0x1acf4    : bne a4, a5, -6             : IntAlu : 
 768500: system.cpu: T0 : 0x1acee    : c_sd a5, 24(a5)            : MemWrite :  D=0x000000000006fa18 A=0x6fa30
 769000: system.cpu: T0 : 0x1acf0    : c_sd a5, 16(a5)            : MemWrite :  D=0x000000000006fa18 A=0x6fa28
 769500: system.cpu: T0 : 0x1acf2    : c_addi a5, 16              : IntAlu :  D=0x000000000006fa28
 770000: system.cpu: T0 : 0x1acf4    : bne a4, a5, -6             : IntAlu : 
 770500: system.cpu: T0 : 0x1acee    : c_sd a5, 24(a5)            : MemWrite :  D=0x000000000006fa28 A=0x6fa40
 771000: system.cpu: T0 : 0x1acf0    : c_sd a5, 16(a5)            : MemWrite :  D=0x000000000006fa28 A=0x6fa38
 771500: system.cpu: T0 : 0x1acf2    : c_addi a5, 16              : IntAlu :  D=0x000000000006fa38
 772000: system.cpu: T0 : 0x1acf4    : bne a4, a5, -6             : IntAlu : 
 772500: system.cpu: T0 : 0x1acee    : c_sd a5, 24(a5)            : MemWrite :  D=0x000000000006fa38 A=0x6fa50
 773000: system.cpu: T0 : 0x1acf0    : c_sd a5, 16(a5)            : MemWrite :  D=0x000000000006fa38 A=0x6fa48
 773500: system.cpu: T0 : 0x1acf2    : c_addi a5, 16              : IntAlu :  D=0x000000000006fa48
 774000: system.cpu: T0 : 0x1acf4    : bne a4, a5, -6             : IntAlu : 
 774500: system.cpu: T0 : 0x1acee    : c_sd a5, 24(a5)            : MemWrite :  D=0x000000000006fa48 A=0x6fa60
 775000: system.cpu: T0 : 0x1acf0    : c_sd a5, 16(a5)            : MemWrite :  D=0x000000000006fa48 A=0x6fa58
 775500: system.cpu: T0 : 0x1acf2    : c_addi a5, 16              : IntAlu :  D=0x000000000006fa58
 776000: system.cpu: T0 : 0x1acf4    : bne a4, a5, -6             : IntAlu : 
 776500: system.cpu: T0 : 0x1acee    : c_sd a5, 24(a5)            : MemWrite :  D=0x000000000006fa58 A=0x6fa70
 777000: system.cpu: T0 : 0x1acf0    : c_sd a5, 16(a5)            : MemWrite :  D=0x000000000006fa58 A=0x6fa68
 777500: system.cpu: T0 : 0x1acf2    : c_addi a5, 16              : IntAlu :  D=0x000000000006fa68
 778000: system.cpu: T0 : 0x1acf4    : bne a4, a5, -6             : IntAlu : 
 778500: system.cpu: T0 : 0x1acee    : c_sd a5, 24(a5)            : MemWrite :  D=0x000000000006fa68 A=0x6fa80
 779000: system.cpu: T0 : 0x1acf0    : c_sd a5, 16(a5)            : MemWrite :  D=0x000000000006fa68 A=0x6fa78
 779500: system.cpu: T0 : 0x1acf2    : c_addi a5, 16              : IntAlu :  D=0x000000000006fa78
 780000: system.cpu: T0 : 0x1acf4    : bne a4, a5, -6             : IntAlu : 
 780500: system.cpu: T0 : 0x1acee    : c_sd a5, 24(a5)            : MemWrite :  D=0x000000000006fa78 A=0x6fa90
 781000: system.cpu: T0 : 0x1acf0    : c_sd a5, 16(a5)            : MemWrite :  D=0x000000000006fa78 A=0x6fa88
 781500: system.cpu: T0 : 0x1acf2    : c_addi a5, 16              : IntAlu :  D=0x000000000006fa88
 782000: system.cpu: T0 : 0x1acf4    : bne a4, a5, -6             : IntAlu : 
 782500: system.cpu: T0 : 0x1acee    : c_sd a5, 24(a5)            : MemWrite :  D=0x000000000006fa88 A=0x6faa0
 783000: system.cpu: T0 : 0x1acf0    : c_sd a5, 16(a5)            : MemWrite :  D=0x000000000006fa88 A=0x6fa98
 783500: system.cpu: T0 : 0x1acf2    : c_addi a5, 16              : IntAlu :  D=0x000000000006fa98
 784000: system.cpu: T0 : 0x1acf4    : bne a4, a5, -6             : IntAlu : 
 784500: system.cpu: T0 : 0x1acee    : c_sd a5, 24(a5)            : MemWrite :  D=0x000000000006fa98 A=0x6fab0
 785000: system.cpu: T0 : 0x1acf0    : c_sd a5, 16(a5)            : MemWrite :  D=0x000000000006fa98 A=0x6faa8
 785500: system.cpu: T0 : 0x1acf2    : c_addi a5, 16              : IntAlu :  D=0x000000000006faa8
 786000: system.cpu: T0 : 0x1acf4    : bne a4, a5, -6             : IntAlu : 
 786500: system.cpu: T0 : 0x1acee    : c_sd a5, 24(a5)            : MemWrite :  D=0x000000000006faa8 A=0x6fac0
 787000: system.cpu: T0 : 0x1acf0    : c_sd a5, 16(a5)            : MemWrite :  D=0x000000000006faa8 A=0x6fab8
 787500: system.cpu: T0 : 0x1acf2    : c_addi a5, 16              : IntAlu :  D=0x000000000006fab8
 788000: system.cpu: T0 : 0x1acf4    : bne a4, a5, -6             : IntAlu : 
 788500: system.cpu: T0 : 0x1acee    : c_sd a5, 24(a5)            : MemWrite :  D=0x000000000006fab8 A=0x6fad0
 789000: system.cpu: T0 : 0x1acf0    : c_sd a5, 16(a5)            : MemWrite :  D=0x000000000006fab8 A=0x6fac8
 789500: system.cpu: T0 : 0x1acf2    : c_addi a5, 16              : IntAlu :  D=0x000000000006fac8
 790000: system.cpu: T0 : 0x1acf4    : bne a4, a5, -6             : IntAlu : 
 790500: system.cpu: T0 : 0x1acee    : c_sd a5, 24(a5)            : MemWrite :  D=0x000000000006fac8 A=0x6fae0
 791000: system.cpu: T0 : 0x1acf0    : c_sd a5, 16(a5)            : MemWrite :  D=0x000000000006fac8 A=0x6fad8
 791500: system.cpu: T0 : 0x1acf2    : c_addi a5, 16              : IntAlu :  D=0x000000000006fad8
 792000: system.cpu: T0 : 0x1acf4    : bne a4, a5, -6             : IntAlu : 
 792500: system.cpu: T0 : 0x1acee    : c_sd a5, 24(a5)            : MemWrite :  D=0x000000000006fad8 A=0x6faf0
 793000: system.cpu: T0 : 0x1acf0    : c_sd a5, 16(a5)            : MemWrite :  D=0x000000000006fad8 A=0x6fae8
 793500: system.cpu: T0 : 0x1acf2    : c_addi a5, 16              : IntAlu :  D=0x000000000006fae8
 794000: system.cpu: T0 : 0x1acf4    : bne a4, a5, -6             : IntAlu : 
 794500: system.cpu: T0 : 0x1acee    : c_sd a5, 24(a5)            : MemWrite :  D=0x000000000006fae8 A=0x6fb00
 795000: system.cpu: T0 : 0x1acf0    : c_sd a5, 16(a5)            : MemWrite :  D=0x000000000006fae8 A=0x6faf8
 795500: system.cpu: T0 : 0x1acf2    : c_addi a5, 16              : IntAlu :  D=0x000000000006faf8
 796000: system.cpu: T0 : 0x1acf4    : bne a4, a5, -6             : IntAlu : 
 796500: system.cpu: T0 : 0x1acee    : c_sd a5, 24(a5)            : MemWrite :  D=0x000000000006faf8 A=0x6fb10
 797000: system.cpu: T0 : 0x1acf0    : c_sd a5, 16(a5)            : MemWrite :  D=0x000000000006faf8 A=0x6fb08
 797500: system.cpu: T0 : 0x1acf2    : c_addi a5, 16              : IntAlu :  D=0x000000000006fb08
 798000: system.cpu: T0 : 0x1acf4    : bne a4, a5, -6             : IntAlu : 
 798500: system.cpu: T0 : 0x1acee    : c_sd a5, 24(a5)            : MemWrite :  D=0x000000000006fb08 A=0x6fb20
 799000: system.cpu: T0 : 0x1acf0    : c_sd a5, 16(a5)            : MemWrite :  D=0x000000000006fb08 A=0x6fb18
 799500: system.cpu: T0 : 0x1acf2    : c_addi a5, 16              : IntAlu :  D=0x000000000006fb18
 800000: system.cpu: T0 : 0x1acf4    : bne a4, a5, -6             : IntAlu : 
 800500: system.cpu: T0 : 0x1acee    : c_sd a5, 24(a5)            : MemWrite :  D=0x000000000006fb18 A=0x6fb30
 801000: system.cpu: T0 : 0x1acf0    : c_sd a5, 16(a5)            : MemWrite :  D=0x000000000006fb18 A=0x6fb28
 801500: system.cpu: T0 : 0x1acf2    : c_addi a5, 16              : IntAlu :  D=0x000000000006fb28
 802000: system.cpu: T0 : 0x1acf4    : bne a4, a5, -6             : IntAlu : 
 802500: system.cpu: T0 : 0x1acee    : c_sd a5, 24(a5)            : MemWrite :  D=0x000000000006fb28 A=0x6fb40
 803000: system.cpu: T0 : 0x1acf0    : c_sd a5, 16(a5)            : MemWrite :  D=0x000000000006fb28 A=0x6fb38
 803500: system.cpu: T0 : 0x1acf2    : c_addi a5, 16              : IntAlu :  D=0x000000000006fb38
 804000: system.cpu: T0 : 0x1acf4    : bne a4, a5, -6             : IntAlu : 
 804500: system.cpu: T0 : 0x1acee    : c_sd a5, 24(a5)            : MemWrite :  D=0x000000000006fb38 A=0x6fb50
 805000: system.cpu: T0 : 0x1acf0    : c_sd a5, 16(a5)            : MemWrite :  D=0x000000000006fb38 A=0x6fb48
 805500: system.cpu: T0 : 0x1acf2    : c_addi a5, 16              : IntAlu :  D=0x000000000006fb48
 806000: system.cpu: T0 : 0x1acf4    : bne a4, a5, -6             : IntAlu : 
 806500: system.cpu: T0 : 0x1acee    : c_sd a5, 24(a5)            : MemWrite :  D=0x000000000006fb48 A=0x6fb60
 807000: system.cpu: T0 : 0x1acf0    : c_sd a5, 16(a5)            : MemWrite :  D=0x000000000006fb48 A=0x6fb58
 807500: system.cpu: T0 : 0x1acf2    : c_addi a5, 16              : IntAlu :  D=0x000000000006fb58
 808000: system.cpu: T0 : 0x1acf4    : bne a4, a5, -6             : IntAlu : 
 808500: system.cpu: T0 : 0x1acee    : c_sd a5, 24(a5)            : MemWrite :  D=0x000000000006fb58 A=0x6fb70
 809000: system.cpu: T0 : 0x1acf0    : c_sd a5, 16(a5)            : MemWrite :  D=0x000000000006fb58 A=0x6fb68
 809500: system.cpu: T0 : 0x1acf2    : c_addi a5, 16              : IntAlu :  D=0x000000000006fb68
 810000: system.cpu: T0 : 0x1acf4    : bne a4, a5, -6             : IntAlu : 
 810500: system.cpu: T0 : 0x1acee    : c_sd a5, 24(a5)            : MemWrite :  D=0x000000000006fb68 A=0x6fb80
 811000: system.cpu: T0 : 0x1acf0    : c_sd a5, 16(a5)            : MemWrite :  D=0x000000000006fb68 A=0x6fb78
 811500: system.cpu: T0 : 0x1acf2    : c_addi a5, 16              : IntAlu :  D=0x000000000006fb78
 812000: system.cpu: T0 : 0x1acf4    : bne a4, a5, -6             : IntAlu : 
 812500: system.cpu: T0 : 0x1acee    : c_sd a5, 24(a5)            : MemWrite :  D=0x000000000006fb78 A=0x6fb90
 813000: system.cpu: T0 : 0x1acf0    : c_sd a5, 16(a5)            : MemWrite :  D=0x000000000006fb78 A=0x6fb88
 813500: system.cpu: T0 : 0x1acf2    : c_addi a5, 16              : IntAlu :  D=0x000000000006fb88
 814000: system.cpu: T0 : 0x1acf4    : bne a4, a5, -6             : IntAlu : 
 814500: system.cpu: T0 : 0x1acee    : c_sd a5, 24(a5)            : MemWrite :  D=0x000000000006fb88 A=0x6fba0
 815000: system.cpu: T0 : 0x1acf0    : c_sd a5, 16(a5)            : MemWrite :  D=0x000000000006fb88 A=0x6fb98
 815500: system.cpu: T0 : 0x1acf2    : c_addi a5, 16              : IntAlu :  D=0x000000000006fb98
 816000: system.cpu: T0 : 0x1acf4    : bne a4, a5, -6             : IntAlu : 
 816500: system.cpu: T0 : 0x1acee    : c_sd a5, 24(a5)            : MemWrite :  D=0x000000000006fb98 A=0x6fbb0
 817000: system.cpu: T0 : 0x1acf0    : c_sd a5, 16(a5)            : MemWrite :  D=0x000000000006fb98 A=0x6fba8
 817500: system.cpu: T0 : 0x1acf2    : c_addi a5, 16              : IntAlu :  D=0x000000000006fba8
 818000: system.cpu: T0 : 0x1acf4    : bne a4, a5, -6             : IntAlu : 
 818500: system.cpu: T0 : 0x1acee    : c_sd a5, 24(a5)            : MemWrite :  D=0x000000000006fba8 A=0x6fbc0
 819000: system.cpu: T0 : 0x1acf0    : c_sd a5, 16(a5)            : MemWrite :  D=0x000000000006fba8 A=0x6fbb8
 819500: system.cpu: T0 : 0x1acf2    : c_addi a5, 16              : IntAlu :  D=0x000000000006fbb8
 820000: system.cpu: T0 : 0x1acf4    : bne a4, a5, -6             : IntAlu : 
 820500: system.cpu: T0 : 0x1acee    : c_sd a5, 24(a5)            : MemWrite :  D=0x000000000006fbb8 A=0x6fbd0
 821000: system.cpu: T0 : 0x1acf0    : c_sd a5, 16(a5)            : MemWrite :  D=0x000000000006fbb8 A=0x6fbc8
 821500: system.cpu: T0 : 0x1acf2    : c_addi a5, 16              : IntAlu :  D=0x000000000006fbc8
 822000: system.cpu: T0 : 0x1acf4    : bne a4, a5, -6             : IntAlu : 
 822500: system.cpu: T0 : 0x1acee    : c_sd a5, 24(a5)            : MemWrite :  D=0x000000000006fbc8 A=0x6fbe0
 823000: system.cpu: T0 : 0x1acf0    : c_sd a5, 16(a5)            : MemWrite :  D=0x000000000006fbc8 A=0x6fbd8
 823500: system.cpu: T0 : 0x1acf2    : c_addi a5, 16              : IntAlu :  D=0x000000000006fbd8
 824000: system.cpu: T0 : 0x1acf4    : bne a4, a5, -6             : IntAlu : 
 824500: system.cpu: T0 : 0x1acee    : c_sd a5, 24(a5)            : MemWrite :  D=0x000000000006fbd8 A=0x6fbf0
 825000: system.cpu: T0 : 0x1acf0    : c_sd a5, 16(a5)            : MemWrite :  D=0x000000000006fbd8 A=0x6fbe8
 825500: system.cpu: T0 : 0x1acf2    : c_addi a5, 16              : IntAlu :  D=0x000000000006fbe8
 826000: system.cpu: T0 : 0x1acf4    : bne a4, a5, -6             : IntAlu : 
 826500: system.cpu: T0 : 0x1acee    : c_sd a5, 24(a5)            : MemWrite :  D=0x000000000006fbe8 A=0x6fc00
 827000: system.cpu: T0 : 0x1acf0    : c_sd a5, 16(a5)            : MemWrite :  D=0x000000000006fbe8 A=0x6fbf8
 827500: system.cpu: T0 : 0x1acf2    : c_addi a5, 16              : IntAlu :  D=0x000000000006fbf8
 828000: system.cpu: T0 : 0x1acf4    : bne a4, a5, -6             : IntAlu : 
 828500: system.cpu: T0 : 0x1acee    : c_sd a5, 24(a5)            : MemWrite :  D=0x000000000006fbf8 A=0x6fc10
 829000: system.cpu: T0 : 0x1acf0    : c_sd a5, 16(a5)            : MemWrite :  D=0x000000000006fbf8 A=0x6fc08
 829500: system.cpu: T0 : 0x1acf2    : c_addi a5, 16              : IntAlu :  D=0x000000000006fc08
 830000: system.cpu: T0 : 0x1acf4    : bne a4, a5, -6             : IntAlu : 
 830500: system.cpu: T0 : 0x1acee    : c_sd a5, 24(a5)            : MemWrite :  D=0x000000000006fc08 A=0x6fc20
 831000: system.cpu: T0 : 0x1acf0    : c_sd a5, 16(a5)            : MemWrite :  D=0x000000000006fc08 A=0x6fc18
 831500: system.cpu: T0 : 0x1acf2    : c_addi a5, 16              : IntAlu :  D=0x000000000006fc18
 832000: system.cpu: T0 : 0x1acf4    : bne a4, a5, -6             : IntAlu : 
 832500: system.cpu: T0 : 0x1acee    : c_sd a5, 24(a5)            : MemWrite :  D=0x000000000006fc18 A=0x6fc30
 833000: system.cpu: T0 : 0x1acf0    : c_sd a5, 16(a5)            : MemWrite :  D=0x000000000006fc18 A=0x6fc28
 833500: system.cpu: T0 : 0x1acf2    : c_addi a5, 16              : IntAlu :  D=0x000000000006fc28
 834000: system.cpu: T0 : 0x1acf4    : bne a4, a5, -6             : IntAlu : 
 834500: system.cpu: T0 : 0x1acee    : c_sd a5, 24(a5)            : MemWrite :  D=0x000000000006fc28 A=0x6fc40
 835000: system.cpu: T0 : 0x1acf0    : c_sd a5, 16(a5)            : MemWrite :  D=0x000000000006fc28 A=0x6fc38
 835500: system.cpu: T0 : 0x1acf2    : c_addi a5, 16              : IntAlu :  D=0x000000000006fc38
 836000: system.cpu: T0 : 0x1acf4    : bne a4, a5, -6             : IntAlu : 
 836500: system.cpu: T0 : 0x1acee    : c_sd a5, 24(a5)            : MemWrite :  D=0x000000000006fc38 A=0x6fc50
 837000: system.cpu: T0 : 0x1acf0    : c_sd a5, 16(a5)            : MemWrite :  D=0x000000000006fc38 A=0x6fc48
 837500: system.cpu: T0 : 0x1acf2    : c_addi a5, 16              : IntAlu :  D=0x000000000006fc48
 838000: system.cpu: T0 : 0x1acf4    : bne a4, a5, -6             : IntAlu : 
 838500: system.cpu: T0 : 0x1acee    : c_sd a5, 24(a5)            : MemWrite :  D=0x000000000006fc48 A=0x6fc60
 839000: system.cpu: T0 : 0x1acf0    : c_sd a5, 16(a5)            : MemWrite :  D=0x000000000006fc48 A=0x6fc58
 839500: system.cpu: T0 : 0x1acf2    : c_addi a5, 16              : IntAlu :  D=0x000000000006fc58
 840000: system.cpu: T0 : 0x1acf4    : bne a4, a5, -6             : IntAlu : 
 840500: system.cpu: T0 : 0x1acee    : c_sd a5, 24(a5)            : MemWrite :  D=0x000000000006fc58 A=0x6fc70
 841000: system.cpu: T0 : 0x1acf0    : c_sd a5, 16(a5)            : MemWrite :  D=0x000000000006fc58 A=0x6fc68
 841500: system.cpu: T0 : 0x1acf2    : c_addi a5, 16              : IntAlu :  D=0x000000000006fc68
 842000: system.cpu: T0 : 0x1acf4    : bne a4, a5, -6             : IntAlu : 
 842500: system.cpu: T0 : 0x1acee    : c_sd a5, 24(a5)            : MemWrite :  D=0x000000000006fc68 A=0x6fc80
 843000: system.cpu: T0 : 0x1acf0    : c_sd a5, 16(a5)            : MemWrite :  D=0x000000000006fc68 A=0x6fc78
 843500: system.cpu: T0 : 0x1acf2    : c_addi a5, 16              : IntAlu :  D=0x000000000006fc78
 844000: system.cpu: T0 : 0x1acf4    : bne a4, a5, -6             : IntAlu : 
 844500: system.cpu: T0 : 0x1acee    : c_sd a5, 24(a5)            : MemWrite :  D=0x000000000006fc78 A=0x6fc90
 845000: system.cpu: T0 : 0x1acf0    : c_sd a5, 16(a5)            : MemWrite :  D=0x000000000006fc78 A=0x6fc88
 845500: system.cpu: T0 : 0x1acf2    : c_addi a5, 16              : IntAlu :  D=0x000000000006fc88
 846000: system.cpu: T0 : 0x1acf4    : bne a4, a5, -6             : IntAlu : 
 846500: system.cpu: T0 : 0x1acee    : c_sd a5, 24(a5)            : MemWrite :  D=0x000000000006fc88 A=0x6fca0
 847000: system.cpu: T0 : 0x1acf0    : c_sd a5, 16(a5)            : MemWrite :  D=0x000000000006fc88 A=0x6fc98
 847500: system.cpu: T0 : 0x1acf2    : c_addi a5, 16              : IntAlu :  D=0x000000000006fc98
 848000: system.cpu: T0 : 0x1acf4    : bne a4, a5, -6             : IntAlu : 
 848500: system.cpu: T0 : 0x1acee    : c_sd a5, 24(a5)            : MemWrite :  D=0x000000000006fc98 A=0x6fcb0
 849000: system.cpu: T0 : 0x1acf0    : c_sd a5, 16(a5)            : MemWrite :  D=0x000000000006fc98 A=0x6fca8
 849500: system.cpu: T0 : 0x1acf2    : c_addi a5, 16              : IntAlu :  D=0x000000000006fca8
 850000: system.cpu: T0 : 0x1acf4    : bne a4, a5, -6             : IntAlu : 
 850500: system.cpu: T0 : 0x1acee    : c_sd a5, 24(a5)            : MemWrite :  D=0x000000000006fca8 A=0x6fcc0
 851000: system.cpu: T0 : 0x1acf0    : c_sd a5, 16(a5)            : MemWrite :  D=0x000000000006fca8 A=0x6fcb8
 851500: system.cpu: T0 : 0x1acf2    : c_addi a5, 16              : IntAlu :  D=0x000000000006fcb8
 852000: system.cpu: T0 : 0x1acf4    : bne a4, a5, -6             : IntAlu : 
 852500: system.cpu: T0 : 0x1acee    : c_sd a5, 24(a5)            : MemWrite :  D=0x000000000006fcb8 A=0x6fcd0
 853000: system.cpu: T0 : 0x1acf0    : c_sd a5, 16(a5)            : MemWrite :  D=0x000000000006fcb8 A=0x6fcc8
 853500: system.cpu: T0 : 0x1acf2    : c_addi a5, 16              : IntAlu :  D=0x000000000006fcc8
 854000: system.cpu: T0 : 0x1acf4    : bne a4, a5, -6             : IntAlu : 
 854500: system.cpu: T0 : 0x1acee    : c_sd a5, 24(a5)            : MemWrite :  D=0x000000000006fcc8 A=0x6fce0
 855000: system.cpu: T0 : 0x1acf0    : c_sd a5, 16(a5)            : MemWrite :  D=0x000000000006fcc8 A=0x6fcd8
 855500: system.cpu: T0 : 0x1acf2    : c_addi a5, 16              : IntAlu :  D=0x000000000006fcd8
 856000: system.cpu: T0 : 0x1acf4    : bne a4, a5, -6             : IntAlu : 
 856500: system.cpu: T0 : 0x1acee    : c_sd a5, 24(a5)            : MemWrite :  D=0x000000000006fcd8 A=0x6fcf0
 857000: system.cpu: T0 : 0x1acf0    : c_sd a5, 16(a5)            : MemWrite :  D=0x000000000006fcd8 A=0x6fce8
 857500: system.cpu: T0 : 0x1acf2    : c_addi a5, 16              : IntAlu :  D=0x000000000006fce8
 858000: system.cpu: T0 : 0x1acf4    : bne a4, a5, -6             : IntAlu : 
 858500: system.cpu: T0 : 0x1acee    : c_sd a5, 24(a5)            : MemWrite :  D=0x000000000006fce8 A=0x6fd00
 859000: system.cpu: T0 : 0x1acf0    : c_sd a5, 16(a5)            : MemWrite :  D=0x000000000006fce8 A=0x6fcf8
 859500: system.cpu: T0 : 0x1acf2    : c_addi a5, 16              : IntAlu :  D=0x000000000006fcf8
 860000: system.cpu: T0 : 0x1acf4    : bne a4, a5, -6             : IntAlu : 
 860500: system.cpu: T0 : 0x1acee    : c_sd a5, 24(a5)            : MemWrite :  D=0x000000000006fcf8 A=0x6fd10
 861000: system.cpu: T0 : 0x1acf0    : c_sd a5, 16(a5)            : MemWrite :  D=0x000000000006fcf8 A=0x6fd08
 861500: system.cpu: T0 : 0x1acf2    : c_addi a5, 16              : IntAlu :  D=0x000000000006fd08
 862000: system.cpu: T0 : 0x1acf4    : bne a4, a5, -6             : IntAlu : 
 862500: system.cpu: T0 : 0x1acee    : c_sd a5, 24(a5)            : MemWrite :  D=0x000000000006fd08 A=0x6fd20
 863000: system.cpu: T0 : 0x1acf0    : c_sd a5, 16(a5)            : MemWrite :  D=0x000000000006fd08 A=0x6fd18
 863500: system.cpu: T0 : 0x1acf2    : c_addi a5, 16              : IntAlu :  D=0x000000000006fd18
 864000: system.cpu: T0 : 0x1acf4    : bne a4, a5, -6             : IntAlu : 
 864500: system.cpu: T0 : 0x1acee    : c_sd a5, 24(a5)            : MemWrite :  D=0x000000000006fd18 A=0x6fd30
 865000: system.cpu: T0 : 0x1acf0    : c_sd a5, 16(a5)            : MemWrite :  D=0x000000000006fd18 A=0x6fd28
 865500: system.cpu: T0 : 0x1acf2    : c_addi a5, 16              : IntAlu :  D=0x000000000006fd28
 866000: system.cpu: T0 : 0x1acf4    : bne a4, a5, -6             : IntAlu : 
 866500: system.cpu: T0 : 0x1acee    : c_sd a5, 24(a5)            : MemWrite :  D=0x000000000006fd28 A=0x6fd40
 867000: system.cpu: T0 : 0x1acf0    : c_sd a5, 16(a5)            : MemWrite :  D=0x000000000006fd28 A=0x6fd38
 867500: system.cpu: T0 : 0x1acf2    : c_addi a5, 16              : IntAlu :  D=0x000000000006fd38
 868000: system.cpu: T0 : 0x1acf4    : bne a4, a5, -6             : IntAlu : 
 868500: system.cpu: T0 : 0x1acee    : c_sd a5, 24(a5)            : MemWrite :  D=0x000000000006fd38 A=0x6fd50
 869000: system.cpu: T0 : 0x1acf0    : c_sd a5, 16(a5)            : MemWrite :  D=0x000000000006fd38 A=0x6fd48
 869500: system.cpu: T0 : 0x1acf2    : c_addi a5, 16              : IntAlu :  D=0x000000000006fd48
 870000: system.cpu: T0 : 0x1acf4    : bne a4, a5, -6             : IntAlu : 
 870500: system.cpu: T0 : 0x1acee    : c_sd a5, 24(a5)            : MemWrite :  D=0x000000000006fd48 A=0x6fd60
 871000: system.cpu: T0 : 0x1acf0    : c_sd a5, 16(a5)            : MemWrite :  D=0x000000000006fd48 A=0x6fd58
 871500: system.cpu: T0 : 0x1acf2    : c_addi a5, 16              : IntAlu :  D=0x000000000006fd58
 872000: system.cpu: T0 : 0x1acf4    : bne a4, a5, -6             : IntAlu : 
 872500: system.cpu: T0 : 0x1acee    : c_sd a5, 24(a5)            : MemWrite :  D=0x000000000006fd58 A=0x6fd70
 873000: system.cpu: T0 : 0x1acf0    : c_sd a5, 16(a5)            : MemWrite :  D=0x000000000006fd58 A=0x6fd68
 873500: system.cpu: T0 : 0x1acf2    : c_addi a5, 16              : IntAlu :  D=0x000000000006fd68
 874000: system.cpu: T0 : 0x1acf4    : bne a4, a5, -6             : IntAlu : 
 874500: system.cpu: T0 : 0x1acee    : c_sd a5, 24(a5)            : MemWrite :  D=0x000000000006fd68 A=0x6fd80
 875000: system.cpu: T0 : 0x1acf0    : c_sd a5, 16(a5)            : MemWrite :  D=0x000000000006fd68 A=0x6fd78
 875500: system.cpu: T0 : 0x1acf2    : c_addi a5, 16              : IntAlu :  D=0x000000000006fd78
 876000: system.cpu: T0 : 0x1acf4    : bne a4, a5, -6             : IntAlu : 
 876500: system.cpu: T0 : 0x1acee    : c_sd a5, 24(a5)            : MemWrite :  D=0x000000000006fd78 A=0x6fd90
 877000: system.cpu: T0 : 0x1acf0    : c_sd a5, 16(a5)            : MemWrite :  D=0x000000000006fd78 A=0x6fd88
 877500: system.cpu: T0 : 0x1acf2    : c_addi a5, 16              : IntAlu :  D=0x000000000006fd88
 878000: system.cpu: T0 : 0x1acf4    : bne a4, a5, -6             : IntAlu : 
 878500: system.cpu: T0 : 0x1acee    : c_sd a5, 24(a5)            : MemWrite :  D=0x000000000006fd88 A=0x6fda0
 879000: system.cpu: T0 : 0x1acf0    : c_sd a5, 16(a5)            : MemWrite :  D=0x000000000006fd88 A=0x6fd98
 879500: system.cpu: T0 : 0x1acf2    : c_addi a5, 16              : IntAlu :  D=0x000000000006fd98
 880000: system.cpu: T0 : 0x1acf4    : bne a4, a5, -6             : IntAlu : 
 880500: system.cpu: T0 : 0x1acee    : c_sd a5, 24(a5)            : MemWrite :  D=0x000000000006fd98 A=0x6fdb0
 881000: system.cpu: T0 : 0x1acf0    : c_sd a5, 16(a5)            : MemWrite :  D=0x000000000006fd98 A=0x6fda8
 881500: system.cpu: T0 : 0x1acf2    : c_addi a5, 16              : IntAlu :  D=0x000000000006fda8
 882000: system.cpu: T0 : 0x1acf4    : bne a4, a5, -6             : IntAlu : 
 882500: system.cpu: T0 : 0x1acee    : c_sd a5, 24(a5)            : MemWrite :  D=0x000000000006fda8 A=0x6fdc0
 883000: system.cpu: T0 : 0x1acf0    : c_sd a5, 16(a5)            : MemWrite :  D=0x000000000006fda8 A=0x6fdb8
 883500: system.cpu: T0 : 0x1acf2    : c_addi a5, 16              : IntAlu :  D=0x000000000006fdb8
 884000: system.cpu: T0 : 0x1acf4    : bne a4, a5, -6             : IntAlu : 
 884500: system.cpu: T0 : 0x1acee    : c_sd a5, 24(a5)            : MemWrite :  D=0x000000000006fdb8 A=0x6fdd0
 885000: system.cpu: T0 : 0x1acf0    : c_sd a5, 16(a5)            : MemWrite :  D=0x000000000006fdb8 A=0x6fdc8
 885500: system.cpu: T0 : 0x1acf2    : c_addi a5, 16              : IntAlu :  D=0x000000000006fdc8
 886000: system.cpu: T0 : 0x1acf4    : bne a4, a5, -6             : IntAlu : 
 886500: system.cpu: T0 : 0x1acee    : c_sd a5, 24(a5)            : MemWrite :  D=0x000000000006fdc8 A=0x6fde0
 887000: system.cpu: T0 : 0x1acf0    : c_sd a5, 16(a5)            : MemWrite :  D=0x000000000006fdc8 A=0x6fdd8
 887500: system.cpu: T0 : 0x1acf2    : c_addi a5, 16              : IntAlu :  D=0x000000000006fdd8
 888000: system.cpu: T0 : 0x1acf4    : bne a4, a5, -6             : IntAlu : 
 888500: system.cpu: T0 : 0x1acee    : c_sd a5, 24(a5)            : MemWrite :  D=0x000000000006fdd8 A=0x6fdf0
 889000: system.cpu: T0 : 0x1acf0    : c_sd a5, 16(a5)            : MemWrite :  D=0x000000000006fdd8 A=0x6fde8
 889500: system.cpu: T0 : 0x1acf2    : c_addi a5, 16              : IntAlu :  D=0x000000000006fde8
 890000: system.cpu: T0 : 0x1acf4    : bne a4, a5, -6             : IntAlu : 
 890500: system.cpu: T0 : 0x1acee    : c_sd a5, 24(a5)            : MemWrite :  D=0x000000000006fde8 A=0x6fe00
 891000: system.cpu: T0 : 0x1acf0    : c_sd a5, 16(a5)            : MemWrite :  D=0x000000000006fde8 A=0x6fdf8
 891500: system.cpu: T0 : 0x1acf2    : c_addi a5, 16              : IntAlu :  D=0x000000000006fdf8
 892000: system.cpu: T0 : 0x1acf4    : bne a4, a5, -6             : IntAlu : 
 892500: system.cpu: T0 : 0x1acee    : c_sd a5, 24(a5)            : MemWrite :  D=0x000000000006fdf8 A=0x6fe10
 893000: system.cpu: T0 : 0x1acf0    : c_sd a5, 16(a5)            : MemWrite :  D=0x000000000006fdf8 A=0x6fe08
 893500: system.cpu: T0 : 0x1acf2    : c_addi a5, 16              : IntAlu :  D=0x000000000006fe08
 894000: system.cpu: T0 : 0x1acf4    : bne a4, a5, -6             : IntAlu : 
 894500: system.cpu: T0 : 0x1acee    : c_sd a5, 24(a5)            : MemWrite :  D=0x000000000006fe08 A=0x6fe20
 895000: system.cpu: T0 : 0x1acf0    : c_sd a5, 16(a5)            : MemWrite :  D=0x000000000006fe08 A=0x6fe18
 895500: system.cpu: T0 : 0x1acf2    : c_addi a5, 16              : IntAlu :  D=0x000000000006fe18
 896000: system.cpu: T0 : 0x1acf4    : bne a4, a5, -6             : IntAlu : 
 896500: system.cpu: T0 : 0x1acee    : c_sd a5, 24(a5)            : MemWrite :  D=0x000000000006fe18 A=0x6fe30
 897000: system.cpu: T0 : 0x1acf0    : c_sd a5, 16(a5)            : MemWrite :  D=0x000000000006fe18 A=0x6fe28
 897500: system.cpu: T0 : 0x1acf2    : c_addi a5, 16              : IntAlu :  D=0x000000000006fe28
 898000: system.cpu: T0 : 0x1acf4    : bne a4, a5, -6             : IntAlu : 
 898500: system.cpu: T0 : 0x1acee    : c_sd a5, 24(a5)            : MemWrite :  D=0x000000000006fe28 A=0x6fe40
 899000: system.cpu: T0 : 0x1acf0    : c_sd a5, 16(a5)            : MemWrite :  D=0x000000000006fe28 A=0x6fe38
 899500: system.cpu: T0 : 0x1acf2    : c_addi a5, 16              : IntAlu :  D=0x000000000006fe38
 900000: system.cpu: T0 : 0x1acf4    : bne a4, a5, -6             : IntAlu : 
 900500: system.cpu: T0 : 0x1acee    : c_sd a5, 24(a5)            : MemWrite :  D=0x000000000006fe38 A=0x6fe50
 901000: system.cpu: T0 : 0x1acf0    : c_sd a5, 16(a5)            : MemWrite :  D=0x000000000006fe38 A=0x6fe48
 901500: system.cpu: T0 : 0x1acf2    : c_addi a5, 16              : IntAlu :  D=0x000000000006fe48
 902000: system.cpu: T0 : 0x1acf4    : bne a4, a5, -6             : IntAlu : 
 902500: system.cpu: T0 : 0x1acee    : c_sd a5, 24(a5)            : MemWrite :  D=0x000000000006fe48 A=0x6fe60
 903000: system.cpu: T0 : 0x1acf0    : c_sd a5, 16(a5)            : MemWrite :  D=0x000000000006fe48 A=0x6fe58
 903500: system.cpu: T0 : 0x1acf2    : c_addi a5, 16              : IntAlu :  D=0x000000000006fe58
 904000: system.cpu: T0 : 0x1acf4    : bne a4, a5, -6             : IntAlu : 
 904500: system.cpu: T0 : 0x1acee    : c_sd a5, 24(a5)            : MemWrite :  D=0x000000000006fe58 A=0x6fe70
 905000: system.cpu: T0 : 0x1acf0    : c_sd a5, 16(a5)            : MemWrite :  D=0x000000000006fe58 A=0x6fe68
 905500: system.cpu: T0 : 0x1acf2    : c_addi a5, 16              : IntAlu :  D=0x000000000006fe68
 906000: system.cpu: T0 : 0x1acf4    : bne a4, a5, -6             : IntAlu : 
 906500: system.cpu: T0 : 0x1acf8    : lui a5, 111                : IntAlu :  D=0x000000000006f000
 907000: system.cpu: T0 : 0x1acfc    : addi a5, a5, 1560          : IntAlu :  D=0x000000000006f618
 907500: system.cpu: T0 : 0x1ad00    : beq a0, a5, 24             : IntAlu : 
 908000: system.cpu: T0 : 0x1ad18    : addi a4, zero, 128         : IntAlu :  D=0x0000000000000080
 908500: system.cpu: T0 : 0x1ad1c    : sd a4, -1376(gp)           : MemWrite :  D=0x0000000000000080 A=0x70b20
 909000: system.cpu: T0 : 0x1ad20    : addi a5, a0, 8             : IntAlu :  D=0x000000000006f620
 909500: system.cpu: T0 : 0x1ad24    : amoswap_w zero, zero, (a5)
 909500: system.cpu: T0 : 0x1ad24. 0 : amoswap_w[l] zero, zero, (a5) : MemRead :  D=0x0000000000000000 A=0x6f620
 910000: system.cpu: T0 : 0x1ad28    : c_sd a3, 96(a0)            : MemWrite :  D=0x000000000006f678 A=0x6f678
 910500: system.cpu: T0 : 0x1ad2a    : c_jr ra                    : IntAlu : 
 911000: system.cpu: T0 : 0x1b0e6    : c_lui a2, 28               : IntAlu :  D=0x000000000001c000
 911500: system.cpu: T0 : 0x1b0e8    : addi a2, a2, -1996         : IntAlu :  D=0x000000000001b834
 912000: system.cpu: T0 : 0x1b0ec    : c_mv a1, sp                : IntAlu :  D=0x7ffffffffffffbd0
 912500: system.cpu: T0 : 0x1b0ee    : c_li a0, 19                : IntAlu :  D=0x0000000000000013
 913000: system.cpu: T0 : 0x1b0f0    : jal ra, 30082              : IntAlu :  D=0x000000000001b0f4
 913500: system.cpu: T0 : 0x22672    : c_slli a0, 32              : IntAlu :  D=0x0000001300000000
 914000: system.cpu: T0 : 0x22674    : c_srli a0, 32              : IntAlu :  D=0x0000000000000013
 915000: system.cpu: T0 : 0x22676    : slli a5, a0, 3             : IntAlu :  D=0x0000000000000098
 915500: system.cpu: T0 : 0x2267a    : c_sub a5, a0               : IntAlu :  D=0x0000000000000085
 916000: system.cpu: T0 : 0x2267c    : lui a4, 111                : IntAlu :  D=0x000000000006f000
 916500: system.cpu: T0 : 0x22680    : addi a4, a4, -1248         : IntAlu :  D=0x000000000006eb20
 917000: system.cpu: T0 : 0x22684    : c_slli a5, 3               : IntAlu :  D=0x0000000000000428
 917500: system.cpu: T0 : 0x22686    : c_add a5, a4               : IntAlu :  D=0x000000000006ef48
 918000: system.cpu: T0 : 0x22688    : c_lw a3, 8(a5)             : MemRead :  D=0x0000000000000000 A=0x6ef50
 918500: system.cpu: T0 : 0x2268a    : c_li a6, 2                 : IntAlu :  D=0x0000000000000002
 919000: system.cpu: T0 : 0x2268c    : c_ld a5, 32(a5)            : MemRead :  D=0x0000000000000000 A=0x6ef68
 920000: system.cpu: T0 : 0x2268e    : bltu a6, a3, 42            : IntAlu : 
 920500: system.cpu: T0 : 0x22692    : c_bnez a3, 38              : IntAlu : 
 921000: system.cpu: T0 : 0x22694    : c_sw a5, 0(a1)             : MemWrite :  D=0x0000000000000000 A=0x7ffffffffffffbd0
 922000: system.cpu: T0 : 0x22696    : slli a5, a0, 3             : IntAlu :  D=0x0000000000000098
 922500: system.cpu: T0 : 0x2269a    : c_sub a5, a0               : IntAlu :  D=0x0000000000000085
 923000: system.cpu: T0 : 0x2269c    : c_slli a5, 3               : IntAlu :  D=0x0000000000000428
 924000: system.cpu: T0 : 0x2269e    : add a3, a4, a5             : IntAlu :  D=0x000000000006ef48
 925000: system.cpu: T0 : 0x226a2    : lbu a3, 40(a3)             : MemRead :  D=0x0000000000000000 A=0x6ef70
 925500: system.cpu: T0 : 0x226a6    : c_beqz a3, 16              : IntAlu : 
 926000: system.cpu: T0 : 0x226b6    : c_jr ra                    : IntAlu : 
 926500: system.cpu: T0 : 0x1b0f4    : c_lui a2, 27               : IntAlu :  D=0x000000000001b000
 927500: system.cpu: T0 : 0x1b0f6    : addi a2, a2, -1672         : IntAlu :  D=0x000000000001a978
 928000: system.cpu: T0 : 0x1b0fa    : c_mv a1, sp                : IntAlu :  D=0x7ffffffffffffbd0
 928500: system.cpu: T0 : 0x1b0fc    : c_li a0, 7                 : IntAlu :  D=0x0000000000000007
 929500: system.cpu: T0 : 0x1b0fe    : jal ra, 30068              : IntAlu :  D=0x000000000001b102
 930000: system.cpu: T0 : 0x22672    : c_slli a0, 32              : IntAlu :  D=0x0000000700000000
 930500: system.cpu: T0 : 0x22674    : c_srli a0, 32              : IntAlu :  D=0x0000000000000007
 931500: system.cpu: T0 : 0x22676    : slli a5, a0, 3             : IntAlu :  D=0x0000000000000038
 932000: system.cpu: T0 : 0x2267a    : c_sub a5, a0               : IntAlu :  D=0x0000000000000031
 932500: system.cpu: T0 : 0x2267c    : lui a4, 111                : IntAlu :  D=0x000000000006f000
 933000: system.cpu: T0 : 0x22680    : addi a4, a4, -1248         : IntAlu :  D=0x000000000006eb20
 933500: system.cpu: T0 : 0x22684    : c_slli a5, 3               : IntAlu :  D=0x0000000000000188
 934000: system.cpu: T0 : 0x22686    : c_add a5, a4               : IntAlu :  D=0x000000000006eca8
 934500: system.cpu: T0 : 0x22688    : c_lw a3, 8(a5)             : MemRead :  D=0x0000000000000002 A=0x6ecb0
 935000: system.cpu: T0 : 0x2268a    : c_li a6, 2                 : IntAlu :  D=0x0000000000000002
 935500: system.cpu: T0 : 0x2268c    : c_ld a5, 32(a5)            : MemRead :  D=0x0000000000000000 A=0x6ecc8
 936500: system.cpu: T0 : 0x2268e    : bltu a6, a3, 42            : IntAlu : 
 937000: system.cpu: T0 : 0x22692    : c_bnez a3, 38              : IntAlu : 
 937500: system.cpu: T0 : 0x226b8    : c_sd a5, 0(a1)             : MemWrite :  D=0x0000000000000000 A=0x7ffffffffffffbd0
 938000: system.cpu: T0 : 0x226ba    : c_j -36                    : IntAlu : 
 939000: system.cpu: T0 : 0x22696    : slli a5, a0, 3             : IntAlu :  D=0x0000000000000038
 939500: system.cpu: T0 : 0x2269a    : c_sub a5, a0               : IntAlu :  D=0x0000000000000031
 940000: system.cpu: T0 : 0x2269c    : c_slli a5, 3               : IntAlu :  D=0x0000000000000188
 941000: system.cpu: T0 : 0x2269e    : add a3, a4, a5             : IntAlu :  D=0x000000000006eca8
 942000: system.cpu: T0 : 0x226a2    : lbu a3, 40(a3)             : MemRead :  D=0x0000000000000000 A=0x6ecd0
 942500: system.cpu: T0 : 0x226a6    : c_beqz a3, 16              : IntAlu : 
 943000: system.cpu: T0 : 0x226b6    : c_jr ra                    : IntAlu : 
 943500: system.cpu: T0 : 0x1b102    : c_lui a2, 27               : IntAlu :  D=0x000000000001b000
 944000: system.cpu: T0 : 0x1b104    : addi a2, a2, -1654         : IntAlu :  D=0x000000000001a98a
 944500: system.cpu: T0 : 0x1b108    : c_mv a1, sp                : IntAlu :  D=0x7ffffffffffffbd0
 945000: system.cpu: T0 : 0x1b10a    : c_li a0, 2                 : IntAlu :  D=0x0000000000000002
 945500: system.cpu: T0 : 0x1b10c    : jal ra, 30054              : IntAlu :  D=0x000000000001b110
 946000: system.cpu: T0 : 0x22672    : c_slli a0, 32              : IntAlu :  D=0x0000000200000000
 946500: system.cpu: T0 : 0x22674    : c_srli a0, 32              : IntAlu :  D=0x0000000000000002
 947500: system.cpu: T0 : 0x22676    : slli a5, a0, 3             : IntAlu :  D=0x0000000000000010
 948000: system.cpu: T0 : 0x2267a    : c_sub a5, a0               : IntAlu :  D=0x000000000000000e
 948500: system.cpu: T0 : 0x2267c    : lui a4, 111                : IntAlu :  D=0x000000000006f000
 949000: system.cpu: T0 : 0x22680    : addi a4, a4, -1248         : IntAlu :  D=0x000000000006eb20
 949500: system.cpu: T0 : 0x22684    : c_slli a5, 3               : IntAlu :  D=0x0000000000000070
 950000: system.cpu: T0 : 0x22686    : c_add a5, a4               : IntAlu :  D=0x000000000006eb90
 950500: system.cpu: T0 : 0x22688    : c_lw a3, 8(a5)             : MemRead :  D=0x0000000000000000 A=0x6eb98
 951000: system.cpu: T0 : 0x2268a    : c_li a6, 2                 : IntAlu :  D=0x0000000000000002
 951500: system.cpu: T0 : 0x2268c    : c_ld a5, 32(a5)            : MemRead :  D=0x0000000000000000 A=0x6ebb0
 952500: system.cpu: T0 : 0x2268e    : bltu a6, a3, 42            : IntAlu : 
 953000: system.cpu: T0 : 0x22692    : c_bnez a3, 38              : IntAlu : 
 953500: system.cpu: T0 : 0x22694    : c_sw a5, 0(a1)             : MemWrite :  D=0x0000000000000000 A=0x7ffffffffffffbd0
 954500: system.cpu: T0 : 0x22696    : slli a5, a0, 3             : IntAlu :  D=0x0000000000000010
 955000: system.cpu: T0 : 0x2269a    : c_sub a5, a0               : IntAlu :  D=0x000000000000000e
 955500: system.cpu: T0 : 0x2269c    : c_slli a5, 3               : IntAlu :  D=0x0000000000000070
 956500: system.cpu: T0 : 0x2269e    : add a3, a4, a5             : IntAlu :  D=0x000000000006eb90
 957500: system.cpu: T0 : 0x226a2    : lbu a3, 40(a3)             : MemRead :  D=0x0000000000000000 A=0x6ebb8
 958000: system.cpu: T0 : 0x226a6    : c_beqz a3, 16              : IntAlu : 
 958500: system.cpu: T0 : 0x226b6    : c_jr ra                    : IntAlu : 
 959000: system.cpu: T0 : 0x1b110    : c_lui a2, 27               : IntAlu :  D=0x000000000001b000
 960000: system.cpu: T0 : 0x1b112    : addi a2, a2, -1718         : IntAlu :  D=0x000000000001a94a
 960500: system.cpu: T0 : 0x1b116    : c_mv a1, sp                : IntAlu :  D=0x7ffffffffffffbd0
 961000: system.cpu: T0 : 0x1b118    : c_li a0, 14                : IntAlu :  D=0x000000000000000e
 962000: system.cpu: T0 : 0x1b11a    : jal ra, 30040              : IntAlu :  D=0x000000000001b11e
 962500: system.cpu: T0 : 0x22672    : c_slli a0, 32              : IntAlu :  D=0x0000000e00000000
 963000: system.cpu: T0 : 0x22674    : c_srli a0, 32              : IntAlu :  D=0x000000000000000e
 964000: system.cpu: T0 : 0x22676    : slli a5, a0, 3             : IntAlu :  D=0x0000000000000070
 964500: system.cpu: T0 : 0x2267a    : c_sub a5, a0               : IntAlu :  D=0x0000000000000062
 965000: system.cpu: T0 : 0x2267c    : lui a4, 111                : IntAlu :  D=0x000000000006f000
 965500: system.cpu: T0 : 0x22680    : addi a4, a4, -1248         : IntAlu :  D=0x000000000006eb20
 966000: system.cpu: T0 : 0x22684    : c_slli a5, 3               : IntAlu :  D=0x0000000000000310
 966500: system.cpu: T0 : 0x22686    : c_add a5, a4               : IntAlu :  D=0x000000000006ee30
 967000: system.cpu: T0 : 0x22688    : c_lw a3, 8(a5)             : MemRead :  D=0x0000000000000002 A=0x6ee38
 967500: system.cpu: T0 : 0x2268a    : c_li a6, 2                 : IntAlu :  D=0x0000000000000002
 968000: system.cpu: T0 : 0x2268c    : c_ld a5, 32(a5)            : MemRead :  D=0x0000000000000000 A=0x6ee50
 969000: system.cpu: T0 : 0x2268e    : bltu a6, a3, 42            : IntAlu : 
 969500: system.cpu: T0 : 0x22692    : c_bnez a3, 38              : IntAlu : 
 970000: system.cpu: T0 : 0x226b8    : c_sd a5, 0(a1)             : MemWrite :  D=0x0000000000000000 A=0x7ffffffffffffbd0
 970500: system.cpu: T0 : 0x226ba    : c_j -36                    : IntAlu : 
 971500: system.cpu: T0 : 0x22696    : slli a5, a0, 3             : IntAlu :  D=0x0000000000000070
 972000: system.cpu: T0 : 0x2269a    : c_sub a5, a0               : IntAlu :  D=0x0000000000000062
 972500: system.cpu: T0 : 0x2269c    : c_slli a5, 3               : IntAlu :  D=0x0000000000000310
 973500: system.cpu: T0 : 0x2269e    : add a3, a4, a5             : IntAlu :  D=0x000000000006ee30
 974500: system.cpu: T0 : 0x226a2    : lbu a3, 40(a3)             : MemRead :  D=0x0000000000000000 A=0x6ee58
 975000: system.cpu: T0 : 0x226a6    : c_beqz a3, 16              : IntAlu : 
 975500: system.cpu: T0 : 0x226b6    : c_jr ra                    : IntAlu : 
 976000: system.cpu: T0 : 0x1b11e    : c_lui a2, 27               : IntAlu :  D=0x000000000001b000
 976500: system.cpu: T0 : 0x1b120    : addi a2, a2, -1646         : IntAlu :  D=0x000000000001a992
 977000: system.cpu: T0 : 0x1b124    : c_mv a1, sp                : IntAlu :  D=0x7ffffffffffffbd0
 977500: system.cpu: T0 : 0x1b126    : c_li a0, 1                 : IntAlu :  D=0x0000000000000001
 978000: system.cpu: T0 : 0x1b128    : jal ra, 30026              : IntAlu :  D=0x000000000001b12c
 978500: system.cpu: T0 : 0x22672    : c_slli a0, 32              : IntAlu :  D=0x0000000100000000
 979000: system.cpu: T0 : 0x22674    : c_srli a0, 32              : IntAlu :  D=0x0000000000000001
 980000: system.cpu: T0 : 0x22676    : slli a5, a0, 3             : IntAlu :  D=0x0000000000000008
 980500: system.cpu: T0 : 0x2267a    : c_sub a5, a0               : IntAlu :  D=0x0000000000000007
 981000: system.cpu: T0 : 0x2267c    : lui a4, 111                : IntAlu :  D=0x000000000006f000
 981500: system.cpu: T0 : 0x22680    : addi a4, a4, -1248         : IntAlu :  D=0x000000000006eb20
 982000: system.cpu: T0 : 0x22684    : c_slli a5, 3               : IntAlu :  D=0x0000000000000038
 982500: system.cpu: T0 : 0x22686    : c_add a5, a4               : IntAlu :  D=0x000000000006eb58
 983000: system.cpu: T0 : 0x22688    : c_lw a3, 8(a5)             : MemRead :  D=0x0000000000000002 A=0x6eb60
 983500: system.cpu: T0 : 0x2268a    : c_li a6, 2                 : IntAlu :  D=0x0000000000000002
 984000: system.cpu: T0 : 0x2268c    : c_ld a5, 32(a5)            : MemRead :  D=0x0000000000000000 A=0x6eb78
 985000: system.cpu: T0 : 0x2268e    : bltu a6, a3, 42            : IntAlu : 
 985500: system.cpu: T0 : 0x22692    : c_bnez a3, 38              : IntAlu : 
 986000: system.cpu: T0 : 0x226b8    : c_sd a5, 0(a1)             : MemWrite :  D=0x0000000000000000 A=0x7ffffffffffffbd0
 986500: system.cpu: T0 : 0x226ba    : c_j -36                    : IntAlu : 
 987500: system.cpu: T0 : 0x22696    : slli a5, a0, 3             : IntAlu :  D=0x0000000000000008
 988000: system.cpu: T0 : 0x2269a    : c_sub a5, a0               : IntAlu :  D=0x0000000000000007
 988500: system.cpu: T0 : 0x2269c    : c_slli a5, 3               : IntAlu :  D=0x0000000000000038
 989500: system.cpu: T0 : 0x2269e    : add a3, a4, a5             : IntAlu :  D=0x000000000006eb58
 990500: system.cpu: T0 : 0x226a2    : lbu a3, 40(a3)             : MemRead :  D=0x0000000000000000 A=0x6eb80
 991000: system.cpu: T0 : 0x226a6    : c_beqz a3, 16              : IntAlu : 
 991500: system.cpu: T0 : 0x226b6    : c_jr ra                    : IntAlu : 
 992000: system.cpu: T0 : 0x1b12c    : c_lui a2, 27               : IntAlu :  D=0x000000000001b000
 993000: system.cpu: T0 : 0x1b12e    : addi a2, a2, -1690         : IntAlu :  D=0x000000000001a966
 993500: system.cpu: T0 : 0x1b132    : c_mv a1, sp                : IntAlu :  D=0x7ffffffffffffbd0
 994000: system.cpu: T0 : 0x1b134    : c_li a0, 9                 : IntAlu :  D=0x0000000000000009
 995000: system.cpu: T0 : 0x1b136    : jal ra, 30012              : IntAlu :  D=0x000000000001b13a
 995500: system.cpu: T0 : 0x22672    : c_slli a0, 32              : IntAlu :  D=0x0000000900000000
 996000: system.cpu: T0 : 0x22674    : c_srli a0, 32              : IntAlu :  D=0x0000000000000009
 997000: system.cpu: T0 : 0x22676    : slli a5, a0, 3             : IntAlu :  D=0x0000000000000048
 997500: system.cpu: T0 : 0x2267a    : c_sub a5, a0               : IntAlu :  D=0x000000000000003f
 998000: system.cpu: T0 : 0x2267c    : lui a4, 111                : IntAlu :  D=0x000000000006f000
 998500: system.cpu: T0 : 0x22680    : addi a4, a4, -1248         : IntAlu :  D=0x000000000006eb20
 999000: system.cpu: T0 : 0x22684    : c_slli a5, 3               : IntAlu :  D=0x00000000000001f8
 999500: system.cpu: T0 : 0x22686    : c_add a5, a4               : IntAlu :  D=0x000000000006ed18
1000000: system.cpu: T0 : 0x22688    : c_lw a3, 8(a5)             : MemRead :  D=0x0000000000000000 A=0x6ed20
1000500: system.cpu: T0 : 0x2268a    : c_li a6, 2                 : IntAlu :  D=0x0000000000000002
1001000: system.cpu: T0 : 0x2268c    : c_ld a5, 32(a5)            : MemRead :  D=0x0000000000000000 A=0x6ed38
1002000: system.cpu: T0 : 0x2268e    : bltu a6, a3, 42            : IntAlu : 
1002500: system.cpu: T0 : 0x22692    : c_bnez a3, 38              : IntAlu : 
1003000: system.cpu: T0 : 0x22694    : c_sw a5, 0(a1)             : MemWrite :  D=0x0000000000000000 A=0x7ffffffffffffbd0
1004000: system.cpu: T0 : 0x22696    : slli a5, a0, 3             : IntAlu :  D=0x0000000000000048
1004500: system.cpu: T0 : 0x2269a    : c_sub a5, a0               : IntAlu :  D=0x000000000000003f
1005000: system.cpu: T0 : 0x2269c    : c_slli a5, 3               : IntAlu :  D=0x00000000000001f8
1006000: system.cpu: T0 : 0x2269e    : add a3, a4, a5             : IntAlu :  D=0x000000000006ed18
1007000: system.cpu: T0 : 0x226a2    : lbu a3, 40(a3)             : MemRead :  D=0x0000000000000000 A=0x6ed40
1007500: system.cpu: T0 : 0x226a6    : c_beqz a3, 16              : IntAlu : 
1008000: system.cpu: T0 : 0x226b6    : c_jr ra                    : IntAlu : 
1008500: system.cpu: T0 : 0x1b13a    : c_lui a2, 27               : IntAlu :  D=0x000000000001b000
1009000: system.cpu: T0 : 0x1b13c    : addi a2, a2, -1628         : IntAlu :  D=0x000000000001a9a4
1009500: system.cpu: T0 : 0x1b140    : c_mv a1, sp                : IntAlu :  D=0x7ffffffffffffbd0
1010000: system.cpu: T0 : 0x1b142    : c_li a0, 13                : IntAlu :  D=0x000000000000000d
1010500: system.cpu: T0 : 0x1b144    : jal ra, 29998              : IntAlu :  D=0x000000000001b148
1011000: system.cpu: T0 : 0x22672    : c_slli a0, 32              : IntAlu :  D=0x0000000d00000000
1011500: system.cpu: T0 : 0x22674    : c_srli a0, 32              : IntAlu :  D=0x000000000000000d
1012500: system.cpu: T0 : 0x22676    : slli a5, a0, 3             : IntAlu :  D=0x0000000000000068
1013000: system.cpu: T0 : 0x2267a    : c_sub a5, a0               : IntAlu :  D=0x000000000000005b
1013500: system.cpu: T0 : 0x2267c    : lui a4, 111                : IntAlu :  D=0x000000000006f000
1014000: system.cpu: T0 : 0x22680    : addi a4, a4, -1248         : IntAlu :  D=0x000000000006eb20
1014500: system.cpu: T0 : 0x22684    : c_slli a5, 3               : IntAlu :  D=0x00000000000002d8
1015000: system.cpu: T0 : 0x22686    : c_add a5, a4               : IntAlu :  D=0x000000000006edf8
1015500: system.cpu: T0 : 0x22688    : c_lw a3, 8(a5)             : MemRead :  D=0x0000000000000002 A=0x6ee00
1016000: system.cpu: T0 : 0x2268a    : c_li a6, 2                 : IntAlu :  D=0x0000000000000002
1016500: system.cpu: T0 : 0x2268c    : c_ld a5, 32(a5)            : MemRead :  D=0x0000000000000000 A=0x6ee18
1017500: system.cpu: T0 : 0x2268e    : bltu a6, a3, 42            : IntAlu : 
1018000: system.cpu: T0 : 0x22692    : c_bnez a3, 38              : IntAlu : 
1018500: system.cpu: T0 : 0x226b8    : c_sd a5, 0(a1)             : MemWrite :  D=0x0000000000000000 A=0x7ffffffffffffbd0
1019000: system.cpu: T0 : 0x226ba    : c_j -36                    : IntAlu : 
1020000: system.cpu: T0 : 0x22696    : slli a5, a0, 3             : IntAlu :  D=0x0000000000000068
1020500: system.cpu: T0 : 0x2269a    : c_sub a5, a0               : IntAlu :  D=0x000000000000005b
1021000: system.cpu: T0 : 0x2269c    : c_slli a5, 3               : IntAlu :  D=0x00000000000002d8
1022000: system.cpu: T0 : 0x2269e    : add a3, a4, a5             : IntAlu :  D=0x000000000006edf8
1023000: system.cpu: T0 : 0x226a2    : lbu a3, 40(a3)             : MemRead :  D=0x0000000000000000 A=0x6ee20
1023500: system.cpu: T0 : 0x226a6    : c_beqz a3, 16              : IntAlu : 
1024000: system.cpu: T0 : 0x226b6    : c_jr ra                    : IntAlu : 
1024500: system.cpu: T0 : 0x1b148    : c_lui a2, 27               : IntAlu :  D=0x000000000001b000
1025500: system.cpu: T0 : 0x1b14a    : addi a2, a2, -1616         : IntAlu :  D=0x000000000001a9b0
1026000: system.cpu: T0 : 0x1b14e    : c_mv a1, sp                : IntAlu :  D=0x7ffffffffffffbd0
1026500: system.cpu: T0 : 0x1b150    : c_li a0, 16                : IntAlu :  D=0x0000000000000010
1027500: system.cpu: T0 : 0x1b152    : jal ra, 29984              : IntAlu :  D=0x000000000001b156
1028000: system.cpu: T0 : 0x22672    : c_slli a0, 32              : IntAlu :  D=0x0000001000000000
1028500: system.cpu: T0 : 0x22674    : c_srli a0, 32              : IntAlu :  D=0x0000000000000010
1029500: system.cpu: T0 : 0x22676    : slli a5, a0, 3             : IntAlu :  D=0x0000000000000080
1030000: system.cpu: T0 : 0x2267a    : c_sub a5, a0               : IntAlu :  D=0x0000000000000070
1030500: system.cpu: T0 : 0x2267c    : lui a4, 111                : IntAlu :  D=0x000000000006f000
1031000: system.cpu: T0 : 0x22680    : addi a4, a4, -1248         : IntAlu :  D=0x000000000006eb20
1031500: system.cpu: T0 : 0x22684    : c_slli a5, 3               : IntAlu :  D=0x0000000000000380
1032000: system.cpu: T0 : 0x22686    : c_add a5, a4               : IntAlu :  D=0x000000000006eea0
1032500: system.cpu: T0 : 0x22688    : c_lw a3, 8(a5)             : MemRead :  D=0x0000000000000002 A=0x6eea8
1033000: system.cpu: T0 : 0x2268a    : c_li a6, 2                 : IntAlu :  D=0x0000000000000002
1033500: system.cpu: T0 : 0x2268c    : c_ld a5, 32(a5)            : MemRead :  D=0x0000000000000000 A=0x6eec0
1034500: system.cpu: T0 : 0x2268e    : bltu a6, a3, 42            : IntAlu : 
1035000: system.cpu: T0 : 0x22692    : c_bnez a3, 38              : IntAlu : 
1035500: system.cpu: T0 : 0x226b8    : c_sd a5, 0(a1)             : MemWrite :  D=0x0000000000000000 A=0x7ffffffffffffbd0
1036000: system.cpu: T0 : 0x226ba    : c_j -36                    : IntAlu : 
1037000: system.cpu: T0 : 0x22696    : slli a5, a0, 3             : IntAlu :  D=0x0000000000000080
1037500: system.cpu: T0 : 0x2269a    : c_sub a5, a0               : IntAlu :  D=0x0000000000000070
1038000: system.cpu: T0 : 0x2269c    : c_slli a5, 3               : IntAlu :  D=0x0000000000000380
1039000: system.cpu: T0 : 0x2269e    : add a3, a4, a5             : IntAlu :  D=0x000000000006eea0
1040000: system.cpu: T0 : 0x226a2    : lbu a3, 40(a3)             : MemRead :  D=0x0000000000000000 A=0x6eec8
1040500: system.cpu: T0 : 0x226a6    : c_beqz a3, 16              : IntAlu : 
1041000: system.cpu: T0 : 0x226b6    : c_jr ra                    : IntAlu : 
1041500: system.cpu: T0 : 0x1b156    : c_lui a2, 27               : IntAlu :  D=0x000000000001b000
1042000: system.cpu: T0 : 0x1b158    : addi a2, a2, -1604         : IntAlu :  D=0x000000000001a9bc
1042500: system.cpu: T0 : 0x1b15c    : c_mv a1, sp                : IntAlu :  D=0x7ffffffffffffbd0
1043000: system.cpu: T0 : 0x1b15e    : c_li a0, 18                : IntAlu :  D=0x0000000000000012
1043500: system.cpu: T0 : 0x1b160    : jal ra, 29970              : IntAlu :  D=0x000000000001b164
1044000: system.cpu: T0 : 0x22672    : c_slli a0, 32              : IntAlu :  D=0x0000001200000000
1044500: system.cpu: T0 : 0x22674    : c_srli a0, 32              : IntAlu :  D=0x0000000000000012
1045500: system.cpu: T0 : 0x22676    : slli a5, a0, 3             : IntAlu :  D=0x0000000000000090
1046000: system.cpu: T0 : 0x2267a    : c_sub a5, a0               : IntAlu :  D=0x000000000000007e
1046500: system.cpu: T0 : 0x2267c    : lui a4, 111                : IntAlu :  D=0x000000000006f000
1047000: system.cpu: T0 : 0x22680    : addi a4, a4, -1248         : IntAlu :  D=0x000000000006eb20
1047500: system.cpu: T0 : 0x22684    : c_slli a5, 3               : IntAlu :  D=0x00000000000003f0
1048000: system.cpu: T0 : 0x22686    : c_add a5, a4               : IntAlu :  D=0x000000000006ef10
1048500: system.cpu: T0 : 0x22688    : c_lw a3, 8(a5)             : MemRead :  D=0x0000000000000002 A=0x6ef18
1049000: system.cpu: T0 : 0x2268a    : c_li a6, 2                 : IntAlu :  D=0x0000000000000002
1049500: system.cpu: T0 : 0x2268c    : c_ld a5, 32(a5)            : MemRead :  D=0x0000000000000000 A=0x6ef30
1050500: system.cpu: T0 : 0x2268e    : bltu a6, a3, 42            : IntAlu : 
1051000: system.cpu: T0 : 0x22692    : c_bnez a3, 38              : IntAlu : 
1051500: system.cpu: T0 : 0x226b8    : c_sd a5, 0(a1)             : MemWrite :  D=0x0000000000000000 A=0x7ffffffffffffbd0
1052000: system.cpu: T0 : 0x226ba    : c_j -36                    : IntAlu : 
1053000: system.cpu: T0 : 0x22696    : slli a5, a0, 3             : IntAlu :  D=0x0000000000000090
1053500: system.cpu: T0 : 0x2269a    : c_sub a5, a0               : IntAlu :  D=0x000000000000007e
1054000: system.cpu: T0 : 0x2269c    : c_slli a5, 3               : IntAlu :  D=0x00000000000003f0
1055000: system.cpu: T0 : 0x2269e    : add a3, a4, a5             : IntAlu :  D=0x000000000006ef10
1056000: system.cpu: T0 : 0x226a2    : lbu a3, 40(a3)             : MemRead :  D=0x0000000000000000 A=0x6ef38
1056500: system.cpu: T0 : 0x226a6    : c_beqz a3, 16              : IntAlu : 
1057000: system.cpu: T0 : 0x226b6    : c_jr ra                    : IntAlu : 
1057500: system.cpu: T0 : 0x1b164    : c_lui a2, 27               : IntAlu :  D=0x000000000001b000
1058500: system.cpu: T0 : 0x1b166    : addi a2, a2, -1558         : IntAlu :  D=0x000000000001a9ea
1059000: system.cpu: T0 : 0x1b16a    : c_mv a1, sp                : IntAlu :  D=0x7ffffffffffffbd0
1059500: system.cpu: T0 : 0x1b16c    : c_li a0, 15                : IntAlu :  D=0x000000000000000f
1060500: system.cpu: T0 : 0x1b16e    : jal ra, 29956              : IntAlu :  D=0x000000000001b172
1061000: system.cpu: T0 : 0x22672    : c_slli a0, 32              : IntAlu :  D=0x0000000f00000000
1061500: system.cpu: T0 : 0x22674    : c_srli a0, 32              : IntAlu :  D=0x000000000000000f
1062500: system.cpu: T0 : 0x22676    : slli a5, a0, 3             : IntAlu :  D=0x0000000000000078
1063000: system.cpu: T0 : 0x2267a    : c_sub a5, a0               : IntAlu :  D=0x0000000000000069
1063500: system.cpu: T0 : 0x2267c    : lui a4, 111                : IntAlu :  D=0x000000000006f000
1064000: system.cpu: T0 : 0x22680    : addi a4, a4, -1248         : IntAlu :  D=0x000000000006eb20
1064500: system.cpu: T0 : 0x22684    : c_slli a5, 3               : IntAlu :  D=0x0000000000000348
1065000: system.cpu: T0 : 0x22686    : c_add a5, a4               : IntAlu :  D=0x000000000006ee68
1065500: system.cpu: T0 : 0x22688    : c_lw a3, 8(a5)             : MemRead :  D=0x0000000000000002 A=0x6ee70
1066000: system.cpu: T0 : 0x2268a    : c_li a6, 2                 : IntAlu :  D=0x0000000000000002
1066500: system.cpu: T0 : 0x2268c    : c_ld a5, 32(a5)            : MemRead :  D=0x0000000000000000 A=0x6ee88
1067500: system.cpu: T0 : 0x2268e    : bltu a6, a3, 42            : IntAlu : 
1068000: system.cpu: T0 : 0x22692    : c_bnez a3, 38              : IntAlu : 
1068500: system.cpu: T0 : 0x226b8    : c_sd a5, 0(a1)             : MemWrite :  D=0x0000000000000000 A=0x7ffffffffffffbd0
1069000: system.cpu: T0 : 0x226ba    : c_j -36                    : IntAlu : 
1070000: system.cpu: T0 : 0x22696    : slli a5, a0, 3             : IntAlu :  D=0x0000000000000078
1070500: system.cpu: T0 : 0x2269a    : c_sub a5, a0               : IntAlu :  D=0x0000000000000069
1071000: system.cpu: T0 : 0x2269c    : c_slli a5, 3               : IntAlu :  D=0x0000000000000348
1072000: system.cpu: T0 : 0x2269e    : add a3, a4, a5             : IntAlu :  D=0x000000000006ee68
1073000: system.cpu: T0 : 0x226a2    : lbu a3, 40(a3)             : MemRead :  D=0x0000000000000000 A=0x6ee90
1073500: system.cpu: T0 : 0x226a6    : c_beqz a3, 16              : IntAlu : 
1074000: system.cpu: T0 : 0x226b6    : c_jr ra                    : IntAlu : 
1074500: system.cpu: T0 : 0x1b172    : c_lui a2, 27               : IntAlu :  D=0x000000000001b000
1075000: system.cpu: T0 : 0x1b174    : addi a2, a2, -1538         : IntAlu :  D=0x000000000001a9fe
1075500: system.cpu: T0 : 0x1b178    : c_mv a1, sp                : IntAlu :  D=0x7ffffffffffffbd0
1076000: system.cpu: T0 : 0x1b17a    : c_li a0, 11                : IntAlu :  D=0x000000000000000b
1076500: system.cpu: T0 : 0x1b17c    : jal ra, 29942              : IntAlu :  D=0x000000000001b180
1077000: system.cpu: T0 : 0x22672    : c_slli a0, 32              : IntAlu :  D=0x0000000b00000000
1077500: system.cpu: T0 : 0x22674    : c_srli a0, 32              : IntAlu :  D=0x000000000000000b
1078500: system.cpu: T0 : 0x22676    : slli a5, a0, 3             : IntAlu :  D=0x0000000000000058
1079000: system.cpu: T0 : 0x2267a    : c_sub a5, a0               : IntAlu :  D=0x000000000000004d
1079500: system.cpu: T0 : 0x2267c    : lui a4, 111                : IntAlu :  D=0x000000000006f000
1080000: system.cpu: T0 : 0x22680    : addi a4, a4, -1248         : IntAlu :  D=0x000000000006eb20
1080500: system.cpu: T0 : 0x22684    : c_slli a5, 3               : IntAlu :  D=0x0000000000000268
1081000: system.cpu: T0 : 0x22686    : c_add a5, a4               : IntAlu :  D=0x000000000006ed88
1081500: system.cpu: T0 : 0x22688    : c_lw a3, 8(a5)             : MemRead :  D=0x0000000000000002 A=0x6ed90
1082000: system.cpu: T0 : 0x2268a    : c_li a6, 2                 : IntAlu :  D=0x0000000000000002
1082500: system.cpu: T0 : 0x2268c    : c_ld a5, 32(a5)            : MemRead :  D=0x0000000000000000 A=0x6eda8
1083500: system.cpu: T0 : 0x2268e    : bltu a6, a3, 42            : IntAlu : 
1084000: system.cpu: T0 : 0x22692    : c_bnez a3, 38              : IntAlu : 
1084500: system.cpu: T0 : 0x226b8    : c_sd a5, 0(a1)             : MemWrite :  D=0x0000000000000000 A=0x7ffffffffffffbd0
1085000: system.cpu: T0 : 0x226ba    : c_j -36                    : IntAlu : 
1086000: system.cpu: T0 : 0x22696    : slli a5, a0, 3             : IntAlu :  D=0x0000000000000058
1086500: system.cpu: T0 : 0x2269a    : c_sub a5, a0               : IntAlu :  D=0x000000000000004d
1087000: system.cpu: T0 : 0x2269c    : c_slli a5, 3               : IntAlu :  D=0x0000000000000268
1088000: system.cpu: T0 : 0x2269e    : add a3, a4, a5             : IntAlu :  D=0x000000000006ed88
1089000: system.cpu: T0 : 0x226a2    : lbu a3, 40(a3)             : MemRead :  D=0x0000000000000000 A=0x6edb0
1089500: system.cpu: T0 : 0x226a6    : c_beqz a3, 16              : IntAlu : 
1090000: system.cpu: T0 : 0x226b6    : c_jr ra                    : IntAlu : 
1090500: system.cpu: T0 : 0x1b180    : c_lui a2, 27               : IntAlu :  D=0x000000000001b000
1091500: system.cpu: T0 : 0x1b182    : addi a2, a2, -1526         : IntAlu :  D=0x000000000001aa0a
1092000: system.cpu: T0 : 0x1b186    : c_mv a1, sp                : IntAlu :  D=0x7ffffffffffffbd0
1092500: system.cpu: T0 : 0x1b188    : c_li a0, 5                 : IntAlu :  D=0x0000000000000005
1093500: system.cpu: T0 : 0x1b18a    : jal ra, 29928              : IntAlu :  D=0x000000000001b18e
1094000: system.cpu: T0 : 0x22672    : c_slli a0, 32              : IntAlu :  D=0x0000000500000000
1094500: system.cpu: T0 : 0x22674    : c_srli a0, 32              : IntAlu :  D=0x0000000000000005
1095500: system.cpu: T0 : 0x22676    : slli a5, a0, 3             : IntAlu :  D=0x0000000000000028
1096000: system.cpu: T0 : 0x2267a    : c_sub a5, a0               : IntAlu :  D=0x0000000000000023
1096500: system.cpu: T0 : 0x2267c    : lui a4, 111                : IntAlu :  D=0x000000000006f000
1097000: system.cpu: T0 : 0x22680    : addi a4, a4, -1248         : IntAlu :  D=0x000000000006eb20
1097500: system.cpu: T0 : 0x22684    : c_slli a5, 3               : IntAlu :  D=0x0000000000000118
1098000: system.cpu: T0 : 0x22686    : c_add a5, a4               : IntAlu :  D=0x000000000006ec38
1098500: system.cpu: T0 : 0x22688    : c_lw a3, 8(a5)             : MemRead :  D=0x0000000000000002 A=0x6ec40
1099000: system.cpu: T0 : 0x2268a    : c_li a6, 2                 : IntAlu :  D=0x0000000000000002
1099500: system.cpu: T0 : 0x2268c    : c_ld a5, 32(a5)            : MemRead :  D=0x0000000000000000 A=0x6ec58
1100500: system.cpu: T0 : 0x2268e    : bltu a6, a3, 42            : IntAlu : 
1101000: system.cpu: T0 : 0x22692    : c_bnez a3, 38              : IntAlu : 
1101500: system.cpu: T0 : 0x226b8    : c_sd a5, 0(a1)             : MemWrite :  D=0x0000000000000000 A=0x7ffffffffffffbd0
1102000: system.cpu: T0 : 0x226ba    : c_j -36                    : IntAlu : 
1103000: system.cpu: T0 : 0x22696    : slli a5, a0, 3             : IntAlu :  D=0x0000000000000028
1103500: system.cpu: T0 : 0x2269a    : c_sub a5, a0               : IntAlu :  D=0x0000000000000023
1104000: system.cpu: T0 : 0x2269c    : c_slli a5, 3               : IntAlu :  D=0x0000000000000118
1105000: system.cpu: T0 : 0x2269e    : add a3, a4, a5             : IntAlu :  D=0x000000000006ec38
1106000: system.cpu: T0 : 0x226a2    : lbu a3, 40(a3)             : MemRead :  D=0x0000000000000000 A=0x6ec60
1106500: system.cpu: T0 : 0x226a6    : c_beqz a3, 16              : IntAlu : 
1107000: system.cpu: T0 : 0x226b6    : c_jr ra                    : IntAlu : 
1107500: system.cpu: T0 : 0x1b18e    : c_ldsp a4, 8(sp)           : MemRead :  D=0x2e00000000000000 A=0x7ffffffffffffbd8
1108000: system.cpu: T0 : 0x1b190    : ld a5, -1264(s1)           : MemRead :  D=0x2e00000000000000 A=0x6eb10
1108500: system.cpu: T0 : 0x1b194    : c_li a3, 1                 : IntAlu :  D=0x0000000000000001
1109500: system.cpu: T0 : 0x1b196    : sw a3, -1876(gp)           : MemWrite :  D=0x0000000000000001 A=0x7092c
1110500: system.cpu: T0 : 0x1b19a    : bne a4, a5, 14             : IntAlu : 
1111000: system.cpu: T0 : 0x1b19e    : c_ldsp ra, 40(sp)          : MemRead :  D=0x000000000001df70 A=0x7ffffffffffffbf8
1111500: system.cpu: T0 : 0x1b1a0    : c_ldsp s0, 32(sp)          : MemRead :  D=0x7ffffffffffffcf0 A=0x7ffffffffffffbf0
1112000: system.cpu: T0 : 0x1b1a2    : c_ldsp s1, 24(sp)          : MemRead :  D=0x7ffffffffffffc20 A=0x7ffffffffffffbe8
1112500: system.cpu: T0 : 0x1b1a4    : c_addi16sp sp, 48          : IntAlu :  D=0x7ffffffffffffc00
1113000: system.cpu: T0 : 0x1b1a6    : c_jr ra                    : IntAlu : 
1113500: system.cpu: T0 : 0x1df70    : c_ldsp a0, 8(sp)           : MemRead :  D=0x0000000000000024 A=0x7ffffffffffffc08
1114000: system.cpu: T0 : 0x1df72    : c_ldsp ra, 24(sp)          : MemRead :  D=0x000000000003de2e A=0x7ffffffffffffc18
1114500: system.cpu: T0 : 0x1df74    : c_addi16sp sp, 32          : IntAlu :  D=0x7ffffffffffffc20
1115000: system.cpu: T0 : 0x1df76    : c_j -540                   : IntAlu : 
1116000: system.cpu: T0 : 0x1dd5a    : ld t1, -1848(gp)           : MemRead :  D=0x0000000000000000 A=0x70948
1117000: system.cpu: T0 : 0x1dd5e    : bne t1, zero, 260          : IntAlu : 
1117500: system.cpu: T0 : 0x1dd62    : c_addi sp, -32             : IntAlu :  D=0x7ffffffffffffc00
1118000: system.cpu: T0 : 0x1dd64    : c_sdsp s0, 16(sp)          : MemWrite :  D=0x7ffffffffffffcf0 A=0x7ffffffffffffc10
1118500: system.cpu: T0 : 0x1dd66    : c_sdsp ra, 24(sp)          : MemWrite :  D=0x000000000003de2e A=0x7ffffffffffffc18
1119000: system.cpu: T0 : 0x1dd68    : c_sdsp s1, 8(sp)           : MemWrite :  D=0x7ffffffffffffc20 A=0x7ffffffffffffc08
1119500: system.cpu: T0 : 0x1dd6a    : c_sdsp s2, 0(sp)           : MemWrite :  D=0x0000000000000002 A=0x7ffffffffffffc00
1120000: system.cpu: T0 : 0x1dd6c    : c_mv s0, a0                : IntAlu :  D=0x0000000000000024
1121000: system.cpu: T0 : 0x1dd6e    : blt a0, zero, 222          : IntAlu : 
1122000: system.cpu: T0 : 0x1dd72    : addi a5, a0, 23            : IntAlu :  D=0x000000000000003b
1122500: system.cpu: T0 : 0x1dd76    : c_li a4, 31                : IntAlu :  D=0x000000000000001f
1123000: system.cpu: T0 : 0x1dd78    : c_li s1, 0                 : IntAlu :  D=0x0000000000000000
1124000: system.cpu: T0 : 0x1dd7a    : bltu a4, a5, 94            : IntAlu : 
1124500: system.cpu: T0 : 0x1ddd8    : c_andi a5, 18446744073709551600 : IntAlu :  D=0x0000000000000030
1125000: system.cpu: T0 : 0x1ddda    : c_addi a5, -17             : IntAlu :  D=0x000000000000001f
1125500: system.cpu: T0 : 0x1dddc    : srli s1, a5, 4             : IntAlu :  D=0x0000000000000001
1126000: system.cpu: T0 : 0x1dde0    : c_j -98                    : IntAlu : 
1127000: system.cpu: T0 : 0x1dd7e    : ld a4, 40(tp)              : MemRead :  D=0x0000000000000000 A=0x73738
1127500: system.cpu: T0 : 0x1dd82    : c_beqz a4, 96              : IntAlu : 
1128500: system.cpu: T0 : 0x1dde2    : lbu a5, 48(tp)             : MemRead :  D=0x0000000000000000 A=0x73740
1129000: system.cpu: T0 : 0x1dde6    : c_bnez a5, -86             : IntAlu : 
1129500: system.cpu: T0 : 0x1dde8    : jal ra, -2480              : IntAlu :  D=0x000000000001ddec
1130000: system.cpu: T0 : 0x1d438    : c_addi sp, -32             : IntAlu :  D=0x7ffffffffffffbe0
1130500: system.cpu: T0 : 0x1d43a    : c_sdsp s0, 16(sp)          : MemWrite :  D=0x0000000000000024 A=0x7ffffffffffffbf0
1131000: system.cpu: T0 : 0x1d43c    : ld s0, 56(tp)              : MemRead :  D=0x000000000006f618 A=0x73748
1131500: system.cpu: T0 : 0x1d440    : c_sdsp ra, 24(sp)          : MemWrite :  D=0x000000000001ddec A=0x7ffffffffffffbf8
1132000: system.cpu: T0 : 0x1d442    : c_sdsp s1, 8(sp)           : MemWrite :  D=0x0000000000000001 A=0x7ffffffffffffbe8
1132500: system.cpu: T0 : 0x1d444    : c_beqz s0, 78              : IntAlu : 
1133000: system.cpu: T0 : 0x1d446    : c_mv s1, s0                : IntAlu :  D=0x000000000006f618
1133500: system.cpu: T0 : 0x1d448    : c_li a4, 1                 : IntAlu :  D=0x0000000000000001
1134500: system.cpu: T0 : 0x1d44a    : lr_w a5, (s0)             
1134500: system.cpu: T0 : 0x1d44a. 0 : lr_w a5, (s0)              : MemRead :  D=0x0000000000000000 A=0x6f618
1135000: system.cpu: T0 : 0x1d44e    : c_bnez a5, 8               : IntAlu : 
1135500: system.cpu: T0 : 0x1d450    : sc_w_aq a3, a4, (s0)      
1135500: system.cpu: T0 : 0x1d450. 0 : sc_w a3, a4, (s0)          : MemWrite :  D=0x0000000000000000 A=0x6f618
1136000: system.cpu: T0 : 0x1d450. 1 : 0x1ce426af fence           : No_OpClass : 
1136500: system.cpu: T0 : 0x1d454    : c_bnez a3, -10             : IntAlu : 
1137000: system.cpu: T0 : 0x1d456    : c_addiw a5, 0              : IntAlu :  D=0x0000000000000000
1137500: system.cpu: T0 : 0x1d458    : c_bnez a5, 162             : IntAlu : 
1138500: system.cpu: T0 : 0x1d45a    : addi a1, zero, 640         : IntAlu :  D=0x0000000000000280
1139000: system.cpu: T0 : 0x1d45e    : c_mv a0, s0                : IntAlu :  D=0x000000000006f618
1139500: system.cpu: T0 : 0x1d460    : jal ra, -2862              : IntAlu :  D=0x000000000001d464
1140000: system.cpu: T0 : 0x1c932    : c_addi16sp sp, -256        : IntAlu :  D=0x7ffffffffffffae0
1140500: system.cpu: T0 : 0x1c934    : c_sdsp ra, 248(sp)         : MemWrite :  D=0x000000000001d464 A=0x7ffffffffffffbd8
1141000: system.cpu: T0 : 0x1c936    : c_sdsp s0, 240(sp)         : MemWrite :  D=0x000000000006f618 A=0x7ffffffffffffbd0
1141500: system.cpu: T0 : 0x1c938    : c_sdsp s1, 232(sp)         : MemWrite :  D=0x000000000006f618 A=0x7ffffffffffffbc8
1142000: system.cpu: T0 : 0x1c93a    : c_sdsp s2, 224(sp)         : MemWrite :  D=0x0000000000000002 A=0x7ffffffffffffbc0
1142500: system.cpu: T0 : 0x1c93c    : c_sdsp s3, 216(sp)         : MemWrite :  D=0x0000000000000000 A=0x7ffffffffffffbb8
1143000: system.cpu: T0 : 0x1c93e    : c_sdsp s4, 208(sp)         : MemWrite :  D=0x0000000000000000 A=0x7ffffffffffffbb0
1143500: system.cpu: T0 : 0x1c940    : c_sdsp s5, 200(sp)         : MemWrite :  D=0x0000000000000000 A=0x7ffffffffffffba8
1144000: system.cpu: T0 : 0x1c942    : c_sdsp s6, 192(sp)         : MemWrite :  D=0x0000000000072000 A=0x7ffffffffffffba0
1144500: system.cpu: T0 : 0x1c944    : c_sdsp s7, 184(sp)         : MemWrite :  D=0x0000000000000000 A=0x7ffffffffffffb98
1145000: system.cpu: T0 : 0x1c946    : c_sdsp s8, 176(sp)         : MemWrite :  D=0x0000000000000000 A=0x7ffffffffffffb90
1145500: system.cpu: T0 : 0x1c948    : c_sdsp s9, 168(sp)         : MemWrite :  D=0x0000000000000003 A=0x7ffffffffffffb88
1146000: system.cpu: T0 : 0x1c94a    : c_sdsp s10, 160(sp)        : MemWrite :  D=0x0000000000000000 A=0x7ffffffffffffb80
1146500: system.cpu: T0 : 0x1c94c    : c_sdsp s11, 152(sp)        : MemWrite :  D=0x0000000000000000 A=0x7ffffffffffffb78
1147500: system.cpu: T0 : 0x1c94e    : blt a1, zero, 1198         : IntAlu : 
1148500: system.cpu: T0 : 0x1c952    : addi s0, a1, 23            : IntAlu :  D=0x0000000000000297
1149000: system.cpu: T0 : 0x1c956    : c_li a5, 31                : IntAlu :  D=0x000000000000001f
1149500: system.cpu: T0 : 0x1c958    : c_mv s3, a1                : IntAlu :  D=0x0000000000000280
1150000: system.cpu: T0 : 0x1c95a    : c_mv s1, a0                : IntAlu :  D=0x000000000006f618
1150500: system.cpu: T0 : 0x1c95c    : bltu a5, s0, 220           : IntAlu : 
1151000: system.cpu: T0 : 0x1ca38    : c_andi s0, 18446744073709551600 : IntAlu :  D=0x0000000000000290
1152000: system.cpu: T0 : 0x1ca3a    : beq a0, zero, 988          : IntAlu : 
1153000: system.cpu: T0 : 0x1ca3e    : ld a4, -1376(gp)           : MemRead :  D=0x0000000000000080 A=0x70b20
1154000: system.cpu: T0 : 0x1ca42    : srliw s9, s0, 4            : IntAlu :  D=0x0000000000000029
1155000: system.cpu: T0 : 0x1ca46    : srliw a5, s0, 4            : IntAlu :  D=0x0000000000000029
1156000: system.cpu: T0 : 0x1ca4a    : bgeu a4, s0, 506           : IntAlu : 
1157000: system.cpu: T0 : 0x1ca4e    : addi a4, zero, 1023        : IntAlu :  D=0x00000000000003ff
1158000: system.cpu: T0 : 0x1ca52    : bgeu a4, s0, 1722          : IntAlu : 
1158500: system.cpu: T0 : 0x1d10c    : c_addiw a5, -1             : IntAlu :  D=0x0000000000000028
1159000: system.cpu: T0 : 0x1d10e    : c_j -1406                  : IntAlu : 
1159500: system.cpu: T0 : 0x1cb90    : slliw a5, a5, 1            : IntAlu :  D=0x0000000000000050
1160000: system.cpu: T0 : 0x1cb94    : c_slli a5, 32              : IntAlu :  D=0x0000005000000000
1160500: system.cpu: T0 : 0x1cb96    : c_srli a5, 32              : IntAlu :  D=0x0000000000000050
1161000: system.cpu: T0 : 0x1cb98    : c_addi a5, 14              : IntAlu :  D=0x000000000000005e
1161500: system.cpu: T0 : 0x1cb9a    : c_slli a5, 3               : IntAlu :  D=0x00000000000002f0
1162000: system.cpu: T0 : 0x1cb9c    : c_j -550                   : IntAlu : 
1162500: system.cpu: T0 : 0x1c976    : c_add a5, s1               : IntAlu :  D=0x000000000006f908
1163000: system.cpu: T0 : 0x1c978    : ld s2, 8(a5)               : MemRead :  D=0x000000000006f8f8 A=0x6f910
1163500: system.cpu: T0 : 0x1c97c    : addi a3, a5, -16           : IntAlu :  D=0x000000000006f8f8
1164000: system.cpu: T0 : 0x1c980    : beq a3, s2, 748            : IntAlu : 
1164500: system.cpu: T0 : 0x1cc6c    : srli t1, s0, 9             : IntAlu :  D=0x0000000000000001
1165000: system.cpu: T0 : 0x1cc70    : addiw a5, t1, 91           : IntAlu :  D=0x000000000000005c
1165500: system.cpu: T0 : 0x1cc74    : srli s10, s0, 6            : IntAlu :  D=0x000000000000000a
1166000: system.cpu: T0 : 0x1cc78    : c_sdsp a5, 96(sp)          : MemWrite :  D=0x000000000000005c A=0x7ffffffffffffb40
1167000: system.cpu: T0 : 0x1cc7a    : addiw a5, s10, 48          : IntAlu :  D=0x000000000000003a
1167500: system.cpu: T0 : 0x1cc7e    : c_sdsp a5, 88(sp)          : MemWrite :  D=0x000000000000003a A=0x7ffffffffffffb38
1168000: system.cpu: T0 : 0x1cc80    : addi a5, zero, 110         : IntAlu :  D=0x000000000000006e
1168500: system.cpu: T0 : 0x1cc84    : c_sdsp a5, 112(sp)         : MemWrite :  D=0x000000000000006e A=0x7ffffffffffffb50
1169500: system.cpu: T0 : 0x1cc86    : addi a5, zero, 119         : IntAlu :  D=0x0000000000000077
1170000: system.cpu: T0 : 0x1cc8a    : c_sdsp a5, 104(sp)         : MemWrite :  D=0x0000000000000077 A=0x7ffffffffffffb48
1170500: system.cpu: T0 : 0x1cc8c    : addi a5, zero, 124         : IntAlu :  D=0x000000000000007c
1171000: system.cpu: T0 : 0x1cc90    : c_sdsp s9, 8(sp)           : MemWrite :  D=0x0000000000000029 A=0x7ffffffffffffae8
1171500: system.cpu: T0 : 0x1cc92    : c_sdsp a5, 120(sp)         : MemWrite :  D=0x000000000000007c A=0x7ffffffffffffb58
1172000: system.cpu: T0 : 0x1cc94    : c_sdsp zero, 128(sp)       : MemWrite :  D=0x0000000000000000 A=0x7ffffffffffffb60
1172500: system.cpu: T0 : 0x1cc96    : c_sdsp zero, 136(sp)       : MemWrite :  D=0x0000000000000000 A=0x7ffffffffffffb68
1173000: system.cpu: T0 : 0x1cc98    : ld a5, 40(tp)              : MemRead :  D=0x0000000000000000 A=0x73738
1173500: system.cpu: T0 : 0x1cc9c    : addi s6, s0, -17           : IntAlu :  D=0x000000000000027f
1174000: system.cpu: T0 : 0x1cca0    : srli s6, s6, 4             : IntAlu :  D=0x0000000000000027
1174500: system.cpu: T0 : 0x1cca4    : c_li s5, 0                 : IntAlu :  D=0x0000000000000000
1175000: system.cpu: T0 : 0x1cca6    : c_beqz a5, 22              : IntAlu : 
1175500: system.cpu: T0 : 0x1ccbc    : lui a5, 111                : IntAlu :  D=0x000000000006f000
1176000: system.cpu: T0 : 0x1ccc0    : c_lui s11, 1               : IntAlu :  D=0x0000000000001000
1177000: system.cpu: T0 : 0x1ccc2    : lui s7, 111                : IntAlu :  D=0x000000000006f000
1178000: system.cpu: T0 : 0x1ccc6    : addi a5, a5, 1560          : IntAlu :  D=0x000000000006f618
1179000: system.cpu: T0 : 0x1ccca    : addi s8, s1, 96            : IntAlu :  D=0x000000000006f678
1179500: system.cpu: T0 : 0x1ccce    : c_li t5, 0                 : IntAlu :  D=0x0000000000000000
1180000: system.cpu: T0 : 0x1ccd0    : addi s7, s7, 1448          : IntAlu :  D=0x000000000006f5a8
1180500: system.cpu: T0 : 0x1ccd4    : add a7, s1, s11            : IntAlu :  D=0x0000000000070618
1181000: system.cpu: T0 : 0x1ccd8    : c_sdsp a5, 56(sp)          : MemWrite :  D=0x000000000006f618 A=0x7ffffffffffffb18
1181500: system.cpu: T0 : 0x1ccda    : c_ld a5, 120(s1)           : MemRead :  D=0x000000000006f678 A=0x6f690
1182000: system.cpu: T0 : 0x1ccdc    : beq a5, s8, 532            : IntAlu : 
1182500: system.cpu: T0 : 0x1cef0    : addi a5, zero, 1023        : IntAlu :  D=0x00000000000003ff
1183000: system.cpu: T0 : 0x1cef4    : bgeu a5, s0, 38            : IntAlu : 
1183500: system.cpu: T0 : 0x1cf1a    : c_ldsp a3, 8(sp)           : MemRead :  D=0x0000000000000029 A=0x7ffffffffffffae8
1184000: system.cpu: T0 : 0x1cf1c    : c_li a0, 4                 : IntAlu :  D=0x0000000000000004
1185000: system.cpu: T0 : 0x1cf1e    : addiw a5, a3, 1            : IntAlu :  D=0x000000000000002a
1186000: system.cpu: T0 : 0x1cf22    : srliw a4, a5, 5            : IntAlu :  D=0x0000000000000001
1187000: system.cpu: T0 : 0x1cf26    : slliw a3, a3, 1            : IntAlu :  D=0x0000000000000052
1188000: system.cpu: T0 : 0x1cf2a    : addi a4, a4, 536           : IntAlu :  D=0x0000000000000219
1188500: system.cpu: T0 : 0x1cf2e    : c_slli a3, 32              : IntAlu :  D=0x0000005200000000
1189000: system.cpu: T0 : 0x1cf30    : c_slli a4, 2               : IntAlu :  D=0x0000000000000864
1189500: system.cpu: T0 : 0x1cf32    : c_srli a3, 32              : IntAlu :  D=0x0000000000000052
1190000: system.cpu: T0 : 0x1cf34    : c_add a4, s1               : IntAlu :  D=0x000000000006fe7c
1190500: system.cpu: T0 : 0x1cf36    : c_slli a3, 3               : IntAlu :  D=0x0000000000000290
1191000: system.cpu: T0 : 0x1cf38    : c_lw a2, 0(a4)             : MemRead :  D=0x0000000000000000 A=0x6fe7c
1192000: system.cpu: T0 : 0x1cf3a    : addi a3, a3, 96            : IntAlu :  D=0x00000000000002f0
1192500: system.cpu: T0 : 0x1cf3e    : c_li a4, 1                 : IntAlu :  D=0x0000000000000001
1193000: system.cpu: T0 : 0x1cf40    : srliw s2, a5, 5            : IntAlu :  D=0x0000000000000001
1193500: system.cpu: T0 : 0x1cf44    : c_add a3, s1               : IntAlu :  D=0x000000000006f908
1194500: system.cpu: T0 : 0x1cf46    : sllw a5, a4, a5            : IntAlu :  D=0x0000000000000400
1195500: system.cpu: T0 : 0x1cf4a    : bltu a2, a5, 144           : IntAlu : 
1196500: system.cpu: T0 : 0x1cfda    : addiw a5, s2, 1            : IntAlu :  D=0x0000000000000002
1197500: system.cpu: T0 : 0x1cfde    : addiw s2, a5, 0            : IntAlu :  D=0x0000000000000002
1198500: system.cpu: T0 : 0x1cfe2    : bne s2, a0, -26            : IntAlu : 
1199000: system.cpu: T0 : 0x1cfc8    : c_slli a5, 32              : IntAlu :  D=0x0000000200000000
1199500: system.cpu: T0 : 0x1cfca    : c_srli a5, 32              : IntAlu :  D=0x0000000000000002
1200000: system.cpu: T0 : 0x1cfcc    : addi a5, a5, 536           : IntAlu :  D=0x000000000000021a
1200500: system.cpu: T0 : 0x1cfd0    : c_slli a5, 2               : IntAlu :  D=0x0000000000000868
1201000: system.cpu: T0 : 0x1cfd2    : c_add a5, s1               : IntAlu :  D=0x000000000006fe80
1201500: system.cpu: T0 : 0x1cfd4    : c_lw a2, 0(a5)             : MemRead :  D=0x0000000000000000 A=0x6fe80
1202500: system.cpu: T0 : 0x1cfd6    : bne a2, zero, 384          : IntAlu : 
1203500: system.cpu: T0 : 0x1cfda    : addiw a5, s2, 1            : IntAlu :  D=0x0000000000000003
1204500: system.cpu: T0 : 0x1cfde    : addiw s2, a5, 0            : IntAlu :  D=0x0000000000000003
1205500: system.cpu: T0 : 0x1cfe2    : bne s2, a0, -26            : IntAlu : 
1206000: system.cpu: T0 : 0x1cfc8    : c_slli a5, 32              : IntAlu :  D=0x0000000300000000
1206500: system.cpu: T0 : 0x1cfca    : c_srli a5, 32              : IntAlu :  D=0x0000000000000003
1207000: system.cpu: T0 : 0x1cfcc    : addi a5, a5, 536           : IntAlu :  D=0x000000000000021b
1207500: system.cpu: T0 : 0x1cfd0    : c_slli a5, 2               : IntAlu :  D=0x000000000000086c
1208000: system.cpu: T0 : 0x1cfd2    : c_add a5, s1               : IntAlu :  D=0x000000000006fe84
1208500: system.cpu: T0 : 0x1cfd4    : c_lw a2, 0(a5)             : MemRead :  D=0x0000000000000000 A=0x6fe84
1209500: system.cpu: T0 : 0x1cfd6    : bne a2, zero, 384          : IntAlu : 
1210500: system.cpu: T0 : 0x1cfda    : addiw a5, s2, 1            : IntAlu :  D=0x0000000000000004
1211500: system.cpu: T0 : 0x1cfde    : addiw s2, a5, 0            : IntAlu :  D=0x0000000000000004
1212500: system.cpu: T0 : 0x1cfe2    : bne s2, a0, -26            : IntAlu : 
1213000: system.cpu: T0 : 0x1cfe6    : c_ld a4, 96(s1)            : MemRead :  D=0x000000000006f678 A=0x6f678
1213500: system.cpu: T0 : 0x1cfe8    : ld a3, -1912(a7)           : MemRead :  D=0x0000000000000000 A=0x6fea0
1214000: system.cpu: T0 : 0x1cfec    : c_ld a5, 8(a4)             : MemRead :  D=0x0000000000000000 A=0x6f680
1214500: system.cpu: T0 : 0x1cfee    : c_andi a5, 18446744073709551608 : IntAlu :  D=0x0000000000000000
1215000: system.cpu: T0 : 0x1cff0    : bltu a3, a5, 548           : IntAlu : 
1215500: system.cpu: T0 : 0x1cff4    : addi a3, s0, 32            : IntAlu :  D=0x00000000000002b0
1216000: system.cpu: T0 : 0x1cff8    : bgeu a5, a3, 640           : IntAlu : 
1216500: system.cpu: T0 : 0x1cffc    : c_sdsp a7, 32(sp)          : MemWrite :  D=0x0000000000070618 A=0x7ffffffffffffb00
1217000: system.cpu: T0 : 0x1cffe    : c_sdsp t1, 24(sp)          : MemWrite :  D=0x0000000000000001 A=0x7ffffffffffffaf8
1217500: system.cpu: T0 : 0x1d000    : c_sdsp t5, 16(sp)          : MemWrite :  D=0x0000000000000000 A=0x7ffffffffffffaf0
1218000: system.cpu: T0 : 0x1d002    : c_lw a5, 8(s1)             : MemRead :  D=0x0000000000000000 A=0x6f620
1218500: system.cpu: T0 : 0x1d004    : c_addiw a5, 0              : IntAlu :  D=0x0000000000000000
1219000: system.cpu: T0 : 0x1d006    : c_beqz a5, 180             : IntAlu : 
1219500: system.cpu: T0 : 0x1d0ba    : c_mv a1, s1                : IntAlu :  D=0x000000000006f618
1220000: system.cpu: T0 : 0x1d0bc    : c_mv a0, s0                : IntAlu :  D=0x0000000000000290
1221000: system.cpu: T0 : 0x1d0be    : jal ra, -3372              : IntAlu :  D=0x000000000001d0c2
1221500: system.cpu: T0 : 0x1c392    : c_addi16sp sp, -160        : IntAlu :  D=0x7ffffffffffffa40
1222000: system.cpu: T0 : 0x1c394    : c_sdsp s1, 136(sp)         : MemWrite :  D=0x000000000006f618 A=0x7ffffffffffffac8
1222500: system.cpu: T0 : 0x1c396    : c_sdsp s2, 128(sp)         : MemWrite :  D=0x0000000000000004 A=0x7ffffffffffffac0
1223000: system.cpu: T0 : 0x1c398    : c_sdsp s10, 64(sp)         : MemWrite :  D=0x000000000000000a A=0x7ffffffffffffa80
1223500: system.cpu: T0 : 0x1c39a    : c_sdsp ra, 152(sp)         : MemWrite :  D=0x000000000001d0c2 A=0x7ffffffffffffad8
1224000: system.cpu: T0 : 0x1c39c    : c_sdsp s0, 144(sp)         : MemWrite :  D=0x0000000000000290 A=0x7ffffffffffffad0
1224500: system.cpu: T0 : 0x1c39e    : c_sdsp s3, 120(sp)         : MemWrite :  D=0x0000000000000280 A=0x7ffffffffffffab8
1225000: system.cpu: T0 : 0x1c3a0    : c_sdsp s4, 112(sp)         : MemWrite :  D=0x0000000000000000 A=0x7ffffffffffffab0
1225500: system.cpu: T0 : 0x1c3a2    : c_sdsp s5, 104(sp)         : MemWrite :  D=0x0000000000000000 A=0x7ffffffffffffaa8
1226000: system.cpu: T0 : 0x1c3a4    : c_sdsp s6, 96(sp)          : MemWrite :  D=0x0000000000000027 A=0x7ffffffffffffaa0
1226500: system.cpu: T0 : 0x1c3a6    : c_sdsp s7, 88(sp)          : MemWrite :  D=0x000000000006f5a8 A=0x7ffffffffffffa98
1227000: system.cpu: T0 : 0x1c3a8    : c_sdsp s8, 80(sp)          : MemWrite :  D=0x000000000006f678 A=0x7ffffffffffffa90
1227500: system.cpu: T0 : 0x1c3aa    : c_sdsp s9, 72(sp)          : MemWrite :  D=0x0000000000000029 A=0x7ffffffffffffa88
1228000: system.cpu: T0 : 0x1c3ac    : c_sdsp s11, 56(sp)         : MemWrite :  D=0x0000000000001000 A=0x7ffffffffffffa78
1229000: system.cpu: T0 : 0x1c3ae    : ld s2, -1784(gp)           : MemRead :  D=0x0000000000001000 A=0x70988
1229500: system.cpu: T0 : 0x1c3b2    : c_mv s1, a0                : IntAlu :  D=0x0000000000000290
1230000: system.cpu: T0 : 0x1c3b4    : beq a1, zero, 534          : IntAlu : 
1230500: system.cpu: T0 : 0x1c3b8    : lui s11, 111               : IntAlu :  D=0x000000000006f000
1231000: system.cpu: T0 : 0x1c3bc    : addi s11, s11, 1448        : IntAlu :  D=0x000000000006f5a8
1231500: system.cpu: T0 : 0x1c3c0    : ld a5, 16(s11)             : MemRead :  D=0x0000000000020000 A=0x6f5b8
1232000: system.cpu: T0 : 0x1c3c4    : c_mv s0, a1                : IntAlu :  D=0x000000000006f618
1233000: system.cpu: T0 : 0x1c3c6    : bgeu a0, a5, 276           : IntAlu : 
1233500: system.cpu: T0 : 0x1c3ca    : c_sdsp zero, 8(sp)         : MemWrite :  D=0x0000000000000000 A=0x7ffffffffffffa48
1234000: system.cpu: T0 : 0x1c3cc    : addi s5, s2, 7             : IntAlu :  D=0x0000000000001007
1234500: system.cpu: T0 : 0x1c3d0    : add a5, s5, s1             : IntAlu :  D=0x0000000000001297
1235000: system.cpu: T0 : 0x1c3d4    : lui s6, 111                : IntAlu :  D=0x000000000006f000
1235500: system.cpu: T0 : 0x1c3d8    : sub s5, zero, s2           : IntAlu :  D=0xfffffffffffff000
1236000: system.cpu: T0 : 0x1c3dc    : addi a7, s0, 96            : IntAlu :  D=0x000000000006f678
1236500: system.cpu: T0 : 0x1c3e0    : addi t1, s2, -1            : IntAlu :  D=0x0000000000000fff
1237000: system.cpu: T0 : 0x1c3e4    : addi s8, s1, 32            : IntAlu :  D=0x00000000000002b0
1237500: system.cpu: T0 : 0x1c3e8    : addi s7, s6, 1560          : IntAlu :  D=0x000000000006f618
1238000: system.cpu: T0 : 0x1c3ec    : and s5, a5, s5             : IntAlu :  D=0x0000000000001000
1238500: system.cpu: T0 : 0x1c3f0    : ld s4, 96(s0)              : MemRead :  D=0x000000000006f678 A=0x6f678
1239000: system.cpu: T0 : 0x1c3f4    : ld a5, 8(s4)               : MemRead :  D=0x0000000000000000 A=0x6f680
1239500: system.cpu: T0 : 0x1c3f8    : andi s3, a5, 18446744073709551608 : IntAlu :  D=0x0000000000000000
1240000: system.cpu: T0 : 0x1c3fc    : add s9, s4, s3             : IntAlu :  D=0x000000000006f678
1240500: system.cpu: T0 : 0x1c400    : beq s4, a7, 506            : IntAlu : 
1241500: system.cpu: T0 : 0x1c5fa    : beq s3, zero, -482         : IntAlu : 
1242000: system.cpu: T0 : 0x1c418    : bgeu s3, s8, 1112          : IntAlu : 
1242500: system.cpu: T0 : 0x1c41c    : beq s0, s7, 484            : IntAlu : 
1243000: system.cpu: T0 : 0x1c600    : ld s5, 8(s11)              : MemRead :  D=0x0000000000020000 A=0x6f5b0
1243500: system.cpu: T0 : 0x1c604    : c_lw a5, 4(s0)             : MemRead :  D=0x0000000000000000 A=0x6f61c
1244500: system.cpu: T0 : 0x1c606    : addi s10, s2, -1           : IntAlu :  D=0x0000000000000fff
1245500: system.cpu: T0 : 0x1c60a    : addi s5, s5, 32            : IntAlu :  D=0x0000000000020020
1246000: system.cpu: T0 : 0x1c60e    : c_add s5, s10              : IntAlu :  D=0x000000000002101f
1246500: system.cpu: T0 : 0x1c610    : c_andi a5, 2               : IntAlu :  D=0x0000000000000000
1247000: system.cpu: T0 : 0x1c612    : c_add s5, s1               : IntAlu :  D=0x00000000000212af
1247500: system.cpu: T0 : 0x1c614    : sub a6, zero, s2           : IntAlu :  D=0xfffffffffffff000
1248000: system.cpu: T0 : 0x1c618    : c_beqz a5, 158             : IntAlu : 
1249000: system.cpu: T0 : 0x1c6b6    : sub s5, s5, s3             : IntAlu :  D=0x00000000000212af
1250000: system.cpu: T0 : 0x1c6ba    : and s5, s5, a6             : IntAlu :  D=0x0000000000021000
1251000: system.cpu: T0 : 0x1c6be    : blt zero, s5, -156         : IntAlu : 
1252000: system.cpu: T0 : 0x1c622    : ld a5, -1840(gp)           : MemRead :  D=0x000000000001ef4e A=0x70950
1252500: system.cpu: T0 : 0x1c626    : c_mv a0, s5                : IntAlu :  D=0x0000000000021000
1253000: system.cpu: T0 : 0x1c628    : c_sdsp a6, 8(sp)           : MemWrite :  D=0xfffffffffffff000 A=0x7ffffffffffffa48
1253500: system.cpu: T0 : 0x1c62a    : c_jalr a5                  : IntAlu :  D=0x000000000001c62c
1254000: system.cpu: T0 : 0x1ef4e    : c_addi sp, -16             : IntAlu :  D=0x7ffffffffffffa30
1254500: system.cpu: T0 : 0x1ef50    : c_sdsp ra, 8(sp)           : MemWrite :  D=0x000000000001c62c A=0x7ffffffffffffa38
1255500: system.cpu: T0 : 0x1ef52    : jal ra, 9318               : IntAlu :  D=0x000000000001ef56
1256000: system.cpu: T0 : 0x213b8    : c_addi sp, -32             : IntAlu :  D=0x7ffffffffffffa10
1256500: system.cpu: T0 : 0x213ba    : c_sdsp s2, 0(sp)           : MemWrite :  D=0x0000000000001000 A=0x7ffffffffffffa10
1257000: system.cpu: T0 : 0x213bc    : c_sdsp s1, 8(sp)           : MemWrite :  D=0x0000000000000290 A=0x7ffffffffffffa18
1258000: system.cpu: T0 : 0x213be    : ld s1, -1200(gp)           : MemRead :  D=0x0000000000073f80 A=0x70bd0
1258500: system.cpu: T0 : 0x213c2    : c_sdsp s0, 16(sp)          : MemWrite :  D=0x000000000006f618 A=0x7ffffffffffffa20
1259000: system.cpu: T0 : 0x213c4    : c_sdsp ra, 24(sp)          : MemWrite :  D=0x000000000001ef56 A=0x7ffffffffffffa28
1259500: system.cpu: T0 : 0x213c6    : c_mv s0, a0                : IntAlu :  D=0x0000000000021000
1260000: system.cpu: T0 : 0x213c8    : c_beqz s1, 46              : IntAlu : 
1261000: system.cpu: T0 : 0x213ca    : lw a5, -1728(gp)           : MemRead :  D=0x0000000000000000 A=0x709c0
1261500: system.cpu: T0 : 0x213ce    : c_bnez a5, 40              : IntAlu : 
1262000: system.cpu: T0 : 0x213d0    : c_beqz s0, 24              : IntAlu : 
1263000: system.cpu: T0 : 0x213d2    : bge zero, s0, 52           : IntAlu : 
1264000: system.cpu: T0 : 0x213d6    : add a5, s0, s1             : IntAlu :  D=0x0000000000094f80
1265000: system.cpu: T0 : 0x213da    : sltu a5, a5, s1            : IntAlu :  D=0x0000000000000000
1265500: system.cpu: T0 : 0x213de    : c_beqz a5, 50              : IntAlu : 
1266000: system.cpu: T0 : 0x21410    : add a0, s1, s0             : IntAlu :  D=0x0000000000094f80
1266500: system.cpu: T0 : 0x21414    : jal ra, 98390              : IntAlu :  D=0x0000000000021418
1267000: system.cpu: T0 : 0x3946a    : c_mv a5, a0                : IntAlu :  D=0x0000000000094f80
1267500: system.cpu: T0 : 0x3946c    : addi a7, zero, 214         : IntAlu :  D=0x00000000000000d6
1268000: system.cpu: T0 : 0x39470    : ecall                      : No_OpClass : 
1268500: system.cpu: T0 : 0x39474    : sd a0, -1200(gp)           : MemWrite :  D=0x0000000000094f80 A=0x70bd0
1269000: system.cpu: T0 : 0x39478    : bltu a0, a5, 8             : IntAlu : 
1269500: system.cpu: T0 : 0x3947c    : c_li a0, 0                 : IntAlu :  D=0x0000000000000000
1270000: system.cpu: T0 : 0x3947e    : c_jr ra                    : IntAlu : 
1270500: system.cpu: T0 : 0x21418    : blt a0, zero, -50          : IntAlu : 
1271000: system.cpu: T0 : 0x2141c    : c_ldsp ra, 24(sp)          : MemRead :  D=0x000000000001ef56 A=0x7ffffffffffffa28
1271500: system.cpu: T0 : 0x2141e    : c_ldsp s0, 16(sp)          : MemRead :  D=0x000000000006f618 A=0x7ffffffffffffa20
1272000: system.cpu: T0 : 0x21420    : c_ldsp s2, 0(sp)           : MemRead :  D=0x0000000000001000 A=0x7ffffffffffffa10
1272500: system.cpu: T0 : 0x21422    : c_mv a0, s1                : IntAlu :  D=0x0000000000073f80
1273000: system.cpu: T0 : 0x21424    : c_ldsp s1, 8(sp)           : MemRead :  D=0x0000000000000290 A=0x7ffffffffffffa18
1273500: system.cpu: T0 : 0x21426    : c_addi16sp sp, 32          : IntAlu :  D=0x7ffffffffffffa30
1274000: system.cpu: T0 : 0x21428    : c_jr ra                    : IntAlu : 
1274500: system.cpu: T0 : 0x1ef56    : c_li a5, -1                : IntAlu :  D=0xffffffffffffffff
1275000: system.cpu: T0 : 0x1ef58    : beq a0, a5, 10             : IntAlu : 
1275500: system.cpu: T0 : 0x1ef5c    : c_ldsp ra, 8(sp)           : MemRead :  D=0x000000000001c62c A=0x7ffffffffffffa38
1276000: system.cpu: T0 : 0x1ef5e    : c_addi sp, 16              : IntAlu :  D=0x7ffffffffffffa40
1276500: system.cpu: T0 : 0x1ef60    : c_jr ra                    : IntAlu : 
1277000: system.cpu: T0 : 0x1c62c    : c_ldsp a6, 8(sp)           : MemRead :  D=0xfffffffffffff000 A=0x7ffffffffffffa48
1277500: system.cpu: T0 : 0x1c62e    : c_mv s2, a0                : IntAlu :  D=0x0000000000073f80
1278000: system.cpu: T0 : 0x1c630    : beq a0, zero, 502          : IntAlu : 
1278500: system.cpu: T0 : 0x1c634    : ld a5, -1392(gp)           : MemRead :  D=0x0000000000000000 A=0x70b10
1279000: system.cpu: T0 : 0x1c638    : c_li a4, 0                 : IntAlu :  D=0x0000000000000000
1280000: system.cpu: T0 : 0x1c63a    : bne a5, zero, 538          : IntAlu : 
1281000: system.cpu: T0 : 0x1c63e    : ld a5, 72(s11)             : MemRead :  D=0x0000000000000000 A=0x6f5f0
1282000: system.cpu: T0 : 0x1c642    : beq a5, zero, 380          : IntAlu : 
1283000: system.cpu: T0 : 0x1c7be    : sd s2, 72(s11)             : MemWrite :  D=0x0000000000073f80 A=0x6f5f0
1283500: system.cpu: T0 : 0x1c7c2    : c_j -380                   : IntAlu : 
1284000: system.cpu: T0 : 0x1c646    : c_lui s11, 1               : IntAlu :  D=0x0000000000001000
1284500: system.cpu: T0 : 0x1c648    : c_add s11, s7              : IntAlu :  D=0x0000000000070618
1285500: system.cpu: T0 : 0x1c64a    : ld a5, -1912(s11)          : MemRead :  D=0x0000000000000000 A=0x6fea0
1286000: system.cpu: T0 : 0x1c64e    : c_add a5, s5               : IntAlu :  D=0x0000000000021000
1286500: system.cpu: T0 : 0x1c650    : sd a5, -1912(s11)          : MemWrite :  D=0x0000000000021000 A=0x6fea0
1287000: system.cpu: T0 : 0x1c654    : beq s9, s2, 342            : IntAlu : 
1287500: system.cpu: T0 : 0x1c658    : lw a3, 4(s7)               : MemRead :  D=0x0000000000000000 A=0x6f61c
1288000: system.cpu: T0 : 0x1c65c    : c_andi a3, 2               : IntAlu :  D=0x0000000000000000
1289000: system.cpu: T0 : 0x1c65e    : bne a3, zero, 242          : IntAlu : 
1290000: system.cpu: T0 : 0x1c662    : beq s3, zero, 18           : IntAlu : 
1290500: system.cpu: T0 : 0x1c674    : andi a5, s2, 15            : IntAlu :  D=0x0000000000000000
1291000: system.cpu: T0 : 0x1c678    : bne a5, zero, 332          : IntAlu : 
1291500: system.cpu: T0 : 0x1c67c    : c_mv a4, s3                : IntAlu :  D=0x0000000000000000
1292000: system.cpu: T0 : 0x1c67e    : c_mv s9, s2                : IntAlu :  D=0x0000000000073f80
1292500: system.cpu: T0 : 0x1c680    : c_add s5, a4               : IntAlu :  D=0x0000000000021000
1293500: system.cpu: T0 : 0x1c682    : add a0, s2, s5             : IntAlu :  D=0x0000000000094f80
1294000: system.cpu: T0 : 0x1c686    : c_add s10, a0              : IntAlu :  D=0x0000000000095f7f
1294500: system.cpu: T0 : 0x1c688    : and a6, s10, a6            : IntAlu :  D=0x0000000000095000
1295000: system.cpu: T0 : 0x1c68c    : c_sub a4, a0               : IntAlu :  D=0xfffffffffff6b080
1296000: system.cpu: T0 : 0x1c68e    : add s5, a6, a4             : IntAlu :  D=0x0000000000000080
1297000: system.cpu: T0 : 0x1c692    : blt s5, zero, 626          : IntAlu : 
1298000: system.cpu: T0 : 0x1c696    : ld a5, -1840(gp)           : MemRead :  D=0x000000000001ef4e A=0x70950
1298500: system.cpu: T0 : 0x1c69a    : c_mv a0, s5                : IntAlu :  D=0x0000000000000080
1299000: system.cpu: T0 : 0x1c69c    : c_jalr a5                  : IntAlu :  D=0x000000000001c69e
1299500: system.cpu: T0 : 0x1ef4e    : c_addi sp, -16             : IntAlu :  D=0x7ffffffffffffa30
1300000: system.cpu: T0 : 0x1ef50    : c_sdsp ra, 8(sp)           : MemWrite :  D=0x000000000001c69e A=0x7ffffffffffffa38
1301000: system.cpu: T0 : 0x1ef52    : jal ra, 9318               : IntAlu :  D=0x000000000001ef56
1301500: system.cpu: T0 : 0x213b8    : c_addi sp, -32             : IntAlu :  D=0x7ffffffffffffa10
1302000: system.cpu: T0 : 0x213ba    : c_sdsp s2, 0(sp)           : MemWrite :  D=0x0000000000073f80 A=0x7ffffffffffffa10
1302500: system.cpu: T0 : 0x213bc    : c_sdsp s1, 8(sp)           : MemWrite :  D=0x0000000000000290 A=0x7ffffffffffffa18
1303500: system.cpu: T0 : 0x213be    : ld s1, -1200(gp)           : MemRead :  D=0x0000000000094f80 A=0x70bd0
1304000: system.cpu: T0 : 0x213c2    : c_sdsp s0, 16(sp)          : MemWrite :  D=0x000000000006f618 A=0x7ffffffffffffa20
1304500: system.cpu: T0 : 0x213c4    : c_sdsp ra, 24(sp)          : MemWrite :  D=0x000000000001ef56 A=0x7ffffffffffffa28
1305000: system.cpu: T0 : 0x213c6    : c_mv s0, a0                : IntAlu :  D=0x0000000000000080
1305500: system.cpu: T0 : 0x213c8    : c_beqz s1, 46              : IntAlu : 
1306500: system.cpu: T0 : 0x213ca    : lw a5, -1728(gp)           : MemRead :  D=0x0000000000000000 A=0x709c0
1307000: system.cpu: T0 : 0x213ce    : c_bnez a5, 40              : IntAlu : 
1307500: system.cpu: T0 : 0x213d0    : c_beqz s0, 24              : IntAlu : 
1308500: system.cpu: T0 : 0x213d2    : bge zero, s0, 52           : IntAlu : 
1309500: system.cpu: T0 : 0x213d6    : add a5, s0, s1             : IntAlu :  D=0x0000000000095000
1310500: system.cpu: T0 : 0x213da    : sltu a5, a5, s1            : IntAlu :  D=0x0000000000000000
1311000: system.cpu: T0 : 0x213de    : c_beqz a5, 50              : IntAlu : 
1311500: system.cpu: T0 : 0x21410    : add a0, s1, s0             : IntAlu :  D=0x0000000000095000
1312000: system.cpu: T0 : 0x21414    : jal ra, 98390              : IntAlu :  D=0x0000000000021418
1312500: system.cpu: T0 : 0x3946a    : c_mv a5, a0                : IntAlu :  D=0x0000000000095000
1313000: system.cpu: T0 : 0x3946c    : addi a7, zero, 214         : IntAlu :  D=0x00000000000000d6
1313500: system.cpu: T0 : 0x39470    : ecall                      : No_OpClass : 
1314000: system.cpu: T0 : 0x39474    : sd a0, -1200(gp)           : MemWrite :  D=0x0000000000095000 A=0x70bd0
1314500: system.cpu: T0 : 0x39478    : bltu a0, a5, 8             : IntAlu : 
1315000: system.cpu: T0 : 0x3947c    : c_li a0, 0                 : IntAlu :  D=0x0000000000000000
1315500: system.cpu: T0 : 0x3947e    : c_jr ra                    : IntAlu : 
1316000: system.cpu: T0 : 0x21418    : blt a0, zero, -50          : IntAlu : 
1316500: system.cpu: T0 : 0x2141c    : c_ldsp ra, 24(sp)          : MemRead :  D=0x000000000001ef56 A=0x7ffffffffffffa28
1317000: system.cpu: T0 : 0x2141e    : c_ldsp s0, 16(sp)          : MemRead :  D=0x000000000006f618 A=0x7ffffffffffffa20
1317500: system.cpu: T0 : 0x21420    : c_ldsp s2, 0(sp)           : MemRead :  D=0x0000000000073f80 A=0x7ffffffffffffa10
1318000: system.cpu: T0 : 0x21422    : c_mv a0, s1                : IntAlu :  D=0x0000000000094f80
1318500: system.cpu: T0 : 0x21424    : c_ldsp s1, 8(sp)           : MemRead :  D=0x0000000000000290 A=0x7ffffffffffffa18
1319000: system.cpu: T0 : 0x21426    : c_addi16sp sp, 32          : IntAlu :  D=0x7ffffffffffffa30
1319500: system.cpu: T0 : 0x21428    : c_jr ra                    : IntAlu : 
1320000: system.cpu: T0 : 0x1ef56    : c_li a5, -1                : IntAlu :  D=0xffffffffffffffff
1320500: system.cpu: T0 : 0x1ef58    : beq a0, a5, 10             : IntAlu : 
1321000: system.cpu: T0 : 0x1ef5c    : c_ldsp ra, 8(sp)           : MemRead :  D=0x000000000001c69e A=0x7ffffffffffffa38
1321500: system.cpu: T0 : 0x1ef5e    : c_addi sp, 16              : IntAlu :  D=0x7ffffffffffffa40
1322000: system.cpu: T0 : 0x1ef60    : c_jr ra                    : IntAlu : 
1322500: system.cpu: T0 : 0x1c69e    : c_mv a4, a0                : IntAlu :  D=0x0000000000094f80
1323000: system.cpu: T0 : 0x1c6a0    : beq a0, zero, 426          : IntAlu : 
1323500: system.cpu: T0 : 0x1c6a4    : ld a5, -1392(gp)           : MemRead :  D=0x0000000000000000 A=0x70b10
1324000: system.cpu: T0 : 0x1c6a8    : bne a5, zero, 440          : IntAlu : 
1324500: system.cpu: T0 : 0x1c6ac    : ld a5, -1912(s11)          : MemRead :  D=0x0000000000021000 A=0x6fea0
1325000: system.cpu: T0 : 0x1c6b0    : c_mv s2, s9                : IntAlu :  D=0x0000000000073f80
1325500: system.cpu: T0 : 0x1c6b2    : c_add a5, s5               : IntAlu :  D=0x0000000000021080
1326000: system.cpu: T0 : 0x1c6b4    : c_j 168                    : IntAlu : 
1326500: system.cpu: T0 : 0x1c75c    : sub a4, a4, s2             : IntAlu :  D=0x0000000000021000
1327000: system.cpu: T0 : 0x1c760    : c_add a4, s5               : IntAlu :  D=0x0000000000021080
1328000: system.cpu: T0 : 0x1c762    : sd s2, 96(s7)              : MemWrite :  D=0x0000000000073f80 A=0x6f678
1329000: system.cpu: T0 : 0x1c766    : ori a4, a4, 1              : IntAlu :  D=0x0000000000021081
1330000: system.cpu: T0 : 0x1c76a    : sd a4, 8(s2)               : MemWrite :  D=0x0000000000021081 A=0x73f88
1331000: system.cpu: T0 : 0x1c76e    : sd a5, -1912(s11)          : MemWrite :  D=0x0000000000021080 A=0x6fea0
1332000: system.cpu: T0 : 0x1c772    : beq s3, zero, -754         : IntAlu : 
1332500: system.cpu: T0 : 0x1c480    : c_lui a4, 1                : IntAlu :  D=0x0000000000001000
1333000: system.cpu: T0 : 0x1c482    : c_add a4, s0               : IntAlu :  D=0x0000000000070618
1333500: system.cpu: T0 : 0x1c484    : ld a3, -1904(a4)           : MemRead :  D=0x0000000000000000 A=0x6fea8
1334000: system.cpu: T0 : 0x1c488    : bgeu a3, a5, 8             : IntAlu : 
1334500: system.cpu: T0 : 0x1c48c    : sd a5, -1904(a4)           : MemWrite :  D=0x0000000000021080 A=0x6fea8
1335000: system.cpu: T0 : 0x1c490    : ld a5, 8(s2)               : MemRead :  D=0x0000000000021081 A=0x73f88
1335500: system.cpu: T0 : 0x1c494    : c_andi a5, 18446744073709551608 : IntAlu :  D=0x0000000000021080
1336500: system.cpu: T0 : 0x1c496    : bltu a5, s8, 298           : IntAlu : 
1337500: system.cpu: T0 : 0x1c49a    : add a4, s2, s1             : IntAlu :  D=0x0000000000074210
1338000: system.cpu: T0 : 0x1c49e    : c_sd a4, 96(s0)            : MemWrite :  D=0x0000000000074210 A=0x6f678
1338500: system.cpu: T0 : 0x1c4a0    : c_sub a5, s1               : IntAlu :  D=0x0000000000020df0
1339500: system.cpu: T0 : 0x1c4a2    : beq s0, s7, 8              : IntAlu : 
1340500: system.cpu: T0 : 0x1c4aa    : ori s1, s1, 1              : IntAlu :  D=0x0000000000000291
1341500: system.cpu: T0 : 0x1c4ae    : sd s1, 8(s2)               : MemWrite :  D=0x0000000000000291 A=0x73f88
1342500: system.cpu: T0 : 0x1c4b2    : ori a5, a5, 1              : IntAlu :  D=0x0000000000020df1
1343000: system.cpu: T0 : 0x1c4b6    : c_sd a5, 8(a4)             : MemWrite :  D=0x0000000000020df1 A=0x74218
1343500: system.cpu: T0 : 0x1c4b6    : c_sd a5, 8(a4)             : MemWrite :  D=0x0000000000020df1 A=0x74218
1344000: system.cpu: T0 : 0x1c4b8    : addi a0, s2, 16            : IntAlu :  D=0x0000000000073f90
1344500: system.cpu: T0 : 0x1c4bc    : c_ldsp ra, 152(sp)         : MemRead :  D=0x000000000001d0c2 A=0x7ffffffffffffad8
1345000: system.cpu: T0 : 0x1c4be    : c_ldsp s0, 144(sp)         : MemRead :  D=0x0000000000000290 A=0x7ffffffffffffad0
1345500: system.cpu: T0 : 0x1c4c0    : c_ldsp s1, 136(sp)         : MemRead :  D=0x000000000006f618 A=0x7ffffffffffffac8
1346000: system.cpu: T0 : 0x1c4c2    : c_ldsp s2, 128(sp)         : MemRead :  D=0x0000000000000004 A=0x7ffffffffffffac0
1346500: system.cpu: T0 : 0x1c4c4    : c_ldsp s3, 120(sp)         : MemRead :  D=0x0000000000000280 A=0x7ffffffffffffab8
1347000: system.cpu: T0 : 0x1c4c6    : c_ldsp s4, 112(sp)         : MemRead :  D=0x0000000000000000 A=0x7ffffffffffffab0
1347500: system.cpu: T0 : 0x1c4c8    : c_ldsp s5, 104(sp)         : MemRead :  D=0x0000000000000000 A=0x7ffffffffffffaa8
1348000: system.cpu: T0 : 0x1c4ca    : c_ldsp s6, 96(sp)          : MemRead :  D=0x0000000000000027 A=0x7ffffffffffffaa0
1348500: system.cpu: T0 : 0x1c4cc    : c_ldsp s7, 88(sp)          : MemRead :  D=0x000000000006f5a8 A=0x7ffffffffffffa98
1349000: system.cpu: T0 : 0x1c4ce    : c_ldsp s8, 80(sp)          : MemRead :  D=0x000000000006f678 A=0x7ffffffffffffa90
1349500: system.cpu: T0 : 0x1c4d0    : c_ldsp s9, 72(sp)          : MemRead :  D=0x0000000000000029 A=0x7ffffffffffffa88
1350000: system.cpu: T0 : 0x1c4d2    : c_ldsp s10, 64(sp)         : MemRead :  D=0x000000000000000a A=0x7ffffffffffffa80
1350500: system.cpu: T0 : 0x1c4d4    : c_ldsp s11, 56(sp)         : MemRead :  D=0x0000000000001000 A=0x7ffffffffffffa78
1351000: system.cpu: T0 : 0x1c4d6    : c_addi16sp sp, 160         : IntAlu :  D=0x7ffffffffffffae0
1351500: system.cpu: T0 : 0x1c4d8    : c_jr ra                    : IntAlu : 
1352000: system.cpu: T0 : 0x1d0c2    : c_mv s2, a0                : IntAlu :  D=0x0000000000073f90
1352500: system.cpu: T0 : 0x1d0c4    : bne a0, zero, -672         : IntAlu : 
1353000: system.cpu: T0 : 0x1ce24    : lw a1, -1396(gp)           : MemRead :  D=0x0000000000000000 A=0x70b0c
1353500: system.cpu: T0 : 0x1ce28    : beq a1, zero, -516         : IntAlu : 
1354000: system.cpu: T0 : 0x1cc24    : c_ldsp ra, 248(sp)         : MemRead :  D=0x000000000001d464 A=0x7ffffffffffffbd8
1354500: system.cpu: T0 : 0x1cc26    : c_ldsp s0, 240(sp)         : MemRead :  D=0x000000000006f618 A=0x7ffffffffffffbd0
1355000: system.cpu: T0 : 0x1cc28    : c_ldsp s1, 232(sp)         : MemRead :  D=0x000000000006f618 A=0x7ffffffffffffbc8
1355500: system.cpu: T0 : 0x1cc2a    : c_ldsp s3, 216(sp)         : MemRead :  D=0x0000000000000000 A=0x7ffffffffffffbb8
1356000: system.cpu: T0 : 0x1cc2c    : c_ldsp s4, 208(sp)         : MemRead :  D=0x0000000000000000 A=0x7ffffffffffffbb0
1356500: system.cpu: T0 : 0x1cc2e    : c_ldsp s5, 200(sp)         : MemRead :  D=0x0000000000000000 A=0x7ffffffffffffba8
1357000: system.cpu: T0 : 0x1cc30    : c_ldsp s6, 192(sp)         : MemRead :  D=0x0000000000072000 A=0x7ffffffffffffba0
1357500: system.cpu: T0 : 0x1cc32    : c_ldsp s7, 184(sp)         : MemRead :  D=0x0000000000000000 A=0x7ffffffffffffb98
1358000: system.cpu: T0 : 0x1cc34    : c_ldsp s8, 176(sp)         : MemRead :  D=0x0000000000000000 A=0x7ffffffffffffb90
1358500: system.cpu: T0 : 0x1cc36    : c_ldsp s9, 168(sp)         : MemRead :  D=0x0000000000000003 A=0x7ffffffffffffb88
1359000: system.cpu: T0 : 0x1cc38    : c_ldsp s10, 160(sp)        : MemRead :  D=0x0000000000000000 A=0x7ffffffffffffb80
1359500: system.cpu: T0 : 0x1cc3a    : c_ldsp s11, 152(sp)        : MemRead :  D=0x0000000000000000 A=0x7ffffffffffffb78
1360000: system.cpu: T0 : 0x1cc3c    : c_mv a0, s2                : IntAlu :  D=0x0000000000073f90
1360500: system.cpu: T0 : 0x1cc3e    : c_ldsp s2, 224(sp)         : MemRead :  D=0x0000000000000002 A=0x7ffffffffffffbc0
1361000: system.cpu: T0 : 0x1cc40    : c_addi16sp sp, 256         : IntAlu :  D=0x7ffffffffffffbe0
1361500: system.cpu: T0 : 0x1cc42    : c_jr ra                    : IntAlu : 
1362000: system.cpu: T0 : 0x1d464    : c_mv a5, a0                : IntAlu :  D=0x0000000000073f90
1362500: system.cpu: T0 : 0x1d466    : c_beqz a0, 70              : IntAlu : 
1363000: system.cpu: T0 : 0x1d468    : c_li a4, 0                 : IntAlu :  D=0x0000000000000000
1364000: system.cpu: T0 : 0x1d46a    : fence iorw, ow             : No_OpClass : 
1365000: system.cpu: T0 : 0x1d46e    : amoswap_w a4, a4, (s0)    
1365000: system.cpu: T0 : 0x1d46e. 0 : amoswap_w[l] a4, a4, (s0)  : MemRead :  D=0x0000000000000001 A=0x6f618
1365500: system.cpu: T0 : 0x1d472    : c_addiw a4, 0              : IntAlu :  D=0x0000000000000001
1366000: system.cpu: T0 : 0x1d474    : c_li a3, 1                 : IntAlu :  D=0x0000000000000001
1367000: system.cpu: T0 : 0x1d476    : blt a3, a4, 96             : IntAlu : 
1367500: system.cpu: T0 : 0x1d47a    : c_ldsp s0, 16(sp)          : MemRead :  D=0x0000000000000024 A=0x7ffffffffffffbf0
1368000: system.cpu: T0 : 0x1d47c    : c_ldsp ra, 24(sp)          : MemRead :  D=0x000000000001ddec A=0x7ffffffffffffbf8
1368500: system.cpu: T0 : 0x1d47e    : c_ldsp s1, 8(sp)           : MemRead :  D=0x0000000000000001 A=0x7ffffffffffffbe8
1369000: system.cpu: T0 : 0x1d480    : sd a5, 40(tp)              : MemWrite :  D=0x0000000000073f90 A=0x73738
1369500: system.cpu: T0 : 0x1d484    : addi a2, zero, 640         : IntAlu :  D=0x0000000000000280
1370000: system.cpu: T0 : 0x1d488    : c_li a1, 0                 : IntAlu :  D=0x0000000000000000
1370500: system.cpu: T0 : 0x1d48a    : c_mv a0, a5                : IntAlu :  D=0x0000000000073f90
1371000: system.cpu: T0 : 0x1d48c    : c_addi16sp sp, 32          : IntAlu :  D=0x7ffffffffffffc00
1372000: system.cpu: T0 : 0x1d48e    : jal zero, 10396            : IntAlu :  D=0x000000000001d492
1372500: system.cpu: T0 : 0x1fd2a    : c_li a4, 7                 : IntAlu :  D=0x0000000000000007
1373000: system.cpu: T0 : 0x1fd2c    : c_mv a5, a0                : IntAlu :  D=0x0000000000073f90
1374000: system.cpu: T0 : 0x1fd2e    : bgeu a4, a2, 140           : IntAlu : 
1375000: system.cpu: T0 : 0x1fd32    : andi a7, a1, 255           : IntAlu :  D=0x0000000000000000
1376000: system.cpu: T0 : 0x1fd36    : slli a3, a7, 8             : IntAlu :  D=0x0000000000000000
1377000: system.cpu: T0 : 0x1fd3a    : or a3, a3, a7              : IntAlu :  D=0x0000000000000000
1378000: system.cpu: T0 : 0x1fd3e    : slli a4, a3, 16            : IntAlu :  D=0x0000000000000000
1378500: system.cpu: T0 : 0x1fd42    : c_or a3, a4                : IntAlu :  D=0x0000000000000000
1379000: system.cpu: T0 : 0x1fd44    : slli a4, a3, 32            : IntAlu :  D=0x0000000000000000
1379500: system.cpu: T0 : 0x1fd48    : andi a6, a0, 7             : IntAlu :  D=0x0000000000000000
1380000: system.cpu: T0 : 0x1fd4c    : c_or a4, a3                : IntAlu :  D=0x0000000000000000
1381000: system.cpu: T0 : 0x1fd4e    : beq a6, zero, 130          : IntAlu : 
1381500: system.cpu: T0 : 0x1fdd0    : c_mv a3, a2                : IntAlu :  D=0x0000000000000280
1382000: system.cpu: T0 : 0x1fdd2    : c_j -108                   : IntAlu : 
1383000: system.cpu: T0 : 0x1fd66    : srli a6, a3, 6             : IntAlu :  D=0x000000000000000a
1384000: system.cpu: T0 : 0x1fd6a    : beq a6, zero, 42           : IntAlu : 
1385000: system.cpu: T0 : 0x1fd6e    : slli a2, a6, 6             : IntAlu :  D=0x0000000000000280
1385500: system.cpu: T0 : 0x1fd72    : c_mv a7, a5                : IntAlu :  D=0x0000000000073f90
1386000: system.cpu: T0 : 0x1fd74    : c_add a2, a5               : IntAlu :  D=0x0000000000074210
1386500: system.cpu: T0 : 0x1fd76    : c_sd a4, 0(a5)             : MemWrite :  D=0x0000000000000000 A=0x73f90
1387000: system.cpu: T0 : 0x1fd78    : c_sd a4, 8(a5)             : MemWrite :  D=0x0000000000000000 A=0x73f98
1387500: system.cpu: T0 : 0x1fd7a    : c_sd a4, 16(a5)            : MemWrite :  D=0x0000000000000000 A=0x73fa0
1388000: system.cpu: T0 : 0x1fd7c    : c_sd a4, 24(a5)            : MemWrite :  D=0x0000000000000000 A=0x73fa8
1388500: system.cpu: T0 : 0x1fd7e    : c_sd a4, 32(a5)            : MemWrite :  D=0x0000000000000000 A=0x73fb0
1389000: system.cpu: T0 : 0x1fd80    : c_sd a4, 40(a5)            : MemWrite :  D=0x0000000000000000 A=0x73fb8
1389500: system.cpu: T0 : 0x1fd82    : c_sd a4, 48(a5)            : MemWrite :  D=0x0000000000000000 A=0x73fc0
1390000: system.cpu: T0 : 0x1fd84    : c_sd a4, 56(a5)            : MemWrite :  D=0x0000000000000000 A=0x73fc8
1391000: system.cpu: T0 : 0x1fd86    : addi a5, a5, 64            : IntAlu :  D=0x0000000000073fd0
1392000: system.cpu: T0 : 0x1fd8a    : bne a2, a5, -20            : IntAlu : 
1392500: system.cpu: T0 : 0x1fd76    : c_sd a4, 0(a5)             : MemWrite :  D=0x0000000000000000 A=0x73fd0
1393000: system.cpu: T0 : 0x1fd78    : c_sd a4, 8(a5)             : MemWrite :  D=0x0000000000000000 A=0x73fd8
1393500: system.cpu: T0 : 0x1fd7a    : c_sd a4, 16(a5)            : MemWrite :  D=0x0000000000000000 A=0x73fe0
1394000: system.cpu: T0 : 0x1fd7c    : c_sd a4, 24(a5)            : MemWrite :  D=0x0000000000000000 A=0x73fe8
1394500: system.cpu: T0 : 0x1fd7e    : c_sd a4, 32(a5)            : MemWrite :  D=0x0000000000000000 A=0x73ff0
1395000: system.cpu: T0 : 0x1fd80    : c_sd a4, 40(a5)            : MemWrite :  D=0x0000000000000000 A=0x73ff8
1395500: system.cpu: T0 : 0x1fd82    : c_sd a4, 48(a5)            : MemWrite :  D=0x0000000000000000 A=0x74000
1396000: system.cpu: T0 : 0x1fd84    : c_sd a4, 56(a5)            : MemWrite :  D=0x0000000000000000 A=0x74008
1397000: system.cpu: T0 : 0x1fd86    : addi a5, a5, 64            : IntAlu :  D=0x0000000000074010
1398000: system.cpu: T0 : 0x1fd8a    : bne a2, a5, -20            : IntAlu : 
1398500: system.cpu: T0 : 0x1fd76    : c_sd a4, 0(a5)             : MemWrite :  D=0x0000000000000000 A=0x74010
1399000: system.cpu: T0 : 0x1fd78    : c_sd a4, 8(a5)             : MemWrite :  D=0x0000000000000000 A=0x74018
1399500: system.cpu: T0 : 0x1fd7a    : c_sd a4, 16(a5)            : MemWrite :  D=0x0000000000000000 A=0x74020
1400000: system.cpu: T0 : 0x1fd7c    : c_sd a4, 24(a5)            : MemWrite :  D=0x0000000000000000 A=0x74028
1400500: system.cpu: T0 : 0x1fd7e    : c_sd a4, 32(a5)            : MemWrite :  D=0x0000000000000000 A=0x74030
1401000: system.cpu: T0 : 0x1fd80    : c_sd a4, 40(a5)            : MemWrite :  D=0x0000000000000000 A=0x74038
1401500: system.cpu: T0 : 0x1fd82    : c_sd a4, 48(a5)            : MemWrite :  D=0x0000000000000000 A=0x74040
1402000: system.cpu: T0 : 0x1fd84    : c_sd a4, 56(a5)            : MemWrite :  D=0x0000000000000000 A=0x74048
1403000: system.cpu: T0 : 0x1fd86    : addi a5, a5, 64            : IntAlu :  D=0x0000000000074050
1404000: system.cpu: T0 : 0x1fd8a    : bne a2, a5, -20            : IntAlu : 
1404500: system.cpu: T0 : 0x1fd76    : c_sd a4, 0(a5)             : MemWrite :  D=0x0000000000000000 A=0x74050
1405000: system.cpu: T0 : 0x1fd78    : c_sd a4, 8(a5)             : MemWrite :  D=0x0000000000000000 A=0x74058
1405500: system.cpu: T0 : 0x1fd7a    : c_sd a4, 16(a5)            : MemWrite :  D=0x0000000000000000 A=0x74060
1406000: system.cpu: T0 : 0x1fd7c    : c_sd a4, 24(a5)            : MemWrite :  D=0x0000000000000000 A=0x74068
1406500: system.cpu: T0 : 0x1fd7e    : c_sd a4, 32(a5)            : MemWrite :  D=0x0000000000000000 A=0x74070
1407000: system.cpu: T0 : 0x1fd80    : c_sd a4, 40(a5)            : MemWrite :  D=0x0000000000000000 A=0x74078
1407500: system.cpu: T0 : 0x1fd82    : c_sd a4, 48(a5)            : MemWrite :  D=0x0000000000000000 A=0x74080
1408000: system.cpu: T0 : 0x1fd84    : c_sd a4, 56(a5)            : MemWrite :  D=0x0000000000000000 A=0x74088
1409000: system.cpu: T0 : 0x1fd86    : addi a5, a5, 64            : IntAlu :  D=0x0000000000074090
1410000: system.cpu: T0 : 0x1fd8a    : bne a2, a5, -20            : IntAlu : 
1410500: system.cpu: T0 : 0x1fd76    : c_sd a4, 0(a5)             : MemWrite :  D=0x0000000000000000 A=0x74090
1411000: system.cpu: T0 : 0x1fd78    : c_sd a4, 8(a5)             : MemWrite :  D=0x0000000000000000 A=0x74098
1411500: system.cpu: T0 : 0x1fd7a    : c_sd a4, 16(a5)            : MemWrite :  D=0x0000000000000000 A=0x740a0
1412000: system.cpu: T0 : 0x1fd7c    : c_sd a4, 24(a5)            : MemWrite :  D=0x0000000000000000 A=0x740a8
1412500: system.cpu: T0 : 0x1fd7e    : c_sd a4, 32(a5)            : MemWrite :  D=0x0000000000000000 A=0x740b0
1413000: system.cpu: T0 : 0x1fd80    : c_sd a4, 40(a5)            : MemWrite :  D=0x0000000000000000 A=0x740b8
1413500: system.cpu: T0 : 0x1fd82    : c_sd a4, 48(a5)            : MemWrite :  D=0x0000000000000000 A=0x740c0
1414000: system.cpu: T0 : 0x1fd84    : c_sd a4, 56(a5)            : MemWrite :  D=0x0000000000000000 A=0x740c8
1415000: system.cpu: T0 : 0x1fd86    : addi a5, a5, 64            : IntAlu :  D=0x00000000000740d0
1416000: system.cpu: T0 : 0x1fd8a    : bne a2, a5, -20            : IntAlu : 
1416500: system.cpu: T0 : 0x1fd76    : c_sd a4, 0(a5)             : MemWrite :  D=0x0000000000000000 A=0x740d0
1417000: system.cpu: T0 : 0x1fd78    : c_sd a4, 8(a5)             : MemWrite :  D=0x0000000000000000 A=0x740d8
1417500: system.cpu: T0 : 0x1fd7a    : c_sd a4, 16(a5)            : MemWrite :  D=0x0000000000000000 A=0x740e0
1418000: system.cpu: T0 : 0x1fd7c    : c_sd a4, 24(a5)            : MemWrite :  D=0x0000000000000000 A=0x740e8
1418500: system.cpu: T0 : 0x1fd7e    : c_sd a4, 32(a5)            : MemWrite :  D=0x0000000000000000 A=0x740f0
1419000: system.cpu: T0 : 0x1fd80    : c_sd a4, 40(a5)            : MemWrite :  D=0x0000000000000000 A=0x740f8
1419500: system.cpu: T0 : 0x1fd82    : c_sd a4, 48(a5)            : MemWrite :  D=0x0000000000000000 A=0x74100
1420000: system.cpu: T0 : 0x1fd84    : c_sd a4, 56(a5)            : MemWrite :  D=0x0000000000000000 A=0x74108
1421000: system.cpu: T0 : 0x1fd86    : addi a5, a5, 64            : IntAlu :  D=0x0000000000074110
1422000: system.cpu: T0 : 0x1fd8a    : bne a2, a5, -20            : IntAlu : 
1422500: system.cpu: T0 : 0x1fd76    : c_sd a4, 0(a5)             : MemWrite :  D=0x0000000000000000 A=0x74110
1423000: system.cpu: T0 : 0x1fd78    : c_sd a4, 8(a5)             : MemWrite :  D=0x0000000000000000 A=0x74118
1423500: system.cpu: T0 : 0x1fd7a    : c_sd a4, 16(a5)            : MemWrite :  D=0x0000000000000000 A=0x74120
1424000: system.cpu: T0 : 0x1fd7c    : c_sd a4, 24(a5)            : MemWrite :  D=0x0000000000000000 A=0x74128
1424500: system.cpu: T0 : 0x1fd7e    : c_sd a4, 32(a5)            : MemWrite :  D=0x0000000000000000 A=0x74130
1425000: system.cpu: T0 : 0x1fd80    : c_sd a4, 40(a5)            : MemWrite :  D=0x0000000000000000 A=0x74138
1425500: system.cpu: T0 : 0x1fd82    : c_sd a4, 48(a5)            : MemWrite :  D=0x0000000000000000 A=0x74140
1426000: system.cpu: T0 : 0x1fd84    : c_sd a4, 56(a5)            : MemWrite :  D=0x0000000000000000 A=0x74148
1427000: system.cpu: T0 : 0x1fd86    : addi a5, a5, 64            : IntAlu :  D=0x0000000000074150
1428000: system.cpu: T0 : 0x1fd8a    : bne a2, a5, -20            : IntAlu : 
1428500: system.cpu: T0 : 0x1fd76    : c_sd a4, 0(a5)             : MemWrite :  D=0x0000000000000000 A=0x74150
1429000: system.cpu: T0 : 0x1fd78    : c_sd a4, 8(a5)             : MemWrite :  D=0x0000000000000000 A=0x74158
1429500: system.cpu: T0 : 0x1fd7a    : c_sd a4, 16(a5)            : MemWrite :  D=0x0000000000000000 A=0x74160
1430000: system.cpu: T0 : 0x1fd7c    : c_sd a4, 24(a5)            : MemWrite :  D=0x0000000000000000 A=0x74168
1430500: system.cpu: T0 : 0x1fd7e    : c_sd a4, 32(a5)            : MemWrite :  D=0x0000000000000000 A=0x74170
1431000: system.cpu: T0 : 0x1fd80    : c_sd a4, 40(a5)            : MemWrite :  D=0x0000000000000000 A=0x74178
1431500: system.cpu: T0 : 0x1fd82    : c_sd a4, 48(a5)            : MemWrite :  D=0x0000000000000000 A=0x74180
1432000: system.cpu: T0 : 0x1fd84    : c_sd a4, 56(a5)            : MemWrite :  D=0x0000000000000000 A=0x74188
1433000: system.cpu: T0 : 0x1fd86    : addi a5, a5, 64            : IntAlu :  D=0x0000000000074190
1434000: system.cpu: T0 : 0x1fd8a    : bne a2, a5, -20            : IntAlu : 
1434500: system.cpu: T0 : 0x1fd76    : c_sd a4, 0(a5)             : MemWrite :  D=0x0000000000000000 A=0x74190
1435000: system.cpu: T0 : 0x1fd78    : c_sd a4, 8(a5)             : MemWrite :  D=0x0000000000000000 A=0x74198
1435500: system.cpu: T0 : 0x1fd7a    : c_sd a4, 16(a5)            : MemWrite :  D=0x0000000000000000 A=0x741a0
1436000: system.cpu: T0 : 0x1fd7c    : c_sd a4, 24(a5)            : MemWrite :  D=0x0000000000000000 A=0x741a8
1436500: system.cpu: T0 : 0x1fd7e    : c_sd a4, 32(a5)            : MemWrite :  D=0x0000000000000000 A=0x741b0
1437000: system.cpu: T0 : 0x1fd80    : c_sd a4, 40(a5)            : MemWrite :  D=0x0000000000000000 A=0x741b8
1437500: system.cpu: T0 : 0x1fd82    : c_sd a4, 48(a5)            : MemWrite :  D=0x0000000000000000 A=0x741c0
1438000: system.cpu: T0 : 0x1fd84    : c_sd a4, 56(a5)            : MemWrite :  D=0x0000000000000000 A=0x741c8
1439000: system.cpu: T0 : 0x1fd86    : addi a5, a5, 64            : IntAlu :  D=0x00000000000741d0
1440000: system.cpu: T0 : 0x1fd8a    : bne a2, a5, -20            : IntAlu : 
1440500: system.cpu: T0 : 0x1fd76    : c_sd a4, 0(a5)             : MemWrite :  D=0x0000000000000000 A=0x741d0
1441000: system.cpu: T0 : 0x1fd78    : c_sd a4, 8(a5)             : MemWrite :  D=0x0000000000000000 A=0x741d8
1441500: system.cpu: T0 : 0x1fd7a    : c_sd a4, 16(a5)            : MemWrite :  D=0x0000000000000000 A=0x741e0
1442000: system.cpu: T0 : 0x1fd7c    : c_sd a4, 24(a5)            : MemWrite :  D=0x0000000000000000 A=0x741e8
1442500: system.cpu: T0 : 0x1fd7e    : c_sd a4, 32(a5)            : MemWrite :  D=0x0000000000000000 A=0x741f0
1443000: system.cpu: T0 : 0x1fd80    : c_sd a4, 40(a5)            : MemWrite :  D=0x0000000000000000 A=0x741f8
1443500: system.cpu: T0 : 0x1fd82    : c_sd a4, 48(a5)            : MemWrite :  D=0x0000000000000000 A=0x74200
1444000: system.cpu: T0 : 0x1fd84    : c_sd a4, 56(a5)            : MemWrite :  D=0x0000000000000000 A=0x74208
1445000: system.cpu: T0 : 0x1fd86    : addi a5, a5, 64            : IntAlu :  D=0x0000000000074210
1446000: system.cpu: T0 : 0x1fd8a    : bne a2, a5, -20            : IntAlu : 
1447000: system.cpu: T0 : 0x1fd8e    : slli a5, a6, 6             : IntAlu :  D=0x0000000000000280
1447500: system.cpu: T0 : 0x1fd92    : c_add a5, a7               : IntAlu :  D=0x0000000000074210
1448000: system.cpu: T0 : 0x1fd94    : srli a6, a3, 3             : IntAlu :  D=0x0000000000000050
1448500: system.cpu: T0 : 0x1fd98    : andi a6, a6, 7             : IntAlu :  D=0x0000000000000000
1449000: system.cpu: T0 : 0x1fd9c    : beq a6, zero, 26           : IntAlu : 
1450000: system.cpu: T0 : 0x1fdb6    : andi a2, a3, 7             : IntAlu :  D=0x0000000000000000
1451000: system.cpu: T0 : 0x1fdba    : andi a1, a1, 255           : IntAlu :  D=0x0000000000000000
1452000: system.cpu: T0 : 0x1fdbe    : add a4, a5, a2             : IntAlu :  D=0x0000000000074210
1452500: system.cpu: T0 : 0x1fdc2    : c_beqz a2, 12              : IntAlu : 
1453000: system.cpu: T0 : 0x1fdce    : c_jr ra                    : IntAlu : 
1453500: system.cpu: T0 : 0x1ddec    : lui a5, 111                : IntAlu :  D=0x000000000006f000
1454000: system.cpu: T0 : 0x1ddf0    : ld a5, 1528(a5)            : MemRead :  D=0x0000000000000040 A=0x6f5f8
1454500: system.cpu: T0 : 0x1ddf4    : bgeu s1, a5, -100          : IntAlu : 
1455000: system.cpu: T0 : 0x1ddf8    : ld a4, 40(tp)              : MemRead :  D=0x0000000000073f90 A=0x73738
1455500: system.cpu: T0 : 0x1ddfc    : c_beqz a4, -108            : IntAlu : 
1456500: system.cpu: T0 : 0x1ddfe    : slli a3, s1, 1             : IntAlu :  D=0x0000000000000002
1457000: system.cpu: T0 : 0x1de02    : c_add a3, a4               : IntAlu :  D=0x0000000000073f92
1457500: system.cpu: T0 : 0x1de04    : lhu a2, 0(a3)              : MemRead :  D=0x0000000000000000 A=0x73f92
1458000: system.cpu: T0 : 0x1de08    : c_beqz a2, -120            : IntAlu : 
1458500: system.cpu: T0 : 0x1dd90    : lw a5, -1808(tp)           : MemRead :  D=0x0000000000000000 A=0x73000
1459000: system.cpu: T0 : 0x1dd94    : c_bnez a5, 210             : IntAlu : 
1460000: system.cpu: T0 : 0x1dd96    : lui s1, 111                : IntAlu :  D=0x000000000006f000
1460500: system.cpu: T0 : 0x1dd9a    : c_mv a1, s0                : IntAlu :  D=0x0000000000000024
1461000: system.cpu: T0 : 0x1dd9c    : addi a0, s1, 1560          : IntAlu :  D=0x000000000006f618
1461500: system.cpu: T0 : 0x1dda0    : jal ra, -5230              : IntAlu :  D=0x000000000001dda4
1462000: system.cpu: T0 : 0x1c932    : c_addi16sp sp, -256        : IntAlu :  D=0x7ffffffffffffb00
1462500: system.cpu: T0 : 0x1c934    : c_sdsp ra, 248(sp)         : MemWrite :  D=0x000000000001dda4 A=0x7ffffffffffffbf8
1463000: system.cpu: T0 : 0x1c936    : c_sdsp s0, 240(sp)         : MemWrite :  D=0x0000000000000024 A=0x7ffffffffffffbf0
1463500: system.cpu: T0 : 0x1c938    : c_sdsp s1, 232(sp)         : MemWrite :  D=0x000000000006f000 A=0x7ffffffffffffbe8
1464000: system.cpu: T0 : 0x1c93a    : c_sdsp s2, 224(sp)         : MemWrite :  D=0x0000000000000002 A=0x7ffffffffffffbe0
1464500: system.cpu: T0 : 0x1c93c    : c_sdsp s3, 216(sp)         : MemWrite :  D=0x0000000000000000 A=0x7ffffffffffffbd8
1465000: system.cpu: T0 : 0x1c93e    : c_sdsp s4, 208(sp)         : MemWrite :  D=0x0000000000000000 A=0x7ffffffffffffbd0
1465500: system.cpu: T0 : 0x1c940    : c_sdsp s5, 200(sp)         : MemWrite :  D=0x0000000000000000 A=0x7ffffffffffffbc8
1466000: system.cpu: T0 : 0x1c942    : c_sdsp s6, 192(sp)         : MemWrite :  D=0x0000000000072000 A=0x7ffffffffffffbc0
1466500: system.cpu: T0 : 0x1c944    : c_sdsp s7, 184(sp)         : MemWrite :  D=0x0000000000000000 A=0x7ffffffffffffbb8
1467000: system.cpu: T0 : 0x1c946    : c_sdsp s8, 176(sp)         : MemWrite :  D=0x0000000000000000 A=0x7ffffffffffffbb0
1467500: system.cpu: T0 : 0x1c948    : c_sdsp s9, 168(sp)         : MemWrite :  D=0x0000000000000003 A=0x7ffffffffffffba8
1468000: system.cpu: T0 : 0x1c94a    : c_sdsp s10, 160(sp)        : MemWrite :  D=0x0000000000000000 A=0x7ffffffffffffba0
1468500: system.cpu: T0 : 0x1c94c    : c_sdsp s11, 152(sp)        : MemWrite :  D=0x0000000000000000 A=0x7ffffffffffffb98
1469500: system.cpu: T0 : 0x1c94e    : blt a1, zero, 1198         : IntAlu : 
1470500: system.cpu: T0 : 0x1c952    : addi s0, a1, 23            : IntAlu :  D=0x000000000000003b
1471000: system.cpu: T0 : 0x1c956    : c_li a5, 31                : IntAlu :  D=0x000000000000001f
1471500: system.cpu: T0 : 0x1c958    : c_mv s3, a1                : IntAlu :  D=0x0000000000000024
1472000: system.cpu: T0 : 0x1c95a    : c_mv s1, a0                : IntAlu :  D=0x000000000006f618
1472500: system.cpu: T0 : 0x1c95c    : bltu a5, s0, 220           : IntAlu : 
1473000: system.cpu: T0 : 0x1ca38    : c_andi s0, 18446744073709551600 : IntAlu :  D=0x0000000000000030
1474000: system.cpu: T0 : 0x1ca3a    : beq a0, zero, 988          : IntAlu : 
1475000: system.cpu: T0 : 0x1ca3e    : ld a4, -1376(gp)           : MemRead :  D=0x0000000000000080 A=0x70b20
1476000: system.cpu: T0 : 0x1ca42    : srliw s9, s0, 4            : IntAlu :  D=0x0000000000000003
1477000: system.cpu: T0 : 0x1ca46    : srliw a5, s0, 4            : IntAlu :  D=0x0000000000000003
1478000: system.cpu: T0 : 0x1ca4a    : bgeu a4, s0, 506           : IntAlu : 
1478500: system.cpu: T0 : 0x1cc44    : c_addiw a5, -2             : IntAlu :  D=0x0000000000000001
1479500: system.cpu: T0 : 0x1cc46    : slli a2, a5, 32            : IntAlu :  D=0x0000000100000000
1480000: system.cpu: T0 : 0x1cc4a    : c_srli a2, 32              : IntAlu :  D=0x0000000000000001
1480500: system.cpu: T0 : 0x1cc4c    : c_addi a2, 2               : IntAlu :  D=0x0000000000000003
1481000: system.cpu: T0 : 0x1cc4e    : c_slli a2, 3               : IntAlu :  D=0x0000000000000018
1481500: system.cpu: T0 : 0x1cc50    : c_j -376                   : IntAlu : 
1482000: system.cpu: T0 : 0x1cad8    : c_slli a5, 32              : IntAlu :  D=0x0000000100000000
1482500: system.cpu: T0 : 0x1cada    : c_srli a5, 29              : IntAlu :  D=0x0000000000000008
1483000: system.cpu: T0 : 0x1cadc    : c_add a5, s1               : IntAlu :  D=0x000000000006f620
1484000: system.cpu: T0 : 0x1cade    : ld s2, 16(a5)              : MemRead :  D=0x0000000000000000 A=0x6f630
1485000: system.cpu: T0 : 0x1cae2    : beq s2, zero, 170          : IntAlu : 
1485500: system.cpu: T0 : 0x1cb8c    : addiw a5, s9, -1           : IntAlu :  D=0x0000000000000002
1486000: system.cpu: T0 : 0x1cb90    : slliw a5, a5, 1            : IntAlu :  D=0x0000000000000004
1486500: system.cpu: T0 : 0x1cb94    : c_slli a5, 32              : IntAlu :  D=0x0000000400000000
1487000: system.cpu: T0 : 0x1cb96    : c_srli a5, 32              : IntAlu :  D=0x0000000000000004
1487500: system.cpu: T0 : 0x1cb98    : c_addi a5, 14              : IntAlu :  D=0x0000000000000012
1488000: system.cpu: T0 : 0x1cb9a    : c_slli a5, 3               : IntAlu :  D=0x0000000000000090
1488500: system.cpu: T0 : 0x1cb9c    : c_j -550                   : IntAlu : 
1489000: system.cpu: T0 : 0x1c976    : c_add a5, s1               : IntAlu :  D=0x000000000006f6a8
1489500: system.cpu: T0 : 0x1c978    : ld s2, 8(a5)               : MemRead :  D=0x000000000006f698 A=0x6f6b0
1490000: system.cpu: T0 : 0x1c97c    : addi a3, a5, -16           : IntAlu :  D=0x000000000006f698
1490500: system.cpu: T0 : 0x1c980    : beq a3, s2, 748            : IntAlu : 
1491000: system.cpu: T0 : 0x1cc6c    : srli t1, s0, 9             : IntAlu :  D=0x0000000000000000
1491500: system.cpu: T0 : 0x1cc70    : addiw a5, t1, 91           : IntAlu :  D=0x000000000000005b
1492000: system.cpu: T0 : 0x1cc74    : srli s10, s0, 6            : IntAlu :  D=0x0000000000000000
1492500: system.cpu: T0 : 0x1cc78    : c_sdsp a5, 96(sp)          : MemWrite :  D=0x000000000000005b A=0x7ffffffffffffb60
1493500: system.cpu: T0 : 0x1cc7a    : addiw a5, s10, 48          : IntAlu :  D=0x0000000000000030
1494000: system.cpu: T0 : 0x1cc7e    : c_sdsp a5, 88(sp)          : MemWrite :  D=0x0000000000000030 A=0x7ffffffffffffb58
1494500: system.cpu: T0 : 0x1cc80    : addi a5, zero, 110         : IntAlu :  D=0x000000000000006e
1495000: system.cpu: T0 : 0x1cc84    : c_sdsp a5, 112(sp)         : MemWrite :  D=0x000000000000006e A=0x7ffffffffffffb70
1496000: system.cpu: T0 : 0x1cc86    : addi a5, zero, 119         : IntAlu :  D=0x0000000000000077
1496500: system.cpu: T0 : 0x1cc8a    : c_sdsp a5, 104(sp)         : MemWrite :  D=0x0000000000000077 A=0x7ffffffffffffb68
1497000: system.cpu: T0 : 0x1cc8c    : addi a5, zero, 124         : IntAlu :  D=0x000000000000007c
1497500: system.cpu: T0 : 0x1cc90    : c_sdsp s9, 8(sp)           : MemWrite :  D=0x0000000000000003 A=0x7ffffffffffffb08
1498000: system.cpu: T0 : 0x1cc92    : c_sdsp a5, 120(sp)         : MemWrite :  D=0x000000000000007c A=0x7ffffffffffffb78
1498500: system.cpu: T0 : 0x1cc94    : c_sdsp zero, 128(sp)       : MemWrite :  D=0x0000000000000000 A=0x7ffffffffffffb80
1499000: system.cpu: T0 : 0x1cc96    : c_sdsp zero, 136(sp)       : MemWrite :  D=0x0000000000000000 A=0x7ffffffffffffb88
1499500: system.cpu: T0 : 0x1cc98    : ld a5, 40(tp)              : MemRead :  D=0x0000000000073f90 A=0x73738
1500000: system.cpu: T0 : 0x1cc9c    : addi s6, s0, -17           : IntAlu :  D=0x000000000000001f
1500500: system.cpu: T0 : 0x1cca0    : srli s6, s6, 4             : IntAlu :  D=0x0000000000000001
1501000: system.cpu: T0 : 0x1cca4    : c_li s5, 0                 : IntAlu :  D=0x0000000000000000
1501500: system.cpu: T0 : 0x1cca6    : c_beqz a5, 22              : IntAlu : 
1502000: system.cpu: T0 : 0x1cca8    : lui a5, 111                : IntAlu :  D=0x000000000006f000
1502500: system.cpu: T0 : 0x1ccac    : ld s5, 1528(a5)            : MemRead :  D=0x0000000000000040 A=0x6f5f8
1503000: system.cpu: T0 : 0x1ccb0    : sltu s5, s6, s5            : IntAlu :  D=0x0000000000000001
1503500: system.cpu: T0 : 0x1ccb4    : sub s5, zero, s5           : IntAlu :  D=0xffffffffffffffff
1504000: system.cpu: T0 : 0x1ccb8    : and s5, s0, s5             : IntAlu :  D=0x0000000000000030
1504500: system.cpu: T0 : 0x1ccbc    : lui a5, 111                : IntAlu :  D=0x000000000006f000
1505000: system.cpu: T0 : 0x1ccc0    : c_lui s11, 1               : IntAlu :  D=0x0000000000001000
1506000: system.cpu: T0 : 0x1ccc2    : lui s7, 111                : IntAlu :  D=0x000000000006f000
1507000: system.cpu: T0 : 0x1ccc6    : addi a5, a5, 1560          : IntAlu :  D=0x000000000006f618
1508000: system.cpu: T0 : 0x1ccca    : addi s8, s1, 96            : IntAlu :  D=0x000000000006f678
1508500: system.cpu: T0 : 0x1ccce    : c_li t5, 0                 : IntAlu :  D=0x0000000000000000
1509000: system.cpu: T0 : 0x1ccd0    : addi s7, s7, 1448          : IntAlu :  D=0x000000000006f5a8
1509500: system.cpu: T0 : 0x1ccd4    : add a7, s1, s11            : IntAlu :  D=0x0000000000070618
1510000: system.cpu: T0 : 0x1ccd8    : c_sdsp a5, 56(sp)          : MemWrite :  D=0x000000000006f618 A=0x7ffffffffffffb38
1510500: system.cpu: T0 : 0x1ccda    : c_ld a5, 120(s1)           : MemRead :  D=0x000000000006f678 A=0x6f690
1511000: system.cpu: T0 : 0x1ccdc    : beq a5, s8, 532            : IntAlu : 
1511500: system.cpu: T0 : 0x1cef0    : addi a5, zero, 1023        : IntAlu :  D=0x00000000000003ff
1512000: system.cpu: T0 : 0x1cef4    : bgeu a5, s0, 38            : IntAlu : 
1512500: system.cpu: T0 : 0x1cf1a    : c_ldsp a3, 8(sp)           : MemRead :  D=0x0000000000000003 A=0x7ffffffffffffb08
1513000: system.cpu: T0 : 0x1cf1c    : c_li a0, 4                 : IntAlu :  D=0x0000000000000004
1514000: system.cpu: T0 : 0x1cf1e    : addiw a5, a3, 1            : IntAlu :  D=0x0000000000000004
1515000: system.cpu: T0 : 0x1cf22    : srliw a4, a5, 5            : IntAlu :  D=0x0000000000000000
1516000: system.cpu: T0 : 0x1cf26    : slliw a3, a3, 1            : IntAlu :  D=0x0000000000000006
1517000: system.cpu: T0 : 0x1cf2a    : addi a4, a4, 536           : IntAlu :  D=0x0000000000000218
1517500: system.cpu: T0 : 0x1cf2e    : c_slli a3, 32              : IntAlu :  D=0x0000000600000000
1518000: system.cpu: T0 : 0x1cf30    : c_slli a4, 2               : IntAlu :  D=0x0000000000000860
1518500: system.cpu: T0 : 0x1cf32    : c_srli a3, 32              : IntAlu :  D=0x0000000000000006
1519000: system.cpu: T0 : 0x1cf34    : c_add a4, s1               : IntAlu :  D=0x000000000006fe78
1519500: system.cpu: T0 : 0x1cf36    : c_slli a3, 3               : IntAlu :  D=0x0000000000000030
1520000: system.cpu: T0 : 0x1cf38    : c_lw a2, 0(a4)             : MemRead :  D=0x0000000000000000 A=0x6fe78
1521000: system.cpu: T0 : 0x1cf3a    : addi a3, a3, 96            : IntAlu :  D=0x0000000000000090
1521500: system.cpu: T0 : 0x1cf3e    : c_li a4, 1                 : IntAlu :  D=0x0000000000000001
1522000: system.cpu: T0 : 0x1cf40    : srliw s2, a5, 5            : IntAlu :  D=0x0000000000000000
1522500: system.cpu: T0 : 0x1cf44    : c_add a3, s1               : IntAlu :  D=0x000000000006f6a8
1523500: system.cpu: T0 : 0x1cf46    : sllw a5, a4, a5            : IntAlu :  D=0x0000000000000010
1524500: system.cpu: T0 : 0x1cf4a    : bltu a2, a5, 144           : IntAlu : 
1525500: system.cpu: T0 : 0x1cfda    : addiw a5, s2, 1            : IntAlu :  D=0x0000000000000001
1526500: system.cpu: T0 : 0x1cfde    : addiw s2, a5, 0            : IntAlu :  D=0x0000000000000001
1527500: system.cpu: T0 : 0x1cfe2    : bne s2, a0, -26            : IntAlu : 
1528000: system.cpu: T0 : 0x1cfc8    : c_slli a5, 32              : IntAlu :  D=0x0000000100000000
1528500: system.cpu: T0 : 0x1cfca    : c_srli a5, 32              : IntAlu :  D=0x0000000000000001
1529000: system.cpu: T0 : 0x1cfcc    : addi a5, a5, 536           : IntAlu :  D=0x0000000000000219
1529500: system.cpu: T0 : 0x1cfd0    : c_slli a5, 2               : IntAlu :  D=0x0000000000000864
1530000: system.cpu: T0 : 0x1cfd2    : c_add a5, s1               : IntAlu :  D=0x000000000006fe7c
1530500: system.cpu: T0 : 0x1cfd4    : c_lw a2, 0(a5)             : MemRead :  D=0x0000000000000000 A=0x6fe7c
1531500: system.cpu: T0 : 0x1cfd6    : bne a2, zero, 384          : IntAlu : 
1532500: system.cpu: T0 : 0x1cfda    : addiw a5, s2, 1            : IntAlu :  D=0x0000000000000002
1533500: system.cpu: T0 : 0x1cfde    : addiw s2, a5, 0            : IntAlu :  D=0x0000000000000002
1534500: system.cpu: T0 : 0x1cfe2    : bne s2, a0, -26            : IntAlu : 
1535000: system.cpu: T0 : 0x1cfc8    : c_slli a5, 32              : IntAlu :  D=0x0000000200000000
1535500: system.cpu: T0 : 0x1cfca    : c_srli a5, 32              : IntAlu :  D=0x0000000000000002
1536000: system.cpu: T0 : 0x1cfcc    : addi a5, a5, 536           : IntAlu :  D=0x000000000000021a
1536500: system.cpu: T0 : 0x1cfd0    : c_slli a5, 2               : IntAlu :  D=0x0000000000000868
1537000: system.cpu: T0 : 0x1cfd2    : c_add a5, s1               : IntAlu :  D=0x000000000006fe80
1537500: system.cpu: T0 : 0x1cfd4    : c_lw a2, 0(a5)             : MemRead :  D=0x0000000000000000 A=0x6fe80
1538500: system.cpu: T0 : 0x1cfd6    : bne a2, zero, 384          : IntAlu : 
1539500: system.cpu: T0 : 0x1cfda    : addiw a5, s2, 1            : IntAlu :  D=0x0000000000000003
1540500: system.cpu: T0 : 0x1cfde    : addiw s2, a5, 0            : IntAlu :  D=0x0000000000000003
1541500: system.cpu: T0 : 0x1cfe2    : bne s2, a0, -26            : IntAlu : 
1542000: system.cpu: T0 : 0x1cfc8    : c_slli a5, 32              : IntAlu :  D=0x0000000300000000
1542500: system.cpu: T0 : 0x1cfca    : c_srli a5, 32              : IntAlu :  D=0x0000000000000003
1543000: system.cpu: T0 : 0x1cfcc    : addi a5, a5, 536           : IntAlu :  D=0x000000000000021b
1543500: system.cpu: T0 : 0x1cfd0    : c_slli a5, 2               : IntAlu :  D=0x000000000000086c
1544000: system.cpu: T0 : 0x1cfd2    : c_add a5, s1               : IntAlu :  D=0x000000000006fe84
1544500: system.cpu: T0 : 0x1cfd4    : c_lw a2, 0(a5)             : MemRead :  D=0x0000000000000000 A=0x6fe84
1545500: system.cpu: T0 : 0x1cfd6    : bne a2, zero, 384          : IntAlu : 
1546500: system.cpu: T0 : 0x1cfda    : addiw a5, s2, 1            : IntAlu :  D=0x0000000000000004
1547500: system.cpu: T0 : 0x1cfde    : addiw s2, a5, 0            : IntAlu :  D=0x0000000000000004
1548500: system.cpu: T0 : 0x1cfe2    : bne s2, a0, -26            : IntAlu : 
1549000: system.cpu: T0 : 0x1cfe6    : c_ld a4, 96(s1)            : MemRead :  D=0x0000000000074210 A=0x6f678
1549500: system.cpu: T0 : 0x1cfe8    : ld a3, -1912(a7)           : MemRead :  D=0x0000000000021080 A=0x6fea0
1550000: system.cpu: T0 : 0x1cfec    : c_ld a5, 8(a4)             : MemRead :  D=0x0000000000020df1 A=0x74218
1550500: system.cpu: T0 : 0x1cfee    : c_andi a5, 18446744073709551608 : IntAlu :  D=0x0000000000020df0
1551000: system.cpu: T0 : 0x1cff0    : bltu a3, a5, 548           : IntAlu : 
1551500: system.cpu: T0 : 0x1cff4    : addi a3, s0, 32            : IntAlu :  D=0x0000000000000050
1552000: system.cpu: T0 : 0x1cff8    : bgeu a5, a3, 640           : IntAlu : 
1552500: system.cpu: T0 : 0x1d278    : add a0, a4, s0             : IntAlu :  D=0x0000000000074240
1553000: system.cpu: T0 : 0x1d27c    : lui a2, 111                : IntAlu :  D=0x000000000006f000
1553500: system.cpu: T0 : 0x1d280    : c_sd a0, 96(s1)            : MemWrite :  D=0x0000000000074240 A=0x6f678
1554500: system.cpu: T0 : 0x1d282    : addi a2, a2, 1560          : IntAlu :  D=0x000000000006f618
1555000: system.cpu: T0 : 0x1d286    : c_sub a5, s0               : IntAlu :  D=0x0000000000020dc0
1555500: system.cpu: T0 : 0x1d288    : c_li a3, 4                 : IntAlu :  D=0x0000000000000004
1556500: system.cpu: T0 : 0x1d28a    : beq s1, a2, 116            : IntAlu : 
1557000: system.cpu: T0 : 0x1d2fe    : c_li a3, 0                 : IntAlu :  D=0x0000000000000000
1557500: system.cpu: T0 : 0x1d300    : c_j -114                   : IntAlu : 
1558000: system.cpu: T0 : 0x1d28e    : c_or a3, s0                : IntAlu :  D=0x0000000000000030
1558500: system.cpu: T0 : 0x1d290    : ori a3, a3, 1              : IntAlu :  D=0x0000000000000031
1559000: system.cpu: T0 : 0x1d294    : lw a1, -1396(gp)           : MemRead :  D=0x0000000000000000 A=0x70b0c
1559500: system.cpu: T0 : 0x1d298    : c_sd a3, 8(a4)             : MemWrite :  D=0x0000000000000031 A=0x74218
1560500: system.cpu: T0 : 0x1d29a    : ori a5, a5, 1              : IntAlu :  D=0x0000000000020dc1
1561000: system.cpu: T0 : 0x1d29e    : c_sd a5, 8(a0)             : MemWrite :  D=0x0000000000020dc1 A=0x74248
1561500: system.cpu: T0 : 0x1d2a0    : addi s2, a4, 16            : IntAlu :  D=0x0000000000074220
1562000: system.cpu: T0 : 0x1d2a4    : beq a1, zero, -1664        : IntAlu : 
1562500: system.cpu: T0 : 0x1cc24    : c_ldsp ra, 248(sp)         : MemRead :  D=0x000000000001dda4 A=0x7ffffffffffffbf8
1563000: system.cpu: T0 : 0x1cc26    : c_ldsp s0, 240(sp)         : MemRead :  D=0x0000000000000024 A=0x7ffffffffffffbf0
1563500: system.cpu: T0 : 0x1cc28    : c_ldsp s1, 232(sp)         : MemRead :  D=0x000000000006f000 A=0x7ffffffffffffbe8
1564000: system.cpu: T0 : 0x1cc2a    : c_ldsp s3, 216(sp)         : MemRead :  D=0x0000000000000000 A=0x7ffffffffffffbd8
1564500: system.cpu: T0 : 0x1cc2c    : c_ldsp s4, 208(sp)         : MemRead :  D=0x0000000000000000 A=0x7ffffffffffffbd0
1565000: system.cpu: T0 : 0x1cc2e    : c_ldsp s5, 200(sp)         : MemRead :  D=0x0000000000000000 A=0x7ffffffffffffbc8
1565500: system.cpu: T0 : 0x1cc30    : c_ldsp s6, 192(sp)         : MemRead :  D=0x0000000000072000 A=0x7ffffffffffffbc0
1566000: system.cpu: T0 : 0x1cc32    : c_ldsp s7, 184(sp)         : MemRead :  D=0x0000000000000000 A=0x7ffffffffffffbb8
1566500: system.cpu: T0 : 0x1cc34    : c_ldsp s8, 176(sp)         : MemRead :  D=0x0000000000000000 A=0x7ffffffffffffbb0
1567000: system.cpu: T0 : 0x1cc36    : c_ldsp s9, 168(sp)         : MemRead :  D=0x0000000000000003 A=0x7ffffffffffffba8
1567500: system.cpu: T0 : 0x1cc38    : c_ldsp s10, 160(sp)        : MemRead :  D=0x0000000000000000 A=0x7ffffffffffffba0
1568000: system.cpu: T0 : 0x1cc3a    : c_ldsp s11, 152(sp)        : MemRead :  D=0x0000000000000000 A=0x7ffffffffffffb98
1568500: system.cpu: T0 : 0x1cc3c    : c_mv a0, s2                : IntAlu :  D=0x0000000000074220
1569000: system.cpu: T0 : 0x1cc3e    : c_ldsp s2, 224(sp)         : MemRead :  D=0x0000000000000002 A=0x7ffffffffffffbe0
1569500: system.cpu: T0 : 0x1cc40    : c_addi16sp sp, 256         : IntAlu :  D=0x7ffffffffffffc00
1570000: system.cpu: T0 : 0x1cc42    : c_jr ra                    : IntAlu : 
1570500: system.cpu: T0 : 0x1dda4    : c_mv a5, a0                : IntAlu :  D=0x0000000000074220
1571000: system.cpu: T0 : 0x1dda6    : c_beqz a0, 150             : IntAlu : 
1571500: system.cpu: T0 : 0x1dda8    : ld a4, -8(a0)              : MemRead :  D=0x0000000000000031 A=0x74218
1572000: system.cpu: T0 : 0x1ddac    : andi a3, a4, 2             : IntAlu :  D=0x0000000000000000
1572500: system.cpu: T0 : 0x1ddb0    : c_bnez a3, 26              : IntAlu : 
1573000: system.cpu: T0 : 0x1ddb2    : c_andi a4, 4               : IntAlu :  D=0x0000000000000000
1573500: system.cpu: T0 : 0x1ddb4    : c_beqz a4, 22              : IntAlu : 
1574000: system.cpu: T0 : 0x1ddca    : c_ldsp ra, 24(sp)          : MemRead :  D=0x000000000003de2e A=0x7ffffffffffffc18
1574500: system.cpu: T0 : 0x1ddcc    : c_ldsp s0, 16(sp)          : MemRead :  D=0x7ffffffffffffcf0 A=0x7ffffffffffffc10
1575000: system.cpu: T0 : 0x1ddce    : c_ldsp s1, 8(sp)           : MemRead :  D=0x7ffffffffffffc20 A=0x7ffffffffffffc08
1575500: system.cpu: T0 : 0x1ddd0    : c_ldsp s2, 0(sp)           : MemRead :  D=0x0000000000000002 A=0x7ffffffffffffc00
1576000: system.cpu: T0 : 0x1ddd2    : c_mv a0, a5                : IntAlu :  D=0x0000000000074220
1576500: system.cpu: T0 : 0x1ddd4    : c_addi16sp sp, 32          : IntAlu :  D=0x7ffffffffffffc20
1577000: system.cpu: T0 : 0x1ddd6    : c_jr ra                    : IntAlu : 
1577500: system.cpu: T0 : 0x3de2e    : c_mv s6, a0                : IntAlu :  D=0x0000000000074220
1578000: system.cpu: T0 : 0x3de30    : addi a5, s9, 1             : IntAlu :  D=0x0000000000000004
1578500: system.cpu: T0 : 0x3de34    : c_bnez a0, 64              : IntAlu : 
1579000: system.cpu: T0 : 0x3de74    : c_ld a1, 0(s1)             : MemRead :  D=0x0000000000062210 A=0x7ffffffffffffc20
1580000: system.cpu: T0 : 0x3de76    : addi a0, a0, 32            : IntAlu :  D=0x0000000000074240
1581000: system.cpu: T0 : 0x3de7a    : sd a5, 8(s6)               : MemWrite :  D=0x0000000000000004 A=0x74228
1582000: system.cpu: T0 : 0x3de7e    : sd a0, 0(s6)               : MemWrite :  D=0x0000000000074240 A=0x74220
1583000: system.cpu: T0 : 0x3de82    : sd a0, 16(s6)              : MemWrite :  D=0x0000000000074240 A=0x74230
1584000: system.cpu: T0 : 0x3de86    : sd zero, 24(s6)            : MemWrite :  D=0x0000000000000000 A=0x74238
1584500: system.cpu: T0 : 0x3de8a    : c_mv a2, s9                : IntAlu :  D=0x0000000000000003
1585000: system.cpu: T0 : 0x3de8c    : jal ra, -123064            : IntAlu :  D=0x000000000003de90
1585500: system.cpu: T0 : 0x1fdd4    : c_addi sp, -16             : IntAlu :  D=0x7ffffffffffffc10
1586000: system.cpu: T0 : 0x1fdd6    : c_sdsp s0, 0(sp)           : MemWrite :  D=0x7ffffffffffffcf0 A=0x7ffffffffffffc10
1586500: system.cpu: T0 : 0x1fdd8    : c_sdsp ra, 8(sp)           : MemWrite :  D=0x000000000003de90 A=0x7ffffffffffffc18
1587000: system.cpu: T0 : 0x1fdda    : c_mv s0, a2                : IntAlu :  D=0x0000000000000003
1587500: system.cpu: T0 : 0x1fddc    : jal ra, 112                : IntAlu :  D=0x000000000001fde0
1588000: system.cpu: T0 : 0x1fe4c    : c_addi16sp sp, -48         : IntAlu :  D=0x7ffffffffffffbe0
1588500: system.cpu: T0 : 0x1fe4e    : c_sdsp s0, 32(sp)          : MemWrite :  D=0x0000000000000003 A=0x7ffffffffffffc00
1589000: system.cpu: T0 : 0x1fe50    : c_sdsp s2, 16(sp)          : MemWrite :  D=0x0000000000000002 A=0x7ffffffffffffbf0
1589500: system.cpu: T0 : 0x1fe52    : c_sdsp ra, 40(sp)          : MemWrite :  D=0x000000000001fde0 A=0x7ffffffffffffc08
1590000: system.cpu: T0 : 0x1fe54    : c_sdsp s1, 24(sp)          : MemWrite :  D=0x7ffffffffffffc20 A=0x7ffffffffffffbf8
1590500: system.cpu: T0 : 0x1fe56    : c_sdsp s3, 8(sp)           : MemWrite :  D=0x0000000000000000 A=0x7ffffffffffffbe8
1591000: system.cpu: T0 : 0x1fe58    : c_li a5, 15                : IntAlu :  D=0x000000000000000f
1591500: system.cpu: T0 : 0x1fe5a    : c_mv s2, a0                : IntAlu :  D=0x0000000000074240
1592000: system.cpu: T0 : 0x1fe5c    : c_mv a4, a0                : IntAlu :  D=0x0000000000074240
1592500: system.cpu: T0 : 0x1fe5e    : c_mv s0, a1                : IntAlu :  D=0x0000000000062210
1593000: system.cpu: T0 : 0x1fe60    : bgeu a5, a2, 72            : IntAlu : 
1593500: system.cpu: T0 : 0x1fea8    : c_addi a4, -1              : IntAlu :  D=0x000000000007423f
1594000: system.cpu: T0 : 0x1feaa    : c_mv a5, s0                : IntAlu :  D=0x0000000000062210
1594500: system.cpu: T0 : 0x1feac    : add a1, a2, s0             : IntAlu :  D=0x0000000000062213
1595000: system.cpu: T0 : 0x1feb0    : c_sub a4, s0               : IntAlu :  D=0x000000000001202f
1595500: system.cpu: T0 : 0x1feb2    : c_beqz a2, 20              : IntAlu : 
1596000: system.cpu: T0 : 0x1feb4    : lbu a2, 0(a5)              : MemRead :  D=0x0000000000000074 A=0x62210
1596500: system.cpu: T0 : 0x1feb8    : c_addi a5, 1               : IntAlu :  D=0x0000000000062211
1597500: system.cpu: T0 : 0x1feba    : add a3, a4, a5             : IntAlu :  D=0x0000000000074240
1598500: system.cpu: T0 : 0x1febe    : sb a2, 0(a3)               : MemWrite :  D=0x0000000000000074 A=0x74240
1599500: system.cpu: T0 : 0x1fec2    : bne a1, a5, -14            : IntAlu : 
1600000: system.cpu: T0 : 0x1feb4    : lbu a2, 0(a5)              : MemRead :  D=0x000000000000006c A=0x62211
1600500: system.cpu: T0 : 0x1feb8    : c_addi a5, 1               : IntAlu :  D=0x0000000000062212
1601500: system.cpu: T0 : 0x1feba    : add a3, a4, a5             : IntAlu :  D=0x0000000000074241
1602500: system.cpu: T0 : 0x1febe    : sb a2, 0(a3)               : MemWrite :  D=0x000000000000006c A=0x74241
1603500: system.cpu: T0 : 0x1fec2    : bne a1, a5, -14            : IntAlu : 
1604000: system.cpu: T0 : 0x1feb4    : lbu a2, 0(a5)              : MemRead :  D=0x0000000000000073 A=0x62212
1604500: system.cpu: T0 : 0x1feb8    : c_addi a5, 1               : IntAlu :  D=0x0000000000062213
1605500: system.cpu: T0 : 0x1feba    : add a3, a4, a5             : IntAlu :  D=0x0000000000074242
1606500: system.cpu: T0 : 0x1febe    : sb a2, 0(a3)               : MemWrite :  D=0x0000000000000073 A=0x74242
1607500: system.cpu: T0 : 0x1fec2    : bne a1, a5, -14            : IntAlu : 
1608000: system.cpu: T0 : 0x1fec6    : c_ldsp ra, 40(sp)          : MemRead :  D=0x000000000001fde0 A=0x7ffffffffffffc08
1608500: system.cpu: T0 : 0x1fec8    : c_ldsp s0, 32(sp)          : MemRead :  D=0x0000000000000003 A=0x7ffffffffffffc00
1609000: system.cpu: T0 : 0x1feca    : c_ldsp s1, 24(sp)          : MemRead :  D=0x7ffffffffffffc20 A=0x7ffffffffffffbf8
1609500: system.cpu: T0 : 0x1fecc    : c_ldsp s3, 8(sp)           : MemRead :  D=0x0000000000000000 A=0x7ffffffffffffbe8
1610000: system.cpu: T0 : 0x1fece    : c_mv a0, s2                : IntAlu :  D=0x0000000000074240
1610500: system.cpu: T0 : 0x1fed0    : c_ldsp s2, 16(sp)          : MemRead :  D=0x0000000000000002 A=0x7ffffffffffffbf0
1611000: system.cpu: T0 : 0x1fed2    : c_addi16sp sp, 48          : IntAlu :  D=0x7ffffffffffffc10
1611500: system.cpu: T0 : 0x1fed4    : c_jr ra                    : IntAlu : 
1612000: system.cpu: T0 : 0x1fde0    : c_ldsp ra, 8(sp)           : MemRead :  D=0x000000000003de90 A=0x7ffffffffffffc18
1612500: system.cpu: T0 : 0x1fde2    : c_add a0, s0               : IntAlu :  D=0x0000000000074243
1613000: system.cpu: T0 : 0x1fde4    : c_ldsp s0, 0(sp)           : MemRead :  D=0x7ffffffffffffcf0 A=0x7ffffffffffffc10
1613500: system.cpu: T0 : 0x1fde6    : c_addi sp, 16              : IntAlu :  D=0x7ffffffffffffc20
1614000: system.cpu: T0 : 0x1fde8    : c_jr ra                    : IntAlu : 
1614500: system.cpu: T0 : 0x3de90    : ld a4, -136(s0)            : MemRead :  D=0x000000000006efd0 A=0x7ffffffffffffc68
1615000: system.cpu: T0 : 0x3de94    : addi a5, zero, 47          : IntAlu :  D=0x000000000000002f
1615500: system.cpu: T0 : 0x3de98    : sb a5, 0(a0)               : MemWrite :  D=0x000000000000002f A=0x74243
1616000: system.cpu: T0 : 0x3de9c    : sd s2, 0(a4)               : MemWrite :  D=0x0000000000000002 A=0x6efd0
1616500: system.cpu: T0 : 0x3dea0    : ld a5, 8(s6)               : MemRead :  D=0x0000000000000004 A=0x74228
1617000: system.cpu: T0 : 0x3dea4    : ld a4, -160(s0)            : MemRead :  D=0x000000000006efc8 A=0x7ffffffffffffc50
1617500: system.cpu: T0 : 0x3dea8    : c_sd a5, 0(a4)             : MemWrite :  D=0x0000000000000004 A=0x6efc8
1618000: system.cpu: T0 : 0x3deaa    : c_j -178                   : IntAlu : 
1618500: system.cpu: T0 : 0x3ddf8    : addi sp, s0, -192          : IntAlu :  D=0x7ffffffffffffc30
1619000: system.cpu: T0 : 0x3ddfc    : c_ldsp ra, 184(sp)         : MemRead :  D=0x000000000003b368 A=0x7ffffffffffffce8
1619500: system.cpu: T0 : 0x3ddfe    : c_mv a0, s6                : IntAlu :  D=0x0000000000074220
1620000: system.cpu: T0 : 0x3de00    : c_ldsp s0, 176(sp)         : MemRead :  D=0x7ffffffffffffd30 A=0x7ffffffffffffce0
1620500: system.cpu: T0 : 0x3de02    : c_ldsp s1, 168(sp)         : MemRead :  D=0x000000000006feb0 A=0x7ffffffffffffcd8
1621000: system.cpu: T0 : 0x3de04    : c_ldsp s2, 160(sp)         : MemRead :  D=0x0000000000000000 A=0x7ffffffffffffcd0
1621500: system.cpu: T0 : 0x3de06    : c_ldsp s3, 152(sp)         : MemRead :  D=0x000000000006efc0 A=0x7ffffffffffffcc8
1622000: system.cpu: T0 : 0x3de08    : c_ldsp s4, 144(sp)         : MemRead :  D=0x0000000000070000 A=0x7ffffffffffffcc0
1622500: system.cpu: T0 : 0x3de0a    : c_ldsp s5, 136(sp)         : MemRead :  D=0x0000000000072000 A=0x7ffffffffffffcb8
1623000: system.cpu: T0 : 0x3de0c    : c_ldsp s6, 128(sp)         : MemRead :  D=0x0000000000072000 A=0x7ffffffffffffcb0
1623500: system.cpu: T0 : 0x3de0e    : c_ldsp s7, 120(sp)         : MemRead :  D=0x0000000000000000 A=0x7ffffffffffffca8
1624000: system.cpu: T0 : 0x3de10    : c_ldsp s8, 112(sp)         : MemRead :  D=0x0000000000000000 A=0x7ffffffffffffca0
1624500: system.cpu: T0 : 0x3de12    : c_ldsp s9, 104(sp)         : MemRead :  D=0x0000000000000000 A=0x7ffffffffffffc98
1625000: system.cpu: T0 : 0x3de14    : c_ldsp s10, 96(sp)         : MemRead :  D=0x0000000000000000 A=0x7ffffffffffffc90
1625500: system.cpu: T0 : 0x3de16    : c_ldsp s11, 88(sp)         : MemRead :  D=0x0000000000000000 A=0x7ffffffffffffc88
1626000: system.cpu: T0 : 0x3de18    : c_addi16sp sp, 192         : IntAlu :  D=0x7ffffffffffffcf0
1626500: system.cpu: T0 : 0x3de1a    : c_jr ra                    : IntAlu : 
1627000: system.cpu: T0 : 0x3b368    : c_mv a5, a0                : IntAlu :  D=0x0000000000074220
1628000: system.cpu: T0 : 0x3b36a    : addi a0, zero, 40          : IntAlu :  D=0x0000000000000028
1629000: system.cpu: T0 : 0x3b36e    : sd a5, 24(s3)              : MemWrite :  D=0x0000000000074220 A=0x6efd8
1630000: system.cpu: T0 : 0x3b372    : jal ra, -120344            : IntAlu :  D=0x000000000003b376
1631000: system.cpu: T0 : 0x1dd5a    : ld t1, -1848(gp)           : MemRead :  D=0x0000000000000000 A=0x70948
1632000: system.cpu: T0 : 0x1dd5e    : bne t1, zero, 260          : IntAlu : 
1632500: system.cpu: T0 : 0x1dd62    : c_addi sp, -32             : IntAlu :  D=0x7ffffffffffffcd0
1633000: system.cpu: T0 : 0x1dd64    : c_sdsp s0, 16(sp)          : MemWrite :  D=0x7ffffffffffffd30 A=0x7ffffffffffffce0
1633500: system.cpu: T0 : 0x1dd66    : c_sdsp ra, 24(sp)          : MemWrite :  D=0x000000000003b376 A=0x7ffffffffffffce8
1634000: system.cpu: T0 : 0x1dd68    : c_sdsp s1, 8(sp)           : MemWrite :  D=0x000000000006feb0 A=0x7ffffffffffffcd8
1634500: system.cpu: T0 : 0x1dd6a    : c_sdsp s2, 0(sp)           : MemWrite :  D=0x0000000000000000 A=0x7ffffffffffffcd0
1635000: system.cpu: T0 : 0x1dd6c    : c_mv s0, a0                : IntAlu :  D=0x0000000000000028
1636000: system.cpu: T0 : 0x1dd6e    : blt a0, zero, 222          : IntAlu : 
1637000: system.cpu: T0 : 0x1dd72    : addi a5, a0, 23            : IntAlu :  D=0x000000000000003f
1637500: system.cpu: T0 : 0x1dd76    : c_li a4, 31                : IntAlu :  D=0x000000000000001f
1638000: system.cpu: T0 : 0x1dd78    : c_li s1, 0                 : IntAlu :  D=0x0000000000000000
1639000: system.cpu: T0 : 0x1dd7a    : bltu a4, a5, 94            : IntAlu : 
1639500: system.cpu: T0 : 0x1ddd8    : c_andi a5, 18446744073709551600 : IntAlu :  D=0x0000000000000030
1640000: system.cpu: T0 : 0x1ddda    : c_addi a5, -17             : IntAlu :  D=0x000000000000001f
1640500: system.cpu: T0 : 0x1dddc    : srli s1, a5, 4             : IntAlu :  D=0x0000000000000001
1641000: system.cpu: T0 : 0x1dde0    : c_j -98                    : IntAlu : 
1642000: system.cpu: T0 : 0x1dd7e    : ld a4, 40(tp)              : MemRead :  D=0x0000000000073f90 A=0x73738
1642500: system.cpu: T0 : 0x1dd82    : c_beqz a4, 96              : IntAlu : 
1643000: system.cpu: T0 : 0x1dd84    : lui a5, 111                : IntAlu :  D=0x000000000006f000
1643500: system.cpu: T0 : 0x1dd88    : ld a5, 1528(a5)            : MemRead :  D=0x0000000000000040 A=0x6f5f8
1644000: system.cpu: T0 : 0x1dd8c    : bltu s1, a5, 114           : IntAlu : 
1645000: system.cpu: T0 : 0x1ddfe    : slli a3, s1, 1             : IntAlu :  D=0x0000000000000002
1645500: system.cpu: T0 : 0x1de02    : c_add a3, a4               : IntAlu :  D=0x0000000000073f92
1646000: system.cpu: T0 : 0x1de04    : lhu a2, 0(a3)              : MemRead :  D=0x0000000000000000 A=0x73f92
1646500: system.cpu: T0 : 0x1de08    : c_beqz a2, -120            : IntAlu : 
1647000: system.cpu: T0 : 0x1dd90    : lw a5, -1808(tp)           : MemRead :  D=0x0000000000000000 A=0x73000
1647500: system.cpu: T0 : 0x1dd94    : c_bnez a5, 210             : IntAlu : 
1648500: system.cpu: T0 : 0x1dd96    : lui s1, 111                : IntAlu :  D=0x000000000006f000
1649000: system.cpu: T0 : 0x1dd9a    : c_mv a1, s0                : IntAlu :  D=0x0000000000000028
1649500: system.cpu: T0 : 0x1dd9c    : addi a0, s1, 1560          : IntAlu :  D=0x000000000006f618
1650000: system.cpu: T0 : 0x1dda0    : jal ra, -5230              : IntAlu :  D=0x000000000001dda4
1650500: system.cpu: T0 : 0x1c932    : c_addi16sp sp, -256        : IntAlu :  D=0x7ffffffffffffbd0
1651000: system.cpu: T0 : 0x1c934    : c_sdsp ra, 248(sp)         : MemWrite :  D=0x000000000001dda4 A=0x7ffffffffffffcc8
1651500: system.cpu: T0 : 0x1c936    : c_sdsp s0, 240(sp)         : MemWrite :  D=0x0000000000000028 A=0x7ffffffffffffcc0
1652000: system.cpu: T0 : 0x1c938    : c_sdsp s1, 232(sp)         : MemWrite :  D=0x000000000006f000 A=0x7ffffffffffffcb8
1652500: system.cpu: T0 : 0x1c93a    : c_sdsp s2, 224(sp)         : MemWrite :  D=0x0000000000000000 A=0x7ffffffffffffcb0
1653000: system.cpu: T0 : 0x1c93c    : c_sdsp s3, 216(sp)         : MemWrite :  D=0x000000000006efc0 A=0x7ffffffffffffca8
1653500: system.cpu: T0 : 0x1c93e    : c_sdsp s4, 208(sp)         : MemWrite :  D=0x0000000000070000 A=0x7ffffffffffffca0
1654000: system.cpu: T0 : 0x1c940    : c_sdsp s5, 200(sp)         : MemWrite :  D=0x0000000000072000 A=0x7ffffffffffffc98
1654500: system.cpu: T0 : 0x1c942    : c_sdsp s6, 192(sp)         : MemWrite :  D=0x0000000000072000 A=0x7ffffffffffffc90
1655000: system.cpu: T0 : 0x1c944    : c_sdsp s7, 184(sp)         : MemWrite :  D=0x0000000000000000 A=0x7ffffffffffffc88
1655500: system.cpu: T0 : 0x1c946    : c_sdsp s8, 176(sp)         : MemWrite :  D=0x0000000000000000 A=0x7ffffffffffffc80
1656000: system.cpu: T0 : 0x1c948    : c_sdsp s9, 168(sp)         : MemWrite :  D=0x0000000000000000 A=0x7ffffffffffffc78
1656500: system.cpu: T0 : 0x1c94a    : c_sdsp s10, 160(sp)        : MemWrite :  D=0x0000000000000000 A=0x7ffffffffffffc70
1657000: system.cpu: T0 : 0x1c94c    : c_sdsp s11, 152(sp)        : MemWrite :  D=0x0000000000000000 A=0x7ffffffffffffc68
1658000: system.cpu: T0 : 0x1c94e    : blt a1, zero, 1198         : IntAlu : 
1659000: system.cpu: T0 : 0x1c952    : addi s0, a1, 23            : IntAlu :  D=0x000000000000003f
1659500: system.cpu: T0 : 0x1c956    : c_li a5, 31                : IntAlu :  D=0x000000000000001f
1660000: system.cpu: T0 : 0x1c958    : c_mv s3, a1                : IntAlu :  D=0x0000000000000028
1660500: system.cpu: T0 : 0x1c95a    : c_mv s1, a0                : IntAlu :  D=0x000000000006f618
1661000: system.cpu: T0 : 0x1c95c    : bltu a5, s0, 220           : IntAlu : 
1661500: system.cpu: T0 : 0x1ca38    : c_andi s0, 18446744073709551600 : IntAlu :  D=0x0000000000000030
1662500: system.cpu: T0 : 0x1ca3a    : beq a0, zero, 988          : IntAlu : 
1663500: system.cpu: T0 : 0x1ca3e    : ld a4, -1376(gp)           : MemRead :  D=0x0000000000000080 A=0x70b20
1664500: system.cpu: T0 : 0x1ca42    : srliw s9, s0, 4            : IntAlu :  D=0x0000000000000003
1665500: system.cpu: T0 : 0x1ca46    : srliw a5, s0, 4            : IntAlu :  D=0x0000000000000003
1666500: system.cpu: T0 : 0x1ca4a    : bgeu a4, s0, 506           : IntAlu : 
1667000: system.cpu: T0 : 0x1cc44    : c_addiw a5, -2             : IntAlu :  D=0x0000000000000001
1668000: system.cpu: T0 : 0x1cc46    : slli a2, a5, 32            : IntAlu :  D=0x0000000100000000
1668500: system.cpu: T0 : 0x1cc4a    : c_srli a2, 32              : IntAlu :  D=0x0000000000000001
1669000: system.cpu: T0 : 0x1cc4c    : c_addi a2, 2               : IntAlu :  D=0x0000000000000003
1669500: system.cpu: T0 : 0x1cc4e    : c_slli a2, 3               : IntAlu :  D=0x0000000000000018
1670000: system.cpu: T0 : 0x1cc50    : c_j -376                   : IntAlu : 
1670500: system.cpu: T0 : 0x1cad8    : c_slli a5, 32              : IntAlu :  D=0x0000000100000000
1671000: system.cpu: T0 : 0x1cada    : c_srli a5, 29              : IntAlu :  D=0x0000000000000008
1671500: system.cpu: T0 : 0x1cadc    : c_add a5, s1               : IntAlu :  D=0x000000000006f620
1672500: system.cpu: T0 : 0x1cade    : ld s2, 16(a5)              : MemRead :  D=0x0000000000000000 A=0x6f630
1673500: system.cpu: T0 : 0x1cae2    : beq s2, zero, 170          : IntAlu : 
1674000: system.cpu: T0 : 0x1cb8c    : addiw a5, s9, -1           : IntAlu :  D=0x0000000000000002
1674500: system.cpu: T0 : 0x1cb90    : slliw a5, a5, 1            : IntAlu :  D=0x0000000000000004
1675000: system.cpu: T0 : 0x1cb94    : c_slli a5, 32              : IntAlu :  D=0x0000000400000000
1675500: system.cpu: T0 : 0x1cb96    : c_srli a5, 32              : IntAlu :  D=0x0000000000000004
1676000: system.cpu: T0 : 0x1cb98    : c_addi a5, 14              : IntAlu :  D=0x0000000000000012
1676500: system.cpu: T0 : 0x1cb9a    : c_slli a5, 3               : IntAlu :  D=0x0000000000000090
1677000: system.cpu: T0 : 0x1cb9c    : c_j -550                   : IntAlu : 
1677500: system.cpu: T0 : 0x1c976    : c_add a5, s1               : IntAlu :  D=0x000000000006f6a8
1678000: system.cpu: T0 : 0x1c978    : ld s2, 8(a5)               : MemRead :  D=0x000000000006f698 A=0x6f6b0
1678500: system.cpu: T0 : 0x1c97c    : addi a3, a5, -16           : IntAlu :  D=0x000000000006f698
1679000: system.cpu: T0 : 0x1c980    : beq a3, s2, 748            : IntAlu : 
1679500: system.cpu: T0 : 0x1cc6c    : srli t1, s0, 9             : IntAlu :  D=0x0000000000000000
1680000: system.cpu: T0 : 0x1cc70    : addiw a5, t1, 91           : IntAlu :  D=0x000000000000005b
1680500: system.cpu: T0 : 0x1cc74    : srli s10, s0, 6            : IntAlu :  D=0x0000000000000000
1681000: system.cpu: T0 : 0x1cc78    : c_sdsp a5, 96(sp)          : MemWrite :  D=0x000000000000005b A=0x7ffffffffffffc30
1682000: system.cpu: T0 : 0x1cc7a    : addiw a5, s10, 48          : IntAlu :  D=0x0000000000000030
1682500: system.cpu: T0 : 0x1cc7e    : c_sdsp a5, 88(sp)          : MemWrite :  D=0x0000000000000030 A=0x7ffffffffffffc28
1683000: system.cpu: T0 : 0x1cc80    : addi a5, zero, 110         : IntAlu :  D=0x000000000000006e
1683500: system.cpu: T0 : 0x1cc84    : c_sdsp a5, 112(sp)         : MemWrite :  D=0x000000000000006e A=0x7ffffffffffffc40
1684500: system.cpu: T0 : 0x1cc86    : addi a5, zero, 119         : IntAlu :  D=0x0000000000000077
1685000: system.cpu: T0 : 0x1cc8a    : c_sdsp a5, 104(sp)         : MemWrite :  D=0x0000000000000077 A=0x7ffffffffffffc38
1685500: system.cpu: T0 : 0x1cc8c    : addi a5, zero, 124         : IntAlu :  D=0x000000000000007c
1686000: system.cpu: T0 : 0x1cc90    : c_sdsp s9, 8(sp)           : MemWrite :  D=0x0000000000000003 A=0x7ffffffffffffbd8
1686500: system.cpu: T0 : 0x1cc92    : c_sdsp a5, 120(sp)         : MemWrite :  D=0x000000000000007c A=0x7ffffffffffffc48
1687000: system.cpu: T0 : 0x1cc94    : c_sdsp zero, 128(sp)       : MemWrite :  D=0x0000000000000000 A=0x7ffffffffffffc50
1687500: system.cpu: T0 : 0x1cc96    : c_sdsp zero, 136(sp)       : MemWrite :  D=0x0000000000000000 A=0x7ffffffffffffc58
1688000: system.cpu: T0 : 0x1cc98    : ld a5, 40(tp)              : MemRead :  D=0x0000000000073f90 A=0x73738
1688500: system.cpu: T0 : 0x1cc9c    : addi s6, s0, -17           : IntAlu :  D=0x000000000000001f
1689000: system.cpu: T0 : 0x1cca0    : srli s6, s6, 4             : IntAlu :  D=0x0000000000000001
1689500: system.cpu: T0 : 0x1cca4    : c_li s5, 0                 : IntAlu :  D=0x0000000000000000
1690000: system.cpu: T0 : 0x1cca6    : c_beqz a5, 22              : IntAlu : 
1690500: system.cpu: T0 : 0x1cca8    : lui a5, 111                : IntAlu :  D=0x000000000006f000
1691000: system.cpu: T0 : 0x1ccac    : ld s5, 1528(a5)            : MemRead :  D=0x0000000000000040 A=0x6f5f8
1691500: system.cpu: T0 : 0x1ccb0    : sltu s5, s6, s5            : IntAlu :  D=0x0000000000000001
1692000: system.cpu: T0 : 0x1ccb4    : sub s5, zero, s5           : IntAlu :  D=0xffffffffffffffff
1692500: system.cpu: T0 : 0x1ccb8    : and s5, s0, s5             : IntAlu :  D=0x0000000000000030
1693000: system.cpu: T0 : 0x1ccbc    : lui a5, 111                : IntAlu :  D=0x000000000006f000
1693500: system.cpu: T0 : 0x1ccc0    : c_lui s11, 1               : IntAlu :  D=0x0000000000001000
1694500: system.cpu: T0 : 0x1ccc2    : lui s7, 111                : IntAlu :  D=0x000000000006f000
1695500: system.cpu: T0 : 0x1ccc6    : addi a5, a5, 1560          : IntAlu :  D=0x000000000006f618
1696500: system.cpu: T0 : 0x1ccca    : addi s8, s1, 96            : IntAlu :  D=0x000000000006f678
1697000: system.cpu: T0 : 0x1ccce    : c_li t5, 0                 : IntAlu :  D=0x0000000000000000
1697500: system.cpu: T0 : 0x1ccd0    : addi s7, s7, 1448          : IntAlu :  D=0x000000000006f5a8
1698000: system.cpu: T0 : 0x1ccd4    : add a7, s1, s11            : IntAlu :  D=0x0000000000070618
1698500: system.cpu: T0 : 0x1ccd8    : c_sdsp a5, 56(sp)          : MemWrite :  D=0x000000000006f618 A=0x7ffffffffffffc08
1699000: system.cpu: T0 : 0x1ccda    : c_ld a5, 120(s1)           : MemRead :  D=0x000000000006f678 A=0x6f690
1699500: system.cpu: T0 : 0x1ccdc    : beq a5, s8, 532            : IntAlu : 
1700000: system.cpu: T0 : 0x1cef0    : addi a5, zero, 1023        : IntAlu :  D=0x00000000000003ff
1700500: system.cpu: T0 : 0x1cef4    : bgeu a5, s0, 38            : IntAlu : 
1701000: system.cpu: T0 : 0x1cf1a    : c_ldsp a3, 8(sp)           : MemRead :  D=0x0000000000000003 A=0x7ffffffffffffbd8
1701500: system.cpu: T0 : 0x1cf1c    : c_li a0, 4                 : IntAlu :  D=0x0000000000000004
1702500: system.cpu: T0 : 0x1cf1e    : addiw a5, a3, 1            : IntAlu :  D=0x0000000000000004
1703500: system.cpu: T0 : 0x1cf22    : srliw a4, a5, 5            : IntAlu :  D=0x0000000000000000
1704500: system.cpu: T0 : 0x1cf26    : slliw a3, a3, 1            : IntAlu :  D=0x0000000000000006
1705500: system.cpu: T0 : 0x1cf2a    : addi a4, a4, 536           : IntAlu :  D=0x0000000000000218
1706000: system.cpu: T0 : 0x1cf2e    : c_slli a3, 32              : IntAlu :  D=0x0000000600000000
1706500: system.cpu: T0 : 0x1cf30    : c_slli a4, 2               : IntAlu :  D=0x0000000000000860
1707000: system.cpu: T0 : 0x1cf32    : c_srli a3, 32              : IntAlu :  D=0x0000000000000006
1707500: system.cpu: T0 : 0x1cf34    : c_add a4, s1               : IntAlu :  D=0x000000000006fe78
1708000: system.cpu: T0 : 0x1cf36    : c_slli a3, 3               : IntAlu :  D=0x0000000000000030
1708500: system.cpu: T0 : 0x1cf38    : c_lw a2, 0(a4)             : MemRead :  D=0x0000000000000000 A=0x6fe78
1709500: system.cpu: T0 : 0x1cf3a    : addi a3, a3, 96            : IntAlu :  D=0x0000000000000090
1710000: system.cpu: T0 : 0x1cf3e    : c_li a4, 1                 : IntAlu :  D=0x0000000000000001
1710500: system.cpu: T0 : 0x1cf40    : srliw s2, a5, 5            : IntAlu :  D=0x0000000000000000
1711000: system.cpu: T0 : 0x1cf44    : c_add a3, s1               : IntAlu :  D=0x000000000006f6a8
1712000: system.cpu: T0 : 0x1cf46    : sllw a5, a4, a5            : IntAlu :  D=0x0000000000000010
1713000: system.cpu: T0 : 0x1cf4a    : bltu a2, a5, 144           : IntAlu : 
1714000: system.cpu: T0 : 0x1cfda    : addiw a5, s2, 1            : IntAlu :  D=0x0000000000000001
1715000: system.cpu: T0 : 0x1cfde    : addiw s2, a5, 0            : IntAlu :  D=0x0000000000000001
1716000: system.cpu: T0 : 0x1cfe2    : bne s2, a0, -26            : IntAlu : 
1716500: system.cpu: T0 : 0x1cfc8    : c_slli a5, 32              : IntAlu :  D=0x0000000100000000
1717000: system.cpu: T0 : 0x1cfca    : c_srli a5, 32              : IntAlu :  D=0x0000000000000001
1717500: system.cpu: T0 : 0x1cfcc    : addi a5, a5, 536           : IntAlu :  D=0x0000000000000219
1718000: system.cpu: T0 : 0x1cfd0    : c_slli a5, 2               : IntAlu :  D=0x0000000000000864
1718500: system.cpu: T0 : 0x1cfd2    : c_add a5, s1               : IntAlu :  D=0x000000000006fe7c
1719000: system.cpu: T0 : 0x1cfd4    : c_lw a2, 0(a5)             : MemRead :  D=0x0000000000000000 A=0x6fe7c
1720000: system.cpu: T0 : 0x1cfd6    : bne a2, zero, 384          : IntAlu : 
1721000: system.cpu: T0 : 0x1cfda    : addiw a5, s2, 1            : IntAlu :  D=0x0000000000000002
1722000: system.cpu: T0 : 0x1cfde    : addiw s2, a5, 0            : IntAlu :  D=0x0000000000000002
1723000: system.cpu: T0 : 0x1cfe2    : bne s2, a0, -26            : IntAlu : 
1723500: system.cpu: T0 : 0x1cfc8    : c_slli a5, 32              : IntAlu :  D=0x0000000200000000
1724000: system.cpu: T0 : 0x1cfca    : c_srli a5, 32              : IntAlu :  D=0x0000000000000002
1724500: system.cpu: T0 : 0x1cfcc    : addi a5, a5, 536           : IntAlu :  D=0x000000000000021a
1725000: system.cpu: T0 : 0x1cfd0    : c_slli a5, 2               : IntAlu :  D=0x0000000000000868
1725500: system.cpu: T0 : 0x1cfd2    : c_add a5, s1               : IntAlu :  D=0x000000000006fe80
1726000: system.cpu: T0 : 0x1cfd4    : c_lw a2, 0(a5)             : MemRead :  D=0x0000000000000000 A=0x6fe80
1727000: system.cpu: T0 : 0x1cfd6    : bne a2, zero, 384          : IntAlu : 
1728000: system.cpu: T0 : 0x1cfda    : addiw a5, s2, 1            : IntAlu :  D=0x0000000000000003
1729000: system.cpu: T0 : 0x1cfde    : addiw s2, a5, 0            : IntAlu :  D=0x0000000000000003
1730000: system.cpu: T0 : 0x1cfe2    : bne s2, a0, -26            : IntAlu : 
1730500: system.cpu: T0 : 0x1cfc8    : c_slli a5, 32              : IntAlu :  D=0x0000000300000000
1731000: system.cpu: T0 : 0x1cfca    : c_srli a5, 32              : IntAlu :  D=0x0000000000000003
1731500: system.cpu: T0 : 0x1cfcc    : addi a5, a5, 536           : IntAlu :  D=0x000000000000021b
1732000: system.cpu: T0 : 0x1cfd0    : c_slli a5, 2               : IntAlu :  D=0x000000000000086c
1732500: system.cpu: T0 : 0x1cfd2    : c_add a5, s1               : IntAlu :  D=0x000000000006fe84
1733000: system.cpu: T0 : 0x1cfd4    : c_lw a2, 0(a5)             : MemRead :  D=0x0000000000000000 A=0x6fe84
1734000: system.cpu: T0 : 0x1cfd6    : bne a2, zero, 384          : IntAlu : 
1735000: system.cpu: T0 : 0x1cfda    : addiw a5, s2, 1            : IntAlu :  D=0x0000000000000004
1736000: system.cpu: T0 : 0x1cfde    : addiw s2, a5, 0            : IntAlu :  D=0x0000000000000004
1737000: system.cpu: T0 : 0x1cfe2    : bne s2, a0, -26            : IntAlu : 
1737500: system.cpu: T0 : 0x1cfe6    : c_ld a4, 96(s1)            : MemRead :  D=0x0000000000074240 A=0x6f678
1738000: system.cpu: T0 : 0x1cfe8    : ld a3, -1912(a7)           : MemRead :  D=0x0000000000021080 A=0x6fea0
1738500: system.cpu: T0 : 0x1cfec    : c_ld a5, 8(a4)             : MemRead :  D=0x0000000000020dc1 A=0x74248
1739000: system.cpu: T0 : 0x1cfee    : c_andi a5, 18446744073709551608 : IntAlu :  D=0x0000000000020dc0
1739500: system.cpu: T0 : 0x1cff0    : bltu a3, a5, 548           : IntAlu : 
1740000: system.cpu: T0 : 0x1cff4    : addi a3, s0, 32            : IntAlu :  D=0x0000000000000050
1740500: system.cpu: T0 : 0x1cff8    : bgeu a5, a3, 640           : IntAlu : 
1741000: system.cpu: T0 : 0x1d278    : add a0, a4, s0             : IntAlu :  D=0x0000000000074270
1741500: system.cpu: T0 : 0x1d27c    : lui a2, 111                : IntAlu :  D=0x000000000006f000
1742000: system.cpu: T0 : 0x1d280    : c_sd a0, 96(s1)            : MemWrite :  D=0x0000000000074270 A=0x6f678
1743000: system.cpu: T0 : 0x1d282    : addi a2, a2, 1560          : IntAlu :  D=0x000000000006f618
1743500: system.cpu: T0 : 0x1d286    : c_sub a5, s0               : IntAlu :  D=0x0000000000020d90
1744000: system.cpu: T0 : 0x1d288    : c_li a3, 4                 : IntAlu :  D=0x0000000000000004
1745000: system.cpu: T0 : 0x1d28a    : beq s1, a2, 116            : IntAlu : 
1745500: system.cpu: T0 : 0x1d2fe    : c_li a3, 0                 : IntAlu :  D=0x0000000000000000
1746000: system.cpu: T0 : 0x1d300    : c_j -114                   : IntAlu : 
1746500: system.cpu: T0 : 0x1d28e    : c_or a3, s0                : IntAlu :  D=0x0000000000000030
1747000: system.cpu: T0 : 0x1d290    : ori a3, a3, 1              : IntAlu :  D=0x0000000000000031
1747500: system.cpu: T0 : 0x1d294    : lw a1, -1396(gp)           : MemRead :  D=0x0000000000000000 A=0x70b0c
1748000: system.cpu: T0 : 0x1d298    : c_sd a3, 8(a4)             : MemWrite :  D=0x0000000000000031 A=0x74248
1749000: system.cpu: T0 : 0x1d29a    : ori a5, a5, 1              : IntAlu :  D=0x0000000000020d91
1749500: system.cpu: T0 : 0x1d29e    : c_sd a5, 8(a0)             : MemWrite :  D=0x0000000000020d91 A=0x74278
1750000: system.cpu: T0 : 0x1d2a0    : addi s2, a4, 16            : IntAlu :  D=0x0000000000074250
1750500: system.cpu: T0 : 0x1d2a4    : beq a1, zero, -1664        : IntAlu : 
1751000: system.cpu: T0 : 0x1cc24    : c_ldsp ra, 248(sp)         : MemRead :  D=0x000000000001dda4 A=0x7ffffffffffffcc8
1751500: system.cpu: T0 : 0x1cc26    : c_ldsp s0, 240(sp)         : MemRead :  D=0x0000000000000028 A=0x7ffffffffffffcc0
1752000: system.cpu: T0 : 0x1cc28    : c_ldsp s1, 232(sp)         : MemRead :  D=0x000000000006f000 A=0x7ffffffffffffcb8
1752500: system.cpu: T0 : 0x1cc2a    : c_ldsp s3, 216(sp)         : MemRead :  D=0x000000000006efc0 A=0x7ffffffffffffca8
1753000: system.cpu: T0 : 0x1cc2c    : c_ldsp s4, 208(sp)         : MemRead :  D=0x0000000000070000 A=0x7ffffffffffffca0
1753500: system.cpu: T0 : 0x1cc2e    : c_ldsp s5, 200(sp)         : MemRead :  D=0x0000000000072000 A=0x7ffffffffffffc98
1754000: system.cpu: T0 : 0x1cc30    : c_ldsp s6, 192(sp)         : MemRead :  D=0x0000000000072000 A=0x7ffffffffffffc90
1754500: system.cpu: T0 : 0x1cc32    : c_ldsp s7, 184(sp)         : MemRead :  D=0x0000000000000000 A=0x7ffffffffffffc88
1755000: system.cpu: T0 : 0x1cc34    : c_ldsp s8, 176(sp)         : MemRead :  D=0x0000000000000000 A=0x7ffffffffffffc80
1755500: system.cpu: T0 : 0x1cc36    : c_ldsp s9, 168(sp)         : MemRead :  D=0x0000000000000000 A=0x7ffffffffffffc78
1756000: system.cpu: T0 : 0x1cc38    : c_ldsp s10, 160(sp)        : MemRead :  D=0x0000000000000000 A=0x7ffffffffffffc70
1756500: system.cpu: T0 : 0x1cc3a    : c_ldsp s11, 152(sp)        : MemRead :  D=0x0000000000000000 A=0x7ffffffffffffc68
1757000: system.cpu: T0 : 0x1cc3c    : c_mv a0, s2                : IntAlu :  D=0x0000000000074250
1757500: system.cpu: T0 : 0x1cc3e    : c_ldsp s2, 224(sp)         : MemRead :  D=0x0000000000000000 A=0x7ffffffffffffcb0
1758000: system.cpu: T0 : 0x1cc40    : c_addi16sp sp, 256         : IntAlu :  D=0x7ffffffffffffcd0
1758500: system.cpu: T0 : 0x1cc42    : c_jr ra                    : IntAlu : 
1759000: system.cpu: T0 : 0x1dda4    : c_mv a5, a0                : IntAlu :  D=0x0000000000074250
1759500: system.cpu: T0 : 0x1dda6    : c_beqz a0, 150             : IntAlu : 
1760000: system.cpu: T0 : 0x1dda8    : ld a4, -8(a0)              : MemRead :  D=0x0000000000000031 A=0x74248
1760500: system.cpu: T0 : 0x1ddac    : andi a3, a4, 2             : IntAlu :  D=0x0000000000000000
1761000: system.cpu: T0 : 0x1ddb0    : c_bnez a3, 26              : IntAlu : 
1761500: system.cpu: T0 : 0x1ddb2    : c_andi a4, 4               : IntAlu :  D=0x0000000000000000
1762000: system.cpu: T0 : 0x1ddb4    : c_beqz a4, 22              : IntAlu : 
1762500: system.cpu: T0 : 0x1ddca    : c_ldsp ra, 24(sp)          : MemRead :  D=0x000000000003b376 A=0x7ffffffffffffce8
1763000: system.cpu: T0 : 0x1ddcc    : c_ldsp s0, 16(sp)          : MemRead :  D=0x7ffffffffffffd30 A=0x7ffffffffffffce0
1763500: system.cpu: T0 : 0x1ddce    : c_ldsp s1, 8(sp)           : MemRead :  D=0x000000000006feb0 A=0x7ffffffffffffcd8
1764000: system.cpu: T0 : 0x1ddd0    : c_ldsp s2, 0(sp)           : MemRead :  D=0x0000000000000000 A=0x7ffffffffffffcd0
1764500: system.cpu: T0 : 0x1ddd2    : c_mv a0, a5                : IntAlu :  D=0x0000000000074250
1765000: system.cpu: T0 : 0x1ddd4    : c_addi16sp sp, 32          : IntAlu :  D=0x7ffffffffffffcf0
1765500: system.cpu: T0 : 0x1ddd6    : c_jr ra                    : IntAlu : 
1766500: system.cpu: T0 : 0x3b376    : sd a0, 32(s3)              : MemWrite :  D=0x0000000000074250 A=0x6efe0
1767500: system.cpu: T0 : 0x3b37a    : beq a0, zero, 382          : IntAlu : 
1768500: system.cpu: T0 : 0x3b37e    : ld s1, 16(s3)              : MemRead :  D=0x0000000000000002 A=0x6efd0
1769500: system.cpu: T0 : 0x3b382    : addi a7, zero, 40          : IntAlu :  D=0x0000000000000028
1770000: system.cpu: T0 : 0x3b386    : c_mv s5, a0                : IntAlu :  D=0x0000000000074250
1770500: system.cpu: T0 : 0x3b388    : slli s4, s1, 2             : IntAlu :  D=0x0000000000000008
1771000: system.cpu: T0 : 0x3b38c    : addi s4, s4, 79            : IntAlu :  D=0x0000000000000057
1771500: system.cpu: T0 : 0x3b390    : divu s4, s4, a7            : IntDiv :  D=0x0000000000000002
1772000: system.cpu: T0 : 0x3b394    : slli a7, s4, 2             : IntAlu :  D=0x0000000000000008
1772500: system.cpu: T0 : 0x3b398    : c_add s4, a7               : IntAlu :  D=0x000000000000000a
1773500: system.cpu: T0 : 0x3b39a    : slli a0, s4, 5             : IntAlu :  D=0x0000000000000140
1774500: system.cpu: T0 : 0x3b39e    : jal ra, -120388            : IntAlu :  D=0x000000000003b3a2
1775500: system.cpu: T0 : 0x1dd5a    : ld t1, -1848(gp)           : MemRead :  D=0x0000000000000000 A=0x70948
1776500: system.cpu: T0 : 0x1dd5e    : bne t1, zero, 260          : IntAlu : 
1777000: system.cpu: T0 : 0x1dd62    : c_addi sp, -32             : IntAlu :  D=0x7ffffffffffffcd0
1777500: system.cpu: T0 : 0x1dd64    : c_sdsp s0, 16(sp)          : MemWrite :  D=0x7ffffffffffffd30 A=0x7ffffffffffffce0
1778000: system.cpu: T0 : 0x1dd66    : c_sdsp ra, 24(sp)          : MemWrite :  D=0x000000000003b3a2 A=0x7ffffffffffffce8
1778500: system.cpu: T0 : 0x1dd68    : c_sdsp s1, 8(sp)           : MemWrite :  D=0x0000000000000002 A=0x7ffffffffffffcd8
1779000: system.cpu: T0 : 0x1dd6a    : c_sdsp s2, 0(sp)           : MemWrite :  D=0x0000000000000000 A=0x7ffffffffffffcd0
1779500: system.cpu: T0 : 0x1dd6c    : c_mv s0, a0                : IntAlu :  D=0x0000000000000140
1780500: system.cpu: T0 : 0x1dd6e    : blt a0, zero, 222          : IntAlu : 
1781500: system.cpu: T0 : 0x1dd72    : addi a5, a0, 23            : IntAlu :  D=0x0000000000000157
1782000: system.cpu: T0 : 0x1dd76    : c_li a4, 31                : IntAlu :  D=0x000000000000001f
1782500: system.cpu: T0 : 0x1dd78    : c_li s1, 0                 : IntAlu :  D=0x0000000000000000
1783500: system.cpu: T0 : 0x1dd7a    : bltu a4, a5, 94            : IntAlu : 
1784000: system.cpu: T0 : 0x1ddd8    : c_andi a5, 18446744073709551600 : IntAlu :  D=0x0000000000000150
1784500: system.cpu: T0 : 0x1ddda    : c_addi a5, -17             : IntAlu :  D=0x000000000000013f
1785000: system.cpu: T0 : 0x1dddc    : srli s1, a5, 4             : IntAlu :  D=0x0000000000000013
1785500: system.cpu: T0 : 0x1dde0    : c_j -98                    : IntAlu : 
1786500: system.cpu: T0 : 0x1dd7e    : ld a4, 40(tp)              : MemRead :  D=0x0000000000073f90 A=0x73738
1787000: system.cpu: T0 : 0x1dd82    : c_beqz a4, 96              : IntAlu : 
1787500: system.cpu: T0 : 0x1dd84    : lui a5, 111                : IntAlu :  D=0x000000000006f000
1788000: system.cpu: T0 : 0x1dd88    : ld a5, 1528(a5)            : MemRead :  D=0x0000000000000040 A=0x6f5f8
1788500: system.cpu: T0 : 0x1dd8c    : bltu s1, a5, 114           : IntAlu : 
1789500: system.cpu: T0 : 0x1ddfe    : slli a3, s1, 1             : IntAlu :  D=0x0000000000000026
1790000: system.cpu: T0 : 0x1de02    : c_add a3, a4               : IntAlu :  D=0x0000000000073fb6
1790500: system.cpu: T0 : 0x1de04    : lhu a2, 0(a3)              : MemRead :  D=0x0000000000000000 A=0x73fb6
1791000: system.cpu: T0 : 0x1de08    : c_beqz a2, -120            : IntAlu : 
1791500: system.cpu: T0 : 0x1dd90    : lw a5, -1808(tp)           : MemRead :  D=0x0000000000000000 A=0x73000
1792000: system.cpu: T0 : 0x1dd94    : c_bnez a5, 210             : IntAlu : 
1793000: system.cpu: T0 : 0x1dd96    : lui s1, 111                : IntAlu :  D=0x000000000006f000
1793500: system.cpu: T0 : 0x1dd9a    : c_mv a1, s0                : IntAlu :  D=0x0000000000000140
1794000: system.cpu: T0 : 0x1dd9c    : addi a0, s1, 1560          : IntAlu :  D=0x000000000006f618
1794500: system.cpu: T0 : 0x1dda0    : jal ra, -5230              : IntAlu :  D=0x000000000001dda4
1795000: system.cpu: T0 : 0x1c932    : c_addi16sp sp, -256        : IntAlu :  D=0x7ffffffffffffbd0
1795500: system.cpu: T0 : 0x1c934    : c_sdsp ra, 248(sp)         : MemWrite :  D=0x000000000001dda4 A=0x7ffffffffffffcc8
1796000: system.cpu: T0 : 0x1c936    : c_sdsp s0, 240(sp)         : MemWrite :  D=0x0000000000000140 A=0x7ffffffffffffcc0
1796500: system.cpu: T0 : 0x1c938    : c_sdsp s1, 232(sp)         : MemWrite :  D=0x000000000006f000 A=0x7ffffffffffffcb8
1797000: system.cpu: T0 : 0x1c93a    : c_sdsp s2, 224(sp)         : MemWrite :  D=0x0000000000000000 A=0x7ffffffffffffcb0
1797500: system.cpu: T0 : 0x1c93c    : c_sdsp s3, 216(sp)         : MemWrite :  D=0x000000000006efc0 A=0x7ffffffffffffca8
1798000: system.cpu: T0 : 0x1c93e    : c_sdsp s4, 208(sp)         : MemWrite :  D=0x000000000000000a A=0x7ffffffffffffca0
1798500: system.cpu: T0 : 0x1c940    : c_sdsp s5, 200(sp)         : MemWrite :  D=0x0000000000074250 A=0x7ffffffffffffc98
1799000: system.cpu: T0 : 0x1c942    : c_sdsp s6, 192(sp)         : MemWrite :  D=0x0000000000072000 A=0x7ffffffffffffc90
1799500: system.cpu: T0 : 0x1c944    : c_sdsp s7, 184(sp)         : MemWrite :  D=0x0000000000000000 A=0x7ffffffffffffc88
1800000: system.cpu: T0 : 0x1c946    : c_sdsp s8, 176(sp)         : MemWrite :  D=0x0000000000000000 A=0x7ffffffffffffc80
1800500: system.cpu: T0 : 0x1c948    : c_sdsp s9, 168(sp)         : MemWrite :  D=0x0000000000000000 A=0x7ffffffffffffc78
1801000: system.cpu: T0 : 0x1c94a    : c_sdsp s10, 160(sp)        : MemWrite :  D=0x0000000000000000 A=0x7ffffffffffffc70
1801500: system.cpu: T0 : 0x1c94c    : c_sdsp s11, 152(sp)        : MemWrite :  D=0x0000000000000000 A=0x7ffffffffffffc68
1802500: system.cpu: T0 : 0x1c94e    : blt a1, zero, 1198         : IntAlu : 
1803500: system.cpu: T0 : 0x1c952    : addi s0, a1, 23            : IntAlu :  D=0x0000000000000157
1804000: system.cpu: T0 : 0x1c956    : c_li a5, 31                : IntAlu :  D=0x000000000000001f
1804500: system.cpu: T0 : 0x1c958    : c_mv s3, a1                : IntAlu :  D=0x0000000000000140
1805000: system.cpu: T0 : 0x1c95a    : c_mv s1, a0                : IntAlu :  D=0x000000000006f618
1805500: system.cpu: T0 : 0x1c95c    : bltu a5, s0, 220           : IntAlu : 
1806000: system.cpu: T0 : 0x1ca38    : c_andi s0, 18446744073709551600 : IntAlu :  D=0x0000000000000150
1807000: system.cpu: T0 : 0x1ca3a    : beq a0, zero, 988          : IntAlu : 
1808000: system.cpu: T0 : 0x1ca3e    : ld a4, -1376(gp)           : MemRead :  D=0x0000000000000080 A=0x70b20
1809000: system.cpu: T0 : 0x1ca42    : srliw s9, s0, 4            : IntAlu :  D=0x0000000000000015
1810000: system.cpu: T0 : 0x1ca46    : srliw a5, s0, 4            : IntAlu :  D=0x0000000000000015
1811000: system.cpu: T0 : 0x1ca4a    : bgeu a4, s0, 506           : IntAlu : 
1812000: system.cpu: T0 : 0x1ca4e    : addi a4, zero, 1023        : IntAlu :  D=0x00000000000003ff
1813000: system.cpu: T0 : 0x1ca52    : bgeu a4, s0, 1722          : IntAlu : 
1813500: system.cpu: T0 : 0x1d10c    : c_addiw a5, -1             : IntAlu :  D=0x0000000000000014
1814000: system.cpu: T0 : 0x1d10e    : c_j -1406                  : IntAlu : 
1814500: system.cpu: T0 : 0x1cb90    : slliw a5, a5, 1            : IntAlu :  D=0x0000000000000028
1815000: system.cpu: T0 : 0x1cb94    : c_slli a5, 32              : IntAlu :  D=0x0000002800000000
1815500: system.cpu: T0 : 0x1cb96    : c_srli a5, 32              : IntAlu :  D=0x0000000000000028
1816000: system.cpu: T0 : 0x1cb98    : c_addi a5, 14              : IntAlu :  D=0x0000000000000036
1816500: system.cpu: T0 : 0x1cb9a    : c_slli a5, 3               : IntAlu :  D=0x00000000000001b0
1817000: system.cpu: T0 : 0x1cb9c    : c_j -550                   : IntAlu : 
1817500: system.cpu: T0 : 0x1c976    : c_add a5, s1               : IntAlu :  D=0x000000000006f7c8
1818000: system.cpu: T0 : 0x1c978    : ld s2, 8(a5)               : MemRead :  D=0x000000000006f7b8 A=0x6f7d0
1818500: system.cpu: T0 : 0x1c97c    : addi a3, a5, -16           : IntAlu :  D=0x000000000006f7b8
1819000: system.cpu: T0 : 0x1c980    : beq a3, s2, 748            : IntAlu : 
1819500: system.cpu: T0 : 0x1cc6c    : srli t1, s0, 9             : IntAlu :  D=0x0000000000000000
1820000: system.cpu: T0 : 0x1cc70    : addiw a5, t1, 91           : IntAlu :  D=0x000000000000005b
1820500: system.cpu: T0 : 0x1cc74    : srli s10, s0, 6            : IntAlu :  D=0x0000000000000005
1821000: system.cpu: T0 : 0x1cc78    : c_sdsp a5, 96(sp)          : MemWrite :  D=0x000000000000005b A=0x7ffffffffffffc30
1822000: system.cpu: T0 : 0x1cc7a    : addiw a5, s10, 48          : IntAlu :  D=0x0000000000000035
1822500: system.cpu: T0 : 0x1cc7e    : c_sdsp a5, 88(sp)          : MemWrite :  D=0x0000000000000035 A=0x7ffffffffffffc28
1823000: system.cpu: T0 : 0x1cc80    : addi a5, zero, 110         : IntAlu :  D=0x000000000000006e
1823500: system.cpu: T0 : 0x1cc84    : c_sdsp a5, 112(sp)         : MemWrite :  D=0x000000000000006e A=0x7ffffffffffffc40
1824500: system.cpu: T0 : 0x1cc86    : addi a5, zero, 119         : IntAlu :  D=0x0000000000000077
1825000: system.cpu: T0 : 0x1cc8a    : c_sdsp a5, 104(sp)         : MemWrite :  D=0x0000000000000077 A=0x7ffffffffffffc38
1825500: system.cpu: T0 : 0x1cc8c    : addi a5, zero, 124         : IntAlu :  D=0x000000000000007c
1826000: system.cpu: T0 : 0x1cc90    : c_sdsp s9, 8(sp)           : MemWrite :  D=0x0000000000000015 A=0x7ffffffffffffbd8
1826500: system.cpu: T0 : 0x1cc92    : c_sdsp a5, 120(sp)         : MemWrite :  D=0x000000000000007c A=0x7ffffffffffffc48
1827000: system.cpu: T0 : 0x1cc94    : c_sdsp zero, 128(sp)       : MemWrite :  D=0x0000000000000000 A=0x7ffffffffffffc50
1827500: system.cpu: T0 : 0x1cc96    : c_sdsp zero, 136(sp)       : MemWrite :  D=0x0000000000000000 A=0x7ffffffffffffc58
1828000: system.cpu: T0 : 0x1cc98    : ld a5, 40(tp)              : MemRead :  D=0x0000000000073f90 A=0x73738
1828500: system.cpu: T0 : 0x1cc9c    : addi s6, s0, -17           : IntAlu :  D=0x000000000000013f
1829000: system.cpu: T0 : 0x1cca0    : srli s6, s6, 4             : IntAlu :  D=0x0000000000000013
1829500: system.cpu: T0 : 0x1cca4    : c_li s5, 0                 : IntAlu :  D=0x0000000000000000
1830000: system.cpu: T0 : 0x1cca6    : c_beqz a5, 22              : IntAlu : 
1830500: system.cpu: T0 : 0x1cca8    : lui a5, 111                : IntAlu :  D=0x000000000006f000
1831000: system.cpu: T0 : 0x1ccac    : ld s5, 1528(a5)            : MemRead :  D=0x0000000000000040 A=0x6f5f8
1831500: system.cpu: T0 : 0x1ccb0    : sltu s5, s6, s5            : IntAlu :  D=0x0000000000000001
1832000: system.cpu: T0 : 0x1ccb4    : sub s5, zero, s5           : IntAlu :  D=0xffffffffffffffff
1832500: system.cpu: T0 : 0x1ccb8    : and s5, s0, s5             : IntAlu :  D=0x0000000000000150
1833000: system.cpu: T0 : 0x1ccbc    : lui a5, 111                : IntAlu :  D=0x000000000006f000
1833500: system.cpu: T0 : 0x1ccc0    : c_lui s11, 1               : IntAlu :  D=0x0000000000001000
1834500: system.cpu: T0 : 0x1ccc2    : lui s7, 111                : IntAlu :  D=0x000000000006f000
1835500: system.cpu: T0 : 0x1ccc6    : addi a5, a5, 1560          : IntAlu :  D=0x000000000006f618
1836500: system.cpu: T0 : 0x1ccca    : addi s8, s1, 96            : IntAlu :  D=0x000000000006f678
1837000: system.cpu: T0 : 0x1ccce    : c_li t5, 0                 : IntAlu :  D=0x0000000000000000
1837500: system.cpu: T0 : 0x1ccd0    : addi s7, s7, 1448          : IntAlu :  D=0x000000000006f5a8
1838000: system.cpu: T0 : 0x1ccd4    : add a7, s1, s11            : IntAlu :  D=0x0000000000070618
1838500: system.cpu: T0 : 0x1ccd8    : c_sdsp a5, 56(sp)          : MemWrite :  D=0x000000000006f618 A=0x7ffffffffffffc08
1839000: system.cpu: T0 : 0x1ccda    : c_ld a5, 120(s1)           : MemRead :  D=0x000000000006f678 A=0x6f690
1839500: system.cpu: T0 : 0x1ccdc    : beq a5, s8, 532            : IntAlu : 
1840000: system.cpu: T0 : 0x1cef0    : addi a5, zero, 1023        : IntAlu :  D=0x00000000000003ff
1840500: system.cpu: T0 : 0x1cef4    : bgeu a5, s0, 38            : IntAlu : 
1841000: system.cpu: T0 : 0x1cf1a    : c_ldsp a3, 8(sp)           : MemRead :  D=0x0000000000000015 A=0x7ffffffffffffbd8
1841500: system.cpu: T0 : 0x1cf1c    : c_li a0, 4                 : IntAlu :  D=0x0000000000000004
1842500: system.cpu: T0 : 0x1cf1e    : addiw a5, a3, 1            : IntAlu :  D=0x0000000000000016
1843500: system.cpu: T0 : 0x1cf22    : srliw a4, a5, 5            : IntAlu :  D=0x0000000000000000
1844500: system.cpu: T0 : 0x1cf26    : slliw a3, a3, 1            : IntAlu :  D=0x000000000000002a
1845500: system.cpu: T0 : 0x1cf2a    : addi a4, a4, 536           : IntAlu :  D=0x0000000000000218
1846000: system.cpu: T0 : 0x1cf2e    : c_slli a3, 32              : IntAlu :  D=0x0000002a00000000
1846500: system.cpu: T0 : 0x1cf30    : c_slli a4, 2               : IntAlu :  D=0x0000000000000860
1847000: system.cpu: T0 : 0x1cf32    : c_srli a3, 32              : IntAlu :  D=0x000000000000002a
1847500: system.cpu: T0 : 0x1cf34    : c_add a4, s1               : IntAlu :  D=0x000000000006fe78
1848000: system.cpu: T0 : 0x1cf36    : c_slli a3, 3               : IntAlu :  D=0x0000000000000150
1848500: system.cpu: T0 : 0x1cf38    : c_lw a2, 0(a4)             : MemRead :  D=0x0000000000000000 A=0x6fe78
1849500: system.cpu: T0 : 0x1cf3a    : addi a3, a3, 96            : IntAlu :  D=0x00000000000001b0
1850000: system.cpu: T0 : 0x1cf3e    : c_li a4, 1                 : IntAlu :  D=0x0000000000000001
1850500: system.cpu: T0 : 0x1cf40    : srliw s2, a5, 5            : IntAlu :  D=0x0000000000000000
1851000: system.cpu: T0 : 0x1cf44    : c_add a3, s1               : IntAlu :  D=0x000000000006f7c8
1852000: system.cpu: T0 : 0x1cf46    : sllw a5, a4, a5            : IntAlu :  D=0x0000000000400000
1853000: system.cpu: T0 : 0x1cf4a    : bltu a2, a5, 144           : IntAlu : 
1854000: system.cpu: T0 : 0x1cfda    : addiw a5, s2, 1            : IntAlu :  D=0x0000000000000001
1855000: system.cpu: T0 : 0x1cfde    : addiw s2, a5, 0            : IntAlu :  D=0x0000000000000001
1856000: system.cpu: T0 : 0x1cfe2    : bne s2, a0, -26            : IntAlu : 
1856500: system.cpu: T0 : 0x1cfc8    : c_slli a5, 32              : IntAlu :  D=0x0000000100000000
1857000: system.cpu: T0 : 0x1cfca    : c_srli a5, 32              : IntAlu :  D=0x0000000000000001
1857500: system.cpu: T0 : 0x1cfcc    : addi a5, a5, 536           : IntAlu :  D=0x0000000000000219
1858000: system.cpu: T0 : 0x1cfd0    : c_slli a5, 2               : IntAlu :  D=0x0000000000000864
1858500: system.cpu: T0 : 0x1cfd2    : c_add a5, s1               : IntAlu :  D=0x000000000006fe7c
1859000: system.cpu: T0 : 0x1cfd4    : c_lw a2, 0(a5)             : MemRead :  D=0x0000000000000000 A=0x6fe7c
1860000: system.cpu: T0 : 0x1cfd6    : bne a2, zero, 384          : IntAlu : 
1861000: system.cpu: T0 : 0x1cfda    : addiw a5, s2, 1            : IntAlu :  D=0x0000000000000002
1862000: system.cpu: T0 : 0x1cfde    : addiw s2, a5, 0            : IntAlu :  D=0x0000000000000002
1863000: system.cpu: T0 : 0x1cfe2    : bne s2, a0, -26            : IntAlu : 
1863500: system.cpu: T0 : 0x1cfc8    : c_slli a5, 32              : IntAlu :  D=0x0000000200000000
1864000: system.cpu: T0 : 0x1cfca    : c_srli a5, 32              : IntAlu :  D=0x0000000000000002
1864500: system.cpu: T0 : 0x1cfcc    : addi a5, a5, 536           : IntAlu :  D=0x000000000000021a
1865000: system.cpu: T0 : 0x1cfd0    : c_slli a5, 2               : IntAlu :  D=0x0000000000000868
1865500: system.cpu: T0 : 0x1cfd2    : c_add a5, s1               : IntAlu :  D=0x000000000006fe80
1866000: system.cpu: T0 : 0x1cfd4    : c_lw a2, 0(a5)             : MemRead :  D=0x0000000000000000 A=0x6fe80
1867000: system.cpu: T0 : 0x1cfd6    : bne a2, zero, 384          : IntAlu : 
1868000: system.cpu: T0 : 0x1cfda    : addiw a5, s2, 1            : IntAlu :  D=0x0000000000000003
1869000: system.cpu: T0 : 0x1cfde    : addiw s2, a5, 0            : IntAlu :  D=0x0000000000000003
1870000: system.cpu: T0 : 0x1cfe2    : bne s2, a0, -26            : IntAlu : 
1870500: system.cpu: T0 : 0x1cfc8    : c_slli a5, 32              : IntAlu :  D=0x0000000300000000
1871000: system.cpu: T0 : 0x1cfca    : c_srli a5, 32              : IntAlu :  D=0x0000000000000003
1871500: system.cpu: T0 : 0x1cfcc    : addi a5, a5, 536           : IntAlu :  D=0x000000000000021b
1872000: system.cpu: T0 : 0x1cfd0    : c_slli a5, 2               : IntAlu :  D=0x000000000000086c
1872500: system.cpu: T0 : 0x1cfd2    : c_add a5, s1               : IntAlu :  D=0x000000000006fe84
1873000: system.cpu: T0 : 0x1cfd4    : c_lw a2, 0(a5)             : MemRead :  D=0x0000000000000000 A=0x6fe84
1874000: system.cpu: T0 : 0x1cfd6    : bne a2, zero, 384          : IntAlu : 
1875000: system.cpu: T0 : 0x1cfda    : addiw a5, s2, 1            : IntAlu :  D=0x0000000000000004
1876000: system.cpu: T0 : 0x1cfde    : addiw s2, a5, 0            : IntAlu :  D=0x0000000000000004
1877000: system.cpu: T0 : 0x1cfe2    : bne s2, a0, -26            : IntAlu : 
1877500: system.cpu: T0 : 0x1cfe6    : c_ld a4, 96(s1)            : MemRead :  D=0x0000000000074270 A=0x6f678
1878000: system.cpu: T0 : 0x1cfe8    : ld a3, -1912(a7)           : MemRead :  D=0x0000000000021080 A=0x6fea0
1878500: system.cpu: T0 : 0x1cfec    : c_ld a5, 8(a4)             : MemRead :  D=0x0000000000020d91 A=0x74278
1879000: system.cpu: T0 : 0x1cfee    : c_andi a5, 18446744073709551608 : IntAlu :  D=0x0000000000020d90
1879500: system.cpu: T0 : 0x1cff0    : bltu a3, a5, 548           : IntAlu : 
1880000: system.cpu: T0 : 0x1cff4    : addi a3, s0, 32            : IntAlu :  D=0x0000000000000170
1880500: system.cpu: T0 : 0x1cff8    : bgeu a5, a3, 640           : IntAlu : 
1881000: system.cpu: T0 : 0x1d278    : add a0, a4, s0             : IntAlu :  D=0x00000000000743c0
1881500: system.cpu: T0 : 0x1d27c    : lui a2, 111                : IntAlu :  D=0x000000000006f000
1882000: system.cpu: T0 : 0x1d280    : c_sd a0, 96(s1)            : MemWrite :  D=0x00000000000743c0 A=0x6f678
1883000: system.cpu: T0 : 0x1d282    : addi a2, a2, 1560          : IntAlu :  D=0x000000000006f618
1883500: system.cpu: T0 : 0x1d286    : c_sub a5, s0               : IntAlu :  D=0x0000000000020c40
1884000: system.cpu: T0 : 0x1d288    : c_li a3, 4                 : IntAlu :  D=0x0000000000000004
1885000: system.cpu: T0 : 0x1d28a    : beq s1, a2, 116            : IntAlu : 
1885500: system.cpu: T0 : 0x1d2fe    : c_li a3, 0                 : IntAlu :  D=0x0000000000000000
1886000: system.cpu: T0 : 0x1d300    : c_j -114                   : IntAlu : 
1886500: system.cpu: T0 : 0x1d28e    : c_or a3, s0                : IntAlu :  D=0x0000000000000150
1887000: system.cpu: T0 : 0x1d290    : ori a3, a3, 1              : IntAlu :  D=0x0000000000000151
1887500: system.cpu: T0 : 0x1d294    : lw a1, -1396(gp)           : MemRead :  D=0x0000000000000000 A=0x70b0c
1888000: system.cpu: T0 : 0x1d298    : c_sd a3, 8(a4)             : MemWrite :  D=0x0000000000000151 A=0x74278
1889000: system.cpu: T0 : 0x1d29a    : ori a5, a5, 1              : IntAlu :  D=0x0000000000020c41
1889500: system.cpu: T0 : 0x1d29e    : c_sd a5, 8(a0)             : MemWrite :  D=0x0000000000020c41 A=0x743c8
1890000: system.cpu: T0 : 0x1d2a0    : addi s2, a4, 16            : IntAlu :  D=0x0000000000074280
1890500: system.cpu: T0 : 0x1d2a4    : beq a1, zero, -1664        : IntAlu : 
1891000: system.cpu: T0 : 0x1cc24    : c_ldsp ra, 248(sp)         : MemRead :  D=0x000000000001dda4 A=0x7ffffffffffffcc8
1891500: system.cpu: T0 : 0x1cc26    : c_ldsp s0, 240(sp)         : MemRead :  D=0x0000000000000140 A=0x7ffffffffffffcc0
1892000: system.cpu: T0 : 0x1cc28    : c_ldsp s1, 232(sp)         : MemRead :  D=0x000000000006f000 A=0x7ffffffffffffcb8
1892500: system.cpu: T0 : 0x1cc2a    : c_ldsp s3, 216(sp)         : MemRead :  D=0x000000000006efc0 A=0x7ffffffffffffca8
1893000: system.cpu: T0 : 0x1cc2c    : c_ldsp s4, 208(sp)         : MemRead :  D=0x000000000000000a A=0x7ffffffffffffca0
1893500: system.cpu: T0 : 0x1cc2e    : c_ldsp s5, 200(sp)         : MemRead :  D=0x0000000000074250 A=0x7ffffffffffffc98
1894000: system.cpu: T0 : 0x1cc30    : c_ldsp s6, 192(sp)         : MemRead :  D=0x0000000000072000 A=0x7ffffffffffffc90
1894500: system.cpu: T0 : 0x1cc32    : c_ldsp s7, 184(sp)         : MemRead :  D=0x0000000000000000 A=0x7ffffffffffffc88
1895000: system.cpu: T0 : 0x1cc34    : c_ldsp s8, 176(sp)         : MemRead :  D=0x0000000000000000 A=0x7ffffffffffffc80
1895500: system.cpu: T0 : 0x1cc36    : c_ldsp s9, 168(sp)         : MemRead :  D=0x0000000000000000 A=0x7ffffffffffffc78
1896000: system.cpu: T0 : 0x1cc38    : c_ldsp s10, 160(sp)        : MemRead :  D=0x0000000000000000 A=0x7ffffffffffffc70
1896500: system.cpu: T0 : 0x1cc3a    : c_ldsp s11, 152(sp)        : MemRead :  D=0x0000000000000000 A=0x7ffffffffffffc68
1897000: system.cpu: T0 : 0x1cc3c    : c_mv a0, s2                : IntAlu :  D=0x0000000000074280
1897500: system.cpu: T0 : 0x1cc3e    : c_ldsp s2, 224(sp)         : MemRead :  D=0x0000000000000000 A=0x7ffffffffffffcb0
1898000: system.cpu: T0 : 0x1cc40    : c_addi16sp sp, 256         : IntAlu :  D=0x7ffffffffffffcd0
1898500: system.cpu: T0 : 0x1cc42    : c_jr ra                    : IntAlu : 
1899000: system.cpu: T0 : 0x1dda4    : c_mv a5, a0                : IntAlu :  D=0x0000000000074280
1899500: system.cpu: T0 : 0x1dda6    : c_beqz a0, 150             : IntAlu : 
1900000: system.cpu: T0 : 0x1dda8    : ld a4, -8(a0)              : MemRead :  D=0x0000000000000151 A=0x74278
1900500: system.cpu: T0 : 0x1ddac    : andi a3, a4, 2             : IntAlu :  D=0x0000000000000000
1901000: system.cpu: T0 : 0x1ddb0    : c_bnez a3, 26              : IntAlu : 
1901500: system.cpu: T0 : 0x1ddb2    : c_andi a4, 4               : IntAlu :  D=0x0000000000000000
1902000: system.cpu: T0 : 0x1ddb4    : c_beqz a4, 22              : IntAlu : 
1902500: system.cpu: T0 : 0x1ddca    : c_ldsp ra, 24(sp)          : MemRead :  D=0x000000000003b3a2 A=0x7ffffffffffffce8
1903000: system.cpu: T0 : 0x1ddcc    : c_ldsp s0, 16(sp)          : MemRead :  D=0x7ffffffffffffd30 A=0x7ffffffffffffce0
1903500: system.cpu: T0 : 0x1ddce    : c_ldsp s1, 8(sp)           : MemRead :  D=0x0000000000000002 A=0x7ffffffffffffcd8
1904000: system.cpu: T0 : 0x1ddd0    : c_ldsp s2, 0(sp)           : MemRead :  D=0x0000000000000000 A=0x7ffffffffffffcd0
1904500: system.cpu: T0 : 0x1ddd2    : c_mv a0, a5                : IntAlu :  D=0x0000000000074280
1905000: system.cpu: T0 : 0x1ddd4    : c_addi16sp sp, 32          : IntAlu :  D=0x7ffffffffffffcf0
1905500: system.cpu: T0 : 0x1ddd6    : c_jr ra                    : IntAlu : 
1906500: system.cpu: T0 : 0x3b3a2    : sd a0, 0(s5)               : MemWrite :  D=0x0000000000074280 A=0x74250
1907000: system.cpu: T0 : 0x3b3a6    : c_mv a2, a0                : IntAlu :  D=0x0000000000074280
1907500: system.cpu: T0 : 0x3b3a8    : beq a0, zero, 386          : IntAlu : 
1908000: system.cpu: T0 : 0x3b3ac    : lui a5, 114                : IntAlu :  D=0x0000000000072000
1908500: system.cpu: T0 : 0x3b3b0    : lui a3, 98                 : IntAlu :  D=0x0000000000062000
1909000: system.cpu: T0 : 0x3b3b4    : lui a0, 98                 : IntAlu :  D=0x0000000000062000
1909500: system.cpu: T0 : 0x3b3b8    : addi a3, a3, -960          : IntAlu :  D=0x0000000000061c40
1910000: system.cpu: T0 : 0x3b3bc    : addi a0, a0, -1408         : IntAlu :  D=0x0000000000061a80
1910500: system.cpu: T0 : 0x3b3c0    : sd a2, 104(a5)             : MemWrite :  D=0x0000000000074280 A=0x72068
1911000: system.cpu: T0 : 0x3b3c4    : c_li a5, 23                : IntAlu :  D=0x0000000000000017
1911500: system.cpu: T0 : 0x3b3c6    : c_sd a3, 24(a2)            : MemWrite :  D=0x0000000000061c40 A=0x74298
1912000: system.cpu: T0 : 0x3b3c8    : addi a6, a3, 72            : IntAlu :  D=0x0000000000061c88
1912500: system.cpu: T0 : 0x3b3cc    : sw zero, 40(s3)            : MemWrite :  D=0x0000000000000000 A=0x6efe8
1913000: system.cpu: T0 : 0x3b3d0    : addi a1, s5, 8             : IntAlu :  D=0x0000000000074258
1913500: system.cpu: T0 : 0x3b3d4    : c_sd a0, 8(a2)             : MemWrite :  D=0x0000000000061a80 A=0x74288
1914500: system.cpu: T0 : 0x3b3d6    : sd zero, 16(a2)            : MemWrite :  D=0x0000000000000000 A=0x74290
1915000: system.cpu: T0 : 0x3b3da    : c_sd a5, 32(a2)            : MemWrite :  D=0x0000000000000017 A=0x742a0
1915500: system.cpu: T0 : 0x3b3dc    : slli a7, s4, 3             : IntAlu :  D=0x0000000000000050
1916000: system.cpu: T0 : 0x3b3e0    : addi t3, s5, 32            : IntAlu :  D=0x0000000000074270
1916500: system.cpu: T0 : 0x3b3e4    : c_addi a3, 24              : IntAlu :  D=0x0000000000061c58
1917500: system.cpu: T0 : 0x3b3e6    : addi t4, zero, 47          : IntAlu :  D=0x000000000000002f
1918500: system.cpu: T0 : 0x3b3ea    : addi a4, a2, 40            : IntAlu :  D=0x00000000000742a8
1919000: system.cpu: T0 : 0x3b3ee    : c_li a5, 0                 : IntAlu :  D=0x0000000000000000
1919500: system.cpu: T0 : 0x3b3f0    : c_beqz s1, 14              : IntAlu : 
1920500: system.cpu: T0 : 0x3b3f2    : sw zero, 0(a4)             : MemWrite :  D=0x0000000000000000 A=0x742a8
1921000: system.cpu: T0 : 0x3b3f6    : c_addi a5, 1               : IntAlu :  D=0x0000000000000001
1921500: system.cpu: T0 : 0x3b3f8    : c_addi a4, 4               : IntAlu :  D=0x00000000000742ac
1922500: system.cpu: T0 : 0x3b3fa    : bne s1, a5, -8             : IntAlu : 
1923500: system.cpu: T0 : 0x3b3f2    : sw zero, 0(a4)             : MemWrite :  D=0x0000000000000000 A=0x742ac
1924000: system.cpu: T0 : 0x3b3f6    : c_addi a5, 1               : IntAlu :  D=0x0000000000000002
1924500: system.cpu: T0 : 0x3b3f8    : c_addi a4, 4               : IntAlu :  D=0x00000000000742b0
1925500: system.cpu: T0 : 0x3b3fa    : bne s1, a5, -8             : IntAlu : 
1926500: system.cpu: T0 : 0x3b3fe    : beq t3, a1, 48             : IntAlu : 
1927500: system.cpu: T0 : 0x3b402    : ld a4, 8(a6)               : MemRead :  D=0x000000000000001b A=0x61c90
1928500: system.cpu: T0 : 0x3b406    : add a5, a2, a7             : IntAlu :  D=0x00000000000742d0
1929500: system.cpu: T0 : 0x3b40a    : lbu t1, 0(a3)              : MemRead :  D=0x000000000000002f A=0x61c58
1930000: system.cpu: T0 : 0x3b40e    : c_sd a5, 0(a2)             : MemWrite :  D=0x00000000000742d0 A=0x74280
1930500: system.cpu: T0 : 0x3b410    : c_sd a3, 24(a5)            : MemWrite :  D=0x0000000000061c58 A=0x742e8
1931500: system.cpu: T0 : 0x3b412    : addi a2, a4, 1             : IntAlu :  D=0x000000000000001c
1932000: system.cpu: T0 : 0x3b416    : c_sd a5, 0(a1)             : MemWrite :  D=0x00000000000742d0 A=0x74258
1932500: system.cpu: T0 : 0x3b418    : c_sd a0, 8(a5)             : MemWrite :  D=0x0000000000061a80 A=0x742d8
1933500: system.cpu: T0 : 0x3b41a    : sd zero, 16(a5)            : MemWrite :  D=0x0000000000000000 A=0x742e0
1934000: system.cpu: T0 : 0x3b41e    : c_sd a4, 32(a5)            : MemWrite :  D=0x000000000000001b A=0x742f0
1934500: system.cpu: T0 : 0x3b420    : c_addi a1, 8               : IntAlu :  D=0x0000000000074260
1935000: system.cpu: T0 : 0x3b422    : c_add a3, a2               : IntAlu :  D=0x0000000000061c74
1935500: system.cpu: T0 : 0x3b424    : c_addi a6, 8               : IntAlu :  D=0x0000000000061c90
1936500: system.cpu: T0 : 0x3b426    : bne t1, t4, 228            : IntAlu : 
1937000: system.cpu: T0 : 0x3b42a    : c_mv a2, a5                : IntAlu :  D=0x00000000000742d0
1937500: system.cpu: T0 : 0x3b42c    : c_j -66                    : IntAlu : 
1938500: system.cpu: T0 : 0x3b3ea    : addi a4, a2, 40            : IntAlu :  D=0x00000000000742f8
1939000: system.cpu: T0 : 0x3b3ee    : c_li a5, 0                 : IntAlu :  D=0x0000000000000000
1939500: system.cpu: T0 : 0x3b3f0    : c_beqz s1, 14              : IntAlu : 
1940500: system.cpu: T0 : 0x3b3f2    : sw zero, 0(a4)             : MemWrite :  D=0x0000000000000000 A=0x742f8
1941000: system.cpu: T0 : 0x3b3f6    : c_addi a5, 1               : IntAlu :  D=0x0000000000000001
1941500: system.cpu: T0 : 0x3b3f8    : c_addi a4, 4               : IntAlu :  D=0x00000000000742fc
1942500: system.cpu: T0 : 0x3b3fa    : bne s1, a5, -8             : IntAlu : 
1943500: system.cpu: T0 : 0x3b3f2    : sw zero, 0(a4)             : MemWrite :  D=0x0000000000000000 A=0x742fc
1944000: system.cpu: T0 : 0x3b3f6    : c_addi a5, 1               : IntAlu :  D=0x0000000000000002
1944500: system.cpu: T0 : 0x3b3f8    : c_addi a4, 4               : IntAlu :  D=0x0000000000074300
1945500: system.cpu: T0 : 0x3b3fa    : bne s1, a5, -8             : IntAlu : 
1946500: system.cpu: T0 : 0x3b3fe    : beq t3, a1, 48             : IntAlu : 
1947500: system.cpu: T0 : 0x3b402    : ld a4, 8(a6)               : MemRead :  D=0x0000000000000005 A=0x61c98
1948500: system.cpu: T0 : 0x3b406    : add a5, a2, a7             : IntAlu :  D=0x0000000000074320
1949500: system.cpu: T0 : 0x3b40a    : lbu t1, 0(a3)              : MemRead :  D=0x000000000000002f A=0x61c74
1950000: system.cpu: T0 : 0x3b40e    : c_sd a5, 0(a2)             : MemWrite :  D=0x0000000000074320 A=0x742d0
1950500: system.cpu: T0 : 0x3b410    : c_sd a3, 24(a5)            : MemWrite :  D=0x0000000000061c74 A=0x74338
1951500: system.cpu: T0 : 0x3b412    : addi a2, a4, 1             : IntAlu :  D=0x0000000000000006
1952000: system.cpu: T0 : 0x3b416    : c_sd a5, 0(a1)             : MemWrite :  D=0x0000000000074320 A=0x74260
1952500: system.cpu: T0 : 0x3b418    : c_sd a0, 8(a5)             : MemWrite :  D=0x0000000000061a80 A=0x74328
1953500: system.cpu: T0 : 0x3b41a    : sd zero, 16(a5)            : MemWrite :  D=0x0000000000000000 A=0x74330
1954000: system.cpu: T0 : 0x3b41e    : c_sd a4, 32(a5)            : MemWrite :  D=0x0000000000000005 A=0x74340
1954500: system.cpu: T0 : 0x3b420    : c_addi a1, 8               : IntAlu :  D=0x0000000000074268
1955000: system.cpu: T0 : 0x3b422    : c_add a3, a2               : IntAlu :  D=0x0000000000061c7a
1955500: system.cpu: T0 : 0x3b424    : c_addi a6, 8               : IntAlu :  D=0x0000000000061c98
1956500: system.cpu: T0 : 0x3b426    : bne t1, t4, 228            : IntAlu : 
1957000: system.cpu: T0 : 0x3b42a    : c_mv a2, a5                : IntAlu :  D=0x0000000000074320
1957500: system.cpu: T0 : 0x3b42c    : c_j -66                    : IntAlu : 
1958500: system.cpu: T0 : 0x3b3ea    : addi a4, a2, 40            : IntAlu :  D=0x0000000000074348
1959000: system.cpu: T0 : 0x3b3ee    : c_li a5, 0                 : IntAlu :  D=0x0000000000000000
1959500: system.cpu: T0 : 0x3b3f0    : c_beqz s1, 14              : IntAlu : 
1960500: system.cpu: T0 : 0x3b3f2    : sw zero, 0(a4)             : MemWrite :  D=0x0000000000000000 A=0x74348
1961000: system.cpu: T0 : 0x3b3f6    : c_addi a5, 1               : IntAlu :  D=0x0000000000000001
1961500: system.cpu: T0 : 0x3b3f8    : c_addi a4, 4               : IntAlu :  D=0x000000000007434c
1962500: system.cpu: T0 : 0x3b3fa    : bne s1, a5, -8             : IntAlu : 
1963500: system.cpu: T0 : 0x3b3f2    : sw zero, 0(a4)             : MemWrite :  D=0x0000000000000000 A=0x7434c
1964000: system.cpu: T0 : 0x3b3f6    : c_addi a5, 1               : IntAlu :  D=0x0000000000000002
1964500: system.cpu: T0 : 0x3b3f8    : c_addi a4, 4               : IntAlu :  D=0x0000000000074350
1965500: system.cpu: T0 : 0x3b3fa    : bne s1, a5, -8             : IntAlu : 
1966500: system.cpu: T0 : 0x3b3fe    : beq t3, a1, 48             : IntAlu : 
1967500: system.cpu: T0 : 0x3b402    : ld a4, 8(a6)               : MemRead :  D=0x0000000000000009 A=0x61ca0
1968500: system.cpu: T0 : 0x3b406    : add a5, a2, a7             : IntAlu :  D=0x0000000000074370
1969500: system.cpu: T0 : 0x3b40a    : lbu t1, 0(a3)              : MemRead :  D=0x000000000000002f A=0x61c7a
1970000: system.cpu: T0 : 0x3b40e    : c_sd a5, 0(a2)             : MemWrite :  D=0x0000000000074370 A=0x74320
1970500: system.cpu: T0 : 0x3b410    : c_sd a3, 24(a5)            : MemWrite :  D=0x0000000000061c7a A=0x74388
1971500: system.cpu: T0 : 0x3b412    : addi a2, a4, 1             : IntAlu :  D=0x000000000000000a
1972000: system.cpu: T0 : 0x3b416    : c_sd a5, 0(a1)             : MemWrite :  D=0x0000000000074370 A=0x74268
1972500: system.cpu: T0 : 0x3b418    : c_sd a0, 8(a5)             : MemWrite :  D=0x0000000000061a80 A=0x74378
1973500: system.cpu: T0 : 0x3b41a    : sd zero, 16(a5)            : MemWrite :  D=0x0000000000000000 A=0x74380
1974000: system.cpu: T0 : 0x3b41e    : c_sd a4, 32(a5)            : MemWrite :  D=0x0000000000000009 A=0x74390
1974500: system.cpu: T0 : 0x3b420    : c_addi a1, 8               : IntAlu :  D=0x0000000000074270
1975000: system.cpu: T0 : 0x3b422    : c_add a3, a2               : IntAlu :  D=0x0000000000061c84
1975500: system.cpu: T0 : 0x3b424    : c_addi a6, 8               : IntAlu :  D=0x0000000000061ca0
1976500: system.cpu: T0 : 0x3b426    : bne t1, t4, 228            : IntAlu : 
1977000: system.cpu: T0 : 0x3b42a    : c_mv a2, a5                : IntAlu :  D=0x0000000000074370
1977500: system.cpu: T0 : 0x3b42c    : c_j -66                    : IntAlu : 
1978500: system.cpu: T0 : 0x3b3ea    : addi a4, a2, 40            : IntAlu :  D=0x0000000000074398
1979000: system.cpu: T0 : 0x3b3ee    : c_li a5, 0                 : IntAlu :  D=0x0000000000000000
1979500: system.cpu: T0 : 0x3b3f0    : c_beqz s1, 14              : IntAlu : 
1980500: system.cpu: T0 : 0x3b3f2    : sw zero, 0(a4)             : MemWrite :  D=0x0000000000000000 A=0x74398
1981000: system.cpu: T0 : 0x3b3f6    : c_addi a5, 1               : IntAlu :  D=0x0000000000000001
1981500: system.cpu: T0 : 0x3b3f8    : c_addi a4, 4               : IntAlu :  D=0x000000000007439c
1982500: system.cpu: T0 : 0x3b3fa    : bne s1, a5, -8             : IntAlu : 
1983500: system.cpu: T0 : 0x3b3f2    : sw zero, 0(a4)             : MemWrite :  D=0x0000000000000000 A=0x7439c
1984000: system.cpu: T0 : 0x3b3f6    : c_addi a5, 1               : IntAlu :  D=0x0000000000000002
1984500: system.cpu: T0 : 0x3b3f8    : c_addi a4, 4               : IntAlu :  D=0x00000000000743a0
1985500: system.cpu: T0 : 0x3b3fa    : bne s1, a5, -8             : IntAlu : 
1986500: system.cpu: T0 : 0x3b3fe    : beq t3, a1, 48             : IntAlu : 
1987000: system.cpu: T0 : 0x3b42e    : c_li a4, 27                : IntAlu :  D=0x000000000000001b
1987500: system.cpu: T0 : 0x3b430    : sd zero, 0(a2)             : MemWrite :  D=0x0000000000000000 A=0x74370
1988000: system.cpu: T0 : 0x3b434    : sd a4, -1192(gp)           : MemWrite :  D=0x000000000000001b A=0x70bd8
1988500: system.cpu: T0 : 0x3b438    : sd zero, 32(s5)            : MemWrite :  D=0x0000000000000000 A=0x74270
1989000: system.cpu: T0 : 0x3b43c    : beq s2, zero, 10           : IntAlu : 
1989500: system.cpu: T0 : 0x3b446    : c_li a5, -1                : IntAlu :  D=0xffffffffffffffff
1990000: system.cpu: T0 : 0x3b448    : sd a5, 48(s3)              : MemWrite :  D=0xffffffffffffffff A=0x6eff0
1990500: system.cpu: T0 : 0x3b44c    : addi sp, s0, -64           : IntAlu :  D=0x7ffffffffffffcf0
1991000: system.cpu: T0 : 0x3b450    : c_ldsp ra, 56(sp)          : MemRead :  D=0x0000000000022d36 A=0x7ffffffffffffd28
1991500: system.cpu: T0 : 0x3b452    : c_ldsp s0, 48(sp)          : MemRead :  D=0x000000000006ef80 A=0x7ffffffffffffd20
1992000: system.cpu: T0 : 0x3b454    : c_ldsp s1, 40(sp)          : MemRead :  D=0x000000000006feb0 A=0x7ffffffffffffd18
1992500: system.cpu: T0 : 0x3b456    : c_ldsp s2, 32(sp)          : MemRead :  D=0x0000000000072000 A=0x7ffffffffffffd10
1993000: system.cpu: T0 : 0x3b458    : c_ldsp s3, 24(sp)          : MemRead :  D=0x0000000000072000 A=0x7ffffffffffffd08
1993500: system.cpu: T0 : 0x3b45a    : c_ldsp s4, 16(sp)          : MemRead :  D=0x0000000000070000 A=0x7ffffffffffffd00
1994000: system.cpu: T0 : 0x3b45c    : c_ldsp s5, 8(sp)           : MemRead :  D=0x0000000000072000 A=0x7ffffffffffffcf8
1994500: system.cpu: T0 : 0x3b45e    : c_addi16sp sp, 64          : IntAlu :  D=0x7ffffffffffffd30
1995000: system.cpu: T0 : 0x3b460    : c_jr ra                    : IntAlu : 
1996000: system.cpu: T0 : 0x22d36    : lui a5, 114                : IntAlu :  D=0x0000000000072000
1997000: system.cpu: T0 : 0x22d3a    : ld a4, 104(a5)             : MemRead :  D=0x0000000000074280 A=0x72068
1998000: system.cpu: T0 : 0x22d3e    : lui a0, 80                 : IntAlu :  D=0x0000000000050000
1999000: system.cpu: T0 : 0x22d42    : lui a5, 114                : IntAlu :  D=0x0000000000072000
2000000: system.cpu: T0 : 0x22d46    : addi a0, a0, 816           : IntAlu :  D=0x0000000000050330
2001000: system.cpu: T0 : 0x22d4a    : sd a4, 64(a5)              : MemWrite :  D=0x0000000000074280 A=0x72040
2002000: system.cpu: T0 : 0x22d4e    : jal ra, -57842             : IntAlu :  D=0x0000000000022d52
2002500: system.cpu: T0 : 0x14b5c    : c_addi16sp sp, -64         : IntAlu :  D=0x7ffffffffffffcf0
2003000: system.cpu: T0 : 0x14b5e    : c_sdsp s1, 40(sp)          : MemWrite :  D=0x000000000006feb0 A=0x7ffffffffffffd18
2003500: system.cpu: T0 : 0x14b60    : ld s1, -1360(gp)           : MemRead :  D=0x7fffffffffffff48 A=0x70b30
2004000: system.cpu: T0 : 0x14b64    : c_sdsp ra, 56(sp)          : MemWrite :  D=0x0000000000022d52 A=0x7ffffffffffffd28
2004500: system.cpu: T0 : 0x14b66    : c_sdsp s0, 48(sp)          : MemWrite :  D=0x000000000006ef80 A=0x7ffffffffffffd20
2005000: system.cpu: T0 : 0x14b68    : c_sdsp s2, 32(sp)          : MemWrite :  D=0x0000000000072000 A=0x7ffffffffffffd10
2005500: system.cpu: T0 : 0x14b6a    : c_sdsp s3, 24(sp)          : MemWrite :  D=0x0000000000072000 A=0x7ffffffffffffd08
2006000: system.cpu: T0 : 0x14b6c    : c_sdsp s4, 16(sp)          : MemWrite :  D=0x0000000000070000 A=0x7ffffffffffffd00
2006500: system.cpu: T0 : 0x14b6e    : c_sdsp s5, 8(sp)           : MemWrite :  D=0x0000000000072000 A=0x7ffffffffffffcf8
2007000: system.cpu: T0 : 0x14b70    : c_sdsp s6, 0(sp)           : MemWrite :  D=0x0000000000072000 A=0x7ffffffffffffcf0
2007500: system.cpu: T0 : 0x14b72    : c_beqz s1, 210             : IntAlu : 
2008000: system.cpu: T0 : 0x14b74    : lbu a5, 0(a0)              : MemRead :  D=0x000000000000004c A=0x50330
2008500: system.cpu: T0 : 0x14b78    : c_mv s4, a0                : IntAlu :  D=0x0000000000050330
2009000: system.cpu: T0 : 0x14b7a    : c_beqz a5, 202             : IntAlu : 
2009500: system.cpu: T0 : 0x14b7c    : lbu s5, 1(a0)              : MemRead :  D=0x0000000000000044 A=0x50331
2010000: system.cpu: T0 : 0x14b80    : slliw s2, a5, 16           : IntAlu :  D=0x00000000004c0000
2010500: system.cpu: T0 : 0x14b84    : c_ld s0, 0(s1)             : MemRead :  D=0x0000000000000000 A=0x7fffffffffffff48
2011500: system.cpu: T0 : 0x14b86    : sraiw s2, s2, 16           : IntAlu :  D=0x000000000000004c
2012500: system.cpu: T0 : 0x14b8a    : bne s5, zero, 86           : IntAlu : 
2013000: system.cpu: T0 : 0x14be0    : jal ra, 42492              : IntAlu :  D=0x0000000000014be4
2013500: system.cpu: T0 : 0x1f1dc    : andi a5, a0, 7             : IntAlu :  D=0x0000000000000000
2014000: system.cpu: T0 : 0x1f1e0    : c_beqz a5, 26              : IntAlu : 
2014500: system.cpu: T0 : 0x1f1fa    : c_mv a5, a0                : IntAlu :  D=0x0000000000050330
2015000: system.cpu: T0 : 0x1f1fc    : ld a6, -2024(gp)           : MemRead :  D=0xfefefefefefefeff A=0x70898
2015500: system.cpu: T0 : 0x1f200    : ld a1, -2016(gp)           : MemRead :  D=0x8080808080808080 A=0x708a0
2016000: system.cpu: T0 : 0x1f204    : c_ld a2, 0(a5)             : MemRead :  D=0x5f444e49425f444c A=0x50330
2017000: system.cpu: T0 : 0x1f206    : addi a3, a5, 8             : IntAlu :  D=0x0000000000050338
2018000: system.cpu: T0 : 0x1f20a    : add a4, a2, a6             : IntAlu :  D=0x5e434d48415e434b
2019000: system.cpu: T0 : 0x1f20e    : xori a2, a2, 18446744073709551615 : IntAlu :  D=0xa0bbb1b6bda0bbb3
2019500: system.cpu: T0 : 0x1f212    : c_and a4, a2               : IntAlu :  D=0x0003010001000303
2020000: system.cpu: T0 : 0x1f214    : c_and a4, a1               : IntAlu :  D=0x0000000000000000
2020500: system.cpu: T0 : 0x1f216    : c_beqz a4, 50              : IntAlu : 
2021000: system.cpu: T0 : 0x1f248    : c_mv a5, a3                : IntAlu :  D=0x0000000000050338
2021500: system.cpu: T0 : 0x1f24a    : c_j -70                    : IntAlu : 
2022000: system.cpu: T0 : 0x1f204    : c_ld a2, 0(a5)             : MemRead :  D=0x0000000000574f4e A=0x50338
2023000: system.cpu: T0 : 0x1f206    : addi a3, a5, 8             : IntAlu :  D=0x0000000000050340
2024000: system.cpu: T0 : 0x1f20a    : add a4, a2, a6             : IntAlu :  D=0xfefefefeff564e4d
2025000: system.cpu: T0 : 0x1f20e    : xori a2, a2, 18446744073709551615 : IntAlu :  D=0xffffffffffa8b0b1
2025500: system.cpu: T0 : 0x1f212    : c_and a4, a2               : IntAlu :  D=0xfefefefeff000001
2026000: system.cpu: T0 : 0x1f214    : c_and a4, a1               : IntAlu :  D=0x8080808080000000
2026500: system.cpu: T0 : 0x1f216    : c_beqz a4, 50              : IntAlu : 
2027000: system.cpu: T0 : 0x1f218    : lbu a4, -8(a3)             : MemRead :  D=0x000000000000004e A=0x50338
2027500: system.cpu: T0 : 0x1f21c    : c_beqz a4, -40             : IntAlu : 
2028500: system.cpu: T0 : 0x1f21e    : lbu a4, -7(a3)             : MemRead :  D=0x000000000000004f A=0x50339
2029000: system.cpu: T0 : 0x1f222    : c_beqz a4, 50              : IntAlu : 
2029500: system.cpu: T0 : 0x1f224    : lbu a4, -6(a3)             : MemRead :  D=0x0000000000000057 A=0x5033a
2030000: system.cpu: T0 : 0x1f228    : c_beqz a4, 52              : IntAlu : 
2031000: system.cpu: T0 : 0x1f22a    : lbu a4, -5(a3)             : MemRead :  D=0x0000000000000000 A=0x5033b
2031500: system.cpu: T0 : 0x1f22e    : c_beqz a4, 54              : IntAlu : 
2032000: system.cpu: T0 : 0x1f264    : c_sub a5, a0               : IntAlu :  D=0x0000000000000008
2033000: system.cpu: T0 : 0x1f266    : addi a0, a5, 3             : IntAlu :  D=0x000000000000000b
2033500: system.cpu: T0 : 0x1f26a    : c_jr ra                    : IntAlu : 
2034000: system.cpu: T0 : 0x14be4    : slli a5, s5, 8             : IntAlu :  D=0x0000000000004400
2034500: system.cpu: T0 : 0x14be8    : or a5, s2, a5              : IntAlu :  D=0x000000000000444c
2035000: system.cpu: T0 : 0x14bec    : slliw s2, a5, 16           : IntAlu :  D=0x00000000444c0000
2035500: system.cpu: T0 : 0x14bf0    : c_mv s3, a0                : IntAlu :  D=0x000000000000000b
2036500: system.cpu: T0 : 0x14bf2    : sraiw s2, s2, 16           : IntAlu :  D=0x000000000000444c
2037500: system.cpu: T0 : 0x14bf6    : addi s5, a0, -2            : IntAlu :  D=0x0000000000000009
2038000: system.cpu: T0 : 0x14bfa    : c_addi s4, 2               : IntAlu :  D=0x0000000000050332
2038500: system.cpu: T0 : 0x14bfc    : c_beqz s0, -50             : IntAlu : 
2039000: system.cpu: T0 : 0x14bca    : c_ldsp ra, 56(sp)          : MemRead :  D=0x0000000000022d52 A=0x7ffffffffffffd28
2039500: system.cpu: T0 : 0x14bcc    : c_mv a0, s0                : IntAlu :  D=0x0000000000000000
2040000: system.cpu: T0 : 0x14bce    : c_ldsp s0, 48(sp)          : MemRead :  D=0x000000000006ef80 A=0x7ffffffffffffd20
2040500: system.cpu: T0 : 0x14bd0    : c_ldsp s1, 40(sp)          : MemRead :  D=0x000000000006feb0 A=0x7ffffffffffffd18
2041000: system.cpu: T0 : 0x14bd2    : c_ldsp s2, 32(sp)          : MemRead :  D=0x0000000000072000 A=0x7ffffffffffffd10
2041500: system.cpu: T0 : 0x14bd4    : c_ldsp s3, 24(sp)          : MemRead :  D=0x0000000000072000 A=0x7ffffffffffffd08
2042000: system.cpu: T0 : 0x14bd6    : c_ldsp s4, 16(sp)          : MemRead :  D=0x0000000000070000 A=0x7ffffffffffffd00
2042500: system.cpu: T0 : 0x14bd8    : c_ldsp s5, 8(sp)           : MemRead :  D=0x0000000000072000 A=0x7ffffffffffffcf8
2043000: system.cpu: T0 : 0x14bda    : c_ldsp s6, 0(sp)           : MemRead :  D=0x0000000000072000 A=0x7ffffffffffffcf0
2043500: system.cpu: T0 : 0x14bdc    : c_addi16sp sp, 64          : IntAlu :  D=0x7ffffffffffffd30
2044000: system.cpu: T0 : 0x14bde    : c_jr ra                    : IntAlu : 
2044500: system.cpu: T0 : 0x22d52    : c_li a5, 1                 : IntAlu :  D=0x0000000000000001
2045000: system.cpu: T0 : 0x22d54    : c_beqz a0, 10              : IntAlu : 
2046000: system.cpu: T0 : 0x22d5e    : lui a0, 80                 : IntAlu :  D=0x0000000000050000
2047000: system.cpu: T0 : 0x22d62    : lui a4, 114                : IntAlu :  D=0x0000000000072000
2048000: system.cpu: T0 : 0x22d66    : addi a0, a0, 832           : IntAlu :  D=0x0000000000050340
2049000: system.cpu: T0 : 0x22d6a    : sw a5, 0(a4)               : MemWrite :  D=0x0000000000000001 A=0x72000
2050000: system.cpu: T0 : 0x22d6e    : jal ra, -57874             : IntAlu :  D=0x0000000000022d72
2050500: system.cpu: T0 : 0x14b5c    : c_addi16sp sp, -64         : IntAlu :  D=0x7ffffffffffffcf0
2051000: system.cpu: T0 : 0x14b5e    : c_sdsp s1, 40(sp)          : MemWrite :  D=0x000000000006feb0 A=0x7ffffffffffffd18
2051500: system.cpu: T0 : 0x14b60    : ld s1, -1360(gp)           : MemRead :  D=0x7fffffffffffff48 A=0x70b30
2052000: system.cpu: T0 : 0x14b64    : c_sdsp ra, 56(sp)          : MemWrite :  D=0x0000000000022d72 A=0x7ffffffffffffd28
2052500: system.cpu: T0 : 0x14b66    : c_sdsp s0, 48(sp)          : MemWrite :  D=0x000000000006ef80 A=0x7ffffffffffffd20
2053000: system.cpu: T0 : 0x14b68    : c_sdsp s2, 32(sp)          : MemWrite :  D=0x0000000000072000 A=0x7ffffffffffffd10
2053500: system.cpu: T0 : 0x14b6a    : c_sdsp s3, 24(sp)          : MemWrite :  D=0x0000000000072000 A=0x7ffffffffffffd08
2054000: system.cpu: T0 : 0x14b6c    : c_sdsp s4, 16(sp)          : MemWrite :  D=0x0000000000070000 A=0x7ffffffffffffd00
2054500: system.cpu: T0 : 0x14b6e    : c_sdsp s5, 8(sp)           : MemWrite :  D=0x0000000000072000 A=0x7ffffffffffffcf8
2055000: system.cpu: T0 : 0x14b70    : c_sdsp s6, 0(sp)           : MemWrite :  D=0x0000000000072000 A=0x7ffffffffffffcf0
2055500: system.cpu: T0 : 0x14b72    : c_beqz s1, 210             : IntAlu : 
2056000: system.cpu: T0 : 0x14b74    : lbu a5, 0(a0)              : MemRead :  D=0x000000000000004c A=0x50340
2056500: system.cpu: T0 : 0x14b78    : c_mv s4, a0                : IntAlu :  D=0x0000000000050340
2057000: system.cpu: T0 : 0x14b7a    : c_beqz a5, 202             : IntAlu : 
2057500: system.cpu: T0 : 0x14b7c    : lbu s5, 1(a0)              : MemRead :  D=0x0000000000000044 A=0x50341
2058000: system.cpu: T0 : 0x14b80    : slliw s2, a5, 16           : IntAlu :  D=0x00000000004c0000
2058500: system.cpu: T0 : 0x14b84    : c_ld s0, 0(s1)             : MemRead :  D=0x0000000000000000 A=0x7fffffffffffff48
2059500: system.cpu: T0 : 0x14b86    : sraiw s2, s2, 16           : IntAlu :  D=0x000000000000004c
2060500: system.cpu: T0 : 0x14b8a    : bne s5, zero, 86           : IntAlu : 
2061000: system.cpu: T0 : 0x14be0    : jal ra, 42492              : IntAlu :  D=0x0000000000014be4
2061500: system.cpu: T0 : 0x1f1dc    : andi a5, a0, 7             : IntAlu :  D=0x0000000000000000
2062000: system.cpu: T0 : 0x1f1e0    : c_beqz a5, 26              : IntAlu : 
2062500: system.cpu: T0 : 0x1f1fa    : c_mv a5, a0                : IntAlu :  D=0x0000000000050340
2063000: system.cpu: T0 : 0x1f1fc    : ld a6, -2024(gp)           : MemRead :  D=0xfefefefefefefeff A=0x70898
2063500: system.cpu: T0 : 0x1f200    : ld a1, -2016(gp)           : MemRead :  D=0x8080808080808080 A=0x708a0
2064000: system.cpu: T0 : 0x1f204    : c_ld a2, 0(a5)             : MemRead :  D=0x5f444e49425f444c A=0x50340
2065000: system.cpu: T0 : 0x1f206    : addi a3, a5, 8             : IntAlu :  D=0x0000000000050348
2066000: system.cpu: T0 : 0x1f20a    : add a4, a2, a6             : IntAlu :  D=0x5e434d48415e434b
2067000: system.cpu: T0 : 0x1f20e    : xori a2, a2, 18446744073709551615 : IntAlu :  D=0xa0bbb1b6bda0bbb3
2067500: system.cpu: T0 : 0x1f212    : c_and a4, a2               : IntAlu :  D=0x0003010001000303
2068000: system.cpu: T0 : 0x1f214    : c_and a4, a1               : IntAlu :  D=0x0000000000000000
2068500: system.cpu: T0 : 0x1f216    : c_beqz a4, 50              : IntAlu : 
2069000: system.cpu: T0 : 0x1f248    : c_mv a5, a3                : IntAlu :  D=0x0000000000050348
2069500: system.cpu: T0 : 0x1f24a    : c_j -70                    : IntAlu : 
2070000: system.cpu: T0 : 0x1f204    : c_ld a2, 0(a5)             : MemRead :  D=0x0000000000544f4e A=0x50348
2071000: system.cpu: T0 : 0x1f206    : addi a3, a5, 8             : IntAlu :  D=0x0000000000050350
2072000: system.cpu: T0 : 0x1f20a    : add a4, a2, a6             : IntAlu :  D=0xfefefefeff534e4d
2073000: system.cpu: T0 : 0x1f20e    : xori a2, a2, 18446744073709551615 : IntAlu :  D=0xffffffffffabb0b1
2073500: system.cpu: T0 : 0x1f212    : c_and a4, a2               : IntAlu :  D=0xfefefefeff030001
2074000: system.cpu: T0 : 0x1f214    : c_and a4, a1               : IntAlu :  D=0x8080808080000000
2074500: system.cpu: T0 : 0x1f216    : c_beqz a4, 50              : IntAlu : 
2075000: system.cpu: T0 : 0x1f218    : lbu a4, -8(a3)             : MemRead :  D=0x000000000000004e A=0x50348
2075500: system.cpu: T0 : 0x1f21c    : c_beqz a4, -40             : IntAlu : 
2076500: system.cpu: T0 : 0x1f21e    : lbu a4, -7(a3)             : MemRead :  D=0x000000000000004f A=0x50349
2077000: system.cpu: T0 : 0x1f222    : c_beqz a4, 50              : IntAlu : 
2077500: system.cpu: T0 : 0x1f224    : lbu a4, -6(a3)             : MemRead :  D=0x0000000000000054 A=0x5034a
2078000: system.cpu: T0 : 0x1f228    : c_beqz a4, 52              : IntAlu : 
2079000: system.cpu: T0 : 0x1f22a    : lbu a4, -5(a3)             : MemRead :  D=0x0000000000000000 A=0x5034b
2079500: system.cpu: T0 : 0x1f22e    : c_beqz a4, 54              : IntAlu : 
2080000: system.cpu: T0 : 0x1f264    : c_sub a5, a0               : IntAlu :  D=0x0000000000000008
2081000: system.cpu: T0 : 0x1f266    : addi a0, a5, 3             : IntAlu :  D=0x000000000000000b
2081500: system.cpu: T0 : 0x1f26a    : c_jr ra                    : IntAlu : 
2082000: system.cpu: T0 : 0x14be4    : slli a5, s5, 8             : IntAlu :  D=0x0000000000004400
2082500: system.cpu: T0 : 0x14be8    : or a5, s2, a5              : IntAlu :  D=0x000000000000444c
2083000: system.cpu: T0 : 0x14bec    : slliw s2, a5, 16           : IntAlu :  D=0x00000000444c0000
2083500: system.cpu: T0 : 0x14bf0    : c_mv s3, a0                : IntAlu :  D=0x000000000000000b
2084500: system.cpu: T0 : 0x14bf2    : sraiw s2, s2, 16           : IntAlu :  D=0x000000000000444c
2085500: system.cpu: T0 : 0x14bf6    : addi s5, a0, -2            : IntAlu :  D=0x0000000000000009
2086000: system.cpu: T0 : 0x14bfa    : c_addi s4, 2               : IntAlu :  D=0x0000000000050342
2086500: system.cpu: T0 : 0x14bfc    : c_beqz s0, -50             : IntAlu : 
2087000: system.cpu: T0 : 0x14bca    : c_ldsp ra, 56(sp)          : MemRead :  D=0x0000000000022d72 A=0x7ffffffffffffd28
2087500: system.cpu: T0 : 0x14bcc    : c_mv a0, s0                : IntAlu :  D=0x0000000000000000
2088000: system.cpu: T0 : 0x14bce    : c_ldsp s0, 48(sp)          : MemRead :  D=0x000000000006ef80 A=0x7ffffffffffffd20
2088500: system.cpu: T0 : 0x14bd0    : c_ldsp s1, 40(sp)          : MemRead :  D=0x000000000006feb0 A=0x7ffffffffffffd18
2089000: system.cpu: T0 : 0x14bd2    : c_ldsp s2, 32(sp)          : MemRead :  D=0x0000000000072000 A=0x7ffffffffffffd10
2089500: system.cpu: T0 : 0x14bd4    : c_ldsp s3, 24(sp)          : MemRead :  D=0x0000000000072000 A=0x7ffffffffffffd08
2090000: system.cpu: T0 : 0x14bd6    : c_ldsp s4, 16(sp)          : MemRead :  D=0x0000000000070000 A=0x7ffffffffffffd00
2090500: system.cpu: T0 : 0x14bd8    : c_ldsp s5, 8(sp)           : MemRead :  D=0x0000000000072000 A=0x7ffffffffffffcf8
2091000: system.cpu: T0 : 0x14bda    : c_ldsp s6, 0(sp)           : MemRead :  D=0x0000000000072000 A=0x7ffffffffffffcf0
2091500: system.cpu: T0 : 0x14bdc    : c_addi16sp sp, 64          : IntAlu :  D=0x7ffffffffffffd30
2092000: system.cpu: T0 : 0x14bde    : c_jr ra                    : IntAlu : 
2092500: system.cpu: T0 : 0x22d72    : c_li a5, 0                 : IntAlu :  D=0x0000000000000000
2093000: system.cpu: T0 : 0x22d74    : c_beqz a0, 10              : IntAlu : 
2094000: system.cpu: T0 : 0x22d7e    : lui a0, 80                 : IntAlu :  D=0x0000000000050000
2095000: system.cpu: T0 : 0x22d82    : lui a4, 114                : IntAlu :  D=0x0000000000072000
2096000: system.cpu: T0 : 0x22d86    : addi a0, a0, 848           : IntAlu :  D=0x0000000000050350
2097000: system.cpu: T0 : 0x22d8a    : sw a5, -24(a4)             : MemWrite :  D=0x0000000000000000 A=0x71fe8
2098000: system.cpu: T0 : 0x22d8e    : jal ra, -57906             : IntAlu :  D=0x0000000000022d92
2098500: system.cpu: T0 : 0x14b5c    : c_addi16sp sp, -64         : IntAlu :  D=0x7ffffffffffffcf0
2099000: system.cpu: T0 : 0x14b5e    : c_sdsp s1, 40(sp)          : MemWrite :  D=0x000000000006feb0 A=0x7ffffffffffffd18
2099500: system.cpu: T0 : 0x14b60    : ld s1, -1360(gp)           : MemRead :  D=0x7fffffffffffff48 A=0x70b30
2100000: system.cpu: T0 : 0x14b64    : c_sdsp ra, 56(sp)          : MemWrite :  D=0x0000000000022d92 A=0x7ffffffffffffd28
2100500: system.cpu: T0 : 0x14b66    : c_sdsp s0, 48(sp)          : MemWrite :  D=0x000000000006ef80 A=0x7ffffffffffffd20
2101000: system.cpu: T0 : 0x14b68    : c_sdsp s2, 32(sp)          : MemWrite :  D=0x0000000000072000 A=0x7ffffffffffffd10
2101500: system.cpu: T0 : 0x14b6a    : c_sdsp s3, 24(sp)          : MemWrite :  D=0x0000000000072000 A=0x7ffffffffffffd08
2102000: system.cpu: T0 : 0x14b6c    : c_sdsp s4, 16(sp)          : MemWrite :  D=0x0000000000070000 A=0x7ffffffffffffd00
2102500: system.cpu: T0 : 0x14b6e    : c_sdsp s5, 8(sp)           : MemWrite :  D=0x0000000000072000 A=0x7ffffffffffffcf8
2103000: system.cpu: T0 : 0x14b70    : c_sdsp s6, 0(sp)           : MemWrite :  D=0x0000000000072000 A=0x7ffffffffffffcf0
2103500: system.cpu: T0 : 0x14b72    : c_beqz s1, 210             : IntAlu : 
2104000: system.cpu: T0 : 0x14b74    : lbu a5, 0(a0)              : MemRead :  D=0x000000000000004c A=0x50350
2104500: system.cpu: T0 : 0x14b78    : c_mv s4, a0                : IntAlu :  D=0x0000000000050350
2105000: system.cpu: T0 : 0x14b7a    : c_beqz a5, 202             : IntAlu : 
2105500: system.cpu: T0 : 0x14b7c    : lbu s5, 1(a0)              : MemRead :  D=0x0000000000000044 A=0x50351
2106000: system.cpu: T0 : 0x14b80    : slliw s2, a5, 16           : IntAlu :  D=0x00000000004c0000
2106500: system.cpu: T0 : 0x14b84    : c_ld s0, 0(s1)             : MemRead :  D=0x0000000000000000 A=0x7fffffffffffff48
2107500: system.cpu: T0 : 0x14b86    : sraiw s2, s2, 16           : IntAlu :  D=0x000000000000004c
2108500: system.cpu: T0 : 0x14b8a    : bne s5, zero, 86           : IntAlu : 
2109000: system.cpu: T0 : 0x14be0    : jal ra, 42492              : IntAlu :  D=0x0000000000014be4
2109500: system.cpu: T0 : 0x1f1dc    : andi a5, a0, 7             : IntAlu :  D=0x0000000000000000
2110000: system.cpu: T0 : 0x1f1e0    : c_beqz a5, 26              : IntAlu : 
2110500: system.cpu: T0 : 0x1f1fa    : c_mv a5, a0                : IntAlu :  D=0x0000000000050350
2111000: system.cpu: T0 : 0x1f1fc    : ld a6, -2024(gp)           : MemRead :  D=0xfefefefefefefeff A=0x70898
2111500: system.cpu: T0 : 0x1f200    : ld a1, -2016(gp)           : MemRead :  D=0x8080808080808080 A=0x708a0
2112000: system.cpu: T0 : 0x1f204    : c_ld a2, 0(a5)             : MemRead :  D=0x4d414e59445f444c A=0x50350
2113000: system.cpu: T0 : 0x1f206    : addi a3, a5, 8             : IntAlu :  D=0x0000000000050358
2114000: system.cpu: T0 : 0x1f20a    : add a4, a2, a6             : IntAlu :  D=0x4c404d58435e434b
2115000: system.cpu: T0 : 0x1f20e    : xori a2, a2, 18446744073709551615 : IntAlu :  D=0xb2beb1a6bba0bbb3
2115500: system.cpu: T0 : 0x1f212    : c_and a4, a2               : IntAlu :  D=0x0000010003000303
2116000: system.cpu: T0 : 0x1f214    : c_and a4, a1               : IntAlu :  D=0x0000000000000000
2116500: system.cpu: T0 : 0x1f216    : c_beqz a4, 50              : IntAlu : 
2117000: system.cpu: T0 : 0x1f248    : c_mv a5, a3                : IntAlu :  D=0x0000000000050358
2117500: system.cpu: T0 : 0x1f24a    : c_j -70                    : IntAlu : 
2118000: system.cpu: T0 : 0x1f204    : c_ld a2, 0(a5)             : MemRead :  D=0x004b4145575f4349 A=0x50358
2119000: system.cpu: T0 : 0x1f206    : addi a3, a5, 8             : IntAlu :  D=0x0000000000050360
2120000: system.cpu: T0 : 0x1f20a    : add a4, a2, a6             : IntAlu :  D=0xff4a4044565e4248
2121000: system.cpu: T0 : 0x1f20e    : xori a2, a2, 18446744073709551615 : IntAlu :  D=0xffb4bebaa8a0bcb6
2121500: system.cpu: T0 : 0x1f212    : c_and a4, a2               : IntAlu :  D=0xff00000000000000
2122000: system.cpu: T0 : 0x1f214    : c_and a4, a1               : IntAlu :  D=0x8000000000000000
2122500: system.cpu: T0 : 0x1f216    : c_beqz a4, 50              : IntAlu : 
2123000: system.cpu: T0 : 0x1f218    : lbu a4, -8(a3)             : MemRead :  D=0x0000000000000049 A=0x50358
2123500: system.cpu: T0 : 0x1f21c    : c_beqz a4, -40             : IntAlu : 
2124500: system.cpu: T0 : 0x1f21e    : lbu a4, -7(a3)             : MemRead :  D=0x0000000000000043 A=0x50359
2125000: system.cpu: T0 : 0x1f222    : c_beqz a4, 50              : IntAlu : 
2125500: system.cpu: T0 : 0x1f224    : lbu a4, -6(a3)             : MemRead :  D=0x000000000000005f A=0x5035a
2126000: system.cpu: T0 : 0x1f228    : c_beqz a4, 52              : IntAlu : 
2127000: system.cpu: T0 : 0x1f22a    : lbu a4, -5(a3)             : MemRead :  D=0x0000000000000057 A=0x5035b
2127500: system.cpu: T0 : 0x1f22e    : c_beqz a4, 54              : IntAlu : 
2128000: system.cpu: T0 : 0x1f230    : lbu a4, -4(a3)             : MemRead :  D=0x0000000000000045 A=0x5035c
2128500: system.cpu: T0 : 0x1f234    : c_beqz a4, 56              : IntAlu : 
2129500: system.cpu: T0 : 0x1f236    : lbu a4, -3(a3)             : MemRead :  D=0x0000000000000041 A=0x5035d
2130000: system.cpu: T0 : 0x1f23a    : c_beqz a4, 58              : IntAlu : 
2130500: system.cpu: T0 : 0x1f23c    : lbu a4, -2(a3)             : MemRead :  D=0x000000000000004b A=0x5035e
2131000: system.cpu: T0 : 0x1f240    : c_beqz a4, 60              : IntAlu : 
2132000: system.cpu: T0 : 0x1f242    : lbu a4, -1(a3)             : MemRead :  D=0x0000000000000000 A=0x5035f
2132500: system.cpu: T0 : 0x1f246    : c_beqz a4, 6               : IntAlu : 
2133000: system.cpu: T0 : 0x1f24c    : c_sub a5, a0               : IntAlu :  D=0x0000000000000008
2134000: system.cpu: T0 : 0x1f24e    : addi a0, a5, 7             : IntAlu :  D=0x000000000000000f
2134500: system.cpu: T0 : 0x1f252    : c_jr ra                    : IntAlu : 
2135000: system.cpu: T0 : 0x14be4    : slli a5, s5, 8             : IntAlu :  D=0x0000000000004400
2135500: system.cpu: T0 : 0x14be8    : or a5, s2, a5              : IntAlu :  D=0x000000000000444c
2136000: system.cpu: T0 : 0x14bec    : slliw s2, a5, 16           : IntAlu :  D=0x00000000444c0000
2136500: system.cpu: T0 : 0x14bf0    : c_mv s3, a0                : IntAlu :  D=0x000000000000000f
2137500: system.cpu: T0 : 0x14bf2    : sraiw s2, s2, 16           : IntAlu :  D=0x000000000000444c
2138500: system.cpu: T0 : 0x14bf6    : addi s5, a0, -2            : IntAlu :  D=0x000000000000000d
2139000: system.cpu: T0 : 0x14bfa    : c_addi s4, 2               : IntAlu :  D=0x0000000000050352
2139500: system.cpu: T0 : 0x14bfc    : c_beqz s0, -50             : IntAlu : 
2140000: system.cpu: T0 : 0x14bca    : c_ldsp ra, 56(sp)          : MemRead :  D=0x0000000000022d92 A=0x7ffffffffffffd28
2140500: system.cpu: T0 : 0x14bcc    : c_mv a0, s0                : IntAlu :  D=0x0000000000000000
2141000: system.cpu: T0 : 0x14bce    : c_ldsp s0, 48(sp)          : MemRead :  D=0x000000000006ef80 A=0x7ffffffffffffd20
2141500: system.cpu: T0 : 0x14bd0    : c_ldsp s1, 40(sp)          : MemRead :  D=0x000000000006feb0 A=0x7ffffffffffffd18
2142000: system.cpu: T0 : 0x14bd2    : c_ldsp s2, 32(sp)          : MemRead :  D=0x0000000000072000 A=0x7ffffffffffffd10
2142500: system.cpu: T0 : 0x14bd4    : c_ldsp s3, 24(sp)          : MemRead :  D=0x0000000000072000 A=0x7ffffffffffffd08
2143000: system.cpu: T0 : 0x14bd6    : c_ldsp s4, 16(sp)          : MemRead :  D=0x0000000000070000 A=0x7ffffffffffffd00
2143500: system.cpu: T0 : 0x14bd8    : c_ldsp s5, 8(sp)           : MemRead :  D=0x0000000000072000 A=0x7ffffffffffffcf8
2144000: system.cpu: T0 : 0x14bda    : c_ldsp s6, 0(sp)           : MemRead :  D=0x0000000000072000 A=0x7ffffffffffffcf0
2144500: system.cpu: T0 : 0x14bdc    : c_addi16sp sp, 64          : IntAlu :  D=0x7ffffffffffffd30
2145000: system.cpu: T0 : 0x14bde    : c_jr ra                    : IntAlu : 
2145500: system.cpu: T0 : 0x22d92    : c_li a5, 1                 : IntAlu :  D=0x0000000000000001
2146000: system.cpu: T0 : 0x22d94    : c_beqz a0, 10              : IntAlu : 
2147000: system.cpu: T0 : 0x22d9e    : lui a0, 80                 : IntAlu :  D=0x0000000000050000
2148000: system.cpu: T0 : 0x22da2    : lui a4, 114                : IntAlu :  D=0x0000000000072000
2149000: system.cpu: T0 : 0x22da6    : addi a0, a0, 864           : IntAlu :  D=0x0000000000050360
2150000: system.cpu: T0 : 0x22daa    : sw a5, 52(a4)              : MemWrite :  D=0x0000000000000001 A=0x72034
2151000: system.cpu: T0 : 0x22dae    : jal ra, -57938             : IntAlu :  D=0x0000000000022db2
2151500: system.cpu: T0 : 0x14b5c    : c_addi16sp sp, -64         : IntAlu :  D=0x7ffffffffffffcf0
2152000: system.cpu: T0 : 0x14b5e    : c_sdsp s1, 40(sp)          : MemWrite :  D=0x000000000006feb0 A=0x7ffffffffffffd18
2152500: system.cpu: T0 : 0x14b60    : ld s1, -1360(gp)           : MemRead :  D=0x7fffffffffffff48 A=0x70b30
2153000: system.cpu: T0 : 0x14b64    : c_sdsp ra, 56(sp)          : MemWrite :  D=0x0000000000022db2 A=0x7ffffffffffffd28
2153500: system.cpu: T0 : 0x14b66    : c_sdsp s0, 48(sp)          : MemWrite :  D=0x000000000006ef80 A=0x7ffffffffffffd20
2154000: system.cpu: T0 : 0x14b68    : c_sdsp s2, 32(sp)          : MemWrite :  D=0x0000000000072000 A=0x7ffffffffffffd10
2154500: system.cpu: T0 : 0x14b6a    : c_sdsp s3, 24(sp)          : MemWrite :  D=0x0000000000072000 A=0x7ffffffffffffd08
2155000: system.cpu: T0 : 0x14b6c    : c_sdsp s4, 16(sp)          : MemWrite :  D=0x0000000000070000 A=0x7ffffffffffffd00
2155500: system.cpu: T0 : 0x14b6e    : c_sdsp s5, 8(sp)           : MemWrite :  D=0x0000000000072000 A=0x7ffffffffffffcf8
2156000: system.cpu: T0 : 0x14b70    : c_sdsp s6, 0(sp)           : MemWrite :  D=0x0000000000072000 A=0x7ffffffffffffcf0
2156500: system.cpu: T0 : 0x14b72    : c_beqz s1, 210             : IntAlu : 
2157000: system.cpu: T0 : 0x14b74    : lbu a5, 0(a0)              : MemRead :  D=0x000000000000004c A=0x50360
2157500: system.cpu: T0 : 0x14b78    : c_mv s4, a0                : IntAlu :  D=0x0000000000050360
2158000: system.cpu: T0 : 0x14b7a    : c_beqz a5, 202             : IntAlu : 
2158500: system.cpu: T0 : 0x14b7c    : lbu s5, 1(a0)              : MemRead :  D=0x0000000000000044 A=0x50361
2159000: system.cpu: T0 : 0x14b80    : slliw s2, a5, 16           : IntAlu :  D=0x00000000004c0000
2159500: system.cpu: T0 : 0x14b84    : c_ld s0, 0(s1)             : MemRead :  D=0x0000000000000000 A=0x7fffffffffffff48
2160500: system.cpu: T0 : 0x14b86    : sraiw s2, s2, 16           : IntAlu :  D=0x000000000000004c
2161500: system.cpu: T0 : 0x14b8a    : bne s5, zero, 86           : IntAlu : 
2162000: system.cpu: T0 : 0x14be0    : jal ra, 42492              : IntAlu :  D=0x0000000000014be4
2162500: system.cpu: T0 : 0x1f1dc    : andi a5, a0, 7             : IntAlu :  D=0x0000000000000000
2163000: system.cpu: T0 : 0x1f1e0    : c_beqz a5, 26              : IntAlu : 
2163500: system.cpu: T0 : 0x1f1fa    : c_mv a5, a0                : IntAlu :  D=0x0000000000050360
2164000: system.cpu: T0 : 0x1f1fc    : ld a6, -2024(gp)           : MemRead :  D=0xfefefefefefefeff A=0x70898
2164500: system.cpu: T0 : 0x1f200    : ld a1, -2016(gp)           : MemRead :  D=0x8080808080808080 A=0x708a0
2165000: system.cpu: T0 : 0x1f204    : c_ld a2, 0(a5)             : MemRead :  D=0x49464f52505f444c A=0x50360
2166000: system.cpu: T0 : 0x1f206    : addi a3, a5, 8             : IntAlu :  D=0x0000000000050368
2167000: system.cpu: T0 : 0x1f20a    : add a4, a2, a6             : IntAlu :  D=0x48454e514f5e434b
2168000: system.cpu: T0 : 0x1f20e    : xori a2, a2, 18446744073709551615 : IntAlu :  D=0xb6b9b0adafa0bbb3
2168500: system.cpu: T0 : 0x1f212    : c_and a4, a2               : IntAlu :  D=0x000100010f000303
2169000: system.cpu: T0 : 0x1f214    : c_and a4, a1               : IntAlu :  D=0x0000000000000000
2169500: system.cpu: T0 : 0x1f216    : c_beqz a4, 50              : IntAlu : 
2170000: system.cpu: T0 : 0x1f248    : c_mv a5, a3                : IntAlu :  D=0x0000000000050368
2170500: system.cpu: T0 : 0x1f24a    : c_j -70                    : IntAlu : 
2171000: system.cpu: T0 : 0x1f204    : c_ld a2, 0(a5)             : MemRead :  D=0x555054554f5f454c A=0x50368
2172000: system.cpu: T0 : 0x1f206    : addi a3, a5, 8             : IntAlu :  D=0x0000000000050370
2173000: system.cpu: T0 : 0x1f20a    : add a4, a2, a6             : IntAlu :  D=0x544f53544e5e444b
2174000: system.cpu: T0 : 0x1f20e    : xori a2, a2, 18446744073709551615 : IntAlu :  D=0xaaafabaab0a0bab3
2174500: system.cpu: T0 : 0x1f212    : c_and a4, a2               : IntAlu :  D=0x000f030000000003
2175000: system.cpu: T0 : 0x1f214    : c_and a4, a1               : IntAlu :  D=0x0000000000000000
2175500: system.cpu: T0 : 0x1f216    : c_beqz a4, 50              : IntAlu : 
2176000: system.cpu: T0 : 0x1f248    : c_mv a5, a3                : IntAlu :  D=0x0000000000050370
2176500: system.cpu: T0 : 0x1f24a    : c_j -70                    : IntAlu : 
2177000: system.cpu: T0 : 0x1f204    : c_ld a2, 0(a5)             : MemRead :  D=0x0000000000000054 A=0x50370
2178000: system.cpu: T0 : 0x1f206    : addi a3, a5, 8             : IntAlu :  D=0x0000000000050378
2179000: system.cpu: T0 : 0x1f20a    : add a4, a2, a6             : IntAlu :  D=0xfefefefefefeff53
2180000: system.cpu: T0 : 0x1f20e    : xori a2, a2, 18446744073709551615 : IntAlu :  D=0xffffffffffffffab
2180500: system.cpu: T0 : 0x1f212    : c_and a4, a2               : IntAlu :  D=0xfefefefefefeff03
2181000: system.cpu: T0 : 0x1f214    : c_and a4, a1               : IntAlu :  D=0x8080808080808000
2181500: system.cpu: T0 : 0x1f216    : c_beqz a4, 50              : IntAlu : 
2182000: system.cpu: T0 : 0x1f218    : lbu a4, -8(a3)             : MemRead :  D=0x0000000000000054 A=0x50370
2182500: system.cpu: T0 : 0x1f21c    : c_beqz a4, -40             : IntAlu : 
2183500: system.cpu: T0 : 0x1f21e    : lbu a4, -7(a3)             : MemRead :  D=0x0000000000000000 A=0x50371
2184000: system.cpu: T0 : 0x1f222    : c_beqz a4, 50              : IntAlu : 
2184500: system.cpu: T0 : 0x1f254    : c_sub a5, a0               : IntAlu :  D=0x0000000000000010
2185500: system.cpu: T0 : 0x1f256    : addi a0, a5, 1             : IntAlu :  D=0x0000000000000011
2186000: system.cpu: T0 : 0x1f25a    : c_jr ra                    : IntAlu : 
2186500: system.cpu: T0 : 0x14be4    : slli a5, s5, 8             : IntAlu :  D=0x0000000000004400
2187000: system.cpu: T0 : 0x14be8    : or a5, s2, a5              : IntAlu :  D=0x000000000000444c
2187500: system.cpu: T0 : 0x14bec    : slliw s2, a5, 16           : IntAlu :  D=0x00000000444c0000
2188000: system.cpu: T0 : 0x14bf0    : c_mv s3, a0                : IntAlu :  D=0x0000000000000011
2189000: system.cpu: T0 : 0x14bf2    : sraiw s2, s2, 16           : IntAlu :  D=0x000000000000444c
2190000: system.cpu: T0 : 0x14bf6    : addi s5, a0, -2            : IntAlu :  D=0x000000000000000f
2190500: system.cpu: T0 : 0x14bfa    : c_addi s4, 2               : IntAlu :  D=0x0000000000050362
2191000: system.cpu: T0 : 0x14bfc    : c_beqz s0, -50             : IntAlu : 
2191500: system.cpu: T0 : 0x14bca    : c_ldsp ra, 56(sp)          : MemRead :  D=0x0000000000022db2 A=0x7ffffffffffffd28
2192000: system.cpu: T0 : 0x14bcc    : c_mv a0, s0                : IntAlu :  D=0x0000000000000000
2192500: system.cpu: T0 : 0x14bce    : c_ldsp s0, 48(sp)          : MemRead :  D=0x000000000006ef80 A=0x7ffffffffffffd20
2193000: system.cpu: T0 : 0x14bd0    : c_ldsp s1, 40(sp)          : MemRead :  D=0x000000000006feb0 A=0x7ffffffffffffd18
2193500: system.cpu: T0 : 0x14bd2    : c_ldsp s2, 32(sp)          : MemRead :  D=0x0000000000072000 A=0x7ffffffffffffd10
2194000: system.cpu: T0 : 0x14bd4    : c_ldsp s3, 24(sp)          : MemRead :  D=0x0000000000072000 A=0x7ffffffffffffd08
2194500: system.cpu: T0 : 0x14bd6    : c_ldsp s4, 16(sp)          : MemRead :  D=0x0000000000070000 A=0x7ffffffffffffd00
2195000: system.cpu: T0 : 0x14bd8    : c_ldsp s5, 8(sp)           : MemRead :  D=0x0000000000072000 A=0x7ffffffffffffcf8
2195500: system.cpu: T0 : 0x14bda    : c_ldsp s6, 0(sp)           : MemRead :  D=0x0000000000072000 A=0x7ffffffffffffcf0
2196000: system.cpu: T0 : 0x14bdc    : c_addi16sp sp, 64          : IntAlu :  D=0x7ffffffffffffd30
2196500: system.cpu: T0 : 0x14bde    : c_jr ra                    : IntAlu : 
2197500: system.cpu: T0 : 0x22db2    : lui a4, 114                : IntAlu :  D=0x0000000000072000
2198500: system.cpu: T0 : 0x22db6    : sd a0, -64(a4)             : MemWrite :  D=0x0000000000000000 A=0x71fc0
2199500: system.cpu: T0 : 0x22dba    : beq a0, zero, 550          : IntAlu : 
2200000: system.cpu: T0 : 0x22fe0    : lui a5, 111                : IntAlu :  D=0x000000000006f000
2200500: system.cpu: T0 : 0x22fe4    : lw a5, -72(a5)             : MemRead :  D=0x0000000000000000 A=0x6efb8
2201000: system.cpu: T0 : 0x22fe8    : c_beqz a5, -140            : IntAlu : 
2201500: system.cpu: T0 : 0x22f5c    : lui a3, 80                 : IntAlu :  D=0x0000000000050000
2202000: system.cpu: T0 : 0x22f60    : addi a3, a3, 144           : IntAlu :  D=0x0000000000050090
2202500: system.cpu: T0 : 0x22f64    : c_j -396                   : IntAlu : 
2203000: system.cpu: T0 : 0x22dd8    : sd a3, -64(a4)             : MemWrite :  D=0x0000000000050090 A=0x71fc0
2203500: system.cpu: T0 : 0x22ddc    : bne a5, zero, 344          : IntAlu : 
2204000: system.cpu: T0 : 0x22de0    : lui a0, 80                 : IntAlu :  D=0x0000000000050000
2204500: system.cpu: T0 : 0x22de4    : addi a0, a0, 888           : IntAlu :  D=0x0000000000050378
2205000: system.cpu: T0 : 0x22de8    : jal ra, -57996             : IntAlu :  D=0x0000000000022dec
2205500: system.cpu: T0 : 0x14b5c    : c_addi16sp sp, -64         : IntAlu :  D=0x7ffffffffffffcf0
2206000: system.cpu: T0 : 0x14b5e    : c_sdsp s1, 40(sp)          : MemWrite :  D=0x000000000006feb0 A=0x7ffffffffffffd18
2206500: system.cpu: T0 : 0x14b60    : ld s1, -1360(gp)           : MemRead :  D=0x7fffffffffffff48 A=0x70b30
2207000: system.cpu: T0 : 0x14b64    : c_sdsp ra, 56(sp)          : MemWrite :  D=0x0000000000022dec A=0x7ffffffffffffd28
2207500: system.cpu: T0 : 0x14b66    : c_sdsp s0, 48(sp)          : MemWrite :  D=0x000000000006ef80 A=0x7ffffffffffffd20
2208000: system.cpu: T0 : 0x14b68    : c_sdsp s2, 32(sp)          : MemWrite :  D=0x0000000000072000 A=0x7ffffffffffffd10
2208500: system.cpu: T0 : 0x14b6a    : c_sdsp s3, 24(sp)          : MemWrite :  D=0x0000000000072000 A=0x7ffffffffffffd08
2209000: system.cpu: T0 : 0x14b6c    : c_sdsp s4, 16(sp)          : MemWrite :  D=0x0000000000070000 A=0x7ffffffffffffd00
2209500: system.cpu: T0 : 0x14b6e    : c_sdsp s5, 8(sp)           : MemWrite :  D=0x0000000000072000 A=0x7ffffffffffffcf8
2210000: system.cpu: T0 : 0x14b70    : c_sdsp s6, 0(sp)           : MemWrite :  D=0x0000000000072000 A=0x7ffffffffffffcf0
2210500: system.cpu: T0 : 0x14b72    : c_beqz s1, 210             : IntAlu : 
2211000: system.cpu: T0 : 0x14b74    : lbu a5, 0(a0)              : MemRead :  D=0x000000000000004c A=0x50378
2211500: system.cpu: T0 : 0x14b78    : c_mv s4, a0                : IntAlu :  D=0x0000000000050378
2212000: system.cpu: T0 : 0x14b7a    : c_beqz a5, 202             : IntAlu : 
2212500: system.cpu: T0 : 0x14b7c    : lbu s5, 1(a0)              : MemRead :  D=0x0000000000000044 A=0x50379
2213000: system.cpu: T0 : 0x14b80    : slliw s2, a5, 16           : IntAlu :  D=0x00000000004c0000
2213500: system.cpu: T0 : 0x14b84    : c_ld s0, 0(s1)             : MemRead :  D=0x0000000000000000 A=0x7fffffffffffff48
2214500: system.cpu: T0 : 0x14b86    : sraiw s2, s2, 16           : IntAlu :  D=0x000000000000004c
2215500: system.cpu: T0 : 0x14b8a    : bne s5, zero, 86           : IntAlu : 
2216000: system.cpu: T0 : 0x14be0    : jal ra, 42492              : IntAlu :  D=0x0000000000014be4
2216500: system.cpu: T0 : 0x1f1dc    : andi a5, a0, 7             : IntAlu :  D=0x0000000000000000
2217000: system.cpu: T0 : 0x1f1e0    : c_beqz a5, 26              : IntAlu : 
2217500: system.cpu: T0 : 0x1f1fa    : c_mv a5, a0                : IntAlu :  D=0x0000000000050378
2218000: system.cpu: T0 : 0x1f1fc    : ld a6, -2024(gp)           : MemRead :  D=0xfefefefefefefeff A=0x70898
2218500: system.cpu: T0 : 0x1f200    : ld a1, -2016(gp)           : MemRead :  D=0x8080808080808080 A=0x708a0
2219000: system.cpu: T0 : 0x1f204    : c_ld a2, 0(a5)             : MemRead :  D=0x4d555353415f444c A=0x50378
2220000: system.cpu: T0 : 0x1f206    : addi a3, a5, 8             : IntAlu :  D=0x0000000000050380
2221000: system.cpu: T0 : 0x1f20a    : add a4, a2, a6             : IntAlu :  D=0x4c545252405e434b
2222000: system.cpu: T0 : 0x1f20e    : xori a2, a2, 18446744073709551615 : IntAlu :  D=0xb2aaacacbea0bbb3
2222500: system.cpu: T0 : 0x1f212    : c_and a4, a2               : IntAlu :  D=0x0000000000000303
2223000: system.cpu: T0 : 0x1f214    : c_and a4, a1               : IntAlu :  D=0x0000000000000000
2223500: system.cpu: T0 : 0x1f216    : c_beqz a4, 50              : IntAlu : 
2224000: system.cpu: T0 : 0x1f248    : c_mv a5, a3                : IntAlu :  D=0x0000000000050380
2224500: system.cpu: T0 : 0x1f24a    : c_j -70                    : IntAlu : 
2225000: system.cpu: T0 : 0x1f204    : c_ld a2, 0(a5)             : MemRead :  D=0x4c454e52454b5f45 A=0x50380
2226000: system.cpu: T0 : 0x1f206    : addi a3, a5, 8             : IntAlu :  D=0x0000000000050388
2227000: system.cpu: T0 : 0x1f20a    : add a4, a2, a6             : IntAlu :  D=0x4b444d51444a5e44
2228000: system.cpu: T0 : 0x1f20e    : xori a2, a2, 18446744073709551615 : IntAlu :  D=0xb3bab1adbab4a0ba
2228500: system.cpu: T0 : 0x1f212    : c_and a4, a2               : IntAlu :  D=0x0300010100000000
2229000: system.cpu: T0 : 0x1f214    : c_and a4, a1               : IntAlu :  D=0x0000000000000000
2229500: system.cpu: T0 : 0x1f216    : c_beqz a4, 50              : IntAlu : 
2230000: system.cpu: T0 : 0x1f248    : c_mv a5, a3                : IntAlu :  D=0x0000000000050388
2230500: system.cpu: T0 : 0x1f24a    : c_j -70                    : IntAlu : 
2231000: system.cpu: T0 : 0x1f204    : c_ld a2, 0(a5)             : MemRead :  D=0x0000000000000000 A=0x50388
2232000: system.cpu: T0 : 0x1f206    : addi a3, a5, 8             : IntAlu :  D=0x0000000000050390
2233000: system.cpu: T0 : 0x1f20a    : add a4, a2, a6             : IntAlu :  D=0xfefefefefefefeff
2234000: system.cpu: T0 : 0x1f20e    : xori a2, a2, 18446744073709551615 : IntAlu :  D=0xffffffffffffffff
2234500: system.cpu: T0 : 0x1f212    : c_and a4, a2               : IntAlu :  D=0xfefefefefefefeff
2235000: system.cpu: T0 : 0x1f214    : c_and a4, a1               : IntAlu :  D=0x8080808080808080
2235500: system.cpu: T0 : 0x1f216    : c_beqz a4, 50              : IntAlu : 
2236000: system.cpu: T0 : 0x1f218    : lbu a4, -8(a3)             : MemRead :  D=0x0000000000000000 A=0x50388
2236500: system.cpu: T0 : 0x1f21c    : c_beqz a4, -40             : IntAlu : 
2237000: system.cpu: T0 : 0x1f1f4    : sub a0, a5, a0             : IntAlu :  D=0x0000000000000010
2237500: system.cpu: T0 : 0x1f1f8    : c_jr ra                    : IntAlu : 
2238000: system.cpu: T0 : 0x14be4    : slli a5, s5, 8             : IntAlu :  D=0x0000000000004400
2238500: system.cpu: T0 : 0x14be8    : or a5, s2, a5              : IntAlu :  D=0x000000000000444c
2239000: system.cpu: T0 : 0x14bec    : slliw s2, a5, 16           : IntAlu :  D=0x00000000444c0000
2239500: system.cpu: T0 : 0x14bf0    : c_mv s3, a0                : IntAlu :  D=0x0000000000000010
2240500: system.cpu: T0 : 0x14bf2    : sraiw s2, s2, 16           : IntAlu :  D=0x000000000000444c
2241500: system.cpu: T0 : 0x14bf6    : addi s5, a0, -2            : IntAlu :  D=0x000000000000000e
2242000: system.cpu: T0 : 0x14bfa    : c_addi s4, 2               : IntAlu :  D=0x000000000005037a
2242500: system.cpu: T0 : 0x14bfc    : c_beqz s0, -50             : IntAlu : 
2243000: system.cpu: T0 : 0x14bca    : c_ldsp ra, 56(sp)          : MemRead :  D=0x0000000000022dec A=0x7ffffffffffffd28
2243500: system.cpu: T0 : 0x14bcc    : c_mv a0, s0                : IntAlu :  D=0x0000000000000000
2244000: system.cpu: T0 : 0x14bce    : c_ldsp s0, 48(sp)          : MemRead :  D=0x000000000006ef80 A=0x7ffffffffffffd20
2244500: system.cpu: T0 : 0x14bd0    : c_ldsp s1, 40(sp)          : MemRead :  D=0x000000000006feb0 A=0x7ffffffffffffd18
2245000: system.cpu: T0 : 0x14bd2    : c_ldsp s2, 32(sp)          : MemRead :  D=0x0000000000072000 A=0x7ffffffffffffd10
2245500: system.cpu: T0 : 0x14bd4    : c_ldsp s3, 24(sp)          : MemRead :  D=0x0000000000072000 A=0x7ffffffffffffd08
2246000: system.cpu: T0 : 0x14bd6    : c_ldsp s4, 16(sp)          : MemRead :  D=0x0000000000070000 A=0x7ffffffffffffd00
2246500: system.cpu: T0 : 0x14bd8    : c_ldsp s5, 8(sp)           : MemRead :  D=0x0000000000072000 A=0x7ffffffffffffcf8
2247000: system.cpu: T0 : 0x14bda    : c_ldsp s6, 0(sp)           : MemRead :  D=0x0000000000072000 A=0x7ffffffffffffcf0
2247500: system.cpu: T0 : 0x14bdc    : c_addi16sp sp, 64          : IntAlu :  D=0x7ffffffffffffd30
2248000: system.cpu: T0 : 0x14bde    : c_jr ra                    : IntAlu : 
2248500: system.cpu: T0 : 0x22dec    : c_mv s0, a0                : IntAlu :  D=0x0000000000000000
2249000: system.cpu: T0 : 0x22dee    : c_beqz a0, 76              : IntAlu : 
2250000: system.cpu: T0 : 0x22e3a    : lui a5, 114                : IntAlu :  D=0x0000000000072000
2251000: system.cpu: T0 : 0x22e3e    : ld a0, -8(a5)              : MemRead :  D=0x0000000000000000 A=0x71ff8
2251500: system.cpu: T0 : 0x22e42    : c_beqz a0, 14              : IntAlu : 
2252000: system.cpu: T0 : 0x22e50    : ld a5, 24(s2)              : MemRead :  D=0x0000000000010040 A=0x72018
2252500: system.cpu: T0 : 0x22e54    : ld t3, 1120(s1)            : MemRead :  D=0x0000000000000000 A=0x70310
2253000: system.cpu: T0 : 0x22e58    : c_beqz a5, 110             : IntAlu : 
2254000: system.cpu: T0 : 0x22e5a    : ld a4, 80(s3)              : MemRead :  D=0x0000000000000006 A=0x72050
2255000: system.cpu: T0 : 0x22e5e    : slli a3, a4, 3             : IntAlu :  D=0x0000000000000030
2255500: system.cpu: T0 : 0x22e62    : c_sub a3, a4               : IntAlu :  D=0x000000000000002a
2256000: system.cpu: T0 : 0x22e64    : c_slli a3, 3               : IntAlu :  D=0x0000000000000150
2256500: system.cpu: T0 : 0x22e66    : c_add a3, a5               : IntAlu :  D=0x0000000000010190
2257000: system.cpu: T0 : 0x22e68    : bgeu a5, a3, 94            : IntAlu : 
2257500: system.cpu: T0 : 0x22e6c    : lui a2, 411470             : IntAlu :  D=0x000000006474e000
2258000: system.cpu: T0 : 0x22e70    : addi a1, a2, 1361          : IntAlu :  D=0x000000006474e551
2258500: system.cpu: T0 : 0x22e74    : ld t4, 1112(s1)            : MemRead :  D=0x0000000000000000 A=0x70308
2259000: system.cpu: T0 : 0x22e78    : lw t1, -1800(gp)           : MemRead :  D=0x0000000000000006 A=0x70978
2259500: system.cpu: T0 : 0x22e7c    : c_mv a6, t3                : IntAlu :  D=0x0000000000000000
2260000: system.cpu: T0 : 0x22e7e    : c_li a7, 0                 : IntAlu :  D=0x0000000000000000
2260500: system.cpu: T0 : 0x22e80    : c_li a0, 0                 : IntAlu :  D=0x0000000000000000
2261500: system.cpu: T0 : 0x22e82    : addi a2, a2, 1362          : IntAlu :  D=0x000000006474e552
2262000: system.cpu: T0 : 0x22e86    : c_j 24                     : IntAlu : 
2262500: system.cpu: T0 : 0x22e9e    : c_lw a4, 0(a5)             : MemRead :  D=0x0000000000000001 A=0x10040
2263000: system.cpu: T0 : 0x22ea0    : bne a4, a1, -24            : IntAlu : 
2263500: system.cpu: T0 : 0x22e88    : bne a4, a2, 14             : IntAlu : 
2264500: system.cpu: T0 : 0x22e96    : addi a5, a5, 56            : IntAlu :  D=0x0000000000010078
2265500: system.cpu: T0 : 0x22e9a    : bgeu a5, a3, 24            : IntAlu : 
2266000: system.cpu: T0 : 0x22e9e    : c_lw a4, 0(a5)             : MemRead :  D=0x0000000000000001 A=0x10078
2266500: system.cpu: T0 : 0x22ea0    : bne a4, a1, -24            : IntAlu : 
2267000: system.cpu: T0 : 0x22e88    : bne a4, a2, 14             : IntAlu : 
2268000: system.cpu: T0 : 0x22e96    : addi a5, a5, 56            : IntAlu :  D=0x00000000000100b0
2269000: system.cpu: T0 : 0x22e9a    : bgeu a5, a3, 24            : IntAlu : 
2269500: system.cpu: T0 : 0x22e9e    : c_lw a4, 0(a5)             : MemRead :  D=0x0000000000000004 A=0x100b0
2270000: system.cpu: T0 : 0x22ea0    : bne a4, a1, -24            : IntAlu : 
2270500: system.cpu: T0 : 0x22e88    : bne a4, a2, 14             : IntAlu : 
2271500: system.cpu: T0 : 0x22e96    : addi a5, a5, 56            : IntAlu :  D=0x00000000000100e8
2272500: system.cpu: T0 : 0x22e9a    : bgeu a5, a3, 24            : IntAlu : 
2273000: system.cpu: T0 : 0x22e9e    : c_lw a4, 0(a5)             : MemRead :  D=0x0000000000000007 A=0x100e8
2273500: system.cpu: T0 : 0x22ea0    : bne a4, a1, -24            : IntAlu : 
2274000: system.cpu: T0 : 0x22e88    : bne a4, a2, 14             : IntAlu : 
2275000: system.cpu: T0 : 0x22e96    : addi a5, a5, 56            : IntAlu :  D=0x0000000000010120
2276000: system.cpu: T0 : 0x22e9a    : bgeu a5, a3, 24            : IntAlu : 
2276500: system.cpu: T0 : 0x22e9e    : c_lw a4, 0(a5)             : MemRead :  D=0x000000006474e551 A=0x10120
2277000: system.cpu: T0 : 0x22ea0    : bne a4, a1, -24            : IntAlu : 
2277500: system.cpu: T0 : 0x22ea4    : lw t1, 4(a5)               : MemRead :  D=0x0000000000000006 A=0x10124
2278000: system.cpu: T0 : 0x22ea8    : addi a5, a5, 56            : IntAlu :  D=0x0000000000010158
2278500: system.cpu: T0 : 0x22eac    : c_li a0, 1                 : IntAlu :  D=0x0000000000000001
2279500: system.cpu: T0 : 0x22eae    : bltu a5, a3, -16           : IntAlu : 
2280000: system.cpu: T0 : 0x22e9e    : c_lw a4, 0(a5)             : MemRead :  D=0x000000006474e552 A=0x10158
2280500: system.cpu: T0 : 0x22ea0    : bne a4, a1, -24            : IntAlu : 
2281000: system.cpu: T0 : 0x22e88    : bne a4, a2, 14             : IntAlu : 
2281500: system.cpu: T0 : 0x22e8c    : ld t4, 16(a5)              : MemRead :  D=0x000000000006ead0 A=0x10168
2282000: system.cpu: T0 : 0x22e90    : ld a6, 40(a5)              : MemRead :  D=0x0000000000000530 A=0x10180
2282500: system.cpu: T0 : 0x22e94    : c_li a7, 1                 : IntAlu :  D=0x0000000000000001
2283500: system.cpu: T0 : 0x22e96    : addi a5, a5, 56            : IntAlu :  D=0x0000000000010190
2284500: system.cpu: T0 : 0x22e9a    : bgeu a5, a3, 24            : IntAlu : 
2285000: system.cpu: T0 : 0x22eb2    : c_beqz a0, 6               : IntAlu : 
2285500: system.cpu: T0 : 0x22eb4    : sw t1, -1800(gp)           : MemWrite :  D=0x0000000000000006 A=0x70978
2286000: system.cpu: T0 : 0x22eb8    : beq a7, zero, 14           : IntAlu : 
2286500: system.cpu: T0 : 0x22ebc    : sd t4, 1112(s1)            : MemWrite :  D=0x000000000006ead0 A=0x70308
2287000: system.cpu: T0 : 0x22ec0    : sd a6, 1120(s1)            : MemWrite :  D=0x0000000000000530 A=0x70310
2287500: system.cpu: T0 : 0x22ec4    : c_mv t3, a6                : IntAlu :  D=0x0000000000000530
2288500: system.cpu: T0 : 0x22ec6    : bne t3, zero, 272          : IntAlu : 
2289500: system.cpu: T0 : 0x22fd6    : addi a0, s4, -336          : IntAlu :  D=0x000000000006feb0
2290500: system.cpu: T0 : 0x22fda    : jal ra, 106388             : IntAlu :  D=0x0000000000022fde
2291000: system.cpu: T0 : 0x3cf6e    : c_addi sp, -16             : IntAlu :  D=0x7ffffffffffffd20
2291500: system.cpu: T0 : 0x3cf70    : c_ld a5, 0(a0)             : MemRead :  D=0x0000000000000000 A=0x6feb0
2292000: system.cpu: T0 : 0x3cf72    : c_sdsp s0, 0(sp)           : MemWrite :  D=0x0000000000000000 A=0x7ffffffffffffd20
2292500: system.cpu: T0 : 0x3cf74    : c_mv s0, a0                : IntAlu :  D=0x000000000006feb0
2293500: system.cpu: T0 : 0x3cf76    : ld a0, 1112(a0)            : MemRead :  D=0x000000000006ead0 A=0x70308
2294500: system.cpu: T0 : 0x3cf7a    : ld a4, -1784(gp)           : MemRead :  D=0x0000000000001000 A=0x70988
2295500: system.cpu: T0 : 0x3cf7e    : ld a1, 1120(s0)            : MemRead :  D=0x0000000000000530 A=0x70310
2296000: system.cpu: T0 : 0x3cf82    : c_add a5, a0               : IntAlu :  D=0x000000000006ead0
2296500: system.cpu: T0 : 0x3cf84    : sub a4, zero, a4           : IntAlu :  D=0xfffffffffffff000
2297000: system.cpu: T0 : 0x3cf88    : c_add a1, a5               : IntAlu :  D=0x000000000006f000
2297500: system.cpu: T0 : 0x3cf8a    : c_sdsp ra, 8(sp)           : MemWrite :  D=0x0000000000022fde A=0x7ffffffffffffd28
2298000: system.cpu: T0 : 0x3cf8c    : and a0, a5, a4             : IntAlu :  D=0x000000000006e000
2298500: system.cpu: T0 : 0x3cf90    : c_and a1, a4               : IntAlu :  D=0x000000000006f000
2299500: system.cpu: T0 : 0x3cf92    : bne a0, a1, 12             : IntAlu : 
2300000: system.cpu: T0 : 0x3cf9e    : c_li a2, 1                 : IntAlu :  D=0x0000000000000001
2300500: system.cpu: T0 : 0x3cfa0    : c_sub a1, a0               : IntAlu :  D=0x0000000000001000
2301500: system.cpu: T0 : 0x3cfa2    : jal ra, -113354            : IntAlu :  D=0x000000000003cfa6
2302000: system.cpu: T0 : 0x214d8    : addi a7, zero, 226         : IntAlu :  D=0x00000000000000e2
2302500: system.cpu: T0 : 0x214dc    : ecall                      : No_OpClass : 
2303000: system.cpu: T0 : 0x214e0    : c_lui a7, 1048575          : IntAlu :  D=0xfffffffffffff000
2304000: system.cpu: T0 : 0x214e2    : bltu a7, a0, 6             : IntAlu : 
2304500: system.cpu: T0 : 0x214e6    : c_jr ra                    : IntAlu : 
2305500: system.cpu: T0 : 0x3cfa6    : bge a0, zero, -16          : IntAlu : 
2306000: system.cpu: T0 : 0x3cf96    : c_ldsp ra, 8(sp)           : MemRead :  D=0x0000000000022fde A=0x7ffffffffffffd28
2306500: system.cpu: T0 : 0x3cf98    : c_ldsp s0, 0(sp)           : MemRead :  D=0x0000000000000000 A=0x7ffffffffffffd20
2307000: system.cpu: T0 : 0x3cf9a    : c_addi sp, 16              : IntAlu :  D=0x7ffffffffffffd30
2307500: system.cpu: T0 : 0x3cf9c    : c_jr ra                    : IntAlu : 
2308000: system.cpu: T0 : 0x22fde    : c_j -276                   : IntAlu : 
2308500: system.cpu: T0 : 0x22eca    : c_ldsp ra, 152(sp)         : MemRead :  D=0x000000000002325c A=0x7ffffffffffffdc8
2309000: system.cpu: T0 : 0x22ecc    : c_ldsp s0, 144(sp)         : MemRead :  D=0x0000000000000001 A=0x7ffffffffffffdc0
2309500: system.cpu: T0 : 0x22ece    : c_ldsp s1, 136(sp)         : MemRead :  D=0x7fffffffffffff38 A=0x7ffffffffffffdb8
2310000: system.cpu: T0 : 0x22ed0    : c_ldsp s2, 128(sp)         : MemRead :  D=0x7fffffffffffff48 A=0x7ffffffffffffdb0
2310500: system.cpu: T0 : 0x22ed2    : c_ldsp s3, 120(sp)         : MemRead :  D=0x0000000000000000 A=0x7ffffffffffffda8
2311000: system.cpu: T0 : 0x22ed4    : c_ldsp s4, 112(sp)         : MemRead :  D=0x0000000000000000 A=0x7ffffffffffffda0
2311500: system.cpu: T0 : 0x22ed6    : c_ldsp s5, 104(sp)         : MemRead :  D=0x0000000000000000 A=0x7ffffffffffffd98
2312000: system.cpu: T0 : 0x22ed8    : c_ldsp s6, 96(sp)          : MemRead :  D=0x0000000000000000 A=0x7ffffffffffffd90
2312500: system.cpu: T0 : 0x22eda    : c_ldsp s7, 88(sp)          : MemRead :  D=0x0000000000000000 A=0x7ffffffffffffd88
2313000: system.cpu: T0 : 0x22edc    : c_ldsp s8, 80(sp)          : MemRead :  D=0x0000000000000000 A=0x7ffffffffffffd80
2313500: system.cpu: T0 : 0x22ede    : c_ldsp s9, 72(sp)          : MemRead :  D=0x0000000000000000 A=0x7ffffffffffffd78
2314000: system.cpu: T0 : 0x22ee0    : c_ldsp s10, 64(sp)         : MemRead :  D=0x0000000000000000 A=0x7ffffffffffffd70
2314500: system.cpu: T0 : 0x22ee2    : c_addi16sp sp, 160         : IntAlu :  D=0x7ffffffffffffdd0
2315000: system.cpu: T0 : 0x22ee4    : c_jr ra                    : IntAlu : 
2315500: system.cpu: T0 : 0x2325c    : c_mv a2, s2                : IntAlu :  D=0x7fffffffffffff48
2316000: system.cpu: T0 : 0x2325e    : c_mv a1, s1                : IntAlu :  D=0x7fffffffffffff38
2316500: system.cpu: T0 : 0x23260    : c_mv a0, s0                : IntAlu :  D=0x0000000000000001
2317500: system.cpu: T0 : 0x23262    : jal ra, -4344              : IntAlu :  D=0x0000000000023266
2318000: system.cpu: T0 : 0x2216a    : c_beqz a1, 50              : IntAlu : 
2318500: system.cpu: T0 : 0x2216c    : c_addi sp, -32             : IntAlu :  D=0x7ffffffffffffdb0
2319000: system.cpu: T0 : 0x2216e    : c_sdsp s1, 8(sp)           : MemWrite :  D=0x7fffffffffffff38 A=0x7ffffffffffffdb8
2319500: system.cpu: T0 : 0x22170    : c_ld s1, 0(a1)             : MemRead :  D=0x7fffffffffffffd7 A=0x7fffffffffffff38
2320000: system.cpu: T0 : 0x22172    : c_sdsp s0, 16(sp)          : MemWrite :  D=0x0000000000000001 A=0x7ffffffffffffdc0
2320500: system.cpu: T0 : 0x22174    : c_sdsp ra, 24(sp)          : MemWrite :  D=0x0000000000023266 A=0x7ffffffffffffdc8
2321000: system.cpu: T0 : 0x22176    : c_mv s0, a1                : IntAlu :  D=0x7fffffffffffff38
2321500: system.cpu: T0 : 0x22178    : c_beqz s1, 26              : IntAlu : 
2322500: system.cpu: T0 : 0x2217a    : addi a1, zero, 47          : IntAlu :  D=0x000000000000002f
2323000: system.cpu: T0 : 0x2217e    : c_mv a0, s1                : IntAlu :  D=0x7fffffffffffffd7
2323500: system.cpu: T0 : 0x22180    : jal ra, 90482              : IntAlu :  D=0x0000000000022184
2324000: system.cpu: T0 : 0x382f2    : c_addi sp, -32             : IntAlu :  D=0x7ffffffffffffd90
2324500: system.cpu: T0 : 0x382f4    : c_sdsp s0, 16(sp)          : MemWrite :  D=0x7fffffffffffff38 A=0x7ffffffffffffda0
2325000: system.cpu: T0 : 0x382f6    : c_sdsp s1, 8(sp)           : MemWrite :  D=0x7fffffffffffffd7 A=0x7ffffffffffffd98
2325500: system.cpu: T0 : 0x382f8    : c_sdsp s2, 0(sp)           : MemWrite :  D=0x7fffffffffffff48 A=0x7ffffffffffffd90
2326000: system.cpu: T0 : 0x382fa    : c_sdsp ra, 24(sp)          : MemWrite :  D=0x0000000000022184 A=0x7ffffffffffffda8
2326500: system.cpu: T0 : 0x382fc    : andi s1, a1, 255           : IntAlu :  D=0x000000000000002f
2327000: system.cpu: T0 : 0x38300    : c_mv s0, a0                : IntAlu :  D=0x7fffffffffffffd7
2327500: system.cpu: T0 : 0x38302    : c_li s2, 0                 : IntAlu :  D=0x0000000000000000
2328000: system.cpu: T0 : 0x38304    : c_bnez s1, 10              : IntAlu : 
2328500: system.cpu: T0 : 0x3830e    : c_mv a0, s0                : IntAlu :  D=0x7fffffffffffffd7
2329000: system.cpu: T0 : 0x38310    : c_mv a1, s1                : IntAlu :  D=0x000000000000002f
2330000: system.cpu: T0 : 0x38312    : jal ra, -103340            : IntAlu :  D=0x0000000000038316
2331000: system.cpu: T0 : 0x1ef66    : andi a5, a0, 7             : IntAlu :  D=0x0000000000000007
2332000: system.cpu: T0 : 0x1ef6a    : andi a4, a1, 255           : IntAlu :  D=0x000000000000002f
2332500: system.cpu: T0 : 0x1ef6e    : c_bnez a5, 14              : IntAlu : 
2333000: system.cpu: T0 : 0x1ef7c    : lbu a5, 0(a0)              : MemRead :  D=0x000000000000002e A=0x7fffffffffffffd7
2333500: system.cpu: T0 : 0x1ef80    : bne a5, a4, -14            : IntAlu : 
2334000: system.cpu: T0 : 0x1ef72    : c_addi a0, 1               : IntAlu :  D=0x7fffffffffffffd8
2334500: system.cpu: T0 : 0x1ef74    : andi a3, a0, 7             : IntAlu :  D=0x0000000000000000
2335000: system.cpu: T0 : 0x1ef78    : c_beqz a5, 168             : IntAlu : 
2335500: system.cpu: T0 : 0x1ef7a    : c_beqz a3, 12              : IntAlu : 
2336000: system.cpu: T0 : 0x1ef86    : c_lui a3, 16               : IntAlu :  D=0x0000000000010000
2336500: system.cpu: T0 : 0x1ef88    : slliw a5, a1, 8            : IntAlu :  D=0x0000000000002f00
2337000: system.cpu: T0 : 0x1ef8c    : c_addi a3, -1              : IntAlu :  D=0x000000000000ffff
2337500: system.cpu: T0 : 0x1ef8e    : c_and a5, a3               : IntAlu :  D=0x0000000000002f00
2338000: system.cpu: T0 : 0x1ef90    : andi a1, a1, 255           : IntAlu :  D=0x000000000000002f
2338500: system.cpu: T0 : 0x1ef94    : c_or a1, a5                : IntAlu :  D=0x0000000000002f2f
2339000: system.cpu: T0 : 0x1ef96    : c_addiw a1, 0              : IntAlu :  D=0x0000000000002f2f
2339500: system.cpu: T0 : 0x1ef98    : slli t1, a1, 16            : IntAlu :  D=0x000000002f2f0000
2340000: system.cpu: T0 : 0x1ef9c    : or a1, t1, a1              : IntAlu :  D=0x000000002f2f2f2f
2340500: system.cpu: T0 : 0x1efa0    : ld a6, -2032(gp)           : MemRead :  D=0x7efefefefefefeff A=0x70890
2341000: system.cpu: T0 : 0x1efa4    : slli t1, a1, 32            : IntAlu :  D=0x2f2f2f2f00000000
2341500: system.cpu: T0 : 0x1efa8    : or t1, t1, a1              : IntAlu :  D=0x2f2f2f2f2f2f2f2f
2342000: system.cpu: T0 : 0x1efac    : c_li t3, -1                : IntAlu :  D=0xffffffffffffffff
2342500: system.cpu: T0 : 0x1efae    : c_ld a1, 0(a0)             : MemRead :  D=0x6f6c6e776f442f2e A=0x7fffffffffffffd8
2343000: system.cpu: T0 : 0x1efb0    : addi a5, a0, 8             : IntAlu :  D=0x7fffffffffffffe0
2343500: system.cpu: T0 : 0x1efb4    : xor a7, t1, a1             : IntAlu :  D=0x40434158406b0001
2344000: system.cpu: T0 : 0x1efb8    : add a3, a1, a6             : IntAlu :  D=0xee6b6d766e432e2d
2344500: system.cpu: T0 : 0x1efbc    : add a2, a7, a6             : IntAlu :  D=0xbf4240573f69ff00
2345000: system.cpu: T0 : 0x1efc0    : c_xor a3, a1               : IntAlu :  D=0x8107030101070103
2346000: system.cpu: T0 : 0x1efc2    : xor a2, a2, a7             : IntAlu :  D=0xff01010f7f02ff01
2346500: system.cpu: T0 : 0x1efc6    : c_and a3, a2               : IntAlu :  D=0x8101010101020101
2347000: system.cpu: T0 : 0x1efc8    : or a3, a3, a6              : IntAlu :  D=0xfffffffffffeffff
2347500: system.cpu: T0 : 0x1efcc    : beq a3, t3, 88             : IntAlu : 
2348000: system.cpu: T0 : 0x1efd0    : lbu a3, -8(a5)             : MemRead :  D=0x000000000000002e A=0x7fffffffffffffd8
2348500: system.cpu: T0 : 0x1efd4    : beq a3, a4, -80            : IntAlu : 
2349000: system.cpu: T0 : 0x1efd8    : c_beqz a3, 72              : IntAlu : 
2350000: system.cpu: T0 : 0x1efda    : lbu a3, -7(a5)             : MemRead :  D=0x000000000000002f A=0x7fffffffffffffd9
2351000: system.cpu: T0 : 0x1efde    : beq a3, a4, 74             : IntAlu : 
2351500: system.cpu: T0 : 0x1f028    : c_addi a0, 1               : IntAlu :  D=0x7fffffffffffffd9
2352000: system.cpu: T0 : 0x1f02a    : c_jr ra                    : IntAlu : 
2352500: system.cpu: T0 : 0x38316    : c_bnez a0, -14             : IntAlu : 
2353000: system.cpu: T0 : 0x38308    : addi s0, a0, 1             : IntAlu :  D=0x7fffffffffffffda
2353500: system.cpu: T0 : 0x3830c    : c_mv s2, a0                : IntAlu :  D=0x7fffffffffffffd9
2354000: system.cpu: T0 : 0x3830e    : c_mv a0, s0                : IntAlu :  D=0x7fffffffffffffda
2354500: system.cpu: T0 : 0x38310    : c_mv a1, s1                : IntAlu :  D=0x000000000000002f
2355500: system.cpu: T0 : 0x38312    : jal ra, -103340            : IntAlu :  D=0x0000000000038316
2356500: system.cpu: T0 : 0x1ef66    : andi a5, a0, 7             : IntAlu :  D=0x0000000000000002
2357500: system.cpu: T0 : 0x1ef6a    : andi a4, a1, 255           : IntAlu :  D=0x000000000000002f
2358000: system.cpu: T0 : 0x1ef6e    : c_bnez a5, 14              : IntAlu : 
2358500: system.cpu: T0 : 0x1ef7c    : lbu a5, 0(a0)              : MemRead :  D=0x0000000000000044 A=0x7fffffffffffffda
2359000: system.cpu: T0 : 0x1ef80    : bne a5, a4, -14            : IntAlu : 
2359500: system.cpu: T0 : 0x1ef72    : c_addi a0, 1               : IntAlu :  D=0x7fffffffffffffdb
2360000: system.cpu: T0 : 0x1ef74    : andi a3, a0, 7             : IntAlu :  D=0x0000000000000003
2360500: system.cpu: T0 : 0x1ef78    : c_beqz a5, 168             : IntAlu : 
2361000: system.cpu: T0 : 0x1ef7a    : c_beqz a3, 12              : IntAlu : 
2361500: system.cpu: T0 : 0x1ef7c    : lbu a5, 0(a0)              : MemRead :  D=0x000000000000006f A=0x7fffffffffffffdb
2362000: system.cpu: T0 : 0x1ef80    : bne a5, a4, -14            : IntAlu : 
2362500: system.cpu: T0 : 0x1ef72    : c_addi a0, 1               : IntAlu :  D=0x7fffffffffffffdc
2363000: system.cpu: T0 : 0x1ef74    : andi a3, a0, 7             : IntAlu :  D=0x0000000000000004
2363500: system.cpu: T0 : 0x1ef78    : c_beqz a5, 168             : IntAlu : 
2364000: system.cpu: T0 : 0x1ef7a    : c_beqz a3, 12              : IntAlu : 
2364500: system.cpu: T0 : 0x1ef7c    : lbu a5, 0(a0)              : MemRead :  D=0x0000000000000077 A=0x7fffffffffffffdc
2365000: system.cpu: T0 : 0x1ef80    : bne a5, a4, -14            : IntAlu : 
2365500: system.cpu: T0 : 0x1ef72    : c_addi a0, 1               : IntAlu :  D=0x7fffffffffffffdd
2366000: system.cpu: T0 : 0x1ef74    : andi a3, a0, 7             : IntAlu :  D=0x0000000000000005
2366500: system.cpu: T0 : 0x1ef78    : c_beqz a5, 168             : IntAlu : 
2367000: system.cpu: T0 : 0x1ef7a    : c_beqz a3, 12              : IntAlu : 
2367500: system.cpu: T0 : 0x1ef7c    : lbu a5, 0(a0)              : MemRead :  D=0x000000000000006e A=0x7fffffffffffffdd
2368000: system.cpu: T0 : 0x1ef80    : bne a5, a4, -14            : IntAlu : 
2368500: system.cpu: T0 : 0x1ef72    : c_addi a0, 1               : IntAlu :  D=0x7fffffffffffffde
2369000: system.cpu: T0 : 0x1ef74    : andi a3, a0, 7             : IntAlu :  D=0x0000000000000006
2369500: system.cpu: T0 : 0x1ef78    : c_beqz a5, 168             : IntAlu : 
2370000: system.cpu: T0 : 0x1ef7a    : c_beqz a3, 12              : IntAlu : 
2370500: system.cpu: T0 : 0x1ef7c    : lbu a5, 0(a0)              : MemRead :  D=0x000000000000006c A=0x7fffffffffffffde
2371000: system.cpu: T0 : 0x1ef80    : bne a5, a4, -14            : IntAlu : 
2371500: system.cpu: T0 : 0x1ef72    : c_addi a0, 1               : IntAlu :  D=0x7fffffffffffffdf
2372000: system.cpu: T0 : 0x1ef74    : andi a3, a0, 7             : IntAlu :  D=0x0000000000000007
2372500: system.cpu: T0 : 0x1ef78    : c_beqz a5, 168             : IntAlu : 
2373000: system.cpu: T0 : 0x1ef7a    : c_beqz a3, 12              : IntAlu : 
2373500: system.cpu: T0 : 0x1ef7c    : lbu a5, 0(a0)              : MemRead :  D=0x000000000000006f A=0x7fffffffffffffdf
2374000: system.cpu: T0 : 0x1ef80    : bne a5, a4, -14            : IntAlu : 
2374500: system.cpu: T0 : 0x1ef72    : c_addi a0, 1               : IntAlu :  D=0x7fffffffffffffe0
2375000: system.cpu: T0 : 0x1ef74    : andi a3, a0, 7             : IntAlu :  D=0x0000000000000000
2375500: system.cpu: T0 : 0x1ef78    : c_beqz a5, 168             : IntAlu : 
2376000: system.cpu: T0 : 0x1ef7a    : c_beqz a3, 12              : IntAlu : 
2376500: system.cpu: T0 : 0x1ef86    : c_lui a3, 16               : IntAlu :  D=0x0000000000010000
2377000: system.cpu: T0 : 0x1ef88    : slliw a5, a1, 8            : IntAlu :  D=0x0000000000002f00
2377500: system.cpu: T0 : 0x1ef8c    : c_addi a3, -1              : IntAlu :  D=0x000000000000ffff
2378000: system.cpu: T0 : 0x1ef8e    : c_and a5, a3               : IntAlu :  D=0x0000000000002f00
2378500: system.cpu: T0 : 0x1ef90    : andi a1, a1, 255           : IntAlu :  D=0x000000000000002f
2379000: system.cpu: T0 : 0x1ef94    : c_or a1, a5                : IntAlu :  D=0x0000000000002f2f
2379500: system.cpu: T0 : 0x1ef96    : c_addiw a1, 0              : IntAlu :  D=0x0000000000002f2f
2380000: system.cpu: T0 : 0x1ef98    : slli t1, a1, 16            : IntAlu :  D=0x000000002f2f0000
2380500: system.cpu: T0 : 0x1ef9c    : or a1, t1, a1              : IntAlu :  D=0x000000002f2f2f2f
2381000: system.cpu: T0 : 0x1efa0    : ld a6, -2032(gp)           : MemRead :  D=0x7efefefefefefeff A=0x70890
2381500: system.cpu: T0 : 0x1efa4    : slli t1, a1, 32            : IntAlu :  D=0x2f2f2f2f00000000
2382000: system.cpu: T0 : 0x1efa8    : or t1, t1, a1              : IntAlu :  D=0x2f2f2f2f2f2f2f2f
2382500: system.cpu: T0 : 0x1efac    : c_li t3, -1                : IntAlu :  D=0xffffffffffffffff
2383000: system.cpu: T0 : 0x1efae    : c_ld a1, 0(a0)             : MemRead :  D=0x726f73712f736461 A=0x7fffffffffffffe0
2383500: system.cpu: T0 : 0x1efb0    : addi a5, a0, 8             : IntAlu :  D=0x7fffffffffffffe8
2384000: system.cpu: T0 : 0x1efb4    : xor a7, t1, a1             : IntAlu :  D=0x5d405c5e005c4b4e
2384500: system.cpu: T0 : 0x1efb8    : add a3, a1, a6             : IntAlu :  D=0xf16e72702e726360
2385000: system.cpu: T0 : 0x1efbc    : add a2, a7, a6             : IntAlu :  D=0xdc3f5b5cff5b4a4d
2385500: system.cpu: T0 : 0x1efc0    : c_xor a3, a1               : IntAlu :  D=0x8301010101010701
2386500: system.cpu: T0 : 0x1efc2    : xor a2, a2, a7             : IntAlu :  D=0x817f0702ff070103
2387000: system.cpu: T0 : 0x1efc6    : c_and a3, a2               : IntAlu :  D=0x8101010001010101
2387500: system.cpu: T0 : 0x1efc8    : or a3, a3, a6              : IntAlu :  D=0xfffffffeffffffff
2388000: system.cpu: T0 : 0x1efcc    : beq a3, t3, 88             : IntAlu : 
2388500: system.cpu: T0 : 0x1efd0    : lbu a3, -8(a5)             : MemRead :  D=0x0000000000000061 A=0x7fffffffffffffe0
2389000: system.cpu: T0 : 0x1efd4    : beq a3, a4, -80            : IntAlu : 
2389500: system.cpu: T0 : 0x1efd8    : c_beqz a3, 72              : IntAlu : 
2390500: system.cpu: T0 : 0x1efda    : lbu a3, -7(a5)             : MemRead :  D=0x0000000000000064 A=0x7fffffffffffffe1
2391500: system.cpu: T0 : 0x1efde    : beq a3, a4, 74             : IntAlu : 
2392000: system.cpu: T0 : 0x1efe2    : c_beqz a3, 62              : IntAlu : 
2392500: system.cpu: T0 : 0x1efe4    : lbu a3, -6(a5)             : MemRead :  D=0x0000000000000073 A=0x7fffffffffffffe2
2393000: system.cpu: T0 : 0x1efe8    : beq a3, a4, 68             : IntAlu : 
2393500: system.cpu: T0 : 0x1efec    : c_beqz a3, 52              : IntAlu : 
2394500: system.cpu: T0 : 0x1efee    : lbu a3, -5(a5)             : MemRead :  D=0x000000000000002f A=0x7fffffffffffffe3
2395500: system.cpu: T0 : 0x1eff2    : beq a3, a4, 62             : IntAlu : 
2396000: system.cpu: T0 : 0x1f030    : c_addi a0, 3               : IntAlu :  D=0x7fffffffffffffe3
2396500: system.cpu: T0 : 0x1f032    : c_jr ra                    : IntAlu : 
2397000: system.cpu: T0 : 0x38316    : c_bnez a0, -14             : IntAlu : 
2397500: system.cpu: T0 : 0x38308    : addi s0, a0, 1             : IntAlu :  D=0x7fffffffffffffe4
2398000: system.cpu: T0 : 0x3830c    : c_mv s2, a0                : IntAlu :  D=0x7fffffffffffffe3
2398500: system.cpu: T0 : 0x3830e    : c_mv a0, s0                : IntAlu :  D=0x7fffffffffffffe4
2399000: system.cpu: T0 : 0x38310    : c_mv a1, s1                : IntAlu :  D=0x000000000000002f
2400000: system.cpu: T0 : 0x38312    : jal ra, -103340            : IntAlu :  D=0x0000000000038316
2401000: system.cpu: T0 : 0x1ef66    : andi a5, a0, 7             : IntAlu :  D=0x0000000000000004
2402000: system.cpu: T0 : 0x1ef6a    : andi a4, a1, 255           : IntAlu :  D=0x000000000000002f
2402500: system.cpu: T0 : 0x1ef6e    : c_bnez a5, 14              : IntAlu : 
2403000: system.cpu: T0 : 0x1ef7c    : lbu a5, 0(a0)              : MemRead :  D=0x0000000000000071 A=0x7fffffffffffffe4
2403500: system.cpu: T0 : 0x1ef80    : bne a5, a4, -14            : IntAlu : 
2404000: system.cpu: T0 : 0x1ef72    : c_addi a0, 1               : IntAlu :  D=0x7fffffffffffffe5
2404500: system.cpu: T0 : 0x1ef74    : andi a3, a0, 7             : IntAlu :  D=0x0000000000000005
2405000: system.cpu: T0 : 0x1ef78    : c_beqz a5, 168             : IntAlu : 
2405500: system.cpu: T0 : 0x1ef7a    : c_beqz a3, 12              : IntAlu : 
2406000: system.cpu: T0 : 0x1ef7c    : lbu a5, 0(a0)              : MemRead :  D=0x0000000000000073 A=0x7fffffffffffffe5
2406500: system.cpu: T0 : 0x1ef80    : bne a5, a4, -14            : IntAlu : 
2407000: system.cpu: T0 : 0x1ef72    : c_addi a0, 1               : IntAlu :  D=0x7fffffffffffffe6
2407500: system.cpu: T0 : 0x1ef74    : andi a3, a0, 7             : IntAlu :  D=0x0000000000000006
2408000: system.cpu: T0 : 0x1ef78    : c_beqz a5, 168             : IntAlu : 
2408500: system.cpu: T0 : 0x1ef7a    : c_beqz a3, 12              : IntAlu : 
2409000: system.cpu: T0 : 0x1ef7c    : lbu a5, 0(a0)              : MemRead :  D=0x000000000000006f A=0x7fffffffffffffe6
2409500: system.cpu: T0 : 0x1ef80    : bne a5, a4, -14            : IntAlu : 
2410000: system.cpu: T0 : 0x1ef72    : c_addi a0, 1               : IntAlu :  D=0x7fffffffffffffe7
2410500: system.cpu: T0 : 0x1ef74    : andi a3, a0, 7             : IntAlu :  D=0x0000000000000007
2411000: system.cpu: T0 : 0x1ef78    : c_beqz a5, 168             : IntAlu : 
2411500: system.cpu: T0 : 0x1ef7a    : c_beqz a3, 12              : IntAlu : 
2412000: system.cpu: T0 : 0x1ef7c    : lbu a5, 0(a0)              : MemRead :  D=0x0000000000000072 A=0x7fffffffffffffe7
2412500: system.cpu: T0 : 0x1ef80    : bne a5, a4, -14            : IntAlu : 
2413000: system.cpu: T0 : 0x1ef72    : c_addi a0, 1               : IntAlu :  D=0x7fffffffffffffe8
2413500: system.cpu: T0 : 0x1ef74    : andi a3, a0, 7             : IntAlu :  D=0x0000000000000000
2414000: system.cpu: T0 : 0x1ef78    : c_beqz a5, 168             : IntAlu : 
2414500: system.cpu: T0 : 0x1ef7a    : c_beqz a3, 12              : IntAlu : 
2415000: system.cpu: T0 : 0x1ef86    : c_lui a3, 16               : IntAlu :  D=0x0000000000010000
2415500: system.cpu: T0 : 0x1ef88    : slliw a5, a1, 8            : IntAlu :  D=0x0000000000002f00
2416000: system.cpu: T0 : 0x1ef8c    : c_addi a3, -1              : IntAlu :  D=0x000000000000ffff
2416500: system.cpu: T0 : 0x1ef8e    : c_and a5, a3               : IntAlu :  D=0x0000000000002f00
2417000: system.cpu: T0 : 0x1ef90    : andi a1, a1, 255           : IntAlu :  D=0x000000000000002f
2417500: system.cpu: T0 : 0x1ef94    : c_or a1, a5                : IntAlu :  D=0x0000000000002f2f
2418000: system.cpu: T0 : 0x1ef96    : c_addiw a1, 0              : IntAlu :  D=0x0000000000002f2f
2418500: system.cpu: T0 : 0x1ef98    : slli t1, a1, 16            : IntAlu :  D=0x000000002f2f0000
2419000: system.cpu: T0 : 0x1ef9c    : or a1, t1, a1              : IntAlu :  D=0x000000002f2f2f2f
2419500: system.cpu: T0 : 0x1efa0    : ld a6, -2032(gp)           : MemRead :  D=0x7efefefefefefeff A=0x70890
2420000: system.cpu: T0 : 0x1efa4    : slli t1, a1, 32            : IntAlu :  D=0x2f2f2f2f00000000
2420500: system.cpu: T0 : 0x1efa8    : or t1, t1, a1              : IntAlu :  D=0x2f2f2f2f2f2f2f2f
2421000: system.cpu: T0 : 0x1efac    : c_li t3, -1                : IntAlu :  D=0xffffffffffffffff
2421500: system.cpu: T0 : 0x1efae    : c_ld a1, 0(a0)             : MemRead :  D=0xc9006d6178652d74 A=0x7fffffffffffffe8
2422000: system.cpu: T0 : 0x1efb0    : addi a5, a0, 8             : IntAlu :  D=0x7ffffffffffffff0
2422500: system.cpu: T0 : 0x1efb4    : xor a7, t1, a1             : IntAlu :  D=0xe62f424e574a025b
2423000: system.cpu: T0 : 0x1efb8    : add a3, a1, a6             : IntAlu :  D=0x47ff6c6077642c73
2423500: system.cpu: T0 : 0x1efbc    : add a2, a7, a6             : IntAlu :  D=0x652e414d5649015a
2424000: system.cpu: T0 : 0x1efc0    : c_xor a3, a1               : IntAlu :  D=0x8eff01010f010107
2425000: system.cpu: T0 : 0x1efc2    : xor a2, a2, a7             : IntAlu :  D=0x8301030301030301
2425500: system.cpu: T0 : 0x1efc6    : c_and a3, a2               : IntAlu :  D=0x8201010101010101
2426000: system.cpu: T0 : 0x1efc8    : or a3, a3, a6              : IntAlu :  D=0xfeffffffffffffff
2426500: system.cpu: T0 : 0x1efcc    : beq a3, t3, 88             : IntAlu : 
2427000: system.cpu: T0 : 0x1efd0    : lbu a3, -8(a5)             : MemRead :  D=0x0000000000000074 A=0x7fffffffffffffe8
2427500: system.cpu: T0 : 0x1efd4    : beq a3, a4, -80            : IntAlu : 
2428000: system.cpu: T0 : 0x1efd8    : c_beqz a3, 72              : IntAlu : 
2429000: system.cpu: T0 : 0x1efda    : lbu a3, -7(a5)             : MemRead :  D=0x000000000000002d A=0x7fffffffffffffe9
2430000: system.cpu: T0 : 0x1efde    : beq a3, a4, 74             : IntAlu : 
2430500: system.cpu: T0 : 0x1efe2    : c_beqz a3, 62              : IntAlu : 
2431000: system.cpu: T0 : 0x1efe4    : lbu a3, -6(a5)             : MemRead :  D=0x0000000000000065 A=0x7fffffffffffffea
2431500: system.cpu: T0 : 0x1efe8    : beq a3, a4, 68             : IntAlu : 
2432000: system.cpu: T0 : 0x1efec    : c_beqz a3, 52              : IntAlu : 
2433000: system.cpu: T0 : 0x1efee    : lbu a3, -5(a5)             : MemRead :  D=0x0000000000000078 A=0x7fffffffffffffeb
2434000: system.cpu: T0 : 0x1eff2    : beq a3, a4, 62             : IntAlu : 
2434500: system.cpu: T0 : 0x1eff6    : c_beqz a3, 42              : IntAlu : 
2435000: system.cpu: T0 : 0x1eff8    : lbu a3, -4(a5)             : MemRead :  D=0x0000000000000061 A=0x7fffffffffffffec
2435500: system.cpu: T0 : 0x1effc    : beq a3, a4, 56             : IntAlu : 
2436000: system.cpu: T0 : 0x1f000    : c_beqz a3, 32              : IntAlu : 
2437000: system.cpu: T0 : 0x1f002    : lbu a3, -3(a5)             : MemRead :  D=0x000000000000006d A=0x7fffffffffffffed
2438000: system.cpu: T0 : 0x1f006    : beq a3, a4, 50             : IntAlu : 
2438500: system.cpu: T0 : 0x1f00a    : c_beqz a3, 22              : IntAlu : 
2439000: system.cpu: T0 : 0x1f00c    : lbu a3, -2(a5)             : MemRead :  D=0x0000000000000000 A=0x7fffffffffffffee
2439500: system.cpu: T0 : 0x1f010    : beq a3, a4, 44             : IntAlu : 
2440000: system.cpu: T0 : 0x1f014    : c_beqz a3, 12              : IntAlu : 
2440500: system.cpu: T0 : 0x1f020    : c_li a0, 0                 : IntAlu :  D=0x0000000000000000
2441000: system.cpu: T0 : 0x1f022    : c_jr ra                    : IntAlu : 
2441500: system.cpu: T0 : 0x38316    : c_bnez a0, -14             : IntAlu : 
2442000: system.cpu: T0 : 0x38318    : c_ldsp ra, 24(sp)          : MemRead :  D=0x0000000000022184 A=0x7ffffffffffffda8
2442500: system.cpu: T0 : 0x3831a    : c_ldsp s0, 16(sp)          : MemRead :  D=0x7fffffffffffff38 A=0x7ffffffffffffda0
2443000: system.cpu: T0 : 0x3831c    : c_ldsp s1, 8(sp)           : MemRead :  D=0x7fffffffffffffd7 A=0x7ffffffffffffd98
2443500: system.cpu: T0 : 0x3831e    : c_mv a0, s2                : IntAlu :  D=0x7fffffffffffffe3
2444000: system.cpu: T0 : 0x38320    : c_ldsp s2, 0(sp)           : MemRead :  D=0x7fffffffffffff48 A=0x7ffffffffffffd90
2444500: system.cpu: T0 : 0x38322    : c_addi16sp sp, 32          : IntAlu :  D=0x7ffffffffffffdb0
2445000: system.cpu: T0 : 0x38324    : c_jr ra                    : IntAlu : 
2445500: system.cpu: T0 : 0x22184    : c_beqz a0, 26              : IntAlu : 
2446000: system.cpu: T0 : 0x22186    : c_addi a0, 1               : IntAlu :  D=0x7fffffffffffffe4
2446500: system.cpu: T0 : 0x22188    : sd a0, -1824(gp)           : MemWrite :  D=0x7fffffffffffffe4 A=0x70960
2447000: system.cpu: T0 : 0x2218c    : c_ld a4, 0(s0)             : MemRead :  D=0x7fffffffffffffd7 A=0x7fffffffffffff38
2448000: system.cpu: T0 : 0x2218e    : sd a4, -1816(gp)           : MemWrite :  D=0x7fffffffffffffd7 A=0x70968
2448500: system.cpu: T0 : 0x22192    : c_ldsp ra, 24(sp)          : MemRead :  D=0x0000000000023266 A=0x7ffffffffffffdc8
2449000: system.cpu: T0 : 0x22194    : c_ldsp s0, 16(sp)          : MemRead :  D=0x0000000000000001 A=0x7ffffffffffffdc0
2449500: system.cpu: T0 : 0x22196    : c_ldsp s1, 8(sp)           : MemRead :  D=0x7fffffffffffff38 A=0x7ffffffffffffdb8
2450000: system.cpu: T0 : 0x22198    : c_addi16sp sp, 32          : IntAlu :  D=0x7ffffffffffffdd0
2450500: system.cpu: T0 : 0x2219a    : c_jr ra                    : IntAlu : 
2451000: system.cpu: T0 : 0x23266    : c_ldsp s0, 16(sp)          : MemRead :  D=0x0000000000010e54 A=0x7ffffffffffffde0
2451500: system.cpu: T0 : 0x23268    : c_ldsp ra, 24(sp)          : MemRead :  D=0x0000000000010ac8 A=0x7ffffffffffffde8
2452000: system.cpu: T0 : 0x2326a    : c_ldsp s1, 8(sp)           : MemRead :  D=0x0000000000010ee4 A=0x7ffffffffffffdd8
2452500: system.cpu: T0 : 0x2326c    : c_ldsp s2, 0(sp)           : MemRead :  D=0x0000000000000000 A=0x7ffffffffffffdd0
2453000: system.cpu: T0 : 0x2326e    : c_addi16sp sp, 32          : IntAlu :  D=0x7ffffffffffffdf0
2453500: system.cpu: T0 : 0x23270    : jal zero, 35004            : IntAlu :  D=0x0000000000023274
2454000: system.cpu: T0 : 0x2bb2c    : ld a5, 0(tp)               : MemRead :  D=0x00000000000706c8 A=0x73710
2454500: system.cpu: T0 : 0x2bb30    : c_ld a5, 0(a5)             : MemRead :  D=0x0000000000051d00 A=0x706c8
2455000: system.cpu: T0 : 0x2bb32    : c_ld a0, 64(a5)            : MemRead :  D=0x0000000000053530 A=0x51d40
2455500: system.cpu: T0 : 0x2bb34    : c_ld a2, 72(a5)            : MemRead :  D=0x0000000000052b30 A=0x51d48
2456000: system.cpu: T0 : 0x2bb36    : c_ld a4, 88(a5)            : MemRead :  D=0x0000000000052530 A=0x51d58
2456500: system.cpu: T0 : 0x2bb38    : addi a0, a0, 256           : IntAlu :  D=0x0000000000053630
2457000: system.cpu: T0 : 0x2bb3c    : addi a2, a2, 512           : IntAlu :  D=0x0000000000052d30
2457500: system.cpu: T0 : 0x2bb40    : addi a4, a4, 512           : IntAlu :  D=0x0000000000052730
2458000: system.cpu: T0 : 0x2bb44    : sd a0, 80(tp)              : MemWrite :  D=0x0000000000053630 A=0x73760
2458500: system.cpu: T0 : 0x2bb48    : sd a2, 72(tp)              : MemWrite :  D=0x0000000000052d30 A=0x73758
2459000: system.cpu: T0 : 0x2bb4c    : sd a4, 64(tp)              : MemWrite :  D=0x0000000000052730 A=0x73750
2459500: system.cpu: T0 : 0x2bb50    : c_jr ra                    : IntAlu : 
2460000: system.cpu: T0 : 0x10ac8    : c_beqz s1, 12              : IntAlu : 
2460500: system.cpu: T0 : 0x10aca    : c_li a2, 0                 : IntAlu :  D=0x0000000000000000
2461000: system.cpu: T0 : 0x10acc    : c_li a1, 0                 : IntAlu :  D=0x0000000000000000
2461500: system.cpu: T0 : 0x10ace    : c_mv a0, s1                : IntAlu :  D=0x0000000000010ee4
2462000: system.cpu: T0 : 0x10ad0    : jal ra, 17626              : IntAlu :  D=0x0000000000010ad4
2463000: system.cpu: T0 : 0x14faa    : addi a3, gp, -1936         : IntAlu :  D=0x00000000000708f0
2463500: system.cpu: T0 : 0x14fae    : c_j -204                   : IntAlu : 
2464000: system.cpu: T0 : 0x14ee2    : c_addi16sp sp, -64         : IntAlu :  D=0x7ffffffffffffdb0
2464500: system.cpu: T0 : 0x14ee4    : c_sdsp ra, 56(sp)          : MemWrite :  D=0x0000000000010ad4 A=0x7ffffffffffffde8
2465000: system.cpu: T0 : 0x14ee6    : c_sdsp s0, 48(sp)          : MemWrite :  D=0x0000000000010e54 A=0x7ffffffffffffde0
2465500: system.cpu: T0 : 0x14ee8    : c_sdsp s1, 40(sp)          : MemWrite :  D=0x0000000000010ee4 A=0x7ffffffffffffdd8
2466000: system.cpu: T0 : 0x14eea    : c_sdsp s2, 32(sp)          : MemWrite :  D=0x0000000000000000 A=0x7ffffffffffffdd0
2466500: system.cpu: T0 : 0x14eec    : c_sdsp s3, 24(sp)          : MemWrite :  D=0x0000000000000000 A=0x7ffffffffffffdc8
2467000: system.cpu: T0 : 0x14eee    : c_beqz a0, 156             : IntAlu : 
2467500: system.cpu: T0 : 0x14ef0    : lui s0, 114                : IntAlu :  D=0x0000000000072000
2468000: system.cpu: T0 : 0x14ef4    : c_mv s2, a2                : IntAlu :  D=0x0000000000000000
2468500: system.cpu: T0 : 0x14ef6    : c_mv s1, a0                : IntAlu :  D=0x0000000000010ee4
2469000: system.cpu: T0 : 0x14ef8    : c_mv s3, a1                : IntAlu :  D=0x0000000000000000
2469500: system.cpu: T0 : 0x14efa    : c_li a4, 1                 : IntAlu :  D=0x0000000000000001
2470000: system.cpu: T0 : 0x14efc    : addi a2, s0, -120          : IntAlu :  D=0x0000000000071f88
2470500: system.cpu: T0 : 0x14f00    : lr_w a5, (a2)             
2470500: system.cpu: T0 : 0x14f00. 0 : lr_w a5, (a2)              : MemRead :  D=0x0000000000000000 A=0x71f88
2471000: system.cpu: T0 : 0x14f04    : c_bnez a5, 8               : IntAlu : 
2472000: system.cpu: T0 : 0x14f06    : sc_w_aq a1, a4, (a2)      
2472000: system.cpu: T0 : 0x14f06. 0 : sc_w a1, a4, (a2)          : MemWrite :  D=0x0000000000000000 A=0x71f88
2472500: system.cpu: T0 : 0x14f06. 1 : 0x1ce625af fence           : No_OpClass : 
2473000: system.cpu: T0 : 0x14f0a    : c_bnez a1, -10             : IntAlu : 
2473500: system.cpu: T0 : 0x14f0c    : c_addiw a5, 0              : IntAlu :  D=0x0000000000000000
2474000: system.cpu: T0 : 0x14f0e    : c_bnez a5, 64              : IntAlu : 
2474500: system.cpu: T0 : 0x14f10    : c_mv a0, a3                : IntAlu :  D=0x00000000000708f0
2475500: system.cpu: T0 : 0x14f12    : jal ra, -242               : IntAlu :  D=0x0000000000014f16
2476000: system.cpu: T0 : 0x14e20    : lbu a5, -1476(gp)          : MemRead :  D=0x0000000000000000 A=0x70abc
2476500: system.cpu: T0 : 0x14e24    : c_bnez a5, 186             : IntAlu : 
2477000: system.cpu: T0 : 0x14e26    : c_addi sp, -32             : IntAlu :  D=0x7ffffffffffffd90
2477500: system.cpu: T0 : 0x14e28    : c_sdsp s1, 8(sp)           : MemWrite :  D=0x0000000000010ee4 A=0x7ffffffffffffd98
2478000: system.cpu: T0 : 0x14e2a    : c_ld s1, 0(a0)             : MemRead :  D=0x0000000000071198 A=0x708f0
2478500: system.cpu: T0 : 0x14e2c    : c_sdsp s0, 16(sp)          : MemWrite :  D=0x0000000000072000 A=0x7ffffffffffffda0
2479000: system.cpu: T0 : 0x14e2e    : c_sdsp ra, 24(sp)          : MemWrite :  D=0x0000000000014f16 A=0x7ffffffffffffda8
2479500: system.cpu: T0 : 0x14e30    : c_mv s0, a0                : IntAlu :  D=0x00000000000708f0
2480000: system.cpu: T0 : 0x14e32    : c_beqz s1, 140             : IntAlu : 
2480500: system.cpu: T0 : 0x14e34    : c_mv a1, s1                : IntAlu :  D=0x0000000000071198
2481000: system.cpu: T0 : 0x14e36    : c_li a6, 0                 : IntAlu :  D=0x0000000000000000
2481500: system.cpu: T0 : 0x14e38    : c_ld a4, 8(a1)             : MemRead :  D=0x0000000000000000 A=0x711a0
2482500: system.cpu: T0 : 0x14e3a    : slli a5, a4, 5             : IntAlu :  D=0x0000000000000000
2483000: system.cpu: T0 : 0x14e3e    : c_add a5, a1               : IntAlu :  D=0x0000000000071198
2483500: system.cpu: T0 : 0x14e40    : c_beqz a4, 18              : IntAlu : 
2484000: system.cpu: T0 : 0x14e52    : c_ld a5, 0(a1)             : MemRead :  D=0x0000000000000000 A=0x71198
2484500: system.cpu: T0 : 0x14e54    : sd zero, 8(a1)             : MemWrite :  D=0x0000000000000000 A=0x711a0
2485000: system.cpu: T0 : 0x14e58    : c_mv a6, a1                : IntAlu :  D=0x0000000000071198
2485500: system.cpu: T0 : 0x14e5a    : c_beqz a5, 78              : IntAlu : 
2486000: system.cpu: T0 : 0x14ea8    : c_li a5, 1                 : IntAlu :  D=0x0000000000000001
2487000: system.cpu: T0 : 0x14eaa    : addi a0, a1, 16            : IntAlu :  D=0x00000000000711a8
2487500: system.cpu: T0 : 0x14eae    : c_sd a5, 8(a1)             : MemWrite :  D=0x0000000000000001 A=0x711a0
2488000: system.cpu: T0 : 0x14eb0    : c_j -60                    : IntAlu : 
2488500: system.cpu: T0 : 0x14e74    : lui a4, 114                : IntAlu :  D=0x0000000000072000
2489000: system.cpu: T0 : 0x14e78    : ld a5, -112(a4)            : MemRead :  D=0x0000000000000000 A=0x71f90
2489500: system.cpu: T0 : 0x14e7c    : c_ldsp ra, 24(sp)          : MemRead :  D=0x0000000000014f16 A=0x7ffffffffffffda8
2490000: system.cpu: T0 : 0x14e7e    : c_ldsp s0, 16(sp)          : MemRead :  D=0x0000000000072000 A=0x7ffffffffffffda0
2490500: system.cpu: T0 : 0x14e80    : c_li a3, 1                 : IntAlu :  D=0x0000000000000001
2491000: system.cpu: T0 : 0x14e82    : c_sd a3, 0(a0)             : MemWrite :  D=0x0000000000000001 A=0x711a8
2491500: system.cpu: T0 : 0x14e84    : c_addi a5, 1               : IntAlu :  D=0x0000000000000001
2492500: system.cpu: T0 : 0x14e86    : sd a5, -112(a4)            : MemWrite :  D=0x0000000000000001 A=0x71f90
2493000: system.cpu: T0 : 0x14e8a    : c_ldsp s1, 8(sp)           : MemRead :  D=0x0000000000010ee4 A=0x7ffffffffffffd98
2493500: system.cpu: T0 : 0x14e8c    : c_addi16sp sp, 32          : IntAlu :  D=0x7ffffffffffffdb0
2494000: system.cpu: T0 : 0x14e8e    : c_jr ra                    : IntAlu : 
2494500: system.cpu: T0 : 0x14f16    : c_beqz a0, 70              : IntAlu : 
2495000: system.cpu: T0 : 0x14f18    : c_li a5, 4                 : IntAlu :  D=0x0000000000000004
2495500: system.cpu: T0 : 0x14f1a    : c_sd a5, 0(a0)             : MemWrite :  D=0x0000000000000004 A=0x711a8
2496000: system.cpu: T0 : 0x14f1c    : c_sd s1, 8(a0)             : MemWrite :  D=0x0000000000010ee4 A=0x711b0
2497000: system.cpu: T0 : 0x14f1e    : sd s3, 16(a0)              : MemWrite :  D=0x0000000000000000 A=0x711b8
2498000: system.cpu: T0 : 0x14f22    : sd s2, 24(a0)              : MemWrite :  D=0x0000000000000000 A=0x711c0
2498500: system.cpu: T0 : 0x14f26    : c_li a5, 0                 : IntAlu :  D=0x0000000000000000
2499000: system.cpu: T0 : 0x14f28    : addi a4, s0, -120          : IntAlu :  D=0x0000000000071f88
2499500: system.cpu: T0 : 0x14f2c    : fence iorw, ow             : No_OpClass : 
2500000: system.cpu: T0 : 0x14f30    : amoswap_w a5, a5, (a4)    
2500000: system.cpu: T0 : 0x14f30. 0 : amoswap_w[l] a5, a5, (a4)  : MemRead :  D=0x0000000000000001 A=0x71f88
2500500: system.cpu: T0 : 0x14f34    : c_addiw a5, 0              : IntAlu :  D=0x0000000000000001
2501000: system.cpu: T0 : 0x14f36    : c_li a3, 1                 : IntAlu :  D=0x0000000000000001
2501500: system.cpu: T0 : 0x14f38    : c_li a4, 0                 : IntAlu :  D=0x0000000000000000
2502500: system.cpu: T0 : 0x14f3a    : blt a3, a5, 58             : IntAlu : 
2503000: system.cpu: T0 : 0x14f3e    : c_ldsp ra, 56(sp)          : MemRead :  D=0x0000000000010ad4 A=0x7ffffffffffffde8
2503500: system.cpu: T0 : 0x14f40    : c_ldsp s0, 48(sp)          : MemRead :  D=0x0000000000010e54 A=0x7ffffffffffffde0
2504000: system.cpu: T0 : 0x14f42    : c_ldsp s1, 40(sp)          : MemRead :  D=0x0000000000010ee4 A=0x7ffffffffffffdd8
2504500: system.cpu: T0 : 0x14f44    : c_ldsp s2, 32(sp)          : MemRead :  D=0x0000000000000000 A=0x7ffffffffffffdd0
2505000: system.cpu: T0 : 0x14f46    : c_ldsp s3, 24(sp)          : MemRead :  D=0x0000000000000000 A=0x7ffffffffffffdc8
2505500: system.cpu: T0 : 0x14f48    : c_mv a0, a4                : IntAlu :  D=0x0000000000000000
2506000: system.cpu: T0 : 0x14f4a    : c_addi16sp sp, 64          : IntAlu :  D=0x7ffffffffffffdf0
2506500: system.cpu: T0 : 0x14f4c    : c_jr ra                    : IntAlu : 
2507000: system.cpu: T0 : 0x10ad4    : lui a5, 111                : IntAlu :  D=0x000000000006f000
2507500: system.cpu: T0 : 0x10ad8    : lw a5, -72(a5)             : MemRead :  D=0x0000000000000000 A=0x6efb8
2508000: system.cpu: T0 : 0x10adc    : bne a5, zero, 238          : IntAlu : 
2508500: system.cpu: T0 : 0x10ae0    : c_beqz s0, 12              : IntAlu : 
2509500: system.cpu: T0 : 0x10ae2    : ld a2, -1360(gp)           : MemRead :  D=0x7fffffffffffff48 A=0x70b30
2510000: system.cpu: T0 : 0x10ae6    : c_ldsp a1, 16(sp)          : MemRead :  D=0x7fffffffffffff38 A=0x7ffffffffffffe00
2510500: system.cpu: T0 : 0x10ae8    : c_ldsp a0, 8(sp)           : MemRead :  D=0x0000000000000001 A=0x7ffffffffffffdf8
2511000: system.cpu: T0 : 0x10aea    : c_jalr s0                  : IntAlu :  D=0x0000000000010aec
2511500: system.cpu: T0 : 0x10e54    : c_addi16sp sp, -64         : IntAlu :  D=0x7ffffffffffffdb0
2512000: system.cpu: T0 : 0x10e56    : c_sdsp s0, 48(sp)          : MemWrite :  D=0x0000000000010e54 A=0x7ffffffffffffde0
2512500: system.cpu: T0 : 0x10e58    : c_sdsp s5, 8(sp)           : MemWrite :  D=0x0000000000000000 A=0x7ffffffffffffdb8
2513500: system.cpu: T0 : 0x10e5a    : lui s0, 111                : IntAlu :  D=0x000000000006f000
2514500: system.cpu: T0 : 0x10e5e    : lui s5, 111                : IntAlu :  D=0x000000000006f000
2515500: system.cpu: T0 : 0x10e62    : addi a5, s0, -1296         : IntAlu :  D=0x000000000006eaf0
2516500: system.cpu: T0 : 0x10e66    : addi s5, s5, -1288         : IntAlu :  D=0x000000000006eaf8
2517500: system.cpu: T0 : 0x10e6a    : sub s5, s5, a5             : IntAlu :  D=0x0000000000000008
2518000: system.cpu: T0 : 0x10e6e    : c_sdsp s2, 32(sp)          : MemWrite :  D=0x0000000000000000 A=0x7ffffffffffffdd0
2518500: system.cpu: T0 : 0x10e70    : c_sdsp s3, 24(sp)          : MemWrite :  D=0x0000000000000000 A=0x7ffffffffffffdc8
2519000: system.cpu: T0 : 0x10e72    : c_sdsp s4, 16(sp)          : MemWrite :  D=0x0000000000000000 A=0x7ffffffffffffdc0
2519500: system.cpu: T0 : 0x10e74    : c_sdsp ra, 56(sp)          : MemWrite :  D=0x0000000000010aec A=0x7ffffffffffffde8
2520000: system.cpu: T0 : 0x10e76    : c_sdsp s1, 40(sp)          : MemWrite :  D=0x0000000000010ee4 A=0x7ffffffffffffdd8
2520500: system.cpu: T0 : 0x10e78    : srai s5, s5, 3             : IntAlu :  D=0x0000000000000001
2521000: system.cpu: T0 : 0x10e7c    : c_mv s2, a0                : IntAlu :  D=0x0000000000000001
2521500: system.cpu: T0 : 0x10e7e    : c_mv s3, a1                : IntAlu :  D=0x7fffffffffffff38
2522000: system.cpu: T0 : 0x10e80    : c_mv s4, a2                : IntAlu :  D=0x7fffffffffffff48
2523000: system.cpu: T0 : 0x10e82    : beq s5, zero, 28           : IntAlu : 
2524000: system.cpu: T0 : 0x10e86    : addi s0, s0, -1296         : IntAlu :  D=0x000000000006eaf0
2524500: system.cpu: T0 : 0x10e8a    : c_li s1, 0                 : IntAlu :  D=0x0000000000000000
2525000: system.cpu: T0 : 0x10e8c    : c_ld a5, 0(s0)             : MemRead :  D=0x0000000000010376 A=0x6eaf0
2525500: system.cpu: T0 : 0x10e8e    : c_mv a2, s4                : IntAlu :  D=0x7fffffffffffff48
2526000: system.cpu: T0 : 0x10e90    : c_mv a1, s3                : IntAlu :  D=0x7fffffffffffff38
2526500: system.cpu: T0 : 0x10e92    : c_mv a0, s2                : IntAlu :  D=0x0000000000000001
2527000: system.cpu: T0 : 0x10e94    : c_addi s1, 1               : IntAlu :  D=0x0000000000000001
2527500: system.cpu: T0 : 0x10e96    : c_jalr a5                  : IntAlu :  D=0x0000000000010e98
2528500: system.cpu: T0 : 0x10376    : auipc gp, 97               : IntAlu :  D=0x0000000000071376
2529500: system.cpu: T0 : 0x1037a    : addi gp, gp, -758          : IntAlu :  D=0x0000000000071080
2530000: system.cpu: T0 : 0x1037e    : c_jr ra                    : IntAlu : 
2530500: system.cpu: T0 : 0x10e98    : c_addi s0, 8               : IntAlu :  D=0x000000000006eaf8
2531500: system.cpu: T0 : 0x10e9a    : bne s5, s1, -14            : IntAlu : 
2532500: system.cpu: T0 : 0x10e9e    : lui s0, 111                : IntAlu :  D=0x000000000006f000
2533500: system.cpu: T0 : 0x10ea2    : lui s5, 111                : IntAlu :  D=0x000000000006f000
2534500: system.cpu: T0 : 0x10ea6    : addi a5, s0, -1288         : IntAlu :  D=0x000000000006eaf8
2535500: system.cpu: T0 : 0x10eaa    : addi s5, s5, -1280         : IntAlu :  D=0x000000000006eb00
2536500: system.cpu: T0 : 0x10eae    : sub s5, s5, a5             : IntAlu :  D=0x0000000000000008
2537500: system.cpu: T0 : 0x10eb2    : srai s5, s5, 3             : IntAlu :  D=0x0000000000000001
2538500: system.cpu: T0 : 0x10eb6    : beq s5, zero, 28           : IntAlu : 
2539500: system.cpu: T0 : 0x10eba    : addi s0, s0, -1288         : IntAlu :  D=0x000000000006eaf8
2540000: system.cpu: T0 : 0x10ebe    : c_li s1, 0                 : IntAlu :  D=0x0000000000000000
2540500: system.cpu: T0 : 0x10ec0    : c_ld a5, 0(s0)             : MemRead :  D=0x000000000001040a A=0x6eaf8
2541000: system.cpu: T0 : 0x10ec2    : c_mv a2, s4                : IntAlu :  D=0x7fffffffffffff48
2541500: system.cpu: T0 : 0x10ec4    : c_mv a1, s3                : IntAlu :  D=0x7fffffffffffff38
2542000: system.cpu: T0 : 0x10ec6    : c_mv a0, s2                : IntAlu :  D=0x0000000000000001
2542500: system.cpu: T0 : 0x10ec8    : c_addi s1, 1               : IntAlu :  D=0x0000000000000001
2543000: system.cpu: T0 : 0x10eca    : c_jalr a5                  : IntAlu :  D=0x0000000000010ecc
2544000: system.cpu: T0 : 0x1040a    : lui a5, 77                 : IntAlu :  D=0x000000000004d000
2545000: system.cpu: T0 : 0x1040e    : addi a5, a5, -1752         : IntAlu :  D=0x000000000004c928
2545500: system.cpu: T0 : 0x10412    : c_beqz a5, 28              : IntAlu : 
2546000: system.cpu: T0 : 0x10414    : lui a0, 106                : IntAlu :  D=0x000000000006a000
2546500: system.cpu: T0 : 0x10418    : c_addi sp, -16             : IntAlu :  D=0x7ffffffffffffda0
2547500: system.cpu: T0 : 0x1041a    : addi a1, gp, -1008         : IntAlu :  D=0x0000000000070c90
2548500: system.cpu: T0 : 0x1041e    : addi a0, a0, 1600          : IntAlu :  D=0x000000000006a640
2549000: system.cpu: T0 : 0x10422    : c_sdsp ra, 8(sp)           : MemWrite :  D=0x0000000000010ecc A=0x7ffffffffffffda8
2549500: system.cpu: T0 : 0x10424    : jal ra, 247044             : IntAlu :  D=0x0000000000010428
2550000: system.cpu: T0 : 0x4c928    : c_beqz a0, 12              : IntAlu : 
2550500: system.cpu: T0 : 0x4c92a    : c_lw a5, 0(a0)             : MemRead :  D=0x000000000000001c A=0x6a640
2551000: system.cpu: T0 : 0x4c92c    : c_beqz a5, 8               : IntAlu : 
2551500: system.cpu: T0 : 0x4c92e    : c_li a3, 0                 : IntAlu :  D=0x0000000000000000
2552000: system.cpu: T0 : 0x4c930    : c_li a2, 0                 : IntAlu :  D=0x0000000000000000
2552500: system.cpu: T0 : 0x4c932    : c_j -144                   : IntAlu : 
2553000: system.cpu: T0 : 0x4c8a2    : c_li a5, -1                : IntAlu :  D=0xffffffffffffffff
2553500: system.cpu: T0 : 0x4c8a4    : c_addi sp, -32             : IntAlu :  D=0x7ffffffffffffd80
2554000: system.cpu: T0 : 0x4c8a6    : c_sd a5, 0(a1)             : MemWrite :  D=0xffffffffffffffff A=0x70c90
2554500: system.cpu: T0 : 0x4c8a8    : addi a5, zero, 2040        : IntAlu :  D=0x00000000000007f8
2555000: system.cpu: T0 : 0x4c8ac    : c_sdsp s0, 16(sp)          : MemWrite :  D=0x000000000006eaf8 A=0x7ffffffffffffd90
2555500: system.cpu: T0 : 0x4c8ae    : c_sdsp s1, 8(sp)           : MemWrite :  D=0x0000000000000001 A=0x7ffffffffffffd88
2556000: system.cpu: T0 : 0x4c8b0    : c_sdsp ra, 24(sp)          : MemWrite :  D=0x0000000000010428 A=0x7ffffffffffffd98
2556500: system.cpu: T0 : 0x4c8b2    : c_sd a2, 8(a1)             : MemWrite :  D=0x0000000000000000 A=0x70c98
2557000: system.cpu: T0 : 0x4c8b4    : c_sd a3, 16(a1)            : MemWrite :  D=0x0000000000000000 A=0x70ca0
2557500: system.cpu: T0 : 0x4c8b6    : c_sd a0, 24(a1)            : MemWrite :  D=0x000000000006a640 A=0x70ca8
2558000: system.cpu: T0 : 0x4c8b8    : c_sd a5, 32(a1)            : MemWrite :  D=0x00000000000007f8 A=0x70cb0
2559000: system.cpu: T0 : 0x4c8ba    : auipc s1, 36               : IntAlu :  D=0x00000000000708ba
2560000: system.cpu: T0 : 0x4c8be    : ld s1, -98(s1)             : MemRead :  D=0x0000000000000000 A=0x70858
2560500: system.cpu: T0 : 0x4c8c2    : c_mv s0, a1                : IntAlu :  D=0x0000000000070c90
2561000: system.cpu: T0 : 0x4c8c4    : c_beqz s1, 20              : IntAlu : 
2561500: system.cpu: T0 : 0x4c8d8    : addi a5, gp, 1880          : IntAlu :  D=0x00000000000717d8
2562000: system.cpu: T0 : 0x4c8dc    : ld a3, 448(a5)             : MemRead :  D=0x0000000000000000 A=0x71998
2562500: system.cpu: T0 : 0x4c8e0    : lw a4, 456(a5)             : MemRead :  D=0x0000000000000000 A=0x719a0
2563000: system.cpu: T0 : 0x4c8e4    : sd s0, 448(a5)             : MemWrite :  D=0x0000000000070c90 A=0x71998
2563500: system.cpu: T0 : 0x4c8e8    : c_sd a3, 40(s0)            : MemWrite :  D=0x0000000000000000 A=0x70cb8
2564000: system.cpu: T0 : 0x4c8ea    : c_beqz a4, 30              : IntAlu : 
2564500: system.cpu: T0 : 0x4c908    : c_li a4, 1                 : IntAlu :  D=0x0000000000000001
2565500: system.cpu: T0 : 0x4c90a    : addi a5, a5, 456           : IntAlu :  D=0x00000000000719a0
2566500: system.cpu: T0 : 0x4c90e    : amoswap_w zero, a4, (a5)  
2566500: system.cpu: T0 : 0x4c90e. 0 : amoswap_w[l] zero, a4, (a5) : MemRead :  D=0x0000000000000000 A=0x719a0
2567000: system.cpu: T0 : 0x4c912    : c_bnez s1, -36             : IntAlu : 
2567500: system.cpu: T0 : 0x4c914    : c_ldsp ra, 24(sp)          : MemRead :  D=0x0000000000010428 A=0x7ffffffffffffd98
2568000: system.cpu: T0 : 0x4c916    : c_ldsp s0, 16(sp)          : MemRead :  D=0x000000000006eaf8 A=0x7ffffffffffffd90
2568500: system.cpu: T0 : 0x4c918    : c_ldsp s1, 8(sp)           : MemRead :  D=0x0000000000000001 A=0x7ffffffffffffd88
2569000: system.cpu: T0 : 0x4c91a    : c_addi16sp sp, 32          : IntAlu :  D=0x7ffffffffffffda0
2569500: system.cpu: T0 : 0x4c91c    : c_jr ra                    : IntAlu : 
2570000: system.cpu: T0 : 0x10428    : c_ldsp ra, 8(sp)           : MemRead :  D=0x0000000000010ecc A=0x7ffffffffffffda8
2570500: system.cpu: T0 : 0x1042a    : c_addi sp, 16              : IntAlu :  D=0x7ffffffffffffdb0
2571000: system.cpu: T0 : 0x1042c    : c_j -134                   : IntAlu : 
2572000: system.cpu: T0 : 0x103a6    : lui a0, 113                : IntAlu :  D=0x0000000000071000
2573000: system.cpu: T0 : 0x103aa    : addi a1, a0, -1984         : IntAlu :  D=0x0000000000070840
2574000: system.cpu: T0 : 0x103ae    : lui a5, 113                : IntAlu :  D=0x0000000000071000
2575000: system.cpu: T0 : 0x103b2    : addi a5, a5, -1984         : IntAlu :  D=0x0000000000070840
2575500: system.cpu: T0 : 0x103b6    : c_sub a5, a1               : IntAlu :  D=0x0000000000000000
2576000: system.cpu: T0 : 0x103b8    : srai a4, a5, 3             : IntAlu :  D=0x0000000000000000
2576500: system.cpu: T0 : 0x103bc    : srli a1, a5, 63            : IntAlu :  D=0x0000000000000000
2577000: system.cpu: T0 : 0x103c0    : c_add a1, a4               : IntAlu :  D=0x0000000000000000
2577500: system.cpu: T0 : 0x103c2    : c_srai a1, 1               : IntAlu :  D=0x0000000000000000
2578000: system.cpu: T0 : 0x103c4    : c_beqz a1, 16              : IntAlu : 
2578500: system.cpu: T0 : 0x103d4    : c_jr ra                    : IntAlu : 
2579000: system.cpu: T0 : 0x10ecc    : c_addi s0, 8               : IntAlu :  D=0x000000000006eb00
2580000: system.cpu: T0 : 0x10ece    : bne s5, s1, -14            : IntAlu : 
2580500: system.cpu: T0 : 0x10ed2    : c_ldsp ra, 56(sp)          : MemRead :  D=0x0000000000010aec A=0x7ffffffffffffde8
2581000: system.cpu: T0 : 0x10ed4    : c_ldsp s0, 48(sp)          : MemRead :  D=0x0000000000010e54 A=0x7ffffffffffffde0
2581500: system.cpu: T0 : 0x10ed6    : c_ldsp s1, 40(sp)          : MemRead :  D=0x0000000000010ee4 A=0x7ffffffffffffdd8
2582000: system.cpu: T0 : 0x10ed8    : c_ldsp s2, 32(sp)          : MemRead :  D=0x0000000000000000 A=0x7ffffffffffffdd0
2582500: system.cpu: T0 : 0x10eda    : c_ldsp s3, 24(sp)          : MemRead :  D=0x0000000000000000 A=0x7ffffffffffffdc8
2583000: system.cpu: T0 : 0x10edc    : c_ldsp s4, 16(sp)          : MemRead :  D=0x0000000000000000 A=0x7ffffffffffffdc0
2583500: system.cpu: T0 : 0x10ede    : c_ldsp s5, 8(sp)           : MemRead :  D=0x0000000000000000 A=0x7ffffffffffffdb8
2584000: system.cpu: T0 : 0x10ee0    : c_addi16sp sp, 64          : IntAlu :  D=0x7ffffffffffffdf0
2584500: system.cpu: T0 : 0x10ee2    : c_jr ra                    : IntAlu : 
2585000: system.cpu: T0 : 0x10aec    : c_li a1, 0                 : IntAlu :  D=0x0000000000000000
2585500: system.cpu: T0 : 0x10aee    : c_li a0, 0                 : IntAlu :  D=0x0000000000000000
2586000: system.cpu: T0 : 0x10af0    : jal ra, 71442              : IntAlu :  D=0x0000000000010af4
2586500: system.cpu: T0 : 0x22202    : c_mv a4, a0                : IntAlu :  D=0x0000000000000000
2587000: system.cpu: T0 : 0x22204    : c_beqz a1, 70              : IntAlu : 
2588000: system.cpu: T0 : 0x2224a    : lui a5, 114                : IntAlu :  D=0x0000000000072000
2589000: system.cpu: T0 : 0x2224e    : addi a0, a5, -104          : IntAlu :  D=0x0000000000071f98
2589500: system.cpu: T0 : 0x22252    : c_ld a5, 8(a0)             : MemRead :  D=0x0000000000000000 A=0x71fa0
2590000: system.cpu: T0 : 0x22254    : c_bnez a5, -52             : IntAlu : 
2590500: system.cpu: T0 : 0x22256    : c_li a5, 1                 : IntAlu :  D=0x0000000000000001
2591000: system.cpu: T0 : 0x22258    : c_sw a5, 0(a0)             : MemWrite :  D=0x0000000000000001 A=0x71f98
2591500: system.cpu: T0 : 0x2225a    : c_bnez a4, -52             : IntAlu : 
2592000: system.cpu: T0 : 0x2225c    : lui a5, 114                : IntAlu :  D=0x0000000000072000
2592500: system.cpu: T0 : 0x22260    : ld a4, -72(a5)             : MemRead :  D=0x0000000000000000 A=0x71fb8
2593000: system.cpu: T0 : 0x22264    : c_j -62                    : IntAlu : 
2594000: system.cpu: T0 : 0x22226    : slli a5, a1, 3             : IntAlu :  D=0x0000000000000000
2594500: system.cpu: T0 : 0x2222a    : c_add a5, a1               : IntAlu :  D=0x0000000000000000
2595000: system.cpu: T0 : 0x2222c    : lui a1, 112                : IntAlu :  D=0x0000000000070000
2595500: system.cpu: T0 : 0x22230    : c_slli a5, 4               : IntAlu :  D=0x0000000000000000
2596500: system.cpu: T0 : 0x22232    : addi a1, a1, 896           : IntAlu :  D=0x0000000000070380
2597000: system.cpu: T0 : 0x22236    : c_add a1, a5               : IntAlu :  D=0x0000000000070380
2597500: system.cpu: T0 : 0x22238    : c_ld a5, 0(a1)             : MemRead :  D=0x000000000006feb0 A=0x70380
2598000: system.cpu: T0 : 0x2223a    : c_sd a4, 32(a0)            : MemWrite :  D=0x0000000000000000 A=0x71fb8
2598500: system.cpu: T0 : 0x2223c    : c_sd a5, 8(a0)             : MemWrite :  D=0x000000000006feb0 A=0x71fa0
2599500: system.cpu: T0 : 0x2223e    : lui a5, 34                 : IntAlu :  D=0x0000000000022000
2600500: system.cpu: T0 : 0x22242    : addi a5, a5, 512           : IntAlu :  D=0x0000000000022200
2601000: system.cpu: T0 : 0x22246    : c_sd a5, 16(a0)            : MemWrite :  D=0x0000000000022200 A=0x71fa8
2601500: system.cpu: T0 : 0x22248    : c_jr ra                    : IntAlu : 
2602000: system.cpu: T0 : 0x10af4    : c_addi4spn a0, sp, 40      : IntAlu :  D=0x7ffffffffffffe18
2603000: system.cpu: T0 : 0x10af6    : jal ra, 14938              : IntAlu :  D=0x0000000000010afa
2603500: system.cpu: T0 : 0x14550    : c_li a1, 0                 : IntAlu :  D=0x0000000000000000
2604000: system.cpu: T0 : 0x14552    : c_j 6                      : IntAlu : 
2604500: system.cpu: T0 : 0x14558    : sd ra, 0(a0)               : MemWrite :  D=0x0000000000010afa A=0x7ffffffffffffe18
2605000: system.cpu: T0 : 0x1455c    : c_sd s0, 8(a0)             : MemWrite :  D=0x0000000000010e54 A=0x7ffffffffffffe20
2605500: system.cpu: T0 : 0x1455e    : c_sd s1, 16(a0)            : MemWrite :  D=0x0000000000010ee4 A=0x7ffffffffffffe28
2606000: system.cpu: T0 : 0x14560    : sd s2, 24(a0)              : MemWrite :  D=0x0000000000000000 A=0x7ffffffffffffe30
2606500: system.cpu: T0 : 0x14564    : sd s3, 32(a0)              : MemWrite :  D=0x0000000000000000 A=0x7ffffffffffffe38
2607000: system.cpu: T0 : 0x14568    : sd s4, 40(a0)              : MemWrite :  D=0x0000000000000000 A=0x7ffffffffffffe40
2607500: system.cpu: T0 : 0x1456c    : sd s5, 48(a0)              : MemWrite :  D=0x0000000000000000 A=0x7ffffffffffffe48
2608000: system.cpu: T0 : 0x14570    : sd s6, 56(a0)              : MemWrite :  D=0x0000000000000000 A=0x7ffffffffffffe50
2608500: system.cpu: T0 : 0x14574    : sd s7, 64(a0)              : MemWrite :  D=0x0000000000000000 A=0x7ffffffffffffe58
2609000: system.cpu: T0 : 0x14578    : sd s8, 72(a0)              : MemWrite :  D=0x0000000000000000 A=0x7ffffffffffffe60
2609500: system.cpu: T0 : 0x1457c    : sd s9, 80(a0)              : MemWrite :  D=0x0000000000000000 A=0x7ffffffffffffe68
2610000: system.cpu: T0 : 0x14580    : sd s10, 88(a0)             : MemWrite :  D=0x0000000000000000 A=0x7ffffffffffffe70
2610500: system.cpu: T0 : 0x14584    : sd s11, 96(a0)             : MemWrite :  D=0x0000000000000000 A=0x7ffffffffffffe78
2611000: system.cpu: T0 : 0x14588    : sd sp, 104(a0)             : MemWrite :  D=0x7ffffffffffffdf0 A=0x7ffffffffffffe80
2611500: system.cpu: T0 : 0x1458c    : c_fsd fs0, 112(a0)         : FloatMemWrite :  D=0x0000000000000000 A=0x7ffffffffffffe88
2612000: system.cpu: T0 : 0x1458e    : c_fsd fs1, 120(a0)         : FloatMemWrite :  D=0x0000000000000000 A=0x7ffffffffffffe90
2612500: system.cpu: T0 : 0x14590    : fsd fs2, 128(a0)           : FloatMemWrite :  D=0x0000000000000000 A=0x7ffffffffffffe98
2613000: system.cpu: T0 : 0x14594    : fsd fs3, 136(a0)           : FloatMemWrite :  D=0x0000000000000000 A=0x7ffffffffffffea0
2613500: system.cpu: T0 : 0x14598    : fsd fs4, 144(a0)           : FloatMemWrite :  D=0x0000000000000000 A=0x7ffffffffffffea8
2614000: system.cpu: T0 : 0x1459c    : fsd fs5, 152(a0)           : FloatMemWrite :  D=0x0000000000000000 A=0x7ffffffffffffeb0
2614500: system.cpu: T0 : 0x145a0    : fsd fs6, 160(a0)           : FloatMemWrite :  D=0x0000000000000000 A=0x7ffffffffffffeb8
2615000: system.cpu: T0 : 0x145a4    : fsd fs7, 168(a0)           : FloatMemWrite :  D=0x0000000000000000 A=0x7ffffffffffffec0
2615500: system.cpu: T0 : 0x145a8    : fsd fs8, 176(a0)           : FloatMemWrite :  D=0x0000000000000000 A=0x7ffffffffffffec8
2616000: system.cpu: T0 : 0x145ac    : fsd fs9, 184(a0)           : FloatMemWrite :  D=0x0000000000000000 A=0x7ffffffffffffed0
2616500: system.cpu: T0 : 0x145b0    : fsd fs10, 192(a0)          : FloatMemWrite :  D=0x0000000000000000 A=0x7ffffffffffffed8
2617000: system.cpu: T0 : 0x145b4    : fsd fs11, 200(a0)          : FloatMemWrite :  D=0x0000000000000000 A=0x7ffffffffffffee0
2617500: system.cpu: T0 : 0x145b8    : jal zero, 4                : IntAlu :  D=0x00000000000145bc
2618000: system.cpu: T0 : 0x145bc    : c_addi sp, -16             : IntAlu :  D=0x7ffffffffffffde0
2618500: system.cpu: T0 : 0x145be    : c_sdsp s0, 0(sp)           : MemWrite :  D=0x0000000000010e54 A=0x7ffffffffffffde0
2619000: system.cpu: T0 : 0x145c0    : c_sdsp ra, 8(sp)           : MemWrite :  D=0x0000000000010afa A=0x7ffffffffffffde8
2619500: system.cpu: T0 : 0x145c2    : c_mv s0, a0                : IntAlu :  D=0x7ffffffffffffe18
2620000: system.cpu: T0 : 0x145c4    : c_bnez a1, 16              : IntAlu : 
2620500: system.cpu: T0 : 0x145c6    : c_ldsp ra, 8(sp)           : MemRead :  D=0x0000000000010afa A=0x7ffffffffffffde8
2621000: system.cpu: T0 : 0x145c8    : sw a1, 208(s0)             : MemWrite :  D=0x0000000000000000 A=0x7ffffffffffffee8
2621500: system.cpu: T0 : 0x145cc    : c_ldsp s0, 0(sp)           : MemRead :  D=0x0000000000010e54 A=0x7ffffffffffffde0
2622000: system.cpu: T0 : 0x145ce    : c_li a0, 0                 : IntAlu :  D=0x0000000000000000
2622500: system.cpu: T0 : 0x145d0    : c_addi sp, 16              : IntAlu :  D=0x7ffffffffffffdf0
2623000: system.cpu: T0 : 0x145d2    : c_jr ra                    : IntAlu : 
2623500: system.cpu: T0 : 0x10afa    : c_bnez a0, 166             : IntAlu : 
2624000: system.cpu: T0 : 0x10afc    : ld a3, -1552(tp)           : MemRead :  D=0x0000000000000000 A=0x73100
2624500: system.cpu: T0 : 0x10b00    : ld a4, -1560(tp)           : MemRead :  D=0x0000000000000000 A=0x730f8
2625000: system.cpu: T0 : 0x10b04    : ld a2, -1360(gp)           : MemRead :  D=0x7fffffffffffff48 A=0x70b30
2625500: system.cpu: T0 : 0x10b08    : c_ldsp a1, 16(sp)          : MemRead :  D=0x7fffffffffffff38 A=0x7ffffffffffffe00
2626000: system.cpu: T0 : 0x10b0a    : c_ldsp a0, 8(sp)           : MemRead :  D=0x0000000000000001 A=0x7ffffffffffffdf8
2626500: system.cpu: T0 : 0x10b0c    : c_ldsp a5, 24(sp)          : MemRead :  D=0x000000000001096e A=0x7ffffffffffffe08
2627000: system.cpu: T0 : 0x10b0e    : c_sdsp a4, 264(sp)         : MemWrite :  D=0x0000000000000000 A=0x7ffffffffffffef8
2627500: system.cpu: T0 : 0x10b10    : c_sdsp a3, 256(sp)         : MemWrite :  D=0x0000000000000000 A=0x7ffffffffffffef0
2628000: system.cpu: T0 : 0x10b12    : c_addi4spn a4, sp, 40      : IntAlu :  D=0x7ffffffffffffe18
2628500: system.cpu: T0 : 0x10b14    : sd a4, -1552(tp)           : MemWrite :  D=0x7ffffffffffffe18 A=0x73100
2629000: system.cpu: T0 : 0x10b18    : c_jalr a5                  : IntAlu :  D=0x0000000000010b1a
2629500: system.cpu: T0 : 0x1096e    : c_addi sp, -16             : IntAlu :  D=0x7ffffffffffffde0
2630000: system.cpu: T0 : 0x10970    : c_sdsp ra, 8(sp)           : MemWrite :  D=0x0000000000010b1a A=0x7ffffffffffffde8
2630500: system.cpu: T0 : 0x10972    : c_sdsp s0, 0(sp)           : MemWrite :  D=0x0000000000010e54 A=0x7ffffffffffffde0
2631000: system.cpu: T0 : 0x10974    : c_addi4spn s0, sp, 16      : IntAlu :  D=0x7ffffffffffffdf0
2631500: system.cpu: T0 : 0x10976    : c_li a0, 19                : IntAlu :  D=0x0000000000000013
2632000: system.cpu: T0 : 0x10978    : jal ra, -1352              : IntAlu :  D=0x000000000001097c
2632500: system.cpu: T0 : 0x10430    : c_addi16sp sp, -96         : IntAlu :  D=0x7ffffffffffffd80
2633000: system.cpu: T0 : 0x10432    : c_sdsp s0, 88(sp)          : MemWrite :  D=0x7ffffffffffffdf0 A=0x7ffffffffffffdd8
2633500: system.cpu: T0 : 0x10434    : c_addi4spn s0, sp, 96      : IntAlu :  D=0x7ffffffffffffde0
2634500: system.cpu: T0 : 0x10436    : sd a0, -88(s0)             : MemWrite :  D=0x0000000000000013 A=0x7ffffffffffffd88
2635500: system.cpu: T0 : 0x1043a    : ld a5, -88(s0)             : MemRead :  D=0x0000000000000013 A=0x7ffffffffffffd88
2636500: system.cpu: T0 : 0x1043e    : sd a5, -48(s0)             : MemWrite :  D=0x0000000000000013 A=0x7ffffffffffffdb0
2637000: system.cpu: T0 : 0x10442    : c_li a5, 1                 : IntAlu :  D=0x0000000000000001
2637500: system.cpu: T0 : 0x10444    : sd a5, -32(s0)             : MemWrite :  D=0x0000000000000001 A=0x7ffffffffffffdc0
2638000: system.cpu: T0 : 0x10448    : sw zero, -72(s0)           : MemWrite :  D=0x0000000000000000 A=0x7ffffffffffffd98
2638500: system.cpu: T0 : 0x1044c    : sw zero, -68(s0)           : MemWrite :  D=0x0000000000000000 A=0x7ffffffffffffd9c
2639000: system.cpu: T0 : 0x10450    : ld a4, -48(s0)             : MemRead :  D=0x0000000000000013 A=0x7ffffffffffffdb0
2639500: system.cpu: T0 : 0x10454    : ld a5, -32(s0)             : MemRead :  D=0x0000000000000001 A=0x7ffffffffffffdc0
2640000: system.cpu: T0 : 0x10458    : c_sub a4, a5               : IntAlu :  D=0x0000000000000012
2640500: system.cpu: T0 : 0x1045a    : c_li a5, 6                 : IntAlu :  D=0x0000000000000006
2641000: system.cpu: T0 : 0x1045c    : bltu a5, a4, 270           : IntAlu : 
2642000: system.cpu: T0 : 0x1056a    : ld a4, -32(s0)             : MemRead :  D=0x0000000000000001 A=0x7ffffffffffffdc0
2643000: system.cpu: T0 : 0x1056e    : ld a5, -48(s0)             : MemRead :  D=0x0000000000000013 A=0x7ffffffffffffdb0
2643500: system.cpu: T0 : 0x10572    : c_add a5, a4               : IntAlu :  D=0x0000000000000014
2644000: system.cpu: T0 : 0x10574    : c_srli a5, 1               : IntAlu :  D=0x000000000000000a
2645000: system.cpu: T0 : 0x10576    : sd a5, -24(s0)             : MemWrite :  D=0x000000000000000a A=0x7ffffffffffffdc8
2646000: system.cpu: T0 : 0x1057a    : auipc a4, 95               : IntAlu :  D=0x000000000006f57a
2647000: system.cpu: T0 : 0x1057e    : addi a4, a4, -1402         : IntAlu :  D=0x000000000006f000
2648000: system.cpu: T0 : 0x10582    : ld a5, -24(s0)             : MemRead :  D=0x000000000000000a A=0x7ffffffffffffdc8
2648500: system.cpu: T0 : 0x10586    : c_slli a5, 2               : IntAlu :  D=0x0000000000000028
2649000: system.cpu: T0 : 0x10588    : c_add a5, a4               : IntAlu :  D=0x000000000006f028
2650000: system.cpu: T0 : 0x1058a    : flw fa5, 0(a5)             : FloatMemRead :  D=0x0000000041200000 A=0x6f028
2651000: system.cpu: T0 : 0x1058e    : fsw fa5, -64(s0)           : FloatMemWrite :  D=0x0000000041200000 A=0x7ffffffffffffda0
2652000: system.cpu: T0 : 0x10592    : ld a5, -32(s0)             : MemRead :  D=0x0000000000000001 A=0x7ffffffffffffdc0
2652500: system.cpu: T0 : 0x10596    : c_addi a5, 1               : IntAlu :  D=0x0000000000000002
2653000: system.cpu: T0 : 0x10598    : auipc a4, 95               : IntAlu :  D=0x000000000006f598
2653500: system.cpu: T0 : 0x1059c    : addi a4, a4, -1432         : IntAlu :  D=0x000000000006f000
2654000: system.cpu: T0 : 0x105a0    : c_slli a5, 2               : IntAlu :  D=0x0000000000000008
2654500: system.cpu: T0 : 0x105a2    : c_add a5, a4               : IntAlu :  D=0x000000000006f008
2655000: system.cpu: T0 : 0x105a4    : flw fa5, 0(a5)             : FloatMemRead :  D=0x000000004124cccd A=0x6f008
2655500: system.cpu: T0 : 0x105a8    : auipc a4, 95               : IntAlu :  D=0x000000000006f5a8
2656000: system.cpu: T0 : 0x105ac    : addi a4, a4, -1448         : IntAlu :  D=0x000000000006f000
2656500: system.cpu: T0 : 0x105b0    : ld a5, -24(s0)             : MemRead :  D=0x000000000000000a A=0x7ffffffffffffdc8
2657000: system.cpu: T0 : 0x105b4    : c_slli a5, 2               : IntAlu :  D=0x0000000000000028
2657500: system.cpu: T0 : 0x105b6    : c_add a5, a4               : IntAlu :  D=0x000000000006f028
2658000: system.cpu: T0 : 0x105b8    : fsw fa5, 0(a5)             : FloatMemWrite :  D=0x000000004124cccd A=0x6f028
2658500: system.cpu: T0 : 0x105bc    : ld a5, -32(s0)             : MemRead :  D=0x0000000000000001 A=0x7ffffffffffffdc0
2659000: system.cpu: T0 : 0x105c0    : c_addi a5, 1               : IntAlu :  D=0x0000000000000002
2660000: system.cpu: T0 : 0x105c2    : auipc a4, 95               : IntAlu :  D=0x000000000006f5c2
2661000: system.cpu: T0 : 0x105c6    : addi a4, a4, -1474         : IntAlu :  D=0x000000000006f000
2661500: system.cpu: T0 : 0x105ca    : c_slli a5, 2               : IntAlu :  D=0x0000000000000008
2662000: system.cpu: T0 : 0x105cc    : c_add a5, a4               : IntAlu :  D=0x000000000006f008
2663000: system.cpu: T0 : 0x105ce    : flw fa5, -64(s0)           : FloatMemRead :  D=0x0000000041200000 A=0x7ffffffffffffda0
2664000: system.cpu: T0 : 0x105d2    : fsw fa5, 0(a5)             : FloatMemWrite :  D=0x0000000041200000 A=0x6f008
2665000: system.cpu: T0 : 0x105d6    : auipc a4, 95               : IntAlu :  D=0x000000000006f5d6
2666000: system.cpu: T0 : 0x105da    : addi a4, a4, -1494         : IntAlu :  D=0x000000000006f000
2667000: system.cpu: T0 : 0x105de    : ld a5, -32(s0)             : MemRead :  D=0x0000000000000001 A=0x7ffffffffffffdc0
2667500: system.cpu: T0 : 0x105e2    : c_slli a5, 2               : IntAlu :  D=0x0000000000000004
2668000: system.cpu: T0 : 0x105e4    : c_add a5, a4               : IntAlu :  D=0x000000000006f004
2669000: system.cpu: T0 : 0x105e6    : flw fa4, 0(a5)             : FloatMemRead :  D=0x0000000040800000 A=0x6f004
2670000: system.cpu: T0 : 0x105ea    : auipc a4, 95               : IntAlu :  D=0x000000000006f5ea
2671000: system.cpu: T0 : 0x105ee    : addi a4, a4, -1514         : IntAlu :  D=0x000000000006f000
2672000: system.cpu: T0 : 0x105f2    : ld a5, -48(s0)             : MemRead :  D=0x0000000000000013 A=0x7ffffffffffffdb0
2672500: system.cpu: T0 : 0x105f6    : c_slli a5, 2               : IntAlu :  D=0x000000000000004c
2673000: system.cpu: T0 : 0x105f8    : c_add a5, a4               : IntAlu :  D=0x000000000006f04c
2674000: system.cpu: T0 : 0x105fa    : flw fa5, 0(a5)             : FloatMemRead :  D=0x0000000042b1c28f A=0x6f04c
2675000: system.cpu: T0 : 0x105fe    : flt_s a5, fa5, fa4         : FloatCmp :  D=0x0000000000000000
2675500: system.cpu: T0 : 0x10602    : c_beqz a5, 90              : IntAlu : 
2676000: system.cpu: T0 : 0x1065c    : ld a5, -32(s0)             : MemRead :  D=0x0000000000000001 A=0x7ffffffffffffdc0
2676500: system.cpu: T0 : 0x10660    : c_addi a5, 1               : IntAlu :  D=0x0000000000000002
2677500: system.cpu: T0 : 0x10662    : auipc a4, 95               : IntAlu :  D=0x000000000006f662
2678500: system.cpu: T0 : 0x10666    : addi a4, a4, -1634         : IntAlu :  D=0x000000000006f000
2679000: system.cpu: T0 : 0x1066a    : c_slli a5, 2               : IntAlu :  D=0x0000000000000008
2679500: system.cpu: T0 : 0x1066c    : c_add a5, a4               : IntAlu :  D=0x000000000006f008
2680500: system.cpu: T0 : 0x1066e    : flw fa4, 0(a5)             : FloatMemRead :  D=0x0000000041200000 A=0x6f008
2681500: system.cpu: T0 : 0x10672    : auipc a4, 95               : IntAlu :  D=0x000000000006f672
2682500: system.cpu: T0 : 0x10676    : addi a4, a4, -1650         : IntAlu :  D=0x000000000006f000
2683500: system.cpu: T0 : 0x1067a    : ld a5, -48(s0)             : MemRead :  D=0x0000000000000013 A=0x7ffffffffffffdb0
2684000: system.cpu: T0 : 0x1067e    : c_slli a5, 2               : IntAlu :  D=0x000000000000004c
2684500: system.cpu: T0 : 0x10680    : c_add a5, a4               : IntAlu :  D=0x000000000006f04c
2685500: system.cpu: T0 : 0x10682    : flw fa5, 0(a5)             : FloatMemRead :  D=0x0000000042b1c28f A=0x6f04c
2686500: system.cpu: T0 : 0x10686    : flt_s a5, fa5, fa4         : FloatCmp :  D=0x0000000000000000
2687000: system.cpu: T0 : 0x1068a    : c_beqz a5, 94              : IntAlu : 
2687500: system.cpu: T0 : 0x106e8    : auipc a4, 95               : IntAlu :  D=0x000000000006f6e8
2688000: system.cpu: T0 : 0x106ec    : addi a4, a4, -1768         : IntAlu :  D=0x000000000006f000
2688500: system.cpu: T0 : 0x106f0    : ld a5, -32(s0)             : MemRead :  D=0x0000000000000001 A=0x7ffffffffffffdc0
2689000: system.cpu: T0 : 0x106f4    : c_slli a5, 2               : IntAlu :  D=0x0000000000000004
2689500: system.cpu: T0 : 0x106f6    : c_add a5, a4               : IntAlu :  D=0x000000000006f004
2690000: system.cpu: T0 : 0x106f8    : flw fa4, 0(a5)             : FloatMemRead :  D=0x0000000040800000 A=0x6f004
2690500: system.cpu: T0 : 0x106fc    : ld a5, -32(s0)             : MemRead :  D=0x0000000000000001 A=0x7ffffffffffffdc0
2691000: system.cpu: T0 : 0x10700    : c_addi a5, 1               : IntAlu :  D=0x0000000000000002
2692000: system.cpu: T0 : 0x10702    : auipc a4, 95               : IntAlu :  D=0x000000000006f702
2693000: system.cpu: T0 : 0x10706    : addi a4, a4, -1794         : IntAlu :  D=0x000000000006f000
2693500: system.cpu: T0 : 0x1070a    : c_slli a5, 2               : IntAlu :  D=0x0000000000000008
2694000: system.cpu: T0 : 0x1070c    : c_add a5, a4               : IntAlu :  D=0x000000000006f008
2695000: system.cpu: T0 : 0x1070e    : flw fa5, 0(a5)             : FloatMemRead :  D=0x0000000041200000 A=0x6f008
2696000: system.cpu: T0 : 0x10712    : flt_s a5, fa5, fa4         : FloatCmp :  D=0x0000000000000000
2696500: system.cpu: T0 : 0x10716    : c_beqz a5, 94              : IntAlu : 
2697000: system.cpu: T0 : 0x10774    : ld a5, -32(s0)             : MemRead :  D=0x0000000000000001 A=0x7ffffffffffffdc0
2697500: system.cpu: T0 : 0x10778    : c_addi a5, 1               : IntAlu :  D=0x0000000000000002
2698500: system.cpu: T0 : 0x1077a    : sd a5, -56(s0)             : MemWrite :  D=0x0000000000000002 A=0x7ffffffffffffda8
2699500: system.cpu: T0 : 0x1077e    : ld a5, -48(s0)             : MemRead :  D=0x0000000000000013 A=0x7ffffffffffffdb0
2700500: system.cpu: T0 : 0x10782    : sd a5, -40(s0)             : MemWrite :  D=0x0000000000000013 A=0x7ffffffffffffdb8
2701500: system.cpu: T0 : 0x10786    : ld a5, -32(s0)             : MemRead :  D=0x0000000000000001 A=0x7ffffffffffffdc0
2702000: system.cpu: T0 : 0x1078a    : c_addi a5, 1               : IntAlu :  D=0x0000000000000002
2702500: system.cpu: T0 : 0x1078c    : auipc a4, 95               : IntAlu :  D=0x000000000006f78c
2703000: system.cpu: T0 : 0x10790    : addi a4, a4, -1932         : IntAlu :  D=0x000000000006f000
2703500: system.cpu: T0 : 0x10794    : c_slli a5, 2               : IntAlu :  D=0x0000000000000008
2704000: system.cpu: T0 : 0x10796    : c_add a5, a4               : IntAlu :  D=0x000000000006f008
2704500: system.cpu: T0 : 0x10798    : flw fa5, 0(a5)             : FloatMemRead :  D=0x0000000041200000 A=0x6f008
2705000: system.cpu: T0 : 0x1079c    : fsw fa5, -60(s0)           : FloatMemWrite :  D=0x0000000041200000 A=0x7ffffffffffffda4
2705500: system.cpu: T0 : 0x107a0    : ld a5, -56(s0)             : MemRead :  D=0x0000000000000002 A=0x7ffffffffffffda8
2706000: system.cpu: T0 : 0x107a4    : c_addi a5, 1               : IntAlu :  D=0x0000000000000003
2707000: system.cpu: T0 : 0x107a6    : sd a5, -56(s0)             : MemWrite :  D=0x0000000000000003 A=0x7ffffffffffffda8
2707500: system.cpu: T0 : 0x107aa    : c_j 12                     : IntAlu : 
2708500: system.cpu: T0 : 0x107b6    : auipc a4, 95               : IntAlu :  D=0x000000000006f7b6
2709500: system.cpu: T0 : 0x107ba    : addi a4, a4, -1974         : IntAlu :  D=0x000000000006f000
2710500: system.cpu: T0 : 0x107be    : ld a5, -56(s0)             : MemRead :  D=0x0000000000000003 A=0x7ffffffffffffda8
2711000: system.cpu: T0 : 0x107c2    : c_slli a5, 2               : IntAlu :  D=0x000000000000000c
2711500: system.cpu: T0 : 0x107c4    : c_add a5, a4               : IntAlu :  D=0x000000000006f00c
2712500: system.cpu: T0 : 0x107c6    : flw fa5, 0(a5)             : FloatMemRead :  D=0x000000003f8ccccd A=0x6f00c
2713500: system.cpu: T0 : 0x107ca    : flw fa4, -60(s0)           : FloatMemRead :  D=0x0000000041200000 A=0x7ffffffffffffda4
2714500: system.cpu: T0 : 0x107ce    : flt_s a5, fa5, fa4         : FloatCmp :  D=0x0000000000000001
2715000: system.cpu: T0 : 0x107d2    : c_bnez a5, -38             : IntAlu : 
2715500: system.cpu: T0 : 0x107ac    : ld a5, -56(s0)             : MemRead :  D=0x0000000000000003 A=0x7ffffffffffffda8
2716000: system.cpu: T0 : 0x107b0    : c_addi a5, 1               : IntAlu :  D=0x0000000000000004
2717000: system.cpu: T0 : 0x107b2    : sd a5, -56(s0)             : MemWrite :  D=0x0000000000000004 A=0x7ffffffffffffda8
2718000: system.cpu: T0 : 0x107b6    : auipc a4, 95               : IntAlu :  D=0x000000000006f7b6
2719000: system.cpu: T0 : 0x107ba    : addi a4, a4, -1974         : IntAlu :  D=0x000000000006f000
2720000: system.cpu: T0 : 0x107be    : ld a5, -56(s0)             : MemRead :  D=0x0000000000000004 A=0x7ffffffffffffda8
2720500: system.cpu: T0 : 0x107c2    : c_slli a5, 2               : IntAlu :  D=0x0000000000000010
2721000: system.cpu: T0 : 0x107c4    : c_add a5, a4               : IntAlu :  D=0x000000000006f010
2722000: system.cpu: T0 : 0x107c6    : flw fa5, 0(a5)             : FloatMemRead :  D=0x0000000040b66666 A=0x6f010
2723000: system.cpu: T0 : 0x107ca    : flw fa4, -60(s0)           : FloatMemRead :  D=0x0000000041200000 A=0x7ffffffffffffda4
2724000: system.cpu: T0 : 0x107ce    : flt_s a5, fa5, fa4         : FloatCmp :  D=0x0000000000000001
2724500: system.cpu: T0 : 0x107d2    : c_bnez a5, -38             : IntAlu : 
2725000: system.cpu: T0 : 0x107ac    : ld a5, -56(s0)             : MemRead :  D=0x0000000000000004 A=0x7ffffffffffffda8
2725500: system.cpu: T0 : 0x107b0    : c_addi a5, 1               : IntAlu :  D=0x0000000000000005
2726500: system.cpu: T0 : 0x107b2    : sd a5, -56(s0)             : MemWrite :  D=0x0000000000000005 A=0x7ffffffffffffda8
2727500: system.cpu: T0 : 0x107b6    : auipc a4, 95               : IntAlu :  D=0x000000000006f7b6
2728500: system.cpu: T0 : 0x107ba    : addi a4, a4, -1974         : IntAlu :  D=0x000000000006f000
2729500: system.cpu: T0 : 0x107be    : ld a5, -56(s0)             : MemRead :  D=0x0000000000000005 A=0x7ffffffffffffda8
2730000: system.cpu: T0 : 0x107c2    : c_slli a5, 2               : IntAlu :  D=0x0000000000000014
2730500: system.cpu: T0 : 0x107c4    : c_add a5, a4               : IntAlu :  D=0x000000000006f014
2731500: system.cpu: T0 : 0x107c6    : flw fa5, 0(a5)             : FloatMemRead :  D=0x0000000042c80000 A=0x6f014
2732500: system.cpu: T0 : 0x107ca    : flw fa4, -60(s0)           : FloatMemRead :  D=0x0000000041200000 A=0x7ffffffffffffda4
2733500: system.cpu: T0 : 0x107ce    : flt_s a5, fa5, fa4         : FloatCmp :  D=0x0000000000000000
2734000: system.cpu: T0 : 0x107d2    : c_bnez a5, -38             : IntAlu : 
2734500: system.cpu: T0 : 0x107d4    : ld a5, -40(s0)             : MemRead :  D=0x0000000000000013 A=0x7ffffffffffffdb8
2735000: system.cpu: T0 : 0x107d8    : c_addi a5, -1              : IntAlu :  D=0x0000000000000012
2736000: system.cpu: T0 : 0x107da    : sd a5, -40(s0)             : MemWrite :  D=0x0000000000000012 A=0x7ffffffffffffdb8
2736500: system.cpu: T0 : 0x107de    : c_j 12                     : IntAlu : 
2737500: system.cpu: T0 : 0x107ea    : auipc a4, 95               : IntAlu :  D=0x000000000006f7ea
2738500: system.cpu: T0 : 0x107ee    : addi a4, a4, -2026         : IntAlu :  D=0x000000000006f000
2739500: system.cpu: T0 : 0x107f2    : ld a5, -40(s0)             : MemRead :  D=0x0000000000000012 A=0x7ffffffffffffdb8
2740000: system.cpu: T0 : 0x107f6    : c_slli a5, 2               : IntAlu :  D=0x0000000000000048
2740500: system.cpu: T0 : 0x107f8    : c_add a5, a4               : IntAlu :  D=0x000000000006f048
2741500: system.cpu: T0 : 0x107fa    : flw fa5, 0(a5)             : FloatMemRead :  D=0x0000000042c7fae1 A=0x6f048
2742500: system.cpu: T0 : 0x107fe    : flw fa4, -60(s0)           : FloatMemRead :  D=0x0000000041200000 A=0x7ffffffffffffda4
2743500: system.cpu: T0 : 0x10802    : flt_s a5, fa4, fa5         : FloatCmp :  D=0x0000000000000001
2744000: system.cpu: T0 : 0x10806    : c_bnez a5, -38             : IntAlu : 
2744500: system.cpu: T0 : 0x107e0    : ld a5, -40(s0)             : MemRead :  D=0x0000000000000012 A=0x7ffffffffffffdb8
2745000: system.cpu: T0 : 0x107e4    : c_addi a5, -1              : IntAlu :  D=0x0000000000000011
2746000: system.cpu: T0 : 0x107e6    : sd a5, -40(s0)             : MemWrite :  D=0x0000000000000011 A=0x7ffffffffffffdb8
2747000: system.cpu: T0 : 0x107ea    : auipc a4, 95               : IntAlu :  D=0x000000000006f7ea
2748000: system.cpu: T0 : 0x107ee    : addi a4, a4, -2026         : IntAlu :  D=0x000000000006f000
2749000: system.cpu: T0 : 0x107f2    : ld a5, -40(s0)             : MemRead :  D=0x0000000000000011 A=0x7ffffffffffffdb8
2749500: system.cpu: T0 : 0x107f6    : c_slli a5, 2               : IntAlu :  D=0x0000000000000044
2750000: system.cpu: T0 : 0x107f8    : c_add a5, a4               : IntAlu :  D=0x000000000006f044
2751000: system.cpu: T0 : 0x107fa    : flw fa5, 0(a5)             : FloatMemRead :  D=0x0000000041a451ec A=0x6f044
2752000: system.cpu: T0 : 0x107fe    : flw fa4, -60(s0)           : FloatMemRead :  D=0x0000000041200000 A=0x7ffffffffffffda4
2753000: system.cpu: T0 : 0x10802    : flt_s a5, fa4, fa5         : FloatCmp :  D=0x0000000000000001
2753500: system.cpu: T0 : 0x10806    : c_bnez a5, -38             : IntAlu : 
2754000: system.cpu: T0 : 0x107e0    : ld a5, -40(s0)             : MemRead :  D=0x0000000000000011 A=0x7ffffffffffffdb8
2754500: system.cpu: T0 : 0x107e4    : c_addi a5, -1              : IntAlu :  D=0x0000000000000010
2755500: system.cpu: T0 : 0x107e6    : sd a5, -40(s0)             : MemWrite :  D=0x0000000000000010 A=0x7ffffffffffffdb8
2756500: system.cpu: T0 : 0x107ea    : auipc a4, 95               : IntAlu :  D=0x000000000006f7ea
2757500: system.cpu: T0 : 0x107ee    : addi a4, a4, -2026         : IntAlu :  D=0x000000000006f000
2758500: system.cpu: T0 : 0x107f2    : ld a5, -40(s0)             : MemRead :  D=0x0000000000000010 A=0x7ffffffffffffdb8
2759000: system.cpu: T0 : 0x107f6    : c_slli a5, 2               : IntAlu :  D=0x0000000000000040
2759500: system.cpu: T0 : 0x107f8    : c_add a5, a4               : IntAlu :  D=0x000000000006f040
2760500: system.cpu: T0 : 0x107fa    : flw fa5, 0(a5)             : FloatMemRead :  D=0x00000000420c0000 A=0x6f040
2761500: system.cpu: T0 : 0x107fe    : flw fa4, -60(s0)           : FloatMemRead :  D=0x0000000041200000 A=0x7ffffffffffffda4
2762500: system.cpu: T0 : 0x10802    : flt_s a5, fa4, fa5         : FloatCmp :  D=0x0000000000000001
2763000: system.cpu: T0 : 0x10806    : c_bnez a5, -38             : IntAlu : 
2763500: system.cpu: T0 : 0x107e0    : ld a5, -40(s0)             : MemRead :  D=0x0000000000000010 A=0x7ffffffffffffdb8
2764000: system.cpu: T0 : 0x107e4    : c_addi a5, -1              : IntAlu :  D=0x000000000000000f
2765000: system.cpu: T0 : 0x107e6    : sd a5, -40(s0)             : MemWrite :  D=0x000000000000000f A=0x7ffffffffffffdb8
2766000: system.cpu: T0 : 0x107ea    : auipc a4, 95               : IntAlu :  D=0x000000000006f7ea
2767000: system.cpu: T0 : 0x107ee    : addi a4, a4, -2026         : IntAlu :  D=0x000000000006f000
2768000: system.cpu: T0 : 0x107f2    : ld a5, -40(s0)             : MemRead :  D=0x000000000000000f A=0x7ffffffffffffdb8
2768500: system.cpu: T0 : 0x107f6    : c_slli a5, 2               : IntAlu :  D=0x000000000000003c
2769000: system.cpu: T0 : 0x107f8    : c_add a5, a4               : IntAlu :  D=0x000000000006f03c
2770000: system.cpu: T0 : 0x107fa    : flw fa5, 0(a5)             : FloatMemRead :  D=0x0000000042300000 A=0x6f03c
2771000: system.cpu: T0 : 0x107fe    : flw fa4, -60(s0)           : FloatMemRead :  D=0x0000000041200000 A=0x7ffffffffffffda4
2772000: system.cpu: T0 : 0x10802    : flt_s a5, fa4, fa5         : FloatCmp :  D=0x0000000000000001
2772500: system.cpu: T0 : 0x10806    : c_bnez a5, -38             : IntAlu : 
2773000: system.cpu: T0 : 0x107e0    : ld a5, -40(s0)             : MemRead :  D=0x000000000000000f A=0x7ffffffffffffdb8
2773500: system.cpu: T0 : 0x107e4    : c_addi a5, -1              : IntAlu :  D=0x000000000000000e
2774500: system.cpu: T0 : 0x107e6    : sd a5, -40(s0)             : MemWrite :  D=0x000000000000000e A=0x7ffffffffffffdb8
2775500: system.cpu: T0 : 0x107ea    : auipc a4, 95               : IntAlu :  D=0x000000000006f7ea
2776500: system.cpu: T0 : 0x107ee    : addi a4, a4, -2026         : IntAlu :  D=0x000000000006f000
2777500: system.cpu: T0 : 0x107f2    : ld a5, -40(s0)             : MemRead :  D=0x000000000000000e A=0x7ffffffffffffdb8
2778000: system.cpu: T0 : 0x107f6    : c_slli a5, 2               : IntAlu :  D=0x0000000000000038
2778500: system.cpu: T0 : 0x107f8    : c_add a5, a4               : IntAlu :  D=0x000000000006f038
2779500: system.cpu: T0 : 0x107fa    : flw fa5, 0(a5)             : FloatMemRead :  D=0x00000000429a0000 A=0x6f038
2780500: system.cpu: T0 : 0x107fe    : flw fa4, -60(s0)           : FloatMemRead :  D=0x0000000041200000 A=0x7ffffffffffffda4
2781500: system.cpu: T0 : 0x10802    : flt_s a5, fa4, fa5         : FloatCmp :  D=0x0000000000000001
2782000: system.cpu: T0 : 0x10806    : c_bnez a5, -38             : IntAlu : 
2782500: system.cpu: T0 : 0x107e0    : ld a5, -40(s0)             : MemRead :  D=0x000000000000000e A=0x7ffffffffffffdb8
2783000: system.cpu: T0 : 0x107e4    : c_addi a5, -1              : IntAlu :  D=0x000000000000000d
2784000: system.cpu: T0 : 0x107e6    : sd a5, -40(s0)             : MemWrite :  D=0x000000000000000d A=0x7ffffffffffffdb8
2785000: system.cpu: T0 : 0x107ea    : auipc a4, 95               : IntAlu :  D=0x000000000006f7ea
2786000: system.cpu: T0 : 0x107ee    : addi a4, a4, -2026         : IntAlu :  D=0x000000000006f000
2787000: system.cpu: T0 : 0x107f2    : ld a5, -40(s0)             : MemRead :  D=0x000000000000000d A=0x7ffffffffffffdb8
2787500: system.cpu: T0 : 0x107f6    : c_slli a5, 2               : IntAlu :  D=0x0000000000000034
2788000: system.cpu: T0 : 0x107f8    : c_add a5, a4               : IntAlu :  D=0x000000000006f034
2789000: system.cpu: T0 : 0x107fa    : flw fa5, 0(a5)             : FloatMemRead :  D=0x0000000042ca0000 A=0x6f034
2790000: system.cpu: T0 : 0x107fe    : flw fa4, -60(s0)           : FloatMemRead :  D=0x0000000041200000 A=0x7ffffffffffffda4
2791000: system.cpu: T0 : 0x10802    : flt_s a5, fa4, fa5         : FloatCmp :  D=0x0000000000000001
2791500: system.cpu: T0 : 0x10806    : c_bnez a5, -38             : IntAlu : 
2792000: system.cpu: T0 : 0x107e0    : ld a5, -40(s0)             : MemRead :  D=0x000000000000000d A=0x7ffffffffffffdb8
2792500: system.cpu: T0 : 0x107e4    : c_addi a5, -1              : IntAlu :  D=0x000000000000000c
2793500: system.cpu: T0 : 0x107e6    : sd a5, -40(s0)             : MemWrite :  D=0x000000000000000c A=0x7ffffffffffffdb8
2794500: system.cpu: T0 : 0x107ea    : auipc a4, 95               : IntAlu :  D=0x000000000006f7ea
2795500: system.cpu: T0 : 0x107ee    : addi a4, a4, -2026         : IntAlu :  D=0x000000000006f000
2796500: system.cpu: T0 : 0x107f2    : ld a5, -40(s0)             : MemRead :  D=0x000000000000000c A=0x7ffffffffffffdb8
2797000: system.cpu: T0 : 0x107f6    : c_slli a5, 2               : IntAlu :  D=0x0000000000000030
2797500: system.cpu: T0 : 0x107f8    : c_add a5, a4               : IntAlu :  D=0x000000000006f030
2798500: system.cpu: T0 : 0x107fa    : flw fa5, 0(a5)             : FloatMemRead :  D=0x00000000435e3852 A=0x6f030
2799500: system.cpu: T0 : 0x107fe    : flw fa4, -60(s0)           : FloatMemRead :  D=0x0000000041200000 A=0x7ffffffffffffda4
2800500: system.cpu: T0 : 0x10802    : flt_s a5, fa4, fa5         : FloatCmp :  D=0x0000000000000001
2801000: system.cpu: T0 : 0x10806    : c_bnez a5, -38             : IntAlu : 
2801500: system.cpu: T0 : 0x107e0    : ld a5, -40(s0)             : MemRead :  D=0x000000000000000c A=0x7ffffffffffffdb8
2802000: system.cpu: T0 : 0x107e4    : c_addi a5, -1              : IntAlu :  D=0x000000000000000b
2803000: system.cpu: T0 : 0x107e6    : sd a5, -40(s0)             : MemWrite :  D=0x000000000000000b A=0x7ffffffffffffdb8
2804000: system.cpu: T0 : 0x107ea    : auipc a4, 95               : IntAlu :  D=0x000000000006f7ea
2805000: system.cpu: T0 : 0x107ee    : addi a4, a4, -2026         : IntAlu :  D=0x000000000006f000
2806000: system.cpu: T0 : 0x107f2    : ld a5, -40(s0)             : MemRead :  D=0x000000000000000b A=0x7ffffffffffffdb8
2806500: system.cpu: T0 : 0x107f6    : c_slli a5, 2               : IntAlu :  D=0x000000000000002c
2807000: system.cpu: T0 : 0x107f8    : c_add a5, a4               : IntAlu :  D=0x000000000006f02c
2808000: system.cpu: T0 : 0x107fa    : flw fa5, 0(a5)             : FloatMemRead :  D=0x0000000043160000 A=0x6f02c
2809000: system.cpu: T0 : 0x107fe    : flw fa4, -60(s0)           : FloatMemRead :  D=0x0000000041200000 A=0x7ffffffffffffda4
2810000: system.cpu: T0 : 0x10802    : flt_s a5, fa4, fa5         : FloatCmp :  D=0x0000000000000001
2810500: system.cpu: T0 : 0x10806    : c_bnez a5, -38             : IntAlu : 
2811000: system.cpu: T0 : 0x107e0    : ld a5, -40(s0)             : MemRead :  D=0x000000000000000b A=0x7ffffffffffffdb8
2811500: system.cpu: T0 : 0x107e4    : c_addi a5, -1              : IntAlu :  D=0x000000000000000a
2812500: system.cpu: T0 : 0x107e6    : sd a5, -40(s0)             : MemWrite :  D=0x000000000000000a A=0x7ffffffffffffdb8
2813500: system.cpu: T0 : 0x107ea    : auipc a4, 95               : IntAlu :  D=0x000000000006f7ea
2814500: system.cpu: T0 : 0x107ee    : addi a4, a4, -2026         : IntAlu :  D=0x000000000006f000
2815500: system.cpu: T0 : 0x107f2    : ld a5, -40(s0)             : MemRead :  D=0x000000000000000a A=0x7ffffffffffffdb8
2816000: system.cpu: T0 : 0x107f6    : c_slli a5, 2               : IntAlu :  D=0x0000000000000028
2816500: system.cpu: T0 : 0x107f8    : c_add a5, a4               : IntAlu :  D=0x000000000006f028
2817500: system.cpu: T0 : 0x107fa    : flw fa5, 0(a5)             : FloatMemRead :  D=0x000000004124cccd A=0x6f028
2818500: system.cpu: T0 : 0x107fe    : flw fa4, -60(s0)           : FloatMemRead :  D=0x0000000041200000 A=0x7ffffffffffffda4
2819500: system.cpu: T0 : 0x10802    : flt_s a5, fa4, fa5         : FloatCmp :  D=0x0000000000000001
2820000: system.cpu: T0 : 0x10806    : c_bnez a5, -38             : IntAlu : 
2820500: system.cpu: T0 : 0x107e0    : ld a5, -40(s0)             : MemRead :  D=0x000000000000000a A=0x7ffffffffffffdb8
2821000: system.cpu: T0 : 0x107e4    : c_addi a5, -1              : IntAlu :  D=0x0000000000000009
2822000: system.cpu: T0 : 0x107e6    : sd a5, -40(s0)             : MemWrite :  D=0x0000000000000009 A=0x7ffffffffffffdb8
2823000: system.cpu: T0 : 0x107ea    : auipc a4, 95               : IntAlu :  D=0x000000000006f7ea
2824000: system.cpu: T0 : 0x107ee    : addi a4, a4, -2026         : IntAlu :  D=0x000000000006f000
2825000: system.cpu: T0 : 0x107f2    : ld a5, -40(s0)             : MemRead :  D=0x0000000000000009 A=0x7ffffffffffffdb8
2825500: system.cpu: T0 : 0x107f6    : c_slli a5, 2               : IntAlu :  D=0x0000000000000024
2826000: system.cpu: T0 : 0x107f8    : c_add a5, a4               : IntAlu :  D=0x000000000006f024
2827000: system.cpu: T0 : 0x107fa    : flw fa5, 0(a5)             : FloatMemRead :  D=0x0000000042c60000 A=0x6f024
2828000: system.cpu: T0 : 0x107fe    : flw fa4, -60(s0)           : FloatMemRead :  D=0x0000000041200000 A=0x7ffffffffffffda4
2829000: system.cpu: T0 : 0x10802    : flt_s a5, fa4, fa5         : FloatCmp :  D=0x0000000000000001
2829500: system.cpu: T0 : 0x10806    : c_bnez a5, -38             : IntAlu : 
2830000: system.cpu: T0 : 0x107e0    : ld a5, -40(s0)             : MemRead :  D=0x0000000000000009 A=0x7ffffffffffffdb8
2830500: system.cpu: T0 : 0x107e4    : c_addi a5, -1              : IntAlu :  D=0x0000000000000008
2831500: system.cpu: T0 : 0x107e6    : sd a5, -40(s0)             : MemWrite :  D=0x0000000000000008 A=0x7ffffffffffffdb8
2832500: system.cpu: T0 : 0x107ea    : auipc a4, 95               : IntAlu :  D=0x000000000006f7ea
2833500: system.cpu: T0 : 0x107ee    : addi a4, a4, -2026         : IntAlu :  D=0x000000000006f000
2834500: system.cpu: T0 : 0x107f2    : ld a5, -40(s0)             : MemRead :  D=0x0000000000000008 A=0x7ffffffffffffdb8
2835000: system.cpu: T0 : 0x107f6    : c_slli a5, 2               : IntAlu :  D=0x0000000000000020
2835500: system.cpu: T0 : 0x107f8    : c_add a5, a4               : IntAlu :  D=0x000000000006f020
2836500: system.cpu: T0 : 0x107fa    : flw fa5, 0(a5)             : FloatMemRead :  D=0x0000000042460000 A=0x6f020
2837500: system.cpu: T0 : 0x107fe    : flw fa4, -60(s0)           : FloatMemRead :  D=0x0000000041200000 A=0x7ffffffffffffda4
2838500: system.cpu: T0 : 0x10802    : flt_s a5, fa4, fa5         : FloatCmp :  D=0x0000000000000001
2839000: system.cpu: T0 : 0x10806    : c_bnez a5, -38             : IntAlu : 
2839500: system.cpu: T0 : 0x107e0    : ld a5, -40(s0)             : MemRead :  D=0x0000000000000008 A=0x7ffffffffffffdb8
2840000: system.cpu: T0 : 0x107e4    : c_addi a5, -1              : IntAlu :  D=0x0000000000000007
2841000: system.cpu: T0 : 0x107e6    : sd a5, -40(s0)             : MemWrite :  D=0x0000000000000007 A=0x7ffffffffffffdb8
2842000: system.cpu: T0 : 0x107ea    : auipc a4, 95               : IntAlu :  D=0x000000000006f7ea
2843000: system.cpu: T0 : 0x107ee    : addi a4, a4, -2026         : IntAlu :  D=0x000000000006f000
2844000: system.cpu: T0 : 0x107f2    : ld a5, -40(s0)             : MemRead :  D=0x0000000000000007 A=0x7ffffffffffffdb8
2844500: system.cpu: T0 : 0x107f6    : c_slli a5, 2               : IntAlu :  D=0x000000000000001c
2845000: system.cpu: T0 : 0x107f8    : c_add a5, a4               : IntAlu :  D=0x000000000006f01c
2846000: system.cpu: T0 : 0x107fa    : flw fa5, 0(a5)             : FloatMemRead :  D=0x0000000042de0000 A=0x6f01c
2847000: system.cpu: T0 : 0x107fe    : flw fa4, -60(s0)           : FloatMemRead :  D=0x0000000041200000 A=0x7ffffffffffffda4
2848000: system.cpu: T0 : 0x10802    : flt_s a5, fa4, fa5         : FloatCmp :  D=0x0000000000000001
2848500: system.cpu: T0 : 0x10806    : c_bnez a5, -38             : IntAlu : 
2849000: system.cpu: T0 : 0x107e0    : ld a5, -40(s0)             : MemRead :  D=0x0000000000000007 A=0x7ffffffffffffdb8
2849500: system.cpu: T0 : 0x107e4    : c_addi a5, -1              : IntAlu :  D=0x0000000000000006
2850500: system.cpu: T0 : 0x107e6    : sd a5, -40(s0)             : MemWrite :  D=0x0000000000000006 A=0x7ffffffffffffdb8
2851500: system.cpu: T0 : 0x107ea    : auipc a4, 95               : IntAlu :  D=0x000000000006f7ea
2852500: system.cpu: T0 : 0x107ee    : addi a4, a4, -2026         : IntAlu :  D=0x000000000006f000
2853500: system.cpu: T0 : 0x107f2    : ld a5, -40(s0)             : MemRead :  D=0x0000000000000006 A=0x7ffffffffffffdb8
2854000: system.cpu: T0 : 0x107f6    : c_slli a5, 2               : IntAlu :  D=0x0000000000000018
2854500: system.cpu: T0 : 0x107f8    : c_add a5, a4               : IntAlu :  D=0x000000000006f018
2855500: system.cpu: T0 : 0x107fa    : flw fa5, 0(a5)             : FloatMemRead :  D=0x0000000043670000 A=0x6f018
2856500: system.cpu: T0 : 0x107fe    : flw fa4, -60(s0)           : FloatMemRead :  D=0x0000000041200000 A=0x7ffffffffffffda4
2857500: system.cpu: T0 : 0x10802    : flt_s a5, fa4, fa5         : FloatCmp :  D=0x0000000000000001
2858000: system.cpu: T0 : 0x10806    : c_bnez a5, -38             : IntAlu : 
2858500: system.cpu: T0 : 0x107e0    : ld a5, -40(s0)             : MemRead :  D=0x0000000000000006 A=0x7ffffffffffffdb8
2859000: system.cpu: T0 : 0x107e4    : c_addi a5, -1              : IntAlu :  D=0x0000000000000005
2860000: system.cpu: T0 : 0x107e6    : sd a5, -40(s0)             : MemWrite :  D=0x0000000000000005 A=0x7ffffffffffffdb8
2861000: system.cpu: T0 : 0x107ea    : auipc a4, 95               : IntAlu :  D=0x000000000006f7ea
2862000: system.cpu: T0 : 0x107ee    : addi a4, a4, -2026         : IntAlu :  D=0x000000000006f000
2863000: system.cpu: T0 : 0x107f2    : ld a5, -40(s0)             : MemRead :  D=0x0000000000000005 A=0x7ffffffffffffdb8
2863500: system.cpu: T0 : 0x107f6    : c_slli a5, 2               : IntAlu :  D=0x0000000000000014
2864000: system.cpu: T0 : 0x107f8    : c_add a5, a4               : IntAlu :  D=0x000000000006f014
2865000: system.cpu: T0 : 0x107fa    : flw fa5, 0(a5)             : FloatMemRead :  D=0x0000000042c80000 A=0x6f014
2866000: system.cpu: T0 : 0x107fe    : flw fa4, -60(s0)           : FloatMemRead :  D=0x0000000041200000 A=0x7ffffffffffffda4
2867000: system.cpu: T0 : 0x10802    : flt_s a5, fa4, fa5         : FloatCmp :  D=0x0000000000000001
2867500: system.cpu: T0 : 0x10806    : c_bnez a5, -38             : IntAlu : 
2868000: system.cpu: T0 : 0x107e0    : ld a5, -40(s0)             : MemRead :  D=0x0000000000000005 A=0x7ffffffffffffdb8
2868500: system.cpu: T0 : 0x107e4    : c_addi a5, -1              : IntAlu :  D=0x0000000000000004
2869500: system.cpu: T0 : 0x107e6    : sd a5, -40(s0)             : MemWrite :  D=0x0000000000000004 A=0x7ffffffffffffdb8
2870500: system.cpu: T0 : 0x107ea    : auipc a4, 95               : IntAlu :  D=0x000000000006f7ea
2871500: system.cpu: T0 : 0x107ee    : addi a4, a4, -2026         : IntAlu :  D=0x000000000006f000
2872500: system.cpu: T0 : 0x107f2    : ld a5, -40(s0)             : MemRead :  D=0x0000000000000004 A=0x7ffffffffffffdb8
2873000: system.cpu: T0 : 0x107f6    : c_slli a5, 2               : IntAlu :  D=0x0000000000000010
2873500: system.cpu: T0 : 0x107f8    : c_add a5, a4               : IntAlu :  D=0x000000000006f010
2874500: system.cpu: T0 : 0x107fa    : flw fa5, 0(a5)             : FloatMemRead :  D=0x0000000040b66666 A=0x6f010
2875500: system.cpu: T0 : 0x107fe    : flw fa4, -60(s0)           : FloatMemRead :  D=0x0000000041200000 A=0x7ffffffffffffda4
2876500: system.cpu: T0 : 0x10802    : flt_s a5, fa4, fa5         : FloatCmp :  D=0x0000000000000000
2877000: system.cpu: T0 : 0x10806    : c_bnez a5, -38             : IntAlu : 
2877500: system.cpu: T0 : 0x10808    : ld a4, -40(s0)             : MemRead :  D=0x0000000000000004 A=0x7ffffffffffffdb8
2878000: system.cpu: T0 : 0x1080c    : ld a5, -56(s0)             : MemRead :  D=0x0000000000000005 A=0x7ffffffffffffda8
2878500: system.cpu: T0 : 0x10810    : bltu a4, a5, 94            : IntAlu : 
2879000: system.cpu: T0 : 0x1086e    : c_addi zero, 0             : IntAlu :  D=0x0000000000000000
2879500: system.cpu: T0 : 0x10870    : ld a5, -32(s0)             : MemRead :  D=0x0000000000000001 A=0x7ffffffffffffdc0
2880000: system.cpu: T0 : 0x10874    : c_addi a5, 1               : IntAlu :  D=0x0000000000000002
2881000: system.cpu: T0 : 0x10876    : auipc a3, 94               : IntAlu :  D=0x000000000006e876
2882000: system.cpu: T0 : 0x1087a    : addi a3, a3, 1930          : IntAlu :  D=0x000000000006f000
2883000: system.cpu: T0 : 0x1087e    : ld a4, -40(s0)             : MemRead :  D=0x0000000000000004 A=0x7ffffffffffffdb8
2883500: system.cpu: T0 : 0x10882    : c_slli a4, 2               : IntAlu :  D=0x0000000000000010
2884000: system.cpu: T0 : 0x10884    : c_add a4, a3               : IntAlu :  D=0x000000000006f010
2885000: system.cpu: T0 : 0x10886    : flw fa5, 0(a4)             : FloatMemRead :  D=0x0000000040b66666 A=0x6f010
2886000: system.cpu: T0 : 0x1088a    : auipc a4, 94               : IntAlu :  D=0x000000000006e88a
2887000: system.cpu: T0 : 0x1088e    : addi a4, a4, 1910          : IntAlu :  D=0x000000000006f000
2887500: system.cpu: T0 : 0x10892    : c_slli a5, 2               : IntAlu :  D=0x0000000000000008
2888000: system.cpu: T0 : 0x10894    : c_add a5, a4               : IntAlu :  D=0x000000000006f008
2889000: system.cpu: T0 : 0x10896    : fsw fa5, 0(a5)             : FloatMemWrite :  D=0x0000000040b66666 A=0x6f008
2890000: system.cpu: T0 : 0x1089a    : auipc a4, 94               : IntAlu :  D=0x000000000006e89a
2891000: system.cpu: T0 : 0x1089e    : addi a4, a4, 1894          : IntAlu :  D=0x000000000006f000
2892000: system.cpu: T0 : 0x108a2    : ld a5, -40(s0)             : MemRead :  D=0x0000000000000004 A=0x7ffffffffffffdb8
2892500: system.cpu: T0 : 0x108a6    : c_slli a5, 2               : IntAlu :  D=0x0000000000000010
2893000: system.cpu: T0 : 0x108a8    : c_add a5, a4               : IntAlu :  D=0x000000000006f010
2894000: system.cpu: T0 : 0x108aa    : flw fa5, -60(s0)           : FloatMemRead :  D=0x0000000041200000 A=0x7ffffffffffffda4
2895000: system.cpu: T0 : 0x108ae    : fsw fa5, 0(a5)             : FloatMemWrite :  D=0x0000000041200000 A=0x6f010
2896000: system.cpu: T0 : 0x108b2    : lw a5, -72(s0)             : MemRead :  D=0x0000000000000000 A=0x7ffffffffffffd98
2896500: system.cpu: T0 : 0x108b6    : c_addiw a5, 2              : IntAlu :  D=0x0000000000000002
2897000: system.cpu: T0 : 0x108b8    : sw a5, -72(s0)             : MemWrite :  D=0x0000000000000002 A=0x7ffffffffffffd98
2897500: system.cpu: T0 : 0x108bc    : ld a4, -48(s0)             : MemRead :  D=0x0000000000000013 A=0x7ffffffffffffdb0
2898000: system.cpu: T0 : 0x108c0    : ld a5, -56(s0)             : MemRead :  D=0x0000000000000005 A=0x7ffffffffffffda8
2898500: system.cpu: T0 : 0x108c4    : sub a5, a4, a5             : IntAlu :  D=0x000000000000000e
2899000: system.cpu: T0 : 0x108c8    : addi a4, a5, 1             : IntAlu :  D=0x000000000000000f
2899500: system.cpu: T0 : 0x108cc    : ld a3, -40(s0)             : MemRead :  D=0x0000000000000004 A=0x7ffffffffffffdb8
2900000: system.cpu: T0 : 0x108d0    : ld a5, -32(s0)             : MemRead :  D=0x0000000000000001 A=0x7ffffffffffffdc0
2900500: system.cpu: T0 : 0x108d4    : sub a5, a3, a5             : IntAlu :  D=0x0000000000000003
2901000: system.cpu: T0 : 0x108d8    : bltu a4, a5, 70            : IntAlu : 
2901500: system.cpu: T0 : 0x108dc    : ld a5, -48(s0)             : MemRead :  D=0x0000000000000013 A=0x7ffffffffffffdb0
2902000: system.cpu: T0 : 0x108e0    : addiw a4, a5, 0            : IntAlu :  D=0x0000000000000013
2902500: system.cpu: T0 : 0x108e4    : auipc a3, 96               : IntAlu :  D=0x00000000000708e4
2903000: system.cpu: T0 : 0x108e8    : ld a3, -116(a3)            : MemRead :  D=0x00000000000719b0 A=0x70870
2903500: system.cpu: T0 : 0x108ec    : lw a5, -72(s0)             : MemRead :  D=0x0000000000000002 A=0x7ffffffffffffd98
2904000: system.cpu: T0 : 0x108f0    : c_slli a5, 2               : IntAlu :  D=0x0000000000000008
2904500: system.cpu: T0 : 0x108f2    : c_add a5, a3               : IntAlu :  D=0x00000000000719b8
2905000: system.cpu: T0 : 0x108f4    : c_sw a4, 0(a5)             : MemWrite :  D=0x0000000000000013 A=0x719b8
2906000: system.cpu: T0 : 0x108f6    : lw a5, -72(s0)             : MemRead :  D=0x0000000000000002 A=0x7ffffffffffffd98
2906500: system.cpu: T0 : 0x108fa    : c_addiw a5, -1             : IntAlu :  D=0x0000000000000001
2907000: system.cpu: T0 : 0x108fc    : c_addiw a5, 0              : IntAlu :  D=0x0000000000000001
2908000: system.cpu: T0 : 0x108fe    : ld a4, -56(s0)             : MemRead :  D=0x0000000000000005 A=0x7ffffffffffffda8
2908500: system.cpu: T0 : 0x10902    : c_addiw a4, 0              : IntAlu :  D=0x0000000000000005
2909000: system.cpu: T0 : 0x10904    : auipc a3, 96               : IntAlu :  D=0x0000000000070904
2909500: system.cpu: T0 : 0x10908    : ld a3, -148(a3)            : MemRead :  D=0x00000000000719b0 A=0x70870
2910000: system.cpu: T0 : 0x1090c    : c_slli a5, 2               : IntAlu :  D=0x0000000000000004
2910500: system.cpu: T0 : 0x1090e    : c_add a5, a3               : IntAlu :  D=0x00000000000719b4
2911000: system.cpu: T0 : 0x10910    : c_sw a4, 0(a5)             : MemWrite :  D=0x0000000000000005 A=0x719b4
2912000: system.cpu: T0 : 0x10912    : ld a5, -40(s0)             : MemRead :  D=0x0000000000000004 A=0x7ffffffffffffdb8
2912500: system.cpu: T0 : 0x10916    : c_addi a5, -1              : IntAlu :  D=0x0000000000000003
2913000: system.cpu: T0 : 0x10918    : sd a5, -48(s0)             : MemWrite :  D=0x0000000000000003 A=0x7ffffffffffffdb0
2913500: system.cpu: T0 : 0x1091c    : c_j -1228                  : IntAlu : 
2914000: system.cpu: T0 : 0x10450    : ld a4, -48(s0)             : MemRead :  D=0x0000000000000003 A=0x7ffffffffffffdb0
2914500: system.cpu: T0 : 0x10454    : ld a5, -32(s0)             : MemRead :  D=0x0000000000000001 A=0x7ffffffffffffdc0
2915000: system.cpu: T0 : 0x10458    : c_sub a4, a5               : IntAlu :  D=0x0000000000000002
2915500: system.cpu: T0 : 0x1045a    : c_li a5, 6                 : IntAlu :  D=0x0000000000000006
2916000: system.cpu: T0 : 0x1045c    : bltu a5, a4, 270           : IntAlu : 
2916500: system.cpu: T0 : 0x10460    : ld a5, -32(s0)             : MemRead :  D=0x0000000000000001 A=0x7ffffffffffffdc0
2917000: system.cpu: T0 : 0x10464    : c_addi a5, 1               : IntAlu :  D=0x0000000000000002
2918000: system.cpu: T0 : 0x10466    : sd a5, -40(s0)             : MemWrite :  D=0x0000000000000002 A=0x7ffffffffffffdb8
2918500: system.cpu: T0 : 0x1046a    : c_j 172                    : IntAlu : 
2919500: system.cpu: T0 : 0x10516    : ld a4, -40(s0)             : MemRead :  D=0x0000000000000002 A=0x7ffffffffffffdb8
2920500: system.cpu: T0 : 0x1051a    : ld a5, -48(s0)             : MemRead :  D=0x0000000000000003 A=0x7ffffffffffffdb0
2921500: system.cpu: T0 : 0x1051e    : bgeu a5, a4, -178          : IntAlu : 
2922000: system.cpu: T0 : 0x1046c    : auipc a4, 95               : IntAlu :  D=0x000000000006f46c
2922500: system.cpu: T0 : 0x10470    : addi a4, a4, -1132         : IntAlu :  D=0x000000000006f000
2923000: system.cpu: T0 : 0x10474    : ld a5, -40(s0)             : MemRead :  D=0x0000000000000002 A=0x7ffffffffffffdb8
2923500: system.cpu: T0 : 0x10478    : c_slli a5, 2               : IntAlu :  D=0x0000000000000008
2924000: system.cpu: T0 : 0x1047a    : c_add a5, a4               : IntAlu :  D=0x000000000006f008
2924500: system.cpu: T0 : 0x1047c    : flw fa5, 0(a5)             : FloatMemRead :  D=0x0000000040b66666 A=0x6f008
2925000: system.cpu: T0 : 0x10480    : fsw fa5, -60(s0)           : FloatMemWrite :  D=0x0000000040b66666 A=0x7ffffffffffffda4
2925500: system.cpu: T0 : 0x10484    : ld a5, -40(s0)             : MemRead :  D=0x0000000000000002 A=0x7ffffffffffffdb8
2926000: system.cpu: T0 : 0x10488    : c_addi a5, -1              : IntAlu :  D=0x0000000000000001
2927000: system.cpu: T0 : 0x1048a    : sd a5, -56(s0)             : MemWrite :  D=0x0000000000000001 A=0x7ffffffffffffda8
2927500: system.cpu: T0 : 0x1048e    : c_j 84                     : IntAlu : 
2928500: system.cpu: T0 : 0x104e2    : ld a4, -56(s0)             : MemRead :  D=0x0000000000000001 A=0x7ffffffffffffda8
2929500: system.cpu: T0 : 0x104e6    : ld a5, -32(s0)             : MemRead :  D=0x0000000000000001 A=0x7ffffffffffffdc0
2930500: system.cpu: T0 : 0x104ea    : bgeu a4, a5, -90           : IntAlu : 
2931000: system.cpu: T0 : 0x10490    : auipc a4, 95               : IntAlu :  D=0x000000000006f490
2931500: system.cpu: T0 : 0x10494    : addi a4, a4, -1168         : IntAlu :  D=0x000000000006f000
2932000: system.cpu: T0 : 0x10498    : ld a5, -56(s0)             : MemRead :  D=0x0000000000000001 A=0x7ffffffffffffda8
2932500: system.cpu: T0 : 0x1049c    : c_slli a5, 2               : IntAlu :  D=0x0000000000000004
2933000: system.cpu: T0 : 0x1049e    : c_add a5, a4               : IntAlu :  D=0x000000000006f004
2933500: system.cpu: T0 : 0x104a0    : flw fa5, 0(a5)             : FloatMemRead :  D=0x0000000040800000 A=0x6f004
2934000: system.cpu: T0 : 0x104a4    : flw fa4, -60(s0)           : FloatMemRead :  D=0x0000000040b66666 A=0x7ffffffffffffda4
2934500: system.cpu: T0 : 0x104a8    : fle_s a5, fa5, fa4         : FloatCmp :  D=0x0000000000000001
2935000: system.cpu: T0 : 0x104ac    : c_bnez a5, 68              : IntAlu : 
2935500: system.cpu: T0 : 0x104f0    : c_addi zero, 0             : IntAlu :  D=0x0000000000000000
2936500: system.cpu: T0 : 0x104f2    : ld a5, -56(s0)             : MemRead :  D=0x0000000000000001 A=0x7ffffffffffffda8
2937000: system.cpu: T0 : 0x104f6    : c_addi a5, 1               : IntAlu :  D=0x0000000000000002
2937500: system.cpu: T0 : 0x104f8    : auipc a4, 95               : IntAlu :  D=0x000000000006f4f8
2938000: system.cpu: T0 : 0x104fc    : addi a4, a4, -1272         : IntAlu :  D=0x000000000006f000
2938500: system.cpu: T0 : 0x10500    : c_slli a5, 2               : IntAlu :  D=0x0000000000000008
2939000: system.cpu: T0 : 0x10502    : c_add a5, a4               : IntAlu :  D=0x000000000006f008
2939500: system.cpu: T0 : 0x10504    : flw fa5, -60(s0)           : FloatMemRead :  D=0x0000000040b66666 A=0x7ffffffffffffda4
2940000: system.cpu: T0 : 0x10508    : fsw fa5, 0(a5)             : FloatMemWrite :  D=0x0000000040b66666 A=0x6f008
2940500: system.cpu: T0 : 0x1050c    : ld a5, -40(s0)             : MemRead :  D=0x0000000000000002 A=0x7ffffffffffffdb8
2941000: system.cpu: T0 : 0x10510    : c_addi a5, 1               : IntAlu :  D=0x0000000000000003
2942000: system.cpu: T0 : 0x10512    : sd a5, -40(s0)             : MemWrite :  D=0x0000000000000003 A=0x7ffffffffffffdb8
2943000: system.cpu: T0 : 0x10516    : ld a4, -40(s0)             : MemRead :  D=0x0000000000000003 A=0x7ffffffffffffdb8
2944000: system.cpu: T0 : 0x1051a    : ld a5, -48(s0)             : MemRead :  D=0x0000000000000003 A=0x7ffffffffffffdb0
2945000: system.cpu: T0 : 0x1051e    : bgeu a5, a4, -178          : IntAlu : 
2945500: system.cpu: T0 : 0x1046c    : auipc a4, 95               : IntAlu :  D=0x000000000006f46c
2946000: system.cpu: T0 : 0x10470    : addi a4, a4, -1132         : IntAlu :  D=0x000000000006f000
2946500: system.cpu: T0 : 0x10474    : ld a5, -40(s0)             : MemRead :  D=0x0000000000000003 A=0x7ffffffffffffdb8
2947000: system.cpu: T0 : 0x10478    : c_slli a5, 2               : IntAlu :  D=0x000000000000000c
2947500: system.cpu: T0 : 0x1047a    : c_add a5, a4               : IntAlu :  D=0x000000000006f00c
2948000: system.cpu: T0 : 0x1047c    : flw fa5, 0(a5)             : FloatMemRead :  D=0x000000003f8ccccd A=0x6f00c
2948500: system.cpu: T0 : 0x10480    : fsw fa5, -60(s0)           : FloatMemWrite :  D=0x000000003f8ccccd A=0x7ffffffffffffda4
2949000: system.cpu: T0 : 0x10484    : ld a5, -40(s0)             : MemRead :  D=0x0000000000000003 A=0x7ffffffffffffdb8
2949500: system.cpu: T0 : 0x10488    : c_addi a5, -1              : IntAlu :  D=0x0000000000000002
2950500: system.cpu: T0 : 0x1048a    : sd a5, -56(s0)             : MemWrite :  D=0x0000000000000002 A=0x7ffffffffffffda8
2951000: system.cpu: T0 : 0x1048e    : c_j 84                     : IntAlu : 
2952000: system.cpu: T0 : 0x104e2    : ld a4, -56(s0)             : MemRead :  D=0x0000000000000002 A=0x7ffffffffffffda8
2953000: system.cpu: T0 : 0x104e6    : ld a5, -32(s0)             : MemRead :  D=0x0000000000000001 A=0x7ffffffffffffdc0
2954000: system.cpu: T0 : 0x104ea    : bgeu a4, a5, -90           : IntAlu : 
2954500: system.cpu: T0 : 0x10490    : auipc a4, 95               : IntAlu :  D=0x000000000006f490
2955000: system.cpu: T0 : 0x10494    : addi a4, a4, -1168         : IntAlu :  D=0x000000000006f000
2955500: system.cpu: T0 : 0x10498    : ld a5, -56(s0)             : MemRead :  D=0x0000000000000002 A=0x7ffffffffffffda8
2956000: system.cpu: T0 : 0x1049c    : c_slli a5, 2               : IntAlu :  D=0x0000000000000008
2956500: system.cpu: T0 : 0x1049e    : c_add a5, a4               : IntAlu :  D=0x000000000006f008
2957000: system.cpu: T0 : 0x104a0    : flw fa5, 0(a5)             : FloatMemRead :  D=0x0000000040b66666 A=0x6f008
2957500: system.cpu: T0 : 0x104a4    : flw fa4, -60(s0)           : FloatMemRead :  D=0x000000003f8ccccd A=0x7ffffffffffffda4
2958000: system.cpu: T0 : 0x104a8    : fle_s a5, fa5, fa4         : FloatCmp :  D=0x0000000000000000
2958500: system.cpu: T0 : 0x104ac    : c_bnez a5, 68              : IntAlu : 
2959500: system.cpu: T0 : 0x104ae    : ld a5, -56(s0)             : MemRead :  D=0x0000000000000002 A=0x7ffffffffffffda8
2960000: system.cpu: T0 : 0x104b2    : c_addi a5, 1               : IntAlu :  D=0x0000000000000003
2960500: system.cpu: T0 : 0x104b4    : auipc a3, 95               : IntAlu :  D=0x000000000006f4b4
2961000: system.cpu: T0 : 0x104b8    : addi a3, a3, -1204         : IntAlu :  D=0x000000000006f000
2961500: system.cpu: T0 : 0x104bc    : ld a4, -56(s0)             : MemRead :  D=0x0000000000000002 A=0x7ffffffffffffda8
2962000: system.cpu: T0 : 0x104c0    : c_slli a4, 2               : IntAlu :  D=0x0000000000000008
2962500: system.cpu: T0 : 0x104c2    : c_add a4, a3               : IntAlu :  D=0x000000000006f008
2963000: system.cpu: T0 : 0x104c4    : flw fa5, 0(a4)             : FloatMemRead :  D=0x0000000040b66666 A=0x6f008
2963500: system.cpu: T0 : 0x104c8    : auipc a4, 95               : IntAlu :  D=0x000000000006f4c8
2964000: system.cpu: T0 : 0x104cc    : addi a4, a4, -1224         : IntAlu :  D=0x000000000006f000
2964500: system.cpu: T0 : 0x104d0    : c_slli a5, 2               : IntAlu :  D=0x000000000000000c
2965000: system.cpu: T0 : 0x104d2    : c_add a5, a4               : IntAlu :  D=0x000000000006f00c
2965500: system.cpu: T0 : 0x104d4    : fsw fa5, 0(a5)             : FloatMemWrite :  D=0x0000000040b66666 A=0x6f00c
2966000: system.cpu: T0 : 0x104d8    : ld a5, -56(s0)             : MemRead :  D=0x0000000000000002 A=0x7ffffffffffffda8
2966500: system.cpu: T0 : 0x104dc    : c_addi a5, -1              : IntAlu :  D=0x0000000000000001
2967500: system.cpu: T0 : 0x104de    : sd a5, -56(s0)             : MemWrite :  D=0x0000000000000001 A=0x7ffffffffffffda8
2968500: system.cpu: T0 : 0x104e2    : ld a4, -56(s0)             : MemRead :  D=0x0000000000000001 A=0x7ffffffffffffda8
2969500: system.cpu: T0 : 0x104e6    : ld a5, -32(s0)             : MemRead :  D=0x0000000000000001 A=0x7ffffffffffffdc0
2970500: system.cpu: T0 : 0x104ea    : bgeu a4, a5, -90           : IntAlu : 
2971000: system.cpu: T0 : 0x10490    : auipc a4, 95               : IntAlu :  D=0x000000000006f490
2971500: system.cpu: T0 : 0x10494    : addi a4, a4, -1168         : IntAlu :  D=0x000000000006f000
2972000: system.cpu: T0 : 0x10498    : ld a5, -56(s0)             : MemRead :  D=0x0000000000000001 A=0x7ffffffffffffda8
2972500: system.cpu: T0 : 0x1049c    : c_slli a5, 2               : IntAlu :  D=0x0000000000000004
2973000: system.cpu: T0 : 0x1049e    : c_add a5, a4               : IntAlu :  D=0x000000000006f004
2973500: system.cpu: T0 : 0x104a0    : flw fa5, 0(a5)             : FloatMemRead :  D=0x0000000040800000 A=0x6f004
2974000: system.cpu: T0 : 0x104a4    : flw fa4, -60(s0)           : FloatMemRead :  D=0x000000003f8ccccd A=0x7ffffffffffffda4
2974500: system.cpu: T0 : 0x104a8    : fle_s a5, fa5, fa4         : FloatCmp :  D=0x0000000000000000
2975000: system.cpu: T0 : 0x104ac    : c_bnez a5, 68              : IntAlu : 
2976000: system.cpu: T0 : 0x104ae    : ld a5, -56(s0)             : MemRead :  D=0x0000000000000001 A=0x7ffffffffffffda8
2976500: system.cpu: T0 : 0x104b2    : c_addi a5, 1               : IntAlu :  D=0x0000000000000002
2977000: system.cpu: T0 : 0x104b4    : auipc a3, 95               : IntAlu :  D=0x000000000006f4b4
2977500: system.cpu: T0 : 0x104b8    : addi a3, a3, -1204         : IntAlu :  D=0x000000000006f000
2978000: system.cpu: T0 : 0x104bc    : ld a4, -56(s0)             : MemRead :  D=0x0000000000000001 A=0x7ffffffffffffda8
2978500: system.cpu: T0 : 0x104c0    : c_slli a4, 2               : IntAlu :  D=0x0000000000000004
2979000: system.cpu: T0 : 0x104c2    : c_add a4, a3               : IntAlu :  D=0x000000000006f004
2979500: system.cpu: T0 : 0x104c4    : flw fa5, 0(a4)             : FloatMemRead :  D=0x0000000040800000 A=0x6f004
2980000: system.cpu: T0 : 0x104c8    : auipc a4, 95               : IntAlu :  D=0x000000000006f4c8
2980500: system.cpu: T0 : 0x104cc    : addi a4, a4, -1224         : IntAlu :  D=0x000000000006f000
2981000: system.cpu: T0 : 0x104d0    : c_slli a5, 2               : IntAlu :  D=0x0000000000000008
2981500: system.cpu: T0 : 0x104d2    : c_add a5, a4               : IntAlu :  D=0x000000000006f008
2982000: system.cpu: T0 : 0x104d4    : fsw fa5, 0(a5)             : FloatMemWrite :  D=0x0000000040800000 A=0x6f008
2982500: system.cpu: T0 : 0x104d8    : ld a5, -56(s0)             : MemRead :  D=0x0000000000000001 A=0x7ffffffffffffda8
2983000: system.cpu: T0 : 0x104dc    : c_addi a5, -1              : IntAlu :  D=0x0000000000000000
2984000: system.cpu: T0 : 0x104de    : sd a5, -56(s0)             : MemWrite :  D=0x0000000000000000 A=0x7ffffffffffffda8
2985000: system.cpu: T0 : 0x104e2    : ld a4, -56(s0)             : MemRead :  D=0x0000000000000000 A=0x7ffffffffffffda8
2986000: system.cpu: T0 : 0x104e6    : ld a5, -32(s0)             : MemRead :  D=0x0000000000000001 A=0x7ffffffffffffdc0
2987000: system.cpu: T0 : 0x104ea    : bgeu a4, a5, -90           : IntAlu : 
2987500: system.cpu: T0 : 0x104ee    : c_j 4                      : IntAlu : 
2988500: system.cpu: T0 : 0x104f2    : ld a5, -56(s0)             : MemRead :  D=0x0000000000000000 A=0x7ffffffffffffda8
2989000: system.cpu: T0 : 0x104f6    : c_addi a5, 1               : IntAlu :  D=0x0000000000000001
2989500: system.cpu: T0 : 0x104f8    : auipc a4, 95               : IntAlu :  D=0x000000000006f4f8
2990000: system.cpu: T0 : 0x104fc    : addi a4, a4, -1272         : IntAlu :  D=0x000000000006f000
2990500: system.cpu: T0 : 0x10500    : c_slli a5, 2               : IntAlu :  D=0x0000000000000004
2991000: system.cpu: T0 : 0x10502    : c_add a5, a4               : IntAlu :  D=0x000000000006f004
2991500: system.cpu: T0 : 0x10504    : flw fa5, -60(s0)           : FloatMemRead :  D=0x000000003f8ccccd A=0x7ffffffffffffda4
2992000: system.cpu: T0 : 0x10508    : fsw fa5, 0(a5)             : FloatMemWrite :  D=0x000000003f8ccccd A=0x6f004
2992500: system.cpu: T0 : 0x1050c    : ld a5, -40(s0)             : MemRead :  D=0x0000000000000003 A=0x7ffffffffffffdb8
2993000: system.cpu: T0 : 0x10510    : c_addi a5, 1               : IntAlu :  D=0x0000000000000004
2994000: system.cpu: T0 : 0x10512    : sd a5, -40(s0)             : MemWrite :  D=0x0000000000000004 A=0x7ffffffffffffdb8
2995000: system.cpu: T0 : 0x10516    : ld a4, -40(s0)             : MemRead :  D=0x0000000000000004 A=0x7ffffffffffffdb8
2996000: system.cpu: T0 : 0x1051a    : ld a5, -48(s0)             : MemRead :  D=0x0000000000000003 A=0x7ffffffffffffdb0
2997000: system.cpu: T0 : 0x1051e    : bgeu a5, a4, -178          : IntAlu : 
2998000: system.cpu: T0 : 0x10522    : lw a5, -72(s0)             : MemRead :  D=0x0000000000000002 A=0x7ffffffffffffd98
2998500: system.cpu: T0 : 0x10526    : c_addiw a5, 0              : IntAlu :  D=0x0000000000000002
2999000: system.cpu: T0 : 0x10528    : beq a5, zero, 1084         : IntAlu : 
2999500: system.cpu: T0 : 0x1052c    : lw a5, -72(s0)             : MemRead :  D=0x0000000000000002 A=0x7ffffffffffffd98
3000000: system.cpu: T0 : 0x10530    : addiw a4, a5, -1           : IntAlu :  D=0x0000000000000001
3000500: system.cpu: T0 : 0x10534    : sw a4, -72(s0)             : MemWrite :  D=0x0000000000000001 A=0x7ffffffffffffd98
3001000: system.cpu: T0 : 0x10538    : auipc a4, 96               : IntAlu :  D=0x0000000000070538
3001500: system.cpu: T0 : 0x1053c    : ld a4, 824(a4)             : MemRead :  D=0x00000000000719b0 A=0x70870
3002000: system.cpu: T0 : 0x10540    : c_slli a5, 2               : IntAlu :  D=0x0000000000000008
3002500: system.cpu: T0 : 0x10542    : c_add a5, a4               : IntAlu :  D=0x00000000000719b8
3003000: system.cpu: T0 : 0x10544    : c_lw a5, 0(a5)             : MemRead :  D=0x0000000000000013 A=0x719b8
3004000: system.cpu: T0 : 0x10546    : sd a5, -48(s0)             : MemWrite :  D=0x0000000000000013 A=0x7ffffffffffffdb0
3005000: system.cpu: T0 : 0x1054a    : lw a5, -72(s0)             : MemRead :  D=0x0000000000000001 A=0x7ffffffffffffd98
3006000: system.cpu: T0 : 0x1054e    : addiw a4, a5, -1           : IntAlu :  D=0x0000000000000000
3007000: system.cpu: T0 : 0x10552    : sw a4, -72(s0)             : MemWrite :  D=0x0000000000000000 A=0x7ffffffffffffd98
3008000: system.cpu: T0 : 0x10556    : auipc a4, 96               : IntAlu :  D=0x0000000000070556
3009000: system.cpu: T0 : 0x1055a    : ld a4, 794(a4)             : MemRead :  D=0x00000000000719b0 A=0x70870
3009500: system.cpu: T0 : 0x1055e    : c_slli a5, 2               : IntAlu :  D=0x0000000000000004
3010000: system.cpu: T0 : 0x10560    : c_add a5, a4               : IntAlu :  D=0x00000000000719b4
3010500: system.cpu: T0 : 0x10562    : c_lw a5, 0(a5)             : MemRead :  D=0x0000000000000005 A=0x719b4
3011000: system.cpu: T0 : 0x10564    : sd a5, -32(s0)             : MemWrite :  D=0x0000000000000005 A=0x7ffffffffffffdc0
3011500: system.cpu: T0 : 0x10568    : c_j -280                   : IntAlu : 
3012000: system.cpu: T0 : 0x10450    : ld a4, -48(s0)             : MemRead :  D=0x0000000000000013 A=0x7ffffffffffffdb0
3012500: system.cpu: T0 : 0x10454    : ld a5, -32(s0)             : MemRead :  D=0x0000000000000005 A=0x7ffffffffffffdc0
3013000: system.cpu: T0 : 0x10458    : c_sub a4, a5               : IntAlu :  D=0x000000000000000e
3013500: system.cpu: T0 : 0x1045a    : c_li a5, 6                 : IntAlu :  D=0x0000000000000006
3014000: system.cpu: T0 : 0x1045c    : bltu a5, a4, 270           : IntAlu : 
3015000: system.cpu: T0 : 0x1056a    : ld a4, -32(s0)             : MemRead :  D=0x0000000000000005 A=0x7ffffffffffffdc0
3016000: system.cpu: T0 : 0x1056e    : ld a5, -48(s0)             : MemRead :  D=0x0000000000000013 A=0x7ffffffffffffdb0
3016500: system.cpu: T0 : 0x10572    : c_add a5, a4               : IntAlu :  D=0x0000000000000018
3017000: system.cpu: T0 : 0x10574    : c_srli a5, 1               : IntAlu :  D=0x000000000000000c
3018000: system.cpu: T0 : 0x10576    : sd a5, -24(s0)             : MemWrite :  D=0x000000000000000c A=0x7ffffffffffffdc8
3019000: system.cpu: T0 : 0x1057a    : auipc a4, 95               : IntAlu :  D=0x000000000006f57a
3020000: system.cpu: T0 : 0x1057e    : addi a4, a4, -1402         : IntAlu :  D=0x000000000006f000
3021000: system.cpu: T0 : 0x10582    : ld a5, -24(s0)             : MemRead :  D=0x000000000000000c A=0x7ffffffffffffdc8
3021500: system.cpu: T0 : 0x10586    : c_slli a5, 2               : IntAlu :  D=0x0000000000000030
3022000: system.cpu: T0 : 0x10588    : c_add a5, a4               : IntAlu :  D=0x000000000006f030
3023000: system.cpu: T0 : 0x1058a    : flw fa5, 0(a5)             : FloatMemRead :  D=0x00000000435e3852 A=0x6f030
3024000: system.cpu: T0 : 0x1058e    : fsw fa5, -64(s0)           : FloatMemWrite :  D=0x00000000435e3852 A=0x7ffffffffffffda0
3025000: system.cpu: T0 : 0x10592    : ld a5, -32(s0)             : MemRead :  D=0x0000000000000005 A=0x7ffffffffffffdc0
3025500: system.cpu: T0 : 0x10596    : c_addi a5, 1               : IntAlu :  D=0x0000000000000006
3026000: system.cpu: T0 : 0x10598    : auipc a4, 95               : IntAlu :  D=0x000000000006f598
3026500: system.cpu: T0 : 0x1059c    : addi a4, a4, -1432         : IntAlu :  D=0x000000000006f000
3027000: system.cpu: T0 : 0x105a0    : c_slli a5, 2               : IntAlu :  D=0x0000000000000018
3027500: system.cpu: T0 : 0x105a2    : c_add a5, a4               : IntAlu :  D=0x000000000006f018
3028000: system.cpu: T0 : 0x105a4    : flw fa5, 0(a5)             : FloatMemRead :  D=0x0000000043670000 A=0x6f018
3028500: system.cpu: T0 : 0x105a8    : auipc a4, 95               : IntAlu :  D=0x000000000006f5a8
3029000: system.cpu: T0 : 0x105ac    : addi a4, a4, -1448         : IntAlu :  D=0x000000000006f000
3029500: system.cpu: T0 : 0x105b0    : ld a5, -24(s0)             : MemRead :  D=0x000000000000000c A=0x7ffffffffffffdc8
3030000: system.cpu: T0 : 0x105b4    : c_slli a5, 2               : IntAlu :  D=0x0000000000000030
3030500: system.cpu: T0 : 0x105b6    : c_add a5, a4               : IntAlu :  D=0x000000000006f030
3031000: system.cpu: T0 : 0x105b8    : fsw fa5, 0(a5)             : FloatMemWrite :  D=0x0000000043670000 A=0x6f030
3031500: system.cpu: T0 : 0x105bc    : ld a5, -32(s0)             : MemRead :  D=0x0000000000000005 A=0x7ffffffffffffdc0
3032000: system.cpu: T0 : 0x105c0    : c_addi a5, 1               : IntAlu :  D=0x0000000000000006
3033000: system.cpu: T0 : 0x105c2    : auipc a4, 95               : IntAlu :  D=0x000000000006f5c2
3034000: system.cpu: T0 : 0x105c6    : addi a4, a4, -1474         : IntAlu :  D=0x000000000006f000
3034500: system.cpu: T0 : 0x105ca    : c_slli a5, 2               : IntAlu :  D=0x0000000000000018
3035000: system.cpu: T0 : 0x105cc    : c_add a5, a4               : IntAlu :  D=0x000000000006f018
3036000: system.cpu: T0 : 0x105ce    : flw fa5, -64(s0)           : FloatMemRead :  D=0x00000000435e3852 A=0x7ffffffffffffda0
3037000: system.cpu: T0 : 0x105d2    : fsw fa5, 0(a5)             : FloatMemWrite :  D=0x00000000435e3852 A=0x6f018
3038000: system.cpu: T0 : 0x105d6    : auipc a4, 95               : IntAlu :  D=0x000000000006f5d6
3039000: system.cpu: T0 : 0x105da    : addi a4, a4, -1494         : IntAlu :  D=0x000000000006f000
3040000: system.cpu: T0 : 0x105de    : ld a5, -32(s0)             : MemRead :  D=0x0000000000000005 A=0x7ffffffffffffdc0
3040500: system.cpu: T0 : 0x105e2    : c_slli a5, 2               : IntAlu :  D=0x0000000000000014
3041000: system.cpu: T0 : 0x105e4    : c_add a5, a4               : IntAlu :  D=0x000000000006f014
3042000: system.cpu: T0 : 0x105e6    : flw fa4, 0(a5)             : FloatMemRead :  D=0x0000000042c80000 A=0x6f014
3043000: system.cpu: T0 : 0x105ea    : auipc a4, 95               : IntAlu :  D=0x000000000006f5ea
3044000: system.cpu: T0 : 0x105ee    : addi a4, a4, -1514         : IntAlu :  D=0x000000000006f000
3045000: system.cpu: T0 : 0x105f2    : ld a5, -48(s0)             : MemRead :  D=0x0000000000000013 A=0x7ffffffffffffdb0
3045500: system.cpu: T0 : 0x105f6    : c_slli a5, 2               : IntAlu :  D=0x000000000000004c
3046000: system.cpu: T0 : 0x105f8    : c_add a5, a4               : IntAlu :  D=0x000000000006f04c
3047000: system.cpu: T0 : 0x105fa    : flw fa5, 0(a5)             : FloatMemRead :  D=0x0000000042b1c28f A=0x6f04c
3048000: system.cpu: T0 : 0x105fe    : flt_s a5, fa5, fa4         : FloatCmp :  D=0x0000000000000001
3048500: system.cpu: T0 : 0x10602    : c_beqz a5, 90              : IntAlu : 
3049000: system.cpu: T0 : 0x10604    : auipc a4, 95               : IntAlu :  D=0x000000000006f604
3049500: system.cpu: T0 : 0x10608    : addi a4, a4, -1540         : IntAlu :  D=0x000000000006f000
3050000: system.cpu: T0 : 0x1060c    : ld a5, -32(s0)             : MemRead :  D=0x0000000000000005 A=0x7ffffffffffffdc0
3050500: system.cpu: T0 : 0x10610    : c_slli a5, 2               : IntAlu :  D=0x0000000000000014
3051000: system.cpu: T0 : 0x10612    : c_add a5, a4               : IntAlu :  D=0x000000000006f014
3051500: system.cpu: T0 : 0x10614    : flw fa5, 0(a5)             : FloatMemRead :  D=0x0000000042c80000 A=0x6f014
3052000: system.cpu: T0 : 0x10618    : fsw fa5, -64(s0)           : FloatMemWrite :  D=0x0000000042c80000 A=0x7ffffffffffffda0
3052500: system.cpu: T0 : 0x1061c    : auipc a4, 95               : IntAlu :  D=0x000000000006f61c
3053000: system.cpu: T0 : 0x10620    : addi a4, a4, -1564         : IntAlu :  D=0x000000000006f000
3053500: system.cpu: T0 : 0x10624    : ld a5, -48(s0)             : MemRead :  D=0x0000000000000013 A=0x7ffffffffffffdb0
3054000: system.cpu: T0 : 0x10628    : c_slli a5, 2               : IntAlu :  D=0x000000000000004c
3054500: system.cpu: T0 : 0x1062a    : c_add a5, a4               : IntAlu :  D=0x000000000006f04c
3055000: system.cpu: T0 : 0x1062c    : flw fa5, 0(a5)             : FloatMemRead :  D=0x0000000042b1c28f A=0x6f04c
3055500: system.cpu: T0 : 0x10630    : auipc a4, 95               : IntAlu :  D=0x000000000006f630
3056000: system.cpu: T0 : 0x10634    : addi a4, a4, -1584         : IntAlu :  D=0x000000000006f000
3056500: system.cpu: T0 : 0x10638    : ld a5, -32(s0)             : MemRead :  D=0x0000000000000005 A=0x7ffffffffffffdc0
3057000: system.cpu: T0 : 0x1063c    : c_slli a5, 2               : IntAlu :  D=0x0000000000000014
3057500: system.cpu: T0 : 0x1063e    : c_add a5, a4               : IntAlu :  D=0x000000000006f014
3058000: system.cpu: T0 : 0x10640    : fsw fa5, 0(a5)             : FloatMemWrite :  D=0x0000000042b1c28f A=0x6f014
3058500: system.cpu: T0 : 0x10644    : auipc a4, 95               : IntAlu :  D=0x000000000006f644
3059000: system.cpu: T0 : 0x10648    : addi a4, a4, -1604         : IntAlu :  D=0x000000000006f000
3059500: system.cpu: T0 : 0x1064c    : ld a5, -48(s0)             : MemRead :  D=0x0000000000000013 A=0x7ffffffffffffdb0
3060000: system.cpu: T0 : 0x10650    : c_slli a5, 2               : IntAlu :  D=0x000000000000004c
3060500: system.cpu: T0 : 0x10652    : c_add a5, a4               : IntAlu :  D=0x000000000006f04c
3061000: system.cpu: T0 : 0x10654    : flw fa5, -64(s0)           : FloatMemRead :  D=0x0000000042c80000 A=0x7ffffffffffffda0
3061500: system.cpu: T0 : 0x10658    : fsw fa5, 0(a5)             : FloatMemWrite :  D=0x0000000042c80000 A=0x6f04c
3062000: system.cpu: T0 : 0x1065c    : ld a5, -32(s0)             : MemRead :  D=0x0000000000000005 A=0x7ffffffffffffdc0
3062500: system.cpu: T0 : 0x10660    : c_addi a5, 1               : IntAlu :  D=0x0000000000000006
3063500: system.cpu: T0 : 0x10662    : auipc a4, 95               : IntAlu :  D=0x000000000006f662
3064500: system.cpu: T0 : 0x10666    : addi a4, a4, -1634         : IntAlu :  D=0x000000000006f000
3065000: system.cpu: T0 : 0x1066a    : c_slli a5, 2               : IntAlu :  D=0x0000000000000018
3065500: system.cpu: T0 : 0x1066c    : c_add a5, a4               : IntAlu :  D=0x000000000006f018
3066500: system.cpu: T0 : 0x1066e    : flw fa4, 0(a5)             : FloatMemRead :  D=0x00000000435e3852 A=0x6f018
3067500: system.cpu: T0 : 0x10672    : auipc a4, 95               : IntAlu :  D=0x000000000006f672
3068500: system.cpu: T0 : 0x10676    : addi a4, a4, -1650         : IntAlu :  D=0x000000000006f000
3069500: system.cpu: T0 : 0x1067a    : ld a5, -48(s0)             : MemRead :  D=0x0000000000000013 A=0x7ffffffffffffdb0
3070000: system.cpu: T0 : 0x1067e    : c_slli a5, 2               : IntAlu :  D=0x000000000000004c
3070500: system.cpu: T0 : 0x10680    : c_add a5, a4               : IntAlu :  D=0x000000000006f04c
3071500: system.cpu: T0 : 0x10682    : flw fa5, 0(a5)             : FloatMemRead :  D=0x0000000042c80000 A=0x6f04c
3072500: system.cpu: T0 : 0x10686    : flt_s a5, fa5, fa4         : FloatCmp :  D=0x0000000000000001
3073000: system.cpu: T0 : 0x1068a    : c_beqz a5, 94              : IntAlu : 
3073500: system.cpu: T0 : 0x1068c    : ld a5, -32(s0)             : MemRead :  D=0x0000000000000005 A=0x7ffffffffffffdc0
3074000: system.cpu: T0 : 0x10690    : c_addi a5, 1               : IntAlu :  D=0x0000000000000006
3075000: system.cpu: T0 : 0x10692    : auipc a4, 95               : IntAlu :  D=0x000000000006f692
3076000: system.cpu: T0 : 0x10696    : addi a4, a4, -1682         : IntAlu :  D=0x000000000006f000
3076500: system.cpu: T0 : 0x1069a    : c_slli a5, 2               : IntAlu :  D=0x0000000000000018
3077000: system.cpu: T0 : 0x1069c    : c_add a5, a4               : IntAlu :  D=0x000000000006f018
3078000: system.cpu: T0 : 0x1069e    : flw fa5, 0(a5)             : FloatMemRead :  D=0x00000000435e3852 A=0x6f018
3079000: system.cpu: T0 : 0x106a2    : fsw fa5, -64(s0)           : FloatMemWrite :  D=0x00000000435e3852 A=0x7ffffffffffffda0
3080000: system.cpu: T0 : 0x106a6    : ld a5, -32(s0)             : MemRead :  D=0x0000000000000005 A=0x7ffffffffffffdc0
3080500: system.cpu: T0 : 0x106aa    : c_addi a5, 1               : IntAlu :  D=0x0000000000000006
3081000: system.cpu: T0 : 0x106ac    : auipc a3, 95               : IntAlu :  D=0x000000000006f6ac
3081500: system.cpu: T0 : 0x106b0    : addi a3, a3, -1708         : IntAlu :  D=0x000000000006f000
3082000: system.cpu: T0 : 0x106b4    : ld a4, -48(s0)             : MemRead :  D=0x0000000000000013 A=0x7ffffffffffffdb0
3082500: system.cpu: T0 : 0x106b8    : c_slli a4, 2               : IntAlu :  D=0x000000000000004c
3083000: system.cpu: T0 : 0x106ba    : c_add a4, a3               : IntAlu :  D=0x000000000006f04c
3083500: system.cpu: T0 : 0x106bc    : flw fa5, 0(a4)             : FloatMemRead :  D=0x0000000042c80000 A=0x6f04c
3084000: system.cpu: T0 : 0x106c0    : auipc a4, 95               : IntAlu :  D=0x000000000006f6c0
3084500: system.cpu: T0 : 0x106c4    : addi a4, a4, -1728         : IntAlu :  D=0x000000000006f000
3085000: system.cpu: T0 : 0x106c8    : c_slli a5, 2               : IntAlu :  D=0x0000000000000018
3085500: system.cpu: T0 : 0x106ca    : c_add a5, a4               : IntAlu :  D=0x000000000006f018
3086000: system.cpu: T0 : 0x106cc    : fsw fa5, 0(a5)             : FloatMemWrite :  D=0x0000000042c80000 A=0x6f018
3086500: system.cpu: T0 : 0x106d0    : auipc a4, 95               : IntAlu :  D=0x000000000006f6d0
3087000: system.cpu: T0 : 0x106d4    : addi a4, a4, -1744         : IntAlu :  D=0x000000000006f000
3087500: system.cpu: T0 : 0x106d8    : ld a5, -48(s0)             : MemRead :  D=0x0000000000000013 A=0x7ffffffffffffdb0
3088000: system.cpu: T0 : 0x106dc    : c_slli a5, 2               : IntAlu :  D=0x000000000000004c
3088500: system.cpu: T0 : 0x106de    : c_add a5, a4               : IntAlu :  D=0x000000000006f04c
3089000: system.cpu: T0 : 0x106e0    : flw fa5, -64(s0)           : FloatMemRead :  D=0x00000000435e3852 A=0x7ffffffffffffda0
3089500: system.cpu: T0 : 0x106e4    : fsw fa5, 0(a5)             : FloatMemWrite :  D=0x00000000435e3852 A=0x6f04c
3090000: system.cpu: T0 : 0x106e8    : auipc a4, 95               : IntAlu :  D=0x000000000006f6e8
3090500: system.cpu: T0 : 0x106ec    : addi a4, a4, -1768         : IntAlu :  D=0x000000000006f000
3091000: system.cpu: T0 : 0x106f0    : ld a5, -32(s0)             : MemRead :  D=0x0000000000000005 A=0x7ffffffffffffdc0
3091500: system.cpu: T0 : 0x106f4    : c_slli a5, 2               : IntAlu :  D=0x0000000000000014
3092000: system.cpu: T0 : 0x106f6    : c_add a5, a4               : IntAlu :  D=0x000000000006f014
3092500: system.cpu: T0 : 0x106f8    : flw fa4, 0(a5)             : FloatMemRead :  D=0x0000000042b1c28f A=0x6f014
3093000: system.cpu: T0 : 0x106fc    : ld a5, -32(s0)             : MemRead :  D=0x0000000000000005 A=0x7ffffffffffffdc0
3093500: system.cpu: T0 : 0x10700    : c_addi a5, 1               : IntAlu :  D=0x0000000000000006
3094500: system.cpu: T0 : 0x10702    : auipc a4, 95               : IntAlu :  D=0x000000000006f702
3095500: system.cpu: T0 : 0x10706    : addi a4, a4, -1794         : IntAlu :  D=0x000000000006f000
3096000: system.cpu: T0 : 0x1070a    : c_slli a5, 2               : IntAlu :  D=0x0000000000000018
3096500: system.cpu: T0 : 0x1070c    : c_add a5, a4               : IntAlu :  D=0x000000000006f018
3097500: system.cpu: T0 : 0x1070e    : flw fa5, 0(a5)             : FloatMemRead :  D=0x0000000042c80000 A=0x6f018
3098500: system.cpu: T0 : 0x10712    : flt_s a5, fa5, fa4         : FloatCmp :  D=0x0000000000000000
3099000: system.cpu: T0 : 0x10716    : c_beqz a5, 94              : IntAlu : 
3099500: system.cpu: T0 : 0x10774    : ld a5, -32(s0)             : MemRead :  D=0x0000000000000005 A=0x7ffffffffffffdc0
3100000: system.cpu: T0 : 0x10778    : c_addi a5, 1               : IntAlu :  D=0x0000000000000006
3101000: system.cpu: T0 : 0x1077a    : sd a5, -56(s0)             : MemWrite :  D=0x0000000000000006 A=0x7ffffffffffffda8
3102000: system.cpu: T0 : 0x1077e    : ld a5, -48(s0)             : MemRead :  D=0x0000000000000013 A=0x7ffffffffffffdb0
3103000: system.cpu: T0 : 0x10782    : sd a5, -40(s0)             : MemWrite :  D=0x0000000000000013 A=0x7ffffffffffffdb8
3104000: system.cpu: T0 : 0x10786    : ld a5, -32(s0)             : MemRead :  D=0x0000000000000005 A=0x7ffffffffffffdc0
3104500: system.cpu: T0 : 0x1078a    : c_addi a5, 1               : IntAlu :  D=0x0000000000000006
3105000: system.cpu: T0 : 0x1078c    : auipc a4, 95               : IntAlu :  D=0x000000000006f78c
3105500: system.cpu: T0 : 0x10790    : addi a4, a4, -1932         : IntAlu :  D=0x000000000006f000
3106000: system.cpu: T0 : 0x10794    : c_slli a5, 2               : IntAlu :  D=0x0000000000000018
3106500: system.cpu: T0 : 0x10796    : c_add a5, a4               : IntAlu :  D=0x000000000006f018
3107000: system.cpu: T0 : 0x10798    : flw fa5, 0(a5)             : FloatMemRead :  D=0x0000000042c80000 A=0x6f018
3107500: system.cpu: T0 : 0x1079c    : fsw fa5, -60(s0)           : FloatMemWrite :  D=0x0000000042c80000 A=0x7ffffffffffffda4
3108000: system.cpu: T0 : 0x107a0    : ld a5, -56(s0)             : MemRead :  D=0x0000000000000006 A=0x7ffffffffffffda8
3108500: system.cpu: T0 : 0x107a4    : c_addi a5, 1               : IntAlu :  D=0x0000000000000007
3109500: system.cpu: T0 : 0x107a6    : sd a5, -56(s0)             : MemWrite :  D=0x0000000000000007 A=0x7ffffffffffffda8
3110000: system.cpu: T0 : 0x107aa    : c_j 12                     : IntAlu : 
3111000: system.cpu: T0 : 0x107b6    : auipc a4, 95               : IntAlu :  D=0x000000000006f7b6
3112000: system.cpu: T0 : 0x107ba    : addi a4, a4, -1974         : IntAlu :  D=0x000000000006f000
3113000: system.cpu: T0 : 0x107be    : ld a5, -56(s0)             : MemRead :  D=0x0000000000000007 A=0x7ffffffffffffda8
3113500: system.cpu: T0 : 0x107c2    : c_slli a5, 2               : IntAlu :  D=0x000000000000001c
3114000: system.cpu: T0 : 0x107c4    : c_add a5, a4               : IntAlu :  D=0x000000000006f01c
3115000: system.cpu: T0 : 0x107c6    : flw fa5, 0(a5)             : FloatMemRead :  D=0x0000000042de0000 A=0x6f01c
3116000: system.cpu: T0 : 0x107ca    : flw fa4, -60(s0)           : FloatMemRead :  D=0x0000000042c80000 A=0x7ffffffffffffda4
3117000: system.cpu: T0 : 0x107ce    : flt_s a5, fa5, fa4         : FloatCmp :  D=0x0000000000000000
3117500: system.cpu: T0 : 0x107d2    : c_bnez a5, -38             : IntAlu : 
3118000: system.cpu: T0 : 0x107d4    : ld a5, -40(s0)             : MemRead :  D=0x0000000000000013 A=0x7ffffffffffffdb8
3118500: system.cpu: T0 : 0x107d8    : c_addi a5, -1              : IntAlu :  D=0x0000000000000012
3119500: system.cpu: T0 : 0x107da    : sd a5, -40(s0)             : MemWrite :  D=0x0000000000000012 A=0x7ffffffffffffdb8
3120000: system.cpu: T0 : 0x107de    : c_j 12                     : IntAlu : 
3121000: system.cpu: T0 : 0x107ea    : auipc a4, 95               : IntAlu :  D=0x000000000006f7ea
3122000: system.cpu: T0 : 0x107ee    : addi a4, a4, -2026         : IntAlu :  D=0x000000000006f000
3123000: system.cpu: T0 : 0x107f2    : ld a5, -40(s0)             : MemRead :  D=0x0000000000000012 A=0x7ffffffffffffdb8
3123500: system.cpu: T0 : 0x107f6    : c_slli a5, 2               : IntAlu :  D=0x0000000000000048
3124000: system.cpu: T0 : 0x107f8    : c_add a5, a4               : IntAlu :  D=0x000000000006f048
3125000: system.cpu: T0 : 0x107fa    : flw fa5, 0(a5)             : FloatMemRead :  D=0x0000000042c7fae1 A=0x6f048
3126000: system.cpu: T0 : 0x107fe    : flw fa4, -60(s0)           : FloatMemRead :  D=0x0000000042c80000 A=0x7ffffffffffffda4
3127000: system.cpu: T0 : 0x10802    : flt_s a5, fa4, fa5         : FloatCmp :  D=0x0000000000000000
3127500: system.cpu: T0 : 0x10806    : c_bnez a5, -38             : IntAlu : 
3128000: system.cpu: T0 : 0x10808    : ld a4, -40(s0)             : MemRead :  D=0x0000000000000012 A=0x7ffffffffffffdb8
3128500: system.cpu: T0 : 0x1080c    : ld a5, -56(s0)             : MemRead :  D=0x0000000000000007 A=0x7ffffffffffffda8
3129000: system.cpu: T0 : 0x10810    : bltu a4, a5, 94            : IntAlu : 
3129500: system.cpu: T0 : 0x10814    : auipc a4, 94               : IntAlu :  D=0x000000000006e814
3130000: system.cpu: T0 : 0x10818    : addi a4, a4, 2028          : IntAlu :  D=0x000000000006f000
3130500: system.cpu: T0 : 0x1081c    : ld a5, -56(s0)             : MemRead :  D=0x0000000000000007 A=0x7ffffffffffffda8
3131000: system.cpu: T0 : 0x10820    : c_slli a5, 2               : IntAlu :  D=0x000000000000001c
3131500: system.cpu: T0 : 0x10822    : c_add a5, a4               : IntAlu :  D=0x000000000006f01c
3132000: system.cpu: T0 : 0x10824    : flw fa5, 0(a5)             : FloatMemRead :  D=0x0000000042de0000 A=0x6f01c
3132500: system.cpu: T0 : 0x10828    : fsw fa5, -64(s0)           : FloatMemWrite :  D=0x0000000042de0000 A=0x7ffffffffffffda0
3133000: system.cpu: T0 : 0x1082c    : auipc a4, 94               : IntAlu :  D=0x000000000006e82c
3133500: system.cpu: T0 : 0x10830    : addi a4, a4, 2004          : IntAlu :  D=0x000000000006f000
3134000: system.cpu: T0 : 0x10834    : ld a5, -40(s0)             : MemRead :  D=0x0000000000000012 A=0x7ffffffffffffdb8
3134500: system.cpu: T0 : 0x10838    : c_slli a5, 2               : IntAlu :  D=0x0000000000000048
3135000: system.cpu: T0 : 0x1083a    : c_add a5, a4               : IntAlu :  D=0x000000000006f048
3135500: system.cpu: T0 : 0x1083c    : flw fa5, 0(a5)             : FloatMemRead :  D=0x0000000042c7fae1 A=0x6f048
3136000: system.cpu: T0 : 0x10840    : auipc a4, 94               : IntAlu :  D=0x000000000006e840
3136500: system.cpu: T0 : 0x10844    : addi a4, a4, 1984          : IntAlu :  D=0x000000000006f000
3137000: system.cpu: T0 : 0x10848    : ld a5, -56(s0)             : MemRead :  D=0x0000000000000007 A=0x7ffffffffffffda8
3137500: system.cpu: T0 : 0x1084c    : c_slli a5, 2               : IntAlu :  D=0x000000000000001c
3138000: system.cpu: T0 : 0x1084e    : c_add a5, a4               : IntAlu :  D=0x000000000006f01c
3138500: system.cpu: T0 : 0x10850    : fsw fa5, 0(a5)             : FloatMemWrite :  D=0x0000000042c7fae1 A=0x6f01c
3139000: system.cpu: T0 : 0x10854    : auipc a4, 94               : IntAlu :  D=0x000000000006e854
3139500: system.cpu: T0 : 0x10858    : addi a4, a4, 1964          : IntAlu :  D=0x000000000006f000
3140000: system.cpu: T0 : 0x1085c    : ld a5, -40(s0)             : MemRead :  D=0x0000000000000012 A=0x7ffffffffffffdb8
3140500: system.cpu: T0 : 0x10860    : c_slli a5, 2               : IntAlu :  D=0x0000000000000048
3141000: system.cpu: T0 : 0x10862    : c_add a5, a4               : IntAlu :  D=0x000000000006f048
3141500: system.cpu: T0 : 0x10864    : flw fa5, -64(s0)           : FloatMemRead :  D=0x0000000042de0000 A=0x7ffffffffffffda0
3142000: system.cpu: T0 : 0x10868    : fsw fa5, 0(a5)             : FloatMemWrite :  D=0x0000000042de0000 A=0x6f048
3142500: system.cpu: T0 : 0x1086c    : c_j -204                   : IntAlu : 
3143000: system.cpu: T0 : 0x107a0    : ld a5, -56(s0)             : MemRead :  D=0x0000000000000007 A=0x7ffffffffffffda8
3143500: system.cpu: T0 : 0x107a4    : c_addi a5, 1               : IntAlu :  D=0x0000000000000008
3144500: system.cpu: T0 : 0x107a6    : sd a5, -56(s0)             : MemWrite :  D=0x0000000000000008 A=0x7ffffffffffffda8
3145000: system.cpu: T0 : 0x107aa    : c_j 12                     : IntAlu : 
3146000: system.cpu: T0 : 0x107b6    : auipc a4, 95               : IntAlu :  D=0x000000000006f7b6
3147000: system.cpu: T0 : 0x107ba    : addi a4, a4, -1974         : IntAlu :  D=0x000000000006f000
3148000: system.cpu: T0 : 0x107be    : ld a5, -56(s0)             : MemRead :  D=0x0000000000000008 A=0x7ffffffffffffda8
3148500: system.cpu: T0 : 0x107c2    : c_slli a5, 2               : IntAlu :  D=0x0000000000000020
3149000: system.cpu: T0 : 0x107c4    : c_add a5, a4               : IntAlu :  D=0x000000000006f020
3150000: system.cpu: T0 : 0x107c6    : flw fa5, 0(a5)             : FloatMemRead :  D=0x0000000042460000 A=0x6f020
3151000: system.cpu: T0 : 0x107ca    : flw fa4, -60(s0)           : FloatMemRead :  D=0x0000000042c80000 A=0x7ffffffffffffda4
3152000: system.cpu: T0 : 0x107ce    : flt_s a5, fa5, fa4         : FloatCmp :  D=0x0000000000000001
3152500: system.cpu: T0 : 0x107d2    : c_bnez a5, -38             : IntAlu : 
3153000: system.cpu: T0 : 0x107ac    : ld a5, -56(s0)             : MemRead :  D=0x0000000000000008 A=0x7ffffffffffffda8
3153500: system.cpu: T0 : 0x107b0    : c_addi a5, 1               : IntAlu :  D=0x0000000000000009
3154500: system.cpu: T0 : 0x107b2    : sd a5, -56(s0)             : MemWrite :  D=0x0000000000000009 A=0x7ffffffffffffda8
3155500: system.cpu: T0 : 0x107b6    : auipc a4, 95               : IntAlu :  D=0x000000000006f7b6
3156500: system.cpu: T0 : 0x107ba    : addi a4, a4, -1974         : IntAlu :  D=0x000000000006f000
3157500: system.cpu: T0 : 0x107be    : ld a5, -56(s0)             : MemRead :  D=0x0000000000000009 A=0x7ffffffffffffda8
3158000: system.cpu: T0 : 0x107c2    : c_slli a5, 2               : IntAlu :  D=0x0000000000000024
3158500: system.cpu: T0 : 0x107c4    : c_add a5, a4               : IntAlu :  D=0x000000000006f024
3159500: system.cpu: T0 : 0x107c6    : flw fa5, 0(a5)             : FloatMemRead :  D=0x0000000042c60000 A=0x6f024
3160500: system.cpu: T0 : 0x107ca    : flw fa4, -60(s0)           : FloatMemRead :  D=0x0000000042c80000 A=0x7ffffffffffffda4
3161500: system.cpu: T0 : 0x107ce    : flt_s a5, fa5, fa4         : FloatCmp :  D=0x0000000000000001
3162000: system.cpu: T0 : 0x107d2    : c_bnez a5, -38             : IntAlu : 
3162500: system.cpu: T0 : 0x107ac    : ld a5, -56(s0)             : MemRead :  D=0x0000000000000009 A=0x7ffffffffffffda8
3163000: system.cpu: T0 : 0x107b0    : c_addi a5, 1               : IntAlu :  D=0x000000000000000a
3164000: system.cpu: T0 : 0x107b2    : sd a5, -56(s0)             : MemWrite :  D=0x000000000000000a A=0x7ffffffffffffda8
3165000: system.cpu: T0 : 0x107b6    : auipc a4, 95               : IntAlu :  D=0x000000000006f7b6
3166000: system.cpu: T0 : 0x107ba    : addi a4, a4, -1974         : IntAlu :  D=0x000000000006f000
3167000: system.cpu: T0 : 0x107be    : ld a5, -56(s0)             : MemRead :  D=0x000000000000000a A=0x7ffffffffffffda8
3167500: system.cpu: T0 : 0x107c2    : c_slli a5, 2               : IntAlu :  D=0x0000000000000028
3168000: system.cpu: T0 : 0x107c4    : c_add a5, a4               : IntAlu :  D=0x000000000006f028
3169000: system.cpu: T0 : 0x107c6    : flw fa5, 0(a5)             : FloatMemRead :  D=0x000000004124cccd A=0x6f028
3170000: system.cpu: T0 : 0x107ca    : flw fa4, -60(s0)           : FloatMemRead :  D=0x0000000042c80000 A=0x7ffffffffffffda4
3171000: system.cpu: T0 : 0x107ce    : flt_s a5, fa5, fa4         : FloatCmp :  D=0x0000000000000001
3171500: system.cpu: T0 : 0x107d2    : c_bnez a5, -38             : IntAlu : 
3172000: system.cpu: T0 : 0x107ac    : ld a5, -56(s0)             : MemRead :  D=0x000000000000000a A=0x7ffffffffffffda8
3172500: system.cpu: T0 : 0x107b0    : c_addi a5, 1               : IntAlu :  D=0x000000000000000b
3173500: system.cpu: T0 : 0x107b2    : sd a5, -56(s0)             : MemWrite :  D=0x000000000000000b A=0x7ffffffffffffda8
3174500: system.cpu: T0 : 0x107b6    : auipc a4, 95               : IntAlu :  D=0x000000000006f7b6
3175500: system.cpu: T0 : 0x107ba    : addi a4, a4, -1974         : IntAlu :  D=0x000000000006f000
3176500: system.cpu: T0 : 0x107be    : ld a5, -56(s0)             : MemRead :  D=0x000000000000000b A=0x7ffffffffffffda8
3177000: system.cpu: T0 : 0x107c2    : c_slli a5, 2               : IntAlu :  D=0x000000000000002c
3177500: system.cpu: T0 : 0x107c4    : c_add a5, a4               : IntAlu :  D=0x000000000006f02c
3178500: system.cpu: T0 : 0x107c6    : flw fa5, 0(a5)             : FloatMemRead :  D=0x0000000043160000 A=0x6f02c
3179500: system.cpu: T0 : 0x107ca    : flw fa4, -60(s0)           : FloatMemRead :  D=0x0000000042c80000 A=0x7ffffffffffffda4
3180500: system.cpu: T0 : 0x107ce    : flt_s a5, fa5, fa4         : FloatCmp :  D=0x0000000000000000
3181000: system.cpu: T0 : 0x107d2    : c_bnez a5, -38             : IntAlu : 
3181500: system.cpu: T0 : 0x107d4    : ld a5, -40(s0)             : MemRead :  D=0x0000000000000012 A=0x7ffffffffffffdb8
3182000: system.cpu: T0 : 0x107d8    : c_addi a5, -1              : IntAlu :  D=0x0000000000000011
3183000: system.cpu: T0 : 0x107da    : sd a5, -40(s0)             : MemWrite :  D=0x0000000000000011 A=0x7ffffffffffffdb8
3183500: system.cpu: T0 : 0x107de    : c_j 12                     : IntAlu : 
3184500: system.cpu: T0 : 0x107ea    : auipc a4, 95               : IntAlu :  D=0x000000000006f7ea
3185500: system.cpu: T0 : 0x107ee    : addi a4, a4, -2026         : IntAlu :  D=0x000000000006f000
3186500: system.cpu: T0 : 0x107f2    : ld a5, -40(s0)             : MemRead :  D=0x0000000000000011 A=0x7ffffffffffffdb8
3187000: system.cpu: T0 : 0x107f6    : c_slli a5, 2               : IntAlu :  D=0x0000000000000044
3187500: system.cpu: T0 : 0x107f8    : c_add a5, a4               : IntAlu :  D=0x000000000006f044
3188500: system.cpu: T0 : 0x107fa    : flw fa5, 0(a5)             : FloatMemRead :  D=0x0000000041a451ec A=0x6f044
3189500: system.cpu: T0 : 0x107fe    : flw fa4, -60(s0)           : FloatMemRead :  D=0x0000000042c80000 A=0x7ffffffffffffda4
3190500: system.cpu: T0 : 0x10802    : flt_s a5, fa4, fa5         : FloatCmp :  D=0x0000000000000000
3191000: system.cpu: T0 : 0x10806    : c_bnez a5, -38             : IntAlu : 
3191500: system.cpu: T0 : 0x10808    : ld a4, -40(s0)             : MemRead :  D=0x0000000000000011 A=0x7ffffffffffffdb8
3192000: system.cpu: T0 : 0x1080c    : ld a5, -56(s0)             : MemRead :  D=0x000000000000000b A=0x7ffffffffffffda8
3192500: system.cpu: T0 : 0x10810    : bltu a4, a5, 94            : IntAlu : 
3193000: system.cpu: T0 : 0x10814    : auipc a4, 94               : IntAlu :  D=0x000000000006e814
3193500: system.cpu: T0 : 0x10818    : addi a4, a4, 2028          : IntAlu :  D=0x000000000006f000
3194000: system.cpu: T0 : 0x1081c    : ld a5, -56(s0)             : MemRead :  D=0x000000000000000b A=0x7ffffffffffffda8
3194500: system.cpu: T0 : 0x10820    : c_slli a5, 2               : IntAlu :  D=0x000000000000002c
3195000: system.cpu: T0 : 0x10822    : c_add a5, a4               : IntAlu :  D=0x000000000006f02c
3195500: system.cpu: T0 : 0x10824    : flw fa5, 0(a5)             : FloatMemRead :  D=0x0000000043160000 A=0x6f02c
3196000: system.cpu: T0 : 0x10828    : fsw fa5, -64(s0)           : FloatMemWrite :  D=0x0000000043160000 A=0x7ffffffffffffda0
3196500: system.cpu: T0 : 0x1082c    : auipc a4, 94               : IntAlu :  D=0x000000000006e82c
3197000: system.cpu: T0 : 0x10830    : addi a4, a4, 2004          : IntAlu :  D=0x000000000006f000
3197500: system.cpu: T0 : 0x10834    : ld a5, -40(s0)             : MemRead :  D=0x0000000000000011 A=0x7ffffffffffffdb8
3198000: system.cpu: T0 : 0x10838    : c_slli a5, 2               : IntAlu :  D=0x0000000000000044
3198500: system.cpu: T0 : 0x1083a    : c_add a5, a4               : IntAlu :  D=0x000000000006f044
3199000: system.cpu: T0 : 0x1083c    : flw fa5, 0(a5)             : FloatMemRead :  D=0x0000000041a451ec A=0x6f044
3199500: system.cpu: T0 : 0x10840    : auipc a4, 94               : IntAlu :  D=0x000000000006e840
3200000: system.cpu: T0 : 0x10844    : addi a4, a4, 1984          : IntAlu :  D=0x000000000006f000
3200500: system.cpu: T0 : 0x10848    : ld a5, -56(s0)             : MemRead :  D=0x000000000000000b A=0x7ffffffffffffda8
3201000: system.cpu: T0 : 0x1084c    : c_slli a5, 2               : IntAlu :  D=0x000000000000002c
3201500: system.cpu: T0 : 0x1084e    : c_add a5, a4               : IntAlu :  D=0x000000000006f02c
3202000: system.cpu: T0 : 0x10850    : fsw fa5, 0(a5)             : FloatMemWrite :  D=0x0000000041a451ec A=0x6f02c
3202500: system.cpu: T0 : 0x10854    : auipc a4, 94               : IntAlu :  D=0x000000000006e854
3203000: system.cpu: T0 : 0x10858    : addi a4, a4, 1964          : IntAlu :  D=0x000000000006f000
3203500: system.cpu: T0 : 0x1085c    : ld a5, -40(s0)             : MemRead :  D=0x0000000000000011 A=0x7ffffffffffffdb8
3204000: system.cpu: T0 : 0x10860    : c_slli a5, 2               : IntAlu :  D=0x0000000000000044
3204500: system.cpu: T0 : 0x10862    : c_add a5, a4               : IntAlu :  D=0x000000000006f044
3205000: system.cpu: T0 : 0x10864    : flw fa5, -64(s0)           : FloatMemRead :  D=0x0000000043160000 A=0x7ffffffffffffda0
3205500: system.cpu: T0 : 0x10868    : fsw fa5, 0(a5)             : FloatMemWrite :  D=0x0000000043160000 A=0x6f044
3206000: system.cpu: T0 : 0x1086c    : c_j -204                   : IntAlu : 
3206500: system.cpu: T0 : 0x107a0    : ld a5, -56(s0)             : MemRead :  D=0x000000000000000b A=0x7ffffffffffffda8
3207000: system.cpu: T0 : 0x107a4    : c_addi a5, 1               : IntAlu :  D=0x000000000000000c
3208000: system.cpu: T0 : 0x107a6    : sd a5, -56(s0)             : MemWrite :  D=0x000000000000000c A=0x7ffffffffffffda8
3208500: system.cpu: T0 : 0x107aa    : c_j 12                     : IntAlu : 
3209500: system.cpu: T0 : 0x107b6    : auipc a4, 95               : IntAlu :  D=0x000000000006f7b6
3210500: system.cpu: T0 : 0x107ba    : addi a4, a4, -1974         : IntAlu :  D=0x000000000006f000
3211500: system.cpu: T0 : 0x107be    : ld a5, -56(s0)             : MemRead :  D=0x000000000000000c A=0x7ffffffffffffda8
3212000: system.cpu: T0 : 0x107c2    : c_slli a5, 2               : IntAlu :  D=0x0000000000000030
3212500: system.cpu: T0 : 0x107c4    : c_add a5, a4               : IntAlu :  D=0x000000000006f030
3213500: system.cpu: T0 : 0x107c6    : flw fa5, 0(a5)             : FloatMemRead :  D=0x0000000043670000 A=0x6f030
3214500: system.cpu: T0 : 0x107ca    : flw fa4, -60(s0)           : FloatMemRead :  D=0x0000000042c80000 A=0x7ffffffffffffda4
3215500: system.cpu: T0 : 0x107ce    : flt_s a5, fa5, fa4         : FloatCmp :  D=0x0000000000000000
3216000: system.cpu: T0 : 0x107d2    : c_bnez a5, -38             : IntAlu : 
3216500: system.cpu: T0 : 0x107d4    : ld a5, -40(s0)             : MemRead :  D=0x0000000000000011 A=0x7ffffffffffffdb8
3217000: system.cpu: T0 : 0x107d8    : c_addi a5, -1              : IntAlu :  D=0x0000000000000010
3218000: system.cpu: T0 : 0x107da    : sd a5, -40(s0)             : MemWrite :  D=0x0000000000000010 A=0x7ffffffffffffdb8
3218500: system.cpu: T0 : 0x107de    : c_j 12                     : IntAlu : 
3219500: system.cpu: T0 : 0x107ea    : auipc a4, 95               : IntAlu :  D=0x000000000006f7ea
3220500: system.cpu: T0 : 0x107ee    : addi a4, a4, -2026         : IntAlu :  D=0x000000000006f000
3221500: system.cpu: T0 : 0x107f2    : ld a5, -40(s0)             : MemRead :  D=0x0000000000000010 A=0x7ffffffffffffdb8
3222000: system.cpu: T0 : 0x107f6    : c_slli a5, 2               : IntAlu :  D=0x0000000000000040
3222500: system.cpu: T0 : 0x107f8    : c_add a5, a4               : IntAlu :  D=0x000000000006f040
3223500: system.cpu: T0 : 0x107fa    : flw fa5, 0(a5)             : FloatMemRead :  D=0x00000000420c0000 A=0x6f040
3224500: system.cpu: T0 : 0x107fe    : flw fa4, -60(s0)           : FloatMemRead :  D=0x0000000042c80000 A=0x7ffffffffffffda4
3225500: system.cpu: T0 : 0x10802    : flt_s a5, fa4, fa5         : FloatCmp :  D=0x0000000000000000
3226000: system.cpu: T0 : 0x10806    : c_bnez a5, -38             : IntAlu : 
3226500: system.cpu: T0 : 0x10808    : ld a4, -40(s0)             : MemRead :  D=0x0000000000000010 A=0x7ffffffffffffdb8
3227000: system.cpu: T0 : 0x1080c    : ld a5, -56(s0)             : MemRead :  D=0x000000000000000c A=0x7ffffffffffffda8
3227500: system.cpu: T0 : 0x10810    : bltu a4, a5, 94            : IntAlu : 
3228000: system.cpu: T0 : 0x10814    : auipc a4, 94               : IntAlu :  D=0x000000000006e814
3228500: system.cpu: T0 : 0x10818    : addi a4, a4, 2028          : IntAlu :  D=0x000000000006f000
3229000: system.cpu: T0 : 0x1081c    : ld a5, -56(s0)             : MemRead :  D=0x000000000000000c A=0x7ffffffffffffda8
3229500: system.cpu: T0 : 0x10820    : c_slli a5, 2               : IntAlu :  D=0x0000000000000030
3230000: system.cpu: T0 : 0x10822    : c_add a5, a4               : IntAlu :  D=0x000000000006f030
3230500: system.cpu: T0 : 0x10824    : flw fa5, 0(a5)             : FloatMemRead :  D=0x0000000043670000 A=0x6f030
3231000: system.cpu: T0 : 0x10828    : fsw fa5, -64(s0)           : FloatMemWrite :  D=0x0000000043670000 A=0x7ffffffffffffda0
3231500: system.cpu: T0 : 0x1082c    : auipc a4, 94               : IntAlu :  D=0x000000000006e82c
3232000: system.cpu: T0 : 0x10830    : addi a4, a4, 2004          : IntAlu :  D=0x000000000006f000
3232500: system.cpu: T0 : 0x10834    : ld a5, -40(s0)             : MemRead :  D=0x0000000000000010 A=0x7ffffffffffffdb8
3233000: system.cpu: T0 : 0x10838    : c_slli a5, 2               : IntAlu :  D=0x0000000000000040
3233500: system.cpu: T0 : 0x1083a    : c_add a5, a4               : IntAlu :  D=0x000000000006f040
3234000: system.cpu: T0 : 0x1083c    : flw fa5, 0(a5)             : FloatMemRead :  D=0x00000000420c0000 A=0x6f040
3234500: system.cpu: T0 : 0x10840    : auipc a4, 94               : IntAlu :  D=0x000000000006e840
3235000: system.cpu: T0 : 0x10844    : addi a4, a4, 1984          : IntAlu :  D=0x000000000006f000
3235500: system.cpu: T0 : 0x10848    : ld a5, -56(s0)             : MemRead :  D=0x000000000000000c A=0x7ffffffffffffda8
3236000: system.cpu: T0 : 0x1084c    : c_slli a5, 2               : IntAlu :  D=0x0000000000000030
3236500: system.cpu: T0 : 0x1084e    : c_add a5, a4               : IntAlu :  D=0x000000000006f030
3237000: system.cpu: T0 : 0x10850    : fsw fa5, 0(a5)             : FloatMemWrite :  D=0x00000000420c0000 A=0x6f030
3237500: system.cpu: T0 : 0x10854    : auipc a4, 94               : IntAlu :  D=0x000000000006e854
3238000: system.cpu: T0 : 0x10858    : addi a4, a4, 1964          : IntAlu :  D=0x000000000006f000
3238500: system.cpu: T0 : 0x1085c    : ld a5, -40(s0)             : MemRead :  D=0x0000000000000010 A=0x7ffffffffffffdb8
3239000: system.cpu: T0 : 0x10860    : c_slli a5, 2               : IntAlu :  D=0x0000000000000040
3239500: system.cpu: T0 : 0x10862    : c_add a5, a4               : IntAlu :  D=0x000000000006f040
3240000: system.cpu: T0 : 0x10864    : flw fa5, -64(s0)           : FloatMemRead :  D=0x0000000043670000 A=0x7ffffffffffffda0
3240500: system.cpu: T0 : 0x10868    : fsw fa5, 0(a5)             : FloatMemWrite :  D=0x0000000043670000 A=0x6f040
3241000: system.cpu: T0 : 0x1086c    : c_j -204                   : IntAlu : 
3241500: system.cpu: T0 : 0x107a0    : ld a5, -56(s0)             : MemRead :  D=0x000000000000000c A=0x7ffffffffffffda8
3242000: system.cpu: T0 : 0x107a4    : c_addi a5, 1               : IntAlu :  D=0x000000000000000d
3243000: system.cpu: T0 : 0x107a6    : sd a5, -56(s0)             : MemWrite :  D=0x000000000000000d A=0x7ffffffffffffda8
3243500: system.cpu: T0 : 0x107aa    : c_j 12                     : IntAlu : 
3244500: system.cpu: T0 : 0x107b6    : auipc a4, 95               : IntAlu :  D=0x000000000006f7b6
3245500: system.cpu: T0 : 0x107ba    : addi a4, a4, -1974         : IntAlu :  D=0x000000000006f000
3246500: system.cpu: T0 : 0x107be    : ld a5, -56(s0)             : MemRead :  D=0x000000000000000d A=0x7ffffffffffffda8
3247000: system.cpu: T0 : 0x107c2    : c_slli a5, 2               : IntAlu :  D=0x0000000000000034
3247500: system.cpu: T0 : 0x107c4    : c_add a5, a4               : IntAlu :  D=0x000000000006f034
3248500: system.cpu: T0 : 0x107c6    : flw fa5, 0(a5)             : FloatMemRead :  D=0x0000000042ca0000 A=0x6f034
3249500: system.cpu: T0 : 0x107ca    : flw fa4, -60(s0)           : FloatMemRead :  D=0x0000000042c80000 A=0x7ffffffffffffda4
3250500: system.cpu: T0 : 0x107ce    : flt_s a5, fa5, fa4         : FloatCmp :  D=0x0000000000000000
3251000: system.cpu: T0 : 0x107d2    : c_bnez a5, -38             : IntAlu : 
3251500: system.cpu: T0 : 0x107d4    : ld a5, -40(s0)             : MemRead :  D=0x0000000000000010 A=0x7ffffffffffffdb8
3252000: system.cpu: T0 : 0x107d8    : c_addi a5, -1              : IntAlu :  D=0x000000000000000f
3253000: system.cpu: T0 : 0x107da    : sd a5, -40(s0)             : MemWrite :  D=0x000000000000000f A=0x7ffffffffffffdb8
3253500: system.cpu: T0 : 0x107de    : c_j 12                     : IntAlu : 
3254500: system.cpu: T0 : 0x107ea    : auipc a4, 95               : IntAlu :  D=0x000000000006f7ea
3255500: system.cpu: T0 : 0x107ee    : addi a4, a4, -2026         : IntAlu :  D=0x000000000006f000
3256500: system.cpu: T0 : 0x107f2    : ld a5, -40(s0)             : MemRead :  D=0x000000000000000f A=0x7ffffffffffffdb8
3257000: system.cpu: T0 : 0x107f6    : c_slli a5, 2               : IntAlu :  D=0x000000000000003c
3257500: system.cpu: T0 : 0x107f8    : c_add a5, a4               : IntAlu :  D=0x000000000006f03c
3258500: system.cpu: T0 : 0x107fa    : flw fa5, 0(a5)             : FloatMemRead :  D=0x0000000042300000 A=0x6f03c
3259500: system.cpu: T0 : 0x107fe    : flw fa4, -60(s0)           : FloatMemRead :  D=0x0000000042c80000 A=0x7ffffffffffffda4
3260500: system.cpu: T0 : 0x10802    : flt_s a5, fa4, fa5         : FloatCmp :  D=0x0000000000000000
3261000: system.cpu: T0 : 0x10806    : c_bnez a5, -38             : IntAlu : 
3261500: system.cpu: T0 : 0x10808    : ld a4, -40(s0)             : MemRead :  D=0x000000000000000f A=0x7ffffffffffffdb8
3262000: system.cpu: T0 : 0x1080c    : ld a5, -56(s0)             : MemRead :  D=0x000000000000000d A=0x7ffffffffffffda8
3262500: system.cpu: T0 : 0x10810    : bltu a4, a5, 94            : IntAlu : 
3263000: system.cpu: T0 : 0x10814    : auipc a4, 94               : IntAlu :  D=0x000000000006e814
3263500: system.cpu: T0 : 0x10818    : addi a4, a4, 2028          : IntAlu :  D=0x000000000006f000
3264000: system.cpu: T0 : 0x1081c    : ld a5, -56(s0)             : MemRead :  D=0x000000000000000d A=0x7ffffffffffffda8
3264500: system.cpu: T0 : 0x10820    : c_slli a5, 2               : IntAlu :  D=0x0000000000000034
3265000: system.cpu: T0 : 0x10822    : c_add a5, a4               : IntAlu :  D=0x000000000006f034
3265500: system.cpu: T0 : 0x10824    : flw fa5, 0(a5)             : FloatMemRead :  D=0x0000000042ca0000 A=0x6f034
3266000: system.cpu: T0 : 0x10828    : fsw fa5, -64(s0)           : FloatMemWrite :  D=0x0000000042ca0000 A=0x7ffffffffffffda0
3266500: system.cpu: T0 : 0x1082c    : auipc a4, 94               : IntAlu :  D=0x000000000006e82c
3267000: system.cpu: T0 : 0x10830    : addi a4, a4, 2004          : IntAlu :  D=0x000000000006f000
3267500: system.cpu: T0 : 0x10834    : ld a5, -40(s0)             : MemRead :  D=0x000000000000000f A=0x7ffffffffffffdb8
3268000: system.cpu: T0 : 0x10838    : c_slli a5, 2               : IntAlu :  D=0x000000000000003c
3268500: system.cpu: T0 : 0x1083a    : c_add a5, a4               : IntAlu :  D=0x000000000006f03c
3269000: system.cpu: T0 : 0x1083c    : flw fa5, 0(a5)             : FloatMemRead :  D=0x0000000042300000 A=0x6f03c
3269500: system.cpu: T0 : 0x10840    : auipc a4, 94               : IntAlu :  D=0x000000000006e840
3270000: system.cpu: T0 : 0x10844    : addi a4, a4, 1984          : IntAlu :  D=0x000000000006f000
3270500: system.cpu: T0 : 0x10848    : ld a5, -56(s0)             : MemRead :  D=0x000000000000000d A=0x7ffffffffffffda8
3271000: system.cpu: T0 : 0x1084c    : c_slli a5, 2               : IntAlu :  D=0x0000000000000034
3271500: system.cpu: T0 : 0x1084e    : c_add a5, a4               : IntAlu :  D=0x000000000006f034
3272000: system.cpu: T0 : 0x10850    : fsw fa5, 0(a5)             : FloatMemWrite :  D=0x0000000042300000 A=0x6f034
3272500: system.cpu: T0 : 0x10854    : auipc a4, 94               : IntAlu :  D=0x000000000006e854
3273000: system.cpu: T0 : 0x10858    : addi a4, a4, 1964          : IntAlu :  D=0x000000000006f000
3273500: system.cpu: T0 : 0x1085c    : ld a5, -40(s0)             : MemRead :  D=0x000000000000000f A=0x7ffffffffffffdb8
3274000: system.cpu: T0 : 0x10860    : c_slli a5, 2               : IntAlu :  D=0x000000000000003c
3274500: system.cpu: T0 : 0x10862    : c_add a5, a4               : IntAlu :  D=0x000000000006f03c
3275000: system.cpu: T0 : 0x10864    : flw fa5, -64(s0)           : FloatMemRead :  D=0x0000000042ca0000 A=0x7ffffffffffffda0
3275500: system.cpu: T0 : 0x10868    : fsw fa5, 0(a5)             : FloatMemWrite :  D=0x0000000042ca0000 A=0x6f03c
3276000: system.cpu: T0 : 0x1086c    : c_j -204                   : IntAlu : 
3276500: system.cpu: T0 : 0x107a0    : ld a5, -56(s0)             : MemRead :  D=0x000000000000000d A=0x7ffffffffffffda8
3277000: system.cpu: T0 : 0x107a4    : c_addi a5, 1               : IntAlu :  D=0x000000000000000e
3278000: system.cpu: T0 : 0x107a6    : sd a5, -56(s0)             : MemWrite :  D=0x000000000000000e A=0x7ffffffffffffda8
3278500: system.cpu: T0 : 0x107aa    : c_j 12                     : IntAlu : 
3279500: system.cpu: T0 : 0x107b6    : auipc a4, 95               : IntAlu :  D=0x000000000006f7b6
3280500: system.cpu: T0 : 0x107ba    : addi a4, a4, -1974         : IntAlu :  D=0x000000000006f000
3281500: system.cpu: T0 : 0x107be    : ld a5, -56(s0)             : MemRead :  D=0x000000000000000e A=0x7ffffffffffffda8
3282000: system.cpu: T0 : 0x107c2    : c_slli a5, 2               : IntAlu :  D=0x0000000000000038
3282500: system.cpu: T0 : 0x107c4    : c_add a5, a4               : IntAlu :  D=0x000000000006f038
3283500: system.cpu: T0 : 0x107c6    : flw fa5, 0(a5)             : FloatMemRead :  D=0x00000000429a0000 A=0x6f038
3284500: system.cpu: T0 : 0x107ca    : flw fa4, -60(s0)           : FloatMemRead :  D=0x0000000042c80000 A=0x7ffffffffffffda4
3285500: system.cpu: T0 : 0x107ce    : flt_s a5, fa5, fa4         : FloatCmp :  D=0x0000000000000001
3286000: system.cpu: T0 : 0x107d2    : c_bnez a5, -38             : IntAlu : 
3286500: system.cpu: T0 : 0x107ac    : ld a5, -56(s0)             : MemRead :  D=0x000000000000000e A=0x7ffffffffffffda8
3287000: system.cpu: T0 : 0x107b0    : c_addi a5, 1               : IntAlu :  D=0x000000000000000f
3288000: system.cpu: T0 : 0x107b2    : sd a5, -56(s0)             : MemWrite :  D=0x000000000000000f A=0x7ffffffffffffda8
3289000: system.cpu: T0 : 0x107b6    : auipc a4, 95               : IntAlu :  D=0x000000000006f7b6
3290000: system.cpu: T0 : 0x107ba    : addi a4, a4, -1974         : IntAlu :  D=0x000000000006f000
3291000: system.cpu: T0 : 0x107be    : ld a5, -56(s0)             : MemRead :  D=0x000000000000000f A=0x7ffffffffffffda8
3291500: system.cpu: T0 : 0x107c2    : c_slli a5, 2               : IntAlu :  D=0x000000000000003c
3292000: system.cpu: T0 : 0x107c4    : c_add a5, a4               : IntAlu :  D=0x000000000006f03c
3293000: system.cpu: T0 : 0x107c6    : flw fa5, 0(a5)             : FloatMemRead :  D=0x0000000042ca0000 A=0x6f03c
3294000: system.cpu: T0 : 0x107ca    : flw fa4, -60(s0)           : FloatMemRead :  D=0x0000000042c80000 A=0x7ffffffffffffda4
3295000: system.cpu: T0 : 0x107ce    : flt_s a5, fa5, fa4         : FloatCmp :  D=0x0000000000000000
3295500: system.cpu: T0 : 0x107d2    : c_bnez a5, -38             : IntAlu : 
3296000: system.cpu: T0 : 0x107d4    : ld a5, -40(s0)             : MemRead :  D=0x000000000000000f A=0x7ffffffffffffdb8
3296500: system.cpu: T0 : 0x107d8    : c_addi a5, -1              : IntAlu :  D=0x000000000000000e
3297500: system.cpu: T0 : 0x107da    : sd a5, -40(s0)             : MemWrite :  D=0x000000000000000e A=0x7ffffffffffffdb8
3298000: system.cpu: T0 : 0x107de    : c_j 12                     : IntAlu : 
3299000: system.cpu: T0 : 0x107ea    : auipc a4, 95               : IntAlu :  D=0x000000000006f7ea
3300000: system.cpu: T0 : 0x107ee    : addi a4, a4, -2026         : IntAlu :  D=0x000000000006f000
3301000: system.cpu: T0 : 0x107f2    : ld a5, -40(s0)             : MemRead :  D=0x000000000000000e A=0x7ffffffffffffdb8
3301500: system.cpu: T0 : 0x107f6    : c_slli a5, 2               : IntAlu :  D=0x0000000000000038
3302000: system.cpu: T0 : 0x107f8    : c_add a5, a4               : IntAlu :  D=0x000000000006f038
3303000: system.cpu: T0 : 0x107fa    : flw fa5, 0(a5)             : FloatMemRead :  D=0x00000000429a0000 A=0x6f038
3304000: system.cpu: T0 : 0x107fe    : flw fa4, -60(s0)           : FloatMemRead :  D=0x0000000042c80000 A=0x7ffffffffffffda4
3305000: system.cpu: T0 : 0x10802    : flt_s a5, fa4, fa5         : FloatCmp :  D=0x0000000000000000
3305500: system.cpu: T0 : 0x10806    : c_bnez a5, -38             : IntAlu : 
3306000: system.cpu: T0 : 0x10808    : ld a4, -40(s0)             : MemRead :  D=0x000000000000000e A=0x7ffffffffffffdb8
3306500: system.cpu: T0 : 0x1080c    : ld a5, -56(s0)             : MemRead :  D=0x000000000000000f A=0x7ffffffffffffda8
3307000: system.cpu: T0 : 0x10810    : bltu a4, a5, 94            : IntAlu : 
3307500: system.cpu: T0 : 0x1086e    : c_addi zero, 0             : IntAlu :  D=0x0000000000000000
3308000: system.cpu: T0 : 0x10870    : ld a5, -32(s0)             : MemRead :  D=0x0000000000000005 A=0x7ffffffffffffdc0
3308500: system.cpu: T0 : 0x10874    : c_addi a5, 1               : IntAlu :  D=0x0000000000000006
3309500: system.cpu: T0 : 0x10876    : auipc a3, 94               : IntAlu :  D=0x000000000006e876
3310500: system.cpu: T0 : 0x1087a    : addi a3, a3, 1930          : IntAlu :  D=0x000000000006f000
3311500: system.cpu: T0 : 0x1087e    : ld a4, -40(s0)             : MemRead :  D=0x000000000000000e A=0x7ffffffffffffdb8
3312000: system.cpu: T0 : 0x10882    : c_slli a4, 2               : IntAlu :  D=0x0000000000000038
3312500: system.cpu: T0 : 0x10884    : c_add a4, a3               : IntAlu :  D=0x000000000006f038
3313500: system.cpu: T0 : 0x10886    : flw fa5, 0(a4)             : FloatMemRead :  D=0x00000000429a0000 A=0x6f038
3314500: system.cpu: T0 : 0x1088a    : auipc a4, 94               : IntAlu :  D=0x000000000006e88a
3315500: system.cpu: T0 : 0x1088e    : addi a4, a4, 1910          : IntAlu :  D=0x000000000006f000
3316000: system.cpu: T0 : 0x10892    : c_slli a5, 2               : IntAlu :  D=0x0000000000000018
3316500: system.cpu: T0 : 0x10894    : c_add a5, a4               : IntAlu :  D=0x000000000006f018
3317500: system.cpu: T0 : 0x10896    : fsw fa5, 0(a5)             : FloatMemWrite :  D=0x00000000429a0000 A=0x6f018
3318500: system.cpu: T0 : 0x1089a    : auipc a4, 94               : IntAlu :  D=0x000000000006e89a
3319500: system.cpu: T0 : 0x1089e    : addi a4, a4, 1894          : IntAlu :  D=0x000000000006f000
3320500: system.cpu: T0 : 0x108a2    : ld a5, -40(s0)             : MemRead :  D=0x000000000000000e A=0x7ffffffffffffdb8
3321000: system.cpu: T0 : 0x108a6    : c_slli a5, 2               : IntAlu :  D=0x0000000000000038
3321500: system.cpu: T0 : 0x108a8    : c_add a5, a4               : IntAlu :  D=0x000000000006f038
3322500: system.cpu: T0 : 0x108aa    : flw fa5, -60(s0)           : FloatMemRead :  D=0x0000000042c80000 A=0x7ffffffffffffda4
3323500: system.cpu: T0 : 0x108ae    : fsw fa5, 0(a5)             : FloatMemWrite :  D=0x0000000042c80000 A=0x6f038
3324500: system.cpu: T0 : 0x108b2    : lw a5, -72(s0)             : MemRead :  D=0x0000000000000000 A=0x7ffffffffffffd98
3325000: system.cpu: T0 : 0x108b6    : c_addiw a5, 2              : IntAlu :  D=0x0000000000000002
3325500: system.cpu: T0 : 0x108b8    : sw a5, -72(s0)             : MemWrite :  D=0x0000000000000002 A=0x7ffffffffffffd98
3326000: system.cpu: T0 : 0x108bc    : ld a4, -48(s0)             : MemRead :  D=0x0000000000000013 A=0x7ffffffffffffdb0
3326500: system.cpu: T0 : 0x108c0    : ld a5, -56(s0)             : MemRead :  D=0x000000000000000f A=0x7ffffffffffffda8
3327000: system.cpu: T0 : 0x108c4    : sub a5, a4, a5             : IntAlu :  D=0x0000000000000004
3327500: system.cpu: T0 : 0x108c8    : addi a4, a5, 1             : IntAlu :  D=0x0000000000000005
3328000: system.cpu: T0 : 0x108cc    : ld a3, -40(s0)             : MemRead :  D=0x000000000000000e A=0x7ffffffffffffdb8
3328500: system.cpu: T0 : 0x108d0    : ld a5, -32(s0)             : MemRead :  D=0x0000000000000005 A=0x7ffffffffffffdc0
3329000: system.cpu: T0 : 0x108d4    : sub a5, a3, a5             : IntAlu :  D=0x0000000000000009
3329500: system.cpu: T0 : 0x108d8    : bltu a4, a5, 70            : IntAlu : 
3330500: system.cpu: T0 : 0x1091e    : ld a5, -40(s0)             : MemRead :  D=0x000000000000000e A=0x7ffffffffffffdb8
3331000: system.cpu: T0 : 0x10922    : c_addiw a5, 0              : IntAlu :  D=0x000000000000000e
3331500: system.cpu: T0 : 0x10924    : c_addiw a5, -1             : IntAlu :  D=0x000000000000000d
3332000: system.cpu: T0 : 0x10926    : c_addiw a5, 0              : IntAlu :  D=0x000000000000000d
3332500: system.cpu: T0 : 0x10928    : addiw a4, a5, 0            : IntAlu :  D=0x000000000000000d
3333000: system.cpu: T0 : 0x1092c    : auipc a3, 96               : IntAlu :  D=0x000000000007092c
3333500: system.cpu: T0 : 0x10930    : ld a3, -188(a3)            : MemRead :  D=0x00000000000719b0 A=0x70870
3334000: system.cpu: T0 : 0x10934    : lw a5, -72(s0)             : MemRead :  D=0x0000000000000002 A=0x7ffffffffffffd98
3334500: system.cpu: T0 : 0x10938    : c_slli a5, 2               : IntAlu :  D=0x0000000000000008
3335000: system.cpu: T0 : 0x1093a    : c_add a5, a3               : IntAlu :  D=0x00000000000719b8
3335500: system.cpu: T0 : 0x1093c    : c_sw a4, 0(a5)             : MemWrite :  D=0x000000000000000d A=0x719b8
3336500: system.cpu: T0 : 0x1093e    : lw a5, -72(s0)             : MemRead :  D=0x0000000000000002 A=0x7ffffffffffffd98
3337000: system.cpu: T0 : 0x10942    : c_addiw a5, -1             : IntAlu :  D=0x0000000000000001
3337500: system.cpu: T0 : 0x10944    : c_addiw a5, 0              : IntAlu :  D=0x0000000000000001
3338500: system.cpu: T0 : 0x10946    : ld a4, -32(s0)             : MemRead :  D=0x0000000000000005 A=0x7ffffffffffffdc0
3339000: system.cpu: T0 : 0x1094a    : c_addiw a4, 0              : IntAlu :  D=0x0000000000000005
3339500: system.cpu: T0 : 0x1094c    : auipc a3, 96               : IntAlu :  D=0x000000000007094c
3340000: system.cpu: T0 : 0x10950    : ld a3, -220(a3)            : MemRead :  D=0x00000000000719b0 A=0x70870
3340500: system.cpu: T0 : 0x10954    : c_slli a5, 2               : IntAlu :  D=0x0000000000000004
3341000: system.cpu: T0 : 0x10956    : c_add a5, a3               : IntAlu :  D=0x00000000000719b4
3341500: system.cpu: T0 : 0x10958    : c_sw a4, 0(a5)             : MemWrite :  D=0x0000000000000005 A=0x719b4
3342500: system.cpu: T0 : 0x1095a    : ld a5, -56(s0)             : MemRead :  D=0x000000000000000f A=0x7ffffffffffffda8
3343500: system.cpu: T0 : 0x1095e    : sd a5, -32(s0)             : MemWrite :  D=0x000000000000000f A=0x7ffffffffffffdc0
3344000: system.cpu: T0 : 0x10962    : c_j -1298                  : IntAlu : 
3344500: system.cpu: T0 : 0x10450    : ld a4, -48(s0)             : MemRead :  D=0x0000000000000013 A=0x7ffffffffffffdb0
3345000: system.cpu: T0 : 0x10454    : ld a5, -32(s0)             : MemRead :  D=0x000000000000000f A=0x7ffffffffffffdc0
3345500: system.cpu: T0 : 0x10458    : c_sub a4, a5               : IntAlu :  D=0x0000000000000004
3346000: system.cpu: T0 : 0x1045a    : c_li a5, 6                 : IntAlu :  D=0x0000000000000006
3346500: system.cpu: T0 : 0x1045c    : bltu a5, a4, 270           : IntAlu : 
3347000: system.cpu: T0 : 0x10460    : ld a5, -32(s0)             : MemRead :  D=0x000000000000000f A=0x7ffffffffffffdc0
3347500: system.cpu: T0 : 0x10464    : c_addi a5, 1               : IntAlu :  D=0x0000000000000010
3348500: system.cpu: T0 : 0x10466    : sd a5, -40(s0)             : MemWrite :  D=0x0000000000000010 A=0x7ffffffffffffdb8
3349000: system.cpu: T0 : 0x1046a    : c_j 172                    : IntAlu : 
3350000: system.cpu: T0 : 0x10516    : ld a4, -40(s0)             : MemRead :  D=0x0000000000000010 A=0x7ffffffffffffdb8
3351000: system.cpu: T0 : 0x1051a    : ld a5, -48(s0)             : MemRead :  D=0x0000000000000013 A=0x7ffffffffffffdb0
3352000: system.cpu: T0 : 0x1051e    : bgeu a5, a4, -178          : IntAlu : 
3352500: system.cpu: T0 : 0x1046c    : auipc a4, 95               : IntAlu :  D=0x000000000006f46c
3353000: system.cpu: T0 : 0x10470    : addi a4, a4, -1132         : IntAlu :  D=0x000000000006f000
3353500: system.cpu: T0 : 0x10474    : ld a5, -40(s0)             : MemRead :  D=0x0000000000000010 A=0x7ffffffffffffdb8
3354000: system.cpu: T0 : 0x10478    : c_slli a5, 2               : IntAlu :  D=0x0000000000000040
3354500: system.cpu: T0 : 0x1047a    : c_add a5, a4               : IntAlu :  D=0x000000000006f040
3355000: system.cpu: T0 : 0x1047c    : flw fa5, 0(a5)             : FloatMemRead :  D=0x0000000043670000 A=0x6f040
3355500: system.cpu: T0 : 0x10480    : fsw fa5, -60(s0)           : FloatMemWrite :  D=0x0000000043670000 A=0x7ffffffffffffda4
3356000: system.cpu: T0 : 0x10484    : ld a5, -40(s0)             : MemRead :  D=0x0000000000000010 A=0x7ffffffffffffdb8
3356500: system.cpu: T0 : 0x10488    : c_addi a5, -1              : IntAlu :  D=0x000000000000000f
3357500: system.cpu: T0 : 0x1048a    : sd a5, -56(s0)             : MemWrite :  D=0x000000000000000f A=0x7ffffffffffffda8
3358000: system.cpu: T0 : 0x1048e    : c_j 84                     : IntAlu : 
3359000: system.cpu: T0 : 0x104e2    : ld a4, -56(s0)             : MemRead :  D=0x000000000000000f A=0x7ffffffffffffda8
3360000: system.cpu: T0 : 0x104e6    : ld a5, -32(s0)             : MemRead :  D=0x000000000000000f A=0x7ffffffffffffdc0
3361000: system.cpu: T0 : 0x104ea    : bgeu a4, a5, -90           : IntAlu : 
3361500: system.cpu: T0 : 0x10490    : auipc a4, 95               : IntAlu :  D=0x000000000006f490
3362000: system.cpu: T0 : 0x10494    : addi a4, a4, -1168         : IntAlu :  D=0x000000000006f000
3362500: system.cpu: T0 : 0x10498    : ld a5, -56(s0)             : MemRead :  D=0x000000000000000f A=0x7ffffffffffffda8
3363000: system.cpu: T0 : 0x1049c    : c_slli a5, 2               : IntAlu :  D=0x000000000000003c
3363500: system.cpu: T0 : 0x1049e    : c_add a5, a4               : IntAlu :  D=0x000000000006f03c
3364000: system.cpu: T0 : 0x104a0    : flw fa5, 0(a5)             : FloatMemRead :  D=0x0000000042ca0000 A=0x6f03c
3364500: system.cpu: T0 : 0x104a4    : flw fa4, -60(s0)           : FloatMemRead :  D=0x0000000043670000 A=0x7ffffffffffffda4
3365000: system.cpu: T0 : 0x104a8    : fle_s a5, fa5, fa4         : FloatCmp :  D=0x0000000000000001
3365500: system.cpu: T0 : 0x104ac    : c_bnez a5, 68              : IntAlu : 
3366000: system.cpu: T0 : 0x104f0    : c_addi zero, 0             : IntAlu :  D=0x0000000000000000
3367000: system.cpu: T0 : 0x104f2    : ld a5, -56(s0)             : MemRead :  D=0x000000000000000f A=0x7ffffffffffffda8
3367500: system.cpu: T0 : 0x104f6    : c_addi a5, 1               : IntAlu :  D=0x0000000000000010
3368000: system.cpu: T0 : 0x104f8    : auipc a4, 95               : IntAlu :  D=0x000000000006f4f8
3368500: system.cpu: T0 : 0x104fc    : addi a4, a4, -1272         : IntAlu :  D=0x000000000006f000
3369000: system.cpu: T0 : 0x10500    : c_slli a5, 2               : IntAlu :  D=0x0000000000000040
3369500: system.cpu: T0 : 0x10502    : c_add a5, a4               : IntAlu :  D=0x000000000006f040
3370000: system.cpu: T0 : 0x10504    : flw fa5, -60(s0)           : FloatMemRead :  D=0x0000000043670000 A=0x7ffffffffffffda4
3370500: system.cpu: T0 : 0x10508    : fsw fa5, 0(a5)             : FloatMemWrite :  D=0x0000000043670000 A=0x6f040
3371000: system.cpu: T0 : 0x1050c    : ld a5, -40(s0)             : MemRead :  D=0x0000000000000010 A=0x7ffffffffffffdb8
3371500: system.cpu: T0 : 0x10510    : c_addi a5, 1               : IntAlu :  D=0x0000000000000011
3372500: system.cpu: T0 : 0x10512    : sd a5, -40(s0)             : MemWrite :  D=0x0000000000000011 A=0x7ffffffffffffdb8
3373500: system.cpu: T0 : 0x10516    : ld a4, -40(s0)             : MemRead :  D=0x0000000000000011 A=0x7ffffffffffffdb8
3374500: system.cpu: T0 : 0x1051a    : ld a5, -48(s0)             : MemRead :  D=0x0000000000000013 A=0x7ffffffffffffdb0
3375500: system.cpu: T0 : 0x1051e    : bgeu a5, a4, -178          : IntAlu : 
3376000: system.cpu: T0 : 0x1046c    : auipc a4, 95               : IntAlu :  D=0x000000000006f46c
3376500: system.cpu: T0 : 0x10470    : addi a4, a4, -1132         : IntAlu :  D=0x000000000006f000
3377000: system.cpu: T0 : 0x10474    : ld a5, -40(s0)             : MemRead :  D=0x0000000000000011 A=0x7ffffffffffffdb8
3377500: system.cpu: T0 : 0x10478    : c_slli a5, 2               : IntAlu :  D=0x0000000000000044
3378000: system.cpu: T0 : 0x1047a    : c_add a5, a4               : IntAlu :  D=0x000000000006f044
3378500: system.cpu: T0 : 0x1047c    : flw fa5, 0(a5)             : FloatMemRead :  D=0x0000000043160000 A=0x6f044
3379000: system.cpu: T0 : 0x10480    : fsw fa5, -60(s0)           : FloatMemWrite :  D=0x0000000043160000 A=0x7ffffffffffffda4
3379500: system.cpu: T0 : 0x10484    : ld a5, -40(s0)             : MemRead :  D=0x0000000000000011 A=0x7ffffffffffffdb8
3380000: system.cpu: T0 : 0x10488    : c_addi a5, -1              : IntAlu :  D=0x0000000000000010
3381000: system.cpu: T0 : 0x1048a    : sd a5, -56(s0)             : MemWrite :  D=0x0000000000000010 A=0x7ffffffffffffda8
3381500: system.cpu: T0 : 0x1048e    : c_j 84                     : IntAlu : 
3382500: system.cpu: T0 : 0x104e2    : ld a4, -56(s0)             : MemRead :  D=0x0000000000000010 A=0x7ffffffffffffda8
3383500: system.cpu: T0 : 0x104e6    : ld a5, -32(s0)             : MemRead :  D=0x000000000000000f A=0x7ffffffffffffdc0
3384500: system.cpu: T0 : 0x104ea    : bgeu a4, a5, -90           : IntAlu : 
3385000: system.cpu: T0 : 0x10490    : auipc a4, 95               : IntAlu :  D=0x000000000006f490
3385500: system.cpu: T0 : 0x10494    : addi a4, a4, -1168         : IntAlu :  D=0x000000000006f000
3386000: system.cpu: T0 : 0x10498    : ld a5, -56(s0)             : MemRead :  D=0x0000000000000010 A=0x7ffffffffffffda8
3386500: system.cpu: T0 : 0x1049c    : c_slli a5, 2               : IntAlu :  D=0x0000000000000040
3387000: system.cpu: T0 : 0x1049e    : c_add a5, a4               : IntAlu :  D=0x000000000006f040
3387500: system.cpu: T0 : 0x104a0    : flw fa5, 0(a5)             : FloatMemRead :  D=0x0000000043670000 A=0x6f040
3388000: system.cpu: T0 : 0x104a4    : flw fa4, -60(s0)           : FloatMemRead :  D=0x0000000043160000 A=0x7ffffffffffffda4
3388500: system.cpu: T0 : 0x104a8    : fle_s a5, fa5, fa4         : FloatCmp :  D=0x0000000000000000
3389000: system.cpu: T0 : 0x104ac    : c_bnez a5, 68              : IntAlu : 
3390000: system.cpu: T0 : 0x104ae    : ld a5, -56(s0)             : MemRead :  D=0x0000000000000010 A=0x7ffffffffffffda8
3390500: system.cpu: T0 : 0x104b2    : c_addi a5, 1               : IntAlu :  D=0x0000000000000011
3391000: system.cpu: T0 : 0x104b4    : auipc a3, 95               : IntAlu :  D=0x000000000006f4b4
3391500: system.cpu: T0 : 0x104b8    : addi a3, a3, -1204         : IntAlu :  D=0x000000000006f000
3392000: system.cpu: T0 : 0x104bc    : ld a4, -56(s0)             : MemRead :  D=0x0000000000000010 A=0x7ffffffffffffda8
3392500: system.cpu: T0 : 0x104c0    : c_slli a4, 2               : IntAlu :  D=0x0000000000000040
3393000: system.cpu: T0 : 0x104c2    : c_add a4, a3               : IntAlu :  D=0x000000000006f040
3393500: system.cpu: T0 : 0x104c4    : flw fa5, 0(a4)             : FloatMemRead :  D=0x0000000043670000 A=0x6f040
3394000: system.cpu: T0 : 0x104c8    : auipc a4, 95               : IntAlu :  D=0x000000000006f4c8
3394500: system.cpu: T0 : 0x104cc    : addi a4, a4, -1224         : IntAlu :  D=0x000000000006f000
3395000: system.cpu: T0 : 0x104d0    : c_slli a5, 2               : IntAlu :  D=0x0000000000000044
3395500: system.cpu: T0 : 0x104d2    : c_add a5, a4               : IntAlu :  D=0x000000000006f044
3396000: system.cpu: T0 : 0x104d4    : fsw fa5, 0(a5)             : FloatMemWrite :  D=0x0000000043670000 A=0x6f044
3396500: system.cpu: T0 : 0x104d8    : ld a5, -56(s0)             : MemRead :  D=0x0000000000000010 A=0x7ffffffffffffda8
3397000: system.cpu: T0 : 0x104dc    : c_addi a5, -1              : IntAlu :  D=0x000000000000000f
3398000: system.cpu: T0 : 0x104de    : sd a5, -56(s0)             : MemWrite :  D=0x000000000000000f A=0x7ffffffffffffda8
3399000: system.cpu: T0 : 0x104e2    : ld a4, -56(s0)             : MemRead :  D=0x000000000000000f A=0x7ffffffffffffda8
3400000: system.cpu: T0 : 0x104e6    : ld a5, -32(s0)             : MemRead :  D=0x000000000000000f A=0x7ffffffffffffdc0
3401000: system.cpu: T0 : 0x104ea    : bgeu a4, a5, -90           : IntAlu : 
3401500: system.cpu: T0 : 0x10490    : auipc a4, 95               : IntAlu :  D=0x000000000006f490
3402000: system.cpu: T0 : 0x10494    : addi a4, a4, -1168         : IntAlu :  D=0x000000000006f000
3402500: system.cpu: T0 : 0x10498    : ld a5, -56(s0)             : MemRead :  D=0x000000000000000f A=0x7ffffffffffffda8
3403000: system.cpu: T0 : 0x1049c    : c_slli a5, 2               : IntAlu :  D=0x000000000000003c
3403500: system.cpu: T0 : 0x1049e    : c_add a5, a4               : IntAlu :  D=0x000000000006f03c
3404000: system.cpu: T0 : 0x104a0    : flw fa5, 0(a5)             : FloatMemRead :  D=0x0000000042ca0000 A=0x6f03c
3404500: system.cpu: T0 : 0x104a4    : flw fa4, -60(s0)           : FloatMemRead :  D=0x0000000043160000 A=0x7ffffffffffffda4
3405000: system.cpu: T0 : 0x104a8    : fle_s a5, fa5, fa4         : FloatCmp :  D=0x0000000000000001
3405500: system.cpu: T0 : 0x104ac    : c_bnez a5, 68              : IntAlu : 
3406000: system.cpu: T0 : 0x104f0    : c_addi zero, 0             : IntAlu :  D=0x0000000000000000
3407000: system.cpu: T0 : 0x104f2    : ld a5, -56(s0)             : MemRead :  D=0x000000000000000f A=0x7ffffffffffffda8
3407500: system.cpu: T0 : 0x104f6    : c_addi a5, 1               : IntAlu :  D=0x0000000000000010
3408000: system.cpu: T0 : 0x104f8    : auipc a4, 95               : IntAlu :  D=0x000000000006f4f8
3408500: system.cpu: T0 : 0x104fc    : addi a4, a4, -1272         : IntAlu :  D=0x000000000006f000
3409000: system.cpu: T0 : 0x10500    : c_slli a5, 2               : IntAlu :  D=0x0000000000000040
3409500: system.cpu: T0 : 0x10502    : c_add a5, a4               : IntAlu :  D=0x000000000006f040
3410000: system.cpu: T0 : 0x10504    : flw fa5, -60(s0)           : FloatMemRead :  D=0x0000000043160000 A=0x7ffffffffffffda4
3410500: system.cpu: T0 : 0x10508    : fsw fa5, 0(a5)             : FloatMemWrite :  D=0x0000000043160000 A=0x6f040
3411000: system.cpu: T0 : 0x1050c    : ld a5, -40(s0)             : MemRead :  D=0x0000000000000011 A=0x7ffffffffffffdb8
3411500: system.cpu: T0 : 0x10510    : c_addi a5, 1               : IntAlu :  D=0x0000000000000012
3412500: system.cpu: T0 : 0x10512    : sd a5, -40(s0)             : MemWrite :  D=0x0000000000000012 A=0x7ffffffffffffdb8
3413500: system.cpu: T0 : 0x10516    : ld a4, -40(s0)             : MemRead :  D=0x0000000000000012 A=0x7ffffffffffffdb8
3414500: system.cpu: T0 : 0x1051a    : ld a5, -48(s0)             : MemRead :  D=0x0000000000000013 A=0x7ffffffffffffdb0
3415500: system.cpu: T0 : 0x1051e    : bgeu a5, a4, -178          : IntAlu : 
3416000: system.cpu: T0 : 0x1046c    : auipc a4, 95               : IntAlu :  D=0x000000000006f46c
3416500: system.cpu: T0 : 0x10470    : addi a4, a4, -1132         : IntAlu :  D=0x000000000006f000
3417000: system.cpu: T0 : 0x10474    : ld a5, -40(s0)             : MemRead :  D=0x0000000000000012 A=0x7ffffffffffffdb8
3417500: system.cpu: T0 : 0x10478    : c_slli a5, 2               : IntAlu :  D=0x0000000000000048
3418000: system.cpu: T0 : 0x1047a    : c_add a5, a4               : IntAlu :  D=0x000000000006f048
3418500: system.cpu: T0 : 0x1047c    : flw fa5, 0(a5)             : FloatMemRead :  D=0x0000000042de0000 A=0x6f048
3419000: system.cpu: T0 : 0x10480    : fsw fa5, -60(s0)           : FloatMemWrite :  D=0x0000000042de0000 A=0x7ffffffffffffda4
3419500: system.cpu: T0 : 0x10484    : ld a5, -40(s0)             : MemRead :  D=0x0000000000000012 A=0x7ffffffffffffdb8
3420000: system.cpu: T0 : 0x10488    : c_addi a5, -1              : IntAlu :  D=0x0000000000000011
3421000: system.cpu: T0 : 0x1048a    : sd a5, -56(s0)             : MemWrite :  D=0x0000000000000011 A=0x7ffffffffffffda8
3421500: system.cpu: T0 : 0x1048e    : c_j 84                     : IntAlu : 
3422500: system.cpu: T0 : 0x104e2    : ld a4, -56(s0)             : MemRead :  D=0x0000000000000011 A=0x7ffffffffffffda8
3423500: system.cpu: T0 : 0x104e6    : ld a5, -32(s0)             : MemRead :  D=0x000000000000000f A=0x7ffffffffffffdc0
3424500: system.cpu: T0 : 0x104ea    : bgeu a4, a5, -90           : IntAlu : 
3425000: system.cpu: T0 : 0x10490    : auipc a4, 95               : IntAlu :  D=0x000000000006f490
3425500: system.cpu: T0 : 0x10494    : addi a4, a4, -1168         : IntAlu :  D=0x000000000006f000
3426000: system.cpu: T0 : 0x10498    : ld a5, -56(s0)             : MemRead :  D=0x0000000000000011 A=0x7ffffffffffffda8
3426500: system.cpu: T0 : 0x1049c    : c_slli a5, 2               : IntAlu :  D=0x0000000000000044
3427000: system.cpu: T0 : 0x1049e    : c_add a5, a4               : IntAlu :  D=0x000000000006f044
3427500: system.cpu: T0 : 0x104a0    : flw fa5, 0(a5)             : FloatMemRead :  D=0x0000000043670000 A=0x6f044
3428000: system.cpu: T0 : 0x104a4    : flw fa4, -60(s0)           : FloatMemRead :  D=0x0000000042de0000 A=0x7ffffffffffffda4
3428500: system.cpu: T0 : 0x104a8    : fle_s a5, fa5, fa4         : FloatCmp :  D=0x0000000000000000
3429000: system.cpu: T0 : 0x104ac    : c_bnez a5, 68              : IntAlu : 
3430000: system.cpu: T0 : 0x104ae    : ld a5, -56(s0)             : MemRead :  D=0x0000000000000011 A=0x7ffffffffffffda8
3430500: system.cpu: T0 : 0x104b2    : c_addi a5, 1               : IntAlu :  D=0x0000000000000012
3431000: system.cpu: T0 : 0x104b4    : auipc a3, 95               : IntAlu :  D=0x000000000006f4b4
3431500: system.cpu: T0 : 0x104b8    : addi a3, a3, -1204         : IntAlu :  D=0x000000000006f000
3432000: system.cpu: T0 : 0x104bc    : ld a4, -56(s0)             : MemRead :  D=0x0000000000000011 A=0x7ffffffffffffda8
3432500: system.cpu: T0 : 0x104c0    : c_slli a4, 2               : IntAlu :  D=0x0000000000000044
3433000: system.cpu: T0 : 0x104c2    : c_add a4, a3               : IntAlu :  D=0x000000000006f044
3433500: system.cpu: T0 : 0x104c4    : flw fa5, 0(a4)             : FloatMemRead :  D=0x0000000043670000 A=0x6f044
3434000: system.cpu: T0 : 0x104c8    : auipc a4, 95               : IntAlu :  D=0x000000000006f4c8
3434500: system.cpu: T0 : 0x104cc    : addi a4, a4, -1224         : IntAlu :  D=0x000000000006f000
3435000: system.cpu: T0 : 0x104d0    : c_slli a5, 2               : IntAlu :  D=0x0000000000000048
3435500: system.cpu: T0 : 0x104d2    : c_add a5, a4               : IntAlu :  D=0x000000000006f048
3436000: system.cpu: T0 : 0x104d4    : fsw fa5, 0(a5)             : FloatMemWrite :  D=0x0000000043670000 A=0x6f048
3436500: system.cpu: T0 : 0x104d8    : ld a5, -56(s0)             : MemRead :  D=0x0000000000000011 A=0x7ffffffffffffda8
3437000: system.cpu: T0 : 0x104dc    : c_addi a5, -1              : IntAlu :  D=0x0000000000000010
3438000: system.cpu: T0 : 0x104de    : sd a5, -56(s0)             : MemWrite :  D=0x0000000000000010 A=0x7ffffffffffffda8
3439000: system.cpu: T0 : 0x104e2    : ld a4, -56(s0)             : MemRead :  D=0x0000000000000010 A=0x7ffffffffffffda8
3440000: system.cpu: T0 : 0x104e6    : ld a5, -32(s0)             : MemRead :  D=0x000000000000000f A=0x7ffffffffffffdc0
3441000: system.cpu: T0 : 0x104ea    : bgeu a4, a5, -90           : IntAlu : 
3441500: system.cpu: T0 : 0x10490    : auipc a4, 95               : IntAlu :  D=0x000000000006f490
3442000: system.cpu: T0 : 0x10494    : addi a4, a4, -1168         : IntAlu :  D=0x000000000006f000
3442500: system.cpu: T0 : 0x10498    : ld a5, -56(s0)             : MemRead :  D=0x0000000000000010 A=0x7ffffffffffffda8
3443000: system.cpu: T0 : 0x1049c    : c_slli a5, 2               : IntAlu :  D=0x0000000000000040
3443500: system.cpu: T0 : 0x1049e    : c_add a5, a4               : IntAlu :  D=0x000000000006f040
3444000: system.cpu: T0 : 0x104a0    : flw fa5, 0(a5)             : FloatMemRead :  D=0x0000000043160000 A=0x6f040
3444500: system.cpu: T0 : 0x104a4    : flw fa4, -60(s0)           : FloatMemRead :  D=0x0000000042de0000 A=0x7ffffffffffffda4
3445000: system.cpu: T0 : 0x104a8    : fle_s a5, fa5, fa4         : FloatCmp :  D=0x0000000000000000
3445500: system.cpu: T0 : 0x104ac    : c_bnez a5, 68              : IntAlu : 
3446500: system.cpu: T0 : 0x104ae    : ld a5, -56(s0)             : MemRead :  D=0x0000000000000010 A=0x7ffffffffffffda8
3447000: system.cpu: T0 : 0x104b2    : c_addi a5, 1               : IntAlu :  D=0x0000000000000011
3447500: system.cpu: T0 : 0x104b4    : auipc a3, 95               : IntAlu :  D=0x000000000006f4b4
3448000: system.cpu: T0 : 0x104b8    : addi a3, a3, -1204         : IntAlu :  D=0x000000000006f000
3448500: system.cpu: T0 : 0x104bc    : ld a4, -56(s0)             : MemRead :  D=0x0000000000000010 A=0x7ffffffffffffda8
3449000: system.cpu: T0 : 0x104c0    : c_slli a4, 2               : IntAlu :  D=0x0000000000000040
3449500: system.cpu: T0 : 0x104c2    : c_add a4, a3               : IntAlu :  D=0x000000000006f040
3450000: system.cpu: T0 : 0x104c4    : flw fa5, 0(a4)             : FloatMemRead :  D=0x0000000043160000 A=0x6f040
3450500: system.cpu: T0 : 0x104c8    : auipc a4, 95               : IntAlu :  D=0x000000000006f4c8
3451000: system.cpu: T0 : 0x104cc    : addi a4, a4, -1224         : IntAlu :  D=0x000000000006f000
3451500: system.cpu: T0 : 0x104d0    : c_slli a5, 2               : IntAlu :  D=0x0000000000000044
3452000: system.cpu: T0 : 0x104d2    : c_add a5, a4               : IntAlu :  D=0x000000000006f044
3452500: system.cpu: T0 : 0x104d4    : fsw fa5, 0(a5)             : FloatMemWrite :  D=0x0000000043160000 A=0x6f044
3453000: system.cpu: T0 : 0x104d8    : ld a5, -56(s0)             : MemRead :  D=0x0000000000000010 A=0x7ffffffffffffda8
3453500: system.cpu: T0 : 0x104dc    : c_addi a5, -1              : IntAlu :  D=0x000000000000000f
3454500: system.cpu: T0 : 0x104de    : sd a5, -56(s0)             : MemWrite :  D=0x000000000000000f A=0x7ffffffffffffda8
3455500: system.cpu: T0 : 0x104e2    : ld a4, -56(s0)             : MemRead :  D=0x000000000000000f A=0x7ffffffffffffda8
3456500: system.cpu: T0 : 0x104e6    : ld a5, -32(s0)             : MemRead :  D=0x000000000000000f A=0x7ffffffffffffdc0
3457500: system.cpu: T0 : 0x104ea    : bgeu a4, a5, -90           : IntAlu : 
3458000: system.cpu: T0 : 0x10490    : auipc a4, 95               : IntAlu :  D=0x000000000006f490
3458500: system.cpu: T0 : 0x10494    : addi a4, a4, -1168         : IntAlu :  D=0x000000000006f000
3459000: system.cpu: T0 : 0x10498    : ld a5, -56(s0)             : MemRead :  D=0x000000000000000f A=0x7ffffffffffffda8
3459500: system.cpu: T0 : 0x1049c    : c_slli a5, 2               : IntAlu :  D=0x000000000000003c
3460000: system.cpu: T0 : 0x1049e    : c_add a5, a4               : IntAlu :  D=0x000000000006f03c
3460500: system.cpu: T0 : 0x104a0    : flw fa5, 0(a5)             : FloatMemRead :  D=0x0000000042ca0000 A=0x6f03c
3461000: system.cpu: T0 : 0x104a4    : flw fa4, -60(s0)           : FloatMemRead :  D=0x0000000042de0000 A=0x7ffffffffffffda4
3461500: system.cpu: T0 : 0x104a8    : fle_s a5, fa5, fa4         : FloatCmp :  D=0x0000000000000001
3462000: system.cpu: T0 : 0x104ac    : c_bnez a5, 68              : IntAlu : 
3462500: system.cpu: T0 : 0x104f0    : c_addi zero, 0             : IntAlu :  D=0x0000000000000000
3463500: system.cpu: T0 : 0x104f2    : ld a5, -56(s0)             : MemRead :  D=0x000000000000000f A=0x7ffffffffffffda8
3464000: system.cpu: T0 : 0x104f6    : c_addi a5, 1               : IntAlu :  D=0x0000000000000010
3464500: system.cpu: T0 : 0x104f8    : auipc a4, 95               : IntAlu :  D=0x000000000006f4f8
3465000: system.cpu: T0 : 0x104fc    : addi a4, a4, -1272         : IntAlu :  D=0x000000000006f000
3465500: system.cpu: T0 : 0x10500    : c_slli a5, 2               : IntAlu :  D=0x0000000000000040
3466000: system.cpu: T0 : 0x10502    : c_add a5, a4               : IntAlu :  D=0x000000000006f040
3466500: system.cpu: T0 : 0x10504    : flw fa5, -60(s0)           : FloatMemRead :  D=0x0000000042de0000 A=0x7ffffffffffffda4
3467000: system.cpu: T0 : 0x10508    : fsw fa5, 0(a5)             : FloatMemWrite :  D=0x0000000042de0000 A=0x6f040
3467500: system.cpu: T0 : 0x1050c    : ld a5, -40(s0)             : MemRead :  D=0x0000000000000012 A=0x7ffffffffffffdb8
3468000: system.cpu: T0 : 0x10510    : c_addi a5, 1               : IntAlu :  D=0x0000000000000013
3469000: system.cpu: T0 : 0x10512    : sd a5, -40(s0)             : MemWrite :  D=0x0000000000000013 A=0x7ffffffffffffdb8
3470000: system.cpu: T0 : 0x10516    : ld a4, -40(s0)             : MemRead :  D=0x0000000000000013 A=0x7ffffffffffffdb8
3471000: system.cpu: T0 : 0x1051a    : ld a5, -48(s0)             : MemRead :  D=0x0000000000000013 A=0x7ffffffffffffdb0
3472000: system.cpu: T0 : 0x1051e    : bgeu a5, a4, -178          : IntAlu : 
3472500: system.cpu: T0 : 0x1046c    : auipc a4, 95               : IntAlu :  D=0x000000000006f46c
3473000: system.cpu: T0 : 0x10470    : addi a4, a4, -1132         : IntAlu :  D=0x000000000006f000
3473500: system.cpu: T0 : 0x10474    : ld a5, -40(s0)             : MemRead :  D=0x0000000000000013 A=0x7ffffffffffffdb8
3474000: system.cpu: T0 : 0x10478    : c_slli a5, 2               : IntAlu :  D=0x000000000000004c
3474500: system.cpu: T0 : 0x1047a    : c_add a5, a4               : IntAlu :  D=0x000000000006f04c
3475000: system.cpu: T0 : 0x1047c    : flw fa5, 0(a5)             : FloatMemRead :  D=0x00000000435e3852 A=0x6f04c
3475500: system.cpu: T0 : 0x10480    : fsw fa5, -60(s0)           : FloatMemWrite :  D=0x00000000435e3852 A=0x7ffffffffffffda4
3476000: system.cpu: T0 : 0x10484    : ld a5, -40(s0)             : MemRead :  D=0x0000000000000013 A=0x7ffffffffffffdb8
3476500: system.cpu: T0 : 0x10488    : c_addi a5, -1              : IntAlu :  D=0x0000000000000012
3477500: system.cpu: T0 : 0x1048a    : sd a5, -56(s0)             : MemWrite :  D=0x0000000000000012 A=0x7ffffffffffffda8
3478000: system.cpu: T0 : 0x1048e    : c_j 84                     : IntAlu : 
3479000: system.cpu: T0 : 0x104e2    : ld a4, -56(s0)             : MemRead :  D=0x0000000000000012 A=0x7ffffffffffffda8
3480000: system.cpu: T0 : 0x104e6    : ld a5, -32(s0)             : MemRead :  D=0x000000000000000f A=0x7ffffffffffffdc0
3481000: system.cpu: T0 : 0x104ea    : bgeu a4, a5, -90           : IntAlu : 
3481500: system.cpu: T0 : 0x10490    : auipc a4, 95               : IntAlu :  D=0x000000000006f490
3482000: system.cpu: T0 : 0x10494    : addi a4, a4, -1168         : IntAlu :  D=0x000000000006f000
3482500: system.cpu: T0 : 0x10498    : ld a5, -56(s0)             : MemRead :  D=0x0000000000000012 A=0x7ffffffffffffda8
3483000: system.cpu: T0 : 0x1049c    : c_slli a5, 2               : IntAlu :  D=0x0000000000000048
3483500: system.cpu: T0 : 0x1049e    : c_add a5, a4               : IntAlu :  D=0x000000000006f048
3484000: system.cpu: T0 : 0x104a0    : flw fa5, 0(a5)             : FloatMemRead :  D=0x0000000043670000 A=0x6f048
3484500: system.cpu: T0 : 0x104a4    : flw fa4, -60(s0)           : FloatMemRead :  D=0x00000000435e3852 A=0x7ffffffffffffda4
3485000: system.cpu: T0 : 0x104a8    : fle_s a5, fa5, fa4         : FloatCmp :  D=0x0000000000000000
3485500: system.cpu: T0 : 0x104ac    : c_bnez a5, 68              : IntAlu : 
3486500: system.cpu: T0 : 0x104ae    : ld a5, -56(s0)             : MemRead :  D=0x0000000000000012 A=0x7ffffffffffffda8
3487000: system.cpu: T0 : 0x104b2    : c_addi a5, 1               : IntAlu :  D=0x0000000000000013
3487500: system.cpu: T0 : 0x104b4    : auipc a3, 95               : IntAlu :  D=0x000000000006f4b4
3488000: system.cpu: T0 : 0x104b8    : addi a3, a3, -1204         : IntAlu :  D=0x000000000006f000
3488500: system.cpu: T0 : 0x104bc    : ld a4, -56(s0)             : MemRead :  D=0x0000000000000012 A=0x7ffffffffffffda8
3489000: system.cpu: T0 : 0x104c0    : c_slli a4, 2               : IntAlu :  D=0x0000000000000048
3489500: system.cpu: T0 : 0x104c2    : c_add a4, a3               : IntAlu :  D=0x000000000006f048
3490000: system.cpu: T0 : 0x104c4    : flw fa5, 0(a4)             : FloatMemRead :  D=0x0000000043670000 A=0x6f048
3490500: system.cpu: T0 : 0x104c8    : auipc a4, 95               : IntAlu :  D=0x000000000006f4c8
3491000: system.cpu: T0 : 0x104cc    : addi a4, a4, -1224         : IntAlu :  D=0x000000000006f000
3491500: system.cpu: T0 : 0x104d0    : c_slli a5, 2               : IntAlu :  D=0x000000000000004c
3492000: system.cpu: T0 : 0x104d2    : c_add a5, a4               : IntAlu :  D=0x000000000006f04c
3492500: system.cpu: T0 : 0x104d4    : fsw fa5, 0(a5)             : FloatMemWrite :  D=0x0000000043670000 A=0x6f04c
3493000: system.cpu: T0 : 0x104d8    : ld a5, -56(s0)             : MemRead :  D=0x0000000000000012 A=0x7ffffffffffffda8
3493500: system.cpu: T0 : 0x104dc    : c_addi a5, -1              : IntAlu :  D=0x0000000000000011
3494500: system.cpu: T0 : 0x104de    : sd a5, -56(s0)             : MemWrite :  D=0x0000000000000011 A=0x7ffffffffffffda8
3495500: system.cpu: T0 : 0x104e2    : ld a4, -56(s0)             : MemRead :  D=0x0000000000000011 A=0x7ffffffffffffda8
3496500: system.cpu: T0 : 0x104e6    : ld a5, -32(s0)             : MemRead :  D=0x000000000000000f A=0x7ffffffffffffdc0
3497500: system.cpu: T0 : 0x104ea    : bgeu a4, a5, -90           : IntAlu : 
3498000: system.cpu: T0 : 0x10490    : auipc a4, 95               : IntAlu :  D=0x000000000006f490
3498500: system.cpu: T0 : 0x10494    : addi a4, a4, -1168         : IntAlu :  D=0x000000000006f000
3499000: system.cpu: T0 : 0x10498    : ld a5, -56(s0)             : MemRead :  D=0x0000000000000011 A=0x7ffffffffffffda8
3499500: system.cpu: T0 : 0x1049c    : c_slli a5, 2               : IntAlu :  D=0x0000000000000044
3500000: system.cpu: T0 : 0x1049e    : c_add a5, a4               : IntAlu :  D=0x000000000006f044
3500500: system.cpu: T0 : 0x104a0    : flw fa5, 0(a5)             : FloatMemRead :  D=0x0000000043160000 A=0x6f044
3501000: system.cpu: T0 : 0x104a4    : flw fa4, -60(s0)           : FloatMemRead :  D=0x00000000435e3852 A=0x7ffffffffffffda4
3501500: system.cpu: T0 : 0x104a8    : fle_s a5, fa5, fa4         : FloatCmp :  D=0x0000000000000001
3502000: system.cpu: T0 : 0x104ac    : c_bnez a5, 68              : IntAlu : 
3502500: system.cpu: T0 : 0x104f0    : c_addi zero, 0             : IntAlu :  D=0x0000000000000000
3503500: system.cpu: T0 : 0x104f2    : ld a5, -56(s0)             : MemRead :  D=0x0000000000000011 A=0x7ffffffffffffda8
3504000: system.cpu: T0 : 0x104f6    : c_addi a5, 1               : IntAlu :  D=0x0000000000000012
3504500: system.cpu: T0 : 0x104f8    : auipc a4, 95               : IntAlu :  D=0x000000000006f4f8
3505000: system.cpu: T0 : 0x104fc    : addi a4, a4, -1272         : IntAlu :  D=0x000000000006f000
3505500: system.cpu: T0 : 0x10500    : c_slli a5, 2               : IntAlu :  D=0x0000000000000048
3506000: system.cpu: T0 : 0x10502    : c_add a5, a4               : IntAlu :  D=0x000000000006f048
3506500: system.cpu: T0 : 0x10504    : flw fa5, -60(s0)           : FloatMemRead :  D=0x00000000435e3852 A=0x7ffffffffffffda4
3507000: system.cpu: T0 : 0x10508    : fsw fa5, 0(a5)             : FloatMemWrite :  D=0x00000000435e3852 A=0x6f048
3507500: system.cpu: T0 : 0x1050c    : ld a5, -40(s0)             : MemRead :  D=0x0000000000000013 A=0x7ffffffffffffdb8
3508000: system.cpu: T0 : 0x10510    : c_addi a5, 1               : IntAlu :  D=0x0000000000000014
3509000: system.cpu: T0 : 0x10512    : sd a5, -40(s0)             : MemWrite :  D=0x0000000000000014 A=0x7ffffffffffffdb8
3510000: system.cpu: T0 : 0x10516    : ld a4, -40(s0)             : MemRead :  D=0x0000000000000014 A=0x7ffffffffffffdb8
3511000: system.cpu: T0 : 0x1051a    : ld a5, -48(s0)             : MemRead :  D=0x0000000000000013 A=0x7ffffffffffffdb0
3512000: system.cpu: T0 : 0x1051e    : bgeu a5, a4, -178          : IntAlu : 
3513000: system.cpu: T0 : 0x10522    : lw a5, -72(s0)             : MemRead :  D=0x0000000000000002 A=0x7ffffffffffffd98
3513500: system.cpu: T0 : 0x10526    : c_addiw a5, 0              : IntAlu :  D=0x0000000000000002
3514000: system.cpu: T0 : 0x10528    : beq a5, zero, 1084         : IntAlu : 
3514500: system.cpu: T0 : 0x1052c    : lw a5, -72(s0)             : MemRead :  D=0x0000000000000002 A=0x7ffffffffffffd98
3515000: system.cpu: T0 : 0x10530    : addiw a4, a5, -1           : IntAlu :  D=0x0000000000000001
3515500: system.cpu: T0 : 0x10534    : sw a4, -72(s0)             : MemWrite :  D=0x0000000000000001 A=0x7ffffffffffffd98
3516000: system.cpu: T0 : 0x10538    : auipc a4, 96               : IntAlu :  D=0x0000000000070538
3516500: system.cpu: T0 : 0x1053c    : ld a4, 824(a4)             : MemRead :  D=0x00000000000719b0 A=0x70870
3517000: system.cpu: T0 : 0x10540    : c_slli a5, 2               : IntAlu :  D=0x0000000000000008
3517500: system.cpu: T0 : 0x10542    : c_add a5, a4               : IntAlu :  D=0x00000000000719b8
3518000: system.cpu: T0 : 0x10544    : c_lw a5, 0(a5)             : MemRead :  D=0x000000000000000d A=0x719b8
3519000: system.cpu: T0 : 0x10546    : sd a5, -48(s0)             : MemWrite :  D=0x000000000000000d A=0x7ffffffffffffdb0
3520000: system.cpu: T0 : 0x1054a    : lw a5, -72(s0)             : MemRead :  D=0x0000000000000001 A=0x7ffffffffffffd98
3521000: system.cpu: T0 : 0x1054e    : addiw a4, a5, -1           : IntAlu :  D=0x0000000000000000
3522000: system.cpu: T0 : 0x10552    : sw a4, -72(s0)             : MemWrite :  D=0x0000000000000000 A=0x7ffffffffffffd98
3523000: system.cpu: T0 : 0x10556    : auipc a4, 96               : IntAlu :  D=0x0000000000070556
3524000: system.cpu: T0 : 0x1055a    : ld a4, 794(a4)             : MemRead :  D=0x00000000000719b0 A=0x70870
3524500: system.cpu: T0 : 0x1055e    : c_slli a5, 2               : IntAlu :  D=0x0000000000000004
3525000: system.cpu: T0 : 0x10560    : c_add a5, a4               : IntAlu :  D=0x00000000000719b4
3525500: system.cpu: T0 : 0x10562    : c_lw a5, 0(a5)             : MemRead :  D=0x0000000000000005 A=0x719b4
3526000: system.cpu: T0 : 0x10564    : sd a5, -32(s0)             : MemWrite :  D=0x0000000000000005 A=0x7ffffffffffffdc0
3526500: system.cpu: T0 : 0x10568    : c_j -280                   : IntAlu : 
3527000: system.cpu: T0 : 0x10450    : ld a4, -48(s0)             : MemRead :  D=0x000000000000000d A=0x7ffffffffffffdb0
3527500: system.cpu: T0 : 0x10454    : ld a5, -32(s0)             : MemRead :  D=0x0000000000000005 A=0x7ffffffffffffdc0
3528000: system.cpu: T0 : 0x10458    : c_sub a4, a5               : IntAlu :  D=0x0000000000000008
3528500: system.cpu: T0 : 0x1045a    : c_li a5, 6                 : IntAlu :  D=0x0000000000000006
3529000: system.cpu: T0 : 0x1045c    : bltu a5, a4, 270           : IntAlu : 
3530000: system.cpu: T0 : 0x1056a    : ld a4, -32(s0)             : MemRead :  D=0x0000000000000005 A=0x7ffffffffffffdc0
3531000: system.cpu: T0 : 0x1056e    : ld a5, -48(s0)             : MemRead :  D=0x000000000000000d A=0x7ffffffffffffdb0
3531500: system.cpu: T0 : 0x10572    : c_add a5, a4               : IntAlu :  D=0x0000000000000012
3532000: system.cpu: T0 : 0x10574    : c_srli a5, 1               : IntAlu :  D=0x0000000000000009
3533000: system.cpu: T0 : 0x10576    : sd a5, -24(s0)             : MemWrite :  D=0x0000000000000009 A=0x7ffffffffffffdc8
3534000: system.cpu: T0 : 0x1057a    : auipc a4, 95               : IntAlu :  D=0x000000000006f57a
3535000: system.cpu: T0 : 0x1057e    : addi a4, a4, -1402         : IntAlu :  D=0x000000000006f000
3536000: system.cpu: T0 : 0x10582    : ld a5, -24(s0)             : MemRead :  D=0x0000000000000009 A=0x7ffffffffffffdc8
3536500: system.cpu: T0 : 0x10586    : c_slli a5, 2               : IntAlu :  D=0x0000000000000024
3537000: system.cpu: T0 : 0x10588    : c_add a5, a4               : IntAlu :  D=0x000000000006f024
3538000: system.cpu: T0 : 0x1058a    : flw fa5, 0(a5)             : FloatMemRead :  D=0x0000000042c60000 A=0x6f024
3539000: system.cpu: T0 : 0x1058e    : fsw fa5, -64(s0)           : FloatMemWrite :  D=0x0000000042c60000 A=0x7ffffffffffffda0
3540000: system.cpu: T0 : 0x10592    : ld a5, -32(s0)             : MemRead :  D=0x0000000000000005 A=0x7ffffffffffffdc0
3540500: system.cpu: T0 : 0x10596    : c_addi a5, 1               : IntAlu :  D=0x0000000000000006
3541000: system.cpu: T0 : 0x10598    : auipc a4, 95               : IntAlu :  D=0x000000000006f598
3541500: system.cpu: T0 : 0x1059c    : addi a4, a4, -1432         : IntAlu :  D=0x000000000006f000
3542000: system.cpu: T0 : 0x105a0    : c_slli a5, 2               : IntAlu :  D=0x0000000000000018
3542500: system.cpu: T0 : 0x105a2    : c_add a5, a4               : IntAlu :  D=0x000000000006f018
3543000: system.cpu: T0 : 0x105a4    : flw fa5, 0(a5)             : FloatMemRead :  D=0x00000000429a0000 A=0x6f018
3543500: system.cpu: T0 : 0x105a8    : auipc a4, 95               : IntAlu :  D=0x000000000006f5a8
3544000: system.cpu: T0 : 0x105ac    : addi a4, a4, -1448         : IntAlu :  D=0x000000000006f000
3544500: system.cpu: T0 : 0x105b0    : ld a5, -24(s0)             : MemRead :  D=0x0000000000000009 A=0x7ffffffffffffdc8
3545000: system.cpu: T0 : 0x105b4    : c_slli a5, 2               : IntAlu :  D=0x0000000000000024
3545500: system.cpu: T0 : 0x105b6    : c_add a5, a4               : IntAlu :  D=0x000000000006f024
3546000: system.cpu: T0 : 0x105b8    : fsw fa5, 0(a5)             : FloatMemWrite :  D=0x00000000429a0000 A=0x6f024
3546500: system.cpu: T0 : 0x105bc    : ld a5, -32(s0)             : MemRead :  D=0x0000000000000005 A=0x7ffffffffffffdc0
3547000: system.cpu: T0 : 0x105c0    : c_addi a5, 1               : IntAlu :  D=0x0000000000000006
3548000: system.cpu: T0 : 0x105c2    : auipc a4, 95               : IntAlu :  D=0x000000000006f5c2
3549000: system.cpu: T0 : 0x105c6    : addi a4, a4, -1474         : IntAlu :  D=0x000000000006f000
3549500: system.cpu: T0 : 0x105ca    : c_slli a5, 2               : IntAlu :  D=0x0000000000000018
3550000: system.cpu: T0 : 0x105cc    : c_add a5, a4               : IntAlu :  D=0x000000000006f018
3551000: system.cpu: T0 : 0x105ce    : flw fa5, -64(s0)           : FloatMemRead :  D=0x0000000042c60000 A=0x7ffffffffffffda0
3552000: system.cpu: T0 : 0x105d2    : fsw fa5, 0(a5)             : FloatMemWrite :  D=0x0000000042c60000 A=0x6f018
3553000: system.cpu: T0 : 0x105d6    : auipc a4, 95               : IntAlu :  D=0x000000000006f5d6
3554000: system.cpu: T0 : 0x105da    : addi a4, a4, -1494         : IntAlu :  D=0x000000000006f000
3555000: system.cpu: T0 : 0x105de    : ld a5, -32(s0)             : MemRead :  D=0x0000000000000005 A=0x7ffffffffffffdc0
3555500: system.cpu: T0 : 0x105e2    : c_slli a5, 2               : IntAlu :  D=0x0000000000000014
3556000: system.cpu: T0 : 0x105e4    : c_add a5, a4               : IntAlu :  D=0x000000000006f014
3557000: system.cpu: T0 : 0x105e6    : flw fa4, 0(a5)             : FloatMemRead :  D=0x0000000042b1c28f A=0x6f014
3558000: system.cpu: T0 : 0x105ea    : auipc a4, 95               : IntAlu :  D=0x000000000006f5ea
3559000: system.cpu: T0 : 0x105ee    : addi a4, a4, -1514         : IntAlu :  D=0x000000000006f000
3560000: system.cpu: T0 : 0x105f2    : ld a5, -48(s0)             : MemRead :  D=0x000000000000000d A=0x7ffffffffffffdb0
3560500: system.cpu: T0 : 0x105f6    : c_slli a5, 2               : IntAlu :  D=0x0000000000000034
3561000: system.cpu: T0 : 0x105f8    : c_add a5, a4               : IntAlu :  D=0x000000000006f034
3562000: system.cpu: T0 : 0x105fa    : flw fa5, 0(a5)             : FloatMemRead :  D=0x0000000042300000 A=0x6f034
3563000: system.cpu: T0 : 0x105fe    : flt_s a5, fa5, fa4         : FloatCmp :  D=0x0000000000000001
3563500: system.cpu: T0 : 0x10602    : c_beqz a5, 90              : IntAlu : 
3564000: system.cpu: T0 : 0x10604    : auipc a4, 95               : IntAlu :  D=0x000000000006f604
3564500: system.cpu: T0 : 0x10608    : addi a4, a4, -1540         : IntAlu :  D=0x000000000006f000
3565000: system.cpu: T0 : 0x1060c    : ld a5, -32(s0)             : MemRead :  D=0x0000000000000005 A=0x7ffffffffffffdc0
3565500: system.cpu: T0 : 0x10610    : c_slli a5, 2               : IntAlu :  D=0x0000000000000014
3566000: system.cpu: T0 : 0x10612    : c_add a5, a4               : IntAlu :  D=0x000000000006f014
3566500: system.cpu: T0 : 0x10614    : flw fa5, 0(a5)             : FloatMemRead :  D=0x0000000042b1c28f A=0x6f014
3567000: system.cpu: T0 : 0x10618    : fsw fa5, -64(s0)           : FloatMemWrite :  D=0x0000000042b1c28f A=0x7ffffffffffffda0
3567500: system.cpu: T0 : 0x1061c    : auipc a4, 95               : IntAlu :  D=0x000000000006f61c
3568000: system.cpu: T0 : 0x10620    : addi a4, a4, -1564         : IntAlu :  D=0x000000000006f000
3568500: system.cpu: T0 : 0x10624    : ld a5, -48(s0)             : MemRead :  D=0x000000000000000d A=0x7ffffffffffffdb0
3569000: system.cpu: T0 : 0x10628    : c_slli a5, 2               : IntAlu :  D=0x0000000000000034
3569500: system.cpu: T0 : 0x1062a    : c_add a5, a4               : IntAlu :  D=0x000000000006f034
3570000: system.cpu: T0 : 0x1062c    : flw fa5, 0(a5)             : FloatMemRead :  D=0x0000000042300000 A=0x6f034
3570500: system.cpu: T0 : 0x10630    : auipc a4, 95               : IntAlu :  D=0x000000000006f630
3571000: system.cpu: T0 : 0x10634    : addi a4, a4, -1584         : IntAlu :  D=0x000000000006f000
3571500: system.cpu: T0 : 0x10638    : ld a5, -32(s0)             : MemRead :  D=0x0000000000000005 A=0x7ffffffffffffdc0
3572000: system.cpu: T0 : 0x1063c    : c_slli a5, 2               : IntAlu :  D=0x0000000000000014
3572500: system.cpu: T0 : 0x1063e    : c_add a5, a4               : IntAlu :  D=0x000000000006f014
3573000: system.cpu: T0 : 0x10640    : fsw fa5, 0(a5)             : FloatMemWrite :  D=0x0000000042300000 A=0x6f014
3573500: system.cpu: T0 : 0x10644    : auipc a4, 95               : IntAlu :  D=0x000000000006f644
3574000: system.cpu: T0 : 0x10648    : addi a4, a4, -1604         : IntAlu :  D=0x000000000006f000
3574500: system.cpu: T0 : 0x1064c    : ld a5, -48(s0)             : MemRead :  D=0x000000000000000d A=0x7ffffffffffffdb0
3575000: system.cpu: T0 : 0x10650    : c_slli a5, 2               : IntAlu :  D=0x0000000000000034
3575500: system.cpu: T0 : 0x10652    : c_add a5, a4               : IntAlu :  D=0x000000000006f034
3576000: system.cpu: T0 : 0x10654    : flw fa5, -64(s0)           : FloatMemRead :  D=0x0000000042b1c28f A=0x7ffffffffffffda0
3576500: system.cpu: T0 : 0x10658    : fsw fa5, 0(a5)             : FloatMemWrite :  D=0x0000000042b1c28f A=0x6f034
3577000: system.cpu: T0 : 0x1065c    : ld a5, -32(s0)             : MemRead :  D=0x0000000000000005 A=0x7ffffffffffffdc0
3577500: system.cpu: T0 : 0x10660    : c_addi a5, 1               : IntAlu :  D=0x0000000000000006
3578500: system.cpu: T0 : 0x10662    : auipc a4, 95               : IntAlu :  D=0x000000000006f662
3579500: system.cpu: T0 : 0x10666    : addi a4, a4, -1634         : IntAlu :  D=0x000000000006f000
3580000: system.cpu: T0 : 0x1066a    : c_slli a5, 2               : IntAlu :  D=0x0000000000000018
3580500: system.cpu: T0 : 0x1066c    : c_add a5, a4               : IntAlu :  D=0x000000000006f018
3581500: system.cpu: T0 : 0x1066e    : flw fa4, 0(a5)             : FloatMemRead :  D=0x0000000042c60000 A=0x6f018
3582500: system.cpu: T0 : 0x10672    : auipc a4, 95               : IntAlu :  D=0x000000000006f672
3583500: system.cpu: T0 : 0x10676    : addi a4, a4, -1650         : IntAlu :  D=0x000000000006f000
3584500: system.cpu: T0 : 0x1067a    : ld a5, -48(s0)             : MemRead :  D=0x000000000000000d A=0x7ffffffffffffdb0
3585000: system.cpu: T0 : 0x1067e    : c_slli a5, 2               : IntAlu :  D=0x0000000000000034
3585500: system.cpu: T0 : 0x10680    : c_add a5, a4               : IntAlu :  D=0x000000000006f034
3586500: system.cpu: T0 : 0x10682    : flw fa5, 0(a5)             : FloatMemRead :  D=0x0000000042b1c28f A=0x6f034
3587500: system.cpu: T0 : 0x10686    : flt_s a5, fa5, fa4         : FloatCmp :  D=0x0000000000000001
3588000: system.cpu: T0 : 0x1068a    : c_beqz a5, 94              : IntAlu : 
3588500: system.cpu: T0 : 0x1068c    : ld a5, -32(s0)             : MemRead :  D=0x0000000000000005 A=0x7ffffffffffffdc0
3589000: system.cpu: T0 : 0x10690    : c_addi a5, 1               : IntAlu :  D=0x0000000000000006
3590000: system.cpu: T0 : 0x10692    : auipc a4, 95               : IntAlu :  D=0x000000000006f692
3591000: system.cpu: T0 : 0x10696    : addi a4, a4, -1682         : IntAlu :  D=0x000000000006f000
3591500: system.cpu: T0 : 0x1069a    : c_slli a5, 2               : IntAlu :  D=0x0000000000000018
3592000: system.cpu: T0 : 0x1069c    : c_add a5, a4               : IntAlu :  D=0x000000000006f018
3593000: system.cpu: T0 : 0x1069e    : flw fa5, 0(a5)             : FloatMemRead :  D=0x0000000042c60000 A=0x6f018
3594000: system.cpu: T0 : 0x106a2    : fsw fa5, -64(s0)           : FloatMemWrite :  D=0x0000000042c60000 A=0x7ffffffffffffda0
3595000: system.cpu: T0 : 0x106a6    : ld a5, -32(s0)             : MemRead :  D=0x0000000000000005 A=0x7ffffffffffffdc0
3595500: system.cpu: T0 : 0x106aa    : c_addi a5, 1               : IntAlu :  D=0x0000000000000006
3596000: system.cpu: T0 : 0x106ac    : auipc a3, 95               : IntAlu :  D=0x000000000006f6ac
3596500: system.cpu: T0 : 0x106b0    : addi a3, a3, -1708         : IntAlu :  D=0x000000000006f000
3597000: system.cpu: T0 : 0x106b4    : ld a4, -48(s0)             : MemRead :  D=0x000000000000000d A=0x7ffffffffffffdb0
3597500: system.cpu: T0 : 0x106b8    : c_slli a4, 2               : IntAlu :  D=0x0000000000000034
3598000: system.cpu: T0 : 0x106ba    : c_add a4, a3               : IntAlu :  D=0x000000000006f034
3598500: system.cpu: T0 : 0x106bc    : flw fa5, 0(a4)             : FloatMemRead :  D=0x0000000042b1c28f A=0x6f034
3599000: system.cpu: T0 : 0x106c0    : auipc a4, 95               : IntAlu :  D=0x000000000006f6c0
3599500: system.cpu: T0 : 0x106c4    : addi a4, a4, -1728         : IntAlu :  D=0x000000000006f000
3600000: system.cpu: T0 : 0x106c8    : c_slli a5, 2               : IntAlu :  D=0x0000000000000018
3600500: system.cpu: T0 : 0x106ca    : c_add a5, a4               : IntAlu :  D=0x000000000006f018
3601000: system.cpu: T0 : 0x106cc    : fsw fa5, 0(a5)             : FloatMemWrite :  D=0x0000000042b1c28f A=0x6f018
3601500: system.cpu: T0 : 0x106d0    : auipc a4, 95               : IntAlu :  D=0x000000000006f6d0
3602000: system.cpu: T0 : 0x106d4    : addi a4, a4, -1744         : IntAlu :  D=0x000000000006f000
3602500: system.cpu: T0 : 0x106d8    : ld a5, -48(s0)             : MemRead :  D=0x000000000000000d A=0x7ffffffffffffdb0
3603000: system.cpu: T0 : 0x106dc    : c_slli a5, 2               : IntAlu :  D=0x0000000000000034
3603500: system.cpu: T0 : 0x106de    : c_add a5, a4               : IntAlu :  D=0x000000000006f034
3604000: system.cpu: T0 : 0x106e0    : flw fa5, -64(s0)           : FloatMemRead :  D=0x0000000042c60000 A=0x7ffffffffffffda0
3604500: system.cpu: T0 : 0x106e4    : fsw fa5, 0(a5)             : FloatMemWrite :  D=0x0000000042c60000 A=0x6f034
3605000: system.cpu: T0 : 0x106e8    : auipc a4, 95               : IntAlu :  D=0x000000000006f6e8
3605500: system.cpu: T0 : 0x106ec    : addi a4, a4, -1768         : IntAlu :  D=0x000000000006f000
3606000: system.cpu: T0 : 0x106f0    : ld a5, -32(s0)             : MemRead :  D=0x0000000000000005 A=0x7ffffffffffffdc0
3606500: system.cpu: T0 : 0x106f4    : c_slli a5, 2               : IntAlu :  D=0x0000000000000014
3607000: system.cpu: T0 : 0x106f6    : c_add a5, a4               : IntAlu :  D=0x000000000006f014
3607500: system.cpu: T0 : 0x106f8    : flw fa4, 0(a5)             : FloatMemRead :  D=0x0000000042300000 A=0x6f014
3608000: system.cpu: T0 : 0x106fc    : ld a5, -32(s0)             : MemRead :  D=0x0000000000000005 A=0x7ffffffffffffdc0
3608500: system.cpu: T0 : 0x10700    : c_addi a5, 1               : IntAlu :  D=0x0000000000000006
3609500: system.cpu: T0 : 0x10702    : auipc a4, 95               : IntAlu :  D=0x000000000006f702
3610500: system.cpu: T0 : 0x10706    : addi a4, a4, -1794         : IntAlu :  D=0x000000000006f000
3611000: system.cpu: T0 : 0x1070a    : c_slli a5, 2               : IntAlu :  D=0x0000000000000018
3611500: system.cpu: T0 : 0x1070c    : c_add a5, a4               : IntAlu :  D=0x000000000006f018
3612500: system.cpu: T0 : 0x1070e    : flw fa5, 0(a5)             : FloatMemRead :  D=0x0000000042b1c28f A=0x6f018
3613500: system.cpu: T0 : 0x10712    : flt_s a5, fa5, fa4         : FloatCmp :  D=0x0000000000000000
3614000: system.cpu: T0 : 0x10716    : c_beqz a5, 94              : IntAlu : 
3614500: system.cpu: T0 : 0x10774    : ld a5, -32(s0)             : MemRead :  D=0x0000000000000005 A=0x7ffffffffffffdc0
3615000: system.cpu: T0 : 0x10778    : c_addi a5, 1               : IntAlu :  D=0x0000000000000006
3616000: system.cpu: T0 : 0x1077a    : sd a5, -56(s0)             : MemWrite :  D=0x0000000000000006 A=0x7ffffffffffffda8
3617000: system.cpu: T0 : 0x1077e    : ld a5, -48(s0)             : MemRead :  D=0x000000000000000d A=0x7ffffffffffffdb0
3618000: system.cpu: T0 : 0x10782    : sd a5, -40(s0)             : MemWrite :  D=0x000000000000000d A=0x7ffffffffffffdb8
3619000: system.cpu: T0 : 0x10786    : ld a5, -32(s0)             : MemRead :  D=0x0000000000000005 A=0x7ffffffffffffdc0
3619500: system.cpu: T0 : 0x1078a    : c_addi a5, 1               : IntAlu :  D=0x0000000000000006
3620000: system.cpu: T0 : 0x1078c    : auipc a4, 95               : IntAlu :  D=0x000000000006f78c
3620500: system.cpu: T0 : 0x10790    : addi a4, a4, -1932         : IntAlu :  D=0x000000000006f000
3621000: system.cpu: T0 : 0x10794    : c_slli a5, 2               : IntAlu :  D=0x0000000000000018
3621500: system.cpu: T0 : 0x10796    : c_add a5, a4               : IntAlu :  D=0x000000000006f018
3622000: system.cpu: T0 : 0x10798    : flw fa5, 0(a5)             : FloatMemRead :  D=0x0000000042b1c28f A=0x6f018
3622500: system.cpu: T0 : 0x1079c    : fsw fa5, -60(s0)           : FloatMemWrite :  D=0x0000000042b1c28f A=0x7ffffffffffffda4
3623000: system.cpu: T0 : 0x107a0    : ld a5, -56(s0)             : MemRead :  D=0x0000000000000006 A=0x7ffffffffffffda8
3623500: system.cpu: T0 : 0x107a4    : c_addi a5, 1               : IntAlu :  D=0x0000000000000007
3624500: system.cpu: T0 : 0x107a6    : sd a5, -56(s0)             : MemWrite :  D=0x0000000000000007 A=0x7ffffffffffffda8
3625000: system.cpu: T0 : 0x107aa    : c_j 12                     : IntAlu : 
3626000: system.cpu: T0 : 0x107b6    : auipc a4, 95               : IntAlu :  D=0x000000000006f7b6
3627000: system.cpu: T0 : 0x107ba    : addi a4, a4, -1974         : IntAlu :  D=0x000000000006f000
3628000: system.cpu: T0 : 0x107be    : ld a5, -56(s0)             : MemRead :  D=0x0000000000000007 A=0x7ffffffffffffda8
3628500: system.cpu: T0 : 0x107c2    : c_slli a5, 2               : IntAlu :  D=0x000000000000001c
3629000: system.cpu: T0 : 0x107c4    : c_add a5, a4               : IntAlu :  D=0x000000000006f01c
3630000: system.cpu: T0 : 0x107c6    : flw fa5, 0(a5)             : FloatMemRead :  D=0x0000000042c7fae1 A=0x6f01c
3631000: system.cpu: T0 : 0x107ca    : flw fa4, -60(s0)           : FloatMemRead :  D=0x0000000042b1c28f A=0x7ffffffffffffda4
3632000: system.cpu: T0 : 0x107ce    : flt_s a5, fa5, fa4         : FloatCmp :  D=0x0000000000000000
3632500: system.cpu: T0 : 0x107d2    : c_bnez a5, -38             : IntAlu : 
3633000: system.cpu: T0 : 0x107d4    : ld a5, -40(s0)             : MemRead :  D=0x000000000000000d A=0x7ffffffffffffdb8
3633500: system.cpu: T0 : 0x107d8    : c_addi a5, -1              : IntAlu :  D=0x000000000000000c
3634500: system.cpu: T0 : 0x107da    : sd a5, -40(s0)             : MemWrite :  D=0x000000000000000c A=0x7ffffffffffffdb8
3635000: system.cpu: T0 : 0x107de    : c_j 12                     : IntAlu : 
3636000: system.cpu: T0 : 0x107ea    : auipc a4, 95               : IntAlu :  D=0x000000000006f7ea
3637000: system.cpu: T0 : 0x107ee    : addi a4, a4, -2026         : IntAlu :  D=0x000000000006f000
3638000: system.cpu: T0 : 0x107f2    : ld a5, -40(s0)             : MemRead :  D=0x000000000000000c A=0x7ffffffffffffdb8
3638500: system.cpu: T0 : 0x107f6    : c_slli a5, 2               : IntAlu :  D=0x0000000000000030
3639000: system.cpu: T0 : 0x107f8    : c_add a5, a4               : IntAlu :  D=0x000000000006f030
3640000: system.cpu: T0 : 0x107fa    : flw fa5, 0(a5)             : FloatMemRead :  D=0x00000000420c0000 A=0x6f030
3641000: system.cpu: T0 : 0x107fe    : flw fa4, -60(s0)           : FloatMemRead :  D=0x0000000042b1c28f A=0x7ffffffffffffda4
3642000: system.cpu: T0 : 0x10802    : flt_s a5, fa4, fa5         : FloatCmp :  D=0x0000000000000000
3642500: system.cpu: T0 : 0x10806    : c_bnez a5, -38             : IntAlu : 
3643000: system.cpu: T0 : 0x10808    : ld a4, -40(s0)             : MemRead :  D=0x000000000000000c A=0x7ffffffffffffdb8
3643500: system.cpu: T0 : 0x1080c    : ld a5, -56(s0)             : MemRead :  D=0x0000000000000007 A=0x7ffffffffffffda8
3644000: system.cpu: T0 : 0x10810    : bltu a4, a5, 94            : IntAlu : 
3644500: system.cpu: T0 : 0x10814    : auipc a4, 94               : IntAlu :  D=0x000000000006e814
3645000: system.cpu: T0 : 0x10818    : addi a4, a4, 2028          : IntAlu :  D=0x000000000006f000
3645500: system.cpu: T0 : 0x1081c    : ld a5, -56(s0)             : MemRead :  D=0x0000000000000007 A=0x7ffffffffffffda8
3646000: system.cpu: T0 : 0x10820    : c_slli a5, 2               : IntAlu :  D=0x000000000000001c
3646500: system.cpu: T0 : 0x10822    : c_add a5, a4               : IntAlu :  D=0x000000000006f01c
3647000: system.cpu: T0 : 0x10824    : flw fa5, 0(a5)             : FloatMemRead :  D=0x0000000042c7fae1 A=0x6f01c
3647500: system.cpu: T0 : 0x10828    : fsw fa5, -64(s0)           : FloatMemWrite :  D=0x0000000042c7fae1 A=0x7ffffffffffffda0
3648000: system.cpu: T0 : 0x1082c    : auipc a4, 94               : IntAlu :  D=0x000000000006e82c
3648500: system.cpu: T0 : 0x10830    : addi a4, a4, 2004          : IntAlu :  D=0x000000000006f000
3649000: system.cpu: T0 : 0x10834    : ld a5, -40(s0)             : MemRead :  D=0x000000000000000c A=0x7ffffffffffffdb8
3649500: system.cpu: T0 : 0x10838    : c_slli a5, 2               : IntAlu :  D=0x0000000000000030
3650000: system.cpu: T0 : 0x1083a    : c_add a5, a4               : IntAlu :  D=0x000000000006f030
3650500: system.cpu: T0 : 0x1083c    : flw fa5, 0(a5)             : FloatMemRead :  D=0x00000000420c0000 A=0x6f030
3651000: system.cpu: T0 : 0x10840    : auipc a4, 94               : IntAlu :  D=0x000000000006e840
3651500: system.cpu: T0 : 0x10844    : addi a4, a4, 1984          : IntAlu :  D=0x000000000006f000
3652000: system.cpu: T0 : 0x10848    : ld a5, -56(s0)             : MemRead :  D=0x0000000000000007 A=0x7ffffffffffffda8
3652500: system.cpu: T0 : 0x1084c    : c_slli a5, 2               : IntAlu :  D=0x000000000000001c
3653000: system.cpu: T0 : 0x1084e    : c_add a5, a4               : IntAlu :  D=0x000000000006f01c
3653500: system.cpu: T0 : 0x10850    : fsw fa5, 0(a5)             : FloatMemWrite :  D=0x00000000420c0000 A=0x6f01c
3654000: system.cpu: T0 : 0x10854    : auipc a4, 94               : IntAlu :  D=0x000000000006e854
3654500: system.cpu: T0 : 0x10858    : addi a4, a4, 1964          : IntAlu :  D=0x000000000006f000
3655000: system.cpu: T0 : 0x1085c    : ld a5, -40(s0)             : MemRead :  D=0x000000000000000c A=0x7ffffffffffffdb8
3655500: system.cpu: T0 : 0x10860    : c_slli a5, 2               : IntAlu :  D=0x0000000000000030
3656000: system.cpu: T0 : 0x10862    : c_add a5, a4               : IntAlu :  D=0x000000000006f030
3656500: system.cpu: T0 : 0x10864    : flw fa5, -64(s0)           : FloatMemRead :  D=0x0000000042c7fae1 A=0x7ffffffffffffda0
3657000: system.cpu: T0 : 0x10868    : fsw fa5, 0(a5)             : FloatMemWrite :  D=0x0000000042c7fae1 A=0x6f030
3657500: system.cpu: T0 : 0x1086c    : c_j -204                   : IntAlu : 
3658000: system.cpu: T0 : 0x107a0    : ld a5, -56(s0)             : MemRead :  D=0x0000000000000007 A=0x7ffffffffffffda8
3658500: system.cpu: T0 : 0x107a4    : c_addi a5, 1               : IntAlu :  D=0x0000000000000008
3659500: system.cpu: T0 : 0x107a6    : sd a5, -56(s0)             : MemWrite :  D=0x0000000000000008 A=0x7ffffffffffffda8
3660000: system.cpu: T0 : 0x107aa    : c_j 12                     : IntAlu : 
3661000: system.cpu: T0 : 0x107b6    : auipc a4, 95               : IntAlu :  D=0x000000000006f7b6
3662000: system.cpu: T0 : 0x107ba    : addi a4, a4, -1974         : IntAlu :  D=0x000000000006f000
3663000: system.cpu: T0 : 0x107be    : ld a5, -56(s0)             : MemRead :  D=0x0000000000000008 A=0x7ffffffffffffda8
3663500: system.cpu: T0 : 0x107c2    : c_slli a5, 2               : IntAlu :  D=0x0000000000000020
3664000: system.cpu: T0 : 0x107c4    : c_add a5, a4               : IntAlu :  D=0x000000000006f020
3665000: system.cpu: T0 : 0x107c6    : flw fa5, 0(a5)             : FloatMemRead :  D=0x0000000042460000 A=0x6f020
3666000: system.cpu: T0 : 0x107ca    : flw fa4, -60(s0)           : FloatMemRead :  D=0x0000000042b1c28f A=0x7ffffffffffffda4
3667000: system.cpu: T0 : 0x107ce    : flt_s a5, fa5, fa4         : FloatCmp :  D=0x0000000000000001
3667500: system.cpu: T0 : 0x107d2    : c_bnez a5, -38             : IntAlu : 
3668000: system.cpu: T0 : 0x107ac    : ld a5, -56(s0)             : MemRead :  D=0x0000000000000008 A=0x7ffffffffffffda8
3668500: system.cpu: T0 : 0x107b0    : c_addi a5, 1               : IntAlu :  D=0x0000000000000009
3669500: system.cpu: T0 : 0x107b2    : sd a5, -56(s0)             : MemWrite :  D=0x0000000000000009 A=0x7ffffffffffffda8
3670500: system.cpu: T0 : 0x107b6    : auipc a4, 95               : IntAlu :  D=0x000000000006f7b6
3671500: system.cpu: T0 : 0x107ba    : addi a4, a4, -1974         : IntAlu :  D=0x000000000006f000
3672500: system.cpu: T0 : 0x107be    : ld a5, -56(s0)             : MemRead :  D=0x0000000000000009 A=0x7ffffffffffffda8
3673000: system.cpu: T0 : 0x107c2    : c_slli a5, 2               : IntAlu :  D=0x0000000000000024
3673500: system.cpu: T0 : 0x107c4    : c_add a5, a4               : IntAlu :  D=0x000000000006f024
3674500: system.cpu: T0 : 0x107c6    : flw fa5, 0(a5)             : FloatMemRead :  D=0x00000000429a0000 A=0x6f024
3675500: system.cpu: T0 : 0x107ca    : flw fa4, -60(s0)           : FloatMemRead :  D=0x0000000042b1c28f A=0x7ffffffffffffda4
3676500: system.cpu: T0 : 0x107ce    : flt_s a5, fa5, fa4         : FloatCmp :  D=0x0000000000000001
3677000: system.cpu: T0 : 0x107d2    : c_bnez a5, -38             : IntAlu : 
3677500: system.cpu: T0 : 0x107ac    : ld a5, -56(s0)             : MemRead :  D=0x0000000000000009 A=0x7ffffffffffffda8
3678000: system.cpu: T0 : 0x107b0    : c_addi a5, 1               : IntAlu :  D=0x000000000000000a
3679000: system.cpu: T0 : 0x107b2    : sd a5, -56(s0)             : MemWrite :  D=0x000000000000000a A=0x7ffffffffffffda8
3680000: system.cpu: T0 : 0x107b6    : auipc a4, 95               : IntAlu :  D=0x000000000006f7b6
3681000: system.cpu: T0 : 0x107ba    : addi a4, a4, -1974         : IntAlu :  D=0x000000000006f000
3682000: system.cpu: T0 : 0x107be    : ld a5, -56(s0)             : MemRead :  D=0x000000000000000a A=0x7ffffffffffffda8
3682500: system.cpu: T0 : 0x107c2    : c_slli a5, 2               : IntAlu :  D=0x0000000000000028
3683000: system.cpu: T0 : 0x107c4    : c_add a5, a4               : IntAlu :  D=0x000000000006f028
3684000: system.cpu: T0 : 0x107c6    : flw fa5, 0(a5)             : FloatMemRead :  D=0x000000004124cccd A=0x6f028
3685000: system.cpu: T0 : 0x107ca    : flw fa4, -60(s0)           : FloatMemRead :  D=0x0000000042b1c28f A=0x7ffffffffffffda4
3686000: system.cpu: T0 : 0x107ce    : flt_s a5, fa5, fa4         : FloatCmp :  D=0x0000000000000001
3686500: system.cpu: T0 : 0x107d2    : c_bnez a5, -38             : IntAlu : 
3687000: system.cpu: T0 : 0x107ac    : ld a5, -56(s0)             : MemRead :  D=0x000000000000000a A=0x7ffffffffffffda8
3687500: system.cpu: T0 : 0x107b0    : c_addi a5, 1               : IntAlu :  D=0x000000000000000b
3688500: system.cpu: T0 : 0x107b2    : sd a5, -56(s0)             : MemWrite :  D=0x000000000000000b A=0x7ffffffffffffda8
3689500: system.cpu: T0 : 0x107b6    : auipc a4, 95               : IntAlu :  D=0x000000000006f7b6
3690500: system.cpu: T0 : 0x107ba    : addi a4, a4, -1974         : IntAlu :  D=0x000000000006f000
3691500: system.cpu: T0 : 0x107be    : ld a5, -56(s0)             : MemRead :  D=0x000000000000000b A=0x7ffffffffffffda8
3692000: system.cpu: T0 : 0x107c2    : c_slli a5, 2               : IntAlu :  D=0x000000000000002c
3692500: system.cpu: T0 : 0x107c4    : c_add a5, a4               : IntAlu :  D=0x000000000006f02c
3693500: system.cpu: T0 : 0x107c6    : flw fa5, 0(a5)             : FloatMemRead :  D=0x0000000041a451ec A=0x6f02c
3694500: system.cpu: T0 : 0x107ca    : flw fa4, -60(s0)           : FloatMemRead :  D=0x0000000042b1c28f A=0x7ffffffffffffda4
3695500: system.cpu: T0 : 0x107ce    : flt_s a5, fa5, fa4         : FloatCmp :  D=0x0000000000000001
3696000: system.cpu: T0 : 0x107d2    : c_bnez a5, -38             : IntAlu : 
3696500: system.cpu: T0 : 0x107ac    : ld a5, -56(s0)             : MemRead :  D=0x000000000000000b A=0x7ffffffffffffda8
3697000: system.cpu: T0 : 0x107b0    : c_addi a5, 1               : IntAlu :  D=0x000000000000000c
3698000: system.cpu: T0 : 0x107b2    : sd a5, -56(s0)             : MemWrite :  D=0x000000000000000c A=0x7ffffffffffffda8
3699000: system.cpu: T0 : 0x107b6    : auipc a4, 95               : IntAlu :  D=0x000000000006f7b6
3700000: system.cpu: T0 : 0x107ba    : addi a4, a4, -1974         : IntAlu :  D=0x000000000006f000
3701000: system.cpu: T0 : 0x107be    : ld a5, -56(s0)             : MemRead :  D=0x000000000000000c A=0x7ffffffffffffda8
3701500: system.cpu: T0 : 0x107c2    : c_slli a5, 2               : IntAlu :  D=0x0000000000000030
3702000: system.cpu: T0 : 0x107c4    : c_add a5, a4               : IntAlu :  D=0x000000000006f030
3703000: system.cpu: T0 : 0x107c6    : flw fa5, 0(a5)             : FloatMemRead :  D=0x0000000042c7fae1 A=0x6f030
3704000: system.cpu: T0 : 0x107ca    : flw fa4, -60(s0)           : FloatMemRead :  D=0x0000000042b1c28f A=0x7ffffffffffffda4
3705000: system.cpu: T0 : 0x107ce    : flt_s a5, fa5, fa4         : FloatCmp :  D=0x0000000000000000
3705500: system.cpu: T0 : 0x107d2    : c_bnez a5, -38             : IntAlu : 
3706000: system.cpu: T0 : 0x107d4    : ld a5, -40(s0)             : MemRead :  D=0x000000000000000c A=0x7ffffffffffffdb8
3706500: system.cpu: T0 : 0x107d8    : c_addi a5, -1              : IntAlu :  D=0x000000000000000b
3707500: system.cpu: T0 : 0x107da    : sd a5, -40(s0)             : MemWrite :  D=0x000000000000000b A=0x7ffffffffffffdb8
3708000: system.cpu: T0 : 0x107de    : c_j 12                     : IntAlu : 
3709000: system.cpu: T0 : 0x107ea    : auipc a4, 95               : IntAlu :  D=0x000000000006f7ea
3710000: system.cpu: T0 : 0x107ee    : addi a4, a4, -2026         : IntAlu :  D=0x000000000006f000
3711000: system.cpu: T0 : 0x107f2    : ld a5, -40(s0)             : MemRead :  D=0x000000000000000b A=0x7ffffffffffffdb8
3711500: system.cpu: T0 : 0x107f6    : c_slli a5, 2               : IntAlu :  D=0x000000000000002c
3712000: system.cpu: T0 : 0x107f8    : c_add a5, a4               : IntAlu :  D=0x000000000006f02c
3713000: system.cpu: T0 : 0x107fa    : flw fa5, 0(a5)             : FloatMemRead :  D=0x0000000041a451ec A=0x6f02c
3714000: system.cpu: T0 : 0x107fe    : flw fa4, -60(s0)           : FloatMemRead :  D=0x0000000042b1c28f A=0x7ffffffffffffda4
3715000: system.cpu: T0 : 0x10802    : flt_s a5, fa4, fa5         : FloatCmp :  D=0x0000000000000000
3715500: system.cpu: T0 : 0x10806    : c_bnez a5, -38             : IntAlu : 
3716000: system.cpu: T0 : 0x10808    : ld a4, -40(s0)             : MemRead :  D=0x000000000000000b A=0x7ffffffffffffdb8
3716500: system.cpu: T0 : 0x1080c    : ld a5, -56(s0)             : MemRead :  D=0x000000000000000c A=0x7ffffffffffffda8
3717000: system.cpu: T0 : 0x10810    : bltu a4, a5, 94            : IntAlu : 
3717500: system.cpu: T0 : 0x1086e    : c_addi zero, 0             : IntAlu :  D=0x0000000000000000
3718000: system.cpu: T0 : 0x10870    : ld a5, -32(s0)             : MemRead :  D=0x0000000000000005 A=0x7ffffffffffffdc0
3718500: system.cpu: T0 : 0x10874    : c_addi a5, 1               : IntAlu :  D=0x0000000000000006
3719500: system.cpu: T0 : 0x10876    : auipc a3, 94               : IntAlu :  D=0x000000000006e876
3720500: system.cpu: T0 : 0x1087a    : addi a3, a3, 1930          : IntAlu :  D=0x000000000006f000
3721500: system.cpu: T0 : 0x1087e    : ld a4, -40(s0)             : MemRead :  D=0x000000000000000b A=0x7ffffffffffffdb8
3722000: system.cpu: T0 : 0x10882    : c_slli a4, 2               : IntAlu :  D=0x000000000000002c
3722500: system.cpu: T0 : 0x10884    : c_add a4, a3               : IntAlu :  D=0x000000000006f02c
3723500: system.cpu: T0 : 0x10886    : flw fa5, 0(a4)             : FloatMemRead :  D=0x0000000041a451ec A=0x6f02c
3724500: system.cpu: T0 : 0x1088a    : auipc a4, 94               : IntAlu :  D=0x000000000006e88a
3725500: system.cpu: T0 : 0x1088e    : addi a4, a4, 1910          : IntAlu :  D=0x000000000006f000
3726000: system.cpu: T0 : 0x10892    : c_slli a5, 2               : IntAlu :  D=0x0000000000000018
3726500: system.cpu: T0 : 0x10894    : c_add a5, a4               : IntAlu :  D=0x000000000006f018
3727500: system.cpu: T0 : 0x10896    : fsw fa5, 0(a5)             : FloatMemWrite :  D=0x0000000041a451ec A=0x6f018
3728500: system.cpu: T0 : 0x1089a    : auipc a4, 94               : IntAlu :  D=0x000000000006e89a
3729500: system.cpu: T0 : 0x1089e    : addi a4, a4, 1894          : IntAlu :  D=0x000000000006f000
3730500: system.cpu: T0 : 0x108a2    : ld a5, -40(s0)             : MemRead :  D=0x000000000000000b A=0x7ffffffffffffdb8
3731000: system.cpu: T0 : 0x108a6    : c_slli a5, 2               : IntAlu :  D=0x000000000000002c
3731500: system.cpu: T0 : 0x108a8    : c_add a5, a4               : IntAlu :  D=0x000000000006f02c
3732500: system.cpu: T0 : 0x108aa    : flw fa5, -60(s0)           : FloatMemRead :  D=0x0000000042b1c28f A=0x7ffffffffffffda4
3733500: system.cpu: T0 : 0x108ae    : fsw fa5, 0(a5)             : FloatMemWrite :  D=0x0000000042b1c28f A=0x6f02c
3734500: system.cpu: T0 : 0x108b2    : lw a5, -72(s0)             : MemRead :  D=0x0000000000000000 A=0x7ffffffffffffd98
3735000: system.cpu: T0 : 0x108b6    : c_addiw a5, 2              : IntAlu :  D=0x0000000000000002
3735500: system.cpu: T0 : 0x108b8    : sw a5, -72(s0)             : MemWrite :  D=0x0000000000000002 A=0x7ffffffffffffd98
3736000: system.cpu: T0 : 0x108bc    : ld a4, -48(s0)             : MemRead :  D=0x000000000000000d A=0x7ffffffffffffdb0
3736500: system.cpu: T0 : 0x108c0    : ld a5, -56(s0)             : MemRead :  D=0x000000000000000c A=0x7ffffffffffffda8
3737000: system.cpu: T0 : 0x108c4    : sub a5, a4, a5             : IntAlu :  D=0x0000000000000001
3737500: system.cpu: T0 : 0x108c8    : addi a4, a5, 1             : IntAlu :  D=0x0000000000000002
3738000: system.cpu: T0 : 0x108cc    : ld a3, -40(s0)             : MemRead :  D=0x000000000000000b A=0x7ffffffffffffdb8
3738500: system.cpu: T0 : 0x108d0    : ld a5, -32(s0)             : MemRead :  D=0x0000000000000005 A=0x7ffffffffffffdc0
3739000: system.cpu: T0 : 0x108d4    : sub a5, a3, a5             : IntAlu :  D=0x0000000000000006
3739500: system.cpu: T0 : 0x108d8    : bltu a4, a5, 70            : IntAlu : 
3740500: system.cpu: T0 : 0x1091e    : ld a5, -40(s0)             : MemRead :  D=0x000000000000000b A=0x7ffffffffffffdb8
3741000: system.cpu: T0 : 0x10922    : c_addiw a5, 0              : IntAlu :  D=0x000000000000000b
3741500: system.cpu: T0 : 0x10924    : c_addiw a5, -1             : IntAlu :  D=0x000000000000000a
3742000: system.cpu: T0 : 0x10926    : c_addiw a5, 0              : IntAlu :  D=0x000000000000000a
3742500: system.cpu: T0 : 0x10928    : addiw a4, a5, 0            : IntAlu :  D=0x000000000000000a
3743000: system.cpu: T0 : 0x1092c    : auipc a3, 96               : IntAlu :  D=0x000000000007092c
3743500: system.cpu: T0 : 0x10930    : ld a3, -188(a3)            : MemRead :  D=0x00000000000719b0 A=0x70870
3744000: system.cpu: T0 : 0x10934    : lw a5, -72(s0)             : MemRead :  D=0x0000000000000002 A=0x7ffffffffffffd98
3744500: system.cpu: T0 : 0x10938    : c_slli a5, 2               : IntAlu :  D=0x0000000000000008
3745000: system.cpu: T0 : 0x1093a    : c_add a5, a3               : IntAlu :  D=0x00000000000719b8
3745500: system.cpu: T0 : 0x1093c    : c_sw a4, 0(a5)             : MemWrite :  D=0x000000000000000a A=0x719b8
3746500: system.cpu: T0 : 0x1093e    : lw a5, -72(s0)             : MemRead :  D=0x0000000000000002 A=0x7ffffffffffffd98
3747000: system.cpu: T0 : 0x10942    : c_addiw a5, -1             : IntAlu :  D=0x0000000000000001
3747500: system.cpu: T0 : 0x10944    : c_addiw a5, 0              : IntAlu :  D=0x0000000000000001
3748500: system.cpu: T0 : 0x10946    : ld a4, -32(s0)             : MemRead :  D=0x0000000000000005 A=0x7ffffffffffffdc0
3749000: system.cpu: T0 : 0x1094a    : c_addiw a4, 0              : IntAlu :  D=0x0000000000000005
3749500: system.cpu: T0 : 0x1094c    : auipc a3, 96               : IntAlu :  D=0x000000000007094c
3750000: system.cpu: T0 : 0x10950    : ld a3, -220(a3)            : MemRead :  D=0x00000000000719b0 A=0x70870
3750500: system.cpu: T0 : 0x10954    : c_slli a5, 2               : IntAlu :  D=0x0000000000000004
3751000: system.cpu: T0 : 0x10956    : c_add a5, a3               : IntAlu :  D=0x00000000000719b4
3751500: system.cpu: T0 : 0x10958    : c_sw a4, 0(a5)             : MemWrite :  D=0x0000000000000005 A=0x719b4
3752500: system.cpu: T0 : 0x1095a    : ld a5, -56(s0)             : MemRead :  D=0x000000000000000c A=0x7ffffffffffffda8
3753500: system.cpu: T0 : 0x1095e    : sd a5, -32(s0)             : MemWrite :  D=0x000000000000000c A=0x7ffffffffffffdc0
3754000: system.cpu: T0 : 0x10962    : c_j -1298                  : IntAlu : 
3754500: system.cpu: T0 : 0x10450    : ld a4, -48(s0)             : MemRead :  D=0x000000000000000d A=0x7ffffffffffffdb0
3755000: system.cpu: T0 : 0x10454    : ld a5, -32(s0)             : MemRead :  D=0x000000000000000c A=0x7ffffffffffffdc0
3755500: system.cpu: T0 : 0x10458    : c_sub a4, a5               : IntAlu :  D=0x0000000000000001
3756000: system.cpu: T0 : 0x1045a    : c_li a5, 6                 : IntAlu :  D=0x0000000000000006
3756500: system.cpu: T0 : 0x1045c    : bltu a5, a4, 270           : IntAlu : 
3757000: system.cpu: T0 : 0x10460    : ld a5, -32(s0)             : MemRead :  D=0x000000000000000c A=0x7ffffffffffffdc0
3757500: system.cpu: T0 : 0x10464    : c_addi a5, 1               : IntAlu :  D=0x000000000000000d
3758500: system.cpu: T0 : 0x10466    : sd a5, -40(s0)             : MemWrite :  D=0x000000000000000d A=0x7ffffffffffffdb8
3759000: system.cpu: T0 : 0x1046a    : c_j 172                    : IntAlu : 
3760000: system.cpu: T0 : 0x10516    : ld a4, -40(s0)             : MemRead :  D=0x000000000000000d A=0x7ffffffffffffdb8
3761000: system.cpu: T0 : 0x1051a    : ld a5, -48(s0)             : MemRead :  D=0x000000000000000d A=0x7ffffffffffffdb0
3762000: system.cpu: T0 : 0x1051e    : bgeu a5, a4, -178          : IntAlu : 
3762500: system.cpu: T0 : 0x1046c    : auipc a4, 95               : IntAlu :  D=0x000000000006f46c
3763000: system.cpu: T0 : 0x10470    : addi a4, a4, -1132         : IntAlu :  D=0x000000000006f000
3763500: system.cpu: T0 : 0x10474    : ld a5, -40(s0)             : MemRead :  D=0x000000000000000d A=0x7ffffffffffffdb8
3764000: system.cpu: T0 : 0x10478    : c_slli a5, 2               : IntAlu :  D=0x0000000000000034
3764500: system.cpu: T0 : 0x1047a    : c_add a5, a4               : IntAlu :  D=0x000000000006f034
3765000: system.cpu: T0 : 0x1047c    : flw fa5, 0(a5)             : FloatMemRead :  D=0x0000000042c60000 A=0x6f034
3765500: system.cpu: T0 : 0x10480    : fsw fa5, -60(s0)           : FloatMemWrite :  D=0x0000000042c60000 A=0x7ffffffffffffda4
3766000: system.cpu: T0 : 0x10484    : ld a5, -40(s0)             : MemRead :  D=0x000000000000000d A=0x7ffffffffffffdb8
3766500: system.cpu: T0 : 0x10488    : c_addi a5, -1              : IntAlu :  D=0x000000000000000c
3767500: system.cpu: T0 : 0x1048a    : sd a5, -56(s0)             : MemWrite :  D=0x000000000000000c A=0x7ffffffffffffda8
3768000: system.cpu: T0 : 0x1048e    : c_j 84                     : IntAlu : 
3769000: system.cpu: T0 : 0x104e2    : ld a4, -56(s0)             : MemRead :  D=0x000000000000000c A=0x7ffffffffffffda8
3770000: system.cpu: T0 : 0x104e6    : ld a5, -32(s0)             : MemRead :  D=0x000000000000000c A=0x7ffffffffffffdc0
3771000: system.cpu: T0 : 0x104ea    : bgeu a4, a5, -90           : IntAlu : 
3771500: system.cpu: T0 : 0x10490    : auipc a4, 95               : IntAlu :  D=0x000000000006f490
3772000: system.cpu: T0 : 0x10494    : addi a4, a4, -1168         : IntAlu :  D=0x000000000006f000
3772500: system.cpu: T0 : 0x10498    : ld a5, -56(s0)             : MemRead :  D=0x000000000000000c A=0x7ffffffffffffda8
3773000: system.cpu: T0 : 0x1049c    : c_slli a5, 2               : IntAlu :  D=0x0000000000000030
3773500: system.cpu: T0 : 0x1049e    : c_add a5, a4               : IntAlu :  D=0x000000000006f030
3774000: system.cpu: T0 : 0x104a0    : flw fa5, 0(a5)             : FloatMemRead :  D=0x0000000042c7fae1 A=0x6f030
3774500: system.cpu: T0 : 0x104a4    : flw fa4, -60(s0)           : FloatMemRead :  D=0x0000000042c60000 A=0x7ffffffffffffda4
3775000: system.cpu: T0 : 0x104a8    : fle_s a5, fa5, fa4         : FloatCmp :  D=0x0000000000000000
3775500: system.cpu: T0 : 0x104ac    : c_bnez a5, 68              : IntAlu : 
3776500: system.cpu: T0 : 0x104ae    : ld a5, -56(s0)             : MemRead :  D=0x000000000000000c A=0x7ffffffffffffda8
3777000: system.cpu: T0 : 0x104b2    : c_addi a5, 1               : IntAlu :  D=0x000000000000000d
3777500: system.cpu: T0 : 0x104b4    : auipc a3, 95               : IntAlu :  D=0x000000000006f4b4
3778000: system.cpu: T0 : 0x104b8    : addi a3, a3, -1204         : IntAlu :  D=0x000000000006f000
3778500: system.cpu: T0 : 0x104bc    : ld a4, -56(s0)             : MemRead :  D=0x000000000000000c A=0x7ffffffffffffda8
3779000: system.cpu: T0 : 0x104c0    : c_slli a4, 2               : IntAlu :  D=0x0000000000000030
3779500: system.cpu: T0 : 0x104c2    : c_add a4, a3               : IntAlu :  D=0x000000000006f030
3780000: system.cpu: T0 : 0x104c4    : flw fa5, 0(a4)             : FloatMemRead :  D=0x0000000042c7fae1 A=0x6f030
3780500: system.cpu: T0 : 0x104c8    : auipc a4, 95               : IntAlu :  D=0x000000000006f4c8
3781000: system.cpu: T0 : 0x104cc    : addi a4, a4, -1224         : IntAlu :  D=0x000000000006f000
3781500: system.cpu: T0 : 0x104d0    : c_slli a5, 2               : IntAlu :  D=0x0000000000000034
3782000: system.cpu: T0 : 0x104d2    : c_add a5, a4               : IntAlu :  D=0x000000000006f034
3782500: system.cpu: T0 : 0x104d4    : fsw fa5, 0(a5)             : FloatMemWrite :  D=0x0000000042c7fae1 A=0x6f034
3783000: system.cpu: T0 : 0x104d8    : ld a5, -56(s0)             : MemRead :  D=0x000000000000000c A=0x7ffffffffffffda8
3783500: system.cpu: T0 : 0x104dc    : c_addi a5, -1              : IntAlu :  D=0x000000000000000b
3784500: system.cpu: T0 : 0x104de    : sd a5, -56(s0)             : MemWrite :  D=0x000000000000000b A=0x7ffffffffffffda8
3785500: system.cpu: T0 : 0x104e2    : ld a4, -56(s0)             : MemRead :  D=0x000000000000000b A=0x7ffffffffffffda8
3786500: system.cpu: T0 : 0x104e6    : ld a5, -32(s0)             : MemRead :  D=0x000000000000000c A=0x7ffffffffffffdc0
3787500: system.cpu: T0 : 0x104ea    : bgeu a4, a5, -90           : IntAlu : 
3788000: system.cpu: T0 : 0x104ee    : c_j 4                      : IntAlu : 
3789000: system.cpu: T0 : 0x104f2    : ld a5, -56(s0)             : MemRead :  D=0x000000000000000b A=0x7ffffffffffffda8
3789500: system.cpu: T0 : 0x104f6    : c_addi a5, 1               : IntAlu :  D=0x000000000000000c
3790000: system.cpu: T0 : 0x104f8    : auipc a4, 95               : IntAlu :  D=0x000000000006f4f8
3790500: system.cpu: T0 : 0x104fc    : addi a4, a4, -1272         : IntAlu :  D=0x000000000006f000
3791000: system.cpu: T0 : 0x10500    : c_slli a5, 2               : IntAlu :  D=0x0000000000000030
3791500: system.cpu: T0 : 0x10502    : c_add a5, a4               : IntAlu :  D=0x000000000006f030
3792000: system.cpu: T0 : 0x10504    : flw fa5, -60(s0)           : FloatMemRead :  D=0x0000000042c60000 A=0x7ffffffffffffda4
3792500: system.cpu: T0 : 0x10508    : fsw fa5, 0(a5)             : FloatMemWrite :  D=0x0000000042c60000 A=0x6f030
3793000: system.cpu: T0 : 0x1050c    : ld a5, -40(s0)             : MemRead :  D=0x000000000000000d A=0x7ffffffffffffdb8
3793500: system.cpu: T0 : 0x10510    : c_addi a5, 1               : IntAlu :  D=0x000000000000000e
3794500: system.cpu: T0 : 0x10512    : sd a5, -40(s0)             : MemWrite :  D=0x000000000000000e A=0x7ffffffffffffdb8
3795500: system.cpu: T0 : 0x10516    : ld a4, -40(s0)             : MemRead :  D=0x000000000000000e A=0x7ffffffffffffdb8
3796500: system.cpu: T0 : 0x1051a    : ld a5, -48(s0)             : MemRead :  D=0x000000000000000d A=0x7ffffffffffffdb0
3797500: system.cpu: T0 : 0x1051e    : bgeu a5, a4, -178          : IntAlu : 
3798500: system.cpu: T0 : 0x10522    : lw a5, -72(s0)             : MemRead :  D=0x0000000000000002 A=0x7ffffffffffffd98
3799000: system.cpu: T0 : 0x10526    : c_addiw a5, 0              : IntAlu :  D=0x0000000000000002
3799500: system.cpu: T0 : 0x10528    : beq a5, zero, 1084         : IntAlu : 
3800000: system.cpu: T0 : 0x1052c    : lw a5, -72(s0)             : MemRead :  D=0x0000000000000002 A=0x7ffffffffffffd98
3800500: system.cpu: T0 : 0x10530    : addiw a4, a5, -1           : IntAlu :  D=0x0000000000000001
3801000: system.cpu: T0 : 0x10534    : sw a4, -72(s0)             : MemWrite :  D=0x0000000000000001 A=0x7ffffffffffffd98
3801500: system.cpu: T0 : 0x10538    : auipc a4, 96               : IntAlu :  D=0x0000000000070538
3802000: system.cpu: T0 : 0x1053c    : ld a4, 824(a4)             : MemRead :  D=0x00000000000719b0 A=0x70870
3802500: system.cpu: T0 : 0x10540    : c_slli a5, 2               : IntAlu :  D=0x0000000000000008
3803000: system.cpu: T0 : 0x10542    : c_add a5, a4               : IntAlu :  D=0x00000000000719b8
3803500: system.cpu: T0 : 0x10544    : c_lw a5, 0(a5)             : MemRead :  D=0x000000000000000a A=0x719b8
3804500: system.cpu: T0 : 0x10546    : sd a5, -48(s0)             : MemWrite :  D=0x000000000000000a A=0x7ffffffffffffdb0
3805500: system.cpu: T0 : 0x1054a    : lw a5, -72(s0)             : MemRead :  D=0x0000000000000001 A=0x7ffffffffffffd98
3806500: system.cpu: T0 : 0x1054e    : addiw a4, a5, -1           : IntAlu :  D=0x0000000000000000
3807500: system.cpu: T0 : 0x10552    : sw a4, -72(s0)             : MemWrite :  D=0x0000000000000000 A=0x7ffffffffffffd98
3808500: system.cpu: T0 : 0x10556    : auipc a4, 96               : IntAlu :  D=0x0000000000070556
3809500: system.cpu: T0 : 0x1055a    : ld a4, 794(a4)             : MemRead :  D=0x00000000000719b0 A=0x70870
3810000: system.cpu: T0 : 0x1055e    : c_slli a5, 2               : IntAlu :  D=0x0000000000000004
3810500: system.cpu: T0 : 0x10560    : c_add a5, a4               : IntAlu :  D=0x00000000000719b4
3811000: system.cpu: T0 : 0x10562    : c_lw a5, 0(a5)             : MemRead :  D=0x0000000000000005 A=0x719b4
3811500: system.cpu: T0 : 0x10564    : sd a5, -32(s0)             : MemWrite :  D=0x0000000000000005 A=0x7ffffffffffffdc0
3812000: system.cpu: T0 : 0x10568    : c_j -280                   : IntAlu : 
3812500: system.cpu: T0 : 0x10450    : ld a4, -48(s0)             : MemRead :  D=0x000000000000000a A=0x7ffffffffffffdb0
3813000: system.cpu: T0 : 0x10454    : ld a5, -32(s0)             : MemRead :  D=0x0000000000000005 A=0x7ffffffffffffdc0
3813500: system.cpu: T0 : 0x10458    : c_sub a4, a5               : IntAlu :  D=0x0000000000000005
3814000: system.cpu: T0 : 0x1045a    : c_li a5, 6                 : IntAlu :  D=0x0000000000000006
3814500: system.cpu: T0 : 0x1045c    : bltu a5, a4, 270           : IntAlu : 
3815000: system.cpu: T0 : 0x10460    : ld a5, -32(s0)             : MemRead :  D=0x0000000000000005 A=0x7ffffffffffffdc0
3815500: system.cpu: T0 : 0x10464    : c_addi a5, 1               : IntAlu :  D=0x0000000000000006
3816500: system.cpu: T0 : 0x10466    : sd a5, -40(s0)             : MemWrite :  D=0x0000000000000006 A=0x7ffffffffffffdb8
3817000: system.cpu: T0 : 0x1046a    : c_j 172                    : IntAlu : 
3818000: system.cpu: T0 : 0x10516    : ld a4, -40(s0)             : MemRead :  D=0x0000000000000006 A=0x7ffffffffffffdb8
3819000: system.cpu: T0 : 0x1051a    : ld a5, -48(s0)             : MemRead :  D=0x000000000000000a A=0x7ffffffffffffdb0
3820000: system.cpu: T0 : 0x1051e    : bgeu a5, a4, -178          : IntAlu : 
3820500: system.cpu: T0 : 0x1046c    : auipc a4, 95               : IntAlu :  D=0x000000000006f46c
3821000: system.cpu: T0 : 0x10470    : addi a4, a4, -1132         : IntAlu :  D=0x000000000006f000
3821500: system.cpu: T0 : 0x10474    : ld a5, -40(s0)             : MemRead :  D=0x0000000000000006 A=0x7ffffffffffffdb8
3822000: system.cpu: T0 : 0x10478    : c_slli a5, 2               : IntAlu :  D=0x0000000000000018
3822500: system.cpu: T0 : 0x1047a    : c_add a5, a4               : IntAlu :  D=0x000000000006f018
3823000: system.cpu: T0 : 0x1047c    : flw fa5, 0(a5)             : FloatMemRead :  D=0x0000000041a451ec A=0x6f018
3823500: system.cpu: T0 : 0x10480    : fsw fa5, -60(s0)           : FloatMemWrite :  D=0x0000000041a451ec A=0x7ffffffffffffda4
3824000: system.cpu: T0 : 0x10484    : ld a5, -40(s0)             : MemRead :  D=0x0000000000000006 A=0x7ffffffffffffdb8
3824500: system.cpu: T0 : 0x10488    : c_addi a5, -1              : IntAlu :  D=0x0000000000000005
3825500: system.cpu: T0 : 0x1048a    : sd a5, -56(s0)             : MemWrite :  D=0x0000000000000005 A=0x7ffffffffffffda8
3826000: system.cpu: T0 : 0x1048e    : c_j 84                     : IntAlu : 
3827000: system.cpu: T0 : 0x104e2    : ld a4, -56(s0)             : MemRead :  D=0x0000000000000005 A=0x7ffffffffffffda8
3828000: system.cpu: T0 : 0x104e6    : ld a5, -32(s0)             : MemRead :  D=0x0000000000000005 A=0x7ffffffffffffdc0
3829000: system.cpu: T0 : 0x104ea    : bgeu a4, a5, -90           : IntAlu : 
3829500: system.cpu: T0 : 0x10490    : auipc a4, 95               : IntAlu :  D=0x000000000006f490
3830000: system.cpu: T0 : 0x10494    : addi a4, a4, -1168         : IntAlu :  D=0x000000000006f000
3830500: system.cpu: T0 : 0x10498    : ld a5, -56(s0)             : MemRead :  D=0x0000000000000005 A=0x7ffffffffffffda8
3831000: system.cpu: T0 : 0x1049c    : c_slli a5, 2               : IntAlu :  D=0x0000000000000014
3831500: system.cpu: T0 : 0x1049e    : c_add a5, a4               : IntAlu :  D=0x000000000006f014
3832000: system.cpu: T0 : 0x104a0    : flw fa5, 0(a5)             : FloatMemRead :  D=0x0000000042300000 A=0x6f014
3832500: system.cpu: T0 : 0x104a4    : flw fa4, -60(s0)           : FloatMemRead :  D=0x0000000041a451ec A=0x7ffffffffffffda4
3833000: system.cpu: T0 : 0x104a8    : fle_s a5, fa5, fa4         : FloatCmp :  D=0x0000000000000000
3833500: system.cpu: T0 : 0x104ac    : c_bnez a5, 68              : IntAlu : 
3834500: system.cpu: T0 : 0x104ae    : ld a5, -56(s0)             : MemRead :  D=0x0000000000000005 A=0x7ffffffffffffda8
3835000: system.cpu: T0 : 0x104b2    : c_addi a5, 1               : IntAlu :  D=0x0000000000000006
3835500: system.cpu: T0 : 0x104b4    : auipc a3, 95               : IntAlu :  D=0x000000000006f4b4
3836000: system.cpu: T0 : 0x104b8    : addi a3, a3, -1204         : IntAlu :  D=0x000000000006f000
3836500: system.cpu: T0 : 0x104bc    : ld a4, -56(s0)             : MemRead :  D=0x0000000000000005 A=0x7ffffffffffffda8
3837000: system.cpu: T0 : 0x104c0    : c_slli a4, 2               : IntAlu :  D=0x0000000000000014
3837500: system.cpu: T0 : 0x104c2    : c_add a4, a3               : IntAlu :  D=0x000000000006f014
3838000: system.cpu: T0 : 0x104c4    : flw fa5, 0(a4)             : FloatMemRead :  D=0x0000000042300000 A=0x6f014
3838500: system.cpu: T0 : 0x104c8    : auipc a4, 95               : IntAlu :  D=0x000000000006f4c8
3839000: system.cpu: T0 : 0x104cc    : addi a4, a4, -1224         : IntAlu :  D=0x000000000006f000
3839500: system.cpu: T0 : 0x104d0    : c_slli a5, 2               : IntAlu :  D=0x0000000000000018
3840000: system.cpu: T0 : 0x104d2    : c_add a5, a4               : IntAlu :  D=0x000000000006f018
3840500: system.cpu: T0 : 0x104d4    : fsw fa5, 0(a5)             : FloatMemWrite :  D=0x0000000042300000 A=0x6f018
3841000: system.cpu: T0 : 0x104d8    : ld a5, -56(s0)             : MemRead :  D=0x0000000000000005 A=0x7ffffffffffffda8
3841500: system.cpu: T0 : 0x104dc    : c_addi a5, -1              : IntAlu :  D=0x0000000000000004
3842500: system.cpu: T0 : 0x104de    : sd a5, -56(s0)             : MemWrite :  D=0x0000000000000004 A=0x7ffffffffffffda8
3843500: system.cpu: T0 : 0x104e2    : ld a4, -56(s0)             : MemRead :  D=0x0000000000000004 A=0x7ffffffffffffda8
3844500: system.cpu: T0 : 0x104e6    : ld a5, -32(s0)             : MemRead :  D=0x0000000000000005 A=0x7ffffffffffffdc0
3845500: system.cpu: T0 : 0x104ea    : bgeu a4, a5, -90           : IntAlu : 
3846000: system.cpu: T0 : 0x104ee    : c_j 4                      : IntAlu : 
3847000: system.cpu: T0 : 0x104f2    : ld a5, -56(s0)             : MemRead :  D=0x0000000000000004 A=0x7ffffffffffffda8
3847500: system.cpu: T0 : 0x104f6    : c_addi a5, 1               : IntAlu :  D=0x0000000000000005
3848000: system.cpu: T0 : 0x104f8    : auipc a4, 95               : IntAlu :  D=0x000000000006f4f8
3848500: system.cpu: T0 : 0x104fc    : addi a4, a4, -1272         : IntAlu :  D=0x000000000006f000
3849000: system.cpu: T0 : 0x10500    : c_slli a5, 2               : IntAlu :  D=0x0000000000000014
3849500: system.cpu: T0 : 0x10502    : c_add a5, a4               : IntAlu :  D=0x000000000006f014
3850000: system.cpu: T0 : 0x10504    : flw fa5, -60(s0)           : FloatMemRead :  D=0x0000000041a451ec A=0x7ffffffffffffda4
3850500: system.cpu: T0 : 0x10508    : fsw fa5, 0(a5)             : FloatMemWrite :  D=0x0000000041a451ec A=0x6f014
3851000: system.cpu: T0 : 0x1050c    : ld a5, -40(s0)             : MemRead :  D=0x0000000000000006 A=0x7ffffffffffffdb8
3851500: system.cpu: T0 : 0x10510    : c_addi a5, 1               : IntAlu :  D=0x0000000000000007
3852500: system.cpu: T0 : 0x10512    : sd a5, -40(s0)             : MemWrite :  D=0x0000000000000007 A=0x7ffffffffffffdb8
3853500: system.cpu: T0 : 0x10516    : ld a4, -40(s0)             : MemRead :  D=0x0000000000000007 A=0x7ffffffffffffdb8
3854500: system.cpu: T0 : 0x1051a    : ld a5, -48(s0)             : MemRead :  D=0x000000000000000a A=0x7ffffffffffffdb0
3855500: system.cpu: T0 : 0x1051e    : bgeu a5, a4, -178          : IntAlu : 
3856000: system.cpu: T0 : 0x1046c    : auipc a4, 95               : IntAlu :  D=0x000000000006f46c
3856500: system.cpu: T0 : 0x10470    : addi a4, a4, -1132         : IntAlu :  D=0x000000000006f000
3857000: system.cpu: T0 : 0x10474    : ld a5, -40(s0)             : MemRead :  D=0x0000000000000007 A=0x7ffffffffffffdb8
3857500: system.cpu: T0 : 0x10478    : c_slli a5, 2               : IntAlu :  D=0x000000000000001c
3858000: system.cpu: T0 : 0x1047a    : c_add a5, a4               : IntAlu :  D=0x000000000006f01c
3858500: system.cpu: T0 : 0x1047c    : flw fa5, 0(a5)             : FloatMemRead :  D=0x00000000420c0000 A=0x6f01c
3859000: system.cpu: T0 : 0x10480    : fsw fa5, -60(s0)           : FloatMemWrite :  D=0x00000000420c0000 A=0x7ffffffffffffda4
3859500: system.cpu: T0 : 0x10484    : ld a5, -40(s0)             : MemRead :  D=0x0000000000000007 A=0x7ffffffffffffdb8
3860000: system.cpu: T0 : 0x10488    : c_addi a5, -1              : IntAlu :  D=0x0000000000000006
3861000: system.cpu: T0 : 0x1048a    : sd a5, -56(s0)             : MemWrite :  D=0x0000000000000006 A=0x7ffffffffffffda8
3861500: system.cpu: T0 : 0x1048e    : c_j 84                     : IntAlu : 
3862500: system.cpu: T0 : 0x104e2    : ld a4, -56(s0)             : MemRead :  D=0x0000000000000006 A=0x7ffffffffffffda8
3863500: system.cpu: T0 : 0x104e6    : ld a5, -32(s0)             : MemRead :  D=0x0000000000000005 A=0x7ffffffffffffdc0
3864500: system.cpu: T0 : 0x104ea    : bgeu a4, a5, -90           : IntAlu : 
3865000: system.cpu: T0 : 0x10490    : auipc a4, 95               : IntAlu :  D=0x000000000006f490
3865500: system.cpu: T0 : 0x10494    : addi a4, a4, -1168         : IntAlu :  D=0x000000000006f000
3866000: system.cpu: T0 : 0x10498    : ld a5, -56(s0)             : MemRead :  D=0x0000000000000006 A=0x7ffffffffffffda8
3866500: system.cpu: T0 : 0x1049c    : c_slli a5, 2               : IntAlu :  D=0x0000000000000018
3867000: system.cpu: T0 : 0x1049e    : c_add a5, a4               : IntAlu :  D=0x000000000006f018
3867500: system.cpu: T0 : 0x104a0    : flw fa5, 0(a5)             : FloatMemRead :  D=0x0000000042300000 A=0x6f018
3868000: system.cpu: T0 : 0x104a4    : flw fa4, -60(s0)           : FloatMemRead :  D=0x00000000420c0000 A=0x7ffffffffffffda4
3868500: system.cpu: T0 : 0x104a8    : fle_s a5, fa5, fa4         : FloatCmp :  D=0x0000000000000000
3869000: system.cpu: T0 : 0x104ac    : c_bnez a5, 68              : IntAlu : 
3870000: system.cpu: T0 : 0x104ae    : ld a5, -56(s0)             : MemRead :  D=0x0000000000000006 A=0x7ffffffffffffda8
3870500: system.cpu: T0 : 0x104b2    : c_addi a5, 1               : IntAlu :  D=0x0000000000000007
3871000: system.cpu: T0 : 0x104b4    : auipc a3, 95               : IntAlu :  D=0x000000000006f4b4
3871500: system.cpu: T0 : 0x104b8    : addi a3, a3, -1204         : IntAlu :  D=0x000000000006f000
3872000: system.cpu: T0 : 0x104bc    : ld a4, -56(s0)             : MemRead :  D=0x0000000000000006 A=0x7ffffffffffffda8
3872500: system.cpu: T0 : 0x104c0    : c_slli a4, 2               : IntAlu :  D=0x0000000000000018
3873000: system.cpu: T0 : 0x104c2    : c_add a4, a3               : IntAlu :  D=0x000000000006f018
3873500: system.cpu: T0 : 0x104c4    : flw fa5, 0(a4)             : FloatMemRead :  D=0x0000000042300000 A=0x6f018
3874000: system.cpu: T0 : 0x104c8    : auipc a4, 95               : IntAlu :  D=0x000000000006f4c8
3874500: system.cpu: T0 : 0x104cc    : addi a4, a4, -1224         : IntAlu :  D=0x000000000006f000
3875000: system.cpu: T0 : 0x104d0    : c_slli a5, 2               : IntAlu :  D=0x000000000000001c
3875500: system.cpu: T0 : 0x104d2    : c_add a5, a4               : IntAlu :  D=0x000000000006f01c
3876000: system.cpu: T0 : 0x104d4    : fsw fa5, 0(a5)             : FloatMemWrite :  D=0x0000000042300000 A=0x6f01c
3876500: system.cpu: T0 : 0x104d8    : ld a5, -56(s0)             : MemRead :  D=0x0000000000000006 A=0x7ffffffffffffda8
3877000: system.cpu: T0 : 0x104dc    : c_addi a5, -1              : IntAlu :  D=0x0000000000000005
3878000: system.cpu: T0 : 0x104de    : sd a5, -56(s0)             : MemWrite :  D=0x0000000000000005 A=0x7ffffffffffffda8
3879000: system.cpu: T0 : 0x104e2    : ld a4, -56(s0)             : MemRead :  D=0x0000000000000005 A=0x7ffffffffffffda8
3880000: system.cpu: T0 : 0x104e6    : ld a5, -32(s0)             : MemRead :  D=0x0000000000000005 A=0x7ffffffffffffdc0
3881000: system.cpu: T0 : 0x104ea    : bgeu a4, a5, -90           : IntAlu : 
3881500: system.cpu: T0 : 0x10490    : auipc a4, 95               : IntAlu :  D=0x000000000006f490
3882000: system.cpu: T0 : 0x10494    : addi a4, a4, -1168         : IntAlu :  D=0x000000000006f000
3882500: system.cpu: T0 : 0x10498    : ld a5, -56(s0)             : MemRead :  D=0x0000000000000005 A=0x7ffffffffffffda8
3883000: system.cpu: T0 : 0x1049c    : c_slli a5, 2               : IntAlu :  D=0x0000000000000014
3883500: system.cpu: T0 : 0x1049e    : c_add a5, a4               : IntAlu :  D=0x000000000006f014
3884000: system.cpu: T0 : 0x104a0    : flw fa5, 0(a5)             : FloatMemRead :  D=0x0000000041a451ec A=0x6f014
3884500: system.cpu: T0 : 0x104a4    : flw fa4, -60(s0)           : FloatMemRead :  D=0x00000000420c0000 A=0x7ffffffffffffda4
3885000: system.cpu: T0 : 0x104a8    : fle_s a5, fa5, fa4         : FloatCmp :  D=0x0000000000000001
3885500: system.cpu: T0 : 0x104ac    : c_bnez a5, 68              : IntAlu : 
3886000: system.cpu: T0 : 0x104f0    : c_addi zero, 0             : IntAlu :  D=0x0000000000000000
3887000: system.cpu: T0 : 0x104f2    : ld a5, -56(s0)             : MemRead :  D=0x0000000000000005 A=0x7ffffffffffffda8
3887500: system.cpu: T0 : 0x104f6    : c_addi a5, 1               : IntAlu :  D=0x0000000000000006
3888000: system.cpu: T0 : 0x104f8    : auipc a4, 95               : IntAlu :  D=0x000000000006f4f8
3888500: system.cpu: T0 : 0x104fc    : addi a4, a4, -1272         : IntAlu :  D=0x000000000006f000
3889000: system.cpu: T0 : 0x10500    : c_slli a5, 2               : IntAlu :  D=0x0000000000000018
3889500: system.cpu: T0 : 0x10502    : c_add a5, a4               : IntAlu :  D=0x000000000006f018
3890000: system.cpu: T0 : 0x10504    : flw fa5, -60(s0)           : FloatMemRead :  D=0x00000000420c0000 A=0x7ffffffffffffda4
3890500: system.cpu: T0 : 0x10508    : fsw fa5, 0(a5)             : FloatMemWrite :  D=0x00000000420c0000 A=0x6f018
3891000: system.cpu: T0 : 0x1050c    : ld a5, -40(s0)             : MemRead :  D=0x0000000000000007 A=0x7ffffffffffffdb8
3891500: system.cpu: T0 : 0x10510    : c_addi a5, 1               : IntAlu :  D=0x0000000000000008
3892500: system.cpu: T0 : 0x10512    : sd a5, -40(s0)             : MemWrite :  D=0x0000000000000008 A=0x7ffffffffffffdb8
3893500: system.cpu: T0 : 0x10516    : ld a4, -40(s0)             : MemRead :  D=0x0000000000000008 A=0x7ffffffffffffdb8
3894500: system.cpu: T0 : 0x1051a    : ld a5, -48(s0)             : MemRead :  D=0x000000000000000a A=0x7ffffffffffffdb0
3895500: system.cpu: T0 : 0x1051e    : bgeu a5, a4, -178          : IntAlu : 
3896000: system.cpu: T0 : 0x1046c    : auipc a4, 95               : IntAlu :  D=0x000000000006f46c
3896500: system.cpu: T0 : 0x10470    : addi a4, a4, -1132         : IntAlu :  D=0x000000000006f000
3897000: system.cpu: T0 : 0x10474    : ld a5, -40(s0)             : MemRead :  D=0x0000000000000008 A=0x7ffffffffffffdb8
3897500: system.cpu: T0 : 0x10478    : c_slli a5, 2               : IntAlu :  D=0x0000000000000020
3898000: system.cpu: T0 : 0x1047a    : c_add a5, a4               : IntAlu :  D=0x000000000006f020
3898500: system.cpu: T0 : 0x1047c    : flw fa5, 0(a5)             : FloatMemRead :  D=0x0000000042460000 A=0x6f020
3899000: system.cpu: T0 : 0x10480    : fsw fa5, -60(s0)           : FloatMemWrite :  D=0x0000000042460000 A=0x7ffffffffffffda4
3899500: system.cpu: T0 : 0x10484    : ld a5, -40(s0)             : MemRead :  D=0x0000000000000008 A=0x7ffffffffffffdb8
3900000: system.cpu: T0 : 0x10488    : c_addi a5, -1              : IntAlu :  D=0x0000000000000007
3901000: system.cpu: T0 : 0x1048a    : sd a5, -56(s0)             : MemWrite :  D=0x0000000000000007 A=0x7ffffffffffffda8
3901500: system.cpu: T0 : 0x1048e    : c_j 84                     : IntAlu : 
3902500: system.cpu: T0 : 0x104e2    : ld a4, -56(s0)             : MemRead :  D=0x0000000000000007 A=0x7ffffffffffffda8
3903500: system.cpu: T0 : 0x104e6    : ld a5, -32(s0)             : MemRead :  D=0x0000000000000005 A=0x7ffffffffffffdc0
3904500: system.cpu: T0 : 0x104ea    : bgeu a4, a5, -90           : IntAlu : 
3905000: system.cpu: T0 : 0x10490    : auipc a4, 95               : IntAlu :  D=0x000000000006f490
3905500: system.cpu: T0 : 0x10494    : addi a4, a4, -1168         : IntAlu :  D=0x000000000006f000
3906000: system.cpu: T0 : 0x10498    : ld a5, -56(s0)             : MemRead :  D=0x0000000000000007 A=0x7ffffffffffffda8
3906500: system.cpu: T0 : 0x1049c    : c_slli a5, 2               : IntAlu :  D=0x000000000000001c
3907000: system.cpu: T0 : 0x1049e    : c_add a5, a4               : IntAlu :  D=0x000000000006f01c
3907500: system.cpu: T0 : 0x104a0    : flw fa5, 0(a5)             : FloatMemRead :  D=0x0000000042300000 A=0x6f01c
3908000: system.cpu: T0 : 0x104a4    : flw fa4, -60(s0)           : FloatMemRead :  D=0x0000000042460000 A=0x7ffffffffffffda4
3908500: system.cpu: T0 : 0x104a8    : fle_s a5, fa5, fa4         : FloatCmp :  D=0x0000000000000001
3909000: system.cpu: T0 : 0x104ac    : c_bnez a5, 68              : IntAlu : 
3909500: system.cpu: T0 : 0x104f0    : c_addi zero, 0             : IntAlu :  D=0x0000000000000000
3910500: system.cpu: T0 : 0x104f2    : ld a5, -56(s0)             : MemRead :  D=0x0000000000000007 A=0x7ffffffffffffda8
3911000: system.cpu: T0 : 0x104f6    : c_addi a5, 1               : IntAlu :  D=0x0000000000000008
3911500: system.cpu: T0 : 0x104f8    : auipc a4, 95               : IntAlu :  D=0x000000000006f4f8
3912000: system.cpu: T0 : 0x104fc    : addi a4, a4, -1272         : IntAlu :  D=0x000000000006f000
3912500: system.cpu: T0 : 0x10500    : c_slli a5, 2               : IntAlu :  D=0x0000000000000020
3913000: system.cpu: T0 : 0x10502    : c_add a5, a4               : IntAlu :  D=0x000000000006f020
3913500: system.cpu: T0 : 0x10504    : flw fa5, -60(s0)           : FloatMemRead :  D=0x0000000042460000 A=0x7ffffffffffffda4
3914000: system.cpu: T0 : 0x10508    : fsw fa5, 0(a5)             : FloatMemWrite :  D=0x0000000042460000 A=0x6f020
3914500: system.cpu: T0 : 0x1050c    : ld a5, -40(s0)             : MemRead :  D=0x0000000000000008 A=0x7ffffffffffffdb8
3915000: system.cpu: T0 : 0x10510    : c_addi a5, 1               : IntAlu :  D=0x0000000000000009
3916000: system.cpu: T0 : 0x10512    : sd a5, -40(s0)             : MemWrite :  D=0x0000000000000009 A=0x7ffffffffffffdb8
3917000: system.cpu: T0 : 0x10516    : ld a4, -40(s0)             : MemRead :  D=0x0000000000000009 A=0x7ffffffffffffdb8
3918000: system.cpu: T0 : 0x1051a    : ld a5, -48(s0)             : MemRead :  D=0x000000000000000a A=0x7ffffffffffffdb0
3919000: system.cpu: T0 : 0x1051e    : bgeu a5, a4, -178          : IntAlu : 
3919500: system.cpu: T0 : 0x1046c    : auipc a4, 95               : IntAlu :  D=0x000000000006f46c
3920000: system.cpu: T0 : 0x10470    : addi a4, a4, -1132         : IntAlu :  D=0x000000000006f000
3920500: system.cpu: T0 : 0x10474    : ld a5, -40(s0)             : MemRead :  D=0x0000000000000009 A=0x7ffffffffffffdb8
3921000: system.cpu: T0 : 0x10478    : c_slli a5, 2               : IntAlu :  D=0x0000000000000024
3921500: system.cpu: T0 : 0x1047a    : c_add a5, a4               : IntAlu :  D=0x000000000006f024
3922000: system.cpu: T0 : 0x1047c    : flw fa5, 0(a5)             : FloatMemRead :  D=0x00000000429a0000 A=0x6f024
3922500: system.cpu: T0 : 0x10480    : fsw fa5, -60(s0)           : FloatMemWrite :  D=0x00000000429a0000 A=0x7ffffffffffffda4
3923000: system.cpu: T0 : 0x10484    : ld a5, -40(s0)             : MemRead :  D=0x0000000000000009 A=0x7ffffffffffffdb8
3923500: system.cpu: T0 : 0x10488    : c_addi a5, -1              : IntAlu :  D=0x0000000000000008
3924500: system.cpu: T0 : 0x1048a    : sd a5, -56(s0)             : MemWrite :  D=0x0000000000000008 A=0x7ffffffffffffda8
3925000: system.cpu: T0 : 0x1048e    : c_j 84                     : IntAlu : 
3926000: system.cpu: T0 : 0x104e2    : ld a4, -56(s0)             : MemRead :  D=0x0000000000000008 A=0x7ffffffffffffda8
3927000: system.cpu: T0 : 0x104e6    : ld a5, -32(s0)             : MemRead :  D=0x0000000000000005 A=0x7ffffffffffffdc0
3928000: system.cpu: T0 : 0x104ea    : bgeu a4, a5, -90           : IntAlu : 
3928500: system.cpu: T0 : 0x10490    : auipc a4, 95               : IntAlu :  D=0x000000000006f490
3929000: system.cpu: T0 : 0x10494    : addi a4, a4, -1168         : IntAlu :  D=0x000000000006f000
3929500: system.cpu: T0 : 0x10498    : ld a5, -56(s0)             : MemRead :  D=0x0000000000000008 A=0x7ffffffffffffda8
3930000: system.cpu: T0 : 0x1049c    : c_slli a5, 2               : IntAlu :  D=0x0000000000000020
3930500: system.cpu: T0 : 0x1049e    : c_add a5, a4               : IntAlu :  D=0x000000000006f020
3931000: system.cpu: T0 : 0x104a0    : flw fa5, 0(a5)             : FloatMemRead :  D=0x0000000042460000 A=0x6f020
3931500: system.cpu: T0 : 0x104a4    : flw fa4, -60(s0)           : FloatMemRead :  D=0x00000000429a0000 A=0x7ffffffffffffda4
3932000: system.cpu: T0 : 0x104a8    : fle_s a5, fa5, fa4         : FloatCmp :  D=0x0000000000000001
3932500: system.cpu: T0 : 0x104ac    : c_bnez a5, 68              : IntAlu : 
3933000: system.cpu: T0 : 0x104f0    : c_addi zero, 0             : IntAlu :  D=0x0000000000000000
3934000: system.cpu: T0 : 0x104f2    : ld a5, -56(s0)             : MemRead :  D=0x0000000000000008 A=0x7ffffffffffffda8
3934500: system.cpu: T0 : 0x104f6    : c_addi a5, 1               : IntAlu :  D=0x0000000000000009
3935000: system.cpu: T0 : 0x104f8    : auipc a4, 95               : IntAlu :  D=0x000000000006f4f8
3935500: system.cpu: T0 : 0x104fc    : addi a4, a4, -1272         : IntAlu :  D=0x000000000006f000
3936000: system.cpu: T0 : 0x10500    : c_slli a5, 2               : IntAlu :  D=0x0000000000000024
3936500: system.cpu: T0 : 0x10502    : c_add a5, a4               : IntAlu :  D=0x000000000006f024
3937000: system.cpu: T0 : 0x10504    : flw fa5, -60(s0)           : FloatMemRead :  D=0x00000000429a0000 A=0x7ffffffffffffda4
3937500: system.cpu: T0 : 0x10508    : fsw fa5, 0(a5)             : FloatMemWrite :  D=0x00000000429a0000 A=0x6f024
3938000: system.cpu: T0 : 0x1050c    : ld a5, -40(s0)             : MemRead :  D=0x0000000000000009 A=0x7ffffffffffffdb8
3938500: system.cpu: T0 : 0x10510    : c_addi a5, 1               : IntAlu :  D=0x000000000000000a
3939500: system.cpu: T0 : 0x10512    : sd a5, -40(s0)             : MemWrite :  D=0x000000000000000a A=0x7ffffffffffffdb8
3940500: system.cpu: T0 : 0x10516    : ld a4, -40(s0)             : MemRead :  D=0x000000000000000a A=0x7ffffffffffffdb8
3941500: system.cpu: T0 : 0x1051a    : ld a5, -48(s0)             : MemRead :  D=0x000000000000000a A=0x7ffffffffffffdb0
3942500: system.cpu: T0 : 0x1051e    : bgeu a5, a4, -178          : IntAlu : 
3943000: system.cpu: T0 : 0x1046c    : auipc a4, 95               : IntAlu :  D=0x000000000006f46c
3943500: system.cpu: T0 : 0x10470    : addi a4, a4, -1132         : IntAlu :  D=0x000000000006f000
3944000: system.cpu: T0 : 0x10474    : ld a5, -40(s0)             : MemRead :  D=0x000000000000000a A=0x7ffffffffffffdb8
3944500: system.cpu: T0 : 0x10478    : c_slli a5, 2               : IntAlu :  D=0x0000000000000028
3945000: system.cpu: T0 : 0x1047a    : c_add a5, a4               : IntAlu :  D=0x000000000006f028
3945500: system.cpu: T0 : 0x1047c    : flw fa5, 0(a5)             : FloatMemRead :  D=0x000000004124cccd A=0x6f028
3946000: system.cpu: T0 : 0x10480    : fsw fa5, -60(s0)           : FloatMemWrite :  D=0x000000004124cccd A=0x7ffffffffffffda4
3946500: system.cpu: T0 : 0x10484    : ld a5, -40(s0)             : MemRead :  D=0x000000000000000a A=0x7ffffffffffffdb8
3947000: system.cpu: T0 : 0x10488    : c_addi a5, -1              : IntAlu :  D=0x0000000000000009
3948000: system.cpu: T0 : 0x1048a    : sd a5, -56(s0)             : MemWrite :  D=0x0000000000000009 A=0x7ffffffffffffda8
3948500: system.cpu: T0 : 0x1048e    : c_j 84                     : IntAlu : 
3949500: system.cpu: T0 : 0x104e2    : ld a4, -56(s0)             : MemRead :  D=0x0000000000000009 A=0x7ffffffffffffda8
3950500: system.cpu: T0 : 0x104e6    : ld a5, -32(s0)             : MemRead :  D=0x0000000000000005 A=0x7ffffffffffffdc0
3951500: system.cpu: T0 : 0x104ea    : bgeu a4, a5, -90           : IntAlu : 
3952000: system.cpu: T0 : 0x10490    : auipc a4, 95               : IntAlu :  D=0x000000000006f490
3952500: system.cpu: T0 : 0x10494    : addi a4, a4, -1168         : IntAlu :  D=0x000000000006f000
3953000: system.cpu: T0 : 0x10498    : ld a5, -56(s0)             : MemRead :  D=0x0000000000000009 A=0x7ffffffffffffda8
3953500: system.cpu: T0 : 0x1049c    : c_slli a5, 2               : IntAlu :  D=0x0000000000000024
3954000: system.cpu: T0 : 0x1049e    : c_add a5, a4               : IntAlu :  D=0x000000000006f024
3954500: system.cpu: T0 : 0x104a0    : flw fa5, 0(a5)             : FloatMemRead :  D=0x00000000429a0000 A=0x6f024
3955000: system.cpu: T0 : 0x104a4    : flw fa4, -60(s0)           : FloatMemRead :  D=0x000000004124cccd A=0x7ffffffffffffda4
3955500: system.cpu: T0 : 0x104a8    : fle_s a5, fa5, fa4         : FloatCmp :  D=0x0000000000000000
3956000: system.cpu: T0 : 0x104ac    : c_bnez a5, 68              : IntAlu : 
3957000: system.cpu: T0 : 0x104ae    : ld a5, -56(s0)             : MemRead :  D=0x0000000000000009 A=0x7ffffffffffffda8
3957500: system.cpu: T0 : 0x104b2    : c_addi a5, 1               : IntAlu :  D=0x000000000000000a
3958000: system.cpu: T0 : 0x104b4    : auipc a3, 95               : IntAlu :  D=0x000000000006f4b4
3958500: system.cpu: T0 : 0x104b8    : addi a3, a3, -1204         : IntAlu :  D=0x000000000006f000
3959000: system.cpu: T0 : 0x104bc    : ld a4, -56(s0)             : MemRead :  D=0x0000000000000009 A=0x7ffffffffffffda8
3959500: system.cpu: T0 : 0x104c0    : c_slli a4, 2               : IntAlu :  D=0x0000000000000024
3960000: system.cpu: T0 : 0x104c2    : c_add a4, a3               : IntAlu :  D=0x000000000006f024
3960500: system.cpu: T0 : 0x104c4    : flw fa5, 0(a4)             : FloatMemRead :  D=0x00000000429a0000 A=0x6f024
3961000: system.cpu: T0 : 0x104c8    : auipc a4, 95               : IntAlu :  D=0x000000000006f4c8
3961500: system.cpu: T0 : 0x104cc    : addi a4, a4, -1224         : IntAlu :  D=0x000000000006f000
3962000: system.cpu: T0 : 0x104d0    : c_slli a5, 2               : IntAlu :  D=0x0000000000000028
3962500: system.cpu: T0 : 0x104d2    : c_add a5, a4               : IntAlu :  D=0x000000000006f028
3963000: system.cpu: T0 : 0x104d4    : fsw fa5, 0(a5)             : FloatMemWrite :  D=0x00000000429a0000 A=0x6f028
3963500: system.cpu: T0 : 0x104d8    : ld a5, -56(s0)             : MemRead :  D=0x0000000000000009 A=0x7ffffffffffffda8
3964000: system.cpu: T0 : 0x104dc    : c_addi a5, -1              : IntAlu :  D=0x0000000000000008
3965000: system.cpu: T0 : 0x104de    : sd a5, -56(s0)             : MemWrite :  D=0x0000000000000008 A=0x7ffffffffffffda8
3966000: system.cpu: T0 : 0x104e2    : ld a4, -56(s0)             : MemRead :  D=0x0000000000000008 A=0x7ffffffffffffda8
3967000: system.cpu: T0 : 0x104e6    : ld a5, -32(s0)             : MemRead :  D=0x0000000000000005 A=0x7ffffffffffffdc0
3968000: system.cpu: T0 : 0x104ea    : bgeu a4, a5, -90           : IntAlu : 
3968500: system.cpu: T0 : 0x10490    : auipc a4, 95               : IntAlu :  D=0x000000000006f490
3969000: system.cpu: T0 : 0x10494    : addi a4, a4, -1168         : IntAlu :  D=0x000000000006f000
3969500: system.cpu: T0 : 0x10498    : ld a5, -56(s0)             : MemRead :  D=0x0000000000000008 A=0x7ffffffffffffda8
3970000: system.cpu: T0 : 0x1049c    : c_slli a5, 2               : IntAlu :  D=0x0000000000000020
3970500: system.cpu: T0 : 0x1049e    : c_add a5, a4               : IntAlu :  D=0x000000000006f020
3971000: system.cpu: T0 : 0x104a0    : flw fa5, 0(a5)             : FloatMemRead :  D=0x0000000042460000 A=0x6f020
3971500: system.cpu: T0 : 0x104a4    : flw fa4, -60(s0)           : FloatMemRead :  D=0x000000004124cccd A=0x7ffffffffffffda4
3972000: system.cpu: T0 : 0x104a8    : fle_s a5, fa5, fa4         : FloatCmp :  D=0x0000000000000000
3972500: system.cpu: T0 : 0x104ac    : c_bnez a5, 68              : IntAlu : 
3973500: system.cpu: T0 : 0x104ae    : ld a5, -56(s0)             : MemRead :  D=0x0000000000000008 A=0x7ffffffffffffda8
3974000: system.cpu: T0 : 0x104b2    : c_addi a5, 1               : IntAlu :  D=0x0000000000000009
3974500: system.cpu: T0 : 0x104b4    : auipc a3, 95               : IntAlu :  D=0x000000000006f4b4
3975000: system.cpu: T0 : 0x104b8    : addi a3, a3, -1204         : IntAlu :  D=0x000000000006f000
3975500: system.cpu: T0 : 0x104bc    : ld a4, -56(s0)             : MemRead :  D=0x0000000000000008 A=0x7ffffffffffffda8
3976000: system.cpu: T0 : 0x104c0    : c_slli a4, 2               : IntAlu :  D=0x0000000000000020
3976500: system.cpu: T0 : 0x104c2    : c_add a4, a3               : IntAlu :  D=0x000000000006f020
3977000: system.cpu: T0 : 0x104c4    : flw fa5, 0(a4)             : FloatMemRead :  D=0x0000000042460000 A=0x6f020
3977500: system.cpu: T0 : 0x104c8    : auipc a4, 95               : IntAlu :  D=0x000000000006f4c8
3978000: system.cpu: T0 : 0x104cc    : addi a4, a4, -1224         : IntAlu :  D=0x000000000006f000
3978500: system.cpu: T0 : 0x104d0    : c_slli a5, 2               : IntAlu :  D=0x0000000000000024
3979000: system.cpu: T0 : 0x104d2    : c_add a5, a4               : IntAlu :  D=0x000000000006f024
3979500: system.cpu: T0 : 0x104d4    : fsw fa5, 0(a5)             : FloatMemWrite :  D=0x0000000042460000 A=0x6f024
3980000: system.cpu: T0 : 0x104d8    : ld a5, -56(s0)             : MemRead :  D=0x0000000000000008 A=0x7ffffffffffffda8
3980500: system.cpu: T0 : 0x104dc    : c_addi a5, -1              : IntAlu :  D=0x0000000000000007
3981500: system.cpu: T0 : 0x104de    : sd a5, -56(s0)             : MemWrite :  D=0x0000000000000007 A=0x7ffffffffffffda8
3982500: system.cpu: T0 : 0x104e2    : ld a4, -56(s0)             : MemRead :  D=0x0000000000000007 A=0x7ffffffffffffda8
3983500: system.cpu: T0 : 0x104e6    : ld a5, -32(s0)             : MemRead :  D=0x0000000000000005 A=0x7ffffffffffffdc0
3984500: system.cpu: T0 : 0x104ea    : bgeu a4, a5, -90           : IntAlu : 
3985000: system.cpu: T0 : 0x10490    : auipc a4, 95               : IntAlu :  D=0x000000000006f490
3985500: system.cpu: T0 : 0x10494    : addi a4, a4, -1168         : IntAlu :  D=0x000000000006f000
3986000: system.cpu: T0 : 0x10498    : ld a5, -56(s0)             : MemRead :  D=0x0000000000000007 A=0x7ffffffffffffda8
3986500: system.cpu: T0 : 0x1049c    : c_slli a5, 2               : IntAlu :  D=0x000000000000001c
3987000: system.cpu: T0 : 0x1049e    : c_add a5, a4               : IntAlu :  D=0x000000000006f01c
3987500: system.cpu: T0 : 0x104a0    : flw fa5, 0(a5)             : FloatMemRead :  D=0x0000000042300000 A=0x6f01c
3988000: system.cpu: T0 : 0x104a4    : flw fa4, -60(s0)           : FloatMemRead :  D=0x000000004124cccd A=0x7ffffffffffffda4
3988500: system.cpu: T0 : 0x104a8    : fle_s a5, fa5, fa4         : FloatCmp :  D=0x0000000000000000
3989000: system.cpu: T0 : 0x104ac    : c_bnez a5, 68              : IntAlu : 
3990000: system.cpu: T0 : 0x104ae    : ld a5, -56(s0)             : MemRead :  D=0x0000000000000007 A=0x7ffffffffffffda8
3990500: system.cpu: T0 : 0x104b2    : c_addi a5, 1               : IntAlu :  D=0x0000000000000008
3991000: system.cpu: T0 : 0x104b4    : auipc a3, 95               : IntAlu :  D=0x000000000006f4b4
3991500: system.cpu: T0 : 0x104b8    : addi a3, a3, -1204         : IntAlu :  D=0x000000000006f000
3992000: system.cpu: T0 : 0x104bc    : ld a4, -56(s0)             : MemRead :  D=0x0000000000000007 A=0x7ffffffffffffda8
3992500: system.cpu: T0 : 0x104c0    : c_slli a4, 2               : IntAlu :  D=0x000000000000001c
3993000: system.cpu: T0 : 0x104c2    : c_add a4, a3               : IntAlu :  D=0x000000000006f01c
3993500: system.cpu: T0 : 0x104c4    : flw fa5, 0(a4)             : FloatMemRead :  D=0x0000000042300000 A=0x6f01c
3994000: system.cpu: T0 : 0x104c8    : auipc a4, 95               : IntAlu :  D=0x000000000006f4c8
3994500: system.cpu: T0 : 0x104cc    : addi a4, a4, -1224         : IntAlu :  D=0x000000000006f000
3995000: system.cpu: T0 : 0x104d0    : c_slli a5, 2               : IntAlu :  D=0x0000000000000020
3995500: system.cpu: T0 : 0x104d2    : c_add a5, a4               : IntAlu :  D=0x000000000006f020
3996000: system.cpu: T0 : 0x104d4    : fsw fa5, 0(a5)             : FloatMemWrite :  D=0x0000000042300000 A=0x6f020
3996500: system.cpu: T0 : 0x104d8    : ld a5, -56(s0)             : MemRead :  D=0x0000000000000007 A=0x7ffffffffffffda8
3997000: system.cpu: T0 : 0x104dc    : c_addi a5, -1              : IntAlu :  D=0x0000000000000006
3998000: system.cpu: T0 : 0x104de    : sd a5, -56(s0)             : MemWrite :  D=0x0000000000000006 A=0x7ffffffffffffda8
3999000: system.cpu: T0 : 0x104e2    : ld a4, -56(s0)             : MemRead :  D=0x0000000000000006 A=0x7ffffffffffffda8
4000000: system.cpu: T0 : 0x104e6    : ld a5, -32(s0)             : MemRead :  D=0x0000000000000005 A=0x7ffffffffffffdc0
4001000: system.cpu: T0 : 0x104ea    : bgeu a4, a5, -90           : IntAlu : 
4001500: system.cpu: T0 : 0x10490    : auipc a4, 95               : IntAlu :  D=0x000000000006f490
4002000: system.cpu: T0 : 0x10494    : addi a4, a4, -1168         : IntAlu :  D=0x000000000006f000
4002500: system.cpu: T0 : 0x10498    : ld a5, -56(s0)             : MemRead :  D=0x0000000000000006 A=0x7ffffffffffffda8
4003000: system.cpu: T0 : 0x1049c    : c_slli a5, 2               : IntAlu :  D=0x0000000000000018
4003500: system.cpu: T0 : 0x1049e    : c_add a5, a4               : IntAlu :  D=0x000000000006f018
4004000: system.cpu: T0 : 0x104a0    : flw fa5, 0(a5)             : FloatMemRead :  D=0x00000000420c0000 A=0x6f018
4004500: system.cpu: T0 : 0x104a4    : flw fa4, -60(s0)           : FloatMemRead :  D=0x000000004124cccd A=0x7ffffffffffffda4
4005000: system.cpu: T0 : 0x104a8    : fle_s a5, fa5, fa4         : FloatCmp :  D=0x0000000000000000
4005500: system.cpu: T0 : 0x104ac    : c_bnez a5, 68              : IntAlu : 
4006500: system.cpu: T0 : 0x104ae    : ld a5, -56(s0)             : MemRead :  D=0x0000000000000006 A=0x7ffffffffffffda8
4007000: system.cpu: T0 : 0x104b2    : c_addi a5, 1               : IntAlu :  D=0x0000000000000007
4007500: system.cpu: T0 : 0x104b4    : auipc a3, 95               : IntAlu :  D=0x000000000006f4b4
4008000: system.cpu: T0 : 0x104b8    : addi a3, a3, -1204         : IntAlu :  D=0x000000000006f000
4008500: system.cpu: T0 : 0x104bc    : ld a4, -56(s0)             : MemRead :  D=0x0000000000000006 A=0x7ffffffffffffda8
4009000: system.cpu: T0 : 0x104c0    : c_slli a4, 2               : IntAlu :  D=0x0000000000000018
4009500: system.cpu: T0 : 0x104c2    : c_add a4, a3               : IntAlu :  D=0x000000000006f018
4010000: system.cpu: T0 : 0x104c4    : flw fa5, 0(a4)             : FloatMemRead :  D=0x00000000420c0000 A=0x6f018
4010500: system.cpu: T0 : 0x104c8    : auipc a4, 95               : IntAlu :  D=0x000000000006f4c8
4011000: system.cpu: T0 : 0x104cc    : addi a4, a4, -1224         : IntAlu :  D=0x000000000006f000
4011500: system.cpu: T0 : 0x104d0    : c_slli a5, 2               : IntAlu :  D=0x000000000000001c
4012000: system.cpu: T0 : 0x104d2    : c_add a5, a4               : IntAlu :  D=0x000000000006f01c
4012500: system.cpu: T0 : 0x104d4    : fsw fa5, 0(a5)             : FloatMemWrite :  D=0x00000000420c0000 A=0x6f01c
4013000: system.cpu: T0 : 0x104d8    : ld a5, -56(s0)             : MemRead :  D=0x0000000000000006 A=0x7ffffffffffffda8
4013500: system.cpu: T0 : 0x104dc    : c_addi a5, -1              : IntAlu :  D=0x0000000000000005
4014500: system.cpu: T0 : 0x104de    : sd a5, -56(s0)             : MemWrite :  D=0x0000000000000005 A=0x7ffffffffffffda8
4015500: system.cpu: T0 : 0x104e2    : ld a4, -56(s0)             : MemRead :  D=0x0000000000000005 A=0x7ffffffffffffda8
4016500: system.cpu: T0 : 0x104e6    : ld a5, -32(s0)             : MemRead :  D=0x0000000000000005 A=0x7ffffffffffffdc0
4017500: system.cpu: T0 : 0x104ea    : bgeu a4, a5, -90           : IntAlu : 
4018000: system.cpu: T0 : 0x10490    : auipc a4, 95               : IntAlu :  D=0x000000000006f490
4018500: system.cpu: T0 : 0x10494    : addi a4, a4, -1168         : IntAlu :  D=0x000000000006f000
4019000: system.cpu: T0 : 0x10498    : ld a5, -56(s0)             : MemRead :  D=0x0000000000000005 A=0x7ffffffffffffda8
4019500: system.cpu: T0 : 0x1049c    : c_slli a5, 2               : IntAlu :  D=0x0000000000000014
4020000: system.cpu: T0 : 0x1049e    : c_add a5, a4               : IntAlu :  D=0x000000000006f014
4020500: system.cpu: T0 : 0x104a0    : flw fa5, 0(a5)             : FloatMemRead :  D=0x0000000041a451ec A=0x6f014
4021000: system.cpu: T0 : 0x104a4    : flw fa4, -60(s0)           : FloatMemRead :  D=0x000000004124cccd A=0x7ffffffffffffda4
4021500: system.cpu: T0 : 0x104a8    : fle_s a5, fa5, fa4         : FloatCmp :  D=0x0000000000000000
4022000: system.cpu: T0 : 0x104ac    : c_bnez a5, 68              : IntAlu : 
4023000: system.cpu: T0 : 0x104ae    : ld a5, -56(s0)             : MemRead :  D=0x0000000000000005 A=0x7ffffffffffffda8
4023500: system.cpu: T0 : 0x104b2    : c_addi a5, 1               : IntAlu :  D=0x0000000000000006
4024000: system.cpu: T0 : 0x104b4    : auipc a3, 95               : IntAlu :  D=0x000000000006f4b4
4024500: system.cpu: T0 : 0x104b8    : addi a3, a3, -1204         : IntAlu :  D=0x000000000006f000
4025000: system.cpu: T0 : 0x104bc    : ld a4, -56(s0)             : MemRead :  D=0x0000000000000005 A=0x7ffffffffffffda8
4025500: system.cpu: T0 : 0x104c0    : c_slli a4, 2               : IntAlu :  D=0x0000000000000014
4026000: system.cpu: T0 : 0x104c2    : c_add a4, a3               : IntAlu :  D=0x000000000006f014
4026500: system.cpu: T0 : 0x104c4    : flw fa5, 0(a4)             : FloatMemRead :  D=0x0000000041a451ec A=0x6f014
4027000: system.cpu: T0 : 0x104c8    : auipc a4, 95               : IntAlu :  D=0x000000000006f4c8
4027500: system.cpu: T0 : 0x104cc    : addi a4, a4, -1224         : IntAlu :  D=0x000000000006f000
4028000: system.cpu: T0 : 0x104d0    : c_slli a5, 2               : IntAlu :  D=0x0000000000000018
4028500: system.cpu: T0 : 0x104d2    : c_add a5, a4               : IntAlu :  D=0x000000000006f018
4029000: system.cpu: T0 : 0x104d4    : fsw fa5, 0(a5)             : FloatMemWrite :  D=0x0000000041a451ec A=0x6f018
4029500: system.cpu: T0 : 0x104d8    : ld a5, -56(s0)             : MemRead :  D=0x0000000000000005 A=0x7ffffffffffffda8
4030000: system.cpu: T0 : 0x104dc    : c_addi a5, -1              : IntAlu :  D=0x0000000000000004
4031000: system.cpu: T0 : 0x104de    : sd a5, -56(s0)             : MemWrite :  D=0x0000000000000004 A=0x7ffffffffffffda8
4032000: system.cpu: T0 : 0x104e2    : ld a4, -56(s0)             : MemRead :  D=0x0000000000000004 A=0x7ffffffffffffda8
4033000: system.cpu: T0 : 0x104e6    : ld a5, -32(s0)             : MemRead :  D=0x0000000000000005 A=0x7ffffffffffffdc0
4034000: system.cpu: T0 : 0x104ea    : bgeu a4, a5, -90           : IntAlu : 
4034500: system.cpu: T0 : 0x104ee    : c_j 4                      : IntAlu : 
4035500: system.cpu: T0 : 0x104f2    : ld a5, -56(s0)             : MemRead :  D=0x0000000000000004 A=0x7ffffffffffffda8
4036000: system.cpu: T0 : 0x104f6    : c_addi a5, 1               : IntAlu :  D=0x0000000000000005
4036500: system.cpu: T0 : 0x104f8    : auipc a4, 95               : IntAlu :  D=0x000000000006f4f8
4037000: system.cpu: T0 : 0x104fc    : addi a4, a4, -1272         : IntAlu :  D=0x000000000006f000
4037500: system.cpu: T0 : 0x10500    : c_slli a5, 2               : IntAlu :  D=0x0000000000000014
4038000: system.cpu: T0 : 0x10502    : c_add a5, a4               : IntAlu :  D=0x000000000006f014
4038500: system.cpu: T0 : 0x10504    : flw fa5, -60(s0)           : FloatMemRead :  D=0x000000004124cccd A=0x7ffffffffffffda4
4039000: system.cpu: T0 : 0x10508    : fsw fa5, 0(a5)             : FloatMemWrite :  D=0x000000004124cccd A=0x6f014
4039500: system.cpu: T0 : 0x1050c    : ld a5, -40(s0)             : MemRead :  D=0x000000000000000a A=0x7ffffffffffffdb8
4040000: system.cpu: T0 : 0x10510    : c_addi a5, 1               : IntAlu :  D=0x000000000000000b
4041000: system.cpu: T0 : 0x10512    : sd a5, -40(s0)             : MemWrite :  D=0x000000000000000b A=0x7ffffffffffffdb8
4042000: system.cpu: T0 : 0x10516    : ld a4, -40(s0)             : MemRead :  D=0x000000000000000b A=0x7ffffffffffffdb8
4043000: system.cpu: T0 : 0x1051a    : ld a5, -48(s0)             : MemRead :  D=0x000000000000000a A=0x7ffffffffffffdb0
4044000: system.cpu: T0 : 0x1051e    : bgeu a5, a4, -178          : IntAlu : 
4045000: system.cpu: T0 : 0x10522    : lw a5, -72(s0)             : MemRead :  D=0x0000000000000000 A=0x7ffffffffffffd98
4045500: system.cpu: T0 : 0x10526    : c_addiw a5, 0              : IntAlu :  D=0x0000000000000000
4046000: system.cpu: T0 : 0x10528    : beq a5, zero, 1084         : IntAlu : 
4046500: system.cpu: T0 : 0x10964    : c_addi zero, 0             : IntAlu :  D=0x0000000000000000
4047000: system.cpu: T0 : 0x10966    : c_addi zero, 0             : IntAlu :  D=0x0000000000000000
4047500: system.cpu: T0 : 0x10968    : c_ldsp s0, 88(sp)          : MemRead :  D=0x7ffffffffffffdf0 A=0x7ffffffffffffdd8
4048000: system.cpu: T0 : 0x1096a    : c_addi16sp sp, 96          : IntAlu :  D=0x7ffffffffffffde0
4048500: system.cpu: T0 : 0x1096c    : c_jr ra                    : IntAlu : 
4049000: system.cpu: T0 : 0x1097c    : c_li a5, 0                 : IntAlu :  D=0x0000000000000000
4049500: system.cpu: T0 : 0x1097e    : c_mv a0, a5                : IntAlu :  D=0x0000000000000000
4050000: system.cpu: T0 : 0x10980    : c_ldsp ra, 8(sp)           : MemRead :  D=0x0000000000010b1a A=0x7ffffffffffffde8
4050500: system.cpu: T0 : 0x10982    : c_ldsp s0, 0(sp)           : MemRead :  D=0x0000000000010e54 A=0x7ffffffffffffde0
4051000: system.cpu: T0 : 0x10984    : c_addi sp, 16              : IntAlu :  D=0x7ffffffffffffdf0
4051500: system.cpu: T0 : 0x10986    : c_jr ra                    : IntAlu : 
4052500: system.cpu: T0 : 0x10b1a    : jal ra, 17142              : IntAlu :  D=0x0000000000010b1e
4053000: system.cpu: T0 : 0x14e10    : c_addi sp, -16             : IntAlu :  D=0x7ffffffffffffde0
4053500: system.cpu: T0 : 0x14e12    : c_li a3, 1                 : IntAlu :  D=0x0000000000000001
4054000: system.cpu: T0 : 0x14e14    : c_li a2, 1                 : IntAlu :  D=0x0000000000000001
4055000: system.cpu: T0 : 0x14e16    : addi a1, gp, -1936         : IntAlu :  D=0x00000000000708f0
4055500: system.cpu: T0 : 0x14e1a    : c_sdsp ra, 8(sp)           : MemWrite :  D=0x0000000000010b1e A=0x7ffffffffffffde8
4056000: system.cpu: T0 : 0x14e1c    : jal ra, -468               : IntAlu :  D=0x0000000000014e20
4056500: system.cpu: T0 : 0x14c48    : c_addi16sp sp, -128        : IntAlu :  D=0x7ffffffffffffd60
4057000: system.cpu: T0 : 0x14c4a    : c_sdsp s6, 64(sp)          : MemWrite :  D=0x0000000000000000 A=0x7ffffffffffffda0
4057500: system.cpu: T0 : 0x14c4c    : c_sdsp s7, 56(sp)          : MemWrite :  D=0x0000000000000000 A=0x7ffffffffffffd98
4058000: system.cpu: T0 : 0x14c4e    : c_sdsp ra, 120(sp)         : MemWrite :  D=0x0000000000014e20 A=0x7ffffffffffffdd8
4058500: system.cpu: T0 : 0x14c50    : c_sdsp s0, 112(sp)         : MemWrite :  D=0x0000000000010e54 A=0x7ffffffffffffdd0
4059000: system.cpu: T0 : 0x14c52    : c_sdsp s1, 104(sp)         : MemWrite :  D=0x0000000000010ee4 A=0x7ffffffffffffdc8
4059500: system.cpu: T0 : 0x14c54    : c_sdsp s2, 96(sp)          : MemWrite :  D=0x0000000000000000 A=0x7ffffffffffffdc0
4060000: system.cpu: T0 : 0x14c56    : c_sdsp s3, 88(sp)          : MemWrite :  D=0x0000000000000000 A=0x7ffffffffffffdb8
4060500: system.cpu: T0 : 0x14c58    : c_sdsp s4, 80(sp)          : MemWrite :  D=0x0000000000000000 A=0x7ffffffffffffdb0
4061000: system.cpu: T0 : 0x14c5a    : c_sdsp s5, 72(sp)          : MemWrite :  D=0x0000000000000000 A=0x7ffffffffffffda8
4061500: system.cpu: T0 : 0x14c5c    : c_sdsp s8, 48(sp)          : MemWrite :  D=0x0000000000000000 A=0x7ffffffffffffd90
4062000: system.cpu: T0 : 0x14c5e    : c_sdsp s9, 40(sp)          : MemWrite :  D=0x0000000000000000 A=0x7ffffffffffffd88
4062500: system.cpu: T0 : 0x14c60    : c_sdsp s10, 32(sp)         : MemWrite :  D=0x0000000000000000 A=0x7ffffffffffffd80
4063000: system.cpu: T0 : 0x14c62    : c_sdsp s11, 24(sp)         : MemWrite :  D=0x0000000000000000 A=0x7ffffffffffffd78
4063500: system.cpu: T0 : 0x14c64    : addi a5, zero, 0           : IntAlu :  D=0x0000000000000000
4064000: system.cpu: T0 : 0x14c68    : c_sdsp a2, 8(sp)           : MemWrite :  D=0x0000000000000001 A=0x7ffffffffffffd68
4064500: system.cpu: T0 : 0x14c6a    : c_mv s6, a0                : IntAlu :  D=0x0000000000000000
4065000: system.cpu: T0 : 0x14c6c    : c_mv s7, a1                : IntAlu :  D=0x00000000000708f0
4065500: system.cpu: T0 : 0x14c6e    : c_beqz a5, 6               : IntAlu : 
4066000: system.cpu: T0 : 0x14c74    : lui s9, 114                : IntAlu :  D=0x0000000000072000
4066500: system.cpu: T0 : 0x14c78    : lui s11, 114               : IntAlu :  D=0x0000000000072000
4067000: system.cpu: T0 : 0x14c7c    : c_li s4, 0                 : IntAlu :  D=0x0000000000000000
4067500: system.cpu: T0 : 0x14c7e    : c_li s3, 1                 : IntAlu :  D=0x0000000000000001
4068000: system.cpu: T0 : 0x14c80    : c_li a4, 1                 : IntAlu :  D=0x0000000000000001
4069000: system.cpu: T0 : 0x14c82    : addi a3, s9, -120          : IntAlu :  D=0x0000000000071f88
4070000: system.cpu: T0 : 0x14c86    : lr_w a5, (a3)             
4070000: system.cpu: T0 : 0x14c86. 0 : lr_w a5, (a3)              : MemRead :  D=0x0000000000000000 A=0x71f88
4070500: system.cpu: T0 : 0x14c8a    : c_bnez a5, 8               : IntAlu : 
4071000: system.cpu: T0 : 0x14c8c    : sc_w_aq a2, a4, (a3)      
4071000: system.cpu: T0 : 0x14c8c. 0 : sc_w a2, a4, (a3)          : MemWrite :  D=0x0000000000000000 A=0x71f88
4071500: system.cpu: T0 : 0x14c8c. 1 : 0x1ce6a62f fence           : No_OpClass : 
4072000: system.cpu: T0 : 0x14c90    : c_bnez a2, -10             : IntAlu : 
4072500: system.cpu: T0 : 0x14c92    : c_addiw a5, 0              : IntAlu :  D=0x0000000000000000
4073000: system.cpu: T0 : 0x14c94    : bne a5, zero, 338          : IntAlu : 
4073500: system.cpu: T0 : 0x14c98    : ld s10, 0(s7)              : MemRead :  D=0x0000000000071198 A=0x708f0
4074000: system.cpu: T0 : 0x14c9c    : beq s10, zero, 152         : IntAlu : 
4074500: system.cpu: T0 : 0x14ca0    : c_li s5, 3                 : IntAlu :  D=0x0000000000000003
4075000: system.cpu: T0 : 0x14ca2    : c_li s2, 4                 : IntAlu :  D=0x0000000000000004
4075500: system.cpu: T0 : 0x14ca4    : c_li s1, 2                 : IntAlu :  D=0x0000000000000002
4076000: system.cpu: T0 : 0x14ca6    : c_li s0, 1                 : IntAlu :  D=0x0000000000000001
4076500: system.cpu: T0 : 0x14ca8    : c_j 34                     : IntAlu : 
4077500: system.cpu: T0 : 0x14cca    : ld a5, 8(s10)              : MemRead :  D=0x0000000000000001 A=0x711a0
4078000: system.cpu: T0 : 0x14cce    : c_beqz a5, 222             : IntAlu : 
4078500: system.cpu: T0 : 0x14cd0    : ld s8, -112(s11)           : MemRead :  D=0x0000000000000001 A=0x71f90
4079000: system.cpu: T0 : 0x14cd4    : c_addi a5, -1              : IntAlu :  D=0x0000000000000000
4080000: system.cpu: T0 : 0x14cd6    : sd a5, 8(s10)              : MemWrite :  D=0x0000000000000000 A=0x711a0
4080500: system.cpu: T0 : 0x14cda    : c_mv a4, s4                : IntAlu :  D=0x0000000000000000
4081000: system.cpu: T0 : 0x14cdc    : addi a3, s9, -120          : IntAlu :  D=0x0000000000071f88
4081500: system.cpu: T0 : 0x14ce0    : fence iorw, ow             : No_OpClass : 
4082000: system.cpu: T0 : 0x14ce4    : amoswap_w a4, a4, (a3)    
4082000: system.cpu: T0 : 0x14ce4. 0 : amoswap_w[l] a4, a4, (a3)  : MemRead :  D=0x0000000000000001 A=0x71f88
4082500: system.cpu: T0 : 0x14ce8    : c_addiw a4, 0              : IntAlu :  D=0x0000000000000001
4083500: system.cpu: T0 : 0x14cea    : blt s3, a4, 172            : IntAlu : 
4084000: system.cpu: T0 : 0x14cee    : c_slli a5, 5               : IntAlu :  D=0x0000000000000000
4084500: system.cpu: T0 : 0x14cf0    : c_add a5, s10              : IntAlu :  D=0x0000000000071198
4085000: system.cpu: T0 : 0x14cf2    : c_ld a4, 16(a5)            : MemRead :  D=0x0000000000000004 A=0x711a8
4085500: system.cpu: T0 : 0x14cf4    : beq a4, s5, 146            : IntAlu : 
4086000: system.cpu: T0 : 0x14cf8    : bne a4, s2, -78            : IntAlu : 
4086500: system.cpu: T0 : 0x14cfc    : c_ld a4, 24(a5)            : MemRead :  D=0x0000000000010ee4 A=0x711b0
4087000: system.cpu: T0 : 0x14cfe    : c_ld a0, 32(a5)            : MemRead :  D=0x0000000000000000 A=0x711b8
4087500: system.cpu: T0 : 0x14d00    : sd zero, 16(a5)            : MemWrite :  D=0x0000000000000000 A=0x711a8
4088000: system.cpu: T0 : 0x14d04    : c_mv a1, s6                : IntAlu :  D=0x0000000000000000
4088500: system.cpu: T0 : 0x14d06    : c_jalr a4                  : IntAlu :  D=0x0000000000014d08
4089000: system.cpu: T0 : 0x10ee4    : c_addi sp, -32             : IntAlu :  D=0x7ffffffffffffd40
4089500: system.cpu: T0 : 0x10ee6    : c_sdsp s0, 16(sp)          : MemWrite :  D=0x0000000000000001 A=0x7ffffffffffffd50
4090000: system.cpu: T0 : 0x10ee8    : lui a5, 111                : IntAlu :  D=0x000000000006f000
4090500: system.cpu: T0 : 0x10eec    : lui s0, 111                : IntAlu :  D=0x000000000006f000
4091000: system.cpu: T0 : 0x10ef0    : addi s0, s0, -1280         : IntAlu :  D=0x000000000006eb00
4091500: system.cpu: T0 : 0x10ef4    : addi a5, a5, -1264         : IntAlu :  D=0x000000000006eb10
4092000: system.cpu: T0 : 0x10ef8    : c_sub a5, s0               : IntAlu :  D=0x0000000000000010
4092500: system.cpu: T0 : 0x10efa    : c_sdsp ra, 24(sp)          : MemWrite :  D=0x0000000000014d08 A=0x7ffffffffffffd58
4093000: system.cpu: T0 : 0x10efc    : c_sdsp s1, 8(sp)           : MemWrite :  D=0x0000000000000002 A=0x7ffffffffffffd48
4093500: system.cpu: T0 : 0x10efe    : c_sdsp s2, 0(sp)           : MemWrite :  D=0x0000000000000004 A=0x7ffffffffffffd40
4094000: system.cpu: T0 : 0x10f00    : srai a4, a5, 3             : IntAlu :  D=0x0000000000000002
4094500: system.cpu: T0 : 0x10f04    : c_beqz a4, 24              : IntAlu : 
4095000: system.cpu: T0 : 0x10f06    : c_addi a5, -8              : IntAlu :  D=0x0000000000000008
4095500: system.cpu: T0 : 0x10f08    : addi s1, a4, -1            : IntAlu :  D=0x0000000000000001
4096000: system.cpu: T0 : 0x10f0c    : c_add s0, a5               : IntAlu :  D=0x000000000006eb08
4096500: system.cpu: T0 : 0x10f0e    : c_li s2, -1                : IntAlu :  D=0xffffffffffffffff
4097000: system.cpu: T0 : 0x10f10    : c_ld a5, 0(s0)             : MemRead :  D=0x0000000000010340 A=0x6eb08
4097500: system.cpu: T0 : 0x10f12    : c_addi s1, -1              : IntAlu :  D=0x0000000000000000
4098000: system.cpu: T0 : 0x10f14    : c_addi s0, -8              : IntAlu :  D=0x000000000006eb00
4098500: system.cpu: T0 : 0x10f16    : c_jalr a5                  : IntAlu :  D=0x0000000000010f18
4099000: system.cpu: T0 : 0x10340    : addi a0, gp, 1616          : IntAlu :  D=0x00000000000716d0
4099500: system.cpu: T0 : 0x10344    : jal zero, 210222           : IntAlu :  D=0x0000000000010348
4100000: system.cpu: T0 : 0x43872    : c_addi sp, -32             : IntAlu :  D=0x7ffffffffffffd20
4100500: system.cpu: T0 : 0x43874    : c_sdsp s1, 8(sp)           : MemWrite :  D=0x0000000000000000 A=0x7ffffffffffffd28
4101000: system.cpu: T0 : 0x43876    : c_ld s1, 0(a0)             : MemRead :  D=0x0000000000000000 A=0x716d0
4101500: system.cpu: T0 : 0x43878    : c_sdsp ra, 24(sp)          : MemWrite :  D=0x0000000000010f18 A=0x7ffffffffffffd38
4102000: system.cpu: T0 : 0x4387a    : c_sdsp s0, 16(sp)          : MemWrite :  D=0x000000000006eb00 A=0x7ffffffffffffd30
4102500: system.cpu: T0 : 0x4387c    : c_beqz s1, 20              : IntAlu : 
4103000: system.cpu: T0 : 0x43890    : c_ldsp ra, 24(sp)          : MemRead :  D=0x0000000000010f18 A=0x7ffffffffffffd38
4103500: system.cpu: T0 : 0x43892    : c_ldsp s0, 16(sp)          : MemRead :  D=0x000000000006eb00 A=0x7ffffffffffffd30
4104000: system.cpu: T0 : 0x43894    : c_ldsp s1, 8(sp)           : MemRead :  D=0x0000000000000000 A=0x7ffffffffffffd28
4104500: system.cpu: T0 : 0x43896    : c_addi16sp sp, 32          : IntAlu :  D=0x7ffffffffffffd40
4105000: system.cpu: T0 : 0x43898    : c_jr ra                    : IntAlu : 
4105500: system.cpu: T0 : 0x10f18    : bne s1, s2, -8             : IntAlu : 
4106000: system.cpu: T0 : 0x10f10    : c_ld a5, 0(s0)             : MemRead :  D=0x00000000000103d6 A=0x6eb00
4106500: system.cpu: T0 : 0x10f12    : c_addi s1, -1              : IntAlu :  D=0xffffffffffffffff
4107000: system.cpu: T0 : 0x10f14    : c_addi s0, -8              : IntAlu :  D=0x000000000006eaf8
4107500: system.cpu: T0 : 0x10f16    : c_jalr a5                  : IntAlu :  D=0x0000000000010f18
4108000: system.cpu: T0 : 0x103d6    : c_addi sp, -16             : IntAlu :  D=0x7ffffffffffffd30
4108500: system.cpu: T0 : 0x103d8    : c_sdsp s0, 0(sp)           : MemWrite :  D=0x000000000006eaf8 A=0x7ffffffffffffd30
4109500: system.cpu: T0 : 0x103da    : lbu a5, -1016(gp)          : MemRead :  D=0x0000000000000000 A=0x70c88
4110000: system.cpu: T0 : 0x103de    : c_sdsp ra, 8(sp)           : MemWrite :  D=0x0000000000010f18 A=0x7ffffffffffffd38
4110500: system.cpu: T0 : 0x103e0    : c_bnez a5, 34              : IntAlu : 
4111500: system.cpu: T0 : 0x103e2    : jal ra, -96                : IntAlu :  D=0x00000000000103e6
4112500: system.cpu: T0 : 0x10382    : lui a0, 113                : IntAlu :  D=0x0000000000071000
4113500: system.cpu: T0 : 0x10386    : lui a4, 113                : IntAlu :  D=0x0000000000071000
4114500: system.cpu: T0 : 0x1038a    : addi a5, a0, -1984         : IntAlu :  D=0x0000000000070840
4115500: system.cpu: T0 : 0x1038e    : addi a4, a4, -1984         : IntAlu :  D=0x0000000000070840
4116500: system.cpu: T0 : 0x10392    : beq a4, a5, 18             : IntAlu : 
4117000: system.cpu: T0 : 0x103a4    : c_jr ra                    : IntAlu : 
4118000: system.cpu: T0 : 0x103e6    : lui a5, 77                 : IntAlu :  D=0x000000000004d000
4119000: system.cpu: T0 : 0x103ea    : addi a5, a5, -1316         : IntAlu :  D=0x000000000004cadc
4119500: system.cpu: T0 : 0x103ee    : c_beqz a5, 14              : IntAlu : 
4120000: system.cpu: T0 : 0x103f0    : lui a0, 106                : IntAlu :  D=0x000000000006a000
4120500: system.cpu: T0 : 0x103f4    : addi a0, a0, 1600          : IntAlu :  D=0x000000000006a640
4121000: system.cpu: T0 : 0x103f8    : jal ra, 247524             : IntAlu :  D=0x00000000000103fc
4121500: system.cpu: T0 : 0x4cadc    : c_j -222                   : IntAlu : 
4122000: system.cpu: T0 : 0x4c9fe    : c_addi sp, -32             : IntAlu :  D=0x7ffffffffffffd10
4122500: system.cpu: T0 : 0x4ca00    : c_sdsp ra, 24(sp)          : MemWrite :  D=0x00000000000103fc A=0x7ffffffffffffd28
4123000: system.cpu: T0 : 0x4ca02    : c_sdsp s0, 16(sp)          : MemWrite :  D=0x000000000006eaf8 A=0x7ffffffffffffd20
4123500: system.cpu: T0 : 0x4ca04    : c_sdsp s1, 8(sp)           : MemWrite :  D=0xffffffffffffffff A=0x7ffffffffffffd18
4124000: system.cpu: T0 : 0x4ca06    : c_sdsp s2, 0(sp)           : MemWrite :  D=0xffffffffffffffff A=0x7ffffffffffffd10
4124500: system.cpu: T0 : 0x4ca08    : c_beqz a0, 160             : IntAlu : 
4125000: system.cpu: T0 : 0x4ca0a    : c_lw a5, 0(a0)             : MemRead :  D=0x000000000000001c A=0x6a640
4125500: system.cpu: T0 : 0x4ca0c    : c_mv s1, a0                : IntAlu :  D=0x000000000006a640
4126000: system.cpu: T0 : 0x4ca0e    : c_beqz a5, 154             : IntAlu : 
4126500: system.cpu: T0 : 0x4ca10    : auipc s2, 36               : IntAlu :  D=0x0000000000070a10
4127000: system.cpu: T0 : 0x4ca14    : ld s2, -440(s2)            : MemRead :  D=0x0000000000000000 A=0x70858
4127500: system.cpu: T0 : 0x4ca18    : beq s2, zero, 22           : IntAlu : 
4128500: system.cpu: T0 : 0x4ca2e    : addi a2, gp, 1880          : IntAlu :  D=0x00000000000717d8
4129500: system.cpu: T0 : 0x4ca32    : ld a5, 448(a2)             : MemRead :  D=0x0000000000070c90 A=0x71998
4130000: system.cpu: T0 : 0x4ca36    : c_beqz a5, 66              : IntAlu : 
4130500: system.cpu: T0 : 0x4ca38    : auipc a3, 37               : IntAlu :  D=0x0000000000071a38
4131000: system.cpu: T0 : 0x4ca3c    : addi a3, a3, -160          : IntAlu :  D=0x0000000000071998
4131500: system.cpu: T0 : 0x4ca40    : c_j 8                      : IntAlu : 
4132000: system.cpu: T0 : 0x4ca48    : c_ld a4, 24(a5)            : MemRead :  D=0x000000000006a640 A=0x70ca8
4132500: system.cpu: T0 : 0x4ca4a    : c_mv s0, a5                : IntAlu :  D=0x0000000000070c90
4133000: system.cpu: T0 : 0x4ca4c    : c_ld a5, 40(a5)            : MemRead :  D=0x0000000000000000 A=0x70cb8
4134000: system.cpu: T0 : 0x4ca4e    : bne s1, a4, -12            : IntAlu : 
4134500: system.cpu: T0 : 0x4ca52    : c_sd a5, 0(a3)             : MemWrite :  D=0x0000000000000000 A=0x71998
4135000: system.cpu: T0 : 0x4ca54    : beq s2, zero, 22           : IntAlu : 
4135500: system.cpu: T0 : 0x4ca6a    : c_ldsp ra, 24(sp)          : MemRead :  D=0x00000000000103fc A=0x7ffffffffffffd28
4136000: system.cpu: T0 : 0x4ca6c    : c_mv a0, s0                : IntAlu :  D=0x0000000000070c90
4136500: system.cpu: T0 : 0x4ca6e    : c_ldsp s0, 16(sp)          : MemRead :  D=0x000000000006eaf8 A=0x7ffffffffffffd20
4137000: system.cpu: T0 : 0x4ca70    : c_ldsp s1, 8(sp)           : MemRead :  D=0xffffffffffffffff A=0x7ffffffffffffd18
4137500: system.cpu: T0 : 0x4ca72    : c_ldsp s2, 0(sp)           : MemRead :  D=0xffffffffffffffff A=0x7ffffffffffffd10
4138000: system.cpu: T0 : 0x4ca74    : c_addi16sp sp, 32          : IntAlu :  D=0x7ffffffffffffd30
4138500: system.cpu: T0 : 0x4ca76    : c_jr ra                    : IntAlu : 
4139000: system.cpu: T0 : 0x103fc    : c_li a5, 1                 : IntAlu :  D=0x0000000000000001
4140000: system.cpu: T0 : 0x103fe    : sb a5, -1016(gp)           : MemWrite :  D=0x0000000000000001 A=0x70c88
4140500: system.cpu: T0 : 0x10402    : c_ldsp ra, 8(sp)           : MemRead :  D=0x0000000000010f18 A=0x7ffffffffffffd38
4141000: system.cpu: T0 : 0x10404    : c_ldsp s0, 0(sp)           : MemRead :  D=0x000000000006eaf8 A=0x7ffffffffffffd30
4141500: system.cpu: T0 : 0x10406    : c_addi sp, 16              : IntAlu :  D=0x7ffffffffffffd40
4142000: system.cpu: T0 : 0x10408    : c_jr ra                    : IntAlu : 
4142500: system.cpu: T0 : 0x10f18    : bne s1, s2, -8             : IntAlu : 
4143000: system.cpu: T0 : 0x10f1c    : c_ldsp ra, 24(sp)          : MemRead :  D=0x0000000000014d08 A=0x7ffffffffffffd58
4143500: system.cpu: T0 : 0x10f1e    : c_ldsp s0, 16(sp)          : MemRead :  D=0x0000000000000001 A=0x7ffffffffffffd50
4144000: system.cpu: T0 : 0x10f20    : c_ldsp s1, 8(sp)           : MemRead :  D=0x0000000000000002 A=0x7ffffffffffffd48
4144500: system.cpu: T0 : 0x10f22    : c_ldsp s2, 0(sp)           : MemRead :  D=0x0000000000000004 A=0x7ffffffffffffd40
4145000: system.cpu: T0 : 0x10f24    : c_addi16sp sp, 32          : IntAlu :  D=0x7ffffffffffffd60
4145500: system.cpu: T0 : 0x10f26    : c_jr ra                    : IntAlu : 
4146000: system.cpu: T0 : 0x14d08    : addi a4, s9, -120          : IntAlu :  D=0x0000000000071f88
4146500: system.cpu: T0 : 0x14d0c    : lr_w a5, (a4)             
4146500: system.cpu: T0 : 0x14d0c. 0 : lr_w a5, (a4)              : MemRead :  D=0x0000000000000000 A=0x71f88
4147000: system.cpu: T0 : 0x14d10    : c_bnez a5, 8               : IntAlu : 
4148000: system.cpu: T0 : 0x14d12    : sc_w_aq a3, s0, (a4)      
4148000: system.cpu: T0 : 0x14d12. 0 : sc_w a3, s0, (a4)          : MemWrite :  D=0x0000000000000000 A=0x71f88
4148500: system.cpu: T0 : 0x14d12. 1 : 0x1c8726af fence           : No_OpClass : 
4149000: system.cpu: T0 : 0x14d16    : c_bnez a3, -10             : IntAlu : 
4149500: system.cpu: T0 : 0x14d18    : c_addiw a5, 0              : IntAlu :  D=0x0000000000000000
4150000: system.cpu: T0 : 0x14d1a    : c_beqz a5, -88             : IntAlu : 
4151000: system.cpu: T0 : 0x14cc2    : ld a5, -112(s11)           : MemRead :  D=0x0000000000000001 A=0x71f90
4152000: system.cpu: T0 : 0x14cc6    : bne a5, s8, 102            : IntAlu : 
4153000: system.cpu: T0 : 0x14cca    : ld a5, 8(s10)              : MemRead :  D=0x0000000000000000 A=0x711a0
4153500: system.cpu: T0 : 0x14cce    : c_beqz a5, 222             : IntAlu : 
4154000: system.cpu: T0 : 0x14dac    : ld a5, 0(s10)              : MemRead :  D=0x0000000000000000 A=0x71198
4154500: system.cpu: T0 : 0x14db0    : sd a5, 0(s7)               : MemWrite :  D=0x0000000000000000 A=0x708f0
4155000: system.cpu: T0 : 0x14db4    : c_beqz a5, 8               : IntAlu : 
4155500: system.cpu: T0 : 0x14dbc    : c_mv a5, s4                : IntAlu :  D=0x0000000000000000
4156500: system.cpu: T0 : 0x14dbe    : addi a4, s9, -120          : IntAlu :  D=0x0000000000071f88
4157500: system.cpu: T0 : 0x14dc2    : fence iorw, ow             : No_OpClass : 
4158500: system.cpu: T0 : 0x14dc6    : amoswap_w a5, a5, (a4)    
4158500: system.cpu: T0 : 0x14dc6. 0 : amoswap_w[l] a5, a5, (a4)  : MemRead :  D=0x0000000000000001 A=0x71f88
4159000: system.cpu: T0 : 0x14dca    : c_addiw a5, 0              : IntAlu :  D=0x0000000000000001
4159500: system.cpu: T0 : 0x14dcc    : bge s3, a5, -332           : IntAlu : 
4160000: system.cpu: T0 : 0x14c80    : c_li a4, 1                 : IntAlu :  D=0x0000000000000001
4161000: system.cpu: T0 : 0x14c82    : addi a3, s9, -120          : IntAlu :  D=0x0000000000071f88
4162000: system.cpu: T0 : 0x14c86    : lr_w a5, (a3)             
4162000: system.cpu: T0 : 0x14c86. 0 : lr_w a5, (a3)              : MemRead :  D=0x0000000000000000 A=0x71f88
4162500: system.cpu: T0 : 0x14c8a    : c_bnez a5, 8               : IntAlu : 
4163000: system.cpu: T0 : 0x14c8c    : sc_w_aq a2, a4, (a3)      
4163000: system.cpu: T0 : 0x14c8c. 0 : sc_w a2, a4, (a3)          : MemWrite :  D=0x0000000000000000 A=0x71f88
4163500: system.cpu: T0 : 0x14c8c. 1 : 0x1ce6a62f fence           : No_OpClass : 
4164000: system.cpu: T0 : 0x14c90    : c_bnez a2, -10             : IntAlu : 
4164500: system.cpu: T0 : 0x14c92    : c_addiw a5, 0              : IntAlu :  D=0x0000000000000000
4165000: system.cpu: T0 : 0x14c94    : bne a5, zero, 338          : IntAlu : 
4165500: system.cpu: T0 : 0x14c98    : ld s10, 0(s7)              : MemRead :  D=0x0000000000000000 A=0x708f0
4166000: system.cpu: T0 : 0x14c9c    : beq s10, zero, 152         : IntAlu : 
4166500: system.cpu: T0 : 0x14d34    : c_li a4, 1                 : IntAlu :  D=0x0000000000000001
4167500: system.cpu: T0 : 0x14d36    : sb a4, -1476(gp)           : MemWrite :  D=0x0000000000000001 A=0x70abc
4168000: system.cpu: T0 : 0x14d3a    : c_li a5, 0                 : IntAlu :  D=0x0000000000000000
4168500: system.cpu: T0 : 0x14d3c    : addi a4, s9, -120          : IntAlu :  D=0x0000000000071f88
4169000: system.cpu: T0 : 0x14d40    : fence iorw, ow             : No_OpClass : 
4169500: system.cpu: T0 : 0x14d44    : amoswap_w a5, a5, (a4)    
4169500: system.cpu: T0 : 0x14d44. 0 : amoswap_w[l] a5, a5, (a4)  : MemRead :  D=0x0000000000000001 A=0x71f88
4170000: system.cpu: T0 : 0x14d48    : c_addiw a5, 0              : IntAlu :  D=0x0000000000000001
4170500: system.cpu: T0 : 0x14d4a    : c_li a4, 1                 : IntAlu :  D=0x0000000000000001
4171000: system.cpu: T0 : 0x14d4c    : blt a4, a5, 174            : IntAlu : 
4171500: system.cpu: T0 : 0x14d50    : c_ldsp a5, 8(sp)           : MemRead :  D=0x0000000000000001 A=0x7ffffffffffffd68
4172000: system.cpu: T0 : 0x14d52    : c_beqz a5, 46              : IntAlu : 
4172500: system.cpu: T0 : 0x14d54    : lui s0, 106                : IntAlu :  D=0x000000000006a000
4173000: system.cpu: T0 : 0x14d58    : lui a5, 106                : IntAlu :  D=0x000000000006a000
4173500: system.cpu: T0 : 0x14d5c    : addi s1, s0, 1552          : IntAlu :  D=0x000000000006a610
4174000: system.cpu: T0 : 0x14d60    : addi a5, a5, 1560          : IntAlu :  D=0x000000000006a618
4174500: system.cpu: T0 : 0x14d64    : bgeu s1, a5, 28            : IntAlu : 
4175000: system.cpu: T0 : 0x14d68    : c_addi a5, -1              : IntAlu :  D=0x000000000006a617
4175500: system.cpu: T0 : 0x14d6a    : c_sub a5, s1               : IntAlu :  D=0x0000000000000007
4176000: system.cpu: T0 : 0x14d6c    : c_andi a5, 18446744073709551608 : IntAlu :  D=0x0000000000000000
4176500: system.cpu: T0 : 0x14d6e    : c_addi a5, 8               : IntAlu :  D=0x0000000000000008
4177000: system.cpu: T0 : 0x14d70    : c_add s1, a5               : IntAlu :  D=0x000000000006a618
4178000: system.cpu: T0 : 0x14d72    : addi s0, s0, 1552          : IntAlu :  D=0x000000000006a610
4178500: system.cpu: T0 : 0x14d76    : c_ld a5, 0(s0)             : MemRead :  D=0x0000000000019ca2 A=0x6a610
4179000: system.cpu: T0 : 0x14d78    : c_addi s0, 8               : IntAlu :  D=0x000000000006a618
4179500: system.cpu: T0 : 0x14d7a    : c_jalr a5                  : IntAlu :  D=0x0000000000014d7c
4180000: system.cpu: T0 : 0x19ca2    : c_addi16sp sp, -176        : IntAlu :  D=0x7ffffffffffffcb0
4180500: system.cpu: T0 : 0x19ca4    : c_sdsp s6, 112(sp)         : MemWrite :  D=0x0000000000000000 A=0x7ffffffffffffd20
4181500: system.cpu: T0 : 0x19ca6    : lui s6, 111                : IntAlu :  D=0x000000000006f000
4182500: system.cpu: T0 : 0x19caa    : ld a5, -1264(s6)           : MemRead :  D=0x2e00000000000000 A=0x6eb10
4183000: system.cpu: T0 : 0x19cae    : c_sdsp s3, 136(sp)         : MemWrite :  D=0x0000000000000001 A=0x7ffffffffffffd38
4183500: system.cpu: T0 : 0x19cb0    : c_li a0, 0                 : IntAlu :  D=0x0000000000000000
4184000: system.cpu: T0 : 0x19cb2    : c_sdsp s5, 120(sp)         : MemWrite :  D=0x0000000000000003 A=0x7ffffffffffffd28
4184500: system.cpu: T0 : 0x19cb4    : c_sdsp ra, 168(sp)         : MemWrite :  D=0x0000000000014d7c A=0x7ffffffffffffd58
4185000: system.cpu: T0 : 0x19cb6    : c_sdsp s0, 160(sp)         : MemWrite :  D=0x000000000006a618 A=0x7ffffffffffffd50
4185500: system.cpu: T0 : 0x19cb8    : c_sdsp s1, 152(sp)         : MemWrite :  D=0x000000000006a618 A=0x7ffffffffffffd48
4186000: system.cpu: T0 : 0x19cba    : c_sdsp s2, 144(sp)         : MemWrite :  D=0x0000000000000004 A=0x7ffffffffffffd40
4186500: system.cpu: T0 : 0x19cbc    : c_sdsp s4, 128(sp)         : MemWrite :  D=0x0000000000000000 A=0x7ffffffffffffd30
4187000: system.cpu: T0 : 0x19cbe    : c_sdsp s7, 104(sp)         : MemWrite :  D=0x00000000000708f0 A=0x7ffffffffffffd18
4187500: system.cpu: T0 : 0x19cc0    : c_sdsp s8, 96(sp)          : MemWrite :  D=0x0000000000000001 A=0x7ffffffffffffd10
4188000: system.cpu: T0 : 0x19cc2    : c_sdsp s9, 88(sp)          : MemWrite :  D=0x0000000000072000 A=0x7ffffffffffffd08
4188500: system.cpu: T0 : 0x19cc4    : c_sdsp s10, 80(sp)         : MemWrite :  D=0x0000000000000000 A=0x7ffffffffffffd00
4189000: system.cpu: T0 : 0x19cc6    : c_sdsp s11, 72(sp)         : MemWrite :  D=0x0000000000072000 A=0x7ffffffffffffcf8
4189500: system.cpu: T0 : 0x19cc8    : c_sdsp a5, 56(sp)          : MemWrite :  D=0x2e00000000000000 A=0x7ffffffffffffce8
4190500: system.cpu: T0 : 0x19cca    : addi s3, zero, 0           : IntAlu :  D=0x0000000000000000
4191500: system.cpu: T0 : 0x19cce    : jal ra, -556               : IntAlu :  D=0x0000000000019cd2
4192000: system.cpu: T0 : 0x19aa2    : c_addi16sp sp, -176        : IntAlu :  D=0x7ffffffffffffc00
4192500: system.cpu: T0 : 0x19aa4    : c_sdsp s5, 120(sp)         : MemWrite :  D=0x0000000000000003 A=0x7ffffffffffffc78
4193500: system.cpu: T0 : 0x19aa6    : lui s5, 111                : IntAlu :  D=0x000000000006f000
4194500: system.cpu: T0 : 0x19aaa    : ld a5, -1264(s5)           : MemRead :  D=0x2e00000000000000 A=0x6eb10
4195000: system.cpu: T0 : 0x19aae    : c_sdsp s3, 136(sp)         : MemWrite :  D=0x0000000000000000 A=0x7ffffffffffffc88
4195500: system.cpu: T0 : 0x19ab0    : c_sdsp s9, 88(sp)          : MemWrite :  D=0x0000000000072000 A=0x7ffffffffffffc58
4196000: system.cpu: T0 : 0x19ab2    : c_sdsp ra, 168(sp)         : MemWrite :  D=0x0000000000019cd2 A=0x7ffffffffffffca8
4196500: system.cpu: T0 : 0x19ab4    : c_sdsp s0, 160(sp)         : MemWrite :  D=0x000000000006a618 A=0x7ffffffffffffca0
4197000: system.cpu: T0 : 0x19ab6    : c_sdsp s1, 152(sp)         : MemWrite :  D=0x000000000006a618 A=0x7ffffffffffffc98
4197500: system.cpu: T0 : 0x19ab8    : c_sdsp s2, 144(sp)         : MemWrite :  D=0x0000000000000004 A=0x7ffffffffffffc90
4198000: system.cpu: T0 : 0x19aba    : c_sdsp s4, 128(sp)         : MemWrite :  D=0x0000000000000000 A=0x7ffffffffffffc80
4198500: system.cpu: T0 : 0x19abc    : c_sdsp s6, 112(sp)         : MemWrite :  D=0x000000000006f000 A=0x7ffffffffffffc70
4199000: system.cpu: T0 : 0x19abe    : c_sdsp s7, 104(sp)         : MemWrite :  D=0x00000000000708f0 A=0x7ffffffffffffc68
4199500: system.cpu: T0 : 0x19ac0    : c_sdsp s8, 96(sp)          : MemWrite :  D=0x0000000000000001 A=0x7ffffffffffffc60
4200000: system.cpu: T0 : 0x19ac2    : c_sdsp s10, 80(sp)         : MemWrite :  D=0x0000000000000000 A=0x7ffffffffffffc50
4200500: system.cpu: T0 : 0x19ac4    : c_sdsp s11, 72(sp)         : MemWrite :  D=0x0000000000072000 A=0x7ffffffffffffc48
4201000: system.cpu: T0 : 0x19ac6    : c_sdsp a5, 56(sp)          : MemWrite :  D=0x2e00000000000000 A=0x7ffffffffffffc38
4201500: system.cpu: T0 : 0x19ac8    : addi s3, zero, 0           : IntAlu :  D=0x0000000000000000
4202000: system.cpu: T0 : 0x19acc    : c_mv s9, a0                : IntAlu :  D=0x0000000000000000
4203000: system.cpu: T0 : 0x19ace    : beq s3, zero, 428          : IntAlu : 
4203500: system.cpu: T0 : 0x19c7a    : c_lui a5, 25               : IntAlu :  D=0x0000000000019000
4204000: system.cpu: T0 : 0x19c7c    : addi a5, a5, -776          : IntAlu :  D=0x0000000000018cf8
4204500: system.cpu: T0 : 0x19c80    : c_sdsp a5, 24(sp)          : MemWrite :  D=0x0000000000018cf8 A=0x7ffffffffffffc18
4205000: system.cpu: T0 : 0x19c82    : c_sdsp zero, 32(sp)        : MemWrite :  D=0x0000000000000000 A=0x7ffffffffffffc20
4205500: system.cpu: T0 : 0x19c84    : c_j -416                   : IntAlu : 
4206000: system.cpu: T0 : 0x19ae4    : addi s8, gp, 1320          : IntAlu :  D=0x00000000000715a8
4206500: system.cpu: T0 : 0x19ae8    : ld a5, 8(s8)               : MemRead :  D=0x0000000000000000 A=0x715b0
4207000: system.cpu: T0 : 0x19aec    : addi s0, tp, -1808         : IntAlu :  D=0x0000000000073000
4207500: system.cpu: T0 : 0x19af0    : beq a5, s0, 28             : IntAlu : 
4208000: system.cpu: T0 : 0x19af4    : c_li a3, 1                 : IntAlu :  D=0x0000000000000001
4209000: system.cpu: T0 : 0x19af6    : lr_w a5, (s8)             
4209000: system.cpu: T0 : 0x19af6. 0 : lr_w a5, (s8)              : MemRead :  D=0x0000000000000000 A=0x715a8
4209500: system.cpu: T0 : 0x19afa    : c_bnez a5, 8               : IntAlu : 
4210000: system.cpu: T0 : 0x19afc    : sc_w_aq a4, a3, (s8)      
4210000: system.cpu: T0 : 0x19afc. 0 : sc_w a4, a3, (s8)          : MemWrite :  D=0x0000000000000000 A=0x715a8
4210500: system.cpu: T0 : 0x19afc. 1 : 0x1cdc272f fence           : No_OpClass : 
4211000: system.cpu: T0 : 0x19b00    : c_bnez a4, -10             : IntAlu : 
4211500: system.cpu: T0 : 0x19b02    : c_addiw a5, 0              : IntAlu :  D=0x0000000000000000
4212000: system.cpu: T0 : 0x19b04    : bne a5, zero, 386          : IntAlu : 
4212500: system.cpu: T0 : 0x19b08    : sd s0, 8(s8)               : MemWrite :  D=0x0000000000073000 A=0x715b0
4213000: system.cpu: T0 : 0x19b0c    : lw a4, 4(s8)               : MemRead :  D=0x0000000000000000 A=0x715ac
4213500: system.cpu: T0 : 0x19b10    : ld s0, -1920(gp)           : MemRead :  D=0x000000000006f050 A=0x70900
4214000: system.cpu: T0 : 0x19b14    : addiw a3, a4, 1            : IntAlu :  D=0x0000000000000001
4214500: system.cpu: T0 : 0x19b18    : sw a3, 4(s8)               : MemWrite :  D=0x0000000000000001 A=0x715ac
4215000: system.cpu: T0 : 0x19b1c    : beq s0, zero, 382          : IntAlu : 
4215500: system.cpu: T0 : 0x19b20    : lui s1, 106                : IntAlu :  D=0x000000000006a000
4216000: system.cpu: T0 : 0x19b24    : lui s2, 106                : IntAlu :  D=0x000000000006a000
4216500: system.cpu: T0 : 0x19b28    : addi s2, s2, 40            : IntAlu :  D=0x000000000006a028
4217000: system.cpu: T0 : 0x19b2c    : addi s1, s1, 1552          : IntAlu :  D=0x000000000006a610
4217500: system.cpu: T0 : 0x19b30    : c_li s4, 0                 : IntAlu :  D=0x0000000000000000
4218000: system.cpu: T0 : 0x19b32    : c_lui s11, 8               : IntAlu :  D=0x0000000000008000
4218500: system.cpu: T0 : 0x19b34    : c_li s6, 1                 : IntAlu :  D=0x0000000000000001
4219500: system.cpu: T0 : 0x19b36    : sub s1, s1, s2             : IntAlu :  D=0x00000000000005e8
4220500: system.cpu: T0 : 0x19b3a    : sd s0, -1456(gp)           : MemWrite :  D=0x000000000006f050 A=0x70ad0
4221500: system.cpu: T0 : 0x19b3e    : beq s9, zero, 54           : IntAlu : 
4222000: system.cpu: T0 : 0x19b74    : lw a5, 192(s0)             : MemRead :  D=0x0000000000000000 A=0x6f110
4222500: system.cpu: T0 : 0x19b78    : bge zero, a5, 150          : IntAlu : 
4223000: system.cpu: T0 : 0x19c0e    : c_ld a3, 40(s0)            : MemRead :  D=0x0000000000000000 A=0x6f078
4223500: system.cpu: T0 : 0x19c10    : c_ld a5, 32(s0)            : MemRead :  D=0x0000000000000000 A=0x6f070
4224500: system.cpu: T0 : 0x19c12    : bgeu a5, a3, -116          : IntAlu : 
4225500: system.cpu: T0 : 0x19b9e    : beq s9, zero, 28           : IntAlu : 
4226000: system.cpu: T0 : 0x19bba    : c_ld s0, 104(s0)           : MemRead :  D=0x000000000006f218 A=0x6f0b8
4226500: system.cpu: T0 : 0x19bbc    : sd zero, -1456(gp)         : MemWrite :  D=0x0000000000000000 A=0x70ad0
4227000: system.cpu: T0 : 0x19bc0    : c_bnez s0, -134            : IntAlu : 
4228000: system.cpu: T0 : 0x19b3a    : sd s0, -1456(gp)           : MemWrite :  D=0x000000000006f218 A=0x70ad0
4229000: system.cpu: T0 : 0x19b3e    : beq s9, zero, 54           : IntAlu : 
4229500: system.cpu: T0 : 0x19b74    : lw a5, 192(s0)             : MemRead :  D=0x0000000000000000 A=0x6f2d8
4230000: system.cpu: T0 : 0x19b78    : bge zero, a5, 150          : IntAlu : 
4230500: system.cpu: T0 : 0x19c0e    : c_ld a3, 40(s0)            : MemRead :  D=0x0000000000000000 A=0x6f240
4231000: system.cpu: T0 : 0x19c10    : c_ld a5, 32(s0)            : MemRead :  D=0x0000000000000000 A=0x6f238
4232000: system.cpu: T0 : 0x19c12    : bgeu a5, a3, -116          : IntAlu : 
4233000: system.cpu: T0 : 0x19b9e    : beq s9, zero, 28           : IntAlu : 
4233500: system.cpu: T0 : 0x19bba    : c_ld s0, 104(s0)           : MemRead :  D=0x000000000006f3e0 A=0x6f280
4234000: system.cpu: T0 : 0x19bbc    : sd zero, -1456(gp)         : MemWrite :  D=0x0000000000000000 A=0x70ad0
4234500: system.cpu: T0 : 0x19bc0    : c_bnez s0, -134            : IntAlu : 
4235500: system.cpu: T0 : 0x19b3a    : sd s0, -1456(gp)           : MemWrite :  D=0x000000000006f3e0 A=0x70ad0
4236500: system.cpu: T0 : 0x19b3e    : beq s9, zero, 54           : IntAlu : 
4237000: system.cpu: T0 : 0x19b74    : lw a5, 192(s0)             : MemRead :  D=0x0000000000000000 A=0x6f4a0
4237500: system.cpu: T0 : 0x19b78    : bge zero, a5, 150          : IntAlu : 
4238000: system.cpu: T0 : 0x19c0e    : c_ld a3, 40(s0)            : MemRead :  D=0x0000000000000000 A=0x6f408
4238500: system.cpu: T0 : 0x19c10    : c_ld a5, 32(s0)            : MemRead :  D=0x0000000000000000 A=0x6f400
4239500: system.cpu: T0 : 0x19c12    : bgeu a5, a3, -116          : IntAlu : 
4240500: system.cpu: T0 : 0x19b9e    : beq s9, zero, 28           : IntAlu : 
4241000: system.cpu: T0 : 0x19bba    : c_ld s0, 104(s0)           : MemRead :  D=0x0000000000000000 A=0x6f448
4241500: system.cpu: T0 : 0x19bbc    : sd zero, -1456(gp)         : MemWrite :  D=0x0000000000000000 A=0x70ad0
4242000: system.cpu: T0 : 0x19bc0    : c_bnez s0, -134            : IntAlu : 
4243000: system.cpu: T0 : 0x19bc2    : lw a5, 4(s8)               : MemRead :  D=0x0000000000000001 A=0x715ac
4244000: system.cpu: T0 : 0x19bc6    : addiw a4, a5, -1           : IntAlu :  D=0x0000000000000000
4245000: system.cpu: T0 : 0x19bca    : sw a4, 4(s8)               : MemWrite :  D=0x0000000000000000 A=0x715ac
4245500: system.cpu: T0 : 0x19bce    : c_beqz a4, 128             : IntAlu : 
4246500: system.cpu: T0 : 0x19c4e    : sd zero, 8(s8)             : MemWrite :  D=0x0000000000000000 A=0x715b0
4247000: system.cpu: T0 : 0x19c52    : c_mv a5, a4                : IntAlu :  D=0x0000000000000000
4247500: system.cpu: T0 : 0x19c54    : fence iorw, ow             : No_OpClass : 
4248000: system.cpu: T0 : 0x19c58    : amoswap_w a5, a5, (s8)    
4248000: system.cpu: T0 : 0x19c58. 0 : amoswap_w[l] a5, a5, (s8)  : MemRead :  D=0x0000000000000001 A=0x715a8
4248500: system.cpu: T0 : 0x19c5c    : c_addiw a5, 0              : IntAlu :  D=0x0000000000000001
4249000: system.cpu: T0 : 0x19c5e    : c_li a4, 1                 : IntAlu :  D=0x0000000000000001
4249500: system.cpu: T0 : 0x19c60    : bge a4, a5, -144           : IntAlu : 
4250000: system.cpu: T0 : 0x19bd0    : beq s3, zero, 16           : IntAlu : 
4250500: system.cpu: T0 : 0x19be0    : c_ldsp a4, 56(sp)          : MemRead :  D=0x2e00000000000000 A=0x7ffffffffffffc38
4251500: system.cpu: T0 : 0x19be2    : ld a5, -1264(s5)           : MemRead :  D=0x2e00000000000000 A=0x6eb10
4252500: system.cpu: T0 : 0x19be6    : bne a4, a5, 184            : IntAlu : 
4253000: system.cpu: T0 : 0x19bea    : c_ldsp ra, 168(sp)         : MemRead :  D=0x0000000000019cd2 A=0x7ffffffffffffca8
4253500: system.cpu: T0 : 0x19bec    : c_ldsp s0, 160(sp)         : MemRead :  D=0x000000000006a618 A=0x7ffffffffffffca0
4254000: system.cpu: T0 : 0x19bee    : c_ldsp s1, 152(sp)         : MemRead :  D=0x000000000006a618 A=0x7ffffffffffffc98
4254500: system.cpu: T0 : 0x19bf0    : c_ldsp s2, 144(sp)         : MemRead :  D=0x0000000000000004 A=0x7ffffffffffffc90
4255000: system.cpu: T0 : 0x19bf2    : c_ldsp s3, 136(sp)         : MemRead :  D=0x0000000000000000 A=0x7ffffffffffffc88
4255500: system.cpu: T0 : 0x19bf4    : c_ldsp s5, 120(sp)         : MemRead :  D=0x0000000000000003 A=0x7ffffffffffffc78
4256000: system.cpu: T0 : 0x19bf6    : c_ldsp s6, 112(sp)         : MemRead :  D=0x000000000006f000 A=0x7ffffffffffffc70
4256500: system.cpu: T0 : 0x19bf8    : c_ldsp s7, 104(sp)         : MemRead :  D=0x00000000000708f0 A=0x7ffffffffffffc68
4257000: system.cpu: T0 : 0x19bfa    : c_ldsp s8, 96(sp)          : MemRead :  D=0x0000000000000001 A=0x7ffffffffffffc60
4257500: system.cpu: T0 : 0x19bfc    : c_ldsp s9, 88(sp)          : MemRead :  D=0x0000000000072000 A=0x7ffffffffffffc58
4258000: system.cpu: T0 : 0x19bfe    : c_ldsp s10, 80(sp)         : MemRead :  D=0x0000000000000000 A=0x7ffffffffffffc50
4258500: system.cpu: T0 : 0x19c00    : c_ldsp s11, 72(sp)         : MemRead :  D=0x0000000000072000 A=0x7ffffffffffffc48
4259000: system.cpu: T0 : 0x19c02    : c_mv a0, s4                : IntAlu :  D=0x0000000000000000
4259500: system.cpu: T0 : 0x19c04    : c_ldsp s4, 128(sp)         : MemRead :  D=0x0000000000000000 A=0x7ffffffffffffc80
4260000: system.cpu: T0 : 0x19c06    : c_addi16sp sp, 176         : IntAlu :  D=0x7ffffffffffffcb0
4260500: system.cpu: T0 : 0x19c08    : c_jr ra                    : IntAlu : 
4261000: system.cpu: T0 : 0x19cd2    : c_mv s5, a0                : IntAlu :  D=0x0000000000000000
4261500: system.cpu: T0 : 0x19cd4    : beq s3, zero, 482          : IntAlu : 
4262000: system.cpu: T0 : 0x19eb6    : c_lui a5, 25               : IntAlu :  D=0x0000000000019000
4262500: system.cpu: T0 : 0x19eb8    : addi a5, a5, -776          : IntAlu :  D=0x0000000000018cf8
4263000: system.cpu: T0 : 0x19ebc    : c_sdsp a5, 24(sp)          : MemWrite :  D=0x0000000000018cf8 A=0x7ffffffffffffcc8
4263500: system.cpu: T0 : 0x19ebe    : c_sdsp zero, 32(sp)        : MemWrite :  D=0x0000000000000000 A=0x7ffffffffffffcd0
4264000: system.cpu: T0 : 0x19ec0    : c_j -470                   : IntAlu : 
4265000: system.cpu: T0 : 0x19cea    : addi s1, gp, 1320          : IntAlu :  D=0x00000000000715a8
4265500: system.cpu: T0 : 0x19cee    : c_ld a5, 8(s1)             : MemRead :  D=0x0000000000000000 A=0x715b0
4266000: system.cpu: T0 : 0x19cf0    : addi s0, tp, -1808         : IntAlu :  D=0x0000000000073000
4266500: system.cpu: T0 : 0x19cf4    : beq s0, a5, 26             : IntAlu : 
4267000: system.cpu: T0 : 0x19cf8    : c_li a4, 1                 : IntAlu :  D=0x0000000000000001
4268000: system.cpu: T0 : 0x19cfa    : lr_w a5, (s1)             
4268000: system.cpu: T0 : 0x19cfa. 0 : lr_w a5, (s1)              : MemRead :  D=0x0000000000000000 A=0x715a8
4268500: system.cpu: T0 : 0x19cfe    : c_bnez a5, 8               : IntAlu : 
4269000: system.cpu: T0 : 0x19d00    : sc_w_aq a3, a4, (s1)      
4269000: system.cpu: T0 : 0x19d00. 0 : sc_w a3, a4, (s1)          : MemWrite :  D=0x0000000000000000 A=0x715a8
4269500: system.cpu: T0 : 0x19d00. 1 : 0x1ce4a6af fence           : No_OpClass : 
4270000: system.cpu: T0 : 0x19d04    : c_bnez a3, -10             : IntAlu : 
4270500: system.cpu: T0 : 0x19d06    : c_addiw a5, 0              : IntAlu :  D=0x0000000000000000
4271000: system.cpu: T0 : 0x19d08    : bne a5, zero, 442          : IntAlu : 
4271500: system.cpu: T0 : 0x19d0c    : c_sd s0, 8(s1)             : MemWrite :  D=0x0000000000073000 A=0x715b0
4272000: system.cpu: T0 : 0x19d0e    : c_lw a3, 4(s1)             : MemRead :  D=0x0000000000000000 A=0x715ac
4272500: system.cpu: T0 : 0x19d10    : ld s0, -1920(gp)           : MemRead :  D=0x000000000006f050 A=0x70900
4273000: system.cpu: T0 : 0x19d14    : addiw a4, a3, 1            : IntAlu :  D=0x0000000000000001
4273500: system.cpu: T0 : 0x19d18    : c_sw a4, 4(s1)             : MemWrite :  D=0x0000000000000001 A=0x715ac
4274000: system.cpu: T0 : 0x19d1a    : c_beqz s0, 202             : IntAlu : 
4274500: system.cpu: T0 : 0x19d1c    : lui s2, 106                : IntAlu :  D=0x000000000006a000
4275000: system.cpu: T0 : 0x19d20    : lui s4, 106                : IntAlu :  D=0x000000000006a000
4275500: system.cpu: T0 : 0x19d24    : addi s4, s4, 40            : IntAlu :  D=0x000000000006a028
4276000: system.cpu: T0 : 0x19d28    : addi s2, s2, 1552          : IntAlu :  D=0x000000000006a610
4276500: system.cpu: T0 : 0x19d2c    : sub s2, s2, s4             : IntAlu :  D=0x00000000000005e8
4277000: system.cpu: T0 : 0x19d30    : c_li s9, 2                 : IntAlu :  D=0x0000000000000002
4277500: system.cpu: T0 : 0x19d32    : c_j 12                     : IntAlu : 
4278000: system.cpu: T0 : 0x19d3e    : c_lw a5, 0(s0)             : MemRead :  D=0xfffffffffbad2086 A=0x6f050
4278500: system.cpu: T0 : 0x19d40    : c_andi a5, 2               : IntAlu :  D=0x0000000000000002
4279500: system.cpu: T0 : 0x19d42    : addiw s8, a5, 0            : IntAlu :  D=0x0000000000000002
4280000: system.cpu: T0 : 0x19d46    : c_bnez a5, -18             : IntAlu : 
4280500: system.cpu: T0 : 0x19d34    : c_li a5, -1                : IntAlu :  D=0xffffffffffffffff
4281500: system.cpu: T0 : 0x19d36    : sw a5, 192(s0)             : MemWrite :  D=0x00000000ffffffff A=0x6f110
4282000: system.cpu: T0 : 0x19d3a    : c_ld s0, 104(s0)           : MemRead :  D=0x000000000006f218 A=0x6f0b8
4282500: system.cpu: T0 : 0x19d3c    : c_beqz s0, 162             : IntAlu : 
4283000: system.cpu: T0 : 0x19d3e    : c_lw a5, 0(s0)             : MemRead :  D=0xfffffffffbad2084 A=0x6f218
4283500: system.cpu: T0 : 0x19d40    : c_andi a5, 2               : IntAlu :  D=0x0000000000000000
4284500: system.cpu: T0 : 0x19d42    : addiw s8, a5, 0            : IntAlu :  D=0x0000000000000000
4285000: system.cpu: T0 : 0x19d46    : c_bnez a5, -18             : IntAlu : 
4285500: system.cpu: T0 : 0x19d48    : lw a5, 192(s0)             : MemRead :  D=0x0000000000000000 A=0x6f2d8
4286000: system.cpu: T0 : 0x19d4c    : c_beqz a5, -24             : IntAlu : 
4286500: system.cpu: T0 : 0x19d34    : c_li a5, -1                : IntAlu :  D=0xffffffffffffffff
4287500: system.cpu: T0 : 0x19d36    : sw a5, 192(s0)             : MemWrite :  D=0x00000000ffffffff A=0x6f2d8
4288000: system.cpu: T0 : 0x19d3a    : c_ld s0, 104(s0)           : MemRead :  D=0x000000000006f3e0 A=0x6f280
4288500: system.cpu: T0 : 0x19d3c    : c_beqz s0, 162             : IntAlu : 
4289000: system.cpu: T0 : 0x19d3e    : c_lw a5, 0(s0)             : MemRead :  D=0xfffffffffbad2088 A=0x6f3e0
4289500: system.cpu: T0 : 0x19d40    : c_andi a5, 2               : IntAlu :  D=0x0000000000000000
4290500: system.cpu: T0 : 0x19d42    : addiw s8, a5, 0            : IntAlu :  D=0x0000000000000000
4291000: system.cpu: T0 : 0x19d46    : c_bnez a5, -18             : IntAlu : 
4291500: system.cpu: T0 : 0x19d48    : lw a5, 192(s0)             : MemRead :  D=0x0000000000000000 A=0x6f4a0
4292000: system.cpu: T0 : 0x19d4c    : c_beqz a5, -24             : IntAlu : 
4292500: system.cpu: T0 : 0x19d34    : c_li a5, -1                : IntAlu :  D=0xffffffffffffffff
4293500: system.cpu: T0 : 0x19d36    : sw a5, 192(s0)             : MemWrite :  D=0x00000000ffffffff A=0x6f4a0
4294000: system.cpu: T0 : 0x19d3a    : c_ld s0, 104(s0)           : MemRead :  D=0x0000000000000000 A=0x6f448
4294500: system.cpu: T0 : 0x19d3c    : c_beqz s0, 162             : IntAlu : 
4295000: system.cpu: T0 : 0x19dde    : c_lw a5, 4(s1)             : MemRead :  D=0x0000000000000001 A=0x715ac
4295500: system.cpu: T0 : 0x19de0    : addiw a3, a5, -1           : IntAlu :  D=0x0000000000000000
4296000: system.cpu: T0 : 0x19de4    : c_sw a3, 4(s1)             : MemWrite :  D=0x0000000000000000 A=0x715ac
4296500: system.cpu: T0 : 0x19de6    : c_beqz a3, 126             : IntAlu : 
4297000: system.cpu: T0 : 0x19e64    : sd zero, 8(s1)             : MemWrite :  D=0x0000000000000000 A=0x715b0
4297500: system.cpu: T0 : 0x19e68    : c_mv a5, a3                : IntAlu :  D=0x0000000000000000
4298500: system.cpu: T0 : 0x19e6a    : fence iorw, ow             : No_OpClass : 
4299500: system.cpu: T0 : 0x19e6e    : amoswap_w a5, a5, (s1)    
4299500: system.cpu: T0 : 0x19e6e. 0 : amoswap_w[l] a5, a5, (s1)  : MemRead :  D=0x0000000000000001 A=0x715a8
4300000: system.cpu: T0 : 0x19e72    : c_addiw a5, 0              : IntAlu :  D=0x0000000000000001
4300500: system.cpu: T0 : 0x19e74    : c_li a4, 1                 : IntAlu :  D=0x0000000000000001
4301500: system.cpu: T0 : 0x19e76    : bge a4, a5, -142           : IntAlu : 
4302000: system.cpu: T0 : 0x19de8    : beq s3, zero, 16           : IntAlu : 
4302500: system.cpu: T0 : 0x19df8    : c_ldsp a4, 56(sp)          : MemRead :  D=0x2e00000000000000 A=0x7ffffffffffffce8
4303500: system.cpu: T0 : 0x19dfa    : ld a5, -1264(s6)           : MemRead :  D=0x2e00000000000000 A=0x6eb10
4304500: system.cpu: T0 : 0x19dfe    : bne a4, a5, 216            : IntAlu : 
4305000: system.cpu: T0 : 0x19e02    : c_ldsp ra, 168(sp)         : MemRead :  D=0x0000000000014d7c A=0x7ffffffffffffd58
4305500: system.cpu: T0 : 0x19e04    : c_ldsp s0, 160(sp)         : MemRead :  D=0x000000000006a618 A=0x7ffffffffffffd50
4306000: system.cpu: T0 : 0x19e06    : c_ldsp s1, 152(sp)         : MemRead :  D=0x000000000006a618 A=0x7ffffffffffffd48
4306500: system.cpu: T0 : 0x19e08    : c_ldsp s2, 144(sp)         : MemRead :  D=0x0000000000000004 A=0x7ffffffffffffd40
4307000: system.cpu: T0 : 0x19e0a    : c_ldsp s3, 136(sp)         : MemRead :  D=0x0000000000000001 A=0x7ffffffffffffd38
4307500: system.cpu: T0 : 0x19e0c    : c_ldsp s4, 128(sp)         : MemRead :  D=0x0000000000000000 A=0x7ffffffffffffd30
4308000: system.cpu: T0 : 0x19e0e    : c_ldsp s6, 112(sp)         : MemRead :  D=0x0000000000000000 A=0x7ffffffffffffd20
4308500: system.cpu: T0 : 0x19e10    : c_ldsp s7, 104(sp)         : MemRead :  D=0x00000000000708f0 A=0x7ffffffffffffd18
4309000: system.cpu: T0 : 0x19e12    : c_ldsp s8, 96(sp)          : MemRead :  D=0x0000000000000001 A=0x7ffffffffffffd10
4309500: system.cpu: T0 : 0x19e14    : c_ldsp s9, 88(sp)          : MemRead :  D=0x0000000000072000 A=0x7ffffffffffffd08
4310000: system.cpu: T0 : 0x19e16    : c_ldsp s10, 80(sp)         : MemRead :  D=0x0000000000000000 A=0x7ffffffffffffd00
4310500: system.cpu: T0 : 0x19e18    : c_ldsp s11, 72(sp)         : MemRead :  D=0x0000000000072000 A=0x7ffffffffffffcf8
4311000: system.cpu: T0 : 0x19e1a    : c_mv a0, s5                : IntAlu :  D=0x0000000000000000
4311500: system.cpu: T0 : 0x19e1c    : c_ldsp s5, 120(sp)         : MemRead :  D=0x0000000000000003 A=0x7ffffffffffffd28
4312000: system.cpu: T0 : 0x19e1e    : c_addi16sp sp, 176         : IntAlu :  D=0x7ffffffffffffd60
4312500: system.cpu: T0 : 0x19e20    : c_jr ra                    : IntAlu : 
4313000: system.cpu: T0 : 0x14d7c    : bne s1, s0, -6             : IntAlu : 
4313500: system.cpu: T0 : 0x14d80    : c_mv a0, s6                : IntAlu :  D=0x0000000000000000
4314500: system.cpu: T0 : 0x14d82    : jal ra, 48000              : IntAlu :  D=0x0000000000014d86
4315000: system.cpu: T0 : 0x20902    : c_mv a4, a0                : IntAlu :  D=0x0000000000000000
4315500: system.cpu: T0 : 0x20904    : addi a7, zero, 94          : IntAlu :  D=0x000000000000005e
4316000: system.cpu: T0 : 0x20908    : ecall                      : No_OpClass : 
